<?xml version="1.0" encoding="UTF-8"?>
<testsuite xmlns:xsi="http://www.w3.org/2001/XMLSchema-instance" xsi:noNamespaceSchemaLocation="https://maven.apache.org/surefire/maven-surefire-plugin/xsd/surefire-test-report-3.0.xsd" version="3.0" name="org.apache.hadoop.ozone.container.TestECContainerRecovery" time="459.981" tests="1" errors="1" skipped="0" failures="0">
  <properties>
    <property name="awt.toolkit" value="sun.awt.X11.XToolkit"/>
    <property name="file.encoding.pkg" value="sun.io"/>
    <property name="java.specification.version" value="1.8"/>
    <property name="sun.cpu.isalist" value=""/>
    <property name="sun.jnu.encoding" value="UTF-8"/>
    <property name="java.class.path" value="/home/runner/work/ozone/ozone/hadoop-ozone/integration-test/target/test-classes:/home/runner/work/ozone/ozone/hadoop-ozone/integration-test/target/classes:/home/runner/.m2/repository/org/apache/ozone/ozone-common/1.3.0-SNAPSHOT/ozone-common-1.3.0-SNAPSHOT.jar:/home/runner/.m2/repository/io/grpc/grpc-netty/1.48.1/grpc-netty-1.48.1.jar:/home/runner/.m2/repository/io/grpc/grpc-core/1.48.1/grpc-core-1.48.1.jar:/home/runner/.m2/repository/com/google/android/annotations/4.1.1.4/annotations-4.1.1.4.jar:/home/runner/.m2/repository/org/codehaus/mojo/animal-sniffer-annotations/1.21/animal-sniffer-annotations-1.21.jar:/home/runner/.m2/repository/com/google/errorprone/error_prone_annotations/2.2.0/error_prone_annotations-2.2.0.jar:/home/runner/.m2/repository/io/perfmark/perfmark-api/0.25.0/perfmark-api-0.25.0.jar:/home/runner/.m2/repository/io/netty/netty-codec-http2/4.1.79.Final/netty-codec-http2-4.1.79.Final.jar:/home/runner/.m2/repository/io/netty/netty-common/4.1.79.Final/netty-common-4.1.79.Final.jar:/home/runner/.m2/repository/io/netty/netty-buffer/4.1.79.Final/netty-buffer-4.1.79.Final.jar:/home/runner/.m2/repository/io/netty/netty-codec-http/4.1.79.Final/netty-codec-http-4.1.79.Final.jar:/home/runner/.m2/repository/io/netty/netty-handler-proxy/4.1.79.Final/netty-handler-proxy-4.1.79.Final.jar:/home/runner/.m2/repository/io/netty/netty-codec-socks/4.1.79.Final/netty-codec-socks-4.1.79.Final.jar:/home/runner/.m2/repository/io/netty/netty-tcnative-boringssl-static/2.0.53.Final/netty-tcnative-boringssl-static-2.0.53.Final.jar:/home/runner/.m2/repository/io/netty/netty-tcnative-classes/2.0.53.Final/netty-tcnative-classes-2.0.53.Final.jar:/home/runner/.m2/repository/io/netty/netty-tcnative-boringssl-static/2.0.53.Final/netty-tcnative-boringssl-static-2.0.53.Final-linux-x86_64.jar:/home/runner/.m2/repository/io/netty/netty-tcnative-boringssl-static/2.0.53.Final/netty-tcnative-boringssl-static-2.0.53.Final-linux-aarch_64.jar:/home/runner/.m2/repository/io/netty/netty-tcnative-boringssl-static/2.0.53.Final/netty-tcnative-boringssl-static-2.0.53.Final-osx-x86_64.jar:/home/runner/.m2/repository/io/netty/netty-tcnative-boringssl-static/2.0.53.Final/netty-tcnative-boringssl-static-2.0.53.Final-osx-aarch_64.jar:/home/runner/.m2/repository/io/netty/netty-tcnative-boringssl-static/2.0.53.Final/netty-tcnative-boringssl-static-2.0.53.Final-windows-x86_64.jar:/home/runner/.m2/repository/org/apache/commons/commons-compress/1.21/commons-compress-1.21.jar:/home/runner/.m2/repository/org/apache/ozone/hdds-common/1.3.0-SNAPSHOT/hdds-common-1.3.0-SNAPSHOT.jar:/home/runner/.m2/repository/org/apache/ozone/hdds-client/1.3.0-SNAPSHOT/hdds-client-1.3.0-SNAPSHOT.jar:/home/runner/.m2/repository/org/apache/ozone/ozone-interface-client/1.3.0-SNAPSHOT/ozone-interface-client-1.3.0-SNAPSHOT.jar:/home/runner/.m2/repository/org/apache/ozone/hdds-test-utils/1.3.0-SNAPSHOT/hdds-test-utils-1.3.0-SNAPSHOT.jar:/home/runner/.m2/repository/com/google/guava/guava/31.1-jre/guava-31.1-jre.jar:/home/runner/.m2/repository/com/google/guava/failureaccess/1.0.1/failureaccess-1.0.1.jar:/home/runner/.m2/repository/com/google/guava/listenablefuture/9999.0-empty-to-avoid-conflict-with-guava/listenablefuture-9999.0-empty-to-avoid-conflict-with-guava.jar:/home/runner/.m2/repository/com/google/code/findbugs/jsr305/3.0.0/jsr305-3.0.0.jar:/home/runner/.m2/repository/org/checkerframework/checker-qual/3.12.0/checker-qual-3.12.0.jar:/home/runner/.m2/repository/com/google/j2objc/j2objc-annotations/1.3/j2objc-annotations-1.3.jar:/home/runner/.m2/repository/commons-io/commons-io/2.11.0/commons-io-2.11.0.jar:/home/runner/.m2/repository/commons-logging/commons-logging/1.2/commons-logging-1.2.jar:/home/runner/.m2/repository/ch/qos/reload4j/reload4j/1.2.22/reload4j-1.2.22.jar:/home/runner/.m2/repository/org/slf4j/slf4j-api/1.7.36/slf4j-api-1.7.36.jar:/home/runner/.m2/repository/org/apache/ozone/hdds-server-scm/1.3.0-SNAPSHOT/hdds-server-scm-1.3.0-SNAPSHOT.jar:/home/runner/.m2/repository/org/apache/ozone/hdds-container-service/1.3.0-SNAPSHOT/hdds-container-service-1.3.0-SNAPSHOT.jar:/home/runner/.m2/repository/org/apache/ozone/hdds-hadoop-dependency-server/1.3.0-SNAPSHOT/hdds-hadoop-dependency-server-1.3.0-SNAPSHOT.jar:/home/runner/.m2/repository/org/apache/hadoop/hadoop-hdfs/3.3.4/hadoop-hdfs-3.3.4.jar:/home/runner/.m2/repository/org/eclipse/jetty/jetty-util-ajax/9.4.43.v20210629/jetty-util-ajax-9.4.43.v20210629.jar:/home/runner/.m2/repository/commons-daemon/commons-daemon/1.0.13/commons-daemon-1.0.13.jar:/home/runner/.m2/repository/org/apache/ozone/hdds-server-framework/1.3.0-SNAPSHOT/hdds-server-framework-1.3.0-SNAPSHOT.jar:/home/runner/.m2/repository/org/apache/ozone/hdds-interface-server/1.3.0-SNAPSHOT/hdds-interface-server-1.3.0-SNAPSHOT.jar:/home/runner/.m2/repository/org/apache/logging/log4j/log4j-core/2.17.1/log4j-core-2.17.1.jar:/home/runner/.m2/repository/com/lmax/disruptor/3.4.2/disruptor-3.4.2.jar:/home/runner/.m2/repository/org/eclipse/jetty/jetty-servlet/9.4.43.v20210629/jetty-servlet-9.4.43.v20210629.jar:/home/runner/.m2/repository/org/eclipse/jetty/jetty-security/9.4.43.v20210629/jetty-security-9.4.43.v20210629.jar:/home/runner/.m2/repository/org/rocksdb/rocksdbjni/7.4.5/rocksdbjni-7.4.5.jar:/home/runner/.m2/repository/io/prometheus/simpleclient_dropwizard/0.7.0/simpleclient_dropwizard-0.7.0.jar:/home/runner/.m2/repository/io/prometheus/simpleclient/0.7.0/simpleclient-0.7.0.jar:/home/runner/.m2/repository/io/prometheus/simpleclient_common/0.7.0/simpleclient_common-0.7.0.jar:/home/runner/.m2/repository/io/dropwizard/metrics/metrics-core/3.2.4/metrics-core-3.2.4.jar:/home/runner/.m2/repository/org/apache/hadoop/hadoop-hdfs-client/3.3.4/hadoop-hdfs-client-3.3.4.jar:/home/runner/.m2/repository/com/squareup/okhttp3/okhttp/4.9.3/okhttp-4.9.3.jar:/home/runner/.m2/repository/com/squareup/okio/okio/2.8.0/okio-2.8.0.jar:/home/runner/.m2/repository/org/jetbrains/kotlin/kotlin-stdlib-common/1.4.10/kotlin-stdlib-common-1.4.10.jar:/home/runner/.m2/repository/org/bouncycastle/bcprov-jdk15on/1.67/bcprov-jdk15on-1.67.jar:/home/runner/.m2/repository/com/google/protobuf/protobuf-java/2.5.0/protobuf-java-2.5.0.jar:/home/runner/.m2/repository/org/apache/ozone/ozone-manager/1.3.0-SNAPSHOT/ozone-manager-1.3.0-SNAPSHOT.jar:/home/runner/.m2/repository/org/aspectj/aspectjrt/1.9.7/aspectjrt-1.9.7.jar:/home/runner/.m2/repository/org/aspectj/aspectjweaver/1.9.7/aspectjweaver-1.9.7.jar:/home/runner/.m2/repository/org/apache/ozone/hdds-interface-client/1.3.0-SNAPSHOT/hdds-interface-client-1.3.0-SNAPSHOT.jar:/home/runner/.m2/repository/org/apache/hadoop/thirdparty/hadoop-shaded-protobuf_3_7/1.1.1/hadoop-shaded-protobuf_3_7-1.1.1.jar:/home/runner/.m2/repository/org/apache/ozone/ozone-interface-storage/1.3.0-SNAPSHOT/ozone-interface-storage-1.3.0-SNAPSHOT.jar:/home/runner/.m2/repository/org/reflections/reflections/0.9.11/reflections-0.9.11.jar:/home/runner/.m2/repository/com/sun/jersey/jersey-client/1.19/jersey-client-1.19.jar:/home/runner/.m2/repository/org/apache/ranger/ranger-intg/2.3.0/ranger-intg-2.3.0.jar:/home/runner/.m2/repository/org/apache/ranger/ranger-plugins-common/2.3.0/ranger-plugins-common-2.3.0.jar:/home/runner/.m2/repository/commons-lang/commons-lang/2.6/commons-lang-2.6.jar:/home/runner/.m2/repository/org/codehaus/jackson/jackson-jaxrs/1.9.13/jackson-jaxrs-1.9.13.jar:/home/runner/.m2/repository/org/apache/ranger/ranger-plugins-cred/2.3.0/ranger-plugins-cred-2.3.0.jar:/home/runner/.m2/repository/org/apache/ranger/ranger-plugins-audit/2.3.0/ranger-plugins-audit-2.3.0.jar:/home/runner/.m2/repository/org/eclipse/jetty/jetty-client/9.4.31.v20200723/jetty-client-9.4.31.v20200723.jar:/home/runner/.m2/repository/org/apache/httpcomponents/httpmime/4.5.6/httpmime-4.5.6.jar:/home/runner/.m2/repository/org/apache/httpcomponents/httpcore-nio/4.4.6/httpcore-nio-4.4.6.jar:/home/runner/.m2/repository/org/apache/httpcomponents/httpasyncclient/4.1.3/httpasyncclient-4.1.3.jar:/home/runner/.m2/repository/com/carrotsearch/hppc/0.8.0/hppc-0.8.0.jar:/home/runner/.m2/repository/org/apache/orc/orc-core/1.5.8/orc-core-1.5.8.jar:/home/runner/.m2/repository/net/java/dev/jna/jna/5.2.0/jna-5.2.0.jar:/home/runner/.m2/repository/net/java/dev/jna/jna-platform/5.2.0/jna-platform-5.2.0.jar:/home/runner/.m2/repository/com/kstruct/gethostname4j/0.0.2/gethostname4j-0.0.2.jar:/home/runner/.m2/repository/org/apache/ranger/ranger-plugin-classloader/2.3.0/ranger-plugin-classloader-2.3.0.jar:/home/runner/.m2/repository/org/apache/hadoop/hadoop-minikdc/3.3.4/hadoop-minikdc-3.3.4.jar:/home/runner/.m2/repository/org/apache/kerby/kerb-simplekdc/1.0.1/kerb-simplekdc-1.0.1.jar:/home/runner/.m2/repository/org/apache/kerby/kerb-client/1.0.1/kerb-client-1.0.1.jar:/home/runner/.m2/repository/org/apache/kerby/kerby-config/1.0.1/kerby-config-1.0.1.jar:/home/runner/.m2/repository/org/apache/kerby/kerb-common/1.0.1/kerb-common-1.0.1.jar:/home/runner/.m2/repository/org/apache/kerby/kerb-crypto/1.0.1/kerb-crypto-1.0.1.jar:/home/runner/.m2/repository/org/apache/kerby/kerb-util/1.0.1/kerb-util-1.0.1.jar:/home/runner/.m2/repository/org/apache/kerby/token-provider/1.0.1/token-provider-1.0.1.jar:/home/runner/.m2/repository/org/apache/kerby/kerb-admin/1.0.1/kerb-admin-1.0.1.jar:/home/runner/.m2/repository/org/apache/kerby/kerb-server/1.0.1/kerb-server-1.0.1.jar:/home/runner/.m2/repository/org/apache/kerby/kerb-identity/1.0.1/kerb-identity-1.0.1.jar:/home/runner/.m2/repository/org/apache/kerby/kerby-xdr/1.0.1/kerby-xdr-1.0.1.jar:/home/runner/.m2/repository/org/apache/ozone/ozone-s3gateway/1.3.0-SNAPSHOT/ozone-s3gateway-1.3.0-SNAPSHOT.jar:/home/runner/.m2/repository/org/javassist/javassist/3.21.0-GA/javassist-3.21.0-GA.jar:/home/runner/.m2/repository/org/jboss/weld/servlet/weld-servlet/2.4.7.Final/weld-servlet-2.4.7.Final.jar:/home/runner/.m2/repository/org/glassfish/jersey/containers/jersey-container-servlet-core/2.34/jersey-container-servlet-core-2.34.jar:/home/runner/.m2/repository/org/glassfish/hk2/external/jakarta.inject/2.6.1/jakarta.inject-2.6.1.jar:/home/runner/.m2/repository/org/glassfish/jersey/core/jersey-common/2.34/jersey-common-2.34.jar:/home/runner/.m2/repository/jakarta/ws/rs/jakarta.ws.rs-api/2.1.6/jakarta.ws.rs-api-2.1.6.jar:/home/runner/.m2/repository/org/glassfish/jersey/ext/cdi/jersey-cdi1x/2.34/jersey-cdi1x-2.34.jar:/home/runner/.m2/repository/org/glassfish/jersey/inject/jersey-hk2/2.34/jersey-hk2-2.34.jar:/home/runner/.m2/repository/org/glassfish/hk2/hk2-locator/2.6.1/hk2-locator-2.6.1.jar:/home/runner/.m2/repository/org/glassfish/jersey/media/jersey-media-jaxb/2.34/jersey-media-jaxb-2.34.jar:/home/runner/.m2/repository/org/glassfish/hk2/osgi-resource-locator/1.0.3/osgi-resource-locator-1.0.3.jar:/home/runner/.m2/repository/org/glassfish/hk2/hk2-api/2.5.0/hk2-api-2.5.0.jar:/home/runner/.m2/repository/org/glassfish/hk2/hk2-utils/2.5.0/hk2-utils-2.5.0.jar:/home/runner/.m2/repository/org/glassfish/hk2/external/aopalliance-repackaged/2.5.0/aopalliance-repackaged-2.5.0.jar:/home/runner/.m2/repository/com/fasterxml/jackson/dataformat/jackson-dataformat-xml/2.13.4/jackson-dataformat-xml-2.13.4.jar:/home/runner/.m2/repository/com/fasterxml/jackson/core/jackson-core/2.13.4/jackson-core-2.13.4.jar:/home/runner/.m2/repository/org/codehaus/woodstox/stax2-api/3.1.4/stax2-api-3.1.4.jar:/home/runner/.m2/repository/com/fasterxml/woodstox/woodstox-core/5.0.3/woodstox-core-5.0.3.jar:/home/runner/.m2/repository/com/fasterxml/jackson/module/jackson-module-jaxb-annotations/2.13.4/jackson-module-jaxb-annotations-2.13.4.jar:/home/runner/.m2/repository/jakarta/xml/bind/jakarta.xml.bind-api/2.3.3/jakarta.xml.bind-api-2.3.3.jar:/home/runner/.m2/repository/jakarta/activation/jakarta.activation-api/1.2.1/jakarta.activation-api-1.2.1.jar:/home/runner/.m2/repository/javax/enterprise/cdi-api/1.2/cdi-api-1.2.jar:/home/runner/.m2/repository/javax/el/javax.el-api/3.0.0/javax.el-api-3.0.0.jar:/home/runner/.m2/repository/javax/interceptor/javax.interceptor-api/1.2/javax.interceptor-api-1.2.jar:/home/runner/.m2/repository/javax/inject/javax.inject/1/javax.inject-1.jar:/home/runner/.m2/repository/javax/xml/bind/jaxb-api/2.3.0/jaxb-api-2.3.0.jar:/home/runner/.m2/repository/org/glassfish/jaxb/jaxb-runtime/2.3.0.1/jaxb-runtime-2.3.0.1.jar:/home/runner/.m2/repository/org/glassfish/jaxb/jaxb-core/2.3.0.1/jaxb-core-2.3.0.1.jar:/home/runner/.m2/repository/org/glassfish/jaxb/txw2/2.3.0.1/txw2-2.3.0.1.jar:/home/runner/.m2/repository/com/sun/istack/istack-commons-runtime/3.0.5/istack-commons-runtime-3.0.5.jar:/home/runner/.m2/repository/org/jvnet/staxex/stax-ex/1.7.8/stax-ex-1.7.8.jar:/home/runner/.m2/repository/com/sun/xml/fastinfoset/FastInfoset/1.2.13/FastInfoset-1.2.13.jar:/home/runner/.m2/repository/javax/activation/activation/1.1.1/activation-1.1.1.jar:/home/runner/.m2/repository/io/grpc/grpc-protobuf/1.48.1/grpc-protobuf-1.48.1.jar:/home/runner/.m2/repository/io/grpc/grpc-api/1.48.1/grpc-api-1.48.1.jar:/home/runner/.m2/repository/io/grpc/grpc-context/1.48.1/grpc-context-1.48.1.jar:/home/runner/.m2/repository/com/google/api/grpc/proto-google-common-protos/2.9.0/proto-google-common-protos-2.9.0.jar:/home/runner/.m2/repository/io/grpc/grpc-protobuf-lite/1.48.1/grpc-protobuf-lite-1.48.1.jar:/home/runner/.m2/repository/io/grpc/grpc-stub/1.48.1/grpc-stub-1.48.1.jar:/home/runner/.m2/repository/io/netty/netty-transport/4.1.79.Final/netty-transport-4.1.79.Final.jar:/home/runner/.m2/repository/io/netty/netty-resolver/4.1.79.Final/netty-resolver-4.1.79.Final.jar:/home/runner/.m2/repository/org/apache/ozone/ozone-csi/1.3.0-SNAPSHOT/ozone-csi-1.3.0-SNAPSHOT.jar:/home/runner/.m2/repository/com/google/protobuf/protobuf-java-util/3.19.2/protobuf-java-util-3.19.2.jar:/home/runner/.m2/repository/com/google/code/gson/gson/2.9.0/gson-2.9.0.jar:/home/runner/.m2/repository/org/apache/ozone/hdds-config/1.3.0-SNAPSHOT/hdds-config-1.3.0-SNAPSHOT.jar:/home/runner/.m2/repository/io/netty/netty-transport-native-epoll/4.1.79.Final/netty-transport-native-epoll-4.1.79.Final-linux-x86_64.jar:/home/runner/.m2/repository/io/netty/netty-transport-classes-epoll/4.1.79.Final/netty-transport-classes-epoll-4.1.79.Final.jar:/home/runner/.m2/repository/io/netty/netty-transport-native-unix-common/4.1.79.Final/netty-transport-native-unix-common-4.1.79.Final.jar:/home/runner/.m2/repository/org/slf4j/slf4j-reload4j/1.7.36/slf4j-reload4j-1.7.36.jar:/home/runner/.m2/repository/org/apache/ozone/ozone-recon/1.3.0-SNAPSHOT/ozone-recon-1.3.0-SNAPSHOT.jar:/home/runner/.m2/repository/org/apache/ozone/ozone-reconcodegen/1.3.0-SNAPSHOT/ozone-reconcodegen-1.3.0-SNAPSHOT.jar:/home/runner/.m2/repository/com/google/inject/extensions/guice-multibindings/4.0/guice-multibindings-4.0.jar:/home/runner/.m2/repository/com/google/inject/guice/4.0/guice-4.0.jar:/home/runner/.m2/repository/aopalliance/aopalliance/1.0/aopalliance-1.0.jar:/home/runner/.m2/repository/com/google/inject/extensions/guice-assistedinject/4.0/guice-assistedinject-4.0.jar:/home/runner/.m2/repository/com/google/inject/extensions/guice-servlet/4.0/guice-servlet-4.0.jar:/home/runner/.m2/repository/org/glassfish/jersey/containers/jersey-container-servlet/2.34/jersey-container-servlet-2.34.jar:/home/runner/.m2/repository/org/glassfish/hk2/guice-bridge/2.5.0/guice-bridge-2.5.0.jar:/home/runner/.m2/repository/org/glassfish/jersey/core/jersey-server/2.34/jersey-server-2.34.jar:/home/runner/.m2/repository/org/glassfish/jersey/core/jersey-client/2.34/jersey-client-2.34.jar:/home/runner/.m2/repository/jakarta/annotation/jakarta.annotation-api/1.3.5/jakarta.annotation-api-1.3.5.jar:/home/runner/.m2/repository/jakarta/validation/jakarta.validation-api/2.0.2/jakarta.validation-api-2.0.2.jar:/home/runner/.m2/repository/org/glassfish/jersey/media/jersey-media-json-jackson/2.34/jersey-media-json-jackson-2.34.jar:/home/runner/.m2/repository/org/glassfish/jersey/ext/jersey-entity-filtering/2.34/jersey-entity-filtering-2.34.jar:/home/runner/.m2/repository/org/jooq/jooq/3.11.10/jooq-3.11.10.jar:/home/runner/.m2/repository/org/jooq/jooq-meta/3.11.10/jooq-meta-3.11.10.jar:/home/runner/.m2/repository/org/jooq/jooq-codegen/3.11.10/jooq-codegen-3.11.10.jar:/home/runner/.m2/repository/com/jolbox/bonecp/0.8.0.RELEASE/bonecp-0.8.0.RELEASE.jar:/home/runner/.m2/repository/org/apache/derby/derby/10.14.2.0/derby-10.14.2.0.jar:/home/runner/.m2/repository/org/xerial/sqlite-jdbc/3.25.2/sqlite-jdbc-3.25.2.jar:/home/runner/.m2/repository/org/springframework/spring-jdbc/5.2.20.RELEASE/spring-jdbc-5.2.20.RELEASE.jar:/home/runner/.m2/repository/org/springframework/spring-beans/5.2.20.RELEASE/spring-beans-5.2.20.RELEASE.jar:/home/runner/.m2/repository/org/springframework/spring-core/5.2.20.RELEASE/spring-core-5.2.20.RELEASE.jar:/home/runner/.m2/repository/org/springframework/spring-jcl/5.2.20.RELEASE/spring-jcl-5.2.20.RELEASE.jar:/home/runner/.m2/repository/org/springframework/spring-tx/5.2.20.RELEASE/spring-tx-5.2.20.RELEASE.jar:/home/runner/.m2/repository/org/apache/ozone/ozone-client/1.3.0-SNAPSHOT/ozone-client-1.3.0-SNAPSHOT.jar:/home/runner/.m2/repository/org/apache/ozone/hdds-erasurecode/1.3.0-SNAPSHOT/hdds-erasurecode-1.3.0-SNAPSHOT.jar:/home/runner/.m2/repository/com/github/spotbugs/spotbugs-annotations/3.1.12/spotbugs-annotations-3.1.12.jar:/home/runner/.m2/repository/org/apache/ozone/ozone-filesystem/1.3.0-SNAPSHOT/ozone-filesystem-1.3.0-SNAPSHOT.jar:/home/runner/.m2/repository/org/apache/ozone/ozone-filesystem-common/1.3.0-SNAPSHOT/ozone-filesystem-common-1.3.0-SNAPSHOT.jar:/home/runner/.m2/repository/org/apache/ozone/ozone-tools/1.3.0-SNAPSHOT/ozone-tools-1.3.0-SNAPSHOT.jar:/home/runner/.m2/repository/org/apache/ratis/ratis-tools/2.3.0/ratis-tools-2.3.0.jar:/home/runner/.m2/repository/com/amazonaws/aws-java-sdk-core/1.12.261/aws-java-sdk-core-1.12.261.jar:/home/runner/.m2/repository/org/apache/httpcomponents/httpclient/4.5.13/httpclient-4.5.13.jar:/home/runner/.m2/repository/org/apache/httpcomponents/httpcore/4.4.13/httpcore-4.4.13.jar:/home/runner/.m2/repository/software/amazon/ion/ion-java/1.0.2/ion-java-1.0.2.jar:/home/runner/.m2/repository/com/fasterxml/jackson/dataformat/jackson-dataformat-cbor/2.13.4/jackson-dataformat-cbor-2.13.4.jar:/home/runner/.m2/repository/joda-time/joda-time/2.8.1/joda-time-2.8.1.jar:/home/runner/.m2/repository/com/amazonaws/aws-java-sdk-s3/1.12.261/aws-java-sdk-s3-1.12.261.jar:/home/runner/.m2/repository/com/amazonaws/aws-java-sdk-kms/1.12.261/aws-java-sdk-kms-1.12.261.jar:/home/runner/.m2/repository/com/amazonaws/jmespath-java/1.12.261/jmespath-java-1.12.261.jar:/home/runner/.m2/repository/org/kohsuke/metainf-services/metainf-services/1.8/metainf-services-1.8.jar:/home/runner/.m2/repository/org/apache/ozone/hdds-tools/1.3.0-SNAPSHOT/hdds-tools-1.3.0-SNAPSHOT.jar:/home/runner/.m2/repository/commons-cli/commons-cli/1.2/commons-cli-1.2.jar:/home/runner/.m2/repository/org/apache/commons/commons-lang3/3.7/commons-lang3-3.7.jar:/home/runner/.m2/repository/org/apache/ozone/ozone-manager/1.3.0-SNAPSHOT/ozone-manager-1.3.0-SNAPSHOT-tests.jar:/home/runner/.m2/repository/org/apache/ozone/hdds-common/1.3.0-SNAPSHOT/hdds-common-1.3.0-SNAPSHOT-tests.jar:/home/runner/.m2/repository/org/apache/ozone/hdds-hadoop-dependency-client/1.3.0-SNAPSHOT/hdds-hadoop-dependency-client-1.3.0-SNAPSHOT.jar:/home/runner/.m2/repository/info/picocli/picocli/4.6.1/picocli-4.6.1.jar:/home/runner/.m2/repository/com/fasterxml/jackson/core/jackson-annotations/2.13.4/jackson-annotations-2.13.4.jar:/home/runner/.m2/repository/com/fasterxml/jackson/datatype/jackson-datatype-jsr310/2.13.4/jackson-datatype-jsr310-2.13.4.jar:/home/runner/.m2/repository/org/apache/ozone/hdds-annotation-processing/1.3.0-SNAPSHOT/hdds-annotation-processing-1.3.0-SNAPSHOT.jar:/home/runner/.m2/repository/javax/annotation/javax.annotation-api/1.2/javax.annotation-api-1.2.jar:/home/runner/.m2/repository/org/apache/ratis/ratis-server/2.3.0/ratis-server-2.3.0.jar:/home/runner/.m2/repository/org/apache/ratis/ratis-client/2.3.0/ratis-client-2.3.0.jar:/home/runner/.m2/repository/org/apache/ratis/ratis-server-api/2.3.0/ratis-server-api-2.3.0.jar:/home/runner/.m2/repository/org/apache/ratis/ratis-metrics/2.3.0/ratis-metrics-2.3.0.jar:/home/runner/.m2/repository/org/apache/ratis/ratis-netty/2.3.0/ratis-netty-2.3.0.jar:/home/runner/.m2/repository/org/apache/ratis/ratis-grpc/2.3.0/ratis-grpc-2.3.0.jar:/home/runner/.m2/repository/org/apache/logging/log4j/log4j-api/2.17.1/log4j-api-2.17.1.jar:/home/runner/.m2/repository/org/apache/commons/commons-pool2/2.6.0/commons-pool2-2.6.0.jar:/home/runner/.m2/repository/org/bouncycastle/bcpkix-jdk15on/1.67/bcpkix-jdk15on-1.67.jar:/home/runner/.m2/repository/commons-validator/commons-validator/1.6/commons-validator-1.6.jar:/home/runner/.m2/repository/commons-beanutils/commons-beanutils/1.9.4/commons-beanutils-1.9.4.jar:/home/runner/.m2/repository/commons-digester/commons-digester/1.8.1/commons-digester-1.8.1.jar:/home/runner/.m2/repository/commons-collections/commons-collections/3.2.2/commons-collections-3.2.2.jar:/home/runner/.m2/repository/io/jaegertracing/jaeger-client/1.6.0/jaeger-client-1.6.0.jar:/home/runner/.m2/repository/io/jaegertracing/jaeger-thrift/1.6.0/jaeger-thrift-1.6.0.jar:/home/runner/.m2/repository/org/apache/thrift/libthrift/0.14.1/libthrift-0.14.1.jar:/home/runner/.m2/repository/io/jaegertracing/jaeger-core/1.6.0/jaeger-core-1.6.0.jar:/home/runner/.m2/repository/io/jaegertracing/jaeger-tracerresolver/1.6.0/jaeger-tracerresolver-1.6.0.jar:/home/runner/.m2/repository/io/opentracing/contrib/opentracing-tracerresolver/0.1.8/opentracing-tracerresolver-0.1.8.jar:/home/runner/.m2/repository/org/jetbrains/kotlin/kotlin-stdlib/1.6.21/kotlin-stdlib-1.6.21.jar:/home/runner/.m2/repository/org/jetbrains/annotations/13.0/annotations-13.0.jar:/home/runner/.m2/repository/io/opentracing/opentracing-util/0.33.0/opentracing-util-0.33.0.jar:/home/runner/.m2/repository/io/opentracing/opentracing-api/0.33.0/opentracing-api-0.33.0.jar:/home/runner/.m2/repository/io/opentracing/opentracing-noop/0.33.0/opentracing-noop-0.33.0.jar:/home/runner/.m2/repository/org/yaml/snakeyaml/1.32/snakeyaml-1.32.jar:/home/runner/.m2/repository/org/apache/ozone/hdds-interface-admin/1.3.0-SNAPSHOT/hdds-interface-admin-1.3.0-SNAPSHOT.jar:/home/runner/.m2/repository/junit/junit/4.13.1/junit-4.13.1.jar:/home/runner/.m2/repository/org/hamcrest/hamcrest-core/1.3/hamcrest-core-1.3.jar:/home/runner/.m2/repository/org/junit/jupiter/junit-jupiter-api/5.8.2/junit-jupiter-api-5.8.2.jar:/home/runner/.m2/repository/org/opentest4j/opentest4j/1.2.0/opentest4j-1.2.0.jar:/home/runner/.m2/repository/org/junit/platform/junit-platform-commons/1.8.2/junit-platform-commons-1.8.2.jar:/home/runner/.m2/repository/org/apiguardian/apiguardian-api/1.1.2/apiguardian-api-1.1.2.jar:/home/runner/.m2/repository/org/junit/jupiter/junit-jupiter-params/5.8.2/junit-jupiter-params-5.8.2.jar:/home/runner/.m2/repository/org/junit/jupiter/junit-jupiter-migrationsupport/5.8.2/junit-jupiter-migrationsupport-5.8.2.jar:/home/runner/.m2/repository/org/junit/jupiter/junit-jupiter-engine/5.8.2/junit-jupiter-engine-5.8.2.jar:/home/runner/.m2/repository/org/junit/platform/junit-platform-engine/1.8.2/junit-platform-engine-1.8.2.jar:/home/runner/.m2/repository/org/junit/vintage/junit-vintage-engine/5.8.2/junit-vintage-engine-5.8.2.jar:/home/runner/.m2/repository/org/junit/platform/junit-platform-launcher/1.8.2/junit-platform-launcher-1.8.2.jar:/home/runner/.m2/repository/org/mockito/mockito-core/2.28.2/mockito-core-2.28.2.jar:/home/runner/.m2/repository/net/bytebuddy/byte-buddy/1.9.10/byte-buddy-1.9.10.jar:/home/runner/.m2/repository/net/bytebuddy/byte-buddy-agent/1.9.10/byte-buddy-agent-1.9.10.jar:/home/runner/.m2/repository/org/objenesis/objenesis/1.0/objenesis-1.0.jar:/home/runner/.m2/repository/org/apache/hadoop/hadoop-kms/3.3.4/hadoop-kms-3.3.4.jar:/home/runner/.m2/repository/org/apache/hadoop/hadoop-auth/3.3.4/hadoop-auth-3.3.4.jar:/home/runner/.m2/repository/com/nimbusds/nimbus-jose-jwt/7.9/nimbus-jose-jwt-7.9.jar:/home/runner/.m2/repository/com/github/stephenc/jcip/jcip-annotations/1.0-1/jcip-annotations-1.0-1.jar:/home/runner/.m2/repository/net/minidev/json-smart/2.4.7/json-smart-2.4.7.jar:/home/runner/.m2/repository/net/minidev/accessors-smart/2.4.7/accessors-smart-2.4.7.jar:/home/runner/.m2/repository/org/ow2/asm/asm/5.0.4/asm-5.0.4.jar:/home/runner/.m2/repository/org/apache/zookeeper/zookeeper/3.5.6/zookeeper-3.5.6.jar:/home/runner/.m2/repository/org/apache/zookeeper/zookeeper-jute/3.5.6/zookeeper-jute-3.5.6.jar:/home/runner/.m2/repository/org/apache/yetus/audience-annotations/0.5.0/audience-annotations-0.5.0.jar:/home/runner/.m2/repository/org/apache/curator/curator-framework/4.2.0/curator-framework-4.2.0.jar:/home/runner/.m2/repository/org/apache/hadoop/thirdparty/hadoop-shaded-guava/1.1.1/hadoop-shaded-guava-1.1.1.jar:/home/runner/.m2/repository/com/sun/jersey/jersey-core/1.19/jersey-core-1.19.jar:/home/runner/.m2/repository/javax/ws/rs/jsr311-api/1.1.1/jsr311-api-1.1.1.jar:/home/runner/.m2/repository/com/sun/jersey/jersey-server/1.19/jersey-server-1.19.jar:/home/runner/.m2/repository/javax/servlet/javax.servlet-api/3.1.0/javax.servlet-api-3.1.0.jar:/home/runner/.m2/repository/org/eclipse/jetty/jetty-server/9.4.43.v20210629/jetty-server-9.4.43.v20210629.jar:/home/runner/.m2/repository/org/eclipse/jetty/jetty-http/9.4.43.v20210629/jetty-http-9.4.43.v20210629.jar:/home/runner/.m2/repository/org/eclipse/jetty/jetty-io/9.4.43.v20210629/jetty-io-9.4.43.v20210629.jar:/home/runner/.m2/repository/org/eclipse/jetty/jetty-webapp/9.4.43.v20210629/jetty-webapp-9.4.43.v20210629.jar:/home/runner/.m2/repository/org/eclipse/jetty/jetty-xml/9.4.43.v20210629/jetty-xml-9.4.43.v20210629.jar:/home/runner/.m2/repository/org/apache/hadoop/hadoop-common/3.3.4/hadoop-common-3.3.4.jar:/home/runner/.m2/repository/org/apache/commons/commons-math3/3.1.1/commons-math3-3.1.1.jar:/home/runner/.m2/repository/commons-net/commons-net/3.6/commons-net-3.6.jar:/home/runner/.m2/repository/com/sun/jersey/jersey-servlet/1.19/jersey-servlet-1.19.jar:/home/runner/.m2/repository/com/sun/jersey/jersey-json/1.19/jersey-json-1.19.jar:/home/runner/.m2/repository/org/codehaus/jettison/jettison/1.1/jettison-1.1.jar:/home/runner/.m2/repository/com/sun/xml/bind/jaxb-impl/2.2.3-1/jaxb-impl-2.2.3-1.jar:/home/runner/.m2/repository/org/codehaus/jackson/jackson-xc/1.9.2/jackson-xc-1.9.2.jar:/home/runner/.m2/repository/org/apache/commons/commons-configuration2/2.1.1/commons-configuration2-2.1.1.jar:/home/runner/.m2/repository/org/apache/commons/commons-text/1.4/commons-text-1.4.jar:/home/runner/.m2/repository/com/google/re2j/re2j/1.1/re2j-1.1.jar:/home/runner/.m2/repository/com/jcraft/jsch/0.1.54/jsch-0.1.54.jar:/home/runner/.m2/repository/org/apache/curator/curator-client/4.2.0/curator-client-4.2.0.jar:/home/runner/.m2/repository/org/apache/curator/curator-recipes/4.2.0/curator-recipes-4.2.0.jar:/home/runner/.m2/repository/org/apache/kerby/kerb-core/1.0.1/kerb-core-1.0.1.jar:/home/runner/.m2/repository/org/apache/kerby/kerby-pkix/1.0.1/kerby-pkix-1.0.1.jar:/home/runner/.m2/repository/org/apache/kerby/kerby-asn1/1.0.1/kerby-asn1-1.0.1.jar:/home/runner/.m2/repository/org/apache/kerby/kerby-util/1.0.1/kerby-util-1.0.1.jar:/home/runner/.m2/repository/dnsjava/dnsjava/2.1.7/dnsjava-2.1.7.jar:/home/runner/.m2/repository/org/xerial/snappy/snappy-java/1.1.8.2/snappy-java-1.1.8.2.jar:/home/runner/.m2/repository/org/eclipse/jetty/jetty-util/9.4.43.v20210629/jetty-util-9.4.43.v20210629.jar:/home/runner/.m2/repository/com/fasterxml/jackson/core/jackson-databind/2.13.4/jackson-databind-2.13.4.jar:/home/runner/.m2/repository/org/apache/hadoop/hadoop-kms/3.3.4/hadoop-kms-3.3.4-tests.jar:/home/runner/.m2/repository/org/apache/ozone/hdds-server-scm/1.3.0-SNAPSHOT/hdds-server-scm-1.3.0-SNAPSHOT-tests.jar:/home/runner/.m2/repository/org/apache/ozone/hdds-container-service/1.3.0-SNAPSHOT/hdds-container-service-1.3.0-SNAPSHOT-tests.jar:/home/runner/.m2/repository/commons-codec/commons-codec/1.11/commons-codec-1.11.jar:/home/runner/.m2/repository/io/netty/netty-codec/4.1.79.Final/netty-codec-4.1.79.Final.jar:/home/runner/.m2/repository/io/netty/netty-handler/4.1.79.Final/netty-handler-4.1.79.Final.jar:/home/runner/.m2/repository/org/apache/ozone/hdds-hadoop-dependency-test/1.3.0-SNAPSHOT/hdds-hadoop-dependency-test-1.3.0-SNAPSHOT.jar:/home/runner/.m2/repository/org/apache/hadoop/hadoop-common/3.3.4/hadoop-common-3.3.4-tests.jar:/home/runner/.m2/repository/org/apache/hadoop/hadoop-hdfs/3.3.4/hadoop-hdfs-3.3.4-tests.jar:/home/runner/.m2/repository/org/assertj/assertj-core/3.12.2/assertj-core-3.12.2.jar:/home/runner/.m2/repository/org/apache/hadoop/hadoop-distcp/3.3.4/hadoop-distcp-3.3.4.jar:/home/runner/.m2/repository/org/apache/hadoop/hadoop-mapreduce-client-jobclient/3.3.4/hadoop-mapreduce-client-jobclient-3.3.4.jar:/home/runner/.m2/repository/org/apache/hadoop/hadoop-mapreduce-client-common/3.3.4/hadoop-mapreduce-client-common-3.3.4.jar:/home/runner/.m2/repository/org/apache/hadoop/hadoop-yarn-common/3.3.4/hadoop-yarn-common-3.3.4.jar:/home/runner/.m2/repository/org/apache/hadoop/hadoop-yarn-api/3.3.4/hadoop-yarn-api-3.3.4.jar:/home/runner/.m2/repository/com/sun/jersey/contribs/jersey-guice/1.19/jersey-guice-1.19.jar:/home/runner/.m2/repository/com/fasterxml/jackson/jaxrs/jackson-jaxrs-json-provider/2.13.4/jackson-jaxrs-json-provider-2.13.4.jar:/home/runner/.m2/repository/com/fasterxml/jackson/jaxrs/jackson-jaxrs-base/2.13.4/jackson-jaxrs-base-2.13.4.jar:/home/runner/.m2/repository/org/apache/hadoop/hadoop-yarn-client/3.3.4/hadoop-yarn-client-3.3.4.jar:/home/runner/.m2/repository/org/eclipse/jetty/websocket/websocket-client/9.4.43.v20210629/websocket-client-9.4.43.v20210629.jar:/home/runner/.m2/repository/org/eclipse/jetty/websocket/websocket-common/9.4.43.v20210629/websocket-common-9.4.43.v20210629.jar:/home/runner/.m2/repository/org/eclipse/jetty/websocket/websocket-api/9.4.43.v20210629/websocket-api-9.4.43.v20210629.jar:/home/runner/.m2/repository/org/jline/jline/3.9.0/jline-3.9.0.jar:/home/runner/.m2/repository/org/apache/hadoop/hadoop-mapreduce-client-core/3.3.4/hadoop-mapreduce-client-core-3.3.4.jar:/home/runner/.m2/repository/org/apache/avro/avro/1.7.7/avro-1.7.7.jar:/home/runner/.m2/repository/org/codehaus/jackson/jackson-core-asl/1.9.13/jackson-core-asl-1.9.13.jar:/home/runner/.m2/repository/org/codehaus/jackson/jackson-mapper-asl/1.9.13/jackson-mapper-asl-1.9.13.jar:/home/runner/.m2/repository/com/thoughtworks/paranamer/paranamer/2.3/paranamer-2.3.jar:/home/runner/.m2/repository/org/apache/hadoop/hadoop-annotations/3.3.4/hadoop-annotations-3.3.4.jar:/usr/lib/jvm/temurin-8-jdk-amd64/jre/../lib/tools.jar:/home/runner/.m2/repository/io/netty/netty/3.10.6.Final/netty-3.10.6.Final.jar:/home/runner/.m2/repository/org/apache/hadoop/hadoop-distcp/3.3.4/hadoop-distcp-3.3.4-tests.jar:/home/runner/.m2/repository/org/slf4j/jul-to-slf4j/1.7.36/jul-to-slf4j-1.7.36.jar:/home/runner/.m2/repository/org/apache/ratis/ratis-common/2.3.0/ratis-common-2.3.0.jar:/home/runner/.m2/repository/org/apache/ratis/ratis-thirdparty-misc/1.0.0/ratis-thirdparty-misc-1.0.0.jar:/home/runner/.m2/repository/org/apache/ratis/ratis-proto/2.3.0/ratis-proto-2.3.0.jar:"/>
    <property name="java.vm.vendor" value="Temurin"/>
    <property name="sun.arch.data.model" value="64"/>
    <property name="test.build.dir" value="/home/runner/work/ozone/ozone/hadoop-ozone/integration-test/target/test-dir"/>
    <property name="test.cache.data" value=""/>
    <property name="java.vendor.url" value="https://adoptium.net/"/>
    <property name="user.timezone" value="Etc/UTC"/>
    <property name="java.vm.specification.version" value="1.8"/>
    <property name="os.name" value="Linux"/>
    <property name="test.build.data" value="/home/runner/work/ozone/ozone/hadoop-ozone/integration-test/target/test-dir"/>
    <property name="sun.java.launcher" value="SUN_STANDARD"/>
    <property name="sun.boot.library.path" value="/usr/lib/jvm/temurin-8-jdk-amd64/jre/lib/amd64"/>
    <property name="sun.java.command" value="/home/runner/work/ozone/ozone/hadoop-ozone/integration-test/target/surefire/surefirebooter4702187790086754368.jar /home/runner/work/ozone/ozone/hadoop-ozone/integration-test/target/surefire 2022-10-14T20-12-02_901-jvmRun1 surefire1824826009203814348tmp surefire_441741989259932643878tmp"/>
    <property name="surefire.test.class.path" value="/home/runner/work/ozone/ozone/hadoop-ozone/integration-test/target/test-classes:/home/runner/work/ozone/ozone/hadoop-ozone/integration-test/target/classes:/home/runner/.m2/repository/org/apache/ozone/ozone-common/1.3.0-SNAPSHOT/ozone-common-1.3.0-SNAPSHOT.jar:/home/runner/.m2/repository/io/grpc/grpc-netty/1.48.1/grpc-netty-1.48.1.jar:/home/runner/.m2/repository/io/grpc/grpc-core/1.48.1/grpc-core-1.48.1.jar:/home/runner/.m2/repository/com/google/android/annotations/4.1.1.4/annotations-4.1.1.4.jar:/home/runner/.m2/repository/org/codehaus/mojo/animal-sniffer-annotations/1.21/animal-sniffer-annotations-1.21.jar:/home/runner/.m2/repository/com/google/errorprone/error_prone_annotations/2.2.0/error_prone_annotations-2.2.0.jar:/home/runner/.m2/repository/io/perfmark/perfmark-api/0.25.0/perfmark-api-0.25.0.jar:/home/runner/.m2/repository/io/netty/netty-codec-http2/4.1.79.Final/netty-codec-http2-4.1.79.Final.jar:/home/runner/.m2/repository/io/netty/netty-common/4.1.79.Final/netty-common-4.1.79.Final.jar:/home/runner/.m2/repository/io/netty/netty-buffer/4.1.79.Final/netty-buffer-4.1.79.Final.jar:/home/runner/.m2/repository/io/netty/netty-codec-http/4.1.79.Final/netty-codec-http-4.1.79.Final.jar:/home/runner/.m2/repository/io/netty/netty-handler-proxy/4.1.79.Final/netty-handler-proxy-4.1.79.Final.jar:/home/runner/.m2/repository/io/netty/netty-codec-socks/4.1.79.Final/netty-codec-socks-4.1.79.Final.jar:/home/runner/.m2/repository/io/netty/netty-tcnative-boringssl-static/2.0.53.Final/netty-tcnative-boringssl-static-2.0.53.Final.jar:/home/runner/.m2/repository/io/netty/netty-tcnative-classes/2.0.53.Final/netty-tcnative-classes-2.0.53.Final.jar:/home/runner/.m2/repository/io/netty/netty-tcnative-boringssl-static/2.0.53.Final/netty-tcnative-boringssl-static-2.0.53.Final-linux-x86_64.jar:/home/runner/.m2/repository/io/netty/netty-tcnative-boringssl-static/2.0.53.Final/netty-tcnative-boringssl-static-2.0.53.Final-linux-aarch_64.jar:/home/runner/.m2/repository/io/netty/netty-tcnative-boringssl-static/2.0.53.Final/netty-tcnative-boringssl-static-2.0.53.Final-osx-x86_64.jar:/home/runner/.m2/repository/io/netty/netty-tcnative-boringssl-static/2.0.53.Final/netty-tcnative-boringssl-static-2.0.53.Final-osx-aarch_64.jar:/home/runner/.m2/repository/io/netty/netty-tcnative-boringssl-static/2.0.53.Final/netty-tcnative-boringssl-static-2.0.53.Final-windows-x86_64.jar:/home/runner/.m2/repository/org/apache/commons/commons-compress/1.21/commons-compress-1.21.jar:/home/runner/.m2/repository/org/apache/ozone/hdds-common/1.3.0-SNAPSHOT/hdds-common-1.3.0-SNAPSHOT.jar:/home/runner/.m2/repository/org/apache/ozone/hdds-client/1.3.0-SNAPSHOT/hdds-client-1.3.0-SNAPSHOT.jar:/home/runner/.m2/repository/org/apache/ozone/ozone-interface-client/1.3.0-SNAPSHOT/ozone-interface-client-1.3.0-SNAPSHOT.jar:/home/runner/.m2/repository/org/apache/ozone/hdds-test-utils/1.3.0-SNAPSHOT/hdds-test-utils-1.3.0-SNAPSHOT.jar:/home/runner/.m2/repository/com/google/guava/guava/31.1-jre/guava-31.1-jre.jar:/home/runner/.m2/repository/com/google/guava/failureaccess/1.0.1/failureaccess-1.0.1.jar:/home/runner/.m2/repository/com/google/guava/listenablefuture/9999.0-empty-to-avoid-conflict-with-guava/listenablefuture-9999.0-empty-to-avoid-conflict-with-guava.jar:/home/runner/.m2/repository/com/google/code/findbugs/jsr305/3.0.0/jsr305-3.0.0.jar:/home/runner/.m2/repository/org/checkerframework/checker-qual/3.12.0/checker-qual-3.12.0.jar:/home/runner/.m2/repository/com/google/j2objc/j2objc-annotations/1.3/j2objc-annotations-1.3.jar:/home/runner/.m2/repository/commons-io/commons-io/2.11.0/commons-io-2.11.0.jar:/home/runner/.m2/repository/commons-logging/commons-logging/1.2/commons-logging-1.2.jar:/home/runner/.m2/repository/ch/qos/reload4j/reload4j/1.2.22/reload4j-1.2.22.jar:/home/runner/.m2/repository/org/slf4j/slf4j-api/1.7.36/slf4j-api-1.7.36.jar:/home/runner/.m2/repository/org/apache/ozone/hdds-server-scm/1.3.0-SNAPSHOT/hdds-server-scm-1.3.0-SNAPSHOT.jar:/home/runner/.m2/repository/org/apache/ozone/hdds-container-service/1.3.0-SNAPSHOT/hdds-container-service-1.3.0-SNAPSHOT.jar:/home/runner/.m2/repository/org/apache/ozone/hdds-hadoop-dependency-server/1.3.0-SNAPSHOT/hdds-hadoop-dependency-server-1.3.0-SNAPSHOT.jar:/home/runner/.m2/repository/org/apache/hadoop/hadoop-hdfs/3.3.4/hadoop-hdfs-3.3.4.jar:/home/runner/.m2/repository/org/eclipse/jetty/jetty-util-ajax/9.4.43.v20210629/jetty-util-ajax-9.4.43.v20210629.jar:/home/runner/.m2/repository/commons-daemon/commons-daemon/1.0.13/commons-daemon-1.0.13.jar:/home/runner/.m2/repository/org/apache/ozone/hdds-server-framework/1.3.0-SNAPSHOT/hdds-server-framework-1.3.0-SNAPSHOT.jar:/home/runner/.m2/repository/org/apache/ozone/hdds-interface-server/1.3.0-SNAPSHOT/hdds-interface-server-1.3.0-SNAPSHOT.jar:/home/runner/.m2/repository/org/apache/logging/log4j/log4j-core/2.17.1/log4j-core-2.17.1.jar:/home/runner/.m2/repository/com/lmax/disruptor/3.4.2/disruptor-3.4.2.jar:/home/runner/.m2/repository/org/eclipse/jetty/jetty-servlet/9.4.43.v20210629/jetty-servlet-9.4.43.v20210629.jar:/home/runner/.m2/repository/org/eclipse/jetty/jetty-security/9.4.43.v20210629/jetty-security-9.4.43.v20210629.jar:/home/runner/.m2/repository/org/rocksdb/rocksdbjni/7.4.5/rocksdbjni-7.4.5.jar:/home/runner/.m2/repository/io/prometheus/simpleclient_dropwizard/0.7.0/simpleclient_dropwizard-0.7.0.jar:/home/runner/.m2/repository/io/prometheus/simpleclient/0.7.0/simpleclient-0.7.0.jar:/home/runner/.m2/repository/io/prometheus/simpleclient_common/0.7.0/simpleclient_common-0.7.0.jar:/home/runner/.m2/repository/io/dropwizard/metrics/metrics-core/3.2.4/metrics-core-3.2.4.jar:/home/runner/.m2/repository/org/apache/hadoop/hadoop-hdfs-client/3.3.4/hadoop-hdfs-client-3.3.4.jar:/home/runner/.m2/repository/com/squareup/okhttp3/okhttp/4.9.3/okhttp-4.9.3.jar:/home/runner/.m2/repository/com/squareup/okio/okio/2.8.0/okio-2.8.0.jar:/home/runner/.m2/repository/org/jetbrains/kotlin/kotlin-stdlib-common/1.4.10/kotlin-stdlib-common-1.4.10.jar:/home/runner/.m2/repository/org/bouncycastle/bcprov-jdk15on/1.67/bcprov-jdk15on-1.67.jar:/home/runner/.m2/repository/com/google/protobuf/protobuf-java/2.5.0/protobuf-java-2.5.0.jar:/home/runner/.m2/repository/org/apache/ozone/ozone-manager/1.3.0-SNAPSHOT/ozone-manager-1.3.0-SNAPSHOT.jar:/home/runner/.m2/repository/org/aspectj/aspectjrt/1.9.7/aspectjrt-1.9.7.jar:/home/runner/.m2/repository/org/aspectj/aspectjweaver/1.9.7/aspectjweaver-1.9.7.jar:/home/runner/.m2/repository/org/apache/ozone/hdds-interface-client/1.3.0-SNAPSHOT/hdds-interface-client-1.3.0-SNAPSHOT.jar:/home/runner/.m2/repository/org/apache/hadoop/thirdparty/hadoop-shaded-protobuf_3_7/1.1.1/hadoop-shaded-protobuf_3_7-1.1.1.jar:/home/runner/.m2/repository/org/apache/ozone/ozone-interface-storage/1.3.0-SNAPSHOT/ozone-interface-storage-1.3.0-SNAPSHOT.jar:/home/runner/.m2/repository/org/reflections/reflections/0.9.11/reflections-0.9.11.jar:/home/runner/.m2/repository/com/sun/jersey/jersey-client/1.19/jersey-client-1.19.jar:/home/runner/.m2/repository/org/apache/ranger/ranger-intg/2.3.0/ranger-intg-2.3.0.jar:/home/runner/.m2/repository/org/apache/ranger/ranger-plugins-common/2.3.0/ranger-plugins-common-2.3.0.jar:/home/runner/.m2/repository/commons-lang/commons-lang/2.6/commons-lang-2.6.jar:/home/runner/.m2/repository/org/codehaus/jackson/jackson-jaxrs/1.9.13/jackson-jaxrs-1.9.13.jar:/home/runner/.m2/repository/org/apache/ranger/ranger-plugins-cred/2.3.0/ranger-plugins-cred-2.3.0.jar:/home/runner/.m2/repository/org/apache/ranger/ranger-plugins-audit/2.3.0/ranger-plugins-audit-2.3.0.jar:/home/runner/.m2/repository/org/eclipse/jetty/jetty-client/9.4.31.v20200723/jetty-client-9.4.31.v20200723.jar:/home/runner/.m2/repository/org/apache/httpcomponents/httpmime/4.5.6/httpmime-4.5.6.jar:/home/runner/.m2/repository/org/apache/httpcomponents/httpcore-nio/4.4.6/httpcore-nio-4.4.6.jar:/home/runner/.m2/repository/org/apache/httpcomponents/httpasyncclient/4.1.3/httpasyncclient-4.1.3.jar:/home/runner/.m2/repository/com/carrotsearch/hppc/0.8.0/hppc-0.8.0.jar:/home/runner/.m2/repository/org/apache/orc/orc-core/1.5.8/orc-core-1.5.8.jar:/home/runner/.m2/repository/net/java/dev/jna/jna/5.2.0/jna-5.2.0.jar:/home/runner/.m2/repository/net/java/dev/jna/jna-platform/5.2.0/jna-platform-5.2.0.jar:/home/runner/.m2/repository/com/kstruct/gethostname4j/0.0.2/gethostname4j-0.0.2.jar:/home/runner/.m2/repository/org/apache/ranger/ranger-plugin-classloader/2.3.0/ranger-plugin-classloader-2.3.0.jar:/home/runner/.m2/repository/org/apache/hadoop/hadoop-minikdc/3.3.4/hadoop-minikdc-3.3.4.jar:/home/runner/.m2/repository/org/apache/kerby/kerb-simplekdc/1.0.1/kerb-simplekdc-1.0.1.jar:/home/runner/.m2/repository/org/apache/kerby/kerb-client/1.0.1/kerb-client-1.0.1.jar:/home/runner/.m2/repository/org/apache/kerby/kerby-config/1.0.1/kerby-config-1.0.1.jar:/home/runner/.m2/repository/org/apache/kerby/kerb-common/1.0.1/kerb-common-1.0.1.jar:/home/runner/.m2/repository/org/apache/kerby/kerb-crypto/1.0.1/kerb-crypto-1.0.1.jar:/home/runner/.m2/repository/org/apache/kerby/kerb-util/1.0.1/kerb-util-1.0.1.jar:/home/runner/.m2/repository/org/apache/kerby/token-provider/1.0.1/token-provider-1.0.1.jar:/home/runner/.m2/repository/org/apache/kerby/kerb-admin/1.0.1/kerb-admin-1.0.1.jar:/home/runner/.m2/repository/org/apache/kerby/kerb-server/1.0.1/kerb-server-1.0.1.jar:/home/runner/.m2/repository/org/apache/kerby/kerb-identity/1.0.1/kerb-identity-1.0.1.jar:/home/runner/.m2/repository/org/apache/kerby/kerby-xdr/1.0.1/kerby-xdr-1.0.1.jar:/home/runner/.m2/repository/org/apache/ozone/ozone-s3gateway/1.3.0-SNAPSHOT/ozone-s3gateway-1.3.0-SNAPSHOT.jar:/home/runner/.m2/repository/org/javassist/javassist/3.21.0-GA/javassist-3.21.0-GA.jar:/home/runner/.m2/repository/org/jboss/weld/servlet/weld-servlet/2.4.7.Final/weld-servlet-2.4.7.Final.jar:/home/runner/.m2/repository/org/glassfish/jersey/containers/jersey-container-servlet-core/2.34/jersey-container-servlet-core-2.34.jar:/home/runner/.m2/repository/org/glassfish/hk2/external/jakarta.inject/2.6.1/jakarta.inject-2.6.1.jar:/home/runner/.m2/repository/org/glassfish/jersey/core/jersey-common/2.34/jersey-common-2.34.jar:/home/runner/.m2/repository/jakarta/ws/rs/jakarta.ws.rs-api/2.1.6/jakarta.ws.rs-api-2.1.6.jar:/home/runner/.m2/repository/org/glassfish/jersey/ext/cdi/jersey-cdi1x/2.34/jersey-cdi1x-2.34.jar:/home/runner/.m2/repository/org/glassfish/jersey/inject/jersey-hk2/2.34/jersey-hk2-2.34.jar:/home/runner/.m2/repository/org/glassfish/hk2/hk2-locator/2.6.1/hk2-locator-2.6.1.jar:/home/runner/.m2/repository/org/glassfish/jersey/media/jersey-media-jaxb/2.34/jersey-media-jaxb-2.34.jar:/home/runner/.m2/repository/org/glassfish/hk2/osgi-resource-locator/1.0.3/osgi-resource-locator-1.0.3.jar:/home/runner/.m2/repository/org/glassfish/hk2/hk2-api/2.5.0/hk2-api-2.5.0.jar:/home/runner/.m2/repository/org/glassfish/hk2/hk2-utils/2.5.0/hk2-utils-2.5.0.jar:/home/runner/.m2/repository/org/glassfish/hk2/external/aopalliance-repackaged/2.5.0/aopalliance-repackaged-2.5.0.jar:/home/runner/.m2/repository/com/fasterxml/jackson/dataformat/jackson-dataformat-xml/2.13.4/jackson-dataformat-xml-2.13.4.jar:/home/runner/.m2/repository/com/fasterxml/jackson/core/jackson-core/2.13.4/jackson-core-2.13.4.jar:/home/runner/.m2/repository/org/codehaus/woodstox/stax2-api/3.1.4/stax2-api-3.1.4.jar:/home/runner/.m2/repository/com/fasterxml/woodstox/woodstox-core/5.0.3/woodstox-core-5.0.3.jar:/home/runner/.m2/repository/com/fasterxml/jackson/module/jackson-module-jaxb-annotations/2.13.4/jackson-module-jaxb-annotations-2.13.4.jar:/home/runner/.m2/repository/jakarta/xml/bind/jakarta.xml.bind-api/2.3.3/jakarta.xml.bind-api-2.3.3.jar:/home/runner/.m2/repository/jakarta/activation/jakarta.activation-api/1.2.1/jakarta.activation-api-1.2.1.jar:/home/runner/.m2/repository/javax/enterprise/cdi-api/1.2/cdi-api-1.2.jar:/home/runner/.m2/repository/javax/el/javax.el-api/3.0.0/javax.el-api-3.0.0.jar:/home/runner/.m2/repository/javax/interceptor/javax.interceptor-api/1.2/javax.interceptor-api-1.2.jar:/home/runner/.m2/repository/javax/inject/javax.inject/1/javax.inject-1.jar:/home/runner/.m2/repository/javax/xml/bind/jaxb-api/2.3.0/jaxb-api-2.3.0.jar:/home/runner/.m2/repository/org/glassfish/jaxb/jaxb-runtime/2.3.0.1/jaxb-runtime-2.3.0.1.jar:/home/runner/.m2/repository/org/glassfish/jaxb/jaxb-core/2.3.0.1/jaxb-core-2.3.0.1.jar:/home/runner/.m2/repository/org/glassfish/jaxb/txw2/2.3.0.1/txw2-2.3.0.1.jar:/home/runner/.m2/repository/com/sun/istack/istack-commons-runtime/3.0.5/istack-commons-runtime-3.0.5.jar:/home/runner/.m2/repository/org/jvnet/staxex/stax-ex/1.7.8/stax-ex-1.7.8.jar:/home/runner/.m2/repository/com/sun/xml/fastinfoset/FastInfoset/1.2.13/FastInfoset-1.2.13.jar:/home/runner/.m2/repository/javax/activation/activation/1.1.1/activation-1.1.1.jar:/home/runner/.m2/repository/io/grpc/grpc-protobuf/1.48.1/grpc-protobuf-1.48.1.jar:/home/runner/.m2/repository/io/grpc/grpc-api/1.48.1/grpc-api-1.48.1.jar:/home/runner/.m2/repository/io/grpc/grpc-context/1.48.1/grpc-context-1.48.1.jar:/home/runner/.m2/repository/com/google/api/grpc/proto-google-common-protos/2.9.0/proto-google-common-protos-2.9.0.jar:/home/runner/.m2/repository/io/grpc/grpc-protobuf-lite/1.48.1/grpc-protobuf-lite-1.48.1.jar:/home/runner/.m2/repository/io/grpc/grpc-stub/1.48.1/grpc-stub-1.48.1.jar:/home/runner/.m2/repository/io/netty/netty-transport/4.1.79.Final/netty-transport-4.1.79.Final.jar:/home/runner/.m2/repository/io/netty/netty-resolver/4.1.79.Final/netty-resolver-4.1.79.Final.jar:/home/runner/.m2/repository/org/apache/ozone/ozone-csi/1.3.0-SNAPSHOT/ozone-csi-1.3.0-SNAPSHOT.jar:/home/runner/.m2/repository/com/google/protobuf/protobuf-java-util/3.19.2/protobuf-java-util-3.19.2.jar:/home/runner/.m2/repository/com/google/code/gson/gson/2.9.0/gson-2.9.0.jar:/home/runner/.m2/repository/org/apache/ozone/hdds-config/1.3.0-SNAPSHOT/hdds-config-1.3.0-SNAPSHOT.jar:/home/runner/.m2/repository/io/netty/netty-transport-native-epoll/4.1.79.Final/netty-transport-native-epoll-4.1.79.Final-linux-x86_64.jar:/home/runner/.m2/repository/io/netty/netty-transport-classes-epoll/4.1.79.Final/netty-transport-classes-epoll-4.1.79.Final.jar:/home/runner/.m2/repository/io/netty/netty-transport-native-unix-common/4.1.79.Final/netty-transport-native-unix-common-4.1.79.Final.jar:/home/runner/.m2/repository/org/slf4j/slf4j-reload4j/1.7.36/slf4j-reload4j-1.7.36.jar:/home/runner/.m2/repository/org/apache/ozone/ozone-recon/1.3.0-SNAPSHOT/ozone-recon-1.3.0-SNAPSHOT.jar:/home/runner/.m2/repository/org/apache/ozone/ozone-reconcodegen/1.3.0-SNAPSHOT/ozone-reconcodegen-1.3.0-SNAPSHOT.jar:/home/runner/.m2/repository/com/google/inject/extensions/guice-multibindings/4.0/guice-multibindings-4.0.jar:/home/runner/.m2/repository/com/google/inject/guice/4.0/guice-4.0.jar:/home/runner/.m2/repository/aopalliance/aopalliance/1.0/aopalliance-1.0.jar:/home/runner/.m2/repository/com/google/inject/extensions/guice-assistedinject/4.0/guice-assistedinject-4.0.jar:/home/runner/.m2/repository/com/google/inject/extensions/guice-servlet/4.0/guice-servlet-4.0.jar:/home/runner/.m2/repository/org/glassfish/jersey/containers/jersey-container-servlet/2.34/jersey-container-servlet-2.34.jar:/home/runner/.m2/repository/org/glassfish/hk2/guice-bridge/2.5.0/guice-bridge-2.5.0.jar:/home/runner/.m2/repository/org/glassfish/jersey/core/jersey-server/2.34/jersey-server-2.34.jar:/home/runner/.m2/repository/org/glassfish/jersey/core/jersey-client/2.34/jersey-client-2.34.jar:/home/runner/.m2/repository/jakarta/annotation/jakarta.annotation-api/1.3.5/jakarta.annotation-api-1.3.5.jar:/home/runner/.m2/repository/jakarta/validation/jakarta.validation-api/2.0.2/jakarta.validation-api-2.0.2.jar:/home/runner/.m2/repository/org/glassfish/jersey/media/jersey-media-json-jackson/2.34/jersey-media-json-jackson-2.34.jar:/home/runner/.m2/repository/org/glassfish/jersey/ext/jersey-entity-filtering/2.34/jersey-entity-filtering-2.34.jar:/home/runner/.m2/repository/org/jooq/jooq/3.11.10/jooq-3.11.10.jar:/home/runner/.m2/repository/org/jooq/jooq-meta/3.11.10/jooq-meta-3.11.10.jar:/home/runner/.m2/repository/org/jooq/jooq-codegen/3.11.10/jooq-codegen-3.11.10.jar:/home/runner/.m2/repository/com/jolbox/bonecp/0.8.0.RELEASE/bonecp-0.8.0.RELEASE.jar:/home/runner/.m2/repository/org/apache/derby/derby/10.14.2.0/derby-10.14.2.0.jar:/home/runner/.m2/repository/org/xerial/sqlite-jdbc/3.25.2/sqlite-jdbc-3.25.2.jar:/home/runner/.m2/repository/org/springframework/spring-jdbc/5.2.20.RELEASE/spring-jdbc-5.2.20.RELEASE.jar:/home/runner/.m2/repository/org/springframework/spring-beans/5.2.20.RELEASE/spring-beans-5.2.20.RELEASE.jar:/home/runner/.m2/repository/org/springframework/spring-core/5.2.20.RELEASE/spring-core-5.2.20.RELEASE.jar:/home/runner/.m2/repository/org/springframework/spring-jcl/5.2.20.RELEASE/spring-jcl-5.2.20.RELEASE.jar:/home/runner/.m2/repository/org/springframework/spring-tx/5.2.20.RELEASE/spring-tx-5.2.20.RELEASE.jar:/home/runner/.m2/repository/org/apache/ozone/ozone-client/1.3.0-SNAPSHOT/ozone-client-1.3.0-SNAPSHOT.jar:/home/runner/.m2/repository/org/apache/ozone/hdds-erasurecode/1.3.0-SNAPSHOT/hdds-erasurecode-1.3.0-SNAPSHOT.jar:/home/runner/.m2/repository/com/github/spotbugs/spotbugs-annotations/3.1.12/spotbugs-annotations-3.1.12.jar:/home/runner/.m2/repository/org/apache/ozone/ozone-filesystem/1.3.0-SNAPSHOT/ozone-filesystem-1.3.0-SNAPSHOT.jar:/home/runner/.m2/repository/org/apache/ozone/ozone-filesystem-common/1.3.0-SNAPSHOT/ozone-filesystem-common-1.3.0-SNAPSHOT.jar:/home/runner/.m2/repository/org/apache/ozone/ozone-tools/1.3.0-SNAPSHOT/ozone-tools-1.3.0-SNAPSHOT.jar:/home/runner/.m2/repository/org/apache/ratis/ratis-tools/2.3.0/ratis-tools-2.3.0.jar:/home/runner/.m2/repository/com/amazonaws/aws-java-sdk-core/1.12.261/aws-java-sdk-core-1.12.261.jar:/home/runner/.m2/repository/org/apache/httpcomponents/httpclient/4.5.13/httpclient-4.5.13.jar:/home/runner/.m2/repository/org/apache/httpcomponents/httpcore/4.4.13/httpcore-4.4.13.jar:/home/runner/.m2/repository/software/amazon/ion/ion-java/1.0.2/ion-java-1.0.2.jar:/home/runner/.m2/repository/com/fasterxml/jackson/dataformat/jackson-dataformat-cbor/2.13.4/jackson-dataformat-cbor-2.13.4.jar:/home/runner/.m2/repository/joda-time/joda-time/2.8.1/joda-time-2.8.1.jar:/home/runner/.m2/repository/com/amazonaws/aws-java-sdk-s3/1.12.261/aws-java-sdk-s3-1.12.261.jar:/home/runner/.m2/repository/com/amazonaws/aws-java-sdk-kms/1.12.261/aws-java-sdk-kms-1.12.261.jar:/home/runner/.m2/repository/com/amazonaws/jmespath-java/1.12.261/jmespath-java-1.12.261.jar:/home/runner/.m2/repository/org/kohsuke/metainf-services/metainf-services/1.8/metainf-services-1.8.jar:/home/runner/.m2/repository/org/apache/ozone/hdds-tools/1.3.0-SNAPSHOT/hdds-tools-1.3.0-SNAPSHOT.jar:/home/runner/.m2/repository/commons-cli/commons-cli/1.2/commons-cli-1.2.jar:/home/runner/.m2/repository/org/apache/commons/commons-lang3/3.7/commons-lang3-3.7.jar:/home/runner/.m2/repository/org/apache/ozone/ozone-manager/1.3.0-SNAPSHOT/ozone-manager-1.3.0-SNAPSHOT-tests.jar:/home/runner/.m2/repository/org/apache/ozone/hdds-common/1.3.0-SNAPSHOT/hdds-common-1.3.0-SNAPSHOT-tests.jar:/home/runner/.m2/repository/org/apache/ozone/hdds-hadoop-dependency-client/1.3.0-SNAPSHOT/hdds-hadoop-dependency-client-1.3.0-SNAPSHOT.jar:/home/runner/.m2/repository/info/picocli/picocli/4.6.1/picocli-4.6.1.jar:/home/runner/.m2/repository/com/fasterxml/jackson/core/jackson-annotations/2.13.4/jackson-annotations-2.13.4.jar:/home/runner/.m2/repository/com/fasterxml/jackson/datatype/jackson-datatype-jsr310/2.13.4/jackson-datatype-jsr310-2.13.4.jar:/home/runner/.m2/repository/org/apache/ozone/hdds-annotation-processing/1.3.0-SNAPSHOT/hdds-annotation-processing-1.3.0-SNAPSHOT.jar:/home/runner/.m2/repository/javax/annotation/javax.annotation-api/1.2/javax.annotation-api-1.2.jar:/home/runner/.m2/repository/org/apache/ratis/ratis-server/2.3.0/ratis-server-2.3.0.jar:/home/runner/.m2/repository/org/apache/ratis/ratis-client/2.3.0/ratis-client-2.3.0.jar:/home/runner/.m2/repository/org/apache/ratis/ratis-server-api/2.3.0/ratis-server-api-2.3.0.jar:/home/runner/.m2/repository/org/apache/ratis/ratis-metrics/2.3.0/ratis-metrics-2.3.0.jar:/home/runner/.m2/repository/org/apache/ratis/ratis-netty/2.3.0/ratis-netty-2.3.0.jar:/home/runner/.m2/repository/org/apache/ratis/ratis-grpc/2.3.0/ratis-grpc-2.3.0.jar:/home/runner/.m2/repository/org/apache/logging/log4j/log4j-api/2.17.1/log4j-api-2.17.1.jar:/home/runner/.m2/repository/org/apache/commons/commons-pool2/2.6.0/commons-pool2-2.6.0.jar:/home/runner/.m2/repository/org/bouncycastle/bcpkix-jdk15on/1.67/bcpkix-jdk15on-1.67.jar:/home/runner/.m2/repository/commons-validator/commons-validator/1.6/commons-validator-1.6.jar:/home/runner/.m2/repository/commons-beanutils/commons-beanutils/1.9.4/commons-beanutils-1.9.4.jar:/home/runner/.m2/repository/commons-digester/commons-digester/1.8.1/commons-digester-1.8.1.jar:/home/runner/.m2/repository/commons-collections/commons-collections/3.2.2/commons-collections-3.2.2.jar:/home/runner/.m2/repository/io/jaegertracing/jaeger-client/1.6.0/jaeger-client-1.6.0.jar:/home/runner/.m2/repository/io/jaegertracing/jaeger-thrift/1.6.0/jaeger-thrift-1.6.0.jar:/home/runner/.m2/repository/org/apache/thrift/libthrift/0.14.1/libthrift-0.14.1.jar:/home/runner/.m2/repository/io/jaegertracing/jaeger-core/1.6.0/jaeger-core-1.6.0.jar:/home/runner/.m2/repository/io/jaegertracing/jaeger-tracerresolver/1.6.0/jaeger-tracerresolver-1.6.0.jar:/home/runner/.m2/repository/io/opentracing/contrib/opentracing-tracerresolver/0.1.8/opentracing-tracerresolver-0.1.8.jar:/home/runner/.m2/repository/org/jetbrains/kotlin/kotlin-stdlib/1.6.21/kotlin-stdlib-1.6.21.jar:/home/runner/.m2/repository/org/jetbrains/annotations/13.0/annotations-13.0.jar:/home/runner/.m2/repository/io/opentracing/opentracing-util/0.33.0/opentracing-util-0.33.0.jar:/home/runner/.m2/repository/io/opentracing/opentracing-api/0.33.0/opentracing-api-0.33.0.jar:/home/runner/.m2/repository/io/opentracing/opentracing-noop/0.33.0/opentracing-noop-0.33.0.jar:/home/runner/.m2/repository/org/yaml/snakeyaml/1.32/snakeyaml-1.32.jar:/home/runner/.m2/repository/org/apache/ozone/hdds-interface-admin/1.3.0-SNAPSHOT/hdds-interface-admin-1.3.0-SNAPSHOT.jar:/home/runner/.m2/repository/junit/junit/4.13.1/junit-4.13.1.jar:/home/runner/.m2/repository/org/hamcrest/hamcrest-core/1.3/hamcrest-core-1.3.jar:/home/runner/.m2/repository/org/junit/jupiter/junit-jupiter-api/5.8.2/junit-jupiter-api-5.8.2.jar:/home/runner/.m2/repository/org/opentest4j/opentest4j/1.2.0/opentest4j-1.2.0.jar:/home/runner/.m2/repository/org/junit/platform/junit-platform-commons/1.8.2/junit-platform-commons-1.8.2.jar:/home/runner/.m2/repository/org/apiguardian/apiguardian-api/1.1.2/apiguardian-api-1.1.2.jar:/home/runner/.m2/repository/org/junit/jupiter/junit-jupiter-params/5.8.2/junit-jupiter-params-5.8.2.jar:/home/runner/.m2/repository/org/junit/jupiter/junit-jupiter-migrationsupport/5.8.2/junit-jupiter-migrationsupport-5.8.2.jar:/home/runner/.m2/repository/org/junit/jupiter/junit-jupiter-engine/5.8.2/junit-jupiter-engine-5.8.2.jar:/home/runner/.m2/repository/org/junit/platform/junit-platform-engine/1.8.2/junit-platform-engine-1.8.2.jar:/home/runner/.m2/repository/org/junit/vintage/junit-vintage-engine/5.8.2/junit-vintage-engine-5.8.2.jar:/home/runner/.m2/repository/org/junit/platform/junit-platform-launcher/1.8.2/junit-platform-launcher-1.8.2.jar:/home/runner/.m2/repository/org/mockito/mockito-core/2.28.2/mockito-core-2.28.2.jar:/home/runner/.m2/repository/net/bytebuddy/byte-buddy/1.9.10/byte-buddy-1.9.10.jar:/home/runner/.m2/repository/net/bytebuddy/byte-buddy-agent/1.9.10/byte-buddy-agent-1.9.10.jar:/home/runner/.m2/repository/org/objenesis/objenesis/1.0/objenesis-1.0.jar:/home/runner/.m2/repository/org/apache/hadoop/hadoop-kms/3.3.4/hadoop-kms-3.3.4.jar:/home/runner/.m2/repository/org/apache/hadoop/hadoop-auth/3.3.4/hadoop-auth-3.3.4.jar:/home/runner/.m2/repository/com/nimbusds/nimbus-jose-jwt/7.9/nimbus-jose-jwt-7.9.jar:/home/runner/.m2/repository/com/github/stephenc/jcip/jcip-annotations/1.0-1/jcip-annotations-1.0-1.jar:/home/runner/.m2/repository/net/minidev/json-smart/2.4.7/json-smart-2.4.7.jar:/home/runner/.m2/repository/net/minidev/accessors-smart/2.4.7/accessors-smart-2.4.7.jar:/home/runner/.m2/repository/org/ow2/asm/asm/5.0.4/asm-5.0.4.jar:/home/runner/.m2/repository/org/apache/zookeeper/zookeeper/3.5.6/zookeeper-3.5.6.jar:/home/runner/.m2/repository/org/apache/zookeeper/zookeeper-jute/3.5.6/zookeeper-jute-3.5.6.jar:/home/runner/.m2/repository/org/apache/yetus/audience-annotations/0.5.0/audience-annotations-0.5.0.jar:/home/runner/.m2/repository/org/apache/curator/curator-framework/4.2.0/curator-framework-4.2.0.jar:/home/runner/.m2/repository/org/apache/hadoop/thirdparty/hadoop-shaded-guava/1.1.1/hadoop-shaded-guava-1.1.1.jar:/home/runner/.m2/repository/com/sun/jersey/jersey-core/1.19/jersey-core-1.19.jar:/home/runner/.m2/repository/javax/ws/rs/jsr311-api/1.1.1/jsr311-api-1.1.1.jar:/home/runner/.m2/repository/com/sun/jersey/jersey-server/1.19/jersey-server-1.19.jar:/home/runner/.m2/repository/javax/servlet/javax.servlet-api/3.1.0/javax.servlet-api-3.1.0.jar:/home/runner/.m2/repository/org/eclipse/jetty/jetty-server/9.4.43.v20210629/jetty-server-9.4.43.v20210629.jar:/home/runner/.m2/repository/org/eclipse/jetty/jetty-http/9.4.43.v20210629/jetty-http-9.4.43.v20210629.jar:/home/runner/.m2/repository/org/eclipse/jetty/jetty-io/9.4.43.v20210629/jetty-io-9.4.43.v20210629.jar:/home/runner/.m2/repository/org/eclipse/jetty/jetty-webapp/9.4.43.v20210629/jetty-webapp-9.4.43.v20210629.jar:/home/runner/.m2/repository/org/eclipse/jetty/jetty-xml/9.4.43.v20210629/jetty-xml-9.4.43.v20210629.jar:/home/runner/.m2/repository/org/apache/hadoop/hadoop-common/3.3.4/hadoop-common-3.3.4.jar:/home/runner/.m2/repository/org/apache/commons/commons-math3/3.1.1/commons-math3-3.1.1.jar:/home/runner/.m2/repository/commons-net/commons-net/3.6/commons-net-3.6.jar:/home/runner/.m2/repository/com/sun/jersey/jersey-servlet/1.19/jersey-servlet-1.19.jar:/home/runner/.m2/repository/com/sun/jersey/jersey-json/1.19/jersey-json-1.19.jar:/home/runner/.m2/repository/org/codehaus/jettison/jettison/1.1/jettison-1.1.jar:/home/runner/.m2/repository/com/sun/xml/bind/jaxb-impl/2.2.3-1/jaxb-impl-2.2.3-1.jar:/home/runner/.m2/repository/org/codehaus/jackson/jackson-xc/1.9.2/jackson-xc-1.9.2.jar:/home/runner/.m2/repository/org/apache/commons/commons-configuration2/2.1.1/commons-configuration2-2.1.1.jar:/home/runner/.m2/repository/org/apache/commons/commons-text/1.4/commons-text-1.4.jar:/home/runner/.m2/repository/com/google/re2j/re2j/1.1/re2j-1.1.jar:/home/runner/.m2/repository/com/jcraft/jsch/0.1.54/jsch-0.1.54.jar:/home/runner/.m2/repository/org/apache/curator/curator-client/4.2.0/curator-client-4.2.0.jar:/home/runner/.m2/repository/org/apache/curator/curator-recipes/4.2.0/curator-recipes-4.2.0.jar:/home/runner/.m2/repository/org/apache/kerby/kerb-core/1.0.1/kerb-core-1.0.1.jar:/home/runner/.m2/repository/org/apache/kerby/kerby-pkix/1.0.1/kerby-pkix-1.0.1.jar:/home/runner/.m2/repository/org/apache/kerby/kerby-asn1/1.0.1/kerby-asn1-1.0.1.jar:/home/runner/.m2/repository/org/apache/kerby/kerby-util/1.0.1/kerby-util-1.0.1.jar:/home/runner/.m2/repository/dnsjava/dnsjava/2.1.7/dnsjava-2.1.7.jar:/home/runner/.m2/repository/org/xerial/snappy/snappy-java/1.1.8.2/snappy-java-1.1.8.2.jar:/home/runner/.m2/repository/org/eclipse/jetty/jetty-util/9.4.43.v20210629/jetty-util-9.4.43.v20210629.jar:/home/runner/.m2/repository/com/fasterxml/jackson/core/jackson-databind/2.13.4/jackson-databind-2.13.4.jar:/home/runner/.m2/repository/org/apache/hadoop/hadoop-kms/3.3.4/hadoop-kms-3.3.4-tests.jar:/home/runner/.m2/repository/org/apache/ozone/hdds-server-scm/1.3.0-SNAPSHOT/hdds-server-scm-1.3.0-SNAPSHOT-tests.jar:/home/runner/.m2/repository/org/apache/ozone/hdds-container-service/1.3.0-SNAPSHOT/hdds-container-service-1.3.0-SNAPSHOT-tests.jar:/home/runner/.m2/repository/commons-codec/commons-codec/1.11/commons-codec-1.11.jar:/home/runner/.m2/repository/io/netty/netty-codec/4.1.79.Final/netty-codec-4.1.79.Final.jar:/home/runner/.m2/repository/io/netty/netty-handler/4.1.79.Final/netty-handler-4.1.79.Final.jar:/home/runner/.m2/repository/org/apache/ozone/hdds-hadoop-dependency-test/1.3.0-SNAPSHOT/hdds-hadoop-dependency-test-1.3.0-SNAPSHOT.jar:/home/runner/.m2/repository/org/apache/hadoop/hadoop-common/3.3.4/hadoop-common-3.3.4-tests.jar:/home/runner/.m2/repository/org/apache/hadoop/hadoop-hdfs/3.3.4/hadoop-hdfs-3.3.4-tests.jar:/home/runner/.m2/repository/org/assertj/assertj-core/3.12.2/assertj-core-3.12.2.jar:/home/runner/.m2/repository/org/apache/hadoop/hadoop-distcp/3.3.4/hadoop-distcp-3.3.4.jar:/home/runner/.m2/repository/org/apache/hadoop/hadoop-mapreduce-client-jobclient/3.3.4/hadoop-mapreduce-client-jobclient-3.3.4.jar:/home/runner/.m2/repository/org/apache/hadoop/hadoop-mapreduce-client-common/3.3.4/hadoop-mapreduce-client-common-3.3.4.jar:/home/runner/.m2/repository/org/apache/hadoop/hadoop-yarn-common/3.3.4/hadoop-yarn-common-3.3.4.jar:/home/runner/.m2/repository/org/apache/hadoop/hadoop-yarn-api/3.3.4/hadoop-yarn-api-3.3.4.jar:/home/runner/.m2/repository/com/sun/jersey/contribs/jersey-guice/1.19/jersey-guice-1.19.jar:/home/runner/.m2/repository/com/fasterxml/jackson/jaxrs/jackson-jaxrs-json-provider/2.13.4/jackson-jaxrs-json-provider-2.13.4.jar:/home/runner/.m2/repository/com/fasterxml/jackson/jaxrs/jackson-jaxrs-base/2.13.4/jackson-jaxrs-base-2.13.4.jar:/home/runner/.m2/repository/org/apache/hadoop/hadoop-yarn-client/3.3.4/hadoop-yarn-client-3.3.4.jar:/home/runner/.m2/repository/org/eclipse/jetty/websocket/websocket-client/9.4.43.v20210629/websocket-client-9.4.43.v20210629.jar:/home/runner/.m2/repository/org/eclipse/jetty/websocket/websocket-common/9.4.43.v20210629/websocket-common-9.4.43.v20210629.jar:/home/runner/.m2/repository/org/eclipse/jetty/websocket/websocket-api/9.4.43.v20210629/websocket-api-9.4.43.v20210629.jar:/home/runner/.m2/repository/org/jline/jline/3.9.0/jline-3.9.0.jar:/home/runner/.m2/repository/org/apache/hadoop/hadoop-mapreduce-client-core/3.3.4/hadoop-mapreduce-client-core-3.3.4.jar:/home/runner/.m2/repository/org/apache/avro/avro/1.7.7/avro-1.7.7.jar:/home/runner/.m2/repository/org/codehaus/jackson/jackson-core-asl/1.9.13/jackson-core-asl-1.9.13.jar:/home/runner/.m2/repository/org/codehaus/jackson/jackson-mapper-asl/1.9.13/jackson-mapper-asl-1.9.13.jar:/home/runner/.m2/repository/com/thoughtworks/paranamer/paranamer/2.3/paranamer-2.3.jar:/home/runner/.m2/repository/org/apache/hadoop/hadoop-annotations/3.3.4/hadoop-annotations-3.3.4.jar:/usr/lib/jvm/temurin-8-jdk-amd64/jre/../lib/tools.jar:/home/runner/.m2/repository/io/netty/netty/3.10.6.Final/netty-3.10.6.Final.jar:/home/runner/.m2/repository/org/apache/hadoop/hadoop-distcp/3.3.4/hadoop-distcp-3.3.4-tests.jar:/home/runner/.m2/repository/org/slf4j/jul-to-slf4j/1.7.36/jul-to-slf4j-1.7.36.jar:/home/runner/.m2/repository/org/apache/ratis/ratis-common/2.3.0/ratis-common-2.3.0.jar:/home/runner/.m2/repository/org/apache/ratis/ratis-thirdparty-misc/1.0.0/ratis-thirdparty-misc-1.0.0.jar:/home/runner/.m2/repository/org/apache/ratis/ratis-proto/2.3.0/ratis-proto-2.3.0.jar:"/>
    <property name="sun.cpu.endian" value="little"/>
    <property name="user.home" value="/home/runner"/>
    <property name="user.language" value="en"/>
    <property name="java.specification.vendor" value="Oracle Corporation"/>
    <property name="java.home" value="/usr/lib/jvm/temurin-8-jdk-amd64/jre"/>
    <property name="java.security.krb5.conf" value="/home/runner/work/ozone/ozone/hadoop-ozone/integration-test/target/test-classes/krb5.conf"/>
    <property name="basedir" value="/home/runner/work/ozone/ozone/hadoop-ozone/integration-test"/>
    <property name="file.separator" value="/"/>
    <property name="line.separator" value="&#10;"/>
    <property name="java.vm.specification.vendor" value="Oracle Corporation"/>
    <property name="java.specification.name" value="Java Platform API Specification"/>
    <property name="java.awt.graphicsenv" value="sun.awt.X11GraphicsEnvironment"/>
    <property name="skip.installnpx" value="true"/>
    <property name="surefire.real.class.path" value="/home/runner/work/ozone/ozone/hadoop-ozone/integration-test/target/surefire/surefirebooter4702187790086754368.jar:/home/runner/.m2/repository/org/jacoco/org.jacoco.agent/0.8.5/org.jacoco.agent-0.8.5-runtime.jar"/>
    <property name="hadoop.log.dir" value="/home/runner/work/ozone/ozone/hadoop-ozone/integration-test/target/log"/>
    <property name="sun.boot.class.path" value="/usr/lib/jvm/temurin-8-jdk-amd64/jre/lib/resources.jar:/usr/lib/jvm/temurin-8-jdk-amd64/jre/lib/rt.jar:/usr/lib/jvm/temurin-8-jdk-amd64/jre/lib/sunrsasign.jar:/usr/lib/jvm/temurin-8-jdk-amd64/jre/lib/jsse.jar:/usr/lib/jvm/temurin-8-jdk-amd64/jre/lib/jce.jar:/usr/lib/jvm/temurin-8-jdk-amd64/jre/lib/charsets.jar:/usr/lib/jvm/temurin-8-jdk-amd64/jre/lib/jfr.jar:/usr/lib/jvm/temurin-8-jdk-amd64/jre/classes"/>
    <property name="sun.management.compiler" value="HotSpot 64-Bit Tiered Compilers"/>
    <property name="skip.npx" value="true"/>
    <property name="java.runtime.version" value="1.8.0_345-b01"/>
    <property name="java.net.preferIPv4Stack" value="true"/>
    <property name="user.name" value="runner"/>
    <property name="path.separator" value=":"/>
    <property name="java.security.egd" value="file:///dev/urandom"/>
    <property name="os.version" value="5.15.0-1021-azure"/>
    <property name="java.endorsed.dirs" value="/usr/lib/jvm/temurin-8-jdk-amd64/jre/lib/endorsed"/>
    <property name="java.runtime.name" value="OpenJDK Runtime Environment"/>
    <property name="file.encoding" value="UTF-8"/>
    <property name="java.vm.name" value="OpenJDK 64-Bit Server VM"/>
    <property name="test.build.webapps" value=""/>
    <property name="localRepository" value="/home/runner/.m2/repository"/>
    <property name="jetty.git.hash" value="526006ecfa3af7f1a27ef3a288e2bef7ea9dd7e8"/>
    <property name="java.vendor.url.bug" value="https://github.com/adoptium/adoptium-support/issues"/>
    <property name="java.io.tmpdir" value="/tmp"/>
    <property name="require.test.libhadoop" value=""/>
    <property name="java.version" value="1.8.0_345"/>
    <property name="user.dir" value="/home/runner/work/ozone/ozone/hadoop-ozone/integration-test"/>
    <property name="os.arch" value="amd64"/>
    <property name="java.vm.specification.name" value="Java Virtual Machine Specification"/>
    <property name="test.build.classes" value="/home/runner/work/ozone/ozone/hadoop-ozone/integration-test/target/test-classes"/>
    <property name="java.awt.printerjob" value="sun.print.PSPrinterJob"/>
    <property name="sun.os.patch.level" value="unknown"/>
    <property name="hadoop.tmp.dir" value="/home/runner/work/ozone/ozone/hadoop-ozone/integration-test/target/tmp"/>
    <property name="java.library.path" value="/usr/java/packages/lib/amd64:/usr/lib64:/lib64:/lib:/usr/lib"/>
    <property name="java.vm.info" value="mixed mode"/>
    <property name="java.vendor" value="Temurin"/>
    <property name="java.vm.version" value="25.345-b01"/>
    <property name="java.ext.dirs" value="/usr/lib/jvm/temurin-8-jdk-amd64/jre/lib/ext:/usr/java/packages/lib/ext"/>
    <property name="sun.io.unicode.encoding" value="UnicodeLittle"/>
    <property name="java.class.version" value="52.0"/>
  </properties>
  <testcase name="testContainerRecoveryOverReplicationProcessing" classname="org.apache.hadoop.ozone.container.TestECContainerRecovery" time="107.042">
    <error type="java.util.concurrent.TimeoutException"><![CDATA[java.util.concurrent.TimeoutException: 
Timed out waiting for condition. Thread diagnostics:
Timestamp: 2022-10-14 08:50:14,893

"java.util.concurrent.ThreadPoolExecutor$Worker@5e93b634[State = -1, empty queue]" daemon prio=5 tid=713 timed_waiting
java.lang.Thread.State: TIMED_WAITING
        at sun.misc.Unsafe.park(Native Method)
        at java.util.concurrent.locks.LockSupport.parkNanos(LockSupport.java:215)
        at java.util.concurrent.locks.AbstractQueuedSynchronizer$ConditionObject.awaitNanos(AbstractQueuedSynchronizer.java:2078)
        at java.util.concurrent.ScheduledThreadPoolExecutor$DelayedWorkQueue.take(ScheduledThreadPoolExecutor.java:1093)
        at java.util.concurrent.ScheduledThreadPoolExecutor$DelayedWorkQueue.take(ScheduledThreadPoolExecutor.java:809)
        at java.util.concurrent.ThreadPoolExecutor.getTask(ThreadPoolExecutor.java:1074)
        at java.util.concurrent.ThreadPoolExecutor.runWorker(ThreadPoolExecutor.java:1134)
        at java.util.concurrent.ThreadPoolExecutor$Worker.run(ThreadPoolExecutor.java:624)
        at java.lang.Thread.run(Thread.java:750)
"BlockDeletingService#0" daemon prio=5 tid=504 in Object.wait()
java.lang.Thread.State: WAITING (on object monitor)
        at sun.misc.Unsafe.park(Native Method)
        at java.util.concurrent.locks.LockSupport.park(LockSupport.java:175)
        at java.util.concurrent.locks.AbstractQueuedSynchronizer$ConditionObject.await(AbstractQueuedSynchronizer.java:2039)
        at java.util.concurrent.ScheduledThreadPoolExecutor$DelayedWorkQueue.take(ScheduledThreadPoolExecutor.java:1088)
        at java.util.concurrent.ScheduledThreadPoolExecutor$DelayedWorkQueue.take(ScheduledThreadPoolExecutor.java:809)
        at java.util.concurrent.ThreadPoolExecutor.getTask(ThreadPoolExecutor.java:1074)
        at java.util.concurrent.ThreadPoolExecutor.runWorker(ThreadPoolExecutor.java:1134)
        at java.util.concurrent.ThreadPoolExecutor$Worker.run(ThreadPoolExecutor.java:624)
        at java.lang.Thread.run(Thread.java:750)
"ChunkWriter-0-0" daemon prio=5 tid=510 in Object.wait()
java.lang.Thread.State: WAITING (on object monitor)
        at sun.misc.Unsafe.park(Native Method)
        at java.util.concurrent.locks.LockSupport.park(LockSupport.java:175)
        at java.util.concurrent.locks.AbstractQueuedSynchronizer$ConditionObject.await(AbstractQueuedSynchronizer.java:2039)
        at java.util.concurrent.LinkedBlockingDeque.takeFirst(LinkedBlockingDeque.java:492)
        at java.util.concurrent.LinkedBlockingDeque.take(LinkedBlockingDeque.java:680)
        at java.util.concurrent.ThreadPoolExecutor.getTask(ThreadPoolExecutor.java:1074)
        at java.util.concurrent.ThreadPoolExecutor.runWorker(ThreadPoolExecutor.java:1134)
        at java.util.concurrent.ThreadPoolExecutor$Worker.run(ThreadPoolExecutor.java:624)
        at java.lang.Thread.run(Thread.java:750)
"org.apache.ratis.util.JvmPauseMonitor$$Lambda$684/1307560138@614f5b30" daemon prio=5 tid=502 timed_waiting
java.lang.Thread.State: TIMED_WAITING
        at java.lang.Thread.sleep(Native Method)
        at java.lang.Thread.sleep(Thread.java:342)
        at java.util.concurrent.TimeUnit.sleep(TimeUnit.java:386)
        at org.apache.ratis.util.TimeDuration.sleep(TimeDuration.java:325)
        at org.apache.ratis.util.TimeDuration.sleep(TimeDuration.java:310)
        at org.apache.ratis.util.JvmPauseMonitor.detectPause(JvmPauseMonitor.java:117)
        at org.apache.ratis.util.JvmPauseMonitor.run(JvmPauseMonitor.java:106)
        at org.apache.ratis.util.JvmPauseMonitor$$Lambda$684/1307560138.run(Unknown Source)
        at java.lang.Thread.run(Thread.java:750)
"org.apache.ratis.util.JvmPauseMonitor$$Lambda$684/1307560138@1c6f8a0e" daemon prio=5 tid=553 timed_waiting
java.lang.Thread.State: TIMED_WAITING
        at java.lang.Thread.sleep(Native Method)
        at java.lang.Thread.sleep(Thread.java:342)
        at java.util.concurrent.TimeUnit.sleep(TimeUnit.java:386)
        at org.apache.ratis.util.TimeDuration.sleep(TimeDuration.java:325)
        at org.apache.ratis.util.TimeDuration.sleep(TimeDuration.java:310)
        at org.apache.ratis.util.JvmPauseMonitor.detectPause(JvmPauseMonitor.java:117)
        at org.apache.ratis.util.JvmPauseMonitor.run(JvmPauseMonitor.java:106)
        at org.apache.ratis.util.JvmPauseMonitor$$Lambda$684/1307560138.run(Unknown Source)
        at java.lang.Thread.run(Thread.java:750)
"IPC Server handler 5 on default port 41743" daemon prio=5 tid=149 timed_waiting
java.lang.Thread.State: TIMED_WAITING
        at sun.misc.Unsafe.park(Native Method)
        at java.util.concurrent.locks.LockSupport.parkNanos(LockSupport.java:215)
        at java.util.concurrent.locks.AbstractQueuedSynchronizer$ConditionObject.awaitNanos(AbstractQueuedSynchronizer.java:2078)
        at java.util.concurrent.LinkedBlockingQueue.poll(LinkedBlockingQueue.java:467)
        at org.apache.hadoop.ipc.CallQueueManager.take(CallQueueManager.java:317)
        at org.apache.hadoop.ipc.Server$Handler.run(Server.java:2942)
"FixedThreadPoolWithAffinityExecutor-8-0" daemon prio=5 tid=520 in Object.wait()
java.lang.Thread.State: WAITING (on object monitor)
        at sun.misc.Unsafe.park(Native Method)
        at java.util.concurrent.locks.LockSupport.park(LockSupport.java:175)
        at java.util.concurrent.locks.AbstractQueuedSynchronizer$ConditionObject.await(AbstractQueuedSynchronizer.java:2039)
        at java.util.concurrent.LinkedBlockingDeque.takeFirst(LinkedBlockingDeque.java:492)
        at java.util.concurrent.LinkedBlockingDeque.take(LinkedBlockingDeque.java:680)
        at java.util.concurrent.ThreadPoolExecutor.getTask(ThreadPoolExecutor.java:1074)
        at java.util.concurrent.ThreadPoolExecutor.runWorker(ThreadPoolExecutor.java:1134)
        at java.util.concurrent.ThreadPoolExecutor$Worker.run(ThreadPoolExecutor.java:624)
        at java.lang.Thread.run(Thread.java:750)
"StaleRecoveringContainerScrubbingService#1" daemon prio=5 tid=379 timed_waiting
java.lang.Thread.State: TIMED_WAITING
        at sun.misc.Unsafe.park(Native Method)
        at java.util.concurrent.locks.LockSupport.parkNanos(LockSupport.java:215)
        at java.util.concurrent.locks.AbstractQueuedSynchronizer$ConditionObject.awaitNanos(AbstractQueuedSynchronizer.java:2078)
        at java.util.concurrent.ScheduledThreadPoolExecutor$DelayedWorkQueue.take(ScheduledThreadPoolExecutor.java:1093)
        at java.util.concurrent.ScheduledThreadPoolExecutor$DelayedWorkQueue.take(ScheduledThreadPoolExecutor.java:809)
        at java.util.concurrent.ThreadPoolExecutor.getTask(ThreadPoolExecutor.java:1074)
        at java.util.concurrent.ThreadPoolExecutor.runWorker(ThreadPoolExecutor.java:1134)
        at java.util.concurrent.ThreadPoolExecutor$Worker.run(ThreadPoolExecutor.java:624)
        at java.lang.Thread.run(Thread.java:750)
"FullTableCache Cleanup Thread - 0" daemon prio=5 tid=728 in Object.wait()
java.lang.Thread.State: WAITING (on object monitor)
        at sun.misc.Unsafe.park(Native Method)
        at java.util.concurrent.locks.LockSupport.park(LockSupport.java:175)
        at java.util.concurrent.locks.AbstractQueuedSynchronizer$ConditionObject.await(AbstractQueuedSynchronizer.java:2039)
        at java.util.concurrent.LinkedBlockingQueue.take(LinkedBlockingQueue.java:442)
        at java.util.concurrent.ThreadPoolExecutor.getTask(ThreadPoolExecutor.java:1074)
        at java.util.concurrent.ThreadPoolExecutor.runWorker(ThreadPoolExecutor.java:1134)
        at java.util.concurrent.ThreadPoolExecutor$Worker.run(ThreadPoolExecutor.java:624)
        at java.lang.Thread.run(Thread.java:750)
"8b5383b3-e7bf-4722-baeb-dd5c06b347e3@group-2ECA46B087C1-StateMachineUpdater" daemon prio=5 tid=589 timed_waiting
java.lang.Thread.State: TIMED_WAITING
        at sun.misc.Unsafe.park(Native Method)
        at java.util.concurrent.locks.LockSupport.parkNanos(LockSupport.java:215)
        at java.util.concurrent.CompletableFuture$Signaller.block(CompletableFuture.java:1709)
        at java.util.concurrent.ForkJoinPool.managedBlock(ForkJoinPool.java:3323)
        at java.util.concurrent.CompletableFuture.timedGet(CompletableFuture.java:1788)
        at java.util.concurrent.CompletableFuture.get(CompletableFuture.java:1928)
        at org.apache.ratis.util.AwaitForSignal.await(AwaitForSignal.java:56)
        at org.apache.ratis.server.impl.StateMachineUpdater.waitForCommit(StateMachineUpdater.java:207)
        at org.apache.ratis.server.impl.StateMachineUpdater.run(StateMachineUpdater.java:176)
        at java.lang.Thread.run(Thread.java:750)
"bbc6add2-54a7-4497-b631-73b4353e40e2@group-A007A3104D9A-StateMachineUpdater" daemon prio=5 tid=673 timed_waiting
java.lang.Thread.State: TIMED_WAITING
        at sun.misc.Unsafe.park(Native Method)
        at java.util.concurrent.locks.LockSupport.parkNanos(LockSupport.java:215)
        at java.util.concurrent.CompletableFuture$Signaller.block(CompletableFuture.java:1709)
        at java.util.concurrent.ForkJoinPool.managedBlock(ForkJoinPool.java:3323)
        at java.util.concurrent.CompletableFuture.timedGet(CompletableFuture.java:1788)
        at java.util.concurrent.CompletableFuture.get(CompletableFuture.java:1928)
        at org.apache.ratis.util.AwaitForSignal.await(AwaitForSignal.java:56)
        at org.apache.ratis.server.impl.StateMachineUpdater.waitForCommit(StateMachineUpdater.java:207)
        at org.apache.ratis.server.impl.StateMachineUpdater.run(StateMachineUpdater.java:176)
        at java.lang.Thread.run(Thread.java:750)
"qtp1895032440-285" daemon prio=5 tid=285 timed_waiting
java.lang.Thread.State: TIMED_WAITING
        at sun.misc.Unsafe.park(Native Method)
        at java.util.concurrent.locks.LockSupport.parkNanos(LockSupport.java:215)
        at java.util.concurrent.locks.AbstractQueuedSynchronizer$ConditionObject.awaitNanos(AbstractQueuedSynchronizer.java:2078)
        at org.eclipse.jetty.util.BlockingArrayQueue.poll(BlockingArrayQueue.java:382)
        at org.eclipse.jetty.util.thread.QueuedThreadPool$Runner.idleJobPoll(QueuedThreadPool.java:974)
        at org.eclipse.jetty.util.thread.QueuedThreadPool$Runner.run(QueuedThreadPool.java:1018)
        at java.lang.Thread.run(Thread.java:750)
"IPC Server idle connection scanner for port 41743" daemon prio=5 tid=124 timed_waiting
java.lang.Thread.State: TIMED_WAITING
        at java.lang.Object.wait(Native Method)
        at java.util.TimerThread.mainLoop(Timer.java:552)
        at java.util.TimerThread.run(Timer.java:505)
"3c897dd6-f9a8-4587-816d-4b361cef56f3@group-B319158F4DE0-SegmentedRaftLogWorker"  prio=5 tid=615 timed_waiting
java.lang.Thread.State: TIMED_WAITING
        at sun.misc.Unsafe.park(Native Method)
        at java.util.concurrent.locks.LockSupport.parkNanos(LockSupport.java:215)
        at java.util.concurrent.locks.AbstractQueuedSynchronizer$ConditionObject.awaitNanos(AbstractQueuedSynchronizer.java:2078)
        at org.apache.ratis.util.DataBlockingQueue.poll(DataBlockingQueue.java:148)
        at org.apache.ratis.server.raftlog.segmented.SegmentedRaftLogWorker.run(SegmentedRaftLogWorker.java:301)
        at org.apache.ratis.server.raftlog.segmented.SegmentedRaftLogWorker$$Lambda$612/521516682.run(Unknown Source)
        at java.lang.Thread.run(Thread.java:750)
"BlockDeletingService#0" daemon prio=5 tid=375 in Object.wait()
java.lang.Thread.State: WAITING (on object monitor)
        at sun.misc.Unsafe.park(Native Method)
        at java.util.concurrent.locks.LockSupport.park(LockSupport.java:175)
        at java.util.concurrent.locks.AbstractQueuedSynchronizer$ConditionObject.await(AbstractQueuedSynchronizer.java:2039)
        at java.util.concurrent.ScheduledThreadPoolExecutor$DelayedWorkQueue.take(ScheduledThreadPoolExecutor.java:1088)
        at java.util.concurrent.ScheduledThreadPoolExecutor$DelayedWorkQueue.take(ScheduledThreadPoolExecutor.java:809)
        at java.util.concurrent.ThreadPoolExecutor.getTask(ThreadPoolExecutor.java:1074)
        at java.util.concurrent.ThreadPoolExecutor.runWorker(ThreadPoolExecutor.java:1134)
        at java.util.concurrent.ThreadPoolExecutor$Worker.run(ThreadPoolExecutor.java:624)
        at java.lang.Thread.run(Thread.java:750)
"ChunkWriter-2-0" daemon prio=5 tid=512 in Object.wait()
java.lang.Thread.State: WAITING (on object monitor)
        at sun.misc.Unsafe.park(Native Method)
        at java.util.concurrent.locks.LockSupport.park(LockSupport.java:175)
        at java.util.concurrent.locks.AbstractQueuedSynchronizer$ConditionObject.await(AbstractQueuedSynchronizer.java:2039)
        at java.util.concurrent.LinkedBlockingDeque.takeFirst(LinkedBlockingDeque.java:492)
        at java.util.concurrent.LinkedBlockingDeque.take(LinkedBlockingDeque.java:680)
        at java.util.concurrent.ThreadPoolExecutor.getTask(ThreadPoolExecutor.java:1074)
        at java.util.concurrent.ThreadPoolExecutor.runWorker(ThreadPoolExecutor.java:1134)
        at java.util.concurrent.ThreadPoolExecutor$Worker.run(ThreadPoolExecutor.java:624)
        at java.lang.Thread.run(Thread.java:750)
"org.apache.hadoop.ozone.container.common.statemachine.commandhandler.DeleteBlocksCommandHandler$DeleteCmdWorker@42ad9160" daemon prio=5 tid=226 timed_waiting
java.lang.Thread.State: TIMED_WAITING
        at java.lang.Thread.sleep(Native Method)
        at org.apache.hadoop.ozone.container.common.statemachine.commandhandler.DeleteBlocksCommandHandler$DeleteCmdWorker.run(DeleteBlocksCommandHandler.java:183)
        at java.lang.Thread.run(Thread.java:750)
"qtp1770500328-176" daemon prio=5 tid=176 timed_waiting
java.lang.Thread.State: TIMED_WAITING
        at sun.misc.Unsafe.park(Native Method)
        at java.util.concurrent.locks.LockSupport.parkNanos(LockSupport.java:215)
        at java.util.concurrent.locks.AbstractQueuedSynchronizer$ConditionObject.awaitNanos(AbstractQueuedSynchronizer.java:2078)
        at org.eclipse.jetty.util.BlockingArrayQueue.poll(BlockingArrayQueue.java:382)
        at org.eclipse.jetty.util.thread.QueuedThreadPool$Runner.idleJobPoll(QueuedThreadPool.java:974)
        at org.eclipse.jetty.util.thread.QueuedThreadPool$Runner.run(QueuedThreadPool.java:1018)
        at java.lang.Thread.run(Thread.java:750)
"IPC Server handler 15 on default port 41743" daemon prio=5 tid=159 timed_waiting
java.lang.Thread.State: TIMED_WAITING
        at sun.misc.Unsafe.park(Native Method)
        at java.util.concurrent.locks.LockSupport.parkNanos(LockSupport.java:215)
        at java.util.concurrent.locks.AbstractQueuedSynchronizer$ConditionObject.awaitNanos(AbstractQueuedSynchronizer.java:2078)
        at java.util.concurrent.LinkedBlockingQueue.poll(LinkedBlockingQueue.java:467)
        at org.apache.hadoop.ipc.CallQueueManager.take(CallQueueManager.java:317)
        at org.apache.hadoop.ipc.Server$Handler.run(Server.java:2942)
"IPC Server handler 3 on default port 33043" daemon prio=5 tid=60 timed_waiting
java.lang.Thread.State: TIMED_WAITING
        at sun.misc.Unsafe.park(Native Method)
        at java.util.concurrent.locks.LockSupport.parkNanos(LockSupport.java:215)
        at java.util.concurrent.locks.AbstractQueuedSynchronizer$ConditionObject.awaitNanos(AbstractQueuedSynchronizer.java:2078)
        at java.util.concurrent.LinkedBlockingQueue.poll(LinkedBlockingQueue.java:467)
        at org.apache.hadoop.ipc.CallQueueManager.take(CallQueueManager.java:317)
        at org.apache.hadoop.ipc.Server$Handler.run(Server.java:2942)
"Timer for 'StorageContainerManager' metrics system" daemon prio=5 tid=35 timed_waiting
java.lang.Thread.State: TIMED_WAITING
        at java.lang.Object.wait(Native Method)
        at java.util.TimerThread.mainLoop(Timer.java:552)
        at java.util.TimerThread.run(Timer.java:505)
"StaleRecoveringContainerScrubbingService#1" daemon prio=5 tid=335 timed_waiting
java.lang.Thread.State: TIMED_WAITING
        at sun.misc.Unsafe.park(Native Method)
        at java.util.concurrent.locks.LockSupport.parkNanos(LockSupport.java:215)
        at java.util.concurrent.locks.AbstractQueuedSynchronizer$ConditionObject.awaitNanos(AbstractQueuedSynchronizer.java:2078)
        at java.util.concurrent.ScheduledThreadPoolExecutor$DelayedWorkQueue.take(ScheduledThreadPoolExecutor.java:1093)
        at java.util.concurrent.ScheduledThreadPoolExecutor$DelayedWorkQueue.take(ScheduledThreadPoolExecutor.java:809)
        at java.util.concurrent.ThreadPoolExecutor.getTask(ThreadPoolExecutor.java:1074)
        at java.util.concurrent.ThreadPoolExecutor.runWorker(ThreadPoolExecutor.java:1134)
        at java.util.concurrent.ThreadPoolExecutor$Worker.run(ThreadPoolExecutor.java:624)
        at java.lang.Thread.run(Thread.java:750)
"qtp1697908956-261" daemon prio=5 tid=261 timed_waiting
java.lang.Thread.State: TIMED_WAITING
        at sun.misc.Unsafe.park(Native Method)
        at java.util.concurrent.locks.LockSupport.parkNanos(LockSupport.java:215)
        at java.util.concurrent.locks.AbstractQueuedSynchronizer$ConditionObject.awaitNanos(AbstractQueuedSynchronizer.java:2078)
        at org.eclipse.jetty.util.BlockingArrayQueue.poll(BlockingArrayQueue.java:382)
        at org.eclipse.jetty.util.thread.QueuedThreadPool$Runner.idleJobPoll(QueuedThreadPool.java:974)
        at org.eclipse.jetty.util.thread.QueuedThreadPool$Runner.run(QueuedThreadPool.java:1018)
        at java.lang.Thread.run(Thread.java:750)
"EventQueue-StaleNodeForStaleNodeHandler" daemon prio=5 tid=807 in Object.wait()
java.lang.Thread.State: WAITING (on object monitor)
        at sun.misc.Unsafe.park(Native Method)
        at java.util.concurrent.locks.LockSupport.park(LockSupport.java:175)
        at java.util.concurrent.locks.AbstractQueuedSynchronizer$ConditionObject.await(AbstractQueuedSynchronizer.java:2039)
        at java.util.concurrent.LinkedBlockingQueue.take(LinkedBlockingQueue.java:442)
        at java.util.concurrent.ThreadPoolExecutor.getTask(ThreadPoolExecutor.java:1074)
        at java.util.concurrent.ThreadPoolExecutor.runWorker(ThreadPoolExecutor.java:1134)
        at java.util.concurrent.ThreadPoolExecutor$Worker.run(ThreadPoolExecutor.java:624)
        at java.lang.Thread.run(Thread.java:750)
"ChunkWriter-2-0" daemon prio=5 tid=405 in Object.wait()
java.lang.Thread.State: WAITING (on object monitor)
        at sun.misc.Unsafe.park(Native Method)
        at java.util.concurrent.locks.LockSupport.park(LockSupport.java:175)
        at java.util.concurrent.locks.AbstractQueuedSynchronizer$ConditionObject.await(AbstractQueuedSynchronizer.java:2039)
        at java.util.concurrent.LinkedBlockingDeque.takeFirst(LinkedBlockingDeque.java:492)
        at java.util.concurrent.LinkedBlockingDeque.take(LinkedBlockingDeque.java:680)
        at java.util.concurrent.ThreadPoolExecutor.getTask(ThreadPoolExecutor.java:1074)
        at java.util.concurrent.ThreadPoolExecutor.runWorker(ThreadPoolExecutor.java:1134)
        at java.util.concurrent.ThreadPoolExecutor$Worker.run(ThreadPoolExecutor.java:624)
        at java.lang.Thread.run(Thread.java:750)
"SCMBlockDeletingService#0" daemon prio=5 tid=97 timed_waiting
java.lang.Thread.State: TIMED_WAITING
        at sun.misc.Unsafe.park(Native Method)
        at java.util.concurrent.locks.LockSupport.parkNanos(LockSupport.java:215)
        at java.util.concurrent.locks.AbstractQueuedSynchronizer$ConditionObject.awaitNanos(AbstractQueuedSynchronizer.java:2078)
        at java.util.concurrent.ScheduledThreadPoolExecutor$DelayedWorkQueue.take(ScheduledThreadPoolExecutor.java:1093)
        at java.util.concurrent.ScheduledThreadPoolExecutor$DelayedWorkQueue.take(ScheduledThreadPoolExecutor.java:809)
        at java.util.concurrent.ThreadPoolExecutor.getTask(ThreadPoolExecutor.java:1074)
        at java.util.concurrent.ThreadPoolExecutor.runWorker(ThreadPoolExecutor.java:1134)
        at java.util.concurrent.ThreadPoolExecutor$Worker.run(ThreadPoolExecutor.java:624)
        at java.lang.Thread.run(Thread.java:750)
"3c897dd6-f9a8-4587-816d-4b361cef56f3-server-thread2" daemon prio=5 tid=914 timed_waiting
java.lang.Thread.State: TIMED_WAITING
        at sun.misc.Unsafe.park(Native Method)
        at java.util.concurrent.locks.LockSupport.parkNanos(LockSupport.java:215)
        at java.util.concurrent.SynchronousQueue$TransferStack.awaitFulfill(SynchronousQueue.java:460)
        at java.util.concurrent.SynchronousQueue$TransferStack.transfer(SynchronousQueue.java:362)
        at java.util.concurrent.SynchronousQueue.poll(SynchronousQueue.java:941)
        at java.util.concurrent.ThreadPoolExecutor.getTask(ThreadPoolExecutor.java:1073)
        at java.util.concurrent.ThreadPoolExecutor.runWorker(ThreadPoolExecutor.java:1134)
        at java.util.concurrent.ThreadPoolExecutor$Worker.run(ThreadPoolExecutor.java:624)
        at java.lang.Thread.run(Thread.java:750)
"b5e52be0-4491-4e69-96e1-10d94051f40c@group-2ECA46B087C1-StateMachineUpdater" daemon prio=5 tid=599 timed_waiting
java.lang.Thread.State: TIMED_WAITING
        at sun.misc.Unsafe.park(Native Method)
        at java.util.concurrent.locks.LockSupport.parkNanos(LockSupport.java:215)
        at java.util.concurrent.CompletableFuture$Signaller.block(CompletableFuture.java:1709)
        at java.util.concurrent.ForkJoinPool.managedBlock(ForkJoinPool.java:3323)
        at java.util.concurrent.CompletableFuture.timedGet(CompletableFuture.java:1788)
        at java.util.concurrent.CompletableFuture.get(CompletableFuture.java:1928)
        at org.apache.ratis.util.AwaitForSignal.await(AwaitForSignal.java:56)
        at org.apache.ratis.server.impl.StateMachineUpdater.waitForCommit(StateMachineUpdater.java:207)
        at org.apache.ratis.server.impl.StateMachineUpdater.run(StateMachineUpdater.java:176)
        at java.lang.Thread.run(Thread.java:750)
"StaleRecoveringContainerScrubbingService#0" daemon prio=5 tid=452 in Object.wait()
java.lang.Thread.State: WAITING (on object monitor)
        at sun.misc.Unsafe.park(Native Method)
        at java.util.concurrent.locks.LockSupport.park(LockSupport.java:175)
        at java.util.concurrent.locks.AbstractQueuedSynchronizer$ConditionObject.await(AbstractQueuedSynchronizer.java:2039)
        at java.util.concurrent.ScheduledThreadPoolExecutor$DelayedWorkQueue.take(ScheduledThreadPoolExecutor.java:1088)
        at java.util.concurrent.ScheduledThreadPoolExecutor$DelayedWorkQueue.take(ScheduledThreadPoolExecutor.java:809)
        at java.util.concurrent.ThreadPoolExecutor.getTask(ThreadPoolExecutor.java:1074)
        at java.util.concurrent.ThreadPoolExecutor.runWorker(ThreadPoolExecutor.java:1134)
        at java.util.concurrent.ThreadPoolExecutor$Worker.run(ThreadPoolExecutor.java:624)
        at java.lang.Thread.run(Thread.java:750)
"Datanode State Machine Daemon Thread" daemon prio=5 tid=263 timed_waiting
java.lang.Thread.State: TIMED_WAITING
        at java.lang.Thread.sleep(Native Method)
        at org.apache.hadoop.ozone.container.common.statemachine.DatanodeStateMachine.startStateMachineThread(DatanodeStateMachine.java:313)
        at org.apache.hadoop.ozone.container.common.statemachine.DatanodeStateMachine.lambda$startDaemon$0(DatanodeStateMachine.java:493)
        at org.apache.hadoop.ozone.container.common.statemachine.DatanodeStateMachine$$Lambda$727/1819651816.run(Unknown Source)
        at java.lang.Thread.run(Thread.java:750)
"BlockDeletingService#0" daemon prio=5 tid=451 in Object.wait()
java.lang.Thread.State: WAITING (on object monitor)
        at sun.misc.Unsafe.park(Native Method)
        at java.util.concurrent.locks.LockSupport.park(LockSupport.java:175)
        at java.util.concurrent.locks.AbstractQueuedSynchronizer$ConditionObject.await(AbstractQueuedSynchronizer.java:2039)
        at java.util.concurrent.ScheduledThreadPoolExecutor$DelayedWorkQueue.take(ScheduledThreadPoolExecutor.java:1088)
        at java.util.concurrent.ScheduledThreadPoolExecutor$DelayedWorkQueue.take(ScheduledThreadPoolExecutor.java:809)
        at java.util.concurrent.ThreadPoolExecutor.getTask(ThreadPoolExecutor.java:1074)
        at java.util.concurrent.ThreadPoolExecutor.runWorker(ThreadPoolExecutor.java:1134)
        at java.util.concurrent.ThreadPoolExecutor$Worker.run(ThreadPoolExecutor.java:624)
        at java.lang.Thread.run(Thread.java:750)
"StaleRecoveringContainerScrubbingService#0" daemon prio=5 tid=334 in Object.wait()
java.lang.Thread.State: WAITING (on object monitor)
        at sun.misc.Unsafe.park(Native Method)
        at java.util.concurrent.locks.LockSupport.park(LockSupport.java:175)
        at java.util.concurrent.locks.AbstractQueuedSynchronizer$ConditionObject.await(AbstractQueuedSynchronizer.java:2039)
        at java.util.concurrent.ScheduledThreadPoolExecutor$DelayedWorkQueue.take(ScheduledThreadPoolExecutor.java:1088)
        at java.util.concurrent.ScheduledThreadPoolExecutor$DelayedWorkQueue.take(ScheduledThreadPoolExecutor.java:809)
        at java.util.concurrent.ThreadPoolExecutor.getTask(ThreadPoolExecutor.java:1074)
        at java.util.concurrent.ThreadPoolExecutor.runWorker(ThreadPoolExecutor.java:1134)
        at java.util.concurrent.ThreadPoolExecutor$Worker.run(ThreadPoolExecutor.java:624)
        at java.lang.Thread.run(Thread.java:750)
"Datanode ReportManager Thread - 4" daemon prio=5 tid=188 timed_waiting
java.lang.Thread.State: TIMED_WAITING
        at sun.misc.Unsafe.park(Native Method)
        at java.util.concurrent.locks.LockSupport.parkNanos(LockSupport.java:215)
        at java.util.concurrent.locks.AbstractQueuedSynchronizer$ConditionObject.awaitNanos(AbstractQueuedSynchronizer.java:2078)
        at java.util.concurrent.ScheduledThreadPoolExecutor$DelayedWorkQueue.take(ScheduledThreadPoolExecutor.java:1093)
        at java.util.concurrent.ScheduledThreadPoolExecutor$DelayedWorkQueue.take(ScheduledThreadPoolExecutor.java:809)
        at java.util.concurrent.ThreadPoolExecutor.getTask(ThreadPoolExecutor.java:1074)
        at java.util.concurrent.ThreadPoolExecutor.runWorker(ThreadPoolExecutor.java:1134)
        at java.util.concurrent.ThreadPoolExecutor$Worker.run(ThreadPoolExecutor.java:624)
        at java.lang.Thread.run(Thread.java:750)
"ChunkReader-2" daemon prio=5 tid=765 in Object.wait()
java.lang.Thread.State: WAITING (on object monitor)
        at sun.misc.Unsafe.park(Native Method)
        at java.util.concurrent.locks.LockSupport.park(LockSupport.java:175)
        at java.util.concurrent.locks.AbstractQueuedSynchronizer$ConditionObject.await(AbstractQueuedSynchronizer.java:2039)
        at java.util.concurrent.LinkedBlockingQueue.take(LinkedBlockingQueue.java:442)
        at java.util.concurrent.ThreadPoolExecutor.getTask(ThreadPoolExecutor.java:1074)
        at java.util.concurrent.ThreadPoolExecutor.runWorker(ThreadPoolExecutor.java:1134)
        at java.util.concurrent.ThreadPoolExecutor$Worker.run(ThreadPoolExecutor.java:624)
        at java.lang.Thread.run(Thread.java:750)
"IPC Server handler 13 on default port 41743" daemon prio=5 tid=157 timed_waiting
java.lang.Thread.State: TIMED_WAITING
        at sun.misc.Unsafe.park(Native Method)
        at java.util.concurrent.locks.LockSupport.parkNanos(LockSupport.java:215)
        at java.util.concurrent.locks.AbstractQueuedSynchronizer$ConditionObject.awaitNanos(AbstractQueuedSynchronizer.java:2078)
        at java.util.concurrent.LinkedBlockingQueue.poll(LinkedBlockingQueue.java:467)
        at org.apache.hadoop.ipc.CallQueueManager.take(CallQueueManager.java:317)
        at org.apache.hadoop.ipc.Server$Handler.run(Server.java:2942)
"EventQueue-NodeRegistrationContainerReportForDataNodeSafeModeRule" daemon prio=5 tid=491 in Object.wait()
java.lang.Thread.State: WAITING (on object monitor)
        at sun.misc.Unsafe.park(Native Method)
        at java.util.concurrent.locks.LockSupport.park(LockSupport.java:175)
        at java.util.concurrent.locks.AbstractQueuedSynchronizer$ConditionObject.await(AbstractQueuedSynchronizer.java:2039)
        at java.util.concurrent.LinkedBlockingQueue.take(LinkedBlockingQueue.java:442)
        at java.util.concurrent.ThreadPoolExecutor.getTask(ThreadPoolExecutor.java:1074)
        at java.util.concurrent.ThreadPoolExecutor.runWorker(ThreadPoolExecutor.java:1134)
        at java.util.concurrent.ThreadPoolExecutor$Worker.run(ThreadPoolExecutor.java:624)
        at java.lang.Thread.run(Thread.java:750)
"ChunkWriter-3-0" daemon prio=5 tid=482 in Object.wait()
java.lang.Thread.State: WAITING (on object monitor)
        at sun.misc.Unsafe.park(Native Method)
        at java.util.concurrent.locks.LockSupport.park(LockSupport.java:175)
        at java.util.concurrent.locks.AbstractQueuedSynchronizer$ConditionObject.await(AbstractQueuedSynchronizer.java:2039)
        at java.util.concurrent.LinkedBlockingDeque.takeFirst(LinkedBlockingDeque.java:492)
        at java.util.concurrent.LinkedBlockingDeque.take(LinkedBlockingDeque.java:680)
        at java.util.concurrent.ThreadPoolExecutor.getTask(ThreadPoolExecutor.java:1074)
        at java.util.concurrent.ThreadPoolExecutor.runWorker(ThreadPoolExecutor.java:1134)
        at java.util.concurrent.ThreadPoolExecutor$Worker.run(ThreadPoolExecutor.java:624)
        at java.lang.Thread.run(Thread.java:750)
"ChunkReader-2" daemon prio=5 tid=767 in Object.wait()
java.lang.Thread.State: WAITING (on object monitor)
        at sun.misc.Unsafe.park(Native Method)
        at java.util.concurrent.locks.LockSupport.park(LockSupport.java:175)
        at java.util.concurrent.locks.AbstractQueuedSynchronizer$ConditionObject.await(AbstractQueuedSynchronizer.java:2039)
        at java.util.concurrent.LinkedBlockingQueue.take(LinkedBlockingQueue.java:442)
        at java.util.concurrent.ThreadPoolExecutor.getTask(ThreadPoolExecutor.java:1074)
        at java.util.concurrent.ThreadPoolExecutor.runWorker(ThreadPoolExecutor.java:1134)
        at java.util.concurrent.ThreadPoolExecutor$Worker.run(ThreadPoolExecutor.java:624)
        at java.lang.Thread.run(Thread.java:750)
"EndpointStateMachine task thread for /0.0.0.0:35689 - 0 "  prio=5 tid=469 in Object.wait()
java.lang.Thread.State: WAITING (on object monitor)
        at sun.misc.Unsafe.park(Native Method)
        at java.util.concurrent.locks.LockSupport.park(LockSupport.java:175)
        at java.util.concurrent.locks.AbstractQueuedSynchronizer$ConditionObject.await(AbstractQueuedSynchronizer.java:2039)
        at java.util.concurrent.LinkedBlockingQueue.take(LinkedBlockingQueue.java:442)
        at java.util.concurrent.ThreadPoolExecutor.getTask(ThreadPoolExecutor.java:1074)
        at java.util.concurrent.ThreadPoolExecutor.runWorker(ThreadPoolExecutor.java:1134)
        at java.util.concurrent.ThreadPoolExecutor$Worker.run(ThreadPoolExecutor.java:624)
        at java.lang.Thread.run(Thread.java:750)
"b5e52be0-4491-4e69-96e1-10d94051f40c@group-ADDBCF77707C-StateMachineUpdater" daemon prio=5 tid=595 timed_waiting
java.lang.Thread.State: TIMED_WAITING
        at sun.misc.Unsafe.park(Native Method)
        at java.util.concurrent.locks.LockSupport.parkNanos(LockSupport.java:215)
        at java.util.concurrent.CompletableFuture$Signaller.block(CompletableFuture.java:1709)
        at java.util.concurrent.ForkJoinPool.managedBlock(ForkJoinPool.java:3323)
        at java.util.concurrent.CompletableFuture.timedGet(CompletableFuture.java:1788)
        at java.util.concurrent.CompletableFuture.get(CompletableFuture.java:1928)
        at org.apache.ratis.util.AwaitForSignal.await(AwaitForSignal.java:56)
        at org.apache.ratis.server.impl.StateMachineUpdater.waitForCommit(StateMachineUpdater.java:207)
        at org.apache.ratis.server.impl.StateMachineUpdater.run(StateMachineUpdater.java:176)
        at java.lang.Thread.run(Thread.java:750)
"Datanode ReportManager Thread - 2" daemon prio=5 tid=473 in Object.wait()
java.lang.Thread.State: WAITING (on object monitor)
        at sun.misc.Unsafe.park(Native Method)
        at java.util.concurrent.locks.LockSupport.park(LockSupport.java:175)
        at java.util.concurrent.locks.AbstractQueuedSynchronizer$ConditionObject.await(AbstractQueuedSynchronizer.java:2039)
        at java.util.concurrent.ScheduledThreadPoolExecutor$DelayedWorkQueue.take(ScheduledThreadPoolExecutor.java:1088)
        at java.util.concurrent.ScheduledThreadPoolExecutor$DelayedWorkQueue.take(ScheduledThreadPoolExecutor.java:809)
        at java.util.concurrent.ThreadPoolExecutor.getTask(ThreadPoolExecutor.java:1074)
        at java.util.concurrent.ThreadPoolExecutor.runWorker(ThreadPoolExecutor.java:1134)
        at java.util.concurrent.ThreadPoolExecutor$Worker.run(ThreadPoolExecutor.java:624)
        at java.lang.Thread.run(Thread.java:750)
"qtp1022045468-421" daemon prio=5 tid=421 runnable
java.lang.Thread.State: RUNNABLE
        at sun.nio.ch.EPollArrayWrapper.epollWait(Native Method)
        at sun.nio.ch.EPollArrayWrapper.poll(EPollArrayWrapper.java:269)
        at sun.nio.ch.EPollSelectorImpl.doSelect(EPollSelectorImpl.java:93)
        at sun.nio.ch.SelectorImpl.lockAndDoSelect(SelectorImpl.java:86)
        at sun.nio.ch.SelectorImpl.select(SelectorImpl.java:97)
        at sun.nio.ch.SelectorImpl.select(SelectorImpl.java:101)
        at org.eclipse.jetty.io.ManagedSelector.nioSelect(ManagedSelector.java:183)
        at org.eclipse.jetty.io.ManagedSelector.select(ManagedSelector.java:190)
        at org.eclipse.jetty.io.ManagedSelector$SelectorProducer.select(ManagedSelector.java:606)
        at org.eclipse.jetty.io.ManagedSelector$SelectorProducer.produce(ManagedSelector.java:543)
        at org.eclipse.jetty.util.thread.strategy.EatWhatYouKill.produceTask(EatWhatYouKill.java:362)
        at org.eclipse.jetty.util.thread.strategy.EatWhatYouKill.doProduce(EatWhatYouKill.java:186)
        at org.eclipse.jetty.util.thread.strategy.EatWhatYouKill.tryProduce(EatWhatYouKill.java:173)
        at org.eclipse.jetty.util.thread.strategy.EatWhatYouKill.produce(EatWhatYouKill.java:137)
        at org.eclipse.jetty.io.ManagedSelector$$Lambda$444/1122636984.run(Unknown Source)
        at org.eclipse.jetty.util.thread.QueuedThreadPool.runJob(QueuedThreadPool.java:883)
        at org.eclipse.jetty.util.thread.QueuedThreadPool$Runner.run(QueuedThreadPool.java:1034)
        at java.lang.Thread.run(Thread.java:750)
"IPC Server handler 4 on default port 40181" daemon prio=5 tid=41 timed_waiting
java.lang.Thread.State: TIMED_WAITING
        at sun.misc.Unsafe.park(Native Method)
        at java.util.concurrent.locks.LockSupport.parkNanos(LockSupport.java:215)
        at java.util.concurrent.locks.AbstractQueuedSynchronizer$ConditionObject.awaitNanos(AbstractQueuedSynchronizer.java:2078)
        at java.util.concurrent.LinkedBlockingQueue.poll(LinkedBlockingQueue.java:467)
        at org.apache.hadoop.ipc.CallQueueManager.take(CallQueueManager.java:317)
        at org.apache.hadoop.ipc.Server$Handler.run(Server.java:2942)
"16777052-74aa-4e90-8314-2bee1f1d951b@group-4005DE48A76A-StateMachineUpdater" daemon prio=5 tid=643 timed_waiting
java.lang.Thread.State: TIMED_WAITING
        at sun.misc.Unsafe.park(Native Method)
        at java.util.concurrent.locks.LockSupport.parkNanos(LockSupport.java:215)
        at java.util.concurrent.CompletableFuture$Signaller.block(CompletableFuture.java:1709)
        at java.util.concurrent.ForkJoinPool.managedBlock(ForkJoinPool.java:3323)
        at java.util.concurrent.CompletableFuture.timedGet(CompletableFuture.java:1788)
        at java.util.concurrent.CompletableFuture.get(CompletableFuture.java:1928)
        at org.apache.ratis.util.AwaitForSignal.await(AwaitForSignal.java:56)
        at org.apache.ratis.server.impl.StateMachineUpdater.waitForCommit(StateMachineUpdater.java:207)
        at org.apache.ratis.server.impl.StateMachineUpdater.run(StateMachineUpdater.java:176)
        at java.lang.Thread.run(Thread.java:750)
"qtp1022045468-428" daemon prio=5 tid=428 timed_waiting
java.lang.Thread.State: TIMED_WAITING
        at sun.misc.Unsafe.park(Native Method)
        at java.util.concurrent.locks.LockSupport.parkNanos(LockSupport.java:215)
        at java.util.concurrent.locks.AbstractQueuedSynchronizer$ConditionObject.awaitNanos(AbstractQueuedSynchronizer.java:2078)
        at org.eclipse.jetty.util.BlockingArrayQueue.poll(BlockingArrayQueue.java:382)
        at org.eclipse.jetty.util.thread.QueuedThreadPool$Runner.idleJobPoll(QueuedThreadPool.java:974)
        at org.eclipse.jetty.util.thread.QueuedThreadPool$Runner.run(QueuedThreadPool.java:1018)
        at java.lang.Thread.run(Thread.java:750)
"3c897dd6-f9a8-4587-816d-4b361cef56f3@group-B319158F4DE0-FollowerState" daemon prio=5 tid=903 timed_waiting
java.lang.Thread.State: TIMED_WAITING
        at java.lang.Thread.sleep(Native Method)
        at java.lang.Thread.sleep(Thread.java:342)
        at java.util.concurrent.TimeUnit.sleep(TimeUnit.java:386)
        at org.apache.ratis.util.TimeDuration.sleep(TimeDuration.java:325)
        at org.apache.ratis.util.TimeDuration.sleep(TimeDuration.java:310)
        at org.apache.ratis.server.impl.FollowerState.run(FollowerState.java:128)
"BlockDeletingService#1" daemon prio=5 tid=556 timed_waiting
java.lang.Thread.State: TIMED_WAITING
        at sun.misc.Unsafe.park(Native Method)
        at java.util.concurrent.locks.LockSupport.parkNanos(LockSupport.java:215)
        at java.util.concurrent.locks.AbstractQueuedSynchronizer$ConditionObject.awaitNanos(AbstractQueuedSynchronizer.java:2078)
        at java.util.concurrent.ScheduledThreadPoolExecutor$DelayedWorkQueue.take(ScheduledThreadPoolExecutor.java:1093)
        at java.util.concurrent.ScheduledThreadPoolExecutor$DelayedWorkQueue.take(ScheduledThreadPoolExecutor.java:809)
        at java.util.concurrent.ThreadPoolExecutor.getTask(ThreadPoolExecutor.java:1074)
        at java.util.concurrent.ThreadPoolExecutor.runWorker(ThreadPoolExecutor.java:1134)
        at java.util.concurrent.ThreadPoolExecutor$Worker.run(ThreadPoolExecutor.java:624)
        at java.lang.Thread.run(Thread.java:750)
"Under Replicated Processor" daemon prio=5 tid=838 timed_waiting
java.lang.Thread.State: TIMED_WAITING
        at java.lang.Object.wait(Native Method)
        at org.apache.hadoop.hdds.scm.container.replication.UnderReplicatedProcessor.run(UnderReplicatedProcessor.java:142)
        at java.lang.Thread.run(Thread.java:750)
"IPC Server handler 1 on default port 35689" daemon prio=5 tid=78 timed_waiting
java.lang.Thread.State: TIMED_WAITING
        at sun.misc.Unsafe.park(Native Method)
        at java.util.concurrent.locks.LockSupport.parkNanos(LockSupport.java:215)
        at java.util.concurrent.locks.AbstractQueuedSynchronizer$ConditionObject.awaitNanos(AbstractQueuedSynchronizer.java:2078)
        at java.util.concurrent.LinkedBlockingQueue.poll(LinkedBlockingQueue.java:467)
        at org.apache.hadoop.ipc.CallQueueManager.take(CallQueueManager.java:317)
        at org.apache.hadoop.ipc.Server$Handler.run(Server.java:2942)
"surefire-forkedjvm-command-thread" daemon prio=5 tid=10 runnable
java.lang.Thread.State: RUNNABLE
        at java.io.FileInputStream.readBytes(Native Method)
        at java.io.FileInputStream.read(FileInputStream.java:255)
        at java.io.BufferedInputStream.read1(BufferedInputStream.java:284)
        at java.io.BufferedInputStream.read(BufferedInputStream.java:345)
        at java.io.BufferedInputStream.fill(BufferedInputStream.java:246)
        at java.io.BufferedInputStream.read1(BufferedInputStream.java:286)
        at java.io.BufferedInputStream.read(BufferedInputStream.java:345)
        at org.apache.maven.surefire.api.util.internal.Channels$3.readImpl(Channels.java:214)
        at org.apache.maven.surefire.api.util.internal.AbstractNoninterruptibleReadableChannel.read(AbstractNoninterruptibleReadableChannel.java:54)
        at org.apache.maven.surefire.booter.spi.LegacyMasterProcessChannelDecoder.decode(LegacyMasterProcessChannelDecoder.java:80)
        at org.apache.maven.surefire.booter.CommandReader$CommandRunnable.run(CommandReader.java:343)
        at java.lang.Thread.run(Thread.java:750)
"qtp1022045468-426" daemon prio=5 tid=426 timed_waiting
java.lang.Thread.State: TIMED_WAITING
        at sun.misc.Unsafe.park(Native Method)
        at java.util.concurrent.locks.LockSupport.parkNanos(LockSupport.java:215)
        at java.util.concurrent.locks.AbstractQueuedSynchronizer$ConditionObject.awaitNanos(AbstractQueuedSynchronizer.java:2078)
        at org.eclipse.jetty.util.BlockingArrayQueue.poll(BlockingArrayQueue.java:382)
        at org.eclipse.jetty.util.thread.QueuedThreadPool$Runner.idleJobPoll(QueuedThreadPool.java:974)
        at org.eclipse.jetty.util.thread.QueuedThreadPool$Runner.run(QueuedThreadPool.java:1018)
        at java.lang.Thread.run(Thread.java:750)
"qtp1895032440-286" daemon prio=5 tid=286 timed_waiting
java.lang.Thread.State: TIMED_WAITING
        at sun.misc.Unsafe.park(Native Method)
        at java.util.concurrent.locks.LockSupport.parkNanos(LockSupport.java:215)
        at java.util.concurrent.locks.AbstractQueuedSynchronizer$ConditionObject.awaitNanos(AbstractQueuedSynchronizer.java:2078)
        at org.eclipse.jetty.util.BlockingArrayQueue.poll(BlockingArrayQueue.java:382)
        at org.eclipse.jetty.util.thread.QueuedThreadPool$Runner.idleJobPoll(QueuedThreadPool.java:974)
        at org.eclipse.jetty.util.thread.QueuedThreadPool$Runner.run(QueuedThreadPool.java:1018)
        at java.lang.Thread.run(Thread.java:750)
"Socket Reader #1 for port 0"  prio=5 tid=24 runnable
java.lang.Thread.State: RUNNABLE
        at sun.nio.ch.EPollArrayWrapper.epollWait(Native Method)
        at sun.nio.ch.EPollArrayWrapper.poll(EPollArrayWrapper.java:269)
        at sun.nio.ch.EPollSelectorImpl.doSelect(EPollSelectorImpl.java:93)
        at sun.nio.ch.SelectorImpl.lockAndDoSelect(SelectorImpl.java:86)
        at sun.nio.ch.SelectorImpl.select(SelectorImpl.java:97)
        at sun.nio.ch.SelectorImpl.select(SelectorImpl.java:101)
        at org.apache.hadoop.ipc.Server$Listener$Reader.doRunLoop(Server.java:1296)
        at org.apache.hadoop.ipc.Server$Listener$Reader.run(Server.java:1275)
"qtp1535833708-351" daemon prio=5 tid=351 timed_waiting
java.lang.Thread.State: TIMED_WAITING
        at sun.misc.Unsafe.park(Native Method)
        at java.util.concurrent.locks.LockSupport.parkNanos(LockSupport.java:215)
        at java.util.concurrent.locks.AbstractQueuedSynchronizer$ConditionObject.awaitNanos(AbstractQueuedSynchronizer.java:2078)
        at org.eclipse.jetty.util.BlockingArrayQueue.poll(BlockingArrayQueue.java:382)
        at org.eclipse.jetty.util.thread.QueuedThreadPool$Runner.idleJobPoll(QueuedThreadPool.java:974)
        at org.eclipse.jetty.util.thread.QueuedThreadPool$Runner.run(QueuedThreadPool.java:1018)
        at java.lang.Thread.run(Thread.java:750)
"FixedThreadPoolWithAffinityExecutor-0-0" daemon prio=5 tid=546 in Object.wait()
java.lang.Thread.State: WAITING (on object monitor)
        at sun.misc.Unsafe.park(Native Method)
        at java.util.concurrent.locks.LockSupport.park(LockSupport.java:175)
        at java.util.concurrent.locks.AbstractQueuedSynchronizer$ConditionObject.await(AbstractQueuedSynchronizer.java:2039)
        at java.util.concurrent.LinkedBlockingDeque.takeFirst(LinkedBlockingDeque.java:492)
        at java.util.concurrent.LinkedBlockingDeque.take(LinkedBlockingDeque.java:680)
        at java.util.concurrent.ThreadPoolExecutor.getTask(ThreadPoolExecutor.java:1074)
        at java.util.concurrent.ThreadPoolExecutor.runWorker(ThreadPoolExecutor.java:1134)
        at java.util.concurrent.ThreadPoolExecutor$Worker.run(ThreadPoolExecutor.java:624)
        at java.lang.Thread.run(Thread.java:750)
"ChunkWriter-3-0" daemon prio=5 tid=330 in Object.wait()
java.lang.Thread.State: WAITING (on object monitor)
        at sun.misc.Unsafe.park(Native Method)
        at java.util.concurrent.locks.LockSupport.park(LockSupport.java:175)
        at java.util.concurrent.locks.AbstractQueuedSynchronizer$ConditionObject.await(AbstractQueuedSynchronizer.java:2039)
        at java.util.concurrent.LinkedBlockingDeque.takeFirst(LinkedBlockingDeque.java:492)
        at java.util.concurrent.LinkedBlockingDeque.take(LinkedBlockingDeque.java:680)
        at java.util.concurrent.ThreadPoolExecutor.getTask(ThreadPoolExecutor.java:1074)
        at java.util.concurrent.ThreadPoolExecutor.runWorker(ThreadPoolExecutor.java:1134)
        at java.util.concurrent.ThreadPoolExecutor$Worker.run(ThreadPoolExecutor.java:624)
        at java.lang.Thread.run(Thread.java:750)
"BlockDeletingService#1" daemon prio=5 tid=378 timed_waiting
java.lang.Thread.State: TIMED_WAITING
        at sun.misc.Unsafe.park(Native Method)
        at java.util.concurrent.locks.LockSupport.parkNanos(LockSupport.java:215)
        at java.util.concurrent.locks.AbstractQueuedSynchronizer$ConditionObject.awaitNanos(AbstractQueuedSynchronizer.java:2078)
        at java.util.concurrent.ScheduledThreadPoolExecutor$DelayedWorkQueue.take(ScheduledThreadPoolExecutor.java:1093)
        at java.util.concurrent.ScheduledThreadPoolExecutor$DelayedWorkQueue.take(ScheduledThreadPoolExecutor.java:809)
        at java.util.concurrent.ThreadPoolExecutor.getTask(ThreadPoolExecutor.java:1074)
        at java.util.concurrent.ThreadPoolExecutor.runWorker(ThreadPoolExecutor.java:1134)
        at java.util.concurrent.ThreadPoolExecutor$Worker.run(ThreadPoolExecutor.java:624)
        at java.lang.Thread.run(Thread.java:750)
"IPC Server handler 11 on default port 33043" daemon prio=5 tid=68 timed_waiting
java.lang.Thread.State: TIMED_WAITING
        at sun.misc.Unsafe.park(Native Method)
        at java.util.concurrent.locks.LockSupport.parkNanos(LockSupport.java:215)
        at java.util.concurrent.locks.AbstractQueuedSynchronizer$ConditionObject.awaitNanos(AbstractQueuedSynchronizer.java:2078)
        at java.util.concurrent.LinkedBlockingQueue.poll(LinkedBlockingQueue.java:467)
        at org.apache.hadoop.ipc.CallQueueManager.take(CallQueueManager.java:317)
        at org.apache.hadoop.ipc.Server$Handler.run(Server.java:2942)
"IPC Server handler 0 on default port 40181" daemon prio=5 tid=37 timed_waiting
java.lang.Thread.State: TIMED_WAITING
        at sun.misc.Unsafe.park(Native Method)
        at java.util.concurrent.locks.LockSupport.parkNanos(LockSupport.java:215)
        at java.util.concurrent.locks.AbstractQueuedSynchronizer$ConditionObject.awaitNanos(AbstractQueuedSynchronizer.java:2078)
        at java.util.concurrent.LinkedBlockingQueue.poll(LinkedBlockingQueue.java:467)
        at org.apache.hadoop.ipc.CallQueueManager.take(CallQueueManager.java:317)
        at org.apache.hadoop.ipc.Server$Handler.run(Server.java:2942)
"27609338-e5ea-4e9e-bd63-6729dd2dbc7a@group-D51D6A44A918-SegmentedRaftLogWorker"  prio=5 tid=631 timed_waiting
java.lang.Thread.State: TIMED_WAITING
        at sun.misc.Unsafe.park(Native Method)
        at java.util.concurrent.locks.LockSupport.parkNanos(LockSupport.java:215)
        at java.util.concurrent.locks.AbstractQueuedSynchronizer$ConditionObject.awaitNanos(AbstractQueuedSynchronizer.java:2078)
        at org.apache.ratis.util.DataBlockingQueue.poll(DataBlockingQueue.java:148)
        at org.apache.ratis.server.raftlog.segmented.SegmentedRaftLogWorker.run(SegmentedRaftLogWorker.java:301)
        at org.apache.ratis.server.raftlog.segmented.SegmentedRaftLogWorker$$Lambda$612/521516682.run(Unknown Source)
        at java.lang.Thread.run(Thread.java:750)
"IPC Server handler 13 on default port 33043" daemon prio=5 tid=70 timed_waiting
java.lang.Thread.State: TIMED_WAITING
        at sun.misc.Unsafe.park(Native Method)
        at java.util.concurrent.locks.LockSupport.parkNanos(LockSupport.java:215)
        at java.util.concurrent.locks.AbstractQueuedSynchronizer$ConditionObject.awaitNanos(AbstractQueuedSynchronizer.java:2078)
        at java.util.concurrent.LinkedBlockingQueue.poll(LinkedBlockingQueue.java:467)
        at org.apache.hadoop.ipc.CallQueueManager.take(CallQueueManager.java:317)
        at org.apache.hadoop.ipc.Server$Handler.run(Server.java:2942)
"264ccfc1-7403-435b-81c3-d1dfb4335e59@group-B319158F4DE0-FollowerState" daemon prio=5 tid=905 timed_waiting
java.lang.Thread.State: TIMED_WAITING
        at java.lang.Thread.sleep(Native Method)
        at java.lang.Thread.sleep(Thread.java:342)
        at java.util.concurrent.TimeUnit.sleep(TimeUnit.java:386)
        at org.apache.ratis.util.TimeDuration.sleep(TimeDuration.java:325)
        at org.apache.ratis.util.TimeDuration.sleep(TimeDuration.java:310)
        at org.apache.ratis.server.impl.FollowerState.run(FollowerState.java:128)
"b5e52be0-4491-4e69-96e1-10d94051f40c@group-E555343BB60F-LeaderStateImpl" daemon prio=5 tid=790 timed_waiting
java.lang.Thread.State: TIMED_WAITING
        at sun.misc.Unsafe.park(Native Method)
        at java.util.concurrent.locks.LockSupport.parkNanos(LockSupport.java:215)
        at java.util.concurrent.locks.AbstractQueuedSynchronizer$ConditionObject.awaitNanos(AbstractQueuedSynchronizer.java:2078)
        at java.util.concurrent.ArrayBlockingQueue.poll(ArrayBlockingQueue.java:418)
        at org.apache.ratis.server.impl.LeaderStateImpl$EventQueue.poll(LeaderStateImpl.java:159)
        at org.apache.ratis.server.impl.LeaderStateImpl$EventProcessor.run(LeaderStateImpl.java:630)
"Datanode State Machine Task Thread - 1"  prio=5 tid=496 in Object.wait()
java.lang.Thread.State: WAITING (on object monitor)
        at sun.misc.Unsafe.park(Native Method)
        at java.util.concurrent.locks.LockSupport.park(LockSupport.java:175)
        at java.util.concurrent.locks.AbstractQueuedSynchronizer$ConditionObject.await(AbstractQueuedSynchronizer.java:2039)
        at java.util.concurrent.LinkedBlockingQueue.take(LinkedBlockingQueue.java:442)
        at java.util.concurrent.ThreadPoolExecutor.getTask(ThreadPoolExecutor.java:1074)
        at java.util.concurrent.ThreadPoolExecutor.runWorker(ThreadPoolExecutor.java:1134)
        at java.util.concurrent.ThreadPoolExecutor$Worker.run(ThreadPoolExecutor.java:624)
        at java.lang.Thread.run(Thread.java:750)
"CommandWatcher-LeaseManager#LeaseMonitor" daemon prio=5 tid=36 timed_waiting
java.lang.Thread.State: TIMED_WAITING
        at java.lang.Object.wait(Native Method)
        at org.apache.hadoop.ozone.lease.LeaseManager$LeaseMonitor.run(LeaseManager.java:238)
        at java.lang.Thread.run(Thread.java:750)
"grpc-default-executor-2" daemon prio=5 tid=603 timed_waiting
java.lang.Thread.State: TIMED_WAITING
        at sun.misc.Unsafe.park(Native Method)
        at java.util.concurrent.locks.LockSupport.parkNanos(LockSupport.java:215)
        at java.util.concurrent.SynchronousQueue$TransferStack.awaitFulfill(SynchronousQueue.java:460)
        at java.util.concurrent.SynchronousQueue$TransferStack.transfer(SynchronousQueue.java:362)
        at java.util.concurrent.SynchronousQueue.poll(SynchronousQueue.java:941)
        at java.util.concurrent.ThreadPoolExecutor.getTask(ThreadPoolExecutor.java:1073)
        at java.util.concurrent.ThreadPoolExecutor.runWorker(ThreadPoolExecutor.java:1134)
        at java.util.concurrent.ThreadPoolExecutor$Worker.run(ThreadPoolExecutor.java:624)
        at java.lang.Thread.run(Thread.java:750)
"EndpointStateMachine task thread for /0.0.0.0:35689 - 0 "  prio=5 tid=535 in Object.wait()
java.lang.Thread.State: WAITING (on object monitor)
        at sun.misc.Unsafe.park(Native Method)
        at java.util.concurrent.locks.LockSupport.park(LockSupport.java:175)
        at java.util.concurrent.locks.AbstractQueuedSynchronizer$ConditionObject.await(AbstractQueuedSynchronizer.java:2039)
        at java.util.concurrent.LinkedBlockingQueue.take(LinkedBlockingQueue.java:442)
        at java.util.concurrent.ThreadPoolExecutor.getTask(ThreadPoolExecutor.java:1074)
        at java.util.concurrent.ThreadPoolExecutor.runWorker(ThreadPoolExecutor.java:1134)
        at java.util.concurrent.ThreadPoolExecutor$Worker.run(ThreadPoolExecutor.java:624)
        at java.lang.Thread.run(Thread.java:750)
"qtp1720328101-209" daemon prio=5 tid=209 timed_waiting
java.lang.Thread.State: TIMED_WAITING
        at sun.misc.Unsafe.park(Native Method)
        at java.util.concurrent.locks.LockSupport.parkNanos(LockSupport.java:215)
        at java.util.concurrent.locks.AbstractQueuedSynchronizer$ConditionObject.awaitNanos(AbstractQueuedSynchronizer.java:2078)
        at org.eclipse.jetty.util.BlockingArrayQueue.poll(BlockingArrayQueue.java:382)
        at org.eclipse.jetty.util.thread.QueuedThreadPool$Runner.idleJobPoll(QueuedThreadPool.java:974)
        at org.eclipse.jetty.util.thread.QueuedThreadPool$Runner.run(QueuedThreadPool.java:1018)
        at java.lang.Thread.run(Thread.java:750)
"IPC Server handler 10 on default port 41743" daemon prio=5 tid=154 timed_waiting
java.lang.Thread.State: TIMED_WAITING
        at sun.misc.Unsafe.park(Native Method)
        at java.util.concurrent.locks.LockSupport.parkNanos(LockSupport.java:215)
        at java.util.concurrent.locks.AbstractQueuedSynchronizer$ConditionObject.awaitNanos(AbstractQueuedSynchronizer.java:2078)
        at java.util.concurrent.LinkedBlockingQueue.poll(LinkedBlockingQueue.java:467)
        at org.apache.hadoop.ipc.CallQueueManager.take(CallQueueManager.java:317)
        at org.apache.hadoop.ipc.Server$Handler.run(Server.java:2942)
"ChunkWriter-3-0" daemon prio=5 tid=539 in Object.wait()
java.lang.Thread.State: WAITING (on object monitor)
        at sun.misc.Unsafe.park(Native Method)
        at java.util.concurrent.locks.LockSupport.park(LockSupport.java:175)
        at java.util.concurrent.locks.AbstractQueuedSynchronizer$ConditionObject.await(AbstractQueuedSynchronizer.java:2039)
        at java.util.concurrent.LinkedBlockingDeque.takeFirst(LinkedBlockingDeque.java:492)
        at java.util.concurrent.LinkedBlockingDeque.take(LinkedBlockingDeque.java:680)
        at java.util.concurrent.ThreadPoolExecutor.getTask(ThreadPoolExecutor.java:1074)
        at java.util.concurrent.ThreadPoolExecutor.runWorker(ThreadPoolExecutor.java:1134)
        at java.util.concurrent.ThreadPoolExecutor$Worker.run(ThreadPoolExecutor.java:624)
        at java.lang.Thread.run(Thread.java:750)
"Datanode ReportManager Thread - 2" daemon prio=5 tid=357 timed_waiting
java.lang.Thread.State: TIMED_WAITING
        at sun.misc.Unsafe.park(Native Method)
        at java.util.concurrent.locks.LockSupport.parkNanos(LockSupport.java:215)
        at java.util.concurrent.locks.AbstractQueuedSynchronizer$ConditionObject.awaitNanos(AbstractQueuedSynchronizer.java:2078)
        at java.util.concurrent.ScheduledThreadPoolExecutor$DelayedWorkQueue.take(ScheduledThreadPoolExecutor.java:1093)
        at java.util.concurrent.ScheduledThreadPoolExecutor$DelayedWorkQueue.take(ScheduledThreadPoolExecutor.java:809)
        at java.util.concurrent.ThreadPoolExecutor.getTask(ThreadPoolExecutor.java:1074)
        at java.util.concurrent.ThreadPoolExecutor.runWorker(ThreadPoolExecutor.java:1134)
        at java.util.concurrent.ThreadPoolExecutor$Worker.run(ThreadPoolExecutor.java:624)
        at java.lang.Thread.run(Thread.java:750)
"grpc-default-worker-ELG-3-2" daemon prio=5 tid=571 runnable
java.lang.Thread.State: RUNNABLE
        at org.apache.ratis.thirdparty.io.netty.channel.epoll.Native.epollWait(Native Method)
        at org.apache.ratis.thirdparty.io.netty.channel.epoll.Native.epollWait(Native.java:193)
        at org.apache.ratis.thirdparty.io.netty.channel.epoll.Native.epollWait(Native.java:186)
        at org.apache.ratis.thirdparty.io.netty.channel.epoll.EpollEventLoop.epollWaitNoTimerChange(EpollEventLoop.java:290)
        at org.apache.ratis.thirdparty.io.netty.channel.epoll.EpollEventLoop.run(EpollEventLoop.java:347)
        at org.apache.ratis.thirdparty.io.netty.util.concurrent.SingleThreadEventExecutor$4.run(SingleThreadEventExecutor.java:986)
        at org.apache.ratis.thirdparty.io.netty.util.internal.ThreadExecutorMap$2.run(ThreadExecutorMap.java:74)
        at org.apache.ratis.thirdparty.io.netty.util.concurrent.FastThreadLocalRunnable.run(FastThreadLocalRunnable.java:30)
        at java.lang.Thread.run(Thread.java:750)
"IPC Server handler 5 on default port 35689" daemon prio=5 tid=82 timed_waiting
java.lang.Thread.State: TIMED_WAITING
        at sun.misc.Unsafe.park(Native Method)
        at java.util.concurrent.locks.LockSupport.parkNanos(LockSupport.java:215)
        at java.util.concurrent.locks.AbstractQueuedSynchronizer$ConditionObject.awaitNanos(AbstractQueuedSynchronizer.java:2078)
        at java.util.concurrent.LinkedBlockingQueue.poll(LinkedBlockingQueue.java:467)
        at org.apache.hadoop.ipc.CallQueueManager.take(CallQueueManager.java:317)
        at org.apache.hadoop.ipc.Server$Handler.run(Server.java:2942)
"StaleRecoveringContainerScrubbingService#0" daemon prio=5 tid=557 in Object.wait()
java.lang.Thread.State: WAITING (on object monitor)
        at sun.misc.Unsafe.park(Native Method)
        at java.util.concurrent.locks.LockSupport.park(LockSupport.java:175)
        at java.util.concurrent.locks.AbstractQueuedSynchronizer$ConditionObject.await(AbstractQueuedSynchronizer.java:2039)
        at java.util.concurrent.ScheduledThreadPoolExecutor$DelayedWorkQueue.take(ScheduledThreadPoolExecutor.java:1088)
        at java.util.concurrent.ScheduledThreadPoolExecutor$DelayedWorkQueue.take(ScheduledThreadPoolExecutor.java:809)
        at java.util.concurrent.ThreadPoolExecutor.getTask(ThreadPoolExecutor.java:1074)
        at java.util.concurrent.ThreadPoolExecutor.runWorker(ThreadPoolExecutor.java:1134)
        at java.util.concurrent.ThreadPoolExecutor$Worker.run(ThreadPoolExecutor.java:624)
        at java.lang.Thread.run(Thread.java:750)
"qtp823415723-102" daemon prio=5 tid=102 timed_waiting
java.lang.Thread.State: TIMED_WAITING
        at sun.misc.Unsafe.park(Native Method)
        at java.util.concurrent.locks.LockSupport.parkNanos(LockSupport.java:215)
        at java.util.concurrent.locks.AbstractQueuedSynchronizer$ConditionObject.awaitNanos(AbstractQueuedSynchronizer.java:2078)
        at org.eclipse.jetty.util.BlockingArrayQueue.poll(BlockingArrayQueue.java:382)
        at org.eclipse.jetty.util.thread.QueuedThreadPool$Runner.idleJobPoll(QueuedThreadPool.java:974)
        at org.eclipse.jetty.util.thread.QueuedThreadPool$Runner.run(QueuedThreadPool.java:1018)
        at java.lang.Thread.run(Thread.java:750)
"ChunkWriter-0-0" daemon prio=5 tid=536 in Object.wait()
java.lang.Thread.State: WAITING (on object monitor)
        at sun.misc.Unsafe.park(Native Method)
        at java.util.concurrent.locks.LockSupport.park(LockSupport.java:175)
        at java.util.concurrent.locks.AbstractQueuedSynchronizer$ConditionObject.await(AbstractQueuedSynchronizer.java:2039)
        at java.util.concurrent.LinkedBlockingDeque.takeFirst(LinkedBlockingDeque.java:492)
        at java.util.concurrent.LinkedBlockingDeque.take(LinkedBlockingDeque.java:680)
        at java.util.concurrent.ThreadPoolExecutor.getTask(ThreadPoolExecutor.java:1074)
        at java.util.concurrent.ThreadPoolExecutor.runWorker(ThreadPoolExecutor.java:1134)
        at java.util.concurrent.ThreadPoolExecutor$Worker.run(ThreadPoolExecutor.java:624)
        at java.lang.Thread.run(Thread.java:750)
"ChunkWriter-0-0" daemon prio=5 tid=403 in Object.wait()
java.lang.Thread.State: WAITING (on object monitor)
        at sun.misc.Unsafe.park(Native Method)
        at java.util.concurrent.locks.LockSupport.park(LockSupport.java:175)
        at java.util.concurrent.locks.AbstractQueuedSynchronizer$ConditionObject.await(AbstractQueuedSynchronizer.java:2039)
        at java.util.concurrent.LinkedBlockingDeque.takeFirst(LinkedBlockingDeque.java:492)
        at java.util.concurrent.LinkedBlockingDeque.take(LinkedBlockingDeque.java:680)
        at java.util.concurrent.ThreadPoolExecutor.getTask(ThreadPoolExecutor.java:1074)
        at java.util.concurrent.ThreadPoolExecutor.runWorker(ThreadPoolExecutor.java:1134)
        at java.util.concurrent.ThreadPoolExecutor$Worker.run(ThreadPoolExecutor.java:624)
        at java.lang.Thread.run(Thread.java:750)
"StaleRecoveringContainerScrubbingService#0" daemon prio=5 tid=377 in Object.wait()
java.lang.Thread.State: WAITING (on object monitor)
        at sun.misc.Unsafe.park(Native Method)
        at java.util.concurrent.locks.LockSupport.park(LockSupport.java:175)
        at java.util.concurrent.locks.AbstractQueuedSynchronizer$ConditionObject.await(AbstractQueuedSynchronizer.java:2039)
        at java.util.concurrent.ScheduledThreadPoolExecutor$DelayedWorkQueue.take(ScheduledThreadPoolExecutor.java:1088)
        at java.util.concurrent.ScheduledThreadPoolExecutor$DelayedWorkQueue.take(ScheduledThreadPoolExecutor.java:809)
        at java.util.concurrent.ThreadPoolExecutor.getTask(ThreadPoolExecutor.java:1074)
        at java.util.concurrent.ThreadPoolExecutor.runWorker(ThreadPoolExecutor.java:1134)
        at java.util.concurrent.ThreadPoolExecutor$Worker.run(ThreadPoolExecutor.java:624)
        at java.lang.Thread.run(Thread.java:750)
"BlockDeletingService#1" daemon prio=5 tid=544 timed_waiting
java.lang.Thread.State: TIMED_WAITING
        at sun.misc.Unsafe.park(Native Method)
        at java.util.concurrent.locks.LockSupport.parkNanos(LockSupport.java:215)
        at java.util.concurrent.locks.AbstractQueuedSynchronizer$ConditionObject.awaitNanos(AbstractQueuedSynchronizer.java:2078)
        at java.util.concurrent.ScheduledThreadPoolExecutor$DelayedWorkQueue.take(ScheduledThreadPoolExecutor.java:1093)
        at java.util.concurrent.ScheduledThreadPoolExecutor$DelayedWorkQueue.take(ScheduledThreadPoolExecutor.java:809)
        at java.util.concurrent.ThreadPoolExecutor.getTask(ThreadPoolExecutor.java:1074)
        at java.util.concurrent.ThreadPoolExecutor.runWorker(ThreadPoolExecutor.java:1134)
        at java.util.concurrent.ThreadPoolExecutor$Worker.run(ThreadPoolExecutor.java:624)
        at java.lang.Thread.run(Thread.java:750)
"Periodic HDDS volume checker" daemon prio=5 tid=299 timed_waiting
java.lang.Thread.State: TIMED_WAITING
        at sun.misc.Unsafe.park(Native Method)
        at java.util.concurrent.locks.LockSupport.parkNanos(LockSupport.java:215)
        at java.util.concurrent.locks.AbstractQueuedSynchronizer$ConditionObject.awaitNanos(AbstractQueuedSynchronizer.java:2078)
        at java.util.concurrent.ScheduledThreadPoolExecutor$DelayedWorkQueue.take(ScheduledThreadPoolExecutor.java:1093)
        at java.util.concurrent.ScheduledThreadPoolExecutor$DelayedWorkQueue.take(ScheduledThreadPoolExecutor.java:809)
        at java.util.concurrent.ThreadPoolExecutor.getTask(ThreadPoolExecutor.java:1074)
        at java.util.concurrent.ThreadPoolExecutor.runWorker(ThreadPoolExecutor.java:1134)
        at java.util.concurrent.ThreadPoolExecutor$Worker.run(ThreadPoolExecutor.java:624)
        at java.lang.Thread.run(Thread.java:750)
"Datanode State Machine Task Thread - 1"  prio=5 tid=508 in Object.wait()
java.lang.Thread.State: WAITING (on object monitor)
        at sun.misc.Unsafe.park(Native Method)
        at java.util.concurrent.locks.LockSupport.park(LockSupport.java:175)
        at java.util.concurrent.locks.AbstractQueuedSynchronizer$ConditionObject.await(AbstractQueuedSynchronizer.java:2039)
        at java.util.concurrent.LinkedBlockingQueue.take(LinkedBlockingQueue.java:442)
        at java.util.concurrent.ThreadPoolExecutor.getTask(ThreadPoolExecutor.java:1074)
        at java.util.concurrent.ThreadPoolExecutor.runWorker(ThreadPoolExecutor.java:1134)
        at java.util.concurrent.ThreadPoolExecutor$Worker.run(ThreadPoolExecutor.java:624)
        at java.lang.Thread.run(Thread.java:750)
"Session-HouseKeeper-5acf7f12-1"  prio=5 tid=262 timed_waiting
java.lang.Thread.State: TIMED_WAITING
        at sun.misc.Unsafe.park(Native Method)
        at java.util.concurrent.locks.LockSupport.parkNanos(LockSupport.java:215)
        at java.util.concurrent.locks.AbstractQueuedSynchronizer$ConditionObject.awaitNanos(AbstractQueuedSynchronizer.java:2078)
        at java.util.concurrent.ScheduledThreadPoolExecutor$DelayedWorkQueue.take(ScheduledThreadPoolExecutor.java:1093)
        at java.util.concurrent.ScheduledThreadPoolExecutor$DelayedWorkQueue.take(ScheduledThreadPoolExecutor.java:809)
        at java.util.concurrent.ThreadPoolExecutor.getTask(ThreadPoolExecutor.java:1074)
        at java.util.concurrent.ThreadPoolExecutor.runWorker(ThreadPoolExecutor.java:1134)
        at java.util.concurrent.ThreadPoolExecutor$Worker.run(ThreadPoolExecutor.java:624)
        at java.lang.Thread.run(Thread.java:750)
"Session-HouseKeeper-43a5e40c-1"  prio=5 tid=210 timed_waiting
java.lang.Thread.State: TIMED_WAITING
        at sun.misc.Unsafe.park(Native Method)
        at java.util.concurrent.locks.LockSupport.parkNanos(LockSupport.java:215)
        at java.util.concurrent.locks.AbstractQueuedSynchronizer$ConditionObject.awaitNanos(AbstractQueuedSynchronizer.java:2078)
        at java.util.concurrent.ScheduledThreadPoolExecutor$DelayedWorkQueue.take(ScheduledThreadPoolExecutor.java:1093)
        at java.util.concurrent.ScheduledThreadPoolExecutor$DelayedWorkQueue.take(ScheduledThreadPoolExecutor.java:809)
        at java.util.concurrent.ThreadPoolExecutor.getTask(ThreadPoolExecutor.java:1074)
        at java.util.concurrent.ThreadPoolExecutor.runWorker(ThreadPoolExecutor.java:1134)
        at java.util.concurrent.ThreadPoolExecutor$Worker.run(ThreadPoolExecutor.java:624)
        at java.lang.Thread.run(Thread.java:750)
"qtp1770500328-181" daemon prio=5 tid=181 timed_waiting
java.lang.Thread.State: TIMED_WAITING
        at sun.misc.Unsafe.park(Native Method)
        at java.util.concurrent.locks.LockSupport.parkNanos(LockSupport.java:215)
        at java.util.concurrent.locks.AbstractQueuedSynchronizer$ConditionObject.awaitNanos(AbstractQueuedSynchronizer.java:2078)
        at org.eclipse.jetty.util.BlockingArrayQueue.poll(BlockingArrayQueue.java:382)
        at org.eclipse.jetty.util.thread.QueuedThreadPool$Runner.idleJobPoll(QueuedThreadPool.java:974)
        at org.eclipse.jetty.util.thread.QueuedThreadPool$Runner.run(QueuedThreadPool.java:1018)
        at java.lang.Thread.run(Thread.java:750)
"IPC Server handler 6 on default port 40181" daemon prio=5 tid=43 timed_waiting
java.lang.Thread.State: TIMED_WAITING
        at sun.misc.Unsafe.park(Native Method)
        at java.util.concurrent.locks.LockSupport.parkNanos(LockSupport.java:215)
        at java.util.concurrent.locks.AbstractQueuedSynchronizer$ConditionObject.awaitNanos(AbstractQueuedSynchronizer.java:2078)
        at java.util.concurrent.LinkedBlockingQueue.poll(LinkedBlockingQueue.java:467)
        at org.apache.hadoop.ipc.CallQueueManager.take(CallQueueManager.java:317)
        at org.apache.hadoop.ipc.Server$Handler.run(Server.java:2942)
"qtp823415723-105" daemon prio=5 tid=105 timed_waiting
java.lang.Thread.State: TIMED_WAITING
        at sun.misc.Unsafe.park(Native Method)
        at java.util.concurrent.locks.LockSupport.parkNanos(LockSupport.java:215)
        at java.util.concurrent.locks.AbstractQueuedSynchronizer$ConditionObject.awaitNanos(AbstractQueuedSynchronizer.java:2078)
        at org.eclipse.jetty.util.BlockingArrayQueue.poll(BlockingArrayQueue.java:382)
        at org.eclipse.jetty.util.thread.QueuedThreadPool$Runner.idleJobPoll(QueuedThreadPool.java:974)
        at org.eclipse.jetty.util.thread.QueuedThreadPool$Runner.run(QueuedThreadPool.java:1018)
        at java.lang.Thread.run(Thread.java:750)
"IPC Server handler 1 on default port 40181" daemon prio=5 tid=38 timed_waiting
java.lang.Thread.State: TIMED_WAITING
        at sun.misc.Unsafe.park(Native Method)
        at java.util.concurrent.locks.LockSupport.parkNanos(LockSupport.java:215)
        at java.util.concurrent.locks.AbstractQueuedSynchronizer$ConditionObject.awaitNanos(AbstractQueuedSynchronizer.java:2078)
        at java.util.concurrent.LinkedBlockingQueue.poll(LinkedBlockingQueue.java:467)
        at org.apache.hadoop.ipc.CallQueueManager.take(CallQueueManager.java:317)
        at org.apache.hadoop.ipc.Server$Handler.run(Server.java:2942)
"qtp1697908956-260" daemon prio=5 tid=260 timed_waiting
java.lang.Thread.State: TIMED_WAITING
        at sun.misc.Unsafe.park(Native Method)
        at java.util.concurrent.locks.LockSupport.parkNanos(LockSupport.java:215)
        at java.util.concurrent.locks.AbstractQueuedSynchronizer$ConditionObject.awaitNanos(AbstractQueuedSynchronizer.java:2078)
        at org.eclipse.jetty.util.BlockingArrayQueue.poll(BlockingArrayQueue.java:382)
        at org.eclipse.jetty.util.thread.QueuedThreadPool$Runner.idleJobPoll(QueuedThreadPool.java:974)
        at org.eclipse.jetty.util.thread.QueuedThreadPool$Runner.run(QueuedThreadPool.java:1018)
        at java.lang.Thread.run(Thread.java:750)
"ChunkWriter-2-0" daemon prio=5 tid=329 in Object.wait()
java.lang.Thread.State: WAITING (on object monitor)
        at sun.misc.Unsafe.park(Native Method)
        at java.util.concurrent.locks.LockSupport.park(LockSupport.java:175)
        at java.util.concurrent.locks.AbstractQueuedSynchronizer$ConditionObject.await(AbstractQueuedSynchronizer.java:2039)
        at java.util.concurrent.LinkedBlockingDeque.takeFirst(LinkedBlockingDeque.java:492)
        at java.util.concurrent.LinkedBlockingDeque.take(LinkedBlockingDeque.java:680)
        at java.util.concurrent.ThreadPoolExecutor.getTask(ThreadPoolExecutor.java:1074)
        at java.util.concurrent.ThreadPoolExecutor.runWorker(ThreadPoolExecutor.java:1134)
        at java.util.concurrent.ThreadPoolExecutor$Worker.run(ThreadPoolExecutor.java:624)
        at java.lang.Thread.run(Thread.java:750)
"Datanode ReportManager Thread - 3" daemon prio=5 tid=293 timed_waiting
java.lang.Thread.State: TIMED_WAITING
        at sun.misc.Unsafe.park(Native Method)
        at java.util.concurrent.locks.LockSupport.parkNanos(LockSupport.java:215)
        at java.util.concurrent.locks.AbstractQueuedSynchronizer$ConditionObject.awaitNanos(AbstractQueuedSynchronizer.java:2078)
        at java.util.concurrent.ScheduledThreadPoolExecutor$DelayedWorkQueue.take(ScheduledThreadPoolExecutor.java:1093)
        at java.util.concurrent.ScheduledThreadPoolExecutor$DelayedWorkQueue.take(ScheduledThreadPoolExecutor.java:809)
        at java.util.concurrent.ThreadPoolExecutor.getTask(ThreadPoolExecutor.java:1074)
        at java.util.concurrent.ThreadPoolExecutor.runWorker(ThreadPoolExecutor.java:1134)
        at java.util.concurrent.ThreadPoolExecutor$Worker.run(ThreadPoolExecutor.java:624)
        at java.lang.Thread.run(Thread.java:750)
"IPC Server handler 7 on default port 33043" daemon prio=5 tid=64 timed_waiting
java.lang.Thread.State: TIMED_WAITING
        at sun.misc.Unsafe.park(Native Method)
        at java.util.concurrent.locks.LockSupport.parkNanos(LockSupport.java:215)
        at java.util.concurrent.locks.AbstractQueuedSynchronizer$ConditionObject.awaitNanos(AbstractQueuedSynchronizer.java:2078)
        at java.util.concurrent.LinkedBlockingQueue.poll(LinkedBlockingQueue.java:467)
        at org.apache.hadoop.ipc.CallQueueManager.take(CallQueueManager.java:317)
        at org.apache.hadoop.ipc.Server$Handler.run(Server.java:2942)
"8b5383b3-e7bf-4722-baeb-dd5c06b347e3@group-E555343BB60F-StateMachineUpdater" daemon prio=5 tid=577 timed_waiting
java.lang.Thread.State: TIMED_WAITING
        at sun.misc.Unsafe.park(Native Method)
        at java.util.concurrent.locks.LockSupport.parkNanos(LockSupport.java:215)
        at java.util.concurrent.CompletableFuture$Signaller.block(CompletableFuture.java:1709)
        at java.util.concurrent.ForkJoinPool.managedBlock(ForkJoinPool.java:3323)
        at java.util.concurrent.CompletableFuture.timedGet(CompletableFuture.java:1788)
        at java.util.concurrent.CompletableFuture.get(CompletableFuture.java:1928)
        at org.apache.ratis.util.AwaitForSignal.await(AwaitForSignal.java:56)
        at org.apache.ratis.server.impl.StateMachineUpdater.waitForCommit(StateMachineUpdater.java:207)
        at org.apache.ratis.server.impl.StateMachineUpdater.run(StateMachineUpdater.java:176)
        at java.lang.Thread.run(Thread.java:750)
"qtp1697908956-254" daemon prio=5 tid=254 runnable
java.lang.Thread.State: RUNNABLE
        at sun.nio.ch.EPollArrayWrapper.epollWait(Native Method)
        at sun.nio.ch.EPollArrayWrapper.poll(EPollArrayWrapper.java:269)
        at sun.nio.ch.EPollSelectorImpl.doSelect(EPollSelectorImpl.java:93)
        at sun.nio.ch.SelectorImpl.lockAndDoSelect(SelectorImpl.java:86)
        at sun.nio.ch.SelectorImpl.select(SelectorImpl.java:97)
        at sun.nio.ch.SelectorImpl.select(SelectorImpl.java:101)
        at org.eclipse.jetty.io.ManagedSelector.nioSelect(ManagedSelector.java:183)
        at org.eclipse.jetty.io.ManagedSelector.select(ManagedSelector.java:190)
        at org.eclipse.jetty.io.ManagedSelector$SelectorProducer.select(ManagedSelector.java:606)
        at org.eclipse.jetty.io.ManagedSelector$SelectorProducer.produce(ManagedSelector.java:543)
        at org.eclipse.jetty.util.thread.strategy.EatWhatYouKill.produceTask(EatWhatYouKill.java:362)
        at org.eclipse.jetty.util.thread.strategy.EatWhatYouKill.doProduce(EatWhatYouKill.java:186)
        at org.eclipse.jetty.util.thread.strategy.EatWhatYouKill.tryProduce(EatWhatYouKill.java:173)
        at org.eclipse.jetty.util.thread.strategy.EatWhatYouKill.produce(EatWhatYouKill.java:137)
        at org.eclipse.jetty.io.ManagedSelector$$Lambda$444/1122636984.run(Unknown Source)
        at org.eclipse.jetty.util.thread.QueuedThreadPool.runJob(QueuedThreadPool.java:883)
        at org.eclipse.jetty.util.thread.QueuedThreadPool$Runner.run(QueuedThreadPool.java:1034)
        at java.lang.Thread.run(Thread.java:750)
"e247b98c-9a86-486e-b3b1-fa195c9418a4@group-2ECA46B087C1-SegmentedRaftLogWorker"  prio=5 tid=591 timed_waiting
java.lang.Thread.State: TIMED_WAITING
        at sun.misc.Unsafe.park(Native Method)
        at java.util.concurrent.locks.LockSupport.parkNanos(LockSupport.java:215)
        at java.util.concurrent.locks.AbstractQueuedSynchronizer$ConditionObject.awaitNanos(AbstractQueuedSynchronizer.java:2078)
        at org.apache.ratis.util.DataBlockingQueue.poll(DataBlockingQueue.java:148)
        at org.apache.ratis.server.raftlog.segmented.SegmentedRaftLogWorker.run(SegmentedRaftLogWorker.java:301)
        at org.apache.ratis.server.raftlog.segmented.SegmentedRaftLogWorker$$Lambda$612/521516682.run(Unknown Source)
        at java.lang.Thread.run(Thread.java:750)
"Datanode ReportManager Thread - 4" daemon prio=5 tid=359 in Object.wait()
java.lang.Thread.State: WAITING (on object monitor)
        at sun.misc.Unsafe.park(Native Method)
        at java.util.concurrent.locks.LockSupport.park(LockSupport.java:175)
        at java.util.concurrent.locks.AbstractQueuedSynchronizer$ConditionObject.await(AbstractQueuedSynchronizer.java:2039)
        at java.util.concurrent.ScheduledThreadPoolExecutor$DelayedWorkQueue.take(ScheduledThreadPoolExecutor.java:1088)
        at java.util.concurrent.ScheduledThreadPoolExecutor$DelayedWorkQueue.take(ScheduledThreadPoolExecutor.java:809)
        at java.util.concurrent.ThreadPoolExecutor.getTask(ThreadPoolExecutor.java:1074)
        at java.util.concurrent.ThreadPoolExecutor.runWorker(ThreadPoolExecutor.java:1134)
        at java.util.concurrent.ThreadPoolExecutor$Worker.run(ThreadPoolExecutor.java:624)
        at java.lang.Thread.run(Thread.java:750)
"qtp193317890-308" daemon prio=5 tid=308 timed_waiting
java.lang.Thread.State: TIMED_WAITING
        at sun.misc.Unsafe.park(Native Method)
        at java.util.concurrent.locks.LockSupport.parkNanos(LockSupport.java:215)
        at java.util.concurrent.locks.AbstractQueuedSynchronizer$ConditionObject.awaitNanos(AbstractQueuedSynchronizer.java:2078)
        at org.eclipse.jetty.util.BlockingArrayQueue.poll(BlockingArrayQueue.java:382)
        at org.eclipse.jetty.util.thread.QueuedThreadPool$Runner.idleJobPoll(QueuedThreadPool.java:974)
        at org.eclipse.jetty.util.thread.QueuedThreadPool$Runner.run(QueuedThreadPool.java:1018)
        at java.lang.Thread.run(Thread.java:750)
"pool-223-thread-1"  prio=5 tid=344 timed_waiting
java.lang.Thread.State: TIMED_WAITING
        at sun.misc.Unsafe.park(Native Method)
        at java.util.concurrent.locks.LockSupport.parkNanos(LockSupport.java:215)
        at java.util.concurrent.locks.AbstractQueuedSynchronizer$ConditionObject.awaitNanos(AbstractQueuedSynchronizer.java:2078)
        at java.util.concurrent.ScheduledThreadPoolExecutor$DelayedWorkQueue.take(ScheduledThreadPoolExecutor.java:1093)
        at java.util.concurrent.ScheduledThreadPoolExecutor$DelayedWorkQueue.take(ScheduledThreadPoolExecutor.java:809)
        at java.util.concurrent.ThreadPoolExecutor.getTask(ThreadPoolExecutor.java:1074)
        at java.util.concurrent.ThreadPoolExecutor.runWorker(ThreadPoolExecutor.java:1134)
        at java.util.concurrent.ThreadPoolExecutor$Worker.run(ThreadPoolExecutor.java:624)
        at java.lang.Thread.run(Thread.java:750)
"qtp1697908956-258" daemon prio=5 tid=258 timed_waiting
java.lang.Thread.State: TIMED_WAITING
        at sun.misc.Unsafe.park(Native Method)
        at java.util.concurrent.locks.LockSupport.parkNanos(LockSupport.java:215)
        at java.util.concurrent.locks.AbstractQueuedSynchronizer$ConditionObject.awaitNanos(AbstractQueuedSynchronizer.java:2078)
        at org.eclipse.jetty.util.BlockingArrayQueue.poll(BlockingArrayQueue.java:382)
        at org.eclipse.jetty.util.thread.QueuedThreadPool$Runner.idleJobPoll(QueuedThreadPool.java:974)
        at org.eclipse.jetty.util.thread.QueuedThreadPool$Runner.run(QueuedThreadPool.java:1018)
        at java.lang.Thread.run(Thread.java:750)
"ChunkReader-ELG-0" daemon prio=5 tid=374 runnable
java.lang.Thread.State: RUNNABLE
        at org.apache.ratis.thirdparty.io.netty.channel.epoll.Native.epollWait(Native Method)
        at org.apache.ratis.thirdparty.io.netty.channel.epoll.Native.epollWait(Native.java:193)
        at org.apache.ratis.thirdparty.io.netty.channel.epoll.Native.epollWait(Native.java:186)
        at org.apache.ratis.thirdparty.io.netty.channel.epoll.EpollEventLoop.epollWaitNoTimerChange(EpollEventLoop.java:290)
        at org.apache.ratis.thirdparty.io.netty.channel.epoll.EpollEventLoop.run(EpollEventLoop.java:347)
        at org.apache.ratis.thirdparty.io.netty.util.concurrent.SingleThreadEventExecutor$4.run(SingleThreadEventExecutor.java:986)
        at org.apache.ratis.thirdparty.io.netty.util.internal.ThreadExecutorMap$2.run(ThreadExecutorMap.java:74)
        at java.lang.Thread.run(Thread.java:750)
"org.apache.hadoop.ozone.container.common.statemachine.commandhandler.DeleteBlocksCommandHandler$DeleteCmdWorker@40fec4ad" daemon prio=5 tid=200 timed_waiting
java.lang.Thread.State: TIMED_WAITING
        at java.lang.Thread.sleep(Native Method)
        at org.apache.hadoop.ozone.container.common.statemachine.commandhandler.DeleteBlocksCommandHandler$DeleteCmdWorker.run(DeleteBlocksCommandHandler.java:183)
        at java.lang.Thread.run(Thread.java:750)
"IPC Server handler 12 on default port 33043" daemon prio=5 tid=69 timed_waiting
java.lang.Thread.State: TIMED_WAITING
        at sun.misc.Unsafe.park(Native Method)
        at java.util.concurrent.locks.LockSupport.parkNanos(LockSupport.java:215)
        at java.util.concurrent.locks.AbstractQueuedSynchronizer$ConditionObject.awaitNanos(AbstractQueuedSynchronizer.java:2078)
        at java.util.concurrent.LinkedBlockingQueue.poll(LinkedBlockingQueue.java:467)
        at org.apache.hadoop.ipc.CallQueueManager.take(CallQueueManager.java:317)
        at org.apache.hadoop.ipc.Server$Handler.run(Server.java:2942)
"org.apache.hadoop.ozone.container.common.statemachine.commandhandler.DeleteBlocksCommandHandler$DeleteCmdWorker@25e308f9" daemon prio=5 tid=457 timed_waiting
java.lang.Thread.State: TIMED_WAITING
        at java.lang.Thread.sleep(Native Method)
        at org.apache.hadoop.ozone.container.common.statemachine.commandhandler.DeleteBlocksCommandHandler$DeleteCmdWorker.run(DeleteBlocksCommandHandler.java:183)
        at java.lang.Thread.run(Thread.java:750)
"EventQueue-NewNodeForNewNodeHandler" daemon prio=5 tid=489 in Object.wait()
java.lang.Thread.State: WAITING (on object monitor)
        at sun.misc.Unsafe.park(Native Method)
        at java.util.concurrent.locks.LockSupport.park(LockSupport.java:175)
        at java.util.concurrent.locks.AbstractQueuedSynchronizer$ConditionObject.await(AbstractQueuedSynchronizer.java:2039)
        at java.util.concurrent.LinkedBlockingQueue.take(LinkedBlockingQueue.java:442)
        at java.util.concurrent.ThreadPoolExecutor.getTask(ThreadPoolExecutor.java:1074)
        at java.util.concurrent.ThreadPoolExecutor.runWorker(ThreadPoolExecutor.java:1134)
        at java.util.concurrent.ThreadPoolExecutor$Worker.run(ThreadPoolExecutor.java:624)
        at java.lang.Thread.run(Thread.java:750)
"pool-173-thread-1"  prio=5 tid=279 timed_waiting
java.lang.Thread.State: TIMED_WAITING
        at sun.misc.Unsafe.park(Native Method)
        at java.util.concurrent.locks.LockSupport.parkNanos(LockSupport.java:215)
        at java.util.concurrent.locks.AbstractQueuedSynchronizer$ConditionObject.awaitNanos(AbstractQueuedSynchronizer.java:2078)
        at java.util.concurrent.ScheduledThreadPoolExecutor$DelayedWorkQueue.take(ScheduledThreadPoolExecutor.java:1093)
        at java.util.concurrent.ScheduledThreadPoolExecutor$DelayedWorkQueue.take(ScheduledThreadPoolExecutor.java:809)
        at java.util.concurrent.ThreadPoolExecutor.getTask(ThreadPoolExecutor.java:1074)
        at java.util.concurrent.ThreadPoolExecutor.runWorker(ThreadPoolExecutor.java:1134)
        at java.util.concurrent.ThreadPoolExecutor$Worker.run(ThreadPoolExecutor.java:624)
        at java.lang.Thread.run(Thread.java:750)
"16777052-74aa-4e90-8314-2bee1f1d951b@group-4005DE48A76A-SegmentedRaftLogWorker"  prio=5 tid=642 timed_waiting
java.lang.Thread.State: TIMED_WAITING
        at sun.misc.Unsafe.park(Native Method)
        at java.util.concurrent.locks.LockSupport.parkNanos(LockSupport.java:215)
        at java.util.concurrent.locks.AbstractQueuedSynchronizer$ConditionObject.awaitNanos(AbstractQueuedSynchronizer.java:2078)
        at org.apache.ratis.util.DataBlockingQueue.poll(DataBlockingQueue.java:148)
        at org.apache.ratis.server.raftlog.segmented.SegmentedRaftLogWorker.run(SegmentedRaftLogWorker.java:301)
        at org.apache.ratis.server.raftlog.segmented.SegmentedRaftLogWorker$$Lambda$612/521516682.run(Unknown Source)
        at java.lang.Thread.run(Thread.java:750)
"Datanode ReportManager Thread - 1" daemon prio=5 tid=432 in Object.wait()
java.lang.Thread.State: WAITING (on object monitor)
        at sun.misc.Unsafe.park(Native Method)
        at java.util.concurrent.locks.LockSupport.parkNanos(LockSupport.java:215)
        at java.util.concurrent.locks.AbstractQueuedSynchronizer$ConditionObject.awaitNanos(AbstractQueuedSynchronizer.java:2078)
        at java.util.concurrent.ScheduledThreadPoolExecutor$DelayedWorkQueue.take(ScheduledThreadPoolExecutor.java:1093)
        at java.util.concurrent.ScheduledThreadPoolExecutor$DelayedWorkQueue.take(ScheduledThreadPoolExecutor.java:809)
        at java.util.concurrent.ThreadPoolExecutor.getTask(ThreadPoolExecutor.java:1074)
        at java.util.concurrent.ThreadPoolExecutor.runWorker(ThreadPoolExecutor.java:1134)
        at java.util.concurrent.ThreadPoolExecutor$Worker.run(ThreadPoolExecutor.java:624)
        at java.lang.Thread.run(Thread.java:750)
"om1@group-C5BA1605619E-SegmentedRaftLogWorker"  prio=5 tid=120 timed_waiting
java.lang.Thread.State: TIMED_WAITING
        at sun.misc.Unsafe.park(Native Method)
        at java.util.concurrent.locks.LockSupport.parkNanos(LockSupport.java:215)
        at java.util.concurrent.locks.AbstractQueuedSynchronizer$ConditionObject.awaitNanos(AbstractQueuedSynchronizer.java:2078)
        at org.apache.ratis.util.DataBlockingQueue.poll(DataBlockingQueue.java:148)
        at org.apache.ratis.server.raftlog.segmented.SegmentedRaftLogWorker.run(SegmentedRaftLogWorker.java:301)
        at org.apache.ratis.server.raftlog.segmented.SegmentedRaftLogWorker$$Lambda$612/521516682.run(Unknown Source)
        at java.lang.Thread.run(Thread.java:750)
"qtp1819159284-141" daemon prio=5 tid=141 timed_waiting
java.lang.Thread.State: TIMED_WAITING
        at sun.misc.Unsafe.park(Native Method)
        at java.util.concurrent.locks.LockSupport.parkNanos(LockSupport.java:215)
        at java.util.concurrent.locks.AbstractQueuedSynchronizer$ConditionObject.awaitNanos(AbstractQueuedSynchronizer.java:2078)
        at org.eclipse.jetty.util.BlockingArrayQueue.poll(BlockingArrayQueue.java:382)
        at org.eclipse.jetty.util.thread.QueuedThreadPool$Runner.idleJobPoll(QueuedThreadPool.java:974)
        at org.eclipse.jetty.util.thread.QueuedThreadPool$Runner.run(QueuedThreadPool.java:1018)
        at java.lang.Thread.run(Thread.java:750)
"FixedThreadPoolWithAffinityExecutor-9-0" daemon prio=5 tid=490 in Object.wait()
java.lang.Thread.State: WAITING (on object monitor)
        at sun.misc.Unsafe.park(Native Method)
        at java.util.concurrent.locks.LockSupport.park(LockSupport.java:175)
        at java.util.concurrent.locks.AbstractQueuedSynchronizer$ConditionObject.await(AbstractQueuedSynchronizer.java:2039)
        at java.util.concurrent.LinkedBlockingDeque.takeFirst(LinkedBlockingDeque.java:492)
        at java.util.concurrent.LinkedBlockingDeque.take(LinkedBlockingDeque.java:680)
        at java.util.concurrent.ThreadPoolExecutor.getTask(ThreadPoolExecutor.java:1074)
        at java.util.concurrent.ThreadPoolExecutor.runWorker(ThreadPoolExecutor.java:1134)
        at java.util.concurrent.ThreadPoolExecutor$Worker.run(ThreadPoolExecutor.java:624)
        at java.lang.Thread.run(Thread.java:750)
"IPC Server handler 4 on default port 33043" daemon prio=5 tid=61 timed_waiting
java.lang.Thread.State: TIMED_WAITING
        at sun.misc.Unsafe.park(Native Method)
        at java.util.concurrent.locks.LockSupport.parkNanos(LockSupport.java:215)
        at java.util.concurrent.locks.AbstractQueuedSynchronizer$ConditionObject.awaitNanos(AbstractQueuedSynchronizer.java:2078)
        at java.util.concurrent.LinkedBlockingQueue.poll(LinkedBlockingQueue.java:467)
        at org.apache.hadoop.ipc.CallQueueManager.take(CallQueueManager.java:317)
        at org.apache.hadoop.ipc.Server$Handler.run(Server.java:2942)
"Datanode ReportManager Thread - 1" daemon prio=5 tid=472 in Object.wait()
java.lang.Thread.State: WAITING (on object monitor)
        at sun.misc.Unsafe.park(Native Method)
        at java.util.concurrent.locks.LockSupport.park(LockSupport.java:175)
        at java.util.concurrent.locks.AbstractQueuedSynchronizer$ConditionObject.await(AbstractQueuedSynchronizer.java:2039)
        at java.util.concurrent.ScheduledThreadPoolExecutor$DelayedWorkQueue.take(ScheduledThreadPoolExecutor.java:1088)
        at java.util.concurrent.ScheduledThreadPoolExecutor$DelayedWorkQueue.take(ScheduledThreadPoolExecutor.java:809)
        at java.util.concurrent.ThreadPoolExecutor.getTask(ThreadPoolExecutor.java:1074)
        at java.util.concurrent.ThreadPoolExecutor.runWorker(ThreadPoolExecutor.java:1134)
        at java.util.concurrent.ThreadPoolExecutor$Worker.run(ThreadPoolExecutor.java:624)
        at java.lang.Thread.run(Thread.java:750)
"grpc-default-boss-ELG-1-1" daemon prio=5 tid=128 runnable
java.lang.Thread.State: RUNNABLE
        at org.apache.ratis.thirdparty.io.netty.channel.epoll.Native.epollWait(Native Method)
        at org.apache.ratis.thirdparty.io.netty.channel.epoll.Native.epollWait(Native.java:193)
        at org.apache.ratis.thirdparty.io.netty.channel.epoll.Native.epollWait(Native.java:186)
        at org.apache.ratis.thirdparty.io.netty.channel.epoll.EpollEventLoop.epollWaitNoTimerChange(EpollEventLoop.java:290)
        at org.apache.ratis.thirdparty.io.netty.channel.epoll.EpollEventLoop.run(EpollEventLoop.java:347)
        at org.apache.ratis.thirdparty.io.netty.util.concurrent.SingleThreadEventExecutor$4.run(SingleThreadEventExecutor.java:986)
        at org.apache.ratis.thirdparty.io.netty.util.internal.ThreadExecutorMap$2.run(ThreadExecutorMap.java:74)
        at org.apache.ratis.thirdparty.io.netty.util.concurrent.FastThreadLocalRunnable.run(FastThreadLocalRunnable.java:30)
        at java.lang.Thread.run(Thread.java:750)
"Datanode ReportManager Thread - 2" daemon prio=5 tid=186 in Object.wait()
java.lang.Thread.State: WAITING (on object monitor)
        at sun.misc.Unsafe.park(Native Method)
        at java.util.concurrent.locks.LockSupport.park(LockSupport.java:175)
        at java.util.concurrent.locks.AbstractQueuedSynchronizer$ConditionObject.await(AbstractQueuedSynchronizer.java:2039)
        at java.util.concurrent.ScheduledThreadPoolExecutor$DelayedWorkQueue.take(ScheduledThreadPoolExecutor.java:1088)
        at java.util.concurrent.ScheduledThreadPoolExecutor$DelayedWorkQueue.take(ScheduledThreadPoolExecutor.java:809)
        at java.util.concurrent.ThreadPoolExecutor.getTask(ThreadPoolExecutor.java:1074)
        at java.util.concurrent.ThreadPoolExecutor.runWorker(ThreadPoolExecutor.java:1134)
        at java.util.concurrent.ThreadPoolExecutor$Worker.run(ThreadPoolExecutor.java:624)
        at java.lang.Thread.run(Thread.java:750)
"Datanode ReportManager Thread - 3" daemon prio=5 tid=187 in Object.wait()
java.lang.Thread.State: WAITING (on object monitor)
        at sun.misc.Unsafe.park(Native Method)
        at java.util.concurrent.locks.LockSupport.park(LockSupport.java:175)
        at java.util.concurrent.locks.AbstractQueuedSynchronizer$ConditionObject.await(AbstractQueuedSynchronizer.java:2039)
        at java.util.concurrent.ScheduledThreadPoolExecutor$DelayedWorkQueue.take(ScheduledThreadPoolExecutor.java:1088)
        at java.util.concurrent.ScheduledThreadPoolExecutor$DelayedWorkQueue.take(ScheduledThreadPoolExecutor.java:809)
        at java.util.concurrent.ThreadPoolExecutor.getTask(ThreadPoolExecutor.java:1074)
        at java.util.concurrent.ThreadPoolExecutor.runWorker(ThreadPoolExecutor.java:1134)
        at java.util.concurrent.ThreadPoolExecutor$Worker.run(ThreadPoolExecutor.java:624)
        at java.lang.Thread.run(Thread.java:750)
"264ccfc1-7403-435b-81c3-d1dfb4335e59@group-D51D6A44A918->27609338-e5ea-4e9e-bd63-6729dd2dbc7a-GrpcLogAppender-LogAppenderDaemon" daemon prio=5 tid=711 timed_waiting
java.lang.Thread.State: TIMED_WAITING
        at sun.misc.Unsafe.park(Native Method)
        at java.util.concurrent.locks.LockSupport.parkNanos(LockSupport.java:215)
        at java.util.concurrent.CompletableFuture$Signaller.block(CompletableFuture.java:1709)
        at java.util.concurrent.ForkJoinPool.managedBlock(ForkJoinPool.java:3323)
        at java.util.concurrent.CompletableFuture.timedGet(CompletableFuture.java:1788)
        at java.util.concurrent.CompletableFuture.get(CompletableFuture.java:1928)
        at org.apache.ratis.util.AwaitForSignal.await(AwaitForSignal.java:56)
        at org.apache.ratis.grpc.server.GrpcLogAppender.mayWait(GrpcLogAppender.java:169)
        at org.apache.ratis.grpc.server.GrpcLogAppender.run(GrpcLogAppender.java:128)
        at org.apache.ratis.server.leader.LogAppenderDaemon.run(LogAppenderDaemon.java:77)
        at org.apache.ratis.server.leader.LogAppenderDaemon$$Lambda$1009/1613603097.run(Unknown Source)
        at java.lang.Thread.run(Thread.java:750)
"BlockDeletingService#0" daemon prio=5 tid=516 in Object.wait()
java.lang.Thread.State: WAITING (on object monitor)
        at sun.misc.Unsafe.park(Native Method)
        at java.util.concurrent.locks.LockSupport.park(LockSupport.java:175)
        at java.util.concurrent.locks.AbstractQueuedSynchronizer$ConditionObject.await(AbstractQueuedSynchronizer.java:2039)
        at java.util.concurrent.ScheduledThreadPoolExecutor$DelayedWorkQueue.take(ScheduledThreadPoolExecutor.java:1088)
        at java.util.concurrent.ScheduledThreadPoolExecutor$DelayedWorkQueue.take(ScheduledThreadPoolExecutor.java:809)
        at java.util.concurrent.ThreadPoolExecutor.getTask(ThreadPoolExecutor.java:1074)
        at java.util.concurrent.ThreadPoolExecutor.runWorker(ThreadPoolExecutor.java:1134)
        at java.util.concurrent.ThreadPoolExecutor$Worker.run(ThreadPoolExecutor.java:624)
        at java.lang.Thread.run(Thread.java:750)
"Periodic HDDS volume checker" daemon prio=5 tid=166 timed_waiting
java.lang.Thread.State: TIMED_WAITING
        at sun.misc.Unsafe.park(Native Method)
        at java.util.concurrent.locks.LockSupport.parkNanos(LockSupport.java:215)
        at java.util.concurrent.locks.AbstractQueuedSynchronizer$ConditionObject.awaitNanos(AbstractQueuedSynchronizer.java:2078)
        at java.util.concurrent.ScheduledThreadPoolExecutor$DelayedWorkQueue.take(ScheduledThreadPoolExecutor.java:1093)
        at java.util.concurrent.ScheduledThreadPoolExecutor$DelayedWorkQueue.take(ScheduledThreadPoolExecutor.java:809)
        at java.util.concurrent.ThreadPoolExecutor.getTask(ThreadPoolExecutor.java:1074)
        at java.util.concurrent.ThreadPoolExecutor.runWorker(ThreadPoolExecutor.java:1134)
        at java.util.concurrent.ThreadPoolExecutor$Worker.run(ThreadPoolExecutor.java:624)
        at java.lang.Thread.run(Thread.java:750)
"Periodic HDDS volume checker" daemon prio=5 tid=247 timed_waiting
java.lang.Thread.State: TIMED_WAITING
        at sun.misc.Unsafe.park(Native Method)
        at java.util.concurrent.locks.LockSupport.parkNanos(LockSupport.java:215)
        at java.util.concurrent.locks.AbstractQueuedSynchronizer$ConditionObject.awaitNanos(AbstractQueuedSynchronizer.java:2078)
        at java.util.concurrent.ScheduledThreadPoolExecutor$DelayedWorkQueue.take(ScheduledThreadPoolExecutor.java:1093)
        at java.util.concurrent.ScheduledThreadPoolExecutor$DelayedWorkQueue.take(ScheduledThreadPoolExecutor.java:809)
        at java.util.concurrent.ThreadPoolExecutor.getTask(ThreadPoolExecutor.java:1074)
        at java.util.concurrent.ThreadPoolExecutor.runWorker(ThreadPoolExecutor.java:1134)
        at java.util.concurrent.ThreadPoolExecutor$Worker.run(ThreadPoolExecutor.java:624)
        at java.lang.Thread.run(Thread.java:750)
"qtp193317890-311" daemon prio=5 tid=311 timed_waiting
java.lang.Thread.State: TIMED_WAITING
        at sun.misc.Unsafe.park(Native Method)
        at java.util.concurrent.locks.LockSupport.parkNanos(LockSupport.java:215)
        at java.util.concurrent.locks.AbstractQueuedSynchronizer$ConditionObject.awaitNanos(AbstractQueuedSynchronizer.java:2078)
        at org.eclipse.jetty.util.BlockingArrayQueue.poll(BlockingArrayQueue.java:382)
        at org.eclipse.jetty.util.thread.QueuedThreadPool$Runner.idleJobPoll(QueuedThreadPool.java:974)
        at org.eclipse.jetty.util.thread.QueuedThreadPool$Runner.run(QueuedThreadPool.java:1018)
        at java.lang.Thread.run(Thread.java:750)
"3c897dd6-f9a8-4587-816d-4b361cef56f3@group-B319158F4DE0-StateMachineUpdater" daemon prio=5 tid=616 timed_waiting
java.lang.Thread.State: TIMED_WAITING
        at sun.misc.Unsafe.park(Native Method)
        at java.util.concurrent.locks.LockSupport.parkNanos(LockSupport.java:215)
        at java.util.concurrent.CompletableFuture$Signaller.block(CompletableFuture.java:1709)
        at java.util.concurrent.ForkJoinPool.managedBlock(ForkJoinPool.java:3323)
        at java.util.concurrent.CompletableFuture.timedGet(CompletableFuture.java:1788)
        at java.util.concurrent.CompletableFuture.get(CompletableFuture.java:1928)
        at org.apache.ratis.util.AwaitForSignal.await(AwaitForSignal.java:56)
        at org.apache.ratis.server.impl.StateMachineUpdater.waitForCommit(StateMachineUpdater.java:207)
        at org.apache.ratis.server.impl.StateMachineUpdater.run(StateMachineUpdater.java:176)
        at java.lang.Thread.run(Thread.java:750)
"Command processor thread" daemon prio=5 tid=476 timed_waiting
java.lang.Thread.State: TIMED_WAITING
        at java.lang.Thread.sleep(Native Method)
        at org.apache.hadoop.ozone.container.common.statemachine.DatanodeStateMachine.lambda$initCommandHandlerThread$3(DatanodeStateMachine.java:628)
        at org.apache.hadoop.ozone.container.common.statemachine.DatanodeStateMachine$$Lambda$729/1322069686.run(Unknown Source)
        at java.lang.Thread.run(Thread.java:750)
"Datanode ReportManager Thread - 2" daemon prio=5 tid=321 timed_waiting
java.lang.Thread.State: TIMED_WAITING
        at sun.misc.Unsafe.park(Native Method)
        at java.util.concurrent.locks.LockSupport.parkNanos(LockSupport.java:215)
        at java.util.concurrent.locks.AbstractQueuedSynchronizer$ConditionObject.awaitNanos(AbstractQueuedSynchronizer.java:2078)
        at java.util.concurrent.ScheduledThreadPoolExecutor$DelayedWorkQueue.take(ScheduledThreadPoolExecutor.java:1093)
        at java.util.concurrent.ScheduledThreadPoolExecutor$DelayedWorkQueue.take(ScheduledThreadPoolExecutor.java:809)
        at java.util.concurrent.ThreadPoolExecutor.getTask(ThreadPoolExecutor.java:1074)
        at java.util.concurrent.ThreadPoolExecutor.runWorker(ThreadPoolExecutor.java:1134)
        at java.util.concurrent.ThreadPoolExecutor$Worker.run(ThreadPoolExecutor.java:624)
        at java.lang.Thread.run(Thread.java:750)
"Datanode ReportManager Thread - 2" daemon prio=5 tid=240 in Object.wait()
java.lang.Thread.State: WAITING (on object monitor)
        at sun.misc.Unsafe.park(Native Method)
        at java.util.concurrent.locks.LockSupport.park(LockSupport.java:175)
        at java.util.concurrent.locks.AbstractQueuedSynchronizer$ConditionObject.await(AbstractQueuedSynchronizer.java:2039)
        at java.util.concurrent.ScheduledThreadPoolExecutor$DelayedWorkQueue.take(ScheduledThreadPoolExecutor.java:1088)
        at java.util.concurrent.ScheduledThreadPoolExecutor$DelayedWorkQueue.take(ScheduledThreadPoolExecutor.java:809)
        at java.util.concurrent.ThreadPoolExecutor.getTask(ThreadPoolExecutor.java:1074)
        at java.util.concurrent.ThreadPoolExecutor.runWorker(ThreadPoolExecutor.java:1134)
        at java.util.concurrent.ThreadPoolExecutor$Worker.run(ThreadPoolExecutor.java:624)
        at java.lang.Thread.run(Thread.java:750)
"IPC Server handler 19 on default port 33043" daemon prio=5 tid=76 timed_waiting
java.lang.Thread.State: TIMED_WAITING
        at sun.misc.Unsafe.park(Native Method)
        at java.util.concurrent.locks.LockSupport.parkNanos(LockSupport.java:215)
        at java.util.concurrent.locks.AbstractQueuedSynchronizer$ConditionObject.awaitNanos(AbstractQueuedSynchronizer.java:2078)
        at java.util.concurrent.LinkedBlockingQueue.poll(LinkedBlockingQueue.java:467)
        at org.apache.hadoop.ipc.CallQueueManager.take(CallQueueManager.java:317)
        at org.apache.hadoop.ipc.Server$Handler.run(Server.java:2942)
"8b5383b3-e7bf-4722-baeb-dd5c06b347e3@group-2ECA46B087C1->e247b98c-9a86-486e-b3b1-fa195c9418a4-GrpcLogAppender-LogAppenderDaemon" daemon prio=5 tid=848 timed_waiting
java.lang.Thread.State: TIMED_WAITING
        at sun.misc.Unsafe.park(Native Method)
        at java.util.concurrent.locks.LockSupport.parkNanos(LockSupport.java:215)
        at java.util.concurrent.CompletableFuture$Signaller.block(CompletableFuture.java:1709)
        at java.util.concurrent.ForkJoinPool.managedBlock(ForkJoinPool.java:3323)
        at java.util.concurrent.CompletableFuture.timedGet(CompletableFuture.java:1788)
        at java.util.concurrent.CompletableFuture.get(CompletableFuture.java:1928)
        at org.apache.ratis.util.AwaitForSignal.await(AwaitForSignal.java:56)
        at org.apache.ratis.grpc.server.GrpcLogAppender.mayWait(GrpcLogAppender.java:169)
        at org.apache.ratis.grpc.server.GrpcLogAppender.run(GrpcLogAppender.java:128)
        at org.apache.ratis.server.leader.LogAppenderDaemon.run(LogAppenderDaemon.java:77)
        at org.apache.ratis.server.leader.LogAppenderDaemon$$Lambda$1009/1613603097.run(Unknown Source)
        at java.lang.Thread.run(Thread.java:750)
"qtp1681627794-464" daemon prio=5 tid=464 timed_waiting
java.lang.Thread.State: TIMED_WAITING
        at sun.misc.Unsafe.park(Native Method)
        at java.util.concurrent.locks.LockSupport.parkNanos(LockSupport.java:215)
        at java.util.concurrent.locks.AbstractQueuedSynchronizer$ConditionObject.awaitNanos(AbstractQueuedSynchronizer.java:2078)
        at org.eclipse.jetty.util.BlockingArrayQueue.poll(BlockingArrayQueue.java:382)
        at org.eclipse.jetty.util.thread.QueuedThreadPool$Runner.idleJobPoll(QueuedThreadPool.java:974)
        at org.eclipse.jetty.util.thread.QueuedThreadPool$Runner.run(QueuedThreadPool.java:1018)
        at java.lang.Thread.run(Thread.java:750)
"qtp1172737018-232" daemon prio=5 tid=232 timed_waiting
java.lang.Thread.State: TIMED_WAITING
        at sun.misc.Unsafe.park(Native Method)
        at java.util.concurrent.locks.LockSupport.parkNanos(LockSupport.java:215)
        at java.util.concurrent.locks.AbstractQueuedSynchronizer$ConditionObject.awaitNanos(AbstractQueuedSynchronizer.java:2078)
        at org.eclipse.jetty.util.BlockingArrayQueue.poll(BlockingArrayQueue.java:382)
        at org.eclipse.jetty.util.thread.QueuedThreadPool$Runner.idleJobPoll(QueuedThreadPool.java:974)
        at org.eclipse.jetty.util.thread.QueuedThreadPool$Runner.run(QueuedThreadPool.java:1018)
        at java.lang.Thread.run(Thread.java:750)
"Session-HouseKeeper-18f4947f-1"  prio=5 tid=288 timed_waiting
java.lang.Thread.State: TIMED_WAITING
        at sun.misc.Unsafe.park(Native Method)
        at java.util.concurrent.locks.LockSupport.parkNanos(LockSupport.java:215)
        at java.util.concurrent.locks.AbstractQueuedSynchronizer$ConditionObject.awaitNanos(AbstractQueuedSynchronizer.java:2078)
        at java.util.concurrent.ScheduledThreadPoolExecutor$DelayedWorkQueue.take(ScheduledThreadPoolExecutor.java:1093)
        at java.util.concurrent.ScheduledThreadPoolExecutor$DelayedWorkQueue.take(ScheduledThreadPoolExecutor.java:809)
        at java.util.concurrent.ThreadPoolExecutor.getTask(ThreadPoolExecutor.java:1074)
        at java.util.concurrent.ThreadPoolExecutor.runWorker(ThreadPoolExecutor.java:1134)
        at java.util.concurrent.ThreadPoolExecutor$Worker.run(ThreadPoolExecutor.java:624)
        at java.lang.Thread.run(Thread.java:750)
"qtp1895032440-281-acceptor-0@800e0cb-ServerConnector@2d8a62a9{HTTP/1.1, (http/1.1)}{0.0.0.0:41009}" daemon prio=3 tid=281 runnable
java.lang.Thread.State: RUNNABLE
        at sun.nio.ch.ServerSocketChannelImpl.accept0(Native Method)
        at sun.nio.ch.ServerSocketChannelImpl.accept(ServerSocketChannelImpl.java:421)
        at sun.nio.ch.ServerSocketChannelImpl.accept(ServerSocketChannelImpl.java:249)
        at org.eclipse.jetty.server.ServerConnector.accept(ServerConnector.java:388)
        at org.eclipse.jetty.server.AbstractConnector$Acceptor.run(AbstractConnector.java:702)
        at org.eclipse.jetty.util.thread.QueuedThreadPool.runJob(QueuedThreadPool.java:883)
        at org.eclipse.jetty.util.thread.QueuedThreadPool$Runner.run(QueuedThreadPool.java:1034)
        at java.lang.Thread.run(Thread.java:750)
"27609338-e5ea-4e9e-bd63-6729dd2dbc7a@group-B319158F4DE0->264ccfc1-7403-435b-81c3-d1dfb4335e59-GrpcLogAppender-LogAppenderDaemon" daemon prio=5 tid=907 timed_waiting
java.lang.Thread.State: TIMED_WAITING
        at sun.misc.Unsafe.park(Native Method)
        at java.util.concurrent.locks.LockSupport.parkNanos(LockSupport.java:215)
        at java.util.concurrent.CompletableFuture$Signaller.block(CompletableFuture.java:1709)
        at java.util.concurrent.ForkJoinPool.managedBlock(ForkJoinPool.java:3323)
        at java.util.concurrent.CompletableFuture.timedGet(CompletableFuture.java:1788)
        at java.util.concurrent.CompletableFuture.get(CompletableFuture.java:1928)
        at org.apache.ratis.util.AwaitForSignal.await(AwaitForSignal.java:56)
        at org.apache.ratis.grpc.server.GrpcLogAppender.mayWait(GrpcLogAppender.java:169)
        at org.apache.ratis.grpc.server.GrpcLogAppender.run(GrpcLogAppender.java:128)
        at org.apache.ratis.server.leader.LogAppenderDaemon.run(LogAppenderDaemon.java:77)
        at org.apache.ratis.server.leader.LogAppenderDaemon$$Lambda$1009/1613603097.run(Unknown Source)
        at java.lang.Thread.run(Thread.java:750)
"StaleRecoveringContainerScrubbingService#1" daemon prio=5 tid=558 timed_waiting
java.lang.Thread.State: TIMED_WAITING
        at sun.misc.Unsafe.park(Native Method)
        at java.util.concurrent.locks.LockSupport.parkNanos(LockSupport.java:215)
        at java.util.concurrent.locks.AbstractQueuedSynchronizer$ConditionObject.awaitNanos(AbstractQueuedSynchronizer.java:2078)
        at java.util.concurrent.ScheduledThreadPoolExecutor$DelayedWorkQueue.take(ScheduledThreadPoolExecutor.java:1093)
        at java.util.concurrent.ScheduledThreadPoolExecutor$DelayedWorkQueue.take(ScheduledThreadPoolExecutor.java:809)
        at java.util.concurrent.ThreadPoolExecutor.getTask(ThreadPoolExecutor.java:1074)
        at java.util.concurrent.ThreadPoolExecutor.runWorker(ThreadPoolExecutor.java:1134)
        at java.util.concurrent.ThreadPoolExecutor$Worker.run(ThreadPoolExecutor.java:624)
        at java.lang.Thread.run(Thread.java:750)
"qtp1720328101-208" daemon prio=5 tid=208 timed_waiting
java.lang.Thread.State: TIMED_WAITING
        at sun.misc.Unsafe.park(Native Method)
        at java.util.concurrent.locks.LockSupport.parkNanos(LockSupport.java:215)
        at java.util.concurrent.locks.AbstractQueuedSynchronizer$ConditionObject.awaitNanos(AbstractQueuedSynchronizer.java:2078)
        at org.eclipse.jetty.util.BlockingArrayQueue.poll(BlockingArrayQueue.java:382)
        at org.eclipse.jetty.util.thread.QueuedThreadPool$Runner.idleJobPoll(QueuedThreadPool.java:974)
        at org.eclipse.jetty.util.thread.QueuedThreadPool$Runner.run(QueuedThreadPool.java:1018)
        at java.lang.Thread.run(Thread.java:750)
"Datanode State Machine Task Thread - 0"  prio=5 tid=438 in Object.wait()
java.lang.Thread.State: WAITING (on object monitor)
        at sun.misc.Unsafe.park(Native Method)
        at java.util.concurrent.locks.LockSupport.park(LockSupport.java:175)
        at java.util.concurrent.locks.AbstractQueuedSynchronizer$ConditionObject.await(AbstractQueuedSynchronizer.java:2039)
        at java.util.concurrent.LinkedBlockingQueue.take(LinkedBlockingQueue.java:442)
        at java.util.concurrent.ThreadPoolExecutor.getTask(ThreadPoolExecutor.java:1074)
        at java.util.concurrent.ThreadPoolExecutor.runWorker(ThreadPoolExecutor.java:1134)
        at java.util.concurrent.ThreadPoolExecutor$Worker.run(ThreadPoolExecutor.java:624)
        at java.lang.Thread.run(Thread.java:750)
"bbc6add2-54a7-4497-b631-73b4353e40e2@group-A007A3104D9A-SegmentedRaftLogWorker"  prio=5 tid=672 timed_waiting
java.lang.Thread.State: TIMED_WAITING
        at sun.misc.Unsafe.park(Native Method)
        at java.util.concurrent.locks.LockSupport.parkNanos(LockSupport.java:215)
        at java.util.concurrent.locks.AbstractQueuedSynchronizer$ConditionObject.awaitNanos(AbstractQueuedSynchronizer.java:2078)
        at org.apache.ratis.util.DataBlockingQueue.poll(DataBlockingQueue.java:148)
        at org.apache.ratis.server.raftlog.segmented.SegmentedRaftLogWorker.run(SegmentedRaftLogWorker.java:301)
        at org.apache.ratis.server.raftlog.segmented.SegmentedRaftLogWorker$$Lambda$612/521516682.run(Unknown Source)
        at java.lang.Thread.run(Thread.java:750)
"pool-180-thread-1" daemon prio=5 tid=301 timed_waiting
java.lang.Thread.State: TIMED_WAITING
        at sun.misc.Unsafe.park(Native Method)
        at java.util.concurrent.locks.LockSupport.parkNanos(LockSupport.java:215)
        at java.util.concurrent.locks.AbstractQueuedSynchronizer$ConditionObject.awaitNanos(AbstractQueuedSynchronizer.java:2078)
        at java.util.concurrent.ScheduledThreadPoolExecutor$DelayedWorkQueue.take(ScheduledThreadPoolExecutor.java:1093)
        at java.util.concurrent.ScheduledThreadPoolExecutor$DelayedWorkQueue.take(ScheduledThreadPoolExecutor.java:809)
        at java.util.concurrent.ThreadPoolExecutor.getTask(ThreadPoolExecutor.java:1074)
        at java.util.concurrent.ThreadPoolExecutor.runWorker(ThreadPoolExecutor.java:1134)
        at java.util.concurrent.ThreadPoolExecutor$Worker.run(ThreadPoolExecutor.java:624)
        at java.lang.Thread.run(Thread.java:750)
"qtp1022045468-425" daemon prio=5 tid=425 timed_waiting
java.lang.Thread.State: TIMED_WAITING
        at sun.misc.Unsafe.park(Native Method)
        at java.util.concurrent.locks.LockSupport.parkNanos(LockSupport.java:215)
        at java.util.concurrent.locks.AbstractQueuedSynchronizer$ConditionObject.awaitNanos(AbstractQueuedSynchronizer.java:2078)
        at org.eclipse.jetty.util.BlockingArrayQueue.poll(BlockingArrayQueue.java:382)
        at org.eclipse.jetty.util.thread.QueuedThreadPool$Runner.idleJobPoll(QueuedThreadPool.java:974)
        at org.eclipse.jetty.util.thread.QueuedThreadPool$Runner.run(QueuedThreadPool.java:1018)
        at java.lang.Thread.run(Thread.java:750)
"qtp1172737018-230" daemon prio=5 tid=230 timed_waiting
java.lang.Thread.State: TIMED_WAITING
        at sun.misc.Unsafe.park(Native Method)
        at java.util.concurrent.locks.LockSupport.parkNanos(LockSupport.java:215)
        at java.util.concurrent.locks.AbstractQueuedSynchronizer$ConditionObject.awaitNanos(AbstractQueuedSynchronizer.java:2078)
        at org.eclipse.jetty.util.BlockingArrayQueue.poll(BlockingArrayQueue.java:382)
        at org.eclipse.jetty.util.thread.QueuedThreadPool$Runner.idleJobPoll(QueuedThreadPool.java:974)
        at org.eclipse.jetty.util.thread.QueuedThreadPool$Runner.run(QueuedThreadPool.java:1018)
        at java.lang.Thread.run(Thread.java:750)
"qtp1770500328-174" daemon prio=5 tid=174 runnable
java.lang.Thread.State: RUNNABLE
        at sun.nio.ch.EPollArrayWrapper.epollWait(Native Method)
        at sun.nio.ch.EPollArrayWrapper.poll(EPollArrayWrapper.java:269)
        at sun.nio.ch.EPollSelectorImpl.doSelect(EPollSelectorImpl.java:93)
        at sun.nio.ch.SelectorImpl.lockAndDoSelect(SelectorImpl.java:86)
        at sun.nio.ch.SelectorImpl.select(SelectorImpl.java:97)
        at sun.nio.ch.SelectorImpl.select(SelectorImpl.java:101)
        at org.eclipse.jetty.io.ManagedSelector.nioSelect(ManagedSelector.java:183)
        at org.eclipse.jetty.io.ManagedSelector.select(ManagedSelector.java:190)
        at org.eclipse.jetty.io.ManagedSelector$SelectorProducer.select(ManagedSelector.java:606)
        at org.eclipse.jetty.io.ManagedSelector$SelectorProducer.produce(ManagedSelector.java:543)
        at org.eclipse.jetty.util.thread.strategy.EatWhatYouKill.produceTask(EatWhatYouKill.java:362)
        at org.eclipse.jetty.util.thread.strategy.EatWhatYouKill.doProduce(EatWhatYouKill.java:186)
        at org.eclipse.jetty.util.thread.strategy.EatWhatYouKill.tryProduce(EatWhatYouKill.java:173)
        at org.eclipse.jetty.util.thread.strategy.EatWhatYouKill.produce(EatWhatYouKill.java:137)
        at org.eclipse.jetty.io.ManagedSelector$$Lambda$444/1122636984.run(Unknown Source)
        at org.eclipse.jetty.util.thread.QueuedThreadPool.runJob(QueuedThreadPool.java:883)
        at org.eclipse.jetty.util.thread.QueuedThreadPool$Runner.run(QueuedThreadPool.java:1034)
        at java.lang.Thread.run(Thread.java:750)
"ChunkReader-0" daemon prio=5 tid=751 in Object.wait()
java.lang.Thread.State: WAITING (on object monitor)
        at sun.misc.Unsafe.park(Native Method)
        at java.util.concurrent.locks.LockSupport.park(LockSupport.java:175)
        at java.util.concurrent.locks.AbstractQueuedSynchronizer$ConditionObject.await(AbstractQueuedSynchronizer.java:2039)
        at java.util.concurrent.LinkedBlockingQueue.take(LinkedBlockingQueue.java:442)
        at java.util.concurrent.ThreadPoolExecutor.getTask(ThreadPoolExecutor.java:1074)
        at java.util.concurrent.ThreadPoolExecutor.runWorker(ThreadPoolExecutor.java:1134)
        at java.util.concurrent.ThreadPoolExecutor$Worker.run(ThreadPoolExecutor.java:624)
        at java.lang.Thread.run(Thread.java:750)
"EndpointStateMachine task thread for /0.0.0.0:35689 - 0 "  prio=5 tid=402 in Object.wait()
java.lang.Thread.State: WAITING (on object monitor)
        at sun.misc.Unsafe.park(Native Method)
        at java.util.concurrent.locks.LockSupport.park(LockSupport.java:175)
        at java.util.concurrent.locks.AbstractQueuedSynchronizer$ConditionObject.await(AbstractQueuedSynchronizer.java:2039)
        at java.util.concurrent.LinkedBlockingQueue.take(LinkedBlockingQueue.java:442)
        at java.util.concurrent.ThreadPoolExecutor.getTask(ThreadPoolExecutor.java:1074)
        at java.util.concurrent.ThreadPoolExecutor.runWorker(ThreadPoolExecutor.java:1134)
        at java.util.concurrent.ThreadPoolExecutor$Worker.run(ThreadPoolExecutor.java:624)
        at java.lang.Thread.run(Thread.java:750)
"Over Replicated Processor" daemon prio=5 tid=839 timed_waiting
java.lang.Thread.State: TIMED_WAITING
        at java.lang.Object.wait(Native Method)
        at org.apache.hadoop.hdds.scm.container.replication.OverReplicatedProcessor.run(OverReplicatedProcessor.java:131)
        at java.lang.Thread.run(Thread.java:750)
"ChunkReader-3" daemon prio=5 tid=769 in Object.wait()
java.lang.Thread.State: WAITING (on object monitor)
        at sun.misc.Unsafe.park(Native Method)
        at java.util.concurrent.locks.LockSupport.park(LockSupport.java:175)
        at java.util.concurrent.locks.AbstractQueuedSynchronizer$ConditionObject.await(AbstractQueuedSynchronizer.java:2039)
        at java.util.concurrent.LinkedBlockingQueue.take(LinkedBlockingQueue.java:442)
        at java.util.concurrent.ThreadPoolExecutor.getTask(ThreadPoolExecutor.java:1074)
        at java.util.concurrent.ThreadPoolExecutor.runWorker(ThreadPoolExecutor.java:1134)
        at java.util.concurrent.ThreadPoolExecutor$Worker.run(ThreadPoolExecutor.java:624)
        at java.lang.Thread.run(Thread.java:750)
"pool-288-thread-1" daemon prio=5 tid=448 timed_waiting
java.lang.Thread.State: TIMED_WAITING
        at sun.misc.Unsafe.park(Native Method)
        at java.util.concurrent.locks.LockSupport.parkNanos(LockSupport.java:215)
        at java.util.concurrent.locks.AbstractQueuedSynchronizer$ConditionObject.awaitNanos(AbstractQueuedSynchronizer.java:2078)
        at java.util.concurrent.ScheduledThreadPoolExecutor$DelayedWorkQueue.take(ScheduledThreadPoolExecutor.java:1093)
        at java.util.concurrent.ScheduledThreadPoolExecutor$DelayedWorkQueue.take(ScheduledThreadPoolExecutor.java:809)
        at java.util.concurrent.ThreadPoolExecutor.getTask(ThreadPoolExecutor.java:1074)
        at java.util.concurrent.ThreadPoolExecutor.runWorker(ThreadPoolExecutor.java:1134)
        at java.util.concurrent.ThreadPoolExecutor$Worker.run(ThreadPoolExecutor.java:624)
        at java.lang.Thread.run(Thread.java:750)
"qtp1172737018-229-acceptor-0@2ebaeb92-ServerConnector@3bf6dc0e{HTTP/1.1, (http/1.1)}{0.0.0.0:40461}" daemon prio=3 tid=229 runnable
java.lang.Thread.State: RUNNABLE
        at sun.nio.ch.ServerSocketChannelImpl.accept0(Native Method)
        at sun.nio.ch.ServerSocketChannelImpl.accept(ServerSocketChannelImpl.java:421)
        at sun.nio.ch.ServerSocketChannelImpl.accept(ServerSocketChannelImpl.java:249)
        at org.eclipse.jetty.server.ServerConnector.accept(ServerConnector.java:388)
        at org.eclipse.jetty.server.AbstractConnector$Acceptor.run(AbstractConnector.java:702)
        at org.eclipse.jetty.util.thread.QueuedThreadPool.runJob(QueuedThreadPool.java:883)
        at org.eclipse.jetty.util.thread.QueuedThreadPool$Runner.run(QueuedThreadPool.java:1034)
        at java.lang.Thread.run(Thread.java:750)
"qtp1770500328-180" daemon prio=5 tid=180 timed_waiting
java.lang.Thread.State: TIMED_WAITING
        at sun.misc.Unsafe.park(Native Method)
        at java.util.concurrent.locks.LockSupport.parkNanos(LockSupport.java:215)
        at java.util.concurrent.locks.AbstractQueuedSynchronizer$ConditionObject.awaitNanos(AbstractQueuedSynchronizer.java:2078)
        at org.eclipse.jetty.util.BlockingArrayQueue.poll(BlockingArrayQueue.java:382)
        at org.eclipse.jetty.util.thread.QueuedThreadPool$Runner.idleJobPoll(QueuedThreadPool.java:974)
        at org.eclipse.jetty.util.thread.QueuedThreadPool$Runner.run(QueuedThreadPool.java:1018)
        at java.lang.Thread.run(Thread.java:750)
"264ccfc1-7403-435b-81c3-d1dfb4335e59@group-D51D6A44A918-LeaderStateImpl" daemon prio=5 tid=710 timed_waiting
java.lang.Thread.State: TIMED_WAITING
        at sun.misc.Unsafe.park(Native Method)
        at java.util.concurrent.locks.LockSupport.parkNanos(LockSupport.java:215)
        at java.util.concurrent.locks.AbstractQueuedSynchronizer$ConditionObject.awaitNanos(AbstractQueuedSynchronizer.java:2078)
        at java.util.concurrent.ArrayBlockingQueue.poll(ArrayBlockingQueue.java:418)
        at org.apache.ratis.server.impl.LeaderStateImpl$EventQueue.poll(LeaderStateImpl.java:159)
        at org.apache.ratis.server.impl.LeaderStateImpl$EventProcessor.run(LeaderStateImpl.java:630)
"qtp1172737018-234" daemon prio=5 tid=234 timed_waiting
java.lang.Thread.State: TIMED_WAITING
        at sun.misc.Unsafe.park(Native Method)
        at java.util.concurrent.locks.LockSupport.parkNanos(LockSupport.java:215)
        at java.util.concurrent.locks.AbstractQueuedSynchronizer$ConditionObject.awaitNanos(AbstractQueuedSynchronizer.java:2078)
        at org.eclipse.jetty.util.BlockingArrayQueue.poll(BlockingArrayQueue.java:382)
        at org.eclipse.jetty.util.thread.QueuedThreadPool$Runner.idleJobPoll(QueuedThreadPool.java:974)
        at org.eclipse.jetty.util.thread.QueuedThreadPool$Runner.run(QueuedThreadPool.java:1018)
        at java.lang.Thread.run(Thread.java:750)
"Session-HouseKeeper-566095d9-1"  prio=5 tid=236 timed_waiting
java.lang.Thread.State: TIMED_WAITING
        at sun.misc.Unsafe.park(Native Method)
        at java.util.concurrent.locks.LockSupport.parkNanos(LockSupport.java:215)
        at java.util.concurrent.locks.AbstractQueuedSynchronizer$ConditionObject.awaitNanos(AbstractQueuedSynchronizer.java:2078)
        at java.util.concurrent.ScheduledThreadPoolExecutor$DelayedWorkQueue.take(ScheduledThreadPoolExecutor.java:1093)
        at java.util.concurrent.ScheduledThreadPoolExecutor$DelayedWorkQueue.take(ScheduledThreadPoolExecutor.java:809)
        at java.util.concurrent.ThreadPoolExecutor.getTask(ThreadPoolExecutor.java:1074)
        at java.util.concurrent.ThreadPoolExecutor.runWorker(ThreadPoolExecutor.java:1134)
        at java.util.concurrent.ThreadPoolExecutor$Worker.run(ThreadPoolExecutor.java:624)
        at java.lang.Thread.run(Thread.java:750)
"qtp1681627794-465" daemon prio=5 tid=465 timed_waiting
java.lang.Thread.State: TIMED_WAITING
        at sun.misc.Unsafe.park(Native Method)
        at java.util.concurrent.locks.LockSupport.parkNanos(LockSupport.java:215)
        at java.util.concurrent.locks.AbstractQueuedSynchronizer$ConditionObject.awaitNanos(AbstractQueuedSynchronizer.java:2078)
        at org.eclipse.jetty.util.BlockingArrayQueue.poll(BlockingArrayQueue.java:382)
        at org.eclipse.jetty.util.thread.QueuedThreadPool$Runner.idleJobPoll(QueuedThreadPool.java:974)
        at org.eclipse.jetty.util.thread.QueuedThreadPool$Runner.run(QueuedThreadPool.java:1018)
        at java.lang.Thread.run(Thread.java:750)
"8b5383b3-e7bf-4722-baeb-dd5c06b347e3@group-2ECA46B087C1->b5e52be0-4491-4e69-96e1-10d94051f40c-GrpcLogAppender-LogAppenderDaemon" daemon prio=5 tid=849 timed_waiting
java.lang.Thread.State: TIMED_WAITING
        at sun.misc.Unsafe.park(Native Method)
        at java.util.concurrent.locks.LockSupport.parkNanos(LockSupport.java:215)
        at java.util.concurrent.CompletableFuture$Signaller.block(CompletableFuture.java:1709)
        at java.util.concurrent.ForkJoinPool.managedBlock(ForkJoinPool.java:3323)
        at java.util.concurrent.CompletableFuture.timedGet(CompletableFuture.java:1788)
        at java.util.concurrent.CompletableFuture.get(CompletableFuture.java:1928)
        at org.apache.ratis.util.AwaitForSignal.await(AwaitForSignal.java:56)
        at org.apache.ratis.grpc.server.GrpcLogAppender.mayWait(GrpcLogAppender.java:169)
        at org.apache.ratis.grpc.server.GrpcLogAppender.run(GrpcLogAppender.java:128)
        at org.apache.ratis.server.leader.LogAppenderDaemon.run(LogAppenderDaemon.java:77)
        at org.apache.ratis.server.leader.LogAppenderDaemon$$Lambda$1009/1613603097.run(Unknown Source)
        at java.lang.Thread.run(Thread.java:750)
"PartialTableCache Cleanup Thread - 0" daemon prio=5 tid=730 in Object.wait()
java.lang.Thread.State: WAITING (on object monitor)
        at sun.misc.Unsafe.park(Native Method)
        at java.util.concurrent.locks.LockSupport.park(LockSupport.java:175)
        at java.util.concurrent.locks.AbstractQueuedSynchronizer$ConditionObject.await(AbstractQueuedSynchronizer.java:2039)
        at java.util.concurrent.LinkedBlockingQueue.take(LinkedBlockingQueue.java:442)
        at java.util.concurrent.ThreadPoolExecutor.getTask(ThreadPoolExecutor.java:1074)
        at java.util.concurrent.ThreadPoolExecutor.runWorker(ThreadPoolExecutor.java:1134)
        at java.util.concurrent.ThreadPoolExecutor$Worker.run(ThreadPoolExecutor.java:624)
        at java.lang.Thread.run(Thread.java:750)
"qtp193317890-307-acceptor-0@707bc7f-ServerConnector@67332c7c{HTTP/1.1, (http/1.1)}{0.0.0.0:34945}" daemon prio=3 tid=307 runnable
java.lang.Thread.State: RUNNABLE
        at sun.nio.ch.ServerSocketChannelImpl.accept0(Native Method)
        at sun.nio.ch.ServerSocketChannelImpl.accept(ServerSocketChannelImpl.java:421)
        at sun.nio.ch.ServerSocketChannelImpl.accept(ServerSocketChannelImpl.java:249)
        at org.eclipse.jetty.server.ServerConnector.accept(ServerConnector.java:388)
        at org.eclipse.jetty.server.AbstractConnector$Acceptor.run(AbstractConnector.java:702)
        at org.eclipse.jetty.util.thread.QueuedThreadPool.runJob(QueuedThreadPool.java:883)
        at org.eclipse.jetty.util.thread.QueuedThreadPool$Runner.run(QueuedThreadPool.java:1034)
        at java.lang.Thread.run(Thread.java:750)
"qtp1172737018-233" daemon prio=5 tid=233 timed_waiting
java.lang.Thread.State: TIMED_WAITING
        at sun.misc.Unsafe.park(Native Method)
        at java.util.concurrent.locks.LockSupport.parkNanos(LockSupport.java:215)
        at java.util.concurrent.locks.AbstractQueuedSynchronizer$ConditionObject.awaitNanos(AbstractQueuedSynchronizer.java:2078)
        at org.eclipse.jetty.util.BlockingArrayQueue.poll(BlockingArrayQueue.java:382)
        at org.eclipse.jetty.util.thread.QueuedThreadPool$Runner.idleJobPoll(QueuedThreadPool.java:974)
        at org.eclipse.jetty.util.thread.QueuedThreadPool$Runner.run(QueuedThreadPool.java:1018)
        at java.lang.Thread.run(Thread.java:750)
"pool-295-thread-1"  prio=5 tid=675 in Object.wait()
java.lang.Thread.State: WAITING (on object monitor)
        at sun.misc.Unsafe.park(Native Method)
        at java.util.concurrent.locks.LockSupport.park(LockSupport.java:175)
        at java.util.concurrent.locks.AbstractQueuedSynchronizer$ConditionObject.await(AbstractQueuedSynchronizer.java:2039)
        at java.util.concurrent.LinkedBlockingQueue.take(LinkedBlockingQueue.java:442)
        at java.util.concurrent.ThreadPoolExecutor.getTask(ThreadPoolExecutor.java:1074)
        at java.util.concurrent.ThreadPoolExecutor.runWorker(ThreadPoolExecutor.java:1134)
        at java.util.concurrent.ThreadPoolExecutor$Worker.run(ThreadPoolExecutor.java:624)
        at java.lang.Thread.run(Thread.java:750)
"Datanode ReportManager Thread - 4" daemon prio=5 tid=323 timed_waiting
java.lang.Thread.State: TIMED_WAITING
        at sun.misc.Unsafe.park(Native Method)
        at java.util.concurrent.locks.LockSupport.parkNanos(LockSupport.java:215)
        at java.util.concurrent.locks.AbstractQueuedSynchronizer$ConditionObject.awaitNanos(AbstractQueuedSynchronizer.java:2078)
        at java.util.concurrent.ScheduledThreadPoolExecutor$DelayedWorkQueue.take(ScheduledThreadPoolExecutor.java:1093)
        at java.util.concurrent.ScheduledThreadPoolExecutor$DelayedWorkQueue.take(ScheduledThreadPoolExecutor.java:809)
        at java.util.concurrent.ThreadPoolExecutor.getTask(ThreadPoolExecutor.java:1074)
        at java.util.concurrent.ThreadPoolExecutor.runWorker(ThreadPoolExecutor.java:1134)
        at java.util.concurrent.ThreadPoolExecutor$Worker.run(ThreadPoolExecutor.java:624)
        at java.lang.Thread.run(Thread.java:750)
"Datanode State Machine Task Thread - 0"  prio=5 tid=219 in Object.wait()
java.lang.Thread.State: WAITING (on object monitor)
        at sun.misc.Unsafe.park(Native Method)
        at java.util.concurrent.locks.LockSupport.park(LockSupport.java:175)
        at java.util.concurrent.locks.AbstractQueuedSynchronizer$ConditionObject.await(AbstractQueuedSynchronizer.java:2039)
        at java.util.concurrent.LinkedBlockingQueue.take(LinkedBlockingQueue.java:442)
        at java.util.concurrent.ThreadPoolExecutor.getTask(ThreadPoolExecutor.java:1074)
        at java.util.concurrent.ThreadPoolExecutor.runWorker(ThreadPoolExecutor.java:1134)
        at java.util.concurrent.ThreadPoolExecutor$Worker.run(ThreadPoolExecutor.java:624)
        at java.lang.Thread.run(Thread.java:750)
"RatisPipelineUtilsThread - 0"  prio=5 tid=15 timed_waiting
java.lang.Thread.State: TIMED_WAITING
        at java.lang.Object.wait(Native Method)
        at org.apache.hadoop.hdds.scm.pipeline.BackgroundPipelineCreator.run(BackgroundPipelineCreator.java:176)
        at org.apache.hadoop.hdds.scm.pipeline.BackgroundPipelineCreator$$Lambda$371/387137936.run(Unknown Source)
        at java.lang.Thread.run(Thread.java:750)
"e247b98c-9a86-486e-b3b1-fa195c9418a4@group-2ECA46B087C1-FollowerState" daemon prio=5 tid=850 timed_waiting
java.lang.Thread.State: TIMED_WAITING
        at java.lang.Thread.sleep(Native Method)
        at java.lang.Thread.sleep(Thread.java:342)
        at java.util.concurrent.TimeUnit.sleep(TimeUnit.java:386)
        at org.apache.ratis.util.TimeDuration.sleep(TimeDuration.java:325)
        at org.apache.ratis.util.TimeDuration.sleep(TimeDuration.java:310)
        at org.apache.ratis.server.impl.FollowerState.run(FollowerState.java:128)
"BlockDeletingService#1" daemon prio=5 tid=454 timed_waiting
java.lang.Thread.State: TIMED_WAITING
        at sun.misc.Unsafe.park(Native Method)
        at java.util.concurrent.locks.LockSupport.parkNanos(LockSupport.java:215)
        at java.util.concurrent.locks.AbstractQueuedSynchronizer$ConditionObject.awaitNanos(AbstractQueuedSynchronizer.java:2078)
        at java.util.concurrent.ScheduledThreadPoolExecutor$DelayedWorkQueue.take(ScheduledThreadPoolExecutor.java:1093)
        at java.util.concurrent.ScheduledThreadPoolExecutor$DelayedWorkQueue.take(ScheduledThreadPoolExecutor.java:809)
        at java.util.concurrent.ThreadPoolExecutor.getTask(ThreadPoolExecutor.java:1074)
        at java.util.concurrent.ThreadPoolExecutor.runWorker(ThreadPoolExecutor.java:1134)
        at java.util.concurrent.ThreadPoolExecutor$Worker.run(ThreadPoolExecutor.java:624)
        at java.lang.Thread.run(Thread.java:750)
"27609338-e5ea-4e9e-bd63-6729dd2dbc7a@group-B319158F4DE0->3c897dd6-f9a8-4587-816d-4b361cef56f3-GrpcLogAppender-LogAppenderDaemon" daemon prio=5 tid=908 timed_waiting
java.lang.Thread.State: TIMED_WAITING
        at sun.misc.Unsafe.park(Native Method)
        at java.util.concurrent.locks.LockSupport.parkNanos(LockSupport.java:215)
        at java.util.concurrent.CompletableFuture$Signaller.block(CompletableFuture.java:1709)
        at java.util.concurrent.ForkJoinPool.managedBlock(ForkJoinPool.java:3323)
        at java.util.concurrent.CompletableFuture.timedGet(CompletableFuture.java:1788)
        at java.util.concurrent.CompletableFuture.get(CompletableFuture.java:1928)
        at org.apache.ratis.util.AwaitForSignal.await(AwaitForSignal.java:56)
        at org.apache.ratis.grpc.server.GrpcLogAppender.mayWait(GrpcLogAppender.java:169)
        at org.apache.ratis.grpc.server.GrpcLogAppender.run(GrpcLogAppender.java:128)
        at org.apache.ratis.server.leader.LogAppenderDaemon.run(LogAppenderDaemon.java:77)
        at org.apache.ratis.server.leader.LogAppenderDaemon$$Lambda$1009/1613603097.run(Unknown Source)
        at java.lang.Thread.run(Thread.java:750)
"ChunkReader-4" daemon prio=5 tid=774 in Object.wait()
java.lang.Thread.State: WAITING (on object monitor)
        at sun.misc.Unsafe.park(Native Method)
        at java.util.concurrent.locks.LockSupport.park(LockSupport.java:175)
        at java.util.concurrent.locks.AbstractQueuedSynchronizer$ConditionObject.await(AbstractQueuedSynchronizer.java:2039)
        at java.util.concurrent.LinkedBlockingQueue.take(LinkedBlockingQueue.java:442)
        at java.util.concurrent.ThreadPoolExecutor.getTask(ThreadPoolExecutor.java:1074)
        at java.util.concurrent.ThreadPoolExecutor.runWorker(ThreadPoolExecutor.java:1134)
        at java.util.concurrent.ThreadPoolExecutor$Worker.run(ThreadPoolExecutor.java:624)
        at java.lang.Thread.run(Thread.java:750)
"ChunkWriter-0-0" daemon prio=5 tid=498 in Object.wait()
java.lang.Thread.State: WAITING (on object monitor)
        at sun.misc.Unsafe.park(Native Method)
        at java.util.concurrent.locks.LockSupport.park(LockSupport.java:175)
        at java.util.concurrent.locks.AbstractQueuedSynchronizer$ConditionObject.await(AbstractQueuedSynchronizer.java:2039)
        at java.util.concurrent.LinkedBlockingDeque.takeFirst(LinkedBlockingDeque.java:492)
        at java.util.concurrent.LinkedBlockingDeque.take(LinkedBlockingDeque.java:680)
        at java.util.concurrent.ThreadPoolExecutor.getTask(ThreadPoolExecutor.java:1074)
        at java.util.concurrent.ThreadPoolExecutor.runWorker(ThreadPoolExecutor.java:1134)
        at java.util.concurrent.ThreadPoolExecutor$Worker.run(ThreadPoolExecutor.java:624)
        at java.lang.Thread.run(Thread.java:750)
"Datanode State Machine Task Thread - 0"  prio=5 tid=297 in Object.wait()
java.lang.Thread.State: WAITING (on object monitor)
        at sun.misc.Unsafe.park(Native Method)
        at java.util.concurrent.locks.LockSupport.park(LockSupport.java:175)
        at java.util.concurrent.locks.AbstractQueuedSynchronizer$ConditionObject.await(AbstractQueuedSynchronizer.java:2039)
        at java.util.concurrent.LinkedBlockingQueue.take(LinkedBlockingQueue.java:442)
        at java.util.concurrent.ThreadPoolExecutor.getTask(ThreadPoolExecutor.java:1074)
        at java.util.concurrent.ThreadPoolExecutor.runWorker(ThreadPoolExecutor.java:1134)
        at java.util.concurrent.ThreadPoolExecutor$Worker.run(ThreadPoolExecutor.java:624)
        at java.lang.Thread.run(Thread.java:750)
"ChunkWriter-1-0" daemon prio=5 tid=442 in Object.wait()
java.lang.Thread.State: WAITING (on object monitor)
        at sun.misc.Unsafe.park(Native Method)
        at java.util.concurrent.locks.LockSupport.park(LockSupport.java:175)
        at java.util.concurrent.locks.AbstractQueuedSynchronizer$ConditionObject.await(AbstractQueuedSynchronizer.java:2039)
        at java.util.concurrent.LinkedBlockingDeque.takeFirst(LinkedBlockingDeque.java:492)
        at java.util.concurrent.LinkedBlockingDeque.take(LinkedBlockingDeque.java:680)
        at java.util.concurrent.ThreadPoolExecutor.getTask(ThreadPoolExecutor.java:1074)
        at java.util.concurrent.ThreadPoolExecutor.runWorker(ThreadPoolExecutor.java:1134)
        at java.util.concurrent.ThreadPoolExecutor$Worker.run(ThreadPoolExecutor.java:624)
        at java.lang.Thread.run(Thread.java:750)
"ChunkWriter-2-0" daemon prio=5 tid=551 in Object.wait()
java.lang.Thread.State: WAITING (on object monitor)
        at sun.misc.Unsafe.park(Native Method)
        at java.util.concurrent.locks.LockSupport.park(LockSupport.java:175)
        at java.util.concurrent.locks.AbstractQueuedSynchronizer$ConditionObject.await(AbstractQueuedSynchronizer.java:2039)
        at java.util.concurrent.LinkedBlockingDeque.takeFirst(LinkedBlockingDeque.java:492)
        at java.util.concurrent.LinkedBlockingDeque.take(LinkedBlockingDeque.java:680)
        at java.util.concurrent.ThreadPoolExecutor.getTask(ThreadPoolExecutor.java:1074)
        at java.util.concurrent.ThreadPoolExecutor.runWorker(ThreadPoolExecutor.java:1134)
        at java.util.concurrent.ThreadPoolExecutor$Worker.run(ThreadPoolExecutor.java:624)
        at java.lang.Thread.run(Thread.java:750)
"qtp1720328101-203-acceptor-0@5fa5d079-ServerConnector@5f4c831f{HTTP/1.1, (http/1.1)}{0.0.0.0:45067}" daemon prio=3 tid=203 runnable
java.lang.Thread.State: RUNNABLE
        at sun.nio.ch.ServerSocketChannelImpl.accept0(Native Method)
        at sun.nio.ch.ServerSocketChannelImpl.accept(ServerSocketChannelImpl.java:421)
        at sun.nio.ch.ServerSocketChannelImpl.accept(ServerSocketChannelImpl.java:249)
        at org.eclipse.jetty.server.ServerConnector.accept(ServerConnector.java:388)
        at org.eclipse.jetty.server.AbstractConnector$Acceptor.run(AbstractConnector.java:702)
        at org.eclipse.jetty.util.thread.QueuedThreadPool.runJob(QueuedThreadPool.java:883)
        at org.eclipse.jetty.util.thread.QueuedThreadPool$Runner.run(QueuedThreadPool.java:1034)
        at java.lang.Thread.run(Thread.java:750)
"ChunkWriter-2-0" daemon prio=5 tid=443 in Object.wait()
java.lang.Thread.State: WAITING (on object monitor)
        at sun.misc.Unsafe.park(Native Method)
        at java.util.concurrent.locks.LockSupport.park(LockSupport.java:175)
        at java.util.concurrent.locks.AbstractQueuedSynchronizer$ConditionObject.await(AbstractQueuedSynchronizer.java:2039)
        at java.util.concurrent.LinkedBlockingDeque.takeFirst(LinkedBlockingDeque.java:492)
        at java.util.concurrent.LinkedBlockingDeque.take(LinkedBlockingDeque.java:680)
        at java.util.concurrent.ThreadPoolExecutor.getTask(ThreadPoolExecutor.java:1074)
        at java.util.concurrent.ThreadPoolExecutor.runWorker(ThreadPoolExecutor.java:1134)
        at java.util.concurrent.ThreadPoolExecutor$Worker.run(ThreadPoolExecutor.java:624)
        at java.lang.Thread.run(Thread.java:750)
"IPC Server handler 14 on default port 35689" daemon prio=5 tid=91 timed_waiting
java.lang.Thread.State: TIMED_WAITING
        at sun.misc.Unsafe.park(Native Method)
        at java.util.concurrent.locks.LockSupport.parkNanos(LockSupport.java:215)
        at java.util.concurrent.locks.AbstractQueuedSynchronizer$ConditionObject.awaitNanos(AbstractQueuedSynchronizer.java:2078)
        at java.util.concurrent.LinkedBlockingQueue.poll(LinkedBlockingQueue.java:467)
        at org.apache.hadoop.ipc.CallQueueManager.take(CallQueueManager.java:317)
        at org.apache.hadoop.ipc.Server$Handler.run(Server.java:2942)
"org.apache.hadoop.util.JvmPauseMonitor$Monitor@2e50cd7" daemon prio=5 tid=437 timed_waiting
java.lang.Thread.State: TIMED_WAITING
        at java.lang.Thread.sleep(Native Method)
        at org.apache.hadoop.util.JvmPauseMonitor$Monitor.run(JvmPauseMonitor.java:192)
        at java.lang.Thread.run(Thread.java:750)
"Periodic HDDS volume checker" daemon prio=5 tid=273 timed_waiting
java.lang.Thread.State: TIMED_WAITING
        at sun.misc.Unsafe.park(Native Method)
        at java.util.concurrent.locks.LockSupport.parkNanos(LockSupport.java:215)
        at java.util.concurrent.locks.AbstractQueuedSynchronizer$ConditionObject.awaitNanos(AbstractQueuedSynchronizer.java:2078)
        at java.util.concurrent.ScheduledThreadPoolExecutor$DelayedWorkQueue.take(ScheduledThreadPoolExecutor.java:1093)
        at java.util.concurrent.ScheduledThreadPoolExecutor$DelayedWorkQueue.take(ScheduledThreadPoolExecutor.java:809)
        at java.util.concurrent.ThreadPoolExecutor.getTask(ThreadPoolExecutor.java:1074)
        at java.util.concurrent.ThreadPoolExecutor.runWorker(ThreadPoolExecutor.java:1134)
        at java.util.concurrent.ThreadPoolExecutor$Worker.run(ThreadPoolExecutor.java:624)
        at java.lang.Thread.run(Thread.java:750)
"StaleRecoveringContainerScrubbingService#2" daemon prio=5 tid=1027 in Object.wait()
java.lang.Thread.State: WAITING (on object monitor)
        at sun.misc.Unsafe.park(Native Method)
        at java.util.concurrent.locks.LockSupport.park(LockSupport.java:175)
        at java.util.concurrent.locks.AbstractQueuedSynchronizer$ConditionObject.await(AbstractQueuedSynchronizer.java:2039)
        at java.util.concurrent.ScheduledThreadPoolExecutor$DelayedWorkQueue.take(ScheduledThreadPoolExecutor.java:1088)
        at java.util.concurrent.ScheduledThreadPoolExecutor$DelayedWorkQueue.take(ScheduledThreadPoolExecutor.java:809)
        at java.util.concurrent.ThreadPoolExecutor.getTask(ThreadPoolExecutor.java:1074)
        at java.util.concurrent.ThreadPoolExecutor.runWorker(ThreadPoolExecutor.java:1134)
        at java.util.concurrent.ThreadPoolExecutor$Worker.run(ThreadPoolExecutor.java:624)
        at java.lang.Thread.run(Thread.java:750)
"IPC Server handler 19 on default port 35689" daemon prio=5 tid=96 timed_waiting
java.lang.Thread.State: TIMED_WAITING
        at sun.misc.Unsafe.park(Native Method)
        at java.util.concurrent.locks.LockSupport.parkNanos(LockSupport.java:215)
        at java.util.concurrent.locks.AbstractQueuedSynchronizer$ConditionObject.awaitNanos(AbstractQueuedSynchronizer.java:2078)
        at java.util.concurrent.LinkedBlockingQueue.poll(LinkedBlockingQueue.java:467)
        at org.apache.hadoop.ipc.CallQueueManager.take(CallQueueManager.java:317)
        at org.apache.hadoop.ipc.Server$Handler.run(Server.java:2942)
"ChunkReader-ELG-0" daemon prio=5 tid=503 runnable
java.lang.Thread.State: RUNNABLE
        at org.apache.ratis.thirdparty.io.netty.channel.epoll.Native.epollWait(Native Method)
        at org.apache.ratis.thirdparty.io.netty.channel.epoll.Native.epollWait(Native.java:193)
        at org.apache.ratis.thirdparty.io.netty.channel.epoll.Native.epollWait(Native.java:186)
        at org.apache.ratis.thirdparty.io.netty.channel.epoll.EpollEventLoop.epollWaitNoTimerChange(EpollEventLoop.java:290)
        at org.apache.ratis.thirdparty.io.netty.channel.epoll.EpollEventLoop.run(EpollEventLoop.java:347)
        at org.apache.ratis.thirdparty.io.netty.util.concurrent.SingleThreadEventExecutor$4.run(SingleThreadEventExecutor.java:986)
        at org.apache.ratis.thirdparty.io.netty.util.internal.ThreadExecutorMap$2.run(ThreadExecutorMap.java:74)
        at java.lang.Thread.run(Thread.java:750)
"3c897dd6-f9a8-4587-816d-4b361cef56f3@group-D51D6A44A918-FollowerState" daemon prio=5 tid=709 timed_waiting
java.lang.Thread.State: TIMED_WAITING
        at java.lang.Thread.sleep(Native Method)
        at java.lang.Thread.sleep(Thread.java:342)
        at java.util.concurrent.TimeUnit.sleep(TimeUnit.java:386)
        at org.apache.ratis.util.TimeDuration.sleep(TimeDuration.java:325)
        at org.apache.ratis.util.TimeDuration.sleep(TimeDuration.java:310)
        at org.apache.ratis.server.impl.FollowerState.run(FollowerState.java:128)
"IPC Server handler 3 on default port 41743" daemon prio=5 tid=147 timed_waiting
java.lang.Thread.State: TIMED_WAITING
        at sun.misc.Unsafe.park(Native Method)
        at java.util.concurrent.locks.LockSupport.parkNanos(LockSupport.java:215)
        at java.util.concurrent.locks.AbstractQueuedSynchronizer$ConditionObject.awaitNanos(AbstractQueuedSynchronizer.java:2078)
        at java.util.concurrent.LinkedBlockingQueue.poll(LinkedBlockingQueue.java:467)
        at org.apache.hadoop.ipc.CallQueueManager.take(CallQueueManager.java:317)
        at org.apache.hadoop.ipc.Server$Handler.run(Server.java:2942)
"ChunkReader-1" daemon prio=5 tid=754 in Object.wait()
java.lang.Thread.State: WAITING (on object monitor)
        at sun.misc.Unsafe.park(Native Method)
        at java.util.concurrent.locks.LockSupport.park(LockSupport.java:175)
        at java.util.concurrent.locks.AbstractQueuedSynchronizer$ConditionObject.await(AbstractQueuedSynchronizer.java:2039)
        at java.util.concurrent.LinkedBlockingQueue.take(LinkedBlockingQueue.java:442)
        at java.util.concurrent.ThreadPoolExecutor.getTask(ThreadPoolExecutor.java:1074)
        at java.util.concurrent.ThreadPoolExecutor.runWorker(ThreadPoolExecutor.java:1134)
        at java.util.concurrent.ThreadPoolExecutor$Worker.run(ThreadPoolExecutor.java:624)
        at java.lang.Thread.run(Thread.java:750)
"Datanode ReportManager Thread - 4" daemon prio=5 tid=294 timed_waiting
java.lang.Thread.State: TIMED_WAITING
        at sun.misc.Unsafe.park(Native Method)
        at java.util.concurrent.locks.LockSupport.parkNanos(LockSupport.java:215)
        at java.util.concurrent.locks.AbstractQueuedSynchronizer$ConditionObject.awaitNanos(AbstractQueuedSynchronizer.java:2078)
        at java.util.concurrent.ScheduledThreadPoolExecutor$DelayedWorkQueue.take(ScheduledThreadPoolExecutor.java:1093)
        at java.util.concurrent.ScheduledThreadPoolExecutor$DelayedWorkQueue.take(ScheduledThreadPoolExecutor.java:809)
        at java.util.concurrent.ThreadPoolExecutor.getTask(ThreadPoolExecutor.java:1074)
        at java.util.concurrent.ThreadPoolExecutor.runWorker(ThreadPoolExecutor.java:1134)
        at java.util.concurrent.ThreadPoolExecutor$Worker.run(ThreadPoolExecutor.java:624)
        at java.lang.Thread.run(Thread.java:750)
"27609338-e5ea-4e9e-bd63-6729dd2dbc7a@group-B319158F4DE0-LeaderStateImpl" daemon prio=5 tid=906 timed_waiting
java.lang.Thread.State: TIMED_WAITING
        at sun.misc.Unsafe.park(Native Method)
        at java.util.concurrent.locks.LockSupport.parkNanos(LockSupport.java:215)
        at java.util.concurrent.locks.AbstractQueuedSynchronizer$ConditionObject.awaitNanos(AbstractQueuedSynchronizer.java:2078)
        at java.util.concurrent.ArrayBlockingQueue.poll(ArrayBlockingQueue.java:418)
        at org.apache.ratis.server.impl.LeaderStateImpl$EventQueue.poll(LeaderStateImpl.java:159)
        at org.apache.ratis.server.impl.LeaderStateImpl$EventProcessor.run(LeaderStateImpl.java:630)
"qtp1895032440-284" daemon prio=5 tid=284 timed_waiting
java.lang.Thread.State: TIMED_WAITING
        at sun.misc.Unsafe.park(Native Method)
        at java.util.concurrent.locks.LockSupport.parkNanos(LockSupport.java:215)
        at java.util.concurrent.locks.AbstractQueuedSynchronizer$ConditionObject.awaitNanos(AbstractQueuedSynchronizer.java:2078)
        at org.eclipse.jetty.util.BlockingArrayQueue.poll(BlockingArrayQueue.java:382)
        at org.eclipse.jetty.util.thread.QueuedThreadPool$Runner.idleJobPoll(QueuedThreadPool.java:974)
        at org.eclipse.jetty.util.thread.QueuedThreadPool$Runner.run(QueuedThreadPool.java:1018)
        at java.lang.Thread.run(Thread.java:750)
"27609338-e5ea-4e9e-bd63-6729dd2dbc7a@group-D51D6A44A918-StateMachineUpdater" daemon prio=5 tid=632 timed_waiting
java.lang.Thread.State: TIMED_WAITING
        at sun.misc.Unsafe.park(Native Method)
        at java.util.concurrent.locks.LockSupport.parkNanos(LockSupport.java:215)
        at java.util.concurrent.CompletableFuture$Signaller.block(CompletableFuture.java:1709)
        at java.util.concurrent.ForkJoinPool.managedBlock(ForkJoinPool.java:3323)
        at java.util.concurrent.CompletableFuture.timedGet(CompletableFuture.java:1788)
        at java.util.concurrent.CompletableFuture.get(CompletableFuture.java:1928)
        at org.apache.ratis.util.AwaitForSignal.await(AwaitForSignal.java:56)
        at org.apache.ratis.server.impl.StateMachineUpdater.waitForCommit(StateMachineUpdater.java:207)
        at org.apache.ratis.server.impl.StateMachineUpdater.run(StateMachineUpdater.java:176)
        at java.lang.Thread.run(Thread.java:750)
"e247b98c-9a86-486e-b3b1-fa195c9418a4-server-thread1" daemon prio=5 tid=851 timed_waiting
java.lang.Thread.State: TIMED_WAITING
        at sun.misc.Unsafe.park(Native Method)
        at java.util.concurrent.locks.LockSupport.parkNanos(LockSupport.java:215)
        at java.util.concurrent.SynchronousQueue$TransferStack.awaitFulfill(SynchronousQueue.java:460)
        at java.util.concurrent.SynchronousQueue$TransferStack.transfer(SynchronousQueue.java:362)
        at java.util.concurrent.SynchronousQueue.poll(SynchronousQueue.java:941)
        at java.util.concurrent.ThreadPoolExecutor.getTask(ThreadPoolExecutor.java:1073)
        at java.util.concurrent.ThreadPoolExecutor.runWorker(ThreadPoolExecutor.java:1134)
        at java.util.concurrent.ThreadPoolExecutor$Worker.run(ThreadPoolExecutor.java:624)
        at java.lang.Thread.run(Thread.java:750)
"Datanode ReportManager Thread - 3" daemon prio=5 tid=241 in Object.wait()
java.lang.Thread.State: WAITING (on object monitor)
        at sun.misc.Unsafe.park(Native Method)
        at java.util.concurrent.locks.LockSupport.park(LockSupport.java:175)
        at java.util.concurrent.locks.AbstractQueuedSynchronizer$ConditionObject.await(AbstractQueuedSynchronizer.java:2039)
        at java.util.concurrent.ScheduledThreadPoolExecutor$DelayedWorkQueue.take(ScheduledThreadPoolExecutor.java:1088)
        at java.util.concurrent.ScheduledThreadPoolExecutor$DelayedWorkQueue.take(ScheduledThreadPoolExecutor.java:809)
        at java.util.concurrent.ThreadPoolExecutor.getTask(ThreadPoolExecutor.java:1074)
        at java.util.concurrent.ThreadPoolExecutor.runWorker(ThreadPoolExecutor.java:1134)
        at java.util.concurrent.ThreadPoolExecutor$Worker.run(ThreadPoolExecutor.java:624)
        at java.lang.Thread.run(Thread.java:750)
"pool-150-thread-1"  prio=5 tid=253 timed_waiting
java.lang.Thread.State: TIMED_WAITING
        at sun.misc.Unsafe.park(Native Method)
        at java.util.concurrent.locks.LockSupport.parkNanos(LockSupport.java:215)
        at java.util.concurrent.locks.AbstractQueuedSynchronizer$ConditionObject.awaitNanos(AbstractQueuedSynchronizer.java:2078)
        at java.util.concurrent.ScheduledThreadPoolExecutor$DelayedWorkQueue.take(ScheduledThreadPoolExecutor.java:1093)
        at java.util.concurrent.ScheduledThreadPoolExecutor$DelayedWorkQueue.take(ScheduledThreadPoolExecutor.java:809)
        at java.util.concurrent.ThreadPoolExecutor.getTask(ThreadPoolExecutor.java:1074)
        at java.util.concurrent.ThreadPoolExecutor.runWorker(ThreadPoolExecutor.java:1134)
        at java.util.concurrent.ThreadPoolExecutor$Worker.run(ThreadPoolExecutor.java:624)
        at java.lang.Thread.run(Thread.java:750)
"ChunkReader-1" daemon prio=5 tid=752 in Object.wait()
java.lang.Thread.State: WAITING (on object monitor)
        at sun.misc.Unsafe.park(Native Method)
        at java.util.concurrent.locks.LockSupport.park(LockSupport.java:175)
        at java.util.concurrent.locks.AbstractQueuedSynchronizer$ConditionObject.await(AbstractQueuedSynchronizer.java:2039)
        at java.util.concurrent.LinkedBlockingQueue.take(LinkedBlockingQueue.java:442)
        at java.util.concurrent.ThreadPoolExecutor.getTask(ThreadPoolExecutor.java:1074)
        at java.util.concurrent.ThreadPoolExecutor.runWorker(ThreadPoolExecutor.java:1134)
        at java.util.concurrent.ThreadPoolExecutor$Worker.run(ThreadPoolExecutor.java:624)
        at java.lang.Thread.run(Thread.java:750)
"264ccfc1-7403-435b-81c3-d1dfb4335e59@group-C5B5C94CEDB2-StateMachineUpdater" daemon prio=5 tid=609 timed_waiting
java.lang.Thread.State: TIMED_WAITING
        at sun.misc.Unsafe.park(Native Method)
        at java.util.concurrent.locks.LockSupport.parkNanos(LockSupport.java:215)
        at java.util.concurrent.CompletableFuture$Signaller.block(CompletableFuture.java:1709)
        at java.util.concurrent.ForkJoinPool.managedBlock(ForkJoinPool.java:3323)
        at java.util.concurrent.CompletableFuture.timedGet(CompletableFuture.java:1788)
        at java.util.concurrent.CompletableFuture.get(CompletableFuture.java:1928)
        at org.apache.ratis.util.AwaitForSignal.await(AwaitForSignal.java:56)
        at org.apache.ratis.server.impl.StateMachineUpdater.waitForCommit(StateMachineUpdater.java:207)
        at org.apache.ratis.server.impl.StateMachineUpdater.run(StateMachineUpdater.java:176)
        at java.lang.Thread.run(Thread.java:750)
"qtp1770500328-179" daemon prio=5 tid=179 timed_waiting
java.lang.Thread.State: TIMED_WAITING
        at sun.misc.Unsafe.park(Native Method)
        at java.util.concurrent.locks.LockSupport.parkNanos(LockSupport.java:215)
        at java.util.concurrent.locks.AbstractQueuedSynchronizer$ConditionObject.awaitNanos(AbstractQueuedSynchronizer.java:2078)
        at org.eclipse.jetty.util.BlockingArrayQueue.poll(BlockingArrayQueue.java:382)
        at org.eclipse.jetty.util.thread.QueuedThreadPool$Runner.idleJobPoll(QueuedThreadPool.java:974)
        at org.eclipse.jetty.util.thread.QueuedThreadPool$Runner.run(QueuedThreadPool.java:1018)
        at java.lang.Thread.run(Thread.java:750)
"IPC Server handler 16 on default port 40181" daemon prio=5 tid=53 timed_waiting
java.lang.Thread.State: TIMED_WAITING
        at sun.misc.Unsafe.park(Native Method)
        at java.util.concurrent.locks.LockSupport.parkNanos(LockSupport.java:215)
        at java.util.concurrent.locks.AbstractQueuedSynchronizer$ConditionObject.awaitNanos(AbstractQueuedSynchronizer.java:2078)
        at java.util.concurrent.LinkedBlockingQueue.poll(LinkedBlockingQueue.java:467)
        at org.apache.hadoop.ipc.CallQueueManager.take(CallQueueManager.java:317)
        at org.apache.hadoop.ipc.Server$Handler.run(Server.java:2942)
"ChunkWriter-1-0" daemon prio=5 tid=328 in Object.wait()
java.lang.Thread.State: WAITING (on object monitor)
        at sun.misc.Unsafe.park(Native Method)
        at java.util.concurrent.locks.LockSupport.park(LockSupport.java:175)
        at java.util.concurrent.locks.AbstractQueuedSynchronizer$ConditionObject.await(AbstractQueuedSynchronizer.java:2039)
        at java.util.concurrent.LinkedBlockingDeque.takeFirst(LinkedBlockingDeque.java:492)
        at java.util.concurrent.LinkedBlockingDeque.take(LinkedBlockingDeque.java:680)
        at java.util.concurrent.ThreadPoolExecutor.getTask(ThreadPoolExecutor.java:1074)
        at java.util.concurrent.ThreadPoolExecutor.runWorker(ThreadPoolExecutor.java:1134)
        at java.util.concurrent.ThreadPoolExecutor$Worker.run(ThreadPoolExecutor.java:624)
        at java.lang.Thread.run(Thread.java:750)
"org.apache.ratis.util.JvmPauseMonitor$$Lambda$684/1307560138@7946daff" daemon prio=5 tid=514 timed_waiting
java.lang.Thread.State: TIMED_WAITING
        at java.lang.Thread.sleep(Native Method)
        at java.lang.Thread.sleep(Thread.java:342)
        at java.util.concurrent.TimeUnit.sleep(TimeUnit.java:386)
        at org.apache.ratis.util.TimeDuration.sleep(TimeDuration.java:325)
        at org.apache.ratis.util.TimeDuration.sleep(TimeDuration.java:310)
        at org.apache.ratis.util.JvmPauseMonitor.detectPause(JvmPauseMonitor.java:117)
        at org.apache.ratis.util.JvmPauseMonitor.run(JvmPauseMonitor.java:106)
        at org.apache.ratis.util.JvmPauseMonitor$$Lambda$684/1307560138.run(Unknown Source)
        at java.lang.Thread.run(Thread.java:750)
"ChunkWriter-1-0" daemon prio=5 tid=511 in Object.wait()
java.lang.Thread.State: WAITING (on object monitor)
        at sun.misc.Unsafe.park(Native Method)
        at java.util.concurrent.locks.LockSupport.park(LockSupport.java:175)
        at java.util.concurrent.locks.AbstractQueuedSynchronizer$ConditionObject.await(AbstractQueuedSynchronizer.java:2039)
        at java.util.concurrent.LinkedBlockingDeque.takeFirst(LinkedBlockingDeque.java:492)
        at java.util.concurrent.LinkedBlockingDeque.take(LinkedBlockingDeque.java:680)
        at java.util.concurrent.ThreadPoolExecutor.getTask(ThreadPoolExecutor.java:1074)
        at java.util.concurrent.ThreadPoolExecutor.runWorker(ThreadPoolExecutor.java:1134)
        at java.util.concurrent.ThreadPoolExecutor$Worker.run(ThreadPoolExecutor.java:624)
        at java.lang.Thread.run(Thread.java:750)
"qtp1770500328-175-acceptor-0@48489766-ServerConnector@12ef753b{HTTP/1.1, (http/1.1)}{0.0.0.0:39329}" daemon prio=3 tid=175 runnable
java.lang.Thread.State: RUNNABLE
        at sun.nio.ch.ServerSocketChannelImpl.accept0(Native Method)
        at sun.nio.ch.ServerSocketChannelImpl.accept(ServerSocketChannelImpl.java:421)
        at sun.nio.ch.ServerSocketChannelImpl.accept(ServerSocketChannelImpl.java:249)
        at org.eclipse.jetty.server.ServerConnector.accept(ServerConnector.java:388)
        at org.eclipse.jetty.server.AbstractConnector$Acceptor.run(AbstractConnector.java:702)
        at org.eclipse.jetty.util.thread.QueuedThreadPool.runJob(QueuedThreadPool.java:883)
        at org.eclipse.jetty.util.thread.QueuedThreadPool$Runner.run(QueuedThreadPool.java:1034)
        at java.lang.Thread.run(Thread.java:750)
"org.apache.hadoop.ozone.container.common.statemachine.commandhandler.DeleteBlocksCommandHandler$DeleteCmdWorker@50e43637" daemon prio=5 tid=172 timed_waiting
java.lang.Thread.State: TIMED_WAITING
        at java.lang.Thread.sleep(Native Method)
        at org.apache.hadoop.ozone.container.common.statemachine.commandhandler.DeleteBlocksCommandHandler$DeleteCmdWorker.run(DeleteBlocksCommandHandler.java:183)
        at java.lang.Thread.run(Thread.java:750)
"qtp1819159284-142" daemon prio=5 tid=142 timed_waiting
java.lang.Thread.State: TIMED_WAITING
        at sun.misc.Unsafe.park(Native Method)
        at java.util.concurrent.locks.LockSupport.parkNanos(LockSupport.java:215)
        at java.util.concurrent.locks.AbstractQueuedSynchronizer$ConditionObject.awaitNanos(AbstractQueuedSynchronizer.java:2078)
        at org.eclipse.jetty.util.BlockingArrayQueue.poll(BlockingArrayQueue.java:382)
        at org.eclipse.jetty.util.thread.QueuedThreadPool$Runner.idleJobPoll(QueuedThreadPool.java:974)
        at org.eclipse.jetty.util.thread.QueuedThreadPool$Runner.run(QueuedThreadPool.java:1018)
        at java.lang.Thread.run(Thread.java:750)
"Datanode ReportManager Thread - 1" daemon prio=5 tid=265 in Object.wait()
java.lang.Thread.State: WAITING (on object monitor)
        at sun.misc.Unsafe.park(Native Method)
        at java.util.concurrent.locks.LockSupport.park(LockSupport.java:175)
        at java.util.concurrent.locks.AbstractQueuedSynchronizer$ConditionObject.await(AbstractQueuedSynchronizer.java:2039)
        at java.util.concurrent.ScheduledThreadPoolExecutor$DelayedWorkQueue.take(ScheduledThreadPoolExecutor.java:1088)
        at java.util.concurrent.ScheduledThreadPoolExecutor$DelayedWorkQueue.take(ScheduledThreadPoolExecutor.java:809)
        at java.util.concurrent.ThreadPoolExecutor.getTask(ThreadPoolExecutor.java:1074)
        at java.util.concurrent.ThreadPoolExecutor.runWorker(ThreadPoolExecutor.java:1134)
        at java.util.concurrent.ThreadPoolExecutor$Worker.run(ThreadPoolExecutor.java:624)
        at java.lang.Thread.run(Thread.java:750)
"Datanode State Machine Task Thread - 0"  prio=5 tid=326 in Object.wait()
java.lang.Thread.State: WAITING (on object monitor)
        at sun.misc.Unsafe.park(Native Method)
        at java.util.concurrent.locks.LockSupport.park(LockSupport.java:175)
        at java.util.concurrent.locks.AbstractQueuedSynchronizer$ConditionObject.await(AbstractQueuedSynchronizer.java:2039)
        at java.util.concurrent.LinkedBlockingQueue.take(LinkedBlockingQueue.java:442)
        at java.util.concurrent.ThreadPoolExecutor.getTask(ThreadPoolExecutor.java:1074)
        at java.util.concurrent.ThreadPoolExecutor.runWorker(ThreadPoolExecutor.java:1134)
        at java.util.concurrent.ThreadPoolExecutor$Worker.run(ThreadPoolExecutor.java:624)
        at java.lang.Thread.run(Thread.java:750)
"b5e52be0-4491-4e69-96e1-10d94051f40c@group-E555343BB60F->e247b98c-9a86-486e-b3b1-fa195c9418a4-GrpcLogAppender-LogAppenderDaemon" daemon prio=5 tid=791 timed_waiting
java.lang.Thread.State: TIMED_WAITING
        at sun.misc.Unsafe.park(Native Method)
        at java.util.concurrent.locks.LockSupport.parkNanos(LockSupport.java:215)
        at java.util.concurrent.CompletableFuture$Signaller.block(CompletableFuture.java:1709)
        at java.util.concurrent.ForkJoinPool.managedBlock(ForkJoinPool.java:3323)
        at java.util.concurrent.CompletableFuture.timedGet(CompletableFuture.java:1788)
        at java.util.concurrent.CompletableFuture.get(CompletableFuture.java:1928)
        at org.apache.ratis.util.AwaitForSignal.await(AwaitForSignal.java:56)
        at org.apache.ratis.grpc.server.GrpcLogAppender.mayWait(GrpcLogAppender.java:169)
        at org.apache.ratis.grpc.server.GrpcLogAppender.run(GrpcLogAppender.java:128)
        at org.apache.ratis.server.leader.LogAppenderDaemon.run(LogAppenderDaemon.java:77)
        at org.apache.ratis.server.leader.LogAppenderDaemon$$Lambda$1009/1613603097.run(Unknown Source)
        at java.lang.Thread.run(Thread.java:750)
"7caf7f47-8d76-4e84-850d-743f4336bef8@group-A3E353C6E768-LeaderStateImpl" daemon prio=5 tid=782 timed_waiting
java.lang.Thread.State: TIMED_WAITING
        at sun.misc.Unsafe.park(Native Method)
        at java.util.concurrent.locks.LockSupport.parkNanos(LockSupport.java:215)
        at java.util.concurrent.locks.AbstractQueuedSynchronizer$ConditionObject.awaitNanos(AbstractQueuedSynchronizer.java:2078)
        at java.util.concurrent.ArrayBlockingQueue.poll(ArrayBlockingQueue.java:418)
        at org.apache.ratis.server.impl.LeaderStateImpl$EventQueue.poll(LeaderStateImpl.java:159)
        at org.apache.ratis.server.impl.LeaderStateImpl$EventProcessor.run(LeaderStateImpl.java:630)
"qtp1895032440-287" daemon prio=5 tid=287 timed_waiting
java.lang.Thread.State: TIMED_WAITING
        at sun.misc.Unsafe.park(Native Method)
        at java.util.concurrent.locks.LockSupport.parkNanos(LockSupport.java:215)
        at java.util.concurrent.locks.AbstractQueuedSynchronizer$ConditionObject.awaitNanos(AbstractQueuedSynchronizer.java:2078)
        at org.eclipse.jetty.util.BlockingArrayQueue.poll(BlockingArrayQueue.java:382)
        at org.eclipse.jetty.util.thread.QueuedThreadPool$Runner.idleJobPoll(QueuedThreadPool.java:974)
        at org.eclipse.jetty.util.thread.QueuedThreadPool$Runner.run(QueuedThreadPool.java:1018)
        at java.lang.Thread.run(Thread.java:750)
"Datanode ReportManager Thread - 4" daemon prio=5 tid=435 in Object.wait()
java.lang.Thread.State: WAITING (on object monitor)
        at sun.misc.Unsafe.park(Native Method)
        at java.util.concurrent.locks.LockSupport.park(LockSupport.java:175)
        at java.util.concurrent.locks.AbstractQueuedSynchronizer$ConditionObject.await(AbstractQueuedSynchronizer.java:2039)
        at java.util.concurrent.ScheduledThreadPoolExecutor$DelayedWorkQueue.take(ScheduledThreadPoolExecutor.java:1088)
        at java.util.concurrent.ScheduledThreadPoolExecutor$DelayedWorkQueue.take(ScheduledThreadPoolExecutor.java:809)
        at java.util.concurrent.ThreadPoolExecutor.getTask(ThreadPoolExecutor.java:1074)
        at java.util.concurrent.ThreadPoolExecutor.runWorker(ThreadPoolExecutor.java:1134)
        at java.util.concurrent.ThreadPoolExecutor$Worker.run(ThreadPoolExecutor.java:624)
        at java.lang.Thread.run(Thread.java:750)
"IPC Server handler 17 on default port 35689" daemon prio=5 tid=94 timed_waiting
java.lang.Thread.State: TIMED_WAITING
        at sun.misc.Unsafe.park(Native Method)
        at java.util.concurrent.locks.LockSupport.parkNanos(LockSupport.java:215)
        at java.util.concurrent.locks.AbstractQueuedSynchronizer$ConditionObject.awaitNanos(AbstractQueuedSynchronizer.java:2078)
        at java.util.concurrent.LinkedBlockingQueue.poll(LinkedBlockingQueue.java:467)
        at org.apache.hadoop.ipc.CallQueueManager.take(CallQueueManager.java:317)
        at org.apache.hadoop.ipc.Server$Handler.run(Server.java:2942)
"Datanode State Machine Task Thread - 0"  prio=5 tid=478 in Object.wait()
java.lang.Thread.State: WAITING (on object monitor)
        at sun.misc.Unsafe.park(Native Method)
        at java.util.concurrent.locks.LockSupport.park(LockSupport.java:175)
        at java.util.concurrent.locks.AbstractQueuedSynchronizer$ConditionObject.await(AbstractQueuedSynchronizer.java:2039)
        at java.util.concurrent.LinkedBlockingQueue.take(LinkedBlockingQueue.java:442)
        at java.util.concurrent.ThreadPoolExecutor.getTask(ThreadPoolExecutor.java:1074)
        at java.util.concurrent.ThreadPoolExecutor.runWorker(ThreadPoolExecutor.java:1134)
        at java.util.concurrent.ThreadPoolExecutor$Worker.run(ThreadPoolExecutor.java:624)
        at java.lang.Thread.run(Thread.java:750)
"qtp1895032440-283" daemon prio=5 tid=283 timed_waiting
java.lang.Thread.State: TIMED_WAITING
        at sun.misc.Unsafe.park(Native Method)
        at java.util.concurrent.locks.LockSupport.parkNanos(LockSupport.java:215)
        at java.util.concurrent.locks.AbstractQueuedSynchronizer$ConditionObject.awaitNanos(AbstractQueuedSynchronizer.java:2078)
        at org.eclipse.jetty.util.BlockingArrayQueue.poll(BlockingArrayQueue.java:382)
        at org.eclipse.jetty.util.thread.QueuedThreadPool$Runner.idleJobPoll(QueuedThreadPool.java:974)
        at org.eclipse.jetty.util.thread.QueuedThreadPool$Runner.run(QueuedThreadPool.java:1018)
        at java.lang.Thread.run(Thread.java:750)
"IPC Server handler 2 on default port 35689" daemon prio=5 tid=79 timed_waiting
java.lang.Thread.State: TIMED_WAITING
        at sun.misc.Unsafe.park(Native Method)
        at java.util.concurrent.locks.LockSupport.parkNanos(LockSupport.java:215)
        at java.util.concurrent.locks.AbstractQueuedSynchronizer$ConditionObject.awaitNanos(AbstractQueuedSynchronizer.java:2078)
        at java.util.concurrent.LinkedBlockingQueue.poll(LinkedBlockingQueue.java:467)
        at org.apache.hadoop.ipc.CallQueueManager.take(CallQueueManager.java:317)
        at org.apache.hadoop.ipc.Server$Handler.run(Server.java:2942)
"b5e52be0-4491-4e69-96e1-10d94051f40c@group-2ECA46B087C1-FollowerState" daemon prio=5 tid=846 timed_waiting
java.lang.Thread.State: TIMED_WAITING
        at java.lang.Thread.sleep(Native Method)
        at java.lang.Thread.sleep(Thread.java:342)
        at java.util.concurrent.TimeUnit.sleep(TimeUnit.java:386)
        at org.apache.ratis.util.TimeDuration.sleep(TimeDuration.java:325)
        at org.apache.ratis.util.TimeDuration.sleep(TimeDuration.java:310)
        at org.apache.ratis.server.impl.FollowerState.run(FollowerState.java:128)
"Datanode ReportManager Thread - 3" daemon prio=5 tid=474 timed_waiting
java.lang.Thread.State: TIMED_WAITING
        at sun.misc.Unsafe.park(Native Method)
        at java.util.concurrent.locks.LockSupport.parkNanos(LockSupport.java:215)
        at java.util.concurrent.locks.AbstractQueuedSynchronizer$ConditionObject.awaitNanos(AbstractQueuedSynchronizer.java:2078)
        at java.util.concurrent.ScheduledThreadPoolExecutor$DelayedWorkQueue.take(ScheduledThreadPoolExecutor.java:1093)
        at java.util.concurrent.ScheduledThreadPoolExecutor$DelayedWorkQueue.take(ScheduledThreadPoolExecutor.java:809)
        at java.util.concurrent.ThreadPoolExecutor.getTask(ThreadPoolExecutor.java:1074)
        at java.util.concurrent.ThreadPoolExecutor.runWorker(ThreadPoolExecutor.java:1134)
        at java.util.concurrent.ThreadPoolExecutor$Worker.run(ThreadPoolExecutor.java:624)
        at java.lang.Thread.run(Thread.java:750)
"StaleRecoveringContainerScrubbingService#0" daemon prio=5 tid=414 in Object.wait()
java.lang.Thread.State: WAITING (on object monitor)
        at sun.misc.Unsafe.park(Native Method)
        at java.util.concurrent.locks.LockSupport.park(LockSupport.java:175)
        at java.util.concurrent.locks.AbstractQueuedSynchronizer$ConditionObject.await(AbstractQueuedSynchronizer.java:2039)
        at java.util.concurrent.ScheduledThreadPoolExecutor$DelayedWorkQueue.take(ScheduledThreadPoolExecutor.java:1088)
        at java.util.concurrent.ScheduledThreadPoolExecutor$DelayedWorkQueue.take(ScheduledThreadPoolExecutor.java:809)
        at java.util.concurrent.ThreadPoolExecutor.getTask(ThreadPoolExecutor.java:1074)
        at java.util.concurrent.ThreadPoolExecutor.runWorker(ThreadPoolExecutor.java:1134)
        at java.util.concurrent.ThreadPoolExecutor$Worker.run(ThreadPoolExecutor.java:624)
        at java.lang.Thread.run(Thread.java:750)
"IPC Server handler 1 on default port 41743" daemon prio=5 tid=145 timed_waiting
java.lang.Thread.State: TIMED_WAITING
        at sun.misc.Unsafe.park(Native Method)
        at java.util.concurrent.locks.LockSupport.parkNanos(LockSupport.java:215)
        at java.util.concurrent.locks.AbstractQueuedSynchronizer$ConditionObject.awaitNanos(AbstractQueuedSynchronizer.java:2078)
        at java.util.concurrent.LinkedBlockingQueue.poll(LinkedBlockingQueue.java:467)
        at org.apache.hadoop.ipc.CallQueueManager.take(CallQueueManager.java:317)
        at org.apache.hadoop.ipc.Server$Handler.run(Server.java:2942)
"264ccfc1-7403-435b-81c3-d1dfb4335e59@group-B319158F4DE0-SegmentedRaftLogWorker"  prio=5 tid=611 timed_waiting
java.lang.Thread.State: TIMED_WAITING
        at sun.misc.Unsafe.park(Native Method)
        at java.util.concurrent.locks.LockSupport.parkNanos(LockSupport.java:215)
        at java.util.concurrent.locks.AbstractQueuedSynchronizer$ConditionObject.awaitNanos(AbstractQueuedSynchronizer.java:2078)
        at org.apache.ratis.util.DataBlockingQueue.poll(DataBlockingQueue.java:148)
        at org.apache.ratis.server.raftlog.segmented.SegmentedRaftLogWorker.run(SegmentedRaftLogWorker.java:301)
        at org.apache.ratis.server.raftlog.segmented.SegmentedRaftLogWorker$$Lambda$612/521516682.run(Unknown Source)
        at java.lang.Thread.run(Thread.java:750)
"b5e52be0-4491-4e69-96e1-10d94051f40c@group-ADDBCF77707C-LeaderStateImpl" daemon prio=5 tid=696 timed_waiting
java.lang.Thread.State: TIMED_WAITING
        at sun.misc.Unsafe.park(Native Method)
        at java.util.concurrent.locks.LockSupport.parkNanos(LockSupport.java:215)
        at java.util.concurrent.locks.AbstractQueuedSynchronizer$ConditionObject.awaitNanos(AbstractQueuedSynchronizer.java:2078)
        at java.util.concurrent.ArrayBlockingQueue.poll(ArrayBlockingQueue.java:418)
        at org.apache.ratis.server.impl.LeaderStateImpl$EventQueue.poll(LeaderStateImpl.java:159)
        at org.apache.ratis.server.impl.LeaderStateImpl$EventProcessor.run(LeaderStateImpl.java:630)
"Datanode State Machine Daemon Thread" daemon prio=5 tid=183 timed_waiting
java.lang.Thread.State: TIMED_WAITING
        at java.lang.Thread.sleep(Native Method)
        at org.apache.hadoop.ozone.container.common.statemachine.DatanodeStateMachine.startStateMachineThread(DatanodeStateMachine.java:313)
        at org.apache.hadoop.ozone.container.common.statemachine.DatanodeStateMachine.lambda$startDaemon$0(DatanodeStateMachine.java:493)
        at org.apache.hadoop.ozone.container.common.statemachine.DatanodeStateMachine$$Lambda$727/1819651816.run(Unknown Source)
        at java.lang.Thread.run(Thread.java:750)
"Command processor thread" daemon prio=5 tid=295 timed_waiting
java.lang.Thread.State: TIMED_WAITING
        at java.lang.Thread.sleep(Native Method)
        at org.apache.hadoop.ozone.container.common.statemachine.DatanodeStateMachine.lambda$initCommandHandlerThread$3(DatanodeStateMachine.java:628)
        at org.apache.hadoop.ozone.container.common.statemachine.DatanodeStateMachine$$Lambda$729/1322069686.run(Unknown Source)
        at java.lang.Thread.run(Thread.java:750)
"StaleRecoveringContainerScrubbingService#1" daemon prio=5 tid=519 timed_waiting
java.lang.Thread.State: TIMED_WAITING
        at sun.misc.Unsafe.park(Native Method)
        at java.util.concurrent.locks.LockSupport.parkNanos(LockSupport.java:215)
        at java.util.concurrent.locks.AbstractQueuedSynchronizer$ConditionObject.awaitNanos(AbstractQueuedSynchronizer.java:2078)
        at java.util.concurrent.ScheduledThreadPoolExecutor$DelayedWorkQueue.take(ScheduledThreadPoolExecutor.java:1093)
        at java.util.concurrent.ScheduledThreadPoolExecutor$DelayedWorkQueue.take(ScheduledThreadPoolExecutor.java:809)
        at java.util.concurrent.ThreadPoolExecutor.getTask(ThreadPoolExecutor.java:1074)
        at java.util.concurrent.ThreadPoolExecutor.runWorker(ThreadPoolExecutor.java:1134)
        at java.util.concurrent.ThreadPoolExecutor$Worker.run(ThreadPoolExecutor.java:624)
        at java.lang.Thread.run(Thread.java:750)
"ChunkReader-3" daemon prio=5 tid=766 in Object.wait()
java.lang.Thread.State: WAITING (on object monitor)
        at sun.misc.Unsafe.park(Native Method)
        at java.util.concurrent.locks.LockSupport.park(LockSupport.java:175)
        at java.util.concurrent.locks.AbstractQueuedSynchronizer$ConditionObject.await(AbstractQueuedSynchronizer.java:2039)
        at java.util.concurrent.LinkedBlockingQueue.take(LinkedBlockingQueue.java:442)
        at java.util.concurrent.ThreadPoolExecutor.getTask(ThreadPoolExecutor.java:1074)
        at java.util.concurrent.ThreadPoolExecutor.runWorker(ThreadPoolExecutor.java:1134)
        at java.util.concurrent.ThreadPoolExecutor$Worker.run(ThreadPoolExecutor.java:624)
        at java.lang.Thread.run(Thread.java:750)
"Datanode ReportManager Thread - 3" daemon prio=5 tid=322 timed_waiting
java.lang.Thread.State: TIMED_WAITING
        at sun.misc.Unsafe.park(Native Method)
        at java.util.concurrent.locks.LockSupport.parkNanos(LockSupport.java:215)
        at java.util.concurrent.locks.AbstractQueuedSynchronizer$ConditionObject.awaitNanos(AbstractQueuedSynchronizer.java:2078)
        at java.util.concurrent.ScheduledThreadPoolExecutor$DelayedWorkQueue.take(ScheduledThreadPoolExecutor.java:1093)
        at java.util.concurrent.ScheduledThreadPoolExecutor$DelayedWorkQueue.take(ScheduledThreadPoolExecutor.java:809)
        at java.util.concurrent.ThreadPoolExecutor.getTask(ThreadPoolExecutor.java:1074)
        at java.util.concurrent.ThreadPoolExecutor.runWorker(ThreadPoolExecutor.java:1134)
        at java.util.concurrent.ThreadPoolExecutor$Worker.run(ThreadPoolExecutor.java:624)
        at java.lang.Thread.run(Thread.java:750)
"IPC Server handler 1 on default port 33043" daemon prio=5 tid=58 timed_waiting
java.lang.Thread.State: TIMED_WAITING
        at sun.misc.Unsafe.park(Native Method)
        at java.util.concurrent.locks.LockSupport.parkNanos(LockSupport.java:215)
        at java.util.concurrent.locks.AbstractQueuedSynchronizer$ConditionObject.awaitNanos(AbstractQueuedSynchronizer.java:2078)
        at java.util.concurrent.LinkedBlockingQueue.poll(LinkedBlockingQueue.java:467)
        at org.apache.hadoop.ipc.CallQueueManager.take(CallQueueManager.java:317)
        at org.apache.hadoop.ipc.Server$Handler.run(Server.java:2942)
"ChunkWriter-1-0" daemon prio=5 tid=537 in Object.wait()
java.lang.Thread.State: WAITING (on object monitor)
        at sun.misc.Unsafe.park(Native Method)
        at java.util.concurrent.locks.LockSupport.park(LockSupport.java:175)
        at java.util.concurrent.locks.AbstractQueuedSynchronizer$ConditionObject.await(AbstractQueuedSynchronizer.java:2039)
        at java.util.concurrent.LinkedBlockingDeque.takeFirst(LinkedBlockingDeque.java:492)
        at java.util.concurrent.LinkedBlockingDeque.take(LinkedBlockingDeque.java:680)
        at java.util.concurrent.ThreadPoolExecutor.getTask(ThreadPoolExecutor.java:1074)
        at java.util.concurrent.ThreadPoolExecutor.runWorker(ThreadPoolExecutor.java:1134)
        at java.util.concurrent.ThreadPoolExecutor$Worker.run(ThreadPoolExecutor.java:624)
        at java.lang.Thread.run(Thread.java:750)
"ChunkWriter-3-0" daemon prio=5 tid=513 in Object.wait()
java.lang.Thread.State: WAITING (on object monitor)
        at sun.misc.Unsafe.park(Native Method)
        at java.util.concurrent.locks.LockSupport.park(LockSupport.java:175)
        at java.util.concurrent.locks.AbstractQueuedSynchronizer$ConditionObject.await(AbstractQueuedSynchronizer.java:2039)
        at java.util.concurrent.LinkedBlockingDeque.takeFirst(LinkedBlockingDeque.java:492)
        at java.util.concurrent.LinkedBlockingDeque.take(LinkedBlockingDeque.java:680)
        at java.util.concurrent.ThreadPoolExecutor.getTask(ThreadPoolExecutor.java:1074)
        at java.util.concurrent.ThreadPoolExecutor.runWorker(ThreadPoolExecutor.java:1134)
        at java.util.concurrent.ThreadPoolExecutor$Worker.run(ThreadPoolExecutor.java:624)
        at java.lang.Thread.run(Thread.java:750)
"ChunkReader-ELG-0" daemon prio=5 tid=541 runnable
java.lang.Thread.State: RUNNABLE
        at org.apache.ratis.thirdparty.io.netty.channel.epoll.Native.epollWait(Native Method)
        at org.apache.ratis.thirdparty.io.netty.channel.epoll.Native.epollWait(Native.java:193)
        at org.apache.ratis.thirdparty.io.netty.channel.epoll.Native.epollWait(Native.java:186)
        at org.apache.ratis.thirdparty.io.netty.channel.epoll.EpollEventLoop.epollWaitNoTimerChange(EpollEventLoop.java:290)
        at org.apache.ratis.thirdparty.io.netty.channel.epoll.EpollEventLoop.run(EpollEventLoop.java:347)
        at org.apache.ratis.thirdparty.io.netty.util.concurrent.SingleThreadEventExecutor$4.run(SingleThreadEventExecutor.java:986)
        at org.apache.ratis.thirdparty.io.netty.util.internal.ThreadExecutorMap$2.run(ThreadExecutorMap.java:74)
        at java.lang.Thread.run(Thread.java:750)
"Session-HouseKeeper-5c58fb97-1"  prio=5 tid=429 timed_waiting
java.lang.Thread.State: TIMED_WAITING
        at sun.misc.Unsafe.park(Native Method)
        at java.util.concurrent.locks.LockSupport.parkNanos(LockSupport.java:215)
        at java.util.concurrent.locks.AbstractQueuedSynchronizer$ConditionObject.awaitNanos(AbstractQueuedSynchronizer.java:2078)
        at java.util.concurrent.ScheduledThreadPoolExecutor$DelayedWorkQueue.take(ScheduledThreadPoolExecutor.java:1093)
        at java.util.concurrent.ScheduledThreadPoolExecutor$DelayedWorkQueue.take(ScheduledThreadPoolExecutor.java:809)
        at java.util.concurrent.ThreadPoolExecutor.getTask(ThreadPoolExecutor.java:1074)
        at java.util.concurrent.ThreadPoolExecutor.runWorker(ThreadPoolExecutor.java:1134)
        at java.util.concurrent.ThreadPoolExecutor$Worker.run(ThreadPoolExecutor.java:624)
        at java.lang.Thread.run(Thread.java:750)
"pool-64-thread-1" daemon prio=5 tid=168 timed_waiting
java.lang.Thread.State: TIMED_WAITING
        at sun.misc.Unsafe.park(Native Method)
        at java.util.concurrent.locks.LockSupport.parkNanos(LockSupport.java:215)
        at java.util.concurrent.locks.AbstractQueuedSynchronizer$ConditionObject.awaitNanos(AbstractQueuedSynchronizer.java:2078)
        at java.util.concurrent.ScheduledThreadPoolExecutor$DelayedWorkQueue.take(ScheduledThreadPoolExecutor.java:1093)
        at java.util.concurrent.ScheduledThreadPoolExecutor$DelayedWorkQueue.take(ScheduledThreadPoolExecutor.java:809)
        at java.util.concurrent.ThreadPoolExecutor.getTask(ThreadPoolExecutor.java:1074)
        at java.util.concurrent.ThreadPoolExecutor.runWorker(ThreadPoolExecutor.java:1134)
        at java.util.concurrent.ThreadPoolExecutor$Worker.run(ThreadPoolExecutor.java:624)
        at java.lang.Thread.run(Thread.java:750)
"qtp1819159284-140" daemon prio=5 tid=140 timed_waiting
java.lang.Thread.State: TIMED_WAITING
        at sun.misc.Unsafe.park(Native Method)
        at java.util.concurrent.locks.LockSupport.parkNanos(LockSupport.java:215)
        at java.util.concurrent.locks.AbstractQueuedSynchronizer$ConditionObject.awaitNanos(AbstractQueuedSynchronizer.java:2078)
        at org.eclipse.jetty.util.BlockingArrayQueue.poll(BlockingArrayQueue.java:382)
        at org.eclipse.jetty.util.thread.QueuedThreadPool$Runner.idleJobPoll(QueuedThreadPool.java:974)
        at org.eclipse.jetty.util.thread.QueuedThreadPool$Runner.run(QueuedThreadPool.java:1018)
        at java.lang.Thread.run(Thread.java:750)
"27609338-e5ea-4e9e-bd63-6729dd2dbc7a@group-B319158F4DE0-SegmentedRaftLogWorker"  prio=5 tid=620 timed_waiting
java.lang.Thread.State: TIMED_WAITING
        at sun.misc.Unsafe.park(Native Method)
        at java.util.concurrent.locks.LockSupport.parkNanos(LockSupport.java:215)
        at java.util.concurrent.locks.AbstractQueuedSynchronizer$ConditionObject.awaitNanos(AbstractQueuedSynchronizer.java:2078)
        at org.apache.ratis.util.DataBlockingQueue.poll(DataBlockingQueue.java:148)
        at org.apache.ratis.server.raftlog.segmented.SegmentedRaftLogWorker.run(SegmentedRaftLogWorker.java:301)
        at org.apache.ratis.server.raftlog.segmented.SegmentedRaftLogWorker$$Lambda$612/521516682.run(Unknown Source)
        at java.lang.Thread.run(Thread.java:750)
"EndpointStateMachine task thread for /0.0.0.0:35689 - 0 "  prio=5 tid=364 in Object.wait()
java.lang.Thread.State: WAITING (on object monitor)
        at sun.misc.Unsafe.park(Native Method)
        at java.util.concurrent.locks.LockSupport.park(LockSupport.java:175)
        at java.util.concurrent.locks.AbstractQueuedSynchronizer$ConditionObject.await(AbstractQueuedSynchronizer.java:2039)
        at java.util.concurrent.LinkedBlockingQueue.take(LinkedBlockingQueue.java:442)
        at java.util.concurrent.ThreadPoolExecutor.getTask(ThreadPoolExecutor.java:1074)
        at java.util.concurrent.ThreadPoolExecutor.runWorker(ThreadPoolExecutor.java:1134)
        at java.util.concurrent.ThreadPoolExecutor$Worker.run(ThreadPoolExecutor.java:624)
        at java.lang.Thread.run(Thread.java:750)
"IPC Server handler 9 on default port 41743" daemon prio=5 tid=153 timed_waiting
java.lang.Thread.State: TIMED_WAITING
        at sun.misc.Unsafe.park(Native Method)
        at java.util.concurrent.locks.LockSupport.parkNanos(LockSupport.java:215)
        at java.util.concurrent.locks.AbstractQueuedSynchronizer$ConditionObject.awaitNanos(AbstractQueuedSynchronizer.java:2078)
        at java.util.concurrent.LinkedBlockingQueue.poll(LinkedBlockingQueue.java:467)
        at org.apache.hadoop.ipc.CallQueueManager.take(CallQueueManager.java:317)
        at org.apache.hadoop.ipc.Server$Handler.run(Server.java:2942)
"IPC Server idle connection scanner for port 35689" daemon prio=5 tid=25 timed_waiting
java.lang.Thread.State: TIMED_WAITING
        at java.lang.Object.wait(Native Method)
        at java.util.TimerThread.mainLoop(Timer.java:552)
        at java.util.TimerThread.run(Timer.java:505)
"IPC Server handler 2 on default port 41743" daemon prio=5 tid=146 timed_waiting
java.lang.Thread.State: TIMED_WAITING
        at sun.misc.Unsafe.park(Native Method)
        at java.util.concurrent.locks.LockSupport.parkNanos(LockSupport.java:215)
        at java.util.concurrent.locks.AbstractQueuedSynchronizer$ConditionObject.awaitNanos(AbstractQueuedSynchronizer.java:2078)
        at java.util.concurrent.LinkedBlockingQueue.poll(LinkedBlockingQueue.java:467)
        at org.apache.hadoop.ipc.CallQueueManager.take(CallQueueManager.java:317)
        at org.apache.hadoop.ipc.Server$Handler.run(Server.java:2942)
"qtp1172737018-231" daemon prio=5 tid=231 timed_waiting
java.lang.Thread.State: TIMED_WAITING
        at sun.misc.Unsafe.park(Native Method)
        at java.util.concurrent.locks.LockSupport.parkNanos(LockSupport.java:215)
        at java.util.concurrent.locks.AbstractQueuedSynchronizer$ConditionObject.awaitNanos(AbstractQueuedSynchronizer.java:2078)
        at org.eclipse.jetty.util.BlockingArrayQueue.poll(BlockingArrayQueue.java:382)
        at org.eclipse.jetty.util.thread.QueuedThreadPool$Runner.idleJobPoll(QueuedThreadPool.java:974)
        at org.eclipse.jetty.util.thread.QueuedThreadPool$Runner.run(QueuedThreadPool.java:1018)
        at java.lang.Thread.run(Thread.java:750)
"BlockDeletingService#1" daemon prio=5 tid=416 timed_waiting
java.lang.Thread.State: TIMED_WAITING
        at sun.misc.Unsafe.park(Native Method)
        at java.util.concurrent.locks.LockSupport.parkNanos(LockSupport.java:215)
        at java.util.concurrent.locks.AbstractQueuedSynchronizer$ConditionObject.awaitNanos(AbstractQueuedSynchronizer.java:2078)
        at java.util.concurrent.ScheduledThreadPoolExecutor$DelayedWorkQueue.take(ScheduledThreadPoolExecutor.java:1093)
        at java.util.concurrent.ScheduledThreadPoolExecutor$DelayedWorkQueue.take(ScheduledThreadPoolExecutor.java:809)
        at java.util.concurrent.ThreadPoolExecutor.getTask(ThreadPoolExecutor.java:1074)
        at java.util.concurrent.ThreadPoolExecutor.runWorker(ThreadPoolExecutor.java:1134)
        at java.util.concurrent.ThreadPoolExecutor$Worker.run(ThreadPoolExecutor.java:624)
        at java.lang.Thread.run(Thread.java:750)
"DirectoryDeletingService#0" daemon prio=5 tid=132 timed_waiting
java.lang.Thread.State: TIMED_WAITING
        at sun.misc.Unsafe.park(Native Method)
        at java.util.concurrent.locks.LockSupport.parkNanos(LockSupport.java:215)
        at java.util.concurrent.locks.AbstractQueuedSynchronizer$ConditionObject.awaitNanos(AbstractQueuedSynchronizer.java:2078)
        at java.util.concurrent.ScheduledThreadPoolExecutor$DelayedWorkQueue.take(ScheduledThreadPoolExecutor.java:1093)
        at java.util.concurrent.ScheduledThreadPoolExecutor$DelayedWorkQueue.take(ScheduledThreadPoolExecutor.java:809)
        at java.util.concurrent.ThreadPoolExecutor.getTask(ThreadPoolExecutor.java:1074)
        at java.util.concurrent.ThreadPoolExecutor.runWorker(ThreadPoolExecutor.java:1134)
        at java.util.concurrent.ThreadPoolExecutor$Worker.run(ThreadPoolExecutor.java:624)
        at java.lang.Thread.run(Thread.java:750)
"BlockDeletingService#2" daemon prio=5 tid=1026 in Object.wait()
java.lang.Thread.State: WAITING (on object monitor)
        at sun.misc.Unsafe.park(Native Method)
        at java.util.concurrent.locks.LockSupport.park(LockSupport.java:175)
        at java.util.concurrent.locks.AbstractQueuedSynchronizer$ConditionObject.await(AbstractQueuedSynchronizer.java:2039)
        at java.util.concurrent.ScheduledThreadPoolExecutor$DelayedWorkQueue.take(ScheduledThreadPoolExecutor.java:1088)
        at java.util.concurrent.ScheduledThreadPoolExecutor$DelayedWorkQueue.take(ScheduledThreadPoolExecutor.java:809)
        at java.util.concurrent.ThreadPoolExecutor.getTask(ThreadPoolExecutor.java:1074)
        at java.util.concurrent.ThreadPoolExecutor.runWorker(ThreadPoolExecutor.java:1134)
        at java.util.concurrent.ThreadPoolExecutor$Worker.run(ThreadPoolExecutor.java:624)
        at java.lang.Thread.run(Thread.java:750)
"3c897dd6-f9a8-4587-816d-4b361cef56f3-server-thread1" daemon prio=5 tid=715 timed_waiting
java.lang.Thread.State: TIMED_WAITING
        at sun.misc.Unsafe.park(Native Method)
        at java.util.concurrent.locks.LockSupport.parkNanos(LockSupport.java:215)
        at java.util.concurrent.SynchronousQueue$TransferStack.awaitFulfill(SynchronousQueue.java:460)
        at java.util.concurrent.SynchronousQueue$TransferStack.transfer(SynchronousQueue.java:362)
        at java.util.concurrent.SynchronousQueue.poll(SynchronousQueue.java:941)
        at java.util.concurrent.ThreadPoolExecutor.getTask(ThreadPoolExecutor.java:1073)
        at java.util.concurrent.ThreadPoolExecutor.runWorker(ThreadPoolExecutor.java:1134)
        at java.util.concurrent.ThreadPoolExecutor$Worker.run(ThreadPoolExecutor.java:624)
        at java.lang.Thread.run(Thread.java:750)
"qtp1022045468-423" daemon prio=5 tid=423 timed_waiting
java.lang.Thread.State: TIMED_WAITING
        at sun.misc.Unsafe.park(Native Method)
        at java.util.concurrent.locks.LockSupport.parkNanos(LockSupport.java:215)
        at java.util.concurrent.locks.AbstractQueuedSynchronizer$ConditionObject.awaitNanos(AbstractQueuedSynchronizer.java:2078)
        at org.eclipse.jetty.util.BlockingArrayQueue.poll(BlockingArrayQueue.java:382)
        at org.eclipse.jetty.util.thread.QueuedThreadPool$Runner.idleJobPoll(QueuedThreadPool.java:974)
        at org.eclipse.jetty.util.thread.QueuedThreadPool$Runner.run(QueuedThreadPool.java:1018)
        at java.lang.Thread.run(Thread.java:750)
"Session-HouseKeeper-65209097-1"  prio=5 tid=467 timed_waiting
java.lang.Thread.State: TIMED_WAITING
        at sun.misc.Unsafe.park(Native Method)
        at java.util.concurrent.locks.LockSupport.parkNanos(LockSupport.java:215)
        at java.util.concurrent.locks.AbstractQueuedSynchronizer$ConditionObject.awaitNanos(AbstractQueuedSynchronizer.java:2078)
        at java.util.concurrent.ScheduledThreadPoolExecutor$DelayedWorkQueue.take(ScheduledThreadPoolExecutor.java:1093)
        at java.util.concurrent.ScheduledThreadPoolExecutor$DelayedWorkQueue.take(ScheduledThreadPoolExecutor.java:809)
        at java.util.concurrent.ThreadPoolExecutor.getTask(ThreadPoolExecutor.java:1074)
        at java.util.concurrent.ThreadPoolExecutor.runWorker(ThreadPoolExecutor.java:1134)
        at java.util.concurrent.ThreadPoolExecutor$Worker.run(ThreadPoolExecutor.java:624)
        at java.lang.Thread.run(Thread.java:750)
"IPC Server handler 18 on default port 41743" daemon prio=5 tid=162 timed_waiting
java.lang.Thread.State: TIMED_WAITING
        at sun.misc.Unsafe.park(Native Method)
        at java.util.concurrent.locks.LockSupport.parkNanos(LockSupport.java:215)
        at java.util.concurrent.locks.AbstractQueuedSynchronizer$ConditionObject.awaitNanos(AbstractQueuedSynchronizer.java:2078)
        at java.util.concurrent.LinkedBlockingQueue.poll(LinkedBlockingQueue.java:467)
        at org.apache.hadoop.ipc.CallQueueManager.take(CallQueueManager.java:317)
        at org.apache.hadoop.ipc.Server$Handler.run(Server.java:2942)
"org.apache.hadoop.ozone.container.common.statemachine.commandhandler.DeleteBlocksCommandHandler$DeleteCmdWorker@70616205" daemon prio=5 tid=343 timed_waiting
java.lang.Thread.State: TIMED_WAITING
        at java.lang.Thread.sleep(Native Method)
        at org.apache.hadoop.ozone.container.common.statemachine.commandhandler.DeleteBlocksCommandHandler$DeleteCmdWorker.run(DeleteBlocksCommandHandler.java:183)
        at java.lang.Thread.run(Thread.java:750)
"Datanode ReportManager Thread - 1" daemon prio=5 tid=213 in Object.wait()
java.lang.Thread.State: WAITING (on object monitor)
        at sun.misc.Unsafe.park(Native Method)
        at java.util.concurrent.locks.LockSupport.park(LockSupport.java:175)
        at java.util.concurrent.locks.AbstractQueuedSynchronizer$ConditionObject.await(AbstractQueuedSynchronizer.java:2039)
        at java.util.concurrent.ScheduledThreadPoolExecutor$DelayedWorkQueue.take(ScheduledThreadPoolExecutor.java:1088)
        at java.util.concurrent.ScheduledThreadPoolExecutor$DelayedWorkQueue.take(ScheduledThreadPoolExecutor.java:809)
        at java.util.concurrent.ThreadPoolExecutor.getTask(ThreadPoolExecutor.java:1074)
        at java.util.concurrent.ThreadPoolExecutor.runWorker(ThreadPoolExecutor.java:1134)
        at java.util.concurrent.ThreadPoolExecutor$Worker.run(ThreadPoolExecutor.java:624)
        at java.lang.Thread.run(Thread.java:750)
"IPC Server Responder" daemon prio=5 tid=34 runnable
java.lang.Thread.State: RUNNABLE
        at sun.nio.ch.EPollArrayWrapper.epollWait(Native Method)
        at sun.nio.ch.EPollArrayWrapper.poll(EPollArrayWrapper.java:269)
        at sun.nio.ch.EPollSelectorImpl.doSelect(EPollSelectorImpl.java:93)
        at sun.nio.ch.SelectorImpl.lockAndDoSelect(SelectorImpl.java:86)
        at sun.nio.ch.SelectorImpl.select(SelectorImpl.java:97)
        at org.apache.hadoop.ipc.Server$Responder.doRunLoop(Server.java:1532)
        at org.apache.hadoop.ipc.Server$Responder.run(Server.java:1515)
"e247b98c-9a86-486e-b3b1-fa195c9418a4@group-E555343BB60F-FollowerState" daemon prio=5 tid=789 timed_waiting
java.lang.Thread.State: TIMED_WAITING
        at java.lang.Thread.sleep(Native Method)
        at java.lang.Thread.sleep(Thread.java:342)
        at java.util.concurrent.TimeUnit.sleep(TimeUnit.java:386)
        at org.apache.ratis.util.TimeDuration.sleep(TimeDuration.java:325)
        at org.apache.ratis.util.TimeDuration.sleep(TimeDuration.java:310)
        at org.apache.ratis.server.impl.FollowerState.run(FollowerState.java:128)
"IPC Server handler 6 on default port 33043" daemon prio=5 tid=63 timed_waiting
java.lang.Thread.State: TIMED_WAITING
        at sun.misc.Unsafe.park(Native Method)
        at java.util.concurrent.locks.LockSupport.parkNanos(LockSupport.java:215)
        at java.util.concurrent.locks.AbstractQueuedSynchronizer$ConditionObject.awaitNanos(AbstractQueuedSynchronizer.java:2078)
        at java.util.concurrent.LinkedBlockingQueue.poll(LinkedBlockingQueue.java:467)
        at org.apache.hadoop.ipc.CallQueueManager.take(CallQueueManager.java:317)
        at org.apache.hadoop.ipc.Server$Handler.run(Server.java:2942)
"8b5383b3-e7bf-4722-baeb-dd5c06b347e3@group-E555343BB60F-SegmentedRaftLogWorker"  prio=5 tid=576 timed_waiting
java.lang.Thread.State: TIMED_WAITING
        at sun.misc.Unsafe.park(Native Method)
        at java.util.concurrent.locks.LockSupport.parkNanos(LockSupport.java:215)
        at java.util.concurrent.locks.AbstractQueuedSynchronizer$ConditionObject.awaitNanos(AbstractQueuedSynchronizer.java:2078)
        at org.apache.ratis.util.DataBlockingQueue.poll(DataBlockingQueue.java:148)
        at org.apache.ratis.server.raftlog.segmented.SegmentedRaftLogWorker.run(SegmentedRaftLogWorker.java:301)
        at org.apache.ratis.server.raftlog.segmented.SegmentedRaftLogWorker$$Lambda$612/521516682.run(Unknown Source)
        at java.lang.Thread.run(Thread.java:750)
"Datanode ReportManager Thread - 4" daemon prio=5 tid=242 in Object.wait()
java.lang.Thread.State: WAITING (on object monitor)
        at sun.misc.Unsafe.park(Native Method)
        at java.util.concurrent.locks.LockSupport.park(LockSupport.java:175)
        at java.util.concurrent.locks.AbstractQueuedSynchronizer$ConditionObject.await(AbstractQueuedSynchronizer.java:2039)
        at java.util.concurrent.ScheduledThreadPoolExecutor$DelayedWorkQueue.take(ScheduledThreadPoolExecutor.java:1088)
        at java.util.concurrent.ScheduledThreadPoolExecutor$DelayedWorkQueue.take(ScheduledThreadPoolExecutor.java:809)
        at java.util.concurrent.ThreadPoolExecutor.getTask(ThreadPoolExecutor.java:1074)
        at java.util.concurrent.ThreadPoolExecutor.runWorker(ThreadPoolExecutor.java:1134)
        at java.util.concurrent.ThreadPoolExecutor$Worker.run(ThreadPoolExecutor.java:624)
        at java.lang.Thread.run(Thread.java:750)
"StaleRecoveringContainerScrubbingService#2" daemon prio=5 tid=1012 in Object.wait()
java.lang.Thread.State: WAITING (on object monitor)
        at sun.misc.Unsafe.park(Native Method)
        at java.util.concurrent.locks.LockSupport.park(LockSupport.java:175)
        at java.util.concurrent.locks.AbstractQueuedSynchronizer$ConditionObject.await(AbstractQueuedSynchronizer.java:2039)
        at java.util.concurrent.ScheduledThreadPoolExecutor$DelayedWorkQueue.take(ScheduledThreadPoolExecutor.java:1088)
        at java.util.concurrent.ScheduledThreadPoolExecutor$DelayedWorkQueue.take(ScheduledThreadPoolExecutor.java:809)
        at java.util.concurrent.ThreadPoolExecutor.getTask(ThreadPoolExecutor.java:1074)
        at java.util.concurrent.ThreadPoolExecutor.runWorker(ThreadPoolExecutor.java:1134)
        at java.util.concurrent.ThreadPoolExecutor$Worker.run(ThreadPoolExecutor.java:624)
        at java.lang.Thread.run(Thread.java:750)
"Command processor thread" daemon prio=5 tid=269 timed_waiting
java.lang.Thread.State: TIMED_WAITING
        at java.lang.Thread.sleep(Native Method)
        at org.apache.hadoop.ozone.container.common.statemachine.DatanodeStateMachine.lambda$initCommandHandlerThread$3(DatanodeStateMachine.java:628)
        at org.apache.hadoop.ozone.container.common.statemachine.DatanodeStateMachine$$Lambda$729/1322069686.run(Unknown Source)
        at java.lang.Thread.run(Thread.java:750)
"ChunkReader-0" daemon prio=5 tid=750 in Object.wait()
java.lang.Thread.State: WAITING (on object monitor)
        at sun.misc.Unsafe.park(Native Method)
        at java.util.concurrent.locks.LockSupport.park(LockSupport.java:175)
        at java.util.concurrent.locks.AbstractQueuedSynchronizer$ConditionObject.await(AbstractQueuedSynchronizer.java:2039)
        at java.util.concurrent.LinkedBlockingQueue.take(LinkedBlockingQueue.java:442)
        at java.util.concurrent.ThreadPoolExecutor.getTask(ThreadPoolExecutor.java:1074)
        at java.util.concurrent.ThreadPoolExecutor.runWorker(ThreadPoolExecutor.java:1134)
        at java.util.concurrent.ThreadPoolExecutor$Worker.run(ThreadPoolExecutor.java:624)
        at java.lang.Thread.run(Thread.java:750)
"Datanode State Machine Task Thread - 0"  prio=5 tid=245 in Object.wait()
java.lang.Thread.State: WAITING (on object monitor)
        at sun.misc.Unsafe.park(Native Method)
        at java.util.concurrent.locks.LockSupport.park(LockSupport.java:175)
        at java.util.concurrent.locks.AbstractQueuedSynchronizer$ConditionObject.await(AbstractQueuedSynchronizer.java:2039)
        at java.util.concurrent.LinkedBlockingQueue.take(LinkedBlockingQueue.java:442)
        at java.util.concurrent.ThreadPoolExecutor.getTask(ThreadPoolExecutor.java:1074)
        at java.util.concurrent.ThreadPoolExecutor.runWorker(ThreadPoolExecutor.java:1134)
        at java.util.concurrent.ThreadPoolExecutor$Worker.run(ThreadPoolExecutor.java:624)
        at java.lang.Thread.run(Thread.java:750)
"StaleRecoveringContainerScrubbingService#0" daemon prio=5 tid=543 in Object.wait()
java.lang.Thread.State: WAITING (on object monitor)
        at sun.misc.Unsafe.park(Native Method)
        at java.util.concurrent.locks.LockSupport.park(LockSupport.java:175)
        at java.util.concurrent.locks.AbstractQueuedSynchronizer$ConditionObject.await(AbstractQueuedSynchronizer.java:2039)
        at java.util.concurrent.ScheduledThreadPoolExecutor$DelayedWorkQueue.take(ScheduledThreadPoolExecutor.java:1088)
        at java.util.concurrent.ScheduledThreadPoolExecutor$DelayedWorkQueue.take(ScheduledThreadPoolExecutor.java:809)
        at java.util.concurrent.ThreadPoolExecutor.getTask(ThreadPoolExecutor.java:1074)
        at java.util.concurrent.ThreadPoolExecutor.runWorker(ThreadPoolExecutor.java:1134)
        at java.util.concurrent.ThreadPoolExecutor$Worker.run(ThreadPoolExecutor.java:624)
        at java.lang.Thread.run(Thread.java:750)
"qtp193317890-313" daemon prio=5 tid=313 timed_waiting
java.lang.Thread.State: TIMED_WAITING
        at sun.misc.Unsafe.park(Native Method)
        at java.util.concurrent.locks.LockSupport.parkNanos(LockSupport.java:215)
        at java.util.concurrent.locks.AbstractQueuedSynchronizer$ConditionObject.awaitNanos(AbstractQueuedSynchronizer.java:2078)
        at org.eclipse.jetty.util.BlockingArrayQueue.poll(BlockingArrayQueue.java:382)
        at org.eclipse.jetty.util.thread.QueuedThreadPool$Runner.idleJobPoll(QueuedThreadPool.java:974)
        at org.eclipse.jetty.util.thread.QueuedThreadPool$Runner.run(QueuedThreadPool.java:1018)
        at java.lang.Thread.run(Thread.java:750)
"om1@group-C5BA1605619E-StateMachineUpdater" daemon prio=5 tid=121 timed_waiting
java.lang.Thread.State: TIMED_WAITING
        at sun.misc.Unsafe.park(Native Method)
        at java.util.concurrent.locks.LockSupport.parkNanos(LockSupport.java:215)
        at java.util.concurrent.CompletableFuture$Signaller.block(CompletableFuture.java:1709)
        at java.util.concurrent.ForkJoinPool.managedBlock(ForkJoinPool.java:3323)
        at java.util.concurrent.CompletableFuture.timedGet(CompletableFuture.java:1788)
        at java.util.concurrent.CompletableFuture.get(CompletableFuture.java:1928)
        at org.apache.ratis.util.AwaitForSignal.await(AwaitForSignal.java:56)
        at org.apache.ratis.server.impl.StateMachineUpdater.waitForCommit(StateMachineUpdater.java:207)
        at org.apache.ratis.server.impl.StateMachineUpdater.run(StateMachineUpdater.java:176)
        at java.lang.Thread.run(Thread.java:750)
"IPC Server listener on 0" daemon prio=5 tid=31 runnable
java.lang.Thread.State: RUNNABLE
        at sun.nio.ch.EPollArrayWrapper.epollWait(Native Method)
        at sun.nio.ch.EPollArrayWrapper.poll(EPollArrayWrapper.java:269)
        at sun.nio.ch.EPollSelectorImpl.doSelect(EPollSelectorImpl.java:93)
        at sun.nio.ch.SelectorImpl.lockAndDoSelect(SelectorImpl.java:86)
        at sun.nio.ch.SelectorImpl.select(SelectorImpl.java:97)
        at sun.nio.ch.SelectorImpl.select(SelectorImpl.java:101)
        at org.apache.hadoop.ipc.Server$Listener.run(Server.java:1358)
"ChunkReader-3" daemon prio=5 tid=773 in Object.wait()
java.lang.Thread.State: WAITING (on object monitor)
        at sun.misc.Unsafe.park(Native Method)
        at java.util.concurrent.locks.LockSupport.park(LockSupport.java:175)
        at java.util.concurrent.locks.AbstractQueuedSynchronizer$ConditionObject.await(AbstractQueuedSynchronizer.java:2039)
        at java.util.concurrent.LinkedBlockingQueue.take(LinkedBlockingQueue.java:442)
        at java.util.concurrent.ThreadPoolExecutor.getTask(ThreadPoolExecutor.java:1074)
        at java.util.concurrent.ThreadPoolExecutor.runWorker(ThreadPoolExecutor.java:1134)
        at java.util.concurrent.ThreadPoolExecutor$Worker.run(ThreadPoolExecutor.java:624)
        at java.lang.Thread.run(Thread.java:750)
"BlockDeletingService#0" daemon prio=5 tid=555 in Object.wait()
java.lang.Thread.State: WAITING (on object monitor)
        at sun.misc.Unsafe.park(Native Method)
        at java.util.concurrent.locks.LockSupport.park(LockSupport.java:175)
        at java.util.concurrent.locks.AbstractQueuedSynchronizer$ConditionObject.await(AbstractQueuedSynchronizer.java:2039)
        at java.util.concurrent.ScheduledThreadPoolExecutor$DelayedWorkQueue.take(ScheduledThreadPoolExecutor.java:1088)
        at java.util.concurrent.ScheduledThreadPoolExecutor$DelayedWorkQueue.take(ScheduledThreadPoolExecutor.java:809)
        at java.util.concurrent.ThreadPoolExecutor.getTask(ThreadPoolExecutor.java:1074)
        at java.util.concurrent.ThreadPoolExecutor.runWorker(ThreadPoolExecutor.java:1134)
        at java.util.concurrent.ThreadPoolExecutor$Worker.run(ThreadPoolExecutor.java:624)
        at java.lang.Thread.run(Thread.java:750)
"qtp1022045468-424" daemon prio=5 tid=424 timed_waiting
java.lang.Thread.State: TIMED_WAITING
        at sun.misc.Unsafe.park(Native Method)
        at java.util.concurrent.locks.LockSupport.parkNanos(LockSupport.java:215)
        at java.util.concurrent.locks.AbstractQueuedSynchronizer$ConditionObject.awaitNanos(AbstractQueuedSynchronizer.java:2078)
        at org.eclipse.jetty.util.BlockingArrayQueue.poll(BlockingArrayQueue.java:382)
        at org.eclipse.jetty.util.thread.QueuedThreadPool$Runner.idleJobPoll(QueuedThreadPool.java:974)
        at org.eclipse.jetty.util.thread.QueuedThreadPool$Runner.run(QueuedThreadPool.java:1018)
        at java.lang.Thread.run(Thread.java:750)
"3c897dd6-f9a8-4587-816d-4b361cef56f3@group-B166C3D79484-StateMachineUpdater" daemon prio=5 tid=636 timed_waiting
java.lang.Thread.State: TIMED_WAITING
        at sun.misc.Unsafe.park(Native Method)
        at java.util.concurrent.locks.LockSupport.parkNanos(LockSupport.java:215)
        at java.util.concurrent.CompletableFuture$Signaller.block(CompletableFuture.java:1709)
        at java.util.concurrent.ForkJoinPool.managedBlock(ForkJoinPool.java:3323)
        at java.util.concurrent.CompletableFuture.timedGet(CompletableFuture.java:1788)
        at java.util.concurrent.CompletableFuture.get(CompletableFuture.java:1928)
        at org.apache.ratis.util.AwaitForSignal.await(AwaitForSignal.java:56)
        at org.apache.ratis.server.impl.StateMachineUpdater.waitForCommit(StateMachineUpdater.java:207)
        at org.apache.ratis.server.impl.StateMachineUpdater.run(StateMachineUpdater.java:176)
        at java.lang.Thread.run(Thread.java:750)
"Datanode ReportManager Thread - 0" daemon prio=5 tid=264 in Object.wait()
java.lang.Thread.State: WAITING (on object monitor)
        at sun.misc.Unsafe.park(Native Method)
        at java.util.concurrent.locks.LockSupport.park(LockSupport.java:175)
        at java.util.concurrent.locks.AbstractQueuedSynchronizer$ConditionObject.await(AbstractQueuedSynchronizer.java:2039)
        at java.util.concurrent.ScheduledThreadPoolExecutor$DelayedWorkQueue.take(ScheduledThreadPoolExecutor.java:1088)
        at java.util.concurrent.ScheduledThreadPoolExecutor$DelayedWorkQueue.take(ScheduledThreadPoolExecutor.java:809)
        at java.util.concurrent.ThreadPoolExecutor.getTask(ThreadPoolExecutor.java:1074)
        at java.util.concurrent.ThreadPoolExecutor.runWorker(ThreadPoolExecutor.java:1134)
        at java.util.concurrent.ThreadPoolExecutor$Worker.run(ThreadPoolExecutor.java:624)
        at java.lang.Thread.run(Thread.java:750)
"Datanode State Machine Daemon Thread" daemon prio=5 tid=211 timed_waiting
java.lang.Thread.State: TIMED_WAITING
        at java.lang.Thread.sleep(Native Method)
        at org.apache.hadoop.ozone.container.common.statemachine.DatanodeStateMachine.startStateMachineThread(DatanodeStateMachine.java:313)
        at org.apache.hadoop.ozone.container.common.statemachine.DatanodeStateMachine.lambda$startDaemon$0(DatanodeStateMachine.java:493)
        at org.apache.hadoop.ozone.container.common.statemachine.DatanodeStateMachine$$Lambda$727/1819651816.run(Unknown Source)
        at java.lang.Thread.run(Thread.java:750)
"264ccfc1-7403-435b-81c3-d1dfb4335e59@group-C5B5C94CEDB2-SegmentedRaftLogWorker"  prio=5 tid=608 timed_waiting
java.lang.Thread.State: TIMED_WAITING
        at sun.misc.Unsafe.park(Native Method)
        at java.util.concurrent.locks.LockSupport.parkNanos(LockSupport.java:215)
        at java.util.concurrent.locks.AbstractQueuedSynchronizer$ConditionObject.awaitNanos(AbstractQueuedSynchronizer.java:2078)
        at org.apache.ratis.util.DataBlockingQueue.poll(DataBlockingQueue.java:148)
        at org.apache.ratis.server.raftlog.segmented.SegmentedRaftLogWorker.run(SegmentedRaftLogWorker.java:301)
        at org.apache.ratis.server.raftlog.segmented.SegmentedRaftLogWorker$$Lambda$612/521516682.run(Unknown Source)
        at java.lang.Thread.run(Thread.java:750)
"Finalizer" daemon prio=8 tid=3 in Object.wait()
java.lang.Thread.State: WAITING (on object monitor)
        at java.lang.Object.wait(Native Method)
        at java.lang.ref.ReferenceQueue.remove(ReferenceQueue.java:144)
        at java.lang.ref.ReferenceQueue.remove(ReferenceQueue.java:165)
        at java.lang.ref.Finalizer$FinalizerThread.run(Finalizer.java:216)
"Datanode ReportManager Thread - 0" daemon prio=5 tid=212 in Object.wait()
java.lang.Thread.State: WAITING (on object monitor)
        at sun.misc.Unsafe.park(Native Method)
        at java.util.concurrent.locks.LockSupport.park(LockSupport.java:175)
        at java.util.concurrent.locks.AbstractQueuedSynchronizer$ConditionObject.await(AbstractQueuedSynchronizer.java:2039)
        at java.util.concurrent.ScheduledThreadPoolExecutor$DelayedWorkQueue.take(ScheduledThreadPoolExecutor.java:1088)
        at java.util.concurrent.ScheduledThreadPoolExecutor$DelayedWorkQueue.take(ScheduledThreadPoolExecutor.java:809)
        at java.util.concurrent.ThreadPoolExecutor.getTask(ThreadPoolExecutor.java:1074)
        at java.util.concurrent.ThreadPoolExecutor.runWorker(ThreadPoolExecutor.java:1134)
        at java.util.concurrent.ThreadPoolExecutor$Worker.run(ThreadPoolExecutor.java:624)
        at java.lang.Thread.run(Thread.java:750)
"BlockDeletingService#0" daemon prio=5 tid=333 in Object.wait()
java.lang.Thread.State: WAITING (on object monitor)
        at sun.misc.Unsafe.park(Native Method)
        at java.util.concurrent.locks.LockSupport.park(LockSupport.java:175)
        at java.util.concurrent.locks.AbstractQueuedSynchronizer$ConditionObject.await(AbstractQueuedSynchronizer.java:2039)
        at java.util.concurrent.ScheduledThreadPoolExecutor$DelayedWorkQueue.take(ScheduledThreadPoolExecutor.java:1088)
        at java.util.concurrent.ScheduledThreadPoolExecutor$DelayedWorkQueue.take(ScheduledThreadPoolExecutor.java:809)
        at java.util.concurrent.ThreadPoolExecutor.getTask(ThreadPoolExecutor.java:1074)
        at java.util.concurrent.ThreadPoolExecutor.runWorker(ThreadPoolExecutor.java:1134)
        at java.util.concurrent.ThreadPoolExecutor$Worker.run(ThreadPoolExecutor.java:624)
        at java.lang.Thread.run(Thread.java:750)
"IPC Server handler 19 on default port 40181" daemon prio=5 tid=56 timed_waiting
java.lang.Thread.State: TIMED_WAITING
        at sun.misc.Unsafe.park(Native Method)
        at java.util.concurrent.locks.LockSupport.parkNanos(LockSupport.java:215)
        at java.util.concurrent.locks.AbstractQueuedSynchronizer$ConditionObject.awaitNanos(AbstractQueuedSynchronizer.java:2078)
        at java.util.concurrent.LinkedBlockingQueue.poll(LinkedBlockingQueue.java:467)
        at org.apache.hadoop.ipc.CallQueueManager.take(CallQueueManager.java:317)
        at org.apache.hadoop.ipc.Server$Handler.run(Server.java:2942)
"BlockDeletingService#2" daemon prio=5 tid=1025 in Object.wait()
java.lang.Thread.State: WAITING (on object monitor)
        at sun.misc.Unsafe.park(Native Method)
        at java.util.concurrent.locks.LockSupport.park(LockSupport.java:175)
        at java.util.concurrent.locks.AbstractQueuedSynchronizer$ConditionObject.await(AbstractQueuedSynchronizer.java:2039)
        at java.util.concurrent.ScheduledThreadPoolExecutor$DelayedWorkQueue.take(ScheduledThreadPoolExecutor.java:1088)
        at java.util.concurrent.ScheduledThreadPoolExecutor$DelayedWorkQueue.take(ScheduledThreadPoolExecutor.java:809)
        at java.util.concurrent.ThreadPoolExecutor.getTask(ThreadPoolExecutor.java:1074)
        at java.util.concurrent.ThreadPoolExecutor.runWorker(ThreadPoolExecutor.java:1134)
        at java.util.concurrent.ThreadPoolExecutor$Worker.run(ThreadPoolExecutor.java:624)
        at java.lang.Thread.run(Thread.java:750)
"EventQueue-PipelineReportForOneReplicaPipelineSafeModeRule" daemon prio=5 tid=494 in Object.wait()
java.lang.Thread.State: WAITING (on object monitor)
        at sun.misc.Unsafe.park(Native Method)
        at java.util.concurrent.locks.LockSupport.park(LockSupport.java:175)
        at java.util.concurrent.locks.AbstractQueuedSynchronizer$ConditionObject.await(AbstractQueuedSynchronizer.java:2039)
        at java.util.concurrent.LinkedBlockingQueue.take(LinkedBlockingQueue.java:442)
        at java.util.concurrent.ThreadPoolExecutor.getTask(ThreadPoolExecutor.java:1074)
        at java.util.concurrent.ThreadPoolExecutor.runWorker(ThreadPoolExecutor.java:1134)
        at java.util.concurrent.ThreadPoolExecutor$Worker.run(ThreadPoolExecutor.java:624)
        at java.lang.Thread.run(Thread.java:750)
"BlockDeletingService#0" daemon prio=5 tid=413 in Object.wait()
java.lang.Thread.State: WAITING (on object monitor)
        at sun.misc.Unsafe.park(Native Method)
        at java.util.concurrent.locks.LockSupport.park(LockSupport.java:175)
        at java.util.concurrent.locks.AbstractQueuedSynchronizer$ConditionObject.await(AbstractQueuedSynchronizer.java:2039)
        at java.util.concurrent.ScheduledThreadPoolExecutor$DelayedWorkQueue.take(ScheduledThreadPoolExecutor.java:1088)
        at java.util.concurrent.ScheduledThreadPoolExecutor$DelayedWorkQueue.take(ScheduledThreadPoolExecutor.java:809)
        at java.util.concurrent.ThreadPoolExecutor.getTask(ThreadPoolExecutor.java:1074)
        at java.util.concurrent.ThreadPoolExecutor.runWorker(ThreadPoolExecutor.java:1134)
        at java.util.concurrent.ThreadPoolExecutor$Worker.run(ThreadPoolExecutor.java:624)
        at java.lang.Thread.run(Thread.java:750)
"e247b98c-9a86-486e-b3b1-fa195c9418a4@group-DE1B8656D588-LeaderStateImpl" daemon prio=5 tid=680 timed_waiting
java.lang.Thread.State: TIMED_WAITING
        at sun.misc.Unsafe.park(Native Method)
        at java.util.concurrent.locks.LockSupport.parkNanos(LockSupport.java:215)
        at java.util.concurrent.locks.AbstractQueuedSynchronizer$ConditionObject.awaitNanos(AbstractQueuedSynchronizer.java:2078)
        at java.util.concurrent.ArrayBlockingQueue.poll(ArrayBlockingQueue.java:418)
        at org.apache.ratis.server.impl.LeaderStateImpl$EventQueue.poll(LeaderStateImpl.java:159)
        at org.apache.ratis.server.impl.LeaderStateImpl$EventProcessor.run(LeaderStateImpl.java:630)
"ChunkWriter-1-0" daemon prio=5 tid=499 in Object.wait()
java.lang.Thread.State: WAITING (on object monitor)
        at sun.misc.Unsafe.park(Native Method)
        at java.util.concurrent.locks.LockSupport.park(LockSupport.java:175)
        at java.util.concurrent.locks.AbstractQueuedSynchronizer$ConditionObject.await(AbstractQueuedSynchronizer.java:2039)
        at java.util.concurrent.LinkedBlockingDeque.takeFirst(LinkedBlockingDeque.java:492)
        at java.util.concurrent.LinkedBlockingDeque.take(LinkedBlockingDeque.java:680)
        at java.util.concurrent.ThreadPoolExecutor.getTask(ThreadPoolExecutor.java:1074)
        at java.util.concurrent.ThreadPoolExecutor.runWorker(ThreadPoolExecutor.java:1134)
        at java.util.concurrent.ThreadPoolExecutor$Worker.run(ThreadPoolExecutor.java:624)
        at java.lang.Thread.run(Thread.java:750)
"Datanode ReportManager Thread - 1" daemon prio=5 tid=320 in Object.wait()
java.lang.Thread.State: WAITING (on object monitor)
        at sun.misc.Unsafe.park(Native Method)
        at java.util.concurrent.locks.LockSupport.park(LockSupport.java:175)
        at java.util.concurrent.locks.AbstractQueuedSynchronizer$ConditionObject.await(AbstractQueuedSynchronizer.java:2039)
        at java.util.concurrent.ScheduledThreadPoolExecutor$DelayedWorkQueue.take(ScheduledThreadPoolExecutor.java:1088)
        at java.util.concurrent.ScheduledThreadPoolExecutor$DelayedWorkQueue.take(ScheduledThreadPoolExecutor.java:809)
        at java.util.concurrent.ThreadPoolExecutor.getTask(ThreadPoolExecutor.java:1074)
        at java.util.concurrent.ThreadPoolExecutor.runWorker(ThreadPoolExecutor.java:1134)
        at java.util.concurrent.ThreadPoolExecutor$Worker.run(ThreadPoolExecutor.java:624)
        at java.lang.Thread.run(Thread.java:750)
"org.apache.hadoop.util.JvmPauseMonitor$Monitor@715d92ab" daemon prio=5 tid=270 timed_waiting
java.lang.Thread.State: TIMED_WAITING
        at java.lang.Thread.sleep(Native Method)
        at org.apache.hadoop.util.JvmPauseMonitor$Monitor.run(JvmPauseMonitor.java:192)
        at java.lang.Thread.run(Thread.java:750)
"IPC Server handler 11 on default port 40181" daemon prio=5 tid=48 timed_waiting
java.lang.Thread.State: TIMED_WAITING
        at sun.misc.Unsafe.park(Native Method)
        at java.util.concurrent.locks.LockSupport.parkNanos(LockSupport.java:215)
        at java.util.concurrent.locks.AbstractQueuedSynchronizer$ConditionObject.awaitNanos(AbstractQueuedSynchronizer.java:2078)
        at java.util.concurrent.LinkedBlockingQueue.poll(LinkedBlockingQueue.java:467)
        at org.apache.hadoop.ipc.CallQueueManager.take(CallQueueManager.java:317)
        at org.apache.hadoop.ipc.Server$Handler.run(Server.java:2942)
"IPC Server idle connection scanner for port 40181" daemon prio=5 tid=33 timed_waiting
java.lang.Thread.State: TIMED_WAITING
        at java.lang.Object.wait(Native Method)
        at java.util.TimerThread.mainLoop(Timer.java:552)
        at java.util.TimerThread.run(Timer.java:505)
"IPC Server handler 3 on default port 35689" daemon prio=5 tid=80 timed_waiting
java.lang.Thread.State: TIMED_WAITING
        at sun.misc.Unsafe.park(Native Method)
        at java.util.concurrent.locks.LockSupport.parkNanos(LockSupport.java:215)
        at java.util.concurrent.locks.AbstractQueuedSynchronizer$ConditionObject.awaitNanos(AbstractQueuedSynchronizer.java:2078)
        at java.util.concurrent.LinkedBlockingQueue.poll(LinkedBlockingQueue.java:467)
        at org.apache.hadoop.ipc.CallQueueManager.take(CallQueueManager.java:317)
        at org.apache.hadoop.ipc.Server$Handler.run(Server.java:2942)
"Datanode ReportManager Thread - 4" daemon prio=5 tid=268 timed_waiting
java.lang.Thread.State: TIMED_WAITING
        at sun.misc.Unsafe.park(Native Method)
        at java.util.concurrent.locks.LockSupport.parkNanos(LockSupport.java:215)
        at java.util.concurrent.locks.AbstractQueuedSynchronizer$ConditionObject.awaitNanos(AbstractQueuedSynchronizer.java:2078)
        at java.util.concurrent.ScheduledThreadPoolExecutor$DelayedWorkQueue.take(ScheduledThreadPoolExecutor.java:1093)
        at java.util.concurrent.ScheduledThreadPoolExecutor$DelayedWorkQueue.take(ScheduledThreadPoolExecutor.java:809)
        at java.util.concurrent.ThreadPoolExecutor.getTask(ThreadPoolExecutor.java:1074)
        at java.util.concurrent.ThreadPoolExecutor.runWorker(ThreadPoolExecutor.java:1134)
        at java.util.concurrent.ThreadPoolExecutor$Worker.run(ThreadPoolExecutor.java:624)
        at java.lang.Thread.run(Thread.java:750)
"qtp823415723-107" daemon prio=5 tid=107 timed_waiting
java.lang.Thread.State: TIMED_WAITING
        at sun.misc.Unsafe.park(Native Method)
        at java.util.concurrent.locks.LockSupport.parkNanos(LockSupport.java:215)
        at java.util.concurrent.locks.AbstractQueuedSynchronizer$ConditionObject.awaitNanos(AbstractQueuedSynchronizer.java:2078)
        at org.eclipse.jetty.util.BlockingArrayQueue.poll(BlockingArrayQueue.java:382)
        at org.eclipse.jetty.util.thread.QueuedThreadPool$Runner.idleJobPoll(QueuedThreadPool.java:974)
        at org.eclipse.jetty.util.thread.QueuedThreadPool$Runner.run(QueuedThreadPool.java:1018)
        at java.lang.Thread.run(Thread.java:750)
"IPC Server handler 15 on default port 35689" daemon prio=5 tid=92 timed_waiting
java.lang.Thread.State: TIMED_WAITING
        at sun.misc.Unsafe.park(Native Method)
        at java.util.concurrent.locks.LockSupport.parkNanos(LockSupport.java:215)
        at java.util.concurrent.locks.AbstractQueuedSynchronizer$ConditionObject.awaitNanos(AbstractQueuedSynchronizer.java:2078)
        at java.util.concurrent.LinkedBlockingQueue.poll(LinkedBlockingQueue.java:467)
        at org.apache.hadoop.ipc.CallQueueManager.take(CallQueueManager.java:317)
        at org.apache.hadoop.ipc.Server$Handler.run(Server.java:2942)
"ChunkWriter-0-0" daemon prio=5 tid=549 in Object.wait()
java.lang.Thread.State: WAITING (on object monitor)
        at sun.misc.Unsafe.park(Native Method)
        at java.util.concurrent.locks.LockSupport.park(LockSupport.java:175)
        at java.util.concurrent.locks.AbstractQueuedSynchronizer$ConditionObject.await(AbstractQueuedSynchronizer.java:2039)
        at java.util.concurrent.LinkedBlockingDeque.takeFirst(LinkedBlockingDeque.java:492)
        at java.util.concurrent.LinkedBlockingDeque.take(LinkedBlockingDeque.java:680)
        at java.util.concurrent.ThreadPoolExecutor.getTask(ThreadPoolExecutor.java:1074)
        at java.util.concurrent.ThreadPoolExecutor.runWorker(ThreadPoolExecutor.java:1134)
        at java.util.concurrent.ThreadPoolExecutor$Worker.run(ThreadPoolExecutor.java:624)
        at java.lang.Thread.run(Thread.java:750)
"IPC Server handler 18 on default port 33043" daemon prio=5 tid=75 timed_waiting
java.lang.Thread.State: TIMED_WAITING
        at sun.misc.Unsafe.park(Native Method)
        at java.util.concurrent.locks.LockSupport.parkNanos(LockSupport.java:215)
        at java.util.concurrent.locks.AbstractQueuedSynchronizer$ConditionObject.awaitNanos(AbstractQueuedSynchronizer.java:2078)
        at java.util.concurrent.LinkedBlockingQueue.poll(LinkedBlockingQueue.java:467)
        at org.apache.hadoop.ipc.CallQueueManager.take(CallQueueManager.java:317)
        at org.apache.hadoop.ipc.Server$Handler.run(Server.java:2942)
"Periodic HDDS volume checker" daemon prio=5 tid=338 timed_waiting
java.lang.Thread.State: TIMED_WAITING
        at sun.misc.Unsafe.park(Native Method)
        at java.util.concurrent.locks.LockSupport.parkNanos(LockSupport.java:215)
        at java.util.concurrent.locks.AbstractQueuedSynchronizer$ConditionObject.awaitNanos(AbstractQueuedSynchronizer.java:2078)
        at java.util.concurrent.ScheduledThreadPoolExecutor$DelayedWorkQueue.take(ScheduledThreadPoolExecutor.java:1093)
        at java.util.concurrent.ScheduledThreadPoolExecutor$DelayedWorkQueue.take(ScheduledThreadPoolExecutor.java:809)
        at java.util.concurrent.ThreadPoolExecutor.getTask(ThreadPoolExecutor.java:1074)
        at java.util.concurrent.ThreadPoolExecutor.runWorker(ThreadPoolExecutor.java:1134)
        at java.util.concurrent.ThreadPoolExecutor$Worker.run(ThreadPoolExecutor.java:624)
        at java.lang.Thread.run(Thread.java:750)
"Command processor thread" daemon prio=5 tid=189 timed_waiting
java.lang.Thread.State: TIMED_WAITING
        at java.lang.Thread.sleep(Native Method)
        at org.apache.hadoop.ozone.container.common.statemachine.DatanodeStateMachine.lambda$initCommandHandlerThread$3(DatanodeStateMachine.java:628)
        at org.apache.hadoop.ozone.container.common.statemachine.DatanodeStateMachine$$Lambda$729/1322069686.run(Unknown Source)
        at java.lang.Thread.run(Thread.java:750)
"Datanode ReportManager Thread - 0" daemon prio=5 tid=319 in Object.wait()
java.lang.Thread.State: WAITING (on object monitor)
        at sun.misc.Unsafe.park(Native Method)
        at java.util.concurrent.locks.LockSupport.park(LockSupport.java:175)
        at java.util.concurrent.locks.AbstractQueuedSynchronizer$ConditionObject.await(AbstractQueuedSynchronizer.java:2039)
        at java.util.concurrent.ScheduledThreadPoolExecutor$DelayedWorkQueue.take(ScheduledThreadPoolExecutor.java:1088)
        at java.util.concurrent.ScheduledThreadPoolExecutor$DelayedWorkQueue.take(ScheduledThreadPoolExecutor.java:809)
        at java.util.concurrent.ThreadPoolExecutor.getTask(ThreadPoolExecutor.java:1074)
        at java.util.concurrent.ThreadPoolExecutor.runWorker(ThreadPoolExecutor.java:1134)
        at java.util.concurrent.ThreadPoolExecutor$Worker.run(ThreadPoolExecutor.java:624)
        at java.lang.Thread.run(Thread.java:750)
"pool-196-thread-1"  prio=5 tid=305 timed_waiting
java.lang.Thread.State: TIMED_WAITING
        at sun.misc.Unsafe.park(Native Method)
        at java.util.concurrent.locks.LockSupport.parkNanos(LockSupport.java:215)
        at java.util.concurrent.locks.AbstractQueuedSynchronizer$ConditionObject.awaitNanos(AbstractQueuedSynchronizer.java:2078)
        at java.util.concurrent.ScheduledThreadPoolExecutor$DelayedWorkQueue.take(ScheduledThreadPoolExecutor.java:1093)
        at java.util.concurrent.ScheduledThreadPoolExecutor$DelayedWorkQueue.take(ScheduledThreadPoolExecutor.java:809)
        at java.util.concurrent.ThreadPoolExecutor.getTask(ThreadPoolExecutor.java:1074)
        at java.util.concurrent.ThreadPoolExecutor.runWorker(ThreadPoolExecutor.java:1134)
        at java.util.concurrent.ThreadPoolExecutor$Worker.run(ThreadPoolExecutor.java:624)
        at java.lang.Thread.run(Thread.java:750)
"PartialTableCache Cleanup Thread - 0" daemon prio=5 tid=731 in Object.wait()
java.lang.Thread.State: WAITING (on object monitor)
        at sun.misc.Unsafe.park(Native Method)
        at java.util.concurrent.locks.LockSupport.park(LockSupport.java:175)
        at java.util.concurrent.locks.AbstractQueuedSynchronizer$ConditionObject.await(AbstractQueuedSynchronizer.java:2039)
        at java.util.concurrent.LinkedBlockingQueue.take(LinkedBlockingQueue.java:442)
        at java.util.concurrent.ThreadPoolExecutor.getTask(ThreadPoolExecutor.java:1074)
        at java.util.concurrent.ThreadPoolExecutor.runWorker(ThreadPoolExecutor.java:1134)
        at java.util.concurrent.ThreadPoolExecutor$Worker.run(ThreadPoolExecutor.java:624)
        at java.lang.Thread.run(Thread.java:750)
"e247b98c-9a86-486e-b3b1-fa195c9418a4@group-E555343BB60F-StateMachineUpdater" daemon prio=5 tid=567 timed_waiting
java.lang.Thread.State: TIMED_WAITING
        at sun.misc.Unsafe.park(Native Method)
        at java.util.concurrent.locks.LockSupport.parkNanos(LockSupport.java:215)
        at java.util.concurrent.CompletableFuture$Signaller.block(CompletableFuture.java:1709)
        at java.util.concurrent.ForkJoinPool.managedBlock(ForkJoinPool.java:3323)
        at java.util.concurrent.CompletableFuture.timedGet(CompletableFuture.java:1788)
        at java.util.concurrent.CompletableFuture.get(CompletableFuture.java:1928)
        at org.apache.ratis.util.AwaitForSignal.await(AwaitForSignal.java:56)
        at org.apache.ratis.server.impl.StateMachineUpdater.waitForCommit(StateMachineUpdater.java:207)
        at org.apache.ratis.server.impl.StateMachineUpdater.run(StateMachineUpdater.java:176)
        at java.lang.Thread.run(Thread.java:750)
"IPC Server handler 4 on default port 41743" daemon prio=5 tid=148 timed_waiting
java.lang.Thread.State: TIMED_WAITING
        at sun.misc.Unsafe.park(Native Method)
        at java.util.concurrent.locks.LockSupport.parkNanos(LockSupport.java:215)
        at java.util.concurrent.locks.AbstractQueuedSynchronizer$ConditionObject.awaitNanos(AbstractQueuedSynchronizer.java:2078)
        at java.util.concurrent.LinkedBlockingQueue.poll(LinkedBlockingQueue.java:467)
        at org.apache.hadoop.ipc.CallQueueManager.take(CallQueueManager.java:317)
        at org.apache.hadoop.ipc.Server$Handler.run(Server.java:2942)
"IPC Server handler 8 on default port 41743" daemon prio=5 tid=152 timed_waiting
java.lang.Thread.State: TIMED_WAITING
        at sun.misc.Unsafe.park(Native Method)
        at java.util.concurrent.locks.LockSupport.parkNanos(LockSupport.java:215)
        at java.util.concurrent.locks.AbstractQueuedSynchronizer$ConditionObject.awaitNanos(AbstractQueuedSynchronizer.java:2078)
        at java.util.concurrent.LinkedBlockingQueue.poll(LinkedBlockingQueue.java:467)
        at org.apache.hadoop.ipc.CallQueueManager.take(CallQueueManager.java:317)
        at org.apache.hadoop.ipc.Server$Handler.run(Server.java:2942)
"IPC Server handler 15 on default port 33043" daemon prio=5 tid=72 timed_waiting
java.lang.Thread.State: TIMED_WAITING
        at sun.misc.Unsafe.park(Native Method)
        at java.util.concurrent.locks.LockSupport.parkNanos(LockSupport.java:215)
        at java.util.concurrent.locks.AbstractQueuedSynchronizer$ConditionObject.awaitNanos(AbstractQueuedSynchronizer.java:2078)
        at java.util.concurrent.LinkedBlockingQueue.poll(LinkedBlockingQueue.java:467)
        at org.apache.hadoop.ipc.CallQueueManager.take(CallQueueManager.java:317)
        at org.apache.hadoop.ipc.Server$Handler.run(Server.java:2942)
"ChunkReader-ELG-0" daemon prio=5 tid=332 runnable
java.lang.Thread.State: RUNNABLE
        at org.apache.ratis.thirdparty.io.netty.channel.epoll.Native.epollWait0(Native Method)
        at org.apache.ratis.thirdparty.io.netty.channel.epoll.Native.epollWait(Native.java:177)
        at org.apache.ratis.thirdparty.io.netty.channel.epoll.EpollEventLoop.epollWait(EpollEventLoop.java:286)
        at org.apache.ratis.thirdparty.io.netty.channel.epoll.EpollEventLoop.run(EpollEventLoop.java:351)
        at org.apache.ratis.thirdparty.io.netty.util.concurrent.SingleThreadEventExecutor$4.run(SingleThreadEventExecutor.java:986)
        at org.apache.ratis.thirdparty.io.netty.util.internal.ThreadExecutorMap$2.run(ThreadExecutorMap.java:74)
        at java.lang.Thread.run(Thread.java:750)
"IPC Parameter Sending Thread #0" daemon prio=5 tid=113 timed_waiting
java.lang.Thread.State: TIMED_WAITING
        at sun.misc.Unsafe.park(Native Method)
        at java.util.concurrent.locks.LockSupport.parkNanos(LockSupport.java:215)
        at java.util.concurrent.SynchronousQueue$TransferStack.awaitFulfill(SynchronousQueue.java:460)
        at java.util.concurrent.SynchronousQueue$TransferStack.transfer(SynchronousQueue.java:362)
        at java.util.concurrent.SynchronousQueue.poll(SynchronousQueue.java:941)
        at java.util.concurrent.ThreadPoolExecutor.getTask(ThreadPoolExecutor.java:1073)
        at java.util.concurrent.ThreadPoolExecutor.runWorker(ThreadPoolExecutor.java:1134)
        at java.util.concurrent.ThreadPoolExecutor$Worker.run(ThreadPoolExecutor.java:624)
        at java.lang.Thread.run(Thread.java:750)
"qtp1022045468-427" daemon prio=5 tid=427 timed_waiting
java.lang.Thread.State: TIMED_WAITING
        at sun.misc.Unsafe.park(Native Method)
        at java.util.concurrent.locks.LockSupport.parkNanos(LockSupport.java:215)
        at java.util.concurrent.locks.AbstractQueuedSynchronizer$ConditionObject.awaitNanos(AbstractQueuedSynchronizer.java:2078)
        at org.eclipse.jetty.util.BlockingArrayQueue.poll(BlockingArrayQueue.java:382)
        at org.eclipse.jetty.util.thread.QueuedThreadPool$Runner.idleJobPoll(QueuedThreadPool.java:974)
        at org.eclipse.jetty.util.thread.QueuedThreadPool$Runner.run(QueuedThreadPool.java:1018)
        at java.lang.Thread.run(Thread.java:750)
"Datanode ReportManager Thread - 2" daemon prio=5 tid=266 in Object.wait()
java.lang.Thread.State: WAITING (on object monitor)
        at sun.misc.Unsafe.park(Native Method)
        at java.util.concurrent.locks.LockSupport.park(LockSupport.java:175)
        at java.util.concurrent.locks.AbstractQueuedSynchronizer$ConditionObject.await(AbstractQueuedSynchronizer.java:2039)
        at java.util.concurrent.ScheduledThreadPoolExecutor$DelayedWorkQueue.take(ScheduledThreadPoolExecutor.java:1088)
        at java.util.concurrent.ScheduledThreadPoolExecutor$DelayedWorkQueue.take(ScheduledThreadPoolExecutor.java:809)
        at java.util.concurrent.ThreadPoolExecutor.getTask(ThreadPoolExecutor.java:1074)
        at java.util.concurrent.ThreadPoolExecutor.runWorker(ThreadPoolExecutor.java:1134)
        at java.util.concurrent.ThreadPoolExecutor$Worker.run(ThreadPoolExecutor.java:624)
        at java.lang.Thread.run(Thread.java:750)
"BlockDeletingService#1" daemon prio=5 tid=336 timed_waiting
java.lang.Thread.State: TIMED_WAITING
        at sun.misc.Unsafe.park(Native Method)
        at java.util.concurrent.locks.LockSupport.parkNanos(LockSupport.java:215)
        at java.util.concurrent.locks.AbstractQueuedSynchronizer$ConditionObject.awaitNanos(AbstractQueuedSynchronizer.java:2078)
        at java.util.concurrent.ScheduledThreadPoolExecutor$DelayedWorkQueue.take(ScheduledThreadPoolExecutor.java:1093)
        at java.util.concurrent.ScheduledThreadPoolExecutor$DelayedWorkQueue.take(ScheduledThreadPoolExecutor.java:809)
        at java.util.concurrent.ThreadPoolExecutor.getTask(ThreadPoolExecutor.java:1074)
        at java.util.concurrent.ThreadPoolExecutor.runWorker(ThreadPoolExecutor.java:1134)
        at java.util.concurrent.ThreadPoolExecutor$Worker.run(ThreadPoolExecutor.java:624)
        at java.lang.Thread.run(Thread.java:750)
"Command processor thread" daemon prio=5 tid=243 timed_waiting
java.lang.Thread.State: TIMED_WAITING
        at java.lang.Thread.sleep(Native Method)
        at org.apache.hadoop.ozone.container.common.statemachine.DatanodeStateMachine.lambda$initCommandHandlerThread$3(DatanodeStateMachine.java:628)
        at org.apache.hadoop.ozone.container.common.statemachine.DatanodeStateMachine$$Lambda$729/1322069686.run(Unknown Source)
        at java.lang.Thread.run(Thread.java:750)
"ExpiredContainerReplicaOpScrubberThread" daemon prio=5 tid=17 timed_waiting
java.lang.Thread.State: TIMED_WAITING
        at java.lang.Object.wait(Native Method)
        at org.apache.hadoop.hdds.scm.ha.BackgroundSCMService.run(BackgroundSCMService.java:110)
        at org.apache.hadoop.hdds.scm.ha.BackgroundSCMService$$Lambda$374/722929970.run(Unknown Source)
        at java.lang.Thread.run(Thread.java:750)
"3c897dd6-f9a8-4587-816d-4b361cef56f3@group-D51D6A44A918-StateMachineUpdater" daemon prio=5 tid=628 timed_waiting
java.lang.Thread.State: TIMED_WAITING
        at sun.misc.Unsafe.park(Native Method)
        at java.util.concurrent.locks.LockSupport.parkNanos(LockSupport.java:215)
        at java.util.concurrent.CompletableFuture$Signaller.block(CompletableFuture.java:1709)
        at java.util.concurrent.ForkJoinPool.managedBlock(ForkJoinPool.java:3323)
        at java.util.concurrent.CompletableFuture.timedGet(CompletableFuture.java:1788)
        at java.util.concurrent.CompletableFuture.get(CompletableFuture.java:1928)
        at org.apache.ratis.util.AwaitForSignal.await(AwaitForSignal.java:56)
        at org.apache.ratis.server.impl.StateMachineUpdater.waitForCommit(StateMachineUpdater.java:207)
        at org.apache.ratis.server.impl.StateMachineUpdater.run(StateMachineUpdater.java:176)
        at java.lang.Thread.run(Thread.java:750)
"EventQueue-NodeReportForNodeReportHandler" daemon prio=5 tid=999 in Object.wait()
java.lang.Thread.State: WAITING (on object monitor)
        at sun.misc.Unsafe.park(Native Method)
        at java.util.concurrent.locks.LockSupport.park(LockSupport.java:175)
        at java.util.concurrent.locks.AbstractQueuedSynchronizer$ConditionObject.await(AbstractQueuedSynchronizer.java:2039)
        at java.util.concurrent.LinkedBlockingQueue.take(LinkedBlockingQueue.java:442)
        at java.util.concurrent.ThreadPoolExecutor.getTask(ThreadPoolExecutor.java:1074)
        at java.util.concurrent.ThreadPoolExecutor.runWorker(ThreadPoolExecutor.java:1134)
        at java.util.concurrent.ThreadPoolExecutor$Worker.run(ThreadPoolExecutor.java:624)
        at java.lang.Thread.run(Thread.java:750)
"ChunkReader-2" daemon prio=5 tid=761 in Object.wait()
java.lang.Thread.State: WAITING (on object monitor)
        at sun.misc.Unsafe.park(Native Method)
        at java.util.concurrent.locks.LockSupport.park(LockSupport.java:175)
        at java.util.concurrent.locks.AbstractQueuedSynchronizer$ConditionObject.await(AbstractQueuedSynchronizer.java:2039)
        at java.util.concurrent.LinkedBlockingQueue.take(LinkedBlockingQueue.java:442)
        at java.util.concurrent.ThreadPoolExecutor.getTask(ThreadPoolExecutor.java:1074)
        at java.util.concurrent.ThreadPoolExecutor.runWorker(ThreadPoolExecutor.java:1134)
        at java.util.concurrent.ThreadPoolExecutor$Worker.run(ThreadPoolExecutor.java:624)
        at java.lang.Thread.run(Thread.java:750)
"IPC Server handler 17 on default port 41743" daemon prio=5 tid=161 timed_waiting
java.lang.Thread.State: TIMED_WAITING
        at sun.misc.Unsafe.park(Native Method)
        at java.util.concurrent.locks.LockSupport.parkNanos(LockSupport.java:215)
        at java.util.concurrent.locks.AbstractQueuedSynchronizer$ConditionObject.awaitNanos(AbstractQueuedSynchronizer.java:2078)
        at java.util.concurrent.LinkedBlockingQueue.poll(LinkedBlockingQueue.java:467)
        at org.apache.hadoop.ipc.CallQueueManager.take(CallQueueManager.java:317)
        at org.apache.hadoop.ipc.Server$Handler.run(Server.java:2942)
"7caf7f47-8d76-4e84-850d-743f4336bef8@group-A3E353C6E768-SegmentedRaftLogWorker"  prio=5 tid=676 timed_waiting
java.lang.Thread.State: TIMED_WAITING
        at sun.misc.Unsafe.park(Native Method)
        at java.util.concurrent.locks.LockSupport.parkNanos(LockSupport.java:215)
        at java.util.concurrent.locks.AbstractQueuedSynchronizer$ConditionObject.awaitNanos(AbstractQueuedSynchronizer.java:2078)
        at org.apache.ratis.util.DataBlockingQueue.poll(DataBlockingQueue.java:148)
        at org.apache.ratis.server.raftlog.segmented.SegmentedRaftLogWorker.run(SegmentedRaftLogWorker.java:301)
        at org.apache.ratis.server.raftlog.segmented.SegmentedRaftLogWorker$$Lambda$612/521516682.run(Unknown Source)
        at java.lang.Thread.run(Thread.java:750)
"Datanode State Machine Daemon Thread" daemon prio=5 tid=430 timed_waiting
java.lang.Thread.State: TIMED_WAITING
        at java.lang.Thread.sleep(Native Method)
        at org.apache.hadoop.ozone.container.common.statemachine.DatanodeStateMachine.startStateMachineThread(DatanodeStateMachine.java:313)
        at org.apache.hadoop.ozone.container.common.statemachine.DatanodeStateMachine.lambda$startDaemon$0(DatanodeStateMachine.java:493)
        at org.apache.hadoop.ozone.container.common.statemachine.DatanodeStateMachine$$Lambda$727/1819651816.run(Unknown Source)
        at java.lang.Thread.run(Thread.java:750)
"om1@group-C5BA1605619E-LeaderStateImpl" daemon prio=5 tid=193 timed_waiting
java.lang.Thread.State: TIMED_WAITING
        at sun.misc.Unsafe.park(Native Method)
        at java.util.concurrent.locks.LockSupport.parkNanos(LockSupport.java:215)
        at java.util.concurrent.locks.AbstractQueuedSynchronizer$ConditionObject.awaitNanos(AbstractQueuedSynchronizer.java:2078)
        at java.util.concurrent.ArrayBlockingQueue.poll(ArrayBlockingQueue.java:418)
        at org.apache.ratis.server.impl.LeaderStateImpl$EventQueue.poll(LeaderStateImpl.java:159)
        at org.apache.ratis.server.impl.LeaderStateImpl$EventProcessor.run(LeaderStateImpl.java:630)
"qtp1895032440-282" daemon prio=5 tid=282 timed_waiting
java.lang.Thread.State: TIMED_WAITING
        at sun.misc.Unsafe.park(Native Method)
        at java.util.concurrent.locks.LockSupport.parkNanos(LockSupport.java:215)
        at java.util.concurrent.locks.AbstractQueuedSynchronizer$ConditionObject.awaitNanos(AbstractQueuedSynchronizer.java:2078)
        at org.eclipse.jetty.util.BlockingArrayQueue.poll(BlockingArrayQueue.java:382)
        at org.eclipse.jetty.util.thread.QueuedThreadPool$Runner.idleJobPoll(QueuedThreadPool.java:974)
        at org.eclipse.jetty.util.thread.QueuedThreadPool$Runner.run(QueuedThreadPool.java:1018)
        at java.lang.Thread.run(Thread.java:750)
"b5e52be0-4491-4e69-96e1-10d94051f40c@group-E555343BB60F->8b5383b3-e7bf-4722-baeb-dd5c06b347e3-GrpcLogAppender-LogAppenderDaemon" daemon prio=5 tid=792 timed_waiting
java.lang.Thread.State: TIMED_WAITING
        at sun.misc.Unsafe.park(Native Method)
        at java.util.concurrent.locks.LockSupport.parkNanos(LockSupport.java:215)
        at java.util.concurrent.CompletableFuture$Signaller.block(CompletableFuture.java:1709)
        at java.util.concurrent.ForkJoinPool.managedBlock(ForkJoinPool.java:3323)
        at java.util.concurrent.CompletableFuture.timedGet(CompletableFuture.java:1788)
        at java.util.concurrent.CompletableFuture.get(CompletableFuture.java:1928)
        at org.apache.ratis.util.AwaitForSignal.await(AwaitForSignal.java:56)
        at org.apache.ratis.grpc.server.GrpcLogAppender.mayWait(GrpcLogAppender.java:169)
        at org.apache.ratis.grpc.server.GrpcLogAppender.run(GrpcLogAppender.java:128)
        at org.apache.ratis.server.leader.LogAppenderDaemon.run(LogAppenderDaemon.java:77)
        at org.apache.ratis.server.leader.LogAppenderDaemon$$Lambda$1009/1613603097.run(Unknown Source)
        at java.lang.Thread.run(Thread.java:750)
"ChunkReader-ELG-0" daemon prio=5 tid=554 runnable
java.lang.Thread.State: RUNNABLE
        at org.apache.ratis.thirdparty.io.netty.channel.epoll.Native.epollWait(Native Method)
        at org.apache.ratis.thirdparty.io.netty.channel.epoll.Native.epollWait(Native.java:193)
        at org.apache.ratis.thirdparty.io.netty.channel.epoll.Native.epollWait(Native.java:186)
        at org.apache.ratis.thirdparty.io.netty.channel.epoll.EpollEventLoop.epollWaitNoTimerChange(EpollEventLoop.java:290)
        at org.apache.ratis.thirdparty.io.netty.channel.epoll.EpollEventLoop.run(EpollEventLoop.java:347)
        at org.apache.ratis.thirdparty.io.netty.util.concurrent.SingleThreadEventExecutor$4.run(SingleThreadEventExecutor.java:986)
        at org.apache.ratis.thirdparty.io.netty.util.internal.ThreadExecutorMap$2.run(ThreadExecutorMap.java:74)
        at java.lang.Thread.run(Thread.java:750)
"qtp1535833708-345" daemon prio=5 tid=345 runnable
java.lang.Thread.State: RUNNABLE
        at sun.nio.ch.EPollArrayWrapper.epollWait(Native Method)
        at sun.nio.ch.EPollArrayWrapper.poll(EPollArrayWrapper.java:269)
        at sun.nio.ch.EPollSelectorImpl.doSelect(EPollSelectorImpl.java:93)
        at sun.nio.ch.SelectorImpl.lockAndDoSelect(SelectorImpl.java:86)
        at sun.nio.ch.SelectorImpl.select(SelectorImpl.java:97)
        at sun.nio.ch.SelectorImpl.select(SelectorImpl.java:101)
        at org.eclipse.jetty.io.ManagedSelector.nioSelect(ManagedSelector.java:183)
        at org.eclipse.jetty.io.ManagedSelector.select(ManagedSelector.java:190)
        at org.eclipse.jetty.io.ManagedSelector$SelectorProducer.select(ManagedSelector.java:606)
        at org.eclipse.jetty.io.ManagedSelector$SelectorProducer.produce(ManagedSelector.java:543)
        at org.eclipse.jetty.util.thread.strategy.EatWhatYouKill.produceTask(EatWhatYouKill.java:362)
        at org.eclipse.jetty.util.thread.strategy.EatWhatYouKill.doProduce(EatWhatYouKill.java:186)
        at org.eclipse.jetty.util.thread.strategy.EatWhatYouKill.tryProduce(EatWhatYouKill.java:173)
        at org.eclipse.jetty.util.thread.strategy.EatWhatYouKill.produce(EatWhatYouKill.java:137)
        at org.eclipse.jetty.io.ManagedSelector$$Lambda$444/1122636984.run(Unknown Source)
        at org.eclipse.jetty.util.thread.QueuedThreadPool.runJob(QueuedThreadPool.java:883)
        at org.eclipse.jetty.util.thread.QueuedThreadPool$Runner.run(QueuedThreadPool.java:1034)
        at java.lang.Thread.run(Thread.java:750)
"StaleRecoveringContainerScrubbingService#0" daemon prio=5 tid=505 in Object.wait()
java.lang.Thread.State: WAITING (on object monitor)
        at sun.misc.Unsafe.park(Native Method)
        at java.util.concurrent.locks.LockSupport.park(LockSupport.java:175)
        at java.util.concurrent.locks.AbstractQueuedSynchronizer$ConditionObject.await(AbstractQueuedSynchronizer.java:2039)
        at java.util.concurrent.ScheduledThreadPoolExecutor$DelayedWorkQueue.take(ScheduledThreadPoolExecutor.java:1088)
        at java.util.concurrent.ScheduledThreadPoolExecutor$DelayedWorkQueue.take(ScheduledThreadPoolExecutor.java:809)
        at java.util.concurrent.ThreadPoolExecutor.getTask(ThreadPoolExecutor.java:1074)
        at java.util.concurrent.ThreadPoolExecutor.runWorker(ThreadPoolExecutor.java:1134)
        at java.util.concurrent.ThreadPoolExecutor$Worker.run(ThreadPoolExecutor.java:624)
        at java.lang.Thread.run(Thread.java:750)
"Datanode State Machine Daemon Thread" daemon prio=5 tid=289 timed_waiting
java.lang.Thread.State: TIMED_WAITING
        at java.lang.Thread.sleep(Native Method)
        at org.apache.hadoop.ozone.container.common.statemachine.DatanodeStateMachine.startStateMachineThread(DatanodeStateMachine.java:313)
        at org.apache.hadoop.ozone.container.common.statemachine.DatanodeStateMachine.lambda$startDaemon$0(DatanodeStateMachine.java:493)
        at org.apache.hadoop.ozone.container.common.statemachine.DatanodeStateMachine$$Lambda$727/1819651816.run(Unknown Source)
        at java.lang.Thread.run(Thread.java:750)
"qtp1895032440-280" daemon prio=5 tid=280 runnable
java.lang.Thread.State: RUNNABLE
        at sun.nio.ch.EPollArrayWrapper.epollWait(Native Method)
        at sun.nio.ch.EPollArrayWrapper.poll(EPollArrayWrapper.java:269)
        at sun.nio.ch.EPollSelectorImpl.doSelect(EPollSelectorImpl.java:93)
        at sun.nio.ch.SelectorImpl.lockAndDoSelect(SelectorImpl.java:86)
        at sun.nio.ch.SelectorImpl.select(SelectorImpl.java:97)
        at sun.nio.ch.SelectorImpl.select(SelectorImpl.java:101)
        at org.eclipse.jetty.io.ManagedSelector.nioSelect(ManagedSelector.java:183)
        at org.eclipse.jetty.io.ManagedSelector.select(ManagedSelector.java:190)
        at org.eclipse.jetty.io.ManagedSelector$SelectorProducer.select(ManagedSelector.java:606)
        at org.eclipse.jetty.io.ManagedSelector$SelectorProducer.produce(ManagedSelector.java:543)
        at org.eclipse.jetty.util.thread.strategy.EatWhatYouKill.produceTask(EatWhatYouKill.java:362)
        at org.eclipse.jetty.util.thread.strategy.EatWhatYouKill.doProduce(EatWhatYouKill.java:186)
        at org.eclipse.jetty.util.thread.strategy.EatWhatYouKill.tryProduce(EatWhatYouKill.java:173)
        at org.eclipse.jetty.util.thread.strategy.EatWhatYouKill.produce(EatWhatYouKill.java:137)
        at org.eclipse.jetty.io.ManagedSelector$$Lambda$444/1122636984.run(Unknown Source)
        at org.eclipse.jetty.util.thread.QueuedThreadPool.runJob(QueuedThreadPool.java:883)
        at org.eclipse.jetty.util.thread.QueuedThreadPool$Runner.run(QueuedThreadPool.java:1034)
        at java.lang.Thread.run(Thread.java:750)
"IPC Server handler 17 on default port 33043" daemon prio=5 tid=74 timed_waiting
java.lang.Thread.State: TIMED_WAITING
        at sun.misc.Unsafe.park(Native Method)
        at java.util.concurrent.locks.LockSupport.parkNanos(LockSupport.java:215)
        at java.util.concurrent.locks.AbstractQueuedSynchronizer$ConditionObject.awaitNanos(AbstractQueuedSynchronizer.java:2078)
        at java.util.concurrent.LinkedBlockingQueue.poll(LinkedBlockingQueue.java:467)
        at org.apache.hadoop.ipc.CallQueueManager.take(CallQueueManager.java:317)
        at org.apache.hadoop.ipc.Server$Handler.run(Server.java:2942)
"Datanode ReportManager Thread - 1" daemon prio=5 tid=356 in Object.wait()
java.lang.Thread.State: WAITING (on object monitor)
        at sun.misc.Unsafe.park(Native Method)
        at java.util.concurrent.locks.LockSupport.park(LockSupport.java:175)
        at java.util.concurrent.locks.AbstractQueuedSynchronizer$ConditionObject.await(AbstractQueuedSynchronizer.java:2039)
        at java.util.concurrent.ScheduledThreadPoolExecutor$DelayedWorkQueue.take(ScheduledThreadPoolExecutor.java:1088)
        at java.util.concurrent.ScheduledThreadPoolExecutor$DelayedWorkQueue.take(ScheduledThreadPoolExecutor.java:809)
        at java.util.concurrent.ThreadPoolExecutor.getTask(ThreadPoolExecutor.java:1074)
        at java.util.concurrent.ThreadPoolExecutor.runWorker(ThreadPoolExecutor.java:1134)
        at java.util.concurrent.ThreadPoolExecutor$Worker.run(ThreadPoolExecutor.java:624)
        at java.lang.Thread.run(Thread.java:750)
"StaleRecoveringContainerScrubbingService#1" daemon prio=5 tid=453 timed_waiting
java.lang.Thread.State: TIMED_WAITING
        at sun.misc.Unsafe.park(Native Method)
        at java.util.concurrent.locks.LockSupport.parkNanos(LockSupport.java:215)
        at java.util.concurrent.locks.AbstractQueuedSynchronizer$ConditionObject.awaitNanos(AbstractQueuedSynchronizer.java:2078)
        at java.util.concurrent.ScheduledThreadPoolExecutor$DelayedWorkQueue.take(ScheduledThreadPoolExecutor.java:1093)
        at java.util.concurrent.ScheduledThreadPoolExecutor$DelayedWorkQueue.take(ScheduledThreadPoolExecutor.java:809)
        at java.util.concurrent.ThreadPoolExecutor.getTask(ThreadPoolExecutor.java:1074)
        at java.util.concurrent.ThreadPoolExecutor.runWorker(ThreadPoolExecutor.java:1134)
        at java.util.concurrent.ThreadPoolExecutor$Worker.run(ThreadPoolExecutor.java:624)
        at java.lang.Thread.run(Thread.java:750)
"IPC Server handler 12 on default port 41743" daemon prio=5 tid=156 timed_waiting
java.lang.Thread.State: TIMED_WAITING
        at sun.misc.Unsafe.park(Native Method)
        at java.util.concurrent.locks.LockSupport.parkNanos(LockSupport.java:215)
        at java.util.concurrent.locks.AbstractQueuedSynchronizer$ConditionObject.awaitNanos(AbstractQueuedSynchronizer.java:2078)
        at java.util.concurrent.LinkedBlockingQueue.poll(LinkedBlockingQueue.java:467)
        at org.apache.hadoop.ipc.CallQueueManager.take(CallQueueManager.java:317)
        at org.apache.hadoop.ipc.Server$Handler.run(Server.java:2942)
"org.apache.hadoop.util.JvmPauseMonitor$Monitor@57d8dfce" daemon prio=5 tid=325 timed_waiting
java.lang.Thread.State: TIMED_WAITING
        at java.lang.Thread.sleep(Native Method)
        at org.apache.hadoop.util.JvmPauseMonitor$Monitor.run(JvmPauseMonitor.java:192)
        at java.lang.Thread.run(Thread.java:750)
"StaleRecoveringContainerScrubbingService#1" daemon prio=5 tid=506 timed_waiting
java.lang.Thread.State: TIMED_WAITING
        at sun.misc.Unsafe.park(Native Method)
        at java.util.concurrent.locks.LockSupport.parkNanos(LockSupport.java:215)
        at java.util.concurrent.locks.AbstractQueuedSynchronizer$ConditionObject.awaitNanos(AbstractQueuedSynchronizer.java:2078)
        at java.util.concurrent.ScheduledThreadPoolExecutor$DelayedWorkQueue.take(ScheduledThreadPoolExecutor.java:1093)
        at java.util.concurrent.ScheduledThreadPoolExecutor$DelayedWorkQueue.take(ScheduledThreadPoolExecutor.java:809)
        at java.util.concurrent.ThreadPoolExecutor.getTask(ThreadPoolExecutor.java:1074)
        at java.util.concurrent.ThreadPoolExecutor.runWorker(ThreadPoolExecutor.java:1134)
        at java.util.concurrent.ThreadPoolExecutor$Worker.run(ThreadPoolExecutor.java:624)
        at java.lang.Thread.run(Thread.java:750)
"ChunkWriter-1-0" daemon prio=5 tid=370 in Object.wait()
java.lang.Thread.State: WAITING (on object monitor)
        at sun.misc.Unsafe.park(Native Method)
        at java.util.concurrent.locks.LockSupport.park(LockSupport.java:175)
        at java.util.concurrent.locks.AbstractQueuedSynchronizer$ConditionObject.await(AbstractQueuedSynchronizer.java:2039)
        at java.util.concurrent.LinkedBlockingDeque.takeFirst(LinkedBlockingDeque.java:492)
        at java.util.concurrent.LinkedBlockingDeque.take(LinkedBlockingDeque.java:680)
        at java.util.concurrent.ThreadPoolExecutor.getTask(ThreadPoolExecutor.java:1074)
        at java.util.concurrent.ThreadPoolExecutor.runWorker(ThreadPoolExecutor.java:1134)
        at java.util.concurrent.ThreadPoolExecutor$Worker.run(ThreadPoolExecutor.java:624)
        at java.lang.Thread.run(Thread.java:750)
"SCM Heartbeat Processing Thread - 0" daemon prio=5 tid=14 timed_waiting
java.lang.Thread.State: TIMED_WAITING
        at sun.misc.Unsafe.park(Native Method)
        at java.util.concurrent.locks.LockSupport.parkNanos(LockSupport.java:215)
        at java.util.concurrent.locks.AbstractQueuedSynchronizer$ConditionObject.awaitNanos(AbstractQueuedSynchronizer.java:2078)
        at java.util.concurrent.ScheduledThreadPoolExecutor$DelayedWorkQueue.take(ScheduledThreadPoolExecutor.java:1093)
        at java.util.concurrent.ScheduledThreadPoolExecutor$DelayedWorkQueue.take(ScheduledThreadPoolExecutor.java:809)
        at java.util.concurrent.ThreadPoolExecutor.getTask(ThreadPoolExecutor.java:1074)
        at java.util.concurrent.ThreadPoolExecutor.runWorker(ThreadPoolExecutor.java:1134)
        at java.util.concurrent.ThreadPoolExecutor$Worker.run(ThreadPoolExecutor.java:624)
        at java.lang.Thread.run(Thread.java:750)
"ChunkReader-2" daemon prio=5 tid=768 in Object.wait()
java.lang.Thread.State: WAITING (on object monitor)
        at sun.misc.Unsafe.park(Native Method)
        at java.util.concurrent.locks.LockSupport.park(LockSupport.java:175)
        at java.util.concurrent.locks.AbstractQueuedSynchronizer$ConditionObject.await(AbstractQueuedSynchronizer.java:2039)
        at java.util.concurrent.LinkedBlockingQueue.take(LinkedBlockingQueue.java:442)
        at java.util.concurrent.ThreadPoolExecutor.getTask(ThreadPoolExecutor.java:1074)
        at java.util.concurrent.ThreadPoolExecutor.runWorker(ThreadPoolExecutor.java:1134)
        at java.util.concurrent.ThreadPoolExecutor$Worker.run(ThreadPoolExecutor.java:624)
        at java.lang.Thread.run(Thread.java:750)
"pool-261-thread-1" daemon prio=5 tid=412 timed_waiting
java.lang.Thread.State: TIMED_WAITING
        at sun.misc.Unsafe.park(Native Method)
        at java.util.concurrent.locks.LockSupport.parkNanos(LockSupport.java:215)
        at java.util.concurrent.locks.AbstractQueuedSynchronizer$ConditionObject.awaitNanos(AbstractQueuedSynchronizer.java:2078)
        at java.util.concurrent.ScheduledThreadPoolExecutor$DelayedWorkQueue.take(ScheduledThreadPoolExecutor.java:1093)
        at java.util.concurrent.ScheduledThreadPoolExecutor$DelayedWorkQueue.take(ScheduledThreadPoolExecutor.java:809)
        at java.util.concurrent.ThreadPoolExecutor.getTask(ThreadPoolExecutor.java:1074)
        at java.util.concurrent.ThreadPoolExecutor.runWorker(ThreadPoolExecutor.java:1134)
        at java.util.concurrent.ThreadPoolExecutor$Worker.run(ThreadPoolExecutor.java:624)
        at java.lang.Thread.run(Thread.java:750)
"BlockDeletingService#1" daemon prio=5 tid=518 timed_waiting
java.lang.Thread.State: TIMED_WAITING
        at sun.misc.Unsafe.park(Native Method)
        at java.util.concurrent.locks.LockSupport.parkNanos(LockSupport.java:215)
        at java.util.concurrent.locks.AbstractQueuedSynchronizer$ConditionObject.awaitNanos(AbstractQueuedSynchronizer.java:2078)
        at java.util.concurrent.ScheduledThreadPoolExecutor$DelayedWorkQueue.take(ScheduledThreadPoolExecutor.java:1093)
        at java.util.concurrent.ScheduledThreadPoolExecutor$DelayedWorkQueue.take(ScheduledThreadPoolExecutor.java:809)
        at java.util.concurrent.ThreadPoolExecutor.getTask(ThreadPoolExecutor.java:1074)
        at java.util.concurrent.ThreadPoolExecutor.runWorker(ThreadPoolExecutor.java:1134)
        at java.util.concurrent.ThreadPoolExecutor$Worker.run(ThreadPoolExecutor.java:624)
        at java.lang.Thread.run(Thread.java:750)
"BlockDeletingService#1" daemon prio=5 tid=486 timed_waiting
java.lang.Thread.State: TIMED_WAITING
        at sun.misc.Unsafe.park(Native Method)
        at java.util.concurrent.locks.LockSupport.parkNanos(LockSupport.java:215)
        at java.util.concurrent.locks.AbstractQueuedSynchronizer$ConditionObject.awaitNanos(AbstractQueuedSynchronizer.java:2078)
        at java.util.concurrent.ScheduledThreadPoolExecutor$DelayedWorkQueue.take(ScheduledThreadPoolExecutor.java:1093)
        at java.util.concurrent.ScheduledThreadPoolExecutor$DelayedWorkQueue.take(ScheduledThreadPoolExecutor.java:809)
        at java.util.concurrent.ThreadPoolExecutor.getTask(ThreadPoolExecutor.java:1074)
        at java.util.concurrent.ThreadPoolExecutor.runWorker(ThreadPoolExecutor.java:1134)
        at java.util.concurrent.ThreadPoolExecutor$Worker.run(ThreadPoolExecutor.java:624)
        at java.lang.Thread.run(Thread.java:750)
"org.apache.ratis.util.JvmPauseMonitor$$Lambda$684/1307560138@7e74e829" daemon prio=5 tid=373 timed_waiting
java.lang.Thread.State: TIMED_WAITING
        at java.lang.Thread.sleep(Native Method)
        at java.lang.Thread.sleep(Thread.java:342)
        at java.util.concurrent.TimeUnit.sleep(TimeUnit.java:386)
        at org.apache.ratis.util.TimeDuration.sleep(TimeDuration.java:325)
        at org.apache.ratis.util.TimeDuration.sleep(TimeDuration.java:310)
        at org.apache.ratis.util.JvmPauseMonitor.detectPause(JvmPauseMonitor.java:117)
        at org.apache.ratis.util.JvmPauseMonitor.run(JvmPauseMonitor.java:106)
        at org.apache.ratis.util.JvmPauseMonitor$$Lambda$684/1307560138.run(Unknown Source)
        at java.lang.Thread.run(Thread.java:750)
"qtp1681627794-462" daemon prio=5 tid=462 timed_waiting
java.lang.Thread.State: TIMED_WAITING
        at sun.misc.Unsafe.park(Native Method)
        at java.util.concurrent.locks.LockSupport.parkNanos(LockSupport.java:215)
        at java.util.concurrent.locks.AbstractQueuedSynchronizer$ConditionObject.awaitNanos(AbstractQueuedSynchronizer.java:2078)
        at org.eclipse.jetty.util.BlockingArrayQueue.poll(BlockingArrayQueue.java:382)
        at org.eclipse.jetty.util.thread.QueuedThreadPool$Runner.idleJobPoll(QueuedThreadPool.java:974)
        at org.eclipse.jetty.util.thread.QueuedThreadPool$Runner.run(QueuedThreadPool.java:1018)
        at java.lang.Thread.run(Thread.java:750)
"qtp1172737018-235" daemon prio=5 tid=235 timed_waiting
java.lang.Thread.State: TIMED_WAITING
        at sun.misc.Unsafe.park(Native Method)
        at java.util.concurrent.locks.LockSupport.parkNanos(LockSupport.java:215)
        at java.util.concurrent.locks.AbstractQueuedSynchronizer$ConditionObject.awaitNanos(AbstractQueuedSynchronizer.java:2078)
        at org.eclipse.jetty.util.BlockingArrayQueue.poll(BlockingArrayQueue.java:382)
        at org.eclipse.jetty.util.thread.QueuedThreadPool$Runner.idleJobPoll(QueuedThreadPool.java:974)
        at org.eclipse.jetty.util.thread.QueuedThreadPool$Runner.run(QueuedThreadPool.java:1018)
        at java.lang.Thread.run(Thread.java:750)
"grpc-default-worker-ELG-3-1" daemon prio=5 tid=569 runnable
java.lang.Thread.State: RUNNABLE
        at org.apache.ratis.thirdparty.io.netty.channel.epoll.Native.epollWait(Native Method)
        at org.apache.ratis.thirdparty.io.netty.channel.epoll.Native.epollWait(Native.java:193)
        at org.apache.ratis.thirdparty.io.netty.channel.epoll.Native.epollWait(Native.java:186)
        at org.apache.ratis.thirdparty.io.netty.channel.epoll.EpollEventLoop.epollWaitNoTimerChange(EpollEventLoop.java:290)
        at org.apache.ratis.thirdparty.io.netty.channel.epoll.EpollEventLoop.run(EpollEventLoop.java:347)
        at org.apache.ratis.thirdparty.io.netty.util.concurrent.SingleThreadEventExecutor$4.run(SingleThreadEventExecutor.java:986)
        at org.apache.ratis.thirdparty.io.netty.util.internal.ThreadExecutorMap$2.run(ThreadExecutorMap.java:74)
        at org.apache.ratis.thirdparty.io.netty.util.concurrent.FastThreadLocalRunnable.run(FastThreadLocalRunnable.java:30)
        at java.lang.Thread.run(Thread.java:750)
"IPC Server handler 10 on default port 40181" daemon prio=5 tid=47 timed_waiting
java.lang.Thread.State: TIMED_WAITING
        at sun.misc.Unsafe.park(Native Method)
        at java.util.concurrent.locks.LockSupport.parkNanos(LockSupport.java:215)
        at java.util.concurrent.locks.AbstractQueuedSynchronizer$ConditionObject.awaitNanos(AbstractQueuedSynchronizer.java:2078)
        at java.util.concurrent.LinkedBlockingQueue.poll(LinkedBlockingQueue.java:467)
        at org.apache.hadoop.ipc.CallQueueManager.take(CallQueueManager.java:317)
        at org.apache.hadoop.ipc.Server$Handler.run(Server.java:2942)
"Datanode State Machine Task Thread - 1"  prio=5 tid=401 in Object.wait()
java.lang.Thread.State: WAITING (on object monitor)
        at sun.misc.Unsafe.park(Native Method)
        at java.util.concurrent.locks.LockSupport.park(LockSupport.java:175)
        at java.util.concurrent.locks.AbstractQueuedSynchronizer$ConditionObject.await(AbstractQueuedSynchronizer.java:2039)
        at java.util.concurrent.LinkedBlockingQueue.take(LinkedBlockingQueue.java:442)
        at java.util.concurrent.ThreadPoolExecutor.getTask(ThreadPoolExecutor.java:1074)
        at java.util.concurrent.ThreadPoolExecutor.runWorker(ThreadPoolExecutor.java:1134)
        at java.util.concurrent.ThreadPoolExecutor$Worker.run(ThreadPoolExecutor.java:624)
        at java.lang.Thread.run(Thread.java:750)
"ChunkReader-3" daemon prio=5 tid=772 in Object.wait()
java.lang.Thread.State: WAITING (on object monitor)
        at sun.misc.Unsafe.park(Native Method)
        at java.util.concurrent.locks.LockSupport.park(LockSupport.java:175)
        at java.util.concurrent.locks.AbstractQueuedSynchronizer$ConditionObject.await(AbstractQueuedSynchronizer.java:2039)
        at java.util.concurrent.LinkedBlockingQueue.take(LinkedBlockingQueue.java:442)
        at java.util.concurrent.ThreadPoolExecutor.getTask(ThreadPoolExecutor.java:1074)
        at java.util.concurrent.ThreadPoolExecutor.runWorker(ThreadPoolExecutor.java:1134)
        at java.util.concurrent.ThreadPoolExecutor$Worker.run(ThreadPoolExecutor.java:624)
        at java.lang.Thread.run(Thread.java:750)
"org.apache.ratis.util.JvmPauseMonitor$$Lambda$684/1307560138@1feafe96" daemon prio=5 tid=483 timed_waiting
java.lang.Thread.State: TIMED_WAITING
        at java.lang.Thread.sleep(Native Method)
        at java.lang.Thread.sleep(Thread.java:342)
        at java.util.concurrent.TimeUnit.sleep(TimeUnit.java:386)
        at org.apache.ratis.util.TimeDuration.sleep(TimeDuration.java:325)
        at org.apache.ratis.util.TimeDuration.sleep(TimeDuration.java:310)
        at org.apache.ratis.util.JvmPauseMonitor.detectPause(JvmPauseMonitor.java:117)
        at org.apache.ratis.util.JvmPauseMonitor.run(JvmPauseMonitor.java:106)
        at org.apache.ratis.util.JvmPauseMonitor$$Lambda$684/1307560138.run(Unknown Source)
        at java.lang.Thread.run(Thread.java:750)
"EndpointStateMachine task thread for /0.0.0.0:35689 - 0 "  prio=5 tid=440 in Object.wait()
java.lang.Thread.State: WAITING (on object monitor)
        at sun.misc.Unsafe.park(Native Method)
        at java.util.concurrent.locks.LockSupport.park(LockSupport.java:175)
        at java.util.concurrent.locks.AbstractQueuedSynchronizer$ConditionObject.await(AbstractQueuedSynchronizer.java:2039)
        at java.util.concurrent.LinkedBlockingQueue.take(LinkedBlockingQueue.java:442)
        at java.util.concurrent.ThreadPoolExecutor.getTask(ThreadPoolExecutor.java:1074)
        at java.util.concurrent.ThreadPoolExecutor.runWorker(ThreadPoolExecutor.java:1134)
        at java.util.concurrent.ThreadPoolExecutor$Worker.run(ThreadPoolExecutor.java:624)
        at java.lang.Thread.run(Thread.java:750)
"org.apache.ratis.util.JvmPauseMonitor$$Lambda$684/1307560138@63b433f7" daemon prio=5 tid=449 timed_waiting
java.lang.Thread.State: TIMED_WAITING
        at java.lang.Thread.sleep(Native Method)
        at java.lang.Thread.sleep(Thread.java:342)
        at java.util.concurrent.TimeUnit.sleep(TimeUnit.java:386)
        at org.apache.ratis.util.TimeDuration.sleep(TimeDuration.java:325)
        at org.apache.ratis.util.TimeDuration.sleep(TimeDuration.java:310)
        at org.apache.ratis.util.JvmPauseMonitor.detectPause(JvmPauseMonitor.java:117)
        at org.apache.ratis.util.JvmPauseMonitor.run(JvmPauseMonitor.java:106)
        at org.apache.ratis.util.JvmPauseMonitor$$Lambda$684/1307560138.run(Unknown Source)
        at java.lang.Thread.run(Thread.java:750)
"ChunkWriter-3-0" daemon prio=5 tid=444 in Object.wait()
java.lang.Thread.State: WAITING (on object monitor)
        at sun.misc.Unsafe.park(Native Method)
        at java.util.concurrent.locks.LockSupport.park(LockSupport.java:175)
        at java.util.concurrent.locks.AbstractQueuedSynchronizer$ConditionObject.await(AbstractQueuedSynchronizer.java:2039)
        at java.util.concurrent.LinkedBlockingDeque.takeFirst(LinkedBlockingDeque.java:492)
        at java.util.concurrent.LinkedBlockingDeque.take(LinkedBlockingDeque.java:680)
        at java.util.concurrent.ThreadPoolExecutor.getTask(ThreadPoolExecutor.java:1074)
        at java.util.concurrent.ThreadPoolExecutor.runWorker(ThreadPoolExecutor.java:1134)
        at java.util.concurrent.ThreadPoolExecutor$Worker.run(ThreadPoolExecutor.java:624)
        at java.lang.Thread.run(Thread.java:750)
"qtp1535833708-350" daemon prio=5 tid=350 timed_waiting
java.lang.Thread.State: TIMED_WAITING
        at sun.misc.Unsafe.park(Native Method)
        at java.util.concurrent.locks.LockSupport.parkNanos(LockSupport.java:215)
        at java.util.concurrent.locks.AbstractQueuedSynchronizer$ConditionObject.awaitNanos(AbstractQueuedSynchronizer.java:2078)
        at org.eclipse.jetty.util.BlockingArrayQueue.poll(BlockingArrayQueue.java:382)
        at org.eclipse.jetty.util.thread.QueuedThreadPool$Runner.idleJobPoll(QueuedThreadPool.java:974)
        at org.eclipse.jetty.util.thread.QueuedThreadPool$Runner.run(QueuedThreadPool.java:1018)
        at java.lang.Thread.run(Thread.java:750)
"org.apache.ratis.util.JvmPauseMonitor$$Lambda$684/1307560138@24fb7b1" daemon prio=5 tid=129 timed_waiting
java.lang.Thread.State: TIMED_WAITING
        at java.lang.Thread.sleep(Native Method)
        at java.lang.Thread.sleep(Thread.java:342)
        at java.util.concurrent.TimeUnit.sleep(TimeUnit.java:386)
        at org.apache.ratis.util.TimeDuration.sleep(TimeDuration.java:325)
        at org.apache.ratis.util.TimeDuration.sleep(TimeDuration.java:310)
        at org.apache.ratis.util.JvmPauseMonitor.detectPause(JvmPauseMonitor.java:117)
        at org.apache.ratis.util.JvmPauseMonitor.run(JvmPauseMonitor.java:106)
        at org.apache.ratis.util.JvmPauseMonitor$$Lambda$684/1307560138.run(Unknown Source)
        at java.lang.Thread.run(Thread.java:750)
"e247b98c-9a86-486e-b3b1-fa195c9418a4@group-DE1B8656D588-SegmentedRaftLogWorker"  prio=5 tid=563 timed_waiting
java.lang.Thread.State: TIMED_WAITING
        at sun.misc.Unsafe.park(Native Method)
        at java.util.concurrent.locks.LockSupport.parkNanos(LockSupport.java:215)
        at java.util.concurrent.locks.AbstractQueuedSynchronizer$ConditionObject.awaitNanos(AbstractQueuedSynchronizer.java:2078)
        at org.apache.ratis.util.DataBlockingQueue.poll(DataBlockingQueue.java:148)
        at org.apache.ratis.server.raftlog.segmented.SegmentedRaftLogWorker.run(SegmentedRaftLogWorker.java:301)
        at org.apache.ratis.server.raftlog.segmented.SegmentedRaftLogWorker$$Lambda$612/521516682.run(Unknown Source)
        at java.lang.Thread.run(Thread.java:750)
"ChunkReader-0" daemon prio=5 tid=749 in Object.wait()
java.lang.Thread.State: WAITING (on object monitor)
        at sun.misc.Unsafe.park(Native Method)
        at java.util.concurrent.locks.LockSupport.park(LockSupport.java:175)
        at java.util.concurrent.locks.AbstractQueuedSynchronizer$ConditionObject.await(AbstractQueuedSynchronizer.java:2039)
        at java.util.concurrent.LinkedBlockingQueue.take(LinkedBlockingQueue.java:442)
        at java.util.concurrent.ThreadPoolExecutor.getTask(ThreadPoolExecutor.java:1074)
        at java.util.concurrent.ThreadPoolExecutor.runWorker(ThreadPoolExecutor.java:1134)
        at java.util.concurrent.ThreadPoolExecutor$Worker.run(ThreadPoolExecutor.java:624)
        at java.lang.Thread.run(Thread.java:750)
"pool-207-thread-1" daemon prio=5 tid=340 timed_waiting
java.lang.Thread.State: TIMED_WAITING
        at sun.misc.Unsafe.park(Native Method)
        at java.util.concurrent.locks.LockSupport.parkNanos(LockSupport.java:215)
        at java.util.concurrent.locks.AbstractQueuedSynchronizer$ConditionObject.awaitNanos(AbstractQueuedSynchronizer.java:2078)
        at java.util.concurrent.ScheduledThreadPoolExecutor$DelayedWorkQueue.take(ScheduledThreadPoolExecutor.java:1093)
        at java.util.concurrent.ScheduledThreadPoolExecutor$DelayedWorkQueue.take(ScheduledThreadPoolExecutor.java:809)
        at java.util.concurrent.ThreadPoolExecutor.getTask(ThreadPoolExecutor.java:1074)
        at java.util.concurrent.ThreadPoolExecutor.runWorker(ThreadPoolExecutor.java:1134)
        at java.util.concurrent.ThreadPoolExecutor$Worker.run(ThreadPoolExecutor.java:624)
        at java.lang.Thread.run(Thread.java:750)
"ChunkWriter-0-0" daemon prio=5 tid=441 in Object.wait()
java.lang.Thread.State: WAITING (on object monitor)
        at sun.misc.Unsafe.park(Native Method)
        at java.util.concurrent.locks.LockSupport.park(LockSupport.java:175)
        at java.util.concurrent.locks.AbstractQueuedSynchronizer$ConditionObject.await(AbstractQueuedSynchronizer.java:2039)
        at java.util.concurrent.LinkedBlockingDeque.takeFirst(LinkedBlockingDeque.java:492)
        at java.util.concurrent.LinkedBlockingDeque.take(LinkedBlockingDeque.java:680)
        at java.util.concurrent.ThreadPoolExecutor.getTask(ThreadPoolExecutor.java:1074)
        at java.util.concurrent.ThreadPoolExecutor.runWorker(ThreadPoolExecutor.java:1134)
        at java.util.concurrent.ThreadPoolExecutor$Worker.run(ThreadPoolExecutor.java:624)
        at java.lang.Thread.run(Thread.java:750)
"Socket Reader #1 for port 0"  prio=5 tid=28 runnable
java.lang.Thread.State: RUNNABLE
        at sun.nio.ch.EPollArrayWrapper.epollWait(Native Method)
        at sun.nio.ch.EPollArrayWrapper.poll(EPollArrayWrapper.java:269)
        at sun.nio.ch.EPollSelectorImpl.doSelect(EPollSelectorImpl.java:93)
        at sun.nio.ch.SelectorImpl.lockAndDoSelect(SelectorImpl.java:86)
        at sun.nio.ch.SelectorImpl.select(SelectorImpl.java:97)
        at sun.nio.ch.SelectorImpl.select(SelectorImpl.java:101)
        at org.apache.hadoop.ipc.Server$Listener$Reader.doRunLoop(Server.java:1296)
        at org.apache.hadoop.ipc.Server$Listener$Reader.run(Server.java:1275)
"org.apache.hadoop.util.JvmPauseMonitor$Monitor@f6417b7" daemon prio=5 tid=296 timed_waiting
java.lang.Thread.State: TIMED_WAITING
        at java.lang.Thread.sleep(Native Method)
        at org.apache.hadoop.util.JvmPauseMonitor$Monitor.run(JvmPauseMonitor.java:192)
        at java.lang.Thread.run(Thread.java:750)
"qtp1819159284-135" daemon prio=5 tid=135 runnable
java.lang.Thread.State: RUNNABLE
        at sun.nio.ch.EPollArrayWrapper.epollWait(Native Method)
        at sun.nio.ch.EPollArrayWrapper.poll(EPollArrayWrapper.java:269)
        at sun.nio.ch.EPollSelectorImpl.doSelect(EPollSelectorImpl.java:93)
        at sun.nio.ch.SelectorImpl.lockAndDoSelect(SelectorImpl.java:86)
        at sun.nio.ch.SelectorImpl.select(SelectorImpl.java:97)
        at sun.nio.ch.SelectorImpl.select(SelectorImpl.java:101)
        at org.eclipse.jetty.io.ManagedSelector.nioSelect(ManagedSelector.java:183)
        at org.eclipse.jetty.io.ManagedSelector.select(ManagedSelector.java:190)
        at org.eclipse.jetty.io.ManagedSelector$SelectorProducer.select(ManagedSelector.java:606)
        at org.eclipse.jetty.io.ManagedSelector$SelectorProducer.produce(ManagedSelector.java:543)
        at org.eclipse.jetty.util.thread.strategy.EatWhatYouKill.produceTask(EatWhatYouKill.java:362)
        at org.eclipse.jetty.util.thread.strategy.EatWhatYouKill.doProduce(EatWhatYouKill.java:186)
        at org.eclipse.jetty.util.thread.strategy.EatWhatYouKill.tryProduce(EatWhatYouKill.java:173)
        at org.eclipse.jetty.util.thread.strategy.EatWhatYouKill.produce(EatWhatYouKill.java:137)
        at org.eclipse.jetty.io.ManagedSelector$$Lambda$444/1122636984.run(Unknown Source)
        at org.eclipse.jetty.util.thread.QueuedThreadPool.runJob(QueuedThreadPool.java:883)
        at org.eclipse.jetty.util.thread.QueuedThreadPool$Runner.run(QueuedThreadPool.java:1034)
        at java.lang.Thread.run(Thread.java:750)
"bbc6add2-54a7-4497-b631-73b4353e40e2@group-A007A3104D9A-LeaderStateImpl" daemon prio=5 tid=779 timed_waiting
java.lang.Thread.State: TIMED_WAITING
        at sun.misc.Unsafe.park(Native Method)
        at java.util.concurrent.locks.LockSupport.parkNanos(LockSupport.java:215)
        at java.util.concurrent.locks.AbstractQueuedSynchronizer$ConditionObject.awaitNanos(AbstractQueuedSynchronizer.java:2078)
        at java.util.concurrent.ArrayBlockingQueue.poll(ArrayBlockingQueue.java:418)
        at org.apache.ratis.server.impl.LeaderStateImpl$EventQueue.poll(LeaderStateImpl.java:159)
        at org.apache.ratis.server.impl.LeaderStateImpl$EventProcessor.run(LeaderStateImpl.java:630)
"Datanode State Machine Task Thread - 1"  prio=5 tid=439 in Object.wait()
java.lang.Thread.State: WAITING (on object monitor)
        at sun.misc.Unsafe.park(Native Method)
        at java.util.concurrent.locks.LockSupport.park(LockSupport.java:175)
        at java.util.concurrent.locks.AbstractQueuedSynchronizer$ConditionObject.await(AbstractQueuedSynchronizer.java:2039)
        at java.util.concurrent.LinkedBlockingQueue.take(LinkedBlockingQueue.java:442)
        at java.util.concurrent.ThreadPoolExecutor.getTask(ThreadPoolExecutor.java:1074)
        at java.util.concurrent.ThreadPoolExecutor.runWorker(ThreadPoolExecutor.java:1134)
        at java.util.concurrent.ThreadPoolExecutor$Worker.run(ThreadPoolExecutor.java:624)
        at java.lang.Thread.run(Thread.java:750)
"org.apache.ratis.util.JvmPauseMonitor$$Lambda$684/1307560138@bfc2b41" daemon prio=5 tid=331 timed_waiting
java.lang.Thread.State: TIMED_WAITING
        at java.lang.Thread.sleep(Native Method)
        at java.lang.Thread.sleep(Thread.java:342)
        at java.util.concurrent.TimeUnit.sleep(TimeUnit.java:386)
        at org.apache.ratis.util.TimeDuration.sleep(TimeDuration.java:325)
        at org.apache.ratis.util.TimeDuration.sleep(TimeDuration.java:310)
        at org.apache.ratis.util.JvmPauseMonitor.detectPause(JvmPauseMonitor.java:117)
        at org.apache.ratis.util.JvmPauseMonitor.run(JvmPauseMonitor.java:106)
        at org.apache.ratis.util.JvmPauseMonitor$$Lambda$684/1307560138.run(Unknown Source)
        at java.lang.Thread.run(Thread.java:750)
"IPC Server handler 11 on default port 41743" daemon prio=5 tid=155 timed_waiting
java.lang.Thread.State: TIMED_WAITING
        at sun.misc.Unsafe.park(Native Method)
        at java.util.concurrent.locks.LockSupport.parkNanos(LockSupport.java:215)
        at java.util.concurrent.locks.AbstractQueuedSynchronizer$ConditionObject.awaitNanos(AbstractQueuedSynchronizer.java:2078)
        at java.util.concurrent.LinkedBlockingQueue.poll(LinkedBlockingQueue.java:467)
        at org.apache.hadoop.ipc.CallQueueManager.take(CallQueueManager.java:317)
        at org.apache.hadoop.ipc.Server$Handler.run(Server.java:2942)
"Timer-0"  prio=5 tid=130 timed_waiting
java.lang.Thread.State: TIMED_WAITING
        at java.lang.Object.wait(Native Method)
        at java.util.TimerThread.mainLoop(Timer.java:552)
        at java.util.TimerThread.run(Timer.java:505)
"Reference Handler" daemon prio=10 tid=2 in Object.wait()
java.lang.Thread.State: WAITING (on object monitor)
        at java.lang.Object.wait(Native Method)
        at java.lang.Object.wait(Object.java:502)
        at java.lang.ref.Reference.tryHandlePending(Reference.java:191)
        at java.lang.ref.Reference$ReferenceHandler.run(Reference.java:153)
"pool-141-thread-1"  prio=5 tid=607 in Object.wait()
java.lang.Thread.State: WAITING (on object monitor)
        at sun.misc.Unsafe.park(Native Method)
        at java.util.concurrent.locks.LockSupport.park(LockSupport.java:175)
        at java.util.concurrent.locks.AbstractQueuedSynchronizer$ConditionObject.await(AbstractQueuedSynchronizer.java:2039)
        at java.util.concurrent.LinkedBlockingQueue.take(LinkedBlockingQueue.java:442)
        at java.util.concurrent.ThreadPoolExecutor.getTask(ThreadPoolExecutor.java:1074)
        at java.util.concurrent.ThreadPoolExecutor.runWorker(ThreadPoolExecutor.java:1134)
        at java.util.concurrent.ThreadPoolExecutor$Worker.run(ThreadPoolExecutor.java:624)
        at java.lang.Thread.run(Thread.java:750)
"pool-277-thread-1"  prio=5 tid=420 timed_waiting
java.lang.Thread.State: TIMED_WAITING
        at sun.misc.Unsafe.park(Native Method)
        at java.util.concurrent.locks.LockSupport.parkNanos(LockSupport.java:215)
        at java.util.concurrent.locks.AbstractQueuedSynchronizer$ConditionObject.awaitNanos(AbstractQueuedSynchronizer.java:2078)
        at java.util.concurrent.ScheduledThreadPoolExecutor$DelayedWorkQueue.take(ScheduledThreadPoolExecutor.java:1093)
        at java.util.concurrent.ScheduledThreadPoolExecutor$DelayedWorkQueue.take(ScheduledThreadPoolExecutor.java:809)
        at java.util.concurrent.ThreadPoolExecutor.getTask(ThreadPoolExecutor.java:1074)
        at java.util.concurrent.ThreadPoolExecutor.runWorker(ThreadPoolExecutor.java:1134)
        at java.util.concurrent.ThreadPoolExecutor$Worker.run(ThreadPoolExecutor.java:624)
        at java.lang.Thread.run(Thread.java:750)
"3c897dd6-f9a8-4587-816d-4b361cef56f3@group-B166C3D79484-LeaderStateImpl" daemon prio=5 tid=721 timed_waiting
java.lang.Thread.State: TIMED_WAITING
        at sun.misc.Unsafe.park(Native Method)
        at java.util.concurrent.locks.LockSupport.parkNanos(LockSupport.java:215)
        at java.util.concurrent.locks.AbstractQueuedSynchronizer$ConditionObject.awaitNanos(AbstractQueuedSynchronizer.java:2078)
        at java.util.concurrent.ArrayBlockingQueue.poll(ArrayBlockingQueue.java:418)
        at org.apache.ratis.server.impl.LeaderStateImpl$EventQueue.poll(LeaderStateImpl.java:159)
        at org.apache.ratis.server.impl.LeaderStateImpl$EventProcessor.run(LeaderStateImpl.java:630)
"ChunkWriter-1-0" daemon prio=5 tid=550 in Object.wait()
java.lang.Thread.State: WAITING (on object monitor)
        at sun.misc.Unsafe.park(Native Method)
        at java.util.concurrent.locks.LockSupport.park(LockSupport.java:175)
        at java.util.concurrent.locks.AbstractQueuedSynchronizer$ConditionObject.await(AbstractQueuedSynchronizer.java:2039)
        at java.util.concurrent.LinkedBlockingDeque.takeFirst(LinkedBlockingDeque.java:492)
        at java.util.concurrent.LinkedBlockingDeque.take(LinkedBlockingDeque.java:680)
        at java.util.concurrent.ThreadPoolExecutor.getTask(ThreadPoolExecutor.java:1074)
        at java.util.concurrent.ThreadPoolExecutor.runWorker(ThreadPoolExecutor.java:1134)
        at java.util.concurrent.ThreadPoolExecutor$Worker.run(ThreadPoolExecutor.java:624)
        at java.lang.Thread.run(Thread.java:750)
"Command processor thread" daemon prio=5 tid=217 timed_waiting
java.lang.Thread.State: TIMED_WAITING
        at java.lang.Thread.sleep(Native Method)
        at org.apache.hadoop.ozone.container.common.statemachine.DatanodeStateMachine.lambda$initCommandHandlerThread$3(DatanodeStateMachine.java:628)
        at org.apache.hadoop.ozone.container.common.statemachine.DatanodeStateMachine$$Lambda$729/1322069686.run(Unknown Source)
        at java.lang.Thread.run(Thread.java:750)
"pool-304-thread-1"  prio=5 tid=458 timed_waiting
java.lang.Thread.State: TIMED_WAITING
        at sun.misc.Unsafe.park(Native Method)
        at java.util.concurrent.locks.LockSupport.parkNanos(LockSupport.java:215)
        at java.util.concurrent.locks.AbstractQueuedSynchronizer$ConditionObject.awaitNanos(AbstractQueuedSynchronizer.java:2078)
        at java.util.concurrent.ScheduledThreadPoolExecutor$DelayedWorkQueue.take(ScheduledThreadPoolExecutor.java:1093)
        at java.util.concurrent.ScheduledThreadPoolExecutor$DelayedWorkQueue.take(ScheduledThreadPoolExecutor.java:809)
        at java.util.concurrent.ThreadPoolExecutor.getTask(ThreadPoolExecutor.java:1074)
        at java.util.concurrent.ThreadPoolExecutor.runWorker(ThreadPoolExecutor.java:1134)
        at java.util.concurrent.ThreadPoolExecutor$Worker.run(ThreadPoolExecutor.java:624)
        at java.lang.Thread.run(Thread.java:750)
"Datanode State Machine Task Thread - 1"  prio=5 tid=363 in Object.wait()
java.lang.Thread.State: WAITING (on object monitor)
        at sun.misc.Unsafe.park(Native Method)
        at java.util.concurrent.locks.LockSupport.park(LockSupport.java:175)
        at java.util.concurrent.locks.AbstractQueuedSynchronizer$ConditionObject.await(AbstractQueuedSynchronizer.java:2039)
        at java.util.concurrent.LinkedBlockingQueue.take(LinkedBlockingQueue.java:442)
        at java.util.concurrent.ThreadPoolExecutor.getTask(ThreadPoolExecutor.java:1074)
        at java.util.concurrent.ThreadPoolExecutor.runWorker(ThreadPoolExecutor.java:1134)
        at java.util.concurrent.ThreadPoolExecutor$Worker.run(ThreadPoolExecutor.java:624)
        at java.lang.Thread.run(Thread.java:750)
"qtp1770500328-177" daemon prio=5 tid=177 timed_waiting
java.lang.Thread.State: TIMED_WAITING
        at sun.misc.Unsafe.park(Native Method)
        at java.util.concurrent.locks.LockSupport.parkNanos(LockSupport.java:215)
        at java.util.concurrent.locks.AbstractQueuedSynchronizer$ConditionObject.awaitNanos(AbstractQueuedSynchronizer.java:2078)
        at org.eclipse.jetty.util.BlockingArrayQueue.poll(BlockingArrayQueue.java:382)
        at org.eclipse.jetty.util.thread.QueuedThreadPool$Runner.idleJobPoll(QueuedThreadPool.java:974)
        at org.eclipse.jetty.util.thread.QueuedThreadPool$Runner.run(QueuedThreadPool.java:1018)
        at java.lang.Thread.run(Thread.java:750)
"IPC Server listener on 0" daemon prio=5 tid=27 runnable
java.lang.Thread.State: RUNNABLE
        at sun.nio.ch.EPollArrayWrapper.epollWait(Native Method)
        at sun.nio.ch.EPollArrayWrapper.poll(EPollArrayWrapper.java:269)
        at sun.nio.ch.EPollSelectorImpl.doSelect(EPollSelectorImpl.java:93)
        at sun.nio.ch.SelectorImpl.lockAndDoSelect(SelectorImpl.java:86)
        at sun.nio.ch.SelectorImpl.select(SelectorImpl.java:97)
        at sun.nio.ch.SelectorImpl.select(SelectorImpl.java:101)
        at org.apache.hadoop.ipc.Server$Listener.run(Server.java:1358)
"BlockDeletingService#2" daemon prio=5 tid=1007 in Object.wait()
java.lang.Thread.State: WAITING (on object monitor)
        at sun.misc.Unsafe.park(Native Method)
        at java.util.concurrent.locks.LockSupport.park(LockSupport.java:175)
        at java.util.concurrent.locks.AbstractQueuedSynchronizer$ConditionObject.await(AbstractQueuedSynchronizer.java:2039)
        at java.util.concurrent.ScheduledThreadPoolExecutor$DelayedWorkQueue.take(ScheduledThreadPoolExecutor.java:1088)
        at java.util.concurrent.ScheduledThreadPoolExecutor$DelayedWorkQueue.take(ScheduledThreadPoolExecutor.java:809)
        at java.util.concurrent.ThreadPoolExecutor.getTask(ThreadPoolExecutor.java:1074)
        at java.util.concurrent.ThreadPoolExecutor.runWorker(ThreadPoolExecutor.java:1134)
        at java.util.concurrent.ThreadPoolExecutor$Worker.run(ThreadPoolExecutor.java:624)
        at java.lang.Thread.run(Thread.java:750)
"qtp823415723-100" daemon prio=5 tid=100 runnable
java.lang.Thread.State: RUNNABLE
        at sun.nio.ch.EPollArrayWrapper.epollWait(Native Method)
        at sun.nio.ch.EPollArrayWrapper.poll(EPollArrayWrapper.java:269)
        at sun.nio.ch.EPollSelectorImpl.doSelect(EPollSelectorImpl.java:93)
        at sun.nio.ch.SelectorImpl.lockAndDoSelect(SelectorImpl.java:86)
        at sun.nio.ch.SelectorImpl.select(SelectorImpl.java:97)
        at sun.nio.ch.SelectorImpl.select(SelectorImpl.java:101)
        at org.eclipse.jetty.io.ManagedSelector.nioSelect(ManagedSelector.java:183)
        at org.eclipse.jetty.io.ManagedSelector.select(ManagedSelector.java:190)
        at org.eclipse.jetty.io.ManagedSelector$SelectorProducer.select(ManagedSelector.java:606)
        at org.eclipse.jetty.io.ManagedSelector$SelectorProducer.produce(ManagedSelector.java:543)
        at org.eclipse.jetty.util.thread.strategy.EatWhatYouKill.produceTask(EatWhatYouKill.java:362)
        at org.eclipse.jetty.util.thread.strategy.EatWhatYouKill.doProduce(EatWhatYouKill.java:186)
        at org.eclipse.jetty.util.thread.strategy.EatWhatYouKill.tryProduce(EatWhatYouKill.java:173)
        at org.eclipse.jetty.util.thread.strategy.EatWhatYouKill.produce(EatWhatYouKill.java:137)
        at org.eclipse.jetty.io.ManagedSelector$$Lambda$444/1122636984.run(Unknown Source)
        at org.eclipse.jetty.util.thread.QueuedThreadPool.runJob(QueuedThreadPool.java:883)
        at org.eclipse.jetty.util.thread.QueuedThreadPool$Runner.run(QueuedThreadPool.java:1034)
        at java.lang.Thread.run(Thread.java:750)
"IPC Server handler 9 on default port 35689" daemon prio=5 tid=86 timed_waiting
java.lang.Thread.State: TIMED_WAITING
        at sun.misc.Unsafe.park(Native Method)
        at java.util.concurrent.locks.LockSupport.parkNanos(LockSupport.java:215)
        at java.util.concurrent.locks.AbstractQueuedSynchronizer$ConditionObject.awaitNanos(AbstractQueuedSynchronizer.java:2078)
        at java.util.concurrent.LinkedBlockingQueue.poll(LinkedBlockingQueue.java:467)
        at org.apache.hadoop.ipc.CallQueueManager.take(CallQueueManager.java:317)
        at org.apache.hadoop.ipc.Server$Handler.run(Server.java:2942)
"qtp823415723-104" daemon prio=5 tid=104 timed_waiting
java.lang.Thread.State: TIMED_WAITING
        at sun.misc.Unsafe.park(Native Method)
        at java.util.concurrent.locks.LockSupport.parkNanos(LockSupport.java:215)
        at java.util.concurrent.locks.AbstractQueuedSynchronizer$ConditionObject.awaitNanos(AbstractQueuedSynchronizer.java:2078)
        at org.eclipse.jetty.util.BlockingArrayQueue.poll(BlockingArrayQueue.java:382)
        at org.eclipse.jetty.util.thread.QueuedThreadPool$Runner.idleJobPoll(QueuedThreadPool.java:974)
        at org.eclipse.jetty.util.thread.QueuedThreadPool$Runner.run(QueuedThreadPool.java:1018)
        at java.lang.Thread.run(Thread.java:750)
"IPC Server handler 13 on default port 35689" daemon prio=5 tid=90 timed_waiting
java.lang.Thread.State: TIMED_WAITING
        at sun.misc.Unsafe.park(Native Method)
        at java.util.concurrent.locks.LockSupport.parkNanos(LockSupport.java:215)
        at java.util.concurrent.locks.AbstractQueuedSynchronizer$ConditionObject.awaitNanos(AbstractQueuedSynchronizer.java:2078)
        at java.util.concurrent.LinkedBlockingQueue.poll(LinkedBlockingQueue.java:467)
        at org.apache.hadoop.ipc.CallQueueManager.take(CallQueueManager.java:317)
        at org.apache.hadoop.ipc.Server$Handler.run(Server.java:2942)
"Datanode ReportManager Thread - 1" daemon prio=5 tid=239 in Object.wait()
java.lang.Thread.State: WAITING (on object monitor)
        at sun.misc.Unsafe.park(Native Method)
        at java.util.concurrent.locks.LockSupport.park(LockSupport.java:175)
        at java.util.concurrent.locks.AbstractQueuedSynchronizer$ConditionObject.await(AbstractQueuedSynchronizer.java:2039)
        at java.util.concurrent.ScheduledThreadPoolExecutor$DelayedWorkQueue.take(ScheduledThreadPoolExecutor.java:1088)
        at java.util.concurrent.ScheduledThreadPoolExecutor$DelayedWorkQueue.take(ScheduledThreadPoolExecutor.java:809)
        at java.util.concurrent.ThreadPoolExecutor.getTask(ThreadPoolExecutor.java:1074)
        at java.util.concurrent.ThreadPoolExecutor.runWorker(ThreadPoolExecutor.java:1134)
        at java.util.concurrent.ThreadPoolExecutor$Worker.run(ThreadPoolExecutor.java:624)
        at java.lang.Thread.run(Thread.java:750)
"pool-81-thread-1"  prio=5 tid=173 timed_waiting
java.lang.Thread.State: TIMED_WAITING
        at sun.misc.Unsafe.park(Native Method)
        at java.util.concurrent.locks.LockSupport.parkNanos(LockSupport.java:215)
        at java.util.concurrent.locks.AbstractQueuedSynchronizer$ConditionObject.awaitNanos(AbstractQueuedSynchronizer.java:2078)
        at java.util.concurrent.ScheduledThreadPoolExecutor$DelayedWorkQueue.take(ScheduledThreadPoolExecutor.java:1093)
        at java.util.concurrent.ScheduledThreadPoolExecutor$DelayedWorkQueue.take(ScheduledThreadPoolExecutor.java:809)
        at java.util.concurrent.ThreadPoolExecutor.getTask(ThreadPoolExecutor.java:1074)
        at java.util.concurrent.ThreadPoolExecutor.runWorker(ThreadPoolExecutor.java:1134)
        at java.util.concurrent.ThreadPoolExecutor$Worker.run(ThreadPoolExecutor.java:624)
        at java.lang.Thread.run(Thread.java:750)
"ChunkReader-1" daemon prio=5 tid=757 in Object.wait()
java.lang.Thread.State: WAITING (on object monitor)
        at sun.misc.Unsafe.park(Native Method)
        at java.util.concurrent.locks.LockSupport.park(LockSupport.java:175)
        at java.util.concurrent.locks.AbstractQueuedSynchronizer$ConditionObject.await(AbstractQueuedSynchronizer.java:2039)
        at java.util.concurrent.LinkedBlockingQueue.take(LinkedBlockingQueue.java:442)
        at java.util.concurrent.ThreadPoolExecutor.getTask(ThreadPoolExecutor.java:1074)
        at java.util.concurrent.ThreadPoolExecutor.runWorker(ThreadPoolExecutor.java:1134)
        at java.util.concurrent.ThreadPoolExecutor$Worker.run(ThreadPoolExecutor.java:624)
        at java.lang.Thread.run(Thread.java:750)
"StaleRecoveringContainerScrubbingService#2" daemon prio=5 tid=1011 in Object.wait()
java.lang.Thread.State: WAITING (on object monitor)
        at sun.misc.Unsafe.park(Native Method)
        at java.util.concurrent.locks.LockSupport.park(LockSupport.java:175)
        at java.util.concurrent.locks.AbstractQueuedSynchronizer$ConditionObject.await(AbstractQueuedSynchronizer.java:2039)
        at java.util.concurrent.ScheduledThreadPoolExecutor$DelayedWorkQueue.take(ScheduledThreadPoolExecutor.java:1088)
        at java.util.concurrent.ScheduledThreadPoolExecutor$DelayedWorkQueue.take(ScheduledThreadPoolExecutor.java:809)
        at java.util.concurrent.ThreadPoolExecutor.getTask(ThreadPoolExecutor.java:1074)
        at java.util.concurrent.ThreadPoolExecutor.runWorker(ThreadPoolExecutor.java:1134)
        at java.util.concurrent.ThreadPoolExecutor$Worker.run(ThreadPoolExecutor.java:624)
        at java.lang.Thread.run(Thread.java:750)
"qtp1535833708-347" daemon prio=5 tid=347 timed_waiting
java.lang.Thread.State: TIMED_WAITING
        at sun.misc.Unsafe.park(Native Method)
        at java.util.concurrent.locks.LockSupport.parkNanos(LockSupport.java:215)
        at java.util.concurrent.locks.AbstractQueuedSynchronizer$ConditionObject.awaitNanos(AbstractQueuedSynchronizer.java:2078)
        at org.eclipse.jetty.util.BlockingArrayQueue.poll(BlockingArrayQueue.java:382)
        at org.eclipse.jetty.util.thread.QueuedThreadPool$Runner.idleJobPoll(QueuedThreadPool.java:974)
        at org.eclipse.jetty.util.thread.QueuedThreadPool$Runner.run(QueuedThreadPool.java:1018)
        at java.lang.Thread.run(Thread.java:750)
"qtp1697908956-257" daemon prio=5 tid=257 timed_waiting
java.lang.Thread.State: TIMED_WAITING
        at sun.misc.Unsafe.park(Native Method)
        at java.util.concurrent.locks.LockSupport.parkNanos(LockSupport.java:215)
        at java.util.concurrent.locks.AbstractQueuedSynchronizer$ConditionObject.awaitNanos(AbstractQueuedSynchronizer.java:2078)
        at org.eclipse.jetty.util.BlockingArrayQueue.poll(BlockingArrayQueue.java:382)
        at org.eclipse.jetty.util.thread.QueuedThreadPool$Runner.idleJobPoll(QueuedThreadPool.java:974)
        at org.eclipse.jetty.util.thread.QueuedThreadPool$Runner.run(QueuedThreadPool.java:1018)
        at java.lang.Thread.run(Thread.java:750)
"qtp1172737018-228" daemon prio=5 tid=228 runnable
java.lang.Thread.State: RUNNABLE
        at sun.nio.ch.EPollArrayWrapper.epollWait(Native Method)
        at sun.nio.ch.EPollArrayWrapper.poll(EPollArrayWrapper.java:269)
        at sun.nio.ch.EPollSelectorImpl.doSelect(EPollSelectorImpl.java:93)
        at sun.nio.ch.SelectorImpl.lockAndDoSelect(SelectorImpl.java:86)
        at sun.nio.ch.SelectorImpl.select(SelectorImpl.java:97)
        at sun.nio.ch.SelectorImpl.select(SelectorImpl.java:101)
        at org.eclipse.jetty.io.ManagedSelector.nioSelect(ManagedSelector.java:183)
        at org.eclipse.jetty.io.ManagedSelector.select(ManagedSelector.java:190)
        at org.eclipse.jetty.io.ManagedSelector$SelectorProducer.select(ManagedSelector.java:606)
        at org.eclipse.jetty.io.ManagedSelector$SelectorProducer.produce(ManagedSelector.java:543)
        at org.eclipse.jetty.util.thread.strategy.EatWhatYouKill.produceTask(EatWhatYouKill.java:362)
        at org.eclipse.jetty.util.thread.strategy.EatWhatYouKill.doProduce(EatWhatYouKill.java:186)
        at org.eclipse.jetty.util.thread.strategy.EatWhatYouKill.tryProduce(EatWhatYouKill.java:173)
        at org.eclipse.jetty.util.thread.strategy.EatWhatYouKill.produce(EatWhatYouKill.java:137)
        at org.eclipse.jetty.io.ManagedSelector$$Lambda$444/1122636984.run(Unknown Source)
        at org.eclipse.jetty.util.thread.QueuedThreadPool.runJob(QueuedThreadPool.java:883)
        at org.eclipse.jetty.util.thread.QueuedThreadPool$Runner.run(QueuedThreadPool.java:1034)
        at java.lang.Thread.run(Thread.java:750)
"b5e52be0-4491-4e69-96e1-10d94051f40c@group-E555343BB60F-SegmentedRaftLogWorker"  prio=5 tid=582 timed_waiting
java.lang.Thread.State: TIMED_WAITING
        at sun.misc.Unsafe.park(Native Method)
        at java.util.concurrent.locks.LockSupport.parkNanos(LockSupport.java:215)
        at java.util.concurrent.locks.AbstractQueuedSynchronizer$ConditionObject.awaitNanos(AbstractQueuedSynchronizer.java:2078)
        at org.apache.ratis.util.DataBlockingQueue.poll(DataBlockingQueue.java:148)
        at org.apache.ratis.server.raftlog.segmented.SegmentedRaftLogWorker.run(SegmentedRaftLogWorker.java:301)
        at org.apache.ratis.server.raftlog.segmented.SegmentedRaftLogWorker$$Lambda$612/521516682.run(Unknown Source)
        at java.lang.Thread.run(Thread.java:750)
"Datanode ReportManager Thread - 0" daemon prio=5 tid=355 timed_waiting
java.lang.Thread.State: TIMED_WAITING
        at sun.misc.Unsafe.park(Native Method)
        at java.util.concurrent.locks.LockSupport.parkNanos(LockSupport.java:215)
        at java.util.concurrent.locks.AbstractQueuedSynchronizer$ConditionObject.awaitNanos(AbstractQueuedSynchronizer.java:2078)
        at java.util.concurrent.ScheduledThreadPoolExecutor$DelayedWorkQueue.take(ScheduledThreadPoolExecutor.java:1093)
        at java.util.concurrent.ScheduledThreadPoolExecutor$DelayedWorkQueue.take(ScheduledThreadPoolExecutor.java:809)
        at java.util.concurrent.ThreadPoolExecutor.getTask(ThreadPoolExecutor.java:1074)
        at java.util.concurrent.ThreadPoolExecutor.runWorker(ThreadPoolExecutor.java:1134)
        at java.util.concurrent.ThreadPoolExecutor$Worker.run(ThreadPoolExecutor.java:624)
        at java.lang.Thread.run(Thread.java:750)
"IPC Server handler 18 on default port 35689" daemon prio=5 tid=95 timed_waiting
java.lang.Thread.State: TIMED_WAITING
        at sun.misc.Unsafe.park(Native Method)
        at java.util.concurrent.locks.LockSupport.parkNanos(LockSupport.java:215)
        at java.util.concurrent.locks.AbstractQueuedSynchronizer$ConditionObject.awaitNanos(AbstractQueuedSynchronizer.java:2078)
        at java.util.concurrent.LinkedBlockingQueue.poll(LinkedBlockingQueue.java:467)
        at org.apache.hadoop.ipc.CallQueueManager.take(CallQueueManager.java:317)
        at org.apache.hadoop.ipc.Server$Handler.run(Server.java:2942)
"ChunkReader-4" daemon prio=5 tid=770 in Object.wait()
java.lang.Thread.State: WAITING (on object monitor)
        at sun.misc.Unsafe.park(Native Method)
        at java.util.concurrent.locks.LockSupport.park(LockSupport.java:175)
        at java.util.concurrent.locks.AbstractQueuedSynchronizer$ConditionObject.await(AbstractQueuedSynchronizer.java:2039)
        at java.util.concurrent.LinkedBlockingQueue.take(LinkedBlockingQueue.java:442)
        at java.util.concurrent.ThreadPoolExecutor.getTask(ThreadPoolExecutor.java:1074)
        at java.util.concurrent.ThreadPoolExecutor.runWorker(ThreadPoolExecutor.java:1134)
        at java.util.concurrent.ThreadPoolExecutor$Worker.run(ThreadPoolExecutor.java:624)
        at java.lang.Thread.run(Thread.java:750)
"Command processor thread" daemon prio=5 tid=436 timed_waiting
java.lang.Thread.State: TIMED_WAITING
        at java.lang.Thread.sleep(Native Method)
        at org.apache.hadoop.ozone.container.common.statemachine.DatanodeStateMachine.lambda$initCommandHandlerThread$3(DatanodeStateMachine.java:628)
        at org.apache.hadoop.ozone.container.common.statemachine.DatanodeStateMachine$$Lambda$729/1322069686.run(Unknown Source)
        at java.lang.Thread.run(Thread.java:750)
"EndpointStateMachine task thread for /0.0.0.0:35689 - 0 "  prio=5 tid=316 in Object.wait()
java.lang.Thread.State: WAITING (on object monitor)
        at sun.misc.Unsafe.park(Native Method)
        at java.util.concurrent.locks.LockSupport.park(LockSupport.java:175)
        at java.util.concurrent.locks.AbstractQueuedSynchronizer$ConditionObject.await(AbstractQueuedSynchronizer.java:2039)
        at java.util.concurrent.LinkedBlockingQueue.take(LinkedBlockingQueue.java:442)
        at java.util.concurrent.ThreadPoolExecutor.getTask(ThreadPoolExecutor.java:1074)
        at java.util.concurrent.ThreadPoolExecutor.runWorker(ThreadPoolExecutor.java:1134)
        at java.util.concurrent.ThreadPoolExecutor$Worker.run(ThreadPoolExecutor.java:624)
        at java.lang.Thread.run(Thread.java:750)
"8b5383b3-e7bf-4722-baeb-dd5c06b347e3@group-2ECA46B087C1-LeaderStateImpl" daemon prio=5 tid=847 timed_waiting
java.lang.Thread.State: TIMED_WAITING
        at sun.misc.Unsafe.park(Native Method)
        at java.util.concurrent.locks.LockSupport.parkNanos(LockSupport.java:215)
        at java.util.concurrent.locks.AbstractQueuedSynchronizer$ConditionObject.awaitNanos(AbstractQueuedSynchronizer.java:2078)
        at java.util.concurrent.ArrayBlockingQueue.poll(ArrayBlockingQueue.java:418)
        at org.apache.ratis.server.impl.LeaderStateImpl$EventQueue.poll(LeaderStateImpl.java:159)
        at org.apache.ratis.server.impl.LeaderStateImpl$EventProcessor.run(LeaderStateImpl.java:630)
"Datanode State Machine Daemon Thread" daemon prio=5 tid=354 timed_waiting
java.lang.Thread.State: TIMED_WAITING
        at java.lang.Thread.sleep(Native Method)
        at org.apache.hadoop.ozone.container.common.statemachine.DatanodeStateMachine.startStateMachineThread(DatanodeStateMachine.java:313)
        at org.apache.hadoop.ozone.container.common.statemachine.DatanodeStateMachine.lambda$startDaemon$0(DatanodeStateMachine.java:493)
        at org.apache.hadoop.ozone.container.common.statemachine.DatanodeStateMachine$$Lambda$727/1819651816.run(Unknown Source)
        at java.lang.Thread.run(Thread.java:750)
"ChunkWriter-3-0" daemon prio=5 tid=372 in Object.wait()
java.lang.Thread.State: WAITING (on object monitor)
        at sun.misc.Unsafe.park(Native Method)
        at java.util.concurrent.locks.LockSupport.park(LockSupport.java:175)
        at java.util.concurrent.locks.AbstractQueuedSynchronizer$ConditionObject.await(AbstractQueuedSynchronizer.java:2039)
        at java.util.concurrent.LinkedBlockingDeque.takeFirst(LinkedBlockingDeque.java:492)
        at java.util.concurrent.LinkedBlockingDeque.take(LinkedBlockingDeque.java:680)
        at java.util.concurrent.ThreadPoolExecutor.getTask(ThreadPoolExecutor.java:1074)
        at java.util.concurrent.ThreadPoolExecutor.runWorker(ThreadPoolExecutor.java:1134)
        at java.util.concurrent.ThreadPoolExecutor$Worker.run(ThreadPoolExecutor.java:624)
        at java.lang.Thread.run(Thread.java:750)
"EventQueue-NodeRegistrationContainerReportForContainerSafeModeRule" daemon prio=5 tid=492 in Object.wait()
java.lang.Thread.State: WAITING (on object monitor)
        at sun.misc.Unsafe.park(Native Method)
        at java.util.concurrent.locks.LockSupport.park(LockSupport.java:175)
        at java.util.concurrent.locks.AbstractQueuedSynchronizer$ConditionObject.await(AbstractQueuedSynchronizer.java:2039)
        at java.util.concurrent.LinkedBlockingQueue.take(LinkedBlockingQueue.java:442)
        at java.util.concurrent.ThreadPoolExecutor.getTask(ThreadPoolExecutor.java:1074)
        at java.util.concurrent.ThreadPoolExecutor.runWorker(ThreadPoolExecutor.java:1134)
        at java.util.concurrent.ThreadPoolExecutor$Worker.run(ThreadPoolExecutor.java:624)
        at java.lang.Thread.run(Thread.java:750)
"8b5383b3-e7bf-4722-baeb-dd5c06b347e3@group-E555343BB60F-FollowerState" daemon prio=5 tid=788 timed_waiting
java.lang.Thread.State: TIMED_WAITING
        at java.lang.Thread.sleep(Native Method)
        at java.lang.Thread.sleep(Thread.java:342)
        at java.util.concurrent.TimeUnit.sleep(TimeUnit.java:386)
        at org.apache.ratis.util.TimeDuration.sleep(TimeDuration.java:325)
        at org.apache.ratis.util.TimeDuration.sleep(TimeDuration.java:310)
        at org.apache.ratis.server.impl.FollowerState.run(FollowerState.java:128)
"IPC Server handler 0 on default port 35689" daemon prio=5 tid=77 timed_waiting
java.lang.Thread.State: TIMED_WAITING
        at sun.misc.Unsafe.park(Native Method)
        at java.util.concurrent.locks.LockSupport.parkNanos(LockSupport.java:215)
        at java.util.concurrent.locks.AbstractQueuedSynchronizer$ConditionObject.awaitNanos(AbstractQueuedSynchronizer.java:2078)
        at java.util.concurrent.LinkedBlockingQueue.poll(LinkedBlockingQueue.java:467)
        at org.apache.hadoop.ipc.CallQueueManager.take(CallQueueManager.java:317)
        at org.apache.hadoop.ipc.Server$Handler.run(Server.java:2942)
"264ccfc1-7403-435b-81c3-d1dfb4335e59@group-D51D6A44A918->3c897dd6-f9a8-4587-816d-4b361cef56f3-GrpcLogAppender-LogAppenderDaemon" daemon prio=5 tid=712 timed_waiting
java.lang.Thread.State: TIMED_WAITING
        at sun.misc.Unsafe.park(Native Method)
        at java.util.concurrent.locks.LockSupport.parkNanos(LockSupport.java:215)
        at java.util.concurrent.CompletableFuture$Signaller.block(CompletableFuture.java:1709)
        at java.util.concurrent.ForkJoinPool.managedBlock(ForkJoinPool.java:3323)
        at java.util.concurrent.CompletableFuture.timedGet(CompletableFuture.java:1788)
        at java.util.concurrent.CompletableFuture.get(CompletableFuture.java:1928)
        at org.apache.ratis.util.AwaitForSignal.await(AwaitForSignal.java:56)
        at org.apache.ratis.grpc.server.GrpcLogAppender.mayWait(GrpcLogAppender.java:169)
        at org.apache.ratis.grpc.server.GrpcLogAppender.run(GrpcLogAppender.java:128)
        at org.apache.ratis.server.leader.LogAppenderDaemon.run(LogAppenderDaemon.java:77)
        at org.apache.ratis.server.leader.LogAppenderDaemon$$Lambda$1009/1613603097.run(Unknown Source)
        at java.lang.Thread.run(Thread.java:750)
"Datanode State Machine Task Thread - 1"  prio=5 tid=547 in Object.wait()
java.lang.Thread.State: WAITING (on object monitor)
        at sun.misc.Unsafe.park(Native Method)
        at java.util.concurrent.locks.LockSupport.park(LockSupport.java:175)
        at java.util.concurrent.locks.AbstractQueuedSynchronizer$ConditionObject.await(AbstractQueuedSynchronizer.java:2039)
        at java.util.concurrent.LinkedBlockingQueue.take(LinkedBlockingQueue.java:442)
        at java.util.concurrent.ThreadPoolExecutor.getTask(ThreadPoolExecutor.java:1074)
        at java.util.concurrent.ThreadPoolExecutor.runWorker(ThreadPoolExecutor.java:1134)
        at java.util.concurrent.ThreadPoolExecutor$Worker.run(ThreadPoolExecutor.java:624)
        at java.lang.Thread.run(Thread.java:750)
"qtp193317890-309" daemon prio=5 tid=309 timed_waiting
java.lang.Thread.State: TIMED_WAITING
        at sun.misc.Unsafe.park(Native Method)
        at java.util.concurrent.locks.LockSupport.parkNanos(LockSupport.java:215)
        at java.util.concurrent.locks.AbstractQueuedSynchronizer$ConditionObject.awaitNanos(AbstractQueuedSynchronizer.java:2078)
        at org.eclipse.jetty.util.BlockingArrayQueue.poll(BlockingArrayQueue.java:382)
        at org.eclipse.jetty.util.thread.QueuedThreadPool$Runner.idleJobPoll(QueuedThreadPool.java:974)
        at org.eclipse.jetty.util.thread.QueuedThreadPool$Runner.run(QueuedThreadPool.java:1018)
        at java.lang.Thread.run(Thread.java:750)
"qtp1770500328-178" daemon prio=5 tid=178 timed_waiting
java.lang.Thread.State: TIMED_WAITING
        at sun.misc.Unsafe.park(Native Method)
        at java.util.concurrent.locks.LockSupport.parkNanos(LockSupport.java:215)
        at java.util.concurrent.locks.AbstractQueuedSynchronizer$ConditionObject.awaitNanos(AbstractQueuedSynchronizer.java:2078)
        at org.eclipse.jetty.util.BlockingArrayQueue.poll(BlockingArrayQueue.java:382)
        at org.eclipse.jetty.util.thread.QueuedThreadPool$Runner.idleJobPoll(QueuedThreadPool.java:974)
        at org.eclipse.jetty.util.thread.QueuedThreadPool$Runner.run(QueuedThreadPool.java:1018)
        at java.lang.Thread.run(Thread.java:750)
"EventQueue-DatanodeCommandForSCMNodeManager"  prio=5 tid=495 in Object.wait()
java.lang.Thread.State: WAITING (on object monitor)
        at sun.misc.Unsafe.park(Native Method)
        at java.util.concurrent.locks.LockSupport.park(LockSupport.java:175)
        at java.util.concurrent.locks.AbstractQueuedSynchronizer$ConditionObject.await(AbstractQueuedSynchronizer.java:2039)
        at java.util.concurrent.LinkedBlockingQueue.take(LinkedBlockingQueue.java:442)
        at java.util.concurrent.ThreadPoolExecutor.getTask(ThreadPoolExecutor.java:1074)
        at java.util.concurrent.ThreadPoolExecutor.runWorker(ThreadPoolExecutor.java:1134)
        at java.util.concurrent.ThreadPoolExecutor$Worker.run(ThreadPoolExecutor.java:624)
        at java.lang.Thread.run(Thread.java:750)
"pool-88-thread-1" daemon prio=5 tid=197 timed_waiting
java.lang.Thread.State: TIMED_WAITING
        at sun.misc.Unsafe.park(Native Method)
        at java.util.concurrent.locks.LockSupport.parkNanos(LockSupport.java:215)
        at java.util.concurrent.locks.AbstractQueuedSynchronizer$ConditionObject.awaitNanos(AbstractQueuedSynchronizer.java:2078)
        at java.util.concurrent.ScheduledThreadPoolExecutor$DelayedWorkQueue.take(ScheduledThreadPoolExecutor.java:1093)
        at java.util.concurrent.ScheduledThreadPoolExecutor$DelayedWorkQueue.take(ScheduledThreadPoolExecutor.java:809)
        at java.util.concurrent.ThreadPoolExecutor.getTask(ThreadPoolExecutor.java:1074)
        at java.util.concurrent.ThreadPoolExecutor.runWorker(ThreadPoolExecutor.java:1134)
        at java.util.concurrent.ThreadPoolExecutor$Worker.run(ThreadPoolExecutor.java:624)
        at java.lang.Thread.run(Thread.java:750)
"pool-157-thread-1" daemon prio=5 tid=275 timed_waiting
java.lang.Thread.State: TIMED_WAITING
        at sun.misc.Unsafe.park(Native Method)
        at java.util.concurrent.locks.LockSupport.parkNanos(LockSupport.java:215)
        at java.util.concurrent.locks.AbstractQueuedSynchronizer$ConditionObject.awaitNanos(AbstractQueuedSynchronizer.java:2078)
        at java.util.concurrent.ScheduledThreadPoolExecutor$DelayedWorkQueue.take(ScheduledThreadPoolExecutor.java:1093)
        at java.util.concurrent.ScheduledThreadPoolExecutor$DelayedWorkQueue.take(ScheduledThreadPoolExecutor.java:809)
        at java.util.concurrent.ThreadPoolExecutor.getTask(ThreadPoolExecutor.java:1074)
        at java.util.concurrent.ThreadPoolExecutor.runWorker(ThreadPoolExecutor.java:1134)
        at java.util.concurrent.ThreadPoolExecutor$Worker.run(ThreadPoolExecutor.java:624)
        at java.lang.Thread.run(Thread.java:750)
"qtp1022045468-422-acceptor-0@77dcae2-ServerConnector@657b41cf{HTTP/1.1, (http/1.1)}{0.0.0.0:46641}" daemon prio=3 tid=422 runnable
java.lang.Thread.State: RUNNABLE
        at sun.nio.ch.ServerSocketChannelImpl.accept0(Native Method)
        at sun.nio.ch.ServerSocketChannelImpl.accept(ServerSocketChannelImpl.java:421)
        at sun.nio.ch.ServerSocketChannelImpl.accept(ServerSocketChannelImpl.java:249)
        at org.eclipse.jetty.server.ServerConnector.accept(ServerConnector.java:388)
        at org.eclipse.jetty.server.AbstractConnector$Acceptor.run(AbstractConnector.java:702)
        at org.eclipse.jetty.util.thread.QueuedThreadPool.runJob(QueuedThreadPool.java:883)
        at org.eclipse.jetty.util.thread.QueuedThreadPool$Runner.run(QueuedThreadPool.java:1034)
        at java.lang.Thread.run(Thread.java:750)
"org.apache.hadoop.util.JvmPauseMonitor$Monitor@6ef641e6" daemon prio=5 tid=218 timed_waiting
java.lang.Thread.State: TIMED_WAITING
        at java.lang.Thread.sleep(Native Method)
        at org.apache.hadoop.util.JvmPauseMonitor$Monitor.run(JvmPauseMonitor.java:192)
        at java.lang.Thread.run(Thread.java:750)
"pool-55-thread-1"  prio=5 tid=117 in Object.wait()
java.lang.Thread.State: WAITING (on object monitor)
        at sun.misc.Unsafe.park(Native Method)
        at java.util.concurrent.locks.LockSupport.park(LockSupport.java:175)
        at java.util.concurrent.locks.AbstractQueuedSynchronizer$ConditionObject.await(AbstractQueuedSynchronizer.java:2039)
        at java.util.concurrent.LinkedBlockingQueue.take(LinkedBlockingQueue.java:442)
        at java.util.concurrent.ThreadPoolExecutor.getTask(ThreadPoolExecutor.java:1074)
        at java.util.concurrent.ThreadPoolExecutor.runWorker(ThreadPoolExecutor.java:1134)
        at java.util.concurrent.ThreadPoolExecutor$Worker.run(ThreadPoolExecutor.java:624)
        at java.lang.Thread.run(Thread.java:750)
"b5e52be0-4491-4e69-96e1-10d94051f40c-server-thread1" daemon prio=5 tid=853 timed_waiting
java.lang.Thread.State: TIMED_WAITING
        at sun.misc.Unsafe.park(Native Method)
        at java.util.concurrent.locks.LockSupport.parkNanos(LockSupport.java:215)
        at java.util.concurrent.SynchronousQueue$TransferStack.awaitFulfill(SynchronousQueue.java:460)
        at java.util.concurrent.SynchronousQueue$TransferStack.transfer(SynchronousQueue.java:362)
        at java.util.concurrent.SynchronousQueue.poll(SynchronousQueue.java:941)
        at java.util.concurrent.ThreadPoolExecutor.getTask(ThreadPoolExecutor.java:1073)
        at java.util.concurrent.ThreadPoolExecutor.runWorker(ThreadPoolExecutor.java:1134)
        at java.util.concurrent.ThreadPoolExecutor$Worker.run(ThreadPoolExecutor.java:624)
        at java.lang.Thread.run(Thread.java:750)
"BlockDeletingService#2" daemon prio=5 tid=1020 in Object.wait()
java.lang.Thread.State: WAITING (on object monitor)
        at sun.misc.Unsafe.park(Native Method)
        at java.util.concurrent.locks.LockSupport.park(LockSupport.java:175)
        at java.util.concurrent.locks.AbstractQueuedSynchronizer$ConditionObject.await(AbstractQueuedSynchronizer.java:2039)
        at java.util.concurrent.ScheduledThreadPoolExecutor$DelayedWorkQueue.take(ScheduledThreadPoolExecutor.java:1088)
        at java.util.concurrent.ScheduledThreadPoolExecutor$DelayedWorkQueue.take(ScheduledThreadPoolExecutor.java:809)
        at java.util.concurrent.ThreadPoolExecutor.getTask(ThreadPoolExecutor.java:1074)
        at java.util.concurrent.ThreadPoolExecutor.runWorker(ThreadPoolExecutor.java:1134)
        at java.util.concurrent.ThreadPoolExecutor$Worker.run(ThreadPoolExecutor.java:624)
        at java.lang.Thread.run(Thread.java:750)
"org.apache.ratis.util.JvmPauseMonitor$$Lambda$684/1307560138@4e7141eb" daemon prio=5 tid=540 timed_waiting
java.lang.Thread.State: TIMED_WAITING
        at java.lang.Thread.sleep(Native Method)
        at java.lang.Thread.sleep(Thread.java:342)
        at java.util.concurrent.TimeUnit.sleep(TimeUnit.java:386)
        at org.apache.ratis.util.TimeDuration.sleep(TimeDuration.java:325)
        at org.apache.ratis.util.TimeDuration.sleep(TimeDuration.java:310)
        at org.apache.ratis.util.JvmPauseMonitor.detectPause(JvmPauseMonitor.java:117)
        at org.apache.ratis.util.JvmPauseMonitor.run(JvmPauseMonitor.java:106)
        at org.apache.ratis.util.JvmPauseMonitor$$Lambda$684/1307560138.run(Unknown Source)
        at java.lang.Thread.run(Thread.java:750)
"IPC Server handler 7 on default port 41743" daemon prio=5 tid=151 timed_waiting
java.lang.Thread.State: TIMED_WAITING
        at sun.misc.Unsafe.park(Native Method)
        at java.util.concurrent.locks.LockSupport.parkNanos(LockSupport.java:215)
        at java.util.concurrent.locks.AbstractQueuedSynchronizer$ConditionObject.awaitNanos(AbstractQueuedSynchronizer.java:2078)
        at java.util.concurrent.LinkedBlockingQueue.poll(LinkedBlockingQueue.java:467)
        at org.apache.hadoop.ipc.CallQueueManager.take(CallQueueManager.java:317)
        at org.apache.hadoop.ipc.Server$Handler.run(Server.java:2942)
"EventQueue-CloseContainerForCloseContainerEventHandler" daemon prio=5 tid=808 in Object.wait()
java.lang.Thread.State: WAITING (on object monitor)
        at sun.misc.Unsafe.park(Native Method)
        at java.util.concurrent.locks.LockSupport.park(LockSupport.java:175)
        at java.util.concurrent.locks.AbstractQueuedSynchronizer$ConditionObject.await(AbstractQueuedSynchronizer.java:2039)
        at java.util.concurrent.LinkedBlockingQueue.take(LinkedBlockingQueue.java:442)
        at java.util.concurrent.ThreadPoolExecutor.getTask(ThreadPoolExecutor.java:1074)
        at java.util.concurrent.ThreadPoolExecutor.runWorker(ThreadPoolExecutor.java:1134)
        at java.util.concurrent.ThreadPoolExecutor$Worker.run(ThreadPoolExecutor.java:624)
        at java.lang.Thread.run(Thread.java:750)
"27609338-e5ea-4e9e-bd63-6729dd2dbc7a@group-B319158F4DE0-StateMachineUpdater" daemon prio=5 tid=621 timed_waiting
java.lang.Thread.State: TIMED_WAITING
        at sun.misc.Unsafe.park(Native Method)
        at java.util.concurrent.locks.LockSupport.parkNanos(LockSupport.java:215)
        at java.util.concurrent.CompletableFuture$Signaller.block(CompletableFuture.java:1709)
        at java.util.concurrent.ForkJoinPool.managedBlock(ForkJoinPool.java:3323)
        at java.util.concurrent.CompletableFuture.timedGet(CompletableFuture.java:1788)
        at java.util.concurrent.CompletableFuture.get(CompletableFuture.java:1928)
        at org.apache.ratis.util.AwaitForSignal.await(AwaitForSignal.java:56)
        at org.apache.ratis.server.impl.StateMachineUpdater.waitForCommit(StateMachineUpdater.java:207)
        at org.apache.ratis.server.impl.StateMachineUpdater.run(StateMachineUpdater.java:176)
        at java.lang.Thread.run(Thread.java:750)
"IPC Server handler 5 on default port 33043" daemon prio=5 tid=62 timed_waiting
java.lang.Thread.State: TIMED_WAITING
        at sun.misc.Unsafe.park(Native Method)
        at java.util.concurrent.locks.LockSupport.parkNanos(LockSupport.java:215)
        at java.util.concurrent.locks.AbstractQueuedSynchronizer$ConditionObject.awaitNanos(AbstractQueuedSynchronizer.java:2078)
        at java.util.concurrent.LinkedBlockingQueue.poll(LinkedBlockingQueue.java:467)
        at org.apache.hadoop.ipc.CallQueueManager.take(CallQueueManager.java:317)
        at org.apache.hadoop.ipc.Server$Handler.run(Server.java:2942)
"qtp1720328101-207" daemon prio=5 tid=207 timed_waiting
java.lang.Thread.State: TIMED_WAITING
        at sun.misc.Unsafe.park(Native Method)
        at java.util.concurrent.locks.LockSupport.parkNanos(LockSupport.java:215)
        at java.util.concurrent.locks.AbstractQueuedSynchronizer$ConditionObject.awaitNanos(AbstractQueuedSynchronizer.java:2078)
        at org.eclipse.jetty.util.BlockingArrayQueue.poll(BlockingArrayQueue.java:382)
        at org.eclipse.jetty.util.thread.QueuedThreadPool$Runner.idleJobPoll(QueuedThreadPool.java:974)
        at org.eclipse.jetty.util.thread.QueuedThreadPool$Runner.run(QueuedThreadPool.java:1018)
        at java.lang.Thread.run(Thread.java:750)
"IPC Server handler 9 on default port 33043" daemon prio=5 tid=66 timed_waiting
java.lang.Thread.State: TIMED_WAITING
        at sun.misc.Unsafe.park(Native Method)
        at java.util.concurrent.locks.LockSupport.parkNanos(LockSupport.java:215)
        at java.util.concurrent.locks.AbstractQueuedSynchronizer$ConditionObject.awaitNanos(AbstractQueuedSynchronizer.java:2078)
        at java.util.concurrent.LinkedBlockingQueue.poll(LinkedBlockingQueue.java:467)
        at org.apache.hadoop.ipc.CallQueueManager.take(CallQueueManager.java:317)
        at org.apache.hadoop.ipc.Server$Handler.run(Server.java:2942)
"Signal Dispatcher" daemon prio=9 tid=4 runnable
java.lang.Thread.State: RUNNABLE
"Periodic HDDS volume checker" daemon prio=5 tid=195 timed_waiting
java.lang.Thread.State: TIMED_WAITING
        at sun.misc.Unsafe.park(Native Method)
        at java.util.concurrent.locks.LockSupport.parkNanos(LockSupport.java:215)
        at java.util.concurrent.locks.AbstractQueuedSynchronizer$ConditionObject.awaitNanos(AbstractQueuedSynchronizer.java:2078)
        at java.util.concurrent.ScheduledThreadPoolExecutor$DelayedWorkQueue.take(ScheduledThreadPoolExecutor.java:1093)
        at java.util.concurrent.ScheduledThreadPoolExecutor$DelayedWorkQueue.take(ScheduledThreadPoolExecutor.java:809)
        at java.util.concurrent.ThreadPoolExecutor.getTask(ThreadPoolExecutor.java:1074)
        at java.util.concurrent.ThreadPoolExecutor.runWorker(ThreadPoolExecutor.java:1134)
        at java.util.concurrent.ThreadPoolExecutor$Worker.run(ThreadPoolExecutor.java:624)
        at java.lang.Thread.run(Thread.java:750)
"Command processor thread" daemon prio=5 tid=360 timed_waiting
java.lang.Thread.State: TIMED_WAITING
        at java.lang.Thread.sleep(Native Method)
        at org.apache.hadoop.ozone.container.common.statemachine.DatanodeStateMachine.lambda$initCommandHandlerThread$3(DatanodeStateMachine.java:628)
        at org.apache.hadoop.ozone.container.common.statemachine.DatanodeStateMachine$$Lambda$729/1322069686.run(Unknown Source)
        at java.lang.Thread.run(Thread.java:750)
"IPC Server handler 19 on default port 41743" daemon prio=5 tid=163 timed_waiting
java.lang.Thread.State: TIMED_WAITING
        at sun.misc.Unsafe.park(Native Method)
        at java.util.concurrent.locks.LockSupport.parkNanos(LockSupport.java:215)
        at java.util.concurrent.locks.AbstractQueuedSynchronizer$ConditionObject.awaitNanos(AbstractQueuedSynchronizer.java:2078)
        at java.util.concurrent.LinkedBlockingQueue.poll(LinkedBlockingQueue.java:467)
        at org.apache.hadoop.ipc.CallQueueManager.take(CallQueueManager.java:317)
        at org.apache.hadoop.ipc.Server$Handler.run(Server.java:2942)
"ChunkReader-ELG-0" daemon prio=5 tid=450 runnable
java.lang.Thread.State: RUNNABLE
        at org.apache.ratis.thirdparty.io.netty.channel.epoll.Native.epollWait(Native Method)
        at org.apache.ratis.thirdparty.io.netty.channel.epoll.Native.epollWait(Native.java:193)
        at org.apache.ratis.thirdparty.io.netty.channel.epoll.Native.epollWait(Native.java:186)
        at org.apache.ratis.thirdparty.io.netty.channel.epoll.EpollEventLoop.epollWaitNoTimerChange(EpollEventLoop.java:290)
        at org.apache.ratis.thirdparty.io.netty.channel.epoll.EpollEventLoop.run(EpollEventLoop.java:347)
        at org.apache.ratis.thirdparty.io.netty.util.concurrent.SingleThreadEventExecutor$4.run(SingleThreadEventExecutor.java:986)
        at org.apache.ratis.thirdparty.io.netty.util.internal.ThreadExecutorMap$2.run(ThreadExecutorMap.java:74)
        at java.lang.Thread.run(Thread.java:750)
"pool-164-thread-1"  prio=5 tid=614 in Object.wait()
java.lang.Thread.State: WAITING (on object monitor)
        at sun.misc.Unsafe.park(Native Method)
        at java.util.concurrent.locks.LockSupport.park(LockSupport.java:175)
        at java.util.concurrent.locks.AbstractQueuedSynchronizer$ConditionObject.await(AbstractQueuedSynchronizer.java:2039)
        at java.util.concurrent.LinkedBlockingQueue.take(LinkedBlockingQueue.java:442)
        at java.util.concurrent.ThreadPoolExecutor.getTask(ThreadPoolExecutor.java:1074)
        at java.util.concurrent.ThreadPoolExecutor.runWorker(ThreadPoolExecutor.java:1134)
        at java.util.concurrent.ThreadPoolExecutor$Worker.run(ThreadPoolExecutor.java:624)
        at java.lang.Thread.run(Thread.java:750)
"Command processor thread" daemon prio=5 tid=324 timed_waiting
java.lang.Thread.State: TIMED_WAITING
        at java.lang.Thread.sleep(Native Method)
        at org.apache.hadoop.ozone.container.common.statemachine.DatanodeStateMachine.lambda$initCommandHandlerThread$3(DatanodeStateMachine.java:628)
        at org.apache.hadoop.ozone.container.common.statemachine.DatanodeStateMachine$$Lambda$729/1322069686.run(Unknown Source)
        at java.lang.Thread.run(Thread.java:750)
"pool-187-thread-1"  prio=5 tid=619 in Object.wait()
java.lang.Thread.State: WAITING (on object monitor)
        at sun.misc.Unsafe.park(Native Method)
        at java.util.concurrent.locks.LockSupport.park(LockSupport.java:175)
        at java.util.concurrent.locks.AbstractQueuedSynchronizer$ConditionObject.await(AbstractQueuedSynchronizer.java:2039)
        at java.util.concurrent.LinkedBlockingQueue.take(LinkedBlockingQueue.java:442)
        at java.util.concurrent.ThreadPoolExecutor.getTask(ThreadPoolExecutor.java:1074)
        at java.util.concurrent.ThreadPoolExecutor.runWorker(ThreadPoolExecutor.java:1134)
        at java.util.concurrent.ThreadPoolExecutor$Worker.run(ThreadPoolExecutor.java:624)
        at java.lang.Thread.run(Thread.java:750)
"IPC Server Responder" daemon prio=5 tid=125 runnable
java.lang.Thread.State: RUNNABLE
        at sun.nio.ch.EPollArrayWrapper.epollWait(Native Method)
        at sun.nio.ch.EPollArrayWrapper.poll(EPollArrayWrapper.java:269)
        at sun.nio.ch.EPollSelectorImpl.doSelect(EPollSelectorImpl.java:93)
        at sun.nio.ch.SelectorImpl.lockAndDoSelect(SelectorImpl.java:86)
        at sun.nio.ch.SelectorImpl.select(SelectorImpl.java:97)
        at org.apache.hadoop.ipc.Server$Responder.doRunLoop(Server.java:1532)
        at org.apache.hadoop.ipc.Server$Responder.run(Server.java:1515)
"Datanode State Machine Task Thread - 1"  prio=5 tid=315 in Object.wait()
java.lang.Thread.State: WAITING (on object monitor)
        at sun.misc.Unsafe.park(Native Method)
        at java.util.concurrent.locks.LockSupport.park(LockSupport.java:175)
        at java.util.concurrent.locks.AbstractQueuedSynchronizer$ConditionObject.await(AbstractQueuedSynchronizer.java:2039)
        at java.util.concurrent.LinkedBlockingQueue.take(LinkedBlockingQueue.java:442)
        at java.util.concurrent.ThreadPoolExecutor.getTask(ThreadPoolExecutor.java:1074)
        at java.util.concurrent.ThreadPoolExecutor.runWorker(ThreadPoolExecutor.java:1134)
        at java.util.concurrent.ThreadPoolExecutor$Worker.run(ThreadPoolExecutor.java:624)
        at java.lang.Thread.run(Thread.java:750)
"27609338-e5ea-4e9e-bd63-6729dd2dbc7a@group-271805A6E5C0-LeaderStateImpl" daemon prio=5 tid=724 timed_waiting
java.lang.Thread.State: TIMED_WAITING
        at sun.misc.Unsafe.park(Native Method)
        at java.util.concurrent.locks.LockSupport.parkNanos(LockSupport.java:215)
        at java.util.concurrent.locks.AbstractQueuedSynchronizer$ConditionObject.awaitNanos(AbstractQueuedSynchronizer.java:2078)
        at java.util.concurrent.ArrayBlockingQueue.poll(ArrayBlockingQueue.java:418)
        at org.apache.ratis.server.impl.LeaderStateImpl$EventQueue.poll(LeaderStateImpl.java:159)
        at org.apache.ratis.server.impl.LeaderStateImpl$EventProcessor.run(LeaderStateImpl.java:630)
"ChunkWriter-2-0" daemon prio=5 tid=481 in Object.wait()
java.lang.Thread.State: WAITING (on object monitor)
        at sun.misc.Unsafe.park(Native Method)
        at java.util.concurrent.locks.LockSupport.park(LockSupport.java:175)
        at java.util.concurrent.locks.AbstractQueuedSynchronizer$ConditionObject.await(AbstractQueuedSynchronizer.java:2039)
        at java.util.concurrent.LinkedBlockingDeque.takeFirst(LinkedBlockingDeque.java:492)
        at java.util.concurrent.LinkedBlockingDeque.take(LinkedBlockingDeque.java:680)
        at java.util.concurrent.ThreadPoolExecutor.getTask(ThreadPoolExecutor.java:1074)
        at java.util.concurrent.ThreadPoolExecutor.runWorker(ThreadPoolExecutor.java:1134)
        at java.util.concurrent.ThreadPoolExecutor$Worker.run(ThreadPoolExecutor.java:624)
        at java.lang.Thread.run(Thread.java:750)
"ChunkWriter-0-0" daemon prio=5 tid=327 in Object.wait()
java.lang.Thread.State: WAITING (on object monitor)
        at sun.misc.Unsafe.park(Native Method)
        at java.util.concurrent.locks.LockSupport.park(LockSupport.java:175)
        at java.util.concurrent.locks.AbstractQueuedSynchronizer$ConditionObject.await(AbstractQueuedSynchronizer.java:2039)
        at java.util.concurrent.LinkedBlockingDeque.takeFirst(LinkedBlockingDeque.java:492)
        at java.util.concurrent.LinkedBlockingDeque.take(LinkedBlockingDeque.java:680)
        at java.util.concurrent.ThreadPoolExecutor.getTask(ThreadPoolExecutor.java:1074)
        at java.util.concurrent.ThreadPoolExecutor.runWorker(ThreadPoolExecutor.java:1134)
        at java.util.concurrent.ThreadPoolExecutor$Worker.run(ThreadPoolExecutor.java:624)
        at java.lang.Thread.run(Thread.java:750)
"org.apache.hadoop.util.JvmPauseMonitor$Monitor@28e826c3" daemon prio=5 tid=164 timed_waiting
java.lang.Thread.State: TIMED_WAITING
        at java.lang.Thread.sleep(Native Method)
        at org.apache.hadoop.util.JvmPauseMonitor$Monitor.run(JvmPauseMonitor.java:192)
        at java.lang.Thread.run(Thread.java:750)
"IPC Server handler 16 on default port 33043" daemon prio=5 tid=73 timed_waiting
java.lang.Thread.State: TIMED_WAITING
        at sun.misc.Unsafe.park(Native Method)
        at java.util.concurrent.locks.LockSupport.parkNanos(LockSupport.java:215)
        at java.util.concurrent.locks.AbstractQueuedSynchronizer$ConditionObject.awaitNanos(AbstractQueuedSynchronizer.java:2078)
        at java.util.concurrent.LinkedBlockingQueue.poll(LinkedBlockingQueue.java:467)
        at org.apache.hadoop.ipc.CallQueueManager.take(CallQueueManager.java:317)
        at org.apache.hadoop.ipc.Server$Handler.run(Server.java:2942)
"ChunkWriter-0-0" daemon prio=5 tid=369 in Object.wait()
java.lang.Thread.State: WAITING (on object monitor)
        at sun.misc.Unsafe.park(Native Method)
        at java.util.concurrent.locks.LockSupport.park(LockSupport.java:175)
        at java.util.concurrent.locks.AbstractQueuedSynchronizer$ConditionObject.await(AbstractQueuedSynchronizer.java:2039)
        at java.util.concurrent.LinkedBlockingDeque.takeFirst(LinkedBlockingDeque.java:492)
        at java.util.concurrent.LinkedBlockingDeque.take(LinkedBlockingDeque.java:680)
        at java.util.concurrent.ThreadPoolExecutor.getTask(ThreadPoolExecutor.java:1074)
        at java.util.concurrent.ThreadPoolExecutor.runWorker(ThreadPoolExecutor.java:1134)
        at java.util.concurrent.ThreadPoolExecutor$Worker.run(ThreadPoolExecutor.java:624)
        at java.lang.Thread.run(Thread.java:750)
"IPC Server handler 7 on default port 40181" daemon prio=5 tid=44 timed_waiting
java.lang.Thread.State: TIMED_WAITING
        at sun.misc.Unsafe.park(Native Method)
        at java.util.concurrent.locks.LockSupport.parkNanos(LockSupport.java:215)
        at java.util.concurrent.locks.AbstractQueuedSynchronizer$ConditionObject.awaitNanos(AbstractQueuedSynchronizer.java:2078)
        at java.util.concurrent.LinkedBlockingQueue.poll(LinkedBlockingQueue.java:467)
        at org.apache.hadoop.ipc.CallQueueManager.take(CallQueueManager.java:317)
        at org.apache.hadoop.ipc.Server$Handler.run(Server.java:2942)
"IPC Server handler 3 on default port 40181" daemon prio=5 tid=40 timed_waiting
java.lang.Thread.State: TIMED_WAITING
        at sun.misc.Unsafe.park(Native Method)
        at java.util.concurrent.locks.LockSupport.parkNanos(LockSupport.java:215)
        at java.util.concurrent.locks.AbstractQueuedSynchronizer$ConditionObject.awaitNanos(AbstractQueuedSynchronizer.java:2078)
        at java.util.concurrent.LinkedBlockingQueue.poll(LinkedBlockingQueue.java:467)
        at org.apache.hadoop.ipc.CallQueueManager.take(CallQueueManager.java:317)
        at org.apache.hadoop.ipc.Server$Handler.run(Server.java:2942)
"org.apache.hadoop.ozone.container.common.statemachine.commandhandler.DeleteBlocksCommandHandler$DeleteCmdWorker@679d66fa" daemon prio=5 tid=252 timed_waiting
java.lang.Thread.State: TIMED_WAITING
        at java.lang.Thread.sleep(Native Method)
        at org.apache.hadoop.ozone.container.common.statemachine.commandhandler.DeleteBlocksCommandHandler$DeleteCmdWorker.run(DeleteBlocksCommandHandler.java:183)
        at java.lang.Thread.run(Thread.java:750)
"OM StateMachine ApplyTransaction Thread - 0" daemon prio=5 tid=726 in Object.wait()
java.lang.Thread.State: WAITING (on object monitor)
        at sun.misc.Unsafe.park(Native Method)
        at java.util.concurrent.locks.LockSupport.park(LockSupport.java:175)
        at java.util.concurrent.locks.AbstractQueuedSynchronizer$ConditionObject.await(AbstractQueuedSynchronizer.java:2039)
        at java.util.concurrent.LinkedBlockingQueue.take(LinkedBlockingQueue.java:442)
        at java.util.concurrent.ThreadPoolExecutor.getTask(ThreadPoolExecutor.java:1074)
        at java.util.concurrent.ThreadPoolExecutor.runWorker(ThreadPoolExecutor.java:1134)
        at java.util.concurrent.ThreadPoolExecutor$Worker.run(ThreadPoolExecutor.java:624)
        at java.lang.Thread.run(Thread.java:750)
"EndpointStateMachine task thread for /0.0.0.0:35689 - 0 "  prio=5 tid=548 in Object.wait()
java.lang.Thread.State: WAITING (on object monitor)
        at sun.misc.Unsafe.park(Native Method)
        at java.util.concurrent.locks.LockSupport.park(LockSupport.java:175)
        at java.util.concurrent.locks.AbstractQueuedSynchronizer$ConditionObject.await(AbstractQueuedSynchronizer.java:2039)
        at java.util.concurrent.LinkedBlockingQueue.take(LinkedBlockingQueue.java:442)
        at java.util.concurrent.ThreadPoolExecutor.getTask(ThreadPoolExecutor.java:1074)
        at java.util.concurrent.ThreadPoolExecutor.runWorker(ThreadPoolExecutor.java:1134)
        at java.util.concurrent.ThreadPoolExecutor$Worker.run(ThreadPoolExecutor.java:624)
        at java.lang.Thread.run(Thread.java:750)
"Session-HouseKeeper-19f7107e-1"  prio=5 tid=182 timed_waiting
java.lang.Thread.State: TIMED_WAITING
        at sun.misc.Unsafe.park(Native Method)
        at java.util.concurrent.locks.LockSupport.parkNanos(LockSupport.java:215)
        at java.util.concurrent.locks.AbstractQueuedSynchronizer$ConditionObject.awaitNanos(AbstractQueuedSynchronizer.java:2078)
        at java.util.concurrent.ScheduledThreadPoolExecutor$DelayedWorkQueue.take(ScheduledThreadPoolExecutor.java:1093)
        at java.util.concurrent.ScheduledThreadPoolExecutor$DelayedWorkQueue.take(ScheduledThreadPoolExecutor.java:809)
        at java.util.concurrent.ThreadPoolExecutor.getTask(ThreadPoolExecutor.java:1074)
        at java.util.concurrent.ThreadPoolExecutor.runWorker(ThreadPoolExecutor.java:1134)
        at java.util.concurrent.ThreadPoolExecutor$Worker.run(ThreadPoolExecutor.java:624)
        at java.lang.Thread.run(Thread.java:750)
"ReplicationMonitor" daemon prio=5 tid=837 timed_waiting
java.lang.Thread.State: TIMED_WAITING
        at java.lang.Object.wait(Native Method)
        at org.apache.hadoop.hdds.scm.container.replication.ReplicationManager.run(ReplicationManager.java:505)
        at org.apache.hadoop.hdds.scm.container.replication.ReplicationManager$$Lambda$381/1020242985.run(Unknown Source)
        at java.lang.Thread.run(Thread.java:750)
"IPC Server handler 14 on default port 40181" daemon prio=5 tid=51 timed_waiting
java.lang.Thread.State: TIMED_WAITING
        at sun.misc.Unsafe.park(Native Method)
        at java.util.concurrent.locks.LockSupport.parkNanos(LockSupport.java:215)
        at java.util.concurrent.locks.AbstractQueuedSynchronizer$ConditionObject.awaitNanos(AbstractQueuedSynchronizer.java:2078)
        at java.util.concurrent.LinkedBlockingQueue.poll(LinkedBlockingQueue.java:467)
        at org.apache.hadoop.ipc.CallQueueManager.take(CallQueueManager.java:317)
        at org.apache.hadoop.ipc.Server$Handler.run(Server.java:2942)
"Datanode ReportManager Thread - 0" daemon prio=5 tid=290 in Object.wait()
java.lang.Thread.State: WAITING (on object monitor)
        at sun.misc.Unsafe.park(Native Method)
        at java.util.concurrent.locks.LockSupport.park(LockSupport.java:175)
        at java.util.concurrent.locks.AbstractQueuedSynchronizer$ConditionObject.await(AbstractQueuedSynchronizer.java:2039)
        at java.util.concurrent.ScheduledThreadPoolExecutor$DelayedWorkQueue.take(ScheduledThreadPoolExecutor.java:1088)
        at java.util.concurrent.ScheduledThreadPoolExecutor$DelayedWorkQueue.take(ScheduledThreadPoolExecutor.java:809)
        at java.util.concurrent.ThreadPoolExecutor.getTask(ThreadPoolExecutor.java:1074)
        at java.util.concurrent.ThreadPoolExecutor.runWorker(ThreadPoolExecutor.java:1134)
        at java.util.concurrent.ThreadPoolExecutor$Worker.run(ThreadPoolExecutor.java:624)
        at java.lang.Thread.run(Thread.java:750)
"org.apache.hadoop.ozone.container.common.statemachine.commandhandler.DeleteBlocksCommandHandler$DeleteCmdWorker@17a18edb" daemon prio=5 tid=419 timed_waiting
java.lang.Thread.State: TIMED_WAITING
        at java.lang.Thread.sleep(Native Method)
        at org.apache.hadoop.ozone.container.common.statemachine.commandhandler.DeleteBlocksCommandHandler$DeleteCmdWorker.run(DeleteBlocksCommandHandler.java:183)
        at java.lang.Thread.run(Thread.java:750)
"Datanode ReportManager Thread - 0" daemon prio=5 tid=471 in Object.wait()
java.lang.Thread.State: WAITING (on object monitor)
        at sun.misc.Unsafe.park(Native Method)
        at java.util.concurrent.locks.LockSupport.park(LockSupport.java:175)
        at java.util.concurrent.locks.AbstractQueuedSynchronizer$ConditionObject.await(AbstractQueuedSynchronizer.java:2039)
        at java.util.concurrent.ScheduledThreadPoolExecutor$DelayedWorkQueue.take(ScheduledThreadPoolExecutor.java:1088)
        at java.util.concurrent.ScheduledThreadPoolExecutor$DelayedWorkQueue.take(ScheduledThreadPoolExecutor.java:809)
        at java.util.concurrent.ThreadPoolExecutor.getTask(ThreadPoolExecutor.java:1074)
        at java.util.concurrent.ThreadPoolExecutor.runWorker(ThreadPoolExecutor.java:1134)
        at java.util.concurrent.ThreadPoolExecutor$Worker.run(ThreadPoolExecutor.java:624)
        at java.lang.Thread.run(Thread.java:750)
"IPC Server handler 13 on default port 40181" daemon prio=5 tid=50 timed_waiting
java.lang.Thread.State: TIMED_WAITING
        at sun.misc.Unsafe.park(Native Method)
        at java.util.concurrent.locks.LockSupport.parkNanos(LockSupport.java:215)
        at java.util.concurrent.locks.AbstractQueuedSynchronizer$ConditionObject.awaitNanos(AbstractQueuedSynchronizer.java:2078)
        at java.util.concurrent.LinkedBlockingQueue.poll(LinkedBlockingQueue.java:467)
        at org.apache.hadoop.ipc.CallQueueManager.take(CallQueueManager.java:317)
        at org.apache.hadoop.ipc.Server$Handler.run(Server.java:2942)
"IPC Server handler 10 on default port 35689" daemon prio=5 tid=87 timed_waiting
java.lang.Thread.State: TIMED_WAITING
        at sun.misc.Unsafe.park(Native Method)
        at java.util.concurrent.locks.LockSupport.parkNanos(LockSupport.java:215)
        at java.util.concurrent.locks.AbstractQueuedSynchronizer$ConditionObject.awaitNanos(AbstractQueuedSynchronizer.java:2078)
        at java.util.concurrent.LinkedBlockingQueue.poll(LinkedBlockingQueue.java:467)
        at org.apache.hadoop.ipc.CallQueueManager.take(CallQueueManager.java:317)
        at org.apache.hadoop.ipc.Server$Handler.run(Server.java:2942)
"pool-95-thread-1"  prio=5 tid=572 in Object.wait()
java.lang.Thread.State: WAITING (on object monitor)
        at sun.misc.Unsafe.park(Native Method)
        at java.util.concurrent.locks.LockSupport.park(LockSupport.java:175)
        at java.util.concurrent.locks.AbstractQueuedSynchronizer$ConditionObject.await(AbstractQueuedSynchronizer.java:2039)
        at java.util.concurrent.LinkedBlockingQueue.take(LinkedBlockingQueue.java:442)
        at java.util.concurrent.ThreadPoolExecutor.getTask(ThreadPoolExecutor.java:1074)
        at java.util.concurrent.ThreadPoolExecutor.runWorker(ThreadPoolExecutor.java:1134)
        at java.util.concurrent.ThreadPoolExecutor$Worker.run(ThreadPoolExecutor.java:624)
        at java.lang.Thread.run(Thread.java:750)
"pool-134-thread-1" daemon prio=5 tid=249 timed_waiting
java.lang.Thread.State: TIMED_WAITING
        at sun.misc.Unsafe.park(Native Method)
        at java.util.concurrent.locks.LockSupport.parkNanos(LockSupport.java:215)
        at java.util.concurrent.locks.AbstractQueuedSynchronizer$ConditionObject.awaitNanos(AbstractQueuedSynchronizer.java:2078)
        at java.util.concurrent.ScheduledThreadPoolExecutor$DelayedWorkQueue.take(ScheduledThreadPoolExecutor.java:1093)
        at java.util.concurrent.ScheduledThreadPoolExecutor$DelayedWorkQueue.take(ScheduledThreadPoolExecutor.java:809)
        at java.util.concurrent.ThreadPoolExecutor.getTask(ThreadPoolExecutor.java:1074)
        at java.util.concurrent.ThreadPoolExecutor.runWorker(ThreadPoolExecutor.java:1134)
        at java.util.concurrent.ThreadPoolExecutor$Worker.run(ThreadPoolExecutor.java:624)
        at java.lang.Thread.run(Thread.java:750)
"qtp823415723-101-acceptor-0@23d5e304-ServerConnector@feab3ae{HTTP/1.1, (http/1.1)}{0.0.0.0:42389}" daemon prio=3 tid=101 runnable
java.lang.Thread.State: RUNNABLE
        at sun.nio.ch.ServerSocketChannelImpl.accept0(Native Method)
        at sun.nio.ch.ServerSocketChannelImpl.accept(ServerSocketChannelImpl.java:421)
        at sun.nio.ch.ServerSocketChannelImpl.accept(ServerSocketChannelImpl.java:249)
        at org.eclipse.jetty.server.ServerConnector.accept(ServerConnector.java:388)
        at org.eclipse.jetty.server.AbstractConnector$Acceptor.run(AbstractConnector.java:702)
        at org.eclipse.jetty.util.thread.QueuedThreadPool.runJob(QueuedThreadPool.java:883)
        at org.eclipse.jetty.util.thread.QueuedThreadPool$Runner.run(QueuedThreadPool.java:1034)
        at java.lang.Thread.run(Thread.java:750)
"pool-214-thread-1"  prio=5 tid=641 in Object.wait()
java.lang.Thread.State: WAITING (on object monitor)
        at sun.misc.Unsafe.park(Native Method)
        at java.util.concurrent.locks.LockSupport.park(LockSupport.java:175)
        at java.util.concurrent.locks.AbstractQueuedSynchronizer$ConditionObject.await(AbstractQueuedSynchronizer.java:2039)
        at java.util.concurrent.LinkedBlockingQueue.take(LinkedBlockingQueue.java:442)
        at java.util.concurrent.ThreadPoolExecutor.getTask(ThreadPoolExecutor.java:1074)
        at java.util.concurrent.ThreadPoolExecutor.runWorker(ThreadPoolExecutor.java:1134)
        at java.util.concurrent.ThreadPoolExecutor$Worker.run(ThreadPoolExecutor.java:624)
        at java.lang.Thread.run(Thread.java:750)
"BlockDeletingService#2" daemon prio=5 tid=1017 in Object.wait()
java.lang.Thread.State: WAITING (on object monitor)
        at sun.misc.Unsafe.park(Native Method)
        at java.util.concurrent.locks.LockSupport.park(LockSupport.java:175)
        at java.util.concurrent.locks.AbstractQueuedSynchronizer$ConditionObject.await(AbstractQueuedSynchronizer.java:2039)
        at java.util.concurrent.ScheduledThreadPoolExecutor$DelayedWorkQueue.take(ScheduledThreadPoolExecutor.java:1088)
        at java.util.concurrent.ScheduledThreadPoolExecutor$DelayedWorkQueue.take(ScheduledThreadPoolExecutor.java:809)
        at java.util.concurrent.ThreadPoolExecutor.getTask(ThreadPoolExecutor.java:1074)
        at java.util.concurrent.ThreadPoolExecutor.runWorker(ThreadPoolExecutor.java:1134)
        at java.util.concurrent.ThreadPoolExecutor$Worker.run(ThreadPoolExecutor.java:624)
        at java.lang.Thread.run(Thread.java:750)
"StaleRecoveringContainerScrubbingService#2" daemon prio=5 tid=1035 in Object.wait()
java.lang.Thread.State: WAITING (on object monitor)
        at sun.misc.Unsafe.park(Native Method)
        at java.util.concurrent.locks.LockSupport.park(LockSupport.java:175)
        at java.util.concurrent.locks.AbstractQueuedSynchronizer$ConditionObject.await(AbstractQueuedSynchronizer.java:2039)
        at java.util.concurrent.ScheduledThreadPoolExecutor$DelayedWorkQueue.take(ScheduledThreadPoolExecutor.java:1088)
        at java.util.concurrent.ScheduledThreadPoolExecutor$DelayedWorkQueue.take(ScheduledThreadPoolExecutor.java:809)
        at java.util.concurrent.ThreadPoolExecutor.getTask(ThreadPoolExecutor.java:1074)
        at java.util.concurrent.ThreadPoolExecutor.runWorker(ThreadPoolExecutor.java:1134)
        at java.util.concurrent.ThreadPoolExecutor$Worker.run(ThreadPoolExecutor.java:624)
        at java.lang.Thread.run(Thread.java:750)
"Datanode ReportManager Thread - 3" daemon prio=5 tid=267 in Object.wait()
java.lang.Thread.State: WAITING (on object monitor)
        at sun.misc.Unsafe.park(Native Method)
        at java.util.concurrent.locks.LockSupport.park(LockSupport.java:175)
        at java.util.concurrent.locks.AbstractQueuedSynchronizer$ConditionObject.await(AbstractQueuedSynchronizer.java:2039)
        at java.util.concurrent.ScheduledThreadPoolExecutor$DelayedWorkQueue.take(ScheduledThreadPoolExecutor.java:1088)
        at java.util.concurrent.ScheduledThreadPoolExecutor$DelayedWorkQueue.take(ScheduledThreadPoolExecutor.java:809)
        at java.util.concurrent.ThreadPoolExecutor.getTask(ThreadPoolExecutor.java:1074)
        at java.util.concurrent.ThreadPoolExecutor.runWorker(ThreadPoolExecutor.java:1134)
        at java.util.concurrent.ThreadPoolExecutor$Worker.run(ThreadPoolExecutor.java:624)
        at java.lang.Thread.run(Thread.java:750)
"EventQueue-PipelineReportForPipelineReportHandler" daemon prio=5 tid=493 in Object.wait()
java.lang.Thread.State: WAITING (on object monitor)
        at sun.misc.Unsafe.park(Native Method)
        at java.util.concurrent.locks.LockSupport.park(LockSupport.java:175)
        at java.util.concurrent.locks.AbstractQueuedSynchronizer$ConditionObject.await(AbstractQueuedSynchronizer.java:2039)
        at java.util.concurrent.LinkedBlockingQueue.take(LinkedBlockingQueue.java:442)
        at java.util.concurrent.ThreadPoolExecutor.getTask(ThreadPoolExecutor.java:1074)
        at java.util.concurrent.ThreadPoolExecutor.runWorker(ThreadPoolExecutor.java:1134)
        at java.util.concurrent.ThreadPoolExecutor$Worker.run(ThreadPoolExecutor.java:624)
        at java.lang.Thread.run(Thread.java:750)
"IPC Server handler 2 on default port 33043" daemon prio=5 tid=59 timed_waiting
java.lang.Thread.State: TIMED_WAITING
        at sun.misc.Unsafe.park(Native Method)
        at java.util.concurrent.locks.LockSupport.parkNanos(LockSupport.java:215)
        at java.util.concurrent.locks.AbstractQueuedSynchronizer$ConditionObject.awaitNanos(AbstractQueuedSynchronizer.java:2078)
        at java.util.concurrent.LinkedBlockingQueue.poll(LinkedBlockingQueue.java:467)
        at org.apache.hadoop.ipc.CallQueueManager.take(CallQueueManager.java:317)
        at org.apache.hadoop.ipc.Server$Handler.run(Server.java:2942)
"StaleRecoveringContainerScrubbingService#1" daemon prio=5 tid=488 timed_waiting
java.lang.Thread.State: TIMED_WAITING
        at sun.misc.Unsafe.park(Native Method)
        at java.util.concurrent.locks.LockSupport.parkNanos(LockSupport.java:215)
        at java.util.concurrent.locks.AbstractQueuedSynchronizer$ConditionObject.awaitNanos(AbstractQueuedSynchronizer.java:2078)
        at java.util.concurrent.ScheduledThreadPoolExecutor$DelayedWorkQueue.take(ScheduledThreadPoolExecutor.java:1093)
        at java.util.concurrent.ScheduledThreadPoolExecutor$DelayedWorkQueue.take(ScheduledThreadPoolExecutor.java:809)
        at java.util.concurrent.ThreadPoolExecutor.getTask(ThreadPoolExecutor.java:1074)
        at java.util.concurrent.ThreadPoolExecutor.runWorker(ThreadPoolExecutor.java:1134)
        at java.util.concurrent.ThreadPoolExecutor$Worker.run(ThreadPoolExecutor.java:624)
        at java.lang.Thread.run(Thread.java:750)
"qtp1720328101-206" daemon prio=5 tid=206 timed_waiting
java.lang.Thread.State: TIMED_WAITING
        at sun.misc.Unsafe.park(Native Method)
        at java.util.concurrent.locks.LockSupport.parkNanos(LockSupport.java:215)
        at java.util.concurrent.locks.AbstractQueuedSynchronizer$ConditionObject.awaitNanos(AbstractQueuedSynchronizer.java:2078)
        at org.eclipse.jetty.util.BlockingArrayQueue.poll(BlockingArrayQueue.java:382)
        at org.eclipse.jetty.util.thread.QueuedThreadPool$Runner.idleJobPoll(QueuedThreadPool.java:974)
        at org.eclipse.jetty.util.thread.QueuedThreadPool$Runner.run(QueuedThreadPool.java:1018)
        at java.lang.Thread.run(Thread.java:750)
"StaleRecoveringContainerScrubbingService#2" daemon prio=5 tid=1021 in Object.wait()
java.lang.Thread.State: WAITING (on object monitor)
        at sun.misc.Unsafe.park(Native Method)
        at java.util.concurrent.locks.LockSupport.park(LockSupport.java:175)
        at java.util.concurrent.locks.AbstractQueuedSynchronizer$ConditionObject.await(AbstractQueuedSynchronizer.java:2039)
        at java.util.concurrent.ScheduledThreadPoolExecutor$DelayedWorkQueue.take(ScheduledThreadPoolExecutor.java:1088)
        at java.util.concurrent.ScheduledThreadPoolExecutor$DelayedWorkQueue.take(ScheduledThreadPoolExecutor.java:809)
        at java.util.concurrent.ThreadPoolExecutor.getTask(ThreadPoolExecutor.java:1074)
        at java.util.concurrent.ThreadPoolExecutor.runWorker(ThreadPoolExecutor.java:1134)
        at java.util.concurrent.ThreadPoolExecutor$Worker.run(ThreadPoolExecutor.java:624)
        at java.lang.Thread.run(Thread.java:750)
"ChunkWriter-2-0" daemon prio=5 tid=538 in Object.wait()
java.lang.Thread.State: WAITING (on object monitor)
        at sun.misc.Unsafe.park(Native Method)
        at java.util.concurrent.locks.LockSupport.park(LockSupport.java:175)
        at java.util.concurrent.locks.AbstractQueuedSynchronizer$ConditionObject.await(AbstractQueuedSynchronizer.java:2039)
        at java.util.concurrent.LinkedBlockingDeque.takeFirst(LinkedBlockingDeque.java:492)
        at java.util.concurrent.LinkedBlockingDeque.take(LinkedBlockingDeque.java:680)
        at java.util.concurrent.ThreadPoolExecutor.getTask(ThreadPoolExecutor.java:1074)
        at java.util.concurrent.ThreadPoolExecutor.runWorker(ThreadPoolExecutor.java:1134)
        at java.util.concurrent.ThreadPoolExecutor$Worker.run(ThreadPoolExecutor.java:624)
        at java.lang.Thread.run(Thread.java:750)
"BlockDeletingService#2" daemon prio=5 tid=1010 in Object.wait()
java.lang.Thread.State: WAITING (on object monitor)
        at sun.misc.Unsafe.park(Native Method)
        at java.util.concurrent.locks.LockSupport.park(LockSupport.java:175)
        at java.util.concurrent.locks.AbstractQueuedSynchronizer$ConditionObject.await(AbstractQueuedSynchronizer.java:2039)
        at java.util.concurrent.ScheduledThreadPoolExecutor$DelayedWorkQueue.take(ScheduledThreadPoolExecutor.java:1088)
        at java.util.concurrent.ScheduledThreadPoolExecutor$DelayedWorkQueue.take(ScheduledThreadPoolExecutor.java:809)
        at java.util.concurrent.ThreadPoolExecutor.getTask(ThreadPoolExecutor.java:1074)
        at java.util.concurrent.ThreadPoolExecutor.runWorker(ThreadPoolExecutor.java:1134)
        at java.util.concurrent.ThreadPoolExecutor$Worker.run(ThreadPoolExecutor.java:624)
        at java.lang.Thread.run(Thread.java:750)
"org.apache.hadoop.util.JvmPauseMonitor$Monitor@c414eb3" daemon prio=5 tid=98 timed_waiting
java.lang.Thread.State: TIMED_WAITING
        at java.lang.Thread.sleep(Native Method)
        at org.apache.hadoop.util.JvmPauseMonitor$Monitor.run(JvmPauseMonitor.java:192)
        at java.lang.Thread.run(Thread.java:750)
"8b5383b3-e7bf-4722-baeb-dd5c06b347e3@group-2ECA46B087C1-SegmentedRaftLogWorker"  prio=5 tid=588 timed_waiting
java.lang.Thread.State: TIMED_WAITING
        at sun.misc.Unsafe.park(Native Method)
        at java.util.concurrent.locks.LockSupport.parkNanos(LockSupport.java:215)
        at java.util.concurrent.locks.AbstractQueuedSynchronizer$ConditionObject.awaitNanos(AbstractQueuedSynchronizer.java:2078)
        at org.apache.ratis.util.DataBlockingQueue.poll(DataBlockingQueue.java:148)
        at org.apache.ratis.server.raftlog.segmented.SegmentedRaftLogWorker.run(SegmentedRaftLogWorker.java:301)
        at org.apache.ratis.server.raftlog.segmented.SegmentedRaftLogWorker$$Lambda$612/521516682.run(Unknown Source)
        at java.lang.Thread.run(Thread.java:750)
"Datanode State Machine Daemon Thread" daemon prio=5 tid=470 timed_waiting
java.lang.Thread.State: TIMED_WAITING
        at java.lang.Thread.sleep(Native Method)
        at org.apache.hadoop.ozone.container.common.statemachine.DatanodeStateMachine.startStateMachineThread(DatanodeStateMachine.java:313)
        at org.apache.hadoop.ozone.container.common.statemachine.DatanodeStateMachine.lambda$startDaemon$0(DatanodeStateMachine.java:493)
        at org.apache.hadoop.ozone.container.common.statemachine.DatanodeStateMachine$$Lambda$727/1819651816.run(Unknown Source)
        at java.lang.Thread.run(Thread.java:750)
"pool-127-thread-1"  prio=5 tid=227 timed_waiting
java.lang.Thread.State: TIMED_WAITING
        at sun.misc.Unsafe.park(Native Method)
        at java.util.concurrent.locks.LockSupport.parkNanos(LockSupport.java:215)
        at java.util.concurrent.locks.AbstractQueuedSynchronizer$ConditionObject.awaitNanos(AbstractQueuedSynchronizer.java:2078)
        at java.util.concurrent.ScheduledThreadPoolExecutor$DelayedWorkQueue.take(ScheduledThreadPoolExecutor.java:1093)
        at java.util.concurrent.ScheduledThreadPoolExecutor$DelayedWorkQueue.take(ScheduledThreadPoolExecutor.java:809)
        at java.util.concurrent.ThreadPoolExecutor.getTask(ThreadPoolExecutor.java:1074)
        at java.util.concurrent.ThreadPoolExecutor.runWorker(ThreadPoolExecutor.java:1134)
        at java.util.concurrent.ThreadPoolExecutor$Worker.run(ThreadPoolExecutor.java:624)
        at java.lang.Thread.run(Thread.java:750)
"EventQueue-DeadNodeForDeadNodeHandler" daemon prio=5 tid=836 in Object.wait()
java.lang.Thread.State: WAITING (on object monitor)
        at sun.misc.Unsafe.park(Native Method)
        at java.util.concurrent.locks.LockSupport.park(LockSupport.java:175)
        at java.util.concurrent.locks.AbstractQueuedSynchronizer$ConditionObject.await(AbstractQueuedSynchronizer.java:2039)
        at java.util.concurrent.LinkedBlockingQueue.take(LinkedBlockingQueue.java:442)
        at java.util.concurrent.ThreadPoolExecutor.getTask(ThreadPoolExecutor.java:1074)
        at java.util.concurrent.ThreadPoolExecutor.runWorker(ThreadPoolExecutor.java:1134)
        at java.util.concurrent.ThreadPoolExecutor$Worker.run(ThreadPoolExecutor.java:624)
        at java.lang.Thread.run(Thread.java:750)
"Periodic HDDS volume checker" daemon prio=5 tid=410 timed_waiting
java.lang.Thread.State: TIMED_WAITING
        at sun.misc.Unsafe.park(Native Method)
        at java.util.concurrent.locks.LockSupport.parkNanos(LockSupport.java:215)
        at java.util.concurrent.locks.AbstractQueuedSynchronizer$ConditionObject.awaitNanos(AbstractQueuedSynchronizer.java:2078)
        at java.util.concurrent.ScheduledThreadPoolExecutor$DelayedWorkQueue.take(ScheduledThreadPoolExecutor.java:1093)
        at java.util.concurrent.ScheduledThreadPoolExecutor$DelayedWorkQueue.take(ScheduledThreadPoolExecutor.java:809)
        at java.util.concurrent.ThreadPoolExecutor.getTask(ThreadPoolExecutor.java:1074)
        at java.util.concurrent.ThreadPoolExecutor.runWorker(ThreadPoolExecutor.java:1134)
        at java.util.concurrent.ThreadPoolExecutor$Worker.run(ThreadPoolExecutor.java:624)
        at java.lang.Thread.run(Thread.java:750)
"BlockDeletingService#2" daemon prio=5 tid=1034 in Object.wait()
java.lang.Thread.State: WAITING (on object monitor)
        at sun.misc.Unsafe.park(Native Method)
        at java.util.concurrent.locks.LockSupport.park(LockSupport.java:175)
        at java.util.concurrent.locks.AbstractQueuedSynchronizer$ConditionObject.await(AbstractQueuedSynchronizer.java:2039)
        at java.util.concurrent.ScheduledThreadPoolExecutor$DelayedWorkQueue.take(ScheduledThreadPoolExecutor.java:1088)
        at java.util.concurrent.ScheduledThreadPoolExecutor$DelayedWorkQueue.take(ScheduledThreadPoolExecutor.java:809)
        at java.util.concurrent.ThreadPoolExecutor.getTask(ThreadPoolExecutor.java:1074)
        at java.util.concurrent.ThreadPoolExecutor.runWorker(ThreadPoolExecutor.java:1134)
        at java.util.concurrent.ThreadPoolExecutor$Worker.run(ThreadPoolExecutor.java:624)
        at java.lang.Thread.run(Thread.java:750)
"KeyDeletingService#0" daemon prio=5 tid=131 timed_waiting
java.lang.Thread.State: TIMED_WAITING
        at sun.misc.Unsafe.park(Native Method)
        at java.util.concurrent.locks.LockSupport.parkNanos(LockSupport.java:215)
        at java.util.concurrent.locks.AbstractQueuedSynchronizer$ConditionObject.awaitNanos(AbstractQueuedSynchronizer.java:2078)
        at java.util.concurrent.ScheduledThreadPoolExecutor$DelayedWorkQueue.take(ScheduledThreadPoolExecutor.java:1093)
        at java.util.concurrent.ScheduledThreadPoolExecutor$DelayedWorkQueue.take(ScheduledThreadPoolExecutor.java:809)
        at java.util.concurrent.ThreadPoolExecutor.getTask(ThreadPoolExecutor.java:1074)
        at java.util.concurrent.ThreadPoolExecutor.runWorker(ThreadPoolExecutor.java:1134)
        at java.util.concurrent.ThreadPoolExecutor$Worker.run(ThreadPoolExecutor.java:624)
        at java.lang.Thread.run(Thread.java:750)
"Datanode State Machine Daemon Thread" daemon prio=5 tid=237 timed_waiting
java.lang.Thread.State: TIMED_WAITING
        at java.lang.Thread.sleep(Native Method)
        at org.apache.hadoop.ozone.container.common.statemachine.DatanodeStateMachine.startStateMachineThread(DatanodeStateMachine.java:313)
        at org.apache.hadoop.ozone.container.common.statemachine.DatanodeStateMachine.lambda$startDaemon$0(DatanodeStateMachine.java:493)
        at org.apache.hadoop.ozone.container.common.statemachine.DatanodeStateMachine$$Lambda$727/1819651816.run(Unknown Source)
        at java.lang.Thread.run(Thread.java:750)
"IPC Server handler 8 on default port 35689" daemon prio=5 tid=85 timed_waiting
java.lang.Thread.State: TIMED_WAITING
        at sun.misc.Unsafe.park(Native Method)
        at java.util.concurrent.locks.LockSupport.parkNanos(LockSupport.java:215)
        at java.util.concurrent.locks.AbstractQueuedSynchronizer$ConditionObject.awaitNanos(AbstractQueuedSynchronizer.java:2078)
        at java.util.concurrent.LinkedBlockingQueue.poll(LinkedBlockingQueue.java:467)
        at org.apache.hadoop.ipc.CallQueueManager.take(CallQueueManager.java:317)
        at org.apache.hadoop.ipc.Server$Handler.run(Server.java:2942)
"IPC Server handler 8 on default port 33043" daemon prio=5 tid=65 timed_waiting
java.lang.Thread.State: TIMED_WAITING
        at sun.misc.Unsafe.park(Native Method)
        at java.util.concurrent.locks.LockSupport.parkNanos(LockSupport.java:215)
        at java.util.concurrent.locks.AbstractQueuedSynchronizer$ConditionObject.awaitNanos(AbstractQueuedSynchronizer.java:2078)
        at java.util.concurrent.LinkedBlockingQueue.poll(LinkedBlockingQueue.java:467)
        at org.apache.hadoop.ipc.CallQueueManager.take(CallQueueManager.java:317)
        at org.apache.hadoop.ipc.Server$Handler.run(Server.java:2942)
"org.apache.hadoop.util.JvmPauseMonitor$Monitor@13280966" daemon prio=5 tid=361 timed_waiting
java.lang.Thread.State: TIMED_WAITING
        at java.lang.Thread.sleep(Native Method)
        at org.apache.hadoop.util.JvmPauseMonitor$Monitor.run(JvmPauseMonitor.java:192)
        at java.lang.Thread.run(Thread.java:750)
"Socket Reader #1 for port 0"  prio=5 tid=123 runnable
java.lang.Thread.State: RUNNABLE
        at sun.nio.ch.EPollArrayWrapper.epollWait(Native Method)
        at sun.nio.ch.EPollArrayWrapper.poll(EPollArrayWrapper.java:269)
        at sun.nio.ch.EPollSelectorImpl.doSelect(EPollSelectorImpl.java:93)
        at sun.nio.ch.SelectorImpl.lockAndDoSelect(SelectorImpl.java:86)
        at sun.nio.ch.SelectorImpl.select(SelectorImpl.java:97)
        at sun.nio.ch.SelectorImpl.select(SelectorImpl.java:101)
        at org.apache.hadoop.ipc.Server$Listener$Reader.doRunLoop(Server.java:1296)
        at org.apache.hadoop.ipc.Server$Listener$Reader.run(Server.java:1275)
"qtp1697908956-259" daemon prio=5 tid=259 timed_waiting
java.lang.Thread.State: TIMED_WAITING
        at sun.misc.Unsafe.park(Native Method)
        at java.util.concurrent.locks.LockSupport.parkNanos(LockSupport.java:215)
        at java.util.concurrent.locks.AbstractQueuedSynchronizer$ConditionObject.awaitNanos(AbstractQueuedSynchronizer.java:2078)
        at org.eclipse.jetty.util.BlockingArrayQueue.poll(BlockingArrayQueue.java:382)
        at org.eclipse.jetty.util.thread.QueuedThreadPool$Runner.idleJobPoll(QueuedThreadPool.java:974)
        at org.eclipse.jetty.util.thread.QueuedThreadPool$Runner.run(QueuedThreadPool.java:1018)
        at java.lang.Thread.run(Thread.java:750)
"StaleRecoveringContainerScrubbingService#1" daemon prio=5 tid=545 timed_waiting
java.lang.Thread.State: TIMED_WAITING
        at sun.misc.Unsafe.park(Native Method)
        at java.util.concurrent.locks.LockSupport.parkNanos(LockSupport.java:215)
        at java.util.concurrent.locks.AbstractQueuedSynchronizer$ConditionObject.awaitNanos(AbstractQueuedSynchronizer.java:2078)
        at java.util.concurrent.ScheduledThreadPoolExecutor$DelayedWorkQueue.take(ScheduledThreadPoolExecutor.java:1093)
        at java.util.concurrent.ScheduledThreadPoolExecutor$DelayedWorkQueue.take(ScheduledThreadPoolExecutor.java:809)
        at java.util.concurrent.ThreadPoolExecutor.getTask(ThreadPoolExecutor.java:1074)
        at java.util.concurrent.ThreadPoolExecutor.runWorker(ThreadPoolExecutor.java:1134)
        at java.util.concurrent.ThreadPoolExecutor$Worker.run(ThreadPoolExecutor.java:624)
        at java.lang.Thread.run(Thread.java:750)
"Session-HouseKeeper-589608ea-1"  prio=5 tid=353 timed_waiting
java.lang.Thread.State: TIMED_WAITING
        at sun.misc.Unsafe.park(Native Method)
        at java.util.concurrent.locks.LockSupport.parkNanos(LockSupport.java:215)
        at java.util.concurrent.locks.AbstractQueuedSynchronizer$ConditionObject.awaitNanos(AbstractQueuedSynchronizer.java:2078)
        at java.util.concurrent.ScheduledThreadPoolExecutor$DelayedWorkQueue.take(ScheduledThreadPoolExecutor.java:1093)
        at java.util.concurrent.ScheduledThreadPoolExecutor$DelayedWorkQueue.take(ScheduledThreadPoolExecutor.java:809)
        at java.util.concurrent.ThreadPoolExecutor.getTask(ThreadPoolExecutor.java:1074)
        at java.util.concurrent.ThreadPoolExecutor.runWorker(ThreadPoolExecutor.java:1134)
        at java.util.concurrent.ThreadPoolExecutor$Worker.run(ThreadPoolExecutor.java:624)
        at java.lang.Thread.run(Thread.java:750)
"Session-HouseKeeper-3bc33ad9-1"  prio=5 tid=108 timed_waiting
java.lang.Thread.State: TIMED_WAITING
        at sun.misc.Unsafe.park(Native Method)
        at java.util.concurrent.locks.LockSupport.parkNanos(LockSupport.java:215)
        at java.util.concurrent.locks.AbstractQueuedSynchronizer$ConditionObject.awaitNanos(AbstractQueuedSynchronizer.java:2078)
        at java.util.concurrent.ScheduledThreadPoolExecutor$DelayedWorkQueue.take(ScheduledThreadPoolExecutor.java:1093)
        at java.util.concurrent.ScheduledThreadPoolExecutor$DelayedWorkQueue.take(ScheduledThreadPoolExecutor.java:809)
        at java.util.concurrent.ThreadPoolExecutor.getTask(ThreadPoolExecutor.java:1074)
        at java.util.concurrent.ThreadPoolExecutor.runWorker(ThreadPoolExecutor.java:1134)
        at java.util.concurrent.ThreadPoolExecutor$Worker.run(ThreadPoolExecutor.java:624)
        at java.lang.Thread.run(Thread.java:750)
"IPC Server handler 12 on default port 40181" daemon prio=5 tid=49 timed_waiting
java.lang.Thread.State: TIMED_WAITING
        at sun.misc.Unsafe.park(Native Method)
        at java.util.concurrent.locks.LockSupport.parkNanos(LockSupport.java:215)
        at java.util.concurrent.locks.AbstractQueuedSynchronizer$ConditionObject.awaitNanos(AbstractQueuedSynchronizer.java:2078)
        at java.util.concurrent.LinkedBlockingQueue.poll(LinkedBlockingQueue.java:467)
        at org.apache.hadoop.ipc.CallQueueManager.take(CallQueueManager.java:317)
        at org.apache.hadoop.ipc.Server$Handler.run(Server.java:2942)
"qtp1819159284-137" daemon prio=5 tid=137 timed_waiting
java.lang.Thread.State: TIMED_WAITING
        at sun.misc.Unsafe.park(Native Method)
        at java.util.concurrent.locks.LockSupport.parkNanos(LockSupport.java:215)
        at java.util.concurrent.locks.AbstractQueuedSynchronizer$ConditionObject.awaitNanos(AbstractQueuedSynchronizer.java:2078)
        at org.eclipse.jetty.util.BlockingArrayQueue.poll(BlockingArrayQueue.java:382)
        at org.eclipse.jetty.util.thread.QueuedThreadPool$Runner.idleJobPoll(QueuedThreadPool.java:974)
        at org.eclipse.jetty.util.thread.QueuedThreadPool$Runner.run(QueuedThreadPool.java:1018)
        at java.lang.Thread.run(Thread.java:750)
"ChunkReader-1" daemon prio=5 tid=762 in Object.wait()
java.lang.Thread.State: WAITING (on object monitor)
        at sun.misc.Unsafe.park(Native Method)
        at java.util.concurrent.locks.LockSupport.park(LockSupport.java:175)
        at java.util.concurrent.locks.AbstractQueuedSynchronizer$ConditionObject.await(AbstractQueuedSynchronizer.java:2039)
        at java.util.concurrent.LinkedBlockingQueue.take(LinkedBlockingQueue.java:442)
        at java.util.concurrent.ThreadPoolExecutor.getTask(ThreadPoolExecutor.java:1074)
        at java.util.concurrent.ThreadPoolExecutor.runWorker(ThreadPoolExecutor.java:1134)
        at java.util.concurrent.ThreadPoolExecutor$Worker.run(ThreadPoolExecutor.java:624)
        at java.lang.Thread.run(Thread.java:750)
"ChunkWriter-2-0" daemon prio=5 tid=500 in Object.wait()
java.lang.Thread.State: WAITING (on object monitor)
        at sun.misc.Unsafe.park(Native Method)
        at java.util.concurrent.locks.LockSupport.park(LockSupport.java:175)
        at java.util.concurrent.locks.AbstractQueuedSynchronizer$ConditionObject.await(AbstractQueuedSynchronizer.java:2039)
        at java.util.concurrent.LinkedBlockingDeque.takeFirst(LinkedBlockingDeque.java:492)
        at java.util.concurrent.LinkedBlockingDeque.take(LinkedBlockingDeque.java:680)
        at java.util.concurrent.ThreadPoolExecutor.getTask(ThreadPoolExecutor.java:1074)
        at java.util.concurrent.ThreadPoolExecutor.runWorker(ThreadPoolExecutor.java:1134)
        at java.util.concurrent.ThreadPoolExecutor$Worker.run(ThreadPoolExecutor.java:624)
        at java.lang.Thread.run(Thread.java:750)
"qtp1681627794-463" daemon prio=5 tid=463 timed_waiting
java.lang.Thread.State: TIMED_WAITING
        at sun.misc.Unsafe.park(Native Method)
        at java.util.concurrent.locks.LockSupport.parkNanos(LockSupport.java:215)
        at java.util.concurrent.locks.AbstractQueuedSynchronizer$ConditionObject.awaitNanos(AbstractQueuedSynchronizer.java:2078)
        at org.eclipse.jetty.util.BlockingArrayQueue.poll(BlockingArrayQueue.java:382)
        at org.eclipse.jetty.util.thread.QueuedThreadPool$Runner.idleJobPoll(QueuedThreadPool.java:974)
        at org.eclipse.jetty.util.thread.QueuedThreadPool$Runner.run(QueuedThreadPool.java:1018)
        at java.lang.Thread.run(Thread.java:750)
"qtp1535833708-352" daemon prio=5 tid=352 timed_waiting
java.lang.Thread.State: TIMED_WAITING
        at sun.misc.Unsafe.park(Native Method)
        at java.util.concurrent.locks.LockSupport.parkNanos(LockSupport.java:215)
        at java.util.concurrent.locks.AbstractQueuedSynchronizer$ConditionObject.awaitNanos(AbstractQueuedSynchronizer.java:2078)
        at org.eclipse.jetty.util.BlockingArrayQueue.poll(BlockingArrayQueue.java:382)
        at org.eclipse.jetty.util.thread.QueuedThreadPool$Runner.idleJobPoll(QueuedThreadPool.java:974)
        at org.eclipse.jetty.util.thread.QueuedThreadPool$Runner.run(QueuedThreadPool.java:1018)
        at java.lang.Thread.run(Thread.java:750)
"b5e52be0-4491-4e69-96e1-10d94051f40c@group-ADDBCF77707C-SegmentedRaftLogWorker"  prio=5 tid=592 timed_waiting
java.lang.Thread.State: TIMED_WAITING
        at sun.misc.Unsafe.park(Native Method)
        at java.util.concurrent.locks.LockSupport.parkNanos(LockSupport.java:215)
        at java.util.concurrent.locks.AbstractQueuedSynchronizer$ConditionObject.awaitNanos(AbstractQueuedSynchronizer.java:2078)
        at org.apache.ratis.util.DataBlockingQueue.poll(DataBlockingQueue.java:148)
        at org.apache.ratis.server.raftlog.segmented.SegmentedRaftLogWorker.run(SegmentedRaftLogWorker.java:301)
        at org.apache.ratis.server.raftlog.segmented.SegmentedRaftLogWorker$$Lambda$612/521516682.run(Unknown Source)
        at java.lang.Thread.run(Thread.java:750)
"Datanode ReportManager Thread - 0" daemon prio=5 tid=238 timed_waiting
java.lang.Thread.State: TIMED_WAITING
        at sun.misc.Unsafe.park(Native Method)
        at java.util.concurrent.locks.LockSupport.parkNanos(LockSupport.java:215)
        at java.util.concurrent.locks.AbstractQueuedSynchronizer$ConditionObject.awaitNanos(AbstractQueuedSynchronizer.java:2078)
        at java.util.concurrent.ScheduledThreadPoolExecutor$DelayedWorkQueue.take(ScheduledThreadPoolExecutor.java:1093)
        at java.util.concurrent.ScheduledThreadPoolExecutor$DelayedWorkQueue.take(ScheduledThreadPoolExecutor.java:809)
        at java.util.concurrent.ThreadPoolExecutor.getTask(ThreadPoolExecutor.java:1074)
        at java.util.concurrent.ThreadPoolExecutor.runWorker(ThreadPoolExecutor.java:1134)
        at java.util.concurrent.ThreadPoolExecutor$Worker.run(ThreadPoolExecutor.java:624)
        at java.lang.Thread.run(Thread.java:750)
"IPC Server Responder" daemon prio=5 tid=30 runnable
java.lang.Thread.State: RUNNABLE
        at sun.nio.ch.EPollArrayWrapper.epollWait(Native Method)
        at sun.nio.ch.EPollArrayWrapper.poll(EPollArrayWrapper.java:269)
        at sun.nio.ch.EPollSelectorImpl.doSelect(EPollSelectorImpl.java:93)
        at sun.nio.ch.SelectorImpl.lockAndDoSelect(SelectorImpl.java:86)
        at sun.nio.ch.SelectorImpl.select(SelectorImpl.java:97)
        at org.apache.hadoop.ipc.Server$Responder.doRunLoop(Server.java:1532)
        at org.apache.hadoop.ipc.Server$Responder.run(Server.java:1515)
"StaleRecoveringContainerScrubbingService#2" daemon prio=5 tid=1016 in Object.wait()
java.lang.Thread.State: WAITING (on object monitor)
        at sun.misc.Unsafe.park(Native Method)
        at java.util.concurrent.locks.LockSupport.park(LockSupport.java:175)
        at java.util.concurrent.locks.AbstractQueuedSynchronizer$ConditionObject.await(AbstractQueuedSynchronizer.java:2039)
        at java.util.concurrent.ScheduledThreadPoolExecutor$DelayedWorkQueue.take(ScheduledThreadPoolExecutor.java:1088)
        at java.util.concurrent.ScheduledThreadPoolExecutor$DelayedWorkQueue.take(ScheduledThreadPoolExecutor.java:809)
        at java.util.concurrent.ThreadPoolExecutor.getTask(ThreadPoolExecutor.java:1074)
        at java.util.concurrent.ThreadPoolExecutor.runWorker(ThreadPoolExecutor.java:1134)
        at java.util.concurrent.ThreadPoolExecutor$Worker.run(ThreadPoolExecutor.java:624)
        at java.lang.Thread.run(Thread.java:750)
"b5e52be0-4491-4e69-96e1-10d94051f40c@group-E555343BB60F-StateMachineUpdater" daemon prio=5 tid=583 timed_waiting
java.lang.Thread.State: TIMED_WAITING
        at sun.misc.Unsafe.park(Native Method)
        at java.util.concurrent.locks.LockSupport.parkNanos(LockSupport.java:215)
        at java.util.concurrent.CompletableFuture$Signaller.block(CompletableFuture.java:1709)
        at java.util.concurrent.ForkJoinPool.managedBlock(ForkJoinPool.java:3323)
        at java.util.concurrent.CompletableFuture.timedGet(CompletableFuture.java:1788)
        at java.util.concurrent.CompletableFuture.get(CompletableFuture.java:1928)
        at org.apache.ratis.util.AwaitForSignal.await(AwaitForSignal.java:56)
        at org.apache.ratis.server.impl.StateMachineUpdater.waitForCommit(StateMachineUpdater.java:207)
        at org.apache.ratis.server.impl.StateMachineUpdater.run(StateMachineUpdater.java:176)
        at java.lang.Thread.run(Thread.java:750)
"Datanode ReportManager Thread - 3" daemon prio=5 tid=215 in Object.wait()
java.lang.Thread.State: WAITING (on object monitor)
        at sun.misc.Unsafe.park(Native Method)
        at java.util.concurrent.locks.LockSupport.park(LockSupport.java:175)
        at java.util.concurrent.locks.AbstractQueuedSynchronizer$ConditionObject.await(AbstractQueuedSynchronizer.java:2039)
        at java.util.concurrent.ScheduledThreadPoolExecutor$DelayedWorkQueue.take(ScheduledThreadPoolExecutor.java:1088)
        at java.util.concurrent.ScheduledThreadPoolExecutor$DelayedWorkQueue.take(ScheduledThreadPoolExecutor.java:809)
        at java.util.concurrent.ThreadPoolExecutor.getTask(ThreadPoolExecutor.java:1074)
        at java.util.concurrent.ThreadPoolExecutor.runWorker(ThreadPoolExecutor.java:1134)
        at java.util.concurrent.ThreadPoolExecutor$Worker.run(ThreadPoolExecutor.java:624)
        at java.lang.Thread.run(Thread.java:750)
"qtp1720328101-202" daemon prio=5 tid=202 runnable
java.lang.Thread.State: RUNNABLE
        at sun.nio.ch.EPollArrayWrapper.epollWait(Native Method)
        at sun.nio.ch.EPollArrayWrapper.poll(EPollArrayWrapper.java:269)
        at sun.nio.ch.EPollSelectorImpl.doSelect(EPollSelectorImpl.java:93)
        at sun.nio.ch.SelectorImpl.lockAndDoSelect(SelectorImpl.java:86)
        at sun.nio.ch.SelectorImpl.select(SelectorImpl.java:97)
        at sun.nio.ch.SelectorImpl.select(SelectorImpl.java:101)
        at org.eclipse.jetty.io.ManagedSelector.nioSelect(ManagedSelector.java:183)
        at org.eclipse.jetty.io.ManagedSelector.select(ManagedSelector.java:190)
        at org.eclipse.jetty.io.ManagedSelector$SelectorProducer.select(ManagedSelector.java:606)
        at org.eclipse.jetty.io.ManagedSelector$SelectorProducer.produce(ManagedSelector.java:543)
        at org.eclipse.jetty.util.thread.strategy.EatWhatYouKill.produceTask(EatWhatYouKill.java:362)
        at org.eclipse.jetty.util.thread.strategy.EatWhatYouKill.doProduce(EatWhatYouKill.java:186)
        at org.eclipse.jetty.util.thread.strategy.EatWhatYouKill.tryProduce(EatWhatYouKill.java:173)
        at org.eclipse.jetty.util.thread.strategy.EatWhatYouKill.produce(EatWhatYouKill.java:137)
        at org.eclipse.jetty.io.ManagedSelector$$Lambda$444/1122636984.run(Unknown Source)
        at org.eclipse.jetty.util.thread.QueuedThreadPool.runJob(QueuedThreadPool.java:883)
        at org.eclipse.jetty.util.thread.QueuedThreadPool$Runner.run(QueuedThreadPool.java:1034)
        at java.lang.Thread.run(Thread.java:750)
"StaleRecoveringContainerScrubbingService#1" daemon prio=5 tid=415 timed_waiting
java.lang.Thread.State: TIMED_WAITING
        at sun.misc.Unsafe.park(Native Method)
        at java.util.concurrent.locks.LockSupport.parkNanos(LockSupport.java:215)
        at java.util.concurrent.locks.AbstractQueuedSynchronizer$ConditionObject.awaitNanos(AbstractQueuedSynchronizer.java:2078)
        at java.util.concurrent.ScheduledThreadPoolExecutor$DelayedWorkQueue.take(ScheduledThreadPoolExecutor.java:1093)
        at java.util.concurrent.ScheduledThreadPoolExecutor$DelayedWorkQueue.take(ScheduledThreadPoolExecutor.java:809)
        at java.util.concurrent.ThreadPoolExecutor.getTask(ThreadPoolExecutor.java:1074)
        at java.util.concurrent.ThreadPoolExecutor.runWorker(ThreadPoolExecutor.java:1134)
        at java.util.concurrent.ThreadPoolExecutor$Worker.run(ThreadPoolExecutor.java:624)
        at java.lang.Thread.run(Thread.java:750)
"IPC Server handler 11 on default port 35689" daemon prio=5 tid=88 timed_waiting
java.lang.Thread.State: TIMED_WAITING
        at sun.misc.Unsafe.park(Native Method)
        at java.util.concurrent.locks.LockSupport.parkNanos(LockSupport.java:215)
        at java.util.concurrent.locks.AbstractQueuedSynchronizer$ConditionObject.awaitNanos(AbstractQueuedSynchronizer.java:2078)
        at java.util.concurrent.LinkedBlockingQueue.poll(LinkedBlockingQueue.java:467)
        at org.apache.hadoop.ipc.CallQueueManager.take(CallQueueManager.java:317)
        at org.apache.hadoop.ipc.Server$Handler.run(Server.java:2942)
"IPC Server handler 17 on default port 40181" daemon prio=5 tid=54 timed_waiting
java.lang.Thread.State: TIMED_WAITING
        at sun.misc.Unsafe.park(Native Method)
        at java.util.concurrent.locks.LockSupport.parkNanos(LockSupport.java:215)
        at java.util.concurrent.locks.AbstractQueuedSynchronizer$ConditionObject.awaitNanos(AbstractQueuedSynchronizer.java:2078)
        at java.util.concurrent.LinkedBlockingQueue.poll(LinkedBlockingQueue.java:467)
        at org.apache.hadoop.ipc.CallQueueManager.take(CallQueueManager.java:317)
        at org.apache.hadoop.ipc.Server$Handler.run(Server.java:2942)
"BackgroundPipelineScrubberThread" daemon prio=5 tid=16 timed_waiting
java.lang.Thread.State: TIMED_WAITING
        at java.lang.Object.wait(Native Method)
        at org.apache.hadoop.hdds.scm.ha.BackgroundSCMService.run(BackgroundSCMService.java:110)
        at org.apache.hadoop.hdds.scm.ha.BackgroundSCMService$$Lambda$374/722929970.run(Unknown Source)
        at java.lang.Thread.run(Thread.java:750)
"27609338-e5ea-4e9e-bd63-6729dd2dbc7a@group-D51D6A44A918-FollowerState" daemon prio=5 tid=708 timed_waiting
java.lang.Thread.State: TIMED_WAITING
        at java.lang.Thread.sleep(Native Method)
        at java.lang.Thread.sleep(Thread.java:342)
        at java.util.concurrent.TimeUnit.sleep(TimeUnit.java:386)
        at org.apache.ratis.util.TimeDuration.sleep(TimeDuration.java:325)
        at org.apache.ratis.util.TimeDuration.sleep(TimeDuration.java:310)
        at org.apache.ratis.server.impl.FollowerState.run(FollowerState.java:128)
"pool-104-thread-1"  prio=5 tid=201 timed_waiting
java.lang.Thread.State: TIMED_WAITING
        at sun.misc.Unsafe.park(Native Method)
        at java.util.concurrent.locks.LockSupport.parkNanos(LockSupport.java:215)
        at java.util.concurrent.locks.AbstractQueuedSynchronizer$ConditionObject.awaitNanos(AbstractQueuedSynchronizer.java:2078)
        at java.util.concurrent.ScheduledThreadPoolExecutor$DelayedWorkQueue.take(ScheduledThreadPoolExecutor.java:1093)
        at java.util.concurrent.ScheduledThreadPoolExecutor$DelayedWorkQueue.take(ScheduledThreadPoolExecutor.java:809)
        at java.util.concurrent.ThreadPoolExecutor.getTask(ThreadPoolExecutor.java:1074)
        at java.util.concurrent.ThreadPoolExecutor.runWorker(ThreadPoolExecutor.java:1134)
        at java.util.concurrent.ThreadPoolExecutor$Worker.run(ThreadPoolExecutor.java:624)
        at java.lang.Thread.run(Thread.java:750)
"264ccfc1-7403-435b-81c3-d1dfb4335e59@group-D51D6A44A918-SegmentedRaftLogWorker"  prio=5 tid=624 timed_waiting
java.lang.Thread.State: TIMED_WAITING
        at sun.misc.Unsafe.park(Native Method)
        at java.util.concurrent.locks.LockSupport.parkNanos(LockSupport.java:215)
        at java.util.concurrent.locks.AbstractQueuedSynchronizer$ConditionObject.awaitNanos(AbstractQueuedSynchronizer.java:2078)
        at org.apache.ratis.util.DataBlockingQueue.poll(DataBlockingQueue.java:148)
        at org.apache.ratis.server.raftlog.segmented.SegmentedRaftLogWorker.run(SegmentedRaftLogWorker.java:301)
        at org.apache.ratis.server.raftlog.segmented.SegmentedRaftLogWorker$$Lambda$612/521516682.run(Unknown Source)
        at java.lang.Thread.run(Thread.java:750)
"Datanode ReportManager Thread - 0" daemon prio=5 tid=184 timed_waiting
java.lang.Thread.State: TIMED_WAITING
        at sun.misc.Unsafe.park(Native Method)
        at java.util.concurrent.locks.LockSupport.parkNanos(LockSupport.java:215)
        at java.util.concurrent.locks.AbstractQueuedSynchronizer$ConditionObject.awaitNanos(AbstractQueuedSynchronizer.java:2078)
        at java.util.concurrent.ScheduledThreadPoolExecutor$DelayedWorkQueue.take(ScheduledThreadPoolExecutor.java:1093)
        at java.util.concurrent.ScheduledThreadPoolExecutor$DelayedWorkQueue.take(ScheduledThreadPoolExecutor.java:809)
        at java.util.concurrent.ThreadPoolExecutor.getTask(ThreadPoolExecutor.java:1074)
        at java.util.concurrent.ThreadPoolExecutor.runWorker(ThreadPoolExecutor.java:1134)
        at java.util.concurrent.ThreadPoolExecutor$Worker.run(ThreadPoolExecutor.java:624)
        at java.lang.Thread.run(Thread.java:750)
"qtp823415723-106" daemon prio=5 tid=106 timed_waiting
java.lang.Thread.State: TIMED_WAITING
        at sun.misc.Unsafe.park(Native Method)
        at java.util.concurrent.locks.LockSupport.parkNanos(LockSupport.java:215)
        at java.util.concurrent.locks.AbstractQueuedSynchronizer$ConditionObject.awaitNanos(AbstractQueuedSynchronizer.java:2078)
        at org.eclipse.jetty.util.BlockingArrayQueue.poll(BlockingArrayQueue.java:382)
        at org.eclipse.jetty.util.thread.QueuedThreadPool$Runner.idleJobPoll(QueuedThreadPool.java:974)
        at org.eclipse.jetty.util.thread.QueuedThreadPool$Runner.run(QueuedThreadPool.java:1018)
        at java.lang.Thread.run(Thread.java:750)
"Datanode State Machine Task Thread - 1"  prio=5 tid=534 in Object.wait()
java.lang.Thread.State: WAITING (on object monitor)
        at sun.misc.Unsafe.park(Native Method)
        at java.util.concurrent.locks.LockSupport.park(LockSupport.java:175)
        at java.util.concurrent.locks.AbstractQueuedSynchronizer$ConditionObject.await(AbstractQueuedSynchronizer.java:2039)
        at java.util.concurrent.LinkedBlockingQueue.take(LinkedBlockingQueue.java:442)
        at java.util.concurrent.ThreadPoolExecutor.getTask(ThreadPoolExecutor.java:1074)
        at java.util.concurrent.ThreadPoolExecutor.runWorker(ThreadPoolExecutor.java:1134)
        at java.util.concurrent.ThreadPoolExecutor$Worker.run(ThreadPoolExecutor.java:624)
        at java.lang.Thread.run(Thread.java:750)
"qtp1681627794-459" daemon prio=5 tid=459 runnable
java.lang.Thread.State: RUNNABLE
        at sun.nio.ch.EPollArrayWrapper.epollWait(Native Method)
        at sun.nio.ch.EPollArrayWrapper.poll(EPollArrayWrapper.java:269)
        at sun.nio.ch.EPollSelectorImpl.doSelect(EPollSelectorImpl.java:93)
        at sun.nio.ch.SelectorImpl.lockAndDoSelect(SelectorImpl.java:86)
        at sun.nio.ch.SelectorImpl.select(SelectorImpl.java:97)
        at sun.nio.ch.SelectorImpl.select(SelectorImpl.java:101)
        at org.eclipse.jetty.io.ManagedSelector.nioSelect(ManagedSelector.java:183)
        at org.eclipse.jetty.io.ManagedSelector.select(ManagedSelector.java:190)
        at org.eclipse.jetty.io.ManagedSelector$SelectorProducer.select(ManagedSelector.java:606)
        at org.eclipse.jetty.io.ManagedSelector$SelectorProducer.produce(ManagedSelector.java:543)
        at org.eclipse.jetty.util.thread.strategy.EatWhatYouKill.produceTask(EatWhatYouKill.java:362)
        at org.eclipse.jetty.util.thread.strategy.EatWhatYouKill.doProduce(EatWhatYouKill.java:186)
        at org.eclipse.jetty.util.thread.strategy.EatWhatYouKill.tryProduce(EatWhatYouKill.java:173)
        at org.eclipse.jetty.util.thread.strategy.EatWhatYouKill.produce(EatWhatYouKill.java:137)
        at org.eclipse.jetty.io.ManagedSelector$$Lambda$444/1122636984.run(Unknown Source)
        at org.eclipse.jetty.util.thread.QueuedThreadPool.runJob(QueuedThreadPool.java:883)
        at org.eclipse.jetty.util.thread.QueuedThreadPool$Runner.run(QueuedThreadPool.java:1034)
        at java.lang.Thread.run(Thread.java:750)
"qtp193317890-306" daemon prio=5 tid=306 runnable
java.lang.Thread.State: RUNNABLE
        at sun.nio.ch.EPollArrayWrapper.epollWait(Native Method)
        at sun.nio.ch.EPollArrayWrapper.poll(EPollArrayWrapper.java:269)
        at sun.nio.ch.EPollSelectorImpl.doSelect(EPollSelectorImpl.java:93)
        at sun.nio.ch.SelectorImpl.lockAndDoSelect(SelectorImpl.java:86)
        at sun.nio.ch.SelectorImpl.select(SelectorImpl.java:97)
        at sun.nio.ch.SelectorImpl.select(SelectorImpl.java:101)
        at org.eclipse.jetty.io.ManagedSelector.nioSelect(ManagedSelector.java:183)
        at org.eclipse.jetty.io.ManagedSelector.select(ManagedSelector.java:190)
        at org.eclipse.jetty.io.ManagedSelector$SelectorProducer.select(ManagedSelector.java:606)
        at org.eclipse.jetty.io.ManagedSelector$SelectorProducer.produce(ManagedSelector.java:543)
        at org.eclipse.jetty.util.thread.strategy.EatWhatYouKill.produceTask(EatWhatYouKill.java:362)
        at org.eclipse.jetty.util.thread.strategy.EatWhatYouKill.doProduce(EatWhatYouKill.java:186)
        at org.eclipse.jetty.util.thread.strategy.EatWhatYouKill.tryProduce(EatWhatYouKill.java:173)
        at org.eclipse.jetty.util.thread.strategy.EatWhatYouKill.produce(EatWhatYouKill.java:137)
        at org.eclipse.jetty.io.ManagedSelector$$Lambda$444/1122636984.run(Unknown Source)
        at org.eclipse.jetty.util.thread.QueuedThreadPool.runJob(QueuedThreadPool.java:883)
        at org.eclipse.jetty.util.thread.QueuedThreadPool$Runner.run(QueuedThreadPool.java:1034)
        at java.lang.Thread.run(Thread.java:750)
"FixedThreadPoolWithAffinityExecutor-1-0" daemon prio=5 tid=560 in Object.wait()
java.lang.Thread.State: WAITING (on object monitor)
        at sun.misc.Unsafe.park(Native Method)
        at java.util.concurrent.locks.LockSupport.park(LockSupport.java:175)
        at java.util.concurrent.locks.AbstractQueuedSynchronizer$ConditionObject.await(AbstractQueuedSynchronizer.java:2039)
        at java.util.concurrent.LinkedBlockingDeque.takeFirst(LinkedBlockingDeque.java:492)
        at java.util.concurrent.LinkedBlockingDeque.take(LinkedBlockingDeque.java:680)
        at java.util.concurrent.ThreadPoolExecutor.getTask(ThreadPoolExecutor.java:1074)
        at java.util.concurrent.ThreadPoolExecutor.runWorker(ThreadPoolExecutor.java:1134)
        at java.util.concurrent.ThreadPoolExecutor$Worker.run(ThreadPoolExecutor.java:624)
        at java.lang.Thread.run(Thread.java:750)
"EndpointStateMachine task thread for /0.0.0.0:35689 - 0 "  prio=5 tid=497 in Object.wait()
java.lang.Thread.State: WAITING (on object monitor)
        at sun.misc.Unsafe.park(Native Method)
        at java.util.concurrent.locks.LockSupport.park(LockSupport.java:175)
        at java.util.concurrent.locks.AbstractQueuedSynchronizer$ConditionObject.await(AbstractQueuedSynchronizer.java:2039)
        at java.util.concurrent.LinkedBlockingQueue.take(LinkedBlockingQueue.java:442)
        at java.util.concurrent.ThreadPoolExecutor.getTask(ThreadPoolExecutor.java:1074)
        at java.util.concurrent.ThreadPoolExecutor.runWorker(ThreadPoolExecutor.java:1134)
        at java.util.concurrent.ThreadPoolExecutor$Worker.run(ThreadPoolExecutor.java:624)
        at java.lang.Thread.run(Thread.java:750)
"pool-111-thread-1" daemon prio=5 tid=223 timed_waiting
java.lang.Thread.State: TIMED_WAITING
        at sun.misc.Unsafe.park(Native Method)
        at java.util.concurrent.locks.LockSupport.parkNanos(LockSupport.java:215)
        at java.util.concurrent.locks.AbstractQueuedSynchronizer$ConditionObject.awaitNanos(AbstractQueuedSynchronizer.java:2078)
        at java.util.concurrent.ScheduledThreadPoolExecutor$DelayedWorkQueue.take(ScheduledThreadPoolExecutor.java:1093)
        at java.util.concurrent.ScheduledThreadPoolExecutor$DelayedWorkQueue.take(ScheduledThreadPoolExecutor.java:809)
        at java.util.concurrent.ThreadPoolExecutor.getTask(ThreadPoolExecutor.java:1074)
        at java.util.concurrent.ThreadPoolExecutor.runWorker(ThreadPoolExecutor.java:1134)
        at java.util.concurrent.ThreadPoolExecutor$Worker.run(ThreadPoolExecutor.java:624)
        at java.lang.Thread.run(Thread.java:750)
"27609338-e5ea-4e9e-bd63-6729dd2dbc7a@group-271805A6E5C0-SegmentedRaftLogWorker"  prio=5 tid=638 timed_waiting
java.lang.Thread.State: TIMED_WAITING
        at sun.misc.Unsafe.park(Native Method)
        at java.util.concurrent.locks.LockSupport.parkNanos(LockSupport.java:215)
        at java.util.concurrent.locks.AbstractQueuedSynchronizer$ConditionObject.awaitNanos(AbstractQueuedSynchronizer.java:2078)
        at org.apache.ratis.util.DataBlockingQueue.poll(DataBlockingQueue.java:148)
        at org.apache.ratis.server.raftlog.segmented.SegmentedRaftLogWorker.run(SegmentedRaftLogWorker.java:301)
        at org.apache.ratis.server.raftlog.segmented.SegmentedRaftLogWorker$$Lambda$612/521516682.run(Unknown Source)
        at java.lang.Thread.run(Thread.java:750)
"ChunkReader-ELG-0" daemon prio=5 tid=515 runnable
java.lang.Thread.State: RUNNABLE
        at org.apache.ratis.thirdparty.io.netty.channel.epoll.Native.epollWait0(Native Method)
        at org.apache.ratis.thirdparty.io.netty.channel.epoll.Native.epollWait(Native.java:177)
        at org.apache.ratis.thirdparty.io.netty.channel.epoll.EpollEventLoop.epollWait(EpollEventLoop.java:286)
        at org.apache.ratis.thirdparty.io.netty.channel.epoll.EpollEventLoop.run(EpollEventLoop.java:351)
        at org.apache.ratis.thirdparty.io.netty.util.concurrent.SingleThreadEventExecutor$4.run(SingleThreadEventExecutor.java:986)
        at org.apache.ratis.thirdparty.io.netty.util.internal.ThreadExecutorMap$2.run(ThreadExecutorMap.java:74)
        at java.lang.Thread.run(Thread.java:750)
"Session-HouseKeeper-46b9a780-1"  prio=5 tid=143 timed_waiting
java.lang.Thread.State: TIMED_WAITING
        at sun.misc.Unsafe.park(Native Method)
        at java.util.concurrent.locks.LockSupport.parkNanos(LockSupport.java:215)
        at java.util.concurrent.locks.AbstractQueuedSynchronizer$ConditionObject.awaitNanos(AbstractQueuedSynchronizer.java:2078)
        at java.util.concurrent.ScheduledThreadPoolExecutor$DelayedWorkQueue.take(ScheduledThreadPoolExecutor.java:1093)
        at java.util.concurrent.ScheduledThreadPoolExecutor$DelayedWorkQueue.take(ScheduledThreadPoolExecutor.java:809)
        at java.util.concurrent.ThreadPoolExecutor.getTask(ThreadPoolExecutor.java:1074)
        at java.util.concurrent.ThreadPoolExecutor.runWorker(ThreadPoolExecutor.java:1134)
        at java.util.concurrent.ThreadPoolExecutor$Worker.run(ThreadPoolExecutor.java:624)
        at java.lang.Thread.run(Thread.java:750)
"7caf7f47-8d76-4e84-850d-743f4336bef8@group-A3E353C6E768-StateMachineUpdater" daemon prio=5 tid=677 timed_waiting
java.lang.Thread.State: TIMED_WAITING
        at sun.misc.Unsafe.park(Native Method)
        at java.util.concurrent.locks.LockSupport.parkNanos(LockSupport.java:215)
        at java.util.concurrent.CompletableFuture$Signaller.block(CompletableFuture.java:1709)
        at java.util.concurrent.ForkJoinPool.managedBlock(ForkJoinPool.java:3323)
        at java.util.concurrent.CompletableFuture.timedGet(CompletableFuture.java:1788)
        at java.util.concurrent.CompletableFuture.get(CompletableFuture.java:1928)
        at org.apache.ratis.util.AwaitForSignal.await(AwaitForSignal.java:56)
        at org.apache.ratis.server.impl.StateMachineUpdater.waitForCommit(StateMachineUpdater.java:207)
        at org.apache.ratis.server.impl.StateMachineUpdater.run(StateMachineUpdater.java:176)
        at java.lang.Thread.run(Thread.java:750)
"e247b98c-9a86-486e-b3b1-fa195c9418a4@group-2ECA46B087C1-StateMachineUpdater" daemon prio=5 tid=593 timed_waiting
java.lang.Thread.State: TIMED_WAITING
        at sun.misc.Unsafe.park(Native Method)
        at java.util.concurrent.locks.LockSupport.parkNanos(LockSupport.java:215)
        at java.util.concurrent.CompletableFuture$Signaller.block(CompletableFuture.java:1709)
        at java.util.concurrent.ForkJoinPool.managedBlock(ForkJoinPool.java:3323)
        at java.util.concurrent.CompletableFuture.timedGet(CompletableFuture.java:1788)
        at java.util.concurrent.CompletableFuture.get(CompletableFuture.java:1928)
        at org.apache.ratis.util.AwaitForSignal.await(AwaitForSignal.java:56)
        at org.apache.ratis.server.impl.StateMachineUpdater.waitForCommit(StateMachineUpdater.java:207)
        at org.apache.ratis.server.impl.StateMachineUpdater.run(StateMachineUpdater.java:176)
        at java.lang.Thread.run(Thread.java:750)
"Session-HouseKeeper-78938cbd-1"  prio=5 tid=314 timed_waiting
java.lang.Thread.State: TIMED_WAITING
        at sun.misc.Unsafe.park(Native Method)
        at java.util.concurrent.locks.LockSupport.parkNanos(LockSupport.java:215)
        at java.util.concurrent.locks.AbstractQueuedSynchronizer$ConditionObject.awaitNanos(AbstractQueuedSynchronizer.java:2078)
        at java.util.concurrent.ScheduledThreadPoolExecutor$DelayedWorkQueue.take(ScheduledThreadPoolExecutor.java:1093)
        at java.util.concurrent.ScheduledThreadPoolExecutor$DelayedWorkQueue.take(ScheduledThreadPoolExecutor.java:809)
        at java.util.concurrent.ThreadPoolExecutor.getTask(ThreadPoolExecutor.java:1074)
        at java.util.concurrent.ThreadPoolExecutor.runWorker(ThreadPoolExecutor.java:1134)
        at java.util.concurrent.ThreadPoolExecutor$Worker.run(ThreadPoolExecutor.java:624)
        at java.lang.Thread.run(Thread.java:750)
"e247b98c-9a86-486e-b3b1-fa195c9418a4-server-thread1" daemon prio=5 tid=794 timed_waiting
java.lang.Thread.State: TIMED_WAITING
        at sun.misc.Unsafe.park(Native Method)
        at java.util.concurrent.locks.LockSupport.parkNanos(LockSupport.java:215)
        at java.util.concurrent.SynchronousQueue$TransferStack.awaitFulfill(SynchronousQueue.java:460)
        at java.util.concurrent.SynchronousQueue$TransferStack.transfer(SynchronousQueue.java:362)
        at java.util.concurrent.SynchronousQueue.poll(SynchronousQueue.java:941)
        at java.util.concurrent.ThreadPoolExecutor.getTask(ThreadPoolExecutor.java:1073)
        at java.util.concurrent.ThreadPoolExecutor.runWorker(ThreadPoolExecutor.java:1134)
        at java.util.concurrent.ThreadPoolExecutor$Worker.run(ThreadPoolExecutor.java:624)
        at java.lang.Thread.run(Thread.java:750)
"16777052-74aa-4e90-8314-2bee1f1d951b@group-4005DE48A76A-LeaderStateImpl" daemon prio=5 tid=739 timed_waiting
java.lang.Thread.State: TIMED_WAITING
        at sun.misc.Unsafe.park(Native Method)
        at java.util.concurrent.locks.LockSupport.parkNanos(LockSupport.java:215)
        at java.util.concurrent.locks.AbstractQueuedSynchronizer$ConditionObject.awaitNanos(AbstractQueuedSynchronizer.java:2078)
        at java.util.concurrent.ArrayBlockingQueue.poll(ArrayBlockingQueue.java:418)
        at org.apache.ratis.server.impl.LeaderStateImpl$EventQueue.poll(LeaderStateImpl.java:159)
        at org.apache.ratis.server.impl.LeaderStateImpl$EventProcessor.run(LeaderStateImpl.java:630)
"8b5383b3-e7bf-4722-baeb-dd5c06b347e3@group-D4EED27C3F9C-LeaderStateImpl" daemon prio=5 tid=688 timed_waiting
java.lang.Thread.State: TIMED_WAITING
        at sun.misc.Unsafe.park(Native Method)
        at java.util.concurrent.locks.LockSupport.parkNanos(LockSupport.java:215)
        at java.util.concurrent.locks.AbstractQueuedSynchronizer$ConditionObject.awaitNanos(AbstractQueuedSynchronizer.java:2078)
        at java.util.concurrent.ArrayBlockingQueue.poll(ArrayBlockingQueue.java:418)
        at org.apache.ratis.server.impl.LeaderStateImpl$EventQueue.poll(LeaderStateImpl.java:159)
        at org.apache.ratis.server.impl.LeaderStateImpl$EventProcessor.run(LeaderStateImpl.java:630)
"qtp1535833708-349" daemon prio=5 tid=349 timed_waiting
java.lang.Thread.State: TIMED_WAITING
        at sun.misc.Unsafe.park(Native Method)
        at java.util.concurrent.locks.LockSupport.parkNanos(LockSupport.java:215)
        at java.util.concurrent.locks.AbstractQueuedSynchronizer$ConditionObject.awaitNanos(AbstractQueuedSynchronizer.java:2078)
        at org.eclipse.jetty.util.BlockingArrayQueue.poll(BlockingArrayQueue.java:382)
        at org.eclipse.jetty.util.thread.QueuedThreadPool$Runner.idleJobPoll(QueuedThreadPool.java:974)
        at org.eclipse.jetty.util.thread.QueuedThreadPool$Runner.run(QueuedThreadPool.java:1018)
        at java.lang.Thread.run(Thread.java:750)
"StaleRecoveringContainerScrubbingService#2" daemon prio=5 tid=1024 in Object.wait()
java.lang.Thread.State: WAITING (on object monitor)
        at sun.misc.Unsafe.park(Native Method)
        at java.util.concurrent.locks.LockSupport.park(LockSupport.java:175)
        at java.util.concurrent.locks.AbstractQueuedSynchronizer$ConditionObject.await(AbstractQueuedSynchronizer.java:2039)
        at java.util.concurrent.ScheduledThreadPoolExecutor$DelayedWorkQueue.take(ScheduledThreadPoolExecutor.java:1088)
        at java.util.concurrent.ScheduledThreadPoolExecutor$DelayedWorkQueue.take(ScheduledThreadPoolExecutor.java:809)
        at java.util.concurrent.ThreadPoolExecutor.getTask(ThreadPoolExecutor.java:1074)
        at java.util.concurrent.ThreadPoolExecutor.runWorker(ThreadPoolExecutor.java:1134)
        at java.util.concurrent.ThreadPoolExecutor$Worker.run(ThreadPoolExecutor.java:624)
        at java.lang.Thread.run(Thread.java:750)
"StaleRecoveringContainerScrubbingService#0" daemon prio=5 tid=517 in Object.wait()
java.lang.Thread.State: WAITING (on object monitor)
        at sun.misc.Unsafe.park(Native Method)
        at java.util.concurrent.locks.LockSupport.park(LockSupport.java:175)
        at java.util.concurrent.locks.AbstractQueuedSynchronizer$ConditionObject.await(AbstractQueuedSynchronizer.java:2039)
        at java.util.concurrent.ScheduledThreadPoolExecutor$DelayedWorkQueue.take(ScheduledThreadPoolExecutor.java:1088)
        at java.util.concurrent.ScheduledThreadPoolExecutor$DelayedWorkQueue.take(ScheduledThreadPoolExecutor.java:809)
        at java.util.concurrent.ThreadPoolExecutor.getTask(ThreadPoolExecutor.java:1074)
        at java.util.concurrent.ThreadPoolExecutor.runWorker(ThreadPoolExecutor.java:1134)
        at java.util.concurrent.ThreadPoolExecutor$Worker.run(ThreadPoolExecutor.java:624)
        at java.lang.Thread.run(Thread.java:750)
"e247b98c-9a86-486e-b3b1-fa195c9418a4@group-E555343BB60F-SegmentedRaftLogWorker"  prio=5 tid=566 timed_waiting
java.lang.Thread.State: TIMED_WAITING
        at sun.misc.Unsafe.park(Native Method)
        at java.util.concurrent.locks.LockSupport.parkNanos(LockSupport.java:215)
        at java.util.concurrent.locks.AbstractQueuedSynchronizer$ConditionObject.awaitNanos(AbstractQueuedSynchronizer.java:2078)
        at org.apache.ratis.util.DataBlockingQueue.poll(DataBlockingQueue.java:148)
        at org.apache.ratis.server.raftlog.segmented.SegmentedRaftLogWorker.run(SegmentedRaftLogWorker.java:301)
        at org.apache.ratis.server.raftlog.segmented.SegmentedRaftLogWorker$$Lambda$612/521516682.run(Unknown Source)
        at java.lang.Thread.run(Thread.java:750)
"8b5383b3-e7bf-4722-baeb-dd5c06b347e3@group-D4EED27C3F9C-SegmentedRaftLogWorker"  prio=5 tid=573 timed_waiting
java.lang.Thread.State: TIMED_WAITING
        at sun.misc.Unsafe.park(Native Method)
        at java.util.concurrent.locks.LockSupport.parkNanos(LockSupport.java:215)
        at java.util.concurrent.locks.AbstractQueuedSynchronizer$ConditionObject.awaitNanos(AbstractQueuedSynchronizer.java:2078)
        at org.apache.ratis.util.DataBlockingQueue.poll(DataBlockingQueue.java:148)
        at org.apache.ratis.server.raftlog.segmented.SegmentedRaftLogWorker.run(SegmentedRaftLogWorker.java:301)
        at org.apache.ratis.server.raftlog.segmented.SegmentedRaftLogWorker$$Lambda$612/521516682.run(Unknown Source)
        at java.lang.Thread.run(Thread.java:750)
"StaleRecoveringContainerScrubbingService#0" daemon prio=5 tid=487 in Object.wait()
java.lang.Thread.State: WAITING (on object monitor)
        at sun.misc.Unsafe.park(Native Method)
        at java.util.concurrent.locks.LockSupport.park(LockSupport.java:175)
        at java.util.concurrent.locks.AbstractQueuedSynchronizer$ConditionObject.await(AbstractQueuedSynchronizer.java:2039)
        at java.util.concurrent.ScheduledThreadPoolExecutor$DelayedWorkQueue.take(ScheduledThreadPoolExecutor.java:1088)
        at java.util.concurrent.ScheduledThreadPoolExecutor$DelayedWorkQueue.take(ScheduledThreadPoolExecutor.java:809)
        at java.util.concurrent.ThreadPoolExecutor.getTask(ThreadPoolExecutor.java:1074)
        at java.util.concurrent.ThreadPoolExecutor.runWorker(ThreadPoolExecutor.java:1134)
        at java.util.concurrent.ThreadPoolExecutor$Worker.run(ThreadPoolExecutor.java:624)
        at java.lang.Thread.run(Thread.java:750)
"Datanode ReportManager Thread - 1" daemon prio=5 tid=291 in Object.wait()
java.lang.Thread.State: WAITING (on object monitor)
        at sun.misc.Unsafe.park(Native Method)
        at java.util.concurrent.locks.LockSupport.park(LockSupport.java:175)
        at java.util.concurrent.locks.AbstractQueuedSynchronizer$ConditionObject.await(AbstractQueuedSynchronizer.java:2039)
        at java.util.concurrent.ScheduledThreadPoolExecutor$DelayedWorkQueue.take(ScheduledThreadPoolExecutor.java:1088)
        at java.util.concurrent.ScheduledThreadPoolExecutor$DelayedWorkQueue.take(ScheduledThreadPoolExecutor.java:809)
        at java.util.concurrent.ThreadPoolExecutor.getTask(ThreadPoolExecutor.java:1074)
        at java.util.concurrent.ThreadPoolExecutor.runWorker(ThreadPoolExecutor.java:1134)
        at java.util.concurrent.ThreadPoolExecutor$Worker.run(ThreadPoolExecutor.java:624)
        at java.lang.Thread.run(Thread.java:750)
"IPC Server handler 6 on default port 35689" daemon prio=5 tid=83 timed_waiting
java.lang.Thread.State: TIMED_WAITING
        at sun.misc.Unsafe.park(Native Method)
        at java.util.concurrent.locks.LockSupport.parkNanos(LockSupport.java:215)
        at java.util.concurrent.locks.AbstractQueuedSynchronizer$ConditionObject.awaitNanos(AbstractQueuedSynchronizer.java:2078)
        at java.util.concurrent.LinkedBlockingQueue.poll(LinkedBlockingQueue.java:467)
        at org.apache.hadoop.ipc.CallQueueManager.take(CallQueueManager.java:317)
        at org.apache.hadoop.ipc.Server$Handler.run(Server.java:2942)
"qtp1697908956-255-acceptor-0@44c60e5-ServerConnector@1238c363{HTTP/1.1, (http/1.1)}{0.0.0.0:41403}" daemon prio=3 tid=255 runnable
java.lang.Thread.State: RUNNABLE
        at sun.nio.ch.ServerSocketChannelImpl.accept0(Native Method)
        at sun.nio.ch.ServerSocketChannelImpl.accept(ServerSocketChannelImpl.java:421)
        at sun.nio.ch.ServerSocketChannelImpl.accept(ServerSocketChannelImpl.java:249)
        at org.eclipse.jetty.server.ServerConnector.accept(ServerConnector.java:388)
        at org.eclipse.jetty.server.AbstractConnector$Acceptor.run(AbstractConnector.java:702)
        at org.eclipse.jetty.util.thread.QueuedThreadPool.runJob(QueuedThreadPool.java:883)
        at org.eclipse.jetty.util.thread.QueuedThreadPool$Runner.run(QueuedThreadPool.java:1034)
        at java.lang.Thread.run(Thread.java:750)
"BlockDeletingService#2" daemon prio=5 tid=1013 in Object.wait()
java.lang.Thread.State: WAITING (on object monitor)
        at sun.misc.Unsafe.park(Native Method)
        at java.util.concurrent.locks.LockSupport.park(LockSupport.java:175)
        at java.util.concurrent.locks.AbstractQueuedSynchronizer$ConditionObject.await(AbstractQueuedSynchronizer.java:2039)
        at java.util.concurrent.ScheduledThreadPoolExecutor$DelayedWorkQueue.take(ScheduledThreadPoolExecutor.java:1088)
        at java.util.concurrent.ScheduledThreadPoolExecutor$DelayedWorkQueue.take(ScheduledThreadPoolExecutor.java:809)
        at java.util.concurrent.ThreadPoolExecutor.getTask(ThreadPoolExecutor.java:1074)
        at java.util.concurrent.ThreadPoolExecutor.runWorker(ThreadPoolExecutor.java:1134)
        at java.util.concurrent.ThreadPoolExecutor$Worker.run(ThreadPoolExecutor.java:624)
        at java.lang.Thread.run(Thread.java:750)
"8b5383b3-e7bf-4722-baeb-dd5c06b347e3-server-thread1" daemon prio=5 tid=793 timed_waiting
java.lang.Thread.State: TIMED_WAITING
        at sun.misc.Unsafe.park(Native Method)
        at java.util.concurrent.locks.LockSupport.parkNanos(LockSupport.java:215)
        at java.util.concurrent.SynchronousQueue$TransferStack.awaitFulfill(SynchronousQueue.java:460)
        at java.util.concurrent.SynchronousQueue$TransferStack.transfer(SynchronousQueue.java:362)
        at java.util.concurrent.SynchronousQueue.poll(SynchronousQueue.java:941)
        at java.util.concurrent.ThreadPoolExecutor.getTask(ThreadPoolExecutor.java:1073)
        at java.util.concurrent.ThreadPoolExecutor.runWorker(ThreadPoolExecutor.java:1134)
        at java.util.concurrent.ThreadPoolExecutor$Worker.run(ThreadPoolExecutor.java:624)
        at java.lang.Thread.run(Thread.java:750)
"qtp1681627794-466" daemon prio=5 tid=466 timed_waiting
java.lang.Thread.State: TIMED_WAITING
        at sun.misc.Unsafe.park(Native Method)
        at java.util.concurrent.locks.LockSupport.parkNanos(LockSupport.java:215)
        at java.util.concurrent.locks.AbstractQueuedSynchronizer$ConditionObject.awaitNanos(AbstractQueuedSynchronizer.java:2078)
        at org.eclipse.jetty.util.BlockingArrayQueue.poll(BlockingArrayQueue.java:382)
        at org.eclipse.jetty.util.thread.QueuedThreadPool$Runner.idleJobPoll(QueuedThreadPool.java:974)
        at org.eclipse.jetty.util.thread.QueuedThreadPool$Runner.run(QueuedThreadPool.java:1018)
        at java.lang.Thread.run(Thread.java:750)
"StaleRecoveringContainerScrubbingService#2" daemon prio=5 tid=1031 in Object.wait()
java.lang.Thread.State: WAITING (on object monitor)
        at sun.misc.Unsafe.park(Native Method)
        at java.util.concurrent.locks.LockSupport.park(LockSupport.java:175)
        at java.util.concurrent.locks.AbstractQueuedSynchronizer$ConditionObject.await(AbstractQueuedSynchronizer.java:2039)
        at java.util.concurrent.ScheduledThreadPoolExecutor$DelayedWorkQueue.take(ScheduledThreadPoolExecutor.java:1088)
        at java.util.concurrent.ScheduledThreadPoolExecutor$DelayedWorkQueue.take(ScheduledThreadPoolExecutor.java:809)
        at java.util.concurrent.ThreadPoolExecutor.getTask(ThreadPoolExecutor.java:1074)
        at java.util.concurrent.ThreadPoolExecutor.runWorker(ThreadPoolExecutor.java:1134)
        at java.util.concurrent.ThreadPoolExecutor$Worker.run(ThreadPoolExecutor.java:624)
        at java.lang.Thread.run(Thread.java:750)
"IPC Server handler 14 on default port 33043" daemon prio=5 tid=71 timed_waiting
java.lang.Thread.State: TIMED_WAITING
        at sun.misc.Unsafe.park(Native Method)
        at java.util.concurrent.locks.LockSupport.parkNanos(LockSupport.java:215)
        at java.util.concurrent.locks.AbstractQueuedSynchronizer$ConditionObject.awaitNanos(AbstractQueuedSynchronizer.java:2078)
        at java.util.concurrent.LinkedBlockingQueue.poll(LinkedBlockingQueue.java:467)
        at org.apache.hadoop.ipc.CallQueueManager.take(CallQueueManager.java:317)
        at org.apache.hadoop.ipc.Server$Handler.run(Server.java:2942)
"qtp1720328101-205" daemon prio=5 tid=205 timed_waiting
java.lang.Thread.State: TIMED_WAITING
        at sun.misc.Unsafe.park(Native Method)
        at java.util.concurrent.locks.LockSupport.parkNanos(LockSupport.java:215)
        at java.util.concurrent.locks.AbstractQueuedSynchronizer$ConditionObject.awaitNanos(AbstractQueuedSynchronizer.java:2078)
        at org.eclipse.jetty.util.BlockingArrayQueue.poll(BlockingArrayQueue.java:382)
        at org.eclipse.jetty.util.thread.QueuedThreadPool$Runner.idleJobPoll(QueuedThreadPool.java:974)
        at org.eclipse.jetty.util.thread.QueuedThreadPool$Runner.run(QueuedThreadPool.java:1018)
        at java.lang.Thread.run(Thread.java:750)
"27609338-e5ea-4e9e-bd63-6729dd2dbc7a@group-271805A6E5C0-StateMachineUpdater" daemon prio=5 tid=639 timed_waiting
java.lang.Thread.State: TIMED_WAITING
        at sun.misc.Unsafe.park(Native Method)
        at java.util.concurrent.locks.LockSupport.parkNanos(LockSupport.java:215)
        at java.util.concurrent.CompletableFuture$Signaller.block(CompletableFuture.java:1709)
        at java.util.concurrent.ForkJoinPool.managedBlock(ForkJoinPool.java:3323)
        at java.util.concurrent.CompletableFuture.timedGet(CompletableFuture.java:1788)
        at java.util.concurrent.CompletableFuture.get(CompletableFuture.java:1928)
        at org.apache.ratis.util.AwaitForSignal.await(AwaitForSignal.java:56)
        at org.apache.ratis.server.impl.StateMachineUpdater.waitForCommit(StateMachineUpdater.java:207)
        at org.apache.ratis.server.impl.StateMachineUpdater.run(StateMachineUpdater.java:176)
        at java.lang.Thread.run(Thread.java:750)
"EventQueue-OpenPipelineForHealthyPipelineSafeModeRule" daemon prio=5 tid=562 in Object.wait()
java.lang.Thread.State: WAITING (on object monitor)
        at sun.misc.Unsafe.park(Native Method)
        at java.util.concurrent.locks.LockSupport.park(LockSupport.java:175)
        at java.util.concurrent.locks.AbstractQueuedSynchronizer$ConditionObject.await(AbstractQueuedSynchronizer.java:2039)
        at java.util.concurrent.LinkedBlockingQueue.take(LinkedBlockingQueue.java:442)
        at java.util.concurrent.ThreadPoolExecutor.getTask(ThreadPoolExecutor.java:1074)
        at java.util.concurrent.ThreadPoolExecutor.runWorker(ThreadPoolExecutor.java:1134)
        at java.util.concurrent.ThreadPoolExecutor$Worker.run(ThreadPoolExecutor.java:624)
        at java.lang.Thread.run(Thread.java:750)
"Socket Reader #1 for port 0"  prio=5 tid=32 runnable
java.lang.Thread.State: RUNNABLE
        at sun.nio.ch.EPollArrayWrapper.epollWait(Native Method)
        at sun.nio.ch.EPollArrayWrapper.poll(EPollArrayWrapper.java:269)
        at sun.nio.ch.EPollSelectorImpl.doSelect(EPollSelectorImpl.java:93)
        at sun.nio.ch.SelectorImpl.lockAndDoSelect(SelectorImpl.java:86)
        at sun.nio.ch.SelectorImpl.select(SelectorImpl.java:97)
        at sun.nio.ch.SelectorImpl.select(SelectorImpl.java:101)
        at org.apache.hadoop.ipc.Server$Listener$Reader.doRunLoop(Server.java:1296)
        at org.apache.hadoop.ipc.Server$Listener$Reader.run(Server.java:1275)
"qtp1697908956-256" daemon prio=5 tid=256 timed_waiting
java.lang.Thread.State: TIMED_WAITING
        at sun.misc.Unsafe.park(Native Method)
        at java.util.concurrent.locks.LockSupport.parkNanos(LockSupport.java:215)
        at java.util.concurrent.locks.AbstractQueuedSynchronizer$ConditionObject.awaitNanos(AbstractQueuedSynchronizer.java:2078)
        at org.eclipse.jetty.util.BlockingArrayQueue.poll(BlockingArrayQueue.java:382)
        at org.eclipse.jetty.util.thread.QueuedThreadPool$Runner.idleJobPoll(QueuedThreadPool.java:974)
        at org.eclipse.jetty.util.thread.QueuedThreadPool$Runner.run(QueuedThreadPool.java:1018)
        at java.lang.Thread.run(Thread.java:750)
"pool-118-thread-1"  prio=5 tid=580 in Object.wait()
java.lang.Thread.State: WAITING (on object monitor)
        at sun.misc.Unsafe.park(Native Method)
        at java.util.concurrent.locks.LockSupport.park(LockSupport.java:175)
        at java.util.concurrent.locks.AbstractQueuedSynchronizer$ConditionObject.await(AbstractQueuedSynchronizer.java:2039)
        at java.util.concurrent.LinkedBlockingQueue.take(LinkedBlockingQueue.java:442)
        at java.util.concurrent.ThreadPoolExecutor.getTask(ThreadPoolExecutor.java:1074)
        at java.util.concurrent.ThreadPoolExecutor.runWorker(ThreadPoolExecutor.java:1134)
        at java.util.concurrent.ThreadPoolExecutor$Worker.run(ThreadPoolExecutor.java:624)
        at java.lang.Thread.run(Thread.java:750)
"IPC Server listener on 0" daemon prio=5 tid=23 runnable
java.lang.Thread.State: RUNNABLE
        at sun.nio.ch.EPollArrayWrapper.epollWait(Native Method)
        at sun.nio.ch.EPollArrayWrapper.poll(EPollArrayWrapper.java:269)
        at sun.nio.ch.EPollSelectorImpl.doSelect(EPollSelectorImpl.java:93)
        at sun.nio.ch.SelectorImpl.lockAndDoSelect(SelectorImpl.java:86)
        at sun.nio.ch.SelectorImpl.select(SelectorImpl.java:97)
        at sun.nio.ch.SelectorImpl.select(SelectorImpl.java:101)
        at org.apache.hadoop.ipc.Server$Listener.run(Server.java:1358)
"ChunkWriter-3-0" daemon prio=5 tid=552 in Object.wait()
java.lang.Thread.State: WAITING (on object monitor)
        at sun.misc.Unsafe.park(Native Method)
        at java.util.concurrent.locks.LockSupport.park(LockSupport.java:175)
        at java.util.concurrent.locks.AbstractQueuedSynchronizer$ConditionObject.await(AbstractQueuedSynchronizer.java:2039)
        at java.util.concurrent.LinkedBlockingDeque.takeFirst(LinkedBlockingDeque.java:492)
        at java.util.concurrent.LinkedBlockingDeque.take(LinkedBlockingDeque.java:680)
        at java.util.concurrent.ThreadPoolExecutor.getTask(ThreadPoolExecutor.java:1074)
        at java.util.concurrent.ThreadPoolExecutor.runWorker(ThreadPoolExecutor.java:1134)
        at java.util.concurrent.ThreadPoolExecutor$Worker.run(ThreadPoolExecutor.java:624)
        at java.lang.Thread.run(Thread.java:750)
"org.apache.hadoop.util.JvmPauseMonitor$Monitor@2288361e" daemon prio=5 tid=477 timed_waiting
java.lang.Thread.State: TIMED_WAITING
        at java.lang.Thread.sleep(Native Method)
        at org.apache.hadoop.util.JvmPauseMonitor$Monitor.run(JvmPauseMonitor.java:192)
        at java.lang.Thread.run(Thread.java:750)
"3c897dd6-f9a8-4587-816d-4b361cef56f3@group-D51D6A44A918-SegmentedRaftLogWorker"  prio=5 tid=627 timed_waiting
java.lang.Thread.State: TIMED_WAITING
        at sun.misc.Unsafe.park(Native Method)
        at java.util.concurrent.locks.LockSupport.parkNanos(LockSupport.java:215)
        at java.util.concurrent.locks.AbstractQueuedSynchronizer$ConditionObject.awaitNanos(AbstractQueuedSynchronizer.java:2078)
        at org.apache.ratis.util.DataBlockingQueue.poll(DataBlockingQueue.java:148)
        at org.apache.ratis.server.raftlog.segmented.SegmentedRaftLogWorker.run(SegmentedRaftLogWorker.java:301)
        at org.apache.ratis.server.raftlog.segmented.SegmentedRaftLogWorker$$Lambda$612/521516682.run(Unknown Source)
        at java.lang.Thread.run(Thread.java:750)
"org.apache.ratis.util.JvmPauseMonitor$$Lambda$684/1307560138@74cfe83" daemon prio=5 tid=407 timed_waiting
java.lang.Thread.State: TIMED_WAITING
        at java.lang.Thread.sleep(Native Method)
        at java.lang.Thread.sleep(Thread.java:342)
        at java.util.concurrent.TimeUnit.sleep(TimeUnit.java:386)
        at org.apache.ratis.util.TimeDuration.sleep(TimeDuration.java:325)
        at org.apache.ratis.util.TimeDuration.sleep(TimeDuration.java:310)
        at org.apache.ratis.util.JvmPauseMonitor.detectPause(JvmPauseMonitor.java:117)
        at org.apache.ratis.util.JvmPauseMonitor.run(JvmPauseMonitor.java:106)
        at org.apache.ratis.util.JvmPauseMonitor$$Lambda$684/1307560138.run(Unknown Source)
        at java.lang.Thread.run(Thread.java:750)
"prometheus" daemon prio=5 tid=109 in Object.wait()
java.lang.Thread.State: WAITING (on object monitor)
        at java.lang.Object.wait(Native Method)
        at java.lang.Object.wait(Object.java:502)
        at org.apache.hadoop.metrics2.impl.SinkQueue.waitForData(SinkQueue.java:114)
        at org.apache.hadoop.metrics2.impl.SinkQueue.consumeAll(SinkQueue.java:83)
        at org.apache.hadoop.metrics2.impl.MetricsSinkAdapter.publishMetricsFromQueue(MetricsSinkAdapter.java:135)
        at org.apache.hadoop.metrics2.impl.MetricsSinkAdapter$1.run(MetricsSinkAdapter.java:89)
"ChunkWriter-1-0" daemon prio=5 tid=404 in Object.wait()
java.lang.Thread.State: WAITING (on object monitor)
        at sun.misc.Unsafe.park(Native Method)
        at java.util.concurrent.locks.LockSupport.park(LockSupport.java:175)
        at java.util.concurrent.locks.AbstractQueuedSynchronizer$ConditionObject.await(AbstractQueuedSynchronizer.java:2039)
        at java.util.concurrent.LinkedBlockingDeque.takeFirst(LinkedBlockingDeque.java:492)
        at java.util.concurrent.LinkedBlockingDeque.take(LinkedBlockingDeque.java:680)
        at java.util.concurrent.ThreadPoolExecutor.getTask(ThreadPoolExecutor.java:1074)
        at java.util.concurrent.ThreadPoolExecutor.runWorker(ThreadPoolExecutor.java:1134)
        at java.util.concurrent.ThreadPoolExecutor$Worker.run(ThreadPoolExecutor.java:624)
        at java.lang.Thread.run(Thread.java:750)
"org.apache.hadoop.util.JvmPauseMonitor$Monitor@64015780" daemon prio=5 tid=244 timed_waiting
java.lang.Thread.State: TIMED_WAITING
        at java.lang.Thread.sleep(Native Method)
        at org.apache.hadoop.util.JvmPauseMonitor$Monitor.run(JvmPauseMonitor.java:192)
        at java.lang.Thread.run(Thread.java:750)
"ChunkWriter-3-0" daemon prio=5 tid=406 in Object.wait()
java.lang.Thread.State: WAITING (on object monitor)
        at sun.misc.Unsafe.park(Native Method)
        at java.util.concurrent.locks.LockSupport.park(LockSupport.java:175)
        at java.util.concurrent.locks.AbstractQueuedSynchronizer$ConditionObject.await(AbstractQueuedSynchronizer.java:2039)
        at java.util.concurrent.LinkedBlockingDeque.takeFirst(LinkedBlockingDeque.java:492)
        at java.util.concurrent.LinkedBlockingDeque.take(LinkedBlockingDeque.java:680)
        at java.util.concurrent.ThreadPoolExecutor.getTask(ThreadPoolExecutor.java:1074)
        at java.util.concurrent.ThreadPoolExecutor.runWorker(ThreadPoolExecutor.java:1134)
        at java.util.concurrent.ThreadPoolExecutor$Worker.run(ThreadPoolExecutor.java:624)
        at java.lang.Thread.run(Thread.java:750)
"ChunkWriter-0-0" daemon prio=5 tid=479 in Object.wait()
java.lang.Thread.State: WAITING (on object monitor)
        at sun.misc.Unsafe.park(Native Method)
        at java.util.concurrent.locks.LockSupport.park(LockSupport.java:175)
        at java.util.concurrent.locks.AbstractQueuedSynchronizer$ConditionObject.await(AbstractQueuedSynchronizer.java:2039)
        at java.util.concurrent.LinkedBlockingDeque.takeFirst(LinkedBlockingDeque.java:492)
        at java.util.concurrent.LinkedBlockingDeque.take(LinkedBlockingDeque.java:680)
        at java.util.concurrent.ThreadPoolExecutor.getTask(ThreadPoolExecutor.java:1074)
        at java.util.concurrent.ThreadPoolExecutor.runWorker(ThreadPoolExecutor.java:1134)
        at java.util.concurrent.ThreadPoolExecutor$Worker.run(ThreadPoolExecutor.java:624)
        at java.lang.Thread.run(Thread.java:750)
"BlockDeletingService#2" daemon prio=5 tid=1030 in Object.wait()
java.lang.Thread.State: WAITING (on object monitor)
        at sun.misc.Unsafe.park(Native Method)
        at java.util.concurrent.locks.LockSupport.park(LockSupport.java:175)
        at java.util.concurrent.locks.AbstractQueuedSynchronizer$ConditionObject.await(AbstractQueuedSynchronizer.java:2039)
        at java.util.concurrent.ScheduledThreadPoolExecutor$DelayedWorkQueue.take(ScheduledThreadPoolExecutor.java:1088)
        at java.util.concurrent.ScheduledThreadPoolExecutor$DelayedWorkQueue.take(ScheduledThreadPoolExecutor.java:809)
        at java.util.concurrent.ThreadPoolExecutor.getTask(ThreadPoolExecutor.java:1074)
        at java.util.concurrent.ThreadPoolExecutor.runWorker(ThreadPoolExecutor.java:1134)
        at java.util.concurrent.ThreadPoolExecutor$Worker.run(ThreadPoolExecutor.java:624)
        at java.lang.Thread.run(Thread.java:750)
"DatanodeAdminManager-0" daemon prio=5 tid=21 timed_waiting
java.lang.Thread.State: TIMED_WAITING
        at sun.misc.Unsafe.park(Native Method)
        at java.util.concurrent.locks.LockSupport.parkNanos(LockSupport.java:215)
        at java.util.concurrent.locks.AbstractQueuedSynchronizer$ConditionObject.awaitNanos(AbstractQueuedSynchronizer.java:2078)
        at java.util.concurrent.ScheduledThreadPoolExecutor$DelayedWorkQueue.take(ScheduledThreadPoolExecutor.java:1093)
        at java.util.concurrent.ScheduledThreadPoolExecutor$DelayedWorkQueue.take(ScheduledThreadPoolExecutor.java:809)
        at java.util.concurrent.ThreadPoolExecutor.getTask(ThreadPoolExecutor.java:1074)
        at java.util.concurrent.ThreadPoolExecutor.runWorker(ThreadPoolExecutor.java:1134)
        at java.util.concurrent.ThreadPoolExecutor$Worker.run(ThreadPoolExecutor.java:624)
        at java.lang.Thread.run(Thread.java:750)
"Datanode State Machine Task Thread - 0"  prio=5 tid=362 in Object.wait()
java.lang.Thread.State: WAITING (on object monitor)
        at sun.misc.Unsafe.park(Native Method)
        at java.util.concurrent.locks.LockSupport.park(LockSupport.java:175)
        at java.util.concurrent.locks.AbstractQueuedSynchronizer$ConditionObject.await(AbstractQueuedSynchronizer.java:2039)
        at java.util.concurrent.LinkedBlockingQueue.take(LinkedBlockingQueue.java:442)
        at java.util.concurrent.ThreadPoolExecutor.getTask(ThreadPoolExecutor.java:1074)
        at java.util.concurrent.ThreadPoolExecutor.runWorker(ThreadPoolExecutor.java:1134)
        at java.util.concurrent.ThreadPoolExecutor$Worker.run(ThreadPoolExecutor.java:624)
        at java.lang.Thread.run(Thread.java:750)
"e247b98c-9a86-486e-b3b1-fa195c9418a4@group-DE1B8656D588-StateMachineUpdater" daemon prio=5 tid=564 timed_waiting
java.lang.Thread.State: TIMED_WAITING
        at sun.misc.Unsafe.park(Native Method)
        at java.util.concurrent.locks.LockSupport.parkNanos(LockSupport.java:215)
        at java.util.concurrent.CompletableFuture$Signaller.block(CompletableFuture.java:1709)
        at java.util.concurrent.ForkJoinPool.managedBlock(ForkJoinPool.java:3323)
        at java.util.concurrent.CompletableFuture.timedGet(CompletableFuture.java:1788)
        at java.util.concurrent.CompletableFuture.get(CompletableFuture.java:1928)
        at org.apache.ratis.util.AwaitForSignal.await(AwaitForSignal.java:56)
        at org.apache.ratis.server.impl.StateMachineUpdater.waitForCommit(StateMachineUpdater.java:207)
        at org.apache.ratis.server.impl.StateMachineUpdater.run(StateMachineUpdater.java:176)
        at java.lang.Thread.run(Thread.java:750)
"qtp1819159284-138" daemon prio=5 tid=138 timed_waiting
java.lang.Thread.State: TIMED_WAITING
        at sun.misc.Unsafe.park(Native Method)
        at java.util.concurrent.locks.LockSupport.parkNanos(LockSupport.java:215)
        at java.util.concurrent.locks.AbstractQueuedSynchronizer$ConditionObject.awaitNanos(AbstractQueuedSynchronizer.java:2078)
        at org.eclipse.jetty.util.BlockingArrayQueue.poll(BlockingArrayQueue.java:382)
        at org.eclipse.jetty.util.thread.QueuedThreadPool$Runner.idleJobPoll(QueuedThreadPool.java:974)
        at org.eclipse.jetty.util.thread.QueuedThreadPool$Runner.run(QueuedThreadPool.java:1018)
        at java.lang.Thread.run(Thread.java:750)
"qtp1535833708-346-acceptor-0@c69d45f-ServerConnector@51aa4484{HTTP/1.1, (http/1.1)}{0.0.0.0:37211}" daemon prio=3 tid=346 runnable
java.lang.Thread.State: RUNNABLE
        at sun.nio.ch.ServerSocketChannelImpl.accept0(Native Method)
        at sun.nio.ch.ServerSocketChannelImpl.accept(ServerSocketChannelImpl.java:421)
        at sun.nio.ch.ServerSocketChannelImpl.accept(ServerSocketChannelImpl.java:249)
        at org.eclipse.jetty.server.ServerConnector.accept(ServerConnector.java:388)
        at org.eclipse.jetty.server.AbstractConnector$Acceptor.run(AbstractConnector.java:702)
        at org.eclipse.jetty.util.thread.QueuedThreadPool.runJob(QueuedThreadPool.java:883)
        at org.eclipse.jetty.util.thread.QueuedThreadPool$Runner.run(QueuedThreadPool.java:1034)
        at java.lang.Thread.run(Thread.java:750)
"org.apache.hadoop.ozone.container.common.statemachine.commandhandler.DeleteBlocksCommandHandler$DeleteCmdWorker@4bc62244" daemon prio=5 tid=304 timed_waiting
java.lang.Thread.State: TIMED_WAITING
        at java.lang.Thread.sleep(Native Method)
        at org.apache.hadoop.ozone.container.common.statemachine.commandhandler.DeleteBlocksCommandHandler$DeleteCmdWorker.run(DeleteBlocksCommandHandler.java:183)
        at java.lang.Thread.run(Thread.java:750)
"PartialTableCache Cleanup Thread - 0" daemon prio=5 tid=778 in Object.wait()
java.lang.Thread.State: WAITING (on object monitor)
        at sun.misc.Unsafe.park(Native Method)
        at java.util.concurrent.locks.LockSupport.park(LockSupport.java:175)
        at java.util.concurrent.locks.AbstractQueuedSynchronizer$ConditionObject.await(AbstractQueuedSynchronizer.java:2039)
        at java.util.concurrent.LinkedBlockingQueue.take(LinkedBlockingQueue.java:442)
        at java.util.concurrent.ThreadPoolExecutor.getTask(ThreadPoolExecutor.java:1074)
        at java.util.concurrent.ThreadPoolExecutor.runWorker(ThreadPoolExecutor.java:1134)
        at java.util.concurrent.ThreadPoolExecutor$Worker.run(ThreadPoolExecutor.java:624)
        at java.lang.Thread.run(Thread.java:750)
"qtp1720328101-204" daemon prio=5 tid=204 timed_waiting
java.lang.Thread.State: TIMED_WAITING
        at sun.misc.Unsafe.park(Native Method)
        at java.util.concurrent.locks.LockSupport.parkNanos(LockSupport.java:215)
        at java.util.concurrent.locks.AbstractQueuedSynchronizer$ConditionObject.awaitNanos(AbstractQueuedSynchronizer.java:2078)
        at org.eclipse.jetty.util.BlockingArrayQueue.poll(BlockingArrayQueue.java:382)
        at org.eclipse.jetty.util.thread.QueuedThreadPool$Runner.idleJobPoll(QueuedThreadPool.java:974)
        at org.eclipse.jetty.util.thread.QueuedThreadPool$Runner.run(QueuedThreadPool.java:1018)
        at java.lang.Thread.run(Thread.java:750)
"IPC Server handler 6 on default port 41743" daemon prio=5 tid=150 timed_waiting
java.lang.Thread.State: TIMED_WAITING
        at sun.misc.Unsafe.park(Native Method)
        at java.util.concurrent.locks.LockSupport.parkNanos(LockSupport.java:215)
        at java.util.concurrent.locks.AbstractQueuedSynchronizer$ConditionObject.awaitNanos(AbstractQueuedSynchronizer.java:2078)
        at java.util.concurrent.LinkedBlockingQueue.poll(LinkedBlockingQueue.java:467)
        at org.apache.hadoop.ipc.CallQueueManager.take(CallQueueManager.java:317)
        at org.apache.hadoop.ipc.Server$Handler.run(Server.java:2942)
"264ccfc1-7403-435b-81c3-d1dfb4335e59@group-B319158F4DE0-StateMachineUpdater" daemon prio=5 tid=612 timed_waiting
java.lang.Thread.State: TIMED_WAITING
        at sun.misc.Unsafe.park(Native Method)
        at java.util.concurrent.locks.LockSupport.parkNanos(LockSupport.java:215)
        at java.util.concurrent.CompletableFuture$Signaller.block(CompletableFuture.java:1709)
        at java.util.concurrent.ForkJoinPool.managedBlock(ForkJoinPool.java:3323)
        at java.util.concurrent.CompletableFuture.timedGet(CompletableFuture.java:1788)
        at java.util.concurrent.CompletableFuture.get(CompletableFuture.java:1928)
        at org.apache.ratis.util.AwaitForSignal.await(AwaitForSignal.java:56)
        at org.apache.ratis.server.impl.StateMachineUpdater.waitForCommit(StateMachineUpdater.java:207)
        at org.apache.ratis.server.impl.StateMachineUpdater.run(StateMachineUpdater.java:176)
        at java.lang.Thread.run(Thread.java:750)
"Periodic HDDS volume checker" daemon prio=5 tid=446 timed_waiting
java.lang.Thread.State: TIMED_WAITING
        at sun.misc.Unsafe.park(Native Method)
        at java.util.concurrent.locks.LockSupport.parkNanos(LockSupport.java:215)
        at java.util.concurrent.locks.AbstractQueuedSynchronizer$ConditionObject.awaitNanos(AbstractQueuedSynchronizer.java:2078)
        at java.util.concurrent.ScheduledThreadPoolExecutor$DelayedWorkQueue.take(ScheduledThreadPoolExecutor.java:1093)
        at java.util.concurrent.ScheduledThreadPoolExecutor$DelayedWorkQueue.take(ScheduledThreadPoolExecutor.java:809)
        at java.util.concurrent.ThreadPoolExecutor.getTask(ThreadPoolExecutor.java:1074)
        at java.util.concurrent.ThreadPoolExecutor.runWorker(ThreadPoolExecutor.java:1134)
        at java.util.concurrent.ThreadPoolExecutor$Worker.run(ThreadPoolExecutor.java:624)
        at java.lang.Thread.run(Thread.java:750)
"pool-59-thread-1"  prio=5 tid=134 timed_waiting
java.lang.Thread.State: TIMED_WAITING
        at sun.misc.Unsafe.park(Native Method)
        at java.util.concurrent.locks.LockSupport.parkNanos(LockSupport.java:215)
        at java.util.concurrent.locks.AbstractQueuedSynchronizer$ConditionObject.awaitNanos(AbstractQueuedSynchronizer.java:2078)
        at java.util.concurrent.ScheduledThreadPoolExecutor$DelayedWorkQueue.take(ScheduledThreadPoolExecutor.java:1093)
        at java.util.concurrent.ScheduledThreadPoolExecutor$DelayedWorkQueue.take(ScheduledThreadPoolExecutor.java:809)
        at java.util.concurrent.ThreadPoolExecutor.getTask(ThreadPoolExecutor.java:1074)
        at java.util.concurrent.ThreadPoolExecutor.runWorker(ThreadPoolExecutor.java:1134)
        at java.util.concurrent.ThreadPoolExecutor$Worker.run(ThreadPoolExecutor.java:624)
        at java.lang.Thread.run(Thread.java:750)
"ChunkReader-ELG-0" daemon prio=5 tid=484 runnable
java.lang.Thread.State: RUNNABLE
        at org.apache.ratis.thirdparty.io.netty.channel.epoll.Native.epollWait0(Native Method)
        at org.apache.ratis.thirdparty.io.netty.channel.epoll.Native.epollWait(Native.java:177)
        at org.apache.ratis.thirdparty.io.netty.channel.epoll.EpollEventLoop.epollWait(EpollEventLoop.java:286)
        at org.apache.ratis.thirdparty.io.netty.channel.epoll.EpollEventLoop.run(EpollEventLoop.java:351)
        at org.apache.ratis.thirdparty.io.netty.util.concurrent.SingleThreadEventExecutor$4.run(SingleThreadEventExecutor.java:986)
        at org.apache.ratis.thirdparty.io.netty.util.internal.ThreadExecutorMap$2.run(ThreadExecutorMap.java:74)
        at java.lang.Thread.run(Thread.java:750)
"qtp193317890-310" daemon prio=5 tid=310 timed_waiting
java.lang.Thread.State: TIMED_WAITING
        at sun.misc.Unsafe.park(Native Method)
        at java.util.concurrent.locks.LockSupport.parkNanos(LockSupport.java:215)
        at java.util.concurrent.locks.AbstractQueuedSynchronizer$ConditionObject.awaitNanos(AbstractQueuedSynchronizer.java:2078)
        at org.eclipse.jetty.util.BlockingArrayQueue.poll(BlockingArrayQueue.java:382)
        at org.eclipse.jetty.util.thread.QueuedThreadPool$Runner.idleJobPoll(QueuedThreadPool.java:974)
        at org.eclipse.jetty.util.thread.QueuedThreadPool$Runner.run(QueuedThreadPool.java:1018)
        at java.lang.Thread.run(Thread.java:750)
"IPC Server handler 9 on default port 40181" daemon prio=5 tid=46 timed_waiting
java.lang.Thread.State: TIMED_WAITING
        at sun.misc.Unsafe.park(Native Method)
        at java.util.concurrent.locks.LockSupport.parkNanos(LockSupport.java:215)
        at java.util.concurrent.locks.AbstractQueuedSynchronizer$ConditionObject.awaitNanos(AbstractQueuedSynchronizer.java:2078)
        at java.util.concurrent.LinkedBlockingQueue.poll(LinkedBlockingQueue.java:467)
        at org.apache.hadoop.ipc.CallQueueManager.take(CallQueueManager.java:317)
        at org.apache.hadoop.ipc.Server$Handler.run(Server.java:2942)
"IPC Server handler 8 on default port 40181" daemon prio=5 tid=45 timed_waiting
java.lang.Thread.State: TIMED_WAITING
        at sun.misc.Unsafe.park(Native Method)
        at java.util.concurrent.locks.LockSupport.parkNanos(LockSupport.java:215)
        at java.util.concurrent.locks.AbstractQueuedSynchronizer$ConditionObject.awaitNanos(AbstractQueuedSynchronizer.java:2078)
        at java.util.concurrent.LinkedBlockingQueue.poll(LinkedBlockingQueue.java:467)
        at org.apache.hadoop.ipc.CallQueueManager.take(CallQueueManager.java:317)
        at org.apache.hadoop.ipc.Server$Handler.run(Server.java:2942)
"ChunkReader-0" daemon prio=5 tid=753 in Object.wait()
java.lang.Thread.State: WAITING (on object monitor)
        at sun.misc.Unsafe.park(Native Method)
        at java.util.concurrent.locks.LockSupport.park(LockSupport.java:175)
        at java.util.concurrent.locks.AbstractQueuedSynchronizer$ConditionObject.await(AbstractQueuedSynchronizer.java:2039)
        at java.util.concurrent.LinkedBlockingQueue.take(LinkedBlockingQueue.java:442)
        at java.util.concurrent.ThreadPoolExecutor.getTask(ThreadPoolExecutor.java:1074)
        at java.util.concurrent.ThreadPoolExecutor.runWorker(ThreadPoolExecutor.java:1134)
        at java.util.concurrent.ThreadPoolExecutor$Worker.run(ThreadPoolExecutor.java:624)
        at java.lang.Thread.run(Thread.java:750)
"Datanode ReportManager Thread - 1" daemon prio=5 tid=185 in Object.wait()
java.lang.Thread.State: WAITING (on object monitor)
        at sun.misc.Unsafe.park(Native Method)
        at java.util.concurrent.locks.LockSupport.park(LockSupport.java:175)
        at java.util.concurrent.locks.AbstractQueuedSynchronizer$ConditionObject.await(AbstractQueuedSynchronizer.java:2039)
        at java.util.concurrent.ScheduledThreadPoolExecutor$DelayedWorkQueue.take(ScheduledThreadPoolExecutor.java:1088)
        at java.util.concurrent.ScheduledThreadPoolExecutor$DelayedWorkQueue.take(ScheduledThreadPoolExecutor.java:809)
        at java.util.concurrent.ThreadPoolExecutor.getTask(ThreadPoolExecutor.java:1074)
        at java.util.concurrent.ThreadPoolExecutor.runWorker(ThreadPoolExecutor.java:1134)
        at java.util.concurrent.ThreadPoolExecutor$Worker.run(ThreadPoolExecutor.java:624)
        at java.lang.Thread.run(Thread.java:750)
"Datanode ReportManager Thread - 0" daemon prio=5 tid=431 in Object.wait()
java.lang.Thread.State: WAITING (on object monitor)
        at sun.misc.Unsafe.park(Native Method)
        at java.util.concurrent.locks.LockSupport.park(LockSupport.java:175)
        at java.util.concurrent.locks.AbstractQueuedSynchronizer$ConditionObject.await(AbstractQueuedSynchronizer.java:2039)
        at java.util.concurrent.ScheduledThreadPoolExecutor$DelayedWorkQueue.take(ScheduledThreadPoolExecutor.java:1088)
        at java.util.concurrent.ScheduledThreadPoolExecutor$DelayedWorkQueue.take(ScheduledThreadPoolExecutor.java:809)
        at java.util.concurrent.ThreadPoolExecutor.getTask(ThreadPoolExecutor.java:1074)
        at java.util.concurrent.ThreadPoolExecutor.runWorker(ThreadPoolExecutor.java:1134)
        at java.util.concurrent.ThreadPoolExecutor$Worker.run(ThreadPoolExecutor.java:624)
        at java.lang.Thread.run(Thread.java:750)
"EndpointStateMachine task thread for /0.0.0.0:35689 - 0 "  prio=5 tid=509 in Object.wait()
java.lang.Thread.State: WAITING (on object monitor)
        at sun.misc.Unsafe.park(Native Method)
        at java.util.concurrent.locks.LockSupport.park(LockSupport.java:175)
        at java.util.concurrent.locks.AbstractQueuedSynchronizer$ConditionObject.await(AbstractQueuedSynchronizer.java:2039)
        at java.util.concurrent.LinkedBlockingQueue.take(LinkedBlockingQueue.java:442)
        at java.util.concurrent.ThreadPoolExecutor.getTask(ThreadPoolExecutor.java:1074)
        at java.util.concurrent.ThreadPoolExecutor.runWorker(ThreadPoolExecutor.java:1134)
        at java.util.concurrent.ThreadPoolExecutor$Worker.run(ThreadPoolExecutor.java:624)
        at java.lang.Thread.run(Thread.java:750)
"IPC Server handler 16 on default port 35689" daemon prio=5 tid=93 timed_waiting
java.lang.Thread.State: TIMED_WAITING
        at sun.misc.Unsafe.park(Native Method)
        at java.util.concurrent.locks.LockSupport.parkNanos(LockSupport.java:215)
        at java.util.concurrent.locks.AbstractQueuedSynchronizer$ConditionObject.awaitNanos(AbstractQueuedSynchronizer.java:2078)
        at java.util.concurrent.LinkedBlockingQueue.poll(LinkedBlockingQueue.java:467)
        at org.apache.hadoop.ipc.CallQueueManager.take(CallQueueManager.java:317)
        at org.apache.hadoop.ipc.Server$Handler.run(Server.java:2942)
"StaleRecoveringContainerScrubbingService#2" daemon prio=5 tid=1006 in Object.wait()
java.lang.Thread.State: WAITING (on object monitor)
        at sun.misc.Unsafe.park(Native Method)
        at java.util.concurrent.locks.LockSupport.park(LockSupport.java:175)
        at java.util.concurrent.locks.AbstractQueuedSynchronizer$ConditionObject.await(AbstractQueuedSynchronizer.java:2039)
        at java.util.concurrent.ScheduledThreadPoolExecutor$DelayedWorkQueue.take(ScheduledThreadPoolExecutor.java:1088)
        at java.util.concurrent.ScheduledThreadPoolExecutor$DelayedWorkQueue.take(ScheduledThreadPoolExecutor.java:809)
        at java.util.concurrent.ThreadPoolExecutor.getTask(ThreadPoolExecutor.java:1074)
        at java.util.concurrent.ThreadPoolExecutor.runWorker(ThreadPoolExecutor.java:1134)
        at java.util.concurrent.ThreadPoolExecutor$Worker.run(ThreadPoolExecutor.java:624)
        at java.lang.Thread.run(Thread.java:750)
"IPC Server handler 7 on default port 35689" daemon prio=5 tid=84 timed_waiting
java.lang.Thread.State: TIMED_WAITING
        at sun.misc.Unsafe.park(Native Method)
        at java.util.concurrent.locks.LockSupport.parkNanos(LockSupport.java:215)
        at java.util.concurrent.locks.AbstractQueuedSynchronizer$ConditionObject.awaitNanos(AbstractQueuedSynchronizer.java:2078)
        at java.util.concurrent.LinkedBlockingQueue.poll(LinkedBlockingQueue.java:467)
        at org.apache.hadoop.ipc.CallQueueManager.take(CallQueueManager.java:317)
        at org.apache.hadoop.ipc.Server$Handler.run(Server.java:2942)
"IPC Client (411529129) connection to /0.0.0.0:35689 from runner" daemon prio=5 tid=317 timed_waiting
java.lang.Thread.State: TIMED_WAITING
        at java.lang.Object.wait(Native Method)
        at org.apache.hadoop.ipc.Client$Connection.waitForWork(Client.java:1086)
        at org.apache.hadoop.ipc.Client$Connection.run(Client.java:1133)
"264ccfc1-7403-435b-81c3-d1dfb4335e59@group-C5B5C94CEDB2-LeaderStateImpl" daemon prio=5 tid=698 timed_waiting
java.lang.Thread.State: TIMED_WAITING
        at sun.misc.Unsafe.park(Native Method)
        at java.util.concurrent.locks.LockSupport.parkNanos(LockSupport.java:215)
        at java.util.concurrent.locks.AbstractQueuedSynchronizer$ConditionObject.awaitNanos(AbstractQueuedSynchronizer.java:2078)
        at java.util.concurrent.ArrayBlockingQueue.poll(ArrayBlockingQueue.java:418)
        at org.apache.ratis.server.impl.LeaderStateImpl$EventQueue.poll(LeaderStateImpl.java:159)
        at org.apache.ratis.server.impl.LeaderStateImpl$EventProcessor.run(LeaderStateImpl.java:630)
"pool-72-thread-1"  prio=5 tid=561 in Object.wait()
java.lang.Thread.State: WAITING (on object monitor)
        at sun.misc.Unsafe.park(Native Method)
        at java.util.concurrent.locks.LockSupport.park(LockSupport.java:175)
        at java.util.concurrent.locks.AbstractQueuedSynchronizer$ConditionObject.await(AbstractQueuedSynchronizer.java:2039)
        at java.util.concurrent.LinkedBlockingQueue.take(LinkedBlockingQueue.java:442)
        at java.util.concurrent.ThreadPoolExecutor.getTask(ThreadPoolExecutor.java:1074)
        at java.util.concurrent.ThreadPoolExecutor.runWorker(ThreadPoolExecutor.java:1134)
        at java.util.concurrent.ThreadPoolExecutor$Worker.run(ThreadPoolExecutor.java:624)
        at java.lang.Thread.run(Thread.java:750)
"ChunkWriter-3-0" daemon prio=5 tid=501 in Object.wait()
java.lang.Thread.State: WAITING (on object monitor)
        at sun.misc.Unsafe.park(Native Method)
        at java.util.concurrent.locks.LockSupport.park(LockSupport.java:175)
        at java.util.concurrent.locks.AbstractQueuedSynchronizer$ConditionObject.await(AbstractQueuedSynchronizer.java:2039)
        at java.util.concurrent.LinkedBlockingDeque.takeFirst(LinkedBlockingDeque.java:492)
        at java.util.concurrent.LinkedBlockingDeque.take(LinkedBlockingDeque.java:680)
        at java.util.concurrent.ThreadPoolExecutor.getTask(ThreadPoolExecutor.java:1074)
        at java.util.concurrent.ThreadPoolExecutor.runWorker(ThreadPoolExecutor.java:1134)
        at java.util.concurrent.ThreadPoolExecutor$Worker.run(ThreadPoolExecutor.java:624)
        at java.lang.Thread.run(Thread.java:750)
"qtp823415723-103" daemon prio=5 tid=103 timed_waiting
java.lang.Thread.State: TIMED_WAITING
        at sun.misc.Unsafe.park(Native Method)
        at java.util.concurrent.locks.LockSupport.parkNanos(LockSupport.java:215)
        at java.util.concurrent.locks.AbstractQueuedSynchronizer$ConditionObject.awaitNanos(AbstractQueuedSynchronizer.java:2078)
        at org.eclipse.jetty.util.BlockingArrayQueue.poll(BlockingArrayQueue.java:382)
        at org.eclipse.jetty.util.thread.QueuedThreadPool$Runner.idleJobPoll(QueuedThreadPool.java:974)
        at org.eclipse.jetty.util.thread.QueuedThreadPool$Runner.run(QueuedThreadPool.java:1018)
        at java.lang.Thread.run(Thread.java:750)
"Datanode State Machine Task Thread - 0"  prio=5 tid=191 in Object.wait()
java.lang.Thread.State: WAITING (on object monitor)
        at sun.misc.Unsafe.park(Native Method)
        at java.util.concurrent.locks.LockSupport.park(LockSupport.java:175)
        at java.util.concurrent.locks.AbstractQueuedSynchronizer$ConditionObject.await(AbstractQueuedSynchronizer.java:2039)
        at java.util.concurrent.LinkedBlockingQueue.take(LinkedBlockingQueue.java:442)
        at java.util.concurrent.ThreadPoolExecutor.getTask(ThreadPoolExecutor.java:1074)
        at java.util.concurrent.ThreadPoolExecutor.runWorker(ThreadPoolExecutor.java:1134)
        at java.util.concurrent.ThreadPoolExecutor$Worker.run(ThreadPoolExecutor.java:624)
        at java.lang.Thread.run(Thread.java:750)
"FullTableCache Cleanup Thread - 0" daemon prio=5 tid=727 in Object.wait()
java.lang.Thread.State: WAITING (on object monitor)
        at sun.misc.Unsafe.park(Native Method)
        at java.util.concurrent.locks.LockSupport.park(LockSupport.java:175)
        at java.util.concurrent.locks.AbstractQueuedSynchronizer$ConditionObject.await(AbstractQueuedSynchronizer.java:2039)
        at java.util.concurrent.LinkedBlockingQueue.take(LinkedBlockingQueue.java:442)
        at java.util.concurrent.ThreadPoolExecutor.getTask(ThreadPoolExecutor.java:1074)
        at java.util.concurrent.ThreadPoolExecutor.runWorker(ThreadPoolExecutor.java:1134)
        at java.util.concurrent.ThreadPoolExecutor$Worker.run(ThreadPoolExecutor.java:624)
        at java.lang.Thread.run(Thread.java:750)
"Listener at 127.0.0.1/41743"  prio=5 tid=1 runnable
java.lang.Thread.State: RUNNABLE
        at java.lang.Thread.dumpThreads(Native Method)
        at java.lang.Thread.getAllStackTraces(Thread.java:1615)
        at org.apache.ozone.test.TimedOutTestsListener.buildThreadDump(TimedOutTestsListener.java:93)
        at org.apache.ozone.test.TimedOutTestsListener.buildThreadDiagnosticString(TimedOutTestsListener.java:79)
        at org.apache.ozone.test.GenericTestUtils.waitFor(GenericTestUtils.java:224)
        at org.apache.hadoop.ozone.container.TestECContainerRecovery.waitForContainerCount(TestECContainerRecovery.java:265)
        at org.apache.hadoop.ozone.container.TestECContainerRecovery.testContainerRecoveryOverReplicationProcessing(TestECContainerRecovery.java:209)
        at sun.reflect.NativeMethodAccessorImpl.invoke0(Native Method)
        at sun.reflect.NativeMethodAccessorImpl.invoke(NativeMethodAccessorImpl.java:62)
        at sun.reflect.DelegatingMethodAccessorImpl.invoke(DelegatingMethodAccessorImpl.java:43)
        at java.lang.reflect.Method.invoke(Method.java:498)
        at org.junit.platform.commons.util.ReflectionUtils.invokeMethod(ReflectionUtils.java:725)
        at org.junit.jupiter.engine.execution.MethodInvocation.proceed(MethodInvocation.java:60)
        at org.junit.jupiter.engine.execution.InvocationInterceptorChain$ValidatingInvocation.proceed(InvocationInterceptorChain.java:131)
        at org.junit.jupiter.engine.extension.TimeoutExtension.intercept(TimeoutExtension.java:149)
        at org.junit.jupiter.engine.extension.TimeoutExtension.interceptTestableMethod(TimeoutExtension.java:140)
        at org.junit.jupiter.engine.extension.TimeoutExtension.interceptTestMethod(TimeoutExtension.java:84)
        at org.junit.jupiter.engine.descriptor.TestMethodTestDescriptor$$Lambda$158/977552154.apply(Unknown Source)
        at org.junit.jupiter.engine.execution.ExecutableInvoker$ReflectiveInterceptorCall.lambda$ofVoidMethod$0(ExecutableInvoker.java:115)
        at org.junit.jupiter.engine.execution.ExecutableInvoker$ReflectiveInterceptorCall$$Lambda$159/1208203046.apply(Unknown Source)
        at org.junit.jupiter.engine.execution.ExecutableInvoker.lambda$invoke$0(ExecutableInvoker.java:105)
        at org.junit.jupiter.engine.execution.ExecutableInvoker$$Lambda$314/41489123.apply(Unknown Source)
        at org.junit.jupiter.engine.execution.InvocationInterceptorChain$InterceptedInvocation.proceed(InvocationInterceptorChain.java:106)
        at org.junit.jupiter.engine.execution.InvocationInterceptorChain.proceed(InvocationInterceptorChain.java:64)
        at org.junit.jupiter.engine.execution.InvocationInterceptorChain.chainAndInvoke(InvocationInterceptorChain.java:45)
        at org.junit.jupiter.engine.execution.InvocationInterceptorChain.invoke(InvocationInterceptorChain.java:37)
        at org.junit.jupiter.engine.execution.ExecutableInvoker.invoke(ExecutableInvoker.java:104)
        at org.junit.jupiter.engine.execution.ExecutableInvoker.invoke(ExecutableInvoker.java:98)
        at org.junit.jupiter.engine.descriptor.TestMethodTestDescriptor.lambda$invokeTestMethod$7(TestMethodTestDescriptor.java:214)
        at org.junit.jupiter.engine.descriptor.TestMethodTestDescriptor$$Lambda$1143/1165539531.execute(Unknown Source)
        at org.junit.platform.engine.support.hierarchical.ThrowableCollector.execute(ThrowableCollector.java:73)
        at org.junit.jupiter.engine.descriptor.TestMethodTestDescriptor.invokeTestMethod(TestMethodTestDescriptor.java:210)
        at org.junit.jupiter.engine.descriptor.TestMethodTestDescriptor.execute(TestMethodTestDescriptor.java:135)
        at org.junit.jupiter.engine.descriptor.TestMethodTestDescriptor.execute(TestMethodTestDescriptor.java:66)
        at org.junit.platform.engine.support.hierarchical.NodeTestTask.lambda$executeRecursively$6(NodeTestTask.java:151)
        at org.junit.platform.engine.support.hierarchical.NodeTestTask$$Lambda$258/352367347.execute(Unknown Source)
        at org.junit.platform.engine.support.hierarchical.ThrowableCollector.execute(ThrowableCollector.java:73)
        at org.junit.platform.engine.support.hierarchical.NodeTestTask.lambda$executeRecursively$8(NodeTestTask.java:141)
        at org.junit.platform.engine.support.hierarchical.NodeTestTask$$Lambda$257/684566052.invoke(Unknown Source)
        at org.junit.platform.engine.support.hierarchical.Node.around(Node.java:137)
        at org.junit.platform.engine.support.hierarchical.NodeTestTask.lambda$executeRecursively$9(NodeTestTask.java:139)
        at org.junit.platform.engine.support.hierarchical.NodeTestTask$$Lambda$256/1396721535.execute(Unknown Source)
        at org.junit.platform.engine.support.hierarchical.ThrowableCollector.execute(ThrowableCollector.java:73)
        at org.junit.platform.engine.support.hierarchical.NodeTestTask.executeRecursively(NodeTestTask.java:138)
        at org.junit.platform.engine.support.hierarchical.NodeTestTask.execute(NodeTestTask.java:95)
        at org.junit.platform.engine.support.hierarchical.SameThreadHierarchicalTestExecutorService$$Lambda$262/1383519982.accept(Unknown Source)
        at java.util.ArrayList.forEach(ArrayList.java:1259)
        at org.junit.platform.engine.support.hierarchical.SameThreadHierarchicalTestExecutorService.invokeAll(SameThreadHierarchicalTestExecutorService.java:41)
        at org.junit.platform.engine.support.hierarchical.NodeTestTask.lambda$executeRecursively$6(NodeTestTask.java:155)
        at org.junit.platform.engine.support.hierarchical.NodeTestTask$$Lambda$258/352367347.execute(Unknown Source)
        at org.junit.platform.engine.support.hierarchical.ThrowableCollector.execute(ThrowableCollector.java:73)
        at org.junit.platform.engine.support.hierarchical.NodeTestTask.lambda$executeRecursively$8(NodeTestTask.java:141)
        at org.junit.platform.engine.support.hierarchical.NodeTestTask$$Lambda$257/684566052.invoke(Unknown Source)
        at org.junit.platform.engine.support.hierarchical.Node.around(Node.java:137)
        at org.junit.platform.engine.support.hierarchical.NodeTestTask.lambda$executeRecursively$9(NodeTestTask.java:139)
        at org.junit.platform.engine.support.hierarchical.NodeTestTask$$Lambda$256/1396721535.execute(Unknown Source)
        at org.junit.platform.engine.support.hierarchical.ThrowableCollector.execute(ThrowableCollector.java:73)
        at org.junit.platform.engine.support.hierarchical.NodeTestTask.executeRecursively(NodeTestTask.java:138)
        at org.junit.platform.engine.support.hierarchical.NodeTestTask.execute(NodeTestTask.java:95)
        at org.junit.platform.engine.support.hierarchical.SameThreadHierarchicalTestExecutorService$$Lambda$262/1383519982.accept(Unknown Source)
        at java.util.ArrayList.forEach(ArrayList.java:1259)
        at org.junit.platform.engine.support.hierarchical.SameThreadHierarchicalTestExecutorService.invokeAll(SameThreadHierarchicalTestExecutorService.java:41)
        at org.junit.platform.engine.support.hierarchical.NodeTestTask.lambda$executeRecursively$6(NodeTestTask.java:155)
        at org.junit.platform.engine.support.hierarchical.NodeTestTask$$Lambda$258/352367347.execute(Unknown Source)
        at org.junit.platform.engine.support.hierarchical.ThrowableCollector.execute(ThrowableCollector.java:73)
        at org.junit.platform.engine.support.hierarchical.NodeTestTask.lambda$executeRecursively$8(NodeTestTask.java:141)
        at org.junit.platform.engine.support.hierarchical.NodeTestTask$$Lambda$257/684566052.invoke(Unknown Source)
        at org.junit.platform.engine.support.hierarchical.Node.around(Node.java:137)
        at org.junit.platform.engine.support.hierarchical.NodeTestTask.lambda$executeRecursively$9(NodeTestTask.java:139)
        at org.junit.platform.engine.support.hierarchical.NodeTestTask$$Lambda$256/1396721535.execute(Unknown Source)
        at org.junit.platform.engine.support.hierarchical.ThrowableCollector.execute(ThrowableCollector.java:73)
        at org.junit.platform.engine.support.hierarchical.NodeTestTask.executeRecursively(NodeTestTask.java:138)
        at org.junit.platform.engine.support.hierarchical.NodeTestTask.execute(NodeTestTask.java:95)
        at org.junit.platform.engine.support.hierarchical.SameThreadHierarchicalTestExecutorService.submit(SameThreadHierarchicalTestExecutorService.java:35)
        at org.junit.platform.engine.support.hierarchical.HierarchicalTestExecutor.execute(HierarchicalTestExecutor.java:57)
        at org.junit.platform.engine.support.hierarchical.HierarchicalTestEngine.execute(HierarchicalTestEngine.java:54)
        at org.junit.platform.launcher.core.EngineExecutionOrchestrator.execute(EngineExecutionOrchestrator.java:107)
        at org.junit.platform.launcher.core.EngineExecutionOrchestrator.execute(EngineExecutionOrchestrator.java:88)
        at org.junit.platform.launcher.core.EngineExecutionOrchestrator.lambda$execute$0(EngineExecutionOrchestrator.java:54)
        at org.junit.platform.launcher.core.EngineExecutionOrchestrator$$Lambda$214/1208442275.accept(Unknown Source)
        at org.junit.platform.launcher.core.EngineExecutionOrchestrator.withInterceptedStreams(EngineExecutionOrchestrator.java:67)
        at org.junit.platform.launcher.core.EngineExecutionOrchestrator.execute(EngineExecutionOrchestrator.java:52)
        at org.junit.platform.launcher.core.DefaultLauncher.execute(DefaultLauncher.java:114)
        at org.junit.platform.launcher.core.DefaultLauncher.execute(DefaultLauncher.java:86)
        at org.junit.platform.launcher.core.DefaultLauncherSession$DelegatingLauncher.execute(DefaultLauncherSession.java:86)
        at org.junit.platform.launcher.core.SessionPerRequestLauncher.execute(SessionPerRequestLauncher.java:53)
        at org.apache.maven.surefire.junitplatform.JUnitPlatformProvider.execute(JUnitPlatformProvider.java:188)
        at org.apache.maven.surefire.junitplatform.JUnitPlatformProvider.invokeAllTests(JUnitPlatformProvider.java:154)
        at org.apache.maven.surefire.junitplatform.JUnitPlatformProvider.invoke(JUnitPlatformProvider.java:124)
        at org.apache.maven.surefire.booter.ForkedBooter.runSuitesInProcess(ForkedBooter.java:428)
        at org.apache.maven.surefire.booter.ForkedBooter.execute(ForkedBooter.java:162)
        at org.apache.maven.surefire.booter.ForkedBooter.run(ForkedBooter.java:562)
        at org.apache.maven.surefire.booter.ForkedBooter.main(ForkedBooter.java:548)
"8b5383b3-e7bf-4722-baeb-dd5c06b347e3@group-D4EED27C3F9C-StateMachineUpdater" daemon prio=5 tid=574 timed_waiting
java.lang.Thread.State: TIMED_WAITING
        at sun.misc.Unsafe.park(Native Method)
        at java.util.concurrent.locks.LockSupport.parkNanos(LockSupport.java:215)
        at java.util.concurrent.CompletableFuture$Signaller.block(CompletableFuture.java:1709)
        at java.util.concurrent.ForkJoinPool.managedBlock(ForkJoinPool.java:3323)
        at java.util.concurrent.CompletableFuture.timedGet(CompletableFuture.java:1788)
        at java.util.concurrent.CompletableFuture.get(CompletableFuture.java:1928)
        at org.apache.ratis.util.AwaitForSignal.await(AwaitForSignal.java:56)
        at org.apache.ratis.server.impl.StateMachineUpdater.waitForCommit(StateMachineUpdater.java:207)
        at org.apache.ratis.server.impl.StateMachineUpdater.run(StateMachineUpdater.java:176)
        at java.lang.Thread.run(Thread.java:750)
"IPC Server handler 4 on default port 35689" daemon prio=5 tid=81 timed_waiting
java.lang.Thread.State: TIMED_WAITING
        at sun.misc.Unsafe.park(Native Method)
        at java.util.concurrent.locks.LockSupport.parkNanos(LockSupport.java:215)
        at java.util.concurrent.locks.AbstractQueuedSynchronizer$ConditionObject.awaitNanos(AbstractQueuedSynchronizer.java:2078)
        at java.util.concurrent.LinkedBlockingQueue.poll(LinkedBlockingQueue.java:467)
        at org.apache.hadoop.ipc.CallQueueManager.take(CallQueueManager.java:317)
        at org.apache.hadoop.ipc.Server$Handler.run(Server.java:2942)
"Datanode State Machine Daemon Thread" daemon prio=5 tid=318 timed_waiting
java.lang.Thread.State: TIMED_WAITING
        at java.lang.Thread.sleep(Native Method)
        at org.apache.hadoop.ozone.container.common.statemachine.DatanodeStateMachine.startStateMachineThread(DatanodeStateMachine.java:313)
        at org.apache.hadoop.ozone.container.common.statemachine.DatanodeStateMachine.lambda$startDaemon$0(DatanodeStateMachine.java:493)
        at org.apache.hadoop.ozone.container.common.statemachine.DatanodeStateMachine$$Lambda$727/1819651816.run(Unknown Source)
        at java.lang.Thread.run(Thread.java:750)
"BlockDeletingService#0" daemon prio=5 tid=542 in Object.wait()
java.lang.Thread.State: WAITING (on object monitor)
        at sun.misc.Unsafe.park(Native Method)
        at java.util.concurrent.locks.LockSupport.park(LockSupport.java:175)
        at java.util.concurrent.locks.AbstractQueuedSynchronizer$ConditionObject.await(AbstractQueuedSynchronizer.java:2039)
        at java.util.concurrent.ScheduledThreadPoolExecutor$DelayedWorkQueue.take(ScheduledThreadPoolExecutor.java:1088)
        at java.util.concurrent.ScheduledThreadPoolExecutor$DelayedWorkQueue.take(ScheduledThreadPoolExecutor.java:809)
        at java.util.concurrent.ThreadPoolExecutor.getTask(ThreadPoolExecutor.java:1074)
        at java.util.concurrent.ThreadPoolExecutor.runWorker(ThreadPoolExecutor.java:1134)
        at java.util.concurrent.ThreadPoolExecutor$Worker.run(ThreadPoolExecutor.java:624)
        at java.lang.Thread.run(Thread.java:750)
"IPC Server handler 15 on default port 40181" daemon prio=5 tid=52 timed_waiting
java.lang.Thread.State: TIMED_WAITING
        at sun.misc.Unsafe.park(Native Method)
        at java.util.concurrent.locks.LockSupport.parkNanos(LockSupport.java:215)
        at java.util.concurrent.locks.AbstractQueuedSynchronizer$ConditionObject.awaitNanos(AbstractQueuedSynchronizer.java:2078)
        at java.util.concurrent.LinkedBlockingQueue.poll(LinkedBlockingQueue.java:467)
        at org.apache.hadoop.ipc.CallQueueManager.take(CallQueueManager.java:317)
        at org.apache.hadoop.ipc.Server$Handler.run(Server.java:2942)
"Datanode ReportManager Thread - 2" daemon prio=5 tid=433 in Object.wait()
java.lang.Thread.State: WAITING (on object monitor)
        at sun.misc.Unsafe.park(Native Method)
        at java.util.concurrent.locks.LockSupport.park(LockSupport.java:175)
        at java.util.concurrent.locks.AbstractQueuedSynchronizer$ConditionObject.await(AbstractQueuedSynchronizer.java:2039)
        at java.util.concurrent.ScheduledThreadPoolExecutor$DelayedWorkQueue.take(ScheduledThreadPoolExecutor.java:1088)
        at java.util.concurrent.ScheduledThreadPoolExecutor$DelayedWorkQueue.take(ScheduledThreadPoolExecutor.java:809)
        at java.util.concurrent.ThreadPoolExecutor.getTask(ThreadPoolExecutor.java:1074)
        at java.util.concurrent.ThreadPoolExecutor.runWorker(ThreadPoolExecutor.java:1134)
        at java.util.concurrent.ThreadPoolExecutor$Worker.run(ThreadPoolExecutor.java:624)
        at java.lang.Thread.run(Thread.java:750)
"grpc-default-executor-3" daemon prio=5 tid=771 timed_waiting
java.lang.Thread.State: TIMED_WAITING
        at sun.misc.Unsafe.park(Native Method)
        at java.util.concurrent.locks.LockSupport.parkNanos(LockSupport.java:215)
        at java.util.concurrent.SynchronousQueue$TransferStack.awaitFulfill(SynchronousQueue.java:460)
        at java.util.concurrent.SynchronousQueue$TransferStack.transfer(SynchronousQueue.java:362)
        at java.util.concurrent.SynchronousQueue.poll(SynchronousQueue.java:941)
        at java.util.concurrent.ThreadPoolExecutor.getTask(ThreadPoolExecutor.java:1073)
        at java.util.concurrent.ThreadPoolExecutor.runWorker(ThreadPoolExecutor.java:1134)
        at java.util.concurrent.ThreadPoolExecutor$Worker.run(ThreadPoolExecutor.java:624)
        at java.lang.Thread.run(Thread.java:750)
"ChunkReader-ELG-0" daemon prio=5 tid=408 runnable
java.lang.Thread.State: RUNNABLE
        at org.apache.ratis.thirdparty.io.netty.channel.epoll.Native.epollWait0(Native Method)
        at org.apache.ratis.thirdparty.io.netty.channel.epoll.Native.epollWait(Native.java:177)
        at org.apache.ratis.thirdparty.io.netty.channel.epoll.EpollEventLoop.epollWait(EpollEventLoop.java:286)
        at org.apache.ratis.thirdparty.io.netty.channel.epoll.EpollEventLoop.run(EpollEventLoop.java:351)
        at org.apache.ratis.thirdparty.io.netty.util.concurrent.SingleThreadEventExecutor$4.run(SingleThreadEventExecutor.java:986)
        at org.apache.ratis.thirdparty.io.netty.util.internal.ThreadExecutorMap$2.run(ThreadExecutorMap.java:74)
        at java.lang.Thread.run(Thread.java:750)
"Periodic HDDS volume checker" daemon prio=5 tid=221 timed_waiting
java.lang.Thread.State: TIMED_WAITING
        at sun.misc.Unsafe.park(Native Method)
        at java.util.concurrent.locks.LockSupport.parkNanos(LockSupport.java:215)
        at java.util.concurrent.locks.AbstractQueuedSynchronizer$ConditionObject.awaitNanos(AbstractQueuedSynchronizer.java:2078)
        at java.util.concurrent.ScheduledThreadPoolExecutor$DelayedWorkQueue.take(ScheduledThreadPoolExecutor.java:1093)
        at java.util.concurrent.ScheduledThreadPoolExecutor$DelayedWorkQueue.take(ScheduledThreadPoolExecutor.java:809)
        at java.util.concurrent.ThreadPoolExecutor.getTask(ThreadPoolExecutor.java:1074)
        at java.util.concurrent.ThreadPoolExecutor.runWorker(ThreadPoolExecutor.java:1134)
        at java.util.concurrent.ThreadPoolExecutor$Worker.run(ThreadPoolExecutor.java:624)
        at java.lang.Thread.run(Thread.java:750)
"BlockDeletingService#0" daemon prio=5 tid=485 in Object.wait()
java.lang.Thread.State: WAITING (on object monitor)
        at sun.misc.Unsafe.park(Native Method)
        at java.util.concurrent.locks.LockSupport.park(LockSupport.java:175)
        at java.util.concurrent.locks.AbstractQueuedSynchronizer$ConditionObject.await(AbstractQueuedSynchronizer.java:2039)
        at java.util.concurrent.ScheduledThreadPoolExecutor$DelayedWorkQueue.take(ScheduledThreadPoolExecutor.java:1088)
        at java.util.concurrent.ScheduledThreadPoolExecutor$DelayedWorkQueue.take(ScheduledThreadPoolExecutor.java:809)
        at java.util.concurrent.ThreadPoolExecutor.getTask(ThreadPoolExecutor.java:1074)
        at java.util.concurrent.ThreadPoolExecutor.runWorker(ThreadPoolExecutor.java:1134)
        at java.util.concurrent.ThreadPoolExecutor$Worker.run(ThreadPoolExecutor.java:624)
        at java.lang.Thread.run(Thread.java:750)
"pool-268-thread-1"  prio=5 tid=653 in Object.wait()
java.lang.Thread.State: WAITING (on object monitor)
        at sun.misc.Unsafe.park(Native Method)
        at java.util.concurrent.locks.LockSupport.park(LockSupport.java:175)
        at java.util.concurrent.locks.AbstractQueuedSynchronizer$ConditionObject.await(AbstractQueuedSynchronizer.java:2039)
        at java.util.concurrent.LinkedBlockingQueue.take(LinkedBlockingQueue.java:442)
        at java.util.concurrent.ThreadPoolExecutor.getTask(ThreadPoolExecutor.java:1074)
        at java.util.concurrent.ThreadPoolExecutor.runWorker(ThreadPoolExecutor.java:1134)
        at java.util.concurrent.ThreadPoolExecutor$Worker.run(ThreadPoolExecutor.java:624)
        at java.lang.Thread.run(Thread.java:750)
"OpenKeyCleanupService#0" daemon prio=5 tid=133 timed_waiting
java.lang.Thread.State: TIMED_WAITING
        at sun.misc.Unsafe.park(Native Method)
        at java.util.concurrent.locks.LockSupport.parkNanos(LockSupport.java:215)
        at java.util.concurrent.locks.AbstractQueuedSynchronizer$ConditionObject.awaitNanos(AbstractQueuedSynchronizer.java:2078)
        at java.util.concurrent.ScheduledThreadPoolExecutor$DelayedWorkQueue.take(ScheduledThreadPoolExecutor.java:1093)
        at java.util.concurrent.ScheduledThreadPoolExecutor$DelayedWorkQueue.take(ScheduledThreadPoolExecutor.java:809)
        at java.util.concurrent.ThreadPoolExecutor.getTask(ThreadPoolExecutor.java:1074)
        at java.util.concurrent.ThreadPoolExecutor.runWorker(ThreadPoolExecutor.java:1134)
        at java.util.concurrent.ThreadPoolExecutor$Worker.run(ThreadPoolExecutor.java:624)
        at java.lang.Thread.run(Thread.java:750)
"qtp1819159284-139" daemon prio=5 tid=139 timed_waiting
java.lang.Thread.State: TIMED_WAITING
        at sun.misc.Unsafe.park(Native Method)
        at java.util.concurrent.locks.LockSupport.parkNanos(LockSupport.java:215)
        at java.util.concurrent.locks.AbstractQueuedSynchronizer$ConditionObject.awaitNanos(AbstractQueuedSynchronizer.java:2078)
        at org.eclipse.jetty.util.BlockingArrayQueue.poll(BlockingArrayQueue.java:382)
        at org.eclipse.jetty.util.thread.QueuedThreadPool$Runner.idleJobPoll(QueuedThreadPool.java:974)
        at org.eclipse.jetty.util.thread.QueuedThreadPool$Runner.run(QueuedThreadPool.java:1018)
        at java.lang.Thread.run(Thread.java:750)
"IPC Server handler 14 on default port 41743" daemon prio=5 tid=158 timed_waiting
java.lang.Thread.State: TIMED_WAITING
        at sun.misc.Unsafe.park(Native Method)
        at java.util.concurrent.locks.LockSupport.parkNanos(LockSupport.java:215)
        at java.util.concurrent.locks.AbstractQueuedSynchronizer$ConditionObject.awaitNanos(AbstractQueuedSynchronizer.java:2078)
        at java.util.concurrent.LinkedBlockingQueue.poll(LinkedBlockingQueue.java:467)
        at org.apache.hadoop.ipc.CallQueueManager.take(CallQueueManager.java:317)
        at org.apache.hadoop.ipc.Server$Handler.run(Server.java:2942)
"org.apache.hadoop.util.JvmPauseMonitor$Monitor@4a8314da" daemon prio=5 tid=190 timed_waiting
java.lang.Thread.State: TIMED_WAITING
        at java.lang.Thread.sleep(Native Method)
        at org.apache.hadoop.util.JvmPauseMonitor$Monitor.run(JvmPauseMonitor.java:192)
        at java.lang.Thread.run(Thread.java:750)
"IPC Server handler 2 on default port 40181" daemon prio=5 tid=39 timed_waiting
java.lang.Thread.State: TIMED_WAITING
        at sun.misc.Unsafe.park(Native Method)
        at java.util.concurrent.locks.LockSupport.parkNanos(LockSupport.java:215)
        at java.util.concurrent.locks.AbstractQueuedSynchronizer$ConditionObject.awaitNanos(AbstractQueuedSynchronizer.java:2078)
        at java.util.concurrent.LinkedBlockingQueue.poll(LinkedBlockingQueue.java:467)
        at org.apache.hadoop.ipc.CallQueueManager.take(CallQueueManager.java:317)
        at org.apache.hadoop.ipc.Server$Handler.run(Server.java:2942)
"pool-31-thread-1"  prio=5 tid=99 timed_waiting
java.lang.Thread.State: TIMED_WAITING
        at sun.misc.Unsafe.park(Native Method)
        at java.util.concurrent.locks.LockSupport.parkNanos(LockSupport.java:215)
        at java.util.concurrent.locks.AbstractQueuedSynchronizer$ConditionObject.awaitNanos(AbstractQueuedSynchronizer.java:2078)
        at java.util.concurrent.ScheduledThreadPoolExecutor$DelayedWorkQueue.take(ScheduledThreadPoolExecutor.java:1093)
        at java.util.concurrent.ScheduledThreadPoolExecutor$DelayedWorkQueue.take(ScheduledThreadPoolExecutor.java:809)
        at java.util.concurrent.ThreadPoolExecutor.getTask(ThreadPoolExecutor.java:1074)
        at java.util.concurrent.ThreadPoolExecutor.runWorker(ThreadPoolExecutor.java:1134)
        at java.util.concurrent.ThreadPoolExecutor$Worker.run(ThreadPoolExecutor.java:624)
        at java.lang.Thread.run(Thread.java:750)
"IPC Server handler 16 on default port 41743" daemon prio=5 tid=160 timed_waiting
java.lang.Thread.State: TIMED_WAITING
        at sun.misc.Unsafe.park(Native Method)
        at java.util.concurrent.locks.LockSupport.parkNanos(LockSupport.java:215)
        at java.util.concurrent.locks.AbstractQueuedSynchronizer$ConditionObject.awaitNanos(AbstractQueuedSynchronizer.java:2078)
        at java.util.concurrent.LinkedBlockingQueue.poll(LinkedBlockingQueue.java:467)
        at org.apache.hadoop.ipc.CallQueueManager.take(CallQueueManager.java:317)
        at org.apache.hadoop.ipc.Server$Handler.run(Server.java:2942)
"qtp1681627794-460-acceptor-0@3aa84414-ServerConnector@36b569f6{HTTP/1.1, (http/1.1)}{0.0.0.0:35169}" daemon prio=3 tid=460 runnable
java.lang.Thread.State: RUNNABLE
        at sun.nio.ch.ServerSocketChannelImpl.accept0(Native Method)
        at sun.nio.ch.ServerSocketChannelImpl.accept(ServerSocketChannelImpl.java:421)
        at sun.nio.ch.ServerSocketChannelImpl.accept(ServerSocketChannelImpl.java:249)
        at org.eclipse.jetty.server.ServerConnector.accept(ServerConnector.java:388)
        at org.eclipse.jetty.server.AbstractConnector$Acceptor.run(AbstractConnector.java:702)
        at org.eclipse.jetty.util.thread.QueuedThreadPool.runJob(QueuedThreadPool.java:883)
        at org.eclipse.jetty.util.thread.QueuedThreadPool$Runner.run(QueuedThreadPool.java:1034)
        at java.lang.Thread.run(Thread.java:750)
"Datanode ReportManager Thread - 3" daemon prio=5 tid=358 in Object.wait()
java.lang.Thread.State: WAITING (on object monitor)
        at sun.misc.Unsafe.park(Native Method)
        at java.util.concurrent.locks.LockSupport.park(LockSupport.java:175)
        at java.util.concurrent.locks.AbstractQueuedSynchronizer$ConditionObject.await(AbstractQueuedSynchronizer.java:2039)
        at java.util.concurrent.ScheduledThreadPoolExecutor$DelayedWorkQueue.take(ScheduledThreadPoolExecutor.java:1088)
        at java.util.concurrent.ScheduledThreadPoolExecutor$DelayedWorkQueue.take(ScheduledThreadPoolExecutor.java:809)
        at java.util.concurrent.ThreadPoolExecutor.getTask(ThreadPoolExecutor.java:1074)
        at java.util.concurrent.ThreadPoolExecutor.runWorker(ThreadPoolExecutor.java:1134)
        at java.util.concurrent.ThreadPoolExecutor$Worker.run(ThreadPoolExecutor.java:624)
        at java.lang.Thread.run(Thread.java:750)
"qtp193317890-312" daemon prio=5 tid=312 timed_waiting
java.lang.Thread.State: TIMED_WAITING
        at sun.misc.Unsafe.park(Native Method)
        at java.util.concurrent.locks.LockSupport.parkNanos(LockSupport.java:215)
        at java.util.concurrent.locks.AbstractQueuedSynchronizer$ConditionObject.awaitNanos(AbstractQueuedSynchronizer.java:2078)
        at org.eclipse.jetty.util.BlockingArrayQueue.poll(BlockingArrayQueue.java:382)
        at org.eclipse.jetty.util.thread.QueuedThreadPool$Runner.idleJobPoll(QueuedThreadPool.java:974)
        at org.eclipse.jetty.util.thread.QueuedThreadPool$Runner.run(QueuedThreadPool.java:1018)
        at java.lang.Thread.run(Thread.java:750)
"ChunkWriter-1-0" daemon prio=5 tid=480 in Object.wait()
java.lang.Thread.State: WAITING (on object monitor)
        at sun.misc.Unsafe.park(Native Method)
        at java.util.concurrent.locks.LockSupport.park(LockSupport.java:175)
        at java.util.concurrent.locks.AbstractQueuedSynchronizer$ConditionObject.await(AbstractQueuedSynchronizer.java:2039)
        at java.util.concurrent.LinkedBlockingDeque.takeFirst(LinkedBlockingDeque.java:492)
        at java.util.concurrent.LinkedBlockingDeque.take(LinkedBlockingDeque.java:680)
        at java.util.concurrent.ThreadPoolExecutor.getTask(ThreadPoolExecutor.java:1074)
        at java.util.concurrent.ThreadPoolExecutor.runWorker(ThreadPoolExecutor.java:1134)
        at java.util.concurrent.ThreadPoolExecutor$Worker.run(ThreadPoolExecutor.java:624)
        at java.lang.Thread.run(Thread.java:750)
"org.apache.hadoop.ozone.container.common.statemachine.commandhandler.DeleteBlocksCommandHandler$DeleteCmdWorker@11767557" daemon prio=5 tid=278 timed_waiting
java.lang.Thread.State: TIMED_WAITING
        at java.lang.Thread.sleep(Native Method)
        at org.apache.hadoop.ozone.container.common.statemachine.commandhandler.DeleteBlocksCommandHandler$DeleteCmdWorker.run(DeleteBlocksCommandHandler.java:183)
        at java.lang.Thread.run(Thread.java:750)
"EventQueue-CommandQueueReportForCommandQueueReportHandler" daemon prio=5 tid=559 in Object.wait()
java.lang.Thread.State: WAITING (on object monitor)
        at sun.misc.Unsafe.park(Native Method)
        at java.util.concurrent.locks.LockSupport.park(LockSupport.java:175)
        at java.util.concurrent.locks.AbstractQueuedSynchronizer$ConditionObject.await(AbstractQueuedSynchronizer.java:2039)
        at java.util.concurrent.LinkedBlockingQueue.take(LinkedBlockingQueue.java:442)
        at java.util.concurrent.ThreadPoolExecutor.getTask(ThreadPoolExecutor.java:1074)
        at java.util.concurrent.ThreadPoolExecutor.runWorker(ThreadPoolExecutor.java:1134)
        at java.util.concurrent.ThreadPoolExecutor$Worker.run(ThreadPoolExecutor.java:624)
        at java.lang.Thread.run(Thread.java:750)
"Datanode State Machine Task Thread - 0"  prio=5 tid=271 in Object.wait()
java.lang.Thread.State: WAITING (on object monitor)
        at sun.misc.Unsafe.park(Native Method)
        at java.util.concurrent.locks.LockSupport.park(LockSupport.java:175)
        at java.util.concurrent.locks.AbstractQueuedSynchronizer$ConditionObject.await(AbstractQueuedSynchronizer.java:2039)
        at java.util.concurrent.LinkedBlockingQueue.take(LinkedBlockingQueue.java:442)
        at java.util.concurrent.ThreadPoolExecutor.getTask(ThreadPoolExecutor.java:1074)
        at java.util.concurrent.ThreadPoolExecutor.runWorker(ThreadPoolExecutor.java:1134)
        at java.util.concurrent.ThreadPoolExecutor$Worker.run(ThreadPoolExecutor.java:624)
        at java.lang.Thread.run(Thread.java:750)
"IPC Server idle connection scanner for port 33043" daemon prio=5 tid=29 timed_waiting
java.lang.Thread.State: TIMED_WAITING
        at java.lang.Object.wait(Native Method)
        at java.util.TimerThread.mainLoop(Timer.java:552)
        at java.util.TimerThread.run(Timer.java:505)
"qtp1681627794-461" daemon prio=5 tid=461 timed_waiting
java.lang.Thread.State: TIMED_WAITING
        at sun.misc.Unsafe.park(Native Method)
        at java.util.concurrent.locks.LockSupport.parkNanos(LockSupport.java:215)
        at java.util.concurrent.locks.AbstractQueuedSynchronizer$ConditionObject.awaitNanos(AbstractQueuedSynchronizer.java:2078)
        at org.eclipse.jetty.util.BlockingArrayQueue.poll(BlockingArrayQueue.java:382)
        at org.eclipse.jetty.util.thread.QueuedThreadPool$Runner.idleJobPoll(QueuedThreadPool.java:974)
        at org.eclipse.jetty.util.thread.QueuedThreadPool$Runner.run(QueuedThreadPool.java:1018)
        at java.lang.Thread.run(Thread.java:750)
"IPC Server handler 12 on default port 35689" daemon prio=5 tid=89 timed_waiting
java.lang.Thread.State: TIMED_WAITING
        at sun.misc.Unsafe.park(Native Method)
        at java.util.concurrent.locks.LockSupport.parkNanos(LockSupport.java:215)
        at java.util.concurrent.locks.AbstractQueuedSynchronizer$ConditionObject.awaitNanos(AbstractQueuedSynchronizer.java:2078)
        at java.util.concurrent.LinkedBlockingQueue.poll(LinkedBlockingQueue.java:467)
        at org.apache.hadoop.ipc.CallQueueManager.take(CallQueueManager.java:317)
        at org.apache.hadoop.ipc.Server$Handler.run(Server.java:2942)
"OMDoubleBufferFlushThread" daemon prio=5 tid=115 timed_waiting
java.lang.Thread.State: TIMED_WAITING
        at java.lang.Object.wait(Native Method)
        at org.apache.hadoop.ozone.om.ratis.OzoneManagerDoubleBuffer.canFlush(OzoneManagerDoubleBuffer.java:538)
        at org.apache.hadoop.ozone.om.ratis.OzoneManagerDoubleBuffer.flushTransactions(OzoneManagerDoubleBuffer.java:268)
        at org.apache.hadoop.ozone.om.ratis.OzoneManagerDoubleBuffer$$Lambda$500/2020698344.run(Unknown Source)
        at java.lang.Thread.run(Thread.java:750)
"3c897dd6-f9a8-4587-816d-4b361cef56f3@group-B166C3D79484-SegmentedRaftLogWorker"  prio=5 tid=635 timed_waiting
java.lang.Thread.State: TIMED_WAITING
        at sun.misc.Unsafe.park(Native Method)
        at java.util.concurrent.locks.LockSupport.parkNanos(LockSupport.java:215)
        at java.util.concurrent.locks.AbstractQueuedSynchronizer$ConditionObject.awaitNanos(AbstractQueuedSynchronizer.java:2078)
        at org.apache.ratis.util.DataBlockingQueue.poll(DataBlockingQueue.java:148)
        at org.apache.ratis.server.raftlog.segmented.SegmentedRaftLogWorker.run(SegmentedRaftLogWorker.java:301)
        at org.apache.ratis.server.raftlog.segmented.SegmentedRaftLogWorker$$Lambda$612/521516682.run(Unknown Source)
        at java.lang.Thread.run(Thread.java:750)
"Datanode ReportManager Thread - 4" daemon prio=5 tid=216 timed_waiting
java.lang.Thread.State: TIMED_WAITING
        at sun.misc.Unsafe.park(Native Method)
        at java.util.concurrent.locks.LockSupport.parkNanos(LockSupport.java:215)
        at java.util.concurrent.locks.AbstractQueuedSynchronizer$ConditionObject.awaitNanos(AbstractQueuedSynchronizer.java:2078)
        at java.util.concurrent.ScheduledThreadPoolExecutor$DelayedWorkQueue.take(ScheduledThreadPoolExecutor.java:1093)
        at java.util.concurrent.ScheduledThreadPoolExecutor$DelayedWorkQueue.take(ScheduledThreadPoolExecutor.java:809)
        at java.util.concurrent.ThreadPoolExecutor.getTask(ThreadPoolExecutor.java:1074)
        at java.util.concurrent.ThreadPoolExecutor.runWorker(ThreadPoolExecutor.java:1134)
        at java.util.concurrent.ThreadPoolExecutor$Worker.run(ThreadPoolExecutor.java:624)
        at java.lang.Thread.run(Thread.java:750)
"IPC Server handler 0 on default port 41743" daemon prio=5 tid=144 timed_waiting
java.lang.Thread.State: TIMED_WAITING
        at sun.misc.Unsafe.park(Native Method)
        at java.util.concurrent.locks.LockSupport.parkNanos(LockSupport.java:215)
        at java.util.concurrent.locks.AbstractQueuedSynchronizer$ConditionObject.awaitNanos(AbstractQueuedSynchronizer.java:2078)
        at java.util.concurrent.LinkedBlockingQueue.poll(LinkedBlockingQueue.java:467)
        at org.apache.hadoop.ipc.CallQueueManager.take(CallQueueManager.java:317)
        at org.apache.hadoop.ipc.Server$Handler.run(Server.java:2942)
"qtp1535833708-348" daemon prio=5 tid=348 timed_waiting
java.lang.Thread.State: TIMED_WAITING
        at sun.misc.Unsafe.park(Native Method)
        at java.util.concurrent.locks.LockSupport.parkNanos(LockSupport.java:215)
        at java.util.concurrent.locks.AbstractQueuedSynchronizer$ConditionObject.awaitNanos(AbstractQueuedSynchronizer.java:2078)
        at org.eclipse.jetty.util.BlockingArrayQueue.poll(BlockingArrayQueue.java:382)
        at org.eclipse.jetty.util.thread.QueuedThreadPool$Runner.idleJobPoll(QueuedThreadPool.java:974)
        at org.eclipse.jetty.util.thread.QueuedThreadPool$Runner.run(QueuedThreadPool.java:1018)
        at java.lang.Thread.run(Thread.java:750)
"qtp1819159284-136-acceptor-0@5432c982-ServerConnector@29f3e3c7{HTTP/1.1, (http/1.1)}{0.0.0.0:41323}" daemon prio=3 tid=136 runnable
java.lang.Thread.State: RUNNABLE
        at sun.nio.ch.ServerSocketChannelImpl.accept0(Native Method)
        at sun.nio.ch.ServerSocketChannelImpl.accept(ServerSocketChannelImpl.java:421)
        at sun.nio.ch.ServerSocketChannelImpl.accept(ServerSocketChannelImpl.java:249)
        at org.eclipse.jetty.server.ServerConnector.accept(ServerConnector.java:388)
        at org.eclipse.jetty.server.AbstractConnector$Acceptor.run(AbstractConnector.java:702)
        at org.eclipse.jetty.util.thread.QueuedThreadPool.runJob(QueuedThreadPool.java:883)
        at org.eclipse.jetty.util.thread.QueuedThreadPool$Runner.run(QueuedThreadPool.java:1034)
        at java.lang.Thread.run(Thread.java:750)
"Datanode State Machine Task Thread - 1"  prio=5 tid=468 in Object.wait()
java.lang.Thread.State: WAITING (on object monitor)
        at sun.misc.Unsafe.park(Native Method)
        at java.util.concurrent.locks.LockSupport.park(LockSupport.java:175)
        at java.util.concurrent.locks.AbstractQueuedSynchronizer$ConditionObject.await(AbstractQueuedSynchronizer.java:2039)
        at java.util.concurrent.LinkedBlockingQueue.take(LinkedBlockingQueue.java:442)
        at java.util.concurrent.ThreadPoolExecutor.getTask(ThreadPoolExecutor.java:1074)
        at java.util.concurrent.ThreadPoolExecutor.runWorker(ThreadPoolExecutor.java:1134)
        at java.util.concurrent.ThreadPoolExecutor$Worker.run(ThreadPoolExecutor.java:624)
        at java.lang.Thread.run(Thread.java:750)
"Datanode ReportManager Thread - 3" daemon prio=5 tid=434 timed_waiting
java.lang.Thread.State: TIMED_WAITING
        at sun.misc.Unsafe.park(Native Method)
        at java.util.concurrent.locks.LockSupport.parkNanos(LockSupport.java:215)
        at java.util.concurrent.locks.AbstractQueuedSynchronizer$ConditionObject.awaitNanos(AbstractQueuedSynchronizer.java:2078)
        at java.util.concurrent.ScheduledThreadPoolExecutor$DelayedWorkQueue.take(ScheduledThreadPoolExecutor.java:1093)
        at java.util.concurrent.ScheduledThreadPoolExecutor$DelayedWorkQueue.take(ScheduledThreadPoolExecutor.java:809)
        at java.util.concurrent.ThreadPoolExecutor.getTask(ThreadPoolExecutor.java:1074)
        at java.util.concurrent.ThreadPoolExecutor.runWorker(ThreadPoolExecutor.java:1134)
        at java.util.concurrent.ThreadPoolExecutor$Worker.run(ThreadPoolExecutor.java:624)
        at java.lang.Thread.run(Thread.java:750)
"ChunkWriter-2-0" daemon prio=5 tid=371 in Object.wait()
java.lang.Thread.State: WAITING (on object monitor)
        at sun.misc.Unsafe.park(Native Method)
        at java.util.concurrent.locks.LockSupport.park(LockSupport.java:175)
        at java.util.concurrent.locks.AbstractQueuedSynchronizer$ConditionObject.await(AbstractQueuedSynchronizer.java:2039)
        at java.util.concurrent.LinkedBlockingDeque.takeFirst(LinkedBlockingDeque.java:492)
        at java.util.concurrent.LinkedBlockingDeque.take(LinkedBlockingDeque.java:680)
        at java.util.concurrent.ThreadPoolExecutor.getTask(ThreadPoolExecutor.java:1074)
        at java.util.concurrent.ThreadPoolExecutor.runWorker(ThreadPoolExecutor.java:1134)
        at java.util.concurrent.ThreadPoolExecutor$Worker.run(ThreadPoolExecutor.java:624)
        at java.lang.Thread.run(Thread.java:750)
"Datanode ReportManager Thread - 4" daemon prio=5 tid=475 in Object.wait()
java.lang.Thread.State: WAITING (on object monitor)
        at sun.misc.Unsafe.park(Native Method)
        at java.util.concurrent.locks.LockSupport.park(LockSupport.java:175)
        at java.util.concurrent.locks.AbstractQueuedSynchronizer$ConditionObject.await(AbstractQueuedSynchronizer.java:2039)
        at java.util.concurrent.ScheduledThreadPoolExecutor$DelayedWorkQueue.take(ScheduledThreadPoolExecutor.java:1088)
        at java.util.concurrent.ScheduledThreadPoolExecutor$DelayedWorkQueue.take(ScheduledThreadPoolExecutor.java:809)
        at java.util.concurrent.ThreadPoolExecutor.getTask(ThreadPoolExecutor.java:1074)
        at java.util.concurrent.ThreadPoolExecutor.runWorker(ThreadPoolExecutor.java:1134)
        at java.util.concurrent.ThreadPoolExecutor$Worker.run(ThreadPoolExecutor.java:624)
        at java.lang.Thread.run(Thread.java:750)
"Datanode ReportManager Thread - 2" daemon prio=5 tid=214 in Object.wait()
java.lang.Thread.State: WAITING (on object monitor)
        at sun.misc.Unsafe.park(Native Method)
        at java.util.concurrent.locks.LockSupport.park(LockSupport.java:175)
        at java.util.concurrent.locks.AbstractQueuedSynchronizer$ConditionObject.await(AbstractQueuedSynchronizer.java:2039)
        at java.util.concurrent.ScheduledThreadPoolExecutor$DelayedWorkQueue.take(ScheduledThreadPoolExecutor.java:1088)
        at java.util.concurrent.ScheduledThreadPoolExecutor$DelayedWorkQueue.take(ScheduledThreadPoolExecutor.java:809)
        at java.util.concurrent.ThreadPoolExecutor.getTask(ThreadPoolExecutor.java:1074)
        at java.util.concurrent.ThreadPoolExecutor.runWorker(ThreadPoolExecutor.java:1134)
        at java.util.concurrent.ThreadPoolExecutor$Worker.run(ThreadPoolExecutor.java:624)
        at java.lang.Thread.run(Thread.java:750)
"IPC Server handler 10 on default port 33043" daemon prio=5 tid=67 timed_waiting
java.lang.Thread.State: TIMED_WAITING
        at sun.misc.Unsafe.park(Native Method)
        at java.util.concurrent.locks.LockSupport.parkNanos(LockSupport.java:215)
        at java.util.concurrent.locks.AbstractQueuedSynchronizer$ConditionObject.awaitNanos(AbstractQueuedSynchronizer.java:2078)
        at java.util.concurrent.LinkedBlockingQueue.poll(LinkedBlockingQueue.java:467)
        at org.apache.hadoop.ipc.CallQueueManager.take(CallQueueManager.java:317)
        at org.apache.hadoop.ipc.Server$Handler.run(Server.java:2942)
"IPC Server handler 5 on default port 40181" daemon prio=5 tid=42 timed_waiting
java.lang.Thread.State: TIMED_WAITING
        at sun.misc.Unsafe.park(Native Method)
        at java.util.concurrent.locks.LockSupport.parkNanos(LockSupport.java:215)
        at java.util.concurrent.locks.AbstractQueuedSynchronizer$ConditionObject.awaitNanos(AbstractQueuedSynchronizer.java:2078)
        at java.util.concurrent.LinkedBlockingQueue.poll(LinkedBlockingQueue.java:467)
        at org.apache.hadoop.ipc.CallQueueManager.take(CallQueueManager.java:317)
        at org.apache.hadoop.ipc.Server$Handler.run(Server.java:2942)
"BlockDeletingService#1" daemon prio=5 tid=507 timed_waiting
java.lang.Thread.State: TIMED_WAITING
        at sun.misc.Unsafe.park(Native Method)
        at java.util.concurrent.locks.LockSupport.parkNanos(LockSupport.java:215)
        at java.util.concurrent.locks.AbstractQueuedSynchronizer$ConditionObject.awaitNanos(AbstractQueuedSynchronizer.java:2078)
        at java.util.concurrent.ScheduledThreadPoolExecutor$DelayedWorkQueue.take(ScheduledThreadPoolExecutor.java:1093)
        at java.util.concurrent.ScheduledThreadPoolExecutor$DelayedWorkQueue.take(ScheduledThreadPoolExecutor.java:809)
        at java.util.concurrent.ThreadPoolExecutor.getTask(ThreadPoolExecutor.java:1074)
        at java.util.concurrent.ThreadPoolExecutor.runWorker(ThreadPoolExecutor.java:1134)
        at java.util.concurrent.ThreadPoolExecutor$Worker.run(ThreadPoolExecutor.java:624)
        at java.lang.Thread.run(Thread.java:750)
"IPC Server listener on 0" daemon prio=5 tid=122 runnable
java.lang.Thread.State: RUNNABLE
        at sun.nio.ch.EPollArrayWrapper.epollWait(Native Method)
        at sun.nio.ch.EPollArrayWrapper.poll(EPollArrayWrapper.java:269)
        at sun.nio.ch.EPollSelectorImpl.doSelect(EPollSelectorImpl.java:93)
        at sun.nio.ch.SelectorImpl.lockAndDoSelect(SelectorImpl.java:86)
        at sun.nio.ch.SelectorImpl.select(SelectorImpl.java:97)
        at sun.nio.ch.SelectorImpl.select(SelectorImpl.java:101)
        at org.apache.hadoop.ipc.Server$Listener.run(Server.java:1358)
"IPC Server handler 0 on default port 33043" daemon prio=5 tid=57 timed_waiting
java.lang.Thread.State: TIMED_WAITING
        at sun.misc.Unsafe.park(Native Method)
        at java.util.concurrent.locks.LockSupport.parkNanos(LockSupport.java:215)
        at java.util.concurrent.locks.AbstractQueuedSynchronizer$ConditionObject.awaitNanos(AbstractQueuedSynchronizer.java:2078)
        at java.util.concurrent.LinkedBlockingQueue.poll(LinkedBlockingQueue.java:467)
        at org.apache.hadoop.ipc.CallQueueManager.take(CallQueueManager.java:317)
        at org.apache.hadoop.ipc.Server$Handler.run(Server.java:2942)
"Datanode ReportManager Thread - 2" daemon prio=5 tid=292 in Object.wait()
java.lang.Thread.State: WAITING (on object monitor)
        at sun.misc.Unsafe.park(Native Method)
        at java.util.concurrent.locks.LockSupport.park(LockSupport.java:175)
        at java.util.concurrent.locks.AbstractQueuedSynchronizer$ConditionObject.await(AbstractQueuedSynchronizer.java:2039)
        at java.util.concurrent.ScheduledThreadPoolExecutor$DelayedWorkQueue.take(ScheduledThreadPoolExecutor.java:1088)
        at java.util.concurrent.ScheduledThreadPoolExecutor$DelayedWorkQueue.take(ScheduledThreadPoolExecutor.java:809)
        at java.util.concurrent.ThreadPoolExecutor.getTask(ThreadPoolExecutor.java:1074)
        at java.util.concurrent.ThreadPoolExecutor.runWorker(ThreadPoolExecutor.java:1134)
        at java.util.concurrent.ThreadPoolExecutor$Worker.run(ThreadPoolExecutor.java:624)
        at java.lang.Thread.run(Thread.java:750)
"27609338-e5ea-4e9e-bd63-6729dd2dbc7a-server-thread1" daemon prio=5 tid=714 timed_waiting
java.lang.Thread.State: TIMED_WAITING
        at sun.misc.Unsafe.park(Native Method)
        at java.util.concurrent.locks.LockSupport.parkNanos(LockSupport.java:215)
        at java.util.concurrent.SynchronousQueue$TransferStack.awaitFulfill(SynchronousQueue.java:460)
        at java.util.concurrent.SynchronousQueue$TransferStack.transfer(SynchronousQueue.java:362)
        at java.util.concurrent.SynchronousQueue.poll(SynchronousQueue.java:941)
        at java.util.concurrent.ThreadPoolExecutor.getTask(ThreadPoolExecutor.java:1073)
        at java.util.concurrent.ThreadPoolExecutor.runWorker(ThreadPoolExecutor.java:1134)
        at java.util.concurrent.ThreadPoolExecutor$Worker.run(ThreadPoolExecutor.java:624)
        at java.lang.Thread.run(Thread.java:750)
"264ccfc1-7403-435b-81c3-d1dfb4335e59@group-D51D6A44A918-StateMachineUpdater" daemon prio=5 tid=625 timed_waiting
java.lang.Thread.State: TIMED_WAITING
        at sun.misc.Unsafe.park(Native Method)
        at java.util.concurrent.locks.LockSupport.parkNanos(LockSupport.java:215)
        at java.util.concurrent.CompletableFuture$Signaller.block(CompletableFuture.java:1709)
        at java.util.concurrent.ForkJoinPool.managedBlock(ForkJoinPool.java:3323)
        at java.util.concurrent.CompletableFuture.timedGet(CompletableFuture.java:1788)
        at java.util.concurrent.CompletableFuture.get(CompletableFuture.java:1928)
        at org.apache.ratis.util.AwaitForSignal.await(AwaitForSignal.java:56)
        at org.apache.ratis.server.impl.StateMachineUpdater.waitForCommit(StateMachineUpdater.java:207)
        at org.apache.ratis.server.impl.StateMachineUpdater.run(StateMachineUpdater.java:176)
        at java.lang.Thread.run(Thread.java:750)
"264ccfc1-7403-435b-81c3-d1dfb4335e59-server-thread1" daemon prio=5 tid=909 timed_waiting
java.lang.Thread.State: TIMED_WAITING
        at sun.misc.Unsafe.park(Native Method)
        at java.util.concurrent.locks.LockSupport.parkNanos(LockSupport.java:215)
        at java.util.concurrent.SynchronousQueue$TransferStack.awaitFulfill(SynchronousQueue.java:460)
        at java.util.concurrent.SynchronousQueue$TransferStack.transfer(SynchronousQueue.java:362)
        at java.util.concurrent.SynchronousQueue.poll(SynchronousQueue.java:941)
        at java.util.concurrent.ThreadPoolExecutor.getTask(ThreadPoolExecutor.java:1073)
        at java.util.concurrent.ThreadPoolExecutor.runWorker(ThreadPoolExecutor.java:1134)
        at java.util.concurrent.ThreadPoolExecutor$Worker.run(ThreadPoolExecutor.java:624)
        at java.lang.Thread.run(Thread.java:750)
"b5e52be0-4491-4e69-96e1-10d94051f40c@group-2ECA46B087C1-SegmentedRaftLogWorker"  prio=5 tid=598 timed_waiting
java.lang.Thread.State: TIMED_WAITING
        at sun.misc.Unsafe.park(Native Method)
        at java.util.concurrent.locks.LockSupport.parkNanos(LockSupport.java:215)
        at java.util.concurrent.locks.AbstractQueuedSynchronizer$ConditionObject.awaitNanos(AbstractQueuedSynchronizer.java:2078)
        at org.apache.ratis.util.DataBlockingQueue.poll(DataBlockingQueue.java:148)
        at org.apache.ratis.server.raftlog.segmented.SegmentedRaftLogWorker.run(SegmentedRaftLogWorker.java:301)
        at org.apache.ratis.server.raftlog.segmented.SegmentedRaftLogWorker$$Lambda$612/521516682.run(Unknown Source)
        at java.lang.Thread.run(Thread.java:750)
"IPC Server handler 18 on default port 40181" daemon prio=5 tid=55 timed_waiting
java.lang.Thread.State: TIMED_WAITING
        at sun.misc.Unsafe.park(Native Method)
        at java.util.concurrent.locks.LockSupport.parkNanos(LockSupport.java:215)
        at java.util.concurrent.locks.AbstractQueuedSynchronizer$ConditionObject.awaitNanos(AbstractQueuedSynchronizer.java:2078)
        at java.util.concurrent.LinkedBlockingQueue.poll(LinkedBlockingQueue.java:467)
        at org.apache.hadoop.ipc.CallQueueManager.take(CallQueueManager.java:317)
        at org.apache.hadoop.ipc.Server$Handler.run(Server.java:2942)
"IPC Server Responder" daemon prio=5 tid=26 runnable
java.lang.Thread.State: RUNNABLE
        at sun.nio.ch.EPollArrayWrapper.epollWait(Native Method)
        at sun.nio.ch.EPollArrayWrapper.poll(EPollArrayWrapper.java:269)
        at sun.nio.ch.EPollSelectorImpl.doSelect(EPollSelectorImpl.java:93)
        at sun.nio.ch.SelectorImpl.lockAndDoSelect(SelectorImpl.java:86)
        at sun.nio.ch.SelectorImpl.select(SelectorImpl.java:97)
        at org.apache.hadoop.ipc.Server$Responder.doRunLoop(Server.java:1532)
        at org.apache.hadoop.ipc.Server$Responder.run(Server.java:1515)


	at org.apache.ozone.test.GenericTestUtils.waitFor(GenericTestUtils.java:224)
	at org.apache.hadoop.ozone.container.TestECContainerRecovery.waitForContainerCount(TestECContainerRecovery.java:265)
	at org.apache.hadoop.ozone.container.TestECContainerRecovery.testContainerRecoveryOverReplicationProcessing(TestECContainerRecovery.java:209)
	at sun.reflect.NativeMethodAccessorImpl.invoke0(Native Method)
	at sun.reflect.NativeMethodAccessorImpl.invoke(NativeMethodAccessorImpl.java:62)
	at sun.reflect.DelegatingMethodAccessorImpl.invoke(DelegatingMethodAccessorImpl.java:43)
	at java.lang.reflect.Method.invoke(Method.java:498)
	at org.junit.platform.commons.util.ReflectionUtils.invokeMethod(ReflectionUtils.java:725)
	at org.junit.jupiter.engine.execution.MethodInvocation.proceed(MethodInvocation.java:60)
	at org.junit.jupiter.engine.execution.InvocationInterceptorChain$ValidatingInvocation.proceed(InvocationInterceptorChain.java:131)
	at org.junit.jupiter.engine.extension.TimeoutExtension.intercept(TimeoutExtension.java:149)
	at org.junit.jupiter.engine.extension.TimeoutExtension.interceptTestableMethod(TimeoutExtension.java:140)
	at org.junit.jupiter.engine.extension.TimeoutExtension.interceptTestMethod(TimeoutExtension.java:84)
	at org.junit.jupiter.engine.execution.ExecutableInvoker$ReflectiveInterceptorCall.lambda$ofVoidMethod$0(ExecutableInvoker.java:115)
	at org.junit.jupiter.engine.execution.ExecutableInvoker.lambda$invoke$0(ExecutableInvoker.java:105)
	at org.junit.jupiter.engine.execution.InvocationInterceptorChain$InterceptedInvocation.proceed(InvocationInterceptorChain.java:106)
	at org.junit.jupiter.engine.execution.InvocationInterceptorChain.proceed(InvocationInterceptorChain.java:64)
	at org.junit.jupiter.engine.execution.InvocationInterceptorChain.chainAndInvoke(InvocationInterceptorChain.java:45)
	at org.junit.jupiter.engine.execution.InvocationInterceptorChain.invoke(InvocationInterceptorChain.java:37)
	at org.junit.jupiter.engine.execution.ExecutableInvoker.invoke(ExecutableInvoker.java:104)
	at org.junit.jupiter.engine.execution.ExecutableInvoker.invoke(ExecutableInvoker.java:98)
	at org.junit.jupiter.engine.descriptor.TestMethodTestDescriptor.lambda$invokeTestMethod$7(TestMethodTestDescriptor.java:214)
	at org.junit.platform.engine.support.hierarchical.ThrowableCollector.execute(ThrowableCollector.java:73)
	at org.junit.jupiter.engine.descriptor.TestMethodTestDescriptor.invokeTestMethod(TestMethodTestDescriptor.java:210)
	at org.junit.jupiter.engine.descriptor.TestMethodTestDescriptor.execute(TestMethodTestDescriptor.java:135)
	at org.junit.jupiter.engine.descriptor.TestMethodTestDescriptor.execute(TestMethodTestDescriptor.java:66)
	at org.junit.platform.engine.support.hierarchical.NodeTestTask.lambda$executeRecursively$6(NodeTestTask.java:151)
	at org.junit.platform.engine.support.hierarchical.ThrowableCollector.execute(ThrowableCollector.java:73)
	at org.junit.platform.engine.support.hierarchical.NodeTestTask.lambda$executeRecursively$8(NodeTestTask.java:141)
	at org.junit.platform.engine.support.hierarchical.Node.around(Node.java:137)
	at org.junit.platform.engine.support.hierarchical.NodeTestTask.lambda$executeRecursively$9(NodeTestTask.java:139)
	at org.junit.platform.engine.support.hierarchical.ThrowableCollector.execute(ThrowableCollector.java:73)
	at org.junit.platform.engine.support.hierarchical.NodeTestTask.executeRecursively(NodeTestTask.java:138)
	at org.junit.platform.engine.support.hierarchical.NodeTestTask.execute(NodeTestTask.java:95)
	at java.util.ArrayList.forEach(ArrayList.java:1259)
	at org.junit.platform.engine.support.hierarchical.SameThreadHierarchicalTestExecutorService.invokeAll(SameThreadHierarchicalTestExecutorService.java:41)
	at org.junit.platform.engine.support.hierarchical.NodeTestTask.lambda$executeRecursively$6(NodeTestTask.java:155)
	at org.junit.platform.engine.support.hierarchical.ThrowableCollector.execute(ThrowableCollector.java:73)
	at org.junit.platform.engine.support.hierarchical.NodeTestTask.lambda$executeRecursively$8(NodeTestTask.java:141)
	at org.junit.platform.engine.support.hierarchical.Node.around(Node.java:137)
	at org.junit.platform.engine.support.hierarchical.NodeTestTask.lambda$executeRecursively$9(NodeTestTask.java:139)
	at org.junit.platform.engine.support.hierarchical.ThrowableCollector.execute(ThrowableCollector.java:73)
	at org.junit.platform.engine.support.hierarchical.NodeTestTask.executeRecursively(NodeTestTask.java:138)
	at org.junit.platform.engine.support.hierarchical.NodeTestTask.execute(NodeTestTask.java:95)
	at java.util.ArrayList.forEach(ArrayList.java:1259)
	at org.junit.platform.engine.support.hierarchical.SameThreadHierarchicalTestExecutorService.invokeAll(SameThreadHierarchicalTestExecutorService.java:41)
	at org.junit.platform.engine.support.hierarchical.NodeTestTask.lambda$executeRecursively$6(NodeTestTask.java:155)
	at org.junit.platform.engine.support.hierarchical.ThrowableCollector.execute(ThrowableCollector.java:73)
	at org.junit.platform.engine.support.hierarchical.NodeTestTask.lambda$executeRecursively$8(NodeTestTask.java:141)
	at org.junit.platform.engine.support.hierarchical.Node.around(Node.java:137)
	at org.junit.platform.engine.support.hierarchical.NodeTestTask.lambda$executeRecursively$9(NodeTestTask.java:139)
	at org.junit.platform.engine.support.hierarchical.ThrowableCollector.execute(ThrowableCollector.java:73)
	at org.junit.platform.engine.support.hierarchical.NodeTestTask.executeRecursively(NodeTestTask.java:138)
	at org.junit.platform.engine.support.hierarchical.NodeTestTask.execute(NodeTestTask.java:95)
	at org.junit.platform.engine.support.hierarchical.SameThreadHierarchicalTestExecutorService.submit(SameThreadHierarchicalTestExecutorService.java:35)
	at org.junit.platform.engine.support.hierarchical.HierarchicalTestExecutor.execute(HierarchicalTestExecutor.java:57)
	at org.junit.platform.engine.support.hierarchical.HierarchicalTestEngine.execute(HierarchicalTestEngine.java:54)
	at org.junit.platform.launcher.core.EngineExecutionOrchestrator.execute(EngineExecutionOrchestrator.java:107)
	at org.junit.platform.launcher.core.EngineExecutionOrchestrator.execute(EngineExecutionOrchestrator.java:88)
	at org.junit.platform.launcher.core.EngineExecutionOrchestrator.lambda$execute$0(EngineExecutionOrchestrator.java:54)
	at org.junit.platform.launcher.core.EngineExecutionOrchestrator.withInterceptedStreams(EngineExecutionOrchestrator.java:67)
	at org.junit.platform.launcher.core.EngineExecutionOrchestrator.execute(EngineExecutionOrchestrator.java:52)
	at org.junit.platform.launcher.core.DefaultLauncher.execute(DefaultLauncher.java:114)
	at org.junit.platform.launcher.core.DefaultLauncher.execute(DefaultLauncher.java:86)
	at org.junit.platform.launcher.core.DefaultLauncherSession$DelegatingLauncher.execute(DefaultLauncherSession.java:86)
	at org.junit.platform.launcher.core.SessionPerRequestLauncher.execute(SessionPerRequestLauncher.java:53)
	at org.apache.maven.surefire.junitplatform.JUnitPlatformProvider.execute(JUnitPlatformProvider.java:188)
	at org.apache.maven.surefire.junitplatform.JUnitPlatformProvider.invokeAllTests(JUnitPlatformProvider.java:154)
	at org.apache.maven.surefire.junitplatform.JUnitPlatformProvider.invoke(JUnitPlatformProvider.java:124)
	at org.apache.maven.surefire.booter.ForkedBooter.runSuitesInProcess(ForkedBooter.java:428)
	at org.apache.maven.surefire.booter.ForkedBooter.execute(ForkedBooter.java:162)
	at org.apache.maven.surefire.booter.ForkedBooter.run(ForkedBooter.java:562)
	at org.apache.maven.surefire.booter.ForkedBooter.main(ForkedBooter.java:548)
]]></error>
    <system-out><![CDATA[2022-10-14 20:48:05,378 [main] WARN  server.ServerUtils (ServerUtils.java:getScmDbDir(148)) - ozone.scm.db.dirs is not configured. We recommend adding this setting. Falling back to ozone.metadata.dirs instead.
2022-10-14 20:48:05,469 [main] WARN  server.ServerUtils (ServerUtils.java:getScmDbDir(148)) - ozone.scm.db.dirs is not configured. We recommend adding this setting. Falling back to ozone.metadata.dirs instead.
2022-10-14 20:48:05,473 [main] INFO  ha.SCMHANodeDetails (SCMHANodeDetails.java:loadSCMHAConfig(209)) - ServiceID for StorageContainerManager is null
2022-10-14 20:48:05,484 [main] WARN  ha.SCMHANodeDetails (SCMHANodeDetails.java:validateSCMHAConfig(182)) - Invalid config ozone.scm.ratis.enable. The config was not specified, but the default value true conflicts with the expected config value false. Falling back to the expected value. Current State of SCM: SCM is running in Non-HA without Ratis Ratis SCM -> Non Ratis SCM or Non HA SCM -> HA SCM is not supported
2022-10-14 20:48:05,485 [main] INFO  ha.SCMHANodeDetails (SCMHANodeDetails.java:loadSCMHAConfig(214)) - ozone.scm.default.service.id is not defined, falling back to ozone.scm.service.ids to find serviceID for StorageContainerManager if it is HA enabled cluster
2022-10-14 20:48:05,984 [main] WARN  utils.HAUtils (HAUtils.java:getMetaDir(342)) - ozone.scm.db.dirs is not configured. We recommend adding this setting. Falling back to ozone.metadata.dirs instead.
2022-10-14 20:48:06,149 [main] WARN  db.DBStoreBuilder (DBStoreBuilder.java:applyDBDefinition(144)) - ozone.scm.db.dirs is not configured. We recommend adding this setting. Falling back to ozone.metadata.dirs instead.
2022-10-14 20:48:06,477 [main] INFO  net.NodeSchemaLoader (NodeSchemaLoader.java:loadSchemaFromFile(129)) - Loading schema from [jar:file:/home/runner/.m2/repository/org/apache/ozone/hdds-common/1.3.0-SNAPSHOT/hdds-common-1.3.0-SNAPSHOT.jar!/network-topology-default.xml]
2022-10-14 20:48:06,479 [main] INFO  net.NodeSchemaLoader (NodeSchemaLoader.java:loadSchema(176)) - Loading network topology layer schema file
2022-10-14 20:48:06,527 [main] INFO  metrics.MetricRegistries (MetricRegistriesLoader.java:load(64)) - Loaded MetricRegistries class org.apache.ratis.metrics.impl.MetricRegistriesImpl
2022-10-14 20:48:06,534 [main] INFO  upgrade.AbstractLayoutVersionManager (AbstractLayoutVersionManager.java:init(83)) - Initializing Layout version manager with metadata layout = DATANODE_SCHEMA_V3 (version = 4), software layout = DATANODE_SCHEMA_V3 (version = 4)
2022-10-14 20:48:06,754 [main] INFO  reflections.Reflections (Reflections.java:scan(232)) - Reflections took 146 ms to scan 7 urls, producing 137 keys and 328 values 
2022-10-14 20:48:06,873 [main] INFO  ha.SequenceIdGenerator (SequenceIdGenerator.java:upgradeToSequenceId(349)) - upgrade localId to 109611004723200000
2022-10-14 20:48:06,873 [main] INFO  ha.SequenceIdGenerator (SequenceIdGenerator.java:upgradeToSequenceId(359)) - upgrade delTxnId to 0
2022-10-14 20:48:06,878 [main] INFO  ha.SequenceIdGenerator (SequenceIdGenerator.java:upgradeToSequenceId(376)) - upgrade containerId to 0
2022-10-14 20:48:06,881 [main] INFO  ha.SequenceIdGenerator (SequenceIdGenerator.java:<init>(220)) - Init the HA SequenceIdGenerator.
2022-10-14 20:48:06,944 [main] WARN  server.ServerUtils (ServerUtils.java:sanitizeUserArgs(67)) - ozone.scm.stale.node.interval value = 1000 is smaller than min = 3000 based on the key value of hdds.heartbeat.interval, reset to the min value 3000.
2022-10-14 20:48:06,944 [main] WARN  server.ServerUtils (ServerUtils.java:sanitizeUserArgs(67)) - ozone.scm.stale.node.interval value = 1000 is smaller than min = 3000 based on the key value of hdds.heartbeat.interval, reset to the min value 3000.
2022-10-14 20:48:06,944 [main] WARN  server.ServerUtils (ServerUtils.java:sanitizeUserArgs(67)) - ozone.scm.dead.node.interval value = 1000 is smaller than min = 6000 based on the key value of ozone.scm.stale.node.interval, reset to the min value 6000.
2022-10-14 20:48:06,954 [main] INFO  node.SCMNodeManager (SCMNodeManager.java:<init>(149)) - Entering startup safe mode.
2022-10-14 20:48:07,059 [main] INFO  algorithms.ContainerPlacementPolicyFactory (ContainerPlacementPolicyFactory.java:getPolicyInternal(86)) - Create container placement policy of type org.apache.hadoop.hdds.scm.container.placement.algorithms.SCMContainerPlacementRandom
2022-10-14 20:48:07,062 [main] INFO  algorithms.ContainerPlacementPolicyFactory (ContainerPlacementPolicyFactory.java:getPolicyInternal(86)) - Create container placement policy of type org.apache.hadoop.hdds.scm.container.placement.algorithms.SCMContainerPlacementRackScatter
2022-10-14 20:48:07,091 [main] INFO  pipeline.PipelineStateManagerImpl (PipelineStateManagerImpl.java:initialize(78)) - No pipeline exists in current db
2022-10-14 20:48:07,128 [main] INFO  algorithms.LeaderChoosePolicyFactory (LeaderChoosePolicyFactory.java:getPolicy(57)) - Create leader choose policy of type org.apache.hadoop.hdds.scm.pipeline.leader.choose.algorithms.MinLeaderCountChoosePolicy
2022-10-14 20:48:07,129 [main] INFO  algorithms.ContainerPlacementPolicyFactory (ContainerPlacementPolicyFactory.java:getPolicyInternal(86)) - Create container placement policy of type org.apache.hadoop.hdds.scm.container.placement.algorithms.SCMContainerPlacementRackScatter
2022-10-14 20:48:07,135 [main] INFO  ha.SCMServiceManager (SCMServiceManager.java:register(42)) - Registering service BackgroundPipelineCreator.
2022-10-14 20:48:07,136 [main] INFO  pipeline.BackgroundPipelineCreator (BackgroundPipelineCreator.java:start(124)) - Starting RatisPipelineUtilsThread.
2022-10-14 20:48:07,140 [main] INFO  BackgroundPipelineScrubber (BackgroundSCMService.java:start(68)) - Starting BackgroundPipelineScrubber Service.
2022-10-14 20:48:07,141 [main] INFO  ha.SCMServiceManager (SCMServiceManager.java:register(42)) - Registering service BackgroundPipelineScrubber.
2022-10-14 20:48:07,148 [main] INFO  ExpiredContainerReplicaOpScrubber (BackgroundSCMService.java:start(68)) - Starting ExpiredContainerReplicaOpScrubber Service.
2022-10-14 20:48:07,149 [main] INFO  ha.SCMServiceManager (SCMServiceManager.java:register(42)) - Registering service ExpiredContainerReplicaOpScrubber.
2022-10-14 20:48:07,210 [main] INFO  algorithms.PipelineChoosePolicyFactory (PipelineChoosePolicyFactory.java:createPipelineChoosePolicyFromClass(73)) - Create pipeline choose policy of type org.apache.hadoop.hdds.scm.pipeline.choose.algorithms.RandomPipelineChoosePolicy
2022-10-14 20:48:07,234 [main] INFO  ha.SCMServiceManager (SCMServiceManager.java:register(42)) - Registering service SCMBlockDeletingService.
2022-10-14 20:48:07,293 [main] INFO  replication.ReplicationManager (ReplicationManager.java:start(223)) - Starting Replication Monitor Thread.
2022-10-14 20:48:07,302 [main] INFO  ha.SCMServiceManager (SCMServiceManager.java:register(42)) - Registering service ReplicationManager.
2022-10-14 20:48:07,309 [ReplicationMonitor] INFO  replication.ReplicationManager (ReplicationManager.java:processAll(291)) - Replication Manager is not ready to run until 3000ms after safemode exit
2022-10-14 20:48:07,317 [main] INFO  safemode.ContainerSafeModeRule (ContainerSafeModeRule.java:<init>(89)) - containers with one replica threshold count 0
2022-10-14 20:48:07,327 [main] INFO  safemode.HealthyPipelineSafeModeRule (HealthyPipelineSafeModeRule.java:initializeRule(169)) - Total pipeline count is 0, healthy pipeline threshold count is 1
2022-10-14 20:48:07,329 [main] INFO  safemode.OneReplicaPipelineSafeModeRule (OneReplicaPipelineSafeModeRule.java:initializeRule(180)) - Total pipeline count is 0, pipeline's with at least one datanode reported threshold count is 0
2022-10-14 20:48:07,727 [main] INFO  audit.AuditLogger (AuditLogger.java:refreshDebugCmdSet(126)) - Refresh DebugCmdSet for SCMAudit to [].
2022-10-14 20:48:07,769 [main] INFO  ipc.CallQueueManager (CallQueueManager.java:<init>(90)) - Using callQueue: class java.util.concurrent.LinkedBlockingQueue, queueCapacity: 2000, scheduler: class org.apache.hadoop.ipc.DefaultRpcScheduler, ipcBackoff: false.
2022-10-14 20:48:07,815 [Socket Reader #1 for port 0] INFO  ipc.Server (Server.java:run(1273)) - Starting Socket Reader #1 for port 0
2022-10-14 20:48:07,890 [Listener at 0.0.0.0/35689] INFO  audit.AuditLogger (AuditLogger.java:refreshDebugCmdSet(126)) - Refresh DebugCmdSet for SCMAudit to [].
2022-10-14 20:48:07,901 [Listener at 0.0.0.0/35689] INFO  ipc.CallQueueManager (CallQueueManager.java:<init>(90)) - Using callQueue: class java.util.concurrent.LinkedBlockingQueue, queueCapacity: 2000, scheduler: class org.apache.hadoop.ipc.DefaultRpcScheduler, ipcBackoff: false.
2022-10-14 20:48:07,902 [Socket Reader #1 for port 0] INFO  ipc.Server (Server.java:run(1273)) - Starting Socket Reader #1 for port 0
2022-10-14 20:48:07,946 [Listener at 0.0.0.0/33043] INFO  audit.AuditLogger (AuditLogger.java:refreshDebugCmdSet(126)) - Refresh DebugCmdSet for SCMAudit to [].
2022-10-14 20:48:07,962 [Listener at 0.0.0.0/33043] INFO  ipc.CallQueueManager (CallQueueManager.java:<init>(90)) - Using callQueue: class java.util.concurrent.LinkedBlockingQueue, queueCapacity: 2000, scheduler: class org.apache.hadoop.ipc.DefaultRpcScheduler, ipcBackoff: false.
2022-10-14 20:48:07,965 [Socket Reader #1 for port 0] INFO  ipc.Server (Server.java:run(1273)) - Starting Socket Reader #1 for port 0
2022-10-14 20:48:08,046 [Listener at 0.0.0.0/40181] INFO  ha.SCMServiceManager (SCMServiceManager.java:register(42)) - Registering service ContainerBalancer.
2022-10-14 20:48:08,047 [Listener at 0.0.0.0/40181] INFO  server.StorageContainerManager (StorageContainerManager.java:<init>(410)) - 
Container Balancer status:
Key                            Value
Running                        false
Container Balancer Configuration values:
Key                                                Value
Threshold                                          10
Max Datanodes to Involve per Iteration(percent)    20
Max Size to Move per Iteration                     500GB
Max Size Entering Target per Iteration             26GB
Max Size Leaving Source per Iteration              26GB

2022-10-14 20:48:08,049 [Listener at 0.0.0.0/40181] WARN  events.EventQueue (EventQueue.java:fireEvent(216)) - No event handler registered for event TypedEvent{payloadType=SafeModeStatus, name='Safe mode status'}
2022-10-14 20:48:08,049 [Listener at 0.0.0.0/40181] INFO  ha.SCMContext (SCMContext.java:updateSafeModeStatus(228)) - Update SafeModeStatus from SafeModeStatus{safeModeStatus=true, preCheckPassed=false} to SafeModeStatus{safeModeStatus=true, preCheckPassed=false}.
2022-10-14 20:48:08,053 [Listener at 0.0.0.0/40181] INFO  server.StorageContainerManager (StorageContainerManager.java:start(1436)) - StorageContainerLocationProtocol RPC server is listening at /0.0.0.0:40181
2022-10-14 20:48:08,151 [Listener at 0.0.0.0/40181] WARN  impl.MetricsConfig (MetricsConfig.java:loadFirst(136)) - Cannot locate configuration: tried hadoop-metrics2-storagecontainermanager.properties,hadoop-metrics2.properties
2022-10-14 20:48:08,175 [Listener at 0.0.0.0/40181] INFO  impl.MetricsSystemImpl (MetricsSystemImpl.java:startTimer(378)) - Scheduled Metric snapshot period at 10 second(s).
2022-10-14 20:48:08,176 [Listener at 0.0.0.0/40181] INFO  impl.MetricsSystemImpl (MetricsSystemImpl.java:start(191)) - StorageContainerManager metrics system started
2022-10-14 20:48:08,538 [Listener at 0.0.0.0/40181] INFO  server.SCMClientProtocolServer (SCMClientProtocolServer.java:start(170)) - RPC server for Client  is listening at /0.0.0.0:40181
2022-10-14 20:48:08,539 [IPC Server Responder] INFO  ipc.Server (Server.java:run(1512)) - IPC Server Responder: starting
2022-10-14 20:48:08,540 [IPC Server listener on 0] INFO  ipc.Server (Server.java:run(1352)) - IPC Server listener on 0: starting
2022-10-14 20:48:08,544 [Listener at 0.0.0.0/40181] INFO  server.StorageContainerManager (StorageContainerManager.java:start(1451)) - ScmBlockLocationProtocol RPC server is listening at /0.0.0.0:33043
2022-10-14 20:48:08,545 [Listener at 0.0.0.0/40181] INFO  server.SCMBlockProtocolServer (SCMBlockProtocolServer.java:start(152)) - RPC server for Block Protocol is listening at /0.0.0.0:33043
2022-10-14 20:48:08,545 [IPC Server Responder] INFO  ipc.Server (Server.java:run(1512)) - IPC Server Responder: starting
2022-10-14 20:48:08,545 [IPC Server listener on 0] INFO  ipc.Server (Server.java:run(1352)) - IPC Server listener on 0: starting
2022-10-14 20:48:08,549 [Listener at 0.0.0.0/40181] INFO  server.SCMDatanodeProtocolServer (SCMDatanodeProtocolServer.java:start(186)) - ScmDatanodeProtocol RPC server for DataNodes is listening at /0.0.0.0:35689
2022-10-14 20:48:08,549 [IPC Server Responder] INFO  ipc.Server (Server.java:run(1512)) - IPC Server Responder: starting
2022-10-14 20:48:08,550 [IPC Server listener on 0] INFO  ipc.Server (Server.java:run(1352)) - IPC Server listener on 0: starting
2022-10-14 20:48:08,582 [org.apache.hadoop.util.JvmPauseMonitor$Monitor@c414eb3] INFO  util.JvmPauseMonitor (JvmPauseMonitor.java:run(188)) - Starting JVM pause monitor
2022-10-14 20:48:08,596 [Listener at 0.0.0.0/40181] INFO  http.BaseHttpServer (BaseHttpServer.java:newHttpServer2BuilderForOzone(213)) - Starting Web-server for scm at: http://0.0.0.0:0
2022-10-14 20:48:08,596 [Listener at 0.0.0.0/40181] INFO  http.BaseHttpServer (BaseHttpServer.java:<init>(108)) - Hadoop Security Enabled: false Ozone Security Enabled: false Ozone HTTP Security Enabled: false 
2022-10-14 20:48:08,627 [Listener at 0.0.0.0/40181] INFO  util.log (Log.java:initialized(170)) - Logging initialized @4896ms to org.eclipse.jetty.util.log.Slf4jLog
2022-10-14 20:48:08,745 [Listener at 0.0.0.0/40181] WARN  server.AuthenticationFilter (AuthenticationFilter.java:constructSecretProvider(240)) - Unable to initialize FileSignerSecretProvider, falling back to use random secrets. Reason: Could not read signature secret file: /home/runner/hadoop-http-auth-signature-secret
2022-10-14 20:48:08,754 [Listener at 0.0.0.0/40181] WARN  http.HttpRequestLog (HttpRequestLog.java:getRequestLog(103)) - Jetty request log can only be enabled using Log4j
2022-10-14 20:48:08,761 [Listener at 0.0.0.0/40181] INFO  http.HttpServer2 (HttpServer2.java:addGlobalFilter(1031)) - Added global filter 'safety' (class=org.apache.hadoop.hdds.server.http.HttpServer2$QuotingInputFilter)
2022-10-14 20:48:08,763 [Listener at 0.0.0.0/40181] INFO  http.HttpServer2 (HttpServer2.java:addFilter(1007)) - Added filter static_user_filter (class=org.apache.hadoop.http.lib.StaticUserWebFilter$StaticUserFilter) to context scm
2022-10-14 20:48:08,764 [Listener at 0.0.0.0/40181] INFO  http.HttpServer2 (HttpServer2.java:addFilter(1015)) - Added filter static_user_filter (class=org.apache.hadoop.http.lib.StaticUserWebFilter$StaticUserFilter) to context logs
2022-10-14 20:48:08,764 [Listener at 0.0.0.0/40181] INFO  http.HttpServer2 (HttpServer2.java:addFilter(1015)) - Added filter static_user_filter (class=org.apache.hadoop.http.lib.StaticUserWebFilter$StaticUserFilter) to context static
2022-10-14 20:48:08,810 [Listener at 0.0.0.0/40181] INFO  http.HttpServer2 (HttpServer2.java:bindListener(1250)) - Jetty bound to port 42389
2022-10-14 20:48:08,812 [Listener at 0.0.0.0/40181] INFO  server.Server (Server.java:doStart(375)) - jetty-9.4.43.v20210629; built: 2021-06-30T11:07:22.254Z; git: 526006ecfa3af7f1a27ef3a288e2bef7ea9dd7e8; jvm 1.8.0_345-b01
2022-10-14 20:48:08,847 [Listener at 0.0.0.0/40181] INFO  server.session (DefaultSessionIdManager.java:doStart(334)) - DefaultSessionIdManager workerName=node0
2022-10-14 20:48:08,847 [Listener at 0.0.0.0/40181] INFO  server.session (DefaultSessionIdManager.java:doStart(339)) - No SessionScavenger set, using defaults
2022-10-14 20:48:08,849 [Listener at 0.0.0.0/40181] INFO  server.session (HouseKeeper.java:startScavenging(132)) - node0 Scavenging every 660000ms
2022-10-14 20:48:08,863 [Listener at 0.0.0.0/40181] INFO  handler.ContextHandler (ContextHandler.java:doStart(915)) - Started o.e.j.s.ServletContextHandler@5243d730{logs,/logs,file:///home/runner/work/ozone/ozone/hadoop-ozone/integration-test/target/log,AVAILABLE}
2022-10-14 20:48:08,864 [Listener at 0.0.0.0/40181] INFO  handler.ContextHandler (ContextHandler.java:doStart(915)) - Started o.e.j.s.ServletContextHandler@64d1f549{static,/static,file:///home/runner/work/ozone/ozone/hadoop-ozone/integration-test/target/test-classes/webapps/static,AVAILABLE}
2022-10-14 20:48:08,913 [Listener at 0.0.0.0/40181] INFO  handler.ContextHandler (ContextHandler.java:doStart(915)) - Started o.e.j.w.WebAppContext@1d884a19{scm,/,file:///home/runner/work/ozone/ozone/hadoop-ozone/integration-test/target/test-classes/webapps/scm/,AVAILABLE}{file:/home/runner/work/ozone/ozone/hadoop-ozone/integration-test/target/test-classes/webapps/scm}
2022-10-14 20:48:08,929 [Listener at 0.0.0.0/40181] INFO  server.AbstractConnector (AbstractConnector.java:doStart(331)) - Started ServerConnector@feab3ae{HTTP/1.1, (http/1.1)}{0.0.0.0:42389}
2022-10-14 20:48:08,929 [Listener at 0.0.0.0/40181] INFO  server.Server (Server.java:doStart(415)) - Started @5199ms
2022-10-14 20:48:08,931 [Listener at 0.0.0.0/40181] INFO  impl.MetricsSinkAdapter (MetricsSinkAdapter.java:start(204)) - Sink prometheus started
2022-10-14 20:48:08,932 [Listener at 0.0.0.0/40181] INFO  impl.MetricsSystemImpl (MetricsSystemImpl.java:registerSink(305)) - Registered sink prometheus
2022-10-14 20:48:08,941 [Listener at 0.0.0.0/40181] INFO  http.BaseHttpServer (BaseHttpServer.java:updateConnectorAddress(333)) - HTTP server of scm listening at http://0.0.0.0:42389
2022-10-14 20:48:08,943 [Listener at 0.0.0.0/40181] WARN  server.ServerUtils (ServerUtils.java:getDBPath(225)) - ozone.om.db.dirs is not configured. We recommend adding this setting. Falling back to ozone.metadata.dirs instead.
2022-10-14 20:48:09,016 [Listener at 0.0.0.0/40181] INFO  audit.AuditLogger (AuditLogger.java:refreshDebugCmdSet(126)) - Refresh DebugCmdSet for OMAudit to [].
2022-10-14 20:48:09,125 [Listener at 0.0.0.0/40181] INFO  ha.OMHANodeDetails (OMHANodeDetails.java:loadOMHAConfig(115)) - ozone.om.internal.service.id is not defined, falling back to ozone.om.service.ids to find serviceID for OzoneManager if it is HA enabled cluster
2022-10-14 20:48:09,129 [Listener at 0.0.0.0/40181] INFO  ha.OMHANodeDetails (OMHANodeDetails.java:loadOMHAConfig(226)) - Configuration does not have ozone.om.address set. Falling back to the default OM address /127.0.0.1:0
2022-10-14 20:48:09,129 [Listener at 0.0.0.0/40181] INFO  ha.OMHANodeDetails (OMHANodeDetails.java:getOMNodeDetailsForNonHA(254)) - OM Service ID is not set. Setting it to the default ID: omServiceIdDefault
2022-10-14 20:48:09,129 [Listener at 0.0.0.0/40181] INFO  ha.OMHANodeDetails (OMHANodeDetails.java:getOMNodeDetailsForNonHA(261)) - OM Node ID is not set. Setting it to the default ID: om1
2022-10-14 20:48:09,133 [Listener at 0.0.0.0/40181] WARN  server.ServerUtils (ServerUtils.java:getDBPath(225)) - ozone.om.db.dirs is not configured. We recommend adding this setting. Falling back to ozone.metadata.dirs instead.
2022-10-14 20:48:09,135 [Listener at 0.0.0.0/40181] INFO  upgrade.AbstractLayoutVersionManager (AbstractLayoutVersionManager.java:init(83)) - Initializing Layout version manager with metadata layout = MULTITENANCY_SCHEMA (version = 3), software layout = MULTITENANCY_SCHEMA (version = 3)
2022-10-14 20:48:09,246 [Listener at 0.0.0.0/40181] INFO  reflections.Reflections (Reflections.java:scan(232)) - Reflections took 105 ms to scan 2 urls, producing 154 keys and 428 values [using 2 cores]
2022-10-14 20:48:09,254 [Listener at 0.0.0.0/40181] INFO  upgrade.OMLayoutVersionManager (OMLayoutVersionManager.java:lambda$0(115)) - Skipping Upgrade Action MockOmUpgradeAction since it has been finalized.
2022-10-14 20:48:09,255 [Listener at 0.0.0.0/40181] WARN  server.ServerUtils (ServerUtils.java:getDBPath(225)) - ozone.om.db.dirs is not configured. We recommend adding this setting. Falling back to ozone.metadata.dirs instead.
2022-10-14 20:48:09,444 [Listener at 0.0.0.0/40181] INFO  proxy.SCMBlockLocationFailoverProxyProvider (SCMBlockLocationFailoverProxyProvider.java:<init>(114)) - Created block location fail-over proxy with 1 nodes: [nodeId=scmNodeId,nodeAddress=/0.0.0.0:33043]
2022-10-14 20:48:09,481 [Listener at 0.0.0.0/40181] INFO  proxy.SCMBlockLocationFailoverProxyProvider (SCMBlockLocationFailoverProxyProvider.java:<init>(114)) - Created block location fail-over proxy with 1 nodes: [nodeId=scmNodeId,nodeAddress=/0.0.0.0:33043]
2022-10-14 20:48:09,697 [Listener at 0.0.0.0/40181] WARN  server.ServerUtils (ServerUtils.java:getDBPath(225)) - ozone.om.db.dirs is not configured. We recommend adding this setting. Falling back to ozone.metadata.dirs instead.
2022-10-14 20:48:09,704 [Listener at 0.0.0.0/40181] INFO  codec.OmKeyInfoCodec (OmKeyInfoCodec.java:<init>(49)) - OmKeyInfoCodec ignorePipeline = true
2022-10-14 20:48:09,705 [Listener at 0.0.0.0/40181] INFO  codec.RepeatedOmKeyInfoCodec (RepeatedOmKeyInfoCodec.java:<init>(41)) - RepeatedOmKeyInfoCodec ignorePipeline = true
2022-10-14 20:48:09,906 [Listener at 0.0.0.0/40181] INFO  om.OzoneManager (OzoneManager.java:instantiateServices(712)) - S3 Multi-Tenancy is disabled
2022-10-14 20:48:10,003 [Listener at 0.0.0.0/40181] INFO  om.OzoneManager (OzoneManager.java:addS3GVolumeToDB(4386)) - Created Volume s3v With Owner runner required for S3Gateway operations.
2022-10-14 20:48:10,091 [Listener at 0.0.0.0/40181] WARN  server.ServerUtils (ServerUtils.java:getDefaultRatisDirectory(237)) - Storage directory for Ratis is not configured. It is a good idea to map this to an SSD disk. Falling back to ozone.metadata.dirs
2022-10-14 20:48:10,092 [Listener at 0.0.0.0/40181] WARN  utils.OzoneManagerRatisUtils (OzoneManagerRatisUtils.java:getOMRatisSnapshotDirectory(434)) - ozone.om.ratis.snapshot.dir is not configured. Falling back to ozone.metadata.dirs config
2022-10-14 20:48:10,115 [Listener at 0.0.0.0/40181] WARN  server.ServerUtils (ServerUtils.java:getDefaultRatisDirectory(237)) - Storage directory for Ratis is not configured. It is a good idea to map this to an SSD disk. Falling back to ozone.metadata.dirs
2022-10-14 20:48:10,148 [Listener at 0.0.0.0/40181] INFO  ratis.OzoneManagerRatisServer (OzoneManagerRatisServer.java:<init>(160)) - Instantiating OM Ratis server with groupID: omServiceIdDefault and peers: localhost:9872
2022-10-14 20:48:10,158 [Listener at 0.0.0.0/40181] INFO  ratis.OzoneManagerStateMachine (OzoneManagerStateMachine.java:loadSnapshotInfoFromDB(632)) - LastAppliedIndex is set from TransactionInfo from OM DB as (t:0, i:~)
2022-10-14 20:48:10,223 [Listener at 0.0.0.0/40181] INFO  server.RaftServer (ConfUtils.java:logGet(46)) - raft.rpc.type = GRPC (default)
2022-10-14 20:48:10,328 [Listener at 0.0.0.0/40181] INFO  grpc.GrpcFactory (GrpcFactory.java:checkPooledByteBufAllocatorUseCacheForAllThreads(48)) - PERFORMANCE WARNING: useCacheForAllThreads is true that may cause Netty to create a lot garbage objects and, as a result, trigger GC.
	It is recommended to disable useCacheForAllThreads by setting -Dorg.apache.ratis.thirdparty.io.netty.allocator.useCacheForAllThreads=false in command line.
2022-10-14 20:48:10,338 [Listener at 0.0.0.0/40181] INFO  grpc.GrpcConfigKeys (ConfUtils.java:logGet(46)) - raft.grpc.admin.port = -1 (default)
2022-10-14 20:48:10,338 [Listener at 0.0.0.0/40181] INFO  grpc.GrpcConfigKeys (ConfUtils.java:logGet(46)) - raft.grpc.server.port = 9872 (custom)
2022-10-14 20:48:10,339 [Listener at 0.0.0.0/40181] INFO  grpc.GrpcConfigKeys (ConfUtils.java:logGet(46)) - raft.grpc.client.port = -1 (default)
2022-10-14 20:48:10,339 [Listener at 0.0.0.0/40181] INFO  grpc.GrpcConfigKeys (ConfUtils.java:logGet(46)) - raft.grpc.server.port = 9872 (custom)
2022-10-14 20:48:10,340 [Listener at 0.0.0.0/40181] INFO  grpc.GrpcConfigKeys (ConfUtils.java:logGet(46)) - raft.grpc.server.port = 9872 (custom)
2022-10-14 20:48:10,340 [Listener at 0.0.0.0/40181] INFO  server.GrpcService (ConfUtils.java:logGet(46)) - raft.grpc.message.size.max = 33554432 (custom)
2022-10-14 20:48:10,344 [Listener at 0.0.0.0/40181] INFO  server.RaftServerConfigKeys (ConfUtils.java:logGet(46)) - raft.server.log.appender.buffer.byte-limit = 33554432 (custom)
2022-10-14 20:48:10,345 [Listener at 0.0.0.0/40181] INFO  server.GrpcService (ConfUtils.java:logGet(46)) - raft.grpc.flow.control.window = 1MB (=1048576) (default)
2022-10-14 20:48:10,347 [Listener at 0.0.0.0/40181] INFO  server.RaftServerConfigKeys (ConfUtils.java:logGet(46)) - raft.server.rpc.request.timeout = 3000ms (default)
2022-10-14 20:48:10,368 [Listener at 0.0.0.0/40181] INFO  grpc.GrpcConfigKeys (ConfUtils.java:logGet(46)) - raft.grpc.server.async.request.thread.pool.cached = true (default)
2022-10-14 20:48:10,369 [Listener at 0.0.0.0/40181] INFO  grpc.GrpcConfigKeys (ConfUtils.java:logGet(46)) - raft.grpc.server.async.request.thread.pool.size = 32 (default)
2022-10-14 20:48:10,758 [Listener at 0.0.0.0/40181] INFO  impl.DataStreamServerImpl (ConfUtils.java:logGet(46)) - raft.datastream.type = DISABLED (default)
2022-10-14 20:48:10,764 [Listener at 0.0.0.0/40181] INFO  server.RaftServerConfigKeys (ConfUtils.java:logGet(46)) - raft.server.threadpool.proxy.cached = true (default)
2022-10-14 20:48:10,766 [Listener at 0.0.0.0/40181] INFO  server.RaftServerConfigKeys (ConfUtils.java:logGet(46)) - raft.server.threadpool.proxy.size = 0 (default)
2022-10-14 20:48:10,769 [Listener at 0.0.0.0/40181] INFO  server.RaftServerConfigKeys (ConfUtils.java:logGet(46)) - raft.server.rpc.slowness.timeout = 120s (custom)
2022-10-14 20:48:10,771 [Listener at 0.0.0.0/40181] INFO  server.RaftServerConfigKeys (ConfUtils.java:logGet(46)) - raft.server.leaderelection.leader.step-down.wait-time = 10s (default)
2022-10-14 20:48:10,776 [Listener at 0.0.0.0/40181] INFO  server.RaftServerConfigKeys (ConfUtils.java:logGet(46)) - raft.server.storage.dir = [/home/runner/work/ozone/ozone/hadoop-ozone/integration-test/target/test-dir/MiniOzoneClusterImpl-1e9d71ba-d753-4201-9665-5e97e6b64b9c/ozone-meta/ratis] (custom)
2022-10-14 20:48:10,789 [Listener at 0.0.0.0/40181] INFO  server.RaftServer (RaftServerProxy.java:addNew(96)) - om1: addNew group-C5BA1605619E:[om1|rpc:localhost:9872|priority:0] returns group-C5BA1605619E:java.util.concurrent.CompletableFuture@795239f9[Not completed]
2022-10-14 20:48:10,789 [Listener at 0.0.0.0/40181] INFO  om.OzoneManager (OzoneManager.java:initializeRatisServer(1976)) - OzoneManager Ratis server initialized at port 9872
2022-10-14 20:48:10,825 [Listener at 0.0.0.0/40181] INFO  om.OzoneManager (OzoneManager.java:getRpcServer(1102)) - Creating RPC Server
2022-10-14 20:48:10,836 [pool-55-thread-1] INFO  server.RaftServer$Division (RaftServerImpl.java:<init>(190)) - om1: new RaftServerImpl for group-C5BA1605619E:[om1|rpc:localhost:9872|priority:0] with OzoneManagerStateMachine:uninitialized
2022-10-14 20:48:10,838 [pool-55-thread-1] INFO  server.RaftServerConfigKeys (ConfUtils.java:logGet(46)) - raft.server.rpc.timeout.min = 1s (custom)
2022-10-14 20:48:10,839 [pool-55-thread-1] INFO  server.RaftServerConfigKeys (ConfUtils.java:logGet(46)) - raft.server.rpc.timeout.max = 1200ms (custom)
2022-10-14 20:48:10,839 [pool-55-thread-1] INFO  server.RaftServerConfigKeys (ConfUtils.java:logGet(46)) - raft.server.rpc.sleep.time = 25ms (default)
2022-10-14 20:48:10,839 [pool-55-thread-1] INFO  server.RaftServerConfigKeys (ConfUtils.java:logGet(46)) - raft.server.rpc.slowness.timeout = 120s (custom)
2022-10-14 20:48:10,839 [pool-55-thread-1] INFO  server.RaftServerConfigKeys (ConfUtils.java:logGet(46)) - raft.server.leaderelection.leader.step-down.wait-time = 10s (default)
2022-10-14 20:48:10,839 [pool-55-thread-1] INFO  server.RaftServerConfigKeys (ConfUtils.java:logGet(46)) - raft.server.sleep.deviation.threshold = 300ms (default)
2022-10-14 20:48:10,857 [pool-55-thread-1] INFO  server.RaftServer$Division (ServerState.java:<init>(107)) - om1@group-C5BA1605619E: ConfigurationManager, init=-1: [om1|rpc:localhost:9872|priority:0], old=null, confs=<EMPTY_MAP>
2022-10-14 20:48:10,857 [pool-55-thread-1] INFO  server.RaftServerConfigKeys (ConfUtils.java:logGet(46)) - raft.server.storage.dir = [/home/runner/work/ozone/ozone/hadoop-ozone/integration-test/target/test-dir/MiniOzoneClusterImpl-1e9d71ba-d753-4201-9665-5e97e6b64b9c/ozone-meta/ratis] (custom)
2022-10-14 20:48:10,862 [pool-55-thread-1] INFO  server.RaftServerConfigKeys (ConfUtils.java:logGet(46)) - raft.server.log.corruption.policy = EXCEPTION (default)
2022-10-14 20:48:10,863 [pool-55-thread-1] INFO  server.RaftServerConfigKeys (ConfUtils.java:logGet(46)) - raft.server.storage.free-space.min = 0MB (=0) (default)
2022-10-14 20:48:10,869 [pool-55-thread-1] INFO  storage.RaftStorageDirectory (RaftStorageDirectoryImpl.java:analyzeStorage(135)) - The storage directory /home/runner/work/ozone/ozone/hadoop-ozone/integration-test/target/test-dir/MiniOzoneClusterImpl-1e9d71ba-d753-4201-9665-5e97e6b64b9c/ozone-meta/ratis/bf265839-605b-3f16-9796-c5ba1605619e does not exist. Creating ...
2022-10-14 20:48:10,881 [pool-55-thread-1] INFO  storage.RaftStorageDirectory (RaftStorageDirectoryImpl.java:tryLock(230)) - Lock on /home/runner/work/ozone/ozone/hadoop-ozone/integration-test/target/test-dir/MiniOzoneClusterImpl-1e9d71ba-d753-4201-9665-5e97e6b64b9c/ozone-meta/ratis/bf265839-605b-3f16-9796-c5ba1605619e/in_use.lock acquired by nodename 88544@fv-az459-990
2022-10-14 20:48:10,893 [pool-55-thread-1] INFO  storage.RaftStorage (RaftStorageImpl.java:format(89)) - Storage directory /home/runner/work/ozone/ozone/hadoop-ozone/integration-test/target/test-dir/MiniOzoneClusterImpl-1e9d71ba-d753-4201-9665-5e97e6b64b9c/ozone-meta/ratis/bf265839-605b-3f16-9796-c5ba1605619e has been successfully formatted.
2022-10-14 20:48:10,899 [pool-55-thread-1] INFO  server.RaftServerConfigKeys (ConfUtils.java:logGet(46)) - raft.server.notification.no-leader.timeout = 120s (custom)
2022-10-14 20:48:10,909 [pool-55-thread-1] INFO  server.RaftServerConfigKeys (ConfUtils.java:logGet(46)) - raft.server.log.use.memory = false (default)
2022-10-14 20:48:10,924 [pool-55-thread-1] INFO  server.RaftServerConfigKeys (ConfUtils.java:logGet(46)) - raft.server.log.purge.gap = 1000000 (custom)
2022-10-14 20:48:10,924 [pool-55-thread-1] INFO  server.RaftServerConfigKeys (ConfUtils.java:logGet(46)) - raft.server.log.appender.buffer.byte-limit = 33554432 (custom)
2022-10-14 20:48:10,928 [pool-55-thread-1] INFO  server.RaftServerConfigKeys (ConfUtils.java:logGet(46)) - raft.server.log.statemachine.data.read.timeout = 1000ms (default)
2022-10-14 20:48:10,977 [pool-55-thread-1] INFO  server.RaftServerConfigKeys (ConfUtils.java:logGet(46)) - raft.server.log.segment.size.max = 4194304 (custom)
2022-10-14 20:48:11,009 [pool-55-thread-1] INFO  server.RaftServerConfigKeys (ConfUtils.java:logGet(46)) - raft.server.log.segment.cache.num.max = 2 (custom)
2022-10-14 20:48:11,009 [pool-55-thread-1] INFO  server.RaftServerConfigKeys (ConfUtils.java:logGet(46)) - raft.server.log.segment.cache.size.max = 200MB (=209715200) (default)
2022-10-14 20:48:11,034 [pool-55-thread-1] INFO  segmented.SegmentedRaftLogWorker (SegmentedRaftLogWorker.java:<init>(187)) - new om1@group-C5BA1605619E-SegmentedRaftLogWorker for RaftStorageImpl:Storage Directory /home/runner/work/ozone/ozone/hadoop-ozone/integration-test/target/test-dir/MiniOzoneClusterImpl-1e9d71ba-d753-4201-9665-5e97e6b64b9c/ozone-meta/ratis/bf265839-605b-3f16-9796-c5ba1605619e
2022-10-14 20:48:11,034 [pool-55-thread-1] INFO  server.RaftServerConfigKeys (ConfUtils.java:logGet(46)) - raft.server.log.queue.byte-limit = 64MB (=67108864) (default)
2022-10-14 20:48:11,035 [pool-55-thread-1] INFO  server.RaftServerConfigKeys (ConfUtils.java:logGet(46)) - raft.server.log.queue.element-limit = 4096 (default)
2022-10-14 20:48:11,036 [pool-55-thread-1] INFO  server.RaftServerConfigKeys (ConfUtils.java:logGet(46)) - raft.server.log.segment.size.max = 4194304 (custom)
2022-10-14 20:48:11,036 [pool-55-thread-1] INFO  server.RaftServerConfigKeys (ConfUtils.java:logGet(46)) - raft.server.log.preallocated.size = 4194304 (custom)
2022-10-14 20:48:11,044 [pool-55-thread-1] INFO  server.RaftServerConfigKeys (ConfUtils.java:logGet(46)) - raft.server.log.force.sync.num = 128 (default)
2022-10-14 20:48:11,066 [pool-55-thread-1] INFO  server.RaftServerConfigKeys (ConfUtils.java:logGet(46)) - raft.server.log.statemachine.data.sync = true (default)
2022-10-14 20:48:11,067 [pool-55-thread-1] INFO  server.RaftServerConfigKeys (ConfUtils.java:logGet(46)) - raft.server.log.statemachine.data.sync.timeout = 10s (default)
2022-10-14 20:48:11,067 [pool-55-thread-1] INFO  server.RaftServerConfigKeys (ConfUtils.java:logGet(46)) - raft.server.log.statemachine.data.sync.timeout.retry = -1 (default)
2022-10-14 20:48:11,119 [pool-55-thread-1] INFO  server.RaftServerConfigKeys (ConfUtils.java:logGet(46)) - raft.server.log.write.buffer.size = 64KB (=65536) (default)
2022-10-14 20:48:11,120 [pool-55-thread-1] INFO  server.RaftServerConfigKeys (ConfUtils.java:logGet(46)) - raft.server.log.unsafe-flush.enabled = false (default)
2022-10-14 20:48:11,120 [pool-55-thread-1] INFO  server.RaftServerConfigKeys (ConfUtils.java:logGet(46)) - raft.server.log.statemachine.data.caching.enabled = false (default)
2022-10-14 20:48:11,136 [pool-55-thread-1] INFO  segmented.SegmentedRaftLogWorker (SegmentedRaftLogWorker.java:lambda$new$0(135)) - om1@group-C5BA1605619E-SegmentedRaftLogWorker: flushIndex: setUnconditionally 0 -> -1
2022-10-14 20:48:11,136 [pool-55-thread-1] INFO  segmented.SegmentedRaftLogWorker (SegmentedRaftLogWorker.java:lambda$new$0(135)) - om1@group-C5BA1605619E-SegmentedRaftLogWorker: safeCacheEvictIndex: setUnconditionally 0 -> -1
2022-10-14 20:48:11,147 [pool-55-thread-1] INFO  server.RaftServerConfigKeys (ConfUtils.java:logGet(46)) - raft.server.snapshot.auto.trigger.enabled = true (custom)
2022-10-14 20:48:11,148 [pool-55-thread-1] INFO  server.RaftServerConfigKeys (ConfUtils.java:logGet(46)) - raft.server.snapshot.auto.trigger.threshold = 400000 (default)
2022-10-14 20:48:11,148 [pool-55-thread-1] INFO  server.RaftServerConfigKeys (ConfUtils.java:logGet(46)) - raft.server.snapshot.retention.file.num = -1 (default)
2022-10-14 20:48:11,157 [pool-55-thread-1] INFO  server.RaftServerConfigKeys (ConfUtils.java:logGet(46)) - raft.server.log.purge.upto.snapshot.index = true (custom)
2022-10-14 20:48:11,159 [pool-55-thread-1] INFO  server.RaftServerConfigKeys (ConfUtils.java:logGet(46)) - raft.server.retrycache.expirytime = 300s (custom)
2022-10-14 20:48:11,160 [pool-55-thread-1] INFO  server.RaftServerConfigKeys (ConfUtils.java:logGet(46)) - raft.server.retrycache.statistics.expirytime = 100μs (default)
2022-10-14 20:48:11,285 [pool-55-thread-1] INFO  server.RaftServerConfigKeys (ConfUtils.java:logGet(46)) - raft.server.log.appender.install.snapshot.enabled = false (custom)
2022-10-14 20:48:11,285 [pool-55-thread-1] INFO  server.RaftServerConfigKeys (ConfUtils.java:logGet(46)) - raft.server.threadpool.server.cached = true (default)
2022-10-14 20:48:11,286 [pool-55-thread-1] INFO  server.RaftServerConfigKeys (ConfUtils.java:logGet(46)) - raft.server.threadpool.server.size = 0 (default)
2022-10-14 20:48:11,286 [pool-55-thread-1] INFO  server.RaftServerConfigKeys (ConfUtils.java:logGet(46)) - raft.server.threadpool.client.cached = true (default)
2022-10-14 20:48:11,287 [pool-55-thread-1] INFO  server.RaftServerConfigKeys (ConfUtils.java:logGet(46)) - raft.server.threadpool.client.size = 0 (default)
2022-10-14 20:48:11,852 [Listener at 0.0.0.0/40181] INFO  reflections.Reflections (Reflections.java:scan(232)) - Reflections took 934 ms to scan 19 urls, producing 67 keys and 4232 values [using 2 cores]
2022-10-14 20:48:12,184 [Listener at 0.0.0.0/40181] INFO  ipc.CallQueueManager (CallQueueManager.java:<init>(90)) - Using callQueue: class java.util.concurrent.LinkedBlockingQueue, queueCapacity: 2000, scheduler: class org.apache.hadoop.ipc.DefaultRpcScheduler, ipcBackoff: false.
2022-10-14 20:48:12,185 [Socket Reader #1 for port 0] INFO  ipc.Server (Server.java:run(1273)) - Starting Socket Reader #1 for port 0
2022-10-14 20:48:12,220 [Listener at 127.0.0.1/41743] INFO  impl.MetricsSystemImpl (MetricsSystemImpl.java:init(158)) - OzoneManager metrics system started (again)
2022-10-14 20:48:12,234 [Listener at 127.0.0.1/41743] INFO  om.OzoneManager (OzoneManager.java:start(1483)) - OzoneManager RPC server is listening at localhost/127.0.0.1:41743
2022-10-14 20:48:12,235 [Listener at 127.0.0.1/41743] INFO  ratis.OzoneManagerRatisServer (OzoneManagerRatisServer.java:start(555)) - Starting OzoneManagerRatisServer om1 at port 9872
2022-10-14 20:48:12,238 [om1-impl-thread1] INFO  server.RaftServer$Division (RaftServerImpl.java:start(310)) - om1@group-C5BA1605619E: start as a follower, conf=-1: [om1|rpc:localhost:9872|priority:0], old=null
2022-10-14 20:48:12,239 [om1-impl-thread1] INFO  server.RaftServer$Division (RaftServerImpl.java:setRole(299)) - om1@group-C5BA1605619E: changes role from      null to FOLLOWER at term 0 for startAsFollower
2022-10-14 20:48:12,240 [om1-impl-thread1] INFO  impl.RoleInfo (RoleInfo.java:updateAndGet(139)) - om1: start om1@group-C5BA1605619E-FollowerState
2022-10-14 20:48:12,242 [om1-impl-thread1] INFO  util.JmxRegister (JmxRegister.java:tryRegister(44)) - Successfully registered JMX Bean with object name Ratis:service=RaftServer,group=group-C5BA1605619E,id=om1
2022-10-14 20:48:12,249 [Listener at 127.0.0.1/41743] INFO  server.RaftServer (RaftServerProxy.java:lambda$start$6(382)) - om1: start RPC server
2022-10-14 20:48:12,321 [Listener at 127.0.0.1/41743] INFO  server.GrpcService (GrpcService.java:startImpl(260)) - om1: GrpcService started, listening on 9872
2022-10-14 20:48:12,325 [Listener at 127.0.0.1/41743] INFO  om.OzoneManager (OzoneManager.java:start(1499)) - Version File has different layout version (3) than OM DB (null). That is expected if this OM has never been finalized to a newer layout version.
2022-10-14 20:48:12,327 [org.apache.ratis.util.JvmPauseMonitor$$Lambda$684/1307560138@24fb7b1] INFO  util.JvmPauseMonitor (JvmPauseMonitor.java:run(103)) - JvmPauseMonitor-om1: Started
2022-10-14 20:48:12,348 [Listener at 127.0.0.1/41743] INFO  http.BaseHttpServer (BaseHttpServer.java:newHttpServer2BuilderForOzone(213)) - Starting Web-server for ozoneManager at: http://0.0.0.0:0
2022-10-14 20:48:12,348 [Listener at 127.0.0.1/41743] INFO  http.BaseHttpServer (BaseHttpServer.java:<init>(108)) - Hadoop Security Enabled: false Ozone Security Enabled: false Ozone HTTP Security Enabled: false 
2022-10-14 20:48:12,350 [Listener at 127.0.0.1/41743] WARN  server.AuthenticationFilter (AuthenticationFilter.java:constructSecretProvider(240)) - Unable to initialize FileSignerSecretProvider, falling back to use random secrets. Reason: Could not read signature secret file: /home/runner/hadoop-http-auth-signature-secret
2022-10-14 20:48:12,351 [Listener at 127.0.0.1/41743] WARN  http.HttpRequestLog (HttpRequestLog.java:getRequestLog(103)) - Jetty request log can only be enabled using Log4j
2022-10-14 20:48:12,354 [Listener at 127.0.0.1/41743] INFO  http.HttpServer2 (HttpServer2.java:addGlobalFilter(1031)) - Added global filter 'safety' (class=org.apache.hadoop.hdds.server.http.HttpServer2$QuotingInputFilter)
2022-10-14 20:48:12,355 [Listener at 127.0.0.1/41743] INFO  http.HttpServer2 (HttpServer2.java:addFilter(1007)) - Added filter static_user_filter (class=org.apache.hadoop.http.lib.StaticUserWebFilter$StaticUserFilter) to context ozoneManager
2022-10-14 20:48:12,355 [Listener at 127.0.0.1/41743] INFO  http.HttpServer2 (HttpServer2.java:addFilter(1015)) - Added filter static_user_filter (class=org.apache.hadoop.http.lib.StaticUserWebFilter$StaticUserFilter) to context static
2022-10-14 20:48:12,355 [Listener at 127.0.0.1/41743] INFO  http.HttpServer2 (HttpServer2.java:addFilter(1015)) - Added filter static_user_filter (class=org.apache.hadoop.http.lib.StaticUserWebFilter$StaticUserFilter) to context logs
2022-10-14 20:48:12,360 [Listener at 127.0.0.1/41743] INFO  http.HttpServer2 (HttpServer2.java:bindListener(1250)) - Jetty bound to port 41323
2022-10-14 20:48:12,360 [Listener at 127.0.0.1/41743] INFO  server.Server (Server.java:doStart(375)) - jetty-9.4.43.v20210629; built: 2021-06-30T11:07:22.254Z; git: 526006ecfa3af7f1a27ef3a288e2bef7ea9dd7e8; jvm 1.8.0_345-b01
2022-10-14 20:48:12,365 [Listener at 127.0.0.1/41743] INFO  server.session (DefaultSessionIdManager.java:doStart(334)) - DefaultSessionIdManager workerName=node0
2022-10-14 20:48:12,366 [Listener at 127.0.0.1/41743] INFO  server.session (DefaultSessionIdManager.java:doStart(339)) - No SessionScavenger set, using defaults
2022-10-14 20:48:12,366 [Listener at 127.0.0.1/41743] INFO  server.session (HouseKeeper.java:startScavenging(132)) - node0 Scavenging every 660000ms
2022-10-14 20:48:12,367 [Listener at 127.0.0.1/41743] INFO  handler.ContextHandler (ContextHandler.java:doStart(915)) - Started o.e.j.s.ServletContextHandler@56d96ef4{logs,/logs,file:///home/runner/work/ozone/ozone/hadoop-ozone/integration-test/target/log,AVAILABLE}
2022-10-14 20:48:12,367 [Listener at 127.0.0.1/41743] INFO  handler.ContextHandler (ContextHandler.java:doStart(915)) - Started o.e.j.s.ServletContextHandler@5ba34ac0{static,/static,file:///home/runner/work/ozone/ozone/hadoop-ozone/integration-test/target/test-classes/webapps/static,AVAILABLE}
2022-10-14 20:48:12,372 [Listener at 127.0.0.1/41743] INFO  handler.ContextHandler (ContextHandler.java:doStart(915)) - Started o.e.j.w.WebAppContext@40d1d34d{ozoneManager,/,file:///home/runner/work/ozone/ozone/hadoop-ozone/integration-test/target/test-classes/webapps/ozoneManager/,AVAILABLE}{file:/home/runner/work/ozone/ozone/hadoop-ozone/integration-test/target/test-classes/webapps/ozoneManager}
2022-10-14 20:48:12,379 [Listener at 127.0.0.1/41743] INFO  server.AbstractConnector (AbstractConnector.java:doStart(331)) - Started ServerConnector@29f3e3c7{HTTP/1.1, (http/1.1)}{0.0.0.0:41323}
2022-10-14 20:48:12,379 [Listener at 127.0.0.1/41743] INFO  server.Server (Server.java:doStart(415)) - Started @8649ms
2022-10-14 20:48:12,380 [Listener at 127.0.0.1/41743] WARN  impl.MetricsSystemImpl (MetricsSystemImpl.java:register(279)) - Sink prometheus already exists!
2022-10-14 20:48:12,382 [Listener at 127.0.0.1/41743] INFO  http.BaseHttpServer (BaseHttpServer.java:updateConnectorAddress(333)) - HTTP server of ozoneManager listening at http://0.0.0.0:41323
2022-10-14 20:48:12,383 [IPC Server Responder] INFO  ipc.Server (Server.java:run(1512)) - IPC Server Responder: starting
2022-10-14 20:48:12,383 [IPC Server listener on 0] INFO  ipc.Server (Server.java:run(1352)) - IPC Server listener on 0: starting
2022-10-14 20:48:12,386 [Listener at 127.0.0.1/41743] INFO  om.OzoneManager (OzoneManager.java:startTrashEmptier(1920)) - Trash Interval set to 0. Files deleted won't move to trash
2022-10-14 20:48:12,389 [org.apache.hadoop.util.JvmPauseMonitor$Monitor@28e826c3] INFO  util.JvmPauseMonitor (JvmPauseMonitor.java:run(188)) - Starting JVM pause monitor
2022-10-14 20:48:12,654 [Listener at 127.0.0.1/41743] WARN  impl.MetricRegistriesImpl (MetricRegistriesImpl.java:addReporterRegistration(111)) - New reporters are added after registries were created. Some metrics will be missing from the reporter. Please add reporter before adding any new registry.
2022-10-14 20:48:12,654 [Listener at 127.0.0.1/41743] WARN  impl.MetricRegistriesImpl (MetricRegistriesImpl.java:addReporterRegistration(111)) - New reporters are added after registries were created. Some metrics will be missing from the reporter. Please add reporter before adding any new registry.
2022-10-14 20:48:12,654 [Listener at 127.0.0.1/41743] INFO  impl.MetricsSystemImpl (MetricsSystemImpl.java:init(158)) - HddsDatanode metrics system started (again)
2022-10-14 20:48:12,678 [Listener at 127.0.0.1/41743] INFO  ozone.HddsDatanodeService (HddsDatanodeService.java:start(236)) - HddsDatanodeService host:fv-az459-990.msq0az1vewme3jsxyslsv0htic.jx.internal.cloudapp.net ip:10.1.0.226
2022-10-14 20:48:12,714 [Listener at 127.0.0.1/41743] INFO  upgrade.AbstractLayoutVersionManager (AbstractLayoutVersionManager.java:init(83)) - Initializing Layout version manager with metadata layout = DATANODE_SCHEMA_V3 (version = 4), software layout = DATANODE_SCHEMA_V3 (version = 4)
2022-10-14 20:48:12,766 [Listener at 127.0.0.1/41743] INFO  reflections.Reflections (Reflections.java:scan(232)) - Reflections took 50 ms to scan 7 urls, producing 137 keys and 328 values 
2022-10-14 20:48:12,770 [Listener at 127.0.0.1/41743] INFO  statemachine.DatanodeStateMachine (DatanodeStateMachine.java:getEndPointTaskThreadPoolSize(237)) - Datanode State Machine Task Thread Pool size 2
2022-10-14 20:48:12,832 [Listener at 127.0.0.1/41743] INFO  volume.HddsVolume (HddsVolume.java:<init>(117)) - Creating HddsVolume: /home/runner/work/ozone/ozone/hadoop-ozone/integration-test/target/test-dir/MiniOzoneClusterImpl-1e9d71ba-d753-4201-9665-5e97e6b64b9c/datanode-0/data-0/containers/hdds of storage type : DISK capacity : 9223372036854775807
2022-10-14 20:48:12,835 [Listener at 127.0.0.1/41743] INFO  volume.MutableVolumeSet (MutableVolumeSet.java:initializeVolumeSet(174)) - Added Volume : /home/runner/work/ozone/ozone/hadoop-ozone/integration-test/target/test-dir/MiniOzoneClusterImpl-1e9d71ba-d753-4201-9665-5e97e6b64b9c/datanode-0/data-0/containers/hdds to VolumeSet
2022-10-14 20:48:12,836 [Listener at 127.0.0.1/41743] INFO  volume.ThrottledAsyncChecker (ThrottledAsyncChecker.java:schedule(141)) - Scheduling a check for /home/runner/work/ozone/ozone/hadoop-ozone/integration-test/target/test-dir/MiniOzoneClusterImpl-1e9d71ba-d753-4201-9665-5e97e6b64b9c/datanode-0/data-0/containers/hdds
2022-10-14 20:48:12,858 [Listener at 127.0.0.1/41743] INFO  volume.StorageVolumeChecker (StorageVolumeChecker.java:checkAllVolumes(202)) - Scheduled health check for volume /home/runner/work/ozone/ozone/hadoop-ozone/integration-test/target/test-dir/MiniOzoneClusterImpl-1e9d71ba-d753-4201-9665-5e97e6b64b9c/datanode-0/data-0/containers/hdds
2022-10-14 20:48:12,878 [Listener at 127.0.0.1/41743] INFO  volume.MutableVolumeSet (MutableVolumeSet.java:initializeVolumeSet(174)) - Added Volume : /home/runner/work/ozone/ozone/hadoop-ozone/integration-test/target/test-dir/MiniOzoneClusterImpl-1e9d71ba-d753-4201-9665-5e97e6b64b9c/datanode-0/data/ratis to VolumeSet
2022-10-14 20:48:12,879 [Listener at 127.0.0.1/41743] INFO  volume.ThrottledAsyncChecker (ThrottledAsyncChecker.java:schedule(141)) - Scheduling a check for /home/runner/work/ozone/ozone/hadoop-ozone/integration-test/target/test-dir/MiniOzoneClusterImpl-1e9d71ba-d753-4201-9665-5e97e6b64b9c/datanode-0/data/ratis
2022-10-14 20:48:12,879 [Listener at 127.0.0.1/41743] INFO  volume.StorageVolumeChecker (StorageVolumeChecker.java:checkAllVolumes(202)) - Scheduled health check for volume /home/runner/work/ozone/ozone/hadoop-ozone/integration-test/target/test-dir/MiniOzoneClusterImpl-1e9d71ba-d753-4201-9665-5e97e6b64b9c/datanode-0/data/ratis
2022-10-14 20:48:12,904 [Thread-136] INFO  ozoneimpl.ContainerReader (ContainerReader.java:readVolume(175)) - Finish verifying containers on volume /home/runner/work/ozone/ozone/hadoop-ozone/integration-test/target/test-dir/MiniOzoneClusterImpl-1e9d71ba-d753-4201-9665-5e97e6b64b9c/datanode-0/data-0/containers/hdds
2022-10-14 20:48:12,905 [Listener at 127.0.0.1/41743] INFO  ozoneimpl.OzoneContainer (OzoneContainer.java:buildContainerSet(300)) - Build ContainerSet costs 0s
2022-10-14 20:48:12,955 [Listener at 127.0.0.1/41743] INFO  audit.AuditLogger (AuditLogger.java:refreshDebugCmdSet(126)) - Refresh DebugCmdSet for DNAudit to [].
2022-10-14 20:48:12,987 [Listener at 127.0.0.1/41743] INFO  server.RaftServer (ConfUtils.java:logGet(46)) - raft.rpc.type = GRPC (default)
2022-10-14 20:48:12,987 [Listener at 127.0.0.1/41743] INFO  grpc.GrpcFactory (GrpcFactory.java:checkPooledByteBufAllocatorUseCacheForAllThreads(48)) - PERFORMANCE WARNING: useCacheForAllThreads is true that may cause Netty to create a lot garbage objects and, as a result, trigger GC.
	It is recommended to disable useCacheForAllThreads by setting -Dorg.apache.ratis.thirdparty.io.netty.allocator.useCacheForAllThreads=false in command line.
2022-10-14 20:48:12,988 [Listener at 127.0.0.1/41743] INFO  grpc.GrpcConfigKeys (ConfUtils.java:logGet(46)) - raft.grpc.admin.port = 0 (custom)
2022-10-14 20:48:12,988 [Listener at 127.0.0.1/41743] INFO  grpc.GrpcConfigKeys (ConfUtils.java:logGet(46)) - raft.grpc.client.port = 0 (custom)
2022-10-14 20:48:12,988 [Listener at 127.0.0.1/41743] INFO  grpc.GrpcConfigKeys (ConfUtils.java:logGet(46)) - raft.grpc.server.port = 0 (default)
2022-10-14 20:48:12,988 [Listener at 127.0.0.1/41743] INFO  server.GrpcService (ConfUtils.java:logGet(46)) - raft.grpc.message.size.max = 32MB (=33554432) (custom)
2022-10-14 20:48:12,988 [Listener at 127.0.0.1/41743] INFO  server.RaftServerConfigKeys (ConfUtils.java:logGet(46)) - raft.server.log.appender.buffer.byte-limit = 33554432 (custom)
2022-10-14 20:48:12,989 [Listener at 127.0.0.1/41743] INFO  server.GrpcService (ConfUtils.java:logGet(46)) - raft.grpc.flow.control.window = 5MB (=5242880) (custom)
2022-10-14 20:48:12,989 [Listener at 127.0.0.1/41743] INFO  server.RaftServerConfigKeys (ConfUtils.java:logGet(46)) - raft.server.rpc.request.timeout = 60s (custom)
2022-10-14 20:48:12,989 [Listener at 127.0.0.1/41743] INFO  grpc.GrpcConfigKeys (ConfUtils.java:logGet(46)) - raft.grpc.server.async.request.thread.pool.cached = true (default)
2022-10-14 20:48:12,989 [Listener at 127.0.0.1/41743] INFO  grpc.GrpcConfigKeys (ConfUtils.java:logGet(46)) - raft.grpc.server.async.request.thread.pool.size = 32 (default)
2022-10-14 20:48:12,991 [Listener at 127.0.0.1/41743] INFO  impl.DataStreamServerImpl (ConfUtils.java:logGet(46)) - raft.datastream.type = DISABLED (default)
2022-10-14 20:48:12,991 [Listener at 127.0.0.1/41743] INFO  server.RaftServerConfigKeys (ConfUtils.java:logGet(46)) - raft.server.threadpool.proxy.cached = true (default)
2022-10-14 20:48:12,991 [Listener at 127.0.0.1/41743] INFO  server.RaftServerConfigKeys (ConfUtils.java:logGet(46)) - raft.server.threadpool.proxy.size = 0 (default)
2022-10-14 20:48:12,992 [Listener at 127.0.0.1/41743] INFO  server.RaftServerConfigKeys (ConfUtils.java:logGet(46)) - raft.server.rpc.slowness.timeout = 300s (custom)
2022-10-14 20:48:12,992 [Listener at 127.0.0.1/41743] INFO  server.RaftServerConfigKeys (ConfUtils.java:logGet(46)) - raft.server.leaderelection.leader.step-down.wait-time = 10s (default)
2022-10-14 20:48:12,992 [Listener at 127.0.0.1/41743] INFO  server.RaftServerConfigKeys (ConfUtils.java:logGet(46)) - raft.server.storage.dir = [/home/runner/work/ozone/ozone/hadoop-ozone/integration-test/target/test-dir/MiniOzoneClusterImpl-1e9d71ba-d753-4201-9665-5e97e6b64b9c/datanode-0/data/ratis] (custom)
2022-10-14 20:48:13,012 [Listener at 127.0.0.1/41743] INFO  server.XceiverServerGrpc (XceiverServerGrpc.java:<init>(132)) - GrpcServer channel type EpollServerSocketChannel
2022-10-14 20:48:13,085 [Listener at 127.0.0.1/41743] INFO  http.BaseHttpServer (BaseHttpServer.java:newHttpServer2BuilderForOzone(213)) - Starting Web-server for hddsDatanode at: http://0.0.0.0:0
2022-10-14 20:48:13,085 [Listener at 127.0.0.1/41743] INFO  http.BaseHttpServer (BaseHttpServer.java:<init>(108)) - Hadoop Security Enabled: false Ozone Security Enabled: false Ozone HTTP Security Enabled: false 
2022-10-14 20:48:13,087 [Listener at 127.0.0.1/41743] WARN  server.AuthenticationFilter (AuthenticationFilter.java:constructSecretProvider(240)) - Unable to initialize FileSignerSecretProvider, falling back to use random secrets. Reason: Could not read signature secret file: /home/runner/hadoop-http-auth-signature-secret
2022-10-14 20:48:13,089 [Listener at 127.0.0.1/41743] WARN  http.HttpRequestLog (HttpRequestLog.java:getRequestLog(103)) - Jetty request log can only be enabled using Log4j
2022-10-14 20:48:13,091 [Listener at 127.0.0.1/41743] INFO  http.HttpServer2 (HttpServer2.java:addGlobalFilter(1031)) - Added global filter 'safety' (class=org.apache.hadoop.hdds.server.http.HttpServer2$QuotingInputFilter)
2022-10-14 20:48:13,092 [Listener at 127.0.0.1/41743] INFO  http.HttpServer2 (HttpServer2.java:addFilter(1007)) - Added filter static_user_filter (class=org.apache.hadoop.http.lib.StaticUserWebFilter$StaticUserFilter) to context hddsDatanode
2022-10-14 20:48:13,092 [Listener at 127.0.0.1/41743] INFO  http.HttpServer2 (HttpServer2.java:addFilter(1015)) - Added filter static_user_filter (class=org.apache.hadoop.http.lib.StaticUserWebFilter$StaticUserFilter) to context logs
2022-10-14 20:48:13,092 [Listener at 127.0.0.1/41743] INFO  http.HttpServer2 (HttpServer2.java:addFilter(1015)) - Added filter static_user_filter (class=org.apache.hadoop.http.lib.StaticUserWebFilter$StaticUserFilter) to context static
2022-10-14 20:48:13,093 [Listener at 127.0.0.1/41743] INFO  http.HttpServer2 (HttpServer2.java:bindListener(1250)) - Jetty bound to port 39329
2022-10-14 20:48:13,093 [Listener at 127.0.0.1/41743] INFO  server.Server (Server.java:doStart(375)) - jetty-9.4.43.v20210629; built: 2021-06-30T11:07:22.254Z; git: 526006ecfa3af7f1a27ef3a288e2bef7ea9dd7e8; jvm 1.8.0_345-b01
2022-10-14 20:48:13,097 [Listener at 127.0.0.1/41743] INFO  server.session (DefaultSessionIdManager.java:doStart(334)) - DefaultSessionIdManager workerName=node0
2022-10-14 20:48:13,097 [Listener at 127.0.0.1/41743] INFO  server.session (DefaultSessionIdManager.java:doStart(339)) - No SessionScavenger set, using defaults
2022-10-14 20:48:13,098 [Listener at 127.0.0.1/41743] INFO  server.session (HouseKeeper.java:startScavenging(132)) - node0 Scavenging every 600000ms
2022-10-14 20:48:13,098 [Listener at 127.0.0.1/41743] INFO  handler.ContextHandler (ContextHandler.java:doStart(915)) - Started o.e.j.s.ServletContextHandler@246f4044{logs,/logs,file:///home/runner/work/ozone/ozone/hadoop-ozone/integration-test/target/log,AVAILABLE}
2022-10-14 20:48:13,099 [Listener at 127.0.0.1/41743] INFO  handler.ContextHandler (ContextHandler.java:doStart(915)) - Started o.e.j.s.ServletContextHandler@2cb8287{static,/static,jar:file:/home/runner/.m2/repository/org/apache/ozone/hdds-container-service/1.3.0-SNAPSHOT/hdds-container-service-1.3.0-SNAPSHOT.jar!/webapps/static,AVAILABLE}
2022-10-14 20:48:13,308 [Listener at 127.0.0.1/41743] INFO  handler.ContextHandler (ContextHandler.java:doStart(915)) - Started o.e.j.w.WebAppContext@75ff2d79{hddsDatanode,/,file:///tmp/jetty-0_0_0_0-39329-hdds-container-service-1_3_0-SNAPSHOT_jar-_-any-5072942068716726993/webapp/,AVAILABLE}{jar:file:/home/runner/.m2/repository/org/apache/ozone/hdds-container-service/1.3.0-SNAPSHOT/hdds-container-service-1.3.0-SNAPSHOT.jar!/webapps/hddsDatanode}
2022-10-14 20:48:13,310 [Listener at 127.0.0.1/41743] INFO  server.AbstractConnector (AbstractConnector.java:doStart(331)) - Started ServerConnector@12ef753b{HTTP/1.1, (http/1.1)}{0.0.0.0:39329}
2022-10-14 20:48:13,310 [Listener at 127.0.0.1/41743] INFO  server.Server (Server.java:doStart(415)) - Started @9580ms
2022-10-14 20:48:13,310 [Listener at 127.0.0.1/41743] WARN  impl.MetricsSystemImpl (MetricsSystemImpl.java:register(279)) - Sink prometheus already exists!
2022-10-14 20:48:13,311 [Listener at 127.0.0.1/41743] INFO  http.BaseHttpServer (BaseHttpServer.java:updateConnectorAddress(333)) - HTTP server of hddsDatanode listening at http://0.0.0.0:39329
2022-10-14 20:48:13,313 [Listener at 127.0.0.1/41743] WARN  impl.MetricRegistriesImpl (MetricRegistriesImpl.java:addReporterRegistration(111)) - New reporters are added after registries were created. Some metrics will be missing from the reporter. Please add reporter before adding any new registry.
2022-10-14 20:48:13,313 [Listener at 127.0.0.1/41743] WARN  impl.MetricRegistriesImpl (MetricRegistriesImpl.java:addReporterRegistration(111)) - New reporters are added after registries were created. Some metrics will be missing from the reporter. Please add reporter before adding any new registry.
2022-10-14 20:48:13,313 [Listener at 127.0.0.1/41743] INFO  impl.MetricsSystemImpl (MetricsSystemImpl.java:init(158)) - HddsDatanode metrics system started (again)
2022-10-14 20:48:13,321 [Datanode State Machine Daemon Thread] INFO  statemachine.DatanodeStateMachine (DatanodeStateMachine.java:lambda$startDaemon$0(492)) - Ozone container server started.
2022-10-14 20:48:13,336 [om1@group-C5BA1605619E-FollowerState] INFO  impl.FollowerState (FollowerState.java:run(143)) - om1@group-C5BA1605619E-FollowerState: change to CANDIDATE, lastRpcElapsedTime:1096684010ns, electionTimeout:1073ms
2022-10-14 20:48:13,342 [om1@group-C5BA1605619E-FollowerState] INFO  impl.RoleInfo (RoleInfo.java:shutdownFollowerState(110)) - om1: shutdown om1@group-C5BA1605619E-FollowerState
2022-10-14 20:48:13,345 [org.apache.hadoop.util.JvmPauseMonitor$Monitor@4a8314da] INFO  util.JvmPauseMonitor (JvmPauseMonitor.java:run(188)) - Starting JVM pause monitor
2022-10-14 20:48:13,345 [om1@group-C5BA1605619E-FollowerState] INFO  server.RaftServer$Division (RaftServerImpl.java:setRole(299)) - om1@group-C5BA1605619E: changes role from  FOLLOWER to CANDIDATE at term 0 for changeToCandidate
2022-10-14 20:48:13,348 [om1@group-C5BA1605619E-FollowerState] INFO  server.RaftServerConfigKeys (ConfUtils.java:logGet(46)) - raft.server.leaderelection.pre-vote = false (custom)
2022-10-14 20:48:13,348 [om1@group-C5BA1605619E-FollowerState] INFO  impl.RoleInfo (RoleInfo.java:updateAndGet(139)) - om1: start om1@group-C5BA1605619E-LeaderElection1
2022-10-14 20:48:13,349 [Listener at 127.0.0.1/41743] INFO  ozone.HddsDatanodeService (HddsDatanodeService.java:start(236)) - HddsDatanodeService host:fv-az459-990.msq0az1vewme3jsxyslsv0htic.jx.internal.cloudapp.net ip:10.1.0.226
2022-10-14 20:48:13,364 [om1@group-C5BA1605619E-LeaderElection1] INFO  impl.LeaderElection (LeaderElection.java:askForVotes(310)) - om1@group-C5BA1605619E-LeaderElection1 ELECTION round 0: submit vote requests at term 1 for -1: [om1|rpc:localhost:9872|priority:0], old=null
2022-10-14 20:48:13,367 [om1@group-C5BA1605619E-LeaderElection1] INFO  impl.LeaderElection (LeaderElection.java:askForVotes(312)) - om1@group-C5BA1605619E-LeaderElection1 ELECTION round 0: result PASSED (term=1)
2022-10-14 20:48:13,368 [om1@group-C5BA1605619E-LeaderElection1] INFO  impl.RoleInfo (RoleInfo.java:shutdownLeaderElection(130)) - om1: shutdown om1@group-C5BA1605619E-LeaderElection1
2022-10-14 20:48:13,368 [om1@group-C5BA1605619E-LeaderElection1] INFO  server.RaftServer$Division (RaftServerImpl.java:setRole(299)) - om1@group-C5BA1605619E: changes role from CANDIDATE to LEADER at term 1 for changeToLeader
2022-10-14 20:48:13,368 [om1@group-C5BA1605619E-LeaderElection1] INFO  server.RaftServer$Division (ServerState.java:setLeader(287)) - om1@group-C5BA1605619E: change Leader from null to om1 at term 1 for becomeLeader, leader elected after 2469ms
2022-10-14 20:48:13,386 [Listener at 127.0.0.1/41743] INFO  upgrade.AbstractLayoutVersionManager (AbstractLayoutVersionManager.java:init(83)) - Initializing Layout version manager with metadata layout = DATANODE_SCHEMA_V3 (version = 4), software layout = DATANODE_SCHEMA_V3 (version = 4)
2022-10-14 20:48:13,397 [om1@group-C5BA1605619E-LeaderElection1] INFO  server.RaftServerConfigKeys (ConfUtils.java:logGet(46)) - raft.server.staging.catchup.gap = 1000 (default)
2022-10-14 20:48:13,413 [om1@group-C5BA1605619E-LeaderElection1] INFO  server.RaftServerConfigKeys (ConfUtils.java:logGet(46)) - raft.server.write.element-limit = 4096 (default)
2022-10-14 20:48:13,414 [om1@group-C5BA1605619E-LeaderElection1] INFO  server.RaftServerConfigKeys (ConfUtils.java:logGet(46)) - raft.server.write.byte-limit = 64MB (=67108864) (default)
2022-10-14 20:48:13,427 [om1@group-C5BA1605619E-LeaderElection1] INFO  server.RaftServerConfigKeys (ConfUtils.java:logGet(46)) - raft.server.watch.timeout = 10s (default)
2022-10-14 20:48:13,427 [om1@group-C5BA1605619E-LeaderElection1] INFO  server.RaftServerConfigKeys (ConfUtils.java:logGet(46)) - raft.server.watch.timeout.denomination = 1s (default)
2022-10-14 20:48:13,428 [om1@group-C5BA1605619E-LeaderElection1] INFO  server.RaftServerConfigKeys (ConfUtils.java:logGet(46)) - raft.server.watch.element-limit = 65536 (default)
2022-10-14 20:48:13,441 [om1@group-C5BA1605619E-LeaderElection1] INFO  server.RaftServerConfigKeys (ConfUtils.java:logGet(46)) - raft.server.write.element-limit = 4096 (default)
2022-10-14 20:48:13,444 [om1@group-C5BA1605619E-LeaderElection1] INFO  server.RaftServerConfigKeys (ConfUtils.java:logGet(46)) - raft.server.write.follower.gap.ratio.max = -1.0 (default)
2022-10-14 20:48:13,458 [om1@group-C5BA1605619E-LeaderElection1] INFO  impl.RoleInfo (RoleInfo.java:updateAndGet(139)) - om1: start om1@group-C5BA1605619E-LeaderStateImpl
2022-10-14 20:48:13,504 [Listener at 127.0.0.1/41743] INFO  reflections.Reflections (Reflections.java:scan(232)) - Reflections took 116 ms to scan 7 urls, producing 137 keys and 328 values 
2022-10-14 20:48:13,506 [Listener at 127.0.0.1/41743] INFO  statemachine.DatanodeStateMachine (DatanodeStateMachine.java:getEndPointTaskThreadPoolSize(237)) - Datanode State Machine Task Thread Pool size 2
2022-10-14 20:48:13,515 [Listener at 127.0.0.1/41743] INFO  volume.HddsVolume (HddsVolume.java:<init>(117)) - Creating HddsVolume: /home/runner/work/ozone/ozone/hadoop-ozone/integration-test/target/test-dir/MiniOzoneClusterImpl-1e9d71ba-d753-4201-9665-5e97e6b64b9c/datanode-1/data-0/containers/hdds of storage type : DISK capacity : 9223372036854775807
2022-10-14 20:48:13,516 [Listener at 127.0.0.1/41743] INFO  volume.MutableVolumeSet (MutableVolumeSet.java:initializeVolumeSet(174)) - Added Volume : /home/runner/work/ozone/ozone/hadoop-ozone/integration-test/target/test-dir/MiniOzoneClusterImpl-1e9d71ba-d753-4201-9665-5e97e6b64b9c/datanode-1/data-0/containers/hdds to VolumeSet
2022-10-14 20:48:13,516 [Listener at 127.0.0.1/41743] INFO  volume.ThrottledAsyncChecker (ThrottledAsyncChecker.java:schedule(141)) - Scheduling a check for /home/runner/work/ozone/ozone/hadoop-ozone/integration-test/target/test-dir/MiniOzoneClusterImpl-1e9d71ba-d753-4201-9665-5e97e6b64b9c/datanode-1/data-0/containers/hdds
2022-10-14 20:48:13,525 [Listener at 127.0.0.1/41743] INFO  volume.StorageVolumeChecker (StorageVolumeChecker.java:checkAllVolumes(202)) - Scheduled health check for volume /home/runner/work/ozone/ozone/hadoop-ozone/integration-test/target/test-dir/MiniOzoneClusterImpl-1e9d71ba-d753-4201-9665-5e97e6b64b9c/datanode-1/data-0/containers/hdds
2022-10-14 20:48:13,525 [om1@group-C5BA1605619E-LeaderElection1] INFO  segmented.SegmentedRaftLogWorker (SegmentedRaftLogWorker.java:startLogSegment(425)) - om1@group-C5BA1605619E-SegmentedRaftLogWorker: Starting segment from index:0
2022-10-14 20:48:13,563 [Listener at 127.0.0.1/41743] INFO  volume.MutableVolumeSet (MutableVolumeSet.java:initializeVolumeSet(174)) - Added Volume : /home/runner/work/ozone/ozone/hadoop-ozone/integration-test/target/test-dir/MiniOzoneClusterImpl-1e9d71ba-d753-4201-9665-5e97e6b64b9c/datanode-1/data/ratis to VolumeSet
2022-10-14 20:48:13,564 [Listener at 127.0.0.1/41743] INFO  volume.ThrottledAsyncChecker (ThrottledAsyncChecker.java:schedule(141)) - Scheduling a check for /home/runner/work/ozone/ozone/hadoop-ozone/integration-test/target/test-dir/MiniOzoneClusterImpl-1e9d71ba-d753-4201-9665-5e97e6b64b9c/datanode-1/data/ratis
2022-10-14 20:48:13,570 [Listener at 127.0.0.1/41743] INFO  volume.StorageVolumeChecker (StorageVolumeChecker.java:checkAllVolumes(202)) - Scheduled health check for volume /home/runner/work/ozone/ozone/hadoop-ozone/integration-test/target/test-dir/MiniOzoneClusterImpl-1e9d71ba-d753-4201-9665-5e97e6b64b9c/datanode-1/data/ratis
2022-10-14 20:48:13,585 [Datanode State Machine Task Thread - 0] INFO  datanode.InitDatanodeState (InitDatanodeState.java:persistContainerDatanodeDetails(138)) - DatanodeDetails is persisted to /home/runner/work/ozone/ozone/hadoop-ozone/integration-test/target/test-dir/MiniOzoneClusterImpl-1e9d71ba-d753-4201-9665-5e97e6b64b9c/datanode-0/meta/datanode.id
2022-10-14 20:48:13,640 [Thread-151] INFO  ozoneimpl.ContainerReader (ContainerReader.java:readVolume(175)) - Finish verifying containers on volume /home/runner/work/ozone/ozone/hadoop-ozone/integration-test/target/test-dir/MiniOzoneClusterImpl-1e9d71ba-d753-4201-9665-5e97e6b64b9c/datanode-1/data-0/containers/hdds
2022-10-14 20:48:13,653 [Listener at 127.0.0.1/41743] INFO  ozoneimpl.OzoneContainer (OzoneContainer.java:buildContainerSet(300)) - Build ContainerSet costs 0s
2022-10-14 20:48:13,661 [Listener at 127.0.0.1/41743] INFO  server.RaftServer (ConfUtils.java:logGet(46)) - raft.rpc.type = GRPC (default)
2022-10-14 20:48:13,662 [Listener at 127.0.0.1/41743] INFO  grpc.GrpcFactory (GrpcFactory.java:checkPooledByteBufAllocatorUseCacheForAllThreads(48)) - PERFORMANCE WARNING: useCacheForAllThreads is true that may cause Netty to create a lot garbage objects and, as a result, trigger GC.
	It is recommended to disable useCacheForAllThreads by setting -Dorg.apache.ratis.thirdparty.io.netty.allocator.useCacheForAllThreads=false in command line.
2022-10-14 20:48:13,662 [Listener at 127.0.0.1/41743] INFO  grpc.GrpcConfigKeys (ConfUtils.java:logGet(46)) - raft.grpc.admin.port = 0 (custom)
2022-10-14 20:48:13,662 [Listener at 127.0.0.1/41743] INFO  grpc.GrpcConfigKeys (ConfUtils.java:logGet(46)) - raft.grpc.client.port = 0 (custom)
2022-10-14 20:48:13,662 [Listener at 127.0.0.1/41743] INFO  grpc.GrpcConfigKeys (ConfUtils.java:logGet(46)) - raft.grpc.server.port = 0 (default)
2022-10-14 20:48:13,662 [om1@group-C5BA1605619E-LeaderElection1] INFO  server.RaftServer$Division (ServerState.java:setRaftConf(393)) - om1@group-C5BA1605619E: set configuration 0: [om1|rpc:localhost:9872|admin:|client:|dataStream:|priority:0], old=null
2022-10-14 20:48:13,662 [Listener at 127.0.0.1/41743] INFO  server.GrpcService (ConfUtils.java:logGet(46)) - raft.grpc.message.size.max = 32MB (=33554432) (custom)
2022-10-14 20:48:13,663 [Listener at 127.0.0.1/41743] INFO  server.RaftServerConfigKeys (ConfUtils.java:logGet(46)) - raft.server.log.appender.buffer.byte-limit = 33554432 (custom)
2022-10-14 20:48:13,666 [Listener at 127.0.0.1/41743] INFO  server.GrpcService (ConfUtils.java:logGet(46)) - raft.grpc.flow.control.window = 5MB (=5242880) (custom)
2022-10-14 20:48:13,667 [Listener at 127.0.0.1/41743] INFO  server.RaftServerConfigKeys (ConfUtils.java:logGet(46)) - raft.server.rpc.request.timeout = 60s (custom)
2022-10-14 20:48:13,667 [Listener at 127.0.0.1/41743] INFO  grpc.GrpcConfigKeys (ConfUtils.java:logGet(46)) - raft.grpc.server.async.request.thread.pool.cached = true (default)
2022-10-14 20:48:13,667 [Listener at 127.0.0.1/41743] INFO  grpc.GrpcConfigKeys (ConfUtils.java:logGet(46)) - raft.grpc.server.async.request.thread.pool.size = 32 (default)
2022-10-14 20:48:13,677 [Listener at 127.0.0.1/41743] INFO  impl.DataStreamServerImpl (ConfUtils.java:logGet(46)) - raft.datastream.type = DISABLED (default)
2022-10-14 20:48:13,677 [Listener at 127.0.0.1/41743] INFO  server.RaftServerConfigKeys (ConfUtils.java:logGet(46)) - raft.server.threadpool.proxy.cached = true (default)
2022-10-14 20:48:13,677 [Listener at 127.0.0.1/41743] INFO  server.RaftServerConfigKeys (ConfUtils.java:logGet(46)) - raft.server.threadpool.proxy.size = 0 (default)
2022-10-14 20:48:13,678 [Listener at 127.0.0.1/41743] INFO  server.RaftServerConfigKeys (ConfUtils.java:logGet(46)) - raft.server.rpc.slowness.timeout = 300s (custom)
2022-10-14 20:48:13,678 [Listener at 127.0.0.1/41743] INFO  server.RaftServerConfigKeys (ConfUtils.java:logGet(46)) - raft.server.leaderelection.leader.step-down.wait-time = 10s (default)
2022-10-14 20:48:13,678 [Listener at 127.0.0.1/41743] INFO  server.RaftServerConfigKeys (ConfUtils.java:logGet(46)) - raft.server.storage.dir = [/home/runner/work/ozone/ozone/hadoop-ozone/integration-test/target/test-dir/MiniOzoneClusterImpl-1e9d71ba-d753-4201-9665-5e97e6b64b9c/datanode-1/data/ratis] (custom)
2022-10-14 20:48:13,688 [Listener at 127.0.0.1/41743] INFO  server.XceiverServerGrpc (XceiverServerGrpc.java:<init>(132)) - GrpcServer channel type EpollServerSocketChannel
2022-10-14 20:48:13,697 [Listener at 127.0.0.1/41743] INFO  http.BaseHttpServer (BaseHttpServer.java:newHttpServer2BuilderForOzone(213)) - Starting Web-server for hddsDatanode at: http://0.0.0.0:0
2022-10-14 20:48:13,698 [Listener at 127.0.0.1/41743] INFO  http.BaseHttpServer (BaseHttpServer.java:<init>(108)) - Hadoop Security Enabled: false Ozone Security Enabled: false Ozone HTTP Security Enabled: false 
2022-10-14 20:48:13,699 [Listener at 127.0.0.1/41743] WARN  server.AuthenticationFilter (AuthenticationFilter.java:constructSecretProvider(240)) - Unable to initialize FileSignerSecretProvider, falling back to use random secrets. Reason: Could not read signature secret file: /home/runner/hadoop-http-auth-signature-secret
2022-10-14 20:48:13,705 [Listener at 127.0.0.1/41743] WARN  http.HttpRequestLog (HttpRequestLog.java:getRequestLog(103)) - Jetty request log can only be enabled using Log4j
2022-10-14 20:48:13,707 [Listener at 127.0.0.1/41743] INFO  http.HttpServer2 (HttpServer2.java:addGlobalFilter(1031)) - Added global filter 'safety' (class=org.apache.hadoop.hdds.server.http.HttpServer2$QuotingInputFilter)
2022-10-14 20:48:13,707 [Listener at 127.0.0.1/41743] INFO  http.HttpServer2 (HttpServer2.java:addFilter(1007)) - Added filter static_user_filter (class=org.apache.hadoop.http.lib.StaticUserWebFilter$StaticUserFilter) to context hddsDatanode
2022-10-14 20:48:13,708 [Listener at 127.0.0.1/41743] INFO  http.HttpServer2 (HttpServer2.java:addFilter(1015)) - Added filter static_user_filter (class=org.apache.hadoop.http.lib.StaticUserWebFilter$StaticUserFilter) to context static
2022-10-14 20:48:13,708 [Listener at 127.0.0.1/41743] INFO  http.HttpServer2 (HttpServer2.java:addFilter(1015)) - Added filter static_user_filter (class=org.apache.hadoop.http.lib.StaticUserWebFilter$StaticUserFilter) to context logs
2022-10-14 20:48:13,708 [Listener at 127.0.0.1/41743] INFO  http.HttpServer2 (HttpServer2.java:bindListener(1250)) - Jetty bound to port 45067
2022-10-14 20:48:13,709 [Listener at 127.0.0.1/41743] INFO  server.Server (Server.java:doStart(375)) - jetty-9.4.43.v20210629; built: 2021-06-30T11:07:22.254Z; git: 526006ecfa3af7f1a27ef3a288e2bef7ea9dd7e8; jvm 1.8.0_345-b01
2022-10-14 20:48:13,731 [Listener at 127.0.0.1/41743] INFO  server.session (DefaultSessionIdManager.java:doStart(334)) - DefaultSessionIdManager workerName=node0
2022-10-14 20:48:13,732 [Listener at 127.0.0.1/41743] INFO  server.session (DefaultSessionIdManager.java:doStart(339)) - No SessionScavenger set, using defaults
2022-10-14 20:48:13,732 [Listener at 127.0.0.1/41743] INFO  server.session (HouseKeeper.java:startScavenging(132)) - node0 Scavenging every 660000ms
2022-10-14 20:48:13,734 [Listener at 127.0.0.1/41743] INFO  handler.ContextHandler (ContextHandler.java:doStart(915)) - Started o.e.j.s.ServletContextHandler@4812d5{logs,/logs,file:///home/runner/work/ozone/ozone/hadoop-ozone/integration-test/target/log,AVAILABLE}
2022-10-14 20:48:13,735 [Listener at 127.0.0.1/41743] INFO  handler.ContextHandler (ContextHandler.java:doStart(915)) - Started o.e.j.s.ServletContextHandler@3c90ed37{static,/static,jar:file:/home/runner/.m2/repository/org/apache/ozone/hdds-container-service/1.3.0-SNAPSHOT/hdds-container-service-1.3.0-SNAPSHOT.jar!/webapps/static,AVAILABLE}
2022-10-14 20:48:13,745 [om1@group-C5BA1605619E-SegmentedRaftLogWorker] INFO  segmented.SegmentedRaftLogWorker (SegmentedRaftLogWorker.java:execute(629)) - om1@group-C5BA1605619E-SegmentedRaftLogWorker: created new log segment /home/runner/work/ozone/ozone/hadoop-ozone/integration-test/target/test-dir/MiniOzoneClusterImpl-1e9d71ba-d753-4201-9665-5e97e6b64b9c/ozone-meta/ratis/bf265839-605b-3f16-9796-c5ba1605619e/current/log_inprogress_0
2022-10-14 20:48:13,875 [om1@group-C5BA1605619E-StateMachineUpdater] INFO  ratis.OzoneManagerStateMachine (OzoneManagerStateMachine.java:notifyConfigurationChanged(192)) - Received Configuration change notification from Ratis. New Peer list:
[id: "om1"
address: "localhost:9872"
]
2022-10-14 20:48:13,984 [Listener at 127.0.0.1/41743] INFO  handler.ContextHandler (ContextHandler.java:doStart(915)) - Started o.e.j.w.WebAppContext@4813b3d1{hddsDatanode,/,file:///tmp/jetty-0_0_0_0-45067-hdds-container-service-1_3_0-SNAPSHOT_jar-_-any-4820809823448856267/webapp/,AVAILABLE}{jar:file:/home/runner/.m2/repository/org/apache/ozone/hdds-container-service/1.3.0-SNAPSHOT/hdds-container-service-1.3.0-SNAPSHOT.jar!/webapps/hddsDatanode}
2022-10-14 20:48:13,986 [Listener at 127.0.0.1/41743] INFO  server.AbstractConnector (AbstractConnector.java:doStart(331)) - Started ServerConnector@5f4c831f{HTTP/1.1, (http/1.1)}{0.0.0.0:45067}
2022-10-14 20:48:13,986 [Listener at 127.0.0.1/41743] INFO  server.Server (Server.java:doStart(415)) - Started @10256ms
2022-10-14 20:48:13,986 [Listener at 127.0.0.1/41743] WARN  impl.MetricsSystemImpl (MetricsSystemImpl.java:register(279)) - Sink prometheus already exists!
2022-10-14 20:48:13,987 [Listener at 127.0.0.1/41743] INFO  http.BaseHttpServer (BaseHttpServer.java:updateConnectorAddress(333)) - HTTP server of hddsDatanode listening at http://0.0.0.0:45067
2022-10-14 20:48:13,989 [Listener at 127.0.0.1/41743] WARN  impl.MetricRegistriesImpl (MetricRegistriesImpl.java:addReporterRegistration(111)) - New reporters are added after registries were created. Some metrics will be missing from the reporter. Please add reporter before adding any new registry.
2022-10-14 20:48:13,989 [Listener at 127.0.0.1/41743] WARN  impl.MetricRegistriesImpl (MetricRegistriesImpl.java:addReporterRegistration(111)) - New reporters are added after registries were created. Some metrics will be missing from the reporter. Please add reporter before adding any new registry.
2022-10-14 20:48:13,989 [Listener at 127.0.0.1/41743] INFO  impl.MetricsSystemImpl (MetricsSystemImpl.java:init(158)) - HddsDatanode metrics system started (again)
2022-10-14 20:48:13,997 [Datanode State Machine Daemon Thread] INFO  statemachine.DatanodeStateMachine (DatanodeStateMachine.java:lambda$startDaemon$0(492)) - Ozone container server started.
2022-10-14 20:48:14,005 [Listener at 127.0.0.1/41743] INFO  ozone.HddsDatanodeService (HddsDatanodeService.java:start(236)) - HddsDatanodeService host:fv-az459-990.msq0az1vewme3jsxyslsv0htic.jx.internal.cloudapp.net ip:10.1.0.226
2022-10-14 20:48:14,021 [org.apache.hadoop.util.JvmPauseMonitor$Monitor@6ef641e6] INFO  util.JvmPauseMonitor (JvmPauseMonitor.java:run(188)) - Starting JVM pause monitor
2022-10-14 20:48:14,031 [Listener at 127.0.0.1/41743] INFO  upgrade.AbstractLayoutVersionManager (AbstractLayoutVersionManager.java:init(83)) - Initializing Layout version manager with metadata layout = DATANODE_SCHEMA_V3 (version = 4), software layout = DATANODE_SCHEMA_V3 (version = 4)
2022-10-14 20:48:14,036 [Datanode State Machine Task Thread - 0] INFO  datanode.InitDatanodeState (InitDatanodeState.java:persistContainerDatanodeDetails(138)) - DatanodeDetails is persisted to /home/runner/work/ozone/ozone/hadoop-ozone/integration-test/target/test-dir/MiniOzoneClusterImpl-1e9d71ba-d753-4201-9665-5e97e6b64b9c/datanode-1/meta/datanode.id
2022-10-14 20:48:14,085 [Listener at 127.0.0.1/41743] INFO  reflections.Reflections (Reflections.java:scan(232)) - Reflections took 52 ms to scan 7 urls, producing 137 keys and 328 values 
2022-10-14 20:48:14,087 [Listener at 127.0.0.1/41743] INFO  statemachine.DatanodeStateMachine (DatanodeStateMachine.java:getEndPointTaskThreadPoolSize(237)) - Datanode State Machine Task Thread Pool size 2
2022-10-14 20:48:14,090 [Listener at 127.0.0.1/41743] INFO  volume.HddsVolume (HddsVolume.java:<init>(117)) - Creating HddsVolume: /home/runner/work/ozone/ozone/hadoop-ozone/integration-test/target/test-dir/MiniOzoneClusterImpl-1e9d71ba-d753-4201-9665-5e97e6b64b9c/datanode-2/data-0/containers/hdds of storage type : DISK capacity : 9223372036854775807
2022-10-14 20:48:14,090 [Listener at 127.0.0.1/41743] INFO  volume.MutableVolumeSet (MutableVolumeSet.java:initializeVolumeSet(174)) - Added Volume : /home/runner/work/ozone/ozone/hadoop-ozone/integration-test/target/test-dir/MiniOzoneClusterImpl-1e9d71ba-d753-4201-9665-5e97e6b64b9c/datanode-2/data-0/containers/hdds to VolumeSet
2022-10-14 20:48:14,091 [Listener at 127.0.0.1/41743] INFO  volume.ThrottledAsyncChecker (ThrottledAsyncChecker.java:schedule(141)) - Scheduling a check for /home/runner/work/ozone/ozone/hadoop-ozone/integration-test/target/test-dir/MiniOzoneClusterImpl-1e9d71ba-d753-4201-9665-5e97e6b64b9c/datanode-2/data-0/containers/hdds
2022-10-14 20:48:14,097 [Listener at 127.0.0.1/41743] INFO  volume.StorageVolumeChecker (StorageVolumeChecker.java:checkAllVolumes(202)) - Scheduled health check for volume /home/runner/work/ozone/ozone/hadoop-ozone/integration-test/target/test-dir/MiniOzoneClusterImpl-1e9d71ba-d753-4201-9665-5e97e6b64b9c/datanode-2/data-0/containers/hdds
2022-10-14 20:48:14,110 [Listener at 127.0.0.1/41743] INFO  volume.MutableVolumeSet (MutableVolumeSet.java:initializeVolumeSet(174)) - Added Volume : /home/runner/work/ozone/ozone/hadoop-ozone/integration-test/target/test-dir/MiniOzoneClusterImpl-1e9d71ba-d753-4201-9665-5e97e6b64b9c/datanode-2/data/ratis to VolumeSet
2022-10-14 20:48:14,110 [Listener at 127.0.0.1/41743] INFO  volume.ThrottledAsyncChecker (ThrottledAsyncChecker.java:schedule(141)) - Scheduling a check for /home/runner/work/ozone/ozone/hadoop-ozone/integration-test/target/test-dir/MiniOzoneClusterImpl-1e9d71ba-d753-4201-9665-5e97e6b64b9c/datanode-2/data/ratis
2022-10-14 20:48:14,110 [Listener at 127.0.0.1/41743] INFO  volume.StorageVolumeChecker (StorageVolumeChecker.java:checkAllVolumes(202)) - Scheduled health check for volume /home/runner/work/ozone/ozone/hadoop-ozone/integration-test/target/test-dir/MiniOzoneClusterImpl-1e9d71ba-d753-4201-9665-5e97e6b64b9c/datanode-2/data/ratis
2022-10-14 20:48:14,123 [Thread-164] INFO  ozoneimpl.ContainerReader (ContainerReader.java:readVolume(175)) - Finish verifying containers on volume /home/runner/work/ozone/ozone/hadoop-ozone/integration-test/target/test-dir/MiniOzoneClusterImpl-1e9d71ba-d753-4201-9665-5e97e6b64b9c/datanode-2/data-0/containers/hdds
2022-10-14 20:48:14,123 [Listener at 127.0.0.1/41743] INFO  ozoneimpl.OzoneContainer (OzoneContainer.java:buildContainerSet(300)) - Build ContainerSet costs 0s
2022-10-14 20:48:14,127 [Listener at 127.0.0.1/41743] INFO  server.RaftServer (ConfUtils.java:logGet(46)) - raft.rpc.type = GRPC (default)
2022-10-14 20:48:14,127 [Listener at 127.0.0.1/41743] INFO  grpc.GrpcFactory (GrpcFactory.java:checkPooledByteBufAllocatorUseCacheForAllThreads(48)) - PERFORMANCE WARNING: useCacheForAllThreads is true that may cause Netty to create a lot garbage objects and, as a result, trigger GC.
	It is recommended to disable useCacheForAllThreads by setting -Dorg.apache.ratis.thirdparty.io.netty.allocator.useCacheForAllThreads=false in command line.
2022-10-14 20:48:14,127 [Listener at 127.0.0.1/41743] INFO  grpc.GrpcConfigKeys (ConfUtils.java:logGet(46)) - raft.grpc.admin.port = 0 (custom)
2022-10-14 20:48:14,127 [Listener at 127.0.0.1/41743] INFO  grpc.GrpcConfigKeys (ConfUtils.java:logGet(46)) - raft.grpc.client.port = 0 (custom)
2022-10-14 20:48:14,127 [Listener at 127.0.0.1/41743] INFO  grpc.GrpcConfigKeys (ConfUtils.java:logGet(46)) - raft.grpc.server.port = 0 (default)
2022-10-14 20:48:14,127 [Listener at 127.0.0.1/41743] INFO  server.GrpcService (ConfUtils.java:logGet(46)) - raft.grpc.message.size.max = 32MB (=33554432) (custom)
2022-10-14 20:48:14,128 [Listener at 127.0.0.1/41743] INFO  server.RaftServerConfigKeys (ConfUtils.java:logGet(46)) - raft.server.log.appender.buffer.byte-limit = 33554432 (custom)
2022-10-14 20:48:14,128 [Listener at 127.0.0.1/41743] INFO  server.GrpcService (ConfUtils.java:logGet(46)) - raft.grpc.flow.control.window = 5MB (=5242880) (custom)
2022-10-14 20:48:14,128 [Listener at 127.0.0.1/41743] INFO  server.RaftServerConfigKeys (ConfUtils.java:logGet(46)) - raft.server.rpc.request.timeout = 60s (custom)
2022-10-14 20:48:14,128 [Listener at 127.0.0.1/41743] INFO  grpc.GrpcConfigKeys (ConfUtils.java:logGet(46)) - raft.grpc.server.async.request.thread.pool.cached = true (default)
2022-10-14 20:48:14,128 [Listener at 127.0.0.1/41743] INFO  grpc.GrpcConfigKeys (ConfUtils.java:logGet(46)) - raft.grpc.server.async.request.thread.pool.size = 32 (default)
2022-10-14 20:48:14,130 [Listener at 127.0.0.1/41743] INFO  impl.DataStreamServerImpl (ConfUtils.java:logGet(46)) - raft.datastream.type = DISABLED (default)
2022-10-14 20:48:14,130 [Listener at 127.0.0.1/41743] INFO  server.RaftServerConfigKeys (ConfUtils.java:logGet(46)) - raft.server.threadpool.proxy.cached = true (default)
2022-10-14 20:48:14,130 [Listener at 127.0.0.1/41743] INFO  server.RaftServerConfigKeys (ConfUtils.java:logGet(46)) - raft.server.threadpool.proxy.size = 0 (default)
2022-10-14 20:48:14,130 [Listener at 127.0.0.1/41743] INFO  server.RaftServerConfigKeys (ConfUtils.java:logGet(46)) - raft.server.rpc.slowness.timeout = 300s (custom)
2022-10-14 20:48:14,131 [Listener at 127.0.0.1/41743] INFO  server.RaftServerConfigKeys (ConfUtils.java:logGet(46)) - raft.server.leaderelection.leader.step-down.wait-time = 10s (default)
2022-10-14 20:48:14,131 [Listener at 127.0.0.1/41743] INFO  server.RaftServerConfigKeys (ConfUtils.java:logGet(46)) - raft.server.storage.dir = [/home/runner/work/ozone/ozone/hadoop-ozone/integration-test/target/test-dir/MiniOzoneClusterImpl-1e9d71ba-d753-4201-9665-5e97e6b64b9c/datanode-2/data/ratis] (custom)
2022-10-14 20:48:14,138 [Listener at 127.0.0.1/41743] INFO  server.XceiverServerGrpc (XceiverServerGrpc.java:<init>(132)) - GrpcServer channel type EpollServerSocketChannel
2022-10-14 20:48:14,142 [Listener at 127.0.0.1/41743] INFO  http.BaseHttpServer (BaseHttpServer.java:newHttpServer2BuilderForOzone(213)) - Starting Web-server for hddsDatanode at: http://0.0.0.0:0
2022-10-14 20:48:14,142 [Listener at 127.0.0.1/41743] INFO  http.BaseHttpServer (BaseHttpServer.java:<init>(108)) - Hadoop Security Enabled: false Ozone Security Enabled: false Ozone HTTP Security Enabled: false 
2022-10-14 20:48:14,143 [Listener at 127.0.0.1/41743] WARN  server.AuthenticationFilter (AuthenticationFilter.java:constructSecretProvider(240)) - Unable to initialize FileSignerSecretProvider, falling back to use random secrets. Reason: Could not read signature secret file: /home/runner/hadoop-http-auth-signature-secret
2022-10-14 20:48:14,144 [Listener at 127.0.0.1/41743] WARN  http.HttpRequestLog (HttpRequestLog.java:getRequestLog(103)) - Jetty request log can only be enabled using Log4j
2022-10-14 20:48:14,146 [Listener at 127.0.0.1/41743] INFO  http.HttpServer2 (HttpServer2.java:addGlobalFilter(1031)) - Added global filter 'safety' (class=org.apache.hadoop.hdds.server.http.HttpServer2$QuotingInputFilter)
2022-10-14 20:48:14,147 [Listener at 127.0.0.1/41743] INFO  http.HttpServer2 (HttpServer2.java:addFilter(1007)) - Added filter static_user_filter (class=org.apache.hadoop.http.lib.StaticUserWebFilter$StaticUserFilter) to context hddsDatanode
2022-10-14 20:48:14,147 [Listener at 127.0.0.1/41743] INFO  http.HttpServer2 (HttpServer2.java:addFilter(1015)) - Added filter static_user_filter (class=org.apache.hadoop.http.lib.StaticUserWebFilter$StaticUserFilter) to context static
2022-10-14 20:48:14,147 [Listener at 127.0.0.1/41743] INFO  http.HttpServer2 (HttpServer2.java:addFilter(1015)) - Added filter static_user_filter (class=org.apache.hadoop.http.lib.StaticUserWebFilter$StaticUserFilter) to context logs
2022-10-14 20:48:14,148 [Listener at 127.0.0.1/41743] INFO  http.HttpServer2 (HttpServer2.java:bindListener(1250)) - Jetty bound to port 40461
2022-10-14 20:48:14,148 [Listener at 127.0.0.1/41743] INFO  server.Server (Server.java:doStart(375)) - jetty-9.4.43.v20210629; built: 2021-06-30T11:07:22.254Z; git: 526006ecfa3af7f1a27ef3a288e2bef7ea9dd7e8; jvm 1.8.0_345-b01
2022-10-14 20:48:14,150 [Listener at 127.0.0.1/41743] INFO  server.session (DefaultSessionIdManager.java:doStart(334)) - DefaultSessionIdManager workerName=node0
2022-10-14 20:48:14,150 [Listener at 127.0.0.1/41743] INFO  server.session (DefaultSessionIdManager.java:doStart(339)) - No SessionScavenger set, using defaults
2022-10-14 20:48:14,150 [Listener at 127.0.0.1/41743] INFO  server.session (HouseKeeper.java:startScavenging(132)) - node0 Scavenging every 660000ms
2022-10-14 20:48:14,155 [Listener at 127.0.0.1/41743] INFO  handler.ContextHandler (ContextHandler.java:doStart(915)) - Started o.e.j.s.ServletContextHandler@40281457{logs,/logs,file:///home/runner/work/ozone/ozone/hadoop-ozone/integration-test/target/log,AVAILABLE}
2022-10-14 20:48:14,155 [Listener at 127.0.0.1/41743] INFO  handler.ContextHandler (ContextHandler.java:doStart(915)) - Started o.e.j.s.ServletContextHandler@35667fb2{static,/static,jar:file:/home/runner/.m2/repository/org/apache/ozone/hdds-container-service/1.3.0-SNAPSHOT/hdds-container-service-1.3.0-SNAPSHOT.jar!/webapps/static,AVAILABLE}
2022-10-14 20:48:14,348 [Listener at 127.0.0.1/41743] INFO  handler.ContextHandler (ContextHandler.java:doStart(915)) - Started o.e.j.w.WebAppContext@7cfd86c8{hddsDatanode,/,file:///tmp/jetty-0_0_0_0-40461-hdds-container-service-1_3_0-SNAPSHOT_jar-_-any-9051563245209135110/webapp/,AVAILABLE}{jar:file:/home/runner/.m2/repository/org/apache/ozone/hdds-container-service/1.3.0-SNAPSHOT/hdds-container-service-1.3.0-SNAPSHOT.jar!/webapps/hddsDatanode}
2022-10-14 20:48:14,350 [Listener at 127.0.0.1/41743] INFO  server.AbstractConnector (AbstractConnector.java:doStart(331)) - Started ServerConnector@3bf6dc0e{HTTP/1.1, (http/1.1)}{0.0.0.0:40461}
2022-10-14 20:48:14,350 [Listener at 127.0.0.1/41743] INFO  server.Server (Server.java:doStart(415)) - Started @10620ms
2022-10-14 20:48:14,350 [Listener at 127.0.0.1/41743] WARN  impl.MetricsSystemImpl (MetricsSystemImpl.java:register(279)) - Sink prometheus already exists!
2022-10-14 20:48:14,351 [Listener at 127.0.0.1/41743] INFO  http.BaseHttpServer (BaseHttpServer.java:updateConnectorAddress(333)) - HTTP server of hddsDatanode listening at http://0.0.0.0:40461
2022-10-14 20:48:14,357 [Listener at 127.0.0.1/41743] WARN  impl.MetricRegistriesImpl (MetricRegistriesImpl.java:addReporterRegistration(111)) - New reporters are added after registries were created. Some metrics will be missing from the reporter. Please add reporter before adding any new registry.
2022-10-14 20:48:14,357 [Listener at 127.0.0.1/41743] WARN  impl.MetricRegistriesImpl (MetricRegistriesImpl.java:addReporterRegistration(111)) - New reporters are added after registries were created. Some metrics will be missing from the reporter. Please add reporter before adding any new registry.
2022-10-14 20:48:14,357 [Listener at 127.0.0.1/41743] INFO  impl.MetricsSystemImpl (MetricsSystemImpl.java:init(158)) - HddsDatanode metrics system started (again)
2022-10-14 20:48:14,361 [Datanode State Machine Daemon Thread] INFO  statemachine.DatanodeStateMachine (DatanodeStateMachine.java:lambda$startDaemon$0(492)) - Ozone container server started.
2022-10-14 20:48:14,373 [Listener at 127.0.0.1/41743] INFO  ozone.HddsDatanodeService (HddsDatanodeService.java:start(236)) - HddsDatanodeService host:fv-az459-990.msq0az1vewme3jsxyslsv0htic.jx.internal.cloudapp.net ip:10.1.0.226
2022-10-14 20:48:14,378 [org.apache.hadoop.util.JvmPauseMonitor$Monitor@64015780] INFO  util.JvmPauseMonitor (JvmPauseMonitor.java:run(188)) - Starting JVM pause monitor
2022-10-14 20:48:14,383 [Datanode State Machine Task Thread - 0] INFO  datanode.InitDatanodeState (InitDatanodeState.java:persistContainerDatanodeDetails(138)) - DatanodeDetails is persisted to /home/runner/work/ozone/ozone/hadoop-ozone/integration-test/target/test-dir/MiniOzoneClusterImpl-1e9d71ba-d753-4201-9665-5e97e6b64b9c/datanode-2/meta/datanode.id
2022-10-14 20:48:14,425 [Listener at 127.0.0.1/41743] INFO  upgrade.AbstractLayoutVersionManager (AbstractLayoutVersionManager.java:init(83)) - Initializing Layout version manager with metadata layout = DATANODE_SCHEMA_V3 (version = 4), software layout = DATANODE_SCHEMA_V3 (version = 4)
2022-10-14 20:48:14,475 [Listener at 127.0.0.1/41743] INFO  reflections.Reflections (Reflections.java:scan(232)) - Reflections took 49 ms to scan 7 urls, producing 137 keys and 328 values 
2022-10-14 20:48:14,477 [Listener at 127.0.0.1/41743] INFO  statemachine.DatanodeStateMachine (DatanodeStateMachine.java:getEndPointTaskThreadPoolSize(237)) - Datanode State Machine Task Thread Pool size 2
2022-10-14 20:48:14,482 [Listener at 127.0.0.1/41743] INFO  volume.HddsVolume (HddsVolume.java:<init>(117)) - Creating HddsVolume: /home/runner/work/ozone/ozone/hadoop-ozone/integration-test/target/test-dir/MiniOzoneClusterImpl-1e9d71ba-d753-4201-9665-5e97e6b64b9c/datanode-3/data-0/containers/hdds of storage type : DISK capacity : 9223372036854775807
2022-10-14 20:48:14,483 [Listener at 127.0.0.1/41743] INFO  volume.MutableVolumeSet (MutableVolumeSet.java:initializeVolumeSet(174)) - Added Volume : /home/runner/work/ozone/ozone/hadoop-ozone/integration-test/target/test-dir/MiniOzoneClusterImpl-1e9d71ba-d753-4201-9665-5e97e6b64b9c/datanode-3/data-0/containers/hdds to VolumeSet
2022-10-14 20:48:14,483 [Listener at 127.0.0.1/41743] INFO  volume.ThrottledAsyncChecker (ThrottledAsyncChecker.java:schedule(141)) - Scheduling a check for /home/runner/work/ozone/ozone/hadoop-ozone/integration-test/target/test-dir/MiniOzoneClusterImpl-1e9d71ba-d753-4201-9665-5e97e6b64b9c/datanode-3/data-0/containers/hdds
2022-10-14 20:48:14,488 [Listener at 127.0.0.1/41743] INFO  volume.StorageVolumeChecker (StorageVolumeChecker.java:checkAllVolumes(202)) - Scheduled health check for volume /home/runner/work/ozone/ozone/hadoop-ozone/integration-test/target/test-dir/MiniOzoneClusterImpl-1e9d71ba-d753-4201-9665-5e97e6b64b9c/datanode-3/data-0/containers/hdds
2022-10-14 20:48:14,502 [Listener at 127.0.0.1/41743] INFO  volume.MutableVolumeSet (MutableVolumeSet.java:initializeVolumeSet(174)) - Added Volume : /home/runner/work/ozone/ozone/hadoop-ozone/integration-test/target/test-dir/MiniOzoneClusterImpl-1e9d71ba-d753-4201-9665-5e97e6b64b9c/datanode-3/data/ratis to VolumeSet
2022-10-14 20:48:14,502 [Listener at 127.0.0.1/41743] INFO  volume.ThrottledAsyncChecker (ThrottledAsyncChecker.java:schedule(141)) - Scheduling a check for /home/runner/work/ozone/ozone/hadoop-ozone/integration-test/target/test-dir/MiniOzoneClusterImpl-1e9d71ba-d753-4201-9665-5e97e6b64b9c/datanode-3/data/ratis
2022-10-14 20:48:14,502 [Listener at 127.0.0.1/41743] INFO  volume.StorageVolumeChecker (StorageVolumeChecker.java:checkAllVolumes(202)) - Scheduled health check for volume /home/runner/work/ozone/ozone/hadoop-ozone/integration-test/target/test-dir/MiniOzoneClusterImpl-1e9d71ba-d753-4201-9665-5e97e6b64b9c/datanode-3/data/ratis
2022-10-14 20:48:14,516 [Thread-177] INFO  ozoneimpl.ContainerReader (ContainerReader.java:readVolume(175)) - Finish verifying containers on volume /home/runner/work/ozone/ozone/hadoop-ozone/integration-test/target/test-dir/MiniOzoneClusterImpl-1e9d71ba-d753-4201-9665-5e97e6b64b9c/datanode-3/data-0/containers/hdds
2022-10-14 20:48:14,516 [Listener at 127.0.0.1/41743] INFO  ozoneimpl.OzoneContainer (OzoneContainer.java:buildContainerSet(300)) - Build ContainerSet costs 0s
2022-10-14 20:48:14,520 [Listener at 127.0.0.1/41743] INFO  server.RaftServer (ConfUtils.java:logGet(46)) - raft.rpc.type = GRPC (default)
2022-10-14 20:48:14,520 [Listener at 127.0.0.1/41743] INFO  grpc.GrpcFactory (GrpcFactory.java:checkPooledByteBufAllocatorUseCacheForAllThreads(48)) - PERFORMANCE WARNING: useCacheForAllThreads is true that may cause Netty to create a lot garbage objects and, as a result, trigger GC.
	It is recommended to disable useCacheForAllThreads by setting -Dorg.apache.ratis.thirdparty.io.netty.allocator.useCacheForAllThreads=false in command line.
2022-10-14 20:48:14,520 [Listener at 127.0.0.1/41743] INFO  grpc.GrpcConfigKeys (ConfUtils.java:logGet(46)) - raft.grpc.admin.port = 0 (custom)
2022-10-14 20:48:14,520 [Listener at 127.0.0.1/41743] INFO  grpc.GrpcConfigKeys (ConfUtils.java:logGet(46)) - raft.grpc.client.port = 0 (custom)
2022-10-14 20:48:14,520 [Listener at 127.0.0.1/41743] INFO  grpc.GrpcConfigKeys (ConfUtils.java:logGet(46)) - raft.grpc.server.port = 0 (default)
2022-10-14 20:48:14,521 [Listener at 127.0.0.1/41743] INFO  server.GrpcService (ConfUtils.java:logGet(46)) - raft.grpc.message.size.max = 32MB (=33554432) (custom)
2022-10-14 20:48:14,521 [Listener at 127.0.0.1/41743] INFO  server.RaftServerConfigKeys (ConfUtils.java:logGet(46)) - raft.server.log.appender.buffer.byte-limit = 33554432 (custom)
2022-10-14 20:48:14,521 [Listener at 127.0.0.1/41743] INFO  server.GrpcService (ConfUtils.java:logGet(46)) - raft.grpc.flow.control.window = 5MB (=5242880) (custom)
2022-10-14 20:48:14,521 [Listener at 127.0.0.1/41743] INFO  server.RaftServerConfigKeys (ConfUtils.java:logGet(46)) - raft.server.rpc.request.timeout = 60s (custom)
2022-10-14 20:48:14,522 [Listener at 127.0.0.1/41743] INFO  grpc.GrpcConfigKeys (ConfUtils.java:logGet(46)) - raft.grpc.server.async.request.thread.pool.cached = true (default)
2022-10-14 20:48:14,522 [Listener at 127.0.0.1/41743] INFO  grpc.GrpcConfigKeys (ConfUtils.java:logGet(46)) - raft.grpc.server.async.request.thread.pool.size = 32 (default)
2022-10-14 20:48:14,523 [Listener at 127.0.0.1/41743] INFO  impl.DataStreamServerImpl (ConfUtils.java:logGet(46)) - raft.datastream.type = DISABLED (default)
2022-10-14 20:48:14,523 [Listener at 127.0.0.1/41743] INFO  server.RaftServerConfigKeys (ConfUtils.java:logGet(46)) - raft.server.threadpool.proxy.cached = true (default)
2022-10-14 20:48:14,524 [Listener at 127.0.0.1/41743] INFO  server.RaftServerConfigKeys (ConfUtils.java:logGet(46)) - raft.server.threadpool.proxy.size = 0 (default)
2022-10-14 20:48:14,524 [Listener at 127.0.0.1/41743] INFO  server.RaftServerConfigKeys (ConfUtils.java:logGet(46)) - raft.server.rpc.slowness.timeout = 300s (custom)
2022-10-14 20:48:14,524 [Listener at 127.0.0.1/41743] INFO  server.RaftServerConfigKeys (ConfUtils.java:logGet(46)) - raft.server.leaderelection.leader.step-down.wait-time = 10s (default)
2022-10-14 20:48:14,525 [Listener at 127.0.0.1/41743] INFO  server.RaftServerConfigKeys (ConfUtils.java:logGet(46)) - raft.server.storage.dir = [/home/runner/work/ozone/ozone/hadoop-ozone/integration-test/target/test-dir/MiniOzoneClusterImpl-1e9d71ba-d753-4201-9665-5e97e6b64b9c/datanode-3/data/ratis] (custom)
2022-10-14 20:48:14,527 [Listener at 127.0.0.1/41743] INFO  server.XceiverServerGrpc (XceiverServerGrpc.java:<init>(132)) - GrpcServer channel type EpollServerSocketChannel
2022-10-14 20:48:14,537 [Listener at 127.0.0.1/41743] INFO  http.BaseHttpServer (BaseHttpServer.java:newHttpServer2BuilderForOzone(213)) - Starting Web-server for hddsDatanode at: http://0.0.0.0:0
2022-10-14 20:48:14,537 [Listener at 127.0.0.1/41743] INFO  http.BaseHttpServer (BaseHttpServer.java:<init>(108)) - Hadoop Security Enabled: false Ozone Security Enabled: false Ozone HTTP Security Enabled: false 
2022-10-14 20:48:14,538 [Listener at 127.0.0.1/41743] WARN  server.AuthenticationFilter (AuthenticationFilter.java:constructSecretProvider(240)) - Unable to initialize FileSignerSecretProvider, falling back to use random secrets. Reason: Could not read signature secret file: /home/runner/hadoop-http-auth-signature-secret
2022-10-14 20:48:14,540 [Listener at 127.0.0.1/41743] WARN  http.HttpRequestLog (HttpRequestLog.java:getRequestLog(103)) - Jetty request log can only be enabled using Log4j
2022-10-14 20:48:14,541 [Listener at 127.0.0.1/41743] INFO  http.HttpServer2 (HttpServer2.java:addGlobalFilter(1031)) - Added global filter 'safety' (class=org.apache.hadoop.hdds.server.http.HttpServer2$QuotingInputFilter)
2022-10-14 20:48:14,542 [Listener at 127.0.0.1/41743] INFO  http.HttpServer2 (HttpServer2.java:addFilter(1007)) - Added filter static_user_filter (class=org.apache.hadoop.http.lib.StaticUserWebFilter$StaticUserFilter) to context hddsDatanode
2022-10-14 20:48:14,542 [Listener at 127.0.0.1/41743] INFO  http.HttpServer2 (HttpServer2.java:addFilter(1015)) - Added filter static_user_filter (class=org.apache.hadoop.http.lib.StaticUserWebFilter$StaticUserFilter) to context logs
2022-10-14 20:48:14,543 [Listener at 127.0.0.1/41743] INFO  http.HttpServer2 (HttpServer2.java:addFilter(1015)) - Added filter static_user_filter (class=org.apache.hadoop.http.lib.StaticUserWebFilter$StaticUserFilter) to context static
2022-10-14 20:48:14,543 [Listener at 127.0.0.1/41743] INFO  http.HttpServer2 (HttpServer2.java:bindListener(1250)) - Jetty bound to port 41403
2022-10-14 20:48:14,544 [Listener at 127.0.0.1/41743] INFO  server.Server (Server.java:doStart(375)) - jetty-9.4.43.v20210629; built: 2021-06-30T11:07:22.254Z; git: 526006ecfa3af7f1a27ef3a288e2bef7ea9dd7e8; jvm 1.8.0_345-b01
2022-10-14 20:48:14,548 [Listener at 127.0.0.1/41743] INFO  server.session (DefaultSessionIdManager.java:doStart(334)) - DefaultSessionIdManager workerName=node0
2022-10-14 20:48:14,549 [Listener at 127.0.0.1/41743] INFO  server.session (DefaultSessionIdManager.java:doStart(339)) - No SessionScavenger set, using defaults
2022-10-14 20:48:14,549 [Listener at 127.0.0.1/41743] INFO  server.session (HouseKeeper.java:startScavenging(132)) - node0 Scavenging every 600000ms
2022-10-14 20:48:14,550 [Listener at 127.0.0.1/41743] INFO  handler.ContextHandler (ContextHandler.java:doStart(915)) - Started o.e.j.s.ServletContextHandler@2d6911a9{logs,/logs,file:///home/runner/work/ozone/ozone/hadoop-ozone/integration-test/target/log,AVAILABLE}
2022-10-14 20:48:14,550 [Listener at 127.0.0.1/41743] INFO  handler.ContextHandler (ContextHandler.java:doStart(915)) - Started o.e.j.s.ServletContextHandler@59d1d820{static,/static,jar:file:/home/runner/.m2/repository/org/apache/ozone/hdds-container-service/1.3.0-SNAPSHOT/hdds-container-service-1.3.0-SNAPSHOT.jar!/webapps/static,AVAILABLE}
2022-10-14 20:48:14,753 [Listener at 127.0.0.1/41743] INFO  handler.ContextHandler (ContextHandler.java:doStart(915)) - Started o.e.j.w.WebAppContext@32af7447{hddsDatanode,/,file:///tmp/jetty-0_0_0_0-41403-hdds-container-service-1_3_0-SNAPSHOT_jar-_-any-4511527082642778445/webapp/,AVAILABLE}{jar:file:/home/runner/.m2/repository/org/apache/ozone/hdds-container-service/1.3.0-SNAPSHOT/hdds-container-service-1.3.0-SNAPSHOT.jar!/webapps/hddsDatanode}
2022-10-14 20:48:14,755 [Listener at 127.0.0.1/41743] INFO  server.AbstractConnector (AbstractConnector.java:doStart(331)) - Started ServerConnector@1238c363{HTTP/1.1, (http/1.1)}{0.0.0.0:41403}
2022-10-14 20:48:14,755 [Listener at 127.0.0.1/41743] INFO  server.Server (Server.java:doStart(415)) - Started @11025ms
2022-10-14 20:48:14,756 [Listener at 127.0.0.1/41743] WARN  impl.MetricsSystemImpl (MetricsSystemImpl.java:register(279)) - Sink prometheus already exists!
2022-10-14 20:48:14,756 [Listener at 127.0.0.1/41743] INFO  http.BaseHttpServer (BaseHttpServer.java:updateConnectorAddress(333)) - HTTP server of hddsDatanode listening at http://0.0.0.0:41403
2022-10-14 20:48:14,761 [Listener at 127.0.0.1/41743] WARN  impl.MetricRegistriesImpl (MetricRegistriesImpl.java:addReporterRegistration(111)) - New reporters are added after registries were created. Some metrics will be missing from the reporter. Please add reporter before adding any new registry.
2022-10-14 20:48:14,761 [Listener at 127.0.0.1/41743] WARN  impl.MetricRegistriesImpl (MetricRegistriesImpl.java:addReporterRegistration(111)) - New reporters are added after registries were created. Some metrics will be missing from the reporter. Please add reporter before adding any new registry.
2022-10-14 20:48:14,761 [Listener at 127.0.0.1/41743] INFO  impl.MetricsSystemImpl (MetricsSystemImpl.java:init(158)) - HddsDatanode metrics system started (again)
2022-10-14 20:48:14,769 [Datanode State Machine Daemon Thread] INFO  statemachine.DatanodeStateMachine (DatanodeStateMachine.java:lambda$startDaemon$0(492)) - Ozone container server started.
2022-10-14 20:48:14,780 [Listener at 127.0.0.1/41743] INFO  ozone.HddsDatanodeService (HddsDatanodeService.java:start(236)) - HddsDatanodeService host:fv-az459-990.msq0az1vewme3jsxyslsv0htic.jx.internal.cloudapp.net ip:10.1.0.226
2022-10-14 20:48:14,797 [org.apache.hadoop.util.JvmPauseMonitor$Monitor@715d92ab] INFO  util.JvmPauseMonitor (JvmPauseMonitor.java:run(188)) - Starting JVM pause monitor
2022-10-14 20:48:14,799 [Datanode State Machine Task Thread - 0] INFO  datanode.InitDatanodeState (InitDatanodeState.java:persistContainerDatanodeDetails(138)) - DatanodeDetails is persisted to /home/runner/work/ozone/ozone/hadoop-ozone/integration-test/target/test-dir/MiniOzoneClusterImpl-1e9d71ba-d753-4201-9665-5e97e6b64b9c/datanode-3/meta/datanode.id
2022-10-14 20:48:14,820 [Listener at 127.0.0.1/41743] INFO  upgrade.AbstractLayoutVersionManager (AbstractLayoutVersionManager.java:init(83)) - Initializing Layout version manager with metadata layout = DATANODE_SCHEMA_V3 (version = 4), software layout = DATANODE_SCHEMA_V3 (version = 4)
2022-10-14 20:48:14,882 [Listener at 127.0.0.1/41743] INFO  reflections.Reflections (Reflections.java:scan(232)) - Reflections took 59 ms to scan 7 urls, producing 137 keys and 328 values 
2022-10-14 20:48:14,884 [Listener at 127.0.0.1/41743] INFO  statemachine.DatanodeStateMachine (DatanodeStateMachine.java:getEndPointTaskThreadPoolSize(237)) - Datanode State Machine Task Thread Pool size 2
2022-10-14 20:48:14,890 [Listener at 127.0.0.1/41743] INFO  volume.HddsVolume (HddsVolume.java:<init>(117)) - Creating HddsVolume: /home/runner/work/ozone/ozone/hadoop-ozone/integration-test/target/test-dir/MiniOzoneClusterImpl-1e9d71ba-d753-4201-9665-5e97e6b64b9c/datanode-4/data-0/containers/hdds of storage type : DISK capacity : 9223372036854775807
2022-10-14 20:48:14,890 [Listener at 127.0.0.1/41743] INFO  volume.MutableVolumeSet (MutableVolumeSet.java:initializeVolumeSet(174)) - Added Volume : /home/runner/work/ozone/ozone/hadoop-ozone/integration-test/target/test-dir/MiniOzoneClusterImpl-1e9d71ba-d753-4201-9665-5e97e6b64b9c/datanode-4/data-0/containers/hdds to VolumeSet
2022-10-14 20:48:14,891 [Listener at 127.0.0.1/41743] INFO  volume.ThrottledAsyncChecker (ThrottledAsyncChecker.java:schedule(141)) - Scheduling a check for /home/runner/work/ozone/ozone/hadoop-ozone/integration-test/target/test-dir/MiniOzoneClusterImpl-1e9d71ba-d753-4201-9665-5e97e6b64b9c/datanode-4/data-0/containers/hdds
2022-10-14 20:48:14,895 [Listener at 127.0.0.1/41743] INFO  volume.StorageVolumeChecker (StorageVolumeChecker.java:checkAllVolumes(202)) - Scheduled health check for volume /home/runner/work/ozone/ozone/hadoop-ozone/integration-test/target/test-dir/MiniOzoneClusterImpl-1e9d71ba-d753-4201-9665-5e97e6b64b9c/datanode-4/data-0/containers/hdds
2022-10-14 20:48:14,908 [Listener at 127.0.0.1/41743] INFO  volume.MutableVolumeSet (MutableVolumeSet.java:initializeVolumeSet(174)) - Added Volume : /home/runner/work/ozone/ozone/hadoop-ozone/integration-test/target/test-dir/MiniOzoneClusterImpl-1e9d71ba-d753-4201-9665-5e97e6b64b9c/datanode-4/data/ratis to VolumeSet
2022-10-14 20:48:14,909 [Listener at 127.0.0.1/41743] INFO  volume.ThrottledAsyncChecker (ThrottledAsyncChecker.java:schedule(141)) - Scheduling a check for /home/runner/work/ozone/ozone/hadoop-ozone/integration-test/target/test-dir/MiniOzoneClusterImpl-1e9d71ba-d753-4201-9665-5e97e6b64b9c/datanode-4/data/ratis
2022-10-14 20:48:14,909 [Listener at 127.0.0.1/41743] INFO  volume.StorageVolumeChecker (StorageVolumeChecker.java:checkAllVolumes(202)) - Scheduled health check for volume /home/runner/work/ozone/ozone/hadoop-ozone/integration-test/target/test-dir/MiniOzoneClusterImpl-1e9d71ba-d753-4201-9665-5e97e6b64b9c/datanode-4/data/ratis
2022-10-14 20:48:14,921 [Thread-190] INFO  ozoneimpl.ContainerReader (ContainerReader.java:readVolume(175)) - Finish verifying containers on volume /home/runner/work/ozone/ozone/hadoop-ozone/integration-test/target/test-dir/MiniOzoneClusterImpl-1e9d71ba-d753-4201-9665-5e97e6b64b9c/datanode-4/data-0/containers/hdds
2022-10-14 20:48:14,921 [Listener at 127.0.0.1/41743] INFO  ozoneimpl.OzoneContainer (OzoneContainer.java:buildContainerSet(300)) - Build ContainerSet costs 0s
2022-10-14 20:48:14,925 [Listener at 127.0.0.1/41743] INFO  server.RaftServer (ConfUtils.java:logGet(46)) - raft.rpc.type = GRPC (default)
2022-10-14 20:48:14,925 [Listener at 127.0.0.1/41743] INFO  grpc.GrpcFactory (GrpcFactory.java:checkPooledByteBufAllocatorUseCacheForAllThreads(48)) - PERFORMANCE WARNING: useCacheForAllThreads is true that may cause Netty to create a lot garbage objects and, as a result, trigger GC.
	It is recommended to disable useCacheForAllThreads by setting -Dorg.apache.ratis.thirdparty.io.netty.allocator.useCacheForAllThreads=false in command line.
2022-10-14 20:48:14,925 [Listener at 127.0.0.1/41743] INFO  grpc.GrpcConfigKeys (ConfUtils.java:logGet(46)) - raft.grpc.admin.port = 0 (custom)
2022-10-14 20:48:14,925 [Listener at 127.0.0.1/41743] INFO  grpc.GrpcConfigKeys (ConfUtils.java:logGet(46)) - raft.grpc.client.port = 0 (custom)
2022-10-14 20:48:14,925 [Listener at 127.0.0.1/41743] INFO  grpc.GrpcConfigKeys (ConfUtils.java:logGet(46)) - raft.grpc.server.port = 0 (default)
2022-10-14 20:48:14,925 [Listener at 127.0.0.1/41743] INFO  server.GrpcService (ConfUtils.java:logGet(46)) - raft.grpc.message.size.max = 32MB (=33554432) (custom)
2022-10-14 20:48:14,926 [Listener at 127.0.0.1/41743] INFO  server.RaftServerConfigKeys (ConfUtils.java:logGet(46)) - raft.server.log.appender.buffer.byte-limit = 33554432 (custom)
2022-10-14 20:48:14,926 [Listener at 127.0.0.1/41743] INFO  server.GrpcService (ConfUtils.java:logGet(46)) - raft.grpc.flow.control.window = 5MB (=5242880) (custom)
2022-10-14 20:48:14,926 [Listener at 127.0.0.1/41743] INFO  server.RaftServerConfigKeys (ConfUtils.java:logGet(46)) - raft.server.rpc.request.timeout = 60s (custom)
2022-10-14 20:48:14,926 [Listener at 127.0.0.1/41743] INFO  grpc.GrpcConfigKeys (ConfUtils.java:logGet(46)) - raft.grpc.server.async.request.thread.pool.cached = true (default)
2022-10-14 20:48:14,926 [Listener at 127.0.0.1/41743] INFO  grpc.GrpcConfigKeys (ConfUtils.java:logGet(46)) - raft.grpc.server.async.request.thread.pool.size = 32 (default)
2022-10-14 20:48:14,928 [Listener at 127.0.0.1/41743] INFO  impl.DataStreamServerImpl (ConfUtils.java:logGet(46)) - raft.datastream.type = DISABLED (default)
2022-10-14 20:48:14,928 [Listener at 127.0.0.1/41743] INFO  server.RaftServerConfigKeys (ConfUtils.java:logGet(46)) - raft.server.threadpool.proxy.cached = true (default)
2022-10-14 20:48:14,928 [Listener at 127.0.0.1/41743] INFO  server.RaftServerConfigKeys (ConfUtils.java:logGet(46)) - raft.server.threadpool.proxy.size = 0 (default)
2022-10-14 20:48:14,928 [Listener at 127.0.0.1/41743] INFO  server.RaftServerConfigKeys (ConfUtils.java:logGet(46)) - raft.server.rpc.slowness.timeout = 300s (custom)
2022-10-14 20:48:14,928 [Listener at 127.0.0.1/41743] INFO  server.RaftServerConfigKeys (ConfUtils.java:logGet(46)) - raft.server.leaderelection.leader.step-down.wait-time = 10s (default)
2022-10-14 20:48:14,929 [Listener at 127.0.0.1/41743] INFO  server.RaftServerConfigKeys (ConfUtils.java:logGet(46)) - raft.server.storage.dir = [/home/runner/work/ozone/ozone/hadoop-ozone/integration-test/target/test-dir/MiniOzoneClusterImpl-1e9d71ba-d753-4201-9665-5e97e6b64b9c/datanode-4/data/ratis] (custom)
2022-10-14 20:48:14,930 [Listener at 127.0.0.1/41743] INFO  server.XceiverServerGrpc (XceiverServerGrpc.java:<init>(132)) - GrpcServer channel type EpollServerSocketChannel
2022-10-14 20:48:14,934 [Listener at 127.0.0.1/41743] INFO  http.BaseHttpServer (BaseHttpServer.java:newHttpServer2BuilderForOzone(213)) - Starting Web-server for hddsDatanode at: http://0.0.0.0:0
2022-10-14 20:48:14,934 [Listener at 127.0.0.1/41743] INFO  http.BaseHttpServer (BaseHttpServer.java:<init>(108)) - Hadoop Security Enabled: false Ozone Security Enabled: false Ozone HTTP Security Enabled: false 
2022-10-14 20:48:14,936 [Listener at 127.0.0.1/41743] WARN  server.AuthenticationFilter (AuthenticationFilter.java:constructSecretProvider(240)) - Unable to initialize FileSignerSecretProvider, falling back to use random secrets. Reason: Could not read signature secret file: /home/runner/hadoop-http-auth-signature-secret
2022-10-14 20:48:14,937 [Listener at 127.0.0.1/41743] WARN  http.HttpRequestLog (HttpRequestLog.java:getRequestLog(103)) - Jetty request log can only be enabled using Log4j
2022-10-14 20:48:14,939 [Listener at 127.0.0.1/41743] INFO  http.HttpServer2 (HttpServer2.java:addGlobalFilter(1031)) - Added global filter 'safety' (class=org.apache.hadoop.hdds.server.http.HttpServer2$QuotingInputFilter)
2022-10-14 20:48:14,939 [Listener at 127.0.0.1/41743] INFO  http.HttpServer2 (HttpServer2.java:addFilter(1007)) - Added filter static_user_filter (class=org.apache.hadoop.http.lib.StaticUserWebFilter$StaticUserFilter) to context hddsDatanode
2022-10-14 20:48:14,940 [Listener at 127.0.0.1/41743] INFO  http.HttpServer2 (HttpServer2.java:addFilter(1015)) - Added filter static_user_filter (class=org.apache.hadoop.http.lib.StaticUserWebFilter$StaticUserFilter) to context logs
2022-10-14 20:48:14,940 [Listener at 127.0.0.1/41743] INFO  http.HttpServer2 (HttpServer2.java:addFilter(1015)) - Added filter static_user_filter (class=org.apache.hadoop.http.lib.StaticUserWebFilter$StaticUserFilter) to context static
2022-10-14 20:48:14,940 [Listener at 127.0.0.1/41743] INFO  http.HttpServer2 (HttpServer2.java:bindListener(1250)) - Jetty bound to port 41009
2022-10-14 20:48:14,941 [Listener at 127.0.0.1/41743] INFO  server.Server (Server.java:doStart(375)) - jetty-9.4.43.v20210629; built: 2021-06-30T11:07:22.254Z; git: 526006ecfa3af7f1a27ef3a288e2bef7ea9dd7e8; jvm 1.8.0_345-b01
2022-10-14 20:48:14,942 [Listener at 127.0.0.1/41743] INFO  server.session (DefaultSessionIdManager.java:doStart(334)) - DefaultSessionIdManager workerName=node0
2022-10-14 20:48:14,942 [Listener at 127.0.0.1/41743] INFO  server.session (DefaultSessionIdManager.java:doStart(339)) - No SessionScavenger set, using defaults
2022-10-14 20:48:14,943 [Listener at 127.0.0.1/41743] INFO  server.session (HouseKeeper.java:startScavenging(132)) - node0 Scavenging every 600000ms
2022-10-14 20:48:14,944 [Listener at 127.0.0.1/41743] INFO  handler.ContextHandler (ContextHandler.java:doStart(915)) - Started o.e.j.s.ServletContextHandler@28da3eb1{logs,/logs,file:///home/runner/work/ozone/ozone/hadoop-ozone/integration-test/target/log,AVAILABLE}
2022-10-14 20:48:14,944 [Listener at 127.0.0.1/41743] INFO  handler.ContextHandler (ContextHandler.java:doStart(915)) - Started o.e.j.s.ServletContextHandler@4ac5fab8{static,/static,jar:file:/home/runner/.m2/repository/org/apache/ozone/hdds-container-service/1.3.0-SNAPSHOT/hdds-container-service-1.3.0-SNAPSHOT.jar!/webapps/static,AVAILABLE}
2022-10-14 20:48:15,137 [Listener at 127.0.0.1/41743] INFO  handler.ContextHandler (ContextHandler.java:doStart(915)) - Started o.e.j.w.WebAppContext@354866c4{hddsDatanode,/,file:///tmp/jetty-0_0_0_0-41009-hdds-container-service-1_3_0-SNAPSHOT_jar-_-any-8242963929607324458/webapp/,AVAILABLE}{jar:file:/home/runner/.m2/repository/org/apache/ozone/hdds-container-service/1.3.0-SNAPSHOT/hdds-container-service-1.3.0-SNAPSHOT.jar!/webapps/hddsDatanode}
2022-10-14 20:48:15,139 [Listener at 127.0.0.1/41743] INFO  server.AbstractConnector (AbstractConnector.java:doStart(331)) - Started ServerConnector@2d8a62a9{HTTP/1.1, (http/1.1)}{0.0.0.0:41009}
2022-10-14 20:48:15,139 [Listener at 127.0.0.1/41743] INFO  server.Server (Server.java:doStart(415)) - Started @11409ms
2022-10-14 20:48:15,139 [Listener at 127.0.0.1/41743] WARN  impl.MetricsSystemImpl (MetricsSystemImpl.java:register(279)) - Sink prometheus already exists!
2022-10-14 20:48:15,140 [Listener at 127.0.0.1/41743] INFO  http.BaseHttpServer (BaseHttpServer.java:updateConnectorAddress(333)) - HTTP server of hddsDatanode listening at http://0.0.0.0:41009
2022-10-14 20:48:15,141 [Listener at 127.0.0.1/41743] WARN  impl.MetricRegistriesImpl (MetricRegistriesImpl.java:addReporterRegistration(111)) - New reporters are added after registries were created. Some metrics will be missing from the reporter. Please add reporter before adding any new registry.
2022-10-14 20:48:15,141 [Listener at 127.0.0.1/41743] WARN  impl.MetricRegistriesImpl (MetricRegistriesImpl.java:addReporterRegistration(111)) - New reporters are added after registries were created. Some metrics will be missing from the reporter. Please add reporter before adding any new registry.
2022-10-14 20:48:15,141 [Listener at 127.0.0.1/41743] INFO  impl.MetricsSystemImpl (MetricsSystemImpl.java:init(158)) - HddsDatanode metrics system started (again)
2022-10-14 20:48:15,149 [Datanode State Machine Daemon Thread] INFO  statemachine.DatanodeStateMachine (DatanodeStateMachine.java:lambda$startDaemon$0(492)) - Ozone container server started.
2022-10-14 20:48:15,158 [org.apache.hadoop.util.JvmPauseMonitor$Monitor@f6417b7] INFO  util.JvmPauseMonitor (JvmPauseMonitor.java:run(188)) - Starting JVM pause monitor
2022-10-14 20:48:15,163 [Listener at 127.0.0.1/41743] INFO  ozone.HddsDatanodeService (HddsDatanodeService.java:start(236)) - HddsDatanodeService host:fv-az459-990.msq0az1vewme3jsxyslsv0htic.jx.internal.cloudapp.net ip:10.1.0.226
2022-10-14 20:48:15,168 [Datanode State Machine Task Thread - 0] INFO  datanode.InitDatanodeState (InitDatanodeState.java:persistContainerDatanodeDetails(138)) - DatanodeDetails is persisted to /home/runner/work/ozone/ozone/hadoop-ozone/integration-test/target/test-dir/MiniOzoneClusterImpl-1e9d71ba-d753-4201-9665-5e97e6b64b9c/datanode-4/meta/datanode.id
2022-10-14 20:48:15,187 [Listener at 127.0.0.1/41743] INFO  upgrade.AbstractLayoutVersionManager (AbstractLayoutVersionManager.java:init(83)) - Initializing Layout version manager with metadata layout = DATANODE_SCHEMA_V3 (version = 4), software layout = DATANODE_SCHEMA_V3 (version = 4)
2022-10-14 20:48:15,237 [Listener at 127.0.0.1/41743] INFO  reflections.Reflections (Reflections.java:scan(232)) - Reflections took 49 ms to scan 7 urls, producing 137 keys and 328 values 
2022-10-14 20:48:15,239 [Listener at 127.0.0.1/41743] INFO  statemachine.DatanodeStateMachine (DatanodeStateMachine.java:getEndPointTaskThreadPoolSize(237)) - Datanode State Machine Task Thread Pool size 2
2022-10-14 20:48:15,241 [Listener at 127.0.0.1/41743] INFO  volume.HddsVolume (HddsVolume.java:<init>(117)) - Creating HddsVolume: /home/runner/work/ozone/ozone/hadoop-ozone/integration-test/target/test-dir/MiniOzoneClusterImpl-1e9d71ba-d753-4201-9665-5e97e6b64b9c/datanode-5/data-0/containers/hdds of storage type : DISK capacity : 9223372036854775807
2022-10-14 20:48:15,241 [Listener at 127.0.0.1/41743] INFO  volume.MutableVolumeSet (MutableVolumeSet.java:initializeVolumeSet(174)) - Added Volume : /home/runner/work/ozone/ozone/hadoop-ozone/integration-test/target/test-dir/MiniOzoneClusterImpl-1e9d71ba-d753-4201-9665-5e97e6b64b9c/datanode-5/data-0/containers/hdds to VolumeSet
2022-10-14 20:48:15,242 [Listener at 127.0.0.1/41743] INFO  volume.ThrottledAsyncChecker (ThrottledAsyncChecker.java:schedule(141)) - Scheduling a check for /home/runner/work/ozone/ozone/hadoop-ozone/integration-test/target/test-dir/MiniOzoneClusterImpl-1e9d71ba-d753-4201-9665-5e97e6b64b9c/datanode-5/data-0/containers/hdds
2022-10-14 20:48:15,245 [Listener at 127.0.0.1/41743] INFO  volume.StorageVolumeChecker (StorageVolumeChecker.java:checkAllVolumes(202)) - Scheduled health check for volume /home/runner/work/ozone/ozone/hadoop-ozone/integration-test/target/test-dir/MiniOzoneClusterImpl-1e9d71ba-d753-4201-9665-5e97e6b64b9c/datanode-5/data-0/containers/hdds
2022-10-14 20:48:15,259 [Listener at 127.0.0.1/41743] INFO  volume.MutableVolumeSet (MutableVolumeSet.java:initializeVolumeSet(174)) - Added Volume : /home/runner/work/ozone/ozone/hadoop-ozone/integration-test/target/test-dir/MiniOzoneClusterImpl-1e9d71ba-d753-4201-9665-5e97e6b64b9c/datanode-5/data/ratis to VolumeSet
2022-10-14 20:48:15,259 [Listener at 127.0.0.1/41743] INFO  volume.ThrottledAsyncChecker (ThrottledAsyncChecker.java:schedule(141)) - Scheduling a check for /home/runner/work/ozone/ozone/hadoop-ozone/integration-test/target/test-dir/MiniOzoneClusterImpl-1e9d71ba-d753-4201-9665-5e97e6b64b9c/datanode-5/data/ratis
2022-10-14 20:48:15,259 [Listener at 127.0.0.1/41743] INFO  volume.StorageVolumeChecker (StorageVolumeChecker.java:checkAllVolumes(202)) - Scheduled health check for volume /home/runner/work/ozone/ozone/hadoop-ozone/integration-test/target/test-dir/MiniOzoneClusterImpl-1e9d71ba-d753-4201-9665-5e97e6b64b9c/datanode-5/data/ratis
2022-10-14 20:48:15,273 [Thread-203] INFO  ozoneimpl.ContainerReader (ContainerReader.java:readVolume(175)) - Finish verifying containers on volume /home/runner/work/ozone/ozone/hadoop-ozone/integration-test/target/test-dir/MiniOzoneClusterImpl-1e9d71ba-d753-4201-9665-5e97e6b64b9c/datanode-5/data-0/containers/hdds
2022-10-14 20:48:15,273 [Listener at 127.0.0.1/41743] INFO  ozoneimpl.OzoneContainer (OzoneContainer.java:buildContainerSet(300)) - Build ContainerSet costs 0s
2022-10-14 20:48:15,276 [Listener at 127.0.0.1/41743] INFO  server.RaftServer (ConfUtils.java:logGet(46)) - raft.rpc.type = GRPC (default)
2022-10-14 20:48:15,277 [Listener at 127.0.0.1/41743] INFO  grpc.GrpcFactory (GrpcFactory.java:checkPooledByteBufAllocatorUseCacheForAllThreads(48)) - PERFORMANCE WARNING: useCacheForAllThreads is true that may cause Netty to create a lot garbage objects and, as a result, trigger GC.
	It is recommended to disable useCacheForAllThreads by setting -Dorg.apache.ratis.thirdparty.io.netty.allocator.useCacheForAllThreads=false in command line.
2022-10-14 20:48:15,277 [Listener at 127.0.0.1/41743] INFO  grpc.GrpcConfigKeys (ConfUtils.java:logGet(46)) - raft.grpc.admin.port = 0 (custom)
2022-10-14 20:48:15,277 [Listener at 127.0.0.1/41743] INFO  grpc.GrpcConfigKeys (ConfUtils.java:logGet(46)) - raft.grpc.client.port = 0 (custom)
2022-10-14 20:48:15,277 [Listener at 127.0.0.1/41743] INFO  grpc.GrpcConfigKeys (ConfUtils.java:logGet(46)) - raft.grpc.server.port = 0 (default)
2022-10-14 20:48:15,277 [Listener at 127.0.0.1/41743] INFO  server.GrpcService (ConfUtils.java:logGet(46)) - raft.grpc.message.size.max = 32MB (=33554432) (custom)
2022-10-14 20:48:15,278 [Listener at 127.0.0.1/41743] INFO  server.RaftServerConfigKeys (ConfUtils.java:logGet(46)) - raft.server.log.appender.buffer.byte-limit = 33554432 (custom)
2022-10-14 20:48:15,278 [Listener at 127.0.0.1/41743] INFO  server.GrpcService (ConfUtils.java:logGet(46)) - raft.grpc.flow.control.window = 5MB (=5242880) (custom)
2022-10-14 20:48:15,278 [Listener at 127.0.0.1/41743] INFO  server.RaftServerConfigKeys (ConfUtils.java:logGet(46)) - raft.server.rpc.request.timeout = 60s (custom)
2022-10-14 20:48:15,278 [Listener at 127.0.0.1/41743] INFO  grpc.GrpcConfigKeys (ConfUtils.java:logGet(46)) - raft.grpc.server.async.request.thread.pool.cached = true (default)
2022-10-14 20:48:15,278 [Listener at 127.0.0.1/41743] INFO  grpc.GrpcConfigKeys (ConfUtils.java:logGet(46)) - raft.grpc.server.async.request.thread.pool.size = 32 (default)
2022-10-14 20:48:15,280 [Listener at 127.0.0.1/41743] INFO  impl.DataStreamServerImpl (ConfUtils.java:logGet(46)) - raft.datastream.type = DISABLED (default)
2022-10-14 20:48:15,280 [Listener at 127.0.0.1/41743] INFO  server.RaftServerConfigKeys (ConfUtils.java:logGet(46)) - raft.server.threadpool.proxy.cached = true (default)
2022-10-14 20:48:15,280 [Listener at 127.0.0.1/41743] INFO  server.RaftServerConfigKeys (ConfUtils.java:logGet(46)) - raft.server.threadpool.proxy.size = 0 (default)
2022-10-14 20:48:15,280 [Listener at 127.0.0.1/41743] INFO  server.RaftServerConfigKeys (ConfUtils.java:logGet(46)) - raft.server.rpc.slowness.timeout = 300s (custom)
2022-10-14 20:48:15,281 [Listener at 127.0.0.1/41743] INFO  server.RaftServerConfigKeys (ConfUtils.java:logGet(46)) - raft.server.leaderelection.leader.step-down.wait-time = 10s (default)
2022-10-14 20:48:15,281 [Listener at 127.0.0.1/41743] INFO  server.RaftServerConfigKeys (ConfUtils.java:logGet(46)) - raft.server.storage.dir = [/home/runner/work/ozone/ozone/hadoop-ozone/integration-test/target/test-dir/MiniOzoneClusterImpl-1e9d71ba-d753-4201-9665-5e97e6b64b9c/datanode-5/data/ratis] (custom)
2022-10-14 20:48:15,283 [Listener at 127.0.0.1/41743] INFO  server.XceiverServerGrpc (XceiverServerGrpc.java:<init>(132)) - GrpcServer channel type EpollServerSocketChannel
2022-10-14 20:48:15,286 [Listener at 127.0.0.1/41743] INFO  http.BaseHttpServer (BaseHttpServer.java:newHttpServer2BuilderForOzone(213)) - Starting Web-server for hddsDatanode at: http://0.0.0.0:0
2022-10-14 20:48:15,286 [Listener at 127.0.0.1/41743] INFO  http.BaseHttpServer (BaseHttpServer.java:<init>(108)) - Hadoop Security Enabled: false Ozone Security Enabled: false Ozone HTTP Security Enabled: false 
2022-10-14 20:48:15,288 [Listener at 127.0.0.1/41743] WARN  server.AuthenticationFilter (AuthenticationFilter.java:constructSecretProvider(240)) - Unable to initialize FileSignerSecretProvider, falling back to use random secrets. Reason: Could not read signature secret file: /home/runner/hadoop-http-auth-signature-secret
2022-10-14 20:48:15,289 [Listener at 127.0.0.1/41743] WARN  http.HttpRequestLog (HttpRequestLog.java:getRequestLog(103)) - Jetty request log can only be enabled using Log4j
2022-10-14 20:48:15,290 [Listener at 127.0.0.1/41743] INFO  http.HttpServer2 (HttpServer2.java:addGlobalFilter(1031)) - Added global filter 'safety' (class=org.apache.hadoop.hdds.server.http.HttpServer2$QuotingInputFilter)
2022-10-14 20:48:15,291 [Listener at 127.0.0.1/41743] INFO  http.HttpServer2 (HttpServer2.java:addFilter(1007)) - Added filter static_user_filter (class=org.apache.hadoop.http.lib.StaticUserWebFilter$StaticUserFilter) to context hddsDatanode
2022-10-14 20:48:15,291 [Listener at 127.0.0.1/41743] INFO  http.HttpServer2 (HttpServer2.java:addFilter(1015)) - Added filter static_user_filter (class=org.apache.hadoop.http.lib.StaticUserWebFilter$StaticUserFilter) to context static
2022-10-14 20:48:15,291 [Listener at 127.0.0.1/41743] INFO  http.HttpServer2 (HttpServer2.java:addFilter(1015)) - Added filter static_user_filter (class=org.apache.hadoop.http.lib.StaticUserWebFilter$StaticUserFilter) to context logs
2022-10-14 20:48:15,292 [Listener at 127.0.0.1/41743] INFO  http.HttpServer2 (HttpServer2.java:bindListener(1250)) - Jetty bound to port 34945
2022-10-14 20:48:15,292 [Listener at 127.0.0.1/41743] INFO  server.Server (Server.java:doStart(375)) - jetty-9.4.43.v20210629; built: 2021-06-30T11:07:22.254Z; git: 526006ecfa3af7f1a27ef3a288e2bef7ea9dd7e8; jvm 1.8.0_345-b01
2022-10-14 20:48:15,295 [Listener at 127.0.0.1/41743] INFO  server.session (DefaultSessionIdManager.java:doStart(334)) - DefaultSessionIdManager workerName=node0
2022-10-14 20:48:15,295 [Listener at 127.0.0.1/41743] INFO  server.session (DefaultSessionIdManager.java:doStart(339)) - No SessionScavenger set, using defaults
2022-10-14 20:48:15,296 [Listener at 127.0.0.1/41743] INFO  server.session (HouseKeeper.java:startScavenging(132)) - node0 Scavenging every 600000ms
2022-10-14 20:48:15,296 [Listener at 127.0.0.1/41743] INFO  handler.ContextHandler (ContextHandler.java:doStart(915)) - Started o.e.j.s.ServletContextHandler@662e689a{logs,/logs,file:///home/runner/work/ozone/ozone/hadoop-ozone/integration-test/target/log,AVAILABLE}
2022-10-14 20:48:15,297 [Listener at 127.0.0.1/41743] INFO  handler.ContextHandler (ContextHandler.java:doStart(915)) - Started o.e.j.s.ServletContextHandler@26683409{static,/static,jar:file:/home/runner/.m2/repository/org/apache/ozone/hdds-container-service/1.3.0-SNAPSHOT/hdds-container-service-1.3.0-SNAPSHOT.jar!/webapps/static,AVAILABLE}
2022-10-14 20:48:15,503 [Listener at 127.0.0.1/41743] INFO  handler.ContextHandler (ContextHandler.java:doStart(915)) - Started o.e.j.w.WebAppContext@37b2ecb4{hddsDatanode,/,file:///tmp/jetty-0_0_0_0-34945-hdds-container-service-1_3_0-SNAPSHOT_jar-_-any-9035576167724136677/webapp/,AVAILABLE}{jar:file:/home/runner/.m2/repository/org/apache/ozone/hdds-container-service/1.3.0-SNAPSHOT/hdds-container-service-1.3.0-SNAPSHOT.jar!/webapps/hddsDatanode}
2022-10-14 20:48:15,505 [Listener at 127.0.0.1/41743] INFO  server.AbstractConnector (AbstractConnector.java:doStart(331)) - Started ServerConnector@67332c7c{HTTP/1.1, (http/1.1)}{0.0.0.0:34945}
2022-10-14 20:48:15,508 [Listener at 127.0.0.1/41743] INFO  server.Server (Server.java:doStart(415)) - Started @11778ms
2022-10-14 20:48:15,509 [Listener at 127.0.0.1/41743] WARN  impl.MetricsSystemImpl (MetricsSystemImpl.java:register(279)) - Sink prometheus already exists!
2022-10-14 20:48:15,512 [Listener at 127.0.0.1/41743] INFO  http.BaseHttpServer (BaseHttpServer.java:updateConnectorAddress(333)) - HTTP server of hddsDatanode listening at http://0.0.0.0:34945
2022-10-14 20:48:15,518 [Listener at 127.0.0.1/41743] WARN  impl.MetricRegistriesImpl (MetricRegistriesImpl.java:addReporterRegistration(111)) - New reporters are added after registries were created. Some metrics will be missing from the reporter. Please add reporter before adding any new registry.
2022-10-14 20:48:15,518 [Listener at 127.0.0.1/41743] WARN  impl.MetricRegistriesImpl (MetricRegistriesImpl.java:addReporterRegistration(111)) - New reporters are added after registries were created. Some metrics will be missing from the reporter. Please add reporter before adding any new registry.
2022-10-14 20:48:15,518 [Listener at 127.0.0.1/41743] INFO  impl.MetricsSystemImpl (MetricsSystemImpl.java:init(158)) - HddsDatanode metrics system started (again)
2022-10-14 20:48:15,515 [EndpointStateMachine task thread for /0.0.0.0:35689 - 0 ] INFO  volume.HddsVolume (HddsVolume.java:createDbStore(307)) - SchemaV3 db is created and loaded at /home/runner/work/ozone/ozone/hadoop-ozone/integration-test/target/test-dir/MiniOzoneClusterImpl-1e9d71ba-d753-4201-9665-5e97e6b64b9c/datanode-0/data-0/containers/hdds/1e9d71ba-d753-4201-9665-5e97e6b64b9c/DS-ad0ccc63-7751-4d4e-aa2d-4913d03f8dde/container.db for volume DS-ad0ccc63-7751-4d4e-aa2d-4913d03f8dde
2022-10-14 20:48:15,522 [Datanode State Machine Daemon Thread] INFO  statemachine.DatanodeStateMachine (DatanodeStateMachine.java:lambda$startDaemon$0(492)) - Ozone container server started.
2022-10-14 20:48:15,526 [EndpointStateMachine task thread for /0.0.0.0:35689 - 0 ] INFO  volume.HddsVolume (HddsVolume.java:closeDbStore(338)) - SchemaV3 db is stopped at /home/runner/work/ozone/ozone/hadoop-ozone/integration-test/target/test-dir/MiniOzoneClusterImpl-1e9d71ba-d753-4201-9665-5e97e6b64b9c/datanode-0/data-0/containers/hdds/1e9d71ba-d753-4201-9665-5e97e6b64b9c/DS-ad0ccc63-7751-4d4e-aa2d-4913d03f8dde/container.db for volume DS-ad0ccc63-7751-4d4e-aa2d-4913d03f8dde
2022-10-14 20:48:15,536 [org.apache.hadoop.util.JvmPauseMonitor$Monitor@57d8dfce] INFO  util.JvmPauseMonitor (JvmPauseMonitor.java:run(188)) - Starting JVM pause monitor
2022-10-14 20:48:15,534 [EndpointStateMachine task thread for /0.0.0.0:35689 - 0 ] INFO  ozoneimpl.OzoneContainer (OzoneContainer.java:start(378)) - Attempting to start container services.
2022-10-14 20:48:15,544 [Datanode State Machine Task Thread - 0] INFO  datanode.InitDatanodeState (InitDatanodeState.java:persistContainerDatanodeDetails(138)) - DatanodeDetails is persisted to /home/runner/work/ozone/ozone/hadoop-ozone/integration-test/target/test-dir/MiniOzoneClusterImpl-1e9d71ba-d753-4201-9665-5e97e6b64b9c/datanode-5/meta/datanode.id
2022-10-14 20:48:15,548 [EndpointStateMachine task thread for /0.0.0.0:35689 - 0 ] INFO  ozoneimpl.OzoneContainer (OzoneContainer.java:startContainerScrub(313)) - Background container scanner has been disabled.
2022-10-14 20:48:15,556 [EndpointStateMachine task thread for /0.0.0.0:35689 - 0 ] INFO  replication.ReplicationServer (ReplicationServer.java:start(111)) - ReplicationServer is started using port 36665
2022-10-14 20:48:15,559 [Listener at 127.0.0.1/41743] INFO  ozone.HddsDatanodeService (HddsDatanodeService.java:start(236)) - HddsDatanodeService host:fv-az459-990.msq0az1vewme3jsxyslsv0htic.jx.internal.cloudapp.net ip:10.1.0.226
2022-10-14 20:48:15,559 [EndpointStateMachine task thread for /0.0.0.0:35689 - 0 ] INFO  ratis.XceiverServerRatis (XceiverServerRatis.java:start(481)) - Starting XceiverServerRatis e247b98c-9a86-486e-b3b1-fa195c9418a4
2022-10-14 20:48:15,577 [EndpointStateMachine task thread for /0.0.0.0:35689 - 0 ] INFO  server.RaftServer (RaftServerProxy.java:lambda$start$6(382)) - e247b98c-9a86-486e-b3b1-fa195c9418a4: start RPC server
2022-10-14 20:48:15,588 [EndpointStateMachine task thread for /0.0.0.0:35689 - 0 ] INFO  server.GrpcService (GrpcService.java:startImpl(260)) - e247b98c-9a86-486e-b3b1-fa195c9418a4: GrpcService started, listening on 46677
2022-10-14 20:48:15,589 [EndpointStateMachine task thread for /0.0.0.0:35689 - 0 ] INFO  ratis.XceiverServerRatis (XceiverServerRatis.java:getRealPort(502)) - XceiverServerRatis e247b98c-9a86-486e-b3b1-fa195c9418a4 is started using port 46677 for RATIS
2022-10-14 20:48:15,589 [EndpointStateMachine task thread for /0.0.0.0:35689 - 0 ] INFO  ratis.XceiverServerRatis (XceiverServerRatis.java:getRealPort(502)) - XceiverServerRatis e247b98c-9a86-486e-b3b1-fa195c9418a4 is started using port 46677 for RATIS_ADMIN
2022-10-14 20:48:15,589 [EndpointStateMachine task thread for /0.0.0.0:35689 - 0 ] INFO  ratis.XceiverServerRatis (XceiverServerRatis.java:getRealPort(502)) - XceiverServerRatis e247b98c-9a86-486e-b3b1-fa195c9418a4 is started using port 46677 for RATIS_SERVER
2022-10-14 20:48:15,592 [Listener at 127.0.0.1/41743] INFO  upgrade.AbstractLayoutVersionManager (AbstractLayoutVersionManager.java:init(83)) - Initializing Layout version manager with metadata layout = DATANODE_SCHEMA_V3 (version = 4), software layout = DATANODE_SCHEMA_V3 (version = 4)
2022-10-14 20:48:15,590 [org.apache.ratis.util.JvmPauseMonitor$$Lambda$684/1307560138@bfc2b41] INFO  util.JvmPauseMonitor (JvmPauseMonitor.java:run(103)) - JvmPauseMonitor-e247b98c-9a86-486e-b3b1-fa195c9418a4: Started
2022-10-14 20:48:15,598 [EndpointStateMachine task thread for /0.0.0.0:35689 - 0 ] INFO  server.XceiverServerGrpc (XceiverServerGrpc.java:start(180)) - XceiverServerGrpc e247b98c-9a86-486e-b3b1-fa195c9418a4 is started using port 36511
2022-10-14 20:48:15,651 [Listener at 127.0.0.1/41743] INFO  reflections.Reflections (Reflections.java:scan(232)) - Reflections took 49 ms to scan 7 urls, producing 137 keys and 328 values 
2022-10-14 20:48:15,653 [Listener at 127.0.0.1/41743] INFO  statemachine.DatanodeStateMachine (DatanodeStateMachine.java:getEndPointTaskThreadPoolSize(237)) - Datanode State Machine Task Thread Pool size 2
2022-10-14 20:48:15,655 [Listener at 127.0.0.1/41743] INFO  volume.HddsVolume (HddsVolume.java:<init>(117)) - Creating HddsVolume: /home/runner/work/ozone/ozone/hadoop-ozone/integration-test/target/test-dir/MiniOzoneClusterImpl-1e9d71ba-d753-4201-9665-5e97e6b64b9c/datanode-6/data-0/containers/hdds of storage type : DISK capacity : 9223372036854775807
2022-10-14 20:48:15,655 [Listener at 127.0.0.1/41743] INFO  volume.MutableVolumeSet (MutableVolumeSet.java:initializeVolumeSet(174)) - Added Volume : /home/runner/work/ozone/ozone/hadoop-ozone/integration-test/target/test-dir/MiniOzoneClusterImpl-1e9d71ba-d753-4201-9665-5e97e6b64b9c/datanode-6/data-0/containers/hdds to VolumeSet
2022-10-14 20:48:15,656 [Listener at 127.0.0.1/41743] INFO  volume.ThrottledAsyncChecker (ThrottledAsyncChecker.java:schedule(141)) - Scheduling a check for /home/runner/work/ozone/ozone/hadoop-ozone/integration-test/target/test-dir/MiniOzoneClusterImpl-1e9d71ba-d753-4201-9665-5e97e6b64b9c/datanode-6/data-0/containers/hdds
2022-10-14 20:48:15,657 [Listener at 127.0.0.1/41743] INFO  volume.StorageVolumeChecker (StorageVolumeChecker.java:checkAllVolumes(202)) - Scheduled health check for volume /home/runner/work/ozone/ozone/hadoop-ozone/integration-test/target/test-dir/MiniOzoneClusterImpl-1e9d71ba-d753-4201-9665-5e97e6b64b9c/datanode-6/data-0/containers/hdds
2022-10-14 20:48:15,672 [Listener at 127.0.0.1/41743] INFO  volume.MutableVolumeSet (MutableVolumeSet.java:initializeVolumeSet(174)) - Added Volume : /home/runner/work/ozone/ozone/hadoop-ozone/integration-test/target/test-dir/MiniOzoneClusterImpl-1e9d71ba-d753-4201-9665-5e97e6b64b9c/datanode-6/data/ratis to VolumeSet
2022-10-14 20:48:15,673 [Listener at 127.0.0.1/41743] INFO  volume.ThrottledAsyncChecker (ThrottledAsyncChecker.java:schedule(141)) - Scheduling a check for /home/runner/work/ozone/ozone/hadoop-ozone/integration-test/target/test-dir/MiniOzoneClusterImpl-1e9d71ba-d753-4201-9665-5e97e6b64b9c/datanode-6/data/ratis
2022-10-14 20:48:15,673 [Listener at 127.0.0.1/41743] INFO  volume.StorageVolumeChecker (StorageVolumeChecker.java:checkAllVolumes(202)) - Scheduled health check for volume /home/runner/work/ozone/ozone/hadoop-ozone/integration-test/target/test-dir/MiniOzoneClusterImpl-1e9d71ba-d753-4201-9665-5e97e6b64b9c/datanode-6/data/ratis
2022-10-14 20:48:15,686 [Thread-222] INFO  ozoneimpl.ContainerReader (ContainerReader.java:readVolume(175)) - Finish verifying containers on volume /home/runner/work/ozone/ozone/hadoop-ozone/integration-test/target/test-dir/MiniOzoneClusterImpl-1e9d71ba-d753-4201-9665-5e97e6b64b9c/datanode-6/data-0/containers/hdds
2022-10-14 20:48:15,687 [Listener at 127.0.0.1/41743] INFO  ozoneimpl.OzoneContainer (OzoneContainer.java:buildContainerSet(300)) - Build ContainerSet costs 0s
2022-10-14 20:48:15,689 [Listener at 127.0.0.1/41743] INFO  server.RaftServer (ConfUtils.java:logGet(46)) - raft.rpc.type = GRPC (default)
2022-10-14 20:48:15,690 [Listener at 127.0.0.1/41743] INFO  grpc.GrpcFactory (GrpcFactory.java:checkPooledByteBufAllocatorUseCacheForAllThreads(48)) - PERFORMANCE WARNING: useCacheForAllThreads is true that may cause Netty to create a lot garbage objects and, as a result, trigger GC.
	It is recommended to disable useCacheForAllThreads by setting -Dorg.apache.ratis.thirdparty.io.netty.allocator.useCacheForAllThreads=false in command line.
2022-10-14 20:48:15,690 [Listener at 127.0.0.1/41743] INFO  grpc.GrpcConfigKeys (ConfUtils.java:logGet(46)) - raft.grpc.admin.port = 0 (custom)
2022-10-14 20:48:15,690 [Listener at 127.0.0.1/41743] INFO  grpc.GrpcConfigKeys (ConfUtils.java:logGet(46)) - raft.grpc.client.port = 0 (custom)
2022-10-14 20:48:15,690 [Listener at 127.0.0.1/41743] INFO  grpc.GrpcConfigKeys (ConfUtils.java:logGet(46)) - raft.grpc.server.port = 0 (default)
2022-10-14 20:48:15,690 [Listener at 127.0.0.1/41743] INFO  server.GrpcService (ConfUtils.java:logGet(46)) - raft.grpc.message.size.max = 32MB (=33554432) (custom)
2022-10-14 20:48:15,691 [Listener at 127.0.0.1/41743] INFO  server.RaftServerConfigKeys (ConfUtils.java:logGet(46)) - raft.server.log.appender.buffer.byte-limit = 33554432 (custom)
2022-10-14 20:48:15,691 [Listener at 127.0.0.1/41743] INFO  server.GrpcService (ConfUtils.java:logGet(46)) - raft.grpc.flow.control.window = 5MB (=5242880) (custom)
2022-10-14 20:48:15,691 [Listener at 127.0.0.1/41743] INFO  server.RaftServerConfigKeys (ConfUtils.java:logGet(46)) - raft.server.rpc.request.timeout = 60s (custom)
2022-10-14 20:48:15,691 [Listener at 127.0.0.1/41743] INFO  grpc.GrpcConfigKeys (ConfUtils.java:logGet(46)) - raft.grpc.server.async.request.thread.pool.cached = true (default)
2022-10-14 20:48:15,691 [Listener at 127.0.0.1/41743] INFO  grpc.GrpcConfigKeys (ConfUtils.java:logGet(46)) - raft.grpc.server.async.request.thread.pool.size = 32 (default)
2022-10-14 20:48:15,692 [Listener at 127.0.0.1/41743] INFO  impl.DataStreamServerImpl (ConfUtils.java:logGet(46)) - raft.datastream.type = DISABLED (default)
2022-10-14 20:48:15,693 [Listener at 127.0.0.1/41743] INFO  server.RaftServerConfigKeys (ConfUtils.java:logGet(46)) - raft.server.threadpool.proxy.cached = true (default)
2022-10-14 20:48:15,693 [Listener at 127.0.0.1/41743] INFO  server.RaftServerConfigKeys (ConfUtils.java:logGet(46)) - raft.server.threadpool.proxy.size = 0 (default)
2022-10-14 20:48:15,693 [Listener at 127.0.0.1/41743] INFO  server.RaftServerConfigKeys (ConfUtils.java:logGet(46)) - raft.server.rpc.slowness.timeout = 300s (custom)
2022-10-14 20:48:15,693 [Listener at 127.0.0.1/41743] INFO  server.RaftServerConfigKeys (ConfUtils.java:logGet(46)) - raft.server.leaderelection.leader.step-down.wait-time = 10s (default)
2022-10-14 20:48:15,693 [Listener at 127.0.0.1/41743] INFO  server.RaftServerConfigKeys (ConfUtils.java:logGet(46)) - raft.server.storage.dir = [/home/runner/work/ozone/ozone/hadoop-ozone/integration-test/target/test-dir/MiniOzoneClusterImpl-1e9d71ba-d753-4201-9665-5e97e6b64b9c/datanode-6/data/ratis] (custom)
2022-10-14 20:48:15,698 [Listener at 127.0.0.1/41743] INFO  server.XceiverServerGrpc (XceiverServerGrpc.java:<init>(132)) - GrpcServer channel type EpollServerSocketChannel
2022-10-14 20:48:15,701 [Listener at 127.0.0.1/41743] INFO  http.BaseHttpServer (BaseHttpServer.java:newHttpServer2BuilderForOzone(213)) - Starting Web-server for hddsDatanode at: http://0.0.0.0:0
2022-10-14 20:48:15,702 [Listener at 127.0.0.1/41743] INFO  http.BaseHttpServer (BaseHttpServer.java:<init>(108)) - Hadoop Security Enabled: false Ozone Security Enabled: false Ozone HTTP Security Enabled: false 
2022-10-14 20:48:15,703 [Listener at 127.0.0.1/41743] WARN  server.AuthenticationFilter (AuthenticationFilter.java:constructSecretProvider(240)) - Unable to initialize FileSignerSecretProvider, falling back to use random secrets. Reason: Could not read signature secret file: /home/runner/hadoop-http-auth-signature-secret
2022-10-14 20:48:15,704 [Listener at 127.0.0.1/41743] WARN  http.HttpRequestLog (HttpRequestLog.java:getRequestLog(103)) - Jetty request log can only be enabled using Log4j
2022-10-14 20:48:15,705 [Listener at 127.0.0.1/41743] INFO  http.HttpServer2 (HttpServer2.java:addGlobalFilter(1031)) - Added global filter 'safety' (class=org.apache.hadoop.hdds.server.http.HttpServer2$QuotingInputFilter)
2022-10-14 20:48:15,707 [Listener at 127.0.0.1/41743] INFO  http.HttpServer2 (HttpServer2.java:addFilter(1007)) - Added filter static_user_filter (class=org.apache.hadoop.http.lib.StaticUserWebFilter$StaticUserFilter) to context hddsDatanode
2022-10-14 20:48:15,707 [Listener at 127.0.0.1/41743] INFO  http.HttpServer2 (HttpServer2.java:addFilter(1015)) - Added filter static_user_filter (class=org.apache.hadoop.http.lib.StaticUserWebFilter$StaticUserFilter) to context logs
2022-10-14 20:48:15,707 [Listener at 127.0.0.1/41743] INFO  http.HttpServer2 (HttpServer2.java:addFilter(1015)) - Added filter static_user_filter (class=org.apache.hadoop.http.lib.StaticUserWebFilter$StaticUserFilter) to context static
2022-10-14 20:48:15,708 [Listener at 127.0.0.1/41743] INFO  http.HttpServer2 (HttpServer2.java:bindListener(1250)) - Jetty bound to port 37211
2022-10-14 20:48:15,708 [Listener at 127.0.0.1/41743] INFO  server.Server (Server.java:doStart(375)) - jetty-9.4.43.v20210629; built: 2021-06-30T11:07:22.254Z; git: 526006ecfa3af7f1a27ef3a288e2bef7ea9dd7e8; jvm 1.8.0_345-b01
2022-10-14 20:48:15,712 [Listener at 127.0.0.1/41743] INFO  server.session (DefaultSessionIdManager.java:doStart(334)) - DefaultSessionIdManager workerName=node0
2022-10-14 20:48:15,712 [Listener at 127.0.0.1/41743] INFO  server.session (DefaultSessionIdManager.java:doStart(339)) - No SessionScavenger set, using defaults
2022-10-14 20:48:15,713 [Listener at 127.0.0.1/41743] INFO  server.session (HouseKeeper.java:startScavenging(132)) - node0 Scavenging every 600000ms
2022-10-14 20:48:15,714 [Listener at 127.0.0.1/41743] INFO  handler.ContextHandler (ContextHandler.java:doStart(915)) - Started o.e.j.s.ServletContextHandler@721b941b{logs,/logs,file:///home/runner/work/ozone/ozone/hadoop-ozone/integration-test/target/log,AVAILABLE}
2022-10-14 20:48:15,714 [Listener at 127.0.0.1/41743] INFO  handler.ContextHandler (ContextHandler.java:doStart(915)) - Started o.e.j.s.ServletContextHandler@4ccd39a7{static,/static,jar:file:/home/runner/.m2/repository/org/apache/ozone/hdds-container-service/1.3.0-SNAPSHOT/hdds-container-service-1.3.0-SNAPSHOT.jar!/webapps/static,AVAILABLE}
2022-10-14 20:48:15,909 [Listener at 127.0.0.1/41743] INFO  handler.ContextHandler (ContextHandler.java:doStart(915)) - Started o.e.j.w.WebAppContext@4ade11ba{hddsDatanode,/,file:///tmp/jetty-0_0_0_0-37211-hdds-container-service-1_3_0-SNAPSHOT_jar-_-any-7915507762533940434/webapp/,AVAILABLE}{jar:file:/home/runner/.m2/repository/org/apache/ozone/hdds-container-service/1.3.0-SNAPSHOT/hdds-container-service-1.3.0-SNAPSHOT.jar!/webapps/hddsDatanode}
2022-10-14 20:48:15,911 [Listener at 127.0.0.1/41743] INFO  server.AbstractConnector (AbstractConnector.java:doStart(331)) - Started ServerConnector@51aa4484{HTTP/1.1, (http/1.1)}{0.0.0.0:37211}
2022-10-14 20:48:15,912 [Listener at 127.0.0.1/41743] INFO  server.Server (Server.java:doStart(415)) - Started @12181ms
2022-10-14 20:48:15,912 [Listener at 127.0.0.1/41743] WARN  impl.MetricsSystemImpl (MetricsSystemImpl.java:register(279)) - Sink prometheus already exists!
2022-10-14 20:48:15,912 [Listener at 127.0.0.1/41743] INFO  http.BaseHttpServer (BaseHttpServer.java:updateConnectorAddress(333)) - HTTP server of hddsDatanode listening at http://0.0.0.0:37211
2022-10-14 20:48:15,913 [Datanode State Machine Daemon Thread] INFO  statemachine.DatanodeStateMachine (DatanodeStateMachine.java:lambda$startDaemon$0(492)) - Ozone container server started.
2022-10-14 20:48:15,913 [Listener at 127.0.0.1/41743] WARN  impl.MetricRegistriesImpl (MetricRegistriesImpl.java:addReporterRegistration(111)) - New reporters are added after registries were created. Some metrics will be missing from the reporter. Please add reporter before adding any new registry.
2022-10-14 20:48:15,917 [Listener at 127.0.0.1/41743] WARN  impl.MetricRegistriesImpl (MetricRegistriesImpl.java:addReporterRegistration(111)) - New reporters are added after registries were created. Some metrics will be missing from the reporter. Please add reporter before adding any new registry.
2022-10-14 20:48:15,918 [Listener at 127.0.0.1/41743] INFO  impl.MetricsSystemImpl (MetricsSystemImpl.java:init(158)) - HddsDatanode metrics system started (again)
2022-10-14 20:48:15,948 [org.apache.hadoop.util.JvmPauseMonitor$Monitor@13280966] INFO  util.JvmPauseMonitor (JvmPauseMonitor.java:run(188)) - Starting JVM pause monitor
2022-10-14 20:48:15,949 [Listener at 127.0.0.1/41743] INFO  ozone.HddsDatanodeService (HddsDatanodeService.java:start(236)) - HddsDatanodeService host:fv-az459-990.msq0az1vewme3jsxyslsv0htic.jx.internal.cloudapp.net ip:10.1.0.226
2022-10-14 20:48:15,956 [Datanode State Machine Task Thread - 0] INFO  datanode.InitDatanodeState (InitDatanodeState.java:persistContainerDatanodeDetails(138)) - DatanodeDetails is persisted to /home/runner/work/ozone/ozone/hadoop-ozone/integration-test/target/test-dir/MiniOzoneClusterImpl-1e9d71ba-d753-4201-9665-5e97e6b64b9c/datanode-6/meta/datanode.id
2022-10-14 20:48:15,983 [Listener at 127.0.0.1/41743] INFO  upgrade.AbstractLayoutVersionManager (AbstractLayoutVersionManager.java:init(83)) - Initializing Layout version manager with metadata layout = DATANODE_SCHEMA_V3 (version = 4), software layout = DATANODE_SCHEMA_V3 (version = 4)
2022-10-14 20:48:16,067 [Listener at 127.0.0.1/41743] INFO  reflections.Reflections (Reflections.java:scan(232)) - Reflections took 83 ms to scan 7 urls, producing 137 keys and 328 values 
2022-10-14 20:48:16,070 [Listener at 127.0.0.1/41743] INFO  statemachine.DatanodeStateMachine (DatanodeStateMachine.java:getEndPointTaskThreadPoolSize(237)) - Datanode State Machine Task Thread Pool size 2
2022-10-14 20:48:16,072 [Listener at 127.0.0.1/41743] INFO  volume.HddsVolume (HddsVolume.java:<init>(117)) - Creating HddsVolume: /home/runner/work/ozone/ozone/hadoop-ozone/integration-test/target/test-dir/MiniOzoneClusterImpl-1e9d71ba-d753-4201-9665-5e97e6b64b9c/datanode-7/data-0/containers/hdds of storage type : DISK capacity : 9223372036854775807
2022-10-14 20:48:16,073 [Listener at 127.0.0.1/41743] INFO  volume.MutableVolumeSet (MutableVolumeSet.java:initializeVolumeSet(174)) - Added Volume : /home/runner/work/ozone/ozone/hadoop-ozone/integration-test/target/test-dir/MiniOzoneClusterImpl-1e9d71ba-d753-4201-9665-5e97e6b64b9c/datanode-7/data-0/containers/hdds to VolumeSet
2022-10-14 20:48:16,073 [Listener at 127.0.0.1/41743] INFO  volume.ThrottledAsyncChecker (ThrottledAsyncChecker.java:schedule(141)) - Scheduling a check for /home/runner/work/ozone/ozone/hadoop-ozone/integration-test/target/test-dir/MiniOzoneClusterImpl-1e9d71ba-d753-4201-9665-5e97e6b64b9c/datanode-7/data-0/containers/hdds
2022-10-14 20:48:16,074 [Listener at 127.0.0.1/41743] INFO  volume.StorageVolumeChecker (StorageVolumeChecker.java:checkAllVolumes(202)) - Scheduled health check for volume /home/runner/work/ozone/ozone/hadoop-ozone/integration-test/target/test-dir/MiniOzoneClusterImpl-1e9d71ba-d753-4201-9665-5e97e6b64b9c/datanode-7/data-0/containers/hdds
2022-10-14 20:48:16,088 [Listener at 127.0.0.1/41743] INFO  volume.MutableVolumeSet (MutableVolumeSet.java:initializeVolumeSet(174)) - Added Volume : /home/runner/work/ozone/ozone/hadoop-ozone/integration-test/target/test-dir/MiniOzoneClusterImpl-1e9d71ba-d753-4201-9665-5e97e6b64b9c/datanode-7/data/ratis to VolumeSet
2022-10-14 20:48:16,089 [Listener at 127.0.0.1/41743] INFO  volume.ThrottledAsyncChecker (ThrottledAsyncChecker.java:schedule(141)) - Scheduling a check for /home/runner/work/ozone/ozone/hadoop-ozone/integration-test/target/test-dir/MiniOzoneClusterImpl-1e9d71ba-d753-4201-9665-5e97e6b64b9c/datanode-7/data/ratis
2022-10-14 20:48:16,090 [EndpointStateMachine task thread for /0.0.0.0:35689 - 0 ] INFO  volume.HddsVolume (HddsVolume.java:createDbStore(307)) - SchemaV3 db is created and loaded at /home/runner/work/ozone/ozone/hadoop-ozone/integration-test/target/test-dir/MiniOzoneClusterImpl-1e9d71ba-d753-4201-9665-5e97e6b64b9c/datanode-1/data-0/containers/hdds/1e9d71ba-d753-4201-9665-5e97e6b64b9c/DS-c8e2ce2c-6ea6-4034-aeee-2f2507b74d70/container.db for volume DS-c8e2ce2c-6ea6-4034-aeee-2f2507b74d70
2022-10-14 20:48:16,090 [Listener at 127.0.0.1/41743] INFO  volume.StorageVolumeChecker (StorageVolumeChecker.java:checkAllVolumes(202)) - Scheduled health check for volume /home/runner/work/ozone/ozone/hadoop-ozone/integration-test/target/test-dir/MiniOzoneClusterImpl-1e9d71ba-d753-4201-9665-5e97e6b64b9c/datanode-7/data/ratis
2022-10-14 20:48:16,091 [EndpointStateMachine task thread for /0.0.0.0:35689 - 0 ] INFO  volume.HddsVolume (HddsVolume.java:closeDbStore(338)) - SchemaV3 db is stopped at /home/runner/work/ozone/ozone/hadoop-ozone/integration-test/target/test-dir/MiniOzoneClusterImpl-1e9d71ba-d753-4201-9665-5e97e6b64b9c/datanode-1/data-0/containers/hdds/1e9d71ba-d753-4201-9665-5e97e6b64b9c/DS-c8e2ce2c-6ea6-4034-aeee-2f2507b74d70/container.db for volume DS-c8e2ce2c-6ea6-4034-aeee-2f2507b74d70
2022-10-14 20:48:16,091 [EndpointStateMachine task thread for /0.0.0.0:35689 - 0 ] INFO  ozoneimpl.OzoneContainer (OzoneContainer.java:start(378)) - Attempting to start container services.
2022-10-14 20:48:16,092 [EndpointStateMachine task thread for /0.0.0.0:35689 - 0 ] INFO  ozoneimpl.OzoneContainer (OzoneContainer.java:startContainerScrub(313)) - Background container scanner has been disabled.
2022-10-14 20:48:16,097 [EndpointStateMachine task thread for /0.0.0.0:35689 - 0 ] INFO  replication.ReplicationServer (ReplicationServer.java:start(111)) - ReplicationServer is started using port 38879
2022-10-14 20:48:16,098 [EndpointStateMachine task thread for /0.0.0.0:35689 - 0 ] INFO  ratis.XceiverServerRatis (XceiverServerRatis.java:start(481)) - Starting XceiverServerRatis 8b5383b3-e7bf-4722-baeb-dd5c06b347e3
2022-10-14 20:48:16,105 [EndpointStateMachine task thread for /0.0.0.0:35689 - 0 ] INFO  server.RaftServer (RaftServerProxy.java:lambda$start$6(382)) - 8b5383b3-e7bf-4722-baeb-dd5c06b347e3: start RPC server
2022-10-14 20:48:16,109 [EndpointStateMachine task thread for /0.0.0.0:35689 - 0 ] INFO  server.GrpcService (GrpcService.java:startImpl(260)) - 8b5383b3-e7bf-4722-baeb-dd5c06b347e3: GrpcService started, listening on 34173
2022-10-14 20:48:16,110 [EndpointStateMachine task thread for /0.0.0.0:35689 - 0 ] INFO  ratis.XceiverServerRatis (XceiverServerRatis.java:getRealPort(502)) - XceiverServerRatis 8b5383b3-e7bf-4722-baeb-dd5c06b347e3 is started using port 34173 for RATIS
2022-10-14 20:48:16,110 [EndpointStateMachine task thread for /0.0.0.0:35689 - 0 ] INFO  ratis.XceiverServerRatis (XceiverServerRatis.java:getRealPort(502)) - XceiverServerRatis 8b5383b3-e7bf-4722-baeb-dd5c06b347e3 is started using port 34173 for RATIS_ADMIN
2022-10-14 20:48:16,110 [EndpointStateMachine task thread for /0.0.0.0:35689 - 0 ] INFO  ratis.XceiverServerRatis (XceiverServerRatis.java:getRealPort(502)) - XceiverServerRatis 8b5383b3-e7bf-4722-baeb-dd5c06b347e3 is started using port 34173 for RATIS_SERVER
2022-10-14 20:48:16,111 [org.apache.ratis.util.JvmPauseMonitor$$Lambda$684/1307560138@7e74e829] INFO  util.JvmPauseMonitor (JvmPauseMonitor.java:run(103)) - JvmPauseMonitor-8b5383b3-e7bf-4722-baeb-dd5c06b347e3: Started
2022-10-14 20:48:16,118 [EndpointStateMachine task thread for /0.0.0.0:35689 - 0 ] INFO  server.XceiverServerGrpc (XceiverServerGrpc.java:start(180)) - XceiverServerGrpc 8b5383b3-e7bf-4722-baeb-dd5c06b347e3 is started using port 34179
2022-10-14 20:48:16,125 [Thread-238] INFO  ozoneimpl.ContainerReader (ContainerReader.java:readVolume(175)) - Finish verifying containers on volume /home/runner/work/ozone/ozone/hadoop-ozone/integration-test/target/test-dir/MiniOzoneClusterImpl-1e9d71ba-d753-4201-9665-5e97e6b64b9c/datanode-7/data-0/containers/hdds
2022-10-14 20:48:16,125 [Listener at 127.0.0.1/41743] INFO  ozoneimpl.OzoneContainer (OzoneContainer.java:buildContainerSet(300)) - Build ContainerSet costs 0s
2022-10-14 20:48:16,129 [Listener at 127.0.0.1/41743] INFO  server.RaftServer (ConfUtils.java:logGet(46)) - raft.rpc.type = GRPC (default)
2022-10-14 20:48:16,129 [Listener at 127.0.0.1/41743] INFO  grpc.GrpcFactory (GrpcFactory.java:checkPooledByteBufAllocatorUseCacheForAllThreads(48)) - PERFORMANCE WARNING: useCacheForAllThreads is true that may cause Netty to create a lot garbage objects and, as a result, trigger GC.
	It is recommended to disable useCacheForAllThreads by setting -Dorg.apache.ratis.thirdparty.io.netty.allocator.useCacheForAllThreads=false in command line.
2022-10-14 20:48:16,130 [Listener at 127.0.0.1/41743] INFO  grpc.GrpcConfigKeys (ConfUtils.java:logGet(46)) - raft.grpc.admin.port = 0 (custom)
2022-10-14 20:48:16,130 [Listener at 127.0.0.1/41743] INFO  grpc.GrpcConfigKeys (ConfUtils.java:logGet(46)) - raft.grpc.client.port = 0 (custom)
2022-10-14 20:48:16,130 [Listener at 127.0.0.1/41743] INFO  grpc.GrpcConfigKeys (ConfUtils.java:logGet(46)) - raft.grpc.server.port = 0 (default)
2022-10-14 20:48:16,130 [Listener at 127.0.0.1/41743] INFO  server.GrpcService (ConfUtils.java:logGet(46)) - raft.grpc.message.size.max = 32MB (=33554432) (custom)
2022-10-14 20:48:16,130 [Listener at 127.0.0.1/41743] INFO  server.RaftServerConfigKeys (ConfUtils.java:logGet(46)) - raft.server.log.appender.buffer.byte-limit = 33554432 (custom)
2022-10-14 20:48:16,130 [Listener at 127.0.0.1/41743] INFO  server.GrpcService (ConfUtils.java:logGet(46)) - raft.grpc.flow.control.window = 5MB (=5242880) (custom)
2022-10-14 20:48:16,131 [Listener at 127.0.0.1/41743] INFO  server.RaftServerConfigKeys (ConfUtils.java:logGet(46)) - raft.server.rpc.request.timeout = 60s (custom)
2022-10-14 20:48:16,131 [Listener at 127.0.0.1/41743] INFO  grpc.GrpcConfigKeys (ConfUtils.java:logGet(46)) - raft.grpc.server.async.request.thread.pool.cached = true (default)
2022-10-14 20:48:16,131 [Listener at 127.0.0.1/41743] INFO  grpc.GrpcConfigKeys (ConfUtils.java:logGet(46)) - raft.grpc.server.async.request.thread.pool.size = 32 (default)
2022-10-14 20:48:16,132 [Listener at 127.0.0.1/41743] INFO  impl.DataStreamServerImpl (ConfUtils.java:logGet(46)) - raft.datastream.type = DISABLED (default)
2022-10-14 20:48:16,132 [Listener at 127.0.0.1/41743] INFO  server.RaftServerConfigKeys (ConfUtils.java:logGet(46)) - raft.server.threadpool.proxy.cached = true (default)
2022-10-14 20:48:16,133 [Listener at 127.0.0.1/41743] INFO  server.RaftServerConfigKeys (ConfUtils.java:logGet(46)) - raft.server.threadpool.proxy.size = 0 (default)
2022-10-14 20:48:16,133 [Listener at 127.0.0.1/41743] INFO  server.RaftServerConfigKeys (ConfUtils.java:logGet(46)) - raft.server.rpc.slowness.timeout = 300s (custom)
2022-10-14 20:48:16,133 [Listener at 127.0.0.1/41743] INFO  server.RaftServerConfigKeys (ConfUtils.java:logGet(46)) - raft.server.leaderelection.leader.step-down.wait-time = 10s (default)
2022-10-14 20:48:16,133 [Listener at 127.0.0.1/41743] INFO  server.RaftServerConfigKeys (ConfUtils.java:logGet(46)) - raft.server.storage.dir = [/home/runner/work/ozone/ozone/hadoop-ozone/integration-test/target/test-dir/MiniOzoneClusterImpl-1e9d71ba-d753-4201-9665-5e97e6b64b9c/datanode-7/data/ratis] (custom)
2022-10-14 20:48:16,135 [Listener at 127.0.0.1/41743] INFO  server.XceiverServerGrpc (XceiverServerGrpc.java:<init>(132)) - GrpcServer channel type EpollServerSocketChannel
2022-10-14 20:48:16,139 [Listener at 127.0.0.1/41743] INFO  http.BaseHttpServer (BaseHttpServer.java:newHttpServer2BuilderForOzone(213)) - Starting Web-server for hddsDatanode at: http://0.0.0.0:0
2022-10-14 20:48:16,139 [Listener at 127.0.0.1/41743] INFO  http.BaseHttpServer (BaseHttpServer.java:<init>(108)) - Hadoop Security Enabled: false Ozone Security Enabled: false Ozone HTTP Security Enabled: false 
2022-10-14 20:48:16,141 [Listener at 127.0.0.1/41743] WARN  server.AuthenticationFilter (AuthenticationFilter.java:constructSecretProvider(240)) - Unable to initialize FileSignerSecretProvider, falling back to use random secrets. Reason: Could not read signature secret file: /home/runner/hadoop-http-auth-signature-secret
2022-10-14 20:48:16,142 [Listener at 127.0.0.1/41743] WARN  http.HttpRequestLog (HttpRequestLog.java:getRequestLog(103)) - Jetty request log can only be enabled using Log4j
2022-10-14 20:48:16,143 [Listener at 127.0.0.1/41743] INFO  http.HttpServer2 (HttpServer2.java:addGlobalFilter(1031)) - Added global filter 'safety' (class=org.apache.hadoop.hdds.server.http.HttpServer2$QuotingInputFilter)
2022-10-14 20:48:16,144 [Listener at 127.0.0.1/41743] INFO  http.HttpServer2 (HttpServer2.java:addFilter(1007)) - Added filter static_user_filter (class=org.apache.hadoop.http.lib.StaticUserWebFilter$StaticUserFilter) to context hddsDatanode
2022-10-14 20:48:16,144 [Listener at 127.0.0.1/41743] INFO  http.HttpServer2 (HttpServer2.java:addFilter(1015)) - Added filter static_user_filter (class=org.apache.hadoop.http.lib.StaticUserWebFilter$StaticUserFilter) to context logs
2022-10-14 20:48:16,144 [Listener at 127.0.0.1/41743] INFO  http.HttpServer2 (HttpServer2.java:addFilter(1015)) - Added filter static_user_filter (class=org.apache.hadoop.http.lib.StaticUserWebFilter$StaticUserFilter) to context static
2022-10-14 20:48:16,145 [Listener at 127.0.0.1/41743] INFO  http.HttpServer2 (HttpServer2.java:bindListener(1250)) - Jetty bound to port 37203
2022-10-14 20:48:16,145 [Listener at 127.0.0.1/41743] INFO  server.Server (Server.java:doStart(375)) - jetty-9.4.43.v20210629; built: 2021-06-30T11:07:22.254Z; git: 526006ecfa3af7f1a27ef3a288e2bef7ea9dd7e8; jvm 1.8.0_345-b01
2022-10-14 20:48:16,149 [Listener at 127.0.0.1/41743] INFO  server.session (DefaultSessionIdManager.java:doStart(334)) - DefaultSessionIdManager workerName=node0
2022-10-14 20:48:16,149 [Listener at 127.0.0.1/41743] INFO  server.session (DefaultSessionIdManager.java:doStart(339)) - No SessionScavenger set, using defaults
2022-10-14 20:48:16,150 [Listener at 127.0.0.1/41743] INFO  server.session (HouseKeeper.java:startScavenging(132)) - node0 Scavenging every 600000ms
2022-10-14 20:48:16,150 [Listener at 127.0.0.1/41743] INFO  handler.ContextHandler (ContextHandler.java:doStart(915)) - Started o.e.j.s.ServletContextHandler@7de669f5{logs,/logs,file:///home/runner/work/ozone/ozone/hadoop-ozone/integration-test/target/log,AVAILABLE}
2022-10-14 20:48:16,151 [Listener at 127.0.0.1/41743] INFO  handler.ContextHandler (ContextHandler.java:doStart(915)) - Started o.e.j.s.ServletContextHandler@2cc7beea{static,/static,jar:file:/home/runner/.m2/repository/org/apache/ozone/hdds-container-service/1.3.0-SNAPSHOT/hdds-container-service-1.3.0-SNAPSHOT.jar!/webapps/static,AVAILABLE}
2022-10-14 20:48:16,351 [Listener at 127.0.0.1/41743] INFO  handler.ContextHandler (ContextHandler.java:doStart(915)) - Started o.e.j.w.WebAppContext@2fd29dd8{hddsDatanode,/,file:///tmp/jetty-0_0_0_0-37203-hdds-container-service-1_3_0-SNAPSHOT_jar-_-any-6993872864920737097/webapp/,AVAILABLE}{jar:file:/home/runner/.m2/repository/org/apache/ozone/hdds-container-service/1.3.0-SNAPSHOT/hdds-container-service-1.3.0-SNAPSHOT.jar!/webapps/hddsDatanode}
2022-10-14 20:48:16,353 [Listener at 127.0.0.1/41743] INFO  server.AbstractConnector (AbstractConnector.java:doStart(331)) - Started ServerConnector@6dd0d7e1{HTTP/1.1, (http/1.1)}{0.0.0.0:37203}
2022-10-14 20:48:16,354 [Listener at 127.0.0.1/41743] INFO  server.Server (Server.java:doStart(415)) - Started @12623ms
2022-10-14 20:48:16,354 [Listener at 127.0.0.1/41743] WARN  impl.MetricsSystemImpl (MetricsSystemImpl.java:register(279)) - Sink prometheus already exists!
2022-10-14 20:48:16,354 [Listener at 127.0.0.1/41743] INFO  http.BaseHttpServer (BaseHttpServer.java:updateConnectorAddress(333)) - HTTP server of hddsDatanode listening at http://0.0.0.0:37203
2022-10-14 20:48:16,355 [Listener at 127.0.0.1/41743] WARN  impl.MetricRegistriesImpl (MetricRegistriesImpl.java:addReporterRegistration(111)) - New reporters are added after registries were created. Some metrics will be missing from the reporter. Please add reporter before adding any new registry.
2022-10-14 20:48:16,355 [Listener at 127.0.0.1/41743] WARN  impl.MetricRegistriesImpl (MetricRegistriesImpl.java:addReporterRegistration(111)) - New reporters are added after registries were created. Some metrics will be missing from the reporter. Please add reporter before adding any new registry.
2022-10-14 20:48:16,355 [Listener at 127.0.0.1/41743] INFO  impl.MetricsSystemImpl (MetricsSystemImpl.java:init(158)) - HddsDatanode metrics system started (again)
2022-10-14 20:48:16,357 [Datanode State Machine Daemon Thread] INFO  statemachine.DatanodeStateMachine (DatanodeStateMachine.java:lambda$startDaemon$0(492)) - Ozone container server started.
2022-10-14 20:48:16,371 [org.apache.hadoop.util.JvmPauseMonitor$Monitor@20625d03] INFO  util.JvmPauseMonitor (JvmPauseMonitor.java:run(188)) - Starting JVM pause monitor
2022-10-14 20:48:16,373 [Listener at 127.0.0.1/41743] INFO  ozone.HddsDatanodeService (HddsDatanodeService.java:start(236)) - HddsDatanodeService host:fv-az459-990.msq0az1vewme3jsxyslsv0htic.jx.internal.cloudapp.net ip:10.1.0.226
2022-10-14 20:48:16,386 [Datanode State Machine Task Thread - 0] INFO  datanode.InitDatanodeState (InitDatanodeState.java:persistContainerDatanodeDetails(138)) - DatanodeDetails is persisted to /home/runner/work/ozone/ozone/hadoop-ozone/integration-test/target/test-dir/MiniOzoneClusterImpl-1e9d71ba-d753-4201-9665-5e97e6b64b9c/datanode-7/meta/datanode.id
2022-10-14 20:48:16,410 [Listener at 127.0.0.1/41743] INFO  upgrade.AbstractLayoutVersionManager (AbstractLayoutVersionManager.java:init(83)) - Initializing Layout version manager with metadata layout = DATANODE_SCHEMA_V3 (version = 4), software layout = DATANODE_SCHEMA_V3 (version = 4)
2022-10-14 20:48:16,445 [EndpointStateMachine task thread for /0.0.0.0:35689 - 0 ] INFO  volume.HddsVolume (HddsVolume.java:createDbStore(307)) - SchemaV3 db is created and loaded at /home/runner/work/ozone/ozone/hadoop-ozone/integration-test/target/test-dir/MiniOzoneClusterImpl-1e9d71ba-d753-4201-9665-5e97e6b64b9c/datanode-2/data-0/containers/hdds/1e9d71ba-d753-4201-9665-5e97e6b64b9c/DS-f34fc6b8-cfcd-4951-b0b7-87f9a08c3fe1/container.db for volume DS-f34fc6b8-cfcd-4951-b0b7-87f9a08c3fe1
2022-10-14 20:48:16,449 [EndpointStateMachine task thread for /0.0.0.0:35689 - 0 ] INFO  volume.HddsVolume (HddsVolume.java:closeDbStore(338)) - SchemaV3 db is stopped at /home/runner/work/ozone/ozone/hadoop-ozone/integration-test/target/test-dir/MiniOzoneClusterImpl-1e9d71ba-d753-4201-9665-5e97e6b64b9c/datanode-2/data-0/containers/hdds/1e9d71ba-d753-4201-9665-5e97e6b64b9c/DS-f34fc6b8-cfcd-4951-b0b7-87f9a08c3fe1/container.db for volume DS-f34fc6b8-cfcd-4951-b0b7-87f9a08c3fe1
2022-10-14 20:48:16,449 [EndpointStateMachine task thread for /0.0.0.0:35689 - 0 ] INFO  ozoneimpl.OzoneContainer (OzoneContainer.java:start(378)) - Attempting to start container services.
2022-10-14 20:48:16,449 [EndpointStateMachine task thread for /0.0.0.0:35689 - 0 ] INFO  ozoneimpl.OzoneContainer (OzoneContainer.java:startContainerScrub(313)) - Background container scanner has been disabled.
2022-10-14 20:48:16,457 [EndpointStateMachine task thread for /0.0.0.0:35689 - 0 ] INFO  replication.ReplicationServer (ReplicationServer.java:start(111)) - ReplicationServer is started using port 33805
2022-10-14 20:48:16,458 [EndpointStateMachine task thread for /0.0.0.0:35689 - 0 ] INFO  ratis.XceiverServerRatis (XceiverServerRatis.java:start(481)) - Starting XceiverServerRatis b5e52be0-4491-4e69-96e1-10d94051f40c
2022-10-14 20:48:16,465 [EndpointStateMachine task thread for /0.0.0.0:35689 - 0 ] INFO  server.RaftServer (RaftServerProxy.java:lambda$start$6(382)) - b5e52be0-4491-4e69-96e1-10d94051f40c: start RPC server
2022-10-14 20:48:16,473 [EndpointStateMachine task thread for /0.0.0.0:35689 - 0 ] INFO  server.GrpcService (GrpcService.java:startImpl(260)) - b5e52be0-4491-4e69-96e1-10d94051f40c: GrpcService started, listening on 37041
2022-10-14 20:48:16,473 [EndpointStateMachine task thread for /0.0.0.0:35689 - 0 ] INFO  ratis.XceiverServerRatis (XceiverServerRatis.java:getRealPort(502)) - XceiverServerRatis b5e52be0-4491-4e69-96e1-10d94051f40c is started using port 37041 for RATIS
2022-10-14 20:48:16,474 [EndpointStateMachine task thread for /0.0.0.0:35689 - 0 ] INFO  ratis.XceiverServerRatis (XceiverServerRatis.java:getRealPort(502)) - XceiverServerRatis b5e52be0-4491-4e69-96e1-10d94051f40c is started using port 37041 for RATIS_ADMIN
2022-10-14 20:48:16,474 [EndpointStateMachine task thread for /0.0.0.0:35689 - 0 ] INFO  ratis.XceiverServerRatis (XceiverServerRatis.java:getRealPort(502)) - XceiverServerRatis b5e52be0-4491-4e69-96e1-10d94051f40c is started using port 37041 for RATIS_SERVER
2022-10-14 20:48:16,474 [org.apache.ratis.util.JvmPauseMonitor$$Lambda$684/1307560138@74cfe83] INFO  util.JvmPauseMonitor (JvmPauseMonitor.java:run(103)) - JvmPauseMonitor-b5e52be0-4491-4e69-96e1-10d94051f40c: Started
2022-10-14 20:48:16,478 [Listener at 127.0.0.1/41743] INFO  reflections.Reflections (Reflections.java:scan(232)) - Reflections took 67 ms to scan 7 urls, producing 137 keys and 328 values 
2022-10-14 20:48:16,479 [Listener at 127.0.0.1/41743] INFO  statemachine.DatanodeStateMachine (DatanodeStateMachine.java:getEndPointTaskThreadPoolSize(237)) - Datanode State Machine Task Thread Pool size 2
2022-10-14 20:48:16,481 [Listener at 127.0.0.1/41743] INFO  volume.HddsVolume (HddsVolume.java:<init>(117)) - Creating HddsVolume: /home/runner/work/ozone/ozone/hadoop-ozone/integration-test/target/test-dir/MiniOzoneClusterImpl-1e9d71ba-d753-4201-9665-5e97e6b64b9c/datanode-8/data-0/containers/hdds of storage type : DISK capacity : 9223372036854775807
2022-10-14 20:48:16,482 [Listener at 127.0.0.1/41743] INFO  volume.MutableVolumeSet (MutableVolumeSet.java:initializeVolumeSet(174)) - Added Volume : /home/runner/work/ozone/ozone/hadoop-ozone/integration-test/target/test-dir/MiniOzoneClusterImpl-1e9d71ba-d753-4201-9665-5e97e6b64b9c/datanode-8/data-0/containers/hdds to VolumeSet
2022-10-14 20:48:16,482 [Listener at 127.0.0.1/41743] INFO  volume.ThrottledAsyncChecker (ThrottledAsyncChecker.java:schedule(141)) - Scheduling a check for /home/runner/work/ozone/ozone/hadoop-ozone/integration-test/target/test-dir/MiniOzoneClusterImpl-1e9d71ba-d753-4201-9665-5e97e6b64b9c/datanode-8/data-0/containers/hdds
2022-10-14 20:48:16,485 [Listener at 127.0.0.1/41743] INFO  volume.StorageVolumeChecker (StorageVolumeChecker.java:checkAllVolumes(202)) - Scheduled health check for volume /home/runner/work/ozone/ozone/hadoop-ozone/integration-test/target/test-dir/MiniOzoneClusterImpl-1e9d71ba-d753-4201-9665-5e97e6b64b9c/datanode-8/data-0/containers/hdds
2022-10-14 20:48:16,491 [EndpointStateMachine task thread for /0.0.0.0:35689 - 0 ] INFO  server.XceiverServerGrpc (XceiverServerGrpc.java:start(180)) - XceiverServerGrpc b5e52be0-4491-4e69-96e1-10d94051f40c is started using port 41241
2022-10-14 20:48:16,503 [Listener at 127.0.0.1/41743] INFO  volume.MutableVolumeSet (MutableVolumeSet.java:initializeVolumeSet(174)) - Added Volume : /home/runner/work/ozone/ozone/hadoop-ozone/integration-test/target/test-dir/MiniOzoneClusterImpl-1e9d71ba-d753-4201-9665-5e97e6b64b9c/datanode-8/data/ratis to VolumeSet
2022-10-14 20:48:16,503 [Listener at 127.0.0.1/41743] INFO  volume.ThrottledAsyncChecker (ThrottledAsyncChecker.java:schedule(141)) - Scheduling a check for /home/runner/work/ozone/ozone/hadoop-ozone/integration-test/target/test-dir/MiniOzoneClusterImpl-1e9d71ba-d753-4201-9665-5e97e6b64b9c/datanode-8/data/ratis
2022-10-14 20:48:16,508 [Listener at 127.0.0.1/41743] INFO  volume.StorageVolumeChecker (StorageVolumeChecker.java:checkAllVolumes(202)) - Scheduled health check for volume /home/runner/work/ozone/ozone/hadoop-ozone/integration-test/target/test-dir/MiniOzoneClusterImpl-1e9d71ba-d753-4201-9665-5e97e6b64b9c/datanode-8/data/ratis
2022-10-14 20:48:16,524 [Thread-258] INFO  ozoneimpl.ContainerReader (ContainerReader.java:readVolume(175)) - Finish verifying containers on volume /home/runner/work/ozone/ozone/hadoop-ozone/integration-test/target/test-dir/MiniOzoneClusterImpl-1e9d71ba-d753-4201-9665-5e97e6b64b9c/datanode-8/data-0/containers/hdds
2022-10-14 20:48:16,524 [Listener at 127.0.0.1/41743] INFO  ozoneimpl.OzoneContainer (OzoneContainer.java:buildContainerSet(300)) - Build ContainerSet costs 0s
2022-10-14 20:48:16,528 [Listener at 127.0.0.1/41743] INFO  server.RaftServer (ConfUtils.java:logGet(46)) - raft.rpc.type = GRPC (default)
2022-10-14 20:48:16,531 [Listener at 127.0.0.1/41743] INFO  grpc.GrpcFactory (GrpcFactory.java:checkPooledByteBufAllocatorUseCacheForAllThreads(48)) - PERFORMANCE WARNING: useCacheForAllThreads is true that may cause Netty to create a lot garbage objects and, as a result, trigger GC.
	It is recommended to disable useCacheForAllThreads by setting -Dorg.apache.ratis.thirdparty.io.netty.allocator.useCacheForAllThreads=false in command line.
2022-10-14 20:48:16,531 [Listener at 127.0.0.1/41743] INFO  grpc.GrpcConfigKeys (ConfUtils.java:logGet(46)) - raft.grpc.admin.port = 0 (custom)
2022-10-14 20:48:16,531 [Listener at 127.0.0.1/41743] INFO  grpc.GrpcConfigKeys (ConfUtils.java:logGet(46)) - raft.grpc.client.port = 0 (custom)
2022-10-14 20:48:16,531 [Listener at 127.0.0.1/41743] INFO  grpc.GrpcConfigKeys (ConfUtils.java:logGet(46)) - raft.grpc.server.port = 0 (default)
2022-10-14 20:48:16,531 [Listener at 127.0.0.1/41743] INFO  server.GrpcService (ConfUtils.java:logGet(46)) - raft.grpc.message.size.max = 32MB (=33554432) (custom)
2022-10-14 20:48:16,532 [Listener at 127.0.0.1/41743] INFO  server.RaftServerConfigKeys (ConfUtils.java:logGet(46)) - raft.server.log.appender.buffer.byte-limit = 33554432 (custom)
2022-10-14 20:48:16,532 [Listener at 127.0.0.1/41743] INFO  server.GrpcService (ConfUtils.java:logGet(46)) - raft.grpc.flow.control.window = 5MB (=5242880) (custom)
2022-10-14 20:48:16,532 [Listener at 127.0.0.1/41743] INFO  server.RaftServerConfigKeys (ConfUtils.java:logGet(46)) - raft.server.rpc.request.timeout = 60s (custom)
2022-10-14 20:48:16,532 [Listener at 127.0.0.1/41743] INFO  grpc.GrpcConfigKeys (ConfUtils.java:logGet(46)) - raft.grpc.server.async.request.thread.pool.cached = true (default)
2022-10-14 20:48:16,532 [Listener at 127.0.0.1/41743] INFO  grpc.GrpcConfigKeys (ConfUtils.java:logGet(46)) - raft.grpc.server.async.request.thread.pool.size = 32 (default)
2022-10-14 20:48:16,533 [Listener at 127.0.0.1/41743] INFO  impl.DataStreamServerImpl (ConfUtils.java:logGet(46)) - raft.datastream.type = DISABLED (default)
2022-10-14 20:48:16,534 [Listener at 127.0.0.1/41743] INFO  server.RaftServerConfigKeys (ConfUtils.java:logGet(46)) - raft.server.threadpool.proxy.cached = true (default)
2022-10-14 20:48:16,534 [Listener at 127.0.0.1/41743] INFO  server.RaftServerConfigKeys (ConfUtils.java:logGet(46)) - raft.server.threadpool.proxy.size = 0 (default)
2022-10-14 20:48:16,537 [Listener at 127.0.0.1/41743] INFO  server.RaftServerConfigKeys (ConfUtils.java:logGet(46)) - raft.server.rpc.slowness.timeout = 300s (custom)
2022-10-14 20:48:16,538 [Listener at 127.0.0.1/41743] INFO  server.RaftServerConfigKeys (ConfUtils.java:logGet(46)) - raft.server.leaderelection.leader.step-down.wait-time = 10s (default)
2022-10-14 20:48:16,538 [Listener at 127.0.0.1/41743] INFO  server.RaftServerConfigKeys (ConfUtils.java:logGet(46)) - raft.server.storage.dir = [/home/runner/work/ozone/ozone/hadoop-ozone/integration-test/target/test-dir/MiniOzoneClusterImpl-1e9d71ba-d753-4201-9665-5e97e6b64b9c/datanode-8/data/ratis] (custom)
2022-10-14 20:48:16,540 [Listener at 127.0.0.1/41743] INFO  server.XceiverServerGrpc (XceiverServerGrpc.java:<init>(132)) - GrpcServer channel type EpollServerSocketChannel
2022-10-14 20:48:16,548 [Listener at 127.0.0.1/41743] INFO  http.BaseHttpServer (BaseHttpServer.java:newHttpServer2BuilderForOzone(213)) - Starting Web-server for hddsDatanode at: http://0.0.0.0:0
2022-10-14 20:48:16,549 [Listener at 127.0.0.1/41743] INFO  http.BaseHttpServer (BaseHttpServer.java:<init>(108)) - Hadoop Security Enabled: false Ozone Security Enabled: false Ozone HTTP Security Enabled: false 
2022-10-14 20:48:16,550 [Listener at 127.0.0.1/41743] WARN  server.AuthenticationFilter (AuthenticationFilter.java:constructSecretProvider(240)) - Unable to initialize FileSignerSecretProvider, falling back to use random secrets. Reason: Could not read signature secret file: /home/runner/hadoop-http-auth-signature-secret
2022-10-14 20:48:16,551 [Listener at 127.0.0.1/41743] WARN  http.HttpRequestLog (HttpRequestLog.java:getRequestLog(103)) - Jetty request log can only be enabled using Log4j
2022-10-14 20:48:16,552 [Listener at 127.0.0.1/41743] INFO  http.HttpServer2 (HttpServer2.java:addGlobalFilter(1031)) - Added global filter 'safety' (class=org.apache.hadoop.hdds.server.http.HttpServer2$QuotingInputFilter)
2022-10-14 20:48:16,554 [Listener at 127.0.0.1/41743] INFO  http.HttpServer2 (HttpServer2.java:addFilter(1007)) - Added filter static_user_filter (class=org.apache.hadoop.http.lib.StaticUserWebFilter$StaticUserFilter) to context hddsDatanode
2022-10-14 20:48:16,554 [Listener at 127.0.0.1/41743] INFO  http.HttpServer2 (HttpServer2.java:addFilter(1015)) - Added filter static_user_filter (class=org.apache.hadoop.http.lib.StaticUserWebFilter$StaticUserFilter) to context static
2022-10-14 20:48:16,554 [Listener at 127.0.0.1/41743] INFO  http.HttpServer2 (HttpServer2.java:addFilter(1015)) - Added filter static_user_filter (class=org.apache.hadoop.http.lib.StaticUserWebFilter$StaticUserFilter) to context logs
2022-10-14 20:48:16,554 [Listener at 127.0.0.1/41743] INFO  http.HttpServer2 (HttpServer2.java:bindListener(1250)) - Jetty bound to port 46641
2022-10-14 20:48:16,555 [Listener at 127.0.0.1/41743] INFO  server.Server (Server.java:doStart(375)) - jetty-9.4.43.v20210629; built: 2021-06-30T11:07:22.254Z; git: 526006ecfa3af7f1a27ef3a288e2bef7ea9dd7e8; jvm 1.8.0_345-b01
2022-10-14 20:48:16,557 [Listener at 127.0.0.1/41743] INFO  server.session (DefaultSessionIdManager.java:doStart(334)) - DefaultSessionIdManager workerName=node0
2022-10-14 20:48:16,557 [Listener at 127.0.0.1/41743] INFO  server.session (DefaultSessionIdManager.java:doStart(339)) - No SessionScavenger set, using defaults
2022-10-14 20:48:16,557 [Listener at 127.0.0.1/41743] INFO  server.session (HouseKeeper.java:startScavenging(132)) - node0 Scavenging every 600000ms
2022-10-14 20:48:16,558 [Listener at 127.0.0.1/41743] INFO  handler.ContextHandler (ContextHandler.java:doStart(915)) - Started o.e.j.s.ServletContextHandler@6d907337{logs,/logs,file:///home/runner/work/ozone/ozone/hadoop-ozone/integration-test/target/log,AVAILABLE}
2022-10-14 20:48:16,558 [Listener at 127.0.0.1/41743] INFO  handler.ContextHandler (ContextHandler.java:doStart(915)) - Started o.e.j.s.ServletContextHandler@62afe4{static,/static,jar:file:/home/runner/.m2/repository/org/apache/ozone/hdds-container-service/1.3.0-SNAPSHOT/hdds-container-service-1.3.0-SNAPSHOT.jar!/webapps/static,AVAILABLE}
2022-10-14 20:48:16,753 [Listener at 127.0.0.1/41743] INFO  handler.ContextHandler (ContextHandler.java:doStart(915)) - Started o.e.j.w.WebAppContext@16dd2634{hddsDatanode,/,file:///tmp/jetty-0_0_0_0-46641-hdds-container-service-1_3_0-SNAPSHOT_jar-_-any-3101615377400239010/webapp/,AVAILABLE}{jar:file:/home/runner/.m2/repository/org/apache/ozone/hdds-container-service/1.3.0-SNAPSHOT/hdds-container-service-1.3.0-SNAPSHOT.jar!/webapps/hddsDatanode}
2022-10-14 20:48:16,755 [Listener at 127.0.0.1/41743] INFO  server.AbstractConnector (AbstractConnector.java:doStart(331)) - Started ServerConnector@657b41cf{HTTP/1.1, (http/1.1)}{0.0.0.0:46641}
2022-10-14 20:48:16,755 [Listener at 127.0.0.1/41743] INFO  server.Server (Server.java:doStart(415)) - Started @13025ms
2022-10-14 20:48:16,755 [Listener at 127.0.0.1/41743] WARN  impl.MetricsSystemImpl (MetricsSystemImpl.java:register(279)) - Sink prometheus already exists!
2022-10-14 20:48:16,757 [Listener at 127.0.0.1/41743] INFO  http.BaseHttpServer (BaseHttpServer.java:updateConnectorAddress(333)) - HTTP server of hddsDatanode listening at http://0.0.0.0:46641
2022-10-14 20:48:16,758 [Datanode State Machine Daemon Thread] INFO  statemachine.DatanodeStateMachine (DatanodeStateMachine.java:lambda$startDaemon$0(492)) - Ozone container server started.
2022-10-14 20:48:16,762 [Listener at 127.0.0.1/41743] WARN  impl.MetricRegistriesImpl (MetricRegistriesImpl.java:addReporterRegistration(111)) - New reporters are added after registries were created. Some metrics will be missing from the reporter. Please add reporter before adding any new registry.
2022-10-14 20:48:16,762 [Listener at 127.0.0.1/41743] WARN  impl.MetricRegistriesImpl (MetricRegistriesImpl.java:addReporterRegistration(111)) - New reporters are added after registries were created. Some metrics will be missing from the reporter. Please add reporter before adding any new registry.
2022-10-14 20:48:16,762 [Listener at 127.0.0.1/41743] INFO  impl.MetricsSystemImpl (MetricsSystemImpl.java:init(158)) - HddsDatanode metrics system started (again)
2022-10-14 20:48:16,775 [org.apache.hadoop.util.JvmPauseMonitor$Monitor@2e50cd7] INFO  util.JvmPauseMonitor (JvmPauseMonitor.java:run(188)) - Starting JVM pause monitor
2022-10-14 20:48:16,778 [Datanode State Machine Task Thread - 0] INFO  datanode.InitDatanodeState (InitDatanodeState.java:persistContainerDatanodeDetails(138)) - DatanodeDetails is persisted to /home/runner/work/ozone/ozone/hadoop-ozone/integration-test/target/test-dir/MiniOzoneClusterImpl-1e9d71ba-d753-4201-9665-5e97e6b64b9c/datanode-8/meta/datanode.id
2022-10-14 20:48:16,780 [Listener at 127.0.0.1/41743] INFO  ozone.HddsDatanodeService (HddsDatanodeService.java:start(236)) - HddsDatanodeService host:fv-az459-990.msq0az1vewme3jsxyslsv0htic.jx.internal.cloudapp.net ip:10.1.0.226
2022-10-14 20:48:16,811 [Listener at 127.0.0.1/41743] INFO  upgrade.AbstractLayoutVersionManager (AbstractLayoutVersionManager.java:init(83)) - Initializing Layout version manager with metadata layout = DATANODE_SCHEMA_V3 (version = 4), software layout = DATANODE_SCHEMA_V3 (version = 4)
2022-10-14 20:48:16,856 [EndpointStateMachine task thread for /0.0.0.0:35689 - 0 ] INFO  volume.HddsVolume (HddsVolume.java:createDbStore(307)) - SchemaV3 db is created and loaded at /home/runner/work/ozone/ozone/hadoop-ozone/integration-test/target/test-dir/MiniOzoneClusterImpl-1e9d71ba-d753-4201-9665-5e97e6b64b9c/datanode-3/data-0/containers/hdds/1e9d71ba-d753-4201-9665-5e97e6b64b9c/DS-555c36b6-ec2e-4b5a-9549-678a0af9d059/container.db for volume DS-555c36b6-ec2e-4b5a-9549-678a0af9d059
2022-10-14 20:48:16,857 [EndpointStateMachine task thread for /0.0.0.0:35689 - 0 ] INFO  volume.HddsVolume (HddsVolume.java:closeDbStore(338)) - SchemaV3 db is stopped at /home/runner/work/ozone/ozone/hadoop-ozone/integration-test/target/test-dir/MiniOzoneClusterImpl-1e9d71ba-d753-4201-9665-5e97e6b64b9c/datanode-3/data-0/containers/hdds/1e9d71ba-d753-4201-9665-5e97e6b64b9c/DS-555c36b6-ec2e-4b5a-9549-678a0af9d059/container.db for volume DS-555c36b6-ec2e-4b5a-9549-678a0af9d059
2022-10-14 20:48:16,860 [EndpointStateMachine task thread for /0.0.0.0:35689 - 0 ] INFO  ozoneimpl.OzoneContainer (OzoneContainer.java:start(378)) - Attempting to start container services.
2022-10-14 20:48:16,861 [EndpointStateMachine task thread for /0.0.0.0:35689 - 0 ] INFO  ozoneimpl.OzoneContainer (OzoneContainer.java:startContainerScrub(313)) - Background container scanner has been disabled.
2022-10-14 20:48:16,863 [EndpointStateMachine task thread for /0.0.0.0:35689 - 0 ] INFO  replication.ReplicationServer (ReplicationServer.java:start(111)) - ReplicationServer is started using port 35535
2022-10-14 20:48:16,864 [EndpointStateMachine task thread for /0.0.0.0:35689 - 0 ] INFO  ratis.XceiverServerRatis (XceiverServerRatis.java:start(481)) - Starting XceiverServerRatis 264ccfc1-7403-435b-81c3-d1dfb4335e59
2022-10-14 20:48:16,865 [Listener at 127.0.0.1/41743] INFO  reflections.Reflections (Reflections.java:scan(232)) - Reflections took 53 ms to scan 7 urls, producing 137 keys and 328 values 
2022-10-14 20:48:16,866 [Listener at 127.0.0.1/41743] INFO  statemachine.DatanodeStateMachine (DatanodeStateMachine.java:getEndPointTaskThreadPoolSize(237)) - Datanode State Machine Task Thread Pool size 2
2022-10-14 20:48:16,877 [EndpointStateMachine task thread for /0.0.0.0:35689 - 0 ] INFO  server.RaftServer (RaftServerProxy.java:lambda$start$6(382)) - 264ccfc1-7403-435b-81c3-d1dfb4335e59: start RPC server
2022-10-14 20:48:16,879 [Listener at 127.0.0.1/41743] INFO  volume.HddsVolume (HddsVolume.java:<init>(117)) - Creating HddsVolume: /home/runner/work/ozone/ozone/hadoop-ozone/integration-test/target/test-dir/MiniOzoneClusterImpl-1e9d71ba-d753-4201-9665-5e97e6b64b9c/datanode-9/data-0/containers/hdds of storage type : DISK capacity : 9223372036854775807
2022-10-14 20:48:16,880 [Listener at 127.0.0.1/41743] INFO  volume.MutableVolumeSet (MutableVolumeSet.java:initializeVolumeSet(174)) - Added Volume : /home/runner/work/ozone/ozone/hadoop-ozone/integration-test/target/test-dir/MiniOzoneClusterImpl-1e9d71ba-d753-4201-9665-5e97e6b64b9c/datanode-9/data-0/containers/hdds to VolumeSet
2022-10-14 20:48:16,880 [Listener at 127.0.0.1/41743] INFO  volume.ThrottledAsyncChecker (ThrottledAsyncChecker.java:schedule(141)) - Scheduling a check for /home/runner/work/ozone/ozone/hadoop-ozone/integration-test/target/test-dir/MiniOzoneClusterImpl-1e9d71ba-d753-4201-9665-5e97e6b64b9c/datanode-9/data-0/containers/hdds
2022-10-14 20:48:16,885 [Listener at 127.0.0.1/41743] INFO  volume.StorageVolumeChecker (StorageVolumeChecker.java:checkAllVolumes(202)) - Scheduled health check for volume /home/runner/work/ozone/ozone/hadoop-ozone/integration-test/target/test-dir/MiniOzoneClusterImpl-1e9d71ba-d753-4201-9665-5e97e6b64b9c/datanode-9/data-0/containers/hdds
2022-10-14 20:48:16,891 [EndpointStateMachine task thread for /0.0.0.0:35689 - 0 ] INFO  server.GrpcService (GrpcService.java:startImpl(260)) - 264ccfc1-7403-435b-81c3-d1dfb4335e59: GrpcService started, listening on 44593
2022-10-14 20:48:16,892 [EndpointStateMachine task thread for /0.0.0.0:35689 - 0 ] INFO  ratis.XceiverServerRatis (XceiverServerRatis.java:getRealPort(502)) - XceiverServerRatis 264ccfc1-7403-435b-81c3-d1dfb4335e59 is started using port 44593 for RATIS
2022-10-14 20:48:16,892 [EndpointStateMachine task thread for /0.0.0.0:35689 - 0 ] INFO  ratis.XceiverServerRatis (XceiverServerRatis.java:getRealPort(502)) - XceiverServerRatis 264ccfc1-7403-435b-81c3-d1dfb4335e59 is started using port 44593 for RATIS_ADMIN
2022-10-14 20:48:16,892 [EndpointStateMachine task thread for /0.0.0.0:35689 - 0 ] INFO  ratis.XceiverServerRatis (XceiverServerRatis.java:getRealPort(502)) - XceiverServerRatis 264ccfc1-7403-435b-81c3-d1dfb4335e59 is started using port 44593 for RATIS_SERVER
2022-10-14 20:48:16,892 [org.apache.ratis.util.JvmPauseMonitor$$Lambda$684/1307560138@63b433f7] INFO  util.JvmPauseMonitor (JvmPauseMonitor.java:run(103)) - JvmPauseMonitor-264ccfc1-7403-435b-81c3-d1dfb4335e59: Started
2022-10-14 20:48:16,903 [EndpointStateMachine task thread for /0.0.0.0:35689 - 0 ] INFO  server.XceiverServerGrpc (XceiverServerGrpc.java:start(180)) - XceiverServerGrpc 264ccfc1-7403-435b-81c3-d1dfb4335e59 is started using port 33275
2022-10-14 20:48:16,906 [Listener at 127.0.0.1/41743] INFO  volume.MutableVolumeSet (MutableVolumeSet.java:initializeVolumeSet(174)) - Added Volume : /home/runner/work/ozone/ozone/hadoop-ozone/integration-test/target/test-dir/MiniOzoneClusterImpl-1e9d71ba-d753-4201-9665-5e97e6b64b9c/datanode-9/data/ratis to VolumeSet
2022-10-14 20:48:16,920 [Listener at 127.0.0.1/41743] INFO  volume.ThrottledAsyncChecker (ThrottledAsyncChecker.java:schedule(141)) - Scheduling a check for /home/runner/work/ozone/ozone/hadoop-ozone/integration-test/target/test-dir/MiniOzoneClusterImpl-1e9d71ba-d753-4201-9665-5e97e6b64b9c/datanode-9/data/ratis
2022-10-14 20:48:16,923 [Listener at 127.0.0.1/41743] INFO  volume.StorageVolumeChecker (StorageVolumeChecker.java:checkAllVolumes(202)) - Scheduled health check for volume /home/runner/work/ozone/ozone/hadoop-ozone/integration-test/target/test-dir/MiniOzoneClusterImpl-1e9d71ba-d753-4201-9665-5e97e6b64b9c/datanode-9/data/ratis
2022-10-14 20:48:16,937 [Thread-276] INFO  ozoneimpl.ContainerReader (ContainerReader.java:readVolume(175)) - Finish verifying containers on volume /home/runner/work/ozone/ozone/hadoop-ozone/integration-test/target/test-dir/MiniOzoneClusterImpl-1e9d71ba-d753-4201-9665-5e97e6b64b9c/datanode-9/data-0/containers/hdds
2022-10-14 20:48:16,937 [Listener at 127.0.0.1/41743] INFO  ozoneimpl.OzoneContainer (OzoneContainer.java:buildContainerSet(300)) - Build ContainerSet costs 0s
2022-10-14 20:48:16,946 [Listener at 127.0.0.1/41743] INFO  server.RaftServer (ConfUtils.java:logGet(46)) - raft.rpc.type = GRPC (default)
2022-10-14 20:48:16,947 [Listener at 127.0.0.1/41743] INFO  grpc.GrpcFactory (GrpcFactory.java:checkPooledByteBufAllocatorUseCacheForAllThreads(48)) - PERFORMANCE WARNING: useCacheForAllThreads is true that may cause Netty to create a lot garbage objects and, as a result, trigger GC.
	It is recommended to disable useCacheForAllThreads by setting -Dorg.apache.ratis.thirdparty.io.netty.allocator.useCacheForAllThreads=false in command line.
2022-10-14 20:48:16,947 [Listener at 127.0.0.1/41743] INFO  grpc.GrpcConfigKeys (ConfUtils.java:logGet(46)) - raft.grpc.admin.port = 0 (custom)
2022-10-14 20:48:16,947 [Listener at 127.0.0.1/41743] INFO  grpc.GrpcConfigKeys (ConfUtils.java:logGet(46)) - raft.grpc.client.port = 0 (custom)
2022-10-14 20:48:16,947 [Listener at 127.0.0.1/41743] INFO  grpc.GrpcConfigKeys (ConfUtils.java:logGet(46)) - raft.grpc.server.port = 0 (default)
2022-10-14 20:48:16,947 [Listener at 127.0.0.1/41743] INFO  server.GrpcService (ConfUtils.java:logGet(46)) - raft.grpc.message.size.max = 32MB (=33554432) (custom)
2022-10-14 20:48:16,948 [Listener at 127.0.0.1/41743] INFO  server.RaftServerConfigKeys (ConfUtils.java:logGet(46)) - raft.server.log.appender.buffer.byte-limit = 33554432 (custom)
2022-10-14 20:48:16,948 [Listener at 127.0.0.1/41743] INFO  server.GrpcService (ConfUtils.java:logGet(46)) - raft.grpc.flow.control.window = 5MB (=5242880) (custom)
2022-10-14 20:48:16,948 [Listener at 127.0.0.1/41743] INFO  server.RaftServerConfigKeys (ConfUtils.java:logGet(46)) - raft.server.rpc.request.timeout = 60s (custom)
2022-10-14 20:48:16,948 [Listener at 127.0.0.1/41743] INFO  grpc.GrpcConfigKeys (ConfUtils.java:logGet(46)) - raft.grpc.server.async.request.thread.pool.cached = true (default)
2022-10-14 20:48:16,948 [Listener at 127.0.0.1/41743] INFO  grpc.GrpcConfigKeys (ConfUtils.java:logGet(46)) - raft.grpc.server.async.request.thread.pool.size = 32 (default)
2022-10-14 20:48:16,950 [Listener at 127.0.0.1/41743] INFO  impl.DataStreamServerImpl (ConfUtils.java:logGet(46)) - raft.datastream.type = DISABLED (default)
2022-10-14 20:48:16,951 [Listener at 127.0.0.1/41743] INFO  server.RaftServerConfigKeys (ConfUtils.java:logGet(46)) - raft.server.threadpool.proxy.cached = true (default)
2022-10-14 20:48:16,951 [Listener at 127.0.0.1/41743] INFO  server.RaftServerConfigKeys (ConfUtils.java:logGet(46)) - raft.server.threadpool.proxy.size = 0 (default)
2022-10-14 20:48:16,951 [Listener at 127.0.0.1/41743] INFO  server.RaftServerConfigKeys (ConfUtils.java:logGet(46)) - raft.server.rpc.slowness.timeout = 300s (custom)
2022-10-14 20:48:16,951 [Listener at 127.0.0.1/41743] INFO  server.RaftServerConfigKeys (ConfUtils.java:logGet(46)) - raft.server.leaderelection.leader.step-down.wait-time = 10s (default)
2022-10-14 20:48:16,951 [Listener at 127.0.0.1/41743] INFO  server.RaftServerConfigKeys (ConfUtils.java:logGet(46)) - raft.server.storage.dir = [/home/runner/work/ozone/ozone/hadoop-ozone/integration-test/target/test-dir/MiniOzoneClusterImpl-1e9d71ba-d753-4201-9665-5e97e6b64b9c/datanode-9/data/ratis] (custom)
2022-10-14 20:48:16,955 [Listener at 127.0.0.1/41743] INFO  server.XceiverServerGrpc (XceiverServerGrpc.java:<init>(132)) - GrpcServer channel type EpollServerSocketChannel
2022-10-14 20:48:16,959 [Listener at 127.0.0.1/41743] INFO  http.BaseHttpServer (BaseHttpServer.java:newHttpServer2BuilderForOzone(213)) - Starting Web-server for hddsDatanode at: http://0.0.0.0:0
2022-10-14 20:48:16,960 [Listener at 127.0.0.1/41743] INFO  http.BaseHttpServer (BaseHttpServer.java:<init>(108)) - Hadoop Security Enabled: false Ozone Security Enabled: false Ozone HTTP Security Enabled: false 
2022-10-14 20:48:16,961 [Listener at 127.0.0.1/41743] WARN  server.AuthenticationFilter (AuthenticationFilter.java:constructSecretProvider(240)) - Unable to initialize FileSignerSecretProvider, falling back to use random secrets. Reason: Could not read signature secret file: /home/runner/hadoop-http-auth-signature-secret
2022-10-14 20:48:16,962 [Listener at 127.0.0.1/41743] WARN  http.HttpRequestLog (HttpRequestLog.java:getRequestLog(103)) - Jetty request log can only be enabled using Log4j
2022-10-14 20:48:16,964 [Listener at 127.0.0.1/41743] INFO  http.HttpServer2 (HttpServer2.java:addGlobalFilter(1031)) - Added global filter 'safety' (class=org.apache.hadoop.hdds.server.http.HttpServer2$QuotingInputFilter)
2022-10-14 20:48:16,964 [Listener at 127.0.0.1/41743] INFO  http.HttpServer2 (HttpServer2.java:addFilter(1007)) - Added filter static_user_filter (class=org.apache.hadoop.http.lib.StaticUserWebFilter$StaticUserFilter) to context hddsDatanode
2022-10-14 20:48:16,965 [Listener at 127.0.0.1/41743] INFO  http.HttpServer2 (HttpServer2.java:addFilter(1015)) - Added filter static_user_filter (class=org.apache.hadoop.http.lib.StaticUserWebFilter$StaticUserFilter) to context logs
2022-10-14 20:48:16,965 [Listener at 127.0.0.1/41743] INFO  http.HttpServer2 (HttpServer2.java:addFilter(1015)) - Added filter static_user_filter (class=org.apache.hadoop.http.lib.StaticUserWebFilter$StaticUserFilter) to context static
2022-10-14 20:48:16,967 [Listener at 127.0.0.1/41743] INFO  http.HttpServer2 (HttpServer2.java:bindListener(1250)) - Jetty bound to port 35169
2022-10-14 20:48:16,967 [Listener at 127.0.0.1/41743] INFO  server.Server (Server.java:doStart(375)) - jetty-9.4.43.v20210629; built: 2021-06-30T11:07:22.254Z; git: 526006ecfa3af7f1a27ef3a288e2bef7ea9dd7e8; jvm 1.8.0_345-b01
2022-10-14 20:48:16,968 [Listener at 127.0.0.1/41743] INFO  server.session (DefaultSessionIdManager.java:doStart(334)) - DefaultSessionIdManager workerName=node0
2022-10-14 20:48:16,969 [Listener at 127.0.0.1/41743] INFO  server.session (DefaultSessionIdManager.java:doStart(339)) - No SessionScavenger set, using defaults
2022-10-14 20:48:16,969 [Listener at 127.0.0.1/41743] INFO  server.session (HouseKeeper.java:startScavenging(132)) - node0 Scavenging every 600000ms
2022-10-14 20:48:16,970 [Listener at 127.0.0.1/41743] INFO  handler.ContextHandler (ContextHandler.java:doStart(915)) - Started o.e.j.s.ServletContextHandler@54480bcc{logs,/logs,file:///home/runner/work/ozone/ozone/hadoop-ozone/integration-test/target/log,AVAILABLE}
2022-10-14 20:48:16,970 [Listener at 127.0.0.1/41743] INFO  handler.ContextHandler (ContextHandler.java:doStart(915)) - Started o.e.j.s.ServletContextHandler@3aa2c4f4{static,/static,jar:file:/home/runner/.m2/repository/org/apache/ozone/hdds-container-service/1.3.0-SNAPSHOT/hdds-container-service-1.3.0-SNAPSHOT.jar!/webapps/static,AVAILABLE}
2022-10-14 20:48:17,177 [Listener at 127.0.0.1/41743] INFO  handler.ContextHandler (ContextHandler.java:doStart(915)) - Started o.e.j.w.WebAppContext@12ec2e89{hddsDatanode,/,file:///tmp/jetty-0_0_0_0-35169-hdds-container-service-1_3_0-SNAPSHOT_jar-_-any-5898807833308944305/webapp/,AVAILABLE}{jar:file:/home/runner/.m2/repository/org/apache/ozone/hdds-container-service/1.3.0-SNAPSHOT/hdds-container-service-1.3.0-SNAPSHOT.jar!/webapps/hddsDatanode}
2022-10-14 20:48:17,182 [Listener at 127.0.0.1/41743] INFO  server.AbstractConnector (AbstractConnector.java:doStart(331)) - Started ServerConnector@36b569f6{HTTP/1.1, (http/1.1)}{0.0.0.0:35169}
2022-10-14 20:48:17,183 [Listener at 127.0.0.1/41743] INFO  server.Server (Server.java:doStart(415)) - Started @13452ms
2022-10-14 20:48:17,183 [Listener at 127.0.0.1/41743] WARN  impl.MetricsSystemImpl (MetricsSystemImpl.java:register(279)) - Sink prometheus already exists!
2022-10-14 20:48:17,184 [Listener at 127.0.0.1/41743] INFO  http.BaseHttpServer (BaseHttpServer.java:updateConnectorAddress(333)) - HTTP server of hddsDatanode listening at http://0.0.0.0:35169
2022-10-14 20:48:17,187 [Listener at 127.0.0.1/41743] INFO  ozone.MiniOzoneClusterImpl (MiniOzoneClusterImpl.java:lambda$waitForClusterToBeReady$0(216)) - Waiting for nodes to be ready. Got 0 of 10 DN Heartbeats.
2022-10-14 20:48:17,187 [Listener at 127.0.0.1/41743] INFO  ozone.MiniOzoneClusterImpl (MiniOzoneClusterImpl.java:lambda$waitForClusterToBeReady$0(219)) - Waiting for cluster to exit safe mode
2022-10-14 20:48:17,187 [Listener at 127.0.0.1/41743] INFO  ozone.MiniOzoneClusterImpl (MiniOzoneClusterImpl.java:lambda$waitForClusterToBeReady$0(221)) - SCM became leader
2022-10-14 20:48:17,189 [Datanode State Machine Daemon Thread] INFO  statemachine.DatanodeStateMachine (DatanodeStateMachine.java:lambda$startDaemon$0(492)) - Ozone container server started.
2022-10-14 20:48:17,205 [org.apache.hadoop.util.JvmPauseMonitor$Monitor@2288361e] INFO  util.JvmPauseMonitor (JvmPauseMonitor.java:run(188)) - Starting JVM pause monitor
2022-10-14 20:48:17,214 [Datanode State Machine Task Thread - 0] INFO  datanode.InitDatanodeState (InitDatanodeState.java:persistContainerDatanodeDetails(138)) - DatanodeDetails is persisted to /home/runner/work/ozone/ozone/hadoop-ozone/integration-test/target/test-dir/MiniOzoneClusterImpl-1e9d71ba-d753-4201-9665-5e97e6b64b9c/datanode-9/meta/datanode.id
2022-10-14 20:48:17,224 [EndpointStateMachine task thread for /0.0.0.0:35689 - 0 ] INFO  volume.HddsVolume (HddsVolume.java:createDbStore(307)) - SchemaV3 db is created and loaded at /home/runner/work/ozone/ozone/hadoop-ozone/integration-test/target/test-dir/MiniOzoneClusterImpl-1e9d71ba-d753-4201-9665-5e97e6b64b9c/datanode-4/data-0/containers/hdds/1e9d71ba-d753-4201-9665-5e97e6b64b9c/DS-08334384-b6f7-40f5-95c9-7bb47f293be4/container.db for volume DS-08334384-b6f7-40f5-95c9-7bb47f293be4
2022-10-14 20:48:17,225 [EndpointStateMachine task thread for /0.0.0.0:35689 - 0 ] INFO  volume.HddsVolume (HddsVolume.java:closeDbStore(338)) - SchemaV3 db is stopped at /home/runner/work/ozone/ozone/hadoop-ozone/integration-test/target/test-dir/MiniOzoneClusterImpl-1e9d71ba-d753-4201-9665-5e97e6b64b9c/datanode-4/data-0/containers/hdds/1e9d71ba-d753-4201-9665-5e97e6b64b9c/DS-08334384-b6f7-40f5-95c9-7bb47f293be4/container.db for volume DS-08334384-b6f7-40f5-95c9-7bb47f293be4
2022-10-14 20:48:17,225 [EndpointStateMachine task thread for /0.0.0.0:35689 - 0 ] INFO  ozoneimpl.OzoneContainer (OzoneContainer.java:start(378)) - Attempting to start container services.
2022-10-14 20:48:17,226 [EndpointStateMachine task thread for /0.0.0.0:35689 - 0 ] INFO  ozoneimpl.OzoneContainer (OzoneContainer.java:startContainerScrub(313)) - Background container scanner has been disabled.
2022-10-14 20:48:17,229 [EndpointStateMachine task thread for /0.0.0.0:35689 - 0 ] INFO  replication.ReplicationServer (ReplicationServer.java:start(111)) - ReplicationServer is started using port 34751
2022-10-14 20:48:17,230 [EndpointStateMachine task thread for /0.0.0.0:35689 - 0 ] INFO  ratis.XceiverServerRatis (XceiverServerRatis.java:start(481)) - Starting XceiverServerRatis 3c897dd6-f9a8-4587-816d-4b361cef56f3
2022-10-14 20:48:17,237 [EndpointStateMachine task thread for /0.0.0.0:35689 - 0 ] INFO  server.RaftServer (RaftServerProxy.java:lambda$start$6(382)) - 3c897dd6-f9a8-4587-816d-4b361cef56f3: start RPC server
2022-10-14 20:48:17,246 [EndpointStateMachine task thread for /0.0.0.0:35689 - 0 ] INFO  server.GrpcService (GrpcService.java:startImpl(260)) - 3c897dd6-f9a8-4587-816d-4b361cef56f3: GrpcService started, listening on 39577
2022-10-14 20:48:17,246 [EndpointStateMachine task thread for /0.0.0.0:35689 - 0 ] INFO  ratis.XceiverServerRatis (XceiverServerRatis.java:getRealPort(502)) - XceiverServerRatis 3c897dd6-f9a8-4587-816d-4b361cef56f3 is started using port 39577 for RATIS
2022-10-14 20:48:17,246 [EndpointStateMachine task thread for /0.0.0.0:35689 - 0 ] INFO  ratis.XceiverServerRatis (XceiverServerRatis.java:getRealPort(502)) - XceiverServerRatis 3c897dd6-f9a8-4587-816d-4b361cef56f3 is started using port 39577 for RATIS_ADMIN
2022-10-14 20:48:17,247 [EndpointStateMachine task thread for /0.0.0.0:35689 - 0 ] INFO  ratis.XceiverServerRatis (XceiverServerRatis.java:getRealPort(502)) - XceiverServerRatis 3c897dd6-f9a8-4587-816d-4b361cef56f3 is started using port 39577 for RATIS_SERVER
2022-10-14 20:48:17,247 [org.apache.ratis.util.JvmPauseMonitor$$Lambda$684/1307560138@1feafe96] INFO  util.JvmPauseMonitor (JvmPauseMonitor.java:run(103)) - JvmPauseMonitor-3c897dd6-f9a8-4587-816d-4b361cef56f3: Started
2022-10-14 20:48:17,250 [EndpointStateMachine task thread for /0.0.0.0:35689 - 0 ] INFO  server.XceiverServerGrpc (XceiverServerGrpc.java:start(180)) - XceiverServerGrpc 3c897dd6-f9a8-4587-816d-4b361cef56f3 is started using port 41121
2022-10-14 20:48:17,367 [IPC Server handler 8 on default port 35689] INFO  net.NetworkTopologyImpl (NetworkTopologyImpl.java:add(112)) - Added a new node: /default-rack/e247b98c-9a86-486e-b3b1-fa195c9418a4
2022-10-14 20:48:17,370 [IPC Server handler 8 on default port 35689] INFO  node.SCMNodeManager (SCMNodeManager.java:register(397)) - Registered Data node : e247b98c-9a86-486e-b3b1-fa195c9418a4{ip: 10.1.0.226, host: fv-az459-990.msq0az1vewme3jsxyslsv0htic.jx.internal.cloudapp.net, ports: [REPLICATION=36665, RATIS=46677, RATIS_ADMIN=46677, RATIS_SERVER=46677, STANDALONE=36511], networkLocation: /default-rack, certSerialId: null, persistedOpState: null, persistedOpStateExpiryEpochSec: 0}
2022-10-14 20:48:17,376 [EventQueue-NodeRegistrationContainerReportForDataNodeSafeModeRule] INFO  safemode.SCMSafeModeManager (DataNodeSafeModeRule.java:process(71)) - SCM in safe mode. 1 DataNodes registered, 3 required.
2022-10-14 20:48:17,376 [EventQueue-NodeRegistrationContainerReportForContainerSafeModeRule] INFO  safemode.SCMSafeModeManager (SCMSafeModeManager.java:validateSafeModeExitRules(204)) - ContainerSafeModeRule rule is successfully validated
2022-10-14 20:48:17,377 [EventQueue-NewNodeForNewNodeHandler] INFO  pipeline.BackgroundPipelineCreator (BackgroundPipelineCreator.java:notifyEventTriggered(276)) - trigger a one-shot run on RatisPipelineUtilsThread.
2022-10-14 20:48:17,382 [EventQueue-PipelineReportForOneReplicaPipelineSafeModeRule] INFO  safemode.SCMSafeModeManager (SCMSafeModeManager.java:validateSafeModeExitRules(204)) - AtleastOneDatanodeReportedRule rule is successfully validated
2022-10-14 20:48:17,387 [RatisPipelineUtilsThread - 0] INFO  pipeline.RatisPipelineProvider (RatisPipelineProvider.java:lambda$create$0(195)) - Sending CreatePipelineCommand for pipeline:PipelineID=1277df31-a3ec-4141-a6f9-de1b8656d588 to datanode:e247b98c-9a86-486e-b3b1-fa195c9418a4
2022-10-14 20:48:17,400 [RatisPipelineUtilsThread - 0] INFO  pipeline.PipelineStateManagerImpl (PipelineStateManagerImpl.java:addPipeline(103)) - Created pipeline Pipeline[ Id: 1277df31-a3ec-4141-a6f9-de1b8656d588, Nodes: e247b98c-9a86-486e-b3b1-fa195c9418a4{ip: 10.1.0.226, host: fv-az459-990.msq0az1vewme3jsxyslsv0htic.jx.internal.cloudapp.net, ports: [REPLICATION=36665, RATIS=46677, RATIS_ADMIN=46677, RATIS_SERVER=46677, STANDALONE=36511], networkLocation: /default-rack, certSerialId: null, persistedOpState: IN_SERVICE, persistedOpStateExpiryEpochSec: 0}, ReplicationConfig: RATIS/ONE, State:ALLOCATED, leaderId:, CreationTimestamp2022-10-14T20:48:17.386Z[Etc/UTC]].
2022-10-14 20:48:17,576 [EndpointStateMachine task thread for /0.0.0.0:35689 - 0 ] INFO  volume.HddsVolume (HddsVolume.java:createDbStore(307)) - SchemaV3 db is created and loaded at /home/runner/work/ozone/ozone/hadoop-ozone/integration-test/target/test-dir/MiniOzoneClusterImpl-1e9d71ba-d753-4201-9665-5e97e6b64b9c/datanode-5/data-0/containers/hdds/1e9d71ba-d753-4201-9665-5e97e6b64b9c/DS-29ea738c-6d28-473c-92b8-cbb1d49582f7/container.db for volume DS-29ea738c-6d28-473c-92b8-cbb1d49582f7
2022-10-14 20:48:17,577 [EndpointStateMachine task thread for /0.0.0.0:35689 - 0 ] INFO  volume.HddsVolume (HddsVolume.java:closeDbStore(338)) - SchemaV3 db is stopped at /home/runner/work/ozone/ozone/hadoop-ozone/integration-test/target/test-dir/MiniOzoneClusterImpl-1e9d71ba-d753-4201-9665-5e97e6b64b9c/datanode-5/data-0/containers/hdds/1e9d71ba-d753-4201-9665-5e97e6b64b9c/DS-29ea738c-6d28-473c-92b8-cbb1d49582f7/container.db for volume DS-29ea738c-6d28-473c-92b8-cbb1d49582f7
2022-10-14 20:48:17,577 [EndpointStateMachine task thread for /0.0.0.0:35689 - 0 ] INFO  ozoneimpl.OzoneContainer (OzoneContainer.java:start(378)) - Attempting to start container services.
2022-10-14 20:48:17,578 [EndpointStateMachine task thread for /0.0.0.0:35689 - 0 ] INFO  ozoneimpl.OzoneContainer (OzoneContainer.java:startContainerScrub(313)) - Background container scanner has been disabled.
2022-10-14 20:48:17,580 [EndpointStateMachine task thread for /0.0.0.0:35689 - 0 ] INFO  replication.ReplicationServer (ReplicationServer.java:start(111)) - ReplicationServer is started using port 40113
2022-10-14 20:48:17,581 [EndpointStateMachine task thread for /0.0.0.0:35689 - 0 ] INFO  ratis.XceiverServerRatis (XceiverServerRatis.java:start(481)) - Starting XceiverServerRatis 27609338-e5ea-4e9e-bd63-6729dd2dbc7a
2022-10-14 20:48:17,582 [EndpointStateMachine task thread for /0.0.0.0:35689 - 0 ] INFO  server.RaftServer (RaftServerProxy.java:lambda$start$6(382)) - 27609338-e5ea-4e9e-bd63-6729dd2dbc7a: start RPC server
2022-10-14 20:48:17,584 [EndpointStateMachine task thread for /0.0.0.0:35689 - 0 ] INFO  server.GrpcService (GrpcService.java:startImpl(260)) - 27609338-e5ea-4e9e-bd63-6729dd2dbc7a: GrpcService started, listening on 36963
2022-10-14 20:48:17,584 [EndpointStateMachine task thread for /0.0.0.0:35689 - 0 ] INFO  ratis.XceiverServerRatis (XceiverServerRatis.java:getRealPort(502)) - XceiverServerRatis 27609338-e5ea-4e9e-bd63-6729dd2dbc7a is started using port 36963 for RATIS
2022-10-14 20:48:17,584 [org.apache.ratis.util.JvmPauseMonitor$$Lambda$684/1307560138@614f5b30] INFO  util.JvmPauseMonitor (JvmPauseMonitor.java:run(103)) - JvmPauseMonitor-27609338-e5ea-4e9e-bd63-6729dd2dbc7a: Started
2022-10-14 20:48:17,584 [EndpointStateMachine task thread for /0.0.0.0:35689 - 0 ] INFO  ratis.XceiverServerRatis (XceiverServerRatis.java:getRealPort(502)) - XceiverServerRatis 27609338-e5ea-4e9e-bd63-6729dd2dbc7a is started using port 36963 for RATIS_ADMIN
2022-10-14 20:48:17,585 [EndpointStateMachine task thread for /0.0.0.0:35689 - 0 ] INFO  ratis.XceiverServerRatis (XceiverServerRatis.java:getRealPort(502)) - XceiverServerRatis 27609338-e5ea-4e9e-bd63-6729dd2dbc7a is started using port 36963 for RATIS_SERVER
2022-10-14 20:48:17,587 [EndpointStateMachine task thread for /0.0.0.0:35689 - 0 ] INFO  server.XceiverServerGrpc (XceiverServerGrpc.java:start(180)) - XceiverServerGrpc 27609338-e5ea-4e9e-bd63-6729dd2dbc7a is started using port 41637
2022-10-14 20:48:17,990 [EndpointStateMachine task thread for /0.0.0.0:35689 - 0 ] INFO  volume.HddsVolume (HddsVolume.java:createDbStore(307)) - SchemaV3 db is created and loaded at /home/runner/work/ozone/ozone/hadoop-ozone/integration-test/target/test-dir/MiniOzoneClusterImpl-1e9d71ba-d753-4201-9665-5e97e6b64b9c/datanode-6/data-0/containers/hdds/1e9d71ba-d753-4201-9665-5e97e6b64b9c/DS-7867af3e-3dad-4594-8992-a59cbf777a0a/container.db for volume DS-7867af3e-3dad-4594-8992-a59cbf777a0a
2022-10-14 20:48:17,991 [EndpointStateMachine task thread for /0.0.0.0:35689 - 0 ] INFO  volume.HddsVolume (HddsVolume.java:closeDbStore(338)) - SchemaV3 db is stopped at /home/runner/work/ozone/ozone/hadoop-ozone/integration-test/target/test-dir/MiniOzoneClusterImpl-1e9d71ba-d753-4201-9665-5e97e6b64b9c/datanode-6/data-0/containers/hdds/1e9d71ba-d753-4201-9665-5e97e6b64b9c/DS-7867af3e-3dad-4594-8992-a59cbf777a0a/container.db for volume DS-7867af3e-3dad-4594-8992-a59cbf777a0a
2022-10-14 20:48:17,991 [EndpointStateMachine task thread for /0.0.0.0:35689 - 0 ] INFO  ozoneimpl.OzoneContainer (OzoneContainer.java:start(378)) - Attempting to start container services.
2022-10-14 20:48:17,991 [EndpointStateMachine task thread for /0.0.0.0:35689 - 0 ] INFO  ozoneimpl.OzoneContainer (OzoneContainer.java:startContainerScrub(313)) - Background container scanner has been disabled.
2022-10-14 20:48:17,998 [EndpointStateMachine task thread for /0.0.0.0:35689 - 0 ] INFO  replication.ReplicationServer (ReplicationServer.java:start(111)) - ReplicationServer is started using port 45667
2022-10-14 20:48:17,999 [EndpointStateMachine task thread for /0.0.0.0:35689 - 0 ] INFO  ratis.XceiverServerRatis (XceiverServerRatis.java:start(481)) - Starting XceiverServerRatis 16777052-74aa-4e90-8314-2bee1f1d951b
2022-10-14 20:48:18,000 [EndpointStateMachine task thread for /0.0.0.0:35689 - 0 ] INFO  server.RaftServer (RaftServerProxy.java:lambda$start$6(382)) - 16777052-74aa-4e90-8314-2bee1f1d951b: start RPC server
2022-10-14 20:48:18,003 [EndpointStateMachine task thread for /0.0.0.0:35689 - 0 ] INFO  server.GrpcService (GrpcService.java:startImpl(260)) - 16777052-74aa-4e90-8314-2bee1f1d951b: GrpcService started, listening on 46003
2022-10-14 20:48:18,004 [EndpointStateMachine task thread for /0.0.0.0:35689 - 0 ] INFO  ratis.XceiverServerRatis (XceiverServerRatis.java:getRealPort(502)) - XceiverServerRatis 16777052-74aa-4e90-8314-2bee1f1d951b is started using port 46003 for RATIS
2022-10-14 20:48:18,004 [org.apache.ratis.util.JvmPauseMonitor$$Lambda$684/1307560138@7946daff] INFO  util.JvmPauseMonitor (JvmPauseMonitor.java:run(103)) - JvmPauseMonitor-16777052-74aa-4e90-8314-2bee1f1d951b: Started
2022-10-14 20:48:18,004 [EndpointStateMachine task thread for /0.0.0.0:35689 - 0 ] INFO  ratis.XceiverServerRatis (XceiverServerRatis.java:getRealPort(502)) - XceiverServerRatis 16777052-74aa-4e90-8314-2bee1f1d951b is started using port 46003 for RATIS_ADMIN
2022-10-14 20:48:18,004 [EndpointStateMachine task thread for /0.0.0.0:35689 - 0 ] INFO  ratis.XceiverServerRatis (XceiverServerRatis.java:getRealPort(502)) - XceiverServerRatis 16777052-74aa-4e90-8314-2bee1f1d951b is started using port 46003 for RATIS_SERVER
2022-10-14 20:48:18,006 [EndpointStateMachine task thread for /0.0.0.0:35689 - 0 ] INFO  server.XceiverServerGrpc (XceiverServerGrpc.java:start(180)) - XceiverServerGrpc 16777052-74aa-4e90-8314-2bee1f1d951b is started using port 45747
2022-10-14 20:48:18,028 [IPC Server handler 8 on default port 35689] INFO  net.NetworkTopologyImpl (NetworkTopologyImpl.java:add(112)) - Added a new node: /default-rack/8b5383b3-e7bf-4722-baeb-dd5c06b347e3
2022-10-14 20:48:18,029 [IPC Server handler 8 on default port 35689] INFO  node.SCMNodeManager (SCMNodeManager.java:register(397)) - Registered Data node : 8b5383b3-e7bf-4722-baeb-dd5c06b347e3{ip: 10.1.0.226, host: fv-az459-990.msq0az1vewme3jsxyslsv0htic.jx.internal.cloudapp.net, ports: [REPLICATION=38879, RATIS=34173, RATIS_ADMIN=34173, RATIS_SERVER=34173, STANDALONE=34179], networkLocation: /default-rack, certSerialId: null, persistedOpState: null, persistedOpStateExpiryEpochSec: 0}
2022-10-14 20:48:18,030 [EventQueue-NewNodeForNewNodeHandler] INFO  pipeline.BackgroundPipelineCreator (BackgroundPipelineCreator.java:notifyEventTriggered(276)) - trigger a one-shot run on RatisPipelineUtilsThread.
2022-10-14 20:48:18,031 [EventQueue-NodeRegistrationContainerReportForDataNodeSafeModeRule] INFO  safemode.SCMSafeModeManager (DataNodeSafeModeRule.java:process(71)) - SCM in safe mode. 2 DataNodes registered, 3 required.
2022-10-14 20:48:18,032 [RatisPipelineUtilsThread - 0] INFO  pipeline.RatisPipelineProvider (RatisPipelineProvider.java:lambda$create$0(195)) - Sending CreatePipelineCommand for pipeline:PipelineID=4e69b451-5eca-4943-8520-d4eed27c3f9c to datanode:8b5383b3-e7bf-4722-baeb-dd5c06b347e3
2022-10-14 20:48:18,033 [RatisPipelineUtilsThread - 0] INFO  pipeline.PipelineStateManagerImpl (PipelineStateManagerImpl.java:addPipeline(103)) - Created pipeline Pipeline[ Id: 4e69b451-5eca-4943-8520-d4eed27c3f9c, Nodes: 8b5383b3-e7bf-4722-baeb-dd5c06b347e3{ip: 10.1.0.226, host: fv-az459-990.msq0az1vewme3jsxyslsv0htic.jx.internal.cloudapp.net, ports: [REPLICATION=38879, RATIS=34173, RATIS_ADMIN=34173, RATIS_SERVER=34173, STANDALONE=34179], networkLocation: /default-rack, certSerialId: null, persistedOpState: IN_SERVICE, persistedOpStateExpiryEpochSec: 0}, ReplicationConfig: RATIS/ONE, State:ALLOCATED, leaderId:, CreationTimestamp2022-10-14T20:48:18.032Z[Etc/UTC]].
2022-10-14 20:48:18,188 [Listener at 127.0.0.1/41743] INFO  ozone.MiniOzoneClusterImpl (MiniOzoneClusterImpl.java:lambda$waitForClusterToBeReady$0(216)) - Waiting for nodes to be ready. Got 2 of 10 DN Heartbeats.
2022-10-14 20:48:18,189 [Listener at 127.0.0.1/41743] INFO  ozone.MiniOzoneClusterImpl (MiniOzoneClusterImpl.java:lambda$waitForClusterToBeReady$0(219)) - Waiting for cluster to exit safe mode
2022-10-14 20:48:18,189 [Listener at 127.0.0.1/41743] INFO  ozone.MiniOzoneClusterImpl (MiniOzoneClusterImpl.java:lambda$waitForClusterToBeReady$0(221)) - SCM became leader
2022-10-14 20:48:18,382 [IPC Server handler 13 on default port 35689] INFO  net.NetworkTopologyImpl (NetworkTopologyImpl.java:add(112)) - Added a new node: /default-rack/b5e52be0-4491-4e69-96e1-10d94051f40c
2022-10-14 20:48:18,383 [IPC Server handler 13 on default port 35689] INFO  node.SCMNodeManager (SCMNodeManager.java:register(397)) - Registered Data node : b5e52be0-4491-4e69-96e1-10d94051f40c{ip: 10.1.0.226, host: fv-az459-990.msq0az1vewme3jsxyslsv0htic.jx.internal.cloudapp.net, ports: [REPLICATION=33805, RATIS=37041, RATIS_ADMIN=37041, RATIS_SERVER=37041, STANDALONE=41241], networkLocation: /default-rack, certSerialId: null, persistedOpState: null, persistedOpStateExpiryEpochSec: 0}
2022-10-14 20:48:18,384 [EventQueue-NewNodeForNewNodeHandler] INFO  pipeline.BackgroundPipelineCreator (BackgroundPipelineCreator.java:notifyEventTriggered(276)) - trigger a one-shot run on RatisPipelineUtilsThread.
2022-10-14 20:48:18,384 [EventQueue-NodeRegistrationContainerReportForDataNodeSafeModeRule] INFO  safemode.SCMSafeModeManager (DataNodeSafeModeRule.java:process(71)) - SCM in safe mode. 3 DataNodes registered, 3 required.
2022-10-14 20:48:18,384 [EventQueue-NodeRegistrationContainerReportForDataNodeSafeModeRule] INFO  safemode.SCMSafeModeManager (SCMSafeModeManager.java:validateSafeModeExitRules(204)) - DataNodeSafeModeRule rule is successfully validated
2022-10-14 20:48:18,384 [EventQueue-NodeRegistrationContainerReportForDataNodeSafeModeRule] INFO  safemode.SCMSafeModeManager (SCMSafeModeManager.java:completePreCheck(233)) - All SCM safe mode pre check rules have passed
2022-10-14 20:48:18,384 [EventQueue-NodeRegistrationContainerReportForDataNodeSafeModeRule] WARN  events.EventQueue (EventQueue.java:fireEvent(216)) - No event handler registered for event TypedEvent{payloadType=SafeModeStatus, name='Safe mode status'}
2022-10-14 20:48:18,384 [EventQueue-NodeRegistrationContainerReportForDataNodeSafeModeRule] INFO  ha.SCMContext (SCMContext.java:updateSafeModeStatus(228)) - Update SafeModeStatus from SafeModeStatus{safeModeStatus=true, preCheckPassed=false} to SafeModeStatus{safeModeStatus=true, preCheckPassed=true}.
2022-10-14 20:48:18,384 [EventQueue-NodeRegistrationContainerReportForDataNodeSafeModeRule] INFO  pipeline.BackgroundPipelineCreator (BackgroundPipelineCreator.java:notifyEventTriggered(276)) - trigger a one-shot run on RatisPipelineUtilsThread.
2022-10-14 20:48:18,385 [RatisPipelineUtilsThread - 0] INFO  pipeline.RatisPipelineProvider (RatisPipelineProvider.java:lambda$create$0(195)) - Sending CreatePipelineCommand for pipeline:PipelineID=7e09fbe6-f7ef-4006-a142-addbcf77707c to datanode:b5e52be0-4491-4e69-96e1-10d94051f40c
2022-10-14 20:48:18,385 [RatisPipelineUtilsThread - 0] INFO  pipeline.PipelineStateManagerImpl (PipelineStateManagerImpl.java:addPipeline(103)) - Created pipeline Pipeline[ Id: 7e09fbe6-f7ef-4006-a142-addbcf77707c, Nodes: b5e52be0-4491-4e69-96e1-10d94051f40c{ip: 10.1.0.226, host: fv-az459-990.msq0az1vewme3jsxyslsv0htic.jx.internal.cloudapp.net, ports: [REPLICATION=33805, RATIS=37041, RATIS_ADMIN=37041, RATIS_SERVER=37041, STANDALONE=41241], networkLocation: /default-rack, certSerialId: null, persistedOpState: IN_SERVICE, persistedOpStateExpiryEpochSec: 0}, ReplicationConfig: RATIS/ONE, State:ALLOCATED, leaderId:, CreationTimestamp2022-10-14T20:48:18.385Z[Etc/UTC]].
2022-10-14 20:48:18,391 [RatisPipelineUtilsThread - 0] INFO  pipeline.RatisPipelineProvider (RatisPipelineProvider.java:lambda$create$0(195)) - Sending CreatePipelineCommand for pipeline:PipelineID=dcfe6e57-69b8-4d5b-b14f-e555343bb60f to datanode:e247b98c-9a86-486e-b3b1-fa195c9418a4
2022-10-14 20:48:18,391 [RatisPipelineUtilsThread - 0] INFO  pipeline.RatisPipelineProvider (RatisPipelineProvider.java:lambda$create$0(195)) - Sending CreatePipelineCommand for pipeline:PipelineID=dcfe6e57-69b8-4d5b-b14f-e555343bb60f to datanode:b5e52be0-4491-4e69-96e1-10d94051f40c
2022-10-14 20:48:18,391 [RatisPipelineUtilsThread - 0] INFO  pipeline.RatisPipelineProvider (RatisPipelineProvider.java:lambda$create$0(195)) - Sending CreatePipelineCommand for pipeline:PipelineID=dcfe6e57-69b8-4d5b-b14f-e555343bb60f to datanode:8b5383b3-e7bf-4722-baeb-dd5c06b347e3
2022-10-14 20:48:18,395 [RatisPipelineUtilsThread - 0] INFO  pipeline.PipelineStateManagerImpl (PipelineStateManagerImpl.java:addPipeline(103)) - Created pipeline Pipeline[ Id: dcfe6e57-69b8-4d5b-b14f-e555343bb60f, Nodes: e247b98c-9a86-486e-b3b1-fa195c9418a4{ip: 10.1.0.226, host: fv-az459-990.msq0az1vewme3jsxyslsv0htic.jx.internal.cloudapp.net, ports: [REPLICATION=36665, RATIS=46677, RATIS_ADMIN=46677, RATIS_SERVER=46677, STANDALONE=36511], networkLocation: /default-rack, certSerialId: null, persistedOpState: IN_SERVICE, persistedOpStateExpiryEpochSec: 0}b5e52be0-4491-4e69-96e1-10d94051f40c{ip: 10.1.0.226, host: fv-az459-990.msq0az1vewme3jsxyslsv0htic.jx.internal.cloudapp.net, ports: [REPLICATION=33805, RATIS=37041, RATIS_ADMIN=37041, RATIS_SERVER=37041, STANDALONE=41241], networkLocation: /default-rack, certSerialId: null, persistedOpState: IN_SERVICE, persistedOpStateExpiryEpochSec: 0}8b5383b3-e7bf-4722-baeb-dd5c06b347e3{ip: 10.1.0.226, host: fv-az459-990.msq0az1vewme3jsxyslsv0htic.jx.internal.cloudapp.net, ports: [REPLICATION=38879, RATIS=34173, RATIS_ADMIN=34173, RATIS_SERVER=34173, STANDALONE=34179], networkLocation: /default-rack, certSerialId: null, persistedOpState: IN_SERVICE, persistedOpStateExpiryEpochSec: 0}, ReplicationConfig: RATIS/THREE, State:ALLOCATED, leaderId:, CreationTimestamp2022-10-14T20:48:18.391Z[Etc/UTC]].
2022-10-14 20:48:18,397 [RatisPipelineUtilsThread - 0] INFO  pipeline.RatisPipelineProvider (RatisPipelineProvider.java:lambda$create$0(195)) - Sending CreatePipelineCommand for pipeline:PipelineID=ded1bd47-8c8d-43d4-af13-2eca46b087c1 to datanode:e247b98c-9a86-486e-b3b1-fa195c9418a4
2022-10-14 20:48:18,399 [RatisPipelineUtilsThread - 0] INFO  pipeline.RatisPipelineProvider (RatisPipelineProvider.java:lambda$create$0(195)) - Sending CreatePipelineCommand for pipeline:PipelineID=ded1bd47-8c8d-43d4-af13-2eca46b087c1 to datanode:8b5383b3-e7bf-4722-baeb-dd5c06b347e3
2022-10-14 20:48:18,399 [RatisPipelineUtilsThread - 0] INFO  pipeline.RatisPipelineProvider (RatisPipelineProvider.java:lambda$create$0(195)) - Sending CreatePipelineCommand for pipeline:PipelineID=ded1bd47-8c8d-43d4-af13-2eca46b087c1 to datanode:b5e52be0-4491-4e69-96e1-10d94051f40c
2022-10-14 20:48:18,401 [RatisPipelineUtilsThread - 0] INFO  pipeline.PipelineStateManagerImpl (PipelineStateManagerImpl.java:addPipeline(103)) - Created pipeline Pipeline[ Id: ded1bd47-8c8d-43d4-af13-2eca46b087c1, Nodes: e247b98c-9a86-486e-b3b1-fa195c9418a4{ip: 10.1.0.226, host: fv-az459-990.msq0az1vewme3jsxyslsv0htic.jx.internal.cloudapp.net, ports: [REPLICATION=36665, RATIS=46677, RATIS_ADMIN=46677, RATIS_SERVER=46677, STANDALONE=36511], networkLocation: /default-rack, certSerialId: null, persistedOpState: IN_SERVICE, persistedOpStateExpiryEpochSec: 0}8b5383b3-e7bf-4722-baeb-dd5c06b347e3{ip: 10.1.0.226, host: fv-az459-990.msq0az1vewme3jsxyslsv0htic.jx.internal.cloudapp.net, ports: [REPLICATION=38879, RATIS=34173, RATIS_ADMIN=34173, RATIS_SERVER=34173, STANDALONE=34179], networkLocation: /default-rack, certSerialId: null, persistedOpState: IN_SERVICE, persistedOpStateExpiryEpochSec: 0}b5e52be0-4491-4e69-96e1-10d94051f40c{ip: 10.1.0.226, host: fv-az459-990.msq0az1vewme3jsxyslsv0htic.jx.internal.cloudapp.net, ports: [REPLICATION=33805, RATIS=37041, RATIS_ADMIN=37041, RATIS_SERVER=37041, STANDALONE=41241], networkLocation: /default-rack, certSerialId: null, persistedOpState: IN_SERVICE, persistedOpStateExpiryEpochSec: 0}, ReplicationConfig: RATIS/THREE, State:ALLOCATED, leaderId:, CreationTimestamp2022-10-14T20:48:18.397Z[Etc/UTC]].
2022-10-14 20:48:18,401 [RatisPipelineUtilsThread - 0] INFO  pipeline.PipelineManagerImpl (PipelineManagerImpl.java:recordMetricsForPipeline(796)) - Pipeline: PipelineID=ded1bd47-8c8d-43d4-af13-2eca46b087c1 contains same datanodes as previous pipelines: PipelineID=dcfe6e57-69b8-4d5b-b14f-e555343bb60f nodeIds: e247b98c-9a86-486e-b3b1-fa195c9418a4, 8b5383b3-e7bf-4722-baeb-dd5c06b347e3, b5e52be0-4491-4e69-96e1-10d94051f40c
2022-10-14 20:48:18,429 [EndpointStateMachine task thread for /0.0.0.0:35689 - 0 ] INFO  volume.HddsVolume (HddsVolume.java:createDbStore(307)) - SchemaV3 db is created and loaded at /home/runner/work/ozone/ozone/hadoop-ozone/integration-test/target/test-dir/MiniOzoneClusterImpl-1e9d71ba-d753-4201-9665-5e97e6b64b9c/datanode-7/data-0/containers/hdds/1e9d71ba-d753-4201-9665-5e97e6b64b9c/DS-a8474344-9ec9-4592-bafd-c76be60f33e3/container.db for volume DS-a8474344-9ec9-4592-bafd-c76be60f33e3
2022-10-14 20:48:18,431 [EndpointStateMachine task thread for /0.0.0.0:35689 - 0 ] INFO  volume.HddsVolume (HddsVolume.java:closeDbStore(338)) - SchemaV3 db is stopped at /home/runner/work/ozone/ozone/hadoop-ozone/integration-test/target/test-dir/MiniOzoneClusterImpl-1e9d71ba-d753-4201-9665-5e97e6b64b9c/datanode-7/data-0/containers/hdds/1e9d71ba-d753-4201-9665-5e97e6b64b9c/DS-a8474344-9ec9-4592-bafd-c76be60f33e3/container.db for volume DS-a8474344-9ec9-4592-bafd-c76be60f33e3
2022-10-14 20:48:18,431 [EndpointStateMachine task thread for /0.0.0.0:35689 - 0 ] INFO  ozoneimpl.OzoneContainer (OzoneContainer.java:start(378)) - Attempting to start container services.
2022-10-14 20:48:18,431 [EndpointStateMachine task thread for /0.0.0.0:35689 - 0 ] INFO  ozoneimpl.OzoneContainer (OzoneContainer.java:startContainerScrub(313)) - Background container scanner has been disabled.
2022-10-14 20:48:18,433 [EndpointStateMachine task thread for /0.0.0.0:35689 - 0 ] INFO  replication.ReplicationServer (ReplicationServer.java:start(111)) - ReplicationServer is started using port 38691
2022-10-14 20:48:18,434 [EndpointStateMachine task thread for /0.0.0.0:35689 - 0 ] INFO  ratis.XceiverServerRatis (XceiverServerRatis.java:start(481)) - Starting XceiverServerRatis a9bc3d00-95be-4d99-8dcc-adc6824489fa
2022-10-14 20:48:18,434 [EndpointStateMachine task thread for /0.0.0.0:35689 - 0 ] INFO  server.RaftServer (RaftServerProxy.java:lambda$start$6(382)) - a9bc3d00-95be-4d99-8dcc-adc6824489fa: start RPC server
2022-10-14 20:48:18,437 [EndpointStateMachine task thread for /0.0.0.0:35689 - 0 ] INFO  server.GrpcService (GrpcService.java:startImpl(260)) - a9bc3d00-95be-4d99-8dcc-adc6824489fa: GrpcService started, listening on 41433
2022-10-14 20:48:18,437 [EndpointStateMachine task thread for /0.0.0.0:35689 - 0 ] INFO  ratis.XceiverServerRatis (XceiverServerRatis.java:getRealPort(502)) - XceiverServerRatis a9bc3d00-95be-4d99-8dcc-adc6824489fa is started using port 41433 for RATIS
2022-10-14 20:48:18,437 [org.apache.ratis.util.JvmPauseMonitor$$Lambda$684/1307560138@12821691] INFO  util.JvmPauseMonitor (JvmPauseMonitor.java:run(103)) - JvmPauseMonitor-a9bc3d00-95be-4d99-8dcc-adc6824489fa: Started
2022-10-14 20:48:18,437 [EndpointStateMachine task thread for /0.0.0.0:35689 - 0 ] INFO  ratis.XceiverServerRatis (XceiverServerRatis.java:getRealPort(502)) - XceiverServerRatis a9bc3d00-95be-4d99-8dcc-adc6824489fa is started using port 41433 for RATIS_ADMIN
2022-10-14 20:48:18,437 [EndpointStateMachine task thread for /0.0.0.0:35689 - 0 ] INFO  ratis.XceiverServerRatis (XceiverServerRatis.java:getRealPort(502)) - XceiverServerRatis a9bc3d00-95be-4d99-8dcc-adc6824489fa is started using port 41433 for RATIS_SERVER
2022-10-14 20:48:18,440 [EndpointStateMachine task thread for /0.0.0.0:35689 - 0 ] INFO  server.XceiverServerGrpc (XceiverServerGrpc.java:start(180)) - XceiverServerGrpc a9bc3d00-95be-4d99-8dcc-adc6824489fa is started using port 39903
2022-10-14 20:48:18,802 [IPC Server handler 2 on default port 35689] INFO  net.NetworkTopologyImpl (NetworkTopologyImpl.java:add(112)) - Added a new node: /default-rack/264ccfc1-7403-435b-81c3-d1dfb4335e59
2022-10-14 20:48:18,802 [IPC Server handler 2 on default port 35689] INFO  node.SCMNodeManager (SCMNodeManager.java:register(397)) - Registered Data node : 264ccfc1-7403-435b-81c3-d1dfb4335e59{ip: 10.1.0.226, host: fv-az459-990.msq0az1vewme3jsxyslsv0htic.jx.internal.cloudapp.net, ports: [REPLICATION=35535, RATIS=44593, RATIS_ADMIN=44593, RATIS_SERVER=44593, STANDALONE=33275], networkLocation: /default-rack, certSerialId: null, persistedOpState: null, persistedOpStateExpiryEpochSec: 0}
2022-10-14 20:48:18,803 [EventQueue-NewNodeForNewNodeHandler] INFO  pipeline.BackgroundPipelineCreator (BackgroundPipelineCreator.java:notifyEventTriggered(276)) - trigger a one-shot run on RatisPipelineUtilsThread.
2022-10-14 20:48:18,804 [RatisPipelineUtilsThread - 0] INFO  pipeline.RatisPipelineProvider (RatisPipelineProvider.java:lambda$create$0(195)) - Sending CreatePipelineCommand for pipeline:PipelineID=187f40ef-5068-436b-8752-c5b5c94cedb2 to datanode:264ccfc1-7403-435b-81c3-d1dfb4335e59
2022-10-14 20:48:18,804 [RatisPipelineUtilsThread - 0] INFO  pipeline.PipelineStateManagerImpl (PipelineStateManagerImpl.java:addPipeline(103)) - Created pipeline Pipeline[ Id: 187f40ef-5068-436b-8752-c5b5c94cedb2, Nodes: 264ccfc1-7403-435b-81c3-d1dfb4335e59{ip: 10.1.0.226, host: fv-az459-990.msq0az1vewme3jsxyslsv0htic.jx.internal.cloudapp.net, ports: [REPLICATION=35535, RATIS=44593, RATIS_ADMIN=44593, RATIS_SERVER=44593, STANDALONE=33275], networkLocation: /default-rack, certSerialId: null, persistedOpState: IN_SERVICE, persistedOpStateExpiryEpochSec: 0}, ReplicationConfig: RATIS/ONE, State:ALLOCATED, leaderId:, CreationTimestamp2022-10-14T20:48:18.804Z[Etc/UTC]].
2022-10-14 20:48:18,818 [EndpointStateMachine task thread for /0.0.0.0:35689 - 0 ] INFO  volume.HddsVolume (HddsVolume.java:createDbStore(307)) - SchemaV3 db is created and loaded at /home/runner/work/ozone/ozone/hadoop-ozone/integration-test/target/test-dir/MiniOzoneClusterImpl-1e9d71ba-d753-4201-9665-5e97e6b64b9c/datanode-8/data-0/containers/hdds/1e9d71ba-d753-4201-9665-5e97e6b64b9c/DS-7c3355ab-e276-475e-a443-536e3581b2d8/container.db for volume DS-7c3355ab-e276-475e-a443-536e3581b2d8
2022-10-14 20:48:18,819 [EndpointStateMachine task thread for /0.0.0.0:35689 - 0 ] INFO  volume.HddsVolume (HddsVolume.java:closeDbStore(338)) - SchemaV3 db is stopped at /home/runner/work/ozone/ozone/hadoop-ozone/integration-test/target/test-dir/MiniOzoneClusterImpl-1e9d71ba-d753-4201-9665-5e97e6b64b9c/datanode-8/data-0/containers/hdds/1e9d71ba-d753-4201-9665-5e97e6b64b9c/DS-7c3355ab-e276-475e-a443-536e3581b2d8/container.db for volume DS-7c3355ab-e276-475e-a443-536e3581b2d8
2022-10-14 20:48:18,819 [EndpointStateMachine task thread for /0.0.0.0:35689 - 0 ] INFO  ozoneimpl.OzoneContainer (OzoneContainer.java:start(378)) - Attempting to start container services.
2022-10-14 20:48:18,819 [EndpointStateMachine task thread for /0.0.0.0:35689 - 0 ] INFO  ozoneimpl.OzoneContainer (OzoneContainer.java:startContainerScrub(313)) - Background container scanner has been disabled.
2022-10-14 20:48:18,821 [EndpointStateMachine task thread for /0.0.0.0:35689 - 0 ] INFO  replication.ReplicationServer (ReplicationServer.java:start(111)) - ReplicationServer is started using port 39023
2022-10-14 20:48:18,822 [EndpointStateMachine task thread for /0.0.0.0:35689 - 0 ] INFO  ratis.XceiverServerRatis (XceiverServerRatis.java:start(481)) - Starting XceiverServerRatis bbc6add2-54a7-4497-b631-73b4353e40e2
2022-10-14 20:48:18,823 [EndpointStateMachine task thread for /0.0.0.0:35689 - 0 ] INFO  server.RaftServer (RaftServerProxy.java:lambda$start$6(382)) - bbc6add2-54a7-4497-b631-73b4353e40e2: start RPC server
2022-10-14 20:48:18,824 [EndpointStateMachine task thread for /0.0.0.0:35689 - 0 ] INFO  server.GrpcService (GrpcService.java:startImpl(260)) - bbc6add2-54a7-4497-b631-73b4353e40e2: GrpcService started, listening on 45201
2022-10-14 20:48:18,824 [EndpointStateMachine task thread for /0.0.0.0:35689 - 0 ] INFO  ratis.XceiverServerRatis (XceiverServerRatis.java:getRealPort(502)) - XceiverServerRatis bbc6add2-54a7-4497-b631-73b4353e40e2 is started using port 45201 for RATIS
2022-10-14 20:48:18,824 [org.apache.ratis.util.JvmPauseMonitor$$Lambda$684/1307560138@4e7141eb] INFO  util.JvmPauseMonitor (JvmPauseMonitor.java:run(103)) - JvmPauseMonitor-bbc6add2-54a7-4497-b631-73b4353e40e2: Started
2022-10-14 20:48:18,824 [EndpointStateMachine task thread for /0.0.0.0:35689 - 0 ] INFO  ratis.XceiverServerRatis (XceiverServerRatis.java:getRealPort(502)) - XceiverServerRatis bbc6add2-54a7-4497-b631-73b4353e40e2 is started using port 45201 for RATIS_ADMIN
2022-10-14 20:48:18,825 [EndpointStateMachine task thread for /0.0.0.0:35689 - 0 ] INFO  ratis.XceiverServerRatis (XceiverServerRatis.java:getRealPort(502)) - XceiverServerRatis bbc6add2-54a7-4497-b631-73b4353e40e2 is started using port 45201 for RATIS_SERVER
2022-10-14 20:48:18,828 [EndpointStateMachine task thread for /0.0.0.0:35689 - 0 ] INFO  server.XceiverServerGrpc (XceiverServerGrpc.java:start(180)) - XceiverServerGrpc bbc6add2-54a7-4497-b631-73b4353e40e2 is started using port 37057
2022-10-14 20:48:19,161 [IPC Server handler 9 on default port 35689] INFO  net.NetworkTopologyImpl (NetworkTopologyImpl.java:add(112)) - Added a new node: /default-rack/3c897dd6-f9a8-4587-816d-4b361cef56f3
2022-10-14 20:48:19,161 [IPC Server handler 9 on default port 35689] INFO  node.SCMNodeManager (SCMNodeManager.java:register(397)) - Registered Data node : 3c897dd6-f9a8-4587-816d-4b361cef56f3{ip: 10.1.0.226, host: fv-az459-990.msq0az1vewme3jsxyslsv0htic.jx.internal.cloudapp.net, ports: [REPLICATION=34751, RATIS=39577, RATIS_ADMIN=39577, RATIS_SERVER=39577, STANDALONE=41121], networkLocation: /default-rack, certSerialId: null, persistedOpState: null, persistedOpStateExpiryEpochSec: 0}
2022-10-14 20:48:19,162 [EventQueue-NewNodeForNewNodeHandler] INFO  pipeline.BackgroundPipelineCreator (BackgroundPipelineCreator.java:notifyEventTriggered(276)) - trigger a one-shot run on RatisPipelineUtilsThread.
2022-10-14 20:48:19,162 [RatisPipelineUtilsThread - 0] INFO  pipeline.RatisPipelineProvider (RatisPipelineProvider.java:lambda$create$0(195)) - Sending CreatePipelineCommand for pipeline:PipelineID=b4e18f50-3a4c-48c1-b4ff-b166c3d79484 to datanode:3c897dd6-f9a8-4587-816d-4b361cef56f3
2022-10-14 20:48:19,163 [RatisPipelineUtilsThread - 0] INFO  pipeline.PipelineStateManagerImpl (PipelineStateManagerImpl.java:addPipeline(103)) - Created pipeline Pipeline[ Id: b4e18f50-3a4c-48c1-b4ff-b166c3d79484, Nodes: 3c897dd6-f9a8-4587-816d-4b361cef56f3{ip: 10.1.0.226, host: fv-az459-990.msq0az1vewme3jsxyslsv0htic.jx.internal.cloudapp.net, ports: [REPLICATION=34751, RATIS=39577, RATIS_ADMIN=39577, RATIS_SERVER=39577, STANDALONE=41121], networkLocation: /default-rack, certSerialId: null, persistedOpState: IN_SERVICE, persistedOpStateExpiryEpochSec: 0}, ReplicationConfig: RATIS/ONE, State:ALLOCATED, leaderId:, CreationTimestamp2022-10-14T20:48:19.162Z[Etc/UTC]].
2022-10-14 20:48:19,189 [Listener at 127.0.0.1/41743] INFO  ozone.MiniOzoneClusterImpl (MiniOzoneClusterImpl.java:lambda$waitForClusterToBeReady$0(216)) - Waiting for nodes to be ready. Got 5 of 10 DN Heartbeats.
2022-10-14 20:48:19,190 [Listener at 127.0.0.1/41743] INFO  ozone.MiniOzoneClusterImpl (MiniOzoneClusterImpl.java:lambda$waitForClusterToBeReady$0(219)) - Waiting for cluster to exit safe mode
2022-10-14 20:48:19,190 [Listener at 127.0.0.1/41743] INFO  ozone.MiniOzoneClusterImpl (MiniOzoneClusterImpl.java:lambda$waitForClusterToBeReady$0(221)) - SCM became leader
2022-10-14 20:48:19,244 [EndpointStateMachine task thread for /0.0.0.0:35689 - 0 ] INFO  volume.HddsVolume (HddsVolume.java:createDbStore(307)) - SchemaV3 db is created and loaded at /home/runner/work/ozone/ozone/hadoop-ozone/integration-test/target/test-dir/MiniOzoneClusterImpl-1e9d71ba-d753-4201-9665-5e97e6b64b9c/datanode-9/data-0/containers/hdds/1e9d71ba-d753-4201-9665-5e97e6b64b9c/DS-8b954e35-60bb-409a-ba34-033add2e0b78/container.db for volume DS-8b954e35-60bb-409a-ba34-033add2e0b78
2022-10-14 20:48:19,246 [EndpointStateMachine task thread for /0.0.0.0:35689 - 0 ] INFO  volume.HddsVolume (HddsVolume.java:closeDbStore(338)) - SchemaV3 db is stopped at /home/runner/work/ozone/ozone/hadoop-ozone/integration-test/target/test-dir/MiniOzoneClusterImpl-1e9d71ba-d753-4201-9665-5e97e6b64b9c/datanode-9/data-0/containers/hdds/1e9d71ba-d753-4201-9665-5e97e6b64b9c/DS-8b954e35-60bb-409a-ba34-033add2e0b78/container.db for volume DS-8b954e35-60bb-409a-ba34-033add2e0b78
2022-10-14 20:48:19,247 [EndpointStateMachine task thread for /0.0.0.0:35689 - 0 ] INFO  ozoneimpl.OzoneContainer (OzoneContainer.java:start(378)) - Attempting to start container services.
2022-10-14 20:48:19,247 [EndpointStateMachine task thread for /0.0.0.0:35689 - 0 ] INFO  ozoneimpl.OzoneContainer (OzoneContainer.java:startContainerScrub(313)) - Background container scanner has been disabled.
2022-10-14 20:48:19,248 [EndpointStateMachine task thread for /0.0.0.0:35689 - 0 ] INFO  replication.ReplicationServer (ReplicationServer.java:start(111)) - ReplicationServer is started using port 44663
2022-10-14 20:48:19,249 [EndpointStateMachine task thread for /0.0.0.0:35689 - 0 ] INFO  ratis.XceiverServerRatis (XceiverServerRatis.java:start(481)) - Starting XceiverServerRatis 7caf7f47-8d76-4e84-850d-743f4336bef8
2022-10-14 20:48:19,252 [EndpointStateMachine task thread for /0.0.0.0:35689 - 0 ] INFO  server.RaftServer (RaftServerProxy.java:lambda$start$6(382)) - 7caf7f47-8d76-4e84-850d-743f4336bef8: start RPC server
2022-10-14 20:48:19,253 [EndpointStateMachine task thread for /0.0.0.0:35689 - 0 ] INFO  server.GrpcService (GrpcService.java:startImpl(260)) - 7caf7f47-8d76-4e84-850d-743f4336bef8: GrpcService started, listening on 46807
2022-10-14 20:48:19,253 [EndpointStateMachine task thread for /0.0.0.0:35689 - 0 ] INFO  ratis.XceiverServerRatis (XceiverServerRatis.java:getRealPort(502)) - XceiverServerRatis 7caf7f47-8d76-4e84-850d-743f4336bef8 is started using port 46807 for RATIS
2022-10-14 20:48:19,253 [org.apache.ratis.util.JvmPauseMonitor$$Lambda$684/1307560138@1c6f8a0e] INFO  util.JvmPauseMonitor (JvmPauseMonitor.java:run(103)) - JvmPauseMonitor-7caf7f47-8d76-4e84-850d-743f4336bef8: Started
2022-10-14 20:48:19,253 [EndpointStateMachine task thread for /0.0.0.0:35689 - 0 ] INFO  ratis.XceiverServerRatis (XceiverServerRatis.java:getRealPort(502)) - XceiverServerRatis 7caf7f47-8d76-4e84-850d-743f4336bef8 is started using port 46807 for RATIS_ADMIN
2022-10-14 20:48:19,253 [EndpointStateMachine task thread for /0.0.0.0:35689 - 0 ] INFO  ratis.XceiverServerRatis (XceiverServerRatis.java:getRealPort(502)) - XceiverServerRatis 7caf7f47-8d76-4e84-850d-743f4336bef8 is started using port 46807 for RATIS_SERVER
2022-10-14 20:48:19,255 [EndpointStateMachine task thread for /0.0.0.0:35689 - 0 ] INFO  server.XceiverServerGrpc (XceiverServerGrpc.java:start(180)) - XceiverServerGrpc 7caf7f47-8d76-4e84-850d-743f4336bef8 is started using port 44645
2022-10-14 20:48:19,539 [IPC Server handler 6 on default port 35689] INFO  net.NetworkTopologyImpl (NetworkTopologyImpl.java:add(112)) - Added a new node: /default-rack/27609338-e5ea-4e9e-bd63-6729dd2dbc7a
2022-10-14 20:48:19,540 [IPC Server handler 6 on default port 35689] INFO  node.SCMNodeManager (SCMNodeManager.java:register(397)) - Registered Data node : 27609338-e5ea-4e9e-bd63-6729dd2dbc7a{ip: 10.1.0.226, host: fv-az459-990.msq0az1vewme3jsxyslsv0htic.jx.internal.cloudapp.net, ports: [REPLICATION=40113, RATIS=36963, RATIS_ADMIN=36963, RATIS_SERVER=36963, STANDALONE=41637], networkLocation: /default-rack, certSerialId: null, persistedOpState: null, persistedOpStateExpiryEpochSec: 0}
2022-10-14 20:48:19,540 [EventQueue-NewNodeForNewNodeHandler] INFO  pipeline.BackgroundPipelineCreator (BackgroundPipelineCreator.java:notifyEventTriggered(276)) - trigger a one-shot run on RatisPipelineUtilsThread.
2022-10-14 20:48:19,542 [RatisPipelineUtilsThread - 0] INFO  pipeline.RatisPipelineProvider (RatisPipelineProvider.java:lambda$create$0(195)) - Sending CreatePipelineCommand for pipeline:PipelineID=65f46a37-d345-41fb-b658-271805a6e5c0 to datanode:27609338-e5ea-4e9e-bd63-6729dd2dbc7a
2022-10-14 20:48:19,542 [RatisPipelineUtilsThread - 0] INFO  pipeline.PipelineStateManagerImpl (PipelineStateManagerImpl.java:addPipeline(103)) - Created pipeline Pipeline[ Id: 65f46a37-d345-41fb-b658-271805a6e5c0, Nodes: 27609338-e5ea-4e9e-bd63-6729dd2dbc7a{ip: 10.1.0.226, host: fv-az459-990.msq0az1vewme3jsxyslsv0htic.jx.internal.cloudapp.net, ports: [REPLICATION=40113, RATIS=36963, RATIS_ADMIN=36963, RATIS_SERVER=36963, STANDALONE=41637], networkLocation: /default-rack, certSerialId: null, persistedOpState: IN_SERVICE, persistedOpStateExpiryEpochSec: 0}, ReplicationConfig: RATIS/ONE, State:ALLOCATED, leaderId:, CreationTimestamp2022-10-14T20:48:19.541Z[Etc/UTC]].
2022-10-14 20:48:19,543 [RatisPipelineUtilsThread - 0] INFO  pipeline.RatisPipelineProvider (RatisPipelineProvider.java:lambda$create$0(195)) - Sending CreatePipelineCommand for pipeline:PipelineID=96c6ea32-f448-4df3-a1c9-b319158f4de0 to datanode:3c897dd6-f9a8-4587-816d-4b361cef56f3
2022-10-14 20:48:19,543 [RatisPipelineUtilsThread - 0] INFO  pipeline.RatisPipelineProvider (RatisPipelineProvider.java:lambda$create$0(195)) - Sending CreatePipelineCommand for pipeline:PipelineID=96c6ea32-f448-4df3-a1c9-b319158f4de0 to datanode:264ccfc1-7403-435b-81c3-d1dfb4335e59
2022-10-14 20:48:19,543 [RatisPipelineUtilsThread - 0] INFO  pipeline.RatisPipelineProvider (RatisPipelineProvider.java:lambda$create$0(195)) - Sending CreatePipelineCommand for pipeline:PipelineID=96c6ea32-f448-4df3-a1c9-b319158f4de0 to datanode:27609338-e5ea-4e9e-bd63-6729dd2dbc7a
2022-10-14 20:48:19,544 [RatisPipelineUtilsThread - 0] INFO  pipeline.PipelineStateManagerImpl (PipelineStateManagerImpl.java:addPipeline(103)) - Created pipeline Pipeline[ Id: 96c6ea32-f448-4df3-a1c9-b319158f4de0, Nodes: 3c897dd6-f9a8-4587-816d-4b361cef56f3{ip: 10.1.0.226, host: fv-az459-990.msq0az1vewme3jsxyslsv0htic.jx.internal.cloudapp.net, ports: [REPLICATION=34751, RATIS=39577, RATIS_ADMIN=39577, RATIS_SERVER=39577, STANDALONE=41121], networkLocation: /default-rack, certSerialId: null, persistedOpState: IN_SERVICE, persistedOpStateExpiryEpochSec: 0}264ccfc1-7403-435b-81c3-d1dfb4335e59{ip: 10.1.0.226, host: fv-az459-990.msq0az1vewme3jsxyslsv0htic.jx.internal.cloudapp.net, ports: [REPLICATION=35535, RATIS=44593, RATIS_ADMIN=44593, RATIS_SERVER=44593, STANDALONE=33275], networkLocation: /default-rack, certSerialId: null, persistedOpState: IN_SERVICE, persistedOpStateExpiryEpochSec: 0}27609338-e5ea-4e9e-bd63-6729dd2dbc7a{ip: 10.1.0.226, host: fv-az459-990.msq0az1vewme3jsxyslsv0htic.jx.internal.cloudapp.net, ports: [REPLICATION=40113, RATIS=36963, RATIS_ADMIN=36963, RATIS_SERVER=36963, STANDALONE=41637], networkLocation: /default-rack, certSerialId: null, persistedOpState: IN_SERVICE, persistedOpStateExpiryEpochSec: 0}, ReplicationConfig: RATIS/THREE, State:ALLOCATED, leaderId:, CreationTimestamp2022-10-14T20:48:19.543Z[Etc/UTC]].
2022-10-14 20:48:19,545 [RatisPipelineUtilsThread - 0] INFO  pipeline.RatisPipelineProvider (RatisPipelineProvider.java:lambda$create$0(195)) - Sending CreatePipelineCommand for pipeline:PipelineID=42d921a0-7ac0-4d91-8f02-d51d6a44a918 to datanode:264ccfc1-7403-435b-81c3-d1dfb4335e59
2022-10-14 20:48:19,545 [RatisPipelineUtilsThread - 0] INFO  pipeline.RatisPipelineProvider (RatisPipelineProvider.java:lambda$create$0(195)) - Sending CreatePipelineCommand for pipeline:PipelineID=42d921a0-7ac0-4d91-8f02-d51d6a44a918 to datanode:3c897dd6-f9a8-4587-816d-4b361cef56f3
2022-10-14 20:48:19,545 [RatisPipelineUtilsThread - 0] INFO  pipeline.RatisPipelineProvider (RatisPipelineProvider.java:lambda$create$0(195)) - Sending CreatePipelineCommand for pipeline:PipelineID=42d921a0-7ac0-4d91-8f02-d51d6a44a918 to datanode:27609338-e5ea-4e9e-bd63-6729dd2dbc7a
2022-10-14 20:48:19,546 [RatisPipelineUtilsThread - 0] INFO  pipeline.PipelineStateManagerImpl (PipelineStateManagerImpl.java:addPipeline(103)) - Created pipeline Pipeline[ Id: 42d921a0-7ac0-4d91-8f02-d51d6a44a918, Nodes: 264ccfc1-7403-435b-81c3-d1dfb4335e59{ip: 10.1.0.226, host: fv-az459-990.msq0az1vewme3jsxyslsv0htic.jx.internal.cloudapp.net, ports: [REPLICATION=35535, RATIS=44593, RATIS_ADMIN=44593, RATIS_SERVER=44593, STANDALONE=33275], networkLocation: /default-rack, certSerialId: null, persistedOpState: IN_SERVICE, persistedOpStateExpiryEpochSec: 0}3c897dd6-f9a8-4587-816d-4b361cef56f3{ip: 10.1.0.226, host: fv-az459-990.msq0az1vewme3jsxyslsv0htic.jx.internal.cloudapp.net, ports: [REPLICATION=34751, RATIS=39577, RATIS_ADMIN=39577, RATIS_SERVER=39577, STANDALONE=41121], networkLocation: /default-rack, certSerialId: null, persistedOpState: IN_SERVICE, persistedOpStateExpiryEpochSec: 0}27609338-e5ea-4e9e-bd63-6729dd2dbc7a{ip: 10.1.0.226, host: fv-az459-990.msq0az1vewme3jsxyslsv0htic.jx.internal.cloudapp.net, ports: [REPLICATION=40113, RATIS=36963, RATIS_ADMIN=36963, RATIS_SERVER=36963, STANDALONE=41637], networkLocation: /default-rack, certSerialId: null, persistedOpState: IN_SERVICE, persistedOpStateExpiryEpochSec: 0}, ReplicationConfig: RATIS/THREE, State:ALLOCATED, leaderId:, CreationTimestamp2022-10-14T20:48:19.545Z[Etc/UTC]].
2022-10-14 20:48:19,546 [RatisPipelineUtilsThread - 0] INFO  pipeline.PipelineManagerImpl (PipelineManagerImpl.java:recordMetricsForPipeline(796)) - Pipeline: PipelineID=42d921a0-7ac0-4d91-8f02-d51d6a44a918 contains same datanodes as previous pipelines: PipelineID=96c6ea32-f448-4df3-a1c9-b319158f4de0 nodeIds: 264ccfc1-7403-435b-81c3-d1dfb4335e59, 3c897dd6-f9a8-4587-816d-4b361cef56f3, 27609338-e5ea-4e9e-bd63-6729dd2dbc7a
2022-10-14 20:48:19,953 [IPC Server handler 8 on default port 35689] INFO  net.NetworkTopologyImpl (NetworkTopologyImpl.java:add(112)) - Added a new node: /default-rack/16777052-74aa-4e90-8314-2bee1f1d951b
2022-10-14 20:48:19,954 [IPC Server handler 8 on default port 35689] INFO  node.SCMNodeManager (SCMNodeManager.java:register(397)) - Registered Data node : 16777052-74aa-4e90-8314-2bee1f1d951b{ip: 10.1.0.226, host: fv-az459-990.msq0az1vewme3jsxyslsv0htic.jx.internal.cloudapp.net, ports: [REPLICATION=45667, RATIS=46003, RATIS_ADMIN=46003, RATIS_SERVER=46003, STANDALONE=45747], networkLocation: /default-rack, certSerialId: null, persistedOpState: null, persistedOpStateExpiryEpochSec: 0}
2022-10-14 20:48:19,955 [EventQueue-NewNodeForNewNodeHandler] INFO  pipeline.BackgroundPipelineCreator (BackgroundPipelineCreator.java:notifyEventTriggered(276)) - trigger a one-shot run on RatisPipelineUtilsThread.
2022-10-14 20:48:19,955 [RatisPipelineUtilsThread - 0] INFO  pipeline.RatisPipelineProvider (RatisPipelineProvider.java:lambda$create$0(195)) - Sending CreatePipelineCommand for pipeline:PipelineID=e1f01a72-2bb0-4042-ae92-4005de48a76a to datanode:16777052-74aa-4e90-8314-2bee1f1d951b
2022-10-14 20:48:19,956 [RatisPipelineUtilsThread - 0] INFO  pipeline.PipelineStateManagerImpl (PipelineStateManagerImpl.java:addPipeline(103)) - Created pipeline Pipeline[ Id: e1f01a72-2bb0-4042-ae92-4005de48a76a, Nodes: 16777052-74aa-4e90-8314-2bee1f1d951b{ip: 10.1.0.226, host: fv-az459-990.msq0az1vewme3jsxyslsv0htic.jx.internal.cloudapp.net, ports: [REPLICATION=45667, RATIS=46003, RATIS_ADMIN=46003, RATIS_SERVER=46003, STANDALONE=45747], networkLocation: /default-rack, certSerialId: null, persistedOpState: IN_SERVICE, persistedOpStateExpiryEpochSec: 0}, ReplicationConfig: RATIS/ONE, State:ALLOCATED, leaderId:, CreationTimestamp2022-10-14T20:48:19.955Z[Etc/UTC]].
2022-10-14 20:48:20,190 [Listener at 127.0.0.1/41743] INFO  ozone.MiniOzoneClusterImpl (MiniOzoneClusterImpl.java:lambda$waitForClusterToBeReady$0(216)) - Waiting for nodes to be ready. Got 7 of 10 DN Heartbeats.
2022-10-14 20:48:20,190 [Listener at 127.0.0.1/41743] INFO  ozone.MiniOzoneClusterImpl (MiniOzoneClusterImpl.java:lambda$waitForClusterToBeReady$0(219)) - Waiting for cluster to exit safe mode
2022-10-14 20:48:20,191 [Listener at 127.0.0.1/41743] INFO  ozone.MiniOzoneClusterImpl (MiniOzoneClusterImpl.java:lambda$waitForClusterToBeReady$0(221)) - SCM became leader
2022-10-14 20:48:20,368 [Command processor thread] INFO  server.RaftServer (RaftServerProxy.java:addNew(96)) - e247b98c-9a86-486e-b3b1-fa195c9418a4: addNew group-DE1B8656D588:[e247b98c-9a86-486e-b3b1-fa195c9418a4|rpc:10.1.0.226:46677|priority:1] returns group-DE1B8656D588:java.util.concurrent.CompletableFuture@5fe5ef11[Not completed]
2022-10-14 20:48:20,376 [IPC Server handler 6 on default port 35689] INFO  net.NetworkTopologyImpl (NetworkTopologyImpl.java:add(112)) - Added a new node: /default-rack/a9bc3d00-95be-4d99-8dcc-adc6824489fa
2022-10-14 20:48:20,377 [IPC Server handler 6 on default port 35689] INFO  node.SCMNodeManager (SCMNodeManager.java:register(397)) - Registered Data node : a9bc3d00-95be-4d99-8dcc-adc6824489fa{ip: 10.1.0.226, host: fv-az459-990.msq0az1vewme3jsxyslsv0htic.jx.internal.cloudapp.net, ports: [REPLICATION=38691, RATIS=41433, RATIS_ADMIN=41433, RATIS_SERVER=41433, STANDALONE=39903], networkLocation: /default-rack, certSerialId: null, persistedOpState: null, persistedOpStateExpiryEpochSec: 0}
2022-10-14 20:48:20,377 [EventQueue-NewNodeForNewNodeHandler] INFO  pipeline.BackgroundPipelineCreator (BackgroundPipelineCreator.java:notifyEventTriggered(276)) - trigger a one-shot run on RatisPipelineUtilsThread.
2022-10-14 20:48:20,378 [RatisPipelineUtilsThread - 0] INFO  pipeline.RatisPipelineProvider (RatisPipelineProvider.java:lambda$create$0(195)) - Sending CreatePipelineCommand for pipeline:PipelineID=ba104055-b9d1-4973-be08-2538328d853e to datanode:a9bc3d00-95be-4d99-8dcc-adc6824489fa
2022-10-14 20:48:20,378 [RatisPipelineUtilsThread - 0] INFO  pipeline.PipelineStateManagerImpl (PipelineStateManagerImpl.java:addPipeline(103)) - Created pipeline Pipeline[ Id: ba104055-b9d1-4973-be08-2538328d853e, Nodes: a9bc3d00-95be-4d99-8dcc-adc6824489fa{ip: 10.1.0.226, host: fv-az459-990.msq0az1vewme3jsxyslsv0htic.jx.internal.cloudapp.net, ports: [REPLICATION=38691, RATIS=41433, RATIS_ADMIN=41433, RATIS_SERVER=41433, STANDALONE=39903], networkLocation: /default-rack, certSerialId: null, persistedOpState: IN_SERVICE, persistedOpStateExpiryEpochSec: 0}, ReplicationConfig: RATIS/ONE, State:ALLOCATED, leaderId:, CreationTimestamp2022-10-14T20:48:20.377Z[Etc/UTC]].
2022-10-14 20:48:20,397 [pool-72-thread-1] INFO  server.RaftServer$Division (RaftServerImpl.java:<init>(190)) - e247b98c-9a86-486e-b3b1-fa195c9418a4: new RaftServerImpl for group-DE1B8656D588:[e247b98c-9a86-486e-b3b1-fa195c9418a4|rpc:10.1.0.226:46677|priority:1] with ContainerStateMachine:uninitialized
2022-10-14 20:48:20,397 [pool-72-thread-1] INFO  server.RaftServerConfigKeys (ConfUtils.java:logGet(46)) - raft.server.rpc.timeout.min = 5s (custom)
2022-10-14 20:48:20,397 [pool-72-thread-1] INFO  server.RaftServerConfigKeys (ConfUtils.java:logGet(46)) - raft.server.rpc.timeout.max = 5200ms (custom)
2022-10-14 20:48:20,397 [pool-72-thread-1] INFO  server.RaftServerConfigKeys (ConfUtils.java:logGet(46)) - raft.server.rpc.sleep.time = 25ms (default)
2022-10-14 20:48:20,397 [pool-72-thread-1] INFO  server.RaftServerConfigKeys (ConfUtils.java:logGet(46)) - raft.server.rpc.slowness.timeout = 300s (custom)
2022-10-14 20:48:20,397 [pool-72-thread-1] INFO  server.RaftServerConfigKeys (ConfUtils.java:logGet(46)) - raft.server.leaderelection.leader.step-down.wait-time = 10s (default)
2022-10-14 20:48:20,397 [pool-72-thread-1] INFO  server.RaftServerConfigKeys (ConfUtils.java:logGet(46)) - raft.server.sleep.deviation.threshold = 300ms (default)
2022-10-14 20:48:20,397 [pool-72-thread-1] INFO  server.RaftServer$Division (ServerState.java:<init>(107)) - e247b98c-9a86-486e-b3b1-fa195c9418a4@group-DE1B8656D588: ConfigurationManager, init=-1: [e247b98c-9a86-486e-b3b1-fa195c9418a4|rpc:10.1.0.226:46677|priority:1], old=null, confs=<EMPTY_MAP>
2022-10-14 20:48:20,397 [pool-72-thread-1] INFO  server.RaftServerConfigKeys (ConfUtils.java:logGet(46)) - raft.server.storage.dir = [/home/runner/work/ozone/ozone/hadoop-ozone/integration-test/target/test-dir/MiniOzoneClusterImpl-1e9d71ba-d753-4201-9665-5e97e6b64b9c/datanode-0/data/ratis] (custom)
2022-10-14 20:48:20,398 [pool-72-thread-1] INFO  server.RaftServerConfigKeys (ConfUtils.java:logGet(46)) - raft.server.log.corruption.policy = EXCEPTION (default)
2022-10-14 20:48:20,398 [pool-72-thread-1] INFO  server.RaftServerConfigKeys (ConfUtils.java:logGet(46)) - raft.server.storage.free-space.min = 0MB (=0) (default)
2022-10-14 20:48:20,398 [pool-72-thread-1] INFO  storage.RaftStorageDirectory (RaftStorageDirectoryImpl.java:analyzeStorage(135)) - The storage directory /home/runner/work/ozone/ozone/hadoop-ozone/integration-test/target/test-dir/MiniOzoneClusterImpl-1e9d71ba-d753-4201-9665-5e97e6b64b9c/datanode-0/data/ratis/1277df31-a3ec-4141-a6f9-de1b8656d588 does not exist. Creating ...
2022-10-14 20:48:20,400 [pool-72-thread-1] INFO  storage.RaftStorageDirectory (RaftStorageDirectoryImpl.java:tryLock(230)) - Lock on /home/runner/work/ozone/ozone/hadoop-ozone/integration-test/target/test-dir/MiniOzoneClusterImpl-1e9d71ba-d753-4201-9665-5e97e6b64b9c/datanode-0/data/ratis/1277df31-a3ec-4141-a6f9-de1b8656d588/in_use.lock acquired by nodename 88544@fv-az459-990
2022-10-14 20:48:20,401 [pool-72-thread-1] INFO  storage.RaftStorage (RaftStorageImpl.java:format(89)) - Storage directory /home/runner/work/ozone/ozone/hadoop-ozone/integration-test/target/test-dir/MiniOzoneClusterImpl-1e9d71ba-d753-4201-9665-5e97e6b64b9c/datanode-0/data/ratis/1277df31-a3ec-4141-a6f9-de1b8656d588 has been successfully formatted.
2022-10-14 20:48:20,405 [pool-72-thread-1] INFO  ratis.ContainerStateMachine (ContainerStateMachine.java:loadSnapshot(236)) - group-DE1B8656D588: The snapshot info is null. Setting the last applied indexto:(t:0, i:~)
2022-10-14 20:48:20,406 [pool-72-thread-1] INFO  server.RaftServerConfigKeys (ConfUtils.java:logGet(46)) - raft.server.notification.no-leader.timeout = 300s (custom)
2022-10-14 20:48:20,406 [pool-72-thread-1] INFO  server.RaftServerConfigKeys (ConfUtils.java:logGet(46)) - raft.server.log.use.memory = false (default)
2022-10-14 20:48:20,406 [pool-72-thread-1] INFO  server.RaftServerConfigKeys (ConfUtils.java:logGet(46)) - raft.server.log.purge.gap = 1000000 (custom)
2022-10-14 20:48:20,406 [pool-72-thread-1] INFO  server.RaftServerConfigKeys (ConfUtils.java:logGet(46)) - raft.server.log.appender.buffer.byte-limit = 33554432 (custom)
2022-10-14 20:48:20,406 [pool-72-thread-1] INFO  server.RaftServerConfigKeys (ConfUtils.java:logGet(46)) - raft.server.log.statemachine.data.read.timeout = 1000ms (default)
2022-10-14 20:48:20,406 [pool-72-thread-1] INFO  server.RaftServerConfigKeys (ConfUtils.java:logGet(46)) - raft.server.log.segment.size.max = 1048576 (custom)
2022-10-14 20:48:20,408 [EventQueue-PipelineReportForPipelineReportHandler] INFO  pipeline.PipelineManagerImpl (PipelineManagerImpl.java:openPipeline(367)) - Pipeline Pipeline[ Id: 1277df31-a3ec-4141-a6f9-de1b8656d588, Nodes: e247b98c-9a86-486e-b3b1-fa195c9418a4{ip: 10.1.0.226, host: fv-az459-990.msq0az1vewme3jsxyslsv0htic.jx.internal.cloudapp.net, ports: [REPLICATION=36665, RATIS=46677, RATIS_ADMIN=46677, RATIS_SERVER=46677, STANDALONE=36511], networkLocation: /default-rack, certSerialId: null, persistedOpState: IN_SERVICE, persistedOpStateExpiryEpochSec: 0}, ReplicationConfig: RATIS/ONE, State:ALLOCATED, leaderId:e247b98c-9a86-486e-b3b1-fa195c9418a4, CreationTimestamp2022-10-14T20:48:17.386Z[Etc/UTC]] moved to OPEN state
2022-10-14 20:48:20,417 [EventQueue-OpenPipelineForHealthyPipelineSafeModeRule] INFO  safemode.SCMSafeModeManager (HealthyPipelineSafeModeRule.java:process(137)) - SCM in safe mode. Healthy pipelines reported count is 0, required healthy pipeline reported count is 1
2022-10-14 20:48:20,417 [pool-72-thread-1] INFO  server.RaftServerConfigKeys (ConfUtils.java:logGet(46)) - raft.server.log.segment.cache.num.max = 2 (custom)
2022-10-14 20:48:20,418 [pool-72-thread-1] INFO  server.RaftServerConfigKeys (ConfUtils.java:logGet(46)) - raft.server.log.segment.cache.size.max = 200MB (=209715200) (default)
2022-10-14 20:48:20,418 [pool-72-thread-1] INFO  segmented.SegmentedRaftLogWorker (SegmentedRaftLogWorker.java:<init>(187)) - new e247b98c-9a86-486e-b3b1-fa195c9418a4@group-DE1B8656D588-SegmentedRaftLogWorker for RaftStorageImpl:Storage Directory /home/runner/work/ozone/ozone/hadoop-ozone/integration-test/target/test-dir/MiniOzoneClusterImpl-1e9d71ba-d753-4201-9665-5e97e6b64b9c/datanode-0/data/ratis/1277df31-a3ec-4141-a6f9-de1b8656d588
2022-10-14 20:48:20,418 [pool-72-thread-1] INFO  server.RaftServerConfigKeys (ConfUtils.java:logGet(46)) - raft.server.log.queue.byte-limit = 4294967296 (custom)
2022-10-14 20:48:20,418 [pool-72-thread-1] INFO  server.RaftServerConfigKeys (ConfUtils.java:logGet(46)) - raft.server.log.queue.element-limit = 1024 (custom)
2022-10-14 20:48:20,418 [pool-72-thread-1] INFO  server.RaftServerConfigKeys (ConfUtils.java:logGet(46)) - raft.server.log.segment.size.max = 1048576 (custom)
2022-10-14 20:48:20,418 [pool-72-thread-1] INFO  server.RaftServerConfigKeys (ConfUtils.java:logGet(46)) - raft.server.log.preallocated.size = 16384 (custom)
2022-10-14 20:48:20,418 [pool-72-thread-1] INFO  server.RaftServerConfigKeys (ConfUtils.java:logGet(46)) - raft.server.log.force.sync.num = 128 (default)
2022-10-14 20:48:20,418 [pool-72-thread-1] INFO  server.RaftServerConfigKeys (ConfUtils.java:logGet(46)) - raft.server.log.statemachine.data.sync = true (default)
2022-10-14 20:48:20,418 [pool-72-thread-1] INFO  server.RaftServerConfigKeys (ConfUtils.java:logGet(46)) - raft.server.log.statemachine.data.sync.timeout = 10s (default)
2022-10-14 20:48:20,418 [pool-72-thread-1] INFO  server.RaftServerConfigKeys (ConfUtils.java:logGet(46)) - raft.server.log.statemachine.data.sync.timeout.retry = -1 (default)
2022-10-14 20:48:20,421 [pool-72-thread-1] INFO  server.RaftServerConfigKeys (ConfUtils.java:logGet(46)) - raft.server.log.write.buffer.size = 1048576 (custom)
2022-10-14 20:48:20,422 [pool-72-thread-1] INFO  server.RaftServerConfigKeys (ConfUtils.java:logGet(46)) - raft.server.log.unsafe-flush.enabled = false (default)
2022-10-14 20:48:20,422 [pool-72-thread-1] INFO  server.RaftServerConfigKeys (ConfUtils.java:logGet(46)) - raft.server.log.statemachine.data.caching.enabled = true (custom)
2022-10-14 20:48:20,422 [pool-72-thread-1] INFO  segmented.SegmentedRaftLogWorker (SegmentedRaftLogWorker.java:lambda$new$0(135)) - e247b98c-9a86-486e-b3b1-fa195c9418a4@group-DE1B8656D588-SegmentedRaftLogWorker: flushIndex: setUnconditionally 0 -> -1
2022-10-14 20:48:20,422 [pool-72-thread-1] INFO  segmented.SegmentedRaftLogWorker (SegmentedRaftLogWorker.java:lambda$new$0(135)) - e247b98c-9a86-486e-b3b1-fa195c9418a4@group-DE1B8656D588-SegmentedRaftLogWorker: safeCacheEvictIndex: setUnconditionally 0 -> -1
2022-10-14 20:48:20,425 [pool-72-thread-1] INFO  server.RaftServerConfigKeys (ConfUtils.java:logGet(46)) - raft.server.snapshot.auto.trigger.enabled = true (custom)
2022-10-14 20:48:20,425 [pool-72-thread-1] INFO  server.RaftServerConfigKeys (ConfUtils.java:logGet(46)) - raft.server.snapshot.auto.trigger.threshold = 10000 (custom)
2022-10-14 20:48:20,425 [pool-72-thread-1] INFO  server.RaftServerConfigKeys (ConfUtils.java:logGet(46)) - raft.server.snapshot.retention.file.num = 5 (custom)
2022-10-14 20:48:20,425 [pool-72-thread-1] INFO  server.RaftServerConfigKeys (ConfUtils.java:logGet(46)) - raft.server.log.purge.upto.snapshot.index = false (default)
2022-10-14 20:48:20,425 [pool-72-thread-1] INFO  server.RaftServerConfigKeys (ConfUtils.java:logGet(46)) - raft.server.retrycache.expirytime = 600000ms (custom)
2022-10-14 20:48:20,425 [pool-72-thread-1] INFO  server.RaftServerConfigKeys (ConfUtils.java:logGet(46)) - raft.server.retrycache.statistics.expirytime = 100μs (default)
2022-10-14 20:48:20,429 [pool-72-thread-1] INFO  server.RaftServerConfigKeys (ConfUtils.java:logGet(46)) - raft.server.log.appender.install.snapshot.enabled = false (custom)
2022-10-14 20:48:20,429 [pool-72-thread-1] INFO  server.RaftServerConfigKeys (ConfUtils.java:logGet(46)) - raft.server.threadpool.server.cached = true (default)
2022-10-14 20:48:20,429 [pool-72-thread-1] INFO  server.RaftServerConfigKeys (ConfUtils.java:logGet(46)) - raft.server.threadpool.server.size = 0 (default)
2022-10-14 20:48:20,429 [pool-72-thread-1] INFO  server.RaftServerConfigKeys (ConfUtils.java:logGet(46)) - raft.server.threadpool.client.cached = true (default)
2022-10-14 20:48:20,429 [pool-72-thread-1] INFO  server.RaftServerConfigKeys (ConfUtils.java:logGet(46)) - raft.server.threadpool.client.size = 0 (default)
2022-10-14 20:48:20,429 [pool-72-thread-1] INFO  server.RaftServer$Division (RaftServerImpl.java:start(310)) - e247b98c-9a86-486e-b3b1-fa195c9418a4@group-DE1B8656D588: start as a follower, conf=-1: [e247b98c-9a86-486e-b3b1-fa195c9418a4|rpc:10.1.0.226:46677|priority:1], old=null
2022-10-14 20:48:20,429 [pool-72-thread-1] INFO  server.RaftServer$Division (RaftServerImpl.java:setRole(299)) - e247b98c-9a86-486e-b3b1-fa195c9418a4@group-DE1B8656D588: changes role from      null to FOLLOWER at term 0 for startAsFollower
2022-10-14 20:48:20,429 [pool-72-thread-1] INFO  impl.RoleInfo (RoleInfo.java:updateAndGet(139)) - e247b98c-9a86-486e-b3b1-fa195c9418a4: start e247b98c-9a86-486e-b3b1-fa195c9418a4@group-DE1B8656D588-FollowerState
2022-10-14 20:48:20,431 [pool-72-thread-1] INFO  util.JmxRegister (JmxRegister.java:tryRegister(44)) - Successfully registered JMX Bean with object name Ratis:service=RaftServer,group=group-DE1B8656D588,id=e247b98c-9a86-486e-b3b1-fa195c9418a4
2022-10-14 20:48:20,450 [Command processor thread] INFO  ratis.XceiverServerRatis (XceiverServerRatis.java:addGroup(765)) - Created group PipelineID=1277df31-a3ec-4141-a6f9-de1b8656d588
2022-10-14 20:48:20,451 [Command processor thread] INFO  commandhandler.CreatePipelineCommandHandler (CreatePipelineCommandHandler.java:handle(113)) - Created Pipeline RATIS ONE PipelineID=1277df31-a3ec-4141-a6f9-de1b8656d588.
2022-10-14 20:48:20,451 [Command processor thread] INFO  server.RaftServer (RaftServerProxy.java:addNew(96)) - e247b98c-9a86-486e-b3b1-fa195c9418a4: addNew group-E555343BB60F:[e247b98c-9a86-486e-b3b1-fa195c9418a4|rpc:10.1.0.226:46677|priority:0, 8b5383b3-e7bf-4722-baeb-dd5c06b347e3|rpc:10.1.0.226:34173|priority:0, b5e52be0-4491-4e69-96e1-10d94051f40c|rpc:10.1.0.226:37041|priority:1] returns group-E555343BB60F:java.util.concurrent.CompletableFuture@7b5121bd[Not completed]
2022-10-14 20:48:20,452 [pool-72-thread-1] INFO  server.RaftServer$Division (RaftServerImpl.java:<init>(190)) - e247b98c-9a86-486e-b3b1-fa195c9418a4: new RaftServerImpl for group-E555343BB60F:[e247b98c-9a86-486e-b3b1-fa195c9418a4|rpc:10.1.0.226:46677|priority:0, 8b5383b3-e7bf-4722-baeb-dd5c06b347e3|rpc:10.1.0.226:34173|priority:0, b5e52be0-4491-4e69-96e1-10d94051f40c|rpc:10.1.0.226:37041|priority:1] with ContainerStateMachine:uninitialized
2022-10-14 20:48:20,452 [pool-72-thread-1] INFO  server.RaftServerConfigKeys (ConfUtils.java:logGet(46)) - raft.server.rpc.timeout.min = 5s (custom)
2022-10-14 20:48:20,453 [pool-72-thread-1] INFO  server.RaftServerConfigKeys (ConfUtils.java:logGet(46)) - raft.server.rpc.timeout.max = 5200ms (custom)
2022-10-14 20:48:20,453 [pool-72-thread-1] INFO  server.RaftServerConfigKeys (ConfUtils.java:logGet(46)) - raft.server.rpc.sleep.time = 25ms (default)
2022-10-14 20:48:20,453 [pool-72-thread-1] INFO  server.RaftServerConfigKeys (ConfUtils.java:logGet(46)) - raft.server.rpc.slowness.timeout = 300s (custom)
2022-10-14 20:48:20,453 [pool-72-thread-1] INFO  server.RaftServerConfigKeys (ConfUtils.java:logGet(46)) - raft.server.leaderelection.leader.step-down.wait-time = 10s (default)
2022-10-14 20:48:20,453 [pool-72-thread-1] INFO  server.RaftServerConfigKeys (ConfUtils.java:logGet(46)) - raft.server.sleep.deviation.threshold = 300ms (default)
2022-10-14 20:48:20,453 [pool-72-thread-1] INFO  server.RaftServer$Division (ServerState.java:<init>(107)) - e247b98c-9a86-486e-b3b1-fa195c9418a4@group-E555343BB60F: ConfigurationManager, init=-1: [e247b98c-9a86-486e-b3b1-fa195c9418a4|rpc:10.1.0.226:46677|priority:0, 8b5383b3-e7bf-4722-baeb-dd5c06b347e3|rpc:10.1.0.226:34173|priority:0, b5e52be0-4491-4e69-96e1-10d94051f40c|rpc:10.1.0.226:37041|priority:1], old=null, confs=<EMPTY_MAP>
2022-10-14 20:48:20,453 [pool-72-thread-1] INFO  server.RaftServerConfigKeys (ConfUtils.java:logGet(46)) - raft.server.storage.dir = [/home/runner/work/ozone/ozone/hadoop-ozone/integration-test/target/test-dir/MiniOzoneClusterImpl-1e9d71ba-d753-4201-9665-5e97e6b64b9c/datanode-0/data/ratis] (custom)
2022-10-14 20:48:20,453 [pool-72-thread-1] INFO  server.RaftServerConfigKeys (ConfUtils.java:logGet(46)) - raft.server.log.corruption.policy = EXCEPTION (default)
2022-10-14 20:48:20,453 [pool-72-thread-1] INFO  server.RaftServerConfigKeys (ConfUtils.java:logGet(46)) - raft.server.storage.free-space.min = 0MB (=0) (default)
2022-10-14 20:48:20,453 [pool-72-thread-1] INFO  storage.RaftStorageDirectory (RaftStorageDirectoryImpl.java:analyzeStorage(135)) - The storage directory /home/runner/work/ozone/ozone/hadoop-ozone/integration-test/target/test-dir/MiniOzoneClusterImpl-1e9d71ba-d753-4201-9665-5e97e6b64b9c/datanode-0/data/ratis/dcfe6e57-69b8-4d5b-b14f-e555343bb60f does not exist. Creating ...
2022-10-14 20:48:20,455 [pool-72-thread-1] INFO  storage.RaftStorageDirectory (RaftStorageDirectoryImpl.java:tryLock(230)) - Lock on /home/runner/work/ozone/ozone/hadoop-ozone/integration-test/target/test-dir/MiniOzoneClusterImpl-1e9d71ba-d753-4201-9665-5e97e6b64b9c/datanode-0/data/ratis/dcfe6e57-69b8-4d5b-b14f-e555343bb60f/in_use.lock acquired by nodename 88544@fv-az459-990
2022-10-14 20:48:20,456 [pool-72-thread-1] INFO  storage.RaftStorage (RaftStorageImpl.java:format(89)) - Storage directory /home/runner/work/ozone/ozone/hadoop-ozone/integration-test/target/test-dir/MiniOzoneClusterImpl-1e9d71ba-d753-4201-9665-5e97e6b64b9c/datanode-0/data/ratis/dcfe6e57-69b8-4d5b-b14f-e555343bb60f has been successfully formatted.
2022-10-14 20:48:20,457 [pool-72-thread-1] INFO  ratis.ContainerStateMachine (ContainerStateMachine.java:loadSnapshot(236)) - group-E555343BB60F: The snapshot info is null. Setting the last applied indexto:(t:0, i:~)
2022-10-14 20:48:20,457 [pool-72-thread-1] INFO  server.RaftServerConfigKeys (ConfUtils.java:logGet(46)) - raft.server.notification.no-leader.timeout = 300s (custom)
2022-10-14 20:48:20,457 [pool-72-thread-1] INFO  server.RaftServerConfigKeys (ConfUtils.java:logGet(46)) - raft.server.log.use.memory = false (default)
2022-10-14 20:48:20,457 [pool-72-thread-1] INFO  server.RaftServerConfigKeys (ConfUtils.java:logGet(46)) - raft.server.log.purge.gap = 1000000 (custom)
2022-10-14 20:48:20,457 [pool-72-thread-1] INFO  server.RaftServerConfigKeys (ConfUtils.java:logGet(46)) - raft.server.log.appender.buffer.byte-limit = 33554432 (custom)
2022-10-14 20:48:20,457 [pool-72-thread-1] INFO  server.RaftServerConfigKeys (ConfUtils.java:logGet(46)) - raft.server.log.statemachine.data.read.timeout = 1000ms (default)
2022-10-14 20:48:20,460 [EventQueue-OpenPipelineForHealthyPipelineSafeModeRule] INFO  safemode.SCMSafeModeManager (HealthyPipelineSafeModeRule.java:process(137)) - SCM in safe mode. Healthy pipelines reported count is 0, required healthy pipeline reported count is 1
2022-10-14 20:48:20,460 [pool-72-thread-1] INFO  server.RaftServerConfigKeys (ConfUtils.java:logGet(46)) - raft.server.log.segment.size.max = 1048576 (custom)
2022-10-14 20:48:20,461 [pool-72-thread-1] INFO  server.RaftServerConfigKeys (ConfUtils.java:logGet(46)) - raft.server.log.segment.cache.num.max = 2 (custom)
2022-10-14 20:48:20,461 [pool-72-thread-1] INFO  server.RaftServerConfigKeys (ConfUtils.java:logGet(46)) - raft.server.log.segment.cache.size.max = 200MB (=209715200) (default)
2022-10-14 20:48:20,462 [pool-72-thread-1] INFO  segmented.SegmentedRaftLogWorker (SegmentedRaftLogWorker.java:<init>(187)) - new e247b98c-9a86-486e-b3b1-fa195c9418a4@group-E555343BB60F-SegmentedRaftLogWorker for RaftStorageImpl:Storage Directory /home/runner/work/ozone/ozone/hadoop-ozone/integration-test/target/test-dir/MiniOzoneClusterImpl-1e9d71ba-d753-4201-9665-5e97e6b64b9c/datanode-0/data/ratis/dcfe6e57-69b8-4d5b-b14f-e555343bb60f
2022-10-14 20:48:20,462 [pool-72-thread-1] INFO  server.RaftServerConfigKeys (ConfUtils.java:logGet(46)) - raft.server.log.queue.byte-limit = 4294967296 (custom)
2022-10-14 20:48:20,462 [pool-72-thread-1] INFO  server.RaftServerConfigKeys (ConfUtils.java:logGet(46)) - raft.server.log.queue.element-limit = 1024 (custom)
2022-10-14 20:48:20,462 [pool-72-thread-1] INFO  server.RaftServerConfigKeys (ConfUtils.java:logGet(46)) - raft.server.log.segment.size.max = 1048576 (custom)
2022-10-14 20:48:20,462 [pool-72-thread-1] INFO  server.RaftServerConfigKeys (ConfUtils.java:logGet(46)) - raft.server.log.preallocated.size = 16384 (custom)
2022-10-14 20:48:20,462 [pool-72-thread-1] INFO  server.RaftServerConfigKeys (ConfUtils.java:logGet(46)) - raft.server.log.force.sync.num = 128 (default)
2022-10-14 20:48:20,462 [pool-72-thread-1] INFO  server.RaftServerConfigKeys (ConfUtils.java:logGet(46)) - raft.server.log.statemachine.data.sync = true (default)
2022-10-14 20:48:20,462 [pool-72-thread-1] INFO  server.RaftServerConfigKeys (ConfUtils.java:logGet(46)) - raft.server.log.statemachine.data.sync.timeout = 10s (default)
2022-10-14 20:48:20,463 [pool-72-thread-1] INFO  server.RaftServerConfigKeys (ConfUtils.java:logGet(46)) - raft.server.log.statemachine.data.sync.timeout.retry = -1 (default)
2022-10-14 20:48:20,465 [pool-72-thread-1] INFO  server.RaftServerConfigKeys (ConfUtils.java:logGet(46)) - raft.server.log.write.buffer.size = 1048576 (custom)
2022-10-14 20:48:20,465 [pool-72-thread-1] INFO  server.RaftServerConfigKeys (ConfUtils.java:logGet(46)) - raft.server.log.unsafe-flush.enabled = false (default)
2022-10-14 20:48:20,465 [pool-72-thread-1] INFO  server.RaftServerConfigKeys (ConfUtils.java:logGet(46)) - raft.server.log.statemachine.data.caching.enabled = true (custom)
2022-10-14 20:48:20,466 [pool-72-thread-1] INFO  segmented.SegmentedRaftLogWorker (SegmentedRaftLogWorker.java:lambda$new$0(135)) - e247b98c-9a86-486e-b3b1-fa195c9418a4@group-E555343BB60F-SegmentedRaftLogWorker: flushIndex: setUnconditionally 0 -> -1
2022-10-14 20:48:20,466 [pool-72-thread-1] INFO  segmented.SegmentedRaftLogWorker (SegmentedRaftLogWorker.java:lambda$new$0(135)) - e247b98c-9a86-486e-b3b1-fa195c9418a4@group-E555343BB60F-SegmentedRaftLogWorker: safeCacheEvictIndex: setUnconditionally 0 -> -1
2022-10-14 20:48:20,466 [pool-72-thread-1] INFO  server.RaftServerConfigKeys (ConfUtils.java:logGet(46)) - raft.server.snapshot.auto.trigger.enabled = true (custom)
2022-10-14 20:48:20,466 [pool-72-thread-1] INFO  server.RaftServerConfigKeys (ConfUtils.java:logGet(46)) - raft.server.snapshot.auto.trigger.threshold = 10000 (custom)
2022-10-14 20:48:20,466 [pool-72-thread-1] INFO  server.RaftServerConfigKeys (ConfUtils.java:logGet(46)) - raft.server.snapshot.retention.file.num = 5 (custom)
2022-10-14 20:48:20,466 [pool-72-thread-1] INFO  server.RaftServerConfigKeys (ConfUtils.java:logGet(46)) - raft.server.log.purge.upto.snapshot.index = false (default)
2022-10-14 20:48:20,466 [pool-72-thread-1] INFO  server.RaftServerConfigKeys (ConfUtils.java:logGet(46)) - raft.server.retrycache.expirytime = 600000ms (custom)
2022-10-14 20:48:20,466 [pool-72-thread-1] INFO  server.RaftServerConfigKeys (ConfUtils.java:logGet(46)) - raft.server.retrycache.statistics.expirytime = 100μs (default)
2022-10-14 20:48:20,469 [pool-72-thread-1] INFO  server.RaftServerConfigKeys (ConfUtils.java:logGet(46)) - raft.server.log.appender.install.snapshot.enabled = false (custom)
2022-10-14 20:48:20,469 [pool-72-thread-1] INFO  server.RaftServerConfigKeys (ConfUtils.java:logGet(46)) - raft.server.threadpool.server.cached = true (default)
2022-10-14 20:48:20,469 [pool-72-thread-1] INFO  server.RaftServerConfigKeys (ConfUtils.java:logGet(46)) - raft.server.threadpool.server.size = 0 (default)
2022-10-14 20:48:20,469 [pool-72-thread-1] INFO  server.RaftServerConfigKeys (ConfUtils.java:logGet(46)) - raft.server.threadpool.client.cached = true (default)
2022-10-14 20:48:20,469 [pool-72-thread-1] INFO  server.RaftServerConfigKeys (ConfUtils.java:logGet(46)) - raft.server.threadpool.client.size = 0 (default)
2022-10-14 20:48:20,469 [pool-72-thread-1] INFO  server.RaftServer$Division (RaftServerImpl.java:start(310)) - e247b98c-9a86-486e-b3b1-fa195c9418a4@group-E555343BB60F: start as a follower, conf=-1: [e247b98c-9a86-486e-b3b1-fa195c9418a4|rpc:10.1.0.226:46677|priority:0, 8b5383b3-e7bf-4722-baeb-dd5c06b347e3|rpc:10.1.0.226:34173|priority:0, b5e52be0-4491-4e69-96e1-10d94051f40c|rpc:10.1.0.226:37041|priority:1], old=null
2022-10-14 20:48:20,469 [pool-72-thread-1] INFO  server.RaftServer$Division (RaftServerImpl.java:setRole(299)) - e247b98c-9a86-486e-b3b1-fa195c9418a4@group-E555343BB60F: changes role from      null to FOLLOWER at term 0 for startAsFollower
2022-10-14 20:48:20,469 [pool-72-thread-1] INFO  impl.RoleInfo (RoleInfo.java:updateAndGet(139)) - e247b98c-9a86-486e-b3b1-fa195c9418a4: start e247b98c-9a86-486e-b3b1-fa195c9418a4@group-E555343BB60F-FollowerState
2022-10-14 20:48:20,478 [pool-72-thread-1] INFO  util.JmxRegister (JmxRegister.java:tryRegister(44)) - Successfully registered JMX Bean with object name Ratis:service=RaftServer,group=group-E555343BB60F,id=e247b98c-9a86-486e-b3b1-fa195c9418a4
2022-10-14 20:48:20,479 [Command processor thread] INFO  ratis.XceiverServerRatis (XceiverServerRatis.java:addGroup(765)) - Created group PipelineID=dcfe6e57-69b8-4d5b-b14f-e555343bb60f
2022-10-14 20:48:20,782 [IPC Server handler 2 on default port 35689] INFO  net.NetworkTopologyImpl (NetworkTopologyImpl.java:add(112)) - Added a new node: /default-rack/bbc6add2-54a7-4497-b631-73b4353e40e2
2022-10-14 20:48:20,782 [IPC Server handler 2 on default port 35689] INFO  node.SCMNodeManager (SCMNodeManager.java:register(397)) - Registered Data node : bbc6add2-54a7-4497-b631-73b4353e40e2{ip: 10.1.0.226, host: fv-az459-990.msq0az1vewme3jsxyslsv0htic.jx.internal.cloudapp.net, ports: [REPLICATION=39023, RATIS=45201, RATIS_ADMIN=45201, RATIS_SERVER=45201, STANDALONE=37057], networkLocation: /default-rack, certSerialId: null, persistedOpState: null, persistedOpStateExpiryEpochSec: 0}
2022-10-14 20:48:20,783 [EventQueue-NewNodeForNewNodeHandler] INFO  pipeline.BackgroundPipelineCreator (BackgroundPipelineCreator.java:notifyEventTriggered(276)) - trigger a one-shot run on RatisPipelineUtilsThread.
2022-10-14 20:48:20,783 [RatisPipelineUtilsThread - 0] INFO  pipeline.RatisPipelineProvider (RatisPipelineProvider.java:lambda$create$0(195)) - Sending CreatePipelineCommand for pipeline:PipelineID=a431b5a1-46db-4b15-baba-a007a3104d9a to datanode:bbc6add2-54a7-4497-b631-73b4353e40e2
2022-10-14 20:48:20,784 [RatisPipelineUtilsThread - 0] INFO  pipeline.PipelineStateManagerImpl (PipelineStateManagerImpl.java:addPipeline(103)) - Created pipeline Pipeline[ Id: a431b5a1-46db-4b15-baba-a007a3104d9a, Nodes: bbc6add2-54a7-4497-b631-73b4353e40e2{ip: 10.1.0.226, host: fv-az459-990.msq0az1vewme3jsxyslsv0htic.jx.internal.cloudapp.net, ports: [REPLICATION=39023, RATIS=45201, RATIS_ADMIN=45201, RATIS_SERVER=45201, STANDALONE=37057], networkLocation: /default-rack, certSerialId: null, persistedOpState: IN_SERVICE, persistedOpStateExpiryEpochSec: 0}, ReplicationConfig: RATIS/ONE, State:ALLOCATED, leaderId:, CreationTimestamp2022-10-14T20:48:20.783Z[Etc/UTC]].
2022-10-14 20:48:20,786 [RatisPipelineUtilsThread - 0] INFO  pipeline.RatisPipelineProvider (RatisPipelineProvider.java:lambda$create$0(195)) - Sending CreatePipelineCommand for pipeline:PipelineID=706880b3-f140-4604-a16e-9df102291914 to datanode:a9bc3d00-95be-4d99-8dcc-adc6824489fa
2022-10-14 20:48:20,786 [RatisPipelineUtilsThread - 0] INFO  pipeline.RatisPipelineProvider (RatisPipelineProvider.java:lambda$create$0(195)) - Sending CreatePipelineCommand for pipeline:PipelineID=706880b3-f140-4604-a16e-9df102291914 to datanode:16777052-74aa-4e90-8314-2bee1f1d951b
2022-10-14 20:48:20,786 [RatisPipelineUtilsThread - 0] INFO  pipeline.RatisPipelineProvider (RatisPipelineProvider.java:lambda$create$0(195)) - Sending CreatePipelineCommand for pipeline:PipelineID=706880b3-f140-4604-a16e-9df102291914 to datanode:bbc6add2-54a7-4497-b631-73b4353e40e2
2022-10-14 20:48:20,787 [RatisPipelineUtilsThread - 0] INFO  pipeline.PipelineStateManagerImpl (PipelineStateManagerImpl.java:addPipeline(103)) - Created pipeline Pipeline[ Id: 706880b3-f140-4604-a16e-9df102291914, Nodes: a9bc3d00-95be-4d99-8dcc-adc6824489fa{ip: 10.1.0.226, host: fv-az459-990.msq0az1vewme3jsxyslsv0htic.jx.internal.cloudapp.net, ports: [REPLICATION=38691, RATIS=41433, RATIS_ADMIN=41433, RATIS_SERVER=41433, STANDALONE=39903], networkLocation: /default-rack, certSerialId: null, persistedOpState: IN_SERVICE, persistedOpStateExpiryEpochSec: 0}16777052-74aa-4e90-8314-2bee1f1d951b{ip: 10.1.0.226, host: fv-az459-990.msq0az1vewme3jsxyslsv0htic.jx.internal.cloudapp.net, ports: [REPLICATION=45667, RATIS=46003, RATIS_ADMIN=46003, RATIS_SERVER=46003, STANDALONE=45747], networkLocation: /default-rack, certSerialId: null, persistedOpState: IN_SERVICE, persistedOpStateExpiryEpochSec: 0}bbc6add2-54a7-4497-b631-73b4353e40e2{ip: 10.1.0.226, host: fv-az459-990.msq0az1vewme3jsxyslsv0htic.jx.internal.cloudapp.net, ports: [REPLICATION=39023, RATIS=45201, RATIS_ADMIN=45201, RATIS_SERVER=45201, STANDALONE=37057], networkLocation: /default-rack, certSerialId: null, persistedOpState: IN_SERVICE, persistedOpStateExpiryEpochSec: 0}, ReplicationConfig: RATIS/THREE, State:ALLOCATED, leaderId:, CreationTimestamp2022-10-14T20:48:20.786Z[Etc/UTC]].
2022-10-14 20:48:20,788 [RatisPipelineUtilsThread - 0] INFO  pipeline.RatisPipelineProvider (RatisPipelineProvider.java:lambda$create$0(195)) - Sending CreatePipelineCommand for pipeline:PipelineID=30c0c8f2-eedf-4447-b194-6aba310d950c to datanode:a9bc3d00-95be-4d99-8dcc-adc6824489fa
2022-10-14 20:48:20,788 [RatisPipelineUtilsThread - 0] INFO  pipeline.RatisPipelineProvider (RatisPipelineProvider.java:lambda$create$0(195)) - Sending CreatePipelineCommand for pipeline:PipelineID=30c0c8f2-eedf-4447-b194-6aba310d950c to datanode:bbc6add2-54a7-4497-b631-73b4353e40e2
2022-10-14 20:48:20,788 [RatisPipelineUtilsThread - 0] INFO  pipeline.RatisPipelineProvider (RatisPipelineProvider.java:lambda$create$0(195)) - Sending CreatePipelineCommand for pipeline:PipelineID=30c0c8f2-eedf-4447-b194-6aba310d950c to datanode:16777052-74aa-4e90-8314-2bee1f1d951b
2022-10-14 20:48:20,788 [RatisPipelineUtilsThread - 0] INFO  pipeline.PipelineStateManagerImpl (PipelineStateManagerImpl.java:addPipeline(103)) - Created pipeline Pipeline[ Id: 30c0c8f2-eedf-4447-b194-6aba310d950c, Nodes: a9bc3d00-95be-4d99-8dcc-adc6824489fa{ip: 10.1.0.226, host: fv-az459-990.msq0az1vewme3jsxyslsv0htic.jx.internal.cloudapp.net, ports: [REPLICATION=38691, RATIS=41433, RATIS_ADMIN=41433, RATIS_SERVER=41433, STANDALONE=39903], networkLocation: /default-rack, certSerialId: null, persistedOpState: IN_SERVICE, persistedOpStateExpiryEpochSec: 0}bbc6add2-54a7-4497-b631-73b4353e40e2{ip: 10.1.0.226, host: fv-az459-990.msq0az1vewme3jsxyslsv0htic.jx.internal.cloudapp.net, ports: [REPLICATION=39023, RATIS=45201, RATIS_ADMIN=45201, RATIS_SERVER=45201, STANDALONE=37057], networkLocation: /default-rack, certSerialId: null, persistedOpState: IN_SERVICE, persistedOpStateExpiryEpochSec: 0}16777052-74aa-4e90-8314-2bee1f1d951b{ip: 10.1.0.226, host: fv-az459-990.msq0az1vewme3jsxyslsv0htic.jx.internal.cloudapp.net, ports: [REPLICATION=45667, RATIS=46003, RATIS_ADMIN=46003, RATIS_SERVER=46003, STANDALONE=45747], networkLocation: /default-rack, certSerialId: null, persistedOpState: IN_SERVICE, persistedOpStateExpiryEpochSec: 0}, ReplicationConfig: RATIS/THREE, State:ALLOCATED, leaderId:, CreationTimestamp2022-10-14T20:48:20.788Z[Etc/UTC]].
2022-10-14 20:48:20,789 [RatisPipelineUtilsThread - 0] INFO  pipeline.PipelineManagerImpl (PipelineManagerImpl.java:recordMetricsForPipeline(796)) - Pipeline: PipelineID=30c0c8f2-eedf-4447-b194-6aba310d950c contains same datanodes as previous pipelines: PipelineID=706880b3-f140-4604-a16e-9df102291914 nodeIds: a9bc3d00-95be-4d99-8dcc-adc6824489fa, bbc6add2-54a7-4497-b631-73b4353e40e2, 16777052-74aa-4e90-8314-2bee1f1d951b
2022-10-14 20:48:21,028 [Command processor thread] INFO  server.RaftServer (RaftServerProxy.java:addNew(96)) - 8b5383b3-e7bf-4722-baeb-dd5c06b347e3: addNew group-D4EED27C3F9C:[8b5383b3-e7bf-4722-baeb-dd5c06b347e3|rpc:10.1.0.226:34173|priority:1] returns group-D4EED27C3F9C:java.util.concurrent.CompletableFuture@74174a6d[Not completed]
2022-10-14 20:48:21,035 [pool-95-thread-1] INFO  server.RaftServer$Division (RaftServerImpl.java:<init>(190)) - 8b5383b3-e7bf-4722-baeb-dd5c06b347e3: new RaftServerImpl for group-D4EED27C3F9C:[8b5383b3-e7bf-4722-baeb-dd5c06b347e3|rpc:10.1.0.226:34173|priority:1] with ContainerStateMachine:uninitialized
2022-10-14 20:48:21,035 [pool-95-thread-1] INFO  server.RaftServerConfigKeys (ConfUtils.java:logGet(46)) - raft.server.rpc.timeout.min = 5s (custom)
2022-10-14 20:48:21,035 [pool-95-thread-1] INFO  server.RaftServerConfigKeys (ConfUtils.java:logGet(46)) - raft.server.rpc.timeout.max = 5200ms (custom)
2022-10-14 20:48:21,036 [pool-95-thread-1] INFO  server.RaftServerConfigKeys (ConfUtils.java:logGet(46)) - raft.server.rpc.sleep.time = 25ms (default)
2022-10-14 20:48:21,036 [pool-95-thread-1] INFO  server.RaftServerConfigKeys (ConfUtils.java:logGet(46)) - raft.server.rpc.slowness.timeout = 300s (custom)
2022-10-14 20:48:21,036 [pool-95-thread-1] INFO  server.RaftServerConfigKeys (ConfUtils.java:logGet(46)) - raft.server.leaderelection.leader.step-down.wait-time = 10s (default)
2022-10-14 20:48:21,036 [pool-95-thread-1] INFO  server.RaftServerConfigKeys (ConfUtils.java:logGet(46)) - raft.server.sleep.deviation.threshold = 300ms (default)
2022-10-14 20:48:21,036 [pool-95-thread-1] INFO  server.RaftServer$Division (ServerState.java:<init>(107)) - 8b5383b3-e7bf-4722-baeb-dd5c06b347e3@group-D4EED27C3F9C: ConfigurationManager, init=-1: [8b5383b3-e7bf-4722-baeb-dd5c06b347e3|rpc:10.1.0.226:34173|priority:1], old=null, confs=<EMPTY_MAP>
2022-10-14 20:48:21,036 [pool-95-thread-1] INFO  server.RaftServerConfigKeys (ConfUtils.java:logGet(46)) - raft.server.storage.dir = [/home/runner/work/ozone/ozone/hadoop-ozone/integration-test/target/test-dir/MiniOzoneClusterImpl-1e9d71ba-d753-4201-9665-5e97e6b64b9c/datanode-1/data/ratis] (custom)
2022-10-14 20:48:21,036 [pool-95-thread-1] INFO  server.RaftServerConfigKeys (ConfUtils.java:logGet(46)) - raft.server.log.corruption.policy = EXCEPTION (default)
2022-10-14 20:48:21,036 [pool-95-thread-1] INFO  server.RaftServerConfigKeys (ConfUtils.java:logGet(46)) - raft.server.storage.free-space.min = 0MB (=0) (default)
2022-10-14 20:48:21,036 [pool-95-thread-1] INFO  storage.RaftStorageDirectory (RaftStorageDirectoryImpl.java:analyzeStorage(135)) - The storage directory /home/runner/work/ozone/ozone/hadoop-ozone/integration-test/target/test-dir/MiniOzoneClusterImpl-1e9d71ba-d753-4201-9665-5e97e6b64b9c/datanode-1/data/ratis/4e69b451-5eca-4943-8520-d4eed27c3f9c does not exist. Creating ...
2022-10-14 20:48:21,039 [pool-95-thread-1] INFO  storage.RaftStorageDirectory (RaftStorageDirectoryImpl.java:tryLock(230)) - Lock on /home/runner/work/ozone/ozone/hadoop-ozone/integration-test/target/test-dir/MiniOzoneClusterImpl-1e9d71ba-d753-4201-9665-5e97e6b64b9c/datanode-1/data/ratis/4e69b451-5eca-4943-8520-d4eed27c3f9c/in_use.lock acquired by nodename 88544@fv-az459-990
2022-10-14 20:48:21,040 [pool-95-thread-1] INFO  storage.RaftStorage (RaftStorageImpl.java:format(89)) - Storage directory /home/runner/work/ozone/ozone/hadoop-ozone/integration-test/target/test-dir/MiniOzoneClusterImpl-1e9d71ba-d753-4201-9665-5e97e6b64b9c/datanode-1/data/ratis/4e69b451-5eca-4943-8520-d4eed27c3f9c has been successfully formatted.
2022-10-14 20:48:21,041 [pool-95-thread-1] INFO  ratis.ContainerStateMachine (ContainerStateMachine.java:loadSnapshot(236)) - group-D4EED27C3F9C: The snapshot info is null. Setting the last applied indexto:(t:0, i:~)
2022-10-14 20:48:21,045 [pool-95-thread-1] INFO  server.RaftServerConfigKeys (ConfUtils.java:logGet(46)) - raft.server.notification.no-leader.timeout = 300s (custom)
2022-10-14 20:48:21,045 [EventQueue-PipelineReportForPipelineReportHandler] INFO  pipeline.PipelineManagerImpl (PipelineManagerImpl.java:openPipeline(367)) - Pipeline Pipeline[ Id: 4e69b451-5eca-4943-8520-d4eed27c3f9c, Nodes: 8b5383b3-e7bf-4722-baeb-dd5c06b347e3{ip: 10.1.0.226, host: fv-az459-990.msq0az1vewme3jsxyslsv0htic.jx.internal.cloudapp.net, ports: [REPLICATION=38879, RATIS=34173, RATIS_ADMIN=34173, RATIS_SERVER=34173, STANDALONE=34179], networkLocation: /default-rack, certSerialId: null, persistedOpState: IN_SERVICE, persistedOpStateExpiryEpochSec: 0}, ReplicationConfig: RATIS/ONE, State:ALLOCATED, leaderId:8b5383b3-e7bf-4722-baeb-dd5c06b347e3, CreationTimestamp2022-10-14T20:48:18.032Z[Etc/UTC]] moved to OPEN state
2022-10-14 20:48:21,047 [pool-95-thread-1] INFO  server.RaftServerConfigKeys (ConfUtils.java:logGet(46)) - raft.server.log.use.memory = false (default)
2022-10-14 20:48:21,047 [pool-95-thread-1] INFO  server.RaftServerConfigKeys (ConfUtils.java:logGet(46)) - raft.server.log.purge.gap = 1000000 (custom)
2022-10-14 20:48:21,047 [pool-95-thread-1] INFO  server.RaftServerConfigKeys (ConfUtils.java:logGet(46)) - raft.server.log.appender.buffer.byte-limit = 33554432 (custom)
2022-10-14 20:48:21,047 [pool-95-thread-1] INFO  server.RaftServerConfigKeys (ConfUtils.java:logGet(46)) - raft.server.log.statemachine.data.read.timeout = 1000ms (default)
2022-10-14 20:48:21,047 [EventQueue-OpenPipelineForHealthyPipelineSafeModeRule] INFO  safemode.SCMSafeModeManager (HealthyPipelineSafeModeRule.java:process(137)) - SCM in safe mode. Healthy pipelines reported count is 0, required healthy pipeline reported count is 1
2022-10-14 20:48:21,050 [pool-95-thread-1] INFO  server.RaftServerConfigKeys (ConfUtils.java:logGet(46)) - raft.server.log.segment.size.max = 1048576 (custom)
2022-10-14 20:48:21,055 [pool-95-thread-1] INFO  server.RaftServerConfigKeys (ConfUtils.java:logGet(46)) - raft.server.log.segment.cache.num.max = 2 (custom)
2022-10-14 20:48:21,055 [pool-95-thread-1] INFO  server.RaftServerConfigKeys (ConfUtils.java:logGet(46)) - raft.server.log.segment.cache.size.max = 200MB (=209715200) (default)
2022-10-14 20:48:21,055 [pool-95-thread-1] INFO  segmented.SegmentedRaftLogWorker (SegmentedRaftLogWorker.java:<init>(187)) - new 8b5383b3-e7bf-4722-baeb-dd5c06b347e3@group-D4EED27C3F9C-SegmentedRaftLogWorker for RaftStorageImpl:Storage Directory /home/runner/work/ozone/ozone/hadoop-ozone/integration-test/target/test-dir/MiniOzoneClusterImpl-1e9d71ba-d753-4201-9665-5e97e6b64b9c/datanode-1/data/ratis/4e69b451-5eca-4943-8520-d4eed27c3f9c
2022-10-14 20:48:21,055 [pool-95-thread-1] INFO  server.RaftServerConfigKeys (ConfUtils.java:logGet(46)) - raft.server.log.queue.byte-limit = 4294967296 (custom)
2022-10-14 20:48:21,055 [pool-95-thread-1] INFO  server.RaftServerConfigKeys (ConfUtils.java:logGet(46)) - raft.server.log.queue.element-limit = 1024 (custom)
2022-10-14 20:48:21,055 [pool-95-thread-1] INFO  server.RaftServerConfigKeys (ConfUtils.java:logGet(46)) - raft.server.log.segment.size.max = 1048576 (custom)
2022-10-14 20:48:21,055 [pool-95-thread-1] INFO  server.RaftServerConfigKeys (ConfUtils.java:logGet(46)) - raft.server.log.preallocated.size = 16384 (custom)
2022-10-14 20:48:21,055 [pool-95-thread-1] INFO  server.RaftServerConfigKeys (ConfUtils.java:logGet(46)) - raft.server.log.force.sync.num = 128 (default)
2022-10-14 20:48:21,055 [pool-95-thread-1] INFO  server.RaftServerConfigKeys (ConfUtils.java:logGet(46)) - raft.server.log.statemachine.data.sync = true (default)
2022-10-14 20:48:21,055 [pool-95-thread-1] INFO  server.RaftServerConfigKeys (ConfUtils.java:logGet(46)) - raft.server.log.statemachine.data.sync.timeout = 10s (default)
2022-10-14 20:48:21,055 [pool-95-thread-1] INFO  server.RaftServerConfigKeys (ConfUtils.java:logGet(46)) - raft.server.log.statemachine.data.sync.timeout.retry = -1 (default)
2022-10-14 20:48:21,057 [pool-95-thread-1] INFO  server.RaftServerConfigKeys (ConfUtils.java:logGet(46)) - raft.server.log.write.buffer.size = 1048576 (custom)
2022-10-14 20:48:21,058 [pool-95-thread-1] INFO  server.RaftServerConfigKeys (ConfUtils.java:logGet(46)) - raft.server.log.unsafe-flush.enabled = false (default)
2022-10-14 20:48:21,058 [pool-95-thread-1] INFO  server.RaftServerConfigKeys (ConfUtils.java:logGet(46)) - raft.server.log.statemachine.data.caching.enabled = true (custom)
2022-10-14 20:48:21,059 [pool-95-thread-1] INFO  segmented.SegmentedRaftLogWorker (SegmentedRaftLogWorker.java:lambda$new$0(135)) - 8b5383b3-e7bf-4722-baeb-dd5c06b347e3@group-D4EED27C3F9C-SegmentedRaftLogWorker: flushIndex: setUnconditionally 0 -> -1
2022-10-14 20:48:21,059 [pool-95-thread-1] INFO  segmented.SegmentedRaftLogWorker (SegmentedRaftLogWorker.java:lambda$new$0(135)) - 8b5383b3-e7bf-4722-baeb-dd5c06b347e3@group-D4EED27C3F9C-SegmentedRaftLogWorker: safeCacheEvictIndex: setUnconditionally 0 -> -1
2022-10-14 20:48:21,070 [pool-95-thread-1] INFO  server.RaftServerConfigKeys (ConfUtils.java:logGet(46)) - raft.server.snapshot.auto.trigger.enabled = true (custom)
2022-10-14 20:48:21,070 [pool-95-thread-1] INFO  server.RaftServerConfigKeys (ConfUtils.java:logGet(46)) - raft.server.snapshot.auto.trigger.threshold = 10000 (custom)
2022-10-14 20:48:21,070 [pool-95-thread-1] INFO  server.RaftServerConfigKeys (ConfUtils.java:logGet(46)) - raft.server.snapshot.retention.file.num = 5 (custom)
2022-10-14 20:48:21,070 [pool-95-thread-1] INFO  server.RaftServerConfigKeys (ConfUtils.java:logGet(46)) - raft.server.log.purge.upto.snapshot.index = false (default)
2022-10-14 20:48:21,071 [pool-95-thread-1] INFO  server.RaftServerConfigKeys (ConfUtils.java:logGet(46)) - raft.server.retrycache.expirytime = 600000ms (custom)
2022-10-14 20:48:21,071 [pool-95-thread-1] INFO  server.RaftServerConfigKeys (ConfUtils.java:logGet(46)) - raft.server.retrycache.statistics.expirytime = 100μs (default)
2022-10-14 20:48:21,074 [pool-95-thread-1] INFO  server.RaftServerConfigKeys (ConfUtils.java:logGet(46)) - raft.server.log.appender.install.snapshot.enabled = false (custom)
2022-10-14 20:48:21,074 [pool-95-thread-1] INFO  server.RaftServerConfigKeys (ConfUtils.java:logGet(46)) - raft.server.threadpool.server.cached = true (default)
2022-10-14 20:48:21,074 [pool-95-thread-1] INFO  server.RaftServerConfigKeys (ConfUtils.java:logGet(46)) - raft.server.threadpool.server.size = 0 (default)
2022-10-14 20:48:21,074 [pool-95-thread-1] INFO  server.RaftServerConfigKeys (ConfUtils.java:logGet(46)) - raft.server.threadpool.client.cached = true (default)
2022-10-14 20:48:21,074 [pool-95-thread-1] INFO  server.RaftServerConfigKeys (ConfUtils.java:logGet(46)) - raft.server.threadpool.client.size = 0 (default)
2022-10-14 20:48:21,074 [pool-95-thread-1] INFO  server.RaftServer$Division (RaftServerImpl.java:start(310)) - 8b5383b3-e7bf-4722-baeb-dd5c06b347e3@group-D4EED27C3F9C: start as a follower, conf=-1: [8b5383b3-e7bf-4722-baeb-dd5c06b347e3|rpc:10.1.0.226:34173|priority:1], old=null
2022-10-14 20:48:21,074 [pool-95-thread-1] INFO  server.RaftServer$Division (RaftServerImpl.java:setRole(299)) - 8b5383b3-e7bf-4722-baeb-dd5c06b347e3@group-D4EED27C3F9C: changes role from      null to FOLLOWER at term 0 for startAsFollower
2022-10-14 20:48:21,074 [pool-95-thread-1] INFO  impl.RoleInfo (RoleInfo.java:updateAndGet(139)) - 8b5383b3-e7bf-4722-baeb-dd5c06b347e3: start 8b5383b3-e7bf-4722-baeb-dd5c06b347e3@group-D4EED27C3F9C-FollowerState
2022-10-14 20:48:21,085 [pool-95-thread-1] INFO  util.JmxRegister (JmxRegister.java:tryRegister(44)) - Successfully registered JMX Bean with object name Ratis:service=RaftServer,group=group-D4EED27C3F9C,id=8b5383b3-e7bf-4722-baeb-dd5c06b347e3
2022-10-14 20:48:21,094 [Command processor thread] INFO  ratis.XceiverServerRatis (XceiverServerRatis.java:addGroup(765)) - Created group PipelineID=4e69b451-5eca-4943-8520-d4eed27c3f9c
2022-10-14 20:48:21,094 [Command processor thread] INFO  commandhandler.CreatePipelineCommandHandler (CreatePipelineCommandHandler.java:handle(113)) - Created Pipeline RATIS ONE PipelineID=4e69b451-5eca-4943-8520-d4eed27c3f9c.
2022-10-14 20:48:21,098 [Command processor thread] INFO  server.RaftServer (RaftServerProxy.java:addNew(96)) - 8b5383b3-e7bf-4722-baeb-dd5c06b347e3: addNew group-E555343BB60F:[e247b98c-9a86-486e-b3b1-fa195c9418a4|rpc:10.1.0.226:46677|priority:0, 8b5383b3-e7bf-4722-baeb-dd5c06b347e3|rpc:10.1.0.226:34173|priority:0, b5e52be0-4491-4e69-96e1-10d94051f40c|rpc:10.1.0.226:37041|priority:1] returns group-E555343BB60F:java.util.concurrent.CompletableFuture@7028c037[Not completed]
2022-10-14 20:48:21,099 [pool-95-thread-1] INFO  server.RaftServer$Division (RaftServerImpl.java:<init>(190)) - 8b5383b3-e7bf-4722-baeb-dd5c06b347e3: new RaftServerImpl for group-E555343BB60F:[e247b98c-9a86-486e-b3b1-fa195c9418a4|rpc:10.1.0.226:46677|priority:0, 8b5383b3-e7bf-4722-baeb-dd5c06b347e3|rpc:10.1.0.226:34173|priority:0, b5e52be0-4491-4e69-96e1-10d94051f40c|rpc:10.1.0.226:37041|priority:1] with ContainerStateMachine:uninitialized
2022-10-14 20:48:21,099 [pool-95-thread-1] INFO  server.RaftServerConfigKeys (ConfUtils.java:logGet(46)) - raft.server.rpc.timeout.min = 5s (custom)
2022-10-14 20:48:21,099 [pool-95-thread-1] INFO  server.RaftServerConfigKeys (ConfUtils.java:logGet(46)) - raft.server.rpc.timeout.max = 5200ms (custom)
2022-10-14 20:48:21,099 [pool-95-thread-1] INFO  server.RaftServerConfigKeys (ConfUtils.java:logGet(46)) - raft.server.rpc.sleep.time = 25ms (default)
2022-10-14 20:48:21,099 [pool-95-thread-1] INFO  server.RaftServerConfigKeys (ConfUtils.java:logGet(46)) - raft.server.rpc.slowness.timeout = 300s (custom)
2022-10-14 20:48:21,100 [pool-95-thread-1] INFO  server.RaftServerConfigKeys (ConfUtils.java:logGet(46)) - raft.server.leaderelection.leader.step-down.wait-time = 10s (default)
2022-10-14 20:48:21,100 [pool-95-thread-1] INFO  server.RaftServerConfigKeys (ConfUtils.java:logGet(46)) - raft.server.sleep.deviation.threshold = 300ms (default)
2022-10-14 20:48:21,100 [pool-95-thread-1] INFO  server.RaftServer$Division (ServerState.java:<init>(107)) - 8b5383b3-e7bf-4722-baeb-dd5c06b347e3@group-E555343BB60F: ConfigurationManager, init=-1: [e247b98c-9a86-486e-b3b1-fa195c9418a4|rpc:10.1.0.226:46677|priority:0, 8b5383b3-e7bf-4722-baeb-dd5c06b347e3|rpc:10.1.0.226:34173|priority:0, b5e52be0-4491-4e69-96e1-10d94051f40c|rpc:10.1.0.226:37041|priority:1], old=null, confs=<EMPTY_MAP>
2022-10-14 20:48:21,100 [pool-95-thread-1] INFO  server.RaftServerConfigKeys (ConfUtils.java:logGet(46)) - raft.server.storage.dir = [/home/runner/work/ozone/ozone/hadoop-ozone/integration-test/target/test-dir/MiniOzoneClusterImpl-1e9d71ba-d753-4201-9665-5e97e6b64b9c/datanode-1/data/ratis] (custom)
2022-10-14 20:48:21,100 [pool-95-thread-1] INFO  server.RaftServerConfigKeys (ConfUtils.java:logGet(46)) - raft.server.log.corruption.policy = EXCEPTION (default)
2022-10-14 20:48:21,100 [pool-95-thread-1] INFO  server.RaftServerConfigKeys (ConfUtils.java:logGet(46)) - raft.server.storage.free-space.min = 0MB (=0) (default)
2022-10-14 20:48:21,100 [pool-95-thread-1] INFO  storage.RaftStorageDirectory (RaftStorageDirectoryImpl.java:analyzeStorage(135)) - The storage directory /home/runner/work/ozone/ozone/hadoop-ozone/integration-test/target/test-dir/MiniOzoneClusterImpl-1e9d71ba-d753-4201-9665-5e97e6b64b9c/datanode-1/data/ratis/dcfe6e57-69b8-4d5b-b14f-e555343bb60f does not exist. Creating ...
2022-10-14 20:48:21,104 [pool-95-thread-1] INFO  storage.RaftStorageDirectory (RaftStorageDirectoryImpl.java:tryLock(230)) - Lock on /home/runner/work/ozone/ozone/hadoop-ozone/integration-test/target/test-dir/MiniOzoneClusterImpl-1e9d71ba-d753-4201-9665-5e97e6b64b9c/datanode-1/data/ratis/dcfe6e57-69b8-4d5b-b14f-e555343bb60f/in_use.lock acquired by nodename 88544@fv-az459-990
2022-10-14 20:48:21,106 [pool-95-thread-1] INFO  storage.RaftStorage (RaftStorageImpl.java:format(89)) - Storage directory /home/runner/work/ozone/ozone/hadoop-ozone/integration-test/target/test-dir/MiniOzoneClusterImpl-1e9d71ba-d753-4201-9665-5e97e6b64b9c/datanode-1/data/ratis/dcfe6e57-69b8-4d5b-b14f-e555343bb60f has been successfully formatted.
2022-10-14 20:48:21,106 [pool-95-thread-1] INFO  ratis.ContainerStateMachine (ContainerStateMachine.java:loadSnapshot(236)) - group-E555343BB60F: The snapshot info is null. Setting the last applied indexto:(t:0, i:~)
2022-10-14 20:48:21,107 [pool-95-thread-1] INFO  server.RaftServerConfigKeys (ConfUtils.java:logGet(46)) - raft.server.notification.no-leader.timeout = 300s (custom)
2022-10-14 20:48:21,107 [pool-95-thread-1] INFO  server.RaftServerConfigKeys (ConfUtils.java:logGet(46)) - raft.server.log.use.memory = false (default)
2022-10-14 20:48:21,107 [pool-95-thread-1] INFO  server.RaftServerConfigKeys (ConfUtils.java:logGet(46)) - raft.server.log.purge.gap = 1000000 (custom)
2022-10-14 20:48:21,107 [pool-95-thread-1] INFO  server.RaftServerConfigKeys (ConfUtils.java:logGet(46)) - raft.server.log.appender.buffer.byte-limit = 33554432 (custom)
2022-10-14 20:48:21,109 [pool-95-thread-1] INFO  server.RaftServerConfigKeys (ConfUtils.java:logGet(46)) - raft.server.log.statemachine.data.read.timeout = 1000ms (default)
2022-10-14 20:48:21,110 [EventQueue-OpenPipelineForHealthyPipelineSafeModeRule] INFO  safemode.SCMSafeModeManager (HealthyPipelineSafeModeRule.java:process(137)) - SCM in safe mode. Healthy pipelines reported count is 0, required healthy pipeline reported count is 1
2022-10-14 20:48:21,116 [pool-95-thread-1] INFO  server.RaftServerConfigKeys (ConfUtils.java:logGet(46)) - raft.server.log.segment.size.max = 1048576 (custom)
2022-10-14 20:48:21,116 [pool-95-thread-1] INFO  server.RaftServerConfigKeys (ConfUtils.java:logGet(46)) - raft.server.log.segment.cache.num.max = 2 (custom)
2022-10-14 20:48:21,116 [pool-95-thread-1] INFO  server.RaftServerConfigKeys (ConfUtils.java:logGet(46)) - raft.server.log.segment.cache.size.max = 200MB (=209715200) (default)
2022-10-14 20:48:21,116 [pool-95-thread-1] INFO  segmented.SegmentedRaftLogWorker (SegmentedRaftLogWorker.java:<init>(187)) - new 8b5383b3-e7bf-4722-baeb-dd5c06b347e3@group-E555343BB60F-SegmentedRaftLogWorker for RaftStorageImpl:Storage Directory /home/runner/work/ozone/ozone/hadoop-ozone/integration-test/target/test-dir/MiniOzoneClusterImpl-1e9d71ba-d753-4201-9665-5e97e6b64b9c/datanode-1/data/ratis/dcfe6e57-69b8-4d5b-b14f-e555343bb60f
2022-10-14 20:48:21,117 [pool-95-thread-1] INFO  server.RaftServerConfigKeys (ConfUtils.java:logGet(46)) - raft.server.log.queue.byte-limit = 4294967296 (custom)
2022-10-14 20:48:21,119 [pool-95-thread-1] INFO  server.RaftServerConfigKeys (ConfUtils.java:logGet(46)) - raft.server.log.queue.element-limit = 1024 (custom)
2022-10-14 20:48:21,119 [pool-95-thread-1] INFO  server.RaftServerConfigKeys (ConfUtils.java:logGet(46)) - raft.server.log.segment.size.max = 1048576 (custom)
2022-10-14 20:48:21,119 [pool-95-thread-1] INFO  server.RaftServerConfigKeys (ConfUtils.java:logGet(46)) - raft.server.log.preallocated.size = 16384 (custom)
2022-10-14 20:48:21,119 [pool-95-thread-1] INFO  server.RaftServerConfigKeys (ConfUtils.java:logGet(46)) - raft.server.log.force.sync.num = 128 (default)
2022-10-14 20:48:21,119 [pool-95-thread-1] INFO  server.RaftServerConfigKeys (ConfUtils.java:logGet(46)) - raft.server.log.statemachine.data.sync = true (default)
2022-10-14 20:48:21,119 [pool-95-thread-1] INFO  server.RaftServerConfigKeys (ConfUtils.java:logGet(46)) - raft.server.log.statemachine.data.sync.timeout = 10s (default)
2022-10-14 20:48:21,119 [pool-95-thread-1] INFO  server.RaftServerConfigKeys (ConfUtils.java:logGet(46)) - raft.server.log.statemachine.data.sync.timeout.retry = -1 (default)
2022-10-14 20:48:21,120 [pool-95-thread-1] INFO  server.RaftServerConfigKeys (ConfUtils.java:logGet(46)) - raft.server.log.write.buffer.size = 1048576 (custom)
2022-10-14 20:48:21,121 [pool-95-thread-1] INFO  server.RaftServerConfigKeys (ConfUtils.java:logGet(46)) - raft.server.log.unsafe-flush.enabled = false (default)
2022-10-14 20:48:21,121 [pool-95-thread-1] INFO  server.RaftServerConfigKeys (ConfUtils.java:logGet(46)) - raft.server.log.statemachine.data.caching.enabled = true (custom)
2022-10-14 20:48:21,121 [pool-95-thread-1] INFO  segmented.SegmentedRaftLogWorker (SegmentedRaftLogWorker.java:lambda$new$0(135)) - 8b5383b3-e7bf-4722-baeb-dd5c06b347e3@group-E555343BB60F-SegmentedRaftLogWorker: flushIndex: setUnconditionally 0 -> -1
2022-10-14 20:48:21,121 [pool-95-thread-1] INFO  segmented.SegmentedRaftLogWorker (SegmentedRaftLogWorker.java:lambda$new$0(135)) - 8b5383b3-e7bf-4722-baeb-dd5c06b347e3@group-E555343BB60F-SegmentedRaftLogWorker: safeCacheEvictIndex: setUnconditionally 0 -> -1
2022-10-14 20:48:21,122 [pool-95-thread-1] INFO  server.RaftServerConfigKeys (ConfUtils.java:logGet(46)) - raft.server.snapshot.auto.trigger.enabled = true (custom)
2022-10-14 20:48:21,122 [pool-95-thread-1] INFO  server.RaftServerConfigKeys (ConfUtils.java:logGet(46)) - raft.server.snapshot.auto.trigger.threshold = 10000 (custom)
2022-10-14 20:48:21,122 [pool-95-thread-1] INFO  server.RaftServerConfigKeys (ConfUtils.java:logGet(46)) - raft.server.snapshot.retention.file.num = 5 (custom)
2022-10-14 20:48:21,122 [pool-95-thread-1] INFO  server.RaftServerConfigKeys (ConfUtils.java:logGet(46)) - raft.server.log.purge.upto.snapshot.index = false (default)
2022-10-14 20:48:21,122 [pool-95-thread-1] INFO  server.RaftServerConfigKeys (ConfUtils.java:logGet(46)) - raft.server.retrycache.expirytime = 600000ms (custom)
2022-10-14 20:48:21,122 [pool-95-thread-1] INFO  server.RaftServerConfigKeys (ConfUtils.java:logGet(46)) - raft.server.retrycache.statistics.expirytime = 100μs (default)
2022-10-14 20:48:21,125 [pool-95-thread-1] INFO  server.RaftServerConfigKeys (ConfUtils.java:logGet(46)) - raft.server.log.appender.install.snapshot.enabled = false (custom)
2022-10-14 20:48:21,125 [pool-95-thread-1] INFO  server.RaftServerConfigKeys (ConfUtils.java:logGet(46)) - raft.server.threadpool.server.cached = true (default)
2022-10-14 20:48:21,125 [pool-95-thread-1] INFO  server.RaftServerConfigKeys (ConfUtils.java:logGet(46)) - raft.server.threadpool.server.size = 0 (default)
2022-10-14 20:48:21,125 [pool-95-thread-1] INFO  server.RaftServerConfigKeys (ConfUtils.java:logGet(46)) - raft.server.threadpool.client.cached = true (default)
2022-10-14 20:48:21,125 [pool-95-thread-1] INFO  server.RaftServerConfigKeys (ConfUtils.java:logGet(46)) - raft.server.threadpool.client.size = 0 (default)
2022-10-14 20:48:21,125 [pool-95-thread-1] INFO  server.RaftServer$Division (RaftServerImpl.java:start(310)) - 8b5383b3-e7bf-4722-baeb-dd5c06b347e3@group-E555343BB60F: start as a follower, conf=-1: [e247b98c-9a86-486e-b3b1-fa195c9418a4|rpc:10.1.0.226:46677|priority:0, 8b5383b3-e7bf-4722-baeb-dd5c06b347e3|rpc:10.1.0.226:34173|priority:0, b5e52be0-4491-4e69-96e1-10d94051f40c|rpc:10.1.0.226:37041|priority:1], old=null
2022-10-14 20:48:21,125 [pool-95-thread-1] INFO  server.RaftServer$Division (RaftServerImpl.java:setRole(299)) - 8b5383b3-e7bf-4722-baeb-dd5c06b347e3@group-E555343BB60F: changes role from      null to FOLLOWER at term 0 for startAsFollower
2022-10-14 20:48:21,125 [pool-95-thread-1] INFO  impl.RoleInfo (RoleInfo.java:updateAndGet(139)) - 8b5383b3-e7bf-4722-baeb-dd5c06b347e3: start 8b5383b3-e7bf-4722-baeb-dd5c06b347e3@group-E555343BB60F-FollowerState
2022-10-14 20:48:21,127 [pool-95-thread-1] INFO  util.JmxRegister (JmxRegister.java:tryRegister(44)) - Successfully registered JMX Bean with object name Ratis:service=RaftServer,group=group-E555343BB60F,id=8b5383b3-e7bf-4722-baeb-dd5c06b347e3
2022-10-14 20:48:21,134 [Command processor thread] INFO  ratis.XceiverServerRatis (XceiverServerRatis.java:addGroup(765)) - Created group PipelineID=dcfe6e57-69b8-4d5b-b14f-e555343bb60f
2022-10-14 20:48:21,153 [grpc-default-executor-0] INFO  server.RaftServer (RaftServerProxy.java:addNew(96)) - b5e52be0-4491-4e69-96e1-10d94051f40c: addNew group-E555343BB60F:[e247b98c-9a86-486e-b3b1-fa195c9418a4|rpc:10.1.0.226:46677|dataStream:|priority:0, 8b5383b3-e7bf-4722-baeb-dd5c06b347e3|rpc:10.1.0.226:34173|dataStream:|priority:0, b5e52be0-4491-4e69-96e1-10d94051f40c|rpc:10.1.0.226:37041|dataStream:|priority:1] returns group-E555343BB60F:java.util.concurrent.CompletableFuture@69cecab9[Not completed]
2022-10-14 20:48:21,165 [pool-118-thread-1] INFO  server.RaftServer$Division (RaftServerImpl.java:<init>(190)) - b5e52be0-4491-4e69-96e1-10d94051f40c: new RaftServerImpl for group-E555343BB60F:[e247b98c-9a86-486e-b3b1-fa195c9418a4|rpc:10.1.0.226:46677|dataStream:|priority:0, 8b5383b3-e7bf-4722-baeb-dd5c06b347e3|rpc:10.1.0.226:34173|dataStream:|priority:0, b5e52be0-4491-4e69-96e1-10d94051f40c|rpc:10.1.0.226:37041|dataStream:|priority:1] with ContainerStateMachine:uninitialized
2022-10-14 20:48:21,166 [pool-118-thread-1] INFO  server.RaftServerConfigKeys (ConfUtils.java:logGet(46)) - raft.server.rpc.timeout.min = 5s (custom)
2022-10-14 20:48:21,166 [pool-118-thread-1] INFO  server.RaftServerConfigKeys (ConfUtils.java:logGet(46)) - raft.server.rpc.timeout.max = 5200ms (custom)
2022-10-14 20:48:21,166 [pool-118-thread-1] INFO  server.RaftServerConfigKeys (ConfUtils.java:logGet(46)) - raft.server.rpc.sleep.time = 25ms (default)
2022-10-14 20:48:21,166 [pool-118-thread-1] INFO  server.RaftServerConfigKeys (ConfUtils.java:logGet(46)) - raft.server.rpc.slowness.timeout = 300s (custom)
2022-10-14 20:48:21,166 [pool-118-thread-1] INFO  server.RaftServerConfigKeys (ConfUtils.java:logGet(46)) - raft.server.leaderelection.leader.step-down.wait-time = 10s (default)
2022-10-14 20:48:21,166 [pool-118-thread-1] INFO  server.RaftServerConfigKeys (ConfUtils.java:logGet(46)) - raft.server.sleep.deviation.threshold = 300ms (default)
2022-10-14 20:48:21,166 [pool-118-thread-1] INFO  server.RaftServer$Division (ServerState.java:<init>(107)) - b5e52be0-4491-4e69-96e1-10d94051f40c@group-E555343BB60F: ConfigurationManager, init=-1: [e247b98c-9a86-486e-b3b1-fa195c9418a4|rpc:10.1.0.226:46677|dataStream:|priority:0, 8b5383b3-e7bf-4722-baeb-dd5c06b347e3|rpc:10.1.0.226:34173|dataStream:|priority:0, b5e52be0-4491-4e69-96e1-10d94051f40c|rpc:10.1.0.226:37041|dataStream:|priority:1], old=null, confs=<EMPTY_MAP>
2022-10-14 20:48:21,166 [pool-118-thread-1] INFO  server.RaftServerConfigKeys (ConfUtils.java:logGet(46)) - raft.server.storage.dir = [/home/runner/work/ozone/ozone/hadoop-ozone/integration-test/target/test-dir/MiniOzoneClusterImpl-1e9d71ba-d753-4201-9665-5e97e6b64b9c/datanode-2/data/ratis] (custom)
2022-10-14 20:48:21,166 [pool-118-thread-1] INFO  server.RaftServerConfigKeys (ConfUtils.java:logGet(46)) - raft.server.log.corruption.policy = EXCEPTION (default)
2022-10-14 20:48:21,166 [pool-118-thread-1] INFO  server.RaftServerConfigKeys (ConfUtils.java:logGet(46)) - raft.server.storage.free-space.min = 0MB (=0) (default)
2022-10-14 20:48:21,166 [pool-118-thread-1] INFO  storage.RaftStorageDirectory (RaftStorageDirectoryImpl.java:analyzeStorage(135)) - The storage directory /home/runner/work/ozone/ozone/hadoop-ozone/integration-test/target/test-dir/MiniOzoneClusterImpl-1e9d71ba-d753-4201-9665-5e97e6b64b9c/datanode-2/data/ratis/dcfe6e57-69b8-4d5b-b14f-e555343bb60f does not exist. Creating ...
2022-10-14 20:48:21,168 [pool-118-thread-1] INFO  storage.RaftStorageDirectory (RaftStorageDirectoryImpl.java:tryLock(230)) - Lock on /home/runner/work/ozone/ozone/hadoop-ozone/integration-test/target/test-dir/MiniOzoneClusterImpl-1e9d71ba-d753-4201-9665-5e97e6b64b9c/datanode-2/data/ratis/dcfe6e57-69b8-4d5b-b14f-e555343bb60f/in_use.lock acquired by nodename 88544@fv-az459-990
2022-10-14 20:48:21,174 [pool-118-thread-1] INFO  storage.RaftStorage (RaftStorageImpl.java:format(89)) - Storage directory /home/runner/work/ozone/ozone/hadoop-ozone/integration-test/target/test-dir/MiniOzoneClusterImpl-1e9d71ba-d753-4201-9665-5e97e6b64b9c/datanode-2/data/ratis/dcfe6e57-69b8-4d5b-b14f-e555343bb60f has been successfully formatted.
2022-10-14 20:48:21,175 [pool-118-thread-1] INFO  ratis.ContainerStateMachine (ContainerStateMachine.java:loadSnapshot(236)) - group-E555343BB60F: The snapshot info is null. Setting the last applied indexto:(t:0, i:~)
2022-10-14 20:48:21,175 [pool-118-thread-1] INFO  server.RaftServerConfigKeys (ConfUtils.java:logGet(46)) - raft.server.notification.no-leader.timeout = 300s (custom)
2022-10-14 20:48:21,175 [pool-118-thread-1] INFO  server.RaftServerConfigKeys (ConfUtils.java:logGet(46)) - raft.server.log.use.memory = false (default)
2022-10-14 20:48:21,175 [pool-118-thread-1] INFO  server.RaftServerConfigKeys (ConfUtils.java:logGet(46)) - raft.server.log.purge.gap = 1000000 (custom)
2022-10-14 20:48:21,175 [pool-118-thread-1] INFO  server.RaftServerConfigKeys (ConfUtils.java:logGet(46)) - raft.server.log.appender.buffer.byte-limit = 33554432 (custom)
2022-10-14 20:48:21,175 [pool-118-thread-1] INFO  server.RaftServerConfigKeys (ConfUtils.java:logGet(46)) - raft.server.log.statemachine.data.read.timeout = 1000ms (default)
2022-10-14 20:48:21,176 [pool-118-thread-1] INFO  server.RaftServerConfigKeys (ConfUtils.java:logGet(46)) - raft.server.log.segment.size.max = 1048576 (custom)
2022-10-14 20:48:21,176 [pool-118-thread-1] INFO  server.RaftServerConfigKeys (ConfUtils.java:logGet(46)) - raft.server.log.segment.cache.num.max = 2 (custom)
2022-10-14 20:48:21,176 [pool-118-thread-1] INFO  server.RaftServerConfigKeys (ConfUtils.java:logGet(46)) - raft.server.log.segment.cache.size.max = 200MB (=209715200) (default)
2022-10-14 20:48:21,176 [pool-118-thread-1] INFO  segmented.SegmentedRaftLogWorker (SegmentedRaftLogWorker.java:<init>(187)) - new b5e52be0-4491-4e69-96e1-10d94051f40c@group-E555343BB60F-SegmentedRaftLogWorker for RaftStorageImpl:Storage Directory /home/runner/work/ozone/ozone/hadoop-ozone/integration-test/target/test-dir/MiniOzoneClusterImpl-1e9d71ba-d753-4201-9665-5e97e6b64b9c/datanode-2/data/ratis/dcfe6e57-69b8-4d5b-b14f-e555343bb60f
2022-10-14 20:48:21,176 [pool-118-thread-1] INFO  server.RaftServerConfigKeys (ConfUtils.java:logGet(46)) - raft.server.log.queue.byte-limit = 4294967296 (custom)
2022-10-14 20:48:21,176 [pool-118-thread-1] INFO  server.RaftServerConfigKeys (ConfUtils.java:logGet(46)) - raft.server.log.queue.element-limit = 1024 (custom)
2022-10-14 20:48:21,176 [pool-118-thread-1] INFO  server.RaftServerConfigKeys (ConfUtils.java:logGet(46)) - raft.server.log.segment.size.max = 1048576 (custom)
2022-10-14 20:48:21,180 [pool-118-thread-1] INFO  server.RaftServerConfigKeys (ConfUtils.java:logGet(46)) - raft.server.log.preallocated.size = 16384 (custom)
2022-10-14 20:48:21,180 [pool-118-thread-1] INFO  server.RaftServerConfigKeys (ConfUtils.java:logGet(46)) - raft.server.log.force.sync.num = 128 (default)
2022-10-14 20:48:21,180 [pool-118-thread-1] INFO  server.RaftServerConfigKeys (ConfUtils.java:logGet(46)) - raft.server.log.statemachine.data.sync = true (default)
2022-10-14 20:48:21,180 [pool-118-thread-1] INFO  server.RaftServerConfigKeys (ConfUtils.java:logGet(46)) - raft.server.log.statemachine.data.sync.timeout = 10s (default)
2022-10-14 20:48:21,180 [pool-118-thread-1] INFO  server.RaftServerConfigKeys (ConfUtils.java:logGet(46)) - raft.server.log.statemachine.data.sync.timeout.retry = -1 (default)
2022-10-14 20:48:21,182 [pool-118-thread-1] INFO  server.RaftServerConfigKeys (ConfUtils.java:logGet(46)) - raft.server.log.write.buffer.size = 1048576 (custom)
2022-10-14 20:48:21,182 [pool-118-thread-1] INFO  server.RaftServerConfigKeys (ConfUtils.java:logGet(46)) - raft.server.log.unsafe-flush.enabled = false (default)
2022-10-14 20:48:21,182 [pool-118-thread-1] INFO  server.RaftServerConfigKeys (ConfUtils.java:logGet(46)) - raft.server.log.statemachine.data.caching.enabled = true (custom)
2022-10-14 20:48:21,183 [pool-118-thread-1] INFO  segmented.SegmentedRaftLogWorker (SegmentedRaftLogWorker.java:lambda$new$0(135)) - b5e52be0-4491-4e69-96e1-10d94051f40c@group-E555343BB60F-SegmentedRaftLogWorker: flushIndex: setUnconditionally 0 -> -1
2022-10-14 20:48:21,183 [pool-118-thread-1] INFO  segmented.SegmentedRaftLogWorker (SegmentedRaftLogWorker.java:lambda$new$0(135)) - b5e52be0-4491-4e69-96e1-10d94051f40c@group-E555343BB60F-SegmentedRaftLogWorker: safeCacheEvictIndex: setUnconditionally 0 -> -1
2022-10-14 20:48:21,185 [pool-118-thread-1] INFO  server.RaftServerConfigKeys (ConfUtils.java:logGet(46)) - raft.server.snapshot.auto.trigger.enabled = true (custom)
2022-10-14 20:48:21,185 [pool-118-thread-1] INFO  server.RaftServerConfigKeys (ConfUtils.java:logGet(46)) - raft.server.snapshot.auto.trigger.threshold = 10000 (custom)
2022-10-14 20:48:21,185 [pool-118-thread-1] INFO  server.RaftServerConfigKeys (ConfUtils.java:logGet(46)) - raft.server.snapshot.retention.file.num = 5 (custom)
2022-10-14 20:48:21,185 [pool-118-thread-1] INFO  server.RaftServerConfigKeys (ConfUtils.java:logGet(46)) - raft.server.log.purge.upto.snapshot.index = false (default)
2022-10-14 20:48:21,185 [pool-118-thread-1] INFO  server.RaftServerConfigKeys (ConfUtils.java:logGet(46)) - raft.server.retrycache.expirytime = 600000ms (custom)
2022-10-14 20:48:21,185 [pool-118-thread-1] INFO  server.RaftServerConfigKeys (ConfUtils.java:logGet(46)) - raft.server.retrycache.statistics.expirytime = 100μs (default)
2022-10-14 20:48:21,187 [pool-118-thread-1] INFO  server.RaftServerConfigKeys (ConfUtils.java:logGet(46)) - raft.server.log.appender.install.snapshot.enabled = false (custom)
2022-10-14 20:48:21,187 [pool-118-thread-1] INFO  server.RaftServerConfigKeys (ConfUtils.java:logGet(46)) - raft.server.threadpool.server.cached = true (default)
2022-10-14 20:48:21,187 [pool-118-thread-1] INFO  server.RaftServerConfigKeys (ConfUtils.java:logGet(46)) - raft.server.threadpool.server.size = 0 (default)
2022-10-14 20:48:21,187 [pool-118-thread-1] INFO  server.RaftServerConfigKeys (ConfUtils.java:logGet(46)) - raft.server.threadpool.client.cached = true (default)
2022-10-14 20:48:21,187 [pool-118-thread-1] INFO  server.RaftServerConfigKeys (ConfUtils.java:logGet(46)) - raft.server.threadpool.client.size = 0 (default)
2022-10-14 20:48:21,187 [pool-118-thread-1] INFO  server.RaftServer$Division (RaftServerImpl.java:start(310)) - b5e52be0-4491-4e69-96e1-10d94051f40c@group-E555343BB60F: start as a follower, conf=-1: [e247b98c-9a86-486e-b3b1-fa195c9418a4|rpc:10.1.0.226:46677|dataStream:|priority:0, 8b5383b3-e7bf-4722-baeb-dd5c06b347e3|rpc:10.1.0.226:34173|dataStream:|priority:0, b5e52be0-4491-4e69-96e1-10d94051f40c|rpc:10.1.0.226:37041|dataStream:|priority:1], old=null
2022-10-14 20:48:21,187 [pool-118-thread-1] INFO  server.RaftServer$Division (RaftServerImpl.java:setRole(299)) - b5e52be0-4491-4e69-96e1-10d94051f40c@group-E555343BB60F: changes role from      null to FOLLOWER at term 0 for startAsFollower
2022-10-14 20:48:21,187 [pool-118-thread-1] INFO  impl.RoleInfo (RoleInfo.java:updateAndGet(139)) - b5e52be0-4491-4e69-96e1-10d94051f40c: start b5e52be0-4491-4e69-96e1-10d94051f40c@group-E555343BB60F-FollowerState
2022-10-14 20:48:21,202 [Listener at 127.0.0.1/41743] INFO  ozone.MiniOzoneClusterImpl (MiniOzoneClusterImpl.java:lambda$waitForClusterToBeReady$0(216)) - Waiting for nodes to be ready. Got 9 of 10 DN Heartbeats.
2022-10-14 20:48:21,202 [Listener at 127.0.0.1/41743] INFO  ozone.MiniOzoneClusterImpl (MiniOzoneClusterImpl.java:lambda$waitForClusterToBeReady$0(219)) - Waiting for cluster to exit safe mode
2022-10-14 20:48:21,202 [Listener at 127.0.0.1/41743] INFO  ozone.MiniOzoneClusterImpl (MiniOzoneClusterImpl.java:lambda$waitForClusterToBeReady$0(221)) - SCM became leader
2022-10-14 20:48:21,206 [pool-118-thread-1] INFO  util.JmxRegister (JmxRegister.java:tryRegister(44)) - Successfully registered JMX Bean with object name Ratis:service=RaftServer,group=group-E555343BB60F,id=b5e52be0-4491-4e69-96e1-10d94051f40c
2022-10-14 20:48:21,217 [IPC Server handler 4 on default port 35689] INFO  net.NetworkTopologyImpl (NetworkTopologyImpl.java:add(112)) - Added a new node: /default-rack/7caf7f47-8d76-4e84-850d-743f4336bef8
2022-10-14 20:48:21,218 [IPC Server handler 4 on default port 35689] INFO  node.SCMNodeManager (SCMNodeManager.java:register(397)) - Registered Data node : 7caf7f47-8d76-4e84-850d-743f4336bef8{ip: 10.1.0.226, host: fv-az459-990.msq0az1vewme3jsxyslsv0htic.jx.internal.cloudapp.net, ports: [REPLICATION=44663, RATIS=46807, RATIS_ADMIN=46807, RATIS_SERVER=46807, STANDALONE=44645], networkLocation: /default-rack, certSerialId: null, persistedOpState: null, persistedOpStateExpiryEpochSec: 0}
2022-10-14 20:48:21,219 [EventQueue-NewNodeForNewNodeHandler] INFO  pipeline.BackgroundPipelineCreator (BackgroundPipelineCreator.java:notifyEventTriggered(276)) - trigger a one-shot run on RatisPipelineUtilsThread.
2022-10-14 20:48:21,219 [RatisPipelineUtilsThread - 0] INFO  pipeline.RatisPipelineProvider (RatisPipelineProvider.java:lambda$create$0(195)) - Sending CreatePipelineCommand for pipeline:PipelineID=5da042a4-ed82-47de-83fa-a3e353c6e768 to datanode:7caf7f47-8d76-4e84-850d-743f4336bef8
2022-10-14 20:48:21,220 [RatisPipelineUtilsThread - 0] INFO  pipeline.PipelineStateManagerImpl (PipelineStateManagerImpl.java:addPipeline(103)) - Created pipeline Pipeline[ Id: 5da042a4-ed82-47de-83fa-a3e353c6e768, Nodes: 7caf7f47-8d76-4e84-850d-743f4336bef8{ip: 10.1.0.226, host: fv-az459-990.msq0az1vewme3jsxyslsv0htic.jx.internal.cloudapp.net, ports: [REPLICATION=44663, RATIS=46807, RATIS_ADMIN=46807, RATIS_SERVER=46807, STANDALONE=44645], networkLocation: /default-rack, certSerialId: null, persistedOpState: IN_SERVICE, persistedOpStateExpiryEpochSec: 0}, ReplicationConfig: RATIS/ONE, State:ALLOCATED, leaderId:, CreationTimestamp2022-10-14T20:48:21.219Z[Etc/UTC]].
2022-10-14 20:48:21,347 [Command processor thread] INFO  commandhandler.CreatePipelineCommandHandler (CreatePipelineCommandHandler.java:handle(113)) - Created Pipeline RATIS THREE PipelineID=dcfe6e57-69b8-4d5b-b14f-e555343bb60f.
2022-10-14 20:48:21,348 [Command processor thread] INFO  server.RaftServer (RaftServerProxy.java:addNew(96)) - 8b5383b3-e7bf-4722-baeb-dd5c06b347e3: addNew group-2ECA46B087C1:[e247b98c-9a86-486e-b3b1-fa195c9418a4|rpc:10.1.0.226:46677|priority:0, 8b5383b3-e7bf-4722-baeb-dd5c06b347e3|rpc:10.1.0.226:34173|priority:1, b5e52be0-4491-4e69-96e1-10d94051f40c|rpc:10.1.0.226:37041|priority:0] returns group-2ECA46B087C1:java.util.concurrent.CompletableFuture@2bcd7aa5[Not completed]
2022-10-14 20:48:21,349 [pool-95-thread-1] INFO  server.RaftServer$Division (RaftServerImpl.java:<init>(190)) - 8b5383b3-e7bf-4722-baeb-dd5c06b347e3: new RaftServerImpl for group-2ECA46B087C1:[e247b98c-9a86-486e-b3b1-fa195c9418a4|rpc:10.1.0.226:46677|priority:0, 8b5383b3-e7bf-4722-baeb-dd5c06b347e3|rpc:10.1.0.226:34173|priority:1, b5e52be0-4491-4e69-96e1-10d94051f40c|rpc:10.1.0.226:37041|priority:0] with ContainerStateMachine:uninitialized
2022-10-14 20:48:21,350 [pool-95-thread-1] INFO  server.RaftServerConfigKeys (ConfUtils.java:logGet(46)) - raft.server.rpc.timeout.min = 5s (custom)
2022-10-14 20:48:21,350 [pool-95-thread-1] INFO  server.RaftServerConfigKeys (ConfUtils.java:logGet(46)) - raft.server.rpc.timeout.max = 5200ms (custom)
2022-10-14 20:48:21,350 [pool-95-thread-1] INFO  server.RaftServerConfigKeys (ConfUtils.java:logGet(46)) - raft.server.rpc.sleep.time = 25ms (default)
2022-10-14 20:48:21,350 [pool-95-thread-1] INFO  server.RaftServerConfigKeys (ConfUtils.java:logGet(46)) - raft.server.rpc.slowness.timeout = 300s (custom)
2022-10-14 20:48:21,350 [pool-95-thread-1] INFO  server.RaftServerConfigKeys (ConfUtils.java:logGet(46)) - raft.server.leaderelection.leader.step-down.wait-time = 10s (default)
2022-10-14 20:48:21,350 [pool-95-thread-1] INFO  server.RaftServerConfigKeys (ConfUtils.java:logGet(46)) - raft.server.sleep.deviation.threshold = 300ms (default)
2022-10-14 20:48:21,350 [pool-95-thread-1] INFO  server.RaftServer$Division (ServerState.java:<init>(107)) - 8b5383b3-e7bf-4722-baeb-dd5c06b347e3@group-2ECA46B087C1: ConfigurationManager, init=-1: [e247b98c-9a86-486e-b3b1-fa195c9418a4|rpc:10.1.0.226:46677|priority:0, 8b5383b3-e7bf-4722-baeb-dd5c06b347e3|rpc:10.1.0.226:34173|priority:1, b5e52be0-4491-4e69-96e1-10d94051f40c|rpc:10.1.0.226:37041|priority:0], old=null, confs=<EMPTY_MAP>
2022-10-14 20:48:21,350 [pool-95-thread-1] INFO  server.RaftServerConfigKeys (ConfUtils.java:logGet(46)) - raft.server.storage.dir = [/home/runner/work/ozone/ozone/hadoop-ozone/integration-test/target/test-dir/MiniOzoneClusterImpl-1e9d71ba-d753-4201-9665-5e97e6b64b9c/datanode-1/data/ratis] (custom)
2022-10-14 20:48:21,351 [pool-95-thread-1] INFO  server.RaftServerConfigKeys (ConfUtils.java:logGet(46)) - raft.server.log.corruption.policy = EXCEPTION (default)
2022-10-14 20:48:21,351 [pool-95-thread-1] INFO  server.RaftServerConfigKeys (ConfUtils.java:logGet(46)) - raft.server.storage.free-space.min = 0MB (=0) (default)
2022-10-14 20:48:21,351 [pool-95-thread-1] INFO  storage.RaftStorageDirectory (RaftStorageDirectoryImpl.java:analyzeStorage(135)) - The storage directory /home/runner/work/ozone/ozone/hadoop-ozone/integration-test/target/test-dir/MiniOzoneClusterImpl-1e9d71ba-d753-4201-9665-5e97e6b64b9c/datanode-1/data/ratis/ded1bd47-8c8d-43d4-af13-2eca46b087c1 does not exist. Creating ...
2022-10-14 20:48:21,352 [pool-95-thread-1] INFO  storage.RaftStorageDirectory (RaftStorageDirectoryImpl.java:tryLock(230)) - Lock on /home/runner/work/ozone/ozone/hadoop-ozone/integration-test/target/test-dir/MiniOzoneClusterImpl-1e9d71ba-d753-4201-9665-5e97e6b64b9c/datanode-1/data/ratis/ded1bd47-8c8d-43d4-af13-2eca46b087c1/in_use.lock acquired by nodename 88544@fv-az459-990
2022-10-14 20:48:21,356 [Command processor thread] INFO  commandhandler.CreatePipelineCommandHandler (CreatePipelineCommandHandler.java:handle(113)) - Created Pipeline RATIS THREE PipelineID=dcfe6e57-69b8-4d5b-b14f-e555343bb60f.
2022-10-14 20:48:21,356 [pool-95-thread-1] INFO  storage.RaftStorage (RaftStorageImpl.java:format(89)) - Storage directory /home/runner/work/ozone/ozone/hadoop-ozone/integration-test/target/test-dir/MiniOzoneClusterImpl-1e9d71ba-d753-4201-9665-5e97e6b64b9c/datanode-1/data/ratis/ded1bd47-8c8d-43d4-af13-2eca46b087c1 has been successfully formatted.
2022-10-14 20:48:21,356 [Command processor thread] INFO  server.RaftServer (RaftServerProxy.java:addNew(96)) - e247b98c-9a86-486e-b3b1-fa195c9418a4: addNew group-2ECA46B087C1:[e247b98c-9a86-486e-b3b1-fa195c9418a4|rpc:10.1.0.226:46677|priority:0, 8b5383b3-e7bf-4722-baeb-dd5c06b347e3|rpc:10.1.0.226:34173|priority:1, b5e52be0-4491-4e69-96e1-10d94051f40c|rpc:10.1.0.226:37041|priority:0] returns group-2ECA46B087C1:java.util.concurrent.CompletableFuture@674c80b8[Not completed]
2022-10-14 20:48:21,357 [pool-72-thread-1] INFO  server.RaftServer$Division (RaftServerImpl.java:<init>(190)) - e247b98c-9a86-486e-b3b1-fa195c9418a4: new RaftServerImpl for group-2ECA46B087C1:[e247b98c-9a86-486e-b3b1-fa195c9418a4|rpc:10.1.0.226:46677|priority:0, 8b5383b3-e7bf-4722-baeb-dd5c06b347e3|rpc:10.1.0.226:34173|priority:1, b5e52be0-4491-4e69-96e1-10d94051f40c|rpc:10.1.0.226:37041|priority:0] with ContainerStateMachine:uninitialized
2022-10-14 20:48:21,357 [pool-95-thread-1] INFO  ratis.ContainerStateMachine (ContainerStateMachine.java:loadSnapshot(236)) - group-2ECA46B087C1: The snapshot info is null. Setting the last applied indexto:(t:0, i:~)
2022-10-14 20:48:21,359 [EventQueue-OpenPipelineForHealthyPipelineSafeModeRule] INFO  safemode.SCMSafeModeManager (HealthyPipelineSafeModeRule.java:process(137)) - SCM in safe mode. Healthy pipelines reported count is 0, required healthy pipeline reported count is 1
2022-10-14 20:48:21,357 [pool-72-thread-1] INFO  server.RaftServerConfigKeys (ConfUtils.java:logGet(46)) - raft.server.rpc.timeout.min = 5s (custom)
2022-10-14 20:48:21,359 [pool-72-thread-1] INFO  server.RaftServerConfigKeys (ConfUtils.java:logGet(46)) - raft.server.rpc.timeout.max = 5200ms (custom)
2022-10-14 20:48:21,359 [pool-72-thread-1] INFO  server.RaftServerConfigKeys (ConfUtils.java:logGet(46)) - raft.server.rpc.sleep.time = 25ms (default)
2022-10-14 20:48:21,360 [pool-72-thread-1] INFO  server.RaftServerConfigKeys (ConfUtils.java:logGet(46)) - raft.server.rpc.slowness.timeout = 300s (custom)
2022-10-14 20:48:21,360 [pool-72-thread-1] INFO  server.RaftServerConfigKeys (ConfUtils.java:logGet(46)) - raft.server.leaderelection.leader.step-down.wait-time = 10s (default)
2022-10-14 20:48:21,360 [pool-72-thread-1] INFO  server.RaftServerConfigKeys (ConfUtils.java:logGet(46)) - raft.server.sleep.deviation.threshold = 300ms (default)
2022-10-14 20:48:21,360 [pool-72-thread-1] INFO  server.RaftServer$Division (ServerState.java:<init>(107)) - e247b98c-9a86-486e-b3b1-fa195c9418a4@group-2ECA46B087C1: ConfigurationManager, init=-1: [e247b98c-9a86-486e-b3b1-fa195c9418a4|rpc:10.1.0.226:46677|priority:0, 8b5383b3-e7bf-4722-baeb-dd5c06b347e3|rpc:10.1.0.226:34173|priority:1, b5e52be0-4491-4e69-96e1-10d94051f40c|rpc:10.1.0.226:37041|priority:0], old=null, confs=<EMPTY_MAP>
2022-10-14 20:48:21,360 [pool-72-thread-1] INFO  server.RaftServerConfigKeys (ConfUtils.java:logGet(46)) - raft.server.storage.dir = [/home/runner/work/ozone/ozone/hadoop-ozone/integration-test/target/test-dir/MiniOzoneClusterImpl-1e9d71ba-d753-4201-9665-5e97e6b64b9c/datanode-0/data/ratis] (custom)
2022-10-14 20:48:21,360 [pool-72-thread-1] INFO  server.RaftServerConfigKeys (ConfUtils.java:logGet(46)) - raft.server.log.corruption.policy = EXCEPTION (default)
2022-10-14 20:48:21,360 [pool-72-thread-1] INFO  server.RaftServerConfigKeys (ConfUtils.java:logGet(46)) - raft.server.storage.free-space.min = 0MB (=0) (default)
2022-10-14 20:48:21,360 [pool-72-thread-1] INFO  storage.RaftStorageDirectory (RaftStorageDirectoryImpl.java:analyzeStorage(135)) - The storage directory /home/runner/work/ozone/ozone/hadoop-ozone/integration-test/target/test-dir/MiniOzoneClusterImpl-1e9d71ba-d753-4201-9665-5e97e6b64b9c/datanode-0/data/ratis/ded1bd47-8c8d-43d4-af13-2eca46b087c1 does not exist. Creating ...
2022-10-14 20:48:21,360 [pool-95-thread-1] INFO  server.RaftServerConfigKeys (ConfUtils.java:logGet(46)) - raft.server.notification.no-leader.timeout = 300s (custom)
2022-10-14 20:48:21,360 [pool-95-thread-1] INFO  server.RaftServerConfigKeys (ConfUtils.java:logGet(46)) - raft.server.log.use.memory = false (default)
2022-10-14 20:48:21,361 [pool-95-thread-1] INFO  server.RaftServerConfigKeys (ConfUtils.java:logGet(46)) - raft.server.log.purge.gap = 1000000 (custom)
2022-10-14 20:48:21,361 [pool-95-thread-1] INFO  server.RaftServerConfigKeys (ConfUtils.java:logGet(46)) - raft.server.log.appender.buffer.byte-limit = 33554432 (custom)
2022-10-14 20:48:21,361 [pool-95-thread-1] INFO  server.RaftServerConfigKeys (ConfUtils.java:logGet(46)) - raft.server.log.statemachine.data.read.timeout = 1000ms (default)
2022-10-14 20:48:21,361 [pool-95-thread-1] INFO  server.RaftServerConfigKeys (ConfUtils.java:logGet(46)) - raft.server.log.segment.size.max = 1048576 (custom)
2022-10-14 20:48:21,362 [pool-95-thread-1] INFO  server.RaftServerConfigKeys (ConfUtils.java:logGet(46)) - raft.server.log.segment.cache.num.max = 2 (custom)
2022-10-14 20:48:21,362 [pool-95-thread-1] INFO  server.RaftServerConfigKeys (ConfUtils.java:logGet(46)) - raft.server.log.segment.cache.size.max = 200MB (=209715200) (default)
2022-10-14 20:48:21,362 [pool-95-thread-1] INFO  segmented.SegmentedRaftLogWorker (SegmentedRaftLogWorker.java:<init>(187)) - new 8b5383b3-e7bf-4722-baeb-dd5c06b347e3@group-2ECA46B087C1-SegmentedRaftLogWorker for RaftStorageImpl:Storage Directory /home/runner/work/ozone/ozone/hadoop-ozone/integration-test/target/test-dir/MiniOzoneClusterImpl-1e9d71ba-d753-4201-9665-5e97e6b64b9c/datanode-1/data/ratis/ded1bd47-8c8d-43d4-af13-2eca46b087c1
2022-10-14 20:48:21,362 [pool-95-thread-1] INFO  server.RaftServerConfigKeys (ConfUtils.java:logGet(46)) - raft.server.log.queue.byte-limit = 4294967296 (custom)
2022-10-14 20:48:21,362 [pool-95-thread-1] INFO  server.RaftServerConfigKeys (ConfUtils.java:logGet(46)) - raft.server.log.queue.element-limit = 1024 (custom)
2022-10-14 20:48:21,362 [pool-95-thread-1] INFO  server.RaftServerConfigKeys (ConfUtils.java:logGet(46)) - raft.server.log.segment.size.max = 1048576 (custom)
2022-10-14 20:48:21,362 [pool-95-thread-1] INFO  server.RaftServerConfigKeys (ConfUtils.java:logGet(46)) - raft.server.log.preallocated.size = 16384 (custom)
2022-10-14 20:48:21,362 [pool-95-thread-1] INFO  server.RaftServerConfigKeys (ConfUtils.java:logGet(46)) - raft.server.log.force.sync.num = 128 (default)
2022-10-14 20:48:21,362 [pool-95-thread-1] INFO  server.RaftServerConfigKeys (ConfUtils.java:logGet(46)) - raft.server.log.statemachine.data.sync = true (default)
2022-10-14 20:48:21,362 [pool-95-thread-1] INFO  server.RaftServerConfigKeys (ConfUtils.java:logGet(46)) - raft.server.log.statemachine.data.sync.timeout = 10s (default)
2022-10-14 20:48:21,362 [pool-95-thread-1] INFO  server.RaftServerConfigKeys (ConfUtils.java:logGet(46)) - raft.server.log.statemachine.data.sync.timeout.retry = -1 (default)
2022-10-14 20:48:21,363 [pool-95-thread-1] INFO  server.RaftServerConfigKeys (ConfUtils.java:logGet(46)) - raft.server.log.write.buffer.size = 1048576 (custom)
2022-10-14 20:48:21,364 [pool-95-thread-1] INFO  server.RaftServerConfigKeys (ConfUtils.java:logGet(46)) - raft.server.log.unsafe-flush.enabled = false (default)
2022-10-14 20:48:21,364 [pool-95-thread-1] INFO  server.RaftServerConfigKeys (ConfUtils.java:logGet(46)) - raft.server.log.statemachine.data.caching.enabled = true (custom)
2022-10-14 20:48:21,364 [pool-95-thread-1] INFO  segmented.SegmentedRaftLogWorker (SegmentedRaftLogWorker.java:lambda$new$0(135)) - 8b5383b3-e7bf-4722-baeb-dd5c06b347e3@group-2ECA46B087C1-SegmentedRaftLogWorker: flushIndex: setUnconditionally 0 -> -1
2022-10-14 20:48:21,364 [pool-95-thread-1] INFO  segmented.SegmentedRaftLogWorker (SegmentedRaftLogWorker.java:lambda$new$0(135)) - 8b5383b3-e7bf-4722-baeb-dd5c06b347e3@group-2ECA46B087C1-SegmentedRaftLogWorker: safeCacheEvictIndex: setUnconditionally 0 -> -1
2022-10-14 20:48:21,365 [pool-95-thread-1] INFO  server.RaftServerConfigKeys (ConfUtils.java:logGet(46)) - raft.server.snapshot.auto.trigger.enabled = true (custom)
2022-10-14 20:48:21,365 [pool-95-thread-1] INFO  server.RaftServerConfigKeys (ConfUtils.java:logGet(46)) - raft.server.snapshot.auto.trigger.threshold = 10000 (custom)
2022-10-14 20:48:21,365 [pool-95-thread-1] INFO  server.RaftServerConfigKeys (ConfUtils.java:logGet(46)) - raft.server.snapshot.retention.file.num = 5 (custom)
2022-10-14 20:48:21,365 [pool-95-thread-1] INFO  server.RaftServerConfigKeys (ConfUtils.java:logGet(46)) - raft.server.log.purge.upto.snapshot.index = false (default)
2022-10-14 20:48:21,365 [pool-95-thread-1] INFO  server.RaftServerConfigKeys (ConfUtils.java:logGet(46)) - raft.server.retrycache.expirytime = 600000ms (custom)
2022-10-14 20:48:21,365 [pool-95-thread-1] INFO  server.RaftServerConfigKeys (ConfUtils.java:logGet(46)) - raft.server.retrycache.statistics.expirytime = 100μs (default)
2022-10-14 20:48:21,367 [pool-95-thread-1] INFO  server.RaftServerConfigKeys (ConfUtils.java:logGet(46)) - raft.server.log.appender.install.snapshot.enabled = false (custom)
2022-10-14 20:48:21,367 [pool-95-thread-1] INFO  server.RaftServerConfigKeys (ConfUtils.java:logGet(46)) - raft.server.threadpool.server.cached = true (default)
2022-10-14 20:48:21,367 [pool-95-thread-1] INFO  server.RaftServerConfigKeys (ConfUtils.java:logGet(46)) - raft.server.threadpool.server.size = 0 (default)
2022-10-14 20:48:21,367 [pool-95-thread-1] INFO  server.RaftServerConfigKeys (ConfUtils.java:logGet(46)) - raft.server.threadpool.client.cached = true (default)
2022-10-14 20:48:21,367 [pool-95-thread-1] INFO  server.RaftServerConfigKeys (ConfUtils.java:logGet(46)) - raft.server.threadpool.client.size = 0 (default)
2022-10-14 20:48:21,367 [pool-95-thread-1] INFO  server.RaftServer$Division (RaftServerImpl.java:start(310)) - 8b5383b3-e7bf-4722-baeb-dd5c06b347e3@group-2ECA46B087C1: start as a follower, conf=-1: [e247b98c-9a86-486e-b3b1-fa195c9418a4|rpc:10.1.0.226:46677|priority:0, 8b5383b3-e7bf-4722-baeb-dd5c06b347e3|rpc:10.1.0.226:34173|priority:1, b5e52be0-4491-4e69-96e1-10d94051f40c|rpc:10.1.0.226:37041|priority:0], old=null
2022-10-14 20:48:21,367 [pool-95-thread-1] INFO  server.RaftServer$Division (RaftServerImpl.java:setRole(299)) - 8b5383b3-e7bf-4722-baeb-dd5c06b347e3@group-2ECA46B087C1: changes role from      null to FOLLOWER at term 0 for startAsFollower
2022-10-14 20:48:21,367 [pool-95-thread-1] INFO  impl.RoleInfo (RoleInfo.java:updateAndGet(139)) - 8b5383b3-e7bf-4722-baeb-dd5c06b347e3: start 8b5383b3-e7bf-4722-baeb-dd5c06b347e3@group-2ECA46B087C1-FollowerState
2022-10-14 20:48:21,365 [pool-72-thread-1] INFO  storage.RaftStorageDirectory (RaftStorageDirectoryImpl.java:tryLock(230)) - Lock on /home/runner/work/ozone/ozone/hadoop-ozone/integration-test/target/test-dir/MiniOzoneClusterImpl-1e9d71ba-d753-4201-9665-5e97e6b64b9c/datanode-0/data/ratis/ded1bd47-8c8d-43d4-af13-2eca46b087c1/in_use.lock acquired by nodename 88544@fv-az459-990
2022-10-14 20:48:21,368 [pool-95-thread-1] INFO  util.JmxRegister (JmxRegister.java:tryRegister(44)) - Successfully registered JMX Bean with object name Ratis:service=RaftServer,group=group-2ECA46B087C1,id=8b5383b3-e7bf-4722-baeb-dd5c06b347e3
2022-10-14 20:48:21,369 [pool-72-thread-1] INFO  storage.RaftStorage (RaftStorageImpl.java:format(89)) - Storage directory /home/runner/work/ozone/ozone/hadoop-ozone/integration-test/target/test-dir/MiniOzoneClusterImpl-1e9d71ba-d753-4201-9665-5e97e6b64b9c/datanode-0/data/ratis/ded1bd47-8c8d-43d4-af13-2eca46b087c1 has been successfully formatted.
2022-10-14 20:48:21,373 [Command processor thread] INFO  ratis.XceiverServerRatis (XceiverServerRatis.java:addGroup(765)) - Created group PipelineID=ded1bd47-8c8d-43d4-af13-2eca46b087c1
2022-10-14 20:48:21,373 [pool-72-thread-1] INFO  ratis.ContainerStateMachine (ContainerStateMachine.java:loadSnapshot(236)) - group-2ECA46B087C1: The snapshot info is null. Setting the last applied indexto:(t:0, i:~)
2022-10-14 20:48:21,373 [pool-72-thread-1] INFO  server.RaftServerConfigKeys (ConfUtils.java:logGet(46)) - raft.server.notification.no-leader.timeout = 300s (custom)
2022-10-14 20:48:21,373 [pool-72-thread-1] INFO  server.RaftServerConfigKeys (ConfUtils.java:logGet(46)) - raft.server.log.use.memory = false (default)
2022-10-14 20:48:21,373 [pool-72-thread-1] INFO  server.RaftServerConfigKeys (ConfUtils.java:logGet(46)) - raft.server.log.purge.gap = 1000000 (custom)
2022-10-14 20:48:21,373 [pool-72-thread-1] INFO  server.RaftServerConfigKeys (ConfUtils.java:logGet(46)) - raft.server.log.appender.buffer.byte-limit = 33554432 (custom)
2022-10-14 20:48:21,374 [pool-72-thread-1] INFO  server.RaftServerConfigKeys (ConfUtils.java:logGet(46)) - raft.server.log.statemachine.data.read.timeout = 1000ms (default)
2022-10-14 20:48:21,374 [pool-72-thread-1] INFO  server.RaftServerConfigKeys (ConfUtils.java:logGet(46)) - raft.server.log.segment.size.max = 1048576 (custom)
2022-10-14 20:48:21,374 [pool-72-thread-1] INFO  server.RaftServerConfigKeys (ConfUtils.java:logGet(46)) - raft.server.log.segment.cache.num.max = 2 (custom)
2022-10-14 20:48:21,374 [pool-72-thread-1] INFO  server.RaftServerConfigKeys (ConfUtils.java:logGet(46)) - raft.server.log.segment.cache.size.max = 200MB (=209715200) (default)
2022-10-14 20:48:21,374 [pool-72-thread-1] INFO  segmented.SegmentedRaftLogWorker (SegmentedRaftLogWorker.java:<init>(187)) - new e247b98c-9a86-486e-b3b1-fa195c9418a4@group-2ECA46B087C1-SegmentedRaftLogWorker for RaftStorageImpl:Storage Directory /home/runner/work/ozone/ozone/hadoop-ozone/integration-test/target/test-dir/MiniOzoneClusterImpl-1e9d71ba-d753-4201-9665-5e97e6b64b9c/datanode-0/data/ratis/ded1bd47-8c8d-43d4-af13-2eca46b087c1
2022-10-14 20:48:21,374 [pool-72-thread-1] INFO  server.RaftServerConfigKeys (ConfUtils.java:logGet(46)) - raft.server.log.queue.byte-limit = 4294967296 (custom)
2022-10-14 20:48:21,374 [pool-72-thread-1] INFO  server.RaftServerConfigKeys (ConfUtils.java:logGet(46)) - raft.server.log.queue.element-limit = 1024 (custom)
2022-10-14 20:48:21,375 [pool-72-thread-1] INFO  server.RaftServerConfigKeys (ConfUtils.java:logGet(46)) - raft.server.log.segment.size.max = 1048576 (custom)
2022-10-14 20:48:21,375 [pool-72-thread-1] INFO  server.RaftServerConfigKeys (ConfUtils.java:logGet(46)) - raft.server.log.preallocated.size = 16384 (custom)
2022-10-14 20:48:21,375 [pool-72-thread-1] INFO  server.RaftServerConfigKeys (ConfUtils.java:logGet(46)) - raft.server.log.force.sync.num = 128 (default)
2022-10-14 20:48:21,375 [pool-72-thread-1] INFO  server.RaftServerConfigKeys (ConfUtils.java:logGet(46)) - raft.server.log.statemachine.data.sync = true (default)
2022-10-14 20:48:21,375 [pool-72-thread-1] INFO  server.RaftServerConfigKeys (ConfUtils.java:logGet(46)) - raft.server.log.statemachine.data.sync.timeout = 10s (default)
2022-10-14 20:48:21,375 [pool-72-thread-1] INFO  server.RaftServerConfigKeys (ConfUtils.java:logGet(46)) - raft.server.log.statemachine.data.sync.timeout.retry = -1 (default)
2022-10-14 20:48:21,376 [pool-72-thread-1] INFO  server.RaftServerConfigKeys (ConfUtils.java:logGet(46)) - raft.server.log.write.buffer.size = 1048576 (custom)
2022-10-14 20:48:21,376 [pool-72-thread-1] INFO  server.RaftServerConfigKeys (ConfUtils.java:logGet(46)) - raft.server.log.unsafe-flush.enabled = false (default)
2022-10-14 20:48:21,376 [pool-72-thread-1] INFO  server.RaftServerConfigKeys (ConfUtils.java:logGet(46)) - raft.server.log.statemachine.data.caching.enabled = true (custom)
2022-10-14 20:48:21,376 [pool-72-thread-1] INFO  segmented.SegmentedRaftLogWorker (SegmentedRaftLogWorker.java:lambda$new$0(135)) - e247b98c-9a86-486e-b3b1-fa195c9418a4@group-2ECA46B087C1-SegmentedRaftLogWorker: flushIndex: setUnconditionally 0 -> -1
2022-10-14 20:48:21,376 [pool-72-thread-1] INFO  segmented.SegmentedRaftLogWorker (SegmentedRaftLogWorker.java:lambda$new$0(135)) - e247b98c-9a86-486e-b3b1-fa195c9418a4@group-2ECA46B087C1-SegmentedRaftLogWorker: safeCacheEvictIndex: setUnconditionally 0 -> -1
2022-10-14 20:48:21,381 [Command processor thread] INFO  server.RaftServer (RaftServerProxy.java:addNew(96)) - b5e52be0-4491-4e69-96e1-10d94051f40c: addNew group-ADDBCF77707C:[b5e52be0-4491-4e69-96e1-10d94051f40c|rpc:10.1.0.226:37041|priority:1] returns group-ADDBCF77707C:java.util.concurrent.CompletableFuture@3e02974e[Not completed]
2022-10-14 20:48:21,382 [pool-118-thread-1] INFO  server.RaftServer$Division (RaftServerImpl.java:<init>(190)) - b5e52be0-4491-4e69-96e1-10d94051f40c: new RaftServerImpl for group-ADDBCF77707C:[b5e52be0-4491-4e69-96e1-10d94051f40c|rpc:10.1.0.226:37041|priority:1] with ContainerStateMachine:uninitialized
2022-10-14 20:48:21,382 [pool-118-thread-1] INFO  server.RaftServerConfigKeys (ConfUtils.java:logGet(46)) - raft.server.rpc.timeout.min = 5s (custom)
2022-10-14 20:48:21,382 [pool-118-thread-1] INFO  server.RaftServerConfigKeys (ConfUtils.java:logGet(46)) - raft.server.rpc.timeout.max = 5200ms (custom)
2022-10-14 20:48:21,382 [pool-118-thread-1] INFO  server.RaftServerConfigKeys (ConfUtils.java:logGet(46)) - raft.server.rpc.sleep.time = 25ms (default)
2022-10-14 20:48:21,382 [pool-118-thread-1] INFO  server.RaftServerConfigKeys (ConfUtils.java:logGet(46)) - raft.server.rpc.slowness.timeout = 300s (custom)
2022-10-14 20:48:21,382 [pool-118-thread-1] INFO  server.RaftServerConfigKeys (ConfUtils.java:logGet(46)) - raft.server.leaderelection.leader.step-down.wait-time = 10s (default)
2022-10-14 20:48:21,383 [pool-118-thread-1] INFO  server.RaftServerConfigKeys (ConfUtils.java:logGet(46)) - raft.server.sleep.deviation.threshold = 300ms (default)
2022-10-14 20:48:21,383 [pool-118-thread-1] INFO  server.RaftServer$Division (ServerState.java:<init>(107)) - b5e52be0-4491-4e69-96e1-10d94051f40c@group-ADDBCF77707C: ConfigurationManager, init=-1: [b5e52be0-4491-4e69-96e1-10d94051f40c|rpc:10.1.0.226:37041|priority:1], old=null, confs=<EMPTY_MAP>
2022-10-14 20:48:21,383 [pool-118-thread-1] INFO  server.RaftServerConfigKeys (ConfUtils.java:logGet(46)) - raft.server.storage.dir = [/home/runner/work/ozone/ozone/hadoop-ozone/integration-test/target/test-dir/MiniOzoneClusterImpl-1e9d71ba-d753-4201-9665-5e97e6b64b9c/datanode-2/data/ratis] (custom)
2022-10-14 20:48:21,383 [pool-118-thread-1] INFO  server.RaftServerConfigKeys (ConfUtils.java:logGet(46)) - raft.server.log.corruption.policy = EXCEPTION (default)
2022-10-14 20:48:21,383 [pool-118-thread-1] INFO  server.RaftServerConfigKeys (ConfUtils.java:logGet(46)) - raft.server.storage.free-space.min = 0MB (=0) (default)
2022-10-14 20:48:21,383 [pool-118-thread-1] INFO  storage.RaftStorageDirectory (RaftStorageDirectoryImpl.java:analyzeStorage(135)) - The storage directory /home/runner/work/ozone/ozone/hadoop-ozone/integration-test/target/test-dir/MiniOzoneClusterImpl-1e9d71ba-d753-4201-9665-5e97e6b64b9c/datanode-2/data/ratis/7e09fbe6-f7ef-4006-a142-addbcf77707c does not exist. Creating ...
2022-10-14 20:48:21,384 [pool-118-thread-1] INFO  storage.RaftStorageDirectory (RaftStorageDirectoryImpl.java:tryLock(230)) - Lock on /home/runner/work/ozone/ozone/hadoop-ozone/integration-test/target/test-dir/MiniOzoneClusterImpl-1e9d71ba-d753-4201-9665-5e97e6b64b9c/datanode-2/data/ratis/7e09fbe6-f7ef-4006-a142-addbcf77707c/in_use.lock acquired by nodename 88544@fv-az459-990
2022-10-14 20:48:21,386 [EventQueue-OpenPipelineForHealthyPipelineSafeModeRule] INFO  safemode.SCMSafeModeManager (HealthyPipelineSafeModeRule.java:process(137)) - SCM in safe mode. Healthy pipelines reported count is 0, required healthy pipeline reported count is 1
2022-10-14 20:48:21,386 [pool-118-thread-1] INFO  storage.RaftStorage (RaftStorageImpl.java:format(89)) - Storage directory /home/runner/work/ozone/ozone/hadoop-ozone/integration-test/target/test-dir/MiniOzoneClusterImpl-1e9d71ba-d753-4201-9665-5e97e6b64b9c/datanode-2/data/ratis/7e09fbe6-f7ef-4006-a142-addbcf77707c has been successfully formatted.
2022-10-14 20:48:21,387 [pool-118-thread-1] INFO  ratis.ContainerStateMachine (ContainerStateMachine.java:loadSnapshot(236)) - group-ADDBCF77707C: The snapshot info is null. Setting the last applied indexto:(t:0, i:~)
2022-10-14 20:48:21,387 [pool-118-thread-1] INFO  server.RaftServerConfigKeys (ConfUtils.java:logGet(46)) - raft.server.notification.no-leader.timeout = 300s (custom)
2022-10-14 20:48:21,387 [pool-118-thread-1] INFO  server.RaftServerConfigKeys (ConfUtils.java:logGet(46)) - raft.server.log.use.memory = false (default)
2022-10-14 20:48:21,387 [pool-118-thread-1] INFO  server.RaftServerConfigKeys (ConfUtils.java:logGet(46)) - raft.server.log.purge.gap = 1000000 (custom)
2022-10-14 20:48:21,387 [pool-118-thread-1] INFO  server.RaftServerConfigKeys (ConfUtils.java:logGet(46)) - raft.server.log.appender.buffer.byte-limit = 33554432 (custom)
2022-10-14 20:48:21,387 [pool-118-thread-1] INFO  server.RaftServerConfigKeys (ConfUtils.java:logGet(46)) - raft.server.log.statemachine.data.read.timeout = 1000ms (default)
2022-10-14 20:48:21,388 [pool-118-thread-1] INFO  server.RaftServerConfigKeys (ConfUtils.java:logGet(46)) - raft.server.log.segment.size.max = 1048576 (custom)
2022-10-14 20:48:21,388 [pool-118-thread-1] INFO  server.RaftServerConfigKeys (ConfUtils.java:logGet(46)) - raft.server.log.segment.cache.num.max = 2 (custom)
2022-10-14 20:48:21,388 [pool-118-thread-1] INFO  server.RaftServerConfigKeys (ConfUtils.java:logGet(46)) - raft.server.log.segment.cache.size.max = 200MB (=209715200) (default)
2022-10-14 20:48:21,388 [pool-118-thread-1] INFO  segmented.SegmentedRaftLogWorker (SegmentedRaftLogWorker.java:<init>(187)) - new b5e52be0-4491-4e69-96e1-10d94051f40c@group-ADDBCF77707C-SegmentedRaftLogWorker for RaftStorageImpl:Storage Directory /home/runner/work/ozone/ozone/hadoop-ozone/integration-test/target/test-dir/MiniOzoneClusterImpl-1e9d71ba-d753-4201-9665-5e97e6b64b9c/datanode-2/data/ratis/7e09fbe6-f7ef-4006-a142-addbcf77707c
2022-10-14 20:48:21,388 [pool-118-thread-1] INFO  server.RaftServerConfigKeys (ConfUtils.java:logGet(46)) - raft.server.log.queue.byte-limit = 4294967296 (custom)
2022-10-14 20:48:21,388 [pool-118-thread-1] INFO  server.RaftServerConfigKeys (ConfUtils.java:logGet(46)) - raft.server.log.queue.element-limit = 1024 (custom)
2022-10-14 20:48:21,388 [pool-118-thread-1] INFO  server.RaftServerConfigKeys (ConfUtils.java:logGet(46)) - raft.server.log.segment.size.max = 1048576 (custom)
2022-10-14 20:48:21,388 [pool-118-thread-1] INFO  server.RaftServerConfigKeys (ConfUtils.java:logGet(46)) - raft.server.log.preallocated.size = 16384 (custom)
2022-10-14 20:48:21,388 [pool-118-thread-1] INFO  server.RaftServerConfigKeys (ConfUtils.java:logGet(46)) - raft.server.log.force.sync.num = 128 (default)
2022-10-14 20:48:21,389 [pool-118-thread-1] INFO  server.RaftServerConfigKeys (ConfUtils.java:logGet(46)) - raft.server.log.statemachine.data.sync = true (default)
2022-10-14 20:48:21,389 [pool-118-thread-1] INFO  server.RaftServerConfigKeys (ConfUtils.java:logGet(46)) - raft.server.log.statemachine.data.sync.timeout = 10s (default)
2022-10-14 20:48:21,389 [pool-118-thread-1] INFO  server.RaftServerConfigKeys (ConfUtils.java:logGet(46)) - raft.server.log.statemachine.data.sync.timeout.retry = -1 (default)
2022-10-14 20:48:21,392 [pool-72-thread-1] INFO  server.RaftServerConfigKeys (ConfUtils.java:logGet(46)) - raft.server.snapshot.auto.trigger.enabled = true (custom)
2022-10-14 20:48:21,392 [pool-72-thread-1] INFO  server.RaftServerConfigKeys (ConfUtils.java:logGet(46)) - raft.server.snapshot.auto.trigger.threshold = 10000 (custom)
2022-10-14 20:48:21,392 [pool-72-thread-1] INFO  server.RaftServerConfigKeys (ConfUtils.java:logGet(46)) - raft.server.snapshot.retention.file.num = 5 (custom)
2022-10-14 20:48:21,392 [pool-72-thread-1] INFO  server.RaftServerConfigKeys (ConfUtils.java:logGet(46)) - raft.server.log.purge.upto.snapshot.index = false (default)
2022-10-14 20:48:21,392 [pool-72-thread-1] INFO  server.RaftServerConfigKeys (ConfUtils.java:logGet(46)) - raft.server.retrycache.expirytime = 600000ms (custom)
2022-10-14 20:48:21,392 [pool-72-thread-1] INFO  server.RaftServerConfigKeys (ConfUtils.java:logGet(46)) - raft.server.retrycache.statistics.expirytime = 100μs (default)
2022-10-14 20:48:21,397 [EventQueue-PipelineReportForPipelineReportHandler] INFO  pipeline.PipelineManagerImpl (PipelineManagerImpl.java:openPipeline(367)) - Pipeline Pipeline[ Id: 7e09fbe6-f7ef-4006-a142-addbcf77707c, Nodes: b5e52be0-4491-4e69-96e1-10d94051f40c{ip: 10.1.0.226, host: fv-az459-990.msq0az1vewme3jsxyslsv0htic.jx.internal.cloudapp.net, ports: [REPLICATION=33805, RATIS=37041, RATIS_ADMIN=37041, RATIS_SERVER=37041, STANDALONE=41241], networkLocation: /default-rack, certSerialId: null, persistedOpState: IN_SERVICE, persistedOpStateExpiryEpochSec: 0}, ReplicationConfig: RATIS/ONE, State:ALLOCATED, leaderId:b5e52be0-4491-4e69-96e1-10d94051f40c, CreationTimestamp2022-10-14T20:48:18.385Z[Etc/UTC]] moved to OPEN state
2022-10-14 20:48:21,398 [EventQueue-OpenPipelineForHealthyPipelineSafeModeRule] INFO  safemode.SCMSafeModeManager (HealthyPipelineSafeModeRule.java:process(137)) - SCM in safe mode. Healthy pipelines reported count is 0, required healthy pipeline reported count is 1
2022-10-14 20:48:21,399 [pool-118-thread-1] INFO  server.RaftServerConfigKeys (ConfUtils.java:logGet(46)) - raft.server.log.write.buffer.size = 1048576 (custom)
2022-10-14 20:48:21,400 [pool-72-thread-1] INFO  server.RaftServerConfigKeys (ConfUtils.java:logGet(46)) - raft.server.log.appender.install.snapshot.enabled = false (custom)
2022-10-14 20:48:21,404 [pool-118-thread-1] INFO  server.RaftServerConfigKeys (ConfUtils.java:logGet(46)) - raft.server.log.unsafe-flush.enabled = false (default)
2022-10-14 20:48:21,404 [pool-118-thread-1] INFO  server.RaftServerConfigKeys (ConfUtils.java:logGet(46)) - raft.server.log.statemachine.data.caching.enabled = true (custom)
2022-10-14 20:48:21,404 [pool-118-thread-1] INFO  segmented.SegmentedRaftLogWorker (SegmentedRaftLogWorker.java:lambda$new$0(135)) - b5e52be0-4491-4e69-96e1-10d94051f40c@group-ADDBCF77707C-SegmentedRaftLogWorker: flushIndex: setUnconditionally 0 -> -1
2022-10-14 20:48:21,404 [pool-118-thread-1] INFO  segmented.SegmentedRaftLogWorker (SegmentedRaftLogWorker.java:lambda$new$0(135)) - b5e52be0-4491-4e69-96e1-10d94051f40c@group-ADDBCF77707C-SegmentedRaftLogWorker: safeCacheEvictIndex: setUnconditionally 0 -> -1
2022-10-14 20:48:21,404 [pool-72-thread-1] INFO  server.RaftServerConfigKeys (ConfUtils.java:logGet(46)) - raft.server.threadpool.server.cached = true (default)
2022-10-14 20:48:21,405 [pool-72-thread-1] INFO  server.RaftServerConfigKeys (ConfUtils.java:logGet(46)) - raft.server.threadpool.server.size = 0 (default)
2022-10-14 20:48:21,405 [pool-72-thread-1] INFO  server.RaftServerConfigKeys (ConfUtils.java:logGet(46)) - raft.server.threadpool.client.cached = true (default)
2022-10-14 20:48:21,405 [pool-72-thread-1] INFO  server.RaftServerConfigKeys (ConfUtils.java:logGet(46)) - raft.server.threadpool.client.size = 0 (default)
2022-10-14 20:48:21,405 [pool-72-thread-1] INFO  server.RaftServer$Division (RaftServerImpl.java:start(310)) - e247b98c-9a86-486e-b3b1-fa195c9418a4@group-2ECA46B087C1: start as a follower, conf=-1: [e247b98c-9a86-486e-b3b1-fa195c9418a4|rpc:10.1.0.226:46677|priority:0, 8b5383b3-e7bf-4722-baeb-dd5c06b347e3|rpc:10.1.0.226:34173|priority:1, b5e52be0-4491-4e69-96e1-10d94051f40c|rpc:10.1.0.226:37041|priority:0], old=null
2022-10-14 20:48:21,405 [pool-72-thread-1] INFO  server.RaftServer$Division (RaftServerImpl.java:setRole(299)) - e247b98c-9a86-486e-b3b1-fa195c9418a4@group-2ECA46B087C1: changes role from      null to FOLLOWER at term 0 for startAsFollower
2022-10-14 20:48:21,408 [pool-72-thread-1] INFO  impl.RoleInfo (RoleInfo.java:updateAndGet(139)) - e247b98c-9a86-486e-b3b1-fa195c9418a4: start e247b98c-9a86-486e-b3b1-fa195c9418a4@group-2ECA46B087C1-FollowerState
2022-10-14 20:48:21,408 [pool-118-thread-1] INFO  server.RaftServerConfigKeys (ConfUtils.java:logGet(46)) - raft.server.snapshot.auto.trigger.enabled = true (custom)
2022-10-14 20:48:21,409 [pool-118-thread-1] INFO  server.RaftServerConfigKeys (ConfUtils.java:logGet(46)) - raft.server.snapshot.auto.trigger.threshold = 10000 (custom)
2022-10-14 20:48:21,409 [pool-118-thread-1] INFO  server.RaftServerConfigKeys (ConfUtils.java:logGet(46)) - raft.server.snapshot.retention.file.num = 5 (custom)
2022-10-14 20:48:21,410 [pool-118-thread-1] INFO  server.RaftServerConfigKeys (ConfUtils.java:logGet(46)) - raft.server.log.purge.upto.snapshot.index = false (default)
2022-10-14 20:48:21,410 [pool-118-thread-1] INFO  server.RaftServerConfigKeys (ConfUtils.java:logGet(46)) - raft.server.retrycache.expirytime = 600000ms (custom)
2022-10-14 20:48:21,410 [pool-72-thread-1] INFO  util.JmxRegister (JmxRegister.java:tryRegister(44)) - Successfully registered JMX Bean with object name Ratis:service=RaftServer,group=group-2ECA46B087C1,id=e247b98c-9a86-486e-b3b1-fa195c9418a4
2022-10-14 20:48:21,410 [pool-118-thread-1] INFO  server.RaftServerConfigKeys (ConfUtils.java:logGet(46)) - raft.server.retrycache.statistics.expirytime = 100μs (default)
2022-10-14 20:48:21,411 [Command processor thread] INFO  ratis.XceiverServerRatis (XceiverServerRatis.java:addGroup(765)) - Created group PipelineID=ded1bd47-8c8d-43d4-af13-2eca46b087c1
2022-10-14 20:48:21,420 [pool-118-thread-1] INFO  server.RaftServerConfigKeys (ConfUtils.java:logGet(46)) - raft.server.log.appender.install.snapshot.enabled = false (custom)
2022-10-14 20:48:21,420 [pool-118-thread-1] INFO  server.RaftServerConfigKeys (ConfUtils.java:logGet(46)) - raft.server.threadpool.server.cached = true (default)
2022-10-14 20:48:21,420 [pool-118-thread-1] INFO  server.RaftServerConfigKeys (ConfUtils.java:logGet(46)) - raft.server.threadpool.server.size = 0 (default)
2022-10-14 20:48:21,420 [pool-118-thread-1] INFO  server.RaftServerConfigKeys (ConfUtils.java:logGet(46)) - raft.server.threadpool.client.cached = true (default)
2022-10-14 20:48:21,420 [pool-118-thread-1] INFO  server.RaftServerConfigKeys (ConfUtils.java:logGet(46)) - raft.server.threadpool.client.size = 0 (default)
2022-10-14 20:48:21,421 [pool-118-thread-1] INFO  server.RaftServer$Division (RaftServerImpl.java:start(310)) - b5e52be0-4491-4e69-96e1-10d94051f40c@group-ADDBCF77707C: start as a follower, conf=-1: [b5e52be0-4491-4e69-96e1-10d94051f40c|rpc:10.1.0.226:37041|priority:1], old=null
2022-10-14 20:48:21,421 [pool-118-thread-1] INFO  server.RaftServer$Division (RaftServerImpl.java:setRole(299)) - b5e52be0-4491-4e69-96e1-10d94051f40c@group-ADDBCF77707C: changes role from      null to FOLLOWER at term 0 for startAsFollower
2022-10-14 20:48:21,421 [pool-118-thread-1] INFO  impl.RoleInfo (RoleInfo.java:updateAndGet(139)) - b5e52be0-4491-4e69-96e1-10d94051f40c: start b5e52be0-4491-4e69-96e1-10d94051f40c@group-ADDBCF77707C-FollowerState
2022-10-14 20:48:21,421 [pool-118-thread-1] INFO  util.JmxRegister (JmxRegister.java:tryRegister(44)) - Successfully registered JMX Bean with object name Ratis:service=RaftServer,group=group-ADDBCF77707C,id=b5e52be0-4491-4e69-96e1-10d94051f40c
2022-10-14 20:48:21,424 [Command processor thread] INFO  ratis.XceiverServerRatis (XceiverServerRatis.java:addGroup(765)) - Created group PipelineID=7e09fbe6-f7ef-4006-a142-addbcf77707c
2022-10-14 20:48:21,424 [Command processor thread] INFO  commandhandler.CreatePipelineCommandHandler (CreatePipelineCommandHandler.java:handle(113)) - Created Pipeline RATIS ONE PipelineID=7e09fbe6-f7ef-4006-a142-addbcf77707c.
2022-10-14 20:48:21,424 [Command processor thread] INFO  server.RaftServer (RaftServerProxy.java:addNew(96)) - b5e52be0-4491-4e69-96e1-10d94051f40c: addNew group-2ECA46B087C1:[e247b98c-9a86-486e-b3b1-fa195c9418a4|rpc:10.1.0.226:46677|priority:0, 8b5383b3-e7bf-4722-baeb-dd5c06b347e3|rpc:10.1.0.226:34173|priority:1, b5e52be0-4491-4e69-96e1-10d94051f40c|rpc:10.1.0.226:37041|priority:0] returns group-2ECA46B087C1:java.util.concurrent.CompletableFuture@30c57efe[Not completed]
2022-10-14 20:48:21,425 [pool-118-thread-1] INFO  server.RaftServer$Division (RaftServerImpl.java:<init>(190)) - b5e52be0-4491-4e69-96e1-10d94051f40c: new RaftServerImpl for group-2ECA46B087C1:[e247b98c-9a86-486e-b3b1-fa195c9418a4|rpc:10.1.0.226:46677|priority:0, 8b5383b3-e7bf-4722-baeb-dd5c06b347e3|rpc:10.1.0.226:34173|priority:1, b5e52be0-4491-4e69-96e1-10d94051f40c|rpc:10.1.0.226:37041|priority:0] with ContainerStateMachine:uninitialized
2022-10-14 20:48:21,425 [pool-118-thread-1] INFO  server.RaftServerConfigKeys (ConfUtils.java:logGet(46)) - raft.server.rpc.timeout.min = 5s (custom)
2022-10-14 20:48:21,425 [pool-118-thread-1] INFO  server.RaftServerConfigKeys (ConfUtils.java:logGet(46)) - raft.server.rpc.timeout.max = 5200ms (custom)
2022-10-14 20:48:21,426 [pool-118-thread-1] INFO  server.RaftServerConfigKeys (ConfUtils.java:logGet(46)) - raft.server.rpc.sleep.time = 25ms (default)
2022-10-14 20:48:21,426 [pool-118-thread-1] INFO  server.RaftServerConfigKeys (ConfUtils.java:logGet(46)) - raft.server.rpc.slowness.timeout = 300s (custom)
2022-10-14 20:48:21,426 [pool-118-thread-1] INFO  server.RaftServerConfigKeys (ConfUtils.java:logGet(46)) - raft.server.leaderelection.leader.step-down.wait-time = 10s (default)
2022-10-14 20:48:21,426 [pool-118-thread-1] INFO  server.RaftServerConfigKeys (ConfUtils.java:logGet(46)) - raft.server.sleep.deviation.threshold = 300ms (default)
2022-10-14 20:48:21,426 [pool-118-thread-1] INFO  server.RaftServer$Division (ServerState.java:<init>(107)) - b5e52be0-4491-4e69-96e1-10d94051f40c@group-2ECA46B087C1: ConfigurationManager, init=-1: [e247b98c-9a86-486e-b3b1-fa195c9418a4|rpc:10.1.0.226:46677|priority:0, 8b5383b3-e7bf-4722-baeb-dd5c06b347e3|rpc:10.1.0.226:34173|priority:1, b5e52be0-4491-4e69-96e1-10d94051f40c|rpc:10.1.0.226:37041|priority:0], old=null, confs=<EMPTY_MAP>
2022-10-14 20:48:21,426 [pool-118-thread-1] INFO  server.RaftServerConfigKeys (ConfUtils.java:logGet(46)) - raft.server.storage.dir = [/home/runner/work/ozone/ozone/hadoop-ozone/integration-test/target/test-dir/MiniOzoneClusterImpl-1e9d71ba-d753-4201-9665-5e97e6b64b9c/datanode-2/data/ratis] (custom)
2022-10-14 20:48:21,426 [pool-118-thread-1] INFO  server.RaftServerConfigKeys (ConfUtils.java:logGet(46)) - raft.server.log.corruption.policy = EXCEPTION (default)
2022-10-14 20:48:21,426 [pool-118-thread-1] INFO  server.RaftServerConfigKeys (ConfUtils.java:logGet(46)) - raft.server.storage.free-space.min = 0MB (=0) (default)
2022-10-14 20:48:21,426 [pool-118-thread-1] INFO  storage.RaftStorageDirectory (RaftStorageDirectoryImpl.java:analyzeStorage(135)) - The storage directory /home/runner/work/ozone/ozone/hadoop-ozone/integration-test/target/test-dir/MiniOzoneClusterImpl-1e9d71ba-d753-4201-9665-5e97e6b64b9c/datanode-2/data/ratis/ded1bd47-8c8d-43d4-af13-2eca46b087c1 does not exist. Creating ...
2022-10-14 20:48:21,427 [pool-118-thread-1] INFO  storage.RaftStorageDirectory (RaftStorageDirectoryImpl.java:tryLock(230)) - Lock on /home/runner/work/ozone/ozone/hadoop-ozone/integration-test/target/test-dir/MiniOzoneClusterImpl-1e9d71ba-d753-4201-9665-5e97e6b64b9c/datanode-2/data/ratis/ded1bd47-8c8d-43d4-af13-2eca46b087c1/in_use.lock acquired by nodename 88544@fv-az459-990
2022-10-14 20:48:21,432 [pool-118-thread-1] INFO  storage.RaftStorage (RaftStorageImpl.java:format(89)) - Storage directory /home/runner/work/ozone/ozone/hadoop-ozone/integration-test/target/test-dir/MiniOzoneClusterImpl-1e9d71ba-d753-4201-9665-5e97e6b64b9c/datanode-2/data/ratis/ded1bd47-8c8d-43d4-af13-2eca46b087c1 has been successfully formatted.
2022-10-14 20:48:21,432 [pool-118-thread-1] INFO  ratis.ContainerStateMachine (ContainerStateMachine.java:loadSnapshot(236)) - group-2ECA46B087C1: The snapshot info is null. Setting the last applied indexto:(t:0, i:~)
2022-10-14 20:48:21,432 [pool-118-thread-1] INFO  server.RaftServerConfigKeys (ConfUtils.java:logGet(46)) - raft.server.notification.no-leader.timeout = 300s (custom)
2022-10-14 20:48:21,433 [pool-118-thread-1] INFO  server.RaftServerConfigKeys (ConfUtils.java:logGet(46)) - raft.server.log.use.memory = false (default)
2022-10-14 20:48:21,433 [pool-118-thread-1] INFO  server.RaftServerConfigKeys (ConfUtils.java:logGet(46)) - raft.server.log.purge.gap = 1000000 (custom)
2022-10-14 20:48:21,433 [pool-118-thread-1] INFO  server.RaftServerConfigKeys (ConfUtils.java:logGet(46)) - raft.server.log.appender.buffer.byte-limit = 33554432 (custom)
2022-10-14 20:48:21,433 [pool-118-thread-1] INFO  server.RaftServerConfigKeys (ConfUtils.java:logGet(46)) - raft.server.log.statemachine.data.read.timeout = 1000ms (default)
2022-10-14 20:48:21,433 [pool-118-thread-1] INFO  server.RaftServerConfigKeys (ConfUtils.java:logGet(46)) - raft.server.log.segment.size.max = 1048576 (custom)
2022-10-14 20:48:21,434 [pool-118-thread-1] INFO  server.RaftServerConfigKeys (ConfUtils.java:logGet(46)) - raft.server.log.segment.cache.num.max = 2 (custom)
2022-10-14 20:48:21,434 [pool-118-thread-1] INFO  server.RaftServerConfigKeys (ConfUtils.java:logGet(46)) - raft.server.log.segment.cache.size.max = 200MB (=209715200) (default)
2022-10-14 20:48:21,434 [pool-118-thread-1] INFO  segmented.SegmentedRaftLogWorker (SegmentedRaftLogWorker.java:<init>(187)) - new b5e52be0-4491-4e69-96e1-10d94051f40c@group-2ECA46B087C1-SegmentedRaftLogWorker for RaftStorageImpl:Storage Directory /home/runner/work/ozone/ozone/hadoop-ozone/integration-test/target/test-dir/MiniOzoneClusterImpl-1e9d71ba-d753-4201-9665-5e97e6b64b9c/datanode-2/data/ratis/ded1bd47-8c8d-43d4-af13-2eca46b087c1
2022-10-14 20:48:21,434 [pool-118-thread-1] INFO  server.RaftServerConfigKeys (ConfUtils.java:logGet(46)) - raft.server.log.queue.byte-limit = 4294967296 (custom)
2022-10-14 20:48:21,434 [pool-118-thread-1] INFO  server.RaftServerConfigKeys (ConfUtils.java:logGet(46)) - raft.server.log.queue.element-limit = 1024 (custom)
2022-10-14 20:48:21,434 [pool-118-thread-1] INFO  server.RaftServerConfigKeys (ConfUtils.java:logGet(46)) - raft.server.log.segment.size.max = 1048576 (custom)
2022-10-14 20:48:21,434 [pool-118-thread-1] INFO  server.RaftServerConfigKeys (ConfUtils.java:logGet(46)) - raft.server.log.preallocated.size = 16384 (custom)
2022-10-14 20:48:21,434 [pool-118-thread-1] INFO  server.RaftServerConfigKeys (ConfUtils.java:logGet(46)) - raft.server.log.force.sync.num = 128 (default)
2022-10-14 20:48:21,434 [pool-118-thread-1] INFO  server.RaftServerConfigKeys (ConfUtils.java:logGet(46)) - raft.server.log.statemachine.data.sync = true (default)
2022-10-14 20:48:21,434 [pool-118-thread-1] INFO  server.RaftServerConfigKeys (ConfUtils.java:logGet(46)) - raft.server.log.statemachine.data.sync.timeout = 10s (default)
2022-10-14 20:48:21,434 [pool-118-thread-1] INFO  server.RaftServerConfigKeys (ConfUtils.java:logGet(46)) - raft.server.log.statemachine.data.sync.timeout.retry = -1 (default)
2022-10-14 20:48:21,435 [pool-118-thread-1] INFO  server.RaftServerConfigKeys (ConfUtils.java:logGet(46)) - raft.server.log.write.buffer.size = 1048576 (custom)
2022-10-14 20:48:21,436 [pool-118-thread-1] INFO  server.RaftServerConfigKeys (ConfUtils.java:logGet(46)) - raft.server.log.unsafe-flush.enabled = false (default)
2022-10-14 20:48:21,436 [pool-118-thread-1] INFO  server.RaftServerConfigKeys (ConfUtils.java:logGet(46)) - raft.server.log.statemachine.data.caching.enabled = true (custom)
2022-10-14 20:48:21,436 [pool-118-thread-1] INFO  segmented.SegmentedRaftLogWorker (SegmentedRaftLogWorker.java:lambda$new$0(135)) - b5e52be0-4491-4e69-96e1-10d94051f40c@group-2ECA46B087C1-SegmentedRaftLogWorker: flushIndex: setUnconditionally 0 -> -1
2022-10-14 20:48:21,436 [pool-118-thread-1] INFO  segmented.SegmentedRaftLogWorker (SegmentedRaftLogWorker.java:lambda$new$0(135)) - b5e52be0-4491-4e69-96e1-10d94051f40c@group-2ECA46B087C1-SegmentedRaftLogWorker: safeCacheEvictIndex: setUnconditionally 0 -> -1
2022-10-14 20:48:21,445 [pool-118-thread-1] INFO  server.RaftServerConfigKeys (ConfUtils.java:logGet(46)) - raft.server.snapshot.auto.trigger.enabled = true (custom)
2022-10-14 20:48:21,445 [pool-118-thread-1] INFO  server.RaftServerConfigKeys (ConfUtils.java:logGet(46)) - raft.server.snapshot.auto.trigger.threshold = 10000 (custom)
2022-10-14 20:48:21,445 [pool-118-thread-1] INFO  server.RaftServerConfigKeys (ConfUtils.java:logGet(46)) - raft.server.snapshot.retention.file.num = 5 (custom)
2022-10-14 20:48:21,445 [pool-118-thread-1] INFO  server.RaftServerConfigKeys (ConfUtils.java:logGet(46)) - raft.server.log.purge.upto.snapshot.index = false (default)
2022-10-14 20:48:21,449 [pool-118-thread-1] INFO  server.RaftServerConfigKeys (ConfUtils.java:logGet(46)) - raft.server.retrycache.expirytime = 600000ms (custom)
2022-10-14 20:48:21,449 [pool-118-thread-1] INFO  server.RaftServerConfigKeys (ConfUtils.java:logGet(46)) - raft.server.retrycache.statistics.expirytime = 100μs (default)
2022-10-14 20:48:21,451 [pool-118-thread-1] INFO  server.RaftServerConfigKeys (ConfUtils.java:logGet(46)) - raft.server.log.appender.install.snapshot.enabled = false (custom)
2022-10-14 20:48:21,451 [pool-118-thread-1] INFO  server.RaftServerConfigKeys (ConfUtils.java:logGet(46)) - raft.server.threadpool.server.cached = true (default)
2022-10-14 20:48:21,451 [pool-118-thread-1] INFO  server.RaftServerConfigKeys (ConfUtils.java:logGet(46)) - raft.server.threadpool.server.size = 0 (default)
2022-10-14 20:48:21,451 [pool-118-thread-1] INFO  server.RaftServerConfigKeys (ConfUtils.java:logGet(46)) - raft.server.threadpool.client.cached = true (default)
2022-10-14 20:48:21,451 [pool-118-thread-1] INFO  server.RaftServerConfigKeys (ConfUtils.java:logGet(46)) - raft.server.threadpool.client.size = 0 (default)
2022-10-14 20:48:21,451 [pool-118-thread-1] INFO  server.RaftServer$Division (RaftServerImpl.java:start(310)) - b5e52be0-4491-4e69-96e1-10d94051f40c@group-2ECA46B087C1: start as a follower, conf=-1: [e247b98c-9a86-486e-b3b1-fa195c9418a4|rpc:10.1.0.226:46677|priority:0, 8b5383b3-e7bf-4722-baeb-dd5c06b347e3|rpc:10.1.0.226:34173|priority:1, b5e52be0-4491-4e69-96e1-10d94051f40c|rpc:10.1.0.226:37041|priority:0], old=null
2022-10-14 20:48:21,451 [pool-118-thread-1] INFO  server.RaftServer$Division (RaftServerImpl.java:setRole(299)) - b5e52be0-4491-4e69-96e1-10d94051f40c@group-2ECA46B087C1: changes role from      null to FOLLOWER at term 0 for startAsFollower
2022-10-14 20:48:21,452 [pool-118-thread-1] INFO  impl.RoleInfo (RoleInfo.java:updateAndGet(139)) - b5e52be0-4491-4e69-96e1-10d94051f40c: start b5e52be0-4491-4e69-96e1-10d94051f40c@group-2ECA46B087C1-FollowerState
2022-10-14 20:48:21,452 [pool-118-thread-1] INFO  util.JmxRegister (JmxRegister.java:tryRegister(44)) - Successfully registered JMX Bean with object name Ratis:service=RaftServer,group=group-2ECA46B087C1,id=b5e52be0-4491-4e69-96e1-10d94051f40c
2022-10-14 20:48:21,453 [Command processor thread] INFO  ratis.XceiverServerRatis (XceiverServerRatis.java:addGroup(765)) - Created group PipelineID=ded1bd47-8c8d-43d4-af13-2eca46b087c1
2022-10-14 20:48:21,472 [EventQueue-OpenPipelineForHealthyPipelineSafeModeRule] INFO  safemode.SCMSafeModeManager (HealthyPipelineSafeModeRule.java:process(137)) - SCM in safe mode. Healthy pipelines reported count is 0, required healthy pipeline reported count is 1
2022-10-14 20:48:21,551 [Command processor thread] INFO  commandhandler.CreatePipelineCommandHandler (CreatePipelineCommandHandler.java:handle(113)) - Created Pipeline RATIS THREE PipelineID=ded1bd47-8c8d-43d4-af13-2eca46b087c1.
2022-10-14 20:48:21,620 [Command processor thread] INFO  commandhandler.CreatePipelineCommandHandler (CreatePipelineCommandHandler.java:handle(113)) - Created Pipeline RATIS THREE PipelineID=ded1bd47-8c8d-43d4-af13-2eca46b087c1.
2022-10-14 20:48:21,625 [Command processor thread] INFO  commandhandler.CreatePipelineCommandHandler (CreatePipelineCommandHandler.java:handle(113)) - Created Pipeline RATIS THREE PipelineID=ded1bd47-8c8d-43d4-af13-2eca46b087c1.
2022-10-14 20:48:21,800 [Command processor thread] INFO  server.RaftServer (RaftServerProxy.java:addNew(96)) - 264ccfc1-7403-435b-81c3-d1dfb4335e59: addNew group-C5B5C94CEDB2:[264ccfc1-7403-435b-81c3-d1dfb4335e59|rpc:10.1.0.226:44593|priority:1] returns group-C5B5C94CEDB2:java.util.concurrent.CompletableFuture@18d703f3[Not completed]
2022-10-14 20:48:21,805 [pool-141-thread-1] INFO  server.RaftServer$Division (RaftServerImpl.java:<init>(190)) - 264ccfc1-7403-435b-81c3-d1dfb4335e59: new RaftServerImpl for group-C5B5C94CEDB2:[264ccfc1-7403-435b-81c3-d1dfb4335e59|rpc:10.1.0.226:44593|priority:1] with ContainerStateMachine:uninitialized
2022-10-14 20:48:21,805 [pool-141-thread-1] INFO  server.RaftServerConfigKeys (ConfUtils.java:logGet(46)) - raft.server.rpc.timeout.min = 5s (custom)
2022-10-14 20:48:21,805 [pool-141-thread-1] INFO  server.RaftServerConfigKeys (ConfUtils.java:logGet(46)) - raft.server.rpc.timeout.max = 5200ms (custom)
2022-10-14 20:48:21,805 [pool-141-thread-1] INFO  server.RaftServerConfigKeys (ConfUtils.java:logGet(46)) - raft.server.rpc.sleep.time = 25ms (default)
2022-10-14 20:48:21,808 [pool-141-thread-1] INFO  server.RaftServerConfigKeys (ConfUtils.java:logGet(46)) - raft.server.rpc.slowness.timeout = 300s (custom)
2022-10-14 20:48:21,808 [pool-141-thread-1] INFO  server.RaftServerConfigKeys (ConfUtils.java:logGet(46)) - raft.server.leaderelection.leader.step-down.wait-time = 10s (default)
2022-10-14 20:48:21,808 [pool-141-thread-1] INFO  server.RaftServerConfigKeys (ConfUtils.java:logGet(46)) - raft.server.sleep.deviation.threshold = 300ms (default)
2022-10-14 20:48:21,808 [pool-141-thread-1] INFO  server.RaftServer$Division (ServerState.java:<init>(107)) - 264ccfc1-7403-435b-81c3-d1dfb4335e59@group-C5B5C94CEDB2: ConfigurationManager, init=-1: [264ccfc1-7403-435b-81c3-d1dfb4335e59|rpc:10.1.0.226:44593|priority:1], old=null, confs=<EMPTY_MAP>
2022-10-14 20:48:21,809 [pool-141-thread-1] INFO  server.RaftServerConfigKeys (ConfUtils.java:logGet(46)) - raft.server.storage.dir = [/home/runner/work/ozone/ozone/hadoop-ozone/integration-test/target/test-dir/MiniOzoneClusterImpl-1e9d71ba-d753-4201-9665-5e97e6b64b9c/datanode-3/data/ratis] (custom)
2022-10-14 20:48:21,809 [pool-141-thread-1] INFO  server.RaftServerConfigKeys (ConfUtils.java:logGet(46)) - raft.server.log.corruption.policy = EXCEPTION (default)
2022-10-14 20:48:21,809 [pool-141-thread-1] INFO  server.RaftServerConfigKeys (ConfUtils.java:logGet(46)) - raft.server.storage.free-space.min = 0MB (=0) (default)
2022-10-14 20:48:21,809 [pool-141-thread-1] INFO  storage.RaftStorageDirectory (RaftStorageDirectoryImpl.java:analyzeStorage(135)) - The storage directory /home/runner/work/ozone/ozone/hadoop-ozone/integration-test/target/test-dir/MiniOzoneClusterImpl-1e9d71ba-d753-4201-9665-5e97e6b64b9c/datanode-3/data/ratis/187f40ef-5068-436b-8752-c5b5c94cedb2 does not exist. Creating ...
2022-10-14 20:48:21,810 [pool-141-thread-1] INFO  storage.RaftStorageDirectory (RaftStorageDirectoryImpl.java:tryLock(230)) - Lock on /home/runner/work/ozone/ozone/hadoop-ozone/integration-test/target/test-dir/MiniOzoneClusterImpl-1e9d71ba-d753-4201-9665-5e97e6b64b9c/datanode-3/data/ratis/187f40ef-5068-436b-8752-c5b5c94cedb2/in_use.lock acquired by nodename 88544@fv-az459-990
2022-10-14 20:48:21,811 [pool-141-thread-1] INFO  storage.RaftStorage (RaftStorageImpl.java:format(89)) - Storage directory /home/runner/work/ozone/ozone/hadoop-ozone/integration-test/target/test-dir/MiniOzoneClusterImpl-1e9d71ba-d753-4201-9665-5e97e6b64b9c/datanode-3/data/ratis/187f40ef-5068-436b-8752-c5b5c94cedb2 has been successfully formatted.
2022-10-14 20:48:21,812 [pool-141-thread-1] INFO  ratis.ContainerStateMachine (ContainerStateMachine.java:loadSnapshot(236)) - group-C5B5C94CEDB2: The snapshot info is null. Setting the last applied indexto:(t:0, i:~)
2022-10-14 20:48:21,812 [pool-141-thread-1] INFO  server.RaftServerConfigKeys (ConfUtils.java:logGet(46)) - raft.server.notification.no-leader.timeout = 300s (custom)
2022-10-14 20:48:21,812 [pool-141-thread-1] INFO  server.RaftServerConfigKeys (ConfUtils.java:logGet(46)) - raft.server.log.use.memory = false (default)
2022-10-14 20:48:21,812 [pool-141-thread-1] INFO  server.RaftServerConfigKeys (ConfUtils.java:logGet(46)) - raft.server.log.purge.gap = 1000000 (custom)
2022-10-14 20:48:21,813 [pool-141-thread-1] INFO  server.RaftServerConfigKeys (ConfUtils.java:logGet(46)) - raft.server.log.appender.buffer.byte-limit = 33554432 (custom)
2022-10-14 20:48:21,813 [pool-141-thread-1] INFO  server.RaftServerConfigKeys (ConfUtils.java:logGet(46)) - raft.server.log.statemachine.data.read.timeout = 1000ms (default)
2022-10-14 20:48:21,813 [pool-141-thread-1] INFO  server.RaftServerConfigKeys (ConfUtils.java:logGet(46)) - raft.server.log.segment.size.max = 1048576 (custom)
2022-10-14 20:48:21,814 [pool-141-thread-1] INFO  server.RaftServerConfigKeys (ConfUtils.java:logGet(46)) - raft.server.log.segment.cache.num.max = 2 (custom)
2022-10-14 20:48:21,814 [pool-141-thread-1] INFO  server.RaftServerConfigKeys (ConfUtils.java:logGet(46)) - raft.server.log.segment.cache.size.max = 200MB (=209715200) (default)
2022-10-14 20:48:21,814 [pool-141-thread-1] INFO  segmented.SegmentedRaftLogWorker (SegmentedRaftLogWorker.java:<init>(187)) - new 264ccfc1-7403-435b-81c3-d1dfb4335e59@group-C5B5C94CEDB2-SegmentedRaftLogWorker for RaftStorageImpl:Storage Directory /home/runner/work/ozone/ozone/hadoop-ozone/integration-test/target/test-dir/MiniOzoneClusterImpl-1e9d71ba-d753-4201-9665-5e97e6b64b9c/datanode-3/data/ratis/187f40ef-5068-436b-8752-c5b5c94cedb2
2022-10-14 20:48:21,814 [pool-141-thread-1] INFO  server.RaftServerConfigKeys (ConfUtils.java:logGet(46)) - raft.server.log.queue.byte-limit = 4294967296 (custom)
2022-10-14 20:48:21,814 [pool-141-thread-1] INFO  server.RaftServerConfigKeys (ConfUtils.java:logGet(46)) - raft.server.log.queue.element-limit = 1024 (custom)
2022-10-14 20:48:21,817 [pool-141-thread-1] INFO  server.RaftServerConfigKeys (ConfUtils.java:logGet(46)) - raft.server.log.segment.size.max = 1048576 (custom)
2022-10-14 20:48:21,817 [pool-141-thread-1] INFO  server.RaftServerConfigKeys (ConfUtils.java:logGet(46)) - raft.server.log.preallocated.size = 16384 (custom)
2022-10-14 20:48:21,817 [pool-141-thread-1] INFO  server.RaftServerConfigKeys (ConfUtils.java:logGet(46)) - raft.server.log.force.sync.num = 128 (default)
2022-10-14 20:48:21,818 [pool-141-thread-1] INFO  server.RaftServerConfigKeys (ConfUtils.java:logGet(46)) - raft.server.log.statemachine.data.sync = true (default)
2022-10-14 20:48:21,818 [pool-141-thread-1] INFO  server.RaftServerConfigKeys (ConfUtils.java:logGet(46)) - raft.server.log.statemachine.data.sync.timeout = 10s (default)
2022-10-14 20:48:21,818 [pool-141-thread-1] INFO  server.RaftServerConfigKeys (ConfUtils.java:logGet(46)) - raft.server.log.statemachine.data.sync.timeout.retry = -1 (default)
2022-10-14 20:48:21,818 [EventQueue-PipelineReportForPipelineReportHandler] INFO  pipeline.PipelineManagerImpl (PipelineManagerImpl.java:openPipeline(367)) - Pipeline Pipeline[ Id: 187f40ef-5068-436b-8752-c5b5c94cedb2, Nodes: 264ccfc1-7403-435b-81c3-d1dfb4335e59{ip: 10.1.0.226, host: fv-az459-990.msq0az1vewme3jsxyslsv0htic.jx.internal.cloudapp.net, ports: [REPLICATION=35535, RATIS=44593, RATIS_ADMIN=44593, RATIS_SERVER=44593, STANDALONE=33275], networkLocation: /default-rack, certSerialId: null, persistedOpState: IN_SERVICE, persistedOpStateExpiryEpochSec: 0}, ReplicationConfig: RATIS/ONE, State:ALLOCATED, leaderId:264ccfc1-7403-435b-81c3-d1dfb4335e59, CreationTimestamp2022-10-14T20:48:18.804Z[Etc/UTC]] moved to OPEN state
2022-10-14 20:48:21,819 [EventQueue-OpenPipelineForHealthyPipelineSafeModeRule] INFO  safemode.SCMSafeModeManager (HealthyPipelineSafeModeRule.java:process(137)) - SCM in safe mode. Healthy pipelines reported count is 0, required healthy pipeline reported count is 1
2022-10-14 20:48:21,819 [pool-141-thread-1] INFO  server.RaftServerConfigKeys (ConfUtils.java:logGet(46)) - raft.server.log.write.buffer.size = 1048576 (custom)
2022-10-14 20:48:21,821 [pool-141-thread-1] INFO  server.RaftServerConfigKeys (ConfUtils.java:logGet(46)) - raft.server.log.unsafe-flush.enabled = false (default)
2022-10-14 20:48:21,821 [pool-141-thread-1] INFO  server.RaftServerConfigKeys (ConfUtils.java:logGet(46)) - raft.server.log.statemachine.data.caching.enabled = true (custom)
2022-10-14 20:48:21,821 [pool-141-thread-1] INFO  segmented.SegmentedRaftLogWorker (SegmentedRaftLogWorker.java:lambda$new$0(135)) - 264ccfc1-7403-435b-81c3-d1dfb4335e59@group-C5B5C94CEDB2-SegmentedRaftLogWorker: flushIndex: setUnconditionally 0 -> -1
2022-10-14 20:48:21,821 [pool-141-thread-1] INFO  segmented.SegmentedRaftLogWorker (SegmentedRaftLogWorker.java:lambda$new$0(135)) - 264ccfc1-7403-435b-81c3-d1dfb4335e59@group-C5B5C94CEDB2-SegmentedRaftLogWorker: safeCacheEvictIndex: setUnconditionally 0 -> -1
2022-10-14 20:48:21,821 [pool-141-thread-1] INFO  server.RaftServerConfigKeys (ConfUtils.java:logGet(46)) - raft.server.snapshot.auto.trigger.enabled = true (custom)
2022-10-14 20:48:21,821 [pool-141-thread-1] INFO  server.RaftServerConfigKeys (ConfUtils.java:logGet(46)) - raft.server.snapshot.auto.trigger.threshold = 10000 (custom)
2022-10-14 20:48:21,821 [pool-141-thread-1] INFO  server.RaftServerConfigKeys (ConfUtils.java:logGet(46)) - raft.server.snapshot.retention.file.num = 5 (custom)
2022-10-14 20:48:21,821 [pool-141-thread-1] INFO  server.RaftServerConfigKeys (ConfUtils.java:logGet(46)) - raft.server.log.purge.upto.snapshot.index = false (default)
2022-10-14 20:48:21,821 [pool-141-thread-1] INFO  server.RaftServerConfigKeys (ConfUtils.java:logGet(46)) - raft.server.retrycache.expirytime = 600000ms (custom)
2022-10-14 20:48:21,821 [pool-141-thread-1] INFO  server.RaftServerConfigKeys (ConfUtils.java:logGet(46)) - raft.server.retrycache.statistics.expirytime = 100μs (default)
2022-10-14 20:48:21,823 [pool-141-thread-1] INFO  server.RaftServerConfigKeys (ConfUtils.java:logGet(46)) - raft.server.log.appender.install.snapshot.enabled = false (custom)
2022-10-14 20:48:21,823 [pool-141-thread-1] INFO  server.RaftServerConfigKeys (ConfUtils.java:logGet(46)) - raft.server.threadpool.server.cached = true (default)
2022-10-14 20:48:21,823 [pool-141-thread-1] INFO  server.RaftServerConfigKeys (ConfUtils.java:logGet(46)) - raft.server.threadpool.server.size = 0 (default)
2022-10-14 20:48:21,823 [pool-141-thread-1] INFO  server.RaftServerConfigKeys (ConfUtils.java:logGet(46)) - raft.server.threadpool.client.cached = true (default)
2022-10-14 20:48:21,823 [pool-141-thread-1] INFO  server.RaftServerConfigKeys (ConfUtils.java:logGet(46)) - raft.server.threadpool.client.size = 0 (default)
2022-10-14 20:48:21,823 [pool-141-thread-1] INFO  server.RaftServer$Division (RaftServerImpl.java:start(310)) - 264ccfc1-7403-435b-81c3-d1dfb4335e59@group-C5B5C94CEDB2: start as a follower, conf=-1: [264ccfc1-7403-435b-81c3-d1dfb4335e59|rpc:10.1.0.226:44593|priority:1], old=null
2022-10-14 20:48:21,823 [pool-141-thread-1] INFO  server.RaftServer$Division (RaftServerImpl.java:setRole(299)) - 264ccfc1-7403-435b-81c3-d1dfb4335e59@group-C5B5C94CEDB2: changes role from      null to FOLLOWER at term 0 for startAsFollower
2022-10-14 20:48:21,823 [pool-141-thread-1] INFO  impl.RoleInfo (RoleInfo.java:updateAndGet(139)) - 264ccfc1-7403-435b-81c3-d1dfb4335e59: start 264ccfc1-7403-435b-81c3-d1dfb4335e59@group-C5B5C94CEDB2-FollowerState
2022-10-14 20:48:21,825 [pool-141-thread-1] INFO  util.JmxRegister (JmxRegister.java:tryRegister(44)) - Successfully registered JMX Bean with object name Ratis:service=RaftServer,group=group-C5B5C94CEDB2,id=264ccfc1-7403-435b-81c3-d1dfb4335e59
2022-10-14 20:48:21,827 [Command processor thread] INFO  ratis.XceiverServerRatis (XceiverServerRatis.java:addGroup(765)) - Created group PipelineID=187f40ef-5068-436b-8752-c5b5c94cedb2
2022-10-14 20:48:21,827 [Command processor thread] INFO  commandhandler.CreatePipelineCommandHandler (CreatePipelineCommandHandler.java:handle(113)) - Created Pipeline RATIS ONE PipelineID=187f40ef-5068-436b-8752-c5b5c94cedb2.
2022-10-14 20:48:21,827 [Command processor thread] INFO  server.RaftServer (RaftServerProxy.java:addNew(96)) - 264ccfc1-7403-435b-81c3-d1dfb4335e59: addNew group-B319158F4DE0:[27609338-e5ea-4e9e-bd63-6729dd2dbc7a|rpc:10.1.0.226:36963|priority:1, 264ccfc1-7403-435b-81c3-d1dfb4335e59|rpc:10.1.0.226:44593|priority:0, 3c897dd6-f9a8-4587-816d-4b361cef56f3|rpc:10.1.0.226:39577|priority:0] returns group-B319158F4DE0:java.util.concurrent.CompletableFuture@1ce88431[Not completed]
2022-10-14 20:48:21,829 [pool-141-thread-1] INFO  server.RaftServer$Division (RaftServerImpl.java:<init>(190)) - 264ccfc1-7403-435b-81c3-d1dfb4335e59: new RaftServerImpl for group-B319158F4DE0:[27609338-e5ea-4e9e-bd63-6729dd2dbc7a|rpc:10.1.0.226:36963|priority:1, 264ccfc1-7403-435b-81c3-d1dfb4335e59|rpc:10.1.0.226:44593|priority:0, 3c897dd6-f9a8-4587-816d-4b361cef56f3|rpc:10.1.0.226:39577|priority:0] with ContainerStateMachine:uninitialized
2022-10-14 20:48:21,829 [pool-141-thread-1] INFO  server.RaftServerConfigKeys (ConfUtils.java:logGet(46)) - raft.server.rpc.timeout.min = 5s (custom)
2022-10-14 20:48:21,829 [pool-141-thread-1] INFO  server.RaftServerConfigKeys (ConfUtils.java:logGet(46)) - raft.server.rpc.timeout.max = 5200ms (custom)
2022-10-14 20:48:21,829 [pool-141-thread-1] INFO  server.RaftServerConfigKeys (ConfUtils.java:logGet(46)) - raft.server.rpc.sleep.time = 25ms (default)
2022-10-14 20:48:21,829 [pool-141-thread-1] INFO  server.RaftServerConfigKeys (ConfUtils.java:logGet(46)) - raft.server.rpc.slowness.timeout = 300s (custom)
2022-10-14 20:48:21,829 [pool-141-thread-1] INFO  server.RaftServerConfigKeys (ConfUtils.java:logGet(46)) - raft.server.leaderelection.leader.step-down.wait-time = 10s (default)
2022-10-14 20:48:21,829 [pool-141-thread-1] INFO  server.RaftServerConfigKeys (ConfUtils.java:logGet(46)) - raft.server.sleep.deviation.threshold = 300ms (default)
2022-10-14 20:48:21,829 [pool-141-thread-1] INFO  server.RaftServer$Division (ServerState.java:<init>(107)) - 264ccfc1-7403-435b-81c3-d1dfb4335e59@group-B319158F4DE0: ConfigurationManager, init=-1: [27609338-e5ea-4e9e-bd63-6729dd2dbc7a|rpc:10.1.0.226:36963|priority:1, 264ccfc1-7403-435b-81c3-d1dfb4335e59|rpc:10.1.0.226:44593|priority:0, 3c897dd6-f9a8-4587-816d-4b361cef56f3|rpc:10.1.0.226:39577|priority:0], old=null, confs=<EMPTY_MAP>
2022-10-14 20:48:21,832 [pool-141-thread-1] INFO  server.RaftServerConfigKeys (ConfUtils.java:logGet(46)) - raft.server.storage.dir = [/home/runner/work/ozone/ozone/hadoop-ozone/integration-test/target/test-dir/MiniOzoneClusterImpl-1e9d71ba-d753-4201-9665-5e97e6b64b9c/datanode-3/data/ratis] (custom)
2022-10-14 20:48:21,832 [pool-141-thread-1] INFO  server.RaftServerConfigKeys (ConfUtils.java:logGet(46)) - raft.server.log.corruption.policy = EXCEPTION (default)
2022-10-14 20:48:21,832 [pool-141-thread-1] INFO  server.RaftServerConfigKeys (ConfUtils.java:logGet(46)) - raft.server.storage.free-space.min = 0MB (=0) (default)
2022-10-14 20:48:21,832 [pool-141-thread-1] INFO  storage.RaftStorageDirectory (RaftStorageDirectoryImpl.java:analyzeStorage(135)) - The storage directory /home/runner/work/ozone/ozone/hadoop-ozone/integration-test/target/test-dir/MiniOzoneClusterImpl-1e9d71ba-d753-4201-9665-5e97e6b64b9c/datanode-3/data/ratis/96c6ea32-f448-4df3-a1c9-b319158f4de0 does not exist. Creating ...
2022-10-14 20:48:21,833 [pool-141-thread-1] INFO  storage.RaftStorageDirectory (RaftStorageDirectoryImpl.java:tryLock(230)) - Lock on /home/runner/work/ozone/ozone/hadoop-ozone/integration-test/target/test-dir/MiniOzoneClusterImpl-1e9d71ba-d753-4201-9665-5e97e6b64b9c/datanode-3/data/ratis/96c6ea32-f448-4df3-a1c9-b319158f4de0/in_use.lock acquired by nodename 88544@fv-az459-990
2022-10-14 20:48:21,835 [pool-141-thread-1] INFO  storage.RaftStorage (RaftStorageImpl.java:format(89)) - Storage directory /home/runner/work/ozone/ozone/hadoop-ozone/integration-test/target/test-dir/MiniOzoneClusterImpl-1e9d71ba-d753-4201-9665-5e97e6b64b9c/datanode-3/data/ratis/96c6ea32-f448-4df3-a1c9-b319158f4de0 has been successfully formatted.
2022-10-14 20:48:21,835 [pool-141-thread-1] INFO  ratis.ContainerStateMachine (ContainerStateMachine.java:loadSnapshot(236)) - group-B319158F4DE0: The snapshot info is null. Setting the last applied indexto:(t:0, i:~)
2022-10-14 20:48:21,835 [pool-141-thread-1] INFO  server.RaftServerConfigKeys (ConfUtils.java:logGet(46)) - raft.server.notification.no-leader.timeout = 300s (custom)
2022-10-14 20:48:21,837 [EventQueue-OpenPipelineForHealthyPipelineSafeModeRule] INFO  safemode.SCMSafeModeManager (HealthyPipelineSafeModeRule.java:process(137)) - SCM in safe mode. Healthy pipelines reported count is 0, required healthy pipeline reported count is 1
2022-10-14 20:48:21,838 [pool-141-thread-1] INFO  server.RaftServerConfigKeys (ConfUtils.java:logGet(46)) - raft.server.log.use.memory = false (default)
2022-10-14 20:48:21,838 [pool-141-thread-1] INFO  server.RaftServerConfigKeys (ConfUtils.java:logGet(46)) - raft.server.log.purge.gap = 1000000 (custom)
2022-10-14 20:48:21,838 [pool-141-thread-1] INFO  server.RaftServerConfigKeys (ConfUtils.java:logGet(46)) - raft.server.log.appender.buffer.byte-limit = 33554432 (custom)
2022-10-14 20:48:21,838 [pool-141-thread-1] INFO  server.RaftServerConfigKeys (ConfUtils.java:logGet(46)) - raft.server.log.statemachine.data.read.timeout = 1000ms (default)
2022-10-14 20:48:21,839 [pool-141-thread-1] INFO  server.RaftServerConfigKeys (ConfUtils.java:logGet(46)) - raft.server.log.segment.size.max = 1048576 (custom)
2022-10-14 20:48:21,839 [pool-141-thread-1] INFO  server.RaftServerConfigKeys (ConfUtils.java:logGet(46)) - raft.server.log.segment.cache.num.max = 2 (custom)
2022-10-14 20:48:21,839 [pool-141-thread-1] INFO  server.RaftServerConfigKeys (ConfUtils.java:logGet(46)) - raft.server.log.segment.cache.size.max = 200MB (=209715200) (default)
2022-10-14 20:48:21,839 [pool-141-thread-1] INFO  segmented.SegmentedRaftLogWorker (SegmentedRaftLogWorker.java:<init>(187)) - new 264ccfc1-7403-435b-81c3-d1dfb4335e59@group-B319158F4DE0-SegmentedRaftLogWorker for RaftStorageImpl:Storage Directory /home/runner/work/ozone/ozone/hadoop-ozone/integration-test/target/test-dir/MiniOzoneClusterImpl-1e9d71ba-d753-4201-9665-5e97e6b64b9c/datanode-3/data/ratis/96c6ea32-f448-4df3-a1c9-b319158f4de0
2022-10-14 20:48:21,839 [pool-141-thread-1] INFO  server.RaftServerConfigKeys (ConfUtils.java:logGet(46)) - raft.server.log.queue.byte-limit = 4294967296 (custom)
2022-10-14 20:48:21,839 [pool-141-thread-1] INFO  server.RaftServerConfigKeys (ConfUtils.java:logGet(46)) - raft.server.log.queue.element-limit = 1024 (custom)
2022-10-14 20:48:21,839 [pool-141-thread-1] INFO  server.RaftServerConfigKeys (ConfUtils.java:logGet(46)) - raft.server.log.segment.size.max = 1048576 (custom)
2022-10-14 20:48:21,839 [pool-141-thread-1] INFO  server.RaftServerConfigKeys (ConfUtils.java:logGet(46)) - raft.server.log.preallocated.size = 16384 (custom)
2022-10-14 20:48:21,840 [pool-141-thread-1] INFO  server.RaftServerConfigKeys (ConfUtils.java:logGet(46)) - raft.server.log.force.sync.num = 128 (default)
2022-10-14 20:48:21,840 [pool-141-thread-1] INFO  server.RaftServerConfigKeys (ConfUtils.java:logGet(46)) - raft.server.log.statemachine.data.sync = true (default)
2022-10-14 20:48:21,840 [pool-141-thread-1] INFO  server.RaftServerConfigKeys (ConfUtils.java:logGet(46)) - raft.server.log.statemachine.data.sync.timeout = 10s (default)
2022-10-14 20:48:21,840 [pool-141-thread-1] INFO  server.RaftServerConfigKeys (ConfUtils.java:logGet(46)) - raft.server.log.statemachine.data.sync.timeout.retry = -1 (default)
2022-10-14 20:48:21,841 [pool-141-thread-1] INFO  server.RaftServerConfigKeys (ConfUtils.java:logGet(46)) - raft.server.log.write.buffer.size = 1048576 (custom)
2022-10-14 20:48:21,842 [pool-141-thread-1] INFO  server.RaftServerConfigKeys (ConfUtils.java:logGet(46)) - raft.server.log.unsafe-flush.enabled = false (default)
2022-10-14 20:48:21,842 [pool-141-thread-1] INFO  server.RaftServerConfigKeys (ConfUtils.java:logGet(46)) - raft.server.log.statemachine.data.caching.enabled = true (custom)
2022-10-14 20:48:21,842 [pool-141-thread-1] INFO  segmented.SegmentedRaftLogWorker (SegmentedRaftLogWorker.java:lambda$new$0(135)) - 264ccfc1-7403-435b-81c3-d1dfb4335e59@group-B319158F4DE0-SegmentedRaftLogWorker: flushIndex: setUnconditionally 0 -> -1
2022-10-14 20:48:21,842 [pool-141-thread-1] INFO  segmented.SegmentedRaftLogWorker (SegmentedRaftLogWorker.java:lambda$new$0(135)) - 264ccfc1-7403-435b-81c3-d1dfb4335e59@group-B319158F4DE0-SegmentedRaftLogWorker: safeCacheEvictIndex: setUnconditionally 0 -> -1
2022-10-14 20:48:21,845 [pool-141-thread-1] INFO  server.RaftServerConfigKeys (ConfUtils.java:logGet(46)) - raft.server.snapshot.auto.trigger.enabled = true (custom)
2022-10-14 20:48:21,845 [pool-141-thread-1] INFO  server.RaftServerConfigKeys (ConfUtils.java:logGet(46)) - raft.server.snapshot.auto.trigger.threshold = 10000 (custom)
2022-10-14 20:48:21,845 [pool-141-thread-1] INFO  server.RaftServerConfigKeys (ConfUtils.java:logGet(46)) - raft.server.snapshot.retention.file.num = 5 (custom)
2022-10-14 20:48:21,845 [pool-141-thread-1] INFO  server.RaftServerConfigKeys (ConfUtils.java:logGet(46)) - raft.server.log.purge.upto.snapshot.index = false (default)
2022-10-14 20:48:21,845 [pool-141-thread-1] INFO  server.RaftServerConfigKeys (ConfUtils.java:logGet(46)) - raft.server.retrycache.expirytime = 600000ms (custom)
2022-10-14 20:48:21,845 [pool-141-thread-1] INFO  server.RaftServerConfigKeys (ConfUtils.java:logGet(46)) - raft.server.retrycache.statistics.expirytime = 100μs (default)
2022-10-14 20:48:21,846 [pool-141-thread-1] INFO  server.RaftServerConfigKeys (ConfUtils.java:logGet(46)) - raft.server.log.appender.install.snapshot.enabled = false (custom)
2022-10-14 20:48:21,846 [pool-141-thread-1] INFO  server.RaftServerConfigKeys (ConfUtils.java:logGet(46)) - raft.server.threadpool.server.cached = true (default)
2022-10-14 20:48:21,846 [pool-141-thread-1] INFO  server.RaftServerConfigKeys (ConfUtils.java:logGet(46)) - raft.server.threadpool.server.size = 0 (default)
2022-10-14 20:48:21,846 [pool-141-thread-1] INFO  server.RaftServerConfigKeys (ConfUtils.java:logGet(46)) - raft.server.threadpool.client.cached = true (default)
2022-10-14 20:48:21,846 [pool-141-thread-1] INFO  server.RaftServerConfigKeys (ConfUtils.java:logGet(46)) - raft.server.threadpool.client.size = 0 (default)
2022-10-14 20:48:21,847 [pool-141-thread-1] INFO  server.RaftServer$Division (RaftServerImpl.java:start(310)) - 264ccfc1-7403-435b-81c3-d1dfb4335e59@group-B319158F4DE0: start as a follower, conf=-1: [27609338-e5ea-4e9e-bd63-6729dd2dbc7a|rpc:10.1.0.226:36963|priority:1, 264ccfc1-7403-435b-81c3-d1dfb4335e59|rpc:10.1.0.226:44593|priority:0, 3c897dd6-f9a8-4587-816d-4b361cef56f3|rpc:10.1.0.226:39577|priority:0], old=null
2022-10-14 20:48:21,847 [pool-141-thread-1] INFO  server.RaftServer$Division (RaftServerImpl.java:setRole(299)) - 264ccfc1-7403-435b-81c3-d1dfb4335e59@group-B319158F4DE0: changes role from      null to FOLLOWER at term 0 for startAsFollower
2022-10-14 20:48:21,847 [pool-141-thread-1] INFO  impl.RoleInfo (RoleInfo.java:updateAndGet(139)) - 264ccfc1-7403-435b-81c3-d1dfb4335e59: start 264ccfc1-7403-435b-81c3-d1dfb4335e59@group-B319158F4DE0-FollowerState
2022-10-14 20:48:21,847 [pool-141-thread-1] INFO  util.JmxRegister (JmxRegister.java:tryRegister(44)) - Successfully registered JMX Bean with object name Ratis:service=RaftServer,group=group-B319158F4DE0,id=264ccfc1-7403-435b-81c3-d1dfb4335e59
2022-10-14 20:48:21,848 [Command processor thread] INFO  ratis.XceiverServerRatis (XceiverServerRatis.java:addGroup(765)) - Created group PipelineID=96c6ea32-f448-4df3-a1c9-b319158f4de0
2022-10-14 20:48:21,872 [grpc-default-executor-0] INFO  server.RaftServer (RaftServerProxy.java:addNew(96)) - 3c897dd6-f9a8-4587-816d-4b361cef56f3: addNew group-B319158F4DE0:[27609338-e5ea-4e9e-bd63-6729dd2dbc7a|rpc:10.1.0.226:36963|dataStream:|priority:1, 264ccfc1-7403-435b-81c3-d1dfb4335e59|rpc:10.1.0.226:44593|dataStream:|priority:0, 3c897dd6-f9a8-4587-816d-4b361cef56f3|rpc:10.1.0.226:39577|dataStream:|priority:0] returns group-B319158F4DE0:java.util.concurrent.CompletableFuture@7d424901[Not completed]
2022-10-14 20:48:21,873 [pool-164-thread-1] INFO  server.RaftServer$Division (RaftServerImpl.java:<init>(190)) - 3c897dd6-f9a8-4587-816d-4b361cef56f3: new RaftServerImpl for group-B319158F4DE0:[27609338-e5ea-4e9e-bd63-6729dd2dbc7a|rpc:10.1.0.226:36963|dataStream:|priority:1, 264ccfc1-7403-435b-81c3-d1dfb4335e59|rpc:10.1.0.226:44593|dataStream:|priority:0, 3c897dd6-f9a8-4587-816d-4b361cef56f3|rpc:10.1.0.226:39577|dataStream:|priority:0] with ContainerStateMachine:uninitialized
2022-10-14 20:48:21,873 [pool-164-thread-1] INFO  server.RaftServerConfigKeys (ConfUtils.java:logGet(46)) - raft.server.rpc.timeout.min = 5s (custom)
2022-10-14 20:48:21,874 [pool-164-thread-1] INFO  server.RaftServerConfigKeys (ConfUtils.java:logGet(46)) - raft.server.rpc.timeout.max = 5200ms (custom)
2022-10-14 20:48:21,874 [pool-164-thread-1] INFO  server.RaftServerConfigKeys (ConfUtils.java:logGet(46)) - raft.server.rpc.sleep.time = 25ms (default)
2022-10-14 20:48:21,874 [pool-164-thread-1] INFO  server.RaftServerConfigKeys (ConfUtils.java:logGet(46)) - raft.server.rpc.slowness.timeout = 300s (custom)
2022-10-14 20:48:21,874 [pool-164-thread-1] INFO  server.RaftServerConfigKeys (ConfUtils.java:logGet(46)) - raft.server.leaderelection.leader.step-down.wait-time = 10s (default)
2022-10-14 20:48:21,874 [pool-164-thread-1] INFO  server.RaftServerConfigKeys (ConfUtils.java:logGet(46)) - raft.server.sleep.deviation.threshold = 300ms (default)
2022-10-14 20:48:21,874 [pool-164-thread-1] INFO  server.RaftServer$Division (ServerState.java:<init>(107)) - 3c897dd6-f9a8-4587-816d-4b361cef56f3@group-B319158F4DE0: ConfigurationManager, init=-1: [27609338-e5ea-4e9e-bd63-6729dd2dbc7a|rpc:10.1.0.226:36963|dataStream:|priority:1, 264ccfc1-7403-435b-81c3-d1dfb4335e59|rpc:10.1.0.226:44593|dataStream:|priority:0, 3c897dd6-f9a8-4587-816d-4b361cef56f3|rpc:10.1.0.226:39577|dataStream:|priority:0], old=null, confs=<EMPTY_MAP>
2022-10-14 20:48:21,874 [pool-164-thread-1] INFO  server.RaftServerConfigKeys (ConfUtils.java:logGet(46)) - raft.server.storage.dir = [/home/runner/work/ozone/ozone/hadoop-ozone/integration-test/target/test-dir/MiniOzoneClusterImpl-1e9d71ba-d753-4201-9665-5e97e6b64b9c/datanode-4/data/ratis] (custom)
2022-10-14 20:48:21,874 [pool-164-thread-1] INFO  server.RaftServerConfigKeys (ConfUtils.java:logGet(46)) - raft.server.log.corruption.policy = EXCEPTION (default)
2022-10-14 20:48:21,874 [pool-164-thread-1] INFO  server.RaftServerConfigKeys (ConfUtils.java:logGet(46)) - raft.server.storage.free-space.min = 0MB (=0) (default)
2022-10-14 20:48:21,874 [pool-164-thread-1] INFO  storage.RaftStorageDirectory (RaftStorageDirectoryImpl.java:analyzeStorage(135)) - The storage directory /home/runner/work/ozone/ozone/hadoop-ozone/integration-test/target/test-dir/MiniOzoneClusterImpl-1e9d71ba-d753-4201-9665-5e97e6b64b9c/datanode-4/data/ratis/96c6ea32-f448-4df3-a1c9-b319158f4de0 does not exist. Creating ...
2022-10-14 20:48:21,878 [pool-164-thread-1] INFO  storage.RaftStorageDirectory (RaftStorageDirectoryImpl.java:tryLock(230)) - Lock on /home/runner/work/ozone/ozone/hadoop-ozone/integration-test/target/test-dir/MiniOzoneClusterImpl-1e9d71ba-d753-4201-9665-5e97e6b64b9c/datanode-4/data/ratis/96c6ea32-f448-4df3-a1c9-b319158f4de0/in_use.lock acquired by nodename 88544@fv-az459-990
2022-10-14 20:48:21,879 [pool-164-thread-1] INFO  storage.RaftStorage (RaftStorageImpl.java:format(89)) - Storage directory /home/runner/work/ozone/ozone/hadoop-ozone/integration-test/target/test-dir/MiniOzoneClusterImpl-1e9d71ba-d753-4201-9665-5e97e6b64b9c/datanode-4/data/ratis/96c6ea32-f448-4df3-a1c9-b319158f4de0 has been successfully formatted.
2022-10-14 20:48:21,880 [pool-164-thread-1] INFO  ratis.ContainerStateMachine (ContainerStateMachine.java:loadSnapshot(236)) - group-B319158F4DE0: The snapshot info is null. Setting the last applied indexto:(t:0, i:~)
2022-10-14 20:48:21,880 [pool-164-thread-1] INFO  server.RaftServerConfigKeys (ConfUtils.java:logGet(46)) - raft.server.notification.no-leader.timeout = 300s (custom)
2022-10-14 20:48:21,880 [pool-164-thread-1] INFO  server.RaftServerConfigKeys (ConfUtils.java:logGet(46)) - raft.server.log.use.memory = false (default)
2022-10-14 20:48:21,880 [pool-164-thread-1] INFO  server.RaftServerConfigKeys (ConfUtils.java:logGet(46)) - raft.server.log.purge.gap = 1000000 (custom)
2022-10-14 20:48:21,880 [pool-164-thread-1] INFO  server.RaftServerConfigKeys (ConfUtils.java:logGet(46)) - raft.server.log.appender.buffer.byte-limit = 33554432 (custom)
2022-10-14 20:48:21,880 [pool-164-thread-1] INFO  server.RaftServerConfigKeys (ConfUtils.java:logGet(46)) - raft.server.log.statemachine.data.read.timeout = 1000ms (default)
2022-10-14 20:48:21,884 [pool-164-thread-1] INFO  server.RaftServerConfigKeys (ConfUtils.java:logGet(46)) - raft.server.log.segment.size.max = 1048576 (custom)
2022-10-14 20:48:21,884 [pool-164-thread-1] INFO  server.RaftServerConfigKeys (ConfUtils.java:logGet(46)) - raft.server.log.segment.cache.num.max = 2 (custom)
2022-10-14 20:48:21,884 [pool-164-thread-1] INFO  server.RaftServerConfigKeys (ConfUtils.java:logGet(46)) - raft.server.log.segment.cache.size.max = 200MB (=209715200) (default)
2022-10-14 20:48:21,884 [pool-164-thread-1] INFO  segmented.SegmentedRaftLogWorker (SegmentedRaftLogWorker.java:<init>(187)) - new 3c897dd6-f9a8-4587-816d-4b361cef56f3@group-B319158F4DE0-SegmentedRaftLogWorker for RaftStorageImpl:Storage Directory /home/runner/work/ozone/ozone/hadoop-ozone/integration-test/target/test-dir/MiniOzoneClusterImpl-1e9d71ba-d753-4201-9665-5e97e6b64b9c/datanode-4/data/ratis/96c6ea32-f448-4df3-a1c9-b319158f4de0
2022-10-14 20:48:21,885 [pool-164-thread-1] INFO  server.RaftServerConfigKeys (ConfUtils.java:logGet(46)) - raft.server.log.queue.byte-limit = 4294967296 (custom)
2022-10-14 20:48:21,885 [pool-164-thread-1] INFO  server.RaftServerConfigKeys (ConfUtils.java:logGet(46)) - raft.server.log.queue.element-limit = 1024 (custom)
2022-10-14 20:48:21,885 [pool-164-thread-1] INFO  server.RaftServerConfigKeys (ConfUtils.java:logGet(46)) - raft.server.log.segment.size.max = 1048576 (custom)
2022-10-14 20:48:21,885 [pool-164-thread-1] INFO  server.RaftServerConfigKeys (ConfUtils.java:logGet(46)) - raft.server.log.preallocated.size = 16384 (custom)
2022-10-14 20:48:21,885 [pool-164-thread-1] INFO  server.RaftServerConfigKeys (ConfUtils.java:logGet(46)) - raft.server.log.force.sync.num = 128 (default)
2022-10-14 20:48:21,885 [pool-164-thread-1] INFO  server.RaftServerConfigKeys (ConfUtils.java:logGet(46)) - raft.server.log.statemachine.data.sync = true (default)
2022-10-14 20:48:21,885 [pool-164-thread-1] INFO  server.RaftServerConfigKeys (ConfUtils.java:logGet(46)) - raft.server.log.statemachine.data.sync.timeout = 10s (default)
2022-10-14 20:48:21,885 [pool-164-thread-1] INFO  server.RaftServerConfigKeys (ConfUtils.java:logGet(46)) - raft.server.log.statemachine.data.sync.timeout.retry = -1 (default)
2022-10-14 20:48:21,887 [pool-164-thread-1] INFO  server.RaftServerConfigKeys (ConfUtils.java:logGet(46)) - raft.server.log.write.buffer.size = 1048576 (custom)
2022-10-14 20:48:21,887 [pool-164-thread-1] INFO  server.RaftServerConfigKeys (ConfUtils.java:logGet(46)) - raft.server.log.unsafe-flush.enabled = false (default)
2022-10-14 20:48:21,887 [pool-164-thread-1] INFO  server.RaftServerConfigKeys (ConfUtils.java:logGet(46)) - raft.server.log.statemachine.data.caching.enabled = true (custom)
2022-10-14 20:48:21,888 [pool-164-thread-1] INFO  segmented.SegmentedRaftLogWorker (SegmentedRaftLogWorker.java:lambda$new$0(135)) - 3c897dd6-f9a8-4587-816d-4b361cef56f3@group-B319158F4DE0-SegmentedRaftLogWorker: flushIndex: setUnconditionally 0 -> -1
2022-10-14 20:48:21,888 [pool-164-thread-1] INFO  segmented.SegmentedRaftLogWorker (SegmentedRaftLogWorker.java:lambda$new$0(135)) - 3c897dd6-f9a8-4587-816d-4b361cef56f3@group-B319158F4DE0-SegmentedRaftLogWorker: safeCacheEvictIndex: setUnconditionally 0 -> -1
2022-10-14 20:48:21,888 [pool-164-thread-1] INFO  server.RaftServerConfigKeys (ConfUtils.java:logGet(46)) - raft.server.snapshot.auto.trigger.enabled = true (custom)
2022-10-14 20:48:21,888 [pool-164-thread-1] INFO  server.RaftServerConfigKeys (ConfUtils.java:logGet(46)) - raft.server.snapshot.auto.trigger.threshold = 10000 (custom)
2022-10-14 20:48:21,888 [pool-164-thread-1] INFO  server.RaftServerConfigKeys (ConfUtils.java:logGet(46)) - raft.server.snapshot.retention.file.num = 5 (custom)
2022-10-14 20:48:21,888 [pool-164-thread-1] INFO  server.RaftServerConfigKeys (ConfUtils.java:logGet(46)) - raft.server.log.purge.upto.snapshot.index = false (default)
2022-10-14 20:48:21,888 [pool-164-thread-1] INFO  server.RaftServerConfigKeys (ConfUtils.java:logGet(46)) - raft.server.retrycache.expirytime = 600000ms (custom)
2022-10-14 20:48:21,888 [pool-164-thread-1] INFO  server.RaftServerConfigKeys (ConfUtils.java:logGet(46)) - raft.server.retrycache.statistics.expirytime = 100μs (default)
2022-10-14 20:48:21,889 [pool-164-thread-1] INFO  server.RaftServerConfigKeys (ConfUtils.java:logGet(46)) - raft.server.log.appender.install.snapshot.enabled = false (custom)
2022-10-14 20:48:21,890 [pool-164-thread-1] INFO  server.RaftServerConfigKeys (ConfUtils.java:logGet(46)) - raft.server.threadpool.server.cached = true (default)
2022-10-14 20:48:21,890 [pool-164-thread-1] INFO  server.RaftServerConfigKeys (ConfUtils.java:logGet(46)) - raft.server.threadpool.server.size = 0 (default)
2022-10-14 20:48:21,890 [pool-164-thread-1] INFO  server.RaftServerConfigKeys (ConfUtils.java:logGet(46)) - raft.server.threadpool.client.cached = true (default)
2022-10-14 20:48:21,890 [pool-164-thread-1] INFO  server.RaftServerConfigKeys (ConfUtils.java:logGet(46)) - raft.server.threadpool.client.size = 0 (default)
2022-10-14 20:48:21,890 [pool-164-thread-1] INFO  server.RaftServer$Division (RaftServerImpl.java:start(310)) - 3c897dd6-f9a8-4587-816d-4b361cef56f3@group-B319158F4DE0: start as a follower, conf=-1: [27609338-e5ea-4e9e-bd63-6729dd2dbc7a|rpc:10.1.0.226:36963|dataStream:|priority:1, 264ccfc1-7403-435b-81c3-d1dfb4335e59|rpc:10.1.0.226:44593|dataStream:|priority:0, 3c897dd6-f9a8-4587-816d-4b361cef56f3|rpc:10.1.0.226:39577|dataStream:|priority:0], old=null
2022-10-14 20:48:21,890 [pool-164-thread-1] INFO  server.RaftServer$Division (RaftServerImpl.java:setRole(299)) - 3c897dd6-f9a8-4587-816d-4b361cef56f3@group-B319158F4DE0: changes role from      null to FOLLOWER at term 0 for startAsFollower
2022-10-14 20:48:21,890 [pool-164-thread-1] INFO  impl.RoleInfo (RoleInfo.java:updateAndGet(139)) - 3c897dd6-f9a8-4587-816d-4b361cef56f3: start 3c897dd6-f9a8-4587-816d-4b361cef56f3@group-B319158F4DE0-FollowerState
2022-10-14 20:48:21,891 [pool-164-thread-1] INFO  util.JmxRegister (JmxRegister.java:tryRegister(44)) - Successfully registered JMX Bean with object name Ratis:service=RaftServer,group=group-B319158F4DE0,id=3c897dd6-f9a8-4587-816d-4b361cef56f3
2022-10-14 20:48:21,921 [grpc-default-executor-0] INFO  server.RaftServer (RaftServerProxy.java:addNew(96)) - 27609338-e5ea-4e9e-bd63-6729dd2dbc7a: addNew group-B319158F4DE0:[27609338-e5ea-4e9e-bd63-6729dd2dbc7a|rpc:10.1.0.226:36963|dataStream:|priority:1, 264ccfc1-7403-435b-81c3-d1dfb4335e59|rpc:10.1.0.226:44593|dataStream:|priority:0, 3c897dd6-f9a8-4587-816d-4b361cef56f3|rpc:10.1.0.226:39577|dataStream:|priority:0] returns group-B319158F4DE0:java.util.concurrent.CompletableFuture@144cfdd1[Not completed]
2022-10-14 20:48:21,923 [pool-187-thread-1] INFO  server.RaftServer$Division (RaftServerImpl.java:<init>(190)) - 27609338-e5ea-4e9e-bd63-6729dd2dbc7a: new RaftServerImpl for group-B319158F4DE0:[27609338-e5ea-4e9e-bd63-6729dd2dbc7a|rpc:10.1.0.226:36963|dataStream:|priority:1, 264ccfc1-7403-435b-81c3-d1dfb4335e59|rpc:10.1.0.226:44593|dataStream:|priority:0, 3c897dd6-f9a8-4587-816d-4b361cef56f3|rpc:10.1.0.226:39577|dataStream:|priority:0] with ContainerStateMachine:uninitialized
2022-10-14 20:48:21,923 [pool-187-thread-1] INFO  server.RaftServerConfigKeys (ConfUtils.java:logGet(46)) - raft.server.rpc.timeout.min = 5s (custom)
2022-10-14 20:48:21,923 [pool-187-thread-1] INFO  server.RaftServerConfigKeys (ConfUtils.java:logGet(46)) - raft.server.rpc.timeout.max = 5200ms (custom)
2022-10-14 20:48:21,923 [pool-187-thread-1] INFO  server.RaftServerConfigKeys (ConfUtils.java:logGet(46)) - raft.server.rpc.sleep.time = 25ms (default)
2022-10-14 20:48:21,923 [pool-187-thread-1] INFO  server.RaftServerConfigKeys (ConfUtils.java:logGet(46)) - raft.server.rpc.slowness.timeout = 300s (custom)
2022-10-14 20:48:21,923 [pool-187-thread-1] INFO  server.RaftServerConfigKeys (ConfUtils.java:logGet(46)) - raft.server.leaderelection.leader.step-down.wait-time = 10s (default)
2022-10-14 20:48:21,923 [pool-187-thread-1] INFO  server.RaftServerConfigKeys (ConfUtils.java:logGet(46)) - raft.server.sleep.deviation.threshold = 300ms (default)
2022-10-14 20:48:21,923 [pool-187-thread-1] INFO  server.RaftServer$Division (ServerState.java:<init>(107)) - 27609338-e5ea-4e9e-bd63-6729dd2dbc7a@group-B319158F4DE0: ConfigurationManager, init=-1: [27609338-e5ea-4e9e-bd63-6729dd2dbc7a|rpc:10.1.0.226:36963|dataStream:|priority:1, 264ccfc1-7403-435b-81c3-d1dfb4335e59|rpc:10.1.0.226:44593|dataStream:|priority:0, 3c897dd6-f9a8-4587-816d-4b361cef56f3|rpc:10.1.0.226:39577|dataStream:|priority:0], old=null, confs=<EMPTY_MAP>
2022-10-14 20:48:21,923 [pool-187-thread-1] INFO  server.RaftServerConfigKeys (ConfUtils.java:logGet(46)) - raft.server.storage.dir = [/home/runner/work/ozone/ozone/hadoop-ozone/integration-test/target/test-dir/MiniOzoneClusterImpl-1e9d71ba-d753-4201-9665-5e97e6b64b9c/datanode-5/data/ratis] (custom)
2022-10-14 20:48:21,924 [pool-187-thread-1] INFO  server.RaftServerConfigKeys (ConfUtils.java:logGet(46)) - raft.server.log.corruption.policy = EXCEPTION (default)
2022-10-14 20:48:21,924 [pool-187-thread-1] INFO  server.RaftServerConfigKeys (ConfUtils.java:logGet(46)) - raft.server.storage.free-space.min = 0MB (=0) (default)
2022-10-14 20:48:21,924 [pool-187-thread-1] INFO  storage.RaftStorageDirectory (RaftStorageDirectoryImpl.java:analyzeStorage(135)) - The storage directory /home/runner/work/ozone/ozone/hadoop-ozone/integration-test/target/test-dir/MiniOzoneClusterImpl-1e9d71ba-d753-4201-9665-5e97e6b64b9c/datanode-5/data/ratis/96c6ea32-f448-4df3-a1c9-b319158f4de0 does not exist. Creating ...
2022-10-14 20:48:21,929 [pool-187-thread-1] INFO  storage.RaftStorageDirectory (RaftStorageDirectoryImpl.java:tryLock(230)) - Lock on /home/runner/work/ozone/ozone/hadoop-ozone/integration-test/target/test-dir/MiniOzoneClusterImpl-1e9d71ba-d753-4201-9665-5e97e6b64b9c/datanode-5/data/ratis/96c6ea32-f448-4df3-a1c9-b319158f4de0/in_use.lock acquired by nodename 88544@fv-az459-990
2022-10-14 20:48:21,933 [pool-187-thread-1] INFO  storage.RaftStorage (RaftStorageImpl.java:format(89)) - Storage directory /home/runner/work/ozone/ozone/hadoop-ozone/integration-test/target/test-dir/MiniOzoneClusterImpl-1e9d71ba-d753-4201-9665-5e97e6b64b9c/datanode-5/data/ratis/96c6ea32-f448-4df3-a1c9-b319158f4de0 has been successfully formatted.
2022-10-14 20:48:21,933 [pool-187-thread-1] INFO  ratis.ContainerStateMachine (ContainerStateMachine.java:loadSnapshot(236)) - group-B319158F4DE0: The snapshot info is null. Setting the last applied indexto:(t:0, i:~)
2022-10-14 20:48:21,936 [pool-187-thread-1] INFO  server.RaftServerConfigKeys (ConfUtils.java:logGet(46)) - raft.server.notification.no-leader.timeout = 300s (custom)
2022-10-14 20:48:21,936 [pool-187-thread-1] INFO  server.RaftServerConfigKeys (ConfUtils.java:logGet(46)) - raft.server.log.use.memory = false (default)
2022-10-14 20:48:21,936 [pool-187-thread-1] INFO  server.RaftServerConfigKeys (ConfUtils.java:logGet(46)) - raft.server.log.purge.gap = 1000000 (custom)
2022-10-14 20:48:21,936 [pool-187-thread-1] INFO  server.RaftServerConfigKeys (ConfUtils.java:logGet(46)) - raft.server.log.appender.buffer.byte-limit = 33554432 (custom)
2022-10-14 20:48:21,936 [pool-187-thread-1] INFO  server.RaftServerConfigKeys (ConfUtils.java:logGet(46)) - raft.server.log.statemachine.data.read.timeout = 1000ms (default)
2022-10-14 20:48:21,937 [pool-187-thread-1] INFO  server.RaftServerConfigKeys (ConfUtils.java:logGet(46)) - raft.server.log.segment.size.max = 1048576 (custom)
2022-10-14 20:48:21,937 [pool-187-thread-1] INFO  server.RaftServerConfigKeys (ConfUtils.java:logGet(46)) - raft.server.log.segment.cache.num.max = 2 (custom)
2022-10-14 20:48:21,937 [pool-187-thread-1] INFO  server.RaftServerConfigKeys (ConfUtils.java:logGet(46)) - raft.server.log.segment.cache.size.max = 200MB (=209715200) (default)
2022-10-14 20:48:21,937 [pool-187-thread-1] INFO  segmented.SegmentedRaftLogWorker (SegmentedRaftLogWorker.java:<init>(187)) - new 27609338-e5ea-4e9e-bd63-6729dd2dbc7a@group-B319158F4DE0-SegmentedRaftLogWorker for RaftStorageImpl:Storage Directory /home/runner/work/ozone/ozone/hadoop-ozone/integration-test/target/test-dir/MiniOzoneClusterImpl-1e9d71ba-d753-4201-9665-5e97e6b64b9c/datanode-5/data/ratis/96c6ea32-f448-4df3-a1c9-b319158f4de0
2022-10-14 20:48:21,937 [pool-187-thread-1] INFO  server.RaftServerConfigKeys (ConfUtils.java:logGet(46)) - raft.server.log.queue.byte-limit = 4294967296 (custom)
2022-10-14 20:48:21,937 [pool-187-thread-1] INFO  server.RaftServerConfigKeys (ConfUtils.java:logGet(46)) - raft.server.log.queue.element-limit = 1024 (custom)
2022-10-14 20:48:21,938 [pool-187-thread-1] INFO  server.RaftServerConfigKeys (ConfUtils.java:logGet(46)) - raft.server.log.segment.size.max = 1048576 (custom)
2022-10-14 20:48:21,938 [pool-187-thread-1] INFO  server.RaftServerConfigKeys (ConfUtils.java:logGet(46)) - raft.server.log.preallocated.size = 16384 (custom)
2022-10-14 20:48:21,938 [pool-187-thread-1] INFO  server.RaftServerConfigKeys (ConfUtils.java:logGet(46)) - raft.server.log.force.sync.num = 128 (default)
2022-10-14 20:48:21,938 [pool-187-thread-1] INFO  server.RaftServerConfigKeys (ConfUtils.java:logGet(46)) - raft.server.log.statemachine.data.sync = true (default)
2022-10-14 20:48:21,939 [pool-187-thread-1] INFO  server.RaftServerConfigKeys (ConfUtils.java:logGet(46)) - raft.server.log.statemachine.data.sync.timeout = 10s (default)
2022-10-14 20:48:21,939 [pool-187-thread-1] INFO  server.RaftServerConfigKeys (ConfUtils.java:logGet(46)) - raft.server.log.statemachine.data.sync.timeout.retry = -1 (default)
2022-10-14 20:48:21,941 [pool-187-thread-1] INFO  server.RaftServerConfigKeys (ConfUtils.java:logGet(46)) - raft.server.log.write.buffer.size = 1048576 (custom)
2022-10-14 20:48:21,942 [pool-187-thread-1] INFO  server.RaftServerConfigKeys (ConfUtils.java:logGet(46)) - raft.server.log.unsafe-flush.enabled = false (default)
2022-10-14 20:48:21,942 [pool-187-thread-1] INFO  server.RaftServerConfigKeys (ConfUtils.java:logGet(46)) - raft.server.log.statemachine.data.caching.enabled = true (custom)
2022-10-14 20:48:21,942 [pool-187-thread-1] INFO  segmented.SegmentedRaftLogWorker (SegmentedRaftLogWorker.java:lambda$new$0(135)) - 27609338-e5ea-4e9e-bd63-6729dd2dbc7a@group-B319158F4DE0-SegmentedRaftLogWorker: flushIndex: setUnconditionally 0 -> -1
2022-10-14 20:48:21,943 [pool-187-thread-1] INFO  segmented.SegmentedRaftLogWorker (SegmentedRaftLogWorker.java:lambda$new$0(135)) - 27609338-e5ea-4e9e-bd63-6729dd2dbc7a@group-B319158F4DE0-SegmentedRaftLogWorker: safeCacheEvictIndex: setUnconditionally 0 -> -1
2022-10-14 20:48:21,943 [pool-187-thread-1] INFO  server.RaftServerConfigKeys (ConfUtils.java:logGet(46)) - raft.server.snapshot.auto.trigger.enabled = true (custom)
2022-10-14 20:48:21,943 [pool-187-thread-1] INFO  server.RaftServerConfigKeys (ConfUtils.java:logGet(46)) - raft.server.snapshot.auto.trigger.threshold = 10000 (custom)
2022-10-14 20:48:21,943 [pool-187-thread-1] INFO  server.RaftServerConfigKeys (ConfUtils.java:logGet(46)) - raft.server.snapshot.retention.file.num = 5 (custom)
2022-10-14 20:48:21,943 [pool-187-thread-1] INFO  server.RaftServerConfigKeys (ConfUtils.java:logGet(46)) - raft.server.log.purge.upto.snapshot.index = false (default)
2022-10-14 20:48:21,943 [pool-187-thread-1] INFO  server.RaftServerConfigKeys (ConfUtils.java:logGet(46)) - raft.server.retrycache.expirytime = 600000ms (custom)
2022-10-14 20:48:21,943 [pool-187-thread-1] INFO  server.RaftServerConfigKeys (ConfUtils.java:logGet(46)) - raft.server.retrycache.statistics.expirytime = 100μs (default)
2022-10-14 20:48:21,944 [pool-187-thread-1] INFO  server.RaftServerConfigKeys (ConfUtils.java:logGet(46)) - raft.server.log.appender.install.snapshot.enabled = false (custom)
2022-10-14 20:48:21,944 [pool-187-thread-1] INFO  server.RaftServerConfigKeys (ConfUtils.java:logGet(46)) - raft.server.threadpool.server.cached = true (default)
2022-10-14 20:48:21,945 [pool-187-thread-1] INFO  server.RaftServerConfigKeys (ConfUtils.java:logGet(46)) - raft.server.threadpool.server.size = 0 (default)
2022-10-14 20:48:21,945 [pool-187-thread-1] INFO  server.RaftServerConfigKeys (ConfUtils.java:logGet(46)) - raft.server.threadpool.client.cached = true (default)
2022-10-14 20:48:21,945 [pool-187-thread-1] INFO  server.RaftServerConfigKeys (ConfUtils.java:logGet(46)) - raft.server.threadpool.client.size = 0 (default)
2022-10-14 20:48:21,945 [pool-187-thread-1] INFO  server.RaftServer$Division (RaftServerImpl.java:start(310)) - 27609338-e5ea-4e9e-bd63-6729dd2dbc7a@group-B319158F4DE0: start as a follower, conf=-1: [27609338-e5ea-4e9e-bd63-6729dd2dbc7a|rpc:10.1.0.226:36963|dataStream:|priority:1, 264ccfc1-7403-435b-81c3-d1dfb4335e59|rpc:10.1.0.226:44593|dataStream:|priority:0, 3c897dd6-f9a8-4587-816d-4b361cef56f3|rpc:10.1.0.226:39577|dataStream:|priority:0], old=null
2022-10-14 20:48:21,945 [pool-187-thread-1] INFO  server.RaftServer$Division (RaftServerImpl.java:setRole(299)) - 27609338-e5ea-4e9e-bd63-6729dd2dbc7a@group-B319158F4DE0: changes role from      null to FOLLOWER at term 0 for startAsFollower
2022-10-14 20:48:21,945 [pool-187-thread-1] INFO  impl.RoleInfo (RoleInfo.java:updateAndGet(139)) - 27609338-e5ea-4e9e-bd63-6729dd2dbc7a: start 27609338-e5ea-4e9e-bd63-6729dd2dbc7a@group-B319158F4DE0-FollowerState
2022-10-14 20:48:21,947 [pool-187-thread-1] INFO  util.JmxRegister (JmxRegister.java:tryRegister(44)) - Successfully registered JMX Bean with object name Ratis:service=RaftServer,group=group-B319158F4DE0,id=27609338-e5ea-4e9e-bd63-6729dd2dbc7a
2022-10-14 20:48:21,960 [Command processor thread] INFO  commandhandler.CreatePipelineCommandHandler (CreatePipelineCommandHandler.java:handle(113)) - Created Pipeline RATIS THREE PipelineID=96c6ea32-f448-4df3-a1c9-b319158f4de0.
2022-10-14 20:48:21,960 [Command processor thread] INFO  server.RaftServer (RaftServerProxy.java:addNew(96)) - 264ccfc1-7403-435b-81c3-d1dfb4335e59: addNew group-D51D6A44A918:[27609338-e5ea-4e9e-bd63-6729dd2dbc7a|rpc:10.1.0.226:36963|priority:0, 264ccfc1-7403-435b-81c3-d1dfb4335e59|rpc:10.1.0.226:44593|priority:1, 3c897dd6-f9a8-4587-816d-4b361cef56f3|rpc:10.1.0.226:39577|priority:0] returns group-D51D6A44A918:java.util.concurrent.CompletableFuture@c774fc4[Not completed]
2022-10-14 20:48:21,961 [pool-141-thread-1] INFO  server.RaftServer$Division (RaftServerImpl.java:<init>(190)) - 264ccfc1-7403-435b-81c3-d1dfb4335e59: new RaftServerImpl for group-D51D6A44A918:[27609338-e5ea-4e9e-bd63-6729dd2dbc7a|rpc:10.1.0.226:36963|priority:0, 264ccfc1-7403-435b-81c3-d1dfb4335e59|rpc:10.1.0.226:44593|priority:1, 3c897dd6-f9a8-4587-816d-4b361cef56f3|rpc:10.1.0.226:39577|priority:0] with ContainerStateMachine:uninitialized
2022-10-14 20:48:21,961 [pool-141-thread-1] INFO  server.RaftServerConfigKeys (ConfUtils.java:logGet(46)) - raft.server.rpc.timeout.min = 5s (custom)
2022-10-14 20:48:21,962 [pool-141-thread-1] INFO  server.RaftServerConfigKeys (ConfUtils.java:logGet(46)) - raft.server.rpc.timeout.max = 5200ms (custom)
2022-10-14 20:48:21,962 [pool-141-thread-1] INFO  server.RaftServerConfigKeys (ConfUtils.java:logGet(46)) - raft.server.rpc.sleep.time = 25ms (default)
2022-10-14 20:48:21,962 [pool-141-thread-1] INFO  server.RaftServerConfigKeys (ConfUtils.java:logGet(46)) - raft.server.rpc.slowness.timeout = 300s (custom)
2022-10-14 20:48:21,962 [pool-141-thread-1] INFO  server.RaftServerConfigKeys (ConfUtils.java:logGet(46)) - raft.server.leaderelection.leader.step-down.wait-time = 10s (default)
2022-10-14 20:48:21,962 [pool-141-thread-1] INFO  server.RaftServerConfigKeys (ConfUtils.java:logGet(46)) - raft.server.sleep.deviation.threshold = 300ms (default)
2022-10-14 20:48:21,962 [pool-141-thread-1] INFO  server.RaftServer$Division (ServerState.java:<init>(107)) - 264ccfc1-7403-435b-81c3-d1dfb4335e59@group-D51D6A44A918: ConfigurationManager, init=-1: [27609338-e5ea-4e9e-bd63-6729dd2dbc7a|rpc:10.1.0.226:36963|priority:0, 264ccfc1-7403-435b-81c3-d1dfb4335e59|rpc:10.1.0.226:44593|priority:1, 3c897dd6-f9a8-4587-816d-4b361cef56f3|rpc:10.1.0.226:39577|priority:0], old=null, confs=<EMPTY_MAP>
2022-10-14 20:48:21,962 [pool-141-thread-1] INFO  server.RaftServerConfigKeys (ConfUtils.java:logGet(46)) - raft.server.storage.dir = [/home/runner/work/ozone/ozone/hadoop-ozone/integration-test/target/test-dir/MiniOzoneClusterImpl-1e9d71ba-d753-4201-9665-5e97e6b64b9c/datanode-3/data/ratis] (custom)
2022-10-14 20:48:21,962 [pool-141-thread-1] INFO  server.RaftServerConfigKeys (ConfUtils.java:logGet(46)) - raft.server.log.corruption.policy = EXCEPTION (default)
2022-10-14 20:48:21,962 [pool-141-thread-1] INFO  server.RaftServerConfigKeys (ConfUtils.java:logGet(46)) - raft.server.storage.free-space.min = 0MB (=0) (default)
2022-10-14 20:48:21,962 [pool-141-thread-1] INFO  storage.RaftStorageDirectory (RaftStorageDirectoryImpl.java:analyzeStorage(135)) - The storage directory /home/runner/work/ozone/ozone/hadoop-ozone/integration-test/target/test-dir/MiniOzoneClusterImpl-1e9d71ba-d753-4201-9665-5e97e6b64b9c/datanode-3/data/ratis/42d921a0-7ac0-4d91-8f02-d51d6a44a918 does not exist. Creating ...
2022-10-14 20:48:21,964 [pool-141-thread-1] INFO  storage.RaftStorageDirectory (RaftStorageDirectoryImpl.java:tryLock(230)) - Lock on /home/runner/work/ozone/ozone/hadoop-ozone/integration-test/target/test-dir/MiniOzoneClusterImpl-1e9d71ba-d753-4201-9665-5e97e6b64b9c/datanode-3/data/ratis/42d921a0-7ac0-4d91-8f02-d51d6a44a918/in_use.lock acquired by nodename 88544@fv-az459-990
2022-10-14 20:48:21,967 [pool-141-thread-1] INFO  storage.RaftStorage (RaftStorageImpl.java:format(89)) - Storage directory /home/runner/work/ozone/ozone/hadoop-ozone/integration-test/target/test-dir/MiniOzoneClusterImpl-1e9d71ba-d753-4201-9665-5e97e6b64b9c/datanode-3/data/ratis/42d921a0-7ac0-4d91-8f02-d51d6a44a918 has been successfully formatted.
2022-10-14 20:48:21,968 [pool-141-thread-1] INFO  ratis.ContainerStateMachine (ContainerStateMachine.java:loadSnapshot(236)) - group-D51D6A44A918: The snapshot info is null. Setting the last applied indexto:(t:0, i:~)
2022-10-14 20:48:21,968 [pool-141-thread-1] INFO  server.RaftServerConfigKeys (ConfUtils.java:logGet(46)) - raft.server.notification.no-leader.timeout = 300s (custom)
2022-10-14 20:48:21,968 [pool-141-thread-1] INFO  server.RaftServerConfigKeys (ConfUtils.java:logGet(46)) - raft.server.log.use.memory = false (default)
2022-10-14 20:48:21,968 [pool-141-thread-1] INFO  server.RaftServerConfigKeys (ConfUtils.java:logGet(46)) - raft.server.log.purge.gap = 1000000 (custom)
2022-10-14 20:48:21,968 [pool-141-thread-1] INFO  server.RaftServerConfigKeys (ConfUtils.java:logGet(46)) - raft.server.log.appender.buffer.byte-limit = 33554432 (custom)
2022-10-14 20:48:21,968 [pool-141-thread-1] INFO  server.RaftServerConfigKeys (ConfUtils.java:logGet(46)) - raft.server.log.statemachine.data.read.timeout = 1000ms (default)
2022-10-14 20:48:21,969 [pool-141-thread-1] INFO  server.RaftServerConfigKeys (ConfUtils.java:logGet(46)) - raft.server.log.segment.size.max = 1048576 (custom)
2022-10-14 20:48:21,969 [pool-141-thread-1] INFO  server.RaftServerConfigKeys (ConfUtils.java:logGet(46)) - raft.server.log.segment.cache.num.max = 2 (custom)
2022-10-14 20:48:21,969 [pool-141-thread-1] INFO  server.RaftServerConfigKeys (ConfUtils.java:logGet(46)) - raft.server.log.segment.cache.size.max = 200MB (=209715200) (default)
2022-10-14 20:48:21,969 [pool-141-thread-1] INFO  segmented.SegmentedRaftLogWorker (SegmentedRaftLogWorker.java:<init>(187)) - new 264ccfc1-7403-435b-81c3-d1dfb4335e59@group-D51D6A44A918-SegmentedRaftLogWorker for RaftStorageImpl:Storage Directory /home/runner/work/ozone/ozone/hadoop-ozone/integration-test/target/test-dir/MiniOzoneClusterImpl-1e9d71ba-d753-4201-9665-5e97e6b64b9c/datanode-3/data/ratis/42d921a0-7ac0-4d91-8f02-d51d6a44a918
2022-10-14 20:48:21,969 [pool-141-thread-1] INFO  server.RaftServerConfigKeys (ConfUtils.java:logGet(46)) - raft.server.log.queue.byte-limit = 4294967296 (custom)
2022-10-14 20:48:21,969 [pool-141-thread-1] INFO  server.RaftServerConfigKeys (ConfUtils.java:logGet(46)) - raft.server.log.queue.element-limit = 1024 (custom)
2022-10-14 20:48:21,969 [pool-141-thread-1] INFO  server.RaftServerConfigKeys (ConfUtils.java:logGet(46)) - raft.server.log.segment.size.max = 1048576 (custom)
2022-10-14 20:48:21,969 [pool-141-thread-1] INFO  server.RaftServerConfigKeys (ConfUtils.java:logGet(46)) - raft.server.log.preallocated.size = 16384 (custom)
2022-10-14 20:48:21,970 [pool-141-thread-1] INFO  server.RaftServerConfigKeys (ConfUtils.java:logGet(46)) - raft.server.log.force.sync.num = 128 (default)
2022-10-14 20:48:21,970 [pool-141-thread-1] INFO  server.RaftServerConfigKeys (ConfUtils.java:logGet(46)) - raft.server.log.statemachine.data.sync = true (default)
2022-10-14 20:48:21,970 [pool-141-thread-1] INFO  server.RaftServerConfigKeys (ConfUtils.java:logGet(46)) - raft.server.log.statemachine.data.sync.timeout = 10s (default)
2022-10-14 20:48:21,970 [pool-141-thread-1] INFO  server.RaftServerConfigKeys (ConfUtils.java:logGet(46)) - raft.server.log.statemachine.data.sync.timeout.retry = -1 (default)
2022-10-14 20:48:21,970 [EventQueue-OpenPipelineForHealthyPipelineSafeModeRule] INFO  safemode.SCMSafeModeManager (HealthyPipelineSafeModeRule.java:process(137)) - SCM in safe mode. Healthy pipelines reported count is 0, required healthy pipeline reported count is 1
2022-10-14 20:48:21,971 [pool-141-thread-1] INFO  server.RaftServerConfigKeys (ConfUtils.java:logGet(46)) - raft.server.log.write.buffer.size = 1048576 (custom)
2022-10-14 20:48:21,971 [pool-141-thread-1] INFO  server.RaftServerConfigKeys (ConfUtils.java:logGet(46)) - raft.server.log.unsafe-flush.enabled = false (default)
2022-10-14 20:48:21,971 [pool-141-thread-1] INFO  server.RaftServerConfigKeys (ConfUtils.java:logGet(46)) - raft.server.log.statemachine.data.caching.enabled = true (custom)
2022-10-14 20:48:21,978 [pool-141-thread-1] INFO  segmented.SegmentedRaftLogWorker (SegmentedRaftLogWorker.java:lambda$new$0(135)) - 264ccfc1-7403-435b-81c3-d1dfb4335e59@group-D51D6A44A918-SegmentedRaftLogWorker: flushIndex: setUnconditionally 0 -> -1
2022-10-14 20:48:21,978 [pool-141-thread-1] INFO  segmented.SegmentedRaftLogWorker (SegmentedRaftLogWorker.java:lambda$new$0(135)) - 264ccfc1-7403-435b-81c3-d1dfb4335e59@group-D51D6A44A918-SegmentedRaftLogWorker: safeCacheEvictIndex: setUnconditionally 0 -> -1
2022-10-14 20:48:21,981 [pool-141-thread-1] INFO  server.RaftServerConfigKeys (ConfUtils.java:logGet(46)) - raft.server.snapshot.auto.trigger.enabled = true (custom)
2022-10-14 20:48:21,981 [pool-141-thread-1] INFO  server.RaftServerConfigKeys (ConfUtils.java:logGet(46)) - raft.server.snapshot.auto.trigger.threshold = 10000 (custom)
2022-10-14 20:48:21,981 [pool-141-thread-1] INFO  server.RaftServerConfigKeys (ConfUtils.java:logGet(46)) - raft.server.snapshot.retention.file.num = 5 (custom)
2022-10-14 20:48:21,981 [pool-141-thread-1] INFO  server.RaftServerConfigKeys (ConfUtils.java:logGet(46)) - raft.server.log.purge.upto.snapshot.index = false (default)
2022-10-14 20:48:21,981 [pool-141-thread-1] INFO  server.RaftServerConfigKeys (ConfUtils.java:logGet(46)) - raft.server.retrycache.expirytime = 600000ms (custom)
2022-10-14 20:48:21,981 [pool-141-thread-1] INFO  server.RaftServerConfigKeys (ConfUtils.java:logGet(46)) - raft.server.retrycache.statistics.expirytime = 100μs (default)
2022-10-14 20:48:21,982 [pool-141-thread-1] INFO  server.RaftServerConfigKeys (ConfUtils.java:logGet(46)) - raft.server.log.appender.install.snapshot.enabled = false (custom)
2022-10-14 20:48:21,982 [pool-141-thread-1] INFO  server.RaftServerConfigKeys (ConfUtils.java:logGet(46)) - raft.server.threadpool.server.cached = true (default)
2022-10-14 20:48:21,982 [pool-141-thread-1] INFO  server.RaftServerConfigKeys (ConfUtils.java:logGet(46)) - raft.server.threadpool.server.size = 0 (default)
2022-10-14 20:48:21,983 [pool-141-thread-1] INFO  server.RaftServerConfigKeys (ConfUtils.java:logGet(46)) - raft.server.threadpool.client.cached = true (default)
2022-10-14 20:48:21,983 [pool-141-thread-1] INFO  server.RaftServerConfigKeys (ConfUtils.java:logGet(46)) - raft.server.threadpool.client.size = 0 (default)
2022-10-14 20:48:21,983 [pool-141-thread-1] INFO  server.RaftServer$Division (RaftServerImpl.java:start(310)) - 264ccfc1-7403-435b-81c3-d1dfb4335e59@group-D51D6A44A918: start as a follower, conf=-1: [27609338-e5ea-4e9e-bd63-6729dd2dbc7a|rpc:10.1.0.226:36963|priority:0, 264ccfc1-7403-435b-81c3-d1dfb4335e59|rpc:10.1.0.226:44593|priority:1, 3c897dd6-f9a8-4587-816d-4b361cef56f3|rpc:10.1.0.226:39577|priority:0], old=null
2022-10-14 20:48:21,983 [pool-141-thread-1] INFO  server.RaftServer$Division (RaftServerImpl.java:setRole(299)) - 264ccfc1-7403-435b-81c3-d1dfb4335e59@group-D51D6A44A918: changes role from      null to FOLLOWER at term 0 for startAsFollower
2022-10-14 20:48:21,983 [pool-141-thread-1] INFO  impl.RoleInfo (RoleInfo.java:updateAndGet(139)) - 264ccfc1-7403-435b-81c3-d1dfb4335e59: start 264ccfc1-7403-435b-81c3-d1dfb4335e59@group-D51D6A44A918-FollowerState
2022-10-14 20:48:21,983 [pool-141-thread-1] INFO  util.JmxRegister (JmxRegister.java:tryRegister(44)) - Successfully registered JMX Bean with object name Ratis:service=RaftServer,group=group-D51D6A44A918,id=264ccfc1-7403-435b-81c3-d1dfb4335e59
2022-10-14 20:48:21,984 [Command processor thread] INFO  ratis.XceiverServerRatis (XceiverServerRatis.java:addGroup(765)) - Created group PipelineID=42d921a0-7ac0-4d91-8f02-d51d6a44a918
2022-10-14 20:48:22,004 [grpc-default-executor-0] INFO  server.RaftServer (RaftServerProxy.java:addNew(96)) - 3c897dd6-f9a8-4587-816d-4b361cef56f3: addNew group-D51D6A44A918:[27609338-e5ea-4e9e-bd63-6729dd2dbc7a|rpc:10.1.0.226:36963|dataStream:|priority:0, 264ccfc1-7403-435b-81c3-d1dfb4335e59|rpc:10.1.0.226:44593|dataStream:|priority:1, 3c897dd6-f9a8-4587-816d-4b361cef56f3|rpc:10.1.0.226:39577|dataStream:|priority:0] returns group-D51D6A44A918:java.util.concurrent.CompletableFuture@8da9d4[Not completed]
2022-10-14 20:48:22,006 [pool-164-thread-1] INFO  server.RaftServer$Division (RaftServerImpl.java:<init>(190)) - 3c897dd6-f9a8-4587-816d-4b361cef56f3: new RaftServerImpl for group-D51D6A44A918:[27609338-e5ea-4e9e-bd63-6729dd2dbc7a|rpc:10.1.0.226:36963|dataStream:|priority:0, 264ccfc1-7403-435b-81c3-d1dfb4335e59|rpc:10.1.0.226:44593|dataStream:|priority:1, 3c897dd6-f9a8-4587-816d-4b361cef56f3|rpc:10.1.0.226:39577|dataStream:|priority:0] with ContainerStateMachine:uninitialized
2022-10-14 20:48:22,006 [pool-164-thread-1] INFO  server.RaftServerConfigKeys (ConfUtils.java:logGet(46)) - raft.server.rpc.timeout.min = 5s (custom)
2022-10-14 20:48:22,006 [pool-164-thread-1] INFO  server.RaftServerConfigKeys (ConfUtils.java:logGet(46)) - raft.server.rpc.timeout.max = 5200ms (custom)
2022-10-14 20:48:22,006 [pool-164-thread-1] INFO  server.RaftServerConfigKeys (ConfUtils.java:logGet(46)) - raft.server.rpc.sleep.time = 25ms (default)
2022-10-14 20:48:22,006 [pool-164-thread-1] INFO  server.RaftServerConfigKeys (ConfUtils.java:logGet(46)) - raft.server.rpc.slowness.timeout = 300s (custom)
2022-10-14 20:48:22,006 [pool-164-thread-1] INFO  server.RaftServerConfigKeys (ConfUtils.java:logGet(46)) - raft.server.leaderelection.leader.step-down.wait-time = 10s (default)
2022-10-14 20:48:22,006 [pool-164-thread-1] INFO  server.RaftServerConfigKeys (ConfUtils.java:logGet(46)) - raft.server.sleep.deviation.threshold = 300ms (default)
2022-10-14 20:48:22,006 [pool-164-thread-1] INFO  server.RaftServer$Division (ServerState.java:<init>(107)) - 3c897dd6-f9a8-4587-816d-4b361cef56f3@group-D51D6A44A918: ConfigurationManager, init=-1: [27609338-e5ea-4e9e-bd63-6729dd2dbc7a|rpc:10.1.0.226:36963|dataStream:|priority:0, 264ccfc1-7403-435b-81c3-d1dfb4335e59|rpc:10.1.0.226:44593|dataStream:|priority:1, 3c897dd6-f9a8-4587-816d-4b361cef56f3|rpc:10.1.0.226:39577|dataStream:|priority:0], old=null, confs=<EMPTY_MAP>
2022-10-14 20:48:22,006 [pool-164-thread-1] INFO  server.RaftServerConfigKeys (ConfUtils.java:logGet(46)) - raft.server.storage.dir = [/home/runner/work/ozone/ozone/hadoop-ozone/integration-test/target/test-dir/MiniOzoneClusterImpl-1e9d71ba-d753-4201-9665-5e97e6b64b9c/datanode-4/data/ratis] (custom)
2022-10-14 20:48:22,007 [pool-164-thread-1] INFO  server.RaftServerConfigKeys (ConfUtils.java:logGet(46)) - raft.server.log.corruption.policy = EXCEPTION (default)
2022-10-14 20:48:22,007 [pool-164-thread-1] INFO  server.RaftServerConfigKeys (ConfUtils.java:logGet(46)) - raft.server.storage.free-space.min = 0MB (=0) (default)
2022-10-14 20:48:22,007 [pool-164-thread-1] INFO  storage.RaftStorageDirectory (RaftStorageDirectoryImpl.java:analyzeStorage(135)) - The storage directory /home/runner/work/ozone/ozone/hadoop-ozone/integration-test/target/test-dir/MiniOzoneClusterImpl-1e9d71ba-d753-4201-9665-5e97e6b64b9c/datanode-4/data/ratis/42d921a0-7ac0-4d91-8f02-d51d6a44a918 does not exist. Creating ...
2022-10-14 20:48:22,008 [pool-164-thread-1] INFO  storage.RaftStorageDirectory (RaftStorageDirectoryImpl.java:tryLock(230)) - Lock on /home/runner/work/ozone/ozone/hadoop-ozone/integration-test/target/test-dir/MiniOzoneClusterImpl-1e9d71ba-d753-4201-9665-5e97e6b64b9c/datanode-4/data/ratis/42d921a0-7ac0-4d91-8f02-d51d6a44a918/in_use.lock acquired by nodename 88544@fv-az459-990
2022-10-14 20:48:22,010 [pool-164-thread-1] INFO  storage.RaftStorage (RaftStorageImpl.java:format(89)) - Storage directory /home/runner/work/ozone/ozone/hadoop-ozone/integration-test/target/test-dir/MiniOzoneClusterImpl-1e9d71ba-d753-4201-9665-5e97e6b64b9c/datanode-4/data/ratis/42d921a0-7ac0-4d91-8f02-d51d6a44a918 has been successfully formatted.
2022-10-14 20:48:22,010 [pool-164-thread-1] INFO  ratis.ContainerStateMachine (ContainerStateMachine.java:loadSnapshot(236)) - group-D51D6A44A918: The snapshot info is null. Setting the last applied indexto:(t:0, i:~)
2022-10-14 20:48:22,011 [pool-164-thread-1] INFO  server.RaftServerConfigKeys (ConfUtils.java:logGet(46)) - raft.server.notification.no-leader.timeout = 300s (custom)
2022-10-14 20:48:22,011 [pool-164-thread-1] INFO  server.RaftServerConfigKeys (ConfUtils.java:logGet(46)) - raft.server.log.use.memory = false (default)
2022-10-14 20:48:22,011 [pool-164-thread-1] INFO  server.RaftServerConfigKeys (ConfUtils.java:logGet(46)) - raft.server.log.purge.gap = 1000000 (custom)
2022-10-14 20:48:22,011 [pool-164-thread-1] INFO  server.RaftServerConfigKeys (ConfUtils.java:logGet(46)) - raft.server.log.appender.buffer.byte-limit = 33554432 (custom)
2022-10-14 20:48:22,011 [pool-164-thread-1] INFO  server.RaftServerConfigKeys (ConfUtils.java:logGet(46)) - raft.server.log.statemachine.data.read.timeout = 1000ms (default)
2022-10-14 20:48:22,012 [pool-164-thread-1] INFO  server.RaftServerConfigKeys (ConfUtils.java:logGet(46)) - raft.server.log.segment.size.max = 1048576 (custom)
2022-10-14 20:48:22,012 [pool-164-thread-1] INFO  server.RaftServerConfigKeys (ConfUtils.java:logGet(46)) - raft.server.log.segment.cache.num.max = 2 (custom)
2022-10-14 20:48:22,012 [pool-164-thread-1] INFO  server.RaftServerConfigKeys (ConfUtils.java:logGet(46)) - raft.server.log.segment.cache.size.max = 200MB (=209715200) (default)
2022-10-14 20:48:22,013 [pool-164-thread-1] INFO  segmented.SegmentedRaftLogWorker (SegmentedRaftLogWorker.java:<init>(187)) - new 3c897dd6-f9a8-4587-816d-4b361cef56f3@group-D51D6A44A918-SegmentedRaftLogWorker for RaftStorageImpl:Storage Directory /home/runner/work/ozone/ozone/hadoop-ozone/integration-test/target/test-dir/MiniOzoneClusterImpl-1e9d71ba-d753-4201-9665-5e97e6b64b9c/datanode-4/data/ratis/42d921a0-7ac0-4d91-8f02-d51d6a44a918
2022-10-14 20:48:22,013 [pool-164-thread-1] INFO  server.RaftServerConfigKeys (ConfUtils.java:logGet(46)) - raft.server.log.queue.byte-limit = 4294967296 (custom)
2022-10-14 20:48:22,013 [pool-164-thread-1] INFO  server.RaftServerConfigKeys (ConfUtils.java:logGet(46)) - raft.server.log.queue.element-limit = 1024 (custom)
2022-10-14 20:48:22,013 [pool-164-thread-1] INFO  server.RaftServerConfigKeys (ConfUtils.java:logGet(46)) - raft.server.log.segment.size.max = 1048576 (custom)
2022-10-14 20:48:22,013 [pool-164-thread-1] INFO  server.RaftServerConfigKeys (ConfUtils.java:logGet(46)) - raft.server.log.preallocated.size = 16384 (custom)
2022-10-14 20:48:22,013 [pool-164-thread-1] INFO  server.RaftServerConfigKeys (ConfUtils.java:logGet(46)) - raft.server.log.force.sync.num = 128 (default)
2022-10-14 20:48:22,013 [pool-164-thread-1] INFO  server.RaftServerConfigKeys (ConfUtils.java:logGet(46)) - raft.server.log.statemachine.data.sync = true (default)
2022-10-14 20:48:22,013 [pool-164-thread-1] INFO  server.RaftServerConfigKeys (ConfUtils.java:logGet(46)) - raft.server.log.statemachine.data.sync.timeout = 10s (default)
2022-10-14 20:48:22,013 [pool-164-thread-1] INFO  server.RaftServerConfigKeys (ConfUtils.java:logGet(46)) - raft.server.log.statemachine.data.sync.timeout.retry = -1 (default)
2022-10-14 20:48:22,014 [pool-164-thread-1] INFO  server.RaftServerConfigKeys (ConfUtils.java:logGet(46)) - raft.server.log.write.buffer.size = 1048576 (custom)
2022-10-14 20:48:22,015 [pool-164-thread-1] INFO  server.RaftServerConfigKeys (ConfUtils.java:logGet(46)) - raft.server.log.unsafe-flush.enabled = false (default)
2022-10-14 20:48:22,015 [pool-164-thread-1] INFO  server.RaftServerConfigKeys (ConfUtils.java:logGet(46)) - raft.server.log.statemachine.data.caching.enabled = true (custom)
2022-10-14 20:48:22,015 [pool-164-thread-1] INFO  segmented.SegmentedRaftLogWorker (SegmentedRaftLogWorker.java:lambda$new$0(135)) - 3c897dd6-f9a8-4587-816d-4b361cef56f3@group-D51D6A44A918-SegmentedRaftLogWorker: flushIndex: setUnconditionally 0 -> -1
2022-10-14 20:48:22,015 [pool-164-thread-1] INFO  segmented.SegmentedRaftLogWorker (SegmentedRaftLogWorker.java:lambda$new$0(135)) - 3c897dd6-f9a8-4587-816d-4b361cef56f3@group-D51D6A44A918-SegmentedRaftLogWorker: safeCacheEvictIndex: setUnconditionally 0 -> -1
2022-10-14 20:48:22,015 [pool-164-thread-1] INFO  server.RaftServerConfigKeys (ConfUtils.java:logGet(46)) - raft.server.snapshot.auto.trigger.enabled = true (custom)
2022-10-14 20:48:22,016 [pool-164-thread-1] INFO  server.RaftServerConfigKeys (ConfUtils.java:logGet(46)) - raft.server.snapshot.auto.trigger.threshold = 10000 (custom)
2022-10-14 20:48:22,016 [pool-164-thread-1] INFO  server.RaftServerConfigKeys (ConfUtils.java:logGet(46)) - raft.server.snapshot.retention.file.num = 5 (custom)
2022-10-14 20:48:22,016 [pool-164-thread-1] INFO  server.RaftServerConfigKeys (ConfUtils.java:logGet(46)) - raft.server.log.purge.upto.snapshot.index = false (default)
2022-10-14 20:48:22,016 [pool-164-thread-1] INFO  server.RaftServerConfigKeys (ConfUtils.java:logGet(46)) - raft.server.retrycache.expirytime = 600000ms (custom)
2022-10-14 20:48:22,016 [pool-164-thread-1] INFO  server.RaftServerConfigKeys (ConfUtils.java:logGet(46)) - raft.server.retrycache.statistics.expirytime = 100μs (default)
2022-10-14 20:48:22,018 [pool-164-thread-1] INFO  server.RaftServerConfigKeys (ConfUtils.java:logGet(46)) - raft.server.log.appender.install.snapshot.enabled = false (custom)
2022-10-14 20:48:22,018 [pool-164-thread-1] INFO  server.RaftServerConfigKeys (ConfUtils.java:logGet(46)) - raft.server.threadpool.server.cached = true (default)
2022-10-14 20:48:22,018 [pool-164-thread-1] INFO  server.RaftServerConfigKeys (ConfUtils.java:logGet(46)) - raft.server.threadpool.server.size = 0 (default)
2022-10-14 20:48:22,018 [pool-164-thread-1] INFO  server.RaftServerConfigKeys (ConfUtils.java:logGet(46)) - raft.server.threadpool.client.cached = true (default)
2022-10-14 20:48:22,018 [pool-164-thread-1] INFO  server.RaftServerConfigKeys (ConfUtils.java:logGet(46)) - raft.server.threadpool.client.size = 0 (default)
2022-10-14 20:48:22,018 [pool-164-thread-1] INFO  server.RaftServer$Division (RaftServerImpl.java:start(310)) - 3c897dd6-f9a8-4587-816d-4b361cef56f3@group-D51D6A44A918: start as a follower, conf=-1: [27609338-e5ea-4e9e-bd63-6729dd2dbc7a|rpc:10.1.0.226:36963|dataStream:|priority:0, 264ccfc1-7403-435b-81c3-d1dfb4335e59|rpc:10.1.0.226:44593|dataStream:|priority:1, 3c897dd6-f9a8-4587-816d-4b361cef56f3|rpc:10.1.0.226:39577|dataStream:|priority:0], old=null
2022-10-14 20:48:22,018 [pool-164-thread-1] INFO  server.RaftServer$Division (RaftServerImpl.java:setRole(299)) - 3c897dd6-f9a8-4587-816d-4b361cef56f3@group-D51D6A44A918: changes role from      null to FOLLOWER at term 0 for startAsFollower
2022-10-14 20:48:22,018 [pool-164-thread-1] INFO  impl.RoleInfo (RoleInfo.java:updateAndGet(139)) - 3c897dd6-f9a8-4587-816d-4b361cef56f3: start 3c897dd6-f9a8-4587-816d-4b361cef56f3@group-D51D6A44A918-FollowerState
2022-10-14 20:48:22,020 [pool-164-thread-1] INFO  util.JmxRegister (JmxRegister.java:tryRegister(44)) - Successfully registered JMX Bean with object name Ratis:service=RaftServer,group=group-D51D6A44A918,id=3c897dd6-f9a8-4587-816d-4b361cef56f3
2022-10-14 20:48:22,036 [grpc-default-executor-0] INFO  server.RaftServer (RaftServerProxy.java:addNew(96)) - 27609338-e5ea-4e9e-bd63-6729dd2dbc7a: addNew group-D51D6A44A918:[27609338-e5ea-4e9e-bd63-6729dd2dbc7a|rpc:10.1.0.226:36963|dataStream:|priority:0, 264ccfc1-7403-435b-81c3-d1dfb4335e59|rpc:10.1.0.226:44593|dataStream:|priority:1, 3c897dd6-f9a8-4587-816d-4b361cef56f3|rpc:10.1.0.226:39577|dataStream:|priority:0] returns group-D51D6A44A918:java.util.concurrent.CompletableFuture@716fec01[Not completed]
2022-10-14 20:48:22,039 [pool-187-thread-1] INFO  server.RaftServer$Division (RaftServerImpl.java:<init>(190)) - 27609338-e5ea-4e9e-bd63-6729dd2dbc7a: new RaftServerImpl for group-D51D6A44A918:[27609338-e5ea-4e9e-bd63-6729dd2dbc7a|rpc:10.1.0.226:36963|dataStream:|priority:0, 264ccfc1-7403-435b-81c3-d1dfb4335e59|rpc:10.1.0.226:44593|dataStream:|priority:1, 3c897dd6-f9a8-4587-816d-4b361cef56f3|rpc:10.1.0.226:39577|dataStream:|priority:0] with ContainerStateMachine:uninitialized
2022-10-14 20:48:22,039 [pool-187-thread-1] INFO  server.RaftServerConfigKeys (ConfUtils.java:logGet(46)) - raft.server.rpc.timeout.min = 5s (custom)
2022-10-14 20:48:22,039 [pool-187-thread-1] INFO  server.RaftServerConfigKeys (ConfUtils.java:logGet(46)) - raft.server.rpc.timeout.max = 5200ms (custom)
2022-10-14 20:48:22,039 [pool-187-thread-1] INFO  server.RaftServerConfigKeys (ConfUtils.java:logGet(46)) - raft.server.rpc.sleep.time = 25ms (default)
2022-10-14 20:48:22,039 [pool-187-thread-1] INFO  server.RaftServerConfigKeys (ConfUtils.java:logGet(46)) - raft.server.rpc.slowness.timeout = 300s (custom)
2022-10-14 20:48:22,039 [pool-187-thread-1] INFO  server.RaftServerConfigKeys (ConfUtils.java:logGet(46)) - raft.server.leaderelection.leader.step-down.wait-time = 10s (default)
2022-10-14 20:48:22,039 [pool-187-thread-1] INFO  server.RaftServerConfigKeys (ConfUtils.java:logGet(46)) - raft.server.sleep.deviation.threshold = 300ms (default)
2022-10-14 20:48:22,039 [pool-187-thread-1] INFO  server.RaftServer$Division (ServerState.java:<init>(107)) - 27609338-e5ea-4e9e-bd63-6729dd2dbc7a@group-D51D6A44A918: ConfigurationManager, init=-1: [27609338-e5ea-4e9e-bd63-6729dd2dbc7a|rpc:10.1.0.226:36963|dataStream:|priority:0, 264ccfc1-7403-435b-81c3-d1dfb4335e59|rpc:10.1.0.226:44593|dataStream:|priority:1, 3c897dd6-f9a8-4587-816d-4b361cef56f3|rpc:10.1.0.226:39577|dataStream:|priority:0], old=null, confs=<EMPTY_MAP>
2022-10-14 20:48:22,039 [pool-187-thread-1] INFO  server.RaftServerConfigKeys (ConfUtils.java:logGet(46)) - raft.server.storage.dir = [/home/runner/work/ozone/ozone/hadoop-ozone/integration-test/target/test-dir/MiniOzoneClusterImpl-1e9d71ba-d753-4201-9665-5e97e6b64b9c/datanode-5/data/ratis] (custom)
2022-10-14 20:48:22,039 [pool-187-thread-1] INFO  server.RaftServerConfigKeys (ConfUtils.java:logGet(46)) - raft.server.log.corruption.policy = EXCEPTION (default)
2022-10-14 20:48:22,039 [pool-187-thread-1] INFO  server.RaftServerConfigKeys (ConfUtils.java:logGet(46)) - raft.server.storage.free-space.min = 0MB (=0) (default)
2022-10-14 20:48:22,040 [pool-187-thread-1] INFO  storage.RaftStorageDirectory (RaftStorageDirectoryImpl.java:analyzeStorage(135)) - The storage directory /home/runner/work/ozone/ozone/hadoop-ozone/integration-test/target/test-dir/MiniOzoneClusterImpl-1e9d71ba-d753-4201-9665-5e97e6b64b9c/datanode-5/data/ratis/42d921a0-7ac0-4d91-8f02-d51d6a44a918 does not exist. Creating ...
2022-10-14 20:48:22,042 [pool-187-thread-1] INFO  storage.RaftStorageDirectory (RaftStorageDirectoryImpl.java:tryLock(230)) - Lock on /home/runner/work/ozone/ozone/hadoop-ozone/integration-test/target/test-dir/MiniOzoneClusterImpl-1e9d71ba-d753-4201-9665-5e97e6b64b9c/datanode-5/data/ratis/42d921a0-7ac0-4d91-8f02-d51d6a44a918/in_use.lock acquired by nodename 88544@fv-az459-990
2022-10-14 20:48:22,044 [pool-187-thread-1] INFO  storage.RaftStorage (RaftStorageImpl.java:format(89)) - Storage directory /home/runner/work/ozone/ozone/hadoop-ozone/integration-test/target/test-dir/MiniOzoneClusterImpl-1e9d71ba-d753-4201-9665-5e97e6b64b9c/datanode-5/data/ratis/42d921a0-7ac0-4d91-8f02-d51d6a44a918 has been successfully formatted.
2022-10-14 20:48:22,044 [pool-187-thread-1] INFO  ratis.ContainerStateMachine (ContainerStateMachine.java:loadSnapshot(236)) - group-D51D6A44A918: The snapshot info is null. Setting the last applied indexto:(t:0, i:~)
2022-10-14 20:48:22,044 [pool-187-thread-1] INFO  server.RaftServerConfigKeys (ConfUtils.java:logGet(46)) - raft.server.notification.no-leader.timeout = 300s (custom)
2022-10-14 20:48:22,046 [pool-187-thread-1] INFO  server.RaftServerConfigKeys (ConfUtils.java:logGet(46)) - raft.server.log.use.memory = false (default)
2022-10-14 20:48:22,046 [pool-187-thread-1] INFO  server.RaftServerConfigKeys (ConfUtils.java:logGet(46)) - raft.server.log.purge.gap = 1000000 (custom)
2022-10-14 20:48:22,046 [pool-187-thread-1] INFO  server.RaftServerConfigKeys (ConfUtils.java:logGet(46)) - raft.server.log.appender.buffer.byte-limit = 33554432 (custom)
2022-10-14 20:48:22,047 [pool-187-thread-1] INFO  server.RaftServerConfigKeys (ConfUtils.java:logGet(46)) - raft.server.log.statemachine.data.read.timeout = 1000ms (default)
2022-10-14 20:48:22,047 [pool-187-thread-1] INFO  server.RaftServerConfigKeys (ConfUtils.java:logGet(46)) - raft.server.log.segment.size.max = 1048576 (custom)
2022-10-14 20:48:22,047 [pool-187-thread-1] INFO  server.RaftServerConfigKeys (ConfUtils.java:logGet(46)) - raft.server.log.segment.cache.num.max = 2 (custom)
2022-10-14 20:48:22,047 [pool-187-thread-1] INFO  server.RaftServerConfigKeys (ConfUtils.java:logGet(46)) - raft.server.log.segment.cache.size.max = 200MB (=209715200) (default)
2022-10-14 20:48:22,047 [pool-187-thread-1] INFO  segmented.SegmentedRaftLogWorker (SegmentedRaftLogWorker.java:<init>(187)) - new 27609338-e5ea-4e9e-bd63-6729dd2dbc7a@group-D51D6A44A918-SegmentedRaftLogWorker for RaftStorageImpl:Storage Directory /home/runner/work/ozone/ozone/hadoop-ozone/integration-test/target/test-dir/MiniOzoneClusterImpl-1e9d71ba-d753-4201-9665-5e97e6b64b9c/datanode-5/data/ratis/42d921a0-7ac0-4d91-8f02-d51d6a44a918
2022-10-14 20:48:22,047 [pool-187-thread-1] INFO  server.RaftServerConfigKeys (ConfUtils.java:logGet(46)) - raft.server.log.queue.byte-limit = 4294967296 (custom)
2022-10-14 20:48:22,047 [pool-187-thread-1] INFO  server.RaftServerConfigKeys (ConfUtils.java:logGet(46)) - raft.server.log.queue.element-limit = 1024 (custom)
2022-10-14 20:48:22,047 [pool-187-thread-1] INFO  server.RaftServerConfigKeys (ConfUtils.java:logGet(46)) - raft.server.log.segment.size.max = 1048576 (custom)
2022-10-14 20:48:22,048 [pool-187-thread-1] INFO  server.RaftServerConfigKeys (ConfUtils.java:logGet(46)) - raft.server.log.preallocated.size = 16384 (custom)
2022-10-14 20:48:22,048 [pool-187-thread-1] INFO  server.RaftServerConfigKeys (ConfUtils.java:logGet(46)) - raft.server.log.force.sync.num = 128 (default)
2022-10-14 20:48:22,048 [pool-187-thread-1] INFO  server.RaftServerConfigKeys (ConfUtils.java:logGet(46)) - raft.server.log.statemachine.data.sync = true (default)
2022-10-14 20:48:22,048 [pool-187-thread-1] INFO  server.RaftServerConfigKeys (ConfUtils.java:logGet(46)) - raft.server.log.statemachine.data.sync.timeout = 10s (default)
2022-10-14 20:48:22,048 [pool-187-thread-1] INFO  server.RaftServerConfigKeys (ConfUtils.java:logGet(46)) - raft.server.log.statemachine.data.sync.timeout.retry = -1 (default)
2022-10-14 20:48:22,049 [pool-187-thread-1] INFO  server.RaftServerConfigKeys (ConfUtils.java:logGet(46)) - raft.server.log.write.buffer.size = 1048576 (custom)
2022-10-14 20:48:22,049 [pool-187-thread-1] INFO  server.RaftServerConfigKeys (ConfUtils.java:logGet(46)) - raft.server.log.unsafe-flush.enabled = false (default)
2022-10-14 20:48:22,049 [pool-187-thread-1] INFO  server.RaftServerConfigKeys (ConfUtils.java:logGet(46)) - raft.server.log.statemachine.data.caching.enabled = true (custom)
2022-10-14 20:48:22,050 [pool-187-thread-1] INFO  segmented.SegmentedRaftLogWorker (SegmentedRaftLogWorker.java:lambda$new$0(135)) - 27609338-e5ea-4e9e-bd63-6729dd2dbc7a@group-D51D6A44A918-SegmentedRaftLogWorker: flushIndex: setUnconditionally 0 -> -1
2022-10-14 20:48:22,050 [pool-187-thread-1] INFO  segmented.SegmentedRaftLogWorker (SegmentedRaftLogWorker.java:lambda$new$0(135)) - 27609338-e5ea-4e9e-bd63-6729dd2dbc7a@group-D51D6A44A918-SegmentedRaftLogWorker: safeCacheEvictIndex: setUnconditionally 0 -> -1
2022-10-14 20:48:22,050 [pool-187-thread-1] INFO  server.RaftServerConfigKeys (ConfUtils.java:logGet(46)) - raft.server.snapshot.auto.trigger.enabled = true (custom)
2022-10-14 20:48:22,050 [pool-187-thread-1] INFO  server.RaftServerConfigKeys (ConfUtils.java:logGet(46)) - raft.server.snapshot.auto.trigger.threshold = 10000 (custom)
2022-10-14 20:48:22,050 [pool-187-thread-1] INFO  server.RaftServerConfigKeys (ConfUtils.java:logGet(46)) - raft.server.snapshot.retention.file.num = 5 (custom)
2022-10-14 20:48:22,050 [pool-187-thread-1] INFO  server.RaftServerConfigKeys (ConfUtils.java:logGet(46)) - raft.server.log.purge.upto.snapshot.index = false (default)
2022-10-14 20:48:22,050 [pool-187-thread-1] INFO  server.RaftServerConfigKeys (ConfUtils.java:logGet(46)) - raft.server.retrycache.expirytime = 600000ms (custom)
2022-10-14 20:48:22,050 [pool-187-thread-1] INFO  server.RaftServerConfigKeys (ConfUtils.java:logGet(46)) - raft.server.retrycache.statistics.expirytime = 100μs (default)
2022-10-14 20:48:22,051 [pool-187-thread-1] INFO  server.RaftServerConfigKeys (ConfUtils.java:logGet(46)) - raft.server.log.appender.install.snapshot.enabled = false (custom)
2022-10-14 20:48:22,051 [pool-187-thread-1] INFO  server.RaftServerConfigKeys (ConfUtils.java:logGet(46)) - raft.server.threadpool.server.cached = true (default)
2022-10-14 20:48:22,052 [pool-187-thread-1] INFO  server.RaftServerConfigKeys (ConfUtils.java:logGet(46)) - raft.server.threadpool.server.size = 0 (default)
2022-10-14 20:48:22,052 [pool-187-thread-1] INFO  server.RaftServerConfigKeys (ConfUtils.java:logGet(46)) - raft.server.threadpool.client.cached = true (default)
2022-10-14 20:48:22,052 [pool-187-thread-1] INFO  server.RaftServerConfigKeys (ConfUtils.java:logGet(46)) - raft.server.threadpool.client.size = 0 (default)
2022-10-14 20:48:22,052 [pool-187-thread-1] INFO  server.RaftServer$Division (RaftServerImpl.java:start(310)) - 27609338-e5ea-4e9e-bd63-6729dd2dbc7a@group-D51D6A44A918: start as a follower, conf=-1: [27609338-e5ea-4e9e-bd63-6729dd2dbc7a|rpc:10.1.0.226:36963|dataStream:|priority:0, 264ccfc1-7403-435b-81c3-d1dfb4335e59|rpc:10.1.0.226:44593|dataStream:|priority:1, 3c897dd6-f9a8-4587-816d-4b361cef56f3|rpc:10.1.0.226:39577|dataStream:|priority:0], old=null
2022-10-14 20:48:22,052 [pool-187-thread-1] INFO  server.RaftServer$Division (RaftServerImpl.java:setRole(299)) - 27609338-e5ea-4e9e-bd63-6729dd2dbc7a@group-D51D6A44A918: changes role from      null to FOLLOWER at term 0 for startAsFollower
2022-10-14 20:48:22,052 [pool-187-thread-1] INFO  impl.RoleInfo (RoleInfo.java:updateAndGet(139)) - 27609338-e5ea-4e9e-bd63-6729dd2dbc7a: start 27609338-e5ea-4e9e-bd63-6729dd2dbc7a@group-D51D6A44A918-FollowerState
2022-10-14 20:48:22,052 [pool-187-thread-1] INFO  util.JmxRegister (JmxRegister.java:tryRegister(44)) - Successfully registered JMX Bean with object name Ratis:service=RaftServer,group=group-D51D6A44A918,id=27609338-e5ea-4e9e-bd63-6729dd2dbc7a
2022-10-14 20:48:22,059 [Command processor thread] INFO  commandhandler.CreatePipelineCommandHandler (CreatePipelineCommandHandler.java:handle(113)) - Created Pipeline RATIS THREE PipelineID=42d921a0-7ac0-4d91-8f02-d51d6a44a918.
2022-10-14 20:48:22,157 [Command processor thread] INFO  server.RaftServer (RaftServerProxy.java:addNew(96)) - 3c897dd6-f9a8-4587-816d-4b361cef56f3: addNew group-B166C3D79484:[3c897dd6-f9a8-4587-816d-4b361cef56f3|rpc:10.1.0.226:39577|priority:1] returns group-B166C3D79484:java.util.concurrent.CompletableFuture@6174fa6[Not completed]
2022-10-14 20:48:22,159 [pool-164-thread-1] INFO  server.RaftServer$Division (RaftServerImpl.java:<init>(190)) - 3c897dd6-f9a8-4587-816d-4b361cef56f3: new RaftServerImpl for group-B166C3D79484:[3c897dd6-f9a8-4587-816d-4b361cef56f3|rpc:10.1.0.226:39577|priority:1] with ContainerStateMachine:uninitialized
2022-10-14 20:48:22,159 [pool-164-thread-1] INFO  server.RaftServerConfigKeys (ConfUtils.java:logGet(46)) - raft.server.rpc.timeout.min = 5s (custom)
2022-10-14 20:48:22,159 [pool-164-thread-1] INFO  server.RaftServerConfigKeys (ConfUtils.java:logGet(46)) - raft.server.rpc.timeout.max = 5200ms (custom)
2022-10-14 20:48:22,159 [pool-164-thread-1] INFO  server.RaftServerConfigKeys (ConfUtils.java:logGet(46)) - raft.server.rpc.sleep.time = 25ms (default)
2022-10-14 20:48:22,159 [pool-164-thread-1] INFO  server.RaftServerConfigKeys (ConfUtils.java:logGet(46)) - raft.server.rpc.slowness.timeout = 300s (custom)
2022-10-14 20:48:22,159 [pool-164-thread-1] INFO  server.RaftServerConfigKeys (ConfUtils.java:logGet(46)) - raft.server.leaderelection.leader.step-down.wait-time = 10s (default)
2022-10-14 20:48:22,159 [pool-164-thread-1] INFO  server.RaftServerConfigKeys (ConfUtils.java:logGet(46)) - raft.server.sleep.deviation.threshold = 300ms (default)
2022-10-14 20:48:22,159 [pool-164-thread-1] INFO  server.RaftServer$Division (ServerState.java:<init>(107)) - 3c897dd6-f9a8-4587-816d-4b361cef56f3@group-B166C3D79484: ConfigurationManager, init=-1: [3c897dd6-f9a8-4587-816d-4b361cef56f3|rpc:10.1.0.226:39577|priority:1], old=null, confs=<EMPTY_MAP>
2022-10-14 20:48:22,159 [pool-164-thread-1] INFO  server.RaftServerConfigKeys (ConfUtils.java:logGet(46)) - raft.server.storage.dir = [/home/runner/work/ozone/ozone/hadoop-ozone/integration-test/target/test-dir/MiniOzoneClusterImpl-1e9d71ba-d753-4201-9665-5e97e6b64b9c/datanode-4/data/ratis] (custom)
2022-10-14 20:48:22,160 [pool-164-thread-1] INFO  server.RaftServerConfigKeys (ConfUtils.java:logGet(46)) - raft.server.log.corruption.policy = EXCEPTION (default)
2022-10-14 20:48:22,160 [pool-164-thread-1] INFO  server.RaftServerConfigKeys (ConfUtils.java:logGet(46)) - raft.server.storage.free-space.min = 0MB (=0) (default)
2022-10-14 20:48:22,160 [pool-164-thread-1] INFO  storage.RaftStorageDirectory (RaftStorageDirectoryImpl.java:analyzeStorage(135)) - The storage directory /home/runner/work/ozone/ozone/hadoop-ozone/integration-test/target/test-dir/MiniOzoneClusterImpl-1e9d71ba-d753-4201-9665-5e97e6b64b9c/datanode-4/data/ratis/b4e18f50-3a4c-48c1-b4ff-b166c3d79484 does not exist. Creating ...
2022-10-14 20:48:22,161 [pool-164-thread-1] INFO  storage.RaftStorageDirectory (RaftStorageDirectoryImpl.java:tryLock(230)) - Lock on /home/runner/work/ozone/ozone/hadoop-ozone/integration-test/target/test-dir/MiniOzoneClusterImpl-1e9d71ba-d753-4201-9665-5e97e6b64b9c/datanode-4/data/ratis/b4e18f50-3a4c-48c1-b4ff-b166c3d79484/in_use.lock acquired by nodename 88544@fv-az459-990
2022-10-14 20:48:22,163 [pool-164-thread-1] INFO  storage.RaftStorage (RaftStorageImpl.java:format(89)) - Storage directory /home/runner/work/ozone/ozone/hadoop-ozone/integration-test/target/test-dir/MiniOzoneClusterImpl-1e9d71ba-d753-4201-9665-5e97e6b64b9c/datanode-4/data/ratis/b4e18f50-3a4c-48c1-b4ff-b166c3d79484 has been successfully formatted.
2022-10-14 20:48:22,163 [pool-164-thread-1] INFO  ratis.ContainerStateMachine (ContainerStateMachine.java:loadSnapshot(236)) - group-B166C3D79484: The snapshot info is null. Setting the last applied indexto:(t:0, i:~)
2022-10-14 20:48:22,163 [pool-164-thread-1] INFO  server.RaftServerConfigKeys (ConfUtils.java:logGet(46)) - raft.server.notification.no-leader.timeout = 300s (custom)
2022-10-14 20:48:22,163 [pool-164-thread-1] INFO  server.RaftServerConfigKeys (ConfUtils.java:logGet(46)) - raft.server.log.use.memory = false (default)
2022-10-14 20:48:22,163 [pool-164-thread-1] INFO  server.RaftServerConfigKeys (ConfUtils.java:logGet(46)) - raft.server.log.purge.gap = 1000000 (custom)
2022-10-14 20:48:22,164 [pool-164-thread-1] INFO  server.RaftServerConfigKeys (ConfUtils.java:logGet(46)) - raft.server.log.appender.buffer.byte-limit = 33554432 (custom)
2022-10-14 20:48:22,164 [pool-164-thread-1] INFO  server.RaftServerConfigKeys (ConfUtils.java:logGet(46)) - raft.server.log.statemachine.data.read.timeout = 1000ms (default)
2022-10-14 20:48:22,164 [pool-164-thread-1] INFO  server.RaftServerConfigKeys (ConfUtils.java:logGet(46)) - raft.server.log.segment.size.max = 1048576 (custom)
2022-10-14 20:48:22,165 [EventQueue-PipelineReportForPipelineReportHandler] INFO  pipeline.PipelineManagerImpl (PipelineManagerImpl.java:openPipeline(367)) - Pipeline Pipeline[ Id: b4e18f50-3a4c-48c1-b4ff-b166c3d79484, Nodes: 3c897dd6-f9a8-4587-816d-4b361cef56f3{ip: 10.1.0.226, host: fv-az459-990.msq0az1vewme3jsxyslsv0htic.jx.internal.cloudapp.net, ports: [REPLICATION=34751, RATIS=39577, RATIS_ADMIN=39577, RATIS_SERVER=39577, STANDALONE=41121], networkLocation: /default-rack, certSerialId: null, persistedOpState: IN_SERVICE, persistedOpStateExpiryEpochSec: 0}, ReplicationConfig: RATIS/ONE, State:ALLOCATED, leaderId:3c897dd6-f9a8-4587-816d-4b361cef56f3, CreationTimestamp2022-10-14T20:48:19.162Z[Etc/UTC]] moved to OPEN state
2022-10-14 20:48:22,165 [pool-164-thread-1] INFO  server.RaftServerConfigKeys (ConfUtils.java:logGet(46)) - raft.server.log.segment.cache.num.max = 2 (custom)
2022-10-14 20:48:22,166 [pool-164-thread-1] INFO  server.RaftServerConfigKeys (ConfUtils.java:logGet(46)) - raft.server.log.segment.cache.size.max = 200MB (=209715200) (default)
2022-10-14 20:48:22,166 [pool-164-thread-1] INFO  segmented.SegmentedRaftLogWorker (SegmentedRaftLogWorker.java:<init>(187)) - new 3c897dd6-f9a8-4587-816d-4b361cef56f3@group-B166C3D79484-SegmentedRaftLogWorker for RaftStorageImpl:Storage Directory /home/runner/work/ozone/ozone/hadoop-ozone/integration-test/target/test-dir/MiniOzoneClusterImpl-1e9d71ba-d753-4201-9665-5e97e6b64b9c/datanode-4/data/ratis/b4e18f50-3a4c-48c1-b4ff-b166c3d79484
2022-10-14 20:48:22,166 [pool-164-thread-1] INFO  server.RaftServerConfigKeys (ConfUtils.java:logGet(46)) - raft.server.log.queue.byte-limit = 4294967296 (custom)
2022-10-14 20:48:22,166 [pool-164-thread-1] INFO  server.RaftServerConfigKeys (ConfUtils.java:logGet(46)) - raft.server.log.queue.element-limit = 1024 (custom)
2022-10-14 20:48:22,166 [pool-164-thread-1] INFO  server.RaftServerConfigKeys (ConfUtils.java:logGet(46)) - raft.server.log.segment.size.max = 1048576 (custom)
2022-10-14 20:48:22,166 [pool-164-thread-1] INFO  server.RaftServerConfigKeys (ConfUtils.java:logGet(46)) - raft.server.log.preallocated.size = 16384 (custom)
2022-10-14 20:48:22,166 [pool-164-thread-1] INFO  server.RaftServerConfigKeys (ConfUtils.java:logGet(46)) - raft.server.log.force.sync.num = 128 (default)
2022-10-14 20:48:22,166 [pool-164-thread-1] INFO  server.RaftServerConfigKeys (ConfUtils.java:logGet(46)) - raft.server.log.statemachine.data.sync = true (default)
2022-10-14 20:48:22,166 [EventQueue-OpenPipelineForHealthyPipelineSafeModeRule] INFO  safemode.SCMSafeModeManager (HealthyPipelineSafeModeRule.java:process(137)) - SCM in safe mode. Healthy pipelines reported count is 0, required healthy pipeline reported count is 1
2022-10-14 20:48:22,166 [pool-164-thread-1] INFO  server.RaftServerConfigKeys (ConfUtils.java:logGet(46)) - raft.server.log.statemachine.data.sync.timeout = 10s (default)
2022-10-14 20:48:22,168 [pool-164-thread-1] INFO  server.RaftServerConfigKeys (ConfUtils.java:logGet(46)) - raft.server.log.statemachine.data.sync.timeout.retry = -1 (default)
2022-10-14 20:48:22,168 [pool-164-thread-1] INFO  server.RaftServerConfigKeys (ConfUtils.java:logGet(46)) - raft.server.log.write.buffer.size = 1048576 (custom)
2022-10-14 20:48:22,169 [pool-164-thread-1] INFO  server.RaftServerConfigKeys (ConfUtils.java:logGet(46)) - raft.server.log.unsafe-flush.enabled = false (default)
2022-10-14 20:48:22,169 [pool-164-thread-1] INFO  server.RaftServerConfigKeys (ConfUtils.java:logGet(46)) - raft.server.log.statemachine.data.caching.enabled = true (custom)
2022-10-14 20:48:22,170 [pool-164-thread-1] INFO  segmented.SegmentedRaftLogWorker (SegmentedRaftLogWorker.java:lambda$new$0(135)) - 3c897dd6-f9a8-4587-816d-4b361cef56f3@group-B166C3D79484-SegmentedRaftLogWorker: flushIndex: setUnconditionally 0 -> -1
2022-10-14 20:48:22,170 [pool-164-thread-1] INFO  segmented.SegmentedRaftLogWorker (SegmentedRaftLogWorker.java:lambda$new$0(135)) - 3c897dd6-f9a8-4587-816d-4b361cef56f3@group-B166C3D79484-SegmentedRaftLogWorker: safeCacheEvictIndex: setUnconditionally 0 -> -1
2022-10-14 20:48:22,170 [pool-164-thread-1] INFO  server.RaftServerConfigKeys (ConfUtils.java:logGet(46)) - raft.server.snapshot.auto.trigger.enabled = true (custom)
2022-10-14 20:48:22,170 [pool-164-thread-1] INFO  server.RaftServerConfigKeys (ConfUtils.java:logGet(46)) - raft.server.snapshot.auto.trigger.threshold = 10000 (custom)
2022-10-14 20:48:22,170 [pool-164-thread-1] INFO  server.RaftServerConfigKeys (ConfUtils.java:logGet(46)) - raft.server.snapshot.retention.file.num = 5 (custom)
2022-10-14 20:48:22,170 [pool-164-thread-1] INFO  server.RaftServerConfigKeys (ConfUtils.java:logGet(46)) - raft.server.log.purge.upto.snapshot.index = false (default)
2022-10-14 20:48:22,170 [pool-164-thread-1] INFO  server.RaftServerConfigKeys (ConfUtils.java:logGet(46)) - raft.server.retrycache.expirytime = 600000ms (custom)
2022-10-14 20:48:22,170 [pool-164-thread-1] INFO  server.RaftServerConfigKeys (ConfUtils.java:logGet(46)) - raft.server.retrycache.statistics.expirytime = 100μs (default)
2022-10-14 20:48:22,171 [pool-164-thread-1] INFO  server.RaftServerConfigKeys (ConfUtils.java:logGet(46)) - raft.server.log.appender.install.snapshot.enabled = false (custom)
2022-10-14 20:48:22,171 [pool-164-thread-1] INFO  server.RaftServerConfigKeys (ConfUtils.java:logGet(46)) - raft.server.threadpool.server.cached = true (default)
2022-10-14 20:48:22,171 [pool-164-thread-1] INFO  server.RaftServerConfigKeys (ConfUtils.java:logGet(46)) - raft.server.threadpool.server.size = 0 (default)
2022-10-14 20:48:22,171 [pool-164-thread-1] INFO  server.RaftServerConfigKeys (ConfUtils.java:logGet(46)) - raft.server.threadpool.client.cached = true (default)
2022-10-14 20:48:22,172 [pool-164-thread-1] INFO  server.RaftServerConfigKeys (ConfUtils.java:logGet(46)) - raft.server.threadpool.client.size = 0 (default)
2022-10-14 20:48:22,172 [pool-164-thread-1] INFO  server.RaftServer$Division (RaftServerImpl.java:start(310)) - 3c897dd6-f9a8-4587-816d-4b361cef56f3@group-B166C3D79484: start as a follower, conf=-1: [3c897dd6-f9a8-4587-816d-4b361cef56f3|rpc:10.1.0.226:39577|priority:1], old=null
2022-10-14 20:48:22,172 [pool-164-thread-1] INFO  server.RaftServer$Division (RaftServerImpl.java:setRole(299)) - 3c897dd6-f9a8-4587-816d-4b361cef56f3@group-B166C3D79484: changes role from      null to FOLLOWER at term 0 for startAsFollower
2022-10-14 20:48:22,172 [pool-164-thread-1] INFO  impl.RoleInfo (RoleInfo.java:updateAndGet(139)) - 3c897dd6-f9a8-4587-816d-4b361cef56f3: start 3c897dd6-f9a8-4587-816d-4b361cef56f3@group-B166C3D79484-FollowerState
2022-10-14 20:48:22,172 [pool-164-thread-1] INFO  util.JmxRegister (JmxRegister.java:tryRegister(44)) - Successfully registered JMX Bean with object name Ratis:service=RaftServer,group=group-B166C3D79484,id=3c897dd6-f9a8-4587-816d-4b361cef56f3
2022-10-14 20:48:22,174 [Command processor thread] INFO  ratis.XceiverServerRatis (XceiverServerRatis.java:addGroup(765)) - Created group PipelineID=b4e18f50-3a4c-48c1-b4ff-b166c3d79484
2022-10-14 20:48:22,174 [Command processor thread] INFO  commandhandler.CreatePipelineCommandHandler (CreatePipelineCommandHandler.java:handle(113)) - Created Pipeline RATIS ONE PipelineID=b4e18f50-3a4c-48c1-b4ff-b166c3d79484.
2022-10-14 20:48:22,202 [Listener at 127.0.0.1/41743] INFO  ozone.MiniOzoneClusterImpl (MiniOzoneClusterImpl.java:lambda$waitForClusterToBeReady$0(216)) - Nodes are ready. Got 10 of 10 DN Heartbeats.
2022-10-14 20:48:22,203 [Listener at 127.0.0.1/41743] INFO  ozone.MiniOzoneClusterImpl (MiniOzoneClusterImpl.java:lambda$waitForClusterToBeReady$0(219)) - Waiting for cluster to exit safe mode
2022-10-14 20:48:22,204 [Listener at 127.0.0.1/41743] INFO  ozone.MiniOzoneClusterImpl (MiniOzoneClusterImpl.java:lambda$waitForClusterToBeReady$0(221)) - SCM became leader
2022-10-14 20:48:22,535 [Command processor thread] INFO  server.RaftServer (RaftServerProxy.java:addNew(96)) - 27609338-e5ea-4e9e-bd63-6729dd2dbc7a: addNew group-271805A6E5C0:[27609338-e5ea-4e9e-bd63-6729dd2dbc7a|rpc:10.1.0.226:36963|priority:1] returns group-271805A6E5C0:java.util.concurrent.CompletableFuture@5e9cb207[Not completed]
2022-10-14 20:48:22,537 [pool-187-thread-1] INFO  server.RaftServer$Division (RaftServerImpl.java:<init>(190)) - 27609338-e5ea-4e9e-bd63-6729dd2dbc7a: new RaftServerImpl for group-271805A6E5C0:[27609338-e5ea-4e9e-bd63-6729dd2dbc7a|rpc:10.1.0.226:36963|priority:1] with ContainerStateMachine:uninitialized
2022-10-14 20:48:22,537 [pool-187-thread-1] INFO  server.RaftServerConfigKeys (ConfUtils.java:logGet(46)) - raft.server.rpc.timeout.min = 5s (custom)
2022-10-14 20:48:22,537 [pool-187-thread-1] INFO  server.RaftServerConfigKeys (ConfUtils.java:logGet(46)) - raft.server.rpc.timeout.max = 5200ms (custom)
2022-10-14 20:48:22,537 [pool-187-thread-1] INFO  server.RaftServerConfigKeys (ConfUtils.java:logGet(46)) - raft.server.rpc.sleep.time = 25ms (default)
2022-10-14 20:48:22,537 [pool-187-thread-1] INFO  server.RaftServerConfigKeys (ConfUtils.java:logGet(46)) - raft.server.rpc.slowness.timeout = 300s (custom)
2022-10-14 20:48:22,537 [pool-187-thread-1] INFO  server.RaftServerConfigKeys (ConfUtils.java:logGet(46)) - raft.server.leaderelection.leader.step-down.wait-time = 10s (default)
2022-10-14 20:48:22,537 [pool-187-thread-1] INFO  server.RaftServerConfigKeys (ConfUtils.java:logGet(46)) - raft.server.sleep.deviation.threshold = 300ms (default)
2022-10-14 20:48:22,537 [pool-187-thread-1] INFO  server.RaftServer$Division (ServerState.java:<init>(107)) - 27609338-e5ea-4e9e-bd63-6729dd2dbc7a@group-271805A6E5C0: ConfigurationManager, init=-1: [27609338-e5ea-4e9e-bd63-6729dd2dbc7a|rpc:10.1.0.226:36963|priority:1], old=null, confs=<EMPTY_MAP>
2022-10-14 20:48:22,537 [pool-187-thread-1] INFO  server.RaftServerConfigKeys (ConfUtils.java:logGet(46)) - raft.server.storage.dir = [/home/runner/work/ozone/ozone/hadoop-ozone/integration-test/target/test-dir/MiniOzoneClusterImpl-1e9d71ba-d753-4201-9665-5e97e6b64b9c/datanode-5/data/ratis] (custom)
2022-10-14 20:48:22,538 [pool-187-thread-1] INFO  server.RaftServerConfigKeys (ConfUtils.java:logGet(46)) - raft.server.log.corruption.policy = EXCEPTION (default)
2022-10-14 20:48:22,538 [pool-187-thread-1] INFO  server.RaftServerConfigKeys (ConfUtils.java:logGet(46)) - raft.server.storage.free-space.min = 0MB (=0) (default)
2022-10-14 20:48:22,538 [pool-187-thread-1] INFO  storage.RaftStorageDirectory (RaftStorageDirectoryImpl.java:analyzeStorage(135)) - The storage directory /home/runner/work/ozone/ozone/hadoop-ozone/integration-test/target/test-dir/MiniOzoneClusterImpl-1e9d71ba-d753-4201-9665-5e97e6b64b9c/datanode-5/data/ratis/65f46a37-d345-41fb-b658-271805a6e5c0 does not exist. Creating ...
2022-10-14 20:48:22,541 [pool-187-thread-1] INFO  storage.RaftStorageDirectory (RaftStorageDirectoryImpl.java:tryLock(230)) - Lock on /home/runner/work/ozone/ozone/hadoop-ozone/integration-test/target/test-dir/MiniOzoneClusterImpl-1e9d71ba-d753-4201-9665-5e97e6b64b9c/datanode-5/data/ratis/65f46a37-d345-41fb-b658-271805a6e5c0/in_use.lock acquired by nodename 88544@fv-az459-990
2022-10-14 20:48:22,543 [pool-187-thread-1] INFO  storage.RaftStorage (RaftStorageImpl.java:format(89)) - Storage directory /home/runner/work/ozone/ozone/hadoop-ozone/integration-test/target/test-dir/MiniOzoneClusterImpl-1e9d71ba-d753-4201-9665-5e97e6b64b9c/datanode-5/data/ratis/65f46a37-d345-41fb-b658-271805a6e5c0 has been successfully formatted.
2022-10-14 20:48:22,545 [EventQueue-PipelineReportForPipelineReportHandler] INFO  pipeline.PipelineManagerImpl (PipelineManagerImpl.java:openPipeline(367)) - Pipeline Pipeline[ Id: 65f46a37-d345-41fb-b658-271805a6e5c0, Nodes: 27609338-e5ea-4e9e-bd63-6729dd2dbc7a{ip: 10.1.0.226, host: fv-az459-990.msq0az1vewme3jsxyslsv0htic.jx.internal.cloudapp.net, ports: [REPLICATION=40113, RATIS=36963, RATIS_ADMIN=36963, RATIS_SERVER=36963, STANDALONE=41637], networkLocation: /default-rack, certSerialId: null, persistedOpState: IN_SERVICE, persistedOpStateExpiryEpochSec: 0}, ReplicationConfig: RATIS/ONE, State:ALLOCATED, leaderId:27609338-e5ea-4e9e-bd63-6729dd2dbc7a, CreationTimestamp2022-10-14T20:48:19.541Z[Etc/UTC]] moved to OPEN state
2022-10-14 20:48:22,546 [EventQueue-OpenPipelineForHealthyPipelineSafeModeRule] INFO  safemode.SCMSafeModeManager (HealthyPipelineSafeModeRule.java:process(137)) - SCM in safe mode. Healthy pipelines reported count is 0, required healthy pipeline reported count is 1
2022-10-14 20:48:22,546 [pool-187-thread-1] INFO  ratis.ContainerStateMachine (ContainerStateMachine.java:loadSnapshot(236)) - group-271805A6E5C0: The snapshot info is null. Setting the last applied indexto:(t:0, i:~)
2022-10-14 20:48:22,548 [pool-187-thread-1] INFO  server.RaftServerConfigKeys (ConfUtils.java:logGet(46)) - raft.server.notification.no-leader.timeout = 300s (custom)
2022-10-14 20:48:22,548 [pool-187-thread-1] INFO  server.RaftServerConfigKeys (ConfUtils.java:logGet(46)) - raft.server.log.use.memory = false (default)
2022-10-14 20:48:22,548 [pool-187-thread-1] INFO  server.RaftServerConfigKeys (ConfUtils.java:logGet(46)) - raft.server.log.purge.gap = 1000000 (custom)
2022-10-14 20:48:22,548 [pool-187-thread-1] INFO  server.RaftServerConfigKeys (ConfUtils.java:logGet(46)) - raft.server.log.appender.buffer.byte-limit = 33554432 (custom)
2022-10-14 20:48:22,548 [pool-187-thread-1] INFO  server.RaftServerConfigKeys (ConfUtils.java:logGet(46)) - raft.server.log.statemachine.data.read.timeout = 1000ms (default)
2022-10-14 20:48:22,548 [pool-187-thread-1] INFO  server.RaftServerConfigKeys (ConfUtils.java:logGet(46)) - raft.server.log.segment.size.max = 1048576 (custom)
2022-10-14 20:48:22,549 [pool-187-thread-1] INFO  server.RaftServerConfigKeys (ConfUtils.java:logGet(46)) - raft.server.log.segment.cache.num.max = 2 (custom)
2022-10-14 20:48:22,549 [pool-187-thread-1] INFO  server.RaftServerConfigKeys (ConfUtils.java:logGet(46)) - raft.server.log.segment.cache.size.max = 200MB (=209715200) (default)
2022-10-14 20:48:22,549 [pool-187-thread-1] INFO  segmented.SegmentedRaftLogWorker (SegmentedRaftLogWorker.java:<init>(187)) - new 27609338-e5ea-4e9e-bd63-6729dd2dbc7a@group-271805A6E5C0-SegmentedRaftLogWorker for RaftStorageImpl:Storage Directory /home/runner/work/ozone/ozone/hadoop-ozone/integration-test/target/test-dir/MiniOzoneClusterImpl-1e9d71ba-d753-4201-9665-5e97e6b64b9c/datanode-5/data/ratis/65f46a37-d345-41fb-b658-271805a6e5c0
2022-10-14 20:48:22,549 [pool-187-thread-1] INFO  server.RaftServerConfigKeys (ConfUtils.java:logGet(46)) - raft.server.log.queue.byte-limit = 4294967296 (custom)
2022-10-14 20:48:22,549 [pool-187-thread-1] INFO  server.RaftServerConfigKeys (ConfUtils.java:logGet(46)) - raft.server.log.queue.element-limit = 1024 (custom)
2022-10-14 20:48:22,549 [pool-187-thread-1] INFO  server.RaftServerConfigKeys (ConfUtils.java:logGet(46)) - raft.server.log.segment.size.max = 1048576 (custom)
2022-10-14 20:48:22,549 [pool-187-thread-1] INFO  server.RaftServerConfigKeys (ConfUtils.java:logGet(46)) - raft.server.log.preallocated.size = 16384 (custom)
2022-10-14 20:48:22,549 [pool-187-thread-1] INFO  server.RaftServerConfigKeys (ConfUtils.java:logGet(46)) - raft.server.log.force.sync.num = 128 (default)
2022-10-14 20:48:22,549 [pool-187-thread-1] INFO  server.RaftServerConfigKeys (ConfUtils.java:logGet(46)) - raft.server.log.statemachine.data.sync = true (default)
2022-10-14 20:48:22,549 [pool-187-thread-1] INFO  server.RaftServerConfigKeys (ConfUtils.java:logGet(46)) - raft.server.log.statemachine.data.sync.timeout = 10s (default)
2022-10-14 20:48:22,549 [pool-187-thread-1] INFO  server.RaftServerConfigKeys (ConfUtils.java:logGet(46)) - raft.server.log.statemachine.data.sync.timeout.retry = -1 (default)
2022-10-14 20:48:22,550 [pool-187-thread-1] INFO  server.RaftServerConfigKeys (ConfUtils.java:logGet(46)) - raft.server.log.write.buffer.size = 1048576 (custom)
2022-10-14 20:48:22,551 [pool-187-thread-1] INFO  server.RaftServerConfigKeys (ConfUtils.java:logGet(46)) - raft.server.log.unsafe-flush.enabled = false (default)
2022-10-14 20:48:22,551 [pool-187-thread-1] INFO  server.RaftServerConfigKeys (ConfUtils.java:logGet(46)) - raft.server.log.statemachine.data.caching.enabled = true (custom)
2022-10-14 20:48:22,551 [pool-187-thread-1] INFO  segmented.SegmentedRaftLogWorker (SegmentedRaftLogWorker.java:lambda$new$0(135)) - 27609338-e5ea-4e9e-bd63-6729dd2dbc7a@group-271805A6E5C0-SegmentedRaftLogWorker: flushIndex: setUnconditionally 0 -> -1
2022-10-14 20:48:22,551 [pool-187-thread-1] INFO  segmented.SegmentedRaftLogWorker (SegmentedRaftLogWorker.java:lambda$new$0(135)) - 27609338-e5ea-4e9e-bd63-6729dd2dbc7a@group-271805A6E5C0-SegmentedRaftLogWorker: safeCacheEvictIndex: setUnconditionally 0 -> -1
2022-10-14 20:48:22,551 [pool-187-thread-1] INFO  server.RaftServerConfigKeys (ConfUtils.java:logGet(46)) - raft.server.snapshot.auto.trigger.enabled = true (custom)
2022-10-14 20:48:22,551 [pool-187-thread-1] INFO  server.RaftServerConfigKeys (ConfUtils.java:logGet(46)) - raft.server.snapshot.auto.trigger.threshold = 10000 (custom)
2022-10-14 20:48:22,552 [pool-187-thread-1] INFO  server.RaftServerConfigKeys (ConfUtils.java:logGet(46)) - raft.server.snapshot.retention.file.num = 5 (custom)
2022-10-14 20:48:22,552 [pool-187-thread-1] INFO  server.RaftServerConfigKeys (ConfUtils.java:logGet(46)) - raft.server.log.purge.upto.snapshot.index = false (default)
2022-10-14 20:48:22,552 [pool-187-thread-1] INFO  server.RaftServerConfigKeys (ConfUtils.java:logGet(46)) - raft.server.retrycache.expirytime = 600000ms (custom)
2022-10-14 20:48:22,552 [pool-187-thread-1] INFO  server.RaftServerConfigKeys (ConfUtils.java:logGet(46)) - raft.server.retrycache.statistics.expirytime = 100μs (default)
2022-10-14 20:48:22,553 [pool-187-thread-1] INFO  server.RaftServerConfigKeys (ConfUtils.java:logGet(46)) - raft.server.log.appender.install.snapshot.enabled = false (custom)
2022-10-14 20:48:22,553 [pool-187-thread-1] INFO  server.RaftServerConfigKeys (ConfUtils.java:logGet(46)) - raft.server.threadpool.server.cached = true (default)
2022-10-14 20:48:22,553 [pool-187-thread-1] INFO  server.RaftServerConfigKeys (ConfUtils.java:logGet(46)) - raft.server.threadpool.server.size = 0 (default)
2022-10-14 20:48:22,553 [pool-187-thread-1] INFO  server.RaftServerConfigKeys (ConfUtils.java:logGet(46)) - raft.server.threadpool.client.cached = true (default)
2022-10-14 20:48:22,553 [pool-187-thread-1] INFO  server.RaftServerConfigKeys (ConfUtils.java:logGet(46)) - raft.server.threadpool.client.size = 0 (default)
2022-10-14 20:48:22,555 [pool-187-thread-1] INFO  server.RaftServer$Division (RaftServerImpl.java:start(310)) - 27609338-e5ea-4e9e-bd63-6729dd2dbc7a@group-271805A6E5C0: start as a follower, conf=-1: [27609338-e5ea-4e9e-bd63-6729dd2dbc7a|rpc:10.1.0.226:36963|priority:1], old=null
2022-10-14 20:48:22,555 [pool-187-thread-1] INFO  server.RaftServer$Division (RaftServerImpl.java:setRole(299)) - 27609338-e5ea-4e9e-bd63-6729dd2dbc7a@group-271805A6E5C0: changes role from      null to FOLLOWER at term 0 for startAsFollower
2022-10-14 20:48:22,555 [pool-187-thread-1] INFO  impl.RoleInfo (RoleInfo.java:updateAndGet(139)) - 27609338-e5ea-4e9e-bd63-6729dd2dbc7a: start 27609338-e5ea-4e9e-bd63-6729dd2dbc7a@group-271805A6E5C0-FollowerState
2022-10-14 20:48:22,557 [pool-187-thread-1] INFO  util.JmxRegister (JmxRegister.java:tryRegister(44)) - Successfully registered JMX Bean with object name Ratis:service=RaftServer,group=group-271805A6E5C0,id=27609338-e5ea-4e9e-bd63-6729dd2dbc7a
2022-10-14 20:48:22,558 [Command processor thread] INFO  ratis.XceiverServerRatis (XceiverServerRatis.java:addGroup(765)) - Created group PipelineID=65f46a37-d345-41fb-b658-271805a6e5c0
2022-10-14 20:48:22,558 [Command processor thread] INFO  commandhandler.CreatePipelineCommandHandler (CreatePipelineCommandHandler.java:handle(113)) - Created Pipeline RATIS ONE PipelineID=65f46a37-d345-41fb-b658-271805a6e5c0.
2022-10-14 20:48:22,951 [Command processor thread] INFO  server.RaftServer (RaftServerProxy.java:addNew(96)) - 16777052-74aa-4e90-8314-2bee1f1d951b: addNew group-4005DE48A76A:[16777052-74aa-4e90-8314-2bee1f1d951b|rpc:10.1.0.226:46003|priority:1] returns group-4005DE48A76A:java.util.concurrent.CompletableFuture@7fd23f50[Not completed]
2022-10-14 20:48:22,954 [pool-214-thread-1] INFO  server.RaftServer$Division (RaftServerImpl.java:<init>(190)) - 16777052-74aa-4e90-8314-2bee1f1d951b: new RaftServerImpl for group-4005DE48A76A:[16777052-74aa-4e90-8314-2bee1f1d951b|rpc:10.1.0.226:46003|priority:1] with ContainerStateMachine:uninitialized
2022-10-14 20:48:22,954 [pool-214-thread-1] INFO  server.RaftServerConfigKeys (ConfUtils.java:logGet(46)) - raft.server.rpc.timeout.min = 5s (custom)
2022-10-14 20:48:22,955 [pool-214-thread-1] INFO  server.RaftServerConfigKeys (ConfUtils.java:logGet(46)) - raft.server.rpc.timeout.max = 5200ms (custom)
2022-10-14 20:48:22,955 [pool-214-thread-1] INFO  server.RaftServerConfigKeys (ConfUtils.java:logGet(46)) - raft.server.rpc.sleep.time = 25ms (default)
2022-10-14 20:48:22,955 [pool-214-thread-1] INFO  server.RaftServerConfigKeys (ConfUtils.java:logGet(46)) - raft.server.rpc.slowness.timeout = 300s (custom)
2022-10-14 20:48:22,955 [pool-214-thread-1] INFO  server.RaftServerConfigKeys (ConfUtils.java:logGet(46)) - raft.server.leaderelection.leader.step-down.wait-time = 10s (default)
2022-10-14 20:48:22,955 [pool-214-thread-1] INFO  server.RaftServerConfigKeys (ConfUtils.java:logGet(46)) - raft.server.sleep.deviation.threshold = 300ms (default)
2022-10-14 20:48:22,955 [pool-214-thread-1] INFO  server.RaftServer$Division (ServerState.java:<init>(107)) - 16777052-74aa-4e90-8314-2bee1f1d951b@group-4005DE48A76A: ConfigurationManager, init=-1: [16777052-74aa-4e90-8314-2bee1f1d951b|rpc:10.1.0.226:46003|priority:1], old=null, confs=<EMPTY_MAP>
2022-10-14 20:48:22,955 [pool-214-thread-1] INFO  server.RaftServerConfigKeys (ConfUtils.java:logGet(46)) - raft.server.storage.dir = [/home/runner/work/ozone/ozone/hadoop-ozone/integration-test/target/test-dir/MiniOzoneClusterImpl-1e9d71ba-d753-4201-9665-5e97e6b64b9c/datanode-6/data/ratis] (custom)
2022-10-14 20:48:22,955 [pool-214-thread-1] INFO  server.RaftServerConfigKeys (ConfUtils.java:logGet(46)) - raft.server.log.corruption.policy = EXCEPTION (default)
2022-10-14 20:48:22,956 [pool-214-thread-1] INFO  server.RaftServerConfigKeys (ConfUtils.java:logGet(46)) - raft.server.storage.free-space.min = 0MB (=0) (default)
2022-10-14 20:48:22,956 [pool-214-thread-1] INFO  storage.RaftStorageDirectory (RaftStorageDirectoryImpl.java:analyzeStorage(135)) - The storage directory /home/runner/work/ozone/ozone/hadoop-ozone/integration-test/target/test-dir/MiniOzoneClusterImpl-1e9d71ba-d753-4201-9665-5e97e6b64b9c/datanode-6/data/ratis/e1f01a72-2bb0-4042-ae92-4005de48a76a does not exist. Creating ...
2022-10-14 20:48:22,957 [pool-214-thread-1] INFO  storage.RaftStorageDirectory (RaftStorageDirectoryImpl.java:tryLock(230)) - Lock on /home/runner/work/ozone/ozone/hadoop-ozone/integration-test/target/test-dir/MiniOzoneClusterImpl-1e9d71ba-d753-4201-9665-5e97e6b64b9c/datanode-6/data/ratis/e1f01a72-2bb0-4042-ae92-4005de48a76a/in_use.lock acquired by nodename 88544@fv-az459-990
2022-10-14 20:48:22,959 [pool-214-thread-1] INFO  storage.RaftStorage (RaftStorageImpl.java:format(89)) - Storage directory /home/runner/work/ozone/ozone/hadoop-ozone/integration-test/target/test-dir/MiniOzoneClusterImpl-1e9d71ba-d753-4201-9665-5e97e6b64b9c/datanode-6/data/ratis/e1f01a72-2bb0-4042-ae92-4005de48a76a has been successfully formatted.
2022-10-14 20:48:22,961 [EventQueue-PipelineReportForPipelineReportHandler] INFO  pipeline.PipelineManagerImpl (PipelineManagerImpl.java:openPipeline(367)) - Pipeline Pipeline[ Id: e1f01a72-2bb0-4042-ae92-4005de48a76a, Nodes: 16777052-74aa-4e90-8314-2bee1f1d951b{ip: 10.1.0.226, host: fv-az459-990.msq0az1vewme3jsxyslsv0htic.jx.internal.cloudapp.net, ports: [REPLICATION=45667, RATIS=46003, RATIS_ADMIN=46003, RATIS_SERVER=46003, STANDALONE=45747], networkLocation: /default-rack, certSerialId: null, persistedOpState: IN_SERVICE, persistedOpStateExpiryEpochSec: 0}, ReplicationConfig: RATIS/ONE, State:ALLOCATED, leaderId:16777052-74aa-4e90-8314-2bee1f1d951b, CreationTimestamp2022-10-14T20:48:19.955Z[Etc/UTC]] moved to OPEN state
2022-10-14 20:48:22,961 [pool-214-thread-1] INFO  ratis.ContainerStateMachine (ContainerStateMachine.java:loadSnapshot(236)) - group-4005DE48A76A: The snapshot info is null. Setting the last applied indexto:(t:0, i:~)
2022-10-14 20:48:22,962 [pool-214-thread-1] INFO  server.RaftServerConfigKeys (ConfUtils.java:logGet(46)) - raft.server.notification.no-leader.timeout = 300s (custom)
2022-10-14 20:48:22,962 [pool-214-thread-1] INFO  server.RaftServerConfigKeys (ConfUtils.java:logGet(46)) - raft.server.log.use.memory = false (default)
2022-10-14 20:48:22,962 [pool-214-thread-1] INFO  server.RaftServerConfigKeys (ConfUtils.java:logGet(46)) - raft.server.log.purge.gap = 1000000 (custom)
2022-10-14 20:48:22,962 [pool-214-thread-1] INFO  server.RaftServerConfigKeys (ConfUtils.java:logGet(46)) - raft.server.log.appender.buffer.byte-limit = 33554432 (custom)
2022-10-14 20:48:22,962 [pool-214-thread-1] INFO  server.RaftServerConfigKeys (ConfUtils.java:logGet(46)) - raft.server.log.statemachine.data.read.timeout = 1000ms (default)
2022-10-14 20:48:22,962 [EventQueue-OpenPipelineForHealthyPipelineSafeModeRule] INFO  safemode.SCMSafeModeManager (HealthyPipelineSafeModeRule.java:process(137)) - SCM in safe mode. Healthy pipelines reported count is 0, required healthy pipeline reported count is 1
2022-10-14 20:48:22,968 [pool-214-thread-1] INFO  server.RaftServerConfigKeys (ConfUtils.java:logGet(46)) - raft.server.log.segment.size.max = 1048576 (custom)
2022-10-14 20:48:22,969 [pool-214-thread-1] INFO  server.RaftServerConfigKeys (ConfUtils.java:logGet(46)) - raft.server.log.segment.cache.num.max = 2 (custom)
2022-10-14 20:48:22,969 [pool-214-thread-1] INFO  server.RaftServerConfigKeys (ConfUtils.java:logGet(46)) - raft.server.log.segment.cache.size.max = 200MB (=209715200) (default)
2022-10-14 20:48:22,969 [pool-214-thread-1] INFO  segmented.SegmentedRaftLogWorker (SegmentedRaftLogWorker.java:<init>(187)) - new 16777052-74aa-4e90-8314-2bee1f1d951b@group-4005DE48A76A-SegmentedRaftLogWorker for RaftStorageImpl:Storage Directory /home/runner/work/ozone/ozone/hadoop-ozone/integration-test/target/test-dir/MiniOzoneClusterImpl-1e9d71ba-d753-4201-9665-5e97e6b64b9c/datanode-6/data/ratis/e1f01a72-2bb0-4042-ae92-4005de48a76a
2022-10-14 20:48:22,969 [pool-214-thread-1] INFO  server.RaftServerConfigKeys (ConfUtils.java:logGet(46)) - raft.server.log.queue.byte-limit = 4294967296 (custom)
2022-10-14 20:48:22,969 [pool-214-thread-1] INFO  server.RaftServerConfigKeys (ConfUtils.java:logGet(46)) - raft.server.log.queue.element-limit = 1024 (custom)
2022-10-14 20:48:22,969 [pool-214-thread-1] INFO  server.RaftServerConfigKeys (ConfUtils.java:logGet(46)) - raft.server.log.segment.size.max = 1048576 (custom)
2022-10-14 20:48:22,969 [pool-214-thread-1] INFO  server.RaftServerConfigKeys (ConfUtils.java:logGet(46)) - raft.server.log.preallocated.size = 16384 (custom)
2022-10-14 20:48:22,969 [pool-214-thread-1] INFO  server.RaftServerConfigKeys (ConfUtils.java:logGet(46)) - raft.server.log.force.sync.num = 128 (default)
2022-10-14 20:48:22,969 [pool-214-thread-1] INFO  server.RaftServerConfigKeys (ConfUtils.java:logGet(46)) - raft.server.log.statemachine.data.sync = true (default)
2022-10-14 20:48:22,969 [pool-214-thread-1] INFO  server.RaftServerConfigKeys (ConfUtils.java:logGet(46)) - raft.server.log.statemachine.data.sync.timeout = 10s (default)
2022-10-14 20:48:22,970 [pool-214-thread-1] INFO  server.RaftServerConfigKeys (ConfUtils.java:logGet(46)) - raft.server.log.statemachine.data.sync.timeout.retry = -1 (default)
2022-10-14 20:48:22,970 [pool-214-thread-1] INFO  server.RaftServerConfigKeys (ConfUtils.java:logGet(46)) - raft.server.log.write.buffer.size = 1048576 (custom)
2022-10-14 20:48:22,971 [pool-214-thread-1] INFO  server.RaftServerConfigKeys (ConfUtils.java:logGet(46)) - raft.server.log.unsafe-flush.enabled = false (default)
2022-10-14 20:48:22,971 [pool-214-thread-1] INFO  server.RaftServerConfigKeys (ConfUtils.java:logGet(46)) - raft.server.log.statemachine.data.caching.enabled = true (custom)
2022-10-14 20:48:22,971 [pool-214-thread-1] INFO  segmented.SegmentedRaftLogWorker (SegmentedRaftLogWorker.java:lambda$new$0(135)) - 16777052-74aa-4e90-8314-2bee1f1d951b@group-4005DE48A76A-SegmentedRaftLogWorker: flushIndex: setUnconditionally 0 -> -1
2022-10-14 20:48:22,971 [pool-214-thread-1] INFO  segmented.SegmentedRaftLogWorker (SegmentedRaftLogWorker.java:lambda$new$0(135)) - 16777052-74aa-4e90-8314-2bee1f1d951b@group-4005DE48A76A-SegmentedRaftLogWorker: safeCacheEvictIndex: setUnconditionally 0 -> -1
2022-10-14 20:48:22,971 [pool-214-thread-1] INFO  server.RaftServerConfigKeys (ConfUtils.java:logGet(46)) - raft.server.snapshot.auto.trigger.enabled = true (custom)
2022-10-14 20:48:22,971 [pool-214-thread-1] INFO  server.RaftServerConfigKeys (ConfUtils.java:logGet(46)) - raft.server.snapshot.auto.trigger.threshold = 10000 (custom)
2022-10-14 20:48:22,971 [pool-214-thread-1] INFO  server.RaftServerConfigKeys (ConfUtils.java:logGet(46)) - raft.server.snapshot.retention.file.num = 5 (custom)
2022-10-14 20:48:22,971 [pool-214-thread-1] INFO  server.RaftServerConfigKeys (ConfUtils.java:logGet(46)) - raft.server.log.purge.upto.snapshot.index = false (default)
2022-10-14 20:48:22,972 [pool-214-thread-1] INFO  server.RaftServerConfigKeys (ConfUtils.java:logGet(46)) - raft.server.retrycache.expirytime = 600000ms (custom)
2022-10-14 20:48:22,972 [pool-214-thread-1] INFO  server.RaftServerConfigKeys (ConfUtils.java:logGet(46)) - raft.server.retrycache.statistics.expirytime = 100μs (default)
2022-10-14 20:48:22,973 [pool-214-thread-1] INFO  server.RaftServerConfigKeys (ConfUtils.java:logGet(46)) - raft.server.log.appender.install.snapshot.enabled = false (custom)
2022-10-14 20:48:22,973 [pool-214-thread-1] INFO  server.RaftServerConfigKeys (ConfUtils.java:logGet(46)) - raft.server.threadpool.server.cached = true (default)
2022-10-14 20:48:22,973 [pool-214-thread-1] INFO  server.RaftServerConfigKeys (ConfUtils.java:logGet(46)) - raft.server.threadpool.server.size = 0 (default)
2022-10-14 20:48:22,973 [pool-214-thread-1] INFO  server.RaftServerConfigKeys (ConfUtils.java:logGet(46)) - raft.server.threadpool.client.cached = true (default)
2022-10-14 20:48:22,973 [pool-214-thread-1] INFO  server.RaftServerConfigKeys (ConfUtils.java:logGet(46)) - raft.server.threadpool.client.size = 0 (default)
2022-10-14 20:48:22,973 [pool-214-thread-1] INFO  server.RaftServer$Division (RaftServerImpl.java:start(310)) - 16777052-74aa-4e90-8314-2bee1f1d951b@group-4005DE48A76A: start as a follower, conf=-1: [16777052-74aa-4e90-8314-2bee1f1d951b|rpc:10.1.0.226:46003|priority:1], old=null
2022-10-14 20:48:22,973 [pool-214-thread-1] INFO  server.RaftServer$Division (RaftServerImpl.java:setRole(299)) - 16777052-74aa-4e90-8314-2bee1f1d951b@group-4005DE48A76A: changes role from      null to FOLLOWER at term 0 for startAsFollower
2022-10-14 20:48:22,973 [pool-214-thread-1] INFO  impl.RoleInfo (RoleInfo.java:updateAndGet(139)) - 16777052-74aa-4e90-8314-2bee1f1d951b: start 16777052-74aa-4e90-8314-2bee1f1d951b@group-4005DE48A76A-FollowerState
2022-10-14 20:48:22,981 [pool-214-thread-1] INFO  util.JmxRegister (JmxRegister.java:tryRegister(44)) - Successfully registered JMX Bean with object name Ratis:service=RaftServer,group=group-4005DE48A76A,id=16777052-74aa-4e90-8314-2bee1f1d951b
2022-10-14 20:48:22,981 [Command processor thread] INFO  ratis.XceiverServerRatis (XceiverServerRatis.java:addGroup(765)) - Created group PipelineID=e1f01a72-2bb0-4042-ae92-4005de48a76a
2022-10-14 20:48:22,982 [Command processor thread] INFO  commandhandler.CreatePipelineCommandHandler (CreatePipelineCommandHandler.java:handle(113)) - Created Pipeline RATIS ONE PipelineID=e1f01a72-2bb0-4042-ae92-4005de48a76a.
2022-10-14 20:48:22,982 [Command processor thread] INFO  server.RaftServer (RaftServerProxy.java:addNew(96)) - 16777052-74aa-4e90-8314-2bee1f1d951b: addNew group-9DF102291914:[bbc6add2-54a7-4497-b631-73b4353e40e2|rpc:10.1.0.226:45201|priority:0, a9bc3d00-95be-4d99-8dcc-adc6824489fa|rpc:10.1.0.226:41433|priority:0, 16777052-74aa-4e90-8314-2bee1f1d951b|rpc:10.1.0.226:46003|priority:1] returns group-9DF102291914:java.util.concurrent.CompletableFuture@7beda472[Not completed]
2022-10-14 20:48:22,983 [pool-214-thread-1] INFO  server.RaftServer$Division (RaftServerImpl.java:<init>(190)) - 16777052-74aa-4e90-8314-2bee1f1d951b: new RaftServerImpl for group-9DF102291914:[bbc6add2-54a7-4497-b631-73b4353e40e2|rpc:10.1.0.226:45201|priority:0, a9bc3d00-95be-4d99-8dcc-adc6824489fa|rpc:10.1.0.226:41433|priority:0, 16777052-74aa-4e90-8314-2bee1f1d951b|rpc:10.1.0.226:46003|priority:1] with ContainerStateMachine:uninitialized
2022-10-14 20:48:22,983 [pool-214-thread-1] INFO  server.RaftServerConfigKeys (ConfUtils.java:logGet(46)) - raft.server.rpc.timeout.min = 5s (custom)
2022-10-14 20:48:22,983 [pool-214-thread-1] INFO  server.RaftServerConfigKeys (ConfUtils.java:logGet(46)) - raft.server.rpc.timeout.max = 5200ms (custom)
2022-10-14 20:48:22,983 [pool-214-thread-1] INFO  server.RaftServerConfigKeys (ConfUtils.java:logGet(46)) - raft.server.rpc.sleep.time = 25ms (default)
2022-10-14 20:48:22,983 [pool-214-thread-1] INFO  server.RaftServerConfigKeys (ConfUtils.java:logGet(46)) - raft.server.rpc.slowness.timeout = 300s (custom)
2022-10-14 20:48:22,983 [pool-214-thread-1] INFO  server.RaftServerConfigKeys (ConfUtils.java:logGet(46)) - raft.server.leaderelection.leader.step-down.wait-time = 10s (default)
2022-10-14 20:48:22,983 [pool-214-thread-1] INFO  server.RaftServerConfigKeys (ConfUtils.java:logGet(46)) - raft.server.sleep.deviation.threshold = 300ms (default)
2022-10-14 20:48:22,983 [pool-214-thread-1] INFO  server.RaftServer$Division (ServerState.java:<init>(107)) - 16777052-74aa-4e90-8314-2bee1f1d951b@group-9DF102291914: ConfigurationManager, init=-1: [bbc6add2-54a7-4497-b631-73b4353e40e2|rpc:10.1.0.226:45201|priority:0, a9bc3d00-95be-4d99-8dcc-adc6824489fa|rpc:10.1.0.226:41433|priority:0, 16777052-74aa-4e90-8314-2bee1f1d951b|rpc:10.1.0.226:46003|priority:1], old=null, confs=<EMPTY_MAP>
2022-10-14 20:48:22,984 [pool-214-thread-1] INFO  server.RaftServerConfigKeys (ConfUtils.java:logGet(46)) - raft.server.storage.dir = [/home/runner/work/ozone/ozone/hadoop-ozone/integration-test/target/test-dir/MiniOzoneClusterImpl-1e9d71ba-d753-4201-9665-5e97e6b64b9c/datanode-6/data/ratis] (custom)
2022-10-14 20:48:22,984 [pool-214-thread-1] INFO  server.RaftServerConfigKeys (ConfUtils.java:logGet(46)) - raft.server.log.corruption.policy = EXCEPTION (default)
2022-10-14 20:48:22,984 [pool-214-thread-1] INFO  server.RaftServerConfigKeys (ConfUtils.java:logGet(46)) - raft.server.storage.free-space.min = 0MB (=0) (default)
2022-10-14 20:48:22,984 [pool-214-thread-1] INFO  storage.RaftStorageDirectory (RaftStorageDirectoryImpl.java:analyzeStorage(135)) - The storage directory /home/runner/work/ozone/ozone/hadoop-ozone/integration-test/target/test-dir/MiniOzoneClusterImpl-1e9d71ba-d753-4201-9665-5e97e6b64b9c/datanode-6/data/ratis/706880b3-f140-4604-a16e-9df102291914 does not exist. Creating ...
2022-10-14 20:48:22,985 [pool-214-thread-1] INFO  storage.RaftStorageDirectory (RaftStorageDirectoryImpl.java:tryLock(230)) - Lock on /home/runner/work/ozone/ozone/hadoop-ozone/integration-test/target/test-dir/MiniOzoneClusterImpl-1e9d71ba-d753-4201-9665-5e97e6b64b9c/datanode-6/data/ratis/706880b3-f140-4604-a16e-9df102291914/in_use.lock acquired by nodename 88544@fv-az459-990
2022-10-14 20:48:22,987 [pool-214-thread-1] INFO  storage.RaftStorage (RaftStorageImpl.java:format(89)) - Storage directory /home/runner/work/ozone/ozone/hadoop-ozone/integration-test/target/test-dir/MiniOzoneClusterImpl-1e9d71ba-d753-4201-9665-5e97e6b64b9c/datanode-6/data/ratis/706880b3-f140-4604-a16e-9df102291914 has been successfully formatted.
2022-10-14 20:48:22,987 [pool-214-thread-1] INFO  ratis.ContainerStateMachine (ContainerStateMachine.java:loadSnapshot(236)) - group-9DF102291914: The snapshot info is null. Setting the last applied indexto:(t:0, i:~)
2022-10-14 20:48:22,988 [pool-214-thread-1] INFO  server.RaftServerConfigKeys (ConfUtils.java:logGet(46)) - raft.server.notification.no-leader.timeout = 300s (custom)
2022-10-14 20:48:22,988 [pool-214-thread-1] INFO  server.RaftServerConfigKeys (ConfUtils.java:logGet(46)) - raft.server.log.use.memory = false (default)
2022-10-14 20:48:22,988 [pool-214-thread-1] INFO  server.RaftServerConfigKeys (ConfUtils.java:logGet(46)) - raft.server.log.purge.gap = 1000000 (custom)
2022-10-14 20:48:22,988 [pool-214-thread-1] INFO  server.RaftServerConfigKeys (ConfUtils.java:logGet(46)) - raft.server.log.appender.buffer.byte-limit = 33554432 (custom)
2022-10-14 20:48:22,988 [pool-214-thread-1] INFO  server.RaftServerConfigKeys (ConfUtils.java:logGet(46)) - raft.server.log.statemachine.data.read.timeout = 1000ms (default)
2022-10-14 20:48:22,988 [pool-214-thread-1] INFO  server.RaftServerConfigKeys (ConfUtils.java:logGet(46)) - raft.server.log.segment.size.max = 1048576 (custom)
2022-10-14 20:48:22,990 [EventQueue-OpenPipelineForHealthyPipelineSafeModeRule] INFO  safemode.SCMSafeModeManager (HealthyPipelineSafeModeRule.java:process(137)) - SCM in safe mode. Healthy pipelines reported count is 0, required healthy pipeline reported count is 1
2022-10-14 20:48:22,991 [pool-214-thread-1] INFO  server.RaftServerConfigKeys (ConfUtils.java:logGet(46)) - raft.server.log.segment.cache.num.max = 2 (custom)
2022-10-14 20:48:22,991 [pool-214-thread-1] INFO  server.RaftServerConfigKeys (ConfUtils.java:logGet(46)) - raft.server.log.segment.cache.size.max = 200MB (=209715200) (default)
2022-10-14 20:48:22,991 [pool-214-thread-1] INFO  segmented.SegmentedRaftLogWorker (SegmentedRaftLogWorker.java:<init>(187)) - new 16777052-74aa-4e90-8314-2bee1f1d951b@group-9DF102291914-SegmentedRaftLogWorker for RaftStorageImpl:Storage Directory /home/runner/work/ozone/ozone/hadoop-ozone/integration-test/target/test-dir/MiniOzoneClusterImpl-1e9d71ba-d753-4201-9665-5e97e6b64b9c/datanode-6/data/ratis/706880b3-f140-4604-a16e-9df102291914
2022-10-14 20:48:22,991 [pool-214-thread-1] INFO  server.RaftServerConfigKeys (ConfUtils.java:logGet(46)) - raft.server.log.queue.byte-limit = 4294967296 (custom)
2022-10-14 20:48:22,991 [pool-214-thread-1] INFO  server.RaftServerConfigKeys (ConfUtils.java:logGet(46)) - raft.server.log.queue.element-limit = 1024 (custom)
2022-10-14 20:48:22,991 [pool-214-thread-1] INFO  server.RaftServerConfigKeys (ConfUtils.java:logGet(46)) - raft.server.log.segment.size.max = 1048576 (custom)
2022-10-14 20:48:22,991 [pool-214-thread-1] INFO  server.RaftServerConfigKeys (ConfUtils.java:logGet(46)) - raft.server.log.preallocated.size = 16384 (custom)
2022-10-14 20:48:22,991 [pool-214-thread-1] INFO  server.RaftServerConfigKeys (ConfUtils.java:logGet(46)) - raft.server.log.force.sync.num = 128 (default)
2022-10-14 20:48:22,991 [pool-214-thread-1] INFO  server.RaftServerConfigKeys (ConfUtils.java:logGet(46)) - raft.server.log.statemachine.data.sync = true (default)
2022-10-14 20:48:22,991 [pool-214-thread-1] INFO  server.RaftServerConfigKeys (ConfUtils.java:logGet(46)) - raft.server.log.statemachine.data.sync.timeout = 10s (default)
2022-10-14 20:48:22,991 [pool-214-thread-1] INFO  server.RaftServerConfigKeys (ConfUtils.java:logGet(46)) - raft.server.log.statemachine.data.sync.timeout.retry = -1 (default)
2022-10-14 20:48:22,992 [pool-214-thread-1] INFO  server.RaftServerConfigKeys (ConfUtils.java:logGet(46)) - raft.server.log.write.buffer.size = 1048576 (custom)
2022-10-14 20:48:22,992 [pool-214-thread-1] INFO  server.RaftServerConfigKeys (ConfUtils.java:logGet(46)) - raft.server.log.unsafe-flush.enabled = false (default)
2022-10-14 20:48:22,993 [pool-214-thread-1] INFO  server.RaftServerConfigKeys (ConfUtils.java:logGet(46)) - raft.server.log.statemachine.data.caching.enabled = true (custom)
2022-10-14 20:48:22,993 [pool-214-thread-1] INFO  segmented.SegmentedRaftLogWorker (SegmentedRaftLogWorker.java:lambda$new$0(135)) - 16777052-74aa-4e90-8314-2bee1f1d951b@group-9DF102291914-SegmentedRaftLogWorker: flushIndex: setUnconditionally 0 -> -1
2022-10-14 20:48:22,993 [pool-214-thread-1] INFO  segmented.SegmentedRaftLogWorker (SegmentedRaftLogWorker.java:lambda$new$0(135)) - 16777052-74aa-4e90-8314-2bee1f1d951b@group-9DF102291914-SegmentedRaftLogWorker: safeCacheEvictIndex: setUnconditionally 0 -> -1
2022-10-14 20:48:22,993 [pool-214-thread-1] INFO  server.RaftServerConfigKeys (ConfUtils.java:logGet(46)) - raft.server.snapshot.auto.trigger.enabled = true (custom)
2022-10-14 20:48:22,993 [pool-214-thread-1] INFO  server.RaftServerConfigKeys (ConfUtils.java:logGet(46)) - raft.server.snapshot.auto.trigger.threshold = 10000 (custom)
2022-10-14 20:48:22,993 [pool-214-thread-1] INFO  server.RaftServerConfigKeys (ConfUtils.java:logGet(46)) - raft.server.snapshot.retention.file.num = 5 (custom)
2022-10-14 20:48:22,994 [pool-214-thread-1] INFO  server.RaftServerConfigKeys (ConfUtils.java:logGet(46)) - raft.server.log.purge.upto.snapshot.index = false (default)
2022-10-14 20:48:22,994 [pool-214-thread-1] INFO  server.RaftServerConfigKeys (ConfUtils.java:logGet(46)) - raft.server.retrycache.expirytime = 600000ms (custom)
2022-10-14 20:48:22,994 [pool-214-thread-1] INFO  server.RaftServerConfigKeys (ConfUtils.java:logGet(46)) - raft.server.retrycache.statistics.expirytime = 100μs (default)
2022-10-14 20:48:22,995 [pool-214-thread-1] INFO  server.RaftServerConfigKeys (ConfUtils.java:logGet(46)) - raft.server.log.appender.install.snapshot.enabled = false (custom)
2022-10-14 20:48:22,995 [pool-214-thread-1] INFO  server.RaftServerConfigKeys (ConfUtils.java:logGet(46)) - raft.server.threadpool.server.cached = true (default)
2022-10-14 20:48:22,995 [pool-214-thread-1] INFO  server.RaftServerConfigKeys (ConfUtils.java:logGet(46)) - raft.server.threadpool.server.size = 0 (default)
2022-10-14 20:48:22,995 [pool-214-thread-1] INFO  server.RaftServerConfigKeys (ConfUtils.java:logGet(46)) - raft.server.threadpool.client.cached = true (default)
2022-10-14 20:48:22,995 [pool-214-thread-1] INFO  server.RaftServerConfigKeys (ConfUtils.java:logGet(46)) - raft.server.threadpool.client.size = 0 (default)
2022-10-14 20:48:22,995 [pool-214-thread-1] INFO  server.RaftServer$Division (RaftServerImpl.java:start(310)) - 16777052-74aa-4e90-8314-2bee1f1d951b@group-9DF102291914: start as a follower, conf=-1: [bbc6add2-54a7-4497-b631-73b4353e40e2|rpc:10.1.0.226:45201|priority:0, a9bc3d00-95be-4d99-8dcc-adc6824489fa|rpc:10.1.0.226:41433|priority:0, 16777052-74aa-4e90-8314-2bee1f1d951b|rpc:10.1.0.226:46003|priority:1], old=null
2022-10-14 20:48:22,995 [pool-214-thread-1] INFO  server.RaftServer$Division (RaftServerImpl.java:setRole(299)) - 16777052-74aa-4e90-8314-2bee1f1d951b@group-9DF102291914: changes role from      null to FOLLOWER at term 0 for startAsFollower
2022-10-14 20:48:22,995 [pool-214-thread-1] INFO  impl.RoleInfo (RoleInfo.java:updateAndGet(139)) - 16777052-74aa-4e90-8314-2bee1f1d951b: start 16777052-74aa-4e90-8314-2bee1f1d951b@group-9DF102291914-FollowerState
2022-10-14 20:48:22,996 [pool-214-thread-1] INFO  util.JmxRegister (JmxRegister.java:tryRegister(44)) - Successfully registered JMX Bean with object name Ratis:service=RaftServer,group=group-9DF102291914,id=16777052-74aa-4e90-8314-2bee1f1d951b
2022-10-14 20:48:22,997 [Command processor thread] INFO  ratis.XceiverServerRatis (XceiverServerRatis.java:addGroup(765)) - Created group PipelineID=706880b3-f140-4604-a16e-9df102291914
2022-10-14 20:48:23,017 [grpc-default-executor-0] INFO  server.RaftServer (RaftServerProxy.java:addNew(96)) - a9bc3d00-95be-4d99-8dcc-adc6824489fa: addNew group-9DF102291914:[bbc6add2-54a7-4497-b631-73b4353e40e2|rpc:10.1.0.226:45201|dataStream:|priority:0, a9bc3d00-95be-4d99-8dcc-adc6824489fa|rpc:10.1.0.226:41433|dataStream:|priority:0, 16777052-74aa-4e90-8314-2bee1f1d951b|rpc:10.1.0.226:46003|dataStream:|priority:1] returns group-9DF102291914:java.util.concurrent.CompletableFuture@5a4e5b6c[Not completed]
2022-10-14 20:48:23,021 [pool-241-thread-1] INFO  server.RaftServer$Division (RaftServerImpl.java:<init>(190)) - a9bc3d00-95be-4d99-8dcc-adc6824489fa: new RaftServerImpl for group-9DF102291914:[bbc6add2-54a7-4497-b631-73b4353e40e2|rpc:10.1.0.226:45201|dataStream:|priority:0, a9bc3d00-95be-4d99-8dcc-adc6824489fa|rpc:10.1.0.226:41433|dataStream:|priority:0, 16777052-74aa-4e90-8314-2bee1f1d951b|rpc:10.1.0.226:46003|dataStream:|priority:1] with ContainerStateMachine:uninitialized
2022-10-14 20:48:23,022 [pool-241-thread-1] INFO  server.RaftServerConfigKeys (ConfUtils.java:logGet(46)) - raft.server.rpc.timeout.min = 5s (custom)
2022-10-14 20:48:23,022 [pool-241-thread-1] INFO  server.RaftServerConfigKeys (ConfUtils.java:logGet(46)) - raft.server.rpc.timeout.max = 5200ms (custom)
2022-10-14 20:48:23,022 [pool-241-thread-1] INFO  server.RaftServerConfigKeys (ConfUtils.java:logGet(46)) - raft.server.rpc.sleep.time = 25ms (default)
2022-10-14 20:48:23,022 [pool-241-thread-1] INFO  server.RaftServerConfigKeys (ConfUtils.java:logGet(46)) - raft.server.rpc.slowness.timeout = 300s (custom)
2022-10-14 20:48:23,022 [pool-241-thread-1] INFO  server.RaftServerConfigKeys (ConfUtils.java:logGet(46)) - raft.server.leaderelection.leader.step-down.wait-time = 10s (default)
2022-10-14 20:48:23,022 [pool-241-thread-1] INFO  server.RaftServerConfigKeys (ConfUtils.java:logGet(46)) - raft.server.sleep.deviation.threshold = 300ms (default)
2022-10-14 20:48:23,022 [pool-241-thread-1] INFO  server.RaftServer$Division (ServerState.java:<init>(107)) - a9bc3d00-95be-4d99-8dcc-adc6824489fa@group-9DF102291914: ConfigurationManager, init=-1: [bbc6add2-54a7-4497-b631-73b4353e40e2|rpc:10.1.0.226:45201|dataStream:|priority:0, a9bc3d00-95be-4d99-8dcc-adc6824489fa|rpc:10.1.0.226:41433|dataStream:|priority:0, 16777052-74aa-4e90-8314-2bee1f1d951b|rpc:10.1.0.226:46003|dataStream:|priority:1], old=null, confs=<EMPTY_MAP>
2022-10-14 20:48:23,022 [pool-241-thread-1] INFO  server.RaftServerConfigKeys (ConfUtils.java:logGet(46)) - raft.server.storage.dir = [/home/runner/work/ozone/ozone/hadoop-ozone/integration-test/target/test-dir/MiniOzoneClusterImpl-1e9d71ba-d753-4201-9665-5e97e6b64b9c/datanode-7/data/ratis] (custom)
2022-10-14 20:48:23,022 [pool-241-thread-1] INFO  server.RaftServerConfigKeys (ConfUtils.java:logGet(46)) - raft.server.log.corruption.policy = EXCEPTION (default)
2022-10-14 20:48:23,022 [pool-241-thread-1] INFO  server.RaftServerConfigKeys (ConfUtils.java:logGet(46)) - raft.server.storage.free-space.min = 0MB (=0) (default)
2022-10-14 20:48:23,022 [pool-241-thread-1] INFO  storage.RaftStorageDirectory (RaftStorageDirectoryImpl.java:analyzeStorage(135)) - The storage directory /home/runner/work/ozone/ozone/hadoop-ozone/integration-test/target/test-dir/MiniOzoneClusterImpl-1e9d71ba-d753-4201-9665-5e97e6b64b9c/datanode-7/data/ratis/706880b3-f140-4604-a16e-9df102291914 does not exist. Creating ...
2022-10-14 20:48:23,023 [pool-241-thread-1] INFO  storage.RaftStorageDirectory (RaftStorageDirectoryImpl.java:tryLock(230)) - Lock on /home/runner/work/ozone/ozone/hadoop-ozone/integration-test/target/test-dir/MiniOzoneClusterImpl-1e9d71ba-d753-4201-9665-5e97e6b64b9c/datanode-7/data/ratis/706880b3-f140-4604-a16e-9df102291914/in_use.lock acquired by nodename 88544@fv-az459-990
2022-10-14 20:48:23,025 [pool-241-thread-1] INFO  storage.RaftStorage (RaftStorageImpl.java:format(89)) - Storage directory /home/runner/work/ozone/ozone/hadoop-ozone/integration-test/target/test-dir/MiniOzoneClusterImpl-1e9d71ba-d753-4201-9665-5e97e6b64b9c/datanode-7/data/ratis/706880b3-f140-4604-a16e-9df102291914 has been successfully formatted.
2022-10-14 20:48:23,027 [pool-241-thread-1] INFO  ratis.ContainerStateMachine (ContainerStateMachine.java:loadSnapshot(236)) - group-9DF102291914: The snapshot info is null. Setting the last applied indexto:(t:0, i:~)
2022-10-14 20:48:23,027 [pool-241-thread-1] INFO  server.RaftServerConfigKeys (ConfUtils.java:logGet(46)) - raft.server.notification.no-leader.timeout = 300s (custom)
2022-10-14 20:48:23,027 [pool-241-thread-1] INFO  server.RaftServerConfigKeys (ConfUtils.java:logGet(46)) - raft.server.log.use.memory = false (default)
2022-10-14 20:48:23,027 [pool-241-thread-1] INFO  server.RaftServerConfigKeys (ConfUtils.java:logGet(46)) - raft.server.log.purge.gap = 1000000 (custom)
2022-10-14 20:48:23,027 [pool-241-thread-1] INFO  server.RaftServerConfigKeys (ConfUtils.java:logGet(46)) - raft.server.log.appender.buffer.byte-limit = 33554432 (custom)
2022-10-14 20:48:23,029 [pool-241-thread-1] INFO  server.RaftServerConfigKeys (ConfUtils.java:logGet(46)) - raft.server.log.statemachine.data.read.timeout = 1000ms (default)
2022-10-14 20:48:23,030 [pool-241-thread-1] INFO  server.RaftServerConfigKeys (ConfUtils.java:logGet(46)) - raft.server.log.segment.size.max = 1048576 (custom)
2022-10-14 20:48:23,030 [pool-241-thread-1] INFO  server.RaftServerConfigKeys (ConfUtils.java:logGet(46)) - raft.server.log.segment.cache.num.max = 2 (custom)
2022-10-14 20:48:23,030 [pool-241-thread-1] INFO  server.RaftServerConfigKeys (ConfUtils.java:logGet(46)) - raft.server.log.segment.cache.size.max = 200MB (=209715200) (default)
2022-10-14 20:48:23,030 [pool-241-thread-1] INFO  segmented.SegmentedRaftLogWorker (SegmentedRaftLogWorker.java:<init>(187)) - new a9bc3d00-95be-4d99-8dcc-adc6824489fa@group-9DF102291914-SegmentedRaftLogWorker for RaftStorageImpl:Storage Directory /home/runner/work/ozone/ozone/hadoop-ozone/integration-test/target/test-dir/MiniOzoneClusterImpl-1e9d71ba-d753-4201-9665-5e97e6b64b9c/datanode-7/data/ratis/706880b3-f140-4604-a16e-9df102291914
2022-10-14 20:48:23,030 [pool-241-thread-1] INFO  server.RaftServerConfigKeys (ConfUtils.java:logGet(46)) - raft.server.log.queue.byte-limit = 4294967296 (custom)
2022-10-14 20:48:23,030 [pool-241-thread-1] INFO  server.RaftServerConfigKeys (ConfUtils.java:logGet(46)) - raft.server.log.queue.element-limit = 1024 (custom)
2022-10-14 20:48:23,030 [pool-241-thread-1] INFO  server.RaftServerConfigKeys (ConfUtils.java:logGet(46)) - raft.server.log.segment.size.max = 1048576 (custom)
2022-10-14 20:48:23,031 [pool-241-thread-1] INFO  server.RaftServerConfigKeys (ConfUtils.java:logGet(46)) - raft.server.log.preallocated.size = 16384 (custom)
2022-10-14 20:48:23,031 [pool-241-thread-1] INFO  server.RaftServerConfigKeys (ConfUtils.java:logGet(46)) - raft.server.log.force.sync.num = 128 (default)
2022-10-14 20:48:23,031 [pool-241-thread-1] INFO  server.RaftServerConfigKeys (ConfUtils.java:logGet(46)) - raft.server.log.statemachine.data.sync = true (default)
2022-10-14 20:48:23,031 [pool-241-thread-1] INFO  server.RaftServerConfigKeys (ConfUtils.java:logGet(46)) - raft.server.log.statemachine.data.sync.timeout = 10s (default)
2022-10-14 20:48:23,031 [pool-241-thread-1] INFO  server.RaftServerConfigKeys (ConfUtils.java:logGet(46)) - raft.server.log.statemachine.data.sync.timeout.retry = -1 (default)
2022-10-14 20:48:23,033 [pool-241-thread-1] INFO  server.RaftServerConfigKeys (ConfUtils.java:logGet(46)) - raft.server.log.write.buffer.size = 1048576 (custom)
2022-10-14 20:48:23,034 [pool-241-thread-1] INFO  server.RaftServerConfigKeys (ConfUtils.java:logGet(46)) - raft.server.log.unsafe-flush.enabled = false (default)
2022-10-14 20:48:23,034 [pool-241-thread-1] INFO  server.RaftServerConfigKeys (ConfUtils.java:logGet(46)) - raft.server.log.statemachine.data.caching.enabled = true (custom)
2022-10-14 20:48:23,034 [pool-241-thread-1] INFO  segmented.SegmentedRaftLogWorker (SegmentedRaftLogWorker.java:lambda$new$0(135)) - a9bc3d00-95be-4d99-8dcc-adc6824489fa@group-9DF102291914-SegmentedRaftLogWorker: flushIndex: setUnconditionally 0 -> -1
2022-10-14 20:48:23,034 [pool-241-thread-1] INFO  segmented.SegmentedRaftLogWorker (SegmentedRaftLogWorker.java:lambda$new$0(135)) - a9bc3d00-95be-4d99-8dcc-adc6824489fa@group-9DF102291914-SegmentedRaftLogWorker: safeCacheEvictIndex: setUnconditionally 0 -> -1
2022-10-14 20:48:23,035 [pool-241-thread-1] INFO  server.RaftServerConfigKeys (ConfUtils.java:logGet(46)) - raft.server.snapshot.auto.trigger.enabled = true (custom)
2022-10-14 20:48:23,035 [pool-241-thread-1] INFO  server.RaftServerConfigKeys (ConfUtils.java:logGet(46)) - raft.server.snapshot.auto.trigger.threshold = 10000 (custom)
2022-10-14 20:48:23,035 [pool-241-thread-1] INFO  server.RaftServerConfigKeys (ConfUtils.java:logGet(46)) - raft.server.snapshot.retention.file.num = 5 (custom)
2022-10-14 20:48:23,035 [pool-241-thread-1] INFO  server.RaftServerConfigKeys (ConfUtils.java:logGet(46)) - raft.server.log.purge.upto.snapshot.index = false (default)
2022-10-14 20:48:23,035 [pool-241-thread-1] INFO  server.RaftServerConfigKeys (ConfUtils.java:logGet(46)) - raft.server.retrycache.expirytime = 600000ms (custom)
2022-10-14 20:48:23,035 [pool-241-thread-1] INFO  server.RaftServerConfigKeys (ConfUtils.java:logGet(46)) - raft.server.retrycache.statistics.expirytime = 100μs (default)
2022-10-14 20:48:23,036 [pool-241-thread-1] INFO  server.RaftServerConfigKeys (ConfUtils.java:logGet(46)) - raft.server.log.appender.install.snapshot.enabled = false (custom)
2022-10-14 20:48:23,036 [pool-241-thread-1] INFO  server.RaftServerConfigKeys (ConfUtils.java:logGet(46)) - raft.server.threadpool.server.cached = true (default)
2022-10-14 20:48:23,036 [pool-241-thread-1] INFO  server.RaftServerConfigKeys (ConfUtils.java:logGet(46)) - raft.server.threadpool.server.size = 0 (default)
2022-10-14 20:48:23,036 [pool-241-thread-1] INFO  server.RaftServerConfigKeys (ConfUtils.java:logGet(46)) - raft.server.threadpool.client.cached = true (default)
2022-10-14 20:48:23,036 [pool-241-thread-1] INFO  server.RaftServerConfigKeys (ConfUtils.java:logGet(46)) - raft.server.threadpool.client.size = 0 (default)
2022-10-14 20:48:23,036 [pool-241-thread-1] INFO  server.RaftServer$Division (RaftServerImpl.java:start(310)) - a9bc3d00-95be-4d99-8dcc-adc6824489fa@group-9DF102291914: start as a follower, conf=-1: [bbc6add2-54a7-4497-b631-73b4353e40e2|rpc:10.1.0.226:45201|dataStream:|priority:0, a9bc3d00-95be-4d99-8dcc-adc6824489fa|rpc:10.1.0.226:41433|dataStream:|priority:0, 16777052-74aa-4e90-8314-2bee1f1d951b|rpc:10.1.0.226:46003|dataStream:|priority:1], old=null
2022-10-14 20:48:23,036 [pool-241-thread-1] INFO  server.RaftServer$Division (RaftServerImpl.java:setRole(299)) - a9bc3d00-95be-4d99-8dcc-adc6824489fa@group-9DF102291914: changes role from      null to FOLLOWER at term 0 for startAsFollower
2022-10-14 20:48:23,036 [pool-241-thread-1] INFO  impl.RoleInfo (RoleInfo.java:updateAndGet(139)) - a9bc3d00-95be-4d99-8dcc-adc6824489fa: start a9bc3d00-95be-4d99-8dcc-adc6824489fa@group-9DF102291914-FollowerState
2022-10-14 20:48:23,040 [pool-241-thread-1] INFO  util.JmxRegister (JmxRegister.java:tryRegister(44)) - Successfully registered JMX Bean with object name Ratis:service=RaftServer,group=group-9DF102291914,id=a9bc3d00-95be-4d99-8dcc-adc6824489fa
2022-10-14 20:48:23,068 [grpc-default-executor-0] INFO  server.RaftServer (RaftServerProxy.java:addNew(96)) - bbc6add2-54a7-4497-b631-73b4353e40e2: addNew group-9DF102291914:[bbc6add2-54a7-4497-b631-73b4353e40e2|rpc:10.1.0.226:45201|dataStream:|priority:0, a9bc3d00-95be-4d99-8dcc-adc6824489fa|rpc:10.1.0.226:41433|dataStream:|priority:0, 16777052-74aa-4e90-8314-2bee1f1d951b|rpc:10.1.0.226:46003|dataStream:|priority:1] returns group-9DF102291914:java.util.concurrent.CompletableFuture@16c983a5[Not completed]
2022-10-14 20:48:23,070 [pool-268-thread-1] INFO  server.RaftServer$Division (RaftServerImpl.java:<init>(190)) - bbc6add2-54a7-4497-b631-73b4353e40e2: new RaftServerImpl for group-9DF102291914:[bbc6add2-54a7-4497-b631-73b4353e40e2|rpc:10.1.0.226:45201|dataStream:|priority:0, a9bc3d00-95be-4d99-8dcc-adc6824489fa|rpc:10.1.0.226:41433|dataStream:|priority:0, 16777052-74aa-4e90-8314-2bee1f1d951b|rpc:10.1.0.226:46003|dataStream:|priority:1] with ContainerStateMachine:uninitialized
2022-10-14 20:48:23,070 [pool-268-thread-1] INFO  server.RaftServerConfigKeys (ConfUtils.java:logGet(46)) - raft.server.rpc.timeout.min = 5s (custom)
2022-10-14 20:48:23,070 [pool-268-thread-1] INFO  server.RaftServerConfigKeys (ConfUtils.java:logGet(46)) - raft.server.rpc.timeout.max = 5200ms (custom)
2022-10-14 20:48:23,070 [pool-268-thread-1] INFO  server.RaftServerConfigKeys (ConfUtils.java:logGet(46)) - raft.server.rpc.sleep.time = 25ms (default)
2022-10-14 20:48:23,070 [pool-268-thread-1] INFO  server.RaftServerConfigKeys (ConfUtils.java:logGet(46)) - raft.server.rpc.slowness.timeout = 300s (custom)
2022-10-14 20:48:23,070 [pool-268-thread-1] INFO  server.RaftServerConfigKeys (ConfUtils.java:logGet(46)) - raft.server.leaderelection.leader.step-down.wait-time = 10s (default)
2022-10-14 20:48:23,070 [pool-268-thread-1] INFO  server.RaftServerConfigKeys (ConfUtils.java:logGet(46)) - raft.server.sleep.deviation.threshold = 300ms (default)
2022-10-14 20:48:23,070 [pool-268-thread-1] INFO  server.RaftServer$Division (ServerState.java:<init>(107)) - bbc6add2-54a7-4497-b631-73b4353e40e2@group-9DF102291914: ConfigurationManager, init=-1: [bbc6add2-54a7-4497-b631-73b4353e40e2|rpc:10.1.0.226:45201|dataStream:|priority:0, a9bc3d00-95be-4d99-8dcc-adc6824489fa|rpc:10.1.0.226:41433|dataStream:|priority:0, 16777052-74aa-4e90-8314-2bee1f1d951b|rpc:10.1.0.226:46003|dataStream:|priority:1], old=null, confs=<EMPTY_MAP>
2022-10-14 20:48:23,070 [pool-268-thread-1] INFO  server.RaftServerConfigKeys (ConfUtils.java:logGet(46)) - raft.server.storage.dir = [/home/runner/work/ozone/ozone/hadoop-ozone/integration-test/target/test-dir/MiniOzoneClusterImpl-1e9d71ba-d753-4201-9665-5e97e6b64b9c/datanode-8/data/ratis] (custom)
2022-10-14 20:48:23,071 [pool-268-thread-1] INFO  server.RaftServerConfigKeys (ConfUtils.java:logGet(46)) - raft.server.log.corruption.policy = EXCEPTION (default)
2022-10-14 20:48:23,071 [pool-268-thread-1] INFO  server.RaftServerConfigKeys (ConfUtils.java:logGet(46)) - raft.server.storage.free-space.min = 0MB (=0) (default)
2022-10-14 20:48:23,071 [pool-268-thread-1] INFO  storage.RaftStorageDirectory (RaftStorageDirectoryImpl.java:analyzeStorage(135)) - The storage directory /home/runner/work/ozone/ozone/hadoop-ozone/integration-test/target/test-dir/MiniOzoneClusterImpl-1e9d71ba-d753-4201-9665-5e97e6b64b9c/datanode-8/data/ratis/706880b3-f140-4604-a16e-9df102291914 does not exist. Creating ...
2022-10-14 20:48:23,072 [pool-268-thread-1] INFO  storage.RaftStorageDirectory (RaftStorageDirectoryImpl.java:tryLock(230)) - Lock on /home/runner/work/ozone/ozone/hadoop-ozone/integration-test/target/test-dir/MiniOzoneClusterImpl-1e9d71ba-d753-4201-9665-5e97e6b64b9c/datanode-8/data/ratis/706880b3-f140-4604-a16e-9df102291914/in_use.lock acquired by nodename 88544@fv-az459-990
2022-10-14 20:48:23,075 [pool-268-thread-1] INFO  storage.RaftStorage (RaftStorageImpl.java:format(89)) - Storage directory /home/runner/work/ozone/ozone/hadoop-ozone/integration-test/target/test-dir/MiniOzoneClusterImpl-1e9d71ba-d753-4201-9665-5e97e6b64b9c/datanode-8/data/ratis/706880b3-f140-4604-a16e-9df102291914 has been successfully formatted.
2022-10-14 20:48:23,076 [pool-268-thread-1] INFO  ratis.ContainerStateMachine (ContainerStateMachine.java:loadSnapshot(236)) - group-9DF102291914: The snapshot info is null. Setting the last applied indexto:(t:0, i:~)
2022-10-14 20:48:23,077 [pool-268-thread-1] INFO  server.RaftServerConfigKeys (ConfUtils.java:logGet(46)) - raft.server.notification.no-leader.timeout = 300s (custom)
2022-10-14 20:48:23,077 [pool-268-thread-1] INFO  server.RaftServerConfigKeys (ConfUtils.java:logGet(46)) - raft.server.log.use.memory = false (default)
2022-10-14 20:48:23,077 [pool-268-thread-1] INFO  server.RaftServerConfigKeys (ConfUtils.java:logGet(46)) - raft.server.log.purge.gap = 1000000 (custom)
2022-10-14 20:48:23,077 [pool-268-thread-1] INFO  server.RaftServerConfigKeys (ConfUtils.java:logGet(46)) - raft.server.log.appender.buffer.byte-limit = 33554432 (custom)
2022-10-14 20:48:23,077 [pool-268-thread-1] INFO  server.RaftServerConfigKeys (ConfUtils.java:logGet(46)) - raft.server.log.statemachine.data.read.timeout = 1000ms (default)
2022-10-14 20:48:23,077 [pool-268-thread-1] INFO  server.RaftServerConfigKeys (ConfUtils.java:logGet(46)) - raft.server.log.segment.size.max = 1048576 (custom)
2022-10-14 20:48:23,080 [pool-268-thread-1] INFO  server.RaftServerConfigKeys (ConfUtils.java:logGet(46)) - raft.server.log.segment.cache.num.max = 2 (custom)
2022-10-14 20:48:23,080 [pool-268-thread-1] INFO  server.RaftServerConfigKeys (ConfUtils.java:logGet(46)) - raft.server.log.segment.cache.size.max = 200MB (=209715200) (default)
2022-10-14 20:48:23,080 [pool-268-thread-1] INFO  segmented.SegmentedRaftLogWorker (SegmentedRaftLogWorker.java:<init>(187)) - new bbc6add2-54a7-4497-b631-73b4353e40e2@group-9DF102291914-SegmentedRaftLogWorker for RaftStorageImpl:Storage Directory /home/runner/work/ozone/ozone/hadoop-ozone/integration-test/target/test-dir/MiniOzoneClusterImpl-1e9d71ba-d753-4201-9665-5e97e6b64b9c/datanode-8/data/ratis/706880b3-f140-4604-a16e-9df102291914
2022-10-14 20:48:23,080 [pool-268-thread-1] INFO  server.RaftServerConfigKeys (ConfUtils.java:logGet(46)) - raft.server.log.queue.byte-limit = 4294967296 (custom)
2022-10-14 20:48:23,080 [pool-268-thread-1] INFO  server.RaftServerConfigKeys (ConfUtils.java:logGet(46)) - raft.server.log.queue.element-limit = 1024 (custom)
2022-10-14 20:48:23,080 [pool-268-thread-1] INFO  server.RaftServerConfigKeys (ConfUtils.java:logGet(46)) - raft.server.log.segment.size.max = 1048576 (custom)
2022-10-14 20:48:23,080 [pool-268-thread-1] INFO  server.RaftServerConfigKeys (ConfUtils.java:logGet(46)) - raft.server.log.preallocated.size = 16384 (custom)
2022-10-14 20:48:23,080 [pool-268-thread-1] INFO  server.RaftServerConfigKeys (ConfUtils.java:logGet(46)) - raft.server.log.force.sync.num = 128 (default)
2022-10-14 20:48:23,080 [pool-268-thread-1] INFO  server.RaftServerConfigKeys (ConfUtils.java:logGet(46)) - raft.server.log.statemachine.data.sync = true (default)
2022-10-14 20:48:23,080 [pool-268-thread-1] INFO  server.RaftServerConfigKeys (ConfUtils.java:logGet(46)) - raft.server.log.statemachine.data.sync.timeout = 10s (default)
2022-10-14 20:48:23,080 [pool-268-thread-1] INFO  server.RaftServerConfigKeys (ConfUtils.java:logGet(46)) - raft.server.log.statemachine.data.sync.timeout.retry = -1 (default)
2022-10-14 20:48:23,081 [pool-268-thread-1] INFO  server.RaftServerConfigKeys (ConfUtils.java:logGet(46)) - raft.server.log.write.buffer.size = 1048576 (custom)
2022-10-14 20:48:23,081 [pool-268-thread-1] INFO  server.RaftServerConfigKeys (ConfUtils.java:logGet(46)) - raft.server.log.unsafe-flush.enabled = false (default)
2022-10-14 20:48:23,081 [pool-268-thread-1] INFO  server.RaftServerConfigKeys (ConfUtils.java:logGet(46)) - raft.server.log.statemachine.data.caching.enabled = true (custom)
2022-10-14 20:48:23,082 [pool-268-thread-1] INFO  segmented.SegmentedRaftLogWorker (SegmentedRaftLogWorker.java:lambda$new$0(135)) - bbc6add2-54a7-4497-b631-73b4353e40e2@group-9DF102291914-SegmentedRaftLogWorker: flushIndex: setUnconditionally 0 -> -1
2022-10-14 20:48:23,082 [pool-268-thread-1] INFO  segmented.SegmentedRaftLogWorker (SegmentedRaftLogWorker.java:lambda$new$0(135)) - bbc6add2-54a7-4497-b631-73b4353e40e2@group-9DF102291914-SegmentedRaftLogWorker: safeCacheEvictIndex: setUnconditionally 0 -> -1
2022-10-14 20:48:23,085 [pool-268-thread-1] INFO  server.RaftServerConfigKeys (ConfUtils.java:logGet(46)) - raft.server.snapshot.auto.trigger.enabled = true (custom)
2022-10-14 20:48:23,085 [pool-268-thread-1] INFO  server.RaftServerConfigKeys (ConfUtils.java:logGet(46)) - raft.server.snapshot.auto.trigger.threshold = 10000 (custom)
2022-10-14 20:48:23,085 [pool-268-thread-1] INFO  server.RaftServerConfigKeys (ConfUtils.java:logGet(46)) - raft.server.snapshot.retention.file.num = 5 (custom)
2022-10-14 20:48:23,085 [pool-268-thread-1] INFO  server.RaftServerConfigKeys (ConfUtils.java:logGet(46)) - raft.server.log.purge.upto.snapshot.index = false (default)
2022-10-14 20:48:23,085 [pool-268-thread-1] INFO  server.RaftServerConfigKeys (ConfUtils.java:logGet(46)) - raft.server.retrycache.expirytime = 600000ms (custom)
2022-10-14 20:48:23,085 [pool-268-thread-1] INFO  server.RaftServerConfigKeys (ConfUtils.java:logGet(46)) - raft.server.retrycache.statistics.expirytime = 100μs (default)
2022-10-14 20:48:23,086 [pool-268-thread-1] INFO  server.RaftServerConfigKeys (ConfUtils.java:logGet(46)) - raft.server.log.appender.install.snapshot.enabled = false (custom)
2022-10-14 20:48:23,086 [pool-268-thread-1] INFO  server.RaftServerConfigKeys (ConfUtils.java:logGet(46)) - raft.server.threadpool.server.cached = true (default)
2022-10-14 20:48:23,086 [pool-268-thread-1] INFO  server.RaftServerConfigKeys (ConfUtils.java:logGet(46)) - raft.server.threadpool.server.size = 0 (default)
2022-10-14 20:48:23,086 [pool-268-thread-1] INFO  server.RaftServerConfigKeys (ConfUtils.java:logGet(46)) - raft.server.threadpool.client.cached = true (default)
2022-10-14 20:48:23,087 [pool-268-thread-1] INFO  server.RaftServerConfigKeys (ConfUtils.java:logGet(46)) - raft.server.threadpool.client.size = 0 (default)
2022-10-14 20:48:23,087 [pool-268-thread-1] INFO  server.RaftServer$Division (RaftServerImpl.java:start(310)) - bbc6add2-54a7-4497-b631-73b4353e40e2@group-9DF102291914: start as a follower, conf=-1: [bbc6add2-54a7-4497-b631-73b4353e40e2|rpc:10.1.0.226:45201|dataStream:|priority:0, a9bc3d00-95be-4d99-8dcc-adc6824489fa|rpc:10.1.0.226:41433|dataStream:|priority:0, 16777052-74aa-4e90-8314-2bee1f1d951b|rpc:10.1.0.226:46003|dataStream:|priority:1], old=null
2022-10-14 20:48:23,087 [pool-268-thread-1] INFO  server.RaftServer$Division (RaftServerImpl.java:setRole(299)) - bbc6add2-54a7-4497-b631-73b4353e40e2@group-9DF102291914: changes role from      null to FOLLOWER at term 0 for startAsFollower
2022-10-14 20:48:23,087 [pool-268-thread-1] INFO  impl.RoleInfo (RoleInfo.java:updateAndGet(139)) - bbc6add2-54a7-4497-b631-73b4353e40e2: start bbc6add2-54a7-4497-b631-73b4353e40e2@group-9DF102291914-FollowerState
2022-10-14 20:48:23,087 [pool-268-thread-1] INFO  util.JmxRegister (JmxRegister.java:tryRegister(44)) - Successfully registered JMX Bean with object name Ratis:service=RaftServer,group=group-9DF102291914,id=bbc6add2-54a7-4497-b631-73b4353e40e2
2022-10-14 20:48:23,101 [Command processor thread] INFO  commandhandler.CreatePipelineCommandHandler (CreatePipelineCommandHandler.java:handle(113)) - Created Pipeline RATIS THREE PipelineID=706880b3-f140-4604-a16e-9df102291914.
2022-10-14 20:48:23,101 [Command processor thread] INFO  server.RaftServer (RaftServerProxy.java:addNew(96)) - 16777052-74aa-4e90-8314-2bee1f1d951b: addNew group-6ABA310D950C:[bbc6add2-54a7-4497-b631-73b4353e40e2|rpc:10.1.0.226:45201|priority:1, a9bc3d00-95be-4d99-8dcc-adc6824489fa|rpc:10.1.0.226:41433|priority:0, 16777052-74aa-4e90-8314-2bee1f1d951b|rpc:10.1.0.226:46003|priority:0] returns group-6ABA310D950C:java.util.concurrent.CompletableFuture@2e218741[Not completed]
2022-10-14 20:48:23,102 [pool-214-thread-1] INFO  server.RaftServer$Division (RaftServerImpl.java:<init>(190)) - 16777052-74aa-4e90-8314-2bee1f1d951b: new RaftServerImpl for group-6ABA310D950C:[bbc6add2-54a7-4497-b631-73b4353e40e2|rpc:10.1.0.226:45201|priority:1, a9bc3d00-95be-4d99-8dcc-adc6824489fa|rpc:10.1.0.226:41433|priority:0, 16777052-74aa-4e90-8314-2bee1f1d951b|rpc:10.1.0.226:46003|priority:0] with ContainerStateMachine:uninitialized
2022-10-14 20:48:23,102 [pool-214-thread-1] INFO  server.RaftServerConfigKeys (ConfUtils.java:logGet(46)) - raft.server.rpc.timeout.min = 5s (custom)
2022-10-14 20:48:23,102 [pool-214-thread-1] INFO  server.RaftServerConfigKeys (ConfUtils.java:logGet(46)) - raft.server.rpc.timeout.max = 5200ms (custom)
2022-10-14 20:48:23,102 [pool-214-thread-1] INFO  server.RaftServerConfigKeys (ConfUtils.java:logGet(46)) - raft.server.rpc.sleep.time = 25ms (default)
2022-10-14 20:48:23,102 [pool-214-thread-1] INFO  server.RaftServerConfigKeys (ConfUtils.java:logGet(46)) - raft.server.rpc.slowness.timeout = 300s (custom)
2022-10-14 20:48:23,103 [pool-214-thread-1] INFO  server.RaftServerConfigKeys (ConfUtils.java:logGet(46)) - raft.server.leaderelection.leader.step-down.wait-time = 10s (default)
2022-10-14 20:48:23,103 [pool-214-thread-1] INFO  server.RaftServerConfigKeys (ConfUtils.java:logGet(46)) - raft.server.sleep.deviation.threshold = 300ms (default)
2022-10-14 20:48:23,103 [pool-214-thread-1] INFO  server.RaftServer$Division (ServerState.java:<init>(107)) - 16777052-74aa-4e90-8314-2bee1f1d951b@group-6ABA310D950C: ConfigurationManager, init=-1: [bbc6add2-54a7-4497-b631-73b4353e40e2|rpc:10.1.0.226:45201|priority:1, a9bc3d00-95be-4d99-8dcc-adc6824489fa|rpc:10.1.0.226:41433|priority:0, 16777052-74aa-4e90-8314-2bee1f1d951b|rpc:10.1.0.226:46003|priority:0], old=null, confs=<EMPTY_MAP>
2022-10-14 20:48:23,103 [pool-214-thread-1] INFO  server.RaftServerConfigKeys (ConfUtils.java:logGet(46)) - raft.server.storage.dir = [/home/runner/work/ozone/ozone/hadoop-ozone/integration-test/target/test-dir/MiniOzoneClusterImpl-1e9d71ba-d753-4201-9665-5e97e6b64b9c/datanode-6/data/ratis] (custom)
2022-10-14 20:48:23,103 [pool-214-thread-1] INFO  server.RaftServerConfigKeys (ConfUtils.java:logGet(46)) - raft.server.log.corruption.policy = EXCEPTION (default)
2022-10-14 20:48:23,103 [pool-214-thread-1] INFO  server.RaftServerConfigKeys (ConfUtils.java:logGet(46)) - raft.server.storage.free-space.min = 0MB (=0) (default)
2022-10-14 20:48:23,103 [pool-214-thread-1] INFO  storage.RaftStorageDirectory (RaftStorageDirectoryImpl.java:analyzeStorage(135)) - The storage directory /home/runner/work/ozone/ozone/hadoop-ozone/integration-test/target/test-dir/MiniOzoneClusterImpl-1e9d71ba-d753-4201-9665-5e97e6b64b9c/datanode-6/data/ratis/30c0c8f2-eedf-4447-b194-6aba310d950c does not exist. Creating ...
2022-10-14 20:48:23,105 [pool-214-thread-1] INFO  storage.RaftStorageDirectory (RaftStorageDirectoryImpl.java:tryLock(230)) - Lock on /home/runner/work/ozone/ozone/hadoop-ozone/integration-test/target/test-dir/MiniOzoneClusterImpl-1e9d71ba-d753-4201-9665-5e97e6b64b9c/datanode-6/data/ratis/30c0c8f2-eedf-4447-b194-6aba310d950c/in_use.lock acquired by nodename 88544@fv-az459-990
2022-10-14 20:48:23,106 [pool-214-thread-1] INFO  storage.RaftStorage (RaftStorageImpl.java:format(89)) - Storage directory /home/runner/work/ozone/ozone/hadoop-ozone/integration-test/target/test-dir/MiniOzoneClusterImpl-1e9d71ba-d753-4201-9665-5e97e6b64b9c/datanode-6/data/ratis/30c0c8f2-eedf-4447-b194-6aba310d950c has been successfully formatted.
2022-10-14 20:48:23,107 [pool-214-thread-1] INFO  ratis.ContainerStateMachine (ContainerStateMachine.java:loadSnapshot(236)) - group-6ABA310D950C: The snapshot info is null. Setting the last applied indexto:(t:0, i:~)
2022-10-14 20:48:23,108 [EventQueue-OpenPipelineForHealthyPipelineSafeModeRule] INFO  safemode.SCMSafeModeManager (HealthyPipelineSafeModeRule.java:process(137)) - SCM in safe mode. Healthy pipelines reported count is 0, required healthy pipeline reported count is 1
2022-10-14 20:48:23,109 [pool-214-thread-1] INFO  server.RaftServerConfigKeys (ConfUtils.java:logGet(46)) - raft.server.notification.no-leader.timeout = 300s (custom)
2022-10-14 20:48:23,109 [pool-214-thread-1] INFO  server.RaftServerConfigKeys (ConfUtils.java:logGet(46)) - raft.server.log.use.memory = false (default)
2022-10-14 20:48:23,109 [pool-214-thread-1] INFO  server.RaftServerConfigKeys (ConfUtils.java:logGet(46)) - raft.server.log.purge.gap = 1000000 (custom)
2022-10-14 20:48:23,109 [pool-214-thread-1] INFO  server.RaftServerConfigKeys (ConfUtils.java:logGet(46)) - raft.server.log.appender.buffer.byte-limit = 33554432 (custom)
2022-10-14 20:48:23,109 [pool-214-thread-1] INFO  server.RaftServerConfigKeys (ConfUtils.java:logGet(46)) - raft.server.log.statemachine.data.read.timeout = 1000ms (default)
2022-10-14 20:48:23,109 [pool-214-thread-1] INFO  server.RaftServerConfigKeys (ConfUtils.java:logGet(46)) - raft.server.log.segment.size.max = 1048576 (custom)
2022-10-14 20:48:23,110 [pool-214-thread-1] INFO  server.RaftServerConfigKeys (ConfUtils.java:logGet(46)) - raft.server.log.segment.cache.num.max = 2 (custom)
2022-10-14 20:48:23,110 [pool-214-thread-1] INFO  server.RaftServerConfigKeys (ConfUtils.java:logGet(46)) - raft.server.log.segment.cache.size.max = 200MB (=209715200) (default)
2022-10-14 20:48:23,110 [pool-214-thread-1] INFO  segmented.SegmentedRaftLogWorker (SegmentedRaftLogWorker.java:<init>(187)) - new 16777052-74aa-4e90-8314-2bee1f1d951b@group-6ABA310D950C-SegmentedRaftLogWorker for RaftStorageImpl:Storage Directory /home/runner/work/ozone/ozone/hadoop-ozone/integration-test/target/test-dir/MiniOzoneClusterImpl-1e9d71ba-d753-4201-9665-5e97e6b64b9c/datanode-6/data/ratis/30c0c8f2-eedf-4447-b194-6aba310d950c
2022-10-14 20:48:23,110 [pool-214-thread-1] INFO  server.RaftServerConfigKeys (ConfUtils.java:logGet(46)) - raft.server.log.queue.byte-limit = 4294967296 (custom)
2022-10-14 20:48:23,110 [pool-214-thread-1] INFO  server.RaftServerConfigKeys (ConfUtils.java:logGet(46)) - raft.server.log.queue.element-limit = 1024 (custom)
2022-10-14 20:48:23,110 [pool-214-thread-1] INFO  server.RaftServerConfigKeys (ConfUtils.java:logGet(46)) - raft.server.log.segment.size.max = 1048576 (custom)
2022-10-14 20:48:23,110 [pool-214-thread-1] INFO  server.RaftServerConfigKeys (ConfUtils.java:logGet(46)) - raft.server.log.preallocated.size = 16384 (custom)
2022-10-14 20:48:23,110 [pool-214-thread-1] INFO  server.RaftServerConfigKeys (ConfUtils.java:logGet(46)) - raft.server.log.force.sync.num = 128 (default)
2022-10-14 20:48:23,110 [pool-214-thread-1] INFO  server.RaftServerConfigKeys (ConfUtils.java:logGet(46)) - raft.server.log.statemachine.data.sync = true (default)
2022-10-14 20:48:23,110 [pool-214-thread-1] INFO  server.RaftServerConfigKeys (ConfUtils.java:logGet(46)) - raft.server.log.statemachine.data.sync.timeout = 10s (default)
2022-10-14 20:48:23,110 [pool-214-thread-1] INFO  server.RaftServerConfigKeys (ConfUtils.java:logGet(46)) - raft.server.log.statemachine.data.sync.timeout.retry = -1 (default)
2022-10-14 20:48:23,111 [pool-214-thread-1] INFO  server.RaftServerConfigKeys (ConfUtils.java:logGet(46)) - raft.server.log.write.buffer.size = 1048576 (custom)
2022-10-14 20:48:23,111 [pool-214-thread-1] INFO  server.RaftServerConfigKeys (ConfUtils.java:logGet(46)) - raft.server.log.unsafe-flush.enabled = false (default)
2022-10-14 20:48:23,111 [pool-214-thread-1] INFO  server.RaftServerConfigKeys (ConfUtils.java:logGet(46)) - raft.server.log.statemachine.data.caching.enabled = true (custom)
2022-10-14 20:48:23,112 [pool-214-thread-1] INFO  segmented.SegmentedRaftLogWorker (SegmentedRaftLogWorker.java:lambda$new$0(135)) - 16777052-74aa-4e90-8314-2bee1f1d951b@group-6ABA310D950C-SegmentedRaftLogWorker: flushIndex: setUnconditionally 0 -> -1
2022-10-14 20:48:23,112 [pool-214-thread-1] INFO  segmented.SegmentedRaftLogWorker (SegmentedRaftLogWorker.java:lambda$new$0(135)) - 16777052-74aa-4e90-8314-2bee1f1d951b@group-6ABA310D950C-SegmentedRaftLogWorker: safeCacheEvictIndex: setUnconditionally 0 -> -1
2022-10-14 20:48:23,112 [pool-214-thread-1] INFO  server.RaftServerConfigKeys (ConfUtils.java:logGet(46)) - raft.server.snapshot.auto.trigger.enabled = true (custom)
2022-10-14 20:48:23,113 [pool-214-thread-1] INFO  server.RaftServerConfigKeys (ConfUtils.java:logGet(46)) - raft.server.snapshot.auto.trigger.threshold = 10000 (custom)
2022-10-14 20:48:23,113 [pool-214-thread-1] INFO  server.RaftServerConfigKeys (ConfUtils.java:logGet(46)) - raft.server.snapshot.retention.file.num = 5 (custom)
2022-10-14 20:48:23,113 [pool-214-thread-1] INFO  server.RaftServerConfigKeys (ConfUtils.java:logGet(46)) - raft.server.log.purge.upto.snapshot.index = false (default)
2022-10-14 20:48:23,113 [pool-214-thread-1] INFO  server.RaftServerConfigKeys (ConfUtils.java:logGet(46)) - raft.server.retrycache.expirytime = 600000ms (custom)
2022-10-14 20:48:23,113 [pool-214-thread-1] INFO  server.RaftServerConfigKeys (ConfUtils.java:logGet(46)) - raft.server.retrycache.statistics.expirytime = 100μs (default)
2022-10-14 20:48:23,114 [pool-214-thread-1] INFO  server.RaftServerConfigKeys (ConfUtils.java:logGet(46)) - raft.server.log.appender.install.snapshot.enabled = false (custom)
2022-10-14 20:48:23,114 [pool-214-thread-1] INFO  server.RaftServerConfigKeys (ConfUtils.java:logGet(46)) - raft.server.threadpool.server.cached = true (default)
2022-10-14 20:48:23,114 [pool-214-thread-1] INFO  server.RaftServerConfigKeys (ConfUtils.java:logGet(46)) - raft.server.threadpool.server.size = 0 (default)
2022-10-14 20:48:23,114 [pool-214-thread-1] INFO  server.RaftServerConfigKeys (ConfUtils.java:logGet(46)) - raft.server.threadpool.client.cached = true (default)
2022-10-14 20:48:23,114 [pool-214-thread-1] INFO  server.RaftServerConfigKeys (ConfUtils.java:logGet(46)) - raft.server.threadpool.client.size = 0 (default)
2022-10-14 20:48:23,114 [pool-214-thread-1] INFO  server.RaftServer$Division (RaftServerImpl.java:start(310)) - 16777052-74aa-4e90-8314-2bee1f1d951b@group-6ABA310D950C: start as a follower, conf=-1: [bbc6add2-54a7-4497-b631-73b4353e40e2|rpc:10.1.0.226:45201|priority:1, a9bc3d00-95be-4d99-8dcc-adc6824489fa|rpc:10.1.0.226:41433|priority:0, 16777052-74aa-4e90-8314-2bee1f1d951b|rpc:10.1.0.226:46003|priority:0], old=null
2022-10-14 20:48:23,115 [pool-214-thread-1] INFO  server.RaftServer$Division (RaftServerImpl.java:setRole(299)) - 16777052-74aa-4e90-8314-2bee1f1d951b@group-6ABA310D950C: changes role from      null to FOLLOWER at term 0 for startAsFollower
2022-10-14 20:48:23,115 [pool-214-thread-1] INFO  impl.RoleInfo (RoleInfo.java:updateAndGet(139)) - 16777052-74aa-4e90-8314-2bee1f1d951b: start 16777052-74aa-4e90-8314-2bee1f1d951b@group-6ABA310D950C-FollowerState
2022-10-14 20:48:23,115 [pool-214-thread-1] INFO  util.JmxRegister (JmxRegister.java:tryRegister(44)) - Successfully registered JMX Bean with object name Ratis:service=RaftServer,group=group-6ABA310D950C,id=16777052-74aa-4e90-8314-2bee1f1d951b
2022-10-14 20:48:23,116 [Command processor thread] INFO  ratis.XceiverServerRatis (XceiverServerRatis.java:addGroup(765)) - Created group PipelineID=30c0c8f2-eedf-4447-b194-6aba310d950c
2022-10-14 20:48:23,129 [grpc-default-executor-0] INFO  server.RaftServer (RaftServerProxy.java:addNew(96)) - a9bc3d00-95be-4d99-8dcc-adc6824489fa: addNew group-6ABA310D950C:[bbc6add2-54a7-4497-b631-73b4353e40e2|rpc:10.1.0.226:45201|dataStream:|priority:1, a9bc3d00-95be-4d99-8dcc-adc6824489fa|rpc:10.1.0.226:41433|dataStream:|priority:0, 16777052-74aa-4e90-8314-2bee1f1d951b|rpc:10.1.0.226:46003|dataStream:|priority:0] returns group-6ABA310D950C:java.util.concurrent.CompletableFuture@69f5c6a5[Not completed]
2022-10-14 20:48:23,130 [pool-241-thread-1] INFO  server.RaftServer$Division (RaftServerImpl.java:<init>(190)) - a9bc3d00-95be-4d99-8dcc-adc6824489fa: new RaftServerImpl for group-6ABA310D950C:[bbc6add2-54a7-4497-b631-73b4353e40e2|rpc:10.1.0.226:45201|dataStream:|priority:1, a9bc3d00-95be-4d99-8dcc-adc6824489fa|rpc:10.1.0.226:41433|dataStream:|priority:0, 16777052-74aa-4e90-8314-2bee1f1d951b|rpc:10.1.0.226:46003|dataStream:|priority:0] with ContainerStateMachine:uninitialized
2022-10-14 20:48:23,130 [pool-241-thread-1] INFO  server.RaftServerConfigKeys (ConfUtils.java:logGet(46)) - raft.server.rpc.timeout.min = 5s (custom)
2022-10-14 20:48:23,131 [pool-241-thread-1] INFO  server.RaftServerConfigKeys (ConfUtils.java:logGet(46)) - raft.server.rpc.timeout.max = 5200ms (custom)
2022-10-14 20:48:23,131 [pool-241-thread-1] INFO  server.RaftServerConfigKeys (ConfUtils.java:logGet(46)) - raft.server.rpc.sleep.time = 25ms (default)
2022-10-14 20:48:23,131 [pool-241-thread-1] INFO  server.RaftServerConfigKeys (ConfUtils.java:logGet(46)) - raft.server.rpc.slowness.timeout = 300s (custom)
2022-10-14 20:48:23,131 [pool-241-thread-1] INFO  server.RaftServerConfigKeys (ConfUtils.java:logGet(46)) - raft.server.leaderelection.leader.step-down.wait-time = 10s (default)
2022-10-14 20:48:23,131 [pool-241-thread-1] INFO  server.RaftServerConfigKeys (ConfUtils.java:logGet(46)) - raft.server.sleep.deviation.threshold = 300ms (default)
2022-10-14 20:48:23,131 [pool-241-thread-1] INFO  server.RaftServer$Division (ServerState.java:<init>(107)) - a9bc3d00-95be-4d99-8dcc-adc6824489fa@group-6ABA310D950C: ConfigurationManager, init=-1: [bbc6add2-54a7-4497-b631-73b4353e40e2|rpc:10.1.0.226:45201|dataStream:|priority:1, a9bc3d00-95be-4d99-8dcc-adc6824489fa|rpc:10.1.0.226:41433|dataStream:|priority:0, 16777052-74aa-4e90-8314-2bee1f1d951b|rpc:10.1.0.226:46003|dataStream:|priority:0], old=null, confs=<EMPTY_MAP>
2022-10-14 20:48:23,131 [pool-241-thread-1] INFO  server.RaftServerConfigKeys (ConfUtils.java:logGet(46)) - raft.server.storage.dir = [/home/runner/work/ozone/ozone/hadoop-ozone/integration-test/target/test-dir/MiniOzoneClusterImpl-1e9d71ba-d753-4201-9665-5e97e6b64b9c/datanode-7/data/ratis] (custom)
2022-10-14 20:48:23,131 [pool-241-thread-1] INFO  server.RaftServerConfigKeys (ConfUtils.java:logGet(46)) - raft.server.log.corruption.policy = EXCEPTION (default)
2022-10-14 20:48:23,131 [pool-241-thread-1] INFO  server.RaftServerConfigKeys (ConfUtils.java:logGet(46)) - raft.server.storage.free-space.min = 0MB (=0) (default)
2022-10-14 20:48:23,131 [pool-241-thread-1] INFO  storage.RaftStorageDirectory (RaftStorageDirectoryImpl.java:analyzeStorage(135)) - The storage directory /home/runner/work/ozone/ozone/hadoop-ozone/integration-test/target/test-dir/MiniOzoneClusterImpl-1e9d71ba-d753-4201-9665-5e97e6b64b9c/datanode-7/data/ratis/30c0c8f2-eedf-4447-b194-6aba310d950c does not exist. Creating ...
2022-10-14 20:48:23,133 [pool-241-thread-1] INFO  storage.RaftStorageDirectory (RaftStorageDirectoryImpl.java:tryLock(230)) - Lock on /home/runner/work/ozone/ozone/hadoop-ozone/integration-test/target/test-dir/MiniOzoneClusterImpl-1e9d71ba-d753-4201-9665-5e97e6b64b9c/datanode-7/data/ratis/30c0c8f2-eedf-4447-b194-6aba310d950c/in_use.lock acquired by nodename 88544@fv-az459-990
2022-10-14 20:48:23,134 [pool-241-thread-1] INFO  storage.RaftStorage (RaftStorageImpl.java:format(89)) - Storage directory /home/runner/work/ozone/ozone/hadoop-ozone/integration-test/target/test-dir/MiniOzoneClusterImpl-1e9d71ba-d753-4201-9665-5e97e6b64b9c/datanode-7/data/ratis/30c0c8f2-eedf-4447-b194-6aba310d950c has been successfully formatted.
2022-10-14 20:48:23,135 [pool-241-thread-1] INFO  ratis.ContainerStateMachine (ContainerStateMachine.java:loadSnapshot(236)) - group-6ABA310D950C: The snapshot info is null. Setting the last applied indexto:(t:0, i:~)
2022-10-14 20:48:23,135 [pool-241-thread-1] INFO  server.RaftServerConfigKeys (ConfUtils.java:logGet(46)) - raft.server.notification.no-leader.timeout = 300s (custom)
2022-10-14 20:48:23,135 [pool-241-thread-1] INFO  server.RaftServerConfigKeys (ConfUtils.java:logGet(46)) - raft.server.log.use.memory = false (default)
2022-10-14 20:48:23,135 [pool-241-thread-1] INFO  server.RaftServerConfigKeys (ConfUtils.java:logGet(46)) - raft.server.log.purge.gap = 1000000 (custom)
2022-10-14 20:48:23,135 [pool-241-thread-1] INFO  server.RaftServerConfigKeys (ConfUtils.java:logGet(46)) - raft.server.log.appender.buffer.byte-limit = 33554432 (custom)
2022-10-14 20:48:23,135 [pool-241-thread-1] INFO  server.RaftServerConfigKeys (ConfUtils.java:logGet(46)) - raft.server.log.statemachine.data.read.timeout = 1000ms (default)
2022-10-14 20:48:23,135 [pool-241-thread-1] INFO  server.RaftServerConfigKeys (ConfUtils.java:logGet(46)) - raft.server.log.segment.size.max = 1048576 (custom)
2022-10-14 20:48:23,136 [pool-241-thread-1] INFO  server.RaftServerConfigKeys (ConfUtils.java:logGet(46)) - raft.server.log.segment.cache.num.max = 2 (custom)
2022-10-14 20:48:23,136 [pool-241-thread-1] INFO  server.RaftServerConfigKeys (ConfUtils.java:logGet(46)) - raft.server.log.segment.cache.size.max = 200MB (=209715200) (default)
2022-10-14 20:48:23,136 [pool-241-thread-1] INFO  segmented.SegmentedRaftLogWorker (SegmentedRaftLogWorker.java:<init>(187)) - new a9bc3d00-95be-4d99-8dcc-adc6824489fa@group-6ABA310D950C-SegmentedRaftLogWorker for RaftStorageImpl:Storage Directory /home/runner/work/ozone/ozone/hadoop-ozone/integration-test/target/test-dir/MiniOzoneClusterImpl-1e9d71ba-d753-4201-9665-5e97e6b64b9c/datanode-7/data/ratis/30c0c8f2-eedf-4447-b194-6aba310d950c
2022-10-14 20:48:23,136 [pool-241-thread-1] INFO  server.RaftServerConfigKeys (ConfUtils.java:logGet(46)) - raft.server.log.queue.byte-limit = 4294967296 (custom)
2022-10-14 20:48:23,136 [pool-241-thread-1] INFO  server.RaftServerConfigKeys (ConfUtils.java:logGet(46)) - raft.server.log.queue.element-limit = 1024 (custom)
2022-10-14 20:48:23,136 [pool-241-thread-1] INFO  server.RaftServerConfigKeys (ConfUtils.java:logGet(46)) - raft.server.log.segment.size.max = 1048576 (custom)
2022-10-14 20:48:23,137 [pool-241-thread-1] INFO  server.RaftServerConfigKeys (ConfUtils.java:logGet(46)) - raft.server.log.preallocated.size = 16384 (custom)
2022-10-14 20:48:23,137 [pool-241-thread-1] INFO  server.RaftServerConfigKeys (ConfUtils.java:logGet(46)) - raft.server.log.force.sync.num = 128 (default)
2022-10-14 20:48:23,137 [pool-241-thread-1] INFO  server.RaftServerConfigKeys (ConfUtils.java:logGet(46)) - raft.server.log.statemachine.data.sync = true (default)
2022-10-14 20:48:23,137 [pool-241-thread-1] INFO  server.RaftServerConfigKeys (ConfUtils.java:logGet(46)) - raft.server.log.statemachine.data.sync.timeout = 10s (default)
2022-10-14 20:48:23,137 [pool-241-thread-1] INFO  server.RaftServerConfigKeys (ConfUtils.java:logGet(46)) - raft.server.log.statemachine.data.sync.timeout.retry = -1 (default)
2022-10-14 20:48:23,138 [pool-241-thread-1] INFO  server.RaftServerConfigKeys (ConfUtils.java:logGet(46)) - raft.server.log.write.buffer.size = 1048576 (custom)
2022-10-14 20:48:23,139 [pool-241-thread-1] INFO  server.RaftServerConfigKeys (ConfUtils.java:logGet(46)) - raft.server.log.unsafe-flush.enabled = false (default)
2022-10-14 20:48:23,139 [pool-241-thread-1] INFO  server.RaftServerConfigKeys (ConfUtils.java:logGet(46)) - raft.server.log.statemachine.data.caching.enabled = true (custom)
2022-10-14 20:48:23,140 [pool-241-thread-1] INFO  segmented.SegmentedRaftLogWorker (SegmentedRaftLogWorker.java:lambda$new$0(135)) - a9bc3d00-95be-4d99-8dcc-adc6824489fa@group-6ABA310D950C-SegmentedRaftLogWorker: flushIndex: setUnconditionally 0 -> -1
2022-10-14 20:48:23,140 [pool-241-thread-1] INFO  segmented.SegmentedRaftLogWorker (SegmentedRaftLogWorker.java:lambda$new$0(135)) - a9bc3d00-95be-4d99-8dcc-adc6824489fa@group-6ABA310D950C-SegmentedRaftLogWorker: safeCacheEvictIndex: setUnconditionally 0 -> -1
2022-10-14 20:48:23,140 [pool-241-thread-1] INFO  server.RaftServerConfigKeys (ConfUtils.java:logGet(46)) - raft.server.snapshot.auto.trigger.enabled = true (custom)
2022-10-14 20:48:23,140 [pool-241-thread-1] INFO  server.RaftServerConfigKeys (ConfUtils.java:logGet(46)) - raft.server.snapshot.auto.trigger.threshold = 10000 (custom)
2022-10-14 20:48:23,140 [pool-241-thread-1] INFO  server.RaftServerConfigKeys (ConfUtils.java:logGet(46)) - raft.server.snapshot.retention.file.num = 5 (custom)
2022-10-14 20:48:23,140 [pool-241-thread-1] INFO  server.RaftServerConfigKeys (ConfUtils.java:logGet(46)) - raft.server.log.purge.upto.snapshot.index = false (default)
2022-10-14 20:48:23,140 [pool-241-thread-1] INFO  server.RaftServerConfigKeys (ConfUtils.java:logGet(46)) - raft.server.retrycache.expirytime = 600000ms (custom)
2022-10-14 20:48:23,140 [pool-241-thread-1] INFO  server.RaftServerConfigKeys (ConfUtils.java:logGet(46)) - raft.server.retrycache.statistics.expirytime = 100μs (default)
2022-10-14 20:48:23,141 [pool-241-thread-1] INFO  server.RaftServerConfigKeys (ConfUtils.java:logGet(46)) - raft.server.log.appender.install.snapshot.enabled = false (custom)
2022-10-14 20:48:23,141 [pool-241-thread-1] INFO  server.RaftServerConfigKeys (ConfUtils.java:logGet(46)) - raft.server.threadpool.server.cached = true (default)
2022-10-14 20:48:23,141 [pool-241-thread-1] INFO  server.RaftServerConfigKeys (ConfUtils.java:logGet(46)) - raft.server.threadpool.server.size = 0 (default)
2022-10-14 20:48:23,141 [pool-241-thread-1] INFO  server.RaftServerConfigKeys (ConfUtils.java:logGet(46)) - raft.server.threadpool.client.cached = true (default)
2022-10-14 20:48:23,141 [pool-241-thread-1] INFO  server.RaftServerConfigKeys (ConfUtils.java:logGet(46)) - raft.server.threadpool.client.size = 0 (default)
2022-10-14 20:48:23,141 [pool-241-thread-1] INFO  server.RaftServer$Division (RaftServerImpl.java:start(310)) - a9bc3d00-95be-4d99-8dcc-adc6824489fa@group-6ABA310D950C: start as a follower, conf=-1: [bbc6add2-54a7-4497-b631-73b4353e40e2|rpc:10.1.0.226:45201|dataStream:|priority:1, a9bc3d00-95be-4d99-8dcc-adc6824489fa|rpc:10.1.0.226:41433|dataStream:|priority:0, 16777052-74aa-4e90-8314-2bee1f1d951b|rpc:10.1.0.226:46003|dataStream:|priority:0], old=null
2022-10-14 20:48:23,142 [pool-241-thread-1] INFO  server.RaftServer$Division (RaftServerImpl.java:setRole(299)) - a9bc3d00-95be-4d99-8dcc-adc6824489fa@group-6ABA310D950C: changes role from      null to FOLLOWER at term 0 for startAsFollower
2022-10-14 20:48:23,142 [pool-241-thread-1] INFO  impl.RoleInfo (RoleInfo.java:updateAndGet(139)) - a9bc3d00-95be-4d99-8dcc-adc6824489fa: start a9bc3d00-95be-4d99-8dcc-adc6824489fa@group-6ABA310D950C-FollowerState
2022-10-14 20:48:23,142 [pool-241-thread-1] INFO  util.JmxRegister (JmxRegister.java:tryRegister(44)) - Successfully registered JMX Bean with object name Ratis:service=RaftServer,group=group-6ABA310D950C,id=a9bc3d00-95be-4d99-8dcc-adc6824489fa
2022-10-14 20:48:23,161 [grpc-default-executor-0] INFO  server.RaftServer (RaftServerProxy.java:addNew(96)) - bbc6add2-54a7-4497-b631-73b4353e40e2: addNew group-6ABA310D950C:[bbc6add2-54a7-4497-b631-73b4353e40e2|rpc:10.1.0.226:45201|dataStream:|priority:1, a9bc3d00-95be-4d99-8dcc-adc6824489fa|rpc:10.1.0.226:41433|dataStream:|priority:0, 16777052-74aa-4e90-8314-2bee1f1d951b|rpc:10.1.0.226:46003|dataStream:|priority:0] returns group-6ABA310D950C:java.util.concurrent.CompletableFuture@337ba495[Not completed]
2022-10-14 20:48:23,162 [pool-268-thread-1] INFO  server.RaftServer$Division (RaftServerImpl.java:<init>(190)) - bbc6add2-54a7-4497-b631-73b4353e40e2: new RaftServerImpl for group-6ABA310D950C:[bbc6add2-54a7-4497-b631-73b4353e40e2|rpc:10.1.0.226:45201|dataStream:|priority:1, a9bc3d00-95be-4d99-8dcc-adc6824489fa|rpc:10.1.0.226:41433|dataStream:|priority:0, 16777052-74aa-4e90-8314-2bee1f1d951b|rpc:10.1.0.226:46003|dataStream:|priority:0] with ContainerStateMachine:uninitialized
2022-10-14 20:48:23,162 [pool-268-thread-1] INFO  server.RaftServerConfigKeys (ConfUtils.java:logGet(46)) - raft.server.rpc.timeout.min = 5s (custom)
2022-10-14 20:48:23,162 [pool-268-thread-1] INFO  server.RaftServerConfigKeys (ConfUtils.java:logGet(46)) - raft.server.rpc.timeout.max = 5200ms (custom)
2022-10-14 20:48:23,162 [pool-268-thread-1] INFO  server.RaftServerConfigKeys (ConfUtils.java:logGet(46)) - raft.server.rpc.sleep.time = 25ms (default)
2022-10-14 20:48:23,162 [pool-268-thread-1] INFO  server.RaftServerConfigKeys (ConfUtils.java:logGet(46)) - raft.server.rpc.slowness.timeout = 300s (custom)
2022-10-14 20:48:23,162 [pool-268-thread-1] INFO  server.RaftServerConfigKeys (ConfUtils.java:logGet(46)) - raft.server.leaderelection.leader.step-down.wait-time = 10s (default)
2022-10-14 20:48:23,162 [pool-268-thread-1] INFO  server.RaftServerConfigKeys (ConfUtils.java:logGet(46)) - raft.server.sleep.deviation.threshold = 300ms (default)
2022-10-14 20:48:23,162 [pool-268-thread-1] INFO  server.RaftServer$Division (ServerState.java:<init>(107)) - bbc6add2-54a7-4497-b631-73b4353e40e2@group-6ABA310D950C: ConfigurationManager, init=-1: [bbc6add2-54a7-4497-b631-73b4353e40e2|rpc:10.1.0.226:45201|dataStream:|priority:1, a9bc3d00-95be-4d99-8dcc-adc6824489fa|rpc:10.1.0.226:41433|dataStream:|priority:0, 16777052-74aa-4e90-8314-2bee1f1d951b|rpc:10.1.0.226:46003|dataStream:|priority:0], old=null, confs=<EMPTY_MAP>
2022-10-14 20:48:23,162 [pool-268-thread-1] INFO  server.RaftServerConfigKeys (ConfUtils.java:logGet(46)) - raft.server.storage.dir = [/home/runner/work/ozone/ozone/hadoop-ozone/integration-test/target/test-dir/MiniOzoneClusterImpl-1e9d71ba-d753-4201-9665-5e97e6b64b9c/datanode-8/data/ratis] (custom)
2022-10-14 20:48:23,162 [pool-268-thread-1] INFO  server.RaftServerConfigKeys (ConfUtils.java:logGet(46)) - raft.server.log.corruption.policy = EXCEPTION (default)
2022-10-14 20:48:23,162 [pool-268-thread-1] INFO  server.RaftServerConfigKeys (ConfUtils.java:logGet(46)) - raft.server.storage.free-space.min = 0MB (=0) (default)
2022-10-14 20:48:23,163 [pool-268-thread-1] INFO  storage.RaftStorageDirectory (RaftStorageDirectoryImpl.java:analyzeStorage(135)) - The storage directory /home/runner/work/ozone/ozone/hadoop-ozone/integration-test/target/test-dir/MiniOzoneClusterImpl-1e9d71ba-d753-4201-9665-5e97e6b64b9c/datanode-8/data/ratis/30c0c8f2-eedf-4447-b194-6aba310d950c does not exist. Creating ...
2022-10-14 20:48:23,164 [pool-268-thread-1] INFO  storage.RaftStorageDirectory (RaftStorageDirectoryImpl.java:tryLock(230)) - Lock on /home/runner/work/ozone/ozone/hadoop-ozone/integration-test/target/test-dir/MiniOzoneClusterImpl-1e9d71ba-d753-4201-9665-5e97e6b64b9c/datanode-8/data/ratis/30c0c8f2-eedf-4447-b194-6aba310d950c/in_use.lock acquired by nodename 88544@fv-az459-990
2022-10-14 20:48:23,166 [pool-268-thread-1] INFO  storage.RaftStorage (RaftStorageImpl.java:format(89)) - Storage directory /home/runner/work/ozone/ozone/hadoop-ozone/integration-test/target/test-dir/MiniOzoneClusterImpl-1e9d71ba-d753-4201-9665-5e97e6b64b9c/datanode-8/data/ratis/30c0c8f2-eedf-4447-b194-6aba310d950c has been successfully formatted.
2022-10-14 20:48:23,167 [pool-268-thread-1] INFO  ratis.ContainerStateMachine (ContainerStateMachine.java:loadSnapshot(236)) - group-6ABA310D950C: The snapshot info is null. Setting the last applied indexto:(t:0, i:~)
2022-10-14 20:48:23,167 [pool-268-thread-1] INFO  server.RaftServerConfigKeys (ConfUtils.java:logGet(46)) - raft.server.notification.no-leader.timeout = 300s (custom)
2022-10-14 20:48:23,167 [pool-268-thread-1] INFO  server.RaftServerConfigKeys (ConfUtils.java:logGet(46)) - raft.server.log.use.memory = false (default)
2022-10-14 20:48:23,167 [pool-268-thread-1] INFO  server.RaftServerConfigKeys (ConfUtils.java:logGet(46)) - raft.server.log.purge.gap = 1000000 (custom)
2022-10-14 20:48:23,167 [pool-268-thread-1] INFO  server.RaftServerConfigKeys (ConfUtils.java:logGet(46)) - raft.server.log.appender.buffer.byte-limit = 33554432 (custom)
2022-10-14 20:48:23,167 [pool-268-thread-1] INFO  server.RaftServerConfigKeys (ConfUtils.java:logGet(46)) - raft.server.log.statemachine.data.read.timeout = 1000ms (default)
2022-10-14 20:48:23,168 [pool-268-thread-1] INFO  server.RaftServerConfigKeys (ConfUtils.java:logGet(46)) - raft.server.log.segment.size.max = 1048576 (custom)
2022-10-14 20:48:23,168 [pool-268-thread-1] INFO  server.RaftServerConfigKeys (ConfUtils.java:logGet(46)) - raft.server.log.segment.cache.num.max = 2 (custom)
2022-10-14 20:48:23,168 [pool-268-thread-1] INFO  server.RaftServerConfigKeys (ConfUtils.java:logGet(46)) - raft.server.log.segment.cache.size.max = 200MB (=209715200) (default)
2022-10-14 20:48:23,168 [pool-268-thread-1] INFO  segmented.SegmentedRaftLogWorker (SegmentedRaftLogWorker.java:<init>(187)) - new bbc6add2-54a7-4497-b631-73b4353e40e2@group-6ABA310D950C-SegmentedRaftLogWorker for RaftStorageImpl:Storage Directory /home/runner/work/ozone/ozone/hadoop-ozone/integration-test/target/test-dir/MiniOzoneClusterImpl-1e9d71ba-d753-4201-9665-5e97e6b64b9c/datanode-8/data/ratis/30c0c8f2-eedf-4447-b194-6aba310d950c
2022-10-14 20:48:23,168 [pool-268-thread-1] INFO  server.RaftServerConfigKeys (ConfUtils.java:logGet(46)) - raft.server.log.queue.byte-limit = 4294967296 (custom)
2022-10-14 20:48:23,168 [pool-268-thread-1] INFO  server.RaftServerConfigKeys (ConfUtils.java:logGet(46)) - raft.server.log.queue.element-limit = 1024 (custom)
2022-10-14 20:48:23,168 [pool-268-thread-1] INFO  server.RaftServerConfigKeys (ConfUtils.java:logGet(46)) - raft.server.log.segment.size.max = 1048576 (custom)
2022-10-14 20:48:23,168 [pool-268-thread-1] INFO  server.RaftServerConfigKeys (ConfUtils.java:logGet(46)) - raft.server.log.preallocated.size = 16384 (custom)
2022-10-14 20:48:23,169 [pool-268-thread-1] INFO  server.RaftServerConfigKeys (ConfUtils.java:logGet(46)) - raft.server.log.force.sync.num = 128 (default)
2022-10-14 20:48:23,169 [pool-268-thread-1] INFO  server.RaftServerConfigKeys (ConfUtils.java:logGet(46)) - raft.server.log.statemachine.data.sync = true (default)
2022-10-14 20:48:23,169 [pool-268-thread-1] INFO  server.RaftServerConfigKeys (ConfUtils.java:logGet(46)) - raft.server.log.statemachine.data.sync.timeout = 10s (default)
2022-10-14 20:48:23,169 [pool-268-thread-1] INFO  server.RaftServerConfigKeys (ConfUtils.java:logGet(46)) - raft.server.log.statemachine.data.sync.timeout.retry = -1 (default)
2022-10-14 20:48:23,169 [pool-268-thread-1] INFO  server.RaftServerConfigKeys (ConfUtils.java:logGet(46)) - raft.server.log.write.buffer.size = 1048576 (custom)
2022-10-14 20:48:23,170 [pool-268-thread-1] INFO  server.RaftServerConfigKeys (ConfUtils.java:logGet(46)) - raft.server.log.unsafe-flush.enabled = false (default)
2022-10-14 20:48:23,170 [pool-268-thread-1] INFO  server.RaftServerConfigKeys (ConfUtils.java:logGet(46)) - raft.server.log.statemachine.data.caching.enabled = true (custom)
2022-10-14 20:48:23,170 [pool-268-thread-1] INFO  segmented.SegmentedRaftLogWorker (SegmentedRaftLogWorker.java:lambda$new$0(135)) - bbc6add2-54a7-4497-b631-73b4353e40e2@group-6ABA310D950C-SegmentedRaftLogWorker: flushIndex: setUnconditionally 0 -> -1
2022-10-14 20:48:23,170 [pool-268-thread-1] INFO  segmented.SegmentedRaftLogWorker (SegmentedRaftLogWorker.java:lambda$new$0(135)) - bbc6add2-54a7-4497-b631-73b4353e40e2@group-6ABA310D950C-SegmentedRaftLogWorker: safeCacheEvictIndex: setUnconditionally 0 -> -1
2022-10-14 20:48:23,173 [pool-268-thread-1] INFO  server.RaftServerConfigKeys (ConfUtils.java:logGet(46)) - raft.server.snapshot.auto.trigger.enabled = true (custom)
2022-10-14 20:48:23,173 [pool-268-thread-1] INFO  server.RaftServerConfigKeys (ConfUtils.java:logGet(46)) - raft.server.snapshot.auto.trigger.threshold = 10000 (custom)
2022-10-14 20:48:23,173 [pool-268-thread-1] INFO  server.RaftServerConfigKeys (ConfUtils.java:logGet(46)) - raft.server.snapshot.retention.file.num = 5 (custom)
2022-10-14 20:48:23,174 [pool-268-thread-1] INFO  server.RaftServerConfigKeys (ConfUtils.java:logGet(46)) - raft.server.log.purge.upto.snapshot.index = false (default)
2022-10-14 20:48:23,174 [pool-268-thread-1] INFO  server.RaftServerConfigKeys (ConfUtils.java:logGet(46)) - raft.server.retrycache.expirytime = 600000ms (custom)
2022-10-14 20:48:23,174 [pool-268-thread-1] INFO  server.RaftServerConfigKeys (ConfUtils.java:logGet(46)) - raft.server.retrycache.statistics.expirytime = 100μs (default)
2022-10-14 20:48:23,176 [pool-268-thread-1] INFO  server.RaftServerConfigKeys (ConfUtils.java:logGet(46)) - raft.server.log.appender.install.snapshot.enabled = false (custom)
2022-10-14 20:48:23,176 [pool-268-thread-1] INFO  server.RaftServerConfigKeys (ConfUtils.java:logGet(46)) - raft.server.threadpool.server.cached = true (default)
2022-10-14 20:48:23,176 [pool-268-thread-1] INFO  server.RaftServerConfigKeys (ConfUtils.java:logGet(46)) - raft.server.threadpool.server.size = 0 (default)
2022-10-14 20:48:23,176 [pool-268-thread-1] INFO  server.RaftServerConfigKeys (ConfUtils.java:logGet(46)) - raft.server.threadpool.client.cached = true (default)
2022-10-14 20:48:23,176 [pool-268-thread-1] INFO  server.RaftServerConfigKeys (ConfUtils.java:logGet(46)) - raft.server.threadpool.client.size = 0 (default)
2022-10-14 20:48:23,176 [pool-268-thread-1] INFO  server.RaftServer$Division (RaftServerImpl.java:start(310)) - bbc6add2-54a7-4497-b631-73b4353e40e2@group-6ABA310D950C: start as a follower, conf=-1: [bbc6add2-54a7-4497-b631-73b4353e40e2|rpc:10.1.0.226:45201|dataStream:|priority:1, a9bc3d00-95be-4d99-8dcc-adc6824489fa|rpc:10.1.0.226:41433|dataStream:|priority:0, 16777052-74aa-4e90-8314-2bee1f1d951b|rpc:10.1.0.226:46003|dataStream:|priority:0], old=null
2022-10-14 20:48:23,176 [pool-268-thread-1] INFO  server.RaftServer$Division (RaftServerImpl.java:setRole(299)) - bbc6add2-54a7-4497-b631-73b4353e40e2@group-6ABA310D950C: changes role from      null to FOLLOWER at term 0 for startAsFollower
2022-10-14 20:48:23,176 [pool-268-thread-1] INFO  impl.RoleInfo (RoleInfo.java:updateAndGet(139)) - bbc6add2-54a7-4497-b631-73b4353e40e2: start bbc6add2-54a7-4497-b631-73b4353e40e2@group-6ABA310D950C-FollowerState
2022-10-14 20:48:23,177 [pool-268-thread-1] INFO  util.JmxRegister (JmxRegister.java:tryRegister(44)) - Successfully registered JMX Bean with object name Ratis:service=RaftServer,group=group-6ABA310D950C,id=bbc6add2-54a7-4497-b631-73b4353e40e2
2022-10-14 20:48:23,188 [Command processor thread] INFO  commandhandler.CreatePipelineCommandHandler (CreatePipelineCommandHandler.java:handle(113)) - Created Pipeline RATIS THREE PipelineID=30c0c8f2-eedf-4447-b194-6aba310d950c.
2022-10-14 20:48:23,204 [Listener at 127.0.0.1/41743] INFO  ozone.MiniOzoneClusterImpl (MiniOzoneClusterImpl.java:lambda$waitForClusterToBeReady$0(216)) - Nodes are ready. Got 10 of 10 DN Heartbeats.
2022-10-14 20:48:23,204 [Listener at 127.0.0.1/41743] INFO  ozone.MiniOzoneClusterImpl (MiniOzoneClusterImpl.java:lambda$waitForClusterToBeReady$0(219)) - Waiting for cluster to exit safe mode
2022-10-14 20:48:23,204 [Listener at 127.0.0.1/41743] INFO  ozone.MiniOzoneClusterImpl (MiniOzoneClusterImpl.java:lambda$waitForClusterToBeReady$0(221)) - SCM became leader
2022-10-14 20:48:23,372 [Command processor thread] INFO  server.RaftServer (RaftServerProxy.java:addNew(96)) - a9bc3d00-95be-4d99-8dcc-adc6824489fa: addNew group-2538328D853E:[a9bc3d00-95be-4d99-8dcc-adc6824489fa|rpc:10.1.0.226:41433|priority:1] returns group-2538328D853E:java.util.concurrent.CompletableFuture@318ca583[Not completed]
2022-10-14 20:48:23,373 [pool-241-thread-1] INFO  server.RaftServer$Division (RaftServerImpl.java:<init>(190)) - a9bc3d00-95be-4d99-8dcc-adc6824489fa: new RaftServerImpl for group-2538328D853E:[a9bc3d00-95be-4d99-8dcc-adc6824489fa|rpc:10.1.0.226:41433|priority:1] with ContainerStateMachine:uninitialized
2022-10-14 20:48:23,374 [pool-241-thread-1] INFO  server.RaftServerConfigKeys (ConfUtils.java:logGet(46)) - raft.server.rpc.timeout.min = 5s (custom)
2022-10-14 20:48:23,374 [pool-241-thread-1] INFO  server.RaftServerConfigKeys (ConfUtils.java:logGet(46)) - raft.server.rpc.timeout.max = 5200ms (custom)
2022-10-14 20:48:23,374 [pool-241-thread-1] INFO  server.RaftServerConfigKeys (ConfUtils.java:logGet(46)) - raft.server.rpc.sleep.time = 25ms (default)
2022-10-14 20:48:23,374 [pool-241-thread-1] INFO  server.RaftServerConfigKeys (ConfUtils.java:logGet(46)) - raft.server.rpc.slowness.timeout = 300s (custom)
2022-10-14 20:48:23,374 [pool-241-thread-1] INFO  server.RaftServerConfigKeys (ConfUtils.java:logGet(46)) - raft.server.leaderelection.leader.step-down.wait-time = 10s (default)
2022-10-14 20:48:23,374 [pool-241-thread-1] INFO  server.RaftServerConfigKeys (ConfUtils.java:logGet(46)) - raft.server.sleep.deviation.threshold = 300ms (default)
2022-10-14 20:48:23,374 [pool-241-thread-1] INFO  server.RaftServer$Division (ServerState.java:<init>(107)) - a9bc3d00-95be-4d99-8dcc-adc6824489fa@group-2538328D853E: ConfigurationManager, init=-1: [a9bc3d00-95be-4d99-8dcc-adc6824489fa|rpc:10.1.0.226:41433|priority:1], old=null, confs=<EMPTY_MAP>
2022-10-14 20:48:23,374 [pool-241-thread-1] INFO  server.RaftServerConfigKeys (ConfUtils.java:logGet(46)) - raft.server.storage.dir = [/home/runner/work/ozone/ozone/hadoop-ozone/integration-test/target/test-dir/MiniOzoneClusterImpl-1e9d71ba-d753-4201-9665-5e97e6b64b9c/datanode-7/data/ratis] (custom)
2022-10-14 20:48:23,374 [pool-241-thread-1] INFO  server.RaftServerConfigKeys (ConfUtils.java:logGet(46)) - raft.server.log.corruption.policy = EXCEPTION (default)
2022-10-14 20:48:23,374 [pool-241-thread-1] INFO  server.RaftServerConfigKeys (ConfUtils.java:logGet(46)) - raft.server.storage.free-space.min = 0MB (=0) (default)
2022-10-14 20:48:23,375 [pool-241-thread-1] INFO  storage.RaftStorageDirectory (RaftStorageDirectoryImpl.java:analyzeStorage(135)) - The storage directory /home/runner/work/ozone/ozone/hadoop-ozone/integration-test/target/test-dir/MiniOzoneClusterImpl-1e9d71ba-d753-4201-9665-5e97e6b64b9c/datanode-7/data/ratis/ba104055-b9d1-4973-be08-2538328d853e does not exist. Creating ...
2022-10-14 20:48:23,376 [pool-241-thread-1] INFO  storage.RaftStorageDirectory (RaftStorageDirectoryImpl.java:tryLock(230)) - Lock on /home/runner/work/ozone/ozone/hadoop-ozone/integration-test/target/test-dir/MiniOzoneClusterImpl-1e9d71ba-d753-4201-9665-5e97e6b64b9c/datanode-7/data/ratis/ba104055-b9d1-4973-be08-2538328d853e/in_use.lock acquired by nodename 88544@fv-az459-990
2022-10-14 20:48:23,381 [pool-241-thread-1] INFO  storage.RaftStorage (RaftStorageImpl.java:format(89)) - Storage directory /home/runner/work/ozone/ozone/hadoop-ozone/integration-test/target/test-dir/MiniOzoneClusterImpl-1e9d71ba-d753-4201-9665-5e97e6b64b9c/datanode-7/data/ratis/ba104055-b9d1-4973-be08-2538328d853e has been successfully formatted.
2022-10-14 20:48:23,382 [pool-241-thread-1] INFO  ratis.ContainerStateMachine (ContainerStateMachine.java:loadSnapshot(236)) - group-2538328D853E: The snapshot info is null. Setting the last applied indexto:(t:0, i:~)
2022-10-14 20:48:23,382 [pool-241-thread-1] INFO  server.RaftServerConfigKeys (ConfUtils.java:logGet(46)) - raft.server.notification.no-leader.timeout = 300s (custom)
2022-10-14 20:48:23,382 [pool-241-thread-1] INFO  server.RaftServerConfigKeys (ConfUtils.java:logGet(46)) - raft.server.log.use.memory = false (default)
2022-10-14 20:48:23,382 [pool-241-thread-1] INFO  server.RaftServerConfigKeys (ConfUtils.java:logGet(46)) - raft.server.log.purge.gap = 1000000 (custom)
2022-10-14 20:48:23,382 [pool-241-thread-1] INFO  server.RaftServerConfigKeys (ConfUtils.java:logGet(46)) - raft.server.log.appender.buffer.byte-limit = 33554432 (custom)
2022-10-14 20:48:23,382 [pool-241-thread-1] INFO  server.RaftServerConfigKeys (ConfUtils.java:logGet(46)) - raft.server.log.statemachine.data.read.timeout = 1000ms (default)
2022-10-14 20:48:23,383 [pool-241-thread-1] INFO  server.RaftServerConfigKeys (ConfUtils.java:logGet(46)) - raft.server.log.segment.size.max = 1048576 (custom)
2022-10-14 20:48:23,383 [pool-241-thread-1] INFO  server.RaftServerConfigKeys (ConfUtils.java:logGet(46)) - raft.server.log.segment.cache.num.max = 2 (custom)
2022-10-14 20:48:23,383 [pool-241-thread-1] INFO  server.RaftServerConfigKeys (ConfUtils.java:logGet(46)) - raft.server.log.segment.cache.size.max = 200MB (=209715200) (default)
2022-10-14 20:48:23,383 [pool-241-thread-1] INFO  segmented.SegmentedRaftLogWorker (SegmentedRaftLogWorker.java:<init>(187)) - new a9bc3d00-95be-4d99-8dcc-adc6824489fa@group-2538328D853E-SegmentedRaftLogWorker for RaftStorageImpl:Storage Directory /home/runner/work/ozone/ozone/hadoop-ozone/integration-test/target/test-dir/MiniOzoneClusterImpl-1e9d71ba-d753-4201-9665-5e97e6b64b9c/datanode-7/data/ratis/ba104055-b9d1-4973-be08-2538328d853e
2022-10-14 20:48:23,383 [pool-241-thread-1] INFO  server.RaftServerConfigKeys (ConfUtils.java:logGet(46)) - raft.server.log.queue.byte-limit = 4294967296 (custom)
2022-10-14 20:48:23,383 [pool-241-thread-1] INFO  server.RaftServerConfigKeys (ConfUtils.java:logGet(46)) - raft.server.log.queue.element-limit = 1024 (custom)
2022-10-14 20:48:23,383 [pool-241-thread-1] INFO  server.RaftServerConfigKeys (ConfUtils.java:logGet(46)) - raft.server.log.segment.size.max = 1048576 (custom)
2022-10-14 20:48:23,383 [pool-241-thread-1] INFO  server.RaftServerConfigKeys (ConfUtils.java:logGet(46)) - raft.server.log.preallocated.size = 16384 (custom)
2022-10-14 20:48:23,383 [pool-241-thread-1] INFO  server.RaftServerConfigKeys (ConfUtils.java:logGet(46)) - raft.server.log.force.sync.num = 128 (default)
2022-10-14 20:48:23,383 [pool-241-thread-1] INFO  server.RaftServerConfigKeys (ConfUtils.java:logGet(46)) - raft.server.log.statemachine.data.sync = true (default)
2022-10-14 20:48:23,383 [pool-241-thread-1] INFO  server.RaftServerConfigKeys (ConfUtils.java:logGet(46)) - raft.server.log.statemachine.data.sync.timeout = 10s (default)
2022-10-14 20:48:23,383 [pool-241-thread-1] INFO  server.RaftServerConfigKeys (ConfUtils.java:logGet(46)) - raft.server.log.statemachine.data.sync.timeout.retry = -1 (default)
2022-10-14 20:48:23,384 [pool-241-thread-1] INFO  server.RaftServerConfigKeys (ConfUtils.java:logGet(46)) - raft.server.log.write.buffer.size = 1048576 (custom)
2022-10-14 20:48:23,388 [pool-241-thread-1] INFO  server.RaftServerConfigKeys (ConfUtils.java:logGet(46)) - raft.server.log.unsafe-flush.enabled = false (default)
2022-10-14 20:48:23,388 [pool-241-thread-1] INFO  server.RaftServerConfigKeys (ConfUtils.java:logGet(46)) - raft.server.log.statemachine.data.caching.enabled = true (custom)
2022-10-14 20:48:23,389 [pool-241-thread-1] INFO  segmented.SegmentedRaftLogWorker (SegmentedRaftLogWorker.java:lambda$new$0(135)) - a9bc3d00-95be-4d99-8dcc-adc6824489fa@group-2538328D853E-SegmentedRaftLogWorker: flushIndex: setUnconditionally 0 -> -1
2022-10-14 20:48:23,389 [pool-241-thread-1] INFO  segmented.SegmentedRaftLogWorker (SegmentedRaftLogWorker.java:lambda$new$0(135)) - a9bc3d00-95be-4d99-8dcc-adc6824489fa@group-2538328D853E-SegmentedRaftLogWorker: safeCacheEvictIndex: setUnconditionally 0 -> -1
2022-10-14 20:48:23,389 [pool-241-thread-1] INFO  server.RaftServerConfigKeys (ConfUtils.java:logGet(46)) - raft.server.snapshot.auto.trigger.enabled = true (custom)
2022-10-14 20:48:23,389 [pool-241-thread-1] INFO  server.RaftServerConfigKeys (ConfUtils.java:logGet(46)) - raft.server.snapshot.auto.trigger.threshold = 10000 (custom)
2022-10-14 20:48:23,389 [pool-241-thread-1] INFO  server.RaftServerConfigKeys (ConfUtils.java:logGet(46)) - raft.server.snapshot.retention.file.num = 5 (custom)
2022-10-14 20:48:23,389 [pool-241-thread-1] INFO  server.RaftServerConfigKeys (ConfUtils.java:logGet(46)) - raft.server.log.purge.upto.snapshot.index = false (default)
2022-10-14 20:48:23,389 [pool-241-thread-1] INFO  server.RaftServerConfigKeys (ConfUtils.java:logGet(46)) - raft.server.retrycache.expirytime = 600000ms (custom)
2022-10-14 20:48:23,389 [pool-241-thread-1] INFO  server.RaftServerConfigKeys (ConfUtils.java:logGet(46)) - raft.server.retrycache.statistics.expirytime = 100μs (default)
2022-10-14 20:48:23,390 [pool-241-thread-1] INFO  server.RaftServerConfigKeys (ConfUtils.java:logGet(46)) - raft.server.log.appender.install.snapshot.enabled = false (custom)
2022-10-14 20:48:23,391 [pool-241-thread-1] INFO  server.RaftServerConfigKeys (ConfUtils.java:logGet(46)) - raft.server.threadpool.server.cached = true (default)
2022-10-14 20:48:23,391 [pool-241-thread-1] INFO  server.RaftServerConfigKeys (ConfUtils.java:logGet(46)) - raft.server.threadpool.server.size = 0 (default)
2022-10-14 20:48:23,391 [pool-241-thread-1] INFO  server.RaftServerConfigKeys (ConfUtils.java:logGet(46)) - raft.server.threadpool.client.cached = true (default)
2022-10-14 20:48:23,391 [pool-241-thread-1] INFO  server.RaftServerConfigKeys (ConfUtils.java:logGet(46)) - raft.server.threadpool.client.size = 0 (default)
2022-10-14 20:48:23,391 [pool-241-thread-1] INFO  server.RaftServer$Division (RaftServerImpl.java:start(310)) - a9bc3d00-95be-4d99-8dcc-adc6824489fa@group-2538328D853E: start as a follower, conf=-1: [a9bc3d00-95be-4d99-8dcc-adc6824489fa|rpc:10.1.0.226:41433|priority:1], old=null
2022-10-14 20:48:23,391 [pool-241-thread-1] INFO  server.RaftServer$Division (RaftServerImpl.java:setRole(299)) - a9bc3d00-95be-4d99-8dcc-adc6824489fa@group-2538328D853E: changes role from      null to FOLLOWER at term 0 for startAsFollower
2022-10-14 20:48:23,391 [pool-241-thread-1] INFO  impl.RoleInfo (RoleInfo.java:updateAndGet(139)) - a9bc3d00-95be-4d99-8dcc-adc6824489fa: start a9bc3d00-95be-4d99-8dcc-adc6824489fa@group-2538328D853E-FollowerState
2022-10-14 20:48:23,391 [pool-241-thread-1] INFO  util.JmxRegister (JmxRegister.java:tryRegister(44)) - Successfully registered JMX Bean with object name Ratis:service=RaftServer,group=group-2538328D853E,id=a9bc3d00-95be-4d99-8dcc-adc6824489fa
2022-10-14 20:48:23,392 [Command processor thread] INFO  ratis.XceiverServerRatis (XceiverServerRatis.java:addGroup(765)) - Created group PipelineID=ba104055-b9d1-4973-be08-2538328d853e
2022-10-14 20:48:23,392 [Command processor thread] INFO  commandhandler.CreatePipelineCommandHandler (CreatePipelineCommandHandler.java:handle(113)) - Created Pipeline RATIS ONE PipelineID=ba104055-b9d1-4973-be08-2538328d853e.
2022-10-14 20:48:23,393 [EventQueue-PipelineReportForPipelineReportHandler] INFO  pipeline.PipelineManagerImpl (PipelineManagerImpl.java:openPipeline(367)) - Pipeline Pipeline[ Id: ba104055-b9d1-4973-be08-2538328d853e, Nodes: a9bc3d00-95be-4d99-8dcc-adc6824489fa{ip: 10.1.0.226, host: fv-az459-990.msq0az1vewme3jsxyslsv0htic.jx.internal.cloudapp.net, ports: [REPLICATION=38691, RATIS=41433, RATIS_ADMIN=41433, RATIS_SERVER=41433, STANDALONE=39903], networkLocation: /default-rack, certSerialId: null, persistedOpState: IN_SERVICE, persistedOpStateExpiryEpochSec: 0}, ReplicationConfig: RATIS/ONE, State:ALLOCATED, leaderId:a9bc3d00-95be-4d99-8dcc-adc6824489fa, CreationTimestamp2022-10-14T20:48:20.377Z[Etc/UTC]] moved to OPEN state
2022-10-14 20:48:23,393 [EventQueue-OpenPipelineForHealthyPipelineSafeModeRule] INFO  safemode.SCMSafeModeManager (HealthyPipelineSafeModeRule.java:process(137)) - SCM in safe mode. Healthy pipelines reported count is 0, required healthy pipeline reported count is 1
2022-10-14 20:48:23,776 [Command processor thread] INFO  server.RaftServer (RaftServerProxy.java:addNew(96)) - bbc6add2-54a7-4497-b631-73b4353e40e2: addNew group-A007A3104D9A:[bbc6add2-54a7-4497-b631-73b4353e40e2|rpc:10.1.0.226:45201|priority:1] returns group-A007A3104D9A:java.util.concurrent.CompletableFuture@3b93960f[Not completed]
2022-10-14 20:48:23,779 [pool-268-thread-1] INFO  server.RaftServer$Division (RaftServerImpl.java:<init>(190)) - bbc6add2-54a7-4497-b631-73b4353e40e2: new RaftServerImpl for group-A007A3104D9A:[bbc6add2-54a7-4497-b631-73b4353e40e2|rpc:10.1.0.226:45201|priority:1] with ContainerStateMachine:uninitialized
2022-10-14 20:48:23,779 [pool-268-thread-1] INFO  server.RaftServerConfigKeys (ConfUtils.java:logGet(46)) - raft.server.rpc.timeout.min = 5s (custom)
2022-10-14 20:48:23,779 [pool-268-thread-1] INFO  server.RaftServerConfigKeys (ConfUtils.java:logGet(46)) - raft.server.rpc.timeout.max = 5200ms (custom)
2022-10-14 20:48:23,779 [pool-268-thread-1] INFO  server.RaftServerConfigKeys (ConfUtils.java:logGet(46)) - raft.server.rpc.sleep.time = 25ms (default)
2022-10-14 20:48:23,779 [pool-268-thread-1] INFO  server.RaftServerConfigKeys (ConfUtils.java:logGet(46)) - raft.server.rpc.slowness.timeout = 300s (custom)
2022-10-14 20:48:23,779 [pool-268-thread-1] INFO  server.RaftServerConfigKeys (ConfUtils.java:logGet(46)) - raft.server.leaderelection.leader.step-down.wait-time = 10s (default)
2022-10-14 20:48:23,779 [pool-268-thread-1] INFO  server.RaftServerConfigKeys (ConfUtils.java:logGet(46)) - raft.server.sleep.deviation.threshold = 300ms (default)
2022-10-14 20:48:23,779 [pool-268-thread-1] INFO  server.RaftServer$Division (ServerState.java:<init>(107)) - bbc6add2-54a7-4497-b631-73b4353e40e2@group-A007A3104D9A: ConfigurationManager, init=-1: [bbc6add2-54a7-4497-b631-73b4353e40e2|rpc:10.1.0.226:45201|priority:1], old=null, confs=<EMPTY_MAP>
2022-10-14 20:48:23,779 [pool-268-thread-1] INFO  server.RaftServerConfigKeys (ConfUtils.java:logGet(46)) - raft.server.storage.dir = [/home/runner/work/ozone/ozone/hadoop-ozone/integration-test/target/test-dir/MiniOzoneClusterImpl-1e9d71ba-d753-4201-9665-5e97e6b64b9c/datanode-8/data/ratis] (custom)
2022-10-14 20:48:23,780 [pool-268-thread-1] INFO  server.RaftServerConfigKeys (ConfUtils.java:logGet(46)) - raft.server.log.corruption.policy = EXCEPTION (default)
2022-10-14 20:48:23,780 [pool-268-thread-1] INFO  server.RaftServerConfigKeys (ConfUtils.java:logGet(46)) - raft.server.storage.free-space.min = 0MB (=0) (default)
2022-10-14 20:48:23,780 [pool-268-thread-1] INFO  storage.RaftStorageDirectory (RaftStorageDirectoryImpl.java:analyzeStorage(135)) - The storage directory /home/runner/work/ozone/ozone/hadoop-ozone/integration-test/target/test-dir/MiniOzoneClusterImpl-1e9d71ba-d753-4201-9665-5e97e6b64b9c/datanode-8/data/ratis/a431b5a1-46db-4b15-baba-a007a3104d9a does not exist. Creating ...
2022-10-14 20:48:23,781 [pool-268-thread-1] INFO  storage.RaftStorageDirectory (RaftStorageDirectoryImpl.java:tryLock(230)) - Lock on /home/runner/work/ozone/ozone/hadoop-ozone/integration-test/target/test-dir/MiniOzoneClusterImpl-1e9d71ba-d753-4201-9665-5e97e6b64b9c/datanode-8/data/ratis/a431b5a1-46db-4b15-baba-a007a3104d9a/in_use.lock acquired by nodename 88544@fv-az459-990
2022-10-14 20:48:23,783 [pool-268-thread-1] INFO  storage.RaftStorage (RaftStorageImpl.java:format(89)) - Storage directory /home/runner/work/ozone/ozone/hadoop-ozone/integration-test/target/test-dir/MiniOzoneClusterImpl-1e9d71ba-d753-4201-9665-5e97e6b64b9c/datanode-8/data/ratis/a431b5a1-46db-4b15-baba-a007a3104d9a has been successfully formatted.
2022-10-14 20:48:23,785 [EventQueue-PipelineReportForPipelineReportHandler] INFO  pipeline.PipelineManagerImpl (PipelineManagerImpl.java:openPipeline(367)) - Pipeline Pipeline[ Id: a431b5a1-46db-4b15-baba-a007a3104d9a, Nodes: bbc6add2-54a7-4497-b631-73b4353e40e2{ip: 10.1.0.226, host: fv-az459-990.msq0az1vewme3jsxyslsv0htic.jx.internal.cloudapp.net, ports: [REPLICATION=39023, RATIS=45201, RATIS_ADMIN=45201, RATIS_SERVER=45201, STANDALONE=37057], networkLocation: /default-rack, certSerialId: null, persistedOpState: IN_SERVICE, persistedOpStateExpiryEpochSec: 0}, ReplicationConfig: RATIS/ONE, State:ALLOCATED, leaderId:bbc6add2-54a7-4497-b631-73b4353e40e2, CreationTimestamp2022-10-14T20:48:20.783Z[Etc/UTC]] moved to OPEN state
2022-10-14 20:48:23,785 [EventQueue-OpenPipelineForHealthyPipelineSafeModeRule] INFO  safemode.SCMSafeModeManager (HealthyPipelineSafeModeRule.java:process(137)) - SCM in safe mode. Healthy pipelines reported count is 0, required healthy pipeline reported count is 1
2022-10-14 20:48:23,786 [pool-268-thread-1] INFO  ratis.ContainerStateMachine (ContainerStateMachine.java:loadSnapshot(236)) - group-A007A3104D9A: The snapshot info is null. Setting the last applied indexto:(t:0, i:~)
2022-10-14 20:48:23,787 [pool-268-thread-1] INFO  server.RaftServerConfigKeys (ConfUtils.java:logGet(46)) - raft.server.notification.no-leader.timeout = 300s (custom)
2022-10-14 20:48:23,787 [pool-268-thread-1] INFO  server.RaftServerConfigKeys (ConfUtils.java:logGet(46)) - raft.server.log.use.memory = false (default)
2022-10-14 20:48:23,787 [pool-268-thread-1] INFO  server.RaftServerConfigKeys (ConfUtils.java:logGet(46)) - raft.server.log.purge.gap = 1000000 (custom)
2022-10-14 20:48:23,787 [pool-268-thread-1] INFO  server.RaftServerConfigKeys (ConfUtils.java:logGet(46)) - raft.server.log.appender.buffer.byte-limit = 33554432 (custom)
2022-10-14 20:48:23,787 [pool-268-thread-1] INFO  server.RaftServerConfigKeys (ConfUtils.java:logGet(46)) - raft.server.log.statemachine.data.read.timeout = 1000ms (default)
2022-10-14 20:48:23,788 [pool-268-thread-1] INFO  server.RaftServerConfigKeys (ConfUtils.java:logGet(46)) - raft.server.log.segment.size.max = 1048576 (custom)
2022-10-14 20:48:23,788 [pool-268-thread-1] INFO  server.RaftServerConfigKeys (ConfUtils.java:logGet(46)) - raft.server.log.segment.cache.num.max = 2 (custom)
2022-10-14 20:48:23,788 [pool-268-thread-1] INFO  server.RaftServerConfigKeys (ConfUtils.java:logGet(46)) - raft.server.log.segment.cache.size.max = 200MB (=209715200) (default)
2022-10-14 20:48:23,788 [pool-268-thread-1] INFO  segmented.SegmentedRaftLogWorker (SegmentedRaftLogWorker.java:<init>(187)) - new bbc6add2-54a7-4497-b631-73b4353e40e2@group-A007A3104D9A-SegmentedRaftLogWorker for RaftStorageImpl:Storage Directory /home/runner/work/ozone/ozone/hadoop-ozone/integration-test/target/test-dir/MiniOzoneClusterImpl-1e9d71ba-d753-4201-9665-5e97e6b64b9c/datanode-8/data/ratis/a431b5a1-46db-4b15-baba-a007a3104d9a
2022-10-14 20:48:23,788 [pool-268-thread-1] INFO  server.RaftServerConfigKeys (ConfUtils.java:logGet(46)) - raft.server.log.queue.byte-limit = 4294967296 (custom)
2022-10-14 20:48:23,788 [pool-268-thread-1] INFO  server.RaftServerConfigKeys (ConfUtils.java:logGet(46)) - raft.server.log.queue.element-limit = 1024 (custom)
2022-10-14 20:48:23,788 [pool-268-thread-1] INFO  server.RaftServerConfigKeys (ConfUtils.java:logGet(46)) - raft.server.log.segment.size.max = 1048576 (custom)
2022-10-14 20:48:23,788 [pool-268-thread-1] INFO  server.RaftServerConfigKeys (ConfUtils.java:logGet(46)) - raft.server.log.preallocated.size = 16384 (custom)
2022-10-14 20:48:23,788 [pool-268-thread-1] INFO  server.RaftServerConfigKeys (ConfUtils.java:logGet(46)) - raft.server.log.force.sync.num = 128 (default)
2022-10-14 20:48:23,788 [pool-268-thread-1] INFO  server.RaftServerConfigKeys (ConfUtils.java:logGet(46)) - raft.server.log.statemachine.data.sync = true (default)
2022-10-14 20:48:23,788 [pool-268-thread-1] INFO  server.RaftServerConfigKeys (ConfUtils.java:logGet(46)) - raft.server.log.statemachine.data.sync.timeout = 10s (default)
2022-10-14 20:48:23,788 [pool-268-thread-1] INFO  server.RaftServerConfigKeys (ConfUtils.java:logGet(46)) - raft.server.log.statemachine.data.sync.timeout.retry = -1 (default)
2022-10-14 20:48:23,789 [pool-268-thread-1] INFO  server.RaftServerConfigKeys (ConfUtils.java:logGet(46)) - raft.server.log.write.buffer.size = 1048576 (custom)
2022-10-14 20:48:23,789 [pool-268-thread-1] INFO  server.RaftServerConfigKeys (ConfUtils.java:logGet(46)) - raft.server.log.unsafe-flush.enabled = false (default)
2022-10-14 20:48:23,790 [pool-268-thread-1] INFO  server.RaftServerConfigKeys (ConfUtils.java:logGet(46)) - raft.server.log.statemachine.data.caching.enabled = true (custom)
2022-10-14 20:48:23,790 [pool-268-thread-1] INFO  segmented.SegmentedRaftLogWorker (SegmentedRaftLogWorker.java:lambda$new$0(135)) - bbc6add2-54a7-4497-b631-73b4353e40e2@group-A007A3104D9A-SegmentedRaftLogWorker: flushIndex: setUnconditionally 0 -> -1
2022-10-14 20:48:23,790 [pool-268-thread-1] INFO  segmented.SegmentedRaftLogWorker (SegmentedRaftLogWorker.java:lambda$new$0(135)) - bbc6add2-54a7-4497-b631-73b4353e40e2@group-A007A3104D9A-SegmentedRaftLogWorker: safeCacheEvictIndex: setUnconditionally 0 -> -1
2022-10-14 20:48:23,790 [pool-268-thread-1] INFO  server.RaftServerConfigKeys (ConfUtils.java:logGet(46)) - raft.server.snapshot.auto.trigger.enabled = true (custom)
2022-10-14 20:48:23,790 [pool-268-thread-1] INFO  server.RaftServerConfigKeys (ConfUtils.java:logGet(46)) - raft.server.snapshot.auto.trigger.threshold = 10000 (custom)
2022-10-14 20:48:23,790 [pool-268-thread-1] INFO  server.RaftServerConfigKeys (ConfUtils.java:logGet(46)) - raft.server.snapshot.retention.file.num = 5 (custom)
2022-10-14 20:48:23,790 [pool-268-thread-1] INFO  server.RaftServerConfigKeys (ConfUtils.java:logGet(46)) - raft.server.log.purge.upto.snapshot.index = false (default)
2022-10-14 20:48:23,790 [pool-268-thread-1] INFO  server.RaftServerConfigKeys (ConfUtils.java:logGet(46)) - raft.server.retrycache.expirytime = 600000ms (custom)
2022-10-14 20:48:23,790 [pool-268-thread-1] INFO  server.RaftServerConfigKeys (ConfUtils.java:logGet(46)) - raft.server.retrycache.statistics.expirytime = 100μs (default)
2022-10-14 20:48:23,791 [pool-268-thread-1] INFO  server.RaftServerConfigKeys (ConfUtils.java:logGet(46)) - raft.server.log.appender.install.snapshot.enabled = false (custom)
2022-10-14 20:48:23,791 [pool-268-thread-1] INFO  server.RaftServerConfigKeys (ConfUtils.java:logGet(46)) - raft.server.threadpool.server.cached = true (default)
2022-10-14 20:48:23,791 [pool-268-thread-1] INFO  server.RaftServerConfigKeys (ConfUtils.java:logGet(46)) - raft.server.threadpool.server.size = 0 (default)
2022-10-14 20:48:23,791 [pool-268-thread-1] INFO  server.RaftServerConfigKeys (ConfUtils.java:logGet(46)) - raft.server.threadpool.client.cached = true (default)
2022-10-14 20:48:23,791 [pool-268-thread-1] INFO  server.RaftServerConfigKeys (ConfUtils.java:logGet(46)) - raft.server.threadpool.client.size = 0 (default)
2022-10-14 20:48:23,792 [pool-268-thread-1] INFO  server.RaftServer$Division (RaftServerImpl.java:start(310)) - bbc6add2-54a7-4497-b631-73b4353e40e2@group-A007A3104D9A: start as a follower, conf=-1: [bbc6add2-54a7-4497-b631-73b4353e40e2|rpc:10.1.0.226:45201|priority:1], old=null
2022-10-14 20:48:23,792 [pool-268-thread-1] INFO  server.RaftServer$Division (RaftServerImpl.java:setRole(299)) - bbc6add2-54a7-4497-b631-73b4353e40e2@group-A007A3104D9A: changes role from      null to FOLLOWER at term 0 for startAsFollower
2022-10-14 20:48:23,792 [pool-268-thread-1] INFO  impl.RoleInfo (RoleInfo.java:updateAndGet(139)) - bbc6add2-54a7-4497-b631-73b4353e40e2: start bbc6add2-54a7-4497-b631-73b4353e40e2@group-A007A3104D9A-FollowerState
2022-10-14 20:48:23,792 [pool-268-thread-1] INFO  util.JmxRegister (JmxRegister.java:tryRegister(44)) - Successfully registered JMX Bean with object name Ratis:service=RaftServer,group=group-A007A3104D9A,id=bbc6add2-54a7-4497-b631-73b4353e40e2
2022-10-14 20:48:23,793 [Command processor thread] INFO  ratis.XceiverServerRatis (XceiverServerRatis.java:addGroup(765)) - Created group PipelineID=a431b5a1-46db-4b15-baba-a007a3104d9a
2022-10-14 20:48:23,794 [Command processor thread] INFO  commandhandler.CreatePipelineCommandHandler (CreatePipelineCommandHandler.java:handle(113)) - Created Pipeline RATIS ONE PipelineID=a431b5a1-46db-4b15-baba-a007a3104d9a.
2022-10-14 20:48:24,205 [Listener at 127.0.0.1/41743] INFO  ozone.MiniOzoneClusterImpl (MiniOzoneClusterImpl.java:lambda$waitForClusterToBeReady$0(216)) - Nodes are ready. Got 10 of 10 DN Heartbeats.
2022-10-14 20:48:24,205 [Listener at 127.0.0.1/41743] INFO  ozone.MiniOzoneClusterImpl (MiniOzoneClusterImpl.java:lambda$waitForClusterToBeReady$0(219)) - Waiting for cluster to exit safe mode
2022-10-14 20:48:24,205 [Listener at 127.0.0.1/41743] INFO  ozone.MiniOzoneClusterImpl (MiniOzoneClusterImpl.java:lambda$waitForClusterToBeReady$0(221)) - SCM became leader
2022-10-14 20:48:24,208 [Command processor thread] INFO  server.RaftServer (RaftServerProxy.java:addNew(96)) - 7caf7f47-8d76-4e84-850d-743f4336bef8: addNew group-A3E353C6E768:[7caf7f47-8d76-4e84-850d-743f4336bef8|rpc:10.1.0.226:46807|priority:1] returns group-A3E353C6E768:java.util.concurrent.CompletableFuture@3a0aa619[Not completed]
2022-10-14 20:48:24,210 [pool-295-thread-1] INFO  server.RaftServer$Division (RaftServerImpl.java:<init>(190)) - 7caf7f47-8d76-4e84-850d-743f4336bef8: new RaftServerImpl for group-A3E353C6E768:[7caf7f47-8d76-4e84-850d-743f4336bef8|rpc:10.1.0.226:46807|priority:1] with ContainerStateMachine:uninitialized
2022-10-14 20:48:24,210 [pool-295-thread-1] INFO  server.RaftServerConfigKeys (ConfUtils.java:logGet(46)) - raft.server.rpc.timeout.min = 5s (custom)
2022-10-14 20:48:24,210 [pool-295-thread-1] INFO  server.RaftServerConfigKeys (ConfUtils.java:logGet(46)) - raft.server.rpc.timeout.max = 5200ms (custom)
2022-10-14 20:48:24,210 [pool-295-thread-1] INFO  server.RaftServerConfigKeys (ConfUtils.java:logGet(46)) - raft.server.rpc.sleep.time = 25ms (default)
2022-10-14 20:48:24,210 [pool-295-thread-1] INFO  server.RaftServerConfigKeys (ConfUtils.java:logGet(46)) - raft.server.rpc.slowness.timeout = 300s (custom)
2022-10-14 20:48:24,210 [pool-295-thread-1] INFO  server.RaftServerConfigKeys (ConfUtils.java:logGet(46)) - raft.server.leaderelection.leader.step-down.wait-time = 10s (default)
2022-10-14 20:48:24,210 [pool-295-thread-1] INFO  server.RaftServerConfigKeys (ConfUtils.java:logGet(46)) - raft.server.sleep.deviation.threshold = 300ms (default)
2022-10-14 20:48:24,211 [pool-295-thread-1] INFO  server.RaftServer$Division (ServerState.java:<init>(107)) - 7caf7f47-8d76-4e84-850d-743f4336bef8@group-A3E353C6E768: ConfigurationManager, init=-1: [7caf7f47-8d76-4e84-850d-743f4336bef8|rpc:10.1.0.226:46807|priority:1], old=null, confs=<EMPTY_MAP>
2022-10-14 20:48:24,211 [pool-295-thread-1] INFO  server.RaftServerConfigKeys (ConfUtils.java:logGet(46)) - raft.server.storage.dir = [/home/runner/work/ozone/ozone/hadoop-ozone/integration-test/target/test-dir/MiniOzoneClusterImpl-1e9d71ba-d753-4201-9665-5e97e6b64b9c/datanode-9/data/ratis] (custom)
2022-10-14 20:48:24,211 [pool-295-thread-1] INFO  server.RaftServerConfigKeys (ConfUtils.java:logGet(46)) - raft.server.log.corruption.policy = EXCEPTION (default)
2022-10-14 20:48:24,211 [pool-295-thread-1] INFO  server.RaftServerConfigKeys (ConfUtils.java:logGet(46)) - raft.server.storage.free-space.min = 0MB (=0) (default)
2022-10-14 20:48:24,211 [pool-295-thread-1] INFO  storage.RaftStorageDirectory (RaftStorageDirectoryImpl.java:analyzeStorage(135)) - The storage directory /home/runner/work/ozone/ozone/hadoop-ozone/integration-test/target/test-dir/MiniOzoneClusterImpl-1e9d71ba-d753-4201-9665-5e97e6b64b9c/datanode-9/data/ratis/5da042a4-ed82-47de-83fa-a3e353c6e768 does not exist. Creating ...
2022-10-14 20:48:24,212 [pool-295-thread-1] INFO  storage.RaftStorageDirectory (RaftStorageDirectoryImpl.java:tryLock(230)) - Lock on /home/runner/work/ozone/ozone/hadoop-ozone/integration-test/target/test-dir/MiniOzoneClusterImpl-1e9d71ba-d753-4201-9665-5e97e6b64b9c/datanode-9/data/ratis/5da042a4-ed82-47de-83fa-a3e353c6e768/in_use.lock acquired by nodename 88544@fv-az459-990
2022-10-14 20:48:24,214 [pool-295-thread-1] INFO  storage.RaftStorage (RaftStorageImpl.java:format(89)) - Storage directory /home/runner/work/ozone/ozone/hadoop-ozone/integration-test/target/test-dir/MiniOzoneClusterImpl-1e9d71ba-d753-4201-9665-5e97e6b64b9c/datanode-9/data/ratis/5da042a4-ed82-47de-83fa-a3e353c6e768 has been successfully formatted.
2022-10-14 20:48:24,214 [pool-295-thread-1] INFO  ratis.ContainerStateMachine (ContainerStateMachine.java:loadSnapshot(236)) - group-A3E353C6E768: The snapshot info is null. Setting the last applied indexto:(t:0, i:~)
2022-10-14 20:48:24,214 [pool-295-thread-1] INFO  server.RaftServerConfigKeys (ConfUtils.java:logGet(46)) - raft.server.notification.no-leader.timeout = 300s (custom)
2022-10-14 20:48:24,214 [pool-295-thread-1] INFO  server.RaftServerConfigKeys (ConfUtils.java:logGet(46)) - raft.server.log.use.memory = false (default)
2022-10-14 20:48:24,214 [pool-295-thread-1] INFO  server.RaftServerConfigKeys (ConfUtils.java:logGet(46)) - raft.server.log.purge.gap = 1000000 (custom)
2022-10-14 20:48:24,214 [pool-295-thread-1] INFO  server.RaftServerConfigKeys (ConfUtils.java:logGet(46)) - raft.server.log.appender.buffer.byte-limit = 33554432 (custom)
2022-10-14 20:48:24,214 [pool-295-thread-1] INFO  server.RaftServerConfigKeys (ConfUtils.java:logGet(46)) - raft.server.log.statemachine.data.read.timeout = 1000ms (default)
2022-10-14 20:48:24,215 [pool-295-thread-1] INFO  server.RaftServerConfigKeys (ConfUtils.java:logGet(46)) - raft.server.log.segment.size.max = 1048576 (custom)
2022-10-14 20:48:24,215 [EventQueue-PipelineReportForPipelineReportHandler] INFO  pipeline.PipelineManagerImpl (PipelineManagerImpl.java:openPipeline(367)) - Pipeline Pipeline[ Id: 5da042a4-ed82-47de-83fa-a3e353c6e768, Nodes: 7caf7f47-8d76-4e84-850d-743f4336bef8{ip: 10.1.0.226, host: fv-az459-990.msq0az1vewme3jsxyslsv0htic.jx.internal.cloudapp.net, ports: [REPLICATION=44663, RATIS=46807, RATIS_ADMIN=46807, RATIS_SERVER=46807, STANDALONE=44645], networkLocation: /default-rack, certSerialId: null, persistedOpState: IN_SERVICE, persistedOpStateExpiryEpochSec: 0}, ReplicationConfig: RATIS/ONE, State:ALLOCATED, leaderId:7caf7f47-8d76-4e84-850d-743f4336bef8, CreationTimestamp2022-10-14T20:48:21.219Z[Etc/UTC]] moved to OPEN state
2022-10-14 20:48:24,218 [pool-295-thread-1] INFO  server.RaftServerConfigKeys (ConfUtils.java:logGet(46)) - raft.server.log.segment.cache.num.max = 2 (custom)
2022-10-14 20:48:24,218 [pool-295-thread-1] INFO  server.RaftServerConfigKeys (ConfUtils.java:logGet(46)) - raft.server.log.segment.cache.size.max = 200MB (=209715200) (default)
2022-10-14 20:48:24,218 [pool-295-thread-1] INFO  segmented.SegmentedRaftLogWorker (SegmentedRaftLogWorker.java:<init>(187)) - new 7caf7f47-8d76-4e84-850d-743f4336bef8@group-A3E353C6E768-SegmentedRaftLogWorker for RaftStorageImpl:Storage Directory /home/runner/work/ozone/ozone/hadoop-ozone/integration-test/target/test-dir/MiniOzoneClusterImpl-1e9d71ba-d753-4201-9665-5e97e6b64b9c/datanode-9/data/ratis/5da042a4-ed82-47de-83fa-a3e353c6e768
2022-10-14 20:48:24,218 [EventQueue-OpenPipelineForHealthyPipelineSafeModeRule] INFO  safemode.SCMSafeModeManager (HealthyPipelineSafeModeRule.java:process(137)) - SCM in safe mode. Healthy pipelines reported count is 0, required healthy pipeline reported count is 1
2022-10-14 20:48:24,218 [pool-295-thread-1] INFO  server.RaftServerConfigKeys (ConfUtils.java:logGet(46)) - raft.server.log.queue.byte-limit = 4294967296 (custom)
2022-10-14 20:48:24,223 [pool-295-thread-1] INFO  server.RaftServerConfigKeys (ConfUtils.java:logGet(46)) - raft.server.log.queue.element-limit = 1024 (custom)
2022-10-14 20:48:24,223 [pool-295-thread-1] INFO  server.RaftServerConfigKeys (ConfUtils.java:logGet(46)) - raft.server.log.segment.size.max = 1048576 (custom)
2022-10-14 20:48:24,223 [pool-295-thread-1] INFO  server.RaftServerConfigKeys (ConfUtils.java:logGet(46)) - raft.server.log.preallocated.size = 16384 (custom)
2022-10-14 20:48:24,223 [pool-295-thread-1] INFO  server.RaftServerConfigKeys (ConfUtils.java:logGet(46)) - raft.server.log.force.sync.num = 128 (default)
2022-10-14 20:48:24,224 [pool-295-thread-1] INFO  server.RaftServerConfigKeys (ConfUtils.java:logGet(46)) - raft.server.log.statemachine.data.sync = true (default)
2022-10-14 20:48:24,224 [pool-295-thread-1] INFO  server.RaftServerConfigKeys (ConfUtils.java:logGet(46)) - raft.server.log.statemachine.data.sync.timeout = 10s (default)
2022-10-14 20:48:24,224 [pool-295-thread-1] INFO  server.RaftServerConfigKeys (ConfUtils.java:logGet(46)) - raft.server.log.statemachine.data.sync.timeout.retry = -1 (default)
2022-10-14 20:48:24,224 [pool-295-thread-1] INFO  server.RaftServerConfigKeys (ConfUtils.java:logGet(46)) - raft.server.log.write.buffer.size = 1048576 (custom)
2022-10-14 20:48:24,225 [pool-295-thread-1] INFO  server.RaftServerConfigKeys (ConfUtils.java:logGet(46)) - raft.server.log.unsafe-flush.enabled = false (default)
2022-10-14 20:48:24,225 [pool-295-thread-1] INFO  server.RaftServerConfigKeys (ConfUtils.java:logGet(46)) - raft.server.log.statemachine.data.caching.enabled = true (custom)
2022-10-14 20:48:24,225 [pool-295-thread-1] INFO  segmented.SegmentedRaftLogWorker (SegmentedRaftLogWorker.java:lambda$new$0(135)) - 7caf7f47-8d76-4e84-850d-743f4336bef8@group-A3E353C6E768-SegmentedRaftLogWorker: flushIndex: setUnconditionally 0 -> -1
2022-10-14 20:48:24,226 [pool-295-thread-1] INFO  segmented.SegmentedRaftLogWorker (SegmentedRaftLogWorker.java:lambda$new$0(135)) - 7caf7f47-8d76-4e84-850d-743f4336bef8@group-A3E353C6E768-SegmentedRaftLogWorker: safeCacheEvictIndex: setUnconditionally 0 -> -1
2022-10-14 20:48:24,226 [pool-295-thread-1] INFO  server.RaftServerConfigKeys (ConfUtils.java:logGet(46)) - raft.server.snapshot.auto.trigger.enabled = true (custom)
2022-10-14 20:48:24,226 [pool-295-thread-1] INFO  server.RaftServerConfigKeys (ConfUtils.java:logGet(46)) - raft.server.snapshot.auto.trigger.threshold = 10000 (custom)
2022-10-14 20:48:24,226 [pool-295-thread-1] INFO  server.RaftServerConfigKeys (ConfUtils.java:logGet(46)) - raft.server.snapshot.retention.file.num = 5 (custom)
2022-10-14 20:48:24,226 [pool-295-thread-1] INFO  server.RaftServerConfigKeys (ConfUtils.java:logGet(46)) - raft.server.log.purge.upto.snapshot.index = false (default)
2022-10-14 20:48:24,226 [pool-295-thread-1] INFO  server.RaftServerConfigKeys (ConfUtils.java:logGet(46)) - raft.server.retrycache.expirytime = 600000ms (custom)
2022-10-14 20:48:24,226 [pool-295-thread-1] INFO  server.RaftServerConfigKeys (ConfUtils.java:logGet(46)) - raft.server.retrycache.statistics.expirytime = 100μs (default)
2022-10-14 20:48:24,227 [pool-295-thread-1] INFO  server.RaftServerConfigKeys (ConfUtils.java:logGet(46)) - raft.server.log.appender.install.snapshot.enabled = false (custom)
2022-10-14 20:48:24,227 [pool-295-thread-1] INFO  server.RaftServerConfigKeys (ConfUtils.java:logGet(46)) - raft.server.threadpool.server.cached = true (default)
2022-10-14 20:48:24,227 [pool-295-thread-1] INFO  server.RaftServerConfigKeys (ConfUtils.java:logGet(46)) - raft.server.threadpool.server.size = 0 (default)
2022-10-14 20:48:24,227 [pool-295-thread-1] INFO  server.RaftServerConfigKeys (ConfUtils.java:logGet(46)) - raft.server.threadpool.client.cached = true (default)
2022-10-14 20:48:24,227 [pool-295-thread-1] INFO  server.RaftServerConfigKeys (ConfUtils.java:logGet(46)) - raft.server.threadpool.client.size = 0 (default)
2022-10-14 20:48:24,227 [pool-295-thread-1] INFO  server.RaftServer$Division (RaftServerImpl.java:start(310)) - 7caf7f47-8d76-4e84-850d-743f4336bef8@group-A3E353C6E768: start as a follower, conf=-1: [7caf7f47-8d76-4e84-850d-743f4336bef8|rpc:10.1.0.226:46807|priority:1], old=null
2022-10-14 20:48:24,227 [pool-295-thread-1] INFO  server.RaftServer$Division (RaftServerImpl.java:setRole(299)) - 7caf7f47-8d76-4e84-850d-743f4336bef8@group-A3E353C6E768: changes role from      null to FOLLOWER at term 0 for startAsFollower
2022-10-14 20:48:24,228 [pool-295-thread-1] INFO  impl.RoleInfo (RoleInfo.java:updateAndGet(139)) - 7caf7f47-8d76-4e84-850d-743f4336bef8: start 7caf7f47-8d76-4e84-850d-743f4336bef8@group-A3E353C6E768-FollowerState
2022-10-14 20:48:24,228 [pool-295-thread-1] INFO  util.JmxRegister (JmxRegister.java:tryRegister(44)) - Successfully registered JMX Bean with object name Ratis:service=RaftServer,group=group-A3E353C6E768,id=7caf7f47-8d76-4e84-850d-743f4336bef8
2022-10-14 20:48:24,229 [Command processor thread] INFO  ratis.XceiverServerRatis (XceiverServerRatis.java:addGroup(765)) - Created group PipelineID=5da042a4-ed82-47de-83fa-a3e353c6e768
2022-10-14 20:48:24,229 [Command processor thread] INFO  commandhandler.CreatePipelineCommandHandler (CreatePipelineCommandHandler.java:handle(113)) - Created Pipeline RATIS ONE PipelineID=5da042a4-ed82-47de-83fa-a3e353c6e768.
2022-10-14 20:48:25,205 [Listener at 127.0.0.1/41743] INFO  ozone.MiniOzoneClusterImpl (MiniOzoneClusterImpl.java:lambda$waitForClusterToBeReady$0(216)) - Nodes are ready. Got 10 of 10 DN Heartbeats.
2022-10-14 20:48:25,206 [Listener at 127.0.0.1/41743] INFO  ozone.MiniOzoneClusterImpl (MiniOzoneClusterImpl.java:lambda$waitForClusterToBeReady$0(219)) - Waiting for cluster to exit safe mode
2022-10-14 20:48:25,206 [Listener at 127.0.0.1/41743] INFO  ozone.MiniOzoneClusterImpl (MiniOzoneClusterImpl.java:lambda$waitForClusterToBeReady$0(221)) - SCM became leader
2022-10-14 20:48:25,521 [e247b98c-9a86-486e-b3b1-fa195c9418a4@group-DE1B8656D588-FollowerState] INFO  impl.FollowerState (FollowerState.java:run(143)) - e247b98c-9a86-486e-b3b1-fa195c9418a4@group-DE1B8656D588-FollowerState: change to CANDIDATE, lastRpcElapsedTime:5091257269ns, electionTimeout:5081ms
2022-10-14 20:48:25,521 [e247b98c-9a86-486e-b3b1-fa195c9418a4@group-DE1B8656D588-FollowerState] INFO  impl.RoleInfo (RoleInfo.java:shutdownFollowerState(110)) - e247b98c-9a86-486e-b3b1-fa195c9418a4: shutdown e247b98c-9a86-486e-b3b1-fa195c9418a4@group-DE1B8656D588-FollowerState
2022-10-14 20:48:25,521 [e247b98c-9a86-486e-b3b1-fa195c9418a4@group-DE1B8656D588-FollowerState] INFO  server.RaftServer$Division (RaftServerImpl.java:setRole(299)) - e247b98c-9a86-486e-b3b1-fa195c9418a4@group-DE1B8656D588: changes role from  FOLLOWER to CANDIDATE at term 0 for changeToCandidate
2022-10-14 20:48:25,521 [e247b98c-9a86-486e-b3b1-fa195c9418a4@group-DE1B8656D588-FollowerState] INFO  server.RaftServerConfigKeys (ConfUtils.java:logGet(46)) - raft.server.leaderelection.pre-vote = false (custom)
2022-10-14 20:48:25,521 [e247b98c-9a86-486e-b3b1-fa195c9418a4@group-DE1B8656D588-FollowerState] INFO  impl.RoleInfo (RoleInfo.java:updateAndGet(139)) - e247b98c-9a86-486e-b3b1-fa195c9418a4: start e247b98c-9a86-486e-b3b1-fa195c9418a4@group-DE1B8656D588-LeaderElection2
2022-10-14 20:48:25,531 [e247b98c-9a86-486e-b3b1-fa195c9418a4@group-DE1B8656D588-LeaderElection2] INFO  impl.LeaderElection (LeaderElection.java:askForVotes(310)) - e247b98c-9a86-486e-b3b1-fa195c9418a4@group-DE1B8656D588-LeaderElection2 ELECTION round 0: submit vote requests at term 1 for -1: [e247b98c-9a86-486e-b3b1-fa195c9418a4|rpc:10.1.0.226:46677|priority:1], old=null
2022-10-14 20:48:25,531 [e247b98c-9a86-486e-b3b1-fa195c9418a4@group-DE1B8656D588-LeaderElection2] INFO  impl.LeaderElection (LeaderElection.java:askForVotes(312)) - e247b98c-9a86-486e-b3b1-fa195c9418a4@group-DE1B8656D588-LeaderElection2 ELECTION round 0: result PASSED (term=1)
2022-10-14 20:48:25,531 [e247b98c-9a86-486e-b3b1-fa195c9418a4@group-DE1B8656D588-LeaderElection2] INFO  impl.RoleInfo (RoleInfo.java:shutdownLeaderElection(130)) - e247b98c-9a86-486e-b3b1-fa195c9418a4: shutdown e247b98c-9a86-486e-b3b1-fa195c9418a4@group-DE1B8656D588-LeaderElection2
2022-10-14 20:48:25,531 [e247b98c-9a86-486e-b3b1-fa195c9418a4@group-DE1B8656D588-LeaderElection2] INFO  server.RaftServer$Division (RaftServerImpl.java:setRole(299)) - e247b98c-9a86-486e-b3b1-fa195c9418a4@group-DE1B8656D588: changes role from CANDIDATE to LEADER at term 1 for changeToLeader
2022-10-14 20:48:25,531 [e247b98c-9a86-486e-b3b1-fa195c9418a4@group-DE1B8656D588-LeaderElection2] INFO  ratis.XceiverServerRatis (XceiverServerRatis.java:handleLeaderChangedNotification(863)) - Leader change notification received for group: group-DE1B8656D588 with new leaderId: e247b98c-9a86-486e-b3b1-fa195c9418a4
2022-10-14 20:48:25,531 [e247b98c-9a86-486e-b3b1-fa195c9418a4@group-DE1B8656D588-LeaderElection2] INFO  server.RaftServer$Division (ServerState.java:setLeader(287)) - e247b98c-9a86-486e-b3b1-fa195c9418a4@group-DE1B8656D588: change Leader from null to e247b98c-9a86-486e-b3b1-fa195c9418a4 at term 1 for becomeLeader, leader elected after 5125ms
2022-10-14 20:48:25,531 [e247b98c-9a86-486e-b3b1-fa195c9418a4@group-DE1B8656D588-LeaderElection2] INFO  server.RaftServerConfigKeys (ConfUtils.java:logGet(46)) - raft.server.staging.catchup.gap = 1000 (default)
2022-10-14 20:48:25,532 [e247b98c-9a86-486e-b3b1-fa195c9418a4@group-DE1B8656D588-LeaderElection2] INFO  server.RaftServerConfigKeys (ConfUtils.java:logGet(46)) - raft.server.write.element-limit = 1024 (custom)
2022-10-14 20:48:25,532 [e247b98c-9a86-486e-b3b1-fa195c9418a4@group-DE1B8656D588-LeaderElection2] INFO  server.RaftServerConfigKeys (ConfUtils.java:logGet(46)) - raft.server.write.byte-limit = 1024 M (=1073741824) (custom)
2022-10-14 20:48:25,532 [e247b98c-9a86-486e-b3b1-fa195c9418a4@group-DE1B8656D588-LeaderElection2] INFO  server.RaftServerConfigKeys (ConfUtils.java:logGet(46)) - raft.server.watch.timeout = 180s (custom)
2022-10-14 20:48:25,532 [e247b98c-9a86-486e-b3b1-fa195c9418a4@group-DE1B8656D588-LeaderElection2] INFO  server.RaftServerConfigKeys (ConfUtils.java:logGet(46)) - raft.server.watch.timeout.denomination = 1s (default)
2022-10-14 20:48:25,532 [e247b98c-9a86-486e-b3b1-fa195c9418a4@group-DE1B8656D588-LeaderElection2] INFO  server.RaftServerConfigKeys (ConfUtils.java:logGet(46)) - raft.server.watch.element-limit = 65536 (default)
2022-10-14 20:48:25,532 [e247b98c-9a86-486e-b3b1-fa195c9418a4@group-DE1B8656D588-LeaderElection2] INFO  server.RaftServerConfigKeys (ConfUtils.java:logGet(46)) - raft.server.write.element-limit = 1024 (custom)
2022-10-14 20:48:25,532 [e247b98c-9a86-486e-b3b1-fa195c9418a4@group-DE1B8656D588-LeaderElection2] INFO  server.RaftServerConfigKeys (ConfUtils.java:logGet(46)) - raft.server.write.follower.gap.ratio.max = -1.0 (default)
2022-10-14 20:48:25,533 [e247b98c-9a86-486e-b3b1-fa195c9418a4@group-DE1B8656D588-LeaderElection2] INFO  impl.RoleInfo (RoleInfo.java:updateAndGet(139)) - e247b98c-9a86-486e-b3b1-fa195c9418a4: start e247b98c-9a86-486e-b3b1-fa195c9418a4@group-DE1B8656D588-LeaderStateImpl
2022-10-14 20:48:25,533 [e247b98c-9a86-486e-b3b1-fa195c9418a4@group-DE1B8656D588-LeaderElection2] INFO  segmented.SegmentedRaftLogWorker (SegmentedRaftLogWorker.java:startLogSegment(425)) - e247b98c-9a86-486e-b3b1-fa195c9418a4@group-DE1B8656D588-SegmentedRaftLogWorker: Starting segment from index:0
2022-10-14 20:48:25,533 [EventQueue-OpenPipelineForHealthyPipelineSafeModeRule] INFO  safemode.SCMSafeModeManager (HealthyPipelineSafeModeRule.java:process(137)) - SCM in safe mode. Healthy pipelines reported count is 0, required healthy pipeline reported count is 1
2022-10-14 20:48:25,536 [e247b98c-9a86-486e-b3b1-fa195c9418a4@group-DE1B8656D588-SegmentedRaftLogWorker] INFO  segmented.SegmentedRaftLogWorker (SegmentedRaftLogWorker.java:execute(629)) - e247b98c-9a86-486e-b3b1-fa195c9418a4@group-DE1B8656D588-SegmentedRaftLogWorker: created new log segment /home/runner/work/ozone/ozone/hadoop-ozone/integration-test/target/test-dir/MiniOzoneClusterImpl-1e9d71ba-d753-4201-9665-5e97e6b64b9c/datanode-0/data/ratis/1277df31-a3ec-4141-a6f9-de1b8656d588/current/log_inprogress_0
2022-10-14 20:48:25,552 [e247b98c-9a86-486e-b3b1-fa195c9418a4@group-DE1B8656D588-LeaderElection2] INFO  server.RaftServer$Division (ServerState.java:setRaftConf(393)) - e247b98c-9a86-486e-b3b1-fa195c9418a4@group-DE1B8656D588: set configuration 0: [e247b98c-9a86-486e-b3b1-fa195c9418a4|rpc:10.1.0.226:46677|dataStream:|priority:1], old=null
2022-10-14 20:48:25,611 [e247b98c-9a86-486e-b3b1-fa195c9418a4@group-E555343BB60F-FollowerState] INFO  impl.FollowerState (FollowerState.java:run(143)) - e247b98c-9a86-486e-b3b1-fa195c9418a4@group-E555343BB60F-FollowerState: change to CANDIDATE, lastRpcElapsedTime:5141660011ns, electionTimeout:5132ms
2022-10-14 20:48:25,613 [e247b98c-9a86-486e-b3b1-fa195c9418a4@group-E555343BB60F-FollowerState] INFO  impl.RoleInfo (RoleInfo.java:shutdownFollowerState(110)) - e247b98c-9a86-486e-b3b1-fa195c9418a4: shutdown e247b98c-9a86-486e-b3b1-fa195c9418a4@group-E555343BB60F-FollowerState
2022-10-14 20:48:25,613 [e247b98c-9a86-486e-b3b1-fa195c9418a4@group-E555343BB60F-FollowerState] INFO  server.RaftServer$Division (RaftServerImpl.java:setRole(299)) - e247b98c-9a86-486e-b3b1-fa195c9418a4@group-E555343BB60F: changes role from  FOLLOWER to CANDIDATE at term 0 for changeToCandidate
2022-10-14 20:48:25,613 [e247b98c-9a86-486e-b3b1-fa195c9418a4@group-E555343BB60F-FollowerState] INFO  server.RaftServerConfigKeys (ConfUtils.java:logGet(46)) - raft.server.leaderelection.pre-vote = false (custom)
2022-10-14 20:48:25,613 [e247b98c-9a86-486e-b3b1-fa195c9418a4@group-E555343BB60F-FollowerState] INFO  impl.RoleInfo (RoleInfo.java:updateAndGet(139)) - e247b98c-9a86-486e-b3b1-fa195c9418a4: start e247b98c-9a86-486e-b3b1-fa195c9418a4@group-E555343BB60F-LeaderElection3
2022-10-14 20:48:25,617 [e247b98c-9a86-486e-b3b1-fa195c9418a4@group-E555343BB60F-LeaderElection3] INFO  impl.LeaderElection (LeaderElection.java:askForVotes(310)) - e247b98c-9a86-486e-b3b1-fa195c9418a4@group-E555343BB60F-LeaderElection3 ELECTION round 0: submit vote requests at term 1 for -1: [e247b98c-9a86-486e-b3b1-fa195c9418a4|rpc:10.1.0.226:46677|priority:0, 8b5383b3-e7bf-4722-baeb-dd5c06b347e3|rpc:10.1.0.226:34173|priority:0, b5e52be0-4491-4e69-96e1-10d94051f40c|rpc:10.1.0.226:37041|priority:1], old=null
2022-10-14 20:48:25,645 [grpc-default-executor-2] INFO  server.RaftServer$Division (RaftServerImpl.java:requestVote(1152)) - 8b5383b3-e7bf-4722-baeb-dd5c06b347e3@group-E555343BB60F: receive requestVote(ELECTION, e247b98c-9a86-486e-b3b1-fa195c9418a4, group-E555343BB60F, 1, (t:0, i:0))
2022-10-14 20:48:25,647 [grpc-default-executor-2] INFO  impl.VoteContext (VoteContext.java:log(48)) - 8b5383b3-e7bf-4722-baeb-dd5c06b347e3@group-E555343BB60F-FOLLOWER: accept ELECTION from e247b98c-9a86-486e-b3b1-fa195c9418a4: our priority 0 <= candidate's priority 0
2022-10-14 20:48:25,652 [grpc-default-executor-0] INFO  server.RaftServer$Division (RaftServerImpl.java:requestVote(1152)) - b5e52be0-4491-4e69-96e1-10d94051f40c@group-E555343BB60F: receive requestVote(ELECTION, e247b98c-9a86-486e-b3b1-fa195c9418a4, group-E555343BB60F, 1, (t:0, i:0))
2022-10-14 20:48:25,653 [grpc-default-executor-2] INFO  server.RaftServer$Division (RaftServerImpl.java:setRole(299)) - 8b5383b3-e7bf-4722-baeb-dd5c06b347e3@group-E555343BB60F: changes role from  FOLLOWER to FOLLOWER at term 1 for candidate:e247b98c-9a86-486e-b3b1-fa195c9418a4
2022-10-14 20:48:25,653 [grpc-default-executor-0] INFO  impl.VoteContext (VoteContext.java:log(48)) - b5e52be0-4491-4e69-96e1-10d94051f40c@group-E555343BB60F-FOLLOWER: reject ELECTION from e247b98c-9a86-486e-b3b1-fa195c9418a4: our priority 1 > candidate's priority 0
2022-10-14 20:48:25,654 [grpc-default-executor-0] INFO  server.RaftServer$Division (RaftServerImpl.java:setRole(299)) - b5e52be0-4491-4e69-96e1-10d94051f40c@group-E555343BB60F: changes role from  FOLLOWER to FOLLOWER at term 1 for candidate:e247b98c-9a86-486e-b3b1-fa195c9418a4
2022-10-14 20:48:25,654 [grpc-default-executor-0] INFO  impl.RoleInfo (RoleInfo.java:shutdownFollowerState(110)) - b5e52be0-4491-4e69-96e1-10d94051f40c: shutdown b5e52be0-4491-4e69-96e1-10d94051f40c@group-E555343BB60F-FollowerState
2022-10-14 20:48:25,654 [grpc-default-executor-0] INFO  impl.RoleInfo (RoleInfo.java:updateAndGet(139)) - b5e52be0-4491-4e69-96e1-10d94051f40c: start b5e52be0-4491-4e69-96e1-10d94051f40c@group-E555343BB60F-FollowerState
2022-10-14 20:48:25,653 [grpc-default-executor-2] INFO  impl.RoleInfo (RoleInfo.java:shutdownFollowerState(110)) - 8b5383b3-e7bf-4722-baeb-dd5c06b347e3: shutdown 8b5383b3-e7bf-4722-baeb-dd5c06b347e3@group-E555343BB60F-FollowerState
2022-10-14 20:48:25,654 [b5e52be0-4491-4e69-96e1-10d94051f40c@group-E555343BB60F-FollowerState] INFO  impl.FollowerState (FollowerState.java:run(152)) - b5e52be0-4491-4e69-96e1-10d94051f40c@group-E555343BB60F-FollowerState was interrupted
2022-10-14 20:48:25,654 [grpc-default-executor-2] INFO  impl.RoleInfo (RoleInfo.java:updateAndGet(139)) - 8b5383b3-e7bf-4722-baeb-dd5c06b347e3: start 8b5383b3-e7bf-4722-baeb-dd5c06b347e3@group-E555343BB60F-FollowerState
2022-10-14 20:48:25,659 [grpc-default-executor-0] INFO  server.RaftServer$Division (RaftServerImpl.java:requestVote(1184)) - b5e52be0-4491-4e69-96e1-10d94051f40c@group-E555343BB60F replies to ELECTION vote request: e247b98c-9a86-486e-b3b1-fa195c9418a4<-b5e52be0-4491-4e69-96e1-10d94051f40c#0:FAIL-t1. Peer's state: b5e52be0-4491-4e69-96e1-10d94051f40c@group-E555343BB60F:t1, leader=null, voted=null, raftlog=b5e52be0-4491-4e69-96e1-10d94051f40c@group-E555343BB60F-SegmentedRaftLog:OPENED:c-1, conf=-1: [e247b98c-9a86-486e-b3b1-fa195c9418a4|rpc:10.1.0.226:46677|dataStream:|priority:0, 8b5383b3-e7bf-4722-baeb-dd5c06b347e3|rpc:10.1.0.226:34173|dataStream:|priority:0, b5e52be0-4491-4e69-96e1-10d94051f40c|rpc:10.1.0.226:37041|dataStream:|priority:1], old=null
2022-10-14 20:48:25,662 [grpc-default-executor-2] INFO  server.RaftServer$Division (RaftServerImpl.java:requestVote(1184)) - 8b5383b3-e7bf-4722-baeb-dd5c06b347e3@group-E555343BB60F replies to ELECTION vote request: e247b98c-9a86-486e-b3b1-fa195c9418a4<-8b5383b3-e7bf-4722-baeb-dd5c06b347e3#0:OK-t1. Peer's state: 8b5383b3-e7bf-4722-baeb-dd5c06b347e3@group-E555343BB60F:t1, leader=null, voted=e247b98c-9a86-486e-b3b1-fa195c9418a4, raftlog=8b5383b3-e7bf-4722-baeb-dd5c06b347e3@group-E555343BB60F-SegmentedRaftLog:OPENED:c-1, conf=-1: [e247b98c-9a86-486e-b3b1-fa195c9418a4|rpc:10.1.0.226:46677|priority:0, 8b5383b3-e7bf-4722-baeb-dd5c06b347e3|rpc:10.1.0.226:34173|priority:0, b5e52be0-4491-4e69-96e1-10d94051f40c|rpc:10.1.0.226:37041|priority:1], old=null
2022-10-14 20:48:25,665 [e247b98c-9a86-486e-b3b1-fa195c9418a4@group-E555343BB60F-LeaderElection3] INFO  impl.LeaderElection (LeaderElection.java:logAndReturn(90)) - e247b98c-9a86-486e-b3b1-fa195c9418a4@group-E555343BB60F-LeaderElection3: ELECTION REJECTED received 2 response(s) and 0 exception(s):
2022-10-14 20:48:25,666 [8b5383b3-e7bf-4722-baeb-dd5c06b347e3@group-E555343BB60F-FollowerState] INFO  impl.FollowerState (FollowerState.java:run(152)) - 8b5383b3-e7bf-4722-baeb-dd5c06b347e3@group-E555343BB60F-FollowerState was interrupted
2022-10-14 20:48:25,666 [e247b98c-9a86-486e-b3b1-fa195c9418a4@group-E555343BB60F-LeaderElection3] INFO  impl.LeaderElection (LeaderElection.java:logAndReturn(94)) -   Response 0: e247b98c-9a86-486e-b3b1-fa195c9418a4<-8b5383b3-e7bf-4722-baeb-dd5c06b347e3#0:OK-t1
2022-10-14 20:48:25,668 [e247b98c-9a86-486e-b3b1-fa195c9418a4@group-E555343BB60F-LeaderElection3] INFO  impl.LeaderElection (LeaderElection.java:logAndReturn(94)) -   Response 1: e247b98c-9a86-486e-b3b1-fa195c9418a4<-b5e52be0-4491-4e69-96e1-10d94051f40c#0:FAIL-t1
2022-10-14 20:48:25,668 [e247b98c-9a86-486e-b3b1-fa195c9418a4@group-E555343BB60F-LeaderElection3] INFO  impl.LeaderElection (LeaderElection.java:askForVotes(312)) - e247b98c-9a86-486e-b3b1-fa195c9418a4@group-E555343BB60F-LeaderElection3 ELECTION round 0: result REJECTED
2022-10-14 20:48:25,668 [e247b98c-9a86-486e-b3b1-fa195c9418a4@group-E555343BB60F-LeaderElection3] INFO  server.RaftServer$Division (RaftServerImpl.java:setRole(299)) - e247b98c-9a86-486e-b3b1-fa195c9418a4@group-E555343BB60F: changes role from CANDIDATE to FOLLOWER at term 1 for REJECTED
2022-10-14 20:48:25,668 [e247b98c-9a86-486e-b3b1-fa195c9418a4@group-E555343BB60F-LeaderElection3] INFO  impl.RoleInfo (RoleInfo.java:shutdownLeaderElection(130)) - e247b98c-9a86-486e-b3b1-fa195c9418a4: shutdown e247b98c-9a86-486e-b3b1-fa195c9418a4@group-E555343BB60F-LeaderElection3
2022-10-14 20:48:25,668 [e247b98c-9a86-486e-b3b1-fa195c9418a4@group-E555343BB60F-LeaderElection3] INFO  impl.RoleInfo (RoleInfo.java:updateAndGet(139)) - e247b98c-9a86-486e-b3b1-fa195c9418a4: start e247b98c-9a86-486e-b3b1-fa195c9418a4@group-E555343BB60F-FollowerState
2022-10-14 20:48:26,141 [8b5383b3-e7bf-4722-baeb-dd5c06b347e3@group-D4EED27C3F9C-FollowerState] INFO  impl.FollowerState (FollowerState.java:run(143)) - 8b5383b3-e7bf-4722-baeb-dd5c06b347e3@group-D4EED27C3F9C-FollowerState: change to CANDIDATE, lastRpcElapsedTime:5066406479ns, electionTimeout:5056ms
2022-10-14 20:48:26,141 [8b5383b3-e7bf-4722-baeb-dd5c06b347e3@group-D4EED27C3F9C-FollowerState] INFO  impl.RoleInfo (RoleInfo.java:shutdownFollowerState(110)) - 8b5383b3-e7bf-4722-baeb-dd5c06b347e3: shutdown 8b5383b3-e7bf-4722-baeb-dd5c06b347e3@group-D4EED27C3F9C-FollowerState
2022-10-14 20:48:26,141 [8b5383b3-e7bf-4722-baeb-dd5c06b347e3@group-D4EED27C3F9C-FollowerState] INFO  server.RaftServer$Division (RaftServerImpl.java:setRole(299)) - 8b5383b3-e7bf-4722-baeb-dd5c06b347e3@group-D4EED27C3F9C: changes role from  FOLLOWER to CANDIDATE at term 0 for changeToCandidate
2022-10-14 20:48:26,142 [8b5383b3-e7bf-4722-baeb-dd5c06b347e3@group-D4EED27C3F9C-FollowerState] INFO  server.RaftServerConfigKeys (ConfUtils.java:logGet(46)) - raft.server.leaderelection.pre-vote = false (custom)
2022-10-14 20:48:26,142 [8b5383b3-e7bf-4722-baeb-dd5c06b347e3@group-D4EED27C3F9C-FollowerState] INFO  impl.RoleInfo (RoleInfo.java:updateAndGet(139)) - 8b5383b3-e7bf-4722-baeb-dd5c06b347e3: start 8b5383b3-e7bf-4722-baeb-dd5c06b347e3@group-D4EED27C3F9C-LeaderElection4
2022-10-14 20:48:26,147 [8b5383b3-e7bf-4722-baeb-dd5c06b347e3@group-D4EED27C3F9C-LeaderElection4] INFO  impl.LeaderElection (LeaderElection.java:askForVotes(310)) - 8b5383b3-e7bf-4722-baeb-dd5c06b347e3@group-D4EED27C3F9C-LeaderElection4 ELECTION round 0: submit vote requests at term 1 for -1: [8b5383b3-e7bf-4722-baeb-dd5c06b347e3|rpc:10.1.0.226:34173|priority:1], old=null
2022-10-14 20:48:26,147 [8b5383b3-e7bf-4722-baeb-dd5c06b347e3@group-D4EED27C3F9C-LeaderElection4] INFO  impl.LeaderElection (LeaderElection.java:askForVotes(312)) - 8b5383b3-e7bf-4722-baeb-dd5c06b347e3@group-D4EED27C3F9C-LeaderElection4 ELECTION round 0: result PASSED (term=1)
2022-10-14 20:48:26,147 [8b5383b3-e7bf-4722-baeb-dd5c06b347e3@group-D4EED27C3F9C-LeaderElection4] INFO  impl.RoleInfo (RoleInfo.java:shutdownLeaderElection(130)) - 8b5383b3-e7bf-4722-baeb-dd5c06b347e3: shutdown 8b5383b3-e7bf-4722-baeb-dd5c06b347e3@group-D4EED27C3F9C-LeaderElection4
2022-10-14 20:48:26,147 [8b5383b3-e7bf-4722-baeb-dd5c06b347e3@group-D4EED27C3F9C-LeaderElection4] INFO  server.RaftServer$Division (RaftServerImpl.java:setRole(299)) - 8b5383b3-e7bf-4722-baeb-dd5c06b347e3@group-D4EED27C3F9C: changes role from CANDIDATE to LEADER at term 1 for changeToLeader
2022-10-14 20:48:26,148 [8b5383b3-e7bf-4722-baeb-dd5c06b347e3@group-D4EED27C3F9C-LeaderElection4] INFO  ratis.XceiverServerRatis (XceiverServerRatis.java:handleLeaderChangedNotification(863)) - Leader change notification received for group: group-D4EED27C3F9C with new leaderId: 8b5383b3-e7bf-4722-baeb-dd5c06b347e3
2022-10-14 20:48:26,148 [8b5383b3-e7bf-4722-baeb-dd5c06b347e3@group-D4EED27C3F9C-LeaderElection4] INFO  server.RaftServer$Division (ServerState.java:setLeader(287)) - 8b5383b3-e7bf-4722-baeb-dd5c06b347e3@group-D4EED27C3F9C: change Leader from null to 8b5383b3-e7bf-4722-baeb-dd5c06b347e3 at term 1 for becomeLeader, leader elected after 5102ms
2022-10-14 20:48:26,148 [8b5383b3-e7bf-4722-baeb-dd5c06b347e3@group-D4EED27C3F9C-LeaderElection4] INFO  server.RaftServerConfigKeys (ConfUtils.java:logGet(46)) - raft.server.staging.catchup.gap = 1000 (default)
2022-10-14 20:48:26,148 [8b5383b3-e7bf-4722-baeb-dd5c06b347e3@group-D4EED27C3F9C-LeaderElection4] INFO  server.RaftServerConfigKeys (ConfUtils.java:logGet(46)) - raft.server.write.element-limit = 1024 (custom)
2022-10-14 20:48:26,148 [8b5383b3-e7bf-4722-baeb-dd5c06b347e3@group-D4EED27C3F9C-LeaderElection4] INFO  server.RaftServerConfigKeys (ConfUtils.java:logGet(46)) - raft.server.write.byte-limit = 1024 M (=1073741824) (custom)
2022-10-14 20:48:26,149 [8b5383b3-e7bf-4722-baeb-dd5c06b347e3@group-D4EED27C3F9C-LeaderElection4] INFO  server.RaftServerConfigKeys (ConfUtils.java:logGet(46)) - raft.server.watch.timeout = 180s (custom)
2022-10-14 20:48:26,149 [8b5383b3-e7bf-4722-baeb-dd5c06b347e3@group-D4EED27C3F9C-LeaderElection4] INFO  server.RaftServerConfigKeys (ConfUtils.java:logGet(46)) - raft.server.watch.timeout.denomination = 1s (default)
2022-10-14 20:48:26,149 [8b5383b3-e7bf-4722-baeb-dd5c06b347e3@group-D4EED27C3F9C-LeaderElection4] INFO  server.RaftServerConfigKeys (ConfUtils.java:logGet(46)) - raft.server.watch.element-limit = 65536 (default)
2022-10-14 20:48:26,149 [8b5383b3-e7bf-4722-baeb-dd5c06b347e3@group-D4EED27C3F9C-LeaderElection4] INFO  server.RaftServerConfigKeys (ConfUtils.java:logGet(46)) - raft.server.write.element-limit = 1024 (custom)
2022-10-14 20:48:26,149 [8b5383b3-e7bf-4722-baeb-dd5c06b347e3@group-D4EED27C3F9C-LeaderElection4] INFO  server.RaftServerConfigKeys (ConfUtils.java:logGet(46)) - raft.server.write.follower.gap.ratio.max = -1.0 (default)
2022-10-14 20:48:26,149 [8b5383b3-e7bf-4722-baeb-dd5c06b347e3@group-D4EED27C3F9C-LeaderElection4] INFO  impl.RoleInfo (RoleInfo.java:updateAndGet(139)) - 8b5383b3-e7bf-4722-baeb-dd5c06b347e3: start 8b5383b3-e7bf-4722-baeb-dd5c06b347e3@group-D4EED27C3F9C-LeaderStateImpl
2022-10-14 20:48:26,150 [8b5383b3-e7bf-4722-baeb-dd5c06b347e3@group-D4EED27C3F9C-LeaderElection4] INFO  segmented.SegmentedRaftLogWorker (SegmentedRaftLogWorker.java:startLogSegment(425)) - 8b5383b3-e7bf-4722-baeb-dd5c06b347e3@group-D4EED27C3F9C-SegmentedRaftLogWorker: Starting segment from index:0
2022-10-14 20:48:26,151 [EventQueue-OpenPipelineForHealthyPipelineSafeModeRule] INFO  safemode.SCMSafeModeManager (HealthyPipelineSafeModeRule.java:process(137)) - SCM in safe mode. Healthy pipelines reported count is 0, required healthy pipeline reported count is 1
2022-10-14 20:48:26,158 [8b5383b3-e7bf-4722-baeb-dd5c06b347e3@group-D4EED27C3F9C-LeaderElection4] INFO  server.RaftServer$Division (ServerState.java:setRaftConf(393)) - 8b5383b3-e7bf-4722-baeb-dd5c06b347e3@group-D4EED27C3F9C: set configuration 0: [8b5383b3-e7bf-4722-baeb-dd5c06b347e3|rpc:10.1.0.226:34173|dataStream:|priority:1], old=null
2022-10-14 20:48:26,160 [8b5383b3-e7bf-4722-baeb-dd5c06b347e3@group-D4EED27C3F9C-SegmentedRaftLogWorker] INFO  segmented.SegmentedRaftLogWorker (SegmentedRaftLogWorker.java:execute(629)) - 8b5383b3-e7bf-4722-baeb-dd5c06b347e3@group-D4EED27C3F9C-SegmentedRaftLogWorker: created new log segment /home/runner/work/ozone/ozone/hadoop-ozone/integration-test/target/test-dir/MiniOzoneClusterImpl-1e9d71ba-d753-4201-9665-5e97e6b64b9c/datanode-1/data/ratis/4e69b451-5eca-4943-8520-d4eed27c3f9c/current/log_inprogress_0
2022-10-14 20:48:26,206 [Listener at 127.0.0.1/41743] INFO  ozone.MiniOzoneClusterImpl (MiniOzoneClusterImpl.java:lambda$waitForClusterToBeReady$0(216)) - Nodes are ready. Got 10 of 10 DN Heartbeats.
2022-10-14 20:48:26,206 [Listener at 127.0.0.1/41743] INFO  ozone.MiniOzoneClusterImpl (MiniOzoneClusterImpl.java:lambda$waitForClusterToBeReady$0(219)) - Waiting for cluster to exit safe mode
2022-10-14 20:48:26,206 [Listener at 127.0.0.1/41743] INFO  ozone.MiniOzoneClusterImpl (MiniOzoneClusterImpl.java:lambda$waitForClusterToBeReady$0(221)) - SCM became leader
2022-10-14 20:48:26,425 [e247b98c-9a86-486e-b3b1-fa195c9418a4@group-2ECA46B087C1-FollowerState] INFO  impl.FollowerState (FollowerState.java:run(143)) - e247b98c-9a86-486e-b3b1-fa195c9418a4@group-2ECA46B087C1-FollowerState: change to CANDIDATE, lastRpcElapsedTime:5016958097ns, electionTimeout:5014ms
2022-10-14 20:48:26,425 [e247b98c-9a86-486e-b3b1-fa195c9418a4@group-2ECA46B087C1-FollowerState] INFO  impl.RoleInfo (RoleInfo.java:shutdownFollowerState(110)) - e247b98c-9a86-486e-b3b1-fa195c9418a4: shutdown e247b98c-9a86-486e-b3b1-fa195c9418a4@group-2ECA46B087C1-FollowerState
2022-10-14 20:48:26,425 [e247b98c-9a86-486e-b3b1-fa195c9418a4@group-2ECA46B087C1-FollowerState] INFO  server.RaftServer$Division (RaftServerImpl.java:setRole(299)) - e247b98c-9a86-486e-b3b1-fa195c9418a4@group-2ECA46B087C1: changes role from  FOLLOWER to CANDIDATE at term 0 for changeToCandidate
2022-10-14 20:48:26,425 [e247b98c-9a86-486e-b3b1-fa195c9418a4@group-2ECA46B087C1-FollowerState] INFO  server.RaftServerConfigKeys (ConfUtils.java:logGet(46)) - raft.server.leaderelection.pre-vote = false (custom)
2022-10-14 20:48:26,425 [e247b98c-9a86-486e-b3b1-fa195c9418a4@group-2ECA46B087C1-FollowerState] INFO  impl.RoleInfo (RoleInfo.java:updateAndGet(139)) - e247b98c-9a86-486e-b3b1-fa195c9418a4: start e247b98c-9a86-486e-b3b1-fa195c9418a4@group-2ECA46B087C1-LeaderElection5
2022-10-14 20:48:26,430 [e247b98c-9a86-486e-b3b1-fa195c9418a4@group-2ECA46B087C1-LeaderElection5] INFO  impl.LeaderElection (LeaderElection.java:askForVotes(310)) - e247b98c-9a86-486e-b3b1-fa195c9418a4@group-2ECA46B087C1-LeaderElection5 ELECTION round 0: submit vote requests at term 1 for -1: [e247b98c-9a86-486e-b3b1-fa195c9418a4|rpc:10.1.0.226:46677|priority:0, 8b5383b3-e7bf-4722-baeb-dd5c06b347e3|rpc:10.1.0.226:34173|priority:1, b5e52be0-4491-4e69-96e1-10d94051f40c|rpc:10.1.0.226:37041|priority:0], old=null
2022-10-14 20:48:26,438 [grpc-default-executor-2] INFO  server.RaftServer$Division (RaftServerImpl.java:requestVote(1152)) - b5e52be0-4491-4e69-96e1-10d94051f40c@group-2ECA46B087C1: receive requestVote(ELECTION, e247b98c-9a86-486e-b3b1-fa195c9418a4, group-2ECA46B087C1, 1, (t:0, i:0))
2022-10-14 20:48:26,438 [grpc-default-executor-2] INFO  impl.VoteContext (VoteContext.java:log(48)) - b5e52be0-4491-4e69-96e1-10d94051f40c@group-2ECA46B087C1-FOLLOWER: accept ELECTION from e247b98c-9a86-486e-b3b1-fa195c9418a4: our priority 0 <= candidate's priority 0
2022-10-14 20:48:26,438 [grpc-default-executor-2] INFO  server.RaftServer$Division (RaftServerImpl.java:setRole(299)) - b5e52be0-4491-4e69-96e1-10d94051f40c@group-2ECA46B087C1: changes role from  FOLLOWER to FOLLOWER at term 1 for candidate:e247b98c-9a86-486e-b3b1-fa195c9418a4
2022-10-14 20:48:26,438 [grpc-default-executor-2] INFO  impl.RoleInfo (RoleInfo.java:shutdownFollowerState(110)) - b5e52be0-4491-4e69-96e1-10d94051f40c: shutdown b5e52be0-4491-4e69-96e1-10d94051f40c@group-2ECA46B087C1-FollowerState
2022-10-14 20:48:26,438 [grpc-default-executor-2] INFO  impl.RoleInfo (RoleInfo.java:updateAndGet(139)) - b5e52be0-4491-4e69-96e1-10d94051f40c: start b5e52be0-4491-4e69-96e1-10d94051f40c@group-2ECA46B087C1-FollowerState
2022-10-14 20:48:26,438 [b5e52be0-4491-4e69-96e1-10d94051f40c@group-2ECA46B087C1-FollowerState] INFO  impl.FollowerState (FollowerState.java:run(152)) - b5e52be0-4491-4e69-96e1-10d94051f40c@group-2ECA46B087C1-FollowerState was interrupted
2022-10-14 20:48:26,440 [grpc-default-executor-2] INFO  server.RaftServer$Division (RaftServerImpl.java:requestVote(1184)) - b5e52be0-4491-4e69-96e1-10d94051f40c@group-2ECA46B087C1 replies to ELECTION vote request: e247b98c-9a86-486e-b3b1-fa195c9418a4<-b5e52be0-4491-4e69-96e1-10d94051f40c#0:OK-t1. Peer's state: b5e52be0-4491-4e69-96e1-10d94051f40c@group-2ECA46B087C1:t1, leader=null, voted=e247b98c-9a86-486e-b3b1-fa195c9418a4, raftlog=b5e52be0-4491-4e69-96e1-10d94051f40c@group-2ECA46B087C1-SegmentedRaftLog:OPENED:c-1, conf=-1: [e247b98c-9a86-486e-b3b1-fa195c9418a4|rpc:10.1.0.226:46677|priority:0, 8b5383b3-e7bf-4722-baeb-dd5c06b347e3|rpc:10.1.0.226:34173|priority:1, b5e52be0-4491-4e69-96e1-10d94051f40c|rpc:10.1.0.226:37041|priority:0], old=null
2022-10-14 20:48:26,441 [grpc-default-executor-0] INFO  server.RaftServer$Division (RaftServerImpl.java:requestVote(1152)) - 8b5383b3-e7bf-4722-baeb-dd5c06b347e3@group-2ECA46B087C1: receive requestVote(ELECTION, e247b98c-9a86-486e-b3b1-fa195c9418a4, group-2ECA46B087C1, 1, (t:0, i:0))
2022-10-14 20:48:26,441 [grpc-default-executor-0] INFO  impl.VoteContext (VoteContext.java:log(48)) - 8b5383b3-e7bf-4722-baeb-dd5c06b347e3@group-2ECA46B087C1-FOLLOWER: reject ELECTION from e247b98c-9a86-486e-b3b1-fa195c9418a4: our priority 1 > candidate's priority 0
2022-10-14 20:48:26,441 [grpc-default-executor-0] INFO  server.RaftServer$Division (RaftServerImpl.java:setRole(299)) - 8b5383b3-e7bf-4722-baeb-dd5c06b347e3@group-2ECA46B087C1: changes role from  FOLLOWER to FOLLOWER at term 1 for candidate:e247b98c-9a86-486e-b3b1-fa195c9418a4
2022-10-14 20:48:26,441 [grpc-default-executor-0] INFO  impl.RoleInfo (RoleInfo.java:shutdownFollowerState(110)) - 8b5383b3-e7bf-4722-baeb-dd5c06b347e3: shutdown 8b5383b3-e7bf-4722-baeb-dd5c06b347e3@group-2ECA46B087C1-FollowerState
2022-10-14 20:48:26,441 [grpc-default-executor-0] INFO  impl.RoleInfo (RoleInfo.java:updateAndGet(139)) - 8b5383b3-e7bf-4722-baeb-dd5c06b347e3: start 8b5383b3-e7bf-4722-baeb-dd5c06b347e3@group-2ECA46B087C1-FollowerState
2022-10-14 20:48:26,442 [8b5383b3-e7bf-4722-baeb-dd5c06b347e3@group-2ECA46B087C1-FollowerState] INFO  impl.FollowerState (FollowerState.java:run(152)) - 8b5383b3-e7bf-4722-baeb-dd5c06b347e3@group-2ECA46B087C1-FollowerState was interrupted
2022-10-14 20:48:26,449 [grpc-default-executor-0] INFO  server.RaftServer$Division (RaftServerImpl.java:requestVote(1184)) - 8b5383b3-e7bf-4722-baeb-dd5c06b347e3@group-2ECA46B087C1 replies to ELECTION vote request: e247b98c-9a86-486e-b3b1-fa195c9418a4<-8b5383b3-e7bf-4722-baeb-dd5c06b347e3#0:FAIL-t1. Peer's state: 8b5383b3-e7bf-4722-baeb-dd5c06b347e3@group-2ECA46B087C1:t1, leader=null, voted=null, raftlog=8b5383b3-e7bf-4722-baeb-dd5c06b347e3@group-2ECA46B087C1-SegmentedRaftLog:OPENED:c-1, conf=-1: [e247b98c-9a86-486e-b3b1-fa195c9418a4|rpc:10.1.0.226:46677|priority:0, 8b5383b3-e7bf-4722-baeb-dd5c06b347e3|rpc:10.1.0.226:34173|priority:1, b5e52be0-4491-4e69-96e1-10d94051f40c|rpc:10.1.0.226:37041|priority:0], old=null
2022-10-14 20:48:26,450 [e247b98c-9a86-486e-b3b1-fa195c9418a4@group-2ECA46B087C1-LeaderElection5] INFO  impl.LeaderElection (LeaderElection.java:logAndReturn(90)) - e247b98c-9a86-486e-b3b1-fa195c9418a4@group-2ECA46B087C1-LeaderElection5: ELECTION REJECTED received 2 response(s) and 0 exception(s):
2022-10-14 20:48:26,450 [e247b98c-9a86-486e-b3b1-fa195c9418a4@group-2ECA46B087C1-LeaderElection5] INFO  impl.LeaderElection (LeaderElection.java:logAndReturn(94)) -   Response 0: e247b98c-9a86-486e-b3b1-fa195c9418a4<-8b5383b3-e7bf-4722-baeb-dd5c06b347e3#0:FAIL-t1
2022-10-14 20:48:26,451 [e247b98c-9a86-486e-b3b1-fa195c9418a4@group-2ECA46B087C1-LeaderElection5] INFO  impl.LeaderElection (LeaderElection.java:logAndReturn(94)) -   Response 1: e247b98c-9a86-486e-b3b1-fa195c9418a4<-b5e52be0-4491-4e69-96e1-10d94051f40c#0:OK-t1
2022-10-14 20:48:26,451 [e247b98c-9a86-486e-b3b1-fa195c9418a4@group-2ECA46B087C1-LeaderElection5] INFO  impl.LeaderElection (LeaderElection.java:askForVotes(312)) - e247b98c-9a86-486e-b3b1-fa195c9418a4@group-2ECA46B087C1-LeaderElection5 ELECTION round 0: result REJECTED
2022-10-14 20:48:26,451 [e247b98c-9a86-486e-b3b1-fa195c9418a4@group-2ECA46B087C1-LeaderElection5] INFO  server.RaftServer$Division (RaftServerImpl.java:setRole(299)) - e247b98c-9a86-486e-b3b1-fa195c9418a4@group-2ECA46B087C1: changes role from CANDIDATE to FOLLOWER at term 1 for REJECTED
2022-10-14 20:48:26,452 [e247b98c-9a86-486e-b3b1-fa195c9418a4@group-2ECA46B087C1-LeaderElection5] INFO  impl.RoleInfo (RoleInfo.java:shutdownLeaderElection(130)) - e247b98c-9a86-486e-b3b1-fa195c9418a4: shutdown e247b98c-9a86-486e-b3b1-fa195c9418a4@group-2ECA46B087C1-LeaderElection5
2022-10-14 20:48:26,452 [e247b98c-9a86-486e-b3b1-fa195c9418a4@group-2ECA46B087C1-LeaderElection5] INFO  impl.RoleInfo (RoleInfo.java:updateAndGet(139)) - e247b98c-9a86-486e-b3b1-fa195c9418a4: start e247b98c-9a86-486e-b3b1-fa195c9418a4@group-2ECA46B087C1-FollowerState
2022-10-14 20:48:26,566 [b5e52be0-4491-4e69-96e1-10d94051f40c@group-ADDBCF77707C-FollowerState] INFO  impl.FollowerState (FollowerState.java:run(143)) - b5e52be0-4491-4e69-96e1-10d94051f40c@group-ADDBCF77707C-FollowerState: change to CANDIDATE, lastRpcElapsedTime:5145048393ns, electionTimeout:5142ms
2022-10-14 20:48:26,568 [b5e52be0-4491-4e69-96e1-10d94051f40c@group-ADDBCF77707C-FollowerState] INFO  impl.RoleInfo (RoleInfo.java:shutdownFollowerState(110)) - b5e52be0-4491-4e69-96e1-10d94051f40c: shutdown b5e52be0-4491-4e69-96e1-10d94051f40c@group-ADDBCF77707C-FollowerState
2022-10-14 20:48:26,568 [b5e52be0-4491-4e69-96e1-10d94051f40c@group-ADDBCF77707C-FollowerState] INFO  server.RaftServer$Division (RaftServerImpl.java:setRole(299)) - b5e52be0-4491-4e69-96e1-10d94051f40c@group-ADDBCF77707C: changes role from  FOLLOWER to CANDIDATE at term 0 for changeToCandidate
2022-10-14 20:48:26,568 [b5e52be0-4491-4e69-96e1-10d94051f40c@group-ADDBCF77707C-FollowerState] INFO  server.RaftServerConfigKeys (ConfUtils.java:logGet(46)) - raft.server.leaderelection.pre-vote = false (custom)
2022-10-14 20:48:26,568 [b5e52be0-4491-4e69-96e1-10d94051f40c@group-ADDBCF77707C-FollowerState] INFO  impl.RoleInfo (RoleInfo.java:updateAndGet(139)) - b5e52be0-4491-4e69-96e1-10d94051f40c: start b5e52be0-4491-4e69-96e1-10d94051f40c@group-ADDBCF77707C-LeaderElection6
2022-10-14 20:48:26,572 [b5e52be0-4491-4e69-96e1-10d94051f40c@group-ADDBCF77707C-LeaderElection6] INFO  impl.LeaderElection (LeaderElection.java:askForVotes(310)) - b5e52be0-4491-4e69-96e1-10d94051f40c@group-ADDBCF77707C-LeaderElection6 ELECTION round 0: submit vote requests at term 1 for -1: [b5e52be0-4491-4e69-96e1-10d94051f40c|rpc:10.1.0.226:37041|priority:1], old=null
2022-10-14 20:48:26,572 [b5e52be0-4491-4e69-96e1-10d94051f40c@group-ADDBCF77707C-LeaderElection6] INFO  impl.LeaderElection (LeaderElection.java:askForVotes(312)) - b5e52be0-4491-4e69-96e1-10d94051f40c@group-ADDBCF77707C-LeaderElection6 ELECTION round 0: result PASSED (term=1)
2022-10-14 20:48:26,572 [b5e52be0-4491-4e69-96e1-10d94051f40c@group-ADDBCF77707C-LeaderElection6] INFO  impl.RoleInfo (RoleInfo.java:shutdownLeaderElection(130)) - b5e52be0-4491-4e69-96e1-10d94051f40c: shutdown b5e52be0-4491-4e69-96e1-10d94051f40c@group-ADDBCF77707C-LeaderElection6
2022-10-14 20:48:26,572 [b5e52be0-4491-4e69-96e1-10d94051f40c@group-ADDBCF77707C-LeaderElection6] INFO  server.RaftServer$Division (RaftServerImpl.java:setRole(299)) - b5e52be0-4491-4e69-96e1-10d94051f40c@group-ADDBCF77707C: changes role from CANDIDATE to LEADER at term 1 for changeToLeader
2022-10-14 20:48:26,572 [b5e52be0-4491-4e69-96e1-10d94051f40c@group-ADDBCF77707C-LeaderElection6] INFO  ratis.XceiverServerRatis (XceiverServerRatis.java:handleLeaderChangedNotification(863)) - Leader change notification received for group: group-ADDBCF77707C with new leaderId: b5e52be0-4491-4e69-96e1-10d94051f40c
2022-10-14 20:48:26,572 [b5e52be0-4491-4e69-96e1-10d94051f40c@group-ADDBCF77707C-LeaderElection6] INFO  server.RaftServer$Division (ServerState.java:setLeader(287)) - b5e52be0-4491-4e69-96e1-10d94051f40c@group-ADDBCF77707C: change Leader from null to b5e52be0-4491-4e69-96e1-10d94051f40c at term 1 for becomeLeader, leader elected after 5184ms
2022-10-14 20:48:26,572 [b5e52be0-4491-4e69-96e1-10d94051f40c@group-ADDBCF77707C-LeaderElection6] INFO  server.RaftServerConfigKeys (ConfUtils.java:logGet(46)) - raft.server.staging.catchup.gap = 1000 (default)
2022-10-14 20:48:26,574 [EventQueue-OpenPipelineForHealthyPipelineSafeModeRule] INFO  safemode.SCMSafeModeManager (HealthyPipelineSafeModeRule.java:process(137)) - SCM in safe mode. Healthy pipelines reported count is 0, required healthy pipeline reported count is 1
2022-10-14 20:48:26,574 [b5e52be0-4491-4e69-96e1-10d94051f40c@group-ADDBCF77707C-LeaderElection6] INFO  server.RaftServerConfigKeys (ConfUtils.java:logGet(46)) - raft.server.write.element-limit = 1024 (custom)
2022-10-14 20:48:26,574 [b5e52be0-4491-4e69-96e1-10d94051f40c@group-ADDBCF77707C-LeaderElection6] INFO  server.RaftServerConfigKeys (ConfUtils.java:logGet(46)) - raft.server.write.byte-limit = 1024 M (=1073741824) (custom)
2022-10-14 20:48:26,574 [b5e52be0-4491-4e69-96e1-10d94051f40c@group-ADDBCF77707C-LeaderElection6] INFO  server.RaftServerConfigKeys (ConfUtils.java:logGet(46)) - raft.server.watch.timeout = 180s (custom)
2022-10-14 20:48:26,574 [b5e52be0-4491-4e69-96e1-10d94051f40c@group-ADDBCF77707C-LeaderElection6] INFO  server.RaftServerConfigKeys (ConfUtils.java:logGet(46)) - raft.server.watch.timeout.denomination = 1s (default)
2022-10-14 20:48:26,574 [b5e52be0-4491-4e69-96e1-10d94051f40c@group-ADDBCF77707C-LeaderElection6] INFO  server.RaftServerConfigKeys (ConfUtils.java:logGet(46)) - raft.server.watch.element-limit = 65536 (default)
2022-10-14 20:48:26,575 [b5e52be0-4491-4e69-96e1-10d94051f40c@group-ADDBCF77707C-LeaderElection6] INFO  server.RaftServerConfigKeys (ConfUtils.java:logGet(46)) - raft.server.write.element-limit = 1024 (custom)
2022-10-14 20:48:26,575 [b5e52be0-4491-4e69-96e1-10d94051f40c@group-ADDBCF77707C-LeaderElection6] INFO  server.RaftServerConfigKeys (ConfUtils.java:logGet(46)) - raft.server.write.follower.gap.ratio.max = -1.0 (default)
2022-10-14 20:48:26,575 [b5e52be0-4491-4e69-96e1-10d94051f40c@group-ADDBCF77707C-LeaderElection6] INFO  impl.RoleInfo (RoleInfo.java:updateAndGet(139)) - b5e52be0-4491-4e69-96e1-10d94051f40c: start b5e52be0-4491-4e69-96e1-10d94051f40c@group-ADDBCF77707C-LeaderStateImpl
2022-10-14 20:48:26,575 [b5e52be0-4491-4e69-96e1-10d94051f40c@group-ADDBCF77707C-LeaderElection6] INFO  segmented.SegmentedRaftLogWorker (SegmentedRaftLogWorker.java:startLogSegment(425)) - b5e52be0-4491-4e69-96e1-10d94051f40c@group-ADDBCF77707C-SegmentedRaftLogWorker: Starting segment from index:0
2022-10-14 20:48:26,577 [b5e52be0-4491-4e69-96e1-10d94051f40c@group-ADDBCF77707C-LeaderElection6] INFO  server.RaftServer$Division (ServerState.java:setRaftConf(393)) - b5e52be0-4491-4e69-96e1-10d94051f40c@group-ADDBCF77707C: set configuration 0: [b5e52be0-4491-4e69-96e1-10d94051f40c|rpc:10.1.0.226:37041|dataStream:|priority:1], old=null
2022-10-14 20:48:26,580 [b5e52be0-4491-4e69-96e1-10d94051f40c@group-ADDBCF77707C-SegmentedRaftLogWorker] INFO  segmented.SegmentedRaftLogWorker (SegmentedRaftLogWorker.java:execute(629)) - b5e52be0-4491-4e69-96e1-10d94051f40c@group-ADDBCF77707C-SegmentedRaftLogWorker: created new log segment /home/runner/work/ozone/ozone/hadoop-ozone/integration-test/target/test-dir/MiniOzoneClusterImpl-1e9d71ba-d753-4201-9665-5e97e6b64b9c/datanode-2/data/ratis/7e09fbe6-f7ef-4006-a142-addbcf77707c/current/log_inprogress_0
2022-10-14 20:48:26,901 [264ccfc1-7403-435b-81c3-d1dfb4335e59@group-C5B5C94CEDB2-FollowerState] INFO  impl.FollowerState (FollowerState.java:run(143)) - 264ccfc1-7403-435b-81c3-d1dfb4335e59@group-C5B5C94CEDB2-FollowerState: change to CANDIDATE, lastRpcElapsedTime:5077673598ns, electionTimeout:5074ms
2022-10-14 20:48:26,901 [264ccfc1-7403-435b-81c3-d1dfb4335e59@group-C5B5C94CEDB2-FollowerState] INFO  impl.RoleInfo (RoleInfo.java:shutdownFollowerState(110)) - 264ccfc1-7403-435b-81c3-d1dfb4335e59: shutdown 264ccfc1-7403-435b-81c3-d1dfb4335e59@group-C5B5C94CEDB2-FollowerState
2022-10-14 20:48:26,901 [264ccfc1-7403-435b-81c3-d1dfb4335e59@group-C5B5C94CEDB2-FollowerState] INFO  server.RaftServer$Division (RaftServerImpl.java:setRole(299)) - 264ccfc1-7403-435b-81c3-d1dfb4335e59@group-C5B5C94CEDB2: changes role from  FOLLOWER to CANDIDATE at term 0 for changeToCandidate
2022-10-14 20:48:26,902 [264ccfc1-7403-435b-81c3-d1dfb4335e59@group-C5B5C94CEDB2-FollowerState] INFO  server.RaftServerConfigKeys (ConfUtils.java:logGet(46)) - raft.server.leaderelection.pre-vote = false (custom)
2022-10-14 20:48:26,902 [264ccfc1-7403-435b-81c3-d1dfb4335e59@group-C5B5C94CEDB2-FollowerState] INFO  impl.RoleInfo (RoleInfo.java:updateAndGet(139)) - 264ccfc1-7403-435b-81c3-d1dfb4335e59: start 264ccfc1-7403-435b-81c3-d1dfb4335e59@group-C5B5C94CEDB2-LeaderElection7
2022-10-14 20:48:26,907 [264ccfc1-7403-435b-81c3-d1dfb4335e59@group-C5B5C94CEDB2-LeaderElection7] INFO  impl.LeaderElection (LeaderElection.java:askForVotes(310)) - 264ccfc1-7403-435b-81c3-d1dfb4335e59@group-C5B5C94CEDB2-LeaderElection7 ELECTION round 0: submit vote requests at term 1 for -1: [264ccfc1-7403-435b-81c3-d1dfb4335e59|rpc:10.1.0.226:44593|priority:1], old=null
2022-10-14 20:48:26,907 [264ccfc1-7403-435b-81c3-d1dfb4335e59@group-C5B5C94CEDB2-LeaderElection7] INFO  impl.LeaderElection (LeaderElection.java:askForVotes(312)) - 264ccfc1-7403-435b-81c3-d1dfb4335e59@group-C5B5C94CEDB2-LeaderElection7 ELECTION round 0: result PASSED (term=1)
2022-10-14 20:48:26,907 [264ccfc1-7403-435b-81c3-d1dfb4335e59@group-C5B5C94CEDB2-LeaderElection7] INFO  impl.RoleInfo (RoleInfo.java:shutdownLeaderElection(130)) - 264ccfc1-7403-435b-81c3-d1dfb4335e59: shutdown 264ccfc1-7403-435b-81c3-d1dfb4335e59@group-C5B5C94CEDB2-LeaderElection7
2022-10-14 20:48:26,907 [264ccfc1-7403-435b-81c3-d1dfb4335e59@group-C5B5C94CEDB2-LeaderElection7] INFO  server.RaftServer$Division (RaftServerImpl.java:setRole(299)) - 264ccfc1-7403-435b-81c3-d1dfb4335e59@group-C5B5C94CEDB2: changes role from CANDIDATE to LEADER at term 1 for changeToLeader
2022-10-14 20:48:26,907 [264ccfc1-7403-435b-81c3-d1dfb4335e59@group-C5B5C94CEDB2-LeaderElection7] INFO  ratis.XceiverServerRatis (XceiverServerRatis.java:handleLeaderChangedNotification(863)) - Leader change notification received for group: group-C5B5C94CEDB2 with new leaderId: 264ccfc1-7403-435b-81c3-d1dfb4335e59
2022-10-14 20:48:26,908 [264ccfc1-7403-435b-81c3-d1dfb4335e59@group-C5B5C94CEDB2-LeaderElection7] INFO  server.RaftServer$Division (ServerState.java:setLeader(287)) - 264ccfc1-7403-435b-81c3-d1dfb4335e59@group-C5B5C94CEDB2: change Leader from null to 264ccfc1-7403-435b-81c3-d1dfb4335e59 at term 1 for becomeLeader, leader elected after 5095ms
2022-10-14 20:48:26,909 [264ccfc1-7403-435b-81c3-d1dfb4335e59@group-C5B5C94CEDB2-LeaderElection7] INFO  server.RaftServerConfigKeys (ConfUtils.java:logGet(46)) - raft.server.staging.catchup.gap = 1000 (default)
2022-10-14 20:48:26,909 [264ccfc1-7403-435b-81c3-d1dfb4335e59@group-C5B5C94CEDB2-LeaderElection7] INFO  server.RaftServerConfigKeys (ConfUtils.java:logGet(46)) - raft.server.write.element-limit = 1024 (custom)
2022-10-14 20:48:26,909 [264ccfc1-7403-435b-81c3-d1dfb4335e59@group-C5B5C94CEDB2-LeaderElection7] INFO  server.RaftServerConfigKeys (ConfUtils.java:logGet(46)) - raft.server.write.byte-limit = 1024 M (=1073741824) (custom)
2022-10-14 20:48:26,909 [264ccfc1-7403-435b-81c3-d1dfb4335e59@group-C5B5C94CEDB2-LeaderElection7] INFO  server.RaftServerConfigKeys (ConfUtils.java:logGet(46)) - raft.server.watch.timeout = 180s (custom)
2022-10-14 20:48:26,909 [264ccfc1-7403-435b-81c3-d1dfb4335e59@group-C5B5C94CEDB2-LeaderElection7] INFO  server.RaftServerConfigKeys (ConfUtils.java:logGet(46)) - raft.server.watch.timeout.denomination = 1s (default)
2022-10-14 20:48:26,909 [264ccfc1-7403-435b-81c3-d1dfb4335e59@group-C5B5C94CEDB2-LeaderElection7] INFO  server.RaftServerConfigKeys (ConfUtils.java:logGet(46)) - raft.server.watch.element-limit = 65536 (default)
2022-10-14 20:48:26,909 [264ccfc1-7403-435b-81c3-d1dfb4335e59@group-C5B5C94CEDB2-LeaderElection7] INFO  server.RaftServerConfigKeys (ConfUtils.java:logGet(46)) - raft.server.write.element-limit = 1024 (custom)
2022-10-14 20:48:26,910 [264ccfc1-7403-435b-81c3-d1dfb4335e59@group-C5B5C94CEDB2-LeaderElection7] INFO  server.RaftServerConfigKeys (ConfUtils.java:logGet(46)) - raft.server.write.follower.gap.ratio.max = -1.0 (default)
2022-10-14 20:48:26,910 [264ccfc1-7403-435b-81c3-d1dfb4335e59@group-C5B5C94CEDB2-LeaderElection7] INFO  impl.RoleInfo (RoleInfo.java:updateAndGet(139)) - 264ccfc1-7403-435b-81c3-d1dfb4335e59: start 264ccfc1-7403-435b-81c3-d1dfb4335e59@group-C5B5C94CEDB2-LeaderStateImpl
2022-10-14 20:48:26,910 [EventQueue-OpenPipelineForHealthyPipelineSafeModeRule] INFO  safemode.SCMSafeModeManager (HealthyPipelineSafeModeRule.java:process(137)) - SCM in safe mode. Healthy pipelines reported count is 0, required healthy pipeline reported count is 1
2022-10-14 20:48:26,910 [264ccfc1-7403-435b-81c3-d1dfb4335e59@group-C5B5C94CEDB2-LeaderElection7] INFO  segmented.SegmentedRaftLogWorker (SegmentedRaftLogWorker.java:startLogSegment(425)) - 264ccfc1-7403-435b-81c3-d1dfb4335e59@group-C5B5C94CEDB2-SegmentedRaftLogWorker: Starting segment from index:0
2022-10-14 20:48:26,914 [264ccfc1-7403-435b-81c3-d1dfb4335e59@group-C5B5C94CEDB2-LeaderElection7] INFO  server.RaftServer$Division (ServerState.java:setRaftConf(393)) - 264ccfc1-7403-435b-81c3-d1dfb4335e59@group-C5B5C94CEDB2: set configuration 0: [264ccfc1-7403-435b-81c3-d1dfb4335e59|rpc:10.1.0.226:44593|dataStream:|priority:1], old=null
2022-10-14 20:48:26,915 [264ccfc1-7403-435b-81c3-d1dfb4335e59@group-C5B5C94CEDB2-SegmentedRaftLogWorker] INFO  segmented.SegmentedRaftLogWorker (SegmentedRaftLogWorker.java:execute(629)) - 264ccfc1-7403-435b-81c3-d1dfb4335e59@group-C5B5C94CEDB2-SegmentedRaftLogWorker: created new log segment /home/runner/work/ozone/ozone/hadoop-ozone/integration-test/target/test-dir/MiniOzoneClusterImpl-1e9d71ba-d753-4201-9665-5e97e6b64b9c/datanode-3/data/ratis/187f40ef-5068-436b-8752-c5b5c94cedb2/current/log_inprogress_0
2022-10-14 20:48:26,927 [3c897dd6-f9a8-4587-816d-4b361cef56f3@group-B319158F4DE0-FollowerState] INFO  impl.FollowerState (FollowerState.java:run(143)) - 3c897dd6-f9a8-4587-816d-4b361cef56f3@group-B319158F4DE0-FollowerState: change to CANDIDATE, lastRpcElapsedTime:5037531531ns, electionTimeout:5035ms
2022-10-14 20:48:26,928 [3c897dd6-f9a8-4587-816d-4b361cef56f3@group-B319158F4DE0-FollowerState] INFO  impl.RoleInfo (RoleInfo.java:shutdownFollowerState(110)) - 3c897dd6-f9a8-4587-816d-4b361cef56f3: shutdown 3c897dd6-f9a8-4587-816d-4b361cef56f3@group-B319158F4DE0-FollowerState
2022-10-14 20:48:26,928 [3c897dd6-f9a8-4587-816d-4b361cef56f3@group-B319158F4DE0-FollowerState] INFO  server.RaftServer$Division (RaftServerImpl.java:setRole(299)) - 3c897dd6-f9a8-4587-816d-4b361cef56f3@group-B319158F4DE0: changes role from  FOLLOWER to CANDIDATE at term 0 for changeToCandidate
2022-10-14 20:48:26,928 [3c897dd6-f9a8-4587-816d-4b361cef56f3@group-B319158F4DE0-FollowerState] INFO  server.RaftServerConfigKeys (ConfUtils.java:logGet(46)) - raft.server.leaderelection.pre-vote = false (custom)
2022-10-14 20:48:26,928 [3c897dd6-f9a8-4587-816d-4b361cef56f3@group-B319158F4DE0-FollowerState] INFO  impl.RoleInfo (RoleInfo.java:updateAndGet(139)) - 3c897dd6-f9a8-4587-816d-4b361cef56f3: start 3c897dd6-f9a8-4587-816d-4b361cef56f3@group-B319158F4DE0-LeaderElection8
2022-10-14 20:48:26,935 [3c897dd6-f9a8-4587-816d-4b361cef56f3@group-B319158F4DE0-LeaderElection8] INFO  impl.LeaderElection (LeaderElection.java:askForVotes(310)) - 3c897dd6-f9a8-4587-816d-4b361cef56f3@group-B319158F4DE0-LeaderElection8 ELECTION round 0: submit vote requests at term 1 for -1: [27609338-e5ea-4e9e-bd63-6729dd2dbc7a|rpc:10.1.0.226:36963|dataStream:|priority:1, 264ccfc1-7403-435b-81c3-d1dfb4335e59|rpc:10.1.0.226:44593|dataStream:|priority:0, 3c897dd6-f9a8-4587-816d-4b361cef56f3|rpc:10.1.0.226:39577|dataStream:|priority:0], old=null
2022-10-14 20:48:26,946 [grpc-default-executor-2] INFO  server.RaftServer$Division (RaftServerImpl.java:requestVote(1152)) - 27609338-e5ea-4e9e-bd63-6729dd2dbc7a@group-B319158F4DE0: receive requestVote(ELECTION, 3c897dd6-f9a8-4587-816d-4b361cef56f3, group-B319158F4DE0, 1, (t:0, i:0))
2022-10-14 20:48:26,946 [grpc-default-executor-2] INFO  impl.VoteContext (VoteContext.java:log(48)) - 27609338-e5ea-4e9e-bd63-6729dd2dbc7a@group-B319158F4DE0-FOLLOWER: reject ELECTION from 3c897dd6-f9a8-4587-816d-4b361cef56f3: our priority 1 > candidate's priority 0
2022-10-14 20:48:26,946 [grpc-default-executor-2] INFO  server.RaftServer$Division (RaftServerImpl.java:setRole(299)) - 27609338-e5ea-4e9e-bd63-6729dd2dbc7a@group-B319158F4DE0: changes role from  FOLLOWER to FOLLOWER at term 1 for candidate:3c897dd6-f9a8-4587-816d-4b361cef56f3
2022-10-14 20:48:26,947 [grpc-default-executor-2] INFO  impl.RoleInfo (RoleInfo.java:shutdownFollowerState(110)) - 27609338-e5ea-4e9e-bd63-6729dd2dbc7a: shutdown 27609338-e5ea-4e9e-bd63-6729dd2dbc7a@group-B319158F4DE0-FollowerState
2022-10-14 20:48:26,947 [grpc-default-executor-2] INFO  impl.RoleInfo (RoleInfo.java:updateAndGet(139)) - 27609338-e5ea-4e9e-bd63-6729dd2dbc7a: start 27609338-e5ea-4e9e-bd63-6729dd2dbc7a@group-B319158F4DE0-FollowerState
2022-10-14 20:48:26,947 [27609338-e5ea-4e9e-bd63-6729dd2dbc7a@group-B319158F4DE0-FollowerState] INFO  impl.FollowerState (FollowerState.java:run(152)) - 27609338-e5ea-4e9e-bd63-6729dd2dbc7a@group-B319158F4DE0-FollowerState was interrupted
2022-10-14 20:48:26,953 [grpc-default-executor-2] INFO  server.RaftServer$Division (RaftServerImpl.java:requestVote(1184)) - 27609338-e5ea-4e9e-bd63-6729dd2dbc7a@group-B319158F4DE0 replies to ELECTION vote request: 3c897dd6-f9a8-4587-816d-4b361cef56f3<-27609338-e5ea-4e9e-bd63-6729dd2dbc7a#0:FAIL-t1. Peer's state: 27609338-e5ea-4e9e-bd63-6729dd2dbc7a@group-B319158F4DE0:t1, leader=null, voted=null, raftlog=27609338-e5ea-4e9e-bd63-6729dd2dbc7a@group-B319158F4DE0-SegmentedRaftLog:OPENED:c-1, conf=-1: [27609338-e5ea-4e9e-bd63-6729dd2dbc7a|rpc:10.1.0.226:36963|dataStream:|priority:1, 264ccfc1-7403-435b-81c3-d1dfb4335e59|rpc:10.1.0.226:44593|dataStream:|priority:0, 3c897dd6-f9a8-4587-816d-4b361cef56f3|rpc:10.1.0.226:39577|dataStream:|priority:0], old=null
2022-10-14 20:48:26,952 [grpc-default-executor-0] INFO  server.RaftServer$Division (RaftServerImpl.java:requestVote(1152)) - 264ccfc1-7403-435b-81c3-d1dfb4335e59@group-B319158F4DE0: receive requestVote(ELECTION, 3c897dd6-f9a8-4587-816d-4b361cef56f3, group-B319158F4DE0, 1, (t:0, i:0))
2022-10-14 20:48:26,954 [grpc-default-executor-0] INFO  impl.VoteContext (VoteContext.java:log(48)) - 264ccfc1-7403-435b-81c3-d1dfb4335e59@group-B319158F4DE0-FOLLOWER: accept ELECTION from 3c897dd6-f9a8-4587-816d-4b361cef56f3: our priority 0 <= candidate's priority 0
2022-10-14 20:48:26,954 [grpc-default-executor-0] INFO  server.RaftServer$Division (RaftServerImpl.java:setRole(299)) - 264ccfc1-7403-435b-81c3-d1dfb4335e59@group-B319158F4DE0: changes role from  FOLLOWER to FOLLOWER at term 1 for candidate:3c897dd6-f9a8-4587-816d-4b361cef56f3
2022-10-14 20:48:26,954 [grpc-default-executor-0] INFO  impl.RoleInfo (RoleInfo.java:shutdownFollowerState(110)) - 264ccfc1-7403-435b-81c3-d1dfb4335e59: shutdown 264ccfc1-7403-435b-81c3-d1dfb4335e59@group-B319158F4DE0-FollowerState
2022-10-14 20:48:26,954 [grpc-default-executor-0] INFO  impl.RoleInfo (RoleInfo.java:updateAndGet(139)) - 264ccfc1-7403-435b-81c3-d1dfb4335e59: start 264ccfc1-7403-435b-81c3-d1dfb4335e59@group-B319158F4DE0-FollowerState
2022-10-14 20:48:26,954 [264ccfc1-7403-435b-81c3-d1dfb4335e59@group-B319158F4DE0-FollowerState] INFO  impl.FollowerState (FollowerState.java:run(152)) - 264ccfc1-7403-435b-81c3-d1dfb4335e59@group-B319158F4DE0-FollowerState was interrupted
2022-10-14 20:48:26,957 [grpc-default-executor-0] INFO  server.RaftServer$Division (RaftServerImpl.java:requestVote(1184)) - 264ccfc1-7403-435b-81c3-d1dfb4335e59@group-B319158F4DE0 replies to ELECTION vote request: 3c897dd6-f9a8-4587-816d-4b361cef56f3<-264ccfc1-7403-435b-81c3-d1dfb4335e59#0:OK-t1. Peer's state: 264ccfc1-7403-435b-81c3-d1dfb4335e59@group-B319158F4DE0:t1, leader=null, voted=3c897dd6-f9a8-4587-816d-4b361cef56f3, raftlog=264ccfc1-7403-435b-81c3-d1dfb4335e59@group-B319158F4DE0-SegmentedRaftLog:OPENED:c-1, conf=-1: [27609338-e5ea-4e9e-bd63-6729dd2dbc7a|rpc:10.1.0.226:36963|priority:1, 264ccfc1-7403-435b-81c3-d1dfb4335e59|rpc:10.1.0.226:44593|priority:0, 3c897dd6-f9a8-4587-816d-4b361cef56f3|rpc:10.1.0.226:39577|priority:0], old=null
2022-10-14 20:48:26,957 [3c897dd6-f9a8-4587-816d-4b361cef56f3@group-B319158F4DE0-LeaderElection8] INFO  impl.LeaderElection (LeaderElection.java:logAndReturn(90)) - 3c897dd6-f9a8-4587-816d-4b361cef56f3@group-B319158F4DE0-LeaderElection8: ELECTION REJECTED received 1 response(s) and 0 exception(s):
2022-10-14 20:48:26,959 [3c897dd6-f9a8-4587-816d-4b361cef56f3@group-B319158F4DE0-LeaderElection8] INFO  impl.LeaderElection (LeaderElection.java:logAndReturn(94)) -   Response 0: 3c897dd6-f9a8-4587-816d-4b361cef56f3<-27609338-e5ea-4e9e-bd63-6729dd2dbc7a#0:FAIL-t1
2022-10-14 20:48:26,959 [3c897dd6-f9a8-4587-816d-4b361cef56f3@group-B319158F4DE0-LeaderElection8] INFO  impl.LeaderElection (LeaderElection.java:askForVotes(312)) - 3c897dd6-f9a8-4587-816d-4b361cef56f3@group-B319158F4DE0-LeaderElection8 ELECTION round 0: result REJECTED
2022-10-14 20:48:26,960 [3c897dd6-f9a8-4587-816d-4b361cef56f3@group-B319158F4DE0-LeaderElection8] INFO  server.RaftServer$Division (RaftServerImpl.java:setRole(299)) - 3c897dd6-f9a8-4587-816d-4b361cef56f3@group-B319158F4DE0: changes role from CANDIDATE to FOLLOWER at term 1 for REJECTED
2022-10-14 20:48:26,960 [3c897dd6-f9a8-4587-816d-4b361cef56f3@group-B319158F4DE0-LeaderElection8] INFO  impl.RoleInfo (RoleInfo.java:shutdownLeaderElection(130)) - 3c897dd6-f9a8-4587-816d-4b361cef56f3: shutdown 3c897dd6-f9a8-4587-816d-4b361cef56f3@group-B319158F4DE0-LeaderElection8
2022-10-14 20:48:26,960 [3c897dd6-f9a8-4587-816d-4b361cef56f3@group-B319158F4DE0-LeaderElection8] INFO  impl.RoleInfo (RoleInfo.java:updateAndGet(139)) - 3c897dd6-f9a8-4587-816d-4b361cef56f3: start 3c897dd6-f9a8-4587-816d-4b361cef56f3@group-B319158F4DE0-FollowerState
2022-10-14 20:48:27,008 [264ccfc1-7403-435b-81c3-d1dfb4335e59@group-D51D6A44A918-FollowerState] INFO  impl.FollowerState (FollowerState.java:run(143)) - 264ccfc1-7403-435b-81c3-d1dfb4335e59@group-D51D6A44A918-FollowerState: change to CANDIDATE, lastRpcElapsedTime:5025126862ns, electionTimeout:5024ms
2022-10-14 20:48:27,010 [264ccfc1-7403-435b-81c3-d1dfb4335e59@group-D51D6A44A918-FollowerState] INFO  impl.RoleInfo (RoleInfo.java:shutdownFollowerState(110)) - 264ccfc1-7403-435b-81c3-d1dfb4335e59: shutdown 264ccfc1-7403-435b-81c3-d1dfb4335e59@group-D51D6A44A918-FollowerState
2022-10-14 20:48:27,010 [264ccfc1-7403-435b-81c3-d1dfb4335e59@group-D51D6A44A918-FollowerState] INFO  server.RaftServer$Division (RaftServerImpl.java:setRole(299)) - 264ccfc1-7403-435b-81c3-d1dfb4335e59@group-D51D6A44A918: changes role from  FOLLOWER to CANDIDATE at term 0 for changeToCandidate
2022-10-14 20:48:27,010 [264ccfc1-7403-435b-81c3-d1dfb4335e59@group-D51D6A44A918-FollowerState] INFO  server.RaftServerConfigKeys (ConfUtils.java:logGet(46)) - raft.server.leaderelection.pre-vote = false (custom)
2022-10-14 20:48:27,010 [264ccfc1-7403-435b-81c3-d1dfb4335e59@group-D51D6A44A918-FollowerState] INFO  impl.RoleInfo (RoleInfo.java:updateAndGet(139)) - 264ccfc1-7403-435b-81c3-d1dfb4335e59: start 264ccfc1-7403-435b-81c3-d1dfb4335e59@group-D51D6A44A918-LeaderElection9
2022-10-14 20:48:27,014 [264ccfc1-7403-435b-81c3-d1dfb4335e59@group-D51D6A44A918-LeaderElection9] INFO  impl.LeaderElection (LeaderElection.java:askForVotes(310)) - 264ccfc1-7403-435b-81c3-d1dfb4335e59@group-D51D6A44A918-LeaderElection9 ELECTION round 0: submit vote requests at term 1 for -1: [27609338-e5ea-4e9e-bd63-6729dd2dbc7a|rpc:10.1.0.226:36963|priority:0, 264ccfc1-7403-435b-81c3-d1dfb4335e59|rpc:10.1.0.226:44593|priority:1, 3c897dd6-f9a8-4587-816d-4b361cef56f3|rpc:10.1.0.226:39577|priority:0], old=null
2022-10-14 20:48:27,025 [grpc-default-executor-0] INFO  server.RaftServer$Division (RaftServerImpl.java:requestVote(1152)) - 27609338-e5ea-4e9e-bd63-6729dd2dbc7a@group-D51D6A44A918: receive requestVote(ELECTION, 264ccfc1-7403-435b-81c3-d1dfb4335e59, group-D51D6A44A918, 1, (t:0, i:0))
2022-10-14 20:48:27,025 [grpc-default-executor-0] INFO  impl.VoteContext (VoteContext.java:log(48)) - 27609338-e5ea-4e9e-bd63-6729dd2dbc7a@group-D51D6A44A918-FOLLOWER: accept ELECTION from 264ccfc1-7403-435b-81c3-d1dfb4335e59: our priority 0 <= candidate's priority 1
2022-10-14 20:48:27,025 [grpc-default-executor-0] INFO  server.RaftServer$Division (RaftServerImpl.java:setRole(299)) - 27609338-e5ea-4e9e-bd63-6729dd2dbc7a@group-D51D6A44A918: changes role from  FOLLOWER to FOLLOWER at term 1 for candidate:264ccfc1-7403-435b-81c3-d1dfb4335e59
2022-10-14 20:48:27,025 [grpc-default-executor-0] INFO  impl.RoleInfo (RoleInfo.java:shutdownFollowerState(110)) - 27609338-e5ea-4e9e-bd63-6729dd2dbc7a: shutdown 27609338-e5ea-4e9e-bd63-6729dd2dbc7a@group-D51D6A44A918-FollowerState
2022-10-14 20:48:27,025 [27609338-e5ea-4e9e-bd63-6729dd2dbc7a@group-D51D6A44A918-FollowerState] INFO  impl.FollowerState (FollowerState.java:run(152)) - 27609338-e5ea-4e9e-bd63-6729dd2dbc7a@group-D51D6A44A918-FollowerState was interrupted
2022-10-14 20:48:27,025 [grpc-default-executor-0] INFO  impl.RoleInfo (RoleInfo.java:updateAndGet(139)) - 27609338-e5ea-4e9e-bd63-6729dd2dbc7a: start 27609338-e5ea-4e9e-bd63-6729dd2dbc7a@group-D51D6A44A918-FollowerState
2022-10-14 20:48:27,029 [grpc-default-executor-0] INFO  server.RaftServer$Division (RaftServerImpl.java:requestVote(1184)) - 27609338-e5ea-4e9e-bd63-6729dd2dbc7a@group-D51D6A44A918 replies to ELECTION vote request: 264ccfc1-7403-435b-81c3-d1dfb4335e59<-27609338-e5ea-4e9e-bd63-6729dd2dbc7a#0:OK-t1. Peer's state: 27609338-e5ea-4e9e-bd63-6729dd2dbc7a@group-D51D6A44A918:t1, leader=null, voted=264ccfc1-7403-435b-81c3-d1dfb4335e59, raftlog=27609338-e5ea-4e9e-bd63-6729dd2dbc7a@group-D51D6A44A918-SegmentedRaftLog:OPENED:c-1, conf=-1: [27609338-e5ea-4e9e-bd63-6729dd2dbc7a|rpc:10.1.0.226:36963|dataStream:|priority:0, 264ccfc1-7403-435b-81c3-d1dfb4335e59|rpc:10.1.0.226:44593|dataStream:|priority:1, 3c897dd6-f9a8-4587-816d-4b361cef56f3|rpc:10.1.0.226:39577|dataStream:|priority:0], old=null
2022-10-14 20:48:27,033 [grpc-default-executor-0] INFO  server.RaftServer$Division (RaftServerImpl.java:requestVote(1152)) - 3c897dd6-f9a8-4587-816d-4b361cef56f3@group-D51D6A44A918: receive requestVote(ELECTION, 264ccfc1-7403-435b-81c3-d1dfb4335e59, group-D51D6A44A918, 1, (t:0, i:0))
2022-10-14 20:48:27,033 [grpc-default-executor-0] INFO  impl.VoteContext (VoteContext.java:log(48)) - 3c897dd6-f9a8-4587-816d-4b361cef56f3@group-D51D6A44A918-FOLLOWER: accept ELECTION from 264ccfc1-7403-435b-81c3-d1dfb4335e59: our priority 0 <= candidate's priority 1
2022-10-14 20:48:27,035 [264ccfc1-7403-435b-81c3-d1dfb4335e59@group-D51D6A44A918-LeaderElection9] INFO  impl.LeaderElection (LeaderElection.java:logAndReturn(90)) - 264ccfc1-7403-435b-81c3-d1dfb4335e59@group-D51D6A44A918-LeaderElection9: ELECTION PASSED received 1 response(s) and 0 exception(s):
2022-10-14 20:48:27,035 [grpc-default-executor-0] INFO  server.RaftServer$Division (RaftServerImpl.java:setRole(299)) - 3c897dd6-f9a8-4587-816d-4b361cef56f3@group-D51D6A44A918: changes role from  FOLLOWER to FOLLOWER at term 1 for candidate:264ccfc1-7403-435b-81c3-d1dfb4335e59
2022-10-14 20:48:27,036 [grpc-default-executor-0] INFO  impl.RoleInfo (RoleInfo.java:shutdownFollowerState(110)) - 3c897dd6-f9a8-4587-816d-4b361cef56f3: shutdown 3c897dd6-f9a8-4587-816d-4b361cef56f3@group-D51D6A44A918-FollowerState
2022-10-14 20:48:27,036 [3c897dd6-f9a8-4587-816d-4b361cef56f3@group-D51D6A44A918-FollowerState] INFO  impl.FollowerState (FollowerState.java:run(152)) - 3c897dd6-f9a8-4587-816d-4b361cef56f3@group-D51D6A44A918-FollowerState was interrupted
2022-10-14 20:48:27,036 [grpc-default-executor-0] INFO  impl.RoleInfo (RoleInfo.java:updateAndGet(139)) - 3c897dd6-f9a8-4587-816d-4b361cef56f3: start 3c897dd6-f9a8-4587-816d-4b361cef56f3@group-D51D6A44A918-FollowerState
2022-10-14 20:48:27,036 [264ccfc1-7403-435b-81c3-d1dfb4335e59@group-D51D6A44A918-LeaderElection9] INFO  impl.LeaderElection (LeaderElection.java:logAndReturn(94)) -   Response 0: 264ccfc1-7403-435b-81c3-d1dfb4335e59<-27609338-e5ea-4e9e-bd63-6729dd2dbc7a#0:OK-t1
2022-10-14 20:48:27,039 [264ccfc1-7403-435b-81c3-d1dfb4335e59@group-D51D6A44A918-LeaderElection9] INFO  impl.LeaderElection (LeaderElection.java:askForVotes(312)) - 264ccfc1-7403-435b-81c3-d1dfb4335e59@group-D51D6A44A918-LeaderElection9 ELECTION round 0: result PASSED
2022-10-14 20:48:27,039 [264ccfc1-7403-435b-81c3-d1dfb4335e59@group-D51D6A44A918-LeaderElection9] INFO  impl.RoleInfo (RoleInfo.java:shutdownLeaderElection(130)) - 264ccfc1-7403-435b-81c3-d1dfb4335e59: shutdown 264ccfc1-7403-435b-81c3-d1dfb4335e59@group-D51D6A44A918-LeaderElection9
2022-10-14 20:48:27,039 [264ccfc1-7403-435b-81c3-d1dfb4335e59@group-D51D6A44A918-LeaderElection9] INFO  server.RaftServer$Division (RaftServerImpl.java:setRole(299)) - 264ccfc1-7403-435b-81c3-d1dfb4335e59@group-D51D6A44A918: changes role from CANDIDATE to LEADER at term 1 for changeToLeader
2022-10-14 20:48:27,040 [264ccfc1-7403-435b-81c3-d1dfb4335e59@group-D51D6A44A918-LeaderElection9] INFO  ratis.XceiverServerRatis (XceiverServerRatis.java:handleLeaderChangedNotification(863)) - Leader change notification received for group: group-D51D6A44A918 with new leaderId: 264ccfc1-7403-435b-81c3-d1dfb4335e59
2022-10-14 20:48:27,040 [264ccfc1-7403-435b-81c3-d1dfb4335e59@group-D51D6A44A918-LeaderElection9] INFO  server.RaftServer$Division (ServerState.java:setLeader(287)) - 264ccfc1-7403-435b-81c3-d1dfb4335e59@group-D51D6A44A918: change Leader from null to 264ccfc1-7403-435b-81c3-d1dfb4335e59 at term 1 for becomeLeader, leader elected after 5071ms
2022-10-14 20:48:27,040 [264ccfc1-7403-435b-81c3-d1dfb4335e59@group-D51D6A44A918-LeaderElection9] INFO  server.RaftServerConfigKeys (ConfUtils.java:logGet(46)) - raft.server.staging.catchup.gap = 1000 (default)
2022-10-14 20:48:27,040 [264ccfc1-7403-435b-81c3-d1dfb4335e59@group-D51D6A44A918-LeaderElection9] INFO  server.RaftServerConfigKeys (ConfUtils.java:logGet(46)) - raft.server.write.element-limit = 1024 (custom)
2022-10-14 20:48:27,040 [264ccfc1-7403-435b-81c3-d1dfb4335e59@group-D51D6A44A918-LeaderElection9] INFO  server.RaftServerConfigKeys (ConfUtils.java:logGet(46)) - raft.server.write.byte-limit = 1024 M (=1073741824) (custom)
2022-10-14 20:48:27,040 [264ccfc1-7403-435b-81c3-d1dfb4335e59@group-D51D6A44A918-LeaderElection9] INFO  server.RaftServerConfigKeys (ConfUtils.java:logGet(46)) - raft.server.watch.timeout = 180s (custom)
2022-10-14 20:48:27,040 [264ccfc1-7403-435b-81c3-d1dfb4335e59@group-D51D6A44A918-LeaderElection9] INFO  server.RaftServerConfigKeys (ConfUtils.java:logGet(46)) - raft.server.watch.timeout.denomination = 1s (default)
2022-10-14 20:48:27,040 [264ccfc1-7403-435b-81c3-d1dfb4335e59@group-D51D6A44A918-LeaderElection9] INFO  server.RaftServerConfigKeys (ConfUtils.java:logGet(46)) - raft.server.watch.element-limit = 65536 (default)
2022-10-14 20:48:27,041 [264ccfc1-7403-435b-81c3-d1dfb4335e59@group-D51D6A44A918-LeaderElection9] INFO  server.RaftServerConfigKeys (ConfUtils.java:logGet(46)) - raft.server.write.element-limit = 1024 (custom)
2022-10-14 20:48:27,041 [264ccfc1-7403-435b-81c3-d1dfb4335e59@group-D51D6A44A918-LeaderElection9] INFO  server.RaftServerConfigKeys (ConfUtils.java:logGet(46)) - raft.server.write.follower.gap.ratio.max = -1.0 (default)
2022-10-14 20:48:27,042 [grpc-default-executor-0] INFO  server.RaftServer$Division (RaftServerImpl.java:requestVote(1184)) - 3c897dd6-f9a8-4587-816d-4b361cef56f3@group-D51D6A44A918 replies to ELECTION vote request: 264ccfc1-7403-435b-81c3-d1dfb4335e59<-3c897dd6-f9a8-4587-816d-4b361cef56f3#0:OK-t1. Peer's state: 3c897dd6-f9a8-4587-816d-4b361cef56f3@group-D51D6A44A918:t1, leader=null, voted=264ccfc1-7403-435b-81c3-d1dfb4335e59, raftlog=3c897dd6-f9a8-4587-816d-4b361cef56f3@group-D51D6A44A918-SegmentedRaftLog:OPENED:c-1, conf=-1: [27609338-e5ea-4e9e-bd63-6729dd2dbc7a|rpc:10.1.0.226:36963|dataStream:|priority:0, 264ccfc1-7403-435b-81c3-d1dfb4335e59|rpc:10.1.0.226:44593|dataStream:|priority:1, 3c897dd6-f9a8-4587-816d-4b361cef56f3|rpc:10.1.0.226:39577|dataStream:|priority:0], old=null
2022-10-14 20:48:27,053 [EventQueue-PipelineReportForPipelineReportHandler] INFO  pipeline.PipelineManagerImpl (PipelineManagerImpl.java:openPipeline(367)) - Pipeline Pipeline[ Id: 42d921a0-7ac0-4d91-8f02-d51d6a44a918, Nodes: 264ccfc1-7403-435b-81c3-d1dfb4335e59{ip: 10.1.0.226, host: fv-az459-990.msq0az1vewme3jsxyslsv0htic.jx.internal.cloudapp.net, ports: [REPLICATION=35535, RATIS=44593, RATIS_ADMIN=44593, RATIS_SERVER=44593, STANDALONE=33275], networkLocation: /default-rack, certSerialId: null, persistedOpState: IN_SERVICE, persistedOpStateExpiryEpochSec: 0}3c897dd6-f9a8-4587-816d-4b361cef56f3{ip: 10.1.0.226, host: fv-az459-990.msq0az1vewme3jsxyslsv0htic.jx.internal.cloudapp.net, ports: [REPLICATION=34751, RATIS=39577, RATIS_ADMIN=39577, RATIS_SERVER=39577, STANDALONE=41121], networkLocation: /default-rack, certSerialId: null, persistedOpState: IN_SERVICE, persistedOpStateExpiryEpochSec: 0}27609338-e5ea-4e9e-bd63-6729dd2dbc7a{ip: 10.1.0.226, host: fv-az459-990.msq0az1vewme3jsxyslsv0htic.jx.internal.cloudapp.net, ports: [REPLICATION=40113, RATIS=36963, RATIS_ADMIN=36963, RATIS_SERVER=36963, STANDALONE=41637], networkLocation: /default-rack, certSerialId: null, persistedOpState: IN_SERVICE, persistedOpStateExpiryEpochSec: 0}, ReplicationConfig: RATIS/THREE, State:ALLOCATED, leaderId:264ccfc1-7403-435b-81c3-d1dfb4335e59, CreationTimestamp2022-10-14T20:48:19.545Z[Etc/UTC]] moved to OPEN state
2022-10-14 20:48:27,053 [EventQueue-OpenPipelineForHealthyPipelineSafeModeRule] INFO  safemode.SCMSafeModeManager (HealthyPipelineSafeModeRule.java:process(137)) - SCM in safe mode. Healthy pipelines reported count is 0, required healthy pipeline reported count is 1
2022-10-14 20:48:27,059 [264ccfc1-7403-435b-81c3-d1dfb4335e59@group-D51D6A44A918-LeaderElection9] INFO  server.RaftServerConfigKeys (ConfUtils.java:logGet(46)) - raft.server.log.appender.snapshot.chunk.size.max = 16MB (=16777216) (default)
2022-10-14 20:48:27,060 [EventQueue-OpenPipelineForHealthyPipelineSafeModeRule] INFO  safemode.SCMSafeModeManager (HealthyPipelineSafeModeRule.java:process(137)) - SCM in safe mode. Healthy pipelines reported count is 1, required healthy pipeline reported count is 1
2022-10-14 20:48:27,060 [264ccfc1-7403-435b-81c3-d1dfb4335e59@group-D51D6A44A918-LeaderElection9] INFO  server.RaftServerConfigKeys (ConfUtils.java:logGet(46)) - raft.server.log.appender.buffer.byte-limit = 33554432 (custom)
2022-10-14 20:48:27,060 [EventQueue-OpenPipelineForHealthyPipelineSafeModeRule] INFO  safemode.SCMSafeModeManager (SCMSafeModeManager.java:validateSafeModeExitRules(204)) - HealthyPipelineSafeModeRule rule is successfully validated
2022-10-14 20:48:27,060 [EventQueue-OpenPipelineForHealthyPipelineSafeModeRule] INFO  safemode.SCMSafeModeManager (SCMSafeModeManager.java:validateSafeModeExitRules(219)) - ScmSafeModeManager, all rules are successfully validated
2022-10-14 20:48:27,060 [EventQueue-OpenPipelineForHealthyPipelineSafeModeRule] INFO  safemode.SCMSafeModeManager (SCMSafeModeManager.java:exitSafeMode(248)) - SCM exiting safe mode.
2022-10-14 20:48:27,060 [EventQueue-OpenPipelineForHealthyPipelineSafeModeRule] WARN  events.EventQueue (EventQueue.java:fireEvent(216)) - No event handler registered for event TypedEvent{payloadType=SafeModeStatus, name='Safe mode status'}
2022-10-14 20:48:27,060 [EventQueue-OpenPipelineForHealthyPipelineSafeModeRule] INFO  ha.SCMContext (SCMContext.java:updateSafeModeStatus(228)) - Update SafeModeStatus from SafeModeStatus{safeModeStatus=true, preCheckPassed=true} to SafeModeStatus{safeModeStatus=false, preCheckPassed=true}.
2022-10-14 20:48:27,060 [EventQueue-OpenPipelineForHealthyPipelineSafeModeRule] INFO  pipeline.BackgroundPipelineCreator (BackgroundPipelineCreator.java:notifyStatusChanged(254)) - Service BackgroundPipelineCreator transitions to RUNNING.
2022-10-14 20:48:27,060 [EventQueue-OpenPipelineForHealthyPipelineSafeModeRule] INFO  BackgroundPipelineScrubber (BackgroundSCMService.java:notifyStatusChanged(82)) - Service BackgroundPipelineScrubber transitions to RUNNING.
2022-10-14 20:48:27,060 [EventQueue-OpenPipelineForHealthyPipelineSafeModeRule] INFO  ExpiredContainerReplicaOpScrubber (BackgroundSCMService.java:notifyStatusChanged(82)) - Service ExpiredContainerReplicaOpScrubber transitions to RUNNING.
2022-10-14 20:48:27,060 [EventQueue-OpenPipelineForHealthyPipelineSafeModeRule] INFO  replication.ReplicationManager (ReplicationManager.java:notifyStatusChanged(728)) - Service ReplicationManager transitions to RUNNING.
2022-10-14 20:48:27,060 [264ccfc1-7403-435b-81c3-d1dfb4335e59@group-D51D6A44A918-LeaderElection9] INFO  server.RaftServerConfigKeys (ConfUtils.java:logGet(46)) - raft.server.log.appender.buffer.element-limit = 1 (custom)
2022-10-14 20:48:27,065 [264ccfc1-7403-435b-81c3-d1dfb4335e59@group-D51D6A44A918-LeaderElection9] INFO  grpc.GrpcConfigKeys (ConfUtils.java:logGet(46)) - raft.grpc.server.leader.outstanding.appends.max = 128 (default)
2022-10-14 20:48:27,065 [264ccfc1-7403-435b-81c3-d1dfb4335e59@group-D51D6A44A918-LeaderElection9] INFO  server.RaftServerConfigKeys (ConfUtils.java:logGet(46)) - raft.server.rpc.request.timeout = 60s (custom)
2022-10-14 20:48:27,065 [264ccfc1-7403-435b-81c3-d1dfb4335e59@group-D51D6A44A918-LeaderElection9] INFO  server.RaftServerConfigKeys (ConfUtils.java:logGet(46)) - raft.server.log.appender.install.snapshot.enabled = false (custom)
2022-10-14 20:48:27,069 [264ccfc1-7403-435b-81c3-d1dfb4335e59@group-D51D6A44A918-LeaderElection9] INFO  server.RaftServerConfigKeys (ConfUtils.java:logGet(46)) - raft.server.log.appender.snapshot.chunk.size.max = 16MB (=16777216) (default)
2022-10-14 20:48:27,069 [264ccfc1-7403-435b-81c3-d1dfb4335e59@group-D51D6A44A918-LeaderElection9] INFO  server.RaftServerConfigKeys (ConfUtils.java:logGet(46)) - raft.server.log.appender.buffer.byte-limit = 33554432 (custom)
2022-10-14 20:48:27,069 [264ccfc1-7403-435b-81c3-d1dfb4335e59@group-D51D6A44A918-LeaderElection9] INFO  server.RaftServerConfigKeys (ConfUtils.java:logGet(46)) - raft.server.log.appender.buffer.element-limit = 1 (custom)
2022-10-14 20:48:27,069 [264ccfc1-7403-435b-81c3-d1dfb4335e59@group-D51D6A44A918-LeaderElection9] INFO  grpc.GrpcConfigKeys (ConfUtils.java:logGet(46)) - raft.grpc.server.leader.outstanding.appends.max = 128 (default)
2022-10-14 20:48:27,070 [264ccfc1-7403-435b-81c3-d1dfb4335e59@group-D51D6A44A918-LeaderElection9] INFO  server.RaftServerConfigKeys (ConfUtils.java:logGet(46)) - raft.server.rpc.request.timeout = 60s (custom)
2022-10-14 20:48:27,070 [264ccfc1-7403-435b-81c3-d1dfb4335e59@group-D51D6A44A918-LeaderElection9] INFO  server.RaftServerConfigKeys (ConfUtils.java:logGet(46)) - raft.server.log.appender.install.snapshot.enabled = false (custom)
2022-10-14 20:48:27,070 [EventQueue-OpenPipelineForHealthyPipelineSafeModeRule] WARN  balancer.ContainerBalancer (ContainerBalancer.java:shouldRun(936)) - Could not find persisted configuration for ContainerBalancer when checking if ContainerBalancer should run. ContainerBalancer should not run now.
2022-10-14 20:48:27,071 [264ccfc1-7403-435b-81c3-d1dfb4335e59@group-D51D6A44A918-LeaderElection9] INFO  impl.RoleInfo (RoleInfo.java:updateAndGet(139)) - 264ccfc1-7403-435b-81c3-d1dfb4335e59: start 264ccfc1-7403-435b-81c3-d1dfb4335e59@group-D51D6A44A918-LeaderStateImpl
2022-10-14 20:48:27,071 [264ccfc1-7403-435b-81c3-d1dfb4335e59@group-D51D6A44A918-LeaderElection9] INFO  segmented.SegmentedRaftLogWorker (SegmentedRaftLogWorker.java:startLogSegment(425)) - 264ccfc1-7403-435b-81c3-d1dfb4335e59@group-D51D6A44A918-SegmentedRaftLogWorker: Starting segment from index:0
2022-10-14 20:48:27,072 [264ccfc1-7403-435b-81c3-d1dfb4335e59@group-D51D6A44A918-SegmentedRaftLogWorker] INFO  segmented.SegmentedRaftLogWorker (SegmentedRaftLogWorker.java:execute(629)) - 264ccfc1-7403-435b-81c3-d1dfb4335e59@group-D51D6A44A918-SegmentedRaftLogWorker: created new log segment /home/runner/work/ozone/ozone/hadoop-ozone/integration-test/target/test-dir/MiniOzoneClusterImpl-1e9d71ba-d753-4201-9665-5e97e6b64b9c/datanode-3/data/ratis/42d921a0-7ac0-4d91-8f02-d51d6a44a918/current/log_inprogress_0
2022-10-14 20:48:27,086 [264ccfc1-7403-435b-81c3-d1dfb4335e59@group-D51D6A44A918-LeaderElection9] INFO  server.RaftServer$Division (ServerState.java:setRaftConf(393)) - 264ccfc1-7403-435b-81c3-d1dfb4335e59@group-D51D6A44A918: set configuration 0: [27609338-e5ea-4e9e-bd63-6729dd2dbc7a|rpc:10.1.0.226:36963|dataStream:|priority:0, 264ccfc1-7403-435b-81c3-d1dfb4335e59|rpc:10.1.0.226:44593|dataStream:|priority:1, 3c897dd6-f9a8-4587-816d-4b361cef56f3|rpc:10.1.0.226:39577|dataStream:|priority:0], old=null
2022-10-14 20:48:27,112 [27609338-e5ea-4e9e-bd63-6729dd2dbc7a-server-thread1] INFO  ratis.XceiverServerRatis (XceiverServerRatis.java:handleLeaderChangedNotification(863)) - Leader change notification received for group: group-D51D6A44A918 with new leaderId: 264ccfc1-7403-435b-81c3-d1dfb4335e59
2022-10-14 20:48:27,112 [27609338-e5ea-4e9e-bd63-6729dd2dbc7a-server-thread1] INFO  server.RaftServer$Division (ServerState.java:setLeader(287)) - 27609338-e5ea-4e9e-bd63-6729dd2dbc7a@group-D51D6A44A918: change Leader from null to 264ccfc1-7403-435b-81c3-d1dfb4335e59 at term 1 for appendEntries, leader elected after 5067ms
2022-10-14 20:48:27,117 [3c897dd6-f9a8-4587-816d-4b361cef56f3-server-thread1] INFO  ratis.XceiverServerRatis (XceiverServerRatis.java:handleLeaderChangedNotification(863)) - Leader change notification received for group: group-D51D6A44A918 with new leaderId: 264ccfc1-7403-435b-81c3-d1dfb4335e59
2022-10-14 20:48:27,117 [3c897dd6-f9a8-4587-816d-4b361cef56f3-server-thread1] INFO  server.RaftServer$Division (ServerState.java:setLeader(287)) - 3c897dd6-f9a8-4587-816d-4b361cef56f3@group-D51D6A44A918: change Leader from null to 264ccfc1-7403-435b-81c3-d1dfb4335e59 at term 1 for appendEntries, leader elected after 5106ms
2022-10-14 20:48:27,126 [27609338-e5ea-4e9e-bd63-6729dd2dbc7a-server-thread1] INFO  server.RaftServer$Division (ServerState.java:setRaftConf(393)) - 27609338-e5ea-4e9e-bd63-6729dd2dbc7a@group-D51D6A44A918: set configuration 0: [27609338-e5ea-4e9e-bd63-6729dd2dbc7a|rpc:10.1.0.226:36963|dataStream:|priority:0, 264ccfc1-7403-435b-81c3-d1dfb4335e59|rpc:10.1.0.226:44593|dataStream:|priority:1, 3c897dd6-f9a8-4587-816d-4b361cef56f3|rpc:10.1.0.226:39577|dataStream:|priority:0], old=null
2022-10-14 20:48:27,126 [27609338-e5ea-4e9e-bd63-6729dd2dbc7a-server-thread1] INFO  segmented.SegmentedRaftLogWorker (SegmentedRaftLogWorker.java:startLogSegment(425)) - 27609338-e5ea-4e9e-bd63-6729dd2dbc7a@group-D51D6A44A918-SegmentedRaftLogWorker: Starting segment from index:0
2022-10-14 20:48:27,127 [27609338-e5ea-4e9e-bd63-6729dd2dbc7a@group-D51D6A44A918-SegmentedRaftLogWorker] INFO  segmented.SegmentedRaftLogWorker (SegmentedRaftLogWorker.java:execute(629)) - 27609338-e5ea-4e9e-bd63-6729dd2dbc7a@group-D51D6A44A918-SegmentedRaftLogWorker: created new log segment /home/runner/work/ozone/ozone/hadoop-ozone/integration-test/target/test-dir/MiniOzoneClusterImpl-1e9d71ba-d753-4201-9665-5e97e6b64b9c/datanode-5/data/ratis/42d921a0-7ac0-4d91-8f02-d51d6a44a918/current/log_inprogress_0
2022-10-14 20:48:27,133 [3c897dd6-f9a8-4587-816d-4b361cef56f3-server-thread1] INFO  server.RaftServer$Division (ServerState.java:setRaftConf(393)) - 3c897dd6-f9a8-4587-816d-4b361cef56f3@group-D51D6A44A918: set configuration 0: [27609338-e5ea-4e9e-bd63-6729dd2dbc7a|rpc:10.1.0.226:36963|dataStream:|priority:0, 264ccfc1-7403-435b-81c3-d1dfb4335e59|rpc:10.1.0.226:44593|dataStream:|priority:1, 3c897dd6-f9a8-4587-816d-4b361cef56f3|rpc:10.1.0.226:39577|dataStream:|priority:0], old=null
2022-10-14 20:48:27,133 [3c897dd6-f9a8-4587-816d-4b361cef56f3-server-thread1] INFO  segmented.SegmentedRaftLogWorker (SegmentedRaftLogWorker.java:startLogSegment(425)) - 3c897dd6-f9a8-4587-816d-4b361cef56f3@group-D51D6A44A918-SegmentedRaftLogWorker: Starting segment from index:0
2022-10-14 20:48:27,135 [3c897dd6-f9a8-4587-816d-4b361cef56f3@group-D51D6A44A918-SegmentedRaftLogWorker] INFO  segmented.SegmentedRaftLogWorker (SegmentedRaftLogWorker.java:execute(629)) - 3c897dd6-f9a8-4587-816d-4b361cef56f3@group-D51D6A44A918-SegmentedRaftLogWorker: created new log segment /home/runner/work/ozone/ozone/hadoop-ozone/integration-test/target/test-dir/MiniOzoneClusterImpl-1e9d71ba-d753-4201-9665-5e97e6b64b9c/datanode-4/data/ratis/42d921a0-7ac0-4d91-8f02-d51d6a44a918/current/log_inprogress_0
2022-10-14 20:48:27,207 [Listener at 127.0.0.1/41743] INFO  ozone.MiniOzoneClusterImpl (MiniOzoneClusterImpl.java:lambda$waitForClusterToBeReady$0(216)) - Nodes are ready. Got 10 of 10 DN Heartbeats.
2022-10-14 20:48:27,207 [Listener at 127.0.0.1/41743] INFO  ozone.MiniOzoneClusterImpl (MiniOzoneClusterImpl.java:lambda$waitForClusterToBeReady$0(219)) - Cluster exits safe mode
2022-10-14 20:48:27,207 [Listener at 127.0.0.1/41743] INFO  ozone.MiniOzoneClusterImpl (MiniOzoneClusterImpl.java:lambda$waitForClusterToBeReady$0(221)) - SCM became leader
2022-10-14 20:48:27,349 [3c897dd6-f9a8-4587-816d-4b361cef56f3@group-B166C3D79484-FollowerState] INFO  impl.FollowerState (FollowerState.java:run(143)) - 3c897dd6-f9a8-4587-816d-4b361cef56f3@group-B166C3D79484-FollowerState: change to CANDIDATE, lastRpcElapsedTime:5176862456ns, electionTimeout:5175ms
2022-10-14 20:48:27,349 [3c897dd6-f9a8-4587-816d-4b361cef56f3@group-B166C3D79484-FollowerState] INFO  impl.RoleInfo (RoleInfo.java:shutdownFollowerState(110)) - 3c897dd6-f9a8-4587-816d-4b361cef56f3: shutdown 3c897dd6-f9a8-4587-816d-4b361cef56f3@group-B166C3D79484-FollowerState
2022-10-14 20:48:27,349 [3c897dd6-f9a8-4587-816d-4b361cef56f3@group-B166C3D79484-FollowerState] INFO  server.RaftServer$Division (RaftServerImpl.java:setRole(299)) - 3c897dd6-f9a8-4587-816d-4b361cef56f3@group-B166C3D79484: changes role from  FOLLOWER to CANDIDATE at term 0 for changeToCandidate
2022-10-14 20:48:27,349 [3c897dd6-f9a8-4587-816d-4b361cef56f3@group-B166C3D79484-FollowerState] INFO  server.RaftServerConfigKeys (ConfUtils.java:logGet(46)) - raft.server.leaderelection.pre-vote = false (custom)
2022-10-14 20:48:27,349 [3c897dd6-f9a8-4587-816d-4b361cef56f3@group-B166C3D79484-FollowerState] INFO  impl.RoleInfo (RoleInfo.java:updateAndGet(139)) - 3c897dd6-f9a8-4587-816d-4b361cef56f3: start 3c897dd6-f9a8-4587-816d-4b361cef56f3@group-B166C3D79484-LeaderElection10
2022-10-14 20:48:27,370 [3c897dd6-f9a8-4587-816d-4b361cef56f3@group-B166C3D79484-LeaderElection10] INFO  impl.LeaderElection (LeaderElection.java:askForVotes(310)) - 3c897dd6-f9a8-4587-816d-4b361cef56f3@group-B166C3D79484-LeaderElection10 ELECTION round 0: submit vote requests at term 1 for -1: [3c897dd6-f9a8-4587-816d-4b361cef56f3|rpc:10.1.0.226:39577|priority:1], old=null
2022-10-14 20:48:27,371 [3c897dd6-f9a8-4587-816d-4b361cef56f3@group-B166C3D79484-LeaderElection10] INFO  impl.LeaderElection (LeaderElection.java:askForVotes(312)) - 3c897dd6-f9a8-4587-816d-4b361cef56f3@group-B166C3D79484-LeaderElection10 ELECTION round 0: result PASSED (term=1)
2022-10-14 20:48:27,371 [3c897dd6-f9a8-4587-816d-4b361cef56f3@group-B166C3D79484-LeaderElection10] INFO  impl.RoleInfo (RoleInfo.java:shutdownLeaderElection(130)) - 3c897dd6-f9a8-4587-816d-4b361cef56f3: shutdown 3c897dd6-f9a8-4587-816d-4b361cef56f3@group-B166C3D79484-LeaderElection10
2022-10-14 20:48:27,371 [3c897dd6-f9a8-4587-816d-4b361cef56f3@group-B166C3D79484-LeaderElection10] INFO  server.RaftServer$Division (RaftServerImpl.java:setRole(299)) - 3c897dd6-f9a8-4587-816d-4b361cef56f3@group-B166C3D79484: changes role from CANDIDATE to LEADER at term 1 for changeToLeader
2022-10-14 20:48:27,371 [3c897dd6-f9a8-4587-816d-4b361cef56f3@group-B166C3D79484-LeaderElection10] INFO  ratis.XceiverServerRatis (XceiverServerRatis.java:handleLeaderChangedNotification(863)) - Leader change notification received for group: group-B166C3D79484 with new leaderId: 3c897dd6-f9a8-4587-816d-4b361cef56f3
2022-10-14 20:48:27,371 [3c897dd6-f9a8-4587-816d-4b361cef56f3@group-B166C3D79484-LeaderElection10] INFO  server.RaftServer$Division (ServerState.java:setLeader(287)) - 3c897dd6-f9a8-4587-816d-4b361cef56f3@group-B166C3D79484: change Leader from null to 3c897dd6-f9a8-4587-816d-4b361cef56f3 at term 1 for becomeLeader, leader elected after 5207ms
2022-10-14 20:48:27,371 [3c897dd6-f9a8-4587-816d-4b361cef56f3@group-B166C3D79484-LeaderElection10] INFO  server.RaftServerConfigKeys (ConfUtils.java:logGet(46)) - raft.server.staging.catchup.gap = 1000 (default)
2022-10-14 20:48:27,371 [3c897dd6-f9a8-4587-816d-4b361cef56f3@group-B166C3D79484-LeaderElection10] INFO  server.RaftServerConfigKeys (ConfUtils.java:logGet(46)) - raft.server.write.element-limit = 1024 (custom)
2022-10-14 20:48:27,371 [3c897dd6-f9a8-4587-816d-4b361cef56f3@group-B166C3D79484-LeaderElection10] INFO  server.RaftServerConfigKeys (ConfUtils.java:logGet(46)) - raft.server.write.byte-limit = 1024 M (=1073741824) (custom)
2022-10-14 20:48:27,372 [3c897dd6-f9a8-4587-816d-4b361cef56f3@group-B166C3D79484-LeaderElection10] INFO  server.RaftServerConfigKeys (ConfUtils.java:logGet(46)) - raft.server.watch.timeout = 180s (custom)
2022-10-14 20:48:27,372 [3c897dd6-f9a8-4587-816d-4b361cef56f3@group-B166C3D79484-LeaderElection10] INFO  server.RaftServerConfigKeys (ConfUtils.java:logGet(46)) - raft.server.watch.timeout.denomination = 1s (default)
2022-10-14 20:48:27,372 [3c897dd6-f9a8-4587-816d-4b361cef56f3@group-B166C3D79484-LeaderElection10] INFO  server.RaftServerConfigKeys (ConfUtils.java:logGet(46)) - raft.server.watch.element-limit = 65536 (default)
2022-10-14 20:48:27,372 [3c897dd6-f9a8-4587-816d-4b361cef56f3@group-B166C3D79484-LeaderElection10] INFO  server.RaftServerConfigKeys (ConfUtils.java:logGet(46)) - raft.server.write.element-limit = 1024 (custom)
2022-10-14 20:48:27,372 [3c897dd6-f9a8-4587-816d-4b361cef56f3@group-B166C3D79484-LeaderElection10] INFO  server.RaftServerConfigKeys (ConfUtils.java:logGet(46)) - raft.server.write.follower.gap.ratio.max = -1.0 (default)
2022-10-14 20:48:27,372 [3c897dd6-f9a8-4587-816d-4b361cef56f3@group-B166C3D79484-LeaderElection10] INFO  impl.RoleInfo (RoleInfo.java:updateAndGet(139)) - 3c897dd6-f9a8-4587-816d-4b361cef56f3: start 3c897dd6-f9a8-4587-816d-4b361cef56f3@group-B166C3D79484-LeaderStateImpl
2022-10-14 20:48:27,372 [3c897dd6-f9a8-4587-816d-4b361cef56f3@group-B166C3D79484-LeaderElection10] INFO  segmented.SegmentedRaftLogWorker (SegmentedRaftLogWorker.java:startLogSegment(425)) - 3c897dd6-f9a8-4587-816d-4b361cef56f3@group-B166C3D79484-SegmentedRaftLogWorker: Starting segment from index:0
2022-10-14 20:48:27,374 [3c897dd6-f9a8-4587-816d-4b361cef56f3@group-B166C3D79484-SegmentedRaftLogWorker] INFO  segmented.SegmentedRaftLogWorker (SegmentedRaftLogWorker.java:execute(629)) - 3c897dd6-f9a8-4587-816d-4b361cef56f3@group-B166C3D79484-SegmentedRaftLogWorker: created new log segment /home/runner/work/ozone/ozone/hadoop-ozone/integration-test/target/test-dir/MiniOzoneClusterImpl-1e9d71ba-d753-4201-9665-5e97e6b64b9c/datanode-4/data/ratis/b4e18f50-3a4c-48c1-b4ff-b166c3d79484/current/log_inprogress_0
2022-10-14 20:48:27,386 [3c897dd6-f9a8-4587-816d-4b361cef56f3@group-B166C3D79484-LeaderElection10] INFO  server.RaftServer$Division (ServerState.java:setRaftConf(393)) - 3c897dd6-f9a8-4587-816d-4b361cef56f3@group-B166C3D79484: set configuration 0: [3c897dd6-f9a8-4587-816d-4b361cef56f3|rpc:10.1.0.226:39577|dataStream:|priority:1], old=null
2022-10-14 20:48:27,598 [27609338-e5ea-4e9e-bd63-6729dd2dbc7a@group-271805A6E5C0-FollowerState] INFO  impl.FollowerState (FollowerState.java:run(143)) - 27609338-e5ea-4e9e-bd63-6729dd2dbc7a@group-271805A6E5C0-FollowerState: change to CANDIDATE, lastRpcElapsedTime:5042434890ns, electionTimeout:5042ms
2022-10-14 20:48:27,598 [27609338-e5ea-4e9e-bd63-6729dd2dbc7a@group-271805A6E5C0-FollowerState] INFO  impl.RoleInfo (RoleInfo.java:shutdownFollowerState(110)) - 27609338-e5ea-4e9e-bd63-6729dd2dbc7a: shutdown 27609338-e5ea-4e9e-bd63-6729dd2dbc7a@group-271805A6E5C0-FollowerState
2022-10-14 20:48:27,598 [27609338-e5ea-4e9e-bd63-6729dd2dbc7a@group-271805A6E5C0-FollowerState] INFO  server.RaftServer$Division (RaftServerImpl.java:setRole(299)) - 27609338-e5ea-4e9e-bd63-6729dd2dbc7a@group-271805A6E5C0: changes role from  FOLLOWER to CANDIDATE at term 0 for changeToCandidate
2022-10-14 20:48:27,598 [27609338-e5ea-4e9e-bd63-6729dd2dbc7a@group-271805A6E5C0-FollowerState] INFO  server.RaftServerConfigKeys (ConfUtils.java:logGet(46)) - raft.server.leaderelection.pre-vote = false (custom)
2022-10-14 20:48:27,598 [27609338-e5ea-4e9e-bd63-6729dd2dbc7a@group-271805A6E5C0-FollowerState] INFO  impl.RoleInfo (RoleInfo.java:updateAndGet(139)) - 27609338-e5ea-4e9e-bd63-6729dd2dbc7a: start 27609338-e5ea-4e9e-bd63-6729dd2dbc7a@group-271805A6E5C0-LeaderElection11
2022-10-14 20:48:27,608 [27609338-e5ea-4e9e-bd63-6729dd2dbc7a@group-271805A6E5C0-LeaderElection11] INFO  impl.LeaderElection (LeaderElection.java:askForVotes(310)) - 27609338-e5ea-4e9e-bd63-6729dd2dbc7a@group-271805A6E5C0-LeaderElection11 ELECTION round 0: submit vote requests at term 1 for -1: [27609338-e5ea-4e9e-bd63-6729dd2dbc7a|rpc:10.1.0.226:36963|priority:1], old=null
2022-10-14 20:48:27,608 [27609338-e5ea-4e9e-bd63-6729dd2dbc7a@group-271805A6E5C0-LeaderElection11] INFO  impl.LeaderElection (LeaderElection.java:askForVotes(312)) - 27609338-e5ea-4e9e-bd63-6729dd2dbc7a@group-271805A6E5C0-LeaderElection11 ELECTION round 0: result PASSED (term=1)
2022-10-14 20:48:27,608 [27609338-e5ea-4e9e-bd63-6729dd2dbc7a@group-271805A6E5C0-LeaderElection11] INFO  impl.RoleInfo (RoleInfo.java:shutdownLeaderElection(130)) - 27609338-e5ea-4e9e-bd63-6729dd2dbc7a: shutdown 27609338-e5ea-4e9e-bd63-6729dd2dbc7a@group-271805A6E5C0-LeaderElection11
2022-10-14 20:48:27,608 [27609338-e5ea-4e9e-bd63-6729dd2dbc7a@group-271805A6E5C0-LeaderElection11] INFO  server.RaftServer$Division (RaftServerImpl.java:setRole(299)) - 27609338-e5ea-4e9e-bd63-6729dd2dbc7a@group-271805A6E5C0: changes role from CANDIDATE to LEADER at term 1 for changeToLeader
2022-10-14 20:48:27,608 [27609338-e5ea-4e9e-bd63-6729dd2dbc7a@group-271805A6E5C0-LeaderElection11] INFO  ratis.XceiverServerRatis (XceiverServerRatis.java:handleLeaderChangedNotification(863)) - Leader change notification received for group: group-271805A6E5C0 with new leaderId: 27609338-e5ea-4e9e-bd63-6729dd2dbc7a
2022-10-14 20:48:27,610 [27609338-e5ea-4e9e-bd63-6729dd2dbc7a@group-271805A6E5C0-LeaderElection11] INFO  server.RaftServer$Division (ServerState.java:setLeader(287)) - 27609338-e5ea-4e9e-bd63-6729dd2dbc7a@group-271805A6E5C0: change Leader from null to 27609338-e5ea-4e9e-bd63-6729dd2dbc7a at term 1 for becomeLeader, leader elected after 5060ms
2022-10-14 20:48:27,610 [27609338-e5ea-4e9e-bd63-6729dd2dbc7a@group-271805A6E5C0-LeaderElection11] INFO  server.RaftServerConfigKeys (ConfUtils.java:logGet(46)) - raft.server.staging.catchup.gap = 1000 (default)
2022-10-14 20:48:27,611 [27609338-e5ea-4e9e-bd63-6729dd2dbc7a@group-271805A6E5C0-LeaderElection11] INFO  server.RaftServerConfigKeys (ConfUtils.java:logGet(46)) - raft.server.write.element-limit = 1024 (custom)
2022-10-14 20:48:27,611 [27609338-e5ea-4e9e-bd63-6729dd2dbc7a@group-271805A6E5C0-LeaderElection11] INFO  server.RaftServerConfigKeys (ConfUtils.java:logGet(46)) - raft.server.write.byte-limit = 1024 M (=1073741824) (custom)
2022-10-14 20:48:27,612 [27609338-e5ea-4e9e-bd63-6729dd2dbc7a@group-271805A6E5C0-LeaderElection11] INFO  server.RaftServerConfigKeys (ConfUtils.java:logGet(46)) - raft.server.watch.timeout = 180s (custom)
2022-10-14 20:48:27,612 [27609338-e5ea-4e9e-bd63-6729dd2dbc7a@group-271805A6E5C0-LeaderElection11] INFO  server.RaftServerConfigKeys (ConfUtils.java:logGet(46)) - raft.server.watch.timeout.denomination = 1s (default)
2022-10-14 20:48:27,612 [27609338-e5ea-4e9e-bd63-6729dd2dbc7a@group-271805A6E5C0-LeaderElection11] INFO  server.RaftServerConfigKeys (ConfUtils.java:logGet(46)) - raft.server.watch.element-limit = 65536 (default)
2022-10-14 20:48:27,613 [27609338-e5ea-4e9e-bd63-6729dd2dbc7a@group-271805A6E5C0-LeaderElection11] INFO  server.RaftServerConfigKeys (ConfUtils.java:logGet(46)) - raft.server.write.element-limit = 1024 (custom)
2022-10-14 20:48:27,613 [27609338-e5ea-4e9e-bd63-6729dd2dbc7a@group-271805A6E5C0-LeaderElection11] INFO  server.RaftServerConfigKeys (ConfUtils.java:logGet(46)) - raft.server.write.follower.gap.ratio.max = -1.0 (default)
2022-10-14 20:48:27,613 [27609338-e5ea-4e9e-bd63-6729dd2dbc7a@group-271805A6E5C0-LeaderElection11] INFO  impl.RoleInfo (RoleInfo.java:updateAndGet(139)) - 27609338-e5ea-4e9e-bd63-6729dd2dbc7a: start 27609338-e5ea-4e9e-bd63-6729dd2dbc7a@group-271805A6E5C0-LeaderStateImpl
2022-10-14 20:48:27,613 [27609338-e5ea-4e9e-bd63-6729dd2dbc7a@group-271805A6E5C0-LeaderElection11] INFO  segmented.SegmentedRaftLogWorker (SegmentedRaftLogWorker.java:startLogSegment(425)) - 27609338-e5ea-4e9e-bd63-6729dd2dbc7a@group-271805A6E5C0-SegmentedRaftLogWorker: Starting segment from index:0
2022-10-14 20:48:27,616 [27609338-e5ea-4e9e-bd63-6729dd2dbc7a@group-271805A6E5C0-LeaderElection11] INFO  server.RaftServer$Division (ServerState.java:setRaftConf(393)) - 27609338-e5ea-4e9e-bd63-6729dd2dbc7a@group-271805A6E5C0: set configuration 0: [27609338-e5ea-4e9e-bd63-6729dd2dbc7a|rpc:10.1.0.226:36963|dataStream:|priority:1], old=null
2022-10-14 20:48:27,621 [27609338-e5ea-4e9e-bd63-6729dd2dbc7a@group-271805A6E5C0-SegmentedRaftLogWorker] INFO  segmented.SegmentedRaftLogWorker (SegmentedRaftLogWorker.java:execute(629)) - 27609338-e5ea-4e9e-bd63-6729dd2dbc7a@group-271805A6E5C0-SegmentedRaftLogWorker: created new log segment /home/runner/work/ozone/ozone/hadoop-ozone/integration-test/target/test-dir/MiniOzoneClusterImpl-1e9d71ba-d753-4201-9665-5e97e6b64b9c/datanode-5/data/ratis/65f46a37-d345-41fb-b658-271805a6e5c0/current/log_inprogress_0
2022-10-14 20:48:27,795 [Listener at 127.0.0.1/41743] INFO  rpc.RpcClient (RpcClient.java:createVolume(471)) - Creating Volume: 50be3f32-737f-4989-a5da-742192d73a48, with runner as owner and space quota set to -1 bytes, counts quota set to -1
2022-10-14 20:48:27,857 [OM StateMachine ApplyTransaction Thread - 0] INFO  volume.OMVolumeCreateRequest (OMVolumeCreateRequest.java:validateAndUpdateCache(195)) - created volume:50be3f32-737f-4989-a5da-742192d73a48 for user:runner
2022-10-14 20:48:27,886 [Listener at 127.0.0.1/41743] INFO  rpc.RpcClient (RpcClient.java:createBucket(674)) - Creating Bucket: 50be3f32-737f-4989-a5da-742192d73a48/50be3f32-737f-4989-a5da-742192d73a48, with server-side default bucket layout, runner as owner, Versioning false, Storage Type set to DISK and Encryption set to false 
2022-10-14 20:48:27,905 [OM StateMachine ApplyTransaction Thread - 0] INFO  bucket.OMBucketCreateRequest (OMBucketCreateRequest.java:validateAndUpdateCache(260)) - created bucket: 50be3f32-737f-4989-a5da-742192d73a48 of layout LEGACY in volume: 50be3f32-737f-4989-a5da-742192d73a48
2022-10-14 20:48:27,930 [Listener at 127.0.0.1/41743] INFO  rpc.RpcClient (RpcClient.java:createBucket(674)) - Creating Bucket: 50be3f32-737f-4989-a5da-742192d73a48/8e9c6830-1af5-4c63-87e6-34edf81997ea, with server-side default bucket layout, runner as owner, Versioning false, Storage Type set to DISK and Encryption set to false 
2022-10-14 20:48:27,943 [OM StateMachine ApplyTransaction Thread - 0] INFO  bucket.OMBucketCreateRequest (OMBucketCreateRequest.java:validateAndUpdateCache(260)) - created bucket: 8e9c6830-1af5-4c63-87e6-34edf81997ea of layout LEGACY in volume: 50be3f32-737f-4989-a5da-742192d73a48
2022-10-14 20:48:28,006 [IPC Server handler 6 on default port 33043] INFO  pipeline.PipelineStateManagerImpl (PipelineStateManagerImpl.java:addPipeline(103)) - Created pipeline Pipeline[ Id: 04515ef2-be88-4736-85b8-0f660d595d05, Nodes: a9bc3d00-95be-4d99-8dcc-adc6824489fa{ip: 10.1.0.226, host: fv-az459-990.msq0az1vewme3jsxyslsv0htic.jx.internal.cloudapp.net, ports: [REPLICATION=38691, RATIS=41433, RATIS_ADMIN=41433, RATIS_SERVER=41433, STANDALONE=39903], networkLocation: /default-rack, certSerialId: null, persistedOpState: null, persistedOpStateExpiryEpochSec: 0}3c897dd6-f9a8-4587-816d-4b361cef56f3{ip: 10.1.0.226, host: fv-az459-990.msq0az1vewme3jsxyslsv0htic.jx.internal.cloudapp.net, ports: [REPLICATION=34751, RATIS=39577, RATIS_ADMIN=39577, RATIS_SERVER=39577, STANDALONE=41121], networkLocation: /default-rack, certSerialId: null, persistedOpState: null, persistedOpStateExpiryEpochSec: 0}b5e52be0-4491-4e69-96e1-10d94051f40c{ip: 10.1.0.226, host: fv-az459-990.msq0az1vewme3jsxyslsv0htic.jx.internal.cloudapp.net, ports: [REPLICATION=33805, RATIS=37041, RATIS_ADMIN=37041, RATIS_SERVER=37041, STANDALONE=41241], networkLocation: /default-rack, certSerialId: null, persistedOpState: null, persistedOpStateExpiryEpochSec: 0}e247b98c-9a86-486e-b3b1-fa195c9418a4{ip: 10.1.0.226, host: fv-az459-990.msq0az1vewme3jsxyslsv0htic.jx.internal.cloudapp.net, ports: [REPLICATION=36665, RATIS=46677, RATIS_ADMIN=46677, RATIS_SERVER=46677, STANDALONE=36511], networkLocation: /default-rack, certSerialId: null, persistedOpState: null, persistedOpStateExpiryEpochSec: 0}16777052-74aa-4e90-8314-2bee1f1d951b{ip: 10.1.0.226, host: fv-az459-990.msq0az1vewme3jsxyslsv0htic.jx.internal.cloudapp.net, ports: [REPLICATION=45667, RATIS=46003, RATIS_ADMIN=46003, RATIS_SERVER=46003, STANDALONE=45747], networkLocation: /default-rack, certSerialId: null, persistedOpState: null, persistedOpStateExpiryEpochSec: 0}, ReplicationConfig: EC/ECReplicationConfig{data=3, parity=2, ecChunkSize=1024, codec=rs}, State:ALLOCATED, leaderId:, CreationTimestamp2022-10-14T20:48:28.004Z[Etc/UTC]].
2022-10-14 20:48:28,009 [IPC Server handler 6 on default port 33043] INFO  ha.SequenceIdGenerator (SequenceIdGenerator.java:getNextId(128)) - Allocate a batch for containerId, change lastId from 0 to 1000.
2022-10-14 20:48:28,022 [IPC Server handler 6 on default port 33043] INFO  pipeline.PipelineManagerImpl (PipelineManagerImpl.java:openPipeline(367)) - Pipeline Pipeline[ Id: 04515ef2-be88-4736-85b8-0f660d595d05, Nodes: a9bc3d00-95be-4d99-8dcc-adc6824489fa{ip: 10.1.0.226, host: fv-az459-990.msq0az1vewme3jsxyslsv0htic.jx.internal.cloudapp.net, ports: [REPLICATION=38691, RATIS=41433, RATIS_ADMIN=41433, RATIS_SERVER=41433, STANDALONE=39903], networkLocation: /default-rack, certSerialId: null, persistedOpState: null, persistedOpStateExpiryEpochSec: 0}3c897dd6-f9a8-4587-816d-4b361cef56f3{ip: 10.1.0.226, host: fv-az459-990.msq0az1vewme3jsxyslsv0htic.jx.internal.cloudapp.net, ports: [REPLICATION=34751, RATIS=39577, RATIS_ADMIN=39577, RATIS_SERVER=39577, STANDALONE=41121], networkLocation: /default-rack, certSerialId: null, persistedOpState: null, persistedOpStateExpiryEpochSec: 0}b5e52be0-4491-4e69-96e1-10d94051f40c{ip: 10.1.0.226, host: fv-az459-990.msq0az1vewme3jsxyslsv0htic.jx.internal.cloudapp.net, ports: [REPLICATION=33805, RATIS=37041, RATIS_ADMIN=37041, RATIS_SERVER=37041, STANDALONE=41241], networkLocation: /default-rack, certSerialId: null, persistedOpState: null, persistedOpStateExpiryEpochSec: 0}e247b98c-9a86-486e-b3b1-fa195c9418a4{ip: 10.1.0.226, host: fv-az459-990.msq0az1vewme3jsxyslsv0htic.jx.internal.cloudapp.net, ports: [REPLICATION=36665, RATIS=46677, RATIS_ADMIN=46677, RATIS_SERVER=46677, STANDALONE=36511], networkLocation: /default-rack, certSerialId: null, persistedOpState: null, persistedOpStateExpiryEpochSec: 0}16777052-74aa-4e90-8314-2bee1f1d951b{ip: 10.1.0.226, host: fv-az459-990.msq0az1vewme3jsxyslsv0htic.jx.internal.cloudapp.net, ports: [REPLICATION=45667, RATIS=46003, RATIS_ADMIN=46003, RATIS_SERVER=46003, STANDALONE=45747], networkLocation: /default-rack, certSerialId: null, persistedOpState: null, persistedOpStateExpiryEpochSec: 0}, ReplicationConfig: EC/ECReplicationConfig{data=3, parity=2, ecChunkSize=1024, codec=rs}, State:ALLOCATED, leaderId:, CreationTimestamp2022-10-14T20:48:28.004Z[Etc/UTC]] moved to OPEN state
2022-10-14 20:48:28,023 [IPC Server handler 6 on default port 33043] WARN  ha.SequenceIdGenerator (SequenceIdGenerator.java:allocateBatch(237)) - Failed to allocate a batch for localId, expected lastId is 0, actual lastId is 109611004723200000.
2022-10-14 20:48:28,023 [IPC Server handler 6 on default port 33043] INFO  ha.SequenceIdGenerator (SequenceIdGenerator.java:getNextId(128)) - Allocate a batch for localId, change lastId from 109611004723200000 to 109611004723201000.
2022-10-14 20:48:28,087 [a9bc3d00-95be-4d99-8dcc-adc6824489fa@group-9DF102291914-FollowerState] INFO  impl.FollowerState (FollowerState.java:run(143)) - a9bc3d00-95be-4d99-8dcc-adc6824489fa@group-9DF102291914-FollowerState: change to CANDIDATE, lastRpcElapsedTime:5050734338ns, electionTimeout:5046ms
2022-10-14 20:48:28,089 [a9bc3d00-95be-4d99-8dcc-adc6824489fa@group-9DF102291914-FollowerState] INFO  impl.RoleInfo (RoleInfo.java:shutdownFollowerState(110)) - a9bc3d00-95be-4d99-8dcc-adc6824489fa: shutdown a9bc3d00-95be-4d99-8dcc-adc6824489fa@group-9DF102291914-FollowerState
2022-10-14 20:48:28,089 [a9bc3d00-95be-4d99-8dcc-adc6824489fa@group-9DF102291914-FollowerState] INFO  server.RaftServer$Division (RaftServerImpl.java:setRole(299)) - a9bc3d00-95be-4d99-8dcc-adc6824489fa@group-9DF102291914: changes role from  FOLLOWER to CANDIDATE at term 0 for changeToCandidate
2022-10-14 20:48:28,089 [a9bc3d00-95be-4d99-8dcc-adc6824489fa@group-9DF102291914-FollowerState] INFO  server.RaftServerConfigKeys (ConfUtils.java:logGet(46)) - raft.server.leaderelection.pre-vote = false (custom)
2022-10-14 20:48:28,089 [a9bc3d00-95be-4d99-8dcc-adc6824489fa@group-9DF102291914-FollowerState] INFO  impl.RoleInfo (RoleInfo.java:updateAndGet(139)) - a9bc3d00-95be-4d99-8dcc-adc6824489fa: start a9bc3d00-95be-4d99-8dcc-adc6824489fa@group-9DF102291914-LeaderElection12
2022-10-14 20:48:28,098 [a9bc3d00-95be-4d99-8dcc-adc6824489fa@group-9DF102291914-LeaderElection12] INFO  impl.LeaderElection (LeaderElection.java:askForVotes(310)) - a9bc3d00-95be-4d99-8dcc-adc6824489fa@group-9DF102291914-LeaderElection12 ELECTION round 0: submit vote requests at term 1 for -1: [bbc6add2-54a7-4497-b631-73b4353e40e2|rpc:10.1.0.226:45201|dataStream:|priority:0, a9bc3d00-95be-4d99-8dcc-adc6824489fa|rpc:10.1.0.226:41433|dataStream:|priority:0, 16777052-74aa-4e90-8314-2bee1f1d951b|rpc:10.1.0.226:46003|dataStream:|priority:1], old=null
2022-10-14 20:48:28,111 [grpc-default-executor-0] INFO  server.RaftServer$Division (RaftServerImpl.java:requestVote(1152)) - bbc6add2-54a7-4497-b631-73b4353e40e2@group-9DF102291914: receive requestVote(ELECTION, a9bc3d00-95be-4d99-8dcc-adc6824489fa, group-9DF102291914, 1, (t:0, i:0))
2022-10-14 20:48:28,111 [grpc-default-executor-0] INFO  impl.VoteContext (VoteContext.java:log(48)) - bbc6add2-54a7-4497-b631-73b4353e40e2@group-9DF102291914-FOLLOWER: accept ELECTION from a9bc3d00-95be-4d99-8dcc-adc6824489fa: our priority 0 <= candidate's priority 0
2022-10-14 20:48:28,111 [grpc-default-executor-0] INFO  server.RaftServer$Division (RaftServerImpl.java:setRole(299)) - bbc6add2-54a7-4497-b631-73b4353e40e2@group-9DF102291914: changes role from  FOLLOWER to FOLLOWER at term 1 for candidate:a9bc3d00-95be-4d99-8dcc-adc6824489fa
2022-10-14 20:48:28,111 [grpc-default-executor-0] INFO  impl.RoleInfo (RoleInfo.java:shutdownFollowerState(110)) - bbc6add2-54a7-4497-b631-73b4353e40e2: shutdown bbc6add2-54a7-4497-b631-73b4353e40e2@group-9DF102291914-FollowerState
2022-10-14 20:48:28,111 [grpc-default-executor-0] INFO  impl.RoleInfo (RoleInfo.java:updateAndGet(139)) - bbc6add2-54a7-4497-b631-73b4353e40e2: start bbc6add2-54a7-4497-b631-73b4353e40e2@group-9DF102291914-FollowerState
2022-10-14 20:48:28,111 [bbc6add2-54a7-4497-b631-73b4353e40e2@group-9DF102291914-FollowerState] INFO  impl.FollowerState (FollowerState.java:run(152)) - bbc6add2-54a7-4497-b631-73b4353e40e2@group-9DF102291914-FollowerState was interrupted
2022-10-14 20:48:28,115 [grpc-default-executor-0] INFO  server.RaftServer$Division (RaftServerImpl.java:requestVote(1184)) - bbc6add2-54a7-4497-b631-73b4353e40e2@group-9DF102291914 replies to ELECTION vote request: a9bc3d00-95be-4d99-8dcc-adc6824489fa<-bbc6add2-54a7-4497-b631-73b4353e40e2#0:OK-t1. Peer's state: bbc6add2-54a7-4497-b631-73b4353e40e2@group-9DF102291914:t1, leader=null, voted=a9bc3d00-95be-4d99-8dcc-adc6824489fa, raftlog=bbc6add2-54a7-4497-b631-73b4353e40e2@group-9DF102291914-SegmentedRaftLog:OPENED:c-1, conf=-1: [bbc6add2-54a7-4497-b631-73b4353e40e2|rpc:10.1.0.226:45201|dataStream:|priority:0, a9bc3d00-95be-4d99-8dcc-adc6824489fa|rpc:10.1.0.226:41433|dataStream:|priority:0, 16777052-74aa-4e90-8314-2bee1f1d951b|rpc:10.1.0.226:46003|dataStream:|priority:1], old=null
2022-10-14 20:48:28,125 [grpc-default-executor-0] INFO  server.RaftServer$Division (RaftServerImpl.java:requestVote(1152)) - 16777052-74aa-4e90-8314-2bee1f1d951b@group-9DF102291914: receive requestVote(ELECTION, a9bc3d00-95be-4d99-8dcc-adc6824489fa, group-9DF102291914, 1, (t:0, i:0))
2022-10-14 20:48:28,125 [grpc-default-executor-0] INFO  impl.VoteContext (VoteContext.java:log(48)) - 16777052-74aa-4e90-8314-2bee1f1d951b@group-9DF102291914-FOLLOWER: reject ELECTION from a9bc3d00-95be-4d99-8dcc-adc6824489fa: our priority 1 > candidate's priority 0
2022-10-14 20:48:28,125 [grpc-default-executor-0] INFO  server.RaftServer$Division (RaftServerImpl.java:setRole(299)) - 16777052-74aa-4e90-8314-2bee1f1d951b@group-9DF102291914: changes role from  FOLLOWER to FOLLOWER at term 1 for candidate:a9bc3d00-95be-4d99-8dcc-adc6824489fa
2022-10-14 20:48:28,126 [grpc-default-executor-0] INFO  impl.RoleInfo (RoleInfo.java:shutdownFollowerState(110)) - 16777052-74aa-4e90-8314-2bee1f1d951b: shutdown 16777052-74aa-4e90-8314-2bee1f1d951b@group-9DF102291914-FollowerState
2022-10-14 20:48:28,126 [16777052-74aa-4e90-8314-2bee1f1d951b@group-9DF102291914-FollowerState] INFO  impl.FollowerState (FollowerState.java:run(152)) - 16777052-74aa-4e90-8314-2bee1f1d951b@group-9DF102291914-FollowerState was interrupted
2022-10-14 20:48:28,130 [grpc-default-executor-0] INFO  impl.RoleInfo (RoleInfo.java:updateAndGet(139)) - 16777052-74aa-4e90-8314-2bee1f1d951b: start 16777052-74aa-4e90-8314-2bee1f1d951b@group-9DF102291914-FollowerState
2022-10-14 20:48:28,132 [grpc-default-executor-0] INFO  server.RaftServer$Division (RaftServerImpl.java:requestVote(1184)) - 16777052-74aa-4e90-8314-2bee1f1d951b@group-9DF102291914 replies to ELECTION vote request: a9bc3d00-95be-4d99-8dcc-adc6824489fa<-16777052-74aa-4e90-8314-2bee1f1d951b#0:FAIL-t1. Peer's state: 16777052-74aa-4e90-8314-2bee1f1d951b@group-9DF102291914:t1, leader=null, voted=null, raftlog=16777052-74aa-4e90-8314-2bee1f1d951b@group-9DF102291914-SegmentedRaftLog:OPENED:c-1, conf=-1: [bbc6add2-54a7-4497-b631-73b4353e40e2|rpc:10.1.0.226:45201|priority:0, a9bc3d00-95be-4d99-8dcc-adc6824489fa|rpc:10.1.0.226:41433|priority:0, 16777052-74aa-4e90-8314-2bee1f1d951b|rpc:10.1.0.226:46003|priority:1], old=null
2022-10-14 20:48:28,133 [a9bc3d00-95be-4d99-8dcc-adc6824489fa@group-9DF102291914-LeaderElection12] INFO  impl.LeaderElection (LeaderElection.java:logAndReturn(90)) - a9bc3d00-95be-4d99-8dcc-adc6824489fa@group-9DF102291914-LeaderElection12: ELECTION REJECTED received 2 response(s) and 0 exception(s):
2022-10-14 20:48:28,133 [a9bc3d00-95be-4d99-8dcc-adc6824489fa@group-9DF102291914-LeaderElection12] INFO  impl.LeaderElection (LeaderElection.java:logAndReturn(94)) -   Response 0: a9bc3d00-95be-4d99-8dcc-adc6824489fa<-bbc6add2-54a7-4497-b631-73b4353e40e2#0:OK-t1
2022-10-14 20:48:28,133 [a9bc3d00-95be-4d99-8dcc-adc6824489fa@group-9DF102291914-LeaderElection12] INFO  impl.LeaderElection (LeaderElection.java:logAndReturn(94)) -   Response 1: a9bc3d00-95be-4d99-8dcc-adc6824489fa<-16777052-74aa-4e90-8314-2bee1f1d951b#0:FAIL-t1
2022-10-14 20:48:28,133 [a9bc3d00-95be-4d99-8dcc-adc6824489fa@group-9DF102291914-LeaderElection12] INFO  impl.LeaderElection (LeaderElection.java:askForVotes(312)) - a9bc3d00-95be-4d99-8dcc-adc6824489fa@group-9DF102291914-LeaderElection12 ELECTION round 0: result REJECTED
2022-10-14 20:48:28,134 [a9bc3d00-95be-4d99-8dcc-adc6824489fa@group-9DF102291914-LeaderElection12] INFO  server.RaftServer$Division (RaftServerImpl.java:setRole(299)) - a9bc3d00-95be-4d99-8dcc-adc6824489fa@group-9DF102291914: changes role from CANDIDATE to FOLLOWER at term 1 for REJECTED
2022-10-14 20:48:28,134 [a9bc3d00-95be-4d99-8dcc-adc6824489fa@group-9DF102291914-LeaderElection12] INFO  impl.RoleInfo (RoleInfo.java:shutdownLeaderElection(130)) - a9bc3d00-95be-4d99-8dcc-adc6824489fa: shutdown a9bc3d00-95be-4d99-8dcc-adc6824489fa@group-9DF102291914-LeaderElection12
2022-10-14 20:48:28,134 [a9bc3d00-95be-4d99-8dcc-adc6824489fa@group-9DF102291914-LeaderElection12] INFO  impl.RoleInfo (RoleInfo.java:updateAndGet(139)) - a9bc3d00-95be-4d99-8dcc-adc6824489fa: start a9bc3d00-95be-4d99-8dcc-adc6824489fa@group-9DF102291914-FollowerState
2022-10-14 20:48:28,153 [Listener at 127.0.0.1/41743] WARN  erasurecode.ErasureCodeNative (ErasureCodeNative.java:<clinit>(55)) - ISA-L support is not available in your platform... using builtin-java codec where applicable
2022-10-14 20:48:28,159 [16777052-74aa-4e90-8314-2bee1f1d951b@group-4005DE48A76A-FollowerState] INFO  impl.FollowerState (FollowerState.java:run(143)) - 16777052-74aa-4e90-8314-2bee1f1d951b@group-4005DE48A76A-FollowerState: change to CANDIDATE, lastRpcElapsedTime:5186275372ns, electionTimeout:5182ms
2022-10-14 20:48:28,160 [16777052-74aa-4e90-8314-2bee1f1d951b@group-4005DE48A76A-FollowerState] INFO  impl.RoleInfo (RoleInfo.java:shutdownFollowerState(110)) - 16777052-74aa-4e90-8314-2bee1f1d951b: shutdown 16777052-74aa-4e90-8314-2bee1f1d951b@group-4005DE48A76A-FollowerState
2022-10-14 20:48:28,160 [16777052-74aa-4e90-8314-2bee1f1d951b@group-4005DE48A76A-FollowerState] INFO  server.RaftServer$Division (RaftServerImpl.java:setRole(299)) - 16777052-74aa-4e90-8314-2bee1f1d951b@group-4005DE48A76A: changes role from  FOLLOWER to CANDIDATE at term 0 for changeToCandidate
2022-10-14 20:48:28,160 [16777052-74aa-4e90-8314-2bee1f1d951b@group-4005DE48A76A-FollowerState] INFO  server.RaftServerConfigKeys (ConfUtils.java:logGet(46)) - raft.server.leaderelection.pre-vote = false (custom)
2022-10-14 20:48:28,160 [16777052-74aa-4e90-8314-2bee1f1d951b@group-4005DE48A76A-FollowerState] INFO  impl.RoleInfo (RoleInfo.java:updateAndGet(139)) - 16777052-74aa-4e90-8314-2bee1f1d951b: start 16777052-74aa-4e90-8314-2bee1f1d951b@group-4005DE48A76A-LeaderElection13
2022-10-14 20:48:28,169 [16777052-74aa-4e90-8314-2bee1f1d951b@group-4005DE48A76A-LeaderElection13] INFO  impl.LeaderElection (LeaderElection.java:askForVotes(310)) - 16777052-74aa-4e90-8314-2bee1f1d951b@group-4005DE48A76A-LeaderElection13 ELECTION round 0: submit vote requests at term 1 for -1: [16777052-74aa-4e90-8314-2bee1f1d951b|rpc:10.1.0.226:46003|priority:1], old=null
2022-10-14 20:48:28,169 [16777052-74aa-4e90-8314-2bee1f1d951b@group-4005DE48A76A-LeaderElection13] INFO  impl.LeaderElection (LeaderElection.java:askForVotes(312)) - 16777052-74aa-4e90-8314-2bee1f1d951b@group-4005DE48A76A-LeaderElection13 ELECTION round 0: result PASSED (term=1)
2022-10-14 20:48:28,169 [16777052-74aa-4e90-8314-2bee1f1d951b@group-4005DE48A76A-LeaderElection13] INFO  impl.RoleInfo (RoleInfo.java:shutdownLeaderElection(130)) - 16777052-74aa-4e90-8314-2bee1f1d951b: shutdown 16777052-74aa-4e90-8314-2bee1f1d951b@group-4005DE48A76A-LeaderElection13
2022-10-14 20:48:28,170 [16777052-74aa-4e90-8314-2bee1f1d951b@group-4005DE48A76A-LeaderElection13] INFO  server.RaftServer$Division (RaftServerImpl.java:setRole(299)) - 16777052-74aa-4e90-8314-2bee1f1d951b@group-4005DE48A76A: changes role from CANDIDATE to LEADER at term 1 for changeToLeader
2022-10-14 20:48:28,170 [16777052-74aa-4e90-8314-2bee1f1d951b@group-4005DE48A76A-LeaderElection13] INFO  ratis.XceiverServerRatis (XceiverServerRatis.java:handleLeaderChangedNotification(863)) - Leader change notification received for group: group-4005DE48A76A with new leaderId: 16777052-74aa-4e90-8314-2bee1f1d951b
2022-10-14 20:48:28,170 [16777052-74aa-4e90-8314-2bee1f1d951b@group-4005DE48A76A-LeaderElection13] INFO  server.RaftServer$Division (ServerState.java:setLeader(287)) - 16777052-74aa-4e90-8314-2bee1f1d951b@group-4005DE48A76A: change Leader from null to 16777052-74aa-4e90-8314-2bee1f1d951b at term 1 for becomeLeader, leader elected after 5208ms
2022-10-14 20:48:28,170 [16777052-74aa-4e90-8314-2bee1f1d951b@group-4005DE48A76A-LeaderElection13] INFO  server.RaftServerConfigKeys (ConfUtils.java:logGet(46)) - raft.server.staging.catchup.gap = 1000 (default)
2022-10-14 20:48:28,170 [16777052-74aa-4e90-8314-2bee1f1d951b@group-4005DE48A76A-LeaderElection13] INFO  server.RaftServerConfigKeys (ConfUtils.java:logGet(46)) - raft.server.write.element-limit = 1024 (custom)
2022-10-14 20:48:28,170 [16777052-74aa-4e90-8314-2bee1f1d951b@group-4005DE48A76A-LeaderElection13] INFO  server.RaftServerConfigKeys (ConfUtils.java:logGet(46)) - raft.server.write.byte-limit = 1024 M (=1073741824) (custom)
2022-10-14 20:48:28,170 [16777052-74aa-4e90-8314-2bee1f1d951b@group-4005DE48A76A-LeaderElection13] INFO  server.RaftServerConfigKeys (ConfUtils.java:logGet(46)) - raft.server.watch.timeout = 180s (custom)
2022-10-14 20:48:28,171 [16777052-74aa-4e90-8314-2bee1f1d951b@group-4005DE48A76A-LeaderElection13] INFO  server.RaftServerConfigKeys (ConfUtils.java:logGet(46)) - raft.server.watch.timeout.denomination = 1s (default)
2022-10-14 20:48:28,171 [16777052-74aa-4e90-8314-2bee1f1d951b@group-4005DE48A76A-LeaderElection13] INFO  server.RaftServerConfigKeys (ConfUtils.java:logGet(46)) - raft.server.watch.element-limit = 65536 (default)
2022-10-14 20:48:28,171 [16777052-74aa-4e90-8314-2bee1f1d951b@group-4005DE48A76A-LeaderElection13] INFO  server.RaftServerConfigKeys (ConfUtils.java:logGet(46)) - raft.server.write.element-limit = 1024 (custom)
2022-10-14 20:48:28,171 [16777052-74aa-4e90-8314-2bee1f1d951b@group-4005DE48A76A-LeaderElection13] INFO  server.RaftServerConfigKeys (ConfUtils.java:logGet(46)) - raft.server.write.follower.gap.ratio.max = -1.0 (default)
2022-10-14 20:48:28,171 [16777052-74aa-4e90-8314-2bee1f1d951b@group-4005DE48A76A-LeaderElection13] INFO  impl.RoleInfo (RoleInfo.java:updateAndGet(139)) - 16777052-74aa-4e90-8314-2bee1f1d951b: start 16777052-74aa-4e90-8314-2bee1f1d951b@group-4005DE48A76A-LeaderStateImpl
2022-10-14 20:48:28,172 [16777052-74aa-4e90-8314-2bee1f1d951b@group-4005DE48A76A-LeaderElection13] INFO  segmented.SegmentedRaftLogWorker (SegmentedRaftLogWorker.java:startLogSegment(425)) - 16777052-74aa-4e90-8314-2bee1f1d951b@group-4005DE48A76A-SegmentedRaftLogWorker: Starting segment from index:0
2022-10-14 20:48:28,173 [16777052-74aa-4e90-8314-2bee1f1d951b@group-4005DE48A76A-SegmentedRaftLogWorker] INFO  segmented.SegmentedRaftLogWorker (SegmentedRaftLogWorker.java:execute(629)) - 16777052-74aa-4e90-8314-2bee1f1d951b@group-4005DE48A76A-SegmentedRaftLogWorker: created new log segment /home/runner/work/ozone/ozone/hadoop-ozone/integration-test/target/test-dir/MiniOzoneClusterImpl-1e9d71ba-d753-4201-9665-5e97e6b64b9c/datanode-6/data/ratis/e1f01a72-2bb0-4042-ae92-4005de48a76a/current/log_inprogress_0
2022-10-14 20:48:28,177 [16777052-74aa-4e90-8314-2bee1f1d951b@group-4005DE48A76A-LeaderElection13] INFO  server.RaftServer$Division (ServerState.java:setRaftConf(393)) - 16777052-74aa-4e90-8314-2bee1f1d951b@group-4005DE48A76A: set configuration 0: [16777052-74aa-4e90-8314-2bee1f1d951b|rpc:10.1.0.226:46003|dataStream:|priority:1], old=null
2022-10-14 20:48:28,194 [a9bc3d00-95be-4d99-8dcc-adc6824489fa@group-6ABA310D950C-FollowerState] INFO  impl.FollowerState (FollowerState.java:run(143)) - a9bc3d00-95be-4d99-8dcc-adc6824489fa@group-6ABA310D950C-FollowerState: change to CANDIDATE, lastRpcElapsedTime:5052056267ns, electionTimeout:5051ms
2022-10-14 20:48:28,194 [a9bc3d00-95be-4d99-8dcc-adc6824489fa@group-6ABA310D950C-FollowerState] INFO  impl.RoleInfo (RoleInfo.java:shutdownFollowerState(110)) - a9bc3d00-95be-4d99-8dcc-adc6824489fa: shutdown a9bc3d00-95be-4d99-8dcc-adc6824489fa@group-6ABA310D950C-FollowerState
2022-10-14 20:48:28,194 [a9bc3d00-95be-4d99-8dcc-adc6824489fa@group-6ABA310D950C-FollowerState] INFO  server.RaftServer$Division (RaftServerImpl.java:setRole(299)) - a9bc3d00-95be-4d99-8dcc-adc6824489fa@group-6ABA310D950C: changes role from  FOLLOWER to CANDIDATE at term 0 for changeToCandidate
2022-10-14 20:48:28,194 [a9bc3d00-95be-4d99-8dcc-adc6824489fa@group-6ABA310D950C-FollowerState] INFO  server.RaftServerConfigKeys (ConfUtils.java:logGet(46)) - raft.server.leaderelection.pre-vote = false (custom)
2022-10-14 20:48:28,194 [a9bc3d00-95be-4d99-8dcc-adc6824489fa@group-6ABA310D950C-FollowerState] INFO  impl.RoleInfo (RoleInfo.java:updateAndGet(139)) - a9bc3d00-95be-4d99-8dcc-adc6824489fa: start a9bc3d00-95be-4d99-8dcc-adc6824489fa@group-6ABA310D950C-LeaderElection14
2022-10-14 20:48:28,203 [a9bc3d00-95be-4d99-8dcc-adc6824489fa@group-6ABA310D950C-LeaderElection14] INFO  impl.LeaderElection (LeaderElection.java:askForVotes(310)) - a9bc3d00-95be-4d99-8dcc-adc6824489fa@group-6ABA310D950C-LeaderElection14 ELECTION round 0: submit vote requests at term 1 for -1: [bbc6add2-54a7-4497-b631-73b4353e40e2|rpc:10.1.0.226:45201|dataStream:|priority:1, a9bc3d00-95be-4d99-8dcc-adc6824489fa|rpc:10.1.0.226:41433|dataStream:|priority:0, 16777052-74aa-4e90-8314-2bee1f1d951b|rpc:10.1.0.226:46003|dataStream:|priority:0], old=null
2022-10-14 20:48:28,210 [grpc-default-executor-0] INFO  server.RaftServer$Division (RaftServerImpl.java:requestVote(1152)) - bbc6add2-54a7-4497-b631-73b4353e40e2@group-6ABA310D950C: receive requestVote(ELECTION, a9bc3d00-95be-4d99-8dcc-adc6824489fa, group-6ABA310D950C, 1, (t:0, i:0))
2022-10-14 20:48:28,211 [grpc-default-executor-0] INFO  impl.VoteContext (VoteContext.java:log(48)) - bbc6add2-54a7-4497-b631-73b4353e40e2@group-6ABA310D950C-FOLLOWER: reject ELECTION from a9bc3d00-95be-4d99-8dcc-adc6824489fa: our priority 1 > candidate's priority 0
2022-10-14 20:48:28,211 [grpc-default-executor-0] INFO  server.RaftServer$Division (RaftServerImpl.java:setRole(299)) - bbc6add2-54a7-4497-b631-73b4353e40e2@group-6ABA310D950C: changes role from  FOLLOWER to FOLLOWER at term 1 for candidate:a9bc3d00-95be-4d99-8dcc-adc6824489fa
2022-10-14 20:48:28,211 [grpc-default-executor-0] INFO  impl.RoleInfo (RoleInfo.java:shutdownFollowerState(110)) - bbc6add2-54a7-4497-b631-73b4353e40e2: shutdown bbc6add2-54a7-4497-b631-73b4353e40e2@group-6ABA310D950C-FollowerState
2022-10-14 20:48:28,211 [grpc-default-executor-0] INFO  impl.RoleInfo (RoleInfo.java:updateAndGet(139)) - bbc6add2-54a7-4497-b631-73b4353e40e2: start bbc6add2-54a7-4497-b631-73b4353e40e2@group-6ABA310D950C-FollowerState
2022-10-14 20:48:28,211 [bbc6add2-54a7-4497-b631-73b4353e40e2@group-6ABA310D950C-FollowerState] INFO  impl.FollowerState (FollowerState.java:run(152)) - bbc6add2-54a7-4497-b631-73b4353e40e2@group-6ABA310D950C-FollowerState was interrupted
2022-10-14 20:48:28,212 [grpc-default-executor-0] INFO  server.RaftServer$Division (RaftServerImpl.java:requestVote(1184)) - bbc6add2-54a7-4497-b631-73b4353e40e2@group-6ABA310D950C replies to ELECTION vote request: a9bc3d00-95be-4d99-8dcc-adc6824489fa<-bbc6add2-54a7-4497-b631-73b4353e40e2#0:FAIL-t1. Peer's state: bbc6add2-54a7-4497-b631-73b4353e40e2@group-6ABA310D950C:t1, leader=null, voted=null, raftlog=bbc6add2-54a7-4497-b631-73b4353e40e2@group-6ABA310D950C-SegmentedRaftLog:OPENED:c-1, conf=-1: [bbc6add2-54a7-4497-b631-73b4353e40e2|rpc:10.1.0.226:45201|dataStream:|priority:1, a9bc3d00-95be-4d99-8dcc-adc6824489fa|rpc:10.1.0.226:41433|dataStream:|priority:0, 16777052-74aa-4e90-8314-2bee1f1d951b|rpc:10.1.0.226:46003|dataStream:|priority:0], old=null
2022-10-14 20:48:28,227 [a9bc3d00-95be-4d99-8dcc-adc6824489fa@group-6ABA310D950C-LeaderElection14] INFO  impl.LeaderElection (LeaderElection.java:logAndReturn(90)) - a9bc3d00-95be-4d99-8dcc-adc6824489fa@group-6ABA310D950C-LeaderElection14: ELECTION REJECTED received 1 response(s) and 0 exception(s):
2022-10-14 20:48:28,227 [a9bc3d00-95be-4d99-8dcc-adc6824489fa@group-6ABA310D950C-LeaderElection14] INFO  impl.LeaderElection (LeaderElection.java:logAndReturn(94)) -   Response 0: a9bc3d00-95be-4d99-8dcc-adc6824489fa<-bbc6add2-54a7-4497-b631-73b4353e40e2#0:FAIL-t1
2022-10-14 20:48:28,227 [a9bc3d00-95be-4d99-8dcc-adc6824489fa@group-6ABA310D950C-LeaderElection14] INFO  impl.LeaderElection (LeaderElection.java:askForVotes(312)) - a9bc3d00-95be-4d99-8dcc-adc6824489fa@group-6ABA310D950C-LeaderElection14 ELECTION round 0: result REJECTED
2022-10-14 20:48:28,228 [a9bc3d00-95be-4d99-8dcc-adc6824489fa@group-6ABA310D950C-LeaderElection14] INFO  server.RaftServer$Division (RaftServerImpl.java:setRole(299)) - a9bc3d00-95be-4d99-8dcc-adc6824489fa@group-6ABA310D950C: changes role from CANDIDATE to FOLLOWER at term 1 for REJECTED
2022-10-14 20:48:28,228 [a9bc3d00-95be-4d99-8dcc-adc6824489fa@group-6ABA310D950C-LeaderElection14] INFO  impl.RoleInfo (RoleInfo.java:shutdownLeaderElection(130)) - a9bc3d00-95be-4d99-8dcc-adc6824489fa: shutdown a9bc3d00-95be-4d99-8dcc-adc6824489fa@group-6ABA310D950C-LeaderElection14
2022-10-14 20:48:28,228 [a9bc3d00-95be-4d99-8dcc-adc6824489fa@group-6ABA310D950C-LeaderElection14] INFO  impl.RoleInfo (RoleInfo.java:updateAndGet(139)) - a9bc3d00-95be-4d99-8dcc-adc6824489fa: start a9bc3d00-95be-4d99-8dcc-adc6824489fa@group-6ABA310D950C-FollowerState
2022-10-14 20:48:28,231 [grpc-default-executor-0] INFO  server.RaftServer$Division (RaftServerImpl.java:requestVote(1152)) - 16777052-74aa-4e90-8314-2bee1f1d951b@group-6ABA310D950C: receive requestVote(ELECTION, a9bc3d00-95be-4d99-8dcc-adc6824489fa, group-6ABA310D950C, 1, (t:0, i:0))
2022-10-14 20:48:28,237 [grpc-default-executor-0] INFO  impl.VoteContext (VoteContext.java:log(48)) - 16777052-74aa-4e90-8314-2bee1f1d951b@group-6ABA310D950C-FOLLOWER: accept ELECTION from a9bc3d00-95be-4d99-8dcc-adc6824489fa: our priority 0 <= candidate's priority 0
2022-10-14 20:48:28,237 [grpc-default-executor-0] INFO  server.RaftServer$Division (RaftServerImpl.java:setRole(299)) - 16777052-74aa-4e90-8314-2bee1f1d951b@group-6ABA310D950C: changes role from  FOLLOWER to FOLLOWER at term 1 for candidate:a9bc3d00-95be-4d99-8dcc-adc6824489fa
2022-10-14 20:48:28,237 [grpc-default-executor-0] INFO  impl.RoleInfo (RoleInfo.java:shutdownFollowerState(110)) - 16777052-74aa-4e90-8314-2bee1f1d951b: shutdown 16777052-74aa-4e90-8314-2bee1f1d951b@group-6ABA310D950C-FollowerState
2022-10-14 20:48:28,237 [grpc-default-executor-0] INFO  impl.RoleInfo (RoleInfo.java:updateAndGet(139)) - 16777052-74aa-4e90-8314-2bee1f1d951b: start 16777052-74aa-4e90-8314-2bee1f1d951b@group-6ABA310D950C-FollowerState
2022-10-14 20:48:28,237 [16777052-74aa-4e90-8314-2bee1f1d951b@group-6ABA310D950C-FollowerState] INFO  impl.FollowerState (FollowerState.java:run(152)) - 16777052-74aa-4e90-8314-2bee1f1d951b@group-6ABA310D950C-FollowerState was interrupted
2022-10-14 20:48:28,240 [grpc-default-executor-0] INFO  server.RaftServer$Division (RaftServerImpl.java:requestVote(1184)) - 16777052-74aa-4e90-8314-2bee1f1d951b@group-6ABA310D950C replies to ELECTION vote request: a9bc3d00-95be-4d99-8dcc-adc6824489fa<-16777052-74aa-4e90-8314-2bee1f1d951b#0:OK-t1. Peer's state: 16777052-74aa-4e90-8314-2bee1f1d951b@group-6ABA310D950C:t1, leader=null, voted=a9bc3d00-95be-4d99-8dcc-adc6824489fa, raftlog=16777052-74aa-4e90-8314-2bee1f1d951b@group-6ABA310D950C-SegmentedRaftLog:OPENED:c-1, conf=-1: [bbc6add2-54a7-4497-b631-73b4353e40e2|rpc:10.1.0.226:45201|priority:1, a9bc3d00-95be-4d99-8dcc-adc6824489fa|rpc:10.1.0.226:41433|priority:0, 16777052-74aa-4e90-8314-2bee1f1d951b|rpc:10.1.0.226:46003|priority:0], old=null
2022-10-14 20:48:28,404 [Listener at 127.0.0.1/41743] INFO  impl.MetricsSystemImpl (MetricsSystemImpl.java:init(158)) - XceiverClientMetrics metrics system started (again)
2022-10-14 20:48:28,424 [a9bc3d00-95be-4d99-8dcc-adc6824489fa@group-2538328D853E-FollowerState] INFO  impl.FollowerState (FollowerState.java:run(143)) - a9bc3d00-95be-4d99-8dcc-adc6824489fa@group-2538328D853E-FollowerState: change to CANDIDATE, lastRpcElapsedTime:5033015581ns, electionTimeout:5032ms
2022-10-14 20:48:28,425 [a9bc3d00-95be-4d99-8dcc-adc6824489fa@group-2538328D853E-FollowerState] INFO  impl.RoleInfo (RoleInfo.java:shutdownFollowerState(110)) - a9bc3d00-95be-4d99-8dcc-adc6824489fa: shutdown a9bc3d00-95be-4d99-8dcc-adc6824489fa@group-2538328D853E-FollowerState
2022-10-14 20:48:28,425 [a9bc3d00-95be-4d99-8dcc-adc6824489fa@group-2538328D853E-FollowerState] INFO  server.RaftServer$Division (RaftServerImpl.java:setRole(299)) - a9bc3d00-95be-4d99-8dcc-adc6824489fa@group-2538328D853E: changes role from  FOLLOWER to CANDIDATE at term 0 for changeToCandidate
2022-10-14 20:48:28,425 [a9bc3d00-95be-4d99-8dcc-adc6824489fa@group-2538328D853E-FollowerState] INFO  server.RaftServerConfigKeys (ConfUtils.java:logGet(46)) - raft.server.leaderelection.pre-vote = false (custom)
2022-10-14 20:48:28,425 [a9bc3d00-95be-4d99-8dcc-adc6824489fa@group-2538328D853E-FollowerState] INFO  impl.RoleInfo (RoleInfo.java:updateAndGet(139)) - a9bc3d00-95be-4d99-8dcc-adc6824489fa: start a9bc3d00-95be-4d99-8dcc-adc6824489fa@group-2538328D853E-LeaderElection15
2022-10-14 20:48:28,431 [a9bc3d00-95be-4d99-8dcc-adc6824489fa@group-2538328D853E-LeaderElection15] INFO  impl.LeaderElection (LeaderElection.java:askForVotes(310)) - a9bc3d00-95be-4d99-8dcc-adc6824489fa@group-2538328D853E-LeaderElection15 ELECTION round 0: submit vote requests at term 1 for -1: [a9bc3d00-95be-4d99-8dcc-adc6824489fa|rpc:10.1.0.226:41433|priority:1], old=null
2022-10-14 20:48:28,431 [a9bc3d00-95be-4d99-8dcc-adc6824489fa@group-2538328D853E-LeaderElection15] INFO  impl.LeaderElection (LeaderElection.java:askForVotes(312)) - a9bc3d00-95be-4d99-8dcc-adc6824489fa@group-2538328D853E-LeaderElection15 ELECTION round 0: result PASSED (term=1)
2022-10-14 20:48:28,431 [a9bc3d00-95be-4d99-8dcc-adc6824489fa@group-2538328D853E-LeaderElection15] INFO  impl.RoleInfo (RoleInfo.java:shutdownLeaderElection(130)) - a9bc3d00-95be-4d99-8dcc-adc6824489fa: shutdown a9bc3d00-95be-4d99-8dcc-adc6824489fa@group-2538328D853E-LeaderElection15
2022-10-14 20:48:28,431 [a9bc3d00-95be-4d99-8dcc-adc6824489fa@group-2538328D853E-LeaderElection15] INFO  server.RaftServer$Division (RaftServerImpl.java:setRole(299)) - a9bc3d00-95be-4d99-8dcc-adc6824489fa@group-2538328D853E: changes role from CANDIDATE to LEADER at term 1 for changeToLeader
2022-10-14 20:48:28,431 [a9bc3d00-95be-4d99-8dcc-adc6824489fa@group-2538328D853E-LeaderElection15] INFO  ratis.XceiverServerRatis (XceiverServerRatis.java:handleLeaderChangedNotification(863)) - Leader change notification received for group: group-2538328D853E with new leaderId: a9bc3d00-95be-4d99-8dcc-adc6824489fa
2022-10-14 20:48:28,431 [a9bc3d00-95be-4d99-8dcc-adc6824489fa@group-2538328D853E-LeaderElection15] INFO  server.RaftServer$Division (ServerState.java:setLeader(287)) - a9bc3d00-95be-4d99-8dcc-adc6824489fa@group-2538328D853E: change Leader from null to a9bc3d00-95be-4d99-8dcc-adc6824489fa at term 1 for becomeLeader, leader elected after 5048ms
2022-10-14 20:48:28,431 [a9bc3d00-95be-4d99-8dcc-adc6824489fa@group-2538328D853E-LeaderElection15] INFO  server.RaftServerConfigKeys (ConfUtils.java:logGet(46)) - raft.server.staging.catchup.gap = 1000 (default)
2022-10-14 20:48:28,431 [a9bc3d00-95be-4d99-8dcc-adc6824489fa@group-2538328D853E-LeaderElection15] INFO  server.RaftServerConfigKeys (ConfUtils.java:logGet(46)) - raft.server.write.element-limit = 1024 (custom)
2022-10-14 20:48:28,432 [a9bc3d00-95be-4d99-8dcc-adc6824489fa@group-2538328D853E-LeaderElection15] INFO  server.RaftServerConfigKeys (ConfUtils.java:logGet(46)) - raft.server.write.byte-limit = 1024 M (=1073741824) (custom)
2022-10-14 20:48:28,432 [a9bc3d00-95be-4d99-8dcc-adc6824489fa@group-2538328D853E-LeaderElection15] INFO  server.RaftServerConfigKeys (ConfUtils.java:logGet(46)) - raft.server.watch.timeout = 180s (custom)
2022-10-14 20:48:28,432 [a9bc3d00-95be-4d99-8dcc-adc6824489fa@group-2538328D853E-LeaderElection15] INFO  server.RaftServerConfigKeys (ConfUtils.java:logGet(46)) - raft.server.watch.timeout.denomination = 1s (default)
2022-10-14 20:48:28,432 [a9bc3d00-95be-4d99-8dcc-adc6824489fa@group-2538328D853E-LeaderElection15] INFO  server.RaftServerConfigKeys (ConfUtils.java:logGet(46)) - raft.server.watch.element-limit = 65536 (default)
2022-10-14 20:48:28,433 [a9bc3d00-95be-4d99-8dcc-adc6824489fa@group-2538328D853E-LeaderElection15] INFO  server.RaftServerConfigKeys (ConfUtils.java:logGet(46)) - raft.server.write.element-limit = 1024 (custom)
2022-10-14 20:48:28,433 [a9bc3d00-95be-4d99-8dcc-adc6824489fa@group-2538328D853E-LeaderElection15] INFO  server.RaftServerConfigKeys (ConfUtils.java:logGet(46)) - raft.server.write.follower.gap.ratio.max = -1.0 (default)
2022-10-14 20:48:28,433 [a9bc3d00-95be-4d99-8dcc-adc6824489fa@group-2538328D853E-LeaderElection15] INFO  impl.RoleInfo (RoleInfo.java:updateAndGet(139)) - a9bc3d00-95be-4d99-8dcc-adc6824489fa: start a9bc3d00-95be-4d99-8dcc-adc6824489fa@group-2538328D853E-LeaderStateImpl
2022-10-14 20:48:28,433 [a9bc3d00-95be-4d99-8dcc-adc6824489fa@group-2538328D853E-LeaderElection15] INFO  segmented.SegmentedRaftLogWorker (SegmentedRaftLogWorker.java:startLogSegment(425)) - a9bc3d00-95be-4d99-8dcc-adc6824489fa@group-2538328D853E-SegmentedRaftLogWorker: Starting segment from index:0
2022-10-14 20:48:28,436 [a9bc3d00-95be-4d99-8dcc-adc6824489fa@group-2538328D853E-LeaderElection15] INFO  server.RaftServer$Division (ServerState.java:setRaftConf(393)) - a9bc3d00-95be-4d99-8dcc-adc6824489fa@group-2538328D853E: set configuration 0: [a9bc3d00-95be-4d99-8dcc-adc6824489fa|rpc:10.1.0.226:41433|dataStream:|priority:1], old=null
2022-10-14 20:48:28,437 [a9bc3d00-95be-4d99-8dcc-adc6824489fa@group-2538328D853E-SegmentedRaftLogWorker] INFO  segmented.SegmentedRaftLogWorker (SegmentedRaftLogWorker.java:execute(629)) - a9bc3d00-95be-4d99-8dcc-adc6824489fa@group-2538328D853E-SegmentedRaftLogWorker: created new log segment /home/runner/work/ozone/ozone/hadoop-ozone/integration-test/target/test-dir/MiniOzoneClusterImpl-1e9d71ba-d753-4201-9665-5e97e6b64b9c/datanode-7/data/ratis/ba104055-b9d1-4973-be08-2538328d853e/current/log_inprogress_0
2022-10-14 20:48:28,876 [bbc6add2-54a7-4497-b631-73b4353e40e2@group-A007A3104D9A-FollowerState] INFO  impl.FollowerState (FollowerState.java:run(143)) - bbc6add2-54a7-4497-b631-73b4353e40e2@group-A007A3104D9A-FollowerState: change to CANDIDATE, lastRpcElapsedTime:5084682617ns, electionTimeout:5083ms
2022-10-14 20:48:28,877 [bbc6add2-54a7-4497-b631-73b4353e40e2@group-A007A3104D9A-FollowerState] INFO  impl.RoleInfo (RoleInfo.java:shutdownFollowerState(110)) - bbc6add2-54a7-4497-b631-73b4353e40e2: shutdown bbc6add2-54a7-4497-b631-73b4353e40e2@group-A007A3104D9A-FollowerState
2022-10-14 20:48:28,877 [bbc6add2-54a7-4497-b631-73b4353e40e2@group-A007A3104D9A-FollowerState] INFO  server.RaftServer$Division (RaftServerImpl.java:setRole(299)) - bbc6add2-54a7-4497-b631-73b4353e40e2@group-A007A3104D9A: changes role from  FOLLOWER to CANDIDATE at term 0 for changeToCandidate
2022-10-14 20:48:28,877 [bbc6add2-54a7-4497-b631-73b4353e40e2@group-A007A3104D9A-FollowerState] INFO  server.RaftServerConfigKeys (ConfUtils.java:logGet(46)) - raft.server.leaderelection.pre-vote = false (custom)
2022-10-14 20:48:28,877 [bbc6add2-54a7-4497-b631-73b4353e40e2@group-A007A3104D9A-FollowerState] INFO  impl.RoleInfo (RoleInfo.java:updateAndGet(139)) - bbc6add2-54a7-4497-b631-73b4353e40e2: start bbc6add2-54a7-4497-b631-73b4353e40e2@group-A007A3104D9A-LeaderElection16
2022-10-14 20:48:28,886 [bbc6add2-54a7-4497-b631-73b4353e40e2@group-A007A3104D9A-LeaderElection16] INFO  impl.LeaderElection (LeaderElection.java:askForVotes(310)) - bbc6add2-54a7-4497-b631-73b4353e40e2@group-A007A3104D9A-LeaderElection16 ELECTION round 0: submit vote requests at term 1 for -1: [bbc6add2-54a7-4497-b631-73b4353e40e2|rpc:10.1.0.226:45201|priority:1], old=null
2022-10-14 20:48:28,887 [bbc6add2-54a7-4497-b631-73b4353e40e2@group-A007A3104D9A-LeaderElection16] INFO  impl.LeaderElection (LeaderElection.java:askForVotes(312)) - bbc6add2-54a7-4497-b631-73b4353e40e2@group-A007A3104D9A-LeaderElection16 ELECTION round 0: result PASSED (term=1)
2022-10-14 20:48:28,887 [bbc6add2-54a7-4497-b631-73b4353e40e2@group-A007A3104D9A-LeaderElection16] INFO  impl.RoleInfo (RoleInfo.java:shutdownLeaderElection(130)) - bbc6add2-54a7-4497-b631-73b4353e40e2: shutdown bbc6add2-54a7-4497-b631-73b4353e40e2@group-A007A3104D9A-LeaderElection16
2022-10-14 20:48:28,887 [bbc6add2-54a7-4497-b631-73b4353e40e2@group-A007A3104D9A-LeaderElection16] INFO  server.RaftServer$Division (RaftServerImpl.java:setRole(299)) - bbc6add2-54a7-4497-b631-73b4353e40e2@group-A007A3104D9A: changes role from CANDIDATE to LEADER at term 1 for changeToLeader
2022-10-14 20:48:28,887 [bbc6add2-54a7-4497-b631-73b4353e40e2@group-A007A3104D9A-LeaderElection16] INFO  ratis.XceiverServerRatis (XceiverServerRatis.java:handleLeaderChangedNotification(863)) - Leader change notification received for group: group-A007A3104D9A with new leaderId: bbc6add2-54a7-4497-b631-73b4353e40e2
2022-10-14 20:48:28,900 [bbc6add2-54a7-4497-b631-73b4353e40e2@group-A007A3104D9A-LeaderElection16] INFO  server.RaftServer$Division (ServerState.java:setLeader(287)) - bbc6add2-54a7-4497-b631-73b4353e40e2@group-A007A3104D9A: change Leader from null to bbc6add2-54a7-4497-b631-73b4353e40e2 at term 1 for becomeLeader, leader elected after 5099ms
2022-10-14 20:48:28,900 [bbc6add2-54a7-4497-b631-73b4353e40e2@group-A007A3104D9A-LeaderElection16] INFO  server.RaftServerConfigKeys (ConfUtils.java:logGet(46)) - raft.server.staging.catchup.gap = 1000 (default)
2022-10-14 20:48:28,903 [bbc6add2-54a7-4497-b631-73b4353e40e2@group-A007A3104D9A-LeaderElection16] INFO  server.RaftServerConfigKeys (ConfUtils.java:logGet(46)) - raft.server.write.element-limit = 1024 (custom)
2022-10-14 20:48:28,904 [bbc6add2-54a7-4497-b631-73b4353e40e2@group-A007A3104D9A-LeaderElection16] INFO  server.RaftServerConfigKeys (ConfUtils.java:logGet(46)) - raft.server.write.byte-limit = 1024 M (=1073741824) (custom)
2022-10-14 20:48:28,904 [bbc6add2-54a7-4497-b631-73b4353e40e2@group-A007A3104D9A-LeaderElection16] INFO  server.RaftServerConfigKeys (ConfUtils.java:logGet(46)) - raft.server.watch.timeout = 180s (custom)
2022-10-14 20:48:28,905 [bbc6add2-54a7-4497-b631-73b4353e40e2@group-A007A3104D9A-LeaderElection16] INFO  server.RaftServerConfigKeys (ConfUtils.java:logGet(46)) - raft.server.watch.timeout.denomination = 1s (default)
2022-10-14 20:48:28,906 [bbc6add2-54a7-4497-b631-73b4353e40e2@group-A007A3104D9A-LeaderElection16] INFO  server.RaftServerConfigKeys (ConfUtils.java:logGet(46)) - raft.server.watch.element-limit = 65536 (default)
2022-10-14 20:48:28,907 [bbc6add2-54a7-4497-b631-73b4353e40e2@group-A007A3104D9A-LeaderElection16] INFO  server.RaftServerConfigKeys (ConfUtils.java:logGet(46)) - raft.server.write.element-limit = 1024 (custom)
2022-10-14 20:48:28,907 [bbc6add2-54a7-4497-b631-73b4353e40e2@group-A007A3104D9A-LeaderElection16] INFO  server.RaftServerConfigKeys (ConfUtils.java:logGet(46)) - raft.server.write.follower.gap.ratio.max = -1.0 (default)
2022-10-14 20:48:28,907 [bbc6add2-54a7-4497-b631-73b4353e40e2@group-A007A3104D9A-LeaderElection16] INFO  impl.RoleInfo (RoleInfo.java:updateAndGet(139)) - bbc6add2-54a7-4497-b631-73b4353e40e2: start bbc6add2-54a7-4497-b631-73b4353e40e2@group-A007A3104D9A-LeaderStateImpl
2022-10-14 20:48:28,907 [bbc6add2-54a7-4497-b631-73b4353e40e2@group-A007A3104D9A-LeaderElection16] INFO  segmented.SegmentedRaftLogWorker (SegmentedRaftLogWorker.java:startLogSegment(425)) - bbc6add2-54a7-4497-b631-73b4353e40e2@group-A007A3104D9A-SegmentedRaftLogWorker: Starting segment from index:0
2022-10-14 20:48:28,910 [bbc6add2-54a7-4497-b631-73b4353e40e2@group-A007A3104D9A-SegmentedRaftLogWorker] INFO  segmented.SegmentedRaftLogWorker (SegmentedRaftLogWorker.java:execute(629)) - bbc6add2-54a7-4497-b631-73b4353e40e2@group-A007A3104D9A-SegmentedRaftLogWorker: created new log segment /home/runner/work/ozone/ozone/hadoop-ozone/integration-test/target/test-dir/MiniOzoneClusterImpl-1e9d71ba-d753-4201-9665-5e97e6b64b9c/datanode-8/data/ratis/a431b5a1-46db-4b15-baba-a007a3104d9a/current/log_inprogress_0
2022-10-14 20:48:28,910 [bbc6add2-54a7-4497-b631-73b4353e40e2@group-A007A3104D9A-LeaderElection16] INFO  server.RaftServer$Division (ServerState.java:setRaftConf(393)) - bbc6add2-54a7-4497-b631-73b4353e40e2@group-A007A3104D9A: set configuration 0: [bbc6add2-54a7-4497-b631-73b4353e40e2|rpc:10.1.0.226:45201|dataStream:|priority:1], old=null
2022-10-14 20:48:28,920 [Listener at 127.0.0.1/41743] INFO  ozoneimpl.OzoneContainer (OzoneContainer.java:stop(400)) - Attempting to stop container services.
2022-10-14 20:48:28,930 [Listener at 127.0.0.1/41743] INFO  server.RaftServer (RaftServerProxy.java:lambda$close$7(398)) - a9bc3d00-95be-4d99-8dcc-adc6824489fa: close
2022-10-14 20:48:28,931 [Listener at 127.0.0.1/41743] INFO  server.RaftServer$Division (RaftServerImpl.java:lambda$close$4(434)) - a9bc3d00-95be-4d99-8dcc-adc6824489fa@group-2538328D853E: shutdown
2022-10-14 20:48:28,931 [ForkJoinPool.commonPool-worker-0] INFO  server.RaftServer$Division (RaftServerImpl.java:lambda$close$4(434)) - a9bc3d00-95be-4d99-8dcc-adc6824489fa@group-9DF102291914: shutdown
2022-10-14 20:48:28,931 [Listener at 127.0.0.1/41743] INFO  util.JmxRegister (JmxRegister.java:unregister(73)) - Successfully un-registered JMX Bean with object name Ratis:service=RaftServer,group=group-2538328D853E,id=a9bc3d00-95be-4d99-8dcc-adc6824489fa
2022-10-14 20:48:28,931 [Listener at 127.0.0.1/41743] INFO  impl.RoleInfo (RoleInfo.java:shutdownLeaderState(93)) - a9bc3d00-95be-4d99-8dcc-adc6824489fa: shutdown a9bc3d00-95be-4d99-8dcc-adc6824489fa@group-2538328D853E-LeaderStateImpl
2022-10-14 20:48:28,932 [Listener at 127.0.0.1/41743] INFO  impl.PendingRequests (PendingRequests.java:sendNotLeaderResponses(282)) - a9bc3d00-95be-4d99-8dcc-adc6824489fa@group-2538328D853E-PendingRequests: sendNotLeaderResponses
2022-10-14 20:48:28,935 [Listener at 127.0.0.1/41743] INFO  impl.StateMachineUpdater (StateMachineUpdater.java:stopAndJoin(153)) - a9bc3d00-95be-4d99-8dcc-adc6824489fa@group-2538328D853E-StateMachineUpdater: set stopIndex = 0
2022-10-14 20:48:28,935 [a9bc3d00-95be-4d99-8dcc-adc6824489fa@group-2538328D853E-StateMachineUpdater] INFO  ratis.ContainerStateMachine (ContainerStateMachine.java:takeSnapshot(304)) - group-2538328D853E: Taking a snapshot at:(t:1, i:0) file /home/runner/work/ozone/ozone/hadoop-ozone/integration-test/target/test-dir/MiniOzoneClusterImpl-1e9d71ba-d753-4201-9665-5e97e6b64b9c/datanode-7/data/ratis/ba104055-b9d1-4973-be08-2538328d853e/sm/snapshot.1_0
2022-10-14 20:48:28,935 [ForkJoinPool.commonPool-worker-0] INFO  util.JmxRegister (JmxRegister.java:unregister(73)) - Successfully un-registered JMX Bean with object name Ratis:service=RaftServer,group=group-9DF102291914,id=a9bc3d00-95be-4d99-8dcc-adc6824489fa
2022-10-14 20:48:28,935 [ForkJoinPool.commonPool-worker-0] INFO  impl.RoleInfo (RoleInfo.java:shutdownFollowerState(110)) - a9bc3d00-95be-4d99-8dcc-adc6824489fa: shutdown a9bc3d00-95be-4d99-8dcc-adc6824489fa@group-9DF102291914-FollowerState
2022-10-14 20:48:28,935 [ForkJoinPool.commonPool-worker-0] INFO  impl.StateMachineUpdater (StateMachineUpdater.java:stopAndJoin(153)) - a9bc3d00-95be-4d99-8dcc-adc6824489fa@group-9DF102291914-StateMachineUpdater: set stopIndex = -1
2022-10-14 20:48:28,937 [a9bc3d00-95be-4d99-8dcc-adc6824489fa@group-9DF102291914-FollowerState] INFO  impl.FollowerState (FollowerState.java:run(152)) - a9bc3d00-95be-4d99-8dcc-adc6824489fa@group-9DF102291914-FollowerState was interrupted
2022-10-14 20:48:28,942 [ForkJoinPool.commonPool-worker-0] INFO  server.RaftServer$Division (ServerState.java:close(429)) - a9bc3d00-95be-4d99-8dcc-adc6824489fa@group-9DF102291914: closes. applyIndex: -1
2022-10-14 20:48:28,949 [a9bc3d00-95be-4d99-8dcc-adc6824489fa@group-9DF102291914-SegmentedRaftLogWorker] INFO  segmented.SegmentedRaftLogWorker (SegmentedRaftLogWorker.java:run(336)) - a9bc3d00-95be-4d99-8dcc-adc6824489fa@group-9DF102291914-SegmentedRaftLogWorker was interrupted, exiting. There are 0 tasks remaining in the queue.
2022-10-14 20:48:28,950 [ForkJoinPool.commonPool-worker-0] INFO  segmented.SegmentedRaftLogWorker (SegmentedRaftLogWorker.java:close(246)) - a9bc3d00-95be-4d99-8dcc-adc6824489fa@group-9DF102291914-SegmentedRaftLogWorker close()
2022-10-14 20:48:28,980 [a9bc3d00-95be-4d99-8dcc-adc6824489fa@group-2538328D853E-StateMachineUpdater] INFO  ratis.ContainerStateMachine (ContainerStateMachine.java:takeSnapshot(315)) - group-2538328D853E: Finished taking a snapshot at:(t:1, i:0) file:/home/runner/work/ozone/ozone/hadoop-ozone/integration-test/target/test-dir/MiniOzoneClusterImpl-1e9d71ba-d753-4201-9665-5e97e6b64b9c/datanode-7/data/ratis/ba104055-b9d1-4973-be08-2538328d853e/sm/snapshot.1_0 took: 45 ms
2022-10-14 20:48:28,982 [a9bc3d00-95be-4d99-8dcc-adc6824489fa@group-2538328D853E-StateMachineUpdater] INFO  impl.StateMachineUpdater (StateMachineUpdater.java:takeSnapshot(287)) - a9bc3d00-95be-4d99-8dcc-adc6824489fa@group-2538328D853E-StateMachineUpdater: Took a snapshot at index 0
2022-10-14 20:48:28,983 [a9bc3d00-95be-4d99-8dcc-adc6824489fa@group-2538328D853E-StateMachineUpdater] INFO  impl.StateMachineUpdater (StateMachineUpdater.java:lambda$new$0(92)) - a9bc3d00-95be-4d99-8dcc-adc6824489fa@group-2538328D853E-StateMachineUpdater: snapshotIndex: updateIncreasingly -1 -> 0
2022-10-14 20:48:28,989 [Listener at 127.0.0.1/41743] INFO  server.RaftServer$Division (ServerState.java:close(429)) - a9bc3d00-95be-4d99-8dcc-adc6824489fa@group-2538328D853E: closes. applyIndex: 0
2022-10-14 20:48:28,990 [a9bc3d00-95be-4d99-8dcc-adc6824489fa@group-2538328D853E-SegmentedRaftLogWorker] INFO  segmented.SegmentedRaftLogWorker (SegmentedRaftLogWorker.java:run(336)) - a9bc3d00-95be-4d99-8dcc-adc6824489fa@group-2538328D853E-SegmentedRaftLogWorker was interrupted, exiting. There are 0 tasks remaining in the queue.
2022-10-14 20:48:28,991 [Listener at 127.0.0.1/41743] INFO  segmented.SegmentedRaftLogWorker (SegmentedRaftLogWorker.java:close(246)) - a9bc3d00-95be-4d99-8dcc-adc6824489fa@group-2538328D853E-SegmentedRaftLogWorker close()
2022-10-14 20:48:28,994 [Listener at 127.0.0.1/41743] INFO  server.RaftServer$Division (RaftServerImpl.java:lambda$close$4(434)) - a9bc3d00-95be-4d99-8dcc-adc6824489fa@group-6ABA310D950C: shutdown
2022-10-14 20:48:28,994 [Listener at 127.0.0.1/41743] INFO  util.JmxRegister (JmxRegister.java:unregister(73)) - Successfully un-registered JMX Bean with object name Ratis:service=RaftServer,group=group-6ABA310D950C,id=a9bc3d00-95be-4d99-8dcc-adc6824489fa
2022-10-14 20:48:28,994 [Listener at 127.0.0.1/41743] INFO  impl.RoleInfo (RoleInfo.java:shutdownFollowerState(110)) - a9bc3d00-95be-4d99-8dcc-adc6824489fa: shutdown a9bc3d00-95be-4d99-8dcc-adc6824489fa@group-6ABA310D950C-FollowerState
2022-10-14 20:48:28,994 [Listener at 127.0.0.1/41743] INFO  impl.StateMachineUpdater (StateMachineUpdater.java:stopAndJoin(153)) - a9bc3d00-95be-4d99-8dcc-adc6824489fa@group-6ABA310D950C-StateMachineUpdater: set stopIndex = -1
2022-10-14 20:48:28,994 [a9bc3d00-95be-4d99-8dcc-adc6824489fa@group-6ABA310D950C-FollowerState] INFO  impl.FollowerState (FollowerState.java:run(152)) - a9bc3d00-95be-4d99-8dcc-adc6824489fa@group-6ABA310D950C-FollowerState was interrupted
2022-10-14 20:48:28,995 [Listener at 127.0.0.1/41743] INFO  server.RaftServer$Division (ServerState.java:close(429)) - a9bc3d00-95be-4d99-8dcc-adc6824489fa@group-6ABA310D950C: closes. applyIndex: -1
2022-10-14 20:48:28,996 [a9bc3d00-95be-4d99-8dcc-adc6824489fa@group-6ABA310D950C-SegmentedRaftLogWorker] INFO  segmented.SegmentedRaftLogWorker (SegmentedRaftLogWorker.java:run(336)) - a9bc3d00-95be-4d99-8dcc-adc6824489fa@group-6ABA310D950C-SegmentedRaftLogWorker was interrupted, exiting. There are 0 tasks remaining in the queue.
2022-10-14 20:48:28,996 [Listener at 127.0.0.1/41743] INFO  segmented.SegmentedRaftLogWorker (SegmentedRaftLogWorker.java:close(246)) - a9bc3d00-95be-4d99-8dcc-adc6824489fa@group-6ABA310D950C-SegmentedRaftLogWorker close()
2022-10-14 20:48:28,998 [Listener at 127.0.0.1/41743] INFO  server.GrpcService (GrpcService.java:closeImpl(269)) - a9bc3d00-95be-4d99-8dcc-adc6824489fa: shutdown server with port 41433 now
2022-10-14 20:48:29,012 [Listener at 127.0.0.1/41743] INFO  server.GrpcService (GrpcService.java:closeImpl(278)) - a9bc3d00-95be-4d99-8dcc-adc6824489fa: shutdown server with port 41433 successfully
2022-10-14 20:48:29,013 [org.apache.ratis.util.JvmPauseMonitor$$Lambda$684/1307560138@12821691] INFO  util.JvmPauseMonitor (JvmPauseMonitor.java:run(109)) - JvmPauseMonitor-a9bc3d00-95be-4d99-8dcc-adc6824489fa: Stopped
2022-10-14 20:48:29,347 [7caf7f47-8d76-4e84-850d-743f4336bef8@group-A3E353C6E768-FollowerState] INFO  impl.FollowerState (FollowerState.java:run(143)) - 7caf7f47-8d76-4e84-850d-743f4336bef8@group-A3E353C6E768-FollowerState: change to CANDIDATE, lastRpcElapsedTime:5119096338ns, electionTimeout:5118ms
2022-10-14 20:48:29,347 [7caf7f47-8d76-4e84-850d-743f4336bef8@group-A3E353C6E768-FollowerState] INFO  impl.RoleInfo (RoleInfo.java:shutdownFollowerState(110)) - 7caf7f47-8d76-4e84-850d-743f4336bef8: shutdown 7caf7f47-8d76-4e84-850d-743f4336bef8@group-A3E353C6E768-FollowerState
2022-10-14 20:48:29,347 [7caf7f47-8d76-4e84-850d-743f4336bef8@group-A3E353C6E768-FollowerState] INFO  server.RaftServer$Division (RaftServerImpl.java:setRole(299)) - 7caf7f47-8d76-4e84-850d-743f4336bef8@group-A3E353C6E768: changes role from  FOLLOWER to CANDIDATE at term 0 for changeToCandidate
2022-10-14 20:48:29,347 [7caf7f47-8d76-4e84-850d-743f4336bef8@group-A3E353C6E768-FollowerState] INFO  server.RaftServerConfigKeys (ConfUtils.java:logGet(46)) - raft.server.leaderelection.pre-vote = false (custom)
2022-10-14 20:48:29,347 [7caf7f47-8d76-4e84-850d-743f4336bef8@group-A3E353C6E768-FollowerState] INFO  impl.RoleInfo (RoleInfo.java:updateAndGet(139)) - 7caf7f47-8d76-4e84-850d-743f4336bef8: start 7caf7f47-8d76-4e84-850d-743f4336bef8@group-A3E353C6E768-LeaderElection17
2022-10-14 20:48:29,351 [7caf7f47-8d76-4e84-850d-743f4336bef8@group-A3E353C6E768-LeaderElection17] INFO  impl.LeaderElection (LeaderElection.java:askForVotes(310)) - 7caf7f47-8d76-4e84-850d-743f4336bef8@group-A3E353C6E768-LeaderElection17 ELECTION round 0: submit vote requests at term 1 for -1: [7caf7f47-8d76-4e84-850d-743f4336bef8|rpc:10.1.0.226:46807|priority:1], old=null
2022-10-14 20:48:29,351 [7caf7f47-8d76-4e84-850d-743f4336bef8@group-A3E353C6E768-LeaderElection17] INFO  impl.LeaderElection (LeaderElection.java:askForVotes(312)) - 7caf7f47-8d76-4e84-850d-743f4336bef8@group-A3E353C6E768-LeaderElection17 ELECTION round 0: result PASSED (term=1)
2022-10-14 20:48:29,352 [7caf7f47-8d76-4e84-850d-743f4336bef8@group-A3E353C6E768-LeaderElection17] INFO  impl.RoleInfo (RoleInfo.java:shutdownLeaderElection(130)) - 7caf7f47-8d76-4e84-850d-743f4336bef8: shutdown 7caf7f47-8d76-4e84-850d-743f4336bef8@group-A3E353C6E768-LeaderElection17
2022-10-14 20:48:29,352 [7caf7f47-8d76-4e84-850d-743f4336bef8@group-A3E353C6E768-LeaderElection17] INFO  server.RaftServer$Division (RaftServerImpl.java:setRole(299)) - 7caf7f47-8d76-4e84-850d-743f4336bef8@group-A3E353C6E768: changes role from CANDIDATE to LEADER at term 1 for changeToLeader
2022-10-14 20:48:29,352 [7caf7f47-8d76-4e84-850d-743f4336bef8@group-A3E353C6E768-LeaderElection17] INFO  ratis.XceiverServerRatis (XceiverServerRatis.java:handleLeaderChangedNotification(863)) - Leader change notification received for group: group-A3E353C6E768 with new leaderId: 7caf7f47-8d76-4e84-850d-743f4336bef8
2022-10-14 20:48:29,352 [7caf7f47-8d76-4e84-850d-743f4336bef8@group-A3E353C6E768-LeaderElection17] INFO  server.RaftServer$Division (ServerState.java:setLeader(287)) - 7caf7f47-8d76-4e84-850d-743f4336bef8@group-A3E353C6E768: change Leader from null to 7caf7f47-8d76-4e84-850d-743f4336bef8 at term 1 for becomeLeader, leader elected after 5137ms
2022-10-14 20:48:29,352 [7caf7f47-8d76-4e84-850d-743f4336bef8@group-A3E353C6E768-LeaderElection17] INFO  server.RaftServerConfigKeys (ConfUtils.java:logGet(46)) - raft.server.staging.catchup.gap = 1000 (default)
2022-10-14 20:48:29,352 [7caf7f47-8d76-4e84-850d-743f4336bef8@group-A3E353C6E768-LeaderElection17] INFO  server.RaftServerConfigKeys (ConfUtils.java:logGet(46)) - raft.server.write.element-limit = 1024 (custom)
2022-10-14 20:48:29,352 [7caf7f47-8d76-4e84-850d-743f4336bef8@group-A3E353C6E768-LeaderElection17] INFO  server.RaftServerConfigKeys (ConfUtils.java:logGet(46)) - raft.server.write.byte-limit = 1024 M (=1073741824) (custom)
2022-10-14 20:48:29,353 [7caf7f47-8d76-4e84-850d-743f4336bef8@group-A3E353C6E768-LeaderElection17] INFO  server.RaftServerConfigKeys (ConfUtils.java:logGet(46)) - raft.server.watch.timeout = 180s (custom)
2022-10-14 20:48:29,353 [7caf7f47-8d76-4e84-850d-743f4336bef8@group-A3E353C6E768-LeaderElection17] INFO  server.RaftServerConfigKeys (ConfUtils.java:logGet(46)) - raft.server.watch.timeout.denomination = 1s (default)
2022-10-14 20:48:29,353 [7caf7f47-8d76-4e84-850d-743f4336bef8@group-A3E353C6E768-LeaderElection17] INFO  server.RaftServerConfigKeys (ConfUtils.java:logGet(46)) - raft.server.watch.element-limit = 65536 (default)
2022-10-14 20:48:29,353 [7caf7f47-8d76-4e84-850d-743f4336bef8@group-A3E353C6E768-LeaderElection17] INFO  server.RaftServerConfigKeys (ConfUtils.java:logGet(46)) - raft.server.write.element-limit = 1024 (custom)
2022-10-14 20:48:29,353 [7caf7f47-8d76-4e84-850d-743f4336bef8@group-A3E353C6E768-LeaderElection17] INFO  server.RaftServerConfigKeys (ConfUtils.java:logGet(46)) - raft.server.write.follower.gap.ratio.max = -1.0 (default)
2022-10-14 20:48:29,353 [7caf7f47-8d76-4e84-850d-743f4336bef8@group-A3E353C6E768-LeaderElection17] INFO  impl.RoleInfo (RoleInfo.java:updateAndGet(139)) - 7caf7f47-8d76-4e84-850d-743f4336bef8: start 7caf7f47-8d76-4e84-850d-743f4336bef8@group-A3E353C6E768-LeaderStateImpl
2022-10-14 20:48:29,353 [7caf7f47-8d76-4e84-850d-743f4336bef8@group-A3E353C6E768-LeaderElection17] INFO  segmented.SegmentedRaftLogWorker (SegmentedRaftLogWorker.java:startLogSegment(425)) - 7caf7f47-8d76-4e84-850d-743f4336bef8@group-A3E353C6E768-SegmentedRaftLogWorker: Starting segment from index:0
2022-10-14 20:48:29,356 [7caf7f47-8d76-4e84-850d-743f4336bef8@group-A3E353C6E768-SegmentedRaftLogWorker] INFO  segmented.SegmentedRaftLogWorker (SegmentedRaftLogWorker.java:execute(629)) - 7caf7f47-8d76-4e84-850d-743f4336bef8@group-A3E353C6E768-SegmentedRaftLogWorker: created new log segment /home/runner/work/ozone/ozone/hadoop-ozone/integration-test/target/test-dir/MiniOzoneClusterImpl-1e9d71ba-d753-4201-9665-5e97e6b64b9c/datanode-9/data/ratis/5da042a4-ed82-47de-83fa-a3e353c6e768/current/log_inprogress_0
2022-10-14 20:48:29,359 [7caf7f47-8d76-4e84-850d-743f4336bef8@group-A3E353C6E768-LeaderElection17] INFO  server.RaftServer$Division (ServerState.java:setRaftConf(393)) - 7caf7f47-8d76-4e84-850d-743f4336bef8@group-A3E353C6E768: set configuration 0: [7caf7f47-8d76-4e84-850d-743f4336bef8|rpc:10.1.0.226:46807|dataStream:|priority:1], old=null
2022-10-14 20:48:30,759 [b5e52be0-4491-4e69-96e1-10d94051f40c@group-E555343BB60F-FollowerState] INFO  impl.FollowerState (FollowerState.java:run(143)) - b5e52be0-4491-4e69-96e1-10d94051f40c@group-E555343BB60F-FollowerState: change to CANDIDATE, lastRpcElapsedTime:5104794606ns, electionTimeout:5087ms
2022-10-14 20:48:30,759 [b5e52be0-4491-4e69-96e1-10d94051f40c@group-E555343BB60F-FollowerState] INFO  impl.RoleInfo (RoleInfo.java:shutdownFollowerState(110)) - b5e52be0-4491-4e69-96e1-10d94051f40c: shutdown b5e52be0-4491-4e69-96e1-10d94051f40c@group-E555343BB60F-FollowerState
2022-10-14 20:48:30,759 [b5e52be0-4491-4e69-96e1-10d94051f40c@group-E555343BB60F-FollowerState] INFO  server.RaftServer$Division (RaftServerImpl.java:setRole(299)) - b5e52be0-4491-4e69-96e1-10d94051f40c@group-E555343BB60F: changes role from  FOLLOWER to CANDIDATE at term 1 for changeToCandidate
2022-10-14 20:48:30,759 [b5e52be0-4491-4e69-96e1-10d94051f40c@group-E555343BB60F-FollowerState] INFO  server.RaftServerConfigKeys (ConfUtils.java:logGet(46)) - raft.server.leaderelection.pre-vote = false (custom)
2022-10-14 20:48:30,759 [b5e52be0-4491-4e69-96e1-10d94051f40c@group-E555343BB60F-FollowerState] INFO  impl.RoleInfo (RoleInfo.java:updateAndGet(139)) - b5e52be0-4491-4e69-96e1-10d94051f40c: start b5e52be0-4491-4e69-96e1-10d94051f40c@group-E555343BB60F-LeaderElection18
2022-10-14 20:48:30,763 [b5e52be0-4491-4e69-96e1-10d94051f40c@group-E555343BB60F-LeaderElection18] INFO  impl.LeaderElection (LeaderElection.java:askForVotes(310)) - b5e52be0-4491-4e69-96e1-10d94051f40c@group-E555343BB60F-LeaderElection18 ELECTION round 0: submit vote requests at term 2 for -1: [e247b98c-9a86-486e-b3b1-fa195c9418a4|rpc:10.1.0.226:46677|dataStream:|priority:0, 8b5383b3-e7bf-4722-baeb-dd5c06b347e3|rpc:10.1.0.226:34173|dataStream:|priority:0, b5e52be0-4491-4e69-96e1-10d94051f40c|rpc:10.1.0.226:37041|dataStream:|priority:1], old=null
2022-10-14 20:48:30,772 [grpc-default-executor-3] INFO  server.RaftServer$Division (RaftServerImpl.java:requestVote(1152)) - 8b5383b3-e7bf-4722-baeb-dd5c06b347e3@group-E555343BB60F: receive requestVote(ELECTION, b5e52be0-4491-4e69-96e1-10d94051f40c, group-E555343BB60F, 2, (t:0, i:0))
2022-10-14 20:48:30,774 [grpc-default-executor-3] INFO  impl.VoteContext (VoteContext.java:log(48)) - 8b5383b3-e7bf-4722-baeb-dd5c06b347e3@group-E555343BB60F-FOLLOWER: accept ELECTION from b5e52be0-4491-4e69-96e1-10d94051f40c: our priority 0 <= candidate's priority 1
2022-10-14 20:48:30,775 [grpc-default-executor-3] INFO  server.RaftServer$Division (RaftServerImpl.java:setRole(299)) - 8b5383b3-e7bf-4722-baeb-dd5c06b347e3@group-E555343BB60F: changes role from  FOLLOWER to FOLLOWER at term 2 for candidate:b5e52be0-4491-4e69-96e1-10d94051f40c
2022-10-14 20:48:30,775 [grpc-default-executor-3] INFO  impl.RoleInfo (RoleInfo.java:shutdownFollowerState(110)) - 8b5383b3-e7bf-4722-baeb-dd5c06b347e3: shutdown 8b5383b3-e7bf-4722-baeb-dd5c06b347e3@group-E555343BB60F-FollowerState
2022-10-14 20:48:30,775 [grpc-default-executor-3] INFO  impl.RoleInfo (RoleInfo.java:updateAndGet(139)) - 8b5383b3-e7bf-4722-baeb-dd5c06b347e3: start 8b5383b3-e7bf-4722-baeb-dd5c06b347e3@group-E555343BB60F-FollowerState
2022-10-14 20:48:30,775 [8b5383b3-e7bf-4722-baeb-dd5c06b347e3@group-E555343BB60F-FollowerState] INFO  impl.FollowerState (FollowerState.java:run(152)) - 8b5383b3-e7bf-4722-baeb-dd5c06b347e3@group-E555343BB60F-FollowerState was interrupted
2022-10-14 20:48:30,778 [grpc-default-executor-3] INFO  server.RaftServer$Division (RaftServerImpl.java:requestVote(1184)) - 8b5383b3-e7bf-4722-baeb-dd5c06b347e3@group-E555343BB60F replies to ELECTION vote request: b5e52be0-4491-4e69-96e1-10d94051f40c<-8b5383b3-e7bf-4722-baeb-dd5c06b347e3#0:OK-t2. Peer's state: 8b5383b3-e7bf-4722-baeb-dd5c06b347e3@group-E555343BB60F:t2, leader=null, voted=b5e52be0-4491-4e69-96e1-10d94051f40c, raftlog=8b5383b3-e7bf-4722-baeb-dd5c06b347e3@group-E555343BB60F-SegmentedRaftLog:OPENED:c-1, conf=-1: [e247b98c-9a86-486e-b3b1-fa195c9418a4|rpc:10.1.0.226:46677|priority:0, 8b5383b3-e7bf-4722-baeb-dd5c06b347e3|rpc:10.1.0.226:34173|priority:0, b5e52be0-4491-4e69-96e1-10d94051f40c|rpc:10.1.0.226:37041|priority:1], old=null
2022-10-14 20:48:30,779 [grpc-default-executor-3] INFO  server.RaftServer$Division (RaftServerImpl.java:requestVote(1152)) - e247b98c-9a86-486e-b3b1-fa195c9418a4@group-E555343BB60F: receive requestVote(ELECTION, b5e52be0-4491-4e69-96e1-10d94051f40c, group-E555343BB60F, 2, (t:0, i:0))
2022-10-14 20:48:30,779 [grpc-default-executor-3] INFO  impl.VoteContext (VoteContext.java:log(48)) - e247b98c-9a86-486e-b3b1-fa195c9418a4@group-E555343BB60F-FOLLOWER: accept ELECTION from b5e52be0-4491-4e69-96e1-10d94051f40c: our priority 0 <= candidate's priority 1
2022-10-14 20:48:30,779 [grpc-default-executor-3] INFO  server.RaftServer$Division (RaftServerImpl.java:setRole(299)) - e247b98c-9a86-486e-b3b1-fa195c9418a4@group-E555343BB60F: changes role from  FOLLOWER to FOLLOWER at term 2 for candidate:b5e52be0-4491-4e69-96e1-10d94051f40c
2022-10-14 20:48:30,779 [grpc-default-executor-3] INFO  impl.RoleInfo (RoleInfo.java:shutdownFollowerState(110)) - e247b98c-9a86-486e-b3b1-fa195c9418a4: shutdown e247b98c-9a86-486e-b3b1-fa195c9418a4@group-E555343BB60F-FollowerState
2022-10-14 20:48:30,779 [e247b98c-9a86-486e-b3b1-fa195c9418a4@group-E555343BB60F-FollowerState] INFO  impl.FollowerState (FollowerState.java:run(152)) - e247b98c-9a86-486e-b3b1-fa195c9418a4@group-E555343BB60F-FollowerState was interrupted
2022-10-14 20:48:30,779 [grpc-default-executor-3] INFO  impl.RoleInfo (RoleInfo.java:updateAndGet(139)) - e247b98c-9a86-486e-b3b1-fa195c9418a4: start e247b98c-9a86-486e-b3b1-fa195c9418a4@group-E555343BB60F-FollowerState
2022-10-14 20:48:30,784 [b5e52be0-4491-4e69-96e1-10d94051f40c@group-E555343BB60F-LeaderElection18] INFO  impl.LeaderElection (LeaderElection.java:logAndReturn(90)) - b5e52be0-4491-4e69-96e1-10d94051f40c@group-E555343BB60F-LeaderElection18: ELECTION PASSED received 1 response(s) and 0 exception(s):
2022-10-14 20:48:30,784 [b5e52be0-4491-4e69-96e1-10d94051f40c@group-E555343BB60F-LeaderElection18] INFO  impl.LeaderElection (LeaderElection.java:logAndReturn(94)) -   Response 0: b5e52be0-4491-4e69-96e1-10d94051f40c<-8b5383b3-e7bf-4722-baeb-dd5c06b347e3#0:OK-t2
2022-10-14 20:48:30,784 [b5e52be0-4491-4e69-96e1-10d94051f40c@group-E555343BB60F-LeaderElection18] INFO  impl.LeaderElection (LeaderElection.java:askForVotes(312)) - b5e52be0-4491-4e69-96e1-10d94051f40c@group-E555343BB60F-LeaderElection18 ELECTION round 0: result PASSED
2022-10-14 20:48:30,784 [b5e52be0-4491-4e69-96e1-10d94051f40c@group-E555343BB60F-LeaderElection18] INFO  impl.RoleInfo (RoleInfo.java:shutdownLeaderElection(130)) - b5e52be0-4491-4e69-96e1-10d94051f40c: shutdown b5e52be0-4491-4e69-96e1-10d94051f40c@group-E555343BB60F-LeaderElection18
2022-10-14 20:48:30,784 [b5e52be0-4491-4e69-96e1-10d94051f40c@group-E555343BB60F-LeaderElection18] INFO  server.RaftServer$Division (RaftServerImpl.java:setRole(299)) - b5e52be0-4491-4e69-96e1-10d94051f40c@group-E555343BB60F: changes role from CANDIDATE to LEADER at term 2 for changeToLeader
2022-10-14 20:48:30,784 [b5e52be0-4491-4e69-96e1-10d94051f40c@group-E555343BB60F-LeaderElection18] INFO  ratis.XceiverServerRatis (XceiverServerRatis.java:handleLeaderChangedNotification(863)) - Leader change notification received for group: group-E555343BB60F with new leaderId: b5e52be0-4491-4e69-96e1-10d94051f40c
2022-10-14 20:48:30,789 [b5e52be0-4491-4e69-96e1-10d94051f40c@group-E555343BB60F-LeaderElection18] INFO  server.RaftServer$Division (ServerState.java:setLeader(287)) - b5e52be0-4491-4e69-96e1-10d94051f40c@group-E555343BB60F: change Leader from null to b5e52be0-4491-4e69-96e1-10d94051f40c at term 2 for becomeLeader, leader elected after 9609ms
2022-10-14 20:48:30,789 [b5e52be0-4491-4e69-96e1-10d94051f40c@group-E555343BB60F-LeaderElection18] INFO  server.RaftServerConfigKeys (ConfUtils.java:logGet(46)) - raft.server.staging.catchup.gap = 1000 (default)
2022-10-14 20:48:30,789 [b5e52be0-4491-4e69-96e1-10d94051f40c@group-E555343BB60F-LeaderElection18] INFO  server.RaftServerConfigKeys (ConfUtils.java:logGet(46)) - raft.server.write.element-limit = 1024 (custom)
2022-10-14 20:48:30,789 [b5e52be0-4491-4e69-96e1-10d94051f40c@group-E555343BB60F-LeaderElection18] INFO  server.RaftServerConfigKeys (ConfUtils.java:logGet(46)) - raft.server.write.byte-limit = 1024 M (=1073741824) (custom)
2022-10-14 20:48:30,789 [b5e52be0-4491-4e69-96e1-10d94051f40c@group-E555343BB60F-LeaderElection18] INFO  server.RaftServerConfigKeys (ConfUtils.java:logGet(46)) - raft.server.watch.timeout = 180s (custom)
2022-10-14 20:48:30,789 [b5e52be0-4491-4e69-96e1-10d94051f40c@group-E555343BB60F-LeaderElection18] INFO  server.RaftServerConfigKeys (ConfUtils.java:logGet(46)) - raft.server.watch.timeout.denomination = 1s (default)
2022-10-14 20:48:30,789 [b5e52be0-4491-4e69-96e1-10d94051f40c@group-E555343BB60F-LeaderElection18] INFO  server.RaftServerConfigKeys (ConfUtils.java:logGet(46)) - raft.server.watch.element-limit = 65536 (default)
2022-10-14 20:48:30,790 [b5e52be0-4491-4e69-96e1-10d94051f40c@group-E555343BB60F-LeaderElection18] INFO  server.RaftServerConfigKeys (ConfUtils.java:logGet(46)) - raft.server.write.element-limit = 1024 (custom)
2022-10-14 20:48:30,790 [b5e52be0-4491-4e69-96e1-10d94051f40c@group-E555343BB60F-LeaderElection18] INFO  server.RaftServerConfigKeys (ConfUtils.java:logGet(46)) - raft.server.write.follower.gap.ratio.max = -1.0 (default)
2022-10-14 20:48:30,790 [grpc-default-executor-3] INFO  server.RaftServer$Division (RaftServerImpl.java:requestVote(1184)) - e247b98c-9a86-486e-b3b1-fa195c9418a4@group-E555343BB60F replies to ELECTION vote request: b5e52be0-4491-4e69-96e1-10d94051f40c<-e247b98c-9a86-486e-b3b1-fa195c9418a4#0:OK-t2. Peer's state: e247b98c-9a86-486e-b3b1-fa195c9418a4@group-E555343BB60F:t2, leader=null, voted=b5e52be0-4491-4e69-96e1-10d94051f40c, raftlog=e247b98c-9a86-486e-b3b1-fa195c9418a4@group-E555343BB60F-SegmentedRaftLog:OPENED:c-1, conf=-1: [e247b98c-9a86-486e-b3b1-fa195c9418a4|rpc:10.1.0.226:46677|priority:0, 8b5383b3-e7bf-4722-baeb-dd5c06b347e3|rpc:10.1.0.226:34173|priority:0, b5e52be0-4491-4e69-96e1-10d94051f40c|rpc:10.1.0.226:37041|priority:1], old=null
2022-10-14 20:48:30,791 [EventQueue-PipelineReportForPipelineReportHandler] INFO  pipeline.PipelineManagerImpl (PipelineManagerImpl.java:openPipeline(367)) - Pipeline Pipeline[ Id: dcfe6e57-69b8-4d5b-b14f-e555343bb60f, Nodes: e247b98c-9a86-486e-b3b1-fa195c9418a4{ip: 10.1.0.226, host: fv-az459-990.msq0az1vewme3jsxyslsv0htic.jx.internal.cloudapp.net, ports: [REPLICATION=36665, RATIS=46677, RATIS_ADMIN=46677, RATIS_SERVER=46677, STANDALONE=36511], networkLocation: /default-rack, certSerialId: null, persistedOpState: IN_SERVICE, persistedOpStateExpiryEpochSec: 0}b5e52be0-4491-4e69-96e1-10d94051f40c{ip: 10.1.0.226, host: fv-az459-990.msq0az1vewme3jsxyslsv0htic.jx.internal.cloudapp.net, ports: [REPLICATION=33805, RATIS=37041, RATIS_ADMIN=37041, RATIS_SERVER=37041, STANDALONE=41241], networkLocation: /default-rack, certSerialId: null, persistedOpState: IN_SERVICE, persistedOpStateExpiryEpochSec: 0}8b5383b3-e7bf-4722-baeb-dd5c06b347e3{ip: 10.1.0.226, host: fv-az459-990.msq0az1vewme3jsxyslsv0htic.jx.internal.cloudapp.net, ports: [REPLICATION=38879, RATIS=34173, RATIS_ADMIN=34173, RATIS_SERVER=34173, STANDALONE=34179], networkLocation: /default-rack, certSerialId: null, persistedOpState: IN_SERVICE, persistedOpStateExpiryEpochSec: 0}, ReplicationConfig: RATIS/THREE, State:ALLOCATED, leaderId:b5e52be0-4491-4e69-96e1-10d94051f40c, CreationTimestamp2022-10-14T20:48:18.391Z[Etc/UTC]] moved to OPEN state
2022-10-14 20:48:30,792 [b5e52be0-4491-4e69-96e1-10d94051f40c@group-E555343BB60F-LeaderElection18] INFO  server.RaftServerConfigKeys (ConfUtils.java:logGet(46)) - raft.server.log.appender.snapshot.chunk.size.max = 16MB (=16777216) (default)
2022-10-14 20:48:30,792 [b5e52be0-4491-4e69-96e1-10d94051f40c@group-E555343BB60F-LeaderElection18] INFO  server.RaftServerConfigKeys (ConfUtils.java:logGet(46)) - raft.server.log.appender.buffer.byte-limit = 33554432 (custom)
2022-10-14 20:48:30,792 [b5e52be0-4491-4e69-96e1-10d94051f40c@group-E555343BB60F-LeaderElection18] INFO  server.RaftServerConfigKeys (ConfUtils.java:logGet(46)) - raft.server.log.appender.buffer.element-limit = 1 (custom)
2022-10-14 20:48:30,792 [b5e52be0-4491-4e69-96e1-10d94051f40c@group-E555343BB60F-LeaderElection18] INFO  grpc.GrpcConfigKeys (ConfUtils.java:logGet(46)) - raft.grpc.server.leader.outstanding.appends.max = 128 (default)
2022-10-14 20:48:30,794 [b5e52be0-4491-4e69-96e1-10d94051f40c@group-E555343BB60F-LeaderElection18] INFO  server.RaftServerConfigKeys (ConfUtils.java:logGet(46)) - raft.server.rpc.request.timeout = 60s (custom)
2022-10-14 20:48:30,794 [b5e52be0-4491-4e69-96e1-10d94051f40c@group-E555343BB60F-LeaderElection18] INFO  server.RaftServerConfigKeys (ConfUtils.java:logGet(46)) - raft.server.log.appender.install.snapshot.enabled = false (custom)
2022-10-14 20:48:30,795 [b5e52be0-4491-4e69-96e1-10d94051f40c@group-E555343BB60F-LeaderElection18] INFO  server.RaftServerConfigKeys (ConfUtils.java:logGet(46)) - raft.server.log.appender.snapshot.chunk.size.max = 16MB (=16777216) (default)
2022-10-14 20:48:30,795 [b5e52be0-4491-4e69-96e1-10d94051f40c@group-E555343BB60F-LeaderElection18] INFO  server.RaftServerConfigKeys (ConfUtils.java:logGet(46)) - raft.server.log.appender.buffer.byte-limit = 33554432 (custom)
2022-10-14 20:48:30,795 [b5e52be0-4491-4e69-96e1-10d94051f40c@group-E555343BB60F-LeaderElection18] INFO  server.RaftServerConfigKeys (ConfUtils.java:logGet(46)) - raft.server.log.appender.buffer.element-limit = 1 (custom)
2022-10-14 20:48:30,796 [b5e52be0-4491-4e69-96e1-10d94051f40c@group-E555343BB60F-LeaderElection18] INFO  grpc.GrpcConfigKeys (ConfUtils.java:logGet(46)) - raft.grpc.server.leader.outstanding.appends.max = 128 (default)
2022-10-14 20:48:30,796 [b5e52be0-4491-4e69-96e1-10d94051f40c@group-E555343BB60F-LeaderElection18] INFO  server.RaftServerConfigKeys (ConfUtils.java:logGet(46)) - raft.server.rpc.request.timeout = 60s (custom)
2022-10-14 20:48:30,796 [b5e52be0-4491-4e69-96e1-10d94051f40c@group-E555343BB60F-LeaderElection18] INFO  server.RaftServerConfigKeys (ConfUtils.java:logGet(46)) - raft.server.log.appender.install.snapshot.enabled = false (custom)
2022-10-14 20:48:30,796 [b5e52be0-4491-4e69-96e1-10d94051f40c@group-E555343BB60F-LeaderElection18] INFO  impl.RoleInfo (RoleInfo.java:updateAndGet(139)) - b5e52be0-4491-4e69-96e1-10d94051f40c: start b5e52be0-4491-4e69-96e1-10d94051f40c@group-E555343BB60F-LeaderStateImpl
2022-10-14 20:48:30,796 [b5e52be0-4491-4e69-96e1-10d94051f40c@group-E555343BB60F-LeaderElection18] INFO  segmented.SegmentedRaftLogWorker (SegmentedRaftLogWorker.java:startLogSegment(425)) - b5e52be0-4491-4e69-96e1-10d94051f40c@group-E555343BB60F-SegmentedRaftLogWorker: Starting segment from index:0
2022-10-14 20:48:30,798 [b5e52be0-4491-4e69-96e1-10d94051f40c@group-E555343BB60F-SegmentedRaftLogWorker] INFO  segmented.SegmentedRaftLogWorker (SegmentedRaftLogWorker.java:execute(629)) - b5e52be0-4491-4e69-96e1-10d94051f40c@group-E555343BB60F-SegmentedRaftLogWorker: created new log segment /home/runner/work/ozone/ozone/hadoop-ozone/integration-test/target/test-dir/MiniOzoneClusterImpl-1e9d71ba-d753-4201-9665-5e97e6b64b9c/datanode-2/data/ratis/dcfe6e57-69b8-4d5b-b14f-e555343bb60f/current/log_inprogress_0
2022-10-14 20:48:30,804 [8b5383b3-e7bf-4722-baeb-dd5c06b347e3-server-thread1] INFO  ratis.XceiverServerRatis (XceiverServerRatis.java:handleLeaderChangedNotification(863)) - Leader change notification received for group: group-E555343BB60F with new leaderId: b5e52be0-4491-4e69-96e1-10d94051f40c
2022-10-14 20:48:30,804 [8b5383b3-e7bf-4722-baeb-dd5c06b347e3-server-thread1] INFO  server.RaftServer$Division (ServerState.java:setLeader(287)) - 8b5383b3-e7bf-4722-baeb-dd5c06b347e3@group-E555343BB60F: change Leader from null to b5e52be0-4491-4e69-96e1-10d94051f40c at term 2 for appendEntries, leader elected after 9697ms
2022-10-14 20:48:30,810 [b5e52be0-4491-4e69-96e1-10d94051f40c@group-E555343BB60F-LeaderElection18] INFO  server.RaftServer$Division (ServerState.java:setRaftConf(393)) - b5e52be0-4491-4e69-96e1-10d94051f40c@group-E555343BB60F: set configuration 0: [e247b98c-9a86-486e-b3b1-fa195c9418a4|rpc:10.1.0.226:46677|dataStream:|priority:0, 8b5383b3-e7bf-4722-baeb-dd5c06b347e3|rpc:10.1.0.226:34173|dataStream:|priority:0, b5e52be0-4491-4e69-96e1-10d94051f40c|rpc:10.1.0.226:37041|dataStream:|priority:1], old=null
2022-10-14 20:48:30,811 [8b5383b3-e7bf-4722-baeb-dd5c06b347e3-server-thread1] INFO  server.RaftServer$Division (ServerState.java:setRaftConf(393)) - 8b5383b3-e7bf-4722-baeb-dd5c06b347e3@group-E555343BB60F: set configuration 0: [e247b98c-9a86-486e-b3b1-fa195c9418a4|rpc:10.1.0.226:46677|dataStream:|priority:0, 8b5383b3-e7bf-4722-baeb-dd5c06b347e3|rpc:10.1.0.226:34173|dataStream:|priority:0, b5e52be0-4491-4e69-96e1-10d94051f40c|rpc:10.1.0.226:37041|dataStream:|priority:1], old=null
2022-10-14 20:48:30,811 [8b5383b3-e7bf-4722-baeb-dd5c06b347e3-server-thread1] INFO  segmented.SegmentedRaftLogWorker (SegmentedRaftLogWorker.java:startLogSegment(425)) - 8b5383b3-e7bf-4722-baeb-dd5c06b347e3@group-E555343BB60F-SegmentedRaftLogWorker: Starting segment from index:0
2022-10-14 20:48:30,812 [e247b98c-9a86-486e-b3b1-fa195c9418a4-server-thread1] INFO  ratis.XceiverServerRatis (XceiverServerRatis.java:handleLeaderChangedNotification(863)) - Leader change notification received for group: group-E555343BB60F with new leaderId: b5e52be0-4491-4e69-96e1-10d94051f40c
2022-10-14 20:48:30,813 [8b5383b3-e7bf-4722-baeb-dd5c06b347e3@group-E555343BB60F-SegmentedRaftLogWorker] INFO  segmented.SegmentedRaftLogWorker (SegmentedRaftLogWorker.java:execute(629)) - 8b5383b3-e7bf-4722-baeb-dd5c06b347e3@group-E555343BB60F-SegmentedRaftLogWorker: created new log segment /home/runner/work/ozone/ozone/hadoop-ozone/integration-test/target/test-dir/MiniOzoneClusterImpl-1e9d71ba-d753-4201-9665-5e97e6b64b9c/datanode-1/data/ratis/dcfe6e57-69b8-4d5b-b14f-e555343bb60f/current/log_inprogress_0
2022-10-14 20:48:30,818 [e247b98c-9a86-486e-b3b1-fa195c9418a4-server-thread1] INFO  server.RaftServer$Division (ServerState.java:setLeader(287)) - e247b98c-9a86-486e-b3b1-fa195c9418a4@group-E555343BB60F: change Leader from null to b5e52be0-4491-4e69-96e1-10d94051f40c at term 2 for appendEntries, leader elected after 10355ms
2022-10-14 20:48:30,823 [e247b98c-9a86-486e-b3b1-fa195c9418a4-server-thread1] INFO  server.RaftServer$Division (ServerState.java:setRaftConf(393)) - e247b98c-9a86-486e-b3b1-fa195c9418a4@group-E555343BB60F: set configuration 0: [e247b98c-9a86-486e-b3b1-fa195c9418a4|rpc:10.1.0.226:46677|dataStream:|priority:0, 8b5383b3-e7bf-4722-baeb-dd5c06b347e3|rpc:10.1.0.226:34173|dataStream:|priority:0, b5e52be0-4491-4e69-96e1-10d94051f40c|rpc:10.1.0.226:37041|dataStream:|priority:1], old=null
2022-10-14 20:48:30,824 [e247b98c-9a86-486e-b3b1-fa195c9418a4-server-thread1] INFO  segmented.SegmentedRaftLogWorker (SegmentedRaftLogWorker.java:startLogSegment(425)) - e247b98c-9a86-486e-b3b1-fa195c9418a4@group-E555343BB60F-SegmentedRaftLogWorker: Starting segment from index:0
2022-10-14 20:48:30,826 [e247b98c-9a86-486e-b3b1-fa195c9418a4@group-E555343BB60F-SegmentedRaftLogWorker] INFO  segmented.SegmentedRaftLogWorker (SegmentedRaftLogWorker.java:execute(629)) - e247b98c-9a86-486e-b3b1-fa195c9418a4@group-E555343BB60F-SegmentedRaftLogWorker: created new log segment /home/runner/work/ozone/ozone/hadoop-ozone/integration-test/target/test-dir/MiniOzoneClusterImpl-1e9d71ba-d753-4201-9665-5e97e6b64b9c/datanode-0/data/ratis/dcfe6e57-69b8-4d5b-b14f-e555343bb60f/current/log_inprogress_0
2022-10-14 20:48:31,057 [Listener at 127.0.0.1/41743] INFO  utils.BackgroundService (BackgroundService.java:shutdown(141)) - Shutting down service BlockDeletingService
2022-10-14 20:48:31,058 [Listener at 127.0.0.1/41743] INFO  utils.BackgroundService (BackgroundService.java:shutdown(141)) - Shutting down service StaleRecoveringContainerScrubbingService
2022-10-14 20:48:31,061 [Listener at 127.0.0.1/41743] INFO  statemachine.DatanodeStateMachine (DatanodeStateMachine.java:stopDaemon(580)) - Ozone container server stopped.
2022-10-14 20:48:31,072 [Listener at 127.0.0.1/41743] INFO  handler.ContextHandler (ContextHandler.java:doStop(1153)) - Stopped o.e.j.w.WebAppContext@2fd29dd8{hddsDatanode,/,null,STOPPED}{jar:file:/home/runner/.m2/repository/org/apache/ozone/hdds-container-service/1.3.0-SNAPSHOT/hdds-container-service-1.3.0-SNAPSHOT.jar!/webapps/hddsDatanode}
2022-10-14 20:48:31,078 [Listener at 127.0.0.1/41743] INFO  server.AbstractConnector (AbstractConnector.java:doStop(381)) - Stopped ServerConnector@6dd0d7e1{HTTP/1.1, (http/1.1)}{0.0.0.0:0}
2022-10-14 20:48:31,078 [Listener at 127.0.0.1/41743] INFO  server.session (HouseKeeper.java:stopScavenging(149)) - node0 Stopped scavenging
2022-10-14 20:48:31,079 [Listener at 127.0.0.1/41743] INFO  handler.ContextHandler (ContextHandler.java:doStop(1153)) - Stopped o.e.j.s.ServletContextHandler@2cc7beea{static,/static,jar:file:/home/runner/.m2/repository/org/apache/ozone/hdds-container-service/1.3.0-SNAPSHOT/hdds-container-service-1.3.0-SNAPSHOT.jar!/webapps/static,STOPPED}
2022-10-14 20:48:31,079 [Listener at 127.0.0.1/41743] INFO  handler.ContextHandler (ContextHandler.java:doStop(1153)) - Stopped o.e.j.s.ServletContextHandler@7de669f5{logs,/logs,file:///home/runner/work/ozone/ozone/hadoop-ozone/integration-test/target/log,STOPPED}
2022-10-14 20:48:31,479 [e247b98c-9a86-486e-b3b1-fa195c9418a4@group-2ECA46B087C1-FollowerState] INFO  impl.FollowerState (FollowerState.java:run(143)) - e247b98c-9a86-486e-b3b1-fa195c9418a4@group-2ECA46B087C1-FollowerState: change to CANDIDATE, lastRpcElapsedTime:5027609080ns, electionTimeout:5027ms
2022-10-14 20:48:31,480 [e247b98c-9a86-486e-b3b1-fa195c9418a4@group-2ECA46B087C1-FollowerState] INFO  impl.RoleInfo (RoleInfo.java:shutdownFollowerState(110)) - e247b98c-9a86-486e-b3b1-fa195c9418a4: shutdown e247b98c-9a86-486e-b3b1-fa195c9418a4@group-2ECA46B087C1-FollowerState
2022-10-14 20:48:31,480 [e247b98c-9a86-486e-b3b1-fa195c9418a4@group-2ECA46B087C1-FollowerState] INFO  server.RaftServer$Division (RaftServerImpl.java:setRole(299)) - e247b98c-9a86-486e-b3b1-fa195c9418a4@group-2ECA46B087C1: changes role from  FOLLOWER to CANDIDATE at term 1 for changeToCandidate
2022-10-14 20:48:31,480 [e247b98c-9a86-486e-b3b1-fa195c9418a4@group-2ECA46B087C1-FollowerState] INFO  server.RaftServerConfigKeys (ConfUtils.java:logGet(46)) - raft.server.leaderelection.pre-vote = false (custom)
2022-10-14 20:48:31,480 [e247b98c-9a86-486e-b3b1-fa195c9418a4@group-2ECA46B087C1-FollowerState] INFO  impl.RoleInfo (RoleInfo.java:updateAndGet(139)) - e247b98c-9a86-486e-b3b1-fa195c9418a4: start e247b98c-9a86-486e-b3b1-fa195c9418a4@group-2ECA46B087C1-LeaderElection19
2022-10-14 20:48:31,482 [e247b98c-9a86-486e-b3b1-fa195c9418a4@group-2ECA46B087C1-LeaderElection19] INFO  impl.LeaderElection (LeaderElection.java:askForVotes(310)) - e247b98c-9a86-486e-b3b1-fa195c9418a4@group-2ECA46B087C1-LeaderElection19 ELECTION round 0: submit vote requests at term 2 for -1: [e247b98c-9a86-486e-b3b1-fa195c9418a4|rpc:10.1.0.226:46677|priority:0, 8b5383b3-e7bf-4722-baeb-dd5c06b347e3|rpc:10.1.0.226:34173|priority:1, b5e52be0-4491-4e69-96e1-10d94051f40c|rpc:10.1.0.226:37041|priority:0], old=null
2022-10-14 20:48:31,486 [grpc-default-executor-4] INFO  server.RaftServer$Division (RaftServerImpl.java:requestVote(1152)) - b5e52be0-4491-4e69-96e1-10d94051f40c@group-2ECA46B087C1: receive requestVote(ELECTION, e247b98c-9a86-486e-b3b1-fa195c9418a4, group-2ECA46B087C1, 2, (t:0, i:0))
2022-10-14 20:48:31,486 [grpc-default-executor-4] INFO  impl.VoteContext (VoteContext.java:log(48)) - b5e52be0-4491-4e69-96e1-10d94051f40c@group-2ECA46B087C1-FOLLOWER: accept ELECTION from e247b98c-9a86-486e-b3b1-fa195c9418a4: our priority 0 <= candidate's priority 0
2022-10-14 20:48:31,486 [grpc-default-executor-4] INFO  server.RaftServer$Division (RaftServerImpl.java:setRole(299)) - b5e52be0-4491-4e69-96e1-10d94051f40c@group-2ECA46B087C1: changes role from  FOLLOWER to FOLLOWER at term 2 for candidate:e247b98c-9a86-486e-b3b1-fa195c9418a4
2022-10-14 20:48:31,486 [grpc-default-executor-4] INFO  impl.RoleInfo (RoleInfo.java:shutdownFollowerState(110)) - b5e52be0-4491-4e69-96e1-10d94051f40c: shutdown b5e52be0-4491-4e69-96e1-10d94051f40c@group-2ECA46B087C1-FollowerState
2022-10-14 20:48:31,487 [grpc-default-executor-4] INFO  impl.RoleInfo (RoleInfo.java:updateAndGet(139)) - b5e52be0-4491-4e69-96e1-10d94051f40c: start b5e52be0-4491-4e69-96e1-10d94051f40c@group-2ECA46B087C1-FollowerState
2022-10-14 20:48:31,487 [b5e52be0-4491-4e69-96e1-10d94051f40c@group-2ECA46B087C1-FollowerState] INFO  impl.FollowerState (FollowerState.java:run(152)) - b5e52be0-4491-4e69-96e1-10d94051f40c@group-2ECA46B087C1-FollowerState was interrupted
2022-10-14 20:48:31,489 [grpc-default-executor-3] INFO  server.RaftServer$Division (RaftServerImpl.java:requestVote(1152)) - 8b5383b3-e7bf-4722-baeb-dd5c06b347e3@group-2ECA46B087C1: receive requestVote(ELECTION, e247b98c-9a86-486e-b3b1-fa195c9418a4, group-2ECA46B087C1, 2, (t:0, i:0))
2022-10-14 20:48:31,489 [grpc-default-executor-3] INFO  impl.VoteContext (VoteContext.java:log(48)) - 8b5383b3-e7bf-4722-baeb-dd5c06b347e3@group-2ECA46B087C1-FOLLOWER: reject ELECTION from e247b98c-9a86-486e-b3b1-fa195c9418a4: our priority 1 > candidate's priority 0
2022-10-14 20:48:31,489 [grpc-default-executor-3] INFO  server.RaftServer$Division (RaftServerImpl.java:setRole(299)) - 8b5383b3-e7bf-4722-baeb-dd5c06b347e3@group-2ECA46B087C1: changes role from  FOLLOWER to FOLLOWER at term 2 for candidate:e247b98c-9a86-486e-b3b1-fa195c9418a4
2022-10-14 20:48:31,489 [grpc-default-executor-3] INFO  impl.RoleInfo (RoleInfo.java:shutdownFollowerState(110)) - 8b5383b3-e7bf-4722-baeb-dd5c06b347e3: shutdown 8b5383b3-e7bf-4722-baeb-dd5c06b347e3@group-2ECA46B087C1-FollowerState
2022-10-14 20:48:31,490 [grpc-default-executor-3] INFO  impl.RoleInfo (RoleInfo.java:updateAndGet(139)) - 8b5383b3-e7bf-4722-baeb-dd5c06b347e3: start 8b5383b3-e7bf-4722-baeb-dd5c06b347e3@group-2ECA46B087C1-FollowerState
2022-10-14 20:48:31,490 [8b5383b3-e7bf-4722-baeb-dd5c06b347e3@group-2ECA46B087C1-FollowerState] INFO  impl.FollowerState (FollowerState.java:run(152)) - 8b5383b3-e7bf-4722-baeb-dd5c06b347e3@group-2ECA46B087C1-FollowerState was interrupted
2022-10-14 20:48:31,491 [grpc-default-executor-4] INFO  server.RaftServer$Division (RaftServerImpl.java:requestVote(1184)) - b5e52be0-4491-4e69-96e1-10d94051f40c@group-2ECA46B087C1 replies to ELECTION vote request: e247b98c-9a86-486e-b3b1-fa195c9418a4<-b5e52be0-4491-4e69-96e1-10d94051f40c#0:OK-t2. Peer's state: b5e52be0-4491-4e69-96e1-10d94051f40c@group-2ECA46B087C1:t2, leader=null, voted=e247b98c-9a86-486e-b3b1-fa195c9418a4, raftlog=b5e52be0-4491-4e69-96e1-10d94051f40c@group-2ECA46B087C1-SegmentedRaftLog:OPENED:c-1, conf=-1: [e247b98c-9a86-486e-b3b1-fa195c9418a4|rpc:10.1.0.226:46677|priority:0, 8b5383b3-e7bf-4722-baeb-dd5c06b347e3|rpc:10.1.0.226:34173|priority:1, b5e52be0-4491-4e69-96e1-10d94051f40c|rpc:10.1.0.226:37041|priority:0], old=null
2022-10-14 20:48:31,492 [grpc-default-executor-3] INFO  server.RaftServer$Division (RaftServerImpl.java:requestVote(1184)) - 8b5383b3-e7bf-4722-baeb-dd5c06b347e3@group-2ECA46B087C1 replies to ELECTION vote request: e247b98c-9a86-486e-b3b1-fa195c9418a4<-8b5383b3-e7bf-4722-baeb-dd5c06b347e3#0:FAIL-t2. Peer's state: 8b5383b3-e7bf-4722-baeb-dd5c06b347e3@group-2ECA46B087C1:t2, leader=null, voted=null, raftlog=8b5383b3-e7bf-4722-baeb-dd5c06b347e3@group-2ECA46B087C1-SegmentedRaftLog:OPENED:c-1, conf=-1: [e247b98c-9a86-486e-b3b1-fa195c9418a4|rpc:10.1.0.226:46677|priority:0, 8b5383b3-e7bf-4722-baeb-dd5c06b347e3|rpc:10.1.0.226:34173|priority:1, b5e52be0-4491-4e69-96e1-10d94051f40c|rpc:10.1.0.226:37041|priority:0], old=null
2022-10-14 20:48:31,493 [e247b98c-9a86-486e-b3b1-fa195c9418a4@group-2ECA46B087C1-LeaderElection19] INFO  impl.LeaderElection (LeaderElection.java:logAndReturn(90)) - e247b98c-9a86-486e-b3b1-fa195c9418a4@group-2ECA46B087C1-LeaderElection19: ELECTION REJECTED received 1 response(s) and 0 exception(s):
2022-10-14 20:48:31,493 [e247b98c-9a86-486e-b3b1-fa195c9418a4@group-2ECA46B087C1-LeaderElection19] INFO  impl.LeaderElection (LeaderElection.java:logAndReturn(94)) -   Response 0: e247b98c-9a86-486e-b3b1-fa195c9418a4<-8b5383b3-e7bf-4722-baeb-dd5c06b347e3#0:FAIL-t2
2022-10-14 20:48:31,493 [e247b98c-9a86-486e-b3b1-fa195c9418a4@group-2ECA46B087C1-LeaderElection19] INFO  impl.LeaderElection (LeaderElection.java:askForVotes(312)) - e247b98c-9a86-486e-b3b1-fa195c9418a4@group-2ECA46B087C1-LeaderElection19 ELECTION round 0: result REJECTED
2022-10-14 20:48:31,493 [e247b98c-9a86-486e-b3b1-fa195c9418a4@group-2ECA46B087C1-LeaderElection19] INFO  server.RaftServer$Division (RaftServerImpl.java:setRole(299)) - e247b98c-9a86-486e-b3b1-fa195c9418a4@group-2ECA46B087C1: changes role from CANDIDATE to FOLLOWER at term 2 for REJECTED
2022-10-14 20:48:31,495 [e247b98c-9a86-486e-b3b1-fa195c9418a4@group-2ECA46B087C1-LeaderElection19] INFO  impl.RoleInfo (RoleInfo.java:shutdownLeaderElection(130)) - e247b98c-9a86-486e-b3b1-fa195c9418a4: shutdown e247b98c-9a86-486e-b3b1-fa195c9418a4@group-2ECA46B087C1-LeaderElection19
2022-10-14 20:48:31,495 [e247b98c-9a86-486e-b3b1-fa195c9418a4@group-2ECA46B087C1-LeaderElection19] INFO  impl.RoleInfo (RoleInfo.java:updateAndGet(139)) - e247b98c-9a86-486e-b3b1-fa195c9418a4: start e247b98c-9a86-486e-b3b1-fa195c9418a4@group-2ECA46B087C1-FollowerState
2022-10-14 20:48:31,841 [EventQueue-StaleNodeForStaleNodeHandler] INFO  node.StaleNodeHandler (StaleNodeHandler.java:onMessage(59)) - Datanode a9bc3d00-95be-4d99-8dcc-adc6824489fa{ip: 10.1.0.226, host: fv-az459-990.msq0az1vewme3jsxyslsv0htic.jx.internal.cloudapp.net, ports: [REPLICATION=38691, RATIS=41433, RATIS_ADMIN=41433, RATIS_SERVER=41433, STANDALONE=39903], networkLocation: /default-rack, certSerialId: null, persistedOpState: IN_SERVICE, persistedOpStateExpiryEpochSec: 0} moved to stale state. Finalizing its pipelines [PipelineID=ba104055-b9d1-4973-be08-2538328d853e, PipelineID=30c0c8f2-eedf-4447-b194-6aba310d950c, PipelineID=706880b3-f140-4604-a16e-9df102291914, PipelineID=04515ef2-be88-4736-85b8-0f660d595d05]
2022-10-14 20:48:31,843 [EventQueue-StaleNodeForStaleNodeHandler] INFO  pipeline.PipelineManagerImpl (PipelineManagerImpl.java:closePipeline(442)) - Pipeline Pipeline[ Id: ba104055-b9d1-4973-be08-2538328d853e, Nodes: a9bc3d00-95be-4d99-8dcc-adc6824489fa{ip: 10.1.0.226, host: fv-az459-990.msq0az1vewme3jsxyslsv0htic.jx.internal.cloudapp.net, ports: [REPLICATION=38691, RATIS=41433, RATIS_ADMIN=41433, RATIS_SERVER=41433, STANDALONE=39903], networkLocation: /default-rack, certSerialId: null, persistedOpState: IN_SERVICE, persistedOpStateExpiryEpochSec: 0}, ReplicationConfig: RATIS/ONE, State:OPEN, leaderId:a9bc3d00-95be-4d99-8dcc-adc6824489fa, CreationTimestamp2022-10-14T20:48:20.377Z[Etc/UTC]] moved to CLOSED state
2022-10-14 20:48:31,844 [EventQueue-StaleNodeForStaleNodeHandler] INFO  pipeline.PipelineManagerImpl (PipelineManagerImpl.java:closePipeline(442)) - Pipeline Pipeline[ Id: 30c0c8f2-eedf-4447-b194-6aba310d950c, Nodes: a9bc3d00-95be-4d99-8dcc-adc6824489fa{ip: 10.1.0.226, host: fv-az459-990.msq0az1vewme3jsxyslsv0htic.jx.internal.cloudapp.net, ports: [REPLICATION=38691, RATIS=41433, RATIS_ADMIN=41433, RATIS_SERVER=41433, STANDALONE=39903], networkLocation: /default-rack, certSerialId: null, persistedOpState: IN_SERVICE, persistedOpStateExpiryEpochSec: 0}bbc6add2-54a7-4497-b631-73b4353e40e2{ip: 10.1.0.226, host: fv-az459-990.msq0az1vewme3jsxyslsv0htic.jx.internal.cloudapp.net, ports: [REPLICATION=39023, RATIS=45201, RATIS_ADMIN=45201, RATIS_SERVER=45201, STANDALONE=37057], networkLocation: /default-rack, certSerialId: null, persistedOpState: IN_SERVICE, persistedOpStateExpiryEpochSec: 0}16777052-74aa-4e90-8314-2bee1f1d951b{ip: 10.1.0.226, host: fv-az459-990.msq0az1vewme3jsxyslsv0htic.jx.internal.cloudapp.net, ports: [REPLICATION=45667, RATIS=46003, RATIS_ADMIN=46003, RATIS_SERVER=46003, STANDALONE=45747], networkLocation: /default-rack, certSerialId: null, persistedOpState: IN_SERVICE, persistedOpStateExpiryEpochSec: 0}, ReplicationConfig: RATIS/THREE, State:ALLOCATED, leaderId:, CreationTimestamp2022-10-14T20:48:20.788Z[Etc/UTC]] moved to CLOSED state
2022-10-14 20:48:31,845 [EventQueue-StaleNodeForStaleNodeHandler] INFO  pipeline.PipelineManagerImpl (PipelineManagerImpl.java:closePipeline(442)) - Pipeline Pipeline[ Id: 706880b3-f140-4604-a16e-9df102291914, Nodes: a9bc3d00-95be-4d99-8dcc-adc6824489fa{ip: 10.1.0.226, host: fv-az459-990.msq0az1vewme3jsxyslsv0htic.jx.internal.cloudapp.net, ports: [REPLICATION=38691, RATIS=41433, RATIS_ADMIN=41433, RATIS_SERVER=41433, STANDALONE=39903], networkLocation: /default-rack, certSerialId: null, persistedOpState: IN_SERVICE, persistedOpStateExpiryEpochSec: 0}16777052-74aa-4e90-8314-2bee1f1d951b{ip: 10.1.0.226, host: fv-az459-990.msq0az1vewme3jsxyslsv0htic.jx.internal.cloudapp.net, ports: [REPLICATION=45667, RATIS=46003, RATIS_ADMIN=46003, RATIS_SERVER=46003, STANDALONE=45747], networkLocation: /default-rack, certSerialId: null, persistedOpState: IN_SERVICE, persistedOpStateExpiryEpochSec: 0}bbc6add2-54a7-4497-b631-73b4353e40e2{ip: 10.1.0.226, host: fv-az459-990.msq0az1vewme3jsxyslsv0htic.jx.internal.cloudapp.net, ports: [REPLICATION=39023, RATIS=45201, RATIS_ADMIN=45201, RATIS_SERVER=45201, STANDALONE=37057], networkLocation: /default-rack, certSerialId: null, persistedOpState: IN_SERVICE, persistedOpStateExpiryEpochSec: 0}, ReplicationConfig: RATIS/THREE, State:ALLOCATED, leaderId:, CreationTimestamp2022-10-14T20:48:20.786Z[Etc/UTC]] moved to CLOSED state
2022-10-14 20:48:31,849 [EventQueue-StaleNodeForStaleNodeHandler] INFO  pipeline.PipelineManagerImpl (PipelineManagerImpl.java:closeContainersForPipeline(421)) - Container #1 closed for pipeline=PipelineID=04515ef2-be88-4736-85b8-0f660d595d05
2022-10-14 20:48:31,849 [EventQueue-CloseContainerForCloseContainerEventHandler] INFO  container.CloseContainerEventHandler (CloseContainerEventHandler.java:onMessage(71)) - Close container Event triggered for container : #1
2022-10-14 20:48:31,849 [EventQueue-StaleNodeForStaleNodeHandler] INFO  pipeline.PipelineManagerImpl (PipelineManagerImpl.java:closePipeline(442)) - Pipeline Pipeline[ Id: 04515ef2-be88-4736-85b8-0f660d595d05, Nodes: a9bc3d00-95be-4d99-8dcc-adc6824489fa{ip: 10.1.0.226, host: fv-az459-990.msq0az1vewme3jsxyslsv0htic.jx.internal.cloudapp.net, ports: [REPLICATION=38691, RATIS=41433, RATIS_ADMIN=41433, RATIS_SERVER=41433, STANDALONE=39903], networkLocation: /default-rack, certSerialId: null, persistedOpState: null, persistedOpStateExpiryEpochSec: 0}3c897dd6-f9a8-4587-816d-4b361cef56f3{ip: 10.1.0.226, host: fv-az459-990.msq0az1vewme3jsxyslsv0htic.jx.internal.cloudapp.net, ports: [REPLICATION=34751, RATIS=39577, RATIS_ADMIN=39577, RATIS_SERVER=39577, STANDALONE=41121], networkLocation: /default-rack, certSerialId: null, persistedOpState: null, persistedOpStateExpiryEpochSec: 0}b5e52be0-4491-4e69-96e1-10d94051f40c{ip: 10.1.0.226, host: fv-az459-990.msq0az1vewme3jsxyslsv0htic.jx.internal.cloudapp.net, ports: [REPLICATION=33805, RATIS=37041, RATIS_ADMIN=37041, RATIS_SERVER=37041, STANDALONE=41241], networkLocation: /default-rack, certSerialId: null, persistedOpState: null, persistedOpStateExpiryEpochSec: 0}e247b98c-9a86-486e-b3b1-fa195c9418a4{ip: 10.1.0.226, host: fv-az459-990.msq0az1vewme3jsxyslsv0htic.jx.internal.cloudapp.net, ports: [REPLICATION=36665, RATIS=46677, RATIS_ADMIN=46677, RATIS_SERVER=46677, STANDALONE=36511], networkLocation: /default-rack, certSerialId: null, persistedOpState: null, persistedOpStateExpiryEpochSec: 0}16777052-74aa-4e90-8314-2bee1f1d951b{ip: 10.1.0.226, host: fv-az459-990.msq0az1vewme3jsxyslsv0htic.jx.internal.cloudapp.net, ports: [REPLICATION=45667, RATIS=46003, RATIS_ADMIN=46003, RATIS_SERVER=46003, STANDALONE=45747], networkLocation: /default-rack, certSerialId: null, persistedOpState: null, persistedOpStateExpiryEpochSec: 0}, ReplicationConfig: EC/ECReplicationConfig{data=3, parity=2, ecChunkSize=1024, codec=rs}, State:OPEN, leaderId:, CreationTimestamp2022-10-14T20:48:28.004Z[Etc/UTC]] moved to CLOSED state
2022-10-14 20:48:32,014 [3c897dd6-f9a8-4587-816d-4b361cef56f3@group-B319158F4DE0-FollowerState] INFO  impl.FollowerState (FollowerState.java:run(143)) - 3c897dd6-f9a8-4587-816d-4b361cef56f3@group-B319158F4DE0-FollowerState: change to CANDIDATE, lastRpcElapsedTime:5054796670ns, electionTimeout:5052ms
2022-10-14 20:48:32,015 [3c897dd6-f9a8-4587-816d-4b361cef56f3@group-B319158F4DE0-FollowerState] INFO  impl.RoleInfo (RoleInfo.java:shutdownFollowerState(110)) - 3c897dd6-f9a8-4587-816d-4b361cef56f3: shutdown 3c897dd6-f9a8-4587-816d-4b361cef56f3@group-B319158F4DE0-FollowerState
2022-10-14 20:48:32,015 [3c897dd6-f9a8-4587-816d-4b361cef56f3@group-B319158F4DE0-FollowerState] INFO  server.RaftServer$Division (RaftServerImpl.java:setRole(299)) - 3c897dd6-f9a8-4587-816d-4b361cef56f3@group-B319158F4DE0: changes role from  FOLLOWER to CANDIDATE at term 1 for changeToCandidate
2022-10-14 20:48:32,015 [3c897dd6-f9a8-4587-816d-4b361cef56f3@group-B319158F4DE0-FollowerState] INFO  server.RaftServerConfigKeys (ConfUtils.java:logGet(46)) - raft.server.leaderelection.pre-vote = false (custom)
2022-10-14 20:48:32,015 [3c897dd6-f9a8-4587-816d-4b361cef56f3@group-B319158F4DE0-FollowerState] INFO  impl.RoleInfo (RoleInfo.java:updateAndGet(139)) - 3c897dd6-f9a8-4587-816d-4b361cef56f3: start 3c897dd6-f9a8-4587-816d-4b361cef56f3@group-B319158F4DE0-LeaderElection20
2022-10-14 20:48:32,017 [3c897dd6-f9a8-4587-816d-4b361cef56f3@group-B319158F4DE0-LeaderElection20] INFO  impl.LeaderElection (LeaderElection.java:askForVotes(310)) - 3c897dd6-f9a8-4587-816d-4b361cef56f3@group-B319158F4DE0-LeaderElection20 ELECTION round 0: submit vote requests at term 2 for -1: [27609338-e5ea-4e9e-bd63-6729dd2dbc7a|rpc:10.1.0.226:36963|dataStream:|priority:1, 264ccfc1-7403-435b-81c3-d1dfb4335e59|rpc:10.1.0.226:44593|dataStream:|priority:0, 3c897dd6-f9a8-4587-816d-4b361cef56f3|rpc:10.1.0.226:39577|dataStream:|priority:0], old=null
2022-10-14 20:48:32,021 [grpc-default-executor-3] INFO  server.RaftServer$Division (RaftServerImpl.java:requestVote(1152)) - 27609338-e5ea-4e9e-bd63-6729dd2dbc7a@group-B319158F4DE0: receive requestVote(ELECTION, 3c897dd6-f9a8-4587-816d-4b361cef56f3, group-B319158F4DE0, 2, (t:0, i:0))
2022-10-14 20:48:32,021 [grpc-default-executor-3] INFO  impl.VoteContext (VoteContext.java:log(48)) - 27609338-e5ea-4e9e-bd63-6729dd2dbc7a@group-B319158F4DE0-FOLLOWER: reject ELECTION from 3c897dd6-f9a8-4587-816d-4b361cef56f3: our priority 1 > candidate's priority 0
2022-10-14 20:48:32,021 [grpc-default-executor-3] INFO  server.RaftServer$Division (RaftServerImpl.java:setRole(299)) - 27609338-e5ea-4e9e-bd63-6729dd2dbc7a@group-B319158F4DE0: changes role from  FOLLOWER to FOLLOWER at term 2 for candidate:3c897dd6-f9a8-4587-816d-4b361cef56f3
2022-10-14 20:48:32,021 [grpc-default-executor-3] INFO  impl.RoleInfo (RoleInfo.java:shutdownFollowerState(110)) - 27609338-e5ea-4e9e-bd63-6729dd2dbc7a: shutdown 27609338-e5ea-4e9e-bd63-6729dd2dbc7a@group-B319158F4DE0-FollowerState
2022-10-14 20:48:32,021 [grpc-default-executor-3] INFO  impl.RoleInfo (RoleInfo.java:updateAndGet(139)) - 27609338-e5ea-4e9e-bd63-6729dd2dbc7a: start 27609338-e5ea-4e9e-bd63-6729dd2dbc7a@group-B319158F4DE0-FollowerState
2022-10-14 20:48:32,021 [27609338-e5ea-4e9e-bd63-6729dd2dbc7a@group-B319158F4DE0-FollowerState] INFO  impl.FollowerState (FollowerState.java:run(152)) - 27609338-e5ea-4e9e-bd63-6729dd2dbc7a@group-B319158F4DE0-FollowerState was interrupted
2022-10-14 20:48:32,023 [grpc-default-executor-4] INFO  server.RaftServer$Division (RaftServerImpl.java:requestVote(1152)) - 264ccfc1-7403-435b-81c3-d1dfb4335e59@group-B319158F4DE0: receive requestVote(ELECTION, 3c897dd6-f9a8-4587-816d-4b361cef56f3, group-B319158F4DE0, 2, (t:0, i:0))
2022-10-14 20:48:32,023 [grpc-default-executor-4] INFO  impl.VoteContext (VoteContext.java:log(48)) - 264ccfc1-7403-435b-81c3-d1dfb4335e59@group-B319158F4DE0-FOLLOWER: accept ELECTION from 3c897dd6-f9a8-4587-816d-4b361cef56f3: our priority 0 <= candidate's priority 0
2022-10-14 20:48:32,023 [grpc-default-executor-4] INFO  server.RaftServer$Division (RaftServerImpl.java:setRole(299)) - 264ccfc1-7403-435b-81c3-d1dfb4335e59@group-B319158F4DE0: changes role from  FOLLOWER to FOLLOWER at term 2 for candidate:3c897dd6-f9a8-4587-816d-4b361cef56f3
2022-10-14 20:48:32,023 [grpc-default-executor-4] INFO  impl.RoleInfo (RoleInfo.java:shutdownFollowerState(110)) - 264ccfc1-7403-435b-81c3-d1dfb4335e59: shutdown 264ccfc1-7403-435b-81c3-d1dfb4335e59@group-B319158F4DE0-FollowerState
2022-10-14 20:48:32,023 [grpc-default-executor-3] INFO  server.RaftServer$Division (RaftServerImpl.java:requestVote(1184)) - 27609338-e5ea-4e9e-bd63-6729dd2dbc7a@group-B319158F4DE0 replies to ELECTION vote request: 3c897dd6-f9a8-4587-816d-4b361cef56f3<-27609338-e5ea-4e9e-bd63-6729dd2dbc7a#0:FAIL-t2. Peer's state: 27609338-e5ea-4e9e-bd63-6729dd2dbc7a@group-B319158F4DE0:t2, leader=null, voted=null, raftlog=27609338-e5ea-4e9e-bd63-6729dd2dbc7a@group-B319158F4DE0-SegmentedRaftLog:OPENED:c-1, conf=-1: [27609338-e5ea-4e9e-bd63-6729dd2dbc7a|rpc:10.1.0.226:36963|dataStream:|priority:1, 264ccfc1-7403-435b-81c3-d1dfb4335e59|rpc:10.1.0.226:44593|dataStream:|priority:0, 3c897dd6-f9a8-4587-816d-4b361cef56f3|rpc:10.1.0.226:39577|dataStream:|priority:0], old=null
2022-10-14 20:48:32,023 [264ccfc1-7403-435b-81c3-d1dfb4335e59@group-B319158F4DE0-FollowerState] INFO  impl.FollowerState (FollowerState.java:run(152)) - 264ccfc1-7403-435b-81c3-d1dfb4335e59@group-B319158F4DE0-FollowerState was interrupted
2022-10-14 20:48:32,023 [grpc-default-executor-4] INFO  impl.RoleInfo (RoleInfo.java:updateAndGet(139)) - 264ccfc1-7403-435b-81c3-d1dfb4335e59: start 264ccfc1-7403-435b-81c3-d1dfb4335e59@group-B319158F4DE0-FollowerState
2022-10-14 20:48:32,025 [grpc-default-executor-4] INFO  server.RaftServer$Division (RaftServerImpl.java:requestVote(1184)) - 264ccfc1-7403-435b-81c3-d1dfb4335e59@group-B319158F4DE0 replies to ELECTION vote request: 3c897dd6-f9a8-4587-816d-4b361cef56f3<-264ccfc1-7403-435b-81c3-d1dfb4335e59#0:OK-t2. Peer's state: 264ccfc1-7403-435b-81c3-d1dfb4335e59@group-B319158F4DE0:t2, leader=null, voted=3c897dd6-f9a8-4587-816d-4b361cef56f3, raftlog=264ccfc1-7403-435b-81c3-d1dfb4335e59@group-B319158F4DE0-SegmentedRaftLog:OPENED:c-1, conf=-1: [27609338-e5ea-4e9e-bd63-6729dd2dbc7a|rpc:10.1.0.226:36963|priority:1, 264ccfc1-7403-435b-81c3-d1dfb4335e59|rpc:10.1.0.226:44593|priority:0, 3c897dd6-f9a8-4587-816d-4b361cef56f3|rpc:10.1.0.226:39577|priority:0], old=null
2022-10-14 20:48:32,026 [3c897dd6-f9a8-4587-816d-4b361cef56f3@group-B319158F4DE0-LeaderElection20] INFO  impl.LeaderElection (LeaderElection.java:logAndReturn(90)) - 3c897dd6-f9a8-4587-816d-4b361cef56f3@group-B319158F4DE0-LeaderElection20: ELECTION REJECTED received 1 response(s) and 0 exception(s):
2022-10-14 20:48:32,026 [3c897dd6-f9a8-4587-816d-4b361cef56f3@group-B319158F4DE0-LeaderElection20] INFO  impl.LeaderElection (LeaderElection.java:logAndReturn(94)) -   Response 0: 3c897dd6-f9a8-4587-816d-4b361cef56f3<-27609338-e5ea-4e9e-bd63-6729dd2dbc7a#0:FAIL-t2
2022-10-14 20:48:32,026 [3c897dd6-f9a8-4587-816d-4b361cef56f3@group-B319158F4DE0-LeaderElection20] INFO  impl.LeaderElection (LeaderElection.java:askForVotes(312)) - 3c897dd6-f9a8-4587-816d-4b361cef56f3@group-B319158F4DE0-LeaderElection20 ELECTION round 0: result REJECTED
2022-10-14 20:48:32,026 [3c897dd6-f9a8-4587-816d-4b361cef56f3@group-B319158F4DE0-LeaderElection20] INFO  server.RaftServer$Division (RaftServerImpl.java:setRole(299)) - 3c897dd6-f9a8-4587-816d-4b361cef56f3@group-B319158F4DE0: changes role from CANDIDATE to FOLLOWER at term 2 for REJECTED
2022-10-14 20:48:32,026 [3c897dd6-f9a8-4587-816d-4b361cef56f3@group-B319158F4DE0-LeaderElection20] INFO  impl.RoleInfo (RoleInfo.java:shutdownLeaderElection(130)) - 3c897dd6-f9a8-4587-816d-4b361cef56f3: shutdown 3c897dd6-f9a8-4587-816d-4b361cef56f3@group-B319158F4DE0-LeaderElection20
2022-10-14 20:48:32,026 [3c897dd6-f9a8-4587-816d-4b361cef56f3@group-B319158F4DE0-LeaderElection20] INFO  impl.RoleInfo (RoleInfo.java:updateAndGet(139)) - 3c897dd6-f9a8-4587-816d-4b361cef56f3: start 3c897dd6-f9a8-4587-816d-4b361cef56f3@group-B319158F4DE0-FollowerState
2022-10-14 20:48:33,233 [bbc6add2-54a7-4497-b631-73b4353e40e2@group-6ABA310D950C-FollowerState] INFO  impl.FollowerState (FollowerState.java:run(143)) - bbc6add2-54a7-4497-b631-73b4353e40e2@group-6ABA310D950C-FollowerState: change to CANDIDATE, lastRpcElapsedTime:5021781540ns, electionTimeout:5021ms
2022-10-14 20:48:33,233 [bbc6add2-54a7-4497-b631-73b4353e40e2@group-6ABA310D950C-FollowerState] INFO  impl.RoleInfo (RoleInfo.java:shutdownFollowerState(110)) - bbc6add2-54a7-4497-b631-73b4353e40e2: shutdown bbc6add2-54a7-4497-b631-73b4353e40e2@group-6ABA310D950C-FollowerState
2022-10-14 20:48:33,233 [bbc6add2-54a7-4497-b631-73b4353e40e2@group-6ABA310D950C-FollowerState] INFO  server.RaftServer$Division (RaftServerImpl.java:setRole(299)) - bbc6add2-54a7-4497-b631-73b4353e40e2@group-6ABA310D950C: changes role from  FOLLOWER to CANDIDATE at term 1 for changeToCandidate
2022-10-14 20:48:33,233 [bbc6add2-54a7-4497-b631-73b4353e40e2@group-6ABA310D950C-FollowerState] INFO  server.RaftServerConfigKeys (ConfUtils.java:logGet(46)) - raft.server.leaderelection.pre-vote = false (custom)
2022-10-14 20:48:33,233 [bbc6add2-54a7-4497-b631-73b4353e40e2@group-6ABA310D950C-FollowerState] INFO  impl.RoleInfo (RoleInfo.java:updateAndGet(139)) - bbc6add2-54a7-4497-b631-73b4353e40e2: start bbc6add2-54a7-4497-b631-73b4353e40e2@group-6ABA310D950C-LeaderElection21
2022-10-14 20:48:33,238 [bbc6add2-54a7-4497-b631-73b4353e40e2@group-6ABA310D950C-LeaderElection21] INFO  impl.LeaderElection (LeaderElection.java:askForVotes(310)) - bbc6add2-54a7-4497-b631-73b4353e40e2@group-6ABA310D950C-LeaderElection21 ELECTION round 0: submit vote requests at term 2 for -1: [bbc6add2-54a7-4497-b631-73b4353e40e2|rpc:10.1.0.226:45201|dataStream:|priority:1, a9bc3d00-95be-4d99-8dcc-adc6824489fa|rpc:10.1.0.226:41433|dataStream:|priority:0, 16777052-74aa-4e90-8314-2bee1f1d951b|rpc:10.1.0.226:46003|dataStream:|priority:0], old=null
2022-10-14 20:48:33,240 [bbc6add2-54a7-4497-b631-73b4353e40e2@group-9DF102291914-FollowerState] INFO  impl.FollowerState (FollowerState.java:run(143)) - bbc6add2-54a7-4497-b631-73b4353e40e2@group-9DF102291914-FollowerState: change to CANDIDATE, lastRpcElapsedTime:5124612358ns, electionTimeout:5110ms
2022-10-14 20:48:33,240 [bbc6add2-54a7-4497-b631-73b4353e40e2@group-9DF102291914-FollowerState] INFO  impl.RoleInfo (RoleInfo.java:shutdownFollowerState(110)) - bbc6add2-54a7-4497-b631-73b4353e40e2: shutdown bbc6add2-54a7-4497-b631-73b4353e40e2@group-9DF102291914-FollowerState
2022-10-14 20:48:33,240 [bbc6add2-54a7-4497-b631-73b4353e40e2@group-9DF102291914-FollowerState] INFO  server.RaftServer$Division (RaftServerImpl.java:setRole(299)) - bbc6add2-54a7-4497-b631-73b4353e40e2@group-9DF102291914: changes role from  FOLLOWER to CANDIDATE at term 1 for changeToCandidate
2022-10-14 20:48:33,240 [bbc6add2-54a7-4497-b631-73b4353e40e2@group-9DF102291914-FollowerState] INFO  server.RaftServerConfigKeys (ConfUtils.java:logGet(46)) - raft.server.leaderelection.pre-vote = false (custom)
2022-10-14 20:48:33,241 [bbc6add2-54a7-4497-b631-73b4353e40e2@group-9DF102291914-FollowerState] INFO  impl.RoleInfo (RoleInfo.java:updateAndGet(139)) - bbc6add2-54a7-4497-b631-73b4353e40e2: start bbc6add2-54a7-4497-b631-73b4353e40e2@group-9DF102291914-LeaderElection22
2022-10-14 20:48:33,249 [bbc6add2-54a7-4497-b631-73b4353e40e2@group-9DF102291914-LeaderElection22] INFO  impl.LeaderElection (LeaderElection.java:askForVotes(310)) - bbc6add2-54a7-4497-b631-73b4353e40e2@group-9DF102291914-LeaderElection22 ELECTION round 0: submit vote requests at term 2 for -1: [bbc6add2-54a7-4497-b631-73b4353e40e2|rpc:10.1.0.226:45201|dataStream:|priority:0, a9bc3d00-95be-4d99-8dcc-adc6824489fa|rpc:10.1.0.226:41433|dataStream:|priority:0, 16777052-74aa-4e90-8314-2bee1f1d951b|rpc:10.1.0.226:46003|dataStream:|priority:1], old=null
2022-10-14 20:48:33,249 [grpc-default-executor-3] INFO  server.RaftServer$Division (RaftServerImpl.java:requestVote(1152)) - 16777052-74aa-4e90-8314-2bee1f1d951b@group-6ABA310D950C: receive requestVote(ELECTION, bbc6add2-54a7-4497-b631-73b4353e40e2, group-6ABA310D950C, 2, (t:0, i:0))
2022-10-14 20:48:33,249 [grpc-default-executor-3] INFO  impl.VoteContext (VoteContext.java:log(48)) - 16777052-74aa-4e90-8314-2bee1f1d951b@group-6ABA310D950C-FOLLOWER: accept ELECTION from bbc6add2-54a7-4497-b631-73b4353e40e2: our priority 0 <= candidate's priority 1
2022-10-14 20:48:33,249 [grpc-default-executor-3] INFO  server.RaftServer$Division (RaftServerImpl.java:setRole(299)) - 16777052-74aa-4e90-8314-2bee1f1d951b@group-6ABA310D950C: changes role from  FOLLOWER to FOLLOWER at term 2 for candidate:bbc6add2-54a7-4497-b631-73b4353e40e2
2022-10-14 20:48:33,249 [grpc-default-executor-3] INFO  impl.RoleInfo (RoleInfo.java:shutdownFollowerState(110)) - 16777052-74aa-4e90-8314-2bee1f1d951b: shutdown 16777052-74aa-4e90-8314-2bee1f1d951b@group-6ABA310D950C-FollowerState
2022-10-14 20:48:33,251 [grpc-default-executor-3] INFO  impl.RoleInfo (RoleInfo.java:updateAndGet(139)) - 16777052-74aa-4e90-8314-2bee1f1d951b: start 16777052-74aa-4e90-8314-2bee1f1d951b@group-6ABA310D950C-FollowerState
2022-10-14 20:48:33,252 [16777052-74aa-4e90-8314-2bee1f1d951b@group-6ABA310D950C-FollowerState] INFO  impl.FollowerState (FollowerState.java:run(152)) - 16777052-74aa-4e90-8314-2bee1f1d951b@group-6ABA310D950C-FollowerState was interrupted
2022-10-14 20:48:33,254 [grpc-default-executor-3] INFO  server.RaftServer$Division (RaftServerImpl.java:requestVote(1184)) - 16777052-74aa-4e90-8314-2bee1f1d951b@group-6ABA310D950C replies to ELECTION vote request: bbc6add2-54a7-4497-b631-73b4353e40e2<-16777052-74aa-4e90-8314-2bee1f1d951b#0:OK-t2. Peer's state: 16777052-74aa-4e90-8314-2bee1f1d951b@group-6ABA310D950C:t2, leader=null, voted=bbc6add2-54a7-4497-b631-73b4353e40e2, raftlog=16777052-74aa-4e90-8314-2bee1f1d951b@group-6ABA310D950C-SegmentedRaftLog:OPENED:c-1, conf=-1: [bbc6add2-54a7-4497-b631-73b4353e40e2|rpc:10.1.0.226:45201|priority:1, a9bc3d00-95be-4d99-8dcc-adc6824489fa|rpc:10.1.0.226:41433|priority:0, 16777052-74aa-4e90-8314-2bee1f1d951b|rpc:10.1.0.226:46003|priority:0], old=null
2022-10-14 20:48:33,261 [bbc6add2-54a7-4497-b631-73b4353e40e2@group-9DF102291914-LeaderElection22] INFO  impl.LeaderElection (LogUtils.java:infoOrTrace(137)) - bbc6add2-54a7-4497-b631-73b4353e40e2@group-9DF102291914-LeaderElection22 got exception when requesting votes: java.util.concurrent.ExecutionException: org.apache.ratis.thirdparty.io.grpc.StatusRuntimeException: UNAVAILABLE: io exception
2022-10-14 20:48:33,261 [bbc6add2-54a7-4497-b631-73b4353e40e2@group-6ABA310D950C-LeaderElection21] INFO  impl.LeaderElection (LogUtils.java:infoOrTrace(137)) - bbc6add2-54a7-4497-b631-73b4353e40e2@group-6ABA310D950C-LeaderElection21 got exception when requesting votes: java.util.concurrent.ExecutionException: org.apache.ratis.thirdparty.io.grpc.StatusRuntimeException: UNAVAILABLE: io exception
2022-10-14 20:48:33,264 [grpc-default-executor-3] INFO  server.RaftServer$Division (RaftServerImpl.java:requestVote(1152)) - 16777052-74aa-4e90-8314-2bee1f1d951b@group-9DF102291914: receive requestVote(ELECTION, bbc6add2-54a7-4497-b631-73b4353e40e2, group-9DF102291914, 2, (t:0, i:0))
2022-10-14 20:48:33,265 [grpc-default-executor-3] INFO  impl.VoteContext (VoteContext.java:log(48)) - 16777052-74aa-4e90-8314-2bee1f1d951b@group-9DF102291914-FOLLOWER: reject ELECTION from bbc6add2-54a7-4497-b631-73b4353e40e2: our priority 1 > candidate's priority 0
2022-10-14 20:48:33,265 [grpc-default-executor-3] INFO  server.RaftServer$Division (RaftServerImpl.java:setRole(299)) - 16777052-74aa-4e90-8314-2bee1f1d951b@group-9DF102291914: changes role from  FOLLOWER to FOLLOWER at term 2 for candidate:bbc6add2-54a7-4497-b631-73b4353e40e2
2022-10-14 20:48:33,265 [grpc-default-executor-3] INFO  impl.RoleInfo (RoleInfo.java:shutdownFollowerState(110)) - 16777052-74aa-4e90-8314-2bee1f1d951b: shutdown 16777052-74aa-4e90-8314-2bee1f1d951b@group-9DF102291914-FollowerState
2022-10-14 20:48:33,265 [grpc-default-executor-3] INFO  impl.RoleInfo (RoleInfo.java:updateAndGet(139)) - 16777052-74aa-4e90-8314-2bee1f1d951b: start 16777052-74aa-4e90-8314-2bee1f1d951b@group-9DF102291914-FollowerState
2022-10-14 20:48:33,265 [16777052-74aa-4e90-8314-2bee1f1d951b@group-9DF102291914-FollowerState] INFO  impl.FollowerState (FollowerState.java:run(152)) - 16777052-74aa-4e90-8314-2bee1f1d951b@group-9DF102291914-FollowerState was interrupted
2022-10-14 20:48:33,265 [bbc6add2-54a7-4497-b631-73b4353e40e2@group-6ABA310D950C-LeaderElection21] INFO  impl.LeaderElection (LeaderElection.java:logAndReturn(90)) - bbc6add2-54a7-4497-b631-73b4353e40e2@group-6ABA310D950C-LeaderElection21: ELECTION PASSED received 1 response(s) and 1 exception(s):
2022-10-14 20:48:33,266 [bbc6add2-54a7-4497-b631-73b4353e40e2@group-6ABA310D950C-LeaderElection21] INFO  impl.LeaderElection (LeaderElection.java:logAndReturn(94)) -   Response 0: bbc6add2-54a7-4497-b631-73b4353e40e2<-16777052-74aa-4e90-8314-2bee1f1d951b#0:OK-t2
2022-10-14 20:48:33,269 [grpc-default-executor-3] INFO  server.RaftServer$Division (RaftServerImpl.java:requestVote(1184)) - 16777052-74aa-4e90-8314-2bee1f1d951b@group-9DF102291914 replies to ELECTION vote request: bbc6add2-54a7-4497-b631-73b4353e40e2<-16777052-74aa-4e90-8314-2bee1f1d951b#0:FAIL-t2. Peer's state: 16777052-74aa-4e90-8314-2bee1f1d951b@group-9DF102291914:t2, leader=null, voted=null, raftlog=16777052-74aa-4e90-8314-2bee1f1d951b@group-9DF102291914-SegmentedRaftLog:OPENED:c-1, conf=-1: [bbc6add2-54a7-4497-b631-73b4353e40e2|rpc:10.1.0.226:45201|priority:0, a9bc3d00-95be-4d99-8dcc-adc6824489fa|rpc:10.1.0.226:41433|priority:0, 16777052-74aa-4e90-8314-2bee1f1d951b|rpc:10.1.0.226:46003|priority:1], old=null
2022-10-14 20:48:33,270 [bbc6add2-54a7-4497-b631-73b4353e40e2@group-6ABA310D950C-LeaderElection21] INFO  impl.LeaderElection (LogUtils.java:infoOrTrace(137)) -   Exception 1: java.util.concurrent.ExecutionException: org.apache.ratis.thirdparty.io.grpc.StatusRuntimeException: UNAVAILABLE: io exception
2022-10-14 20:48:33,270 [bbc6add2-54a7-4497-b631-73b4353e40e2@group-6ABA310D950C-LeaderElection21] INFO  impl.LeaderElection (LeaderElection.java:askForVotes(312)) - bbc6add2-54a7-4497-b631-73b4353e40e2@group-6ABA310D950C-LeaderElection21 ELECTION round 0: result PASSED
2022-10-14 20:48:33,270 [bbc6add2-54a7-4497-b631-73b4353e40e2@group-6ABA310D950C-LeaderElection21] INFO  impl.RoleInfo (RoleInfo.java:shutdownLeaderElection(130)) - bbc6add2-54a7-4497-b631-73b4353e40e2: shutdown bbc6add2-54a7-4497-b631-73b4353e40e2@group-6ABA310D950C-LeaderElection21
2022-10-14 20:48:33,270 [bbc6add2-54a7-4497-b631-73b4353e40e2@group-6ABA310D950C-LeaderElection21] INFO  server.RaftServer$Division (RaftServerImpl.java:setRole(299)) - bbc6add2-54a7-4497-b631-73b4353e40e2@group-6ABA310D950C: changes role from CANDIDATE to LEADER at term 2 for changeToLeader
2022-10-14 20:48:33,270 [bbc6add2-54a7-4497-b631-73b4353e40e2@group-6ABA310D950C-LeaderElection21] INFO  ratis.XceiverServerRatis (XceiverServerRatis.java:handleLeaderChangedNotification(863)) - Leader change notification received for group: group-6ABA310D950C with new leaderId: bbc6add2-54a7-4497-b631-73b4353e40e2
2022-10-14 20:48:33,270 [bbc6add2-54a7-4497-b631-73b4353e40e2@group-6ABA310D950C-LeaderElection21] INFO  server.RaftServer$Division (ServerState.java:setLeader(287)) - bbc6add2-54a7-4497-b631-73b4353e40e2@group-6ABA310D950C: change Leader from null to bbc6add2-54a7-4497-b631-73b4353e40e2 at term 2 for becomeLeader, leader elected after 10102ms
2022-10-14 20:48:33,270 [bbc6add2-54a7-4497-b631-73b4353e40e2@group-6ABA310D950C-LeaderElection21] INFO  server.RaftServerConfigKeys (ConfUtils.java:logGet(46)) - raft.server.staging.catchup.gap = 1000 (default)
2022-10-14 20:48:33,270 [bbc6add2-54a7-4497-b631-73b4353e40e2@group-6ABA310D950C-LeaderElection21] INFO  server.RaftServerConfigKeys (ConfUtils.java:logGet(46)) - raft.server.write.element-limit = 1024 (custom)
2022-10-14 20:48:33,270 [bbc6add2-54a7-4497-b631-73b4353e40e2@group-6ABA310D950C-LeaderElection21] INFO  server.RaftServerConfigKeys (ConfUtils.java:logGet(46)) - raft.server.write.byte-limit = 1024 M (=1073741824) (custom)
2022-10-14 20:48:33,271 [bbc6add2-54a7-4497-b631-73b4353e40e2@group-6ABA310D950C-LeaderElection21] INFO  server.RaftServerConfigKeys (ConfUtils.java:logGet(46)) - raft.server.watch.timeout = 180s (custom)
2022-10-14 20:48:33,271 [bbc6add2-54a7-4497-b631-73b4353e40e2@group-9DF102291914-LeaderElection22] INFO  impl.LeaderElection (LeaderElection.java:logAndReturn(90)) - bbc6add2-54a7-4497-b631-73b4353e40e2@group-9DF102291914-LeaderElection22: ELECTION REJECTED received 1 response(s) and 1 exception(s):
2022-10-14 20:48:33,271 [bbc6add2-54a7-4497-b631-73b4353e40e2@group-9DF102291914-LeaderElection22] INFO  impl.LeaderElection (LeaderElection.java:logAndReturn(94)) -   Response 0: bbc6add2-54a7-4497-b631-73b4353e40e2<-16777052-74aa-4e90-8314-2bee1f1d951b#0:FAIL-t2
2022-10-14 20:48:33,271 [bbc6add2-54a7-4497-b631-73b4353e40e2@group-9DF102291914-LeaderElection22] INFO  impl.LeaderElection (LogUtils.java:infoOrTrace(137)) -   Exception 1: java.util.concurrent.ExecutionException: org.apache.ratis.thirdparty.io.grpc.StatusRuntimeException: UNAVAILABLE: io exception
2022-10-14 20:48:33,271 [bbc6add2-54a7-4497-b631-73b4353e40e2@group-9DF102291914-LeaderElection22] INFO  impl.LeaderElection (LeaderElection.java:askForVotes(312)) - bbc6add2-54a7-4497-b631-73b4353e40e2@group-9DF102291914-LeaderElection22 ELECTION round 0: result REJECTED
2022-10-14 20:48:33,271 [bbc6add2-54a7-4497-b631-73b4353e40e2@group-9DF102291914-LeaderElection22] INFO  server.RaftServer$Division (RaftServerImpl.java:setRole(299)) - bbc6add2-54a7-4497-b631-73b4353e40e2@group-9DF102291914: changes role from CANDIDATE to FOLLOWER at term 2 for REJECTED
2022-10-14 20:48:33,271 [bbc6add2-54a7-4497-b631-73b4353e40e2@group-9DF102291914-LeaderElection22] INFO  impl.RoleInfo (RoleInfo.java:shutdownLeaderElection(130)) - bbc6add2-54a7-4497-b631-73b4353e40e2: shutdown bbc6add2-54a7-4497-b631-73b4353e40e2@group-9DF102291914-LeaderElection22
2022-10-14 20:48:33,271 [bbc6add2-54a7-4497-b631-73b4353e40e2@group-9DF102291914-LeaderElection22] INFO  impl.RoleInfo (RoleInfo.java:updateAndGet(139)) - bbc6add2-54a7-4497-b631-73b4353e40e2: start bbc6add2-54a7-4497-b631-73b4353e40e2@group-9DF102291914-FollowerState
2022-10-14 20:48:33,271 [bbc6add2-54a7-4497-b631-73b4353e40e2@group-6ABA310D950C-LeaderElection21] INFO  server.RaftServerConfigKeys (ConfUtils.java:logGet(46)) - raft.server.watch.timeout.denomination = 1s (default)
2022-10-14 20:48:33,271 [bbc6add2-54a7-4497-b631-73b4353e40e2@group-6ABA310D950C-LeaderElection21] INFO  server.RaftServerConfigKeys (ConfUtils.java:logGet(46)) - raft.server.watch.element-limit = 65536 (default)
2022-10-14 20:48:33,271 [bbc6add2-54a7-4497-b631-73b4353e40e2@group-6ABA310D950C-LeaderElection21] INFO  server.RaftServerConfigKeys (ConfUtils.java:logGet(46)) - raft.server.write.element-limit = 1024 (custom)
2022-10-14 20:48:33,271 [bbc6add2-54a7-4497-b631-73b4353e40e2@group-6ABA310D950C-LeaderElection21] INFO  server.RaftServerConfigKeys (ConfUtils.java:logGet(46)) - raft.server.write.follower.gap.ratio.max = -1.0 (default)
2022-10-14 20:48:33,273 [bbc6add2-54a7-4497-b631-73b4353e40e2@group-6ABA310D950C-LeaderElection21] INFO  server.RaftServerConfigKeys (ConfUtils.java:logGet(46)) - raft.server.log.appender.snapshot.chunk.size.max = 16MB (=16777216) (default)
2022-10-14 20:48:33,273 [bbc6add2-54a7-4497-b631-73b4353e40e2@group-6ABA310D950C-LeaderElection21] INFO  server.RaftServerConfigKeys (ConfUtils.java:logGet(46)) - raft.server.log.appender.buffer.byte-limit = 33554432 (custom)
2022-10-14 20:48:33,273 [bbc6add2-54a7-4497-b631-73b4353e40e2@group-6ABA310D950C-LeaderElection21] INFO  server.RaftServerConfigKeys (ConfUtils.java:logGet(46)) - raft.server.log.appender.buffer.element-limit = 1 (custom)
2022-10-14 20:48:33,273 [bbc6add2-54a7-4497-b631-73b4353e40e2@group-6ABA310D950C-LeaderElection21] INFO  grpc.GrpcConfigKeys (ConfUtils.java:logGet(46)) - raft.grpc.server.leader.outstanding.appends.max = 128 (default)
2022-10-14 20:48:33,273 [bbc6add2-54a7-4497-b631-73b4353e40e2@group-6ABA310D950C-LeaderElection21] INFO  server.RaftServerConfigKeys (ConfUtils.java:logGet(46)) - raft.server.rpc.request.timeout = 60s (custom)
2022-10-14 20:48:33,273 [bbc6add2-54a7-4497-b631-73b4353e40e2@group-6ABA310D950C-LeaderElection21] INFO  server.RaftServerConfigKeys (ConfUtils.java:logGet(46)) - raft.server.log.appender.install.snapshot.enabled = false (custom)
2022-10-14 20:48:33,274 [bbc6add2-54a7-4497-b631-73b4353e40e2@group-6ABA310D950C-LeaderElection21] INFO  server.RaftServerConfigKeys (ConfUtils.java:logGet(46)) - raft.server.log.appender.snapshot.chunk.size.max = 16MB (=16777216) (default)
2022-10-14 20:48:33,274 [bbc6add2-54a7-4497-b631-73b4353e40e2@group-6ABA310D950C-LeaderElection21] INFO  server.RaftServerConfigKeys (ConfUtils.java:logGet(46)) - raft.server.log.appender.buffer.byte-limit = 33554432 (custom)
2022-10-14 20:48:33,275 [bbc6add2-54a7-4497-b631-73b4353e40e2@group-6ABA310D950C-LeaderElection21] INFO  server.RaftServerConfigKeys (ConfUtils.java:logGet(46)) - raft.server.log.appender.buffer.element-limit = 1 (custom)
2022-10-14 20:48:33,275 [bbc6add2-54a7-4497-b631-73b4353e40e2@group-6ABA310D950C-LeaderElection21] INFO  grpc.GrpcConfigKeys (ConfUtils.java:logGet(46)) - raft.grpc.server.leader.outstanding.appends.max = 128 (default)
2022-10-14 20:48:33,276 [bbc6add2-54a7-4497-b631-73b4353e40e2@group-6ABA310D950C-LeaderElection21] INFO  server.RaftServerConfigKeys (ConfUtils.java:logGet(46)) - raft.server.rpc.request.timeout = 60s (custom)
2022-10-14 20:48:33,276 [bbc6add2-54a7-4497-b631-73b4353e40e2@group-6ABA310D950C-LeaderElection21] INFO  server.RaftServerConfigKeys (ConfUtils.java:logGet(46)) - raft.server.log.appender.install.snapshot.enabled = false (custom)
2022-10-14 20:48:33,276 [bbc6add2-54a7-4497-b631-73b4353e40e2@group-6ABA310D950C-LeaderElection21] INFO  impl.RoleInfo (RoleInfo.java:updateAndGet(139)) - bbc6add2-54a7-4497-b631-73b4353e40e2: start bbc6add2-54a7-4497-b631-73b4353e40e2@group-6ABA310D950C-LeaderStateImpl
2022-10-14 20:48:33,276 [bbc6add2-54a7-4497-b631-73b4353e40e2@group-6ABA310D950C-LeaderElection21] INFO  segmented.SegmentedRaftLogWorker (SegmentedRaftLogWorker.java:startLogSegment(425)) - bbc6add2-54a7-4497-b631-73b4353e40e2@group-6ABA310D950C-SegmentedRaftLogWorker: Starting segment from index:0
2022-10-14 20:48:33,278 [bbc6add2-54a7-4497-b631-73b4353e40e2@group-6ABA310D950C-SegmentedRaftLogWorker] INFO  segmented.SegmentedRaftLogWorker (SegmentedRaftLogWorker.java:execute(629)) - bbc6add2-54a7-4497-b631-73b4353e40e2@group-6ABA310D950C-SegmentedRaftLogWorker: created new log segment /home/runner/work/ozone/ozone/hadoop-ozone/integration-test/target/test-dir/MiniOzoneClusterImpl-1e9d71ba-d753-4201-9665-5e97e6b64b9c/datanode-8/data/ratis/30c0c8f2-eedf-4447-b194-6aba310d950c/current/log_inprogress_0
2022-10-14 20:48:33,278 [grpc-default-executor-3] WARN  server.GrpcLogAppender (LogUtils.java:warn(122)) - bbc6add2-54a7-4497-b631-73b4353e40e2@group-6ABA310D950C->a9bc3d00-95be-4d99-8dcc-adc6824489fa-AppendLogResponseHandler: Failed appendEntries: org.apache.ratis.thirdparty.io.grpc.StatusRuntimeException: UNAVAILABLE: io exception
2022-10-14 20:48:33,282 [bbc6add2-54a7-4497-b631-73b4353e40e2@group-6ABA310D950C-LeaderElection21] INFO  server.RaftServer$Division (ServerState.java:setRaftConf(393)) - bbc6add2-54a7-4497-b631-73b4353e40e2@group-6ABA310D950C: set configuration 0: [bbc6add2-54a7-4497-b631-73b4353e40e2|rpc:10.1.0.226:45201|dataStream:|priority:1, a9bc3d00-95be-4d99-8dcc-adc6824489fa|rpc:10.1.0.226:41433|dataStream:|priority:0, 16777052-74aa-4e90-8314-2bee1f1d951b|rpc:10.1.0.226:46003|dataStream:|priority:0], old=null
2022-10-14 20:48:33,285 [grpc-default-executor-3] WARN  server.GrpcLogAppender (GrpcLogAppender.java:resetClient(111)) - bbc6add2-54a7-4497-b631-73b4353e40e2@group-6ABA310D950C->a9bc3d00-95be-4d99-8dcc-adc6824489fa-GrpcLogAppender: Leader has not got in touch with Follower bbc6add2-54a7-4497-b631-73b4353e40e2@group-6ABA310D950C->a9bc3d00-95be-4d99-8dcc-adc6824489fa(c-1,m0,n0, attendVote=true, lastRpcSendTime=5, lastRpcResponseTime=5213) yet, just keep nextIndex unchanged and retry.
2022-10-14 20:48:33,287 [grpc-default-executor-2] WARN  server.GrpcLogAppender (LogUtils.java:warn(122)) - bbc6add2-54a7-4497-b631-73b4353e40e2@group-6ABA310D950C->a9bc3d00-95be-4d99-8dcc-adc6824489fa-AppendLogResponseHandler: Failed appendEntries: org.apache.ratis.thirdparty.io.grpc.StatusRuntimeException: UNAVAILABLE: io exception
2022-10-14 20:48:33,290 [grpc-default-executor-2] WARN  server.GrpcLogAppender (GrpcLogAppender.java:resetClient(111)) - bbc6add2-54a7-4497-b631-73b4353e40e2@group-6ABA310D950C->a9bc3d00-95be-4d99-8dcc-adc6824489fa-GrpcLogAppender: Leader has not got in touch with Follower bbc6add2-54a7-4497-b631-73b4353e40e2@group-6ABA310D950C->a9bc3d00-95be-4d99-8dcc-adc6824489fa(c-1,m0,n1, attendVote=true, lastRpcSendTime=3, lastRpcResponseTime=5218) yet, just keep nextIndex unchanged and retry.
2022-10-14 20:48:33,293 [16777052-74aa-4e90-8314-2bee1f1d951b-server-thread1] INFO  ratis.XceiverServerRatis (XceiverServerRatis.java:handleLeaderChangedNotification(863)) - Leader change notification received for group: group-6ABA310D950C with new leaderId: bbc6add2-54a7-4497-b631-73b4353e40e2
2022-10-14 20:48:33,293 [16777052-74aa-4e90-8314-2bee1f1d951b-server-thread1] INFO  server.RaftServer$Division (ServerState.java:setLeader(287)) - 16777052-74aa-4e90-8314-2bee1f1d951b@group-6ABA310D950C: change Leader from null to bbc6add2-54a7-4497-b631-73b4353e40e2 at term 2 for appendEntries, leader elected after 10183ms
2022-10-14 20:48:33,296 [16777052-74aa-4e90-8314-2bee1f1d951b-server-thread1] INFO  server.RaftServer$Division (ServerState.java:setRaftConf(393)) - 16777052-74aa-4e90-8314-2bee1f1d951b@group-6ABA310D950C: set configuration 0: [bbc6add2-54a7-4497-b631-73b4353e40e2|rpc:10.1.0.226:45201|dataStream:|priority:1, a9bc3d00-95be-4d99-8dcc-adc6824489fa|rpc:10.1.0.226:41433|dataStream:|priority:0, 16777052-74aa-4e90-8314-2bee1f1d951b|rpc:10.1.0.226:46003|dataStream:|priority:0], old=null
2022-10-14 20:48:33,297 [16777052-74aa-4e90-8314-2bee1f1d951b-server-thread1] INFO  segmented.SegmentedRaftLogWorker (SegmentedRaftLogWorker.java:startLogSegment(425)) - 16777052-74aa-4e90-8314-2bee1f1d951b@group-6ABA310D950C-SegmentedRaftLogWorker: Starting segment from index:0
2022-10-14 20:48:33,299 [16777052-74aa-4e90-8314-2bee1f1d951b@group-6ABA310D950C-SegmentedRaftLogWorker] INFO  segmented.SegmentedRaftLogWorker (SegmentedRaftLogWorker.java:execute(629)) - 16777052-74aa-4e90-8314-2bee1f1d951b@group-6ABA310D950C-SegmentedRaftLogWorker: created new log segment /home/runner/work/ozone/ozone/hadoop-ozone/integration-test/target/test-dir/MiniOzoneClusterImpl-1e9d71ba-d753-4201-9665-5e97e6b64b9c/datanode-6/data/ratis/30c0c8f2-eedf-4447-b194-6aba310d950c/current/log_inprogress_0
2022-10-14 20:48:33,779 [Command processor thread] INFO  keyvalue.KeyValueContainer (KeyValueContainer.java:flushAndSyncDB(436)) - Container 1 is synced with bcsId 0.
2022-10-14 20:48:33,779 [Command processor thread] INFO  keyvalue.KeyValueContainer (KeyValueContainer.java:flushAndSyncDB(436)) - Container 1 is synced with bcsId 0.
2022-10-14 20:48:33,786 [Command processor thread] INFO  keyvalue.KeyValueContainer (KeyValueContainer.java:close(351)) - Container 1 is closed with bcsId 0.
2022-10-14 20:48:33,788 [FixedThreadPoolWithAffinityExecutor-8-0] INFO  container.IncrementalContainerReportHandler (AbstractContainerReportHandler.java:updateContainerState(292)) - Moving container #1 to CLOSED state, datanode 3c897dd6-f9a8-4587-816d-4b361cef56f3{ip: 10.1.0.226, host: fv-az459-990.msq0az1vewme3jsxyslsv0htic.jx.internal.cloudapp.net, ports: [REPLICATION=34751, RATIS=39577, RATIS_ADMIN=39577, RATIS_SERVER=39577, STANDALONE=41121], networkLocation: /default-rack, certSerialId: null, persistedOpState: IN_SERVICE, persistedOpStateExpiryEpochSec: 0} reported CLOSED replica.
2022-10-14 20:48:33,794 [Listener at 127.0.0.1/41743] INFO  replication.ReplicationManager (ReplicationManager.java:stop(257)) - Stopping Replication Monitor Thread.
2022-10-14 20:48:33,794 [Under Replicated Processor] WARN  replication.UnderReplicatedProcessor (UnderReplicatedProcessor.java:run(148)) - Under Replicated Processor interrupted. Exiting...
2022-10-14 20:48:33,794 [Over Replicated Processor] WARN  replication.OverReplicatedProcessor (OverReplicatedProcessor.java:run(137)) - Over Replicated Processor interrupted. Exiting...
2022-10-14 20:48:33,795 [ReplicationMonitor] INFO  replication.ReplicationManager (ReplicationManager.java:run(509)) - Replication Monitor Thread is stopped
2022-10-14 20:48:34,531 [grpc-default-executor-4] WARN  server.GrpcLogAppender (LogUtils.java:warn(122)) - bbc6add2-54a7-4497-b631-73b4353e40e2@group-6ABA310D950C->a9bc3d00-95be-4d99-8dcc-adc6824489fa-AppendLogResponseHandler: Failed appendEntries: org.apache.ratis.thirdparty.io.grpc.StatusRuntimeException: UNAVAILABLE: io exception
2022-10-14 20:48:34,532 [grpc-default-executor-4] WARN  server.GrpcLogAppender (GrpcLogAppender.java:resetClient(111)) - bbc6add2-54a7-4497-b631-73b4353e40e2@group-6ABA310D950C->a9bc3d00-95be-4d99-8dcc-adc6824489fa-GrpcLogAppender: Leader has not got in touch with Follower bbc6add2-54a7-4497-b631-73b4353e40e2@group-6ABA310D950C->a9bc3d00-95be-4d99-8dcc-adc6824489fa(c-1,m0,n1, attendVote=true, lastRpcSendTime=1, lastRpcResponseTime=6460) yet, just keep nextIndex unchanged and retry.
2022-10-14 20:48:34,769 [EventQueue-DeadNodeForDeadNodeHandler] INFO  node.DeadNodeHandler (DeadNodeHandler.java:onMessage(81)) - A dead datanode is detected. a9bc3d00-95be-4d99-8dcc-adc6824489fa{ip: 10.1.0.226, host: fv-az459-990.msq0az1vewme3jsxyslsv0htic.jx.internal.cloudapp.net, ports: [REPLICATION=38691, RATIS=41433, RATIS_ADMIN=41433, RATIS_SERVER=41433, STANDALONE=39903], networkLocation: /default-rack, certSerialId: null, persistedOpState: IN_SERVICE, persistedOpStateExpiryEpochSec: 0}
2022-10-14 20:48:34,770 [EventQueue-DeadNodeForDeadNodeHandler] INFO  pipeline.RatisPipelineProvider (RatisPipelineProvider.java:lambda$close$1(244)) - Send pipeline:PipelineID=ba104055-b9d1-4973-be08-2538328d853e close command to datanode a9bc3d00-95be-4d99-8dcc-adc6824489fa
2022-10-14 20:48:34,772 [EventQueue-DeadNodeForDeadNodeHandler] INFO  pipeline.PipelineStateManagerImpl (PipelineStateManagerImpl.java:removePipeline(245)) - Pipeline Pipeline[ Id: ba104055-b9d1-4973-be08-2538328d853e, Nodes: a9bc3d00-95be-4d99-8dcc-adc6824489fa{ip: 10.1.0.226, host: fv-az459-990.msq0az1vewme3jsxyslsv0htic.jx.internal.cloudapp.net, ports: [REPLICATION=38691, RATIS=41433, RATIS_ADMIN=41433, RATIS_SERVER=41433, STANDALONE=39903], networkLocation: /default-rack, certSerialId: null, persistedOpState: IN_SERVICE, persistedOpStateExpiryEpochSec: 0}, ReplicationConfig: RATIS/ONE, State:CLOSED, leaderId:a9bc3d00-95be-4d99-8dcc-adc6824489fa, CreationTimestamp2022-10-14T20:48:20.377Z[Etc/UTC]] removed.
2022-10-14 20:48:34,772 [EventQueue-DeadNodeForDeadNodeHandler] INFO  pipeline.RatisPipelineProvider (RatisPipelineProvider.java:lambda$close$1(244)) - Send pipeline:PipelineID=30c0c8f2-eedf-4447-b194-6aba310d950c close command to datanode a9bc3d00-95be-4d99-8dcc-adc6824489fa
2022-10-14 20:48:34,772 [EventQueue-DeadNodeForDeadNodeHandler] INFO  pipeline.RatisPipelineProvider (RatisPipelineProvider.java:lambda$close$1(244)) - Send pipeline:PipelineID=30c0c8f2-eedf-4447-b194-6aba310d950c close command to datanode bbc6add2-54a7-4497-b631-73b4353e40e2
2022-10-14 20:48:34,772 [EventQueue-DeadNodeForDeadNodeHandler] INFO  pipeline.RatisPipelineProvider (RatisPipelineProvider.java:lambda$close$1(244)) - Send pipeline:PipelineID=30c0c8f2-eedf-4447-b194-6aba310d950c close command to datanode 16777052-74aa-4e90-8314-2bee1f1d951b
2022-10-14 20:48:34,773 [EventQueue-DeadNodeForDeadNodeHandler] INFO  pipeline.PipelineStateManagerImpl (PipelineStateManagerImpl.java:removePipeline(245)) - Pipeline Pipeline[ Id: 30c0c8f2-eedf-4447-b194-6aba310d950c, Nodes: a9bc3d00-95be-4d99-8dcc-adc6824489fa{ip: 10.1.0.226, host: fv-az459-990.msq0az1vewme3jsxyslsv0htic.jx.internal.cloudapp.net, ports: [REPLICATION=38691, RATIS=41433, RATIS_ADMIN=41433, RATIS_SERVER=41433, STANDALONE=39903], networkLocation: /default-rack, certSerialId: null, persistedOpState: IN_SERVICE, persistedOpStateExpiryEpochSec: 0}bbc6add2-54a7-4497-b631-73b4353e40e2{ip: 10.1.0.226, host: fv-az459-990.msq0az1vewme3jsxyslsv0htic.jx.internal.cloudapp.net, ports: [REPLICATION=39023, RATIS=45201, RATIS_ADMIN=45201, RATIS_SERVER=45201, STANDALONE=37057], networkLocation: /default-rack, certSerialId: null, persistedOpState: IN_SERVICE, persistedOpStateExpiryEpochSec: 0}16777052-74aa-4e90-8314-2bee1f1d951b{ip: 10.1.0.226, host: fv-az459-990.msq0az1vewme3jsxyslsv0htic.jx.internal.cloudapp.net, ports: [REPLICATION=45667, RATIS=46003, RATIS_ADMIN=46003, RATIS_SERVER=46003, STANDALONE=45747], networkLocation: /default-rack, certSerialId: null, persistedOpState: IN_SERVICE, persistedOpStateExpiryEpochSec: 0}, ReplicationConfig: RATIS/THREE, State:CLOSED, leaderId:bbc6add2-54a7-4497-b631-73b4353e40e2, CreationTimestamp2022-10-14T20:48:20.788Z[Etc/UTC]] removed.
2022-10-14 20:48:34,780 [EventQueue-DeadNodeForDeadNodeHandler] INFO  pipeline.RatisPipelineProvider (RatisPipelineProvider.java:lambda$close$1(244)) - Send pipeline:PipelineID=706880b3-f140-4604-a16e-9df102291914 close command to datanode a9bc3d00-95be-4d99-8dcc-adc6824489fa
2022-10-14 20:48:34,780 [EventQueue-DeadNodeForDeadNodeHandler] INFO  pipeline.RatisPipelineProvider (RatisPipelineProvider.java:lambda$close$1(244)) - Send pipeline:PipelineID=706880b3-f140-4604-a16e-9df102291914 close command to datanode 16777052-74aa-4e90-8314-2bee1f1d951b
2022-10-14 20:48:34,780 [EventQueue-DeadNodeForDeadNodeHandler] INFO  pipeline.RatisPipelineProvider (RatisPipelineProvider.java:lambda$close$1(244)) - Send pipeline:PipelineID=706880b3-f140-4604-a16e-9df102291914 close command to datanode bbc6add2-54a7-4497-b631-73b4353e40e2
2022-10-14 20:48:34,780 [EventQueue-DeadNodeForDeadNodeHandler] INFO  pipeline.PipelineStateManagerImpl (PipelineStateManagerImpl.java:removePipeline(245)) - Pipeline Pipeline[ Id: 706880b3-f140-4604-a16e-9df102291914, Nodes: a9bc3d00-95be-4d99-8dcc-adc6824489fa{ip: 10.1.0.226, host: fv-az459-990.msq0az1vewme3jsxyslsv0htic.jx.internal.cloudapp.net, ports: [REPLICATION=38691, RATIS=41433, RATIS_ADMIN=41433, RATIS_SERVER=41433, STANDALONE=39903], networkLocation: /default-rack, certSerialId: null, persistedOpState: IN_SERVICE, persistedOpStateExpiryEpochSec: 0}16777052-74aa-4e90-8314-2bee1f1d951b{ip: 10.1.0.226, host: fv-az459-990.msq0az1vewme3jsxyslsv0htic.jx.internal.cloudapp.net, ports: [REPLICATION=45667, RATIS=46003, RATIS_ADMIN=46003, RATIS_SERVER=46003, STANDALONE=45747], networkLocation: /default-rack, certSerialId: null, persistedOpState: IN_SERVICE, persistedOpStateExpiryEpochSec: 0}bbc6add2-54a7-4497-b631-73b4353e40e2{ip: 10.1.0.226, host: fv-az459-990.msq0az1vewme3jsxyslsv0htic.jx.internal.cloudapp.net, ports: [REPLICATION=39023, RATIS=45201, RATIS_ADMIN=45201, RATIS_SERVER=45201, STANDALONE=37057], networkLocation: /default-rack, certSerialId: null, persistedOpState: IN_SERVICE, persistedOpStateExpiryEpochSec: 0}, ReplicationConfig: RATIS/THREE, State:CLOSED, leaderId:, CreationTimestamp2022-10-14T20:48:20.786Z[Etc/UTC]] removed.
2022-10-14 20:48:34,780 [EventQueue-DeadNodeForDeadNodeHandler] INFO  pipeline.PipelineStateManagerImpl (PipelineStateManagerImpl.java:removePipeline(245)) - Pipeline Pipeline[ Id: 04515ef2-be88-4736-85b8-0f660d595d05, Nodes: a9bc3d00-95be-4d99-8dcc-adc6824489fa{ip: 10.1.0.226, host: fv-az459-990.msq0az1vewme3jsxyslsv0htic.jx.internal.cloudapp.net, ports: [REPLICATION=38691, RATIS=41433, RATIS_ADMIN=41433, RATIS_SERVER=41433, STANDALONE=39903], networkLocation: /default-rack, certSerialId: null, persistedOpState: null, persistedOpStateExpiryEpochSec: 0}3c897dd6-f9a8-4587-816d-4b361cef56f3{ip: 10.1.0.226, host: fv-az459-990.msq0az1vewme3jsxyslsv0htic.jx.internal.cloudapp.net, ports: [REPLICATION=34751, RATIS=39577, RATIS_ADMIN=39577, RATIS_SERVER=39577, STANDALONE=41121], networkLocation: /default-rack, certSerialId: null, persistedOpState: null, persistedOpStateExpiryEpochSec: 0}b5e52be0-4491-4e69-96e1-10d94051f40c{ip: 10.1.0.226, host: fv-az459-990.msq0az1vewme3jsxyslsv0htic.jx.internal.cloudapp.net, ports: [REPLICATION=33805, RATIS=37041, RATIS_ADMIN=37041, RATIS_SERVER=37041, STANDALONE=41241], networkLocation: /default-rack, certSerialId: null, persistedOpState: null, persistedOpStateExpiryEpochSec: 0}e247b98c-9a86-486e-b3b1-fa195c9418a4{ip: 10.1.0.226, host: fv-az459-990.msq0az1vewme3jsxyslsv0htic.jx.internal.cloudapp.net, ports: [REPLICATION=36665, RATIS=46677, RATIS_ADMIN=46677, RATIS_SERVER=46677, STANDALONE=36511], networkLocation: /default-rack, certSerialId: null, persistedOpState: null, persistedOpStateExpiryEpochSec: 0}16777052-74aa-4e90-8314-2bee1f1d951b{ip: 10.1.0.226, host: fv-az459-990.msq0az1vewme3jsxyslsv0htic.jx.internal.cloudapp.net, ports: [REPLICATION=45667, RATIS=46003, RATIS_ADMIN=46003, RATIS_SERVER=46003, STANDALONE=45747], networkLocation: /default-rack, certSerialId: null, persistedOpState: null, persistedOpStateExpiryEpochSec: 0}, ReplicationConfig: EC/ECReplicationConfig{data=3, parity=2, ecChunkSize=1024, codec=rs}, State:CLOSED, leaderId:, CreationTimestamp2022-10-14T20:48:28.004Z[Etc/UTC]] removed.
2022-10-14 20:48:34,788 [EventQueue-DeadNodeForDeadNodeHandler] INFO  net.NetworkTopologyImpl (NetworkTopologyImpl.java:remove(190)) - Removed a node: /default-rack/a9bc3d00-95be-4d99-8dcc-adc6824489fa
2022-10-14 20:48:34,809 [Command processor thread] INFO  keyvalue.KeyValueContainer (KeyValueContainer.java:flushAndSyncDB(436)) - Container 1 is synced with bcsId 0.
2022-10-14 20:48:34,817 [Command processor thread] INFO  keyvalue.KeyValueContainer (KeyValueContainer.java:flushAndSyncDB(436)) - Container 1 is synced with bcsId 0.
2022-10-14 20:48:34,823 [Command processor thread] INFO  keyvalue.KeyValueContainer (KeyValueContainer.java:close(351)) - Container 1 is closed with bcsId 0.
2022-10-14 20:48:34,830 [Command processor thread] INFO  keyvalue.KeyValueContainer (KeyValueContainer.java:flushAndSyncDB(436)) - Container 1 is synced with bcsId 0.
2022-10-14 20:48:34,830 [Command processor thread] INFO  keyvalue.KeyValueContainer (KeyValueContainer.java:flushAndSyncDB(436)) - Container 1 is synced with bcsId 0.
2022-10-14 20:48:34,834 [Command processor thread] INFO  keyvalue.KeyValueContainer (KeyValueContainer.java:close(351)) - Container 1 is closed with bcsId 0.
2022-10-14 20:48:34,873 [Listener at 127.0.0.1/41743] INFO  replication.ReplicationManager (ReplicationManager.java:start(223)) - Starting Replication Monitor Thread.
2022-10-14 20:48:34,874 [Command processor thread] INFO  keyvalue.KeyValueContainer (KeyValueContainer.java:flushAndSyncDB(436)) - Container 1 is synced with bcsId 0.
2022-10-14 20:48:34,875 [Command processor thread] INFO  keyvalue.KeyValueContainer (KeyValueContainer.java:flushAndSyncDB(436)) - Container 1 is synced with bcsId 0.
2022-10-14 20:48:34,882 [Over Replicated Processor] INFO  replication.OverReplicatedProcessor (OverReplicatedProcessor.java:processAll(90)) - Processed 0 over replicated containers, failed processing 0
2022-10-14 20:48:34,882 [Command processor thread] INFO  keyvalue.KeyValueContainer (KeyValueContainer.java:close(351)) - Container 1 is closed with bcsId 0.
2022-10-14 20:48:34,887 [ReplicationMonitor] INFO  replication.ReplicationManager (ReplicationManager.java:sendCloseContainerReplicaCommand(467)) - Sending close container command for container #1 to datanode b5e52be0-4491-4e69-96e1-10d94051f40c{ip: 10.1.0.226, host: fv-az459-990.msq0az1vewme3jsxyslsv0htic.jx.internal.cloudapp.net, ports: [REPLICATION=33805, RATIS=37041, RATIS_ADMIN=37041, RATIS_SERVER=37041, STANDALONE=41241], networkLocation: /default-rack, certSerialId: null, persistedOpState: IN_SERVICE, persistedOpStateExpiryEpochSec: 0}.
2022-10-14 20:48:34,887 [ReplicationMonitor] INFO  replication.ReplicationManager (ReplicationManager.java:processAll(324)) - Replication Monitor Thread took 2 milliseconds for processing 1 containers.
2022-10-14 20:48:34,888 [Under Replicated Processor] INFO  replication.UnderReplicatedProcessor (UnderReplicatedProcessor.java:processAll(92)) - Processed 0 under replicated containers, failed processing 0
2022-10-14 20:48:35,781 [grpc-default-executor-2] WARN  server.GrpcLogAppender (LogUtils.java:warn(122)) - bbc6add2-54a7-4497-b631-73b4353e40e2@group-6ABA310D950C->a9bc3d00-95be-4d99-8dcc-adc6824489fa-AppendLogResponseHandler: Failed appendEntries: org.apache.ratis.thirdparty.io.grpc.StatusRuntimeException: UNAVAILABLE: io exception
2022-10-14 20:48:35,782 [grpc-default-executor-2] WARN  server.GrpcLogAppender (GrpcLogAppender.java:resetClient(111)) - bbc6add2-54a7-4497-b631-73b4353e40e2@group-6ABA310D950C->a9bc3d00-95be-4d99-8dcc-adc6824489fa-GrpcLogAppender: Leader has not got in touch with Follower bbc6add2-54a7-4497-b631-73b4353e40e2@group-6ABA310D950C->a9bc3d00-95be-4d99-8dcc-adc6824489fa(c-1,m0,n1, attendVote=true, lastRpcSendTime=1, lastRpcResponseTime=7710) yet, just keep nextIndex unchanged and retry.
2022-10-14 20:48:36,271 [Command processor thread] INFO  server.RaftServer (RaftServerProxy.java:remove(107)) - bbc6add2-54a7-4497-b631-73b4353e40e2: remove    LEADER bbc6add2-54a7-4497-b631-73b4353e40e2@group-6ABA310D950C:t2, leader=bbc6add2-54a7-4497-b631-73b4353e40e2, voted=bbc6add2-54a7-4497-b631-73b4353e40e2, raftlog=bbc6add2-54a7-4497-b631-73b4353e40e2@group-6ABA310D950C-SegmentedRaftLog:OPENED:c0, conf=0: [bbc6add2-54a7-4497-b631-73b4353e40e2|rpc:10.1.0.226:45201|dataStream:|priority:1, a9bc3d00-95be-4d99-8dcc-adc6824489fa|rpc:10.1.0.226:41433|dataStream:|priority:0, 16777052-74aa-4e90-8314-2bee1f1d951b|rpc:10.1.0.226:46003|dataStream:|priority:0], old=null RUNNING
2022-10-14 20:48:36,275 [Command processor thread] INFO  server.RaftServer$Division (RaftServerImpl.java:lambda$close$4(434)) - bbc6add2-54a7-4497-b631-73b4353e40e2@group-6ABA310D950C: shutdown
2022-10-14 20:48:36,275 [Command processor thread] INFO  util.JmxRegister (JmxRegister.java:unregister(73)) - Successfully un-registered JMX Bean with object name Ratis:service=RaftServer,group=group-6ABA310D950C,id=bbc6add2-54a7-4497-b631-73b4353e40e2
2022-10-14 20:48:36,276 [Command processor thread] INFO  impl.RoleInfo (RoleInfo.java:shutdownLeaderState(93)) - bbc6add2-54a7-4497-b631-73b4353e40e2: shutdown bbc6add2-54a7-4497-b631-73b4353e40e2@group-6ABA310D950C-LeaderStateImpl
2022-10-14 20:48:36,276 [bbc6add2-54a7-4497-b631-73b4353e40e2@group-6ABA310D950C->16777052-74aa-4e90-8314-2bee1f1d951b-GrpcLogAppender-LogAppenderDaemon] WARN  server.GrpcLogAppender (GrpcLogAppender.java:mayWait(171)) - bbc6add2-54a7-4497-b631-73b4353e40e2@group-6ABA310D950C->16777052-74aa-4e90-8314-2bee1f1d951b-GrpcLogAppender: Wait interrupted by java.lang.InterruptedException
2022-10-14 20:48:36,277 [Command processor thread] INFO  impl.PendingRequests (PendingRequests.java:sendNotLeaderResponses(282)) - bbc6add2-54a7-4497-b631-73b4353e40e2@group-6ABA310D950C-PendingRequests: sendNotLeaderResponses
2022-10-14 20:48:36,279 [Command processor thread] INFO  impl.StateMachineUpdater (StateMachineUpdater.java:stopAndJoin(153)) - bbc6add2-54a7-4497-b631-73b4353e40e2@group-6ABA310D950C-StateMachineUpdater: set stopIndex = 0
2022-10-14 20:48:36,279 [bbc6add2-54a7-4497-b631-73b4353e40e2@group-6ABA310D950C-StateMachineUpdater] INFO  ratis.ContainerStateMachine (ContainerStateMachine.java:takeSnapshot(304)) - group-6ABA310D950C: Taking a snapshot at:(t:2, i:0) file /home/runner/work/ozone/ozone/hadoop-ozone/integration-test/target/test-dir/MiniOzoneClusterImpl-1e9d71ba-d753-4201-9665-5e97e6b64b9c/datanode-8/data/ratis/30c0c8f2-eedf-4447-b194-6aba310d950c/sm/snapshot.2_0
2022-10-14 20:48:36,280 [bbc6add2-54a7-4497-b631-73b4353e40e2@group-6ABA310D950C-StateMachineUpdater] INFO  ratis.ContainerStateMachine (ContainerStateMachine.java:takeSnapshot(315)) - group-6ABA310D950C: Finished taking a snapshot at:(t:2, i:0) file:/home/runner/work/ozone/ozone/hadoop-ozone/integration-test/target/test-dir/MiniOzoneClusterImpl-1e9d71ba-d753-4201-9665-5e97e6b64b9c/datanode-8/data/ratis/30c0c8f2-eedf-4447-b194-6aba310d950c/sm/snapshot.2_0 took: 1 ms
2022-10-14 20:48:36,281 [bbc6add2-54a7-4497-b631-73b4353e40e2@group-6ABA310D950C-StateMachineUpdater] INFO  impl.StateMachineUpdater (StateMachineUpdater.java:takeSnapshot(287)) - bbc6add2-54a7-4497-b631-73b4353e40e2@group-6ABA310D950C-StateMachineUpdater: Took a snapshot at index 0
2022-10-14 20:48:36,281 [bbc6add2-54a7-4497-b631-73b4353e40e2@group-6ABA310D950C-StateMachineUpdater] INFO  impl.StateMachineUpdater (StateMachineUpdater.java:lambda$new$0(92)) - bbc6add2-54a7-4497-b631-73b4353e40e2@group-6ABA310D950C-StateMachineUpdater: snapshotIndex: updateIncreasingly -1 -> 0
2022-10-14 20:48:36,281 [grpc-default-executor-4] INFO  server.GrpcServerProtocolService (GrpcServerProtocolService.java:onCompleted(140)) - 16777052-74aa-4e90-8314-2bee1f1d951b: Completed APPEND_ENTRIES, lastRequest: bbc6add2-54a7-4497-b631-73b4353e40e2->16777052-74aa-4e90-8314-2bee1f1d951b#1-t2,previous=(t:0, i:0),leaderCommit=0,initializing? true,entries: size=1, first=(t:2, i:0), CONFIGURATIONENTRY
2022-10-14 20:48:36,282 [grpc-default-executor-2] INFO  server.GrpcLogAppender (GrpcLogAppender.java:onCompleted(339)) - bbc6add2-54a7-4497-b631-73b4353e40e2@group-6ABA310D950C->16777052-74aa-4e90-8314-2bee1f1d951b-AppendLogResponseHandler: follower responses appendEntries COMPLETED
2022-10-14 20:48:36,282 [grpc-default-executor-2] INFO  leader.FollowerInfo (FollowerInfoImpl.java:lambda$new$0(48)) - bbc6add2-54a7-4497-b631-73b4353e40e2@group-6ABA310D950C->16777052-74aa-4e90-8314-2bee1f1d951b: nextIndex: updateUnconditionally 1 -> 0
2022-10-14 20:48:36,283 [Command processor thread] INFO  server.RaftServer$Division (ServerState.java:close(429)) - bbc6add2-54a7-4497-b631-73b4353e40e2@group-6ABA310D950C: closes. applyIndex: 0
2022-10-14 20:48:36,283 [bbc6add2-54a7-4497-b631-73b4353e40e2@group-6ABA310D950C-SegmentedRaftLogWorker] INFO  segmented.SegmentedRaftLogWorker (SegmentedRaftLogWorker.java:run(336)) - bbc6add2-54a7-4497-b631-73b4353e40e2@group-6ABA310D950C-SegmentedRaftLogWorker was interrupted, exiting. There are 0 tasks remaining in the queue.
2022-10-14 20:48:36,285 [Command processor thread] INFO  segmented.SegmentedRaftLogWorker (SegmentedRaftLogWorker.java:close(246)) - bbc6add2-54a7-4497-b631-73b4353e40e2@group-6ABA310D950C-SegmentedRaftLogWorker close()
2022-10-14 20:48:36,290 [Command processor thread] INFO  server.RaftServer$Division (RaftServerImpl.java:groupRemove(404)) - bbc6add2-54a7-4497-b631-73b4353e40e2@group-6ABA310D950C: Succeed to remove RaftStorageDirectory Storage Directory /home/runner/work/ozone/ozone/hadoop-ozone/integration-test/target/test-dir/MiniOzoneClusterImpl-1e9d71ba-d753-4201-9665-5e97e6b64b9c/datanode-8/data/ratis/30c0c8f2-eedf-4447-b194-6aba310d950c
2022-10-14 20:48:36,290 [Command processor thread] INFO  commandhandler.ClosePipelineCommandHandler (ClosePipelineCommandHandler.java:handle(78)) - Close Pipeline PipelineID=30c0c8f2-eedf-4447-b194-6aba310d950c command on datanode bbc6add2-54a7-4497-b631-73b4353e40e2.
2022-10-14 20:48:36,291 [Command processor thread] INFO  server.RaftServer (RaftServerProxy.java:remove(107)) - bbc6add2-54a7-4497-b631-73b4353e40e2: remove  FOLLOWER bbc6add2-54a7-4497-b631-73b4353e40e2@group-9DF102291914:t2, leader=null, voted=bbc6add2-54a7-4497-b631-73b4353e40e2, raftlog=bbc6add2-54a7-4497-b631-73b4353e40e2@group-9DF102291914-SegmentedRaftLog:OPENED:c-1, conf=-1: [bbc6add2-54a7-4497-b631-73b4353e40e2|rpc:10.1.0.226:45201|dataStream:|priority:0, a9bc3d00-95be-4d99-8dcc-adc6824489fa|rpc:10.1.0.226:41433|dataStream:|priority:0, 16777052-74aa-4e90-8314-2bee1f1d951b|rpc:10.1.0.226:46003|dataStream:|priority:1], old=null RUNNING
2022-10-14 20:48:36,291 [Command processor thread] INFO  server.RaftServer$Division (RaftServerImpl.java:lambda$close$4(434)) - bbc6add2-54a7-4497-b631-73b4353e40e2@group-9DF102291914: shutdown
2022-10-14 20:48:36,291 [Command processor thread] INFO  util.JmxRegister (JmxRegister.java:unregister(73)) - Successfully un-registered JMX Bean with object name Ratis:service=RaftServer,group=group-9DF102291914,id=bbc6add2-54a7-4497-b631-73b4353e40e2
2022-10-14 20:48:36,291 [Command processor thread] INFO  impl.RoleInfo (RoleInfo.java:shutdownFollowerState(110)) - bbc6add2-54a7-4497-b631-73b4353e40e2: shutdown bbc6add2-54a7-4497-b631-73b4353e40e2@group-9DF102291914-FollowerState
2022-10-14 20:48:36,291 [bbc6add2-54a7-4497-b631-73b4353e40e2@group-9DF102291914-FollowerState] INFO  impl.FollowerState (FollowerState.java:run(152)) - bbc6add2-54a7-4497-b631-73b4353e40e2@group-9DF102291914-FollowerState was interrupted
2022-10-14 20:48:36,292 [Command processor thread] INFO  impl.StateMachineUpdater (StateMachineUpdater.java:stopAndJoin(153)) - bbc6add2-54a7-4497-b631-73b4353e40e2@group-9DF102291914-StateMachineUpdater: set stopIndex = -1
2022-10-14 20:48:36,292 [Command processor thread] INFO  server.RaftServer$Division (ServerState.java:close(429)) - bbc6add2-54a7-4497-b631-73b4353e40e2@group-9DF102291914: closes. applyIndex: -1
2022-10-14 20:48:36,292 [bbc6add2-54a7-4497-b631-73b4353e40e2@group-9DF102291914-SegmentedRaftLogWorker] INFO  segmented.SegmentedRaftLogWorker (SegmentedRaftLogWorker.java:run(336)) - bbc6add2-54a7-4497-b631-73b4353e40e2@group-9DF102291914-SegmentedRaftLogWorker was interrupted, exiting. There are 0 tasks remaining in the queue.
2022-10-14 20:48:36,292 [Command processor thread] INFO  segmented.SegmentedRaftLogWorker (SegmentedRaftLogWorker.java:close(246)) - bbc6add2-54a7-4497-b631-73b4353e40e2@group-9DF102291914-SegmentedRaftLogWorker close()
2022-10-14 20:48:36,294 [Command processor thread] INFO  server.RaftServer$Division (RaftServerImpl.java:groupRemove(404)) - bbc6add2-54a7-4497-b631-73b4353e40e2@group-9DF102291914: Succeed to remove RaftStorageDirectory Storage Directory /home/runner/work/ozone/ozone/hadoop-ozone/integration-test/target/test-dir/MiniOzoneClusterImpl-1e9d71ba-d753-4201-9665-5e97e6b64b9c/datanode-8/data/ratis/706880b3-f140-4604-a16e-9df102291914
2022-10-14 20:48:36,294 [Command processor thread] INFO  commandhandler.ClosePipelineCommandHandler (ClosePipelineCommandHandler.java:handle(78)) - Close Pipeline PipelineID=706880b3-f140-4604-a16e-9df102291914 command on datanode bbc6add2-54a7-4497-b631-73b4353e40e2.
2022-10-14 20:48:36,502 [8b5383b3-e7bf-4722-baeb-dd5c06b347e3@group-2ECA46B087C1-FollowerState] INFO  impl.FollowerState (FollowerState.java:run(143)) - 8b5383b3-e7bf-4722-baeb-dd5c06b347e3@group-2ECA46B087C1-FollowerState: change to CANDIDATE, lastRpcElapsedTime:5012405147ns, electionTimeout:5010ms
2022-10-14 20:48:36,502 [8b5383b3-e7bf-4722-baeb-dd5c06b347e3@group-2ECA46B087C1-FollowerState] INFO  impl.RoleInfo (RoleInfo.java:shutdownFollowerState(110)) - 8b5383b3-e7bf-4722-baeb-dd5c06b347e3: shutdown 8b5383b3-e7bf-4722-baeb-dd5c06b347e3@group-2ECA46B087C1-FollowerState
2022-10-14 20:48:36,503 [8b5383b3-e7bf-4722-baeb-dd5c06b347e3@group-2ECA46B087C1-FollowerState] INFO  server.RaftServer$Division (RaftServerImpl.java:setRole(299)) - 8b5383b3-e7bf-4722-baeb-dd5c06b347e3@group-2ECA46B087C1: changes role from  FOLLOWER to CANDIDATE at term 2 for changeToCandidate
2022-10-14 20:48:36,503 [8b5383b3-e7bf-4722-baeb-dd5c06b347e3@group-2ECA46B087C1-FollowerState] INFO  server.RaftServerConfigKeys (ConfUtils.java:logGet(46)) - raft.server.leaderelection.pre-vote = false (custom)
2022-10-14 20:48:36,503 [8b5383b3-e7bf-4722-baeb-dd5c06b347e3@group-2ECA46B087C1-FollowerState] INFO  impl.RoleInfo (RoleInfo.java:updateAndGet(139)) - 8b5383b3-e7bf-4722-baeb-dd5c06b347e3: start 8b5383b3-e7bf-4722-baeb-dd5c06b347e3@group-2ECA46B087C1-LeaderElection23
2022-10-14 20:48:36,506 [8b5383b3-e7bf-4722-baeb-dd5c06b347e3@group-2ECA46B087C1-LeaderElection23] INFO  impl.LeaderElection (LeaderElection.java:askForVotes(310)) - 8b5383b3-e7bf-4722-baeb-dd5c06b347e3@group-2ECA46B087C1-LeaderElection23 ELECTION round 0: submit vote requests at term 3 for -1: [e247b98c-9a86-486e-b3b1-fa195c9418a4|rpc:10.1.0.226:46677|priority:0, 8b5383b3-e7bf-4722-baeb-dd5c06b347e3|rpc:10.1.0.226:34173|priority:1, b5e52be0-4491-4e69-96e1-10d94051f40c|rpc:10.1.0.226:37041|priority:0], old=null
2022-10-14 20:48:36,513 [grpc-default-executor-4] INFO  server.RaftServer$Division (RaftServerImpl.java:requestVote(1152)) - b5e52be0-4491-4e69-96e1-10d94051f40c@group-2ECA46B087C1: receive requestVote(ELECTION, 8b5383b3-e7bf-4722-baeb-dd5c06b347e3, group-2ECA46B087C1, 3, (t:0, i:0))
2022-10-14 20:48:36,513 [grpc-default-executor-4] INFO  impl.VoteContext (VoteContext.java:log(48)) - b5e52be0-4491-4e69-96e1-10d94051f40c@group-2ECA46B087C1-FOLLOWER: accept ELECTION from 8b5383b3-e7bf-4722-baeb-dd5c06b347e3: our priority 0 <= candidate's priority 1
2022-10-14 20:48:36,513 [grpc-default-executor-4] INFO  server.RaftServer$Division (RaftServerImpl.java:setRole(299)) - b5e52be0-4491-4e69-96e1-10d94051f40c@group-2ECA46B087C1: changes role from  FOLLOWER to FOLLOWER at term 3 for candidate:8b5383b3-e7bf-4722-baeb-dd5c06b347e3
2022-10-14 20:48:36,513 [grpc-default-executor-4] INFO  impl.RoleInfo (RoleInfo.java:shutdownFollowerState(110)) - b5e52be0-4491-4e69-96e1-10d94051f40c: shutdown b5e52be0-4491-4e69-96e1-10d94051f40c@group-2ECA46B087C1-FollowerState
2022-10-14 20:48:36,513 [grpc-default-executor-4] INFO  impl.RoleInfo (RoleInfo.java:updateAndGet(139)) - b5e52be0-4491-4e69-96e1-10d94051f40c: start b5e52be0-4491-4e69-96e1-10d94051f40c@group-2ECA46B087C1-FollowerState
2022-10-14 20:48:36,513 [b5e52be0-4491-4e69-96e1-10d94051f40c@group-2ECA46B087C1-FollowerState] INFO  impl.FollowerState (FollowerState.java:run(152)) - b5e52be0-4491-4e69-96e1-10d94051f40c@group-2ECA46B087C1-FollowerState was interrupted
2022-10-14 20:48:36,515 [grpc-default-executor-4] INFO  server.RaftServer$Division (RaftServerImpl.java:requestVote(1184)) - b5e52be0-4491-4e69-96e1-10d94051f40c@group-2ECA46B087C1 replies to ELECTION vote request: 8b5383b3-e7bf-4722-baeb-dd5c06b347e3<-b5e52be0-4491-4e69-96e1-10d94051f40c#0:OK-t3. Peer's state: b5e52be0-4491-4e69-96e1-10d94051f40c@group-2ECA46B087C1:t3, leader=null, voted=8b5383b3-e7bf-4722-baeb-dd5c06b347e3, raftlog=b5e52be0-4491-4e69-96e1-10d94051f40c@group-2ECA46B087C1-SegmentedRaftLog:OPENED:c-1, conf=-1: [e247b98c-9a86-486e-b3b1-fa195c9418a4|rpc:10.1.0.226:46677|priority:0, 8b5383b3-e7bf-4722-baeb-dd5c06b347e3|rpc:10.1.0.226:34173|priority:1, b5e52be0-4491-4e69-96e1-10d94051f40c|rpc:10.1.0.226:37041|priority:0], old=null
2022-10-14 20:48:36,517 [8b5383b3-e7bf-4722-baeb-dd5c06b347e3@group-2ECA46B087C1-LeaderElection23] INFO  impl.LeaderElection (LeaderElection.java:logAndReturn(90)) - 8b5383b3-e7bf-4722-baeb-dd5c06b347e3@group-2ECA46B087C1-LeaderElection23: ELECTION PASSED received 1 response(s) and 0 exception(s):
2022-10-14 20:48:36,517 [8b5383b3-e7bf-4722-baeb-dd5c06b347e3@group-2ECA46B087C1-LeaderElection23] INFO  impl.LeaderElection (LeaderElection.java:logAndReturn(94)) -   Response 0: 8b5383b3-e7bf-4722-baeb-dd5c06b347e3<-b5e52be0-4491-4e69-96e1-10d94051f40c#0:OK-t3
2022-10-14 20:48:36,517 [8b5383b3-e7bf-4722-baeb-dd5c06b347e3@group-2ECA46B087C1-LeaderElection23] INFO  impl.LeaderElection (LeaderElection.java:askForVotes(312)) - 8b5383b3-e7bf-4722-baeb-dd5c06b347e3@group-2ECA46B087C1-LeaderElection23 ELECTION round 0: result PASSED
2022-10-14 20:48:36,517 [8b5383b3-e7bf-4722-baeb-dd5c06b347e3@group-2ECA46B087C1-LeaderElection23] INFO  impl.RoleInfo (RoleInfo.java:shutdownLeaderElection(130)) - 8b5383b3-e7bf-4722-baeb-dd5c06b347e3: shutdown 8b5383b3-e7bf-4722-baeb-dd5c06b347e3@group-2ECA46B087C1-LeaderElection23
2022-10-14 20:48:36,517 [8b5383b3-e7bf-4722-baeb-dd5c06b347e3@group-2ECA46B087C1-LeaderElection23] INFO  server.RaftServer$Division (RaftServerImpl.java:setRole(299)) - 8b5383b3-e7bf-4722-baeb-dd5c06b347e3@group-2ECA46B087C1: changes role from CANDIDATE to LEADER at term 3 for changeToLeader
2022-10-14 20:48:36,517 [8b5383b3-e7bf-4722-baeb-dd5c06b347e3@group-2ECA46B087C1-LeaderElection23] INFO  ratis.XceiverServerRatis (XceiverServerRatis.java:handleLeaderChangedNotification(863)) - Leader change notification received for group: group-2ECA46B087C1 with new leaderId: 8b5383b3-e7bf-4722-baeb-dd5c06b347e3
2022-10-14 20:48:36,517 [8b5383b3-e7bf-4722-baeb-dd5c06b347e3@group-2ECA46B087C1-LeaderElection23] INFO  server.RaftServer$Division (ServerState.java:setLeader(287)) - 8b5383b3-e7bf-4722-baeb-dd5c06b347e3@group-2ECA46B087C1: change Leader from null to 8b5383b3-e7bf-4722-baeb-dd5c06b347e3 at term 3 for becomeLeader, leader elected after 15158ms
2022-10-14 20:48:36,517 [8b5383b3-e7bf-4722-baeb-dd5c06b347e3@group-2ECA46B087C1-LeaderElection23] INFO  server.RaftServerConfigKeys (ConfUtils.java:logGet(46)) - raft.server.staging.catchup.gap = 1000 (default)
2022-10-14 20:48:36,517 [8b5383b3-e7bf-4722-baeb-dd5c06b347e3@group-2ECA46B087C1-LeaderElection23] INFO  server.RaftServerConfigKeys (ConfUtils.java:logGet(46)) - raft.server.write.element-limit = 1024 (custom)
2022-10-14 20:48:36,517 [8b5383b3-e7bf-4722-baeb-dd5c06b347e3@group-2ECA46B087C1-LeaderElection23] INFO  server.RaftServerConfigKeys (ConfUtils.java:logGet(46)) - raft.server.write.byte-limit = 1024 M (=1073741824) (custom)
2022-10-14 20:48:36,518 [8b5383b3-e7bf-4722-baeb-dd5c06b347e3@group-2ECA46B087C1-LeaderElection23] INFO  server.RaftServerConfigKeys (ConfUtils.java:logGet(46)) - raft.server.watch.timeout = 180s (custom)
2022-10-14 20:48:36,518 [8b5383b3-e7bf-4722-baeb-dd5c06b347e3@group-2ECA46B087C1-LeaderElection23] INFO  server.RaftServerConfigKeys (ConfUtils.java:logGet(46)) - raft.server.watch.timeout.denomination = 1s (default)
2022-10-14 20:48:36,518 [8b5383b3-e7bf-4722-baeb-dd5c06b347e3@group-2ECA46B087C1-LeaderElection23] INFO  server.RaftServerConfigKeys (ConfUtils.java:logGet(46)) - raft.server.watch.element-limit = 65536 (default)
2022-10-14 20:48:36,518 [8b5383b3-e7bf-4722-baeb-dd5c06b347e3@group-2ECA46B087C1-LeaderElection23] INFO  server.RaftServerConfigKeys (ConfUtils.java:logGet(46)) - raft.server.write.element-limit = 1024 (custom)
2022-10-14 20:48:36,518 [8b5383b3-e7bf-4722-baeb-dd5c06b347e3@group-2ECA46B087C1-LeaderElection23] INFO  server.RaftServerConfigKeys (ConfUtils.java:logGet(46)) - raft.server.write.follower.gap.ratio.max = -1.0 (default)
2022-10-14 20:48:36,519 [8b5383b3-e7bf-4722-baeb-dd5c06b347e3@group-2ECA46B087C1-LeaderElection23] INFO  server.RaftServerConfigKeys (ConfUtils.java:logGet(46)) - raft.server.log.appender.snapshot.chunk.size.max = 16MB (=16777216) (default)
2022-10-14 20:48:36,519 [8b5383b3-e7bf-4722-baeb-dd5c06b347e3@group-2ECA46B087C1-LeaderElection23] INFO  server.RaftServerConfigKeys (ConfUtils.java:logGet(46)) - raft.server.log.appender.buffer.byte-limit = 33554432 (custom)
2022-10-14 20:48:36,519 [8b5383b3-e7bf-4722-baeb-dd5c06b347e3@group-2ECA46B087C1-LeaderElection23] INFO  server.RaftServerConfigKeys (ConfUtils.java:logGet(46)) - raft.server.log.appender.buffer.element-limit = 1 (custom)
2022-10-14 20:48:36,519 [8b5383b3-e7bf-4722-baeb-dd5c06b347e3@group-2ECA46B087C1-LeaderElection23] INFO  grpc.GrpcConfigKeys (ConfUtils.java:logGet(46)) - raft.grpc.server.leader.outstanding.appends.max = 128 (default)
2022-10-14 20:48:36,519 [8b5383b3-e7bf-4722-baeb-dd5c06b347e3@group-2ECA46B087C1-LeaderElection23] INFO  server.RaftServerConfigKeys (ConfUtils.java:logGet(46)) - raft.server.rpc.request.timeout = 60s (custom)
2022-10-14 20:48:36,519 [8b5383b3-e7bf-4722-baeb-dd5c06b347e3@group-2ECA46B087C1-LeaderElection23] INFO  server.RaftServerConfigKeys (ConfUtils.java:logGet(46)) - raft.server.log.appender.install.snapshot.enabled = false (custom)
2022-10-14 20:48:36,520 [8b5383b3-e7bf-4722-baeb-dd5c06b347e3@group-2ECA46B087C1-LeaderElection23] INFO  server.RaftServerConfigKeys (ConfUtils.java:logGet(46)) - raft.server.log.appender.snapshot.chunk.size.max = 16MB (=16777216) (default)
2022-10-14 20:48:36,520 [8b5383b3-e7bf-4722-baeb-dd5c06b347e3@group-2ECA46B087C1-LeaderElection23] INFO  server.RaftServerConfigKeys (ConfUtils.java:logGet(46)) - raft.server.log.appender.buffer.byte-limit = 33554432 (custom)
2022-10-14 20:48:36,520 [8b5383b3-e7bf-4722-baeb-dd5c06b347e3@group-2ECA46B087C1-LeaderElection23] INFO  server.RaftServerConfigKeys (ConfUtils.java:logGet(46)) - raft.server.log.appender.buffer.element-limit = 1 (custom)
2022-10-14 20:48:36,520 [8b5383b3-e7bf-4722-baeb-dd5c06b347e3@group-2ECA46B087C1-LeaderElection23] INFO  grpc.GrpcConfigKeys (ConfUtils.java:logGet(46)) - raft.grpc.server.leader.outstanding.appends.max = 128 (default)
2022-10-14 20:48:36,520 [8b5383b3-e7bf-4722-baeb-dd5c06b347e3@group-2ECA46B087C1-LeaderElection23] INFO  server.RaftServerConfigKeys (ConfUtils.java:logGet(46)) - raft.server.rpc.request.timeout = 60s (custom)
2022-10-14 20:48:36,520 [8b5383b3-e7bf-4722-baeb-dd5c06b347e3@group-2ECA46B087C1-LeaderElection23] INFO  server.RaftServerConfigKeys (ConfUtils.java:logGet(46)) - raft.server.log.appender.install.snapshot.enabled = false (custom)
2022-10-14 20:48:36,520 [8b5383b3-e7bf-4722-baeb-dd5c06b347e3@group-2ECA46B087C1-LeaderElection23] INFO  impl.RoleInfo (RoleInfo.java:updateAndGet(139)) - 8b5383b3-e7bf-4722-baeb-dd5c06b347e3: start 8b5383b3-e7bf-4722-baeb-dd5c06b347e3@group-2ECA46B087C1-LeaderStateImpl
2022-10-14 20:48:36,527 [EventQueue-PipelineReportForPipelineReportHandler] INFO  pipeline.PipelineManagerImpl (PipelineManagerImpl.java:openPipeline(367)) - Pipeline Pipeline[ Id: ded1bd47-8c8d-43d4-af13-2eca46b087c1, Nodes: e247b98c-9a86-486e-b3b1-fa195c9418a4{ip: 10.1.0.226, host: fv-az459-990.msq0az1vewme3jsxyslsv0htic.jx.internal.cloudapp.net, ports: [REPLICATION=36665, RATIS=46677, RATIS_ADMIN=46677, RATIS_SERVER=46677, STANDALONE=36511], networkLocation: /default-rack, certSerialId: null, persistedOpState: IN_SERVICE, persistedOpStateExpiryEpochSec: 0}8b5383b3-e7bf-4722-baeb-dd5c06b347e3{ip: 10.1.0.226, host: fv-az459-990.msq0az1vewme3jsxyslsv0htic.jx.internal.cloudapp.net, ports: [REPLICATION=38879, RATIS=34173, RATIS_ADMIN=34173, RATIS_SERVER=34173, STANDALONE=34179], networkLocation: /default-rack, certSerialId: null, persistedOpState: IN_SERVICE, persistedOpStateExpiryEpochSec: 0}b5e52be0-4491-4e69-96e1-10d94051f40c{ip: 10.1.0.226, host: fv-az459-990.msq0az1vewme3jsxyslsv0htic.jx.internal.cloudapp.net, ports: [REPLICATION=33805, RATIS=37041, RATIS_ADMIN=37041, RATIS_SERVER=37041, STANDALONE=41241], networkLocation: /default-rack, certSerialId: null, persistedOpState: IN_SERVICE, persistedOpStateExpiryEpochSec: 0}, ReplicationConfig: RATIS/THREE, State:ALLOCATED, leaderId:8b5383b3-e7bf-4722-baeb-dd5c06b347e3, CreationTimestamp2022-10-14T20:48:18.397Z[Etc/UTC]] moved to OPEN state
2022-10-14 20:48:36,527 [grpc-default-executor-2] INFO  server.RaftServer$Division (RaftServerImpl.java:requestVote(1152)) - e247b98c-9a86-486e-b3b1-fa195c9418a4@group-2ECA46B087C1: receive requestVote(ELECTION, 8b5383b3-e7bf-4722-baeb-dd5c06b347e3, group-2ECA46B087C1, 3, (t:0, i:0))
2022-10-14 20:48:36,528 [grpc-default-executor-2] INFO  impl.VoteContext (VoteContext.java:log(48)) - e247b98c-9a86-486e-b3b1-fa195c9418a4@group-2ECA46B087C1-FOLLOWER: accept ELECTION from 8b5383b3-e7bf-4722-baeb-dd5c06b347e3: our priority 0 <= candidate's priority 1
2022-10-14 20:48:36,528 [grpc-default-executor-2] INFO  server.RaftServer$Division (RaftServerImpl.java:setRole(299)) - e247b98c-9a86-486e-b3b1-fa195c9418a4@group-2ECA46B087C1: changes role from  FOLLOWER to FOLLOWER at term 3 for candidate:8b5383b3-e7bf-4722-baeb-dd5c06b347e3
2022-10-14 20:48:36,528 [grpc-default-executor-2] INFO  impl.RoleInfo (RoleInfo.java:shutdownFollowerState(110)) - e247b98c-9a86-486e-b3b1-fa195c9418a4: shutdown e247b98c-9a86-486e-b3b1-fa195c9418a4@group-2ECA46B087C1-FollowerState
2022-10-14 20:48:36,528 [grpc-default-executor-2] INFO  impl.RoleInfo (RoleInfo.java:updateAndGet(139)) - e247b98c-9a86-486e-b3b1-fa195c9418a4: start e247b98c-9a86-486e-b3b1-fa195c9418a4@group-2ECA46B087C1-FollowerState
2022-10-14 20:48:36,528 [e247b98c-9a86-486e-b3b1-fa195c9418a4@group-2ECA46B087C1-FollowerState] INFO  impl.FollowerState (FollowerState.java:run(152)) - e247b98c-9a86-486e-b3b1-fa195c9418a4@group-2ECA46B087C1-FollowerState was interrupted
2022-10-14 20:48:36,529 [8b5383b3-e7bf-4722-baeb-dd5c06b347e3@group-2ECA46B087C1-LeaderElection23] INFO  segmented.SegmentedRaftLogWorker (SegmentedRaftLogWorker.java:startLogSegment(425)) - 8b5383b3-e7bf-4722-baeb-dd5c06b347e3@group-2ECA46B087C1-SegmentedRaftLogWorker: Starting segment from index:0
2022-10-14 20:48:36,533 [grpc-default-executor-2] INFO  server.RaftServer$Division (RaftServerImpl.java:requestVote(1184)) - e247b98c-9a86-486e-b3b1-fa195c9418a4@group-2ECA46B087C1 replies to ELECTION vote request: 8b5383b3-e7bf-4722-baeb-dd5c06b347e3<-e247b98c-9a86-486e-b3b1-fa195c9418a4#0:OK-t3. Peer's state: e247b98c-9a86-486e-b3b1-fa195c9418a4@group-2ECA46B087C1:t3, leader=null, voted=8b5383b3-e7bf-4722-baeb-dd5c06b347e3, raftlog=e247b98c-9a86-486e-b3b1-fa195c9418a4@group-2ECA46B087C1-SegmentedRaftLog:OPENED:c-1, conf=-1: [e247b98c-9a86-486e-b3b1-fa195c9418a4|rpc:10.1.0.226:46677|priority:0, 8b5383b3-e7bf-4722-baeb-dd5c06b347e3|rpc:10.1.0.226:34173|priority:1, b5e52be0-4491-4e69-96e1-10d94051f40c|rpc:10.1.0.226:37041|priority:0], old=null
2022-10-14 20:48:36,534 [8b5383b3-e7bf-4722-baeb-dd5c06b347e3@group-2ECA46B087C1-SegmentedRaftLogWorker] INFO  segmented.SegmentedRaftLogWorker (SegmentedRaftLogWorker.java:execute(629)) - 8b5383b3-e7bf-4722-baeb-dd5c06b347e3@group-2ECA46B087C1-SegmentedRaftLogWorker: created new log segment /home/runner/work/ozone/ozone/hadoop-ozone/integration-test/target/test-dir/MiniOzoneClusterImpl-1e9d71ba-d753-4201-9665-5e97e6b64b9c/datanode-1/data/ratis/ded1bd47-8c8d-43d4-af13-2eca46b087c1/current/log_inprogress_0
2022-10-14 20:48:36,550 [8b5383b3-e7bf-4722-baeb-dd5c06b347e3@group-2ECA46B087C1-LeaderElection23] INFO  server.RaftServer$Division (ServerState.java:setRaftConf(393)) - 8b5383b3-e7bf-4722-baeb-dd5c06b347e3@group-2ECA46B087C1: set configuration 0: [e247b98c-9a86-486e-b3b1-fa195c9418a4|rpc:10.1.0.226:46677|dataStream:|priority:0, 8b5383b3-e7bf-4722-baeb-dd5c06b347e3|rpc:10.1.0.226:34173|dataStream:|priority:1, b5e52be0-4491-4e69-96e1-10d94051f40c|rpc:10.1.0.226:37041|dataStream:|priority:0], old=null
2022-10-14 20:48:36,554 [e247b98c-9a86-486e-b3b1-fa195c9418a4-server-thread1] INFO  ratis.XceiverServerRatis (XceiverServerRatis.java:handleLeaderChangedNotification(863)) - Leader change notification received for group: group-2ECA46B087C1 with new leaderId: 8b5383b3-e7bf-4722-baeb-dd5c06b347e3
2022-10-14 20:48:36,555 [e247b98c-9a86-486e-b3b1-fa195c9418a4-server-thread1] INFO  server.RaftServer$Division (ServerState.java:setLeader(287)) - e247b98c-9a86-486e-b3b1-fa195c9418a4@group-2ECA46B087C1: change Leader from null to 8b5383b3-e7bf-4722-baeb-dd5c06b347e3 at term 3 for appendEntries, leader elected after 15181ms
2022-10-14 20:48:36,561 [e247b98c-9a86-486e-b3b1-fa195c9418a4-server-thread1] INFO  server.RaftServer$Division (ServerState.java:setRaftConf(393)) - e247b98c-9a86-486e-b3b1-fa195c9418a4@group-2ECA46B087C1: set configuration 0: [e247b98c-9a86-486e-b3b1-fa195c9418a4|rpc:10.1.0.226:46677|dataStream:|priority:0, 8b5383b3-e7bf-4722-baeb-dd5c06b347e3|rpc:10.1.0.226:34173|dataStream:|priority:1, b5e52be0-4491-4e69-96e1-10d94051f40c|rpc:10.1.0.226:37041|dataStream:|priority:0], old=null
2022-10-14 20:48:36,561 [e247b98c-9a86-486e-b3b1-fa195c9418a4-server-thread1] INFO  segmented.SegmentedRaftLogWorker (SegmentedRaftLogWorker.java:startLogSegment(425)) - e247b98c-9a86-486e-b3b1-fa195c9418a4@group-2ECA46B087C1-SegmentedRaftLogWorker: Starting segment from index:0
2022-10-14 20:48:36,564 [b5e52be0-4491-4e69-96e1-10d94051f40c-server-thread1] INFO  ratis.XceiverServerRatis (XceiverServerRatis.java:handleLeaderChangedNotification(863)) - Leader change notification received for group: group-2ECA46B087C1 with new leaderId: 8b5383b3-e7bf-4722-baeb-dd5c06b347e3
2022-10-14 20:48:36,564 [b5e52be0-4491-4e69-96e1-10d94051f40c-server-thread1] INFO  server.RaftServer$Division (ServerState.java:setLeader(287)) - b5e52be0-4491-4e69-96e1-10d94051f40c@group-2ECA46B087C1: change Leader from null to 8b5383b3-e7bf-4722-baeb-dd5c06b347e3 at term 3 for appendEntries, leader elected after 15131ms
2022-10-14 20:48:36,564 [e247b98c-9a86-486e-b3b1-fa195c9418a4@group-2ECA46B087C1-SegmentedRaftLogWorker] INFO  segmented.SegmentedRaftLogWorker (SegmentedRaftLogWorker.java:execute(629)) - e247b98c-9a86-486e-b3b1-fa195c9418a4@group-2ECA46B087C1-SegmentedRaftLogWorker: created new log segment /home/runner/work/ozone/ozone/hadoop-ozone/integration-test/target/test-dir/MiniOzoneClusterImpl-1e9d71ba-d753-4201-9665-5e97e6b64b9c/datanode-0/data/ratis/ded1bd47-8c8d-43d4-af13-2eca46b087c1/current/log_inprogress_0
2022-10-14 20:48:36,566 [b5e52be0-4491-4e69-96e1-10d94051f40c-server-thread1] INFO  server.RaftServer$Division (ServerState.java:setRaftConf(393)) - b5e52be0-4491-4e69-96e1-10d94051f40c@group-2ECA46B087C1: set configuration 0: [e247b98c-9a86-486e-b3b1-fa195c9418a4|rpc:10.1.0.226:46677|dataStream:|priority:0, 8b5383b3-e7bf-4722-baeb-dd5c06b347e3|rpc:10.1.0.226:34173|dataStream:|priority:1, b5e52be0-4491-4e69-96e1-10d94051f40c|rpc:10.1.0.226:37041|dataStream:|priority:0], old=null
2022-10-14 20:48:36,566 [b5e52be0-4491-4e69-96e1-10d94051f40c-server-thread1] INFO  segmented.SegmentedRaftLogWorker (SegmentedRaftLogWorker.java:startLogSegment(425)) - b5e52be0-4491-4e69-96e1-10d94051f40c@group-2ECA46B087C1-SegmentedRaftLogWorker: Starting segment from index:0
2022-10-14 20:48:36,571 [b5e52be0-4491-4e69-96e1-10d94051f40c@group-2ECA46B087C1-SegmentedRaftLogWorker] INFO  segmented.SegmentedRaftLogWorker (SegmentedRaftLogWorker.java:execute(629)) - b5e52be0-4491-4e69-96e1-10d94051f40c@group-2ECA46B087C1-SegmentedRaftLogWorker: created new log segment /home/runner/work/ozone/ozone/hadoop-ozone/integration-test/target/test-dir/MiniOzoneClusterImpl-1e9d71ba-d753-4201-9665-5e97e6b64b9c/datanode-2/data/ratis/ded1bd47-8c8d-43d4-af13-2eca46b087c1/current/log_inprogress_0
2022-10-14 20:48:36,745 [Command processor thread] INFO  server.RaftServer (RaftServerProxy.java:remove(107)) - 16777052-74aa-4e90-8314-2bee1f1d951b: remove  FOLLOWER 16777052-74aa-4e90-8314-2bee1f1d951b@group-6ABA310D950C:t2, leader=bbc6add2-54a7-4497-b631-73b4353e40e2, voted=bbc6add2-54a7-4497-b631-73b4353e40e2, raftlog=16777052-74aa-4e90-8314-2bee1f1d951b@group-6ABA310D950C-SegmentedRaftLog:OPENED:c0, conf=0: [bbc6add2-54a7-4497-b631-73b4353e40e2|rpc:10.1.0.226:45201|dataStream:|priority:1, a9bc3d00-95be-4d99-8dcc-adc6824489fa|rpc:10.1.0.226:41433|dataStream:|priority:0, 16777052-74aa-4e90-8314-2bee1f1d951b|rpc:10.1.0.226:46003|dataStream:|priority:0], old=null RUNNING
2022-10-14 20:48:36,745 [Command processor thread] INFO  server.RaftServer$Division (RaftServerImpl.java:lambda$close$4(434)) - 16777052-74aa-4e90-8314-2bee1f1d951b@group-6ABA310D950C: shutdown
2022-10-14 20:48:36,745 [Command processor thread] INFO  util.JmxRegister (JmxRegister.java:unregister(73)) - Successfully un-registered JMX Bean with object name Ratis:service=RaftServer,group=group-6ABA310D950C,id=16777052-74aa-4e90-8314-2bee1f1d951b
2022-10-14 20:48:36,745 [Command processor thread] INFO  impl.RoleInfo (RoleInfo.java:shutdownFollowerState(110)) - 16777052-74aa-4e90-8314-2bee1f1d951b: shutdown 16777052-74aa-4e90-8314-2bee1f1d951b@group-6ABA310D950C-FollowerState
2022-10-14 20:48:36,746 [Command processor thread] INFO  impl.StateMachineUpdater (StateMachineUpdater.java:stopAndJoin(153)) - 16777052-74aa-4e90-8314-2bee1f1d951b@group-6ABA310D950C-StateMachineUpdater: set stopIndex = 0
2022-10-14 20:48:36,746 [16777052-74aa-4e90-8314-2bee1f1d951b@group-6ABA310D950C-FollowerState] INFO  impl.FollowerState (FollowerState.java:run(152)) - 16777052-74aa-4e90-8314-2bee1f1d951b@group-6ABA310D950C-FollowerState was interrupted
2022-10-14 20:48:36,746 [16777052-74aa-4e90-8314-2bee1f1d951b@group-6ABA310D950C-StateMachineUpdater] INFO  ratis.ContainerStateMachine (ContainerStateMachine.java:takeSnapshot(304)) - group-6ABA310D950C: Taking a snapshot at:(t:2, i:0) file /home/runner/work/ozone/ozone/hadoop-ozone/integration-test/target/test-dir/MiniOzoneClusterImpl-1e9d71ba-d753-4201-9665-5e97e6b64b9c/datanode-6/data/ratis/30c0c8f2-eedf-4447-b194-6aba310d950c/sm/snapshot.2_0
2022-10-14 20:48:36,748 [16777052-74aa-4e90-8314-2bee1f1d951b@group-6ABA310D950C-StateMachineUpdater] INFO  ratis.ContainerStateMachine (ContainerStateMachine.java:takeSnapshot(315)) - group-6ABA310D950C: Finished taking a snapshot at:(t:2, i:0) file:/home/runner/work/ozone/ozone/hadoop-ozone/integration-test/target/test-dir/MiniOzoneClusterImpl-1e9d71ba-d753-4201-9665-5e97e6b64b9c/datanode-6/data/ratis/30c0c8f2-eedf-4447-b194-6aba310d950c/sm/snapshot.2_0 took: 2 ms
2022-10-14 20:48:36,748 [16777052-74aa-4e90-8314-2bee1f1d951b@group-6ABA310D950C-StateMachineUpdater] INFO  impl.StateMachineUpdater (StateMachineUpdater.java:takeSnapshot(287)) - 16777052-74aa-4e90-8314-2bee1f1d951b@group-6ABA310D950C-StateMachineUpdater: Took a snapshot at index 0
2022-10-14 20:48:36,748 [16777052-74aa-4e90-8314-2bee1f1d951b@group-6ABA310D950C-StateMachineUpdater] INFO  impl.StateMachineUpdater (StateMachineUpdater.java:lambda$new$0(92)) - 16777052-74aa-4e90-8314-2bee1f1d951b@group-6ABA310D950C-StateMachineUpdater: snapshotIndex: updateIncreasingly -1 -> 0
2022-10-14 20:48:36,749 [Command processor thread] INFO  server.RaftServer$Division (ServerState.java:close(429)) - 16777052-74aa-4e90-8314-2bee1f1d951b@group-6ABA310D950C: closes. applyIndex: 0
2022-10-14 20:48:36,749 [16777052-74aa-4e90-8314-2bee1f1d951b@group-6ABA310D950C-SegmentedRaftLogWorker] INFO  segmented.SegmentedRaftLogWorker (SegmentedRaftLogWorker.java:run(336)) - 16777052-74aa-4e90-8314-2bee1f1d951b@group-6ABA310D950C-SegmentedRaftLogWorker was interrupted, exiting. There are 0 tasks remaining in the queue.
2022-10-14 20:48:36,751 [Command processor thread] INFO  segmented.SegmentedRaftLogWorker (SegmentedRaftLogWorker.java:close(246)) - 16777052-74aa-4e90-8314-2bee1f1d951b@group-6ABA310D950C-SegmentedRaftLogWorker close()
2022-10-14 20:48:36,753 [Command processor thread] INFO  server.RaftServer$Division (RaftServerImpl.java:groupRemove(404)) - 16777052-74aa-4e90-8314-2bee1f1d951b@group-6ABA310D950C: Succeed to remove RaftStorageDirectory Storage Directory /home/runner/work/ozone/ozone/hadoop-ozone/integration-test/target/test-dir/MiniOzoneClusterImpl-1e9d71ba-d753-4201-9665-5e97e6b64b9c/datanode-6/data/ratis/30c0c8f2-eedf-4447-b194-6aba310d950c
2022-10-14 20:48:36,753 [Command processor thread] INFO  commandhandler.ClosePipelineCommandHandler (ClosePipelineCommandHandler.java:handle(78)) - Close Pipeline PipelineID=30c0c8f2-eedf-4447-b194-6aba310d950c command on datanode 16777052-74aa-4e90-8314-2bee1f1d951b.
2022-10-14 20:48:36,754 [Command processor thread] INFO  server.RaftServer (RaftServerProxy.java:remove(107)) - 16777052-74aa-4e90-8314-2bee1f1d951b: remove  FOLLOWER 16777052-74aa-4e90-8314-2bee1f1d951b@group-9DF102291914:t2, leader=null, voted=null, raftlog=16777052-74aa-4e90-8314-2bee1f1d951b@group-9DF102291914-SegmentedRaftLog:OPENED:c-1, conf=-1: [bbc6add2-54a7-4497-b631-73b4353e40e2|rpc:10.1.0.226:45201|priority:0, a9bc3d00-95be-4d99-8dcc-adc6824489fa|rpc:10.1.0.226:41433|priority:0, 16777052-74aa-4e90-8314-2bee1f1d951b|rpc:10.1.0.226:46003|priority:1], old=null RUNNING
2022-10-14 20:48:36,754 [Command processor thread] INFO  server.RaftServer$Division (RaftServerImpl.java:lambda$close$4(434)) - 16777052-74aa-4e90-8314-2bee1f1d951b@group-9DF102291914: shutdown
2022-10-14 20:48:36,755 [Command processor thread] INFO  util.JmxRegister (JmxRegister.java:unregister(73)) - Successfully un-registered JMX Bean with object name Ratis:service=RaftServer,group=group-9DF102291914,id=16777052-74aa-4e90-8314-2bee1f1d951b
2022-10-14 20:48:36,755 [Command processor thread] INFO  impl.RoleInfo (RoleInfo.java:shutdownFollowerState(110)) - 16777052-74aa-4e90-8314-2bee1f1d951b: shutdown 16777052-74aa-4e90-8314-2bee1f1d951b@group-9DF102291914-FollowerState
2022-10-14 20:48:36,755 [16777052-74aa-4e90-8314-2bee1f1d951b@group-9DF102291914-FollowerState] INFO  impl.FollowerState (FollowerState.java:run(152)) - 16777052-74aa-4e90-8314-2bee1f1d951b@group-9DF102291914-FollowerState was interrupted
2022-10-14 20:48:36,755 [Command processor thread] INFO  impl.StateMachineUpdater (StateMachineUpdater.java:stopAndJoin(153)) - 16777052-74aa-4e90-8314-2bee1f1d951b@group-9DF102291914-StateMachineUpdater: set stopIndex = -1
2022-10-14 20:48:36,756 [Command processor thread] INFO  server.RaftServer$Division (ServerState.java:close(429)) - 16777052-74aa-4e90-8314-2bee1f1d951b@group-9DF102291914: closes. applyIndex: -1
2022-10-14 20:48:36,756 [16777052-74aa-4e90-8314-2bee1f1d951b@group-9DF102291914-SegmentedRaftLogWorker] INFO  segmented.SegmentedRaftLogWorker (SegmentedRaftLogWorker.java:run(336)) - 16777052-74aa-4e90-8314-2bee1f1d951b@group-9DF102291914-SegmentedRaftLogWorker was interrupted, exiting. There are 0 tasks remaining in the queue.
2022-10-14 20:48:36,756 [Command processor thread] INFO  segmented.SegmentedRaftLogWorker (SegmentedRaftLogWorker.java:close(246)) - 16777052-74aa-4e90-8314-2bee1f1d951b@group-9DF102291914-SegmentedRaftLogWorker close()
2022-10-14 20:48:36,760 [Command processor thread] INFO  server.RaftServer$Division (RaftServerImpl.java:groupRemove(404)) - 16777052-74aa-4e90-8314-2bee1f1d951b@group-9DF102291914: Succeed to remove RaftStorageDirectory Storage Directory /home/runner/work/ozone/ozone/hadoop-ozone/integration-test/target/test-dir/MiniOzoneClusterImpl-1e9d71ba-d753-4201-9665-5e97e6b64b9c/datanode-6/data/ratis/706880b3-f140-4604-a16e-9df102291914
2022-10-14 20:48:36,760 [Command processor thread] INFO  commandhandler.ClosePipelineCommandHandler (ClosePipelineCommandHandler.java:handle(78)) - Close Pipeline PipelineID=706880b3-f140-4604-a16e-9df102291914 command on datanode 16777052-74aa-4e90-8314-2bee1f1d951b.
2022-10-14 20:48:37,155 [3c897dd6-f9a8-4587-816d-4b361cef56f3@group-B319158F4DE0-FollowerState] INFO  impl.FollowerState (FollowerState.java:run(143)) - 3c897dd6-f9a8-4587-816d-4b361cef56f3@group-B319158F4DE0-FollowerState: change to CANDIDATE, lastRpcElapsedTime:5128909977ns, electionTimeout:5128ms
2022-10-14 20:48:37,155 [3c897dd6-f9a8-4587-816d-4b361cef56f3@group-B319158F4DE0-FollowerState] INFO  impl.RoleInfo (RoleInfo.java:shutdownFollowerState(110)) - 3c897dd6-f9a8-4587-816d-4b361cef56f3: shutdown 3c897dd6-f9a8-4587-816d-4b361cef56f3@group-B319158F4DE0-FollowerState
2022-10-14 20:48:37,155 [3c897dd6-f9a8-4587-816d-4b361cef56f3@group-B319158F4DE0-FollowerState] INFO  server.RaftServer$Division (RaftServerImpl.java:setRole(299)) - 3c897dd6-f9a8-4587-816d-4b361cef56f3@group-B319158F4DE0: changes role from  FOLLOWER to CANDIDATE at term 2 for changeToCandidate
2022-10-14 20:48:37,155 [3c897dd6-f9a8-4587-816d-4b361cef56f3@group-B319158F4DE0-FollowerState] INFO  server.RaftServerConfigKeys (ConfUtils.java:logGet(46)) - raft.server.leaderelection.pre-vote = false (custom)
2022-10-14 20:48:37,155 [3c897dd6-f9a8-4587-816d-4b361cef56f3@group-B319158F4DE0-FollowerState] INFO  impl.RoleInfo (RoleInfo.java:updateAndGet(139)) - 3c897dd6-f9a8-4587-816d-4b361cef56f3: start 3c897dd6-f9a8-4587-816d-4b361cef56f3@group-B319158F4DE0-LeaderElection24
2022-10-14 20:48:37,155 [264ccfc1-7403-435b-81c3-d1dfb4335e59@group-B319158F4DE0-FollowerState] INFO  impl.FollowerState (FollowerState.java:run(143)) - 264ccfc1-7403-435b-81c3-d1dfb4335e59@group-B319158F4DE0-FollowerState: change to CANDIDATE, lastRpcElapsedTime:5129679683ns, electionTimeout:5129ms
2022-10-14 20:48:37,156 [264ccfc1-7403-435b-81c3-d1dfb4335e59@group-B319158F4DE0-FollowerState] INFO  impl.RoleInfo (RoleInfo.java:shutdownFollowerState(110)) - 264ccfc1-7403-435b-81c3-d1dfb4335e59: shutdown 264ccfc1-7403-435b-81c3-d1dfb4335e59@group-B319158F4DE0-FollowerState
2022-10-14 20:48:37,156 [264ccfc1-7403-435b-81c3-d1dfb4335e59@group-B319158F4DE0-FollowerState] INFO  server.RaftServer$Division (RaftServerImpl.java:setRole(299)) - 264ccfc1-7403-435b-81c3-d1dfb4335e59@group-B319158F4DE0: changes role from  FOLLOWER to CANDIDATE at term 2 for changeToCandidate
2022-10-14 20:48:37,156 [264ccfc1-7403-435b-81c3-d1dfb4335e59@group-B319158F4DE0-FollowerState] INFO  server.RaftServerConfigKeys (ConfUtils.java:logGet(46)) - raft.server.leaderelection.pre-vote = false (custom)
2022-10-14 20:48:37,157 [264ccfc1-7403-435b-81c3-d1dfb4335e59@group-B319158F4DE0-FollowerState] INFO  impl.RoleInfo (RoleInfo.java:updateAndGet(139)) - 264ccfc1-7403-435b-81c3-d1dfb4335e59: start 264ccfc1-7403-435b-81c3-d1dfb4335e59@group-B319158F4DE0-LeaderElection25
2022-10-14 20:48:37,161 [264ccfc1-7403-435b-81c3-d1dfb4335e59@group-B319158F4DE0-LeaderElection25] INFO  impl.LeaderElection (LeaderElection.java:askForVotes(310)) - 264ccfc1-7403-435b-81c3-d1dfb4335e59@group-B319158F4DE0-LeaderElection25 ELECTION round 0: submit vote requests at term 3 for -1: [27609338-e5ea-4e9e-bd63-6729dd2dbc7a|rpc:10.1.0.226:36963|priority:1, 264ccfc1-7403-435b-81c3-d1dfb4335e59|rpc:10.1.0.226:44593|priority:0, 3c897dd6-f9a8-4587-816d-4b361cef56f3|rpc:10.1.0.226:39577|priority:0], old=null
2022-10-14 20:48:37,161 [3c897dd6-f9a8-4587-816d-4b361cef56f3@group-B319158F4DE0-LeaderElection24] INFO  impl.LeaderElection (LeaderElection.java:askForVotes(310)) - 3c897dd6-f9a8-4587-816d-4b361cef56f3@group-B319158F4DE0-LeaderElection24 ELECTION round 0: submit vote requests at term 3 for -1: [27609338-e5ea-4e9e-bd63-6729dd2dbc7a|rpc:10.1.0.226:36963|dataStream:|priority:1, 264ccfc1-7403-435b-81c3-d1dfb4335e59|rpc:10.1.0.226:44593|dataStream:|priority:0, 3c897dd6-f9a8-4587-816d-4b361cef56f3|rpc:10.1.0.226:39577|dataStream:|priority:0], old=null
2022-10-14 20:48:37,166 [grpc-default-executor-1] INFO  server.RaftServer$Division (RaftServerImpl.java:requestVote(1152)) - 264ccfc1-7403-435b-81c3-d1dfb4335e59@group-B319158F4DE0: receive requestVote(ELECTION, 3c897dd6-f9a8-4587-816d-4b361cef56f3, group-B319158F4DE0, 3, (t:0, i:0))
2022-10-14 20:48:37,166 [grpc-default-executor-3] INFO  server.RaftServer$Division (RaftServerImpl.java:requestVote(1152)) - 3c897dd6-f9a8-4587-816d-4b361cef56f3@group-B319158F4DE0: receive requestVote(ELECTION, 264ccfc1-7403-435b-81c3-d1dfb4335e59, group-B319158F4DE0, 3, (t:0, i:0))
2022-10-14 20:48:37,166 [grpc-default-executor-3] INFO  impl.VoteContext (VoteContext.java:log(48)) - 3c897dd6-f9a8-4587-816d-4b361cef56f3@group-B319158F4DE0-CANDIDATE: reject ELECTION from 264ccfc1-7403-435b-81c3-d1dfb4335e59: already has voted for 3c897dd6-f9a8-4587-816d-4b361cef56f3 at current term 3
2022-10-14 20:48:37,166 [grpc-default-executor-3] INFO  server.RaftServer$Division (RaftServerImpl.java:requestVote(1184)) - 3c897dd6-f9a8-4587-816d-4b361cef56f3@group-B319158F4DE0 replies to ELECTION vote request: 264ccfc1-7403-435b-81c3-d1dfb4335e59<-3c897dd6-f9a8-4587-816d-4b361cef56f3#0:FAIL-t3. Peer's state: 3c897dd6-f9a8-4587-816d-4b361cef56f3@group-B319158F4DE0:t3, leader=null, voted=3c897dd6-f9a8-4587-816d-4b361cef56f3, raftlog=3c897dd6-f9a8-4587-816d-4b361cef56f3@group-B319158F4DE0-SegmentedRaftLog:OPENED:c-1, conf=-1: [27609338-e5ea-4e9e-bd63-6729dd2dbc7a|rpc:10.1.0.226:36963|dataStream:|priority:1, 264ccfc1-7403-435b-81c3-d1dfb4335e59|rpc:10.1.0.226:44593|dataStream:|priority:0, 3c897dd6-f9a8-4587-816d-4b361cef56f3|rpc:10.1.0.226:39577|dataStream:|priority:0], old=null
2022-10-14 20:48:37,167 [grpc-default-executor-2] INFO  server.RaftServer$Division (RaftServerImpl.java:requestVote(1152)) - 27609338-e5ea-4e9e-bd63-6729dd2dbc7a@group-B319158F4DE0: receive requestVote(ELECTION, 264ccfc1-7403-435b-81c3-d1dfb4335e59, group-B319158F4DE0, 3, (t:0, i:0))
2022-10-14 20:48:37,166 [grpc-default-executor-1] INFO  impl.VoteContext (VoteContext.java:log(48)) - 264ccfc1-7403-435b-81c3-d1dfb4335e59@group-B319158F4DE0-CANDIDATE: reject ELECTION from 3c897dd6-f9a8-4587-816d-4b361cef56f3: already has voted for 264ccfc1-7403-435b-81c3-d1dfb4335e59 at current term 3
2022-10-14 20:48:37,177 [grpc-default-executor-1] INFO  server.RaftServer$Division (RaftServerImpl.java:requestVote(1184)) - 264ccfc1-7403-435b-81c3-d1dfb4335e59@group-B319158F4DE0 replies to ELECTION vote request: 3c897dd6-f9a8-4587-816d-4b361cef56f3<-264ccfc1-7403-435b-81c3-d1dfb4335e59#0:FAIL-t3. Peer's state: 264ccfc1-7403-435b-81c3-d1dfb4335e59@group-B319158F4DE0:t3, leader=null, voted=264ccfc1-7403-435b-81c3-d1dfb4335e59, raftlog=264ccfc1-7403-435b-81c3-d1dfb4335e59@group-B319158F4DE0-SegmentedRaftLog:OPENED:c-1, conf=-1: [27609338-e5ea-4e9e-bd63-6729dd2dbc7a|rpc:10.1.0.226:36963|priority:1, 264ccfc1-7403-435b-81c3-d1dfb4335e59|rpc:10.1.0.226:44593|priority:0, 3c897dd6-f9a8-4587-816d-4b361cef56f3|rpc:10.1.0.226:39577|priority:0], old=null
2022-10-14 20:48:37,174 [grpc-default-executor-2] INFO  impl.VoteContext (VoteContext.java:log(48)) - 27609338-e5ea-4e9e-bd63-6729dd2dbc7a@group-B319158F4DE0-FOLLOWER: reject ELECTION from 264ccfc1-7403-435b-81c3-d1dfb4335e59: our priority 1 > candidate's priority 0
2022-10-14 20:48:37,178 [grpc-default-executor-2] INFO  server.RaftServer$Division (RaftServerImpl.java:setRole(299)) - 27609338-e5ea-4e9e-bd63-6729dd2dbc7a@group-B319158F4DE0: changes role from  FOLLOWER to FOLLOWER at term 3 for candidate:264ccfc1-7403-435b-81c3-d1dfb4335e59
2022-10-14 20:48:37,178 [grpc-default-executor-2] INFO  impl.RoleInfo (RoleInfo.java:shutdownFollowerState(110)) - 27609338-e5ea-4e9e-bd63-6729dd2dbc7a: shutdown 27609338-e5ea-4e9e-bd63-6729dd2dbc7a@group-B319158F4DE0-FollowerState
2022-10-14 20:48:37,178 [grpc-default-executor-2] INFO  impl.RoleInfo (RoleInfo.java:updateAndGet(139)) - 27609338-e5ea-4e9e-bd63-6729dd2dbc7a: start 27609338-e5ea-4e9e-bd63-6729dd2dbc7a@group-B319158F4DE0-FollowerState
2022-10-14 20:48:37,167 [grpc-default-executor-3] INFO  server.RaftServer$Division (RaftServerImpl.java:requestVote(1152)) - 27609338-e5ea-4e9e-bd63-6729dd2dbc7a@group-B319158F4DE0: receive requestVote(ELECTION, 3c897dd6-f9a8-4587-816d-4b361cef56f3, group-B319158F4DE0, 3, (t:0, i:0))
2022-10-14 20:48:37,179 [27609338-e5ea-4e9e-bd63-6729dd2dbc7a@group-B319158F4DE0-FollowerState] INFO  impl.FollowerState (FollowerState.java:run(152)) - 27609338-e5ea-4e9e-bd63-6729dd2dbc7a@group-B319158F4DE0-FollowerState was interrupted
2022-10-14 20:48:37,181 [grpc-default-executor-2] INFO  server.RaftServer$Division (RaftServerImpl.java:requestVote(1184)) - 27609338-e5ea-4e9e-bd63-6729dd2dbc7a@group-B319158F4DE0 replies to ELECTION vote request: 264ccfc1-7403-435b-81c3-d1dfb4335e59<-27609338-e5ea-4e9e-bd63-6729dd2dbc7a#0:FAIL-t3. Peer's state: 27609338-e5ea-4e9e-bd63-6729dd2dbc7a@group-B319158F4DE0:t3, leader=null, voted=null, raftlog=27609338-e5ea-4e9e-bd63-6729dd2dbc7a@group-B319158F4DE0-SegmentedRaftLog:OPENED:c-1, conf=-1: [27609338-e5ea-4e9e-bd63-6729dd2dbc7a|rpc:10.1.0.226:36963|dataStream:|priority:1, 264ccfc1-7403-435b-81c3-d1dfb4335e59|rpc:10.1.0.226:44593|dataStream:|priority:0, 3c897dd6-f9a8-4587-816d-4b361cef56f3|rpc:10.1.0.226:39577|dataStream:|priority:0], old=null
2022-10-14 20:48:37,181 [grpc-default-executor-3] INFO  impl.VoteContext (VoteContext.java:log(48)) - 27609338-e5ea-4e9e-bd63-6729dd2dbc7a@group-B319158F4DE0-FOLLOWER: reject ELECTION from 3c897dd6-f9a8-4587-816d-4b361cef56f3: our priority 1 > candidate's priority 0
2022-10-14 20:48:37,182 [grpc-default-executor-3] INFO  server.RaftServer$Division (RaftServerImpl.java:setRole(299)) - 27609338-e5ea-4e9e-bd63-6729dd2dbc7a@group-B319158F4DE0: changes role from  FOLLOWER to FOLLOWER at term 3 for candidate:3c897dd6-f9a8-4587-816d-4b361cef56f3
2022-10-14 20:48:37,182 [grpc-default-executor-3] INFO  impl.RoleInfo (RoleInfo.java:shutdownFollowerState(110)) - 27609338-e5ea-4e9e-bd63-6729dd2dbc7a: shutdown 27609338-e5ea-4e9e-bd63-6729dd2dbc7a@group-B319158F4DE0-FollowerState
2022-10-14 20:48:37,182 [grpc-default-executor-3] INFO  impl.RoleInfo (RoleInfo.java:updateAndGet(139)) - 27609338-e5ea-4e9e-bd63-6729dd2dbc7a: start 27609338-e5ea-4e9e-bd63-6729dd2dbc7a@group-B319158F4DE0-FollowerState
2022-10-14 20:48:37,182 [grpc-default-executor-3] INFO  server.RaftServer$Division (RaftServerImpl.java:requestVote(1184)) - 27609338-e5ea-4e9e-bd63-6729dd2dbc7a@group-B319158F4DE0 replies to ELECTION vote request: 3c897dd6-f9a8-4587-816d-4b361cef56f3<-27609338-e5ea-4e9e-bd63-6729dd2dbc7a#0:FAIL-t3. Peer's state: 27609338-e5ea-4e9e-bd63-6729dd2dbc7a@group-B319158F4DE0:t3, leader=null, voted=null, raftlog=27609338-e5ea-4e9e-bd63-6729dd2dbc7a@group-B319158F4DE0-SegmentedRaftLog:OPENED:c-1, conf=-1: [27609338-e5ea-4e9e-bd63-6729dd2dbc7a|rpc:10.1.0.226:36963|dataStream:|priority:1, 264ccfc1-7403-435b-81c3-d1dfb4335e59|rpc:10.1.0.226:44593|dataStream:|priority:0, 3c897dd6-f9a8-4587-816d-4b361cef56f3|rpc:10.1.0.226:39577|dataStream:|priority:0], old=null
2022-10-14 20:48:37,182 [27609338-e5ea-4e9e-bd63-6729dd2dbc7a@group-B319158F4DE0-FollowerState] INFO  impl.FollowerState (FollowerState.java:run(152)) - 27609338-e5ea-4e9e-bd63-6729dd2dbc7a@group-B319158F4DE0-FollowerState was interrupted
2022-10-14 20:48:37,186 [264ccfc1-7403-435b-81c3-d1dfb4335e59@group-B319158F4DE0-LeaderElection25] INFO  impl.LeaderElection (LeaderElection.java:logAndReturn(90)) - 264ccfc1-7403-435b-81c3-d1dfb4335e59@group-B319158F4DE0-LeaderElection25: ELECTION REJECTED received 2 response(s) and 0 exception(s):
2022-10-14 20:48:37,186 [264ccfc1-7403-435b-81c3-d1dfb4335e59@group-B319158F4DE0-LeaderElection25] INFO  impl.LeaderElection (LeaderElection.java:logAndReturn(94)) -   Response 0: 264ccfc1-7403-435b-81c3-d1dfb4335e59<-27609338-e5ea-4e9e-bd63-6729dd2dbc7a#0:FAIL-t3
2022-10-14 20:48:37,186 [264ccfc1-7403-435b-81c3-d1dfb4335e59@group-B319158F4DE0-LeaderElection25] INFO  impl.LeaderElection (LeaderElection.java:logAndReturn(94)) -   Response 1: 264ccfc1-7403-435b-81c3-d1dfb4335e59<-3c897dd6-f9a8-4587-816d-4b361cef56f3#0:FAIL-t3
2022-10-14 20:48:37,186 [3c897dd6-f9a8-4587-816d-4b361cef56f3@group-B319158F4DE0-LeaderElection24] INFO  impl.LeaderElection (LeaderElection.java:logAndReturn(90)) - 3c897dd6-f9a8-4587-816d-4b361cef56f3@group-B319158F4DE0-LeaderElection24: ELECTION REJECTED received 2 response(s) and 0 exception(s):
2022-10-14 20:48:37,186 [3c897dd6-f9a8-4587-816d-4b361cef56f3@group-B319158F4DE0-LeaderElection24] INFO  impl.LeaderElection (LeaderElection.java:logAndReturn(94)) -   Response 0: 3c897dd6-f9a8-4587-816d-4b361cef56f3<-27609338-e5ea-4e9e-bd63-6729dd2dbc7a#0:FAIL-t3
2022-10-14 20:48:37,186 [264ccfc1-7403-435b-81c3-d1dfb4335e59@group-B319158F4DE0-LeaderElection25] INFO  impl.LeaderElection (LeaderElection.java:askForVotes(312)) - 264ccfc1-7403-435b-81c3-d1dfb4335e59@group-B319158F4DE0-LeaderElection25 ELECTION round 0: result REJECTED
2022-10-14 20:48:37,186 [264ccfc1-7403-435b-81c3-d1dfb4335e59@group-B319158F4DE0-LeaderElection25] INFO  server.RaftServer$Division (RaftServerImpl.java:setRole(299)) - 264ccfc1-7403-435b-81c3-d1dfb4335e59@group-B319158F4DE0: changes role from CANDIDATE to FOLLOWER at term 3 for REJECTED
2022-10-14 20:48:37,186 [264ccfc1-7403-435b-81c3-d1dfb4335e59@group-B319158F4DE0-LeaderElection25] INFO  impl.RoleInfo (RoleInfo.java:shutdownLeaderElection(130)) - 264ccfc1-7403-435b-81c3-d1dfb4335e59: shutdown 264ccfc1-7403-435b-81c3-d1dfb4335e59@group-B319158F4DE0-LeaderElection25
2022-10-14 20:48:37,186 [264ccfc1-7403-435b-81c3-d1dfb4335e59@group-B319158F4DE0-LeaderElection25] INFO  impl.RoleInfo (RoleInfo.java:updateAndGet(139)) - 264ccfc1-7403-435b-81c3-d1dfb4335e59: start 264ccfc1-7403-435b-81c3-d1dfb4335e59@group-B319158F4DE0-FollowerState
2022-10-14 20:48:37,186 [3c897dd6-f9a8-4587-816d-4b361cef56f3@group-B319158F4DE0-LeaderElection24] INFO  impl.LeaderElection (LeaderElection.java:logAndReturn(94)) -   Response 1: 3c897dd6-f9a8-4587-816d-4b361cef56f3<-264ccfc1-7403-435b-81c3-d1dfb4335e59#0:FAIL-t3
2022-10-14 20:48:37,187 [3c897dd6-f9a8-4587-816d-4b361cef56f3@group-B319158F4DE0-LeaderElection24] INFO  impl.LeaderElection (LeaderElection.java:askForVotes(312)) - 3c897dd6-f9a8-4587-816d-4b361cef56f3@group-B319158F4DE0-LeaderElection24 ELECTION round 0: result REJECTED
2022-10-14 20:48:37,187 [3c897dd6-f9a8-4587-816d-4b361cef56f3@group-B319158F4DE0-LeaderElection24] INFO  server.RaftServer$Division (RaftServerImpl.java:setRole(299)) - 3c897dd6-f9a8-4587-816d-4b361cef56f3@group-B319158F4DE0: changes role from CANDIDATE to FOLLOWER at term 3 for REJECTED
2022-10-14 20:48:37,187 [3c897dd6-f9a8-4587-816d-4b361cef56f3@group-B319158F4DE0-LeaderElection24] INFO  impl.RoleInfo (RoleInfo.java:shutdownLeaderElection(130)) - 3c897dd6-f9a8-4587-816d-4b361cef56f3: shutdown 3c897dd6-f9a8-4587-816d-4b361cef56f3@group-B319158F4DE0-LeaderElection24
2022-10-14 20:48:37,187 [3c897dd6-f9a8-4587-816d-4b361cef56f3@group-B319158F4DE0-LeaderElection24] INFO  impl.RoleInfo (RoleInfo.java:updateAndGet(139)) - 3c897dd6-f9a8-4587-816d-4b361cef56f3: start 3c897dd6-f9a8-4587-816d-4b361cef56f3@group-B319158F4DE0-FollowerState
2022-10-14 20:48:42,288 [264ccfc1-7403-435b-81c3-d1dfb4335e59@group-B319158F4DE0-FollowerState] INFO  impl.FollowerState (FollowerState.java:run(143)) - 264ccfc1-7403-435b-81c3-d1dfb4335e59@group-B319158F4DE0-FollowerState: change to CANDIDATE, lastRpcElapsedTime:5101405233ns, electionTimeout:5101ms
2022-10-14 20:48:42,288 [264ccfc1-7403-435b-81c3-d1dfb4335e59@group-B319158F4DE0-FollowerState] INFO  impl.RoleInfo (RoleInfo.java:shutdownFollowerState(110)) - 264ccfc1-7403-435b-81c3-d1dfb4335e59: shutdown 264ccfc1-7403-435b-81c3-d1dfb4335e59@group-B319158F4DE0-FollowerState
2022-10-14 20:48:42,288 [264ccfc1-7403-435b-81c3-d1dfb4335e59@group-B319158F4DE0-FollowerState] INFO  server.RaftServer$Division (RaftServerImpl.java:setRole(299)) - 264ccfc1-7403-435b-81c3-d1dfb4335e59@group-B319158F4DE0: changes role from  FOLLOWER to CANDIDATE at term 3 for changeToCandidate
2022-10-14 20:48:42,288 [264ccfc1-7403-435b-81c3-d1dfb4335e59@group-B319158F4DE0-FollowerState] INFO  server.RaftServerConfigKeys (ConfUtils.java:logGet(46)) - raft.server.leaderelection.pre-vote = false (custom)
2022-10-14 20:48:42,288 [264ccfc1-7403-435b-81c3-d1dfb4335e59@group-B319158F4DE0-FollowerState] INFO  impl.RoleInfo (RoleInfo.java:updateAndGet(139)) - 264ccfc1-7403-435b-81c3-d1dfb4335e59: start 264ccfc1-7403-435b-81c3-d1dfb4335e59@group-B319158F4DE0-LeaderElection26
2022-10-14 20:48:42,296 [264ccfc1-7403-435b-81c3-d1dfb4335e59@group-B319158F4DE0-LeaderElection26] INFO  impl.LeaderElection (LeaderElection.java:askForVotes(310)) - 264ccfc1-7403-435b-81c3-d1dfb4335e59@group-B319158F4DE0-LeaderElection26 ELECTION round 0: submit vote requests at term 4 for -1: [27609338-e5ea-4e9e-bd63-6729dd2dbc7a|rpc:10.1.0.226:36963|priority:1, 264ccfc1-7403-435b-81c3-d1dfb4335e59|rpc:10.1.0.226:44593|priority:0, 3c897dd6-f9a8-4587-816d-4b361cef56f3|rpc:10.1.0.226:39577|priority:0], old=null
2022-10-14 20:48:42,298 [grpc-default-executor-2] INFO  server.RaftServer$Division (RaftServerImpl.java:requestVote(1152)) - 27609338-e5ea-4e9e-bd63-6729dd2dbc7a@group-B319158F4DE0: receive requestVote(ELECTION, 264ccfc1-7403-435b-81c3-d1dfb4335e59, group-B319158F4DE0, 4, (t:0, i:0))
2022-10-14 20:48:42,298 [grpc-default-executor-2] INFO  impl.VoteContext (VoteContext.java:log(48)) - 27609338-e5ea-4e9e-bd63-6729dd2dbc7a@group-B319158F4DE0-FOLLOWER: reject ELECTION from 264ccfc1-7403-435b-81c3-d1dfb4335e59: our priority 1 > candidate's priority 0
2022-10-14 20:48:42,298 [grpc-default-executor-2] INFO  server.RaftServer$Division (RaftServerImpl.java:setRole(299)) - 27609338-e5ea-4e9e-bd63-6729dd2dbc7a@group-B319158F4DE0: changes role from  FOLLOWER to FOLLOWER at term 4 for candidate:264ccfc1-7403-435b-81c3-d1dfb4335e59
2022-10-14 20:48:42,298 [grpc-default-executor-2] INFO  impl.RoleInfo (RoleInfo.java:shutdownFollowerState(110)) - 27609338-e5ea-4e9e-bd63-6729dd2dbc7a: shutdown 27609338-e5ea-4e9e-bd63-6729dd2dbc7a@group-B319158F4DE0-FollowerState
2022-10-14 20:48:42,299 [grpc-default-executor-2] INFO  impl.RoleInfo (RoleInfo.java:updateAndGet(139)) - 27609338-e5ea-4e9e-bd63-6729dd2dbc7a: start 27609338-e5ea-4e9e-bd63-6729dd2dbc7a@group-B319158F4DE0-FollowerState
2022-10-14 20:48:42,299 [27609338-e5ea-4e9e-bd63-6729dd2dbc7a@group-B319158F4DE0-FollowerState] INFO  impl.FollowerState (FollowerState.java:run(152)) - 27609338-e5ea-4e9e-bd63-6729dd2dbc7a@group-B319158F4DE0-FollowerState was interrupted
2022-10-14 20:48:42,299 [grpc-default-executor-3] INFO  server.RaftServer$Division (RaftServerImpl.java:requestVote(1152)) - 3c897dd6-f9a8-4587-816d-4b361cef56f3@group-B319158F4DE0: receive requestVote(ELECTION, 264ccfc1-7403-435b-81c3-d1dfb4335e59, group-B319158F4DE0, 4, (t:0, i:0))
2022-10-14 20:48:42,299 [grpc-default-executor-3] INFO  impl.VoteContext (VoteContext.java:log(48)) - 3c897dd6-f9a8-4587-816d-4b361cef56f3@group-B319158F4DE0-FOLLOWER: accept ELECTION from 264ccfc1-7403-435b-81c3-d1dfb4335e59: our priority 0 <= candidate's priority 0
2022-10-14 20:48:42,299 [grpc-default-executor-3] INFO  server.RaftServer$Division (RaftServerImpl.java:setRole(299)) - 3c897dd6-f9a8-4587-816d-4b361cef56f3@group-B319158F4DE0: changes role from  FOLLOWER to FOLLOWER at term 4 for candidate:264ccfc1-7403-435b-81c3-d1dfb4335e59
2022-10-14 20:48:42,299 [grpc-default-executor-3] INFO  impl.RoleInfo (RoleInfo.java:shutdownFollowerState(110)) - 3c897dd6-f9a8-4587-816d-4b361cef56f3: shutdown 3c897dd6-f9a8-4587-816d-4b361cef56f3@group-B319158F4DE0-FollowerState
2022-10-14 20:48:42,302 [grpc-default-executor-3] INFO  impl.RoleInfo (RoleInfo.java:updateAndGet(139)) - 3c897dd6-f9a8-4587-816d-4b361cef56f3: start 3c897dd6-f9a8-4587-816d-4b361cef56f3@group-B319158F4DE0-FollowerState
2022-10-14 20:48:42,302 [3c897dd6-f9a8-4587-816d-4b361cef56f3@group-B319158F4DE0-FollowerState] INFO  impl.FollowerState (FollowerState.java:run(152)) - 3c897dd6-f9a8-4587-816d-4b361cef56f3@group-B319158F4DE0-FollowerState was interrupted
2022-10-14 20:48:42,306 [grpc-default-executor-2] INFO  server.RaftServer$Division (RaftServerImpl.java:requestVote(1184)) - 27609338-e5ea-4e9e-bd63-6729dd2dbc7a@group-B319158F4DE0 replies to ELECTION vote request: 264ccfc1-7403-435b-81c3-d1dfb4335e59<-27609338-e5ea-4e9e-bd63-6729dd2dbc7a#0:FAIL-t4. Peer's state: 27609338-e5ea-4e9e-bd63-6729dd2dbc7a@group-B319158F4DE0:t4, leader=null, voted=null, raftlog=27609338-e5ea-4e9e-bd63-6729dd2dbc7a@group-B319158F4DE0-SegmentedRaftLog:OPENED:c-1, conf=-1: [27609338-e5ea-4e9e-bd63-6729dd2dbc7a|rpc:10.1.0.226:36963|dataStream:|priority:1, 264ccfc1-7403-435b-81c3-d1dfb4335e59|rpc:10.1.0.226:44593|dataStream:|priority:0, 3c897dd6-f9a8-4587-816d-4b361cef56f3|rpc:10.1.0.226:39577|dataStream:|priority:0], old=null
2022-10-14 20:48:42,306 [grpc-default-executor-3] INFO  server.RaftServer$Division (RaftServerImpl.java:requestVote(1184)) - 3c897dd6-f9a8-4587-816d-4b361cef56f3@group-B319158F4DE0 replies to ELECTION vote request: 264ccfc1-7403-435b-81c3-d1dfb4335e59<-3c897dd6-f9a8-4587-816d-4b361cef56f3#0:OK-t4. Peer's state: 3c897dd6-f9a8-4587-816d-4b361cef56f3@group-B319158F4DE0:t4, leader=null, voted=264ccfc1-7403-435b-81c3-d1dfb4335e59, raftlog=3c897dd6-f9a8-4587-816d-4b361cef56f3@group-B319158F4DE0-SegmentedRaftLog:OPENED:c-1, conf=-1: [27609338-e5ea-4e9e-bd63-6729dd2dbc7a|rpc:10.1.0.226:36963|dataStream:|priority:1, 264ccfc1-7403-435b-81c3-d1dfb4335e59|rpc:10.1.0.226:44593|dataStream:|priority:0, 3c897dd6-f9a8-4587-816d-4b361cef56f3|rpc:10.1.0.226:39577|dataStream:|priority:0], old=null
2022-10-14 20:48:42,307 [264ccfc1-7403-435b-81c3-d1dfb4335e59@group-B319158F4DE0-LeaderElection26] INFO  impl.LeaderElection (LeaderElection.java:logAndReturn(90)) - 264ccfc1-7403-435b-81c3-d1dfb4335e59@group-B319158F4DE0-LeaderElection26: ELECTION REJECTED received 1 response(s) and 0 exception(s):
2022-10-14 20:48:42,308 [264ccfc1-7403-435b-81c3-d1dfb4335e59@group-B319158F4DE0-LeaderElection26] INFO  impl.LeaderElection (LeaderElection.java:logAndReturn(94)) -   Response 0: 264ccfc1-7403-435b-81c3-d1dfb4335e59<-27609338-e5ea-4e9e-bd63-6729dd2dbc7a#0:FAIL-t4
2022-10-14 20:48:42,308 [264ccfc1-7403-435b-81c3-d1dfb4335e59@group-B319158F4DE0-LeaderElection26] INFO  impl.LeaderElection (LeaderElection.java:askForVotes(312)) - 264ccfc1-7403-435b-81c3-d1dfb4335e59@group-B319158F4DE0-LeaderElection26 ELECTION round 0: result REJECTED
2022-10-14 20:48:42,308 [264ccfc1-7403-435b-81c3-d1dfb4335e59@group-B319158F4DE0-LeaderElection26] INFO  server.RaftServer$Division (RaftServerImpl.java:setRole(299)) - 264ccfc1-7403-435b-81c3-d1dfb4335e59@group-B319158F4DE0: changes role from CANDIDATE to FOLLOWER at term 4 for REJECTED
2022-10-14 20:48:42,308 [264ccfc1-7403-435b-81c3-d1dfb4335e59@group-B319158F4DE0-LeaderElection26] INFO  impl.RoleInfo (RoleInfo.java:shutdownLeaderElection(130)) - 264ccfc1-7403-435b-81c3-d1dfb4335e59: shutdown 264ccfc1-7403-435b-81c3-d1dfb4335e59@group-B319158F4DE0-LeaderElection26
2022-10-14 20:48:42,308 [264ccfc1-7403-435b-81c3-d1dfb4335e59@group-B319158F4DE0-LeaderElection26] INFO  impl.RoleInfo (RoleInfo.java:updateAndGet(139)) - 264ccfc1-7403-435b-81c3-d1dfb4335e59: start 264ccfc1-7403-435b-81c3-d1dfb4335e59@group-B319158F4DE0-FollowerState
2022-10-14 20:48:47,450 [27609338-e5ea-4e9e-bd63-6729dd2dbc7a@group-B319158F4DE0-FollowerState] INFO  impl.FollowerState (FollowerState.java:run(143)) - 27609338-e5ea-4e9e-bd63-6729dd2dbc7a@group-B319158F4DE0-FollowerState: change to CANDIDATE, lastRpcElapsedTime:5151621407ns, electionTimeout:5148ms
2022-10-14 20:48:47,451 [27609338-e5ea-4e9e-bd63-6729dd2dbc7a@group-B319158F4DE0-FollowerState] INFO  impl.RoleInfo (RoleInfo.java:shutdownFollowerState(110)) - 27609338-e5ea-4e9e-bd63-6729dd2dbc7a: shutdown 27609338-e5ea-4e9e-bd63-6729dd2dbc7a@group-B319158F4DE0-FollowerState
2022-10-14 20:48:47,451 [27609338-e5ea-4e9e-bd63-6729dd2dbc7a@group-B319158F4DE0-FollowerState] INFO  server.RaftServer$Division (RaftServerImpl.java:setRole(299)) - 27609338-e5ea-4e9e-bd63-6729dd2dbc7a@group-B319158F4DE0: changes role from  FOLLOWER to CANDIDATE at term 4 for changeToCandidate
2022-10-14 20:48:47,451 [27609338-e5ea-4e9e-bd63-6729dd2dbc7a@group-B319158F4DE0-FollowerState] INFO  server.RaftServerConfigKeys (ConfUtils.java:logGet(46)) - raft.server.leaderelection.pre-vote = false (custom)
2022-10-14 20:48:47,451 [27609338-e5ea-4e9e-bd63-6729dd2dbc7a@group-B319158F4DE0-FollowerState] INFO  impl.RoleInfo (RoleInfo.java:updateAndGet(139)) - 27609338-e5ea-4e9e-bd63-6729dd2dbc7a: start 27609338-e5ea-4e9e-bd63-6729dd2dbc7a@group-B319158F4DE0-LeaderElection27
2022-10-14 20:48:47,461 [27609338-e5ea-4e9e-bd63-6729dd2dbc7a@group-B319158F4DE0-LeaderElection27] INFO  impl.LeaderElection (LeaderElection.java:askForVotes(310)) - 27609338-e5ea-4e9e-bd63-6729dd2dbc7a@group-B319158F4DE0-LeaderElection27 ELECTION round 0: submit vote requests at term 5 for -1: [27609338-e5ea-4e9e-bd63-6729dd2dbc7a|rpc:10.1.0.226:36963|dataStream:|priority:1, 264ccfc1-7403-435b-81c3-d1dfb4335e59|rpc:10.1.0.226:44593|dataStream:|priority:0, 3c897dd6-f9a8-4587-816d-4b361cef56f3|rpc:10.1.0.226:39577|dataStream:|priority:0], old=null
2022-10-14 20:48:47,470 [grpc-default-executor-3] INFO  server.RaftServer$Division (RaftServerImpl.java:requestVote(1152)) - 3c897dd6-f9a8-4587-816d-4b361cef56f3@group-B319158F4DE0: receive requestVote(ELECTION, 27609338-e5ea-4e9e-bd63-6729dd2dbc7a, group-B319158F4DE0, 5, (t:0, i:0))
2022-10-14 20:48:47,470 [grpc-default-executor-3] INFO  impl.VoteContext (VoteContext.java:log(48)) - 3c897dd6-f9a8-4587-816d-4b361cef56f3@group-B319158F4DE0-FOLLOWER: accept ELECTION from 27609338-e5ea-4e9e-bd63-6729dd2dbc7a: our priority 0 <= candidate's priority 1
2022-10-14 20:48:47,470 [grpc-default-executor-3] INFO  server.RaftServer$Division (RaftServerImpl.java:setRole(299)) - 3c897dd6-f9a8-4587-816d-4b361cef56f3@group-B319158F4DE0: changes role from  FOLLOWER to FOLLOWER at term 5 for candidate:27609338-e5ea-4e9e-bd63-6729dd2dbc7a
2022-10-14 20:48:47,470 [grpc-default-executor-3] INFO  impl.RoleInfo (RoleInfo.java:shutdownFollowerState(110)) - 3c897dd6-f9a8-4587-816d-4b361cef56f3: shutdown 3c897dd6-f9a8-4587-816d-4b361cef56f3@group-B319158F4DE0-FollowerState
2022-10-14 20:48:47,470 [grpc-default-executor-3] INFO  impl.RoleInfo (RoleInfo.java:updateAndGet(139)) - 3c897dd6-f9a8-4587-816d-4b361cef56f3: start 3c897dd6-f9a8-4587-816d-4b361cef56f3@group-B319158F4DE0-FollowerState
2022-10-14 20:48:47,470 [3c897dd6-f9a8-4587-816d-4b361cef56f3@group-B319158F4DE0-FollowerState] INFO  impl.FollowerState (FollowerState.java:run(152)) - 3c897dd6-f9a8-4587-816d-4b361cef56f3@group-B319158F4DE0-FollowerState was interrupted
2022-10-14 20:48:47,471 [grpc-default-executor-2] INFO  server.RaftServer$Division (RaftServerImpl.java:requestVote(1152)) - 264ccfc1-7403-435b-81c3-d1dfb4335e59@group-B319158F4DE0: receive requestVote(ELECTION, 27609338-e5ea-4e9e-bd63-6729dd2dbc7a, group-B319158F4DE0, 5, (t:0, i:0))
2022-10-14 20:48:47,477 [264ccfc1-7403-435b-81c3-d1dfb4335e59@group-B319158F4DE0-FollowerState] INFO  impl.FollowerState (FollowerState.java:run(143)) - 264ccfc1-7403-435b-81c3-d1dfb4335e59@group-B319158F4DE0-FollowerState: change to CANDIDATE, lastRpcElapsedTime:5168865427ns, electionTimeout:5167ms
2022-10-14 20:48:47,477 [264ccfc1-7403-435b-81c3-d1dfb4335e59@group-B319158F4DE0-FollowerState] INFO  impl.RoleInfo (RoleInfo.java:shutdownFollowerState(110)) - 264ccfc1-7403-435b-81c3-d1dfb4335e59: shutdown 264ccfc1-7403-435b-81c3-d1dfb4335e59@group-B319158F4DE0-FollowerState
2022-10-14 20:48:47,477 [264ccfc1-7403-435b-81c3-d1dfb4335e59@group-B319158F4DE0-FollowerState] INFO  server.RaftServer$Division (RaftServerImpl.java:setRole(299)) - 264ccfc1-7403-435b-81c3-d1dfb4335e59@group-B319158F4DE0: changes role from  FOLLOWER to CANDIDATE at term 4 for changeToCandidate
2022-10-14 20:48:47,477 [grpc-default-executor-3] INFO  server.RaftServer$Division (RaftServerImpl.java:requestVote(1184)) - 3c897dd6-f9a8-4587-816d-4b361cef56f3@group-B319158F4DE0 replies to ELECTION vote request: 27609338-e5ea-4e9e-bd63-6729dd2dbc7a<-3c897dd6-f9a8-4587-816d-4b361cef56f3#0:OK-t5. Peer's state: 3c897dd6-f9a8-4587-816d-4b361cef56f3@group-B319158F4DE0:t5, leader=null, voted=27609338-e5ea-4e9e-bd63-6729dd2dbc7a, raftlog=3c897dd6-f9a8-4587-816d-4b361cef56f3@group-B319158F4DE0-SegmentedRaftLog:OPENED:c-1, conf=-1: [27609338-e5ea-4e9e-bd63-6729dd2dbc7a|rpc:10.1.0.226:36963|dataStream:|priority:1, 264ccfc1-7403-435b-81c3-d1dfb4335e59|rpc:10.1.0.226:44593|dataStream:|priority:0, 3c897dd6-f9a8-4587-816d-4b361cef56f3|rpc:10.1.0.226:39577|dataStream:|priority:0], old=null
2022-10-14 20:48:47,477 [264ccfc1-7403-435b-81c3-d1dfb4335e59@group-B319158F4DE0-FollowerState] INFO  server.RaftServerConfigKeys (ConfUtils.java:logGet(46)) - raft.server.leaderelection.pre-vote = false (custom)
2022-10-14 20:48:47,477 [264ccfc1-7403-435b-81c3-d1dfb4335e59@group-B319158F4DE0-FollowerState] INFO  impl.RoleInfo (RoleInfo.java:updateAndGet(139)) - 264ccfc1-7403-435b-81c3-d1dfb4335e59: start 264ccfc1-7403-435b-81c3-d1dfb4335e59@group-B319158F4DE0-LeaderElection28
2022-10-14 20:48:47,478 [grpc-default-executor-2] INFO  impl.VoteContext (VoteContext.java:log(48)) - 264ccfc1-7403-435b-81c3-d1dfb4335e59@group-B319158F4DE0-CANDIDATE: accept ELECTION from 27609338-e5ea-4e9e-bd63-6729dd2dbc7a: our priority 0 <= candidate's priority 1
2022-10-14 20:48:47,478 [grpc-default-executor-2] INFO  server.RaftServer$Division (RaftServerImpl.java:setRole(299)) - 264ccfc1-7403-435b-81c3-d1dfb4335e59@group-B319158F4DE0: changes role from CANDIDATE to FOLLOWER at term 5 for candidate:27609338-e5ea-4e9e-bd63-6729dd2dbc7a
2022-10-14 20:48:47,478 [grpc-default-executor-2] INFO  impl.RoleInfo (RoleInfo.java:shutdownLeaderElection(130)) - 264ccfc1-7403-435b-81c3-d1dfb4335e59: shutdown 264ccfc1-7403-435b-81c3-d1dfb4335e59@group-B319158F4DE0-LeaderElection28
2022-10-14 20:48:47,478 [grpc-default-executor-2] INFO  impl.RoleInfo (RoleInfo.java:updateAndGet(139)) - 264ccfc1-7403-435b-81c3-d1dfb4335e59: start 264ccfc1-7403-435b-81c3-d1dfb4335e59@group-B319158F4DE0-FollowerState
2022-10-14 20:48:47,478 [264ccfc1-7403-435b-81c3-d1dfb4335e59@group-B319158F4DE0-LeaderElection28] INFO  impl.LeaderElection (LeaderElection.java:run(231)) - 264ccfc1-7403-435b-81c3-d1dfb4335e59@group-B319158F4DE0-LeaderElection28: skip running since this is already CLOSING
2022-10-14 20:48:47,482 [grpc-default-executor-2] INFO  server.RaftServer$Division (RaftServerImpl.java:requestVote(1184)) - 264ccfc1-7403-435b-81c3-d1dfb4335e59@group-B319158F4DE0 replies to ELECTION vote request: 27609338-e5ea-4e9e-bd63-6729dd2dbc7a<-264ccfc1-7403-435b-81c3-d1dfb4335e59#0:OK-t5. Peer's state: 264ccfc1-7403-435b-81c3-d1dfb4335e59@group-B319158F4DE0:t5, leader=null, voted=27609338-e5ea-4e9e-bd63-6729dd2dbc7a, raftlog=264ccfc1-7403-435b-81c3-d1dfb4335e59@group-B319158F4DE0-SegmentedRaftLog:OPENED:c-1, conf=-1: [27609338-e5ea-4e9e-bd63-6729dd2dbc7a|rpc:10.1.0.226:36963|priority:1, 264ccfc1-7403-435b-81c3-d1dfb4335e59|rpc:10.1.0.226:44593|priority:0, 3c897dd6-f9a8-4587-816d-4b361cef56f3|rpc:10.1.0.226:39577|priority:0], old=null
2022-10-14 20:48:47,483 [27609338-e5ea-4e9e-bd63-6729dd2dbc7a@group-B319158F4DE0-LeaderElection27] INFO  impl.LeaderElection (LeaderElection.java:logAndReturn(90)) - 27609338-e5ea-4e9e-bd63-6729dd2dbc7a@group-B319158F4DE0-LeaderElection27: ELECTION PASSED received 1 response(s) and 0 exception(s):
2022-10-14 20:48:47,483 [27609338-e5ea-4e9e-bd63-6729dd2dbc7a@group-B319158F4DE0-LeaderElection27] INFO  impl.LeaderElection (LeaderElection.java:logAndReturn(94)) -   Response 0: 27609338-e5ea-4e9e-bd63-6729dd2dbc7a<-3c897dd6-f9a8-4587-816d-4b361cef56f3#0:OK-t5
2022-10-14 20:48:47,483 [27609338-e5ea-4e9e-bd63-6729dd2dbc7a@group-B319158F4DE0-LeaderElection27] INFO  impl.LeaderElection (LeaderElection.java:askForVotes(312)) - 27609338-e5ea-4e9e-bd63-6729dd2dbc7a@group-B319158F4DE0-LeaderElection27 ELECTION round 0: result PASSED
2022-10-14 20:48:47,483 [27609338-e5ea-4e9e-bd63-6729dd2dbc7a@group-B319158F4DE0-LeaderElection27] INFO  impl.RoleInfo (RoleInfo.java:shutdownLeaderElection(130)) - 27609338-e5ea-4e9e-bd63-6729dd2dbc7a: shutdown 27609338-e5ea-4e9e-bd63-6729dd2dbc7a@group-B319158F4DE0-LeaderElection27
2022-10-14 20:48:47,483 [27609338-e5ea-4e9e-bd63-6729dd2dbc7a@group-B319158F4DE0-LeaderElection27] INFO  server.RaftServer$Division (RaftServerImpl.java:setRole(299)) - 27609338-e5ea-4e9e-bd63-6729dd2dbc7a@group-B319158F4DE0: changes role from CANDIDATE to LEADER at term 5 for changeToLeader
2022-10-14 20:48:47,483 [27609338-e5ea-4e9e-bd63-6729dd2dbc7a@group-B319158F4DE0-LeaderElection27] INFO  ratis.XceiverServerRatis (XceiverServerRatis.java:handleLeaderChangedNotification(863)) - Leader change notification received for group: group-B319158F4DE0 with new leaderId: 27609338-e5ea-4e9e-bd63-6729dd2dbc7a
2022-10-14 20:48:47,483 [27609338-e5ea-4e9e-bd63-6729dd2dbc7a@group-B319158F4DE0-LeaderElection27] INFO  server.RaftServer$Division (ServerState.java:setLeader(287)) - 27609338-e5ea-4e9e-bd63-6729dd2dbc7a@group-B319158F4DE0: change Leader from null to 27609338-e5ea-4e9e-bd63-6729dd2dbc7a at term 5 for becomeLeader, leader elected after 25546ms
2022-10-14 20:48:47,483 [27609338-e5ea-4e9e-bd63-6729dd2dbc7a@group-B319158F4DE0-LeaderElection27] INFO  server.RaftServerConfigKeys (ConfUtils.java:logGet(46)) - raft.server.staging.catchup.gap = 1000 (default)
2022-10-14 20:48:47,483 [27609338-e5ea-4e9e-bd63-6729dd2dbc7a@group-B319158F4DE0-LeaderElection27] INFO  server.RaftServerConfigKeys (ConfUtils.java:logGet(46)) - raft.server.write.element-limit = 1024 (custom)
2022-10-14 20:48:47,483 [27609338-e5ea-4e9e-bd63-6729dd2dbc7a@group-B319158F4DE0-LeaderElection27] INFO  server.RaftServerConfigKeys (ConfUtils.java:logGet(46)) - raft.server.write.byte-limit = 1024 M (=1073741824) (custom)
2022-10-14 20:48:47,484 [27609338-e5ea-4e9e-bd63-6729dd2dbc7a@group-B319158F4DE0-LeaderElection27] INFO  server.RaftServerConfigKeys (ConfUtils.java:logGet(46)) - raft.server.watch.timeout = 180s (custom)
2022-10-14 20:48:47,484 [27609338-e5ea-4e9e-bd63-6729dd2dbc7a@group-B319158F4DE0-LeaderElection27] INFO  server.RaftServerConfigKeys (ConfUtils.java:logGet(46)) - raft.server.watch.timeout.denomination = 1s (default)
2022-10-14 20:48:47,484 [27609338-e5ea-4e9e-bd63-6729dd2dbc7a@group-B319158F4DE0-LeaderElection27] INFO  server.RaftServerConfigKeys (ConfUtils.java:logGet(46)) - raft.server.watch.element-limit = 65536 (default)
2022-10-14 20:48:47,484 [27609338-e5ea-4e9e-bd63-6729dd2dbc7a@group-B319158F4DE0-LeaderElection27] INFO  server.RaftServerConfigKeys (ConfUtils.java:logGet(46)) - raft.server.write.element-limit = 1024 (custom)
2022-10-14 20:48:47,484 [27609338-e5ea-4e9e-bd63-6729dd2dbc7a@group-B319158F4DE0-LeaderElection27] INFO  server.RaftServerConfigKeys (ConfUtils.java:logGet(46)) - raft.server.write.follower.gap.ratio.max = -1.0 (default)
2022-10-14 20:48:47,484 [27609338-e5ea-4e9e-bd63-6729dd2dbc7a@group-B319158F4DE0-LeaderElection27] INFO  server.RaftServerConfigKeys (ConfUtils.java:logGet(46)) - raft.server.log.appender.snapshot.chunk.size.max = 16MB (=16777216) (default)
2022-10-14 20:48:47,485 [27609338-e5ea-4e9e-bd63-6729dd2dbc7a@group-B319158F4DE0-LeaderElection27] INFO  server.RaftServerConfigKeys (ConfUtils.java:logGet(46)) - raft.server.log.appender.buffer.byte-limit = 33554432 (custom)
2022-10-14 20:48:47,485 [27609338-e5ea-4e9e-bd63-6729dd2dbc7a@group-B319158F4DE0-LeaderElection27] INFO  server.RaftServerConfigKeys (ConfUtils.java:logGet(46)) - raft.server.log.appender.buffer.element-limit = 1 (custom)
2022-10-14 20:48:47,485 [27609338-e5ea-4e9e-bd63-6729dd2dbc7a@group-B319158F4DE0-LeaderElection27] INFO  grpc.GrpcConfigKeys (ConfUtils.java:logGet(46)) - raft.grpc.server.leader.outstanding.appends.max = 128 (default)
2022-10-14 20:48:47,485 [27609338-e5ea-4e9e-bd63-6729dd2dbc7a@group-B319158F4DE0-LeaderElection27] INFO  server.RaftServerConfigKeys (ConfUtils.java:logGet(46)) - raft.server.rpc.request.timeout = 60s (custom)
2022-10-14 20:48:47,485 [27609338-e5ea-4e9e-bd63-6729dd2dbc7a@group-B319158F4DE0-LeaderElection27] INFO  server.RaftServerConfigKeys (ConfUtils.java:logGet(46)) - raft.server.log.appender.install.snapshot.enabled = false (custom)
2022-10-14 20:48:47,485 [EventQueue-PipelineReportForPipelineReportHandler] INFO  pipeline.PipelineManagerImpl (PipelineManagerImpl.java:openPipeline(367)) - Pipeline Pipeline[ Id: 96c6ea32-f448-4df3-a1c9-b319158f4de0, Nodes: 3c897dd6-f9a8-4587-816d-4b361cef56f3{ip: 10.1.0.226, host: fv-az459-990.msq0az1vewme3jsxyslsv0htic.jx.internal.cloudapp.net, ports: [REPLICATION=34751, RATIS=39577, RATIS_ADMIN=39577, RATIS_SERVER=39577, STANDALONE=41121], networkLocation: /default-rack, certSerialId: null, persistedOpState: IN_SERVICE, persistedOpStateExpiryEpochSec: 0}264ccfc1-7403-435b-81c3-d1dfb4335e59{ip: 10.1.0.226, host: fv-az459-990.msq0az1vewme3jsxyslsv0htic.jx.internal.cloudapp.net, ports: [REPLICATION=35535, RATIS=44593, RATIS_ADMIN=44593, RATIS_SERVER=44593, STANDALONE=33275], networkLocation: /default-rack, certSerialId: null, persistedOpState: IN_SERVICE, persistedOpStateExpiryEpochSec: 0}27609338-e5ea-4e9e-bd63-6729dd2dbc7a{ip: 10.1.0.226, host: fv-az459-990.msq0az1vewme3jsxyslsv0htic.jx.internal.cloudapp.net, ports: [REPLICATION=40113, RATIS=36963, RATIS_ADMIN=36963, RATIS_SERVER=36963, STANDALONE=41637], networkLocation: /default-rack, certSerialId: null, persistedOpState: IN_SERVICE, persistedOpStateExpiryEpochSec: 0}, ReplicationConfig: RATIS/THREE, State:ALLOCATED, leaderId:27609338-e5ea-4e9e-bd63-6729dd2dbc7a, CreationTimestamp2022-10-14T20:48:19.543Z[Etc/UTC]] moved to OPEN state
2022-10-14 20:48:47,486 [27609338-e5ea-4e9e-bd63-6729dd2dbc7a@group-B319158F4DE0-LeaderElection27] INFO  server.RaftServerConfigKeys (ConfUtils.java:logGet(46)) - raft.server.log.appender.snapshot.chunk.size.max = 16MB (=16777216) (default)
2022-10-14 20:48:47,486 [27609338-e5ea-4e9e-bd63-6729dd2dbc7a@group-B319158F4DE0-LeaderElection27] INFO  server.RaftServerConfigKeys (ConfUtils.java:logGet(46)) - raft.server.log.appender.buffer.byte-limit = 33554432 (custom)
2022-10-14 20:48:47,486 [27609338-e5ea-4e9e-bd63-6729dd2dbc7a@group-B319158F4DE0-LeaderElection27] INFO  server.RaftServerConfigKeys (ConfUtils.java:logGet(46)) - raft.server.log.appender.buffer.element-limit = 1 (custom)
2022-10-14 20:48:47,486 [27609338-e5ea-4e9e-bd63-6729dd2dbc7a@group-B319158F4DE0-LeaderElection27] INFO  grpc.GrpcConfigKeys (ConfUtils.java:logGet(46)) - raft.grpc.server.leader.outstanding.appends.max = 128 (default)
2022-10-14 20:48:47,486 [27609338-e5ea-4e9e-bd63-6729dd2dbc7a@group-B319158F4DE0-LeaderElection27] INFO  server.RaftServerConfigKeys (ConfUtils.java:logGet(46)) - raft.server.rpc.request.timeout = 60s (custom)
2022-10-14 20:48:47,486 [27609338-e5ea-4e9e-bd63-6729dd2dbc7a@group-B319158F4DE0-LeaderElection27] INFO  server.RaftServerConfigKeys (ConfUtils.java:logGet(46)) - raft.server.log.appender.install.snapshot.enabled = false (custom)
2022-10-14 20:48:47,486 [27609338-e5ea-4e9e-bd63-6729dd2dbc7a@group-B319158F4DE0-LeaderElection27] INFO  impl.RoleInfo (RoleInfo.java:updateAndGet(139)) - 27609338-e5ea-4e9e-bd63-6729dd2dbc7a: start 27609338-e5ea-4e9e-bd63-6729dd2dbc7a@group-B319158F4DE0-LeaderStateImpl
2022-10-14 20:48:47,487 [27609338-e5ea-4e9e-bd63-6729dd2dbc7a@group-B319158F4DE0-LeaderElection27] INFO  segmented.SegmentedRaftLogWorker (SegmentedRaftLogWorker.java:startLogSegment(425)) - 27609338-e5ea-4e9e-bd63-6729dd2dbc7a@group-B319158F4DE0-SegmentedRaftLogWorker: Starting segment from index:0
2022-10-14 20:48:47,490 [27609338-e5ea-4e9e-bd63-6729dd2dbc7a@group-B319158F4DE0-SegmentedRaftLogWorker] INFO  segmented.SegmentedRaftLogWorker (SegmentedRaftLogWorker.java:execute(629)) - 27609338-e5ea-4e9e-bd63-6729dd2dbc7a@group-B319158F4DE0-SegmentedRaftLogWorker: created new log segment /home/runner/work/ozone/ozone/hadoop-ozone/integration-test/target/test-dir/MiniOzoneClusterImpl-1e9d71ba-d753-4201-9665-5e97e6b64b9c/datanode-5/data/ratis/96c6ea32-f448-4df3-a1c9-b319158f4de0/current/log_inprogress_0
2022-10-14 20:48:47,490 [27609338-e5ea-4e9e-bd63-6729dd2dbc7a@group-B319158F4DE0-LeaderElection27] INFO  server.RaftServer$Division (ServerState.java:setRaftConf(393)) - 27609338-e5ea-4e9e-bd63-6729dd2dbc7a@group-B319158F4DE0: set configuration 0: [27609338-e5ea-4e9e-bd63-6729dd2dbc7a|rpc:10.1.0.226:36963|dataStream:|priority:1, 264ccfc1-7403-435b-81c3-d1dfb4335e59|rpc:10.1.0.226:44593|dataStream:|priority:0, 3c897dd6-f9a8-4587-816d-4b361cef56f3|rpc:10.1.0.226:39577|dataStream:|priority:0], old=null
2022-10-14 20:48:47,494 [264ccfc1-7403-435b-81c3-d1dfb4335e59-server-thread1] INFO  ratis.XceiverServerRatis (XceiverServerRatis.java:handleLeaderChangedNotification(863)) - Leader change notification received for group: group-B319158F4DE0 with new leaderId: 27609338-e5ea-4e9e-bd63-6729dd2dbc7a
2022-10-14 20:48:47,494 [264ccfc1-7403-435b-81c3-d1dfb4335e59-server-thread1] INFO  server.RaftServer$Division (ServerState.java:setLeader(287)) - 264ccfc1-7403-435b-81c3-d1dfb4335e59@group-B319158F4DE0: change Leader from null to 27609338-e5ea-4e9e-bd63-6729dd2dbc7a at term 5 for appendEntries, leader elected after 25658ms
2022-10-14 20:48:47,494 [264ccfc1-7403-435b-81c3-d1dfb4335e59-server-thread1] INFO  server.RaftServer$Division (ServerState.java:setRaftConf(393)) - 264ccfc1-7403-435b-81c3-d1dfb4335e59@group-B319158F4DE0: set configuration 0: [27609338-e5ea-4e9e-bd63-6729dd2dbc7a|rpc:10.1.0.226:36963|dataStream:|priority:1, 264ccfc1-7403-435b-81c3-d1dfb4335e59|rpc:10.1.0.226:44593|dataStream:|priority:0, 3c897dd6-f9a8-4587-816d-4b361cef56f3|rpc:10.1.0.226:39577|dataStream:|priority:0], old=null
2022-10-14 20:48:47,495 [264ccfc1-7403-435b-81c3-d1dfb4335e59-server-thread1] INFO  segmented.SegmentedRaftLogWorker (SegmentedRaftLogWorker.java:startLogSegment(425)) - 264ccfc1-7403-435b-81c3-d1dfb4335e59@group-B319158F4DE0-SegmentedRaftLogWorker: Starting segment from index:0
2022-10-14 20:48:47,497 [264ccfc1-7403-435b-81c3-d1dfb4335e59@group-B319158F4DE0-SegmentedRaftLogWorker] INFO  segmented.SegmentedRaftLogWorker (SegmentedRaftLogWorker.java:execute(629)) - 264ccfc1-7403-435b-81c3-d1dfb4335e59@group-B319158F4DE0-SegmentedRaftLogWorker: created new log segment /home/runner/work/ozone/ozone/hadoop-ozone/integration-test/target/test-dir/MiniOzoneClusterImpl-1e9d71ba-d753-4201-9665-5e97e6b64b9c/datanode-3/data/ratis/96c6ea32-f448-4df3-a1c9-b319158f4de0/current/log_inprogress_0
2022-10-14 20:48:47,498 [3c897dd6-f9a8-4587-816d-4b361cef56f3-server-thread1] INFO  ratis.XceiverServerRatis (XceiverServerRatis.java:handleLeaderChangedNotification(863)) - Leader change notification received for group: group-B319158F4DE0 with new leaderId: 27609338-e5ea-4e9e-bd63-6729dd2dbc7a
2022-10-14 20:48:47,498 [3c897dd6-f9a8-4587-816d-4b361cef56f3-server-thread1] INFO  server.RaftServer$Division (ServerState.java:setLeader(287)) - 3c897dd6-f9a8-4587-816d-4b361cef56f3@group-B319158F4DE0: change Leader from null to 27609338-e5ea-4e9e-bd63-6729dd2dbc7a at term 5 for appendEntries, leader elected after 25618ms
2022-10-14 20:48:47,507 [3c897dd6-f9a8-4587-816d-4b361cef56f3-server-thread1] INFO  server.RaftServer$Division (ServerState.java:setRaftConf(393)) - 3c897dd6-f9a8-4587-816d-4b361cef56f3@group-B319158F4DE0: set configuration 0: [27609338-e5ea-4e9e-bd63-6729dd2dbc7a|rpc:10.1.0.226:36963|dataStream:|priority:1, 264ccfc1-7403-435b-81c3-d1dfb4335e59|rpc:10.1.0.226:44593|dataStream:|priority:0, 3c897dd6-f9a8-4587-816d-4b361cef56f3|rpc:10.1.0.226:39577|dataStream:|priority:0], old=null
2022-10-14 20:48:47,507 [3c897dd6-f9a8-4587-816d-4b361cef56f3-server-thread1] INFO  segmented.SegmentedRaftLogWorker (SegmentedRaftLogWorker.java:startLogSegment(425)) - 3c897dd6-f9a8-4587-816d-4b361cef56f3@group-B319158F4DE0-SegmentedRaftLogWorker: Starting segment from index:0
2022-10-14 20:48:47,508 [3c897dd6-f9a8-4587-816d-4b361cef56f3@group-B319158F4DE0-SegmentedRaftLogWorker] INFO  segmented.SegmentedRaftLogWorker (SegmentedRaftLogWorker.java:execute(629)) - 3c897dd6-f9a8-4587-816d-4b361cef56f3@group-B319158F4DE0-SegmentedRaftLogWorker: created new log segment /home/runner/work/ozone/ozone/hadoop-ozone/integration-test/target/test-dir/MiniOzoneClusterImpl-1e9d71ba-d753-4201-9665-5e97e6b64b9c/datanode-4/data/ratis/96c6ea32-f448-4df3-a1c9-b319158f4de0/current/log_inprogress_0
2022-10-14 20:49:04,882 [Over Replicated Processor] INFO  replication.OverReplicatedProcessor (OverReplicatedProcessor.java:processAll(90)) - Processed 0 over replicated containers, failed processing 0
2022-10-14 20:49:04,888 [Under Replicated Processor] INFO  replication.UnderReplicatedProcessor (UnderReplicatedProcessor.java:processAll(92)) - Processed 0 under replicated containers, failed processing 0
2022-10-14 20:49:34,882 [Over Replicated Processor] INFO  replication.OverReplicatedProcessor (OverReplicatedProcessor.java:processAll(90)) - Processed 0 over replicated containers, failed processing 0
2022-10-14 20:49:34,888 [Under Replicated Processor] INFO  replication.UnderReplicatedProcessor (UnderReplicatedProcessor.java:processAll(92)) - Processed 0 under replicated containers, failed processing 0
2022-10-14 20:50:04,883 [Over Replicated Processor] INFO  replication.OverReplicatedProcessor (OverReplicatedProcessor.java:processAll(90)) - Processed 0 over replicated containers, failed processing 0
2022-10-14 20:50:04,888 [Under Replicated Processor] INFO  replication.UnderReplicatedProcessor (UnderReplicatedProcessor.java:processAll(92)) - Processed 0 under replicated containers, failed processing 0
]]></system-out>
  </testcase>
</testsuite>