<?xml version="1.0" encoding="UTF-8"?>
<testsuite xmlns:xsi="http://www.w3.org/2001/XMLSchema-instance" xsi:noNamespaceSchemaLocation="https://maven.apache.org/surefire/maven-surefire-plugin/xsd/surefire-test-report-3.0.xsd" version="3.0" name="org.apache.hadoop.ozone.client.rpc.TestBlockOutputStreamFlushDelay" time="32.231" tests="6" errors="0" skipped="0" failures="1">
  <properties>
    <property name="awt.toolkit" value="sun.awt.X11.XToolkit"/>
    <property name="file.encoding.pkg" value="sun.io"/>
    <property name="java.specification.version" value="1.8"/>
    <property name="sun.cpu.isalist" value=""/>
    <property name="sun.jnu.encoding" value="UTF-8"/>
    <property name="java.class.path" value="/home/runner/work/ozone/ozone/hadoop-ozone/integration-test/target/test-classes:/home/runner/work/ozone/ozone/hadoop-ozone/integration-test/target/classes:/home/runner/.m2/repository/org/apache/ozone/ozone-common/1.3.0-SNAPSHOT/ozone-common-1.3.0-SNAPSHOT.jar:/home/runner/.m2/repository/io/grpc/grpc-netty/1.48.1/grpc-netty-1.48.1.jar:/home/runner/.m2/repository/io/grpc/grpc-core/1.48.1/grpc-core-1.48.1.jar:/home/runner/.m2/repository/com/google/android/annotations/4.1.1.4/annotations-4.1.1.4.jar:/home/runner/.m2/repository/org/codehaus/mojo/animal-sniffer-annotations/1.21/animal-sniffer-annotations-1.21.jar:/home/runner/.m2/repository/com/google/errorprone/error_prone_annotations/2.2.0/error_prone_annotations-2.2.0.jar:/home/runner/.m2/repository/io/perfmark/perfmark-api/0.25.0/perfmark-api-0.25.0.jar:/home/runner/.m2/repository/io/netty/netty-codec-http2/4.1.79.Final/netty-codec-http2-4.1.79.Final.jar:/home/runner/.m2/repository/io/netty/netty-common/4.1.79.Final/netty-common-4.1.79.Final.jar:/home/runner/.m2/repository/io/netty/netty-buffer/4.1.79.Final/netty-buffer-4.1.79.Final.jar:/home/runner/.m2/repository/io/netty/netty-codec-http/4.1.79.Final/netty-codec-http-4.1.79.Final.jar:/home/runner/.m2/repository/io/netty/netty-handler-proxy/4.1.79.Final/netty-handler-proxy-4.1.79.Final.jar:/home/runner/.m2/repository/io/netty/netty-codec-socks/4.1.79.Final/netty-codec-socks-4.1.79.Final.jar:/home/runner/.m2/repository/io/netty/netty-tcnative-boringssl-static/2.0.53.Final/netty-tcnative-boringssl-static-2.0.53.Final.jar:/home/runner/.m2/repository/io/netty/netty-tcnative-classes/2.0.53.Final/netty-tcnative-classes-2.0.53.Final.jar:/home/runner/.m2/repository/io/netty/netty-tcnative-boringssl-static/2.0.53.Final/netty-tcnative-boringssl-static-2.0.53.Final-linux-x86_64.jar:/home/runner/.m2/repository/io/netty/netty-tcnative-boringssl-static/2.0.53.Final/netty-tcnative-boringssl-static-2.0.53.Final-linux-aarch_64.jar:/home/runner/.m2/repository/io/netty/netty-tcnative-boringssl-static/2.0.53.Final/netty-tcnative-boringssl-static-2.0.53.Final-osx-x86_64.jar:/home/runner/.m2/repository/io/netty/netty-tcnative-boringssl-static/2.0.53.Final/netty-tcnative-boringssl-static-2.0.53.Final-osx-aarch_64.jar:/home/runner/.m2/repository/io/netty/netty-tcnative-boringssl-static/2.0.53.Final/netty-tcnative-boringssl-static-2.0.53.Final-windows-x86_64.jar:/home/runner/.m2/repository/org/apache/commons/commons-compress/1.21/commons-compress-1.21.jar:/home/runner/.m2/repository/org/apache/ozone/hdds-common/1.3.0-SNAPSHOT/hdds-common-1.3.0-SNAPSHOT.jar:/home/runner/.m2/repository/org/apache/ozone/hdds-client/1.3.0-SNAPSHOT/hdds-client-1.3.0-SNAPSHOT.jar:/home/runner/.m2/repository/org/apache/ozone/ozone-interface-client/1.3.0-SNAPSHOT/ozone-interface-client-1.3.0-SNAPSHOT.jar:/home/runner/.m2/repository/org/apache/ozone/hdds-test-utils/1.3.0-SNAPSHOT/hdds-test-utils-1.3.0-SNAPSHOT.jar:/home/runner/.m2/repository/com/google/guava/guava/31.1-jre/guava-31.1-jre.jar:/home/runner/.m2/repository/com/google/guava/failureaccess/1.0.1/failureaccess-1.0.1.jar:/home/runner/.m2/repository/com/google/guava/listenablefuture/9999.0-empty-to-avoid-conflict-with-guava/listenablefuture-9999.0-empty-to-avoid-conflict-with-guava.jar:/home/runner/.m2/repository/com/google/code/findbugs/jsr305/3.0.0/jsr305-3.0.0.jar:/home/runner/.m2/repository/org/checkerframework/checker-qual/3.12.0/checker-qual-3.12.0.jar:/home/runner/.m2/repository/com/google/j2objc/j2objc-annotations/1.3/j2objc-annotations-1.3.jar:/home/runner/.m2/repository/commons-io/commons-io/2.11.0/commons-io-2.11.0.jar:/home/runner/.m2/repository/commons-logging/commons-logging/1.2/commons-logging-1.2.jar:/home/runner/.m2/repository/ch/qos/reload4j/reload4j/1.2.22/reload4j-1.2.22.jar:/home/runner/.m2/repository/org/slf4j/slf4j-api/1.7.36/slf4j-api-1.7.36.jar:/home/runner/.m2/repository/org/apache/ozone/hdds-server-scm/1.3.0-SNAPSHOT/hdds-server-scm-1.3.0-SNAPSHOT.jar:/home/runner/.m2/repository/org/apache/ozone/hdds-container-service/1.3.0-SNAPSHOT/hdds-container-service-1.3.0-SNAPSHOT.jar:/home/runner/.m2/repository/org/apache/ozone/hdds-hadoop-dependency-server/1.3.0-SNAPSHOT/hdds-hadoop-dependency-server-1.3.0-SNAPSHOT.jar:/home/runner/.m2/repository/org/apache/hadoop/hadoop-hdfs/3.3.4/hadoop-hdfs-3.3.4.jar:/home/runner/.m2/repository/org/eclipse/jetty/jetty-util-ajax/9.4.49.v20220914/jetty-util-ajax-9.4.49.v20220914.jar:/home/runner/.m2/repository/commons-daemon/commons-daemon/1.0.13/commons-daemon-1.0.13.jar:/home/runner/.m2/repository/org/apache/ozone/hdds-server-framework/1.3.0-SNAPSHOT/hdds-server-framework-1.3.0-SNAPSHOT.jar:/home/runner/.m2/repository/org/apache/ozone/hdds-interface-server/1.3.0-SNAPSHOT/hdds-interface-server-1.3.0-SNAPSHOT.jar:/home/runner/.m2/repository/org/apache/commons/commons-configuration2/2.1.1/commons-configuration2-2.1.1.jar:/home/runner/.m2/repository/org/apache/logging/log4j/log4j-core/2.17.1/log4j-core-2.17.1.jar:/home/runner/.m2/repository/com/lmax/disruptor/3.4.2/disruptor-3.4.2.jar:/home/runner/.m2/repository/org/eclipse/jetty/jetty-servlet/9.4.49.v20220914/jetty-servlet-9.4.49.v20220914.jar:/home/runner/.m2/repository/org/eclipse/jetty/jetty-security/9.4.49.v20220914/jetty-security-9.4.49.v20220914.jar:/home/runner/.m2/repository/org/rocksdb/rocksdbjni/7.4.5/rocksdbjni-7.4.5.jar:/home/runner/.m2/repository/io/prometheus/simpleclient_dropwizard/0.7.0/simpleclient_dropwizard-0.7.0.jar:/home/runner/.m2/repository/io/prometheus/simpleclient/0.7.0/simpleclient-0.7.0.jar:/home/runner/.m2/repository/io/prometheus/simpleclient_common/0.7.0/simpleclient_common-0.7.0.jar:/home/runner/.m2/repository/com/github/spotbugs/spotbugs-annotations/3.1.12/spotbugs-annotations-3.1.12.jar:/home/runner/.m2/repository/io/dropwizard/metrics/metrics-core/3.2.4/metrics-core-3.2.4.jar:/home/runner/.m2/repository/org/apache/commons/commons-text/1.4/commons-text-1.4.jar:/home/runner/.m2/repository/org/apache/hadoop/hadoop-hdfs-client/3.3.4/hadoop-hdfs-client-3.3.4.jar:/home/runner/.m2/repository/com/squareup/okhttp3/okhttp/4.9.3/okhttp-4.9.3.jar:/home/runner/.m2/repository/com/squareup/okio/okio/2.8.0/okio-2.8.0.jar:/home/runner/.m2/repository/org/jetbrains/kotlin/kotlin-stdlib-common/1.4.10/kotlin-stdlib-common-1.4.10.jar:/home/runner/.m2/repository/org/bouncycastle/bcprov-jdk15on/1.67/bcprov-jdk15on-1.67.jar:/home/runner/.m2/repository/com/google/protobuf/protobuf-java/2.5.0/protobuf-java-2.5.0.jar:/home/runner/.m2/repository/org/apache/ozone/ozone-manager/1.3.0-SNAPSHOT/ozone-manager-1.3.0-SNAPSHOT.jar:/home/runner/.m2/repository/org/aspectj/aspectjrt/1.9.7/aspectjrt-1.9.7.jar:/home/runner/.m2/repository/org/aspectj/aspectjweaver/1.9.7/aspectjweaver-1.9.7.jar:/home/runner/.m2/repository/org/apache/ozone/hdds-interface-client/1.3.0-SNAPSHOT/hdds-interface-client-1.3.0-SNAPSHOT.jar:/home/runner/.m2/repository/org/apache/hadoop/thirdparty/hadoop-shaded-protobuf_3_7/1.1.1/hadoop-shaded-protobuf_3_7-1.1.1.jar:/home/runner/.m2/repository/org/apache/ozone/ozone-interface-storage/1.3.0-SNAPSHOT/ozone-interface-storage-1.3.0-SNAPSHOT.jar:/home/runner/.m2/repository/org/reflections/reflections/0.9.11/reflections-0.9.11.jar:/home/runner/.m2/repository/com/sun/jersey/jersey-client/1.19/jersey-client-1.19.jar:/home/runner/.m2/repository/org/apache/ranger/ranger-intg/2.3.0/ranger-intg-2.3.0.jar:/home/runner/.m2/repository/org/apache/ranger/ranger-plugins-common/2.3.0/ranger-plugins-common-2.3.0.jar:/home/runner/.m2/repository/commons-lang/commons-lang/2.6/commons-lang-2.6.jar:/home/runner/.m2/repository/org/codehaus/jackson/jackson-jaxrs/1.9.13/jackson-jaxrs-1.9.13.jar:/home/runner/.m2/repository/org/apache/ranger/ranger-plugins-cred/2.3.0/ranger-plugins-cred-2.3.0.jar:/home/runner/.m2/repository/org/apache/ranger/ranger-plugins-audit/2.3.0/ranger-plugins-audit-2.3.0.jar:/home/runner/.m2/repository/org/eclipse/jetty/jetty-client/9.4.31.v20200723/jetty-client-9.4.31.v20200723.jar:/home/runner/.m2/repository/org/apache/httpcomponents/httpmime/4.5.6/httpmime-4.5.6.jar:/home/runner/.m2/repository/org/apache/httpcomponents/httpcore-nio/4.4.6/httpcore-nio-4.4.6.jar:/home/runner/.m2/repository/org/apache/httpcomponents/httpasyncclient/4.1.3/httpasyncclient-4.1.3.jar:/home/runner/.m2/repository/com/carrotsearch/hppc/0.8.0/hppc-0.8.0.jar:/home/runner/.m2/repository/org/apache/orc/orc-core/1.5.8/orc-core-1.5.8.jar:/home/runner/.m2/repository/net/java/dev/jna/jna/5.2.0/jna-5.2.0.jar:/home/runner/.m2/repository/net/java/dev/jna/jna-platform/5.2.0/jna-platform-5.2.0.jar:/home/runner/.m2/repository/com/kstruct/gethostname4j/0.0.2/gethostname4j-0.0.2.jar:/home/runner/.m2/repository/org/apache/ranger/ranger-plugin-classloader/2.3.0/ranger-plugin-classloader-2.3.0.jar:/home/runner/.m2/repository/org/apache/hadoop/hadoop-minikdc/3.3.4/hadoop-minikdc-3.3.4.jar:/home/runner/.m2/repository/org/apache/kerby/kerb-simplekdc/1.0.1/kerb-simplekdc-1.0.1.jar:/home/runner/.m2/repository/org/apache/kerby/kerb-client/1.0.1/kerb-client-1.0.1.jar:/home/runner/.m2/repository/org/apache/kerby/kerby-config/1.0.1/kerby-config-1.0.1.jar:/home/runner/.m2/repository/org/apache/kerby/kerb-common/1.0.1/kerb-common-1.0.1.jar:/home/runner/.m2/repository/org/apache/kerby/kerb-crypto/1.0.1/kerb-crypto-1.0.1.jar:/home/runner/.m2/repository/org/apache/kerby/kerb-util/1.0.1/kerb-util-1.0.1.jar:/home/runner/.m2/repository/org/apache/kerby/token-provider/1.0.1/token-provider-1.0.1.jar:/home/runner/.m2/repository/org/apache/kerby/kerb-admin/1.0.1/kerb-admin-1.0.1.jar:/home/runner/.m2/repository/org/apache/kerby/kerb-server/1.0.1/kerb-server-1.0.1.jar:/home/runner/.m2/repository/org/apache/kerby/kerb-identity/1.0.1/kerb-identity-1.0.1.jar:/home/runner/.m2/repository/org/apache/kerby/kerby-xdr/1.0.1/kerby-xdr-1.0.1.jar:/home/runner/.m2/repository/org/apache/ozone/ozone-s3gateway/1.3.0-SNAPSHOT/ozone-s3gateway-1.3.0-SNAPSHOT.jar:/home/runner/.m2/repository/org/javassist/javassist/3.21.0-GA/javassist-3.21.0-GA.jar:/home/runner/.m2/repository/org/jboss/weld/servlet/weld-servlet/2.4.7.Final/weld-servlet-2.4.7.Final.jar:/home/runner/.m2/repository/org/glassfish/jersey/containers/jersey-container-servlet-core/2.34/jersey-container-servlet-core-2.34.jar:/home/runner/.m2/repository/org/glassfish/hk2/external/jakarta.inject/2.6.1/jakarta.inject-2.6.1.jar:/home/runner/.m2/repository/org/glassfish/jersey/core/jersey-common/2.34/jersey-common-2.34.jar:/home/runner/.m2/repository/jakarta/ws/rs/jakarta.ws.rs-api/2.1.6/jakarta.ws.rs-api-2.1.6.jar:/home/runner/.m2/repository/org/glassfish/jersey/ext/cdi/jersey-cdi1x/2.34/jersey-cdi1x-2.34.jar:/home/runner/.m2/repository/org/glassfish/jersey/inject/jersey-hk2/2.34/jersey-hk2-2.34.jar:/home/runner/.m2/repository/org/glassfish/hk2/hk2-locator/2.6.1/hk2-locator-2.6.1.jar:/home/runner/.m2/repository/org/glassfish/jersey/media/jersey-media-jaxb/2.34/jersey-media-jaxb-2.34.jar:/home/runner/.m2/repository/org/glassfish/hk2/osgi-resource-locator/1.0.3/osgi-resource-locator-1.0.3.jar:/home/runner/.m2/repository/org/glassfish/hk2/hk2-api/2.5.0/hk2-api-2.5.0.jar:/home/runner/.m2/repository/org/glassfish/hk2/hk2-utils/2.5.0/hk2-utils-2.5.0.jar:/home/runner/.m2/repository/org/glassfish/hk2/external/aopalliance-repackaged/2.5.0/aopalliance-repackaged-2.5.0.jar:/home/runner/.m2/repository/com/fasterxml/jackson/dataformat/jackson-dataformat-xml/2.13.4/jackson-dataformat-xml-2.13.4.jar:/home/runner/.m2/repository/com/fasterxml/jackson/core/jackson-core/2.13.4/jackson-core-2.13.4.jar:/home/runner/.m2/repository/org/codehaus/woodstox/stax2-api/3.1.4/stax2-api-3.1.4.jar:/home/runner/.m2/repository/com/fasterxml/woodstox/woodstox-core/5.4.0/woodstox-core-5.4.0.jar:/home/runner/.m2/repository/com/fasterxml/jackson/module/jackson-module-jaxb-annotations/2.13.4/jackson-module-jaxb-annotations-2.13.4.jar:/home/runner/.m2/repository/jakarta/xml/bind/jakarta.xml.bind-api/2.3.3/jakarta.xml.bind-api-2.3.3.jar:/home/runner/.m2/repository/jakarta/activation/jakarta.activation-api/1.2.1/jakarta.activation-api-1.2.1.jar:/home/runner/.m2/repository/javax/enterprise/cdi-api/1.2/cdi-api-1.2.jar:/home/runner/.m2/repository/javax/el/javax.el-api/3.0.0/javax.el-api-3.0.0.jar:/home/runner/.m2/repository/javax/interceptor/javax.interceptor-api/1.2/javax.interceptor-api-1.2.jar:/home/runner/.m2/repository/javax/inject/javax.inject/1/javax.inject-1.jar:/home/runner/.m2/repository/javax/xml/bind/jaxb-api/2.3.0/jaxb-api-2.3.0.jar:/home/runner/.m2/repository/org/glassfish/jaxb/jaxb-runtime/2.3.0.1/jaxb-runtime-2.3.0.1.jar:/home/runner/.m2/repository/org/glassfish/jaxb/jaxb-core/2.3.0.1/jaxb-core-2.3.0.1.jar:/home/runner/.m2/repository/org/glassfish/jaxb/txw2/2.3.0.1/txw2-2.3.0.1.jar:/home/runner/.m2/repository/com/sun/istack/istack-commons-runtime/3.0.5/istack-commons-runtime-3.0.5.jar:/home/runner/.m2/repository/org/jvnet/staxex/stax-ex/1.7.8/stax-ex-1.7.8.jar:/home/runner/.m2/repository/com/sun/xml/fastinfoset/FastInfoset/1.2.13/FastInfoset-1.2.13.jar:/home/runner/.m2/repository/javax/activation/activation/1.1.1/activation-1.1.1.jar:/home/runner/.m2/repository/io/grpc/grpc-protobuf/1.48.1/grpc-protobuf-1.48.1.jar:/home/runner/.m2/repository/io/grpc/grpc-api/1.48.1/grpc-api-1.48.1.jar:/home/runner/.m2/repository/io/grpc/grpc-context/1.48.1/grpc-context-1.48.1.jar:/home/runner/.m2/repository/com/google/api/grpc/proto-google-common-protos/2.9.0/proto-google-common-protos-2.9.0.jar:/home/runner/.m2/repository/io/grpc/grpc-protobuf-lite/1.48.1/grpc-protobuf-lite-1.48.1.jar:/home/runner/.m2/repository/io/grpc/grpc-stub/1.48.1/grpc-stub-1.48.1.jar:/home/runner/.m2/repository/io/netty/netty-transport/4.1.79.Final/netty-transport-4.1.79.Final.jar:/home/runner/.m2/repository/io/netty/netty-resolver/4.1.79.Final/netty-resolver-4.1.79.Final.jar:/home/runner/.m2/repository/org/apache/ozone/ozone-csi/1.3.0-SNAPSHOT/ozone-csi-1.3.0-SNAPSHOT.jar:/home/runner/.m2/repository/com/google/protobuf/protobuf-java-util/3.19.2/protobuf-java-util-3.19.2.jar:/home/runner/.m2/repository/com/google/code/gson/gson/2.9.0/gson-2.9.0.jar:/home/runner/.m2/repository/org/apache/ozone/hdds-config/1.3.0-SNAPSHOT/hdds-config-1.3.0-SNAPSHOT.jar:/home/runner/.m2/repository/io/netty/netty-transport-native-epoll/4.1.79.Final/netty-transport-native-epoll-4.1.79.Final-linux-x86_64.jar:/home/runner/.m2/repository/io/netty/netty-transport-classes-epoll/4.1.79.Final/netty-transport-classes-epoll-4.1.79.Final.jar:/home/runner/.m2/repository/io/netty/netty-transport-native-unix-common/4.1.79.Final/netty-transport-native-unix-common-4.1.79.Final.jar:/home/runner/.m2/repository/org/slf4j/slf4j-reload4j/1.7.36/slf4j-reload4j-1.7.36.jar:/home/runner/.m2/repository/org/apache/ozone/ozone-recon/1.3.0-SNAPSHOT/ozone-recon-1.3.0-SNAPSHOT.jar:/home/runner/.m2/repository/org/apache/ozone/ozone-reconcodegen/1.3.0-SNAPSHOT/ozone-reconcodegen-1.3.0-SNAPSHOT.jar:/home/runner/.m2/repository/com/google/inject/extensions/guice-multibindings/4.0/guice-multibindings-4.0.jar:/home/runner/.m2/repository/com/google/inject/guice/4.0/guice-4.0.jar:/home/runner/.m2/repository/aopalliance/aopalliance/1.0/aopalliance-1.0.jar:/home/runner/.m2/repository/com/google/inject/extensions/guice-assistedinject/4.0/guice-assistedinject-4.0.jar:/home/runner/.m2/repository/com/google/inject/extensions/guice-servlet/4.0/guice-servlet-4.0.jar:/home/runner/.m2/repository/org/glassfish/jersey/containers/jersey-container-servlet/2.34/jersey-container-servlet-2.34.jar:/home/runner/.m2/repository/org/glassfish/hk2/guice-bridge/2.5.0/guice-bridge-2.5.0.jar:/home/runner/.m2/repository/org/glassfish/jersey/core/jersey-server/2.34/jersey-server-2.34.jar:/home/runner/.m2/repository/org/glassfish/jersey/core/jersey-client/2.34/jersey-client-2.34.jar:/home/runner/.m2/repository/jakarta/annotation/jakarta.annotation-api/1.3.5/jakarta.annotation-api-1.3.5.jar:/home/runner/.m2/repository/jakarta/validation/jakarta.validation-api/2.0.2/jakarta.validation-api-2.0.2.jar:/home/runner/.m2/repository/org/glassfish/jersey/media/jersey-media-json-jackson/2.34/jersey-media-json-jackson-2.34.jar:/home/runner/.m2/repository/org/glassfish/jersey/ext/jersey-entity-filtering/2.34/jersey-entity-filtering-2.34.jar:/home/runner/.m2/repository/org/jooq/jooq/3.11.10/jooq-3.11.10.jar:/home/runner/.m2/repository/org/jooq/jooq-meta/3.11.10/jooq-meta-3.11.10.jar:/home/runner/.m2/repository/org/jooq/jooq-codegen/3.11.10/jooq-codegen-3.11.10.jar:/home/runner/.m2/repository/com/jolbox/bonecp/0.8.0.RELEASE/bonecp-0.8.0.RELEASE.jar:/home/runner/.m2/repository/org/apache/derby/derby/10.14.2.0/derby-10.14.2.0.jar:/home/runner/.m2/repository/org/xerial/sqlite-jdbc/3.25.2/sqlite-jdbc-3.25.2.jar:/home/runner/.m2/repository/org/springframework/spring-jdbc/5.3.23/spring-jdbc-5.3.23.jar:/home/runner/.m2/repository/org/springframework/spring-beans/5.3.23/spring-beans-5.3.23.jar:/home/runner/.m2/repository/org/springframework/spring-core/5.3.23/spring-core-5.3.23.jar:/home/runner/.m2/repository/org/springframework/spring-jcl/5.3.23/spring-jcl-5.3.23.jar:/home/runner/.m2/repository/org/springframework/spring-tx/5.3.23/spring-tx-5.3.23.jar:/home/runner/.m2/repository/org/apache/ozone/ozone-client/1.3.0-SNAPSHOT/ozone-client-1.3.0-SNAPSHOT.jar:/home/runner/.m2/repository/org/apache/ozone/hdds-erasurecode/1.3.0-SNAPSHOT/hdds-erasurecode-1.3.0-SNAPSHOT.jar:/home/runner/.m2/repository/org/apache/ozone/ozone-filesystem/1.3.0-SNAPSHOT/ozone-filesystem-1.3.0-SNAPSHOT.jar:/home/runner/.m2/repository/org/apache/ozone/ozone-filesystem-common/1.3.0-SNAPSHOT/ozone-filesystem-common-1.3.0-SNAPSHOT.jar:/home/runner/.m2/repository/org/apache/ozone/ozone-tools/1.3.0-SNAPSHOT/ozone-tools-1.3.0-SNAPSHOT.jar:/home/runner/.m2/repository/org/apache/ratis/ratis-tools/2.4.0/ratis-tools-2.4.0.jar:/home/runner/.m2/repository/com/amazonaws/aws-java-sdk-core/1.12.261/aws-java-sdk-core-1.12.261.jar:/home/runner/.m2/repository/org/apache/httpcomponents/httpclient/4.5.13/httpclient-4.5.13.jar:/home/runner/.m2/repository/org/apache/httpcomponents/httpcore/4.4.13/httpcore-4.4.13.jar:/home/runner/.m2/repository/software/amazon/ion/ion-java/1.0.2/ion-java-1.0.2.jar:/home/runner/.m2/repository/com/fasterxml/jackson/dataformat/jackson-dataformat-cbor/2.13.4/jackson-dataformat-cbor-2.13.4.jar:/home/runner/.m2/repository/joda-time/joda-time/2.8.1/joda-time-2.8.1.jar:/home/runner/.m2/repository/com/amazonaws/aws-java-sdk-s3/1.12.261/aws-java-sdk-s3-1.12.261.jar:/home/runner/.m2/repository/com/amazonaws/aws-java-sdk-kms/1.12.261/aws-java-sdk-kms-1.12.261.jar:/home/runner/.m2/repository/com/amazonaws/jmespath-java/1.12.261/jmespath-java-1.12.261.jar:/home/runner/.m2/repository/org/kohsuke/metainf-services/metainf-services/1.8/metainf-services-1.8.jar:/home/runner/.m2/repository/org/apache/ozone/hdds-tools/1.3.0-SNAPSHOT/hdds-tools-1.3.0-SNAPSHOT.jar:/home/runner/.m2/repository/commons-cli/commons-cli/1.2/commons-cli-1.2.jar:/home/runner/.m2/repository/org/apache/commons/commons-lang3/3.7/commons-lang3-3.7.jar:/home/runner/.m2/repository/org/apache/ozone/ozone-manager/1.3.0-SNAPSHOT/ozone-manager-1.3.0-SNAPSHOT-tests.jar:/home/runner/.m2/repository/org/apache/ozone/hdds-common/1.3.0-SNAPSHOT/hdds-common-1.3.0-SNAPSHOT-tests.jar:/home/runner/.m2/repository/org/apache/ozone/hdds-hadoop-dependency-client/1.3.0-SNAPSHOT/hdds-hadoop-dependency-client-1.3.0-SNAPSHOT.jar:/home/runner/.m2/repository/info/picocli/picocli/4.6.1/picocli-4.6.1.jar:/home/runner/.m2/repository/com/fasterxml/jackson/core/jackson-annotations/2.13.4/jackson-annotations-2.13.4.jar:/home/runner/.m2/repository/com/fasterxml/jackson/datatype/jackson-datatype-jsr310/2.13.4/jackson-datatype-jsr310-2.13.4.jar:/home/runner/.m2/repository/org/apache/ozone/hdds-annotation-processing/1.3.0-SNAPSHOT/hdds-annotation-processing-1.3.0-SNAPSHOT.jar:/home/runner/.m2/repository/javax/annotation/javax.annotation-api/1.2/javax.annotation-api-1.2.jar:/home/runner/.m2/repository/org/apache/ratis/ratis-server/2.4.0/ratis-server-2.4.0.jar:/home/runner/.m2/repository/org/apache/ratis/ratis-client/2.4.0/ratis-client-2.4.0.jar:/home/runner/.m2/repository/org/apache/ratis/ratis-server-api/2.4.0/ratis-server-api-2.4.0.jar:/home/runner/.m2/repository/org/apache/ratis/ratis-metrics/2.4.0/ratis-metrics-2.4.0.jar:/home/runner/.m2/repository/org/apache/ratis/ratis-netty/2.4.0/ratis-netty-2.4.0.jar:/home/runner/.m2/repository/org/apache/ratis/ratis-grpc/2.4.0/ratis-grpc-2.4.0.jar:/home/runner/.m2/repository/org/apache/logging/log4j/log4j-api/2.17.1/log4j-api-2.17.1.jar:/home/runner/.m2/repository/org/apache/commons/commons-pool2/2.6.0/commons-pool2-2.6.0.jar:/home/runner/.m2/repository/org/bouncycastle/bcpkix-jdk15on/1.67/bcpkix-jdk15on-1.67.jar:/home/runner/.m2/repository/commons-validator/commons-validator/1.6/commons-validator-1.6.jar:/home/runner/.m2/repository/commons-beanutils/commons-beanutils/1.9.4/commons-beanutils-1.9.4.jar:/home/runner/.m2/repository/commons-digester/commons-digester/1.8.1/commons-digester-1.8.1.jar:/home/runner/.m2/repository/commons-collections/commons-collections/3.2.2/commons-collections-3.2.2.jar:/home/runner/.m2/repository/io/jaegertracing/jaeger-client/1.6.0/jaeger-client-1.6.0.jar:/home/runner/.m2/repository/io/jaegertracing/jaeger-thrift/1.6.0/jaeger-thrift-1.6.0.jar:/home/runner/.m2/repository/org/apache/thrift/libthrift/0.14.1/libthrift-0.14.1.jar:/home/runner/.m2/repository/io/jaegertracing/jaeger-core/1.6.0/jaeger-core-1.6.0.jar:/home/runner/.m2/repository/io/jaegertracing/jaeger-tracerresolver/1.6.0/jaeger-tracerresolver-1.6.0.jar:/home/runner/.m2/repository/io/opentracing/contrib/opentracing-tracerresolver/0.1.8/opentracing-tracerresolver-0.1.8.jar:/home/runner/.m2/repository/org/jetbrains/kotlin/kotlin-stdlib/1.6.21/kotlin-stdlib-1.6.21.jar:/home/runner/.m2/repository/org/jetbrains/annotations/13.0/annotations-13.0.jar:/home/runner/.m2/repository/io/opentracing/opentracing-util/0.33.0/opentracing-util-0.33.0.jar:/home/runner/.m2/repository/io/opentracing/opentracing-api/0.33.0/opentracing-api-0.33.0.jar:/home/runner/.m2/repository/io/opentracing/opentracing-noop/0.33.0/opentracing-noop-0.33.0.jar:/home/runner/.m2/repository/org/yaml/snakeyaml/1.33/snakeyaml-1.33.jar:/home/runner/.m2/repository/org/apache/ozone/hdds-interface-admin/1.3.0-SNAPSHOT/hdds-interface-admin-1.3.0-SNAPSHOT.jar:/home/runner/.m2/repository/junit/junit/4.13.1/junit-4.13.1.jar:/home/runner/.m2/repository/org/hamcrest/hamcrest-core/1.3/hamcrest-core-1.3.jar:/home/runner/.m2/repository/org/junit/jupiter/junit-jupiter-api/5.8.2/junit-jupiter-api-5.8.2.jar:/home/runner/.m2/repository/org/opentest4j/opentest4j/1.2.0/opentest4j-1.2.0.jar:/home/runner/.m2/repository/org/junit/platform/junit-platform-commons/1.8.2/junit-platform-commons-1.8.2.jar:/home/runner/.m2/repository/org/apiguardian/apiguardian-api/1.1.2/apiguardian-api-1.1.2.jar:/home/runner/.m2/repository/org/junit/jupiter/junit-jupiter-params/5.8.2/junit-jupiter-params-5.8.2.jar:/home/runner/.m2/repository/org/junit/jupiter/junit-jupiter-migrationsupport/5.8.2/junit-jupiter-migrationsupport-5.8.2.jar:/home/runner/.m2/repository/org/junit/jupiter/junit-jupiter-engine/5.8.2/junit-jupiter-engine-5.8.2.jar:/home/runner/.m2/repository/org/junit/platform/junit-platform-engine/1.8.2/junit-platform-engine-1.8.2.jar:/home/runner/.m2/repository/org/junit/vintage/junit-vintage-engine/5.8.2/junit-vintage-engine-5.8.2.jar:/home/runner/.m2/repository/org/junit/platform/junit-platform-launcher/1.8.2/junit-platform-launcher-1.8.2.jar:/home/runner/.m2/repository/org/mockito/mockito-core/2.28.2/mockito-core-2.28.2.jar:/home/runner/.m2/repository/net/bytebuddy/byte-buddy/1.9.10/byte-buddy-1.9.10.jar:/home/runner/.m2/repository/net/bytebuddy/byte-buddy-agent/1.9.10/byte-buddy-agent-1.9.10.jar:/home/runner/.m2/repository/org/objenesis/objenesis/1.0/objenesis-1.0.jar:/home/runner/.m2/repository/org/apache/hadoop/hadoop-kms/3.3.4/hadoop-kms-3.3.4.jar:/home/runner/.m2/repository/org/apache/hadoop/hadoop-auth/3.3.4/hadoop-auth-3.3.4.jar:/home/runner/.m2/repository/com/nimbusds/nimbus-jose-jwt/7.9/nimbus-jose-jwt-7.9.jar:/home/runner/.m2/repository/com/github/stephenc/jcip/jcip-annotations/1.0-1/jcip-annotations-1.0-1.jar:/home/runner/.m2/repository/net/minidev/json-smart/2.4.7/json-smart-2.4.7.jar:/home/runner/.m2/repository/net/minidev/accessors-smart/2.4.7/accessors-smart-2.4.7.jar:/home/runner/.m2/repository/org/ow2/asm/asm/5.0.4/asm-5.0.4.jar:/home/runner/.m2/repository/org/apache/zookeeper/zookeeper/3.5.6/zookeeper-3.5.6.jar:/home/runner/.m2/repository/org/apache/zookeeper/zookeeper-jute/3.5.6/zookeeper-jute-3.5.6.jar:/home/runner/.m2/repository/org/apache/yetus/audience-annotations/0.5.0/audience-annotations-0.5.0.jar:/home/runner/.m2/repository/org/apache/curator/curator-framework/4.2.0/curator-framework-4.2.0.jar:/home/runner/.m2/repository/org/apache/hadoop/thirdparty/hadoop-shaded-guava/1.1.1/hadoop-shaded-guava-1.1.1.jar:/home/runner/.m2/repository/com/sun/jersey/jersey-core/1.19/jersey-core-1.19.jar:/home/runner/.m2/repository/javax/ws/rs/jsr311-api/1.1.1/jsr311-api-1.1.1.jar:/home/runner/.m2/repository/com/sun/jersey/jersey-server/1.19/jersey-server-1.19.jar:/home/runner/.m2/repository/javax/servlet/javax.servlet-api/3.1.0/javax.servlet-api-3.1.0.jar:/home/runner/.m2/repository/org/eclipse/jetty/jetty-server/9.4.49.v20220914/jetty-server-9.4.49.v20220914.jar:/home/runner/.m2/repository/org/eclipse/jetty/jetty-http/9.4.49.v20220914/jetty-http-9.4.49.v20220914.jar:/home/runner/.m2/repository/org/eclipse/jetty/jetty-io/9.4.49.v20220914/jetty-io-9.4.49.v20220914.jar:/home/runner/.m2/repository/org/eclipse/jetty/jetty-webapp/9.4.49.v20220914/jetty-webapp-9.4.49.v20220914.jar:/home/runner/.m2/repository/org/eclipse/jetty/jetty-xml/9.4.49.v20220914/jetty-xml-9.4.49.v20220914.jar:/home/runner/.m2/repository/org/apache/hadoop/hadoop-common/3.3.4/hadoop-common-3.3.4.jar:/home/runner/.m2/repository/org/apache/commons/commons-math3/3.1.1/commons-math3-3.1.1.jar:/home/runner/.m2/repository/commons-net/commons-net/3.6/commons-net-3.6.jar:/home/runner/.m2/repository/com/sun/jersey/jersey-servlet/1.19/jersey-servlet-1.19.jar:/home/runner/.m2/repository/com/sun/jersey/jersey-json/1.19/jersey-json-1.19.jar:/home/runner/.m2/repository/org/codehaus/jettison/jettison/1.1/jettison-1.1.jar:/home/runner/.m2/repository/com/sun/xml/bind/jaxb-impl/2.2.3-1/jaxb-impl-2.2.3-1.jar:/home/runner/.m2/repository/org/codehaus/jackson/jackson-xc/1.9.2/jackson-xc-1.9.2.jar:/home/runner/.m2/repository/com/google/re2j/re2j/1.1/re2j-1.1.jar:/home/runner/.m2/repository/com/jcraft/jsch/0.1.54/jsch-0.1.54.jar:/home/runner/.m2/repository/org/apache/curator/curator-client/4.2.0/curator-client-4.2.0.jar:/home/runner/.m2/repository/org/apache/curator/curator-recipes/4.2.0/curator-recipes-4.2.0.jar:/home/runner/.m2/repository/org/apache/kerby/kerb-core/1.0.1/kerb-core-1.0.1.jar:/home/runner/.m2/repository/org/apache/kerby/kerby-pkix/1.0.1/kerby-pkix-1.0.1.jar:/home/runner/.m2/repository/org/apache/kerby/kerby-asn1/1.0.1/kerby-asn1-1.0.1.jar:/home/runner/.m2/repository/org/apache/kerby/kerby-util/1.0.1/kerby-util-1.0.1.jar:/home/runner/.m2/repository/dnsjava/dnsjava/2.1.7/dnsjava-2.1.7.jar:/home/runner/.m2/repository/org/xerial/snappy/snappy-java/1.1.8.2/snappy-java-1.1.8.2.jar:/home/runner/.m2/repository/org/eclipse/jetty/jetty-util/9.4.49.v20220914/jetty-util-9.4.49.v20220914.jar:/home/runner/.m2/repository/com/fasterxml/jackson/core/jackson-databind/2.13.4.2/jackson-databind-2.13.4.2.jar:/home/runner/.m2/repository/org/apache/hadoop/hadoop-kms/3.3.4/hadoop-kms-3.3.4-tests.jar:/home/runner/.m2/repository/org/apache/ozone/hdds-server-scm/1.3.0-SNAPSHOT/hdds-server-scm-1.3.0-SNAPSHOT-tests.jar:/home/runner/.m2/repository/org/apache/ozone/hdds-container-service/1.3.0-SNAPSHOT/hdds-container-service-1.3.0-SNAPSHOT-tests.jar:/home/runner/.m2/repository/commons-codec/commons-codec/1.11/commons-codec-1.11.jar:/home/runner/.m2/repository/io/netty/netty-codec/4.1.79.Final/netty-codec-4.1.79.Final.jar:/home/runner/.m2/repository/io/netty/netty-handler/4.1.79.Final/netty-handler-4.1.79.Final.jar:/home/runner/.m2/repository/org/apache/ozone/hdds-hadoop-dependency-test/1.3.0-SNAPSHOT/hdds-hadoop-dependency-test-1.3.0-SNAPSHOT.jar:/home/runner/.m2/repository/org/apache/hadoop/hadoop-common/3.3.4/hadoop-common-3.3.4-tests.jar:/home/runner/.m2/repository/org/apache/hadoop/hadoop-hdfs/3.3.4/hadoop-hdfs-3.3.4-tests.jar:/home/runner/.m2/repository/org/assertj/assertj-core/3.12.2/assertj-core-3.12.2.jar:/home/runner/.m2/repository/org/apache/hadoop/hadoop-distcp/3.3.4/hadoop-distcp-3.3.4.jar:/home/runner/.m2/repository/org/apache/hadoop/hadoop-mapreduce-client-jobclient/3.3.4/hadoop-mapreduce-client-jobclient-3.3.4.jar:/home/runner/.m2/repository/org/apache/hadoop/hadoop-mapreduce-client-common/3.3.4/hadoop-mapreduce-client-common-3.3.4.jar:/home/runner/.m2/repository/org/apache/hadoop/hadoop-yarn-common/3.3.4/hadoop-yarn-common-3.3.4.jar:/home/runner/.m2/repository/org/apache/hadoop/hadoop-yarn-api/3.3.4/hadoop-yarn-api-3.3.4.jar:/home/runner/.m2/repository/com/sun/jersey/contribs/jersey-guice/1.19/jersey-guice-1.19.jar:/home/runner/.m2/repository/com/fasterxml/jackson/jaxrs/jackson-jaxrs-json-provider/2.13.4/jackson-jaxrs-json-provider-2.13.4.jar:/home/runner/.m2/repository/com/fasterxml/jackson/jaxrs/jackson-jaxrs-base/2.13.4/jackson-jaxrs-base-2.13.4.jar:/home/runner/.m2/repository/org/apache/hadoop/hadoop-yarn-client/3.3.4/hadoop-yarn-client-3.3.4.jar:/home/runner/.m2/repository/org/eclipse/jetty/websocket/websocket-client/9.4.43.v20210629/websocket-client-9.4.43.v20210629.jar:/home/runner/.m2/repository/org/eclipse/jetty/websocket/websocket-common/9.4.43.v20210629/websocket-common-9.4.43.v20210629.jar:/home/runner/.m2/repository/org/eclipse/jetty/websocket/websocket-api/9.4.43.v20210629/websocket-api-9.4.43.v20210629.jar:/home/runner/.m2/repository/org/jline/jline/3.9.0/jline-3.9.0.jar:/home/runner/.m2/repository/org/apache/hadoop/hadoop-mapreduce-client-core/3.3.4/hadoop-mapreduce-client-core-3.3.4.jar:/home/runner/.m2/repository/org/apache/avro/avro/1.7.7/avro-1.7.7.jar:/home/runner/.m2/repository/org/codehaus/jackson/jackson-core-asl/1.9.13/jackson-core-asl-1.9.13.jar:/home/runner/.m2/repository/org/codehaus/jackson/jackson-mapper-asl/1.9.13/jackson-mapper-asl-1.9.13.jar:/home/runner/.m2/repository/com/thoughtworks/paranamer/paranamer/2.3/paranamer-2.3.jar:/home/runner/.m2/repository/org/apache/hadoop/hadoop-annotations/3.3.4/hadoop-annotations-3.3.4.jar:/usr/lib/jvm/temurin-8-jdk-amd64/jre/../lib/tools.jar:/home/runner/.m2/repository/io/netty/netty/3.10.6.Final/netty-3.10.6.Final.jar:/home/runner/.m2/repository/org/apache/hadoop/hadoop-distcp/3.3.4/hadoop-distcp-3.3.4-tests.jar:/home/runner/.m2/repository/org/slf4j/jul-to-slf4j/1.7.36/jul-to-slf4j-1.7.36.jar:/home/runner/.m2/repository/org/apache/ratis/ratis-common/2.4.0/ratis-common-2.4.0.jar:/home/runner/.m2/repository/org/apache/ratis/ratis-thirdparty-misc/1.0.2/ratis-thirdparty-misc-1.0.2.jar:/home/runner/.m2/repository/org/apache/ratis/ratis-proto/2.4.0/ratis-proto-2.4.0.jar:"/>
    <property name="java.vm.vendor" value="Temurin"/>
    <property name="sun.arch.data.model" value="64"/>
    <property name="test.build.dir" value="/home/runner/work/ozone/ozone/hadoop-ozone/integration-test/target/test-dir"/>
    <property name="test.cache.data" value=""/>
    <property name="java.vendor.url" value="https://adoptium.net/"/>
    <property name="user.timezone" value="Etc/UTC"/>
    <property name="java.vm.specification.version" value="1.8"/>
    <property name="os.name" value="Linux"/>
    <property name="test.build.data" value="/home/runner/work/ozone/ozone/hadoop-ozone/integration-test/target/test-dir"/>
    <property name="sun.java.launcher" value="SUN_STANDARD"/>
    <property name="sun.boot.library.path" value="/usr/lib/jvm/temurin-8-jdk-amd64/jre/lib/amd64"/>
    <property name="sun.java.command" value="/home/runner/work/ozone/ozone/hadoop-ozone/integration-test/target/surefire/surefirebooter8142142001954572126.jar /home/runner/work/ozone/ozone/hadoop-ozone/integration-test/target/surefire 2022-11-07T12-55-12_138-jvmRun1 surefire508566318908162871tmp surefire_316111141445071688293tmp"/>
    <property name="surefire.test.class.path" value="/home/runner/work/ozone/ozone/hadoop-ozone/integration-test/target/test-classes:/home/runner/work/ozone/ozone/hadoop-ozone/integration-test/target/classes:/home/runner/.m2/repository/org/apache/ozone/ozone-common/1.3.0-SNAPSHOT/ozone-common-1.3.0-SNAPSHOT.jar:/home/runner/.m2/repository/io/grpc/grpc-netty/1.48.1/grpc-netty-1.48.1.jar:/home/runner/.m2/repository/io/grpc/grpc-core/1.48.1/grpc-core-1.48.1.jar:/home/runner/.m2/repository/com/google/android/annotations/4.1.1.4/annotations-4.1.1.4.jar:/home/runner/.m2/repository/org/codehaus/mojo/animal-sniffer-annotations/1.21/animal-sniffer-annotations-1.21.jar:/home/runner/.m2/repository/com/google/errorprone/error_prone_annotations/2.2.0/error_prone_annotations-2.2.0.jar:/home/runner/.m2/repository/io/perfmark/perfmark-api/0.25.0/perfmark-api-0.25.0.jar:/home/runner/.m2/repository/io/netty/netty-codec-http2/4.1.79.Final/netty-codec-http2-4.1.79.Final.jar:/home/runner/.m2/repository/io/netty/netty-common/4.1.79.Final/netty-common-4.1.79.Final.jar:/home/runner/.m2/repository/io/netty/netty-buffer/4.1.79.Final/netty-buffer-4.1.79.Final.jar:/home/runner/.m2/repository/io/netty/netty-codec-http/4.1.79.Final/netty-codec-http-4.1.79.Final.jar:/home/runner/.m2/repository/io/netty/netty-handler-proxy/4.1.79.Final/netty-handler-proxy-4.1.79.Final.jar:/home/runner/.m2/repository/io/netty/netty-codec-socks/4.1.79.Final/netty-codec-socks-4.1.79.Final.jar:/home/runner/.m2/repository/io/netty/netty-tcnative-boringssl-static/2.0.53.Final/netty-tcnative-boringssl-static-2.0.53.Final.jar:/home/runner/.m2/repository/io/netty/netty-tcnative-classes/2.0.53.Final/netty-tcnative-classes-2.0.53.Final.jar:/home/runner/.m2/repository/io/netty/netty-tcnative-boringssl-static/2.0.53.Final/netty-tcnative-boringssl-static-2.0.53.Final-linux-x86_64.jar:/home/runner/.m2/repository/io/netty/netty-tcnative-boringssl-static/2.0.53.Final/netty-tcnative-boringssl-static-2.0.53.Final-linux-aarch_64.jar:/home/runner/.m2/repository/io/netty/netty-tcnative-boringssl-static/2.0.53.Final/netty-tcnative-boringssl-static-2.0.53.Final-osx-x86_64.jar:/home/runner/.m2/repository/io/netty/netty-tcnative-boringssl-static/2.0.53.Final/netty-tcnative-boringssl-static-2.0.53.Final-osx-aarch_64.jar:/home/runner/.m2/repository/io/netty/netty-tcnative-boringssl-static/2.0.53.Final/netty-tcnative-boringssl-static-2.0.53.Final-windows-x86_64.jar:/home/runner/.m2/repository/org/apache/commons/commons-compress/1.21/commons-compress-1.21.jar:/home/runner/.m2/repository/org/apache/ozone/hdds-common/1.3.0-SNAPSHOT/hdds-common-1.3.0-SNAPSHOT.jar:/home/runner/.m2/repository/org/apache/ozone/hdds-client/1.3.0-SNAPSHOT/hdds-client-1.3.0-SNAPSHOT.jar:/home/runner/.m2/repository/org/apache/ozone/ozone-interface-client/1.3.0-SNAPSHOT/ozone-interface-client-1.3.0-SNAPSHOT.jar:/home/runner/.m2/repository/org/apache/ozone/hdds-test-utils/1.3.0-SNAPSHOT/hdds-test-utils-1.3.0-SNAPSHOT.jar:/home/runner/.m2/repository/com/google/guava/guava/31.1-jre/guava-31.1-jre.jar:/home/runner/.m2/repository/com/google/guava/failureaccess/1.0.1/failureaccess-1.0.1.jar:/home/runner/.m2/repository/com/google/guava/listenablefuture/9999.0-empty-to-avoid-conflict-with-guava/listenablefuture-9999.0-empty-to-avoid-conflict-with-guava.jar:/home/runner/.m2/repository/com/google/code/findbugs/jsr305/3.0.0/jsr305-3.0.0.jar:/home/runner/.m2/repository/org/checkerframework/checker-qual/3.12.0/checker-qual-3.12.0.jar:/home/runner/.m2/repository/com/google/j2objc/j2objc-annotations/1.3/j2objc-annotations-1.3.jar:/home/runner/.m2/repository/commons-io/commons-io/2.11.0/commons-io-2.11.0.jar:/home/runner/.m2/repository/commons-logging/commons-logging/1.2/commons-logging-1.2.jar:/home/runner/.m2/repository/ch/qos/reload4j/reload4j/1.2.22/reload4j-1.2.22.jar:/home/runner/.m2/repository/org/slf4j/slf4j-api/1.7.36/slf4j-api-1.7.36.jar:/home/runner/.m2/repository/org/apache/ozone/hdds-server-scm/1.3.0-SNAPSHOT/hdds-server-scm-1.3.0-SNAPSHOT.jar:/home/runner/.m2/repository/org/apache/ozone/hdds-container-service/1.3.0-SNAPSHOT/hdds-container-service-1.3.0-SNAPSHOT.jar:/home/runner/.m2/repository/org/apache/ozone/hdds-hadoop-dependency-server/1.3.0-SNAPSHOT/hdds-hadoop-dependency-server-1.3.0-SNAPSHOT.jar:/home/runner/.m2/repository/org/apache/hadoop/hadoop-hdfs/3.3.4/hadoop-hdfs-3.3.4.jar:/home/runner/.m2/repository/org/eclipse/jetty/jetty-util-ajax/9.4.49.v20220914/jetty-util-ajax-9.4.49.v20220914.jar:/home/runner/.m2/repository/commons-daemon/commons-daemon/1.0.13/commons-daemon-1.0.13.jar:/home/runner/.m2/repository/org/apache/ozone/hdds-server-framework/1.3.0-SNAPSHOT/hdds-server-framework-1.3.0-SNAPSHOT.jar:/home/runner/.m2/repository/org/apache/ozone/hdds-interface-server/1.3.0-SNAPSHOT/hdds-interface-server-1.3.0-SNAPSHOT.jar:/home/runner/.m2/repository/org/apache/commons/commons-configuration2/2.1.1/commons-configuration2-2.1.1.jar:/home/runner/.m2/repository/org/apache/logging/log4j/log4j-core/2.17.1/log4j-core-2.17.1.jar:/home/runner/.m2/repository/com/lmax/disruptor/3.4.2/disruptor-3.4.2.jar:/home/runner/.m2/repository/org/eclipse/jetty/jetty-servlet/9.4.49.v20220914/jetty-servlet-9.4.49.v20220914.jar:/home/runner/.m2/repository/org/eclipse/jetty/jetty-security/9.4.49.v20220914/jetty-security-9.4.49.v20220914.jar:/home/runner/.m2/repository/org/rocksdb/rocksdbjni/7.4.5/rocksdbjni-7.4.5.jar:/home/runner/.m2/repository/io/prometheus/simpleclient_dropwizard/0.7.0/simpleclient_dropwizard-0.7.0.jar:/home/runner/.m2/repository/io/prometheus/simpleclient/0.7.0/simpleclient-0.7.0.jar:/home/runner/.m2/repository/io/prometheus/simpleclient_common/0.7.0/simpleclient_common-0.7.0.jar:/home/runner/.m2/repository/com/github/spotbugs/spotbugs-annotations/3.1.12/spotbugs-annotations-3.1.12.jar:/home/runner/.m2/repository/io/dropwizard/metrics/metrics-core/3.2.4/metrics-core-3.2.4.jar:/home/runner/.m2/repository/org/apache/commons/commons-text/1.4/commons-text-1.4.jar:/home/runner/.m2/repository/org/apache/hadoop/hadoop-hdfs-client/3.3.4/hadoop-hdfs-client-3.3.4.jar:/home/runner/.m2/repository/com/squareup/okhttp3/okhttp/4.9.3/okhttp-4.9.3.jar:/home/runner/.m2/repository/com/squareup/okio/okio/2.8.0/okio-2.8.0.jar:/home/runner/.m2/repository/org/jetbrains/kotlin/kotlin-stdlib-common/1.4.10/kotlin-stdlib-common-1.4.10.jar:/home/runner/.m2/repository/org/bouncycastle/bcprov-jdk15on/1.67/bcprov-jdk15on-1.67.jar:/home/runner/.m2/repository/com/google/protobuf/protobuf-java/2.5.0/protobuf-java-2.5.0.jar:/home/runner/.m2/repository/org/apache/ozone/ozone-manager/1.3.0-SNAPSHOT/ozone-manager-1.3.0-SNAPSHOT.jar:/home/runner/.m2/repository/org/aspectj/aspectjrt/1.9.7/aspectjrt-1.9.7.jar:/home/runner/.m2/repository/org/aspectj/aspectjweaver/1.9.7/aspectjweaver-1.9.7.jar:/home/runner/.m2/repository/org/apache/ozone/hdds-interface-client/1.3.0-SNAPSHOT/hdds-interface-client-1.3.0-SNAPSHOT.jar:/home/runner/.m2/repository/org/apache/hadoop/thirdparty/hadoop-shaded-protobuf_3_7/1.1.1/hadoop-shaded-protobuf_3_7-1.1.1.jar:/home/runner/.m2/repository/org/apache/ozone/ozone-interface-storage/1.3.0-SNAPSHOT/ozone-interface-storage-1.3.0-SNAPSHOT.jar:/home/runner/.m2/repository/org/reflections/reflections/0.9.11/reflections-0.9.11.jar:/home/runner/.m2/repository/com/sun/jersey/jersey-client/1.19/jersey-client-1.19.jar:/home/runner/.m2/repository/org/apache/ranger/ranger-intg/2.3.0/ranger-intg-2.3.0.jar:/home/runner/.m2/repository/org/apache/ranger/ranger-plugins-common/2.3.0/ranger-plugins-common-2.3.0.jar:/home/runner/.m2/repository/commons-lang/commons-lang/2.6/commons-lang-2.6.jar:/home/runner/.m2/repository/org/codehaus/jackson/jackson-jaxrs/1.9.13/jackson-jaxrs-1.9.13.jar:/home/runner/.m2/repository/org/apache/ranger/ranger-plugins-cred/2.3.0/ranger-plugins-cred-2.3.0.jar:/home/runner/.m2/repository/org/apache/ranger/ranger-plugins-audit/2.3.0/ranger-plugins-audit-2.3.0.jar:/home/runner/.m2/repository/org/eclipse/jetty/jetty-client/9.4.31.v20200723/jetty-client-9.4.31.v20200723.jar:/home/runner/.m2/repository/org/apache/httpcomponents/httpmime/4.5.6/httpmime-4.5.6.jar:/home/runner/.m2/repository/org/apache/httpcomponents/httpcore-nio/4.4.6/httpcore-nio-4.4.6.jar:/home/runner/.m2/repository/org/apache/httpcomponents/httpasyncclient/4.1.3/httpasyncclient-4.1.3.jar:/home/runner/.m2/repository/com/carrotsearch/hppc/0.8.0/hppc-0.8.0.jar:/home/runner/.m2/repository/org/apache/orc/orc-core/1.5.8/orc-core-1.5.8.jar:/home/runner/.m2/repository/net/java/dev/jna/jna/5.2.0/jna-5.2.0.jar:/home/runner/.m2/repository/net/java/dev/jna/jna-platform/5.2.0/jna-platform-5.2.0.jar:/home/runner/.m2/repository/com/kstruct/gethostname4j/0.0.2/gethostname4j-0.0.2.jar:/home/runner/.m2/repository/org/apache/ranger/ranger-plugin-classloader/2.3.0/ranger-plugin-classloader-2.3.0.jar:/home/runner/.m2/repository/org/apache/hadoop/hadoop-minikdc/3.3.4/hadoop-minikdc-3.3.4.jar:/home/runner/.m2/repository/org/apache/kerby/kerb-simplekdc/1.0.1/kerb-simplekdc-1.0.1.jar:/home/runner/.m2/repository/org/apache/kerby/kerb-client/1.0.1/kerb-client-1.0.1.jar:/home/runner/.m2/repository/org/apache/kerby/kerby-config/1.0.1/kerby-config-1.0.1.jar:/home/runner/.m2/repository/org/apache/kerby/kerb-common/1.0.1/kerb-common-1.0.1.jar:/home/runner/.m2/repository/org/apache/kerby/kerb-crypto/1.0.1/kerb-crypto-1.0.1.jar:/home/runner/.m2/repository/org/apache/kerby/kerb-util/1.0.1/kerb-util-1.0.1.jar:/home/runner/.m2/repository/org/apache/kerby/token-provider/1.0.1/token-provider-1.0.1.jar:/home/runner/.m2/repository/org/apache/kerby/kerb-admin/1.0.1/kerb-admin-1.0.1.jar:/home/runner/.m2/repository/org/apache/kerby/kerb-server/1.0.1/kerb-server-1.0.1.jar:/home/runner/.m2/repository/org/apache/kerby/kerb-identity/1.0.1/kerb-identity-1.0.1.jar:/home/runner/.m2/repository/org/apache/kerby/kerby-xdr/1.0.1/kerby-xdr-1.0.1.jar:/home/runner/.m2/repository/org/apache/ozone/ozone-s3gateway/1.3.0-SNAPSHOT/ozone-s3gateway-1.3.0-SNAPSHOT.jar:/home/runner/.m2/repository/org/javassist/javassist/3.21.0-GA/javassist-3.21.0-GA.jar:/home/runner/.m2/repository/org/jboss/weld/servlet/weld-servlet/2.4.7.Final/weld-servlet-2.4.7.Final.jar:/home/runner/.m2/repository/org/glassfish/jersey/containers/jersey-container-servlet-core/2.34/jersey-container-servlet-core-2.34.jar:/home/runner/.m2/repository/org/glassfish/hk2/external/jakarta.inject/2.6.1/jakarta.inject-2.6.1.jar:/home/runner/.m2/repository/org/glassfish/jersey/core/jersey-common/2.34/jersey-common-2.34.jar:/home/runner/.m2/repository/jakarta/ws/rs/jakarta.ws.rs-api/2.1.6/jakarta.ws.rs-api-2.1.6.jar:/home/runner/.m2/repository/org/glassfish/jersey/ext/cdi/jersey-cdi1x/2.34/jersey-cdi1x-2.34.jar:/home/runner/.m2/repository/org/glassfish/jersey/inject/jersey-hk2/2.34/jersey-hk2-2.34.jar:/home/runner/.m2/repository/org/glassfish/hk2/hk2-locator/2.6.1/hk2-locator-2.6.1.jar:/home/runner/.m2/repository/org/glassfish/jersey/media/jersey-media-jaxb/2.34/jersey-media-jaxb-2.34.jar:/home/runner/.m2/repository/org/glassfish/hk2/osgi-resource-locator/1.0.3/osgi-resource-locator-1.0.3.jar:/home/runner/.m2/repository/org/glassfish/hk2/hk2-api/2.5.0/hk2-api-2.5.0.jar:/home/runner/.m2/repository/org/glassfish/hk2/hk2-utils/2.5.0/hk2-utils-2.5.0.jar:/home/runner/.m2/repository/org/glassfish/hk2/external/aopalliance-repackaged/2.5.0/aopalliance-repackaged-2.5.0.jar:/home/runner/.m2/repository/com/fasterxml/jackson/dataformat/jackson-dataformat-xml/2.13.4/jackson-dataformat-xml-2.13.4.jar:/home/runner/.m2/repository/com/fasterxml/jackson/core/jackson-core/2.13.4/jackson-core-2.13.4.jar:/home/runner/.m2/repository/org/codehaus/woodstox/stax2-api/3.1.4/stax2-api-3.1.4.jar:/home/runner/.m2/repository/com/fasterxml/woodstox/woodstox-core/5.4.0/woodstox-core-5.4.0.jar:/home/runner/.m2/repository/com/fasterxml/jackson/module/jackson-module-jaxb-annotations/2.13.4/jackson-module-jaxb-annotations-2.13.4.jar:/home/runner/.m2/repository/jakarta/xml/bind/jakarta.xml.bind-api/2.3.3/jakarta.xml.bind-api-2.3.3.jar:/home/runner/.m2/repository/jakarta/activation/jakarta.activation-api/1.2.1/jakarta.activation-api-1.2.1.jar:/home/runner/.m2/repository/javax/enterprise/cdi-api/1.2/cdi-api-1.2.jar:/home/runner/.m2/repository/javax/el/javax.el-api/3.0.0/javax.el-api-3.0.0.jar:/home/runner/.m2/repository/javax/interceptor/javax.interceptor-api/1.2/javax.interceptor-api-1.2.jar:/home/runner/.m2/repository/javax/inject/javax.inject/1/javax.inject-1.jar:/home/runner/.m2/repository/javax/xml/bind/jaxb-api/2.3.0/jaxb-api-2.3.0.jar:/home/runner/.m2/repository/org/glassfish/jaxb/jaxb-runtime/2.3.0.1/jaxb-runtime-2.3.0.1.jar:/home/runner/.m2/repository/org/glassfish/jaxb/jaxb-core/2.3.0.1/jaxb-core-2.3.0.1.jar:/home/runner/.m2/repository/org/glassfish/jaxb/txw2/2.3.0.1/txw2-2.3.0.1.jar:/home/runner/.m2/repository/com/sun/istack/istack-commons-runtime/3.0.5/istack-commons-runtime-3.0.5.jar:/home/runner/.m2/repository/org/jvnet/staxex/stax-ex/1.7.8/stax-ex-1.7.8.jar:/home/runner/.m2/repository/com/sun/xml/fastinfoset/FastInfoset/1.2.13/FastInfoset-1.2.13.jar:/home/runner/.m2/repository/javax/activation/activation/1.1.1/activation-1.1.1.jar:/home/runner/.m2/repository/io/grpc/grpc-protobuf/1.48.1/grpc-protobuf-1.48.1.jar:/home/runner/.m2/repository/io/grpc/grpc-api/1.48.1/grpc-api-1.48.1.jar:/home/runner/.m2/repository/io/grpc/grpc-context/1.48.1/grpc-context-1.48.1.jar:/home/runner/.m2/repository/com/google/api/grpc/proto-google-common-protos/2.9.0/proto-google-common-protos-2.9.0.jar:/home/runner/.m2/repository/io/grpc/grpc-protobuf-lite/1.48.1/grpc-protobuf-lite-1.48.1.jar:/home/runner/.m2/repository/io/grpc/grpc-stub/1.48.1/grpc-stub-1.48.1.jar:/home/runner/.m2/repository/io/netty/netty-transport/4.1.79.Final/netty-transport-4.1.79.Final.jar:/home/runner/.m2/repository/io/netty/netty-resolver/4.1.79.Final/netty-resolver-4.1.79.Final.jar:/home/runner/.m2/repository/org/apache/ozone/ozone-csi/1.3.0-SNAPSHOT/ozone-csi-1.3.0-SNAPSHOT.jar:/home/runner/.m2/repository/com/google/protobuf/protobuf-java-util/3.19.2/protobuf-java-util-3.19.2.jar:/home/runner/.m2/repository/com/google/code/gson/gson/2.9.0/gson-2.9.0.jar:/home/runner/.m2/repository/org/apache/ozone/hdds-config/1.3.0-SNAPSHOT/hdds-config-1.3.0-SNAPSHOT.jar:/home/runner/.m2/repository/io/netty/netty-transport-native-epoll/4.1.79.Final/netty-transport-native-epoll-4.1.79.Final-linux-x86_64.jar:/home/runner/.m2/repository/io/netty/netty-transport-classes-epoll/4.1.79.Final/netty-transport-classes-epoll-4.1.79.Final.jar:/home/runner/.m2/repository/io/netty/netty-transport-native-unix-common/4.1.79.Final/netty-transport-native-unix-common-4.1.79.Final.jar:/home/runner/.m2/repository/org/slf4j/slf4j-reload4j/1.7.36/slf4j-reload4j-1.7.36.jar:/home/runner/.m2/repository/org/apache/ozone/ozone-recon/1.3.0-SNAPSHOT/ozone-recon-1.3.0-SNAPSHOT.jar:/home/runner/.m2/repository/org/apache/ozone/ozone-reconcodegen/1.3.0-SNAPSHOT/ozone-reconcodegen-1.3.0-SNAPSHOT.jar:/home/runner/.m2/repository/com/google/inject/extensions/guice-multibindings/4.0/guice-multibindings-4.0.jar:/home/runner/.m2/repository/com/google/inject/guice/4.0/guice-4.0.jar:/home/runner/.m2/repository/aopalliance/aopalliance/1.0/aopalliance-1.0.jar:/home/runner/.m2/repository/com/google/inject/extensions/guice-assistedinject/4.0/guice-assistedinject-4.0.jar:/home/runner/.m2/repository/com/google/inject/extensions/guice-servlet/4.0/guice-servlet-4.0.jar:/home/runner/.m2/repository/org/glassfish/jersey/containers/jersey-container-servlet/2.34/jersey-container-servlet-2.34.jar:/home/runner/.m2/repository/org/glassfish/hk2/guice-bridge/2.5.0/guice-bridge-2.5.0.jar:/home/runner/.m2/repository/org/glassfish/jersey/core/jersey-server/2.34/jersey-server-2.34.jar:/home/runner/.m2/repository/org/glassfish/jersey/core/jersey-client/2.34/jersey-client-2.34.jar:/home/runner/.m2/repository/jakarta/annotation/jakarta.annotation-api/1.3.5/jakarta.annotation-api-1.3.5.jar:/home/runner/.m2/repository/jakarta/validation/jakarta.validation-api/2.0.2/jakarta.validation-api-2.0.2.jar:/home/runner/.m2/repository/org/glassfish/jersey/media/jersey-media-json-jackson/2.34/jersey-media-json-jackson-2.34.jar:/home/runner/.m2/repository/org/glassfish/jersey/ext/jersey-entity-filtering/2.34/jersey-entity-filtering-2.34.jar:/home/runner/.m2/repository/org/jooq/jooq/3.11.10/jooq-3.11.10.jar:/home/runner/.m2/repository/org/jooq/jooq-meta/3.11.10/jooq-meta-3.11.10.jar:/home/runner/.m2/repository/org/jooq/jooq-codegen/3.11.10/jooq-codegen-3.11.10.jar:/home/runner/.m2/repository/com/jolbox/bonecp/0.8.0.RELEASE/bonecp-0.8.0.RELEASE.jar:/home/runner/.m2/repository/org/apache/derby/derby/10.14.2.0/derby-10.14.2.0.jar:/home/runner/.m2/repository/org/xerial/sqlite-jdbc/3.25.2/sqlite-jdbc-3.25.2.jar:/home/runner/.m2/repository/org/springframework/spring-jdbc/5.3.23/spring-jdbc-5.3.23.jar:/home/runner/.m2/repository/org/springframework/spring-beans/5.3.23/spring-beans-5.3.23.jar:/home/runner/.m2/repository/org/springframework/spring-core/5.3.23/spring-core-5.3.23.jar:/home/runner/.m2/repository/org/springframework/spring-jcl/5.3.23/spring-jcl-5.3.23.jar:/home/runner/.m2/repository/org/springframework/spring-tx/5.3.23/spring-tx-5.3.23.jar:/home/runner/.m2/repository/org/apache/ozone/ozone-client/1.3.0-SNAPSHOT/ozone-client-1.3.0-SNAPSHOT.jar:/home/runner/.m2/repository/org/apache/ozone/hdds-erasurecode/1.3.0-SNAPSHOT/hdds-erasurecode-1.3.0-SNAPSHOT.jar:/home/runner/.m2/repository/org/apache/ozone/ozone-filesystem/1.3.0-SNAPSHOT/ozone-filesystem-1.3.0-SNAPSHOT.jar:/home/runner/.m2/repository/org/apache/ozone/ozone-filesystem-common/1.3.0-SNAPSHOT/ozone-filesystem-common-1.3.0-SNAPSHOT.jar:/home/runner/.m2/repository/org/apache/ozone/ozone-tools/1.3.0-SNAPSHOT/ozone-tools-1.3.0-SNAPSHOT.jar:/home/runner/.m2/repository/org/apache/ratis/ratis-tools/2.4.0/ratis-tools-2.4.0.jar:/home/runner/.m2/repository/com/amazonaws/aws-java-sdk-core/1.12.261/aws-java-sdk-core-1.12.261.jar:/home/runner/.m2/repository/org/apache/httpcomponents/httpclient/4.5.13/httpclient-4.5.13.jar:/home/runner/.m2/repository/org/apache/httpcomponents/httpcore/4.4.13/httpcore-4.4.13.jar:/home/runner/.m2/repository/software/amazon/ion/ion-java/1.0.2/ion-java-1.0.2.jar:/home/runner/.m2/repository/com/fasterxml/jackson/dataformat/jackson-dataformat-cbor/2.13.4/jackson-dataformat-cbor-2.13.4.jar:/home/runner/.m2/repository/joda-time/joda-time/2.8.1/joda-time-2.8.1.jar:/home/runner/.m2/repository/com/amazonaws/aws-java-sdk-s3/1.12.261/aws-java-sdk-s3-1.12.261.jar:/home/runner/.m2/repository/com/amazonaws/aws-java-sdk-kms/1.12.261/aws-java-sdk-kms-1.12.261.jar:/home/runner/.m2/repository/com/amazonaws/jmespath-java/1.12.261/jmespath-java-1.12.261.jar:/home/runner/.m2/repository/org/kohsuke/metainf-services/metainf-services/1.8/metainf-services-1.8.jar:/home/runner/.m2/repository/org/apache/ozone/hdds-tools/1.3.0-SNAPSHOT/hdds-tools-1.3.0-SNAPSHOT.jar:/home/runner/.m2/repository/commons-cli/commons-cli/1.2/commons-cli-1.2.jar:/home/runner/.m2/repository/org/apache/commons/commons-lang3/3.7/commons-lang3-3.7.jar:/home/runner/.m2/repository/org/apache/ozone/ozone-manager/1.3.0-SNAPSHOT/ozone-manager-1.3.0-SNAPSHOT-tests.jar:/home/runner/.m2/repository/org/apache/ozone/hdds-common/1.3.0-SNAPSHOT/hdds-common-1.3.0-SNAPSHOT-tests.jar:/home/runner/.m2/repository/org/apache/ozone/hdds-hadoop-dependency-client/1.3.0-SNAPSHOT/hdds-hadoop-dependency-client-1.3.0-SNAPSHOT.jar:/home/runner/.m2/repository/info/picocli/picocli/4.6.1/picocli-4.6.1.jar:/home/runner/.m2/repository/com/fasterxml/jackson/core/jackson-annotations/2.13.4/jackson-annotations-2.13.4.jar:/home/runner/.m2/repository/com/fasterxml/jackson/datatype/jackson-datatype-jsr310/2.13.4/jackson-datatype-jsr310-2.13.4.jar:/home/runner/.m2/repository/org/apache/ozone/hdds-annotation-processing/1.3.0-SNAPSHOT/hdds-annotation-processing-1.3.0-SNAPSHOT.jar:/home/runner/.m2/repository/javax/annotation/javax.annotation-api/1.2/javax.annotation-api-1.2.jar:/home/runner/.m2/repository/org/apache/ratis/ratis-server/2.4.0/ratis-server-2.4.0.jar:/home/runner/.m2/repository/org/apache/ratis/ratis-client/2.4.0/ratis-client-2.4.0.jar:/home/runner/.m2/repository/org/apache/ratis/ratis-server-api/2.4.0/ratis-server-api-2.4.0.jar:/home/runner/.m2/repository/org/apache/ratis/ratis-metrics/2.4.0/ratis-metrics-2.4.0.jar:/home/runner/.m2/repository/org/apache/ratis/ratis-netty/2.4.0/ratis-netty-2.4.0.jar:/home/runner/.m2/repository/org/apache/ratis/ratis-grpc/2.4.0/ratis-grpc-2.4.0.jar:/home/runner/.m2/repository/org/apache/logging/log4j/log4j-api/2.17.1/log4j-api-2.17.1.jar:/home/runner/.m2/repository/org/apache/commons/commons-pool2/2.6.0/commons-pool2-2.6.0.jar:/home/runner/.m2/repository/org/bouncycastle/bcpkix-jdk15on/1.67/bcpkix-jdk15on-1.67.jar:/home/runner/.m2/repository/commons-validator/commons-validator/1.6/commons-validator-1.6.jar:/home/runner/.m2/repository/commons-beanutils/commons-beanutils/1.9.4/commons-beanutils-1.9.4.jar:/home/runner/.m2/repository/commons-digester/commons-digester/1.8.1/commons-digester-1.8.1.jar:/home/runner/.m2/repository/commons-collections/commons-collections/3.2.2/commons-collections-3.2.2.jar:/home/runner/.m2/repository/io/jaegertracing/jaeger-client/1.6.0/jaeger-client-1.6.0.jar:/home/runner/.m2/repository/io/jaegertracing/jaeger-thrift/1.6.0/jaeger-thrift-1.6.0.jar:/home/runner/.m2/repository/org/apache/thrift/libthrift/0.14.1/libthrift-0.14.1.jar:/home/runner/.m2/repository/io/jaegertracing/jaeger-core/1.6.0/jaeger-core-1.6.0.jar:/home/runner/.m2/repository/io/jaegertracing/jaeger-tracerresolver/1.6.0/jaeger-tracerresolver-1.6.0.jar:/home/runner/.m2/repository/io/opentracing/contrib/opentracing-tracerresolver/0.1.8/opentracing-tracerresolver-0.1.8.jar:/home/runner/.m2/repository/org/jetbrains/kotlin/kotlin-stdlib/1.6.21/kotlin-stdlib-1.6.21.jar:/home/runner/.m2/repository/org/jetbrains/annotations/13.0/annotations-13.0.jar:/home/runner/.m2/repository/io/opentracing/opentracing-util/0.33.0/opentracing-util-0.33.0.jar:/home/runner/.m2/repository/io/opentracing/opentracing-api/0.33.0/opentracing-api-0.33.0.jar:/home/runner/.m2/repository/io/opentracing/opentracing-noop/0.33.0/opentracing-noop-0.33.0.jar:/home/runner/.m2/repository/org/yaml/snakeyaml/1.33/snakeyaml-1.33.jar:/home/runner/.m2/repository/org/apache/ozone/hdds-interface-admin/1.3.0-SNAPSHOT/hdds-interface-admin-1.3.0-SNAPSHOT.jar:/home/runner/.m2/repository/junit/junit/4.13.1/junit-4.13.1.jar:/home/runner/.m2/repository/org/hamcrest/hamcrest-core/1.3/hamcrest-core-1.3.jar:/home/runner/.m2/repository/org/junit/jupiter/junit-jupiter-api/5.8.2/junit-jupiter-api-5.8.2.jar:/home/runner/.m2/repository/org/opentest4j/opentest4j/1.2.0/opentest4j-1.2.0.jar:/home/runner/.m2/repository/org/junit/platform/junit-platform-commons/1.8.2/junit-platform-commons-1.8.2.jar:/home/runner/.m2/repository/org/apiguardian/apiguardian-api/1.1.2/apiguardian-api-1.1.2.jar:/home/runner/.m2/repository/org/junit/jupiter/junit-jupiter-params/5.8.2/junit-jupiter-params-5.8.2.jar:/home/runner/.m2/repository/org/junit/jupiter/junit-jupiter-migrationsupport/5.8.2/junit-jupiter-migrationsupport-5.8.2.jar:/home/runner/.m2/repository/org/junit/jupiter/junit-jupiter-engine/5.8.2/junit-jupiter-engine-5.8.2.jar:/home/runner/.m2/repository/org/junit/platform/junit-platform-engine/1.8.2/junit-platform-engine-1.8.2.jar:/home/runner/.m2/repository/org/junit/vintage/junit-vintage-engine/5.8.2/junit-vintage-engine-5.8.2.jar:/home/runner/.m2/repository/org/junit/platform/junit-platform-launcher/1.8.2/junit-platform-launcher-1.8.2.jar:/home/runner/.m2/repository/org/mockito/mockito-core/2.28.2/mockito-core-2.28.2.jar:/home/runner/.m2/repository/net/bytebuddy/byte-buddy/1.9.10/byte-buddy-1.9.10.jar:/home/runner/.m2/repository/net/bytebuddy/byte-buddy-agent/1.9.10/byte-buddy-agent-1.9.10.jar:/home/runner/.m2/repository/org/objenesis/objenesis/1.0/objenesis-1.0.jar:/home/runner/.m2/repository/org/apache/hadoop/hadoop-kms/3.3.4/hadoop-kms-3.3.4.jar:/home/runner/.m2/repository/org/apache/hadoop/hadoop-auth/3.3.4/hadoop-auth-3.3.4.jar:/home/runner/.m2/repository/com/nimbusds/nimbus-jose-jwt/7.9/nimbus-jose-jwt-7.9.jar:/home/runner/.m2/repository/com/github/stephenc/jcip/jcip-annotations/1.0-1/jcip-annotations-1.0-1.jar:/home/runner/.m2/repository/net/minidev/json-smart/2.4.7/json-smart-2.4.7.jar:/home/runner/.m2/repository/net/minidev/accessors-smart/2.4.7/accessors-smart-2.4.7.jar:/home/runner/.m2/repository/org/ow2/asm/asm/5.0.4/asm-5.0.4.jar:/home/runner/.m2/repository/org/apache/zookeeper/zookeeper/3.5.6/zookeeper-3.5.6.jar:/home/runner/.m2/repository/org/apache/zookeeper/zookeeper-jute/3.5.6/zookeeper-jute-3.5.6.jar:/home/runner/.m2/repository/org/apache/yetus/audience-annotations/0.5.0/audience-annotations-0.5.0.jar:/home/runner/.m2/repository/org/apache/curator/curator-framework/4.2.0/curator-framework-4.2.0.jar:/home/runner/.m2/repository/org/apache/hadoop/thirdparty/hadoop-shaded-guava/1.1.1/hadoop-shaded-guava-1.1.1.jar:/home/runner/.m2/repository/com/sun/jersey/jersey-core/1.19/jersey-core-1.19.jar:/home/runner/.m2/repository/javax/ws/rs/jsr311-api/1.1.1/jsr311-api-1.1.1.jar:/home/runner/.m2/repository/com/sun/jersey/jersey-server/1.19/jersey-server-1.19.jar:/home/runner/.m2/repository/javax/servlet/javax.servlet-api/3.1.0/javax.servlet-api-3.1.0.jar:/home/runner/.m2/repository/org/eclipse/jetty/jetty-server/9.4.49.v20220914/jetty-server-9.4.49.v20220914.jar:/home/runner/.m2/repository/org/eclipse/jetty/jetty-http/9.4.49.v20220914/jetty-http-9.4.49.v20220914.jar:/home/runner/.m2/repository/org/eclipse/jetty/jetty-io/9.4.49.v20220914/jetty-io-9.4.49.v20220914.jar:/home/runner/.m2/repository/org/eclipse/jetty/jetty-webapp/9.4.49.v20220914/jetty-webapp-9.4.49.v20220914.jar:/home/runner/.m2/repository/org/eclipse/jetty/jetty-xml/9.4.49.v20220914/jetty-xml-9.4.49.v20220914.jar:/home/runner/.m2/repository/org/apache/hadoop/hadoop-common/3.3.4/hadoop-common-3.3.4.jar:/home/runner/.m2/repository/org/apache/commons/commons-math3/3.1.1/commons-math3-3.1.1.jar:/home/runner/.m2/repository/commons-net/commons-net/3.6/commons-net-3.6.jar:/home/runner/.m2/repository/com/sun/jersey/jersey-servlet/1.19/jersey-servlet-1.19.jar:/home/runner/.m2/repository/com/sun/jersey/jersey-json/1.19/jersey-json-1.19.jar:/home/runner/.m2/repository/org/codehaus/jettison/jettison/1.1/jettison-1.1.jar:/home/runner/.m2/repository/com/sun/xml/bind/jaxb-impl/2.2.3-1/jaxb-impl-2.2.3-1.jar:/home/runner/.m2/repository/org/codehaus/jackson/jackson-xc/1.9.2/jackson-xc-1.9.2.jar:/home/runner/.m2/repository/com/google/re2j/re2j/1.1/re2j-1.1.jar:/home/runner/.m2/repository/com/jcraft/jsch/0.1.54/jsch-0.1.54.jar:/home/runner/.m2/repository/org/apache/curator/curator-client/4.2.0/curator-client-4.2.0.jar:/home/runner/.m2/repository/org/apache/curator/curator-recipes/4.2.0/curator-recipes-4.2.0.jar:/home/runner/.m2/repository/org/apache/kerby/kerb-core/1.0.1/kerb-core-1.0.1.jar:/home/runner/.m2/repository/org/apache/kerby/kerby-pkix/1.0.1/kerby-pkix-1.0.1.jar:/home/runner/.m2/repository/org/apache/kerby/kerby-asn1/1.0.1/kerby-asn1-1.0.1.jar:/home/runner/.m2/repository/org/apache/kerby/kerby-util/1.0.1/kerby-util-1.0.1.jar:/home/runner/.m2/repository/dnsjava/dnsjava/2.1.7/dnsjava-2.1.7.jar:/home/runner/.m2/repository/org/xerial/snappy/snappy-java/1.1.8.2/snappy-java-1.1.8.2.jar:/home/runner/.m2/repository/org/eclipse/jetty/jetty-util/9.4.49.v20220914/jetty-util-9.4.49.v20220914.jar:/home/runner/.m2/repository/com/fasterxml/jackson/core/jackson-databind/2.13.4.2/jackson-databind-2.13.4.2.jar:/home/runner/.m2/repository/org/apache/hadoop/hadoop-kms/3.3.4/hadoop-kms-3.3.4-tests.jar:/home/runner/.m2/repository/org/apache/ozone/hdds-server-scm/1.3.0-SNAPSHOT/hdds-server-scm-1.3.0-SNAPSHOT-tests.jar:/home/runner/.m2/repository/org/apache/ozone/hdds-container-service/1.3.0-SNAPSHOT/hdds-container-service-1.3.0-SNAPSHOT-tests.jar:/home/runner/.m2/repository/commons-codec/commons-codec/1.11/commons-codec-1.11.jar:/home/runner/.m2/repository/io/netty/netty-codec/4.1.79.Final/netty-codec-4.1.79.Final.jar:/home/runner/.m2/repository/io/netty/netty-handler/4.1.79.Final/netty-handler-4.1.79.Final.jar:/home/runner/.m2/repository/org/apache/ozone/hdds-hadoop-dependency-test/1.3.0-SNAPSHOT/hdds-hadoop-dependency-test-1.3.0-SNAPSHOT.jar:/home/runner/.m2/repository/org/apache/hadoop/hadoop-common/3.3.4/hadoop-common-3.3.4-tests.jar:/home/runner/.m2/repository/org/apache/hadoop/hadoop-hdfs/3.3.4/hadoop-hdfs-3.3.4-tests.jar:/home/runner/.m2/repository/org/assertj/assertj-core/3.12.2/assertj-core-3.12.2.jar:/home/runner/.m2/repository/org/apache/hadoop/hadoop-distcp/3.3.4/hadoop-distcp-3.3.4.jar:/home/runner/.m2/repository/org/apache/hadoop/hadoop-mapreduce-client-jobclient/3.3.4/hadoop-mapreduce-client-jobclient-3.3.4.jar:/home/runner/.m2/repository/org/apache/hadoop/hadoop-mapreduce-client-common/3.3.4/hadoop-mapreduce-client-common-3.3.4.jar:/home/runner/.m2/repository/org/apache/hadoop/hadoop-yarn-common/3.3.4/hadoop-yarn-common-3.3.4.jar:/home/runner/.m2/repository/org/apache/hadoop/hadoop-yarn-api/3.3.4/hadoop-yarn-api-3.3.4.jar:/home/runner/.m2/repository/com/sun/jersey/contribs/jersey-guice/1.19/jersey-guice-1.19.jar:/home/runner/.m2/repository/com/fasterxml/jackson/jaxrs/jackson-jaxrs-json-provider/2.13.4/jackson-jaxrs-json-provider-2.13.4.jar:/home/runner/.m2/repository/com/fasterxml/jackson/jaxrs/jackson-jaxrs-base/2.13.4/jackson-jaxrs-base-2.13.4.jar:/home/runner/.m2/repository/org/apache/hadoop/hadoop-yarn-client/3.3.4/hadoop-yarn-client-3.3.4.jar:/home/runner/.m2/repository/org/eclipse/jetty/websocket/websocket-client/9.4.43.v20210629/websocket-client-9.4.43.v20210629.jar:/home/runner/.m2/repository/org/eclipse/jetty/websocket/websocket-common/9.4.43.v20210629/websocket-common-9.4.43.v20210629.jar:/home/runner/.m2/repository/org/eclipse/jetty/websocket/websocket-api/9.4.43.v20210629/websocket-api-9.4.43.v20210629.jar:/home/runner/.m2/repository/org/jline/jline/3.9.0/jline-3.9.0.jar:/home/runner/.m2/repository/org/apache/hadoop/hadoop-mapreduce-client-core/3.3.4/hadoop-mapreduce-client-core-3.3.4.jar:/home/runner/.m2/repository/org/apache/avro/avro/1.7.7/avro-1.7.7.jar:/home/runner/.m2/repository/org/codehaus/jackson/jackson-core-asl/1.9.13/jackson-core-asl-1.9.13.jar:/home/runner/.m2/repository/org/codehaus/jackson/jackson-mapper-asl/1.9.13/jackson-mapper-asl-1.9.13.jar:/home/runner/.m2/repository/com/thoughtworks/paranamer/paranamer/2.3/paranamer-2.3.jar:/home/runner/.m2/repository/org/apache/hadoop/hadoop-annotations/3.3.4/hadoop-annotations-3.3.4.jar:/usr/lib/jvm/temurin-8-jdk-amd64/jre/../lib/tools.jar:/home/runner/.m2/repository/io/netty/netty/3.10.6.Final/netty-3.10.6.Final.jar:/home/runner/.m2/repository/org/apache/hadoop/hadoop-distcp/3.3.4/hadoop-distcp-3.3.4-tests.jar:/home/runner/.m2/repository/org/slf4j/jul-to-slf4j/1.7.36/jul-to-slf4j-1.7.36.jar:/home/runner/.m2/repository/org/apache/ratis/ratis-common/2.4.0/ratis-common-2.4.0.jar:/home/runner/.m2/repository/org/apache/ratis/ratis-thirdparty-misc/1.0.2/ratis-thirdparty-misc-1.0.2.jar:/home/runner/.m2/repository/org/apache/ratis/ratis-proto/2.4.0/ratis-proto-2.4.0.jar:"/>
    <property name="sun.cpu.endian" value="little"/>
    <property name="user.home" value="/home/runner"/>
    <property name="user.language" value="en"/>
    <property name="java.specification.vendor" value="Oracle Corporation"/>
    <property name="java.home" value="/usr/lib/jvm/temurin-8-jdk-amd64/jre"/>
    <property name="java.security.krb5.conf" value="/home/runner/work/ozone/ozone/hadoop-ozone/integration-test/target/test-classes/krb5.conf"/>
    <property name="basedir" value="/home/runner/work/ozone/ozone/hadoop-ozone/integration-test"/>
    <property name="file.separator" value="/"/>
    <property name="line.separator" value="&#10;"/>
    <property name="java.vm.specification.vendor" value="Oracle Corporation"/>
    <property name="java.specification.name" value="Java Platform API Specification"/>
    <property name="java.awt.graphicsenv" value="sun.awt.X11GraphicsEnvironment"/>
    <property name="skip.installnpx" value="true"/>
    <property name="surefire.real.class.path" value="/home/runner/work/ozone/ozone/hadoop-ozone/integration-test/target/surefire/surefirebooter8142142001954572126.jar:/home/runner/.m2/repository/org/jacoco/org.jacoco.agent/0.8.5/org.jacoco.agent-0.8.5-runtime.jar"/>
    <property name="hadoop.log.dir" value="/home/runner/work/ozone/ozone/hadoop-ozone/integration-test/target/log"/>
    <property name="sun.boot.class.path" value="/usr/lib/jvm/temurin-8-jdk-amd64/jre/lib/resources.jar:/usr/lib/jvm/temurin-8-jdk-amd64/jre/lib/rt.jar:/usr/lib/jvm/temurin-8-jdk-amd64/jre/lib/sunrsasign.jar:/usr/lib/jvm/temurin-8-jdk-amd64/jre/lib/jsse.jar:/usr/lib/jvm/temurin-8-jdk-amd64/jre/lib/jce.jar:/usr/lib/jvm/temurin-8-jdk-amd64/jre/lib/charsets.jar:/usr/lib/jvm/temurin-8-jdk-amd64/jre/lib/jfr.jar:/usr/lib/jvm/temurin-8-jdk-amd64/jre/classes"/>
    <property name="sun.management.compiler" value="HotSpot 64-Bit Tiered Compilers"/>
    <property name="skip.npx" value="true"/>
    <property name="java.runtime.version" value="1.8.0_345-b01"/>
    <property name="java.net.preferIPv4Stack" value="true"/>
    <property name="user.name" value="runner"/>
    <property name="path.separator" value=":"/>
    <property name="java.security.egd" value="file:///dev/urandom"/>
    <property name="os.version" value="5.15.0-1022-azure"/>
    <property name="java.endorsed.dirs" value="/usr/lib/jvm/temurin-8-jdk-amd64/jre/lib/endorsed"/>
    <property name="java.runtime.name" value="OpenJDK Runtime Environment"/>
    <property name="file.encoding" value="UTF-8"/>
    <property name="java.vm.name" value="OpenJDK 64-Bit Server VM"/>
    <property name="test.build.webapps" value=""/>
    <property name="localRepository" value="/home/runner/.m2/repository"/>
    <property name="jetty.git.hash" value="4231a3b2e4cb8548a412a789936d640a97b1aa0a"/>
    <property name="java.vendor.url.bug" value="https://github.com/adoptium/adoptium-support/issues"/>
    <property name="java.io.tmpdir" value="/tmp"/>
    <property name="require.test.libhadoop" value=""/>
    <property name="java.version" value="1.8.0_345"/>
    <property name="user.dir" value="/home/runner/work/ozone/ozone/hadoop-ozone/integration-test"/>
    <property name="os.arch" value="amd64"/>
    <property name="java.vm.specification.name" value="Java Virtual Machine Specification"/>
    <property name="test.build.classes" value="/home/runner/work/ozone/ozone/hadoop-ozone/integration-test/target/test-classes"/>
    <property name="java.awt.printerjob" value="sun.print.PSPrinterJob"/>
    <property name="sun.os.patch.level" value="unknown"/>
    <property name="org.apache.ratis.thirdparty.io.netty.allocator.useCacheForAllThreads" value="false"/>
    <property name="hadoop.tmp.dir" value="/home/runner/work/ozone/ozone/hadoop-ozone/integration-test/target/tmp"/>
    <property name="java.library.path" value="/usr/java/packages/lib/amd64:/usr/lib64:/lib64:/lib:/usr/lib"/>
    <property name="java.vm.info" value="mixed mode"/>
    <property name="java.vendor" value="Temurin"/>
    <property name="java.vm.version" value="25.345-b01"/>
    <property name="java.ext.dirs" value="/usr/lib/jvm/temurin-8-jdk-amd64/jre/lib/ext:/usr/java/packages/lib/ext"/>
    <property name="sun.io.unicode.encoding" value="UnicodeLittle"/>
    <property name="java.class.version" value="52.0"/>
  </properties>
  <testcase name="testFlushChunk" classname="org.apache.hadoop.ozone.client.rpc.TestBlockOutputStreamFlushDelay" time="0.908">
    <system-out><![CDATA[2022-11-07 13:36:07,790 [main] WARN  server.ServerUtils (ServerUtils.java:getScmDbDir(148)) - ozone.scm.db.dirs is not configured. We recommend adding this setting. Falling back to ozone.metadata.dirs instead.
2022-11-07 13:36:07,908 [main] WARN  server.ServerUtils (ServerUtils.java:getScmDbDir(148)) - ozone.scm.db.dirs is not configured. We recommend adding this setting. Falling back to ozone.metadata.dirs instead.
2022-11-07 13:36:07,912 [main] INFO  ha.SCMHANodeDetails (SCMHANodeDetails.java:loadSCMHAConfig(209)) - ServiceID for StorageContainerManager is null
2022-11-07 13:36:07,925 [main] WARN  ha.SCMHANodeDetails (SCMHANodeDetails.java:validateSCMHAConfig(182)) - Invalid config ozone.scm.ratis.enable. The config was not specified, but the default value true conflicts with the expected config value false. Falling back to the expected value. Current State of SCM: SCM is running in Non-HA without Ratis Ratis SCM -> Non Ratis SCM or Non HA SCM -> HA SCM is not supported
2022-11-07 13:36:07,925 [main] INFO  ha.SCMHANodeDetails (SCMHANodeDetails.java:loadSCMHAConfig(214)) - ozone.scm.default.service.id is not defined, falling back to ozone.scm.service.ids to find serviceID for StorageContainerManager if it is HA enabled cluster
2022-11-07 13:36:08,420 [main] WARN  utils.HAUtils (HAUtils.java:getMetaDir(342)) - ozone.scm.db.dirs is not configured. We recommend adding this setting. Falling back to ozone.metadata.dirs instead.
2022-11-07 13:36:08,555 [main] WARN  db.DBStoreBuilder (DBStoreBuilder.java:applyDBDefinition(144)) - ozone.scm.db.dirs is not configured. We recommend adding this setting. Falling back to ozone.metadata.dirs instead.
2022-11-07 13:36:08,820 [main] INFO  net.NodeSchemaLoader (NodeSchemaLoader.java:loadSchemaFromFile(129)) - Loading schema from [jar:file:/home/runner/.m2/repository/org/apache/ozone/hdds-common/1.3.0-SNAPSHOT/hdds-common-1.3.0-SNAPSHOT.jar!/network-topology-default.xml]
2022-11-07 13:36:08,821 [main] INFO  net.NodeSchemaLoader (NodeSchemaLoader.java:loadSchema(176)) - Loading network topology layer schema file
2022-11-07 13:36:08,858 [main] INFO  metrics.MetricRegistries (MetricRegistriesLoader.java:load(64)) - Loaded MetricRegistries class org.apache.ratis.metrics.impl.MetricRegistriesImpl
2022-11-07 13:36:08,863 [main] INFO  upgrade.AbstractLayoutVersionManager (AbstractLayoutVersionManager.java:init(83)) - Initializing Layout version manager with metadata layout = DATANODE_SCHEMA_V3 (version = 4), software layout = DATANODE_SCHEMA_V3 (version = 4)
2022-11-07 13:36:09,036 [main] INFO  reflections.Reflections (Reflections.java:scan(232)) - Reflections took 115 ms to scan 7 urls, producing 139 keys and 336 values 
2022-11-07 13:36:09,125 [main] INFO  ha.SequenceIdGenerator (SequenceIdGenerator.java:upgradeToSequenceId(349)) - upgrade localId to 109611004723200000
2022-11-07 13:36:09,126 [main] INFO  ha.SequenceIdGenerator (SequenceIdGenerator.java:upgradeToSequenceId(359)) - upgrade delTxnId to 0
2022-11-07 13:36:09,129 [main] INFO  ha.SequenceIdGenerator (SequenceIdGenerator.java:upgradeToSequenceId(376)) - upgrade containerId to 0
2022-11-07 13:36:09,131 [main] INFO  ha.SequenceIdGenerator (SequenceIdGenerator.java:<init>(220)) - Init the HA SequenceIdGenerator.
2022-11-07 13:36:09,171 [main] INFO  node.SCMNodeManager (SCMNodeManager.java:<init>(149)) - Entering startup safe mode.
2022-11-07 13:36:09,228 [main] INFO  algorithms.ContainerPlacementPolicyFactory (ContainerPlacementPolicyFactory.java:getPolicyInternal(86)) - Create container placement policy of type org.apache.hadoop.hdds.scm.container.placement.algorithms.SCMContainerPlacementRandom
2022-11-07 13:36:09,230 [main] INFO  algorithms.ContainerPlacementPolicyFactory (ContainerPlacementPolicyFactory.java:getPolicyInternal(86)) - Create container placement policy of type org.apache.hadoop.hdds.scm.container.placement.algorithms.SCMContainerPlacementRackScatter
2022-11-07 13:36:09,239 [main] INFO  pipeline.PipelineStateManagerImpl (PipelineStateManagerImpl.java:initialize(78)) - No pipeline exists in current db
2022-11-07 13:36:09,280 [main] INFO  algorithms.LeaderChoosePolicyFactory (LeaderChoosePolicyFactory.java:getPolicy(57)) - Create leader choose policy of type org.apache.hadoop.hdds.scm.pipeline.leader.choose.algorithms.MinLeaderCountChoosePolicy
2022-11-07 13:36:09,280 [main] INFO  algorithms.ContainerPlacementPolicyFactory (ContainerPlacementPolicyFactory.java:getPolicyInternal(86)) - Create container placement policy of type org.apache.hadoop.hdds.scm.container.placement.algorithms.SCMContainerPlacementRackScatter
2022-11-07 13:36:09,285 [main] INFO  ha.SCMServiceManager (SCMServiceManager.java:register(42)) - Registering service BackgroundPipelineCreator.
2022-11-07 13:36:09,286 [main] INFO  pipeline.BackgroundPipelineCreator (BackgroundPipelineCreator.java:start(124)) - Starting RatisPipelineUtilsThread.
2022-11-07 13:36:09,289 [main] INFO  BackgroundPipelineScrubber (BackgroundSCMService.java:start(68)) - Starting BackgroundPipelineScrubber Service.
2022-11-07 13:36:09,296 [main] INFO  ha.SCMServiceManager (SCMServiceManager.java:register(42)) - Registering service BackgroundPipelineScrubber.
2022-11-07 13:36:09,302 [main] INFO  ExpiredContainerReplicaOpScrubber (BackgroundSCMService.java:start(68)) - Starting ExpiredContainerReplicaOpScrubber Service.
2022-11-07 13:36:09,302 [main] INFO  ha.SCMServiceManager (SCMServiceManager.java:register(42)) - Registering service ExpiredContainerReplicaOpScrubber.
2022-11-07 13:36:09,346 [main] INFO  algorithms.PipelineChoosePolicyFactory (PipelineChoosePolicyFactory.java:createPipelineChoosePolicyFromClass(73)) - Create pipeline choose policy of type org.apache.hadoop.hdds.scm.pipeline.choose.algorithms.RandomPipelineChoosePolicy
2022-11-07 13:36:09,364 [main] INFO  ha.SCMServiceManager (SCMServiceManager.java:register(42)) - Registering service SCMBlockDeletingService.
2022-11-07 13:36:09,411 [main] INFO  replication.ReplicationManager (ReplicationManager.java:start(239)) - Starting Replication Monitor Thread.
2022-11-07 13:36:09,420 [main] INFO  ha.SCMServiceManager (SCMServiceManager.java:register(42)) - Registering service ReplicationManager.
2022-11-07 13:36:09,426 [ReplicationMonitor] INFO  replication.ReplicationManager (ReplicationManager.java:processAll(307)) - Replication Manager is not ready to run until 3000ms after safemode exit
2022-11-07 13:36:09,430 [main] INFO  safemode.ContainerSafeModeRule (ContainerSafeModeRule.java:<init>(89)) - containers with one replica threshold count 0
2022-11-07 13:36:09,435 [main] INFO  safemode.HealthyPipelineSafeModeRule (HealthyPipelineSafeModeRule.java:initializeRule(169)) - Total pipeline count is 0, healthy pipeline threshold count is 1
2022-11-07 13:36:09,438 [main] INFO  safemode.OneReplicaPipelineSafeModeRule (OneReplicaPipelineSafeModeRule.java:initializeRule(180)) - Total pipeline count is 0, pipeline's with at least one datanode reported threshold count is 0
2022-11-07 13:36:09,725 [main] INFO  audit.AuditLogger (AuditLogger.java:refreshDebugCmdSet(126)) - Refresh DebugCmdSet for SCMAudit to [].
2022-11-07 13:36:09,754 [main] INFO  ipc.CallQueueManager (CallQueueManager.java:<init>(90)) - Using callQueue: class java.util.concurrent.LinkedBlockingQueue, queueCapacity: 2000, scheduler: class org.apache.hadoop.ipc.DefaultRpcScheduler, ipcBackoff: false.
2022-11-07 13:36:09,790 [Socket Reader #1 for port 0] INFO  ipc.Server (Server.java:run(1273)) - Starting Socket Reader #1 for port 0
2022-11-07 13:36:09,849 [Listener at 0.0.0.0/43763] INFO  audit.AuditLogger (AuditLogger.java:refreshDebugCmdSet(126)) - Refresh DebugCmdSet for SCMAudit to [].
2022-11-07 13:36:09,855 [Listener at 0.0.0.0/43763] INFO  ipc.CallQueueManager (CallQueueManager.java:<init>(90)) - Using callQueue: class java.util.concurrent.LinkedBlockingQueue, queueCapacity: 2000, scheduler: class org.apache.hadoop.ipc.DefaultRpcScheduler, ipcBackoff: false.
2022-11-07 13:36:09,856 [Socket Reader #1 for port 0] INFO  ipc.Server (Server.java:run(1273)) - Starting Socket Reader #1 for port 0
2022-11-07 13:36:09,890 [Listener at 0.0.0.0/42545] INFO  audit.AuditLogger (AuditLogger.java:refreshDebugCmdSet(126)) - Refresh DebugCmdSet for SCMAudit to [].
2022-11-07 13:36:09,901 [Listener at 0.0.0.0/42545] INFO  ipc.CallQueueManager (CallQueueManager.java:<init>(90)) - Using callQueue: class java.util.concurrent.LinkedBlockingQueue, queueCapacity: 2000, scheduler: class org.apache.hadoop.ipc.DefaultRpcScheduler, ipcBackoff: false.
2022-11-07 13:36:09,902 [Socket Reader #1 for port 0] INFO  ipc.Server (Server.java:run(1273)) - Starting Socket Reader #1 for port 0
2022-11-07 13:36:09,953 [Listener at 0.0.0.0/38881] INFO  ha.SCMServiceManager (SCMServiceManager.java:register(42)) - Registering service ContainerBalancer.
2022-11-07 13:36:09,955 [Listener at 0.0.0.0/38881] INFO  server.StorageContainerManager (StorageContainerManager.java:<init>(415)) - 
Container Balancer status:
Key                            Value
Running                        true
Container Balancer Configuration values:
Key                                                Value
Threshold                                          10
Max Datanodes to Involve per Iteration(percent)    20
Max Size to Move per Iteration                     500GB
Max Size Entering Target per Iteration             26GB
Max Size Leaving Source per Iteration              26GB

2022-11-07 13:36:09,956 [Listener at 0.0.0.0/38881] WARN  events.EventQueue (EventQueue.java:fireEvent(216)) - No event handler registered for event TypedEvent{payloadType=SafeModeStatus, name='Safe mode status'}
2022-11-07 13:36:09,956 [Listener at 0.0.0.0/38881] INFO  ha.SCMContext (SCMContext.java:updateSafeModeStatus(228)) - Update SafeModeStatus from SafeModeStatus{safeModeStatus=true, preCheckPassed=false} to SafeModeStatus{safeModeStatus=true, preCheckPassed=false}.
2022-11-07 13:36:09,960 [Listener at 0.0.0.0/38881] INFO  server.StorageContainerManager (StorageContainerManager.java:start(1449)) - StorageContainerLocationProtocol RPC server is listening at /0.0.0.0:38881
2022-11-07 13:36:10,038 [Listener at 0.0.0.0/38881] WARN  impl.MetricsConfig (MetricsConfig.java:loadFirst(136)) - Cannot locate configuration: tried hadoop-metrics2-storagecontainermanager.properties,hadoop-metrics2.properties
2022-11-07 13:36:10,050 [Listener at 0.0.0.0/38881] INFO  impl.MetricsSystemImpl (MetricsSystemImpl.java:startTimer(378)) - Scheduled Metric snapshot period at 10 second(s).
2022-11-07 13:36:10,050 [Listener at 0.0.0.0/38881] INFO  impl.MetricsSystemImpl (MetricsSystemImpl.java:start(191)) - StorageContainerManager metrics system started
2022-11-07 13:36:10,347 [Listener at 0.0.0.0/38881] INFO  server.SCMClientProtocolServer (SCMClientProtocolServer.java:start(170)) - RPC server for Client  is listening at /0.0.0.0:38881
2022-11-07 13:36:10,349 [IPC Server Responder] INFO  ipc.Server (Server.java:run(1512)) - IPC Server Responder: starting
2022-11-07 13:36:10,350 [IPC Server listener on 0] INFO  ipc.Server (Server.java:run(1352)) - IPC Server listener on 0: starting
2022-11-07 13:36:10,353 [Listener at 0.0.0.0/38881] INFO  server.StorageContainerManager (StorageContainerManager.java:start(1464)) - ScmBlockLocationProtocol RPC server is listening at /0.0.0.0:42545
2022-11-07 13:36:10,353 [Listener at 0.0.0.0/38881] INFO  server.SCMBlockProtocolServer (SCMBlockProtocolServer.java:start(152)) - RPC server for Block Protocol is listening at /0.0.0.0:42545
2022-11-07 13:36:10,354 [IPC Server Responder] INFO  ipc.Server (Server.java:run(1512)) - IPC Server Responder: starting
2022-11-07 13:36:10,354 [IPC Server listener on 0] INFO  ipc.Server (Server.java:run(1352)) - IPC Server listener on 0: starting
2022-11-07 13:36:10,357 [Listener at 0.0.0.0/38881] INFO  server.SCMDatanodeProtocolServer (SCMDatanodeProtocolServer.java:start(186)) - ScmDatanodeProtocol RPC server for DataNodes is listening at /0.0.0.0:43763
2022-11-07 13:36:10,360 [IPC Server listener on 0] INFO  ipc.Server (Server.java:run(1352)) - IPC Server listener on 0: starting
2022-11-07 13:36:10,360 [IPC Server Responder] INFO  ipc.Server (Server.java:run(1512)) - IPC Server Responder: starting
2022-11-07 13:36:10,378 [org.apache.hadoop.util.JvmPauseMonitor$Monitor@406decb2] INFO  util.JvmPauseMonitor (JvmPauseMonitor.java:run(188)) - Starting JVM pause monitor
2022-11-07 13:36:10,395 [Listener at 0.0.0.0/38881] INFO  http.BaseHttpServer (BaseHttpServer.java:newHttpServer2BuilderForOzone(213)) - Starting Web-server for scm at: http://0.0.0.0:0
2022-11-07 13:36:10,396 [Listener at 0.0.0.0/38881] INFO  http.BaseHttpServer (BaseHttpServer.java:<init>(108)) - Hadoop Security Enabled: false Ozone Security Enabled: false Ozone HTTP Security Enabled: false 
2022-11-07 13:36:10,424 [Listener at 0.0.0.0/38881] INFO  util.log (Log.java:initialized(170)) - Logging initialized @3924ms to org.eclipse.jetty.util.log.Slf4jLog
2022-11-07 13:36:10,535 [Listener at 0.0.0.0/38881] WARN  server.AuthenticationFilter (AuthenticationFilter.java:constructSecretProvider(240)) - Unable to initialize FileSignerSecretProvider, falling back to use random secrets. Reason: Could not read signature secret file: /home/runner/hadoop-http-auth-signature-secret
2022-11-07 13:36:10,544 [Listener at 0.0.0.0/38881] WARN  http.HttpRequestLog (HttpRequestLog.java:getRequestLog(103)) - Jetty request log can only be enabled using Log4j
2022-11-07 13:36:10,552 [Listener at 0.0.0.0/38881] INFO  http.HttpServer2 (HttpServer2.java:addGlobalFilter(1031)) - Added global filter 'safety' (class=org.apache.hadoop.hdds.server.http.HttpServer2$QuotingInputFilter)
2022-11-07 13:36:10,554 [Listener at 0.0.0.0/38881] INFO  http.HttpServer2 (HttpServer2.java:addFilter(1007)) - Added filter static_user_filter (class=org.apache.hadoop.http.lib.StaticUserWebFilter$StaticUserFilter) to context scm
2022-11-07 13:36:10,555 [Listener at 0.0.0.0/38881] INFO  http.HttpServer2 (HttpServer2.java:addFilter(1015)) - Added filter static_user_filter (class=org.apache.hadoop.http.lib.StaticUserWebFilter$StaticUserFilter) to context logs
2022-11-07 13:36:10,555 [Listener at 0.0.0.0/38881] INFO  http.HttpServer2 (HttpServer2.java:addFilter(1015)) - Added filter static_user_filter (class=org.apache.hadoop.http.lib.StaticUserWebFilter$StaticUserFilter) to context static
2022-11-07 13:36:10,598 [Listener at 0.0.0.0/38881] INFO  http.HttpServer2 (HttpServer2.java:bindListener(1250)) - Jetty bound to port 46783
2022-11-07 13:36:10,599 [Listener at 0.0.0.0/38881] INFO  server.Server (Server.java:doStart(375)) - jetty-9.4.49.v20220914; built: 2022-09-14T01:07:36.601Z; git: 4231a3b2e4cb8548a412a789936d640a97b1aa0a; jvm 1.8.0_345-b01
2022-11-07 13:36:10,633 [Listener at 0.0.0.0/38881] INFO  server.session (DefaultSessionIdManager.java:doStart(334)) - DefaultSessionIdManager workerName=node0
2022-11-07 13:36:10,634 [Listener at 0.0.0.0/38881] INFO  server.session (DefaultSessionIdManager.java:doStart(339)) - No SessionScavenger set, using defaults
2022-11-07 13:36:10,636 [Listener at 0.0.0.0/38881] INFO  server.session (HouseKeeper.java:startScavenging(132)) - node0 Scavenging every 660000ms
2022-11-07 13:36:10,650 [Listener at 0.0.0.0/38881] INFO  handler.ContextHandler (ContextHandler.java:doStart(921)) - Started o.e.j.s.ServletContextHandler@1387bd84{logs,/logs,file:///home/runner/work/ozone/ozone/hadoop-ozone/integration-test/target/log,AVAILABLE}
2022-11-07 13:36:10,651 [Listener at 0.0.0.0/38881] INFO  handler.ContextHandler (ContextHandler.java:doStart(921)) - Started o.e.j.s.ServletContextHandler@29ce33e9{static,/static,file:///home/runner/work/ozone/ozone/hadoop-ozone/integration-test/target/test-classes/webapps/static,AVAILABLE}
2022-11-07 13:36:10,708 [Listener at 0.0.0.0/38881] INFO  handler.ContextHandler (ContextHandler.java:doStart(921)) - Started o.e.j.w.WebAppContext@712213ed{scm,/,file:///home/runner/work/ozone/ozone/hadoop-ozone/integration-test/target/test-classes/webapps/scm/,AVAILABLE}{file:/home/runner/work/ozone/ozone/hadoop-ozone/integration-test/target/test-classes/webapps/scm}
2022-11-07 13:36:10,722 [Listener at 0.0.0.0/38881] INFO  server.AbstractConnector (AbstractConnector.java:doStart(333)) - Started ServerConnector@74901d7{HTTP/1.1, (http/1.1)}{0.0.0.0:46783}
2022-11-07 13:36:10,725 [Listener at 0.0.0.0/38881] INFO  server.Server (Server.java:doStart(415)) - Started @4225ms
2022-11-07 13:36:10,727 [Listener at 0.0.0.0/38881] INFO  impl.MetricsSinkAdapter (MetricsSinkAdapter.java:start(204)) - Sink prometheus started
2022-11-07 13:36:10,727 [Listener at 0.0.0.0/38881] INFO  impl.MetricsSystemImpl (MetricsSystemImpl.java:registerSink(305)) - Registered sink prometheus
2022-11-07 13:36:10,728 [Listener at 0.0.0.0/38881] INFO  http.BaseHttpServer (BaseHttpServer.java:updateConnectorAddress(333)) - HTTP server of scm listening at http://0.0.0.0:46783
2022-11-07 13:36:10,729 [Listener at 0.0.0.0/38881] WARN  server.ServerUtils (ServerUtils.java:getDBPath(225)) - ozone.om.db.dirs is not configured. We recommend adding this setting. Falling back to ozone.metadata.dirs instead.
2022-11-07 13:36:10,806 [Listener at 0.0.0.0/38881] INFO  audit.AuditLogger (AuditLogger.java:refreshDebugCmdSet(126)) - Refresh DebugCmdSet for OMAudit to [].
2022-11-07 13:36:10,895 [Listener at 0.0.0.0/38881] INFO  ha.OMHANodeDetails (OMHANodeDetails.java:loadOMHAConfig(115)) - ozone.om.internal.service.id is not defined, falling back to ozone.om.service.ids to find serviceID for OzoneManager if it is HA enabled cluster
2022-11-07 13:36:10,898 [Listener at 0.0.0.0/38881] INFO  ha.OMHANodeDetails (OMHANodeDetails.java:loadOMHAConfig(226)) - Configuration does not have ozone.om.address set. Falling back to the default OM address /127.0.0.1:0
2022-11-07 13:36:10,899 [Listener at 0.0.0.0/38881] INFO  ha.OMHANodeDetails (OMHANodeDetails.java:getOMNodeDetailsForNonHA(254)) - OM Service ID is not set. Setting it to the default ID: omServiceIdDefault
2022-11-07 13:36:10,899 [Listener at 0.0.0.0/38881] INFO  ha.OMHANodeDetails (OMHANodeDetails.java:getOMNodeDetailsForNonHA(261)) - OM Node ID is not set. Setting it to the default ID: om1
2022-11-07 13:36:10,909 [Listener at 0.0.0.0/38881] WARN  server.ServerUtils (ServerUtils.java:getDBPath(225)) - ozone.om.db.dirs is not configured. We recommend adding this setting. Falling back to ozone.metadata.dirs instead.
2022-11-07 13:36:10,913 [Listener at 0.0.0.0/38881] INFO  upgrade.AbstractLayoutVersionManager (AbstractLayoutVersionManager.java:init(83)) - Initializing Layout version manager with metadata layout = MULTITENANCY_SCHEMA (version = 3), software layout = MULTITENANCY_SCHEMA (version = 3)
2022-11-07 13:36:11,018 [Listener at 0.0.0.0/38881] INFO  reflections.Reflections (Reflections.java:scan(232)) - Reflections took 100 ms to scan 2 urls, producing 154 keys and 428 values [using 2 cores]
2022-11-07 13:36:11,024 [Listener at 0.0.0.0/38881] INFO  upgrade.OMLayoutVersionManager (OMLayoutVersionManager.java:lambda$0(115)) - Skipping Upgrade Action MockOmUpgradeAction since it has been finalized.
2022-11-07 13:36:11,029 [Listener at 0.0.0.0/38881] WARN  server.ServerUtils (ServerUtils.java:getDBPath(225)) - ozone.om.db.dirs is not configured. We recommend adding this setting. Falling back to ozone.metadata.dirs instead.
2022-11-07 13:36:11,195 [Listener at 0.0.0.0/38881] INFO  proxy.SCMBlockLocationFailoverProxyProvider (SCMBlockLocationFailoverProxyProvider.java:<init>(114)) - Created block location fail-over proxy with 1 nodes: [nodeId=scmNodeId,nodeAddress=/0.0.0.0:42545]
2022-11-07 13:36:11,227 [Listener at 0.0.0.0/38881] INFO  proxy.SCMBlockLocationFailoverProxyProvider (SCMBlockLocationFailoverProxyProvider.java:<init>(114)) - Created block location fail-over proxy with 1 nodes: [nodeId=scmNodeId,nodeAddress=/0.0.0.0:42545]
2022-11-07 13:36:11,434 [Listener at 0.0.0.0/38881] WARN  server.ServerUtils (ServerUtils.java:getDBPath(225)) - ozone.om.db.dirs is not configured. We recommend adding this setting. Falling back to ozone.metadata.dirs instead.
2022-11-07 13:36:11,440 [Listener at 0.0.0.0/38881] INFO  codec.OmKeyInfoCodec (OmKeyInfoCodec.java:<init>(49)) - OmKeyInfoCodec ignorePipeline = true
2022-11-07 13:36:11,442 [Listener at 0.0.0.0/38881] INFO  codec.RepeatedOmKeyInfoCodec (RepeatedOmKeyInfoCodec.java:<init>(41)) - RepeatedOmKeyInfoCodec ignorePipeline = true
2022-11-07 13:36:11,605 [Listener at 0.0.0.0/38881] INFO  om.OzoneManager (OzoneManager.java:instantiateServices(715)) - S3 Multi-Tenancy is disabled
2022-11-07 13:36:11,680 [Listener at 0.0.0.0/38881] INFO  om.OzoneManager (OzoneManager.java:addS3GVolumeToDB(4395)) - Created Volume s3v With Owner runner required for S3Gateway operations.
2022-11-07 13:36:11,731 [Listener at 0.0.0.0/38881] WARN  server.ServerUtils (ServerUtils.java:getDefaultRatisDirectory(237)) - Storage directory for Ratis is not configured. It is a good idea to map this to an SSD disk. Falling back to ozone.metadata.dirs
2022-11-07 13:36:11,732 [Listener at 0.0.0.0/38881] WARN  utils.OzoneManagerRatisUtils (OzoneManagerRatisUtils.java:getOMRatisSnapshotDirectory(434)) - ozone.om.ratis.snapshot.dir is not configured. Falling back to ozone.metadata.dirs config
2022-11-07 13:36:11,752 [Listener at 0.0.0.0/38881] WARN  server.ServerUtils (ServerUtils.java:getDefaultRatisDirectory(237)) - Storage directory for Ratis is not configured. It is a good idea to map this to an SSD disk. Falling back to ozone.metadata.dirs
2022-11-07 13:36:11,781 [Listener at 0.0.0.0/38881] INFO  ratis.OzoneManagerRatisServer (OzoneManagerRatisServer.java:<init>(160)) - Instantiating OM Ratis server with groupID: omServiceIdDefault and peers: localhost:9872
2022-11-07 13:36:11,789 [Listener at 0.0.0.0/38881] INFO  ratis.OzoneManagerStateMachine (OzoneManagerStateMachine.java:loadSnapshotInfoFromDB(636)) - LastAppliedIndex is set from TransactionInfo from OM DB as (t:0, i:~)
2022-11-07 13:36:11,855 [Listener at 0.0.0.0/38881] INFO  server.RaftServer (ConfUtils.java:logGet(46)) - raft.rpc.type = GRPC (default)
2022-11-07 13:36:11,940 [Listener at 0.0.0.0/38881] INFO  grpc.GrpcConfigKeys (ConfUtils.java:logFallback(53)) - raft.grpc.admin.host = null (fallback to raft.grpc.server.host)
2022-11-07 13:36:11,942 [Listener at 0.0.0.0/38881] INFO  grpc.GrpcConfigKeys (ConfUtils.java:logFallback(53)) - raft.grpc.admin.port = 9872 (fallback to raft.grpc.server.port)
2022-11-07 13:36:11,942 [Listener at 0.0.0.0/38881] INFO  grpc.GrpcConfigKeys (ConfUtils.java:logFallback(53)) - raft.grpc.client.host = null (fallback to raft.grpc.server.host)
2022-11-07 13:36:11,943 [Listener at 0.0.0.0/38881] INFO  grpc.GrpcConfigKeys (ConfUtils.java:logFallback(53)) - raft.grpc.client.port = 9872 (fallback to raft.grpc.server.port)
2022-11-07 13:36:11,943 [Listener at 0.0.0.0/38881] INFO  grpc.GrpcConfigKeys (ConfUtils.java:logGet(46)) - raft.grpc.server.host = null (default)
2022-11-07 13:36:11,943 [Listener at 0.0.0.0/38881] INFO  grpc.GrpcConfigKeys (ConfUtils.java:logGet(46)) - raft.grpc.server.port = 9872 (custom)
2022-11-07 13:36:11,944 [Listener at 0.0.0.0/38881] INFO  server.GrpcService (ConfUtils.java:logGet(46)) - raft.grpc.message.size.max = 33554432 (custom)
2022-11-07 13:36:11,945 [Listener at 0.0.0.0/38881] INFO  server.RaftServerConfigKeys (ConfUtils.java:logGet(46)) - raft.server.log.appender.buffer.byte-limit = 33554432 (custom)
2022-11-07 13:36:11,945 [Listener at 0.0.0.0/38881] INFO  server.GrpcService (ConfUtils.java:logGet(46)) - raft.grpc.flow.control.window = 1MB (=1048576) (default)
2022-11-07 13:36:11,946 [Listener at 0.0.0.0/38881] INFO  server.RaftServerConfigKeys (ConfUtils.java:logGet(46)) - raft.server.rpc.request.timeout = 3000ms (default)
2022-11-07 13:36:11,961 [Listener at 0.0.0.0/38881] INFO  grpc.GrpcConfigKeys (ConfUtils.java:logGet(46)) - raft.grpc.server.heartbeat.channel = true (default)
2022-11-07 13:36:11,964 [Listener at 0.0.0.0/38881] INFO  grpc.GrpcConfigKeys (ConfUtils.java:logGet(46)) - raft.grpc.server.async.request.thread.pool.cached = true (default)
2022-11-07 13:36:11,964 [Listener at 0.0.0.0/38881] INFO  grpc.GrpcConfigKeys (ConfUtils.java:logGet(46)) - raft.grpc.server.async.request.thread.pool.size = 32 (default)
2022-11-07 13:36:12,262 [Listener at 0.0.0.0/38881] INFO  impl.DataStreamServerImpl (ConfUtils.java:logGet(46)) - raft.datastream.type = DISABLED (default)
2022-11-07 13:36:12,265 [Listener at 0.0.0.0/38881] INFO  server.RaftServerConfigKeys (ConfUtils.java:logGet(46)) - raft.server.threadpool.proxy.cached = true (default)
2022-11-07 13:36:12,265 [Listener at 0.0.0.0/38881] INFO  server.RaftServerConfigKeys (ConfUtils.java:logGet(46)) - raft.server.threadpool.proxy.size = 0 (default)
2022-11-07 13:36:12,266 [Listener at 0.0.0.0/38881] INFO  server.RaftServerConfigKeys (ConfUtils.java:logGet(46)) - raft.server.rpc.slowness.timeout = 120s (custom)
2022-11-07 13:36:12,266 [Listener at 0.0.0.0/38881] INFO  server.RaftServerConfigKeys (ConfUtils.java:logGet(46)) - raft.server.leaderelection.leader.step-down.wait-time = 10s (default)
2022-11-07 13:36:12,269 [Listener at 0.0.0.0/38881] INFO  server.RaftServerConfigKeys (ConfUtils.java:logGet(46)) - raft.server.storage.dir = [/home/runner/work/ozone/ozone/hadoop-ozone/integration-test/target/test-dir/MiniOzoneClusterImpl-379115e4-4d75-40c4-81a6-8e72fe3ed5e1/ozone-meta/ratis] (custom)
2022-11-07 13:36:12,276 [Listener at 0.0.0.0/38881] INFO  server.RaftServer (RaftServerProxy.java:addNew(96)) - om1: addNew group-C5BA1605619E:[om1|rpc:localhost:9872|priority:0|startupRole:FOLLOWER] returns group-C5BA1605619E:java.util.concurrent.CompletableFuture@5bfef676[Not completed]
2022-11-07 13:36:12,276 [Listener at 0.0.0.0/38881] INFO  om.OzoneManager (OzoneManager.java:initializeRatisServer(1978)) - OzoneManager Ratis server initialized at port 9872
2022-11-07 13:36:12,297 [Listener at 0.0.0.0/38881] INFO  om.OzoneManager (OzoneManager.java:getRpcServer(1104)) - Creating RPC Server
2022-11-07 13:36:12,309 [pool-55-thread-1] INFO  server.RaftServer$Division (RaftServerImpl.java:<init>(195)) - om1: new RaftServerImpl for group-C5BA1605619E:[om1|rpc:localhost:9872|priority:0|startupRole:FOLLOWER] with OzoneManagerStateMachine:uninitialized
2022-11-07 13:36:12,313 [pool-55-thread-1] INFO  server.RaftServerConfigKeys (ConfUtils.java:logGet(46)) - raft.server.rpc.timeout.min = 1s (custom)
2022-11-07 13:36:12,314 [pool-55-thread-1] INFO  server.RaftServerConfigKeys (ConfUtils.java:logGet(46)) - raft.server.rpc.timeout.max = 1200ms (custom)
2022-11-07 13:36:12,314 [pool-55-thread-1] INFO  server.RaftServerConfigKeys (ConfUtils.java:logGet(46)) - raft.server.rpc.sleep.time = 25ms (default)
2022-11-07 13:36:12,314 [pool-55-thread-1] INFO  server.RaftServerConfigKeys (ConfUtils.java:logGet(46)) - raft.server.rpc.slowness.timeout = 120s (custom)
2022-11-07 13:36:12,314 [pool-55-thread-1] INFO  server.RaftServerConfigKeys (ConfUtils.java:logGet(46)) - raft.server.leaderelection.leader.step-down.wait-time = 10s (default)
2022-11-07 13:36:12,314 [pool-55-thread-1] INFO  server.RaftServerConfigKeys (ConfUtils.java:logGet(46)) - raft.server.sleep.deviation.threshold = 300ms (default)
2022-11-07 13:36:12,330 [pool-55-thread-1] INFO  server.RaftServer$Division (ServerState.java:<init>(118)) - om1@group-C5BA1605619E: ConfigurationManager, init=-1: peers:[om1|rpc:localhost:9872|priority:0|startupRole:FOLLOWER]|listeners:[], old=null, confs=<EMPTY_MAP>
2022-11-07 13:36:12,330 [pool-55-thread-1] INFO  server.RaftServerConfigKeys (ConfUtils.java:logGet(46)) - raft.server.storage.dir = [/home/runner/work/ozone/ozone/hadoop-ozone/integration-test/target/test-dir/MiniOzoneClusterImpl-379115e4-4d75-40c4-81a6-8e72fe3ed5e1/ozone-meta/ratis] (custom)
2022-11-07 13:36:12,340 [pool-55-thread-1] INFO  server.RaftServerConfigKeys (ConfUtils.java:logGet(46)) - raft.server.log.corruption.policy = EXCEPTION (default)
2022-11-07 13:36:12,341 [pool-55-thread-1] INFO  server.RaftServerConfigKeys (ConfUtils.java:logGet(46)) - raft.server.storage.free-space.min = 0MB (=0) (default)
2022-11-07 13:36:12,353 [pool-55-thread-1] INFO  server.RaftServerConfigKeys (ConfUtils.java:logGet(46)) - raft.server.notification.no-leader.timeout = 120s (custom)
2022-11-07 13:36:12,359 [pool-55-thread-1] INFO  server.RaftServerConfigKeys (ConfUtils.java:logGet(46)) - raft.server.retrycache.expirytime = 300s (custom)
2022-11-07 13:36:12,359 [pool-55-thread-1] INFO  server.RaftServerConfigKeys (ConfUtils.java:logGet(46)) - raft.server.retrycache.statistics.expirytime = 100μs (default)
2022-11-07 13:36:12,472 [pool-55-thread-1] INFO  server.RaftServerConfigKeys (ConfUtils.java:logGet(46)) - raft.server.log.appender.install.snapshot.enabled = false (custom)
2022-11-07 13:36:12,472 [pool-55-thread-1] INFO  server.RaftServerConfigKeys (ConfUtils.java:logGet(46)) - raft.server.threadpool.server.cached = true (default)
2022-11-07 13:36:12,472 [pool-55-thread-1] INFO  server.RaftServerConfigKeys (ConfUtils.java:logGet(46)) - raft.server.threadpool.server.size = 0 (default)
2022-11-07 13:36:12,473 [pool-55-thread-1] INFO  server.RaftServerConfigKeys (ConfUtils.java:logGet(46)) - raft.server.threadpool.client.cached = true (default)
2022-11-07 13:36:12,474 [pool-55-thread-1] INFO  server.RaftServerConfigKeys (ConfUtils.java:logGet(46)) - raft.server.threadpool.client.size = 0 (default)
2022-11-07 13:36:13,348 [Listener at 0.0.0.0/38881] INFO  reflections.Reflections (Reflections.java:scan(232)) - Reflections took 980 ms to scan 19 urls, producing 67 keys and 4312 values [using 2 cores]
2022-11-07 13:36:13,546 [Listener at 0.0.0.0/38881] INFO  ipc.CallQueueManager (CallQueueManager.java:<init>(90)) - Using callQueue: class java.util.concurrent.LinkedBlockingQueue, queueCapacity: 2000, scheduler: class org.apache.hadoop.ipc.DefaultRpcScheduler, ipcBackoff: false.
2022-11-07 13:36:13,547 [Socket Reader #1 for port 0] INFO  ipc.Server (Server.java:run(1273)) - Starting Socket Reader #1 for port 0
2022-11-07 13:36:13,577 [Listener at 127.0.0.1/35081] INFO  impl.MetricsSystemImpl (MetricsSystemImpl.java:init(158)) - OzoneManager metrics system started (again)
2022-11-07 13:36:13,589 [Listener at 127.0.0.1/35081] INFO  om.OzoneManager (OzoneManager.java:start(1485)) - OzoneManager RPC server is listening at localhost/127.0.0.1:35081
2022-11-07 13:36:13,589 [Listener at 127.0.0.1/35081] INFO  ratis.OzoneManagerRatisServer (OzoneManagerRatisServer.java:start(555)) - Starting OzoneManagerRatisServer om1 at port 9872
2022-11-07 13:36:13,592 [om1-impl-thread1] INFO  storage.RaftStorageDirectory (RaftStorageDirectoryImpl.java:analyzeStorage(137)) - The storage directory /home/runner/work/ozone/ozone/hadoop-ozone/integration-test/target/test-dir/MiniOzoneClusterImpl-379115e4-4d75-40c4-81a6-8e72fe3ed5e1/ozone-meta/ratis/bf265839-605b-3f16-9796-c5ba1605619e does not exist. Creating ...
2022-11-07 13:36:13,597 [om1-impl-thread1] INFO  storage.RaftStorageDirectory (RaftStorageDirectoryImpl.java:tryLock(231)) - Lock on /home/runner/work/ozone/ozone/hadoop-ozone/integration-test/target/test-dir/MiniOzoneClusterImpl-379115e4-4d75-40c4-81a6-8e72fe3ed5e1/ozone-meta/ratis/bf265839-605b-3f16-9796-c5ba1605619e/in_use.lock acquired by nodename 63149@fv-az424-534
2022-11-07 13:36:13,602 [om1-impl-thread1] INFO  storage.RaftStorage (RaftStorageImpl.java:format(96)) - Storage directory /home/runner/work/ozone/ozone/hadoop-ozone/integration-test/target/test-dir/MiniOzoneClusterImpl-379115e4-4d75-40c4-81a6-8e72fe3ed5e1/ozone-meta/ratis/bf265839-605b-3f16-9796-c5ba1605619e has been successfully formatted.
2022-11-07 13:36:13,605 [om1-impl-thread1] INFO  server.RaftServerConfigKeys (ConfUtils.java:logGet(46)) - raft.server.log.use.memory = false (default)
2022-11-07 13:36:13,614 [om1-impl-thread1] INFO  server.RaftServerConfigKeys (ConfUtils.java:logGet(46)) - raft.server.log.purge.gap = 1000000 (custom)
2022-11-07 13:36:13,614 [om1-impl-thread1] INFO  server.RaftServerConfigKeys (ConfUtils.java:logGet(46)) - raft.server.log.appender.buffer.byte-limit = 33554432 (custom)
2022-11-07 13:36:13,616 [om1-impl-thread1] INFO  server.RaftServerConfigKeys (ConfUtils.java:logGet(46)) - raft.server.log.statemachine.data.read.timeout = 1000ms (default)
2022-11-07 13:36:13,618 [om1-impl-thread1] INFO  server.RaftServerConfigKeys (ConfUtils.java:logGet(46)) - raft.server.log.purge.preservation.log.num = 0 (default)
2022-11-07 13:36:13,621 [om1-impl-thread1] INFO  server.RaftServerConfigKeys (ConfUtils.java:logGet(46)) - raft.server.log.segment.size.max = 4194304 (custom)
2022-11-07 13:36:13,627 [om1-impl-thread1] INFO  server.RaftServerConfigKeys (ConfUtils.java:logGet(46)) - raft.server.log.segment.cache.num.max = 2 (custom)
2022-11-07 13:36:13,627 [om1-impl-thread1] INFO  server.RaftServerConfigKeys (ConfUtils.java:logGet(46)) - raft.server.log.segment.cache.size.max = 200MB (=209715200) (default)
2022-11-07 13:36:13,633 [om1-impl-thread1] INFO  segmented.SegmentedRaftLogWorker (SegmentedRaftLogWorker.java:<init>(191)) - new om1@group-C5BA1605619E-SegmentedRaftLogWorker for RaftStorageImpl:Storage Directory /home/runner/work/ozone/ozone/hadoop-ozone/integration-test/target/test-dir/MiniOzoneClusterImpl-379115e4-4d75-40c4-81a6-8e72fe3ed5e1/ozone-meta/ratis/bf265839-605b-3f16-9796-c5ba1605619e
2022-11-07 13:36:13,633 [om1-impl-thread1] INFO  server.RaftServerConfigKeys (ConfUtils.java:logGet(46)) - raft.server.log.queue.byte-limit = 64MB (=67108864) (default)
2022-11-07 13:36:13,634 [om1-impl-thread1] INFO  server.RaftServerConfigKeys (ConfUtils.java:logGet(46)) - raft.server.log.queue.element-limit = 4096 (default)
2022-11-07 13:36:13,636 [om1-impl-thread1] INFO  server.RaftServerConfigKeys (ConfUtils.java:logGet(46)) - raft.server.log.segment.size.max = 4194304 (custom)
2022-11-07 13:36:13,636 [om1-impl-thread1] INFO  server.RaftServerConfigKeys (ConfUtils.java:logGet(46)) - raft.server.log.preallocated.size = 4194304 (custom)
2022-11-07 13:36:13,637 [om1-impl-thread1] INFO  server.RaftServerConfigKeys (ConfUtils.java:logGet(46)) - raft.server.log.force.sync.num = 128 (default)
2022-11-07 13:36:13,638 [om1-impl-thread1] INFO  server.RaftServerConfigKeys (ConfUtils.java:logGet(46)) - raft.server.log.statemachine.data.sync = true (default)
2022-11-07 13:36:13,639 [om1-impl-thread1] INFO  server.RaftServerConfigKeys (ConfUtils.java:logGet(46)) - raft.server.log.statemachine.data.sync.timeout = 10s (default)
2022-11-07 13:36:13,639 [om1-impl-thread1] INFO  server.RaftServerConfigKeys (ConfUtils.java:logGet(46)) - raft.server.log.statemachine.data.sync.timeout.retry = -1 (default)
2022-11-07 13:36:13,776 [om1-impl-thread1] INFO  server.RaftServerConfigKeys (ConfUtils.java:logGet(46)) - raft.server.log.write.buffer.size = 64KB (=65536) (default)
2022-11-07 13:36:13,777 [om1-impl-thread1] INFO  server.RaftServerConfigKeys (ConfUtils.java:logGet(46)) - raft.server.log.unsafe-flush.enabled = false (default)
2022-11-07 13:36:13,778 [om1-impl-thread1] INFO  server.RaftServerConfigKeys (ConfUtils.java:logGet(46)) - raft.server.log.async-flush.enabled = false (default)
2022-11-07 13:36:13,779 [om1-impl-thread1] INFO  server.RaftServerConfigKeys (ConfUtils.java:logGet(46)) - raft.server.log.statemachine.data.caching.enabled = false (default)
2022-11-07 13:36:13,785 [om1-impl-thread1] INFO  segmented.SegmentedRaftLogWorker (SegmentedRaftLogWorker.java:lambda$new$0(136)) - om1@group-C5BA1605619E-SegmentedRaftLogWorker: flushIndex: setUnconditionally 0 -> -1
2022-11-07 13:36:13,785 [om1-impl-thread1] INFO  segmented.SegmentedRaftLogWorker (SegmentedRaftLogWorker.java:lambda$new$0(136)) - om1@group-C5BA1605619E-SegmentedRaftLogWorker: safeCacheEvictIndex: setUnconditionally 0 -> -1
2022-11-07 13:36:13,786 [om1-impl-thread1] INFO  server.RaftServer$Division (RaftServerImpl.java:start(334)) - om1@group-C5BA1605619E: start as a follower, conf=-1: peers:[om1|rpc:localhost:9872|priority:0|startupRole:FOLLOWER]|listeners:[], old=null
2022-11-07 13:36:13,787 [om1-impl-thread1] INFO  server.RaftServer$Division (RaftServerImpl.java:setRole(321)) - om1@group-C5BA1605619E: changes role from      null to FOLLOWER at term 0 for startAsFollower
2022-11-07 13:36:13,789 [om1-impl-thread1] INFO  impl.RoleInfo (RoleInfo.java:updateAndGet(139)) - om1: start om1@group-C5BA1605619E-FollowerState
2022-11-07 13:36:13,790 [om1-impl-thread1] INFO  util.JmxRegister (JmxRegister.java:tryRegister(44)) - Successfully registered JMX Bean with object name Ratis:service=RaftServer,group=group-C5BA1605619E,id=om1
2022-11-07 13:36:13,792 [om1-impl-thread1] INFO  server.RaftServerConfigKeys (ConfUtils.java:logGet(46)) - raft.server.snapshot.auto.trigger.enabled = true (custom)
2022-11-07 13:36:13,792 [om1-impl-thread1] INFO  server.RaftServerConfigKeys (ConfUtils.java:logGet(46)) - raft.server.snapshot.auto.trigger.threshold = 400000 (default)
2022-11-07 13:36:13,793 [om1-impl-thread1] INFO  server.RaftServerConfigKeys (ConfUtils.java:logGet(46)) - raft.server.snapshot.retention.file.num = -1 (default)
2022-11-07 13:36:13,793 [om1-impl-thread1] INFO  server.RaftServerConfigKeys (ConfUtils.java:logGet(46)) - raft.server.log.purge.upto.snapshot.index = true (custom)
2022-11-07 13:36:13,796 [om1@group-C5BA1605619E-FollowerState] INFO  server.RaftServerConfigKeys (ConfUtils.java:logFallback(53)) - raft.server.rpc.first-election.timeout.min = 1s (fallback to raft.server.rpc.timeout.min)
2022-11-07 13:36:13,797 [om1@group-C5BA1605619E-FollowerState] INFO  server.RaftServerConfigKeys (ConfUtils.java:logFallback(53)) - raft.server.rpc.first-election.timeout.max = 1200ms (fallback to raft.server.rpc.timeout.max)
2022-11-07 13:36:13,797 [Listener at 127.0.0.1/35081] INFO  server.RaftServer (RaftServerProxy.java:startImpl(393)) - om1: start RPC server
2022-11-07 13:36:13,888 [Listener at 127.0.0.1/35081] INFO  server.GrpcService (GrpcService.java:startImpl(270)) - om1: GrpcService started, listening on 9872
2022-11-07 13:36:13,893 [Listener at 127.0.0.1/35081] INFO  om.OzoneManager (OzoneManager.java:start(1501)) - Version File has different layout version (3) than OM DB (null). That is expected if this OM has never been finalized to a newer layout version.
2022-11-07 13:36:13,896 [JvmPauseMonitor0] INFO  util.JvmPauseMonitor (JvmPauseMonitor.java:run(105)) - JvmPauseMonitor-om1: Started
2022-11-07 13:36:13,917 [Listener at 127.0.0.1/35081] INFO  http.BaseHttpServer (BaseHttpServer.java:newHttpServer2BuilderForOzone(213)) - Starting Web-server for ozoneManager at: http://0.0.0.0:0
2022-11-07 13:36:13,917 [Listener at 127.0.0.1/35081] INFO  http.BaseHttpServer (BaseHttpServer.java:<init>(108)) - Hadoop Security Enabled: false Ozone Security Enabled: false Ozone HTTP Security Enabled: false 
2022-11-07 13:36:13,918 [Listener at 127.0.0.1/35081] WARN  server.AuthenticationFilter (AuthenticationFilter.java:constructSecretProvider(240)) - Unable to initialize FileSignerSecretProvider, falling back to use random secrets. Reason: Could not read signature secret file: /home/runner/hadoop-http-auth-signature-secret
2022-11-07 13:36:13,920 [Listener at 127.0.0.1/35081] WARN  http.HttpRequestLog (HttpRequestLog.java:getRequestLog(103)) - Jetty request log can only be enabled using Log4j
2022-11-07 13:36:13,921 [Listener at 127.0.0.1/35081] INFO  http.HttpServer2 (HttpServer2.java:addGlobalFilter(1031)) - Added global filter 'safety' (class=org.apache.hadoop.hdds.server.http.HttpServer2$QuotingInputFilter)
2022-11-07 13:36:13,922 [Listener at 127.0.0.1/35081] INFO  http.HttpServer2 (HttpServer2.java:addFilter(1007)) - Added filter static_user_filter (class=org.apache.hadoop.http.lib.StaticUserWebFilter$StaticUserFilter) to context ozoneManager
2022-11-07 13:36:13,922 [Listener at 127.0.0.1/35081] INFO  http.HttpServer2 (HttpServer2.java:addFilter(1015)) - Added filter static_user_filter (class=org.apache.hadoop.http.lib.StaticUserWebFilter$StaticUserFilter) to context logs
2022-11-07 13:36:13,923 [Listener at 127.0.0.1/35081] INFO  http.HttpServer2 (HttpServer2.java:addFilter(1015)) - Added filter static_user_filter (class=org.apache.hadoop.http.lib.StaticUserWebFilter$StaticUserFilter) to context static
2022-11-07 13:36:13,924 [Listener at 127.0.0.1/35081] INFO  http.HttpServer2 (HttpServer2.java:bindListener(1250)) - Jetty bound to port 44931
2022-11-07 13:36:13,925 [Listener at 127.0.0.1/35081] INFO  server.Server (Server.java:doStart(375)) - jetty-9.4.49.v20220914; built: 2022-09-14T01:07:36.601Z; git: 4231a3b2e4cb8548a412a789936d640a97b1aa0a; jvm 1.8.0_345-b01
2022-11-07 13:36:13,937 [Listener at 127.0.0.1/35081] INFO  server.session (DefaultSessionIdManager.java:doStart(334)) - DefaultSessionIdManager workerName=node0
2022-11-07 13:36:13,938 [Listener at 127.0.0.1/35081] INFO  server.session (DefaultSessionIdManager.java:doStart(339)) - No SessionScavenger set, using defaults
2022-11-07 13:36:13,938 [Listener at 127.0.0.1/35081] INFO  server.session (HouseKeeper.java:startScavenging(132)) - node0 Scavenging every 660000ms
2022-11-07 13:36:13,939 [Listener at 127.0.0.1/35081] INFO  handler.ContextHandler (ContextHandler.java:doStart(921)) - Started o.e.j.s.ServletContextHandler@5c2424a0{logs,/logs,file:///home/runner/work/ozone/ozone/hadoop-ozone/integration-test/target/log,AVAILABLE}
2022-11-07 13:36:13,939 [Listener at 127.0.0.1/35081] INFO  handler.ContextHandler (ContextHandler.java:doStart(921)) - Started o.e.j.s.ServletContextHandler@1faa627c{static,/static,file:///home/runner/work/ozone/ozone/hadoop-ozone/integration-test/target/test-classes/webapps/static,AVAILABLE}
2022-11-07 13:36:13,943 [Listener at 127.0.0.1/35081] INFO  handler.ContextHandler (ContextHandler.java:doStart(921)) - Started o.e.j.w.WebAppContext@169729d9{ozoneManager,/,file:///home/runner/work/ozone/ozone/hadoop-ozone/integration-test/target/test-classes/webapps/ozoneManager/,AVAILABLE}{file:/home/runner/work/ozone/ozone/hadoop-ozone/integration-test/target/test-classes/webapps/ozoneManager}
2022-11-07 13:36:13,944 [Listener at 127.0.0.1/35081] INFO  server.AbstractConnector (AbstractConnector.java:doStart(333)) - Started ServerConnector@74770a8b{HTTP/1.1, (http/1.1)}{0.0.0.0:44931}
2022-11-07 13:36:13,944 [Listener at 127.0.0.1/35081] INFO  server.Server (Server.java:doStart(415)) - Started @7445ms
2022-11-07 13:36:13,944 [Listener at 127.0.0.1/35081] WARN  impl.MetricsSystemImpl (MetricsSystemImpl.java:register(279)) - Sink prometheus already exists!
2022-11-07 13:36:13,945 [Listener at 127.0.0.1/35081] INFO  http.BaseHttpServer (BaseHttpServer.java:updateConnectorAddress(333)) - HTTP server of ozoneManager listening at http://0.0.0.0:44931
2022-11-07 13:36:13,947 [IPC Server Responder] INFO  ipc.Server (Server.java:run(1512)) - IPC Server Responder: starting
2022-11-07 13:36:13,947 [IPC Server listener on 0] INFO  ipc.Server (Server.java:run(1352)) - IPC Server listener on 0: starting
2022-11-07 13:36:13,950 [Listener at 127.0.0.1/35081] INFO  om.OzoneManager (OzoneManager.java:startTrashEmptier(1922)) - Trash Interval set to 0. Files deleted won't move to trash
2022-11-07 13:36:13,958 [org.apache.hadoop.util.JvmPauseMonitor$Monitor@5a52e060] INFO  util.JvmPauseMonitor (JvmPauseMonitor.java:run(188)) - Starting JVM pause monitor
2022-11-07 13:36:14,101 [Listener at 127.0.0.1/35081] WARN  impl.MetricRegistriesImpl (MetricRegistriesImpl.java:addReporterRegistration(111)) - New reporters are added after registries were created. Some metrics will be missing from the reporter. Please add reporter before adding any new registry.
2022-11-07 13:36:14,101 [Listener at 127.0.0.1/35081] WARN  impl.MetricRegistriesImpl (MetricRegistriesImpl.java:addReporterRegistration(111)) - New reporters are added after registries were created. Some metrics will be missing from the reporter. Please add reporter before adding any new registry.
2022-11-07 13:36:14,101 [Listener at 127.0.0.1/35081] INFO  impl.MetricsSystemImpl (MetricsSystemImpl.java:init(158)) - HddsDatanode metrics system started (again)
2022-11-07 13:36:14,116 [Listener at 127.0.0.1/35081] INFO  ozone.HddsDatanodeService (HddsDatanodeService.java:start(236)) - HddsDatanodeService host:fv-az424-534.i1gjr3zuz4qevjy1zin2gin2ih.gx.internal.cloudapp.net ip:10.1.0.230
2022-11-07 13:36:14,146 [Listener at 127.0.0.1/35081] INFO  upgrade.AbstractLayoutVersionManager (AbstractLayoutVersionManager.java:init(83)) - Initializing Layout version manager with metadata layout = DATANODE_SCHEMA_V3 (version = 4), software layout = DATANODE_SCHEMA_V3 (version = 4)
2022-11-07 13:36:14,202 [Listener at 127.0.0.1/35081] INFO  reflections.Reflections (Reflections.java:scan(232)) - Reflections took 53 ms to scan 7 urls, producing 139 keys and 336 values 
2022-11-07 13:36:14,205 [Listener at 127.0.0.1/35081] INFO  statemachine.DatanodeStateMachine (DatanodeStateMachine.java:getEndPointTaskThreadPoolSize(245)) - Datanode State Machine Task Thread Pool size 2
2022-11-07 13:36:14,258 [Listener at 127.0.0.1/35081] INFO  volume.HddsVolume (HddsVolume.java:<init>(117)) - Creating HddsVolume: /home/runner/work/ozone/ozone/hadoop-ozone/integration-test/target/test-dir/MiniOzoneClusterImpl-379115e4-4d75-40c4-81a6-8e72fe3ed5e1/datanode-0/data-0/containers/hdds of storage type : DISK capacity : 9223372036854775807
2022-11-07 13:36:14,261 [Listener at 127.0.0.1/35081] INFO  volume.MutableVolumeSet (MutableVolumeSet.java:initializeVolumeSet(174)) - Added Volume : /home/runner/work/ozone/ozone/hadoop-ozone/integration-test/target/test-dir/MiniOzoneClusterImpl-379115e4-4d75-40c4-81a6-8e72fe3ed5e1/datanode-0/data-0/containers/hdds to VolumeSet
2022-11-07 13:36:14,262 [Listener at 127.0.0.1/35081] INFO  volume.ThrottledAsyncChecker (ThrottledAsyncChecker.java:schedule(141)) - Scheduling a check for /home/runner/work/ozone/ozone/hadoop-ozone/integration-test/target/test-dir/MiniOzoneClusterImpl-379115e4-4d75-40c4-81a6-8e72fe3ed5e1/datanode-0/data-0/containers/hdds
2022-11-07 13:36:14,281 [Listener at 127.0.0.1/35081] INFO  volume.StorageVolumeChecker (StorageVolumeChecker.java:checkAllVolumes(202)) - Scheduled health check for volume /home/runner/work/ozone/ozone/hadoop-ozone/integration-test/target/test-dir/MiniOzoneClusterImpl-379115e4-4d75-40c4-81a6-8e72fe3ed5e1/datanode-0/data-0/containers/hdds
2022-11-07 13:36:14,298 [Listener at 127.0.0.1/35081] INFO  volume.MutableVolumeSet (MutableVolumeSet.java:initializeVolumeSet(174)) - Added Volume : /home/runner/work/ozone/ozone/hadoop-ozone/integration-test/target/test-dir/MiniOzoneClusterImpl-379115e4-4d75-40c4-81a6-8e72fe3ed5e1/datanode-0/data/ratis to VolumeSet
2022-11-07 13:36:14,298 [Listener at 127.0.0.1/35081] INFO  volume.ThrottledAsyncChecker (ThrottledAsyncChecker.java:schedule(141)) - Scheduling a check for /home/runner/work/ozone/ozone/hadoop-ozone/integration-test/target/test-dir/MiniOzoneClusterImpl-379115e4-4d75-40c4-81a6-8e72fe3ed5e1/datanode-0/data/ratis
2022-11-07 13:36:14,299 [Listener at 127.0.0.1/35081] INFO  volume.StorageVolumeChecker (StorageVolumeChecker.java:checkAllVolumes(202)) - Scheduled health check for volume /home/runner/work/ozone/ozone/hadoop-ozone/integration-test/target/test-dir/MiniOzoneClusterImpl-379115e4-4d75-40c4-81a6-8e72fe3ed5e1/datanode-0/data/ratis
2022-11-07 13:36:14,329 [Thread-136] INFO  ozoneimpl.ContainerReader (ContainerReader.java:readVolume(175)) - Finish verifying containers on volume /home/runner/work/ozone/ozone/hadoop-ozone/integration-test/target/test-dir/MiniOzoneClusterImpl-379115e4-4d75-40c4-81a6-8e72fe3ed5e1/datanode-0/data-0/containers/hdds
2022-11-07 13:36:14,329 [Listener at 127.0.0.1/35081] INFO  ozoneimpl.OzoneContainer (OzoneContainer.java:buildContainerSet(300)) - Build ContainerSet costs 0s
2022-11-07 13:36:14,376 [Listener at 127.0.0.1/35081] INFO  audit.AuditLogger (AuditLogger.java:refreshDebugCmdSet(126)) - Refresh DebugCmdSet for DNAudit to [].
2022-11-07 13:36:14,405 [Listener at 127.0.0.1/35081] INFO  server.RaftServer (ConfUtils.java:logGet(46)) - raft.rpc.type = GRPC (default)
2022-11-07 13:36:14,405 [Listener at 127.0.0.1/35081] INFO  grpc.GrpcConfigKeys (ConfUtils.java:logFallback(53)) - raft.grpc.admin.host = null (fallback to raft.grpc.server.host)
2022-11-07 13:36:14,406 [Listener at 127.0.0.1/35081] INFO  grpc.GrpcConfigKeys (ConfUtils.java:logGet(46)) - raft.grpc.admin.port = 0 (custom)
2022-11-07 13:36:14,406 [Listener at 127.0.0.1/35081] INFO  grpc.GrpcConfigKeys (ConfUtils.java:logFallback(53)) - raft.grpc.client.host = null (fallback to raft.grpc.server.host)
2022-11-07 13:36:14,406 [Listener at 127.0.0.1/35081] INFO  grpc.GrpcConfigKeys (ConfUtils.java:logGet(46)) - raft.grpc.client.port = 0 (custom)
2022-11-07 13:36:14,406 [Listener at 127.0.0.1/35081] INFO  grpc.GrpcConfigKeys (ConfUtils.java:logGet(46)) - raft.grpc.server.host = null (default)
2022-11-07 13:36:14,406 [Listener at 127.0.0.1/35081] INFO  grpc.GrpcConfigKeys (ConfUtils.java:logGet(46)) - raft.grpc.server.port = 0 (default)
2022-11-07 13:36:14,406 [Listener at 127.0.0.1/35081] INFO  server.GrpcService (ConfUtils.java:logGet(46)) - raft.grpc.message.size.max = 32MB (=33554432) (custom)
2022-11-07 13:36:14,406 [Listener at 127.0.0.1/35081] INFO  server.RaftServerConfigKeys (ConfUtils.java:logGet(46)) - raft.server.log.appender.buffer.byte-limit = 33554432 (custom)
2022-11-07 13:36:14,407 [Listener at 127.0.0.1/35081] INFO  server.GrpcService (ConfUtils.java:logGet(46)) - raft.grpc.flow.control.window = 5MB (=5242880) (custom)
2022-11-07 13:36:14,407 [Listener at 127.0.0.1/35081] INFO  server.RaftServerConfigKeys (ConfUtils.java:logGet(46)) - raft.server.rpc.request.timeout = 60s (custom)
2022-11-07 13:36:14,407 [Listener at 127.0.0.1/35081] INFO  grpc.GrpcConfigKeys (ConfUtils.java:logGet(46)) - raft.grpc.server.heartbeat.channel = true (default)
2022-11-07 13:36:14,407 [Listener at 127.0.0.1/35081] INFO  grpc.GrpcConfigKeys (ConfUtils.java:logGet(46)) - raft.grpc.server.async.request.thread.pool.cached = true (default)
2022-11-07 13:36:14,407 [Listener at 127.0.0.1/35081] INFO  grpc.GrpcConfigKeys (ConfUtils.java:logGet(46)) - raft.grpc.server.async.request.thread.pool.size = 32 (default)
2022-11-07 13:36:14,408 [Listener at 127.0.0.1/35081] INFO  impl.DataStreamServerImpl (ConfUtils.java:logGet(46)) - raft.datastream.type = DISABLED (default)
2022-11-07 13:36:14,409 [Listener at 127.0.0.1/35081] INFO  server.RaftServerConfigKeys (ConfUtils.java:logGet(46)) - raft.server.threadpool.proxy.cached = true (default)
2022-11-07 13:36:14,409 [Listener at 127.0.0.1/35081] INFO  server.RaftServerConfigKeys (ConfUtils.java:logGet(46)) - raft.server.threadpool.proxy.size = 0 (default)
2022-11-07 13:36:14,409 [Listener at 127.0.0.1/35081] INFO  server.RaftServerConfigKeys (ConfUtils.java:logGet(46)) - raft.server.rpc.slowness.timeout = 300s (custom)
2022-11-07 13:36:14,409 [Listener at 127.0.0.1/35081] INFO  server.RaftServerConfigKeys (ConfUtils.java:logGet(46)) - raft.server.leaderelection.leader.step-down.wait-time = 10s (default)
2022-11-07 13:36:14,409 [Listener at 127.0.0.1/35081] INFO  server.RaftServerConfigKeys (ConfUtils.java:logGet(46)) - raft.server.storage.dir = [/home/runner/work/ozone/ozone/hadoop-ozone/integration-test/target/test-dir/MiniOzoneClusterImpl-379115e4-4d75-40c4-81a6-8e72fe3ed5e1/datanode-0/data/ratis] (custom)
2022-11-07 13:36:14,427 [Listener at 127.0.0.1/35081] INFO  server.XceiverServerGrpc (XceiverServerGrpc.java:<init>(132)) - GrpcServer channel type EpollServerSocketChannel
2022-11-07 13:36:14,495 [Listener at 127.0.0.1/35081] INFO  http.BaseHttpServer (BaseHttpServer.java:newHttpServer2BuilderForOzone(213)) - Starting Web-server for hddsDatanode at: http://0.0.0.0:0
2022-11-07 13:36:14,495 [Listener at 127.0.0.1/35081] INFO  http.BaseHttpServer (BaseHttpServer.java:<init>(108)) - Hadoop Security Enabled: false Ozone Security Enabled: false Ozone HTTP Security Enabled: false 
2022-11-07 13:36:14,497 [Listener at 127.0.0.1/35081] WARN  server.AuthenticationFilter (AuthenticationFilter.java:constructSecretProvider(240)) - Unable to initialize FileSignerSecretProvider, falling back to use random secrets. Reason: Could not read signature secret file: /home/runner/hadoop-http-auth-signature-secret
2022-11-07 13:36:14,500 [Listener at 127.0.0.1/35081] WARN  http.HttpRequestLog (HttpRequestLog.java:getRequestLog(103)) - Jetty request log can only be enabled using Log4j
2022-11-07 13:36:14,502 [Listener at 127.0.0.1/35081] INFO  http.HttpServer2 (HttpServer2.java:addGlobalFilter(1031)) - Added global filter 'safety' (class=org.apache.hadoop.hdds.server.http.HttpServer2$QuotingInputFilter)
2022-11-07 13:36:14,503 [Listener at 127.0.0.1/35081] INFO  http.HttpServer2 (HttpServer2.java:addFilter(1007)) - Added filter static_user_filter (class=org.apache.hadoop.http.lib.StaticUserWebFilter$StaticUserFilter) to context hddsDatanode
2022-11-07 13:36:14,503 [Listener at 127.0.0.1/35081] INFO  http.HttpServer2 (HttpServer2.java:addFilter(1015)) - Added filter static_user_filter (class=org.apache.hadoop.http.lib.StaticUserWebFilter$StaticUserFilter) to context logs
2022-11-07 13:36:14,503 [Listener at 127.0.0.1/35081] INFO  http.HttpServer2 (HttpServer2.java:addFilter(1015)) - Added filter static_user_filter (class=org.apache.hadoop.http.lib.StaticUserWebFilter$StaticUserFilter) to context static
2022-11-07 13:36:14,504 [Listener at 127.0.0.1/35081] INFO  http.HttpServer2 (HttpServer2.java:bindListener(1250)) - Jetty bound to port 42471
2022-11-07 13:36:14,504 [Listener at 127.0.0.1/35081] INFO  server.Server (Server.java:doStart(375)) - jetty-9.4.49.v20220914; built: 2022-09-14T01:07:36.601Z; git: 4231a3b2e4cb8548a412a789936d640a97b1aa0a; jvm 1.8.0_345-b01
2022-11-07 13:36:14,512 [Listener at 127.0.0.1/35081] INFO  server.session (DefaultSessionIdManager.java:doStart(334)) - DefaultSessionIdManager workerName=node0
2022-11-07 13:36:14,512 [Listener at 127.0.0.1/35081] INFO  server.session (DefaultSessionIdManager.java:doStart(339)) - No SessionScavenger set, using defaults
2022-11-07 13:36:14,513 [Listener at 127.0.0.1/35081] INFO  server.session (HouseKeeper.java:startScavenging(132)) - node0 Scavenging every 600000ms
2022-11-07 13:36:14,513 [Listener at 127.0.0.1/35081] INFO  handler.ContextHandler (ContextHandler.java:doStart(921)) - Started o.e.j.s.ServletContextHandler@76a72a1b{logs,/logs,file:///home/runner/work/ozone/ozone/hadoop-ozone/integration-test/target/log,AVAILABLE}
2022-11-07 13:36:14,514 [Listener at 127.0.0.1/35081] INFO  handler.ContextHandler (ContextHandler.java:doStart(921)) - Started o.e.j.s.ServletContextHandler@17444cb9{static,/static,jar:file:/home/runner/.m2/repository/org/apache/ozone/hdds-container-service/1.3.0-SNAPSHOT/hdds-container-service-1.3.0-SNAPSHOT.jar!/webapps/static,AVAILABLE}
2022-11-07 13:36:14,704 [Listener at 127.0.0.1/35081] INFO  handler.ContextHandler (ContextHandler.java:doStart(921)) - Started o.e.j.w.WebAppContext@10c834af{hddsDatanode,/,file:///tmp/jetty-0_0_0_0-42471-hdds-container-service-1_3_0-SNAPSHOT_jar-_-any-5061095857366345388/webapp/,AVAILABLE}{jar:file:/home/runner/.m2/repository/org/apache/ozone/hdds-container-service/1.3.0-SNAPSHOT/hdds-container-service-1.3.0-SNAPSHOT.jar!/webapps/hddsDatanode}
2022-11-07 13:36:14,705 [Listener at 127.0.0.1/35081] INFO  server.AbstractConnector (AbstractConnector.java:doStart(333)) - Started ServerConnector@2ca92eb2{HTTP/1.1, (http/1.1)}{0.0.0.0:42471}
2022-11-07 13:36:14,706 [Listener at 127.0.0.1/35081] INFO  server.Server (Server.java:doStart(415)) - Started @8206ms
2022-11-07 13:36:14,706 [Listener at 127.0.0.1/35081] WARN  impl.MetricsSystemImpl (MetricsSystemImpl.java:register(279)) - Sink prometheus already exists!
2022-11-07 13:36:14,706 [Listener at 127.0.0.1/35081] INFO  http.BaseHttpServer (BaseHttpServer.java:updateConnectorAddress(333)) - HTTP server of hddsDatanode listening at http://0.0.0.0:42471
2022-11-07 13:36:14,708 [Listener at 127.0.0.1/35081] WARN  impl.MetricRegistriesImpl (MetricRegistriesImpl.java:addReporterRegistration(111)) - New reporters are added after registries were created. Some metrics will be missing from the reporter. Please add reporter before adding any new registry.
2022-11-07 13:36:14,709 [Listener at 127.0.0.1/35081] WARN  impl.MetricRegistriesImpl (MetricRegistriesImpl.java:addReporterRegistration(111)) - New reporters are added after registries were created. Some metrics will be missing from the reporter. Please add reporter before adding any new registry.
2022-11-07 13:36:14,709 [Listener at 127.0.0.1/35081] INFO  impl.MetricsSystemImpl (MetricsSystemImpl.java:init(158)) - HddsDatanode metrics system started (again)
2022-11-07 13:36:14,714 [Datanode State Machine Daemon Thread] INFO  statemachine.DatanodeStateMachine (DatanodeStateMachine.java:lambda$startDaemon$0(505)) - Ozone container server started.
2022-11-07 13:36:14,740 [org.apache.hadoop.util.JvmPauseMonitor$Monitor@759e9bfd] INFO  util.JvmPauseMonitor (JvmPauseMonitor.java:run(188)) - Starting JVM pause monitor
2022-11-07 13:36:14,748 [Listener at 127.0.0.1/35081] INFO  ozone.HddsDatanodeService (HddsDatanodeService.java:start(236)) - HddsDatanodeService host:fv-az424-534.i1gjr3zuz4qevjy1zin2gin2ih.gx.internal.cloudapp.net ip:10.1.0.230
2022-11-07 13:36:14,781 [Listener at 127.0.0.1/35081] INFO  upgrade.AbstractLayoutVersionManager (AbstractLayoutVersionManager.java:init(83)) - Initializing Layout version manager with metadata layout = DATANODE_SCHEMA_V3 (version = 4), software layout = DATANODE_SCHEMA_V3 (version = 4)
2022-11-07 13:36:14,863 [om1@group-C5BA1605619E-FollowerState] INFO  impl.FollowerState (FollowerState.java:run(143)) - om1@group-C5BA1605619E-FollowerState: change to CANDIDATE, lastRpcElapsedTime:1074477526ns, electionTimeout:1064ms
2022-11-07 13:36:14,864 [om1@group-C5BA1605619E-FollowerState] INFO  impl.RoleInfo (RoleInfo.java:shutdownFollowerState(110)) - om1: shutdown om1@group-C5BA1605619E-FollowerState
2022-11-07 13:36:14,865 [om1@group-C5BA1605619E-FollowerState] INFO  server.RaftServer$Division (RaftServerImpl.java:setRole(321)) - om1@group-C5BA1605619E: changes role from  FOLLOWER to CANDIDATE at term 0 for changeToCandidate
2022-11-07 13:36:14,868 [om1@group-C5BA1605619E-FollowerState] INFO  server.RaftServerConfigKeys (ConfUtils.java:logGet(46)) - raft.server.leaderelection.pre-vote = false (custom)
2022-11-07 13:36:14,868 [om1@group-C5BA1605619E-FollowerState] INFO  impl.RoleInfo (RoleInfo.java:updateAndGet(139)) - om1: start om1@group-C5BA1605619E-LeaderElection1
2022-11-07 13:36:14,881 [Listener at 127.0.0.1/35081] INFO  reflections.Reflections (Reflections.java:scan(232)) - Reflections took 99 ms to scan 7 urls, producing 139 keys and 336 values 
2022-11-07 13:36:14,883 [om1@group-C5BA1605619E-LeaderElection1] INFO  impl.LeaderElection (LeaderElection.java:askForVotes(312)) - om1@group-C5BA1605619E-LeaderElection1 ELECTION round 0: submit vote requests at term 1 for -1: peers:[om1|rpc:localhost:9872|priority:0|startupRole:FOLLOWER]|listeners:[], old=null
2022-11-07 13:36:14,885 [om1@group-C5BA1605619E-LeaderElection1] INFO  impl.LeaderElection (LeaderElection.java:askForVotes(314)) - om1@group-C5BA1605619E-LeaderElection1 ELECTION round 0: result PASSED (term=1)
2022-11-07 13:36:14,885 [om1@group-C5BA1605619E-LeaderElection1] INFO  impl.RoleInfo (RoleInfo.java:shutdownLeaderElection(130)) - om1: shutdown om1@group-C5BA1605619E-LeaderElection1
2022-11-07 13:36:14,887 [om1@group-C5BA1605619E-LeaderElection1] INFO  server.RaftServer$Division (RaftServerImpl.java:setRole(321)) - om1@group-C5BA1605619E: changes role from CANDIDATE to LEADER at term 1 for changeToLeader
2022-11-07 13:36:14,887 [om1@group-C5BA1605619E-LeaderElection1] INFO  server.RaftServer$Division (ServerState.java:setLeader(313)) - om1@group-C5BA1605619E: change Leader from null to om1 at term 1 for becomeLeader, leader elected after 2534ms
2022-11-07 13:36:14,890 [Listener at 127.0.0.1/35081] INFO  statemachine.DatanodeStateMachine (DatanodeStateMachine.java:getEndPointTaskThreadPoolSize(245)) - Datanode State Machine Task Thread Pool size 2
2022-11-07 13:36:14,898 [om1@group-C5BA1605619E-LeaderElection1] INFO  server.RaftServerConfigKeys (ConfUtils.java:logGet(46)) - raft.server.staging.catchup.gap = 1000 (default)
2022-11-07 13:36:14,901 [Listener at 127.0.0.1/35081] INFO  volume.HddsVolume (HddsVolume.java:<init>(117)) - Creating HddsVolume: /home/runner/work/ozone/ozone/hadoop-ozone/integration-test/target/test-dir/MiniOzoneClusterImpl-379115e4-4d75-40c4-81a6-8e72fe3ed5e1/datanode-1/data-0/containers/hdds of storage type : DISK capacity : 9223372036854775807
2022-11-07 13:36:14,901 [Listener at 127.0.0.1/35081] INFO  volume.MutableVolumeSet (MutableVolumeSet.java:initializeVolumeSet(174)) - Added Volume : /home/runner/work/ozone/ozone/hadoop-ozone/integration-test/target/test-dir/MiniOzoneClusterImpl-379115e4-4d75-40c4-81a6-8e72fe3ed5e1/datanode-1/data-0/containers/hdds to VolumeSet
2022-11-07 13:36:14,901 [Listener at 127.0.0.1/35081] INFO  volume.ThrottledAsyncChecker (ThrottledAsyncChecker.java:schedule(141)) - Scheduling a check for /home/runner/work/ozone/ozone/hadoop-ozone/integration-test/target/test-dir/MiniOzoneClusterImpl-379115e4-4d75-40c4-81a6-8e72fe3ed5e1/datanode-1/data-0/containers/hdds
2022-11-07 13:36:14,909 [Listener at 127.0.0.1/35081] INFO  volume.StorageVolumeChecker (StorageVolumeChecker.java:checkAllVolumes(202)) - Scheduled health check for volume /home/runner/work/ozone/ozone/hadoop-ozone/integration-test/target/test-dir/MiniOzoneClusterImpl-379115e4-4d75-40c4-81a6-8e72fe3ed5e1/datanode-1/data-0/containers/hdds
2022-11-07 13:36:14,911 [om1@group-C5BA1605619E-LeaderElection1] INFO  server.RaftServerConfigKeys (ConfUtils.java:logGet(46)) - raft.server.write.element-limit = 4096 (default)
2022-11-07 13:36:14,911 [om1@group-C5BA1605619E-LeaderElection1] INFO  server.RaftServerConfigKeys (ConfUtils.java:logGet(46)) - raft.server.write.byte-limit = 64MB (=67108864) (default)
2022-11-07 13:36:14,918 [om1@group-C5BA1605619E-LeaderElection1] INFO  server.RaftServerConfigKeys (ConfUtils.java:logGet(46)) - raft.server.watch.timeout = 10s (default)
2022-11-07 13:36:14,918 [om1@group-C5BA1605619E-LeaderElection1] INFO  server.RaftServerConfigKeys (ConfUtils.java:logGet(46)) - raft.server.watch.timeout.denomination = 1s (default)
2022-11-07 13:36:14,920 [om1@group-C5BA1605619E-LeaderElection1] INFO  server.RaftServerConfigKeys (ConfUtils.java:logGet(46)) - raft.server.watch.element-limit = 65536 (default)
2022-11-07 13:36:14,930 [om1@group-C5BA1605619E-LeaderElection1] INFO  server.RaftServerConfigKeys (ConfUtils.java:logGet(46)) - raft.server.write.element-limit = 4096 (default)
2022-11-07 13:36:14,931 [Datanode State Machine Task Thread - 0] INFO  datanode.InitDatanodeState (InitDatanodeState.java:persistContainerDatanodeDetails(138)) - DatanodeDetails is persisted to /home/runner/work/ozone/ozone/hadoop-ozone/integration-test/target/test-dir/MiniOzoneClusterImpl-379115e4-4d75-40c4-81a6-8e72fe3ed5e1/datanode-0/meta/datanode.id
2022-11-07 13:36:14,933 [om1@group-C5BA1605619E-LeaderElection1] INFO  server.RaftServerConfigKeys (ConfUtils.java:logGet(46)) - raft.server.write.follower.gap.ratio.max = -1.0 (default)
2022-11-07 13:36:14,935 [Listener at 127.0.0.1/35081] INFO  volume.MutableVolumeSet (MutableVolumeSet.java:initializeVolumeSet(174)) - Added Volume : /home/runner/work/ozone/ozone/hadoop-ozone/integration-test/target/test-dir/MiniOzoneClusterImpl-379115e4-4d75-40c4-81a6-8e72fe3ed5e1/datanode-1/data/ratis to VolumeSet
2022-11-07 13:36:14,935 [om1@group-C5BA1605619E-LeaderElection1] INFO  impl.RoleInfo (RoleInfo.java:updateAndGet(139)) - om1: start om1@group-C5BA1605619E-LeaderStateImpl
2022-11-07 13:36:14,935 [Listener at 127.0.0.1/35081] INFO  volume.ThrottledAsyncChecker (ThrottledAsyncChecker.java:schedule(141)) - Scheduling a check for /home/runner/work/ozone/ozone/hadoop-ozone/integration-test/target/test-dir/MiniOzoneClusterImpl-379115e4-4d75-40c4-81a6-8e72fe3ed5e1/datanode-1/data/ratis
2022-11-07 13:36:14,936 [Listener at 127.0.0.1/35081] INFO  volume.StorageVolumeChecker (StorageVolumeChecker.java:checkAllVolumes(202)) - Scheduled health check for volume /home/runner/work/ozone/ozone/hadoop-ozone/integration-test/target/test-dir/MiniOzoneClusterImpl-379115e4-4d75-40c4-81a6-8e72fe3ed5e1/datanode-1/data/ratis
2022-11-07 13:36:14,951 [Thread-151] INFO  ozoneimpl.ContainerReader (ContainerReader.java:readVolume(175)) - Finish verifying containers on volume /home/runner/work/ozone/ozone/hadoop-ozone/integration-test/target/test-dir/MiniOzoneClusterImpl-379115e4-4d75-40c4-81a6-8e72fe3ed5e1/datanode-1/data-0/containers/hdds
2022-11-07 13:36:14,952 [Listener at 127.0.0.1/35081] INFO  ozoneimpl.OzoneContainer (OzoneContainer.java:buildContainerSet(300)) - Build ContainerSet costs 0s
2022-11-07 13:36:14,955 [Listener at 127.0.0.1/35081] INFO  server.RaftServer (ConfUtils.java:logGet(46)) - raft.rpc.type = GRPC (default)
2022-11-07 13:36:14,955 [Listener at 127.0.0.1/35081] INFO  grpc.GrpcConfigKeys (ConfUtils.java:logFallback(53)) - raft.grpc.admin.host = null (fallback to raft.grpc.server.host)
2022-11-07 13:36:14,955 [Listener at 127.0.0.1/35081] INFO  grpc.GrpcConfigKeys (ConfUtils.java:logGet(46)) - raft.grpc.admin.port = 0 (custom)
2022-11-07 13:36:14,956 [Listener at 127.0.0.1/35081] INFO  grpc.GrpcConfigKeys (ConfUtils.java:logFallback(53)) - raft.grpc.client.host = null (fallback to raft.grpc.server.host)
2022-11-07 13:36:14,956 [Listener at 127.0.0.1/35081] INFO  grpc.GrpcConfigKeys (ConfUtils.java:logGet(46)) - raft.grpc.client.port = 0 (custom)
2022-11-07 13:36:14,956 [Listener at 127.0.0.1/35081] INFO  grpc.GrpcConfigKeys (ConfUtils.java:logGet(46)) - raft.grpc.server.host = null (default)
2022-11-07 13:36:14,956 [Listener at 127.0.0.1/35081] INFO  grpc.GrpcConfigKeys (ConfUtils.java:logGet(46)) - raft.grpc.server.port = 0 (default)
2022-11-07 13:36:14,957 [Listener at 127.0.0.1/35081] INFO  server.GrpcService (ConfUtils.java:logGet(46)) - raft.grpc.message.size.max = 32MB (=33554432) (custom)
2022-11-07 13:36:14,957 [Listener at 127.0.0.1/35081] INFO  server.RaftServerConfigKeys (ConfUtils.java:logGet(46)) - raft.server.log.appender.buffer.byte-limit = 33554432 (custom)
2022-11-07 13:36:14,957 [Listener at 127.0.0.1/35081] INFO  server.GrpcService (ConfUtils.java:logGet(46)) - raft.grpc.flow.control.window = 5MB (=5242880) (custom)
2022-11-07 13:36:14,958 [Listener at 127.0.0.1/35081] INFO  server.RaftServerConfigKeys (ConfUtils.java:logGet(46)) - raft.server.rpc.request.timeout = 60s (custom)
2022-11-07 13:36:14,958 [Listener at 127.0.0.1/35081] INFO  grpc.GrpcConfigKeys (ConfUtils.java:logGet(46)) - raft.grpc.server.heartbeat.channel = true (default)
2022-11-07 13:36:14,958 [Listener at 127.0.0.1/35081] INFO  grpc.GrpcConfigKeys (ConfUtils.java:logGet(46)) - raft.grpc.server.async.request.thread.pool.cached = true (default)
2022-11-07 13:36:14,958 [Listener at 127.0.0.1/35081] INFO  grpc.GrpcConfigKeys (ConfUtils.java:logGet(46)) - raft.grpc.server.async.request.thread.pool.size = 32 (default)
2022-11-07 13:36:14,963 [Listener at 127.0.0.1/35081] INFO  impl.DataStreamServerImpl (ConfUtils.java:logGet(46)) - raft.datastream.type = DISABLED (default)
2022-11-07 13:36:14,963 [Listener at 127.0.0.1/35081] INFO  server.RaftServerConfigKeys (ConfUtils.java:logGet(46)) - raft.server.threadpool.proxy.cached = true (default)
2022-11-07 13:36:14,963 [Listener at 127.0.0.1/35081] INFO  server.RaftServerConfigKeys (ConfUtils.java:logGet(46)) - raft.server.threadpool.proxy.size = 0 (default)
2022-11-07 13:36:14,963 [Listener at 127.0.0.1/35081] INFO  server.RaftServerConfigKeys (ConfUtils.java:logGet(46)) - raft.server.rpc.slowness.timeout = 300s (custom)
2022-11-07 13:36:14,964 [Listener at 127.0.0.1/35081] INFO  server.RaftServerConfigKeys (ConfUtils.java:logGet(46)) - raft.server.leaderelection.leader.step-down.wait-time = 10s (default)
2022-11-07 13:36:14,964 [Listener at 127.0.0.1/35081] INFO  server.RaftServerConfigKeys (ConfUtils.java:logGet(46)) - raft.server.storage.dir = [/home/runner/work/ozone/ozone/hadoop-ozone/integration-test/target/test-dir/MiniOzoneClusterImpl-379115e4-4d75-40c4-81a6-8e72fe3ed5e1/datanode-1/data/ratis] (custom)
2022-11-07 13:36:14,965 [Listener at 127.0.0.1/35081] INFO  server.XceiverServerGrpc (XceiverServerGrpc.java:<init>(132)) - GrpcServer channel type EpollServerSocketChannel
2022-11-07 13:36:14,970 [Listener at 127.0.0.1/35081] INFO  http.BaseHttpServer (BaseHttpServer.java:newHttpServer2BuilderForOzone(213)) - Starting Web-server for hddsDatanode at: http://0.0.0.0:0
2022-11-07 13:36:14,970 [Listener at 127.0.0.1/35081] INFO  http.BaseHttpServer (BaseHttpServer.java:<init>(108)) - Hadoop Security Enabled: false Ozone Security Enabled: false Ozone HTTP Security Enabled: false 
2022-11-07 13:36:14,972 [Listener at 127.0.0.1/35081] WARN  server.AuthenticationFilter (AuthenticationFilter.java:constructSecretProvider(240)) - Unable to initialize FileSignerSecretProvider, falling back to use random secrets. Reason: Could not read signature secret file: /home/runner/hadoop-http-auth-signature-secret
2022-11-07 13:36:14,973 [Listener at 127.0.0.1/35081] WARN  http.HttpRequestLog (HttpRequestLog.java:getRequestLog(103)) - Jetty request log can only be enabled using Log4j
2022-11-07 13:36:14,975 [Listener at 127.0.0.1/35081] INFO  http.HttpServer2 (HttpServer2.java:addGlobalFilter(1031)) - Added global filter 'safety' (class=org.apache.hadoop.hdds.server.http.HttpServer2$QuotingInputFilter)
2022-11-07 13:36:14,975 [Listener at 127.0.0.1/35081] INFO  http.HttpServer2 (HttpServer2.java:addFilter(1007)) - Added filter static_user_filter (class=org.apache.hadoop.http.lib.StaticUserWebFilter$StaticUserFilter) to context hddsDatanode
2022-11-07 13:36:14,975 [Listener at 127.0.0.1/35081] INFO  http.HttpServer2 (HttpServer2.java:addFilter(1015)) - Added filter static_user_filter (class=org.apache.hadoop.http.lib.StaticUserWebFilter$StaticUserFilter) to context logs
2022-11-07 13:36:14,976 [Listener at 127.0.0.1/35081] INFO  http.HttpServer2 (HttpServer2.java:addFilter(1015)) - Added filter static_user_filter (class=org.apache.hadoop.http.lib.StaticUserWebFilter$StaticUserFilter) to context static
2022-11-07 13:36:14,976 [Listener at 127.0.0.1/35081] INFO  http.HttpServer2 (HttpServer2.java:bindListener(1250)) - Jetty bound to port 46017
2022-11-07 13:36:14,976 [Listener at 127.0.0.1/35081] INFO  server.Server (Server.java:doStart(375)) - jetty-9.4.49.v20220914; built: 2022-09-14T01:07:36.601Z; git: 4231a3b2e4cb8548a412a789936d640a97b1aa0a; jvm 1.8.0_345-b01
2022-11-07 13:36:14,991 [Listener at 127.0.0.1/35081] INFO  server.session (DefaultSessionIdManager.java:doStart(334)) - DefaultSessionIdManager workerName=node0
2022-11-07 13:36:14,991 [Listener at 127.0.0.1/35081] INFO  server.session (DefaultSessionIdManager.java:doStart(339)) - No SessionScavenger set, using defaults
2022-11-07 13:36:14,991 [Listener at 127.0.0.1/35081] INFO  server.session (HouseKeeper.java:startScavenging(132)) - node0 Scavenging every 600000ms
2022-11-07 13:36:14,992 [Listener at 127.0.0.1/35081] INFO  handler.ContextHandler (ContextHandler.java:doStart(921)) - Started o.e.j.s.ServletContextHandler@6e0bbaa9{logs,/logs,file:///home/runner/work/ozone/ozone/hadoop-ozone/integration-test/target/log,AVAILABLE}
2022-11-07 13:36:14,992 [Listener at 127.0.0.1/35081] INFO  handler.ContextHandler (ContextHandler.java:doStart(921)) - Started o.e.j.s.ServletContextHandler@14c28421{static,/static,jar:file:/home/runner/.m2/repository/org/apache/ozone/hdds-container-service/1.3.0-SNAPSHOT/hdds-container-service-1.3.0-SNAPSHOT.jar!/webapps/static,AVAILABLE}
2022-11-07 13:36:15,003 [om1@group-C5BA1605619E-LeaderElection1] INFO  segmented.SegmentedRaftLogWorker (SegmentedRaftLogWorker.java:startLogSegment(452)) - om1@group-C5BA1605619E-SegmentedRaftLogWorker: Starting segment from index:0
2022-11-07 13:36:15,102 [om1@group-C5BA1605619E-LeaderElection1] INFO  server.RaftServer$Division (ServerState.java:setRaftConf(430)) - om1@group-C5BA1605619E: set configuration 0: peers:[om1|rpc:localhost:9872|admin:|client:|dataStream:|priority:0|startupRole:FOLLOWER]|listeners:[], old=null
2022-11-07 13:36:15,171 [om1@group-C5BA1605619E-SegmentedRaftLogWorker] INFO  segmented.SegmentedRaftLogWorker (SegmentedRaftLogWorker.java:execute(656)) - om1@group-C5BA1605619E-SegmentedRaftLogWorker: created new log segment /home/runner/work/ozone/ozone/hadoop-ozone/integration-test/target/test-dir/MiniOzoneClusterImpl-379115e4-4d75-40c4-81a6-8e72fe3ed5e1/ozone-meta/ratis/bf265839-605b-3f16-9796-c5ba1605619e/current/log_inprogress_0
2022-11-07 13:36:15,175 [Listener at 127.0.0.1/35081] INFO  handler.ContextHandler (ContextHandler.java:doStart(921)) - Started o.e.j.w.WebAppContext@1d233a80{hddsDatanode,/,file:///tmp/jetty-0_0_0_0-46017-hdds-container-service-1_3_0-SNAPSHOT_jar-_-any-5969139552663639196/webapp/,AVAILABLE}{jar:file:/home/runner/.m2/repository/org/apache/ozone/hdds-container-service/1.3.0-SNAPSHOT/hdds-container-service-1.3.0-SNAPSHOT.jar!/webapps/hddsDatanode}
2022-11-07 13:36:15,180 [Listener at 127.0.0.1/35081] INFO  server.AbstractConnector (AbstractConnector.java:doStart(333)) - Started ServerConnector@6e3516c7{HTTP/1.1, (http/1.1)}{0.0.0.0:46017}
2022-11-07 13:36:15,180 [Listener at 127.0.0.1/35081] INFO  server.Server (Server.java:doStart(415)) - Started @8681ms
2022-11-07 13:36:15,180 [Listener at 127.0.0.1/35081] WARN  impl.MetricsSystemImpl (MetricsSystemImpl.java:register(279)) - Sink prometheus already exists!
2022-11-07 13:36:15,181 [Listener at 127.0.0.1/35081] INFO  http.BaseHttpServer (BaseHttpServer.java:updateConnectorAddress(333)) - HTTP server of hddsDatanode listening at http://0.0.0.0:46017
2022-11-07 13:36:15,182 [Listener at 127.0.0.1/35081] WARN  impl.MetricRegistriesImpl (MetricRegistriesImpl.java:addReporterRegistration(111)) - New reporters are added after registries were created. Some metrics will be missing from the reporter. Please add reporter before adding any new registry.
2022-11-07 13:36:15,182 [Listener at 127.0.0.1/35081] WARN  impl.MetricRegistriesImpl (MetricRegistriesImpl.java:addReporterRegistration(111)) - New reporters are added after registries were created. Some metrics will be missing from the reporter. Please add reporter before adding any new registry.
2022-11-07 13:36:15,182 [Listener at 127.0.0.1/35081] INFO  impl.MetricsSystemImpl (MetricsSystemImpl.java:init(158)) - HddsDatanode metrics system started (again)
2022-11-07 13:36:15,188 [Datanode State Machine Daemon Thread] INFO  statemachine.DatanodeStateMachine (DatanodeStateMachine.java:lambda$startDaemon$0(505)) - Ozone container server started.
2022-11-07 13:36:15,203 [Listener at 127.0.0.1/35081] INFO  ozone.HddsDatanodeService (HddsDatanodeService.java:start(236)) - HddsDatanodeService host:fv-az424-534.i1gjr3zuz4qevjy1zin2gin2ih.gx.internal.cloudapp.net ip:10.1.0.230
2022-11-07 13:36:15,226 [org.apache.hadoop.util.JvmPauseMonitor$Monitor@5bef67fe] INFO  util.JvmPauseMonitor (JvmPauseMonitor.java:run(188)) - Starting JVM pause monitor
2022-11-07 13:36:15,229 [Listener at 127.0.0.1/35081] INFO  upgrade.AbstractLayoutVersionManager (AbstractLayoutVersionManager.java:init(83)) - Initializing Layout version manager with metadata layout = DATANODE_SCHEMA_V3 (version = 4), software layout = DATANODE_SCHEMA_V3 (version = 4)
2022-11-07 13:36:15,244 [Datanode State Machine Task Thread - 0] INFO  datanode.InitDatanodeState (InitDatanodeState.java:persistContainerDatanodeDetails(138)) - DatanodeDetails is persisted to /home/runner/work/ozone/ozone/hadoop-ozone/integration-test/target/test-dir/MiniOzoneClusterImpl-379115e4-4d75-40c4-81a6-8e72fe3ed5e1/datanode-1/meta/datanode.id
2022-11-07 13:36:15,290 [Listener at 127.0.0.1/35081] INFO  reflections.Reflections (Reflections.java:scan(232)) - Reflections took 58 ms to scan 7 urls, producing 139 keys and 336 values 
2022-11-07 13:36:15,291 [Listener at 127.0.0.1/35081] INFO  statemachine.DatanodeStateMachine (DatanodeStateMachine.java:getEndPointTaskThreadPoolSize(245)) - Datanode State Machine Task Thread Pool size 2
2022-11-07 13:36:15,294 [Listener at 127.0.0.1/35081] INFO  volume.HddsVolume (HddsVolume.java:<init>(117)) - Creating HddsVolume: /home/runner/work/ozone/ozone/hadoop-ozone/integration-test/target/test-dir/MiniOzoneClusterImpl-379115e4-4d75-40c4-81a6-8e72fe3ed5e1/datanode-2/data-0/containers/hdds of storage type : DISK capacity : 9223372036854775807
2022-11-07 13:36:15,294 [Listener at 127.0.0.1/35081] INFO  volume.MutableVolumeSet (MutableVolumeSet.java:initializeVolumeSet(174)) - Added Volume : /home/runner/work/ozone/ozone/hadoop-ozone/integration-test/target/test-dir/MiniOzoneClusterImpl-379115e4-4d75-40c4-81a6-8e72fe3ed5e1/datanode-2/data-0/containers/hdds to VolumeSet
2022-11-07 13:36:15,294 [Listener at 127.0.0.1/35081] INFO  volume.ThrottledAsyncChecker (ThrottledAsyncChecker.java:schedule(141)) - Scheduling a check for /home/runner/work/ozone/ozone/hadoop-ozone/integration-test/target/test-dir/MiniOzoneClusterImpl-379115e4-4d75-40c4-81a6-8e72fe3ed5e1/datanode-2/data-0/containers/hdds
2022-11-07 13:36:15,295 [Listener at 127.0.0.1/35081] INFO  volume.StorageVolumeChecker (StorageVolumeChecker.java:checkAllVolumes(202)) - Scheduled health check for volume /home/runner/work/ozone/ozone/hadoop-ozone/integration-test/target/test-dir/MiniOzoneClusterImpl-379115e4-4d75-40c4-81a6-8e72fe3ed5e1/datanode-2/data-0/containers/hdds
2022-11-07 13:36:15,307 [Listener at 127.0.0.1/35081] INFO  volume.MutableVolumeSet (MutableVolumeSet.java:initializeVolumeSet(174)) - Added Volume : /home/runner/work/ozone/ozone/hadoop-ozone/integration-test/target/test-dir/MiniOzoneClusterImpl-379115e4-4d75-40c4-81a6-8e72fe3ed5e1/datanode-2/data/ratis to VolumeSet
2022-11-07 13:36:15,307 [Listener at 127.0.0.1/35081] INFO  volume.ThrottledAsyncChecker (ThrottledAsyncChecker.java:schedule(141)) - Scheduling a check for /home/runner/work/ozone/ozone/hadoop-ozone/integration-test/target/test-dir/MiniOzoneClusterImpl-379115e4-4d75-40c4-81a6-8e72fe3ed5e1/datanode-2/data/ratis
2022-11-07 13:36:15,308 [Listener at 127.0.0.1/35081] INFO  volume.StorageVolumeChecker (StorageVolumeChecker.java:checkAllVolumes(202)) - Scheduled health check for volume /home/runner/work/ozone/ozone/hadoop-ozone/integration-test/target/test-dir/MiniOzoneClusterImpl-379115e4-4d75-40c4-81a6-8e72fe3ed5e1/datanode-2/data/ratis
2022-11-07 13:36:15,319 [Thread-164] INFO  ozoneimpl.ContainerReader (ContainerReader.java:readVolume(175)) - Finish verifying containers on volume /home/runner/work/ozone/ozone/hadoop-ozone/integration-test/target/test-dir/MiniOzoneClusterImpl-379115e4-4d75-40c4-81a6-8e72fe3ed5e1/datanode-2/data-0/containers/hdds
2022-11-07 13:36:15,319 [Listener at 127.0.0.1/35081] INFO  ozoneimpl.OzoneContainer (OzoneContainer.java:buildContainerSet(300)) - Build ContainerSet costs 0s
2022-11-07 13:36:15,322 [Listener at 127.0.0.1/35081] INFO  server.RaftServer (ConfUtils.java:logGet(46)) - raft.rpc.type = GRPC (default)
2022-11-07 13:36:15,323 [Listener at 127.0.0.1/35081] INFO  grpc.GrpcConfigKeys (ConfUtils.java:logFallback(53)) - raft.grpc.admin.host = null (fallback to raft.grpc.server.host)
2022-11-07 13:36:15,323 [Listener at 127.0.0.1/35081] INFO  grpc.GrpcConfigKeys (ConfUtils.java:logGet(46)) - raft.grpc.admin.port = 0 (custom)
2022-11-07 13:36:15,323 [Listener at 127.0.0.1/35081] INFO  grpc.GrpcConfigKeys (ConfUtils.java:logFallback(53)) - raft.grpc.client.host = null (fallback to raft.grpc.server.host)
2022-11-07 13:36:15,323 [Listener at 127.0.0.1/35081] INFO  grpc.GrpcConfigKeys (ConfUtils.java:logGet(46)) - raft.grpc.client.port = 0 (custom)
2022-11-07 13:36:15,323 [Listener at 127.0.0.1/35081] INFO  grpc.GrpcConfigKeys (ConfUtils.java:logGet(46)) - raft.grpc.server.host = null (default)
2022-11-07 13:36:15,323 [Listener at 127.0.0.1/35081] INFO  grpc.GrpcConfigKeys (ConfUtils.java:logGet(46)) - raft.grpc.server.port = 0 (default)
2022-11-07 13:36:15,323 [Listener at 127.0.0.1/35081] INFO  server.GrpcService (ConfUtils.java:logGet(46)) - raft.grpc.message.size.max = 32MB (=33554432) (custom)
2022-11-07 13:36:15,323 [Listener at 127.0.0.1/35081] INFO  server.RaftServerConfigKeys (ConfUtils.java:logGet(46)) - raft.server.log.appender.buffer.byte-limit = 33554432 (custom)
2022-11-07 13:36:15,324 [Listener at 127.0.0.1/35081] INFO  server.GrpcService (ConfUtils.java:logGet(46)) - raft.grpc.flow.control.window = 5MB (=5242880) (custom)
2022-11-07 13:36:15,324 [Listener at 127.0.0.1/35081] INFO  server.RaftServerConfigKeys (ConfUtils.java:logGet(46)) - raft.server.rpc.request.timeout = 60s (custom)
2022-11-07 13:36:15,324 [Listener at 127.0.0.1/35081] INFO  grpc.GrpcConfigKeys (ConfUtils.java:logGet(46)) - raft.grpc.server.heartbeat.channel = true (default)
2022-11-07 13:36:15,324 [Listener at 127.0.0.1/35081] INFO  grpc.GrpcConfigKeys (ConfUtils.java:logGet(46)) - raft.grpc.server.async.request.thread.pool.cached = true (default)
2022-11-07 13:36:15,324 [Listener at 127.0.0.1/35081] INFO  grpc.GrpcConfigKeys (ConfUtils.java:logGet(46)) - raft.grpc.server.async.request.thread.pool.size = 32 (default)
2022-11-07 13:36:15,327 [Listener at 127.0.0.1/35081] INFO  impl.DataStreamServerImpl (ConfUtils.java:logGet(46)) - raft.datastream.type = DISABLED (default)
2022-11-07 13:36:15,327 [Listener at 127.0.0.1/35081] INFO  server.RaftServerConfigKeys (ConfUtils.java:logGet(46)) - raft.server.threadpool.proxy.cached = true (default)
2022-11-07 13:36:15,328 [Listener at 127.0.0.1/35081] INFO  server.RaftServerConfigKeys (ConfUtils.java:logGet(46)) - raft.server.threadpool.proxy.size = 0 (default)
2022-11-07 13:36:15,328 [Listener at 127.0.0.1/35081] INFO  server.RaftServerConfigKeys (ConfUtils.java:logGet(46)) - raft.server.rpc.slowness.timeout = 300s (custom)
2022-11-07 13:36:15,328 [Listener at 127.0.0.1/35081] INFO  server.RaftServerConfigKeys (ConfUtils.java:logGet(46)) - raft.server.leaderelection.leader.step-down.wait-time = 10s (default)
2022-11-07 13:36:15,328 [Listener at 127.0.0.1/35081] INFO  server.RaftServerConfigKeys (ConfUtils.java:logGet(46)) - raft.server.storage.dir = [/home/runner/work/ozone/ozone/hadoop-ozone/integration-test/target/test-dir/MiniOzoneClusterImpl-379115e4-4d75-40c4-81a6-8e72fe3ed5e1/datanode-2/data/ratis] (custom)
2022-11-07 13:36:15,330 [Listener at 127.0.0.1/35081] INFO  server.XceiverServerGrpc (XceiverServerGrpc.java:<init>(132)) - GrpcServer channel type EpollServerSocketChannel
2022-11-07 13:36:15,337 [Listener at 127.0.0.1/35081] INFO  http.BaseHttpServer (BaseHttpServer.java:newHttpServer2BuilderForOzone(213)) - Starting Web-server for hddsDatanode at: http://0.0.0.0:0
2022-11-07 13:36:15,337 [Listener at 127.0.0.1/35081] INFO  http.BaseHttpServer (BaseHttpServer.java:<init>(108)) - Hadoop Security Enabled: false Ozone Security Enabled: false Ozone HTTP Security Enabled: false 
2022-11-07 13:36:15,338 [Listener at 127.0.0.1/35081] WARN  server.AuthenticationFilter (AuthenticationFilter.java:constructSecretProvider(240)) - Unable to initialize FileSignerSecretProvider, falling back to use random secrets. Reason: Could not read signature secret file: /home/runner/hadoop-http-auth-signature-secret
2022-11-07 13:36:15,339 [Listener at 127.0.0.1/35081] WARN  http.HttpRequestLog (HttpRequestLog.java:getRequestLog(103)) - Jetty request log can only be enabled using Log4j
2022-11-07 13:36:15,340 [Listener at 127.0.0.1/35081] INFO  http.HttpServer2 (HttpServer2.java:addGlobalFilter(1031)) - Added global filter 'safety' (class=org.apache.hadoop.hdds.server.http.HttpServer2$QuotingInputFilter)
2022-11-07 13:36:15,341 [Listener at 127.0.0.1/35081] INFO  http.HttpServer2 (HttpServer2.java:addFilter(1007)) - Added filter static_user_filter (class=org.apache.hadoop.http.lib.StaticUserWebFilter$StaticUserFilter) to context hddsDatanode
2022-11-07 13:36:15,341 [Listener at 127.0.0.1/35081] INFO  http.HttpServer2 (HttpServer2.java:addFilter(1015)) - Added filter static_user_filter (class=org.apache.hadoop.http.lib.StaticUserWebFilter$StaticUserFilter) to context static
2022-11-07 13:36:15,341 [Listener at 127.0.0.1/35081] INFO  http.HttpServer2 (HttpServer2.java:addFilter(1015)) - Added filter static_user_filter (class=org.apache.hadoop.http.lib.StaticUserWebFilter$StaticUserFilter) to context logs
2022-11-07 13:36:15,342 [Listener at 127.0.0.1/35081] INFO  http.HttpServer2 (HttpServer2.java:bindListener(1250)) - Jetty bound to port 32827
2022-11-07 13:36:15,342 [Listener at 127.0.0.1/35081] INFO  server.Server (Server.java:doStart(375)) - jetty-9.4.49.v20220914; built: 2022-09-14T01:07:36.601Z; git: 4231a3b2e4cb8548a412a789936d640a97b1aa0a; jvm 1.8.0_345-b01
2022-11-07 13:36:15,359 [Listener at 127.0.0.1/35081] INFO  server.session (DefaultSessionIdManager.java:doStart(334)) - DefaultSessionIdManager workerName=node0
2022-11-07 13:36:15,359 [Listener at 127.0.0.1/35081] INFO  server.session (DefaultSessionIdManager.java:doStart(339)) - No SessionScavenger set, using defaults
2022-11-07 13:36:15,360 [Listener at 127.0.0.1/35081] INFO  server.session (HouseKeeper.java:startScavenging(132)) - node0 Scavenging every 660000ms
2022-11-07 13:36:15,360 [Listener at 127.0.0.1/35081] INFO  handler.ContextHandler (ContextHandler.java:doStart(921)) - Started o.e.j.s.ServletContextHandler@5133176e{logs,/logs,file:///home/runner/work/ozone/ozone/hadoop-ozone/integration-test/target/log,AVAILABLE}
2022-11-07 13:36:15,361 [Listener at 127.0.0.1/35081] INFO  handler.ContextHandler (ContextHandler.java:doStart(921)) - Started o.e.j.s.ServletContextHandler@25b20814{static,/static,jar:file:/home/runner/.m2/repository/org/apache/ozone/hdds-container-service/1.3.0-SNAPSHOT/hdds-container-service-1.3.0-SNAPSHOT.jar!/webapps/static,AVAILABLE}
2022-11-07 13:36:15,397 [om1@group-C5BA1605619E-StateMachineUpdater] INFO  ratis.OzoneManagerStateMachine (OzoneManagerStateMachine.java:notifyConfigurationChanged(192)) - Received Configuration change notification from Ratis. New Peer list:
[id: "om1"
address: "localhost:9872"
startupRole: FOLLOWER
]
2022-11-07 13:36:15,573 [Listener at 127.0.0.1/35081] INFO  handler.ContextHandler (ContextHandler.java:doStart(921)) - Started o.e.j.w.WebAppContext@1269cebf{hddsDatanode,/,file:///tmp/jetty-0_0_0_0-32827-hdds-container-service-1_3_0-SNAPSHOT_jar-_-any-7472688471551325183/webapp/,AVAILABLE}{jar:file:/home/runner/.m2/repository/org/apache/ozone/hdds-container-service/1.3.0-SNAPSHOT/hdds-container-service-1.3.0-SNAPSHOT.jar!/webapps/hddsDatanode}
2022-11-07 13:36:15,575 [Listener at 127.0.0.1/35081] INFO  server.AbstractConnector (AbstractConnector.java:doStart(333)) - Started ServerConnector@172c9256{HTTP/1.1, (http/1.1)}{0.0.0.0:32827}
2022-11-07 13:36:15,575 [Listener at 127.0.0.1/35081] INFO  server.Server (Server.java:doStart(415)) - Started @9075ms
2022-11-07 13:36:15,575 [Listener at 127.0.0.1/35081] WARN  impl.MetricsSystemImpl (MetricsSystemImpl.java:register(279)) - Sink prometheus already exists!
2022-11-07 13:36:15,576 [Listener at 127.0.0.1/35081] INFO  http.BaseHttpServer (BaseHttpServer.java:updateConnectorAddress(333)) - HTTP server of hddsDatanode listening at http://0.0.0.0:32827
2022-11-07 13:36:15,580 [Datanode State Machine Daemon Thread] INFO  statemachine.DatanodeStateMachine (DatanodeStateMachine.java:lambda$startDaemon$0(505)) - Ozone container server started.
2022-11-07 13:36:15,580 [Listener at 127.0.0.1/35081] WARN  impl.MetricRegistriesImpl (MetricRegistriesImpl.java:addReporterRegistration(111)) - New reporters are added after registries were created. Some metrics will be missing from the reporter. Please add reporter before adding any new registry.
2022-11-07 13:36:15,581 [Listener at 127.0.0.1/35081] WARN  impl.MetricRegistriesImpl (MetricRegistriesImpl.java:addReporterRegistration(111)) - New reporters are added after registries were created. Some metrics will be missing from the reporter. Please add reporter before adding any new registry.
2022-11-07 13:36:15,581 [Listener at 127.0.0.1/35081] INFO  impl.MetricsSystemImpl (MetricsSystemImpl.java:init(158)) - HddsDatanode metrics system started (again)
2022-11-07 13:36:15,592 [Listener at 127.0.0.1/35081] INFO  ozone.HddsDatanodeService (HddsDatanodeService.java:start(236)) - HddsDatanodeService host:fv-az424-534.i1gjr3zuz4qevjy1zin2gin2ih.gx.internal.cloudapp.net ip:10.1.0.230
2022-11-07 13:36:15,616 [org.apache.hadoop.util.JvmPauseMonitor$Monitor@2eccd554] INFO  util.JvmPauseMonitor (JvmPauseMonitor.java:run(188)) - Starting JVM pause monitor
2022-11-07 13:36:15,618 [Datanode State Machine Task Thread - 0] INFO  datanode.InitDatanodeState (InitDatanodeState.java:persistContainerDatanodeDetails(138)) - DatanodeDetails is persisted to /home/runner/work/ozone/ozone/hadoop-ozone/integration-test/target/test-dir/MiniOzoneClusterImpl-379115e4-4d75-40c4-81a6-8e72fe3ed5e1/datanode-2/meta/datanode.id
2022-11-07 13:36:15,628 [Listener at 127.0.0.1/35081] INFO  upgrade.AbstractLayoutVersionManager (AbstractLayoutVersionManager.java:init(83)) - Initializing Layout version manager with metadata layout = DATANODE_SCHEMA_V3 (version = 4), software layout = DATANODE_SCHEMA_V3 (version = 4)
2022-11-07 13:36:15,671 [Listener at 127.0.0.1/35081] INFO  reflections.Reflections (Reflections.java:scan(232)) - Reflections took 42 ms to scan 7 urls, producing 139 keys and 336 values 
2022-11-07 13:36:15,672 [Listener at 127.0.0.1/35081] INFO  statemachine.DatanodeStateMachine (DatanodeStateMachine.java:getEndPointTaskThreadPoolSize(245)) - Datanode State Machine Task Thread Pool size 2
2022-11-07 13:36:15,674 [Listener at 127.0.0.1/35081] INFO  volume.HddsVolume (HddsVolume.java:<init>(117)) - Creating HddsVolume: /home/runner/work/ozone/ozone/hadoop-ozone/integration-test/target/test-dir/MiniOzoneClusterImpl-379115e4-4d75-40c4-81a6-8e72fe3ed5e1/datanode-3/data-0/containers/hdds of storage type : DISK capacity : 9223372036854775807
2022-11-07 13:36:15,675 [Listener at 127.0.0.1/35081] INFO  volume.MutableVolumeSet (MutableVolumeSet.java:initializeVolumeSet(174)) - Added Volume : /home/runner/work/ozone/ozone/hadoop-ozone/integration-test/target/test-dir/MiniOzoneClusterImpl-379115e4-4d75-40c4-81a6-8e72fe3ed5e1/datanode-3/data-0/containers/hdds to VolumeSet
2022-11-07 13:36:15,675 [Listener at 127.0.0.1/35081] INFO  volume.ThrottledAsyncChecker (ThrottledAsyncChecker.java:schedule(141)) - Scheduling a check for /home/runner/work/ozone/ozone/hadoop-ozone/integration-test/target/test-dir/MiniOzoneClusterImpl-379115e4-4d75-40c4-81a6-8e72fe3ed5e1/datanode-3/data-0/containers/hdds
2022-11-07 13:36:15,675 [Listener at 127.0.0.1/35081] INFO  volume.StorageVolumeChecker (StorageVolumeChecker.java:checkAllVolumes(202)) - Scheduled health check for volume /home/runner/work/ozone/ozone/hadoop-ozone/integration-test/target/test-dir/MiniOzoneClusterImpl-379115e4-4d75-40c4-81a6-8e72fe3ed5e1/datanode-3/data-0/containers/hdds
2022-11-07 13:36:15,686 [Listener at 127.0.0.1/35081] INFO  volume.MutableVolumeSet (MutableVolumeSet.java:initializeVolumeSet(174)) - Added Volume : /home/runner/work/ozone/ozone/hadoop-ozone/integration-test/target/test-dir/MiniOzoneClusterImpl-379115e4-4d75-40c4-81a6-8e72fe3ed5e1/datanode-3/data/ratis to VolumeSet
2022-11-07 13:36:15,687 [Listener at 127.0.0.1/35081] INFO  volume.ThrottledAsyncChecker (ThrottledAsyncChecker.java:schedule(141)) - Scheduling a check for /home/runner/work/ozone/ozone/hadoop-ozone/integration-test/target/test-dir/MiniOzoneClusterImpl-379115e4-4d75-40c4-81a6-8e72fe3ed5e1/datanode-3/data/ratis
2022-11-07 13:36:15,687 [Listener at 127.0.0.1/35081] INFO  volume.StorageVolumeChecker (StorageVolumeChecker.java:checkAllVolumes(202)) - Scheduled health check for volume /home/runner/work/ozone/ozone/hadoop-ozone/integration-test/target/test-dir/MiniOzoneClusterImpl-379115e4-4d75-40c4-81a6-8e72fe3ed5e1/datanode-3/data/ratis
2022-11-07 13:36:15,700 [Thread-177] INFO  ozoneimpl.ContainerReader (ContainerReader.java:readVolume(175)) - Finish verifying containers on volume /home/runner/work/ozone/ozone/hadoop-ozone/integration-test/target/test-dir/MiniOzoneClusterImpl-379115e4-4d75-40c4-81a6-8e72fe3ed5e1/datanode-3/data-0/containers/hdds
2022-11-07 13:36:15,700 [Listener at 127.0.0.1/35081] INFO  ozoneimpl.OzoneContainer (OzoneContainer.java:buildContainerSet(300)) - Build ContainerSet costs 0s
2022-11-07 13:36:15,703 [Listener at 127.0.0.1/35081] INFO  server.RaftServer (ConfUtils.java:logGet(46)) - raft.rpc.type = GRPC (default)
2022-11-07 13:36:15,703 [Listener at 127.0.0.1/35081] INFO  grpc.GrpcConfigKeys (ConfUtils.java:logFallback(53)) - raft.grpc.admin.host = null (fallback to raft.grpc.server.host)
2022-11-07 13:36:15,703 [Listener at 127.0.0.1/35081] INFO  grpc.GrpcConfigKeys (ConfUtils.java:logGet(46)) - raft.grpc.admin.port = 0 (custom)
2022-11-07 13:36:15,704 [Listener at 127.0.0.1/35081] INFO  grpc.GrpcConfigKeys (ConfUtils.java:logFallback(53)) - raft.grpc.client.host = null (fallback to raft.grpc.server.host)
2022-11-07 13:36:15,704 [Listener at 127.0.0.1/35081] INFO  grpc.GrpcConfigKeys (ConfUtils.java:logGet(46)) - raft.grpc.client.port = 0 (custom)
2022-11-07 13:36:15,704 [Listener at 127.0.0.1/35081] INFO  grpc.GrpcConfigKeys (ConfUtils.java:logGet(46)) - raft.grpc.server.host = null (default)
2022-11-07 13:36:15,704 [Listener at 127.0.0.1/35081] INFO  grpc.GrpcConfigKeys (ConfUtils.java:logGet(46)) - raft.grpc.server.port = 0 (default)
2022-11-07 13:36:15,704 [Listener at 127.0.0.1/35081] INFO  server.GrpcService (ConfUtils.java:logGet(46)) - raft.grpc.message.size.max = 32MB (=33554432) (custom)
2022-11-07 13:36:15,704 [Listener at 127.0.0.1/35081] INFO  server.RaftServerConfigKeys (ConfUtils.java:logGet(46)) - raft.server.log.appender.buffer.byte-limit = 33554432 (custom)
2022-11-07 13:36:15,704 [Listener at 127.0.0.1/35081] INFO  server.GrpcService (ConfUtils.java:logGet(46)) - raft.grpc.flow.control.window = 5MB (=5242880) (custom)
2022-11-07 13:36:15,705 [Listener at 127.0.0.1/35081] INFO  server.RaftServerConfigKeys (ConfUtils.java:logGet(46)) - raft.server.rpc.request.timeout = 60s (custom)
2022-11-07 13:36:15,705 [Listener at 127.0.0.1/35081] INFO  grpc.GrpcConfigKeys (ConfUtils.java:logGet(46)) - raft.grpc.server.heartbeat.channel = true (default)
2022-11-07 13:36:15,705 [Listener at 127.0.0.1/35081] INFO  grpc.GrpcConfigKeys (ConfUtils.java:logGet(46)) - raft.grpc.server.async.request.thread.pool.cached = true (default)
2022-11-07 13:36:15,705 [Listener at 127.0.0.1/35081] INFO  grpc.GrpcConfigKeys (ConfUtils.java:logGet(46)) - raft.grpc.server.async.request.thread.pool.size = 32 (default)
2022-11-07 13:36:15,706 [Listener at 127.0.0.1/35081] INFO  impl.DataStreamServerImpl (ConfUtils.java:logGet(46)) - raft.datastream.type = DISABLED (default)
2022-11-07 13:36:15,706 [Listener at 127.0.0.1/35081] INFO  server.RaftServerConfigKeys (ConfUtils.java:logGet(46)) - raft.server.threadpool.proxy.cached = true (default)
2022-11-07 13:36:15,706 [Listener at 127.0.0.1/35081] INFO  server.RaftServerConfigKeys (ConfUtils.java:logGet(46)) - raft.server.threadpool.proxy.size = 0 (default)
2022-11-07 13:36:15,706 [Listener at 127.0.0.1/35081] INFO  server.RaftServerConfigKeys (ConfUtils.java:logGet(46)) - raft.server.rpc.slowness.timeout = 300s (custom)
2022-11-07 13:36:15,706 [Listener at 127.0.0.1/35081] INFO  server.RaftServerConfigKeys (ConfUtils.java:logGet(46)) - raft.server.leaderelection.leader.step-down.wait-time = 10s (default)
2022-11-07 13:36:15,707 [Listener at 127.0.0.1/35081] INFO  server.RaftServerConfigKeys (ConfUtils.java:logGet(46)) - raft.server.storage.dir = [/home/runner/work/ozone/ozone/hadoop-ozone/integration-test/target/test-dir/MiniOzoneClusterImpl-379115e4-4d75-40c4-81a6-8e72fe3ed5e1/datanode-3/data/ratis] (custom)
2022-11-07 13:36:15,709 [Listener at 127.0.0.1/35081] INFO  server.XceiverServerGrpc (XceiverServerGrpc.java:<init>(132)) - GrpcServer channel type EpollServerSocketChannel
2022-11-07 13:36:15,716 [Listener at 127.0.0.1/35081] INFO  http.BaseHttpServer (BaseHttpServer.java:newHttpServer2BuilderForOzone(213)) - Starting Web-server for hddsDatanode at: http://0.0.0.0:0
2022-11-07 13:36:15,716 [Listener at 127.0.0.1/35081] INFO  http.BaseHttpServer (BaseHttpServer.java:<init>(108)) - Hadoop Security Enabled: false Ozone Security Enabled: false Ozone HTTP Security Enabled: false 
2022-11-07 13:36:15,718 [Listener at 127.0.0.1/35081] WARN  server.AuthenticationFilter (AuthenticationFilter.java:constructSecretProvider(240)) - Unable to initialize FileSignerSecretProvider, falling back to use random secrets. Reason: Could not read signature secret file: /home/runner/hadoop-http-auth-signature-secret
2022-11-07 13:36:15,719 [Listener at 127.0.0.1/35081] WARN  http.HttpRequestLog (HttpRequestLog.java:getRequestLog(103)) - Jetty request log can only be enabled using Log4j
2022-11-07 13:36:15,722 [Listener at 127.0.0.1/35081] INFO  http.HttpServer2 (HttpServer2.java:addGlobalFilter(1031)) - Added global filter 'safety' (class=org.apache.hadoop.hdds.server.http.HttpServer2$QuotingInputFilter)
2022-11-07 13:36:15,723 [Listener at 127.0.0.1/35081] INFO  http.HttpServer2 (HttpServer2.java:addFilter(1007)) - Added filter static_user_filter (class=org.apache.hadoop.http.lib.StaticUserWebFilter$StaticUserFilter) to context hddsDatanode
2022-11-07 13:36:15,723 [Listener at 127.0.0.1/35081] INFO  http.HttpServer2 (HttpServer2.java:addFilter(1015)) - Added filter static_user_filter (class=org.apache.hadoop.http.lib.StaticUserWebFilter$StaticUserFilter) to context static
2022-11-07 13:36:15,723 [Listener at 127.0.0.1/35081] INFO  http.HttpServer2 (HttpServer2.java:addFilter(1015)) - Added filter static_user_filter (class=org.apache.hadoop.http.lib.StaticUserWebFilter$StaticUserFilter) to context logs
2022-11-07 13:36:15,724 [Listener at 127.0.0.1/35081] INFO  http.HttpServer2 (HttpServer2.java:bindListener(1250)) - Jetty bound to port 34223
2022-11-07 13:36:15,725 [Listener at 127.0.0.1/35081] INFO  server.Server (Server.java:doStart(375)) - jetty-9.4.49.v20220914; built: 2022-09-14T01:07:36.601Z; git: 4231a3b2e4cb8548a412a789936d640a97b1aa0a; jvm 1.8.0_345-b01
2022-11-07 13:36:15,742 [Listener at 127.0.0.1/35081] INFO  server.session (DefaultSessionIdManager.java:doStart(334)) - DefaultSessionIdManager workerName=node0
2022-11-07 13:36:15,743 [Listener at 127.0.0.1/35081] INFO  server.session (DefaultSessionIdManager.java:doStart(339)) - No SessionScavenger set, using defaults
2022-11-07 13:36:15,743 [Listener at 127.0.0.1/35081] INFO  server.session (HouseKeeper.java:startScavenging(132)) - node0 Scavenging every 600000ms
2022-11-07 13:36:15,744 [Listener at 127.0.0.1/35081] INFO  handler.ContextHandler (ContextHandler.java:doStart(921)) - Started o.e.j.s.ServletContextHandler@1ce02c39{logs,/logs,file:///home/runner/work/ozone/ozone/hadoop-ozone/integration-test/target/log,AVAILABLE}
2022-11-07 13:36:15,744 [Listener at 127.0.0.1/35081] INFO  handler.ContextHandler (ContextHandler.java:doStart(921)) - Started o.e.j.s.ServletContextHandler@4e2245f0{static,/static,jar:file:/home/runner/.m2/repository/org/apache/ozone/hdds-container-service/1.3.0-SNAPSHOT/hdds-container-service-1.3.0-SNAPSHOT.jar!/webapps/static,AVAILABLE}
2022-11-07 13:36:15,909 [Listener at 127.0.0.1/35081] INFO  handler.ContextHandler (ContextHandler.java:doStart(921)) - Started o.e.j.w.WebAppContext@59c81e46{hddsDatanode,/,file:///tmp/jetty-0_0_0_0-34223-hdds-container-service-1_3_0-SNAPSHOT_jar-_-any-1106135143492657391/webapp/,AVAILABLE}{jar:file:/home/runner/.m2/repository/org/apache/ozone/hdds-container-service/1.3.0-SNAPSHOT/hdds-container-service-1.3.0-SNAPSHOT.jar!/webapps/hddsDatanode}
2022-11-07 13:36:15,911 [Listener at 127.0.0.1/35081] INFO  server.AbstractConnector (AbstractConnector.java:doStart(333)) - Started ServerConnector@70ea0d65{HTTP/1.1, (http/1.1)}{0.0.0.0:34223}
2022-11-07 13:36:15,911 [Listener at 127.0.0.1/35081] INFO  server.Server (Server.java:doStart(415)) - Started @9411ms
2022-11-07 13:36:15,911 [Listener at 127.0.0.1/35081] WARN  impl.MetricsSystemImpl (MetricsSystemImpl.java:register(279)) - Sink prometheus already exists!
2022-11-07 13:36:15,912 [Listener at 127.0.0.1/35081] INFO  http.BaseHttpServer (BaseHttpServer.java:updateConnectorAddress(333)) - HTTP server of hddsDatanode listening at http://0.0.0.0:34223
2022-11-07 13:36:15,912 [Listener at 127.0.0.1/35081] WARN  impl.MetricRegistriesImpl (MetricRegistriesImpl.java:addReporterRegistration(111)) - New reporters are added after registries were created. Some metrics will be missing from the reporter. Please add reporter before adding any new registry.
2022-11-07 13:36:15,912 [Listener at 127.0.0.1/35081] WARN  impl.MetricRegistriesImpl (MetricRegistriesImpl.java:addReporterRegistration(111)) - New reporters are added after registries were created. Some metrics will be missing from the reporter. Please add reporter before adding any new registry.
2022-11-07 13:36:15,912 [Listener at 127.0.0.1/35081] INFO  impl.MetricsSystemImpl (MetricsSystemImpl.java:init(158)) - HddsDatanode metrics system started (again)
2022-11-07 13:36:15,920 [Datanode State Machine Daemon Thread] INFO  statemachine.DatanodeStateMachine (DatanodeStateMachine.java:lambda$startDaemon$0(505)) - Ozone container server started.
2022-11-07 13:36:15,928 [Listener at 127.0.0.1/35081] INFO  ozone.HddsDatanodeService (HddsDatanodeService.java:start(236)) - HddsDatanodeService host:fv-az424-534.i1gjr3zuz4qevjy1zin2gin2ih.gx.internal.cloudapp.net ip:10.1.0.230
2022-11-07 13:36:15,940 [org.apache.hadoop.util.JvmPauseMonitor$Monitor@2f8ee175] INFO  util.JvmPauseMonitor (JvmPauseMonitor.java:run(188)) - Starting JVM pause monitor
2022-11-07 13:36:15,946 [Datanode State Machine Task Thread - 0] INFO  datanode.InitDatanodeState (InitDatanodeState.java:persistContainerDatanodeDetails(138)) - DatanodeDetails is persisted to /home/runner/work/ozone/ozone/hadoop-ozone/integration-test/target/test-dir/MiniOzoneClusterImpl-379115e4-4d75-40c4-81a6-8e72fe3ed5e1/datanode-3/meta/datanode.id
2022-11-07 13:36:15,957 [Listener at 127.0.0.1/35081] INFO  upgrade.AbstractLayoutVersionManager (AbstractLayoutVersionManager.java:init(83)) - Initializing Layout version manager with metadata layout = DATANODE_SCHEMA_V3 (version = 4), software layout = DATANODE_SCHEMA_V3 (version = 4)
2022-11-07 13:36:16,000 [Listener at 127.0.0.1/35081] INFO  reflections.Reflections (Reflections.java:scan(232)) - Reflections took 41 ms to scan 7 urls, producing 139 keys and 336 values 
2022-11-07 13:36:16,001 [Listener at 127.0.0.1/35081] INFO  statemachine.DatanodeStateMachine (DatanodeStateMachine.java:getEndPointTaskThreadPoolSize(245)) - Datanode State Machine Task Thread Pool size 2
2022-11-07 13:36:16,003 [Listener at 127.0.0.1/35081] INFO  volume.HddsVolume (HddsVolume.java:<init>(117)) - Creating HddsVolume: /home/runner/work/ozone/ozone/hadoop-ozone/integration-test/target/test-dir/MiniOzoneClusterImpl-379115e4-4d75-40c4-81a6-8e72fe3ed5e1/datanode-4/data-0/containers/hdds of storage type : DISK capacity : 9223372036854775807
2022-11-07 13:36:16,003 [Listener at 127.0.0.1/35081] INFO  volume.MutableVolumeSet (MutableVolumeSet.java:initializeVolumeSet(174)) - Added Volume : /home/runner/work/ozone/ozone/hadoop-ozone/integration-test/target/test-dir/MiniOzoneClusterImpl-379115e4-4d75-40c4-81a6-8e72fe3ed5e1/datanode-4/data-0/containers/hdds to VolumeSet
2022-11-07 13:36:16,004 [Listener at 127.0.0.1/35081] INFO  volume.ThrottledAsyncChecker (ThrottledAsyncChecker.java:schedule(141)) - Scheduling a check for /home/runner/work/ozone/ozone/hadoop-ozone/integration-test/target/test-dir/MiniOzoneClusterImpl-379115e4-4d75-40c4-81a6-8e72fe3ed5e1/datanode-4/data-0/containers/hdds
2022-11-07 13:36:16,004 [Listener at 127.0.0.1/35081] INFO  volume.StorageVolumeChecker (StorageVolumeChecker.java:checkAllVolumes(202)) - Scheduled health check for volume /home/runner/work/ozone/ozone/hadoop-ozone/integration-test/target/test-dir/MiniOzoneClusterImpl-379115e4-4d75-40c4-81a6-8e72fe3ed5e1/datanode-4/data-0/containers/hdds
2022-11-07 13:36:16,015 [Listener at 127.0.0.1/35081] INFO  volume.MutableVolumeSet (MutableVolumeSet.java:initializeVolumeSet(174)) - Added Volume : /home/runner/work/ozone/ozone/hadoop-ozone/integration-test/target/test-dir/MiniOzoneClusterImpl-379115e4-4d75-40c4-81a6-8e72fe3ed5e1/datanode-4/data/ratis to VolumeSet
2022-11-07 13:36:16,015 [Listener at 127.0.0.1/35081] INFO  volume.ThrottledAsyncChecker (ThrottledAsyncChecker.java:schedule(141)) - Scheduling a check for /home/runner/work/ozone/ozone/hadoop-ozone/integration-test/target/test-dir/MiniOzoneClusterImpl-379115e4-4d75-40c4-81a6-8e72fe3ed5e1/datanode-4/data/ratis
2022-11-07 13:36:16,015 [Listener at 127.0.0.1/35081] INFO  volume.StorageVolumeChecker (StorageVolumeChecker.java:checkAllVolumes(202)) - Scheduled health check for volume /home/runner/work/ozone/ozone/hadoop-ozone/integration-test/target/test-dir/MiniOzoneClusterImpl-379115e4-4d75-40c4-81a6-8e72fe3ed5e1/datanode-4/data/ratis
2022-11-07 13:36:16,026 [Thread-190] INFO  ozoneimpl.ContainerReader (ContainerReader.java:readVolume(175)) - Finish verifying containers on volume /home/runner/work/ozone/ozone/hadoop-ozone/integration-test/target/test-dir/MiniOzoneClusterImpl-379115e4-4d75-40c4-81a6-8e72fe3ed5e1/datanode-4/data-0/containers/hdds
2022-11-07 13:36:16,026 [Listener at 127.0.0.1/35081] INFO  ozoneimpl.OzoneContainer (OzoneContainer.java:buildContainerSet(300)) - Build ContainerSet costs 0s
2022-11-07 13:36:16,029 [Listener at 127.0.0.1/35081] INFO  server.RaftServer (ConfUtils.java:logGet(46)) - raft.rpc.type = GRPC (default)
2022-11-07 13:36:16,029 [Listener at 127.0.0.1/35081] INFO  grpc.GrpcConfigKeys (ConfUtils.java:logFallback(53)) - raft.grpc.admin.host = null (fallback to raft.grpc.server.host)
2022-11-07 13:36:16,029 [Listener at 127.0.0.1/35081] INFO  grpc.GrpcConfigKeys (ConfUtils.java:logGet(46)) - raft.grpc.admin.port = 0 (custom)
2022-11-07 13:36:16,030 [Listener at 127.0.0.1/35081] INFO  grpc.GrpcConfigKeys (ConfUtils.java:logFallback(53)) - raft.grpc.client.host = null (fallback to raft.grpc.server.host)
2022-11-07 13:36:16,030 [Listener at 127.0.0.1/35081] INFO  grpc.GrpcConfigKeys (ConfUtils.java:logGet(46)) - raft.grpc.client.port = 0 (custom)
2022-11-07 13:36:16,030 [Listener at 127.0.0.1/35081] INFO  grpc.GrpcConfigKeys (ConfUtils.java:logGet(46)) - raft.grpc.server.host = null (default)
2022-11-07 13:36:16,030 [Listener at 127.0.0.1/35081] INFO  grpc.GrpcConfigKeys (ConfUtils.java:logGet(46)) - raft.grpc.server.port = 0 (default)
2022-11-07 13:36:16,030 [Listener at 127.0.0.1/35081] INFO  server.GrpcService (ConfUtils.java:logGet(46)) - raft.grpc.message.size.max = 32MB (=33554432) (custom)
2022-11-07 13:36:16,030 [Listener at 127.0.0.1/35081] INFO  server.RaftServerConfigKeys (ConfUtils.java:logGet(46)) - raft.server.log.appender.buffer.byte-limit = 33554432 (custom)
2022-11-07 13:36:16,030 [Listener at 127.0.0.1/35081] INFO  server.GrpcService (ConfUtils.java:logGet(46)) - raft.grpc.flow.control.window = 5MB (=5242880) (custom)
2022-11-07 13:36:16,030 [Listener at 127.0.0.1/35081] INFO  server.RaftServerConfigKeys (ConfUtils.java:logGet(46)) - raft.server.rpc.request.timeout = 60s (custom)
2022-11-07 13:36:16,031 [Listener at 127.0.0.1/35081] INFO  grpc.GrpcConfigKeys (ConfUtils.java:logGet(46)) - raft.grpc.server.heartbeat.channel = true (default)
2022-11-07 13:36:16,031 [Listener at 127.0.0.1/35081] INFO  grpc.GrpcConfigKeys (ConfUtils.java:logGet(46)) - raft.grpc.server.async.request.thread.pool.cached = true (default)
2022-11-07 13:36:16,031 [Listener at 127.0.0.1/35081] INFO  grpc.GrpcConfigKeys (ConfUtils.java:logGet(46)) - raft.grpc.server.async.request.thread.pool.size = 32 (default)
2022-11-07 13:36:16,032 [Listener at 127.0.0.1/35081] INFO  impl.DataStreamServerImpl (ConfUtils.java:logGet(46)) - raft.datastream.type = DISABLED (default)
2022-11-07 13:36:16,032 [Listener at 127.0.0.1/35081] INFO  server.RaftServerConfigKeys (ConfUtils.java:logGet(46)) - raft.server.threadpool.proxy.cached = true (default)
2022-11-07 13:36:16,032 [Listener at 127.0.0.1/35081] INFO  server.RaftServerConfigKeys (ConfUtils.java:logGet(46)) - raft.server.threadpool.proxy.size = 0 (default)
2022-11-07 13:36:16,034 [Listener at 127.0.0.1/35081] INFO  server.RaftServerConfigKeys (ConfUtils.java:logGet(46)) - raft.server.rpc.slowness.timeout = 300s (custom)
2022-11-07 13:36:16,034 [Listener at 127.0.0.1/35081] INFO  server.RaftServerConfigKeys (ConfUtils.java:logGet(46)) - raft.server.leaderelection.leader.step-down.wait-time = 10s (default)
2022-11-07 13:36:16,034 [Listener at 127.0.0.1/35081] INFO  server.RaftServerConfigKeys (ConfUtils.java:logGet(46)) - raft.server.storage.dir = [/home/runner/work/ozone/ozone/hadoop-ozone/integration-test/target/test-dir/MiniOzoneClusterImpl-379115e4-4d75-40c4-81a6-8e72fe3ed5e1/datanode-4/data/ratis] (custom)
2022-11-07 13:36:16,036 [Listener at 127.0.0.1/35081] INFO  server.XceiverServerGrpc (XceiverServerGrpc.java:<init>(132)) - GrpcServer channel type EpollServerSocketChannel
2022-11-07 13:36:16,051 [Listener at 127.0.0.1/35081] INFO  http.BaseHttpServer (BaseHttpServer.java:newHttpServer2BuilderForOzone(213)) - Starting Web-server for hddsDatanode at: http://0.0.0.0:0
2022-11-07 13:36:16,051 [Listener at 127.0.0.1/35081] INFO  http.BaseHttpServer (BaseHttpServer.java:<init>(108)) - Hadoop Security Enabled: false Ozone Security Enabled: false Ozone HTTP Security Enabled: false 
2022-11-07 13:36:16,052 [Listener at 127.0.0.1/35081] WARN  server.AuthenticationFilter (AuthenticationFilter.java:constructSecretProvider(240)) - Unable to initialize FileSignerSecretProvider, falling back to use random secrets. Reason: Could not read signature secret file: /home/runner/hadoop-http-auth-signature-secret
2022-11-07 13:36:16,053 [Listener at 127.0.0.1/35081] WARN  http.HttpRequestLog (HttpRequestLog.java:getRequestLog(103)) - Jetty request log can only be enabled using Log4j
2022-11-07 13:36:16,054 [Listener at 127.0.0.1/35081] INFO  http.HttpServer2 (HttpServer2.java:addGlobalFilter(1031)) - Added global filter 'safety' (class=org.apache.hadoop.hdds.server.http.HttpServer2$QuotingInputFilter)
2022-11-07 13:36:16,055 [Listener at 127.0.0.1/35081] INFO  http.HttpServer2 (HttpServer2.java:addFilter(1007)) - Added filter static_user_filter (class=org.apache.hadoop.http.lib.StaticUserWebFilter$StaticUserFilter) to context hddsDatanode
2022-11-07 13:36:16,055 [Listener at 127.0.0.1/35081] INFO  http.HttpServer2 (HttpServer2.java:addFilter(1015)) - Added filter static_user_filter (class=org.apache.hadoop.http.lib.StaticUserWebFilter$StaticUserFilter) to context logs
2022-11-07 13:36:16,055 [Listener at 127.0.0.1/35081] INFO  http.HttpServer2 (HttpServer2.java:addFilter(1015)) - Added filter static_user_filter (class=org.apache.hadoop.http.lib.StaticUserWebFilter$StaticUserFilter) to context static
2022-11-07 13:36:16,056 [Listener at 127.0.0.1/35081] INFO  http.HttpServer2 (HttpServer2.java:bindListener(1250)) - Jetty bound to port 36069
2022-11-07 13:36:16,056 [Listener at 127.0.0.1/35081] INFO  server.Server (Server.java:doStart(375)) - jetty-9.4.49.v20220914; built: 2022-09-14T01:07:36.601Z; git: 4231a3b2e4cb8548a412a789936d640a97b1aa0a; jvm 1.8.0_345-b01
2022-11-07 13:36:16,058 [Listener at 127.0.0.1/35081] INFO  server.session (DefaultSessionIdManager.java:doStart(334)) - DefaultSessionIdManager workerName=node0
2022-11-07 13:36:16,058 [Listener at 127.0.0.1/35081] INFO  server.session (DefaultSessionIdManager.java:doStart(339)) - No SessionScavenger set, using defaults
2022-11-07 13:36:16,058 [Listener at 127.0.0.1/35081] INFO  server.session (HouseKeeper.java:startScavenging(132)) - node0 Scavenging every 660000ms
2022-11-07 13:36:16,059 [Listener at 127.0.0.1/35081] INFO  handler.ContextHandler (ContextHandler.java:doStart(921)) - Started o.e.j.s.ServletContextHandler@c0de6c9{logs,/logs,file:///home/runner/work/ozone/ozone/hadoop-ozone/integration-test/target/log,AVAILABLE}
2022-11-07 13:36:16,059 [Listener at 127.0.0.1/35081] INFO  handler.ContextHandler (ContextHandler.java:doStart(921)) - Started o.e.j.s.ServletContextHandler@11d85254{static,/static,jar:file:/home/runner/.m2/repository/org/apache/ozone/hdds-container-service/1.3.0-SNAPSHOT/hdds-container-service-1.3.0-SNAPSHOT.jar!/webapps/static,AVAILABLE}
2022-11-07 13:36:16,221 [Listener at 127.0.0.1/35081] INFO  handler.ContextHandler (ContextHandler.java:doStart(921)) - Started o.e.j.w.WebAppContext@4fd7ded3{hddsDatanode,/,file:///tmp/jetty-0_0_0_0-36069-hdds-container-service-1_3_0-SNAPSHOT_jar-_-any-229281730301638031/webapp/,AVAILABLE}{jar:file:/home/runner/.m2/repository/org/apache/ozone/hdds-container-service/1.3.0-SNAPSHOT/hdds-container-service-1.3.0-SNAPSHOT.jar!/webapps/hddsDatanode}
2022-11-07 13:36:16,222 [Listener at 127.0.0.1/35081] INFO  server.AbstractConnector (AbstractConnector.java:doStart(333)) - Started ServerConnector@9c10e9c{HTTP/1.1, (http/1.1)}{0.0.0.0:36069}
2022-11-07 13:36:16,222 [Listener at 127.0.0.1/35081] INFO  server.Server (Server.java:doStart(415)) - Started @9723ms
2022-11-07 13:36:16,223 [Listener at 127.0.0.1/35081] WARN  impl.MetricsSystemImpl (MetricsSystemImpl.java:register(279)) - Sink prometheus already exists!
2022-11-07 13:36:16,223 [Listener at 127.0.0.1/35081] INFO  http.BaseHttpServer (BaseHttpServer.java:updateConnectorAddress(333)) - HTTP server of hddsDatanode listening at http://0.0.0.0:36069
2022-11-07 13:36:16,224 [Listener at 127.0.0.1/35081] WARN  impl.MetricRegistriesImpl (MetricRegistriesImpl.java:addReporterRegistration(111)) - New reporters are added after registries were created. Some metrics will be missing from the reporter. Please add reporter before adding any new registry.
2022-11-07 13:36:16,224 [Listener at 127.0.0.1/35081] WARN  impl.MetricRegistriesImpl (MetricRegistriesImpl.java:addReporterRegistration(111)) - New reporters are added after registries were created. Some metrics will be missing from the reporter. Please add reporter before adding any new registry.
2022-11-07 13:36:16,224 [Listener at 127.0.0.1/35081] INFO  impl.MetricsSystemImpl (MetricsSystemImpl.java:init(158)) - HddsDatanode metrics system started (again)
2022-11-07 13:36:16,228 [Datanode State Machine Daemon Thread] INFO  statemachine.DatanodeStateMachine (DatanodeStateMachine.java:lambda$startDaemon$0(505)) - Ozone container server started.
2022-11-07 13:36:16,236 [Listener at 127.0.0.1/35081] INFO  ozone.HddsDatanodeService (HddsDatanodeService.java:start(236)) - HddsDatanodeService host:fv-az424-534.i1gjr3zuz4qevjy1zin2gin2ih.gx.internal.cloudapp.net ip:10.1.0.230
2022-11-07 13:36:16,256 [org.apache.hadoop.util.JvmPauseMonitor$Monitor@3979563c] INFO  util.JvmPauseMonitor (JvmPauseMonitor.java:run(188)) - Starting JVM pause monitor
2022-11-07 13:36:16,258 [Datanode State Machine Task Thread - 0] INFO  datanode.InitDatanodeState (InitDatanodeState.java:persistContainerDatanodeDetails(138)) - DatanodeDetails is persisted to /home/runner/work/ozone/ozone/hadoop-ozone/integration-test/target/test-dir/MiniOzoneClusterImpl-379115e4-4d75-40c4-81a6-8e72fe3ed5e1/datanode-4/meta/datanode.id
2022-11-07 13:36:16,269 [Listener at 127.0.0.1/35081] INFO  upgrade.AbstractLayoutVersionManager (AbstractLayoutVersionManager.java:init(83)) - Initializing Layout version manager with metadata layout = DATANODE_SCHEMA_V3 (version = 4), software layout = DATANODE_SCHEMA_V3 (version = 4)
2022-11-07 13:36:16,314 [Listener at 127.0.0.1/35081] INFO  reflections.Reflections (Reflections.java:scan(232)) - Reflections took 43 ms to scan 7 urls, producing 139 keys and 336 values 
2022-11-07 13:36:16,315 [Listener at 127.0.0.1/35081] INFO  statemachine.DatanodeStateMachine (DatanodeStateMachine.java:getEndPointTaskThreadPoolSize(245)) - Datanode State Machine Task Thread Pool size 2
2022-11-07 13:36:16,317 [Listener at 127.0.0.1/35081] INFO  volume.HddsVolume (HddsVolume.java:<init>(117)) - Creating HddsVolume: /home/runner/work/ozone/ozone/hadoop-ozone/integration-test/target/test-dir/MiniOzoneClusterImpl-379115e4-4d75-40c4-81a6-8e72fe3ed5e1/datanode-5/data-0/containers/hdds of storage type : DISK capacity : 9223372036854775807
2022-11-07 13:36:16,318 [Listener at 127.0.0.1/35081] INFO  volume.MutableVolumeSet (MutableVolumeSet.java:initializeVolumeSet(174)) - Added Volume : /home/runner/work/ozone/ozone/hadoop-ozone/integration-test/target/test-dir/MiniOzoneClusterImpl-379115e4-4d75-40c4-81a6-8e72fe3ed5e1/datanode-5/data-0/containers/hdds to VolumeSet
2022-11-07 13:36:16,318 [Listener at 127.0.0.1/35081] INFO  volume.ThrottledAsyncChecker (ThrottledAsyncChecker.java:schedule(141)) - Scheduling a check for /home/runner/work/ozone/ozone/hadoop-ozone/integration-test/target/test-dir/MiniOzoneClusterImpl-379115e4-4d75-40c4-81a6-8e72fe3ed5e1/datanode-5/data-0/containers/hdds
2022-11-07 13:36:16,318 [Listener at 127.0.0.1/35081] INFO  volume.StorageVolumeChecker (StorageVolumeChecker.java:checkAllVolumes(202)) - Scheduled health check for volume /home/runner/work/ozone/ozone/hadoop-ozone/integration-test/target/test-dir/MiniOzoneClusterImpl-379115e4-4d75-40c4-81a6-8e72fe3ed5e1/datanode-5/data-0/containers/hdds
2022-11-07 13:36:16,330 [Listener at 127.0.0.1/35081] INFO  volume.MutableVolumeSet (MutableVolumeSet.java:initializeVolumeSet(174)) - Added Volume : /home/runner/work/ozone/ozone/hadoop-ozone/integration-test/target/test-dir/MiniOzoneClusterImpl-379115e4-4d75-40c4-81a6-8e72fe3ed5e1/datanode-5/data/ratis to VolumeSet
2022-11-07 13:36:16,330 [Listener at 127.0.0.1/35081] INFO  volume.ThrottledAsyncChecker (ThrottledAsyncChecker.java:schedule(141)) - Scheduling a check for /home/runner/work/ozone/ozone/hadoop-ozone/integration-test/target/test-dir/MiniOzoneClusterImpl-379115e4-4d75-40c4-81a6-8e72fe3ed5e1/datanode-5/data/ratis
2022-11-07 13:36:16,330 [Listener at 127.0.0.1/35081] INFO  volume.StorageVolumeChecker (StorageVolumeChecker.java:checkAllVolumes(202)) - Scheduled health check for volume /home/runner/work/ozone/ozone/hadoop-ozone/integration-test/target/test-dir/MiniOzoneClusterImpl-379115e4-4d75-40c4-81a6-8e72fe3ed5e1/datanode-5/data/ratis
2022-11-07 13:36:16,344 [Thread-203] INFO  ozoneimpl.ContainerReader (ContainerReader.java:readVolume(175)) - Finish verifying containers on volume /home/runner/work/ozone/ozone/hadoop-ozone/integration-test/target/test-dir/MiniOzoneClusterImpl-379115e4-4d75-40c4-81a6-8e72fe3ed5e1/datanode-5/data-0/containers/hdds
2022-11-07 13:36:16,344 [Listener at 127.0.0.1/35081] INFO  ozoneimpl.OzoneContainer (OzoneContainer.java:buildContainerSet(300)) - Build ContainerSet costs 0s
2022-11-07 13:36:16,348 [Listener at 127.0.0.1/35081] INFO  server.RaftServer (ConfUtils.java:logGet(46)) - raft.rpc.type = GRPC (default)
2022-11-07 13:36:16,348 [Listener at 127.0.0.1/35081] INFO  grpc.GrpcConfigKeys (ConfUtils.java:logFallback(53)) - raft.grpc.admin.host = null (fallback to raft.grpc.server.host)
2022-11-07 13:36:16,348 [Listener at 127.0.0.1/35081] INFO  grpc.GrpcConfigKeys (ConfUtils.java:logGet(46)) - raft.grpc.admin.port = 0 (custom)
2022-11-07 13:36:16,348 [Listener at 127.0.0.1/35081] INFO  grpc.GrpcConfigKeys (ConfUtils.java:logFallback(53)) - raft.grpc.client.host = null (fallback to raft.grpc.server.host)
2022-11-07 13:36:16,348 [Listener at 127.0.0.1/35081] INFO  grpc.GrpcConfigKeys (ConfUtils.java:logGet(46)) - raft.grpc.client.port = 0 (custom)
2022-11-07 13:36:16,348 [Listener at 127.0.0.1/35081] INFO  grpc.GrpcConfigKeys (ConfUtils.java:logGet(46)) - raft.grpc.server.host = null (default)
2022-11-07 13:36:16,348 [Listener at 127.0.0.1/35081] INFO  grpc.GrpcConfigKeys (ConfUtils.java:logGet(46)) - raft.grpc.server.port = 0 (default)
2022-11-07 13:36:16,348 [Listener at 127.0.0.1/35081] INFO  server.GrpcService (ConfUtils.java:logGet(46)) - raft.grpc.message.size.max = 32MB (=33554432) (custom)
2022-11-07 13:36:16,348 [Listener at 127.0.0.1/35081] INFO  server.RaftServerConfigKeys (ConfUtils.java:logGet(46)) - raft.server.log.appender.buffer.byte-limit = 33554432 (custom)
2022-11-07 13:36:16,349 [Listener at 127.0.0.1/35081] INFO  server.GrpcService (ConfUtils.java:logGet(46)) - raft.grpc.flow.control.window = 5MB (=5242880) (custom)
2022-11-07 13:36:16,349 [Listener at 127.0.0.1/35081] INFO  server.RaftServerConfigKeys (ConfUtils.java:logGet(46)) - raft.server.rpc.request.timeout = 60s (custom)
2022-11-07 13:36:16,349 [Listener at 127.0.0.1/35081] INFO  grpc.GrpcConfigKeys (ConfUtils.java:logGet(46)) - raft.grpc.server.heartbeat.channel = true (default)
2022-11-07 13:36:16,349 [Listener at 127.0.0.1/35081] INFO  grpc.GrpcConfigKeys (ConfUtils.java:logGet(46)) - raft.grpc.server.async.request.thread.pool.cached = true (default)
2022-11-07 13:36:16,349 [Listener at 127.0.0.1/35081] INFO  grpc.GrpcConfigKeys (ConfUtils.java:logGet(46)) - raft.grpc.server.async.request.thread.pool.size = 32 (default)
2022-11-07 13:36:16,350 [Listener at 127.0.0.1/35081] INFO  impl.DataStreamServerImpl (ConfUtils.java:logGet(46)) - raft.datastream.type = DISABLED (default)
2022-11-07 13:36:16,350 [Listener at 127.0.0.1/35081] INFO  server.RaftServerConfigKeys (ConfUtils.java:logGet(46)) - raft.server.threadpool.proxy.cached = true (default)
2022-11-07 13:36:16,350 [Listener at 127.0.0.1/35081] INFO  server.RaftServerConfigKeys (ConfUtils.java:logGet(46)) - raft.server.threadpool.proxy.size = 0 (default)
2022-11-07 13:36:16,351 [Listener at 127.0.0.1/35081] INFO  server.RaftServerConfigKeys (ConfUtils.java:logGet(46)) - raft.server.rpc.slowness.timeout = 300s (custom)
2022-11-07 13:36:16,351 [Listener at 127.0.0.1/35081] INFO  server.RaftServerConfigKeys (ConfUtils.java:logGet(46)) - raft.server.leaderelection.leader.step-down.wait-time = 10s (default)
2022-11-07 13:36:16,351 [Listener at 127.0.0.1/35081] INFO  server.RaftServerConfigKeys (ConfUtils.java:logGet(46)) - raft.server.storage.dir = [/home/runner/work/ozone/ozone/hadoop-ozone/integration-test/target/test-dir/MiniOzoneClusterImpl-379115e4-4d75-40c4-81a6-8e72fe3ed5e1/datanode-5/data/ratis] (custom)
2022-11-07 13:36:16,352 [Listener at 127.0.0.1/35081] INFO  server.XceiverServerGrpc (XceiverServerGrpc.java:<init>(132)) - GrpcServer channel type EpollServerSocketChannel
2022-11-07 13:36:16,361 [Listener at 127.0.0.1/35081] INFO  http.BaseHttpServer (BaseHttpServer.java:newHttpServer2BuilderForOzone(213)) - Starting Web-server for hddsDatanode at: http://0.0.0.0:0
2022-11-07 13:36:16,361 [Listener at 127.0.0.1/35081] INFO  http.BaseHttpServer (BaseHttpServer.java:<init>(108)) - Hadoop Security Enabled: false Ozone Security Enabled: false Ozone HTTP Security Enabled: false 
2022-11-07 13:36:16,362 [Listener at 127.0.0.1/35081] WARN  server.AuthenticationFilter (AuthenticationFilter.java:constructSecretProvider(240)) - Unable to initialize FileSignerSecretProvider, falling back to use random secrets. Reason: Could not read signature secret file: /home/runner/hadoop-http-auth-signature-secret
2022-11-07 13:36:16,370 [Listener at 127.0.0.1/35081] WARN  http.HttpRequestLog (HttpRequestLog.java:getRequestLog(103)) - Jetty request log can only be enabled using Log4j
2022-11-07 13:36:16,373 [Listener at 127.0.0.1/35081] INFO  http.HttpServer2 (HttpServer2.java:addGlobalFilter(1031)) - Added global filter 'safety' (class=org.apache.hadoop.hdds.server.http.HttpServer2$QuotingInputFilter)
2022-11-07 13:36:16,374 [Listener at 127.0.0.1/35081] INFO  http.HttpServer2 (HttpServer2.java:addFilter(1007)) - Added filter static_user_filter (class=org.apache.hadoop.http.lib.StaticUserWebFilter$StaticUserFilter) to context hddsDatanode
2022-11-07 13:36:16,374 [Listener at 127.0.0.1/35081] INFO  http.HttpServer2 (HttpServer2.java:addFilter(1015)) - Added filter static_user_filter (class=org.apache.hadoop.http.lib.StaticUserWebFilter$StaticUserFilter) to context logs
2022-11-07 13:36:16,374 [Listener at 127.0.0.1/35081] INFO  http.HttpServer2 (HttpServer2.java:addFilter(1015)) - Added filter static_user_filter (class=org.apache.hadoop.http.lib.StaticUserWebFilter$StaticUserFilter) to context static
2022-11-07 13:36:16,375 [Listener at 127.0.0.1/35081] INFO  http.HttpServer2 (HttpServer2.java:bindListener(1250)) - Jetty bound to port 44323
2022-11-07 13:36:16,375 [Listener at 127.0.0.1/35081] INFO  server.Server (Server.java:doStart(375)) - jetty-9.4.49.v20220914; built: 2022-09-14T01:07:36.601Z; git: 4231a3b2e4cb8548a412a789936d640a97b1aa0a; jvm 1.8.0_345-b01
2022-11-07 13:36:16,378 [Listener at 127.0.0.1/35081] INFO  server.session (DefaultSessionIdManager.java:doStart(334)) - DefaultSessionIdManager workerName=node0
2022-11-07 13:36:16,378 [Listener at 127.0.0.1/35081] INFO  server.session (DefaultSessionIdManager.java:doStart(339)) - No SessionScavenger set, using defaults
2022-11-07 13:36:16,378 [Listener at 127.0.0.1/35081] INFO  server.session (HouseKeeper.java:startScavenging(132)) - node0 Scavenging every 660000ms
2022-11-07 13:36:16,379 [Listener at 127.0.0.1/35081] INFO  handler.ContextHandler (ContextHandler.java:doStart(921)) - Started o.e.j.s.ServletContextHandler@1bfe4385{logs,/logs,file:///home/runner/work/ozone/ozone/hadoop-ozone/integration-test/target/log,AVAILABLE}
2022-11-07 13:36:16,379 [Listener at 127.0.0.1/35081] INFO  handler.ContextHandler (ContextHandler.java:doStart(921)) - Started o.e.j.s.ServletContextHandler@77c037db{static,/static,jar:file:/home/runner/.m2/repository/org/apache/ozone/hdds-container-service/1.3.0-SNAPSHOT/hdds-container-service-1.3.0-SNAPSHOT.jar!/webapps/static,AVAILABLE}
2022-11-07 13:36:16,553 [Listener at 127.0.0.1/35081] INFO  handler.ContextHandler (ContextHandler.java:doStart(921)) - Started o.e.j.w.WebAppContext@6411f8e2{hddsDatanode,/,file:///tmp/jetty-0_0_0_0-44323-hdds-container-service-1_3_0-SNAPSHOT_jar-_-any-822966659270407757/webapp/,AVAILABLE}{jar:file:/home/runner/.m2/repository/org/apache/ozone/hdds-container-service/1.3.0-SNAPSHOT/hdds-container-service-1.3.0-SNAPSHOT.jar!/webapps/hddsDatanode}
2022-11-07 13:36:16,555 [Listener at 127.0.0.1/35081] INFO  server.AbstractConnector (AbstractConnector.java:doStart(333)) - Started ServerConnector@60cee7ca{HTTP/1.1, (http/1.1)}{0.0.0.0:44323}
2022-11-07 13:36:16,555 [Listener at 127.0.0.1/35081] INFO  server.Server (Server.java:doStart(415)) - Started @10055ms
2022-11-07 13:36:16,555 [Listener at 127.0.0.1/35081] WARN  impl.MetricsSystemImpl (MetricsSystemImpl.java:register(279)) - Sink prometheus already exists!
2022-11-07 13:36:16,556 [Listener at 127.0.0.1/35081] INFO  http.BaseHttpServer (BaseHttpServer.java:updateConnectorAddress(333)) - HTTP server of hddsDatanode listening at http://0.0.0.0:44323
2022-11-07 13:36:16,556 [Datanode State Machine Daemon Thread] INFO  statemachine.DatanodeStateMachine (DatanodeStateMachine.java:lambda$startDaemon$0(505)) - Ozone container server started.
2022-11-07 13:36:16,558 [Listener at 127.0.0.1/35081] WARN  impl.MetricRegistriesImpl (MetricRegistriesImpl.java:addReporterRegistration(111)) - New reporters are added after registries were created. Some metrics will be missing from the reporter. Please add reporter before adding any new registry.
2022-11-07 13:36:16,558 [Listener at 127.0.0.1/35081] WARN  impl.MetricRegistriesImpl (MetricRegistriesImpl.java:addReporterRegistration(111)) - New reporters are added after registries were created. Some metrics will be missing from the reporter. Please add reporter before adding any new registry.
2022-11-07 13:36:16,558 [Listener at 127.0.0.1/35081] INFO  impl.MetricsSystemImpl (MetricsSystemImpl.java:init(158)) - HddsDatanode metrics system started (again)
2022-11-07 13:36:16,569 [Listener at 127.0.0.1/35081] INFO  ozone.HddsDatanodeService (HddsDatanodeService.java:start(236)) - HddsDatanodeService host:fv-az424-534.i1gjr3zuz4qevjy1zin2gin2ih.gx.internal.cloudapp.net ip:10.1.0.230
2022-11-07 13:36:16,574 [org.apache.hadoop.util.JvmPauseMonitor$Monitor@4739ddd1] INFO  util.JvmPauseMonitor (JvmPauseMonitor.java:run(188)) - Starting JVM pause monitor
2022-11-07 13:36:16,578 [Datanode State Machine Task Thread - 0] INFO  datanode.InitDatanodeState (InitDatanodeState.java:persistContainerDatanodeDetails(138)) - DatanodeDetails is persisted to /home/runner/work/ozone/ozone/hadoop-ozone/integration-test/target/test-dir/MiniOzoneClusterImpl-379115e4-4d75-40c4-81a6-8e72fe3ed5e1/datanode-5/meta/datanode.id
2022-11-07 13:36:16,588 [Listener at 127.0.0.1/35081] INFO  upgrade.AbstractLayoutVersionManager (AbstractLayoutVersionManager.java:init(83)) - Initializing Layout version manager with metadata layout = DATANODE_SCHEMA_V3 (version = 4), software layout = DATANODE_SCHEMA_V3 (version = 4)
2022-11-07 13:36:16,631 [Listener at 127.0.0.1/35081] INFO  reflections.Reflections (Reflections.java:scan(232)) - Reflections took 42 ms to scan 7 urls, producing 139 keys and 336 values 
2022-11-07 13:36:16,632 [Listener at 127.0.0.1/35081] INFO  statemachine.DatanodeStateMachine (DatanodeStateMachine.java:getEndPointTaskThreadPoolSize(245)) - Datanode State Machine Task Thread Pool size 2
2022-11-07 13:36:16,634 [Listener at 127.0.0.1/35081] INFO  volume.HddsVolume (HddsVolume.java:<init>(117)) - Creating HddsVolume: /home/runner/work/ozone/ozone/hadoop-ozone/integration-test/target/test-dir/MiniOzoneClusterImpl-379115e4-4d75-40c4-81a6-8e72fe3ed5e1/datanode-6/data-0/containers/hdds of storage type : DISK capacity : 9223372036854775807
2022-11-07 13:36:16,634 [Listener at 127.0.0.1/35081] INFO  volume.MutableVolumeSet (MutableVolumeSet.java:initializeVolumeSet(174)) - Added Volume : /home/runner/work/ozone/ozone/hadoop-ozone/integration-test/target/test-dir/MiniOzoneClusterImpl-379115e4-4d75-40c4-81a6-8e72fe3ed5e1/datanode-6/data-0/containers/hdds to VolumeSet
2022-11-07 13:36:16,634 [Listener at 127.0.0.1/35081] INFO  volume.ThrottledAsyncChecker (ThrottledAsyncChecker.java:schedule(141)) - Scheduling a check for /home/runner/work/ozone/ozone/hadoop-ozone/integration-test/target/test-dir/MiniOzoneClusterImpl-379115e4-4d75-40c4-81a6-8e72fe3ed5e1/datanode-6/data-0/containers/hdds
2022-11-07 13:36:16,635 [Listener at 127.0.0.1/35081] INFO  volume.StorageVolumeChecker (StorageVolumeChecker.java:checkAllVolumes(202)) - Scheduled health check for volume /home/runner/work/ozone/ozone/hadoop-ozone/integration-test/target/test-dir/MiniOzoneClusterImpl-379115e4-4d75-40c4-81a6-8e72fe3ed5e1/datanode-6/data-0/containers/hdds
2022-11-07 13:36:16,645 [Listener at 127.0.0.1/35081] INFO  volume.MutableVolumeSet (MutableVolumeSet.java:initializeVolumeSet(174)) - Added Volume : /home/runner/work/ozone/ozone/hadoop-ozone/integration-test/target/test-dir/MiniOzoneClusterImpl-379115e4-4d75-40c4-81a6-8e72fe3ed5e1/datanode-6/data/ratis to VolumeSet
2022-11-07 13:36:16,645 [Listener at 127.0.0.1/35081] INFO  volume.ThrottledAsyncChecker (ThrottledAsyncChecker.java:schedule(141)) - Scheduling a check for /home/runner/work/ozone/ozone/hadoop-ozone/integration-test/target/test-dir/MiniOzoneClusterImpl-379115e4-4d75-40c4-81a6-8e72fe3ed5e1/datanode-6/data/ratis
2022-11-07 13:36:16,646 [Listener at 127.0.0.1/35081] INFO  volume.StorageVolumeChecker (StorageVolumeChecker.java:checkAllVolumes(202)) - Scheduled health check for volume /home/runner/work/ozone/ozone/hadoop-ozone/integration-test/target/test-dir/MiniOzoneClusterImpl-379115e4-4d75-40c4-81a6-8e72fe3ed5e1/datanode-6/data/ratis
2022-11-07 13:36:16,658 [Thread-216] INFO  ozoneimpl.ContainerReader (ContainerReader.java:readVolume(175)) - Finish verifying containers on volume /home/runner/work/ozone/ozone/hadoop-ozone/integration-test/target/test-dir/MiniOzoneClusterImpl-379115e4-4d75-40c4-81a6-8e72fe3ed5e1/datanode-6/data-0/containers/hdds
2022-11-07 13:36:16,658 [Listener at 127.0.0.1/35081] INFO  ozoneimpl.OzoneContainer (OzoneContainer.java:buildContainerSet(300)) - Build ContainerSet costs 0s
2022-11-07 13:36:16,660 [Listener at 127.0.0.1/35081] INFO  server.RaftServer (ConfUtils.java:logGet(46)) - raft.rpc.type = GRPC (default)
2022-11-07 13:36:16,660 [Listener at 127.0.0.1/35081] INFO  grpc.GrpcConfigKeys (ConfUtils.java:logFallback(53)) - raft.grpc.admin.host = null (fallback to raft.grpc.server.host)
2022-11-07 13:36:16,660 [Listener at 127.0.0.1/35081] INFO  grpc.GrpcConfigKeys (ConfUtils.java:logGet(46)) - raft.grpc.admin.port = 0 (custom)
2022-11-07 13:36:16,661 [Listener at 127.0.0.1/35081] INFO  grpc.GrpcConfigKeys (ConfUtils.java:logFallback(53)) - raft.grpc.client.host = null (fallback to raft.grpc.server.host)
2022-11-07 13:36:16,661 [Listener at 127.0.0.1/35081] INFO  grpc.GrpcConfigKeys (ConfUtils.java:logGet(46)) - raft.grpc.client.port = 0 (custom)
2022-11-07 13:36:16,661 [Listener at 127.0.0.1/35081] INFO  grpc.GrpcConfigKeys (ConfUtils.java:logGet(46)) - raft.grpc.server.host = null (default)
2022-11-07 13:36:16,661 [Listener at 127.0.0.1/35081] INFO  grpc.GrpcConfigKeys (ConfUtils.java:logGet(46)) - raft.grpc.server.port = 0 (default)
2022-11-07 13:36:16,661 [Listener at 127.0.0.1/35081] INFO  server.GrpcService (ConfUtils.java:logGet(46)) - raft.grpc.message.size.max = 32MB (=33554432) (custom)
2022-11-07 13:36:16,661 [Listener at 127.0.0.1/35081] INFO  server.RaftServerConfigKeys (ConfUtils.java:logGet(46)) - raft.server.log.appender.buffer.byte-limit = 33554432 (custom)
2022-11-07 13:36:16,661 [Listener at 127.0.0.1/35081] INFO  server.GrpcService (ConfUtils.java:logGet(46)) - raft.grpc.flow.control.window = 5MB (=5242880) (custom)
2022-11-07 13:36:16,661 [Listener at 127.0.0.1/35081] INFO  server.RaftServerConfigKeys (ConfUtils.java:logGet(46)) - raft.server.rpc.request.timeout = 60s (custom)
2022-11-07 13:36:16,661 [Listener at 127.0.0.1/35081] INFO  grpc.GrpcConfigKeys (ConfUtils.java:logGet(46)) - raft.grpc.server.heartbeat.channel = true (default)
2022-11-07 13:36:16,661 [Listener at 127.0.0.1/35081] INFO  grpc.GrpcConfigKeys (ConfUtils.java:logGet(46)) - raft.grpc.server.async.request.thread.pool.cached = true (default)
2022-11-07 13:36:16,661 [Listener at 127.0.0.1/35081] INFO  grpc.GrpcConfigKeys (ConfUtils.java:logGet(46)) - raft.grpc.server.async.request.thread.pool.size = 32 (default)
2022-11-07 13:36:16,662 [Listener at 127.0.0.1/35081] INFO  impl.DataStreamServerImpl (ConfUtils.java:logGet(46)) - raft.datastream.type = DISABLED (default)
2022-11-07 13:36:16,663 [Listener at 127.0.0.1/35081] INFO  server.RaftServerConfigKeys (ConfUtils.java:logGet(46)) - raft.server.threadpool.proxy.cached = true (default)
2022-11-07 13:36:16,663 [Listener at 127.0.0.1/35081] INFO  server.RaftServerConfigKeys (ConfUtils.java:logGet(46)) - raft.server.threadpool.proxy.size = 0 (default)
2022-11-07 13:36:16,663 [Listener at 127.0.0.1/35081] INFO  server.RaftServerConfigKeys (ConfUtils.java:logGet(46)) - raft.server.rpc.slowness.timeout = 300s (custom)
2022-11-07 13:36:16,663 [Listener at 127.0.0.1/35081] INFO  server.RaftServerConfigKeys (ConfUtils.java:logGet(46)) - raft.server.leaderelection.leader.step-down.wait-time = 10s (default)
2022-11-07 13:36:16,663 [Listener at 127.0.0.1/35081] INFO  server.RaftServerConfigKeys (ConfUtils.java:logGet(46)) - raft.server.storage.dir = [/home/runner/work/ozone/ozone/hadoop-ozone/integration-test/target/test-dir/MiniOzoneClusterImpl-379115e4-4d75-40c4-81a6-8e72fe3ed5e1/datanode-6/data/ratis] (custom)
2022-11-07 13:36:16,665 [Listener at 127.0.0.1/35081] INFO  server.XceiverServerGrpc (XceiverServerGrpc.java:<init>(132)) - GrpcServer channel type EpollServerSocketChannel
2022-11-07 13:36:16,667 [Listener at 127.0.0.1/35081] INFO  http.BaseHttpServer (BaseHttpServer.java:newHttpServer2BuilderForOzone(213)) - Starting Web-server for hddsDatanode at: http://0.0.0.0:0
2022-11-07 13:36:16,667 [Listener at 127.0.0.1/35081] INFO  http.BaseHttpServer (BaseHttpServer.java:<init>(108)) - Hadoop Security Enabled: false Ozone Security Enabled: false Ozone HTTP Security Enabled: false 
2022-11-07 13:36:16,669 [Listener at 127.0.0.1/35081] WARN  server.AuthenticationFilter (AuthenticationFilter.java:constructSecretProvider(240)) - Unable to initialize FileSignerSecretProvider, falling back to use random secrets. Reason: Could not read signature secret file: /home/runner/hadoop-http-auth-signature-secret
2022-11-07 13:36:16,669 [Listener at 127.0.0.1/35081] WARN  http.HttpRequestLog (HttpRequestLog.java:getRequestLog(103)) - Jetty request log can only be enabled using Log4j
2022-11-07 13:36:16,670 [Listener at 127.0.0.1/35081] INFO  http.HttpServer2 (HttpServer2.java:addGlobalFilter(1031)) - Added global filter 'safety' (class=org.apache.hadoop.hdds.server.http.HttpServer2$QuotingInputFilter)
2022-11-07 13:36:16,671 [Listener at 127.0.0.1/35081] INFO  http.HttpServer2 (HttpServer2.java:addFilter(1007)) - Added filter static_user_filter (class=org.apache.hadoop.http.lib.StaticUserWebFilter$StaticUserFilter) to context hddsDatanode
2022-11-07 13:36:16,671 [Listener at 127.0.0.1/35081] INFO  http.HttpServer2 (HttpServer2.java:addFilter(1015)) - Added filter static_user_filter (class=org.apache.hadoop.http.lib.StaticUserWebFilter$StaticUserFilter) to context logs
2022-11-07 13:36:16,671 [Listener at 127.0.0.1/35081] INFO  http.HttpServer2 (HttpServer2.java:addFilter(1015)) - Added filter static_user_filter (class=org.apache.hadoop.http.lib.StaticUserWebFilter$StaticUserFilter) to context static
2022-11-07 13:36:16,672 [Listener at 127.0.0.1/35081] INFO  http.HttpServer2 (HttpServer2.java:bindListener(1250)) - Jetty bound to port 36987
2022-11-07 13:36:16,672 [Listener at 127.0.0.1/35081] INFO  server.Server (Server.java:doStart(375)) - jetty-9.4.49.v20220914; built: 2022-09-14T01:07:36.601Z; git: 4231a3b2e4cb8548a412a789936d640a97b1aa0a; jvm 1.8.0_345-b01
2022-11-07 13:36:16,678 [Listener at 127.0.0.1/35081] INFO  server.session (DefaultSessionIdManager.java:doStart(334)) - DefaultSessionIdManager workerName=node0
2022-11-07 13:36:16,678 [Listener at 127.0.0.1/35081] INFO  server.session (DefaultSessionIdManager.java:doStart(339)) - No SessionScavenger set, using defaults
2022-11-07 13:36:16,678 [Listener at 127.0.0.1/35081] INFO  server.session (HouseKeeper.java:startScavenging(132)) - node0 Scavenging every 660000ms
2022-11-07 13:36:16,680 [Listener at 127.0.0.1/35081] INFO  handler.ContextHandler (ContextHandler.java:doStart(921)) - Started o.e.j.s.ServletContextHandler@3a245254{logs,/logs,file:///home/runner/work/ozone/ozone/hadoop-ozone/integration-test/target/log,AVAILABLE}
2022-11-07 13:36:16,680 [Listener at 127.0.0.1/35081] INFO  handler.ContextHandler (ContextHandler.java:doStart(921)) - Started o.e.j.s.ServletContextHandler@722b2b27{static,/static,jar:file:/home/runner/.m2/repository/org/apache/ozone/hdds-container-service/1.3.0-SNAPSHOT/hdds-container-service-1.3.0-SNAPSHOT.jar!/webapps/static,AVAILABLE}
2022-11-07 13:36:16,891 [Listener at 127.0.0.1/35081] INFO  handler.ContextHandler (ContextHandler.java:doStart(921)) - Started o.e.j.w.WebAppContext@d030dd3{hddsDatanode,/,file:///tmp/jetty-0_0_0_0-36987-hdds-container-service-1_3_0-SNAPSHOT_jar-_-any-8703026235974142064/webapp/,AVAILABLE}{jar:file:/home/runner/.m2/repository/org/apache/ozone/hdds-container-service/1.3.0-SNAPSHOT/hdds-container-service-1.3.0-SNAPSHOT.jar!/webapps/hddsDatanode}
2022-11-07 13:36:16,895 [Listener at 127.0.0.1/35081] INFO  server.AbstractConnector (AbstractConnector.java:doStart(333)) - Started ServerConnector@704c98c{HTTP/1.1, (http/1.1)}{0.0.0.0:36987}
2022-11-07 13:36:16,895 [Listener at 127.0.0.1/35081] INFO  server.Server (Server.java:doStart(415)) - Started @10395ms
2022-11-07 13:36:16,895 [Listener at 127.0.0.1/35081] WARN  impl.MetricsSystemImpl (MetricsSystemImpl.java:register(279)) - Sink prometheus already exists!
2022-11-07 13:36:16,896 [Listener at 127.0.0.1/35081] INFO  http.BaseHttpServer (BaseHttpServer.java:updateConnectorAddress(333)) - HTTP server of hddsDatanode listening at http://0.0.0.0:36987
2022-11-07 13:36:16,899 [Listener at 127.0.0.1/35081] INFO  ozone.MiniOzoneClusterImpl (MiniOzoneClusterImpl.java:lambda$waitForClusterToBeReady$0(216)) - Waiting for nodes to be ready. Got 0 of 7 DN Heartbeats.
2022-11-07 13:36:16,899 [Listener at 127.0.0.1/35081] INFO  ozone.MiniOzoneClusterImpl (MiniOzoneClusterImpl.java:lambda$waitForClusterToBeReady$0(219)) - Waiting for cluster to exit safe mode
2022-11-07 13:36:16,899 [Listener at 127.0.0.1/35081] INFO  ozone.MiniOzoneClusterImpl (MiniOzoneClusterImpl.java:lambda$waitForClusterToBeReady$0(221)) - SCM became leader
2022-11-07 13:36:16,899 [Datanode State Machine Daemon Thread] INFO  statemachine.DatanodeStateMachine (DatanodeStateMachine.java:lambda$startDaemon$0(505)) - Ozone container server started.
2022-11-07 13:36:16,908 [org.apache.hadoop.util.JvmPauseMonitor$Monitor@369cf3fc] INFO  util.JvmPauseMonitor (JvmPauseMonitor.java:run(188)) - Starting JVM pause monitor
2022-11-07 13:36:16,916 [Datanode State Machine Task Thread - 0] INFO  datanode.InitDatanodeState (InitDatanodeState.java:persistContainerDatanodeDetails(138)) - DatanodeDetails is persisted to /home/runner/work/ozone/ozone/hadoop-ozone/integration-test/target/test-dir/MiniOzoneClusterImpl-379115e4-4d75-40c4-81a6-8e72fe3ed5e1/datanode-6/meta/datanode.id
2022-11-07 13:36:16,917 [EndpointStateMachine task thread for /0.0.0.0:43763 - 0 ] INFO  utils.DatanodeStoreCache (DatanodeStoreCache.java:addDB(58)) - Added db /home/runner/work/ozone/ozone/hadoop-ozone/integration-test/target/test-dir/MiniOzoneClusterImpl-379115e4-4d75-40c4-81a6-8e72fe3ed5e1/datanode-0/data-0/containers/hdds/379115e4-4d75-40c4-81a6-8e72fe3ed5e1/DS-8ef4e7e9-3d6f-4489-bf15-4539503257bc/container.db to cache
2022-11-07 13:36:16,917 [EndpointStateMachine task thread for /0.0.0.0:43763 - 0 ] INFO  volume.HddsVolume (HddsVolume.java:createDbStore(307)) - SchemaV3 db is created and loaded at /home/runner/work/ozone/ozone/hadoop-ozone/integration-test/target/test-dir/MiniOzoneClusterImpl-379115e4-4d75-40c4-81a6-8e72fe3ed5e1/datanode-0/data-0/containers/hdds/379115e4-4d75-40c4-81a6-8e72fe3ed5e1/DS-8ef4e7e9-3d6f-4489-bf15-4539503257bc/container.db for volume DS-8ef4e7e9-3d6f-4489-bf15-4539503257bc
2022-11-07 13:36:16,918 [EndpointStateMachine task thread for /0.0.0.0:43763 - 0 ] INFO  ozoneimpl.OzoneContainer (OzoneContainer.java:start(378)) - Attempting to start container services.
2022-11-07 13:36:16,921 [EndpointStateMachine task thread for /0.0.0.0:43763 - 0 ] INFO  ozoneimpl.OzoneContainer (OzoneContainer.java:startContainerScrub(313)) - Background container scanner has been disabled.
2022-11-07 13:36:16,924 [EndpointStateMachine task thread for /0.0.0.0:43763 - 0 ] INFO  replication.ReplicationServer (ReplicationServer.java:start(111)) - ReplicationServer is started using port 44927
2022-11-07 13:36:16,926 [EndpointStateMachine task thread for /0.0.0.0:43763 - 0 ] INFO  ratis.XceiverServerRatis (XceiverServerRatis.java:start(481)) - Starting XceiverServerRatis 178fd6cf-24a3-4e48-92ee-e3f3e7c66fbe
2022-11-07 13:36:16,929 [EndpointStateMachine task thread for /0.0.0.0:43763 - 0 ] INFO  server.RaftServer (RaftServerProxy.java:startImpl(393)) - 178fd6cf-24a3-4e48-92ee-e3f3e7c66fbe: start RPC server
2022-11-07 13:36:16,930 [EndpointStateMachine task thread for /0.0.0.0:43763 - 0 ] INFO  server.GrpcService (GrpcService.java:startImpl(270)) - 178fd6cf-24a3-4e48-92ee-e3f3e7c66fbe: GrpcService started, listening on 44445
2022-11-07 13:36:16,931 [EndpointStateMachine task thread for /0.0.0.0:43763 - 0 ] INFO  ratis.XceiverServerRatis (XceiverServerRatis.java:getRealPort(502)) - XceiverServerRatis 178fd6cf-24a3-4e48-92ee-e3f3e7c66fbe is started using port 44445 for RATIS
2022-11-07 13:36:16,931 [JvmPauseMonitor1] INFO  util.JvmPauseMonitor (JvmPauseMonitor.java:run(105)) - JvmPauseMonitor-178fd6cf-24a3-4e48-92ee-e3f3e7c66fbe: Started
2022-11-07 13:36:16,931 [EndpointStateMachine task thread for /0.0.0.0:43763 - 0 ] INFO  ratis.XceiverServerRatis (XceiverServerRatis.java:getRealPort(502)) - XceiverServerRatis 178fd6cf-24a3-4e48-92ee-e3f3e7c66fbe is started using port 44445 for RATIS_ADMIN
2022-11-07 13:36:16,932 [EndpointStateMachine task thread for /0.0.0.0:43763 - 0 ] INFO  ratis.XceiverServerRatis (XceiverServerRatis.java:getRealPort(502)) - XceiverServerRatis 178fd6cf-24a3-4e48-92ee-e3f3e7c66fbe is started using port 44445 for RATIS_SERVER
2022-11-07 13:36:16,933 [EndpointStateMachine task thread for /0.0.0.0:43763 - 0 ] INFO  server.XceiverServerGrpc (XceiverServerGrpc.java:start(180)) - XceiverServerGrpc 178fd6cf-24a3-4e48-92ee-e3f3e7c66fbe is started using port 35209
2022-11-07 13:36:17,257 [EndpointStateMachine task thread for /0.0.0.0:43763 - 0 ] INFO  utils.DatanodeStoreCache (DatanodeStoreCache.java:addDB(58)) - Added db /home/runner/work/ozone/ozone/hadoop-ozone/integration-test/target/test-dir/MiniOzoneClusterImpl-379115e4-4d75-40c4-81a6-8e72fe3ed5e1/datanode-1/data-0/containers/hdds/379115e4-4d75-40c4-81a6-8e72fe3ed5e1/DS-cc79b980-fa37-4b10-a692-8c50a1fa819b/container.db to cache
2022-11-07 13:36:17,257 [EndpointStateMachine task thread for /0.0.0.0:43763 - 0 ] INFO  volume.HddsVolume (HddsVolume.java:createDbStore(307)) - SchemaV3 db is created and loaded at /home/runner/work/ozone/ozone/hadoop-ozone/integration-test/target/test-dir/MiniOzoneClusterImpl-379115e4-4d75-40c4-81a6-8e72fe3ed5e1/datanode-1/data-0/containers/hdds/379115e4-4d75-40c4-81a6-8e72fe3ed5e1/DS-cc79b980-fa37-4b10-a692-8c50a1fa819b/container.db for volume DS-cc79b980-fa37-4b10-a692-8c50a1fa819b
2022-11-07 13:36:17,258 [EndpointStateMachine task thread for /0.0.0.0:43763 - 0 ] INFO  ozoneimpl.OzoneContainer (OzoneContainer.java:start(378)) - Attempting to start container services.
2022-11-07 13:36:17,258 [EndpointStateMachine task thread for /0.0.0.0:43763 - 0 ] INFO  ozoneimpl.OzoneContainer (OzoneContainer.java:startContainerScrub(313)) - Background container scanner has been disabled.
2022-11-07 13:36:17,260 [EndpointStateMachine task thread for /0.0.0.0:43763 - 0 ] INFO  replication.ReplicationServer (ReplicationServer.java:start(111)) - ReplicationServer is started using port 33409
2022-11-07 13:36:17,260 [EndpointStateMachine task thread for /0.0.0.0:43763 - 0 ] INFO  ratis.XceiverServerRatis (XceiverServerRatis.java:start(481)) - Starting XceiverServerRatis ea7a942f-a5e8-4e3a-a5fc-4bf2947a514d
2022-11-07 13:36:17,261 [EndpointStateMachine task thread for /0.0.0.0:43763 - 0 ] INFO  server.RaftServer (RaftServerProxy.java:startImpl(393)) - ea7a942f-a5e8-4e3a-a5fc-4bf2947a514d: start RPC server
2022-11-07 13:36:17,263 [EndpointStateMachine task thread for /0.0.0.0:43763 - 0 ] INFO  server.GrpcService (GrpcService.java:startImpl(270)) - ea7a942f-a5e8-4e3a-a5fc-4bf2947a514d: GrpcService started, listening on 42367
2022-11-07 13:36:17,263 [EndpointStateMachine task thread for /0.0.0.0:43763 - 0 ] INFO  ratis.XceiverServerRatis (XceiverServerRatis.java:getRealPort(502)) - XceiverServerRatis ea7a942f-a5e8-4e3a-a5fc-4bf2947a514d is started using port 42367 for RATIS
2022-11-07 13:36:17,263 [JvmPauseMonitor2] INFO  util.JvmPauseMonitor (JvmPauseMonitor.java:run(105)) - JvmPauseMonitor-ea7a942f-a5e8-4e3a-a5fc-4bf2947a514d: Started
2022-11-07 13:36:17,263 [EndpointStateMachine task thread for /0.0.0.0:43763 - 0 ] INFO  ratis.XceiverServerRatis (XceiverServerRatis.java:getRealPort(502)) - XceiverServerRatis ea7a942f-a5e8-4e3a-a5fc-4bf2947a514d is started using port 42367 for RATIS_ADMIN
2022-11-07 13:36:17,264 [EndpointStateMachine task thread for /0.0.0.0:43763 - 0 ] INFO  ratis.XceiverServerRatis (XceiverServerRatis.java:getRealPort(502)) - XceiverServerRatis ea7a942f-a5e8-4e3a-a5fc-4bf2947a514d is started using port 42367 for RATIS_SERVER
2022-11-07 13:36:17,265 [EndpointStateMachine task thread for /0.0.0.0:43763 - 0 ] INFO  server.XceiverServerGrpc (XceiverServerGrpc.java:start(180)) - XceiverServerGrpc ea7a942f-a5e8-4e3a-a5fc-4bf2947a514d is started using port 46675
2022-11-07 13:36:17,647 [EndpointStateMachine task thread for /0.0.0.0:43763 - 0 ] INFO  utils.DatanodeStoreCache (DatanodeStoreCache.java:addDB(58)) - Added db /home/runner/work/ozone/ozone/hadoop-ozone/integration-test/target/test-dir/MiniOzoneClusterImpl-379115e4-4d75-40c4-81a6-8e72fe3ed5e1/datanode-2/data-0/containers/hdds/379115e4-4d75-40c4-81a6-8e72fe3ed5e1/DS-b2be2907-f9af-48b5-b634-c7540cabdd22/container.db to cache
2022-11-07 13:36:17,647 [EndpointStateMachine task thread for /0.0.0.0:43763 - 0 ] INFO  volume.HddsVolume (HddsVolume.java:createDbStore(307)) - SchemaV3 db is created and loaded at /home/runner/work/ozone/ozone/hadoop-ozone/integration-test/target/test-dir/MiniOzoneClusterImpl-379115e4-4d75-40c4-81a6-8e72fe3ed5e1/datanode-2/data-0/containers/hdds/379115e4-4d75-40c4-81a6-8e72fe3ed5e1/DS-b2be2907-f9af-48b5-b634-c7540cabdd22/container.db for volume DS-b2be2907-f9af-48b5-b634-c7540cabdd22
2022-11-07 13:36:17,647 [EndpointStateMachine task thread for /0.0.0.0:43763 - 0 ] INFO  ozoneimpl.OzoneContainer (OzoneContainer.java:start(378)) - Attempting to start container services.
2022-11-07 13:36:17,647 [EndpointStateMachine task thread for /0.0.0.0:43763 - 0 ] INFO  ozoneimpl.OzoneContainer (OzoneContainer.java:startContainerScrub(313)) - Background container scanner has been disabled.
2022-11-07 13:36:17,649 [EndpointStateMachine task thread for /0.0.0.0:43763 - 0 ] INFO  replication.ReplicationServer (ReplicationServer.java:start(111)) - ReplicationServer is started using port 37975
2022-11-07 13:36:17,650 [EndpointStateMachine task thread for /0.0.0.0:43763 - 0 ] INFO  ratis.XceiverServerRatis (XceiverServerRatis.java:start(481)) - Starting XceiverServerRatis 6c65cbd1-29d4-4a5b-900f-42154dc8d1b5
2022-11-07 13:36:17,651 [EndpointStateMachine task thread for /0.0.0.0:43763 - 0 ] INFO  server.RaftServer (RaftServerProxy.java:startImpl(393)) - 6c65cbd1-29d4-4a5b-900f-42154dc8d1b5: start RPC server
2022-11-07 13:36:17,653 [EndpointStateMachine task thread for /0.0.0.0:43763 - 0 ] INFO  server.GrpcService (GrpcService.java:startImpl(270)) - 6c65cbd1-29d4-4a5b-900f-42154dc8d1b5: GrpcService started, listening on 38377
2022-11-07 13:36:17,653 [EndpointStateMachine task thread for /0.0.0.0:43763 - 0 ] INFO  ratis.XceiverServerRatis (XceiverServerRatis.java:getRealPort(502)) - XceiverServerRatis 6c65cbd1-29d4-4a5b-900f-42154dc8d1b5 is started using port 38377 for RATIS
2022-11-07 13:36:17,654 [JvmPauseMonitor3] INFO  util.JvmPauseMonitor (JvmPauseMonitor.java:run(105)) - JvmPauseMonitor-6c65cbd1-29d4-4a5b-900f-42154dc8d1b5: Started
2022-11-07 13:36:17,654 [EndpointStateMachine task thread for /0.0.0.0:43763 - 0 ] INFO  ratis.XceiverServerRatis (XceiverServerRatis.java:getRealPort(502)) - XceiverServerRatis 6c65cbd1-29d4-4a5b-900f-42154dc8d1b5 is started using port 38377 for RATIS_ADMIN
2022-11-07 13:36:17,654 [EndpointStateMachine task thread for /0.0.0.0:43763 - 0 ] INFO  ratis.XceiverServerRatis (XceiverServerRatis.java:getRealPort(502)) - XceiverServerRatis 6c65cbd1-29d4-4a5b-900f-42154dc8d1b5 is started using port 38377 for RATIS_SERVER
2022-11-07 13:36:17,657 [EndpointStateMachine task thread for /0.0.0.0:43763 - 0 ] INFO  server.XceiverServerGrpc (XceiverServerGrpc.java:start(180)) - XceiverServerGrpc 6c65cbd1-29d4-4a5b-900f-42154dc8d1b5 is started using port 45313
2022-11-07 13:36:17,899 [Listener at 127.0.0.1/35081] INFO  ozone.MiniOzoneClusterImpl (MiniOzoneClusterImpl.java:lambda$waitForClusterToBeReady$0(216)) - Waiting for nodes to be ready. Got 0 of 7 DN Heartbeats.
2022-11-07 13:36:17,900 [Listener at 127.0.0.1/35081] INFO  ozone.MiniOzoneClusterImpl (MiniOzoneClusterImpl.java:lambda$waitForClusterToBeReady$0(219)) - Waiting for cluster to exit safe mode
2022-11-07 13:36:17,900 [Listener at 127.0.0.1/35081] INFO  ozone.MiniOzoneClusterImpl (MiniOzoneClusterImpl.java:lambda$waitForClusterToBeReady$0(221)) - SCM became leader
2022-11-07 13:36:17,974 [EndpointStateMachine task thread for /0.0.0.0:43763 - 0 ] INFO  utils.DatanodeStoreCache (DatanodeStoreCache.java:addDB(58)) - Added db /home/runner/work/ozone/ozone/hadoop-ozone/integration-test/target/test-dir/MiniOzoneClusterImpl-379115e4-4d75-40c4-81a6-8e72fe3ed5e1/datanode-3/data-0/containers/hdds/379115e4-4d75-40c4-81a6-8e72fe3ed5e1/DS-3a60847d-6c63-4c65-b161-fb7e666575ce/container.db to cache
2022-11-07 13:36:17,974 [EndpointStateMachine task thread for /0.0.0.0:43763 - 0 ] INFO  volume.HddsVolume (HddsVolume.java:createDbStore(307)) - SchemaV3 db is created and loaded at /home/runner/work/ozone/ozone/hadoop-ozone/integration-test/target/test-dir/MiniOzoneClusterImpl-379115e4-4d75-40c4-81a6-8e72fe3ed5e1/datanode-3/data-0/containers/hdds/379115e4-4d75-40c4-81a6-8e72fe3ed5e1/DS-3a60847d-6c63-4c65-b161-fb7e666575ce/container.db for volume DS-3a60847d-6c63-4c65-b161-fb7e666575ce
2022-11-07 13:36:17,974 [EndpointStateMachine task thread for /0.0.0.0:43763 - 0 ] INFO  ozoneimpl.OzoneContainer (OzoneContainer.java:start(378)) - Attempting to start container services.
2022-11-07 13:36:17,974 [EndpointStateMachine task thread for /0.0.0.0:43763 - 0 ] INFO  ozoneimpl.OzoneContainer (OzoneContainer.java:startContainerScrub(313)) - Background container scanner has been disabled.
2022-11-07 13:36:17,976 [EndpointStateMachine task thread for /0.0.0.0:43763 - 0 ] INFO  replication.ReplicationServer (ReplicationServer.java:start(111)) - ReplicationServer is started using port 39613
2022-11-07 13:36:17,977 [EndpointStateMachine task thread for /0.0.0.0:43763 - 0 ] INFO  ratis.XceiverServerRatis (XceiverServerRatis.java:start(481)) - Starting XceiverServerRatis beab5ca2-a546-402b-a260-2b44d337a1b6
2022-11-07 13:36:17,977 [EndpointStateMachine task thread for /0.0.0.0:43763 - 0 ] INFO  server.RaftServer (RaftServerProxy.java:startImpl(393)) - beab5ca2-a546-402b-a260-2b44d337a1b6: start RPC server
2022-11-07 13:36:17,979 [EndpointStateMachine task thread for /0.0.0.0:43763 - 0 ] INFO  server.GrpcService (GrpcService.java:startImpl(270)) - beab5ca2-a546-402b-a260-2b44d337a1b6: GrpcService started, listening on 40785
2022-11-07 13:36:17,980 [EndpointStateMachine task thread for /0.0.0.0:43763 - 0 ] INFO  ratis.XceiverServerRatis (XceiverServerRatis.java:getRealPort(502)) - XceiverServerRatis beab5ca2-a546-402b-a260-2b44d337a1b6 is started using port 40785 for RATIS
2022-11-07 13:36:17,980 [EndpointStateMachine task thread for /0.0.0.0:43763 - 0 ] INFO  ratis.XceiverServerRatis (XceiverServerRatis.java:getRealPort(502)) - XceiverServerRatis beab5ca2-a546-402b-a260-2b44d337a1b6 is started using port 40785 for RATIS_ADMIN
2022-11-07 13:36:17,980 [EndpointStateMachine task thread for /0.0.0.0:43763 - 0 ] INFO  ratis.XceiverServerRatis (XceiverServerRatis.java:getRealPort(502)) - XceiverServerRatis beab5ca2-a546-402b-a260-2b44d337a1b6 is started using port 40785 for RATIS_SERVER
2022-11-07 13:36:17,980 [JvmPauseMonitor4] INFO  util.JvmPauseMonitor (JvmPauseMonitor.java:run(105)) - JvmPauseMonitor-beab5ca2-a546-402b-a260-2b44d337a1b6: Started
2022-11-07 13:36:17,984 [EndpointStateMachine task thread for /0.0.0.0:43763 - 0 ] INFO  server.XceiverServerGrpc (XceiverServerGrpc.java:start(180)) - XceiverServerGrpc beab5ca2-a546-402b-a260-2b44d337a1b6 is started using port 46599
2022-11-07 13:36:18,280 [EndpointStateMachine task thread for /0.0.0.0:43763 - 0 ] INFO  utils.DatanodeStoreCache (DatanodeStoreCache.java:addDB(58)) - Added db /home/runner/work/ozone/ozone/hadoop-ozone/integration-test/target/test-dir/MiniOzoneClusterImpl-379115e4-4d75-40c4-81a6-8e72fe3ed5e1/datanode-4/data-0/containers/hdds/379115e4-4d75-40c4-81a6-8e72fe3ed5e1/DS-0b6cb5fd-c2bb-44f8-8859-889fbc19c2e9/container.db to cache
2022-11-07 13:36:18,280 [EndpointStateMachine task thread for /0.0.0.0:43763 - 0 ] INFO  volume.HddsVolume (HddsVolume.java:createDbStore(307)) - SchemaV3 db is created and loaded at /home/runner/work/ozone/ozone/hadoop-ozone/integration-test/target/test-dir/MiniOzoneClusterImpl-379115e4-4d75-40c4-81a6-8e72fe3ed5e1/datanode-4/data-0/containers/hdds/379115e4-4d75-40c4-81a6-8e72fe3ed5e1/DS-0b6cb5fd-c2bb-44f8-8859-889fbc19c2e9/container.db for volume DS-0b6cb5fd-c2bb-44f8-8859-889fbc19c2e9
2022-11-07 13:36:18,280 [EndpointStateMachine task thread for /0.0.0.0:43763 - 0 ] INFO  ozoneimpl.OzoneContainer (OzoneContainer.java:start(378)) - Attempting to start container services.
2022-11-07 13:36:18,281 [EndpointStateMachine task thread for /0.0.0.0:43763 - 0 ] INFO  ozoneimpl.OzoneContainer (OzoneContainer.java:startContainerScrub(313)) - Background container scanner has been disabled.
2022-11-07 13:36:18,284 [EndpointStateMachine task thread for /0.0.0.0:43763 - 0 ] INFO  replication.ReplicationServer (ReplicationServer.java:start(111)) - ReplicationServer is started using port 46705
2022-11-07 13:36:18,285 [EndpointStateMachine task thread for /0.0.0.0:43763 - 0 ] INFO  ratis.XceiverServerRatis (XceiverServerRatis.java:start(481)) - Starting XceiverServerRatis f44b5222-54a3-4c74-8058-5f7be961e458
2022-11-07 13:36:18,286 [EndpointStateMachine task thread for /0.0.0.0:43763 - 0 ] INFO  server.RaftServer (RaftServerProxy.java:startImpl(393)) - f44b5222-54a3-4c74-8058-5f7be961e458: start RPC server
2022-11-07 13:36:18,287 [EndpointStateMachine task thread for /0.0.0.0:43763 - 0 ] INFO  server.GrpcService (GrpcService.java:startImpl(270)) - f44b5222-54a3-4c74-8058-5f7be961e458: GrpcService started, listening on 46269
2022-11-07 13:36:18,288 [EndpointStateMachine task thread for /0.0.0.0:43763 - 0 ] INFO  ratis.XceiverServerRatis (XceiverServerRatis.java:getRealPort(502)) - XceiverServerRatis f44b5222-54a3-4c74-8058-5f7be961e458 is started using port 46269 for RATIS
2022-11-07 13:36:18,288 [JvmPauseMonitor5] INFO  util.JvmPauseMonitor (JvmPauseMonitor.java:run(105)) - JvmPauseMonitor-f44b5222-54a3-4c74-8058-5f7be961e458: Started
2022-11-07 13:36:18,288 [EndpointStateMachine task thread for /0.0.0.0:43763 - 0 ] INFO  ratis.XceiverServerRatis (XceiverServerRatis.java:getRealPort(502)) - XceiverServerRatis f44b5222-54a3-4c74-8058-5f7be961e458 is started using port 46269 for RATIS_ADMIN
2022-11-07 13:36:18,290 [EndpointStateMachine task thread for /0.0.0.0:43763 - 0 ] INFO  ratis.XceiverServerRatis (XceiverServerRatis.java:getRealPort(502)) - XceiverServerRatis f44b5222-54a3-4c74-8058-5f7be961e458 is started using port 46269 for RATIS_SERVER
2022-11-07 13:36:18,292 [EndpointStateMachine task thread for /0.0.0.0:43763 - 0 ] INFO  server.XceiverServerGrpc (XceiverServerGrpc.java:start(180)) - XceiverServerGrpc f44b5222-54a3-4c74-8058-5f7be961e458 is started using port 33407
2022-11-07 13:36:18,602 [EndpointStateMachine task thread for /0.0.0.0:43763 - 0 ] INFO  utils.DatanodeStoreCache (DatanodeStoreCache.java:addDB(58)) - Added db /home/runner/work/ozone/ozone/hadoop-ozone/integration-test/target/test-dir/MiniOzoneClusterImpl-379115e4-4d75-40c4-81a6-8e72fe3ed5e1/datanode-5/data-0/containers/hdds/379115e4-4d75-40c4-81a6-8e72fe3ed5e1/DS-8ba67e55-7f43-4edf-8679-ff96021c0bb4/container.db to cache
2022-11-07 13:36:18,603 [EndpointStateMachine task thread for /0.0.0.0:43763 - 0 ] INFO  volume.HddsVolume (HddsVolume.java:createDbStore(307)) - SchemaV3 db is created and loaded at /home/runner/work/ozone/ozone/hadoop-ozone/integration-test/target/test-dir/MiniOzoneClusterImpl-379115e4-4d75-40c4-81a6-8e72fe3ed5e1/datanode-5/data-0/containers/hdds/379115e4-4d75-40c4-81a6-8e72fe3ed5e1/DS-8ba67e55-7f43-4edf-8679-ff96021c0bb4/container.db for volume DS-8ba67e55-7f43-4edf-8679-ff96021c0bb4
2022-11-07 13:36:18,603 [EndpointStateMachine task thread for /0.0.0.0:43763 - 0 ] INFO  ozoneimpl.OzoneContainer (OzoneContainer.java:start(378)) - Attempting to start container services.
2022-11-07 13:36:18,603 [EndpointStateMachine task thread for /0.0.0.0:43763 - 0 ] INFO  ozoneimpl.OzoneContainer (OzoneContainer.java:startContainerScrub(313)) - Background container scanner has been disabled.
2022-11-07 13:36:18,608 [EndpointStateMachine task thread for /0.0.0.0:43763 - 0 ] INFO  replication.ReplicationServer (ReplicationServer.java:start(111)) - ReplicationServer is started using port 44557
2022-11-07 13:36:18,609 [EndpointStateMachine task thread for /0.0.0.0:43763 - 0 ] INFO  ratis.XceiverServerRatis (XceiverServerRatis.java:start(481)) - Starting XceiverServerRatis 4d74b558-d58f-4526-92bd-479b7c3e5b6d
2022-11-07 13:36:18,609 [EndpointStateMachine task thread for /0.0.0.0:43763 - 0 ] INFO  server.RaftServer (RaftServerProxy.java:startImpl(393)) - 4d74b558-d58f-4526-92bd-479b7c3e5b6d: start RPC server
2022-11-07 13:36:18,611 [EndpointStateMachine task thread for /0.0.0.0:43763 - 0 ] INFO  server.GrpcService (GrpcService.java:startImpl(270)) - 4d74b558-d58f-4526-92bd-479b7c3e5b6d: GrpcService started, listening on 37651
2022-11-07 13:36:18,611 [EndpointStateMachine task thread for /0.0.0.0:43763 - 0 ] INFO  ratis.XceiverServerRatis (XceiverServerRatis.java:getRealPort(502)) - XceiverServerRatis 4d74b558-d58f-4526-92bd-479b7c3e5b6d is started using port 37651 for RATIS
2022-11-07 13:36:18,611 [JvmPauseMonitor6] INFO  util.JvmPauseMonitor (JvmPauseMonitor.java:run(105)) - JvmPauseMonitor-4d74b558-d58f-4526-92bd-479b7c3e5b6d: Started
2022-11-07 13:36:18,611 [EndpointStateMachine task thread for /0.0.0.0:43763 - 0 ] INFO  ratis.XceiverServerRatis (XceiverServerRatis.java:getRealPort(502)) - XceiverServerRatis 4d74b558-d58f-4526-92bd-479b7c3e5b6d is started using port 37651 for RATIS_ADMIN
2022-11-07 13:36:18,612 [EndpointStateMachine task thread for /0.0.0.0:43763 - 0 ] INFO  ratis.XceiverServerRatis (XceiverServerRatis.java:getRealPort(502)) - XceiverServerRatis 4d74b558-d58f-4526-92bd-479b7c3e5b6d is started using port 37651 for RATIS_SERVER
2022-11-07 13:36:18,615 [EndpointStateMachine task thread for /0.0.0.0:43763 - 0 ] INFO  server.XceiverServerGrpc (XceiverServerGrpc.java:start(180)) - XceiverServerGrpc 4d74b558-d58f-4526-92bd-479b7c3e5b6d is started using port 38649
2022-11-07 13:36:18,769 [IPC Server handler 14 on default port 43763] INFO  net.NetworkTopologyImpl (NetworkTopologyImpl.java:add(112)) - Added a new node: /default-rack/178fd6cf-24a3-4e48-92ee-e3f3e7c66fbe
2022-11-07 13:36:18,771 [IPC Server handler 14 on default port 43763] INFO  node.SCMNodeManager (SCMNodeManager.java:register(397)) - Registered Data node : 178fd6cf-24a3-4e48-92ee-e3f3e7c66fbe{ip: 10.1.0.230, host: fv-az424-534.i1gjr3zuz4qevjy1zin2gin2ih.gx.internal.cloudapp.net, ports: [REPLICATION=44927, RATIS=44445, RATIS_ADMIN=44445, RATIS_SERVER=44445, STANDALONE=35209], networkLocation: /default-rack, certSerialId: null, persistedOpState: null, persistedOpStateExpiryEpochSec: 0}
2022-11-07 13:36:18,776 [EventQueue-NewNodeForNewNodeHandler] INFO  pipeline.BackgroundPipelineCreator (BackgroundPipelineCreator.java:notifyEventTriggered(276)) - trigger a one-shot run on RatisPipelineUtilsThread.
2022-11-07 13:36:18,777 [EventQueue-NodeRegistrationContainerReportForContainerSafeModeRule] INFO  safemode.SCMSafeModeManager (SCMSafeModeManager.java:validateSafeModeExitRules(204)) - ContainerSafeModeRule rule is successfully validated
2022-11-07 13:36:18,777 [EventQueue-NodeRegistrationContainerReportForDataNodeSafeModeRule] INFO  safemode.SCMSafeModeManager (DataNodeSafeModeRule.java:process(71)) - SCM in safe mode. 1 DataNodes registered, 3 required.
2022-11-07 13:36:18,784 [RatisPipelineUtilsThread - 0] INFO  pipeline.RatisPipelineProvider (RatisPipelineProvider.java:lambda$create$0(195)) - Sending CreatePipelineCommand for pipeline:PipelineID=976594ac-6411-4ca8-84ef-a4cd0eeb4c8d to datanode:178fd6cf-24a3-4e48-92ee-e3f3e7c66fbe
2022-11-07 13:36:18,788 [EventQueue-PipelineReportForOneReplicaPipelineSafeModeRule] INFO  safemode.SCMSafeModeManager (SCMSafeModeManager.java:validateSafeModeExitRules(204)) - AtleastOneDatanodeReportedRule rule is successfully validated
2022-11-07 13:36:18,800 [RatisPipelineUtilsThread - 0] INFO  pipeline.PipelineStateManagerImpl (PipelineStateManagerImpl.java:addPipeline(103)) - Created pipeline Pipeline[ Id: 976594ac-6411-4ca8-84ef-a4cd0eeb4c8d, Nodes: 178fd6cf-24a3-4e48-92ee-e3f3e7c66fbe{ip: 10.1.0.230, host: fv-az424-534.i1gjr3zuz4qevjy1zin2gin2ih.gx.internal.cloudapp.net, ports: [REPLICATION=44927, RATIS=44445, RATIS_ADMIN=44445, RATIS_SERVER=44445, STANDALONE=35209], networkLocation: /default-rack, certSerialId: null, persistedOpState: IN_SERVICE, persistedOpStateExpiryEpochSec: 0}, ReplicationConfig: RATIS/ONE, State:ALLOCATED, leaderId:, CreationTimestamp2022-11-07T13:36:18.782Z[Etc/UTC]].
2022-11-07 13:36:18,900 [Listener at 127.0.0.1/35081] INFO  ozone.MiniOzoneClusterImpl (MiniOzoneClusterImpl.java:lambda$waitForClusterToBeReady$0(216)) - Waiting for nodes to be ready. Got 1 of 7 DN Heartbeats.
2022-11-07 13:36:18,900 [Listener at 127.0.0.1/35081] INFO  ozone.MiniOzoneClusterImpl (MiniOzoneClusterImpl.java:lambda$waitForClusterToBeReady$0(219)) - Waiting for cluster to exit safe mode
2022-11-07 13:36:18,900 [Listener at 127.0.0.1/35081] INFO  ozone.MiniOzoneClusterImpl (MiniOzoneClusterImpl.java:lambda$waitForClusterToBeReady$0(221)) - SCM became leader
2022-11-07 13:36:18,942 [EndpointStateMachine task thread for /0.0.0.0:43763 - 0 ] INFO  utils.DatanodeStoreCache (DatanodeStoreCache.java:addDB(58)) - Added db /home/runner/work/ozone/ozone/hadoop-ozone/integration-test/target/test-dir/MiniOzoneClusterImpl-379115e4-4d75-40c4-81a6-8e72fe3ed5e1/datanode-6/data-0/containers/hdds/379115e4-4d75-40c4-81a6-8e72fe3ed5e1/DS-e6e48bf8-b112-4cfa-b59d-8dccf8264f3e/container.db to cache
2022-11-07 13:36:18,944 [EndpointStateMachine task thread for /0.0.0.0:43763 - 0 ] INFO  volume.HddsVolume (HddsVolume.java:createDbStore(307)) - SchemaV3 db is created and loaded at /home/runner/work/ozone/ozone/hadoop-ozone/integration-test/target/test-dir/MiniOzoneClusterImpl-379115e4-4d75-40c4-81a6-8e72fe3ed5e1/datanode-6/data-0/containers/hdds/379115e4-4d75-40c4-81a6-8e72fe3ed5e1/DS-e6e48bf8-b112-4cfa-b59d-8dccf8264f3e/container.db for volume DS-e6e48bf8-b112-4cfa-b59d-8dccf8264f3e
2022-11-07 13:36:18,944 [EndpointStateMachine task thread for /0.0.0.0:43763 - 0 ] INFO  ozoneimpl.OzoneContainer (OzoneContainer.java:start(378)) - Attempting to start container services.
2022-11-07 13:36:18,944 [EndpointStateMachine task thread for /0.0.0.0:43763 - 0 ] INFO  ozoneimpl.OzoneContainer (OzoneContainer.java:startContainerScrub(313)) - Background container scanner has been disabled.
2022-11-07 13:36:18,948 [EndpointStateMachine task thread for /0.0.0.0:43763 - 0 ] INFO  replication.ReplicationServer (ReplicationServer.java:start(111)) - ReplicationServer is started using port 36725
2022-11-07 13:36:18,949 [EndpointStateMachine task thread for /0.0.0.0:43763 - 0 ] INFO  ratis.XceiverServerRatis (XceiverServerRatis.java:start(481)) - Starting XceiverServerRatis 907bbffb-998f-490f-b661-afd63a8cee1b
2022-11-07 13:36:18,949 [EndpointStateMachine task thread for /0.0.0.0:43763 - 0 ] INFO  server.RaftServer (RaftServerProxy.java:startImpl(393)) - 907bbffb-998f-490f-b661-afd63a8cee1b: start RPC server
2022-11-07 13:36:18,952 [EndpointStateMachine task thread for /0.0.0.0:43763 - 0 ] INFO  server.GrpcService (GrpcService.java:startImpl(270)) - 907bbffb-998f-490f-b661-afd63a8cee1b: GrpcService started, listening on 44989
2022-11-07 13:36:18,953 [EndpointStateMachine task thread for /0.0.0.0:43763 - 0 ] INFO  ratis.XceiverServerRatis (XceiverServerRatis.java:getRealPort(502)) - XceiverServerRatis 907bbffb-998f-490f-b661-afd63a8cee1b is started using port 44989 for RATIS
2022-11-07 13:36:18,953 [JvmPauseMonitor7] INFO  util.JvmPauseMonitor (JvmPauseMonitor.java:run(105)) - JvmPauseMonitor-907bbffb-998f-490f-b661-afd63a8cee1b: Started
2022-11-07 13:36:18,953 [EndpointStateMachine task thread for /0.0.0.0:43763 - 0 ] INFO  ratis.XceiverServerRatis (XceiverServerRatis.java:getRealPort(502)) - XceiverServerRatis 907bbffb-998f-490f-b661-afd63a8cee1b is started using port 44989 for RATIS_ADMIN
2022-11-07 13:36:18,953 [EndpointStateMachine task thread for /0.0.0.0:43763 - 0 ] INFO  ratis.XceiverServerRatis (XceiverServerRatis.java:getRealPort(502)) - XceiverServerRatis 907bbffb-998f-490f-b661-afd63a8cee1b is started using port 44989 for RATIS_SERVER
2022-11-07 13:36:18,954 [EndpointStateMachine task thread for /0.0.0.0:43763 - 0 ] INFO  server.XceiverServerGrpc (XceiverServerGrpc.java:start(180)) - XceiverServerGrpc 907bbffb-998f-490f-b661-afd63a8cee1b is started using port 36269
2022-11-07 13:36:19,229 [IPC Server handler 1 on default port 43763] INFO  net.NetworkTopologyImpl (NetworkTopologyImpl.java:add(112)) - Added a new node: /default-rack/ea7a942f-a5e8-4e3a-a5fc-4bf2947a514d
2022-11-07 13:36:19,229 [IPC Server handler 1 on default port 43763] INFO  node.SCMNodeManager (SCMNodeManager.java:register(397)) - Registered Data node : ea7a942f-a5e8-4e3a-a5fc-4bf2947a514d{ip: 10.1.0.230, host: fv-az424-534.i1gjr3zuz4qevjy1zin2gin2ih.gx.internal.cloudapp.net, ports: [REPLICATION=33409, RATIS=42367, RATIS_ADMIN=42367, RATIS_SERVER=42367, STANDALONE=46675], networkLocation: /default-rack, certSerialId: null, persistedOpState: null, persistedOpStateExpiryEpochSec: 0}
2022-11-07 13:36:19,229 [EventQueue-NodeRegistrationContainerReportForDataNodeSafeModeRule] INFO  safemode.SCMSafeModeManager (DataNodeSafeModeRule.java:process(71)) - SCM in safe mode. 2 DataNodes registered, 3 required.
2022-11-07 13:36:19,230 [EventQueue-NewNodeForNewNodeHandler] INFO  pipeline.BackgroundPipelineCreator (BackgroundPipelineCreator.java:notifyEventTriggered(276)) - trigger a one-shot run on RatisPipelineUtilsThread.
2022-11-07 13:36:19,231 [RatisPipelineUtilsThread - 0] INFO  pipeline.RatisPipelineProvider (RatisPipelineProvider.java:lambda$create$0(195)) - Sending CreatePipelineCommand for pipeline:PipelineID=49234118-99e5-463e-b0c7-199cce9438a6 to datanode:ea7a942f-a5e8-4e3a-a5fc-4bf2947a514d
2022-11-07 13:36:19,231 [RatisPipelineUtilsThread - 0] INFO  pipeline.PipelineStateManagerImpl (PipelineStateManagerImpl.java:addPipeline(103)) - Created pipeline Pipeline[ Id: 49234118-99e5-463e-b0c7-199cce9438a6, Nodes: ea7a942f-a5e8-4e3a-a5fc-4bf2947a514d{ip: 10.1.0.230, host: fv-az424-534.i1gjr3zuz4qevjy1zin2gin2ih.gx.internal.cloudapp.net, ports: [REPLICATION=33409, RATIS=42367, RATIS_ADMIN=42367, RATIS_SERVER=42367, STANDALONE=46675], networkLocation: /default-rack, certSerialId: null, persistedOpState: IN_SERVICE, persistedOpStateExpiryEpochSec: 0}, ReplicationConfig: RATIS/ONE, State:ALLOCATED, leaderId:, CreationTimestamp2022-11-07T13:36:19.231Z[Etc/UTC]].
2022-11-07 13:36:19,619 [IPC Server handler 14 on default port 43763] INFO  net.NetworkTopologyImpl (NetworkTopologyImpl.java:add(112)) - Added a new node: /default-rack/6c65cbd1-29d4-4a5b-900f-42154dc8d1b5
2022-11-07 13:36:19,619 [IPC Server handler 14 on default port 43763] INFO  node.SCMNodeManager (SCMNodeManager.java:register(397)) - Registered Data node : 6c65cbd1-29d4-4a5b-900f-42154dc8d1b5{ip: 10.1.0.230, host: fv-az424-534.i1gjr3zuz4qevjy1zin2gin2ih.gx.internal.cloudapp.net, ports: [REPLICATION=37975, RATIS=38377, RATIS_ADMIN=38377, RATIS_SERVER=38377, STANDALONE=45313], networkLocation: /default-rack, certSerialId: null, persistedOpState: null, persistedOpStateExpiryEpochSec: 0}
2022-11-07 13:36:19,619 [EventQueue-NewNodeForNewNodeHandler] INFO  pipeline.BackgroundPipelineCreator (BackgroundPipelineCreator.java:notifyEventTriggered(276)) - trigger a one-shot run on RatisPipelineUtilsThread.
2022-11-07 13:36:19,621 [EventQueue-NodeRegistrationContainerReportForDataNodeSafeModeRule] INFO  safemode.SCMSafeModeManager (DataNodeSafeModeRule.java:process(71)) - SCM in safe mode. 3 DataNodes registered, 3 required.
2022-11-07 13:36:19,621 [EventQueue-NodeRegistrationContainerReportForDataNodeSafeModeRule] INFO  safemode.SCMSafeModeManager (SCMSafeModeManager.java:validateSafeModeExitRules(204)) - DataNodeSafeModeRule rule is successfully validated
2022-11-07 13:36:19,621 [EventQueue-NodeRegistrationContainerReportForDataNodeSafeModeRule] INFO  safemode.SCMSafeModeManager (SCMSafeModeManager.java:completePreCheck(233)) - All SCM safe mode pre check rules have passed
2022-11-07 13:36:19,621 [EventQueue-NodeRegistrationContainerReportForDataNodeSafeModeRule] WARN  events.EventQueue (EventQueue.java:fireEvent(216)) - No event handler registered for event TypedEvent{payloadType=SafeModeStatus, name='Safe mode status'}
2022-11-07 13:36:19,621 [EventQueue-NodeRegistrationContainerReportForDataNodeSafeModeRule] INFO  ha.SCMContext (SCMContext.java:updateSafeModeStatus(228)) - Update SafeModeStatus from SafeModeStatus{safeModeStatus=true, preCheckPassed=false} to SafeModeStatus{safeModeStatus=true, preCheckPassed=true}.
2022-11-07 13:36:19,621 [RatisPipelineUtilsThread - 0] INFO  pipeline.RatisPipelineProvider (RatisPipelineProvider.java:lambda$create$0(195)) - Sending CreatePipelineCommand for pipeline:PipelineID=be8e6e46-7591-4529-a285-1c8394a1c630 to datanode:6c65cbd1-29d4-4a5b-900f-42154dc8d1b5
2022-11-07 13:36:19,622 [RatisPipelineUtilsThread - 0] INFO  pipeline.PipelineStateManagerImpl (PipelineStateManagerImpl.java:addPipeline(103)) - Created pipeline Pipeline[ Id: be8e6e46-7591-4529-a285-1c8394a1c630, Nodes: 6c65cbd1-29d4-4a5b-900f-42154dc8d1b5{ip: 10.1.0.230, host: fv-az424-534.i1gjr3zuz4qevjy1zin2gin2ih.gx.internal.cloudapp.net, ports: [REPLICATION=37975, RATIS=38377, RATIS_ADMIN=38377, RATIS_SERVER=38377, STANDALONE=45313], networkLocation: /default-rack, certSerialId: null, persistedOpState: IN_SERVICE, persistedOpStateExpiryEpochSec: 0}, ReplicationConfig: RATIS/ONE, State:ALLOCATED, leaderId:, CreationTimestamp2022-11-07T13:36:19.621Z[Etc/UTC]].
2022-11-07 13:36:19,621 [EventQueue-NodeRegistrationContainerReportForDataNodeSafeModeRule] INFO  pipeline.BackgroundPipelineCreator (BackgroundPipelineCreator.java:notifyEventTriggered(276)) - trigger a one-shot run on RatisPipelineUtilsThread.
2022-11-07 13:36:19,626 [RatisPipelineUtilsThread - 0] INFO  pipeline.RatisPipelineProvider (RatisPipelineProvider.java:lambda$create$0(195)) - Sending CreatePipelineCommand for pipeline:PipelineID=d0b485ca-373b-4e6d-abe6-9ad7c3ccb44a to datanode:6c65cbd1-29d4-4a5b-900f-42154dc8d1b5
2022-11-07 13:36:19,626 [RatisPipelineUtilsThread - 0] INFO  pipeline.RatisPipelineProvider (RatisPipelineProvider.java:lambda$create$0(195)) - Sending CreatePipelineCommand for pipeline:PipelineID=d0b485ca-373b-4e6d-abe6-9ad7c3ccb44a to datanode:178fd6cf-24a3-4e48-92ee-e3f3e7c66fbe
2022-11-07 13:36:19,626 [RatisPipelineUtilsThread - 0] INFO  pipeline.RatisPipelineProvider (RatisPipelineProvider.java:lambda$create$0(195)) - Sending CreatePipelineCommand for pipeline:PipelineID=d0b485ca-373b-4e6d-abe6-9ad7c3ccb44a to datanode:ea7a942f-a5e8-4e3a-a5fc-4bf2947a514d
2022-11-07 13:36:19,627 [RatisPipelineUtilsThread - 0] INFO  pipeline.PipelineStateManagerImpl (PipelineStateManagerImpl.java:addPipeline(103)) - Created pipeline Pipeline[ Id: d0b485ca-373b-4e6d-abe6-9ad7c3ccb44a, Nodes: 6c65cbd1-29d4-4a5b-900f-42154dc8d1b5{ip: 10.1.0.230, host: fv-az424-534.i1gjr3zuz4qevjy1zin2gin2ih.gx.internal.cloudapp.net, ports: [REPLICATION=37975, RATIS=38377, RATIS_ADMIN=38377, RATIS_SERVER=38377, STANDALONE=45313], networkLocation: /default-rack, certSerialId: null, persistedOpState: IN_SERVICE, persistedOpStateExpiryEpochSec: 0}178fd6cf-24a3-4e48-92ee-e3f3e7c66fbe{ip: 10.1.0.230, host: fv-az424-534.i1gjr3zuz4qevjy1zin2gin2ih.gx.internal.cloudapp.net, ports: [REPLICATION=44927, RATIS=44445, RATIS_ADMIN=44445, RATIS_SERVER=44445, STANDALONE=35209], networkLocation: /default-rack, certSerialId: null, persistedOpState: IN_SERVICE, persistedOpStateExpiryEpochSec: 0}ea7a942f-a5e8-4e3a-a5fc-4bf2947a514d{ip: 10.1.0.230, host: fv-az424-534.i1gjr3zuz4qevjy1zin2gin2ih.gx.internal.cloudapp.net, ports: [REPLICATION=33409, RATIS=42367, RATIS_ADMIN=42367, RATIS_SERVER=42367, STANDALONE=46675], networkLocation: /default-rack, certSerialId: null, persistedOpState: IN_SERVICE, persistedOpStateExpiryEpochSec: 0}, ReplicationConfig: RATIS/THREE, State:ALLOCATED, leaderId:, CreationTimestamp2022-11-07T13:36:19.625Z[Etc/UTC]].
2022-11-07 13:36:19,628 [RatisPipelineUtilsThread - 0] INFO  pipeline.RatisPipelineProvider (RatisPipelineProvider.java:lambda$create$0(195)) - Sending CreatePipelineCommand for pipeline:PipelineID=1d5b93f7-4d28-445a-8097-9b4eab97f8f6 to datanode:6c65cbd1-29d4-4a5b-900f-42154dc8d1b5
2022-11-07 13:36:19,628 [RatisPipelineUtilsThread - 0] INFO  pipeline.RatisPipelineProvider (RatisPipelineProvider.java:lambda$create$0(195)) - Sending CreatePipelineCommand for pipeline:PipelineID=1d5b93f7-4d28-445a-8097-9b4eab97f8f6 to datanode:178fd6cf-24a3-4e48-92ee-e3f3e7c66fbe
2022-11-07 13:36:19,628 [RatisPipelineUtilsThread - 0] INFO  pipeline.RatisPipelineProvider (RatisPipelineProvider.java:lambda$create$0(195)) - Sending CreatePipelineCommand for pipeline:PipelineID=1d5b93f7-4d28-445a-8097-9b4eab97f8f6 to datanode:ea7a942f-a5e8-4e3a-a5fc-4bf2947a514d
2022-11-07 13:36:19,629 [RatisPipelineUtilsThread - 0] INFO  pipeline.PipelineStateManagerImpl (PipelineStateManagerImpl.java:addPipeline(103)) - Created pipeline Pipeline[ Id: 1d5b93f7-4d28-445a-8097-9b4eab97f8f6, Nodes: 6c65cbd1-29d4-4a5b-900f-42154dc8d1b5{ip: 10.1.0.230, host: fv-az424-534.i1gjr3zuz4qevjy1zin2gin2ih.gx.internal.cloudapp.net, ports: [REPLICATION=37975, RATIS=38377, RATIS_ADMIN=38377, RATIS_SERVER=38377, STANDALONE=45313], networkLocation: /default-rack, certSerialId: null, persistedOpState: IN_SERVICE, persistedOpStateExpiryEpochSec: 0}178fd6cf-24a3-4e48-92ee-e3f3e7c66fbe{ip: 10.1.0.230, host: fv-az424-534.i1gjr3zuz4qevjy1zin2gin2ih.gx.internal.cloudapp.net, ports: [REPLICATION=44927, RATIS=44445, RATIS_ADMIN=44445, RATIS_SERVER=44445, STANDALONE=35209], networkLocation: /default-rack, certSerialId: null, persistedOpState: IN_SERVICE, persistedOpStateExpiryEpochSec: 0}ea7a942f-a5e8-4e3a-a5fc-4bf2947a514d{ip: 10.1.0.230, host: fv-az424-534.i1gjr3zuz4qevjy1zin2gin2ih.gx.internal.cloudapp.net, ports: [REPLICATION=33409, RATIS=42367, RATIS_ADMIN=42367, RATIS_SERVER=42367, STANDALONE=46675], networkLocation: /default-rack, certSerialId: null, persistedOpState: IN_SERVICE, persistedOpStateExpiryEpochSec: 0}, ReplicationConfig: RATIS/THREE, State:ALLOCATED, leaderId:, CreationTimestamp2022-11-07T13:36:19.628Z[Etc/UTC]].
2022-11-07 13:36:19,629 [RatisPipelineUtilsThread - 0] INFO  pipeline.PipelineManagerImpl (PipelineManagerImpl.java:recordMetricsForPipeline(826)) - Pipeline: PipelineID=1d5b93f7-4d28-445a-8097-9b4eab97f8f6 contains same datanodes as previous pipelines: PipelineID=d0b485ca-373b-4e6d-abe6-9ad7c3ccb44a nodeIds: 6c65cbd1-29d4-4a5b-900f-42154dc8d1b5, 178fd6cf-24a3-4e48-92ee-e3f3e7c66fbe, ea7a942f-a5e8-4e3a-a5fc-4bf2947a514d
2022-11-07 13:36:19,901 [Listener at 127.0.0.1/35081] INFO  ozone.MiniOzoneClusterImpl (MiniOzoneClusterImpl.java:lambda$waitForClusterToBeReady$0(216)) - Waiting for nodes to be ready. Got 3 of 7 DN Heartbeats.
2022-11-07 13:36:19,902 [Listener at 127.0.0.1/35081] INFO  ozone.MiniOzoneClusterImpl (MiniOzoneClusterImpl.java:lambda$waitForClusterToBeReady$0(219)) - Waiting for cluster to exit safe mode
2022-11-07 13:36:19,902 [Listener at 127.0.0.1/35081] INFO  ozone.MiniOzoneClusterImpl (MiniOzoneClusterImpl.java:lambda$waitForClusterToBeReady$0(221)) - SCM became leader
2022-11-07 13:36:19,942 [IPC Server handler 1 on default port 43763] INFO  net.NetworkTopologyImpl (NetworkTopologyImpl.java:add(112)) - Added a new node: /default-rack/beab5ca2-a546-402b-a260-2b44d337a1b6
2022-11-07 13:36:19,943 [IPC Server handler 1 on default port 43763] INFO  node.SCMNodeManager (SCMNodeManager.java:register(397)) - Registered Data node : beab5ca2-a546-402b-a260-2b44d337a1b6{ip: 10.1.0.230, host: fv-az424-534.i1gjr3zuz4qevjy1zin2gin2ih.gx.internal.cloudapp.net, ports: [REPLICATION=39613, RATIS=40785, RATIS_ADMIN=40785, RATIS_SERVER=40785, STANDALONE=46599], networkLocation: /default-rack, certSerialId: null, persistedOpState: null, persistedOpStateExpiryEpochSec: 0}
2022-11-07 13:36:19,943 [EventQueue-NewNodeForNewNodeHandler] INFO  pipeline.BackgroundPipelineCreator (BackgroundPipelineCreator.java:notifyEventTriggered(276)) - trigger a one-shot run on RatisPipelineUtilsThread.
2022-11-07 13:36:19,944 [RatisPipelineUtilsThread - 0] INFO  pipeline.RatisPipelineProvider (RatisPipelineProvider.java:lambda$create$0(195)) - Sending CreatePipelineCommand for pipeline:PipelineID=d8c39f88-c01b-4b7d-b89b-c6a553f45d02 to datanode:beab5ca2-a546-402b-a260-2b44d337a1b6
2022-11-07 13:36:19,945 [RatisPipelineUtilsThread - 0] INFO  pipeline.PipelineStateManagerImpl (PipelineStateManagerImpl.java:addPipeline(103)) - Created pipeline Pipeline[ Id: d8c39f88-c01b-4b7d-b89b-c6a553f45d02, Nodes: beab5ca2-a546-402b-a260-2b44d337a1b6{ip: 10.1.0.230, host: fv-az424-534.i1gjr3zuz4qevjy1zin2gin2ih.gx.internal.cloudapp.net, ports: [REPLICATION=39613, RATIS=40785, RATIS_ADMIN=40785, RATIS_SERVER=40785, STANDALONE=46599], networkLocation: /default-rack, certSerialId: null, persistedOpState: IN_SERVICE, persistedOpStateExpiryEpochSec: 0}, ReplicationConfig: RATIS/ONE, State:ALLOCATED, leaderId:, CreationTimestamp2022-11-07T13:36:19.944Z[Etc/UTC]].
2022-11-07 13:36:20,254 [IPC Server handler 11 on default port 43763] INFO  net.NetworkTopologyImpl (NetworkTopologyImpl.java:add(112)) - Added a new node: /default-rack/f44b5222-54a3-4c74-8058-5f7be961e458
2022-11-07 13:36:20,254 [IPC Server handler 11 on default port 43763] INFO  node.SCMNodeManager (SCMNodeManager.java:register(397)) - Registered Data node : f44b5222-54a3-4c74-8058-5f7be961e458{ip: 10.1.0.230, host: fv-az424-534.i1gjr3zuz4qevjy1zin2gin2ih.gx.internal.cloudapp.net, ports: [REPLICATION=46705, RATIS=46269, RATIS_ADMIN=46269, RATIS_SERVER=46269, STANDALONE=33407], networkLocation: /default-rack, certSerialId: null, persistedOpState: null, persistedOpStateExpiryEpochSec: 0}
2022-11-07 13:36:20,255 [EventQueue-NewNodeForNewNodeHandler] INFO  pipeline.BackgroundPipelineCreator (BackgroundPipelineCreator.java:notifyEventTriggered(276)) - trigger a one-shot run on RatisPipelineUtilsThread.
2022-11-07 13:36:20,257 [RatisPipelineUtilsThread - 0] INFO  pipeline.RatisPipelineProvider (RatisPipelineProvider.java:lambda$create$0(195)) - Sending CreatePipelineCommand for pipeline:PipelineID=2ec167ac-a17a-424e-b570-fe1280eb22fa to datanode:f44b5222-54a3-4c74-8058-5f7be961e458
2022-11-07 13:36:20,257 [RatisPipelineUtilsThread - 0] INFO  pipeline.PipelineStateManagerImpl (PipelineStateManagerImpl.java:addPipeline(103)) - Created pipeline Pipeline[ Id: 2ec167ac-a17a-424e-b570-fe1280eb22fa, Nodes: f44b5222-54a3-4c74-8058-5f7be961e458{ip: 10.1.0.230, host: fv-az424-534.i1gjr3zuz4qevjy1zin2gin2ih.gx.internal.cloudapp.net, ports: [REPLICATION=46705, RATIS=46269, RATIS_ADMIN=46269, RATIS_SERVER=46269, STANDALONE=33407], networkLocation: /default-rack, certSerialId: null, persistedOpState: IN_SERVICE, persistedOpStateExpiryEpochSec: 0}, ReplicationConfig: RATIS/ONE, State:ALLOCATED, leaderId:, CreationTimestamp2022-11-07T13:36:20.256Z[Etc/UTC]].
2022-11-07 13:36:20,576 [IPC Server handler 2 on default port 43763] INFO  net.NetworkTopologyImpl (NetworkTopologyImpl.java:add(112)) - Added a new node: /default-rack/4d74b558-d58f-4526-92bd-479b7c3e5b6d
2022-11-07 13:36:20,577 [IPC Server handler 2 on default port 43763] INFO  node.SCMNodeManager (SCMNodeManager.java:register(397)) - Registered Data node : 4d74b558-d58f-4526-92bd-479b7c3e5b6d{ip: 10.1.0.230, host: fv-az424-534.i1gjr3zuz4qevjy1zin2gin2ih.gx.internal.cloudapp.net, ports: [REPLICATION=44557, RATIS=37651, RATIS_ADMIN=37651, RATIS_SERVER=37651, STANDALONE=38649], networkLocation: /default-rack, certSerialId: null, persistedOpState: null, persistedOpStateExpiryEpochSec: 0}
2022-11-07 13:36:20,577 [EventQueue-NewNodeForNewNodeHandler] INFO  pipeline.BackgroundPipelineCreator (BackgroundPipelineCreator.java:notifyEventTriggered(276)) - trigger a one-shot run on RatisPipelineUtilsThread.
2022-11-07 13:36:20,579 [RatisPipelineUtilsThread - 0] INFO  pipeline.RatisPipelineProvider (RatisPipelineProvider.java:lambda$create$0(195)) - Sending CreatePipelineCommand for pipeline:PipelineID=4d3df89e-1a49-4fb9-b126-57e3af7b6218 to datanode:4d74b558-d58f-4526-92bd-479b7c3e5b6d
2022-11-07 13:36:20,580 [RatisPipelineUtilsThread - 0] INFO  pipeline.PipelineStateManagerImpl (PipelineStateManagerImpl.java:addPipeline(103)) - Created pipeline Pipeline[ Id: 4d3df89e-1a49-4fb9-b126-57e3af7b6218, Nodes: 4d74b558-d58f-4526-92bd-479b7c3e5b6d{ip: 10.1.0.230, host: fv-az424-534.i1gjr3zuz4qevjy1zin2gin2ih.gx.internal.cloudapp.net, ports: [REPLICATION=44557, RATIS=37651, RATIS_ADMIN=37651, RATIS_SERVER=37651, STANDALONE=38649], networkLocation: /default-rack, certSerialId: null, persistedOpState: IN_SERVICE, persistedOpStateExpiryEpochSec: 0}, ReplicationConfig: RATIS/ONE, State:ALLOCATED, leaderId:, CreationTimestamp2022-11-07T13:36:20.579Z[Etc/UTC]].
2022-11-07 13:36:20,581 [RatisPipelineUtilsThread - 0] INFO  pipeline.RatisPipelineProvider (RatisPipelineProvider.java:lambda$create$0(195)) - Sending CreatePipelineCommand for pipeline:PipelineID=684d98b7-07ac-4373-9bbb-5c8b4b862ce8 to datanode:f44b5222-54a3-4c74-8058-5f7be961e458
2022-11-07 13:36:20,581 [RatisPipelineUtilsThread - 0] INFO  pipeline.RatisPipelineProvider (RatisPipelineProvider.java:lambda$create$0(195)) - Sending CreatePipelineCommand for pipeline:PipelineID=684d98b7-07ac-4373-9bbb-5c8b4b862ce8 to datanode:4d74b558-d58f-4526-92bd-479b7c3e5b6d
2022-11-07 13:36:20,581 [RatisPipelineUtilsThread - 0] INFO  pipeline.RatisPipelineProvider (RatisPipelineProvider.java:lambda$create$0(195)) - Sending CreatePipelineCommand for pipeline:PipelineID=684d98b7-07ac-4373-9bbb-5c8b4b862ce8 to datanode:beab5ca2-a546-402b-a260-2b44d337a1b6
2022-11-07 13:36:20,581 [RatisPipelineUtilsThread - 0] INFO  pipeline.PipelineStateManagerImpl (PipelineStateManagerImpl.java:addPipeline(103)) - Created pipeline Pipeline[ Id: 684d98b7-07ac-4373-9bbb-5c8b4b862ce8, Nodes: f44b5222-54a3-4c74-8058-5f7be961e458{ip: 10.1.0.230, host: fv-az424-534.i1gjr3zuz4qevjy1zin2gin2ih.gx.internal.cloudapp.net, ports: [REPLICATION=46705, RATIS=46269, RATIS_ADMIN=46269, RATIS_SERVER=46269, STANDALONE=33407], networkLocation: /default-rack, certSerialId: null, persistedOpState: IN_SERVICE, persistedOpStateExpiryEpochSec: 0}4d74b558-d58f-4526-92bd-479b7c3e5b6d{ip: 10.1.0.230, host: fv-az424-534.i1gjr3zuz4qevjy1zin2gin2ih.gx.internal.cloudapp.net, ports: [REPLICATION=44557, RATIS=37651, RATIS_ADMIN=37651, RATIS_SERVER=37651, STANDALONE=38649], networkLocation: /default-rack, certSerialId: null, persistedOpState: IN_SERVICE, persistedOpStateExpiryEpochSec: 0}beab5ca2-a546-402b-a260-2b44d337a1b6{ip: 10.1.0.230, host: fv-az424-534.i1gjr3zuz4qevjy1zin2gin2ih.gx.internal.cloudapp.net, ports: [REPLICATION=39613, RATIS=40785, RATIS_ADMIN=40785, RATIS_SERVER=40785, STANDALONE=46599], networkLocation: /default-rack, certSerialId: null, persistedOpState: IN_SERVICE, persistedOpStateExpiryEpochSec: 0}, ReplicationConfig: RATIS/THREE, State:ALLOCATED, leaderId:, CreationTimestamp2022-11-07T13:36:20.581Z[Etc/UTC]].
2022-11-07 13:36:20,582 [RatisPipelineUtilsThread - 0] INFO  pipeline.RatisPipelineProvider (RatisPipelineProvider.java:lambda$create$0(195)) - Sending CreatePipelineCommand for pipeline:PipelineID=852bd3f1-67b1-4a6c-94da-097c8de22d6c to datanode:4d74b558-d58f-4526-92bd-479b7c3e5b6d
2022-11-07 13:36:20,582 [RatisPipelineUtilsThread - 0] INFO  pipeline.RatisPipelineProvider (RatisPipelineProvider.java:lambda$create$0(195)) - Sending CreatePipelineCommand for pipeline:PipelineID=852bd3f1-67b1-4a6c-94da-097c8de22d6c to datanode:f44b5222-54a3-4c74-8058-5f7be961e458
2022-11-07 13:36:20,582 [RatisPipelineUtilsThread - 0] INFO  pipeline.RatisPipelineProvider (RatisPipelineProvider.java:lambda$create$0(195)) - Sending CreatePipelineCommand for pipeline:PipelineID=852bd3f1-67b1-4a6c-94da-097c8de22d6c to datanode:beab5ca2-a546-402b-a260-2b44d337a1b6
2022-11-07 13:36:20,583 [RatisPipelineUtilsThread - 0] INFO  pipeline.PipelineStateManagerImpl (PipelineStateManagerImpl.java:addPipeline(103)) - Created pipeline Pipeline[ Id: 852bd3f1-67b1-4a6c-94da-097c8de22d6c, Nodes: 4d74b558-d58f-4526-92bd-479b7c3e5b6d{ip: 10.1.0.230, host: fv-az424-534.i1gjr3zuz4qevjy1zin2gin2ih.gx.internal.cloudapp.net, ports: [REPLICATION=44557, RATIS=37651, RATIS_ADMIN=37651, RATIS_SERVER=37651, STANDALONE=38649], networkLocation: /default-rack, certSerialId: null, persistedOpState: IN_SERVICE, persistedOpStateExpiryEpochSec: 0}f44b5222-54a3-4c74-8058-5f7be961e458{ip: 10.1.0.230, host: fv-az424-534.i1gjr3zuz4qevjy1zin2gin2ih.gx.internal.cloudapp.net, ports: [REPLICATION=46705, RATIS=46269, RATIS_ADMIN=46269, RATIS_SERVER=46269, STANDALONE=33407], networkLocation: /default-rack, certSerialId: null, persistedOpState: IN_SERVICE, persistedOpStateExpiryEpochSec: 0}beab5ca2-a546-402b-a260-2b44d337a1b6{ip: 10.1.0.230, host: fv-az424-534.i1gjr3zuz4qevjy1zin2gin2ih.gx.internal.cloudapp.net, ports: [REPLICATION=39613, RATIS=40785, RATIS_ADMIN=40785, RATIS_SERVER=40785, STANDALONE=46599], networkLocation: /default-rack, certSerialId: null, persistedOpState: IN_SERVICE, persistedOpStateExpiryEpochSec: 0}, ReplicationConfig: RATIS/THREE, State:ALLOCATED, leaderId:, CreationTimestamp2022-11-07T13:36:20.582Z[Etc/UTC]].
2022-11-07 13:36:20,583 [RatisPipelineUtilsThread - 0] INFO  pipeline.PipelineManagerImpl (PipelineManagerImpl.java:recordMetricsForPipeline(826)) - Pipeline: PipelineID=852bd3f1-67b1-4a6c-94da-097c8de22d6c contains same datanodes as previous pipelines: PipelineID=684d98b7-07ac-4373-9bbb-5c8b4b862ce8 nodeIds: 4d74b558-d58f-4526-92bd-479b7c3e5b6d, f44b5222-54a3-4c74-8058-5f7be961e458, beab5ca2-a546-402b-a260-2b44d337a1b6
2022-11-07 13:36:20,902 [Listener at 127.0.0.1/35081] INFO  ozone.MiniOzoneClusterImpl (MiniOzoneClusterImpl.java:lambda$waitForClusterToBeReady$0(216)) - Waiting for nodes to be ready. Got 6 of 7 DN Heartbeats.
2022-11-07 13:36:20,904 [Listener at 127.0.0.1/35081] INFO  ozone.MiniOzoneClusterImpl (MiniOzoneClusterImpl.java:lambda$waitForClusterToBeReady$0(219)) - Waiting for cluster to exit safe mode
2022-11-07 13:36:20,904 [Listener at 127.0.0.1/35081] INFO  ozone.MiniOzoneClusterImpl (MiniOzoneClusterImpl.java:lambda$waitForClusterToBeReady$0(221)) - SCM became leader
2022-11-07 13:36:20,910 [IPC Server handler 1 on default port 43763] INFO  net.NetworkTopologyImpl (NetworkTopologyImpl.java:add(112)) - Added a new node: /default-rack/907bbffb-998f-490f-b661-afd63a8cee1b
2022-11-07 13:36:20,910 [IPC Server handler 1 on default port 43763] INFO  node.SCMNodeManager (SCMNodeManager.java:register(397)) - Registered Data node : 907bbffb-998f-490f-b661-afd63a8cee1b{ip: 10.1.0.230, host: fv-az424-534.i1gjr3zuz4qevjy1zin2gin2ih.gx.internal.cloudapp.net, ports: [REPLICATION=36725, RATIS=44989, RATIS_ADMIN=44989, RATIS_SERVER=44989, STANDALONE=36269], networkLocation: /default-rack, certSerialId: null, persistedOpState: null, persistedOpStateExpiryEpochSec: 0}
2022-11-07 13:36:20,911 [EventQueue-NewNodeForNewNodeHandler] INFO  pipeline.BackgroundPipelineCreator (BackgroundPipelineCreator.java:notifyEventTriggered(276)) - trigger a one-shot run on RatisPipelineUtilsThread.
2022-11-07 13:36:20,911 [RatisPipelineUtilsThread - 0] INFO  pipeline.RatisPipelineProvider (RatisPipelineProvider.java:lambda$create$0(195)) - Sending CreatePipelineCommand for pipeline:PipelineID=5e4dab85-e8c5-43a2-ba86-293e5b2bcdb5 to datanode:907bbffb-998f-490f-b661-afd63a8cee1b
2022-11-07 13:36:20,912 [RatisPipelineUtilsThread - 0] INFO  pipeline.PipelineStateManagerImpl (PipelineStateManagerImpl.java:addPipeline(103)) - Created pipeline Pipeline[ Id: 5e4dab85-e8c5-43a2-ba86-293e5b2bcdb5, Nodes: 907bbffb-998f-490f-b661-afd63a8cee1b{ip: 10.1.0.230, host: fv-az424-534.i1gjr3zuz4qevjy1zin2gin2ih.gx.internal.cloudapp.net, ports: [REPLICATION=36725, RATIS=44989, RATIS_ADMIN=44989, RATIS_SERVER=44989, STANDALONE=36269], networkLocation: /default-rack, certSerialId: null, persistedOpState: IN_SERVICE, persistedOpStateExpiryEpochSec: 0}, ReplicationConfig: RATIS/ONE, State:ALLOCATED, leaderId:, CreationTimestamp2022-11-07T13:36:20.911Z[Etc/UTC]].
2022-11-07 13:36:21,774 [Command processor thread] INFO  server.RaftServer (RaftServerProxy.java:addNew(96)) - 178fd6cf-24a3-4e48-92ee-e3f3e7c66fbe: addNew group-A4CD0EEB4C8D:[178fd6cf-24a3-4e48-92ee-e3f3e7c66fbe|rpc:10.1.0.230:44445|priority:1|startupRole:FOLLOWER] returns group-A4CD0EEB4C8D:java.util.concurrent.CompletableFuture@18279f16[Not completed]
2022-11-07 13:36:21,784 [pool-72-thread-1] INFO  server.RaftServer$Division (RaftServerImpl.java:<init>(195)) - 178fd6cf-24a3-4e48-92ee-e3f3e7c66fbe: new RaftServerImpl for group-A4CD0EEB4C8D:[178fd6cf-24a3-4e48-92ee-e3f3e7c66fbe|rpc:10.1.0.230:44445|priority:1|startupRole:FOLLOWER] with ContainerStateMachine:uninitialized
2022-11-07 13:36:21,785 [pool-72-thread-1] INFO  server.RaftServerConfigKeys (ConfUtils.java:logGet(46)) - raft.server.rpc.timeout.min = 5s (custom)
2022-11-07 13:36:21,785 [pool-72-thread-1] INFO  server.RaftServerConfigKeys (ConfUtils.java:logGet(46)) - raft.server.rpc.timeout.max = 5200ms (custom)
2022-11-07 13:36:21,785 [pool-72-thread-1] INFO  server.RaftServerConfigKeys (ConfUtils.java:logGet(46)) - raft.server.rpc.sleep.time = 25ms (default)
2022-11-07 13:36:21,785 [pool-72-thread-1] INFO  server.RaftServerConfigKeys (ConfUtils.java:logGet(46)) - raft.server.rpc.slowness.timeout = 300s (custom)
2022-11-07 13:36:21,785 [pool-72-thread-1] INFO  server.RaftServerConfigKeys (ConfUtils.java:logGet(46)) - raft.server.leaderelection.leader.step-down.wait-time = 10s (default)
2022-11-07 13:36:21,785 [pool-72-thread-1] INFO  server.RaftServerConfigKeys (ConfUtils.java:logGet(46)) - raft.server.sleep.deviation.threshold = 300ms (default)
2022-11-07 13:36:21,785 [pool-72-thread-1] INFO  server.RaftServer$Division (ServerState.java:<init>(118)) - 178fd6cf-24a3-4e48-92ee-e3f3e7c66fbe@group-A4CD0EEB4C8D: ConfigurationManager, init=-1: peers:[178fd6cf-24a3-4e48-92ee-e3f3e7c66fbe|rpc:10.1.0.230:44445|priority:1|startupRole:FOLLOWER]|listeners:[], old=null, confs=<EMPTY_MAP>
2022-11-07 13:36:21,785 [pool-72-thread-1] INFO  server.RaftServerConfigKeys (ConfUtils.java:logGet(46)) - raft.server.storage.dir = [/home/runner/work/ozone/ozone/hadoop-ozone/integration-test/target/test-dir/MiniOzoneClusterImpl-379115e4-4d75-40c4-81a6-8e72fe3ed5e1/datanode-0/data/ratis] (custom)
2022-11-07 13:36:21,785 [pool-72-thread-1] INFO  server.RaftServerConfigKeys (ConfUtils.java:logGet(46)) - raft.server.log.corruption.policy = EXCEPTION (default)
2022-11-07 13:36:21,785 [pool-72-thread-1] INFO  server.RaftServerConfigKeys (ConfUtils.java:logGet(46)) - raft.server.storage.free-space.min = 0MB (=0) (default)
2022-11-07 13:36:21,786 [pool-72-thread-1] INFO  server.RaftServerConfigKeys (ConfUtils.java:logGet(46)) - raft.server.notification.no-leader.timeout = 300s (custom)
2022-11-07 13:36:21,786 [pool-72-thread-1] INFO  server.RaftServerConfigKeys (ConfUtils.java:logGet(46)) - raft.server.retrycache.expirytime = 600000ms (custom)
2022-11-07 13:36:21,786 [pool-72-thread-1] INFO  server.RaftServerConfigKeys (ConfUtils.java:logGet(46)) - raft.server.retrycache.statistics.expirytime = 100μs (default)
2022-11-07 13:36:21,791 [pool-72-thread-1] INFO  server.RaftServerConfigKeys (ConfUtils.java:logGet(46)) - raft.server.log.appender.install.snapshot.enabled = false (custom)
2022-11-07 13:36:21,791 [pool-72-thread-1] INFO  server.RaftServerConfigKeys (ConfUtils.java:logGet(46)) - raft.server.threadpool.server.cached = true (default)
2022-11-07 13:36:21,791 [pool-72-thread-1] INFO  server.RaftServerConfigKeys (ConfUtils.java:logGet(46)) - raft.server.threadpool.server.size = 0 (default)
2022-11-07 13:36:21,791 [pool-72-thread-1] INFO  server.RaftServerConfigKeys (ConfUtils.java:logGet(46)) - raft.server.threadpool.client.cached = true (default)
2022-11-07 13:36:21,791 [pool-72-thread-1] INFO  server.RaftServerConfigKeys (ConfUtils.java:logGet(46)) - raft.server.threadpool.client.size = 0 (default)
2022-11-07 13:36:21,792 [pool-72-thread-1] INFO  storage.RaftStorageDirectory (RaftStorageDirectoryImpl.java:analyzeStorage(137)) - The storage directory /home/runner/work/ozone/ozone/hadoop-ozone/integration-test/target/test-dir/MiniOzoneClusterImpl-379115e4-4d75-40c4-81a6-8e72fe3ed5e1/datanode-0/data/ratis/976594ac-6411-4ca8-84ef-a4cd0eeb4c8d does not exist. Creating ...
2022-11-07 13:36:21,797 [pool-72-thread-1] INFO  storage.RaftStorageDirectory (RaftStorageDirectoryImpl.java:tryLock(231)) - Lock on /home/runner/work/ozone/ozone/hadoop-ozone/integration-test/target/test-dir/MiniOzoneClusterImpl-379115e4-4d75-40c4-81a6-8e72fe3ed5e1/datanode-0/data/ratis/976594ac-6411-4ca8-84ef-a4cd0eeb4c8d/in_use.lock acquired by nodename 63149@fv-az424-534
2022-11-07 13:36:21,798 [pool-72-thread-1] INFO  storage.RaftStorage (RaftStorageImpl.java:format(96)) - Storage directory /home/runner/work/ozone/ozone/hadoop-ozone/integration-test/target/test-dir/MiniOzoneClusterImpl-379115e4-4d75-40c4-81a6-8e72fe3ed5e1/datanode-0/data/ratis/976594ac-6411-4ca8-84ef-a4cd0eeb4c8d has been successfully formatted.
2022-11-07 13:36:21,803 [pool-72-thread-1] INFO  ratis.ContainerStateMachine (ContainerStateMachine.java:loadSnapshot(236)) - group-A4CD0EEB4C8D: The snapshot info is null. Setting the last applied indexto:(t:0, i:~)
2022-11-07 13:36:21,803 [pool-72-thread-1] INFO  server.RaftServerConfigKeys (ConfUtils.java:logGet(46)) - raft.server.log.use.memory = false (default)
2022-11-07 13:36:21,803 [pool-72-thread-1] INFO  server.RaftServerConfigKeys (ConfUtils.java:logGet(46)) - raft.server.log.purge.gap = 1000000 (custom)
2022-11-07 13:36:21,803 [pool-72-thread-1] INFO  server.RaftServerConfigKeys (ConfUtils.java:logGet(46)) - raft.server.log.appender.buffer.byte-limit = 33554432 (custom)
2022-11-07 13:36:21,803 [pool-72-thread-1] INFO  server.RaftServerConfigKeys (ConfUtils.java:logGet(46)) - raft.server.log.statemachine.data.read.timeout = 1000ms (default)
2022-11-07 13:36:21,803 [pool-72-thread-1] INFO  server.RaftServerConfigKeys (ConfUtils.java:logGet(46)) - raft.server.log.purge.preservation.log.num = 0 (default)
2022-11-07 13:36:21,803 [pool-72-thread-1] INFO  server.RaftServerConfigKeys (ConfUtils.java:logGet(46)) - raft.server.log.segment.size.max = 1048576 (custom)
2022-11-07 13:36:21,805 [pool-72-thread-1] INFO  server.RaftServerConfigKeys (ConfUtils.java:logGet(46)) - raft.server.log.segment.cache.num.max = 2 (custom)
2022-11-07 13:36:21,805 [pool-72-thread-1] INFO  server.RaftServerConfigKeys (ConfUtils.java:logGet(46)) - raft.server.log.segment.cache.size.max = 200MB (=209715200) (default)
2022-11-07 13:36:21,805 [pool-72-thread-1] INFO  segmented.SegmentedRaftLogWorker (SegmentedRaftLogWorker.java:<init>(191)) - new 178fd6cf-24a3-4e48-92ee-e3f3e7c66fbe@group-A4CD0EEB4C8D-SegmentedRaftLogWorker for RaftStorageImpl:Storage Directory /home/runner/work/ozone/ozone/hadoop-ozone/integration-test/target/test-dir/MiniOzoneClusterImpl-379115e4-4d75-40c4-81a6-8e72fe3ed5e1/datanode-0/data/ratis/976594ac-6411-4ca8-84ef-a4cd0eeb4c8d
2022-11-07 13:36:21,805 [pool-72-thread-1] INFO  server.RaftServerConfigKeys (ConfUtils.java:logGet(46)) - raft.server.log.queue.byte-limit = 4294967296 (custom)
2022-11-07 13:36:21,805 [pool-72-thread-1] INFO  server.RaftServerConfigKeys (ConfUtils.java:logGet(46)) - raft.server.log.queue.element-limit = 1024 (custom)
2022-11-07 13:36:21,805 [pool-72-thread-1] INFO  server.RaftServerConfigKeys (ConfUtils.java:logGet(46)) - raft.server.log.segment.size.max = 1048576 (custom)
2022-11-07 13:36:21,805 [pool-72-thread-1] INFO  server.RaftServerConfigKeys (ConfUtils.java:logGet(46)) - raft.server.log.preallocated.size = 16384 (custom)
2022-11-07 13:36:21,805 [pool-72-thread-1] INFO  server.RaftServerConfigKeys (ConfUtils.java:logGet(46)) - raft.server.log.force.sync.num = 128 (default)
2022-11-07 13:36:21,805 [pool-72-thread-1] INFO  server.RaftServerConfigKeys (ConfUtils.java:logGet(46)) - raft.server.log.statemachine.data.sync = true (default)
2022-11-07 13:36:21,806 [pool-72-thread-1] INFO  server.RaftServerConfigKeys (ConfUtils.java:logGet(46)) - raft.server.log.statemachine.data.sync.timeout = 10s (default)
2022-11-07 13:36:21,806 [pool-72-thread-1] INFO  server.RaftServerConfigKeys (ConfUtils.java:logGet(46)) - raft.server.log.statemachine.data.sync.timeout.retry = -1 (default)
2022-11-07 13:36:21,808 [pool-72-thread-1] INFO  server.RaftServerConfigKeys (ConfUtils.java:logGet(46)) - raft.server.log.write.buffer.size = 1048576 (custom)
2022-11-07 13:36:21,809 [pool-72-thread-1] INFO  server.RaftServerConfigKeys (ConfUtils.java:logGet(46)) - raft.server.log.unsafe-flush.enabled = false (default)
2022-11-07 13:36:21,809 [pool-72-thread-1] INFO  server.RaftServerConfigKeys (ConfUtils.java:logGet(46)) - raft.server.log.async-flush.enabled = false (default)
2022-11-07 13:36:21,809 [pool-72-thread-1] INFO  server.RaftServerConfigKeys (ConfUtils.java:logGet(46)) - raft.server.log.statemachine.data.caching.enabled = true (custom)
2022-11-07 13:36:21,809 [pool-72-thread-1] INFO  segmented.SegmentedRaftLogWorker (SegmentedRaftLogWorker.java:lambda$new$0(136)) - 178fd6cf-24a3-4e48-92ee-e3f3e7c66fbe@group-A4CD0EEB4C8D-SegmentedRaftLogWorker: flushIndex: setUnconditionally 0 -> -1
2022-11-07 13:36:21,809 [pool-72-thread-1] INFO  segmented.SegmentedRaftLogWorker (SegmentedRaftLogWorker.java:lambda$new$0(136)) - 178fd6cf-24a3-4e48-92ee-e3f3e7c66fbe@group-A4CD0EEB4C8D-SegmentedRaftLogWorker: safeCacheEvictIndex: setUnconditionally 0 -> -1
2022-11-07 13:36:21,822 [pool-72-thread-1] INFO  server.RaftServer$Division (RaftServerImpl.java:start(334)) - 178fd6cf-24a3-4e48-92ee-e3f3e7c66fbe@group-A4CD0EEB4C8D: start as a follower, conf=-1: peers:[178fd6cf-24a3-4e48-92ee-e3f3e7c66fbe|rpc:10.1.0.230:44445|priority:1|startupRole:FOLLOWER]|listeners:[], old=null
2022-11-07 13:36:21,822 [pool-72-thread-1] INFO  server.RaftServer$Division (RaftServerImpl.java:setRole(321)) - 178fd6cf-24a3-4e48-92ee-e3f3e7c66fbe@group-A4CD0EEB4C8D: changes role from      null to FOLLOWER at term 0 for startAsFollower
2022-11-07 13:36:21,822 [pool-72-thread-1] INFO  impl.RoleInfo (RoleInfo.java:updateAndGet(139)) - 178fd6cf-24a3-4e48-92ee-e3f3e7c66fbe: start 178fd6cf-24a3-4e48-92ee-e3f3e7c66fbe@group-A4CD0EEB4C8D-FollowerState
2022-11-07 13:36:21,823 [EventQueue-PipelineReportForPipelineReportHandler] INFO  pipeline.PipelineManagerImpl (PipelineManagerImpl.java:openPipeline(367)) - Pipeline Pipeline[ Id: 976594ac-6411-4ca8-84ef-a4cd0eeb4c8d, Nodes: 178fd6cf-24a3-4e48-92ee-e3f3e7c66fbe{ip: 10.1.0.230, host: fv-az424-534.i1gjr3zuz4qevjy1zin2gin2ih.gx.internal.cloudapp.net, ports: [REPLICATION=44927, RATIS=44445, RATIS_ADMIN=44445, RATIS_SERVER=44445, STANDALONE=35209], networkLocation: /default-rack, certSerialId: null, persistedOpState: IN_SERVICE, persistedOpStateExpiryEpochSec: 0}, ReplicationConfig: RATIS/ONE, State:ALLOCATED, leaderId:178fd6cf-24a3-4e48-92ee-e3f3e7c66fbe, CreationTimestamp2022-11-07T13:36:18.782Z[Etc/UTC]] moved to OPEN state
2022-11-07 13:36:21,831 [178fd6cf-24a3-4e48-92ee-e3f3e7c66fbe@group-A4CD0EEB4C8D-FollowerState] INFO  server.RaftServerConfigKeys (ConfUtils.java:logFallback(53)) - raft.server.rpc.first-election.timeout.min = 5s (fallback to raft.server.rpc.timeout.min)
2022-11-07 13:36:21,830 [pool-72-thread-1] INFO  util.JmxRegister (JmxRegister.java:tryRegister(44)) - Successfully registered JMX Bean with object name Ratis:service=RaftServer,group=group-A4CD0EEB4C8D,id=178fd6cf-24a3-4e48-92ee-e3f3e7c66fbe
2022-11-07 13:36:21,834 [178fd6cf-24a3-4e48-92ee-e3f3e7c66fbe@group-A4CD0EEB4C8D-FollowerState] INFO  server.RaftServerConfigKeys (ConfUtils.java:logFallback(53)) - raft.server.rpc.first-election.timeout.max = 5200ms (fallback to raft.server.rpc.timeout.max)
2022-11-07 13:36:21,834 [pool-72-thread-1] INFO  server.RaftServerConfigKeys (ConfUtils.java:logGet(46)) - raft.server.snapshot.auto.trigger.enabled = true (custom)
2022-11-07 13:36:21,834 [pool-72-thread-1] INFO  server.RaftServerConfigKeys (ConfUtils.java:logGet(46)) - raft.server.snapshot.auto.trigger.threshold = 10000 (custom)
2022-11-07 13:36:21,834 [pool-72-thread-1] INFO  server.RaftServerConfigKeys (ConfUtils.java:logGet(46)) - raft.server.snapshot.retention.file.num = 5 (custom)
2022-11-07 13:36:21,835 [pool-72-thread-1] INFO  server.RaftServerConfigKeys (ConfUtils.java:logGet(46)) - raft.server.log.purge.upto.snapshot.index = false (default)
2022-11-07 13:36:21,844 [Command processor thread] INFO  ratis.XceiverServerRatis (XceiverServerRatis.java:addGroup(765)) - Created group PipelineID=976594ac-6411-4ca8-84ef-a4cd0eeb4c8d
2022-11-07 13:36:21,844 [Command processor thread] INFO  commandhandler.CreatePipelineCommandHandler (CreatePipelineCommandHandler.java:handle(113)) - Created Pipeline RATIS ONE PipelineID=976594ac-6411-4ca8-84ef-a4cd0eeb4c8d.
2022-11-07 13:36:21,844 [Command processor thread] INFO  server.RaftServer (RaftServerProxy.java:addNew(96)) - 178fd6cf-24a3-4e48-92ee-e3f3e7c66fbe: addNew group-9AD7C3CCB44A:[6c65cbd1-29d4-4a5b-900f-42154dc8d1b5|rpc:10.1.0.230:38377|priority:1|startupRole:FOLLOWER, 178fd6cf-24a3-4e48-92ee-e3f3e7c66fbe|rpc:10.1.0.230:44445|priority:0|startupRole:FOLLOWER, ea7a942f-a5e8-4e3a-a5fc-4bf2947a514d|rpc:10.1.0.230:42367|priority:0|startupRole:FOLLOWER] returns group-9AD7C3CCB44A:java.util.concurrent.CompletableFuture@5feac4b6[Not completed]
2022-11-07 13:36:21,846 [pool-72-thread-1] INFO  server.RaftServer$Division (RaftServerImpl.java:<init>(195)) - 178fd6cf-24a3-4e48-92ee-e3f3e7c66fbe: new RaftServerImpl for group-9AD7C3CCB44A:[6c65cbd1-29d4-4a5b-900f-42154dc8d1b5|rpc:10.1.0.230:38377|priority:1|startupRole:FOLLOWER, 178fd6cf-24a3-4e48-92ee-e3f3e7c66fbe|rpc:10.1.0.230:44445|priority:0|startupRole:FOLLOWER, ea7a942f-a5e8-4e3a-a5fc-4bf2947a514d|rpc:10.1.0.230:42367|priority:0|startupRole:FOLLOWER] with ContainerStateMachine:uninitialized
2022-11-07 13:36:21,846 [pool-72-thread-1] INFO  server.RaftServerConfigKeys (ConfUtils.java:logGet(46)) - raft.server.rpc.timeout.min = 5s (custom)
2022-11-07 13:36:21,846 [pool-72-thread-1] INFO  server.RaftServerConfigKeys (ConfUtils.java:logGet(46)) - raft.server.rpc.timeout.max = 5200ms (custom)
2022-11-07 13:36:21,846 [pool-72-thread-1] INFO  server.RaftServerConfigKeys (ConfUtils.java:logGet(46)) - raft.server.rpc.sleep.time = 25ms (default)
2022-11-07 13:36:21,846 [pool-72-thread-1] INFO  server.RaftServerConfigKeys (ConfUtils.java:logGet(46)) - raft.server.rpc.slowness.timeout = 300s (custom)
2022-11-07 13:36:21,846 [pool-72-thread-1] INFO  server.RaftServerConfigKeys (ConfUtils.java:logGet(46)) - raft.server.leaderelection.leader.step-down.wait-time = 10s (default)
2022-11-07 13:36:21,846 [pool-72-thread-1] INFO  server.RaftServerConfigKeys (ConfUtils.java:logGet(46)) - raft.server.sleep.deviation.threshold = 300ms (default)
2022-11-07 13:36:21,846 [pool-72-thread-1] INFO  server.RaftServer$Division (ServerState.java:<init>(118)) - 178fd6cf-24a3-4e48-92ee-e3f3e7c66fbe@group-9AD7C3CCB44A: ConfigurationManager, init=-1: peers:[6c65cbd1-29d4-4a5b-900f-42154dc8d1b5|rpc:10.1.0.230:38377|priority:1|startupRole:FOLLOWER, 178fd6cf-24a3-4e48-92ee-e3f3e7c66fbe|rpc:10.1.0.230:44445|priority:0|startupRole:FOLLOWER, ea7a942f-a5e8-4e3a-a5fc-4bf2947a514d|rpc:10.1.0.230:42367|priority:0|startupRole:FOLLOWER]|listeners:[], old=null, confs=<EMPTY_MAP>
2022-11-07 13:36:21,846 [pool-72-thread-1] INFO  server.RaftServerConfigKeys (ConfUtils.java:logGet(46)) - raft.server.storage.dir = [/home/runner/work/ozone/ozone/hadoop-ozone/integration-test/target/test-dir/MiniOzoneClusterImpl-379115e4-4d75-40c4-81a6-8e72fe3ed5e1/datanode-0/data/ratis] (custom)
2022-11-07 13:36:21,846 [pool-72-thread-1] INFO  server.RaftServerConfigKeys (ConfUtils.java:logGet(46)) - raft.server.log.corruption.policy = EXCEPTION (default)
2022-11-07 13:36:21,846 [pool-72-thread-1] INFO  server.RaftServerConfigKeys (ConfUtils.java:logGet(46)) - raft.server.storage.free-space.min = 0MB (=0) (default)
2022-11-07 13:36:21,847 [pool-72-thread-1] INFO  server.RaftServerConfigKeys (ConfUtils.java:logGet(46)) - raft.server.notification.no-leader.timeout = 300s (custom)
2022-11-07 13:36:21,847 [pool-72-thread-1] INFO  server.RaftServerConfigKeys (ConfUtils.java:logGet(46)) - raft.server.retrycache.expirytime = 600000ms (custom)
2022-11-07 13:36:21,847 [pool-72-thread-1] INFO  server.RaftServerConfigKeys (ConfUtils.java:logGet(46)) - raft.server.retrycache.statistics.expirytime = 100μs (default)
2022-11-07 13:36:21,848 [EventQueue-OpenPipelineForHealthyPipelineSafeModeRule] INFO  safemode.SCMSafeModeManager (HealthyPipelineSafeModeRule.java:process(137)) - SCM in safe mode. Healthy pipelines reported count is 0, required healthy pipeline reported count is 1
2022-11-07 13:36:21,861 [pool-72-thread-1] INFO  server.RaftServerConfigKeys (ConfUtils.java:logGet(46)) - raft.server.log.appender.install.snapshot.enabled = false (custom)
2022-11-07 13:36:21,861 [pool-72-thread-1] INFO  server.RaftServerConfigKeys (ConfUtils.java:logGet(46)) - raft.server.threadpool.server.cached = true (default)
2022-11-07 13:36:21,861 [pool-72-thread-1] INFO  server.RaftServerConfigKeys (ConfUtils.java:logGet(46)) - raft.server.threadpool.server.size = 0 (default)
2022-11-07 13:36:21,861 [pool-72-thread-1] INFO  server.RaftServerConfigKeys (ConfUtils.java:logGet(46)) - raft.server.threadpool.client.cached = true (default)
2022-11-07 13:36:21,861 [pool-72-thread-1] INFO  server.RaftServerConfigKeys (ConfUtils.java:logGet(46)) - raft.server.threadpool.client.size = 0 (default)
2022-11-07 13:36:21,862 [pool-72-thread-1] INFO  storage.RaftStorageDirectory (RaftStorageDirectoryImpl.java:analyzeStorage(137)) - The storage directory /home/runner/work/ozone/ozone/hadoop-ozone/integration-test/target/test-dir/MiniOzoneClusterImpl-379115e4-4d75-40c4-81a6-8e72fe3ed5e1/datanode-0/data/ratis/d0b485ca-373b-4e6d-abe6-9ad7c3ccb44a does not exist. Creating ...
2022-11-07 13:36:21,863 [pool-72-thread-1] INFO  storage.RaftStorageDirectory (RaftStorageDirectoryImpl.java:tryLock(231)) - Lock on /home/runner/work/ozone/ozone/hadoop-ozone/integration-test/target/test-dir/MiniOzoneClusterImpl-379115e4-4d75-40c4-81a6-8e72fe3ed5e1/datanode-0/data/ratis/d0b485ca-373b-4e6d-abe6-9ad7c3ccb44a/in_use.lock acquired by nodename 63149@fv-az424-534
2022-11-07 13:36:21,866 [pool-72-thread-1] INFO  storage.RaftStorage (RaftStorageImpl.java:format(96)) - Storage directory /home/runner/work/ozone/ozone/hadoop-ozone/integration-test/target/test-dir/MiniOzoneClusterImpl-379115e4-4d75-40c4-81a6-8e72fe3ed5e1/datanode-0/data/ratis/d0b485ca-373b-4e6d-abe6-9ad7c3ccb44a has been successfully formatted.
2022-11-07 13:36:21,867 [pool-72-thread-1] INFO  ratis.ContainerStateMachine (ContainerStateMachine.java:loadSnapshot(236)) - group-9AD7C3CCB44A: The snapshot info is null. Setting the last applied indexto:(t:0, i:~)
2022-11-07 13:36:21,867 [pool-72-thread-1] INFO  server.RaftServerConfigKeys (ConfUtils.java:logGet(46)) - raft.server.log.use.memory = false (default)
2022-11-07 13:36:21,867 [pool-72-thread-1] INFO  server.RaftServerConfigKeys (ConfUtils.java:logGet(46)) - raft.server.log.purge.gap = 1000000 (custom)
2022-11-07 13:36:21,867 [pool-72-thread-1] INFO  server.RaftServerConfigKeys (ConfUtils.java:logGet(46)) - raft.server.log.appender.buffer.byte-limit = 33554432 (custom)
2022-11-07 13:36:21,867 [pool-72-thread-1] INFO  server.RaftServerConfigKeys (ConfUtils.java:logGet(46)) - raft.server.log.statemachine.data.read.timeout = 1000ms (default)
2022-11-07 13:36:21,867 [pool-72-thread-1] INFO  server.RaftServerConfigKeys (ConfUtils.java:logGet(46)) - raft.server.log.purge.preservation.log.num = 0 (default)
2022-11-07 13:36:21,868 [pool-72-thread-1] INFO  server.RaftServerConfigKeys (ConfUtils.java:logGet(46)) - raft.server.log.segment.size.max = 1048576 (custom)
2022-11-07 13:36:21,868 [EventQueue-OpenPipelineForHealthyPipelineSafeModeRule] INFO  safemode.SCMSafeModeManager (HealthyPipelineSafeModeRule.java:process(137)) - SCM in safe mode. Healthy pipelines reported count is 0, required healthy pipeline reported count is 1
2022-11-07 13:36:21,869 [pool-72-thread-1] INFO  server.RaftServerConfigKeys (ConfUtils.java:logGet(46)) - raft.server.log.segment.cache.num.max = 2 (custom)
2022-11-07 13:36:21,869 [pool-72-thread-1] INFO  server.RaftServerConfigKeys (ConfUtils.java:logGet(46)) - raft.server.log.segment.cache.size.max = 200MB (=209715200) (default)
2022-11-07 13:36:21,869 [pool-72-thread-1] INFO  segmented.SegmentedRaftLogWorker (SegmentedRaftLogWorker.java:<init>(191)) - new 178fd6cf-24a3-4e48-92ee-e3f3e7c66fbe@group-9AD7C3CCB44A-SegmentedRaftLogWorker for RaftStorageImpl:Storage Directory /home/runner/work/ozone/ozone/hadoop-ozone/integration-test/target/test-dir/MiniOzoneClusterImpl-379115e4-4d75-40c4-81a6-8e72fe3ed5e1/datanode-0/data/ratis/d0b485ca-373b-4e6d-abe6-9ad7c3ccb44a
2022-11-07 13:36:21,869 [pool-72-thread-1] INFO  server.RaftServerConfigKeys (ConfUtils.java:logGet(46)) - raft.server.log.queue.byte-limit = 4294967296 (custom)
2022-11-07 13:36:21,869 [pool-72-thread-1] INFO  server.RaftServerConfigKeys (ConfUtils.java:logGet(46)) - raft.server.log.queue.element-limit = 1024 (custom)
2022-11-07 13:36:21,869 [pool-72-thread-1] INFO  server.RaftServerConfigKeys (ConfUtils.java:logGet(46)) - raft.server.log.segment.size.max = 1048576 (custom)
2022-11-07 13:36:21,869 [pool-72-thread-1] INFO  server.RaftServerConfigKeys (ConfUtils.java:logGet(46)) - raft.server.log.preallocated.size = 16384 (custom)
2022-11-07 13:36:21,869 [pool-72-thread-1] INFO  server.RaftServerConfigKeys (ConfUtils.java:logGet(46)) - raft.server.log.force.sync.num = 128 (default)
2022-11-07 13:36:21,869 [pool-72-thread-1] INFO  server.RaftServerConfigKeys (ConfUtils.java:logGet(46)) - raft.server.log.statemachine.data.sync = true (default)
2022-11-07 13:36:21,870 [pool-72-thread-1] INFO  server.RaftServerConfigKeys (ConfUtils.java:logGet(46)) - raft.server.log.statemachine.data.sync.timeout = 10s (default)
2022-11-07 13:36:21,870 [pool-72-thread-1] INFO  server.RaftServerConfigKeys (ConfUtils.java:logGet(46)) - raft.server.log.statemachine.data.sync.timeout.retry = -1 (default)
2022-11-07 13:36:21,871 [pool-72-thread-1] INFO  server.RaftServerConfigKeys (ConfUtils.java:logGet(46)) - raft.server.log.write.buffer.size = 1048576 (custom)
2022-11-07 13:36:21,875 [pool-72-thread-1] INFO  server.RaftServerConfigKeys (ConfUtils.java:logGet(46)) - raft.server.log.unsafe-flush.enabled = false (default)
2022-11-07 13:36:21,875 [pool-72-thread-1] INFO  server.RaftServerConfigKeys (ConfUtils.java:logGet(46)) - raft.server.log.async-flush.enabled = false (default)
2022-11-07 13:36:21,875 [pool-72-thread-1] INFO  server.RaftServerConfigKeys (ConfUtils.java:logGet(46)) - raft.server.log.statemachine.data.caching.enabled = true (custom)
2022-11-07 13:36:21,875 [pool-72-thread-1] INFO  segmented.SegmentedRaftLogWorker (SegmentedRaftLogWorker.java:lambda$new$0(136)) - 178fd6cf-24a3-4e48-92ee-e3f3e7c66fbe@group-9AD7C3CCB44A-SegmentedRaftLogWorker: flushIndex: setUnconditionally 0 -> -1
2022-11-07 13:36:21,875 [pool-72-thread-1] INFO  segmented.SegmentedRaftLogWorker (SegmentedRaftLogWorker.java:lambda$new$0(136)) - 178fd6cf-24a3-4e48-92ee-e3f3e7c66fbe@group-9AD7C3CCB44A-SegmentedRaftLogWorker: safeCacheEvictIndex: setUnconditionally 0 -> -1
2022-11-07 13:36:21,876 [pool-72-thread-1] INFO  server.RaftServer$Division (RaftServerImpl.java:start(334)) - 178fd6cf-24a3-4e48-92ee-e3f3e7c66fbe@group-9AD7C3CCB44A: start as a follower, conf=-1: peers:[6c65cbd1-29d4-4a5b-900f-42154dc8d1b5|rpc:10.1.0.230:38377|priority:1|startupRole:FOLLOWER, 178fd6cf-24a3-4e48-92ee-e3f3e7c66fbe|rpc:10.1.0.230:44445|priority:0|startupRole:FOLLOWER, ea7a942f-a5e8-4e3a-a5fc-4bf2947a514d|rpc:10.1.0.230:42367|priority:0|startupRole:FOLLOWER]|listeners:[], old=null
2022-11-07 13:36:21,876 [pool-72-thread-1] INFO  server.RaftServer$Division (RaftServerImpl.java:setRole(321)) - 178fd6cf-24a3-4e48-92ee-e3f3e7c66fbe@group-9AD7C3CCB44A: changes role from      null to FOLLOWER at term 0 for startAsFollower
2022-11-07 13:36:21,876 [pool-72-thread-1] INFO  impl.RoleInfo (RoleInfo.java:updateAndGet(139)) - 178fd6cf-24a3-4e48-92ee-e3f3e7c66fbe: start 178fd6cf-24a3-4e48-92ee-e3f3e7c66fbe@group-9AD7C3CCB44A-FollowerState
2022-11-07 13:36:21,876 [pool-72-thread-1] INFO  util.JmxRegister (JmxRegister.java:tryRegister(44)) - Successfully registered JMX Bean with object name Ratis:service=RaftServer,group=group-9AD7C3CCB44A,id=178fd6cf-24a3-4e48-92ee-e3f3e7c66fbe
2022-11-07 13:36:21,877 [178fd6cf-24a3-4e48-92ee-e3f3e7c66fbe@group-9AD7C3CCB44A-FollowerState] INFO  server.RaftServerConfigKeys (ConfUtils.java:logFallback(53)) - raft.server.rpc.first-election.timeout.min = 5s (fallback to raft.server.rpc.timeout.min)
2022-11-07 13:36:21,877 [178fd6cf-24a3-4e48-92ee-e3f3e7c66fbe@group-9AD7C3CCB44A-FollowerState] INFO  server.RaftServerConfigKeys (ConfUtils.java:logFallback(53)) - raft.server.rpc.first-election.timeout.max = 5200ms (fallback to raft.server.rpc.timeout.max)
2022-11-07 13:36:21,877 [pool-72-thread-1] INFO  server.RaftServerConfigKeys (ConfUtils.java:logGet(46)) - raft.server.snapshot.auto.trigger.enabled = true (custom)
2022-11-07 13:36:21,878 [pool-72-thread-1] INFO  server.RaftServerConfigKeys (ConfUtils.java:logGet(46)) - raft.server.snapshot.auto.trigger.threshold = 10000 (custom)
2022-11-07 13:36:21,878 [pool-72-thread-1] INFO  server.RaftServerConfigKeys (ConfUtils.java:logGet(46)) - raft.server.snapshot.retention.file.num = 5 (custom)
2022-11-07 13:36:21,878 [pool-72-thread-1] INFO  server.RaftServerConfigKeys (ConfUtils.java:logGet(46)) - raft.server.log.purge.upto.snapshot.index = false (default)
2022-11-07 13:36:21,880 [Command processor thread] INFO  ratis.XceiverServerRatis (XceiverServerRatis.java:addGroup(765)) - Created group PipelineID=d0b485ca-373b-4e6d-abe6-9ad7c3ccb44a
2022-11-07 13:36:21,904 [Listener at 127.0.0.1/35081] INFO  ozone.MiniOzoneClusterImpl (MiniOzoneClusterImpl.java:lambda$waitForClusterToBeReady$0(216)) - Nodes are ready. Got 7 of 7 DN Heartbeats.
2022-11-07 13:36:21,904 [Listener at 127.0.0.1/35081] INFO  ozone.MiniOzoneClusterImpl (MiniOzoneClusterImpl.java:lambda$waitForClusterToBeReady$0(219)) - Waiting for cluster to exit safe mode
2022-11-07 13:36:21,904 [Listener at 127.0.0.1/35081] INFO  ozone.MiniOzoneClusterImpl (MiniOzoneClusterImpl.java:lambda$waitForClusterToBeReady$0(221)) - SCM became leader
2022-11-07 13:36:22,228 [Command processor thread] INFO  server.RaftServer (RaftServerProxy.java:addNew(96)) - ea7a942f-a5e8-4e3a-a5fc-4bf2947a514d: addNew group-199CCE9438A6:[ea7a942f-a5e8-4e3a-a5fc-4bf2947a514d|rpc:10.1.0.230:42367|priority:1|startupRole:FOLLOWER] returns group-199CCE9438A6:java.util.concurrent.CompletableFuture@5ed3cf2c[Not completed]
2022-11-07 13:36:22,231 [pool-95-thread-1] INFO  server.RaftServer$Division (RaftServerImpl.java:<init>(195)) - ea7a942f-a5e8-4e3a-a5fc-4bf2947a514d: new RaftServerImpl for group-199CCE9438A6:[ea7a942f-a5e8-4e3a-a5fc-4bf2947a514d|rpc:10.1.0.230:42367|priority:1|startupRole:FOLLOWER] with ContainerStateMachine:uninitialized
2022-11-07 13:36:22,232 [pool-95-thread-1] INFO  server.RaftServerConfigKeys (ConfUtils.java:logGet(46)) - raft.server.rpc.timeout.min = 5s (custom)
2022-11-07 13:36:22,232 [pool-95-thread-1] INFO  server.RaftServerConfigKeys (ConfUtils.java:logGet(46)) - raft.server.rpc.timeout.max = 5200ms (custom)
2022-11-07 13:36:22,233 [pool-95-thread-1] INFO  server.RaftServerConfigKeys (ConfUtils.java:logGet(46)) - raft.server.rpc.sleep.time = 25ms (default)
2022-11-07 13:36:22,233 [pool-95-thread-1] INFO  server.RaftServerConfigKeys (ConfUtils.java:logGet(46)) - raft.server.rpc.slowness.timeout = 300s (custom)
2022-11-07 13:36:22,233 [pool-95-thread-1] INFO  server.RaftServerConfigKeys (ConfUtils.java:logGet(46)) - raft.server.leaderelection.leader.step-down.wait-time = 10s (default)
2022-11-07 13:36:22,233 [pool-95-thread-1] INFO  server.RaftServerConfigKeys (ConfUtils.java:logGet(46)) - raft.server.sleep.deviation.threshold = 300ms (default)
2022-11-07 13:36:22,233 [pool-95-thread-1] INFO  server.RaftServer$Division (ServerState.java:<init>(118)) - ea7a942f-a5e8-4e3a-a5fc-4bf2947a514d@group-199CCE9438A6: ConfigurationManager, init=-1: peers:[ea7a942f-a5e8-4e3a-a5fc-4bf2947a514d|rpc:10.1.0.230:42367|priority:1|startupRole:FOLLOWER]|listeners:[], old=null, confs=<EMPTY_MAP>
2022-11-07 13:36:22,233 [pool-95-thread-1] INFO  server.RaftServerConfigKeys (ConfUtils.java:logGet(46)) - raft.server.storage.dir = [/home/runner/work/ozone/ozone/hadoop-ozone/integration-test/target/test-dir/MiniOzoneClusterImpl-379115e4-4d75-40c4-81a6-8e72fe3ed5e1/datanode-1/data/ratis] (custom)
2022-11-07 13:36:22,234 [pool-95-thread-1] INFO  server.RaftServerConfigKeys (ConfUtils.java:logGet(46)) - raft.server.log.corruption.policy = EXCEPTION (default)
2022-11-07 13:36:22,234 [pool-95-thread-1] INFO  server.RaftServerConfigKeys (ConfUtils.java:logGet(46)) - raft.server.storage.free-space.min = 0MB (=0) (default)
2022-11-07 13:36:22,234 [pool-95-thread-1] INFO  server.RaftServerConfigKeys (ConfUtils.java:logGet(46)) - raft.server.notification.no-leader.timeout = 300s (custom)
2022-11-07 13:36:22,234 [pool-95-thread-1] INFO  server.RaftServerConfigKeys (ConfUtils.java:logGet(46)) - raft.server.retrycache.expirytime = 600000ms (custom)
2022-11-07 13:36:22,234 [pool-95-thread-1] INFO  server.RaftServerConfigKeys (ConfUtils.java:logGet(46)) - raft.server.retrycache.statistics.expirytime = 100μs (default)
2022-11-07 13:36:22,240 [pool-95-thread-1] INFO  server.RaftServerConfigKeys (ConfUtils.java:logGet(46)) - raft.server.log.appender.install.snapshot.enabled = false (custom)
2022-11-07 13:36:22,240 [pool-95-thread-1] INFO  server.RaftServerConfigKeys (ConfUtils.java:logGet(46)) - raft.server.threadpool.server.cached = true (default)
2022-11-07 13:36:22,240 [pool-95-thread-1] INFO  server.RaftServerConfigKeys (ConfUtils.java:logGet(46)) - raft.server.threadpool.server.size = 0 (default)
2022-11-07 13:36:22,240 [pool-95-thread-1] INFO  server.RaftServerConfigKeys (ConfUtils.java:logGet(46)) - raft.server.threadpool.client.cached = true (default)
2022-11-07 13:36:22,240 [pool-95-thread-1] INFO  server.RaftServerConfigKeys (ConfUtils.java:logGet(46)) - raft.server.threadpool.client.size = 0 (default)
2022-11-07 13:36:22,240 [pool-95-thread-1] INFO  storage.RaftStorageDirectory (RaftStorageDirectoryImpl.java:analyzeStorage(137)) - The storage directory /home/runner/work/ozone/ozone/hadoop-ozone/integration-test/target/test-dir/MiniOzoneClusterImpl-379115e4-4d75-40c4-81a6-8e72fe3ed5e1/datanode-1/data/ratis/49234118-99e5-463e-b0c7-199cce9438a6 does not exist. Creating ...
2022-11-07 13:36:22,241 [pool-95-thread-1] INFO  storage.RaftStorageDirectory (RaftStorageDirectoryImpl.java:tryLock(231)) - Lock on /home/runner/work/ozone/ozone/hadoop-ozone/integration-test/target/test-dir/MiniOzoneClusterImpl-379115e4-4d75-40c4-81a6-8e72fe3ed5e1/datanode-1/data/ratis/49234118-99e5-463e-b0c7-199cce9438a6/in_use.lock acquired by nodename 63149@fv-az424-534
2022-11-07 13:36:22,243 [pool-95-thread-1] INFO  storage.RaftStorage (RaftStorageImpl.java:format(96)) - Storage directory /home/runner/work/ozone/ozone/hadoop-ozone/integration-test/target/test-dir/MiniOzoneClusterImpl-379115e4-4d75-40c4-81a6-8e72fe3ed5e1/datanode-1/data/ratis/49234118-99e5-463e-b0c7-199cce9438a6 has been successfully formatted.
2022-11-07 13:36:22,244 [pool-95-thread-1] INFO  ratis.ContainerStateMachine (ContainerStateMachine.java:loadSnapshot(236)) - group-199CCE9438A6: The snapshot info is null. Setting the last applied indexto:(t:0, i:~)
2022-11-07 13:36:22,246 [EventQueue-PipelineReportForPipelineReportHandler] INFO  pipeline.PipelineManagerImpl (PipelineManagerImpl.java:openPipeline(367)) - Pipeline Pipeline[ Id: 49234118-99e5-463e-b0c7-199cce9438a6, Nodes: ea7a942f-a5e8-4e3a-a5fc-4bf2947a514d{ip: 10.1.0.230, host: fv-az424-534.i1gjr3zuz4qevjy1zin2gin2ih.gx.internal.cloudapp.net, ports: [REPLICATION=33409, RATIS=42367, RATIS_ADMIN=42367, RATIS_SERVER=42367, STANDALONE=46675], networkLocation: /default-rack, certSerialId: null, persistedOpState: IN_SERVICE, persistedOpStateExpiryEpochSec: 0}, ReplicationConfig: RATIS/ONE, State:ALLOCATED, leaderId:ea7a942f-a5e8-4e3a-a5fc-4bf2947a514d, CreationTimestamp2022-11-07T13:36:19.231Z[Etc/UTC]] moved to OPEN state
2022-11-07 13:36:22,246 [EventQueue-OpenPipelineForHealthyPipelineSafeModeRule] INFO  safemode.SCMSafeModeManager (HealthyPipelineSafeModeRule.java:process(137)) - SCM in safe mode. Healthy pipelines reported count is 0, required healthy pipeline reported count is 1
2022-11-07 13:36:22,246 [pool-95-thread-1] INFO  server.RaftServerConfigKeys (ConfUtils.java:logGet(46)) - raft.server.log.use.memory = false (default)
2022-11-07 13:36:22,247 [pool-95-thread-1] INFO  server.RaftServerConfigKeys (ConfUtils.java:logGet(46)) - raft.server.log.purge.gap = 1000000 (custom)
2022-11-07 13:36:22,247 [pool-95-thread-1] INFO  server.RaftServerConfigKeys (ConfUtils.java:logGet(46)) - raft.server.log.appender.buffer.byte-limit = 33554432 (custom)
2022-11-07 13:36:22,247 [pool-95-thread-1] INFO  server.RaftServerConfigKeys (ConfUtils.java:logGet(46)) - raft.server.log.statemachine.data.read.timeout = 1000ms (default)
2022-11-07 13:36:22,247 [pool-95-thread-1] INFO  server.RaftServerConfigKeys (ConfUtils.java:logGet(46)) - raft.server.log.purge.preservation.log.num = 0 (default)
2022-11-07 13:36:22,248 [pool-95-thread-1] INFO  server.RaftServerConfigKeys (ConfUtils.java:logGet(46)) - raft.server.log.segment.size.max = 1048576 (custom)
2022-11-07 13:36:22,248 [pool-95-thread-1] INFO  server.RaftServerConfigKeys (ConfUtils.java:logGet(46)) - raft.server.log.segment.cache.num.max = 2 (custom)
2022-11-07 13:36:22,248 [pool-95-thread-1] INFO  server.RaftServerConfigKeys (ConfUtils.java:logGet(46)) - raft.server.log.segment.cache.size.max = 200MB (=209715200) (default)
2022-11-07 13:36:22,248 [pool-95-thread-1] INFO  segmented.SegmentedRaftLogWorker (SegmentedRaftLogWorker.java:<init>(191)) - new ea7a942f-a5e8-4e3a-a5fc-4bf2947a514d@group-199CCE9438A6-SegmentedRaftLogWorker for RaftStorageImpl:Storage Directory /home/runner/work/ozone/ozone/hadoop-ozone/integration-test/target/test-dir/MiniOzoneClusterImpl-379115e4-4d75-40c4-81a6-8e72fe3ed5e1/datanode-1/data/ratis/49234118-99e5-463e-b0c7-199cce9438a6
2022-11-07 13:36:22,248 [pool-95-thread-1] INFO  server.RaftServerConfigKeys (ConfUtils.java:logGet(46)) - raft.server.log.queue.byte-limit = 4294967296 (custom)
2022-11-07 13:36:22,249 [pool-95-thread-1] INFO  server.RaftServerConfigKeys (ConfUtils.java:logGet(46)) - raft.server.log.queue.element-limit = 1024 (custom)
2022-11-07 13:36:22,249 [pool-95-thread-1] INFO  server.RaftServerConfigKeys (ConfUtils.java:logGet(46)) - raft.server.log.segment.size.max = 1048576 (custom)
2022-11-07 13:36:22,249 [pool-95-thread-1] INFO  server.RaftServerConfigKeys (ConfUtils.java:logGet(46)) - raft.server.log.preallocated.size = 16384 (custom)
2022-11-07 13:36:22,249 [pool-95-thread-1] INFO  server.RaftServerConfigKeys (ConfUtils.java:logGet(46)) - raft.server.log.force.sync.num = 128 (default)
2022-11-07 13:36:22,249 [pool-95-thread-1] INFO  server.RaftServerConfigKeys (ConfUtils.java:logGet(46)) - raft.server.log.statemachine.data.sync = true (default)
2022-11-07 13:36:22,249 [pool-95-thread-1] INFO  server.RaftServerConfigKeys (ConfUtils.java:logGet(46)) - raft.server.log.statemachine.data.sync.timeout = 10s (default)
2022-11-07 13:36:22,249 [pool-95-thread-1] INFO  server.RaftServerConfigKeys (ConfUtils.java:logGet(46)) - raft.server.log.statemachine.data.sync.timeout.retry = -1 (default)
2022-11-07 13:36:22,252 [pool-95-thread-1] INFO  server.RaftServerConfigKeys (ConfUtils.java:logGet(46)) - raft.server.log.write.buffer.size = 1048576 (custom)
2022-11-07 13:36:22,253 [pool-95-thread-1] INFO  server.RaftServerConfigKeys (ConfUtils.java:logGet(46)) - raft.server.log.unsafe-flush.enabled = false (default)
2022-11-07 13:36:22,253 [pool-95-thread-1] INFO  server.RaftServerConfigKeys (ConfUtils.java:logGet(46)) - raft.server.log.async-flush.enabled = false (default)
2022-11-07 13:36:22,253 [pool-95-thread-1] INFO  server.RaftServerConfigKeys (ConfUtils.java:logGet(46)) - raft.server.log.statemachine.data.caching.enabled = true (custom)
2022-11-07 13:36:22,253 [pool-95-thread-1] INFO  segmented.SegmentedRaftLogWorker (SegmentedRaftLogWorker.java:lambda$new$0(136)) - ea7a942f-a5e8-4e3a-a5fc-4bf2947a514d@group-199CCE9438A6-SegmentedRaftLogWorker: flushIndex: setUnconditionally 0 -> -1
2022-11-07 13:36:22,253 [pool-95-thread-1] INFO  segmented.SegmentedRaftLogWorker (SegmentedRaftLogWorker.java:lambda$new$0(136)) - ea7a942f-a5e8-4e3a-a5fc-4bf2947a514d@group-199CCE9438A6-SegmentedRaftLogWorker: safeCacheEvictIndex: setUnconditionally 0 -> -1
2022-11-07 13:36:22,261 [pool-95-thread-1] INFO  server.RaftServer$Division (RaftServerImpl.java:start(334)) - ea7a942f-a5e8-4e3a-a5fc-4bf2947a514d@group-199CCE9438A6: start as a follower, conf=-1: peers:[ea7a942f-a5e8-4e3a-a5fc-4bf2947a514d|rpc:10.1.0.230:42367|priority:1|startupRole:FOLLOWER]|listeners:[], old=null
2022-11-07 13:36:22,261 [pool-95-thread-1] INFO  server.RaftServer$Division (RaftServerImpl.java:setRole(321)) - ea7a942f-a5e8-4e3a-a5fc-4bf2947a514d@group-199CCE9438A6: changes role from      null to FOLLOWER at term 0 for startAsFollower
2022-11-07 13:36:22,261 [pool-95-thread-1] INFO  impl.RoleInfo (RoleInfo.java:updateAndGet(139)) - ea7a942f-a5e8-4e3a-a5fc-4bf2947a514d: start ea7a942f-a5e8-4e3a-a5fc-4bf2947a514d@group-199CCE9438A6-FollowerState
2022-11-07 13:36:22,264 [pool-95-thread-1] INFO  util.JmxRegister (JmxRegister.java:tryRegister(44)) - Successfully registered JMX Bean with object name Ratis:service=RaftServer,group=group-199CCE9438A6,id=ea7a942f-a5e8-4e3a-a5fc-4bf2947a514d
2022-11-07 13:36:22,268 [pool-95-thread-1] INFO  server.RaftServerConfigKeys (ConfUtils.java:logGet(46)) - raft.server.snapshot.auto.trigger.enabled = true (custom)
2022-11-07 13:36:22,268 [pool-95-thread-1] INFO  server.RaftServerConfigKeys (ConfUtils.java:logGet(46)) - raft.server.snapshot.auto.trigger.threshold = 10000 (custom)
2022-11-07 13:36:22,268 [pool-95-thread-1] INFO  server.RaftServerConfigKeys (ConfUtils.java:logGet(46)) - raft.server.snapshot.retention.file.num = 5 (custom)
2022-11-07 13:36:22,268 [pool-95-thread-1] INFO  server.RaftServerConfigKeys (ConfUtils.java:logGet(46)) - raft.server.log.purge.upto.snapshot.index = false (default)
2022-11-07 13:36:22,272 [Command processor thread] INFO  ratis.XceiverServerRatis (XceiverServerRatis.java:addGroup(765)) - Created group PipelineID=49234118-99e5-463e-b0c7-199cce9438a6
2022-11-07 13:36:22,272 [Command processor thread] INFO  commandhandler.CreatePipelineCommandHandler (CreatePipelineCommandHandler.java:handle(113)) - Created Pipeline RATIS ONE PipelineID=49234118-99e5-463e-b0c7-199cce9438a6.
2022-11-07 13:36:22,281 [ea7a942f-a5e8-4e3a-a5fc-4bf2947a514d@group-199CCE9438A6-FollowerState] INFO  server.RaftServerConfigKeys (ConfUtils.java:logFallback(53)) - raft.server.rpc.first-election.timeout.min = 5s (fallback to raft.server.rpc.timeout.min)
2022-11-07 13:36:22,282 [ea7a942f-a5e8-4e3a-a5fc-4bf2947a514d@group-199CCE9438A6-FollowerState] INFO  server.RaftServerConfigKeys (ConfUtils.java:logFallback(53)) - raft.server.rpc.first-election.timeout.max = 5200ms (fallback to raft.server.rpc.timeout.max)
2022-11-07 13:36:22,282 [Command processor thread] INFO  server.RaftServer (RaftServerProxy.java:addNew(96)) - ea7a942f-a5e8-4e3a-a5fc-4bf2947a514d: addNew group-9AD7C3CCB44A:[6c65cbd1-29d4-4a5b-900f-42154dc8d1b5|rpc:10.1.0.230:38377|priority:1|startupRole:FOLLOWER, 178fd6cf-24a3-4e48-92ee-e3f3e7c66fbe|rpc:10.1.0.230:44445|priority:0|startupRole:FOLLOWER, ea7a942f-a5e8-4e3a-a5fc-4bf2947a514d|rpc:10.1.0.230:42367|priority:0|startupRole:FOLLOWER] returns group-9AD7C3CCB44A:java.util.concurrent.CompletableFuture@5aec502e[Not completed]
2022-11-07 13:36:22,283 [pool-95-thread-1] INFO  server.RaftServer$Division (RaftServerImpl.java:<init>(195)) - ea7a942f-a5e8-4e3a-a5fc-4bf2947a514d: new RaftServerImpl for group-9AD7C3CCB44A:[6c65cbd1-29d4-4a5b-900f-42154dc8d1b5|rpc:10.1.0.230:38377|priority:1|startupRole:FOLLOWER, 178fd6cf-24a3-4e48-92ee-e3f3e7c66fbe|rpc:10.1.0.230:44445|priority:0|startupRole:FOLLOWER, ea7a942f-a5e8-4e3a-a5fc-4bf2947a514d|rpc:10.1.0.230:42367|priority:0|startupRole:FOLLOWER] with ContainerStateMachine:uninitialized
2022-11-07 13:36:22,283 [pool-95-thread-1] INFO  server.RaftServerConfigKeys (ConfUtils.java:logGet(46)) - raft.server.rpc.timeout.min = 5s (custom)
2022-11-07 13:36:22,283 [pool-95-thread-1] INFO  server.RaftServerConfigKeys (ConfUtils.java:logGet(46)) - raft.server.rpc.timeout.max = 5200ms (custom)
2022-11-07 13:36:22,283 [pool-95-thread-1] INFO  server.RaftServerConfigKeys (ConfUtils.java:logGet(46)) - raft.server.rpc.sleep.time = 25ms (default)
2022-11-07 13:36:22,283 [pool-95-thread-1] INFO  server.RaftServerConfigKeys (ConfUtils.java:logGet(46)) - raft.server.rpc.slowness.timeout = 300s (custom)
2022-11-07 13:36:22,283 [pool-95-thread-1] INFO  server.RaftServerConfigKeys (ConfUtils.java:logGet(46)) - raft.server.leaderelection.leader.step-down.wait-time = 10s (default)
2022-11-07 13:36:22,283 [pool-95-thread-1] INFO  server.RaftServerConfigKeys (ConfUtils.java:logGet(46)) - raft.server.sleep.deviation.threshold = 300ms (default)
2022-11-07 13:36:22,283 [pool-95-thread-1] INFO  server.RaftServer$Division (ServerState.java:<init>(118)) - ea7a942f-a5e8-4e3a-a5fc-4bf2947a514d@group-9AD7C3CCB44A: ConfigurationManager, init=-1: peers:[6c65cbd1-29d4-4a5b-900f-42154dc8d1b5|rpc:10.1.0.230:38377|priority:1|startupRole:FOLLOWER, 178fd6cf-24a3-4e48-92ee-e3f3e7c66fbe|rpc:10.1.0.230:44445|priority:0|startupRole:FOLLOWER, ea7a942f-a5e8-4e3a-a5fc-4bf2947a514d|rpc:10.1.0.230:42367|priority:0|startupRole:FOLLOWER]|listeners:[], old=null, confs=<EMPTY_MAP>
2022-11-07 13:36:22,283 [pool-95-thread-1] INFO  server.RaftServerConfigKeys (ConfUtils.java:logGet(46)) - raft.server.storage.dir = [/home/runner/work/ozone/ozone/hadoop-ozone/integration-test/target/test-dir/MiniOzoneClusterImpl-379115e4-4d75-40c4-81a6-8e72fe3ed5e1/datanode-1/data/ratis] (custom)
2022-11-07 13:36:22,284 [pool-95-thread-1] INFO  server.RaftServerConfigKeys (ConfUtils.java:logGet(46)) - raft.server.log.corruption.policy = EXCEPTION (default)
2022-11-07 13:36:22,284 [pool-95-thread-1] INFO  server.RaftServerConfigKeys (ConfUtils.java:logGet(46)) - raft.server.storage.free-space.min = 0MB (=0) (default)
2022-11-07 13:36:22,284 [pool-95-thread-1] INFO  server.RaftServerConfigKeys (ConfUtils.java:logGet(46)) - raft.server.notification.no-leader.timeout = 300s (custom)
2022-11-07 13:36:22,284 [pool-95-thread-1] INFO  server.RaftServerConfigKeys (ConfUtils.java:logGet(46)) - raft.server.retrycache.expirytime = 600000ms (custom)
2022-11-07 13:36:22,284 [pool-95-thread-1] INFO  server.RaftServerConfigKeys (ConfUtils.java:logGet(46)) - raft.server.retrycache.statistics.expirytime = 100μs (default)
2022-11-07 13:36:22,285 [pool-95-thread-1] INFO  server.RaftServerConfigKeys (ConfUtils.java:logGet(46)) - raft.server.log.appender.install.snapshot.enabled = false (custom)
2022-11-07 13:36:22,285 [pool-95-thread-1] INFO  server.RaftServerConfigKeys (ConfUtils.java:logGet(46)) - raft.server.threadpool.server.cached = true (default)
2022-11-07 13:36:22,286 [pool-95-thread-1] INFO  server.RaftServerConfigKeys (ConfUtils.java:logGet(46)) - raft.server.threadpool.server.size = 0 (default)
2022-11-07 13:36:22,286 [pool-95-thread-1] INFO  server.RaftServerConfigKeys (ConfUtils.java:logGet(46)) - raft.server.threadpool.client.cached = true (default)
2022-11-07 13:36:22,286 [pool-95-thread-1] INFO  server.RaftServerConfigKeys (ConfUtils.java:logGet(46)) - raft.server.threadpool.client.size = 0 (default)
2022-11-07 13:36:22,286 [pool-95-thread-1] INFO  storage.RaftStorageDirectory (RaftStorageDirectoryImpl.java:analyzeStorage(137)) - The storage directory /home/runner/work/ozone/ozone/hadoop-ozone/integration-test/target/test-dir/MiniOzoneClusterImpl-379115e4-4d75-40c4-81a6-8e72fe3ed5e1/datanode-1/data/ratis/d0b485ca-373b-4e6d-abe6-9ad7c3ccb44a does not exist. Creating ...
2022-11-07 13:36:22,287 [pool-95-thread-1] INFO  storage.RaftStorageDirectory (RaftStorageDirectoryImpl.java:tryLock(231)) - Lock on /home/runner/work/ozone/ozone/hadoop-ozone/integration-test/target/test-dir/MiniOzoneClusterImpl-379115e4-4d75-40c4-81a6-8e72fe3ed5e1/datanode-1/data/ratis/d0b485ca-373b-4e6d-abe6-9ad7c3ccb44a/in_use.lock acquired by nodename 63149@fv-az424-534
2022-11-07 13:36:22,287 [pool-95-thread-1] INFO  storage.RaftStorage (RaftStorageImpl.java:format(96)) - Storage directory /home/runner/work/ozone/ozone/hadoop-ozone/integration-test/target/test-dir/MiniOzoneClusterImpl-379115e4-4d75-40c4-81a6-8e72fe3ed5e1/datanode-1/data/ratis/d0b485ca-373b-4e6d-abe6-9ad7c3ccb44a has been successfully formatted.
2022-11-07 13:36:22,289 [pool-95-thread-1] INFO  ratis.ContainerStateMachine (ContainerStateMachine.java:loadSnapshot(236)) - group-9AD7C3CCB44A: The snapshot info is null. Setting the last applied indexto:(t:0, i:~)
2022-11-07 13:36:22,289 [pool-95-thread-1] INFO  server.RaftServerConfigKeys (ConfUtils.java:logGet(46)) - raft.server.log.use.memory = false (default)
2022-11-07 13:36:22,289 [pool-95-thread-1] INFO  server.RaftServerConfigKeys (ConfUtils.java:logGet(46)) - raft.server.log.purge.gap = 1000000 (custom)
2022-11-07 13:36:22,289 [pool-95-thread-1] INFO  server.RaftServerConfigKeys (ConfUtils.java:logGet(46)) - raft.server.log.appender.buffer.byte-limit = 33554432 (custom)
2022-11-07 13:36:22,289 [pool-95-thread-1] INFO  server.RaftServerConfigKeys (ConfUtils.java:logGet(46)) - raft.server.log.statemachine.data.read.timeout = 1000ms (default)
2022-11-07 13:36:22,289 [pool-95-thread-1] INFO  server.RaftServerConfigKeys (ConfUtils.java:logGet(46)) - raft.server.log.purge.preservation.log.num = 0 (default)
2022-11-07 13:36:22,289 [pool-95-thread-1] INFO  server.RaftServerConfigKeys (ConfUtils.java:logGet(46)) - raft.server.log.segment.size.max = 1048576 (custom)
2022-11-07 13:36:22,290 [pool-95-thread-1] INFO  server.RaftServerConfigKeys (ConfUtils.java:logGet(46)) - raft.server.log.segment.cache.num.max = 2 (custom)
2022-11-07 13:36:22,290 [pool-95-thread-1] INFO  server.RaftServerConfigKeys (ConfUtils.java:logGet(46)) - raft.server.log.segment.cache.size.max = 200MB (=209715200) (default)
2022-11-07 13:36:22,290 [pool-95-thread-1] INFO  segmented.SegmentedRaftLogWorker (SegmentedRaftLogWorker.java:<init>(191)) - new ea7a942f-a5e8-4e3a-a5fc-4bf2947a514d@group-9AD7C3CCB44A-SegmentedRaftLogWorker for RaftStorageImpl:Storage Directory /home/runner/work/ozone/ozone/hadoop-ozone/integration-test/target/test-dir/MiniOzoneClusterImpl-379115e4-4d75-40c4-81a6-8e72fe3ed5e1/datanode-1/data/ratis/d0b485ca-373b-4e6d-abe6-9ad7c3ccb44a
2022-11-07 13:36:22,290 [pool-95-thread-1] INFO  server.RaftServerConfigKeys (ConfUtils.java:logGet(46)) - raft.server.log.queue.byte-limit = 4294967296 (custom)
2022-11-07 13:36:22,290 [pool-95-thread-1] INFO  server.RaftServerConfigKeys (ConfUtils.java:logGet(46)) - raft.server.log.queue.element-limit = 1024 (custom)
2022-11-07 13:36:22,290 [pool-95-thread-1] INFO  server.RaftServerConfigKeys (ConfUtils.java:logGet(46)) - raft.server.log.segment.size.max = 1048576 (custom)
2022-11-07 13:36:22,290 [pool-95-thread-1] INFO  server.RaftServerConfigKeys (ConfUtils.java:logGet(46)) - raft.server.log.preallocated.size = 16384 (custom)
2022-11-07 13:36:22,290 [pool-95-thread-1] INFO  server.RaftServerConfigKeys (ConfUtils.java:logGet(46)) - raft.server.log.force.sync.num = 128 (default)
2022-11-07 13:36:22,290 [pool-95-thread-1] INFO  server.RaftServerConfigKeys (ConfUtils.java:logGet(46)) - raft.server.log.statemachine.data.sync = true (default)
2022-11-07 13:36:22,290 [pool-95-thread-1] INFO  server.RaftServerConfigKeys (ConfUtils.java:logGet(46)) - raft.server.log.statemachine.data.sync.timeout = 10s (default)
2022-11-07 13:36:22,290 [pool-95-thread-1] INFO  server.RaftServerConfigKeys (ConfUtils.java:logGet(46)) - raft.server.log.statemachine.data.sync.timeout.retry = -1 (default)
2022-11-07 13:36:22,293 [pool-95-thread-1] INFO  server.RaftServerConfigKeys (ConfUtils.java:logGet(46)) - raft.server.log.write.buffer.size = 1048576 (custom)
2022-11-07 13:36:22,293 [pool-95-thread-1] INFO  server.RaftServerConfigKeys (ConfUtils.java:logGet(46)) - raft.server.log.unsafe-flush.enabled = false (default)
2022-11-07 13:36:22,294 [EventQueue-OpenPipelineForHealthyPipelineSafeModeRule] INFO  safemode.SCMSafeModeManager (HealthyPipelineSafeModeRule.java:process(137)) - SCM in safe mode. Healthy pipelines reported count is 0, required healthy pipeline reported count is 1
2022-11-07 13:36:22,296 [pool-95-thread-1] INFO  server.RaftServerConfigKeys (ConfUtils.java:logGet(46)) - raft.server.log.async-flush.enabled = false (default)
2022-11-07 13:36:22,296 [pool-95-thread-1] INFO  server.RaftServerConfigKeys (ConfUtils.java:logGet(46)) - raft.server.log.statemachine.data.caching.enabled = true (custom)
2022-11-07 13:36:22,296 [pool-95-thread-1] INFO  segmented.SegmentedRaftLogWorker (SegmentedRaftLogWorker.java:lambda$new$0(136)) - ea7a942f-a5e8-4e3a-a5fc-4bf2947a514d@group-9AD7C3CCB44A-SegmentedRaftLogWorker: flushIndex: setUnconditionally 0 -> -1
2022-11-07 13:36:22,296 [pool-95-thread-1] INFO  segmented.SegmentedRaftLogWorker (SegmentedRaftLogWorker.java:lambda$new$0(136)) - ea7a942f-a5e8-4e3a-a5fc-4bf2947a514d@group-9AD7C3CCB44A-SegmentedRaftLogWorker: safeCacheEvictIndex: setUnconditionally 0 -> -1
2022-11-07 13:36:22,297 [pool-95-thread-1] INFO  server.RaftServer$Division (RaftServerImpl.java:start(334)) - ea7a942f-a5e8-4e3a-a5fc-4bf2947a514d@group-9AD7C3CCB44A: start as a follower, conf=-1: peers:[6c65cbd1-29d4-4a5b-900f-42154dc8d1b5|rpc:10.1.0.230:38377|priority:1|startupRole:FOLLOWER, 178fd6cf-24a3-4e48-92ee-e3f3e7c66fbe|rpc:10.1.0.230:44445|priority:0|startupRole:FOLLOWER, ea7a942f-a5e8-4e3a-a5fc-4bf2947a514d|rpc:10.1.0.230:42367|priority:0|startupRole:FOLLOWER]|listeners:[], old=null
2022-11-07 13:36:22,297 [pool-95-thread-1] INFO  server.RaftServer$Division (RaftServerImpl.java:setRole(321)) - ea7a942f-a5e8-4e3a-a5fc-4bf2947a514d@group-9AD7C3CCB44A: changes role from      null to FOLLOWER at term 0 for startAsFollower
2022-11-07 13:36:22,297 [pool-95-thread-1] INFO  impl.RoleInfo (RoleInfo.java:updateAndGet(139)) - ea7a942f-a5e8-4e3a-a5fc-4bf2947a514d: start ea7a942f-a5e8-4e3a-a5fc-4bf2947a514d@group-9AD7C3CCB44A-FollowerState
2022-11-07 13:36:22,297 [pool-95-thread-1] INFO  util.JmxRegister (JmxRegister.java:tryRegister(44)) - Successfully registered JMX Bean with object name Ratis:service=RaftServer,group=group-9AD7C3CCB44A,id=ea7a942f-a5e8-4e3a-a5fc-4bf2947a514d
2022-11-07 13:36:22,297 [pool-95-thread-1] INFO  server.RaftServerConfigKeys (ConfUtils.java:logGet(46)) - raft.server.snapshot.auto.trigger.enabled = true (custom)
2022-11-07 13:36:22,297 [pool-95-thread-1] INFO  server.RaftServerConfigKeys (ConfUtils.java:logGet(46)) - raft.server.snapshot.auto.trigger.threshold = 10000 (custom)
2022-11-07 13:36:22,297 [pool-95-thread-1] INFO  server.RaftServerConfigKeys (ConfUtils.java:logGet(46)) - raft.server.snapshot.retention.file.num = 5 (custom)
2022-11-07 13:36:22,297 [pool-95-thread-1] INFO  server.RaftServerConfigKeys (ConfUtils.java:logGet(46)) - raft.server.log.purge.upto.snapshot.index = false (default)
2022-11-07 13:36:22,298 [ea7a942f-a5e8-4e3a-a5fc-4bf2947a514d@group-9AD7C3CCB44A-FollowerState] INFO  server.RaftServerConfigKeys (ConfUtils.java:logFallback(53)) - raft.server.rpc.first-election.timeout.min = 5s (fallback to raft.server.rpc.timeout.min)
2022-11-07 13:36:22,298 [ea7a942f-a5e8-4e3a-a5fc-4bf2947a514d@group-9AD7C3CCB44A-FollowerState] INFO  server.RaftServerConfigKeys (ConfUtils.java:logFallback(53)) - raft.server.rpc.first-election.timeout.max = 5200ms (fallback to raft.server.rpc.timeout.max)
2022-11-07 13:36:22,301 [Command processor thread] INFO  ratis.XceiverServerRatis (XceiverServerRatis.java:addGroup(765)) - Created group PipelineID=d0b485ca-373b-4e6d-abe6-9ad7c3ccb44a
2022-11-07 13:36:22,521 [grpc-default-executor-0] INFO  server.RaftServer (RaftServerProxy.java:addNew(96)) - 6c65cbd1-29d4-4a5b-900f-42154dc8d1b5: addNew group-9AD7C3CCB44A:[6c65cbd1-29d4-4a5b-900f-42154dc8d1b5|rpc:10.1.0.230:38377|dataStream:|priority:1|startupRole:FOLLOWER, 178fd6cf-24a3-4e48-92ee-e3f3e7c66fbe|rpc:10.1.0.230:44445|dataStream:|priority:0|startupRole:FOLLOWER, ea7a942f-a5e8-4e3a-a5fc-4bf2947a514d|rpc:10.1.0.230:42367|dataStream:|priority:0|startupRole:FOLLOWER] returns group-9AD7C3CCB44A:java.util.concurrent.CompletableFuture@1cc00d5a[Not completed]
2022-11-07 13:36:22,530 [pool-118-thread-1] INFO  server.RaftServer$Division (RaftServerImpl.java:<init>(195)) - 6c65cbd1-29d4-4a5b-900f-42154dc8d1b5: new RaftServerImpl for group-9AD7C3CCB44A:[6c65cbd1-29d4-4a5b-900f-42154dc8d1b5|rpc:10.1.0.230:38377|dataStream:|priority:1|startupRole:FOLLOWER, 178fd6cf-24a3-4e48-92ee-e3f3e7c66fbe|rpc:10.1.0.230:44445|dataStream:|priority:0|startupRole:FOLLOWER, ea7a942f-a5e8-4e3a-a5fc-4bf2947a514d|rpc:10.1.0.230:42367|dataStream:|priority:0|startupRole:FOLLOWER] with ContainerStateMachine:uninitialized
2022-11-07 13:36:22,530 [pool-118-thread-1] INFO  server.RaftServerConfigKeys (ConfUtils.java:logGet(46)) - raft.server.rpc.timeout.min = 5s (custom)
2022-11-07 13:36:22,530 [pool-118-thread-1] INFO  server.RaftServerConfigKeys (ConfUtils.java:logGet(46)) - raft.server.rpc.timeout.max = 5200ms (custom)
2022-11-07 13:36:22,530 [pool-118-thread-1] INFO  server.RaftServerConfigKeys (ConfUtils.java:logGet(46)) - raft.server.rpc.sleep.time = 25ms (default)
2022-11-07 13:36:22,532 [pool-118-thread-1] INFO  server.RaftServerConfigKeys (ConfUtils.java:logGet(46)) - raft.server.rpc.slowness.timeout = 300s (custom)
2022-11-07 13:36:22,532 [pool-118-thread-1] INFO  server.RaftServerConfigKeys (ConfUtils.java:logGet(46)) - raft.server.leaderelection.leader.step-down.wait-time = 10s (default)
2022-11-07 13:36:22,532 [pool-118-thread-1] INFO  server.RaftServerConfigKeys (ConfUtils.java:logGet(46)) - raft.server.sleep.deviation.threshold = 300ms (default)
2022-11-07 13:36:22,532 [pool-118-thread-1] INFO  server.RaftServer$Division (ServerState.java:<init>(118)) - 6c65cbd1-29d4-4a5b-900f-42154dc8d1b5@group-9AD7C3CCB44A: ConfigurationManager, init=-1: peers:[6c65cbd1-29d4-4a5b-900f-42154dc8d1b5|rpc:10.1.0.230:38377|dataStream:|priority:1|startupRole:FOLLOWER, 178fd6cf-24a3-4e48-92ee-e3f3e7c66fbe|rpc:10.1.0.230:44445|dataStream:|priority:0|startupRole:FOLLOWER, ea7a942f-a5e8-4e3a-a5fc-4bf2947a514d|rpc:10.1.0.230:42367|dataStream:|priority:0|startupRole:FOLLOWER]|listeners:[], old=null, confs=<EMPTY_MAP>
2022-11-07 13:36:22,533 [pool-118-thread-1] INFO  server.RaftServerConfigKeys (ConfUtils.java:logGet(46)) - raft.server.storage.dir = [/home/runner/work/ozone/ozone/hadoop-ozone/integration-test/target/test-dir/MiniOzoneClusterImpl-379115e4-4d75-40c4-81a6-8e72fe3ed5e1/datanode-2/data/ratis] (custom)
2022-11-07 13:36:22,535 [pool-118-thread-1] INFO  server.RaftServerConfigKeys (ConfUtils.java:logGet(46)) - raft.server.log.corruption.policy = EXCEPTION (default)
2022-11-07 13:36:22,535 [pool-118-thread-1] INFO  server.RaftServerConfigKeys (ConfUtils.java:logGet(46)) - raft.server.storage.free-space.min = 0MB (=0) (default)
2022-11-07 13:36:22,535 [pool-118-thread-1] INFO  server.RaftServerConfigKeys (ConfUtils.java:logGet(46)) - raft.server.notification.no-leader.timeout = 300s (custom)
2022-11-07 13:36:22,535 [pool-118-thread-1] INFO  server.RaftServerConfigKeys (ConfUtils.java:logGet(46)) - raft.server.retrycache.expirytime = 600000ms (custom)
2022-11-07 13:36:22,535 [pool-118-thread-1] INFO  server.RaftServerConfigKeys (ConfUtils.java:logGet(46)) - raft.server.retrycache.statistics.expirytime = 100μs (default)
2022-11-07 13:36:22,555 [pool-118-thread-1] INFO  server.RaftServerConfigKeys (ConfUtils.java:logGet(46)) - raft.server.log.appender.install.snapshot.enabled = false (custom)
2022-11-07 13:36:22,555 [pool-118-thread-1] INFO  server.RaftServerConfigKeys (ConfUtils.java:logGet(46)) - raft.server.threadpool.server.cached = true (default)
2022-11-07 13:36:22,556 [pool-118-thread-1] INFO  server.RaftServerConfigKeys (ConfUtils.java:logGet(46)) - raft.server.threadpool.server.size = 0 (default)
2022-11-07 13:36:22,556 [pool-118-thread-1] INFO  server.RaftServerConfigKeys (ConfUtils.java:logGet(46)) - raft.server.threadpool.client.cached = true (default)
2022-11-07 13:36:22,556 [pool-118-thread-1] INFO  server.RaftServerConfigKeys (ConfUtils.java:logGet(46)) - raft.server.threadpool.client.size = 0 (default)
2022-11-07 13:36:22,556 [pool-118-thread-1] INFO  storage.RaftStorageDirectory (RaftStorageDirectoryImpl.java:analyzeStorage(137)) - The storage directory /home/runner/work/ozone/ozone/hadoop-ozone/integration-test/target/test-dir/MiniOzoneClusterImpl-379115e4-4d75-40c4-81a6-8e72fe3ed5e1/datanode-2/data/ratis/d0b485ca-373b-4e6d-abe6-9ad7c3ccb44a does not exist. Creating ...
2022-11-07 13:36:22,557 [pool-118-thread-1] INFO  storage.RaftStorageDirectory (RaftStorageDirectoryImpl.java:tryLock(231)) - Lock on /home/runner/work/ozone/ozone/hadoop-ozone/integration-test/target/test-dir/MiniOzoneClusterImpl-379115e4-4d75-40c4-81a6-8e72fe3ed5e1/datanode-2/data/ratis/d0b485ca-373b-4e6d-abe6-9ad7c3ccb44a/in_use.lock acquired by nodename 63149@fv-az424-534
2022-11-07 13:36:22,558 [pool-118-thread-1] INFO  storage.RaftStorage (RaftStorageImpl.java:format(96)) - Storage directory /home/runner/work/ozone/ozone/hadoop-ozone/integration-test/target/test-dir/MiniOzoneClusterImpl-379115e4-4d75-40c4-81a6-8e72fe3ed5e1/datanode-2/data/ratis/d0b485ca-373b-4e6d-abe6-9ad7c3ccb44a has been successfully formatted.
2022-11-07 13:36:22,559 [pool-118-thread-1] INFO  ratis.ContainerStateMachine (ContainerStateMachine.java:loadSnapshot(236)) - group-9AD7C3CCB44A: The snapshot info is null. Setting the last applied indexto:(t:0, i:~)
2022-11-07 13:36:22,559 [pool-118-thread-1] INFO  server.RaftServerConfigKeys (ConfUtils.java:logGet(46)) - raft.server.log.use.memory = false (default)
2022-11-07 13:36:22,564 [pool-118-thread-1] INFO  server.RaftServerConfigKeys (ConfUtils.java:logGet(46)) - raft.server.log.purge.gap = 1000000 (custom)
2022-11-07 13:36:22,564 [pool-118-thread-1] INFO  server.RaftServerConfigKeys (ConfUtils.java:logGet(46)) - raft.server.log.appender.buffer.byte-limit = 33554432 (custom)
2022-11-07 13:36:22,564 [pool-118-thread-1] INFO  server.RaftServerConfigKeys (ConfUtils.java:logGet(46)) - raft.server.log.statemachine.data.read.timeout = 1000ms (default)
2022-11-07 13:36:22,564 [pool-118-thread-1] INFO  server.RaftServerConfigKeys (ConfUtils.java:logGet(46)) - raft.server.log.purge.preservation.log.num = 0 (default)
2022-11-07 13:36:22,565 [pool-118-thread-1] INFO  server.RaftServerConfigKeys (ConfUtils.java:logGet(46)) - raft.server.log.segment.size.max = 1048576 (custom)
2022-11-07 13:36:22,565 [pool-118-thread-1] INFO  server.RaftServerConfigKeys (ConfUtils.java:logGet(46)) - raft.server.log.segment.cache.num.max = 2 (custom)
2022-11-07 13:36:22,565 [pool-118-thread-1] INFO  server.RaftServerConfigKeys (ConfUtils.java:logGet(46)) - raft.server.log.segment.cache.size.max = 200MB (=209715200) (default)
2022-11-07 13:36:22,565 [pool-118-thread-1] INFO  segmented.SegmentedRaftLogWorker (SegmentedRaftLogWorker.java:<init>(191)) - new 6c65cbd1-29d4-4a5b-900f-42154dc8d1b5@group-9AD7C3CCB44A-SegmentedRaftLogWorker for RaftStorageImpl:Storage Directory /home/runner/work/ozone/ozone/hadoop-ozone/integration-test/target/test-dir/MiniOzoneClusterImpl-379115e4-4d75-40c4-81a6-8e72fe3ed5e1/datanode-2/data/ratis/d0b485ca-373b-4e6d-abe6-9ad7c3ccb44a
2022-11-07 13:36:22,565 [pool-118-thread-1] INFO  server.RaftServerConfigKeys (ConfUtils.java:logGet(46)) - raft.server.log.queue.byte-limit = 4294967296 (custom)
2022-11-07 13:36:22,565 [pool-118-thread-1] INFO  server.RaftServerConfigKeys (ConfUtils.java:logGet(46)) - raft.server.log.queue.element-limit = 1024 (custom)
2022-11-07 13:36:22,565 [pool-118-thread-1] INFO  server.RaftServerConfigKeys (ConfUtils.java:logGet(46)) - raft.server.log.segment.size.max = 1048576 (custom)
2022-11-07 13:36:22,565 [pool-118-thread-1] INFO  server.RaftServerConfigKeys (ConfUtils.java:logGet(46)) - raft.server.log.preallocated.size = 16384 (custom)
2022-11-07 13:36:22,565 [pool-118-thread-1] INFO  server.RaftServerConfigKeys (ConfUtils.java:logGet(46)) - raft.server.log.force.sync.num = 128 (default)
2022-11-07 13:36:22,566 [pool-118-thread-1] INFO  server.RaftServerConfigKeys (ConfUtils.java:logGet(46)) - raft.server.log.statemachine.data.sync = true (default)
2022-11-07 13:36:22,566 [pool-118-thread-1] INFO  server.RaftServerConfigKeys (ConfUtils.java:logGet(46)) - raft.server.log.statemachine.data.sync.timeout = 10s (default)
2022-11-07 13:36:22,566 [pool-118-thread-1] INFO  server.RaftServerConfigKeys (ConfUtils.java:logGet(46)) - raft.server.log.statemachine.data.sync.timeout.retry = -1 (default)
2022-11-07 13:36:22,568 [pool-118-thread-1] INFO  server.RaftServerConfigKeys (ConfUtils.java:logGet(46)) - raft.server.log.write.buffer.size = 1048576 (custom)
2022-11-07 13:36:22,569 [pool-118-thread-1] INFO  server.RaftServerConfigKeys (ConfUtils.java:logGet(46)) - raft.server.log.unsafe-flush.enabled = false (default)
2022-11-07 13:36:22,569 [pool-118-thread-1] INFO  server.RaftServerConfigKeys (ConfUtils.java:logGet(46)) - raft.server.log.async-flush.enabled = false (default)
2022-11-07 13:36:22,569 [pool-118-thread-1] INFO  server.RaftServerConfigKeys (ConfUtils.java:logGet(46)) - raft.server.log.statemachine.data.caching.enabled = true (custom)
2022-11-07 13:36:22,569 [pool-118-thread-1] INFO  segmented.SegmentedRaftLogWorker (SegmentedRaftLogWorker.java:lambda$new$0(136)) - 6c65cbd1-29d4-4a5b-900f-42154dc8d1b5@group-9AD7C3CCB44A-SegmentedRaftLogWorker: flushIndex: setUnconditionally 0 -> -1
2022-11-07 13:36:22,569 [pool-118-thread-1] INFO  segmented.SegmentedRaftLogWorker (SegmentedRaftLogWorker.java:lambda$new$0(136)) - 6c65cbd1-29d4-4a5b-900f-42154dc8d1b5@group-9AD7C3CCB44A-SegmentedRaftLogWorker: safeCacheEvictIndex: setUnconditionally 0 -> -1
2022-11-07 13:36:22,584 [pool-118-thread-1] INFO  server.RaftServer$Division (RaftServerImpl.java:start(334)) - 6c65cbd1-29d4-4a5b-900f-42154dc8d1b5@group-9AD7C3CCB44A: start as a follower, conf=-1: peers:[6c65cbd1-29d4-4a5b-900f-42154dc8d1b5|rpc:10.1.0.230:38377|dataStream:|priority:1|startupRole:FOLLOWER, 178fd6cf-24a3-4e48-92ee-e3f3e7c66fbe|rpc:10.1.0.230:44445|dataStream:|priority:0|startupRole:FOLLOWER, ea7a942f-a5e8-4e3a-a5fc-4bf2947a514d|rpc:10.1.0.230:42367|dataStream:|priority:0|startupRole:FOLLOWER]|listeners:[], old=null
2022-11-07 13:36:22,584 [pool-118-thread-1] INFO  server.RaftServer$Division (RaftServerImpl.java:setRole(321)) - 6c65cbd1-29d4-4a5b-900f-42154dc8d1b5@group-9AD7C3CCB44A: changes role from      null to FOLLOWER at term 0 for startAsFollower
2022-11-07 13:36:22,585 [pool-118-thread-1] INFO  impl.RoleInfo (RoleInfo.java:updateAndGet(139)) - 6c65cbd1-29d4-4a5b-900f-42154dc8d1b5: start 6c65cbd1-29d4-4a5b-900f-42154dc8d1b5@group-9AD7C3CCB44A-FollowerState
2022-11-07 13:36:22,594 [pool-118-thread-1] INFO  util.JmxRegister (JmxRegister.java:tryRegister(44)) - Successfully registered JMX Bean with object name Ratis:service=RaftServer,group=group-9AD7C3CCB44A,id=6c65cbd1-29d4-4a5b-900f-42154dc8d1b5
2022-11-07 13:36:22,594 [pool-118-thread-1] INFO  server.RaftServerConfigKeys (ConfUtils.java:logGet(46)) - raft.server.snapshot.auto.trigger.enabled = true (custom)
2022-11-07 13:36:22,595 [pool-118-thread-1] INFO  server.RaftServerConfigKeys (ConfUtils.java:logGet(46)) - raft.server.snapshot.auto.trigger.threshold = 10000 (custom)
2022-11-07 13:36:22,595 [pool-118-thread-1] INFO  server.RaftServerConfigKeys (ConfUtils.java:logGet(46)) - raft.server.snapshot.retention.file.num = 5 (custom)
2022-11-07 13:36:22,595 [pool-118-thread-1] INFO  server.RaftServerConfigKeys (ConfUtils.java:logGet(46)) - raft.server.log.purge.upto.snapshot.index = false (default)
2022-11-07 13:36:22,596 [6c65cbd1-29d4-4a5b-900f-42154dc8d1b5@group-9AD7C3CCB44A-FollowerState] INFO  server.RaftServerConfigKeys (ConfUtils.java:logFallback(53)) - raft.server.rpc.first-election.timeout.min = 5s (fallback to raft.server.rpc.timeout.min)
2022-11-07 13:36:22,599 [6c65cbd1-29d4-4a5b-900f-42154dc8d1b5@group-9AD7C3CCB44A-FollowerState] INFO  server.RaftServerConfigKeys (ConfUtils.java:logFallback(53)) - raft.server.rpc.first-election.timeout.max = 5200ms (fallback to raft.server.rpc.timeout.max)
2022-11-07 13:36:22,619 [Command processor thread] INFO  server.RaftServer (RaftServerProxy.java:addNew(96)) - 6c65cbd1-29d4-4a5b-900f-42154dc8d1b5: addNew group-1C8394A1C630:[6c65cbd1-29d4-4a5b-900f-42154dc8d1b5|rpc:10.1.0.230:38377|priority:1|startupRole:FOLLOWER] returns group-1C8394A1C630:java.util.concurrent.CompletableFuture@2dffca46[Not completed]
2022-11-07 13:36:22,619 [pool-118-thread-1] INFO  server.RaftServer$Division (RaftServerImpl.java:<init>(195)) - 6c65cbd1-29d4-4a5b-900f-42154dc8d1b5: new RaftServerImpl for group-1C8394A1C630:[6c65cbd1-29d4-4a5b-900f-42154dc8d1b5|rpc:10.1.0.230:38377|priority:1|startupRole:FOLLOWER] with ContainerStateMachine:uninitialized
2022-11-07 13:36:22,620 [pool-118-thread-1] INFO  server.RaftServerConfigKeys (ConfUtils.java:logGet(46)) - raft.server.rpc.timeout.min = 5s (custom)
2022-11-07 13:36:22,620 [pool-118-thread-1] INFO  server.RaftServerConfigKeys (ConfUtils.java:logGet(46)) - raft.server.rpc.timeout.max = 5200ms (custom)
2022-11-07 13:36:22,620 [pool-118-thread-1] INFO  server.RaftServerConfigKeys (ConfUtils.java:logGet(46)) - raft.server.rpc.sleep.time = 25ms (default)
2022-11-07 13:36:22,620 [pool-118-thread-1] INFO  server.RaftServerConfigKeys (ConfUtils.java:logGet(46)) - raft.server.rpc.slowness.timeout = 300s (custom)
2022-11-07 13:36:22,620 [pool-118-thread-1] INFO  server.RaftServerConfigKeys (ConfUtils.java:logGet(46)) - raft.server.leaderelection.leader.step-down.wait-time = 10s (default)
2022-11-07 13:36:22,620 [pool-118-thread-1] INFO  server.RaftServerConfigKeys (ConfUtils.java:logGet(46)) - raft.server.sleep.deviation.threshold = 300ms (default)
2022-11-07 13:36:22,620 [pool-118-thread-1] INFO  server.RaftServer$Division (ServerState.java:<init>(118)) - 6c65cbd1-29d4-4a5b-900f-42154dc8d1b5@group-1C8394A1C630: ConfigurationManager, init=-1: peers:[6c65cbd1-29d4-4a5b-900f-42154dc8d1b5|rpc:10.1.0.230:38377|priority:1|startupRole:FOLLOWER]|listeners:[], old=null, confs=<EMPTY_MAP>
2022-11-07 13:36:22,620 [pool-118-thread-1] INFO  server.RaftServerConfigKeys (ConfUtils.java:logGet(46)) - raft.server.storage.dir = [/home/runner/work/ozone/ozone/hadoop-ozone/integration-test/target/test-dir/MiniOzoneClusterImpl-379115e4-4d75-40c4-81a6-8e72fe3ed5e1/datanode-2/data/ratis] (custom)
2022-11-07 13:36:22,620 [pool-118-thread-1] INFO  server.RaftServerConfigKeys (ConfUtils.java:logGet(46)) - raft.server.log.corruption.policy = EXCEPTION (default)
2022-11-07 13:36:22,620 [pool-118-thread-1] INFO  server.RaftServerConfigKeys (ConfUtils.java:logGet(46)) - raft.server.storage.free-space.min = 0MB (=0) (default)
2022-11-07 13:36:22,620 [pool-118-thread-1] INFO  server.RaftServerConfigKeys (ConfUtils.java:logGet(46)) - raft.server.notification.no-leader.timeout = 300s (custom)
2022-11-07 13:36:22,620 [pool-118-thread-1] INFO  server.RaftServerConfigKeys (ConfUtils.java:logGet(46)) - raft.server.retrycache.expirytime = 600000ms (custom)
2022-11-07 13:36:22,620 [pool-118-thread-1] INFO  server.RaftServerConfigKeys (ConfUtils.java:logGet(46)) - raft.server.retrycache.statistics.expirytime = 100μs (default)
2022-11-07 13:36:22,621 [pool-118-thread-1] INFO  server.RaftServerConfigKeys (ConfUtils.java:logGet(46)) - raft.server.log.appender.install.snapshot.enabled = false (custom)
2022-11-07 13:36:22,622 [pool-118-thread-1] INFO  server.RaftServerConfigKeys (ConfUtils.java:logGet(46)) - raft.server.threadpool.server.cached = true (default)
2022-11-07 13:36:22,622 [pool-118-thread-1] INFO  server.RaftServerConfigKeys (ConfUtils.java:logGet(46)) - raft.server.threadpool.server.size = 0 (default)
2022-11-07 13:36:22,622 [pool-118-thread-1] INFO  server.RaftServerConfigKeys (ConfUtils.java:logGet(46)) - raft.server.threadpool.client.cached = true (default)
2022-11-07 13:36:22,622 [pool-118-thread-1] INFO  server.RaftServerConfigKeys (ConfUtils.java:logGet(46)) - raft.server.threadpool.client.size = 0 (default)
2022-11-07 13:36:22,622 [pool-118-thread-1] INFO  storage.RaftStorageDirectory (RaftStorageDirectoryImpl.java:analyzeStorage(137)) - The storage directory /home/runner/work/ozone/ozone/hadoop-ozone/integration-test/target/test-dir/MiniOzoneClusterImpl-379115e4-4d75-40c4-81a6-8e72fe3ed5e1/datanode-2/data/ratis/be8e6e46-7591-4529-a285-1c8394a1c630 does not exist. Creating ...
2022-11-07 13:36:22,628 [pool-118-thread-1] INFO  storage.RaftStorageDirectory (RaftStorageDirectoryImpl.java:tryLock(231)) - Lock on /home/runner/work/ozone/ozone/hadoop-ozone/integration-test/target/test-dir/MiniOzoneClusterImpl-379115e4-4d75-40c4-81a6-8e72fe3ed5e1/datanode-2/data/ratis/be8e6e46-7591-4529-a285-1c8394a1c630/in_use.lock acquired by nodename 63149@fv-az424-534
2022-11-07 13:36:22,637 [pool-118-thread-1] INFO  storage.RaftStorage (RaftStorageImpl.java:format(96)) - Storage directory /home/runner/work/ozone/ozone/hadoop-ozone/integration-test/target/test-dir/MiniOzoneClusterImpl-379115e4-4d75-40c4-81a6-8e72fe3ed5e1/datanode-2/data/ratis/be8e6e46-7591-4529-a285-1c8394a1c630 has been successfully formatted.
2022-11-07 13:36:22,638 [pool-118-thread-1] INFO  ratis.ContainerStateMachine (ContainerStateMachine.java:loadSnapshot(236)) - group-1C8394A1C630: The snapshot info is null. Setting the last applied indexto:(t:0, i:~)
2022-11-07 13:36:22,638 [pool-118-thread-1] INFO  server.RaftServerConfigKeys (ConfUtils.java:logGet(46)) - raft.server.log.use.memory = false (default)
2022-11-07 13:36:22,638 [pool-118-thread-1] INFO  server.RaftServerConfigKeys (ConfUtils.java:logGet(46)) - raft.server.log.purge.gap = 1000000 (custom)
2022-11-07 13:36:22,638 [pool-118-thread-1] INFO  server.RaftServerConfigKeys (ConfUtils.java:logGet(46)) - raft.server.log.appender.buffer.byte-limit = 33554432 (custom)
2022-11-07 13:36:22,638 [pool-118-thread-1] INFO  server.RaftServerConfigKeys (ConfUtils.java:logGet(46)) - raft.server.log.statemachine.data.read.timeout = 1000ms (default)
2022-11-07 13:36:22,638 [pool-118-thread-1] INFO  server.RaftServerConfigKeys (ConfUtils.java:logGet(46)) - raft.server.log.purge.preservation.log.num = 0 (default)
2022-11-07 13:36:22,638 [pool-118-thread-1] INFO  server.RaftServerConfigKeys (ConfUtils.java:logGet(46)) - raft.server.log.segment.size.max = 1048576 (custom)
2022-11-07 13:36:22,640 [pool-118-thread-1] INFO  server.RaftServerConfigKeys (ConfUtils.java:logGet(46)) - raft.server.log.segment.cache.num.max = 2 (custom)
2022-11-07 13:36:22,640 [pool-118-thread-1] INFO  server.RaftServerConfigKeys (ConfUtils.java:logGet(46)) - raft.server.log.segment.cache.size.max = 200MB (=209715200) (default)
2022-11-07 13:36:22,640 [pool-118-thread-1] INFO  segmented.SegmentedRaftLogWorker (SegmentedRaftLogWorker.java:<init>(191)) - new 6c65cbd1-29d4-4a5b-900f-42154dc8d1b5@group-1C8394A1C630-SegmentedRaftLogWorker for RaftStorageImpl:Storage Directory /home/runner/work/ozone/ozone/hadoop-ozone/integration-test/target/test-dir/MiniOzoneClusterImpl-379115e4-4d75-40c4-81a6-8e72fe3ed5e1/datanode-2/data/ratis/be8e6e46-7591-4529-a285-1c8394a1c630
2022-11-07 13:36:22,640 [pool-118-thread-1] INFO  server.RaftServerConfigKeys (ConfUtils.java:logGet(46)) - raft.server.log.queue.byte-limit = 4294967296 (custom)
2022-11-07 13:36:22,640 [pool-118-thread-1] INFO  server.RaftServerConfigKeys (ConfUtils.java:logGet(46)) - raft.server.log.queue.element-limit = 1024 (custom)
2022-11-07 13:36:22,640 [pool-118-thread-1] INFO  server.RaftServerConfigKeys (ConfUtils.java:logGet(46)) - raft.server.log.segment.size.max = 1048576 (custom)
2022-11-07 13:36:22,640 [pool-118-thread-1] INFO  server.RaftServerConfigKeys (ConfUtils.java:logGet(46)) - raft.server.log.preallocated.size = 16384 (custom)
2022-11-07 13:36:22,640 [pool-118-thread-1] INFO  server.RaftServerConfigKeys (ConfUtils.java:logGet(46)) - raft.server.log.force.sync.num = 128 (default)
2022-11-07 13:36:22,641 [pool-118-thread-1] INFO  server.RaftServerConfigKeys (ConfUtils.java:logGet(46)) - raft.server.log.statemachine.data.sync = true (default)
2022-11-07 13:36:22,641 [pool-118-thread-1] INFO  server.RaftServerConfigKeys (ConfUtils.java:logGet(46)) - raft.server.log.statemachine.data.sync.timeout = 10s (default)
2022-11-07 13:36:22,641 [pool-118-thread-1] INFO  server.RaftServerConfigKeys (ConfUtils.java:logGet(46)) - raft.server.log.statemachine.data.sync.timeout.retry = -1 (default)
2022-11-07 13:36:22,642 [pool-118-thread-1] INFO  server.RaftServerConfigKeys (ConfUtils.java:logGet(46)) - raft.server.log.write.buffer.size = 1048576 (custom)
2022-11-07 13:36:22,642 [pool-118-thread-1] INFO  server.RaftServerConfigKeys (ConfUtils.java:logGet(46)) - raft.server.log.unsafe-flush.enabled = false (default)
2022-11-07 13:36:22,642 [pool-118-thread-1] INFO  server.RaftServerConfigKeys (ConfUtils.java:logGet(46)) - raft.server.log.async-flush.enabled = false (default)
2022-11-07 13:36:22,643 [pool-118-thread-1] INFO  server.RaftServerConfigKeys (ConfUtils.java:logGet(46)) - raft.server.log.statemachine.data.caching.enabled = true (custom)
2022-11-07 13:36:22,646 [pool-118-thread-1] INFO  segmented.SegmentedRaftLogWorker (SegmentedRaftLogWorker.java:lambda$new$0(136)) - 6c65cbd1-29d4-4a5b-900f-42154dc8d1b5@group-1C8394A1C630-SegmentedRaftLogWorker: flushIndex: setUnconditionally 0 -> -1
2022-11-07 13:36:22,647 [EventQueue-PipelineReportForPipelineReportHandler] INFO  pipeline.PipelineManagerImpl (PipelineManagerImpl.java:openPipeline(367)) - Pipeline Pipeline[ Id: be8e6e46-7591-4529-a285-1c8394a1c630, Nodes: 6c65cbd1-29d4-4a5b-900f-42154dc8d1b5{ip: 10.1.0.230, host: fv-az424-534.i1gjr3zuz4qevjy1zin2gin2ih.gx.internal.cloudapp.net, ports: [REPLICATION=37975, RATIS=38377, RATIS_ADMIN=38377, RATIS_SERVER=38377, STANDALONE=45313], networkLocation: /default-rack, certSerialId: null, persistedOpState: IN_SERVICE, persistedOpStateExpiryEpochSec: 0}, ReplicationConfig: RATIS/ONE, State:ALLOCATED, leaderId:6c65cbd1-29d4-4a5b-900f-42154dc8d1b5, CreationTimestamp2022-11-07T13:36:19.621Z[Etc/UTC]] moved to OPEN state
2022-11-07 13:36:22,654 [EventQueue-OpenPipelineForHealthyPipelineSafeModeRule] INFO  safemode.SCMSafeModeManager (HealthyPipelineSafeModeRule.java:process(137)) - SCM in safe mode. Healthy pipelines reported count is 0, required healthy pipeline reported count is 1
2022-11-07 13:36:22,652 [pool-118-thread-1] INFO  segmented.SegmentedRaftLogWorker (SegmentedRaftLogWorker.java:lambda$new$0(136)) - 6c65cbd1-29d4-4a5b-900f-42154dc8d1b5@group-1C8394A1C630-SegmentedRaftLogWorker: safeCacheEvictIndex: setUnconditionally 0 -> -1
2022-11-07 13:36:22,662 [pool-118-thread-1] INFO  server.RaftServer$Division (RaftServerImpl.java:start(334)) - 6c65cbd1-29d4-4a5b-900f-42154dc8d1b5@group-1C8394A1C630: start as a follower, conf=-1: peers:[6c65cbd1-29d4-4a5b-900f-42154dc8d1b5|rpc:10.1.0.230:38377|priority:1|startupRole:FOLLOWER]|listeners:[], old=null
2022-11-07 13:36:22,662 [pool-118-thread-1] INFO  server.RaftServer$Division (RaftServerImpl.java:setRole(321)) - 6c65cbd1-29d4-4a5b-900f-42154dc8d1b5@group-1C8394A1C630: changes role from      null to FOLLOWER at term 0 for startAsFollower
2022-11-07 13:36:22,663 [pool-118-thread-1] INFO  impl.RoleInfo (RoleInfo.java:updateAndGet(139)) - 6c65cbd1-29d4-4a5b-900f-42154dc8d1b5: start 6c65cbd1-29d4-4a5b-900f-42154dc8d1b5@group-1C8394A1C630-FollowerState
2022-11-07 13:36:22,663 [pool-118-thread-1] INFO  util.JmxRegister (JmxRegister.java:tryRegister(44)) - Successfully registered JMX Bean with object name Ratis:service=RaftServer,group=group-1C8394A1C630,id=6c65cbd1-29d4-4a5b-900f-42154dc8d1b5
2022-11-07 13:36:22,663 [pool-118-thread-1] INFO  server.RaftServerConfigKeys (ConfUtils.java:logGet(46)) - raft.server.snapshot.auto.trigger.enabled = true (custom)
2022-11-07 13:36:22,663 [pool-118-thread-1] INFO  server.RaftServerConfigKeys (ConfUtils.java:logGet(46)) - raft.server.snapshot.auto.trigger.threshold = 10000 (custom)
2022-11-07 13:36:22,663 [pool-118-thread-1] INFO  server.RaftServerConfigKeys (ConfUtils.java:logGet(46)) - raft.server.snapshot.retention.file.num = 5 (custom)
2022-11-07 13:36:22,663 [pool-118-thread-1] INFO  server.RaftServerConfigKeys (ConfUtils.java:logGet(46)) - raft.server.log.purge.upto.snapshot.index = false (default)
2022-11-07 13:36:22,669 [Command processor thread] INFO  ratis.XceiverServerRatis (XceiverServerRatis.java:addGroup(765)) - Created group PipelineID=be8e6e46-7591-4529-a285-1c8394a1c630
2022-11-07 13:36:22,669 [Command processor thread] INFO  commandhandler.CreatePipelineCommandHandler (CreatePipelineCommandHandler.java:handle(113)) - Created Pipeline RATIS ONE PipelineID=be8e6e46-7591-4529-a285-1c8394a1c630.
2022-11-07 13:36:22,669 [Command processor thread] INFO  server.RaftServer (RaftServerProxy.java:addNew(96)) - 6c65cbd1-29d4-4a5b-900f-42154dc8d1b5: addNew group-9B4EAB97F8F6:[6c65cbd1-29d4-4a5b-900f-42154dc8d1b5|rpc:10.1.0.230:38377|priority:0|startupRole:FOLLOWER, 178fd6cf-24a3-4e48-92ee-e3f3e7c66fbe|rpc:10.1.0.230:44445|priority:1|startupRole:FOLLOWER, ea7a942f-a5e8-4e3a-a5fc-4bf2947a514d|rpc:10.1.0.230:42367|priority:0|startupRole:FOLLOWER] returns group-9B4EAB97F8F6:java.util.concurrent.CompletableFuture@23383189[Not completed]
2022-11-07 13:36:22,670 [pool-118-thread-1] INFO  server.RaftServer$Division (RaftServerImpl.java:<init>(195)) - 6c65cbd1-29d4-4a5b-900f-42154dc8d1b5: new RaftServerImpl for group-9B4EAB97F8F6:[6c65cbd1-29d4-4a5b-900f-42154dc8d1b5|rpc:10.1.0.230:38377|priority:0|startupRole:FOLLOWER, 178fd6cf-24a3-4e48-92ee-e3f3e7c66fbe|rpc:10.1.0.230:44445|priority:1|startupRole:FOLLOWER, ea7a942f-a5e8-4e3a-a5fc-4bf2947a514d|rpc:10.1.0.230:42367|priority:0|startupRole:FOLLOWER] with ContainerStateMachine:uninitialized
2022-11-07 13:36:22,670 [pool-118-thread-1] INFO  server.RaftServerConfigKeys (ConfUtils.java:logGet(46)) - raft.server.rpc.timeout.min = 5s (custom)
2022-11-07 13:36:22,670 [pool-118-thread-1] INFO  server.RaftServerConfigKeys (ConfUtils.java:logGet(46)) - raft.server.rpc.timeout.max = 5200ms (custom)
2022-11-07 13:36:22,670 [pool-118-thread-1] INFO  server.RaftServerConfigKeys (ConfUtils.java:logGet(46)) - raft.server.rpc.sleep.time = 25ms (default)
2022-11-07 13:36:22,670 [pool-118-thread-1] INFO  server.RaftServerConfigKeys (ConfUtils.java:logGet(46)) - raft.server.rpc.slowness.timeout = 300s (custom)
2022-11-07 13:36:22,670 [pool-118-thread-1] INFO  server.RaftServerConfigKeys (ConfUtils.java:logGet(46)) - raft.server.leaderelection.leader.step-down.wait-time = 10s (default)
2022-11-07 13:36:22,670 [pool-118-thread-1] INFO  server.RaftServerConfigKeys (ConfUtils.java:logGet(46)) - raft.server.sleep.deviation.threshold = 300ms (default)
2022-11-07 13:36:22,670 [pool-118-thread-1] INFO  server.RaftServer$Division (ServerState.java:<init>(118)) - 6c65cbd1-29d4-4a5b-900f-42154dc8d1b5@group-9B4EAB97F8F6: ConfigurationManager, init=-1: peers:[6c65cbd1-29d4-4a5b-900f-42154dc8d1b5|rpc:10.1.0.230:38377|priority:0|startupRole:FOLLOWER, 178fd6cf-24a3-4e48-92ee-e3f3e7c66fbe|rpc:10.1.0.230:44445|priority:1|startupRole:FOLLOWER, ea7a942f-a5e8-4e3a-a5fc-4bf2947a514d|rpc:10.1.0.230:42367|priority:0|startupRole:FOLLOWER]|listeners:[], old=null, confs=<EMPTY_MAP>
2022-11-07 13:36:22,670 [pool-118-thread-1] INFO  server.RaftServerConfigKeys (ConfUtils.java:logGet(46)) - raft.server.storage.dir = [/home/runner/work/ozone/ozone/hadoop-ozone/integration-test/target/test-dir/MiniOzoneClusterImpl-379115e4-4d75-40c4-81a6-8e72fe3ed5e1/datanode-2/data/ratis] (custom)
2022-11-07 13:36:22,671 [pool-118-thread-1] INFO  server.RaftServerConfigKeys (ConfUtils.java:logGet(46)) - raft.server.log.corruption.policy = EXCEPTION (default)
2022-11-07 13:36:22,671 [pool-118-thread-1] INFO  server.RaftServerConfigKeys (ConfUtils.java:logGet(46)) - raft.server.storage.free-space.min = 0MB (=0) (default)
2022-11-07 13:36:22,671 [pool-118-thread-1] INFO  server.RaftServerConfigKeys (ConfUtils.java:logGet(46)) - raft.server.notification.no-leader.timeout = 300s (custom)
2022-11-07 13:36:22,671 [pool-118-thread-1] INFO  server.RaftServerConfigKeys (ConfUtils.java:logGet(46)) - raft.server.retrycache.expirytime = 600000ms (custom)
2022-11-07 13:36:22,683 [pool-118-thread-1] INFO  server.RaftServerConfigKeys (ConfUtils.java:logGet(46)) - raft.server.retrycache.statistics.expirytime = 100μs (default)
2022-11-07 13:36:22,684 [pool-118-thread-1] INFO  server.RaftServerConfigKeys (ConfUtils.java:logGet(46)) - raft.server.log.appender.install.snapshot.enabled = false (custom)
2022-11-07 13:36:22,684 [pool-118-thread-1] INFO  server.RaftServerConfigKeys (ConfUtils.java:logGet(46)) - raft.server.threadpool.server.cached = true (default)
2022-11-07 13:36:22,684 [pool-118-thread-1] INFO  server.RaftServerConfigKeys (ConfUtils.java:logGet(46)) - raft.server.threadpool.server.size = 0 (default)
2022-11-07 13:36:22,685 [pool-118-thread-1] INFO  server.RaftServerConfigKeys (ConfUtils.java:logGet(46)) - raft.server.threadpool.client.cached = true (default)
2022-11-07 13:36:22,685 [pool-118-thread-1] INFO  server.RaftServerConfigKeys (ConfUtils.java:logGet(46)) - raft.server.threadpool.client.size = 0 (default)
2022-11-07 13:36:22,685 [pool-118-thread-1] INFO  storage.RaftStorageDirectory (RaftStorageDirectoryImpl.java:analyzeStorage(137)) - The storage directory /home/runner/work/ozone/ozone/hadoop-ozone/integration-test/target/test-dir/MiniOzoneClusterImpl-379115e4-4d75-40c4-81a6-8e72fe3ed5e1/datanode-2/data/ratis/1d5b93f7-4d28-445a-8097-9b4eab97f8f6 does not exist. Creating ...
2022-11-07 13:36:22,685 [6c65cbd1-29d4-4a5b-900f-42154dc8d1b5@group-1C8394A1C630-FollowerState] INFO  server.RaftServerConfigKeys (ConfUtils.java:logFallback(53)) - raft.server.rpc.first-election.timeout.min = 5s (fallback to raft.server.rpc.timeout.min)
2022-11-07 13:36:22,686 [6c65cbd1-29d4-4a5b-900f-42154dc8d1b5@group-1C8394A1C630-FollowerState] INFO  server.RaftServerConfigKeys (ConfUtils.java:logFallback(53)) - raft.server.rpc.first-election.timeout.max = 5200ms (fallback to raft.server.rpc.timeout.max)
2022-11-07 13:36:22,686 [pool-118-thread-1] INFO  storage.RaftStorageDirectory (RaftStorageDirectoryImpl.java:tryLock(231)) - Lock on /home/runner/work/ozone/ozone/hadoop-ozone/integration-test/target/test-dir/MiniOzoneClusterImpl-379115e4-4d75-40c4-81a6-8e72fe3ed5e1/datanode-2/data/ratis/1d5b93f7-4d28-445a-8097-9b4eab97f8f6/in_use.lock acquired by nodename 63149@fv-az424-534
2022-11-07 13:36:22,688 [pool-118-thread-1] INFO  storage.RaftStorage (RaftStorageImpl.java:format(96)) - Storage directory /home/runner/work/ozone/ozone/hadoop-ozone/integration-test/target/test-dir/MiniOzoneClusterImpl-379115e4-4d75-40c4-81a6-8e72fe3ed5e1/datanode-2/data/ratis/1d5b93f7-4d28-445a-8097-9b4eab97f8f6 has been successfully formatted.
2022-11-07 13:36:22,689 [pool-118-thread-1] INFO  ratis.ContainerStateMachine (ContainerStateMachine.java:loadSnapshot(236)) - group-9B4EAB97F8F6: The snapshot info is null. Setting the last applied indexto:(t:0, i:~)
2022-11-07 13:36:22,689 [pool-118-thread-1] INFO  server.RaftServerConfigKeys (ConfUtils.java:logGet(46)) - raft.server.log.use.memory = false (default)
2022-11-07 13:36:22,689 [pool-118-thread-1] INFO  server.RaftServerConfigKeys (ConfUtils.java:logGet(46)) - raft.server.log.purge.gap = 1000000 (custom)
2022-11-07 13:36:22,689 [pool-118-thread-1] INFO  server.RaftServerConfigKeys (ConfUtils.java:logGet(46)) - raft.server.log.appender.buffer.byte-limit = 33554432 (custom)
2022-11-07 13:36:22,689 [pool-118-thread-1] INFO  server.RaftServerConfigKeys (ConfUtils.java:logGet(46)) - raft.server.log.statemachine.data.read.timeout = 1000ms (default)
2022-11-07 13:36:22,689 [pool-118-thread-1] INFO  server.RaftServerConfigKeys (ConfUtils.java:logGet(46)) - raft.server.log.purge.preservation.log.num = 0 (default)
2022-11-07 13:36:22,689 [pool-118-thread-1] INFO  server.RaftServerConfigKeys (ConfUtils.java:logGet(46)) - raft.server.log.segment.size.max = 1048576 (custom)
2022-11-07 13:36:22,690 [pool-118-thread-1] INFO  server.RaftServerConfigKeys (ConfUtils.java:logGet(46)) - raft.server.log.segment.cache.num.max = 2 (custom)
2022-11-07 13:36:22,690 [pool-118-thread-1] INFO  server.RaftServerConfigKeys (ConfUtils.java:logGet(46)) - raft.server.log.segment.cache.size.max = 200MB (=209715200) (default)
2022-11-07 13:36:22,690 [pool-118-thread-1] INFO  segmented.SegmentedRaftLogWorker (SegmentedRaftLogWorker.java:<init>(191)) - new 6c65cbd1-29d4-4a5b-900f-42154dc8d1b5@group-9B4EAB97F8F6-SegmentedRaftLogWorker for RaftStorageImpl:Storage Directory /home/runner/work/ozone/ozone/hadoop-ozone/integration-test/target/test-dir/MiniOzoneClusterImpl-379115e4-4d75-40c4-81a6-8e72fe3ed5e1/datanode-2/data/ratis/1d5b93f7-4d28-445a-8097-9b4eab97f8f6
2022-11-07 13:36:22,690 [pool-118-thread-1] INFO  server.RaftServerConfigKeys (ConfUtils.java:logGet(46)) - raft.server.log.queue.byte-limit = 4294967296 (custom)
2022-11-07 13:36:22,690 [pool-118-thread-1] INFO  server.RaftServerConfigKeys (ConfUtils.java:logGet(46)) - raft.server.log.queue.element-limit = 1024 (custom)
2022-11-07 13:36:22,690 [pool-118-thread-1] INFO  server.RaftServerConfigKeys (ConfUtils.java:logGet(46)) - raft.server.log.segment.size.max = 1048576 (custom)
2022-11-07 13:36:22,690 [pool-118-thread-1] INFO  server.RaftServerConfigKeys (ConfUtils.java:logGet(46)) - raft.server.log.preallocated.size = 16384 (custom)
2022-11-07 13:36:22,690 [pool-118-thread-1] INFO  server.RaftServerConfigKeys (ConfUtils.java:logGet(46)) - raft.server.log.force.sync.num = 128 (default)
2022-11-07 13:36:22,690 [pool-118-thread-1] INFO  server.RaftServerConfigKeys (ConfUtils.java:logGet(46)) - raft.server.log.statemachine.data.sync = true (default)
2022-11-07 13:36:22,690 [pool-118-thread-1] INFO  server.RaftServerConfigKeys (ConfUtils.java:logGet(46)) - raft.server.log.statemachine.data.sync.timeout = 10s (default)
2022-11-07 13:36:22,690 [pool-118-thread-1] INFO  server.RaftServerConfigKeys (ConfUtils.java:logGet(46)) - raft.server.log.statemachine.data.sync.timeout.retry = -1 (default)
2022-11-07 13:36:22,691 [pool-118-thread-1] INFO  server.RaftServerConfigKeys (ConfUtils.java:logGet(46)) - raft.server.log.write.buffer.size = 1048576 (custom)
2022-11-07 13:36:22,692 [pool-118-thread-1] INFO  server.RaftServerConfigKeys (ConfUtils.java:logGet(46)) - raft.server.log.unsafe-flush.enabled = false (default)
2022-11-07 13:36:22,692 [pool-118-thread-1] INFO  server.RaftServerConfigKeys (ConfUtils.java:logGet(46)) - raft.server.log.async-flush.enabled = false (default)
2022-11-07 13:36:22,692 [pool-118-thread-1] INFO  server.RaftServerConfigKeys (ConfUtils.java:logGet(46)) - raft.server.log.statemachine.data.caching.enabled = true (custom)
2022-11-07 13:36:22,692 [pool-118-thread-1] INFO  segmented.SegmentedRaftLogWorker (SegmentedRaftLogWorker.java:lambda$new$0(136)) - 6c65cbd1-29d4-4a5b-900f-42154dc8d1b5@group-9B4EAB97F8F6-SegmentedRaftLogWorker: flushIndex: setUnconditionally 0 -> -1
2022-11-07 13:36:22,692 [pool-118-thread-1] INFO  segmented.SegmentedRaftLogWorker (SegmentedRaftLogWorker.java:lambda$new$0(136)) - 6c65cbd1-29d4-4a5b-900f-42154dc8d1b5@group-9B4EAB97F8F6-SegmentedRaftLogWorker: safeCacheEvictIndex: setUnconditionally 0 -> -1
2022-11-07 13:36:22,696 [pool-118-thread-1] INFO  server.RaftServer$Division (RaftServerImpl.java:start(334)) - 6c65cbd1-29d4-4a5b-900f-42154dc8d1b5@group-9B4EAB97F8F6: start as a follower, conf=-1: peers:[6c65cbd1-29d4-4a5b-900f-42154dc8d1b5|rpc:10.1.0.230:38377|priority:0|startupRole:FOLLOWER, 178fd6cf-24a3-4e48-92ee-e3f3e7c66fbe|rpc:10.1.0.230:44445|priority:1|startupRole:FOLLOWER, ea7a942f-a5e8-4e3a-a5fc-4bf2947a514d|rpc:10.1.0.230:42367|priority:0|startupRole:FOLLOWER]|listeners:[], old=null
2022-11-07 13:36:22,696 [pool-118-thread-1] INFO  server.RaftServer$Division (RaftServerImpl.java:setRole(321)) - 6c65cbd1-29d4-4a5b-900f-42154dc8d1b5@group-9B4EAB97F8F6: changes role from      null to FOLLOWER at term 0 for startAsFollower
2022-11-07 13:36:22,696 [pool-118-thread-1] INFO  impl.RoleInfo (RoleInfo.java:updateAndGet(139)) - 6c65cbd1-29d4-4a5b-900f-42154dc8d1b5: start 6c65cbd1-29d4-4a5b-900f-42154dc8d1b5@group-9B4EAB97F8F6-FollowerState
2022-11-07 13:36:22,702 [pool-118-thread-1] INFO  util.JmxRegister (JmxRegister.java:tryRegister(44)) - Successfully registered JMX Bean with object name Ratis:service=RaftServer,group=group-9B4EAB97F8F6,id=6c65cbd1-29d4-4a5b-900f-42154dc8d1b5
2022-11-07 13:36:22,702 [pool-118-thread-1] INFO  server.RaftServerConfigKeys (ConfUtils.java:logGet(46)) - raft.server.snapshot.auto.trigger.enabled = true (custom)
2022-11-07 13:36:22,702 [pool-118-thread-1] INFO  server.RaftServerConfigKeys (ConfUtils.java:logGet(46)) - raft.server.snapshot.auto.trigger.threshold = 10000 (custom)
2022-11-07 13:36:22,702 [pool-118-thread-1] INFO  server.RaftServerConfigKeys (ConfUtils.java:logGet(46)) - raft.server.snapshot.retention.file.num = 5 (custom)
2022-11-07 13:36:22,702 [pool-118-thread-1] INFO  server.RaftServerConfigKeys (ConfUtils.java:logGet(46)) - raft.server.log.purge.upto.snapshot.index = false (default)
2022-11-07 13:36:22,706 [Command processor thread] INFO  ratis.XceiverServerRatis (XceiverServerRatis.java:addGroup(765)) - Created group PipelineID=1d5b93f7-4d28-445a-8097-9b4eab97f8f6
2022-11-07 13:36:22,707 [6c65cbd1-29d4-4a5b-900f-42154dc8d1b5@group-9B4EAB97F8F6-FollowerState] INFO  server.RaftServerConfigKeys (ConfUtils.java:logFallback(53)) - raft.server.rpc.first-election.timeout.min = 5s (fallback to raft.server.rpc.timeout.min)
2022-11-07 13:36:22,707 [6c65cbd1-29d4-4a5b-900f-42154dc8d1b5@group-9B4EAB97F8F6-FollowerState] INFO  server.RaftServerConfigKeys (ConfUtils.java:logFallback(53)) - raft.server.rpc.first-election.timeout.max = 5200ms (fallback to raft.server.rpc.timeout.max)
2022-11-07 13:36:22,714 [EventQueue-OpenPipelineForHealthyPipelineSafeModeRule] INFO  safemode.SCMSafeModeManager (HealthyPipelineSafeModeRule.java:process(137)) - SCM in safe mode. Healthy pipelines reported count is 0, required healthy pipeline reported count is 1
2022-11-07 13:36:22,719 [Command processor thread] INFO  commandhandler.CreatePipelineCommandHandler (CreatePipelineCommandHandler.java:handle(113)) - Created Pipeline RATIS THREE PipelineID=d0b485ca-373b-4e6d-abe6-9ad7c3ccb44a.
2022-11-07 13:36:22,719 [Command processor thread] INFO  server.RaftServer (RaftServerProxy.java:addNew(96)) - ea7a942f-a5e8-4e3a-a5fc-4bf2947a514d: addNew group-9B4EAB97F8F6:[6c65cbd1-29d4-4a5b-900f-42154dc8d1b5|rpc:10.1.0.230:38377|priority:0|startupRole:FOLLOWER, 178fd6cf-24a3-4e48-92ee-e3f3e7c66fbe|rpc:10.1.0.230:44445|priority:1|startupRole:FOLLOWER, ea7a942f-a5e8-4e3a-a5fc-4bf2947a514d|rpc:10.1.0.230:42367|priority:0|startupRole:FOLLOWER] returns group-9B4EAB97F8F6:java.util.concurrent.CompletableFuture@45dd8287[Not completed]
2022-11-07 13:36:22,722 [pool-95-thread-1] INFO  server.RaftServer$Division (RaftServerImpl.java:<init>(195)) - ea7a942f-a5e8-4e3a-a5fc-4bf2947a514d: new RaftServerImpl for group-9B4EAB97F8F6:[6c65cbd1-29d4-4a5b-900f-42154dc8d1b5|rpc:10.1.0.230:38377|priority:0|startupRole:FOLLOWER, 178fd6cf-24a3-4e48-92ee-e3f3e7c66fbe|rpc:10.1.0.230:44445|priority:1|startupRole:FOLLOWER, ea7a942f-a5e8-4e3a-a5fc-4bf2947a514d|rpc:10.1.0.230:42367|priority:0|startupRole:FOLLOWER] with ContainerStateMachine:uninitialized
2022-11-07 13:36:22,722 [pool-95-thread-1] INFO  server.RaftServerConfigKeys (ConfUtils.java:logGet(46)) - raft.server.rpc.timeout.min = 5s (custom)
2022-11-07 13:36:22,722 [pool-95-thread-1] INFO  server.RaftServerConfigKeys (ConfUtils.java:logGet(46)) - raft.server.rpc.timeout.max = 5200ms (custom)
2022-11-07 13:36:22,722 [pool-95-thread-1] INFO  server.RaftServerConfigKeys (ConfUtils.java:logGet(46)) - raft.server.rpc.sleep.time = 25ms (default)
2022-11-07 13:36:22,722 [pool-95-thread-1] INFO  server.RaftServerConfigKeys (ConfUtils.java:logGet(46)) - raft.server.rpc.slowness.timeout = 300s (custom)
2022-11-07 13:36:22,722 [pool-95-thread-1] INFO  server.RaftServerConfigKeys (ConfUtils.java:logGet(46)) - raft.server.leaderelection.leader.step-down.wait-time = 10s (default)
2022-11-07 13:36:22,722 [pool-95-thread-1] INFO  server.RaftServerConfigKeys (ConfUtils.java:logGet(46)) - raft.server.sleep.deviation.threshold = 300ms (default)
2022-11-07 13:36:22,722 [pool-95-thread-1] INFO  server.RaftServer$Division (ServerState.java:<init>(118)) - ea7a942f-a5e8-4e3a-a5fc-4bf2947a514d@group-9B4EAB97F8F6: ConfigurationManager, init=-1: peers:[6c65cbd1-29d4-4a5b-900f-42154dc8d1b5|rpc:10.1.0.230:38377|priority:0|startupRole:FOLLOWER, 178fd6cf-24a3-4e48-92ee-e3f3e7c66fbe|rpc:10.1.0.230:44445|priority:1|startupRole:FOLLOWER, ea7a942f-a5e8-4e3a-a5fc-4bf2947a514d|rpc:10.1.0.230:42367|priority:0|startupRole:FOLLOWER]|listeners:[], old=null, confs=<EMPTY_MAP>
2022-11-07 13:36:22,722 [pool-95-thread-1] INFO  server.RaftServerConfigKeys (ConfUtils.java:logGet(46)) - raft.server.storage.dir = [/home/runner/work/ozone/ozone/hadoop-ozone/integration-test/target/test-dir/MiniOzoneClusterImpl-379115e4-4d75-40c4-81a6-8e72fe3ed5e1/datanode-1/data/ratis] (custom)
2022-11-07 13:36:22,722 [pool-95-thread-1] INFO  server.RaftServerConfigKeys (ConfUtils.java:logGet(46)) - raft.server.log.corruption.policy = EXCEPTION (default)
2022-11-07 13:36:22,722 [pool-95-thread-1] INFO  server.RaftServerConfigKeys (ConfUtils.java:logGet(46)) - raft.server.storage.free-space.min = 0MB (=0) (default)
2022-11-07 13:36:22,722 [pool-95-thread-1] INFO  server.RaftServerConfigKeys (ConfUtils.java:logGet(46)) - raft.server.notification.no-leader.timeout = 300s (custom)
2022-11-07 13:36:22,722 [pool-95-thread-1] INFO  server.RaftServerConfigKeys (ConfUtils.java:logGet(46)) - raft.server.retrycache.expirytime = 600000ms (custom)
2022-11-07 13:36:22,722 [pool-95-thread-1] INFO  server.RaftServerConfigKeys (ConfUtils.java:logGet(46)) - raft.server.retrycache.statistics.expirytime = 100μs (default)
2022-11-07 13:36:22,723 [pool-95-thread-1] INFO  server.RaftServerConfigKeys (ConfUtils.java:logGet(46)) - raft.server.log.appender.install.snapshot.enabled = false (custom)
2022-11-07 13:36:22,724 [pool-95-thread-1] INFO  server.RaftServerConfigKeys (ConfUtils.java:logGet(46)) - raft.server.threadpool.server.cached = true (default)
2022-11-07 13:36:22,724 [pool-95-thread-1] INFO  server.RaftServerConfigKeys (ConfUtils.java:logGet(46)) - raft.server.threadpool.server.size = 0 (default)
2022-11-07 13:36:22,724 [pool-95-thread-1] INFO  server.RaftServerConfigKeys (ConfUtils.java:logGet(46)) - raft.server.threadpool.client.cached = true (default)
2022-11-07 13:36:22,724 [pool-95-thread-1] INFO  server.RaftServerConfigKeys (ConfUtils.java:logGet(46)) - raft.server.threadpool.client.size = 0 (default)
2022-11-07 13:36:22,724 [pool-95-thread-1] INFO  storage.RaftStorageDirectory (RaftStorageDirectoryImpl.java:analyzeStorage(137)) - The storage directory /home/runner/work/ozone/ozone/hadoop-ozone/integration-test/target/test-dir/MiniOzoneClusterImpl-379115e4-4d75-40c4-81a6-8e72fe3ed5e1/datanode-1/data/ratis/1d5b93f7-4d28-445a-8097-9b4eab97f8f6 does not exist. Creating ...
2022-11-07 13:36:22,730 [pool-95-thread-1] INFO  storage.RaftStorageDirectory (RaftStorageDirectoryImpl.java:tryLock(231)) - Lock on /home/runner/work/ozone/ozone/hadoop-ozone/integration-test/target/test-dir/MiniOzoneClusterImpl-379115e4-4d75-40c4-81a6-8e72fe3ed5e1/datanode-1/data/ratis/1d5b93f7-4d28-445a-8097-9b4eab97f8f6/in_use.lock acquired by nodename 63149@fv-az424-534
2022-11-07 13:36:22,732 [pool-95-thread-1] INFO  storage.RaftStorage (RaftStorageImpl.java:format(96)) - Storage directory /home/runner/work/ozone/ozone/hadoop-ozone/integration-test/target/test-dir/MiniOzoneClusterImpl-379115e4-4d75-40c4-81a6-8e72fe3ed5e1/datanode-1/data/ratis/1d5b93f7-4d28-445a-8097-9b4eab97f8f6 has been successfully formatted.
2022-11-07 13:36:22,733 [pool-95-thread-1] INFO  ratis.ContainerStateMachine (ContainerStateMachine.java:loadSnapshot(236)) - group-9B4EAB97F8F6: The snapshot info is null. Setting the last applied indexto:(t:0, i:~)
2022-11-07 13:36:22,733 [pool-95-thread-1] INFO  server.RaftServerConfigKeys (ConfUtils.java:logGet(46)) - raft.server.log.use.memory = false (default)
2022-11-07 13:36:22,735 [EventQueue-OpenPipelineForHealthyPipelineSafeModeRule] INFO  safemode.SCMSafeModeManager (HealthyPipelineSafeModeRule.java:process(137)) - SCM in safe mode. Healthy pipelines reported count is 0, required healthy pipeline reported count is 1
2022-11-07 13:36:22,735 [pool-95-thread-1] INFO  server.RaftServerConfigKeys (ConfUtils.java:logGet(46)) - raft.server.log.purge.gap = 1000000 (custom)
2022-11-07 13:36:22,735 [pool-95-thread-1] INFO  server.RaftServerConfigKeys (ConfUtils.java:logGet(46)) - raft.server.log.appender.buffer.byte-limit = 33554432 (custom)
2022-11-07 13:36:22,735 [pool-95-thread-1] INFO  server.RaftServerConfigKeys (ConfUtils.java:logGet(46)) - raft.server.log.statemachine.data.read.timeout = 1000ms (default)
2022-11-07 13:36:22,735 [pool-95-thread-1] INFO  server.RaftServerConfigKeys (ConfUtils.java:logGet(46)) - raft.server.log.purge.preservation.log.num = 0 (default)
2022-11-07 13:36:22,736 [pool-95-thread-1] INFO  server.RaftServerConfigKeys (ConfUtils.java:logGet(46)) - raft.server.log.segment.size.max = 1048576 (custom)
2022-11-07 13:36:22,736 [pool-95-thread-1] INFO  server.RaftServerConfigKeys (ConfUtils.java:logGet(46)) - raft.server.log.segment.cache.num.max = 2 (custom)
2022-11-07 13:36:22,736 [pool-95-thread-1] INFO  server.RaftServerConfigKeys (ConfUtils.java:logGet(46)) - raft.server.log.segment.cache.size.max = 200MB (=209715200) (default)
2022-11-07 13:36:22,736 [pool-95-thread-1] INFO  segmented.SegmentedRaftLogWorker (SegmentedRaftLogWorker.java:<init>(191)) - new ea7a942f-a5e8-4e3a-a5fc-4bf2947a514d@group-9B4EAB97F8F6-SegmentedRaftLogWorker for RaftStorageImpl:Storage Directory /home/runner/work/ozone/ozone/hadoop-ozone/integration-test/target/test-dir/MiniOzoneClusterImpl-379115e4-4d75-40c4-81a6-8e72fe3ed5e1/datanode-1/data/ratis/1d5b93f7-4d28-445a-8097-9b4eab97f8f6
2022-11-07 13:36:22,736 [pool-95-thread-1] INFO  server.RaftServerConfigKeys (ConfUtils.java:logGet(46)) - raft.server.log.queue.byte-limit = 4294967296 (custom)
2022-11-07 13:36:22,736 [pool-95-thread-1] INFO  server.RaftServerConfigKeys (ConfUtils.java:logGet(46)) - raft.server.log.queue.element-limit = 1024 (custom)
2022-11-07 13:36:22,736 [pool-95-thread-1] INFO  server.RaftServerConfigKeys (ConfUtils.java:logGet(46)) - raft.server.log.segment.size.max = 1048576 (custom)
2022-11-07 13:36:22,736 [pool-95-thread-1] INFO  server.RaftServerConfigKeys (ConfUtils.java:logGet(46)) - raft.server.log.preallocated.size = 16384 (custom)
2022-11-07 13:36:22,736 [pool-95-thread-1] INFO  server.RaftServerConfigKeys (ConfUtils.java:logGet(46)) - raft.server.log.force.sync.num = 128 (default)
2022-11-07 13:36:22,736 [pool-95-thread-1] INFO  server.RaftServerConfigKeys (ConfUtils.java:logGet(46)) - raft.server.log.statemachine.data.sync = true (default)
2022-11-07 13:36:22,736 [pool-95-thread-1] INFO  server.RaftServerConfigKeys (ConfUtils.java:logGet(46)) - raft.server.log.statemachine.data.sync.timeout = 10s (default)
2022-11-07 13:36:22,737 [pool-95-thread-1] INFO  server.RaftServerConfigKeys (ConfUtils.java:logGet(46)) - raft.server.log.statemachine.data.sync.timeout.retry = -1 (default)
2022-11-07 13:36:22,737 [pool-95-thread-1] INFO  server.RaftServerConfigKeys (ConfUtils.java:logGet(46)) - raft.server.log.write.buffer.size = 1048576 (custom)
2022-11-07 13:36:22,738 [pool-95-thread-1] INFO  server.RaftServerConfigKeys (ConfUtils.java:logGet(46)) - raft.server.log.unsafe-flush.enabled = false (default)
2022-11-07 13:36:22,738 [pool-95-thread-1] INFO  server.RaftServerConfigKeys (ConfUtils.java:logGet(46)) - raft.server.log.async-flush.enabled = false (default)
2022-11-07 13:36:22,738 [pool-95-thread-1] INFO  server.RaftServerConfigKeys (ConfUtils.java:logGet(46)) - raft.server.log.statemachine.data.caching.enabled = true (custom)
2022-11-07 13:36:22,738 [pool-95-thread-1] INFO  segmented.SegmentedRaftLogWorker (SegmentedRaftLogWorker.java:lambda$new$0(136)) - ea7a942f-a5e8-4e3a-a5fc-4bf2947a514d@group-9B4EAB97F8F6-SegmentedRaftLogWorker: flushIndex: setUnconditionally 0 -> -1
2022-11-07 13:36:22,738 [pool-95-thread-1] INFO  segmented.SegmentedRaftLogWorker (SegmentedRaftLogWorker.java:lambda$new$0(136)) - ea7a942f-a5e8-4e3a-a5fc-4bf2947a514d@group-9B4EAB97F8F6-SegmentedRaftLogWorker: safeCacheEvictIndex: setUnconditionally 0 -> -1
2022-11-07 13:36:22,749 [pool-95-thread-1] INFO  server.RaftServer$Division (RaftServerImpl.java:start(334)) - ea7a942f-a5e8-4e3a-a5fc-4bf2947a514d@group-9B4EAB97F8F6: start as a follower, conf=-1: peers:[6c65cbd1-29d4-4a5b-900f-42154dc8d1b5|rpc:10.1.0.230:38377|priority:0|startupRole:FOLLOWER, 178fd6cf-24a3-4e48-92ee-e3f3e7c66fbe|rpc:10.1.0.230:44445|priority:1|startupRole:FOLLOWER, ea7a942f-a5e8-4e3a-a5fc-4bf2947a514d|rpc:10.1.0.230:42367|priority:0|startupRole:FOLLOWER]|listeners:[], old=null
2022-11-07 13:36:22,749 [pool-95-thread-1] INFO  server.RaftServer$Division (RaftServerImpl.java:setRole(321)) - ea7a942f-a5e8-4e3a-a5fc-4bf2947a514d@group-9B4EAB97F8F6: changes role from      null to FOLLOWER at term 0 for startAsFollower
2022-11-07 13:36:22,749 [pool-95-thread-1] INFO  impl.RoleInfo (RoleInfo.java:updateAndGet(139)) - ea7a942f-a5e8-4e3a-a5fc-4bf2947a514d: start ea7a942f-a5e8-4e3a-a5fc-4bf2947a514d@group-9B4EAB97F8F6-FollowerState
2022-11-07 13:36:22,749 [pool-95-thread-1] INFO  util.JmxRegister (JmxRegister.java:tryRegister(44)) - Successfully registered JMX Bean with object name Ratis:service=RaftServer,group=group-9B4EAB97F8F6,id=ea7a942f-a5e8-4e3a-a5fc-4bf2947a514d
2022-11-07 13:36:22,749 [ea7a942f-a5e8-4e3a-a5fc-4bf2947a514d@group-9B4EAB97F8F6-FollowerState] INFO  server.RaftServerConfigKeys (ConfUtils.java:logFallback(53)) - raft.server.rpc.first-election.timeout.min = 5s (fallback to raft.server.rpc.timeout.min)
2022-11-07 13:36:22,752 [ea7a942f-a5e8-4e3a-a5fc-4bf2947a514d@group-9B4EAB97F8F6-FollowerState] INFO  server.RaftServerConfigKeys (ConfUtils.java:logFallback(53)) - raft.server.rpc.first-election.timeout.max = 5200ms (fallback to raft.server.rpc.timeout.max)
2022-11-07 13:36:22,754 [pool-95-thread-1] INFO  server.RaftServerConfigKeys (ConfUtils.java:logGet(46)) - raft.server.snapshot.auto.trigger.enabled = true (custom)
2022-11-07 13:36:22,754 [pool-95-thread-1] INFO  server.RaftServerConfigKeys (ConfUtils.java:logGet(46)) - raft.server.snapshot.auto.trigger.threshold = 10000 (custom)
2022-11-07 13:36:22,754 [pool-95-thread-1] INFO  server.RaftServerConfigKeys (ConfUtils.java:logGet(46)) - raft.server.snapshot.retention.file.num = 5 (custom)
2022-11-07 13:36:22,754 [pool-95-thread-1] INFO  server.RaftServerConfigKeys (ConfUtils.java:logGet(46)) - raft.server.log.purge.upto.snapshot.index = false (default)
2022-11-07 13:36:22,762 [Command processor thread] INFO  ratis.XceiverServerRatis (XceiverServerRatis.java:addGroup(765)) - Created group PipelineID=1d5b93f7-4d28-445a-8097-9b4eab97f8f6
2022-11-07 13:36:22,768 [grpc-default-executor-1] INFO  server.RaftServer (RaftServerProxy.java:addNew(96)) - 178fd6cf-24a3-4e48-92ee-e3f3e7c66fbe: addNew group-9B4EAB97F8F6:[6c65cbd1-29d4-4a5b-900f-42154dc8d1b5|rpc:10.1.0.230:38377|dataStream:|priority:0|startupRole:FOLLOWER, 178fd6cf-24a3-4e48-92ee-e3f3e7c66fbe|rpc:10.1.0.230:44445|dataStream:|priority:1|startupRole:FOLLOWER, ea7a942f-a5e8-4e3a-a5fc-4bf2947a514d|rpc:10.1.0.230:42367|dataStream:|priority:0|startupRole:FOLLOWER] returns group-9B4EAB97F8F6:java.util.concurrent.CompletableFuture@27cfe4a2[Not completed]
2022-11-07 13:36:22,769 [pool-72-thread-1] INFO  server.RaftServer$Division (RaftServerImpl.java:<init>(195)) - 178fd6cf-24a3-4e48-92ee-e3f3e7c66fbe: new RaftServerImpl for group-9B4EAB97F8F6:[6c65cbd1-29d4-4a5b-900f-42154dc8d1b5|rpc:10.1.0.230:38377|dataStream:|priority:0|startupRole:FOLLOWER, 178fd6cf-24a3-4e48-92ee-e3f3e7c66fbe|rpc:10.1.0.230:44445|dataStream:|priority:1|startupRole:FOLLOWER, ea7a942f-a5e8-4e3a-a5fc-4bf2947a514d|rpc:10.1.0.230:42367|dataStream:|priority:0|startupRole:FOLLOWER] with ContainerStateMachine:uninitialized
2022-11-07 13:36:22,769 [pool-72-thread-1] INFO  server.RaftServerConfigKeys (ConfUtils.java:logGet(46)) - raft.server.rpc.timeout.min = 5s (custom)
2022-11-07 13:36:22,769 [pool-72-thread-1] INFO  server.RaftServerConfigKeys (ConfUtils.java:logGet(46)) - raft.server.rpc.timeout.max = 5200ms (custom)
2022-11-07 13:36:22,769 [pool-72-thread-1] INFO  server.RaftServerConfigKeys (ConfUtils.java:logGet(46)) - raft.server.rpc.sleep.time = 25ms (default)
2022-11-07 13:36:22,769 [pool-72-thread-1] INFO  server.RaftServerConfigKeys (ConfUtils.java:logGet(46)) - raft.server.rpc.slowness.timeout = 300s (custom)
2022-11-07 13:36:22,769 [pool-72-thread-1] INFO  server.RaftServerConfigKeys (ConfUtils.java:logGet(46)) - raft.server.leaderelection.leader.step-down.wait-time = 10s (default)
2022-11-07 13:36:22,769 [pool-72-thread-1] INFO  server.RaftServerConfigKeys (ConfUtils.java:logGet(46)) - raft.server.sleep.deviation.threshold = 300ms (default)
2022-11-07 13:36:22,769 [pool-72-thread-1] INFO  server.RaftServer$Division (ServerState.java:<init>(118)) - 178fd6cf-24a3-4e48-92ee-e3f3e7c66fbe@group-9B4EAB97F8F6: ConfigurationManager, init=-1: peers:[6c65cbd1-29d4-4a5b-900f-42154dc8d1b5|rpc:10.1.0.230:38377|dataStream:|priority:0|startupRole:FOLLOWER, 178fd6cf-24a3-4e48-92ee-e3f3e7c66fbe|rpc:10.1.0.230:44445|dataStream:|priority:1|startupRole:FOLLOWER, ea7a942f-a5e8-4e3a-a5fc-4bf2947a514d|rpc:10.1.0.230:42367|dataStream:|priority:0|startupRole:FOLLOWER]|listeners:[], old=null, confs=<EMPTY_MAP>
2022-11-07 13:36:22,770 [pool-72-thread-1] INFO  server.RaftServerConfigKeys (ConfUtils.java:logGet(46)) - raft.server.storage.dir = [/home/runner/work/ozone/ozone/hadoop-ozone/integration-test/target/test-dir/MiniOzoneClusterImpl-379115e4-4d75-40c4-81a6-8e72fe3ed5e1/datanode-0/data/ratis] (custom)
2022-11-07 13:36:22,770 [pool-72-thread-1] INFO  server.RaftServerConfigKeys (ConfUtils.java:logGet(46)) - raft.server.log.corruption.policy = EXCEPTION (default)
2022-11-07 13:36:22,770 [pool-72-thread-1] INFO  server.RaftServerConfigKeys (ConfUtils.java:logGet(46)) - raft.server.storage.free-space.min = 0MB (=0) (default)
2022-11-07 13:36:22,770 [pool-72-thread-1] INFO  server.RaftServerConfigKeys (ConfUtils.java:logGet(46)) - raft.server.notification.no-leader.timeout = 300s (custom)
2022-11-07 13:36:22,770 [pool-72-thread-1] INFO  server.RaftServerConfigKeys (ConfUtils.java:logGet(46)) - raft.server.retrycache.expirytime = 600000ms (custom)
2022-11-07 13:36:22,770 [pool-72-thread-1] INFO  server.RaftServerConfigKeys (ConfUtils.java:logGet(46)) - raft.server.retrycache.statistics.expirytime = 100μs (default)
2022-11-07 13:36:22,772 [pool-72-thread-1] INFO  server.RaftServerConfigKeys (ConfUtils.java:logGet(46)) - raft.server.log.appender.install.snapshot.enabled = false (custom)
2022-11-07 13:36:22,772 [pool-72-thread-1] INFO  server.RaftServerConfigKeys (ConfUtils.java:logGet(46)) - raft.server.threadpool.server.cached = true (default)
2022-11-07 13:36:22,772 [pool-72-thread-1] INFO  server.RaftServerConfigKeys (ConfUtils.java:logGet(46)) - raft.server.threadpool.server.size = 0 (default)
2022-11-07 13:36:22,772 [pool-72-thread-1] INFO  server.RaftServerConfigKeys (ConfUtils.java:logGet(46)) - raft.server.threadpool.client.cached = true (default)
2022-11-07 13:36:22,772 [pool-72-thread-1] INFO  server.RaftServerConfigKeys (ConfUtils.java:logGet(46)) - raft.server.threadpool.client.size = 0 (default)
2022-11-07 13:36:22,772 [pool-72-thread-1] INFO  storage.RaftStorageDirectory (RaftStorageDirectoryImpl.java:analyzeStorage(137)) - The storage directory /home/runner/work/ozone/ozone/hadoop-ozone/integration-test/target/test-dir/MiniOzoneClusterImpl-379115e4-4d75-40c4-81a6-8e72fe3ed5e1/datanode-0/data/ratis/1d5b93f7-4d28-445a-8097-9b4eab97f8f6 does not exist. Creating ...
2022-11-07 13:36:22,773 [pool-72-thread-1] INFO  storage.RaftStorageDirectory (RaftStorageDirectoryImpl.java:tryLock(231)) - Lock on /home/runner/work/ozone/ozone/hadoop-ozone/integration-test/target/test-dir/MiniOzoneClusterImpl-379115e4-4d75-40c4-81a6-8e72fe3ed5e1/datanode-0/data/ratis/1d5b93f7-4d28-445a-8097-9b4eab97f8f6/in_use.lock acquired by nodename 63149@fv-az424-534
2022-11-07 13:36:22,774 [pool-72-thread-1] INFO  storage.RaftStorage (RaftStorageImpl.java:format(96)) - Storage directory /home/runner/work/ozone/ozone/hadoop-ozone/integration-test/target/test-dir/MiniOzoneClusterImpl-379115e4-4d75-40c4-81a6-8e72fe3ed5e1/datanode-0/data/ratis/1d5b93f7-4d28-445a-8097-9b4eab97f8f6 has been successfully formatted.
2022-11-07 13:36:22,775 [pool-72-thread-1] INFO  ratis.ContainerStateMachine (ContainerStateMachine.java:loadSnapshot(236)) - group-9B4EAB97F8F6: The snapshot info is null. Setting the last applied indexto:(t:0, i:~)
2022-11-07 13:36:22,775 [pool-72-thread-1] INFO  server.RaftServerConfigKeys (ConfUtils.java:logGet(46)) - raft.server.log.use.memory = false (default)
2022-11-07 13:36:22,776 [pool-72-thread-1] INFO  server.RaftServerConfigKeys (ConfUtils.java:logGet(46)) - raft.server.log.purge.gap = 1000000 (custom)
2022-11-07 13:36:22,777 [EventQueue-OpenPipelineForHealthyPipelineSafeModeRule] INFO  safemode.SCMSafeModeManager (HealthyPipelineSafeModeRule.java:process(137)) - SCM in safe mode. Healthy pipelines reported count is 0, required healthy pipeline reported count is 1
2022-11-07 13:36:22,785 [pool-72-thread-1] INFO  server.RaftServerConfigKeys (ConfUtils.java:logGet(46)) - raft.server.log.appender.buffer.byte-limit = 33554432 (custom)
2022-11-07 13:36:22,785 [pool-72-thread-1] INFO  server.RaftServerConfigKeys (ConfUtils.java:logGet(46)) - raft.server.log.statemachine.data.read.timeout = 1000ms (default)
2022-11-07 13:36:22,785 [pool-72-thread-1] INFO  server.RaftServerConfigKeys (ConfUtils.java:logGet(46)) - raft.server.log.purge.preservation.log.num = 0 (default)
2022-11-07 13:36:22,786 [pool-72-thread-1] INFO  server.RaftServerConfigKeys (ConfUtils.java:logGet(46)) - raft.server.log.segment.size.max = 1048576 (custom)
2022-11-07 13:36:22,786 [Command processor thread] INFO  commandhandler.CreatePipelineCommandHandler (CreatePipelineCommandHandler.java:handle(113)) - Created Pipeline RATIS THREE PipelineID=d0b485ca-373b-4e6d-abe6-9ad7c3ccb44a.
2022-11-07 13:36:22,787 [pool-72-thread-1] INFO  server.RaftServerConfigKeys (ConfUtils.java:logGet(46)) - raft.server.log.segment.cache.num.max = 2 (custom)
2022-11-07 13:36:22,787 [pool-72-thread-1] INFO  server.RaftServerConfigKeys (ConfUtils.java:logGet(46)) - raft.server.log.segment.cache.size.max = 200MB (=209715200) (default)
2022-11-07 13:36:22,788 [pool-72-thread-1] INFO  segmented.SegmentedRaftLogWorker (SegmentedRaftLogWorker.java:<init>(191)) - new 178fd6cf-24a3-4e48-92ee-e3f3e7c66fbe@group-9B4EAB97F8F6-SegmentedRaftLogWorker for RaftStorageImpl:Storage Directory /home/runner/work/ozone/ozone/hadoop-ozone/integration-test/target/test-dir/MiniOzoneClusterImpl-379115e4-4d75-40c4-81a6-8e72fe3ed5e1/datanode-0/data/ratis/1d5b93f7-4d28-445a-8097-9b4eab97f8f6
2022-11-07 13:36:22,788 [pool-72-thread-1] INFO  server.RaftServerConfigKeys (ConfUtils.java:logGet(46)) - raft.server.log.queue.byte-limit = 4294967296 (custom)
2022-11-07 13:36:22,788 [pool-72-thread-1] INFO  server.RaftServerConfigKeys (ConfUtils.java:logGet(46)) - raft.server.log.queue.element-limit = 1024 (custom)
2022-11-07 13:36:22,788 [pool-72-thread-1] INFO  server.RaftServerConfigKeys (ConfUtils.java:logGet(46)) - raft.server.log.segment.size.max = 1048576 (custom)
2022-11-07 13:36:22,788 [pool-72-thread-1] INFO  server.RaftServerConfigKeys (ConfUtils.java:logGet(46)) - raft.server.log.preallocated.size = 16384 (custom)
2022-11-07 13:36:22,788 [pool-72-thread-1] INFO  server.RaftServerConfigKeys (ConfUtils.java:logGet(46)) - raft.server.log.force.sync.num = 128 (default)
2022-11-07 13:36:22,788 [pool-72-thread-1] INFO  server.RaftServerConfigKeys (ConfUtils.java:logGet(46)) - raft.server.log.statemachine.data.sync = true (default)
2022-11-07 13:36:22,788 [pool-72-thread-1] INFO  server.RaftServerConfigKeys (ConfUtils.java:logGet(46)) - raft.server.log.statemachine.data.sync.timeout = 10s (default)
2022-11-07 13:36:22,788 [pool-72-thread-1] INFO  server.RaftServerConfigKeys (ConfUtils.java:logGet(46)) - raft.server.log.statemachine.data.sync.timeout.retry = -1 (default)
2022-11-07 13:36:22,790 [pool-72-thread-1] INFO  server.RaftServerConfigKeys (ConfUtils.java:logGet(46)) - raft.server.log.write.buffer.size = 1048576 (custom)
2022-11-07 13:36:22,791 [pool-72-thread-1] INFO  server.RaftServerConfigKeys (ConfUtils.java:logGet(46)) - raft.server.log.unsafe-flush.enabled = false (default)
2022-11-07 13:36:22,791 [pool-72-thread-1] INFO  server.RaftServerConfigKeys (ConfUtils.java:logGet(46)) - raft.server.log.async-flush.enabled = false (default)
2022-11-07 13:36:22,791 [pool-72-thread-1] INFO  server.RaftServerConfigKeys (ConfUtils.java:logGet(46)) - raft.server.log.statemachine.data.caching.enabled = true (custom)
2022-11-07 13:36:22,791 [pool-72-thread-1] INFO  segmented.SegmentedRaftLogWorker (SegmentedRaftLogWorker.java:lambda$new$0(136)) - 178fd6cf-24a3-4e48-92ee-e3f3e7c66fbe@group-9B4EAB97F8F6-SegmentedRaftLogWorker: flushIndex: setUnconditionally 0 -> -1
2022-11-07 13:36:22,791 [pool-72-thread-1] INFO  segmented.SegmentedRaftLogWorker (SegmentedRaftLogWorker.java:lambda$new$0(136)) - 178fd6cf-24a3-4e48-92ee-e3f3e7c66fbe@group-9B4EAB97F8F6-SegmentedRaftLogWorker: safeCacheEvictIndex: setUnconditionally 0 -> -1
2022-11-07 13:36:22,793 [pool-72-thread-1] INFO  server.RaftServer$Division (RaftServerImpl.java:start(334)) - 178fd6cf-24a3-4e48-92ee-e3f3e7c66fbe@group-9B4EAB97F8F6: start as a follower, conf=-1: peers:[6c65cbd1-29d4-4a5b-900f-42154dc8d1b5|rpc:10.1.0.230:38377|dataStream:|priority:0|startupRole:FOLLOWER, 178fd6cf-24a3-4e48-92ee-e3f3e7c66fbe|rpc:10.1.0.230:44445|dataStream:|priority:1|startupRole:FOLLOWER, ea7a942f-a5e8-4e3a-a5fc-4bf2947a514d|rpc:10.1.0.230:42367|dataStream:|priority:0|startupRole:FOLLOWER]|listeners:[], old=null
2022-11-07 13:36:22,793 [pool-72-thread-1] INFO  server.RaftServer$Division (RaftServerImpl.java:setRole(321)) - 178fd6cf-24a3-4e48-92ee-e3f3e7c66fbe@group-9B4EAB97F8F6: changes role from      null to FOLLOWER at term 0 for startAsFollower
2022-11-07 13:36:22,793 [pool-72-thread-1] INFO  impl.RoleInfo (RoleInfo.java:updateAndGet(139)) - 178fd6cf-24a3-4e48-92ee-e3f3e7c66fbe: start 178fd6cf-24a3-4e48-92ee-e3f3e7c66fbe@group-9B4EAB97F8F6-FollowerState
2022-11-07 13:36:22,800 [178fd6cf-24a3-4e48-92ee-e3f3e7c66fbe@group-9B4EAB97F8F6-FollowerState] INFO  server.RaftServerConfigKeys (ConfUtils.java:logFallback(53)) - raft.server.rpc.first-election.timeout.min = 5s (fallback to raft.server.rpc.timeout.min)
2022-11-07 13:36:22,807 [178fd6cf-24a3-4e48-92ee-e3f3e7c66fbe@group-9B4EAB97F8F6-FollowerState] INFO  server.RaftServerConfigKeys (ConfUtils.java:logFallback(53)) - raft.server.rpc.first-election.timeout.max = 5200ms (fallback to raft.server.rpc.timeout.max)
2022-11-07 13:36:22,801 [pool-72-thread-1] INFO  util.JmxRegister (JmxRegister.java:tryRegister(44)) - Successfully registered JMX Bean with object name Ratis:service=RaftServer,group=group-9B4EAB97F8F6,id=178fd6cf-24a3-4e48-92ee-e3f3e7c66fbe
2022-11-07 13:36:22,807 [pool-72-thread-1] INFO  server.RaftServerConfigKeys (ConfUtils.java:logGet(46)) - raft.server.snapshot.auto.trigger.enabled = true (custom)
2022-11-07 13:36:22,807 [pool-72-thread-1] INFO  server.RaftServerConfigKeys (ConfUtils.java:logGet(46)) - raft.server.snapshot.auto.trigger.threshold = 10000 (custom)
2022-11-07 13:36:22,807 [pool-72-thread-1] INFO  server.RaftServerConfigKeys (ConfUtils.java:logGet(46)) - raft.server.snapshot.retention.file.num = 5 (custom)
2022-11-07 13:36:22,808 [pool-72-thread-1] INFO  server.RaftServerConfigKeys (ConfUtils.java:logGet(46)) - raft.server.log.purge.upto.snapshot.index = false (default)
2022-11-07 13:36:22,870 [Command processor thread] INFO  commandhandler.CreatePipelineCommandHandler (CreatePipelineCommandHandler.java:handle(113)) - Created Pipeline RATIS THREE PipelineID=1d5b93f7-4d28-445a-8097-9b4eab97f8f6.
2022-11-07 13:36:22,874 [Command processor thread] INFO  commandhandler.CreatePipelineCommandHandler (CreatePipelineCommandHandler.java:handle(113)) - Created Pipeline RATIS THREE PipelineID=1d5b93f7-4d28-445a-8097-9b4eab97f8f6.
2022-11-07 13:36:22,904 [Listener at 127.0.0.1/35081] INFO  ozone.MiniOzoneClusterImpl (MiniOzoneClusterImpl.java:lambda$waitForClusterToBeReady$0(216)) - Nodes are ready. Got 7 of 7 DN Heartbeats.
2022-11-07 13:36:22,905 [Listener at 127.0.0.1/35081] INFO  ozone.MiniOzoneClusterImpl (MiniOzoneClusterImpl.java:lambda$waitForClusterToBeReady$0(219)) - Waiting for cluster to exit safe mode
2022-11-07 13:36:22,905 [Listener at 127.0.0.1/35081] INFO  ozone.MiniOzoneClusterImpl (MiniOzoneClusterImpl.java:lambda$waitForClusterToBeReady$0(221)) - SCM became leader
2022-11-07 13:36:22,943 [Command processor thread] INFO  server.RaftServer (RaftServerProxy.java:addNew(96)) - beab5ca2-a546-402b-a260-2b44d337a1b6: addNew group-C6A553F45D02:[beab5ca2-a546-402b-a260-2b44d337a1b6|rpc:10.1.0.230:40785|priority:1|startupRole:FOLLOWER] returns group-C6A553F45D02:java.util.concurrent.CompletableFuture@3b36c836[Not completed]
2022-11-07 13:36:22,945 [pool-141-thread-1] INFO  server.RaftServer$Division (RaftServerImpl.java:<init>(195)) - beab5ca2-a546-402b-a260-2b44d337a1b6: new RaftServerImpl for group-C6A553F45D02:[beab5ca2-a546-402b-a260-2b44d337a1b6|rpc:10.1.0.230:40785|priority:1|startupRole:FOLLOWER] with ContainerStateMachine:uninitialized
2022-11-07 13:36:22,945 [pool-141-thread-1] INFO  server.RaftServerConfigKeys (ConfUtils.java:logGet(46)) - raft.server.rpc.timeout.min = 5s (custom)
2022-11-07 13:36:22,945 [pool-141-thread-1] INFO  server.RaftServerConfigKeys (ConfUtils.java:logGet(46)) - raft.server.rpc.timeout.max = 5200ms (custom)
2022-11-07 13:36:22,945 [pool-141-thread-1] INFO  server.RaftServerConfigKeys (ConfUtils.java:logGet(46)) - raft.server.rpc.sleep.time = 25ms (default)
2022-11-07 13:36:22,945 [pool-141-thread-1] INFO  server.RaftServerConfigKeys (ConfUtils.java:logGet(46)) - raft.server.rpc.slowness.timeout = 300s (custom)
2022-11-07 13:36:22,945 [pool-141-thread-1] INFO  server.RaftServerConfigKeys (ConfUtils.java:logGet(46)) - raft.server.leaderelection.leader.step-down.wait-time = 10s (default)
2022-11-07 13:36:22,945 [pool-141-thread-1] INFO  server.RaftServerConfigKeys (ConfUtils.java:logGet(46)) - raft.server.sleep.deviation.threshold = 300ms (default)
2022-11-07 13:36:22,945 [pool-141-thread-1] INFO  server.RaftServer$Division (ServerState.java:<init>(118)) - beab5ca2-a546-402b-a260-2b44d337a1b6@group-C6A553F45D02: ConfigurationManager, init=-1: peers:[beab5ca2-a546-402b-a260-2b44d337a1b6|rpc:10.1.0.230:40785|priority:1|startupRole:FOLLOWER]|listeners:[], old=null, confs=<EMPTY_MAP>
2022-11-07 13:36:22,945 [pool-141-thread-1] INFO  server.RaftServerConfigKeys (ConfUtils.java:logGet(46)) - raft.server.storage.dir = [/home/runner/work/ozone/ozone/hadoop-ozone/integration-test/target/test-dir/MiniOzoneClusterImpl-379115e4-4d75-40c4-81a6-8e72fe3ed5e1/datanode-3/data/ratis] (custom)
2022-11-07 13:36:22,945 [pool-141-thread-1] INFO  server.RaftServerConfigKeys (ConfUtils.java:logGet(46)) - raft.server.log.corruption.policy = EXCEPTION (default)
2022-11-07 13:36:22,946 [pool-141-thread-1] INFO  server.RaftServerConfigKeys (ConfUtils.java:logGet(46)) - raft.server.storage.free-space.min = 0MB (=0) (default)
2022-11-07 13:36:22,946 [pool-141-thread-1] INFO  server.RaftServerConfigKeys (ConfUtils.java:logGet(46)) - raft.server.notification.no-leader.timeout = 300s (custom)
2022-11-07 13:36:22,946 [pool-141-thread-1] INFO  server.RaftServerConfigKeys (ConfUtils.java:logGet(46)) - raft.server.retrycache.expirytime = 600000ms (custom)
2022-11-07 13:36:22,946 [pool-141-thread-1] INFO  server.RaftServerConfigKeys (ConfUtils.java:logGet(46)) - raft.server.retrycache.statistics.expirytime = 100μs (default)
2022-11-07 13:36:22,947 [pool-141-thread-1] INFO  server.RaftServerConfigKeys (ConfUtils.java:logGet(46)) - raft.server.log.appender.install.snapshot.enabled = false (custom)
2022-11-07 13:36:22,947 [pool-141-thread-1] INFO  server.RaftServerConfigKeys (ConfUtils.java:logGet(46)) - raft.server.threadpool.server.cached = true (default)
2022-11-07 13:36:22,948 [pool-141-thread-1] INFO  server.RaftServerConfigKeys (ConfUtils.java:logGet(46)) - raft.server.threadpool.server.size = 0 (default)
2022-11-07 13:36:22,948 [pool-141-thread-1] INFO  server.RaftServerConfigKeys (ConfUtils.java:logGet(46)) - raft.server.threadpool.client.cached = true (default)
2022-11-07 13:36:22,948 [pool-141-thread-1] INFO  server.RaftServerConfigKeys (ConfUtils.java:logGet(46)) - raft.server.threadpool.client.size = 0 (default)
2022-11-07 13:36:22,948 [pool-141-thread-1] INFO  storage.RaftStorageDirectory (RaftStorageDirectoryImpl.java:analyzeStorage(137)) - The storage directory /home/runner/work/ozone/ozone/hadoop-ozone/integration-test/target/test-dir/MiniOzoneClusterImpl-379115e4-4d75-40c4-81a6-8e72fe3ed5e1/datanode-3/data/ratis/d8c39f88-c01b-4b7d-b89b-c6a553f45d02 does not exist. Creating ...
2022-11-07 13:36:22,949 [pool-141-thread-1] INFO  storage.RaftStorageDirectory (RaftStorageDirectoryImpl.java:tryLock(231)) - Lock on /home/runner/work/ozone/ozone/hadoop-ozone/integration-test/target/test-dir/MiniOzoneClusterImpl-379115e4-4d75-40c4-81a6-8e72fe3ed5e1/datanode-3/data/ratis/d8c39f88-c01b-4b7d-b89b-c6a553f45d02/in_use.lock acquired by nodename 63149@fv-az424-534
2022-11-07 13:36:22,950 [pool-141-thread-1] INFO  storage.RaftStorage (RaftStorageImpl.java:format(96)) - Storage directory /home/runner/work/ozone/ozone/hadoop-ozone/integration-test/target/test-dir/MiniOzoneClusterImpl-379115e4-4d75-40c4-81a6-8e72fe3ed5e1/datanode-3/data/ratis/d8c39f88-c01b-4b7d-b89b-c6a553f45d02 has been successfully formatted.
2022-11-07 13:36:22,954 [pool-141-thread-1] INFO  ratis.ContainerStateMachine (ContainerStateMachine.java:loadSnapshot(236)) - group-C6A553F45D02: The snapshot info is null. Setting the last applied indexto:(t:0, i:~)
2022-11-07 13:36:22,954 [pool-141-thread-1] INFO  server.RaftServerConfigKeys (ConfUtils.java:logGet(46)) - raft.server.log.use.memory = false (default)
2022-11-07 13:36:22,955 [pool-141-thread-1] INFO  server.RaftServerConfigKeys (ConfUtils.java:logGet(46)) - raft.server.log.purge.gap = 1000000 (custom)
2022-11-07 13:36:22,956 [pool-141-thread-1] INFO  server.RaftServerConfigKeys (ConfUtils.java:logGet(46)) - raft.server.log.appender.buffer.byte-limit = 33554432 (custom)
2022-11-07 13:36:22,957 [pool-141-thread-1] INFO  server.RaftServerConfigKeys (ConfUtils.java:logGet(46)) - raft.server.log.statemachine.data.read.timeout = 1000ms (default)
2022-11-07 13:36:22,957 [pool-141-thread-1] INFO  server.RaftServerConfigKeys (ConfUtils.java:logGet(46)) - raft.server.log.purge.preservation.log.num = 0 (default)
2022-11-07 13:36:22,957 [pool-141-thread-1] INFO  server.RaftServerConfigKeys (ConfUtils.java:logGet(46)) - raft.server.log.segment.size.max = 1048576 (custom)
2022-11-07 13:36:22,957 [EventQueue-PipelineReportForPipelineReportHandler] INFO  pipeline.PipelineManagerImpl (PipelineManagerImpl.java:openPipeline(367)) - Pipeline Pipeline[ Id: d8c39f88-c01b-4b7d-b89b-c6a553f45d02, Nodes: beab5ca2-a546-402b-a260-2b44d337a1b6{ip: 10.1.0.230, host: fv-az424-534.i1gjr3zuz4qevjy1zin2gin2ih.gx.internal.cloudapp.net, ports: [REPLICATION=39613, RATIS=40785, RATIS_ADMIN=40785, RATIS_SERVER=40785, STANDALONE=46599], networkLocation: /default-rack, certSerialId: null, persistedOpState: IN_SERVICE, persistedOpStateExpiryEpochSec: 0}, ReplicationConfig: RATIS/ONE, State:ALLOCATED, leaderId:beab5ca2-a546-402b-a260-2b44d337a1b6, CreationTimestamp2022-11-07T13:36:19.944Z[Etc/UTC]] moved to OPEN state
2022-11-07 13:36:22,957 [pool-141-thread-1] INFO  server.RaftServerConfigKeys (ConfUtils.java:logGet(46)) - raft.server.log.segment.cache.num.max = 2 (custom)
2022-11-07 13:36:22,957 [pool-141-thread-1] INFO  server.RaftServerConfigKeys (ConfUtils.java:logGet(46)) - raft.server.log.segment.cache.size.max = 200MB (=209715200) (default)
2022-11-07 13:36:22,957 [pool-141-thread-1] INFO  segmented.SegmentedRaftLogWorker (SegmentedRaftLogWorker.java:<init>(191)) - new beab5ca2-a546-402b-a260-2b44d337a1b6@group-C6A553F45D02-SegmentedRaftLogWorker for RaftStorageImpl:Storage Directory /home/runner/work/ozone/ozone/hadoop-ozone/integration-test/target/test-dir/MiniOzoneClusterImpl-379115e4-4d75-40c4-81a6-8e72fe3ed5e1/datanode-3/data/ratis/d8c39f88-c01b-4b7d-b89b-c6a553f45d02
2022-11-07 13:36:22,957 [pool-141-thread-1] INFO  server.RaftServerConfigKeys (ConfUtils.java:logGet(46)) - raft.server.log.queue.byte-limit = 4294967296 (custom)
2022-11-07 13:36:22,957 [pool-141-thread-1] INFO  server.RaftServerConfigKeys (ConfUtils.java:logGet(46)) - raft.server.log.queue.element-limit = 1024 (custom)
2022-11-07 13:36:22,957 [pool-141-thread-1] INFO  server.RaftServerConfigKeys (ConfUtils.java:logGet(46)) - raft.server.log.segment.size.max = 1048576 (custom)
2022-11-07 13:36:22,958 [pool-141-thread-1] INFO  server.RaftServerConfigKeys (ConfUtils.java:logGet(46)) - raft.server.log.preallocated.size = 16384 (custom)
2022-11-07 13:36:22,958 [pool-141-thread-1] INFO  server.RaftServerConfigKeys (ConfUtils.java:logGet(46)) - raft.server.log.force.sync.num = 128 (default)
2022-11-07 13:36:22,958 [pool-141-thread-1] INFO  server.RaftServerConfigKeys (ConfUtils.java:logGet(46)) - raft.server.log.statemachine.data.sync = true (default)
2022-11-07 13:36:22,958 [pool-141-thread-1] INFO  server.RaftServerConfigKeys (ConfUtils.java:logGet(46)) - raft.server.log.statemachine.data.sync.timeout = 10s (default)
2022-11-07 13:36:22,958 [EventQueue-OpenPipelineForHealthyPipelineSafeModeRule] INFO  safemode.SCMSafeModeManager (HealthyPipelineSafeModeRule.java:process(137)) - SCM in safe mode. Healthy pipelines reported count is 0, required healthy pipeline reported count is 1
2022-11-07 13:36:22,959 [pool-141-thread-1] INFO  server.RaftServerConfigKeys (ConfUtils.java:logGet(46)) - raft.server.log.statemachine.data.sync.timeout.retry = -1 (default)
2022-11-07 13:36:22,961 [pool-141-thread-1] INFO  server.RaftServerConfigKeys (ConfUtils.java:logGet(46)) - raft.server.log.write.buffer.size = 1048576 (custom)
2022-11-07 13:36:22,961 [pool-141-thread-1] INFO  server.RaftServerConfigKeys (ConfUtils.java:logGet(46)) - raft.server.log.unsafe-flush.enabled = false (default)
2022-11-07 13:36:22,961 [pool-141-thread-1] INFO  server.RaftServerConfigKeys (ConfUtils.java:logGet(46)) - raft.server.log.async-flush.enabled = false (default)
2022-11-07 13:36:22,961 [pool-141-thread-1] INFO  server.RaftServerConfigKeys (ConfUtils.java:logGet(46)) - raft.server.log.statemachine.data.caching.enabled = true (custom)
2022-11-07 13:36:22,962 [pool-141-thread-1] INFO  segmented.SegmentedRaftLogWorker (SegmentedRaftLogWorker.java:lambda$new$0(136)) - beab5ca2-a546-402b-a260-2b44d337a1b6@group-C6A553F45D02-SegmentedRaftLogWorker: flushIndex: setUnconditionally 0 -> -1
2022-11-07 13:36:22,962 [pool-141-thread-1] INFO  segmented.SegmentedRaftLogWorker (SegmentedRaftLogWorker.java:lambda$new$0(136)) - beab5ca2-a546-402b-a260-2b44d337a1b6@group-C6A553F45D02-SegmentedRaftLogWorker: safeCacheEvictIndex: setUnconditionally 0 -> -1
2022-11-07 13:36:22,968 [pool-141-thread-1] INFO  server.RaftServer$Division (RaftServerImpl.java:start(334)) - beab5ca2-a546-402b-a260-2b44d337a1b6@group-C6A553F45D02: start as a follower, conf=-1: peers:[beab5ca2-a546-402b-a260-2b44d337a1b6|rpc:10.1.0.230:40785|priority:1|startupRole:FOLLOWER]|listeners:[], old=null
2022-11-07 13:36:22,968 [pool-141-thread-1] INFO  server.RaftServer$Division (RaftServerImpl.java:setRole(321)) - beab5ca2-a546-402b-a260-2b44d337a1b6@group-C6A553F45D02: changes role from      null to FOLLOWER at term 0 for startAsFollower
2022-11-07 13:36:22,968 [pool-141-thread-1] INFO  impl.RoleInfo (RoleInfo.java:updateAndGet(139)) - beab5ca2-a546-402b-a260-2b44d337a1b6: start beab5ca2-a546-402b-a260-2b44d337a1b6@group-C6A553F45D02-FollowerState
2022-11-07 13:36:22,972 [pool-141-thread-1] INFO  util.JmxRegister (JmxRegister.java:tryRegister(44)) - Successfully registered JMX Bean with object name Ratis:service=RaftServer,group=group-C6A553F45D02,id=beab5ca2-a546-402b-a260-2b44d337a1b6
2022-11-07 13:36:22,972 [pool-141-thread-1] INFO  server.RaftServerConfigKeys (ConfUtils.java:logGet(46)) - raft.server.snapshot.auto.trigger.enabled = true (custom)
2022-11-07 13:36:22,972 [pool-141-thread-1] INFO  server.RaftServerConfigKeys (ConfUtils.java:logGet(46)) - raft.server.snapshot.auto.trigger.threshold = 10000 (custom)
2022-11-07 13:36:22,972 [pool-141-thread-1] INFO  server.RaftServerConfigKeys (ConfUtils.java:logGet(46)) - raft.server.snapshot.retention.file.num = 5 (custom)
2022-11-07 13:36:22,972 [pool-141-thread-1] INFO  server.RaftServerConfigKeys (ConfUtils.java:logGet(46)) - raft.server.log.purge.upto.snapshot.index = false (default)
2022-11-07 13:36:22,973 [beab5ca2-a546-402b-a260-2b44d337a1b6@group-C6A553F45D02-FollowerState] INFO  server.RaftServerConfigKeys (ConfUtils.java:logFallback(53)) - raft.server.rpc.first-election.timeout.min = 5s (fallback to raft.server.rpc.timeout.min)
2022-11-07 13:36:22,973 [beab5ca2-a546-402b-a260-2b44d337a1b6@group-C6A553F45D02-FollowerState] INFO  server.RaftServerConfigKeys (ConfUtils.java:logFallback(53)) - raft.server.rpc.first-election.timeout.max = 5200ms (fallback to raft.server.rpc.timeout.max)
2022-11-07 13:36:22,977 [Command processor thread] INFO  ratis.XceiverServerRatis (XceiverServerRatis.java:addGroup(765)) - Created group PipelineID=d8c39f88-c01b-4b7d-b89b-c6a553f45d02
2022-11-07 13:36:22,977 [Command processor thread] INFO  commandhandler.CreatePipelineCommandHandler (CreatePipelineCommandHandler.java:handle(113)) - Created Pipeline RATIS ONE PipelineID=d8c39f88-c01b-4b7d-b89b-c6a553f45d02.
2022-11-07 13:36:22,978 [Command processor thread] INFO  server.RaftServer (RaftServerProxy.java:addNew(96)) - beab5ca2-a546-402b-a260-2b44d337a1b6: addNew group-5C8B4B862CE8:[4d74b558-d58f-4526-92bd-479b7c3e5b6d|rpc:10.1.0.230:37651|priority:1|startupRole:FOLLOWER, beab5ca2-a546-402b-a260-2b44d337a1b6|rpc:10.1.0.230:40785|priority:0|startupRole:FOLLOWER, f44b5222-54a3-4c74-8058-5f7be961e458|rpc:10.1.0.230:46269|priority:0|startupRole:FOLLOWER] returns group-5C8B4B862CE8:java.util.concurrent.CompletableFuture@3f094b88[Not completed]
2022-11-07 13:36:22,979 [pool-141-thread-1] INFO  server.RaftServer$Division (RaftServerImpl.java:<init>(195)) - beab5ca2-a546-402b-a260-2b44d337a1b6: new RaftServerImpl for group-5C8B4B862CE8:[4d74b558-d58f-4526-92bd-479b7c3e5b6d|rpc:10.1.0.230:37651|priority:1|startupRole:FOLLOWER, beab5ca2-a546-402b-a260-2b44d337a1b6|rpc:10.1.0.230:40785|priority:0|startupRole:FOLLOWER, f44b5222-54a3-4c74-8058-5f7be961e458|rpc:10.1.0.230:46269|priority:0|startupRole:FOLLOWER] with ContainerStateMachine:uninitialized
2022-11-07 13:36:22,979 [pool-141-thread-1] INFO  server.RaftServerConfigKeys (ConfUtils.java:logGet(46)) - raft.server.rpc.timeout.min = 5s (custom)
2022-11-07 13:36:22,979 [pool-141-thread-1] INFO  server.RaftServerConfigKeys (ConfUtils.java:logGet(46)) - raft.server.rpc.timeout.max = 5200ms (custom)
2022-11-07 13:36:22,979 [pool-141-thread-1] INFO  server.RaftServerConfigKeys (ConfUtils.java:logGet(46)) - raft.server.rpc.sleep.time = 25ms (default)
2022-11-07 13:36:22,979 [pool-141-thread-1] INFO  server.RaftServerConfigKeys (ConfUtils.java:logGet(46)) - raft.server.rpc.slowness.timeout = 300s (custom)
2022-11-07 13:36:22,979 [pool-141-thread-1] INFO  server.RaftServerConfigKeys (ConfUtils.java:logGet(46)) - raft.server.leaderelection.leader.step-down.wait-time = 10s (default)
2022-11-07 13:36:22,979 [pool-141-thread-1] INFO  server.RaftServerConfigKeys (ConfUtils.java:logGet(46)) - raft.server.sleep.deviation.threshold = 300ms (default)
2022-11-07 13:36:22,979 [pool-141-thread-1] INFO  server.RaftServer$Division (ServerState.java:<init>(118)) - beab5ca2-a546-402b-a260-2b44d337a1b6@group-5C8B4B862CE8: ConfigurationManager, init=-1: peers:[4d74b558-d58f-4526-92bd-479b7c3e5b6d|rpc:10.1.0.230:37651|priority:1|startupRole:FOLLOWER, beab5ca2-a546-402b-a260-2b44d337a1b6|rpc:10.1.0.230:40785|priority:0|startupRole:FOLLOWER, f44b5222-54a3-4c74-8058-5f7be961e458|rpc:10.1.0.230:46269|priority:0|startupRole:FOLLOWER]|listeners:[], old=null, confs=<EMPTY_MAP>
2022-11-07 13:36:22,979 [pool-141-thread-1] INFO  server.RaftServerConfigKeys (ConfUtils.java:logGet(46)) - raft.server.storage.dir = [/home/runner/work/ozone/ozone/hadoop-ozone/integration-test/target/test-dir/MiniOzoneClusterImpl-379115e4-4d75-40c4-81a6-8e72fe3ed5e1/datanode-3/data/ratis] (custom)
2022-11-07 13:36:22,979 [pool-141-thread-1] INFO  server.RaftServerConfigKeys (ConfUtils.java:logGet(46)) - raft.server.log.corruption.policy = EXCEPTION (default)
2022-11-07 13:36:22,979 [pool-141-thread-1] INFO  server.RaftServerConfigKeys (ConfUtils.java:logGet(46)) - raft.server.storage.free-space.min = 0MB (=0) (default)
2022-11-07 13:36:22,979 [pool-141-thread-1] INFO  server.RaftServerConfigKeys (ConfUtils.java:logGet(46)) - raft.server.notification.no-leader.timeout = 300s (custom)
2022-11-07 13:36:22,979 [pool-141-thread-1] INFO  server.RaftServerConfigKeys (ConfUtils.java:logGet(46)) - raft.server.retrycache.expirytime = 600000ms (custom)
2022-11-07 13:36:22,979 [pool-141-thread-1] INFO  server.RaftServerConfigKeys (ConfUtils.java:logGet(46)) - raft.server.retrycache.statistics.expirytime = 100μs (default)
2022-11-07 13:36:22,980 [pool-141-thread-1] INFO  server.RaftServerConfigKeys (ConfUtils.java:logGet(46)) - raft.server.log.appender.install.snapshot.enabled = false (custom)
2022-11-07 13:36:22,981 [pool-141-thread-1] INFO  server.RaftServerConfigKeys (ConfUtils.java:logGet(46)) - raft.server.threadpool.server.cached = true (default)
2022-11-07 13:36:22,981 [pool-141-thread-1] INFO  server.RaftServerConfigKeys (ConfUtils.java:logGet(46)) - raft.server.threadpool.server.size = 0 (default)
2022-11-07 13:36:22,981 [pool-141-thread-1] INFO  server.RaftServerConfigKeys (ConfUtils.java:logGet(46)) - raft.server.threadpool.client.cached = true (default)
2022-11-07 13:36:22,981 [pool-141-thread-1] INFO  server.RaftServerConfigKeys (ConfUtils.java:logGet(46)) - raft.server.threadpool.client.size = 0 (default)
2022-11-07 13:36:22,981 [pool-141-thread-1] INFO  storage.RaftStorageDirectory (RaftStorageDirectoryImpl.java:analyzeStorage(137)) - The storage directory /home/runner/work/ozone/ozone/hadoop-ozone/integration-test/target/test-dir/MiniOzoneClusterImpl-379115e4-4d75-40c4-81a6-8e72fe3ed5e1/datanode-3/data/ratis/684d98b7-07ac-4373-9bbb-5c8b4b862ce8 does not exist. Creating ...
2022-11-07 13:36:22,982 [pool-141-thread-1] INFO  storage.RaftStorageDirectory (RaftStorageDirectoryImpl.java:tryLock(231)) - Lock on /home/runner/work/ozone/ozone/hadoop-ozone/integration-test/target/test-dir/MiniOzoneClusterImpl-379115e4-4d75-40c4-81a6-8e72fe3ed5e1/datanode-3/data/ratis/684d98b7-07ac-4373-9bbb-5c8b4b862ce8/in_use.lock acquired by nodename 63149@fv-az424-534
2022-11-07 13:36:22,984 [pool-141-thread-1] INFO  storage.RaftStorage (RaftStorageImpl.java:format(96)) - Storage directory /home/runner/work/ozone/ozone/hadoop-ozone/integration-test/target/test-dir/MiniOzoneClusterImpl-379115e4-4d75-40c4-81a6-8e72fe3ed5e1/datanode-3/data/ratis/684d98b7-07ac-4373-9bbb-5c8b4b862ce8 has been successfully formatted.
2022-11-07 13:36:22,984 [pool-141-thread-1] INFO  ratis.ContainerStateMachine (ContainerStateMachine.java:loadSnapshot(236)) - group-5C8B4B862CE8: The snapshot info is null. Setting the last applied indexto:(t:0, i:~)
2022-11-07 13:36:22,984 [pool-141-thread-1] INFO  server.RaftServerConfigKeys (ConfUtils.java:logGet(46)) - raft.server.log.use.memory = false (default)
2022-11-07 13:36:22,985 [pool-141-thread-1] INFO  server.RaftServerConfigKeys (ConfUtils.java:logGet(46)) - raft.server.log.purge.gap = 1000000 (custom)
2022-11-07 13:36:22,988 [EventQueue-OpenPipelineForHealthyPipelineSafeModeRule] INFO  safemode.SCMSafeModeManager (HealthyPipelineSafeModeRule.java:process(137)) - SCM in safe mode. Healthy pipelines reported count is 0, required healthy pipeline reported count is 1
2022-11-07 13:36:22,994 [pool-141-thread-1] INFO  server.RaftServerConfigKeys (ConfUtils.java:logGet(46)) - raft.server.log.appender.buffer.byte-limit = 33554432 (custom)
2022-11-07 13:36:22,994 [pool-141-thread-1] INFO  server.RaftServerConfigKeys (ConfUtils.java:logGet(46)) - raft.server.log.statemachine.data.read.timeout = 1000ms (default)
2022-11-07 13:36:22,994 [pool-141-thread-1] INFO  server.RaftServerConfigKeys (ConfUtils.java:logGet(46)) - raft.server.log.purge.preservation.log.num = 0 (default)
2022-11-07 13:36:22,995 [pool-141-thread-1] INFO  server.RaftServerConfigKeys (ConfUtils.java:logGet(46)) - raft.server.log.segment.size.max = 1048576 (custom)
2022-11-07 13:36:22,995 [pool-141-thread-1] INFO  server.RaftServerConfigKeys (ConfUtils.java:logGet(46)) - raft.server.log.segment.cache.num.max = 2 (custom)
2022-11-07 13:36:22,995 [pool-141-thread-1] INFO  server.RaftServerConfigKeys (ConfUtils.java:logGet(46)) - raft.server.log.segment.cache.size.max = 200MB (=209715200) (default)
2022-11-07 13:36:22,995 [pool-141-thread-1] INFO  segmented.SegmentedRaftLogWorker (SegmentedRaftLogWorker.java:<init>(191)) - new beab5ca2-a546-402b-a260-2b44d337a1b6@group-5C8B4B862CE8-SegmentedRaftLogWorker for RaftStorageImpl:Storage Directory /home/runner/work/ozone/ozone/hadoop-ozone/integration-test/target/test-dir/MiniOzoneClusterImpl-379115e4-4d75-40c4-81a6-8e72fe3ed5e1/datanode-3/data/ratis/684d98b7-07ac-4373-9bbb-5c8b4b862ce8
2022-11-07 13:36:22,995 [pool-141-thread-1] INFO  server.RaftServerConfigKeys (ConfUtils.java:logGet(46)) - raft.server.log.queue.byte-limit = 4294967296 (custom)
2022-11-07 13:36:22,995 [pool-141-thread-1] INFO  server.RaftServerConfigKeys (ConfUtils.java:logGet(46)) - raft.server.log.queue.element-limit = 1024 (custom)
2022-11-07 13:36:22,995 [pool-141-thread-1] INFO  server.RaftServerConfigKeys (ConfUtils.java:logGet(46)) - raft.server.log.segment.size.max = 1048576 (custom)
2022-11-07 13:36:22,995 [pool-141-thread-1] INFO  server.RaftServerConfigKeys (ConfUtils.java:logGet(46)) - raft.server.log.preallocated.size = 16384 (custom)
2022-11-07 13:36:22,995 [pool-141-thread-1] INFO  server.RaftServerConfigKeys (ConfUtils.java:logGet(46)) - raft.server.log.force.sync.num = 128 (default)
2022-11-07 13:36:22,995 [pool-141-thread-1] INFO  server.RaftServerConfigKeys (ConfUtils.java:logGet(46)) - raft.server.log.statemachine.data.sync = true (default)
2022-11-07 13:36:22,995 [pool-141-thread-1] INFO  server.RaftServerConfigKeys (ConfUtils.java:logGet(46)) - raft.server.log.statemachine.data.sync.timeout = 10s (default)
2022-11-07 13:36:22,996 [pool-141-thread-1] INFO  server.RaftServerConfigKeys (ConfUtils.java:logGet(46)) - raft.server.log.statemachine.data.sync.timeout.retry = -1 (default)
2022-11-07 13:36:22,996 [pool-141-thread-1] INFO  server.RaftServerConfigKeys (ConfUtils.java:logGet(46)) - raft.server.log.write.buffer.size = 1048576 (custom)
2022-11-07 13:36:22,997 [pool-141-thread-1] INFO  server.RaftServerConfigKeys (ConfUtils.java:logGet(46)) - raft.server.log.unsafe-flush.enabled = false (default)
2022-11-07 13:36:22,997 [pool-141-thread-1] INFO  server.RaftServerConfigKeys (ConfUtils.java:logGet(46)) - raft.server.log.async-flush.enabled = false (default)
2022-11-07 13:36:22,997 [pool-141-thread-1] INFO  server.RaftServerConfigKeys (ConfUtils.java:logGet(46)) - raft.server.log.statemachine.data.caching.enabled = true (custom)
2022-11-07 13:36:22,997 [pool-141-thread-1] INFO  segmented.SegmentedRaftLogWorker (SegmentedRaftLogWorker.java:lambda$new$0(136)) - beab5ca2-a546-402b-a260-2b44d337a1b6@group-5C8B4B862CE8-SegmentedRaftLogWorker: flushIndex: setUnconditionally 0 -> -1
2022-11-07 13:36:22,997 [pool-141-thread-1] INFO  segmented.SegmentedRaftLogWorker (SegmentedRaftLogWorker.java:lambda$new$0(136)) - beab5ca2-a546-402b-a260-2b44d337a1b6@group-5C8B4B862CE8-SegmentedRaftLogWorker: safeCacheEvictIndex: setUnconditionally 0 -> -1
2022-11-07 13:36:22,998 [pool-141-thread-1] INFO  server.RaftServer$Division (RaftServerImpl.java:start(334)) - beab5ca2-a546-402b-a260-2b44d337a1b6@group-5C8B4B862CE8: start as a follower, conf=-1: peers:[4d74b558-d58f-4526-92bd-479b7c3e5b6d|rpc:10.1.0.230:37651|priority:1|startupRole:FOLLOWER, beab5ca2-a546-402b-a260-2b44d337a1b6|rpc:10.1.0.230:40785|priority:0|startupRole:FOLLOWER, f44b5222-54a3-4c74-8058-5f7be961e458|rpc:10.1.0.230:46269|priority:0|startupRole:FOLLOWER]|listeners:[], old=null
2022-11-07 13:36:22,998 [pool-141-thread-1] INFO  server.RaftServer$Division (RaftServerImpl.java:setRole(321)) - beab5ca2-a546-402b-a260-2b44d337a1b6@group-5C8B4B862CE8: changes role from      null to FOLLOWER at term 0 for startAsFollower
2022-11-07 13:36:22,999 [pool-141-thread-1] INFO  impl.RoleInfo (RoleInfo.java:updateAndGet(139)) - beab5ca2-a546-402b-a260-2b44d337a1b6: start beab5ca2-a546-402b-a260-2b44d337a1b6@group-5C8B4B862CE8-FollowerState
2022-11-07 13:36:22,999 [pool-141-thread-1] INFO  util.JmxRegister (JmxRegister.java:tryRegister(44)) - Successfully registered JMX Bean with object name Ratis:service=RaftServer,group=group-5C8B4B862CE8,id=beab5ca2-a546-402b-a260-2b44d337a1b6
2022-11-07 13:36:22,999 [pool-141-thread-1] INFO  server.RaftServerConfigKeys (ConfUtils.java:logGet(46)) - raft.server.snapshot.auto.trigger.enabled = true (custom)
2022-11-07 13:36:22,999 [pool-141-thread-1] INFO  server.RaftServerConfigKeys (ConfUtils.java:logGet(46)) - raft.server.snapshot.auto.trigger.threshold = 10000 (custom)
2022-11-07 13:36:22,999 [pool-141-thread-1] INFO  server.RaftServerConfigKeys (ConfUtils.java:logGet(46)) - raft.server.snapshot.retention.file.num = 5 (custom)
2022-11-07 13:36:22,999 [pool-141-thread-1] INFO  server.RaftServerConfigKeys (ConfUtils.java:logGet(46)) - raft.server.log.purge.upto.snapshot.index = false (default)
2022-11-07 13:36:23,000 [beab5ca2-a546-402b-a260-2b44d337a1b6@group-5C8B4B862CE8-FollowerState] INFO  server.RaftServerConfigKeys (ConfUtils.java:logFallback(53)) - raft.server.rpc.first-election.timeout.min = 5s (fallback to raft.server.rpc.timeout.min)
2022-11-07 13:36:23,000 [beab5ca2-a546-402b-a260-2b44d337a1b6@group-5C8B4B862CE8-FollowerState] INFO  server.RaftServerConfigKeys (ConfUtils.java:logFallback(53)) - raft.server.rpc.first-election.timeout.max = 5200ms (fallback to raft.server.rpc.timeout.max)
2022-11-07 13:36:23,000 [Command processor thread] INFO  ratis.XceiverServerRatis (XceiverServerRatis.java:addGroup(765)) - Created group PipelineID=684d98b7-07ac-4373-9bbb-5c8b4b862ce8
2022-11-07 13:36:23,020 [grpc-default-executor-1] INFO  server.RaftServer (RaftServerProxy.java:addNew(96)) - f44b5222-54a3-4c74-8058-5f7be961e458: addNew group-5C8B4B862CE8:[4d74b558-d58f-4526-92bd-479b7c3e5b6d|rpc:10.1.0.230:37651|dataStream:|priority:1|startupRole:FOLLOWER, beab5ca2-a546-402b-a260-2b44d337a1b6|rpc:10.1.0.230:40785|dataStream:|priority:0|startupRole:FOLLOWER, f44b5222-54a3-4c74-8058-5f7be961e458|rpc:10.1.0.230:46269|dataStream:|priority:0|startupRole:FOLLOWER] returns group-5C8B4B862CE8:java.util.concurrent.CompletableFuture@7436b775[Not completed]
2022-11-07 13:36:23,022 [pool-164-thread-1] INFO  server.RaftServer$Division (RaftServerImpl.java:<init>(195)) - f44b5222-54a3-4c74-8058-5f7be961e458: new RaftServerImpl for group-5C8B4B862CE8:[4d74b558-d58f-4526-92bd-479b7c3e5b6d|rpc:10.1.0.230:37651|dataStream:|priority:1|startupRole:FOLLOWER, beab5ca2-a546-402b-a260-2b44d337a1b6|rpc:10.1.0.230:40785|dataStream:|priority:0|startupRole:FOLLOWER, f44b5222-54a3-4c74-8058-5f7be961e458|rpc:10.1.0.230:46269|dataStream:|priority:0|startupRole:FOLLOWER] with ContainerStateMachine:uninitialized
2022-11-07 13:36:23,022 [pool-164-thread-1] INFO  server.RaftServerConfigKeys (ConfUtils.java:logGet(46)) - raft.server.rpc.timeout.min = 5s (custom)
2022-11-07 13:36:23,022 [pool-164-thread-1] INFO  server.RaftServerConfigKeys (ConfUtils.java:logGet(46)) - raft.server.rpc.timeout.max = 5200ms (custom)
2022-11-07 13:36:23,022 [pool-164-thread-1] INFO  server.RaftServerConfigKeys (ConfUtils.java:logGet(46)) - raft.server.rpc.sleep.time = 25ms (default)
2022-11-07 13:36:23,022 [pool-164-thread-1] INFO  server.RaftServerConfigKeys (ConfUtils.java:logGet(46)) - raft.server.rpc.slowness.timeout = 300s (custom)
2022-11-07 13:36:23,022 [pool-164-thread-1] INFO  server.RaftServerConfigKeys (ConfUtils.java:logGet(46)) - raft.server.leaderelection.leader.step-down.wait-time = 10s (default)
2022-11-07 13:36:23,022 [pool-164-thread-1] INFO  server.RaftServerConfigKeys (ConfUtils.java:logGet(46)) - raft.server.sleep.deviation.threshold = 300ms (default)
2022-11-07 13:36:23,022 [pool-164-thread-1] INFO  server.RaftServer$Division (ServerState.java:<init>(118)) - f44b5222-54a3-4c74-8058-5f7be961e458@group-5C8B4B862CE8: ConfigurationManager, init=-1: peers:[4d74b558-d58f-4526-92bd-479b7c3e5b6d|rpc:10.1.0.230:37651|dataStream:|priority:1|startupRole:FOLLOWER, beab5ca2-a546-402b-a260-2b44d337a1b6|rpc:10.1.0.230:40785|dataStream:|priority:0|startupRole:FOLLOWER, f44b5222-54a3-4c74-8058-5f7be961e458|rpc:10.1.0.230:46269|dataStream:|priority:0|startupRole:FOLLOWER]|listeners:[], old=null, confs=<EMPTY_MAP>
2022-11-07 13:36:23,023 [pool-164-thread-1] INFO  server.RaftServerConfigKeys (ConfUtils.java:logGet(46)) - raft.server.storage.dir = [/home/runner/work/ozone/ozone/hadoop-ozone/integration-test/target/test-dir/MiniOzoneClusterImpl-379115e4-4d75-40c4-81a6-8e72fe3ed5e1/datanode-4/data/ratis] (custom)
2022-11-07 13:36:23,023 [pool-164-thread-1] INFO  server.RaftServerConfigKeys (ConfUtils.java:logGet(46)) - raft.server.log.corruption.policy = EXCEPTION (default)
2022-11-07 13:36:23,023 [pool-164-thread-1] INFO  server.RaftServerConfigKeys (ConfUtils.java:logGet(46)) - raft.server.storage.free-space.min = 0MB (=0) (default)
2022-11-07 13:36:23,023 [pool-164-thread-1] INFO  server.RaftServerConfigKeys (ConfUtils.java:logGet(46)) - raft.server.notification.no-leader.timeout = 300s (custom)
2022-11-07 13:36:23,023 [pool-164-thread-1] INFO  server.RaftServerConfigKeys (ConfUtils.java:logGet(46)) - raft.server.retrycache.expirytime = 600000ms (custom)
2022-11-07 13:36:23,023 [pool-164-thread-1] INFO  server.RaftServerConfigKeys (ConfUtils.java:logGet(46)) - raft.server.retrycache.statistics.expirytime = 100μs (default)
2022-11-07 13:36:23,025 [pool-164-thread-1] INFO  server.RaftServerConfigKeys (ConfUtils.java:logGet(46)) - raft.server.log.appender.install.snapshot.enabled = false (custom)
2022-11-07 13:36:23,025 [pool-164-thread-1] INFO  server.RaftServerConfigKeys (ConfUtils.java:logGet(46)) - raft.server.threadpool.server.cached = true (default)
2022-11-07 13:36:23,025 [pool-164-thread-1] INFO  server.RaftServerConfigKeys (ConfUtils.java:logGet(46)) - raft.server.threadpool.server.size = 0 (default)
2022-11-07 13:36:23,025 [pool-164-thread-1] INFO  server.RaftServerConfigKeys (ConfUtils.java:logGet(46)) - raft.server.threadpool.client.cached = true (default)
2022-11-07 13:36:23,025 [pool-164-thread-1] INFO  server.RaftServerConfigKeys (ConfUtils.java:logGet(46)) - raft.server.threadpool.client.size = 0 (default)
2022-11-07 13:36:23,025 [pool-164-thread-1] INFO  storage.RaftStorageDirectory (RaftStorageDirectoryImpl.java:analyzeStorage(137)) - The storage directory /home/runner/work/ozone/ozone/hadoop-ozone/integration-test/target/test-dir/MiniOzoneClusterImpl-379115e4-4d75-40c4-81a6-8e72fe3ed5e1/datanode-4/data/ratis/684d98b7-07ac-4373-9bbb-5c8b4b862ce8 does not exist. Creating ...
2022-11-07 13:36:23,026 [pool-164-thread-1] INFO  storage.RaftStorageDirectory (RaftStorageDirectoryImpl.java:tryLock(231)) - Lock on /home/runner/work/ozone/ozone/hadoop-ozone/integration-test/target/test-dir/MiniOzoneClusterImpl-379115e4-4d75-40c4-81a6-8e72fe3ed5e1/datanode-4/data/ratis/684d98b7-07ac-4373-9bbb-5c8b4b862ce8/in_use.lock acquired by nodename 63149@fv-az424-534
2022-11-07 13:36:23,027 [pool-164-thread-1] INFO  storage.RaftStorage (RaftStorageImpl.java:format(96)) - Storage directory /home/runner/work/ozone/ozone/hadoop-ozone/integration-test/target/test-dir/MiniOzoneClusterImpl-379115e4-4d75-40c4-81a6-8e72fe3ed5e1/datanode-4/data/ratis/684d98b7-07ac-4373-9bbb-5c8b4b862ce8 has been successfully formatted.
2022-11-07 13:36:23,028 [pool-164-thread-1] INFO  ratis.ContainerStateMachine (ContainerStateMachine.java:loadSnapshot(236)) - group-5C8B4B862CE8: The snapshot info is null. Setting the last applied indexto:(t:0, i:~)
2022-11-07 13:36:23,029 [pool-164-thread-1] INFO  server.RaftServerConfigKeys (ConfUtils.java:logGet(46)) - raft.server.log.use.memory = false (default)
2022-11-07 13:36:23,029 [pool-164-thread-1] INFO  server.RaftServerConfigKeys (ConfUtils.java:logGet(46)) - raft.server.log.purge.gap = 1000000 (custom)
2022-11-07 13:36:23,031 [pool-164-thread-1] INFO  server.RaftServerConfigKeys (ConfUtils.java:logGet(46)) - raft.server.log.appender.buffer.byte-limit = 33554432 (custom)
2022-11-07 13:36:23,031 [pool-164-thread-1] INFO  server.RaftServerConfigKeys (ConfUtils.java:logGet(46)) - raft.server.log.statemachine.data.read.timeout = 1000ms (default)
2022-11-07 13:36:23,032 [pool-164-thread-1] INFO  server.RaftServerConfigKeys (ConfUtils.java:logGet(46)) - raft.server.log.purge.preservation.log.num = 0 (default)
2022-11-07 13:36:23,032 [pool-164-thread-1] INFO  server.RaftServerConfigKeys (ConfUtils.java:logGet(46)) - raft.server.log.segment.size.max = 1048576 (custom)
2022-11-07 13:36:23,033 [pool-164-thread-1] INFO  server.RaftServerConfigKeys (ConfUtils.java:logGet(46)) - raft.server.log.segment.cache.num.max = 2 (custom)
2022-11-07 13:36:23,033 [pool-164-thread-1] INFO  server.RaftServerConfigKeys (ConfUtils.java:logGet(46)) - raft.server.log.segment.cache.size.max = 200MB (=209715200) (default)
2022-11-07 13:36:23,033 [pool-164-thread-1] INFO  segmented.SegmentedRaftLogWorker (SegmentedRaftLogWorker.java:<init>(191)) - new f44b5222-54a3-4c74-8058-5f7be961e458@group-5C8B4B862CE8-SegmentedRaftLogWorker for RaftStorageImpl:Storage Directory /home/runner/work/ozone/ozone/hadoop-ozone/integration-test/target/test-dir/MiniOzoneClusterImpl-379115e4-4d75-40c4-81a6-8e72fe3ed5e1/datanode-4/data/ratis/684d98b7-07ac-4373-9bbb-5c8b4b862ce8
2022-11-07 13:36:23,033 [pool-164-thread-1] INFO  server.RaftServerConfigKeys (ConfUtils.java:logGet(46)) - raft.server.log.queue.byte-limit = 4294967296 (custom)
2022-11-07 13:36:23,033 [pool-164-thread-1] INFO  server.RaftServerConfigKeys (ConfUtils.java:logGet(46)) - raft.server.log.queue.element-limit = 1024 (custom)
2022-11-07 13:36:23,033 [pool-164-thread-1] INFO  server.RaftServerConfigKeys (ConfUtils.java:logGet(46)) - raft.server.log.segment.size.max = 1048576 (custom)
2022-11-07 13:36:23,033 [pool-164-thread-1] INFO  server.RaftServerConfigKeys (ConfUtils.java:logGet(46)) - raft.server.log.preallocated.size = 16384 (custom)
2022-11-07 13:36:23,033 [pool-164-thread-1] INFO  server.RaftServerConfigKeys (ConfUtils.java:logGet(46)) - raft.server.log.force.sync.num = 128 (default)
2022-11-07 13:36:23,033 [pool-164-thread-1] INFO  server.RaftServerConfigKeys (ConfUtils.java:logGet(46)) - raft.server.log.statemachine.data.sync = true (default)
2022-11-07 13:36:23,033 [pool-164-thread-1] INFO  server.RaftServerConfigKeys (ConfUtils.java:logGet(46)) - raft.server.log.statemachine.data.sync.timeout = 10s (default)
2022-11-07 13:36:23,033 [pool-164-thread-1] INFO  server.RaftServerConfigKeys (ConfUtils.java:logGet(46)) - raft.server.log.statemachine.data.sync.timeout.retry = -1 (default)
2022-11-07 13:36:23,036 [pool-164-thread-1] INFO  server.RaftServerConfigKeys (ConfUtils.java:logGet(46)) - raft.server.log.write.buffer.size = 1048576 (custom)
2022-11-07 13:36:23,037 [pool-164-thread-1] INFO  server.RaftServerConfigKeys (ConfUtils.java:logGet(46)) - raft.server.log.unsafe-flush.enabled = false (default)
2022-11-07 13:36:23,037 [pool-164-thread-1] INFO  server.RaftServerConfigKeys (ConfUtils.java:logGet(46)) - raft.server.log.async-flush.enabled = false (default)
2022-11-07 13:36:23,037 [pool-164-thread-1] INFO  server.RaftServerConfigKeys (ConfUtils.java:logGet(46)) - raft.server.log.statemachine.data.caching.enabled = true (custom)
2022-11-07 13:36:23,037 [pool-164-thread-1] INFO  segmented.SegmentedRaftLogWorker (SegmentedRaftLogWorker.java:lambda$new$0(136)) - f44b5222-54a3-4c74-8058-5f7be961e458@group-5C8B4B862CE8-SegmentedRaftLogWorker: flushIndex: setUnconditionally 0 -> -1
2022-11-07 13:36:23,038 [pool-164-thread-1] INFO  segmented.SegmentedRaftLogWorker (SegmentedRaftLogWorker.java:lambda$new$0(136)) - f44b5222-54a3-4c74-8058-5f7be961e458@group-5C8B4B862CE8-SegmentedRaftLogWorker: safeCacheEvictIndex: setUnconditionally 0 -> -1
2022-11-07 13:36:23,038 [pool-164-thread-1] INFO  server.RaftServer$Division (RaftServerImpl.java:start(334)) - f44b5222-54a3-4c74-8058-5f7be961e458@group-5C8B4B862CE8: start as a follower, conf=-1: peers:[4d74b558-d58f-4526-92bd-479b7c3e5b6d|rpc:10.1.0.230:37651|dataStream:|priority:1|startupRole:FOLLOWER, beab5ca2-a546-402b-a260-2b44d337a1b6|rpc:10.1.0.230:40785|dataStream:|priority:0|startupRole:FOLLOWER, f44b5222-54a3-4c74-8058-5f7be961e458|rpc:10.1.0.230:46269|dataStream:|priority:0|startupRole:FOLLOWER]|listeners:[], old=null
2022-11-07 13:36:23,038 [pool-164-thread-1] INFO  server.RaftServer$Division (RaftServerImpl.java:setRole(321)) - f44b5222-54a3-4c74-8058-5f7be961e458@group-5C8B4B862CE8: changes role from      null to FOLLOWER at term 0 for startAsFollower
2022-11-07 13:36:23,038 [pool-164-thread-1] INFO  impl.RoleInfo (RoleInfo.java:updateAndGet(139)) - f44b5222-54a3-4c74-8058-5f7be961e458: start f44b5222-54a3-4c74-8058-5f7be961e458@group-5C8B4B862CE8-FollowerState
2022-11-07 13:36:23,040 [pool-164-thread-1] INFO  util.JmxRegister (JmxRegister.java:tryRegister(44)) - Successfully registered JMX Bean with object name Ratis:service=RaftServer,group=group-5C8B4B862CE8,id=f44b5222-54a3-4c74-8058-5f7be961e458
2022-11-07 13:36:23,040 [pool-164-thread-1] INFO  server.RaftServerConfigKeys (ConfUtils.java:logGet(46)) - raft.server.snapshot.auto.trigger.enabled = true (custom)
2022-11-07 13:36:23,040 [pool-164-thread-1] INFO  server.RaftServerConfigKeys (ConfUtils.java:logGet(46)) - raft.server.snapshot.auto.trigger.threshold = 10000 (custom)
2022-11-07 13:36:23,040 [pool-164-thread-1] INFO  server.RaftServerConfigKeys (ConfUtils.java:logGet(46)) - raft.server.snapshot.retention.file.num = 5 (custom)
2022-11-07 13:36:23,040 [pool-164-thread-1] INFO  server.RaftServerConfigKeys (ConfUtils.java:logGet(46)) - raft.server.log.purge.upto.snapshot.index = false (default)
2022-11-07 13:36:23,041 [f44b5222-54a3-4c74-8058-5f7be961e458@group-5C8B4B862CE8-FollowerState] INFO  server.RaftServerConfigKeys (ConfUtils.java:logFallback(53)) - raft.server.rpc.first-election.timeout.min = 5s (fallback to raft.server.rpc.timeout.min)
2022-11-07 13:36:23,045 [f44b5222-54a3-4c74-8058-5f7be961e458@group-5C8B4B862CE8-FollowerState] INFO  server.RaftServerConfigKeys (ConfUtils.java:logFallback(53)) - raft.server.rpc.first-election.timeout.max = 5200ms (fallback to raft.server.rpc.timeout.max)
2022-11-07 13:36:23,077 [grpc-default-executor-1] INFO  server.RaftServer (RaftServerProxy.java:addNew(96)) - 4d74b558-d58f-4526-92bd-479b7c3e5b6d: addNew group-5C8B4B862CE8:[4d74b558-d58f-4526-92bd-479b7c3e5b6d|rpc:10.1.0.230:37651|dataStream:|priority:1|startupRole:FOLLOWER, beab5ca2-a546-402b-a260-2b44d337a1b6|rpc:10.1.0.230:40785|dataStream:|priority:0|startupRole:FOLLOWER, f44b5222-54a3-4c74-8058-5f7be961e458|rpc:10.1.0.230:46269|dataStream:|priority:0|startupRole:FOLLOWER] returns group-5C8B4B862CE8:java.util.concurrent.CompletableFuture@891e8aa[Not completed]
2022-11-07 13:36:23,079 [pool-187-thread-1] INFO  server.RaftServer$Division (RaftServerImpl.java:<init>(195)) - 4d74b558-d58f-4526-92bd-479b7c3e5b6d: new RaftServerImpl for group-5C8B4B862CE8:[4d74b558-d58f-4526-92bd-479b7c3e5b6d|rpc:10.1.0.230:37651|dataStream:|priority:1|startupRole:FOLLOWER, beab5ca2-a546-402b-a260-2b44d337a1b6|rpc:10.1.0.230:40785|dataStream:|priority:0|startupRole:FOLLOWER, f44b5222-54a3-4c74-8058-5f7be961e458|rpc:10.1.0.230:46269|dataStream:|priority:0|startupRole:FOLLOWER] with ContainerStateMachine:uninitialized
2022-11-07 13:36:23,079 [pool-187-thread-1] INFO  server.RaftServerConfigKeys (ConfUtils.java:logGet(46)) - raft.server.rpc.timeout.min = 5s (custom)
2022-11-07 13:36:23,079 [pool-187-thread-1] INFO  server.RaftServerConfigKeys (ConfUtils.java:logGet(46)) - raft.server.rpc.timeout.max = 5200ms (custom)
2022-11-07 13:36:23,079 [pool-187-thread-1] INFO  server.RaftServerConfigKeys (ConfUtils.java:logGet(46)) - raft.server.rpc.sleep.time = 25ms (default)
2022-11-07 13:36:23,079 [pool-187-thread-1] INFO  server.RaftServerConfigKeys (ConfUtils.java:logGet(46)) - raft.server.rpc.slowness.timeout = 300s (custom)
2022-11-07 13:36:23,079 [pool-187-thread-1] INFO  server.RaftServerConfigKeys (ConfUtils.java:logGet(46)) - raft.server.leaderelection.leader.step-down.wait-time = 10s (default)
2022-11-07 13:36:23,079 [pool-187-thread-1] INFO  server.RaftServerConfigKeys (ConfUtils.java:logGet(46)) - raft.server.sleep.deviation.threshold = 300ms (default)
2022-11-07 13:36:23,079 [pool-187-thread-1] INFO  server.RaftServer$Division (ServerState.java:<init>(118)) - 4d74b558-d58f-4526-92bd-479b7c3e5b6d@group-5C8B4B862CE8: ConfigurationManager, init=-1: peers:[4d74b558-d58f-4526-92bd-479b7c3e5b6d|rpc:10.1.0.230:37651|dataStream:|priority:1|startupRole:FOLLOWER, beab5ca2-a546-402b-a260-2b44d337a1b6|rpc:10.1.0.230:40785|dataStream:|priority:0|startupRole:FOLLOWER, f44b5222-54a3-4c74-8058-5f7be961e458|rpc:10.1.0.230:46269|dataStream:|priority:0|startupRole:FOLLOWER]|listeners:[], old=null, confs=<EMPTY_MAP>
2022-11-07 13:36:23,079 [pool-187-thread-1] INFO  server.RaftServerConfigKeys (ConfUtils.java:logGet(46)) - raft.server.storage.dir = [/home/runner/work/ozone/ozone/hadoop-ozone/integration-test/target/test-dir/MiniOzoneClusterImpl-379115e4-4d75-40c4-81a6-8e72fe3ed5e1/datanode-5/data/ratis] (custom)
2022-11-07 13:36:23,082 [pool-187-thread-1] INFO  server.RaftServerConfigKeys (ConfUtils.java:logGet(46)) - raft.server.log.corruption.policy = EXCEPTION (default)
2022-11-07 13:36:23,082 [pool-187-thread-1] INFO  server.RaftServerConfigKeys (ConfUtils.java:logGet(46)) - raft.server.storage.free-space.min = 0MB (=0) (default)
2022-11-07 13:36:23,082 [pool-187-thread-1] INFO  server.RaftServerConfigKeys (ConfUtils.java:logGet(46)) - raft.server.notification.no-leader.timeout = 300s (custom)
2022-11-07 13:36:23,082 [pool-187-thread-1] INFO  server.RaftServerConfigKeys (ConfUtils.java:logGet(46)) - raft.server.retrycache.expirytime = 600000ms (custom)
2022-11-07 13:36:23,082 [pool-187-thread-1] INFO  server.RaftServerConfigKeys (ConfUtils.java:logGet(46)) - raft.server.retrycache.statistics.expirytime = 100μs (default)
2022-11-07 13:36:23,084 [pool-187-thread-1] INFO  server.RaftServerConfigKeys (ConfUtils.java:logGet(46)) - raft.server.log.appender.install.snapshot.enabled = false (custom)
2022-11-07 13:36:23,084 [pool-187-thread-1] INFO  server.RaftServerConfigKeys (ConfUtils.java:logGet(46)) - raft.server.threadpool.server.cached = true (default)
2022-11-07 13:36:23,084 [pool-187-thread-1] INFO  server.RaftServerConfigKeys (ConfUtils.java:logGet(46)) - raft.server.threadpool.server.size = 0 (default)
2022-11-07 13:36:23,084 [pool-187-thread-1] INFO  server.RaftServerConfigKeys (ConfUtils.java:logGet(46)) - raft.server.threadpool.client.cached = true (default)
2022-11-07 13:36:23,084 [pool-187-thread-1] INFO  server.RaftServerConfigKeys (ConfUtils.java:logGet(46)) - raft.server.threadpool.client.size = 0 (default)
2022-11-07 13:36:23,085 [pool-187-thread-1] INFO  storage.RaftStorageDirectory (RaftStorageDirectoryImpl.java:analyzeStorage(137)) - The storage directory /home/runner/work/ozone/ozone/hadoop-ozone/integration-test/target/test-dir/MiniOzoneClusterImpl-379115e4-4d75-40c4-81a6-8e72fe3ed5e1/datanode-5/data/ratis/684d98b7-07ac-4373-9bbb-5c8b4b862ce8 does not exist. Creating ...
2022-11-07 13:36:23,086 [pool-187-thread-1] INFO  storage.RaftStorageDirectory (RaftStorageDirectoryImpl.java:tryLock(231)) - Lock on /home/runner/work/ozone/ozone/hadoop-ozone/integration-test/target/test-dir/MiniOzoneClusterImpl-379115e4-4d75-40c4-81a6-8e72fe3ed5e1/datanode-5/data/ratis/684d98b7-07ac-4373-9bbb-5c8b4b862ce8/in_use.lock acquired by nodename 63149@fv-az424-534
2022-11-07 13:36:23,087 [pool-187-thread-1] INFO  storage.RaftStorage (RaftStorageImpl.java:format(96)) - Storage directory /home/runner/work/ozone/ozone/hadoop-ozone/integration-test/target/test-dir/MiniOzoneClusterImpl-379115e4-4d75-40c4-81a6-8e72fe3ed5e1/datanode-5/data/ratis/684d98b7-07ac-4373-9bbb-5c8b4b862ce8 has been successfully formatted.
2022-11-07 13:36:23,088 [pool-187-thread-1] INFO  ratis.ContainerStateMachine (ContainerStateMachine.java:loadSnapshot(236)) - group-5C8B4B862CE8: The snapshot info is null. Setting the last applied indexto:(t:0, i:~)
2022-11-07 13:36:23,088 [pool-187-thread-1] INFO  server.RaftServerConfigKeys (ConfUtils.java:logGet(46)) - raft.server.log.use.memory = false (default)
2022-11-07 13:36:23,088 [pool-187-thread-1] INFO  server.RaftServerConfigKeys (ConfUtils.java:logGet(46)) - raft.server.log.purge.gap = 1000000 (custom)
2022-11-07 13:36:23,088 [pool-187-thread-1] INFO  server.RaftServerConfigKeys (ConfUtils.java:logGet(46)) - raft.server.log.appender.buffer.byte-limit = 33554432 (custom)
2022-11-07 13:36:23,088 [pool-187-thread-1] INFO  server.RaftServerConfigKeys (ConfUtils.java:logGet(46)) - raft.server.log.statemachine.data.read.timeout = 1000ms (default)
2022-11-07 13:36:23,088 [pool-187-thread-1] INFO  server.RaftServerConfigKeys (ConfUtils.java:logGet(46)) - raft.server.log.purge.preservation.log.num = 0 (default)
2022-11-07 13:36:23,091 [pool-187-thread-1] INFO  server.RaftServerConfigKeys (ConfUtils.java:logGet(46)) - raft.server.log.segment.size.max = 1048576 (custom)
2022-11-07 13:36:23,092 [pool-187-thread-1] INFO  server.RaftServerConfigKeys (ConfUtils.java:logGet(46)) - raft.server.log.segment.cache.num.max = 2 (custom)
2022-11-07 13:36:23,092 [pool-187-thread-1] INFO  server.RaftServerConfigKeys (ConfUtils.java:logGet(46)) - raft.server.log.segment.cache.size.max = 200MB (=209715200) (default)
2022-11-07 13:36:23,092 [pool-187-thread-1] INFO  segmented.SegmentedRaftLogWorker (SegmentedRaftLogWorker.java:<init>(191)) - new 4d74b558-d58f-4526-92bd-479b7c3e5b6d@group-5C8B4B862CE8-SegmentedRaftLogWorker for RaftStorageImpl:Storage Directory /home/runner/work/ozone/ozone/hadoop-ozone/integration-test/target/test-dir/MiniOzoneClusterImpl-379115e4-4d75-40c4-81a6-8e72fe3ed5e1/datanode-5/data/ratis/684d98b7-07ac-4373-9bbb-5c8b4b862ce8
2022-11-07 13:36:23,092 [pool-187-thread-1] INFO  server.RaftServerConfigKeys (ConfUtils.java:logGet(46)) - raft.server.log.queue.byte-limit = 4294967296 (custom)
2022-11-07 13:36:23,092 [pool-187-thread-1] INFO  server.RaftServerConfigKeys (ConfUtils.java:logGet(46)) - raft.server.log.queue.element-limit = 1024 (custom)
2022-11-07 13:36:23,092 [pool-187-thread-1] INFO  server.RaftServerConfigKeys (ConfUtils.java:logGet(46)) - raft.server.log.segment.size.max = 1048576 (custom)
2022-11-07 13:36:23,092 [pool-187-thread-1] INFO  server.RaftServerConfigKeys (ConfUtils.java:logGet(46)) - raft.server.log.preallocated.size = 16384 (custom)
2022-11-07 13:36:23,092 [pool-187-thread-1] INFO  server.RaftServerConfigKeys (ConfUtils.java:logGet(46)) - raft.server.log.force.sync.num = 128 (default)
2022-11-07 13:36:23,092 [pool-187-thread-1] INFO  server.RaftServerConfigKeys (ConfUtils.java:logGet(46)) - raft.server.log.statemachine.data.sync = true (default)
2022-11-07 13:36:23,092 [pool-187-thread-1] INFO  server.RaftServerConfigKeys (ConfUtils.java:logGet(46)) - raft.server.log.statemachine.data.sync.timeout = 10s (default)
2022-11-07 13:36:23,092 [pool-187-thread-1] INFO  server.RaftServerConfigKeys (ConfUtils.java:logGet(46)) - raft.server.log.statemachine.data.sync.timeout.retry = -1 (default)
2022-11-07 13:36:23,094 [pool-187-thread-1] INFO  server.RaftServerConfigKeys (ConfUtils.java:logGet(46)) - raft.server.log.write.buffer.size = 1048576 (custom)
2022-11-07 13:36:23,094 [pool-187-thread-1] INFO  server.RaftServerConfigKeys (ConfUtils.java:logGet(46)) - raft.server.log.unsafe-flush.enabled = false (default)
2022-11-07 13:36:23,095 [pool-187-thread-1] INFO  server.RaftServerConfigKeys (ConfUtils.java:logGet(46)) - raft.server.log.async-flush.enabled = false (default)
2022-11-07 13:36:23,095 [pool-187-thread-1] INFO  server.RaftServerConfigKeys (ConfUtils.java:logGet(46)) - raft.server.log.statemachine.data.caching.enabled = true (custom)
2022-11-07 13:36:23,095 [pool-187-thread-1] INFO  segmented.SegmentedRaftLogWorker (SegmentedRaftLogWorker.java:lambda$new$0(136)) - 4d74b558-d58f-4526-92bd-479b7c3e5b6d@group-5C8B4B862CE8-SegmentedRaftLogWorker: flushIndex: setUnconditionally 0 -> -1
2022-11-07 13:36:23,095 [pool-187-thread-1] INFO  segmented.SegmentedRaftLogWorker (SegmentedRaftLogWorker.java:lambda$new$0(136)) - 4d74b558-d58f-4526-92bd-479b7c3e5b6d@group-5C8B4B862CE8-SegmentedRaftLogWorker: safeCacheEvictIndex: setUnconditionally 0 -> -1
2022-11-07 13:36:23,095 [pool-187-thread-1] INFO  server.RaftServer$Division (RaftServerImpl.java:start(334)) - 4d74b558-d58f-4526-92bd-479b7c3e5b6d@group-5C8B4B862CE8: start as a follower, conf=-1: peers:[4d74b558-d58f-4526-92bd-479b7c3e5b6d|rpc:10.1.0.230:37651|dataStream:|priority:1|startupRole:FOLLOWER, beab5ca2-a546-402b-a260-2b44d337a1b6|rpc:10.1.0.230:40785|dataStream:|priority:0|startupRole:FOLLOWER, f44b5222-54a3-4c74-8058-5f7be961e458|rpc:10.1.0.230:46269|dataStream:|priority:0|startupRole:FOLLOWER]|listeners:[], old=null
2022-11-07 13:36:23,095 [pool-187-thread-1] INFO  server.RaftServer$Division (RaftServerImpl.java:setRole(321)) - 4d74b558-d58f-4526-92bd-479b7c3e5b6d@group-5C8B4B862CE8: changes role from      null to FOLLOWER at term 0 for startAsFollower
2022-11-07 13:36:23,095 [pool-187-thread-1] INFO  impl.RoleInfo (RoleInfo.java:updateAndGet(139)) - 4d74b558-d58f-4526-92bd-479b7c3e5b6d: start 4d74b558-d58f-4526-92bd-479b7c3e5b6d@group-5C8B4B862CE8-FollowerState
2022-11-07 13:36:23,096 [pool-187-thread-1] INFO  util.JmxRegister (JmxRegister.java:tryRegister(44)) - Successfully registered JMX Bean with object name Ratis:service=RaftServer,group=group-5C8B4B862CE8,id=4d74b558-d58f-4526-92bd-479b7c3e5b6d
2022-11-07 13:36:23,096 [pool-187-thread-1] INFO  server.RaftServerConfigKeys (ConfUtils.java:logGet(46)) - raft.server.snapshot.auto.trigger.enabled = true (custom)
2022-11-07 13:36:23,096 [pool-187-thread-1] INFO  server.RaftServerConfigKeys (ConfUtils.java:logGet(46)) - raft.server.snapshot.auto.trigger.threshold = 10000 (custom)
2022-11-07 13:36:23,096 [pool-187-thread-1] INFO  server.RaftServerConfigKeys (ConfUtils.java:logGet(46)) - raft.server.snapshot.retention.file.num = 5 (custom)
2022-11-07 13:36:23,096 [pool-187-thread-1] INFO  server.RaftServerConfigKeys (ConfUtils.java:logGet(46)) - raft.server.log.purge.upto.snapshot.index = false (default)
2022-11-07 13:36:23,097 [4d74b558-d58f-4526-92bd-479b7c3e5b6d@group-5C8B4B862CE8-FollowerState] INFO  server.RaftServerConfigKeys (ConfUtils.java:logFallback(53)) - raft.server.rpc.first-election.timeout.min = 5s (fallback to raft.server.rpc.timeout.min)
2022-11-07 13:36:23,111 [4d74b558-d58f-4526-92bd-479b7c3e5b6d@group-5C8B4B862CE8-FollowerState] INFO  server.RaftServerConfigKeys (ConfUtils.java:logFallback(53)) - raft.server.rpc.first-election.timeout.max = 5200ms (fallback to raft.server.rpc.timeout.max)
2022-11-07 13:36:23,116 [Command processor thread] INFO  commandhandler.CreatePipelineCommandHandler (CreatePipelineCommandHandler.java:handle(113)) - Created Pipeline RATIS THREE PipelineID=684d98b7-07ac-4373-9bbb-5c8b4b862ce8.
2022-11-07 13:36:23,116 [Command processor thread] INFO  server.RaftServer (RaftServerProxy.java:addNew(96)) - beab5ca2-a546-402b-a260-2b44d337a1b6: addNew group-097C8DE22D6C:[4d74b558-d58f-4526-92bd-479b7c3e5b6d|rpc:10.1.0.230:37651|priority:0|startupRole:FOLLOWER, beab5ca2-a546-402b-a260-2b44d337a1b6|rpc:10.1.0.230:40785|priority:1|startupRole:FOLLOWER, f44b5222-54a3-4c74-8058-5f7be961e458|rpc:10.1.0.230:46269|priority:0|startupRole:FOLLOWER] returns group-097C8DE22D6C:java.util.concurrent.CompletableFuture@395fe2b[Not completed]
2022-11-07 13:36:23,118 [pool-141-thread-1] INFO  server.RaftServer$Division (RaftServerImpl.java:<init>(195)) - beab5ca2-a546-402b-a260-2b44d337a1b6: new RaftServerImpl for group-097C8DE22D6C:[4d74b558-d58f-4526-92bd-479b7c3e5b6d|rpc:10.1.0.230:37651|priority:0|startupRole:FOLLOWER, beab5ca2-a546-402b-a260-2b44d337a1b6|rpc:10.1.0.230:40785|priority:1|startupRole:FOLLOWER, f44b5222-54a3-4c74-8058-5f7be961e458|rpc:10.1.0.230:46269|priority:0|startupRole:FOLLOWER] with ContainerStateMachine:uninitialized
2022-11-07 13:36:23,118 [pool-141-thread-1] INFO  server.RaftServerConfigKeys (ConfUtils.java:logGet(46)) - raft.server.rpc.timeout.min = 5s (custom)
2022-11-07 13:36:23,118 [pool-141-thread-1] INFO  server.RaftServerConfigKeys (ConfUtils.java:logGet(46)) - raft.server.rpc.timeout.max = 5200ms (custom)
2022-11-07 13:36:23,118 [pool-141-thread-1] INFO  server.RaftServerConfigKeys (ConfUtils.java:logGet(46)) - raft.server.rpc.sleep.time = 25ms (default)
2022-11-07 13:36:23,118 [pool-141-thread-1] INFO  server.RaftServerConfigKeys (ConfUtils.java:logGet(46)) - raft.server.rpc.slowness.timeout = 300s (custom)
2022-11-07 13:36:23,118 [pool-141-thread-1] INFO  server.RaftServerConfigKeys (ConfUtils.java:logGet(46)) - raft.server.leaderelection.leader.step-down.wait-time = 10s (default)
2022-11-07 13:36:23,118 [pool-141-thread-1] INFO  server.RaftServerConfigKeys (ConfUtils.java:logGet(46)) - raft.server.sleep.deviation.threshold = 300ms (default)
2022-11-07 13:36:23,118 [pool-141-thread-1] INFO  server.RaftServer$Division (ServerState.java:<init>(118)) - beab5ca2-a546-402b-a260-2b44d337a1b6@group-097C8DE22D6C: ConfigurationManager, init=-1: peers:[4d74b558-d58f-4526-92bd-479b7c3e5b6d|rpc:10.1.0.230:37651|priority:0|startupRole:FOLLOWER, beab5ca2-a546-402b-a260-2b44d337a1b6|rpc:10.1.0.230:40785|priority:1|startupRole:FOLLOWER, f44b5222-54a3-4c74-8058-5f7be961e458|rpc:10.1.0.230:46269|priority:0|startupRole:FOLLOWER]|listeners:[], old=null, confs=<EMPTY_MAP>
2022-11-07 13:36:23,118 [pool-141-thread-1] INFO  server.RaftServerConfigKeys (ConfUtils.java:logGet(46)) - raft.server.storage.dir = [/home/runner/work/ozone/ozone/hadoop-ozone/integration-test/target/test-dir/MiniOzoneClusterImpl-379115e4-4d75-40c4-81a6-8e72fe3ed5e1/datanode-3/data/ratis] (custom)
2022-11-07 13:36:23,118 [pool-141-thread-1] INFO  server.RaftServerConfigKeys (ConfUtils.java:logGet(46)) - raft.server.log.corruption.policy = EXCEPTION (default)
2022-11-07 13:36:23,118 [pool-141-thread-1] INFO  server.RaftServerConfigKeys (ConfUtils.java:logGet(46)) - raft.server.storage.free-space.min = 0MB (=0) (default)
2022-11-07 13:36:23,118 [pool-141-thread-1] INFO  server.RaftServerConfigKeys (ConfUtils.java:logGet(46)) - raft.server.notification.no-leader.timeout = 300s (custom)
2022-11-07 13:36:23,118 [pool-141-thread-1] INFO  server.RaftServerConfigKeys (ConfUtils.java:logGet(46)) - raft.server.retrycache.expirytime = 600000ms (custom)
2022-11-07 13:36:23,118 [pool-141-thread-1] INFO  server.RaftServerConfigKeys (ConfUtils.java:logGet(46)) - raft.server.retrycache.statistics.expirytime = 100μs (default)
2022-11-07 13:36:23,119 [pool-141-thread-1] INFO  server.RaftServerConfigKeys (ConfUtils.java:logGet(46)) - raft.server.log.appender.install.snapshot.enabled = false (custom)
2022-11-07 13:36:23,119 [pool-141-thread-1] INFO  server.RaftServerConfigKeys (ConfUtils.java:logGet(46)) - raft.server.threadpool.server.cached = true (default)
2022-11-07 13:36:23,119 [pool-141-thread-1] INFO  server.RaftServerConfigKeys (ConfUtils.java:logGet(46)) - raft.server.threadpool.server.size = 0 (default)
2022-11-07 13:36:23,119 [pool-141-thread-1] INFO  server.RaftServerConfigKeys (ConfUtils.java:logGet(46)) - raft.server.threadpool.client.cached = true (default)
2022-11-07 13:36:23,119 [pool-141-thread-1] INFO  server.RaftServerConfigKeys (ConfUtils.java:logGet(46)) - raft.server.threadpool.client.size = 0 (default)
2022-11-07 13:36:23,120 [pool-141-thread-1] INFO  storage.RaftStorageDirectory (RaftStorageDirectoryImpl.java:analyzeStorage(137)) - The storage directory /home/runner/work/ozone/ozone/hadoop-ozone/integration-test/target/test-dir/MiniOzoneClusterImpl-379115e4-4d75-40c4-81a6-8e72fe3ed5e1/datanode-3/data/ratis/852bd3f1-67b1-4a6c-94da-097c8de22d6c does not exist. Creating ...
2022-11-07 13:36:23,121 [pool-141-thread-1] INFO  storage.RaftStorageDirectory (RaftStorageDirectoryImpl.java:tryLock(231)) - Lock on /home/runner/work/ozone/ozone/hadoop-ozone/integration-test/target/test-dir/MiniOzoneClusterImpl-379115e4-4d75-40c4-81a6-8e72fe3ed5e1/datanode-3/data/ratis/852bd3f1-67b1-4a6c-94da-097c8de22d6c/in_use.lock acquired by nodename 63149@fv-az424-534
2022-11-07 13:36:23,122 [pool-141-thread-1] INFO  storage.RaftStorage (RaftStorageImpl.java:format(96)) - Storage directory /home/runner/work/ozone/ozone/hadoop-ozone/integration-test/target/test-dir/MiniOzoneClusterImpl-379115e4-4d75-40c4-81a6-8e72fe3ed5e1/datanode-3/data/ratis/852bd3f1-67b1-4a6c-94da-097c8de22d6c has been successfully formatted.
2022-11-07 13:36:23,122 [pool-141-thread-1] INFO  ratis.ContainerStateMachine (ContainerStateMachine.java:loadSnapshot(236)) - group-097C8DE22D6C: The snapshot info is null. Setting the last applied indexto:(t:0, i:~)
2022-11-07 13:36:23,122 [pool-141-thread-1] INFO  server.RaftServerConfigKeys (ConfUtils.java:logGet(46)) - raft.server.log.use.memory = false (default)
2022-11-07 13:36:23,122 [pool-141-thread-1] INFO  server.RaftServerConfigKeys (ConfUtils.java:logGet(46)) - raft.server.log.purge.gap = 1000000 (custom)
2022-11-07 13:36:23,123 [pool-141-thread-1] INFO  server.RaftServerConfigKeys (ConfUtils.java:logGet(46)) - raft.server.log.appender.buffer.byte-limit = 33554432 (custom)
2022-11-07 13:36:23,123 [pool-141-thread-1] INFO  server.RaftServerConfigKeys (ConfUtils.java:logGet(46)) - raft.server.log.statemachine.data.read.timeout = 1000ms (default)
2022-11-07 13:36:23,123 [pool-141-thread-1] INFO  server.RaftServerConfigKeys (ConfUtils.java:logGet(46)) - raft.server.log.purge.preservation.log.num = 0 (default)
2022-11-07 13:36:23,124 [pool-141-thread-1] INFO  server.RaftServerConfigKeys (ConfUtils.java:logGet(46)) - raft.server.log.segment.size.max = 1048576 (custom)
2022-11-07 13:36:23,124 [EventQueue-OpenPipelineForHealthyPipelineSafeModeRule] INFO  safemode.SCMSafeModeManager (HealthyPipelineSafeModeRule.java:process(137)) - SCM in safe mode. Healthy pipelines reported count is 0, required healthy pipeline reported count is 1
2022-11-07 13:36:23,127 [pool-141-thread-1] INFO  server.RaftServerConfigKeys (ConfUtils.java:logGet(46)) - raft.server.log.segment.cache.num.max = 2 (custom)
2022-11-07 13:36:23,129 [pool-141-thread-1] INFO  server.RaftServerConfigKeys (ConfUtils.java:logGet(46)) - raft.server.log.segment.cache.size.max = 200MB (=209715200) (default)
2022-11-07 13:36:23,129 [pool-141-thread-1] INFO  segmented.SegmentedRaftLogWorker (SegmentedRaftLogWorker.java:<init>(191)) - new beab5ca2-a546-402b-a260-2b44d337a1b6@group-097C8DE22D6C-SegmentedRaftLogWorker for RaftStorageImpl:Storage Directory /home/runner/work/ozone/ozone/hadoop-ozone/integration-test/target/test-dir/MiniOzoneClusterImpl-379115e4-4d75-40c4-81a6-8e72fe3ed5e1/datanode-3/data/ratis/852bd3f1-67b1-4a6c-94da-097c8de22d6c
2022-11-07 13:36:23,129 [pool-141-thread-1] INFO  server.RaftServerConfigKeys (ConfUtils.java:logGet(46)) - raft.server.log.queue.byte-limit = 4294967296 (custom)
2022-11-07 13:36:23,129 [pool-141-thread-1] INFO  server.RaftServerConfigKeys (ConfUtils.java:logGet(46)) - raft.server.log.queue.element-limit = 1024 (custom)
2022-11-07 13:36:23,129 [pool-141-thread-1] INFO  server.RaftServerConfigKeys (ConfUtils.java:logGet(46)) - raft.server.log.segment.size.max = 1048576 (custom)
2022-11-07 13:36:23,129 [pool-141-thread-1] INFO  server.RaftServerConfigKeys (ConfUtils.java:logGet(46)) - raft.server.log.preallocated.size = 16384 (custom)
2022-11-07 13:36:23,129 [pool-141-thread-1] INFO  server.RaftServerConfigKeys (ConfUtils.java:logGet(46)) - raft.server.log.force.sync.num = 128 (default)
2022-11-07 13:36:23,129 [pool-141-thread-1] INFO  server.RaftServerConfigKeys (ConfUtils.java:logGet(46)) - raft.server.log.statemachine.data.sync = true (default)
2022-11-07 13:36:23,130 [pool-141-thread-1] INFO  server.RaftServerConfigKeys (ConfUtils.java:logGet(46)) - raft.server.log.statemachine.data.sync.timeout = 10s (default)
2022-11-07 13:36:23,130 [pool-141-thread-1] INFO  server.RaftServerConfigKeys (ConfUtils.java:logGet(46)) - raft.server.log.statemachine.data.sync.timeout.retry = -1 (default)
2022-11-07 13:36:23,130 [pool-141-thread-1] INFO  server.RaftServerConfigKeys (ConfUtils.java:logGet(46)) - raft.server.log.write.buffer.size = 1048576 (custom)
2022-11-07 13:36:23,131 [pool-141-thread-1] INFO  server.RaftServerConfigKeys (ConfUtils.java:logGet(46)) - raft.server.log.unsafe-flush.enabled = false (default)
2022-11-07 13:36:23,131 [pool-141-thread-1] INFO  server.RaftServerConfigKeys (ConfUtils.java:logGet(46)) - raft.server.log.async-flush.enabled = false (default)
2022-11-07 13:36:23,131 [pool-141-thread-1] INFO  server.RaftServerConfigKeys (ConfUtils.java:logGet(46)) - raft.server.log.statemachine.data.caching.enabled = true (custom)
2022-11-07 13:36:23,131 [pool-141-thread-1] INFO  segmented.SegmentedRaftLogWorker (SegmentedRaftLogWorker.java:lambda$new$0(136)) - beab5ca2-a546-402b-a260-2b44d337a1b6@group-097C8DE22D6C-SegmentedRaftLogWorker: flushIndex: setUnconditionally 0 -> -1
2022-11-07 13:36:23,131 [pool-141-thread-1] INFO  segmented.SegmentedRaftLogWorker (SegmentedRaftLogWorker.java:lambda$new$0(136)) - beab5ca2-a546-402b-a260-2b44d337a1b6@group-097C8DE22D6C-SegmentedRaftLogWorker: safeCacheEvictIndex: setUnconditionally 0 -> -1
2022-11-07 13:36:23,132 [pool-141-thread-1] INFO  server.RaftServer$Division (RaftServerImpl.java:start(334)) - beab5ca2-a546-402b-a260-2b44d337a1b6@group-097C8DE22D6C: start as a follower, conf=-1: peers:[4d74b558-d58f-4526-92bd-479b7c3e5b6d|rpc:10.1.0.230:37651|priority:0|startupRole:FOLLOWER, beab5ca2-a546-402b-a260-2b44d337a1b6|rpc:10.1.0.230:40785|priority:1|startupRole:FOLLOWER, f44b5222-54a3-4c74-8058-5f7be961e458|rpc:10.1.0.230:46269|priority:0|startupRole:FOLLOWER]|listeners:[], old=null
2022-11-07 13:36:23,132 [pool-141-thread-1] INFO  server.RaftServer$Division (RaftServerImpl.java:setRole(321)) - beab5ca2-a546-402b-a260-2b44d337a1b6@group-097C8DE22D6C: changes role from      null to FOLLOWER at term 0 for startAsFollower
2022-11-07 13:36:23,132 [pool-141-thread-1] INFO  impl.RoleInfo (RoleInfo.java:updateAndGet(139)) - beab5ca2-a546-402b-a260-2b44d337a1b6: start beab5ca2-a546-402b-a260-2b44d337a1b6@group-097C8DE22D6C-FollowerState
2022-11-07 13:36:23,133 [pool-141-thread-1] INFO  util.JmxRegister (JmxRegister.java:tryRegister(44)) - Successfully registered JMX Bean with object name Ratis:service=RaftServer,group=group-097C8DE22D6C,id=beab5ca2-a546-402b-a260-2b44d337a1b6
2022-11-07 13:36:23,133 [pool-141-thread-1] INFO  server.RaftServerConfigKeys (ConfUtils.java:logGet(46)) - raft.server.snapshot.auto.trigger.enabled = true (custom)
2022-11-07 13:36:23,133 [pool-141-thread-1] INFO  server.RaftServerConfigKeys (ConfUtils.java:logGet(46)) - raft.server.snapshot.auto.trigger.threshold = 10000 (custom)
2022-11-07 13:36:23,133 [pool-141-thread-1] INFO  server.RaftServerConfigKeys (ConfUtils.java:logGet(46)) - raft.server.snapshot.retention.file.num = 5 (custom)
2022-11-07 13:36:23,133 [pool-141-thread-1] INFO  server.RaftServerConfigKeys (ConfUtils.java:logGet(46)) - raft.server.log.purge.upto.snapshot.index = false (default)
2022-11-07 13:36:23,134 [beab5ca2-a546-402b-a260-2b44d337a1b6@group-097C8DE22D6C-FollowerState] INFO  server.RaftServerConfigKeys (ConfUtils.java:logFallback(53)) - raft.server.rpc.first-election.timeout.min = 5s (fallback to raft.server.rpc.timeout.min)
2022-11-07 13:36:23,134 [beab5ca2-a546-402b-a260-2b44d337a1b6@group-097C8DE22D6C-FollowerState] INFO  server.RaftServerConfigKeys (ConfUtils.java:logFallback(53)) - raft.server.rpc.first-election.timeout.max = 5200ms (fallback to raft.server.rpc.timeout.max)
2022-11-07 13:36:23,136 [Command processor thread] INFO  ratis.XceiverServerRatis (XceiverServerRatis.java:addGroup(765)) - Created group PipelineID=852bd3f1-67b1-4a6c-94da-097c8de22d6c
2022-11-07 13:36:23,156 [grpc-default-executor-1] INFO  server.RaftServer (RaftServerProxy.java:addNew(96)) - 4d74b558-d58f-4526-92bd-479b7c3e5b6d: addNew group-097C8DE22D6C:[4d74b558-d58f-4526-92bd-479b7c3e5b6d|rpc:10.1.0.230:37651|dataStream:|priority:0|startupRole:FOLLOWER, beab5ca2-a546-402b-a260-2b44d337a1b6|rpc:10.1.0.230:40785|dataStream:|priority:1|startupRole:FOLLOWER, f44b5222-54a3-4c74-8058-5f7be961e458|rpc:10.1.0.230:46269|dataStream:|priority:0|startupRole:FOLLOWER] returns group-097C8DE22D6C:java.util.concurrent.CompletableFuture@660ca9a[Not completed]
2022-11-07 13:36:23,157 [pool-187-thread-1] INFO  server.RaftServer$Division (RaftServerImpl.java:<init>(195)) - 4d74b558-d58f-4526-92bd-479b7c3e5b6d: new RaftServerImpl for group-097C8DE22D6C:[4d74b558-d58f-4526-92bd-479b7c3e5b6d|rpc:10.1.0.230:37651|dataStream:|priority:0|startupRole:FOLLOWER, beab5ca2-a546-402b-a260-2b44d337a1b6|rpc:10.1.0.230:40785|dataStream:|priority:1|startupRole:FOLLOWER, f44b5222-54a3-4c74-8058-5f7be961e458|rpc:10.1.0.230:46269|dataStream:|priority:0|startupRole:FOLLOWER] with ContainerStateMachine:uninitialized
2022-11-07 13:36:23,157 [pool-187-thread-1] INFO  server.RaftServerConfigKeys (ConfUtils.java:logGet(46)) - raft.server.rpc.timeout.min = 5s (custom)
2022-11-07 13:36:23,158 [pool-187-thread-1] INFO  server.RaftServerConfigKeys (ConfUtils.java:logGet(46)) - raft.server.rpc.timeout.max = 5200ms (custom)
2022-11-07 13:36:23,158 [pool-187-thread-1] INFO  server.RaftServerConfigKeys (ConfUtils.java:logGet(46)) - raft.server.rpc.sleep.time = 25ms (default)
2022-11-07 13:36:23,158 [pool-187-thread-1] INFO  server.RaftServerConfigKeys (ConfUtils.java:logGet(46)) - raft.server.rpc.slowness.timeout = 300s (custom)
2022-11-07 13:36:23,158 [pool-187-thread-1] INFO  server.RaftServerConfigKeys (ConfUtils.java:logGet(46)) - raft.server.leaderelection.leader.step-down.wait-time = 10s (default)
2022-11-07 13:36:23,158 [pool-187-thread-1] INFO  server.RaftServerConfigKeys (ConfUtils.java:logGet(46)) - raft.server.sleep.deviation.threshold = 300ms (default)
2022-11-07 13:36:23,158 [pool-187-thread-1] INFO  server.RaftServer$Division (ServerState.java:<init>(118)) - 4d74b558-d58f-4526-92bd-479b7c3e5b6d@group-097C8DE22D6C: ConfigurationManager, init=-1: peers:[4d74b558-d58f-4526-92bd-479b7c3e5b6d|rpc:10.1.0.230:37651|dataStream:|priority:0|startupRole:FOLLOWER, beab5ca2-a546-402b-a260-2b44d337a1b6|rpc:10.1.0.230:40785|dataStream:|priority:1|startupRole:FOLLOWER, f44b5222-54a3-4c74-8058-5f7be961e458|rpc:10.1.0.230:46269|dataStream:|priority:0|startupRole:FOLLOWER]|listeners:[], old=null, confs=<EMPTY_MAP>
2022-11-07 13:36:23,158 [pool-187-thread-1] INFO  server.RaftServerConfigKeys (ConfUtils.java:logGet(46)) - raft.server.storage.dir = [/home/runner/work/ozone/ozone/hadoop-ozone/integration-test/target/test-dir/MiniOzoneClusterImpl-379115e4-4d75-40c4-81a6-8e72fe3ed5e1/datanode-5/data/ratis] (custom)
2022-11-07 13:36:23,158 [pool-187-thread-1] INFO  server.RaftServerConfigKeys (ConfUtils.java:logGet(46)) - raft.server.log.corruption.policy = EXCEPTION (default)
2022-11-07 13:36:23,158 [pool-187-thread-1] INFO  server.RaftServerConfigKeys (ConfUtils.java:logGet(46)) - raft.server.storage.free-space.min = 0MB (=0) (default)
2022-11-07 13:36:23,159 [pool-187-thread-1] INFO  server.RaftServerConfigKeys (ConfUtils.java:logGet(46)) - raft.server.notification.no-leader.timeout = 300s (custom)
2022-11-07 13:36:23,159 [pool-187-thread-1] INFO  server.RaftServerConfigKeys (ConfUtils.java:logGet(46)) - raft.server.retrycache.expirytime = 600000ms (custom)
2022-11-07 13:36:23,159 [pool-187-thread-1] INFO  server.RaftServerConfigKeys (ConfUtils.java:logGet(46)) - raft.server.retrycache.statistics.expirytime = 100μs (default)
2022-11-07 13:36:23,160 [pool-187-thread-1] INFO  server.RaftServerConfigKeys (ConfUtils.java:logGet(46)) - raft.server.log.appender.install.snapshot.enabled = false (custom)
2022-11-07 13:36:23,160 [pool-187-thread-1] INFO  server.RaftServerConfigKeys (ConfUtils.java:logGet(46)) - raft.server.threadpool.server.cached = true (default)
2022-11-07 13:36:23,160 [pool-187-thread-1] INFO  server.RaftServerConfigKeys (ConfUtils.java:logGet(46)) - raft.server.threadpool.server.size = 0 (default)
2022-11-07 13:36:23,160 [pool-187-thread-1] INFO  server.RaftServerConfigKeys (ConfUtils.java:logGet(46)) - raft.server.threadpool.client.cached = true (default)
2022-11-07 13:36:23,160 [pool-187-thread-1] INFO  server.RaftServerConfigKeys (ConfUtils.java:logGet(46)) - raft.server.threadpool.client.size = 0 (default)
2022-11-07 13:36:23,160 [pool-187-thread-1] INFO  storage.RaftStorageDirectory (RaftStorageDirectoryImpl.java:analyzeStorage(137)) - The storage directory /home/runner/work/ozone/ozone/hadoop-ozone/integration-test/target/test-dir/MiniOzoneClusterImpl-379115e4-4d75-40c4-81a6-8e72fe3ed5e1/datanode-5/data/ratis/852bd3f1-67b1-4a6c-94da-097c8de22d6c does not exist. Creating ...
2022-11-07 13:36:23,161 [pool-187-thread-1] INFO  storage.RaftStorageDirectory (RaftStorageDirectoryImpl.java:tryLock(231)) - Lock on /home/runner/work/ozone/ozone/hadoop-ozone/integration-test/target/test-dir/MiniOzoneClusterImpl-379115e4-4d75-40c4-81a6-8e72fe3ed5e1/datanode-5/data/ratis/852bd3f1-67b1-4a6c-94da-097c8de22d6c/in_use.lock acquired by nodename 63149@fv-az424-534
2022-11-07 13:36:23,162 [pool-187-thread-1] INFO  storage.RaftStorage (RaftStorageImpl.java:format(96)) - Storage directory /home/runner/work/ozone/ozone/hadoop-ozone/integration-test/target/test-dir/MiniOzoneClusterImpl-379115e4-4d75-40c4-81a6-8e72fe3ed5e1/datanode-5/data/ratis/852bd3f1-67b1-4a6c-94da-097c8de22d6c has been successfully formatted.
2022-11-07 13:36:23,163 [pool-187-thread-1] INFO  ratis.ContainerStateMachine (ContainerStateMachine.java:loadSnapshot(236)) - group-097C8DE22D6C: The snapshot info is null. Setting the last applied indexto:(t:0, i:~)
2022-11-07 13:36:23,163 [pool-187-thread-1] INFO  server.RaftServerConfigKeys (ConfUtils.java:logGet(46)) - raft.server.log.use.memory = false (default)
2022-11-07 13:36:23,163 [pool-187-thread-1] INFO  server.RaftServerConfigKeys (ConfUtils.java:logGet(46)) - raft.server.log.purge.gap = 1000000 (custom)
2022-11-07 13:36:23,163 [pool-187-thread-1] INFO  server.RaftServerConfigKeys (ConfUtils.java:logGet(46)) - raft.server.log.appender.buffer.byte-limit = 33554432 (custom)
2022-11-07 13:36:23,163 [pool-187-thread-1] INFO  server.RaftServerConfigKeys (ConfUtils.java:logGet(46)) - raft.server.log.statemachine.data.read.timeout = 1000ms (default)
2022-11-07 13:36:23,163 [pool-187-thread-1] INFO  server.RaftServerConfigKeys (ConfUtils.java:logGet(46)) - raft.server.log.purge.preservation.log.num = 0 (default)
2022-11-07 13:36:23,163 [pool-187-thread-1] INFO  server.RaftServerConfigKeys (ConfUtils.java:logGet(46)) - raft.server.log.segment.size.max = 1048576 (custom)
2022-11-07 13:36:23,166 [pool-187-thread-1] INFO  server.RaftServerConfigKeys (ConfUtils.java:logGet(46)) - raft.server.log.segment.cache.num.max = 2 (custom)
2022-11-07 13:36:23,166 [pool-187-thread-1] INFO  server.RaftServerConfigKeys (ConfUtils.java:logGet(46)) - raft.server.log.segment.cache.size.max = 200MB (=209715200) (default)
2022-11-07 13:36:23,166 [pool-187-thread-1] INFO  segmented.SegmentedRaftLogWorker (SegmentedRaftLogWorker.java:<init>(191)) - new 4d74b558-d58f-4526-92bd-479b7c3e5b6d@group-097C8DE22D6C-SegmentedRaftLogWorker for RaftStorageImpl:Storage Directory /home/runner/work/ozone/ozone/hadoop-ozone/integration-test/target/test-dir/MiniOzoneClusterImpl-379115e4-4d75-40c4-81a6-8e72fe3ed5e1/datanode-5/data/ratis/852bd3f1-67b1-4a6c-94da-097c8de22d6c
2022-11-07 13:36:23,166 [pool-187-thread-1] INFO  server.RaftServerConfigKeys (ConfUtils.java:logGet(46)) - raft.server.log.queue.byte-limit = 4294967296 (custom)
2022-11-07 13:36:23,166 [pool-187-thread-1] INFO  server.RaftServerConfigKeys (ConfUtils.java:logGet(46)) - raft.server.log.queue.element-limit = 1024 (custom)
2022-11-07 13:36:23,166 [pool-187-thread-1] INFO  server.RaftServerConfigKeys (ConfUtils.java:logGet(46)) - raft.server.log.segment.size.max = 1048576 (custom)
2022-11-07 13:36:23,166 [pool-187-thread-1] INFO  server.RaftServerConfigKeys (ConfUtils.java:logGet(46)) - raft.server.log.preallocated.size = 16384 (custom)
2022-11-07 13:36:23,166 [pool-187-thread-1] INFO  server.RaftServerConfigKeys (ConfUtils.java:logGet(46)) - raft.server.log.force.sync.num = 128 (default)
2022-11-07 13:36:23,166 [pool-187-thread-1] INFO  server.RaftServerConfigKeys (ConfUtils.java:logGet(46)) - raft.server.log.statemachine.data.sync = true (default)
2022-11-07 13:36:23,167 [pool-187-thread-1] INFO  server.RaftServerConfigKeys (ConfUtils.java:logGet(46)) - raft.server.log.statemachine.data.sync.timeout = 10s (default)
2022-11-07 13:36:23,167 [pool-187-thread-1] INFO  server.RaftServerConfigKeys (ConfUtils.java:logGet(46)) - raft.server.log.statemachine.data.sync.timeout.retry = -1 (default)
2022-11-07 13:36:23,167 [pool-187-thread-1] INFO  server.RaftServerConfigKeys (ConfUtils.java:logGet(46)) - raft.server.log.write.buffer.size = 1048576 (custom)
2022-11-07 13:36:23,168 [pool-187-thread-1] INFO  server.RaftServerConfigKeys (ConfUtils.java:logGet(46)) - raft.server.log.unsafe-flush.enabled = false (default)
2022-11-07 13:36:23,168 [pool-187-thread-1] INFO  server.RaftServerConfigKeys (ConfUtils.java:logGet(46)) - raft.server.log.async-flush.enabled = false (default)
2022-11-07 13:36:23,168 [pool-187-thread-1] INFO  server.RaftServerConfigKeys (ConfUtils.java:logGet(46)) - raft.server.log.statemachine.data.caching.enabled = true (custom)
2022-11-07 13:36:23,168 [pool-187-thread-1] INFO  segmented.SegmentedRaftLogWorker (SegmentedRaftLogWorker.java:lambda$new$0(136)) - 4d74b558-d58f-4526-92bd-479b7c3e5b6d@group-097C8DE22D6C-SegmentedRaftLogWorker: flushIndex: setUnconditionally 0 -> -1
2022-11-07 13:36:23,169 [pool-187-thread-1] INFO  segmented.SegmentedRaftLogWorker (SegmentedRaftLogWorker.java:lambda$new$0(136)) - 4d74b558-d58f-4526-92bd-479b7c3e5b6d@group-097C8DE22D6C-SegmentedRaftLogWorker: safeCacheEvictIndex: setUnconditionally 0 -> -1
2022-11-07 13:36:23,169 [pool-187-thread-1] INFO  server.RaftServer$Division (RaftServerImpl.java:start(334)) - 4d74b558-d58f-4526-92bd-479b7c3e5b6d@group-097C8DE22D6C: start as a follower, conf=-1: peers:[4d74b558-d58f-4526-92bd-479b7c3e5b6d|rpc:10.1.0.230:37651|dataStream:|priority:0|startupRole:FOLLOWER, beab5ca2-a546-402b-a260-2b44d337a1b6|rpc:10.1.0.230:40785|dataStream:|priority:1|startupRole:FOLLOWER, f44b5222-54a3-4c74-8058-5f7be961e458|rpc:10.1.0.230:46269|dataStream:|priority:0|startupRole:FOLLOWER]|listeners:[], old=null
2022-11-07 13:36:23,169 [pool-187-thread-1] INFO  server.RaftServer$Division (RaftServerImpl.java:setRole(321)) - 4d74b558-d58f-4526-92bd-479b7c3e5b6d@group-097C8DE22D6C: changes role from      null to FOLLOWER at term 0 for startAsFollower
2022-11-07 13:36:23,169 [pool-187-thread-1] INFO  impl.RoleInfo (RoleInfo.java:updateAndGet(139)) - 4d74b558-d58f-4526-92bd-479b7c3e5b6d: start 4d74b558-d58f-4526-92bd-479b7c3e5b6d@group-097C8DE22D6C-FollowerState
2022-11-07 13:36:23,169 [pool-187-thread-1] INFO  util.JmxRegister (JmxRegister.java:tryRegister(44)) - Successfully registered JMX Bean with object name Ratis:service=RaftServer,group=group-097C8DE22D6C,id=4d74b558-d58f-4526-92bd-479b7c3e5b6d
2022-11-07 13:36:23,169 [pool-187-thread-1] INFO  server.RaftServerConfigKeys (ConfUtils.java:logGet(46)) - raft.server.snapshot.auto.trigger.enabled = true (custom)
2022-11-07 13:36:23,169 [pool-187-thread-1] INFO  server.RaftServerConfigKeys (ConfUtils.java:logGet(46)) - raft.server.snapshot.auto.trigger.threshold = 10000 (custom)
2022-11-07 13:36:23,169 [pool-187-thread-1] INFO  server.RaftServerConfigKeys (ConfUtils.java:logGet(46)) - raft.server.snapshot.retention.file.num = 5 (custom)
2022-11-07 13:36:23,169 [pool-187-thread-1] INFO  server.RaftServerConfigKeys (ConfUtils.java:logGet(46)) - raft.server.log.purge.upto.snapshot.index = false (default)
2022-11-07 13:36:23,170 [4d74b558-d58f-4526-92bd-479b7c3e5b6d@group-097C8DE22D6C-FollowerState] INFO  server.RaftServerConfigKeys (ConfUtils.java:logFallback(53)) - raft.server.rpc.first-election.timeout.min = 5s (fallback to raft.server.rpc.timeout.min)
2022-11-07 13:36:23,171 [4d74b558-d58f-4526-92bd-479b7c3e5b6d@group-097C8DE22D6C-FollowerState] INFO  server.RaftServerConfigKeys (ConfUtils.java:logFallback(53)) - raft.server.rpc.first-election.timeout.max = 5200ms (fallback to raft.server.rpc.timeout.max)
2022-11-07 13:36:23,187 [grpc-default-executor-1] INFO  server.RaftServer (RaftServerProxy.java:addNew(96)) - f44b5222-54a3-4c74-8058-5f7be961e458: addNew group-097C8DE22D6C:[4d74b558-d58f-4526-92bd-479b7c3e5b6d|rpc:10.1.0.230:37651|dataStream:|priority:0|startupRole:FOLLOWER, beab5ca2-a546-402b-a260-2b44d337a1b6|rpc:10.1.0.230:40785|dataStream:|priority:1|startupRole:FOLLOWER, f44b5222-54a3-4c74-8058-5f7be961e458|rpc:10.1.0.230:46269|dataStream:|priority:0|startupRole:FOLLOWER] returns group-097C8DE22D6C:java.util.concurrent.CompletableFuture@bd719c2[Not completed]
2022-11-07 13:36:23,188 [pool-164-thread-1] INFO  server.RaftServer$Division (RaftServerImpl.java:<init>(195)) - f44b5222-54a3-4c74-8058-5f7be961e458: new RaftServerImpl for group-097C8DE22D6C:[4d74b558-d58f-4526-92bd-479b7c3e5b6d|rpc:10.1.0.230:37651|dataStream:|priority:0|startupRole:FOLLOWER, beab5ca2-a546-402b-a260-2b44d337a1b6|rpc:10.1.0.230:40785|dataStream:|priority:1|startupRole:FOLLOWER, f44b5222-54a3-4c74-8058-5f7be961e458|rpc:10.1.0.230:46269|dataStream:|priority:0|startupRole:FOLLOWER] with ContainerStateMachine:uninitialized
2022-11-07 13:36:23,188 [pool-164-thread-1] INFO  server.RaftServerConfigKeys (ConfUtils.java:logGet(46)) - raft.server.rpc.timeout.min = 5s (custom)
2022-11-07 13:36:23,188 [pool-164-thread-1] INFO  server.RaftServerConfigKeys (ConfUtils.java:logGet(46)) - raft.server.rpc.timeout.max = 5200ms (custom)
2022-11-07 13:36:23,188 [pool-164-thread-1] INFO  server.RaftServerConfigKeys (ConfUtils.java:logGet(46)) - raft.server.rpc.sleep.time = 25ms (default)
2022-11-07 13:36:23,188 [pool-164-thread-1] INFO  server.RaftServerConfigKeys (ConfUtils.java:logGet(46)) - raft.server.rpc.slowness.timeout = 300s (custom)
2022-11-07 13:36:23,188 [pool-164-thread-1] INFO  server.RaftServerConfigKeys (ConfUtils.java:logGet(46)) - raft.server.leaderelection.leader.step-down.wait-time = 10s (default)
2022-11-07 13:36:23,188 [pool-164-thread-1] INFO  server.RaftServerConfigKeys (ConfUtils.java:logGet(46)) - raft.server.sleep.deviation.threshold = 300ms (default)
2022-11-07 13:36:23,188 [pool-164-thread-1] INFO  server.RaftServer$Division (ServerState.java:<init>(118)) - f44b5222-54a3-4c74-8058-5f7be961e458@group-097C8DE22D6C: ConfigurationManager, init=-1: peers:[4d74b558-d58f-4526-92bd-479b7c3e5b6d|rpc:10.1.0.230:37651|dataStream:|priority:0|startupRole:FOLLOWER, beab5ca2-a546-402b-a260-2b44d337a1b6|rpc:10.1.0.230:40785|dataStream:|priority:1|startupRole:FOLLOWER, f44b5222-54a3-4c74-8058-5f7be961e458|rpc:10.1.0.230:46269|dataStream:|priority:0|startupRole:FOLLOWER]|listeners:[], old=null, confs=<EMPTY_MAP>
2022-11-07 13:36:23,188 [pool-164-thread-1] INFO  server.RaftServerConfigKeys (ConfUtils.java:logGet(46)) - raft.server.storage.dir = [/home/runner/work/ozone/ozone/hadoop-ozone/integration-test/target/test-dir/MiniOzoneClusterImpl-379115e4-4d75-40c4-81a6-8e72fe3ed5e1/datanode-4/data/ratis] (custom)
2022-11-07 13:36:23,188 [pool-164-thread-1] INFO  server.RaftServerConfigKeys (ConfUtils.java:logGet(46)) - raft.server.log.corruption.policy = EXCEPTION (default)
2022-11-07 13:36:23,188 [pool-164-thread-1] INFO  server.RaftServerConfigKeys (ConfUtils.java:logGet(46)) - raft.server.storage.free-space.min = 0MB (=0) (default)
2022-11-07 13:36:23,188 [pool-164-thread-1] INFO  server.RaftServerConfigKeys (ConfUtils.java:logGet(46)) - raft.server.notification.no-leader.timeout = 300s (custom)
2022-11-07 13:36:23,188 [pool-164-thread-1] INFO  server.RaftServerConfigKeys (ConfUtils.java:logGet(46)) - raft.server.retrycache.expirytime = 600000ms (custom)
2022-11-07 13:36:23,188 [pool-164-thread-1] INFO  server.RaftServerConfigKeys (ConfUtils.java:logGet(46)) - raft.server.retrycache.statistics.expirytime = 100μs (default)
2022-11-07 13:36:23,189 [pool-164-thread-1] INFO  server.RaftServerConfigKeys (ConfUtils.java:logGet(46)) - raft.server.log.appender.install.snapshot.enabled = false (custom)
2022-11-07 13:36:23,189 [pool-164-thread-1] INFO  server.RaftServerConfigKeys (ConfUtils.java:logGet(46)) - raft.server.threadpool.server.cached = true (default)
2022-11-07 13:36:23,189 [pool-164-thread-1] INFO  server.RaftServerConfigKeys (ConfUtils.java:logGet(46)) - raft.server.threadpool.server.size = 0 (default)
2022-11-07 13:36:23,189 [pool-164-thread-1] INFO  server.RaftServerConfigKeys (ConfUtils.java:logGet(46)) - raft.server.threadpool.client.cached = true (default)
2022-11-07 13:36:23,189 [pool-164-thread-1] INFO  server.RaftServerConfigKeys (ConfUtils.java:logGet(46)) - raft.server.threadpool.client.size = 0 (default)
2022-11-07 13:36:23,190 [pool-164-thread-1] INFO  storage.RaftStorageDirectory (RaftStorageDirectoryImpl.java:analyzeStorage(137)) - The storage directory /home/runner/work/ozone/ozone/hadoop-ozone/integration-test/target/test-dir/MiniOzoneClusterImpl-379115e4-4d75-40c4-81a6-8e72fe3ed5e1/datanode-4/data/ratis/852bd3f1-67b1-4a6c-94da-097c8de22d6c does not exist. Creating ...
2022-11-07 13:36:23,190 [pool-164-thread-1] INFO  storage.RaftStorageDirectory (RaftStorageDirectoryImpl.java:tryLock(231)) - Lock on /home/runner/work/ozone/ozone/hadoop-ozone/integration-test/target/test-dir/MiniOzoneClusterImpl-379115e4-4d75-40c4-81a6-8e72fe3ed5e1/datanode-4/data/ratis/852bd3f1-67b1-4a6c-94da-097c8de22d6c/in_use.lock acquired by nodename 63149@fv-az424-534
2022-11-07 13:36:23,191 [pool-164-thread-1] INFO  storage.RaftStorage (RaftStorageImpl.java:format(96)) - Storage directory /home/runner/work/ozone/ozone/hadoop-ozone/integration-test/target/test-dir/MiniOzoneClusterImpl-379115e4-4d75-40c4-81a6-8e72fe3ed5e1/datanode-4/data/ratis/852bd3f1-67b1-4a6c-94da-097c8de22d6c has been successfully formatted.
2022-11-07 13:36:23,192 [pool-164-thread-1] INFO  ratis.ContainerStateMachine (ContainerStateMachine.java:loadSnapshot(236)) - group-097C8DE22D6C: The snapshot info is null. Setting the last applied indexto:(t:0, i:~)
2022-11-07 13:36:23,192 [pool-164-thread-1] INFO  server.RaftServerConfigKeys (ConfUtils.java:logGet(46)) - raft.server.log.use.memory = false (default)
2022-11-07 13:36:23,192 [pool-164-thread-1] INFO  server.RaftServerConfigKeys (ConfUtils.java:logGet(46)) - raft.server.log.purge.gap = 1000000 (custom)
2022-11-07 13:36:23,192 [pool-164-thread-1] INFO  server.RaftServerConfigKeys (ConfUtils.java:logGet(46)) - raft.server.log.appender.buffer.byte-limit = 33554432 (custom)
2022-11-07 13:36:23,192 [pool-164-thread-1] INFO  server.RaftServerConfigKeys (ConfUtils.java:logGet(46)) - raft.server.log.statemachine.data.read.timeout = 1000ms (default)
2022-11-07 13:36:23,192 [pool-164-thread-1] INFO  server.RaftServerConfigKeys (ConfUtils.java:logGet(46)) - raft.server.log.purge.preservation.log.num = 0 (default)
2022-11-07 13:36:23,192 [pool-164-thread-1] INFO  server.RaftServerConfigKeys (ConfUtils.java:logGet(46)) - raft.server.log.segment.size.max = 1048576 (custom)
2022-11-07 13:36:23,193 [pool-164-thread-1] INFO  server.RaftServerConfigKeys (ConfUtils.java:logGet(46)) - raft.server.log.segment.cache.num.max = 2 (custom)
2022-11-07 13:36:23,193 [pool-164-thread-1] INFO  server.RaftServerConfigKeys (ConfUtils.java:logGet(46)) - raft.server.log.segment.cache.size.max = 200MB (=209715200) (default)
2022-11-07 13:36:23,193 [pool-164-thread-1] INFO  segmented.SegmentedRaftLogWorker (SegmentedRaftLogWorker.java:<init>(191)) - new f44b5222-54a3-4c74-8058-5f7be961e458@group-097C8DE22D6C-SegmentedRaftLogWorker for RaftStorageImpl:Storage Directory /home/runner/work/ozone/ozone/hadoop-ozone/integration-test/target/test-dir/MiniOzoneClusterImpl-379115e4-4d75-40c4-81a6-8e72fe3ed5e1/datanode-4/data/ratis/852bd3f1-67b1-4a6c-94da-097c8de22d6c
2022-11-07 13:36:23,193 [pool-164-thread-1] INFO  server.RaftServerConfigKeys (ConfUtils.java:logGet(46)) - raft.server.log.queue.byte-limit = 4294967296 (custom)
2022-11-07 13:36:23,193 [pool-164-thread-1] INFO  server.RaftServerConfigKeys (ConfUtils.java:logGet(46)) - raft.server.log.queue.element-limit = 1024 (custom)
2022-11-07 13:36:23,193 [pool-164-thread-1] INFO  server.RaftServerConfigKeys (ConfUtils.java:logGet(46)) - raft.server.log.segment.size.max = 1048576 (custom)
2022-11-07 13:36:23,193 [pool-164-thread-1] INFO  server.RaftServerConfigKeys (ConfUtils.java:logGet(46)) - raft.server.log.preallocated.size = 16384 (custom)
2022-11-07 13:36:23,193 [pool-164-thread-1] INFO  server.RaftServerConfigKeys (ConfUtils.java:logGet(46)) - raft.server.log.force.sync.num = 128 (default)
2022-11-07 13:36:23,193 [pool-164-thread-1] INFO  server.RaftServerConfigKeys (ConfUtils.java:logGet(46)) - raft.server.log.statemachine.data.sync = true (default)
2022-11-07 13:36:23,193 [pool-164-thread-1] INFO  server.RaftServerConfigKeys (ConfUtils.java:logGet(46)) - raft.server.log.statemachine.data.sync.timeout = 10s (default)
2022-11-07 13:36:23,194 [pool-164-thread-1] INFO  server.RaftServerConfigKeys (ConfUtils.java:logGet(46)) - raft.server.log.statemachine.data.sync.timeout.retry = -1 (default)
2022-11-07 13:36:23,194 [pool-164-thread-1] INFO  server.RaftServerConfigKeys (ConfUtils.java:logGet(46)) - raft.server.log.write.buffer.size = 1048576 (custom)
2022-11-07 13:36:23,195 [pool-164-thread-1] INFO  server.RaftServerConfigKeys (ConfUtils.java:logGet(46)) - raft.server.log.unsafe-flush.enabled = false (default)
2022-11-07 13:36:23,195 [pool-164-thread-1] INFO  server.RaftServerConfigKeys (ConfUtils.java:logGet(46)) - raft.server.log.async-flush.enabled = false (default)
2022-11-07 13:36:23,195 [pool-164-thread-1] INFO  server.RaftServerConfigKeys (ConfUtils.java:logGet(46)) - raft.server.log.statemachine.data.caching.enabled = true (custom)
2022-11-07 13:36:23,196 [pool-164-thread-1] INFO  segmented.SegmentedRaftLogWorker (SegmentedRaftLogWorker.java:lambda$new$0(136)) - f44b5222-54a3-4c74-8058-5f7be961e458@group-097C8DE22D6C-SegmentedRaftLogWorker: flushIndex: setUnconditionally 0 -> -1
2022-11-07 13:36:23,196 [pool-164-thread-1] INFO  segmented.SegmentedRaftLogWorker (SegmentedRaftLogWorker.java:lambda$new$0(136)) - f44b5222-54a3-4c74-8058-5f7be961e458@group-097C8DE22D6C-SegmentedRaftLogWorker: safeCacheEvictIndex: setUnconditionally 0 -> -1
2022-11-07 13:36:23,197 [pool-164-thread-1] INFO  server.RaftServer$Division (RaftServerImpl.java:start(334)) - f44b5222-54a3-4c74-8058-5f7be961e458@group-097C8DE22D6C: start as a follower, conf=-1: peers:[4d74b558-d58f-4526-92bd-479b7c3e5b6d|rpc:10.1.0.230:37651|dataStream:|priority:0|startupRole:FOLLOWER, beab5ca2-a546-402b-a260-2b44d337a1b6|rpc:10.1.0.230:40785|dataStream:|priority:1|startupRole:FOLLOWER, f44b5222-54a3-4c74-8058-5f7be961e458|rpc:10.1.0.230:46269|dataStream:|priority:0|startupRole:FOLLOWER]|listeners:[], old=null
2022-11-07 13:36:23,197 [pool-164-thread-1] INFO  server.RaftServer$Division (RaftServerImpl.java:setRole(321)) - f44b5222-54a3-4c74-8058-5f7be961e458@group-097C8DE22D6C: changes role from      null to FOLLOWER at term 0 for startAsFollower
2022-11-07 13:36:23,197 [pool-164-thread-1] INFO  impl.RoleInfo (RoleInfo.java:updateAndGet(139)) - f44b5222-54a3-4c74-8058-5f7be961e458: start f44b5222-54a3-4c74-8058-5f7be961e458@group-097C8DE22D6C-FollowerState
2022-11-07 13:36:23,197 [pool-164-thread-1] INFO  util.JmxRegister (JmxRegister.java:tryRegister(44)) - Successfully registered JMX Bean with object name Ratis:service=RaftServer,group=group-097C8DE22D6C,id=f44b5222-54a3-4c74-8058-5f7be961e458
2022-11-07 13:36:23,197 [pool-164-thread-1] INFO  server.RaftServerConfigKeys (ConfUtils.java:logGet(46)) - raft.server.snapshot.auto.trigger.enabled = true (custom)
2022-11-07 13:36:23,197 [f44b5222-54a3-4c74-8058-5f7be961e458@group-097C8DE22D6C-FollowerState] INFO  server.RaftServerConfigKeys (ConfUtils.java:logFallback(53)) - raft.server.rpc.first-election.timeout.min = 5s (fallback to raft.server.rpc.timeout.min)
2022-11-07 13:36:23,197 [pool-164-thread-1] INFO  server.RaftServerConfigKeys (ConfUtils.java:logGet(46)) - raft.server.snapshot.auto.trigger.threshold = 10000 (custom)
2022-11-07 13:36:23,198 [f44b5222-54a3-4c74-8058-5f7be961e458@group-097C8DE22D6C-FollowerState] INFO  server.RaftServerConfigKeys (ConfUtils.java:logFallback(53)) - raft.server.rpc.first-election.timeout.max = 5200ms (fallback to raft.server.rpc.timeout.max)
2022-11-07 13:36:23,198 [pool-164-thread-1] INFO  server.RaftServerConfigKeys (ConfUtils.java:logGet(46)) - raft.server.snapshot.retention.file.num = 5 (custom)
2022-11-07 13:36:23,198 [pool-164-thread-1] INFO  server.RaftServerConfigKeys (ConfUtils.java:logGet(46)) - raft.server.log.purge.upto.snapshot.index = false (default)
2022-11-07 13:36:23,203 [Command processor thread] INFO  commandhandler.CreatePipelineCommandHandler (CreatePipelineCommandHandler.java:handle(113)) - Created Pipeline RATIS THREE PipelineID=852bd3f1-67b1-4a6c-94da-097c8de22d6c.
2022-11-07 13:36:23,251 [Command processor thread] INFO  server.RaftServer (RaftServerProxy.java:addNew(96)) - f44b5222-54a3-4c74-8058-5f7be961e458: addNew group-FE1280EB22FA:[f44b5222-54a3-4c74-8058-5f7be961e458|rpc:10.1.0.230:46269|priority:1|startupRole:FOLLOWER] returns group-FE1280EB22FA:java.util.concurrent.CompletableFuture@3f9afcd8[Not completed]
2022-11-07 13:36:23,252 [pool-164-thread-1] INFO  server.RaftServer$Division (RaftServerImpl.java:<init>(195)) - f44b5222-54a3-4c74-8058-5f7be961e458: new RaftServerImpl for group-FE1280EB22FA:[f44b5222-54a3-4c74-8058-5f7be961e458|rpc:10.1.0.230:46269|priority:1|startupRole:FOLLOWER] with ContainerStateMachine:uninitialized
2022-11-07 13:36:23,252 [pool-164-thread-1] INFO  server.RaftServerConfigKeys (ConfUtils.java:logGet(46)) - raft.server.rpc.timeout.min = 5s (custom)
2022-11-07 13:36:23,252 [pool-164-thread-1] INFO  server.RaftServerConfigKeys (ConfUtils.java:logGet(46)) - raft.server.rpc.timeout.max = 5200ms (custom)
2022-11-07 13:36:23,252 [pool-164-thread-1] INFO  server.RaftServerConfigKeys (ConfUtils.java:logGet(46)) - raft.server.rpc.sleep.time = 25ms (default)
2022-11-07 13:36:23,252 [pool-164-thread-1] INFO  server.RaftServerConfigKeys (ConfUtils.java:logGet(46)) - raft.server.rpc.slowness.timeout = 300s (custom)
2022-11-07 13:36:23,252 [pool-164-thread-1] INFO  server.RaftServerConfigKeys (ConfUtils.java:logGet(46)) - raft.server.leaderelection.leader.step-down.wait-time = 10s (default)
2022-11-07 13:36:23,252 [pool-164-thread-1] INFO  server.RaftServerConfigKeys (ConfUtils.java:logGet(46)) - raft.server.sleep.deviation.threshold = 300ms (default)
2022-11-07 13:36:23,252 [pool-164-thread-1] INFO  server.RaftServer$Division (ServerState.java:<init>(118)) - f44b5222-54a3-4c74-8058-5f7be961e458@group-FE1280EB22FA: ConfigurationManager, init=-1: peers:[f44b5222-54a3-4c74-8058-5f7be961e458|rpc:10.1.0.230:46269|priority:1|startupRole:FOLLOWER]|listeners:[], old=null, confs=<EMPTY_MAP>
2022-11-07 13:36:23,252 [pool-164-thread-1] INFO  server.RaftServerConfigKeys (ConfUtils.java:logGet(46)) - raft.server.storage.dir = [/home/runner/work/ozone/ozone/hadoop-ozone/integration-test/target/test-dir/MiniOzoneClusterImpl-379115e4-4d75-40c4-81a6-8e72fe3ed5e1/datanode-4/data/ratis] (custom)
2022-11-07 13:36:23,253 [pool-164-thread-1] INFO  server.RaftServerConfigKeys (ConfUtils.java:logGet(46)) - raft.server.log.corruption.policy = EXCEPTION (default)
2022-11-07 13:36:23,253 [pool-164-thread-1] INFO  server.RaftServerConfigKeys (ConfUtils.java:logGet(46)) - raft.server.storage.free-space.min = 0MB (=0) (default)
2022-11-07 13:36:23,253 [pool-164-thread-1] INFO  server.RaftServerConfigKeys (ConfUtils.java:logGet(46)) - raft.server.notification.no-leader.timeout = 300s (custom)
2022-11-07 13:36:23,253 [pool-164-thread-1] INFO  server.RaftServerConfigKeys (ConfUtils.java:logGet(46)) - raft.server.retrycache.expirytime = 600000ms (custom)
2022-11-07 13:36:23,253 [pool-164-thread-1] INFO  server.RaftServerConfigKeys (ConfUtils.java:logGet(46)) - raft.server.retrycache.statistics.expirytime = 100μs (default)
2022-11-07 13:36:23,254 [pool-164-thread-1] INFO  server.RaftServerConfigKeys (ConfUtils.java:logGet(46)) - raft.server.log.appender.install.snapshot.enabled = false (custom)
2022-11-07 13:36:23,254 [pool-164-thread-1] INFO  server.RaftServerConfigKeys (ConfUtils.java:logGet(46)) - raft.server.threadpool.server.cached = true (default)
2022-11-07 13:36:23,254 [pool-164-thread-1] INFO  server.RaftServerConfigKeys (ConfUtils.java:logGet(46)) - raft.server.threadpool.server.size = 0 (default)
2022-11-07 13:36:23,254 [pool-164-thread-1] INFO  server.RaftServerConfigKeys (ConfUtils.java:logGet(46)) - raft.server.threadpool.client.cached = true (default)
2022-11-07 13:36:23,254 [pool-164-thread-1] INFO  server.RaftServerConfigKeys (ConfUtils.java:logGet(46)) - raft.server.threadpool.client.size = 0 (default)
2022-11-07 13:36:23,254 [pool-164-thread-1] INFO  storage.RaftStorageDirectory (RaftStorageDirectoryImpl.java:analyzeStorage(137)) - The storage directory /home/runner/work/ozone/ozone/hadoop-ozone/integration-test/target/test-dir/MiniOzoneClusterImpl-379115e4-4d75-40c4-81a6-8e72fe3ed5e1/datanode-4/data/ratis/2ec167ac-a17a-424e-b570-fe1280eb22fa does not exist. Creating ...
2022-11-07 13:36:23,256 [pool-164-thread-1] INFO  storage.RaftStorageDirectory (RaftStorageDirectoryImpl.java:tryLock(231)) - Lock on /home/runner/work/ozone/ozone/hadoop-ozone/integration-test/target/test-dir/MiniOzoneClusterImpl-379115e4-4d75-40c4-81a6-8e72fe3ed5e1/datanode-4/data/ratis/2ec167ac-a17a-424e-b570-fe1280eb22fa/in_use.lock acquired by nodename 63149@fv-az424-534
2022-11-07 13:36:23,258 [pool-164-thread-1] INFO  storage.RaftStorage (RaftStorageImpl.java:format(96)) - Storage directory /home/runner/work/ozone/ozone/hadoop-ozone/integration-test/target/test-dir/MiniOzoneClusterImpl-379115e4-4d75-40c4-81a6-8e72fe3ed5e1/datanode-4/data/ratis/2ec167ac-a17a-424e-b570-fe1280eb22fa has been successfully formatted.
2022-11-07 13:36:23,258 [pool-164-thread-1] INFO  ratis.ContainerStateMachine (ContainerStateMachine.java:loadSnapshot(236)) - group-FE1280EB22FA: The snapshot info is null. Setting the last applied indexto:(t:0, i:~)
2022-11-07 13:36:23,258 [pool-164-thread-1] INFO  server.RaftServerConfigKeys (ConfUtils.java:logGet(46)) - raft.server.log.use.memory = false (default)
2022-11-07 13:36:23,258 [pool-164-thread-1] INFO  server.RaftServerConfigKeys (ConfUtils.java:logGet(46)) - raft.server.log.purge.gap = 1000000 (custom)
2022-11-07 13:36:23,258 [pool-164-thread-1] INFO  server.RaftServerConfigKeys (ConfUtils.java:logGet(46)) - raft.server.log.appender.buffer.byte-limit = 33554432 (custom)
2022-11-07 13:36:23,259 [pool-164-thread-1] INFO  server.RaftServerConfigKeys (ConfUtils.java:logGet(46)) - raft.server.log.statemachine.data.read.timeout = 1000ms (default)
2022-11-07 13:36:23,259 [pool-164-thread-1] INFO  server.RaftServerConfigKeys (ConfUtils.java:logGet(46)) - raft.server.log.purge.preservation.log.num = 0 (default)
2022-11-07 13:36:23,259 [pool-164-thread-1] INFO  server.RaftServerConfigKeys (ConfUtils.java:logGet(46)) - raft.server.log.segment.size.max = 1048576 (custom)
2022-11-07 13:36:23,259 [pool-164-thread-1] INFO  server.RaftServerConfigKeys (ConfUtils.java:logGet(46)) - raft.server.log.segment.cache.num.max = 2 (custom)
2022-11-07 13:36:23,260 [pool-164-thread-1] INFO  server.RaftServerConfigKeys (ConfUtils.java:logGet(46)) - raft.server.log.segment.cache.size.max = 200MB (=209715200) (default)
2022-11-07 13:36:23,260 [pool-164-thread-1] INFO  segmented.SegmentedRaftLogWorker (SegmentedRaftLogWorker.java:<init>(191)) - new f44b5222-54a3-4c74-8058-5f7be961e458@group-FE1280EB22FA-SegmentedRaftLogWorker for RaftStorageImpl:Storage Directory /home/runner/work/ozone/ozone/hadoop-ozone/integration-test/target/test-dir/MiniOzoneClusterImpl-379115e4-4d75-40c4-81a6-8e72fe3ed5e1/datanode-4/data/ratis/2ec167ac-a17a-424e-b570-fe1280eb22fa
2022-11-07 13:36:23,260 [pool-164-thread-1] INFO  server.RaftServerConfigKeys (ConfUtils.java:logGet(46)) - raft.server.log.queue.byte-limit = 4294967296 (custom)
2022-11-07 13:36:23,260 [pool-164-thread-1] INFO  server.RaftServerConfigKeys (ConfUtils.java:logGet(46)) - raft.server.log.queue.element-limit = 1024 (custom)
2022-11-07 13:36:23,260 [pool-164-thread-1] INFO  server.RaftServerConfigKeys (ConfUtils.java:logGet(46)) - raft.server.log.segment.size.max = 1048576 (custom)
2022-11-07 13:36:23,260 [pool-164-thread-1] INFO  server.RaftServerConfigKeys (ConfUtils.java:logGet(46)) - raft.server.log.preallocated.size = 16384 (custom)
2022-11-07 13:36:23,260 [EventQueue-PipelineReportForPipelineReportHandler] INFO  pipeline.PipelineManagerImpl (PipelineManagerImpl.java:openPipeline(367)) - Pipeline Pipeline[ Id: 2ec167ac-a17a-424e-b570-fe1280eb22fa, Nodes: f44b5222-54a3-4c74-8058-5f7be961e458{ip: 10.1.0.230, host: fv-az424-534.i1gjr3zuz4qevjy1zin2gin2ih.gx.internal.cloudapp.net, ports: [REPLICATION=46705, RATIS=46269, RATIS_ADMIN=46269, RATIS_SERVER=46269, STANDALONE=33407], networkLocation: /default-rack, certSerialId: null, persistedOpState: IN_SERVICE, persistedOpStateExpiryEpochSec: 0}, ReplicationConfig: RATIS/ONE, State:ALLOCATED, leaderId:f44b5222-54a3-4c74-8058-5f7be961e458, CreationTimestamp2022-11-07T13:36:20.256Z[Etc/UTC]] moved to OPEN state
2022-11-07 13:36:23,260 [pool-164-thread-1] INFO  server.RaftServerConfigKeys (ConfUtils.java:logGet(46)) - raft.server.log.force.sync.num = 128 (default)
2022-11-07 13:36:23,261 [pool-164-thread-1] INFO  server.RaftServerConfigKeys (ConfUtils.java:logGet(46)) - raft.server.log.statemachine.data.sync = true (default)
2022-11-07 13:36:23,261 [pool-164-thread-1] INFO  server.RaftServerConfigKeys (ConfUtils.java:logGet(46)) - raft.server.log.statemachine.data.sync.timeout = 10s (default)
2022-11-07 13:36:23,261 [pool-164-thread-1] INFO  server.RaftServerConfigKeys (ConfUtils.java:logGet(46)) - raft.server.log.statemachine.data.sync.timeout.retry = -1 (default)
2022-11-07 13:36:23,261 [EventQueue-OpenPipelineForHealthyPipelineSafeModeRule] INFO  safemode.SCMSafeModeManager (HealthyPipelineSafeModeRule.java:process(137)) - SCM in safe mode. Healthy pipelines reported count is 0, required healthy pipeline reported count is 1
2022-11-07 13:36:23,262 [pool-164-thread-1] INFO  server.RaftServerConfigKeys (ConfUtils.java:logGet(46)) - raft.server.log.write.buffer.size = 1048576 (custom)
2022-11-07 13:36:23,263 [pool-164-thread-1] INFO  server.RaftServerConfigKeys (ConfUtils.java:logGet(46)) - raft.server.log.unsafe-flush.enabled = false (default)
2022-11-07 13:36:23,263 [pool-164-thread-1] INFO  server.RaftServerConfigKeys (ConfUtils.java:logGet(46)) - raft.server.log.async-flush.enabled = false (default)
2022-11-07 13:36:23,263 [pool-164-thread-1] INFO  server.RaftServerConfigKeys (ConfUtils.java:logGet(46)) - raft.server.log.statemachine.data.caching.enabled = true (custom)
2022-11-07 13:36:23,263 [pool-164-thread-1] INFO  segmented.SegmentedRaftLogWorker (SegmentedRaftLogWorker.java:lambda$new$0(136)) - f44b5222-54a3-4c74-8058-5f7be961e458@group-FE1280EB22FA-SegmentedRaftLogWorker: flushIndex: setUnconditionally 0 -> -1
2022-11-07 13:36:23,263 [pool-164-thread-1] INFO  segmented.SegmentedRaftLogWorker (SegmentedRaftLogWorker.java:lambda$new$0(136)) - f44b5222-54a3-4c74-8058-5f7be961e458@group-FE1280EB22FA-SegmentedRaftLogWorker: safeCacheEvictIndex: setUnconditionally 0 -> -1
2022-11-07 13:36:23,266 [pool-164-thread-1] INFO  server.RaftServer$Division (RaftServerImpl.java:start(334)) - f44b5222-54a3-4c74-8058-5f7be961e458@group-FE1280EB22FA: start as a follower, conf=-1: peers:[f44b5222-54a3-4c74-8058-5f7be961e458|rpc:10.1.0.230:46269|priority:1|startupRole:FOLLOWER]|listeners:[], old=null
2022-11-07 13:36:23,266 [pool-164-thread-1] INFO  server.RaftServer$Division (RaftServerImpl.java:setRole(321)) - f44b5222-54a3-4c74-8058-5f7be961e458@group-FE1280EB22FA: changes role from      null to FOLLOWER at term 0 for startAsFollower
2022-11-07 13:36:23,266 [pool-164-thread-1] INFO  impl.RoleInfo (RoleInfo.java:updateAndGet(139)) - f44b5222-54a3-4c74-8058-5f7be961e458: start f44b5222-54a3-4c74-8058-5f7be961e458@group-FE1280EB22FA-FollowerState
2022-11-07 13:36:23,267 [pool-164-thread-1] INFO  util.JmxRegister (JmxRegister.java:tryRegister(44)) - Successfully registered JMX Bean with object name Ratis:service=RaftServer,group=group-FE1280EB22FA,id=f44b5222-54a3-4c74-8058-5f7be961e458
2022-11-07 13:36:23,267 [f44b5222-54a3-4c74-8058-5f7be961e458@group-FE1280EB22FA-FollowerState] INFO  server.RaftServerConfigKeys (ConfUtils.java:logFallback(53)) - raft.server.rpc.first-election.timeout.min = 5s (fallback to raft.server.rpc.timeout.min)
2022-11-07 13:36:23,267 [pool-164-thread-1] INFO  server.RaftServerConfigKeys (ConfUtils.java:logGet(46)) - raft.server.snapshot.auto.trigger.enabled = true (custom)
2022-11-07 13:36:23,269 [f44b5222-54a3-4c74-8058-5f7be961e458@group-FE1280EB22FA-FollowerState] INFO  server.RaftServerConfigKeys (ConfUtils.java:logFallback(53)) - raft.server.rpc.first-election.timeout.max = 5200ms (fallback to raft.server.rpc.timeout.max)
2022-11-07 13:36:23,269 [pool-164-thread-1] INFO  server.RaftServerConfigKeys (ConfUtils.java:logGet(46)) - raft.server.snapshot.auto.trigger.threshold = 10000 (custom)
2022-11-07 13:36:23,269 [pool-164-thread-1] INFO  server.RaftServerConfigKeys (ConfUtils.java:logGet(46)) - raft.server.snapshot.retention.file.num = 5 (custom)
2022-11-07 13:36:23,269 [pool-164-thread-1] INFO  server.RaftServerConfigKeys (ConfUtils.java:logGet(46)) - raft.server.log.purge.upto.snapshot.index = false (default)
2022-11-07 13:36:23,270 [Command processor thread] INFO  ratis.XceiverServerRatis (XceiverServerRatis.java:addGroup(765)) - Created group PipelineID=2ec167ac-a17a-424e-b570-fe1280eb22fa
2022-11-07 13:36:23,270 [Command processor thread] INFO  commandhandler.CreatePipelineCommandHandler (CreatePipelineCommandHandler.java:handle(113)) - Created Pipeline RATIS ONE PipelineID=2ec167ac-a17a-424e-b570-fe1280eb22fa.
2022-11-07 13:36:23,574 [Command processor thread] INFO  server.RaftServer (RaftServerProxy.java:addNew(96)) - 4d74b558-d58f-4526-92bd-479b7c3e5b6d: addNew group-57E3AF7B6218:[4d74b558-d58f-4526-92bd-479b7c3e5b6d|rpc:10.1.0.230:37651|priority:1|startupRole:FOLLOWER] returns group-57E3AF7B6218:java.util.concurrent.CompletableFuture@607d3a67[Not completed]
2022-11-07 13:36:23,575 [pool-187-thread-1] INFO  server.RaftServer$Division (RaftServerImpl.java:<init>(195)) - 4d74b558-d58f-4526-92bd-479b7c3e5b6d: new RaftServerImpl for group-57E3AF7B6218:[4d74b558-d58f-4526-92bd-479b7c3e5b6d|rpc:10.1.0.230:37651|priority:1|startupRole:FOLLOWER] with ContainerStateMachine:uninitialized
2022-11-07 13:36:23,575 [pool-187-thread-1] INFO  server.RaftServerConfigKeys (ConfUtils.java:logGet(46)) - raft.server.rpc.timeout.min = 5s (custom)
2022-11-07 13:36:23,575 [pool-187-thread-1] INFO  server.RaftServerConfigKeys (ConfUtils.java:logGet(46)) - raft.server.rpc.timeout.max = 5200ms (custom)
2022-11-07 13:36:23,575 [pool-187-thread-1] INFO  server.RaftServerConfigKeys (ConfUtils.java:logGet(46)) - raft.server.rpc.sleep.time = 25ms (default)
2022-11-07 13:36:23,575 [pool-187-thread-1] INFO  server.RaftServerConfigKeys (ConfUtils.java:logGet(46)) - raft.server.rpc.slowness.timeout = 300s (custom)
2022-11-07 13:36:23,576 [pool-187-thread-1] INFO  server.RaftServerConfigKeys (ConfUtils.java:logGet(46)) - raft.server.leaderelection.leader.step-down.wait-time = 10s (default)
2022-11-07 13:36:23,576 [pool-187-thread-1] INFO  server.RaftServerConfigKeys (ConfUtils.java:logGet(46)) - raft.server.sleep.deviation.threshold = 300ms (default)
2022-11-07 13:36:23,576 [pool-187-thread-1] INFO  server.RaftServer$Division (ServerState.java:<init>(118)) - 4d74b558-d58f-4526-92bd-479b7c3e5b6d@group-57E3AF7B6218: ConfigurationManager, init=-1: peers:[4d74b558-d58f-4526-92bd-479b7c3e5b6d|rpc:10.1.0.230:37651|priority:1|startupRole:FOLLOWER]|listeners:[], old=null, confs=<EMPTY_MAP>
2022-11-07 13:36:23,576 [pool-187-thread-1] INFO  server.RaftServerConfigKeys (ConfUtils.java:logGet(46)) - raft.server.storage.dir = [/home/runner/work/ozone/ozone/hadoop-ozone/integration-test/target/test-dir/MiniOzoneClusterImpl-379115e4-4d75-40c4-81a6-8e72fe3ed5e1/datanode-5/data/ratis] (custom)
2022-11-07 13:36:23,576 [pool-187-thread-1] INFO  server.RaftServerConfigKeys (ConfUtils.java:logGet(46)) - raft.server.log.corruption.policy = EXCEPTION (default)
2022-11-07 13:36:23,576 [pool-187-thread-1] INFO  server.RaftServerConfigKeys (ConfUtils.java:logGet(46)) - raft.server.storage.free-space.min = 0MB (=0) (default)
2022-11-07 13:36:23,576 [pool-187-thread-1] INFO  server.RaftServerConfigKeys (ConfUtils.java:logGet(46)) - raft.server.notification.no-leader.timeout = 300s (custom)
2022-11-07 13:36:23,576 [pool-187-thread-1] INFO  server.RaftServerConfigKeys (ConfUtils.java:logGet(46)) - raft.server.retrycache.expirytime = 600000ms (custom)
2022-11-07 13:36:23,576 [pool-187-thread-1] INFO  server.RaftServerConfigKeys (ConfUtils.java:logGet(46)) - raft.server.retrycache.statistics.expirytime = 100μs (default)
2022-11-07 13:36:23,577 [pool-187-thread-1] INFO  server.RaftServerConfigKeys (ConfUtils.java:logGet(46)) - raft.server.log.appender.install.snapshot.enabled = false (custom)
2022-11-07 13:36:23,577 [pool-187-thread-1] INFO  server.RaftServerConfigKeys (ConfUtils.java:logGet(46)) - raft.server.threadpool.server.cached = true (default)
2022-11-07 13:36:23,577 [pool-187-thread-1] INFO  server.RaftServerConfigKeys (ConfUtils.java:logGet(46)) - raft.server.threadpool.server.size = 0 (default)
2022-11-07 13:36:23,577 [pool-187-thread-1] INFO  server.RaftServerConfigKeys (ConfUtils.java:logGet(46)) - raft.server.threadpool.client.cached = true (default)
2022-11-07 13:36:23,577 [pool-187-thread-1] INFO  server.RaftServerConfigKeys (ConfUtils.java:logGet(46)) - raft.server.threadpool.client.size = 0 (default)
2022-11-07 13:36:23,577 [pool-187-thread-1] INFO  storage.RaftStorageDirectory (RaftStorageDirectoryImpl.java:analyzeStorage(137)) - The storage directory /home/runner/work/ozone/ozone/hadoop-ozone/integration-test/target/test-dir/MiniOzoneClusterImpl-379115e4-4d75-40c4-81a6-8e72fe3ed5e1/datanode-5/data/ratis/4d3df89e-1a49-4fb9-b126-57e3af7b6218 does not exist. Creating ...
2022-11-07 13:36:23,579 [pool-187-thread-1] INFO  storage.RaftStorageDirectory (RaftStorageDirectoryImpl.java:tryLock(231)) - Lock on /home/runner/work/ozone/ozone/hadoop-ozone/integration-test/target/test-dir/MiniOzoneClusterImpl-379115e4-4d75-40c4-81a6-8e72fe3ed5e1/datanode-5/data/ratis/4d3df89e-1a49-4fb9-b126-57e3af7b6218/in_use.lock acquired by nodename 63149@fv-az424-534
2022-11-07 13:36:23,580 [pool-187-thread-1] INFO  storage.RaftStorage (RaftStorageImpl.java:format(96)) - Storage directory /home/runner/work/ozone/ozone/hadoop-ozone/integration-test/target/test-dir/MiniOzoneClusterImpl-379115e4-4d75-40c4-81a6-8e72fe3ed5e1/datanode-5/data/ratis/4d3df89e-1a49-4fb9-b126-57e3af7b6218 has been successfully formatted.
2022-11-07 13:36:23,581 [pool-187-thread-1] INFO  ratis.ContainerStateMachine (ContainerStateMachine.java:loadSnapshot(236)) - group-57E3AF7B6218: The snapshot info is null. Setting the last applied indexto:(t:0, i:~)
2022-11-07 13:36:23,581 [pool-187-thread-1] INFO  server.RaftServerConfigKeys (ConfUtils.java:logGet(46)) - raft.server.log.use.memory = false (default)
2022-11-07 13:36:23,582 [pool-187-thread-1] INFO  server.RaftServerConfigKeys (ConfUtils.java:logGet(46)) - raft.server.log.purge.gap = 1000000 (custom)
2022-11-07 13:36:23,582 [pool-187-thread-1] INFO  server.RaftServerConfigKeys (ConfUtils.java:logGet(46)) - raft.server.log.appender.buffer.byte-limit = 33554432 (custom)
2022-11-07 13:36:23,582 [pool-187-thread-1] INFO  server.RaftServerConfigKeys (ConfUtils.java:logGet(46)) - raft.server.log.statemachine.data.read.timeout = 1000ms (default)
2022-11-07 13:36:23,583 [pool-187-thread-1] INFO  server.RaftServerConfigKeys (ConfUtils.java:logGet(46)) - raft.server.log.purge.preservation.log.num = 0 (default)
2022-11-07 13:36:23,583 [EventQueue-PipelineReportForPipelineReportHandler] INFO  pipeline.PipelineManagerImpl (PipelineManagerImpl.java:openPipeline(367)) - Pipeline Pipeline[ Id: 4d3df89e-1a49-4fb9-b126-57e3af7b6218, Nodes: 4d74b558-d58f-4526-92bd-479b7c3e5b6d{ip: 10.1.0.230, host: fv-az424-534.i1gjr3zuz4qevjy1zin2gin2ih.gx.internal.cloudapp.net, ports: [REPLICATION=44557, RATIS=37651, RATIS_ADMIN=37651, RATIS_SERVER=37651, STANDALONE=38649], networkLocation: /default-rack, certSerialId: null, persistedOpState: IN_SERVICE, persistedOpStateExpiryEpochSec: 0}, ReplicationConfig: RATIS/ONE, State:ALLOCATED, leaderId:4d74b558-d58f-4526-92bd-479b7c3e5b6d, CreationTimestamp2022-11-07T13:36:20.579Z[Etc/UTC]] moved to OPEN state
2022-11-07 13:36:23,583 [EventQueue-OpenPipelineForHealthyPipelineSafeModeRule] INFO  safemode.SCMSafeModeManager (HealthyPipelineSafeModeRule.java:process(137)) - SCM in safe mode. Healthy pipelines reported count is 0, required healthy pipeline reported count is 1
2022-11-07 13:36:23,583 [pool-187-thread-1] INFO  server.RaftServerConfigKeys (ConfUtils.java:logGet(46)) - raft.server.log.segment.size.max = 1048576 (custom)
2022-11-07 13:36:23,585 [pool-187-thread-1] INFO  server.RaftServerConfigKeys (ConfUtils.java:logGet(46)) - raft.server.log.segment.cache.num.max = 2 (custom)
2022-11-07 13:36:23,585 [pool-187-thread-1] INFO  server.RaftServerConfigKeys (ConfUtils.java:logGet(46)) - raft.server.log.segment.cache.size.max = 200MB (=209715200) (default)
2022-11-07 13:36:23,585 [pool-187-thread-1] INFO  segmented.SegmentedRaftLogWorker (SegmentedRaftLogWorker.java:<init>(191)) - new 4d74b558-d58f-4526-92bd-479b7c3e5b6d@group-57E3AF7B6218-SegmentedRaftLogWorker for RaftStorageImpl:Storage Directory /home/runner/work/ozone/ozone/hadoop-ozone/integration-test/target/test-dir/MiniOzoneClusterImpl-379115e4-4d75-40c4-81a6-8e72fe3ed5e1/datanode-5/data/ratis/4d3df89e-1a49-4fb9-b126-57e3af7b6218
2022-11-07 13:36:23,585 [pool-187-thread-1] INFO  server.RaftServerConfigKeys (ConfUtils.java:logGet(46)) - raft.server.log.queue.byte-limit = 4294967296 (custom)
2022-11-07 13:36:23,585 [pool-187-thread-1] INFO  server.RaftServerConfigKeys (ConfUtils.java:logGet(46)) - raft.server.log.queue.element-limit = 1024 (custom)
2022-11-07 13:36:23,585 [pool-187-thread-1] INFO  server.RaftServerConfigKeys (ConfUtils.java:logGet(46)) - raft.server.log.segment.size.max = 1048576 (custom)
2022-11-07 13:36:23,585 [pool-187-thread-1] INFO  server.RaftServerConfigKeys (ConfUtils.java:logGet(46)) - raft.server.log.preallocated.size = 16384 (custom)
2022-11-07 13:36:23,585 [pool-187-thread-1] INFO  server.RaftServerConfigKeys (ConfUtils.java:logGet(46)) - raft.server.log.force.sync.num = 128 (default)
2022-11-07 13:36:23,585 [pool-187-thread-1] INFO  server.RaftServerConfigKeys (ConfUtils.java:logGet(46)) - raft.server.log.statemachine.data.sync = true (default)
2022-11-07 13:36:23,586 [pool-187-thread-1] INFO  server.RaftServerConfigKeys (ConfUtils.java:logGet(46)) - raft.server.log.statemachine.data.sync.timeout = 10s (default)
2022-11-07 13:36:23,586 [pool-187-thread-1] INFO  server.RaftServerConfigKeys (ConfUtils.java:logGet(46)) - raft.server.log.statemachine.data.sync.timeout.retry = -1 (default)
2022-11-07 13:36:23,587 [pool-187-thread-1] INFO  server.RaftServerConfigKeys (ConfUtils.java:logGet(46)) - raft.server.log.write.buffer.size = 1048576 (custom)
2022-11-07 13:36:23,587 [pool-187-thread-1] INFO  server.RaftServerConfigKeys (ConfUtils.java:logGet(46)) - raft.server.log.unsafe-flush.enabled = false (default)
2022-11-07 13:36:23,588 [pool-187-thread-1] INFO  server.RaftServerConfigKeys (ConfUtils.java:logGet(46)) - raft.server.log.async-flush.enabled = false (default)
2022-11-07 13:36:23,588 [pool-187-thread-1] INFO  server.RaftServerConfigKeys (ConfUtils.java:logGet(46)) - raft.server.log.statemachine.data.caching.enabled = true (custom)
2022-11-07 13:36:23,588 [pool-187-thread-1] INFO  segmented.SegmentedRaftLogWorker (SegmentedRaftLogWorker.java:lambda$new$0(136)) - 4d74b558-d58f-4526-92bd-479b7c3e5b6d@group-57E3AF7B6218-SegmentedRaftLogWorker: flushIndex: setUnconditionally 0 -> -1
2022-11-07 13:36:23,588 [pool-187-thread-1] INFO  segmented.SegmentedRaftLogWorker (SegmentedRaftLogWorker.java:lambda$new$0(136)) - 4d74b558-d58f-4526-92bd-479b7c3e5b6d@group-57E3AF7B6218-SegmentedRaftLogWorker: safeCacheEvictIndex: setUnconditionally 0 -> -1
2022-11-07 13:36:23,588 [pool-187-thread-1] INFO  server.RaftServer$Division (RaftServerImpl.java:start(334)) - 4d74b558-d58f-4526-92bd-479b7c3e5b6d@group-57E3AF7B6218: start as a follower, conf=-1: peers:[4d74b558-d58f-4526-92bd-479b7c3e5b6d|rpc:10.1.0.230:37651|priority:1|startupRole:FOLLOWER]|listeners:[], old=null
2022-11-07 13:36:23,588 [pool-187-thread-1] INFO  server.RaftServer$Division (RaftServerImpl.java:setRole(321)) - 4d74b558-d58f-4526-92bd-479b7c3e5b6d@group-57E3AF7B6218: changes role from      null to FOLLOWER at term 0 for startAsFollower
2022-11-07 13:36:23,588 [pool-187-thread-1] INFO  impl.RoleInfo (RoleInfo.java:updateAndGet(139)) - 4d74b558-d58f-4526-92bd-479b7c3e5b6d: start 4d74b558-d58f-4526-92bd-479b7c3e5b6d@group-57E3AF7B6218-FollowerState
2022-11-07 13:36:23,589 [pool-187-thread-1] INFO  util.JmxRegister (JmxRegister.java:tryRegister(44)) - Successfully registered JMX Bean with object name Ratis:service=RaftServer,group=group-57E3AF7B6218,id=4d74b558-d58f-4526-92bd-479b7c3e5b6d
2022-11-07 13:36:23,589 [pool-187-thread-1] INFO  server.RaftServerConfigKeys (ConfUtils.java:logGet(46)) - raft.server.snapshot.auto.trigger.enabled = true (custom)
2022-11-07 13:36:23,589 [pool-187-thread-1] INFO  server.RaftServerConfigKeys (ConfUtils.java:logGet(46)) - raft.server.snapshot.auto.trigger.threshold = 10000 (custom)
2022-11-07 13:36:23,589 [pool-187-thread-1] INFO  server.RaftServerConfigKeys (ConfUtils.java:logGet(46)) - raft.server.snapshot.retention.file.num = 5 (custom)
2022-11-07 13:36:23,589 [pool-187-thread-1] INFO  server.RaftServerConfigKeys (ConfUtils.java:logGet(46)) - raft.server.log.purge.upto.snapshot.index = false (default)
2022-11-07 13:36:23,589 [4d74b558-d58f-4526-92bd-479b7c3e5b6d@group-57E3AF7B6218-FollowerState] INFO  server.RaftServerConfigKeys (ConfUtils.java:logFallback(53)) - raft.server.rpc.first-election.timeout.min = 5s (fallback to raft.server.rpc.timeout.min)
2022-11-07 13:36:23,589 [Command processor thread] INFO  ratis.XceiverServerRatis (XceiverServerRatis.java:addGroup(765)) - Created group PipelineID=4d3df89e-1a49-4fb9-b126-57e3af7b6218
2022-11-07 13:36:23,589 [Command processor thread] INFO  commandhandler.CreatePipelineCommandHandler (CreatePipelineCommandHandler.java:handle(113)) - Created Pipeline RATIS ONE PipelineID=4d3df89e-1a49-4fb9-b126-57e3af7b6218.
2022-11-07 13:36:23,590 [4d74b558-d58f-4526-92bd-479b7c3e5b6d@group-57E3AF7B6218-FollowerState] INFO  server.RaftServerConfigKeys (ConfUtils.java:logFallback(53)) - raft.server.rpc.first-election.timeout.max = 5200ms (fallback to raft.server.rpc.timeout.max)
2022-11-07 13:36:23,905 [Listener at 127.0.0.1/35081] INFO  ozone.MiniOzoneClusterImpl (MiniOzoneClusterImpl.java:lambda$waitForClusterToBeReady$0(216)) - Nodes are ready. Got 7 of 7 DN Heartbeats.
2022-11-07 13:36:23,905 [Listener at 127.0.0.1/35081] INFO  ozone.MiniOzoneClusterImpl (MiniOzoneClusterImpl.java:lambda$waitForClusterToBeReady$0(219)) - Waiting for cluster to exit safe mode
2022-11-07 13:36:23,905 [Listener at 127.0.0.1/35081] INFO  ozone.MiniOzoneClusterImpl (MiniOzoneClusterImpl.java:lambda$waitForClusterToBeReady$0(221)) - SCM became leader
2022-11-07 13:36:23,909 [Command processor thread] INFO  server.RaftServer (RaftServerProxy.java:addNew(96)) - 907bbffb-998f-490f-b661-afd63a8cee1b: addNew group-293E5B2BCDB5:[907bbffb-998f-490f-b661-afd63a8cee1b|rpc:10.1.0.230:44989|priority:1|startupRole:FOLLOWER] returns group-293E5B2BCDB5:java.util.concurrent.CompletableFuture@a617dcd[Not completed]
2022-11-07 13:36:23,912 [pool-210-thread-1] INFO  server.RaftServer$Division (RaftServerImpl.java:<init>(195)) - 907bbffb-998f-490f-b661-afd63a8cee1b: new RaftServerImpl for group-293E5B2BCDB5:[907bbffb-998f-490f-b661-afd63a8cee1b|rpc:10.1.0.230:44989|priority:1|startupRole:FOLLOWER] with ContainerStateMachine:uninitialized
2022-11-07 13:36:23,912 [pool-210-thread-1] INFO  server.RaftServerConfigKeys (ConfUtils.java:logGet(46)) - raft.server.rpc.timeout.min = 5s (custom)
2022-11-07 13:36:23,912 [pool-210-thread-1] INFO  server.RaftServerConfigKeys (ConfUtils.java:logGet(46)) - raft.server.rpc.timeout.max = 5200ms (custom)
2022-11-07 13:36:23,912 [pool-210-thread-1] INFO  server.RaftServerConfigKeys (ConfUtils.java:logGet(46)) - raft.server.rpc.sleep.time = 25ms (default)
2022-11-07 13:36:23,912 [pool-210-thread-1] INFO  server.RaftServerConfigKeys (ConfUtils.java:logGet(46)) - raft.server.rpc.slowness.timeout = 300s (custom)
2022-11-07 13:36:23,912 [pool-210-thread-1] INFO  server.RaftServerConfigKeys (ConfUtils.java:logGet(46)) - raft.server.leaderelection.leader.step-down.wait-time = 10s (default)
2022-11-07 13:36:23,912 [pool-210-thread-1] INFO  server.RaftServerConfigKeys (ConfUtils.java:logGet(46)) - raft.server.sleep.deviation.threshold = 300ms (default)
2022-11-07 13:36:23,912 [pool-210-thread-1] INFO  server.RaftServer$Division (ServerState.java:<init>(118)) - 907bbffb-998f-490f-b661-afd63a8cee1b@group-293E5B2BCDB5: ConfigurationManager, init=-1: peers:[907bbffb-998f-490f-b661-afd63a8cee1b|rpc:10.1.0.230:44989|priority:1|startupRole:FOLLOWER]|listeners:[], old=null, confs=<EMPTY_MAP>
2022-11-07 13:36:23,913 [pool-210-thread-1] INFO  server.RaftServerConfigKeys (ConfUtils.java:logGet(46)) - raft.server.storage.dir = [/home/runner/work/ozone/ozone/hadoop-ozone/integration-test/target/test-dir/MiniOzoneClusterImpl-379115e4-4d75-40c4-81a6-8e72fe3ed5e1/datanode-6/data/ratis] (custom)
2022-11-07 13:36:23,913 [pool-210-thread-1] INFO  server.RaftServerConfigKeys (ConfUtils.java:logGet(46)) - raft.server.log.corruption.policy = EXCEPTION (default)
2022-11-07 13:36:23,913 [pool-210-thread-1] INFO  server.RaftServerConfigKeys (ConfUtils.java:logGet(46)) - raft.server.storage.free-space.min = 0MB (=0) (default)
2022-11-07 13:36:23,913 [pool-210-thread-1] INFO  server.RaftServerConfigKeys (ConfUtils.java:logGet(46)) - raft.server.notification.no-leader.timeout = 300s (custom)
2022-11-07 13:36:23,913 [pool-210-thread-1] INFO  server.RaftServerConfigKeys (ConfUtils.java:logGet(46)) - raft.server.retrycache.expirytime = 600000ms (custom)
2022-11-07 13:36:23,913 [pool-210-thread-1] INFO  server.RaftServerConfigKeys (ConfUtils.java:logGet(46)) - raft.server.retrycache.statistics.expirytime = 100μs (default)
2022-11-07 13:36:23,915 [pool-210-thread-1] INFO  server.RaftServerConfigKeys (ConfUtils.java:logGet(46)) - raft.server.log.appender.install.snapshot.enabled = false (custom)
2022-11-07 13:36:23,915 [pool-210-thread-1] INFO  server.RaftServerConfigKeys (ConfUtils.java:logGet(46)) - raft.server.threadpool.server.cached = true (default)
2022-11-07 13:36:23,915 [pool-210-thread-1] INFO  server.RaftServerConfigKeys (ConfUtils.java:logGet(46)) - raft.server.threadpool.server.size = 0 (default)
2022-11-07 13:36:23,915 [pool-210-thread-1] INFO  server.RaftServerConfigKeys (ConfUtils.java:logGet(46)) - raft.server.threadpool.client.cached = true (default)
2022-11-07 13:36:23,915 [pool-210-thread-1] INFO  server.RaftServerConfigKeys (ConfUtils.java:logGet(46)) - raft.server.threadpool.client.size = 0 (default)
2022-11-07 13:36:23,915 [pool-210-thread-1] INFO  storage.RaftStorageDirectory (RaftStorageDirectoryImpl.java:analyzeStorage(137)) - The storage directory /home/runner/work/ozone/ozone/hadoop-ozone/integration-test/target/test-dir/MiniOzoneClusterImpl-379115e4-4d75-40c4-81a6-8e72fe3ed5e1/datanode-6/data/ratis/5e4dab85-e8c5-43a2-ba86-293e5b2bcdb5 does not exist. Creating ...
2022-11-07 13:36:23,916 [pool-210-thread-1] INFO  storage.RaftStorageDirectory (RaftStorageDirectoryImpl.java:tryLock(231)) - Lock on /home/runner/work/ozone/ozone/hadoop-ozone/integration-test/target/test-dir/MiniOzoneClusterImpl-379115e4-4d75-40c4-81a6-8e72fe3ed5e1/datanode-6/data/ratis/5e4dab85-e8c5-43a2-ba86-293e5b2bcdb5/in_use.lock acquired by nodename 63149@fv-az424-534
2022-11-07 13:36:23,917 [pool-210-thread-1] INFO  storage.RaftStorage (RaftStorageImpl.java:format(96)) - Storage directory /home/runner/work/ozone/ozone/hadoop-ozone/integration-test/target/test-dir/MiniOzoneClusterImpl-379115e4-4d75-40c4-81a6-8e72fe3ed5e1/datanode-6/data/ratis/5e4dab85-e8c5-43a2-ba86-293e5b2bcdb5 has been successfully formatted.
2022-11-07 13:36:23,918 [pool-210-thread-1] INFO  ratis.ContainerStateMachine (ContainerStateMachine.java:loadSnapshot(236)) - group-293E5B2BCDB5: The snapshot info is null. Setting the last applied indexto:(t:0, i:~)
2022-11-07 13:36:23,918 [pool-210-thread-1] INFO  server.RaftServerConfigKeys (ConfUtils.java:logGet(46)) - raft.server.log.use.memory = false (default)
2022-11-07 13:36:23,918 [pool-210-thread-1] INFO  server.RaftServerConfigKeys (ConfUtils.java:logGet(46)) - raft.server.log.purge.gap = 1000000 (custom)
2022-11-07 13:36:23,919 [pool-210-thread-1] INFO  server.RaftServerConfigKeys (ConfUtils.java:logGet(46)) - raft.server.log.appender.buffer.byte-limit = 33554432 (custom)
2022-11-07 13:36:23,919 [pool-210-thread-1] INFO  server.RaftServerConfigKeys (ConfUtils.java:logGet(46)) - raft.server.log.statemachine.data.read.timeout = 1000ms (default)
2022-11-07 13:36:23,919 [pool-210-thread-1] INFO  server.RaftServerConfigKeys (ConfUtils.java:logGet(46)) - raft.server.log.purge.preservation.log.num = 0 (default)
2022-11-07 13:36:23,919 [pool-210-thread-1] INFO  server.RaftServerConfigKeys (ConfUtils.java:logGet(46)) - raft.server.log.segment.size.max = 1048576 (custom)
2022-11-07 13:36:23,920 [EventQueue-PipelineReportForPipelineReportHandler] INFO  pipeline.PipelineManagerImpl (PipelineManagerImpl.java:openPipeline(367)) - Pipeline Pipeline[ Id: 5e4dab85-e8c5-43a2-ba86-293e5b2bcdb5, Nodes: 907bbffb-998f-490f-b661-afd63a8cee1b{ip: 10.1.0.230, host: fv-az424-534.i1gjr3zuz4qevjy1zin2gin2ih.gx.internal.cloudapp.net, ports: [REPLICATION=36725, RATIS=44989, RATIS_ADMIN=44989, RATIS_SERVER=44989, STANDALONE=36269], networkLocation: /default-rack, certSerialId: null, persistedOpState: IN_SERVICE, persistedOpStateExpiryEpochSec: 0}, ReplicationConfig: RATIS/ONE, State:ALLOCATED, leaderId:907bbffb-998f-490f-b661-afd63a8cee1b, CreationTimestamp2022-11-07T13:36:20.911Z[Etc/UTC]] moved to OPEN state
2022-11-07 13:36:23,920 [pool-210-thread-1] INFO  server.RaftServerConfigKeys (ConfUtils.java:logGet(46)) - raft.server.log.segment.cache.num.max = 2 (custom)
2022-11-07 13:36:23,920 [pool-210-thread-1] INFO  server.RaftServerConfigKeys (ConfUtils.java:logGet(46)) - raft.server.log.segment.cache.size.max = 200MB (=209715200) (default)
2022-11-07 13:36:23,920 [pool-210-thread-1] INFO  segmented.SegmentedRaftLogWorker (SegmentedRaftLogWorker.java:<init>(191)) - new 907bbffb-998f-490f-b661-afd63a8cee1b@group-293E5B2BCDB5-SegmentedRaftLogWorker for RaftStorageImpl:Storage Directory /home/runner/work/ozone/ozone/hadoop-ozone/integration-test/target/test-dir/MiniOzoneClusterImpl-379115e4-4d75-40c4-81a6-8e72fe3ed5e1/datanode-6/data/ratis/5e4dab85-e8c5-43a2-ba86-293e5b2bcdb5
2022-11-07 13:36:23,920 [pool-210-thread-1] INFO  server.RaftServerConfigKeys (ConfUtils.java:logGet(46)) - raft.server.log.queue.byte-limit = 4294967296 (custom)
2022-11-07 13:36:23,920 [pool-210-thread-1] INFO  server.RaftServerConfigKeys (ConfUtils.java:logGet(46)) - raft.server.log.queue.element-limit = 1024 (custom)
2022-11-07 13:36:23,920 [pool-210-thread-1] INFO  server.RaftServerConfigKeys (ConfUtils.java:logGet(46)) - raft.server.log.segment.size.max = 1048576 (custom)
2022-11-07 13:36:23,920 [pool-210-thread-1] INFO  server.RaftServerConfigKeys (ConfUtils.java:logGet(46)) - raft.server.log.preallocated.size = 16384 (custom)
2022-11-07 13:36:23,920 [pool-210-thread-1] INFO  server.RaftServerConfigKeys (ConfUtils.java:logGet(46)) - raft.server.log.force.sync.num = 128 (default)
2022-11-07 13:36:23,920 [pool-210-thread-1] INFO  server.RaftServerConfigKeys (ConfUtils.java:logGet(46)) - raft.server.log.statemachine.data.sync = true (default)
2022-11-07 13:36:23,920 [EventQueue-OpenPipelineForHealthyPipelineSafeModeRule] INFO  safemode.SCMSafeModeManager (HealthyPipelineSafeModeRule.java:process(137)) - SCM in safe mode. Healthy pipelines reported count is 0, required healthy pipeline reported count is 1
2022-11-07 13:36:23,921 [pool-210-thread-1] INFO  server.RaftServerConfigKeys (ConfUtils.java:logGet(46)) - raft.server.log.statemachine.data.sync.timeout = 10s (default)
2022-11-07 13:36:23,921 [pool-210-thread-1] INFO  server.RaftServerConfigKeys (ConfUtils.java:logGet(46)) - raft.server.log.statemachine.data.sync.timeout.retry = -1 (default)
2022-11-07 13:36:23,922 [pool-210-thread-1] INFO  server.RaftServerConfigKeys (ConfUtils.java:logGet(46)) - raft.server.log.write.buffer.size = 1048576 (custom)
2022-11-07 13:36:23,922 [pool-210-thread-1] INFO  server.RaftServerConfigKeys (ConfUtils.java:logGet(46)) - raft.server.log.unsafe-flush.enabled = false (default)
2022-11-07 13:36:23,922 [pool-210-thread-1] INFO  server.RaftServerConfigKeys (ConfUtils.java:logGet(46)) - raft.server.log.async-flush.enabled = false (default)
2022-11-07 13:36:23,922 [pool-210-thread-1] INFO  server.RaftServerConfigKeys (ConfUtils.java:logGet(46)) - raft.server.log.statemachine.data.caching.enabled = true (custom)
2022-11-07 13:36:23,922 [pool-210-thread-1] INFO  segmented.SegmentedRaftLogWorker (SegmentedRaftLogWorker.java:lambda$new$0(136)) - 907bbffb-998f-490f-b661-afd63a8cee1b@group-293E5B2BCDB5-SegmentedRaftLogWorker: flushIndex: setUnconditionally 0 -> -1
2022-11-07 13:36:23,922 [pool-210-thread-1] INFO  segmented.SegmentedRaftLogWorker (SegmentedRaftLogWorker.java:lambda$new$0(136)) - 907bbffb-998f-490f-b661-afd63a8cee1b@group-293E5B2BCDB5-SegmentedRaftLogWorker: safeCacheEvictIndex: setUnconditionally 0 -> -1
2022-11-07 13:36:23,922 [pool-210-thread-1] INFO  server.RaftServer$Division (RaftServerImpl.java:start(334)) - 907bbffb-998f-490f-b661-afd63a8cee1b@group-293E5B2BCDB5: start as a follower, conf=-1: peers:[907bbffb-998f-490f-b661-afd63a8cee1b|rpc:10.1.0.230:44989|priority:1|startupRole:FOLLOWER]|listeners:[], old=null
2022-11-07 13:36:23,922 [pool-210-thread-1] INFO  server.RaftServer$Division (RaftServerImpl.java:setRole(321)) - 907bbffb-998f-490f-b661-afd63a8cee1b@group-293E5B2BCDB5: changes role from      null to FOLLOWER at term 0 for startAsFollower
2022-11-07 13:36:23,922 [pool-210-thread-1] INFO  impl.RoleInfo (RoleInfo.java:updateAndGet(139)) - 907bbffb-998f-490f-b661-afd63a8cee1b: start 907bbffb-998f-490f-b661-afd63a8cee1b@group-293E5B2BCDB5-FollowerState
2022-11-07 13:36:23,926 [pool-210-thread-1] INFO  util.JmxRegister (JmxRegister.java:tryRegister(44)) - Successfully registered JMX Bean with object name Ratis:service=RaftServer,group=group-293E5B2BCDB5,id=907bbffb-998f-490f-b661-afd63a8cee1b
2022-11-07 13:36:23,926 [pool-210-thread-1] INFO  server.RaftServerConfigKeys (ConfUtils.java:logGet(46)) - raft.server.snapshot.auto.trigger.enabled = true (custom)
2022-11-07 13:36:23,926 [pool-210-thread-1] INFO  server.RaftServerConfigKeys (ConfUtils.java:logGet(46)) - raft.server.snapshot.auto.trigger.threshold = 10000 (custom)
2022-11-07 13:36:23,926 [pool-210-thread-1] INFO  server.RaftServerConfigKeys (ConfUtils.java:logGet(46)) - raft.server.snapshot.retention.file.num = 5 (custom)
2022-11-07 13:36:23,926 [pool-210-thread-1] INFO  server.RaftServerConfigKeys (ConfUtils.java:logGet(46)) - raft.server.log.purge.upto.snapshot.index = false (default)
2022-11-07 13:36:23,930 [Command processor thread] INFO  ratis.XceiverServerRatis (XceiverServerRatis.java:addGroup(765)) - Created group PipelineID=5e4dab85-e8c5-43a2-ba86-293e5b2bcdb5
2022-11-07 13:36:23,930 [Command processor thread] INFO  commandhandler.CreatePipelineCommandHandler (CreatePipelineCommandHandler.java:handle(113)) - Created Pipeline RATIS ONE PipelineID=5e4dab85-e8c5-43a2-ba86-293e5b2bcdb5.
2022-11-07 13:36:23,930 [907bbffb-998f-490f-b661-afd63a8cee1b@group-293E5B2BCDB5-FollowerState] INFO  server.RaftServerConfigKeys (ConfUtils.java:logFallback(53)) - raft.server.rpc.first-election.timeout.min = 5s (fallback to raft.server.rpc.timeout.min)
2022-11-07 13:36:23,930 [907bbffb-998f-490f-b661-afd63a8cee1b@group-293E5B2BCDB5-FollowerState] INFO  server.RaftServerConfigKeys (ConfUtils.java:logFallback(53)) - raft.server.rpc.first-election.timeout.max = 5200ms (fallback to raft.server.rpc.timeout.max)
2022-11-07 13:36:24,906 [Listener at 127.0.0.1/35081] INFO  ozone.MiniOzoneClusterImpl (MiniOzoneClusterImpl.java:lambda$waitForClusterToBeReady$0(216)) - Nodes are ready. Got 7 of 7 DN Heartbeats.
2022-11-07 13:36:24,906 [Listener at 127.0.0.1/35081] INFO  ozone.MiniOzoneClusterImpl (MiniOzoneClusterImpl.java:lambda$waitForClusterToBeReady$0(219)) - Waiting for cluster to exit safe mode
2022-11-07 13:36:24,906 [Listener at 127.0.0.1/35081] INFO  ozone.MiniOzoneClusterImpl (MiniOzoneClusterImpl.java:lambda$waitForClusterToBeReady$0(221)) - SCM became leader
2022-11-07 13:36:25,906 [Listener at 127.0.0.1/35081] INFO  ozone.MiniOzoneClusterImpl (MiniOzoneClusterImpl.java:lambda$waitForClusterToBeReady$0(216)) - Nodes are ready. Got 7 of 7 DN Heartbeats.
2022-11-07 13:36:25,907 [Listener at 127.0.0.1/35081] INFO  ozone.MiniOzoneClusterImpl (MiniOzoneClusterImpl.java:lambda$waitForClusterToBeReady$0(219)) - Waiting for cluster to exit safe mode
2022-11-07 13:36:25,907 [Listener at 127.0.0.1/35081] INFO  ozone.MiniOzoneClusterImpl (MiniOzoneClusterImpl.java:lambda$waitForClusterToBeReady$0(221)) - SCM became leader
2022-11-07 13:36:26,894 [178fd6cf-24a3-4e48-92ee-e3f3e7c66fbe@group-9AD7C3CCB44A-FollowerState] INFO  impl.FollowerState (FollowerState.java:run(143)) - 178fd6cf-24a3-4e48-92ee-e3f3e7c66fbe@group-9AD7C3CCB44A-FollowerState: change to CANDIDATE, lastRpcElapsedTime:5018300959ns, electionTimeout:5017ms
2022-11-07 13:36:26,894 [178fd6cf-24a3-4e48-92ee-e3f3e7c66fbe@group-9AD7C3CCB44A-FollowerState] INFO  impl.RoleInfo (RoleInfo.java:shutdownFollowerState(110)) - 178fd6cf-24a3-4e48-92ee-e3f3e7c66fbe: shutdown 178fd6cf-24a3-4e48-92ee-e3f3e7c66fbe@group-9AD7C3CCB44A-FollowerState
2022-11-07 13:36:26,894 [178fd6cf-24a3-4e48-92ee-e3f3e7c66fbe@group-9AD7C3CCB44A-FollowerState] INFO  server.RaftServer$Division (RaftServerImpl.java:setRole(321)) - 178fd6cf-24a3-4e48-92ee-e3f3e7c66fbe@group-9AD7C3CCB44A: changes role from  FOLLOWER to CANDIDATE at term 0 for changeToCandidate
2022-11-07 13:36:26,895 [178fd6cf-24a3-4e48-92ee-e3f3e7c66fbe@group-9AD7C3CCB44A-FollowerState] INFO  server.RaftServerConfigKeys (ConfUtils.java:logGet(46)) - raft.server.leaderelection.pre-vote = false (custom)
2022-11-07 13:36:26,896 [178fd6cf-24a3-4e48-92ee-e3f3e7c66fbe@group-9AD7C3CCB44A-FollowerState] INFO  impl.RoleInfo (RoleInfo.java:updateAndGet(139)) - 178fd6cf-24a3-4e48-92ee-e3f3e7c66fbe: start 178fd6cf-24a3-4e48-92ee-e3f3e7c66fbe@group-9AD7C3CCB44A-LeaderElection2
2022-11-07 13:36:26,899 [178fd6cf-24a3-4e48-92ee-e3f3e7c66fbe@group-9AD7C3CCB44A-LeaderElection2] INFO  impl.LeaderElection (LeaderElection.java:askForVotes(312)) - 178fd6cf-24a3-4e48-92ee-e3f3e7c66fbe@group-9AD7C3CCB44A-LeaderElection2 ELECTION round 0: submit vote requests at term 1 for -1: peers:[6c65cbd1-29d4-4a5b-900f-42154dc8d1b5|rpc:10.1.0.230:38377|priority:1|startupRole:FOLLOWER, 178fd6cf-24a3-4e48-92ee-e3f3e7c66fbe|rpc:10.1.0.230:44445|priority:0|startupRole:FOLLOWER, ea7a942f-a5e8-4e3a-a5fc-4bf2947a514d|rpc:10.1.0.230:42367|priority:0|startupRole:FOLLOWER]|listeners:[], old=null
2022-11-07 13:36:26,905 [178fd6cf-24a3-4e48-92ee-e3f3e7c66fbe@group-9AD7C3CCB44A-LeaderElection2-1] INFO  server.GrpcServerProtocolClient (GrpcServerProtocolClient.java:<init>(63)) - Build channel for 6c65cbd1-29d4-4a5b-900f-42154dc8d1b5
2022-11-07 13:36:26,907 [Listener at 127.0.0.1/35081] INFO  ozone.MiniOzoneClusterImpl (MiniOzoneClusterImpl.java:lambda$waitForClusterToBeReady$0(216)) - Nodes are ready. Got 7 of 7 DN Heartbeats.
2022-11-07 13:36:26,911 [Listener at 127.0.0.1/35081] INFO  ozone.MiniOzoneClusterImpl (MiniOzoneClusterImpl.java:lambda$waitForClusterToBeReady$0(219)) - Waiting for cluster to exit safe mode
2022-11-07 13:36:26,911 [Listener at 127.0.0.1/35081] INFO  ozone.MiniOzoneClusterImpl (MiniOzoneClusterImpl.java:lambda$waitForClusterToBeReady$0(221)) - SCM became leader
2022-11-07 13:36:26,909 [178fd6cf-24a3-4e48-92ee-e3f3e7c66fbe@group-9AD7C3CCB44A-LeaderElection2] INFO  server.RaftServerConfigKeys (ConfUtils.java:logFallback(53)) - raft.server.rpc.first-election.timeout.min = 5s (fallback to raft.server.rpc.timeout.min)
2022-11-07 13:36:26,912 [178fd6cf-24a3-4e48-92ee-e3f3e7c66fbe@group-9AD7C3CCB44A-LeaderElection2] INFO  server.RaftServerConfigKeys (ConfUtils.java:logFallback(53)) - raft.server.rpc.first-election.timeout.max = 5200ms (fallback to raft.server.rpc.timeout.max)
2022-11-07 13:36:26,909 [178fd6cf-24a3-4e48-92ee-e3f3e7c66fbe@group-9AD7C3CCB44A-LeaderElection2-2] INFO  server.GrpcServerProtocolClient (GrpcServerProtocolClient.java:<init>(63)) - Build channel for ea7a942f-a5e8-4e3a-a5fc-4bf2947a514d
2022-11-07 13:36:26,929 [grpc-default-executor-1] INFO  server.RaftServer$Division (RaftServerImpl.java:requestVote(1218)) - 6c65cbd1-29d4-4a5b-900f-42154dc8d1b5@group-9AD7C3CCB44A: receive requestVote(ELECTION, 178fd6cf-24a3-4e48-92ee-e3f3e7c66fbe, group-9AD7C3CCB44A, 1, (t:0, i:0))
2022-11-07 13:36:26,930 [grpc-default-executor-1] INFO  impl.VoteContext (VoteContext.java:log(48)) - 6c65cbd1-29d4-4a5b-900f-42154dc8d1b5@group-9AD7C3CCB44A-FOLLOWER: reject ELECTION from 178fd6cf-24a3-4e48-92ee-e3f3e7c66fbe: our priority 1 > candidate's priority 0
2022-11-07 13:36:26,931 [grpc-default-executor-1] INFO  server.RaftServer$Division (RaftServerImpl.java:setRole(321)) - 6c65cbd1-29d4-4a5b-900f-42154dc8d1b5@group-9AD7C3CCB44A: changes role from  FOLLOWER to FOLLOWER at term 1 for candidate:178fd6cf-24a3-4e48-92ee-e3f3e7c66fbe
2022-11-07 13:36:26,931 [grpc-default-executor-1] INFO  impl.RoleInfo (RoleInfo.java:shutdownFollowerState(110)) - 6c65cbd1-29d4-4a5b-900f-42154dc8d1b5: shutdown 6c65cbd1-29d4-4a5b-900f-42154dc8d1b5@group-9AD7C3CCB44A-FollowerState
2022-11-07 13:36:26,931 [6c65cbd1-29d4-4a5b-900f-42154dc8d1b5@group-9AD7C3CCB44A-FollowerState] INFO  impl.FollowerState (FollowerState.java:run(152)) - 6c65cbd1-29d4-4a5b-900f-42154dc8d1b5@group-9AD7C3CCB44A-FollowerState was interrupted
2022-11-07 13:36:26,932 [grpc-default-executor-1] INFO  impl.RoleInfo (RoleInfo.java:updateAndGet(139)) - 6c65cbd1-29d4-4a5b-900f-42154dc8d1b5: start 6c65cbd1-29d4-4a5b-900f-42154dc8d1b5@group-9AD7C3CCB44A-FollowerState
2022-11-07 13:36:26,937 [grpc-default-executor-1] INFO  server.RaftServer$Division (RaftServerImpl.java:requestVote(1251)) - 6c65cbd1-29d4-4a5b-900f-42154dc8d1b5@group-9AD7C3CCB44A replies to ELECTION vote request: 178fd6cf-24a3-4e48-92ee-e3f3e7c66fbe<-6c65cbd1-29d4-4a5b-900f-42154dc8d1b5#0:FAIL-t1. Peer's state: 6c65cbd1-29d4-4a5b-900f-42154dc8d1b5@group-9AD7C3CCB44A:t1, leader=null, voted=null, raftlog=Memoized:6c65cbd1-29d4-4a5b-900f-42154dc8d1b5@group-9AD7C3CCB44A-SegmentedRaftLog:OPENED:c-1, conf=-1: peers:[6c65cbd1-29d4-4a5b-900f-42154dc8d1b5|rpc:10.1.0.230:38377|dataStream:|priority:1|startupRole:FOLLOWER, 178fd6cf-24a3-4e48-92ee-e3f3e7c66fbe|rpc:10.1.0.230:44445|dataStream:|priority:0|startupRole:FOLLOWER, ea7a942f-a5e8-4e3a-a5fc-4bf2947a514d|rpc:10.1.0.230:42367|dataStream:|priority:0|startupRole:FOLLOWER]|listeners:[], old=null
2022-11-07 13:36:26,939 [178fd6cf-24a3-4e48-92ee-e3f3e7c66fbe@group-A4CD0EEB4C8D-FollowerState] INFO  impl.FollowerState (FollowerState.java:run(143)) - 178fd6cf-24a3-4e48-92ee-e3f3e7c66fbe@group-A4CD0EEB4C8D-FollowerState: change to CANDIDATE, lastRpcElapsedTime:5117167194ns, electionTimeout:5105ms
2022-11-07 13:36:26,940 [178fd6cf-24a3-4e48-92ee-e3f3e7c66fbe@group-A4CD0EEB4C8D-FollowerState] INFO  impl.RoleInfo (RoleInfo.java:shutdownFollowerState(110)) - 178fd6cf-24a3-4e48-92ee-e3f3e7c66fbe: shutdown 178fd6cf-24a3-4e48-92ee-e3f3e7c66fbe@group-A4CD0EEB4C8D-FollowerState
2022-11-07 13:36:26,940 [178fd6cf-24a3-4e48-92ee-e3f3e7c66fbe@group-A4CD0EEB4C8D-FollowerState] INFO  server.RaftServer$Division (RaftServerImpl.java:setRole(321)) - 178fd6cf-24a3-4e48-92ee-e3f3e7c66fbe@group-A4CD0EEB4C8D: changes role from  FOLLOWER to CANDIDATE at term 0 for changeToCandidate
2022-11-07 13:36:26,940 [178fd6cf-24a3-4e48-92ee-e3f3e7c66fbe@group-A4CD0EEB4C8D-FollowerState] INFO  server.RaftServerConfigKeys (ConfUtils.java:logGet(46)) - raft.server.leaderelection.pre-vote = false (custom)
2022-11-07 13:36:26,940 [178fd6cf-24a3-4e48-92ee-e3f3e7c66fbe@group-A4CD0EEB4C8D-FollowerState] INFO  impl.RoleInfo (RoleInfo.java:updateAndGet(139)) - 178fd6cf-24a3-4e48-92ee-e3f3e7c66fbe: start 178fd6cf-24a3-4e48-92ee-e3f3e7c66fbe@group-A4CD0EEB4C8D-LeaderElection3
2022-11-07 13:36:26,944 [6c65cbd1-29d4-4a5b-900f-42154dc8d1b5@group-9AD7C3CCB44A-FollowerState] INFO  server.RaftServerConfigKeys (ConfUtils.java:logFallback(53)) - raft.server.rpc.first-election.timeout.min = 5s (fallback to raft.server.rpc.timeout.min)
2022-11-07 13:36:26,949 [6c65cbd1-29d4-4a5b-900f-42154dc8d1b5@group-9AD7C3CCB44A-FollowerState] INFO  server.RaftServerConfigKeys (ConfUtils.java:logFallback(53)) - raft.server.rpc.first-election.timeout.max = 5200ms (fallback to raft.server.rpc.timeout.max)
2022-11-07 13:36:26,951 [178fd6cf-24a3-4e48-92ee-e3f3e7c66fbe@group-9AD7C3CCB44A-LeaderElection2] INFO  impl.LeaderElection (LeaderElection.java:logAndReturn(90)) - 178fd6cf-24a3-4e48-92ee-e3f3e7c66fbe@group-9AD7C3CCB44A-LeaderElection2: ELECTION REJECTED received 1 response(s) and 0 exception(s):
2022-11-07 13:36:26,951 [178fd6cf-24a3-4e48-92ee-e3f3e7c66fbe@group-9AD7C3CCB44A-LeaderElection2] INFO  impl.LeaderElection (LeaderElection.java:logAndReturn(94)) -   Response 0: 178fd6cf-24a3-4e48-92ee-e3f3e7c66fbe<-6c65cbd1-29d4-4a5b-900f-42154dc8d1b5#0:FAIL-t1
2022-11-07 13:36:26,951 [178fd6cf-24a3-4e48-92ee-e3f3e7c66fbe@group-9AD7C3CCB44A-LeaderElection2] INFO  impl.LeaderElection (LeaderElection.java:askForVotes(314)) - 178fd6cf-24a3-4e48-92ee-e3f3e7c66fbe@group-9AD7C3CCB44A-LeaderElection2 ELECTION round 0: result REJECTED
2022-11-07 13:36:26,951 [178fd6cf-24a3-4e48-92ee-e3f3e7c66fbe@group-9AD7C3CCB44A-LeaderElection2] INFO  server.RaftServer$Division (RaftServerImpl.java:setRole(321)) - 178fd6cf-24a3-4e48-92ee-e3f3e7c66fbe@group-9AD7C3CCB44A: changes role from CANDIDATE to FOLLOWER at term 1 for REJECTED
2022-11-07 13:36:26,951 [178fd6cf-24a3-4e48-92ee-e3f3e7c66fbe@group-9AD7C3CCB44A-LeaderElection2] INFO  impl.RoleInfo (RoleInfo.java:shutdownLeaderElection(130)) - 178fd6cf-24a3-4e48-92ee-e3f3e7c66fbe: shutdown 178fd6cf-24a3-4e48-92ee-e3f3e7c66fbe@group-9AD7C3CCB44A-LeaderElection2
2022-11-07 13:36:26,951 [178fd6cf-24a3-4e48-92ee-e3f3e7c66fbe@group-9AD7C3CCB44A-LeaderElection2] INFO  impl.RoleInfo (RoleInfo.java:updateAndGet(139)) - 178fd6cf-24a3-4e48-92ee-e3f3e7c66fbe: start 178fd6cf-24a3-4e48-92ee-e3f3e7c66fbe@group-9AD7C3CCB44A-FollowerState
2022-11-07 13:36:26,959 [178fd6cf-24a3-4e48-92ee-e3f3e7c66fbe@group-A4CD0EEB4C8D-LeaderElection3] INFO  impl.LeaderElection (LeaderElection.java:askForVotes(312)) - 178fd6cf-24a3-4e48-92ee-e3f3e7c66fbe@group-A4CD0EEB4C8D-LeaderElection3 ELECTION round 0: submit vote requests at term 1 for -1: peers:[178fd6cf-24a3-4e48-92ee-e3f3e7c66fbe|rpc:10.1.0.230:44445|priority:1|startupRole:FOLLOWER]|listeners:[], old=null
2022-11-07 13:36:26,965 [178fd6cf-24a3-4e48-92ee-e3f3e7c66fbe@group-A4CD0EEB4C8D-LeaderElection3] INFO  impl.LeaderElection (LeaderElection.java:askForVotes(314)) - 178fd6cf-24a3-4e48-92ee-e3f3e7c66fbe@group-A4CD0EEB4C8D-LeaderElection3 ELECTION round 0: result PASSED (term=1)
2022-11-07 13:36:26,965 [178fd6cf-24a3-4e48-92ee-e3f3e7c66fbe@group-A4CD0EEB4C8D-LeaderElection3] INFO  impl.RoleInfo (RoleInfo.java:shutdownLeaderElection(130)) - 178fd6cf-24a3-4e48-92ee-e3f3e7c66fbe: shutdown 178fd6cf-24a3-4e48-92ee-e3f3e7c66fbe@group-A4CD0EEB4C8D-LeaderElection3
2022-11-07 13:36:26,965 [178fd6cf-24a3-4e48-92ee-e3f3e7c66fbe@group-A4CD0EEB4C8D-LeaderElection3] INFO  server.RaftServer$Division (RaftServerImpl.java:setRole(321)) - 178fd6cf-24a3-4e48-92ee-e3f3e7c66fbe@group-A4CD0EEB4C8D: changes role from CANDIDATE to LEADER at term 1 for changeToLeader
2022-11-07 13:36:26,965 [178fd6cf-24a3-4e48-92ee-e3f3e7c66fbe@group-A4CD0EEB4C8D-LeaderElection3] INFO  ratis.XceiverServerRatis (XceiverServerRatis.java:handleLeaderChangedNotification(863)) - Leader change notification received for group: group-A4CD0EEB4C8D with new leaderId: 178fd6cf-24a3-4e48-92ee-e3f3e7c66fbe
2022-11-07 13:36:26,966 [178fd6cf-24a3-4e48-92ee-e3f3e7c66fbe@group-A4CD0EEB4C8D-LeaderElection3] INFO  server.RaftServer$Division (ServerState.java:setLeader(313)) - 178fd6cf-24a3-4e48-92ee-e3f3e7c66fbe@group-A4CD0EEB4C8D: change Leader from null to 178fd6cf-24a3-4e48-92ee-e3f3e7c66fbe at term 1 for becomeLeader, leader elected after 5179ms
2022-11-07 13:36:26,966 [178fd6cf-24a3-4e48-92ee-e3f3e7c66fbe@group-A4CD0EEB4C8D-LeaderElection3] INFO  server.RaftServerConfigKeys (ConfUtils.java:logGet(46)) - raft.server.staging.catchup.gap = 1000 (default)
2022-11-07 13:36:26,966 [178fd6cf-24a3-4e48-92ee-e3f3e7c66fbe@group-A4CD0EEB4C8D-LeaderElection3] INFO  server.RaftServerConfigKeys (ConfUtils.java:logGet(46)) - raft.server.write.element-limit = 1024 (custom)
2022-11-07 13:36:26,966 [178fd6cf-24a3-4e48-92ee-e3f3e7c66fbe@group-A4CD0EEB4C8D-LeaderElection3] INFO  server.RaftServerConfigKeys (ConfUtils.java:logGet(46)) - raft.server.write.byte-limit = 1024 M (=1073741824) (custom)
2022-11-07 13:36:26,967 [EventQueue-OpenPipelineForHealthyPipelineSafeModeRule] INFO  safemode.SCMSafeModeManager (HealthyPipelineSafeModeRule.java:process(137)) - SCM in safe mode. Healthy pipelines reported count is 0, required healthy pipeline reported count is 1
2022-11-07 13:36:26,968 [178fd6cf-24a3-4e48-92ee-e3f3e7c66fbe@group-A4CD0EEB4C8D-LeaderElection3] INFO  server.RaftServerConfigKeys (ConfUtils.java:logGet(46)) - raft.server.watch.timeout = 180s (custom)
2022-11-07 13:36:26,968 [178fd6cf-24a3-4e48-92ee-e3f3e7c66fbe@group-A4CD0EEB4C8D-LeaderElection3] INFO  server.RaftServerConfigKeys (ConfUtils.java:logGet(46)) - raft.server.watch.timeout.denomination = 1s (default)
2022-11-07 13:36:26,968 [178fd6cf-24a3-4e48-92ee-e3f3e7c66fbe@group-A4CD0EEB4C8D-LeaderElection3] INFO  server.RaftServerConfigKeys (ConfUtils.java:logGet(46)) - raft.server.watch.element-limit = 65536 (default)
2022-11-07 13:36:26,968 [178fd6cf-24a3-4e48-92ee-e3f3e7c66fbe@group-A4CD0EEB4C8D-LeaderElection3] INFO  server.RaftServerConfigKeys (ConfUtils.java:logGet(46)) - raft.server.write.element-limit = 1024 (custom)
2022-11-07 13:36:26,969 [178fd6cf-24a3-4e48-92ee-e3f3e7c66fbe@group-A4CD0EEB4C8D-LeaderElection3] INFO  server.RaftServerConfigKeys (ConfUtils.java:logGet(46)) - raft.server.write.follower.gap.ratio.max = -1.0 (default)
2022-11-07 13:36:26,969 [178fd6cf-24a3-4e48-92ee-e3f3e7c66fbe@group-A4CD0EEB4C8D-LeaderElection3] INFO  impl.RoleInfo (RoleInfo.java:updateAndGet(139)) - 178fd6cf-24a3-4e48-92ee-e3f3e7c66fbe: start 178fd6cf-24a3-4e48-92ee-e3f3e7c66fbe@group-A4CD0EEB4C8D-LeaderStateImpl
2022-11-07 13:36:26,969 [178fd6cf-24a3-4e48-92ee-e3f3e7c66fbe@group-A4CD0EEB4C8D-LeaderElection3] INFO  segmented.SegmentedRaftLogWorker (SegmentedRaftLogWorker.java:startLogSegment(452)) - 178fd6cf-24a3-4e48-92ee-e3f3e7c66fbe@group-A4CD0EEB4C8D-SegmentedRaftLogWorker: Starting segment from index:0
2022-11-07 13:36:26,967 [178fd6cf-24a3-4e48-92ee-e3f3e7c66fbe@group-9AD7C3CCB44A-FollowerState] INFO  server.RaftServerConfigKeys (ConfUtils.java:logFallback(53)) - raft.server.rpc.first-election.timeout.min = 5s (fallback to raft.server.rpc.timeout.min)
2022-11-07 13:36:26,970 [178fd6cf-24a3-4e48-92ee-e3f3e7c66fbe@group-9AD7C3CCB44A-FollowerState] INFO  server.RaftServerConfigKeys (ConfUtils.java:logFallback(53)) - raft.server.rpc.first-election.timeout.max = 5200ms (fallback to raft.server.rpc.timeout.max)
2022-11-07 13:36:26,970 [178fd6cf-24a3-4e48-92ee-e3f3e7c66fbe@group-A4CD0EEB4C8D-SegmentedRaftLogWorker] INFO  segmented.SegmentedRaftLogWorker (SegmentedRaftLogWorker.java:execute(656)) - 178fd6cf-24a3-4e48-92ee-e3f3e7c66fbe@group-A4CD0EEB4C8D-SegmentedRaftLogWorker: created new log segment /home/runner/work/ozone/ozone/hadoop-ozone/integration-test/target/test-dir/MiniOzoneClusterImpl-379115e4-4d75-40c4-81a6-8e72fe3ed5e1/datanode-0/data/ratis/976594ac-6411-4ca8-84ef-a4cd0eeb4c8d/current/log_inprogress_0
2022-11-07 13:36:26,970 [grpc-default-executor-1] INFO  server.RaftServer$Division (RaftServerImpl.java:requestVote(1218)) - ea7a942f-a5e8-4e3a-a5fc-4bf2947a514d@group-9AD7C3CCB44A: receive requestVote(ELECTION, 178fd6cf-24a3-4e48-92ee-e3f3e7c66fbe, group-9AD7C3CCB44A, 1, (t:0, i:0))
2022-11-07 13:36:26,971 [grpc-default-executor-1] INFO  impl.VoteContext (VoteContext.java:log(48)) - ea7a942f-a5e8-4e3a-a5fc-4bf2947a514d@group-9AD7C3CCB44A-FOLLOWER: accept ELECTION from 178fd6cf-24a3-4e48-92ee-e3f3e7c66fbe: our priority 0 <= candidate's priority 0
2022-11-07 13:36:26,971 [grpc-default-executor-1] INFO  server.RaftServer$Division (RaftServerImpl.java:setRole(321)) - ea7a942f-a5e8-4e3a-a5fc-4bf2947a514d@group-9AD7C3CCB44A: changes role from  FOLLOWER to FOLLOWER at term 1 for candidate:178fd6cf-24a3-4e48-92ee-e3f3e7c66fbe
2022-11-07 13:36:26,971 [grpc-default-executor-1] INFO  impl.RoleInfo (RoleInfo.java:shutdownFollowerState(110)) - ea7a942f-a5e8-4e3a-a5fc-4bf2947a514d: shutdown ea7a942f-a5e8-4e3a-a5fc-4bf2947a514d@group-9AD7C3CCB44A-FollowerState
2022-11-07 13:36:26,971 [grpc-default-executor-1] INFO  impl.RoleInfo (RoleInfo.java:updateAndGet(139)) - ea7a942f-a5e8-4e3a-a5fc-4bf2947a514d: start ea7a942f-a5e8-4e3a-a5fc-4bf2947a514d@group-9AD7C3CCB44A-FollowerState
2022-11-07 13:36:26,972 [ea7a942f-a5e8-4e3a-a5fc-4bf2947a514d@group-9AD7C3CCB44A-FollowerState] INFO  impl.FollowerState (FollowerState.java:run(152)) - ea7a942f-a5e8-4e3a-a5fc-4bf2947a514d@group-9AD7C3CCB44A-FollowerState was interrupted
2022-11-07 13:36:26,972 [ea7a942f-a5e8-4e3a-a5fc-4bf2947a514d@group-9AD7C3CCB44A-FollowerState] INFO  server.RaftServerConfigKeys (ConfUtils.java:logFallback(53)) - raft.server.rpc.first-election.timeout.min = 5s (fallback to raft.server.rpc.timeout.min)
2022-11-07 13:36:26,972 [ea7a942f-a5e8-4e3a-a5fc-4bf2947a514d@group-9AD7C3CCB44A-FollowerState] INFO  server.RaftServerConfigKeys (ConfUtils.java:logFallback(53)) - raft.server.rpc.first-election.timeout.max = 5200ms (fallback to raft.server.rpc.timeout.max)
2022-11-07 13:36:26,974 [grpc-default-executor-1] INFO  server.RaftServer$Division (RaftServerImpl.java:requestVote(1251)) - ea7a942f-a5e8-4e3a-a5fc-4bf2947a514d@group-9AD7C3CCB44A replies to ELECTION vote request: 178fd6cf-24a3-4e48-92ee-e3f3e7c66fbe<-ea7a942f-a5e8-4e3a-a5fc-4bf2947a514d#0:OK-t1. Peer's state: ea7a942f-a5e8-4e3a-a5fc-4bf2947a514d@group-9AD7C3CCB44A:t1, leader=null, voted=178fd6cf-24a3-4e48-92ee-e3f3e7c66fbe, raftlog=Memoized:ea7a942f-a5e8-4e3a-a5fc-4bf2947a514d@group-9AD7C3CCB44A-SegmentedRaftLog:OPENED:c-1, conf=-1: peers:[6c65cbd1-29d4-4a5b-900f-42154dc8d1b5|rpc:10.1.0.230:38377|priority:1|startupRole:FOLLOWER, 178fd6cf-24a3-4e48-92ee-e3f3e7c66fbe|rpc:10.1.0.230:44445|priority:0|startupRole:FOLLOWER, ea7a942f-a5e8-4e3a-a5fc-4bf2947a514d|rpc:10.1.0.230:42367|priority:0|startupRole:FOLLOWER]|listeners:[], old=null
2022-11-07 13:36:26,977 [178fd6cf-24a3-4e48-92ee-e3f3e7c66fbe@group-A4CD0EEB4C8D-LeaderElection3] INFO  server.RaftServer$Division (ServerState.java:setRaftConf(430)) - 178fd6cf-24a3-4e48-92ee-e3f3e7c66fbe@group-A4CD0EEB4C8D: set configuration 0: peers:[178fd6cf-24a3-4e48-92ee-e3f3e7c66fbe|rpc:10.1.0.230:44445|dataStream:|priority:1|startupRole:FOLLOWER]|listeners:[], old=null
2022-11-07 13:36:27,460 [ea7a942f-a5e8-4e3a-a5fc-4bf2947a514d@group-199CCE9438A6-FollowerState] INFO  impl.FollowerState (FollowerState.java:run(143)) - ea7a942f-a5e8-4e3a-a5fc-4bf2947a514d@group-199CCE9438A6-FollowerState: change to CANDIDATE, lastRpcElapsedTime:5198474845ns, electionTimeout:5178ms
2022-11-07 13:36:27,461 [ea7a942f-a5e8-4e3a-a5fc-4bf2947a514d@group-199CCE9438A6-FollowerState] INFO  impl.RoleInfo (RoleInfo.java:shutdownFollowerState(110)) - ea7a942f-a5e8-4e3a-a5fc-4bf2947a514d: shutdown ea7a942f-a5e8-4e3a-a5fc-4bf2947a514d@group-199CCE9438A6-FollowerState
2022-11-07 13:36:27,461 [ea7a942f-a5e8-4e3a-a5fc-4bf2947a514d@group-199CCE9438A6-FollowerState] INFO  server.RaftServer$Division (RaftServerImpl.java:setRole(321)) - ea7a942f-a5e8-4e3a-a5fc-4bf2947a514d@group-199CCE9438A6: changes role from  FOLLOWER to CANDIDATE at term 0 for changeToCandidate
2022-11-07 13:36:27,462 [ea7a942f-a5e8-4e3a-a5fc-4bf2947a514d@group-199CCE9438A6-FollowerState] INFO  server.RaftServerConfigKeys (ConfUtils.java:logGet(46)) - raft.server.leaderelection.pre-vote = false (custom)
2022-11-07 13:36:27,462 [ea7a942f-a5e8-4e3a-a5fc-4bf2947a514d@group-199CCE9438A6-FollowerState] INFO  impl.RoleInfo (RoleInfo.java:updateAndGet(139)) - ea7a942f-a5e8-4e3a-a5fc-4bf2947a514d: start ea7a942f-a5e8-4e3a-a5fc-4bf2947a514d@group-199CCE9438A6-LeaderElection4
2022-11-07 13:36:27,465 [ea7a942f-a5e8-4e3a-a5fc-4bf2947a514d@group-199CCE9438A6-LeaderElection4] INFO  impl.LeaderElection (LeaderElection.java:askForVotes(312)) - ea7a942f-a5e8-4e3a-a5fc-4bf2947a514d@group-199CCE9438A6-LeaderElection4 ELECTION round 0: submit vote requests at term 1 for -1: peers:[ea7a942f-a5e8-4e3a-a5fc-4bf2947a514d|rpc:10.1.0.230:42367|priority:1|startupRole:FOLLOWER]|listeners:[], old=null
2022-11-07 13:36:27,465 [ea7a942f-a5e8-4e3a-a5fc-4bf2947a514d@group-199CCE9438A6-LeaderElection4] INFO  impl.LeaderElection (LeaderElection.java:askForVotes(314)) - ea7a942f-a5e8-4e3a-a5fc-4bf2947a514d@group-199CCE9438A6-LeaderElection4 ELECTION round 0: result PASSED (term=1)
2022-11-07 13:36:27,465 [ea7a942f-a5e8-4e3a-a5fc-4bf2947a514d@group-199CCE9438A6-LeaderElection4] INFO  impl.RoleInfo (RoleInfo.java:shutdownLeaderElection(130)) - ea7a942f-a5e8-4e3a-a5fc-4bf2947a514d: shutdown ea7a942f-a5e8-4e3a-a5fc-4bf2947a514d@group-199CCE9438A6-LeaderElection4
2022-11-07 13:36:27,465 [ea7a942f-a5e8-4e3a-a5fc-4bf2947a514d@group-199CCE9438A6-LeaderElection4] INFO  server.RaftServer$Division (RaftServerImpl.java:setRole(321)) - ea7a942f-a5e8-4e3a-a5fc-4bf2947a514d@group-199CCE9438A6: changes role from CANDIDATE to LEADER at term 1 for changeToLeader
2022-11-07 13:36:27,465 [ea7a942f-a5e8-4e3a-a5fc-4bf2947a514d@group-199CCE9438A6-LeaderElection4] INFO  ratis.XceiverServerRatis (XceiverServerRatis.java:handleLeaderChangedNotification(863)) - Leader change notification received for group: group-199CCE9438A6 with new leaderId: ea7a942f-a5e8-4e3a-a5fc-4bf2947a514d
2022-11-07 13:36:27,465 [ea7a942f-a5e8-4e3a-a5fc-4bf2947a514d@group-199CCE9438A6-LeaderElection4] INFO  server.RaftServer$Division (ServerState.java:setLeader(313)) - ea7a942f-a5e8-4e3a-a5fc-4bf2947a514d@group-199CCE9438A6: change Leader from null to ea7a942f-a5e8-4e3a-a5fc-4bf2947a514d at term 1 for becomeLeader, leader elected after 5231ms
2022-11-07 13:36:27,465 [ea7a942f-a5e8-4e3a-a5fc-4bf2947a514d@group-199CCE9438A6-LeaderElection4] INFO  server.RaftServerConfigKeys (ConfUtils.java:logGet(46)) - raft.server.staging.catchup.gap = 1000 (default)
2022-11-07 13:36:27,466 [ea7a942f-a5e8-4e3a-a5fc-4bf2947a514d@group-199CCE9438A6-LeaderElection4] INFO  server.RaftServerConfigKeys (ConfUtils.java:logGet(46)) - raft.server.write.element-limit = 1024 (custom)
2022-11-07 13:36:27,466 [ea7a942f-a5e8-4e3a-a5fc-4bf2947a514d@group-199CCE9438A6-LeaderElection4] INFO  server.RaftServerConfigKeys (ConfUtils.java:logGet(46)) - raft.server.write.byte-limit = 1024 M (=1073741824) (custom)
2022-11-07 13:36:27,466 [ea7a942f-a5e8-4e3a-a5fc-4bf2947a514d@group-199CCE9438A6-LeaderElection4] INFO  server.RaftServerConfigKeys (ConfUtils.java:logGet(46)) - raft.server.watch.timeout = 180s (custom)
2022-11-07 13:36:27,466 [ea7a942f-a5e8-4e3a-a5fc-4bf2947a514d@group-199CCE9438A6-LeaderElection4] INFO  server.RaftServerConfigKeys (ConfUtils.java:logGet(46)) - raft.server.watch.timeout.denomination = 1s (default)
2022-11-07 13:36:27,466 [ea7a942f-a5e8-4e3a-a5fc-4bf2947a514d@group-199CCE9438A6-LeaderElection4] INFO  server.RaftServerConfigKeys (ConfUtils.java:logGet(46)) - raft.server.watch.element-limit = 65536 (default)
2022-11-07 13:36:27,466 [ea7a942f-a5e8-4e3a-a5fc-4bf2947a514d@group-199CCE9438A6-LeaderElection4] INFO  server.RaftServerConfigKeys (ConfUtils.java:logGet(46)) - raft.server.write.element-limit = 1024 (custom)
2022-11-07 13:36:27,466 [ea7a942f-a5e8-4e3a-a5fc-4bf2947a514d@group-199CCE9438A6-LeaderElection4] INFO  server.RaftServerConfigKeys (ConfUtils.java:logGet(46)) - raft.server.write.follower.gap.ratio.max = -1.0 (default)
2022-11-07 13:36:27,466 [ea7a942f-a5e8-4e3a-a5fc-4bf2947a514d@group-199CCE9438A6-LeaderElection4] INFO  impl.RoleInfo (RoleInfo.java:updateAndGet(139)) - ea7a942f-a5e8-4e3a-a5fc-4bf2947a514d: start ea7a942f-a5e8-4e3a-a5fc-4bf2947a514d@group-199CCE9438A6-LeaderStateImpl
2022-11-07 13:36:27,467 [EventQueue-OpenPipelineForHealthyPipelineSafeModeRule] INFO  safemode.SCMSafeModeManager (HealthyPipelineSafeModeRule.java:process(137)) - SCM in safe mode. Healthy pipelines reported count is 0, required healthy pipeline reported count is 1
2022-11-07 13:36:27,467 [ea7a942f-a5e8-4e3a-a5fc-4bf2947a514d@group-199CCE9438A6-LeaderElection4] INFO  segmented.SegmentedRaftLogWorker (SegmentedRaftLogWorker.java:startLogSegment(452)) - ea7a942f-a5e8-4e3a-a5fc-4bf2947a514d@group-199CCE9438A6-SegmentedRaftLogWorker: Starting segment from index:0
2022-11-07 13:36:27,468 [ea7a942f-a5e8-4e3a-a5fc-4bf2947a514d@group-199CCE9438A6-LeaderElection4] INFO  server.RaftServer$Division (ServerState.java:setRaftConf(430)) - ea7a942f-a5e8-4e3a-a5fc-4bf2947a514d@group-199CCE9438A6: set configuration 0: peers:[ea7a942f-a5e8-4e3a-a5fc-4bf2947a514d|rpc:10.1.0.230:42367|dataStream:|priority:1|startupRole:FOLLOWER]|listeners:[], old=null
2022-11-07 13:36:27,469 [ea7a942f-a5e8-4e3a-a5fc-4bf2947a514d@group-199CCE9438A6-SegmentedRaftLogWorker] INFO  segmented.SegmentedRaftLogWorker (SegmentedRaftLogWorker.java:execute(656)) - ea7a942f-a5e8-4e3a-a5fc-4bf2947a514d@group-199CCE9438A6-SegmentedRaftLogWorker: created new log segment /home/runner/work/ozone/ozone/hadoop-ozone/integration-test/target/test-dir/MiniOzoneClusterImpl-379115e4-4d75-40c4-81a6-8e72fe3ed5e1/datanode-1/data/ratis/49234118-99e5-463e-b0c7-199cce9438a6/current/log_inprogress_0
2022-11-07 13:36:27,709 [6c65cbd1-29d4-4a5b-900f-42154dc8d1b5@group-9B4EAB97F8F6-FollowerState] INFO  impl.FollowerState (FollowerState.java:run(143)) - 6c65cbd1-29d4-4a5b-900f-42154dc8d1b5@group-9B4EAB97F8F6-FollowerState: change to CANDIDATE, lastRpcElapsedTime:5012913101ns, electionTimeout:5002ms
2022-11-07 13:36:27,710 [6c65cbd1-29d4-4a5b-900f-42154dc8d1b5@group-9B4EAB97F8F6-FollowerState] INFO  impl.RoleInfo (RoleInfo.java:shutdownFollowerState(110)) - 6c65cbd1-29d4-4a5b-900f-42154dc8d1b5: shutdown 6c65cbd1-29d4-4a5b-900f-42154dc8d1b5@group-9B4EAB97F8F6-FollowerState
2022-11-07 13:36:27,710 [6c65cbd1-29d4-4a5b-900f-42154dc8d1b5@group-9B4EAB97F8F6-FollowerState] INFO  server.RaftServer$Division (RaftServerImpl.java:setRole(321)) - 6c65cbd1-29d4-4a5b-900f-42154dc8d1b5@group-9B4EAB97F8F6: changes role from  FOLLOWER to CANDIDATE at term 0 for changeToCandidate
2022-11-07 13:36:27,711 [6c65cbd1-29d4-4a5b-900f-42154dc8d1b5@group-9B4EAB97F8F6-FollowerState] INFO  server.RaftServerConfigKeys (ConfUtils.java:logGet(46)) - raft.server.leaderelection.pre-vote = false (custom)
2022-11-07 13:36:27,711 [6c65cbd1-29d4-4a5b-900f-42154dc8d1b5@group-9B4EAB97F8F6-FollowerState] INFO  impl.RoleInfo (RoleInfo.java:updateAndGet(139)) - 6c65cbd1-29d4-4a5b-900f-42154dc8d1b5: start 6c65cbd1-29d4-4a5b-900f-42154dc8d1b5@group-9B4EAB97F8F6-LeaderElection5
2022-11-07 13:36:27,715 [6c65cbd1-29d4-4a5b-900f-42154dc8d1b5@group-9B4EAB97F8F6-LeaderElection5] INFO  impl.LeaderElection (LeaderElection.java:askForVotes(312)) - 6c65cbd1-29d4-4a5b-900f-42154dc8d1b5@group-9B4EAB97F8F6-LeaderElection5 ELECTION round 0: submit vote requests at term 1 for -1: peers:[6c65cbd1-29d4-4a5b-900f-42154dc8d1b5|rpc:10.1.0.230:38377|priority:0|startupRole:FOLLOWER, 178fd6cf-24a3-4e48-92ee-e3f3e7c66fbe|rpc:10.1.0.230:44445|priority:1|startupRole:FOLLOWER, ea7a942f-a5e8-4e3a-a5fc-4bf2947a514d|rpc:10.1.0.230:42367|priority:0|startupRole:FOLLOWER]|listeners:[], old=null
2022-11-07 13:36:27,715 [6c65cbd1-29d4-4a5b-900f-42154dc8d1b5@group-9B4EAB97F8F6-LeaderElection5-1] INFO  server.GrpcServerProtocolClient (GrpcServerProtocolClient.java:<init>(63)) - Build channel for 178fd6cf-24a3-4e48-92ee-e3f3e7c66fbe
2022-11-07 13:36:27,718 [6c65cbd1-29d4-4a5b-900f-42154dc8d1b5@group-9B4EAB97F8F6-LeaderElection5] INFO  server.RaftServerConfigKeys (ConfUtils.java:logFallback(53)) - raft.server.rpc.first-election.timeout.min = 5s (fallback to raft.server.rpc.timeout.min)
2022-11-07 13:36:27,719 [6c65cbd1-29d4-4a5b-900f-42154dc8d1b5@group-9B4EAB97F8F6-LeaderElection5] INFO  server.RaftServerConfigKeys (ConfUtils.java:logFallback(53)) - raft.server.rpc.first-election.timeout.max = 5200ms (fallback to raft.server.rpc.timeout.max)
2022-11-07 13:36:27,718 [6c65cbd1-29d4-4a5b-900f-42154dc8d1b5@group-9B4EAB97F8F6-LeaderElection5-2] INFO  server.GrpcServerProtocolClient (GrpcServerProtocolClient.java:<init>(63)) - Build channel for ea7a942f-a5e8-4e3a-a5fc-4bf2947a514d
2022-11-07 13:36:27,729 [grpc-default-executor-1] INFO  server.RaftServer$Division (RaftServerImpl.java:requestVote(1218)) - 178fd6cf-24a3-4e48-92ee-e3f3e7c66fbe@group-9B4EAB97F8F6: receive requestVote(ELECTION, 6c65cbd1-29d4-4a5b-900f-42154dc8d1b5, group-9B4EAB97F8F6, 1, (t:0, i:0))
2022-11-07 13:36:27,730 [grpc-default-executor-1] INFO  impl.VoteContext (VoteContext.java:log(48)) - 178fd6cf-24a3-4e48-92ee-e3f3e7c66fbe@group-9B4EAB97F8F6-FOLLOWER: reject ELECTION from 6c65cbd1-29d4-4a5b-900f-42154dc8d1b5: our priority 1 > candidate's priority 0
2022-11-07 13:36:27,730 [grpc-default-executor-1] INFO  server.RaftServer$Division (RaftServerImpl.java:setRole(321)) - 178fd6cf-24a3-4e48-92ee-e3f3e7c66fbe@group-9B4EAB97F8F6: changes role from  FOLLOWER to FOLLOWER at term 1 for candidate:6c65cbd1-29d4-4a5b-900f-42154dc8d1b5
2022-11-07 13:36:27,730 [grpc-default-executor-1] INFO  impl.RoleInfo (RoleInfo.java:shutdownFollowerState(110)) - 178fd6cf-24a3-4e48-92ee-e3f3e7c66fbe: shutdown 178fd6cf-24a3-4e48-92ee-e3f3e7c66fbe@group-9B4EAB97F8F6-FollowerState
2022-11-07 13:36:27,730 [178fd6cf-24a3-4e48-92ee-e3f3e7c66fbe@group-9B4EAB97F8F6-FollowerState] INFO  impl.FollowerState (FollowerState.java:run(152)) - 178fd6cf-24a3-4e48-92ee-e3f3e7c66fbe@group-9B4EAB97F8F6-FollowerState was interrupted
2022-11-07 13:36:27,731 [grpc-default-executor-1] INFO  impl.RoleInfo (RoleInfo.java:updateAndGet(139)) - 178fd6cf-24a3-4e48-92ee-e3f3e7c66fbe: start 178fd6cf-24a3-4e48-92ee-e3f3e7c66fbe@group-9B4EAB97F8F6-FollowerState
2022-11-07 13:36:27,733 [grpc-default-executor-1] INFO  server.RaftServer$Division (RaftServerImpl.java:requestVote(1251)) - 178fd6cf-24a3-4e48-92ee-e3f3e7c66fbe@group-9B4EAB97F8F6 replies to ELECTION vote request: 6c65cbd1-29d4-4a5b-900f-42154dc8d1b5<-178fd6cf-24a3-4e48-92ee-e3f3e7c66fbe#0:FAIL-t1. Peer's state: 178fd6cf-24a3-4e48-92ee-e3f3e7c66fbe@group-9B4EAB97F8F6:t1, leader=null, voted=null, raftlog=Memoized:178fd6cf-24a3-4e48-92ee-e3f3e7c66fbe@group-9B4EAB97F8F6-SegmentedRaftLog:OPENED:c-1, conf=-1: peers:[6c65cbd1-29d4-4a5b-900f-42154dc8d1b5|rpc:10.1.0.230:38377|dataStream:|priority:0|startupRole:FOLLOWER, 178fd6cf-24a3-4e48-92ee-e3f3e7c66fbe|rpc:10.1.0.230:44445|dataStream:|priority:1|startupRole:FOLLOWER, ea7a942f-a5e8-4e3a-a5fc-4bf2947a514d|rpc:10.1.0.230:42367|dataStream:|priority:0|startupRole:FOLLOWER]|listeners:[], old=null
2022-11-07 13:36:27,736 [6c65cbd1-29d4-4a5b-900f-42154dc8d1b5@group-9B4EAB97F8F6-LeaderElection5] INFO  impl.LeaderElection (LeaderElection.java:logAndReturn(90)) - 6c65cbd1-29d4-4a5b-900f-42154dc8d1b5@group-9B4EAB97F8F6-LeaderElection5: ELECTION REJECTED received 1 response(s) and 0 exception(s):
2022-11-07 13:36:27,736 [6c65cbd1-29d4-4a5b-900f-42154dc8d1b5@group-9B4EAB97F8F6-LeaderElection5] INFO  impl.LeaderElection (LeaderElection.java:logAndReturn(94)) -   Response 0: 6c65cbd1-29d4-4a5b-900f-42154dc8d1b5<-178fd6cf-24a3-4e48-92ee-e3f3e7c66fbe#0:FAIL-t1
2022-11-07 13:36:27,736 [6c65cbd1-29d4-4a5b-900f-42154dc8d1b5@group-9B4EAB97F8F6-LeaderElection5] INFO  impl.LeaderElection (LeaderElection.java:askForVotes(314)) - 6c65cbd1-29d4-4a5b-900f-42154dc8d1b5@group-9B4EAB97F8F6-LeaderElection5 ELECTION round 0: result REJECTED
2022-11-07 13:36:27,736 [6c65cbd1-29d4-4a5b-900f-42154dc8d1b5@group-9B4EAB97F8F6-LeaderElection5] INFO  server.RaftServer$Division (RaftServerImpl.java:setRole(321)) - 6c65cbd1-29d4-4a5b-900f-42154dc8d1b5@group-9B4EAB97F8F6: changes role from CANDIDATE to FOLLOWER at term 1 for REJECTED
2022-11-07 13:36:27,736 [6c65cbd1-29d4-4a5b-900f-42154dc8d1b5@group-9B4EAB97F8F6-LeaderElection5] INFO  impl.RoleInfo (RoleInfo.java:shutdownLeaderElection(130)) - 6c65cbd1-29d4-4a5b-900f-42154dc8d1b5: shutdown 6c65cbd1-29d4-4a5b-900f-42154dc8d1b5@group-9B4EAB97F8F6-LeaderElection5
2022-11-07 13:36:27,736 [6c65cbd1-29d4-4a5b-900f-42154dc8d1b5@group-9B4EAB97F8F6-LeaderElection5] INFO  impl.RoleInfo (RoleInfo.java:updateAndGet(139)) - 6c65cbd1-29d4-4a5b-900f-42154dc8d1b5: start 6c65cbd1-29d4-4a5b-900f-42154dc8d1b5@group-9B4EAB97F8F6-FollowerState
2022-11-07 13:36:27,743 [6c65cbd1-29d4-4a5b-900f-42154dc8d1b5@group-1C8394A1C630-FollowerState] INFO  impl.FollowerState (FollowerState.java:run(143)) - 6c65cbd1-29d4-4a5b-900f-42154dc8d1b5@group-1C8394A1C630-FollowerState: change to CANDIDATE, lastRpcElapsedTime:5080606010ns, electionTimeout:5057ms
2022-11-07 13:36:27,753 [6c65cbd1-29d4-4a5b-900f-42154dc8d1b5@group-1C8394A1C630-FollowerState] INFO  impl.RoleInfo (RoleInfo.java:shutdownFollowerState(110)) - 6c65cbd1-29d4-4a5b-900f-42154dc8d1b5: shutdown 6c65cbd1-29d4-4a5b-900f-42154dc8d1b5@group-1C8394A1C630-FollowerState
2022-11-07 13:36:27,753 [6c65cbd1-29d4-4a5b-900f-42154dc8d1b5@group-1C8394A1C630-FollowerState] INFO  server.RaftServer$Division (RaftServerImpl.java:setRole(321)) - 6c65cbd1-29d4-4a5b-900f-42154dc8d1b5@group-1C8394A1C630: changes role from  FOLLOWER to CANDIDATE at term 0 for changeToCandidate
2022-11-07 13:36:27,746 [178fd6cf-24a3-4e48-92ee-e3f3e7c66fbe@group-9B4EAB97F8F6-FollowerState] INFO  server.RaftServerConfigKeys (ConfUtils.java:logFallback(53)) - raft.server.rpc.first-election.timeout.min = 5s (fallback to raft.server.rpc.timeout.min)
2022-11-07 13:36:27,753 [178fd6cf-24a3-4e48-92ee-e3f3e7c66fbe@group-9B4EAB97F8F6-FollowerState] INFO  server.RaftServerConfigKeys (ConfUtils.java:logFallback(53)) - raft.server.rpc.first-election.timeout.max = 5200ms (fallback to raft.server.rpc.timeout.max)
2022-11-07 13:36:27,753 [6c65cbd1-29d4-4a5b-900f-42154dc8d1b5@group-9B4EAB97F8F6-FollowerState] INFO  server.RaftServerConfigKeys (ConfUtils.java:logFallback(53)) - raft.server.rpc.first-election.timeout.min = 5s (fallback to raft.server.rpc.timeout.min)
2022-11-07 13:36:27,753 [6c65cbd1-29d4-4a5b-900f-42154dc8d1b5@group-9B4EAB97F8F6-FollowerState] INFO  server.RaftServerConfigKeys (ConfUtils.java:logFallback(53)) - raft.server.rpc.first-election.timeout.max = 5200ms (fallback to raft.server.rpc.timeout.max)
2022-11-07 13:36:27,754 [6c65cbd1-29d4-4a5b-900f-42154dc8d1b5@group-1C8394A1C630-FollowerState] INFO  server.RaftServerConfigKeys (ConfUtils.java:logGet(46)) - raft.server.leaderelection.pre-vote = false (custom)
2022-11-07 13:36:27,754 [6c65cbd1-29d4-4a5b-900f-42154dc8d1b5@group-1C8394A1C630-FollowerState] INFO  impl.RoleInfo (RoleInfo.java:updateAndGet(139)) - 6c65cbd1-29d4-4a5b-900f-42154dc8d1b5: start 6c65cbd1-29d4-4a5b-900f-42154dc8d1b5@group-1C8394A1C630-LeaderElection6
2022-11-07 13:36:27,762 [grpc-default-executor-1] INFO  server.RaftServer$Division (RaftServerImpl.java:requestVote(1218)) - ea7a942f-a5e8-4e3a-a5fc-4bf2947a514d@group-9B4EAB97F8F6: receive requestVote(ELECTION, 6c65cbd1-29d4-4a5b-900f-42154dc8d1b5, group-9B4EAB97F8F6, 1, (t:0, i:0))
2022-11-07 13:36:27,763 [grpc-default-executor-1] INFO  impl.VoteContext (VoteContext.java:log(48)) - ea7a942f-a5e8-4e3a-a5fc-4bf2947a514d@group-9B4EAB97F8F6-FOLLOWER: accept ELECTION from 6c65cbd1-29d4-4a5b-900f-42154dc8d1b5: our priority 0 <= candidate's priority 0
2022-11-07 13:36:27,763 [grpc-default-executor-1] INFO  server.RaftServer$Division (RaftServerImpl.java:setRole(321)) - ea7a942f-a5e8-4e3a-a5fc-4bf2947a514d@group-9B4EAB97F8F6: changes role from  FOLLOWER to FOLLOWER at term 1 for candidate:6c65cbd1-29d4-4a5b-900f-42154dc8d1b5
2022-11-07 13:36:27,763 [grpc-default-executor-1] INFO  impl.RoleInfo (RoleInfo.java:shutdownFollowerState(110)) - ea7a942f-a5e8-4e3a-a5fc-4bf2947a514d: shutdown ea7a942f-a5e8-4e3a-a5fc-4bf2947a514d@group-9B4EAB97F8F6-FollowerState
2022-11-07 13:36:27,764 [ea7a942f-a5e8-4e3a-a5fc-4bf2947a514d@group-9B4EAB97F8F6-FollowerState] INFO  impl.FollowerState (FollowerState.java:run(152)) - ea7a942f-a5e8-4e3a-a5fc-4bf2947a514d@group-9B4EAB97F8F6-FollowerState was interrupted
2022-11-07 13:36:27,764 [grpc-default-executor-1] INFO  impl.RoleInfo (RoleInfo.java:updateAndGet(139)) - ea7a942f-a5e8-4e3a-a5fc-4bf2947a514d: start ea7a942f-a5e8-4e3a-a5fc-4bf2947a514d@group-9B4EAB97F8F6-FollowerState
2022-11-07 13:36:27,764 [6c65cbd1-29d4-4a5b-900f-42154dc8d1b5@group-1C8394A1C630-LeaderElection6] INFO  impl.LeaderElection (LeaderElection.java:askForVotes(312)) - 6c65cbd1-29d4-4a5b-900f-42154dc8d1b5@group-1C8394A1C630-LeaderElection6 ELECTION round 0: submit vote requests at term 1 for -1: peers:[6c65cbd1-29d4-4a5b-900f-42154dc8d1b5|rpc:10.1.0.230:38377|priority:1|startupRole:FOLLOWER]|listeners:[], old=null
2022-11-07 13:36:27,764 [6c65cbd1-29d4-4a5b-900f-42154dc8d1b5@group-1C8394A1C630-LeaderElection6] INFO  impl.LeaderElection (LeaderElection.java:askForVotes(314)) - 6c65cbd1-29d4-4a5b-900f-42154dc8d1b5@group-1C8394A1C630-LeaderElection6 ELECTION round 0: result PASSED (term=1)
2022-11-07 13:36:27,764 [6c65cbd1-29d4-4a5b-900f-42154dc8d1b5@group-1C8394A1C630-LeaderElection6] INFO  impl.RoleInfo (RoleInfo.java:shutdownLeaderElection(130)) - 6c65cbd1-29d4-4a5b-900f-42154dc8d1b5: shutdown 6c65cbd1-29d4-4a5b-900f-42154dc8d1b5@group-1C8394A1C630-LeaderElection6
2022-11-07 13:36:27,769 [6c65cbd1-29d4-4a5b-900f-42154dc8d1b5@group-1C8394A1C630-LeaderElection6] INFO  server.RaftServer$Division (RaftServerImpl.java:setRole(321)) - 6c65cbd1-29d4-4a5b-900f-42154dc8d1b5@group-1C8394A1C630: changes role from CANDIDATE to LEADER at term 1 for changeToLeader
2022-11-07 13:36:27,769 [6c65cbd1-29d4-4a5b-900f-42154dc8d1b5@group-1C8394A1C630-LeaderElection6] INFO  ratis.XceiverServerRatis (XceiverServerRatis.java:handleLeaderChangedNotification(863)) - Leader change notification received for group: group-1C8394A1C630 with new leaderId: 6c65cbd1-29d4-4a5b-900f-42154dc8d1b5
2022-11-07 13:36:27,769 [6c65cbd1-29d4-4a5b-900f-42154dc8d1b5@group-1C8394A1C630-LeaderElection6] INFO  server.RaftServer$Division (ServerState.java:setLeader(313)) - 6c65cbd1-29d4-4a5b-900f-42154dc8d1b5@group-1C8394A1C630: change Leader from null to 6c65cbd1-29d4-4a5b-900f-42154dc8d1b5 at term 1 for becomeLeader, leader elected after 5148ms
2022-11-07 13:36:27,769 [6c65cbd1-29d4-4a5b-900f-42154dc8d1b5@group-1C8394A1C630-LeaderElection6] INFO  server.RaftServerConfigKeys (ConfUtils.java:logGet(46)) - raft.server.staging.catchup.gap = 1000 (default)
2022-11-07 13:36:27,770 [grpc-default-executor-1] INFO  server.RaftServer$Division (RaftServerImpl.java:requestVote(1251)) - ea7a942f-a5e8-4e3a-a5fc-4bf2947a514d@group-9B4EAB97F8F6 replies to ELECTION vote request: 6c65cbd1-29d4-4a5b-900f-42154dc8d1b5<-ea7a942f-a5e8-4e3a-a5fc-4bf2947a514d#0:OK-t1. Peer's state: ea7a942f-a5e8-4e3a-a5fc-4bf2947a514d@group-9B4EAB97F8F6:t1, leader=null, voted=6c65cbd1-29d4-4a5b-900f-42154dc8d1b5, raftlog=Memoized:ea7a942f-a5e8-4e3a-a5fc-4bf2947a514d@group-9B4EAB97F8F6-SegmentedRaftLog:OPENED:c-1, conf=-1: peers:[6c65cbd1-29d4-4a5b-900f-42154dc8d1b5|rpc:10.1.0.230:38377|priority:0|startupRole:FOLLOWER, 178fd6cf-24a3-4e48-92ee-e3f3e7c66fbe|rpc:10.1.0.230:44445|priority:1|startupRole:FOLLOWER, ea7a942f-a5e8-4e3a-a5fc-4bf2947a514d|rpc:10.1.0.230:42367|priority:0|startupRole:FOLLOWER]|listeners:[], old=null
2022-11-07 13:36:27,770 [EventQueue-OpenPipelineForHealthyPipelineSafeModeRule] INFO  safemode.SCMSafeModeManager (HealthyPipelineSafeModeRule.java:process(137)) - SCM in safe mode. Healthy pipelines reported count is 0, required healthy pipeline reported count is 1
2022-11-07 13:36:27,773 [ea7a942f-a5e8-4e3a-a5fc-4bf2947a514d@group-9B4EAB97F8F6-FollowerState] INFO  server.RaftServerConfigKeys (ConfUtils.java:logFallback(53)) - raft.server.rpc.first-election.timeout.min = 5s (fallback to raft.server.rpc.timeout.min)
2022-11-07 13:36:27,775 [ea7a942f-a5e8-4e3a-a5fc-4bf2947a514d@group-9B4EAB97F8F6-FollowerState] INFO  server.RaftServerConfigKeys (ConfUtils.java:logFallback(53)) - raft.server.rpc.first-election.timeout.max = 5200ms (fallback to raft.server.rpc.timeout.max)
2022-11-07 13:36:27,773 [6c65cbd1-29d4-4a5b-900f-42154dc8d1b5@group-1C8394A1C630-LeaderElection6] INFO  server.RaftServerConfigKeys (ConfUtils.java:logGet(46)) - raft.server.write.element-limit = 1024 (custom)
2022-11-07 13:36:27,775 [6c65cbd1-29d4-4a5b-900f-42154dc8d1b5@group-1C8394A1C630-LeaderElection6] INFO  server.RaftServerConfigKeys (ConfUtils.java:logGet(46)) - raft.server.write.byte-limit = 1024 M (=1073741824) (custom)
2022-11-07 13:36:27,775 [6c65cbd1-29d4-4a5b-900f-42154dc8d1b5@group-1C8394A1C630-LeaderElection6] INFO  server.RaftServerConfigKeys (ConfUtils.java:logGet(46)) - raft.server.watch.timeout = 180s (custom)
2022-11-07 13:36:27,775 [6c65cbd1-29d4-4a5b-900f-42154dc8d1b5@group-1C8394A1C630-LeaderElection6] INFO  server.RaftServerConfigKeys (ConfUtils.java:logGet(46)) - raft.server.watch.timeout.denomination = 1s (default)
2022-11-07 13:36:27,775 [6c65cbd1-29d4-4a5b-900f-42154dc8d1b5@group-1C8394A1C630-LeaderElection6] INFO  server.RaftServerConfigKeys (ConfUtils.java:logGet(46)) - raft.server.watch.element-limit = 65536 (default)
2022-11-07 13:36:27,775 [6c65cbd1-29d4-4a5b-900f-42154dc8d1b5@group-1C8394A1C630-LeaderElection6] INFO  server.RaftServerConfigKeys (ConfUtils.java:logGet(46)) - raft.server.write.element-limit = 1024 (custom)
2022-11-07 13:36:27,775 [6c65cbd1-29d4-4a5b-900f-42154dc8d1b5@group-1C8394A1C630-LeaderElection6] INFO  server.RaftServerConfigKeys (ConfUtils.java:logGet(46)) - raft.server.write.follower.gap.ratio.max = -1.0 (default)
2022-11-07 13:36:27,776 [6c65cbd1-29d4-4a5b-900f-42154dc8d1b5@group-1C8394A1C630-LeaderElection6] INFO  impl.RoleInfo (RoleInfo.java:updateAndGet(139)) - 6c65cbd1-29d4-4a5b-900f-42154dc8d1b5: start 6c65cbd1-29d4-4a5b-900f-42154dc8d1b5@group-1C8394A1C630-LeaderStateImpl
2022-11-07 13:36:27,776 [6c65cbd1-29d4-4a5b-900f-42154dc8d1b5@group-1C8394A1C630-LeaderElection6] INFO  segmented.SegmentedRaftLogWorker (SegmentedRaftLogWorker.java:startLogSegment(452)) - 6c65cbd1-29d4-4a5b-900f-42154dc8d1b5@group-1C8394A1C630-SegmentedRaftLogWorker: Starting segment from index:0
2022-11-07 13:36:27,777 [6c65cbd1-29d4-4a5b-900f-42154dc8d1b5@group-1C8394A1C630-SegmentedRaftLogWorker] INFO  segmented.SegmentedRaftLogWorker (SegmentedRaftLogWorker.java:execute(656)) - 6c65cbd1-29d4-4a5b-900f-42154dc8d1b5@group-1C8394A1C630-SegmentedRaftLogWorker: created new log segment /home/runner/work/ozone/ozone/hadoop-ozone/integration-test/target/test-dir/MiniOzoneClusterImpl-379115e4-4d75-40c4-81a6-8e72fe3ed5e1/datanode-2/data/ratis/be8e6e46-7591-4529-a285-1c8394a1c630/current/log_inprogress_0
2022-11-07 13:36:27,778 [6c65cbd1-29d4-4a5b-900f-42154dc8d1b5@group-1C8394A1C630-LeaderElection6] INFO  server.RaftServer$Division (ServerState.java:setRaftConf(430)) - 6c65cbd1-29d4-4a5b-900f-42154dc8d1b5@group-1C8394A1C630: set configuration 0: peers:[6c65cbd1-29d4-4a5b-900f-42154dc8d1b5|rpc:10.1.0.230:38377|dataStream:|priority:1|startupRole:FOLLOWER]|listeners:[], old=null
2022-11-07 13:36:27,912 [Listener at 127.0.0.1/35081] INFO  ozone.MiniOzoneClusterImpl (MiniOzoneClusterImpl.java:lambda$waitForClusterToBeReady$0(216)) - Nodes are ready. Got 7 of 7 DN Heartbeats.
2022-11-07 13:36:27,912 [Listener at 127.0.0.1/35081] INFO  ozone.MiniOzoneClusterImpl (MiniOzoneClusterImpl.java:lambda$waitForClusterToBeReady$0(219)) - Waiting for cluster to exit safe mode
2022-11-07 13:36:27,912 [Listener at 127.0.0.1/35081] INFO  ozone.MiniOzoneClusterImpl (MiniOzoneClusterImpl.java:lambda$waitForClusterToBeReady$0(221)) - SCM became leader
2022-11-07 13:36:28,106 [beab5ca2-a546-402b-a260-2b44d337a1b6@group-5C8B4B862CE8-FollowerState] INFO  impl.FollowerState (FollowerState.java:run(143)) - beab5ca2-a546-402b-a260-2b44d337a1b6@group-5C8B4B862CE8-FollowerState: change to CANDIDATE, lastRpcElapsedTime:5107339593ns, electionTimeout:5106ms
2022-11-07 13:36:28,106 [beab5ca2-a546-402b-a260-2b44d337a1b6@group-5C8B4B862CE8-FollowerState] INFO  impl.RoleInfo (RoleInfo.java:shutdownFollowerState(110)) - beab5ca2-a546-402b-a260-2b44d337a1b6: shutdown beab5ca2-a546-402b-a260-2b44d337a1b6@group-5C8B4B862CE8-FollowerState
2022-11-07 13:36:28,106 [beab5ca2-a546-402b-a260-2b44d337a1b6@group-5C8B4B862CE8-FollowerState] INFO  server.RaftServer$Division (RaftServerImpl.java:setRole(321)) - beab5ca2-a546-402b-a260-2b44d337a1b6@group-5C8B4B862CE8: changes role from  FOLLOWER to CANDIDATE at term 0 for changeToCandidate
2022-11-07 13:36:28,107 [beab5ca2-a546-402b-a260-2b44d337a1b6@group-5C8B4B862CE8-FollowerState] INFO  server.RaftServerConfigKeys (ConfUtils.java:logGet(46)) - raft.server.leaderelection.pre-vote = false (custom)
2022-11-07 13:36:28,108 [beab5ca2-a546-402b-a260-2b44d337a1b6@group-5C8B4B862CE8-FollowerState] INFO  impl.RoleInfo (RoleInfo.java:updateAndGet(139)) - beab5ca2-a546-402b-a260-2b44d337a1b6: start beab5ca2-a546-402b-a260-2b44d337a1b6@group-5C8B4B862CE8-LeaderElection7
2022-11-07 13:36:28,115 [beab5ca2-a546-402b-a260-2b44d337a1b6@group-5C8B4B862CE8-LeaderElection7] INFO  impl.LeaderElection (LeaderElection.java:askForVotes(312)) - beab5ca2-a546-402b-a260-2b44d337a1b6@group-5C8B4B862CE8-LeaderElection7 ELECTION round 0: submit vote requests at term 1 for -1: peers:[4d74b558-d58f-4526-92bd-479b7c3e5b6d|rpc:10.1.0.230:37651|priority:1|startupRole:FOLLOWER, beab5ca2-a546-402b-a260-2b44d337a1b6|rpc:10.1.0.230:40785|priority:0|startupRole:FOLLOWER, f44b5222-54a3-4c74-8058-5f7be961e458|rpc:10.1.0.230:46269|priority:0|startupRole:FOLLOWER]|listeners:[], old=null
2022-11-07 13:36:28,115 [beab5ca2-a546-402b-a260-2b44d337a1b6@group-5C8B4B862CE8-LeaderElection7] INFO  server.RaftServerConfigKeys (ConfUtils.java:logFallback(53)) - raft.server.rpc.first-election.timeout.min = 5s (fallback to raft.server.rpc.timeout.min)
2022-11-07 13:36:28,115 [beab5ca2-a546-402b-a260-2b44d337a1b6@group-5C8B4B862CE8-LeaderElection7-1] INFO  server.GrpcServerProtocolClient (GrpcServerProtocolClient.java:<init>(63)) - Build channel for 4d74b558-d58f-4526-92bd-479b7c3e5b6d
2022-11-07 13:36:28,115 [beab5ca2-a546-402b-a260-2b44d337a1b6@group-5C8B4B862CE8-LeaderElection7] INFO  server.RaftServerConfigKeys (ConfUtils.java:logFallback(53)) - raft.server.rpc.first-election.timeout.max = 5200ms (fallback to raft.server.rpc.timeout.max)
2022-11-07 13:36:28,121 [beab5ca2-a546-402b-a260-2b44d337a1b6@group-5C8B4B862CE8-LeaderElection7-2] INFO  server.GrpcServerProtocolClient (GrpcServerProtocolClient.java:<init>(63)) - Build channel for f44b5222-54a3-4c74-8058-5f7be961e458
2022-11-07 13:36:28,140 [grpc-default-executor-1] INFO  server.RaftServer$Division (RaftServerImpl.java:requestVote(1218)) - 4d74b558-d58f-4526-92bd-479b7c3e5b6d@group-5C8B4B862CE8: receive requestVote(ELECTION, beab5ca2-a546-402b-a260-2b44d337a1b6, group-5C8B4B862CE8, 1, (t:0, i:0))
2022-11-07 13:36:28,140 [grpc-default-executor-1] INFO  impl.VoteContext (VoteContext.java:log(48)) - 4d74b558-d58f-4526-92bd-479b7c3e5b6d@group-5C8B4B862CE8-FOLLOWER: reject ELECTION from beab5ca2-a546-402b-a260-2b44d337a1b6: our priority 1 > candidate's priority 0
2022-11-07 13:36:28,140 [grpc-default-executor-0] INFO  server.RaftServer$Division (RaftServerImpl.java:requestVote(1218)) - f44b5222-54a3-4c74-8058-5f7be961e458@group-5C8B4B862CE8: receive requestVote(ELECTION, beab5ca2-a546-402b-a260-2b44d337a1b6, group-5C8B4B862CE8, 1, (t:0, i:0))
2022-11-07 13:36:28,140 [grpc-default-executor-1] INFO  server.RaftServer$Division (RaftServerImpl.java:setRole(321)) - 4d74b558-d58f-4526-92bd-479b7c3e5b6d@group-5C8B4B862CE8: changes role from  FOLLOWER to FOLLOWER at term 1 for candidate:beab5ca2-a546-402b-a260-2b44d337a1b6
2022-11-07 13:36:28,140 [grpc-default-executor-1] INFO  impl.RoleInfo (RoleInfo.java:shutdownFollowerState(110)) - 4d74b558-d58f-4526-92bd-479b7c3e5b6d: shutdown 4d74b558-d58f-4526-92bd-479b7c3e5b6d@group-5C8B4B862CE8-FollowerState
2022-11-07 13:36:28,140 [4d74b558-d58f-4526-92bd-479b7c3e5b6d@group-5C8B4B862CE8-FollowerState] INFO  impl.FollowerState (FollowerState.java:run(152)) - 4d74b558-d58f-4526-92bd-479b7c3e5b6d@group-5C8B4B862CE8-FollowerState was interrupted
2022-11-07 13:36:28,141 [grpc-default-executor-1] INFO  impl.RoleInfo (RoleInfo.java:updateAndGet(139)) - 4d74b558-d58f-4526-92bd-479b7c3e5b6d: start 4d74b558-d58f-4526-92bd-479b7c3e5b6d@group-5C8B4B862CE8-FollowerState
2022-11-07 13:36:28,140 [grpc-default-executor-0] INFO  impl.VoteContext (VoteContext.java:log(48)) - f44b5222-54a3-4c74-8058-5f7be961e458@group-5C8B4B862CE8-FOLLOWER: accept ELECTION from beab5ca2-a546-402b-a260-2b44d337a1b6: our priority 0 <= candidate's priority 0
2022-11-07 13:36:28,142 [grpc-default-executor-0] INFO  server.RaftServer$Division (RaftServerImpl.java:setRole(321)) - f44b5222-54a3-4c74-8058-5f7be961e458@group-5C8B4B862CE8: changes role from  FOLLOWER to FOLLOWER at term 1 for candidate:beab5ca2-a546-402b-a260-2b44d337a1b6
2022-11-07 13:36:28,142 [grpc-default-executor-0] INFO  impl.RoleInfo (RoleInfo.java:shutdownFollowerState(110)) - f44b5222-54a3-4c74-8058-5f7be961e458: shutdown f44b5222-54a3-4c74-8058-5f7be961e458@group-5C8B4B862CE8-FollowerState
2022-11-07 13:36:28,144 [grpc-default-executor-0] INFO  impl.RoleInfo (RoleInfo.java:updateAndGet(139)) - f44b5222-54a3-4c74-8058-5f7be961e458: start f44b5222-54a3-4c74-8058-5f7be961e458@group-5C8B4B862CE8-FollowerState
2022-11-07 13:36:28,146 [4d74b558-d58f-4526-92bd-479b7c3e5b6d@group-5C8B4B862CE8-FollowerState] INFO  server.RaftServerConfigKeys (ConfUtils.java:logFallback(53)) - raft.server.rpc.first-election.timeout.min = 5s (fallback to raft.server.rpc.timeout.min)
2022-11-07 13:36:28,146 [4d74b558-d58f-4526-92bd-479b7c3e5b6d@group-5C8B4B862CE8-FollowerState] INFO  server.RaftServerConfigKeys (ConfUtils.java:logFallback(53)) - raft.server.rpc.first-election.timeout.max = 5200ms (fallback to raft.server.rpc.timeout.max)
2022-11-07 13:36:28,147 [f44b5222-54a3-4c74-8058-5f7be961e458@group-5C8B4B862CE8-FollowerState] INFO  impl.FollowerState (FollowerState.java:run(152)) - f44b5222-54a3-4c74-8058-5f7be961e458@group-5C8B4B862CE8-FollowerState was interrupted
2022-11-07 13:36:28,148 [grpc-default-executor-0] INFO  server.RaftServer$Division (RaftServerImpl.java:requestVote(1251)) - f44b5222-54a3-4c74-8058-5f7be961e458@group-5C8B4B862CE8 replies to ELECTION vote request: beab5ca2-a546-402b-a260-2b44d337a1b6<-f44b5222-54a3-4c74-8058-5f7be961e458#0:OK-t1. Peer's state: f44b5222-54a3-4c74-8058-5f7be961e458@group-5C8B4B862CE8:t1, leader=null, voted=beab5ca2-a546-402b-a260-2b44d337a1b6, raftlog=Memoized:f44b5222-54a3-4c74-8058-5f7be961e458@group-5C8B4B862CE8-SegmentedRaftLog:OPENED:c-1, conf=-1: peers:[4d74b558-d58f-4526-92bd-479b7c3e5b6d|rpc:10.1.0.230:37651|dataStream:|priority:1|startupRole:FOLLOWER, beab5ca2-a546-402b-a260-2b44d337a1b6|rpc:10.1.0.230:40785|dataStream:|priority:0|startupRole:FOLLOWER, f44b5222-54a3-4c74-8058-5f7be961e458|rpc:10.1.0.230:46269|dataStream:|priority:0|startupRole:FOLLOWER]|listeners:[], old=null
2022-11-07 13:36:28,149 [f44b5222-54a3-4c74-8058-5f7be961e458@group-5C8B4B862CE8-FollowerState] INFO  server.RaftServerConfigKeys (ConfUtils.java:logFallback(53)) - raft.server.rpc.first-election.timeout.min = 5s (fallback to raft.server.rpc.timeout.min)
2022-11-07 13:36:28,149 [f44b5222-54a3-4c74-8058-5f7be961e458@group-5C8B4B862CE8-FollowerState] INFO  server.RaftServerConfigKeys (ConfUtils.java:logFallback(53)) - raft.server.rpc.first-election.timeout.max = 5200ms (fallback to raft.server.rpc.timeout.max)
2022-11-07 13:36:28,149 [grpc-default-executor-1] INFO  server.RaftServer$Division (RaftServerImpl.java:requestVote(1251)) - 4d74b558-d58f-4526-92bd-479b7c3e5b6d@group-5C8B4B862CE8 replies to ELECTION vote request: beab5ca2-a546-402b-a260-2b44d337a1b6<-4d74b558-d58f-4526-92bd-479b7c3e5b6d#0:FAIL-t1. Peer's state: 4d74b558-d58f-4526-92bd-479b7c3e5b6d@group-5C8B4B862CE8:t1, leader=null, voted=null, raftlog=Memoized:4d74b558-d58f-4526-92bd-479b7c3e5b6d@group-5C8B4B862CE8-SegmentedRaftLog:OPENED:c-1, conf=-1: peers:[4d74b558-d58f-4526-92bd-479b7c3e5b6d|rpc:10.1.0.230:37651|dataStream:|priority:1|startupRole:FOLLOWER, beab5ca2-a546-402b-a260-2b44d337a1b6|rpc:10.1.0.230:40785|dataStream:|priority:0|startupRole:FOLLOWER, f44b5222-54a3-4c74-8058-5f7be961e458|rpc:10.1.0.230:46269|dataStream:|priority:0|startupRole:FOLLOWER]|listeners:[], old=null
2022-11-07 13:36:28,152 [beab5ca2-a546-402b-a260-2b44d337a1b6@group-5C8B4B862CE8-LeaderElection7] INFO  impl.LeaderElection (LeaderElection.java:logAndReturn(90)) - beab5ca2-a546-402b-a260-2b44d337a1b6@group-5C8B4B862CE8-LeaderElection7: ELECTION REJECTED received 2 response(s) and 0 exception(s):
2022-11-07 13:36:28,152 [beab5ca2-a546-402b-a260-2b44d337a1b6@group-5C8B4B862CE8-LeaderElection7] INFO  impl.LeaderElection (LeaderElection.java:logAndReturn(94)) -   Response 0: beab5ca2-a546-402b-a260-2b44d337a1b6<-4d74b558-d58f-4526-92bd-479b7c3e5b6d#0:FAIL-t1
2022-11-07 13:36:28,152 [beab5ca2-a546-402b-a260-2b44d337a1b6@group-5C8B4B862CE8-LeaderElection7] INFO  impl.LeaderElection (LeaderElection.java:logAndReturn(94)) -   Response 1: beab5ca2-a546-402b-a260-2b44d337a1b6<-f44b5222-54a3-4c74-8058-5f7be961e458#0:OK-t1
2022-11-07 13:36:28,152 [beab5ca2-a546-402b-a260-2b44d337a1b6@group-5C8B4B862CE8-LeaderElection7] INFO  impl.LeaderElection (LeaderElection.java:askForVotes(314)) - beab5ca2-a546-402b-a260-2b44d337a1b6@group-5C8B4B862CE8-LeaderElection7 ELECTION round 0: result REJECTED
2022-11-07 13:36:28,153 [beab5ca2-a546-402b-a260-2b44d337a1b6@group-5C8B4B862CE8-LeaderElection7] INFO  server.RaftServer$Division (RaftServerImpl.java:setRole(321)) - beab5ca2-a546-402b-a260-2b44d337a1b6@group-5C8B4B862CE8: changes role from CANDIDATE to FOLLOWER at term 1 for REJECTED
2022-11-07 13:36:28,153 [beab5ca2-a546-402b-a260-2b44d337a1b6@group-5C8B4B862CE8-LeaderElection7] INFO  impl.RoleInfo (RoleInfo.java:shutdownLeaderElection(130)) - beab5ca2-a546-402b-a260-2b44d337a1b6: shutdown beab5ca2-a546-402b-a260-2b44d337a1b6@group-5C8B4B862CE8-LeaderElection7
2022-11-07 13:36:28,153 [beab5ca2-a546-402b-a260-2b44d337a1b6@group-5C8B4B862CE8-LeaderElection7] INFO  impl.RoleInfo (RoleInfo.java:updateAndGet(139)) - beab5ca2-a546-402b-a260-2b44d337a1b6: start beab5ca2-a546-402b-a260-2b44d337a1b6@group-5C8B4B862CE8-FollowerState
2022-11-07 13:36:28,156 [beab5ca2-a546-402b-a260-2b44d337a1b6@group-5C8B4B862CE8-FollowerState] INFO  server.RaftServerConfigKeys (ConfUtils.java:logFallback(53)) - raft.server.rpc.first-election.timeout.min = 5s (fallback to raft.server.rpc.timeout.min)
2022-11-07 13:36:28,157 [beab5ca2-a546-402b-a260-2b44d337a1b6@group-5C8B4B862CE8-FollowerState] INFO  server.RaftServerConfigKeys (ConfUtils.java:logFallback(53)) - raft.server.rpc.first-election.timeout.max = 5200ms (fallback to raft.server.rpc.timeout.max)
2022-11-07 13:36:28,160 [beab5ca2-a546-402b-a260-2b44d337a1b6@group-C6A553F45D02-FollowerState] INFO  impl.FollowerState (FollowerState.java:run(143)) - beab5ca2-a546-402b-a260-2b44d337a1b6@group-C6A553F45D02-FollowerState: change to CANDIDATE, lastRpcElapsedTime:5192545086ns, electionTimeout:5187ms
2022-11-07 13:36:28,160 [beab5ca2-a546-402b-a260-2b44d337a1b6@group-C6A553F45D02-FollowerState] INFO  impl.RoleInfo (RoleInfo.java:shutdownFollowerState(110)) - beab5ca2-a546-402b-a260-2b44d337a1b6: shutdown beab5ca2-a546-402b-a260-2b44d337a1b6@group-C6A553F45D02-FollowerState
2022-11-07 13:36:28,160 [beab5ca2-a546-402b-a260-2b44d337a1b6@group-C6A553F45D02-FollowerState] INFO  server.RaftServer$Division (RaftServerImpl.java:setRole(321)) - beab5ca2-a546-402b-a260-2b44d337a1b6@group-C6A553F45D02: changes role from  FOLLOWER to CANDIDATE at term 0 for changeToCandidate
2022-11-07 13:36:28,161 [beab5ca2-a546-402b-a260-2b44d337a1b6@group-C6A553F45D02-FollowerState] INFO  server.RaftServerConfigKeys (ConfUtils.java:logGet(46)) - raft.server.leaderelection.pre-vote = false (custom)
2022-11-07 13:36:28,161 [beab5ca2-a546-402b-a260-2b44d337a1b6@group-C6A553F45D02-FollowerState] INFO  impl.RoleInfo (RoleInfo.java:updateAndGet(139)) - beab5ca2-a546-402b-a260-2b44d337a1b6: start beab5ca2-a546-402b-a260-2b44d337a1b6@group-C6A553F45D02-LeaderElection8
2022-11-07 13:36:28,163 [beab5ca2-a546-402b-a260-2b44d337a1b6@group-C6A553F45D02-LeaderElection8] INFO  impl.LeaderElection (LeaderElection.java:askForVotes(312)) - beab5ca2-a546-402b-a260-2b44d337a1b6@group-C6A553F45D02-LeaderElection8 ELECTION round 0: submit vote requests at term 1 for -1: peers:[beab5ca2-a546-402b-a260-2b44d337a1b6|rpc:10.1.0.230:40785|priority:1|startupRole:FOLLOWER]|listeners:[], old=null
2022-11-07 13:36:28,164 [beab5ca2-a546-402b-a260-2b44d337a1b6@group-C6A553F45D02-LeaderElection8] INFO  impl.LeaderElection (LeaderElection.java:askForVotes(314)) - beab5ca2-a546-402b-a260-2b44d337a1b6@group-C6A553F45D02-LeaderElection8 ELECTION round 0: result PASSED (term=1)
2022-11-07 13:36:28,164 [beab5ca2-a546-402b-a260-2b44d337a1b6@group-C6A553F45D02-LeaderElection8] INFO  impl.RoleInfo (RoleInfo.java:shutdownLeaderElection(130)) - beab5ca2-a546-402b-a260-2b44d337a1b6: shutdown beab5ca2-a546-402b-a260-2b44d337a1b6@group-C6A553F45D02-LeaderElection8
2022-11-07 13:36:28,164 [beab5ca2-a546-402b-a260-2b44d337a1b6@group-C6A553F45D02-LeaderElection8] INFO  server.RaftServer$Division (RaftServerImpl.java:setRole(321)) - beab5ca2-a546-402b-a260-2b44d337a1b6@group-C6A553F45D02: changes role from CANDIDATE to LEADER at term 1 for changeToLeader
2022-11-07 13:36:28,164 [beab5ca2-a546-402b-a260-2b44d337a1b6@group-C6A553F45D02-LeaderElection8] INFO  ratis.XceiverServerRatis (XceiverServerRatis.java:handleLeaderChangedNotification(863)) - Leader change notification received for group: group-C6A553F45D02 with new leaderId: beab5ca2-a546-402b-a260-2b44d337a1b6
2022-11-07 13:36:28,164 [beab5ca2-a546-402b-a260-2b44d337a1b6@group-C6A553F45D02-LeaderElection8] INFO  server.RaftServer$Division (ServerState.java:setLeader(313)) - beab5ca2-a546-402b-a260-2b44d337a1b6@group-C6A553F45D02: change Leader from null to beab5ca2-a546-402b-a260-2b44d337a1b6 at term 1 for becomeLeader, leader elected after 5218ms
2022-11-07 13:36:28,164 [beab5ca2-a546-402b-a260-2b44d337a1b6@group-C6A553F45D02-LeaderElection8] INFO  server.RaftServerConfigKeys (ConfUtils.java:logGet(46)) - raft.server.staging.catchup.gap = 1000 (default)
2022-11-07 13:36:28,164 [beab5ca2-a546-402b-a260-2b44d337a1b6@group-C6A553F45D02-LeaderElection8] INFO  server.RaftServerConfigKeys (ConfUtils.java:logGet(46)) - raft.server.write.element-limit = 1024 (custom)
2022-11-07 13:36:28,164 [beab5ca2-a546-402b-a260-2b44d337a1b6@group-C6A553F45D02-LeaderElection8] INFO  server.RaftServerConfigKeys (ConfUtils.java:logGet(46)) - raft.server.write.byte-limit = 1024 M (=1073741824) (custom)
2022-11-07 13:36:28,165 [EventQueue-OpenPipelineForHealthyPipelineSafeModeRule] INFO  safemode.SCMSafeModeManager (HealthyPipelineSafeModeRule.java:process(137)) - SCM in safe mode. Healthy pipelines reported count is 0, required healthy pipeline reported count is 1
2022-11-07 13:36:28,166 [beab5ca2-a546-402b-a260-2b44d337a1b6@group-C6A553F45D02-LeaderElection8] INFO  server.RaftServerConfigKeys (ConfUtils.java:logGet(46)) - raft.server.watch.timeout = 180s (custom)
2022-11-07 13:36:28,166 [beab5ca2-a546-402b-a260-2b44d337a1b6@group-C6A553F45D02-LeaderElection8] INFO  server.RaftServerConfigKeys (ConfUtils.java:logGet(46)) - raft.server.watch.timeout.denomination = 1s (default)
2022-11-07 13:36:28,166 [beab5ca2-a546-402b-a260-2b44d337a1b6@group-C6A553F45D02-LeaderElection8] INFO  server.RaftServerConfigKeys (ConfUtils.java:logGet(46)) - raft.server.watch.element-limit = 65536 (default)
2022-11-07 13:36:28,166 [beab5ca2-a546-402b-a260-2b44d337a1b6@group-C6A553F45D02-LeaderElection8] INFO  server.RaftServerConfigKeys (ConfUtils.java:logGet(46)) - raft.server.write.element-limit = 1024 (custom)
2022-11-07 13:36:28,166 [beab5ca2-a546-402b-a260-2b44d337a1b6@group-C6A553F45D02-LeaderElection8] INFO  server.RaftServerConfigKeys (ConfUtils.java:logGet(46)) - raft.server.write.follower.gap.ratio.max = -1.0 (default)
2022-11-07 13:36:28,166 [beab5ca2-a546-402b-a260-2b44d337a1b6@group-C6A553F45D02-LeaderElection8] INFO  impl.RoleInfo (RoleInfo.java:updateAndGet(139)) - beab5ca2-a546-402b-a260-2b44d337a1b6: start beab5ca2-a546-402b-a260-2b44d337a1b6@group-C6A553F45D02-LeaderStateImpl
2022-11-07 13:36:28,166 [beab5ca2-a546-402b-a260-2b44d337a1b6@group-C6A553F45D02-LeaderElection8] INFO  segmented.SegmentedRaftLogWorker (SegmentedRaftLogWorker.java:startLogSegment(452)) - beab5ca2-a546-402b-a260-2b44d337a1b6@group-C6A553F45D02-SegmentedRaftLogWorker: Starting segment from index:0
2022-11-07 13:36:28,168 [beab5ca2-a546-402b-a260-2b44d337a1b6@group-C6A553F45D02-LeaderElection8] INFO  server.RaftServer$Division (ServerState.java:setRaftConf(430)) - beab5ca2-a546-402b-a260-2b44d337a1b6@group-C6A553F45D02: set configuration 0: peers:[beab5ca2-a546-402b-a260-2b44d337a1b6|rpc:10.1.0.230:40785|dataStream:|priority:1|startupRole:FOLLOWER]|listeners:[], old=null
2022-11-07 13:36:28,170 [beab5ca2-a546-402b-a260-2b44d337a1b6@group-C6A553F45D02-SegmentedRaftLogWorker] INFO  segmented.SegmentedRaftLogWorker (SegmentedRaftLogWorker.java:execute(656)) - beab5ca2-a546-402b-a260-2b44d337a1b6@group-C6A553F45D02-SegmentedRaftLogWorker: created new log segment /home/runner/work/ozone/ozone/hadoop-ozone/integration-test/target/test-dir/MiniOzoneClusterImpl-379115e4-4d75-40c4-81a6-8e72fe3ed5e1/datanode-3/data/ratis/d8c39f88-c01b-4b7d-b89b-c6a553f45d02/current/log_inprogress_0
2022-11-07 13:36:28,326 [beab5ca2-a546-402b-a260-2b44d337a1b6@group-097C8DE22D6C-FollowerState] INFO  impl.FollowerState (FollowerState.java:run(143)) - beab5ca2-a546-402b-a260-2b44d337a1b6@group-097C8DE22D6C-FollowerState: change to CANDIDATE, lastRpcElapsedTime:5194580310ns, electionTimeout:5192ms
2022-11-07 13:36:28,327 [beab5ca2-a546-402b-a260-2b44d337a1b6@group-097C8DE22D6C-FollowerState] INFO  impl.RoleInfo (RoleInfo.java:shutdownFollowerState(110)) - beab5ca2-a546-402b-a260-2b44d337a1b6: shutdown beab5ca2-a546-402b-a260-2b44d337a1b6@group-097C8DE22D6C-FollowerState
2022-11-07 13:36:28,327 [beab5ca2-a546-402b-a260-2b44d337a1b6@group-097C8DE22D6C-FollowerState] INFO  server.RaftServer$Division (RaftServerImpl.java:setRole(321)) - beab5ca2-a546-402b-a260-2b44d337a1b6@group-097C8DE22D6C: changes role from  FOLLOWER to CANDIDATE at term 0 for changeToCandidate
2022-11-07 13:36:28,327 [beab5ca2-a546-402b-a260-2b44d337a1b6@group-097C8DE22D6C-FollowerState] INFO  server.RaftServerConfigKeys (ConfUtils.java:logGet(46)) - raft.server.leaderelection.pre-vote = false (custom)
2022-11-07 13:36:28,327 [beab5ca2-a546-402b-a260-2b44d337a1b6@group-097C8DE22D6C-FollowerState] INFO  impl.RoleInfo (RoleInfo.java:updateAndGet(139)) - beab5ca2-a546-402b-a260-2b44d337a1b6: start beab5ca2-a546-402b-a260-2b44d337a1b6@group-097C8DE22D6C-LeaderElection9
2022-11-07 13:36:28,330 [beab5ca2-a546-402b-a260-2b44d337a1b6@group-097C8DE22D6C-LeaderElection9] INFO  impl.LeaderElection (LeaderElection.java:askForVotes(312)) - beab5ca2-a546-402b-a260-2b44d337a1b6@group-097C8DE22D6C-LeaderElection9 ELECTION round 0: submit vote requests at term 1 for -1: peers:[4d74b558-d58f-4526-92bd-479b7c3e5b6d|rpc:10.1.0.230:37651|priority:0|startupRole:FOLLOWER, beab5ca2-a546-402b-a260-2b44d337a1b6|rpc:10.1.0.230:40785|priority:1|startupRole:FOLLOWER, f44b5222-54a3-4c74-8058-5f7be961e458|rpc:10.1.0.230:46269|priority:0|startupRole:FOLLOWER]|listeners:[], old=null
2022-11-07 13:36:28,330 [beab5ca2-a546-402b-a260-2b44d337a1b6@group-097C8DE22D6C-LeaderElection9] INFO  server.RaftServerConfigKeys (ConfUtils.java:logFallback(53)) - raft.server.rpc.first-election.timeout.min = 5s (fallback to raft.server.rpc.timeout.min)
2022-11-07 13:36:28,330 [beab5ca2-a546-402b-a260-2b44d337a1b6@group-097C8DE22D6C-LeaderElection9] INFO  server.RaftServerConfigKeys (ConfUtils.java:logFallback(53)) - raft.server.rpc.first-election.timeout.max = 5200ms (fallback to raft.server.rpc.timeout.max)
2022-11-07 13:36:28,335 [grpc-default-executor-1] INFO  server.RaftServer$Division (RaftServerImpl.java:requestVote(1218)) - 4d74b558-d58f-4526-92bd-479b7c3e5b6d@group-097C8DE22D6C: receive requestVote(ELECTION, beab5ca2-a546-402b-a260-2b44d337a1b6, group-097C8DE22D6C, 1, (t:0, i:0))
2022-11-07 13:36:28,337 [grpc-default-executor-1] INFO  impl.VoteContext (VoteContext.java:log(48)) - 4d74b558-d58f-4526-92bd-479b7c3e5b6d@group-097C8DE22D6C-FOLLOWER: accept ELECTION from beab5ca2-a546-402b-a260-2b44d337a1b6: our priority 0 <= candidate's priority 1
2022-11-07 13:36:28,338 [grpc-default-executor-1] INFO  server.RaftServer$Division (RaftServerImpl.java:setRole(321)) - 4d74b558-d58f-4526-92bd-479b7c3e5b6d@group-097C8DE22D6C: changes role from  FOLLOWER to FOLLOWER at term 1 for candidate:beab5ca2-a546-402b-a260-2b44d337a1b6
2022-11-07 13:36:28,338 [grpc-default-executor-1] INFO  impl.RoleInfo (RoleInfo.java:shutdownFollowerState(110)) - 4d74b558-d58f-4526-92bd-479b7c3e5b6d: shutdown 4d74b558-d58f-4526-92bd-479b7c3e5b6d@group-097C8DE22D6C-FollowerState
2022-11-07 13:36:28,338 [grpc-default-executor-1] INFO  impl.RoleInfo (RoleInfo.java:updateAndGet(139)) - 4d74b558-d58f-4526-92bd-479b7c3e5b6d: start 4d74b558-d58f-4526-92bd-479b7c3e5b6d@group-097C8DE22D6C-FollowerState
2022-11-07 13:36:28,338 [4d74b558-d58f-4526-92bd-479b7c3e5b6d@group-097C8DE22D6C-FollowerState] INFO  impl.FollowerState (FollowerState.java:run(152)) - 4d74b558-d58f-4526-92bd-479b7c3e5b6d@group-097C8DE22D6C-FollowerState was interrupted
2022-11-07 13:36:28,338 [grpc-default-executor-0] INFO  server.RaftServer$Division (RaftServerImpl.java:requestVote(1218)) - f44b5222-54a3-4c74-8058-5f7be961e458@group-097C8DE22D6C: receive requestVote(ELECTION, beab5ca2-a546-402b-a260-2b44d337a1b6, group-097C8DE22D6C, 1, (t:0, i:0))
2022-11-07 13:36:28,338 [grpc-default-executor-0] INFO  impl.VoteContext (VoteContext.java:log(48)) - f44b5222-54a3-4c74-8058-5f7be961e458@group-097C8DE22D6C-FOLLOWER: accept ELECTION from beab5ca2-a546-402b-a260-2b44d337a1b6: our priority 0 <= candidate's priority 1
2022-11-07 13:36:28,338 [grpc-default-executor-0] INFO  server.RaftServer$Division (RaftServerImpl.java:setRole(321)) - f44b5222-54a3-4c74-8058-5f7be961e458@group-097C8DE22D6C: changes role from  FOLLOWER to FOLLOWER at term 1 for candidate:beab5ca2-a546-402b-a260-2b44d337a1b6
2022-11-07 13:36:28,338 [grpc-default-executor-0] INFO  impl.RoleInfo (RoleInfo.java:shutdownFollowerState(110)) - f44b5222-54a3-4c74-8058-5f7be961e458: shutdown f44b5222-54a3-4c74-8058-5f7be961e458@group-097C8DE22D6C-FollowerState
2022-11-07 13:36:28,344 [f44b5222-54a3-4c74-8058-5f7be961e458@group-097C8DE22D6C-FollowerState] INFO  impl.FollowerState (FollowerState.java:run(152)) - f44b5222-54a3-4c74-8058-5f7be961e458@group-097C8DE22D6C-FollowerState was interrupted
2022-11-07 13:36:28,344 [grpc-default-executor-0] INFO  impl.RoleInfo (RoleInfo.java:updateAndGet(139)) - f44b5222-54a3-4c74-8058-5f7be961e458: start f44b5222-54a3-4c74-8058-5f7be961e458@group-097C8DE22D6C-FollowerState
2022-11-07 13:36:28,345 [4d74b558-d58f-4526-92bd-479b7c3e5b6d@group-097C8DE22D6C-FollowerState] INFO  server.RaftServerConfigKeys (ConfUtils.java:logFallback(53)) - raft.server.rpc.first-election.timeout.min = 5s (fallback to raft.server.rpc.timeout.min)
2022-11-07 13:36:28,346 [4d74b558-d58f-4526-92bd-479b7c3e5b6d@group-097C8DE22D6C-FollowerState] INFO  server.RaftServerConfigKeys (ConfUtils.java:logFallback(53)) - raft.server.rpc.first-election.timeout.max = 5200ms (fallback to raft.server.rpc.timeout.max)
2022-11-07 13:36:28,346 [f44b5222-54a3-4c74-8058-5f7be961e458@group-097C8DE22D6C-FollowerState] INFO  server.RaftServerConfigKeys (ConfUtils.java:logFallback(53)) - raft.server.rpc.first-election.timeout.min = 5s (fallback to raft.server.rpc.timeout.min)
2022-11-07 13:36:28,346 [grpc-default-executor-1] INFO  server.RaftServer$Division (RaftServerImpl.java:requestVote(1251)) - 4d74b558-d58f-4526-92bd-479b7c3e5b6d@group-097C8DE22D6C replies to ELECTION vote request: beab5ca2-a546-402b-a260-2b44d337a1b6<-4d74b558-d58f-4526-92bd-479b7c3e5b6d#0:OK-t1. Peer's state: 4d74b558-d58f-4526-92bd-479b7c3e5b6d@group-097C8DE22D6C:t1, leader=null, voted=beab5ca2-a546-402b-a260-2b44d337a1b6, raftlog=Memoized:4d74b558-d58f-4526-92bd-479b7c3e5b6d@group-097C8DE22D6C-SegmentedRaftLog:OPENED:c-1, conf=-1: peers:[4d74b558-d58f-4526-92bd-479b7c3e5b6d|rpc:10.1.0.230:37651|dataStream:|priority:0|startupRole:FOLLOWER, beab5ca2-a546-402b-a260-2b44d337a1b6|rpc:10.1.0.230:40785|dataStream:|priority:1|startupRole:FOLLOWER, f44b5222-54a3-4c74-8058-5f7be961e458|rpc:10.1.0.230:46269|dataStream:|priority:0|startupRole:FOLLOWER]|listeners:[], old=null
2022-11-07 13:36:28,348 [grpc-default-executor-0] INFO  server.RaftServer$Division (RaftServerImpl.java:requestVote(1251)) - f44b5222-54a3-4c74-8058-5f7be961e458@group-097C8DE22D6C replies to ELECTION vote request: beab5ca2-a546-402b-a260-2b44d337a1b6<-f44b5222-54a3-4c74-8058-5f7be961e458#0:OK-t1. Peer's state: f44b5222-54a3-4c74-8058-5f7be961e458@group-097C8DE22D6C:t1, leader=null, voted=beab5ca2-a546-402b-a260-2b44d337a1b6, raftlog=Memoized:f44b5222-54a3-4c74-8058-5f7be961e458@group-097C8DE22D6C-SegmentedRaftLog:OPENED:c-1, conf=-1: peers:[4d74b558-d58f-4526-92bd-479b7c3e5b6d|rpc:10.1.0.230:37651|dataStream:|priority:0|startupRole:FOLLOWER, beab5ca2-a546-402b-a260-2b44d337a1b6|rpc:10.1.0.230:40785|dataStream:|priority:1|startupRole:FOLLOWER, f44b5222-54a3-4c74-8058-5f7be961e458|rpc:10.1.0.230:46269|dataStream:|priority:0|startupRole:FOLLOWER]|listeners:[], old=null
2022-11-07 13:36:28,350 [beab5ca2-a546-402b-a260-2b44d337a1b6@group-097C8DE22D6C-LeaderElection9] INFO  impl.LeaderElection (LeaderElection.java:logAndReturn(90)) - beab5ca2-a546-402b-a260-2b44d337a1b6@group-097C8DE22D6C-LeaderElection9: ELECTION PASSED received 1 response(s) and 0 exception(s):
2022-11-07 13:36:28,354 [beab5ca2-a546-402b-a260-2b44d337a1b6@group-097C8DE22D6C-LeaderElection9] INFO  impl.LeaderElection (LeaderElection.java:logAndReturn(94)) -   Response 0: beab5ca2-a546-402b-a260-2b44d337a1b6<-4d74b558-d58f-4526-92bd-479b7c3e5b6d#0:OK-t1
2022-11-07 13:36:28,354 [beab5ca2-a546-402b-a260-2b44d337a1b6@group-097C8DE22D6C-LeaderElection9] INFO  impl.LeaderElection (LeaderElection.java:askForVotes(314)) - beab5ca2-a546-402b-a260-2b44d337a1b6@group-097C8DE22D6C-LeaderElection9 ELECTION round 0: result PASSED
2022-11-07 13:36:28,354 [beab5ca2-a546-402b-a260-2b44d337a1b6@group-097C8DE22D6C-LeaderElection9] INFO  impl.RoleInfo (RoleInfo.java:shutdownLeaderElection(130)) - beab5ca2-a546-402b-a260-2b44d337a1b6: shutdown beab5ca2-a546-402b-a260-2b44d337a1b6@group-097C8DE22D6C-LeaderElection9
2022-11-07 13:36:28,355 [beab5ca2-a546-402b-a260-2b44d337a1b6@group-097C8DE22D6C-LeaderElection9] INFO  server.RaftServer$Division (RaftServerImpl.java:setRole(321)) - beab5ca2-a546-402b-a260-2b44d337a1b6@group-097C8DE22D6C: changes role from CANDIDATE to LEADER at term 1 for changeToLeader
2022-11-07 13:36:28,355 [beab5ca2-a546-402b-a260-2b44d337a1b6@group-097C8DE22D6C-LeaderElection9] INFO  ratis.XceiverServerRatis (XceiverServerRatis.java:handleLeaderChangedNotification(863)) - Leader change notification received for group: group-097C8DE22D6C with new leaderId: beab5ca2-a546-402b-a260-2b44d337a1b6
2022-11-07 13:36:28,355 [beab5ca2-a546-402b-a260-2b44d337a1b6@group-097C8DE22D6C-LeaderElection9] INFO  server.RaftServer$Division (ServerState.java:setLeader(313)) - beab5ca2-a546-402b-a260-2b44d337a1b6@group-097C8DE22D6C: change Leader from null to beab5ca2-a546-402b-a260-2b44d337a1b6 at term 1 for becomeLeader, leader elected after 5236ms
2022-11-07 13:36:28,355 [beab5ca2-a546-402b-a260-2b44d337a1b6@group-097C8DE22D6C-LeaderElection9] INFO  server.RaftServerConfigKeys (ConfUtils.java:logGet(46)) - raft.server.staging.catchup.gap = 1000 (default)
2022-11-07 13:36:28,355 [beab5ca2-a546-402b-a260-2b44d337a1b6@group-097C8DE22D6C-LeaderElection9] INFO  server.RaftServerConfigKeys (ConfUtils.java:logGet(46)) - raft.server.write.element-limit = 1024 (custom)
2022-11-07 13:36:28,355 [beab5ca2-a546-402b-a260-2b44d337a1b6@group-097C8DE22D6C-LeaderElection9] INFO  server.RaftServerConfigKeys (ConfUtils.java:logGet(46)) - raft.server.write.byte-limit = 1024 M (=1073741824) (custom)
2022-11-07 13:36:28,356 [beab5ca2-a546-402b-a260-2b44d337a1b6@group-097C8DE22D6C-LeaderElection9] INFO  server.RaftServerConfigKeys (ConfUtils.java:logGet(46)) - raft.server.watch.timeout = 180s (custom)
2022-11-07 13:36:28,356 [beab5ca2-a546-402b-a260-2b44d337a1b6@group-097C8DE22D6C-LeaderElection9] INFO  server.RaftServerConfigKeys (ConfUtils.java:logGet(46)) - raft.server.watch.timeout.denomination = 1s (default)
2022-11-07 13:36:28,356 [beab5ca2-a546-402b-a260-2b44d337a1b6@group-097C8DE22D6C-LeaderElection9] INFO  server.RaftServerConfigKeys (ConfUtils.java:logGet(46)) - raft.server.watch.element-limit = 65536 (default)
2022-11-07 13:36:28,356 [beab5ca2-a546-402b-a260-2b44d337a1b6@group-097C8DE22D6C-LeaderElection9] INFO  server.RaftServerConfigKeys (ConfUtils.java:logGet(46)) - raft.server.write.element-limit = 1024 (custom)
2022-11-07 13:36:28,356 [beab5ca2-a546-402b-a260-2b44d337a1b6@group-097C8DE22D6C-LeaderElection9] INFO  server.RaftServerConfigKeys (ConfUtils.java:logGet(46)) - raft.server.write.follower.gap.ratio.max = -1.0 (default)
2022-11-07 13:36:28,357 [EventQueue-OpenPipelineForHealthyPipelineSafeModeRule] INFO  safemode.SCMSafeModeManager (HealthyPipelineSafeModeRule.java:process(137)) - SCM in safe mode. Healthy pipelines reported count is 0, required healthy pipeline reported count is 1
2022-11-07 13:36:28,358 [EventQueue-PipelineReportForPipelineReportHandler] INFO  pipeline.PipelineManagerImpl (PipelineManagerImpl.java:openPipeline(367)) - Pipeline Pipeline[ Id: 852bd3f1-67b1-4a6c-94da-097c8de22d6c, Nodes: 4d74b558-d58f-4526-92bd-479b7c3e5b6d{ip: 10.1.0.230, host: fv-az424-534.i1gjr3zuz4qevjy1zin2gin2ih.gx.internal.cloudapp.net, ports: [REPLICATION=44557, RATIS=37651, RATIS_ADMIN=37651, RATIS_SERVER=37651, STANDALONE=38649], networkLocation: /default-rack, certSerialId: null, persistedOpState: IN_SERVICE, persistedOpStateExpiryEpochSec: 0}f44b5222-54a3-4c74-8058-5f7be961e458{ip: 10.1.0.230, host: fv-az424-534.i1gjr3zuz4qevjy1zin2gin2ih.gx.internal.cloudapp.net, ports: [REPLICATION=46705, RATIS=46269, RATIS_ADMIN=46269, RATIS_SERVER=46269, STANDALONE=33407], networkLocation: /default-rack, certSerialId: null, persistedOpState: IN_SERVICE, persistedOpStateExpiryEpochSec: 0}beab5ca2-a546-402b-a260-2b44d337a1b6{ip: 10.1.0.230, host: fv-az424-534.i1gjr3zuz4qevjy1zin2gin2ih.gx.internal.cloudapp.net, ports: [REPLICATION=39613, RATIS=40785, RATIS_ADMIN=40785, RATIS_SERVER=40785, STANDALONE=46599], networkLocation: /default-rack, certSerialId: null, persistedOpState: IN_SERVICE, persistedOpStateExpiryEpochSec: 0}, ReplicationConfig: RATIS/THREE, State:ALLOCATED, leaderId:beab5ca2-a546-402b-a260-2b44d337a1b6, CreationTimestamp2022-11-07T13:36:20.582Z[Etc/UTC]] moved to OPEN state
2022-11-07 13:36:28,359 [EventQueue-OpenPipelineForHealthyPipelineSafeModeRule] INFO  safemode.SCMSafeModeManager (HealthyPipelineSafeModeRule.java:process(137)) - SCM in safe mode. Healthy pipelines reported count is 1, required healthy pipeline reported count is 1
2022-11-07 13:36:28,359 [EventQueue-OpenPipelineForHealthyPipelineSafeModeRule] INFO  safemode.SCMSafeModeManager (SCMSafeModeManager.java:validateSafeModeExitRules(204)) - HealthyPipelineSafeModeRule rule is successfully validated
2022-11-07 13:36:28,359 [EventQueue-OpenPipelineForHealthyPipelineSafeModeRule] INFO  safemode.SCMSafeModeManager (SCMSafeModeManager.java:validateSafeModeExitRules(219)) - ScmSafeModeManager, all rules are successfully validated
2022-11-07 13:36:28,359 [EventQueue-OpenPipelineForHealthyPipelineSafeModeRule] INFO  safemode.SCMSafeModeManager (SCMSafeModeManager.java:exitSafeMode(248)) - SCM exiting safe mode.
2022-11-07 13:36:28,359 [EventQueue-OpenPipelineForHealthyPipelineSafeModeRule] WARN  events.EventQueue (EventQueue.java:fireEvent(216)) - No event handler registered for event TypedEvent{payloadType=SafeModeStatus, name='Safe mode status'}
2022-11-07 13:36:28,359 [EventQueue-OpenPipelineForHealthyPipelineSafeModeRule] INFO  ha.SCMContext (SCMContext.java:updateSafeModeStatus(228)) - Update SafeModeStatus from SafeModeStatus{safeModeStatus=true, preCheckPassed=true} to SafeModeStatus{safeModeStatus=false, preCheckPassed=true}.
2022-11-07 13:36:28,359 [EventQueue-OpenPipelineForHealthyPipelineSafeModeRule] INFO  pipeline.BackgroundPipelineCreator (BackgroundPipelineCreator.java:notifyStatusChanged(254)) - Service BackgroundPipelineCreator transitions to RUNNING.
2022-11-07 13:36:28,359 [EventQueue-OpenPipelineForHealthyPipelineSafeModeRule] INFO  BackgroundPipelineScrubber (BackgroundSCMService.java:notifyStatusChanged(82)) - Service BackgroundPipelineScrubber transitions to RUNNING.
2022-11-07 13:36:28,359 [EventQueue-OpenPipelineForHealthyPipelineSafeModeRule] INFO  ExpiredContainerReplicaOpScrubber (BackgroundSCMService.java:notifyStatusChanged(82)) - Service ExpiredContainerReplicaOpScrubber transitions to RUNNING.
2022-11-07 13:36:28,359 [EventQueue-OpenPipelineForHealthyPipelineSafeModeRule] INFO  replication.ReplicationManager (ReplicationManager.java:notifyStatusChanged(798)) - Service ReplicationManager transitions to RUNNING.
2022-11-07 13:36:28,362 [EventQueue-OpenPipelineForHealthyPipelineSafeModeRule] WARN  balancer.ContainerBalancer (ContainerBalancer.java:shouldRun(131)) - Could not find persisted configuration for ContainerBalancer when checking if ContainerBalancer should run. ContainerBalancer should not run now.
2022-11-07 13:36:28,355 [f44b5222-54a3-4c74-8058-5f7be961e458@group-097C8DE22D6C-FollowerState] INFO  server.RaftServerConfigKeys (ConfUtils.java:logFallback(53)) - raft.server.rpc.first-election.timeout.max = 5200ms (fallback to raft.server.rpc.timeout.max)
2022-11-07 13:36:28,367 [f44b5222-54a3-4c74-8058-5f7be961e458@group-FE1280EB22FA-FollowerState] INFO  impl.FollowerState (FollowerState.java:run(143)) - f44b5222-54a3-4c74-8058-5f7be961e458@group-FE1280EB22FA-FollowerState: change to CANDIDATE, lastRpcElapsedTime:5101044832ns, electionTimeout:5098ms
2022-11-07 13:36:28,368 [f44b5222-54a3-4c74-8058-5f7be961e458@group-FE1280EB22FA-FollowerState] INFO  impl.RoleInfo (RoleInfo.java:shutdownFollowerState(110)) - f44b5222-54a3-4c74-8058-5f7be961e458: shutdown f44b5222-54a3-4c74-8058-5f7be961e458@group-FE1280EB22FA-FollowerState
2022-11-07 13:36:28,368 [f44b5222-54a3-4c74-8058-5f7be961e458@group-FE1280EB22FA-FollowerState] INFO  server.RaftServer$Division (RaftServerImpl.java:setRole(321)) - f44b5222-54a3-4c74-8058-5f7be961e458@group-FE1280EB22FA: changes role from  FOLLOWER to CANDIDATE at term 0 for changeToCandidate
2022-11-07 13:36:28,368 [f44b5222-54a3-4c74-8058-5f7be961e458@group-FE1280EB22FA-FollowerState] INFO  server.RaftServerConfigKeys (ConfUtils.java:logGet(46)) - raft.server.leaderelection.pre-vote = false (custom)
2022-11-07 13:36:28,368 [f44b5222-54a3-4c74-8058-5f7be961e458@group-FE1280EB22FA-FollowerState] INFO  impl.RoleInfo (RoleInfo.java:updateAndGet(139)) - f44b5222-54a3-4c74-8058-5f7be961e458: start f44b5222-54a3-4c74-8058-5f7be961e458@group-FE1280EB22FA-LeaderElection10
2022-11-07 13:36:28,371 [beab5ca2-a546-402b-a260-2b44d337a1b6@group-097C8DE22D6C-LeaderElection9] INFO  server.RaftServerConfigKeys (ConfUtils.java:logGet(46)) - raft.server.log.appender.snapshot.chunk.size.max = 16MB (=16777216) (default)
2022-11-07 13:36:28,371 [beab5ca2-a546-402b-a260-2b44d337a1b6@group-097C8DE22D6C-LeaderElection9] INFO  server.RaftServerConfigKeys (ConfUtils.java:logGet(46)) - raft.server.log.appender.buffer.byte-limit = 33554432 (custom)
2022-11-07 13:36:28,372 [beab5ca2-a546-402b-a260-2b44d337a1b6@group-097C8DE22D6C-LeaderElection9] INFO  server.RaftServerConfigKeys (ConfUtils.java:logGet(46)) - raft.server.log.appender.buffer.element-limit = 1 (custom)
2022-11-07 13:36:28,375 [beab5ca2-a546-402b-a260-2b44d337a1b6@group-097C8DE22D6C-LeaderElection9] INFO  grpc.GrpcConfigKeys (ConfUtils.java:logGet(46)) - raft.grpc.server.leader.outstanding.appends.max = 128 (default)
2022-11-07 13:36:28,375 [beab5ca2-a546-402b-a260-2b44d337a1b6@group-097C8DE22D6C-LeaderElection9] INFO  server.RaftServerConfigKeys (ConfUtils.java:logGet(46)) - raft.server.rpc.request.timeout = 60s (custom)
2022-11-07 13:36:28,375 [beab5ca2-a546-402b-a260-2b44d337a1b6@group-097C8DE22D6C-LeaderElection9] INFO  server.RaftServerConfigKeys (ConfUtils.java:logGet(46)) - raft.server.log.appender.install.snapshot.enabled = false (custom)
2022-11-07 13:36:28,375 [beab5ca2-a546-402b-a260-2b44d337a1b6@group-097C8DE22D6C-LeaderElection9] INFO  grpc.GrpcConfigKeys (ConfUtils.java:logGet(46)) - raft.grpc.server.heartbeat.channel = true (default)
2022-11-07 13:36:28,375 [beab5ca2-a546-402b-a260-2b44d337a1b6@group-097C8DE22D6C-LeaderElection9] INFO  server.RaftServerConfigKeys (ConfUtils.java:logGet(46)) - raft.server.log.appender.wait-time.min = 10ms (default)
2022-11-07 13:36:28,375 [f44b5222-54a3-4c74-8058-5f7be961e458@group-FE1280EB22FA-LeaderElection10] INFO  impl.LeaderElection (LeaderElection.java:askForVotes(312)) - f44b5222-54a3-4c74-8058-5f7be961e458@group-FE1280EB22FA-LeaderElection10 ELECTION round 0: submit vote requests at term 1 for -1: peers:[f44b5222-54a3-4c74-8058-5f7be961e458|rpc:10.1.0.230:46269|priority:1|startupRole:FOLLOWER]|listeners:[], old=null
2022-11-07 13:36:28,376 [f44b5222-54a3-4c74-8058-5f7be961e458@group-FE1280EB22FA-LeaderElection10] INFO  impl.LeaderElection (LeaderElection.java:askForVotes(314)) - f44b5222-54a3-4c74-8058-5f7be961e458@group-FE1280EB22FA-LeaderElection10 ELECTION round 0: result PASSED (term=1)
2022-11-07 13:36:28,376 [f44b5222-54a3-4c74-8058-5f7be961e458@group-FE1280EB22FA-LeaderElection10] INFO  impl.RoleInfo (RoleInfo.java:shutdownLeaderElection(130)) - f44b5222-54a3-4c74-8058-5f7be961e458: shutdown f44b5222-54a3-4c74-8058-5f7be961e458@group-FE1280EB22FA-LeaderElection10
2022-11-07 13:36:28,377 [f44b5222-54a3-4c74-8058-5f7be961e458@group-FE1280EB22FA-LeaderElection10] INFO  server.RaftServer$Division (RaftServerImpl.java:setRole(321)) - f44b5222-54a3-4c74-8058-5f7be961e458@group-FE1280EB22FA: changes role from CANDIDATE to LEADER at term 1 for changeToLeader
2022-11-07 13:36:28,377 [f44b5222-54a3-4c74-8058-5f7be961e458@group-FE1280EB22FA-LeaderElection10] INFO  ratis.XceiverServerRatis (XceiverServerRatis.java:handleLeaderChangedNotification(863)) - Leader change notification received for group: group-FE1280EB22FA with new leaderId: f44b5222-54a3-4c74-8058-5f7be961e458
2022-11-07 13:36:28,377 [beab5ca2-a546-402b-a260-2b44d337a1b6@group-097C8DE22D6C-LeaderElection9] INFO  server.RaftServerConfigKeys (ConfUtils.java:logGet(46)) - raft.server.log.appender.snapshot.chunk.size.max = 16MB (=16777216) (default)
2022-11-07 13:36:28,377 [beab5ca2-a546-402b-a260-2b44d337a1b6@group-097C8DE22D6C-LeaderElection9] INFO  server.RaftServerConfigKeys (ConfUtils.java:logGet(46)) - raft.server.log.appender.buffer.byte-limit = 33554432 (custom)
2022-11-07 13:36:28,377 [beab5ca2-a546-402b-a260-2b44d337a1b6@group-097C8DE22D6C-LeaderElection9] INFO  server.RaftServerConfigKeys (ConfUtils.java:logGet(46)) - raft.server.log.appender.buffer.element-limit = 1 (custom)
2022-11-07 13:36:28,377 [beab5ca2-a546-402b-a260-2b44d337a1b6@group-097C8DE22D6C-LeaderElection9] INFO  grpc.GrpcConfigKeys (ConfUtils.java:logGet(46)) - raft.grpc.server.leader.outstanding.appends.max = 128 (default)
2022-11-07 13:36:28,378 [beab5ca2-a546-402b-a260-2b44d337a1b6@group-097C8DE22D6C-LeaderElection9] INFO  server.RaftServerConfigKeys (ConfUtils.java:logGet(46)) - raft.server.rpc.request.timeout = 60s (custom)
2022-11-07 13:36:28,378 [beab5ca2-a546-402b-a260-2b44d337a1b6@group-097C8DE22D6C-LeaderElection9] INFO  server.RaftServerConfigKeys (ConfUtils.java:logGet(46)) - raft.server.log.appender.install.snapshot.enabled = false (custom)
2022-11-07 13:36:28,378 [beab5ca2-a546-402b-a260-2b44d337a1b6@group-097C8DE22D6C-LeaderElection9] INFO  grpc.GrpcConfigKeys (ConfUtils.java:logGet(46)) - raft.grpc.server.heartbeat.channel = true (default)
2022-11-07 13:36:28,378 [beab5ca2-a546-402b-a260-2b44d337a1b6@group-097C8DE22D6C-LeaderElection9] INFO  server.RaftServerConfigKeys (ConfUtils.java:logGet(46)) - raft.server.log.appender.wait-time.min = 10ms (default)
2022-11-07 13:36:28,379 [beab5ca2-a546-402b-a260-2b44d337a1b6@group-097C8DE22D6C-LeaderElection9] INFO  impl.RoleInfo (RoleInfo.java:updateAndGet(139)) - beab5ca2-a546-402b-a260-2b44d337a1b6: start beab5ca2-a546-402b-a260-2b44d337a1b6@group-097C8DE22D6C-LeaderStateImpl
2022-11-07 13:36:28,379 [beab5ca2-a546-402b-a260-2b44d337a1b6@group-097C8DE22D6C-LeaderElection9] INFO  segmented.SegmentedRaftLogWorker (SegmentedRaftLogWorker.java:startLogSegment(452)) - beab5ca2-a546-402b-a260-2b44d337a1b6@group-097C8DE22D6C-SegmentedRaftLogWorker: Starting segment from index:0
2022-11-07 13:36:28,379 [f44b5222-54a3-4c74-8058-5f7be961e458@group-FE1280EB22FA-LeaderElection10] INFO  server.RaftServer$Division (ServerState.java:setLeader(313)) - f44b5222-54a3-4c74-8058-5f7be961e458@group-FE1280EB22FA: change Leader from null to f44b5222-54a3-4c74-8058-5f7be961e458 at term 1 for becomeLeader, leader elected after 5123ms
2022-11-07 13:36:28,379 [f44b5222-54a3-4c74-8058-5f7be961e458@group-FE1280EB22FA-LeaderElection10] INFO  server.RaftServerConfigKeys (ConfUtils.java:logGet(46)) - raft.server.staging.catchup.gap = 1000 (default)
2022-11-07 13:36:28,379 [f44b5222-54a3-4c74-8058-5f7be961e458@group-FE1280EB22FA-LeaderElection10] INFO  server.RaftServerConfigKeys (ConfUtils.java:logGet(46)) - raft.server.write.element-limit = 1024 (custom)
2022-11-07 13:36:28,379 [f44b5222-54a3-4c74-8058-5f7be961e458@group-FE1280EB22FA-LeaderElection10] INFO  server.RaftServerConfigKeys (ConfUtils.java:logGet(46)) - raft.server.write.byte-limit = 1024 M (=1073741824) (custom)
2022-11-07 13:36:28,393 [beab5ca2-a546-402b-a260-2b44d337a1b6@group-097C8DE22D6C-LeaderElection9] INFO  server.RaftServer$Division (ServerState.java:setRaftConf(430)) - beab5ca2-a546-402b-a260-2b44d337a1b6@group-097C8DE22D6C: set configuration 0: peers:[4d74b558-d58f-4526-92bd-479b7c3e5b6d|rpc:10.1.0.230:37651|dataStream:|priority:0|startupRole:FOLLOWER, beab5ca2-a546-402b-a260-2b44d337a1b6|rpc:10.1.0.230:40785|dataStream:|priority:1|startupRole:FOLLOWER, f44b5222-54a3-4c74-8058-5f7be961e458|rpc:10.1.0.230:46269|dataStream:|priority:0|startupRole:FOLLOWER]|listeners:[], old=null
2022-11-07 13:36:28,394 [f44b5222-54a3-4c74-8058-5f7be961e458@group-FE1280EB22FA-LeaderElection10] INFO  server.RaftServerConfigKeys (ConfUtils.java:logGet(46)) - raft.server.watch.timeout = 180s (custom)
2022-11-07 13:36:28,394 [f44b5222-54a3-4c74-8058-5f7be961e458@group-FE1280EB22FA-LeaderElection10] INFO  server.RaftServerConfigKeys (ConfUtils.java:logGet(46)) - raft.server.watch.timeout.denomination = 1s (default)
2022-11-07 13:36:28,395 [f44b5222-54a3-4c74-8058-5f7be961e458@group-FE1280EB22FA-LeaderElection10] INFO  server.RaftServerConfigKeys (ConfUtils.java:logGet(46)) - raft.server.watch.element-limit = 65536 (default)
2022-11-07 13:36:28,395 [f44b5222-54a3-4c74-8058-5f7be961e458@group-FE1280EB22FA-LeaderElection10] INFO  server.RaftServerConfigKeys (ConfUtils.java:logGet(46)) - raft.server.write.element-limit = 1024 (custom)
2022-11-07 13:36:28,395 [f44b5222-54a3-4c74-8058-5f7be961e458@group-FE1280EB22FA-LeaderElection10] INFO  server.RaftServerConfigKeys (ConfUtils.java:logGet(46)) - raft.server.write.follower.gap.ratio.max = -1.0 (default)
2022-11-07 13:36:28,395 [f44b5222-54a3-4c74-8058-5f7be961e458@group-FE1280EB22FA-LeaderElection10] INFO  impl.RoleInfo (RoleInfo.java:updateAndGet(139)) - f44b5222-54a3-4c74-8058-5f7be961e458: start f44b5222-54a3-4c74-8058-5f7be961e458@group-FE1280EB22FA-LeaderStateImpl
2022-11-07 13:36:28,396 [beab5ca2-a546-402b-a260-2b44d337a1b6@group-097C8DE22D6C-SegmentedRaftLogWorker] INFO  segmented.SegmentedRaftLogWorker (SegmentedRaftLogWorker.java:execute(656)) - beab5ca2-a546-402b-a260-2b44d337a1b6@group-097C8DE22D6C-SegmentedRaftLogWorker: created new log segment /home/runner/work/ozone/ozone/hadoop-ozone/integration-test/target/test-dir/MiniOzoneClusterImpl-379115e4-4d75-40c4-81a6-8e72fe3ed5e1/datanode-3/data/ratis/852bd3f1-67b1-4a6c-94da-097c8de22d6c/current/log_inprogress_0
2022-11-07 13:36:28,397 [f44b5222-54a3-4c74-8058-5f7be961e458@group-FE1280EB22FA-LeaderElection10] INFO  segmented.SegmentedRaftLogWorker (SegmentedRaftLogWorker.java:startLogSegment(452)) - f44b5222-54a3-4c74-8058-5f7be961e458@group-FE1280EB22FA-SegmentedRaftLogWorker: Starting segment from index:0
2022-11-07 13:36:28,398 [f44b5222-54a3-4c74-8058-5f7be961e458@group-FE1280EB22FA-SegmentedRaftLogWorker] INFO  segmented.SegmentedRaftLogWorker (SegmentedRaftLogWorker.java:execute(656)) - f44b5222-54a3-4c74-8058-5f7be961e458@group-FE1280EB22FA-SegmentedRaftLogWorker: created new log segment /home/runner/work/ozone/ozone/hadoop-ozone/integration-test/target/test-dir/MiniOzoneClusterImpl-379115e4-4d75-40c4-81a6-8e72fe3ed5e1/datanode-4/data/ratis/2ec167ac-a17a-424e-b570-fe1280eb22fa/current/log_inprogress_0
2022-11-07 13:36:28,411 [f44b5222-54a3-4c74-8058-5f7be961e458@group-FE1280EB22FA-LeaderElection10] INFO  server.RaftServer$Division (ServerState.java:setRaftConf(430)) - f44b5222-54a3-4c74-8058-5f7be961e458@group-FE1280EB22FA: set configuration 0: peers:[f44b5222-54a3-4c74-8058-5f7be961e458|rpc:10.1.0.230:46269|dataStream:|priority:1|startupRole:FOLLOWER]|listeners:[], old=null
2022-11-07 13:36:28,446 [f44b5222-54a3-4c74-8058-5f7be961e458-server-thread1] INFO  ratis.XceiverServerRatis (XceiverServerRatis.java:handleLeaderChangedNotification(863)) - Leader change notification received for group: group-097C8DE22D6C with new leaderId: beab5ca2-a546-402b-a260-2b44d337a1b6
2022-11-07 13:36:28,446 [f44b5222-54a3-4c74-8058-5f7be961e458-server-thread1] INFO  server.RaftServer$Division (ServerState.java:setLeader(313)) - f44b5222-54a3-4c74-8058-5f7be961e458@group-097C8DE22D6C: change Leader from null to beab5ca2-a546-402b-a260-2b44d337a1b6 at term 1 for appendEntries, leader elected after 5257ms
2022-11-07 13:36:28,449 [4d74b558-d58f-4526-92bd-479b7c3e5b6d-server-thread1] INFO  ratis.XceiverServerRatis (XceiverServerRatis.java:handleLeaderChangedNotification(863)) - Leader change notification received for group: group-097C8DE22D6C with new leaderId: beab5ca2-a546-402b-a260-2b44d337a1b6
2022-11-07 13:36:28,449 [4d74b558-d58f-4526-92bd-479b7c3e5b6d-server-thread1] INFO  server.RaftServer$Division (ServerState.java:setLeader(313)) - 4d74b558-d58f-4526-92bd-479b7c3e5b6d@group-097C8DE22D6C: change Leader from null to beab5ca2-a546-402b-a260-2b44d337a1b6 at term 1 for appendEntries, leader elected after 5290ms
2022-11-07 13:36:28,453 [f44b5222-54a3-4c74-8058-5f7be961e458-server-thread1] INFO  server.RaftServer$Division (ServerState.java:setRaftConf(430)) - f44b5222-54a3-4c74-8058-5f7be961e458@group-097C8DE22D6C: set configuration 0: peers:[4d74b558-d58f-4526-92bd-479b7c3e5b6d|rpc:10.1.0.230:37651|dataStream:|priority:0|startupRole:FOLLOWER, beab5ca2-a546-402b-a260-2b44d337a1b6|rpc:10.1.0.230:40785|dataStream:|priority:1|startupRole:FOLLOWER, f44b5222-54a3-4c74-8058-5f7be961e458|rpc:10.1.0.230:46269|dataStream:|priority:0|startupRole:FOLLOWER]|listeners:[], old=null
2022-11-07 13:36:28,454 [f44b5222-54a3-4c74-8058-5f7be961e458-server-thread1] INFO  segmented.SegmentedRaftLogWorker (SegmentedRaftLogWorker.java:startLogSegment(452)) - f44b5222-54a3-4c74-8058-5f7be961e458@group-097C8DE22D6C-SegmentedRaftLogWorker: Starting segment from index:0
2022-11-07 13:36:28,456 [4d74b558-d58f-4526-92bd-479b7c3e5b6d-server-thread3] INFO  server.RaftServer$Division (ServerState.java:setRaftConf(430)) - 4d74b558-d58f-4526-92bd-479b7c3e5b6d@group-097C8DE22D6C: set configuration 0: peers:[4d74b558-d58f-4526-92bd-479b7c3e5b6d|rpc:10.1.0.230:37651|dataStream:|priority:0|startupRole:FOLLOWER, beab5ca2-a546-402b-a260-2b44d337a1b6|rpc:10.1.0.230:40785|dataStream:|priority:1|startupRole:FOLLOWER, f44b5222-54a3-4c74-8058-5f7be961e458|rpc:10.1.0.230:46269|dataStream:|priority:0|startupRole:FOLLOWER]|listeners:[], old=null
2022-11-07 13:36:28,456 [4d74b558-d58f-4526-92bd-479b7c3e5b6d-server-thread3] INFO  segmented.SegmentedRaftLogWorker (SegmentedRaftLogWorker.java:startLogSegment(452)) - 4d74b558-d58f-4526-92bd-479b7c3e5b6d@group-097C8DE22D6C-SegmentedRaftLogWorker: Starting segment from index:0
2022-11-07 13:36:28,456 [f44b5222-54a3-4c74-8058-5f7be961e458@group-097C8DE22D6C-SegmentedRaftLogWorker] INFO  segmented.SegmentedRaftLogWorker (SegmentedRaftLogWorker.java:execute(656)) - f44b5222-54a3-4c74-8058-5f7be961e458@group-097C8DE22D6C-SegmentedRaftLogWorker: created new log segment /home/runner/work/ozone/ozone/hadoop-ozone/integration-test/target/test-dir/MiniOzoneClusterImpl-379115e4-4d75-40c4-81a6-8e72fe3ed5e1/datanode-4/data/ratis/852bd3f1-67b1-4a6c-94da-097c8de22d6c/current/log_inprogress_0
2022-11-07 13:36:28,459 [4d74b558-d58f-4526-92bd-479b7c3e5b6d@group-097C8DE22D6C-SegmentedRaftLogWorker] INFO  segmented.SegmentedRaftLogWorker (SegmentedRaftLogWorker.java:execute(656)) - 4d74b558-d58f-4526-92bd-479b7c3e5b6d@group-097C8DE22D6C-SegmentedRaftLogWorker: created new log segment /home/runner/work/ozone/ozone/hadoop-ozone/integration-test/target/test-dir/MiniOzoneClusterImpl-379115e4-4d75-40c4-81a6-8e72fe3ed5e1/datanode-5/data/ratis/852bd3f1-67b1-4a6c-94da-097c8de22d6c/current/log_inprogress_0
2022-11-07 13:36:28,701 [4d74b558-d58f-4526-92bd-479b7c3e5b6d@group-57E3AF7B6218-FollowerState] INFO  impl.FollowerState (FollowerState.java:run(143)) - 4d74b558-d58f-4526-92bd-479b7c3e5b6d@group-57E3AF7B6218-FollowerState: change to CANDIDATE, lastRpcElapsedTime:5112548457ns, electionTimeout:5111ms
2022-11-07 13:36:28,701 [4d74b558-d58f-4526-92bd-479b7c3e5b6d@group-57E3AF7B6218-FollowerState] INFO  impl.RoleInfo (RoleInfo.java:shutdownFollowerState(110)) - 4d74b558-d58f-4526-92bd-479b7c3e5b6d: shutdown 4d74b558-d58f-4526-92bd-479b7c3e5b6d@group-57E3AF7B6218-FollowerState
2022-11-07 13:36:28,701 [4d74b558-d58f-4526-92bd-479b7c3e5b6d@group-57E3AF7B6218-FollowerState] INFO  server.RaftServer$Division (RaftServerImpl.java:setRole(321)) - 4d74b558-d58f-4526-92bd-479b7c3e5b6d@group-57E3AF7B6218: changes role from  FOLLOWER to CANDIDATE at term 0 for changeToCandidate
2022-11-07 13:36:28,701 [4d74b558-d58f-4526-92bd-479b7c3e5b6d@group-57E3AF7B6218-FollowerState] INFO  server.RaftServerConfigKeys (ConfUtils.java:logGet(46)) - raft.server.leaderelection.pre-vote = false (custom)
2022-11-07 13:36:28,701 [4d74b558-d58f-4526-92bd-479b7c3e5b6d@group-57E3AF7B6218-FollowerState] INFO  impl.RoleInfo (RoleInfo.java:updateAndGet(139)) - 4d74b558-d58f-4526-92bd-479b7c3e5b6d: start 4d74b558-d58f-4526-92bd-479b7c3e5b6d@group-57E3AF7B6218-LeaderElection11
2022-11-07 13:36:28,705 [4d74b558-d58f-4526-92bd-479b7c3e5b6d@group-57E3AF7B6218-LeaderElection11] INFO  impl.LeaderElection (LeaderElection.java:askForVotes(312)) - 4d74b558-d58f-4526-92bd-479b7c3e5b6d@group-57E3AF7B6218-LeaderElection11 ELECTION round 0: submit vote requests at term 1 for -1: peers:[4d74b558-d58f-4526-92bd-479b7c3e5b6d|rpc:10.1.0.230:37651|priority:1|startupRole:FOLLOWER]|listeners:[], old=null
2022-11-07 13:36:28,705 [4d74b558-d58f-4526-92bd-479b7c3e5b6d@group-57E3AF7B6218-LeaderElection11] INFO  impl.LeaderElection (LeaderElection.java:askForVotes(314)) - 4d74b558-d58f-4526-92bd-479b7c3e5b6d@group-57E3AF7B6218-LeaderElection11 ELECTION round 0: result PASSED (term=1)
2022-11-07 13:36:28,705 [4d74b558-d58f-4526-92bd-479b7c3e5b6d@group-57E3AF7B6218-LeaderElection11] INFO  impl.RoleInfo (RoleInfo.java:shutdownLeaderElection(130)) - 4d74b558-d58f-4526-92bd-479b7c3e5b6d: shutdown 4d74b558-d58f-4526-92bd-479b7c3e5b6d@group-57E3AF7B6218-LeaderElection11
2022-11-07 13:36:28,705 [4d74b558-d58f-4526-92bd-479b7c3e5b6d@group-57E3AF7B6218-LeaderElection11] INFO  server.RaftServer$Division (RaftServerImpl.java:setRole(321)) - 4d74b558-d58f-4526-92bd-479b7c3e5b6d@group-57E3AF7B6218: changes role from CANDIDATE to LEADER at term 1 for changeToLeader
2022-11-07 13:36:28,705 [4d74b558-d58f-4526-92bd-479b7c3e5b6d@group-57E3AF7B6218-LeaderElection11] INFO  ratis.XceiverServerRatis (XceiverServerRatis.java:handleLeaderChangedNotification(863)) - Leader change notification received for group: group-57E3AF7B6218 with new leaderId: 4d74b558-d58f-4526-92bd-479b7c3e5b6d
2022-11-07 13:36:28,706 [4d74b558-d58f-4526-92bd-479b7c3e5b6d@group-57E3AF7B6218-LeaderElection11] INFO  server.RaftServer$Division (ServerState.java:setLeader(313)) - 4d74b558-d58f-4526-92bd-479b7c3e5b6d@group-57E3AF7B6218: change Leader from null to 4d74b558-d58f-4526-92bd-479b7c3e5b6d at term 1 for becomeLeader, leader elected after 5129ms
2022-11-07 13:36:28,706 [4d74b558-d58f-4526-92bd-479b7c3e5b6d@group-57E3AF7B6218-LeaderElection11] INFO  server.RaftServerConfigKeys (ConfUtils.java:logGet(46)) - raft.server.staging.catchup.gap = 1000 (default)
2022-11-07 13:36:28,706 [4d74b558-d58f-4526-92bd-479b7c3e5b6d@group-57E3AF7B6218-LeaderElection11] INFO  server.RaftServerConfigKeys (ConfUtils.java:logGet(46)) - raft.server.write.element-limit = 1024 (custom)
2022-11-07 13:36:28,708 [4d74b558-d58f-4526-92bd-479b7c3e5b6d@group-57E3AF7B6218-LeaderElection11] INFO  server.RaftServerConfigKeys (ConfUtils.java:logGet(46)) - raft.server.write.byte-limit = 1024 M (=1073741824) (custom)
2022-11-07 13:36:28,708 [4d74b558-d58f-4526-92bd-479b7c3e5b6d@group-57E3AF7B6218-LeaderElection11] INFO  server.RaftServerConfigKeys (ConfUtils.java:logGet(46)) - raft.server.watch.timeout = 180s (custom)
2022-11-07 13:36:28,708 [4d74b558-d58f-4526-92bd-479b7c3e5b6d@group-57E3AF7B6218-LeaderElection11] INFO  server.RaftServerConfigKeys (ConfUtils.java:logGet(46)) - raft.server.watch.timeout.denomination = 1s (default)
2022-11-07 13:36:28,708 [4d74b558-d58f-4526-92bd-479b7c3e5b6d@group-57E3AF7B6218-LeaderElection11] INFO  server.RaftServerConfigKeys (ConfUtils.java:logGet(46)) - raft.server.watch.element-limit = 65536 (default)
2022-11-07 13:36:28,709 [4d74b558-d58f-4526-92bd-479b7c3e5b6d@group-57E3AF7B6218-LeaderElection11] INFO  server.RaftServerConfigKeys (ConfUtils.java:logGet(46)) - raft.server.write.element-limit = 1024 (custom)
2022-11-07 13:36:28,709 [4d74b558-d58f-4526-92bd-479b7c3e5b6d@group-57E3AF7B6218-LeaderElection11] INFO  server.RaftServerConfigKeys (ConfUtils.java:logGet(46)) - raft.server.write.follower.gap.ratio.max = -1.0 (default)
2022-11-07 13:36:28,709 [4d74b558-d58f-4526-92bd-479b7c3e5b6d@group-57E3AF7B6218-LeaderElection11] INFO  impl.RoleInfo (RoleInfo.java:updateAndGet(139)) - 4d74b558-d58f-4526-92bd-479b7c3e5b6d: start 4d74b558-d58f-4526-92bd-479b7c3e5b6d@group-57E3AF7B6218-LeaderStateImpl
2022-11-07 13:36:28,709 [4d74b558-d58f-4526-92bd-479b7c3e5b6d@group-57E3AF7B6218-LeaderElection11] INFO  segmented.SegmentedRaftLogWorker (SegmentedRaftLogWorker.java:startLogSegment(452)) - 4d74b558-d58f-4526-92bd-479b7c3e5b6d@group-57E3AF7B6218-SegmentedRaftLogWorker: Starting segment from index:0
2022-11-07 13:36:28,713 [4d74b558-d58f-4526-92bd-479b7c3e5b6d@group-57E3AF7B6218-LeaderElection11] INFO  server.RaftServer$Division (ServerState.java:setRaftConf(430)) - 4d74b558-d58f-4526-92bd-479b7c3e5b6d@group-57E3AF7B6218: set configuration 0: peers:[4d74b558-d58f-4526-92bd-479b7c3e5b6d|rpc:10.1.0.230:37651|dataStream:|priority:1|startupRole:FOLLOWER]|listeners:[], old=null
2022-11-07 13:36:28,715 [4d74b558-d58f-4526-92bd-479b7c3e5b6d@group-57E3AF7B6218-SegmentedRaftLogWorker] INFO  segmented.SegmentedRaftLogWorker (SegmentedRaftLogWorker.java:execute(656)) - 4d74b558-d58f-4526-92bd-479b7c3e5b6d@group-57E3AF7B6218-SegmentedRaftLogWorker: created new log segment /home/runner/work/ozone/ozone/hadoop-ozone/integration-test/target/test-dir/MiniOzoneClusterImpl-379115e4-4d75-40c4-81a6-8e72fe3ed5e1/datanode-5/data/ratis/4d3df89e-1a49-4fb9-b126-57e3af7b6218/current/log_inprogress_0
2022-11-07 13:36:28,912 [Listener at 127.0.0.1/35081] INFO  ozone.MiniOzoneClusterImpl (MiniOzoneClusterImpl.java:lambda$waitForClusterToBeReady$0(216)) - Nodes are ready. Got 7 of 7 DN Heartbeats.
2022-11-07 13:36:28,912 [Listener at 127.0.0.1/35081] INFO  ozone.MiniOzoneClusterImpl (MiniOzoneClusterImpl.java:lambda$waitForClusterToBeReady$0(219)) - Cluster exits safe mode
2022-11-07 13:36:28,912 [Listener at 127.0.0.1/35081] INFO  ozone.MiniOzoneClusterImpl (MiniOzoneClusterImpl.java:lambda$waitForClusterToBeReady$0(221)) - SCM became leader
2022-11-07 13:36:28,979 [907bbffb-998f-490f-b661-afd63a8cee1b@group-293E5B2BCDB5-FollowerState] INFO  impl.FollowerState (FollowerState.java:run(143)) - 907bbffb-998f-490f-b661-afd63a8cee1b@group-293E5B2BCDB5-FollowerState: change to CANDIDATE, lastRpcElapsedTime:5056593376ns, electionTimeout:5049ms
2022-11-07 13:36:28,979 [907bbffb-998f-490f-b661-afd63a8cee1b@group-293E5B2BCDB5-FollowerState] INFO  impl.RoleInfo (RoleInfo.java:shutdownFollowerState(110)) - 907bbffb-998f-490f-b661-afd63a8cee1b: shutdown 907bbffb-998f-490f-b661-afd63a8cee1b@group-293E5B2BCDB5-FollowerState
2022-11-07 13:36:28,979 [907bbffb-998f-490f-b661-afd63a8cee1b@group-293E5B2BCDB5-FollowerState] INFO  server.RaftServer$Division (RaftServerImpl.java:setRole(321)) - 907bbffb-998f-490f-b661-afd63a8cee1b@group-293E5B2BCDB5: changes role from  FOLLOWER to CANDIDATE at term 0 for changeToCandidate
2022-11-07 13:36:28,980 [907bbffb-998f-490f-b661-afd63a8cee1b@group-293E5B2BCDB5-FollowerState] INFO  server.RaftServerConfigKeys (ConfUtils.java:logGet(46)) - raft.server.leaderelection.pre-vote = false (custom)
2022-11-07 13:36:28,980 [907bbffb-998f-490f-b661-afd63a8cee1b@group-293E5B2BCDB5-FollowerState] INFO  impl.RoleInfo (RoleInfo.java:updateAndGet(139)) - 907bbffb-998f-490f-b661-afd63a8cee1b: start 907bbffb-998f-490f-b661-afd63a8cee1b@group-293E5B2BCDB5-LeaderElection12
2022-11-07 13:36:29,006 [907bbffb-998f-490f-b661-afd63a8cee1b@group-293E5B2BCDB5-LeaderElection12] INFO  impl.LeaderElection (LeaderElection.java:askForVotes(312)) - 907bbffb-998f-490f-b661-afd63a8cee1b@group-293E5B2BCDB5-LeaderElection12 ELECTION round 0: submit vote requests at term 1 for -1: peers:[907bbffb-998f-490f-b661-afd63a8cee1b|rpc:10.1.0.230:44989|priority:1|startupRole:FOLLOWER]|listeners:[], old=null
2022-11-07 13:36:29,006 [907bbffb-998f-490f-b661-afd63a8cee1b@group-293E5B2BCDB5-LeaderElection12] INFO  impl.LeaderElection (LeaderElection.java:askForVotes(314)) - 907bbffb-998f-490f-b661-afd63a8cee1b@group-293E5B2BCDB5-LeaderElection12 ELECTION round 0: result PASSED (term=1)
2022-11-07 13:36:29,006 [907bbffb-998f-490f-b661-afd63a8cee1b@group-293E5B2BCDB5-LeaderElection12] INFO  impl.RoleInfo (RoleInfo.java:shutdownLeaderElection(130)) - 907bbffb-998f-490f-b661-afd63a8cee1b: shutdown 907bbffb-998f-490f-b661-afd63a8cee1b@group-293E5B2BCDB5-LeaderElection12
2022-11-07 13:36:29,006 [907bbffb-998f-490f-b661-afd63a8cee1b@group-293E5B2BCDB5-LeaderElection12] INFO  server.RaftServer$Division (RaftServerImpl.java:setRole(321)) - 907bbffb-998f-490f-b661-afd63a8cee1b@group-293E5B2BCDB5: changes role from CANDIDATE to LEADER at term 1 for changeToLeader
2022-11-07 13:36:29,006 [907bbffb-998f-490f-b661-afd63a8cee1b@group-293E5B2BCDB5-LeaderElection12] INFO  ratis.XceiverServerRatis (XceiverServerRatis.java:handleLeaderChangedNotification(863)) - Leader change notification received for group: group-293E5B2BCDB5 with new leaderId: 907bbffb-998f-490f-b661-afd63a8cee1b
2022-11-07 13:36:29,006 [907bbffb-998f-490f-b661-afd63a8cee1b@group-293E5B2BCDB5-LeaderElection12] INFO  server.RaftServer$Division (ServerState.java:setLeader(313)) - 907bbffb-998f-490f-b661-afd63a8cee1b@group-293E5B2BCDB5: change Leader from null to 907bbffb-998f-490f-b661-afd63a8cee1b at term 1 for becomeLeader, leader elected after 5093ms
2022-11-07 13:36:29,006 [907bbffb-998f-490f-b661-afd63a8cee1b@group-293E5B2BCDB5-LeaderElection12] INFO  server.RaftServerConfigKeys (ConfUtils.java:logGet(46)) - raft.server.staging.catchup.gap = 1000 (default)
2022-11-07 13:36:29,007 [907bbffb-998f-490f-b661-afd63a8cee1b@group-293E5B2BCDB5-LeaderElection12] INFO  server.RaftServerConfigKeys (ConfUtils.java:logGet(46)) - raft.server.write.element-limit = 1024 (custom)
2022-11-07 13:36:29,007 [907bbffb-998f-490f-b661-afd63a8cee1b@group-293E5B2BCDB5-LeaderElection12] INFO  server.RaftServerConfigKeys (ConfUtils.java:logGet(46)) - raft.server.write.byte-limit = 1024 M (=1073741824) (custom)
2022-11-07 13:36:29,007 [907bbffb-998f-490f-b661-afd63a8cee1b@group-293E5B2BCDB5-LeaderElection12] INFO  server.RaftServerConfigKeys (ConfUtils.java:logGet(46)) - raft.server.watch.timeout = 180s (custom)
2022-11-07 13:36:29,007 [907bbffb-998f-490f-b661-afd63a8cee1b@group-293E5B2BCDB5-LeaderElection12] INFO  server.RaftServerConfigKeys (ConfUtils.java:logGet(46)) - raft.server.watch.timeout.denomination = 1s (default)
2022-11-07 13:36:29,007 [907bbffb-998f-490f-b661-afd63a8cee1b@group-293E5B2BCDB5-LeaderElection12] INFO  server.RaftServerConfigKeys (ConfUtils.java:logGet(46)) - raft.server.watch.element-limit = 65536 (default)
2022-11-07 13:36:29,007 [907bbffb-998f-490f-b661-afd63a8cee1b@group-293E5B2BCDB5-LeaderElection12] INFO  server.RaftServerConfigKeys (ConfUtils.java:logGet(46)) - raft.server.write.element-limit = 1024 (custom)
2022-11-07 13:36:29,007 [907bbffb-998f-490f-b661-afd63a8cee1b@group-293E5B2BCDB5-LeaderElection12] INFO  server.RaftServerConfigKeys (ConfUtils.java:logGet(46)) - raft.server.write.follower.gap.ratio.max = -1.0 (default)
2022-11-07 13:36:29,007 [907bbffb-998f-490f-b661-afd63a8cee1b@group-293E5B2BCDB5-LeaderElection12] INFO  impl.RoleInfo (RoleInfo.java:updateAndGet(139)) - 907bbffb-998f-490f-b661-afd63a8cee1b: start 907bbffb-998f-490f-b661-afd63a8cee1b@group-293E5B2BCDB5-LeaderStateImpl
2022-11-07 13:36:29,008 [907bbffb-998f-490f-b661-afd63a8cee1b@group-293E5B2BCDB5-LeaderElection12] INFO  segmented.SegmentedRaftLogWorker (SegmentedRaftLogWorker.java:startLogSegment(452)) - 907bbffb-998f-490f-b661-afd63a8cee1b@group-293E5B2BCDB5-SegmentedRaftLogWorker: Starting segment from index:0
2022-11-07 13:36:29,010 [907bbffb-998f-490f-b661-afd63a8cee1b@group-293E5B2BCDB5-SegmentedRaftLogWorker] INFO  segmented.SegmentedRaftLogWorker (SegmentedRaftLogWorker.java:execute(656)) - 907bbffb-998f-490f-b661-afd63a8cee1b@group-293E5B2BCDB5-SegmentedRaftLogWorker: created new log segment /home/runner/work/ozone/ozone/hadoop-ozone/integration-test/target/test-dir/MiniOzoneClusterImpl-379115e4-4d75-40c4-81a6-8e72fe3ed5e1/datanode-6/data/ratis/5e4dab85-e8c5-43a2-ba86-293e5b2bcdb5/current/log_inprogress_0
2022-11-07 13:36:29,021 [907bbffb-998f-490f-b661-afd63a8cee1b@group-293E5B2BCDB5-LeaderElection12] INFO  server.RaftServer$Division (ServerState.java:setRaftConf(430)) - 907bbffb-998f-490f-b661-afd63a8cee1b@group-293E5B2BCDB5: set configuration 0: peers:[907bbffb-998f-490f-b661-afd63a8cee1b|rpc:10.1.0.230:44989|dataStream:|priority:1|startupRole:FOLLOWER]|listeners:[], old=null
2022-11-07 13:36:29,373 [Listener at 127.0.0.1/35081] INFO  rpc.RpcClient (RpcClient.java:createVolume(472)) - Creating Volume: testblockoutputstream, with runner as owner and space quota set to -1 bytes, counts quota set to -1
2022-11-07 13:36:29,441 [OM StateMachine ApplyTransaction Thread - 0] INFO  volume.OMVolumeCreateRequest (OMVolumeCreateRequest.java:validateAndUpdateCache(195)) - created volume:testblockoutputstream for user:runner
2022-11-07 13:36:29,472 [Listener at 127.0.0.1/35081] INFO  rpc.RpcClient (RpcClient.java:createBucket(691)) - Creating Bucket: testblockoutputstream/testblockoutputstream, with server-side default bucket layout, runner as owner, Versioning false, Storage Type set to DISK and Encryption set to false 
2022-11-07 13:36:29,487 [OM StateMachine ApplyTransaction Thread - 0] INFO  bucket.OMBucketCreateRequest (OMBucketCreateRequest.java:validateAndUpdateCache(260)) - created bucket: testblockoutputstream of layout LEGACY in volume: testblockoutputstream
2022-11-07 13:36:29,501 [Time-limited test] INFO  impl.MetricsSystemImpl (MetricsSystemImpl.java:init(158)) - XceiverClientMetrics metrics system started (again)
2022-11-07 13:36:29,556 [IPC Server handler 7 on default port 42545] INFO  ha.SequenceIdGenerator (SequenceIdGenerator.java:getNextId(128)) - Allocate a batch for containerId, change lastId from 0 to 1000.
2022-11-07 13:36:29,566 [IPC Server handler 7 on default port 42545] WARN  ha.SequenceIdGenerator (SequenceIdGenerator.java:allocateBatch(237)) - Failed to allocate a batch for localId, expected lastId is 0, actual lastId is 109611004723200000.
2022-11-07 13:36:29,566 [IPC Server handler 7 on default port 42545] INFO  ha.SequenceIdGenerator (SequenceIdGenerator.java:getNextId(128)) - Allocate a batch for localId, change lastId from 109611004723200000 to 109611004723201000.
]]></system-out>
  </testcase>
  <testcase name="testMultiChunkWrite2" classname="org.apache.hadoop.ozone.client.rpc.TestBlockOutputStreamFlushDelay" time="0.173"/>
  <testcase name="testMultiChunkWrite" classname="org.apache.hadoop.ozone.client.rpc.TestBlockOutputStreamFlushDelay" time="0.036">
    <failure type="java.lang.AssertionError"><![CDATA[java.lang.AssertionError: expected:<1> but was:<0>
	at org.junit.Assert.fail(Assert.java:89)
	at org.junit.Assert.failNotEquals(Assert.java:835)
	at org.junit.Assert.assertEquals(Assert.java:647)
	at org.junit.Assert.assertEquals(Assert.java:633)
	at org.apache.hadoop.ozone.client.rpc.TestBlockOutputStreamFlushDelay.testMultiChunkWrite(TestBlockOutputStreamFlushDelay.java:349)
	at sun.reflect.NativeMethodAccessorImpl.invoke0(Native Method)
	at sun.reflect.NativeMethodAccessorImpl.invoke(NativeMethodAccessorImpl.java:62)
	at sun.reflect.DelegatingMethodAccessorImpl.invoke(DelegatingMethodAccessorImpl.java:43)
	at java.lang.reflect.Method.invoke(Method.java:498)
	at org.junit.runners.model.FrameworkMethod$1.runReflectiveCall(FrameworkMethod.java:59)
	at org.junit.internal.runners.model.ReflectiveCallable.run(ReflectiveCallable.java:12)
	at org.junit.runners.model.FrameworkMethod.invokeExplosively(FrameworkMethod.java:56)
	at org.junit.internal.runners.statements.InvokeMethod.evaluate(InvokeMethod.java:17)
	at org.junit.internal.runners.statements.FailOnTimeout$CallableStatement.call(FailOnTimeout.java:288)
	at org.junit.internal.runners.statements.FailOnTimeout$CallableStatement.call(FailOnTimeout.java:282)
	at java.util.concurrent.FutureTask.run(FutureTask.java:266)
	at java.lang.Thread.run(Thread.java:750)
]]></failure>
  </testcase>
  <testcase name="testFullBufferCondition" classname="org.apache.hadoop.ozone.client.rpc.TestBlockOutputStreamFlushDelay" time="0.156"/>
  <testcase name="testBufferCaching" classname="org.apache.hadoop.ozone.client.rpc.TestBlockOutputStreamFlushDelay" time="0.081"/>
  <testcase name="testWriteWithExceedingMaxBufferLimit" classname="org.apache.hadoop.ozone.client.rpc.TestBlockOutputStreamFlushDelay" time="0.144"/>
</testsuite>