<?xml version="1.0" encoding="UTF-8"?>
<testsuite xmlns:xsi="http://www.w3.org/2001/XMLSchema-instance" xsi:noNamespaceSchemaLocation="https://maven.apache.org/surefire/maven-surefire-plugin/xsd/surefire-test-report-3.0.xsd" version="3.0" name="org.apache.hadoop.ozone.container.common.impl.TestContainerPersistence" time="9.784" tests="84" errors="1" skipped="0" failures="0">
  <properties>
    <property name="awt.toolkit" value="sun.awt.X11.XToolkit"/>
    <property name="file.encoding.pkg" value="sun.io"/>
    <property name="java.specification.version" value="1.8"/>
    <property name="sun.cpu.isalist" value=""/>
    <property name="sun.jnu.encoding" value="UTF-8"/>
    <property name="java.class.path" value="/home/runner/work/ozone/ozone/hadoop-hdds/container-service/target/test-classes:/home/runner/work/ozone/ozone/hadoop-hdds/container-service/target/classes:/home/runner/work/ozone/ozone/hadoop-hdds/common/target/classes:/home/runner/work/ozone/ozone/hadoop-hdds/hadoop-dependency-client/target/classes:/home/runner/.m2/repository/org/apache/hadoop/hadoop-annotations/3.3.1/hadoop-annotations-3.3.1.jar:/usr/lib/jvm/temurin-8-jdk-amd64/jre/../lib/tools.jar:/home/runner/.m2/repository/org/apache/hadoop/hadoop-common/3.3.1/hadoop-common-3.3.1.jar:/home/runner/.m2/repository/org/apache/hadoop/thirdparty/hadoop-shaded-guava/1.1.1/hadoop-shaded-guava-1.1.1.jar:/home/runner/.m2/repository/org/apache/httpcomponents/httpclient/4.5.13/httpclient-4.5.13.jar:/home/runner/.m2/repository/org/apache/httpcomponents/httpcore/4.4.13/httpcore-4.4.13.jar:/home/runner/.m2/repository/jakarta/activation/jakarta.activation-api/1.2.1/jakarta.activation-api-1.2.1.jar:/home/runner/.m2/repository/org/apache/commons/commons-configuration2/2.1.1/commons-configuration2-2.1.1.jar:/home/runner/.m2/repository/com/google/re2j/re2j/1.1/re2j-1.1.jar:/home/runner/.m2/repository/org/apache/hadoop/hadoop-auth/3.3.1/hadoop-auth-3.3.1.jar:/home/runner/.m2/repository/org/apache/htrace/htrace-core4/4.1.0-incubating/htrace-core4-4.1.0-incubating.jar:/home/runner/.m2/repository/org/apache/kerby/kerb-core/1.0.1/kerb-core-1.0.1.jar:/home/runner/.m2/repository/org/apache/kerby/kerby-pkix/1.0.1/kerby-pkix-1.0.1.jar:/home/runner/.m2/repository/org/apache/kerby/kerby-asn1/1.0.1/kerby-asn1-1.0.1.jar:/home/runner/.m2/repository/org/apache/kerby/kerby-util/1.0.1/kerby-util-1.0.1.jar:/home/runner/.m2/repository/org/codehaus/woodstox/stax2-api/3.1.4/stax2-api-3.1.4.jar:/home/runner/.m2/repository/com/fasterxml/woodstox/woodstox-core/5.0.3/woodstox-core-5.0.3.jar:/home/runner/.m2/repository/org/xerial/snappy/snappy-java/1.1.8.2/snappy-java-1.1.8.2.jar:/home/runner/.m2/repository/org/apache/hadoop/hadoop-hdfs/3.3.1/hadoop-hdfs-3.3.1.jar:/home/runner/.m2/repository/info/picocli/picocli/4.6.1/picocli-4.6.1.jar:/home/runner/.m2/repository/com/google/protobuf/protobuf-java/2.5.0/protobuf-java-2.5.0.jar:/home/runner/.m2/repository/com/google/guava/guava/31.1-jre/guava-31.1-jre.jar:/home/runner/.m2/repository/com/google/guava/failureaccess/1.0.1/failureaccess-1.0.1.jar:/home/runner/.m2/repository/com/google/guava/listenablefuture/9999.0-empty-to-avoid-conflict-with-guava/listenablefuture-9999.0-empty-to-avoid-conflict-with-guava.jar:/home/runner/.m2/repository/org/checkerframework/checker-qual/3.12.0/checker-qual-3.12.0.jar:/home/runner/.m2/repository/com/google/errorprone/error_prone_annotations/2.2.0/error_prone_annotations-2.2.0.jar:/home/runner/.m2/repository/com/google/j2objc/j2objc-annotations/1.3/j2objc-annotations-1.3.jar:/home/runner/.m2/repository/org/apache/commons/commons-lang3/3.7/commons-lang3-3.7.jar:/home/runner/.m2/repository/commons-io/commons-io/2.11.0/commons-io-2.11.0.jar:/home/runner/.m2/repository/com/fasterxml/jackson/core/jackson-annotations/2.13.2/jackson-annotations-2.13.2.jar:/home/runner/.m2/repository/com/fasterxml/jackson/datatype/jackson-datatype-jsr310/2.13.2/jackson-datatype-jsr310-2.13.2.jar:/home/runner/.m2/repository/com/fasterxml/jackson/core/jackson-core/2.13.2/jackson-core-2.13.2.jar:/home/runner/.m2/repository/com/fasterxml/jackson/core/jackson-databind/2.13.2.2/jackson-databind-2.13.2.2.jar:/home/runner/work/ozone/ozone/hadoop-hdds/config/target/classes:/home/runner/.m2/repository/javax/annotation/javax.annotation-api/1.2/javax.annotation-api-1.2.jar:/home/runner/.m2/repository/org/apache/ratis/ratis-server/2.3.0/ratis-server-2.3.0.jar:/home/runner/.m2/repository/org/apache/ratis/ratis-thirdparty-misc/1.0.0/ratis-thirdparty-misc-1.0.0.jar:/home/runner/.m2/repository/org/apache/ratis/ratis-proto/2.3.0/ratis-proto-2.3.0.jar:/home/runner/.m2/repository/org/apache/ratis/ratis-common/2.3.0/ratis-common-2.3.0.jar:/home/runner/.m2/repository/org/apache/ratis/ratis-client/2.3.0/ratis-client-2.3.0.jar:/home/runner/.m2/repository/org/apache/ratis/ratis-server-api/2.3.0/ratis-server-api-2.3.0.jar:/home/runner/.m2/repository/org/apache/ratis/ratis-metrics/2.3.0/ratis-metrics-2.3.0.jar:/home/runner/.m2/repository/org/apache/ratis/ratis-netty/2.3.0/ratis-netty-2.3.0.jar:/home/runner/.m2/repository/org/apache/ratis/ratis-grpc/2.3.0/ratis-grpc-2.3.0.jar:/home/runner/.m2/repository/org/apache/logging/log4j/log4j-api/2.17.1/log4j-api-2.17.1.jar:/home/runner/.m2/repository/org/apache/commons/commons-pool2/2.6.0/commons-pool2-2.6.0.jar:/home/runner/.m2/repository/org/bouncycastle/bcpkix-jdk15on/1.67/bcpkix-jdk15on-1.67.jar:/home/runner/.m2/repository/org/bouncycastle/bcprov-jdk15on/1.67/bcprov-jdk15on-1.67.jar:/home/runner/.m2/repository/commons-validator/commons-validator/1.6/commons-validator-1.6.jar:/home/runner/.m2/repository/commons-beanutils/commons-beanutils/1.9.4/commons-beanutils-1.9.4.jar:/home/runner/.m2/repository/commons-digester/commons-digester/1.8.1/commons-digester-1.8.1.jar:/home/runner/.m2/repository/commons-collections/commons-collections/3.2.2/commons-collections-3.2.2.jar:/home/runner/.m2/repository/io/jaegertracing/jaeger-client/1.6.0/jaeger-client-1.6.0.jar:/home/runner/.m2/repository/io/jaegertracing/jaeger-thrift/1.6.0/jaeger-thrift-1.6.0.jar:/home/runner/.m2/repository/org/apache/thrift/libthrift/0.14.1/libthrift-0.14.1.jar:/home/runner/.m2/repository/com/squareup/okhttp3/okhttp/4.9.0/okhttp-4.9.0.jar:/home/runner/.m2/repository/com/squareup/okio/okio/2.8.0/okio-2.8.0.jar:/home/runner/.m2/repository/io/jaegertracing/jaeger-core/1.6.0/jaeger-core-1.6.0.jar:/home/runner/.m2/repository/com/google/code/gson/gson/2.9.0/gson-2.9.0.jar:/home/runner/.m2/repository/io/jaegertracing/jaeger-tracerresolver/1.6.0/jaeger-tracerresolver-1.6.0.jar:/home/runner/.m2/repository/io/opentracing/contrib/opentracing-tracerresolver/0.1.8/opentracing-tracerresolver-0.1.8.jar:/home/runner/.m2/repository/org/jetbrains/kotlin/kotlin-stdlib/1.6.21/kotlin-stdlib-1.6.21.jar:/home/runner/.m2/repository/org/jetbrains/kotlin/kotlin-stdlib-common/1.6.21/kotlin-stdlib-common-1.6.21.jar:/home/runner/.m2/repository/org/jetbrains/annotations/13.0/annotations-13.0.jar:/home/runner/.m2/repository/io/opentracing/opentracing-util/0.33.0/opentracing-util-0.33.0.jar:/home/runner/.m2/repository/io/opentracing/opentracing-api/0.33.0/opentracing-api-0.33.0.jar:/home/runner/.m2/repository/io/opentracing/opentracing-noop/0.33.0/opentracing-noop-0.33.0.jar:/home/runner/.m2/repository/org/reflections/reflections/0.9.11/reflections-0.9.11.jar:/home/runner/.m2/repository/org/javassist/javassist/3.21.0-GA/javassist-3.21.0-GA.jar:/home/runner/work/ozone/ozone/hadoop-hdds/interface-client/target/classes:/home/runner/.m2/repository/org/apache/hadoop/thirdparty/hadoop-shaded-protobuf_3_7/1.1.1/hadoop-shaded-protobuf_3_7-1.1.1.jar:/home/runner/work/ozone/ozone/hadoop-hdds/interface-admin/target/classes:/home/runner/work/ozone/ozone/hadoop-hdds/test-utils/target/classes:/home/runner/.m2/repository/commons-logging/commons-logging/1.2/commons-logging-1.2.jar:/home/runner/.m2/repository/org/junit/jupiter/junit-jupiter-api/5.8.2/junit-jupiter-api-5.8.2.jar:/home/runner/.m2/repository/org/opentest4j/opentest4j/1.2.0/opentest4j-1.2.0.jar:/home/runner/.m2/repository/org/junit/platform/junit-platform-commons/1.8.2/junit-platform-commons-1.8.2.jar:/home/runner/.m2/repository/org/apiguardian/apiguardian-api/1.1.2/apiguardian-api-1.1.2.jar:/home/runner/.m2/repository/log4j/log4j/1.2.17/log4j-1.2.17.jar:/home/runner/.m2/repository/org/slf4j/slf4j-api/1.7.30/slf4j-api-1.7.30.jar:/home/runner/.m2/repository/org/apache/commons/commons-compress/1.21/commons-compress-1.21.jar:/home/runner/work/ozone/ozone/hadoop-hdds/common/target/test-classes:/home/runner/work/ozone/ozone/hadoop-hdds/framework/target/classes:/home/runner/work/ozone/ozone/hadoop-hdds/interface-server/target/classes:/home/runner/work/ozone/ozone/hadoop-hdds/hadoop-dependency-server/target/classes:/home/runner/.m2/repository/commons-cli/commons-cli/1.2/commons-cli-1.2.jar:/home/runner/.m2/repository/org/apache/logging/log4j/log4j-core/2.17.1/log4j-core-2.17.1.jar:/home/runner/.m2/repository/com/lmax/disruptor/3.4.2/disruptor-3.4.2.jar:/home/runner/.m2/repository/org/eclipse/jetty/jetty-util/9.4.43.v20210629/jetty-util-9.4.43.v20210629.jar:/home/runner/.m2/repository/org/eclipse/jetty/jetty-server/9.4.43.v20210629/jetty-server-9.4.43.v20210629.jar:/home/runner/.m2/repository/javax/servlet/javax.servlet-api/3.1.0/javax.servlet-api-3.1.0.jar:/home/runner/.m2/repository/org/eclipse/jetty/jetty-http/9.4.43.v20210629/jetty-http-9.4.43.v20210629.jar:/home/runner/.m2/repository/org/eclipse/jetty/jetty-io/9.4.43.v20210629/jetty-io-9.4.43.v20210629.jar:/home/runner/.m2/repository/org/eclipse/jetty/jetty-servlet/9.4.43.v20210629/jetty-servlet-9.4.43.v20210629.jar:/home/runner/.m2/repository/org/eclipse/jetty/jetty-security/9.4.43.v20210629/jetty-security-9.4.43.v20210629.jar:/home/runner/.m2/repository/org/eclipse/jetty/jetty-util-ajax/9.4.43.v20210629/jetty-util-ajax-9.4.43.v20210629.jar:/home/runner/.m2/repository/org/eclipse/jetty/jetty-webapp/9.4.43.v20210629/jetty-webapp-9.4.43.v20210629.jar:/home/runner/.m2/repository/org/eclipse/jetty/jetty-xml/9.4.43.v20210629/jetty-xml-9.4.43.v20210629.jar:/home/runner/.m2/repository/org/rocksdb/rocksdbjni/6.29.5/rocksdbjni-6.29.5.jar:/home/runner/.m2/repository/io/prometheus/simpleclient_dropwizard/0.7.0/simpleclient_dropwizard-0.7.0.jar:/home/runner/.m2/repository/io/prometheus/simpleclient/0.7.0/simpleclient-0.7.0.jar:/home/runner/.m2/repository/io/prometheus/simpleclient_common/0.7.0/simpleclient_common-0.7.0.jar:/home/runner/.m2/repository/org/apache/hadoop/hadoop-hdfs-client/3.3.1/hadoop-hdfs-client-3.3.1.jar:/home/runner/work/ozone/ozone/hadoop-hdds/client/target/classes:/home/runner/work/ozone/ozone/hadoop-hdds/erasurecode/target/classes:/home/runner/.m2/repository/commons-codec/commons-codec/1.11/commons-codec-1.11.jar:/home/runner/.m2/repository/io/dropwizard/metrics/metrics-core/3.2.4/metrics-core-3.2.4.jar:/home/runner/.m2/repository/org/mockito/mockito-core/2.28.2/mockito-core-2.28.2.jar:/home/runner/.m2/repository/net/bytebuddy/byte-buddy/1.9.10/byte-buddy-1.9.10.jar:/home/runner/.m2/repository/net/bytebuddy/byte-buddy-agent/1.9.10/byte-buddy-agent-1.9.10.jar:/home/runner/.m2/repository/org/objenesis/objenesis/1.0/objenesis-1.0.jar:/home/runner/.m2/repository/org/yaml/snakeyaml/1.26/snakeyaml-1.26.jar:/home/runner/work/ozone/ozone/hadoop-hdds/docs/target/classes:/home/runner/.m2/repository/com/github/spotbugs/spotbugs-annotations/3.1.12/spotbugs-annotations-3.1.12.jar:/home/runner/.m2/repository/com/google/code/findbugs/jsr305/3.0.0/jsr305-3.0.0.jar:/home/runner/.m2/repository/org/powermock/powermock-module-junit4/2.0.4/powermock-module-junit4-2.0.4.jar:/home/runner/.m2/repository/org/powermock/powermock-module-junit4-common/2.0.4/powermock-module-junit4-common-2.0.4.jar:/home/runner/.m2/repository/org/powermock/powermock-reflect/2.0.4/powermock-reflect-2.0.4.jar:/home/runner/.m2/repository/org/powermock/powermock-core/2.0.4/powermock-core-2.0.4.jar:/home/runner/.m2/repository/org/hamcrest/hamcrest-core/1.3/hamcrest-core-1.3.jar:/home/runner/.m2/repository/org/powermock/powermock-api-mockito2/2.0.4/powermock-api-mockito2-2.0.4.jar:/home/runner/.m2/repository/org/powermock/powermock-api-support/2.0.4/powermock-api-support-2.0.4.jar:/home/runner/work/ozone/ozone/hadoop-hdds/hadoop-dependency-test/target/classes:/home/runner/.m2/repository/org/apache/hadoop/hadoop-common/3.3.1/hadoop-common-3.3.1-tests.jar:/home/runner/.m2/repository/org/apache/hadoop/hadoop-hdfs/3.3.1/hadoop-hdfs-3.3.1-tests.jar:/home/runner/.m2/repository/org/assertj/assertj-core/3.12.2/assertj-core-3.12.2.jar:/home/runner/.m2/repository/org/slf4j/slf4j-log4j12/1.7.30/slf4j-log4j12-1.7.30.jar:/home/runner/.m2/repository/javax/xml/bind/jaxb-api/2.3.0/jaxb-api-2.3.0.jar:/home/runner/.m2/repository/org/glassfish/jaxb/jaxb-runtime/2.3.0.1/jaxb-runtime-2.3.0.1.jar:/home/runner/.m2/repository/org/glassfish/jaxb/jaxb-core/2.3.0.1/jaxb-core-2.3.0.1.jar:/home/runner/.m2/repository/org/glassfish/jaxb/txw2/2.3.0.1/txw2-2.3.0.1.jar:/home/runner/.m2/repository/com/sun/istack/istack-commons-runtime/3.0.5/istack-commons-runtime-3.0.5.jar:/home/runner/.m2/repository/org/jvnet/staxex/stax-ex/1.7.8/stax-ex-1.7.8.jar:/home/runner/.m2/repository/com/sun/xml/fastinfoset/FastInfoset/1.2.13/FastInfoset-1.2.13.jar:/home/runner/.m2/repository/io/netty/netty-transport/4.1.74.Final/netty-transport-4.1.74.Final.jar:/home/runner/.m2/repository/io/netty/netty-common/4.1.74.Final/netty-common-4.1.74.Final.jar:/home/runner/.m2/repository/io/netty/netty-buffer/4.1.74.Final/netty-buffer-4.1.74.Final.jar:/home/runner/.m2/repository/io/netty/netty-resolver/4.1.74.Final/netty-resolver-4.1.74.Final.jar:/home/runner/.m2/repository/io/netty/netty-codec/4.1.74.Final/netty-codec-4.1.74.Final.jar:/home/runner/.m2/repository/io/netty/netty-handler/4.1.74.Final/netty-handler-4.1.74.Final.jar:/home/runner/.m2/repository/io/netty/netty-tcnative-classes/2.0.48.Final/netty-tcnative-classes-2.0.48.Final.jar:/home/runner/.m2/repository/junit/junit/4.13.1/junit-4.13.1.jar:/home/runner/work/ozone/ozone/dev-support/annotations/target/classes:"/>
    <property name="java.vm.vendor" value="Temurin"/>
    <property name="sun.arch.data.model" value="64"/>
    <property name="test.build.dir" value="/home/runner/work/ozone/ozone/hadoop-hdds/container-service/target/test-dir"/>
    <property name="test.cache.data" value=""/>
    <property name="java.vendor.url" value="https://adoptium.net/"/>
    <property name="user.timezone" value="Etc/UTC"/>
    <property name="java.vm.specification.version" value="1.8"/>
    <property name="os.name" value="Linux"/>
    <property name="test.build.data" value="/home/runner/work/ozone/ozone/hadoop-hdds/container-service/target/test-dir"/>
    <property name="sun.java.launcher" value="SUN_STANDARD"/>
    <property name="sun.boot.library.path" value="/usr/lib/jvm/temurin-8-jdk-amd64/jre/lib/amd64"/>
    <property name="sun.java.command" value="/home/runner/work/ozone/ozone/hadoop-hdds/container-service/target/surefire/surefirebooter4384820019311760865.jar /home/runner/work/ozone/ozone/hadoop-hdds/container-service/target/surefire 2022-07-08T00-50-29_935-jvmRun1 surefire8530393745436219123tmp surefire_1341709569293660376560tmp"/>
    <property name="surefire.test.class.path" value="/home/runner/work/ozone/ozone/hadoop-hdds/container-service/target/test-classes:/home/runner/work/ozone/ozone/hadoop-hdds/container-service/target/classes:/home/runner/work/ozone/ozone/hadoop-hdds/common/target/classes:/home/runner/work/ozone/ozone/hadoop-hdds/hadoop-dependency-client/target/classes:/home/runner/.m2/repository/org/apache/hadoop/hadoop-annotations/3.3.1/hadoop-annotations-3.3.1.jar:/usr/lib/jvm/temurin-8-jdk-amd64/jre/../lib/tools.jar:/home/runner/.m2/repository/org/apache/hadoop/hadoop-common/3.3.1/hadoop-common-3.3.1.jar:/home/runner/.m2/repository/org/apache/hadoop/thirdparty/hadoop-shaded-guava/1.1.1/hadoop-shaded-guava-1.1.1.jar:/home/runner/.m2/repository/org/apache/httpcomponents/httpclient/4.5.13/httpclient-4.5.13.jar:/home/runner/.m2/repository/org/apache/httpcomponents/httpcore/4.4.13/httpcore-4.4.13.jar:/home/runner/.m2/repository/jakarta/activation/jakarta.activation-api/1.2.1/jakarta.activation-api-1.2.1.jar:/home/runner/.m2/repository/org/apache/commons/commons-configuration2/2.1.1/commons-configuration2-2.1.1.jar:/home/runner/.m2/repository/com/google/re2j/re2j/1.1/re2j-1.1.jar:/home/runner/.m2/repository/org/apache/hadoop/hadoop-auth/3.3.1/hadoop-auth-3.3.1.jar:/home/runner/.m2/repository/org/apache/htrace/htrace-core4/4.1.0-incubating/htrace-core4-4.1.0-incubating.jar:/home/runner/.m2/repository/org/apache/kerby/kerb-core/1.0.1/kerb-core-1.0.1.jar:/home/runner/.m2/repository/org/apache/kerby/kerby-pkix/1.0.1/kerby-pkix-1.0.1.jar:/home/runner/.m2/repository/org/apache/kerby/kerby-asn1/1.0.1/kerby-asn1-1.0.1.jar:/home/runner/.m2/repository/org/apache/kerby/kerby-util/1.0.1/kerby-util-1.0.1.jar:/home/runner/.m2/repository/org/codehaus/woodstox/stax2-api/3.1.4/stax2-api-3.1.4.jar:/home/runner/.m2/repository/com/fasterxml/woodstox/woodstox-core/5.0.3/woodstox-core-5.0.3.jar:/home/runner/.m2/repository/org/xerial/snappy/snappy-java/1.1.8.2/snappy-java-1.1.8.2.jar:/home/runner/.m2/repository/org/apache/hadoop/hadoop-hdfs/3.3.1/hadoop-hdfs-3.3.1.jar:/home/runner/.m2/repository/info/picocli/picocli/4.6.1/picocli-4.6.1.jar:/home/runner/.m2/repository/com/google/protobuf/protobuf-java/2.5.0/protobuf-java-2.5.0.jar:/home/runner/.m2/repository/com/google/guava/guava/31.1-jre/guava-31.1-jre.jar:/home/runner/.m2/repository/com/google/guava/failureaccess/1.0.1/failureaccess-1.0.1.jar:/home/runner/.m2/repository/com/google/guava/listenablefuture/9999.0-empty-to-avoid-conflict-with-guava/listenablefuture-9999.0-empty-to-avoid-conflict-with-guava.jar:/home/runner/.m2/repository/org/checkerframework/checker-qual/3.12.0/checker-qual-3.12.0.jar:/home/runner/.m2/repository/com/google/errorprone/error_prone_annotations/2.2.0/error_prone_annotations-2.2.0.jar:/home/runner/.m2/repository/com/google/j2objc/j2objc-annotations/1.3/j2objc-annotations-1.3.jar:/home/runner/.m2/repository/org/apache/commons/commons-lang3/3.7/commons-lang3-3.7.jar:/home/runner/.m2/repository/commons-io/commons-io/2.11.0/commons-io-2.11.0.jar:/home/runner/.m2/repository/com/fasterxml/jackson/core/jackson-annotations/2.13.2/jackson-annotations-2.13.2.jar:/home/runner/.m2/repository/com/fasterxml/jackson/datatype/jackson-datatype-jsr310/2.13.2/jackson-datatype-jsr310-2.13.2.jar:/home/runner/.m2/repository/com/fasterxml/jackson/core/jackson-core/2.13.2/jackson-core-2.13.2.jar:/home/runner/.m2/repository/com/fasterxml/jackson/core/jackson-databind/2.13.2.2/jackson-databind-2.13.2.2.jar:/home/runner/work/ozone/ozone/hadoop-hdds/config/target/classes:/home/runner/.m2/repository/javax/annotation/javax.annotation-api/1.2/javax.annotation-api-1.2.jar:/home/runner/.m2/repository/org/apache/ratis/ratis-server/2.3.0/ratis-server-2.3.0.jar:/home/runner/.m2/repository/org/apache/ratis/ratis-thirdparty-misc/1.0.0/ratis-thirdparty-misc-1.0.0.jar:/home/runner/.m2/repository/org/apache/ratis/ratis-proto/2.3.0/ratis-proto-2.3.0.jar:/home/runner/.m2/repository/org/apache/ratis/ratis-common/2.3.0/ratis-common-2.3.0.jar:/home/runner/.m2/repository/org/apache/ratis/ratis-client/2.3.0/ratis-client-2.3.0.jar:/home/runner/.m2/repository/org/apache/ratis/ratis-server-api/2.3.0/ratis-server-api-2.3.0.jar:/home/runner/.m2/repository/org/apache/ratis/ratis-metrics/2.3.0/ratis-metrics-2.3.0.jar:/home/runner/.m2/repository/org/apache/ratis/ratis-netty/2.3.0/ratis-netty-2.3.0.jar:/home/runner/.m2/repository/org/apache/ratis/ratis-grpc/2.3.0/ratis-grpc-2.3.0.jar:/home/runner/.m2/repository/org/apache/logging/log4j/log4j-api/2.17.1/log4j-api-2.17.1.jar:/home/runner/.m2/repository/org/apache/commons/commons-pool2/2.6.0/commons-pool2-2.6.0.jar:/home/runner/.m2/repository/org/bouncycastle/bcpkix-jdk15on/1.67/bcpkix-jdk15on-1.67.jar:/home/runner/.m2/repository/org/bouncycastle/bcprov-jdk15on/1.67/bcprov-jdk15on-1.67.jar:/home/runner/.m2/repository/commons-validator/commons-validator/1.6/commons-validator-1.6.jar:/home/runner/.m2/repository/commons-beanutils/commons-beanutils/1.9.4/commons-beanutils-1.9.4.jar:/home/runner/.m2/repository/commons-digester/commons-digester/1.8.1/commons-digester-1.8.1.jar:/home/runner/.m2/repository/commons-collections/commons-collections/3.2.2/commons-collections-3.2.2.jar:/home/runner/.m2/repository/io/jaegertracing/jaeger-client/1.6.0/jaeger-client-1.6.0.jar:/home/runner/.m2/repository/io/jaegertracing/jaeger-thrift/1.6.0/jaeger-thrift-1.6.0.jar:/home/runner/.m2/repository/org/apache/thrift/libthrift/0.14.1/libthrift-0.14.1.jar:/home/runner/.m2/repository/com/squareup/okhttp3/okhttp/4.9.0/okhttp-4.9.0.jar:/home/runner/.m2/repository/com/squareup/okio/okio/2.8.0/okio-2.8.0.jar:/home/runner/.m2/repository/io/jaegertracing/jaeger-core/1.6.0/jaeger-core-1.6.0.jar:/home/runner/.m2/repository/com/google/code/gson/gson/2.9.0/gson-2.9.0.jar:/home/runner/.m2/repository/io/jaegertracing/jaeger-tracerresolver/1.6.0/jaeger-tracerresolver-1.6.0.jar:/home/runner/.m2/repository/io/opentracing/contrib/opentracing-tracerresolver/0.1.8/opentracing-tracerresolver-0.1.8.jar:/home/runner/.m2/repository/org/jetbrains/kotlin/kotlin-stdlib/1.6.21/kotlin-stdlib-1.6.21.jar:/home/runner/.m2/repository/org/jetbrains/kotlin/kotlin-stdlib-common/1.6.21/kotlin-stdlib-common-1.6.21.jar:/home/runner/.m2/repository/org/jetbrains/annotations/13.0/annotations-13.0.jar:/home/runner/.m2/repository/io/opentracing/opentracing-util/0.33.0/opentracing-util-0.33.0.jar:/home/runner/.m2/repository/io/opentracing/opentracing-api/0.33.0/opentracing-api-0.33.0.jar:/home/runner/.m2/repository/io/opentracing/opentracing-noop/0.33.0/opentracing-noop-0.33.0.jar:/home/runner/.m2/repository/org/reflections/reflections/0.9.11/reflections-0.9.11.jar:/home/runner/.m2/repository/org/javassist/javassist/3.21.0-GA/javassist-3.21.0-GA.jar:/home/runner/work/ozone/ozone/hadoop-hdds/interface-client/target/classes:/home/runner/.m2/repository/org/apache/hadoop/thirdparty/hadoop-shaded-protobuf_3_7/1.1.1/hadoop-shaded-protobuf_3_7-1.1.1.jar:/home/runner/work/ozone/ozone/hadoop-hdds/interface-admin/target/classes:/home/runner/work/ozone/ozone/hadoop-hdds/test-utils/target/classes:/home/runner/.m2/repository/commons-logging/commons-logging/1.2/commons-logging-1.2.jar:/home/runner/.m2/repository/org/junit/jupiter/junit-jupiter-api/5.8.2/junit-jupiter-api-5.8.2.jar:/home/runner/.m2/repository/org/opentest4j/opentest4j/1.2.0/opentest4j-1.2.0.jar:/home/runner/.m2/repository/org/junit/platform/junit-platform-commons/1.8.2/junit-platform-commons-1.8.2.jar:/home/runner/.m2/repository/org/apiguardian/apiguardian-api/1.1.2/apiguardian-api-1.1.2.jar:/home/runner/.m2/repository/log4j/log4j/1.2.17/log4j-1.2.17.jar:/home/runner/.m2/repository/org/slf4j/slf4j-api/1.7.30/slf4j-api-1.7.30.jar:/home/runner/.m2/repository/org/apache/commons/commons-compress/1.21/commons-compress-1.21.jar:/home/runner/work/ozone/ozone/hadoop-hdds/common/target/test-classes:/home/runner/work/ozone/ozone/hadoop-hdds/framework/target/classes:/home/runner/work/ozone/ozone/hadoop-hdds/interface-server/target/classes:/home/runner/work/ozone/ozone/hadoop-hdds/hadoop-dependency-server/target/classes:/home/runner/.m2/repository/commons-cli/commons-cli/1.2/commons-cli-1.2.jar:/home/runner/.m2/repository/org/apache/logging/log4j/log4j-core/2.17.1/log4j-core-2.17.1.jar:/home/runner/.m2/repository/com/lmax/disruptor/3.4.2/disruptor-3.4.2.jar:/home/runner/.m2/repository/org/eclipse/jetty/jetty-util/9.4.43.v20210629/jetty-util-9.4.43.v20210629.jar:/home/runner/.m2/repository/org/eclipse/jetty/jetty-server/9.4.43.v20210629/jetty-server-9.4.43.v20210629.jar:/home/runner/.m2/repository/javax/servlet/javax.servlet-api/3.1.0/javax.servlet-api-3.1.0.jar:/home/runner/.m2/repository/org/eclipse/jetty/jetty-http/9.4.43.v20210629/jetty-http-9.4.43.v20210629.jar:/home/runner/.m2/repository/org/eclipse/jetty/jetty-io/9.4.43.v20210629/jetty-io-9.4.43.v20210629.jar:/home/runner/.m2/repository/org/eclipse/jetty/jetty-servlet/9.4.43.v20210629/jetty-servlet-9.4.43.v20210629.jar:/home/runner/.m2/repository/org/eclipse/jetty/jetty-security/9.4.43.v20210629/jetty-security-9.4.43.v20210629.jar:/home/runner/.m2/repository/org/eclipse/jetty/jetty-util-ajax/9.4.43.v20210629/jetty-util-ajax-9.4.43.v20210629.jar:/home/runner/.m2/repository/org/eclipse/jetty/jetty-webapp/9.4.43.v20210629/jetty-webapp-9.4.43.v20210629.jar:/home/runner/.m2/repository/org/eclipse/jetty/jetty-xml/9.4.43.v20210629/jetty-xml-9.4.43.v20210629.jar:/home/runner/.m2/repository/org/rocksdb/rocksdbjni/6.29.5/rocksdbjni-6.29.5.jar:/home/runner/.m2/repository/io/prometheus/simpleclient_dropwizard/0.7.0/simpleclient_dropwizard-0.7.0.jar:/home/runner/.m2/repository/io/prometheus/simpleclient/0.7.0/simpleclient-0.7.0.jar:/home/runner/.m2/repository/io/prometheus/simpleclient_common/0.7.0/simpleclient_common-0.7.0.jar:/home/runner/.m2/repository/org/apache/hadoop/hadoop-hdfs-client/3.3.1/hadoop-hdfs-client-3.3.1.jar:/home/runner/work/ozone/ozone/hadoop-hdds/client/target/classes:/home/runner/work/ozone/ozone/hadoop-hdds/erasurecode/target/classes:/home/runner/.m2/repository/commons-codec/commons-codec/1.11/commons-codec-1.11.jar:/home/runner/.m2/repository/io/dropwizard/metrics/metrics-core/3.2.4/metrics-core-3.2.4.jar:/home/runner/.m2/repository/org/mockito/mockito-core/2.28.2/mockito-core-2.28.2.jar:/home/runner/.m2/repository/net/bytebuddy/byte-buddy/1.9.10/byte-buddy-1.9.10.jar:/home/runner/.m2/repository/net/bytebuddy/byte-buddy-agent/1.9.10/byte-buddy-agent-1.9.10.jar:/home/runner/.m2/repository/org/objenesis/objenesis/1.0/objenesis-1.0.jar:/home/runner/.m2/repository/org/yaml/snakeyaml/1.26/snakeyaml-1.26.jar:/home/runner/work/ozone/ozone/hadoop-hdds/docs/target/classes:/home/runner/.m2/repository/com/github/spotbugs/spotbugs-annotations/3.1.12/spotbugs-annotations-3.1.12.jar:/home/runner/.m2/repository/com/google/code/findbugs/jsr305/3.0.0/jsr305-3.0.0.jar:/home/runner/.m2/repository/org/powermock/powermock-module-junit4/2.0.4/powermock-module-junit4-2.0.4.jar:/home/runner/.m2/repository/org/powermock/powermock-module-junit4-common/2.0.4/powermock-module-junit4-common-2.0.4.jar:/home/runner/.m2/repository/org/powermock/powermock-reflect/2.0.4/powermock-reflect-2.0.4.jar:/home/runner/.m2/repository/org/powermock/powermock-core/2.0.4/powermock-core-2.0.4.jar:/home/runner/.m2/repository/org/hamcrest/hamcrest-core/1.3/hamcrest-core-1.3.jar:/home/runner/.m2/repository/org/powermock/powermock-api-mockito2/2.0.4/powermock-api-mockito2-2.0.4.jar:/home/runner/.m2/repository/org/powermock/powermock-api-support/2.0.4/powermock-api-support-2.0.4.jar:/home/runner/work/ozone/ozone/hadoop-hdds/hadoop-dependency-test/target/classes:/home/runner/.m2/repository/org/apache/hadoop/hadoop-common/3.3.1/hadoop-common-3.3.1-tests.jar:/home/runner/.m2/repository/org/apache/hadoop/hadoop-hdfs/3.3.1/hadoop-hdfs-3.3.1-tests.jar:/home/runner/.m2/repository/org/assertj/assertj-core/3.12.2/assertj-core-3.12.2.jar:/home/runner/.m2/repository/org/slf4j/slf4j-log4j12/1.7.30/slf4j-log4j12-1.7.30.jar:/home/runner/.m2/repository/javax/xml/bind/jaxb-api/2.3.0/jaxb-api-2.3.0.jar:/home/runner/.m2/repository/org/glassfish/jaxb/jaxb-runtime/2.3.0.1/jaxb-runtime-2.3.0.1.jar:/home/runner/.m2/repository/org/glassfish/jaxb/jaxb-core/2.3.0.1/jaxb-core-2.3.0.1.jar:/home/runner/.m2/repository/org/glassfish/jaxb/txw2/2.3.0.1/txw2-2.3.0.1.jar:/home/runner/.m2/repository/com/sun/istack/istack-commons-runtime/3.0.5/istack-commons-runtime-3.0.5.jar:/home/runner/.m2/repository/org/jvnet/staxex/stax-ex/1.7.8/stax-ex-1.7.8.jar:/home/runner/.m2/repository/com/sun/xml/fastinfoset/FastInfoset/1.2.13/FastInfoset-1.2.13.jar:/home/runner/.m2/repository/io/netty/netty-transport/4.1.74.Final/netty-transport-4.1.74.Final.jar:/home/runner/.m2/repository/io/netty/netty-common/4.1.74.Final/netty-common-4.1.74.Final.jar:/home/runner/.m2/repository/io/netty/netty-buffer/4.1.74.Final/netty-buffer-4.1.74.Final.jar:/home/runner/.m2/repository/io/netty/netty-resolver/4.1.74.Final/netty-resolver-4.1.74.Final.jar:/home/runner/.m2/repository/io/netty/netty-codec/4.1.74.Final/netty-codec-4.1.74.Final.jar:/home/runner/.m2/repository/io/netty/netty-handler/4.1.74.Final/netty-handler-4.1.74.Final.jar:/home/runner/.m2/repository/io/netty/netty-tcnative-classes/2.0.48.Final/netty-tcnative-classes-2.0.48.Final.jar:/home/runner/.m2/repository/junit/junit/4.13.1/junit-4.13.1.jar:/home/runner/work/ozone/ozone/dev-support/annotations/target/classes:"/>
    <property name="sun.cpu.endian" value="little"/>
    <property name="user.home" value="/home/runner"/>
    <property name="user.language" value="en"/>
    <property name="java.specification.vendor" value="Oracle Corporation"/>
    <property name="java.home" value="/usr/lib/jvm/temurin-8-jdk-amd64/jre"/>
    <property name="java.security.krb5.conf" value="/home/runner/work/ozone/ozone/hadoop-hdds/container-service/target/test-classes/krb5.conf"/>
    <property name="basedir" value="/home/runner/work/ozone/ozone/hadoop-hdds/container-service"/>
    <property name="file.separator" value="/"/>
    <property name="line.separator" value="&#10;"/>
    <property name="java.vm.specification.vendor" value="Oracle Corporation"/>
    <property name="java.specification.name" value="Java Platform API Specification"/>
    <property name="java.awt.graphicsenv" value="sun.awt.X11GraphicsEnvironment"/>
    <property name="skip.installnpx" value="true"/>
    <property name="surefire.real.class.path" value="/home/runner/work/ozone/ozone/hadoop-hdds/container-service/target/surefire/surefirebooter4384820019311760865.jar:/home/runner/.m2/repository/org/jacoco/org.jacoco.agent/0.8.5/org.jacoco.agent-0.8.5-runtime.jar"/>
    <property name="hadoop.log.dir" value="/home/runner/work/ozone/ozone/hadoop-hdds/container-service/target/log"/>
    <property name="sun.boot.class.path" value="/usr/lib/jvm/temurin-8-jdk-amd64/jre/lib/resources.jar:/usr/lib/jvm/temurin-8-jdk-amd64/jre/lib/rt.jar:/usr/lib/jvm/temurin-8-jdk-amd64/jre/lib/sunrsasign.jar:/usr/lib/jvm/temurin-8-jdk-amd64/jre/lib/jsse.jar:/usr/lib/jvm/temurin-8-jdk-amd64/jre/lib/jce.jar:/usr/lib/jvm/temurin-8-jdk-amd64/jre/lib/charsets.jar:/usr/lib/jvm/temurin-8-jdk-amd64/jre/lib/jfr.jar:/usr/lib/jvm/temurin-8-jdk-amd64/jre/classes"/>
    <property name="sun.management.compiler" value="HotSpot 64-Bit Tiered Compilers"/>
    <property name="skip.npx" value="true"/>
    <property name="java.runtime.version" value="1.8.0_332-b09"/>
    <property name="java.net.preferIPv4Stack" value="true"/>
    <property name="user.name" value="runner"/>
    <property name="path.separator" value=":"/>
    <property name="java.security.egd" value="file:///dev/urandom"/>
    <property name="os.version" value="5.4.0-1085-azure"/>
    <property name="java.endorsed.dirs" value="/usr/lib/jvm/temurin-8-jdk-amd64/jre/lib/endorsed"/>
    <property name="java.runtime.name" value="OpenJDK Runtime Environment"/>
    <property name="file.encoding" value="UTF-8"/>
    <property name="java.vm.name" value="OpenJDK 64-Bit Server VM"/>
    <property name="test.build.webapps" value=""/>
    <property name="localRepository" value="/home/runner/.m2/repository"/>
    <property name="java.vendor.url.bug" value="https://github.com/adoptium/adoptium-support/issues"/>
    <property name="java.io.tmpdir" value="/tmp"/>
    <property name="require.test.libhadoop" value=""/>
    <property name="java.version" value="1.8.0_332"/>
    <property name="user.dir" value="/home/runner/work/ozone/ozone/hadoop-hdds/container-service"/>
    <property name="os.arch" value="amd64"/>
    <property name="java.vm.specification.name" value="Java Virtual Machine Specification"/>
    <property name="test.build.classes" value="/home/runner/work/ozone/ozone/hadoop-hdds/container-service/target/test-classes"/>
    <property name="java.awt.printerjob" value="sun.print.PSPrinterJob"/>
    <property name="sun.os.patch.level" value="unknown"/>
    <property name="hadoop.tmp.dir" value="/home/runner/work/ozone/ozone/hadoop-hdds/container-service/target/tmp"/>
    <property name="java.library.path" value="/usr/java/packages/lib/amd64:/usr/lib64:/lib64:/lib:/usr/lib"/>
    <property name="java.vm.info" value="mixed mode"/>
    <property name="java.vendor" value="Temurin"/>
    <property name="java.vm.version" value="25.332-b09"/>
    <property name="java.ext.dirs" value="/usr/lib/jvm/temurin-8-jdk-amd64/jre/lib/ext:/usr/java/packages/lib/ext"/>
    <property name="sun.io.unicode.encoding" value="UnicodeLittle"/>
    <property name="java.class.version" value="52.0"/>
  </properties>
  <testcase name="testCreateContainer" classname="TestContainerPersistence" time="0.577">
    <system-out><![CDATA[2022-07-08 01:03:57,306 [Time-limited test] INFO  volume.HddsVolume (HddsVolume.java:<init>(116)) - Creating HddsVolume: /home/runner/work/ozone/ozone/hadoop-hdds/container-service/target/test-dir/TestContainerPersistence/hdds of storage type : DISK capacity : 9223372036854775807
2022-07-08 01:03:57,315 [Time-limited test] INFO  volume.MutableVolumeSet (MutableVolumeSet.java:initializeVolumeSet(174)) - Added Volume : /home/runner/work/ozone/ozone/hadoop-hdds/container-service/target/test-dir/TestContainerPersistence/hdds to VolumeSet
2022-07-08 01:03:57,757 [Time-limited test] WARN  util.NativeCodeLoader (NativeCodeLoader.java:<clinit>(60)) - Unable to load native-hadoop library for your platform... using builtin-java classes where applicable
2022-07-08 01:03:57,770 [Time-limited test] INFO  impl.TestContainerPersistence (TestContainerPersistence.java:cleanupDir(170)) - Deleting /home/runner/work/ozone/ozone/hadoop-hdds/container-service/target/test-dir/TestContainerPersistence
]]></system-out>
  </testcase>
  <testcase name="testCreateContainer" classname="TestContainerPersistence" time="0.047">
    <system-out><![CDATA[2022-07-08 01:04:00,357 [Time-limited test] INFO  volume.HddsVolume (HddsVolume.java:<init>(116)) - Creating HddsVolume: /home/runner/work/ozone/ozone/hadoop-hdds/container-service/target/test-dir/TestContainerPersistence/hdds of storage type : DISK capacity : 9223372036854775807
2022-07-08 01:04:00,357 [Time-limited test] INFO  volume.MutableVolumeSet (MutableVolumeSet.java:initializeVolumeSet(174)) - Added Volume : /home/runner/work/ozone/ozone/hadoop-hdds/container-service/target/test-dir/TestContainerPersistence/hdds to VolumeSet
2022-07-08 01:04:00,398 [Time-limited test] INFO  impl.TestContainerPersistence (TestContainerPersistence.java:cleanupDir(170)) - Deleting /home/runner/work/ozone/ozone/hadoop-hdds/container-service/target/test-dir/TestContainerPersistence
]]></system-out>
  </testcase>
  <testcase name="testCreateContainer" classname="TestContainerPersistence" time="0.06">
    <system-out><![CDATA[2022-07-08 01:04:02,267 [Time-limited test] INFO  volume.HddsVolume (HddsVolume.java:<init>(116)) - Creating HddsVolume: /home/runner/work/ozone/ozone/hadoop-hdds/container-service/target/test-dir/TestContainerPersistence/hdds of storage type : DISK capacity : 9223372036854775807
2022-07-08 01:04:02,267 [Time-limited test] INFO  volume.MutableVolumeSet (MutableVolumeSet.java:initializeVolumeSet(174)) - Added Volume : /home/runner/work/ozone/ozone/hadoop-hdds/container-service/target/test-dir/TestContainerPersistence/hdds to VolumeSet
2022-07-08 01:04:02,310 [Time-limited test] INFO  volume.HddsVolume (HddsVolume.java:createDbStore(309)) - SchemaV3 db is created and loaded at /home/runner/work/ozone/ozone/hadoop-hdds/container-service/target/test-dir/TestContainerPersistence/hdds/677c7eab-5f36-4d19-a0c8-be8f8bcb5e5b/DS-32e13874-8a04-4359-877a-8b60f8ed89b3/container.db for volume DS-32e13874-8a04-4359-877a-8b60f8ed89b3
2022-07-08 01:04:02,318 [Time-limited test] INFO  impl.TestContainerPersistence (TestContainerPersistence.java:cleanupDir(170)) - Deleting /home/runner/work/ozone/ozone/hadoop-hdds/container-service/target/test-dir/TestContainerPersistence
]]></system-out>
  </testcase>
  <testcase name="testCreateContainer" classname="TestContainerPersistence" time="0.049">
    <system-out><![CDATA[2022-07-08 01:04:03,651 [Time-limited test] INFO  volume.HddsVolume (HddsVolume.java:<init>(116)) - Creating HddsVolume: /home/runner/work/ozone/ozone/hadoop-hdds/container-service/target/test-dir/TestContainerPersistence/hdds of storage type : DISK capacity : 9223372036854775807
2022-07-08 01:04:03,652 [Time-limited test] INFO  volume.MutableVolumeSet (MutableVolumeSet.java:initializeVolumeSet(174)) - Added Volume : /home/runner/work/ozone/ozone/hadoop-hdds/container-service/target/test-dir/TestContainerPersistence/hdds to VolumeSet
2022-07-08 01:04:03,691 [Time-limited test] INFO  impl.TestContainerPersistence (TestContainerPersistence.java:cleanupDir(170)) - Deleting /home/runner/work/ozone/ozone/hadoop-hdds/container-service/target/test-dir/TestContainerPersistence
]]></system-out>
  </testcase>
  <testcase name="testCreateContainer" classname="TestContainerPersistence" time="0.037">
    <system-out><![CDATA[2022-07-08 01:04:04,947 [Time-limited test] INFO  volume.HddsVolume (HddsVolume.java:<init>(116)) - Creating HddsVolume: /home/runner/work/ozone/ozone/hadoop-hdds/container-service/target/test-dir/TestContainerPersistence/hdds of storage type : DISK capacity : 9223372036854775807
2022-07-08 01:04:04,947 [Time-limited test] INFO  volume.MutableVolumeSet (MutableVolumeSet.java:initializeVolumeSet(174)) - Added Volume : /home/runner/work/ozone/ozone/hadoop-hdds/container-service/target/test-dir/TestContainerPersistence/hdds to VolumeSet
2022-07-08 01:04:04,977 [Time-limited test] INFO  impl.TestContainerPersistence (TestContainerPersistence.java:cleanupDir(170)) - Deleting /home/runner/work/ozone/ozone/hadoop-hdds/container-service/target/test-dir/TestContainerPersistence
]]></system-out>
  </testcase>
  <testcase name="testCreateContainer" classname="TestContainerPersistence" time="0.039">
    <system-out><![CDATA[2022-07-08 01:04:06,109 [Time-limited test] INFO  volume.HddsVolume (HddsVolume.java:<init>(116)) - Creating HddsVolume: /home/runner/work/ozone/ozone/hadoop-hdds/container-service/target/test-dir/TestContainerPersistence/hdds of storage type : DISK capacity : 9223372036854775807
2022-07-08 01:04:06,109 [Time-limited test] INFO  volume.MutableVolumeSet (MutableVolumeSet.java:initializeVolumeSet(174)) - Added Volume : /home/runner/work/ozone/ozone/hadoop-hdds/container-service/target/test-dir/TestContainerPersistence/hdds to VolumeSet
2022-07-08 01:04:06,139 [Time-limited test] INFO  volume.HddsVolume (HddsVolume.java:createDbStore(309)) - SchemaV3 db is created and loaded at /home/runner/work/ozone/ozone/hadoop-hdds/container-service/target/test-dir/TestContainerPersistence/hdds/677c7eab-5f36-4d19-a0c8-be8f8bcb5e5b/DS-9dece631-1ad0-47ad-b5fa-65b69f60b51b/container.db for volume DS-9dece631-1ad0-47ad-b5fa-65b69f60b51b
2022-07-08 01:04:06,142 [Time-limited test] INFO  impl.TestContainerPersistence (TestContainerPersistence.java:cleanupDir(170)) - Deleting /home/runner/work/ozone/ozone/hadoop-hdds/container-service/target/test-dir/TestContainerPersistence
]]></system-out>
  </testcase>
  <testcase name="testPutBlock" classname="TestContainerPersistence" time="0.138">
    <system-out><![CDATA[2022-07-08 01:03:57,786 [Time-limited test] INFO  volume.HddsVolume (HddsVolume.java:<init>(116)) - Creating HddsVolume: /home/runner/work/ozone/ozone/hadoop-hdds/container-service/target/test-dir/TestContainerPersistence/hdds of storage type : DISK capacity : 9223372036854775807
2022-07-08 01:03:57,787 [Time-limited test] INFO  volume.MutableVolumeSet (MutableVolumeSet.java:initializeVolumeSet(174)) - Added Volume : /home/runner/work/ozone/ozone/hadoop-hdds/container-service/target/test-dir/TestContainerPersistence/hdds to VolumeSet
2022-07-08 01:03:57,917 [Time-limited test] INFO  impl.TestContainerPersistence (TestContainerPersistence.java:cleanupDir(170)) - Deleting /home/runner/work/ozone/ozone/hadoop-hdds/container-service/target/test-dir/TestContainerPersistence
]]></system-out>
  </testcase>
  <testcase name="testPutBlock" classname="TestContainerPersistence" time="0.052">
    <system-out><![CDATA[2022-07-08 01:04:00,407 [Time-limited test] INFO  volume.HddsVolume (HddsVolume.java:<init>(116)) - Creating HddsVolume: /home/runner/work/ozone/ozone/hadoop-hdds/container-service/target/test-dir/TestContainerPersistence/hdds of storage type : DISK capacity : 9223372036854775807
2022-07-08 01:04:00,407 [Time-limited test] INFO  volume.MutableVolumeSet (MutableVolumeSet.java:initializeVolumeSet(174)) - Added Volume : /home/runner/work/ozone/ozone/hadoop-hdds/container-service/target/test-dir/TestContainerPersistence/hdds to VolumeSet
2022-07-08 01:04:00,450 [Time-limited test] INFO  impl.TestContainerPersistence (TestContainerPersistence.java:cleanupDir(170)) - Deleting /home/runner/work/ozone/ozone/hadoop-hdds/container-service/target/test-dir/TestContainerPersistence
]]></system-out>
  </testcase>
  <testcase name="testPutBlock" classname="TestContainerPersistence" time="0.05">
    <system-out><![CDATA[2022-07-08 01:04:02,327 [Time-limited test] INFO  volume.HddsVolume (HddsVolume.java:<init>(116)) - Creating HddsVolume: /home/runner/work/ozone/ozone/hadoop-hdds/container-service/target/test-dir/TestContainerPersistence/hdds of storage type : DISK capacity : 9223372036854775807
2022-07-08 01:04:02,327 [Time-limited test] INFO  volume.MutableVolumeSet (MutableVolumeSet.java:initializeVolumeSet(174)) - Added Volume : /home/runner/work/ozone/ozone/hadoop-hdds/container-service/target/test-dir/TestContainerPersistence/hdds to VolumeSet
2022-07-08 01:04:02,362 [Time-limited test] INFO  volume.HddsVolume (HddsVolume.java:createDbStore(309)) - SchemaV3 db is created and loaded at /home/runner/work/ozone/ozone/hadoop-hdds/container-service/target/test-dir/TestContainerPersistence/hdds/677c7eab-5f36-4d19-a0c8-be8f8bcb5e5b/DS-dfb25ce8-f55c-4d0c-beca-e35fa0f4c7c3/container.db for volume DS-dfb25ce8-f55c-4d0c-beca-e35fa0f4c7c3
2022-07-08 01:04:02,368 [Time-limited test] INFO  impl.TestContainerPersistence (TestContainerPersistence.java:cleanupDir(170)) - Deleting /home/runner/work/ozone/ozone/hadoop-hdds/container-service/target/test-dir/TestContainerPersistence
]]></system-out>
  </testcase>
  <testcase name="testPutBlock" classname="TestContainerPersistence" time="0.054">
    <system-out><![CDATA[2022-07-08 01:04:03,699 [Time-limited test] INFO  volume.HddsVolume (HddsVolume.java:<init>(116)) - Creating HddsVolume: /home/runner/work/ozone/ozone/hadoop-hdds/container-service/target/test-dir/TestContainerPersistence/hdds of storage type : DISK capacity : 9223372036854775807
2022-07-08 01:04:03,699 [Time-limited test] INFO  volume.MutableVolumeSet (MutableVolumeSet.java:initializeVolumeSet(174)) - Added Volume : /home/runner/work/ozone/ozone/hadoop-hdds/container-service/target/test-dir/TestContainerPersistence/hdds to VolumeSet
2022-07-08 01:04:03,745 [Time-limited test] INFO  impl.TestContainerPersistence (TestContainerPersistence.java:cleanupDir(170)) - Deleting /home/runner/work/ozone/ozone/hadoop-hdds/container-service/target/test-dir/TestContainerPersistence
]]></system-out>
  </testcase>
  <testcase name="testPutBlock" classname="TestContainerPersistence" time="0.034">
    <system-out><![CDATA[2022-07-08 01:04:04,980 [Time-limited test] INFO  volume.HddsVolume (HddsVolume.java:<init>(116)) - Creating HddsVolume: /home/runner/work/ozone/ozone/hadoop-hdds/container-service/target/test-dir/TestContainerPersistence/hdds of storage type : DISK capacity : 9223372036854775807
2022-07-08 01:04:04,981 [Time-limited test] INFO  volume.MutableVolumeSet (MutableVolumeSet.java:initializeVolumeSet(174)) - Added Volume : /home/runner/work/ozone/ozone/hadoop-hdds/container-service/target/test-dir/TestContainerPersistence/hdds to VolumeSet
2022-07-08 01:04:05,011 [Time-limited test] INFO  impl.TestContainerPersistence (TestContainerPersistence.java:cleanupDir(170)) - Deleting /home/runner/work/ozone/ozone/hadoop-hdds/container-service/target/test-dir/TestContainerPersistence
]]></system-out>
  </testcase>
  <testcase name="testPutBlock" classname="TestContainerPersistence" time="0.048">
    <system-out><![CDATA[2022-07-08 01:04:06,151 [Time-limited test] INFO  volume.HddsVolume (HddsVolume.java:<init>(116)) - Creating HddsVolume: /home/runner/work/ozone/ozone/hadoop-hdds/container-service/target/test-dir/TestContainerPersistence/hdds of storage type : DISK capacity : 9223372036854775807
2022-07-08 01:04:06,151 [Time-limited test] INFO  volume.MutableVolumeSet (MutableVolumeSet.java:initializeVolumeSet(174)) - Added Volume : /home/runner/work/ozone/ozone/hadoop-hdds/container-service/target/test-dir/TestContainerPersistence/hdds to VolumeSet
2022-07-08 01:04:06,183 [Time-limited test] INFO  volume.HddsVolume (HddsVolume.java:createDbStore(309)) - SchemaV3 db is created and loaded at /home/runner/work/ozone/ozone/hadoop-hdds/container-service/target/test-dir/TestContainerPersistence/hdds/677c7eab-5f36-4d19-a0c8-be8f8bcb5e5b/DS-c8f13b5d-d5a3-4d85-81f3-eccc12841639/container.db for volume DS-c8f13b5d-d5a3-4d85-81f3-eccc12841639
2022-07-08 01:04:06,190 [Time-limited test] INFO  impl.TestContainerPersistence (TestContainerPersistence.java:cleanupDir(170)) - Deleting /home/runner/work/ozone/ozone/hadoop-hdds/container-service/target/test-dir/TestContainerPersistence
]]></system-out>
  </testcase>
  <testcase name="testDeleteChunk" classname="TestContainerPersistence" time="0.12">
    <system-out><![CDATA[2022-07-08 01:03:57,932 [Time-limited test] INFO  volume.HddsVolume (HddsVolume.java:<init>(116)) - Creating HddsVolume: /home/runner/work/ozone/ozone/hadoop-hdds/container-service/target/test-dir/TestContainerPersistence/hdds of storage type : DISK capacity : 9223372036854775807
2022-07-08 01:03:57,933 [Time-limited test] INFO  volume.MutableVolumeSet (MutableVolumeSet.java:initializeVolumeSet(174)) - Added Volume : /home/runner/work/ozone/ozone/hadoop-hdds/container-service/target/test-dir/TestContainerPersistence/hdds to VolumeSet
2022-07-08 01:03:57,996 [Time-limited test] INFO  impl.FilePerChunkStrategy (FilePerChunkStrategy.java:deleteChunk(322)) - Deleted chunk file /home/runner/work/ozone/ozone/hadoop-hdds/container-service/target/test-dir/TestContainerPersistence/hdds/677c7eab-5f36-4d19-a0c8-be8f8bcb5e5b/current/containerDir221/1657242237947/chunks/1657242237989.data.1 (size 1024) for chunk ChunkInfo{chunkName='1657242237989.data.1, offset=0, len=1024}
2022-07-08 01:03:58,033 [Time-limited test] INFO  impl.TestContainerPersistence (TestContainerPersistence.java:cleanupDir(170)) - Deleting /home/runner/work/ozone/ozone/hadoop-hdds/container-service/target/test-dir/TestContainerPersistence
]]></system-out>
  </testcase>
  <testcase name="testDeleteChunk" classname="TestContainerPersistence" time="0.051">
    <system-out><![CDATA[2022-07-08 01:04:00,459 [Time-limited test] INFO  volume.HddsVolume (HddsVolume.java:<init>(116)) - Creating HddsVolume: /home/runner/work/ozone/ozone/hadoop-hdds/container-service/target/test-dir/TestContainerPersistence/hdds of storage type : DISK capacity : 9223372036854775807
2022-07-08 01:04:00,459 [Time-limited test] INFO  volume.MutableVolumeSet (MutableVolumeSet.java:initializeVolumeSet(174)) - Added Volume : /home/runner/work/ozone/ozone/hadoop-hdds/container-service/target/test-dir/TestContainerPersistence/hdds to VolumeSet
2022-07-08 01:04:00,500 [Time-limited test] INFO  impl.FilePerChunkStrategy (FilePerChunkStrategy.java:deleteChunk(322)) - Deleted chunk file /home/runner/work/ozone/ozone/hadoop-hdds/container-service/target/test-dir/TestContainerPersistence/hdds/677c7eab-5f36-4d19-a0c8-be8f8bcb5e5b/current/containerDir226/1657242240467/chunks/1657242240500.data.1 (size 1024) for chunk ChunkInfo{chunkName='1657242240500.data.1, offset=0, len=1024}
2022-07-08 01:04:00,501 [Time-limited test] INFO  impl.TestContainerPersistence (TestContainerPersistence.java:cleanupDir(170)) - Deleting /home/runner/work/ozone/ozone/hadoop-hdds/container-service/target/test-dir/TestContainerPersistence
]]></system-out>
  </testcase>
  <testcase name="testDeleteChunk" classname="TestContainerPersistence" time="0.056">
    <system-out><![CDATA[2022-07-08 01:04:02,375 [Time-limited test] INFO  volume.HddsVolume (HddsVolume.java:<init>(116)) - Creating HddsVolume: /home/runner/work/ozone/ozone/hadoop-hdds/container-service/target/test-dir/TestContainerPersistence/hdds of storage type : DISK capacity : 9223372036854775807
2022-07-08 01:04:02,375 [Time-limited test] INFO  volume.MutableVolumeSet (MutableVolumeSet.java:initializeVolumeSet(174)) - Added Volume : /home/runner/work/ozone/ozone/hadoop-hdds/container-service/target/test-dir/TestContainerPersistence/hdds to VolumeSet
2022-07-08 01:04:02,413 [Time-limited test] INFO  volume.HddsVolume (HddsVolume.java:createDbStore(309)) - SchemaV3 db is created and loaded at /home/runner/work/ozone/ozone/hadoop-hdds/container-service/target/test-dir/TestContainerPersistence/hdds/677c7eab-5f36-4d19-a0c8-be8f8bcb5e5b/DS-48d4ecaf-9980-441f-b5af-4df489041f4b/container.db for volume DS-48d4ecaf-9980-441f-b5af-4df489041f4b
2022-07-08 01:04:02,417 [Time-limited test] INFO  impl.FilePerChunkStrategy (FilePerChunkStrategy.java:deleteChunk(322)) - Deleted chunk file /home/runner/work/ozone/ozone/hadoop-hdds/container-service/target/test-dir/TestContainerPersistence/hdds/677c7eab-5f36-4d19-a0c8-be8f8bcb5e5b/current/containerDir230/1657242242413/chunks/1657242242417.data.1 (size 1024) for chunk ChunkInfo{chunkName='1657242242417.data.1, offset=0, len=1024}
2022-07-08 01:04:02,422 [Time-limited test] INFO  impl.TestContainerPersistence (TestContainerPersistence.java:cleanupDir(170)) - Deleting /home/runner/work/ozone/ozone/hadoop-hdds/container-service/target/test-dir/TestContainerPersistence
]]></system-out>
  </testcase>
  <testcase name="testDeleteChunk" classname="TestContainerPersistence" time="0.043">
    <system-out><![CDATA[2022-07-08 01:04:03,751 [Time-limited test] INFO  volume.HddsVolume (HddsVolume.java:<init>(116)) - Creating HddsVolume: /home/runner/work/ozone/ozone/hadoop-hdds/container-service/target/test-dir/TestContainerPersistence/hdds of storage type : DISK capacity : 9223372036854775807
2022-07-08 01:04:03,751 [Time-limited test] INFO  volume.MutableVolumeSet (MutableVolumeSet.java:initializeVolumeSet(174)) - Added Volume : /home/runner/work/ozone/ozone/hadoop-hdds/container-service/target/test-dir/TestContainerPersistence/hdds to VolumeSet
2022-07-08 01:04:03,788 [Time-limited test] INFO  impl.FilePerBlockStrategy (FilePerBlockStrategy.java:deleteChunk(232)) - Deleted block file: /home/runner/work/ozone/ozone/hadoop-hdds/container-service/target/test-dir/TestContainerPersistence/hdds/677c7eab-5f36-4d19-a0c8-be8f8bcb5e5b/current/containerDir233/1657242243757/chunks/1657242243787.block
2022-07-08 01:04:03,788 [Time-limited test] INFO  impl.TestContainerPersistence (TestContainerPersistence.java:cleanupDir(170)) - Deleting /home/runner/work/ozone/ozone/hadoop-hdds/container-service/target/test-dir/TestContainerPersistence
]]></system-out>
  </testcase>
  <testcase name="testDeleteChunk" classname="TestContainerPersistence" time="0.038">
    <system-out><![CDATA[2022-07-08 01:04:05,014 [Time-limited test] INFO  volume.HddsVolume (HddsVolume.java:<init>(116)) - Creating HddsVolume: /home/runner/work/ozone/ozone/hadoop-hdds/container-service/target/test-dir/TestContainerPersistence/hdds of storage type : DISK capacity : 9223372036854775807
2022-07-08 01:04:05,014 [Time-limited test] INFO  volume.MutableVolumeSet (MutableVolumeSet.java:initializeVolumeSet(174)) - Added Volume : /home/runner/work/ozone/ozone/hadoop-hdds/container-service/target/test-dir/TestContainerPersistence/hdds to VolumeSet
2022-07-08 01:04:05,048 [Time-limited test] INFO  impl.FilePerBlockStrategy (FilePerBlockStrategy.java:deleteChunk(232)) - Deleted block file: /home/runner/work/ozone/ozone/hadoop-hdds/container-service/target/test-dir/TestContainerPersistence/hdds/677c7eab-5f36-4d19-a0c8-be8f8bcb5e5b/current/containerDir235/1657242245020/chunks/1657242245048.block
2022-07-08 01:04:05,049 [Time-limited test] INFO  impl.TestContainerPersistence (TestContainerPersistence.java:cleanupDir(170)) - Deleting /home/runner/work/ozone/ozone/hadoop-hdds/container-service/target/test-dir/TestContainerPersistence
]]></system-out>
  </testcase>
  <testcase name="testDeleteChunk" classname="TestContainerPersistence" time="0.037">
    <system-out><![CDATA[2022-07-08 01:04:06,193 [Time-limited test] INFO  volume.HddsVolume (HddsVolume.java:<init>(116)) - Creating HddsVolume: /home/runner/work/ozone/ozone/hadoop-hdds/container-service/target/test-dir/TestContainerPersistence/hdds of storage type : DISK capacity : 9223372036854775807
2022-07-08 01:04:06,193 [Time-limited test] INFO  volume.MutableVolumeSet (MutableVolumeSet.java:initializeVolumeSet(174)) - Added Volume : /home/runner/work/ozone/ozone/hadoop-hdds/container-service/target/test-dir/TestContainerPersistence/hdds to VolumeSet
2022-07-08 01:04:06,222 [Time-limited test] INFO  volume.HddsVolume (HddsVolume.java:createDbStore(309)) - SchemaV3 db is created and loaded at /home/runner/work/ozone/ozone/hadoop-hdds/container-service/target/test-dir/TestContainerPersistence/hdds/677c7eab-5f36-4d19-a0c8-be8f8bcb5e5b/DS-379c9045-9d8e-443c-84a6-d29bd0d2222d/container.db for volume DS-379c9045-9d8e-443c-84a6-d29bd0d2222d
2022-07-08 01:04:06,227 [Time-limited test] INFO  impl.FilePerBlockStrategy (FilePerBlockStrategy.java:deleteChunk(232)) - Deleted block file: /home/runner/work/ozone/ozone/hadoop-hdds/container-service/target/test-dir/TestContainerPersistence/hdds/677c7eab-5f36-4d19-a0c8-be8f8bcb5e5b/current/containerDir238/1657242246223/chunks/1657242246226.block
2022-07-08 01:04:06,227 [Time-limited test] INFO  impl.TestContainerPersistence (TestContainerPersistence.java:cleanupDir(170)) - Deleting /home/runner/work/ozone/ozone/hadoop-hdds/container-service/target/test-dir/TestContainerPersistence
]]></system-out>
  </testcase>
  <testcase name="testWriteChunk" classname="TestContainerPersistence" time="0.065">
    <system-out><![CDATA[2022-07-08 01:03:58,049 [Time-limited test] INFO  volume.HddsVolume (HddsVolume.java:<init>(116)) - Creating HddsVolume: /home/runner/work/ozone/ozone/hadoop-hdds/container-service/target/test-dir/TestContainerPersistence/hdds of storage type : DISK capacity : 9223372036854775807
2022-07-08 01:03:58,050 [Time-limited test] INFO  volume.MutableVolumeSet (MutableVolumeSet.java:initializeVolumeSet(174)) - Added Volume : /home/runner/work/ozone/ozone/hadoop-hdds/container-service/target/test-dir/TestContainerPersistence/hdds to VolumeSet
2022-07-08 01:03:58,104 [Time-limited test] INFO  impl.TestContainerPersistence (TestContainerPersistence.java:cleanupDir(170)) - Deleting /home/runner/work/ozone/ozone/hadoop-hdds/container-service/target/test-dir/TestContainerPersistence
]]></system-out>
  </testcase>
  <testcase name="testWriteChunk" classname="TestContainerPersistence" time="0.049">
    <system-out><![CDATA[2022-07-08 01:04:00,507 [Time-limited test] INFO  volume.HddsVolume (HddsVolume.java:<init>(116)) - Creating HddsVolume: /home/runner/work/ozone/ozone/hadoop-hdds/container-service/target/test-dir/TestContainerPersistence/hdds of storage type : DISK capacity : 9223372036854775807
2022-07-08 01:04:00,508 [Time-limited test] INFO  volume.MutableVolumeSet (MutableVolumeSet.java:initializeVolumeSet(174)) - Added Volume : /home/runner/work/ozone/ozone/hadoop-hdds/container-service/target/test-dir/TestContainerPersistence/hdds to VolumeSet
2022-07-08 01:04:00,550 [Time-limited test] INFO  impl.TestContainerPersistence (TestContainerPersistence.java:cleanupDir(170)) - Deleting /home/runner/work/ozone/ozone/hadoop-hdds/container-service/target/test-dir/TestContainerPersistence
]]></system-out>
  </testcase>
  <testcase name="testWriteChunk" classname="TestContainerPersistence" time="0.057">
    <system-out><![CDATA[2022-07-08 01:04:02,433 [Time-limited test] INFO  volume.HddsVolume (HddsVolume.java:<init>(116)) - Creating HddsVolume: /home/runner/work/ozone/ozone/hadoop-hdds/container-service/target/test-dir/TestContainerPersistence/hdds of storage type : DISK capacity : 9223372036854775807
2022-07-08 01:04:02,433 [Time-limited test] INFO  volume.MutableVolumeSet (MutableVolumeSet.java:initializeVolumeSet(174)) - Added Volume : /home/runner/work/ozone/ozone/hadoop-hdds/container-service/target/test-dir/TestContainerPersistence/hdds to VolumeSet
2022-07-08 01:04:02,472 [Time-limited test] INFO  volume.HddsVolume (HddsVolume.java:createDbStore(309)) - SchemaV3 db is created and loaded at /home/runner/work/ozone/ozone/hadoop-hdds/container-service/target/test-dir/TestContainerPersistence/hdds/677c7eab-5f36-4d19-a0c8-be8f8bcb5e5b/DS-2514d2fe-8e0f-496f-a189-7087d0281ae1/container.db for volume DS-2514d2fe-8e0f-496f-a189-7087d0281ae1
2022-07-08 01:04:02,478 [Time-limited test] INFO  impl.TestContainerPersistence (TestContainerPersistence.java:cleanupDir(170)) - Deleting /home/runner/work/ozone/ozone/hadoop-hdds/container-service/target/test-dir/TestContainerPersistence
]]></system-out>
  </testcase>
  <testcase name="testWriteChunk" classname="TestContainerPersistence" time="0.054">
    <system-out><![CDATA[2022-07-08 01:04:03,798 [Time-limited test] INFO  volume.HddsVolume (HddsVolume.java:<init>(116)) - Creating HddsVolume: /home/runner/work/ozone/ozone/hadoop-hdds/container-service/target/test-dir/TestContainerPersistence/hdds of storage type : DISK capacity : 9223372036854775807
2022-07-08 01:04:03,798 [Time-limited test] INFO  volume.MutableVolumeSet (MutableVolumeSet.java:initializeVolumeSet(174)) - Added Volume : /home/runner/work/ozone/ozone/hadoop-hdds/container-service/target/test-dir/TestContainerPersistence/hdds to VolumeSet
2022-07-08 01:04:03,842 [Time-limited test] INFO  impl.TestContainerPersistence (TestContainerPersistence.java:cleanupDir(170)) - Deleting /home/runner/work/ozone/ozone/hadoop-hdds/container-service/target/test-dir/TestContainerPersistence
]]></system-out>
  </testcase>
  <testcase name="testWriteChunk" classname="TestContainerPersistence" time="0.035">
    <system-out><![CDATA[2022-07-08 01:04:05,053 [Time-limited test] INFO  volume.HddsVolume (HddsVolume.java:<init>(116)) - Creating HddsVolume: /home/runner/work/ozone/ozone/hadoop-hdds/container-service/target/test-dir/TestContainerPersistence/hdds of storage type : DISK capacity : 9223372036854775807
2022-07-08 01:04:05,053 [Time-limited test] INFO  volume.MutableVolumeSet (MutableVolumeSet.java:initializeVolumeSet(174)) - Added Volume : /home/runner/work/ozone/ozone/hadoop-hdds/container-service/target/test-dir/TestContainerPersistence/hdds to VolumeSet
2022-07-08 01:04:05,085 [Time-limited test] INFO  impl.TestContainerPersistence (TestContainerPersistence.java:cleanupDir(170)) - Deleting /home/runner/work/ozone/ozone/hadoop-hdds/container-service/target/test-dir/TestContainerPersistence
]]></system-out>
  </testcase>
  <testcase name="testWriteChunk" classname="TestContainerPersistence" time="0.034">
    <system-out><![CDATA[2022-07-08 01:04:06,230 [Time-limited test] INFO  volume.HddsVolume (HddsVolume.java:<init>(116)) - Creating HddsVolume: /home/runner/work/ozone/ozone/hadoop-hdds/container-service/target/test-dir/TestContainerPersistence/hdds of storage type : DISK capacity : 9223372036854775807
2022-07-08 01:04:06,230 [Time-limited test] INFO  volume.MutableVolumeSet (MutableVolumeSet.java:initializeVolumeSet(174)) - Added Volume : /home/runner/work/ozone/ozone/hadoop-hdds/container-service/target/test-dir/TestContainerPersistence/hdds to VolumeSet
2022-07-08 01:04:06,256 [Time-limited test] INFO  volume.HddsVolume (HddsVolume.java:createDbStore(309)) - SchemaV3 db is created and loaded at /home/runner/work/ozone/ozone/hadoop-hdds/container-service/target/test-dir/TestContainerPersistence/hdds/677c7eab-5f36-4d19-a0c8-be8f8bcb5e5b/DS-41287445-b551-4c60-ae08-e9006a5c3ae2/container.db for volume DS-41287445-b551-4c60-ae08-e9006a5c3ae2
2022-07-08 01:04:06,261 [Time-limited test] INFO  impl.TestContainerPersistence (TestContainerPersistence.java:cleanupDir(170)) - Deleting /home/runner/work/ozone/ozone/hadoop-hdds/container-service/target/test-dir/TestContainerPersistence
]]></system-out>
  </testcase>
  <testcase name="testPutBlockWithInvalidBCSId" classname="TestContainerPersistence" time="0.06">
    <system-out><![CDATA[2022-07-08 01:03:58,111 [Time-limited test] INFO  volume.HddsVolume (HddsVolume.java:<init>(116)) - Creating HddsVolume: /home/runner/work/ozone/ozone/hadoop-hdds/container-service/target/test-dir/TestContainerPersistence/hdds of storage type : DISK capacity : 9223372036854775807
2022-07-08 01:03:58,112 [Time-limited test] INFO  volume.MutableVolumeSet (MutableVolumeSet.java:initializeVolumeSet(174)) - Added Volume : /home/runner/work/ozone/ozone/hadoop-hdds/container-service/target/test-dir/TestContainerPersistence/hdds to VolumeSet
2022-07-08 01:03:58,160 [Time-limited test] INFO  impl.TestContainerPersistence (TestContainerPersistence.java:cleanupDir(170)) - Deleting /home/runner/work/ozone/ozone/hadoop-hdds/container-service/target/test-dir/TestContainerPersistence
]]></system-out>
  </testcase>
  <testcase name="testPutBlockWithInvalidBCSId" classname="TestContainerPersistence" time="0.045">
    <system-out><![CDATA[2022-07-08 01:04:00,555 [Time-limited test] INFO  volume.HddsVolume (HddsVolume.java:<init>(116)) - Creating HddsVolume: /home/runner/work/ozone/ozone/hadoop-hdds/container-service/target/test-dir/TestContainerPersistence/hdds of storage type : DISK capacity : 9223372036854775807
2022-07-08 01:04:00,555 [Time-limited test] INFO  volume.MutableVolumeSet (MutableVolumeSet.java:initializeVolumeSet(174)) - Added Volume : /home/runner/work/ozone/ozone/hadoop-hdds/container-service/target/test-dir/TestContainerPersistence/hdds to VolumeSet
2022-07-08 01:04:00,594 [Time-limited test] INFO  impl.TestContainerPersistence (TestContainerPersistence.java:cleanupDir(170)) - Deleting /home/runner/work/ozone/ozone/hadoop-hdds/container-service/target/test-dir/TestContainerPersistence
]]></system-out>
  </testcase>
  <testcase name="testPutBlockWithInvalidBCSId" classname="TestContainerPersistence" time="0.044">
    <system-out><![CDATA[2022-07-08 01:04:02,484 [Time-limited test] INFO  volume.HddsVolume (HddsVolume.java:<init>(116)) - Creating HddsVolume: /home/runner/work/ozone/ozone/hadoop-hdds/container-service/target/test-dir/TestContainerPersistence/hdds of storage type : DISK capacity : 9223372036854775807
2022-07-08 01:04:02,484 [Time-limited test] INFO  volume.MutableVolumeSet (MutableVolumeSet.java:initializeVolumeSet(174)) - Added Volume : /home/runner/work/ozone/ozone/hadoop-hdds/container-service/target/test-dir/TestContainerPersistence/hdds to VolumeSet
2022-07-08 01:04:02,518 [Time-limited test] INFO  volume.HddsVolume (HddsVolume.java:createDbStore(309)) - SchemaV3 db is created and loaded at /home/runner/work/ozone/ozone/hadoop-hdds/container-service/target/test-dir/TestContainerPersistence/hdds/677c7eab-5f36-4d19-a0c8-be8f8bcb5e5b/DS-2a5301a5-a926-478f-8118-6214972ac271/container.db for volume DS-2a5301a5-a926-478f-8118-6214972ac271
2022-07-08 01:04:02,525 [Time-limited test] INFO  impl.TestContainerPersistence (TestContainerPersistence.java:cleanupDir(170)) - Deleting /home/runner/work/ozone/ozone/hadoop-hdds/container-service/target/test-dir/TestContainerPersistence
]]></system-out>
  </testcase>
  <testcase name="testPutBlockWithInvalidBCSId" classname="TestContainerPersistence" time="0.04">
    <system-out><![CDATA[2022-07-08 01:04:03,847 [Time-limited test] INFO  volume.HddsVolume (HddsVolume.java:<init>(116)) - Creating HddsVolume: /home/runner/work/ozone/ozone/hadoop-hdds/container-service/target/test-dir/TestContainerPersistence/hdds of storage type : DISK capacity : 9223372036854775807
2022-07-08 01:04:03,847 [Time-limited test] INFO  volume.MutableVolumeSet (MutableVolumeSet.java:initializeVolumeSet(174)) - Added Volume : /home/runner/work/ozone/ozone/hadoop-hdds/container-service/target/test-dir/TestContainerPersistence/hdds to VolumeSet
2022-07-08 01:04:03,883 [Time-limited test] INFO  impl.TestContainerPersistence (TestContainerPersistence.java:cleanupDir(170)) - Deleting /home/runner/work/ozone/ozone/hadoop-hdds/container-service/target/test-dir/TestContainerPersistence
]]></system-out>
  </testcase>
  <testcase name="testPutBlockWithInvalidBCSId" classname="TestContainerPersistence" time="0.038">
    <system-out><![CDATA[2022-07-08 01:04:05,088 [Time-limited test] INFO  volume.HddsVolume (HddsVolume.java:<init>(116)) - Creating HddsVolume: /home/runner/work/ozone/ozone/hadoop-hdds/container-service/target/test-dir/TestContainerPersistence/hdds of storage type : DISK capacity : 9223372036854775807
2022-07-08 01:04:05,088 [Time-limited test] INFO  volume.MutableVolumeSet (MutableVolumeSet.java:initializeVolumeSet(174)) - Added Volume : /home/runner/work/ozone/ozone/hadoop-hdds/container-service/target/test-dir/TestContainerPersistence/hdds to VolumeSet
2022-07-08 01:04:05,124 [Time-limited test] INFO  impl.TestContainerPersistence (TestContainerPersistence.java:cleanupDir(170)) - Deleting /home/runner/work/ozone/ozone/hadoop-hdds/container-service/target/test-dir/TestContainerPersistence
]]></system-out>
  </testcase>
  <testcase name="testPutBlockWithInvalidBCSId" classname="TestContainerPersistence" time="0.037">
    <system-out><![CDATA[2022-07-08 01:04:06,264 [Time-limited test] INFO  volume.HddsVolume (HddsVolume.java:<init>(116)) - Creating HddsVolume: /home/runner/work/ozone/ozone/hadoop-hdds/container-service/target/test-dir/TestContainerPersistence/hdds of storage type : DISK capacity : 9223372036854775807
2022-07-08 01:04:06,264 [Time-limited test] INFO  volume.MutableVolumeSet (MutableVolumeSet.java:initializeVolumeSet(174)) - Added Volume : /home/runner/work/ozone/ozone/hadoop-hdds/container-service/target/test-dir/TestContainerPersistence/hdds to VolumeSet
2022-07-08 01:04:06,291 [Time-limited test] INFO  volume.HddsVolume (HddsVolume.java:createDbStore(309)) - SchemaV3 db is created and loaded at /home/runner/work/ozone/ozone/hadoop-hdds/container-service/target/test-dir/TestContainerPersistence/hdds/677c7eab-5f36-4d19-a0c8-be8f8bcb5e5b/DS-b9e03ade-b0f6-4dd6-ad4d-b36dbef5fc7b/container.db for volume DS-b9e03ade-b0f6-4dd6-ad4d-b36dbef5fc7b
2022-07-08 01:04:06,299 [Time-limited test] INFO  impl.TestContainerPersistence (TestContainerPersistence.java:cleanupDir(170)) - Deleting /home/runner/work/ozone/ozone/hadoop-hdds/container-service/target/test-dir/TestContainerPersistence
]]></system-out>
  </testcase>
  <testcase name="testListBlock" classname="TestContainerPersistence" time="0.082">
    <system-out><![CDATA[2022-07-08 01:03:58,173 [Time-limited test] INFO  volume.HddsVolume (HddsVolume.java:<init>(116)) - Creating HddsVolume: /home/runner/work/ozone/ozone/hadoop-hdds/container-service/target/test-dir/TestContainerPersistence/hdds of storage type : DISK capacity : 9223372036854775807
2022-07-08 01:03:58,173 [Time-limited test] INFO  volume.MutableVolumeSet (MutableVolumeSet.java:initializeVolumeSet(174)) - Added Volume : /home/runner/work/ozone/ozone/hadoop-hdds/container-service/target/test-dir/TestContainerPersistence/hdds to VolumeSet
2022-07-08 01:03:58,244 [Time-limited test] INFO  impl.TestContainerPersistence (TestContainerPersistence.java:cleanupDir(170)) - Deleting /home/runner/work/ozone/ozone/hadoop-hdds/container-service/target/test-dir/TestContainerPersistence
]]></system-out>
  </testcase>
  <testcase name="testListBlock" classname="TestContainerPersistence" time="0.046">
    <system-out><![CDATA[2022-07-08 01:04:00,600 [Time-limited test] INFO  volume.HddsVolume (HddsVolume.java:<init>(116)) - Creating HddsVolume: /home/runner/work/ozone/ozone/hadoop-hdds/container-service/target/test-dir/TestContainerPersistence/hdds of storage type : DISK capacity : 9223372036854775807
2022-07-08 01:04:00,600 [Time-limited test] INFO  volume.MutableVolumeSet (MutableVolumeSet.java:initializeVolumeSet(174)) - Added Volume : /home/runner/work/ozone/ozone/hadoop-hdds/container-service/target/test-dir/TestContainerPersistence/hdds to VolumeSet
2022-07-08 01:04:00,642 [Time-limited test] INFO  impl.TestContainerPersistence (TestContainerPersistence.java:cleanupDir(170)) - Deleting /home/runner/work/ozone/ozone/hadoop-hdds/container-service/target/test-dir/TestContainerPersistence
]]></system-out>
  </testcase>
  <testcase name="testListBlock" classname="TestContainerPersistence" time="0.046">
    <system-out><![CDATA[2022-07-08 01:04:02,531 [Time-limited test] INFO  volume.HddsVolume (HddsVolume.java:<init>(116)) - Creating HddsVolume: /home/runner/work/ozone/ozone/hadoop-hdds/container-service/target/test-dir/TestContainerPersistence/hdds of storage type : DISK capacity : 9223372036854775807
2022-07-08 01:04:02,531 [Time-limited test] INFO  volume.MutableVolumeSet (MutableVolumeSet.java:initializeVolumeSet(174)) - Added Volume : /home/runner/work/ozone/ozone/hadoop-hdds/container-service/target/test-dir/TestContainerPersistence/hdds to VolumeSet
2022-07-08 01:04:02,562 [Time-limited test] INFO  volume.HddsVolume (HddsVolume.java:createDbStore(309)) - SchemaV3 db is created and loaded at /home/runner/work/ozone/ozone/hadoop-hdds/container-service/target/test-dir/TestContainerPersistence/hdds/677c7eab-5f36-4d19-a0c8-be8f8bcb5e5b/DS-40f5bcb9-686d-4b4b-a5e5-2d92738cad77/container.db for volume DS-40f5bcb9-686d-4b4b-a5e5-2d92738cad77
2022-07-08 01:04:02,571 [Time-limited test] INFO  impl.TestContainerPersistence (TestContainerPersistence.java:cleanupDir(170)) - Deleting /home/runner/work/ozone/ozone/hadoop-hdds/container-service/target/test-dir/TestContainerPersistence
]]></system-out>
  </testcase>
  <testcase name="testListBlock" classname="TestContainerPersistence" time="0.044">
    <system-out><![CDATA[2022-07-08 01:04:03,887 [Time-limited test] INFO  volume.HddsVolume (HddsVolume.java:<init>(116)) - Creating HddsVolume: /home/runner/work/ozone/ozone/hadoop-hdds/container-service/target/test-dir/TestContainerPersistence/hdds of storage type : DISK capacity : 9223372036854775807
2022-07-08 01:04:03,887 [Time-limited test] INFO  volume.MutableVolumeSet (MutableVolumeSet.java:initializeVolumeSet(174)) - Added Volume : /home/runner/work/ozone/ozone/hadoop-hdds/container-service/target/test-dir/TestContainerPersistence/hdds to VolumeSet
2022-07-08 01:04:03,926 [Time-limited test] INFO  impl.TestContainerPersistence (TestContainerPersistence.java:cleanupDir(170)) - Deleting /home/runner/work/ozone/ozone/hadoop-hdds/container-service/target/test-dir/TestContainerPersistence
]]></system-out>
  </testcase>
  <testcase name="testListBlock" classname="TestContainerPersistence" time="0.043">
    <system-out><![CDATA[2022-07-08 01:04:05,127 [Time-limited test] INFO  volume.HddsVolume (HddsVolume.java:<init>(116)) - Creating HddsVolume: /home/runner/work/ozone/ozone/hadoop-hdds/container-service/target/test-dir/TestContainerPersistence/hdds of storage type : DISK capacity : 9223372036854775807
2022-07-08 01:04:05,127 [Time-limited test] INFO  volume.MutableVolumeSet (MutableVolumeSet.java:initializeVolumeSet(174)) - Added Volume : /home/runner/work/ozone/ozone/hadoop-hdds/container-service/target/test-dir/TestContainerPersistence/hdds to VolumeSet
2022-07-08 01:04:05,166 [Time-limited test] INFO  impl.TestContainerPersistence (TestContainerPersistence.java:cleanupDir(170)) - Deleting /home/runner/work/ozone/ozone/hadoop-hdds/container-service/target/test-dir/TestContainerPersistence
]]></system-out>
  </testcase>
  <testcase name="testListBlock" classname="TestContainerPersistence" time="0.043">
    <system-out><![CDATA[2022-07-08 01:04:06,301 [Time-limited test] INFO  volume.HddsVolume (HddsVolume.java:<init>(116)) - Creating HddsVolume: /home/runner/work/ozone/ozone/hadoop-hdds/container-service/target/test-dir/TestContainerPersistence/hdds of storage type : DISK capacity : 9223372036854775807
2022-07-08 01:04:06,301 [Time-limited test] INFO  volume.MutableVolumeSet (MutableVolumeSet.java:initializeVolumeSet(174)) - Added Volume : /home/runner/work/ozone/ozone/hadoop-hdds/container-service/target/test-dir/TestContainerPersistence/hdds to VolumeSet
2022-07-08 01:04:06,329 [Time-limited test] INFO  volume.HddsVolume (HddsVolume.java:createDbStore(309)) - SchemaV3 db is created and loaded at /home/runner/work/ozone/ozone/hadoop-hdds/container-service/target/test-dir/TestContainerPersistence/hdds/677c7eab-5f36-4d19-a0c8-be8f8bcb5e5b/DS-af63479c-8f04-49cb-ae0a-2b12c203618b/container.db for volume DS-af63479c-8f04-49cb-ae0a-2b12c203618b
2022-07-08 01:04:06,341 [Time-limited test] INFO  impl.TestContainerPersistence (TestContainerPersistence.java:cleanupDir(170)) - Deleting /home/runner/work/ozone/ozone/hadoop-hdds/container-service/target/test-dir/TestContainerPersistence
]]></system-out>
  </testcase>
  <testcase name="testGetContainerReports" classname="TestContainerPersistence" time="0.387">
    <system-out><![CDATA[2022-07-08 01:03:58,258 [Time-limited test] INFO  volume.HddsVolume (HddsVolume.java:<init>(116)) - Creating HddsVolume: /home/runner/work/ozone/ozone/hadoop-hdds/container-service/target/test-dir/TestContainerPersistence/hdds of storage type : DISK capacity : 9223372036854775807
2022-07-08 01:03:58,258 [Time-limited test] INFO  volume.MutableVolumeSet (MutableVolumeSet.java:initializeVolumeSet(174)) - Added Volume : /home/runner/work/ozone/ozone/hadoop-hdds/container-service/target/test-dir/TestContainerPersistence/hdds to VolumeSet
2022-07-08 01:03:58,310 [Time-limited test] INFO  keyvalue.KeyValueContainer (KeyValueContainer.java:flushAndSyncDB(431)) - Container 1657242238267 is synced with bcsId 0.
2022-07-08 01:03:58,310 [Time-limited test] INFO  keyvalue.KeyValueContainer (KeyValueContainer.java:flushAndSyncDB(431)) - Container 1657242238267 is synced with bcsId 0.
2022-07-08 01:03:58,316 [Time-limited test] INFO  keyvalue.KeyValueContainer (KeyValueContainer.java:close(346)) - Container 1657242238267 is closed with bcsId 0.
2022-07-08 01:03:58,417 [Time-limited test] INFO  keyvalue.KeyValueContainer (KeyValueContainer.java:flushAndSyncDB(431)) - Container 1657242238385 is synced with bcsId 0.
2022-07-08 01:03:58,417 [Time-limited test] INFO  keyvalue.KeyValueContainer (KeyValueContainer.java:flushAndSyncDB(431)) - Container 1657242238385 is synced with bcsId 0.
2022-07-08 01:03:58,425 [Time-limited test] INFO  keyvalue.KeyValueContainer (KeyValueContainer.java:close(346)) - Container 1657242238385 is closed with bcsId 0.
2022-07-08 01:03:58,509 [Time-limited test] INFO  keyvalue.KeyValueContainer (KeyValueContainer.java:flushAndSyncDB(431)) - Container 1657242238483 is synced with bcsId 0.
2022-07-08 01:03:58,510 [Time-limited test] INFO  keyvalue.KeyValueContainer (KeyValueContainer.java:flushAndSyncDB(431)) - Container 1657242238483 is synced with bcsId 0.
2022-07-08 01:03:58,511 [Time-limited test] INFO  keyvalue.KeyValueContainer (KeyValueContainer.java:close(346)) - Container 1657242238483 is closed with bcsId 0.
2022-07-08 01:03:58,602 [Time-limited test] INFO  keyvalue.KeyValueContainer (KeyValueContainer.java:flushAndSyncDB(431)) - Container 1657242238563 is synced with bcsId 0.
2022-07-08 01:03:58,602 [Time-limited test] INFO  keyvalue.KeyValueContainer (KeyValueContainer.java:flushAndSyncDB(431)) - Container 1657242238563 is synced with bcsId 0.
2022-07-08 01:03:58,604 [Time-limited test] INFO  keyvalue.KeyValueContainer (KeyValueContainer.java:close(346)) - Container 1657242238563 is closed with bcsId 0.
2022-07-08 01:03:58,627 [Time-limited test] INFO  impl.TestContainerPersistence (TestContainerPersistence.java:cleanupDir(170)) - Deleting /home/runner/work/ozone/ozone/hadoop-hdds/container-service/target/test-dir/TestContainerPersistence
]]></system-out>
  </testcase>
  <testcase name="testGetContainerReports" classname="TestContainerPersistence" time="0.315">
    <system-out><![CDATA[2022-07-08 01:04:00,651 [Time-limited test] INFO  volume.HddsVolume (HddsVolume.java:<init>(116)) - Creating HddsVolume: /home/runner/work/ozone/ozone/hadoop-hdds/container-service/target/test-dir/TestContainerPersistence/hdds of storage type : DISK capacity : 9223372036854775807
2022-07-08 01:04:00,651 [Time-limited test] INFO  volume.MutableVolumeSet (MutableVolumeSet.java:initializeVolumeSet(174)) - Added Volume : /home/runner/work/ozone/ozone/hadoop-hdds/container-service/target/test-dir/TestContainerPersistence/hdds to VolumeSet
2022-07-08 01:04:00,687 [Time-limited test] INFO  keyvalue.KeyValueContainer (KeyValueContainer.java:flushAndSyncDB(431)) - Container 1657242240659 is synced with bcsId 0.
2022-07-08 01:04:00,688 [Time-limited test] INFO  keyvalue.KeyValueContainer (KeyValueContainer.java:flushAndSyncDB(431)) - Container 1657242240659 is synced with bcsId 0.
2022-07-08 01:04:00,689 [Time-limited test] INFO  keyvalue.KeyValueContainer (KeyValueContainer.java:close(346)) - Container 1657242240659 is closed with bcsId 0.
2022-07-08 01:04:00,776 [Time-limited test] INFO  keyvalue.KeyValueContainer (KeyValueContainer.java:flushAndSyncDB(431)) - Container 1657242240748 is synced with bcsId 0.
2022-07-08 01:04:00,776 [Time-limited test] INFO  keyvalue.KeyValueContainer (KeyValueContainer.java:flushAndSyncDB(431)) - Container 1657242240748 is synced with bcsId 0.
2022-07-08 01:04:00,777 [Time-limited test] INFO  keyvalue.KeyValueContainer (KeyValueContainer.java:close(346)) - Container 1657242240748 is closed with bcsId 0.
2022-07-08 01:04:00,859 [Time-limited test] INFO  keyvalue.KeyValueContainer (KeyValueContainer.java:flushAndSyncDB(431)) - Container 1657242240831 is synced with bcsId 0.
2022-07-08 01:04:00,860 [Time-limited test] INFO  keyvalue.KeyValueContainer (KeyValueContainer.java:flushAndSyncDB(431)) - Container 1657242240831 is synced with bcsId 0.
2022-07-08 01:04:00,862 [Time-limited test] INFO  keyvalue.KeyValueContainer (KeyValueContainer.java:close(346)) - Container 1657242240831 is closed with bcsId 0.
2022-07-08 01:04:00,945 [Time-limited test] INFO  keyvalue.KeyValueContainer (KeyValueContainer.java:flushAndSyncDB(431)) - Container 1657242240915 is synced with bcsId 0.
2022-07-08 01:04:00,945 [Time-limited test] INFO  keyvalue.KeyValueContainer (KeyValueContainer.java:flushAndSyncDB(431)) - Container 1657242240915 is synced with bcsId 0.
2022-07-08 01:04:00,947 [Time-limited test] INFO  keyvalue.KeyValueContainer (KeyValueContainer.java:close(346)) - Container 1657242240915 is closed with bcsId 0.
2022-07-08 01:04:00,950 [Time-limited test] INFO  impl.TestContainerPersistence (TestContainerPersistence.java:cleanupDir(170)) - Deleting /home/runner/work/ozone/ozone/hadoop-hdds/container-service/target/test-dir/TestContainerPersistence
]]></system-out>
  </testcase>
  <testcase name="testGetContainerReports" classname="TestContainerPersistence" time="0.062">
    <system-out><![CDATA[2022-07-08 01:04:02,574 [Time-limited test] INFO  volume.HddsVolume (HddsVolume.java:<init>(116)) - Creating HddsVolume: /home/runner/work/ozone/ozone/hadoop-hdds/container-service/target/test-dir/TestContainerPersistence/hdds of storage type : DISK capacity : 9223372036854775807
2022-07-08 01:04:02,575 [Time-limited test] INFO  volume.MutableVolumeSet (MutableVolumeSet.java:initializeVolumeSet(174)) - Added Volume : /home/runner/work/ozone/ozone/hadoop-hdds/container-service/target/test-dir/TestContainerPersistence/hdds to VolumeSet
2022-07-08 01:04:02,608 [Time-limited test] INFO  volume.HddsVolume (HddsVolume.java:createDbStore(309)) - SchemaV3 db is created and loaded at /home/runner/work/ozone/ozone/hadoop-hdds/container-service/target/test-dir/TestContainerPersistence/hdds/677c7eab-5f36-4d19-a0c8-be8f8bcb5e5b/DS-422cd548-f915-4661-908b-a27bc3d1e184/container.db for volume DS-422cd548-f915-4661-908b-a27bc3d1e184
2022-07-08 01:04:02,611 [Time-limited test] INFO  keyvalue.KeyValueContainer (KeyValueContainer.java:flushAndSyncDB(431)) - Container 1657242242608 is synced with bcsId 0.
2022-07-08 01:04:02,611 [Time-limited test] INFO  keyvalue.KeyValueContainer (KeyValueContainer.java:flushAndSyncDB(431)) - Container 1657242242608 is synced with bcsId 0.
2022-07-08 01:04:02,612 [Time-limited test] INFO  keyvalue.KeyValueContainer (KeyValueContainer.java:close(346)) - Container 1657242242608 is closed with bcsId 0.
2022-07-08 01:04:02,617 [Time-limited test] INFO  keyvalue.KeyValueContainer (KeyValueContainer.java:flushAndSyncDB(431)) - Container 1657242242616 is synced with bcsId 0.
2022-07-08 01:04:02,617 [Time-limited test] INFO  keyvalue.KeyValueContainer (KeyValueContainer.java:flushAndSyncDB(431)) - Container 1657242242616 is synced with bcsId 0.
2022-07-08 01:04:02,619 [Time-limited test] INFO  keyvalue.KeyValueContainer (KeyValueContainer.java:close(346)) - Container 1657242242616 is closed with bcsId 0.
2022-07-08 01:04:02,624 [Time-limited test] INFO  keyvalue.KeyValueContainer (KeyValueContainer.java:flushAndSyncDB(431)) - Container 1657242242622 is synced with bcsId 0.
2022-07-08 01:04:02,624 [Time-limited test] INFO  keyvalue.KeyValueContainer (KeyValueContainer.java:flushAndSyncDB(431)) - Container 1657242242622 is synced with bcsId 0.
2022-07-08 01:04:02,625 [Time-limited test] INFO  keyvalue.KeyValueContainer (KeyValueContainer.java:close(346)) - Container 1657242242622 is closed with bcsId 0.
2022-07-08 01:04:02,629 [Time-limited test] INFO  keyvalue.KeyValueContainer (KeyValueContainer.java:flushAndSyncDB(431)) - Container 1657242242628 is synced with bcsId 0.
2022-07-08 01:04:02,629 [Time-limited test] INFO  keyvalue.KeyValueContainer (KeyValueContainer.java:flushAndSyncDB(431)) - Container 1657242242628 is synced with bcsId 0.
2022-07-08 01:04:02,631 [Time-limited test] INFO  keyvalue.KeyValueContainer (KeyValueContainer.java:close(346)) - Container 1657242242628 is closed with bcsId 0.
2022-07-08 01:04:02,631 [Time-limited test] INFO  impl.TestContainerPersistence (TestContainerPersistence.java:cleanupDir(170)) - Deleting /home/runner/work/ozone/ozone/hadoop-hdds/container-service/target/test-dir/TestContainerPersistence
]]></system-out>
  </testcase>
  <testcase name="testGetContainerReports" classname="TestContainerPersistence" time="0.301">
    <system-out><![CDATA[2022-07-08 01:04:03,935 [Time-limited test] INFO  volume.HddsVolume (HddsVolume.java:<init>(116)) - Creating HddsVolume: /home/runner/work/ozone/ozone/hadoop-hdds/container-service/target/test-dir/TestContainerPersistence/hdds of storage type : DISK capacity : 9223372036854775807
2022-07-08 01:04:03,935 [Time-limited test] INFO  volume.MutableVolumeSet (MutableVolumeSet.java:initializeVolumeSet(174)) - Added Volume : /home/runner/work/ozone/ozone/hadoop-hdds/container-service/target/test-dir/TestContainerPersistence/hdds to VolumeSet
2022-07-08 01:04:03,965 [Time-limited test] INFO  keyvalue.KeyValueContainer (KeyValueContainer.java:flushAndSyncDB(431)) - Container 1657242243941 is synced with bcsId 0.
2022-07-08 01:04:03,965 [Time-limited test] INFO  keyvalue.KeyValueContainer (KeyValueContainer.java:flushAndSyncDB(431)) - Container 1657242243941 is synced with bcsId 0.
2022-07-08 01:04:03,966 [Time-limited test] INFO  keyvalue.KeyValueContainer (KeyValueContainer.java:close(346)) - Container 1657242243941 is closed with bcsId 0.
2022-07-08 01:04:04,048 [Time-limited test] INFO  keyvalue.KeyValueContainer (KeyValueContainer.java:flushAndSyncDB(431)) - Container 1657242244019 is synced with bcsId 0.
2022-07-08 01:04:04,048 [Time-limited test] INFO  keyvalue.KeyValueContainer (KeyValueContainer.java:flushAndSyncDB(431)) - Container 1657242244019 is synced with bcsId 0.
2022-07-08 01:04:04,051 [Time-limited test] INFO  keyvalue.KeyValueContainer (KeyValueContainer.java:close(346)) - Container 1657242244019 is closed with bcsId 0.
2022-07-08 01:04:04,133 [Time-limited test] INFO  keyvalue.KeyValueContainer (KeyValueContainer.java:flushAndSyncDB(431)) - Container 1657242244104 is synced with bcsId 0.
2022-07-08 01:04:04,133 [Time-limited test] INFO  keyvalue.KeyValueContainer (KeyValueContainer.java:flushAndSyncDB(431)) - Container 1657242244104 is synced with bcsId 0.
2022-07-08 01:04:04,134 [Time-limited test] INFO  keyvalue.KeyValueContainer (KeyValueContainer.java:close(346)) - Container 1657242244104 is closed with bcsId 0.
2022-07-08 01:04:04,217 [Time-limited test] INFO  keyvalue.KeyValueContainer (KeyValueContainer.java:flushAndSyncDB(431)) - Container 1657242244192 is synced with bcsId 0.
2022-07-08 01:04:04,217 [Time-limited test] INFO  keyvalue.KeyValueContainer (KeyValueContainer.java:flushAndSyncDB(431)) - Container 1657242244192 is synced with bcsId 0.
2022-07-08 01:04:04,220 [Time-limited test] INFO  keyvalue.KeyValueContainer (KeyValueContainer.java:close(346)) - Container 1657242244192 is closed with bcsId 0.
2022-07-08 01:04:04,223 [Time-limited test] INFO  impl.TestContainerPersistence (TestContainerPersistence.java:cleanupDir(170)) - Deleting /home/runner/work/ozone/ozone/hadoop-hdds/container-service/target/test-dir/TestContainerPersistence
]]></system-out>
  </testcase>
  <testcase name="testGetContainerReports" classname="TestContainerPersistence" time="0.257">
    <system-out><![CDATA[2022-07-08 01:04:05,171 [Time-limited test] INFO  volume.HddsVolume (HddsVolume.java:<init>(116)) - Creating HddsVolume: /home/runner/work/ozone/ozone/hadoop-hdds/container-service/target/test-dir/TestContainerPersistence/hdds of storage type : DISK capacity : 9223372036854775807
2022-07-08 01:04:05,171 [Time-limited test] INFO  volume.MutableVolumeSet (MutableVolumeSet.java:initializeVolumeSet(174)) - Added Volume : /home/runner/work/ozone/ozone/hadoop-hdds/container-service/target/test-dir/TestContainerPersistence/hdds to VolumeSet
2022-07-08 01:04:05,208 [Time-limited test] INFO  keyvalue.KeyValueContainer (KeyValueContainer.java:flushAndSyncDB(431)) - Container 1657242245179 is synced with bcsId 0.
2022-07-08 01:04:05,208 [Time-limited test] INFO  keyvalue.KeyValueContainer (KeyValueContainer.java:flushAndSyncDB(431)) - Container 1657242245179 is synced with bcsId 0.
2022-07-08 01:04:05,209 [Time-limited test] INFO  keyvalue.KeyValueContainer (KeyValueContainer.java:close(346)) - Container 1657242245179 is closed with bcsId 0.
2022-07-08 01:04:05,272 [Time-limited test] INFO  keyvalue.KeyValueContainer (KeyValueContainer.java:flushAndSyncDB(431)) - Container 1657242245251 is synced with bcsId 0.
2022-07-08 01:04:05,272 [Time-limited test] INFO  keyvalue.KeyValueContainer (KeyValueContainer.java:flushAndSyncDB(431)) - Container 1657242245251 is synced with bcsId 0.
2022-07-08 01:04:05,273 [Time-limited test] INFO  keyvalue.KeyValueContainer (KeyValueContainer.java:close(346)) - Container 1657242245251 is closed with bcsId 0.
2022-07-08 01:04:05,334 [Time-limited test] INFO  keyvalue.KeyValueContainer (KeyValueContainer.java:flushAndSyncDB(431)) - Container 1657242245314 is synced with bcsId 0.
2022-07-08 01:04:05,334 [Time-limited test] INFO  keyvalue.KeyValueContainer (KeyValueContainer.java:flushAndSyncDB(431)) - Container 1657242245314 is synced with bcsId 0.
2022-07-08 01:04:05,335 [Time-limited test] INFO  keyvalue.KeyValueContainer (KeyValueContainer.java:close(346)) - Container 1657242245314 is closed with bcsId 0.
2022-07-08 01:04:05,414 [Time-limited test] INFO  keyvalue.KeyValueContainer (KeyValueContainer.java:flushAndSyncDB(431)) - Container 1657242245386 is synced with bcsId 0.
2022-07-08 01:04:05,414 [Time-limited test] INFO  keyvalue.KeyValueContainer (KeyValueContainer.java:flushAndSyncDB(431)) - Container 1657242245386 is synced with bcsId 0.
2022-07-08 01:04:05,416 [Time-limited test] INFO  keyvalue.KeyValueContainer (KeyValueContainer.java:close(346)) - Container 1657242245386 is closed with bcsId 0.
2022-07-08 01:04:05,418 [Time-limited test] INFO  impl.TestContainerPersistence (TestContainerPersistence.java:cleanupDir(170)) - Deleting /home/runner/work/ozone/ozone/hadoop-hdds/container-service/target/test-dir/TestContainerPersistence
]]></system-out>
  </testcase>
  <testcase name="testGetContainerReports" classname="TestContainerPersistence" time="0.049">
    <system-out><![CDATA[2022-07-08 01:04:06,344 [Time-limited test] INFO  volume.HddsVolume (HddsVolume.java:<init>(116)) - Creating HddsVolume: /home/runner/work/ozone/ozone/hadoop-hdds/container-service/target/test-dir/TestContainerPersistence/hdds of storage type : DISK capacity : 9223372036854775807
2022-07-08 01:04:06,344 [Time-limited test] INFO  volume.MutableVolumeSet (MutableVolumeSet.java:initializeVolumeSet(174)) - Added Volume : /home/runner/work/ozone/ozone/hadoop-hdds/container-service/target/test-dir/TestContainerPersistence/hdds to VolumeSet
2022-07-08 01:04:06,372 [Time-limited test] INFO  volume.HddsVolume (HddsVolume.java:createDbStore(309)) - SchemaV3 db is created and loaded at /home/runner/work/ozone/ozone/hadoop-hdds/container-service/target/test-dir/TestContainerPersistence/hdds/677c7eab-5f36-4d19-a0c8-be8f8bcb5e5b/DS-942b6f51-9264-44bf-9da6-0b3fec800803/container.db for volume DS-942b6f51-9264-44bf-9da6-0b3fec800803
2022-07-08 01:04:06,375 [Time-limited test] INFO  keyvalue.KeyValueContainer (KeyValueContainer.java:flushAndSyncDB(431)) - Container 1657242246373 is synced with bcsId 0.
2022-07-08 01:04:06,375 [Time-limited test] INFO  keyvalue.KeyValueContainer (KeyValueContainer.java:flushAndSyncDB(431)) - Container 1657242246373 is synced with bcsId 0.
2022-07-08 01:04:06,376 [Time-limited test] INFO  keyvalue.KeyValueContainer (KeyValueContainer.java:close(346)) - Container 1657242246373 is closed with bcsId 0.
2022-07-08 01:04:06,379 [Time-limited test] INFO  keyvalue.KeyValueContainer (KeyValueContainer.java:flushAndSyncDB(431)) - Container 1657242246378 is synced with bcsId 0.
2022-07-08 01:04:06,379 [Time-limited test] INFO  keyvalue.KeyValueContainer (KeyValueContainer.java:flushAndSyncDB(431)) - Container 1657242246378 is synced with bcsId 0.
2022-07-08 01:04:06,380 [Time-limited test] INFO  keyvalue.KeyValueContainer (KeyValueContainer.java:close(346)) - Container 1657242246378 is closed with bcsId 0.
2022-07-08 01:04:06,383 [Time-limited test] INFO  keyvalue.KeyValueContainer (KeyValueContainer.java:flushAndSyncDB(431)) - Container 1657242246382 is synced with bcsId 0.
2022-07-08 01:04:06,383 [Time-limited test] INFO  keyvalue.KeyValueContainer (KeyValueContainer.java:flushAndSyncDB(431)) - Container 1657242246382 is synced with bcsId 0.
2022-07-08 01:04:06,384 [Time-limited test] INFO  keyvalue.KeyValueContainer (KeyValueContainer.java:close(346)) - Container 1657242246382 is closed with bcsId 0.
2022-07-08 01:04:06,387 [Time-limited test] INFO  keyvalue.KeyValueContainer (KeyValueContainer.java:flushAndSyncDB(431)) - Container 1657242246386 is synced with bcsId 0.
2022-07-08 01:04:06,387 [Time-limited test] INFO  keyvalue.KeyValueContainer (KeyValueContainer.java:flushAndSyncDB(431)) - Container 1657242246386 is synced with bcsId 0.
2022-07-08 01:04:06,388 [Time-limited test] INFO  keyvalue.KeyValueContainer (KeyValueContainer.java:close(346)) - Container 1657242246386 is closed with bcsId 0.
2022-07-08 01:04:06,389 [Time-limited test] INFO  impl.TestContainerPersistence (TestContainerPersistence.java:cleanupDir(170)) - Deleting /home/runner/work/ozone/ozone/hadoop-hdds/container-service/target/test-dir/TestContainerPersistence
]]></system-out>
  </testcase>
  <testcase name="testOverWrite" classname="TestContainerPersistence" time="0.05">
    <system-out><![CDATA[2022-07-08 01:03:58,641 [Time-limited test] INFO  volume.HddsVolume (HddsVolume.java:<init>(116)) - Creating HddsVolume: /home/runner/work/ozone/ozone/hadoop-hdds/container-service/target/test-dir/TestContainerPersistence/hdds of storage type : DISK capacity : 9223372036854775807
2022-07-08 01:03:58,641 [Time-limited test] INFO  volume.MutableVolumeSet (MutableVolumeSet.java:initializeVolumeSet(174)) - Added Volume : /home/runner/work/ozone/ozone/hadoop-hdds/container-service/target/test-dir/TestContainerPersistence/hdds to VolumeSet
2022-07-08 01:03:58,681 [Time-limited test] WARN  helpers.ChunkUtils (ChunkUtils.java:validateChunkForOverwrite(240)) - Duplicate write chunk request. Chunk overwrite without explicit request. ChunkInfo{chunkName='1657242238681.data.0, offset=0, len=1024}
2022-07-08 01:03:58,686 [Time-limited test] INFO  impl.TestContainerPersistence (TestContainerPersistence.java:cleanupDir(170)) - Deleting /home/runner/work/ozone/ozone/hadoop-hdds/container-service/target/test-dir/TestContainerPersistence
]]></system-out>
  </testcase>
  <testcase name="testOverWrite" classname="TestContainerPersistence" time="0.046">
    <system-out><![CDATA[2022-07-08 01:04:00,967 [Time-limited test] INFO  volume.HddsVolume (HddsVolume.java:<init>(116)) - Creating HddsVolume: /home/runner/work/ozone/ozone/hadoop-hdds/container-service/target/test-dir/TestContainerPersistence/hdds of storage type : DISK capacity : 9223372036854775807
2022-07-08 01:04:00,967 [Time-limited test] INFO  volume.MutableVolumeSet (MutableVolumeSet.java:initializeVolumeSet(174)) - Added Volume : /home/runner/work/ozone/ozone/hadoop-hdds/container-service/target/test-dir/TestContainerPersistence/hdds to VolumeSet
2022-07-08 01:04:01,003 [Time-limited test] WARN  helpers.ChunkUtils (ChunkUtils.java:validateChunkForOverwrite(240)) - Duplicate write chunk request. Chunk overwrite without explicit request. ChunkInfo{chunkName='1657242241002.data.0, offset=0, len=1024}
2022-07-08 01:04:01,003 [Time-limited test] INFO  impl.TestContainerPersistence (TestContainerPersistence.java:cleanupDir(170)) - Deleting /home/runner/work/ozone/ozone/hadoop-hdds/container-service/target/test-dir/TestContainerPersistence
]]></system-out>
  </testcase>
  <testcase name="testOverWrite" classname="TestContainerPersistence" time="0.045">
    <system-out><![CDATA[2022-07-08 01:04:02,639 [Time-limited test] INFO  volume.HddsVolume (HddsVolume.java:<init>(116)) - Creating HddsVolume: /home/runner/work/ozone/ozone/hadoop-hdds/container-service/target/test-dir/TestContainerPersistence/hdds of storage type : DISK capacity : 9223372036854775807
2022-07-08 01:04:02,639 [Time-limited test] INFO  volume.MutableVolumeSet (MutableVolumeSet.java:initializeVolumeSet(174)) - Added Volume : /home/runner/work/ozone/ozone/hadoop-hdds/container-service/target/test-dir/TestContainerPersistence/hdds to VolumeSet
2022-07-08 01:04:02,670 [Time-limited test] INFO  volume.HddsVolume (HddsVolume.java:createDbStore(309)) - SchemaV3 db is created and loaded at /home/runner/work/ozone/ozone/hadoop-hdds/container-service/target/test-dir/TestContainerPersistence/hdds/677c7eab-5f36-4d19-a0c8-be8f8bcb5e5b/DS-c365c009-34a4-490e-b602-3a5fbe3d5283/container.db for volume DS-c365c009-34a4-490e-b602-3a5fbe3d5283
2022-07-08 01:04:02,675 [Time-limited test] WARN  helpers.ChunkUtils (ChunkUtils.java:validateChunkForOverwrite(240)) - Duplicate write chunk request. Chunk overwrite without explicit request. ChunkInfo{chunkName='1657242242675.data.0, offset=0, len=1024}
2022-07-08 01:04:02,678 [Time-limited test] INFO  impl.TestContainerPersistence (TestContainerPersistence.java:cleanupDir(170)) - Deleting /home/runner/work/ozone/ozone/hadoop-hdds/container-service/target/test-dir/TestContainerPersistence
]]></system-out>
  </testcase>
  <testcase name="testOverWrite" classname="TestContainerPersistence" time="0.046">
    <system-out><![CDATA[2022-07-08 01:04:04,235 [Time-limited test] INFO  volume.HddsVolume (HddsVolume.java:<init>(116)) - Creating HddsVolume: /home/runner/work/ozone/ozone/hadoop-hdds/container-service/target/test-dir/TestContainerPersistence/hdds of storage type : DISK capacity : 9223372036854775807
2022-07-08 01:04:04,235 [Time-limited test] INFO  volume.MutableVolumeSet (MutableVolumeSet.java:initializeVolumeSet(174)) - Added Volume : /home/runner/work/ozone/ozone/hadoop-hdds/container-service/target/test-dir/TestContainerPersistence/hdds to VolumeSet
2022-07-08 01:04:04,272 [Time-limited test] WARN  helpers.ChunkUtils (ChunkUtils.java:validateChunkForOverwrite(240)) - Duplicate write chunk request. Chunk overwrite without explicit request. ChunkInfo{chunkName='1657242244272.data.0, offset=0, len=1024}
2022-07-08 01:04:04,274 [Time-limited test] INFO  impl.TestContainerPersistence (TestContainerPersistence.java:cleanupDir(170)) - Deleting /home/runner/work/ozone/ozone/hadoop-hdds/container-service/target/test-dir/TestContainerPersistence
]]></system-out>
  </testcase>
  <testcase name="testOverWrite" classname="TestContainerPersistence" time="0.038">
    <system-out><![CDATA[2022-07-08 01:04:05,427 [Time-limited test] INFO  volume.HddsVolume (HddsVolume.java:<init>(116)) - Creating HddsVolume: /home/runner/work/ozone/ozone/hadoop-hdds/container-service/target/test-dir/TestContainerPersistence/hdds of storage type : DISK capacity : 9223372036854775807
2022-07-08 01:04:05,428 [Time-limited test] INFO  volume.MutableVolumeSet (MutableVolumeSet.java:initializeVolumeSet(174)) - Added Volume : /home/runner/work/ozone/ozone/hadoop-hdds/container-service/target/test-dir/TestContainerPersistence/hdds to VolumeSet
2022-07-08 01:04:05,461 [Time-limited test] WARN  helpers.ChunkUtils (ChunkUtils.java:validateChunkForOverwrite(240)) - Duplicate write chunk request. Chunk overwrite without explicit request. ChunkInfo{chunkName='1657242245461.data.0, offset=0, len=1024}
2022-07-08 01:04:05,462 [Time-limited test] INFO  impl.TestContainerPersistence (TestContainerPersistence.java:cleanupDir(170)) - Deleting /home/runner/work/ozone/ozone/hadoop-hdds/container-service/target/test-dir/TestContainerPersistence
]]></system-out>
  </testcase>
  <testcase name="testOverWrite" classname="TestContainerPersistence" time="0.041">
    <system-out><![CDATA[2022-07-08 01:04:06,398 [Time-limited test] INFO  volume.HddsVolume (HddsVolume.java:<init>(116)) - Creating HddsVolume: /home/runner/work/ozone/ozone/hadoop-hdds/container-service/target/test-dir/TestContainerPersistence/hdds of storage type : DISK capacity : 9223372036854775807
2022-07-08 01:04:06,398 [Time-limited test] INFO  volume.MutableVolumeSet (MutableVolumeSet.java:initializeVolumeSet(174)) - Added Volume : /home/runner/work/ozone/ozone/hadoop-hdds/container-service/target/test-dir/TestContainerPersistence/hdds to VolumeSet
2022-07-08 01:04:06,427 [Time-limited test] INFO  volume.HddsVolume (HddsVolume.java:createDbStore(309)) - SchemaV3 db is created and loaded at /home/runner/work/ozone/ozone/hadoop-hdds/container-service/target/test-dir/TestContainerPersistence/hdds/677c7eab-5f36-4d19-a0c8-be8f8bcb5e5b/DS-f569a56d-62a3-4aa3-ad56-0367387e930e/container.db for volume DS-f569a56d-62a3-4aa3-ad56-0367387e930e
2022-07-08 01:04:06,431 [Time-limited test] WARN  helpers.ChunkUtils (ChunkUtils.java:validateChunkForOverwrite(240)) - Duplicate write chunk request. Chunk overwrite without explicit request. ChunkInfo{chunkName='1657242246431.data.0, offset=0, len=1024}
2022-07-08 01:04:06,432 [Time-limited test] INFO  impl.TestContainerPersistence (TestContainerPersistence.java:cleanupDir(170)) - Deleting /home/runner/work/ozone/ozone/hadoop-hdds/container-service/target/test-dir/TestContainerPersistence
]]></system-out>
  </testcase>
  <testcase name="testDeleteContainer" classname="TestContainerPersistence" time="0.198">
    <system-out><![CDATA[2022-07-08 01:03:58,693 [Time-limited test] INFO  volume.HddsVolume (HddsVolume.java:<init>(116)) - Creating HddsVolume: /home/runner/work/ozone/ozone/hadoop-hdds/container-service/target/test-dir/TestContainerPersistence/hdds of storage type : DISK capacity : 9223372036854775807
2022-07-08 01:03:58,693 [Time-limited test] INFO  volume.MutableVolumeSet (MutableVolumeSet.java:initializeVolumeSet(174)) - Added Volume : /home/runner/work/ozone/ozone/hadoop-hdds/container-service/target/test-dir/TestContainerPersistence/hdds to VolumeSet
2022-07-08 01:03:58,838 [Time-limited test] INFO  keyvalue.KeyValueContainer (KeyValueContainer.java:flushAndSyncDB(431)) - Container 1657242238702 is synced with bcsId 0.
2022-07-08 01:03:58,838 [Time-limited test] INFO  keyvalue.KeyValueContainer (KeyValueContainer.java:flushAndSyncDB(431)) - Container 1657242238702 is synced with bcsId 0.
2022-07-08 01:03:58,841 [Time-limited test] INFO  keyvalue.KeyValueContainer (KeyValueContainer.java:close(346)) - Container 1657242238702 is closed with bcsId 0.
2022-07-08 01:03:58,879 [Time-limited test] ERROR utils.ContainerCache (ContainerCache.java:getDB(166)) - Error opening DB. Container:1657242238702 ContainerPath:/home/runner/work/ozone/ozone/hadoop-hdds/container-service/target/test-dir/TestContainerPersistence/hdds/677c7eab-5f36-4d19-a0c8-be8f8bcb5e5b/current/containerDir223/1657242238702/metadata/1657242238702-dn-container.db
java.io.IOException: The DB destination directory should exist.
	at org.apache.hadoop.hdds.utils.db.DBStoreBuilder.build(DBStoreBuilder.java:188)
	at org.apache.hadoop.ozone.container.metadata.AbstractDatanodeStore.start(AbstractDatanodeStore.java:128)
	at org.apache.hadoop.ozone.container.metadata.AbstractDatanodeStore.<init>(AbstractDatanodeStore.java:97)
	at org.apache.hadoop.ozone.container.metadata.DatanodeStoreSchemaTwoImpl.<init>(DatanodeStoreSchemaTwoImpl.java:48)
	at org.apache.hadoop.ozone.container.keyvalue.helpers.BlockUtils.getUncachedDatanodeStore(BlockUtils.java:82)
	at org.apache.hadoop.ozone.container.common.utils.ContainerCache.getDB(ContainerCache.java:161)
	at org.apache.hadoop.ozone.container.keyvalue.helpers.BlockUtils.getDB(BlockUtils.java:136)
	at org.apache.hadoop.ozone.container.keyvalue.impl.BlockManagerImpl.persistPutBlock(BlockManagerImpl.java:122)
	at org.apache.hadoop.ozone.container.keyvalue.impl.BlockManagerImpl.putBlock(BlockManagerImpl.java:103)
	at org.apache.hadoop.ozone.container.keyvalue.impl.BlockManagerImpl.putBlock(BlockManagerImpl.java:88)
	at org.apache.hadoop.ozone.container.common.impl.TestContainerPersistence.testDeleteContainer(TestContainerPersistence.java:288)
	at sun.reflect.NativeMethodAccessorImpl.invoke0(Native Method)
	at sun.reflect.NativeMethodAccessorImpl.invoke(NativeMethodAccessorImpl.java:62)
	at sun.reflect.DelegatingMethodAccessorImpl.invoke(DelegatingMethodAccessorImpl.java:43)
	at java.lang.reflect.Method.invoke(Method.java:498)
	at org.junit.runners.model.FrameworkMethod$1.runReflectiveCall(FrameworkMethod.java:59)
	at org.junit.internal.runners.model.ReflectiveCallable.run(ReflectiveCallable.java:12)
	at org.junit.runners.model.FrameworkMethod.invokeExplosively(FrameworkMethod.java:56)
	at org.junit.internal.runners.statements.InvokeMethod.evaluate(InvokeMethod.java:17)
	at org.junit.internal.runners.statements.RunBefores.evaluate(RunBefores.java:26)
	at org.junit.internal.runners.statements.RunAfters.evaluate(RunAfters.java:27)
	at org.junit.rules.ExpectedException$ExpectedExceptionStatement.evaluate(ExpectedException.java:258)
	at org.junit.internal.runners.statements.FailOnTimeout$CallableStatement.call(FailOnTimeout.java:288)
	at org.junit.internal.runners.statements.FailOnTimeout$CallableStatement.call(FailOnTimeout.java:282)
	at java.util.concurrent.FutureTask.run(FutureTask.java:266)
	at java.lang.Thread.run(Thread.java:750)
2022-07-08 01:03:58,883 [Time-limited test] INFO  impl.TestContainerPersistence (TestContainerPersistence.java:cleanupDir(170)) - Deleting /home/runner/work/ozone/ozone/hadoop-hdds/container-service/target/test-dir/TestContainerPersistence
]]></system-out>
  </testcase>
  <testcase name="testDeleteContainer" classname="TestContainerPersistence" time="0.19">
    <system-out><![CDATA[2022-07-08 01:04:01,008 [Time-limited test] INFO  volume.HddsVolume (HddsVolume.java:<init>(116)) - Creating HddsVolume: /home/runner/work/ozone/ozone/hadoop-hdds/container-service/target/test-dir/TestContainerPersistence/hdds of storage type : DISK capacity : 9223372036854775807
2022-07-08 01:04:01,009 [Time-limited test] INFO  volume.MutableVolumeSet (MutableVolumeSet.java:initializeVolumeSet(174)) - Added Volume : /home/runner/work/ozone/ozone/hadoop-hdds/container-service/target/test-dir/TestContainerPersistence/hdds to VolumeSet
2022-07-08 01:04:01,151 [Time-limited test] INFO  keyvalue.KeyValueContainer (KeyValueContainer.java:flushAndSyncDB(431)) - Container 1657242241017 is synced with bcsId 0.
2022-07-08 01:04:01,152 [Time-limited test] INFO  keyvalue.KeyValueContainer (KeyValueContainer.java:flushAndSyncDB(431)) - Container 1657242241017 is synced with bcsId 0.
2022-07-08 01:04:01,158 [Time-limited test] INFO  keyvalue.KeyValueContainer (KeyValueContainer.java:close(346)) - Container 1657242241017 is closed with bcsId 0.
2022-07-08 01:04:01,191 [Time-limited test] ERROR utils.ContainerCache (ContainerCache.java:getDB(166)) - Error opening DB. Container:1657242241017 ContainerPath:/home/runner/work/ozone/ozone/hadoop-hdds/container-service/target/test-dir/TestContainerPersistence/hdds/677c7eab-5f36-4d19-a0c8-be8f8bcb5e5b/current/containerDir227/1657242241017/metadata/1657242241017-dn-container.db
java.io.IOException: The DB destination directory should exist.
	at org.apache.hadoop.hdds.utils.db.DBStoreBuilder.build(DBStoreBuilder.java:188)
	at org.apache.hadoop.ozone.container.metadata.AbstractDatanodeStore.start(AbstractDatanodeStore.java:128)
	at org.apache.hadoop.ozone.container.metadata.AbstractDatanodeStore.<init>(AbstractDatanodeStore.java:97)
	at org.apache.hadoop.ozone.container.metadata.DatanodeStoreSchemaTwoImpl.<init>(DatanodeStoreSchemaTwoImpl.java:48)
	at org.apache.hadoop.ozone.container.keyvalue.helpers.BlockUtils.getUncachedDatanodeStore(BlockUtils.java:82)
	at org.apache.hadoop.ozone.container.common.utils.ContainerCache.getDB(ContainerCache.java:161)
	at org.apache.hadoop.ozone.container.keyvalue.helpers.BlockUtils.getDB(BlockUtils.java:136)
	at org.apache.hadoop.ozone.container.keyvalue.impl.BlockManagerImpl.persistPutBlock(BlockManagerImpl.java:122)
	at org.apache.hadoop.ozone.container.keyvalue.impl.BlockManagerImpl.putBlock(BlockManagerImpl.java:103)
	at org.apache.hadoop.ozone.container.keyvalue.impl.BlockManagerImpl.putBlock(BlockManagerImpl.java:88)
	at org.apache.hadoop.ozone.container.common.impl.TestContainerPersistence.testDeleteContainer(TestContainerPersistence.java:288)
	at sun.reflect.NativeMethodAccessorImpl.invoke0(Native Method)
	at sun.reflect.NativeMethodAccessorImpl.invoke(NativeMethodAccessorImpl.java:62)
	at sun.reflect.DelegatingMethodAccessorImpl.invoke(DelegatingMethodAccessorImpl.java:43)
	at java.lang.reflect.Method.invoke(Method.java:498)
	at org.junit.runners.model.FrameworkMethod$1.runReflectiveCall(FrameworkMethod.java:59)
	at org.junit.internal.runners.model.ReflectiveCallable.run(ReflectiveCallable.java:12)
	at org.junit.runners.model.FrameworkMethod.invokeExplosively(FrameworkMethod.java:56)
	at org.junit.internal.runners.statements.InvokeMethod.evaluate(InvokeMethod.java:17)
	at org.junit.internal.runners.statements.RunBefores.evaluate(RunBefores.java:26)
	at org.junit.internal.runners.statements.RunAfters.evaluate(RunAfters.java:27)
	at org.junit.rules.ExpectedException$ExpectedExceptionStatement.evaluate(ExpectedException.java:258)
	at org.junit.internal.runners.statements.FailOnTimeout$CallableStatement.call(FailOnTimeout.java:288)
	at org.junit.internal.runners.statements.FailOnTimeout$CallableStatement.call(FailOnTimeout.java:282)
	at java.util.concurrent.FutureTask.run(FutureTask.java:266)
	at java.lang.Thread.run(Thread.java:750)
2022-07-08 01:04:01,193 [Time-limited test] INFO  impl.TestContainerPersistence (TestContainerPersistence.java:cleanupDir(170)) - Deleting /home/runner/work/ozone/ozone/hadoop-hdds/container-service/target/test-dir/TestContainerPersistence
]]></system-out>
  </testcase>
  <testcase name="testDeleteContainer" classname="TestContainerPersistence" time="0.153">
    <system-out><![CDATA[2022-07-08 01:04:02,683 [Time-limited test] INFO  volume.HddsVolume (HddsVolume.java:<init>(116)) - Creating HddsVolume: /home/runner/work/ozone/ozone/hadoop-hdds/container-service/target/test-dir/TestContainerPersistence/hdds of storage type : DISK capacity : 9223372036854775807
2022-07-08 01:04:02,683 [Time-limited test] INFO  volume.MutableVolumeSet (MutableVolumeSet.java:initializeVolumeSet(174)) - Added Volume : /home/runner/work/ozone/ozone/hadoop-hdds/container-service/target/test-dir/TestContainerPersistence/hdds to VolumeSet
2022-07-08 01:04:02,719 [Time-limited test] INFO  volume.HddsVolume (HddsVolume.java:createDbStore(309)) - SchemaV3 db is created and loaded at /home/runner/work/ozone/ozone/hadoop-hdds/container-service/target/test-dir/TestContainerPersistence/hdds/677c7eab-5f36-4d19-a0c8-be8f8bcb5e5b/DS-185849d1-0c94-4a67-9cf7-d2c138e30121/container.db for volume DS-185849d1-0c94-4a67-9cf7-d2c138e30121
2022-07-08 01:04:02,823 [Time-limited test] INFO  keyvalue.KeyValueContainer (KeyValueContainer.java:flushAndSyncDB(431)) - Container 1657242242720 is synced with bcsId 0.
2022-07-08 01:04:02,823 [Time-limited test] INFO  keyvalue.KeyValueContainer (KeyValueContainer.java:flushAndSyncDB(431)) - Container 1657242242720 is synced with bcsId 0.
2022-07-08 01:04:02,826 [Time-limited test] INFO  keyvalue.KeyValueContainer (KeyValueContainer.java:close(346)) - Container 1657242242720 is closed with bcsId 0.
2022-07-08 01:04:02,829 [Time-limited test] INFO  impl.TestContainerPersistence (TestContainerPersistence.java:cleanupDir(170)) - Deleting /home/runner/work/ozone/ozone/hadoop-hdds/container-service/target/test-dir/TestContainerPersistence
]]></system-out>
  </testcase>
  <testcase name="testDeleteContainer" classname="TestContainerPersistence" time="0.17">
    <system-out><![CDATA[2022-07-08 01:04:04,278 [Time-limited test] INFO  volume.HddsVolume (HddsVolume.java:<init>(116)) - Creating HddsVolume: /home/runner/work/ozone/ozone/hadoop-hdds/container-service/target/test-dir/TestContainerPersistence/hdds of storage type : DISK capacity : 9223372036854775807
2022-07-08 01:04:04,279 [Time-limited test] INFO  volume.MutableVolumeSet (MutableVolumeSet.java:initializeVolumeSet(174)) - Added Volume : /home/runner/work/ozone/ozone/hadoop-hdds/container-service/target/test-dir/TestContainerPersistence/hdds to VolumeSet
2022-07-08 01:04:04,411 [Time-limited test] INFO  keyvalue.KeyValueContainer (KeyValueContainer.java:flushAndSyncDB(431)) - Container 1657242244285 is synced with bcsId 0.
2022-07-08 01:04:04,411 [Time-limited test] INFO  keyvalue.KeyValueContainer (KeyValueContainer.java:flushAndSyncDB(431)) - Container 1657242244285 is synced with bcsId 0.
2022-07-08 01:04:04,412 [Time-limited test] INFO  keyvalue.KeyValueContainer (KeyValueContainer.java:close(346)) - Container 1657242244285 is closed with bcsId 0.
2022-07-08 01:04:04,444 [Time-limited test] ERROR utils.ContainerCache (ContainerCache.java:getDB(166)) - Error opening DB. Container:1657242244285 ContainerPath:/home/runner/work/ozone/ozone/hadoop-hdds/container-service/target/test-dir/TestContainerPersistence/hdds/677c7eab-5f36-4d19-a0c8-be8f8bcb5e5b/current/containerDir234/1657242244285/metadata/1657242244285-dn-container.db
java.io.IOException: The DB destination directory should exist.
	at org.apache.hadoop.hdds.utils.db.DBStoreBuilder.build(DBStoreBuilder.java:188)
	at org.apache.hadoop.ozone.container.metadata.AbstractDatanodeStore.start(AbstractDatanodeStore.java:128)
	at org.apache.hadoop.ozone.container.metadata.AbstractDatanodeStore.<init>(AbstractDatanodeStore.java:97)
	at org.apache.hadoop.ozone.container.metadata.DatanodeStoreSchemaTwoImpl.<init>(DatanodeStoreSchemaTwoImpl.java:48)
	at org.apache.hadoop.ozone.container.keyvalue.helpers.BlockUtils.getUncachedDatanodeStore(BlockUtils.java:82)
	at org.apache.hadoop.ozone.container.common.utils.ContainerCache.getDB(ContainerCache.java:161)
	at org.apache.hadoop.ozone.container.keyvalue.helpers.BlockUtils.getDB(BlockUtils.java:136)
	at org.apache.hadoop.ozone.container.keyvalue.impl.BlockManagerImpl.persistPutBlock(BlockManagerImpl.java:122)
	at org.apache.hadoop.ozone.container.keyvalue.impl.BlockManagerImpl.putBlock(BlockManagerImpl.java:103)
	at org.apache.hadoop.ozone.container.keyvalue.impl.BlockManagerImpl.putBlock(BlockManagerImpl.java:88)
	at org.apache.hadoop.ozone.container.common.impl.TestContainerPersistence.testDeleteContainer(TestContainerPersistence.java:288)
	at sun.reflect.NativeMethodAccessorImpl.invoke0(Native Method)
	at sun.reflect.NativeMethodAccessorImpl.invoke(NativeMethodAccessorImpl.java:62)
	at sun.reflect.DelegatingMethodAccessorImpl.invoke(DelegatingMethodAccessorImpl.java:43)
	at java.lang.reflect.Method.invoke(Method.java:498)
	at org.junit.runners.model.FrameworkMethod$1.runReflectiveCall(FrameworkMethod.java:59)
	at org.junit.internal.runners.model.ReflectiveCallable.run(ReflectiveCallable.java:12)
	at org.junit.runners.model.FrameworkMethod.invokeExplosively(FrameworkMethod.java:56)
	at org.junit.internal.runners.statements.InvokeMethod.evaluate(InvokeMethod.java:17)
	at org.junit.internal.runners.statements.RunBefores.evaluate(RunBefores.java:26)
	at org.junit.internal.runners.statements.RunAfters.evaluate(RunAfters.java:27)
	at org.junit.rules.ExpectedException$ExpectedExceptionStatement.evaluate(ExpectedException.java:258)
	at org.junit.internal.runners.statements.FailOnTimeout$CallableStatement.call(FailOnTimeout.java:288)
	at org.junit.internal.runners.statements.FailOnTimeout$CallableStatement.call(FailOnTimeout.java:282)
	at java.util.concurrent.FutureTask.run(FutureTask.java:266)
	at java.lang.Thread.run(Thread.java:750)
2022-07-08 01:04:04,445 [Time-limited test] INFO  impl.TestContainerPersistence (TestContainerPersistence.java:cleanupDir(170)) - Deleting /home/runner/work/ozone/ozone/hadoop-hdds/container-service/target/test-dir/TestContainerPersistence
]]></system-out>
  </testcase>
  <testcase name="testDeleteContainer" classname="TestContainerPersistence" time="0.168">
    <system-out><![CDATA[2022-07-08 01:04:05,464 [Time-limited test] INFO  volume.HddsVolume (HddsVolume.java:<init>(116)) - Creating HddsVolume: /home/runner/work/ozone/ozone/hadoop-hdds/container-service/target/test-dir/TestContainerPersistence/hdds of storage type : DISK capacity : 9223372036854775807
2022-07-08 01:04:05,465 [Time-limited test] INFO  volume.MutableVolumeSet (MutableVolumeSet.java:initializeVolumeSet(174)) - Added Volume : /home/runner/work/ozone/ozone/hadoop-hdds/container-service/target/test-dir/TestContainerPersistence/hdds to VolumeSet
2022-07-08 01:04:05,596 [Time-limited test] INFO  keyvalue.KeyValueContainer (KeyValueContainer.java:flushAndSyncDB(431)) - Container 1657242245471 is synced with bcsId 0.
2022-07-08 01:04:05,597 [Time-limited test] INFO  keyvalue.KeyValueContainer (KeyValueContainer.java:flushAndSyncDB(431)) - Container 1657242245471 is synced with bcsId 0.
2022-07-08 01:04:05,598 [Time-limited test] INFO  keyvalue.KeyValueContainer (KeyValueContainer.java:close(346)) - Container 1657242245471 is closed with bcsId 0.
2022-07-08 01:04:05,629 [Time-limited test] ERROR utils.ContainerCache (ContainerCache.java:getDB(166)) - Error opening DB. Container:1657242245471 ContainerPath:/home/runner/work/ozone/ozone/hadoop-hdds/container-service/target/test-dir/TestContainerPersistence/hdds/677c7eab-5f36-4d19-a0c8-be8f8bcb5e5b/current/containerDir236/1657242245471/metadata/1657242245471-dn-container.db
java.io.IOException: The DB destination directory should exist.
	at org.apache.hadoop.hdds.utils.db.DBStoreBuilder.build(DBStoreBuilder.java:188)
	at org.apache.hadoop.ozone.container.metadata.AbstractDatanodeStore.start(AbstractDatanodeStore.java:128)
	at org.apache.hadoop.ozone.container.metadata.AbstractDatanodeStore.<init>(AbstractDatanodeStore.java:97)
	at org.apache.hadoop.ozone.container.metadata.DatanodeStoreSchemaTwoImpl.<init>(DatanodeStoreSchemaTwoImpl.java:48)
	at org.apache.hadoop.ozone.container.keyvalue.helpers.BlockUtils.getUncachedDatanodeStore(BlockUtils.java:82)
	at org.apache.hadoop.ozone.container.common.utils.ContainerCache.getDB(ContainerCache.java:161)
	at org.apache.hadoop.ozone.container.keyvalue.helpers.BlockUtils.getDB(BlockUtils.java:136)
	at org.apache.hadoop.ozone.container.keyvalue.impl.BlockManagerImpl.persistPutBlock(BlockManagerImpl.java:122)
	at org.apache.hadoop.ozone.container.keyvalue.impl.BlockManagerImpl.putBlock(BlockManagerImpl.java:103)
	at org.apache.hadoop.ozone.container.keyvalue.impl.BlockManagerImpl.putBlock(BlockManagerImpl.java:88)
	at org.apache.hadoop.ozone.container.common.impl.TestContainerPersistence.testDeleteContainer(TestContainerPersistence.java:288)
	at sun.reflect.NativeMethodAccessorImpl.invoke0(Native Method)
	at sun.reflect.NativeMethodAccessorImpl.invoke(NativeMethodAccessorImpl.java:62)
	at sun.reflect.DelegatingMethodAccessorImpl.invoke(DelegatingMethodAccessorImpl.java:43)
	at java.lang.reflect.Method.invoke(Method.java:498)
	at org.junit.runners.model.FrameworkMethod$1.runReflectiveCall(FrameworkMethod.java:59)
	at org.junit.internal.runners.model.ReflectiveCallable.run(ReflectiveCallable.java:12)
	at org.junit.runners.model.FrameworkMethod.invokeExplosively(FrameworkMethod.java:56)
	at org.junit.internal.runners.statements.InvokeMethod.evaluate(InvokeMethod.java:17)
	at org.junit.internal.runners.statements.RunBefores.evaluate(RunBefores.java:26)
	at org.junit.internal.runners.statements.RunAfters.evaluate(RunAfters.java:27)
	at org.junit.rules.ExpectedException$ExpectedExceptionStatement.evaluate(ExpectedException.java:258)
	at org.junit.internal.runners.statements.FailOnTimeout$CallableStatement.call(FailOnTimeout.java:288)
	at org.junit.internal.runners.statements.FailOnTimeout$CallableStatement.call(FailOnTimeout.java:282)
	at java.util.concurrent.FutureTask.run(FutureTask.java:266)
	at java.lang.Thread.run(Thread.java:750)
2022-07-08 01:04:05,630 [Time-limited test] INFO  impl.TestContainerPersistence (TestContainerPersistence.java:cleanupDir(170)) - Deleting /home/runner/work/ozone/ozone/hadoop-hdds/container-service/target/test-dir/TestContainerPersistence
]]></system-out>
  </testcase>
  <testcase name="testDeleteContainer" classname="TestContainerPersistence" time="0.145">
    <system-out><![CDATA[2022-07-08 01:04:06,436 [Time-limited test] INFO  volume.HddsVolume (HddsVolume.java:<init>(116)) - Creating HddsVolume: /home/runner/work/ozone/ozone/hadoop-hdds/container-service/target/test-dir/TestContainerPersistence/hdds of storage type : DISK capacity : 9223372036854775807
2022-07-08 01:04:06,436 [Time-limited test] INFO  volume.MutableVolumeSet (MutableVolumeSet.java:initializeVolumeSet(174)) - Added Volume : /home/runner/work/ozone/ozone/hadoop-hdds/container-service/target/test-dir/TestContainerPersistence/hdds to VolumeSet
2022-07-08 01:04:06,462 [Time-limited test] INFO  volume.HddsVolume (HddsVolume.java:createDbStore(309)) - SchemaV3 db is created and loaded at /home/runner/work/ozone/ozone/hadoop-hdds/container-service/target/test-dir/TestContainerPersistence/hdds/677c7eab-5f36-4d19-a0c8-be8f8bcb5e5b/DS-53f2c940-e85a-4460-ac36-58a41ffdf6ae/container.db for volume DS-53f2c940-e85a-4460-ac36-58a41ffdf6ae
2022-07-08 01:04:06,566 [Time-limited test] INFO  keyvalue.KeyValueContainer (KeyValueContainer.java:flushAndSyncDB(431)) - Container 1657242246463 is synced with bcsId 0.
2022-07-08 01:04:06,569 [Time-limited test] INFO  keyvalue.KeyValueContainer (KeyValueContainer.java:flushAndSyncDB(431)) - Container 1657242246463 is synced with bcsId 0.
2022-07-08 01:04:06,570 [Time-limited test] INFO  keyvalue.KeyValueContainer (KeyValueContainer.java:close(346)) - Container 1657242246463 is closed with bcsId 0.
2022-07-08 01:04:06,577 [Time-limited test] INFO  impl.TestContainerPersistence (TestContainerPersistence.java:cleanupDir(170)) - Deleting /home/runner/work/ozone/ozone/hadoop-hdds/container-service/target/test-dir/TestContainerPersistence
]]></system-out>
  </testcase>
  <testcase name="testCreateDuplicateContainer" classname="TestContainerPersistence" time="0.05">
    <system-out><![CDATA[2022-07-08 01:03:58,893 [Time-limited test] INFO  volume.HddsVolume (HddsVolume.java:<init>(116)) - Creating HddsVolume: /home/runner/work/ozone/ozone/hadoop-hdds/container-service/target/test-dir/TestContainerPersistence/hdds of storage type : DISK capacity : 9223372036854775807
2022-07-08 01:03:58,893 [Time-limited test] INFO  volume.MutableVolumeSet (MutableVolumeSet.java:initializeVolumeSet(174)) - Added Volume : /home/runner/work/ozone/ozone/hadoop-hdds/container-service/target/test-dir/TestContainerPersistence/hdds to VolumeSet
2022-07-08 01:03:58,933 [Time-limited test] WARN  impl.ContainerSet (ContainerSet.java:addContainer(77)) - Container already exists with container Id 1657242238901
2022-07-08 01:03:58,935 [Time-limited test] INFO  impl.TestContainerPersistence (TestContainerPersistence.java:cleanupDir(170)) - Deleting /home/runner/work/ozone/ozone/hadoop-hdds/container-service/target/test-dir/TestContainerPersistence
]]></system-out>
  </testcase>
  <testcase name="testCreateDuplicateContainer" classname="TestContainerPersistence" time="0.045">
    <system-out><![CDATA[2022-07-08 01:04:01,200 [Time-limited test] INFO  volume.HddsVolume (HddsVolume.java:<init>(116)) - Creating HddsVolume: /home/runner/work/ozone/ozone/hadoop-hdds/container-service/target/test-dir/TestContainerPersistence/hdds of storage type : DISK capacity : 9223372036854775807
2022-07-08 01:04:01,200 [Time-limited test] INFO  volume.MutableVolumeSet (MutableVolumeSet.java:initializeVolumeSet(174)) - Added Volume : /home/runner/work/ozone/ozone/hadoop-hdds/container-service/target/test-dir/TestContainerPersistence/hdds to VolumeSet
2022-07-08 01:04:01,231 [Time-limited test] WARN  impl.ContainerSet (ContainerSet.java:addContainer(77)) - Container already exists with container Id 1657242241207
2022-07-08 01:04:01,238 [Time-limited test] INFO  impl.TestContainerPersistence (TestContainerPersistence.java:cleanupDir(170)) - Deleting /home/runner/work/ozone/ozone/hadoop-hdds/container-service/target/test-dir/TestContainerPersistence
]]></system-out>
  </testcase>
  <testcase name="testCreateDuplicateContainer" classname="TestContainerPersistence" time="0.046">
    <system-out><![CDATA[2022-07-08 01:04:02,836 [Time-limited test] INFO  volume.HddsVolume (HddsVolume.java:<init>(116)) - Creating HddsVolume: /home/runner/work/ozone/ozone/hadoop-hdds/container-service/target/test-dir/TestContainerPersistence/hdds of storage type : DISK capacity : 9223372036854775807
2022-07-08 01:04:02,836 [Time-limited test] INFO  volume.MutableVolumeSet (MutableVolumeSet.java:initializeVolumeSet(174)) - Added Volume : /home/runner/work/ozone/ozone/hadoop-hdds/container-service/target/test-dir/TestContainerPersistence/hdds to VolumeSet
2022-07-08 01:04:02,871 [Time-limited test] INFO  volume.HddsVolume (HddsVolume.java:createDbStore(309)) - SchemaV3 db is created and loaded at /home/runner/work/ozone/ozone/hadoop-hdds/container-service/target/test-dir/TestContainerPersistence/hdds/677c7eab-5f36-4d19-a0c8-be8f8bcb5e5b/DS-cc6eee53-96c8-4d97-82e5-64f30ee28370/container.db for volume DS-cc6eee53-96c8-4d97-82e5-64f30ee28370
2022-07-08 01:04:02,874 [Time-limited test] WARN  impl.ContainerSet (ContainerSet.java:addContainer(77)) - Container already exists with container Id 1657242242871
2022-07-08 01:04:02,878 [Time-limited test] INFO  impl.TestContainerPersistence (TestContainerPersistence.java:cleanupDir(170)) - Deleting /home/runner/work/ozone/ozone/hadoop-hdds/container-service/target/test-dir/TestContainerPersistence
]]></system-out>
  </testcase>
  <testcase name="testCreateDuplicateContainer" classname="TestContainerPersistence" time="0.036">
    <system-out><![CDATA[2022-07-08 01:04:04,448 [Time-limited test] INFO  volume.HddsVolume (HddsVolume.java:<init>(116)) - Creating HddsVolume: /home/runner/work/ozone/ozone/hadoop-hdds/container-service/target/test-dir/TestContainerPersistence/hdds of storage type : DISK capacity : 9223372036854775807
2022-07-08 01:04:04,448 [Time-limited test] INFO  volume.MutableVolumeSet (MutableVolumeSet.java:initializeVolumeSet(174)) - Added Volume : /home/runner/work/ozone/ozone/hadoop-hdds/container-service/target/test-dir/TestContainerPersistence/hdds to VolumeSet
2022-07-08 01:04:04,480 [Time-limited test] WARN  impl.ContainerSet (ContainerSet.java:addContainer(77)) - Container already exists with container Id 1657242244455
2022-07-08 01:04:04,480 [Time-limited test] INFO  impl.TestContainerPersistence (TestContainerPersistence.java:cleanupDir(170)) - Deleting /home/runner/work/ozone/ozone/hadoop-hdds/container-service/target/test-dir/TestContainerPersistence
]]></system-out>
  </testcase>
  <testcase name="testCreateDuplicateContainer" classname="TestContainerPersistence" time="0.044">
    <system-out><![CDATA[2022-07-08 01:04:05,637 [Time-limited test] INFO  volume.HddsVolume (HddsVolume.java:<init>(116)) - Creating HddsVolume: /home/runner/work/ozone/ozone/hadoop-hdds/container-service/target/test-dir/TestContainerPersistence/hdds of storage type : DISK capacity : 9223372036854775807
2022-07-08 01:04:05,638 [Time-limited test] INFO  volume.MutableVolumeSet (MutableVolumeSet.java:initializeVolumeSet(174)) - Added Volume : /home/runner/work/ozone/ozone/hadoop-hdds/container-service/target/test-dir/TestContainerPersistence/hdds to VolumeSet
2022-07-08 01:04:05,670 [Time-limited test] WARN  impl.ContainerSet (ContainerSet.java:addContainer(77)) - Container already exists with container Id 1657242245644
2022-07-08 01:04:05,674 [Time-limited test] INFO  impl.TestContainerPersistence (TestContainerPersistence.java:cleanupDir(170)) - Deleting /home/runner/work/ozone/ozone/hadoop-hdds/container-service/target/test-dir/TestContainerPersistence
]]></system-out>
  </testcase>
  <testcase name="testCreateDuplicateContainer" classname="TestContainerPersistence" time="0.036">
    <system-out><![CDATA[2022-07-08 01:04:06,579 [Time-limited test] INFO  volume.HddsVolume (HddsVolume.java:<init>(116)) - Creating HddsVolume: /home/runner/work/ozone/ozone/hadoop-hdds/container-service/target/test-dir/TestContainerPersistence/hdds of storage type : DISK capacity : 9223372036854775807
2022-07-08 01:04:06,579 [Time-limited test] INFO  volume.MutableVolumeSet (MutableVolumeSet.java:initializeVolumeSet(174)) - Added Volume : /home/runner/work/ozone/ozone/hadoop-hdds/container-service/target/test-dir/TestContainerPersistence/hdds to VolumeSet
2022-07-08 01:04:06,610 [Time-limited test] INFO  volume.HddsVolume (HddsVolume.java:createDbStore(309)) - SchemaV3 db is created and loaded at /home/runner/work/ozone/ozone/hadoop-hdds/container-service/target/test-dir/TestContainerPersistence/hdds/677c7eab-5f36-4d19-a0c8-be8f8bcb5e5b/DS-3fedf7b3-8026-4c98-9d9c-194405e0c563/container.db for volume DS-3fedf7b3-8026-4c98-9d9c-194405e0c563
2022-07-08 01:04:06,612 [Time-limited test] WARN  impl.ContainerSet (ContainerSet.java:addContainer(77)) - Container already exists with container Id 1657242246610
2022-07-08 01:04:06,612 [Time-limited test] INFO  impl.TestContainerPersistence (TestContainerPersistence.java:cleanupDir(170)) - Deleting /home/runner/work/ozone/ozone/hadoop-hdds/container-service/target/test-dir/TestContainerPersistence
]]></system-out>
  </testcase>
  <testcase name="testUpdateContainer" classname="TestContainerPersistence" time="0.082">
    <system-out><![CDATA[2022-07-08 01:03:58,948 [Time-limited test] INFO  volume.HddsVolume (HddsVolume.java:<init>(116)) - Creating HddsVolume: /home/runner/work/ozone/ozone/hadoop-hdds/container-service/target/test-dir/TestContainerPersistence/hdds of storage type : DISK capacity : 9223372036854775807
2022-07-08 01:03:58,948 [Time-limited test] INFO  volume.MutableVolumeSet (MutableVolumeSet.java:initializeVolumeSet(174)) - Added Volume : /home/runner/work/ozone/ozone/hadoop-hdds/container-service/target/test-dir/TestContainerPersistence/hdds to VolumeSet
2022-07-08 01:03:59,015 [Time-limited test] INFO  keyvalue.KeyValueContainer (KeyValueContainer.java:flushAndSyncDB(431)) - Container 1657242238954 is synced with bcsId 0.
2022-07-08 01:03:59,015 [Time-limited test] INFO  keyvalue.KeyValueContainer (KeyValueContainer.java:flushAndSyncDB(431)) - Container 1657242238954 is synced with bcsId 0.
2022-07-08 01:03:59,017 [Time-limited test] INFO  keyvalue.KeyValueContainer (KeyValueContainer.java:close(346)) - Container 1657242238954 is closed with bcsId 0.
2022-07-08 01:03:59,019 [Time-limited test] INFO  impl.TestContainerPersistence (TestContainerPersistence.java:cleanupDir(170)) - Deleting /home/runner/work/ozone/ozone/hadoop-hdds/container-service/target/test-dir/TestContainerPersistence
]]></system-out>
  </testcase>
  <testcase name="testUpdateContainer" classname="TestContainerPersistence" time="0.05">
    <system-out><![CDATA[2022-07-08 01:04:01,243 [Time-limited test] INFO  volume.HddsVolume (HddsVolume.java:<init>(116)) - Creating HddsVolume: /home/runner/work/ozone/ozone/hadoop-hdds/container-service/target/test-dir/TestContainerPersistence/hdds of storage type : DISK capacity : 9223372036854775807
2022-07-08 01:04:01,243 [Time-limited test] INFO  volume.MutableVolumeSet (MutableVolumeSet.java:initializeVolumeSet(174)) - Added Volume : /home/runner/work/ozone/ozone/hadoop-hdds/container-service/target/test-dir/TestContainerPersistence/hdds to VolumeSet
2022-07-08 01:04:01,283 [Time-limited test] INFO  keyvalue.KeyValueContainer (KeyValueContainer.java:flushAndSyncDB(431)) - Container 1657242241250 is synced with bcsId 0.
2022-07-08 01:04:01,284 [Time-limited test] INFO  keyvalue.KeyValueContainer (KeyValueContainer.java:flushAndSyncDB(431)) - Container 1657242241250 is synced with bcsId 0.
2022-07-08 01:04:01,285 [Time-limited test] INFO  keyvalue.KeyValueContainer (KeyValueContainer.java:close(346)) - Container 1657242241250 is closed with bcsId 0.
2022-07-08 01:04:01,287 [Time-limited test] INFO  impl.TestContainerPersistence (TestContainerPersistence.java:cleanupDir(170)) - Deleting /home/runner/work/ozone/ozone/hadoop-hdds/container-service/target/test-dir/TestContainerPersistence
]]></system-out>
  </testcase>
  <testcase name="testUpdateContainer" classname="TestContainerPersistence" time="0.052">
    <system-out><![CDATA[2022-07-08 01:04:02,884 [Time-limited test] INFO  volume.HddsVolume (HddsVolume.java:<init>(116)) - Creating HddsVolume: /home/runner/work/ozone/ozone/hadoop-hdds/container-service/target/test-dir/TestContainerPersistence/hdds of storage type : DISK capacity : 9223372036854775807
2022-07-08 01:04:02,884 [Time-limited test] INFO  volume.MutableVolumeSet (MutableVolumeSet.java:initializeVolumeSet(174)) - Added Volume : /home/runner/work/ozone/ozone/hadoop-hdds/container-service/target/test-dir/TestContainerPersistence/hdds to VolumeSet
2022-07-08 01:04:02,915 [Time-limited test] INFO  volume.HddsVolume (HddsVolume.java:createDbStore(309)) - SchemaV3 db is created and loaded at /home/runner/work/ozone/ozone/hadoop-hdds/container-service/target/test-dir/TestContainerPersistence/hdds/677c7eab-5f36-4d19-a0c8-be8f8bcb5e5b/DS-4b3feaed-4f7a-4262-ac14-decbfb139e72/container.db for volume DS-4b3feaed-4f7a-4262-ac14-decbfb139e72
2022-07-08 01:04:02,926 [Time-limited test] INFO  keyvalue.KeyValueContainer (KeyValueContainer.java:flushAndSyncDB(431)) - Container 1657242242916 is synced with bcsId 0.
2022-07-08 01:04:02,926 [Time-limited test] INFO  keyvalue.KeyValueContainer (KeyValueContainer.java:flushAndSyncDB(431)) - Container 1657242242916 is synced with bcsId 0.
2022-07-08 01:04:02,927 [Time-limited test] INFO  keyvalue.KeyValueContainer (KeyValueContainer.java:close(346)) - Container 1657242242916 is closed with bcsId 0.
2022-07-08 01:04:02,931 [Time-limited test] INFO  impl.TestContainerPersistence (TestContainerPersistence.java:cleanupDir(170)) - Deleting /home/runner/work/ozone/ozone/hadoop-hdds/container-service/target/test-dir/TestContainerPersistence
]]></system-out>
  </testcase>
  <testcase name="testUpdateContainer" classname="TestContainerPersistence" time="0.045">
    <system-out><![CDATA[2022-07-08 01:04:04,485 [Time-limited test] INFO  volume.HddsVolume (HddsVolume.java:<init>(116)) - Creating HddsVolume: /home/runner/work/ozone/ozone/hadoop-hdds/container-service/target/test-dir/TestContainerPersistence/hdds of storage type : DISK capacity : 9223372036854775807
2022-07-08 01:04:04,485 [Time-limited test] INFO  volume.MutableVolumeSet (MutableVolumeSet.java:initializeVolumeSet(174)) - Added Volume : /home/runner/work/ozone/ozone/hadoop-hdds/container-service/target/test-dir/TestContainerPersistence/hdds to VolumeSet
2022-07-08 01:04:04,522 [Time-limited test] INFO  keyvalue.KeyValueContainer (KeyValueContainer.java:flushAndSyncDB(431)) - Container 1657242244491 is synced with bcsId 0.
2022-07-08 01:04:04,523 [Time-limited test] INFO  keyvalue.KeyValueContainer (KeyValueContainer.java:flushAndSyncDB(431)) - Container 1657242244491 is synced with bcsId 0.
2022-07-08 01:04:04,524 [Time-limited test] INFO  keyvalue.KeyValueContainer (KeyValueContainer.java:close(346)) - Container 1657242244491 is closed with bcsId 0.
2022-07-08 01:04:04,526 [Time-limited test] INFO  impl.TestContainerPersistence (TestContainerPersistence.java:cleanupDir(170)) - Deleting /home/runner/work/ozone/ozone/hadoop-hdds/container-service/target/test-dir/TestContainerPersistence
]]></system-out>
  </testcase>
  <testcase name="testUpdateContainer" classname="TestContainerPersistence" time="0.042">
    <system-out><![CDATA[2022-07-08 01:04:05,678 [Time-limited test] INFO  volume.HddsVolume (HddsVolume.java:<init>(116)) - Creating HddsVolume: /home/runner/work/ozone/ozone/hadoop-hdds/container-service/target/test-dir/TestContainerPersistence/hdds of storage type : DISK capacity : 9223372036854775807
2022-07-08 01:04:05,678 [Time-limited test] INFO  volume.MutableVolumeSet (MutableVolumeSet.java:initializeVolumeSet(174)) - Added Volume : /home/runner/work/ozone/ozone/hadoop-hdds/container-service/target/test-dir/TestContainerPersistence/hdds to VolumeSet
2022-07-08 01:04:05,709 [Time-limited test] INFO  keyvalue.KeyValueContainer (KeyValueContainer.java:flushAndSyncDB(431)) - Container 1657242245684 is synced with bcsId 0.
2022-07-08 01:04:05,710 [Time-limited test] INFO  keyvalue.KeyValueContainer (KeyValueContainer.java:flushAndSyncDB(431)) - Container 1657242245684 is synced with bcsId 0.
2022-07-08 01:04:05,711 [Time-limited test] INFO  keyvalue.KeyValueContainer (KeyValueContainer.java:close(346)) - Container 1657242245684 is closed with bcsId 0.
2022-07-08 01:04:05,717 [Time-limited test] INFO  impl.TestContainerPersistence (TestContainerPersistence.java:cleanupDir(170)) - Deleting /home/runner/work/ozone/ozone/hadoop-hdds/container-service/target/test-dir/TestContainerPersistence
]]></system-out>
  </testcase>
  <testcase name="testUpdateContainer" classname="TestContainerPersistence" time="0.041">
    <system-out><![CDATA[2022-07-08 01:04:06,616 [Time-limited test] INFO  volume.HddsVolume (HddsVolume.java:<init>(116)) - Creating HddsVolume: /home/runner/work/ozone/ozone/hadoop-hdds/container-service/target/test-dir/TestContainerPersistence/hdds of storage type : DISK capacity : 9223372036854775807
2022-07-08 01:04:06,616 [Time-limited test] INFO  volume.MutableVolumeSet (MutableVolumeSet.java:initializeVolumeSet(174)) - Added Volume : /home/runner/work/ozone/ozone/hadoop-hdds/container-service/target/test-dir/TestContainerPersistence/hdds to VolumeSet
2022-07-08 01:04:06,642 [Time-limited test] INFO  volume.HddsVolume (HddsVolume.java:createDbStore(309)) - SchemaV3 db is created and loaded at /home/runner/work/ozone/ozone/hadoop-hdds/container-service/target/test-dir/TestContainerPersistence/hdds/677c7eab-5f36-4d19-a0c8-be8f8bcb5e5b/DS-cb5ec489-f81d-4acc-b716-3d2838b5bd1a/container.db for volume DS-cb5ec489-f81d-4acc-b716-3d2838b5bd1a
2022-07-08 01:04:06,651 [Time-limited test] INFO  keyvalue.KeyValueContainer (KeyValueContainer.java:flushAndSyncDB(431)) - Container 1657242246643 is synced with bcsId 0.
2022-07-08 01:04:06,651 [Time-limited test] INFO  keyvalue.KeyValueContainer (KeyValueContainer.java:flushAndSyncDB(431)) - Container 1657242246643 is synced with bcsId 0.
2022-07-08 01:04:06,652 [Time-limited test] INFO  keyvalue.KeyValueContainer (KeyValueContainer.java:close(346)) - Container 1657242246643 is closed with bcsId 0.
2022-07-08 01:04:06,653 [Time-limited test] INFO  impl.TestContainerPersistence (TestContainerPersistence.java:cleanupDir(170)) - Deleting /home/runner/work/ozone/ozone/hadoop-hdds/container-service/target/test-dir/TestContainerPersistence
]]></system-out>
  </testcase>
  <testcase name="testListContainer" classname="TestContainerPersistence" time="0.326">
    <system-out><![CDATA[2022-07-08 01:03:59,030 [Time-limited test] INFO  volume.HddsVolume (HddsVolume.java:<init>(116)) - Creating HddsVolume: /home/runner/work/ozone/ozone/hadoop-hdds/container-service/target/test-dir/TestContainerPersistence/hdds of storage type : DISK capacity : 9223372036854775807
2022-07-08 01:03:59,030 [Time-limited test] INFO  volume.MutableVolumeSet (MutableVolumeSet.java:initializeVolumeSet(174)) - Added Volume : /home/runner/work/ozone/ozone/hadoop-hdds/container-service/target/test-dir/TestContainerPersistence/hdds to VolumeSet
2022-07-08 01:03:59,338 [Time-limited test] INFO  impl.TestContainerPersistence (TestContainerPersistence.java:cleanupDir(170)) - Deleting /home/runner/work/ozone/ozone/hadoop-hdds/container-service/target/test-dir/TestContainerPersistence
]]></system-out>
  </testcase>
  <testcase name="testListContainer" classname="TestContainerPersistence" time="0.294">
    <system-out><![CDATA[2022-07-08 01:04:01,300 [Time-limited test] INFO  volume.HddsVolume (HddsVolume.java:<init>(116)) - Creating HddsVolume: /home/runner/work/ozone/ozone/hadoop-hdds/container-service/target/test-dir/TestContainerPersistence/hdds of storage type : DISK capacity : 9223372036854775807
2022-07-08 01:04:01,300 [Time-limited test] INFO  volume.MutableVolumeSet (MutableVolumeSet.java:initializeVolumeSet(174)) - Added Volume : /home/runner/work/ozone/ozone/hadoop-hdds/container-service/target/test-dir/TestContainerPersistence/hdds to VolumeSet
2022-07-08 01:04:01,576 [Time-limited test] INFO  impl.TestContainerPersistence (TestContainerPersistence.java:cleanupDir(170)) - Deleting /home/runner/work/ozone/ozone/hadoop-hdds/container-service/target/test-dir/TestContainerPersistence
]]></system-out>
  </testcase>
  <testcase name="testListContainer" classname="TestContainerPersistence" time="0.059">
    <system-out><![CDATA[2022-07-08 01:04:02,939 [Time-limited test] INFO  volume.HddsVolume (HddsVolume.java:<init>(116)) - Creating HddsVolume: /home/runner/work/ozone/ozone/hadoop-hdds/container-service/target/test-dir/TestContainerPersistence/hdds of storage type : DISK capacity : 9223372036854775807
2022-07-08 01:04:02,939 [Time-limited test] INFO  volume.MutableVolumeSet (MutableVolumeSet.java:initializeVolumeSet(174)) - Added Volume : /home/runner/work/ozone/ozone/hadoop-hdds/container-service/target/test-dir/TestContainerPersistence/hdds to VolumeSet
2022-07-08 01:04:02,974 [Time-limited test] INFO  volume.HddsVolume (HddsVolume.java:createDbStore(309)) - SchemaV3 db is created and loaded at /home/runner/work/ozone/ozone/hadoop-hdds/container-service/target/test-dir/TestContainerPersistence/hdds/677c7eab-5f36-4d19-a0c8-be8f8bcb5e5b/DS-6f94ca44-e017-4810-9524-7000b3430faf/container.db for volume DS-6f94ca44-e017-4810-9524-7000b3430faf
2022-07-08 01:04:02,989 [Time-limited test] INFO  impl.TestContainerPersistence (TestContainerPersistence.java:cleanupDir(170)) - Deleting /home/runner/work/ozone/ozone/hadoop-hdds/container-service/target/test-dir/TestContainerPersistence
]]></system-out>
  </testcase>
  <testcase name="testListContainer" classname="TestContainerPersistence" time="0.281">
    <system-out><![CDATA[2022-07-08 01:04:04,529 [Time-limited test] INFO  volume.HddsVolume (HddsVolume.java:<init>(116)) - Creating HddsVolume: /home/runner/work/ozone/ozone/hadoop-hdds/container-service/target/test-dir/TestContainerPersistence/hdds of storage type : DISK capacity : 9223372036854775807
2022-07-08 01:04:04,529 [Time-limited test] INFO  volume.MutableVolumeSet (MutableVolumeSet.java:initializeVolumeSet(174)) - Added Volume : /home/runner/work/ozone/ozone/hadoop-hdds/container-service/target/test-dir/TestContainerPersistence/hdds to VolumeSet
2022-07-08 01:04:04,801 [Time-limited test] INFO  impl.TestContainerPersistence (TestContainerPersistence.java:cleanupDir(170)) - Deleting /home/runner/work/ozone/ozone/hadoop-hdds/container-service/target/test-dir/TestContainerPersistence
]]></system-out>
  </testcase>
  <testcase name="testListContainer" classname="TestContainerPersistence" time="0.253">
    <system-out><![CDATA[2022-07-08 01:04:05,722 [Time-limited test] INFO  volume.HddsVolume (HddsVolume.java:<init>(116)) - Creating HddsVolume: /home/runner/work/ozone/ozone/hadoop-hdds/container-service/target/test-dir/TestContainerPersistence/hdds of storage type : DISK capacity : 9223372036854775807
2022-07-08 01:04:05,723 [Time-limited test] INFO  volume.MutableVolumeSet (MutableVolumeSet.java:initializeVolumeSet(174)) - Added Volume : /home/runner/work/ozone/ozone/hadoop-hdds/container-service/target/test-dir/TestContainerPersistence/hdds to VolumeSet
2022-07-08 01:04:05,964 [Time-limited test] INFO  impl.TestContainerPersistence (TestContainerPersistence.java:cleanupDir(170)) - Deleting /home/runner/work/ozone/ozone/hadoop-hdds/container-service/target/test-dir/TestContainerPersistence
]]></system-out>
  </testcase>
  <testcase name="testListContainer" classname="TestContainerPersistence" time="0.048">
    <error type="org.apache.hadoop.hdds.scm.container.common.helpers.StorageContainerException"><![CDATA[org.apache.hadoop.hdds.scm.container.common.helpers.StorageContainerException: Container creation failed because ContainerFile already exists
	at org.apache.hadoop.ozone.container.keyvalue.KeyValueContainer.create(KeyValueContainer.java:191)
	at org.apache.hadoop.ozone.container.common.impl.TestContainerPersistence.addContainer(TestContainerPersistence.java:200)
	at org.apache.hadoop.ozone.container.common.impl.TestContainerPersistence.testListContainer(TestContainerPersistence.java:347)
	at sun.reflect.NativeMethodAccessorImpl.invoke0(Native Method)
	at sun.reflect.NativeMethodAccessorImpl.invoke(NativeMethodAccessorImpl.java:62)
	at sun.reflect.DelegatingMethodAccessorImpl.invoke(DelegatingMethodAccessorImpl.java:43)
	at java.lang.reflect.Method.invoke(Method.java:498)
	at org.junit.runners.model.FrameworkMethod$1.runReflectiveCall(FrameworkMethod.java:59)
	at org.junit.internal.runners.model.ReflectiveCallable.run(ReflectiveCallable.java:12)
	at org.junit.runners.model.FrameworkMethod.invokeExplosively(FrameworkMethod.java:56)
	at org.junit.internal.runners.statements.InvokeMethod.evaluate(InvokeMethod.java:17)
	at org.junit.internal.runners.statements.RunBefores.evaluate(RunBefores.java:26)
	at org.junit.internal.runners.statements.RunAfters.evaluate(RunAfters.java:27)
	at org.junit.rules.ExpectedException$ExpectedExceptionStatement.evaluate(ExpectedException.java:258)
	at org.junit.internal.runners.statements.FailOnTimeout$CallableStatement.call(FailOnTimeout.java:288)
	at org.junit.internal.runners.statements.FailOnTimeout$CallableStatement.call(FailOnTimeout.java:282)
	at java.util.concurrent.FutureTask.run(FutureTask.java:266)
	at java.lang.Thread.run(Thread.java:750)
Caused by: org.apache.hadoop.fs.FileAlreadyExistsException: container already exists on disk.
	at org.apache.hadoop.ozone.container.common.helpers.ContainerUtils.verifyIsNewContainer(ContainerUtils.java:126)
	at org.apache.hadoop.ozone.container.keyvalue.KeyValueContainer.create(KeyValueContainer.java:164)
	... 17 more
]]></error>
    <system-out><![CDATA[2022-07-08 01:04:06,656 [Time-limited test] INFO  volume.HddsVolume (HddsVolume.java:<init>(116)) - Creating HddsVolume: /home/runner/work/ozone/ozone/hadoop-hdds/container-service/target/test-dir/TestContainerPersistence/hdds of storage type : DISK capacity : 9223372036854775807
2022-07-08 01:04:06,657 [Time-limited test] INFO  volume.MutableVolumeSet (MutableVolumeSet.java:initializeVolumeSet(174)) - Added Volume : /home/runner/work/ozone/ozone/hadoop-hdds/container-service/target/test-dir/TestContainerPersistence/hdds to VolumeSet
2022-07-08 01:04:06,688 [Time-limited test] INFO  volume.HddsVolume (HddsVolume.java:createDbStore(309)) - SchemaV3 db is created and loaded at /home/runner/work/ozone/ozone/hadoop-hdds/container-service/target/test-dir/TestContainerPersistence/hdds/677c7eab-5f36-4d19-a0c8-be8f8bcb5e5b/DS-d108c9ee-dc5e-4bbe-a4e2-1b7d70c0fc2f/container.db for volume DS-d108c9ee-dc5e-4bbe-a4e2-1b7d70c0fc2f
2022-07-08 01:04:06,699 [Time-limited test] ERROR impl.ContainerSet (ContainerUtils.java:verifyIsNewContainer(124)) - Container already exists on disk. File: /home/runner/work/ozone/ozone/hadoop-hdds/container-service/target/test-dir/TestContainerPersistence/hdds/677c7eab-5f36-4d19-a0c8-be8f8bcb5e5b/current/containerDir239/1657242246698/metadata
2022-07-08 01:04:06,699 [Time-limited test] INFO  impl.TestContainerPersistence (TestContainerPersistence.java:cleanupDir(170)) - Deleting /home/runner/work/ozone/ozone/hadoop-hdds/container-service/target/test-dir/TestContainerPersistence
]]></system-out>
  </testcase>
  <testcase name="testWritReadManyChunks" classname="TestContainerPersistence" time="0.955">
    <system-out><![CDATA[2022-07-08 01:03:59,349 [Time-limited test] INFO  volume.HddsVolume (HddsVolume.java:<init>(116)) - Creating HddsVolume: /home/runner/work/ozone/ozone/hadoop-hdds/container-service/target/test-dir/TestContainerPersistence/hdds of storage type : DISK capacity : 9223372036854775807
2022-07-08 01:03:59,349 [Time-limited test] INFO  volume.MutableVolumeSet (MutableVolumeSet.java:initializeVolumeSet(174)) - Added Volume : /home/runner/work/ozone/ozone/hadoop-hdds/container-service/target/test-dir/TestContainerPersistence/hdds to VolumeSet
2022-07-08 01:04:00,250 [Time-limited test] INFO  impl.TestContainerPersistence (TestContainerPersistence.java:cleanupDir(170)) - Deleting /home/runner/work/ozone/ozone/hadoop-hdds/container-service/target/test-dir/TestContainerPersistence
]]></system-out>
  </testcase>
  <testcase name="testWritReadManyChunks" classname="TestContainerPersistence" time="0.629">
    <system-out><![CDATA[2022-07-08 01:04:01,591 [Time-limited test] INFO  volume.HddsVolume (HddsVolume.java:<init>(116)) - Creating HddsVolume: /home/runner/work/ozone/ozone/hadoop-hdds/container-service/target/test-dir/TestContainerPersistence/hdds of storage type : DISK capacity : 9223372036854775807
2022-07-08 01:04:01,591 [Time-limited test] INFO  volume.MutableVolumeSet (MutableVolumeSet.java:initializeVolumeSet(174)) - Added Volume : /home/runner/work/ozone/ozone/hadoop-hdds/container-service/target/test-dir/TestContainerPersistence/hdds to VolumeSet
2022-07-08 01:04:02,165 [Time-limited test] INFO  impl.TestContainerPersistence (TestContainerPersistence.java:cleanupDir(170)) - Deleting /home/runner/work/ozone/ozone/hadoop-hdds/container-service/target/test-dir/TestContainerPersistence
]]></system-out>
  </testcase>
  <testcase name="testWritReadManyChunks" classname="TestContainerPersistence" time="0.604">
    <system-out><![CDATA[2022-07-08 01:04:02,998 [Time-limited test] INFO  volume.HddsVolume (HddsVolume.java:<init>(116)) - Creating HddsVolume: /home/runner/work/ozone/ozone/hadoop-hdds/container-service/target/test-dir/TestContainerPersistence/hdds of storage type : DISK capacity : 9223372036854775807
2022-07-08 01:04:02,998 [Time-limited test] INFO  volume.MutableVolumeSet (MutableVolumeSet.java:initializeVolumeSet(174)) - Added Volume : /home/runner/work/ozone/ozone/hadoop-hdds/container-service/target/test-dir/TestContainerPersistence/hdds to VolumeSet
2022-07-08 01:04:03,031 [Time-limited test] INFO  volume.HddsVolume (HddsVolume.java:createDbStore(309)) - SchemaV3 db is created and loaded at /home/runner/work/ozone/ozone/hadoop-hdds/container-service/target/test-dir/TestContainerPersistence/hdds/677c7eab-5f36-4d19-a0c8-be8f8bcb5e5b/DS-79121dca-2298-4632-bf0a-aab10e5b6288/container.db for volume DS-79121dca-2298-4632-bf0a-aab10e5b6288
2022-07-08 01:04:03,548 [Time-limited test] INFO  impl.TestContainerPersistence (TestContainerPersistence.java:cleanupDir(170)) - Deleting /home/runner/work/ozone/ozone/hadoop-hdds/container-service/target/test-dir/TestContainerPersistence
]]></system-out>
  </testcase>
  <testcase name="testWritReadManyChunks" classname="TestContainerPersistence" time="0.092">
    <system-out><![CDATA[2022-07-08 01:04:04,810 [Time-limited test] INFO  volume.HddsVolume (HddsVolume.java:<init>(116)) - Creating HddsVolume: /home/runner/work/ozone/ozone/hadoop-hdds/container-service/target/test-dir/TestContainerPersistence/hdds of storage type : DISK capacity : 9223372036854775807
2022-07-08 01:04:04,810 [Time-limited test] INFO  volume.MutableVolumeSet (MutableVolumeSet.java:initializeVolumeSet(174)) - Added Volume : /home/runner/work/ozone/ozone/hadoop-hdds/container-service/target/test-dir/TestContainerPersistence/hdds to VolumeSet
2022-07-08 01:04:04,900 [Time-limited test] INFO  impl.TestContainerPersistence (TestContainerPersistence.java:cleanupDir(170)) - Deleting /home/runner/work/ozone/ozone/hadoop-hdds/container-service/target/test-dir/TestContainerPersistence
]]></system-out>
  </testcase>
  <testcase name="testWritReadManyChunks" classname="TestContainerPersistence" time="0.092">
    <system-out><![CDATA[2022-07-08 01:04:05,978 [Time-limited test] INFO  volume.HddsVolume (HddsVolume.java:<init>(116)) - Creating HddsVolume: /home/runner/work/ozone/ozone/hadoop-hdds/container-service/target/test-dir/TestContainerPersistence/hdds of storage type : DISK capacity : 9223372036854775807
2022-07-08 01:04:05,979 [Time-limited test] INFO  volume.MutableVolumeSet (MutableVolumeSet.java:initializeVolumeSet(174)) - Added Volume : /home/runner/work/ozone/ozone/hadoop-hdds/container-service/target/test-dir/TestContainerPersistence/hdds to VolumeSet
2022-07-08 01:04:06,062 [Time-limited test] INFO  impl.TestContainerPersistence (TestContainerPersistence.java:cleanupDir(170)) - Deleting /home/runner/work/ozone/ozone/hadoop-hdds/container-service/target/test-dir/TestContainerPersistence
]]></system-out>
  </testcase>
  <testcase name="testWritReadManyChunks" classname="TestContainerPersistence" time="0.082">
    <system-out><![CDATA[2022-07-08 01:04:06,707 [Time-limited test] INFO  volume.HddsVolume (HddsVolume.java:<init>(116)) - Creating HddsVolume: /home/runner/work/ozone/ozone/hadoop-hdds/container-service/target/test-dir/TestContainerPersistence/hdds of storage type : DISK capacity : 9223372036854775807
2022-07-08 01:04:06,707 [Time-limited test] INFO  volume.MutableVolumeSet (MutableVolumeSet.java:initializeVolumeSet(174)) - Added Volume : /home/runner/work/ozone/ozone/hadoop-hdds/container-service/target/test-dir/TestContainerPersistence/hdds to VolumeSet
2022-07-08 01:04:06,734 [Time-limited test] INFO  volume.HddsVolume (HddsVolume.java:createDbStore(309)) - SchemaV3 db is created and loaded at /home/runner/work/ozone/ozone/hadoop-hdds/container-service/target/test-dir/TestContainerPersistence/hdds/677c7eab-5f36-4d19-a0c8-be8f8bcb5e5b/DS-8eb38c56-3ce1-45f1-bcf6-2bf0e1090e29/container.db for volume DS-8eb38c56-3ce1-45f1-bcf6-2bf0e1090e29
2022-07-08 01:04:06,787 [Time-limited test] INFO  impl.TestContainerPersistence (TestContainerPersistence.java:cleanupDir(170)) - Deleting /home/runner/work/ozone/ozone/hadoop-hdds/container-service/target/test-dir/TestContainerPersistence
]]></system-out>
  </testcase>
  <testcase name="testPutBlockWithLotsOfChunks" classname="TestContainerPersistence" time="0.049">
    <system-out><![CDATA[2022-07-08 01:04:00,308 [Time-limited test] INFO  volume.HddsVolume (HddsVolume.java:<init>(116)) - Creating HddsVolume: /home/runner/work/ozone/ozone/hadoop-hdds/container-service/target/test-dir/TestContainerPersistence/hdds of storage type : DISK capacity : 9223372036854775807
2022-07-08 01:04:00,308 [Time-limited test] INFO  volume.MutableVolumeSet (MutableVolumeSet.java:initializeVolumeSet(174)) - Added Volume : /home/runner/work/ozone/ozone/hadoop-hdds/container-service/target/test-dir/TestContainerPersistence/hdds to VolumeSet
2022-07-08 01:04:00,350 [Time-limited test] INFO  impl.TestContainerPersistence (TestContainerPersistence.java:cleanupDir(170)) - Deleting /home/runner/work/ozone/ozone/hadoop-hdds/container-service/target/test-dir/TestContainerPersistence
]]></system-out>
  </testcase>
  <testcase name="testPutBlockWithLotsOfChunks" classname="TestContainerPersistence" time="0.047">
    <system-out><![CDATA[2022-07-08 01:04:02,215 [Time-limited test] INFO  volume.HddsVolume (HddsVolume.java:<init>(116)) - Creating HddsVolume: /home/runner/work/ozone/ozone/hadoop-hdds/container-service/target/test-dir/TestContainerPersistence/hdds of storage type : DISK capacity : 9223372036854775807
2022-07-08 01:04:02,215 [Time-limited test] INFO  volume.MutableVolumeSet (MutableVolumeSet.java:initializeVolumeSet(174)) - Added Volume : /home/runner/work/ozone/ozone/hadoop-hdds/container-service/target/test-dir/TestContainerPersistence/hdds to VolumeSet
2022-07-08 01:04:02,258 [Time-limited test] INFO  impl.TestContainerPersistence (TestContainerPersistence.java:cleanupDir(170)) - Deleting /home/runner/work/ozone/ozone/hadoop-hdds/container-service/target/test-dir/TestContainerPersistence
]]></system-out>
  </testcase>
  <testcase name="testPutBlockWithLotsOfChunks" classname="TestContainerPersistence" time="0.048">
    <system-out><![CDATA[2022-07-08 01:04:03,601 [Time-limited test] INFO  volume.HddsVolume (HddsVolume.java:<init>(116)) - Creating HddsVolume: /home/runner/work/ozone/ozone/hadoop-hdds/container-service/target/test-dir/TestContainerPersistence/hdds of storage type : DISK capacity : 9223372036854775807
2022-07-08 01:04:03,601 [Time-limited test] INFO  volume.MutableVolumeSet (MutableVolumeSet.java:initializeVolumeSet(174)) - Added Volume : /home/runner/work/ozone/ozone/hadoop-hdds/container-service/target/test-dir/TestContainerPersistence/hdds to VolumeSet
2022-07-08 01:04:03,634 [Time-limited test] INFO  volume.HddsVolume (HddsVolume.java:createDbStore(309)) - SchemaV3 db is created and loaded at /home/runner/work/ozone/ozone/hadoop-hdds/container-service/target/test-dir/TestContainerPersistence/hdds/677c7eab-5f36-4d19-a0c8-be8f8bcb5e5b/DS-d25c8a42-0d59-49ff-9168-152f5b1db887/container.db for volume DS-d25c8a42-0d59-49ff-9168-152f5b1db887
2022-07-08 01:04:03,642 [Time-limited test] INFO  impl.TestContainerPersistence (TestContainerPersistence.java:cleanupDir(170)) - Deleting /home/runner/work/ozone/ozone/hadoop-hdds/container-service/target/test-dir/TestContainerPersistence
]]></system-out>
  </testcase>
  <testcase name="testPutBlockWithLotsOfChunks" classname="TestContainerPersistence" time="0.039">
    <system-out><![CDATA[2022-07-08 01:04:04,903 [Time-limited test] INFO  volume.HddsVolume (HddsVolume.java:<init>(116)) - Creating HddsVolume: /home/runner/work/ozone/ozone/hadoop-hdds/container-service/target/test-dir/TestContainerPersistence/hdds of storage type : DISK capacity : 9223372036854775807
2022-07-08 01:04:04,903 [Time-limited test] INFO  volume.MutableVolumeSet (MutableVolumeSet.java:initializeVolumeSet(174)) - Added Volume : /home/runner/work/ozone/ozone/hadoop-hdds/container-service/target/test-dir/TestContainerPersistence/hdds to VolumeSet
2022-07-08 01:04:04,939 [Time-limited test] INFO  impl.TestContainerPersistence (TestContainerPersistence.java:cleanupDir(170)) - Deleting /home/runner/work/ozone/ozone/hadoop-hdds/container-service/target/test-dir/TestContainerPersistence
]]></system-out>
  </testcase>
  <testcase name="testPutBlockWithLotsOfChunks" classname="TestContainerPersistence" time="0.041">
    <system-out><![CDATA[2022-07-08 01:04:06,065 [Time-limited test] INFO  volume.HddsVolume (HddsVolume.java:<init>(116)) - Creating HddsVolume: /home/runner/work/ozone/ozone/hadoop-hdds/container-service/target/test-dir/TestContainerPersistence/hdds of storage type : DISK capacity : 9223372036854775807
2022-07-08 01:04:06,065 [Time-limited test] INFO  volume.MutableVolumeSet (MutableVolumeSet.java:initializeVolumeSet(174)) - Added Volume : /home/runner/work/ozone/ozone/hadoop-hdds/container-service/target/test-dir/TestContainerPersistence/hdds to VolumeSet
2022-07-08 01:04:06,103 [Time-limited test] INFO  impl.TestContainerPersistence (TestContainerPersistence.java:cleanupDir(170)) - Deleting /home/runner/work/ozone/ozone/hadoop-hdds/container-service/target/test-dir/TestContainerPersistence
]]></system-out>
  </testcase>
  <testcase name="testPutBlockWithLotsOfChunks" classname="TestContainerPersistence" time="0.045">
    <system-out><![CDATA[2022-07-08 01:04:06,792 [Time-limited test] INFO  volume.HddsVolume (HddsVolume.java:<init>(116)) - Creating HddsVolume: /home/runner/work/ozone/ozone/hadoop-hdds/container-service/target/test-dir/TestContainerPersistence/hdds of storage type : DISK capacity : 9223372036854775807
2022-07-08 01:04:06,793 [Time-limited test] INFO  volume.MutableVolumeSet (MutableVolumeSet.java:initializeVolumeSet(174)) - Added Volume : /home/runner/work/ozone/ozone/hadoop-hdds/container-service/target/test-dir/TestContainerPersistence/hdds to VolumeSet
2022-07-08 01:04:06,827 [Time-limited test] INFO  volume.HddsVolume (HddsVolume.java:createDbStore(309)) - SchemaV3 db is created and loaded at /home/runner/work/ozone/ozone/hadoop-hdds/container-service/target/test-dir/TestContainerPersistence/hdds/677c7eab-5f36-4d19-a0c8-be8f8bcb5e5b/DS-768a4134-790c-4a1c-85ce-6f83b1457675/container.db for volume DS-768a4134-790c-4a1c-85ce-6f83b1457675
2022-07-08 01:04:06,831 [Time-limited test] INFO  impl.TestContainerPersistence (TestContainerPersistence.java:cleanupDir(170)) - Deleting /home/runner/work/ozone/ozone/hadoop-hdds/container-service/target/test-dir/TestContainerPersistence
]]></system-out>
  </testcase>
</testsuite>