<?xml version="1.0" encoding="UTF-8"?>
<testsuite xmlns:xsi="http://www.w3.org/2001/XMLSchema-instance" xsi:noNamespaceSchemaLocation="https://maven.apache.org/surefire/maven-surefire-plugin/xsd/surefire-test-report-3.0.xsd" version="3.0" name="org.apache.hadoop.fs.ozone.TestOzoneFileSystem" time="389.522" tests="152" errors="0" skipped="0" failures="1">
  <properties>
    <property name="awt.toolkit" value="sun.awt.X11.XToolkit"/>
    <property name="file.encoding.pkg" value="sun.io"/>
    <property name="java.specification.version" value="1.8"/>
    <property name="sun.cpu.isalist" value=""/>
    <property name="sun.jnu.encoding" value="UTF-8"/>
    <property name="java.class.path" value="/home/runner/work/ozone/ozone/hadoop-ozone/integration-test/target/test-classes:/home/runner/work/ozone/ozone/hadoop-ozone/integration-test/target/classes:/home/runner/.m2/repository/org/apache/ozone/ozone-common/1.3.0-SNAPSHOT/ozone-common-1.3.0-SNAPSHOT.jar:/home/runner/.m2/repository/io/grpc/grpc-netty/1.48.1/grpc-netty-1.48.1.jar:/home/runner/.m2/repository/io/grpc/grpc-core/1.48.1/grpc-core-1.48.1.jar:/home/runner/.m2/repository/com/google/android/annotations/4.1.1.4/annotations-4.1.1.4.jar:/home/runner/.m2/repository/org/codehaus/mojo/animal-sniffer-annotations/1.21/animal-sniffer-annotations-1.21.jar:/home/runner/.m2/repository/com/google/errorprone/error_prone_annotations/2.2.0/error_prone_annotations-2.2.0.jar:/home/runner/.m2/repository/io/perfmark/perfmark-api/0.25.0/perfmark-api-0.25.0.jar:/home/runner/.m2/repository/io/netty/netty-codec-http2/4.1.79.Final/netty-codec-http2-4.1.79.Final.jar:/home/runner/.m2/repository/io/netty/netty-common/4.1.79.Final/netty-common-4.1.79.Final.jar:/home/runner/.m2/repository/io/netty/netty-buffer/4.1.79.Final/netty-buffer-4.1.79.Final.jar:/home/runner/.m2/repository/io/netty/netty-codec-http/4.1.79.Final/netty-codec-http-4.1.79.Final.jar:/home/runner/.m2/repository/io/netty/netty-handler-proxy/4.1.79.Final/netty-handler-proxy-4.1.79.Final.jar:/home/runner/.m2/repository/io/netty/netty-codec-socks/4.1.79.Final/netty-codec-socks-4.1.79.Final.jar:/home/runner/.m2/repository/io/netty/netty-tcnative-boringssl-static/2.0.53.Final/netty-tcnative-boringssl-static-2.0.53.Final.jar:/home/runner/.m2/repository/io/netty/netty-tcnative-classes/2.0.53.Final/netty-tcnative-classes-2.0.53.Final.jar:/home/runner/.m2/repository/io/netty/netty-tcnative-boringssl-static/2.0.53.Final/netty-tcnative-boringssl-static-2.0.53.Final-linux-x86_64.jar:/home/runner/.m2/repository/io/netty/netty-tcnative-boringssl-static/2.0.53.Final/netty-tcnative-boringssl-static-2.0.53.Final-linux-aarch_64.jar:/home/runner/.m2/repository/io/netty/netty-tcnative-boringssl-static/2.0.53.Final/netty-tcnative-boringssl-static-2.0.53.Final-osx-x86_64.jar:/home/runner/.m2/repository/io/netty/netty-tcnative-boringssl-static/2.0.53.Final/netty-tcnative-boringssl-static-2.0.53.Final-osx-aarch_64.jar:/home/runner/.m2/repository/io/netty/netty-tcnative-boringssl-static/2.0.53.Final/netty-tcnative-boringssl-static-2.0.53.Final-windows-x86_64.jar:/home/runner/.m2/repository/org/apache/commons/commons-compress/1.21/commons-compress-1.21.jar:/home/runner/.m2/repository/org/apache/ozone/hdds-common/1.3.0-SNAPSHOT/hdds-common-1.3.0-SNAPSHOT.jar:/home/runner/.m2/repository/org/apache/ozone/hdds-client/1.3.0-SNAPSHOT/hdds-client-1.3.0-SNAPSHOT.jar:/home/runner/.m2/repository/org/apache/ozone/ozone-interface-client/1.3.0-SNAPSHOT/ozone-interface-client-1.3.0-SNAPSHOT.jar:/home/runner/.m2/repository/org/apache/ozone/hdds-test-utils/1.3.0-SNAPSHOT/hdds-test-utils-1.3.0-SNAPSHOT.jar:/home/runner/.m2/repository/com/google/guava/guava/31.1-jre/guava-31.1-jre.jar:/home/runner/.m2/repository/com/google/guava/failureaccess/1.0.1/failureaccess-1.0.1.jar:/home/runner/.m2/repository/com/google/guava/listenablefuture/9999.0-empty-to-avoid-conflict-with-guava/listenablefuture-9999.0-empty-to-avoid-conflict-with-guava.jar:/home/runner/.m2/repository/com/google/code/findbugs/jsr305/3.0.0/jsr305-3.0.0.jar:/home/runner/.m2/repository/org/checkerframework/checker-qual/3.12.0/checker-qual-3.12.0.jar:/home/runner/.m2/repository/com/google/j2objc/j2objc-annotations/1.3/j2objc-annotations-1.3.jar:/home/runner/.m2/repository/commons-io/commons-io/2.11.0/commons-io-2.11.0.jar:/home/runner/.m2/repository/commons-logging/commons-logging/1.2/commons-logging-1.2.jar:/home/runner/.m2/repository/ch/qos/reload4j/reload4j/1.2.22/reload4j-1.2.22.jar:/home/runner/.m2/repository/org/slf4j/slf4j-api/1.7.36/slf4j-api-1.7.36.jar:/home/runner/.m2/repository/org/apache/ozone/hdds-server-scm/1.3.0-SNAPSHOT/hdds-server-scm-1.3.0-SNAPSHOT.jar:/home/runner/.m2/repository/org/apache/ozone/hdds-container-service/1.3.0-SNAPSHOT/hdds-container-service-1.3.0-SNAPSHOT.jar:/home/runner/.m2/repository/org/apache/ozone/hdds-hadoop-dependency-server/1.3.0-SNAPSHOT/hdds-hadoop-dependency-server-1.3.0-SNAPSHOT.jar:/home/runner/.m2/repository/org/apache/hadoop/hadoop-hdfs/3.3.1/hadoop-hdfs-3.3.1.jar:/home/runner/.m2/repository/org/eclipse/jetty/jetty-util-ajax/9.4.43.v20210629/jetty-util-ajax-9.4.43.v20210629.jar:/home/runner/.m2/repository/commons-daemon/commons-daemon/1.0.13/commons-daemon-1.0.13.jar:/home/runner/.m2/repository/org/apache/ozone/hdds-server-framework/1.3.0-SNAPSHOT/hdds-server-framework-1.3.0-SNAPSHOT.jar:/home/runner/.m2/repository/org/apache/ozone/hdds-interface-server/1.3.0-SNAPSHOT/hdds-interface-server-1.3.0-SNAPSHOT.jar:/home/runner/.m2/repository/org/apache/logging/log4j/log4j-core/2.17.1/log4j-core-2.17.1.jar:/home/runner/.m2/repository/com/lmax/disruptor/3.4.2/disruptor-3.4.2.jar:/home/runner/.m2/repository/org/eclipse/jetty/jetty-servlet/9.4.43.v20210629/jetty-servlet-9.4.43.v20210629.jar:/home/runner/.m2/repository/org/eclipse/jetty/jetty-security/9.4.43.v20210629/jetty-security-9.4.43.v20210629.jar:/home/runner/.m2/repository/org/rocksdb/rocksdbjni/7.4.5/rocksdbjni-7.4.5.jar:/home/runner/.m2/repository/io/prometheus/simpleclient_dropwizard/0.7.0/simpleclient_dropwizard-0.7.0.jar:/home/runner/.m2/repository/io/prometheus/simpleclient/0.7.0/simpleclient-0.7.0.jar:/home/runner/.m2/repository/io/prometheus/simpleclient_common/0.7.0/simpleclient_common-0.7.0.jar:/home/runner/.m2/repository/io/dropwizard/metrics/metrics-core/3.2.4/metrics-core-3.2.4.jar:/home/runner/.m2/repository/org/apache/hadoop/hadoop-hdfs-client/3.3.1/hadoop-hdfs-client-3.3.1.jar:/home/runner/.m2/repository/org/bouncycastle/bcprov-jdk15on/1.67/bcprov-jdk15on-1.67.jar:/home/runner/.m2/repository/com/google/protobuf/protobuf-java/2.5.0/protobuf-java-2.5.0.jar:/home/runner/.m2/repository/org/apache/ozone/ozone-manager/1.3.0-SNAPSHOT/ozone-manager-1.3.0-SNAPSHOT.jar:/home/runner/.m2/repository/org/aspectj/aspectjrt/1.9.7/aspectjrt-1.9.7.jar:/home/runner/.m2/repository/org/aspectj/aspectjweaver/1.9.7/aspectjweaver-1.9.7.jar:/home/runner/.m2/repository/org/apache/ozone/hdds-interface-client/1.3.0-SNAPSHOT/hdds-interface-client-1.3.0-SNAPSHOT.jar:/home/runner/.m2/repository/org/apache/hadoop/thirdparty/hadoop-shaded-protobuf_3_7/1.1.1/hadoop-shaded-protobuf_3_7-1.1.1.jar:/home/runner/.m2/repository/org/apache/ozone/ozone-interface-storage/1.3.0-SNAPSHOT/ozone-interface-storage-1.3.0-SNAPSHOT.jar:/home/runner/.m2/repository/org/reflections/reflections/0.9.11/reflections-0.9.11.jar:/home/runner/.m2/repository/com/sun/jersey/jersey-client/1.19/jersey-client-1.19.jar:/home/runner/.m2/repository/org/apache/ranger/ranger-intg/2.3.0/ranger-intg-2.3.0.jar:/home/runner/.m2/repository/org/apache/ranger/ranger-plugins-common/2.3.0/ranger-plugins-common-2.3.0.jar:/home/runner/.m2/repository/commons-lang/commons-lang/2.6/commons-lang-2.6.jar:/home/runner/.m2/repository/org/codehaus/jackson/jackson-jaxrs/1.9.13/jackson-jaxrs-1.9.13.jar:/home/runner/.m2/repository/org/apache/ranger/ranger-plugins-cred/2.3.0/ranger-plugins-cred-2.3.0.jar:/home/runner/.m2/repository/org/apache/ranger/ranger-plugins-audit/2.3.0/ranger-plugins-audit-2.3.0.jar:/home/runner/.m2/repository/org/eclipse/jetty/jetty-client/9.4.31.v20200723/jetty-client-9.4.31.v20200723.jar:/home/runner/.m2/repository/org/apache/httpcomponents/httpmime/4.5.6/httpmime-4.5.6.jar:/home/runner/.m2/repository/org/apache/httpcomponents/httpcore-nio/4.4.6/httpcore-nio-4.4.6.jar:/home/runner/.m2/repository/org/apache/httpcomponents/httpasyncclient/4.1.3/httpasyncclient-4.1.3.jar:/home/runner/.m2/repository/com/carrotsearch/hppc/0.8.0/hppc-0.8.0.jar:/home/runner/.m2/repository/org/apache/orc/orc-core/1.5.8/orc-core-1.5.8.jar:/home/runner/.m2/repository/net/java/dev/jna/jna/5.2.0/jna-5.2.0.jar:/home/runner/.m2/repository/net/java/dev/jna/jna-platform/5.2.0/jna-platform-5.2.0.jar:/home/runner/.m2/repository/com/kstruct/gethostname4j/0.0.2/gethostname4j-0.0.2.jar:/home/runner/.m2/repository/org/apache/ranger/ranger-plugin-classloader/2.3.0/ranger-plugin-classloader-2.3.0.jar:/home/runner/.m2/repository/org/apache/hadoop/hadoop-minikdc/3.3.1/hadoop-minikdc-3.3.1.jar:/home/runner/.m2/repository/org/apache/kerby/kerb-simplekdc/1.0.1/kerb-simplekdc-1.0.1.jar:/home/runner/.m2/repository/org/apache/kerby/kerb-client/1.0.1/kerb-client-1.0.1.jar:/home/runner/.m2/repository/org/apache/kerby/kerby-config/1.0.1/kerby-config-1.0.1.jar:/home/runner/.m2/repository/org/apache/kerby/kerb-common/1.0.1/kerb-common-1.0.1.jar:/home/runner/.m2/repository/org/apache/kerby/kerb-crypto/1.0.1/kerb-crypto-1.0.1.jar:/home/runner/.m2/repository/org/apache/kerby/kerb-util/1.0.1/kerb-util-1.0.1.jar:/home/runner/.m2/repository/org/apache/kerby/token-provider/1.0.1/token-provider-1.0.1.jar:/home/runner/.m2/repository/org/apache/kerby/kerb-admin/1.0.1/kerb-admin-1.0.1.jar:/home/runner/.m2/repository/org/apache/kerby/kerb-server/1.0.1/kerb-server-1.0.1.jar:/home/runner/.m2/repository/org/apache/kerby/kerb-identity/1.0.1/kerb-identity-1.0.1.jar:/home/runner/.m2/repository/org/apache/kerby/kerby-xdr/1.0.1/kerby-xdr-1.0.1.jar:/home/runner/.m2/repository/org/apache/ozone/ozone-s3gateway/1.3.0-SNAPSHOT/ozone-s3gateway-1.3.0-SNAPSHOT.jar:/home/runner/.m2/repository/org/javassist/javassist/3.21.0-GA/javassist-3.21.0-GA.jar:/home/runner/.m2/repository/org/jboss/weld/servlet/weld-servlet/2.4.7.Final/weld-servlet-2.4.7.Final.jar:/home/runner/.m2/repository/org/glassfish/jersey/containers/jersey-container-servlet-core/2.34/jersey-container-servlet-core-2.34.jar:/home/runner/.m2/repository/org/glassfish/hk2/external/jakarta.inject/2.6.1/jakarta.inject-2.6.1.jar:/home/runner/.m2/repository/org/glassfish/jersey/core/jersey-common/2.34/jersey-common-2.34.jar:/home/runner/.m2/repository/jakarta/ws/rs/jakarta.ws.rs-api/2.1.6/jakarta.ws.rs-api-2.1.6.jar:/home/runner/.m2/repository/org/glassfish/jersey/ext/cdi/jersey-cdi1x/2.34/jersey-cdi1x-2.34.jar:/home/runner/.m2/repository/org/glassfish/jersey/inject/jersey-hk2/2.34/jersey-hk2-2.34.jar:/home/runner/.m2/repository/org/glassfish/hk2/hk2-locator/2.6.1/hk2-locator-2.6.1.jar:/home/runner/.m2/repository/org/glassfish/jersey/media/jersey-media-jaxb/2.34/jersey-media-jaxb-2.34.jar:/home/runner/.m2/repository/org/glassfish/hk2/osgi-resource-locator/1.0.3/osgi-resource-locator-1.0.3.jar:/home/runner/.m2/repository/org/glassfish/hk2/hk2-api/2.5.0/hk2-api-2.5.0.jar:/home/runner/.m2/repository/org/glassfish/hk2/hk2-utils/2.5.0/hk2-utils-2.5.0.jar:/home/runner/.m2/repository/org/glassfish/hk2/external/aopalliance-repackaged/2.5.0/aopalliance-repackaged-2.5.0.jar:/home/runner/.m2/repository/com/fasterxml/jackson/dataformat/jackson-dataformat-xml/2.13.2/jackson-dataformat-xml-2.13.2.jar:/home/runner/.m2/repository/com/fasterxml/jackson/core/jackson-core/2.13.2/jackson-core-2.13.2.jar:/home/runner/.m2/repository/org/codehaus/woodstox/stax2-api/3.1.4/stax2-api-3.1.4.jar:/home/runner/.m2/repository/com/fasterxml/woodstox/woodstox-core/5.0.3/woodstox-core-5.0.3.jar:/home/runner/.m2/repository/com/fasterxml/jackson/module/jackson-module-jaxb-annotations/2.13.2/jackson-module-jaxb-annotations-2.13.2.jar:/home/runner/.m2/repository/jakarta/xml/bind/jakarta.xml.bind-api/2.3.3/jakarta.xml.bind-api-2.3.3.jar:/home/runner/.m2/repository/jakarta/activation/jakarta.activation-api/1.2.1/jakarta.activation-api-1.2.1.jar:/home/runner/.m2/repository/javax/enterprise/cdi-api/1.2/cdi-api-1.2.jar:/home/runner/.m2/repository/javax/el/javax.el-api/3.0.0/javax.el-api-3.0.0.jar:/home/runner/.m2/repository/javax/interceptor/javax.interceptor-api/1.2/javax.interceptor-api-1.2.jar:/home/runner/.m2/repository/javax/inject/javax.inject/1/javax.inject-1.jar:/home/runner/.m2/repository/javax/xml/bind/jaxb-api/2.3.0/jaxb-api-2.3.0.jar:/home/runner/.m2/repository/org/glassfish/jaxb/jaxb-runtime/2.3.0.1/jaxb-runtime-2.3.0.1.jar:/home/runner/.m2/repository/org/glassfish/jaxb/jaxb-core/2.3.0.1/jaxb-core-2.3.0.1.jar:/home/runner/.m2/repository/org/glassfish/jaxb/txw2/2.3.0.1/txw2-2.3.0.1.jar:/home/runner/.m2/repository/com/sun/istack/istack-commons-runtime/3.0.5/istack-commons-runtime-3.0.5.jar:/home/runner/.m2/repository/org/jvnet/staxex/stax-ex/1.7.8/stax-ex-1.7.8.jar:/home/runner/.m2/repository/com/sun/xml/fastinfoset/FastInfoset/1.2.13/FastInfoset-1.2.13.jar:/home/runner/.m2/repository/javax/activation/activation/1.1.1/activation-1.1.1.jar:/home/runner/.m2/repository/io/grpc/grpc-protobuf/1.48.1/grpc-protobuf-1.48.1.jar:/home/runner/.m2/repository/io/grpc/grpc-api/1.48.1/grpc-api-1.48.1.jar:/home/runner/.m2/repository/io/grpc/grpc-context/1.48.1/grpc-context-1.48.1.jar:/home/runner/.m2/repository/com/google/api/grpc/proto-google-common-protos/2.9.0/proto-google-common-protos-2.9.0.jar:/home/runner/.m2/repository/io/grpc/grpc-protobuf-lite/1.48.1/grpc-protobuf-lite-1.48.1.jar:/home/runner/.m2/repository/io/grpc/grpc-stub/1.48.1/grpc-stub-1.48.1.jar:/home/runner/.m2/repository/io/netty/netty-transport/4.1.79.Final/netty-transport-4.1.79.Final.jar:/home/runner/.m2/repository/io/netty/netty-resolver/4.1.79.Final/netty-resolver-4.1.79.Final.jar:/home/runner/.m2/repository/org/apache/ozone/ozone-csi/1.3.0-SNAPSHOT/ozone-csi-1.3.0-SNAPSHOT.jar:/home/runner/.m2/repository/com/google/protobuf/protobuf-java-util/3.19.2/protobuf-java-util-3.19.2.jar:/home/runner/.m2/repository/com/google/code/gson/gson/2.9.0/gson-2.9.0.jar:/home/runner/.m2/repository/org/apache/ozone/hdds-config/1.3.0-SNAPSHOT/hdds-config-1.3.0-SNAPSHOT.jar:/home/runner/.m2/repository/io/netty/netty-transport-native-epoll/4.1.79.Final/netty-transport-native-epoll-4.1.79.Final-linux-x86_64.jar:/home/runner/.m2/repository/io/netty/netty-transport-classes-epoll/4.1.79.Final/netty-transport-classes-epoll-4.1.79.Final.jar:/home/runner/.m2/repository/io/netty/netty-transport-native-unix-common/4.1.79.Final/netty-transport-native-unix-common-4.1.79.Final.jar:/home/runner/.m2/repository/org/slf4j/slf4j-reload4j/1.7.36/slf4j-reload4j-1.7.36.jar:/home/runner/.m2/repository/org/apache/ozone/ozone-recon/1.3.0-SNAPSHOT/ozone-recon-1.3.0-SNAPSHOT.jar:/home/runner/.m2/repository/org/apache/ozone/ozone-reconcodegen/1.3.0-SNAPSHOT/ozone-reconcodegen-1.3.0-SNAPSHOT.jar:/home/runner/.m2/repository/com/google/inject/extensions/guice-multibindings/4.0/guice-multibindings-4.0.jar:/home/runner/.m2/repository/com/google/inject/guice/4.0/guice-4.0.jar:/home/runner/.m2/repository/aopalliance/aopalliance/1.0/aopalliance-1.0.jar:/home/runner/.m2/repository/com/google/inject/extensions/guice-assistedinject/4.0/guice-assistedinject-4.0.jar:/home/runner/.m2/repository/com/google/inject/extensions/guice-servlet/4.0/guice-servlet-4.0.jar:/home/runner/.m2/repository/org/glassfish/jersey/containers/jersey-container-servlet/2.34/jersey-container-servlet-2.34.jar:/home/runner/.m2/repository/org/glassfish/hk2/guice-bridge/2.5.0/guice-bridge-2.5.0.jar:/home/runner/.m2/repository/org/glassfish/jersey/core/jersey-server/2.34/jersey-server-2.34.jar:/home/runner/.m2/repository/org/glassfish/jersey/core/jersey-client/2.34/jersey-client-2.34.jar:/home/runner/.m2/repository/jakarta/annotation/jakarta.annotation-api/1.3.5/jakarta.annotation-api-1.3.5.jar:/home/runner/.m2/repository/jakarta/validation/jakarta.validation-api/2.0.2/jakarta.validation-api-2.0.2.jar:/home/runner/.m2/repository/org/glassfish/jersey/media/jersey-media-json-jackson/2.34/jersey-media-json-jackson-2.34.jar:/home/runner/.m2/repository/org/glassfish/jersey/ext/jersey-entity-filtering/2.34/jersey-entity-filtering-2.34.jar:/home/runner/.m2/repository/org/jooq/jooq/3.11.10/jooq-3.11.10.jar:/home/runner/.m2/repository/org/jooq/jooq-meta/3.11.10/jooq-meta-3.11.10.jar:/home/runner/.m2/repository/org/jooq/jooq-codegen/3.11.10/jooq-codegen-3.11.10.jar:/home/runner/.m2/repository/com/jolbox/bonecp/0.8.0.RELEASE/bonecp-0.8.0.RELEASE.jar:/home/runner/.m2/repository/org/apache/derby/derby/10.14.2.0/derby-10.14.2.0.jar:/home/runner/.m2/repository/org/xerial/sqlite-jdbc/3.25.2/sqlite-jdbc-3.25.2.jar:/home/runner/.m2/repository/org/springframework/spring-jdbc/5.2.20.RELEASE/spring-jdbc-5.2.20.RELEASE.jar:/home/runner/.m2/repository/org/springframework/spring-beans/5.2.20.RELEASE/spring-beans-5.2.20.RELEASE.jar:/home/runner/.m2/repository/org/springframework/spring-core/5.2.20.RELEASE/spring-core-5.2.20.RELEASE.jar:/home/runner/.m2/repository/org/springframework/spring-jcl/5.2.20.RELEASE/spring-jcl-5.2.20.RELEASE.jar:/home/runner/.m2/repository/org/springframework/spring-tx/5.2.20.RELEASE/spring-tx-5.2.20.RELEASE.jar:/home/runner/.m2/repository/org/apache/ozone/ozone-client/1.3.0-SNAPSHOT/ozone-client-1.3.0-SNAPSHOT.jar:/home/runner/.m2/repository/org/apache/ozone/hdds-erasurecode/1.3.0-SNAPSHOT/hdds-erasurecode-1.3.0-SNAPSHOT.jar:/home/runner/.m2/repository/com/github/spotbugs/spotbugs-annotations/3.1.12/spotbugs-annotations-3.1.12.jar:/home/runner/.m2/repository/org/apache/ozone/ozone-filesystem/1.3.0-SNAPSHOT/ozone-filesystem-1.3.0-SNAPSHOT.jar:/home/runner/.m2/repository/org/apache/ozone/ozone-filesystem-common/1.3.0-SNAPSHOT/ozone-filesystem-common-1.3.0-SNAPSHOT.jar:/home/runner/.m2/repository/org/apache/ozone/ozone-tools/1.3.0-SNAPSHOT/ozone-tools-1.3.0-SNAPSHOT.jar:/home/runner/.m2/repository/org/apache/ratis/ratis-tools/2.3.0/ratis-tools-2.3.0.jar:/home/runner/.m2/repository/com/amazonaws/aws-java-sdk-core/1.12.261/aws-java-sdk-core-1.12.261.jar:/home/runner/.m2/repository/org/apache/httpcomponents/httpclient/4.5.13/httpclient-4.5.13.jar:/home/runner/.m2/repository/org/apache/httpcomponents/httpcore/4.4.13/httpcore-4.4.13.jar:/home/runner/.m2/repository/software/amazon/ion/ion-java/1.0.2/ion-java-1.0.2.jar:/home/runner/.m2/repository/com/fasterxml/jackson/dataformat/jackson-dataformat-cbor/2.13.2/jackson-dataformat-cbor-2.13.2.jar:/home/runner/.m2/repository/joda-time/joda-time/2.8.1/joda-time-2.8.1.jar:/home/runner/.m2/repository/com/amazonaws/aws-java-sdk-s3/1.12.261/aws-java-sdk-s3-1.12.261.jar:/home/runner/.m2/repository/com/amazonaws/aws-java-sdk-kms/1.12.261/aws-java-sdk-kms-1.12.261.jar:/home/runner/.m2/repository/com/amazonaws/jmespath-java/1.12.261/jmespath-java-1.12.261.jar:/home/runner/.m2/repository/org/kohsuke/metainf-services/metainf-services/1.8/metainf-services-1.8.jar:/home/runner/.m2/repository/org/apache/ozone/hdds-tools/1.3.0-SNAPSHOT/hdds-tools-1.3.0-SNAPSHOT.jar:/home/runner/.m2/repository/commons-cli/commons-cli/1.2/commons-cli-1.2.jar:/home/runner/.m2/repository/org/apache/commons/commons-lang3/3.7/commons-lang3-3.7.jar:/home/runner/.m2/repository/org/apache/ozone/ozone-manager/1.3.0-SNAPSHOT/ozone-manager-1.3.0-SNAPSHOT-tests.jar:/home/runner/.m2/repository/org/apache/ozone/hdds-common/1.3.0-SNAPSHOT/hdds-common-1.3.0-SNAPSHOT-tests.jar:/home/runner/.m2/repository/org/apache/ozone/hdds-hadoop-dependency-client/1.3.0-SNAPSHOT/hdds-hadoop-dependency-client-1.3.0-SNAPSHOT.jar:/home/runner/.m2/repository/info/picocli/picocli/4.6.1/picocli-4.6.1.jar:/home/runner/.m2/repository/com/fasterxml/jackson/core/jackson-annotations/2.13.2/jackson-annotations-2.13.2.jar:/home/runner/.m2/repository/com/fasterxml/jackson/datatype/jackson-datatype-jsr310/2.13.2/jackson-datatype-jsr310-2.13.2.jar:/home/runner/.m2/repository/org/apache/ozone/hdds-annotation-processing/1.3.0-SNAPSHOT/hdds-annotation-processing-1.3.0-SNAPSHOT.jar:/home/runner/.m2/repository/javax/annotation/javax.annotation-api/1.2/javax.annotation-api-1.2.jar:/home/runner/.m2/repository/org/apache/ratis/ratis-server/2.3.0/ratis-server-2.3.0.jar:/home/runner/.m2/repository/org/apache/ratis/ratis-client/2.3.0/ratis-client-2.3.0.jar:/home/runner/.m2/repository/org/apache/ratis/ratis-server-api/2.3.0/ratis-server-api-2.3.0.jar:/home/runner/.m2/repository/org/apache/ratis/ratis-metrics/2.3.0/ratis-metrics-2.3.0.jar:/home/runner/.m2/repository/org/apache/ratis/ratis-netty/2.3.0/ratis-netty-2.3.0.jar:/home/runner/.m2/repository/org/apache/ratis/ratis-grpc/2.3.0/ratis-grpc-2.3.0.jar:/home/runner/.m2/repository/org/apache/logging/log4j/log4j-api/2.17.1/log4j-api-2.17.1.jar:/home/runner/.m2/repository/org/apache/commons/commons-pool2/2.6.0/commons-pool2-2.6.0.jar:/home/runner/.m2/repository/org/bouncycastle/bcpkix-jdk15on/1.67/bcpkix-jdk15on-1.67.jar:/home/runner/.m2/repository/commons-validator/commons-validator/1.6/commons-validator-1.6.jar:/home/runner/.m2/repository/commons-beanutils/commons-beanutils/1.9.4/commons-beanutils-1.9.4.jar:/home/runner/.m2/repository/commons-digester/commons-digester/1.8.1/commons-digester-1.8.1.jar:/home/runner/.m2/repository/commons-collections/commons-collections/3.2.2/commons-collections-3.2.2.jar:/home/runner/.m2/repository/io/jaegertracing/jaeger-client/1.6.0/jaeger-client-1.6.0.jar:/home/runner/.m2/repository/io/jaegertracing/jaeger-thrift/1.6.0/jaeger-thrift-1.6.0.jar:/home/runner/.m2/repository/org/apache/thrift/libthrift/0.14.1/libthrift-0.14.1.jar:/home/runner/.m2/repository/com/squareup/okhttp3/okhttp/4.9.0/okhttp-4.9.0.jar:/home/runner/.m2/repository/com/squareup/okio/okio/2.8.0/okio-2.8.0.jar:/home/runner/.m2/repository/io/jaegertracing/jaeger-core/1.6.0/jaeger-core-1.6.0.jar:/home/runner/.m2/repository/io/jaegertracing/jaeger-tracerresolver/1.6.0/jaeger-tracerresolver-1.6.0.jar:/home/runner/.m2/repository/io/opentracing/contrib/opentracing-tracerresolver/0.1.8/opentracing-tracerresolver-0.1.8.jar:/home/runner/.m2/repository/org/jetbrains/kotlin/kotlin-stdlib/1.6.21/kotlin-stdlib-1.6.21.jar:/home/runner/.m2/repository/org/jetbrains/kotlin/kotlin-stdlib-common/1.6.21/kotlin-stdlib-common-1.6.21.jar:/home/runner/.m2/repository/org/jetbrains/annotations/13.0/annotations-13.0.jar:/home/runner/.m2/repository/io/opentracing/opentracing-util/0.33.0/opentracing-util-0.33.0.jar:/home/runner/.m2/repository/io/opentracing/opentracing-api/0.33.0/opentracing-api-0.33.0.jar:/home/runner/.m2/repository/io/opentracing/opentracing-noop/0.33.0/opentracing-noop-0.33.0.jar:/home/runner/.m2/repository/org/yaml/snakeyaml/1.32/snakeyaml-1.32.jar:/home/runner/.m2/repository/org/apache/ozone/hdds-interface-admin/1.3.0-SNAPSHOT/hdds-interface-admin-1.3.0-SNAPSHOT.jar:/home/runner/.m2/repository/junit/junit/4.13.1/junit-4.13.1.jar:/home/runner/.m2/repository/org/hamcrest/hamcrest-core/1.3/hamcrest-core-1.3.jar:/home/runner/.m2/repository/org/junit/jupiter/junit-jupiter-api/5.8.2/junit-jupiter-api-5.8.2.jar:/home/runner/.m2/repository/org/opentest4j/opentest4j/1.2.0/opentest4j-1.2.0.jar:/home/runner/.m2/repository/org/junit/platform/junit-platform-commons/1.8.2/junit-platform-commons-1.8.2.jar:/home/runner/.m2/repository/org/apiguardian/apiguardian-api/1.1.2/apiguardian-api-1.1.2.jar:/home/runner/.m2/repository/org/junit/jupiter/junit-jupiter-params/5.8.2/junit-jupiter-params-5.8.2.jar:/home/runner/.m2/repository/org/junit/jupiter/junit-jupiter-migrationsupport/5.8.2/junit-jupiter-migrationsupport-5.8.2.jar:/home/runner/.m2/repository/org/junit/jupiter/junit-jupiter-engine/5.8.2/junit-jupiter-engine-5.8.2.jar:/home/runner/.m2/repository/org/junit/platform/junit-platform-engine/1.8.2/junit-platform-engine-1.8.2.jar:/home/runner/.m2/repository/org/junit/vintage/junit-vintage-engine/5.8.2/junit-vintage-engine-5.8.2.jar:/home/runner/.m2/repository/org/junit/platform/junit-platform-launcher/1.8.2/junit-platform-launcher-1.8.2.jar:/home/runner/.m2/repository/org/mockito/mockito-core/2.28.2/mockito-core-2.28.2.jar:/home/runner/.m2/repository/net/bytebuddy/byte-buddy/1.9.10/byte-buddy-1.9.10.jar:/home/runner/.m2/repository/net/bytebuddy/byte-buddy-agent/1.9.10/byte-buddy-agent-1.9.10.jar:/home/runner/.m2/repository/org/objenesis/objenesis/1.0/objenesis-1.0.jar:/home/runner/.m2/repository/org/apache/hadoop/hadoop-kms/3.3.1/hadoop-kms-3.3.1.jar:/home/runner/.m2/repository/org/apache/hadoop/hadoop-auth/3.3.1/hadoop-auth-3.3.1.jar:/home/runner/.m2/repository/com/nimbusds/nimbus-jose-jwt/7.9/nimbus-jose-jwt-7.9.jar:/home/runner/.m2/repository/com/github/stephenc/jcip/jcip-annotations/1.0-1/jcip-annotations-1.0-1.jar:/home/runner/.m2/repository/net/minidev/json-smart/2.4.7/json-smart-2.4.7.jar:/home/runner/.m2/repository/net/minidev/accessors-smart/2.4.7/accessors-smart-2.4.7.jar:/home/runner/.m2/repository/org/ow2/asm/asm/5.0.4/asm-5.0.4.jar:/home/runner/.m2/repository/org/apache/zookeeper/zookeeper/3.5.6/zookeeper-3.5.6.jar:/home/runner/.m2/repository/org/apache/zookeeper/zookeeper-jute/3.5.6/zookeeper-jute-3.5.6.jar:/home/runner/.m2/repository/org/apache/yetus/audience-annotations/0.5.0/audience-annotations-0.5.0.jar:/home/runner/.m2/repository/org/apache/curator/curator-framework/4.2.0/curator-framework-4.2.0.jar:/home/runner/.m2/repository/org/apache/hadoop/thirdparty/hadoop-shaded-guava/1.1.1/hadoop-shaded-guava-1.1.1.jar:/home/runner/.m2/repository/com/sun/jersey/jersey-core/1.19/jersey-core-1.19.jar:/home/runner/.m2/repository/javax/ws/rs/jsr311-api/1.1.1/jsr311-api-1.1.1.jar:/home/runner/.m2/repository/com/sun/jersey/jersey-server/1.19/jersey-server-1.19.jar:/home/runner/.m2/repository/javax/servlet/javax.servlet-api/3.1.0/javax.servlet-api-3.1.0.jar:/home/runner/.m2/repository/org/eclipse/jetty/jetty-server/9.4.43.v20210629/jetty-server-9.4.43.v20210629.jar:/home/runner/.m2/repository/org/eclipse/jetty/jetty-http/9.4.43.v20210629/jetty-http-9.4.43.v20210629.jar:/home/runner/.m2/repository/org/eclipse/jetty/jetty-io/9.4.43.v20210629/jetty-io-9.4.43.v20210629.jar:/home/runner/.m2/repository/org/eclipse/jetty/jetty-webapp/9.4.43.v20210629/jetty-webapp-9.4.43.v20210629.jar:/home/runner/.m2/repository/org/eclipse/jetty/jetty-xml/9.4.43.v20210629/jetty-xml-9.4.43.v20210629.jar:/home/runner/.m2/repository/org/apache/hadoop/hadoop-common/3.3.1/hadoop-common-3.3.1.jar:/home/runner/.m2/repository/org/apache/commons/commons-math3/3.1.1/commons-math3-3.1.1.jar:/home/runner/.m2/repository/commons-net/commons-net/3.6/commons-net-3.6.jar:/home/runner/.m2/repository/com/sun/jersey/jersey-servlet/1.19/jersey-servlet-1.19.jar:/home/runner/.m2/repository/com/sun/jersey/jersey-json/1.19/jersey-json-1.19.jar:/home/runner/.m2/repository/org/codehaus/jettison/jettison/1.1/jettison-1.1.jar:/home/runner/.m2/repository/com/sun/xml/bind/jaxb-impl/2.2.3-1/jaxb-impl-2.2.3-1.jar:/home/runner/.m2/repository/org/codehaus/jackson/jackson-xc/1.9.2/jackson-xc-1.9.2.jar:/home/runner/.m2/repository/org/apache/commons/commons-configuration2/2.1.1/commons-configuration2-2.1.1.jar:/home/runner/.m2/repository/org/apache/commons/commons-text/1.4/commons-text-1.4.jar:/home/runner/.m2/repository/com/google/re2j/re2j/1.1/re2j-1.1.jar:/home/runner/.m2/repository/com/jcraft/jsch/0.1.54/jsch-0.1.54.jar:/home/runner/.m2/repository/org/apache/curator/curator-client/4.2.0/curator-client-4.2.0.jar:/home/runner/.m2/repository/org/apache/curator/curator-recipes/4.2.0/curator-recipes-4.2.0.jar:/home/runner/.m2/repository/org/apache/htrace/htrace-core4/4.1.0-incubating/htrace-core4-4.1.0-incubating.jar:/home/runner/.m2/repository/org/apache/kerby/kerb-core/1.0.1/kerb-core-1.0.1.jar:/home/runner/.m2/repository/org/apache/kerby/kerby-pkix/1.0.1/kerby-pkix-1.0.1.jar:/home/runner/.m2/repository/org/apache/kerby/kerby-asn1/1.0.1/kerby-asn1-1.0.1.jar:/home/runner/.m2/repository/org/apache/kerby/kerby-util/1.0.1/kerby-util-1.0.1.jar:/home/runner/.m2/repository/dnsjava/dnsjava/2.1.7/dnsjava-2.1.7.jar:/home/runner/.m2/repository/org/xerial/snappy/snappy-java/1.1.8.2/snappy-java-1.1.8.2.jar:/home/runner/.m2/repository/org/eclipse/jetty/jetty-util/9.4.43.v20210629/jetty-util-9.4.43.v20210629.jar:/home/runner/.m2/repository/com/fasterxml/jackson/core/jackson-databind/2.13.2.2/jackson-databind-2.13.2.2.jar:/home/runner/.m2/repository/org/apache/hadoop/hadoop-kms/3.3.1/hadoop-kms-3.3.1-tests.jar:/home/runner/.m2/repository/org/apache/ozone/hdds-server-scm/1.3.0-SNAPSHOT/hdds-server-scm-1.3.0-SNAPSHOT-tests.jar:/home/runner/.m2/repository/org/apache/ozone/hdds-container-service/1.3.0-SNAPSHOT/hdds-container-service-1.3.0-SNAPSHOT-tests.jar:/home/runner/.m2/repository/commons-codec/commons-codec/1.11/commons-codec-1.11.jar:/home/runner/.m2/repository/io/netty/netty-codec/4.1.79.Final/netty-codec-4.1.79.Final.jar:/home/runner/.m2/repository/io/netty/netty-handler/4.1.79.Final/netty-handler-4.1.79.Final.jar:/home/runner/.m2/repository/org/apache/ozone/hdds-hadoop-dependency-test/1.3.0-SNAPSHOT/hdds-hadoop-dependency-test-1.3.0-SNAPSHOT.jar:/home/runner/.m2/repository/org/apache/hadoop/hadoop-common/3.3.1/hadoop-common-3.3.1-tests.jar:/home/runner/.m2/repository/org/apache/hadoop/hadoop-hdfs/3.3.1/hadoop-hdfs-3.3.1-tests.jar:/home/runner/.m2/repository/org/assertj/assertj-core/3.12.2/assertj-core-3.12.2.jar:/home/runner/.m2/repository/org/apache/hadoop/hadoop-distcp/3.3.1/hadoop-distcp-3.3.1.jar:/home/runner/.m2/repository/org/apache/hadoop/hadoop-mapreduce-client-jobclient/3.3.1/hadoop-mapreduce-client-jobclient-3.3.1.jar:/home/runner/.m2/repository/org/apache/hadoop/hadoop-mapreduce-client-common/3.3.1/hadoop-mapreduce-client-common-3.3.1.jar:/home/runner/.m2/repository/org/apache/hadoop/hadoop-yarn-common/3.3.1/hadoop-yarn-common-3.3.1.jar:/home/runner/.m2/repository/org/apache/hadoop/hadoop-yarn-api/3.3.1/hadoop-yarn-api-3.3.1.jar:/home/runner/.m2/repository/com/sun/jersey/contribs/jersey-guice/1.19/jersey-guice-1.19.jar:/home/runner/.m2/repository/com/fasterxml/jackson/jaxrs/jackson-jaxrs-json-provider/2.13.2/jackson-jaxrs-json-provider-2.13.2.jar:/home/runner/.m2/repository/com/fasterxml/jackson/jaxrs/jackson-jaxrs-base/2.13.2/jackson-jaxrs-base-2.13.2.jar:/home/runner/.m2/repository/org/apache/hadoop/hadoop-yarn-client/3.3.1/hadoop-yarn-client-3.3.1.jar:/home/runner/.m2/repository/org/eclipse/jetty/websocket/websocket-client/9.4.40.v20210413/websocket-client-9.4.40.v20210413.jar:/home/runner/.m2/repository/org/eclipse/jetty/websocket/websocket-common/9.4.40.v20210413/websocket-common-9.4.40.v20210413.jar:/home/runner/.m2/repository/org/eclipse/jetty/websocket/websocket-api/9.4.40.v20210413/websocket-api-9.4.40.v20210413.jar:/home/runner/.m2/repository/org/jline/jline/3.9.0/jline-3.9.0.jar:/home/runner/.m2/repository/org/apache/hadoop/hadoop-mapreduce-client-core/3.3.1/hadoop-mapreduce-client-core-3.3.1.jar:/home/runner/.m2/repository/org/apache/avro/avro/1.7.7/avro-1.7.7.jar:/home/runner/.m2/repository/org/codehaus/jackson/jackson-core-asl/1.9.13/jackson-core-asl-1.9.13.jar:/home/runner/.m2/repository/org/codehaus/jackson/jackson-mapper-asl/1.9.13/jackson-mapper-asl-1.9.13.jar:/home/runner/.m2/repository/com/thoughtworks/paranamer/paranamer/2.3/paranamer-2.3.jar:/home/runner/.m2/repository/org/apache/hadoop/hadoop-annotations/3.3.1/hadoop-annotations-3.3.1.jar:/opt/hostedtoolcache/jdk/8.0.345/x64/jre/../lib/tools.jar:/home/runner/.m2/repository/io/netty/netty/3.10.6.Final/netty-3.10.6.Final.jar:/home/runner/.m2/repository/org/apache/hadoop/hadoop-distcp/3.3.1/hadoop-distcp-3.3.1-tests.jar:/home/runner/.m2/repository/org/slf4j/jul-to-slf4j/1.7.36/jul-to-slf4j-1.7.36.jar:/home/runner/.m2/repository/org/apache/ratis/ratis-common/2.3.0/ratis-common-2.3.0.jar:/home/runner/.m2/repository/org/apache/ratis/ratis-thirdparty-misc/1.0.0/ratis-thirdparty-misc-1.0.0.jar:/home/runner/.m2/repository/org/apache/ratis/ratis-proto/2.3.0/ratis-proto-2.3.0.jar:"/>
    <property name="java.vm.vendor" value="Azul Systems, Inc."/>
    <property name="sun.arch.data.model" value="64"/>
    <property name="test.build.dir" value="/home/runner/work/ozone/ozone/hadoop-ozone/integration-test/target/test-dir"/>
    <property name="test.cache.data" value=""/>
    <property name="java.vendor.url" value="http://www.azul.com/"/>
    <property name="user.timezone" value="Etc/UTC"/>
    <property name="java.vm.specification.version" value="1.8"/>
    <property name="os.name" value="Linux"/>
    <property name="test.build.data" value="/home/runner/work/ozone/ozone/hadoop-ozone/integration-test/target/test-dir"/>
    <property name="sun.java.launcher" value="SUN_STANDARD"/>
    <property name="sun.boot.library.path" value="/opt/hostedtoolcache/jdk/8.0.345/x64/jre/lib/amd64"/>
    <property name="sun.java.command" value="/home/runner/work/ozone/ozone/hadoop-ozone/integration-test/target/surefire/surefirebooter8764108724642741876.jar /home/runner/work/ozone/ozone/hadoop-ozone/integration-test/target/surefire 2022-09-28T09-45-17_486-jvmRun1 surefire2924876370713585979tmp surefire_85643915592004222593tmp"/>
    <property name="surefire.test.class.path" value="/home/runner/work/ozone/ozone/hadoop-ozone/integration-test/target/test-classes:/home/runner/work/ozone/ozone/hadoop-ozone/integration-test/target/classes:/home/runner/.m2/repository/org/apache/ozone/ozone-common/1.3.0-SNAPSHOT/ozone-common-1.3.0-SNAPSHOT.jar:/home/runner/.m2/repository/io/grpc/grpc-netty/1.48.1/grpc-netty-1.48.1.jar:/home/runner/.m2/repository/io/grpc/grpc-core/1.48.1/grpc-core-1.48.1.jar:/home/runner/.m2/repository/com/google/android/annotations/4.1.1.4/annotations-4.1.1.4.jar:/home/runner/.m2/repository/org/codehaus/mojo/animal-sniffer-annotations/1.21/animal-sniffer-annotations-1.21.jar:/home/runner/.m2/repository/com/google/errorprone/error_prone_annotations/2.2.0/error_prone_annotations-2.2.0.jar:/home/runner/.m2/repository/io/perfmark/perfmark-api/0.25.0/perfmark-api-0.25.0.jar:/home/runner/.m2/repository/io/netty/netty-codec-http2/4.1.79.Final/netty-codec-http2-4.1.79.Final.jar:/home/runner/.m2/repository/io/netty/netty-common/4.1.79.Final/netty-common-4.1.79.Final.jar:/home/runner/.m2/repository/io/netty/netty-buffer/4.1.79.Final/netty-buffer-4.1.79.Final.jar:/home/runner/.m2/repository/io/netty/netty-codec-http/4.1.79.Final/netty-codec-http-4.1.79.Final.jar:/home/runner/.m2/repository/io/netty/netty-handler-proxy/4.1.79.Final/netty-handler-proxy-4.1.79.Final.jar:/home/runner/.m2/repository/io/netty/netty-codec-socks/4.1.79.Final/netty-codec-socks-4.1.79.Final.jar:/home/runner/.m2/repository/io/netty/netty-tcnative-boringssl-static/2.0.53.Final/netty-tcnative-boringssl-static-2.0.53.Final.jar:/home/runner/.m2/repository/io/netty/netty-tcnative-classes/2.0.53.Final/netty-tcnative-classes-2.0.53.Final.jar:/home/runner/.m2/repository/io/netty/netty-tcnative-boringssl-static/2.0.53.Final/netty-tcnative-boringssl-static-2.0.53.Final-linux-x86_64.jar:/home/runner/.m2/repository/io/netty/netty-tcnative-boringssl-static/2.0.53.Final/netty-tcnative-boringssl-static-2.0.53.Final-linux-aarch_64.jar:/home/runner/.m2/repository/io/netty/netty-tcnative-boringssl-static/2.0.53.Final/netty-tcnative-boringssl-static-2.0.53.Final-osx-x86_64.jar:/home/runner/.m2/repository/io/netty/netty-tcnative-boringssl-static/2.0.53.Final/netty-tcnative-boringssl-static-2.0.53.Final-osx-aarch_64.jar:/home/runner/.m2/repository/io/netty/netty-tcnative-boringssl-static/2.0.53.Final/netty-tcnative-boringssl-static-2.0.53.Final-windows-x86_64.jar:/home/runner/.m2/repository/org/apache/commons/commons-compress/1.21/commons-compress-1.21.jar:/home/runner/.m2/repository/org/apache/ozone/hdds-common/1.3.0-SNAPSHOT/hdds-common-1.3.0-SNAPSHOT.jar:/home/runner/.m2/repository/org/apache/ozone/hdds-client/1.3.0-SNAPSHOT/hdds-client-1.3.0-SNAPSHOT.jar:/home/runner/.m2/repository/org/apache/ozone/ozone-interface-client/1.3.0-SNAPSHOT/ozone-interface-client-1.3.0-SNAPSHOT.jar:/home/runner/.m2/repository/org/apache/ozone/hdds-test-utils/1.3.0-SNAPSHOT/hdds-test-utils-1.3.0-SNAPSHOT.jar:/home/runner/.m2/repository/com/google/guava/guava/31.1-jre/guava-31.1-jre.jar:/home/runner/.m2/repository/com/google/guava/failureaccess/1.0.1/failureaccess-1.0.1.jar:/home/runner/.m2/repository/com/google/guava/listenablefuture/9999.0-empty-to-avoid-conflict-with-guava/listenablefuture-9999.0-empty-to-avoid-conflict-with-guava.jar:/home/runner/.m2/repository/com/google/code/findbugs/jsr305/3.0.0/jsr305-3.0.0.jar:/home/runner/.m2/repository/org/checkerframework/checker-qual/3.12.0/checker-qual-3.12.0.jar:/home/runner/.m2/repository/com/google/j2objc/j2objc-annotations/1.3/j2objc-annotations-1.3.jar:/home/runner/.m2/repository/commons-io/commons-io/2.11.0/commons-io-2.11.0.jar:/home/runner/.m2/repository/commons-logging/commons-logging/1.2/commons-logging-1.2.jar:/home/runner/.m2/repository/ch/qos/reload4j/reload4j/1.2.22/reload4j-1.2.22.jar:/home/runner/.m2/repository/org/slf4j/slf4j-api/1.7.36/slf4j-api-1.7.36.jar:/home/runner/.m2/repository/org/apache/ozone/hdds-server-scm/1.3.0-SNAPSHOT/hdds-server-scm-1.3.0-SNAPSHOT.jar:/home/runner/.m2/repository/org/apache/ozone/hdds-container-service/1.3.0-SNAPSHOT/hdds-container-service-1.3.0-SNAPSHOT.jar:/home/runner/.m2/repository/org/apache/ozone/hdds-hadoop-dependency-server/1.3.0-SNAPSHOT/hdds-hadoop-dependency-server-1.3.0-SNAPSHOT.jar:/home/runner/.m2/repository/org/apache/hadoop/hadoop-hdfs/3.3.1/hadoop-hdfs-3.3.1.jar:/home/runner/.m2/repository/org/eclipse/jetty/jetty-util-ajax/9.4.43.v20210629/jetty-util-ajax-9.4.43.v20210629.jar:/home/runner/.m2/repository/commons-daemon/commons-daemon/1.0.13/commons-daemon-1.0.13.jar:/home/runner/.m2/repository/org/apache/ozone/hdds-server-framework/1.3.0-SNAPSHOT/hdds-server-framework-1.3.0-SNAPSHOT.jar:/home/runner/.m2/repository/org/apache/ozone/hdds-interface-server/1.3.0-SNAPSHOT/hdds-interface-server-1.3.0-SNAPSHOT.jar:/home/runner/.m2/repository/org/apache/logging/log4j/log4j-core/2.17.1/log4j-core-2.17.1.jar:/home/runner/.m2/repository/com/lmax/disruptor/3.4.2/disruptor-3.4.2.jar:/home/runner/.m2/repository/org/eclipse/jetty/jetty-servlet/9.4.43.v20210629/jetty-servlet-9.4.43.v20210629.jar:/home/runner/.m2/repository/org/eclipse/jetty/jetty-security/9.4.43.v20210629/jetty-security-9.4.43.v20210629.jar:/home/runner/.m2/repository/org/rocksdb/rocksdbjni/7.4.5/rocksdbjni-7.4.5.jar:/home/runner/.m2/repository/io/prometheus/simpleclient_dropwizard/0.7.0/simpleclient_dropwizard-0.7.0.jar:/home/runner/.m2/repository/io/prometheus/simpleclient/0.7.0/simpleclient-0.7.0.jar:/home/runner/.m2/repository/io/prometheus/simpleclient_common/0.7.0/simpleclient_common-0.7.0.jar:/home/runner/.m2/repository/io/dropwizard/metrics/metrics-core/3.2.4/metrics-core-3.2.4.jar:/home/runner/.m2/repository/org/apache/hadoop/hadoop-hdfs-client/3.3.1/hadoop-hdfs-client-3.3.1.jar:/home/runner/.m2/repository/org/bouncycastle/bcprov-jdk15on/1.67/bcprov-jdk15on-1.67.jar:/home/runner/.m2/repository/com/google/protobuf/protobuf-java/2.5.0/protobuf-java-2.5.0.jar:/home/runner/.m2/repository/org/apache/ozone/ozone-manager/1.3.0-SNAPSHOT/ozone-manager-1.3.0-SNAPSHOT.jar:/home/runner/.m2/repository/org/aspectj/aspectjrt/1.9.7/aspectjrt-1.9.7.jar:/home/runner/.m2/repository/org/aspectj/aspectjweaver/1.9.7/aspectjweaver-1.9.7.jar:/home/runner/.m2/repository/org/apache/ozone/hdds-interface-client/1.3.0-SNAPSHOT/hdds-interface-client-1.3.0-SNAPSHOT.jar:/home/runner/.m2/repository/org/apache/hadoop/thirdparty/hadoop-shaded-protobuf_3_7/1.1.1/hadoop-shaded-protobuf_3_7-1.1.1.jar:/home/runner/.m2/repository/org/apache/ozone/ozone-interface-storage/1.3.0-SNAPSHOT/ozone-interface-storage-1.3.0-SNAPSHOT.jar:/home/runner/.m2/repository/org/reflections/reflections/0.9.11/reflections-0.9.11.jar:/home/runner/.m2/repository/com/sun/jersey/jersey-client/1.19/jersey-client-1.19.jar:/home/runner/.m2/repository/org/apache/ranger/ranger-intg/2.3.0/ranger-intg-2.3.0.jar:/home/runner/.m2/repository/org/apache/ranger/ranger-plugins-common/2.3.0/ranger-plugins-common-2.3.0.jar:/home/runner/.m2/repository/commons-lang/commons-lang/2.6/commons-lang-2.6.jar:/home/runner/.m2/repository/org/codehaus/jackson/jackson-jaxrs/1.9.13/jackson-jaxrs-1.9.13.jar:/home/runner/.m2/repository/org/apache/ranger/ranger-plugins-cred/2.3.0/ranger-plugins-cred-2.3.0.jar:/home/runner/.m2/repository/org/apache/ranger/ranger-plugins-audit/2.3.0/ranger-plugins-audit-2.3.0.jar:/home/runner/.m2/repository/org/eclipse/jetty/jetty-client/9.4.31.v20200723/jetty-client-9.4.31.v20200723.jar:/home/runner/.m2/repository/org/apache/httpcomponents/httpmime/4.5.6/httpmime-4.5.6.jar:/home/runner/.m2/repository/org/apache/httpcomponents/httpcore-nio/4.4.6/httpcore-nio-4.4.6.jar:/home/runner/.m2/repository/org/apache/httpcomponents/httpasyncclient/4.1.3/httpasyncclient-4.1.3.jar:/home/runner/.m2/repository/com/carrotsearch/hppc/0.8.0/hppc-0.8.0.jar:/home/runner/.m2/repository/org/apache/orc/orc-core/1.5.8/orc-core-1.5.8.jar:/home/runner/.m2/repository/net/java/dev/jna/jna/5.2.0/jna-5.2.0.jar:/home/runner/.m2/repository/net/java/dev/jna/jna-platform/5.2.0/jna-platform-5.2.0.jar:/home/runner/.m2/repository/com/kstruct/gethostname4j/0.0.2/gethostname4j-0.0.2.jar:/home/runner/.m2/repository/org/apache/ranger/ranger-plugin-classloader/2.3.0/ranger-plugin-classloader-2.3.0.jar:/home/runner/.m2/repository/org/apache/hadoop/hadoop-minikdc/3.3.1/hadoop-minikdc-3.3.1.jar:/home/runner/.m2/repository/org/apache/kerby/kerb-simplekdc/1.0.1/kerb-simplekdc-1.0.1.jar:/home/runner/.m2/repository/org/apache/kerby/kerb-client/1.0.1/kerb-client-1.0.1.jar:/home/runner/.m2/repository/org/apache/kerby/kerby-config/1.0.1/kerby-config-1.0.1.jar:/home/runner/.m2/repository/org/apache/kerby/kerb-common/1.0.1/kerb-common-1.0.1.jar:/home/runner/.m2/repository/org/apache/kerby/kerb-crypto/1.0.1/kerb-crypto-1.0.1.jar:/home/runner/.m2/repository/org/apache/kerby/kerb-util/1.0.1/kerb-util-1.0.1.jar:/home/runner/.m2/repository/org/apache/kerby/token-provider/1.0.1/token-provider-1.0.1.jar:/home/runner/.m2/repository/org/apache/kerby/kerb-admin/1.0.1/kerb-admin-1.0.1.jar:/home/runner/.m2/repository/org/apache/kerby/kerb-server/1.0.1/kerb-server-1.0.1.jar:/home/runner/.m2/repository/org/apache/kerby/kerb-identity/1.0.1/kerb-identity-1.0.1.jar:/home/runner/.m2/repository/org/apache/kerby/kerby-xdr/1.0.1/kerby-xdr-1.0.1.jar:/home/runner/.m2/repository/org/apache/ozone/ozone-s3gateway/1.3.0-SNAPSHOT/ozone-s3gateway-1.3.0-SNAPSHOT.jar:/home/runner/.m2/repository/org/javassist/javassist/3.21.0-GA/javassist-3.21.0-GA.jar:/home/runner/.m2/repository/org/jboss/weld/servlet/weld-servlet/2.4.7.Final/weld-servlet-2.4.7.Final.jar:/home/runner/.m2/repository/org/glassfish/jersey/containers/jersey-container-servlet-core/2.34/jersey-container-servlet-core-2.34.jar:/home/runner/.m2/repository/org/glassfish/hk2/external/jakarta.inject/2.6.1/jakarta.inject-2.6.1.jar:/home/runner/.m2/repository/org/glassfish/jersey/core/jersey-common/2.34/jersey-common-2.34.jar:/home/runner/.m2/repository/jakarta/ws/rs/jakarta.ws.rs-api/2.1.6/jakarta.ws.rs-api-2.1.6.jar:/home/runner/.m2/repository/org/glassfish/jersey/ext/cdi/jersey-cdi1x/2.34/jersey-cdi1x-2.34.jar:/home/runner/.m2/repository/org/glassfish/jersey/inject/jersey-hk2/2.34/jersey-hk2-2.34.jar:/home/runner/.m2/repository/org/glassfish/hk2/hk2-locator/2.6.1/hk2-locator-2.6.1.jar:/home/runner/.m2/repository/org/glassfish/jersey/media/jersey-media-jaxb/2.34/jersey-media-jaxb-2.34.jar:/home/runner/.m2/repository/org/glassfish/hk2/osgi-resource-locator/1.0.3/osgi-resource-locator-1.0.3.jar:/home/runner/.m2/repository/org/glassfish/hk2/hk2-api/2.5.0/hk2-api-2.5.0.jar:/home/runner/.m2/repository/org/glassfish/hk2/hk2-utils/2.5.0/hk2-utils-2.5.0.jar:/home/runner/.m2/repository/org/glassfish/hk2/external/aopalliance-repackaged/2.5.0/aopalliance-repackaged-2.5.0.jar:/home/runner/.m2/repository/com/fasterxml/jackson/dataformat/jackson-dataformat-xml/2.13.2/jackson-dataformat-xml-2.13.2.jar:/home/runner/.m2/repository/com/fasterxml/jackson/core/jackson-core/2.13.2/jackson-core-2.13.2.jar:/home/runner/.m2/repository/org/codehaus/woodstox/stax2-api/3.1.4/stax2-api-3.1.4.jar:/home/runner/.m2/repository/com/fasterxml/woodstox/woodstox-core/5.0.3/woodstox-core-5.0.3.jar:/home/runner/.m2/repository/com/fasterxml/jackson/module/jackson-module-jaxb-annotations/2.13.2/jackson-module-jaxb-annotations-2.13.2.jar:/home/runner/.m2/repository/jakarta/xml/bind/jakarta.xml.bind-api/2.3.3/jakarta.xml.bind-api-2.3.3.jar:/home/runner/.m2/repository/jakarta/activation/jakarta.activation-api/1.2.1/jakarta.activation-api-1.2.1.jar:/home/runner/.m2/repository/javax/enterprise/cdi-api/1.2/cdi-api-1.2.jar:/home/runner/.m2/repository/javax/el/javax.el-api/3.0.0/javax.el-api-3.0.0.jar:/home/runner/.m2/repository/javax/interceptor/javax.interceptor-api/1.2/javax.interceptor-api-1.2.jar:/home/runner/.m2/repository/javax/inject/javax.inject/1/javax.inject-1.jar:/home/runner/.m2/repository/javax/xml/bind/jaxb-api/2.3.0/jaxb-api-2.3.0.jar:/home/runner/.m2/repository/org/glassfish/jaxb/jaxb-runtime/2.3.0.1/jaxb-runtime-2.3.0.1.jar:/home/runner/.m2/repository/org/glassfish/jaxb/jaxb-core/2.3.0.1/jaxb-core-2.3.0.1.jar:/home/runner/.m2/repository/org/glassfish/jaxb/txw2/2.3.0.1/txw2-2.3.0.1.jar:/home/runner/.m2/repository/com/sun/istack/istack-commons-runtime/3.0.5/istack-commons-runtime-3.0.5.jar:/home/runner/.m2/repository/org/jvnet/staxex/stax-ex/1.7.8/stax-ex-1.7.8.jar:/home/runner/.m2/repository/com/sun/xml/fastinfoset/FastInfoset/1.2.13/FastInfoset-1.2.13.jar:/home/runner/.m2/repository/javax/activation/activation/1.1.1/activation-1.1.1.jar:/home/runner/.m2/repository/io/grpc/grpc-protobuf/1.48.1/grpc-protobuf-1.48.1.jar:/home/runner/.m2/repository/io/grpc/grpc-api/1.48.1/grpc-api-1.48.1.jar:/home/runner/.m2/repository/io/grpc/grpc-context/1.48.1/grpc-context-1.48.1.jar:/home/runner/.m2/repository/com/google/api/grpc/proto-google-common-protos/2.9.0/proto-google-common-protos-2.9.0.jar:/home/runner/.m2/repository/io/grpc/grpc-protobuf-lite/1.48.1/grpc-protobuf-lite-1.48.1.jar:/home/runner/.m2/repository/io/grpc/grpc-stub/1.48.1/grpc-stub-1.48.1.jar:/home/runner/.m2/repository/io/netty/netty-transport/4.1.79.Final/netty-transport-4.1.79.Final.jar:/home/runner/.m2/repository/io/netty/netty-resolver/4.1.79.Final/netty-resolver-4.1.79.Final.jar:/home/runner/.m2/repository/org/apache/ozone/ozone-csi/1.3.0-SNAPSHOT/ozone-csi-1.3.0-SNAPSHOT.jar:/home/runner/.m2/repository/com/google/protobuf/protobuf-java-util/3.19.2/protobuf-java-util-3.19.2.jar:/home/runner/.m2/repository/com/google/code/gson/gson/2.9.0/gson-2.9.0.jar:/home/runner/.m2/repository/org/apache/ozone/hdds-config/1.3.0-SNAPSHOT/hdds-config-1.3.0-SNAPSHOT.jar:/home/runner/.m2/repository/io/netty/netty-transport-native-epoll/4.1.79.Final/netty-transport-native-epoll-4.1.79.Final-linux-x86_64.jar:/home/runner/.m2/repository/io/netty/netty-transport-classes-epoll/4.1.79.Final/netty-transport-classes-epoll-4.1.79.Final.jar:/home/runner/.m2/repository/io/netty/netty-transport-native-unix-common/4.1.79.Final/netty-transport-native-unix-common-4.1.79.Final.jar:/home/runner/.m2/repository/org/slf4j/slf4j-reload4j/1.7.36/slf4j-reload4j-1.7.36.jar:/home/runner/.m2/repository/org/apache/ozone/ozone-recon/1.3.0-SNAPSHOT/ozone-recon-1.3.0-SNAPSHOT.jar:/home/runner/.m2/repository/org/apache/ozone/ozone-reconcodegen/1.3.0-SNAPSHOT/ozone-reconcodegen-1.3.0-SNAPSHOT.jar:/home/runner/.m2/repository/com/google/inject/extensions/guice-multibindings/4.0/guice-multibindings-4.0.jar:/home/runner/.m2/repository/com/google/inject/guice/4.0/guice-4.0.jar:/home/runner/.m2/repository/aopalliance/aopalliance/1.0/aopalliance-1.0.jar:/home/runner/.m2/repository/com/google/inject/extensions/guice-assistedinject/4.0/guice-assistedinject-4.0.jar:/home/runner/.m2/repository/com/google/inject/extensions/guice-servlet/4.0/guice-servlet-4.0.jar:/home/runner/.m2/repository/org/glassfish/jersey/containers/jersey-container-servlet/2.34/jersey-container-servlet-2.34.jar:/home/runner/.m2/repository/org/glassfish/hk2/guice-bridge/2.5.0/guice-bridge-2.5.0.jar:/home/runner/.m2/repository/org/glassfish/jersey/core/jersey-server/2.34/jersey-server-2.34.jar:/home/runner/.m2/repository/org/glassfish/jersey/core/jersey-client/2.34/jersey-client-2.34.jar:/home/runner/.m2/repository/jakarta/annotation/jakarta.annotation-api/1.3.5/jakarta.annotation-api-1.3.5.jar:/home/runner/.m2/repository/jakarta/validation/jakarta.validation-api/2.0.2/jakarta.validation-api-2.0.2.jar:/home/runner/.m2/repository/org/glassfish/jersey/media/jersey-media-json-jackson/2.34/jersey-media-json-jackson-2.34.jar:/home/runner/.m2/repository/org/glassfish/jersey/ext/jersey-entity-filtering/2.34/jersey-entity-filtering-2.34.jar:/home/runner/.m2/repository/org/jooq/jooq/3.11.10/jooq-3.11.10.jar:/home/runner/.m2/repository/org/jooq/jooq-meta/3.11.10/jooq-meta-3.11.10.jar:/home/runner/.m2/repository/org/jooq/jooq-codegen/3.11.10/jooq-codegen-3.11.10.jar:/home/runner/.m2/repository/com/jolbox/bonecp/0.8.0.RELEASE/bonecp-0.8.0.RELEASE.jar:/home/runner/.m2/repository/org/apache/derby/derby/10.14.2.0/derby-10.14.2.0.jar:/home/runner/.m2/repository/org/xerial/sqlite-jdbc/3.25.2/sqlite-jdbc-3.25.2.jar:/home/runner/.m2/repository/org/springframework/spring-jdbc/5.2.20.RELEASE/spring-jdbc-5.2.20.RELEASE.jar:/home/runner/.m2/repository/org/springframework/spring-beans/5.2.20.RELEASE/spring-beans-5.2.20.RELEASE.jar:/home/runner/.m2/repository/org/springframework/spring-core/5.2.20.RELEASE/spring-core-5.2.20.RELEASE.jar:/home/runner/.m2/repository/org/springframework/spring-jcl/5.2.20.RELEASE/spring-jcl-5.2.20.RELEASE.jar:/home/runner/.m2/repository/org/springframework/spring-tx/5.2.20.RELEASE/spring-tx-5.2.20.RELEASE.jar:/home/runner/.m2/repository/org/apache/ozone/ozone-client/1.3.0-SNAPSHOT/ozone-client-1.3.0-SNAPSHOT.jar:/home/runner/.m2/repository/org/apache/ozone/hdds-erasurecode/1.3.0-SNAPSHOT/hdds-erasurecode-1.3.0-SNAPSHOT.jar:/home/runner/.m2/repository/com/github/spotbugs/spotbugs-annotations/3.1.12/spotbugs-annotations-3.1.12.jar:/home/runner/.m2/repository/org/apache/ozone/ozone-filesystem/1.3.0-SNAPSHOT/ozone-filesystem-1.3.0-SNAPSHOT.jar:/home/runner/.m2/repository/org/apache/ozone/ozone-filesystem-common/1.3.0-SNAPSHOT/ozone-filesystem-common-1.3.0-SNAPSHOT.jar:/home/runner/.m2/repository/org/apache/ozone/ozone-tools/1.3.0-SNAPSHOT/ozone-tools-1.3.0-SNAPSHOT.jar:/home/runner/.m2/repository/org/apache/ratis/ratis-tools/2.3.0/ratis-tools-2.3.0.jar:/home/runner/.m2/repository/com/amazonaws/aws-java-sdk-core/1.12.261/aws-java-sdk-core-1.12.261.jar:/home/runner/.m2/repository/org/apache/httpcomponents/httpclient/4.5.13/httpclient-4.5.13.jar:/home/runner/.m2/repository/org/apache/httpcomponents/httpcore/4.4.13/httpcore-4.4.13.jar:/home/runner/.m2/repository/software/amazon/ion/ion-java/1.0.2/ion-java-1.0.2.jar:/home/runner/.m2/repository/com/fasterxml/jackson/dataformat/jackson-dataformat-cbor/2.13.2/jackson-dataformat-cbor-2.13.2.jar:/home/runner/.m2/repository/joda-time/joda-time/2.8.1/joda-time-2.8.1.jar:/home/runner/.m2/repository/com/amazonaws/aws-java-sdk-s3/1.12.261/aws-java-sdk-s3-1.12.261.jar:/home/runner/.m2/repository/com/amazonaws/aws-java-sdk-kms/1.12.261/aws-java-sdk-kms-1.12.261.jar:/home/runner/.m2/repository/com/amazonaws/jmespath-java/1.12.261/jmespath-java-1.12.261.jar:/home/runner/.m2/repository/org/kohsuke/metainf-services/metainf-services/1.8/metainf-services-1.8.jar:/home/runner/.m2/repository/org/apache/ozone/hdds-tools/1.3.0-SNAPSHOT/hdds-tools-1.3.0-SNAPSHOT.jar:/home/runner/.m2/repository/commons-cli/commons-cli/1.2/commons-cli-1.2.jar:/home/runner/.m2/repository/org/apache/commons/commons-lang3/3.7/commons-lang3-3.7.jar:/home/runner/.m2/repository/org/apache/ozone/ozone-manager/1.3.0-SNAPSHOT/ozone-manager-1.3.0-SNAPSHOT-tests.jar:/home/runner/.m2/repository/org/apache/ozone/hdds-common/1.3.0-SNAPSHOT/hdds-common-1.3.0-SNAPSHOT-tests.jar:/home/runner/.m2/repository/org/apache/ozone/hdds-hadoop-dependency-client/1.3.0-SNAPSHOT/hdds-hadoop-dependency-client-1.3.0-SNAPSHOT.jar:/home/runner/.m2/repository/info/picocli/picocli/4.6.1/picocli-4.6.1.jar:/home/runner/.m2/repository/com/fasterxml/jackson/core/jackson-annotations/2.13.2/jackson-annotations-2.13.2.jar:/home/runner/.m2/repository/com/fasterxml/jackson/datatype/jackson-datatype-jsr310/2.13.2/jackson-datatype-jsr310-2.13.2.jar:/home/runner/.m2/repository/org/apache/ozone/hdds-annotation-processing/1.3.0-SNAPSHOT/hdds-annotation-processing-1.3.0-SNAPSHOT.jar:/home/runner/.m2/repository/javax/annotation/javax.annotation-api/1.2/javax.annotation-api-1.2.jar:/home/runner/.m2/repository/org/apache/ratis/ratis-server/2.3.0/ratis-server-2.3.0.jar:/home/runner/.m2/repository/org/apache/ratis/ratis-client/2.3.0/ratis-client-2.3.0.jar:/home/runner/.m2/repository/org/apache/ratis/ratis-server-api/2.3.0/ratis-server-api-2.3.0.jar:/home/runner/.m2/repository/org/apache/ratis/ratis-metrics/2.3.0/ratis-metrics-2.3.0.jar:/home/runner/.m2/repository/org/apache/ratis/ratis-netty/2.3.0/ratis-netty-2.3.0.jar:/home/runner/.m2/repository/org/apache/ratis/ratis-grpc/2.3.0/ratis-grpc-2.3.0.jar:/home/runner/.m2/repository/org/apache/logging/log4j/log4j-api/2.17.1/log4j-api-2.17.1.jar:/home/runner/.m2/repository/org/apache/commons/commons-pool2/2.6.0/commons-pool2-2.6.0.jar:/home/runner/.m2/repository/org/bouncycastle/bcpkix-jdk15on/1.67/bcpkix-jdk15on-1.67.jar:/home/runner/.m2/repository/commons-validator/commons-validator/1.6/commons-validator-1.6.jar:/home/runner/.m2/repository/commons-beanutils/commons-beanutils/1.9.4/commons-beanutils-1.9.4.jar:/home/runner/.m2/repository/commons-digester/commons-digester/1.8.1/commons-digester-1.8.1.jar:/home/runner/.m2/repository/commons-collections/commons-collections/3.2.2/commons-collections-3.2.2.jar:/home/runner/.m2/repository/io/jaegertracing/jaeger-client/1.6.0/jaeger-client-1.6.0.jar:/home/runner/.m2/repository/io/jaegertracing/jaeger-thrift/1.6.0/jaeger-thrift-1.6.0.jar:/home/runner/.m2/repository/org/apache/thrift/libthrift/0.14.1/libthrift-0.14.1.jar:/home/runner/.m2/repository/com/squareup/okhttp3/okhttp/4.9.0/okhttp-4.9.0.jar:/home/runner/.m2/repository/com/squareup/okio/okio/2.8.0/okio-2.8.0.jar:/home/runner/.m2/repository/io/jaegertracing/jaeger-core/1.6.0/jaeger-core-1.6.0.jar:/home/runner/.m2/repository/io/jaegertracing/jaeger-tracerresolver/1.6.0/jaeger-tracerresolver-1.6.0.jar:/home/runner/.m2/repository/io/opentracing/contrib/opentracing-tracerresolver/0.1.8/opentracing-tracerresolver-0.1.8.jar:/home/runner/.m2/repository/org/jetbrains/kotlin/kotlin-stdlib/1.6.21/kotlin-stdlib-1.6.21.jar:/home/runner/.m2/repository/org/jetbrains/kotlin/kotlin-stdlib-common/1.6.21/kotlin-stdlib-common-1.6.21.jar:/home/runner/.m2/repository/org/jetbrains/annotations/13.0/annotations-13.0.jar:/home/runner/.m2/repository/io/opentracing/opentracing-util/0.33.0/opentracing-util-0.33.0.jar:/home/runner/.m2/repository/io/opentracing/opentracing-api/0.33.0/opentracing-api-0.33.0.jar:/home/runner/.m2/repository/io/opentracing/opentracing-noop/0.33.0/opentracing-noop-0.33.0.jar:/home/runner/.m2/repository/org/yaml/snakeyaml/1.32/snakeyaml-1.32.jar:/home/runner/.m2/repository/org/apache/ozone/hdds-interface-admin/1.3.0-SNAPSHOT/hdds-interface-admin-1.3.0-SNAPSHOT.jar:/home/runner/.m2/repository/junit/junit/4.13.1/junit-4.13.1.jar:/home/runner/.m2/repository/org/hamcrest/hamcrest-core/1.3/hamcrest-core-1.3.jar:/home/runner/.m2/repository/org/junit/jupiter/junit-jupiter-api/5.8.2/junit-jupiter-api-5.8.2.jar:/home/runner/.m2/repository/org/opentest4j/opentest4j/1.2.0/opentest4j-1.2.0.jar:/home/runner/.m2/repository/org/junit/platform/junit-platform-commons/1.8.2/junit-platform-commons-1.8.2.jar:/home/runner/.m2/repository/org/apiguardian/apiguardian-api/1.1.2/apiguardian-api-1.1.2.jar:/home/runner/.m2/repository/org/junit/jupiter/junit-jupiter-params/5.8.2/junit-jupiter-params-5.8.2.jar:/home/runner/.m2/repository/org/junit/jupiter/junit-jupiter-migrationsupport/5.8.2/junit-jupiter-migrationsupport-5.8.2.jar:/home/runner/.m2/repository/org/junit/jupiter/junit-jupiter-engine/5.8.2/junit-jupiter-engine-5.8.2.jar:/home/runner/.m2/repository/org/junit/platform/junit-platform-engine/1.8.2/junit-platform-engine-1.8.2.jar:/home/runner/.m2/repository/org/junit/vintage/junit-vintage-engine/5.8.2/junit-vintage-engine-5.8.2.jar:/home/runner/.m2/repository/org/junit/platform/junit-platform-launcher/1.8.2/junit-platform-launcher-1.8.2.jar:/home/runner/.m2/repository/org/mockito/mockito-core/2.28.2/mockito-core-2.28.2.jar:/home/runner/.m2/repository/net/bytebuddy/byte-buddy/1.9.10/byte-buddy-1.9.10.jar:/home/runner/.m2/repository/net/bytebuddy/byte-buddy-agent/1.9.10/byte-buddy-agent-1.9.10.jar:/home/runner/.m2/repository/org/objenesis/objenesis/1.0/objenesis-1.0.jar:/home/runner/.m2/repository/org/apache/hadoop/hadoop-kms/3.3.1/hadoop-kms-3.3.1.jar:/home/runner/.m2/repository/org/apache/hadoop/hadoop-auth/3.3.1/hadoop-auth-3.3.1.jar:/home/runner/.m2/repository/com/nimbusds/nimbus-jose-jwt/7.9/nimbus-jose-jwt-7.9.jar:/home/runner/.m2/repository/com/github/stephenc/jcip/jcip-annotations/1.0-1/jcip-annotations-1.0-1.jar:/home/runner/.m2/repository/net/minidev/json-smart/2.4.7/json-smart-2.4.7.jar:/home/runner/.m2/repository/net/minidev/accessors-smart/2.4.7/accessors-smart-2.4.7.jar:/home/runner/.m2/repository/org/ow2/asm/asm/5.0.4/asm-5.0.4.jar:/home/runner/.m2/repository/org/apache/zookeeper/zookeeper/3.5.6/zookeeper-3.5.6.jar:/home/runner/.m2/repository/org/apache/zookeeper/zookeeper-jute/3.5.6/zookeeper-jute-3.5.6.jar:/home/runner/.m2/repository/org/apache/yetus/audience-annotations/0.5.0/audience-annotations-0.5.0.jar:/home/runner/.m2/repository/org/apache/curator/curator-framework/4.2.0/curator-framework-4.2.0.jar:/home/runner/.m2/repository/org/apache/hadoop/thirdparty/hadoop-shaded-guava/1.1.1/hadoop-shaded-guava-1.1.1.jar:/home/runner/.m2/repository/com/sun/jersey/jersey-core/1.19/jersey-core-1.19.jar:/home/runner/.m2/repository/javax/ws/rs/jsr311-api/1.1.1/jsr311-api-1.1.1.jar:/home/runner/.m2/repository/com/sun/jersey/jersey-server/1.19/jersey-server-1.19.jar:/home/runner/.m2/repository/javax/servlet/javax.servlet-api/3.1.0/javax.servlet-api-3.1.0.jar:/home/runner/.m2/repository/org/eclipse/jetty/jetty-server/9.4.43.v20210629/jetty-server-9.4.43.v20210629.jar:/home/runner/.m2/repository/org/eclipse/jetty/jetty-http/9.4.43.v20210629/jetty-http-9.4.43.v20210629.jar:/home/runner/.m2/repository/org/eclipse/jetty/jetty-io/9.4.43.v20210629/jetty-io-9.4.43.v20210629.jar:/home/runner/.m2/repository/org/eclipse/jetty/jetty-webapp/9.4.43.v20210629/jetty-webapp-9.4.43.v20210629.jar:/home/runner/.m2/repository/org/eclipse/jetty/jetty-xml/9.4.43.v20210629/jetty-xml-9.4.43.v20210629.jar:/home/runner/.m2/repository/org/apache/hadoop/hadoop-common/3.3.1/hadoop-common-3.3.1.jar:/home/runner/.m2/repository/org/apache/commons/commons-math3/3.1.1/commons-math3-3.1.1.jar:/home/runner/.m2/repository/commons-net/commons-net/3.6/commons-net-3.6.jar:/home/runner/.m2/repository/com/sun/jersey/jersey-servlet/1.19/jersey-servlet-1.19.jar:/home/runner/.m2/repository/com/sun/jersey/jersey-json/1.19/jersey-json-1.19.jar:/home/runner/.m2/repository/org/codehaus/jettison/jettison/1.1/jettison-1.1.jar:/home/runner/.m2/repository/com/sun/xml/bind/jaxb-impl/2.2.3-1/jaxb-impl-2.2.3-1.jar:/home/runner/.m2/repository/org/codehaus/jackson/jackson-xc/1.9.2/jackson-xc-1.9.2.jar:/home/runner/.m2/repository/org/apache/commons/commons-configuration2/2.1.1/commons-configuration2-2.1.1.jar:/home/runner/.m2/repository/org/apache/commons/commons-text/1.4/commons-text-1.4.jar:/home/runner/.m2/repository/com/google/re2j/re2j/1.1/re2j-1.1.jar:/home/runner/.m2/repository/com/jcraft/jsch/0.1.54/jsch-0.1.54.jar:/home/runner/.m2/repository/org/apache/curator/curator-client/4.2.0/curator-client-4.2.0.jar:/home/runner/.m2/repository/org/apache/curator/curator-recipes/4.2.0/curator-recipes-4.2.0.jar:/home/runner/.m2/repository/org/apache/htrace/htrace-core4/4.1.0-incubating/htrace-core4-4.1.0-incubating.jar:/home/runner/.m2/repository/org/apache/kerby/kerb-core/1.0.1/kerb-core-1.0.1.jar:/home/runner/.m2/repository/org/apache/kerby/kerby-pkix/1.0.1/kerby-pkix-1.0.1.jar:/home/runner/.m2/repository/org/apache/kerby/kerby-asn1/1.0.1/kerby-asn1-1.0.1.jar:/home/runner/.m2/repository/org/apache/kerby/kerby-util/1.0.1/kerby-util-1.0.1.jar:/home/runner/.m2/repository/dnsjava/dnsjava/2.1.7/dnsjava-2.1.7.jar:/home/runner/.m2/repository/org/xerial/snappy/snappy-java/1.1.8.2/snappy-java-1.1.8.2.jar:/home/runner/.m2/repository/org/eclipse/jetty/jetty-util/9.4.43.v20210629/jetty-util-9.4.43.v20210629.jar:/home/runner/.m2/repository/com/fasterxml/jackson/core/jackson-databind/2.13.2.2/jackson-databind-2.13.2.2.jar:/home/runner/.m2/repository/org/apache/hadoop/hadoop-kms/3.3.1/hadoop-kms-3.3.1-tests.jar:/home/runner/.m2/repository/org/apache/ozone/hdds-server-scm/1.3.0-SNAPSHOT/hdds-server-scm-1.3.0-SNAPSHOT-tests.jar:/home/runner/.m2/repository/org/apache/ozone/hdds-container-service/1.3.0-SNAPSHOT/hdds-container-service-1.3.0-SNAPSHOT-tests.jar:/home/runner/.m2/repository/commons-codec/commons-codec/1.11/commons-codec-1.11.jar:/home/runner/.m2/repository/io/netty/netty-codec/4.1.79.Final/netty-codec-4.1.79.Final.jar:/home/runner/.m2/repository/io/netty/netty-handler/4.1.79.Final/netty-handler-4.1.79.Final.jar:/home/runner/.m2/repository/org/apache/ozone/hdds-hadoop-dependency-test/1.3.0-SNAPSHOT/hdds-hadoop-dependency-test-1.3.0-SNAPSHOT.jar:/home/runner/.m2/repository/org/apache/hadoop/hadoop-common/3.3.1/hadoop-common-3.3.1-tests.jar:/home/runner/.m2/repository/org/apache/hadoop/hadoop-hdfs/3.3.1/hadoop-hdfs-3.3.1-tests.jar:/home/runner/.m2/repository/org/assertj/assertj-core/3.12.2/assertj-core-3.12.2.jar:/home/runner/.m2/repository/org/apache/hadoop/hadoop-distcp/3.3.1/hadoop-distcp-3.3.1.jar:/home/runner/.m2/repository/org/apache/hadoop/hadoop-mapreduce-client-jobclient/3.3.1/hadoop-mapreduce-client-jobclient-3.3.1.jar:/home/runner/.m2/repository/org/apache/hadoop/hadoop-mapreduce-client-common/3.3.1/hadoop-mapreduce-client-common-3.3.1.jar:/home/runner/.m2/repository/org/apache/hadoop/hadoop-yarn-common/3.3.1/hadoop-yarn-common-3.3.1.jar:/home/runner/.m2/repository/org/apache/hadoop/hadoop-yarn-api/3.3.1/hadoop-yarn-api-3.3.1.jar:/home/runner/.m2/repository/com/sun/jersey/contribs/jersey-guice/1.19/jersey-guice-1.19.jar:/home/runner/.m2/repository/com/fasterxml/jackson/jaxrs/jackson-jaxrs-json-provider/2.13.2/jackson-jaxrs-json-provider-2.13.2.jar:/home/runner/.m2/repository/com/fasterxml/jackson/jaxrs/jackson-jaxrs-base/2.13.2/jackson-jaxrs-base-2.13.2.jar:/home/runner/.m2/repository/org/apache/hadoop/hadoop-yarn-client/3.3.1/hadoop-yarn-client-3.3.1.jar:/home/runner/.m2/repository/org/eclipse/jetty/websocket/websocket-client/9.4.40.v20210413/websocket-client-9.4.40.v20210413.jar:/home/runner/.m2/repository/org/eclipse/jetty/websocket/websocket-common/9.4.40.v20210413/websocket-common-9.4.40.v20210413.jar:/home/runner/.m2/repository/org/eclipse/jetty/websocket/websocket-api/9.4.40.v20210413/websocket-api-9.4.40.v20210413.jar:/home/runner/.m2/repository/org/jline/jline/3.9.0/jline-3.9.0.jar:/home/runner/.m2/repository/org/apache/hadoop/hadoop-mapreduce-client-core/3.3.1/hadoop-mapreduce-client-core-3.3.1.jar:/home/runner/.m2/repository/org/apache/avro/avro/1.7.7/avro-1.7.7.jar:/home/runner/.m2/repository/org/codehaus/jackson/jackson-core-asl/1.9.13/jackson-core-asl-1.9.13.jar:/home/runner/.m2/repository/org/codehaus/jackson/jackson-mapper-asl/1.9.13/jackson-mapper-asl-1.9.13.jar:/home/runner/.m2/repository/com/thoughtworks/paranamer/paranamer/2.3/paranamer-2.3.jar:/home/runner/.m2/repository/org/apache/hadoop/hadoop-annotations/3.3.1/hadoop-annotations-3.3.1.jar:/opt/hostedtoolcache/jdk/8.0.345/x64/jre/../lib/tools.jar:/home/runner/.m2/repository/io/netty/netty/3.10.6.Final/netty-3.10.6.Final.jar:/home/runner/.m2/repository/org/apache/hadoop/hadoop-distcp/3.3.1/hadoop-distcp-3.3.1-tests.jar:/home/runner/.m2/repository/org/slf4j/jul-to-slf4j/1.7.36/jul-to-slf4j-1.7.36.jar:/home/runner/.m2/repository/org/apache/ratis/ratis-common/2.3.0/ratis-common-2.3.0.jar:/home/runner/.m2/repository/org/apache/ratis/ratis-thirdparty-misc/1.0.0/ratis-thirdparty-misc-1.0.0.jar:/home/runner/.m2/repository/org/apache/ratis/ratis-proto/2.3.0/ratis-proto-2.3.0.jar:"/>
    <property name="sun.cpu.endian" value="little"/>
    <property name="user.home" value="/home/runner"/>
    <property name="user.language" value="en"/>
    <property name="java.specification.vendor" value="Oracle Corporation"/>
    <property name="java.home" value="/opt/hostedtoolcache/jdk/8.0.345/x64/jre"/>
    <property name="java.security.krb5.conf" value="/home/runner/work/ozone/ozone/hadoop-ozone/integration-test/target/test-classes/krb5.conf"/>
    <property name="basedir" value="/home/runner/work/ozone/ozone/hadoop-ozone/integration-test"/>
    <property name="file.separator" value="/"/>
    <property name="line.separator" value="&#10;"/>
    <property name="jdk.vendor.version" value="Zulu 8.64.0.19-CA-linux64"/>
    <property name="java.vm.specification.vendor" value="Oracle Corporation"/>
    <property name="java.specification.name" value="Java Platform API Specification"/>
    <property name="java.awt.graphicsenv" value="sun.awt.X11GraphicsEnvironment"/>
    <property name="skip.installnpx" value="true"/>
    <property name="surefire.real.class.path" value="/home/runner/work/ozone/ozone/hadoop-ozone/integration-test/target/surefire/surefirebooter8764108724642741876.jar:/home/runner/.m2/repository/org/jacoco/org.jacoco.agent/0.8.5/org.jacoco.agent-0.8.5-runtime.jar"/>
    <property name="hadoop.log.dir" value="/home/runner/work/ozone/ozone/hadoop-ozone/integration-test/target/log"/>
    <property name="sun.boot.class.path" value="/opt/hostedtoolcache/jdk/8.0.345/x64/jre/lib/resources.jar:/opt/hostedtoolcache/jdk/8.0.345/x64/jre/lib/rt.jar:/opt/hostedtoolcache/jdk/8.0.345/x64/jre/lib/sunrsasign.jar:/opt/hostedtoolcache/jdk/8.0.345/x64/jre/lib/jsse.jar:/opt/hostedtoolcache/jdk/8.0.345/x64/jre/lib/jce.jar:/opt/hostedtoolcache/jdk/8.0.345/x64/jre/lib/charsets.jar:/opt/hostedtoolcache/jdk/8.0.345/x64/jre/lib/jfr.jar:/opt/hostedtoolcache/jdk/8.0.345/x64/jre/lib/cat.jar:/opt/hostedtoolcache/jdk/8.0.345/x64/jre/classes"/>
    <property name="sun.management.compiler" value="HotSpot 64-Bit Tiered Compilers"/>
    <property name="skip.npx" value="true"/>
    <property name="java.runtime.version" value="1.8.0_345-b01"/>
    <property name="java.net.preferIPv4Stack" value="true"/>
    <property name="user.name" value="runner"/>
    <property name="path.separator" value=":"/>
    <property name="java.security.egd" value="file:///dev/urandom"/>
    <property name="os.version" value="5.15.0-1020-azure"/>
    <property name="java.endorsed.dirs" value="/opt/hostedtoolcache/jdk/8.0.345/x64/jre/lib/endorsed"/>
    <property name="java.runtime.name" value="OpenJDK Runtime Environment"/>
    <property name="file.encoding" value="UTF-8"/>
    <property name="java.vm.name" value="OpenJDK 64-Bit Server VM"/>
    <property name="test.build.webapps" value=""/>
    <property name="localRepository" value="/home/runner/.m2/repository"/>
    <property name="jetty.git.hash" value="526006ecfa3af7f1a27ef3a288e2bef7ea9dd7e8"/>
    <property name="java.vendor.url.bug" value="http://www.azul.com/support/"/>
    <property name="java.io.tmpdir" value="/tmp"/>
    <property name="require.test.libhadoop" value=""/>
    <property name="java.version" value="1.8.0_345"/>
    <property name="user.dir" value="/home/runner/work/ozone/ozone/hadoop-ozone/integration-test"/>
    <property name="os.arch" value="amd64"/>
    <property name="java.vm.specification.name" value="Java Virtual Machine Specification"/>
    <property name="test.build.classes" value="/home/runner/work/ozone/ozone/hadoop-ozone/integration-test/target/test-classes"/>
    <property name="java.awt.printerjob" value="sun.print.PSPrinterJob"/>
    <property name="sun.os.patch.level" value="unknown"/>
    <property name="hadoop.tmp.dir" value="/home/runner/work/ozone/ozone/hadoop-ozone/integration-test/target/tmp"/>
    <property name="java.library.path" value="/usr/java/packages/lib/amd64:/usr/lib64:/lib64:/lib:/usr/lib"/>
    <property name="java.vm.info" value="mixed mode"/>
    <property name="java.vendor" value="Azul Systems, Inc."/>
    <property name="java.vm.version" value="25.345-b01"/>
    <property name="java.ext.dirs" value="/opt/hostedtoolcache/jdk/8.0.345/x64/jre/lib/ext:/usr/java/packages/lib/ext"/>
    <property name="sun.io.unicode.encoding" value="UnicodeLittle"/>
    <property name="java.class.version" value="52.0"/>
  </properties>
  <testcase name="testGetTrashRoot" classname="TestOzoneFileSystem" time="19.568">
    <system-out><![CDATA[2022-09-28 09:53:56,791 [main] WARN  server.ServerUtils (ServerUtils.java:getScmDbDir(148)) - ozone.scm.db.dirs is not configured. We recommend adding this setting. Falling back to ozone.metadata.dirs instead.
2022-09-28 09:53:56,881 [main] WARN  server.ServerUtils (ServerUtils.java:getScmDbDir(148)) - ozone.scm.db.dirs is not configured. We recommend adding this setting. Falling back to ozone.metadata.dirs instead.
2022-09-28 09:53:56,885 [main] INFO  ha.SCMHANodeDetails (SCMHANodeDetails.java:loadSCMHAConfig(209)) - ServiceID for StorageContainerManager is null
2022-09-28 09:53:56,904 [main] WARN  ha.SCMHANodeDetails (SCMHANodeDetails.java:validateSCMHAConfig(182)) - Invalid config ozone.scm.ratis.enable. The config was not specified, but the default value true conflicts with the expected config value false. Falling back to the expected value. Current State of SCM: SCM is running in Non-HA without Ratis Ratis SCM -> Non Ratis SCM or Non HA SCM -> HA SCM is not supported
2022-09-28 09:53:56,904 [main] INFO  ha.SCMHANodeDetails (SCMHANodeDetails.java:loadSCMHAConfig(214)) - ozone.scm.default.service.id is not defined, falling back to ozone.scm.service.ids to find serviceID for StorageContainerManager if it is HA enabled cluster
2022-09-28 09:53:57,356 [main] WARN  utils.HAUtils (HAUtils.java:getMetaDir(342)) - ozone.scm.db.dirs is not configured. We recommend adding this setting. Falling back to ozone.metadata.dirs instead.
2022-09-28 09:53:57,535 [main] WARN  db.DBStoreBuilder (DBStoreBuilder.java:applyDBDefinition(144)) - ozone.scm.db.dirs is not configured. We recommend adding this setting. Falling back to ozone.metadata.dirs instead.
2022-09-28 09:53:57,704 [main] INFO  net.NodeSchemaLoader (NodeSchemaLoader.java:loadSchemaFromFile(129)) - Loading schema from [jar:file:/home/runner/.m2/repository/org/apache/ozone/hdds-common/1.3.0-SNAPSHOT/hdds-common-1.3.0-SNAPSHOT.jar!/network-topology-default.xml]
2022-09-28 09:53:57,706 [main] INFO  net.NodeSchemaLoader (NodeSchemaLoader.java:loadSchema(176)) - Loading network topology layer schema file
2022-09-28 09:53:57,756 [main] INFO  metrics.MetricRegistries (MetricRegistriesLoader.java:load(64)) - Loaded MetricRegistries class org.apache.ratis.metrics.impl.MetricRegistriesImpl
2022-09-28 09:53:57,763 [main] INFO  upgrade.AbstractLayoutVersionManager (AbstractLayoutVersionManager.java:init(83)) - Initializing Layout version manager with metadata layout = DATANODE_SCHEMA_V3 (version = 4), software layout = DATANODE_SCHEMA_V3 (version = 4)
2022-09-28 09:53:57,988 [main] INFO  reflections.Reflections (Reflections.java:scan(232)) - Reflections took 139 ms to scan 7 urls, producing 135 keys and 327 values 
2022-09-28 09:53:58,086 [main] INFO  ha.SequenceIdGenerator (SequenceIdGenerator.java:upgradeToSequenceId(349)) - upgrade localId to 109611004723200000
2022-09-28 09:53:58,087 [main] INFO  ha.SequenceIdGenerator (SequenceIdGenerator.java:upgradeToSequenceId(359)) - upgrade delTxnId to 0
2022-09-28 09:53:58,090 [main] INFO  ha.SequenceIdGenerator (SequenceIdGenerator.java:upgradeToSequenceId(376)) - upgrade containerId to 0
2022-09-28 09:53:58,092 [main] INFO  ha.SequenceIdGenerator (SequenceIdGenerator.java:<init>(220)) - Init the HA SequenceIdGenerator.
2022-09-28 09:53:58,129 [main] WARN  server.ServerUtils (ServerUtils.java:sanitizeUserArgs(73)) - ozone.scm.stale.node.interval value = 300000 is larger than max = 100000 based on the key value of ozone.scm.heartbeat.thread.interval, reset to the max value 100000.
2022-09-28 09:53:58,130 [main] WARN  server.ServerUtils (ServerUtils.java:sanitizeUserArgs(73)) - ozone.scm.stale.node.interval value = 300000 is larger than max = 100000 based on the key value of ozone.scm.heartbeat.thread.interval, reset to the max value 100000.
2022-09-28 09:53:58,135 [main] INFO  node.SCMNodeManager (SCMNodeManager.java:<init>(149)) - Entering startup safe mode.
2022-09-28 09:53:58,207 [main] INFO  algorithms.ContainerPlacementPolicyFactory (ContainerPlacementPolicyFactory.java:getPolicyInternal(86)) - Create container placement policy of type org.apache.hadoop.hdds.scm.container.placement.algorithms.SCMContainerPlacementRandom
2022-09-28 09:53:58,209 [main] INFO  algorithms.ContainerPlacementPolicyFactory (ContainerPlacementPolicyFactory.java:getPolicyInternal(86)) - Create container placement policy of type org.apache.hadoop.hdds.scm.container.placement.algorithms.SCMContainerPlacementRackScatter
2022-09-28 09:53:58,217 [main] INFO  pipeline.PipelineStateManagerImpl (PipelineStateManagerImpl.java:initialize(78)) - No pipeline exists in current db
2022-09-28 09:53:58,253 [main] INFO  algorithms.LeaderChoosePolicyFactory (LeaderChoosePolicyFactory.java:getPolicy(57)) - Create leader choose policy of type org.apache.hadoop.hdds.scm.pipeline.leader.choose.algorithms.MinLeaderCountChoosePolicy
2022-09-28 09:53:58,253 [main] INFO  algorithms.ContainerPlacementPolicyFactory (ContainerPlacementPolicyFactory.java:getPolicyInternal(86)) - Create container placement policy of type org.apache.hadoop.hdds.scm.container.placement.algorithms.SCMContainerPlacementRackScatter
2022-09-28 09:53:58,259 [main] INFO  ha.SCMServiceManager (SCMServiceManager.java:register(42)) - Registering service BackgroundPipelineCreator.
2022-09-28 09:53:58,259 [main] INFO  pipeline.BackgroundPipelineCreator (BackgroundPipelineCreator.java:start(124)) - Starting RatisPipelineUtilsThread.
2022-09-28 09:53:58,263 [main] INFO  BackgroundPipelineScrubber (BackgroundSCMService.java:start(68)) - Starting BackgroundPipelineScrubber Service.
2022-09-28 09:53:58,263 [main] INFO  ha.SCMServiceManager (SCMServiceManager.java:register(42)) - Registering service BackgroundPipelineScrubber.
2022-09-28 09:53:58,272 [main] INFO  ExpiredContainerReplicaOpScrubber (BackgroundSCMService.java:start(68)) - Starting ExpiredContainerReplicaOpScrubber Service.
2022-09-28 09:53:58,273 [main] INFO  ha.SCMServiceManager (SCMServiceManager.java:register(42)) - Registering service ExpiredContainerReplicaOpScrubber.
2022-09-28 09:53:58,304 [main] INFO  algorithms.PipelineChoosePolicyFactory (PipelineChoosePolicyFactory.java:createPipelineChoosePolicyFromClass(73)) - Create pipeline choose policy of type org.apache.hadoop.hdds.scm.pipeline.choose.algorithms.RandomPipelineChoosePolicy
2022-09-28 09:53:58,329 [main] INFO  ha.SCMServiceManager (SCMServiceManager.java:register(42)) - Registering service SCMBlockDeletingService.
2022-09-28 09:53:58,377 [main] INFO  replication.ReplicationManager (ReplicationManager.java:start(221)) - Starting Replication Monitor Thread.
2022-09-28 09:53:58,383 [main] INFO  ha.SCMServiceManager (SCMServiceManager.java:register(42)) - Registering service ReplicationManager.
2022-09-28 09:53:58,386 [ReplicationMonitor] INFO  replication.ReplicationManager (ReplicationManager.java:processAll(289)) - Replication Manager is not ready to run until 3000ms after safemode exit
2022-09-28 09:53:58,394 [main] INFO  safemode.ContainerSafeModeRule (ContainerSafeModeRule.java:<init>(89)) - containers with one replica threshold count 0
2022-09-28 09:53:58,398 [main] INFO  safemode.HealthyPipelineSafeModeRule (HealthyPipelineSafeModeRule.java:initializeRule(169)) - Total pipeline count is 0, healthy pipeline threshold count is 1
2022-09-28 09:53:58,404 [main] INFO  safemode.OneReplicaPipelineSafeModeRule (OneReplicaPipelineSafeModeRule.java:initializeRule(180)) - Total pipeline count is 0, pipeline's with at least one datanode reported threshold count is 0
2022-09-28 09:53:58,661 [main] INFO  audit.AuditLogger (AuditLogger.java:refreshDebugCmdSet(126)) - Refresh DebugCmdSet for SCMAudit to [].
2022-09-28 09:53:58,688 [main] INFO  ipc.CallQueueManager (CallQueueManager.java:<init>(90)) - Using callQueue: class java.util.concurrent.LinkedBlockingQueue, queueCapacity: 2000, scheduler: class org.apache.hadoop.ipc.DefaultRpcScheduler, ipcBackoff: false.
2022-09-28 09:53:58,724 [Socket Reader #1 for port 0] INFO  ipc.Server (Server.java:run(1265)) - Starting Socket Reader #1 for port 0
2022-09-28 09:53:58,777 [Listener at 0.0.0.0/43997] INFO  audit.AuditLogger (AuditLogger.java:refreshDebugCmdSet(126)) - Refresh DebugCmdSet for SCMAudit to [].
2022-09-28 09:53:58,783 [Listener at 0.0.0.0/43997] INFO  ipc.CallQueueManager (CallQueueManager.java:<init>(90)) - Using callQueue: class java.util.concurrent.LinkedBlockingQueue, queueCapacity: 2000, scheduler: class org.apache.hadoop.ipc.DefaultRpcScheduler, ipcBackoff: false.
2022-09-28 09:53:58,784 [Socket Reader #1 for port 0] INFO  ipc.Server (Server.java:run(1265)) - Starting Socket Reader #1 for port 0
2022-09-28 09:53:58,811 [Listener at 0.0.0.0/46299] INFO  audit.AuditLogger (AuditLogger.java:refreshDebugCmdSet(126)) - Refresh DebugCmdSet for SCMAudit to [].
2022-09-28 09:53:58,822 [Listener at 0.0.0.0/46299] INFO  ipc.CallQueueManager (CallQueueManager.java:<init>(90)) - Using callQueue: class java.util.concurrent.LinkedBlockingQueue, queueCapacity: 2000, scheduler: class org.apache.hadoop.ipc.DefaultRpcScheduler, ipcBackoff: false.
2022-09-28 09:53:58,823 [Socket Reader #1 for port 0] INFO  ipc.Server (Server.java:run(1265)) - Starting Socket Reader #1 for port 0
2022-09-28 09:53:58,880 [Listener at 0.0.0.0/33531] INFO  ha.SCMServiceManager (SCMServiceManager.java:register(42)) - Registering service ContainerBalancer.
2022-09-28 09:53:58,881 [Listener at 0.0.0.0/33531] INFO  server.StorageContainerManager (StorageContainerManager.java:<init>(410)) - 
Container Balancer status:
Key                            Value
Running                        false
Container Balancer Configuration values:
Key                                                Value
Threshold                                          10
Max Datanodes to Involve per Iteration(percent)    20
Max Size to Move per Iteration                     500GB
Max Size Entering Target per Iteration             26GB
Max Size Leaving Source per Iteration              26GB

2022-09-28 09:53:58,881 [Listener at 0.0.0.0/33531] WARN  events.EventQueue (EventQueue.java:fireEvent(216)) - No event handler registered for event TypedEvent{payloadType=SafeModeStatus, name='Safe mode status'}
2022-09-28 09:53:58,881 [Listener at 0.0.0.0/33531] INFO  ha.SCMContext (SCMContext.java:updateSafeModeStatus(228)) - Update SafeModeStatus from SafeModeStatus{safeModeStatus=true, preCheckPassed=false} to SafeModeStatus{safeModeStatus=true, preCheckPassed=false}.
2022-09-28 09:53:58,884 [Listener at 0.0.0.0/33531] INFO  server.StorageContainerManager (StorageContainerManager.java:start(1436)) - StorageContainerLocationProtocol RPC server is listening at /0.0.0.0:33531
2022-09-28 09:53:58,985 [Listener at 0.0.0.0/33531] WARN  impl.MetricsConfig (MetricsConfig.java:loadFirst(136)) - Cannot locate configuration: tried hadoop-metrics2-storagecontainermanager.properties,hadoop-metrics2.properties
2022-09-28 09:53:59,000 [Listener at 0.0.0.0/33531] INFO  impl.MetricsSystemImpl (MetricsSystemImpl.java:startTimer(378)) - Scheduled Metric snapshot period at 10 second(s).
2022-09-28 09:53:59,000 [Listener at 0.0.0.0/33531] INFO  impl.MetricsSystemImpl (MetricsSystemImpl.java:start(191)) - StorageContainerManager metrics system started
2022-09-28 09:53:59,228 [Listener at 0.0.0.0/33531] INFO  server.SCMClientProtocolServer (SCMClientProtocolServer.java:start(170)) - RPC server for Client  is listening at /0.0.0.0:33531
2022-09-28 09:53:59,230 [IPC Server Responder] INFO  ipc.Server (Server.java:run(1507)) - IPC Server Responder: starting
2022-09-28 09:53:59,231 [IPC Server listener on 0] INFO  ipc.Server (Server.java:run(1344)) - IPC Server listener on 0: starting
2022-09-28 09:53:59,234 [Listener at 0.0.0.0/33531] INFO  server.StorageContainerManager (StorageContainerManager.java:start(1451)) - ScmBlockLocationProtocol RPC server is listening at /0.0.0.0:46299
2022-09-28 09:53:59,234 [Listener at 0.0.0.0/33531] INFO  server.SCMBlockProtocolServer (SCMBlockProtocolServer.java:start(152)) - RPC server for Block Protocol is listening at /0.0.0.0:46299
2022-09-28 09:53:59,235 [IPC Server Responder] INFO  ipc.Server (Server.java:run(1507)) - IPC Server Responder: starting
2022-09-28 09:53:59,235 [IPC Server listener on 0] INFO  ipc.Server (Server.java:run(1344)) - IPC Server listener on 0: starting
2022-09-28 09:53:59,238 [Listener at 0.0.0.0/33531] INFO  server.SCMDatanodeProtocolServer (SCMDatanodeProtocolServer.java:start(186)) - ScmDatanodeProtocol RPC server for DataNodes is listening at /0.0.0.0:43997
2022-09-28 09:53:59,239 [IPC Server Responder] INFO  ipc.Server (Server.java:run(1507)) - IPC Server Responder: starting
2022-09-28 09:53:59,239 [IPC Server listener on 0] INFO  ipc.Server (Server.java:run(1344)) - IPC Server listener on 0: starting
2022-09-28 09:53:59,258 [org.apache.hadoop.util.JvmPauseMonitor$Monitor@7cb38a6a] INFO  util.JvmPauseMonitor (JvmPauseMonitor.java:run(188)) - Starting JVM pause monitor
2022-09-28 09:53:59,269 [Listener at 0.0.0.0/33531] INFO  http.BaseHttpServer (BaseHttpServer.java:newHttpServer2BuilderForOzone(213)) - Starting Web-server for scm at: http://0.0.0.0:0
2022-09-28 09:53:59,269 [Listener at 0.0.0.0/33531] INFO  http.BaseHttpServer (BaseHttpServer.java:<init>(108)) - Hadoop Security Enabled: false Ozone Security Enabled: false Ozone HTTP Security Enabled: false 
2022-09-28 09:53:59,296 [Listener at 0.0.0.0/33531] INFO  util.log (Log.java:initialized(170)) - Logging initialized @3872ms to org.eclipse.jetty.util.log.Slf4jLog
2022-09-28 09:53:59,396 [Listener at 0.0.0.0/33531] INFO  server.AuthenticationFilter (AuthenticationFilter.java:constructSecretProvider(240)) - Unable to initialize FileSignerSecretProvider, falling back to use random secrets.
2022-09-28 09:53:59,401 [Listener at 0.0.0.0/33531] WARN  http.HttpRequestLog (HttpRequestLog.java:getRequestLog(103)) - Jetty request log can only be enabled using Log4j
2022-09-28 09:53:59,407 [Listener at 0.0.0.0/33531] INFO  http.HttpServer2 (HttpServer2.java:addGlobalFilter(1029)) - Added global filter 'safety' (class=org.apache.hadoop.hdds.server.http.HttpServer2$QuotingInputFilter)
2022-09-28 09:53:59,408 [Listener at 0.0.0.0/33531] INFO  http.HttpServer2 (HttpServer2.java:addFilter(1005)) - Added filter static_user_filter (class=org.apache.hadoop.http.lib.StaticUserWebFilter$StaticUserFilter) to context scm
2022-09-28 09:53:59,409 [Listener at 0.0.0.0/33531] INFO  http.HttpServer2 (HttpServer2.java:addFilter(1013)) - Added filter static_user_filter (class=org.apache.hadoop.http.lib.StaticUserWebFilter$StaticUserFilter) to context logs
2022-09-28 09:53:59,409 [Listener at 0.0.0.0/33531] INFO  http.HttpServer2 (HttpServer2.java:addFilter(1013)) - Added filter static_user_filter (class=org.apache.hadoop.http.lib.StaticUserWebFilter$StaticUserFilter) to context static
2022-09-28 09:53:59,444 [Listener at 0.0.0.0/33531] INFO  http.HttpServer2 (HttpServer2.java:bindListener(1248)) - Jetty bound to port 37223
2022-09-28 09:53:59,445 [Listener at 0.0.0.0/33531] INFO  server.Server (Server.java:doStart(375)) - jetty-9.4.43.v20210629; built: 2021-06-30T11:07:22.254Z; git: 526006ecfa3af7f1a27ef3a288e2bef7ea9dd7e8; jvm 1.8.0_345-b01
2022-09-28 09:53:59,482 [Listener at 0.0.0.0/33531] INFO  server.session (DefaultSessionIdManager.java:doStart(334)) - DefaultSessionIdManager workerName=node0
2022-09-28 09:53:59,482 [Listener at 0.0.0.0/33531] INFO  server.session (DefaultSessionIdManager.java:doStart(339)) - No SessionScavenger set, using defaults
2022-09-28 09:53:59,483 [Listener at 0.0.0.0/33531] INFO  server.session (HouseKeeper.java:startScavenging(132)) - node0 Scavenging every 600000ms
2022-09-28 09:53:59,494 [Listener at 0.0.0.0/33531] INFO  handler.ContextHandler (ContextHandler.java:doStart(915)) - Started o.e.j.s.ServletContextHandler@215f8d7{logs,/logs,file:///home/runner/work/ozone/ozone/hadoop-ozone/integration-test/target/log,AVAILABLE}
2022-09-28 09:53:59,495 [Listener at 0.0.0.0/33531] INFO  handler.ContextHandler (ContextHandler.java:doStart(915)) - Started o.e.j.s.ServletContextHandler@3b3b2290{static,/static,file:///home/runner/work/ozone/ozone/hadoop-ozone/integration-test/target/test-classes/webapps/static,AVAILABLE}
2022-09-28 09:53:59,535 [Listener at 0.0.0.0/33531] INFO  handler.ContextHandler (ContextHandler.java:doStart(915)) - Started o.e.j.w.WebAppContext@2784145d{scm,/,file:///home/runner/work/ozone/ozone/hadoop-ozone/integration-test/target/test-classes/webapps/scm/,AVAILABLE}{file:/home/runner/work/ozone/ozone/hadoop-ozone/integration-test/target/test-classes/webapps/scm}
2022-09-28 09:53:59,549 [Listener at 0.0.0.0/33531] INFO  server.AbstractConnector (AbstractConnector.java:doStart(331)) - Started ServerConnector@54f62ac6{HTTP/1.1, (http/1.1)}{0.0.0.0:37223}
2022-09-28 09:53:59,549 [Listener at 0.0.0.0/33531] INFO  server.Server (Server.java:doStart(415)) - Started @4125ms
2022-09-28 09:53:59,551 [Listener at 0.0.0.0/33531] INFO  impl.MetricsSinkAdapter (MetricsSinkAdapter.java:start(204)) - Sink prometheus started
2022-09-28 09:53:59,551 [Listener at 0.0.0.0/33531] INFO  impl.MetricsSystemImpl (MetricsSystemImpl.java:registerSink(305)) - Registered sink prometheus
2022-09-28 09:53:59,553 [Listener at 0.0.0.0/33531] INFO  http.BaseHttpServer (BaseHttpServer.java:updateConnectorAddress(333)) - HTTP server of scm listening at http://0.0.0.0:37223
2022-09-28 09:53:59,554 [Listener at 0.0.0.0/33531] WARN  server.ServerUtils (ServerUtils.java:getDBPath(225)) - ozone.om.db.dirs is not configured. We recommend adding this setting. Falling back to ozone.metadata.dirs instead.
2022-09-28 09:53:59,602 [Listener at 0.0.0.0/33531] INFO  audit.AuditLogger (AuditLogger.java:refreshDebugCmdSet(126)) - Refresh DebugCmdSet for OMAudit to [].
2022-09-28 09:53:59,667 [Listener at 0.0.0.0/33531] INFO  ha.OMHANodeDetails (OMHANodeDetails.java:loadOMHAConfig(115)) - ozone.om.internal.service.id is not defined, falling back to ozone.om.service.ids to find serviceID for OzoneManager if it is HA enabled cluster
2022-09-28 09:53:59,670 [Listener at 0.0.0.0/33531] INFO  ha.OMHANodeDetails (OMHANodeDetails.java:loadOMHAConfig(226)) - Configuration does not have ozone.om.address set. Falling back to the default OM address /127.0.0.1:0
2022-09-28 09:53:59,670 [Listener at 0.0.0.0/33531] INFO  ha.OMHANodeDetails (OMHANodeDetails.java:getOMNodeDetailsForNonHA(254)) - OM Service ID is not set. Setting it to the default ID: omServiceIdDefault
2022-09-28 09:53:59,671 [Listener at 0.0.0.0/33531] INFO  ha.OMHANodeDetails (OMHANodeDetails.java:getOMNodeDetailsForNonHA(261)) - OM Node ID is not set. Setting it to the default ID: om1
2022-09-28 09:53:59,674 [Listener at 0.0.0.0/33531] WARN  server.ServerUtils (ServerUtils.java:getDBPath(225)) - ozone.om.db.dirs is not configured. We recommend adding this setting. Falling back to ozone.metadata.dirs instead.
2022-09-28 09:53:59,676 [Listener at 0.0.0.0/33531] INFO  upgrade.AbstractLayoutVersionManager (AbstractLayoutVersionManager.java:init(83)) - Initializing Layout version manager with metadata layout = MULTITENANCY_SCHEMA (version = 3), software layout = MULTITENANCY_SCHEMA (version = 3)
2022-09-28 09:53:59,766 [Listener at 0.0.0.0/33531] INFO  reflections.Reflections (Reflections.java:scan(232)) - Reflections took 87 ms to scan 2 urls, producing 153 keys and 427 values [using 2 cores]
2022-09-28 09:53:59,770 [Listener at 0.0.0.0/33531] INFO  upgrade.OMLayoutVersionManager (OMLayoutVersionManager.java:lambda$0(115)) - Skipping Upgrade Action MockOmUpgradeAction since it has been finalized.
2022-09-28 09:53:59,770 [Listener at 0.0.0.0/33531] WARN  server.ServerUtils (ServerUtils.java:getDBPath(225)) - ozone.om.db.dirs is not configured. We recommend adding this setting. Falling back to ozone.metadata.dirs instead.
2022-09-28 09:53:59,927 [Listener at 0.0.0.0/33531] INFO  proxy.SCMBlockLocationFailoverProxyProvider (SCMBlockLocationFailoverProxyProvider.java:<init>(114)) - Created block location fail-over proxy with 1 nodes: [nodeId=scmNodeId,nodeAddress=/0.0.0.0:46299]
2022-09-28 09:53:59,952 [Listener at 0.0.0.0/33531] INFO  proxy.SCMBlockLocationFailoverProxyProvider (SCMBlockLocationFailoverProxyProvider.java:<init>(114)) - Created block location fail-over proxy with 1 nodes: [nodeId=scmNodeId,nodeAddress=/0.0.0.0:46299]
2022-09-28 09:54:00,186 [Listener at 0.0.0.0/33531] WARN  server.ServerUtils (ServerUtils.java:getDBPath(225)) - ozone.om.db.dirs is not configured. We recommend adding this setting. Falling back to ozone.metadata.dirs instead.
2022-09-28 09:54:00,192 [Listener at 0.0.0.0/33531] INFO  codec.OmKeyInfoCodec (OmKeyInfoCodec.java:<init>(49)) - OmKeyInfoCodec ignorePipeline = true
2022-09-28 09:54:00,193 [Listener at 0.0.0.0/33531] INFO  codec.RepeatedOmKeyInfoCodec (RepeatedOmKeyInfoCodec.java:<init>(41)) - RepeatedOmKeyInfoCodec ignorePipeline = true
2022-09-28 09:54:00,329 [Listener at 0.0.0.0/33531] INFO  om.OzoneManager (OzoneManager.java:instantiateServices(709)) - S3 Multi-Tenancy is disabled
2022-09-28 09:54:00,404 [Listener at 0.0.0.0/33531] INFO  om.OzoneManager (OzoneManager.java:addS3GVolumeToDB(4324)) - Created Volume s3v With Owner runner required for S3Gateway operations.
2022-09-28 09:54:00,460 [Listener at 0.0.0.0/33531] WARN  server.ServerUtils (ServerUtils.java:getDefaultRatisDirectory(237)) - Storage directory for Ratis is not configured. It is a good idea to map this to an SSD disk. Falling back to ozone.metadata.dirs
2022-09-28 09:54:00,461 [Listener at 0.0.0.0/33531] WARN  utils.OzoneManagerRatisUtils (OzoneManagerRatisUtils.java:getOMRatisSnapshotDirectory(434)) - ozone.om.ratis.snapshot.dir is not configured. Falling back to ozone.metadata.dirs config
2022-09-28 09:54:00,478 [Listener at 0.0.0.0/33531] WARN  server.ServerUtils (ServerUtils.java:getDefaultRatisDirectory(237)) - Storage directory for Ratis is not configured. It is a good idea to map this to an SSD disk. Falling back to ozone.metadata.dirs
2022-09-28 09:54:00,503 [Listener at 0.0.0.0/33531] INFO  ratis.OzoneManagerRatisServer (OzoneManagerRatisServer.java:<init>(160)) - Instantiating OM Ratis server with groupID: omServiceIdDefault and peers: localhost:9872
2022-09-28 09:54:00,511 [Listener at 0.0.0.0/33531] INFO  ratis.OzoneManagerStateMachine (OzoneManagerStateMachine.java:loadSnapshotInfoFromDB(632)) - LastAppliedIndex is set from TransactionInfo from OM DB as (t:0, i:~)
2022-09-28 09:54:00,555 [Listener at 0.0.0.0/33531] INFO  server.RaftServer (ConfUtils.java:logGet(46)) - raft.rpc.type = GRPC (default)
2022-09-28 09:54:00,627 [Listener at 0.0.0.0/33531] INFO  grpc.GrpcFactory (GrpcFactory.java:checkPooledByteBufAllocatorUseCacheForAllThreads(48)) - PERFORMANCE WARNING: useCacheForAllThreads is true that may cause Netty to create a lot garbage objects and, as a result, trigger GC.
	It is recommended to disable useCacheForAllThreads by setting -Dorg.apache.ratis.thirdparty.io.netty.allocator.useCacheForAllThreads=false in command line.
2022-09-28 09:54:00,631 [Listener at 0.0.0.0/33531] INFO  grpc.GrpcConfigKeys (ConfUtils.java:logGet(46)) - raft.grpc.admin.port = -1 (default)
2022-09-28 09:54:00,631 [Listener at 0.0.0.0/33531] INFO  grpc.GrpcConfigKeys (ConfUtils.java:logGet(46)) - raft.grpc.server.port = 9872 (custom)
2022-09-28 09:54:00,632 [Listener at 0.0.0.0/33531] INFO  grpc.GrpcConfigKeys (ConfUtils.java:logGet(46)) - raft.grpc.client.port = -1 (default)
2022-09-28 09:54:00,632 [Listener at 0.0.0.0/33531] INFO  grpc.GrpcConfigKeys (ConfUtils.java:logGet(46)) - raft.grpc.server.port = 9872 (custom)
2022-09-28 09:54:00,632 [Listener at 0.0.0.0/33531] INFO  grpc.GrpcConfigKeys (ConfUtils.java:logGet(46)) - raft.grpc.server.port = 9872 (custom)
2022-09-28 09:54:00,632 [Listener at 0.0.0.0/33531] INFO  server.GrpcService (ConfUtils.java:logGet(46)) - raft.grpc.message.size.max = 33554432 (custom)
2022-09-28 09:54:00,633 [Listener at 0.0.0.0/33531] INFO  server.RaftServerConfigKeys (ConfUtils.java:logGet(46)) - raft.server.log.appender.buffer.byte-limit = 33554432 (custom)
2022-09-28 09:54:00,634 [Listener at 0.0.0.0/33531] INFO  server.GrpcService (ConfUtils.java:logGet(46)) - raft.grpc.flow.control.window = 1MB (=1048576) (default)
2022-09-28 09:54:00,634 [Listener at 0.0.0.0/33531] INFO  server.RaftServerConfigKeys (ConfUtils.java:logGet(46)) - raft.server.rpc.request.timeout = 3000ms (default)
2022-09-28 09:54:00,648 [Listener at 0.0.0.0/33531] INFO  grpc.GrpcConfigKeys (ConfUtils.java:logGet(46)) - raft.grpc.server.async.request.thread.pool.cached = true (default)
2022-09-28 09:54:00,649 [Listener at 0.0.0.0/33531] INFO  grpc.GrpcConfigKeys (ConfUtils.java:logGet(46)) - raft.grpc.server.async.request.thread.pool.size = 32 (default)
2022-09-28 09:54:00,896 [Listener at 0.0.0.0/33531] INFO  impl.DataStreamServerImpl (ConfUtils.java:logGet(46)) - raft.datastream.type = DISABLED (default)
2022-09-28 09:54:00,899 [Listener at 0.0.0.0/33531] INFO  server.RaftServerConfigKeys (ConfUtils.java:logGet(46)) - raft.server.threadpool.proxy.cached = true (default)
2022-09-28 09:54:00,900 [Listener at 0.0.0.0/33531] INFO  server.RaftServerConfigKeys (ConfUtils.java:logGet(46)) - raft.server.threadpool.proxy.size = 0 (default)
2022-09-28 09:54:00,900 [Listener at 0.0.0.0/33531] INFO  server.RaftServerConfigKeys (ConfUtils.java:logGet(46)) - raft.server.rpc.slowness.timeout = 120s (custom)
2022-09-28 09:54:00,900 [Listener at 0.0.0.0/33531] INFO  server.RaftServerConfigKeys (ConfUtils.java:logGet(46)) - raft.server.leaderelection.leader.step-down.wait-time = 10s (default)
2022-09-28 09:54:00,903 [Listener at 0.0.0.0/33531] INFO  server.RaftServerConfigKeys (ConfUtils.java:logGet(46)) - raft.server.storage.dir = [/home/runner/work/ozone/ozone/hadoop-ozone/integration-test/target/test-dir/MiniOzoneClusterImpl-f38c25ab-2440-4177-af3f-c722ecf984ff/ozone-meta/ratis] (custom)
2022-09-28 09:54:00,913 [Listener at 0.0.0.0/33531] INFO  server.RaftServer (RaftServerProxy.java:addNew(96)) - om1: addNew group-C5BA1605619E:[om1|rpc:localhost:9872|priority:0] returns group-C5BA1605619E:java.util.concurrent.CompletableFuture@1c595228[Not completed]
2022-09-28 09:54:00,913 [Listener at 0.0.0.0/33531] INFO  om.OzoneManager (OzoneManager.java:initializeRatisServer(1976)) - OzoneManager Ratis server initialized at port 9872
2022-09-28 09:54:00,925 [Listener at 0.0.0.0/33531] INFO  om.OzoneManager (OzoneManager.java:getRpcServer(1099)) - Creating RPC Server
2022-09-28 09:54:00,935 [pool-55-thread-1] INFO  server.RaftServer$Division (RaftServerImpl.java:<init>(190)) - om1: new RaftServerImpl for group-C5BA1605619E:[om1|rpc:localhost:9872|priority:0] with OzoneManagerStateMachine:uninitialized
2022-09-28 09:54:00,936 [pool-55-thread-1] INFO  server.RaftServerConfigKeys (ConfUtils.java:logGet(46)) - raft.server.rpc.timeout.min = 1s (custom)
2022-09-28 09:54:00,944 [pool-55-thread-1] INFO  server.RaftServerConfigKeys (ConfUtils.java:logGet(46)) - raft.server.rpc.timeout.max = 1200ms (custom)
2022-09-28 09:54:00,944 [pool-55-thread-1] INFO  server.RaftServerConfigKeys (ConfUtils.java:logGet(46)) - raft.server.rpc.sleep.time = 25ms (default)
2022-09-28 09:54:00,945 [pool-55-thread-1] INFO  server.RaftServerConfigKeys (ConfUtils.java:logGet(46)) - raft.server.rpc.slowness.timeout = 120s (custom)
2022-09-28 09:54:00,945 [pool-55-thread-1] INFO  server.RaftServerConfigKeys (ConfUtils.java:logGet(46)) - raft.server.leaderelection.leader.step-down.wait-time = 10s (default)
2022-09-28 09:54:00,945 [pool-55-thread-1] INFO  server.RaftServerConfigKeys (ConfUtils.java:logGet(46)) - raft.server.sleep.deviation.threshold = 300ms (default)
2022-09-28 09:54:00,952 [pool-55-thread-1] INFO  server.RaftServer$Division (ServerState.java:<init>(107)) - om1@group-C5BA1605619E: ConfigurationManager, init=-1: [om1|rpc:localhost:9872|priority:0], old=null, confs=<EMPTY_MAP>
2022-09-28 09:54:00,952 [pool-55-thread-1] INFO  server.RaftServerConfigKeys (ConfUtils.java:logGet(46)) - raft.server.storage.dir = [/home/runner/work/ozone/ozone/hadoop-ozone/integration-test/target/test-dir/MiniOzoneClusterImpl-f38c25ab-2440-4177-af3f-c722ecf984ff/ozone-meta/ratis] (custom)
2022-09-28 09:54:00,964 [pool-55-thread-1] INFO  server.RaftServerConfigKeys (ConfUtils.java:logGet(46)) - raft.server.log.corruption.policy = EXCEPTION (default)
2022-09-28 09:54:00,964 [pool-55-thread-1] INFO  server.RaftServerConfigKeys (ConfUtils.java:logGet(46)) - raft.server.storage.free-space.min = 0MB (=0) (default)
2022-09-28 09:54:00,965 [pool-55-thread-1] INFO  storage.RaftStorageDirectory (RaftStorageDirectoryImpl.java:analyzeStorage(135)) - The storage directory /home/runner/work/ozone/ozone/hadoop-ozone/integration-test/target/test-dir/MiniOzoneClusterImpl-f38c25ab-2440-4177-af3f-c722ecf984ff/ozone-meta/ratis/bf265839-605b-3f16-9796-c5ba1605619e does not exist. Creating ...
2022-09-28 09:54:00,977 [pool-55-thread-1] INFO  storage.RaftStorageDirectory (RaftStorageDirectoryImpl.java:tryLock(230)) - Lock on /home/runner/work/ozone/ozone/hadoop-ozone/integration-test/target/test-dir/MiniOzoneClusterImpl-f38c25ab-2440-4177-af3f-c722ecf984ff/ozone-meta/ratis/bf265839-605b-3f16-9796-c5ba1605619e/in_use.lock acquired by nodename 12863@fv-az204-790
2022-09-28 09:54:00,989 [pool-55-thread-1] INFO  storage.RaftStorage (RaftStorageImpl.java:format(89)) - Storage directory /home/runner/work/ozone/ozone/hadoop-ozone/integration-test/target/test-dir/MiniOzoneClusterImpl-f38c25ab-2440-4177-af3f-c722ecf984ff/ozone-meta/ratis/bf265839-605b-3f16-9796-c5ba1605619e has been successfully formatted.
2022-09-28 09:54:00,991 [pool-55-thread-1] INFO  server.RaftServerConfigKeys (ConfUtils.java:logGet(46)) - raft.server.notification.no-leader.timeout = 120s (custom)
2022-09-28 09:54:00,993 [pool-55-thread-1] INFO  server.RaftServerConfigKeys (ConfUtils.java:logGet(46)) - raft.server.log.use.memory = false (default)
2022-09-28 09:54:01,023 [pool-55-thread-1] INFO  server.RaftServerConfigKeys (ConfUtils.java:logGet(46)) - raft.server.log.purge.gap = 1000000 (custom)
2022-09-28 09:54:01,023 [pool-55-thread-1] INFO  server.RaftServerConfigKeys (ConfUtils.java:logGet(46)) - raft.server.log.appender.buffer.byte-limit = 33554432 (custom)
2022-09-28 09:54:01,025 [pool-55-thread-1] INFO  server.RaftServerConfigKeys (ConfUtils.java:logGet(46)) - raft.server.log.statemachine.data.read.timeout = 1000ms (default)
2022-09-28 09:54:01,038 [pool-55-thread-1] INFO  server.RaftServerConfigKeys (ConfUtils.java:logGet(46)) - raft.server.log.segment.size.max = 4194304 (custom)
2022-09-28 09:54:01,059 [pool-55-thread-1] INFO  server.RaftServerConfigKeys (ConfUtils.java:logGet(46)) - raft.server.log.segment.cache.num.max = 2 (custom)
2022-09-28 09:54:01,059 [pool-55-thread-1] INFO  server.RaftServerConfigKeys (ConfUtils.java:logGet(46)) - raft.server.log.segment.cache.size.max = 200MB (=209715200) (default)
2022-09-28 09:54:01,086 [pool-55-thread-1] INFO  segmented.SegmentedRaftLogWorker (SegmentedRaftLogWorker.java:<init>(187)) - new om1@group-C5BA1605619E-SegmentedRaftLogWorker for RaftStorageImpl:Storage Directory /home/runner/work/ozone/ozone/hadoop-ozone/integration-test/target/test-dir/MiniOzoneClusterImpl-f38c25ab-2440-4177-af3f-c722ecf984ff/ozone-meta/ratis/bf265839-605b-3f16-9796-c5ba1605619e
2022-09-28 09:54:01,087 [pool-55-thread-1] INFO  server.RaftServerConfigKeys (ConfUtils.java:logGet(46)) - raft.server.log.queue.byte-limit = 64MB (=67108864) (default)
2022-09-28 09:54:01,087 [pool-55-thread-1] INFO  server.RaftServerConfigKeys (ConfUtils.java:logGet(46)) - raft.server.log.queue.element-limit = 4096 (default)
2022-09-28 09:54:01,088 [pool-55-thread-1] INFO  server.RaftServerConfigKeys (ConfUtils.java:logGet(46)) - raft.server.log.segment.size.max = 4194304 (custom)
2022-09-28 09:54:01,088 [pool-55-thread-1] INFO  server.RaftServerConfigKeys (ConfUtils.java:logGet(46)) - raft.server.log.preallocated.size = 4194304 (custom)
2022-09-28 09:54:01,088 [pool-55-thread-1] INFO  server.RaftServerConfigKeys (ConfUtils.java:logGet(46)) - raft.server.log.force.sync.num = 128 (default)
2022-09-28 09:54:01,089 [pool-55-thread-1] INFO  server.RaftServerConfigKeys (ConfUtils.java:logGet(46)) - raft.server.log.statemachine.data.sync = true (default)
2022-09-28 09:54:01,090 [pool-55-thread-1] INFO  server.RaftServerConfigKeys (ConfUtils.java:logGet(46)) - raft.server.log.statemachine.data.sync.timeout = 10s (default)
2022-09-28 09:54:01,090 [pool-55-thread-1] INFO  server.RaftServerConfigKeys (ConfUtils.java:logGet(46)) - raft.server.log.statemachine.data.sync.timeout.retry = -1 (default)
2022-09-28 09:54:01,110 [pool-55-thread-1] INFO  server.RaftServerConfigKeys (ConfUtils.java:logGet(46)) - raft.server.log.write.buffer.size = 64KB (=65536) (default)
2022-09-28 09:54:01,110 [pool-55-thread-1] INFO  server.RaftServerConfigKeys (ConfUtils.java:logGet(46)) - raft.server.log.unsafe-flush.enabled = false (default)
2022-09-28 09:54:01,110 [pool-55-thread-1] INFO  server.RaftServerConfigKeys (ConfUtils.java:logGet(46)) - raft.server.log.statemachine.data.caching.enabled = false (default)
2022-09-28 09:54:01,127 [pool-55-thread-1] INFO  segmented.SegmentedRaftLogWorker (SegmentedRaftLogWorker.java:lambda$new$0(135)) - om1@group-C5BA1605619E-SegmentedRaftLogWorker: flushIndex: setUnconditionally 0 -> -1
2022-09-28 09:54:01,127 [pool-55-thread-1] INFO  segmented.SegmentedRaftLogWorker (SegmentedRaftLogWorker.java:lambda$new$0(135)) - om1@group-C5BA1605619E-SegmentedRaftLogWorker: safeCacheEvictIndex: setUnconditionally 0 -> -1
2022-09-28 09:54:01,146 [pool-55-thread-1] INFO  server.RaftServerConfigKeys (ConfUtils.java:logGet(46)) - raft.server.snapshot.auto.trigger.enabled = true (custom)
2022-09-28 09:54:01,146 [pool-55-thread-1] INFO  server.RaftServerConfigKeys (ConfUtils.java:logGet(46)) - raft.server.snapshot.auto.trigger.threshold = 400000 (default)
2022-09-28 09:54:01,147 [pool-55-thread-1] INFO  server.RaftServerConfigKeys (ConfUtils.java:logGet(46)) - raft.server.snapshot.retention.file.num = -1 (default)
2022-09-28 09:54:01,147 [pool-55-thread-1] INFO  server.RaftServerConfigKeys (ConfUtils.java:logGet(46)) - raft.server.log.purge.upto.snapshot.index = true (custom)
2022-09-28 09:54:01,161 [pool-55-thread-1] INFO  server.RaftServerConfigKeys (ConfUtils.java:logGet(46)) - raft.server.retrycache.expirytime = 300s (custom)
2022-09-28 09:54:01,161 [pool-55-thread-1] INFO  server.RaftServerConfigKeys (ConfUtils.java:logGet(46)) - raft.server.retrycache.statistics.expirytime = 100μs (default)
2022-09-28 09:54:01,275 [pool-55-thread-1] INFO  server.RaftServerConfigKeys (ConfUtils.java:logGet(46)) - raft.server.log.appender.install.snapshot.enabled = false (custom)
2022-09-28 09:54:01,276 [pool-55-thread-1] INFO  server.RaftServerConfigKeys (ConfUtils.java:logGet(46)) - raft.server.threadpool.server.cached = true (default)
2022-09-28 09:54:01,276 [pool-55-thread-1] INFO  server.RaftServerConfigKeys (ConfUtils.java:logGet(46)) - raft.server.threadpool.server.size = 0 (default)
2022-09-28 09:54:01,276 [pool-55-thread-1] INFO  server.RaftServerConfigKeys (ConfUtils.java:logGet(46)) - raft.server.threadpool.client.cached = true (default)
2022-09-28 09:54:01,276 [pool-55-thread-1] INFO  server.RaftServerConfigKeys (ConfUtils.java:logGet(46)) - raft.server.threadpool.client.size = 0 (default)
2022-09-28 09:54:01,742 [Listener at 0.0.0.0/33531] INFO  reflections.Reflections (Reflections.java:scan(232)) - Reflections took 713 ms to scan 19 urls, producing 67 keys and 4204 values [using 2 cores]
2022-09-28 09:54:01,895 [Listener at 0.0.0.0/33531] INFO  ipc.CallQueueManager (CallQueueManager.java:<init>(90)) - Using callQueue: class java.util.concurrent.LinkedBlockingQueue, queueCapacity: 2000, scheduler: class org.apache.hadoop.ipc.DefaultRpcScheduler, ipcBackoff: false.
2022-09-28 09:54:01,896 [Socket Reader #1 for port 0] INFO  ipc.Server (Server.java:run(1265)) - Starting Socket Reader #1 for port 0
2022-09-28 09:54:01,924 [Listener at 127.0.0.1/33915] INFO  impl.MetricsSystemImpl (MetricsSystemImpl.java:init(158)) - OzoneManager metrics system started (again)
2022-09-28 09:54:01,935 [Listener at 127.0.0.1/33915] INFO  om.OzoneManager (OzoneManager.java:start(1483)) - OzoneManager RPC server is listening at localhost/127.0.0.1:33915
2022-09-28 09:54:01,935 [Listener at 127.0.0.1/33915] INFO  ratis.OzoneManagerRatisServer (OzoneManagerRatisServer.java:start(555)) - Starting OzoneManagerRatisServer om1 at port 9872
2022-09-28 09:54:01,937 [om1-impl-thread1] INFO  server.RaftServer$Division (RaftServerImpl.java:start(310)) - om1@group-C5BA1605619E: start as a follower, conf=-1: [om1|rpc:localhost:9872|priority:0], old=null
2022-09-28 09:54:01,937 [om1-impl-thread1] INFO  server.RaftServer$Division (RaftServerImpl.java:setRole(299)) - om1@group-C5BA1605619E: changes role from      null to FOLLOWER at term 0 for startAsFollower
2022-09-28 09:54:01,938 [om1-impl-thread1] INFO  impl.RoleInfo (RoleInfo.java:updateAndGet(139)) - om1: start om1@group-C5BA1605619E-FollowerState
2022-09-28 09:54:01,941 [om1-impl-thread1] INFO  util.JmxRegister (JmxRegister.java:tryRegister(44)) - Successfully registered JMX Bean with object name Ratis:service=RaftServer,group=group-C5BA1605619E,id=om1
2022-09-28 09:54:01,945 [Listener at 127.0.0.1/33915] INFO  server.RaftServer (RaftServerProxy.java:lambda$start$6(382)) - om1: start RPC server
2022-09-28 09:54:01,997 [Listener at 127.0.0.1/33915] INFO  server.GrpcService (GrpcService.java:startImpl(260)) - om1: GrpcService started, listening on 9872
2022-09-28 09:54:02,001 [Listener at 127.0.0.1/33915] INFO  om.OzoneManager (OzoneManager.java:start(1499)) - Version File has different layout version (3) than OM DB (null). That is expected if this OM has never been finalized to a newer layout version.
2022-09-28 09:54:02,002 [org.apache.ratis.util.JvmPauseMonitor$$Lambda$634/511600595@12e56e82] INFO  util.JvmPauseMonitor (JvmPauseMonitor.java:run(103)) - JvmPauseMonitor-om1: Started
2022-09-28 09:54:02,025 [Listener at 127.0.0.1/33915] INFO  http.BaseHttpServer (BaseHttpServer.java:newHttpServer2BuilderForOzone(213)) - Starting Web-server for ozoneManager at: http://0.0.0.0:0
2022-09-28 09:54:02,025 [Listener at 127.0.0.1/33915] INFO  http.BaseHttpServer (BaseHttpServer.java:<init>(108)) - Hadoop Security Enabled: false Ozone Security Enabled: false Ozone HTTP Security Enabled: false 
2022-09-28 09:54:02,026 [Listener at 127.0.0.1/33915] INFO  server.AuthenticationFilter (AuthenticationFilter.java:constructSecretProvider(240)) - Unable to initialize FileSignerSecretProvider, falling back to use random secrets.
2022-09-28 09:54:02,028 [Listener at 127.0.0.1/33915] WARN  http.HttpRequestLog (HttpRequestLog.java:getRequestLog(103)) - Jetty request log can only be enabled using Log4j
2022-09-28 09:54:02,030 [Listener at 127.0.0.1/33915] INFO  http.HttpServer2 (HttpServer2.java:addGlobalFilter(1029)) - Added global filter 'safety' (class=org.apache.hadoop.hdds.server.http.HttpServer2$QuotingInputFilter)
2022-09-28 09:54:02,031 [Listener at 127.0.0.1/33915] INFO  http.HttpServer2 (HttpServer2.java:addFilter(1005)) - Added filter static_user_filter (class=org.apache.hadoop.http.lib.StaticUserWebFilter$StaticUserFilter) to context ozoneManager
2022-09-28 09:54:02,031 [Listener at 127.0.0.1/33915] INFO  http.HttpServer2 (HttpServer2.java:addFilter(1013)) - Added filter static_user_filter (class=org.apache.hadoop.http.lib.StaticUserWebFilter$StaticUserFilter) to context static
2022-09-28 09:54:02,031 [Listener at 127.0.0.1/33915] INFO  http.HttpServer2 (HttpServer2.java:addFilter(1013)) - Added filter static_user_filter (class=org.apache.hadoop.http.lib.StaticUserWebFilter$StaticUserFilter) to context logs
2022-09-28 09:54:02,034 [Listener at 127.0.0.1/33915] INFO  http.HttpServer2 (HttpServer2.java:bindListener(1248)) - Jetty bound to port 37579
2022-09-28 09:54:02,034 [Listener at 127.0.0.1/33915] INFO  server.Server (Server.java:doStart(375)) - jetty-9.4.43.v20210629; built: 2021-06-30T11:07:22.254Z; git: 526006ecfa3af7f1a27ef3a288e2bef7ea9dd7e8; jvm 1.8.0_345-b01
2022-09-28 09:54:02,042 [Listener at 127.0.0.1/33915] INFO  server.session (DefaultSessionIdManager.java:doStart(334)) - DefaultSessionIdManager workerName=node0
2022-09-28 09:54:02,042 [Listener at 127.0.0.1/33915] INFO  server.session (DefaultSessionIdManager.java:doStart(339)) - No SessionScavenger set, using defaults
2022-09-28 09:54:02,042 [Listener at 127.0.0.1/33915] INFO  server.session (HouseKeeper.java:startScavenging(132)) - node0 Scavenging every 660000ms
2022-09-28 09:54:02,043 [Listener at 127.0.0.1/33915] INFO  handler.ContextHandler (ContextHandler.java:doStart(915)) - Started o.e.j.s.ServletContextHandler@bd9f0d0{logs,/logs,file:///home/runner/work/ozone/ozone/hadoop-ozone/integration-test/target/log,AVAILABLE}
2022-09-28 09:54:02,043 [Listener at 127.0.0.1/33915] INFO  handler.ContextHandler (ContextHandler.java:doStart(915)) - Started o.e.j.s.ServletContextHandler@1060e784{static,/static,file:///home/runner/work/ozone/ozone/hadoop-ozone/integration-test/target/test-classes/webapps/static,AVAILABLE}
2022-09-28 09:54:02,046 [Listener at 127.0.0.1/33915] INFO  handler.ContextHandler (ContextHandler.java:doStart(915)) - Started o.e.j.w.WebAppContext@51bce17f{ozoneManager,/,file:///home/runner/work/ozone/ozone/hadoop-ozone/integration-test/target/test-classes/webapps/ozoneManager/,AVAILABLE}{file:/home/runner/work/ozone/ozone/hadoop-ozone/integration-test/target/test-classes/webapps/ozoneManager}
2022-09-28 09:54:02,052 [Listener at 127.0.0.1/33915] INFO  server.AbstractConnector (AbstractConnector.java:doStart(331)) - Started ServerConnector@44bb068c{HTTP/1.1, (http/1.1)}{0.0.0.0:37579}
2022-09-28 09:54:02,053 [Listener at 127.0.0.1/33915] INFO  server.Server (Server.java:doStart(415)) - Started @6628ms
2022-09-28 09:54:02,053 [Listener at 127.0.0.1/33915] WARN  impl.MetricsSystemImpl (MetricsSystemImpl.java:register(279)) - Sink prometheus already exists!
2022-09-28 09:54:02,053 [Listener at 127.0.0.1/33915] INFO  http.BaseHttpServer (BaseHttpServer.java:updateConnectorAddress(333)) - HTTP server of ozoneManager listening at http://0.0.0.0:37579
2022-09-28 09:54:02,053 [IPC Server Responder] INFO  ipc.Server (Server.java:run(1507)) - IPC Server Responder: starting
2022-09-28 09:54:02,061 [IPC Server listener on 0] INFO  ipc.Server (Server.java:run(1344)) - IPC Server listener on 0: starting
2022-09-28 09:54:02,150 [Listener at 127.0.0.1/33915] INFO  om.TrashPolicyOzone (TrashPolicyOzone.java:<init>(178)) - Ozone Manager trash configuration: Deletion interval = 0 minutes, Emptier interval = 0 minutes.
2022-09-28 09:54:02,156 [org.apache.hadoop.util.JvmPauseMonitor$Monitor@4689ab65] INFO  util.JvmPauseMonitor (JvmPauseMonitor.java:run(188)) - Starting JVM pause monitor
2022-09-28 09:54:02,303 [Listener at 127.0.0.1/33915] WARN  impl.MetricRegistriesImpl (MetricRegistriesImpl.java:addReporterRegistration(111)) - New reporters are added after registries were created. Some metrics will be missing from the reporter. Please add reporter before adding any new registry.
2022-09-28 09:54:02,303 [Listener at 127.0.0.1/33915] WARN  impl.MetricRegistriesImpl (MetricRegistriesImpl.java:addReporterRegistration(111)) - New reporters are added after registries were created. Some metrics will be missing from the reporter. Please add reporter before adding any new registry.
2022-09-28 09:54:02,303 [Listener at 127.0.0.1/33915] INFO  impl.MetricsSystemImpl (MetricsSystemImpl.java:init(158)) - HddsDatanode metrics system started (again)
2022-09-28 09:54:02,321 [Listener at 127.0.0.1/33915] INFO  ozone.HddsDatanodeService (HddsDatanodeService.java:start(236)) - HddsDatanodeService host:fv-az204-790.d0ggoinxmwcejgojbuqly40l0e.cx.internal.cloudapp.net ip:10.1.1.21
2022-09-28 09:54:02,349 [Listener at 127.0.0.1/33915] INFO  upgrade.AbstractLayoutVersionManager (AbstractLayoutVersionManager.java:init(83)) - Initializing Layout version manager with metadata layout = DATANODE_SCHEMA_V3 (version = 4), software layout = DATANODE_SCHEMA_V3 (version = 4)
2022-09-28 09:54:02,395 [Listener at 127.0.0.1/33915] INFO  reflections.Reflections (Reflections.java:scan(232)) - Reflections took 44 ms to scan 7 urls, producing 135 keys and 327 values 
2022-09-28 09:54:02,398 [Listener at 127.0.0.1/33915] INFO  statemachine.DatanodeStateMachine (DatanodeStateMachine.java:getEndPointTaskThreadPoolSize(237)) - Datanode State Machine Task Thread Pool size 2
2022-09-28 09:54:02,450 [Listener at 127.0.0.1/33915] INFO  volume.HddsVolume (HddsVolume.java:<init>(117)) - Creating HddsVolume: /home/runner/work/ozone/ozone/hadoop-ozone/integration-test/target/test-dir/MiniOzoneClusterImpl-f38c25ab-2440-4177-af3f-c722ecf984ff/datanode-0/data-0/containers/hdds of storage type : DISK capacity : 9223372036854775807
2022-09-28 09:54:02,453 [Listener at 127.0.0.1/33915] INFO  volume.MutableVolumeSet (MutableVolumeSet.java:initializeVolumeSet(174)) - Added Volume : /home/runner/work/ozone/ozone/hadoop-ozone/integration-test/target/test-dir/MiniOzoneClusterImpl-f38c25ab-2440-4177-af3f-c722ecf984ff/datanode-0/data-0/containers/hdds to VolumeSet
2022-09-28 09:54:02,454 [Listener at 127.0.0.1/33915] INFO  volume.ThrottledAsyncChecker (ThrottledAsyncChecker.java:schedule(141)) - Scheduling a check for /home/runner/work/ozone/ozone/hadoop-ozone/integration-test/target/test-dir/MiniOzoneClusterImpl-f38c25ab-2440-4177-af3f-c722ecf984ff/datanode-0/data-0/containers/hdds
2022-09-28 09:54:02,472 [Listener at 127.0.0.1/33915] INFO  volume.StorageVolumeChecker (StorageVolumeChecker.java:checkAllVolumes(202)) - Scheduled health check for volume /home/runner/work/ozone/ozone/hadoop-ozone/integration-test/target/test-dir/MiniOzoneClusterImpl-f38c25ab-2440-4177-af3f-c722ecf984ff/datanode-0/data-0/containers/hdds
2022-09-28 09:54:02,489 [Listener at 127.0.0.1/33915] INFO  volume.MutableVolumeSet (MutableVolumeSet.java:initializeVolumeSet(174)) - Added Volume : /home/runner/work/ozone/ozone/hadoop-ozone/integration-test/target/test-dir/MiniOzoneClusterImpl-f38c25ab-2440-4177-af3f-c722ecf984ff/datanode-0/data/ratis to VolumeSet
2022-09-28 09:54:02,489 [Listener at 127.0.0.1/33915] INFO  volume.ThrottledAsyncChecker (ThrottledAsyncChecker.java:schedule(141)) - Scheduling a check for /home/runner/work/ozone/ozone/hadoop-ozone/integration-test/target/test-dir/MiniOzoneClusterImpl-f38c25ab-2440-4177-af3f-c722ecf984ff/datanode-0/data/ratis
2022-09-28 09:54:02,490 [Listener at 127.0.0.1/33915] INFO  volume.StorageVolumeChecker (StorageVolumeChecker.java:checkAllVolumes(202)) - Scheduled health check for volume /home/runner/work/ozone/ozone/hadoop-ozone/integration-test/target/test-dir/MiniOzoneClusterImpl-f38c25ab-2440-4177-af3f-c722ecf984ff/datanode-0/data/ratis
2022-09-28 09:54:02,513 [Thread-136] INFO  ozoneimpl.ContainerReader (ContainerReader.java:readVolume(175)) - Finish verifying containers on volume /home/runner/work/ozone/ozone/hadoop-ozone/integration-test/target/test-dir/MiniOzoneClusterImpl-f38c25ab-2440-4177-af3f-c722ecf984ff/datanode-0/data-0/containers/hdds
2022-09-28 09:54:02,513 [Listener at 127.0.0.1/33915] INFO  ozoneimpl.OzoneContainer (OzoneContainer.java:buildContainerSet(300)) - Build ContainerSet costs 0s
2022-09-28 09:54:02,560 [Listener at 127.0.0.1/33915] INFO  audit.AuditLogger (AuditLogger.java:refreshDebugCmdSet(126)) - Refresh DebugCmdSet for DNAudit to [].
2022-09-28 09:54:02,610 [Listener at 127.0.0.1/33915] INFO  server.RaftServer (ConfUtils.java:logGet(46)) - raft.rpc.type = GRPC (default)
2022-09-28 09:54:02,611 [Listener at 127.0.0.1/33915] INFO  grpc.GrpcFactory (GrpcFactory.java:checkPooledByteBufAllocatorUseCacheForAllThreads(48)) - PERFORMANCE WARNING: useCacheForAllThreads is true that may cause Netty to create a lot garbage objects and, as a result, trigger GC.
	It is recommended to disable useCacheForAllThreads by setting -Dorg.apache.ratis.thirdparty.io.netty.allocator.useCacheForAllThreads=false in command line.
2022-09-28 09:54:02,611 [Listener at 127.0.0.1/33915] INFO  grpc.GrpcConfigKeys (ConfUtils.java:logGet(46)) - raft.grpc.admin.port = 0 (custom)
2022-09-28 09:54:02,612 [Listener at 127.0.0.1/33915] INFO  grpc.GrpcConfigKeys (ConfUtils.java:logGet(46)) - raft.grpc.client.port = 0 (custom)
2022-09-28 09:54:02,612 [Listener at 127.0.0.1/33915] INFO  grpc.GrpcConfigKeys (ConfUtils.java:logGet(46)) - raft.grpc.server.port = 0 (default)
2022-09-28 09:54:02,612 [Listener at 127.0.0.1/33915] INFO  server.GrpcService (ConfUtils.java:logGet(46)) - raft.grpc.message.size.max = 32MB (=33554432) (custom)
2022-09-28 09:54:02,612 [Listener at 127.0.0.1/33915] INFO  server.RaftServerConfigKeys (ConfUtils.java:logGet(46)) - raft.server.log.appender.buffer.byte-limit = 33554432 (custom)
2022-09-28 09:54:02,613 [Listener at 127.0.0.1/33915] INFO  server.GrpcService (ConfUtils.java:logGet(46)) - raft.grpc.flow.control.window = 5MB (=5242880) (custom)
2022-09-28 09:54:02,613 [Listener at 127.0.0.1/33915] INFO  server.RaftServerConfigKeys (ConfUtils.java:logGet(46)) - raft.server.rpc.request.timeout = 60s (custom)
2022-09-28 09:54:02,613 [Listener at 127.0.0.1/33915] INFO  grpc.GrpcConfigKeys (ConfUtils.java:logGet(46)) - raft.grpc.server.async.request.thread.pool.cached = true (default)
2022-09-28 09:54:02,614 [Listener at 127.0.0.1/33915] INFO  grpc.GrpcConfigKeys (ConfUtils.java:logGet(46)) - raft.grpc.server.async.request.thread.pool.size = 32 (default)
2022-09-28 09:54:02,615 [Listener at 127.0.0.1/33915] INFO  impl.DataStreamServerImpl (ConfUtils.java:logGet(46)) - raft.datastream.type = DISABLED (default)
2022-09-28 09:54:02,615 [Listener at 127.0.0.1/33915] INFO  server.RaftServerConfigKeys (ConfUtils.java:logGet(46)) - raft.server.threadpool.proxy.cached = true (default)
2022-09-28 09:54:02,616 [Listener at 127.0.0.1/33915] INFO  server.RaftServerConfigKeys (ConfUtils.java:logGet(46)) - raft.server.threadpool.proxy.size = 0 (default)
2022-09-28 09:54:02,616 [Listener at 127.0.0.1/33915] INFO  server.RaftServerConfigKeys (ConfUtils.java:logGet(46)) - raft.server.rpc.slowness.timeout = 300s (custom)
2022-09-28 09:54:02,616 [Listener at 127.0.0.1/33915] INFO  server.RaftServerConfigKeys (ConfUtils.java:logGet(46)) - raft.server.leaderelection.leader.step-down.wait-time = 10s (default)
2022-09-28 09:54:02,618 [Listener at 127.0.0.1/33915] INFO  server.RaftServerConfigKeys (ConfUtils.java:logGet(46)) - raft.server.storage.dir = [/home/runner/work/ozone/ozone/hadoop-ozone/integration-test/target/test-dir/MiniOzoneClusterImpl-f38c25ab-2440-4177-af3f-c722ecf984ff/datanode-0/data/ratis] (custom)
2022-09-28 09:54:02,636 [Listener at 127.0.0.1/33915] INFO  server.XceiverServerGrpc (XceiverServerGrpc.java:<init>(132)) - GrpcServer channel type EpollServerSocketChannel
2022-09-28 09:54:02,693 [Listener at 127.0.0.1/33915] INFO  http.BaseHttpServer (BaseHttpServer.java:newHttpServer2BuilderForOzone(213)) - Starting Web-server for hddsDatanode at: http://0.0.0.0:0
2022-09-28 09:54:02,693 [Listener at 127.0.0.1/33915] INFO  http.BaseHttpServer (BaseHttpServer.java:<init>(108)) - Hadoop Security Enabled: false Ozone Security Enabled: false Ozone HTTP Security Enabled: false 
2022-09-28 09:54:02,695 [Listener at 127.0.0.1/33915] INFO  server.AuthenticationFilter (AuthenticationFilter.java:constructSecretProvider(240)) - Unable to initialize FileSignerSecretProvider, falling back to use random secrets.
2022-09-28 09:54:02,695 [Listener at 127.0.0.1/33915] WARN  http.HttpRequestLog (HttpRequestLog.java:getRequestLog(103)) - Jetty request log can only be enabled using Log4j
2022-09-28 09:54:02,696 [Listener at 127.0.0.1/33915] INFO  http.HttpServer2 (HttpServer2.java:addGlobalFilter(1029)) - Added global filter 'safety' (class=org.apache.hadoop.hdds.server.http.HttpServer2$QuotingInputFilter)
2022-09-28 09:54:02,697 [Listener at 127.0.0.1/33915] INFO  http.HttpServer2 (HttpServer2.java:addFilter(1005)) - Added filter static_user_filter (class=org.apache.hadoop.http.lib.StaticUserWebFilter$StaticUserFilter) to context hddsDatanode
2022-09-28 09:54:02,697 [Listener at 127.0.0.1/33915] INFO  http.HttpServer2 (HttpServer2.java:addFilter(1013)) - Added filter static_user_filter (class=org.apache.hadoop.http.lib.StaticUserWebFilter$StaticUserFilter) to context logs
2022-09-28 09:54:02,698 [Listener at 127.0.0.1/33915] INFO  http.HttpServer2 (HttpServer2.java:addFilter(1013)) - Added filter static_user_filter (class=org.apache.hadoop.http.lib.StaticUserWebFilter$StaticUserFilter) to context static
2022-09-28 09:54:02,698 [Listener at 127.0.0.1/33915] INFO  http.HttpServer2 (HttpServer2.java:bindListener(1248)) - Jetty bound to port 44233
2022-09-28 09:54:02,698 [Listener at 127.0.0.1/33915] INFO  server.Server (Server.java:doStart(375)) - jetty-9.4.43.v20210629; built: 2021-06-30T11:07:22.254Z; git: 526006ecfa3af7f1a27ef3a288e2bef7ea9dd7e8; jvm 1.8.0_345-b01
2022-09-28 09:54:02,708 [Listener at 127.0.0.1/33915] INFO  server.session (DefaultSessionIdManager.java:doStart(334)) - DefaultSessionIdManager workerName=node0
2022-09-28 09:54:02,709 [Listener at 127.0.0.1/33915] INFO  server.session (DefaultSessionIdManager.java:doStart(339)) - No SessionScavenger set, using defaults
2022-09-28 09:54:02,709 [Listener at 127.0.0.1/33915] INFO  server.session (HouseKeeper.java:startScavenging(132)) - node0 Scavenging every 600000ms
2022-09-28 09:54:02,709 [Listener at 127.0.0.1/33915] INFO  handler.ContextHandler (ContextHandler.java:doStart(915)) - Started o.e.j.s.ServletContextHandler@32a66b4e{logs,/logs,file:///home/runner/work/ozone/ozone/hadoop-ozone/integration-test/target/log,AVAILABLE}
2022-09-28 09:54:02,710 [Listener at 127.0.0.1/33915] INFO  handler.ContextHandler (ContextHandler.java:doStart(915)) - Started o.e.j.s.ServletContextHandler@352904d5{static,/static,jar:file:/home/runner/.m2/repository/org/apache/ozone/hdds-container-service/1.3.0-SNAPSHOT/hdds-container-service-1.3.0-SNAPSHOT.jar!/webapps/static,AVAILABLE}
2022-09-28 09:54:02,892 [Listener at 127.0.0.1/33915] INFO  handler.ContextHandler (ContextHandler.java:doStart(915)) - Started o.e.j.w.WebAppContext@4bc71f6e{hddsDatanode,/,file:///tmp/jetty-0_0_0_0-44233-hdds-container-service-1_3_0-SNAPSHOT_jar-_-any-3407681436080948181/webapp/,AVAILABLE}{jar:file:/home/runner/.m2/repository/org/apache/ozone/hdds-container-service/1.3.0-SNAPSHOT/hdds-container-service-1.3.0-SNAPSHOT.jar!/webapps/hddsDatanode}
2022-09-28 09:54:02,893 [Listener at 127.0.0.1/33915] INFO  server.AbstractConnector (AbstractConnector.java:doStart(331)) - Started ServerConnector@174af948{HTTP/1.1, (http/1.1)}{0.0.0.0:44233}
2022-09-28 09:54:02,894 [Listener at 127.0.0.1/33915] INFO  server.Server (Server.java:doStart(415)) - Started @7469ms
2022-09-28 09:54:02,894 [Listener at 127.0.0.1/33915] WARN  impl.MetricsSystemImpl (MetricsSystemImpl.java:register(279)) - Sink prometheus already exists!
2022-09-28 09:54:02,894 [Listener at 127.0.0.1/33915] INFO  http.BaseHttpServer (BaseHttpServer.java:updateConnectorAddress(333)) - HTTP server of hddsDatanode listening at http://0.0.0.0:44233
2022-09-28 09:54:02,895 [Listener at 127.0.0.1/33915] WARN  impl.MetricRegistriesImpl (MetricRegistriesImpl.java:addReporterRegistration(111)) - New reporters are added after registries were created. Some metrics will be missing from the reporter. Please add reporter before adding any new registry.
2022-09-28 09:54:02,896 [Listener at 127.0.0.1/33915] WARN  impl.MetricRegistriesImpl (MetricRegistriesImpl.java:addReporterRegistration(111)) - New reporters are added after registries were created. Some metrics will be missing from the reporter. Please add reporter before adding any new registry.
2022-09-28 09:54:02,896 [Listener at 127.0.0.1/33915] INFO  impl.MetricsSystemImpl (MetricsSystemImpl.java:init(158)) - HddsDatanode metrics system started (again)
2022-09-28 09:54:02,904 [Datanode State Machine Daemon Thread] INFO  statemachine.DatanodeStateMachine (DatanodeStateMachine.java:lambda$startDaemon$0(492)) - Ozone container server started.
2022-09-28 09:54:02,917 [Listener at 127.0.0.1/33915] INFO  ozone.HddsDatanodeService (HddsDatanodeService.java:start(236)) - HddsDatanodeService host:fv-az204-790.d0ggoinxmwcejgojbuqly40l0e.cx.internal.cloudapp.net ip:10.1.1.21
2022-09-28 09:54:02,924 [org.apache.hadoop.util.JvmPauseMonitor$Monitor@43d926ef] INFO  util.JvmPauseMonitor (JvmPauseMonitor.java:run(188)) - Starting JVM pause monitor
2022-09-28 09:54:02,946 [Listener at 127.0.0.1/33915] INFO  upgrade.AbstractLayoutVersionManager (AbstractLayoutVersionManager.java:init(83)) - Initializing Layout version manager with metadata layout = DATANODE_SCHEMA_V3 (version = 4), software layout = DATANODE_SCHEMA_V3 (version = 4)
2022-09-28 09:54:02,981 [om1@group-C5BA1605619E-FollowerState] INFO  impl.FollowerState (FollowerState.java:run(143)) - om1@group-C5BA1605619E-FollowerState: change to CANDIDATE, lastRpcElapsedTime:1042416091ns, electionTimeout:1027ms
2022-09-28 09:54:02,981 [om1@group-C5BA1605619E-FollowerState] INFO  impl.RoleInfo (RoleInfo.java:shutdownFollowerState(110)) - om1: shutdown om1@group-C5BA1605619E-FollowerState
2022-09-28 09:54:02,990 [om1@group-C5BA1605619E-FollowerState] INFO  server.RaftServer$Division (RaftServerImpl.java:setRole(299)) - om1@group-C5BA1605619E: changes role from  FOLLOWER to CANDIDATE at term 0 for changeToCandidate
2022-09-28 09:54:02,994 [om1@group-C5BA1605619E-FollowerState] INFO  server.RaftServerConfigKeys (ConfUtils.java:logGet(46)) - raft.server.leaderelection.pre-vote = false (custom)
2022-09-28 09:54:02,994 [om1@group-C5BA1605619E-FollowerState] INFO  impl.RoleInfo (RoleInfo.java:updateAndGet(139)) - om1: start om1@group-C5BA1605619E-LeaderElection1
2022-09-28 09:54:03,011 [om1@group-C5BA1605619E-LeaderElection1] INFO  impl.LeaderElection (LeaderElection.java:askForVotes(310)) - om1@group-C5BA1605619E-LeaderElection1 ELECTION round 0: submit vote requests at term 1 for -1: [om1|rpc:localhost:9872|priority:0], old=null
2022-09-28 09:54:03,011 [om1@group-C5BA1605619E-LeaderElection1] INFO  impl.LeaderElection (LeaderElection.java:askForVotes(312)) - om1@group-C5BA1605619E-LeaderElection1 ELECTION round 0: result PASSED (term=1)
2022-09-28 09:54:03,012 [om1@group-C5BA1605619E-LeaderElection1] INFO  impl.RoleInfo (RoleInfo.java:shutdownLeaderElection(130)) - om1: shutdown om1@group-C5BA1605619E-LeaderElection1
2022-09-28 09:54:03,012 [om1@group-C5BA1605619E-LeaderElection1] INFO  server.RaftServer$Division (RaftServerImpl.java:setRole(299)) - om1@group-C5BA1605619E: changes role from CANDIDATE to LEADER at term 1 for changeToLeader
2022-09-28 09:54:03,012 [om1@group-C5BA1605619E-LeaderElection1] INFO  server.RaftServer$Division (ServerState.java:setLeader(287)) - om1@group-C5BA1605619E: change Leader from null to om1 at term 1 for becomeLeader, leader elected after 2021ms
2022-09-28 09:54:03,030 [om1@group-C5BA1605619E-LeaderElection1] INFO  server.RaftServerConfigKeys (ConfUtils.java:logGet(46)) - raft.server.staging.catchup.gap = 1000 (default)
2022-09-28 09:54:03,033 [om1@group-C5BA1605619E-LeaderElection1] INFO  server.RaftServerConfigKeys (ConfUtils.java:logGet(46)) - raft.server.write.element-limit = 4096 (default)
2022-09-28 09:54:03,034 [om1@group-C5BA1605619E-LeaderElection1] INFO  server.RaftServerConfigKeys (ConfUtils.java:logGet(46)) - raft.server.write.byte-limit = 64MB (=67108864) (default)
2022-09-28 09:54:03,045 [om1@group-C5BA1605619E-LeaderElection1] INFO  server.RaftServerConfigKeys (ConfUtils.java:logGet(46)) - raft.server.watch.timeout = 10s (default)
2022-09-28 09:54:03,045 [om1@group-C5BA1605619E-LeaderElection1] INFO  server.RaftServerConfigKeys (ConfUtils.java:logGet(46)) - raft.server.watch.timeout.denomination = 1s (default)
2022-09-28 09:54:03,046 [om1@group-C5BA1605619E-LeaderElection1] INFO  server.RaftServerConfigKeys (ConfUtils.java:logGet(46)) - raft.server.watch.element-limit = 65536 (default)
2022-09-28 09:54:03,050 [om1@group-C5BA1605619E-LeaderElection1] INFO  server.RaftServerConfigKeys (ConfUtils.java:logGet(46)) - raft.server.write.element-limit = 4096 (default)
2022-09-28 09:54:03,051 [om1@group-C5BA1605619E-LeaderElection1] INFO  server.RaftServerConfigKeys (ConfUtils.java:logGet(46)) - raft.server.write.follower.gap.ratio.max = -1.0 (default)
2022-09-28 09:54:03,053 [Listener at 127.0.0.1/33915] INFO  reflections.Reflections (Reflections.java:scan(232)) - Reflections took 105 ms to scan 7 urls, producing 135 keys and 327 values 
2022-09-28 09:54:03,056 [Listener at 127.0.0.1/33915] INFO  statemachine.DatanodeStateMachine (DatanodeStateMachine.java:getEndPointTaskThreadPoolSize(237)) - Datanode State Machine Task Thread Pool size 2
2022-09-28 09:54:03,059 [Listener at 127.0.0.1/33915] INFO  volume.HddsVolume (HddsVolume.java:<init>(117)) - Creating HddsVolume: /home/runner/work/ozone/ozone/hadoop-ozone/integration-test/target/test-dir/MiniOzoneClusterImpl-f38c25ab-2440-4177-af3f-c722ecf984ff/datanode-1/data-0/containers/hdds of storage type : DISK capacity : 9223372036854775807
2022-09-28 09:54:03,060 [Listener at 127.0.0.1/33915] INFO  volume.MutableVolumeSet (MutableVolumeSet.java:initializeVolumeSet(174)) - Added Volume : /home/runner/work/ozone/ozone/hadoop-ozone/integration-test/target/test-dir/MiniOzoneClusterImpl-f38c25ab-2440-4177-af3f-c722ecf984ff/datanode-1/data-0/containers/hdds to VolumeSet
2022-09-28 09:54:03,060 [Listener at 127.0.0.1/33915] INFO  volume.ThrottledAsyncChecker (ThrottledAsyncChecker.java:schedule(141)) - Scheduling a check for /home/runner/work/ozone/ozone/hadoop-ozone/integration-test/target/test-dir/MiniOzoneClusterImpl-f38c25ab-2440-4177-af3f-c722ecf984ff/datanode-1/data-0/containers/hdds
2022-09-28 09:54:03,061 [om1@group-C5BA1605619E-LeaderElection1] INFO  impl.RoleInfo (RoleInfo.java:updateAndGet(139)) - om1: start om1@group-C5BA1605619E-LeaderStateImpl
2022-09-28 09:54:03,070 [Listener at 127.0.0.1/33915] INFO  volume.StorageVolumeChecker (StorageVolumeChecker.java:checkAllVolumes(202)) - Scheduled health check for volume /home/runner/work/ozone/ozone/hadoop-ozone/integration-test/target/test-dir/MiniOzoneClusterImpl-f38c25ab-2440-4177-af3f-c722ecf984ff/datanode-1/data-0/containers/hdds
2022-09-28 09:54:03,095 [Listener at 127.0.0.1/33915] INFO  volume.MutableVolumeSet (MutableVolumeSet.java:initializeVolumeSet(174)) - Added Volume : /home/runner/work/ozone/ozone/hadoop-ozone/integration-test/target/test-dir/MiniOzoneClusterImpl-f38c25ab-2440-4177-af3f-c722ecf984ff/datanode-1/data/ratis to VolumeSet
2022-09-28 09:54:03,095 [Listener at 127.0.0.1/33915] INFO  volume.ThrottledAsyncChecker (ThrottledAsyncChecker.java:schedule(141)) - Scheduling a check for /home/runner/work/ozone/ozone/hadoop-ozone/integration-test/target/test-dir/MiniOzoneClusterImpl-f38c25ab-2440-4177-af3f-c722ecf984ff/datanode-1/data/ratis
2022-09-28 09:54:03,095 [Listener at 127.0.0.1/33915] INFO  volume.StorageVolumeChecker (StorageVolumeChecker.java:checkAllVolumes(202)) - Scheduled health check for volume /home/runner/work/ozone/ozone/hadoop-ozone/integration-test/target/test-dir/MiniOzoneClusterImpl-f38c25ab-2440-4177-af3f-c722ecf984ff/datanode-1/data/ratis
2022-09-28 09:54:03,107 [Datanode State Machine Task Thread - 0] INFO  datanode.InitDatanodeState (InitDatanodeState.java:persistContainerDatanodeDetails(138)) - DatanodeDetails is persisted to /home/runner/work/ozone/ozone/hadoop-ozone/integration-test/target/test-dir/MiniOzoneClusterImpl-f38c25ab-2440-4177-af3f-c722ecf984ff/datanode-0/meta/datanode.id
2022-09-28 09:54:03,111 [om1@group-C5BA1605619E-LeaderElection1] INFO  segmented.SegmentedRaftLogWorker (SegmentedRaftLogWorker.java:startLogSegment(425)) - om1@group-C5BA1605619E-SegmentedRaftLogWorker: Starting segment from index:0
2022-09-28 09:54:03,125 [Thread-151] INFO  ozoneimpl.ContainerReader (ContainerReader.java:readVolume(175)) - Finish verifying containers on volume /home/runner/work/ozone/ozone/hadoop-ozone/integration-test/target/test-dir/MiniOzoneClusterImpl-f38c25ab-2440-4177-af3f-c722ecf984ff/datanode-1/data-0/containers/hdds
2022-09-28 09:54:03,129 [Listener at 127.0.0.1/33915] INFO  ozoneimpl.OzoneContainer (OzoneContainer.java:buildContainerSet(300)) - Build ContainerSet costs 0s
2022-09-28 09:54:03,136 [Listener at 127.0.0.1/33915] INFO  server.RaftServer (ConfUtils.java:logGet(46)) - raft.rpc.type = GRPC (default)
2022-09-28 09:54:03,136 [Listener at 127.0.0.1/33915] INFO  grpc.GrpcFactory (GrpcFactory.java:checkPooledByteBufAllocatorUseCacheForAllThreads(48)) - PERFORMANCE WARNING: useCacheForAllThreads is true that may cause Netty to create a lot garbage objects and, as a result, trigger GC.
	It is recommended to disable useCacheForAllThreads by setting -Dorg.apache.ratis.thirdparty.io.netty.allocator.useCacheForAllThreads=false in command line.
2022-09-28 09:54:03,136 [Listener at 127.0.0.1/33915] INFO  grpc.GrpcConfigKeys (ConfUtils.java:logGet(46)) - raft.grpc.admin.port = 0 (custom)
2022-09-28 09:54:03,140 [Listener at 127.0.0.1/33915] INFO  grpc.GrpcConfigKeys (ConfUtils.java:logGet(46)) - raft.grpc.client.port = 0 (custom)
2022-09-28 09:54:03,140 [Listener at 127.0.0.1/33915] INFO  grpc.GrpcConfigKeys (ConfUtils.java:logGet(46)) - raft.grpc.server.port = 0 (default)
2022-09-28 09:54:03,140 [Listener at 127.0.0.1/33915] INFO  server.GrpcService (ConfUtils.java:logGet(46)) - raft.grpc.message.size.max = 32MB (=33554432) (custom)
2022-09-28 09:54:03,140 [Listener at 127.0.0.1/33915] INFO  server.RaftServerConfigKeys (ConfUtils.java:logGet(46)) - raft.server.log.appender.buffer.byte-limit = 33554432 (custom)
2022-09-28 09:54:03,140 [Listener at 127.0.0.1/33915] INFO  server.GrpcService (ConfUtils.java:logGet(46)) - raft.grpc.flow.control.window = 5MB (=5242880) (custom)
2022-09-28 09:54:03,141 [Listener at 127.0.0.1/33915] INFO  server.RaftServerConfigKeys (ConfUtils.java:logGet(46)) - raft.server.rpc.request.timeout = 60s (custom)
2022-09-28 09:54:03,141 [Listener at 127.0.0.1/33915] INFO  grpc.GrpcConfigKeys (ConfUtils.java:logGet(46)) - raft.grpc.server.async.request.thread.pool.cached = true (default)
2022-09-28 09:54:03,141 [Listener at 127.0.0.1/33915] INFO  grpc.GrpcConfigKeys (ConfUtils.java:logGet(46)) - raft.grpc.server.async.request.thread.pool.size = 32 (default)
2022-09-28 09:54:03,149 [Listener at 127.0.0.1/33915] INFO  impl.DataStreamServerImpl (ConfUtils.java:logGet(46)) - raft.datastream.type = DISABLED (default)
2022-09-28 09:54:03,149 [Listener at 127.0.0.1/33915] INFO  server.RaftServerConfigKeys (ConfUtils.java:logGet(46)) - raft.server.threadpool.proxy.cached = true (default)
2022-09-28 09:54:03,149 [Listener at 127.0.0.1/33915] INFO  server.RaftServerConfigKeys (ConfUtils.java:logGet(46)) - raft.server.threadpool.proxy.size = 0 (default)
2022-09-28 09:54:03,149 [Listener at 127.0.0.1/33915] INFO  server.RaftServerConfigKeys (ConfUtils.java:logGet(46)) - raft.server.rpc.slowness.timeout = 300s (custom)
2022-09-28 09:54:03,149 [Listener at 127.0.0.1/33915] INFO  server.RaftServerConfigKeys (ConfUtils.java:logGet(46)) - raft.server.leaderelection.leader.step-down.wait-time = 10s (default)
2022-09-28 09:54:03,150 [Listener at 127.0.0.1/33915] INFO  server.RaftServerConfigKeys (ConfUtils.java:logGet(46)) - raft.server.storage.dir = [/home/runner/work/ozone/ozone/hadoop-ozone/integration-test/target/test-dir/MiniOzoneClusterImpl-f38c25ab-2440-4177-af3f-c722ecf984ff/datanode-1/data/ratis] (custom)
2022-09-28 09:54:03,158 [Listener at 127.0.0.1/33915] INFO  server.XceiverServerGrpc (XceiverServerGrpc.java:<init>(132)) - GrpcServer channel type EpollServerSocketChannel
2022-09-28 09:54:03,168 [Listener at 127.0.0.1/33915] INFO  http.BaseHttpServer (BaseHttpServer.java:newHttpServer2BuilderForOzone(213)) - Starting Web-server for hddsDatanode at: http://0.0.0.0:0
2022-09-28 09:54:03,168 [Listener at 127.0.0.1/33915] INFO  http.BaseHttpServer (BaseHttpServer.java:<init>(108)) - Hadoop Security Enabled: false Ozone Security Enabled: false Ozone HTTP Security Enabled: false 
2022-09-28 09:54:03,168 [om1@group-C5BA1605619E-LeaderElection1] INFO  server.RaftServer$Division (ServerState.java:setRaftConf(393)) - om1@group-C5BA1605619E: set configuration 0: [om1|rpc:localhost:9872|admin:|client:|dataStream:|priority:0], old=null
2022-09-28 09:54:03,169 [Listener at 127.0.0.1/33915] INFO  server.AuthenticationFilter (AuthenticationFilter.java:constructSecretProvider(240)) - Unable to initialize FileSignerSecretProvider, falling back to use random secrets.
2022-09-28 09:54:03,170 [Listener at 127.0.0.1/33915] WARN  http.HttpRequestLog (HttpRequestLog.java:getRequestLog(103)) - Jetty request log can only be enabled using Log4j
2022-09-28 09:54:03,173 [Listener at 127.0.0.1/33915] INFO  http.HttpServer2 (HttpServer2.java:addGlobalFilter(1029)) - Added global filter 'safety' (class=org.apache.hadoop.hdds.server.http.HttpServer2$QuotingInputFilter)
2022-09-28 09:54:03,174 [Listener at 127.0.0.1/33915] INFO  http.HttpServer2 (HttpServer2.java:addFilter(1005)) - Added filter static_user_filter (class=org.apache.hadoop.http.lib.StaticUserWebFilter$StaticUserFilter) to context hddsDatanode
2022-09-28 09:54:03,174 [Listener at 127.0.0.1/33915] INFO  http.HttpServer2 (HttpServer2.java:addFilter(1013)) - Added filter static_user_filter (class=org.apache.hadoop.http.lib.StaticUserWebFilter$StaticUserFilter) to context logs
2022-09-28 09:54:03,174 [Listener at 127.0.0.1/33915] INFO  http.HttpServer2 (HttpServer2.java:addFilter(1013)) - Added filter static_user_filter (class=org.apache.hadoop.http.lib.StaticUserWebFilter$StaticUserFilter) to context static
2022-09-28 09:54:03,175 [Listener at 127.0.0.1/33915] INFO  http.HttpServer2 (HttpServer2.java:bindListener(1248)) - Jetty bound to port 45345
2022-09-28 09:54:03,175 [Listener at 127.0.0.1/33915] INFO  server.Server (Server.java:doStart(375)) - jetty-9.4.43.v20210629; built: 2021-06-30T11:07:22.254Z; git: 526006ecfa3af7f1a27ef3a288e2bef7ea9dd7e8; jvm 1.8.0_345-b01
2022-09-28 09:54:03,219 [Listener at 127.0.0.1/33915] INFO  server.session (DefaultSessionIdManager.java:doStart(334)) - DefaultSessionIdManager workerName=node0
2022-09-28 09:54:03,219 [Listener at 127.0.0.1/33915] INFO  server.session (DefaultSessionIdManager.java:doStart(339)) - No SessionScavenger set, using defaults
2022-09-28 09:54:03,219 [Listener at 127.0.0.1/33915] INFO  server.session (HouseKeeper.java:startScavenging(132)) - node0 Scavenging every 600000ms
2022-09-28 09:54:03,220 [Listener at 127.0.0.1/33915] INFO  handler.ContextHandler (ContextHandler.java:doStart(915)) - Started o.e.j.s.ServletContextHandler@43ddb43d{logs,/logs,file:///home/runner/work/ozone/ozone/hadoop-ozone/integration-test/target/log,AVAILABLE}
2022-09-28 09:54:03,221 [Listener at 127.0.0.1/33915] INFO  handler.ContextHandler (ContextHandler.java:doStart(915)) - Started o.e.j.s.ServletContextHandler@275f738c{static,/static,jar:file:/home/runner/.m2/repository/org/apache/ozone/hdds-container-service/1.3.0-SNAPSHOT/hdds-container-service-1.3.0-SNAPSHOT.jar!/webapps/static,AVAILABLE}
2022-09-28 09:54:03,232 [om1@group-C5BA1605619E-SegmentedRaftLogWorker] INFO  segmented.SegmentedRaftLogWorker (SegmentedRaftLogWorker.java:execute(629)) - om1@group-C5BA1605619E-SegmentedRaftLogWorker: created new log segment /home/runner/work/ozone/ozone/hadoop-ozone/integration-test/target/test-dir/MiniOzoneClusterImpl-f38c25ab-2440-4177-af3f-c722ecf984ff/ozone-meta/ratis/bf265839-605b-3f16-9796-c5ba1605619e/current/log_inprogress_0
2022-09-28 09:54:03,360 [om1@group-C5BA1605619E-StateMachineUpdater] INFO  ratis.OzoneManagerStateMachine (OzoneManagerStateMachine.java:notifyConfigurationChanged(192)) - Received Configuration change notification from Ratis. New Peer list:
[id: "om1"
address: "localhost:9872"
]
2022-09-28 09:54:03,398 [Listener at 127.0.0.1/33915] INFO  handler.ContextHandler (ContextHandler.java:doStart(915)) - Started o.e.j.w.WebAppContext@136cb5b5{hddsDatanode,/,file:///tmp/jetty-0_0_0_0-45345-hdds-container-service-1_3_0-SNAPSHOT_jar-_-any-1977740632065175044/webapp/,AVAILABLE}{jar:file:/home/runner/.m2/repository/org/apache/ozone/hdds-container-service/1.3.0-SNAPSHOT/hdds-container-service-1.3.0-SNAPSHOT.jar!/webapps/hddsDatanode}
2022-09-28 09:54:03,399 [Listener at 127.0.0.1/33915] INFO  server.AbstractConnector (AbstractConnector.java:doStart(331)) - Started ServerConnector@41a56ad9{HTTP/1.1, (http/1.1)}{0.0.0.0:45345}
2022-09-28 09:54:03,399 [Listener at 127.0.0.1/33915] INFO  server.Server (Server.java:doStart(415)) - Started @7975ms
2022-09-28 09:54:03,399 [Listener at 127.0.0.1/33915] WARN  impl.MetricsSystemImpl (MetricsSystemImpl.java:register(279)) - Sink prometheus already exists!
2022-09-28 09:54:03,400 [Listener at 127.0.0.1/33915] INFO  http.BaseHttpServer (BaseHttpServer.java:updateConnectorAddress(333)) - HTTP server of hddsDatanode listening at http://0.0.0.0:45345
2022-09-28 09:54:03,401 [Listener at 127.0.0.1/33915] WARN  impl.MetricRegistriesImpl (MetricRegistriesImpl.java:addReporterRegistration(111)) - New reporters are added after registries were created. Some metrics will be missing from the reporter. Please add reporter before adding any new registry.
2022-09-28 09:54:03,401 [Listener at 127.0.0.1/33915] WARN  impl.MetricRegistriesImpl (MetricRegistriesImpl.java:addReporterRegistration(111)) - New reporters are added after registries were created. Some metrics will be missing from the reporter. Please add reporter before adding any new registry.
2022-09-28 09:54:03,401 [Listener at 127.0.0.1/33915] INFO  impl.MetricsSystemImpl (MetricsSystemImpl.java:init(158)) - HddsDatanode metrics system started (again)
2022-09-28 09:54:03,408 [Datanode State Machine Daemon Thread] INFO  statemachine.DatanodeStateMachine (DatanodeStateMachine.java:lambda$startDaemon$0(492)) - Ozone container server started.
2022-09-28 09:54:03,412 [Listener at 127.0.0.1/33915] INFO  ozone.HddsDatanodeService (HddsDatanodeService.java:start(236)) - HddsDatanodeService host:fv-az204-790.d0ggoinxmwcejgojbuqly40l0e.cx.internal.cloudapp.net ip:10.1.1.21
2022-09-28 09:54:03,426 [org.apache.hadoop.util.JvmPauseMonitor$Monitor@3ee345db] INFO  util.JvmPauseMonitor (JvmPauseMonitor.java:run(188)) - Starting JVM pause monitor
2022-09-28 09:54:03,438 [Listener at 127.0.0.1/33915] INFO  upgrade.AbstractLayoutVersionManager (AbstractLayoutVersionManager.java:init(83)) - Initializing Layout version manager with metadata layout = DATANODE_SCHEMA_V3 (version = 4), software layout = DATANODE_SCHEMA_V3 (version = 4)
2022-09-28 09:54:03,439 [Datanode State Machine Task Thread - 0] INFO  datanode.InitDatanodeState (InitDatanodeState.java:persistContainerDatanodeDetails(138)) - DatanodeDetails is persisted to /home/runner/work/ozone/ozone/hadoop-ozone/integration-test/target/test-dir/MiniOzoneClusterImpl-f38c25ab-2440-4177-af3f-c722ecf984ff/datanode-1/meta/datanode.id
2022-09-28 09:54:03,483 [Listener at 127.0.0.1/33915] INFO  reflections.Reflections (Reflections.java:scan(232)) - Reflections took 44 ms to scan 7 urls, producing 135 keys and 327 values 
2022-09-28 09:54:03,484 [Listener at 127.0.0.1/33915] INFO  statemachine.DatanodeStateMachine (DatanodeStateMachine.java:getEndPointTaskThreadPoolSize(237)) - Datanode State Machine Task Thread Pool size 2
2022-09-28 09:54:03,486 [Listener at 127.0.0.1/33915] INFO  volume.HddsVolume (HddsVolume.java:<init>(117)) - Creating HddsVolume: /home/runner/work/ozone/ozone/hadoop-ozone/integration-test/target/test-dir/MiniOzoneClusterImpl-f38c25ab-2440-4177-af3f-c722ecf984ff/datanode-2/data-0/containers/hdds of storage type : DISK capacity : 9223372036854775807
2022-09-28 09:54:03,486 [Listener at 127.0.0.1/33915] INFO  volume.MutableVolumeSet (MutableVolumeSet.java:initializeVolumeSet(174)) - Added Volume : /home/runner/work/ozone/ozone/hadoop-ozone/integration-test/target/test-dir/MiniOzoneClusterImpl-f38c25ab-2440-4177-af3f-c722ecf984ff/datanode-2/data-0/containers/hdds to VolumeSet
2022-09-28 09:54:03,487 [Listener at 127.0.0.1/33915] INFO  volume.ThrottledAsyncChecker (ThrottledAsyncChecker.java:schedule(141)) - Scheduling a check for /home/runner/work/ozone/ozone/hadoop-ozone/integration-test/target/test-dir/MiniOzoneClusterImpl-f38c25ab-2440-4177-af3f-c722ecf984ff/datanode-2/data-0/containers/hdds
2022-09-28 09:54:03,492 [Listener at 127.0.0.1/33915] INFO  volume.StorageVolumeChecker (StorageVolumeChecker.java:checkAllVolumes(202)) - Scheduled health check for volume /home/runner/work/ozone/ozone/hadoop-ozone/integration-test/target/test-dir/MiniOzoneClusterImpl-f38c25ab-2440-4177-af3f-c722ecf984ff/datanode-2/data-0/containers/hdds
2022-09-28 09:54:03,503 [Listener at 127.0.0.1/33915] INFO  volume.MutableVolumeSet (MutableVolumeSet.java:initializeVolumeSet(174)) - Added Volume : /home/runner/work/ozone/ozone/hadoop-ozone/integration-test/target/test-dir/MiniOzoneClusterImpl-f38c25ab-2440-4177-af3f-c722ecf984ff/datanode-2/data/ratis to VolumeSet
2022-09-28 09:54:03,503 [Listener at 127.0.0.1/33915] INFO  volume.ThrottledAsyncChecker (ThrottledAsyncChecker.java:schedule(141)) - Scheduling a check for /home/runner/work/ozone/ozone/hadoop-ozone/integration-test/target/test-dir/MiniOzoneClusterImpl-f38c25ab-2440-4177-af3f-c722ecf984ff/datanode-2/data/ratis
2022-09-28 09:54:03,504 [Listener at 127.0.0.1/33915] INFO  volume.StorageVolumeChecker (StorageVolumeChecker.java:checkAllVolumes(202)) - Scheduled health check for volume /home/runner/work/ozone/ozone/hadoop-ozone/integration-test/target/test-dir/MiniOzoneClusterImpl-f38c25ab-2440-4177-af3f-c722ecf984ff/datanode-2/data/ratis
2022-09-28 09:54:03,513 [Thread-164] INFO  ozoneimpl.ContainerReader (ContainerReader.java:readVolume(175)) - Finish verifying containers on volume /home/runner/work/ozone/ozone/hadoop-ozone/integration-test/target/test-dir/MiniOzoneClusterImpl-f38c25ab-2440-4177-af3f-c722ecf984ff/datanode-2/data-0/containers/hdds
2022-09-28 09:54:03,514 [Listener at 127.0.0.1/33915] INFO  ozoneimpl.OzoneContainer (OzoneContainer.java:buildContainerSet(300)) - Build ContainerSet costs 0s
2022-09-28 09:54:03,516 [Listener at 127.0.0.1/33915] INFO  server.RaftServer (ConfUtils.java:logGet(46)) - raft.rpc.type = GRPC (default)
2022-09-28 09:54:03,516 [Listener at 127.0.0.1/33915] INFO  grpc.GrpcFactory (GrpcFactory.java:checkPooledByteBufAllocatorUseCacheForAllThreads(48)) - PERFORMANCE WARNING: useCacheForAllThreads is true that may cause Netty to create a lot garbage objects and, as a result, trigger GC.
	It is recommended to disable useCacheForAllThreads by setting -Dorg.apache.ratis.thirdparty.io.netty.allocator.useCacheForAllThreads=false in command line.
2022-09-28 09:54:03,517 [Listener at 127.0.0.1/33915] INFO  grpc.GrpcConfigKeys (ConfUtils.java:logGet(46)) - raft.grpc.admin.port = 0 (custom)
2022-09-28 09:54:03,517 [Listener at 127.0.0.1/33915] INFO  grpc.GrpcConfigKeys (ConfUtils.java:logGet(46)) - raft.grpc.client.port = 0 (custom)
2022-09-28 09:54:03,517 [Listener at 127.0.0.1/33915] INFO  grpc.GrpcConfigKeys (ConfUtils.java:logGet(46)) - raft.grpc.server.port = 0 (default)
2022-09-28 09:54:03,517 [Listener at 127.0.0.1/33915] INFO  server.GrpcService (ConfUtils.java:logGet(46)) - raft.grpc.message.size.max = 32MB (=33554432) (custom)
2022-09-28 09:54:03,517 [Listener at 127.0.0.1/33915] INFO  server.RaftServerConfigKeys (ConfUtils.java:logGet(46)) - raft.server.log.appender.buffer.byte-limit = 33554432 (custom)
2022-09-28 09:54:03,517 [Listener at 127.0.0.1/33915] INFO  server.GrpcService (ConfUtils.java:logGet(46)) - raft.grpc.flow.control.window = 5MB (=5242880) (custom)
2022-09-28 09:54:03,517 [Listener at 127.0.0.1/33915] INFO  server.RaftServerConfigKeys (ConfUtils.java:logGet(46)) - raft.server.rpc.request.timeout = 60s (custom)
2022-09-28 09:54:03,517 [Listener at 127.0.0.1/33915] INFO  grpc.GrpcConfigKeys (ConfUtils.java:logGet(46)) - raft.grpc.server.async.request.thread.pool.cached = true (default)
2022-09-28 09:54:03,517 [Listener at 127.0.0.1/33915] INFO  grpc.GrpcConfigKeys (ConfUtils.java:logGet(46)) - raft.grpc.server.async.request.thread.pool.size = 32 (default)
2022-09-28 09:54:03,518 [Listener at 127.0.0.1/33915] INFO  impl.DataStreamServerImpl (ConfUtils.java:logGet(46)) - raft.datastream.type = DISABLED (default)
2022-09-28 09:54:03,519 [Listener at 127.0.0.1/33915] INFO  server.RaftServerConfigKeys (ConfUtils.java:logGet(46)) - raft.server.threadpool.proxy.cached = true (default)
2022-09-28 09:54:03,519 [Listener at 127.0.0.1/33915] INFO  server.RaftServerConfigKeys (ConfUtils.java:logGet(46)) - raft.server.threadpool.proxy.size = 0 (default)
2022-09-28 09:54:03,519 [Listener at 127.0.0.1/33915] INFO  server.RaftServerConfigKeys (ConfUtils.java:logGet(46)) - raft.server.rpc.slowness.timeout = 300s (custom)
2022-09-28 09:54:03,519 [Listener at 127.0.0.1/33915] INFO  server.RaftServerConfigKeys (ConfUtils.java:logGet(46)) - raft.server.leaderelection.leader.step-down.wait-time = 10s (default)
2022-09-28 09:54:03,519 [Listener at 127.0.0.1/33915] INFO  server.RaftServerConfigKeys (ConfUtils.java:logGet(46)) - raft.server.storage.dir = [/home/runner/work/ozone/ozone/hadoop-ozone/integration-test/target/test-dir/MiniOzoneClusterImpl-f38c25ab-2440-4177-af3f-c722ecf984ff/datanode-2/data/ratis] (custom)
2022-09-28 09:54:03,523 [Listener at 127.0.0.1/33915] INFO  server.XceiverServerGrpc (XceiverServerGrpc.java:<init>(132)) - GrpcServer channel type EpollServerSocketChannel
2022-09-28 09:54:03,527 [Listener at 127.0.0.1/33915] INFO  http.BaseHttpServer (BaseHttpServer.java:newHttpServer2BuilderForOzone(213)) - Starting Web-server for hddsDatanode at: http://0.0.0.0:0
2022-09-28 09:54:03,527 [Listener at 127.0.0.1/33915] INFO  http.BaseHttpServer (BaseHttpServer.java:<init>(108)) - Hadoop Security Enabled: false Ozone Security Enabled: false Ozone HTTP Security Enabled: false 
2022-09-28 09:54:03,533 [Listener at 127.0.0.1/33915] INFO  server.AuthenticationFilter (AuthenticationFilter.java:constructSecretProvider(240)) - Unable to initialize FileSignerSecretProvider, falling back to use random secrets.
2022-09-28 09:54:03,533 [Listener at 127.0.0.1/33915] WARN  http.HttpRequestLog (HttpRequestLog.java:getRequestLog(103)) - Jetty request log can only be enabled using Log4j
2022-09-28 09:54:03,534 [Listener at 127.0.0.1/33915] INFO  http.HttpServer2 (HttpServer2.java:addGlobalFilter(1029)) - Added global filter 'safety' (class=org.apache.hadoop.hdds.server.http.HttpServer2$QuotingInputFilter)
2022-09-28 09:54:03,535 [Listener at 127.0.0.1/33915] INFO  http.HttpServer2 (HttpServer2.java:addFilter(1005)) - Added filter static_user_filter (class=org.apache.hadoop.http.lib.StaticUserWebFilter$StaticUserFilter) to context hddsDatanode
2022-09-28 09:54:03,535 [Listener at 127.0.0.1/33915] INFO  http.HttpServer2 (HttpServer2.java:addFilter(1013)) - Added filter static_user_filter (class=org.apache.hadoop.http.lib.StaticUserWebFilter$StaticUserFilter) to context logs
2022-09-28 09:54:03,535 [Listener at 127.0.0.1/33915] INFO  http.HttpServer2 (HttpServer2.java:addFilter(1013)) - Added filter static_user_filter (class=org.apache.hadoop.http.lib.StaticUserWebFilter$StaticUserFilter) to context static
2022-09-28 09:54:03,536 [Listener at 127.0.0.1/33915] INFO  http.HttpServer2 (HttpServer2.java:bindListener(1248)) - Jetty bound to port 39049
2022-09-28 09:54:03,536 [Listener at 127.0.0.1/33915] INFO  server.Server (Server.java:doStart(375)) - jetty-9.4.43.v20210629; built: 2021-06-30T11:07:22.254Z; git: 526006ecfa3af7f1a27ef3a288e2bef7ea9dd7e8; jvm 1.8.0_345-b01
2022-09-28 09:54:03,540 [Listener at 127.0.0.1/33915] INFO  server.session (DefaultSessionIdManager.java:doStart(334)) - DefaultSessionIdManager workerName=node0
2022-09-28 09:54:03,540 [Listener at 127.0.0.1/33915] INFO  server.session (DefaultSessionIdManager.java:doStart(339)) - No SessionScavenger set, using defaults
2022-09-28 09:54:03,540 [Listener at 127.0.0.1/33915] INFO  server.session (HouseKeeper.java:startScavenging(132)) - node0 Scavenging every 660000ms
2022-09-28 09:54:03,541 [Listener at 127.0.0.1/33915] INFO  handler.ContextHandler (ContextHandler.java:doStart(915)) - Started o.e.j.s.ServletContextHandler@bfbb83b{logs,/logs,file:///home/runner/work/ozone/ozone/hadoop-ozone/integration-test/target/log,AVAILABLE}
2022-09-28 09:54:03,541 [Listener at 127.0.0.1/33915] INFO  handler.ContextHandler (ContextHandler.java:doStart(915)) - Started o.e.j.s.ServletContextHandler@56f53541{static,/static,jar:file:/home/runner/.m2/repository/org/apache/ozone/hdds-container-service/1.3.0-SNAPSHOT/hdds-container-service-1.3.0-SNAPSHOT.jar!/webapps/static,AVAILABLE}
2022-09-28 09:54:03,712 [Listener at 127.0.0.1/33915] INFO  handler.ContextHandler (ContextHandler.java:doStart(915)) - Started o.e.j.w.WebAppContext@77b7cc64{hddsDatanode,/,file:///tmp/jetty-0_0_0_0-39049-hdds-container-service-1_3_0-SNAPSHOT_jar-_-any-7414065335120357099/webapp/,AVAILABLE}{jar:file:/home/runner/.m2/repository/org/apache/ozone/hdds-container-service/1.3.0-SNAPSHOT/hdds-container-service-1.3.0-SNAPSHOT.jar!/webapps/hddsDatanode}
2022-09-28 09:54:03,713 [Listener at 127.0.0.1/33915] INFO  server.AbstractConnector (AbstractConnector.java:doStart(331)) - Started ServerConnector@338b9bbf{HTTP/1.1, (http/1.1)}{0.0.0.0:39049}
2022-09-28 09:54:03,713 [Listener at 127.0.0.1/33915] INFO  server.Server (Server.java:doStart(415)) - Started @8289ms
2022-09-28 09:54:03,713 [Listener at 127.0.0.1/33915] WARN  impl.MetricsSystemImpl (MetricsSystemImpl.java:register(279)) - Sink prometheus already exists!
2022-09-28 09:54:03,716 [Listener at 127.0.0.1/33915] INFO  http.BaseHttpServer (BaseHttpServer.java:updateConnectorAddress(333)) - HTTP server of hddsDatanode listening at http://0.0.0.0:39049
2022-09-28 09:54:03,717 [Listener at 127.0.0.1/33915] WARN  impl.MetricRegistriesImpl (MetricRegistriesImpl.java:addReporterRegistration(111)) - New reporters are added after registries were created. Some metrics will be missing from the reporter. Please add reporter before adding any new registry.
2022-09-28 09:54:03,717 [Listener at 127.0.0.1/33915] WARN  impl.MetricRegistriesImpl (MetricRegistriesImpl.java:addReporterRegistration(111)) - New reporters are added after registries were created. Some metrics will be missing from the reporter. Please add reporter before adding any new registry.
2022-09-28 09:54:03,717 [Listener at 127.0.0.1/33915] INFO  impl.MetricsSystemImpl (MetricsSystemImpl.java:init(158)) - HddsDatanode metrics system started (again)
2022-09-28 09:54:03,718 [Datanode State Machine Daemon Thread] INFO  statemachine.DatanodeStateMachine (DatanodeStateMachine.java:lambda$startDaemon$0(492)) - Ozone container server started.
2022-09-28 09:54:03,724 [org.apache.hadoop.util.JvmPauseMonitor$Monitor@71d8a509] INFO  util.JvmPauseMonitor (JvmPauseMonitor.java:run(188)) - Starting JVM pause monitor
2022-09-28 09:54:03,726 [Datanode State Machine Task Thread - 0] INFO  datanode.InitDatanodeState (InitDatanodeState.java:persistContainerDatanodeDetails(138)) - DatanodeDetails is persisted to /home/runner/work/ozone/ozone/hadoop-ozone/integration-test/target/test-dir/MiniOzoneClusterImpl-f38c25ab-2440-4177-af3f-c722ecf984ff/datanode-2/meta/datanode.id
2022-09-28 09:54:03,752 [Listener at 127.0.0.1/33915] INFO  ozone.HddsDatanodeService (HddsDatanodeService.java:start(236)) - HddsDatanodeService host:fv-az204-790.d0ggoinxmwcejgojbuqly40l0e.cx.internal.cloudapp.net ip:10.1.1.21
2022-09-28 09:54:03,766 [Listener at 127.0.0.1/33915] INFO  upgrade.AbstractLayoutVersionManager (AbstractLayoutVersionManager.java:init(83)) - Initializing Layout version manager with metadata layout = DATANODE_SCHEMA_V3 (version = 4), software layout = DATANODE_SCHEMA_V3 (version = 4)
2022-09-28 09:54:03,809 [Listener at 127.0.0.1/33915] INFO  reflections.Reflections (Reflections.java:scan(232)) - Reflections took 42 ms to scan 7 urls, producing 135 keys and 327 values 
2022-09-28 09:54:03,810 [Listener at 127.0.0.1/33915] INFO  statemachine.DatanodeStateMachine (DatanodeStateMachine.java:getEndPointTaskThreadPoolSize(237)) - Datanode State Machine Task Thread Pool size 2
2022-09-28 09:54:03,813 [Listener at 127.0.0.1/33915] INFO  volume.HddsVolume (HddsVolume.java:<init>(117)) - Creating HddsVolume: /home/runner/work/ozone/ozone/hadoop-ozone/integration-test/target/test-dir/MiniOzoneClusterImpl-f38c25ab-2440-4177-af3f-c722ecf984ff/datanode-3/data-0/containers/hdds of storage type : DISK capacity : 9223372036854775807
2022-09-28 09:54:03,814 [Listener at 127.0.0.1/33915] INFO  volume.MutableVolumeSet (MutableVolumeSet.java:initializeVolumeSet(174)) - Added Volume : /home/runner/work/ozone/ozone/hadoop-ozone/integration-test/target/test-dir/MiniOzoneClusterImpl-f38c25ab-2440-4177-af3f-c722ecf984ff/datanode-3/data-0/containers/hdds to VolumeSet
2022-09-28 09:54:03,814 [Listener at 127.0.0.1/33915] INFO  volume.ThrottledAsyncChecker (ThrottledAsyncChecker.java:schedule(141)) - Scheduling a check for /home/runner/work/ozone/ozone/hadoop-ozone/integration-test/target/test-dir/MiniOzoneClusterImpl-f38c25ab-2440-4177-af3f-c722ecf984ff/datanode-3/data-0/containers/hdds
2022-09-28 09:54:03,817 [Listener at 127.0.0.1/33915] INFO  volume.StorageVolumeChecker (StorageVolumeChecker.java:checkAllVolumes(202)) - Scheduled health check for volume /home/runner/work/ozone/ozone/hadoop-ozone/integration-test/target/test-dir/MiniOzoneClusterImpl-f38c25ab-2440-4177-af3f-c722ecf984ff/datanode-3/data-0/containers/hdds
2022-09-28 09:54:03,829 [Listener at 127.0.0.1/33915] INFO  volume.MutableVolumeSet (MutableVolumeSet.java:initializeVolumeSet(174)) - Added Volume : /home/runner/work/ozone/ozone/hadoop-ozone/integration-test/target/test-dir/MiniOzoneClusterImpl-f38c25ab-2440-4177-af3f-c722ecf984ff/datanode-3/data/ratis to VolumeSet
2022-09-28 09:54:03,829 [Listener at 127.0.0.1/33915] INFO  volume.ThrottledAsyncChecker (ThrottledAsyncChecker.java:schedule(141)) - Scheduling a check for /home/runner/work/ozone/ozone/hadoop-ozone/integration-test/target/test-dir/MiniOzoneClusterImpl-f38c25ab-2440-4177-af3f-c722ecf984ff/datanode-3/data/ratis
2022-09-28 09:54:03,829 [Listener at 127.0.0.1/33915] INFO  volume.StorageVolumeChecker (StorageVolumeChecker.java:checkAllVolumes(202)) - Scheduled health check for volume /home/runner/work/ozone/ozone/hadoop-ozone/integration-test/target/test-dir/MiniOzoneClusterImpl-f38c25ab-2440-4177-af3f-c722ecf984ff/datanode-3/data/ratis
2022-09-28 09:54:03,839 [Thread-177] INFO  ozoneimpl.ContainerReader (ContainerReader.java:readVolume(175)) - Finish verifying containers on volume /home/runner/work/ozone/ozone/hadoop-ozone/integration-test/target/test-dir/MiniOzoneClusterImpl-f38c25ab-2440-4177-af3f-c722ecf984ff/datanode-3/data-0/containers/hdds
2022-09-28 09:54:03,839 [Listener at 127.0.0.1/33915] INFO  ozoneimpl.OzoneContainer (OzoneContainer.java:buildContainerSet(300)) - Build ContainerSet costs 0s
2022-09-28 09:54:03,842 [Listener at 127.0.0.1/33915] INFO  server.RaftServer (ConfUtils.java:logGet(46)) - raft.rpc.type = GRPC (default)
2022-09-28 09:54:03,842 [Listener at 127.0.0.1/33915] INFO  grpc.GrpcFactory (GrpcFactory.java:checkPooledByteBufAllocatorUseCacheForAllThreads(48)) - PERFORMANCE WARNING: useCacheForAllThreads is true that may cause Netty to create a lot garbage objects and, as a result, trigger GC.
	It is recommended to disable useCacheForAllThreads by setting -Dorg.apache.ratis.thirdparty.io.netty.allocator.useCacheForAllThreads=false in command line.
2022-09-28 09:54:03,842 [Listener at 127.0.0.1/33915] INFO  grpc.GrpcConfigKeys (ConfUtils.java:logGet(46)) - raft.grpc.admin.port = 0 (custom)
2022-09-28 09:54:03,842 [Listener at 127.0.0.1/33915] INFO  grpc.GrpcConfigKeys (ConfUtils.java:logGet(46)) - raft.grpc.client.port = 0 (custom)
2022-09-28 09:54:03,842 [Listener at 127.0.0.1/33915] INFO  grpc.GrpcConfigKeys (ConfUtils.java:logGet(46)) - raft.grpc.server.port = 0 (default)
2022-09-28 09:54:03,842 [Listener at 127.0.0.1/33915] INFO  server.GrpcService (ConfUtils.java:logGet(46)) - raft.grpc.message.size.max = 32MB (=33554432) (custom)
2022-09-28 09:54:03,842 [Listener at 127.0.0.1/33915] INFO  server.RaftServerConfigKeys (ConfUtils.java:logGet(46)) - raft.server.log.appender.buffer.byte-limit = 33554432 (custom)
2022-09-28 09:54:03,843 [Listener at 127.0.0.1/33915] INFO  server.GrpcService (ConfUtils.java:logGet(46)) - raft.grpc.flow.control.window = 5MB (=5242880) (custom)
2022-09-28 09:54:03,843 [Listener at 127.0.0.1/33915] INFO  server.RaftServerConfigKeys (ConfUtils.java:logGet(46)) - raft.server.rpc.request.timeout = 60s (custom)
2022-09-28 09:54:03,843 [Listener at 127.0.0.1/33915] INFO  grpc.GrpcConfigKeys (ConfUtils.java:logGet(46)) - raft.grpc.server.async.request.thread.pool.cached = true (default)
2022-09-28 09:54:03,843 [Listener at 127.0.0.1/33915] INFO  grpc.GrpcConfigKeys (ConfUtils.java:logGet(46)) - raft.grpc.server.async.request.thread.pool.size = 32 (default)
2022-09-28 09:54:03,844 [Listener at 127.0.0.1/33915] INFO  impl.DataStreamServerImpl (ConfUtils.java:logGet(46)) - raft.datastream.type = DISABLED (default)
2022-09-28 09:54:03,844 [Listener at 127.0.0.1/33915] INFO  server.RaftServerConfigKeys (ConfUtils.java:logGet(46)) - raft.server.threadpool.proxy.cached = true (default)
2022-09-28 09:54:03,844 [Listener at 127.0.0.1/33915] INFO  server.RaftServerConfigKeys (ConfUtils.java:logGet(46)) - raft.server.threadpool.proxy.size = 0 (default)
2022-09-28 09:54:03,844 [Listener at 127.0.0.1/33915] INFO  server.RaftServerConfigKeys (ConfUtils.java:logGet(46)) - raft.server.rpc.slowness.timeout = 300s (custom)
2022-09-28 09:54:03,844 [Listener at 127.0.0.1/33915] INFO  server.RaftServerConfigKeys (ConfUtils.java:logGet(46)) - raft.server.leaderelection.leader.step-down.wait-time = 10s (default)
2022-09-28 09:54:03,844 [Listener at 127.0.0.1/33915] INFO  server.RaftServerConfigKeys (ConfUtils.java:logGet(46)) - raft.server.storage.dir = [/home/runner/work/ozone/ozone/hadoop-ozone/integration-test/target/test-dir/MiniOzoneClusterImpl-f38c25ab-2440-4177-af3f-c722ecf984ff/datanode-3/data/ratis] (custom)
2022-09-28 09:54:03,846 [Listener at 127.0.0.1/33915] INFO  server.XceiverServerGrpc (XceiverServerGrpc.java:<init>(132)) - GrpcServer channel type EpollServerSocketChannel
2022-09-28 09:54:03,849 [Listener at 127.0.0.1/33915] INFO  http.BaseHttpServer (BaseHttpServer.java:newHttpServer2BuilderForOzone(213)) - Starting Web-server for hddsDatanode at: http://0.0.0.0:0
2022-09-28 09:54:03,849 [Listener at 127.0.0.1/33915] INFO  http.BaseHttpServer (BaseHttpServer.java:<init>(108)) - Hadoop Security Enabled: false Ozone Security Enabled: false Ozone HTTP Security Enabled: false 
2022-09-28 09:54:03,850 [Listener at 127.0.0.1/33915] INFO  server.AuthenticationFilter (AuthenticationFilter.java:constructSecretProvider(240)) - Unable to initialize FileSignerSecretProvider, falling back to use random secrets.
2022-09-28 09:54:03,850 [Listener at 127.0.0.1/33915] WARN  http.HttpRequestLog (HttpRequestLog.java:getRequestLog(103)) - Jetty request log can only be enabled using Log4j
2022-09-28 09:54:03,851 [Listener at 127.0.0.1/33915] INFO  http.HttpServer2 (HttpServer2.java:addGlobalFilter(1029)) - Added global filter 'safety' (class=org.apache.hadoop.hdds.server.http.HttpServer2$QuotingInputFilter)
2022-09-28 09:54:03,852 [Listener at 127.0.0.1/33915] INFO  http.HttpServer2 (HttpServer2.java:addFilter(1005)) - Added filter static_user_filter (class=org.apache.hadoop.http.lib.StaticUserWebFilter$StaticUserFilter) to context hddsDatanode
2022-09-28 09:54:03,852 [Listener at 127.0.0.1/33915] INFO  http.HttpServer2 (HttpServer2.java:addFilter(1013)) - Added filter static_user_filter (class=org.apache.hadoop.http.lib.StaticUserWebFilter$StaticUserFilter) to context logs
2022-09-28 09:54:03,852 [Listener at 127.0.0.1/33915] INFO  http.HttpServer2 (HttpServer2.java:addFilter(1013)) - Added filter static_user_filter (class=org.apache.hadoop.http.lib.StaticUserWebFilter$StaticUserFilter) to context static
2022-09-28 09:54:03,853 [Listener at 127.0.0.1/33915] INFO  http.HttpServer2 (HttpServer2.java:bindListener(1248)) - Jetty bound to port 39783
2022-09-28 09:54:03,853 [Listener at 127.0.0.1/33915] INFO  server.Server (Server.java:doStart(375)) - jetty-9.4.43.v20210629; built: 2021-06-30T11:07:22.254Z; git: 526006ecfa3af7f1a27ef3a288e2bef7ea9dd7e8; jvm 1.8.0_345-b01
2022-09-28 09:54:03,856 [Listener at 127.0.0.1/33915] INFO  server.session (DefaultSessionIdManager.java:doStart(334)) - DefaultSessionIdManager workerName=node0
2022-09-28 09:54:03,856 [Listener at 127.0.0.1/33915] INFO  server.session (DefaultSessionIdManager.java:doStart(339)) - No SessionScavenger set, using defaults
2022-09-28 09:54:03,856 [Listener at 127.0.0.1/33915] INFO  server.session (HouseKeeper.java:startScavenging(132)) - node0 Scavenging every 660000ms
2022-09-28 09:54:03,857 [Listener at 127.0.0.1/33915] INFO  handler.ContextHandler (ContextHandler.java:doStart(915)) - Started o.e.j.s.ServletContextHandler@70573f5f{logs,/logs,file:///home/runner/work/ozone/ozone/hadoop-ozone/integration-test/target/log,AVAILABLE}
2022-09-28 09:54:03,857 [Listener at 127.0.0.1/33915] INFO  handler.ContextHandler (ContextHandler.java:doStart(915)) - Started o.e.j.s.ServletContextHandler@23b31c6c{static,/static,jar:file:/home/runner/.m2/repository/org/apache/ozone/hdds-container-service/1.3.0-SNAPSHOT/hdds-container-service-1.3.0-SNAPSHOT.jar!/webapps/static,AVAILABLE}
2022-09-28 09:54:04,027 [Listener at 127.0.0.1/33915] INFO  handler.ContextHandler (ContextHandler.java:doStart(915)) - Started o.e.j.w.WebAppContext@587f24d8{hddsDatanode,/,file:///tmp/jetty-0_0_0_0-39783-hdds-container-service-1_3_0-SNAPSHOT_jar-_-any-2052898385374145578/webapp/,AVAILABLE}{jar:file:/home/runner/.m2/repository/org/apache/ozone/hdds-container-service/1.3.0-SNAPSHOT/hdds-container-service-1.3.0-SNAPSHOT.jar!/webapps/hddsDatanode}
2022-09-28 09:54:04,028 [Listener at 127.0.0.1/33915] INFO  server.AbstractConnector (AbstractConnector.java:doStart(331)) - Started ServerConnector@45eb6b7d{HTTP/1.1, (http/1.1)}{0.0.0.0:39783}
2022-09-28 09:54:04,028 [Listener at 127.0.0.1/33915] INFO  server.Server (Server.java:doStart(415)) - Started @8604ms
2022-09-28 09:54:04,028 [Listener at 127.0.0.1/33915] WARN  impl.MetricsSystemImpl (MetricsSystemImpl.java:register(279)) - Sink prometheus already exists!
2022-09-28 09:54:04,030 [Listener at 127.0.0.1/33915] INFO  http.BaseHttpServer (BaseHttpServer.java:updateConnectorAddress(333)) - HTTP server of hddsDatanode listening at http://0.0.0.0:39783
2022-09-28 09:54:04,030 [Datanode State Machine Daemon Thread] INFO  statemachine.DatanodeStateMachine (DatanodeStateMachine.java:lambda$startDaemon$0(492)) - Ozone container server started.
2022-09-28 09:54:04,031 [Listener at 127.0.0.1/33915] WARN  impl.MetricRegistriesImpl (MetricRegistriesImpl.java:addReporterRegistration(111)) - New reporters are added after registries were created. Some metrics will be missing from the reporter. Please add reporter before adding any new registry.
2022-09-28 09:54:04,031 [Listener at 127.0.0.1/33915] WARN  impl.MetricRegistriesImpl (MetricRegistriesImpl.java:addReporterRegistration(111)) - New reporters are added after registries were created. Some metrics will be missing from the reporter. Please add reporter before adding any new registry.
2022-09-28 09:54:04,031 [Listener at 127.0.0.1/33915] INFO  impl.MetricsSystemImpl (MetricsSystemImpl.java:init(158)) - HddsDatanode metrics system started (again)
2022-09-28 09:54:04,059 [Datanode State Machine Task Thread - 0] INFO  datanode.InitDatanodeState (InitDatanodeState.java:persistContainerDatanodeDetails(138)) - DatanodeDetails is persisted to /home/runner/work/ozone/ozone/hadoop-ozone/integration-test/target/test-dir/MiniOzoneClusterImpl-f38c25ab-2440-4177-af3f-c722ecf984ff/datanode-3/meta/datanode.id
2022-09-28 09:54:04,063 [Listener at 127.0.0.1/33915] INFO  ozone.HddsDatanodeService (HddsDatanodeService.java:start(236)) - HddsDatanodeService host:fv-az204-790.d0ggoinxmwcejgojbuqly40l0e.cx.internal.cloudapp.net ip:10.1.1.21
2022-09-28 09:54:04,063 [org.apache.hadoop.util.JvmPauseMonitor$Monitor@2fec0f48] INFO  util.JvmPauseMonitor (JvmPauseMonitor.java:run(188)) - Starting JVM pause monitor
2022-09-28 09:54:04,084 [Listener at 127.0.0.1/33915] INFO  upgrade.AbstractLayoutVersionManager (AbstractLayoutVersionManager.java:init(83)) - Initializing Layout version manager with metadata layout = DATANODE_SCHEMA_V3 (version = 4), software layout = DATANODE_SCHEMA_V3 (version = 4)
2022-09-28 09:54:04,127 [Listener at 127.0.0.1/33915] INFO  reflections.Reflections (Reflections.java:scan(232)) - Reflections took 42 ms to scan 7 urls, producing 135 keys and 327 values 
2022-09-28 09:54:04,128 [Listener at 127.0.0.1/33915] INFO  statemachine.DatanodeStateMachine (DatanodeStateMachine.java:getEndPointTaskThreadPoolSize(237)) - Datanode State Machine Task Thread Pool size 2
2022-09-28 09:54:04,130 [Listener at 127.0.0.1/33915] INFO  volume.HddsVolume (HddsVolume.java:<init>(117)) - Creating HddsVolume: /home/runner/work/ozone/ozone/hadoop-ozone/integration-test/target/test-dir/MiniOzoneClusterImpl-f38c25ab-2440-4177-af3f-c722ecf984ff/datanode-4/data-0/containers/hdds of storage type : DISK capacity : 9223372036854775807
2022-09-28 09:54:04,130 [Listener at 127.0.0.1/33915] INFO  volume.MutableVolumeSet (MutableVolumeSet.java:initializeVolumeSet(174)) - Added Volume : /home/runner/work/ozone/ozone/hadoop-ozone/integration-test/target/test-dir/MiniOzoneClusterImpl-f38c25ab-2440-4177-af3f-c722ecf984ff/datanode-4/data-0/containers/hdds to VolumeSet
2022-09-28 09:54:04,130 [Listener at 127.0.0.1/33915] INFO  volume.ThrottledAsyncChecker (ThrottledAsyncChecker.java:schedule(141)) - Scheduling a check for /home/runner/work/ozone/ozone/hadoop-ozone/integration-test/target/test-dir/MiniOzoneClusterImpl-f38c25ab-2440-4177-af3f-c722ecf984ff/datanode-4/data-0/containers/hdds
2022-09-28 09:54:04,136 [Listener at 127.0.0.1/33915] INFO  volume.StorageVolumeChecker (StorageVolumeChecker.java:checkAllVolumes(202)) - Scheduled health check for volume /home/runner/work/ozone/ozone/hadoop-ozone/integration-test/target/test-dir/MiniOzoneClusterImpl-f38c25ab-2440-4177-af3f-c722ecf984ff/datanode-4/data-0/containers/hdds
2022-09-28 09:54:04,147 [Listener at 127.0.0.1/33915] INFO  volume.MutableVolumeSet (MutableVolumeSet.java:initializeVolumeSet(174)) - Added Volume : /home/runner/work/ozone/ozone/hadoop-ozone/integration-test/target/test-dir/MiniOzoneClusterImpl-f38c25ab-2440-4177-af3f-c722ecf984ff/datanode-4/data/ratis to VolumeSet
2022-09-28 09:54:04,147 [Listener at 127.0.0.1/33915] INFO  volume.ThrottledAsyncChecker (ThrottledAsyncChecker.java:schedule(141)) - Scheduling a check for /home/runner/work/ozone/ozone/hadoop-ozone/integration-test/target/test-dir/MiniOzoneClusterImpl-f38c25ab-2440-4177-af3f-c722ecf984ff/datanode-4/data/ratis
2022-09-28 09:54:04,147 [Listener at 127.0.0.1/33915] INFO  volume.StorageVolumeChecker (StorageVolumeChecker.java:checkAllVolumes(202)) - Scheduled health check for volume /home/runner/work/ozone/ozone/hadoop-ozone/integration-test/target/test-dir/MiniOzoneClusterImpl-f38c25ab-2440-4177-af3f-c722ecf984ff/datanode-4/data/ratis
2022-09-28 09:54:04,157 [Thread-190] INFO  ozoneimpl.ContainerReader (ContainerReader.java:readVolume(175)) - Finish verifying containers on volume /home/runner/work/ozone/ozone/hadoop-ozone/integration-test/target/test-dir/MiniOzoneClusterImpl-f38c25ab-2440-4177-af3f-c722ecf984ff/datanode-4/data-0/containers/hdds
2022-09-28 09:54:04,157 [Listener at 127.0.0.1/33915] INFO  ozoneimpl.OzoneContainer (OzoneContainer.java:buildContainerSet(300)) - Build ContainerSet costs 0s
2022-09-28 09:54:04,159 [Listener at 127.0.0.1/33915] INFO  server.RaftServer (ConfUtils.java:logGet(46)) - raft.rpc.type = GRPC (default)
2022-09-28 09:54:04,159 [Listener at 127.0.0.1/33915] INFO  grpc.GrpcFactory (GrpcFactory.java:checkPooledByteBufAllocatorUseCacheForAllThreads(48)) - PERFORMANCE WARNING: useCacheForAllThreads is true that may cause Netty to create a lot garbage objects and, as a result, trigger GC.
	It is recommended to disable useCacheForAllThreads by setting -Dorg.apache.ratis.thirdparty.io.netty.allocator.useCacheForAllThreads=false in command line.
2022-09-28 09:54:04,160 [Listener at 127.0.0.1/33915] INFO  grpc.GrpcConfigKeys (ConfUtils.java:logGet(46)) - raft.grpc.admin.port = 0 (custom)
2022-09-28 09:54:04,160 [Listener at 127.0.0.1/33915] INFO  grpc.GrpcConfigKeys (ConfUtils.java:logGet(46)) - raft.grpc.client.port = 0 (custom)
2022-09-28 09:54:04,160 [Listener at 127.0.0.1/33915] INFO  grpc.GrpcConfigKeys (ConfUtils.java:logGet(46)) - raft.grpc.server.port = 0 (default)
2022-09-28 09:54:04,160 [Listener at 127.0.0.1/33915] INFO  server.GrpcService (ConfUtils.java:logGet(46)) - raft.grpc.message.size.max = 32MB (=33554432) (custom)
2022-09-28 09:54:04,160 [Listener at 127.0.0.1/33915] INFO  server.RaftServerConfigKeys (ConfUtils.java:logGet(46)) - raft.server.log.appender.buffer.byte-limit = 33554432 (custom)
2022-09-28 09:54:04,161 [Listener at 127.0.0.1/33915] INFO  server.GrpcService (ConfUtils.java:logGet(46)) - raft.grpc.flow.control.window = 5MB (=5242880) (custom)
2022-09-28 09:54:04,161 [Listener at 127.0.0.1/33915] INFO  server.RaftServerConfigKeys (ConfUtils.java:logGet(46)) - raft.server.rpc.request.timeout = 60s (custom)
2022-09-28 09:54:04,161 [Listener at 127.0.0.1/33915] INFO  grpc.GrpcConfigKeys (ConfUtils.java:logGet(46)) - raft.grpc.server.async.request.thread.pool.cached = true (default)
2022-09-28 09:54:04,161 [Listener at 127.0.0.1/33915] INFO  grpc.GrpcConfigKeys (ConfUtils.java:logGet(46)) - raft.grpc.server.async.request.thread.pool.size = 32 (default)
2022-09-28 09:54:04,162 [Listener at 127.0.0.1/33915] INFO  impl.DataStreamServerImpl (ConfUtils.java:logGet(46)) - raft.datastream.type = DISABLED (default)
2022-09-28 09:54:04,162 [Listener at 127.0.0.1/33915] INFO  server.RaftServerConfigKeys (ConfUtils.java:logGet(46)) - raft.server.threadpool.proxy.cached = true (default)
2022-09-28 09:54:04,162 [Listener at 127.0.0.1/33915] INFO  server.RaftServerConfigKeys (ConfUtils.java:logGet(46)) - raft.server.threadpool.proxy.size = 0 (default)
2022-09-28 09:54:04,162 [Listener at 127.0.0.1/33915] INFO  server.RaftServerConfigKeys (ConfUtils.java:logGet(46)) - raft.server.rpc.slowness.timeout = 300s (custom)
2022-09-28 09:54:04,162 [Listener at 127.0.0.1/33915] INFO  server.RaftServerConfigKeys (ConfUtils.java:logGet(46)) - raft.server.leaderelection.leader.step-down.wait-time = 10s (default)
2022-09-28 09:54:04,162 [Listener at 127.0.0.1/33915] INFO  server.RaftServerConfigKeys (ConfUtils.java:logGet(46)) - raft.server.storage.dir = [/home/runner/work/ozone/ozone/hadoop-ozone/integration-test/target/test-dir/MiniOzoneClusterImpl-f38c25ab-2440-4177-af3f-c722ecf984ff/datanode-4/data/ratis] (custom)
2022-09-28 09:54:04,164 [Listener at 127.0.0.1/33915] INFO  server.XceiverServerGrpc (XceiverServerGrpc.java:<init>(132)) - GrpcServer channel type EpollServerSocketChannel
2022-09-28 09:54:04,168 [Listener at 127.0.0.1/33915] INFO  http.BaseHttpServer (BaseHttpServer.java:newHttpServer2BuilderForOzone(213)) - Starting Web-server for hddsDatanode at: http://0.0.0.0:0
2022-09-28 09:54:04,168 [Listener at 127.0.0.1/33915] INFO  http.BaseHttpServer (BaseHttpServer.java:<init>(108)) - Hadoop Security Enabled: false Ozone Security Enabled: false Ozone HTTP Security Enabled: false 
2022-09-28 09:54:04,169 [Listener at 127.0.0.1/33915] INFO  server.AuthenticationFilter (AuthenticationFilter.java:constructSecretProvider(240)) - Unable to initialize FileSignerSecretProvider, falling back to use random secrets.
2022-09-28 09:54:04,170 [Listener at 127.0.0.1/33915] WARN  http.HttpRequestLog (HttpRequestLog.java:getRequestLog(103)) - Jetty request log can only be enabled using Log4j
2022-09-28 09:54:04,172 [Listener at 127.0.0.1/33915] INFO  http.HttpServer2 (HttpServer2.java:addGlobalFilter(1029)) - Added global filter 'safety' (class=org.apache.hadoop.hdds.server.http.HttpServer2$QuotingInputFilter)
2022-09-28 09:54:04,173 [Listener at 127.0.0.1/33915] INFO  http.HttpServer2 (HttpServer2.java:addFilter(1005)) - Added filter static_user_filter (class=org.apache.hadoop.http.lib.StaticUserWebFilter$StaticUserFilter) to context hddsDatanode
2022-09-28 09:54:04,173 [Listener at 127.0.0.1/33915] INFO  http.HttpServer2 (HttpServer2.java:addFilter(1013)) - Added filter static_user_filter (class=org.apache.hadoop.http.lib.StaticUserWebFilter$StaticUserFilter) to context logs
2022-09-28 09:54:04,173 [Listener at 127.0.0.1/33915] INFO  http.HttpServer2 (HttpServer2.java:addFilter(1013)) - Added filter static_user_filter (class=org.apache.hadoop.http.lib.StaticUserWebFilter$StaticUserFilter) to context static
2022-09-28 09:54:04,174 [Listener at 127.0.0.1/33915] INFO  http.HttpServer2 (HttpServer2.java:bindListener(1248)) - Jetty bound to port 41827
2022-09-28 09:54:04,174 [Listener at 127.0.0.1/33915] INFO  server.Server (Server.java:doStart(375)) - jetty-9.4.43.v20210629; built: 2021-06-30T11:07:22.254Z; git: 526006ecfa3af7f1a27ef3a288e2bef7ea9dd7e8; jvm 1.8.0_345-b01
2022-09-28 09:54:04,175 [Listener at 127.0.0.1/33915] INFO  server.session (DefaultSessionIdManager.java:doStart(334)) - DefaultSessionIdManager workerName=node0
2022-09-28 09:54:04,175 [Listener at 127.0.0.1/33915] INFO  server.session (DefaultSessionIdManager.java:doStart(339)) - No SessionScavenger set, using defaults
2022-09-28 09:54:04,175 [Listener at 127.0.0.1/33915] INFO  server.session (HouseKeeper.java:startScavenging(132)) - node0 Scavenging every 600000ms
2022-09-28 09:54:04,176 [Listener at 127.0.0.1/33915] INFO  handler.ContextHandler (ContextHandler.java:doStart(915)) - Started o.e.j.s.ServletContextHandler@2c2cf63d{logs,/logs,file:///home/runner/work/ozone/ozone/hadoop-ozone/integration-test/target/log,AVAILABLE}
2022-09-28 09:54:04,176 [Listener at 127.0.0.1/33915] INFO  handler.ContextHandler (ContextHandler.java:doStart(915)) - Started o.e.j.s.ServletContextHandler@3eb28b54{static,/static,jar:file:/home/runner/.m2/repository/org/apache/ozone/hdds-container-service/1.3.0-SNAPSHOT/hdds-container-service-1.3.0-SNAPSHOT.jar!/webapps/static,AVAILABLE}
2022-09-28 09:54:04,347 [Listener at 127.0.0.1/33915] INFO  handler.ContextHandler (ContextHandler.java:doStart(915)) - Started o.e.j.w.WebAppContext@4c24d99d{hddsDatanode,/,file:///tmp/jetty-0_0_0_0-41827-hdds-container-service-1_3_0-SNAPSHOT_jar-_-any-5015034386893473064/webapp/,AVAILABLE}{jar:file:/home/runner/.m2/repository/org/apache/ozone/hdds-container-service/1.3.0-SNAPSHOT/hdds-container-service-1.3.0-SNAPSHOT.jar!/webapps/hddsDatanode}
2022-09-28 09:54:04,348 [Listener at 127.0.0.1/33915] INFO  server.AbstractConnector (AbstractConnector.java:doStart(331)) - Started ServerConnector@42823c{HTTP/1.1, (http/1.1)}{0.0.0.0:41827}
2022-09-28 09:54:04,348 [Listener at 127.0.0.1/33915] INFO  server.Server (Server.java:doStart(415)) - Started @8924ms
2022-09-28 09:54:04,349 [Listener at 127.0.0.1/33915] WARN  impl.MetricsSystemImpl (MetricsSystemImpl.java:register(279)) - Sink prometheus already exists!
2022-09-28 09:54:04,349 [Listener at 127.0.0.1/33915] INFO  http.BaseHttpServer (BaseHttpServer.java:updateConnectorAddress(333)) - HTTP server of hddsDatanode listening at http://0.0.0.0:41827
2022-09-28 09:54:04,349 [Datanode State Machine Daemon Thread] INFO  statemachine.DatanodeStateMachine (DatanodeStateMachine.java:lambda$startDaemon$0(492)) - Ozone container server started.
2022-09-28 09:54:04,351 [Listener at 127.0.0.1/33915] INFO  ozone.MiniOzoneClusterImpl (MiniOzoneClusterImpl.java:lambda$waitForClusterToBeReady$0(216)) - Waiting for nodes to be ready. Got 0 of 5 DN Heartbeats.
2022-09-28 09:54:04,351 [Listener at 127.0.0.1/33915] INFO  ozone.MiniOzoneClusterImpl (MiniOzoneClusterImpl.java:lambda$waitForClusterToBeReady$0(219)) - Waiting for cluster to exit safe mode
2022-09-28 09:54:04,351 [Listener at 127.0.0.1/33915] INFO  ozone.MiniOzoneClusterImpl (MiniOzoneClusterImpl.java:lambda$waitForClusterToBeReady$0(221)) - SCM became leader
2022-09-28 09:54:04,359 [org.apache.hadoop.util.JvmPauseMonitor$Monitor@49bd2fff] INFO  util.JvmPauseMonitor (JvmPauseMonitor.java:run(188)) - Starting JVM pause monitor
2022-09-28 09:54:04,361 [Datanode State Machine Task Thread - 0] INFO  datanode.InitDatanodeState (InitDatanodeState.java:persistContainerDatanodeDetails(138)) - DatanodeDetails is persisted to /home/runner/work/ozone/ozone/hadoop-ozone/integration-test/target/test-dir/MiniOzoneClusterImpl-f38c25ab-2440-4177-af3f-c722ecf984ff/datanode-4/meta/datanode.id
2022-09-28 09:54:05,013 [EndpointStateMachine task thread for /0.0.0.0:43997 - 0 ] INFO  volume.HddsVolume (HddsVolume.java:createDbStore(307)) - SchemaV3 db is created and loaded at /home/runner/work/ozone/ozone/hadoop-ozone/integration-test/target/test-dir/MiniOzoneClusterImpl-f38c25ab-2440-4177-af3f-c722ecf984ff/datanode-0/data-0/containers/hdds/f38c25ab-2440-4177-af3f-c722ecf984ff/DS-1df4dae4-217e-474e-a238-af3b6d14a691/container.db for volume DS-1df4dae4-217e-474e-a238-af3b6d14a691
2022-09-28 09:54:05,018 [EndpointStateMachine task thread for /0.0.0.0:43997 - 0 ] INFO  volume.HddsVolume (HddsVolume.java:closeDbStore(338)) - SchemaV3 db is stopped at /home/runner/work/ozone/ozone/hadoop-ozone/integration-test/target/test-dir/MiniOzoneClusterImpl-f38c25ab-2440-4177-af3f-c722ecf984ff/datanode-0/data-0/containers/hdds/f38c25ab-2440-4177-af3f-c722ecf984ff/DS-1df4dae4-217e-474e-a238-af3b6d14a691/container.db for volume DS-1df4dae4-217e-474e-a238-af3b6d14a691
2022-09-28 09:54:05,018 [EndpointStateMachine task thread for /0.0.0.0:43997 - 0 ] INFO  ozoneimpl.OzoneContainer (OzoneContainer.java:start(378)) - Attempting to start container services.
2022-09-28 09:54:05,019 [EndpointStateMachine task thread for /0.0.0.0:43997 - 0 ] INFO  ozoneimpl.OzoneContainer (OzoneContainer.java:startContainerScrub(313)) - Background container scanner has been disabled.
2022-09-28 09:54:05,021 [EndpointStateMachine task thread for /0.0.0.0:43997 - 0 ] INFO  replication.ReplicationServer (ReplicationServer.java:start(111)) - ReplicationServer is started using port 33257
2022-09-28 09:54:05,023 [EndpointStateMachine task thread for /0.0.0.0:43997 - 0 ] INFO  ratis.XceiverServerRatis (XceiverServerRatis.java:start(481)) - Starting XceiverServerRatis 2d845149-fded-4749-8bc2-118586f6e1d8
2022-09-28 09:54:05,028 [EndpointStateMachine task thread for /0.0.0.0:43997 - 0 ] INFO  server.RaftServer (RaftServerProxy.java:lambda$start$6(382)) - 2d845149-fded-4749-8bc2-118586f6e1d8: start RPC server
2022-09-28 09:54:05,032 [EndpointStateMachine task thread for /0.0.0.0:43997 - 0 ] INFO  server.GrpcService (GrpcService.java:startImpl(260)) - 2d845149-fded-4749-8bc2-118586f6e1d8: GrpcService started, listening on 44611
2022-09-28 09:54:05,033 [EndpointStateMachine task thread for /0.0.0.0:43997 - 0 ] INFO  ratis.XceiverServerRatis (XceiverServerRatis.java:getRealPort(502)) - XceiverServerRatis 2d845149-fded-4749-8bc2-118586f6e1d8 is started using port 44611 for RATIS
2022-09-28 09:54:05,033 [org.apache.ratis.util.JvmPauseMonitor$$Lambda$634/511600595@c361e97] INFO  util.JvmPauseMonitor (JvmPauseMonitor.java:run(103)) - JvmPauseMonitor-2d845149-fded-4749-8bc2-118586f6e1d8: Started
2022-09-28 09:54:05,033 [EndpointStateMachine task thread for /0.0.0.0:43997 - 0 ] INFO  ratis.XceiverServerRatis (XceiverServerRatis.java:getRealPort(502)) - XceiverServerRatis 2d845149-fded-4749-8bc2-118586f6e1d8 is started using port 44611 for RATIS_ADMIN
2022-09-28 09:54:05,033 [EndpointStateMachine task thread for /0.0.0.0:43997 - 0 ] INFO  ratis.XceiverServerRatis (XceiverServerRatis.java:getRealPort(502)) - XceiverServerRatis 2d845149-fded-4749-8bc2-118586f6e1d8 is started using port 44611 for RATIS_SERVER
2022-09-28 09:54:05,035 [EndpointStateMachine task thread for /0.0.0.0:43997 - 0 ] INFO  server.XceiverServerGrpc (XceiverServerGrpc.java:start(180)) - XceiverServerGrpc 2d845149-fded-4749-8bc2-118586f6e1d8 is started using port 42467
2022-09-28 09:54:05,352 [Listener at 127.0.0.1/33915] INFO  ozone.MiniOzoneClusterImpl (MiniOzoneClusterImpl.java:lambda$waitForClusterToBeReady$0(216)) - Waiting for nodes to be ready. Got 0 of 5 DN Heartbeats.
2022-09-28 09:54:05,352 [Listener at 127.0.0.1/33915] INFO  ozone.MiniOzoneClusterImpl (MiniOzoneClusterImpl.java:lambda$waitForClusterToBeReady$0(219)) - Waiting for cluster to exit safe mode
2022-09-28 09:54:05,352 [Listener at 127.0.0.1/33915] INFO  ozone.MiniOzoneClusterImpl (MiniOzoneClusterImpl.java:lambda$waitForClusterToBeReady$0(221)) - SCM became leader
2022-09-28 09:54:05,455 [EndpointStateMachine task thread for /0.0.0.0:43997 - 0 ] INFO  volume.HddsVolume (HddsVolume.java:createDbStore(307)) - SchemaV3 db is created and loaded at /home/runner/work/ozone/ozone/hadoop-ozone/integration-test/target/test-dir/MiniOzoneClusterImpl-f38c25ab-2440-4177-af3f-c722ecf984ff/datanode-1/data-0/containers/hdds/f38c25ab-2440-4177-af3f-c722ecf984ff/DS-b6bec036-2b27-49d2-9d43-d76043c5ea94/container.db for volume DS-b6bec036-2b27-49d2-9d43-d76043c5ea94
2022-09-28 09:54:05,456 [EndpointStateMachine task thread for /0.0.0.0:43997 - 0 ] INFO  volume.HddsVolume (HddsVolume.java:closeDbStore(338)) - SchemaV3 db is stopped at /home/runner/work/ozone/ozone/hadoop-ozone/integration-test/target/test-dir/MiniOzoneClusterImpl-f38c25ab-2440-4177-af3f-c722ecf984ff/datanode-1/data-0/containers/hdds/f38c25ab-2440-4177-af3f-c722ecf984ff/DS-b6bec036-2b27-49d2-9d43-d76043c5ea94/container.db for volume DS-b6bec036-2b27-49d2-9d43-d76043c5ea94
2022-09-28 09:54:05,456 [EndpointStateMachine task thread for /0.0.0.0:43997 - 0 ] INFO  ozoneimpl.OzoneContainer (OzoneContainer.java:start(378)) - Attempting to start container services.
2022-09-28 09:54:05,456 [EndpointStateMachine task thread for /0.0.0.0:43997 - 0 ] INFO  ozoneimpl.OzoneContainer (OzoneContainer.java:startContainerScrub(313)) - Background container scanner has been disabled.
2022-09-28 09:54:05,457 [EndpointStateMachine task thread for /0.0.0.0:43997 - 0 ] INFO  replication.ReplicationServer (ReplicationServer.java:start(111)) - ReplicationServer is started using port 36827
2022-09-28 09:54:05,458 [EndpointStateMachine task thread for /0.0.0.0:43997 - 0 ] INFO  ratis.XceiverServerRatis (XceiverServerRatis.java:start(481)) - Starting XceiverServerRatis 20e90031-3f6f-4112-85ad-1ad3a95fac96
2022-09-28 09:54:05,459 [EndpointStateMachine task thread for /0.0.0.0:43997 - 0 ] INFO  server.RaftServer (RaftServerProxy.java:lambda$start$6(382)) - 20e90031-3f6f-4112-85ad-1ad3a95fac96: start RPC server
2022-09-28 09:54:05,460 [EndpointStateMachine task thread for /0.0.0.0:43997 - 0 ] INFO  server.GrpcService (GrpcService.java:startImpl(260)) - 20e90031-3f6f-4112-85ad-1ad3a95fac96: GrpcService started, listening on 38353
2022-09-28 09:54:05,460 [EndpointStateMachine task thread for /0.0.0.0:43997 - 0 ] INFO  ratis.XceiverServerRatis (XceiverServerRatis.java:getRealPort(502)) - XceiverServerRatis 20e90031-3f6f-4112-85ad-1ad3a95fac96 is started using port 38353 for RATIS
2022-09-28 09:54:05,460 [EndpointStateMachine task thread for /0.0.0.0:43997 - 0 ] INFO  ratis.XceiverServerRatis (XceiverServerRatis.java:getRealPort(502)) - XceiverServerRatis 20e90031-3f6f-4112-85ad-1ad3a95fac96 is started using port 38353 for RATIS_ADMIN
2022-09-28 09:54:05,460 [EndpointStateMachine task thread for /0.0.0.0:43997 - 0 ] INFO  ratis.XceiverServerRatis (XceiverServerRatis.java:getRealPort(502)) - XceiverServerRatis 20e90031-3f6f-4112-85ad-1ad3a95fac96 is started using port 38353 for RATIS_SERVER
2022-09-28 09:54:05,460 [org.apache.ratis.util.JvmPauseMonitor$$Lambda$634/511600595@6220b2e5] INFO  util.JvmPauseMonitor (JvmPauseMonitor.java:run(103)) - JvmPauseMonitor-20e90031-3f6f-4112-85ad-1ad3a95fac96: Started
2022-09-28 09:54:05,462 [EndpointStateMachine task thread for /0.0.0.0:43997 - 0 ] INFO  server.XceiverServerGrpc (XceiverServerGrpc.java:start(180)) - XceiverServerGrpc 20e90031-3f6f-4112-85ad-1ad3a95fac96 is started using port 35379
2022-09-28 09:54:05,745 [EndpointStateMachine task thread for /0.0.0.0:43997 - 0 ] INFO  volume.HddsVolume (HddsVolume.java:createDbStore(307)) - SchemaV3 db is created and loaded at /home/runner/work/ozone/ozone/hadoop-ozone/integration-test/target/test-dir/MiniOzoneClusterImpl-f38c25ab-2440-4177-af3f-c722ecf984ff/datanode-2/data-0/containers/hdds/f38c25ab-2440-4177-af3f-c722ecf984ff/DS-649354a5-6d57-44ce-b685-c4cfc998d8a6/container.db for volume DS-649354a5-6d57-44ce-b685-c4cfc998d8a6
2022-09-28 09:54:05,747 [EndpointStateMachine task thread for /0.0.0.0:43997 - 0 ] INFO  volume.HddsVolume (HddsVolume.java:closeDbStore(338)) - SchemaV3 db is stopped at /home/runner/work/ozone/ozone/hadoop-ozone/integration-test/target/test-dir/MiniOzoneClusterImpl-f38c25ab-2440-4177-af3f-c722ecf984ff/datanode-2/data-0/containers/hdds/f38c25ab-2440-4177-af3f-c722ecf984ff/DS-649354a5-6d57-44ce-b685-c4cfc998d8a6/container.db for volume DS-649354a5-6d57-44ce-b685-c4cfc998d8a6
2022-09-28 09:54:05,748 [EndpointStateMachine task thread for /0.0.0.0:43997 - 0 ] INFO  ozoneimpl.OzoneContainer (OzoneContainer.java:start(378)) - Attempting to start container services.
2022-09-28 09:54:05,748 [EndpointStateMachine task thread for /0.0.0.0:43997 - 0 ] INFO  ozoneimpl.OzoneContainer (OzoneContainer.java:startContainerScrub(313)) - Background container scanner has been disabled.
2022-09-28 09:54:05,749 [EndpointStateMachine task thread for /0.0.0.0:43997 - 0 ] INFO  replication.ReplicationServer (ReplicationServer.java:start(111)) - ReplicationServer is started using port 46225
2022-09-28 09:54:05,750 [EndpointStateMachine task thread for /0.0.0.0:43997 - 0 ] INFO  ratis.XceiverServerRatis (XceiverServerRatis.java:start(481)) - Starting XceiverServerRatis 6e0ecbc9-7476-4900-ba73-72d2d77f3b59
2022-09-28 09:54:05,750 [EndpointStateMachine task thread for /0.0.0.0:43997 - 0 ] INFO  server.RaftServer (RaftServerProxy.java:lambda$start$6(382)) - 6e0ecbc9-7476-4900-ba73-72d2d77f3b59: start RPC server
2022-09-28 09:54:05,751 [EndpointStateMachine task thread for /0.0.0.0:43997 - 0 ] INFO  server.GrpcService (GrpcService.java:startImpl(260)) - 6e0ecbc9-7476-4900-ba73-72d2d77f3b59: GrpcService started, listening on 33835
2022-09-28 09:54:05,751 [EndpointStateMachine task thread for /0.0.0.0:43997 - 0 ] INFO  ratis.XceiverServerRatis (XceiverServerRatis.java:getRealPort(502)) - XceiverServerRatis 6e0ecbc9-7476-4900-ba73-72d2d77f3b59 is started using port 33835 for RATIS
2022-09-28 09:54:05,751 [EndpointStateMachine task thread for /0.0.0.0:43997 - 0 ] INFO  ratis.XceiverServerRatis (XceiverServerRatis.java:getRealPort(502)) - XceiverServerRatis 6e0ecbc9-7476-4900-ba73-72d2d77f3b59 is started using port 33835 for RATIS_ADMIN
2022-09-28 09:54:05,752 [EndpointStateMachine task thread for /0.0.0.0:43997 - 0 ] INFO  ratis.XceiverServerRatis (XceiverServerRatis.java:getRealPort(502)) - XceiverServerRatis 6e0ecbc9-7476-4900-ba73-72d2d77f3b59 is started using port 33835 for RATIS_SERVER
2022-09-28 09:54:05,752 [org.apache.ratis.util.JvmPauseMonitor$$Lambda$634/511600595@6246ce67] INFO  util.JvmPauseMonitor (JvmPauseMonitor.java:run(103)) - JvmPauseMonitor-6e0ecbc9-7476-4900-ba73-72d2d77f3b59: Started
2022-09-28 09:54:05,755 [EndpointStateMachine task thread for /0.0.0.0:43997 - 0 ] INFO  server.XceiverServerGrpc (XceiverServerGrpc.java:start(180)) - XceiverServerGrpc 6e0ecbc9-7476-4900-ba73-72d2d77f3b59 is started using port 38193
2022-09-28 09:54:06,061 [EndpointStateMachine task thread for /0.0.0.0:43997 - 0 ] INFO  volume.HddsVolume (HddsVolume.java:createDbStore(307)) - SchemaV3 db is created and loaded at /home/runner/work/ozone/ozone/hadoop-ozone/integration-test/target/test-dir/MiniOzoneClusterImpl-f38c25ab-2440-4177-af3f-c722ecf984ff/datanode-3/data-0/containers/hdds/f38c25ab-2440-4177-af3f-c722ecf984ff/DS-432fee78-ca57-4db3-b7c9-e5ae2de6b43d/container.db for volume DS-432fee78-ca57-4db3-b7c9-e5ae2de6b43d
2022-09-28 09:54:06,062 [EndpointStateMachine task thread for /0.0.0.0:43997 - 0 ] INFO  volume.HddsVolume (HddsVolume.java:closeDbStore(338)) - SchemaV3 db is stopped at /home/runner/work/ozone/ozone/hadoop-ozone/integration-test/target/test-dir/MiniOzoneClusterImpl-f38c25ab-2440-4177-af3f-c722ecf984ff/datanode-3/data-0/containers/hdds/f38c25ab-2440-4177-af3f-c722ecf984ff/DS-432fee78-ca57-4db3-b7c9-e5ae2de6b43d/container.db for volume DS-432fee78-ca57-4db3-b7c9-e5ae2de6b43d
2022-09-28 09:54:06,062 [EndpointStateMachine task thread for /0.0.0.0:43997 - 0 ] INFO  ozoneimpl.OzoneContainer (OzoneContainer.java:start(378)) - Attempting to start container services.
2022-09-28 09:54:06,062 [EndpointStateMachine task thread for /0.0.0.0:43997 - 0 ] INFO  ozoneimpl.OzoneContainer (OzoneContainer.java:startContainerScrub(313)) - Background container scanner has been disabled.
2022-09-28 09:54:06,064 [EndpointStateMachine task thread for /0.0.0.0:43997 - 0 ] INFO  replication.ReplicationServer (ReplicationServer.java:start(111)) - ReplicationServer is started using port 32879
2022-09-28 09:54:06,064 [EndpointStateMachine task thread for /0.0.0.0:43997 - 0 ] INFO  ratis.XceiverServerRatis (XceiverServerRatis.java:start(481)) - Starting XceiverServerRatis 4506141d-17d3-4eb5-a98c-bf02fab83d7c
2022-09-28 09:54:06,065 [EndpointStateMachine task thread for /0.0.0.0:43997 - 0 ] INFO  server.RaftServer (RaftServerProxy.java:lambda$start$6(382)) - 4506141d-17d3-4eb5-a98c-bf02fab83d7c: start RPC server
2022-09-28 09:54:06,067 [EndpointStateMachine task thread for /0.0.0.0:43997 - 0 ] INFO  server.GrpcService (GrpcService.java:startImpl(260)) - 4506141d-17d3-4eb5-a98c-bf02fab83d7c: GrpcService started, listening on 41277
2022-09-28 09:54:06,067 [EndpointStateMachine task thread for /0.0.0.0:43997 - 0 ] INFO  ratis.XceiverServerRatis (XceiverServerRatis.java:getRealPort(502)) - XceiverServerRatis 4506141d-17d3-4eb5-a98c-bf02fab83d7c is started using port 41277 for RATIS
2022-09-28 09:54:06,067 [org.apache.ratis.util.JvmPauseMonitor$$Lambda$634/511600595@7424b45b] INFO  util.JvmPauseMonitor (JvmPauseMonitor.java:run(103)) - JvmPauseMonitor-4506141d-17d3-4eb5-a98c-bf02fab83d7c: Started
2022-09-28 09:54:06,067 [EndpointStateMachine task thread for /0.0.0.0:43997 - 0 ] INFO  ratis.XceiverServerRatis (XceiverServerRatis.java:getRealPort(502)) - XceiverServerRatis 4506141d-17d3-4eb5-a98c-bf02fab83d7c is started using port 41277 for RATIS_ADMIN
2022-09-28 09:54:06,067 [EndpointStateMachine task thread for /0.0.0.0:43997 - 0 ] INFO  ratis.XceiverServerRatis (XceiverServerRatis.java:getRealPort(502)) - XceiverServerRatis 4506141d-17d3-4eb5-a98c-bf02fab83d7c is started using port 41277 for RATIS_SERVER
2022-09-28 09:54:06,069 [EndpointStateMachine task thread for /0.0.0.0:43997 - 0 ] INFO  server.XceiverServerGrpc (XceiverServerGrpc.java:start(180)) - XceiverServerGrpc 4506141d-17d3-4eb5-a98c-bf02fab83d7c is started using port 41095
2022-09-28 09:54:06,352 [Listener at 127.0.0.1/33915] INFO  ozone.MiniOzoneClusterImpl (MiniOzoneClusterImpl.java:lambda$waitForClusterToBeReady$0(216)) - Waiting for nodes to be ready. Got 0 of 5 DN Heartbeats.
2022-09-28 09:54:06,352 [Listener at 127.0.0.1/33915] INFO  ozone.MiniOzoneClusterImpl (MiniOzoneClusterImpl.java:lambda$waitForClusterToBeReady$0(219)) - Waiting for cluster to exit safe mode
2022-09-28 09:54:06,352 [Listener at 127.0.0.1/33915] INFO  ozone.MiniOzoneClusterImpl (MiniOzoneClusterImpl.java:lambda$waitForClusterToBeReady$0(221)) - SCM became leader
2022-09-28 09:54:06,382 [EndpointStateMachine task thread for /0.0.0.0:43997 - 0 ] INFO  volume.HddsVolume (HddsVolume.java:createDbStore(307)) - SchemaV3 db is created and loaded at /home/runner/work/ozone/ozone/hadoop-ozone/integration-test/target/test-dir/MiniOzoneClusterImpl-f38c25ab-2440-4177-af3f-c722ecf984ff/datanode-4/data-0/containers/hdds/f38c25ab-2440-4177-af3f-c722ecf984ff/DS-6cab5ee1-7072-429b-9915-421f98364907/container.db for volume DS-6cab5ee1-7072-429b-9915-421f98364907
2022-09-28 09:54:06,382 [EndpointStateMachine task thread for /0.0.0.0:43997 - 0 ] INFO  volume.HddsVolume (HddsVolume.java:closeDbStore(338)) - SchemaV3 db is stopped at /home/runner/work/ozone/ozone/hadoop-ozone/integration-test/target/test-dir/MiniOzoneClusterImpl-f38c25ab-2440-4177-af3f-c722ecf984ff/datanode-4/data-0/containers/hdds/f38c25ab-2440-4177-af3f-c722ecf984ff/DS-6cab5ee1-7072-429b-9915-421f98364907/container.db for volume DS-6cab5ee1-7072-429b-9915-421f98364907
2022-09-28 09:54:06,383 [EndpointStateMachine task thread for /0.0.0.0:43997 - 0 ] INFO  ozoneimpl.OzoneContainer (OzoneContainer.java:start(378)) - Attempting to start container services.
2022-09-28 09:54:06,383 [EndpointStateMachine task thread for /0.0.0.0:43997 - 0 ] INFO  ozoneimpl.OzoneContainer (OzoneContainer.java:startContainerScrub(313)) - Background container scanner has been disabled.
2022-09-28 09:54:06,385 [EndpointStateMachine task thread for /0.0.0.0:43997 - 0 ] INFO  replication.ReplicationServer (ReplicationServer.java:start(111)) - ReplicationServer is started using port 35763
2022-09-28 09:54:06,385 [EndpointStateMachine task thread for /0.0.0.0:43997 - 0 ] INFO  ratis.XceiverServerRatis (XceiverServerRatis.java:start(481)) - Starting XceiverServerRatis 73e45c1e-2154-45e4-89cc-96be25ad3181
2022-09-28 09:54:06,386 [EndpointStateMachine task thread for /0.0.0.0:43997 - 0 ] INFO  server.RaftServer (RaftServerProxy.java:lambda$start$6(382)) - 73e45c1e-2154-45e4-89cc-96be25ad3181: start RPC server
2022-09-28 09:54:06,387 [EndpointStateMachine task thread for /0.0.0.0:43997 - 0 ] INFO  server.GrpcService (GrpcService.java:startImpl(260)) - 73e45c1e-2154-45e4-89cc-96be25ad3181: GrpcService started, listening on 33171
2022-09-28 09:54:06,387 [EndpointStateMachine task thread for /0.0.0.0:43997 - 0 ] INFO  ratis.XceiverServerRatis (XceiverServerRatis.java:getRealPort(502)) - XceiverServerRatis 73e45c1e-2154-45e4-89cc-96be25ad3181 is started using port 33171 for RATIS
2022-09-28 09:54:06,387 [org.apache.ratis.util.JvmPauseMonitor$$Lambda$634/511600595@56decf20] INFO  util.JvmPauseMonitor (JvmPauseMonitor.java:run(103)) - JvmPauseMonitor-73e45c1e-2154-45e4-89cc-96be25ad3181: Started
2022-09-28 09:54:06,387 [EndpointStateMachine task thread for /0.0.0.0:43997 - 0 ] INFO  ratis.XceiverServerRatis (XceiverServerRatis.java:getRealPort(502)) - XceiverServerRatis 73e45c1e-2154-45e4-89cc-96be25ad3181 is started using port 33171 for RATIS_ADMIN
2022-09-28 09:54:06,388 [EndpointStateMachine task thread for /0.0.0.0:43997 - 0 ] INFO  ratis.XceiverServerRatis (XceiverServerRatis.java:getRealPort(502)) - XceiverServerRatis 73e45c1e-2154-45e4-89cc-96be25ad3181 is started using port 33171 for RATIS_SERVER
2022-09-28 09:54:06,390 [EndpointStateMachine task thread for /0.0.0.0:43997 - 0 ] INFO  server.XceiverServerGrpc (XceiverServerGrpc.java:start(180)) - XceiverServerGrpc 73e45c1e-2154-45e4-89cc-96be25ad3181 is started using port 35373
2022-09-28 09:54:06,948 [IPC Server handler 2 on default port 43997] INFO  net.NetworkTopologyImpl (NetworkTopologyImpl.java:add(112)) - Added a new node: /default-rack/2d845149-fded-4749-8bc2-118586f6e1d8
2022-09-28 09:54:06,950 [IPC Server handler 2 on default port 43997] INFO  node.SCMNodeManager (SCMNodeManager.java:register(397)) - Registered Data node : 2d845149-fded-4749-8bc2-118586f6e1d8{ip: 10.1.1.21, host: fv-az204-790.d0ggoinxmwcejgojbuqly40l0e.cx.internal.cloudapp.net, ports: [REPLICATION=33257, RATIS=44611, RATIS_ADMIN=44611, RATIS_SERVER=44611, STANDALONE=42467], networkLocation: /default-rack, certSerialId: null, persistedOpState: null, persistedOpStateExpiryEpochSec: 0}
2022-09-28 09:54:06,954 [EventQueue-NewNodeForNewNodeHandler] INFO  pipeline.BackgroundPipelineCreator (BackgroundPipelineCreator.java:notifyEventTriggered(276)) - trigger a one-shot run on RatisPipelineUtilsThread.
2022-09-28 09:54:06,960 [RatisPipelineUtilsThread - 0] INFO  pipeline.RatisPipelineProvider (RatisPipelineProvider.java:lambda$create$0(195)) - Sending CreatePipelineCommand for pipeline:PipelineID=0c4daa34-5ab4-44e4-8293-1c7bfc8460b1 to datanode:2d845149-fded-4749-8bc2-118586f6e1d8
2022-09-28 09:54:06,961 [EventQueue-NodeRegistrationContainerReportForDataNodeSafeModeRule] INFO  safemode.SCMSafeModeManager (DataNodeSafeModeRule.java:process(71)) - SCM in safe mode. 1 DataNodes registered, 3 required.
2022-09-28 09:54:06,961 [EventQueue-NodeRegistrationContainerReportForContainerSafeModeRule] INFO  safemode.SCMSafeModeManager (SCMSafeModeManager.java:validateSafeModeExitRules(204)) - ContainerSafeModeRule rule is successfully validated
2022-09-28 09:54:06,962 [EventQueue-PipelineReportForOneReplicaPipelineSafeModeRule] INFO  safemode.SCMSafeModeManager (SCMSafeModeManager.java:validateSafeModeExitRules(204)) - AtleastOneDatanodeReportedRule rule is successfully validated
2022-09-28 09:54:06,973 [RatisPipelineUtilsThread - 0] INFO  pipeline.PipelineStateManagerImpl (PipelineStateManagerImpl.java:addPipeline(103)) - Created pipeline Pipeline[ Id: 0c4daa34-5ab4-44e4-8293-1c7bfc8460b1, Nodes: 2d845149-fded-4749-8bc2-118586f6e1d8{ip: 10.1.1.21, host: fv-az204-790.d0ggoinxmwcejgojbuqly40l0e.cx.internal.cloudapp.net, ports: [REPLICATION=33257, RATIS=44611, RATIS_ADMIN=44611, RATIS_SERVER=44611, STANDALONE=42467], networkLocation: /default-rack, certSerialId: null, persistedOpState: IN_SERVICE, persistedOpStateExpiryEpochSec: 0}, ReplicationConfig: RATIS/ONE, State:ALLOCATED, leaderId:, CreationTimestamp2022-09-28T09:54:06.959Z[Etc/UTC]].
2022-09-28 09:54:07,353 [Listener at 127.0.0.1/33915] INFO  ozone.MiniOzoneClusterImpl (MiniOzoneClusterImpl.java:lambda$waitForClusterToBeReady$0(216)) - Waiting for nodes to be ready. Got 1 of 5 DN Heartbeats.
2022-09-28 09:54:07,353 [Listener at 127.0.0.1/33915] INFO  ozone.MiniOzoneClusterImpl (MiniOzoneClusterImpl.java:lambda$waitForClusterToBeReady$0(219)) - Waiting for cluster to exit safe mode
2022-09-28 09:54:07,353 [Listener at 127.0.0.1/33915] INFO  ozone.MiniOzoneClusterImpl (MiniOzoneClusterImpl.java:lambda$waitForClusterToBeReady$0(221)) - SCM became leader
2022-09-28 09:54:07,429 [IPC Server handler 0 on default port 43997] INFO  net.NetworkTopologyImpl (NetworkTopologyImpl.java:add(112)) - Added a new node: /default-rack/20e90031-3f6f-4112-85ad-1ad3a95fac96
2022-09-28 09:54:07,430 [IPC Server handler 0 on default port 43997] INFO  node.SCMNodeManager (SCMNodeManager.java:register(397)) - Registered Data node : 20e90031-3f6f-4112-85ad-1ad3a95fac96{ip: 10.1.1.21, host: fv-az204-790.d0ggoinxmwcejgojbuqly40l0e.cx.internal.cloudapp.net, ports: [REPLICATION=36827, RATIS=38353, RATIS_ADMIN=38353, RATIS_SERVER=38353, STANDALONE=35379], networkLocation: /default-rack, certSerialId: null, persistedOpState: null, persistedOpStateExpiryEpochSec: 0}
2022-09-28 09:54:07,430 [EventQueue-NodeRegistrationContainerReportForDataNodeSafeModeRule] INFO  safemode.SCMSafeModeManager (DataNodeSafeModeRule.java:process(71)) - SCM in safe mode. 2 DataNodes registered, 3 required.
2022-09-28 09:54:07,430 [EventQueue-NewNodeForNewNodeHandler] INFO  pipeline.BackgroundPipelineCreator (BackgroundPipelineCreator.java:notifyEventTriggered(276)) - trigger a one-shot run on RatisPipelineUtilsThread.
2022-09-28 09:54:07,431 [RatisPipelineUtilsThread - 0] INFO  pipeline.RatisPipelineProvider (RatisPipelineProvider.java:lambda$create$0(195)) - Sending CreatePipelineCommand for pipeline:PipelineID=d1ca17cf-c972-4026-9d91-490c1478a7e4 to datanode:20e90031-3f6f-4112-85ad-1ad3a95fac96
2022-09-28 09:54:07,432 [RatisPipelineUtilsThread - 0] INFO  pipeline.PipelineStateManagerImpl (PipelineStateManagerImpl.java:addPipeline(103)) - Created pipeline Pipeline[ Id: d1ca17cf-c972-4026-9d91-490c1478a7e4, Nodes: 20e90031-3f6f-4112-85ad-1ad3a95fac96{ip: 10.1.1.21, host: fv-az204-790.d0ggoinxmwcejgojbuqly40l0e.cx.internal.cloudapp.net, ports: [REPLICATION=36827, RATIS=38353, RATIS_ADMIN=38353, RATIS_SERVER=38353, STANDALONE=35379], networkLocation: /default-rack, certSerialId: null, persistedOpState: IN_SERVICE, persistedOpStateExpiryEpochSec: 0}, ReplicationConfig: RATIS/ONE, State:ALLOCATED, leaderId:, CreationTimestamp2022-09-28T09:54:07.431Z[Etc/UTC]].
2022-09-28 09:54:07,726 [IPC Server handler 2 on default port 43997] INFO  net.NetworkTopologyImpl (NetworkTopologyImpl.java:add(112)) - Added a new node: /default-rack/6e0ecbc9-7476-4900-ba73-72d2d77f3b59
2022-09-28 09:54:07,726 [IPC Server handler 2 on default port 43997] INFO  node.SCMNodeManager (SCMNodeManager.java:register(397)) - Registered Data node : 6e0ecbc9-7476-4900-ba73-72d2d77f3b59{ip: 10.1.1.21, host: fv-az204-790.d0ggoinxmwcejgojbuqly40l0e.cx.internal.cloudapp.net, ports: [REPLICATION=46225, RATIS=33835, RATIS_ADMIN=33835, RATIS_SERVER=33835, STANDALONE=38193], networkLocation: /default-rack, certSerialId: null, persistedOpState: null, persistedOpStateExpiryEpochSec: 0}
2022-09-28 09:54:07,726 [EventQueue-NewNodeForNewNodeHandler] INFO  pipeline.BackgroundPipelineCreator (BackgroundPipelineCreator.java:notifyEventTriggered(276)) - trigger a one-shot run on RatisPipelineUtilsThread.
2022-09-28 09:54:07,726 [EventQueue-NodeRegistrationContainerReportForDataNodeSafeModeRule] INFO  safemode.SCMSafeModeManager (DataNodeSafeModeRule.java:process(71)) - SCM in safe mode. 3 DataNodes registered, 3 required.
2022-09-28 09:54:07,727 [EventQueue-NodeRegistrationContainerReportForDataNodeSafeModeRule] INFO  safemode.SCMSafeModeManager (SCMSafeModeManager.java:validateSafeModeExitRules(204)) - DataNodeSafeModeRule rule is successfully validated
2022-09-28 09:54:07,727 [EventQueue-NodeRegistrationContainerReportForDataNodeSafeModeRule] INFO  safemode.SCMSafeModeManager (SCMSafeModeManager.java:completePreCheck(233)) - All SCM safe mode pre check rules have passed
2022-09-28 09:54:07,727 [EventQueue-NodeRegistrationContainerReportForDataNodeSafeModeRule] WARN  events.EventQueue (EventQueue.java:fireEvent(216)) - No event handler registered for event TypedEvent{payloadType=SafeModeStatus, name='Safe mode status'}
2022-09-28 09:54:07,727 [EventQueue-NodeRegistrationContainerReportForDataNodeSafeModeRule] INFO  ha.SCMContext (SCMContext.java:updateSafeModeStatus(228)) - Update SafeModeStatus from SafeModeStatus{safeModeStatus=true, preCheckPassed=false} to SafeModeStatus{safeModeStatus=true, preCheckPassed=true}.
2022-09-28 09:54:07,727 [EventQueue-NodeRegistrationContainerReportForDataNodeSafeModeRule] INFO  pipeline.BackgroundPipelineCreator (BackgroundPipelineCreator.java:notifyEventTriggered(276)) - trigger a one-shot run on RatisPipelineUtilsThread.
2022-09-28 09:54:07,728 [RatisPipelineUtilsThread - 0] INFO  pipeline.RatisPipelineProvider (RatisPipelineProvider.java:lambda$create$0(195)) - Sending CreatePipelineCommand for pipeline:PipelineID=bdfb9477-d10a-4614-a453-a95ac1717ce8 to datanode:6e0ecbc9-7476-4900-ba73-72d2d77f3b59
2022-09-28 09:54:07,728 [RatisPipelineUtilsThread - 0] INFO  pipeline.PipelineStateManagerImpl (PipelineStateManagerImpl.java:addPipeline(103)) - Created pipeline Pipeline[ Id: bdfb9477-d10a-4614-a453-a95ac1717ce8, Nodes: 6e0ecbc9-7476-4900-ba73-72d2d77f3b59{ip: 10.1.1.21, host: fv-az204-790.d0ggoinxmwcejgojbuqly40l0e.cx.internal.cloudapp.net, ports: [REPLICATION=46225, RATIS=33835, RATIS_ADMIN=33835, RATIS_SERVER=33835, STANDALONE=38193], networkLocation: /default-rack, certSerialId: null, persistedOpState: IN_SERVICE, persistedOpStateExpiryEpochSec: 0}, ReplicationConfig: RATIS/ONE, State:ALLOCATED, leaderId:, CreationTimestamp2022-09-28T09:54:07.728Z[Etc/UTC]].
2022-09-28 09:54:07,731 [RatisPipelineUtilsThread - 0] INFO  pipeline.RatisPipelineProvider (RatisPipelineProvider.java:lambda$create$0(195)) - Sending CreatePipelineCommand for pipeline:PipelineID=0c0931c2-984d-4ae0-8849-384a3fd51c4e to datanode:20e90031-3f6f-4112-85ad-1ad3a95fac96
2022-09-28 09:54:07,731 [RatisPipelineUtilsThread - 0] INFO  pipeline.RatisPipelineProvider (RatisPipelineProvider.java:lambda$create$0(195)) - Sending CreatePipelineCommand for pipeline:PipelineID=0c0931c2-984d-4ae0-8849-384a3fd51c4e to datanode:6e0ecbc9-7476-4900-ba73-72d2d77f3b59
2022-09-28 09:54:07,731 [RatisPipelineUtilsThread - 0] INFO  pipeline.RatisPipelineProvider (RatisPipelineProvider.java:lambda$create$0(195)) - Sending CreatePipelineCommand for pipeline:PipelineID=0c0931c2-984d-4ae0-8849-384a3fd51c4e to datanode:2d845149-fded-4749-8bc2-118586f6e1d8
2022-09-28 09:54:07,732 [RatisPipelineUtilsThread - 0] INFO  pipeline.PipelineStateManagerImpl (PipelineStateManagerImpl.java:addPipeline(103)) - Created pipeline Pipeline[ Id: 0c0931c2-984d-4ae0-8849-384a3fd51c4e, Nodes: 20e90031-3f6f-4112-85ad-1ad3a95fac96{ip: 10.1.1.21, host: fv-az204-790.d0ggoinxmwcejgojbuqly40l0e.cx.internal.cloudapp.net, ports: [REPLICATION=36827, RATIS=38353, RATIS_ADMIN=38353, RATIS_SERVER=38353, STANDALONE=35379], networkLocation: /default-rack, certSerialId: null, persistedOpState: IN_SERVICE, persistedOpStateExpiryEpochSec: 0}6e0ecbc9-7476-4900-ba73-72d2d77f3b59{ip: 10.1.1.21, host: fv-az204-790.d0ggoinxmwcejgojbuqly40l0e.cx.internal.cloudapp.net, ports: [REPLICATION=46225, RATIS=33835, RATIS_ADMIN=33835, RATIS_SERVER=33835, STANDALONE=38193], networkLocation: /default-rack, certSerialId: null, persistedOpState: IN_SERVICE, persistedOpStateExpiryEpochSec: 0}2d845149-fded-4749-8bc2-118586f6e1d8{ip: 10.1.1.21, host: fv-az204-790.d0ggoinxmwcejgojbuqly40l0e.cx.internal.cloudapp.net, ports: [REPLICATION=33257, RATIS=44611, RATIS_ADMIN=44611, RATIS_SERVER=44611, STANDALONE=42467], networkLocation: /default-rack, certSerialId: null, persistedOpState: IN_SERVICE, persistedOpStateExpiryEpochSec: 0}, ReplicationConfig: RATIS/THREE, State:ALLOCATED, leaderId:, CreationTimestamp2022-09-28T09:54:07.731Z[Etc/UTC]].
2022-09-28 09:54:07,732 [RatisPipelineUtilsThread - 0] INFO  pipeline.RatisPipelineProvider (RatisPipelineProvider.java:lambda$create$0(195)) - Sending CreatePipelineCommand for pipeline:PipelineID=69b52b5b-6904-4880-9098-0b7c6d995091 to datanode:20e90031-3f6f-4112-85ad-1ad3a95fac96
2022-09-28 09:54:07,733 [RatisPipelineUtilsThread - 0] INFO  pipeline.RatisPipelineProvider (RatisPipelineProvider.java:lambda$create$0(195)) - Sending CreatePipelineCommand for pipeline:PipelineID=69b52b5b-6904-4880-9098-0b7c6d995091 to datanode:6e0ecbc9-7476-4900-ba73-72d2d77f3b59
2022-09-28 09:54:07,733 [RatisPipelineUtilsThread - 0] INFO  pipeline.RatisPipelineProvider (RatisPipelineProvider.java:lambda$create$0(195)) - Sending CreatePipelineCommand for pipeline:PipelineID=69b52b5b-6904-4880-9098-0b7c6d995091 to datanode:2d845149-fded-4749-8bc2-118586f6e1d8
2022-09-28 09:54:07,733 [RatisPipelineUtilsThread - 0] INFO  pipeline.PipelineStateManagerImpl (PipelineStateManagerImpl.java:addPipeline(103)) - Created pipeline Pipeline[ Id: 69b52b5b-6904-4880-9098-0b7c6d995091, Nodes: 20e90031-3f6f-4112-85ad-1ad3a95fac96{ip: 10.1.1.21, host: fv-az204-790.d0ggoinxmwcejgojbuqly40l0e.cx.internal.cloudapp.net, ports: [REPLICATION=36827, RATIS=38353, RATIS_ADMIN=38353, RATIS_SERVER=38353, STANDALONE=35379], networkLocation: /default-rack, certSerialId: null, persistedOpState: IN_SERVICE, persistedOpStateExpiryEpochSec: 0}6e0ecbc9-7476-4900-ba73-72d2d77f3b59{ip: 10.1.1.21, host: fv-az204-790.d0ggoinxmwcejgojbuqly40l0e.cx.internal.cloudapp.net, ports: [REPLICATION=46225, RATIS=33835, RATIS_ADMIN=33835, RATIS_SERVER=33835, STANDALONE=38193], networkLocation: /default-rack, certSerialId: null, persistedOpState: IN_SERVICE, persistedOpStateExpiryEpochSec: 0}2d845149-fded-4749-8bc2-118586f6e1d8{ip: 10.1.1.21, host: fv-az204-790.d0ggoinxmwcejgojbuqly40l0e.cx.internal.cloudapp.net, ports: [REPLICATION=33257, RATIS=44611, RATIS_ADMIN=44611, RATIS_SERVER=44611, STANDALONE=42467], networkLocation: /default-rack, certSerialId: null, persistedOpState: IN_SERVICE, persistedOpStateExpiryEpochSec: 0}, ReplicationConfig: RATIS/THREE, State:ALLOCATED, leaderId:, CreationTimestamp2022-09-28T09:54:07.732Z[Etc/UTC]].
2022-09-28 09:54:07,734 [RatisPipelineUtilsThread - 0] INFO  pipeline.PipelineManagerImpl (PipelineManagerImpl.java:recordMetricsForPipeline(796)) - Pipeline: PipelineID=69b52b5b-6904-4880-9098-0b7c6d995091 contains same datanodes as previous pipelines: PipelineID=0c0931c2-984d-4ae0-8849-384a3fd51c4e nodeIds: 20e90031-3f6f-4112-85ad-1ad3a95fac96, 6e0ecbc9-7476-4900-ba73-72d2d77f3b59, 2d845149-fded-4749-8bc2-118586f6e1d8
2022-09-28 09:54:08,040 [IPC Server handler 3 on default port 43997] INFO  net.NetworkTopologyImpl (NetworkTopologyImpl.java:add(112)) - Added a new node: /default-rack/4506141d-17d3-4eb5-a98c-bf02fab83d7c
2022-09-28 09:54:08,041 [IPC Server handler 3 on default port 43997] INFO  node.SCMNodeManager (SCMNodeManager.java:register(397)) - Registered Data node : 4506141d-17d3-4eb5-a98c-bf02fab83d7c{ip: 10.1.1.21, host: fv-az204-790.d0ggoinxmwcejgojbuqly40l0e.cx.internal.cloudapp.net, ports: [REPLICATION=32879, RATIS=41277, RATIS_ADMIN=41277, RATIS_SERVER=41277, STANDALONE=41095], networkLocation: /default-rack, certSerialId: null, persistedOpState: null, persistedOpStateExpiryEpochSec: 0}
2022-09-28 09:54:08,041 [EventQueue-NewNodeForNewNodeHandler] INFO  pipeline.BackgroundPipelineCreator (BackgroundPipelineCreator.java:notifyEventTriggered(276)) - trigger a one-shot run on RatisPipelineUtilsThread.
2022-09-28 09:54:08,042 [RatisPipelineUtilsThread - 0] INFO  pipeline.RatisPipelineProvider (RatisPipelineProvider.java:lambda$create$0(195)) - Sending CreatePipelineCommand for pipeline:PipelineID=e7430f40-cd18-4b7b-8d31-d24936401058 to datanode:4506141d-17d3-4eb5-a98c-bf02fab83d7c
2022-09-28 09:54:08,043 [RatisPipelineUtilsThread - 0] INFO  pipeline.PipelineStateManagerImpl (PipelineStateManagerImpl.java:addPipeline(103)) - Created pipeline Pipeline[ Id: e7430f40-cd18-4b7b-8d31-d24936401058, Nodes: 4506141d-17d3-4eb5-a98c-bf02fab83d7c{ip: 10.1.1.21, host: fv-az204-790.d0ggoinxmwcejgojbuqly40l0e.cx.internal.cloudapp.net, ports: [REPLICATION=32879, RATIS=41277, RATIS_ADMIN=41277, RATIS_SERVER=41277, STANDALONE=41095], networkLocation: /default-rack, certSerialId: null, persistedOpState: IN_SERVICE, persistedOpStateExpiryEpochSec: 0}, ReplicationConfig: RATIS/ONE, State:ALLOCATED, leaderId:, CreationTimestamp2022-09-28T09:54:08.042Z[Etc/UTC]].
2022-09-28 09:54:08,354 [Listener at 127.0.0.1/33915] INFO  ozone.MiniOzoneClusterImpl (MiniOzoneClusterImpl.java:lambda$waitForClusterToBeReady$0(216)) - Waiting for nodes to be ready. Got 4 of 5 DN Heartbeats.
2022-09-28 09:54:08,354 [Listener at 127.0.0.1/33915] INFO  ozone.MiniOzoneClusterImpl (MiniOzoneClusterImpl.java:lambda$waitForClusterToBeReady$0(219)) - Waiting for cluster to exit safe mode
2022-09-28 09:54:08,354 [Listener at 127.0.0.1/33915] INFO  ozone.MiniOzoneClusterImpl (MiniOzoneClusterImpl.java:lambda$waitForClusterToBeReady$0(221)) - SCM became leader
2022-09-28 09:54:08,362 [IPC Server handler 4 on default port 43997] INFO  net.NetworkTopologyImpl (NetworkTopologyImpl.java:add(112)) - Added a new node: /default-rack/73e45c1e-2154-45e4-89cc-96be25ad3181
2022-09-28 09:54:08,362 [IPC Server handler 4 on default port 43997] INFO  node.SCMNodeManager (SCMNodeManager.java:register(397)) - Registered Data node : 73e45c1e-2154-45e4-89cc-96be25ad3181{ip: 10.1.1.21, host: fv-az204-790.d0ggoinxmwcejgojbuqly40l0e.cx.internal.cloudapp.net, ports: [REPLICATION=35763, RATIS=33171, RATIS_ADMIN=33171, RATIS_SERVER=33171, STANDALONE=35373], networkLocation: /default-rack, certSerialId: null, persistedOpState: null, persistedOpStateExpiryEpochSec: 0}
2022-09-28 09:54:08,364 [EventQueue-NewNodeForNewNodeHandler] INFO  pipeline.BackgroundPipelineCreator (BackgroundPipelineCreator.java:notifyEventTriggered(276)) - trigger a one-shot run on RatisPipelineUtilsThread.
2022-09-28 09:54:08,364 [RatisPipelineUtilsThread - 0] INFO  pipeline.RatisPipelineProvider (RatisPipelineProvider.java:lambda$create$0(195)) - Sending CreatePipelineCommand for pipeline:PipelineID=a196fb98-6127-4f4e-ac1d-d189cb95abd8 to datanode:73e45c1e-2154-45e4-89cc-96be25ad3181
2022-09-28 09:54:08,365 [RatisPipelineUtilsThread - 0] INFO  pipeline.PipelineStateManagerImpl (PipelineStateManagerImpl.java:addPipeline(103)) - Created pipeline Pipeline[ Id: a196fb98-6127-4f4e-ac1d-d189cb95abd8, Nodes: 73e45c1e-2154-45e4-89cc-96be25ad3181{ip: 10.1.1.21, host: fv-az204-790.d0ggoinxmwcejgojbuqly40l0e.cx.internal.cloudapp.net, ports: [REPLICATION=35763, RATIS=33171, RATIS_ADMIN=33171, RATIS_SERVER=33171, STANDALONE=35373], networkLocation: /default-rack, certSerialId: null, persistedOpState: IN_SERVICE, persistedOpStateExpiryEpochSec: 0}, ReplicationConfig: RATIS/ONE, State:ALLOCATED, leaderId:, CreationTimestamp2022-09-28T09:54:08.364Z[Etc/UTC]].
2022-09-28 09:54:09,355 [Listener at 127.0.0.1/33915] INFO  ozone.MiniOzoneClusterImpl (MiniOzoneClusterImpl.java:lambda$waitForClusterToBeReady$0(216)) - Nodes are ready. Got 5 of 5 DN Heartbeats.
2022-09-28 09:54:09,355 [Listener at 127.0.0.1/33915] INFO  ozone.MiniOzoneClusterImpl (MiniOzoneClusterImpl.java:lambda$waitForClusterToBeReady$0(219)) - Waiting for cluster to exit safe mode
2022-09-28 09:54:09,355 [Listener at 127.0.0.1/33915] INFO  ozone.MiniOzoneClusterImpl (MiniOzoneClusterImpl.java:lambda$waitForClusterToBeReady$0(221)) - SCM became leader
2022-09-28 09:54:09,942 [Command processor thread] INFO  server.RaftServer (RaftServerProxy.java:addNew(96)) - 2d845149-fded-4749-8bc2-118586f6e1d8: addNew group-1C7BFC8460B1:[2d845149-fded-4749-8bc2-118586f6e1d8|rpc:10.1.1.21:44611|priority:1] returns group-1C7BFC8460B1:java.util.concurrent.CompletableFuture@7aac14f1[Not completed]
2022-09-28 09:54:09,956 [pool-73-thread-1] INFO  server.RaftServer$Division (RaftServerImpl.java:<init>(190)) - 2d845149-fded-4749-8bc2-118586f6e1d8: new RaftServerImpl for group-1C7BFC8460B1:[2d845149-fded-4749-8bc2-118586f6e1d8|rpc:10.1.1.21:44611|priority:1] with ContainerStateMachine:uninitialized
2022-09-28 09:54:09,956 [pool-73-thread-1] INFO  server.RaftServerConfigKeys (ConfUtils.java:logGet(46)) - raft.server.rpc.timeout.min = 5s (custom)
2022-09-28 09:54:09,956 [pool-73-thread-1] INFO  server.RaftServerConfigKeys (ConfUtils.java:logGet(46)) - raft.server.rpc.timeout.max = 5200ms (custom)
2022-09-28 09:54:09,956 [pool-73-thread-1] INFO  server.RaftServerConfigKeys (ConfUtils.java:logGet(46)) - raft.server.rpc.sleep.time = 25ms (default)
2022-09-28 09:54:09,956 [pool-73-thread-1] INFO  server.RaftServerConfigKeys (ConfUtils.java:logGet(46)) - raft.server.rpc.slowness.timeout = 300s (custom)
2022-09-28 09:54:09,956 [pool-73-thread-1] INFO  server.RaftServerConfigKeys (ConfUtils.java:logGet(46)) - raft.server.leaderelection.leader.step-down.wait-time = 10s (default)
2022-09-28 09:54:09,957 [pool-73-thread-1] INFO  server.RaftServerConfigKeys (ConfUtils.java:logGet(46)) - raft.server.sleep.deviation.threshold = 300ms (default)
2022-09-28 09:54:09,957 [pool-73-thread-1] INFO  server.RaftServer$Division (ServerState.java:<init>(107)) - 2d845149-fded-4749-8bc2-118586f6e1d8@group-1C7BFC8460B1: ConfigurationManager, init=-1: [2d845149-fded-4749-8bc2-118586f6e1d8|rpc:10.1.1.21:44611|priority:1], old=null, confs=<EMPTY_MAP>
2022-09-28 09:54:09,957 [pool-73-thread-1] INFO  server.RaftServerConfigKeys (ConfUtils.java:logGet(46)) - raft.server.storage.dir = [/home/runner/work/ozone/ozone/hadoop-ozone/integration-test/target/test-dir/MiniOzoneClusterImpl-f38c25ab-2440-4177-af3f-c722ecf984ff/datanode-0/data/ratis] (custom)
2022-09-28 09:54:09,957 [pool-73-thread-1] INFO  server.RaftServerConfigKeys (ConfUtils.java:logGet(46)) - raft.server.log.corruption.policy = EXCEPTION (default)
2022-09-28 09:54:09,957 [pool-73-thread-1] INFO  server.RaftServerConfigKeys (ConfUtils.java:logGet(46)) - raft.server.storage.free-space.min = 0MB (=0) (default)
2022-09-28 09:54:09,957 [pool-73-thread-1] INFO  storage.RaftStorageDirectory (RaftStorageDirectoryImpl.java:analyzeStorage(135)) - The storage directory /home/runner/work/ozone/ozone/hadoop-ozone/integration-test/target/test-dir/MiniOzoneClusterImpl-f38c25ab-2440-4177-af3f-c722ecf984ff/datanode-0/data/ratis/0c4daa34-5ab4-44e4-8293-1c7bfc8460b1 does not exist. Creating ...
2022-09-28 09:54:09,958 [pool-73-thread-1] INFO  storage.RaftStorageDirectory (RaftStorageDirectoryImpl.java:tryLock(230)) - Lock on /home/runner/work/ozone/ozone/hadoop-ozone/integration-test/target/test-dir/MiniOzoneClusterImpl-f38c25ab-2440-4177-af3f-c722ecf984ff/datanode-0/data/ratis/0c4daa34-5ab4-44e4-8293-1c7bfc8460b1/in_use.lock acquired by nodename 12863@fv-az204-790
2022-09-28 09:54:09,959 [pool-73-thread-1] INFO  storage.RaftStorage (RaftStorageImpl.java:format(89)) - Storage directory /home/runner/work/ozone/ozone/hadoop-ozone/integration-test/target/test-dir/MiniOzoneClusterImpl-f38c25ab-2440-4177-af3f-c722ecf984ff/datanode-0/data/ratis/0c4daa34-5ab4-44e4-8293-1c7bfc8460b1 has been successfully formatted.
2022-09-28 09:54:09,963 [pool-73-thread-1] INFO  ratis.ContainerStateMachine (ContainerStateMachine.java:loadSnapshot(236)) - group-1C7BFC8460B1: The snapshot info is null. Setting the last applied indexto:(t:0, i:~)
2022-09-28 09:54:09,963 [pool-73-thread-1] INFO  server.RaftServerConfigKeys (ConfUtils.java:logGet(46)) - raft.server.notification.no-leader.timeout = 300s (custom)
2022-09-28 09:54:09,963 [pool-73-thread-1] INFO  server.RaftServerConfigKeys (ConfUtils.java:logGet(46)) - raft.server.log.use.memory = false (default)
2022-09-28 09:54:09,963 [pool-73-thread-1] INFO  server.RaftServerConfigKeys (ConfUtils.java:logGet(46)) - raft.server.log.purge.gap = 1000000 (custom)
2022-09-28 09:54:09,963 [pool-73-thread-1] INFO  server.RaftServerConfigKeys (ConfUtils.java:logGet(46)) - raft.server.log.appender.buffer.byte-limit = 33554432 (custom)
2022-09-28 09:54:09,964 [pool-73-thread-1] INFO  server.RaftServerConfigKeys (ConfUtils.java:logGet(46)) - raft.server.log.statemachine.data.read.timeout = 1000ms (default)
2022-09-28 09:54:09,964 [pool-73-thread-1] INFO  server.RaftServerConfigKeys (ConfUtils.java:logGet(46)) - raft.server.log.segment.size.max = 1048576 (custom)
2022-09-28 09:54:09,964 [pool-73-thread-1] INFO  server.RaftServerConfigKeys (ConfUtils.java:logGet(46)) - raft.server.log.segment.cache.num.max = 2 (custom)
2022-09-28 09:54:09,965 [pool-73-thread-1] INFO  server.RaftServerConfigKeys (ConfUtils.java:logGet(46)) - raft.server.log.segment.cache.size.max = 200MB (=209715200) (default)
2022-09-28 09:54:09,965 [pool-73-thread-1] INFO  segmented.SegmentedRaftLogWorker (SegmentedRaftLogWorker.java:<init>(187)) - new 2d845149-fded-4749-8bc2-118586f6e1d8@group-1C7BFC8460B1-SegmentedRaftLogWorker for RaftStorageImpl:Storage Directory /home/runner/work/ozone/ozone/hadoop-ozone/integration-test/target/test-dir/MiniOzoneClusterImpl-f38c25ab-2440-4177-af3f-c722ecf984ff/datanode-0/data/ratis/0c4daa34-5ab4-44e4-8293-1c7bfc8460b1
2022-09-28 09:54:09,965 [pool-73-thread-1] INFO  server.RaftServerConfigKeys (ConfUtils.java:logGet(46)) - raft.server.log.queue.byte-limit = 4294967296 (custom)
2022-09-28 09:54:09,965 [pool-73-thread-1] INFO  server.RaftServerConfigKeys (ConfUtils.java:logGet(46)) - raft.server.log.queue.element-limit = 1024 (custom)
2022-09-28 09:54:09,965 [pool-73-thread-1] INFO  server.RaftServerConfigKeys (ConfUtils.java:logGet(46)) - raft.server.log.segment.size.max = 1048576 (custom)
2022-09-28 09:54:09,965 [pool-73-thread-1] INFO  server.RaftServerConfigKeys (ConfUtils.java:logGet(46)) - raft.server.log.preallocated.size = 16384 (custom)
2022-09-28 09:54:09,965 [pool-73-thread-1] INFO  server.RaftServerConfigKeys (ConfUtils.java:logGet(46)) - raft.server.log.force.sync.num = 128 (default)
2022-09-28 09:54:09,965 [pool-73-thread-1] INFO  server.RaftServerConfigKeys (ConfUtils.java:logGet(46)) - raft.server.log.statemachine.data.sync = true (default)
2022-09-28 09:54:09,965 [pool-73-thread-1] INFO  server.RaftServerConfigKeys (ConfUtils.java:logGet(46)) - raft.server.log.statemachine.data.sync.timeout = 10s (default)
2022-09-28 09:54:09,965 [pool-73-thread-1] INFO  server.RaftServerConfigKeys (ConfUtils.java:logGet(46)) - raft.server.log.statemachine.data.sync.timeout.retry = -1 (default)
2022-09-28 09:54:09,966 [pool-73-thread-1] INFO  server.RaftServerConfigKeys (ConfUtils.java:logGet(46)) - raft.server.log.write.buffer.size = 1048576 (custom)
2022-09-28 09:54:09,967 [pool-73-thread-1] INFO  server.RaftServerConfigKeys (ConfUtils.java:logGet(46)) - raft.server.log.unsafe-flush.enabled = false (default)
2022-09-28 09:54:09,967 [pool-73-thread-1] INFO  server.RaftServerConfigKeys (ConfUtils.java:logGet(46)) - raft.server.log.statemachine.data.caching.enabled = true (custom)
2022-09-28 09:54:09,967 [pool-73-thread-1] INFO  segmented.SegmentedRaftLogWorker (SegmentedRaftLogWorker.java:lambda$new$0(135)) - 2d845149-fded-4749-8bc2-118586f6e1d8@group-1C7BFC8460B1-SegmentedRaftLogWorker: flushIndex: setUnconditionally 0 -> -1
2022-09-28 09:54:09,967 [pool-73-thread-1] INFO  segmented.SegmentedRaftLogWorker (SegmentedRaftLogWorker.java:lambda$new$0(135)) - 2d845149-fded-4749-8bc2-118586f6e1d8@group-1C7BFC8460B1-SegmentedRaftLogWorker: safeCacheEvictIndex: setUnconditionally 0 -> -1
2022-09-28 09:54:09,967 [pool-73-thread-1] INFO  server.RaftServerConfigKeys (ConfUtils.java:logGet(46)) - raft.server.snapshot.auto.trigger.enabled = true (custom)
2022-09-28 09:54:09,967 [pool-73-thread-1] INFO  server.RaftServerConfigKeys (ConfUtils.java:logGet(46)) - raft.server.snapshot.auto.trigger.threshold = 10000 (custom)
2022-09-28 09:54:09,967 [pool-73-thread-1] INFO  server.RaftServerConfigKeys (ConfUtils.java:logGet(46)) - raft.server.snapshot.retention.file.num = 5 (custom)
2022-09-28 09:54:09,967 [pool-73-thread-1] INFO  server.RaftServerConfigKeys (ConfUtils.java:logGet(46)) - raft.server.log.purge.upto.snapshot.index = false (default)
2022-09-28 09:54:09,967 [pool-73-thread-1] INFO  server.RaftServerConfigKeys (ConfUtils.java:logGet(46)) - raft.server.retrycache.expirytime = 600000ms (custom)
2022-09-28 09:54:09,967 [pool-73-thread-1] INFO  server.RaftServerConfigKeys (ConfUtils.java:logGet(46)) - raft.server.retrycache.statistics.expirytime = 100μs (default)
2022-09-28 09:54:09,969 [pool-73-thread-1] INFO  server.RaftServerConfigKeys (ConfUtils.java:logGet(46)) - raft.server.log.appender.install.snapshot.enabled = false (custom)
2022-09-28 09:54:09,969 [pool-73-thread-1] INFO  server.RaftServerConfigKeys (ConfUtils.java:logGet(46)) - raft.server.threadpool.server.cached = true (default)
2022-09-28 09:54:09,969 [pool-73-thread-1] INFO  server.RaftServerConfigKeys (ConfUtils.java:logGet(46)) - raft.server.threadpool.server.size = 0 (default)
2022-09-28 09:54:09,969 [pool-73-thread-1] INFO  server.RaftServerConfigKeys (ConfUtils.java:logGet(46)) - raft.server.threadpool.client.cached = true (default)
2022-09-28 09:54:09,969 [pool-73-thread-1] INFO  server.RaftServerConfigKeys (ConfUtils.java:logGet(46)) - raft.server.threadpool.client.size = 0 (default)
2022-09-28 09:54:09,969 [pool-73-thread-1] INFO  server.RaftServer$Division (RaftServerImpl.java:start(310)) - 2d845149-fded-4749-8bc2-118586f6e1d8@group-1C7BFC8460B1: start as a follower, conf=-1: [2d845149-fded-4749-8bc2-118586f6e1d8|rpc:10.1.1.21:44611|priority:1], old=null
2022-09-28 09:54:09,969 [pool-73-thread-1] INFO  server.RaftServer$Division (RaftServerImpl.java:setRole(299)) - 2d845149-fded-4749-8bc2-118586f6e1d8@group-1C7BFC8460B1: changes role from      null to FOLLOWER at term 0 for startAsFollower
2022-09-28 09:54:09,970 [pool-73-thread-1] INFO  impl.RoleInfo (RoleInfo.java:updateAndGet(139)) - 2d845149-fded-4749-8bc2-118586f6e1d8: start 2d845149-fded-4749-8bc2-118586f6e1d8@group-1C7BFC8460B1-FollowerState
2022-09-28 09:54:09,976 [pool-73-thread-1] INFO  util.JmxRegister (JmxRegister.java:tryRegister(44)) - Successfully registered JMX Bean with object name Ratis:service=RaftServer,group=group-1C7BFC8460B1,id=2d845149-fded-4749-8bc2-118586f6e1d8
2022-09-28 09:54:09,989 [EventQueue-PipelineReportForPipelineReportHandler] INFO  pipeline.PipelineManagerImpl (PipelineManagerImpl.java:openPipeline(367)) - Pipeline Pipeline[ Id: 0c4daa34-5ab4-44e4-8293-1c7bfc8460b1, Nodes: 2d845149-fded-4749-8bc2-118586f6e1d8{ip: 10.1.1.21, host: fv-az204-790.d0ggoinxmwcejgojbuqly40l0e.cx.internal.cloudapp.net, ports: [REPLICATION=33257, RATIS=44611, RATIS_ADMIN=44611, RATIS_SERVER=44611, STANDALONE=42467], networkLocation: /default-rack, certSerialId: null, persistedOpState: IN_SERVICE, persistedOpStateExpiryEpochSec: 0}, ReplicationConfig: RATIS/ONE, State:ALLOCATED, leaderId:2d845149-fded-4749-8bc2-118586f6e1d8, CreationTimestamp2022-09-28T09:54:06.959Z[Etc/UTC]] moved to OPEN state
2022-09-28 09:54:09,992 [Command processor thread] INFO  ratis.XceiverServerRatis (XceiverServerRatis.java:addGroup(765)) - Created group PipelineID=0c4daa34-5ab4-44e4-8293-1c7bfc8460b1
2022-09-28 09:54:09,993 [Command processor thread] INFO  commandhandler.CreatePipelineCommandHandler (CreatePipelineCommandHandler.java:handle(113)) - Created Pipeline RATIS ONE PipelineID=0c4daa34-5ab4-44e4-8293-1c7bfc8460b1.
2022-09-28 09:54:09,993 [Command processor thread] INFO  server.RaftServer (RaftServerProxy.java:addNew(96)) - 2d845149-fded-4749-8bc2-118586f6e1d8: addNew group-384A3FD51C4E:[2d845149-fded-4749-8bc2-118586f6e1d8|rpc:10.1.1.21:44611|priority:1, 20e90031-3f6f-4112-85ad-1ad3a95fac96|rpc:10.1.1.21:38353|priority:0, 6e0ecbc9-7476-4900-ba73-72d2d77f3b59|rpc:10.1.1.21:33835|priority:0] returns group-384A3FD51C4E:java.util.concurrent.CompletableFuture@7096b953[Not completed]
2022-09-28 09:54:09,994 [pool-73-thread-1] INFO  server.RaftServer$Division (RaftServerImpl.java:<init>(190)) - 2d845149-fded-4749-8bc2-118586f6e1d8: new RaftServerImpl for group-384A3FD51C4E:[2d845149-fded-4749-8bc2-118586f6e1d8|rpc:10.1.1.21:44611|priority:1, 20e90031-3f6f-4112-85ad-1ad3a95fac96|rpc:10.1.1.21:38353|priority:0, 6e0ecbc9-7476-4900-ba73-72d2d77f3b59|rpc:10.1.1.21:33835|priority:0] with ContainerStateMachine:uninitialized
2022-09-28 09:54:09,994 [pool-73-thread-1] INFO  server.RaftServerConfigKeys (ConfUtils.java:logGet(46)) - raft.server.rpc.timeout.min = 5s (custom)
2022-09-28 09:54:09,994 [pool-73-thread-1] INFO  server.RaftServerConfigKeys (ConfUtils.java:logGet(46)) - raft.server.rpc.timeout.max = 5200ms (custom)
2022-09-28 09:54:09,994 [pool-73-thread-1] INFO  server.RaftServerConfigKeys (ConfUtils.java:logGet(46)) - raft.server.rpc.sleep.time = 25ms (default)
2022-09-28 09:54:09,994 [pool-73-thread-1] INFO  server.RaftServerConfigKeys (ConfUtils.java:logGet(46)) - raft.server.rpc.slowness.timeout = 300s (custom)
2022-09-28 09:54:09,994 [pool-73-thread-1] INFO  server.RaftServerConfigKeys (ConfUtils.java:logGet(46)) - raft.server.leaderelection.leader.step-down.wait-time = 10s (default)
2022-09-28 09:54:09,994 [pool-73-thread-1] INFO  server.RaftServerConfigKeys (ConfUtils.java:logGet(46)) - raft.server.sleep.deviation.threshold = 300ms (default)
2022-09-28 09:54:09,994 [pool-73-thread-1] INFO  server.RaftServer$Division (ServerState.java:<init>(107)) - 2d845149-fded-4749-8bc2-118586f6e1d8@group-384A3FD51C4E: ConfigurationManager, init=-1: [2d845149-fded-4749-8bc2-118586f6e1d8|rpc:10.1.1.21:44611|priority:1, 20e90031-3f6f-4112-85ad-1ad3a95fac96|rpc:10.1.1.21:38353|priority:0, 6e0ecbc9-7476-4900-ba73-72d2d77f3b59|rpc:10.1.1.21:33835|priority:0], old=null, confs=<EMPTY_MAP>
2022-09-28 09:54:09,995 [pool-73-thread-1] INFO  server.RaftServerConfigKeys (ConfUtils.java:logGet(46)) - raft.server.storage.dir = [/home/runner/work/ozone/ozone/hadoop-ozone/integration-test/target/test-dir/MiniOzoneClusterImpl-f38c25ab-2440-4177-af3f-c722ecf984ff/datanode-0/data/ratis] (custom)
2022-09-28 09:54:09,995 [pool-73-thread-1] INFO  server.RaftServerConfigKeys (ConfUtils.java:logGet(46)) - raft.server.log.corruption.policy = EXCEPTION (default)
2022-09-28 09:54:09,995 [pool-73-thread-1] INFO  server.RaftServerConfigKeys (ConfUtils.java:logGet(46)) - raft.server.storage.free-space.min = 0MB (=0) (default)
2022-09-28 09:54:09,995 [pool-73-thread-1] INFO  storage.RaftStorageDirectory (RaftStorageDirectoryImpl.java:analyzeStorage(135)) - The storage directory /home/runner/work/ozone/ozone/hadoop-ozone/integration-test/target/test-dir/MiniOzoneClusterImpl-f38c25ab-2440-4177-af3f-c722ecf984ff/datanode-0/data/ratis/0c0931c2-984d-4ae0-8849-384a3fd51c4e does not exist. Creating ...
2022-09-28 09:54:09,995 [EventQueue-OpenPipelineForHealthyPipelineSafeModeRule] INFO  safemode.SCMSafeModeManager (HealthyPipelineSafeModeRule.java:process(137)) - SCM in safe mode. Healthy pipelines reported count is 0, required healthy pipeline reported count is 1
2022-09-28 09:54:09,996 [pool-73-thread-1] INFO  storage.RaftStorageDirectory (RaftStorageDirectoryImpl.java:tryLock(230)) - Lock on /home/runner/work/ozone/ozone/hadoop-ozone/integration-test/target/test-dir/MiniOzoneClusterImpl-f38c25ab-2440-4177-af3f-c722ecf984ff/datanode-0/data/ratis/0c0931c2-984d-4ae0-8849-384a3fd51c4e/in_use.lock acquired by nodename 12863@fv-az204-790
2022-09-28 09:54:09,998 [pool-73-thread-1] INFO  storage.RaftStorage (RaftStorageImpl.java:format(89)) - Storage directory /home/runner/work/ozone/ozone/hadoop-ozone/integration-test/target/test-dir/MiniOzoneClusterImpl-f38c25ab-2440-4177-af3f-c722ecf984ff/datanode-0/data/ratis/0c0931c2-984d-4ae0-8849-384a3fd51c4e has been successfully formatted.
2022-09-28 09:54:09,998 [pool-73-thread-1] INFO  ratis.ContainerStateMachine (ContainerStateMachine.java:loadSnapshot(236)) - group-384A3FD51C4E: The snapshot info is null. Setting the last applied indexto:(t:0, i:~)
2022-09-28 09:54:09,998 [pool-73-thread-1] INFO  server.RaftServerConfigKeys (ConfUtils.java:logGet(46)) - raft.server.notification.no-leader.timeout = 300s (custom)
2022-09-28 09:54:09,998 [pool-73-thread-1] INFO  server.RaftServerConfigKeys (ConfUtils.java:logGet(46)) - raft.server.log.use.memory = false (default)
2022-09-28 09:54:09,998 [pool-73-thread-1] INFO  server.RaftServerConfigKeys (ConfUtils.java:logGet(46)) - raft.server.log.purge.gap = 1000000 (custom)
2022-09-28 09:54:10,000 [pool-73-thread-1] INFO  server.RaftServerConfigKeys (ConfUtils.java:logGet(46)) - raft.server.log.appender.buffer.byte-limit = 33554432 (custom)
2022-09-28 09:54:10,001 [pool-73-thread-1] INFO  server.RaftServerConfigKeys (ConfUtils.java:logGet(46)) - raft.server.log.statemachine.data.read.timeout = 1000ms (default)
2022-09-28 09:54:10,001 [pool-73-thread-1] INFO  server.RaftServerConfigKeys (ConfUtils.java:logGet(46)) - raft.server.log.segment.size.max = 1048576 (custom)
2022-09-28 09:54:10,001 [pool-73-thread-1] INFO  server.RaftServerConfigKeys (ConfUtils.java:logGet(46)) - raft.server.log.segment.cache.num.max = 2 (custom)
2022-09-28 09:54:10,001 [pool-73-thread-1] INFO  server.RaftServerConfigKeys (ConfUtils.java:logGet(46)) - raft.server.log.segment.cache.size.max = 200MB (=209715200) (default)
2022-09-28 09:54:10,001 [pool-73-thread-1] INFO  segmented.SegmentedRaftLogWorker (SegmentedRaftLogWorker.java:<init>(187)) - new 2d845149-fded-4749-8bc2-118586f6e1d8@group-384A3FD51C4E-SegmentedRaftLogWorker for RaftStorageImpl:Storage Directory /home/runner/work/ozone/ozone/hadoop-ozone/integration-test/target/test-dir/MiniOzoneClusterImpl-f38c25ab-2440-4177-af3f-c722ecf984ff/datanode-0/data/ratis/0c0931c2-984d-4ae0-8849-384a3fd51c4e
2022-09-28 09:54:10,001 [pool-73-thread-1] INFO  server.RaftServerConfigKeys (ConfUtils.java:logGet(46)) - raft.server.log.queue.byte-limit = 4294967296 (custom)
2022-09-28 09:54:10,002 [pool-73-thread-1] INFO  server.RaftServerConfigKeys (ConfUtils.java:logGet(46)) - raft.server.log.queue.element-limit = 1024 (custom)
2022-09-28 09:54:10,002 [pool-73-thread-1] INFO  server.RaftServerConfigKeys (ConfUtils.java:logGet(46)) - raft.server.log.segment.size.max = 1048576 (custom)
2022-09-28 09:54:10,002 [pool-73-thread-1] INFO  server.RaftServerConfigKeys (ConfUtils.java:logGet(46)) - raft.server.log.preallocated.size = 16384 (custom)
2022-09-28 09:54:10,002 [pool-73-thread-1] INFO  server.RaftServerConfigKeys (ConfUtils.java:logGet(46)) - raft.server.log.force.sync.num = 128 (default)
2022-09-28 09:54:10,002 [pool-73-thread-1] INFO  server.RaftServerConfigKeys (ConfUtils.java:logGet(46)) - raft.server.log.statemachine.data.sync = true (default)
2022-09-28 09:54:10,002 [pool-73-thread-1] INFO  server.RaftServerConfigKeys (ConfUtils.java:logGet(46)) - raft.server.log.statemachine.data.sync.timeout = 10s (default)
2022-09-28 09:54:10,002 [pool-73-thread-1] INFO  server.RaftServerConfigKeys (ConfUtils.java:logGet(46)) - raft.server.log.statemachine.data.sync.timeout.retry = -1 (default)
2022-09-28 09:54:10,003 [EventQueue-OpenPipelineForHealthyPipelineSafeModeRule] INFO  safemode.SCMSafeModeManager (HealthyPipelineSafeModeRule.java:process(137)) - SCM in safe mode. Healthy pipelines reported count is 0, required healthy pipeline reported count is 1
2022-09-28 09:54:10,007 [pool-73-thread-1] INFO  server.RaftServerConfigKeys (ConfUtils.java:logGet(46)) - raft.server.log.write.buffer.size = 1048576 (custom)
2022-09-28 09:54:10,007 [pool-73-thread-1] INFO  server.RaftServerConfigKeys (ConfUtils.java:logGet(46)) - raft.server.log.unsafe-flush.enabled = false (default)
2022-09-28 09:54:10,007 [pool-73-thread-1] INFO  server.RaftServerConfigKeys (ConfUtils.java:logGet(46)) - raft.server.log.statemachine.data.caching.enabled = true (custom)
2022-09-28 09:54:10,008 [pool-73-thread-1] INFO  segmented.SegmentedRaftLogWorker (SegmentedRaftLogWorker.java:lambda$new$0(135)) - 2d845149-fded-4749-8bc2-118586f6e1d8@group-384A3FD51C4E-SegmentedRaftLogWorker: flushIndex: setUnconditionally 0 -> -1
2022-09-28 09:54:10,008 [pool-73-thread-1] INFO  segmented.SegmentedRaftLogWorker (SegmentedRaftLogWorker.java:lambda$new$0(135)) - 2d845149-fded-4749-8bc2-118586f6e1d8@group-384A3FD51C4E-SegmentedRaftLogWorker: safeCacheEvictIndex: setUnconditionally 0 -> -1
2022-09-28 09:54:10,008 [pool-73-thread-1] INFO  server.RaftServerConfigKeys (ConfUtils.java:logGet(46)) - raft.server.snapshot.auto.trigger.enabled = true (custom)
2022-09-28 09:54:10,008 [pool-73-thread-1] INFO  server.RaftServerConfigKeys (ConfUtils.java:logGet(46)) - raft.server.snapshot.auto.trigger.threshold = 10000 (custom)
2022-09-28 09:54:10,008 [pool-73-thread-1] INFO  server.RaftServerConfigKeys (ConfUtils.java:logGet(46)) - raft.server.snapshot.retention.file.num = 5 (custom)
2022-09-28 09:54:10,008 [pool-73-thread-1] INFO  server.RaftServerConfigKeys (ConfUtils.java:logGet(46)) - raft.server.log.purge.upto.snapshot.index = false (default)
2022-09-28 09:54:10,008 [pool-73-thread-1] INFO  server.RaftServerConfigKeys (ConfUtils.java:logGet(46)) - raft.server.retrycache.expirytime = 600000ms (custom)
2022-09-28 09:54:10,008 [pool-73-thread-1] INFO  server.RaftServerConfigKeys (ConfUtils.java:logGet(46)) - raft.server.retrycache.statistics.expirytime = 100μs (default)
2022-09-28 09:54:10,011 [pool-73-thread-1] INFO  server.RaftServerConfigKeys (ConfUtils.java:logGet(46)) - raft.server.log.appender.install.snapshot.enabled = false (custom)
2022-09-28 09:54:10,011 [pool-73-thread-1] INFO  server.RaftServerConfigKeys (ConfUtils.java:logGet(46)) - raft.server.threadpool.server.cached = true (default)
2022-09-28 09:54:10,011 [pool-73-thread-1] INFO  server.RaftServerConfigKeys (ConfUtils.java:logGet(46)) - raft.server.threadpool.server.size = 0 (default)
2022-09-28 09:54:10,011 [pool-73-thread-1] INFO  server.RaftServerConfigKeys (ConfUtils.java:logGet(46)) - raft.server.threadpool.client.cached = true (default)
2022-09-28 09:54:10,011 [pool-73-thread-1] INFO  server.RaftServerConfigKeys (ConfUtils.java:logGet(46)) - raft.server.threadpool.client.size = 0 (default)
2022-09-28 09:54:10,011 [pool-73-thread-1] INFO  server.RaftServer$Division (RaftServerImpl.java:start(310)) - 2d845149-fded-4749-8bc2-118586f6e1d8@group-384A3FD51C4E: start as a follower, conf=-1: [2d845149-fded-4749-8bc2-118586f6e1d8|rpc:10.1.1.21:44611|priority:1, 20e90031-3f6f-4112-85ad-1ad3a95fac96|rpc:10.1.1.21:38353|priority:0, 6e0ecbc9-7476-4900-ba73-72d2d77f3b59|rpc:10.1.1.21:33835|priority:0], old=null
2022-09-28 09:54:10,011 [pool-73-thread-1] INFO  server.RaftServer$Division (RaftServerImpl.java:setRole(299)) - 2d845149-fded-4749-8bc2-118586f6e1d8@group-384A3FD51C4E: changes role from      null to FOLLOWER at term 0 for startAsFollower
2022-09-28 09:54:10,011 [pool-73-thread-1] INFO  impl.RoleInfo (RoleInfo.java:updateAndGet(139)) - 2d845149-fded-4749-8bc2-118586f6e1d8: start 2d845149-fded-4749-8bc2-118586f6e1d8@group-384A3FD51C4E-FollowerState
2022-09-28 09:54:10,012 [pool-73-thread-1] INFO  util.JmxRegister (JmxRegister.java:tryRegister(44)) - Successfully registered JMX Bean with object name Ratis:service=RaftServer,group=group-384A3FD51C4E,id=2d845149-fded-4749-8bc2-118586f6e1d8
2022-09-28 09:54:10,014 [Command processor thread] INFO  ratis.XceiverServerRatis (XceiverServerRatis.java:addGroup(765)) - Created group PipelineID=0c0931c2-984d-4ae0-8849-384a3fd51c4e
2022-09-28 09:54:10,355 [Listener at 127.0.0.1/33915] INFO  ozone.MiniOzoneClusterImpl (MiniOzoneClusterImpl.java:lambda$waitForClusterToBeReady$0(216)) - Nodes are ready. Got 5 of 5 DN Heartbeats.
2022-09-28 09:54:10,355 [Listener at 127.0.0.1/33915] INFO  ozone.MiniOzoneClusterImpl (MiniOzoneClusterImpl.java:lambda$waitForClusterToBeReady$0(219)) - Waiting for cluster to exit safe mode
2022-09-28 09:54:10,355 [Listener at 127.0.0.1/33915] INFO  ozone.MiniOzoneClusterImpl (MiniOzoneClusterImpl.java:lambda$waitForClusterToBeReady$0(221)) - SCM became leader
2022-09-28 09:54:10,421 [grpc-default-executor-0] INFO  server.RaftServer (RaftServerProxy.java:addNew(96)) - 20e90031-3f6f-4112-85ad-1ad3a95fac96: addNew group-384A3FD51C4E:[2d845149-fded-4749-8bc2-118586f6e1d8|rpc:10.1.1.21:44611|dataStream:|priority:1, 20e90031-3f6f-4112-85ad-1ad3a95fac96|rpc:10.1.1.21:38353|dataStream:|priority:0, 6e0ecbc9-7476-4900-ba73-72d2d77f3b59|rpc:10.1.1.21:33835|dataStream:|priority:0] returns group-384A3FD51C4E:java.util.concurrent.CompletableFuture@20d619c2[Not completed]
2022-09-28 09:54:10,422 [pool-96-thread-1] INFO  server.RaftServer$Division (RaftServerImpl.java:<init>(190)) - 20e90031-3f6f-4112-85ad-1ad3a95fac96: new RaftServerImpl for group-384A3FD51C4E:[2d845149-fded-4749-8bc2-118586f6e1d8|rpc:10.1.1.21:44611|dataStream:|priority:1, 20e90031-3f6f-4112-85ad-1ad3a95fac96|rpc:10.1.1.21:38353|dataStream:|priority:0, 6e0ecbc9-7476-4900-ba73-72d2d77f3b59|rpc:10.1.1.21:33835|dataStream:|priority:0] with ContainerStateMachine:uninitialized
2022-09-28 09:54:10,422 [pool-96-thread-1] INFO  server.RaftServerConfigKeys (ConfUtils.java:logGet(46)) - raft.server.rpc.timeout.min = 5s (custom)
2022-09-28 09:54:10,422 [pool-96-thread-1] INFO  server.RaftServerConfigKeys (ConfUtils.java:logGet(46)) - raft.server.rpc.timeout.max = 5200ms (custom)
2022-09-28 09:54:10,422 [pool-96-thread-1] INFO  server.RaftServerConfigKeys (ConfUtils.java:logGet(46)) - raft.server.rpc.sleep.time = 25ms (default)
2022-09-28 09:54:10,422 [pool-96-thread-1] INFO  server.RaftServerConfigKeys (ConfUtils.java:logGet(46)) - raft.server.rpc.slowness.timeout = 300s (custom)
2022-09-28 09:54:10,422 [pool-96-thread-1] INFO  server.RaftServerConfigKeys (ConfUtils.java:logGet(46)) - raft.server.leaderelection.leader.step-down.wait-time = 10s (default)
2022-09-28 09:54:10,422 [pool-96-thread-1] INFO  server.RaftServerConfigKeys (ConfUtils.java:logGet(46)) - raft.server.sleep.deviation.threshold = 300ms (default)
2022-09-28 09:54:10,422 [pool-96-thread-1] INFO  server.RaftServer$Division (ServerState.java:<init>(107)) - 20e90031-3f6f-4112-85ad-1ad3a95fac96@group-384A3FD51C4E: ConfigurationManager, init=-1: [2d845149-fded-4749-8bc2-118586f6e1d8|rpc:10.1.1.21:44611|dataStream:|priority:1, 20e90031-3f6f-4112-85ad-1ad3a95fac96|rpc:10.1.1.21:38353|dataStream:|priority:0, 6e0ecbc9-7476-4900-ba73-72d2d77f3b59|rpc:10.1.1.21:33835|dataStream:|priority:0], old=null, confs=<EMPTY_MAP>
2022-09-28 09:54:10,422 [pool-96-thread-1] INFO  server.RaftServerConfigKeys (ConfUtils.java:logGet(46)) - raft.server.storage.dir = [/home/runner/work/ozone/ozone/hadoop-ozone/integration-test/target/test-dir/MiniOzoneClusterImpl-f38c25ab-2440-4177-af3f-c722ecf984ff/datanode-1/data/ratis] (custom)
2022-09-28 09:54:10,423 [pool-96-thread-1] INFO  server.RaftServerConfigKeys (ConfUtils.java:logGet(46)) - raft.server.log.corruption.policy = EXCEPTION (default)
2022-09-28 09:54:10,423 [pool-96-thread-1] INFO  server.RaftServerConfigKeys (ConfUtils.java:logGet(46)) - raft.server.storage.free-space.min = 0MB (=0) (default)
2022-09-28 09:54:10,423 [pool-96-thread-1] INFO  storage.RaftStorageDirectory (RaftStorageDirectoryImpl.java:analyzeStorage(135)) - The storage directory /home/runner/work/ozone/ozone/hadoop-ozone/integration-test/target/test-dir/MiniOzoneClusterImpl-f38c25ab-2440-4177-af3f-c722ecf984ff/datanode-1/data/ratis/0c0931c2-984d-4ae0-8849-384a3fd51c4e does not exist. Creating ...
2022-09-28 09:54:10,424 [pool-96-thread-1] INFO  storage.RaftStorageDirectory (RaftStorageDirectoryImpl.java:tryLock(230)) - Lock on /home/runner/work/ozone/ozone/hadoop-ozone/integration-test/target/test-dir/MiniOzoneClusterImpl-f38c25ab-2440-4177-af3f-c722ecf984ff/datanode-1/data/ratis/0c0931c2-984d-4ae0-8849-384a3fd51c4e/in_use.lock acquired by nodename 12863@fv-az204-790
2022-09-28 09:54:10,425 [pool-96-thread-1] INFO  storage.RaftStorage (RaftStorageImpl.java:format(89)) - Storage directory /home/runner/work/ozone/ozone/hadoop-ozone/integration-test/target/test-dir/MiniOzoneClusterImpl-f38c25ab-2440-4177-af3f-c722ecf984ff/datanode-1/data/ratis/0c0931c2-984d-4ae0-8849-384a3fd51c4e has been successfully formatted.
2022-09-28 09:54:10,429 [Command processor thread] INFO  server.RaftServer (RaftServerProxy.java:addNew(96)) - 20e90031-3f6f-4112-85ad-1ad3a95fac96: addNew group-490C1478A7E4:[20e90031-3f6f-4112-85ad-1ad3a95fac96|rpc:10.1.1.21:38353|priority:1] returns group-490C1478A7E4:java.util.concurrent.CompletableFuture@6544ca51[Not completed]
2022-09-28 09:54:10,430 [pool-96-thread-1] INFO  ratis.ContainerStateMachine (ContainerStateMachine.java:loadSnapshot(236)) - group-384A3FD51C4E: The snapshot info is null. Setting the last applied indexto:(t:0, i:~)
2022-09-28 09:54:10,431 [pool-96-thread-1] INFO  server.RaftServerConfigKeys (ConfUtils.java:logGet(46)) - raft.server.notification.no-leader.timeout = 300s (custom)
2022-09-28 09:54:10,431 [pool-96-thread-1] INFO  server.RaftServerConfigKeys (ConfUtils.java:logGet(46)) - raft.server.log.use.memory = false (default)
2022-09-28 09:54:10,431 [pool-96-thread-1] INFO  server.RaftServerConfigKeys (ConfUtils.java:logGet(46)) - raft.server.log.purge.gap = 1000000 (custom)
2022-09-28 09:54:10,431 [pool-96-thread-1] INFO  server.RaftServerConfigKeys (ConfUtils.java:logGet(46)) - raft.server.log.appender.buffer.byte-limit = 33554432 (custom)
2022-09-28 09:54:10,431 [pool-96-thread-1] INFO  server.RaftServerConfigKeys (ConfUtils.java:logGet(46)) - raft.server.log.statemachine.data.read.timeout = 1000ms (default)
2022-09-28 09:54:10,431 [pool-96-thread-1] INFO  server.RaftServerConfigKeys (ConfUtils.java:logGet(46)) - raft.server.log.segment.size.max = 1048576 (custom)
2022-09-28 09:54:10,432 [pool-96-thread-1] INFO  server.RaftServerConfigKeys (ConfUtils.java:logGet(46)) - raft.server.log.segment.cache.num.max = 2 (custom)
2022-09-28 09:54:10,432 [pool-96-thread-1] INFO  server.RaftServerConfigKeys (ConfUtils.java:logGet(46)) - raft.server.log.segment.cache.size.max = 200MB (=209715200) (default)
2022-09-28 09:54:10,432 [pool-96-thread-1] INFO  segmented.SegmentedRaftLogWorker (SegmentedRaftLogWorker.java:<init>(187)) - new 20e90031-3f6f-4112-85ad-1ad3a95fac96@group-384A3FD51C4E-SegmentedRaftLogWorker for RaftStorageImpl:Storage Directory /home/runner/work/ozone/ozone/hadoop-ozone/integration-test/target/test-dir/MiniOzoneClusterImpl-f38c25ab-2440-4177-af3f-c722ecf984ff/datanode-1/data/ratis/0c0931c2-984d-4ae0-8849-384a3fd51c4e
2022-09-28 09:54:10,432 [pool-96-thread-1] INFO  server.RaftServerConfigKeys (ConfUtils.java:logGet(46)) - raft.server.log.queue.byte-limit = 4294967296 (custom)
2022-09-28 09:54:10,432 [pool-96-thread-1] INFO  server.RaftServerConfigKeys (ConfUtils.java:logGet(46)) - raft.server.log.queue.element-limit = 1024 (custom)
2022-09-28 09:54:10,432 [pool-96-thread-1] INFO  server.RaftServerConfigKeys (ConfUtils.java:logGet(46)) - raft.server.log.segment.size.max = 1048576 (custom)
2022-09-28 09:54:10,433 [pool-96-thread-1] INFO  server.RaftServerConfigKeys (ConfUtils.java:logGet(46)) - raft.server.log.preallocated.size = 16384 (custom)
2022-09-28 09:54:10,433 [pool-96-thread-1] INFO  server.RaftServerConfigKeys (ConfUtils.java:logGet(46)) - raft.server.log.force.sync.num = 128 (default)
2022-09-28 09:54:10,433 [pool-96-thread-1] INFO  server.RaftServerConfigKeys (ConfUtils.java:logGet(46)) - raft.server.log.statemachine.data.sync = true (default)
2022-09-28 09:54:10,433 [pool-96-thread-1] INFO  server.RaftServerConfigKeys (ConfUtils.java:logGet(46)) - raft.server.log.statemachine.data.sync.timeout = 10s (default)
2022-09-28 09:54:10,433 [pool-96-thread-1] INFO  server.RaftServerConfigKeys (ConfUtils.java:logGet(46)) - raft.server.log.statemachine.data.sync.timeout.retry = -1 (default)
2022-09-28 09:54:10,434 [pool-96-thread-1] INFO  server.RaftServerConfigKeys (ConfUtils.java:logGet(46)) - raft.server.log.write.buffer.size = 1048576 (custom)
2022-09-28 09:54:10,434 [pool-96-thread-1] INFO  server.RaftServerConfigKeys (ConfUtils.java:logGet(46)) - raft.server.log.unsafe-flush.enabled = false (default)
2022-09-28 09:54:10,434 [pool-96-thread-1] INFO  server.RaftServerConfigKeys (ConfUtils.java:logGet(46)) - raft.server.log.statemachine.data.caching.enabled = true (custom)
2022-09-28 09:54:10,434 [pool-96-thread-1] INFO  segmented.SegmentedRaftLogWorker (SegmentedRaftLogWorker.java:lambda$new$0(135)) - 20e90031-3f6f-4112-85ad-1ad3a95fac96@group-384A3FD51C4E-SegmentedRaftLogWorker: flushIndex: setUnconditionally 0 -> -1
2022-09-28 09:54:10,434 [pool-96-thread-1] INFO  segmented.SegmentedRaftLogWorker (SegmentedRaftLogWorker.java:lambda$new$0(135)) - 20e90031-3f6f-4112-85ad-1ad3a95fac96@group-384A3FD51C4E-SegmentedRaftLogWorker: safeCacheEvictIndex: setUnconditionally 0 -> -1
2022-09-28 09:54:10,434 [pool-96-thread-1] INFO  server.RaftServerConfigKeys (ConfUtils.java:logGet(46)) - raft.server.snapshot.auto.trigger.enabled = true (custom)
2022-09-28 09:54:10,434 [pool-96-thread-1] INFO  server.RaftServerConfigKeys (ConfUtils.java:logGet(46)) - raft.server.snapshot.auto.trigger.threshold = 10000 (custom)
2022-09-28 09:54:10,435 [pool-96-thread-1] INFO  server.RaftServerConfigKeys (ConfUtils.java:logGet(46)) - raft.server.snapshot.retention.file.num = 5 (custom)
2022-09-28 09:54:10,435 [pool-96-thread-1] INFO  server.RaftServerConfigKeys (ConfUtils.java:logGet(46)) - raft.server.log.purge.upto.snapshot.index = false (default)
2022-09-28 09:54:10,435 [pool-96-thread-1] INFO  server.RaftServerConfigKeys (ConfUtils.java:logGet(46)) - raft.server.retrycache.expirytime = 600000ms (custom)
2022-09-28 09:54:10,435 [pool-96-thread-1] INFO  server.RaftServerConfigKeys (ConfUtils.java:logGet(46)) - raft.server.retrycache.statistics.expirytime = 100μs (default)
2022-09-28 09:54:10,436 [pool-96-thread-1] INFO  server.RaftServerConfigKeys (ConfUtils.java:logGet(46)) - raft.server.log.appender.install.snapshot.enabled = false (custom)
2022-09-28 09:54:10,436 [pool-96-thread-1] INFO  server.RaftServerConfigKeys (ConfUtils.java:logGet(46)) - raft.server.threadpool.server.cached = true (default)
2022-09-28 09:54:10,436 [pool-96-thread-1] INFO  server.RaftServerConfigKeys (ConfUtils.java:logGet(46)) - raft.server.threadpool.server.size = 0 (default)
2022-09-28 09:54:10,436 [pool-96-thread-1] INFO  server.RaftServerConfigKeys (ConfUtils.java:logGet(46)) - raft.server.threadpool.client.cached = true (default)
2022-09-28 09:54:10,436 [pool-96-thread-1] INFO  server.RaftServerConfigKeys (ConfUtils.java:logGet(46)) - raft.server.threadpool.client.size = 0 (default)
2022-09-28 09:54:10,437 [pool-96-thread-1] INFO  server.RaftServer$Division (RaftServerImpl.java:<init>(190)) - 20e90031-3f6f-4112-85ad-1ad3a95fac96: new RaftServerImpl for group-490C1478A7E4:[20e90031-3f6f-4112-85ad-1ad3a95fac96|rpc:10.1.1.21:38353|priority:1] with ContainerStateMachine:uninitialized
2022-09-28 09:54:10,437 [pool-96-thread-1] INFO  server.RaftServerConfigKeys (ConfUtils.java:logGet(46)) - raft.server.rpc.timeout.min = 5s (custom)
2022-09-28 09:54:10,437 [pool-96-thread-1] INFO  server.RaftServerConfigKeys (ConfUtils.java:logGet(46)) - raft.server.rpc.timeout.max = 5200ms (custom)
2022-09-28 09:54:10,437 [pool-96-thread-1] INFO  server.RaftServerConfigKeys (ConfUtils.java:logGet(46)) - raft.server.rpc.sleep.time = 25ms (default)
2022-09-28 09:54:10,437 [pool-96-thread-1] INFO  server.RaftServerConfigKeys (ConfUtils.java:logGet(46)) - raft.server.rpc.slowness.timeout = 300s (custom)
2022-09-28 09:54:10,437 [pool-96-thread-1] INFO  server.RaftServerConfigKeys (ConfUtils.java:logGet(46)) - raft.server.leaderelection.leader.step-down.wait-time = 10s (default)
2022-09-28 09:54:10,437 [pool-96-thread-1] INFO  server.RaftServerConfigKeys (ConfUtils.java:logGet(46)) - raft.server.sleep.deviation.threshold = 300ms (default)
2022-09-28 09:54:10,437 [pool-96-thread-1] INFO  server.RaftServer$Division (ServerState.java:<init>(107)) - 20e90031-3f6f-4112-85ad-1ad3a95fac96@group-490C1478A7E4: ConfigurationManager, init=-1: [20e90031-3f6f-4112-85ad-1ad3a95fac96|rpc:10.1.1.21:38353|priority:1], old=null, confs=<EMPTY_MAP>
2022-09-28 09:54:10,437 [pool-96-thread-1] INFO  server.RaftServerConfigKeys (ConfUtils.java:logGet(46)) - raft.server.storage.dir = [/home/runner/work/ozone/ozone/hadoop-ozone/integration-test/target/test-dir/MiniOzoneClusterImpl-f38c25ab-2440-4177-af3f-c722ecf984ff/datanode-1/data/ratis] (custom)
2022-09-28 09:54:10,438 [pool-96-thread-1] INFO  server.RaftServerConfigKeys (ConfUtils.java:logGet(46)) - raft.server.log.corruption.policy = EXCEPTION (default)
2022-09-28 09:54:10,438 [pool-96-thread-1] INFO  server.RaftServerConfigKeys (ConfUtils.java:logGet(46)) - raft.server.storage.free-space.min = 0MB (=0) (default)
2022-09-28 09:54:10,438 [pool-96-thread-1] INFO  storage.RaftStorageDirectory (RaftStorageDirectoryImpl.java:analyzeStorage(135)) - The storage directory /home/runner/work/ozone/ozone/hadoop-ozone/integration-test/target/test-dir/MiniOzoneClusterImpl-f38c25ab-2440-4177-af3f-c722ecf984ff/datanode-1/data/ratis/d1ca17cf-c972-4026-9d91-490c1478a7e4 does not exist. Creating ...
2022-09-28 09:54:10,439 [pool-96-thread-1] INFO  storage.RaftStorageDirectory (RaftStorageDirectoryImpl.java:tryLock(230)) - Lock on /home/runner/work/ozone/ozone/hadoop-ozone/integration-test/target/test-dir/MiniOzoneClusterImpl-f38c25ab-2440-4177-af3f-c722ecf984ff/datanode-1/data/ratis/d1ca17cf-c972-4026-9d91-490c1478a7e4/in_use.lock acquired by nodename 12863@fv-az204-790
2022-09-28 09:54:10,439 [pool-96-thread-1] INFO  storage.RaftStorage (RaftStorageImpl.java:format(89)) - Storage directory /home/runner/work/ozone/ozone/hadoop-ozone/integration-test/target/test-dir/MiniOzoneClusterImpl-f38c25ab-2440-4177-af3f-c722ecf984ff/datanode-1/data/ratis/d1ca17cf-c972-4026-9d91-490c1478a7e4 has been successfully formatted.
2022-09-28 09:54:10,440 [pool-96-thread-1] INFO  ratis.ContainerStateMachine (ContainerStateMachine.java:loadSnapshot(236)) - group-490C1478A7E4: The snapshot info is null. Setting the last applied indexto:(t:0, i:~)
2022-09-28 09:54:10,440 [pool-96-thread-1] INFO  server.RaftServerConfigKeys (ConfUtils.java:logGet(46)) - raft.server.notification.no-leader.timeout = 300s (custom)
2022-09-28 09:54:10,440 [pool-96-thread-1] INFO  server.RaftServerConfigKeys (ConfUtils.java:logGet(46)) - raft.server.log.use.memory = false (default)
2022-09-28 09:54:10,440 [pool-96-thread-1] INFO  server.RaftServerConfigKeys (ConfUtils.java:logGet(46)) - raft.server.log.purge.gap = 1000000 (custom)
2022-09-28 09:54:10,440 [pool-96-thread-1] INFO  server.RaftServerConfigKeys (ConfUtils.java:logGet(46)) - raft.server.log.appender.buffer.byte-limit = 33554432 (custom)
2022-09-28 09:54:10,440 [pool-96-thread-1] INFO  server.RaftServerConfigKeys (ConfUtils.java:logGet(46)) - raft.server.log.statemachine.data.read.timeout = 1000ms (default)
2022-09-28 09:54:10,445 [pool-96-thread-1] INFO  server.RaftServerConfigKeys (ConfUtils.java:logGet(46)) - raft.server.log.segment.size.max = 1048576 (custom)
2022-09-28 09:54:10,445 [EventQueue-PipelineReportForPipelineReportHandler] INFO  pipeline.PipelineManagerImpl (PipelineManagerImpl.java:openPipeline(367)) - Pipeline Pipeline[ Id: d1ca17cf-c972-4026-9d91-490c1478a7e4, Nodes: 20e90031-3f6f-4112-85ad-1ad3a95fac96{ip: 10.1.1.21, host: fv-az204-790.d0ggoinxmwcejgojbuqly40l0e.cx.internal.cloudapp.net, ports: [REPLICATION=36827, RATIS=38353, RATIS_ADMIN=38353, RATIS_SERVER=38353, STANDALONE=35379], networkLocation: /default-rack, certSerialId: null, persistedOpState: IN_SERVICE, persistedOpStateExpiryEpochSec: 0}, ReplicationConfig: RATIS/ONE, State:ALLOCATED, leaderId:20e90031-3f6f-4112-85ad-1ad3a95fac96, CreationTimestamp2022-09-28T09:54:07.431Z[Etc/UTC]] moved to OPEN state
2022-09-28 09:54:10,446 [EventQueue-OpenPipelineForHealthyPipelineSafeModeRule] INFO  safemode.SCMSafeModeManager (HealthyPipelineSafeModeRule.java:process(137)) - SCM in safe mode. Healthy pipelines reported count is 0, required healthy pipeline reported count is 1
2022-09-28 09:54:10,447 [pool-96-thread-1] INFO  server.RaftServerConfigKeys (ConfUtils.java:logGet(46)) - raft.server.log.segment.cache.num.max = 2 (custom)
2022-09-28 09:54:10,447 [pool-96-thread-1] INFO  server.RaftServerConfigKeys (ConfUtils.java:logGet(46)) - raft.server.log.segment.cache.size.max = 200MB (=209715200) (default)
2022-09-28 09:54:10,447 [pool-96-thread-1] INFO  segmented.SegmentedRaftLogWorker (SegmentedRaftLogWorker.java:<init>(187)) - new 20e90031-3f6f-4112-85ad-1ad3a95fac96@group-490C1478A7E4-SegmentedRaftLogWorker for RaftStorageImpl:Storage Directory /home/runner/work/ozone/ozone/hadoop-ozone/integration-test/target/test-dir/MiniOzoneClusterImpl-f38c25ab-2440-4177-af3f-c722ecf984ff/datanode-1/data/ratis/d1ca17cf-c972-4026-9d91-490c1478a7e4
2022-09-28 09:54:10,447 [pool-96-thread-1] INFO  server.RaftServerConfigKeys (ConfUtils.java:logGet(46)) - raft.server.log.queue.byte-limit = 4294967296 (custom)
2022-09-28 09:54:10,447 [pool-96-thread-1] INFO  server.RaftServerConfigKeys (ConfUtils.java:logGet(46)) - raft.server.log.queue.element-limit = 1024 (custom)
2022-09-28 09:54:10,447 [pool-96-thread-1] INFO  server.RaftServerConfigKeys (ConfUtils.java:logGet(46)) - raft.server.log.segment.size.max = 1048576 (custom)
2022-09-28 09:54:10,448 [pool-96-thread-1] INFO  server.RaftServerConfigKeys (ConfUtils.java:logGet(46)) - raft.server.log.preallocated.size = 16384 (custom)
2022-09-28 09:54:10,448 [pool-96-thread-1] INFO  server.RaftServerConfigKeys (ConfUtils.java:logGet(46)) - raft.server.log.force.sync.num = 128 (default)
2022-09-28 09:54:10,448 [pool-96-thread-1] INFO  server.RaftServerConfigKeys (ConfUtils.java:logGet(46)) - raft.server.log.statemachine.data.sync = true (default)
2022-09-28 09:54:10,448 [pool-96-thread-1] INFO  server.RaftServerConfigKeys (ConfUtils.java:logGet(46)) - raft.server.log.statemachine.data.sync.timeout = 10s (default)
2022-09-28 09:54:10,448 [pool-96-thread-1] INFO  server.RaftServerConfigKeys (ConfUtils.java:logGet(46)) - raft.server.log.statemachine.data.sync.timeout.retry = -1 (default)
2022-09-28 09:54:10,449 [pool-96-thread-1] INFO  server.RaftServerConfigKeys (ConfUtils.java:logGet(46)) - raft.server.log.write.buffer.size = 1048576 (custom)
2022-09-28 09:54:10,449 [pool-96-thread-1] INFO  server.RaftServerConfigKeys (ConfUtils.java:logGet(46)) - raft.server.log.unsafe-flush.enabled = false (default)
2022-09-28 09:54:10,449 [pool-96-thread-1] INFO  server.RaftServerConfigKeys (ConfUtils.java:logGet(46)) - raft.server.log.statemachine.data.caching.enabled = true (custom)
2022-09-28 09:54:10,449 [pool-96-thread-1] INFO  segmented.SegmentedRaftLogWorker (SegmentedRaftLogWorker.java:lambda$new$0(135)) - 20e90031-3f6f-4112-85ad-1ad3a95fac96@group-490C1478A7E4-SegmentedRaftLogWorker: flushIndex: setUnconditionally 0 -> -1
2022-09-28 09:54:10,449 [pool-96-thread-1] INFO  segmented.SegmentedRaftLogWorker (SegmentedRaftLogWorker.java:lambda$new$0(135)) - 20e90031-3f6f-4112-85ad-1ad3a95fac96@group-490C1478A7E4-SegmentedRaftLogWorker: safeCacheEvictIndex: setUnconditionally 0 -> -1
2022-09-28 09:54:10,449 [pool-96-thread-1] INFO  server.RaftServerConfigKeys (ConfUtils.java:logGet(46)) - raft.server.snapshot.auto.trigger.enabled = true (custom)
2022-09-28 09:54:10,449 [pool-96-thread-1] INFO  server.RaftServerConfigKeys (ConfUtils.java:logGet(46)) - raft.server.snapshot.auto.trigger.threshold = 10000 (custom)
2022-09-28 09:54:10,449 [pool-96-thread-1] INFO  server.RaftServerConfigKeys (ConfUtils.java:logGet(46)) - raft.server.snapshot.retention.file.num = 5 (custom)
2022-09-28 09:54:10,449 [pool-96-thread-1] INFO  server.RaftServerConfigKeys (ConfUtils.java:logGet(46)) - raft.server.log.purge.upto.snapshot.index = false (default)
2022-09-28 09:54:10,450 [pool-96-thread-1] INFO  server.RaftServerConfigKeys (ConfUtils.java:logGet(46)) - raft.server.retrycache.expirytime = 600000ms (custom)
2022-09-28 09:54:10,450 [pool-96-thread-1] INFO  server.RaftServerConfigKeys (ConfUtils.java:logGet(46)) - raft.server.retrycache.statistics.expirytime = 100μs (default)
2022-09-28 09:54:10,451 [pool-96-thread-1] INFO  server.RaftServerConfigKeys (ConfUtils.java:logGet(46)) - raft.server.log.appender.install.snapshot.enabled = false (custom)
2022-09-28 09:54:10,451 [pool-96-thread-1] INFO  server.RaftServerConfigKeys (ConfUtils.java:logGet(46)) - raft.server.threadpool.server.cached = true (default)
2022-09-28 09:54:10,451 [pool-96-thread-1] INFO  server.RaftServerConfigKeys (ConfUtils.java:logGet(46)) - raft.server.threadpool.server.size = 0 (default)
2022-09-28 09:54:10,451 [pool-96-thread-1] INFO  server.RaftServerConfigKeys (ConfUtils.java:logGet(46)) - raft.server.threadpool.client.cached = true (default)
2022-09-28 09:54:10,451 [pool-96-thread-1] INFO  server.RaftServerConfigKeys (ConfUtils.java:logGet(46)) - raft.server.threadpool.client.size = 0 (default)
2022-09-28 09:54:10,451 [pool-96-thread-1] INFO  server.RaftServer$Division (RaftServerImpl.java:start(310)) - 20e90031-3f6f-4112-85ad-1ad3a95fac96@group-384A3FD51C4E: start as a follower, conf=-1: [2d845149-fded-4749-8bc2-118586f6e1d8|rpc:10.1.1.21:44611|dataStream:|priority:1, 20e90031-3f6f-4112-85ad-1ad3a95fac96|rpc:10.1.1.21:38353|dataStream:|priority:0, 6e0ecbc9-7476-4900-ba73-72d2d77f3b59|rpc:10.1.1.21:33835|dataStream:|priority:0], old=null
2022-09-28 09:54:10,451 [pool-96-thread-1] INFO  server.RaftServer$Division (RaftServerImpl.java:setRole(299)) - 20e90031-3f6f-4112-85ad-1ad3a95fac96@group-384A3FD51C4E: changes role from      null to FOLLOWER at term 0 for startAsFollower
2022-09-28 09:54:10,451 [pool-96-thread-1] INFO  impl.RoleInfo (RoleInfo.java:updateAndGet(139)) - 20e90031-3f6f-4112-85ad-1ad3a95fac96: start 20e90031-3f6f-4112-85ad-1ad3a95fac96@group-384A3FD51C4E-FollowerState
2022-09-28 09:54:10,456 [pool-96-thread-1] INFO  util.JmxRegister (JmxRegister.java:tryRegister(44)) - Successfully registered JMX Bean with object name Ratis:service=RaftServer,group=group-384A3FD51C4E,id=20e90031-3f6f-4112-85ad-1ad3a95fac96
2022-09-28 09:54:10,457 [pool-96-thread-1] INFO  server.RaftServer$Division (RaftServerImpl.java:start(310)) - 20e90031-3f6f-4112-85ad-1ad3a95fac96@group-490C1478A7E4: start as a follower, conf=-1: [20e90031-3f6f-4112-85ad-1ad3a95fac96|rpc:10.1.1.21:38353|priority:1], old=null
2022-09-28 09:54:10,457 [pool-96-thread-1] INFO  server.RaftServer$Division (RaftServerImpl.java:setRole(299)) - 20e90031-3f6f-4112-85ad-1ad3a95fac96@group-490C1478A7E4: changes role from      null to FOLLOWER at term 0 for startAsFollower
2022-09-28 09:54:10,457 [pool-96-thread-1] INFO  impl.RoleInfo (RoleInfo.java:updateAndGet(139)) - 20e90031-3f6f-4112-85ad-1ad3a95fac96: start 20e90031-3f6f-4112-85ad-1ad3a95fac96@group-490C1478A7E4-FollowerState
2022-09-28 09:54:10,462 [pool-96-thread-1] INFO  util.JmxRegister (JmxRegister.java:tryRegister(44)) - Successfully registered JMX Bean with object name Ratis:service=RaftServer,group=group-490C1478A7E4,id=20e90031-3f6f-4112-85ad-1ad3a95fac96
2022-09-28 09:54:10,468 [Command processor thread] INFO  ratis.XceiverServerRatis (XceiverServerRatis.java:addGroup(765)) - Created group PipelineID=d1ca17cf-c972-4026-9d91-490c1478a7e4
2022-09-28 09:54:10,468 [Command processor thread] INFO  commandhandler.CreatePipelineCommandHandler (CreatePipelineCommandHandler.java:handle(113)) - Created Pipeline RATIS ONE PipelineID=d1ca17cf-c972-4026-9d91-490c1478a7e4.
2022-09-28 09:54:10,469 [Command processor thread] INFO  server.RaftServer (RaftServerProxy.java:addNew(96)) - 20e90031-3f6f-4112-85ad-1ad3a95fac96: addNew group-0B7C6D995091:[2d845149-fded-4749-8bc2-118586f6e1d8|rpc:10.1.1.21:44611|priority:0, 20e90031-3f6f-4112-85ad-1ad3a95fac96|rpc:10.1.1.21:38353|priority:1, 6e0ecbc9-7476-4900-ba73-72d2d77f3b59|rpc:10.1.1.21:33835|priority:0] returns group-0B7C6D995091:java.util.concurrent.CompletableFuture@6b833889[Not completed]
2022-09-28 09:54:10,470 [pool-96-thread-1] INFO  server.RaftServer$Division (RaftServerImpl.java:<init>(190)) - 20e90031-3f6f-4112-85ad-1ad3a95fac96: new RaftServerImpl for group-0B7C6D995091:[2d845149-fded-4749-8bc2-118586f6e1d8|rpc:10.1.1.21:44611|priority:0, 20e90031-3f6f-4112-85ad-1ad3a95fac96|rpc:10.1.1.21:38353|priority:1, 6e0ecbc9-7476-4900-ba73-72d2d77f3b59|rpc:10.1.1.21:33835|priority:0] with ContainerStateMachine:uninitialized
2022-09-28 09:54:10,470 [pool-96-thread-1] INFO  server.RaftServerConfigKeys (ConfUtils.java:logGet(46)) - raft.server.rpc.timeout.min = 5s (custom)
2022-09-28 09:54:10,470 [pool-96-thread-1] INFO  server.RaftServerConfigKeys (ConfUtils.java:logGet(46)) - raft.server.rpc.timeout.max = 5200ms (custom)
2022-09-28 09:54:10,470 [pool-96-thread-1] INFO  server.RaftServerConfigKeys (ConfUtils.java:logGet(46)) - raft.server.rpc.sleep.time = 25ms (default)
2022-09-28 09:54:10,470 [pool-96-thread-1] INFO  server.RaftServerConfigKeys (ConfUtils.java:logGet(46)) - raft.server.rpc.slowness.timeout = 300s (custom)
2022-09-28 09:54:10,470 [pool-96-thread-1] INFO  server.RaftServerConfigKeys (ConfUtils.java:logGet(46)) - raft.server.leaderelection.leader.step-down.wait-time = 10s (default)
2022-09-28 09:54:10,470 [pool-96-thread-1] INFO  server.RaftServerConfigKeys (ConfUtils.java:logGet(46)) - raft.server.sleep.deviation.threshold = 300ms (default)
2022-09-28 09:54:10,470 [pool-96-thread-1] INFO  server.RaftServer$Division (ServerState.java:<init>(107)) - 20e90031-3f6f-4112-85ad-1ad3a95fac96@group-0B7C6D995091: ConfigurationManager, init=-1: [2d845149-fded-4749-8bc2-118586f6e1d8|rpc:10.1.1.21:44611|priority:0, 20e90031-3f6f-4112-85ad-1ad3a95fac96|rpc:10.1.1.21:38353|priority:1, 6e0ecbc9-7476-4900-ba73-72d2d77f3b59|rpc:10.1.1.21:33835|priority:0], old=null, confs=<EMPTY_MAP>
2022-09-28 09:54:10,470 [pool-96-thread-1] INFO  server.RaftServerConfigKeys (ConfUtils.java:logGet(46)) - raft.server.storage.dir = [/home/runner/work/ozone/ozone/hadoop-ozone/integration-test/target/test-dir/MiniOzoneClusterImpl-f38c25ab-2440-4177-af3f-c722ecf984ff/datanode-1/data/ratis] (custom)
2022-09-28 09:54:10,470 [pool-96-thread-1] INFO  server.RaftServerConfigKeys (ConfUtils.java:logGet(46)) - raft.server.log.corruption.policy = EXCEPTION (default)
2022-09-28 09:54:10,470 [pool-96-thread-1] INFO  server.RaftServerConfigKeys (ConfUtils.java:logGet(46)) - raft.server.storage.free-space.min = 0MB (=0) (default)
2022-09-28 09:54:10,471 [pool-96-thread-1] INFO  storage.RaftStorageDirectory (RaftStorageDirectoryImpl.java:analyzeStorage(135)) - The storage directory /home/runner/work/ozone/ozone/hadoop-ozone/integration-test/target/test-dir/MiniOzoneClusterImpl-f38c25ab-2440-4177-af3f-c722ecf984ff/datanode-1/data/ratis/69b52b5b-6904-4880-9098-0b7c6d995091 does not exist. Creating ...
2022-09-28 09:54:10,471 [pool-96-thread-1] INFO  storage.RaftStorageDirectory (RaftStorageDirectoryImpl.java:tryLock(230)) - Lock on /home/runner/work/ozone/ozone/hadoop-ozone/integration-test/target/test-dir/MiniOzoneClusterImpl-f38c25ab-2440-4177-af3f-c722ecf984ff/datanode-1/data/ratis/69b52b5b-6904-4880-9098-0b7c6d995091/in_use.lock acquired by nodename 12863@fv-az204-790
2022-09-28 09:54:10,473 [pool-96-thread-1] INFO  storage.RaftStorage (RaftStorageImpl.java:format(89)) - Storage directory /home/runner/work/ozone/ozone/hadoop-ozone/integration-test/target/test-dir/MiniOzoneClusterImpl-f38c25ab-2440-4177-af3f-c722ecf984ff/datanode-1/data/ratis/69b52b5b-6904-4880-9098-0b7c6d995091 has been successfully formatted.
2022-09-28 09:54:10,473 [pool-96-thread-1] INFO  ratis.ContainerStateMachine (ContainerStateMachine.java:loadSnapshot(236)) - group-0B7C6D995091: The snapshot info is null. Setting the last applied indexto:(t:0, i:~)
2022-09-28 09:54:10,473 [pool-96-thread-1] INFO  server.RaftServerConfigKeys (ConfUtils.java:logGet(46)) - raft.server.notification.no-leader.timeout = 300s (custom)
2022-09-28 09:54:10,473 [pool-96-thread-1] INFO  server.RaftServerConfigKeys (ConfUtils.java:logGet(46)) - raft.server.log.use.memory = false (default)
2022-09-28 09:54:10,473 [pool-96-thread-1] INFO  server.RaftServerConfigKeys (ConfUtils.java:logGet(46)) - raft.server.log.purge.gap = 1000000 (custom)
2022-09-28 09:54:10,473 [pool-96-thread-1] INFO  server.RaftServerConfigKeys (ConfUtils.java:logGet(46)) - raft.server.log.appender.buffer.byte-limit = 33554432 (custom)
2022-09-28 09:54:10,473 [pool-96-thread-1] INFO  server.RaftServerConfigKeys (ConfUtils.java:logGet(46)) - raft.server.log.statemachine.data.read.timeout = 1000ms (default)
2022-09-28 09:54:10,473 [pool-96-thread-1] INFO  server.RaftServerConfigKeys (ConfUtils.java:logGet(46)) - raft.server.log.segment.size.max = 1048576 (custom)
2022-09-28 09:54:10,474 [pool-96-thread-1] INFO  server.RaftServerConfigKeys (ConfUtils.java:logGet(46)) - raft.server.log.segment.cache.num.max = 2 (custom)
2022-09-28 09:54:10,474 [pool-96-thread-1] INFO  server.RaftServerConfigKeys (ConfUtils.java:logGet(46)) - raft.server.log.segment.cache.size.max = 200MB (=209715200) (default)
2022-09-28 09:54:10,474 [pool-96-thread-1] INFO  segmented.SegmentedRaftLogWorker (SegmentedRaftLogWorker.java:<init>(187)) - new 20e90031-3f6f-4112-85ad-1ad3a95fac96@group-0B7C6D995091-SegmentedRaftLogWorker for RaftStorageImpl:Storage Directory /home/runner/work/ozone/ozone/hadoop-ozone/integration-test/target/test-dir/MiniOzoneClusterImpl-f38c25ab-2440-4177-af3f-c722ecf984ff/datanode-1/data/ratis/69b52b5b-6904-4880-9098-0b7c6d995091
2022-09-28 09:54:10,474 [pool-96-thread-1] INFO  server.RaftServerConfigKeys (ConfUtils.java:logGet(46)) - raft.server.log.queue.byte-limit = 4294967296 (custom)
2022-09-28 09:54:10,474 [pool-96-thread-1] INFO  server.RaftServerConfigKeys (ConfUtils.java:logGet(46)) - raft.server.log.queue.element-limit = 1024 (custom)
2022-09-28 09:54:10,474 [pool-96-thread-1] INFO  server.RaftServerConfigKeys (ConfUtils.java:logGet(46)) - raft.server.log.segment.size.max = 1048576 (custom)
2022-09-28 09:54:10,474 [pool-96-thread-1] INFO  server.RaftServerConfigKeys (ConfUtils.java:logGet(46)) - raft.server.log.preallocated.size = 16384 (custom)
2022-09-28 09:54:10,474 [pool-96-thread-1] INFO  server.RaftServerConfigKeys (ConfUtils.java:logGet(46)) - raft.server.log.force.sync.num = 128 (default)
2022-09-28 09:54:10,474 [pool-96-thread-1] INFO  server.RaftServerConfigKeys (ConfUtils.java:logGet(46)) - raft.server.log.statemachine.data.sync = true (default)
2022-09-28 09:54:10,474 [pool-96-thread-1] INFO  server.RaftServerConfigKeys (ConfUtils.java:logGet(46)) - raft.server.log.statemachine.data.sync.timeout = 10s (default)
2022-09-28 09:54:10,474 [pool-96-thread-1] INFO  server.RaftServerConfigKeys (ConfUtils.java:logGet(46)) - raft.server.log.statemachine.data.sync.timeout.retry = -1 (default)
2022-09-28 09:54:10,475 [pool-96-thread-1] INFO  server.RaftServerConfigKeys (ConfUtils.java:logGet(46)) - raft.server.log.write.buffer.size = 1048576 (custom)
2022-09-28 09:54:10,475 [pool-96-thread-1] INFO  server.RaftServerConfigKeys (ConfUtils.java:logGet(46)) - raft.server.log.unsafe-flush.enabled = false (default)
2022-09-28 09:54:10,475 [pool-96-thread-1] INFO  server.RaftServerConfigKeys (ConfUtils.java:logGet(46)) - raft.server.log.statemachine.data.caching.enabled = true (custom)
2022-09-28 09:54:10,475 [pool-96-thread-1] INFO  segmented.SegmentedRaftLogWorker (SegmentedRaftLogWorker.java:lambda$new$0(135)) - 20e90031-3f6f-4112-85ad-1ad3a95fac96@group-0B7C6D995091-SegmentedRaftLogWorker: flushIndex: setUnconditionally 0 -> -1
2022-09-28 09:54:10,475 [pool-96-thread-1] INFO  segmented.SegmentedRaftLogWorker (SegmentedRaftLogWorker.java:lambda$new$0(135)) - 20e90031-3f6f-4112-85ad-1ad3a95fac96@group-0B7C6D995091-SegmentedRaftLogWorker: safeCacheEvictIndex: setUnconditionally 0 -> -1
2022-09-28 09:54:10,481 [pool-96-thread-1] INFO  server.RaftServerConfigKeys (ConfUtils.java:logGet(46)) - raft.server.snapshot.auto.trigger.enabled = true (custom)
2022-09-28 09:54:10,481 [pool-96-thread-1] INFO  server.RaftServerConfigKeys (ConfUtils.java:logGet(46)) - raft.server.snapshot.auto.trigger.threshold = 10000 (custom)
2022-09-28 09:54:10,481 [pool-96-thread-1] INFO  server.RaftServerConfigKeys (ConfUtils.java:logGet(46)) - raft.server.snapshot.retention.file.num = 5 (custom)
2022-09-28 09:54:10,481 [pool-96-thread-1] INFO  server.RaftServerConfigKeys (ConfUtils.java:logGet(46)) - raft.server.log.purge.upto.snapshot.index = false (default)
2022-09-28 09:54:10,481 [pool-96-thread-1] INFO  server.RaftServerConfigKeys (ConfUtils.java:logGet(46)) - raft.server.retrycache.expirytime = 600000ms (custom)
2022-09-28 09:54:10,481 [pool-96-thread-1] INFO  server.RaftServerConfigKeys (ConfUtils.java:logGet(46)) - raft.server.retrycache.statistics.expirytime = 100μs (default)
2022-09-28 09:54:10,482 [pool-96-thread-1] INFO  server.RaftServerConfigKeys (ConfUtils.java:logGet(46)) - raft.server.log.appender.install.snapshot.enabled = false (custom)
2022-09-28 09:54:10,483 [pool-96-thread-1] INFO  server.RaftServerConfigKeys (ConfUtils.java:logGet(46)) - raft.server.threadpool.server.cached = true (default)
2022-09-28 09:54:10,483 [pool-96-thread-1] INFO  server.RaftServerConfigKeys (ConfUtils.java:logGet(46)) - raft.server.threadpool.server.size = 0 (default)
2022-09-28 09:54:10,483 [pool-96-thread-1] INFO  server.RaftServerConfigKeys (ConfUtils.java:logGet(46)) - raft.server.threadpool.client.cached = true (default)
2022-09-28 09:54:10,483 [pool-96-thread-1] INFO  server.RaftServerConfigKeys (ConfUtils.java:logGet(46)) - raft.server.threadpool.client.size = 0 (default)
2022-09-28 09:54:10,483 [pool-96-thread-1] INFO  server.RaftServer$Division (RaftServerImpl.java:start(310)) - 20e90031-3f6f-4112-85ad-1ad3a95fac96@group-0B7C6D995091: start as a follower, conf=-1: [2d845149-fded-4749-8bc2-118586f6e1d8|rpc:10.1.1.21:44611|priority:0, 20e90031-3f6f-4112-85ad-1ad3a95fac96|rpc:10.1.1.21:38353|priority:1, 6e0ecbc9-7476-4900-ba73-72d2d77f3b59|rpc:10.1.1.21:33835|priority:0], old=null
2022-09-28 09:54:10,483 [pool-96-thread-1] INFO  server.RaftServer$Division (RaftServerImpl.java:setRole(299)) - 20e90031-3f6f-4112-85ad-1ad3a95fac96@group-0B7C6D995091: changes role from      null to FOLLOWER at term 0 for startAsFollower
2022-09-28 09:54:10,483 [pool-96-thread-1] INFO  impl.RoleInfo (RoleInfo.java:updateAndGet(139)) - 20e90031-3f6f-4112-85ad-1ad3a95fac96: start 20e90031-3f6f-4112-85ad-1ad3a95fac96@group-0B7C6D995091-FollowerState
2022-09-28 09:54:10,485 [EventQueue-OpenPipelineForHealthyPipelineSafeModeRule] INFO  safemode.SCMSafeModeManager (HealthyPipelineSafeModeRule.java:process(137)) - SCM in safe mode. Healthy pipelines reported count is 0, required healthy pipeline reported count is 1
2022-09-28 09:54:10,488 [pool-96-thread-1] INFO  util.JmxRegister (JmxRegister.java:tryRegister(44)) - Successfully registered JMX Bean with object name Ratis:service=RaftServer,group=group-0B7C6D995091,id=20e90031-3f6f-4112-85ad-1ad3a95fac96
2022-09-28 09:54:10,493 [Command processor thread] INFO  ratis.XceiverServerRatis (XceiverServerRatis.java:addGroup(765)) - Created group PipelineID=69b52b5b-6904-4880-9098-0b7c6d995091
2022-09-28 09:54:10,539 [grpc-default-executor-0] INFO  server.RaftServer (RaftServerProxy.java:addNew(96)) - 6e0ecbc9-7476-4900-ba73-72d2d77f3b59: addNew group-384A3FD51C4E:[2d845149-fded-4749-8bc2-118586f6e1d8|rpc:10.1.1.21:44611|dataStream:|priority:1, 20e90031-3f6f-4112-85ad-1ad3a95fac96|rpc:10.1.1.21:38353|dataStream:|priority:0, 6e0ecbc9-7476-4900-ba73-72d2d77f3b59|rpc:10.1.1.21:33835|dataStream:|priority:0] returns group-384A3FD51C4E:java.util.concurrent.CompletableFuture@2d9df2b7[Not completed]
2022-09-28 09:54:10,539 [grpc-default-executor-1] INFO  server.RaftServer (RaftServerProxy.java:addNew(96)) - 6e0ecbc9-7476-4900-ba73-72d2d77f3b59: addNew group-0B7C6D995091:[2d845149-fded-4749-8bc2-118586f6e1d8|rpc:10.1.1.21:44611|dataStream:|priority:0, 20e90031-3f6f-4112-85ad-1ad3a95fac96|rpc:10.1.1.21:38353|dataStream:|priority:1, 6e0ecbc9-7476-4900-ba73-72d2d77f3b59|rpc:10.1.1.21:33835|dataStream:|priority:0] returns group-0B7C6D995091:java.util.concurrent.CompletableFuture@6411fcc1[Not completed]
2022-09-28 09:54:10,540 [pool-119-thread-1] INFO  server.RaftServer$Division (RaftServerImpl.java:<init>(190)) - 6e0ecbc9-7476-4900-ba73-72d2d77f3b59: new RaftServerImpl for group-384A3FD51C4E:[2d845149-fded-4749-8bc2-118586f6e1d8|rpc:10.1.1.21:44611|dataStream:|priority:1, 20e90031-3f6f-4112-85ad-1ad3a95fac96|rpc:10.1.1.21:38353|dataStream:|priority:0, 6e0ecbc9-7476-4900-ba73-72d2d77f3b59|rpc:10.1.1.21:33835|dataStream:|priority:0] with ContainerStateMachine:uninitialized
2022-09-28 09:54:10,540 [pool-119-thread-1] INFO  server.RaftServerConfigKeys (ConfUtils.java:logGet(46)) - raft.server.rpc.timeout.min = 5s (custom)
2022-09-28 09:54:10,540 [pool-119-thread-1] INFO  server.RaftServerConfigKeys (ConfUtils.java:logGet(46)) - raft.server.rpc.timeout.max = 5200ms (custom)
2022-09-28 09:54:10,540 [pool-119-thread-1] INFO  server.RaftServerConfigKeys (ConfUtils.java:logGet(46)) - raft.server.rpc.sleep.time = 25ms (default)
2022-09-28 09:54:10,540 [pool-119-thread-1] INFO  server.RaftServerConfigKeys (ConfUtils.java:logGet(46)) - raft.server.rpc.slowness.timeout = 300s (custom)
2022-09-28 09:54:10,540 [pool-119-thread-1] INFO  server.RaftServerConfigKeys (ConfUtils.java:logGet(46)) - raft.server.leaderelection.leader.step-down.wait-time = 10s (default)
2022-09-28 09:54:10,540 [pool-119-thread-1] INFO  server.RaftServerConfigKeys (ConfUtils.java:logGet(46)) - raft.server.sleep.deviation.threshold = 300ms (default)
2022-09-28 09:54:10,541 [pool-119-thread-1] INFO  server.RaftServer$Division (ServerState.java:<init>(107)) - 6e0ecbc9-7476-4900-ba73-72d2d77f3b59@group-384A3FD51C4E: ConfigurationManager, init=-1: [2d845149-fded-4749-8bc2-118586f6e1d8|rpc:10.1.1.21:44611|dataStream:|priority:1, 20e90031-3f6f-4112-85ad-1ad3a95fac96|rpc:10.1.1.21:38353|dataStream:|priority:0, 6e0ecbc9-7476-4900-ba73-72d2d77f3b59|rpc:10.1.1.21:33835|dataStream:|priority:0], old=null, confs=<EMPTY_MAP>
2022-09-28 09:54:10,541 [pool-119-thread-1] INFO  server.RaftServerConfigKeys (ConfUtils.java:logGet(46)) - raft.server.storage.dir = [/home/runner/work/ozone/ozone/hadoop-ozone/integration-test/target/test-dir/MiniOzoneClusterImpl-f38c25ab-2440-4177-af3f-c722ecf984ff/datanode-2/data/ratis] (custom)
2022-09-28 09:54:10,541 [pool-119-thread-1] INFO  server.RaftServerConfigKeys (ConfUtils.java:logGet(46)) - raft.server.log.corruption.policy = EXCEPTION (default)
2022-09-28 09:54:10,541 [pool-119-thread-1] INFO  server.RaftServerConfigKeys (ConfUtils.java:logGet(46)) - raft.server.storage.free-space.min = 0MB (=0) (default)
2022-09-28 09:54:10,541 [pool-119-thread-1] INFO  storage.RaftStorageDirectory (RaftStorageDirectoryImpl.java:analyzeStorage(135)) - The storage directory /home/runner/work/ozone/ozone/hadoop-ozone/integration-test/target/test-dir/MiniOzoneClusterImpl-f38c25ab-2440-4177-af3f-c722ecf984ff/datanode-2/data/ratis/0c0931c2-984d-4ae0-8849-384a3fd51c4e does not exist. Creating ...
2022-09-28 09:54:10,542 [pool-119-thread-1] INFO  storage.RaftStorageDirectory (RaftStorageDirectoryImpl.java:tryLock(230)) - Lock on /home/runner/work/ozone/ozone/hadoop-ozone/integration-test/target/test-dir/MiniOzoneClusterImpl-f38c25ab-2440-4177-af3f-c722ecf984ff/datanode-2/data/ratis/0c0931c2-984d-4ae0-8849-384a3fd51c4e/in_use.lock acquired by nodename 12863@fv-az204-790
2022-09-28 09:54:10,542 [pool-119-thread-1] INFO  storage.RaftStorage (RaftStorageImpl.java:format(89)) - Storage directory /home/runner/work/ozone/ozone/hadoop-ozone/integration-test/target/test-dir/MiniOzoneClusterImpl-f38c25ab-2440-4177-af3f-c722ecf984ff/datanode-2/data/ratis/0c0931c2-984d-4ae0-8849-384a3fd51c4e has been successfully formatted.
2022-09-28 09:54:10,543 [pool-119-thread-1] INFO  ratis.ContainerStateMachine (ContainerStateMachine.java:loadSnapshot(236)) - group-384A3FD51C4E: The snapshot info is null. Setting the last applied indexto:(t:0, i:~)
2022-09-28 09:54:10,544 [pool-119-thread-1] INFO  server.RaftServerConfigKeys (ConfUtils.java:logGet(46)) - raft.server.notification.no-leader.timeout = 300s (custom)
2022-09-28 09:54:10,544 [pool-119-thread-1] INFO  server.RaftServerConfigKeys (ConfUtils.java:logGet(46)) - raft.server.log.use.memory = false (default)
2022-09-28 09:54:10,544 [pool-119-thread-1] INFO  server.RaftServerConfigKeys (ConfUtils.java:logGet(46)) - raft.server.log.purge.gap = 1000000 (custom)
2022-09-28 09:54:10,544 [pool-119-thread-1] INFO  server.RaftServerConfigKeys (ConfUtils.java:logGet(46)) - raft.server.log.appender.buffer.byte-limit = 33554432 (custom)
2022-09-28 09:54:10,544 [pool-119-thread-1] INFO  server.RaftServerConfigKeys (ConfUtils.java:logGet(46)) - raft.server.log.statemachine.data.read.timeout = 1000ms (default)
2022-09-28 09:54:10,544 [pool-119-thread-1] INFO  server.RaftServerConfigKeys (ConfUtils.java:logGet(46)) - raft.server.log.segment.size.max = 1048576 (custom)
2022-09-28 09:54:10,545 [pool-119-thread-1] INFO  server.RaftServerConfigKeys (ConfUtils.java:logGet(46)) - raft.server.log.segment.cache.num.max = 2 (custom)
2022-09-28 09:54:10,545 [pool-119-thread-1] INFO  server.RaftServerConfigKeys (ConfUtils.java:logGet(46)) - raft.server.log.segment.cache.size.max = 200MB (=209715200) (default)
2022-09-28 09:54:10,545 [pool-119-thread-1] INFO  segmented.SegmentedRaftLogWorker (SegmentedRaftLogWorker.java:<init>(187)) - new 6e0ecbc9-7476-4900-ba73-72d2d77f3b59@group-384A3FD51C4E-SegmentedRaftLogWorker for RaftStorageImpl:Storage Directory /home/runner/work/ozone/ozone/hadoop-ozone/integration-test/target/test-dir/MiniOzoneClusterImpl-f38c25ab-2440-4177-af3f-c722ecf984ff/datanode-2/data/ratis/0c0931c2-984d-4ae0-8849-384a3fd51c4e
2022-09-28 09:54:10,545 [pool-119-thread-1] INFO  server.RaftServerConfigKeys (ConfUtils.java:logGet(46)) - raft.server.log.queue.byte-limit = 4294967296 (custom)
2022-09-28 09:54:10,545 [pool-119-thread-1] INFO  server.RaftServerConfigKeys (ConfUtils.java:logGet(46)) - raft.server.log.queue.element-limit = 1024 (custom)
2022-09-28 09:54:10,545 [pool-119-thread-1] INFO  server.RaftServerConfigKeys (ConfUtils.java:logGet(46)) - raft.server.log.segment.size.max = 1048576 (custom)
2022-09-28 09:54:10,545 [pool-119-thread-1] INFO  server.RaftServerConfigKeys (ConfUtils.java:logGet(46)) - raft.server.log.preallocated.size = 16384 (custom)
2022-09-28 09:54:10,545 [pool-119-thread-1] INFO  server.RaftServerConfigKeys (ConfUtils.java:logGet(46)) - raft.server.log.force.sync.num = 128 (default)
2022-09-28 09:54:10,545 [pool-119-thread-1] INFO  server.RaftServerConfigKeys (ConfUtils.java:logGet(46)) - raft.server.log.statemachine.data.sync = true (default)
2022-09-28 09:54:10,545 [pool-119-thread-1] INFO  server.RaftServerConfigKeys (ConfUtils.java:logGet(46)) - raft.server.log.statemachine.data.sync.timeout = 10s (default)
2022-09-28 09:54:10,546 [pool-119-thread-1] INFO  server.RaftServerConfigKeys (ConfUtils.java:logGet(46)) - raft.server.log.statemachine.data.sync.timeout.retry = -1 (default)
2022-09-28 09:54:10,546 [pool-119-thread-1] INFO  server.RaftServerConfigKeys (ConfUtils.java:logGet(46)) - raft.server.log.write.buffer.size = 1048576 (custom)
2022-09-28 09:54:10,547 [pool-119-thread-1] INFO  server.RaftServerConfigKeys (ConfUtils.java:logGet(46)) - raft.server.log.unsafe-flush.enabled = false (default)
2022-09-28 09:54:10,547 [pool-119-thread-1] INFO  server.RaftServerConfigKeys (ConfUtils.java:logGet(46)) - raft.server.log.statemachine.data.caching.enabled = true (custom)
2022-09-28 09:54:10,547 [pool-119-thread-1] INFO  segmented.SegmentedRaftLogWorker (SegmentedRaftLogWorker.java:lambda$new$0(135)) - 6e0ecbc9-7476-4900-ba73-72d2d77f3b59@group-384A3FD51C4E-SegmentedRaftLogWorker: flushIndex: setUnconditionally 0 -> -1
2022-09-28 09:54:10,547 [pool-119-thread-1] INFO  segmented.SegmentedRaftLogWorker (SegmentedRaftLogWorker.java:lambda$new$0(135)) - 6e0ecbc9-7476-4900-ba73-72d2d77f3b59@group-384A3FD51C4E-SegmentedRaftLogWorker: safeCacheEvictIndex: setUnconditionally 0 -> -1
2022-09-28 09:54:10,547 [pool-119-thread-1] INFO  server.RaftServerConfigKeys (ConfUtils.java:logGet(46)) - raft.server.snapshot.auto.trigger.enabled = true (custom)
2022-09-28 09:54:10,547 [pool-119-thread-1] INFO  server.RaftServerConfigKeys (ConfUtils.java:logGet(46)) - raft.server.snapshot.auto.trigger.threshold = 10000 (custom)
2022-09-28 09:54:10,547 [pool-119-thread-1] INFO  server.RaftServerConfigKeys (ConfUtils.java:logGet(46)) - raft.server.snapshot.retention.file.num = 5 (custom)
2022-09-28 09:54:10,547 [pool-119-thread-1] INFO  server.RaftServerConfigKeys (ConfUtils.java:logGet(46)) - raft.server.log.purge.upto.snapshot.index = false (default)
2022-09-28 09:54:10,547 [pool-119-thread-1] INFO  server.RaftServerConfigKeys (ConfUtils.java:logGet(46)) - raft.server.retrycache.expirytime = 600000ms (custom)
2022-09-28 09:54:10,547 [pool-119-thread-1] INFO  server.RaftServerConfigKeys (ConfUtils.java:logGet(46)) - raft.server.retrycache.statistics.expirytime = 100μs (default)
2022-09-28 09:54:10,548 [pool-119-thread-1] INFO  server.RaftServerConfigKeys (ConfUtils.java:logGet(46)) - raft.server.log.appender.install.snapshot.enabled = false (custom)
2022-09-28 09:54:10,548 [pool-119-thread-1] INFO  server.RaftServerConfigKeys (ConfUtils.java:logGet(46)) - raft.server.threadpool.server.cached = true (default)
2022-09-28 09:54:10,548 [pool-119-thread-1] INFO  server.RaftServerConfigKeys (ConfUtils.java:logGet(46)) - raft.server.threadpool.server.size = 0 (default)
2022-09-28 09:54:10,548 [pool-119-thread-1] INFO  server.RaftServerConfigKeys (ConfUtils.java:logGet(46)) - raft.server.threadpool.client.cached = true (default)
2022-09-28 09:54:10,548 [pool-119-thread-1] INFO  server.RaftServerConfigKeys (ConfUtils.java:logGet(46)) - raft.server.threadpool.client.size = 0 (default)
2022-09-28 09:54:10,549 [pool-119-thread-1] INFO  server.RaftServer$Division (RaftServerImpl.java:<init>(190)) - 6e0ecbc9-7476-4900-ba73-72d2d77f3b59: new RaftServerImpl for group-0B7C6D995091:[2d845149-fded-4749-8bc2-118586f6e1d8|rpc:10.1.1.21:44611|dataStream:|priority:0, 20e90031-3f6f-4112-85ad-1ad3a95fac96|rpc:10.1.1.21:38353|dataStream:|priority:1, 6e0ecbc9-7476-4900-ba73-72d2d77f3b59|rpc:10.1.1.21:33835|dataStream:|priority:0] with ContainerStateMachine:uninitialized
2022-09-28 09:54:10,549 [pool-119-thread-1] INFO  server.RaftServerConfigKeys (ConfUtils.java:logGet(46)) - raft.server.rpc.timeout.min = 5s (custom)
2022-09-28 09:54:10,549 [pool-119-thread-1] INFO  server.RaftServerConfigKeys (ConfUtils.java:logGet(46)) - raft.server.rpc.timeout.max = 5200ms (custom)
2022-09-28 09:54:10,549 [pool-119-thread-1] INFO  server.RaftServerConfigKeys (ConfUtils.java:logGet(46)) - raft.server.rpc.sleep.time = 25ms (default)
2022-09-28 09:54:10,550 [pool-119-thread-1] INFO  server.RaftServerConfigKeys (ConfUtils.java:logGet(46)) - raft.server.rpc.slowness.timeout = 300s (custom)
2022-09-28 09:54:10,550 [pool-119-thread-1] INFO  server.RaftServerConfigKeys (ConfUtils.java:logGet(46)) - raft.server.leaderelection.leader.step-down.wait-time = 10s (default)
2022-09-28 09:54:10,550 [pool-119-thread-1] INFO  server.RaftServerConfigKeys (ConfUtils.java:logGet(46)) - raft.server.sleep.deviation.threshold = 300ms (default)
2022-09-28 09:54:10,550 [pool-119-thread-1] INFO  server.RaftServer$Division (ServerState.java:<init>(107)) - 6e0ecbc9-7476-4900-ba73-72d2d77f3b59@group-0B7C6D995091: ConfigurationManager, init=-1: [2d845149-fded-4749-8bc2-118586f6e1d8|rpc:10.1.1.21:44611|dataStream:|priority:0, 20e90031-3f6f-4112-85ad-1ad3a95fac96|rpc:10.1.1.21:38353|dataStream:|priority:1, 6e0ecbc9-7476-4900-ba73-72d2d77f3b59|rpc:10.1.1.21:33835|dataStream:|priority:0], old=null, confs=<EMPTY_MAP>
2022-09-28 09:54:10,550 [pool-119-thread-1] INFO  server.RaftServerConfigKeys (ConfUtils.java:logGet(46)) - raft.server.storage.dir = [/home/runner/work/ozone/ozone/hadoop-ozone/integration-test/target/test-dir/MiniOzoneClusterImpl-f38c25ab-2440-4177-af3f-c722ecf984ff/datanode-2/data/ratis] (custom)
2022-09-28 09:54:10,550 [pool-119-thread-1] INFO  server.RaftServerConfigKeys (ConfUtils.java:logGet(46)) - raft.server.log.corruption.policy = EXCEPTION (default)
2022-09-28 09:54:10,550 [pool-119-thread-1] INFO  server.RaftServerConfigKeys (ConfUtils.java:logGet(46)) - raft.server.storage.free-space.min = 0MB (=0) (default)
2022-09-28 09:54:10,550 [pool-119-thread-1] INFO  storage.RaftStorageDirectory (RaftStorageDirectoryImpl.java:analyzeStorage(135)) - The storage directory /home/runner/work/ozone/ozone/hadoop-ozone/integration-test/target/test-dir/MiniOzoneClusterImpl-f38c25ab-2440-4177-af3f-c722ecf984ff/datanode-2/data/ratis/69b52b5b-6904-4880-9098-0b7c6d995091 does not exist. Creating ...
2022-09-28 09:54:10,551 [pool-119-thread-1] INFO  storage.RaftStorageDirectory (RaftStorageDirectoryImpl.java:tryLock(230)) - Lock on /home/runner/work/ozone/ozone/hadoop-ozone/integration-test/target/test-dir/MiniOzoneClusterImpl-f38c25ab-2440-4177-af3f-c722ecf984ff/datanode-2/data/ratis/69b52b5b-6904-4880-9098-0b7c6d995091/in_use.lock acquired by nodename 12863@fv-az204-790
2022-09-28 09:54:10,551 [pool-119-thread-1] INFO  storage.RaftStorage (RaftStorageImpl.java:format(89)) - Storage directory /home/runner/work/ozone/ozone/hadoop-ozone/integration-test/target/test-dir/MiniOzoneClusterImpl-f38c25ab-2440-4177-af3f-c722ecf984ff/datanode-2/data/ratis/69b52b5b-6904-4880-9098-0b7c6d995091 has been successfully formatted.
2022-09-28 09:54:10,551 [pool-119-thread-1] INFO  ratis.ContainerStateMachine (ContainerStateMachine.java:loadSnapshot(236)) - group-0B7C6D995091: The snapshot info is null. Setting the last applied indexto:(t:0, i:~)
2022-09-28 09:54:10,552 [pool-119-thread-1] INFO  server.RaftServerConfigKeys (ConfUtils.java:logGet(46)) - raft.server.notification.no-leader.timeout = 300s (custom)
2022-09-28 09:54:10,552 [pool-119-thread-1] INFO  server.RaftServerConfigKeys (ConfUtils.java:logGet(46)) - raft.server.log.use.memory = false (default)
2022-09-28 09:54:10,552 [pool-119-thread-1] INFO  server.RaftServerConfigKeys (ConfUtils.java:logGet(46)) - raft.server.log.purge.gap = 1000000 (custom)
2022-09-28 09:54:10,552 [pool-119-thread-1] INFO  server.RaftServerConfigKeys (ConfUtils.java:logGet(46)) - raft.server.log.appender.buffer.byte-limit = 33554432 (custom)
2022-09-28 09:54:10,552 [pool-119-thread-1] INFO  server.RaftServerConfigKeys (ConfUtils.java:logGet(46)) - raft.server.log.statemachine.data.read.timeout = 1000ms (default)
2022-09-28 09:54:10,552 [pool-119-thread-1] INFO  server.RaftServerConfigKeys (ConfUtils.java:logGet(46)) - raft.server.log.segment.size.max = 1048576 (custom)
2022-09-28 09:54:10,553 [pool-119-thread-1] INFO  server.RaftServerConfigKeys (ConfUtils.java:logGet(46)) - raft.server.log.segment.cache.num.max = 2 (custom)
2022-09-28 09:54:10,553 [pool-119-thread-1] INFO  server.RaftServerConfigKeys (ConfUtils.java:logGet(46)) - raft.server.log.segment.cache.size.max = 200MB (=209715200) (default)
2022-09-28 09:54:10,553 [pool-119-thread-1] INFO  segmented.SegmentedRaftLogWorker (SegmentedRaftLogWorker.java:<init>(187)) - new 6e0ecbc9-7476-4900-ba73-72d2d77f3b59@group-0B7C6D995091-SegmentedRaftLogWorker for RaftStorageImpl:Storage Directory /home/runner/work/ozone/ozone/hadoop-ozone/integration-test/target/test-dir/MiniOzoneClusterImpl-f38c25ab-2440-4177-af3f-c722ecf984ff/datanode-2/data/ratis/69b52b5b-6904-4880-9098-0b7c6d995091
2022-09-28 09:54:10,554 [pool-119-thread-1] INFO  server.RaftServerConfigKeys (ConfUtils.java:logGet(46)) - raft.server.log.queue.byte-limit = 4294967296 (custom)
2022-09-28 09:54:10,554 [pool-119-thread-1] INFO  server.RaftServerConfigKeys (ConfUtils.java:logGet(46)) - raft.server.log.queue.element-limit = 1024 (custom)
2022-09-28 09:54:10,554 [pool-119-thread-1] INFO  server.RaftServerConfigKeys (ConfUtils.java:logGet(46)) - raft.server.log.segment.size.max = 1048576 (custom)
2022-09-28 09:54:10,554 [pool-119-thread-1] INFO  server.RaftServerConfigKeys (ConfUtils.java:logGet(46)) - raft.server.log.preallocated.size = 16384 (custom)
2022-09-28 09:54:10,554 [pool-119-thread-1] INFO  server.RaftServerConfigKeys (ConfUtils.java:logGet(46)) - raft.server.log.force.sync.num = 128 (default)
2022-09-28 09:54:10,554 [pool-119-thread-1] INFO  server.RaftServerConfigKeys (ConfUtils.java:logGet(46)) - raft.server.log.statemachine.data.sync = true (default)
2022-09-28 09:54:10,554 [pool-119-thread-1] INFO  server.RaftServerConfigKeys (ConfUtils.java:logGet(46)) - raft.server.log.statemachine.data.sync.timeout = 10s (default)
2022-09-28 09:54:10,554 [pool-119-thread-1] INFO  server.RaftServerConfigKeys (ConfUtils.java:logGet(46)) - raft.server.log.statemachine.data.sync.timeout.retry = -1 (default)
2022-09-28 09:54:10,555 [pool-119-thread-1] INFO  server.RaftServerConfigKeys (ConfUtils.java:logGet(46)) - raft.server.log.write.buffer.size = 1048576 (custom)
2022-09-28 09:54:10,555 [pool-119-thread-1] INFO  server.RaftServerConfigKeys (ConfUtils.java:logGet(46)) - raft.server.log.unsafe-flush.enabled = false (default)
2022-09-28 09:54:10,555 [pool-119-thread-1] INFO  server.RaftServerConfigKeys (ConfUtils.java:logGet(46)) - raft.server.log.statemachine.data.caching.enabled = true (custom)
2022-09-28 09:54:10,556 [pool-119-thread-1] INFO  segmented.SegmentedRaftLogWorker (SegmentedRaftLogWorker.java:lambda$new$0(135)) - 6e0ecbc9-7476-4900-ba73-72d2d77f3b59@group-0B7C6D995091-SegmentedRaftLogWorker: flushIndex: setUnconditionally 0 -> -1
2022-09-28 09:54:10,556 [pool-119-thread-1] INFO  segmented.SegmentedRaftLogWorker (SegmentedRaftLogWorker.java:lambda$new$0(135)) - 6e0ecbc9-7476-4900-ba73-72d2d77f3b59@group-0B7C6D995091-SegmentedRaftLogWorker: safeCacheEvictIndex: setUnconditionally 0 -> -1
2022-09-28 09:54:10,556 [pool-119-thread-1] INFO  server.RaftServerConfigKeys (ConfUtils.java:logGet(46)) - raft.server.snapshot.auto.trigger.enabled = true (custom)
2022-09-28 09:54:10,556 [pool-119-thread-1] INFO  server.RaftServerConfigKeys (ConfUtils.java:logGet(46)) - raft.server.snapshot.auto.trigger.threshold = 10000 (custom)
2022-09-28 09:54:10,556 [pool-119-thread-1] INFO  server.RaftServerConfigKeys (ConfUtils.java:logGet(46)) - raft.server.snapshot.retention.file.num = 5 (custom)
2022-09-28 09:54:10,556 [pool-119-thread-1] INFO  server.RaftServerConfigKeys (ConfUtils.java:logGet(46)) - raft.server.log.purge.upto.snapshot.index = false (default)
2022-09-28 09:54:10,556 [pool-119-thread-1] INFO  server.RaftServerConfigKeys (ConfUtils.java:logGet(46)) - raft.server.retrycache.expirytime = 600000ms (custom)
2022-09-28 09:54:10,556 [pool-119-thread-1] INFO  server.RaftServerConfigKeys (ConfUtils.java:logGet(46)) - raft.server.retrycache.statistics.expirytime = 100μs (default)
2022-09-28 09:54:10,564 [pool-119-thread-1] INFO  server.RaftServerConfigKeys (ConfUtils.java:logGet(46)) - raft.server.log.appender.install.snapshot.enabled = false (custom)
2022-09-28 09:54:10,565 [pool-119-thread-1] INFO  server.RaftServerConfigKeys (ConfUtils.java:logGet(46)) - raft.server.threadpool.server.cached = true (default)
2022-09-28 09:54:10,565 [pool-119-thread-1] INFO  server.RaftServerConfigKeys (ConfUtils.java:logGet(46)) - raft.server.threadpool.server.size = 0 (default)
2022-09-28 09:54:10,565 [pool-119-thread-1] INFO  server.RaftServerConfigKeys (ConfUtils.java:logGet(46)) - raft.server.threadpool.client.cached = true (default)
2022-09-28 09:54:10,565 [pool-119-thread-1] INFO  server.RaftServerConfigKeys (ConfUtils.java:logGet(46)) - raft.server.threadpool.client.size = 0 (default)
2022-09-28 09:54:10,565 [pool-119-thread-1] INFO  server.RaftServer$Division (RaftServerImpl.java:start(310)) - 6e0ecbc9-7476-4900-ba73-72d2d77f3b59@group-384A3FD51C4E: start as a follower, conf=-1: [2d845149-fded-4749-8bc2-118586f6e1d8|rpc:10.1.1.21:44611|dataStream:|priority:1, 20e90031-3f6f-4112-85ad-1ad3a95fac96|rpc:10.1.1.21:38353|dataStream:|priority:0, 6e0ecbc9-7476-4900-ba73-72d2d77f3b59|rpc:10.1.1.21:33835|dataStream:|priority:0], old=null
2022-09-28 09:54:10,565 [pool-119-thread-1] INFO  server.RaftServer$Division (RaftServerImpl.java:setRole(299)) - 6e0ecbc9-7476-4900-ba73-72d2d77f3b59@group-384A3FD51C4E: changes role from      null to FOLLOWER at term 0 for startAsFollower
2022-09-28 09:54:10,565 [pool-119-thread-1] INFO  impl.RoleInfo (RoleInfo.java:updateAndGet(139)) - 6e0ecbc9-7476-4900-ba73-72d2d77f3b59: start 6e0ecbc9-7476-4900-ba73-72d2d77f3b59@group-384A3FD51C4E-FollowerState
2022-09-28 09:54:10,568 [pool-119-thread-1] INFO  util.JmxRegister (JmxRegister.java:tryRegister(44)) - Successfully registered JMX Bean with object name Ratis:service=RaftServer,group=group-384A3FD51C4E,id=6e0ecbc9-7476-4900-ba73-72d2d77f3b59
2022-09-28 09:54:10,568 [pool-119-thread-1] INFO  server.RaftServer$Division (RaftServerImpl.java:start(310)) - 6e0ecbc9-7476-4900-ba73-72d2d77f3b59@group-0B7C6D995091: start as a follower, conf=-1: [2d845149-fded-4749-8bc2-118586f6e1d8|rpc:10.1.1.21:44611|dataStream:|priority:0, 20e90031-3f6f-4112-85ad-1ad3a95fac96|rpc:10.1.1.21:38353|dataStream:|priority:1, 6e0ecbc9-7476-4900-ba73-72d2d77f3b59|rpc:10.1.1.21:33835|dataStream:|priority:0], old=null
2022-09-28 09:54:10,569 [pool-119-thread-1] INFO  server.RaftServer$Division (RaftServerImpl.java:setRole(299)) - 6e0ecbc9-7476-4900-ba73-72d2d77f3b59@group-0B7C6D995091: changes role from      null to FOLLOWER at term 0 for startAsFollower
2022-09-28 09:54:10,569 [pool-119-thread-1] INFO  impl.RoleInfo (RoleInfo.java:updateAndGet(139)) - 6e0ecbc9-7476-4900-ba73-72d2d77f3b59: start 6e0ecbc9-7476-4900-ba73-72d2d77f3b59@group-0B7C6D995091-FollowerState
2022-09-28 09:54:10,570 [pool-119-thread-1] INFO  util.JmxRegister (JmxRegister.java:tryRegister(44)) - Successfully registered JMX Bean with object name Ratis:service=RaftServer,group=group-0B7C6D995091,id=6e0ecbc9-7476-4900-ba73-72d2d77f3b59
2022-09-28 09:54:10,580 [Command processor thread] INFO  commandhandler.CreatePipelineCommandHandler (CreatePipelineCommandHandler.java:handle(113)) - Created Pipeline RATIS THREE PipelineID=0c0931c2-984d-4ae0-8849-384a3fd51c4e.
2022-09-28 09:54:10,581 [Command processor thread] INFO  server.RaftServer (RaftServerProxy.java:addNew(96)) - 2d845149-fded-4749-8bc2-118586f6e1d8: addNew group-0B7C6D995091:[2d845149-fded-4749-8bc2-118586f6e1d8|rpc:10.1.1.21:44611|priority:0, 20e90031-3f6f-4112-85ad-1ad3a95fac96|rpc:10.1.1.21:38353|priority:1, 6e0ecbc9-7476-4900-ba73-72d2d77f3b59|rpc:10.1.1.21:33835|priority:0] returns group-0B7C6D995091:java.util.concurrent.CompletableFuture@4845157a[Not completed]
2022-09-28 09:54:10,581 [pool-73-thread-1] INFO  server.RaftServer$Division (RaftServerImpl.java:<init>(190)) - 2d845149-fded-4749-8bc2-118586f6e1d8: new RaftServerImpl for group-0B7C6D995091:[2d845149-fded-4749-8bc2-118586f6e1d8|rpc:10.1.1.21:44611|priority:0, 20e90031-3f6f-4112-85ad-1ad3a95fac96|rpc:10.1.1.21:38353|priority:1, 6e0ecbc9-7476-4900-ba73-72d2d77f3b59|rpc:10.1.1.21:33835|priority:0] with ContainerStateMachine:uninitialized
2022-09-28 09:54:10,581 [pool-73-thread-1] INFO  server.RaftServerConfigKeys (ConfUtils.java:logGet(46)) - raft.server.rpc.timeout.min = 5s (custom)
2022-09-28 09:54:10,582 [pool-73-thread-1] INFO  server.RaftServerConfigKeys (ConfUtils.java:logGet(46)) - raft.server.rpc.timeout.max = 5200ms (custom)
2022-09-28 09:54:10,582 [pool-73-thread-1] INFO  server.RaftServerConfigKeys (ConfUtils.java:logGet(46)) - raft.server.rpc.sleep.time = 25ms (default)
2022-09-28 09:54:10,582 [pool-73-thread-1] INFO  server.RaftServerConfigKeys (ConfUtils.java:logGet(46)) - raft.server.rpc.slowness.timeout = 300s (custom)
2022-09-28 09:54:10,582 [pool-73-thread-1] INFO  server.RaftServerConfigKeys (ConfUtils.java:logGet(46)) - raft.server.leaderelection.leader.step-down.wait-time = 10s (default)
2022-09-28 09:54:10,582 [pool-73-thread-1] INFO  server.RaftServerConfigKeys (ConfUtils.java:logGet(46)) - raft.server.sleep.deviation.threshold = 300ms (default)
2022-09-28 09:54:10,582 [pool-73-thread-1] INFO  server.RaftServer$Division (ServerState.java:<init>(107)) - 2d845149-fded-4749-8bc2-118586f6e1d8@group-0B7C6D995091: ConfigurationManager, init=-1: [2d845149-fded-4749-8bc2-118586f6e1d8|rpc:10.1.1.21:44611|priority:0, 20e90031-3f6f-4112-85ad-1ad3a95fac96|rpc:10.1.1.21:38353|priority:1, 6e0ecbc9-7476-4900-ba73-72d2d77f3b59|rpc:10.1.1.21:33835|priority:0], old=null, confs=<EMPTY_MAP>
2022-09-28 09:54:10,582 [pool-73-thread-1] INFO  server.RaftServerConfigKeys (ConfUtils.java:logGet(46)) - raft.server.storage.dir = [/home/runner/work/ozone/ozone/hadoop-ozone/integration-test/target/test-dir/MiniOzoneClusterImpl-f38c25ab-2440-4177-af3f-c722ecf984ff/datanode-0/data/ratis] (custom)
2022-09-28 09:54:10,582 [pool-73-thread-1] INFO  server.RaftServerConfigKeys (ConfUtils.java:logGet(46)) - raft.server.log.corruption.policy = EXCEPTION (default)
2022-09-28 09:54:10,582 [pool-73-thread-1] INFO  server.RaftServerConfigKeys (ConfUtils.java:logGet(46)) - raft.server.storage.free-space.min = 0MB (=0) (default)
2022-09-28 09:54:10,582 [pool-73-thread-1] INFO  storage.RaftStorageDirectory (RaftStorageDirectoryImpl.java:analyzeStorage(135)) - The storage directory /home/runner/work/ozone/ozone/hadoop-ozone/integration-test/target/test-dir/MiniOzoneClusterImpl-f38c25ab-2440-4177-af3f-c722ecf984ff/datanode-0/data/ratis/69b52b5b-6904-4880-9098-0b7c6d995091 does not exist. Creating ...
2022-09-28 09:54:10,586 [pool-73-thread-1] INFO  storage.RaftStorageDirectory (RaftStorageDirectoryImpl.java:tryLock(230)) - Lock on /home/runner/work/ozone/ozone/hadoop-ozone/integration-test/target/test-dir/MiniOzoneClusterImpl-f38c25ab-2440-4177-af3f-c722ecf984ff/datanode-0/data/ratis/69b52b5b-6904-4880-9098-0b7c6d995091/in_use.lock acquired by nodename 12863@fv-az204-790
2022-09-28 09:54:10,589 [pool-73-thread-1] INFO  storage.RaftStorage (RaftStorageImpl.java:format(89)) - Storage directory /home/runner/work/ozone/ozone/hadoop-ozone/integration-test/target/test-dir/MiniOzoneClusterImpl-f38c25ab-2440-4177-af3f-c722ecf984ff/datanode-0/data/ratis/69b52b5b-6904-4880-9098-0b7c6d995091 has been successfully formatted.
2022-09-28 09:54:10,590 [pool-73-thread-1] INFO  ratis.ContainerStateMachine (ContainerStateMachine.java:loadSnapshot(236)) - group-0B7C6D995091: The snapshot info is null. Setting the last applied indexto:(t:0, i:~)
2022-09-28 09:54:10,590 [pool-73-thread-1] INFO  server.RaftServerConfigKeys (ConfUtils.java:logGet(46)) - raft.server.notification.no-leader.timeout = 300s (custom)
2022-09-28 09:54:10,590 [pool-73-thread-1] INFO  server.RaftServerConfigKeys (ConfUtils.java:logGet(46)) - raft.server.log.use.memory = false (default)
2022-09-28 09:54:10,590 [pool-73-thread-1] INFO  server.RaftServerConfigKeys (ConfUtils.java:logGet(46)) - raft.server.log.purge.gap = 1000000 (custom)
2022-09-28 09:54:10,590 [pool-73-thread-1] INFO  server.RaftServerConfigKeys (ConfUtils.java:logGet(46)) - raft.server.log.appender.buffer.byte-limit = 33554432 (custom)
2022-09-28 09:54:10,590 [pool-73-thread-1] INFO  server.RaftServerConfigKeys (ConfUtils.java:logGet(46)) - raft.server.log.statemachine.data.read.timeout = 1000ms (default)
2022-09-28 09:54:10,590 [pool-73-thread-1] INFO  server.RaftServerConfigKeys (ConfUtils.java:logGet(46)) - raft.server.log.segment.size.max = 1048576 (custom)
2022-09-28 09:54:10,590 [pool-73-thread-1] INFO  server.RaftServerConfigKeys (ConfUtils.java:logGet(46)) - raft.server.log.segment.cache.num.max = 2 (custom)
2022-09-28 09:54:10,590 [pool-73-thread-1] INFO  server.RaftServerConfigKeys (ConfUtils.java:logGet(46)) - raft.server.log.segment.cache.size.max = 200MB (=209715200) (default)
2022-09-28 09:54:10,590 [pool-73-thread-1] INFO  segmented.SegmentedRaftLogWorker (SegmentedRaftLogWorker.java:<init>(187)) - new 2d845149-fded-4749-8bc2-118586f6e1d8@group-0B7C6D995091-SegmentedRaftLogWorker for RaftStorageImpl:Storage Directory /home/runner/work/ozone/ozone/hadoop-ozone/integration-test/target/test-dir/MiniOzoneClusterImpl-f38c25ab-2440-4177-af3f-c722ecf984ff/datanode-0/data/ratis/69b52b5b-6904-4880-9098-0b7c6d995091
2022-09-28 09:54:10,590 [pool-73-thread-1] INFO  server.RaftServerConfigKeys (ConfUtils.java:logGet(46)) - raft.server.log.queue.byte-limit = 4294967296 (custom)
2022-09-28 09:54:10,591 [pool-73-thread-1] INFO  server.RaftServerConfigKeys (ConfUtils.java:logGet(46)) - raft.server.log.queue.element-limit = 1024 (custom)
2022-09-28 09:54:10,591 [pool-73-thread-1] INFO  server.RaftServerConfigKeys (ConfUtils.java:logGet(46)) - raft.server.log.segment.size.max = 1048576 (custom)
2022-09-28 09:54:10,591 [pool-73-thread-1] INFO  server.RaftServerConfigKeys (ConfUtils.java:logGet(46)) - raft.server.log.preallocated.size = 16384 (custom)
2022-09-28 09:54:10,591 [pool-73-thread-1] INFO  server.RaftServerConfigKeys (ConfUtils.java:logGet(46)) - raft.server.log.force.sync.num = 128 (default)
2022-09-28 09:54:10,591 [pool-73-thread-1] INFO  server.RaftServerConfigKeys (ConfUtils.java:logGet(46)) - raft.server.log.statemachine.data.sync = true (default)
2022-09-28 09:54:10,591 [pool-73-thread-1] INFO  server.RaftServerConfigKeys (ConfUtils.java:logGet(46)) - raft.server.log.statemachine.data.sync.timeout = 10s (default)
2022-09-28 09:54:10,591 [pool-73-thread-1] INFO  server.RaftServerConfigKeys (ConfUtils.java:logGet(46)) - raft.server.log.statemachine.data.sync.timeout.retry = -1 (default)
2022-09-28 09:54:10,591 [pool-73-thread-1] INFO  server.RaftServerConfigKeys (ConfUtils.java:logGet(46)) - raft.server.log.write.buffer.size = 1048576 (custom)
2022-09-28 09:54:10,592 [pool-73-thread-1] INFO  server.RaftServerConfigKeys (ConfUtils.java:logGet(46)) - raft.server.log.unsafe-flush.enabled = false (default)
2022-09-28 09:54:10,592 [pool-73-thread-1] INFO  server.RaftServerConfigKeys (ConfUtils.java:logGet(46)) - raft.server.log.statemachine.data.caching.enabled = true (custom)
2022-09-28 09:54:10,592 [pool-73-thread-1] INFO  segmented.SegmentedRaftLogWorker (SegmentedRaftLogWorker.java:lambda$new$0(135)) - 2d845149-fded-4749-8bc2-118586f6e1d8@group-0B7C6D995091-SegmentedRaftLogWorker: flushIndex: setUnconditionally 0 -> -1
2022-09-28 09:54:10,592 [pool-73-thread-1] INFO  segmented.SegmentedRaftLogWorker (SegmentedRaftLogWorker.java:lambda$new$0(135)) - 2d845149-fded-4749-8bc2-118586f6e1d8@group-0B7C6D995091-SegmentedRaftLogWorker: safeCacheEvictIndex: setUnconditionally 0 -> -1
2022-09-28 09:54:10,593 [pool-73-thread-1] INFO  server.RaftServerConfigKeys (ConfUtils.java:logGet(46)) - raft.server.snapshot.auto.trigger.enabled = true (custom)
2022-09-28 09:54:10,593 [pool-73-thread-1] INFO  server.RaftServerConfigKeys (ConfUtils.java:logGet(46)) - raft.server.snapshot.auto.trigger.threshold = 10000 (custom)
2022-09-28 09:54:10,593 [pool-73-thread-1] INFO  server.RaftServerConfigKeys (ConfUtils.java:logGet(46)) - raft.server.snapshot.retention.file.num = 5 (custom)
2022-09-28 09:54:10,593 [pool-73-thread-1] INFO  server.RaftServerConfigKeys (ConfUtils.java:logGet(46)) - raft.server.log.purge.upto.snapshot.index = false (default)
2022-09-28 09:54:10,593 [pool-73-thread-1] INFO  server.RaftServerConfigKeys (ConfUtils.java:logGet(46)) - raft.server.retrycache.expirytime = 600000ms (custom)
2022-09-28 09:54:10,593 [pool-73-thread-1] INFO  server.RaftServerConfigKeys (ConfUtils.java:logGet(46)) - raft.server.retrycache.statistics.expirytime = 100μs (default)
2022-09-28 09:54:10,597 [EventQueue-OpenPipelineForHealthyPipelineSafeModeRule] INFO  safemode.SCMSafeModeManager (HealthyPipelineSafeModeRule.java:process(137)) - SCM in safe mode. Healthy pipelines reported count is 0, required healthy pipeline reported count is 1
2022-09-28 09:54:10,599 [pool-73-thread-1] INFO  server.RaftServerConfigKeys (ConfUtils.java:logGet(46)) - raft.server.log.appender.install.snapshot.enabled = false (custom)
2022-09-28 09:54:10,599 [pool-73-thread-1] INFO  server.RaftServerConfigKeys (ConfUtils.java:logGet(46)) - raft.server.threadpool.server.cached = true (default)
2022-09-28 09:54:10,599 [pool-73-thread-1] INFO  server.RaftServerConfigKeys (ConfUtils.java:logGet(46)) - raft.server.threadpool.server.size = 0 (default)
2022-09-28 09:54:10,599 [pool-73-thread-1] INFO  server.RaftServerConfigKeys (ConfUtils.java:logGet(46)) - raft.server.threadpool.client.cached = true (default)
2022-09-28 09:54:10,599 [pool-73-thread-1] INFO  server.RaftServerConfigKeys (ConfUtils.java:logGet(46)) - raft.server.threadpool.client.size = 0 (default)
2022-09-28 09:54:10,599 [pool-73-thread-1] INFO  server.RaftServer$Division (RaftServerImpl.java:start(310)) - 2d845149-fded-4749-8bc2-118586f6e1d8@group-0B7C6D995091: start as a follower, conf=-1: [2d845149-fded-4749-8bc2-118586f6e1d8|rpc:10.1.1.21:44611|priority:0, 20e90031-3f6f-4112-85ad-1ad3a95fac96|rpc:10.1.1.21:38353|priority:1, 6e0ecbc9-7476-4900-ba73-72d2d77f3b59|rpc:10.1.1.21:33835|priority:0], old=null
2022-09-28 09:54:10,600 [pool-73-thread-1] INFO  server.RaftServer$Division (RaftServerImpl.java:setRole(299)) - 2d845149-fded-4749-8bc2-118586f6e1d8@group-0B7C6D995091: changes role from      null to FOLLOWER at term 0 for startAsFollower
2022-09-28 09:54:10,600 [pool-73-thread-1] INFO  impl.RoleInfo (RoleInfo.java:updateAndGet(139)) - 2d845149-fded-4749-8bc2-118586f6e1d8: start 2d845149-fded-4749-8bc2-118586f6e1d8@group-0B7C6D995091-FollowerState
2022-09-28 09:54:10,600 [pool-73-thread-1] INFO  util.JmxRegister (JmxRegister.java:tryRegister(44)) - Successfully registered JMX Bean with object name Ratis:service=RaftServer,group=group-0B7C6D995091,id=2d845149-fded-4749-8bc2-118586f6e1d8
2022-09-28 09:54:10,600 [Command processor thread] INFO  ratis.XceiverServerRatis (XceiverServerRatis.java:addGroup(765)) - Created group PipelineID=69b52b5b-6904-4880-9098-0b7c6d995091
2022-09-28 09:54:10,666 [Command processor thread] INFO  commandhandler.CreatePipelineCommandHandler (CreatePipelineCommandHandler.java:handle(113)) - Created Pipeline RATIS THREE PipelineID=69b52b5b-6904-4880-9098-0b7c6d995091.
2022-09-28 09:54:10,685 [Command processor thread] INFO  commandhandler.CreatePipelineCommandHandler (CreatePipelineCommandHandler.java:handle(113)) - Created Pipeline RATIS THREE PipelineID=69b52b5b-6904-4880-9098-0b7c6d995091.
2022-09-28 09:54:10,724 [Command processor thread] INFO  server.RaftServer (RaftServerProxy.java:addNew(96)) - 6e0ecbc9-7476-4900-ba73-72d2d77f3b59: addNew group-A95AC1717CE8:[6e0ecbc9-7476-4900-ba73-72d2d77f3b59|rpc:10.1.1.21:33835|priority:1] returns group-A95AC1717CE8:java.util.concurrent.CompletableFuture@2560ff21[Not completed]
2022-09-28 09:54:10,725 [pool-119-thread-1] INFO  server.RaftServer$Division (RaftServerImpl.java:<init>(190)) - 6e0ecbc9-7476-4900-ba73-72d2d77f3b59: new RaftServerImpl for group-A95AC1717CE8:[6e0ecbc9-7476-4900-ba73-72d2d77f3b59|rpc:10.1.1.21:33835|priority:1] with ContainerStateMachine:uninitialized
2022-09-28 09:54:10,725 [pool-119-thread-1] INFO  server.RaftServerConfigKeys (ConfUtils.java:logGet(46)) - raft.server.rpc.timeout.min = 5s (custom)
2022-09-28 09:54:10,725 [pool-119-thread-1] INFO  server.RaftServerConfigKeys (ConfUtils.java:logGet(46)) - raft.server.rpc.timeout.max = 5200ms (custom)
2022-09-28 09:54:10,725 [pool-119-thread-1] INFO  server.RaftServerConfigKeys (ConfUtils.java:logGet(46)) - raft.server.rpc.sleep.time = 25ms (default)
2022-09-28 09:54:10,725 [pool-119-thread-1] INFO  server.RaftServerConfigKeys (ConfUtils.java:logGet(46)) - raft.server.rpc.slowness.timeout = 300s (custom)
2022-09-28 09:54:10,725 [pool-119-thread-1] INFO  server.RaftServerConfigKeys (ConfUtils.java:logGet(46)) - raft.server.leaderelection.leader.step-down.wait-time = 10s (default)
2022-09-28 09:54:10,725 [pool-119-thread-1] INFO  server.RaftServerConfigKeys (ConfUtils.java:logGet(46)) - raft.server.sleep.deviation.threshold = 300ms (default)
2022-09-28 09:54:10,725 [pool-119-thread-1] INFO  server.RaftServer$Division (ServerState.java:<init>(107)) - 6e0ecbc9-7476-4900-ba73-72d2d77f3b59@group-A95AC1717CE8: ConfigurationManager, init=-1: [6e0ecbc9-7476-4900-ba73-72d2d77f3b59|rpc:10.1.1.21:33835|priority:1], old=null, confs=<EMPTY_MAP>
2022-09-28 09:54:10,726 [pool-119-thread-1] INFO  server.RaftServerConfigKeys (ConfUtils.java:logGet(46)) - raft.server.storage.dir = [/home/runner/work/ozone/ozone/hadoop-ozone/integration-test/target/test-dir/MiniOzoneClusterImpl-f38c25ab-2440-4177-af3f-c722ecf984ff/datanode-2/data/ratis] (custom)
2022-09-28 09:54:10,726 [pool-119-thread-1] INFO  server.RaftServerConfigKeys (ConfUtils.java:logGet(46)) - raft.server.log.corruption.policy = EXCEPTION (default)
2022-09-28 09:54:10,726 [pool-119-thread-1] INFO  server.RaftServerConfigKeys (ConfUtils.java:logGet(46)) - raft.server.storage.free-space.min = 0MB (=0) (default)
2022-09-28 09:54:10,726 [pool-119-thread-1] INFO  storage.RaftStorageDirectory (RaftStorageDirectoryImpl.java:analyzeStorage(135)) - The storage directory /home/runner/work/ozone/ozone/hadoop-ozone/integration-test/target/test-dir/MiniOzoneClusterImpl-f38c25ab-2440-4177-af3f-c722ecf984ff/datanode-2/data/ratis/bdfb9477-d10a-4614-a453-a95ac1717ce8 does not exist. Creating ...
2022-09-28 09:54:10,728 [pool-119-thread-1] INFO  storage.RaftStorageDirectory (RaftStorageDirectoryImpl.java:tryLock(230)) - Lock on /home/runner/work/ozone/ozone/hadoop-ozone/integration-test/target/test-dir/MiniOzoneClusterImpl-f38c25ab-2440-4177-af3f-c722ecf984ff/datanode-2/data/ratis/bdfb9477-d10a-4614-a453-a95ac1717ce8/in_use.lock acquired by nodename 12863@fv-az204-790
2022-09-28 09:54:10,728 [pool-119-thread-1] INFO  storage.RaftStorage (RaftStorageImpl.java:format(89)) - Storage directory /home/runner/work/ozone/ozone/hadoop-ozone/integration-test/target/test-dir/MiniOzoneClusterImpl-f38c25ab-2440-4177-af3f-c722ecf984ff/datanode-2/data/ratis/bdfb9477-d10a-4614-a453-a95ac1717ce8 has been successfully formatted.
2022-09-28 09:54:10,729 [pool-119-thread-1] INFO  ratis.ContainerStateMachine (ContainerStateMachine.java:loadSnapshot(236)) - group-A95AC1717CE8: The snapshot info is null. Setting the last applied indexto:(t:0, i:~)
2022-09-28 09:54:10,729 [pool-119-thread-1] INFO  server.RaftServerConfigKeys (ConfUtils.java:logGet(46)) - raft.server.notification.no-leader.timeout = 300s (custom)
2022-09-28 09:54:10,730 [pool-119-thread-1] INFO  server.RaftServerConfigKeys (ConfUtils.java:logGet(46)) - raft.server.log.use.memory = false (default)
2022-09-28 09:54:10,730 [pool-119-thread-1] INFO  server.RaftServerConfigKeys (ConfUtils.java:logGet(46)) - raft.server.log.purge.gap = 1000000 (custom)
2022-09-28 09:54:10,730 [pool-119-thread-1] INFO  server.RaftServerConfigKeys (ConfUtils.java:logGet(46)) - raft.server.log.appender.buffer.byte-limit = 33554432 (custom)
2022-09-28 09:54:10,730 [pool-119-thread-1] INFO  server.RaftServerConfigKeys (ConfUtils.java:logGet(46)) - raft.server.log.statemachine.data.read.timeout = 1000ms (default)
2022-09-28 09:54:10,730 [pool-119-thread-1] INFO  server.RaftServerConfigKeys (ConfUtils.java:logGet(46)) - raft.server.log.segment.size.max = 1048576 (custom)
2022-09-28 09:54:10,730 [EventQueue-PipelineReportForPipelineReportHandler] INFO  pipeline.PipelineManagerImpl (PipelineManagerImpl.java:openPipeline(367)) - Pipeline Pipeline[ Id: bdfb9477-d10a-4614-a453-a95ac1717ce8, Nodes: 6e0ecbc9-7476-4900-ba73-72d2d77f3b59{ip: 10.1.1.21, host: fv-az204-790.d0ggoinxmwcejgojbuqly40l0e.cx.internal.cloudapp.net, ports: [REPLICATION=46225, RATIS=33835, RATIS_ADMIN=33835, RATIS_SERVER=33835, STANDALONE=38193], networkLocation: /default-rack, certSerialId: null, persistedOpState: IN_SERVICE, persistedOpStateExpiryEpochSec: 0}, ReplicationConfig: RATIS/ONE, State:ALLOCATED, leaderId:6e0ecbc9-7476-4900-ba73-72d2d77f3b59, CreationTimestamp2022-09-28T09:54:07.728Z[Etc/UTC]] moved to OPEN state
2022-09-28 09:54:10,731 [EventQueue-OpenPipelineForHealthyPipelineSafeModeRule] INFO  safemode.SCMSafeModeManager (HealthyPipelineSafeModeRule.java:process(137)) - SCM in safe mode. Healthy pipelines reported count is 0, required healthy pipeline reported count is 1
2022-09-28 09:54:10,731 [pool-119-thread-1] INFO  server.RaftServerConfigKeys (ConfUtils.java:logGet(46)) - raft.server.log.segment.cache.num.max = 2 (custom)
2022-09-28 09:54:10,732 [pool-119-thread-1] INFO  server.RaftServerConfigKeys (ConfUtils.java:logGet(46)) - raft.server.log.segment.cache.size.max = 200MB (=209715200) (default)
2022-09-28 09:54:10,732 [pool-119-thread-1] INFO  segmented.SegmentedRaftLogWorker (SegmentedRaftLogWorker.java:<init>(187)) - new 6e0ecbc9-7476-4900-ba73-72d2d77f3b59@group-A95AC1717CE8-SegmentedRaftLogWorker for RaftStorageImpl:Storage Directory /home/runner/work/ozone/ozone/hadoop-ozone/integration-test/target/test-dir/MiniOzoneClusterImpl-f38c25ab-2440-4177-af3f-c722ecf984ff/datanode-2/data/ratis/bdfb9477-d10a-4614-a453-a95ac1717ce8
2022-09-28 09:54:10,732 [pool-119-thread-1] INFO  server.RaftServerConfigKeys (ConfUtils.java:logGet(46)) - raft.server.log.queue.byte-limit = 4294967296 (custom)
2022-09-28 09:54:10,732 [pool-119-thread-1] INFO  server.RaftServerConfigKeys (ConfUtils.java:logGet(46)) - raft.server.log.queue.element-limit = 1024 (custom)
2022-09-28 09:54:10,732 [pool-119-thread-1] INFO  server.RaftServerConfigKeys (ConfUtils.java:logGet(46)) - raft.server.log.segment.size.max = 1048576 (custom)
2022-09-28 09:54:10,732 [pool-119-thread-1] INFO  server.RaftServerConfigKeys (ConfUtils.java:logGet(46)) - raft.server.log.preallocated.size = 16384 (custom)
2022-09-28 09:54:10,732 [pool-119-thread-1] INFO  server.RaftServerConfigKeys (ConfUtils.java:logGet(46)) - raft.server.log.force.sync.num = 128 (default)
2022-09-28 09:54:10,732 [pool-119-thread-1] INFO  server.RaftServerConfigKeys (ConfUtils.java:logGet(46)) - raft.server.log.statemachine.data.sync = true (default)
2022-09-28 09:54:10,732 [pool-119-thread-1] INFO  server.RaftServerConfigKeys (ConfUtils.java:logGet(46)) - raft.server.log.statemachine.data.sync.timeout = 10s (default)
2022-09-28 09:54:10,732 [pool-119-thread-1] INFO  server.RaftServerConfigKeys (ConfUtils.java:logGet(46)) - raft.server.log.statemachine.data.sync.timeout.retry = -1 (default)
2022-09-28 09:54:10,750 [pool-119-thread-1] INFO  server.RaftServerConfigKeys (ConfUtils.java:logGet(46)) - raft.server.log.write.buffer.size = 1048576 (custom)
2022-09-28 09:54:10,750 [pool-119-thread-1] INFO  server.RaftServerConfigKeys (ConfUtils.java:logGet(46)) - raft.server.log.unsafe-flush.enabled = false (default)
2022-09-28 09:54:10,750 [pool-119-thread-1] INFO  server.RaftServerConfigKeys (ConfUtils.java:logGet(46)) - raft.server.log.statemachine.data.caching.enabled = true (custom)
2022-09-28 09:54:10,750 [pool-119-thread-1] INFO  segmented.SegmentedRaftLogWorker (SegmentedRaftLogWorker.java:lambda$new$0(135)) - 6e0ecbc9-7476-4900-ba73-72d2d77f3b59@group-A95AC1717CE8-SegmentedRaftLogWorker: flushIndex: setUnconditionally 0 -> -1
2022-09-28 09:54:10,751 [pool-119-thread-1] INFO  segmented.SegmentedRaftLogWorker (SegmentedRaftLogWorker.java:lambda$new$0(135)) - 6e0ecbc9-7476-4900-ba73-72d2d77f3b59@group-A95AC1717CE8-SegmentedRaftLogWorker: safeCacheEvictIndex: setUnconditionally 0 -> -1
2022-09-28 09:54:10,751 [pool-119-thread-1] INFO  server.RaftServerConfigKeys (ConfUtils.java:logGet(46)) - raft.server.snapshot.auto.trigger.enabled = true (custom)
2022-09-28 09:54:10,751 [pool-119-thread-1] INFO  server.RaftServerConfigKeys (ConfUtils.java:logGet(46)) - raft.server.snapshot.auto.trigger.threshold = 10000 (custom)
2022-09-28 09:54:10,751 [pool-119-thread-1] INFO  server.RaftServerConfigKeys (ConfUtils.java:logGet(46)) - raft.server.snapshot.retention.file.num = 5 (custom)
2022-09-28 09:54:10,751 [pool-119-thread-1] INFO  server.RaftServerConfigKeys (ConfUtils.java:logGet(46)) - raft.server.log.purge.upto.snapshot.index = false (default)
2022-09-28 09:54:10,751 [pool-119-thread-1] INFO  server.RaftServerConfigKeys (ConfUtils.java:logGet(46)) - raft.server.retrycache.expirytime = 600000ms (custom)
2022-09-28 09:54:10,751 [pool-119-thread-1] INFO  server.RaftServerConfigKeys (ConfUtils.java:logGet(46)) - raft.server.retrycache.statistics.expirytime = 100μs (default)
2022-09-28 09:54:10,752 [pool-119-thread-1] INFO  server.RaftServerConfigKeys (ConfUtils.java:logGet(46)) - raft.server.log.appender.install.snapshot.enabled = false (custom)
2022-09-28 09:54:10,753 [pool-119-thread-1] INFO  server.RaftServerConfigKeys (ConfUtils.java:logGet(46)) - raft.server.threadpool.server.cached = true (default)
2022-09-28 09:54:10,753 [pool-119-thread-1] INFO  server.RaftServerConfigKeys (ConfUtils.java:logGet(46)) - raft.server.threadpool.server.size = 0 (default)
2022-09-28 09:54:10,753 [pool-119-thread-1] INFO  server.RaftServerConfigKeys (ConfUtils.java:logGet(46)) - raft.server.threadpool.client.cached = true (default)
2022-09-28 09:54:10,753 [pool-119-thread-1] INFO  server.RaftServerConfigKeys (ConfUtils.java:logGet(46)) - raft.server.threadpool.client.size = 0 (default)
2022-09-28 09:54:10,754 [pool-119-thread-1] INFO  server.RaftServer$Division (RaftServerImpl.java:start(310)) - 6e0ecbc9-7476-4900-ba73-72d2d77f3b59@group-A95AC1717CE8: start as a follower, conf=-1: [6e0ecbc9-7476-4900-ba73-72d2d77f3b59|rpc:10.1.1.21:33835|priority:1], old=null
2022-09-28 09:54:10,754 [pool-119-thread-1] INFO  server.RaftServer$Division (RaftServerImpl.java:setRole(299)) - 6e0ecbc9-7476-4900-ba73-72d2d77f3b59@group-A95AC1717CE8: changes role from      null to FOLLOWER at term 0 for startAsFollower
2022-09-28 09:54:10,754 [pool-119-thread-1] INFO  impl.RoleInfo (RoleInfo.java:updateAndGet(139)) - 6e0ecbc9-7476-4900-ba73-72d2d77f3b59: start 6e0ecbc9-7476-4900-ba73-72d2d77f3b59@group-A95AC1717CE8-FollowerState
2022-09-28 09:54:10,754 [pool-119-thread-1] INFO  util.JmxRegister (JmxRegister.java:tryRegister(44)) - Successfully registered JMX Bean with object name Ratis:service=RaftServer,group=group-A95AC1717CE8,id=6e0ecbc9-7476-4900-ba73-72d2d77f3b59
2022-09-28 09:54:10,760 [Command processor thread] INFO  ratis.XceiverServerRatis (XceiverServerRatis.java:addGroup(765)) - Created group PipelineID=bdfb9477-d10a-4614-a453-a95ac1717ce8
2022-09-28 09:54:10,760 [Command processor thread] INFO  commandhandler.CreatePipelineCommandHandler (CreatePipelineCommandHandler.java:handle(113)) - Created Pipeline RATIS ONE PipelineID=bdfb9477-d10a-4614-a453-a95ac1717ce8.
2022-09-28 09:54:11,040 [Command processor thread] INFO  server.RaftServer (RaftServerProxy.java:addNew(96)) - 4506141d-17d3-4eb5-a98c-bf02fab83d7c: addNew group-D24936401058:[4506141d-17d3-4eb5-a98c-bf02fab83d7c|rpc:10.1.1.21:41277|priority:1] returns group-D24936401058:java.util.concurrent.CompletableFuture@5e1f3897[Not completed]
2022-09-28 09:54:11,045 [pool-142-thread-1] INFO  server.RaftServer$Division (RaftServerImpl.java:<init>(190)) - 4506141d-17d3-4eb5-a98c-bf02fab83d7c: new RaftServerImpl for group-D24936401058:[4506141d-17d3-4eb5-a98c-bf02fab83d7c|rpc:10.1.1.21:41277|priority:1] with ContainerStateMachine:uninitialized
2022-09-28 09:54:11,045 [pool-142-thread-1] INFO  server.RaftServerConfigKeys (ConfUtils.java:logGet(46)) - raft.server.rpc.timeout.min = 5s (custom)
2022-09-28 09:54:11,045 [pool-142-thread-1] INFO  server.RaftServerConfigKeys (ConfUtils.java:logGet(46)) - raft.server.rpc.timeout.max = 5200ms (custom)
2022-09-28 09:54:11,045 [pool-142-thread-1] INFO  server.RaftServerConfigKeys (ConfUtils.java:logGet(46)) - raft.server.rpc.sleep.time = 25ms (default)
2022-09-28 09:54:11,045 [pool-142-thread-1] INFO  server.RaftServerConfigKeys (ConfUtils.java:logGet(46)) - raft.server.rpc.slowness.timeout = 300s (custom)
2022-09-28 09:54:11,045 [pool-142-thread-1] INFO  server.RaftServerConfigKeys (ConfUtils.java:logGet(46)) - raft.server.leaderelection.leader.step-down.wait-time = 10s (default)
2022-09-28 09:54:11,045 [pool-142-thread-1] INFO  server.RaftServerConfigKeys (ConfUtils.java:logGet(46)) - raft.server.sleep.deviation.threshold = 300ms (default)
2022-09-28 09:54:11,045 [pool-142-thread-1] INFO  server.RaftServer$Division (ServerState.java:<init>(107)) - 4506141d-17d3-4eb5-a98c-bf02fab83d7c@group-D24936401058: ConfigurationManager, init=-1: [4506141d-17d3-4eb5-a98c-bf02fab83d7c|rpc:10.1.1.21:41277|priority:1], old=null, confs=<EMPTY_MAP>
2022-09-28 09:54:11,045 [pool-142-thread-1] INFO  server.RaftServerConfigKeys (ConfUtils.java:logGet(46)) - raft.server.storage.dir = [/home/runner/work/ozone/ozone/hadoop-ozone/integration-test/target/test-dir/MiniOzoneClusterImpl-f38c25ab-2440-4177-af3f-c722ecf984ff/datanode-3/data/ratis] (custom)
2022-09-28 09:54:11,045 [pool-142-thread-1] INFO  server.RaftServerConfigKeys (ConfUtils.java:logGet(46)) - raft.server.log.corruption.policy = EXCEPTION (default)
2022-09-28 09:54:11,045 [pool-142-thread-1] INFO  server.RaftServerConfigKeys (ConfUtils.java:logGet(46)) - raft.server.storage.free-space.min = 0MB (=0) (default)
2022-09-28 09:54:11,045 [pool-142-thread-1] INFO  storage.RaftStorageDirectory (RaftStorageDirectoryImpl.java:analyzeStorage(135)) - The storage directory /home/runner/work/ozone/ozone/hadoop-ozone/integration-test/target/test-dir/MiniOzoneClusterImpl-f38c25ab-2440-4177-af3f-c722ecf984ff/datanode-3/data/ratis/e7430f40-cd18-4b7b-8d31-d24936401058 does not exist. Creating ...
2022-09-28 09:54:11,046 [pool-142-thread-1] INFO  storage.RaftStorageDirectory (RaftStorageDirectoryImpl.java:tryLock(230)) - Lock on /home/runner/work/ozone/ozone/hadoop-ozone/integration-test/target/test-dir/MiniOzoneClusterImpl-f38c25ab-2440-4177-af3f-c722ecf984ff/datanode-3/data/ratis/e7430f40-cd18-4b7b-8d31-d24936401058/in_use.lock acquired by nodename 12863@fv-az204-790
2022-09-28 09:54:11,047 [pool-142-thread-1] INFO  storage.RaftStorage (RaftStorageImpl.java:format(89)) - Storage directory /home/runner/work/ozone/ozone/hadoop-ozone/integration-test/target/test-dir/MiniOzoneClusterImpl-f38c25ab-2440-4177-af3f-c722ecf984ff/datanode-3/data/ratis/e7430f40-cd18-4b7b-8d31-d24936401058 has been successfully formatted.
2022-09-28 09:54:11,048 [pool-142-thread-1] INFO  ratis.ContainerStateMachine (ContainerStateMachine.java:loadSnapshot(236)) - group-D24936401058: The snapshot info is null. Setting the last applied indexto:(t:0, i:~)
2022-09-28 09:54:11,048 [pool-142-thread-1] INFO  server.RaftServerConfigKeys (ConfUtils.java:logGet(46)) - raft.server.notification.no-leader.timeout = 300s (custom)
2022-09-28 09:54:11,048 [pool-142-thread-1] INFO  server.RaftServerConfigKeys (ConfUtils.java:logGet(46)) - raft.server.log.use.memory = false (default)
2022-09-28 09:54:11,048 [pool-142-thread-1] INFO  server.RaftServerConfigKeys (ConfUtils.java:logGet(46)) - raft.server.log.purge.gap = 1000000 (custom)
2022-09-28 09:54:11,048 [pool-142-thread-1] INFO  server.RaftServerConfigKeys (ConfUtils.java:logGet(46)) - raft.server.log.appender.buffer.byte-limit = 33554432 (custom)
2022-09-28 09:54:11,048 [pool-142-thread-1] INFO  server.RaftServerConfigKeys (ConfUtils.java:logGet(46)) - raft.server.log.statemachine.data.read.timeout = 1000ms (default)
2022-09-28 09:54:11,050 [EventQueue-PipelineReportForPipelineReportHandler] INFO  pipeline.PipelineManagerImpl (PipelineManagerImpl.java:openPipeline(367)) - Pipeline Pipeline[ Id: e7430f40-cd18-4b7b-8d31-d24936401058, Nodes: 4506141d-17d3-4eb5-a98c-bf02fab83d7c{ip: 10.1.1.21, host: fv-az204-790.d0ggoinxmwcejgojbuqly40l0e.cx.internal.cloudapp.net, ports: [REPLICATION=32879, RATIS=41277, RATIS_ADMIN=41277, RATIS_SERVER=41277, STANDALONE=41095], networkLocation: /default-rack, certSerialId: null, persistedOpState: IN_SERVICE, persistedOpStateExpiryEpochSec: 0}, ReplicationConfig: RATIS/ONE, State:ALLOCATED, leaderId:4506141d-17d3-4eb5-a98c-bf02fab83d7c, CreationTimestamp2022-09-28T09:54:08.042Z[Etc/UTC]] moved to OPEN state
2022-09-28 09:54:11,050 [pool-142-thread-1] INFO  server.RaftServerConfigKeys (ConfUtils.java:logGet(46)) - raft.server.log.segment.size.max = 1048576 (custom)
2022-09-28 09:54:11,051 [pool-142-thread-1] INFO  server.RaftServerConfigKeys (ConfUtils.java:logGet(46)) - raft.server.log.segment.cache.num.max = 2 (custom)
2022-09-28 09:54:11,051 [pool-142-thread-1] INFO  server.RaftServerConfigKeys (ConfUtils.java:logGet(46)) - raft.server.log.segment.cache.size.max = 200MB (=209715200) (default)
2022-09-28 09:54:11,051 [pool-142-thread-1] INFO  segmented.SegmentedRaftLogWorker (SegmentedRaftLogWorker.java:<init>(187)) - new 4506141d-17d3-4eb5-a98c-bf02fab83d7c@group-D24936401058-SegmentedRaftLogWorker for RaftStorageImpl:Storage Directory /home/runner/work/ozone/ozone/hadoop-ozone/integration-test/target/test-dir/MiniOzoneClusterImpl-f38c25ab-2440-4177-af3f-c722ecf984ff/datanode-3/data/ratis/e7430f40-cd18-4b7b-8d31-d24936401058
2022-09-28 09:54:11,051 [pool-142-thread-1] INFO  server.RaftServerConfigKeys (ConfUtils.java:logGet(46)) - raft.server.log.queue.byte-limit = 4294967296 (custom)
2022-09-28 09:54:11,051 [pool-142-thread-1] INFO  server.RaftServerConfigKeys (ConfUtils.java:logGet(46)) - raft.server.log.queue.element-limit = 1024 (custom)
2022-09-28 09:54:11,051 [pool-142-thread-1] INFO  server.RaftServerConfigKeys (ConfUtils.java:logGet(46)) - raft.server.log.segment.size.max = 1048576 (custom)
2022-09-28 09:54:11,051 [pool-142-thread-1] INFO  server.RaftServerConfigKeys (ConfUtils.java:logGet(46)) - raft.server.log.preallocated.size = 16384 (custom)
2022-09-28 09:54:11,051 [pool-142-thread-1] INFO  server.RaftServerConfigKeys (ConfUtils.java:logGet(46)) - raft.server.log.force.sync.num = 128 (default)
2022-09-28 09:54:11,051 [pool-142-thread-1] INFO  server.RaftServerConfigKeys (ConfUtils.java:logGet(46)) - raft.server.log.statemachine.data.sync = true (default)
2022-09-28 09:54:11,051 [pool-142-thread-1] INFO  server.RaftServerConfigKeys (ConfUtils.java:logGet(46)) - raft.server.log.statemachine.data.sync.timeout = 10s (default)
2022-09-28 09:54:11,051 [pool-142-thread-1] INFO  server.RaftServerConfigKeys (ConfUtils.java:logGet(46)) - raft.server.log.statemachine.data.sync.timeout.retry = -1 (default)
2022-09-28 09:54:11,052 [pool-142-thread-1] INFO  server.RaftServerConfigKeys (ConfUtils.java:logGet(46)) - raft.server.log.write.buffer.size = 1048576 (custom)
2022-09-28 09:54:11,052 [pool-142-thread-1] INFO  server.RaftServerConfigKeys (ConfUtils.java:logGet(46)) - raft.server.log.unsafe-flush.enabled = false (default)
2022-09-28 09:54:11,052 [EventQueue-OpenPipelineForHealthyPipelineSafeModeRule] INFO  safemode.SCMSafeModeManager (HealthyPipelineSafeModeRule.java:process(137)) - SCM in safe mode. Healthy pipelines reported count is 0, required healthy pipeline reported count is 1
2022-09-28 09:54:11,052 [pool-142-thread-1] INFO  server.RaftServerConfigKeys (ConfUtils.java:logGet(46)) - raft.server.log.statemachine.data.caching.enabled = true (custom)
2022-09-28 09:54:11,054 [pool-142-thread-1] INFO  segmented.SegmentedRaftLogWorker (SegmentedRaftLogWorker.java:lambda$new$0(135)) - 4506141d-17d3-4eb5-a98c-bf02fab83d7c@group-D24936401058-SegmentedRaftLogWorker: flushIndex: setUnconditionally 0 -> -1
2022-09-28 09:54:11,054 [pool-142-thread-1] INFO  segmented.SegmentedRaftLogWorker (SegmentedRaftLogWorker.java:lambda$new$0(135)) - 4506141d-17d3-4eb5-a98c-bf02fab83d7c@group-D24936401058-SegmentedRaftLogWorker: safeCacheEvictIndex: setUnconditionally 0 -> -1
2022-09-28 09:54:11,054 [pool-142-thread-1] INFO  server.RaftServerConfigKeys (ConfUtils.java:logGet(46)) - raft.server.snapshot.auto.trigger.enabled = true (custom)
2022-09-28 09:54:11,054 [pool-142-thread-1] INFO  server.RaftServerConfigKeys (ConfUtils.java:logGet(46)) - raft.server.snapshot.auto.trigger.threshold = 10000 (custom)
2022-09-28 09:54:11,054 [pool-142-thread-1] INFO  server.RaftServerConfigKeys (ConfUtils.java:logGet(46)) - raft.server.snapshot.retention.file.num = 5 (custom)
2022-09-28 09:54:11,054 [pool-142-thread-1] INFO  server.RaftServerConfigKeys (ConfUtils.java:logGet(46)) - raft.server.log.purge.upto.snapshot.index = false (default)
2022-09-28 09:54:11,054 [pool-142-thread-1] INFO  server.RaftServerConfigKeys (ConfUtils.java:logGet(46)) - raft.server.retrycache.expirytime = 600000ms (custom)
2022-09-28 09:54:11,054 [pool-142-thread-1] INFO  server.RaftServerConfigKeys (ConfUtils.java:logGet(46)) - raft.server.retrycache.statistics.expirytime = 100μs (default)
2022-09-28 09:54:11,055 [pool-142-thread-1] INFO  server.RaftServerConfigKeys (ConfUtils.java:logGet(46)) - raft.server.log.appender.install.snapshot.enabled = false (custom)
2022-09-28 09:54:11,055 [pool-142-thread-1] INFO  server.RaftServerConfigKeys (ConfUtils.java:logGet(46)) - raft.server.threadpool.server.cached = true (default)
2022-09-28 09:54:11,055 [pool-142-thread-1] INFO  server.RaftServerConfigKeys (ConfUtils.java:logGet(46)) - raft.server.threadpool.server.size = 0 (default)
2022-09-28 09:54:11,055 [pool-142-thread-1] INFO  server.RaftServerConfigKeys (ConfUtils.java:logGet(46)) - raft.server.threadpool.client.cached = true (default)
2022-09-28 09:54:11,055 [pool-142-thread-1] INFO  server.RaftServerConfigKeys (ConfUtils.java:logGet(46)) - raft.server.threadpool.client.size = 0 (default)
2022-09-28 09:54:11,055 [pool-142-thread-1] INFO  server.RaftServer$Division (RaftServerImpl.java:start(310)) - 4506141d-17d3-4eb5-a98c-bf02fab83d7c@group-D24936401058: start as a follower, conf=-1: [4506141d-17d3-4eb5-a98c-bf02fab83d7c|rpc:10.1.1.21:41277|priority:1], old=null
2022-09-28 09:54:11,055 [pool-142-thread-1] INFO  server.RaftServer$Division (RaftServerImpl.java:setRole(299)) - 4506141d-17d3-4eb5-a98c-bf02fab83d7c@group-D24936401058: changes role from      null to FOLLOWER at term 0 for startAsFollower
2022-09-28 09:54:11,055 [pool-142-thread-1] INFO  impl.RoleInfo (RoleInfo.java:updateAndGet(139)) - 4506141d-17d3-4eb5-a98c-bf02fab83d7c: start 4506141d-17d3-4eb5-a98c-bf02fab83d7c@group-D24936401058-FollowerState
2022-09-28 09:54:11,056 [pool-142-thread-1] INFO  util.JmxRegister (JmxRegister.java:tryRegister(44)) - Successfully registered JMX Bean with object name Ratis:service=RaftServer,group=group-D24936401058,id=4506141d-17d3-4eb5-a98c-bf02fab83d7c
2022-09-28 09:54:11,057 [Command processor thread] INFO  ratis.XceiverServerRatis (XceiverServerRatis.java:addGroup(765)) - Created group PipelineID=e7430f40-cd18-4b7b-8d31-d24936401058
2022-09-28 09:54:11,057 [Command processor thread] INFO  commandhandler.CreatePipelineCommandHandler (CreatePipelineCommandHandler.java:handle(113)) - Created Pipeline RATIS ONE PipelineID=e7430f40-cd18-4b7b-8d31-d24936401058.
2022-09-28 09:54:11,356 [Listener at 127.0.0.1/33915] INFO  ozone.MiniOzoneClusterImpl (MiniOzoneClusterImpl.java:lambda$waitForClusterToBeReady$0(216)) - Nodes are ready. Got 5 of 5 DN Heartbeats.
2022-09-28 09:54:11,356 [Listener at 127.0.0.1/33915] INFO  ozone.MiniOzoneClusterImpl (MiniOzoneClusterImpl.java:lambda$waitForClusterToBeReady$0(219)) - Waiting for cluster to exit safe mode
2022-09-28 09:54:11,356 [Listener at 127.0.0.1/33915] INFO  ozone.MiniOzoneClusterImpl (MiniOzoneClusterImpl.java:lambda$waitForClusterToBeReady$0(221)) - SCM became leader
2022-09-28 09:54:11,361 [Command processor thread] INFO  server.RaftServer (RaftServerProxy.java:addNew(96)) - 73e45c1e-2154-45e4-89cc-96be25ad3181: addNew group-D189CB95ABD8:[73e45c1e-2154-45e4-89cc-96be25ad3181|rpc:10.1.1.21:33171|priority:1] returns group-D189CB95ABD8:java.util.concurrent.CompletableFuture@a8657d4[Not completed]
2022-09-28 09:54:11,364 [pool-165-thread-1] INFO  server.RaftServer$Division (RaftServerImpl.java:<init>(190)) - 73e45c1e-2154-45e4-89cc-96be25ad3181: new RaftServerImpl for group-D189CB95ABD8:[73e45c1e-2154-45e4-89cc-96be25ad3181|rpc:10.1.1.21:33171|priority:1] with ContainerStateMachine:uninitialized
2022-09-28 09:54:11,364 [pool-165-thread-1] INFO  server.RaftServerConfigKeys (ConfUtils.java:logGet(46)) - raft.server.rpc.timeout.min = 5s (custom)
2022-09-28 09:54:11,364 [pool-165-thread-1] INFO  server.RaftServerConfigKeys (ConfUtils.java:logGet(46)) - raft.server.rpc.timeout.max = 5200ms (custom)
2022-09-28 09:54:11,364 [pool-165-thread-1] INFO  server.RaftServerConfigKeys (ConfUtils.java:logGet(46)) - raft.server.rpc.sleep.time = 25ms (default)
2022-09-28 09:54:11,364 [pool-165-thread-1] INFO  server.RaftServerConfigKeys (ConfUtils.java:logGet(46)) - raft.server.rpc.slowness.timeout = 300s (custom)
2022-09-28 09:54:11,364 [pool-165-thread-1] INFO  server.RaftServerConfigKeys (ConfUtils.java:logGet(46)) - raft.server.leaderelection.leader.step-down.wait-time = 10s (default)
2022-09-28 09:54:11,364 [pool-165-thread-1] INFO  server.RaftServerConfigKeys (ConfUtils.java:logGet(46)) - raft.server.sleep.deviation.threshold = 300ms (default)
2022-09-28 09:54:11,364 [pool-165-thread-1] INFO  server.RaftServer$Division (ServerState.java:<init>(107)) - 73e45c1e-2154-45e4-89cc-96be25ad3181@group-D189CB95ABD8: ConfigurationManager, init=-1: [73e45c1e-2154-45e4-89cc-96be25ad3181|rpc:10.1.1.21:33171|priority:1], old=null, confs=<EMPTY_MAP>
2022-09-28 09:54:11,365 [pool-165-thread-1] INFO  server.RaftServerConfigKeys (ConfUtils.java:logGet(46)) - raft.server.storage.dir = [/home/runner/work/ozone/ozone/hadoop-ozone/integration-test/target/test-dir/MiniOzoneClusterImpl-f38c25ab-2440-4177-af3f-c722ecf984ff/datanode-4/data/ratis] (custom)
2022-09-28 09:54:11,365 [pool-165-thread-1] INFO  server.RaftServerConfigKeys (ConfUtils.java:logGet(46)) - raft.server.log.corruption.policy = EXCEPTION (default)
2022-09-28 09:54:11,365 [pool-165-thread-1] INFO  server.RaftServerConfigKeys (ConfUtils.java:logGet(46)) - raft.server.storage.free-space.min = 0MB (=0) (default)
2022-09-28 09:54:11,365 [pool-165-thread-1] INFO  storage.RaftStorageDirectory (RaftStorageDirectoryImpl.java:analyzeStorage(135)) - The storage directory /home/runner/work/ozone/ozone/hadoop-ozone/integration-test/target/test-dir/MiniOzoneClusterImpl-f38c25ab-2440-4177-af3f-c722ecf984ff/datanode-4/data/ratis/a196fb98-6127-4f4e-ac1d-d189cb95abd8 does not exist. Creating ...
2022-09-28 09:54:11,366 [pool-165-thread-1] INFO  storage.RaftStorageDirectory (RaftStorageDirectoryImpl.java:tryLock(230)) - Lock on /home/runner/work/ozone/ozone/hadoop-ozone/integration-test/target/test-dir/MiniOzoneClusterImpl-f38c25ab-2440-4177-af3f-c722ecf984ff/datanode-4/data/ratis/a196fb98-6127-4f4e-ac1d-d189cb95abd8/in_use.lock acquired by nodename 12863@fv-az204-790
2022-09-28 09:54:11,366 [pool-165-thread-1] INFO  storage.RaftStorage (RaftStorageImpl.java:format(89)) - Storage directory /home/runner/work/ozone/ozone/hadoop-ozone/integration-test/target/test-dir/MiniOzoneClusterImpl-f38c25ab-2440-4177-af3f-c722ecf984ff/datanode-4/data/ratis/a196fb98-6127-4f4e-ac1d-d189cb95abd8 has been successfully formatted.
2022-09-28 09:54:11,367 [pool-165-thread-1] INFO  ratis.ContainerStateMachine (ContainerStateMachine.java:loadSnapshot(236)) - group-D189CB95ABD8: The snapshot info is null. Setting the last applied indexto:(t:0, i:~)
2022-09-28 09:54:11,367 [pool-165-thread-1] INFO  server.RaftServerConfigKeys (ConfUtils.java:logGet(46)) - raft.server.notification.no-leader.timeout = 300s (custom)
2022-09-28 09:54:11,367 [pool-165-thread-1] INFO  server.RaftServerConfigKeys (ConfUtils.java:logGet(46)) - raft.server.log.use.memory = false (default)
2022-09-28 09:54:11,367 [pool-165-thread-1] INFO  server.RaftServerConfigKeys (ConfUtils.java:logGet(46)) - raft.server.log.purge.gap = 1000000 (custom)
2022-09-28 09:54:11,367 [pool-165-thread-1] INFO  server.RaftServerConfigKeys (ConfUtils.java:logGet(46)) - raft.server.log.appender.buffer.byte-limit = 33554432 (custom)
2022-09-28 09:54:11,367 [pool-165-thread-1] INFO  server.RaftServerConfigKeys (ConfUtils.java:logGet(46)) - raft.server.log.statemachine.data.read.timeout = 1000ms (default)
2022-09-28 09:54:11,368 [pool-165-thread-1] INFO  server.RaftServerConfigKeys (ConfUtils.java:logGet(46)) - raft.server.log.segment.size.max = 1048576 (custom)
2022-09-28 09:54:11,368 [EventQueue-PipelineReportForPipelineReportHandler] INFO  pipeline.PipelineManagerImpl (PipelineManagerImpl.java:openPipeline(367)) - Pipeline Pipeline[ Id: a196fb98-6127-4f4e-ac1d-d189cb95abd8, Nodes: 73e45c1e-2154-45e4-89cc-96be25ad3181{ip: 10.1.1.21, host: fv-az204-790.d0ggoinxmwcejgojbuqly40l0e.cx.internal.cloudapp.net, ports: [REPLICATION=35763, RATIS=33171, RATIS_ADMIN=33171, RATIS_SERVER=33171, STANDALONE=35373], networkLocation: /default-rack, certSerialId: null, persistedOpState: IN_SERVICE, persistedOpStateExpiryEpochSec: 0}, ReplicationConfig: RATIS/ONE, State:ALLOCATED, leaderId:73e45c1e-2154-45e4-89cc-96be25ad3181, CreationTimestamp2022-09-28T09:54:08.364Z[Etc/UTC]] moved to OPEN state
2022-09-28 09:54:11,369 [pool-165-thread-1] INFO  server.RaftServerConfigKeys (ConfUtils.java:logGet(46)) - raft.server.log.segment.cache.num.max = 2 (custom)
2022-09-28 09:54:11,369 [pool-165-thread-1] INFO  server.RaftServerConfigKeys (ConfUtils.java:logGet(46)) - raft.server.log.segment.cache.size.max = 200MB (=209715200) (default)
2022-09-28 09:54:11,369 [pool-165-thread-1] INFO  segmented.SegmentedRaftLogWorker (SegmentedRaftLogWorker.java:<init>(187)) - new 73e45c1e-2154-45e4-89cc-96be25ad3181@group-D189CB95ABD8-SegmentedRaftLogWorker for RaftStorageImpl:Storage Directory /home/runner/work/ozone/ozone/hadoop-ozone/integration-test/target/test-dir/MiniOzoneClusterImpl-f38c25ab-2440-4177-af3f-c722ecf984ff/datanode-4/data/ratis/a196fb98-6127-4f4e-ac1d-d189cb95abd8
2022-09-28 09:54:11,369 [pool-165-thread-1] INFO  server.RaftServerConfigKeys (ConfUtils.java:logGet(46)) - raft.server.log.queue.byte-limit = 4294967296 (custom)
2022-09-28 09:54:11,369 [pool-165-thread-1] INFO  server.RaftServerConfigKeys (ConfUtils.java:logGet(46)) - raft.server.log.queue.element-limit = 1024 (custom)
2022-09-28 09:54:11,369 [EventQueue-OpenPipelineForHealthyPipelineSafeModeRule] INFO  safemode.SCMSafeModeManager (HealthyPipelineSafeModeRule.java:process(137)) - SCM in safe mode. Healthy pipelines reported count is 0, required healthy pipeline reported count is 1
2022-09-28 09:54:11,369 [pool-165-thread-1] INFO  server.RaftServerConfigKeys (ConfUtils.java:logGet(46)) - raft.server.log.segment.size.max = 1048576 (custom)
2022-09-28 09:54:11,370 [pool-165-thread-1] INFO  server.RaftServerConfigKeys (ConfUtils.java:logGet(46)) - raft.server.log.preallocated.size = 16384 (custom)
2022-09-28 09:54:11,370 [pool-165-thread-1] INFO  server.RaftServerConfigKeys (ConfUtils.java:logGet(46)) - raft.server.log.force.sync.num = 128 (default)
2022-09-28 09:54:11,370 [pool-165-thread-1] INFO  server.RaftServerConfigKeys (ConfUtils.java:logGet(46)) - raft.server.log.statemachine.data.sync = true (default)
2022-09-28 09:54:11,370 [pool-165-thread-1] INFO  server.RaftServerConfigKeys (ConfUtils.java:logGet(46)) - raft.server.log.statemachine.data.sync.timeout = 10s (default)
2022-09-28 09:54:11,370 [pool-165-thread-1] INFO  server.RaftServerConfigKeys (ConfUtils.java:logGet(46)) - raft.server.log.statemachine.data.sync.timeout.retry = -1 (default)
2022-09-28 09:54:11,370 [pool-165-thread-1] INFO  server.RaftServerConfigKeys (ConfUtils.java:logGet(46)) - raft.server.log.write.buffer.size = 1048576 (custom)
2022-09-28 09:54:11,371 [pool-165-thread-1] INFO  server.RaftServerConfigKeys (ConfUtils.java:logGet(46)) - raft.server.log.unsafe-flush.enabled = false (default)
2022-09-28 09:54:11,371 [pool-165-thread-1] INFO  server.RaftServerConfigKeys (ConfUtils.java:logGet(46)) - raft.server.log.statemachine.data.caching.enabled = true (custom)
2022-09-28 09:54:11,371 [pool-165-thread-1] INFO  segmented.SegmentedRaftLogWorker (SegmentedRaftLogWorker.java:lambda$new$0(135)) - 73e45c1e-2154-45e4-89cc-96be25ad3181@group-D189CB95ABD8-SegmentedRaftLogWorker: flushIndex: setUnconditionally 0 -> -1
2022-09-28 09:54:11,371 [pool-165-thread-1] INFO  segmented.SegmentedRaftLogWorker (SegmentedRaftLogWorker.java:lambda$new$0(135)) - 73e45c1e-2154-45e4-89cc-96be25ad3181@group-D189CB95ABD8-SegmentedRaftLogWorker: safeCacheEvictIndex: setUnconditionally 0 -> -1
2022-09-28 09:54:11,371 [pool-165-thread-1] INFO  server.RaftServerConfigKeys (ConfUtils.java:logGet(46)) - raft.server.snapshot.auto.trigger.enabled = true (custom)
2022-09-28 09:54:11,371 [pool-165-thread-1] INFO  server.RaftServerConfigKeys (ConfUtils.java:logGet(46)) - raft.server.snapshot.auto.trigger.threshold = 10000 (custom)
2022-09-28 09:54:11,371 [pool-165-thread-1] INFO  server.RaftServerConfigKeys (ConfUtils.java:logGet(46)) - raft.server.snapshot.retention.file.num = 5 (custom)
2022-09-28 09:54:11,371 [pool-165-thread-1] INFO  server.RaftServerConfigKeys (ConfUtils.java:logGet(46)) - raft.server.log.purge.upto.snapshot.index = false (default)
2022-09-28 09:54:11,371 [pool-165-thread-1] INFO  server.RaftServerConfigKeys (ConfUtils.java:logGet(46)) - raft.server.retrycache.expirytime = 600000ms (custom)
2022-09-28 09:54:11,372 [pool-165-thread-1] INFO  server.RaftServerConfigKeys (ConfUtils.java:logGet(46)) - raft.server.retrycache.statistics.expirytime = 100μs (default)
2022-09-28 09:54:11,372 [pool-165-thread-1] INFO  server.RaftServerConfigKeys (ConfUtils.java:logGet(46)) - raft.server.log.appender.install.snapshot.enabled = false (custom)
2022-09-28 09:54:11,372 [pool-165-thread-1] INFO  server.RaftServerConfigKeys (ConfUtils.java:logGet(46)) - raft.server.threadpool.server.cached = true (default)
2022-09-28 09:54:11,372 [pool-165-thread-1] INFO  server.RaftServerConfigKeys (ConfUtils.java:logGet(46)) - raft.server.threadpool.server.size = 0 (default)
2022-09-28 09:54:11,372 [pool-165-thread-1] INFO  server.RaftServerConfigKeys (ConfUtils.java:logGet(46)) - raft.server.threadpool.client.cached = true (default)
2022-09-28 09:54:11,372 [pool-165-thread-1] INFO  server.RaftServerConfigKeys (ConfUtils.java:logGet(46)) - raft.server.threadpool.client.size = 0 (default)
2022-09-28 09:54:11,373 [pool-165-thread-1] INFO  server.RaftServer$Division (RaftServerImpl.java:start(310)) - 73e45c1e-2154-45e4-89cc-96be25ad3181@group-D189CB95ABD8: start as a follower, conf=-1: [73e45c1e-2154-45e4-89cc-96be25ad3181|rpc:10.1.1.21:33171|priority:1], old=null
2022-09-28 09:54:11,373 [pool-165-thread-1] INFO  server.RaftServer$Division (RaftServerImpl.java:setRole(299)) - 73e45c1e-2154-45e4-89cc-96be25ad3181@group-D189CB95ABD8: changes role from      null to FOLLOWER at term 0 for startAsFollower
2022-09-28 09:54:11,373 [pool-165-thread-1] INFO  impl.RoleInfo (RoleInfo.java:updateAndGet(139)) - 73e45c1e-2154-45e4-89cc-96be25ad3181: start 73e45c1e-2154-45e4-89cc-96be25ad3181@group-D189CB95ABD8-FollowerState
2022-09-28 09:54:11,373 [pool-165-thread-1] INFO  util.JmxRegister (JmxRegister.java:tryRegister(44)) - Successfully registered JMX Bean with object name Ratis:service=RaftServer,group=group-D189CB95ABD8,id=73e45c1e-2154-45e4-89cc-96be25ad3181
2022-09-28 09:54:11,373 [Command processor thread] INFO  ratis.XceiverServerRatis (XceiverServerRatis.java:addGroup(765)) - Created group PipelineID=a196fb98-6127-4f4e-ac1d-d189cb95abd8
2022-09-28 09:54:11,373 [Command processor thread] INFO  commandhandler.CreatePipelineCommandHandler (CreatePipelineCommandHandler.java:handle(113)) - Created Pipeline RATIS ONE PipelineID=a196fb98-6127-4f4e-ac1d-d189cb95abd8.
2022-09-28 09:54:12,356 [Listener at 127.0.0.1/33915] INFO  ozone.MiniOzoneClusterImpl (MiniOzoneClusterImpl.java:lambda$waitForClusterToBeReady$0(216)) - Nodes are ready. Got 5 of 5 DN Heartbeats.
2022-09-28 09:54:12,357 [Listener at 127.0.0.1/33915] INFO  ozone.MiniOzoneClusterImpl (MiniOzoneClusterImpl.java:lambda$waitForClusterToBeReady$0(219)) - Waiting for cluster to exit safe mode
2022-09-28 09:54:12,357 [Listener at 127.0.0.1/33915] INFO  ozone.MiniOzoneClusterImpl (MiniOzoneClusterImpl.java:lambda$waitForClusterToBeReady$0(221)) - SCM became leader
2022-09-28 09:54:13,357 [Listener at 127.0.0.1/33915] INFO  ozone.MiniOzoneClusterImpl (MiniOzoneClusterImpl.java:lambda$waitForClusterToBeReady$0(216)) - Nodes are ready. Got 5 of 5 DN Heartbeats.
2022-09-28 09:54:13,357 [Listener at 127.0.0.1/33915] INFO  ozone.MiniOzoneClusterImpl (MiniOzoneClusterImpl.java:lambda$waitForClusterToBeReady$0(219)) - Waiting for cluster to exit safe mode
2022-09-28 09:54:13,357 [Listener at 127.0.0.1/33915] INFO  ozone.MiniOzoneClusterImpl (MiniOzoneClusterImpl.java:lambda$waitForClusterToBeReady$0(221)) - SCM became leader
2022-09-28 09:54:14,358 [Listener at 127.0.0.1/33915] INFO  ozone.MiniOzoneClusterImpl (MiniOzoneClusterImpl.java:lambda$waitForClusterToBeReady$0(216)) - Nodes are ready. Got 5 of 5 DN Heartbeats.
2022-09-28 09:54:14,358 [Listener at 127.0.0.1/33915] INFO  ozone.MiniOzoneClusterImpl (MiniOzoneClusterImpl.java:lambda$waitForClusterToBeReady$0(219)) - Waiting for cluster to exit safe mode
2022-09-28 09:54:14,358 [Listener at 127.0.0.1/33915] INFO  ozone.MiniOzoneClusterImpl (MiniOzoneClusterImpl.java:lambda$waitForClusterToBeReady$0(221)) - SCM became leader
2022-09-28 09:54:15,128 [2d845149-fded-4749-8bc2-118586f6e1d8@group-384A3FD51C4E-FollowerState] INFO  impl.FollowerState (FollowerState.java:run(143)) - 2d845149-fded-4749-8bc2-118586f6e1d8@group-384A3FD51C4E-FollowerState: change to CANDIDATE, lastRpcElapsedTime:5116417147ns, electionTimeout:5114ms
2022-09-28 09:54:15,128 [2d845149-fded-4749-8bc2-118586f6e1d8@group-384A3FD51C4E-FollowerState] INFO  impl.RoleInfo (RoleInfo.java:shutdownFollowerState(110)) - 2d845149-fded-4749-8bc2-118586f6e1d8: shutdown 2d845149-fded-4749-8bc2-118586f6e1d8@group-384A3FD51C4E-FollowerState
2022-09-28 09:54:15,128 [2d845149-fded-4749-8bc2-118586f6e1d8@group-384A3FD51C4E-FollowerState] INFO  server.RaftServer$Division (RaftServerImpl.java:setRole(299)) - 2d845149-fded-4749-8bc2-118586f6e1d8@group-384A3FD51C4E: changes role from  FOLLOWER to CANDIDATE at term 0 for changeToCandidate
2022-09-28 09:54:15,128 [2d845149-fded-4749-8bc2-118586f6e1d8@group-384A3FD51C4E-FollowerState] INFO  server.RaftServerConfigKeys (ConfUtils.java:logGet(46)) - raft.server.leaderelection.pre-vote = false (custom)
2022-09-28 09:54:15,128 [2d845149-fded-4749-8bc2-118586f6e1d8@group-384A3FD51C4E-FollowerState] INFO  impl.RoleInfo (RoleInfo.java:updateAndGet(139)) - 2d845149-fded-4749-8bc2-118586f6e1d8: start 2d845149-fded-4749-8bc2-118586f6e1d8@group-384A3FD51C4E-LeaderElection2
2022-09-28 09:54:15,131 [2d845149-fded-4749-8bc2-118586f6e1d8@group-384A3FD51C4E-LeaderElection2] INFO  impl.LeaderElection (LeaderElection.java:askForVotes(310)) - 2d845149-fded-4749-8bc2-118586f6e1d8@group-384A3FD51C4E-LeaderElection2 ELECTION round 0: submit vote requests at term 1 for -1: [2d845149-fded-4749-8bc2-118586f6e1d8|rpc:10.1.1.21:44611|priority:1, 20e90031-3f6f-4112-85ad-1ad3a95fac96|rpc:10.1.1.21:38353|priority:0, 6e0ecbc9-7476-4900-ba73-72d2d77f3b59|rpc:10.1.1.21:33835|priority:0], old=null
2022-09-28 09:54:15,149 [grpc-default-executor-1] INFO  server.RaftServer$Division (RaftServerImpl.java:requestVote(1152)) - 20e90031-3f6f-4112-85ad-1ad3a95fac96@group-384A3FD51C4E: receive requestVote(ELECTION, 2d845149-fded-4749-8bc2-118586f6e1d8, group-384A3FD51C4E, 1, (t:0, i:0))
2022-09-28 09:54:15,151 [grpc-default-executor-1] INFO  impl.VoteContext (VoteContext.java:log(48)) - 20e90031-3f6f-4112-85ad-1ad3a95fac96@group-384A3FD51C4E-FOLLOWER: accept ELECTION from 2d845149-fded-4749-8bc2-118586f6e1d8: our priority 0 <= candidate's priority 1
2022-09-28 09:54:15,151 [grpc-default-executor-1] INFO  server.RaftServer$Division (RaftServerImpl.java:setRole(299)) - 20e90031-3f6f-4112-85ad-1ad3a95fac96@group-384A3FD51C4E: changes role from  FOLLOWER to FOLLOWER at term 1 for candidate:2d845149-fded-4749-8bc2-118586f6e1d8
2022-09-28 09:54:15,151 [grpc-default-executor-1] INFO  impl.RoleInfo (RoleInfo.java:shutdownFollowerState(110)) - 20e90031-3f6f-4112-85ad-1ad3a95fac96: shutdown 20e90031-3f6f-4112-85ad-1ad3a95fac96@group-384A3FD51C4E-FollowerState
2022-09-28 09:54:15,151 [grpc-default-executor-1] INFO  impl.RoleInfo (RoleInfo.java:updateAndGet(139)) - 20e90031-3f6f-4112-85ad-1ad3a95fac96: start 20e90031-3f6f-4112-85ad-1ad3a95fac96@group-384A3FD51C4E-FollowerState
2022-09-28 09:54:15,151 [20e90031-3f6f-4112-85ad-1ad3a95fac96@group-384A3FD51C4E-FollowerState] INFO  impl.FollowerState (FollowerState.java:run(152)) - 20e90031-3f6f-4112-85ad-1ad3a95fac96@group-384A3FD51C4E-FollowerState was interrupted
2022-09-28 09:54:15,157 [grpc-default-executor-1] INFO  server.RaftServer$Division (RaftServerImpl.java:requestVote(1184)) - 20e90031-3f6f-4112-85ad-1ad3a95fac96@group-384A3FD51C4E replies to ELECTION vote request: 2d845149-fded-4749-8bc2-118586f6e1d8<-20e90031-3f6f-4112-85ad-1ad3a95fac96#0:OK-t1. Peer's state: 20e90031-3f6f-4112-85ad-1ad3a95fac96@group-384A3FD51C4E:t1, leader=null, voted=2d845149-fded-4749-8bc2-118586f6e1d8, raftlog=20e90031-3f6f-4112-85ad-1ad3a95fac96@group-384A3FD51C4E-SegmentedRaftLog:OPENED:c-1, conf=-1: [2d845149-fded-4749-8bc2-118586f6e1d8|rpc:10.1.1.21:44611|dataStream:|priority:1, 20e90031-3f6f-4112-85ad-1ad3a95fac96|rpc:10.1.1.21:38353|dataStream:|priority:0, 6e0ecbc9-7476-4900-ba73-72d2d77f3b59|rpc:10.1.1.21:33835|dataStream:|priority:0], old=null
2022-09-28 09:54:15,160 [2d845149-fded-4749-8bc2-118586f6e1d8@group-1C7BFC8460B1-FollowerState] INFO  impl.FollowerState (FollowerState.java:run(143)) - 2d845149-fded-4749-8bc2-118586f6e1d8@group-1C7BFC8460B1-FollowerState: change to CANDIDATE, lastRpcElapsedTime:5190574294ns, electionTimeout:5172ms
2022-09-28 09:54:15,160 [2d845149-fded-4749-8bc2-118586f6e1d8@group-1C7BFC8460B1-FollowerState] INFO  impl.RoleInfo (RoleInfo.java:shutdownFollowerState(110)) - 2d845149-fded-4749-8bc2-118586f6e1d8: shutdown 2d845149-fded-4749-8bc2-118586f6e1d8@group-1C7BFC8460B1-FollowerState
2022-09-28 09:54:15,160 [2d845149-fded-4749-8bc2-118586f6e1d8@group-1C7BFC8460B1-FollowerState] INFO  server.RaftServer$Division (RaftServerImpl.java:setRole(299)) - 2d845149-fded-4749-8bc2-118586f6e1d8@group-1C7BFC8460B1: changes role from  FOLLOWER to CANDIDATE at term 0 for changeToCandidate
2022-09-28 09:54:15,160 [2d845149-fded-4749-8bc2-118586f6e1d8@group-1C7BFC8460B1-FollowerState] INFO  server.RaftServerConfigKeys (ConfUtils.java:logGet(46)) - raft.server.leaderelection.pre-vote = false (custom)
2022-09-28 09:54:15,160 [2d845149-fded-4749-8bc2-118586f6e1d8@group-1C7BFC8460B1-FollowerState] INFO  impl.RoleInfo (RoleInfo.java:updateAndGet(139)) - 2d845149-fded-4749-8bc2-118586f6e1d8: start 2d845149-fded-4749-8bc2-118586f6e1d8@group-1C7BFC8460B1-LeaderElection3
2022-09-28 09:54:15,170 [2d845149-fded-4749-8bc2-118586f6e1d8@group-384A3FD51C4E-LeaderElection2] INFO  impl.LeaderElection (LeaderElection.java:logAndReturn(90)) - 2d845149-fded-4749-8bc2-118586f6e1d8@group-384A3FD51C4E-LeaderElection2: ELECTION PASSED received 1 response(s) and 0 exception(s):
2022-09-28 09:54:15,170 [2d845149-fded-4749-8bc2-118586f6e1d8@group-384A3FD51C4E-LeaderElection2] INFO  impl.LeaderElection (LeaderElection.java:logAndReturn(94)) -   Response 0: 2d845149-fded-4749-8bc2-118586f6e1d8<-20e90031-3f6f-4112-85ad-1ad3a95fac96#0:OK-t1
2022-09-28 09:54:15,170 [2d845149-fded-4749-8bc2-118586f6e1d8@group-384A3FD51C4E-LeaderElection2] INFO  impl.LeaderElection (LeaderElection.java:askForVotes(312)) - 2d845149-fded-4749-8bc2-118586f6e1d8@group-384A3FD51C4E-LeaderElection2 ELECTION round 0: result PASSED
2022-09-28 09:54:15,170 [2d845149-fded-4749-8bc2-118586f6e1d8@group-384A3FD51C4E-LeaderElection2] INFO  impl.RoleInfo (RoleInfo.java:shutdownLeaderElection(130)) - 2d845149-fded-4749-8bc2-118586f6e1d8: shutdown 2d845149-fded-4749-8bc2-118586f6e1d8@group-384A3FD51C4E-LeaderElection2
2022-09-28 09:54:15,170 [2d845149-fded-4749-8bc2-118586f6e1d8@group-384A3FD51C4E-LeaderElection2] INFO  server.RaftServer$Division (RaftServerImpl.java:setRole(299)) - 2d845149-fded-4749-8bc2-118586f6e1d8@group-384A3FD51C4E: changes role from CANDIDATE to LEADER at term 1 for changeToLeader
2022-09-28 09:54:15,170 [2d845149-fded-4749-8bc2-118586f6e1d8@group-384A3FD51C4E-LeaderElection2] INFO  ratis.XceiverServerRatis (XceiverServerRatis.java:handleLeaderChangedNotification(863)) - Leader change notification received for group: group-384A3FD51C4E with new leaderId: 2d845149-fded-4749-8bc2-118586f6e1d8
2022-09-28 09:54:15,171 [2d845149-fded-4749-8bc2-118586f6e1d8@group-384A3FD51C4E-LeaderElection2] INFO  server.RaftServer$Division (ServerState.java:setLeader(287)) - 2d845149-fded-4749-8bc2-118586f6e1d8@group-384A3FD51C4E: change Leader from null to 2d845149-fded-4749-8bc2-118586f6e1d8 at term 1 for becomeLeader, leader elected after 5172ms
2022-09-28 09:54:15,171 [2d845149-fded-4749-8bc2-118586f6e1d8@group-384A3FD51C4E-LeaderElection2] INFO  server.RaftServerConfigKeys (ConfUtils.java:logGet(46)) - raft.server.staging.catchup.gap = 1000 (default)
2022-09-28 09:54:15,171 [2d845149-fded-4749-8bc2-118586f6e1d8@group-384A3FD51C4E-LeaderElection2] INFO  server.RaftServerConfigKeys (ConfUtils.java:logGet(46)) - raft.server.write.element-limit = 1024 (custom)
2022-09-28 09:54:15,171 [2d845149-fded-4749-8bc2-118586f6e1d8@group-384A3FD51C4E-LeaderElection2] INFO  server.RaftServerConfigKeys (ConfUtils.java:logGet(46)) - raft.server.write.byte-limit = 1024 M (=1073741824) (custom)
2022-09-28 09:54:15,171 [2d845149-fded-4749-8bc2-118586f6e1d8@group-384A3FD51C4E-LeaderElection2] INFO  server.RaftServerConfigKeys (ConfUtils.java:logGet(46)) - raft.server.watch.timeout = 180s (custom)
2022-09-28 09:54:15,171 [2d845149-fded-4749-8bc2-118586f6e1d8@group-384A3FD51C4E-LeaderElection2] INFO  server.RaftServerConfigKeys (ConfUtils.java:logGet(46)) - raft.server.watch.timeout.denomination = 1s (default)
2022-09-28 09:54:15,171 [2d845149-fded-4749-8bc2-118586f6e1d8@group-384A3FD51C4E-LeaderElection2] INFO  server.RaftServerConfigKeys (ConfUtils.java:logGet(46)) - raft.server.watch.element-limit = 65536 (default)
2022-09-28 09:54:15,171 [2d845149-fded-4749-8bc2-118586f6e1d8@group-384A3FD51C4E-LeaderElection2] INFO  server.RaftServerConfigKeys (ConfUtils.java:logGet(46)) - raft.server.write.element-limit = 1024 (custom)
2022-09-28 09:54:15,171 [2d845149-fded-4749-8bc2-118586f6e1d8@group-384A3FD51C4E-LeaderElection2] INFO  server.RaftServerConfigKeys (ConfUtils.java:logGet(46)) - raft.server.write.follower.gap.ratio.max = -1.0 (default)
2022-09-28 09:54:15,173 [EventQueue-PipelineReportForPipelineReportHandler] INFO  pipeline.PipelineManagerImpl (PipelineManagerImpl.java:openPipeline(367)) - Pipeline Pipeline[ Id: 0c0931c2-984d-4ae0-8849-384a3fd51c4e, Nodes: 20e90031-3f6f-4112-85ad-1ad3a95fac96{ip: 10.1.1.21, host: fv-az204-790.d0ggoinxmwcejgojbuqly40l0e.cx.internal.cloudapp.net, ports: [REPLICATION=36827, RATIS=38353, RATIS_ADMIN=38353, RATIS_SERVER=38353, STANDALONE=35379], networkLocation: /default-rack, certSerialId: null, persistedOpState: IN_SERVICE, persistedOpStateExpiryEpochSec: 0}6e0ecbc9-7476-4900-ba73-72d2d77f3b59{ip: 10.1.1.21, host: fv-az204-790.d0ggoinxmwcejgojbuqly40l0e.cx.internal.cloudapp.net, ports: [REPLICATION=46225, RATIS=33835, RATIS_ADMIN=33835, RATIS_SERVER=33835, STANDALONE=38193], networkLocation: /default-rack, certSerialId: null, persistedOpState: IN_SERVICE, persistedOpStateExpiryEpochSec: 0}2d845149-fded-4749-8bc2-118586f6e1d8{ip: 10.1.1.21, host: fv-az204-790.d0ggoinxmwcejgojbuqly40l0e.cx.internal.cloudapp.net, ports: [REPLICATION=33257, RATIS=44611, RATIS_ADMIN=44611, RATIS_SERVER=44611, STANDALONE=42467], networkLocation: /default-rack, certSerialId: null, persistedOpState: IN_SERVICE, persistedOpStateExpiryEpochSec: 0}, ReplicationConfig: RATIS/THREE, State:ALLOCATED, leaderId:2d845149-fded-4749-8bc2-118586f6e1d8, CreationTimestamp2022-09-28T09:54:07.731Z[Etc/UTC]] moved to OPEN state
2022-09-28 09:54:15,174 [EventQueue-OpenPipelineForHealthyPipelineSafeModeRule] INFO  safemode.SCMSafeModeManager (HealthyPipelineSafeModeRule.java:process(137)) - SCM in safe mode. Healthy pipelines reported count is 0, required healthy pipeline reported count is 1
2022-09-28 09:54:15,174 [EventQueue-OpenPipelineForHealthyPipelineSafeModeRule] INFO  safemode.SCMSafeModeManager (HealthyPipelineSafeModeRule.java:process(137)) - SCM in safe mode. Healthy pipelines reported count is 1, required healthy pipeline reported count is 1
2022-09-28 09:54:15,174 [EventQueue-OpenPipelineForHealthyPipelineSafeModeRule] INFO  safemode.SCMSafeModeManager (SCMSafeModeManager.java:validateSafeModeExitRules(204)) - HealthyPipelineSafeModeRule rule is successfully validated
2022-09-28 09:54:15,174 [EventQueue-OpenPipelineForHealthyPipelineSafeModeRule] INFO  safemode.SCMSafeModeManager (SCMSafeModeManager.java:validateSafeModeExitRules(219)) - ScmSafeModeManager, all rules are successfully validated
2022-09-28 09:54:15,174 [EventQueue-OpenPipelineForHealthyPipelineSafeModeRule] INFO  safemode.SCMSafeModeManager (SCMSafeModeManager.java:exitSafeMode(248)) - SCM exiting safe mode.
2022-09-28 09:54:15,174 [EventQueue-OpenPipelineForHealthyPipelineSafeModeRule] WARN  events.EventQueue (EventQueue.java:fireEvent(216)) - No event handler registered for event TypedEvent{payloadType=SafeModeStatus, name='Safe mode status'}
2022-09-28 09:54:15,174 [EventQueue-OpenPipelineForHealthyPipelineSafeModeRule] INFO  ha.SCMContext (SCMContext.java:updateSafeModeStatus(228)) - Update SafeModeStatus from SafeModeStatus{safeModeStatus=true, preCheckPassed=true} to SafeModeStatus{safeModeStatus=false, preCheckPassed=true}.
2022-09-28 09:54:15,174 [EventQueue-OpenPipelineForHealthyPipelineSafeModeRule] INFO  pipeline.BackgroundPipelineCreator (BackgroundPipelineCreator.java:notifyStatusChanged(254)) - Service BackgroundPipelineCreator transitions to RUNNING.
2022-09-28 09:54:15,174 [EventQueue-OpenPipelineForHealthyPipelineSafeModeRule] INFO  BackgroundPipelineScrubber (BackgroundSCMService.java:notifyStatusChanged(82)) - Service BackgroundPipelineScrubber transitions to RUNNING.
2022-09-28 09:54:15,174 [EventQueue-OpenPipelineForHealthyPipelineSafeModeRule] INFO  ExpiredContainerReplicaOpScrubber (BackgroundSCMService.java:notifyStatusChanged(82)) - Service ExpiredContainerReplicaOpScrubber transitions to RUNNING.
2022-09-28 09:54:15,174 [EventQueue-OpenPipelineForHealthyPipelineSafeModeRule] INFO  replication.ReplicationManager (ReplicationManager.java:notifyStatusChanged(726)) - Service ReplicationManager transitions to RUNNING.
2022-09-28 09:54:15,182 [EventQueue-OpenPipelineForHealthyPipelineSafeModeRule] WARN  balancer.ContainerBalancer (ContainerBalancer.java:shouldRun(936)) - Could not find persisted configuration for ContainerBalancer when checking if ContainerBalancer should run. ContainerBalancer should not run now.
2022-09-28 09:54:15,183 [grpc-default-executor-1] INFO  server.RaftServer$Division (RaftServerImpl.java:requestVote(1152)) - 6e0ecbc9-7476-4900-ba73-72d2d77f3b59@group-384A3FD51C4E: receive requestVote(ELECTION, 2d845149-fded-4749-8bc2-118586f6e1d8, group-384A3FD51C4E, 1, (t:0, i:0))
2022-09-28 09:54:15,183 [2d845149-fded-4749-8bc2-118586f6e1d8@group-1C7BFC8460B1-LeaderElection3] INFO  impl.LeaderElection (LeaderElection.java:askForVotes(310)) - 2d845149-fded-4749-8bc2-118586f6e1d8@group-1C7BFC8460B1-LeaderElection3 ELECTION round 0: submit vote requests at term 1 for -1: [2d845149-fded-4749-8bc2-118586f6e1d8|rpc:10.1.1.21:44611|priority:1], old=null
2022-09-28 09:54:15,186 [grpc-default-executor-1] INFO  impl.VoteContext (VoteContext.java:log(48)) - 6e0ecbc9-7476-4900-ba73-72d2d77f3b59@group-384A3FD51C4E-FOLLOWER: accept ELECTION from 2d845149-fded-4749-8bc2-118586f6e1d8: our priority 0 <= candidate's priority 1
2022-09-28 09:54:15,186 [2d845149-fded-4749-8bc2-118586f6e1d8@group-1C7BFC8460B1-LeaderElection3] INFO  impl.LeaderElection (LeaderElection.java:askForVotes(312)) - 2d845149-fded-4749-8bc2-118586f6e1d8@group-1C7BFC8460B1-LeaderElection3 ELECTION round 0: result PASSED (term=1)
2022-09-28 09:54:15,186 [grpc-default-executor-1] INFO  server.RaftServer$Division (RaftServerImpl.java:setRole(299)) - 6e0ecbc9-7476-4900-ba73-72d2d77f3b59@group-384A3FD51C4E: changes role from  FOLLOWER to FOLLOWER at term 1 for candidate:2d845149-fded-4749-8bc2-118586f6e1d8
2022-09-28 09:54:15,186 [2d845149-fded-4749-8bc2-118586f6e1d8@group-1C7BFC8460B1-LeaderElection3] INFO  impl.RoleInfo (RoleInfo.java:shutdownLeaderElection(130)) - 2d845149-fded-4749-8bc2-118586f6e1d8: shutdown 2d845149-fded-4749-8bc2-118586f6e1d8@group-1C7BFC8460B1-LeaderElection3
2022-09-28 09:54:15,186 [grpc-default-executor-1] INFO  impl.RoleInfo (RoleInfo.java:shutdownFollowerState(110)) - 6e0ecbc9-7476-4900-ba73-72d2d77f3b59: shutdown 6e0ecbc9-7476-4900-ba73-72d2d77f3b59@group-384A3FD51C4E-FollowerState
2022-09-28 09:54:15,186 [2d845149-fded-4749-8bc2-118586f6e1d8@group-1C7BFC8460B1-LeaderElection3] INFO  server.RaftServer$Division (RaftServerImpl.java:setRole(299)) - 2d845149-fded-4749-8bc2-118586f6e1d8@group-1C7BFC8460B1: changes role from CANDIDATE to LEADER at term 1 for changeToLeader
2022-09-28 09:54:15,186 [grpc-default-executor-1] INFO  impl.RoleInfo (RoleInfo.java:updateAndGet(139)) - 6e0ecbc9-7476-4900-ba73-72d2d77f3b59: start 6e0ecbc9-7476-4900-ba73-72d2d77f3b59@group-384A3FD51C4E-FollowerState
2022-09-28 09:54:15,186 [2d845149-fded-4749-8bc2-118586f6e1d8@group-1C7BFC8460B1-LeaderElection3] INFO  ratis.XceiverServerRatis (XceiverServerRatis.java:handleLeaderChangedNotification(863)) - Leader change notification received for group: group-1C7BFC8460B1 with new leaderId: 2d845149-fded-4749-8bc2-118586f6e1d8
2022-09-28 09:54:15,186 [6e0ecbc9-7476-4900-ba73-72d2d77f3b59@group-384A3FD51C4E-FollowerState] INFO  impl.FollowerState (FollowerState.java:run(152)) - 6e0ecbc9-7476-4900-ba73-72d2d77f3b59@group-384A3FD51C4E-FollowerState was interrupted
2022-09-28 09:54:15,196 [2d845149-fded-4749-8bc2-118586f6e1d8@group-1C7BFC8460B1-LeaderElection3] INFO  server.RaftServer$Division (ServerState.java:setLeader(287)) - 2d845149-fded-4749-8bc2-118586f6e1d8@group-1C7BFC8460B1: change Leader from null to 2d845149-fded-4749-8bc2-118586f6e1d8 at term 1 for becomeLeader, leader elected after 5222ms
2022-09-28 09:54:15,197 [2d845149-fded-4749-8bc2-118586f6e1d8@group-1C7BFC8460B1-LeaderElection3] INFO  server.RaftServerConfigKeys (ConfUtils.java:logGet(46)) - raft.server.staging.catchup.gap = 1000 (default)
2022-09-28 09:54:15,197 [2d845149-fded-4749-8bc2-118586f6e1d8@group-1C7BFC8460B1-LeaderElection3] INFO  server.RaftServerConfigKeys (ConfUtils.java:logGet(46)) - raft.server.write.element-limit = 1024 (custom)
2022-09-28 09:54:15,197 [2d845149-fded-4749-8bc2-118586f6e1d8@group-1C7BFC8460B1-LeaderElection3] INFO  server.RaftServerConfigKeys (ConfUtils.java:logGet(46)) - raft.server.write.byte-limit = 1024 M (=1073741824) (custom)
2022-09-28 09:54:15,197 [2d845149-fded-4749-8bc2-118586f6e1d8@group-1C7BFC8460B1-LeaderElection3] INFO  server.RaftServerConfigKeys (ConfUtils.java:logGet(46)) - raft.server.watch.timeout = 180s (custom)
2022-09-28 09:54:15,197 [2d845149-fded-4749-8bc2-118586f6e1d8@group-1C7BFC8460B1-LeaderElection3] INFO  server.RaftServerConfigKeys (ConfUtils.java:logGet(46)) - raft.server.watch.timeout.denomination = 1s (default)
2022-09-28 09:54:15,197 [2d845149-fded-4749-8bc2-118586f6e1d8@group-1C7BFC8460B1-LeaderElection3] INFO  server.RaftServerConfigKeys (ConfUtils.java:logGet(46)) - raft.server.watch.element-limit = 65536 (default)
2022-09-28 09:54:15,197 [2d845149-fded-4749-8bc2-118586f6e1d8@group-1C7BFC8460B1-LeaderElection3] INFO  server.RaftServerConfigKeys (ConfUtils.java:logGet(46)) - raft.server.write.element-limit = 1024 (custom)
2022-09-28 09:54:15,197 [2d845149-fded-4749-8bc2-118586f6e1d8@group-1C7BFC8460B1-LeaderElection3] INFO  server.RaftServerConfigKeys (ConfUtils.java:logGet(46)) - raft.server.write.follower.gap.ratio.max = -1.0 (default)
2022-09-28 09:54:15,197 [2d845149-fded-4749-8bc2-118586f6e1d8@group-1C7BFC8460B1-LeaderElection3] INFO  impl.RoleInfo (RoleInfo.java:updateAndGet(139)) - 2d845149-fded-4749-8bc2-118586f6e1d8: start 2d845149-fded-4749-8bc2-118586f6e1d8@group-1C7BFC8460B1-LeaderStateImpl
2022-09-28 09:54:15,198 [2d845149-fded-4749-8bc2-118586f6e1d8@group-1C7BFC8460B1-LeaderElection3] INFO  segmented.SegmentedRaftLogWorker (SegmentedRaftLogWorker.java:startLogSegment(425)) - 2d845149-fded-4749-8bc2-118586f6e1d8@group-1C7BFC8460B1-SegmentedRaftLogWorker: Starting segment from index:0
2022-09-28 09:54:15,199 [2d845149-fded-4749-8bc2-118586f6e1d8@group-1C7BFC8460B1-SegmentedRaftLogWorker] INFO  segmented.SegmentedRaftLogWorker (SegmentedRaftLogWorker.java:execute(629)) - 2d845149-fded-4749-8bc2-118586f6e1d8@group-1C7BFC8460B1-SegmentedRaftLogWorker: created new log segment /home/runner/work/ozone/ozone/hadoop-ozone/integration-test/target/test-dir/MiniOzoneClusterImpl-f38c25ab-2440-4177-af3f-c722ecf984ff/datanode-0/data/ratis/0c4daa34-5ab4-44e4-8293-1c7bfc8460b1/current/log_inprogress_0
2022-09-28 09:54:15,202 [grpc-default-executor-1] INFO  server.RaftServer$Division (RaftServerImpl.java:requestVote(1184)) - 6e0ecbc9-7476-4900-ba73-72d2d77f3b59@group-384A3FD51C4E replies to ELECTION vote request: 2d845149-fded-4749-8bc2-118586f6e1d8<-6e0ecbc9-7476-4900-ba73-72d2d77f3b59#0:OK-t1. Peer's state: 6e0ecbc9-7476-4900-ba73-72d2d77f3b59@group-384A3FD51C4E:t1, leader=null, voted=2d845149-fded-4749-8bc2-118586f6e1d8, raftlog=6e0ecbc9-7476-4900-ba73-72d2d77f3b59@group-384A3FD51C4E-SegmentedRaftLog:OPENED:c-1, conf=-1: [2d845149-fded-4749-8bc2-118586f6e1d8|rpc:10.1.1.21:44611|dataStream:|priority:1, 20e90031-3f6f-4112-85ad-1ad3a95fac96|rpc:10.1.1.21:38353|dataStream:|priority:0, 6e0ecbc9-7476-4900-ba73-72d2d77f3b59|rpc:10.1.1.21:33835|dataStream:|priority:0], old=null
2022-09-28 09:54:15,212 [2d845149-fded-4749-8bc2-118586f6e1d8@group-1C7BFC8460B1-LeaderElection3] INFO  server.RaftServer$Division (ServerState.java:setRaftConf(393)) - 2d845149-fded-4749-8bc2-118586f6e1d8@group-1C7BFC8460B1: set configuration 0: [2d845149-fded-4749-8bc2-118586f6e1d8|rpc:10.1.1.21:44611|dataStream:|priority:1], old=null
2022-09-28 09:54:15,213 [2d845149-fded-4749-8bc2-118586f6e1d8@group-384A3FD51C4E-LeaderElection2] INFO  server.RaftServerConfigKeys (ConfUtils.java:logGet(46)) - raft.server.log.appender.snapshot.chunk.size.max = 16MB (=16777216) (default)
2022-09-28 09:54:15,222 [2d845149-fded-4749-8bc2-118586f6e1d8@group-384A3FD51C4E-LeaderElection2] INFO  server.RaftServerConfigKeys (ConfUtils.java:logGet(46)) - raft.server.log.appender.buffer.byte-limit = 33554432 (custom)
2022-09-28 09:54:15,222 [2d845149-fded-4749-8bc2-118586f6e1d8@group-384A3FD51C4E-LeaderElection2] INFO  server.RaftServerConfigKeys (ConfUtils.java:logGet(46)) - raft.server.log.appender.buffer.element-limit = 1 (custom)
2022-09-28 09:54:15,224 [2d845149-fded-4749-8bc2-118586f6e1d8@group-384A3FD51C4E-LeaderElection2] INFO  grpc.GrpcConfigKeys (ConfUtils.java:logGet(46)) - raft.grpc.server.leader.outstanding.appends.max = 128 (default)
2022-09-28 09:54:15,225 [2d845149-fded-4749-8bc2-118586f6e1d8@group-384A3FD51C4E-LeaderElection2] INFO  server.RaftServerConfigKeys (ConfUtils.java:logGet(46)) - raft.server.rpc.request.timeout = 60s (custom)
2022-09-28 09:54:15,225 [2d845149-fded-4749-8bc2-118586f6e1d8@group-384A3FD51C4E-LeaderElection2] INFO  server.RaftServerConfigKeys (ConfUtils.java:logGet(46)) - raft.server.log.appender.install.snapshot.enabled = false (custom)
2022-09-28 09:54:15,226 [2d845149-fded-4749-8bc2-118586f6e1d8@group-384A3FD51C4E-LeaderElection2] INFO  server.RaftServerConfigKeys (ConfUtils.java:logGet(46)) - raft.server.log.appender.snapshot.chunk.size.max = 16MB (=16777216) (default)
2022-09-28 09:54:15,226 [2d845149-fded-4749-8bc2-118586f6e1d8@group-384A3FD51C4E-LeaderElection2] INFO  server.RaftServerConfigKeys (ConfUtils.java:logGet(46)) - raft.server.log.appender.buffer.byte-limit = 33554432 (custom)
2022-09-28 09:54:15,226 [2d845149-fded-4749-8bc2-118586f6e1d8@group-384A3FD51C4E-LeaderElection2] INFO  server.RaftServerConfigKeys (ConfUtils.java:logGet(46)) - raft.server.log.appender.buffer.element-limit = 1 (custom)
2022-09-28 09:54:15,226 [2d845149-fded-4749-8bc2-118586f6e1d8@group-384A3FD51C4E-LeaderElection2] INFO  grpc.GrpcConfigKeys (ConfUtils.java:logGet(46)) - raft.grpc.server.leader.outstanding.appends.max = 128 (default)
2022-09-28 09:54:15,227 [2d845149-fded-4749-8bc2-118586f6e1d8@group-384A3FD51C4E-LeaderElection2] INFO  server.RaftServerConfigKeys (ConfUtils.java:logGet(46)) - raft.server.rpc.request.timeout = 60s (custom)
2022-09-28 09:54:15,227 [2d845149-fded-4749-8bc2-118586f6e1d8@group-384A3FD51C4E-LeaderElection2] INFO  server.RaftServerConfigKeys (ConfUtils.java:logGet(46)) - raft.server.log.appender.install.snapshot.enabled = false (custom)
2022-09-28 09:54:15,228 [2d845149-fded-4749-8bc2-118586f6e1d8@group-384A3FD51C4E-LeaderElection2] INFO  impl.RoleInfo (RoleInfo.java:updateAndGet(139)) - 2d845149-fded-4749-8bc2-118586f6e1d8: start 2d845149-fded-4749-8bc2-118586f6e1d8@group-384A3FD51C4E-LeaderStateImpl
2022-09-28 09:54:15,228 [2d845149-fded-4749-8bc2-118586f6e1d8@group-384A3FD51C4E-LeaderElection2] INFO  segmented.SegmentedRaftLogWorker (SegmentedRaftLogWorker.java:startLogSegment(425)) - 2d845149-fded-4749-8bc2-118586f6e1d8@group-384A3FD51C4E-SegmentedRaftLogWorker: Starting segment from index:0
2022-09-28 09:54:15,229 [2d845149-fded-4749-8bc2-118586f6e1d8@group-384A3FD51C4E-SegmentedRaftLogWorker] INFO  segmented.SegmentedRaftLogWorker (SegmentedRaftLogWorker.java:execute(629)) - 2d845149-fded-4749-8bc2-118586f6e1d8@group-384A3FD51C4E-SegmentedRaftLogWorker: created new log segment /home/runner/work/ozone/ozone/hadoop-ozone/integration-test/target/test-dir/MiniOzoneClusterImpl-f38c25ab-2440-4177-af3f-c722ecf984ff/datanode-0/data/ratis/0c0931c2-984d-4ae0-8849-384a3fd51c4e/current/log_inprogress_0
2022-09-28 09:54:15,245 [2d845149-fded-4749-8bc2-118586f6e1d8@group-384A3FD51C4E-LeaderElection2] INFO  server.RaftServer$Division (ServerState.java:setRaftConf(393)) - 2d845149-fded-4749-8bc2-118586f6e1d8@group-384A3FD51C4E: set configuration 0: [2d845149-fded-4749-8bc2-118586f6e1d8|rpc:10.1.1.21:44611|dataStream:|priority:1, 20e90031-3f6f-4112-85ad-1ad3a95fac96|rpc:10.1.1.21:38353|dataStream:|priority:0, 6e0ecbc9-7476-4900-ba73-72d2d77f3b59|rpc:10.1.1.21:33835|dataStream:|priority:0], old=null
2022-09-28 09:54:15,280 [6e0ecbc9-7476-4900-ba73-72d2d77f3b59-server-thread1] INFO  ratis.XceiverServerRatis (XceiverServerRatis.java:handleLeaderChangedNotification(863)) - Leader change notification received for group: group-384A3FD51C4E with new leaderId: 2d845149-fded-4749-8bc2-118586f6e1d8
2022-09-28 09:54:15,280 [6e0ecbc9-7476-4900-ba73-72d2d77f3b59-server-thread1] INFO  server.RaftServer$Division (ServerState.java:setLeader(287)) - 6e0ecbc9-7476-4900-ba73-72d2d77f3b59@group-384A3FD51C4E: change Leader from null to 2d845149-fded-4749-8bc2-118586f6e1d8 at term 1 for appendEntries, leader elected after 4736ms
2022-09-28 09:54:15,281 [20e90031-3f6f-4112-85ad-1ad3a95fac96-server-thread1] INFO  ratis.XceiverServerRatis (XceiverServerRatis.java:handleLeaderChangedNotification(863)) - Leader change notification received for group: group-384A3FD51C4E with new leaderId: 2d845149-fded-4749-8bc2-118586f6e1d8
2022-09-28 09:54:15,281 [20e90031-3f6f-4112-85ad-1ad3a95fac96-server-thread1] INFO  server.RaftServer$Division (ServerState.java:setLeader(287)) - 20e90031-3f6f-4112-85ad-1ad3a95fac96@group-384A3FD51C4E: change Leader from null to 2d845149-fded-4749-8bc2-118586f6e1d8 at term 1 for appendEntries, leader elected after 4850ms
2022-09-28 09:54:15,321 [20e90031-3f6f-4112-85ad-1ad3a95fac96-server-thread1] INFO  server.RaftServer$Division (ServerState.java:setRaftConf(393)) - 20e90031-3f6f-4112-85ad-1ad3a95fac96@group-384A3FD51C4E: set configuration 0: [2d845149-fded-4749-8bc2-118586f6e1d8|rpc:10.1.1.21:44611|dataStream:|priority:1, 20e90031-3f6f-4112-85ad-1ad3a95fac96|rpc:10.1.1.21:38353|dataStream:|priority:0, 6e0ecbc9-7476-4900-ba73-72d2d77f3b59|rpc:10.1.1.21:33835|dataStream:|priority:0], old=null
2022-09-28 09:54:15,321 [20e90031-3f6f-4112-85ad-1ad3a95fac96-server-thread1] INFO  segmented.SegmentedRaftLogWorker (SegmentedRaftLogWorker.java:startLogSegment(425)) - 20e90031-3f6f-4112-85ad-1ad3a95fac96@group-384A3FD51C4E-SegmentedRaftLogWorker: Starting segment from index:0
2022-09-28 09:54:15,324 [20e90031-3f6f-4112-85ad-1ad3a95fac96@group-384A3FD51C4E-SegmentedRaftLogWorker] INFO  segmented.SegmentedRaftLogWorker (SegmentedRaftLogWorker.java:execute(629)) - 20e90031-3f6f-4112-85ad-1ad3a95fac96@group-384A3FD51C4E-SegmentedRaftLogWorker: created new log segment /home/runner/work/ozone/ozone/hadoop-ozone/integration-test/target/test-dir/MiniOzoneClusterImpl-f38c25ab-2440-4177-af3f-c722ecf984ff/datanode-1/data/ratis/0c0931c2-984d-4ae0-8849-384a3fd51c4e/current/log_inprogress_0
2022-09-28 09:54:15,337 [6e0ecbc9-7476-4900-ba73-72d2d77f3b59-server-thread1] INFO  server.RaftServer$Division (ServerState.java:setRaftConf(393)) - 6e0ecbc9-7476-4900-ba73-72d2d77f3b59@group-384A3FD51C4E: set configuration 0: [2d845149-fded-4749-8bc2-118586f6e1d8|rpc:10.1.1.21:44611|dataStream:|priority:1, 20e90031-3f6f-4112-85ad-1ad3a95fac96|rpc:10.1.1.21:38353|dataStream:|priority:0, 6e0ecbc9-7476-4900-ba73-72d2d77f3b59|rpc:10.1.1.21:33835|dataStream:|priority:0], old=null
2022-09-28 09:54:15,337 [6e0ecbc9-7476-4900-ba73-72d2d77f3b59-server-thread1] INFO  segmented.SegmentedRaftLogWorker (SegmentedRaftLogWorker.java:startLogSegment(425)) - 6e0ecbc9-7476-4900-ba73-72d2d77f3b59@group-384A3FD51C4E-SegmentedRaftLogWorker: Starting segment from index:0
2022-09-28 09:54:15,339 [6e0ecbc9-7476-4900-ba73-72d2d77f3b59@group-384A3FD51C4E-SegmentedRaftLogWorker] INFO  segmented.SegmentedRaftLogWorker (SegmentedRaftLogWorker.java:execute(629)) - 6e0ecbc9-7476-4900-ba73-72d2d77f3b59@group-384A3FD51C4E-SegmentedRaftLogWorker: created new log segment /home/runner/work/ozone/ozone/hadoop-ozone/integration-test/target/test-dir/MiniOzoneClusterImpl-f38c25ab-2440-4177-af3f-c722ecf984ff/datanode-2/data/ratis/0c0931c2-984d-4ae0-8849-384a3fd51c4e/current/log_inprogress_0
2022-09-28 09:54:15,358 [Listener at 127.0.0.1/33915] INFO  ozone.MiniOzoneClusterImpl (MiniOzoneClusterImpl.java:lambda$waitForClusterToBeReady$0(216)) - Nodes are ready. Got 5 of 5 DN Heartbeats.
2022-09-28 09:54:15,358 [Listener at 127.0.0.1/33915] INFO  ozone.MiniOzoneClusterImpl (MiniOzoneClusterImpl.java:lambda$waitForClusterToBeReady$0(219)) - Cluster exits safe mode
2022-09-28 09:54:15,358 [Listener at 127.0.0.1/33915] INFO  ozone.MiniOzoneClusterImpl (MiniOzoneClusterImpl.java:lambda$waitForClusterToBeReady$0(221)) - SCM became leader
2022-09-28 09:54:15,612 [20e90031-3f6f-4112-85ad-1ad3a95fac96@group-490C1478A7E4-FollowerState] INFO  impl.FollowerState (FollowerState.java:run(143)) - 20e90031-3f6f-4112-85ad-1ad3a95fac96@group-490C1478A7E4-FollowerState: change to CANDIDATE, lastRpcElapsedTime:5154507072ns, electionTimeout:5131ms
2022-09-28 09:54:15,612 [20e90031-3f6f-4112-85ad-1ad3a95fac96@group-490C1478A7E4-FollowerState] INFO  impl.RoleInfo (RoleInfo.java:shutdownFollowerState(110)) - 20e90031-3f6f-4112-85ad-1ad3a95fac96: shutdown 20e90031-3f6f-4112-85ad-1ad3a95fac96@group-490C1478A7E4-FollowerState
2022-09-28 09:54:15,612 [20e90031-3f6f-4112-85ad-1ad3a95fac96@group-490C1478A7E4-FollowerState] INFO  server.RaftServer$Division (RaftServerImpl.java:setRole(299)) - 20e90031-3f6f-4112-85ad-1ad3a95fac96@group-490C1478A7E4: changes role from  FOLLOWER to CANDIDATE at term 0 for changeToCandidate
2022-09-28 09:54:15,612 [20e90031-3f6f-4112-85ad-1ad3a95fac96@group-490C1478A7E4-FollowerState] INFO  server.RaftServerConfigKeys (ConfUtils.java:logGet(46)) - raft.server.leaderelection.pre-vote = false (custom)
2022-09-28 09:54:15,612 [20e90031-3f6f-4112-85ad-1ad3a95fac96@group-490C1478A7E4-FollowerState] INFO  impl.RoleInfo (RoleInfo.java:updateAndGet(139)) - 20e90031-3f6f-4112-85ad-1ad3a95fac96: start 20e90031-3f6f-4112-85ad-1ad3a95fac96@group-490C1478A7E4-LeaderElection4
2022-09-28 09:54:15,620 [20e90031-3f6f-4112-85ad-1ad3a95fac96@group-490C1478A7E4-LeaderElection4] INFO  impl.LeaderElection (LeaderElection.java:askForVotes(310)) - 20e90031-3f6f-4112-85ad-1ad3a95fac96@group-490C1478A7E4-LeaderElection4 ELECTION round 0: submit vote requests at term 1 for -1: [20e90031-3f6f-4112-85ad-1ad3a95fac96|rpc:10.1.1.21:38353|priority:1], old=null
2022-09-28 09:54:15,621 [20e90031-3f6f-4112-85ad-1ad3a95fac96@group-490C1478A7E4-LeaderElection4] INFO  impl.LeaderElection (LeaderElection.java:askForVotes(312)) - 20e90031-3f6f-4112-85ad-1ad3a95fac96@group-490C1478A7E4-LeaderElection4 ELECTION round 0: result PASSED (term=1)
2022-09-28 09:54:15,621 [20e90031-3f6f-4112-85ad-1ad3a95fac96@group-490C1478A7E4-LeaderElection4] INFO  impl.RoleInfo (RoleInfo.java:shutdownLeaderElection(130)) - 20e90031-3f6f-4112-85ad-1ad3a95fac96: shutdown 20e90031-3f6f-4112-85ad-1ad3a95fac96@group-490C1478A7E4-LeaderElection4
2022-09-28 09:54:15,621 [20e90031-3f6f-4112-85ad-1ad3a95fac96@group-490C1478A7E4-LeaderElection4] INFO  server.RaftServer$Division (RaftServerImpl.java:setRole(299)) - 20e90031-3f6f-4112-85ad-1ad3a95fac96@group-490C1478A7E4: changes role from CANDIDATE to LEADER at term 1 for changeToLeader
2022-09-28 09:54:15,621 [20e90031-3f6f-4112-85ad-1ad3a95fac96@group-490C1478A7E4-LeaderElection4] INFO  ratis.XceiverServerRatis (XceiverServerRatis.java:handleLeaderChangedNotification(863)) - Leader change notification received for group: group-490C1478A7E4 with new leaderId: 20e90031-3f6f-4112-85ad-1ad3a95fac96
2022-09-28 09:54:15,621 [20e90031-3f6f-4112-85ad-1ad3a95fac96@group-490C1478A7E4-LeaderElection4] INFO  server.RaftServer$Division (ServerState.java:setLeader(287)) - 20e90031-3f6f-4112-85ad-1ad3a95fac96@group-490C1478A7E4: change Leader from null to 20e90031-3f6f-4112-85ad-1ad3a95fac96 at term 1 for becomeLeader, leader elected after 5180ms
2022-09-28 09:54:15,621 [20e90031-3f6f-4112-85ad-1ad3a95fac96@group-490C1478A7E4-LeaderElection4] INFO  server.RaftServerConfigKeys (ConfUtils.java:logGet(46)) - raft.server.staging.catchup.gap = 1000 (default)
2022-09-28 09:54:15,621 [20e90031-3f6f-4112-85ad-1ad3a95fac96@group-490C1478A7E4-LeaderElection4] INFO  server.RaftServerConfigKeys (ConfUtils.java:logGet(46)) - raft.server.write.element-limit = 1024 (custom)
2022-09-28 09:54:15,621 [20e90031-3f6f-4112-85ad-1ad3a95fac96@group-490C1478A7E4-LeaderElection4] INFO  server.RaftServerConfigKeys (ConfUtils.java:logGet(46)) - raft.server.write.byte-limit = 1024 M (=1073741824) (custom)
2022-09-28 09:54:15,621 [20e90031-3f6f-4112-85ad-1ad3a95fac96@group-490C1478A7E4-LeaderElection4] INFO  server.RaftServerConfigKeys (ConfUtils.java:logGet(46)) - raft.server.watch.timeout = 180s (custom)
2022-09-28 09:54:15,621 [20e90031-3f6f-4112-85ad-1ad3a95fac96@group-490C1478A7E4-LeaderElection4] INFO  server.RaftServerConfigKeys (ConfUtils.java:logGet(46)) - raft.server.watch.timeout.denomination = 1s (default)
2022-09-28 09:54:15,621 [20e90031-3f6f-4112-85ad-1ad3a95fac96@group-490C1478A7E4-LeaderElection4] INFO  server.RaftServerConfigKeys (ConfUtils.java:logGet(46)) - raft.server.watch.element-limit = 65536 (default)
2022-09-28 09:54:15,621 [20e90031-3f6f-4112-85ad-1ad3a95fac96@group-490C1478A7E4-LeaderElection4] INFO  server.RaftServerConfigKeys (ConfUtils.java:logGet(46)) - raft.server.write.element-limit = 1024 (custom)
2022-09-28 09:54:15,622 [20e90031-3f6f-4112-85ad-1ad3a95fac96@group-490C1478A7E4-LeaderElection4] INFO  server.RaftServerConfigKeys (ConfUtils.java:logGet(46)) - raft.server.write.follower.gap.ratio.max = -1.0 (default)
2022-09-28 09:54:15,622 [20e90031-3f6f-4112-85ad-1ad3a95fac96@group-490C1478A7E4-LeaderElection4] INFO  impl.RoleInfo (RoleInfo.java:updateAndGet(139)) - 20e90031-3f6f-4112-85ad-1ad3a95fac96: start 20e90031-3f6f-4112-85ad-1ad3a95fac96@group-490C1478A7E4-LeaderStateImpl
2022-09-28 09:54:15,622 [20e90031-3f6f-4112-85ad-1ad3a95fac96@group-490C1478A7E4-LeaderElection4] INFO  segmented.SegmentedRaftLogWorker (SegmentedRaftLogWorker.java:startLogSegment(425)) - 20e90031-3f6f-4112-85ad-1ad3a95fac96@group-490C1478A7E4-SegmentedRaftLogWorker: Starting segment from index:0
2022-09-28 09:54:15,626 [20e90031-3f6f-4112-85ad-1ad3a95fac96@group-490C1478A7E4-SegmentedRaftLogWorker] INFO  segmented.SegmentedRaftLogWorker (SegmentedRaftLogWorker.java:execute(629)) - 20e90031-3f6f-4112-85ad-1ad3a95fac96@group-490C1478A7E4-SegmentedRaftLogWorker: created new log segment /home/runner/work/ozone/ozone/hadoop-ozone/integration-test/target/test-dir/MiniOzoneClusterImpl-f38c25ab-2440-4177-af3f-c722ecf984ff/datanode-1/data/ratis/d1ca17cf-c972-4026-9d91-490c1478a7e4/current/log_inprogress_0
2022-09-28 09:54:15,630 [20e90031-3f6f-4112-85ad-1ad3a95fac96@group-490C1478A7E4-LeaderElection4] INFO  server.RaftServer$Division (ServerState.java:setRaftConf(393)) - 20e90031-3f6f-4112-85ad-1ad3a95fac96@group-490C1478A7E4: set configuration 0: [20e90031-3f6f-4112-85ad-1ad3a95fac96|rpc:10.1.1.21:38353|dataStream:|priority:1], old=null
2022-09-28 09:54:15,655 [20e90031-3f6f-4112-85ad-1ad3a95fac96@group-0B7C6D995091-FollowerState] INFO  impl.FollowerState (FollowerState.java:run(143)) - 20e90031-3f6f-4112-85ad-1ad3a95fac96@group-0B7C6D995091-FollowerState: change to CANDIDATE, lastRpcElapsedTime:5172178733ns, electionTimeout:5166ms
2022-09-28 09:54:15,655 [20e90031-3f6f-4112-85ad-1ad3a95fac96@group-0B7C6D995091-FollowerState] INFO  impl.RoleInfo (RoleInfo.java:shutdownFollowerState(110)) - 20e90031-3f6f-4112-85ad-1ad3a95fac96: shutdown 20e90031-3f6f-4112-85ad-1ad3a95fac96@group-0B7C6D995091-FollowerState
2022-09-28 09:54:15,655 [20e90031-3f6f-4112-85ad-1ad3a95fac96@group-0B7C6D995091-FollowerState] INFO  server.RaftServer$Division (RaftServerImpl.java:setRole(299)) - 20e90031-3f6f-4112-85ad-1ad3a95fac96@group-0B7C6D995091: changes role from  FOLLOWER to CANDIDATE at term 0 for changeToCandidate
2022-09-28 09:54:15,655 [20e90031-3f6f-4112-85ad-1ad3a95fac96@group-0B7C6D995091-FollowerState] INFO  server.RaftServerConfigKeys (ConfUtils.java:logGet(46)) - raft.server.leaderelection.pre-vote = false (custom)
2022-09-28 09:54:15,655 [20e90031-3f6f-4112-85ad-1ad3a95fac96@group-0B7C6D995091-FollowerState] INFO  impl.RoleInfo (RoleInfo.java:updateAndGet(139)) - 20e90031-3f6f-4112-85ad-1ad3a95fac96: start 20e90031-3f6f-4112-85ad-1ad3a95fac96@group-0B7C6D995091-LeaderElection5
2022-09-28 09:54:15,666 [20e90031-3f6f-4112-85ad-1ad3a95fac96@group-0B7C6D995091-LeaderElection5] INFO  impl.LeaderElection (LeaderElection.java:askForVotes(310)) - 20e90031-3f6f-4112-85ad-1ad3a95fac96@group-0B7C6D995091-LeaderElection5 ELECTION round 0: submit vote requests at term 1 for -1: [2d845149-fded-4749-8bc2-118586f6e1d8|rpc:10.1.1.21:44611|priority:0, 20e90031-3f6f-4112-85ad-1ad3a95fac96|rpc:10.1.1.21:38353|priority:1, 6e0ecbc9-7476-4900-ba73-72d2d77f3b59|rpc:10.1.1.21:33835|priority:0], old=null
2022-09-28 09:54:15,674 [6e0ecbc9-7476-4900-ba73-72d2d77f3b59@group-0B7C6D995091-FollowerState] INFO  impl.FollowerState (FollowerState.java:run(143)) - 6e0ecbc9-7476-4900-ba73-72d2d77f3b59@group-0B7C6D995091-FollowerState: change to CANDIDATE, lastRpcElapsedTime:5105245023ns, electionTimeout:5103ms
2022-09-28 09:54:15,674 [6e0ecbc9-7476-4900-ba73-72d2d77f3b59@group-0B7C6D995091-FollowerState] INFO  impl.RoleInfo (RoleInfo.java:shutdownFollowerState(110)) - 6e0ecbc9-7476-4900-ba73-72d2d77f3b59: shutdown 6e0ecbc9-7476-4900-ba73-72d2d77f3b59@group-0B7C6D995091-FollowerState
2022-09-28 09:54:15,674 [6e0ecbc9-7476-4900-ba73-72d2d77f3b59@group-0B7C6D995091-FollowerState] INFO  server.RaftServer$Division (RaftServerImpl.java:setRole(299)) - 6e0ecbc9-7476-4900-ba73-72d2d77f3b59@group-0B7C6D995091: changes role from  FOLLOWER to CANDIDATE at term 0 for changeToCandidate
2022-09-28 09:54:15,674 [6e0ecbc9-7476-4900-ba73-72d2d77f3b59@group-0B7C6D995091-FollowerState] INFO  server.RaftServerConfigKeys (ConfUtils.java:logGet(46)) - raft.server.leaderelection.pre-vote = false (custom)
2022-09-28 09:54:15,674 [6e0ecbc9-7476-4900-ba73-72d2d77f3b59@group-0B7C6D995091-FollowerState] INFO  impl.RoleInfo (RoleInfo.java:updateAndGet(139)) - 6e0ecbc9-7476-4900-ba73-72d2d77f3b59: start 6e0ecbc9-7476-4900-ba73-72d2d77f3b59@group-0B7C6D995091-LeaderElection6
2022-09-28 09:54:15,686 [6e0ecbc9-7476-4900-ba73-72d2d77f3b59@group-0B7C6D995091-LeaderElection6] INFO  impl.LeaderElection (LeaderElection.java:askForVotes(310)) - 6e0ecbc9-7476-4900-ba73-72d2d77f3b59@group-0B7C6D995091-LeaderElection6 ELECTION round 0: submit vote requests at term 1 for -1: [2d845149-fded-4749-8bc2-118586f6e1d8|rpc:10.1.1.21:44611|dataStream:|priority:0, 20e90031-3f6f-4112-85ad-1ad3a95fac96|rpc:10.1.1.21:38353|dataStream:|priority:1, 6e0ecbc9-7476-4900-ba73-72d2d77f3b59|rpc:10.1.1.21:33835|dataStream:|priority:0], old=null
2022-09-28 09:54:15,697 [grpc-default-executor-1] INFO  server.RaftServer$Division (RaftServerImpl.java:requestVote(1152)) - 2d845149-fded-4749-8bc2-118586f6e1d8@group-0B7C6D995091: receive requestVote(ELECTION, 20e90031-3f6f-4112-85ad-1ad3a95fac96, group-0B7C6D995091, 1, (t:0, i:0))
2022-09-28 09:54:15,697 [grpc-default-executor-1] INFO  impl.VoteContext (VoteContext.java:log(48)) - 2d845149-fded-4749-8bc2-118586f6e1d8@group-0B7C6D995091-FOLLOWER: accept ELECTION from 20e90031-3f6f-4112-85ad-1ad3a95fac96: our priority 0 <= candidate's priority 1
2022-09-28 09:54:15,697 [grpc-default-executor-1] INFO  server.RaftServer$Division (RaftServerImpl.java:setRole(299)) - 2d845149-fded-4749-8bc2-118586f6e1d8@group-0B7C6D995091: changes role from  FOLLOWER to FOLLOWER at term 1 for candidate:20e90031-3f6f-4112-85ad-1ad3a95fac96
2022-09-28 09:54:15,697 [grpc-default-executor-1] INFO  impl.RoleInfo (RoleInfo.java:shutdownFollowerState(110)) - 2d845149-fded-4749-8bc2-118586f6e1d8: shutdown 2d845149-fded-4749-8bc2-118586f6e1d8@group-0B7C6D995091-FollowerState
2022-09-28 09:54:15,697 [grpc-default-executor-1] INFO  impl.RoleInfo (RoleInfo.java:updateAndGet(139)) - 2d845149-fded-4749-8bc2-118586f6e1d8: start 2d845149-fded-4749-8bc2-118586f6e1d8@group-0B7C6D995091-FollowerState
2022-09-28 09:54:15,697 [2d845149-fded-4749-8bc2-118586f6e1d8@group-0B7C6D995091-FollowerState] INFO  impl.FollowerState (FollowerState.java:run(152)) - 2d845149-fded-4749-8bc2-118586f6e1d8@group-0B7C6D995091-FollowerState was interrupted
2022-09-28 09:54:15,701 [grpc-default-executor-1] INFO  server.RaftServer$Division (RaftServerImpl.java:requestVote(1184)) - 2d845149-fded-4749-8bc2-118586f6e1d8@group-0B7C6D995091 replies to ELECTION vote request: 20e90031-3f6f-4112-85ad-1ad3a95fac96<-2d845149-fded-4749-8bc2-118586f6e1d8#0:OK-t1. Peer's state: 2d845149-fded-4749-8bc2-118586f6e1d8@group-0B7C6D995091:t1, leader=null, voted=20e90031-3f6f-4112-85ad-1ad3a95fac96, raftlog=2d845149-fded-4749-8bc2-118586f6e1d8@group-0B7C6D995091-SegmentedRaftLog:OPENED:c-1, conf=-1: [2d845149-fded-4749-8bc2-118586f6e1d8|rpc:10.1.1.21:44611|priority:0, 20e90031-3f6f-4112-85ad-1ad3a95fac96|rpc:10.1.1.21:38353|priority:1, 6e0ecbc9-7476-4900-ba73-72d2d77f3b59|rpc:10.1.1.21:33835|priority:0], old=null
2022-09-28 09:54:15,709 [grpc-default-executor-2] INFO  server.RaftServer$Division (RaftServerImpl.java:requestVote(1152)) - 6e0ecbc9-7476-4900-ba73-72d2d77f3b59@group-0B7C6D995091: receive requestVote(ELECTION, 20e90031-3f6f-4112-85ad-1ad3a95fac96, group-0B7C6D995091, 1, (t:0, i:0))
2022-09-28 09:54:15,710 [20e90031-3f6f-4112-85ad-1ad3a95fac96@group-0B7C6D995091-LeaderElection5] INFO  impl.LeaderElection (LeaderElection.java:logAndReturn(90)) - 20e90031-3f6f-4112-85ad-1ad3a95fac96@group-0B7C6D995091-LeaderElection5: ELECTION PASSED received 1 response(s) and 0 exception(s):
2022-09-28 09:54:15,711 [20e90031-3f6f-4112-85ad-1ad3a95fac96@group-0B7C6D995091-LeaderElection5] INFO  impl.LeaderElection (LeaderElection.java:logAndReturn(94)) -   Response 0: 20e90031-3f6f-4112-85ad-1ad3a95fac96<-2d845149-fded-4749-8bc2-118586f6e1d8#0:OK-t1
2022-09-28 09:54:15,711 [20e90031-3f6f-4112-85ad-1ad3a95fac96@group-0B7C6D995091-LeaderElection5] INFO  impl.LeaderElection (LeaderElection.java:askForVotes(312)) - 20e90031-3f6f-4112-85ad-1ad3a95fac96@group-0B7C6D995091-LeaderElection5 ELECTION round 0: result PASSED
2022-09-28 09:54:15,711 [20e90031-3f6f-4112-85ad-1ad3a95fac96@group-0B7C6D995091-LeaderElection5] INFO  impl.RoleInfo (RoleInfo.java:shutdownLeaderElection(130)) - 20e90031-3f6f-4112-85ad-1ad3a95fac96: shutdown 20e90031-3f6f-4112-85ad-1ad3a95fac96@group-0B7C6D995091-LeaderElection5
2022-09-28 09:54:15,711 [20e90031-3f6f-4112-85ad-1ad3a95fac96@group-0B7C6D995091-LeaderElection5] INFO  server.RaftServer$Division (RaftServerImpl.java:setRole(299)) - 20e90031-3f6f-4112-85ad-1ad3a95fac96@group-0B7C6D995091: changes role from CANDIDATE to LEADER at term 1 for changeToLeader
2022-09-28 09:54:15,711 [20e90031-3f6f-4112-85ad-1ad3a95fac96@group-0B7C6D995091-LeaderElection5] INFO  ratis.XceiverServerRatis (XceiverServerRatis.java:handleLeaderChangedNotification(863)) - Leader change notification received for group: group-0B7C6D995091 with new leaderId: 20e90031-3f6f-4112-85ad-1ad3a95fac96
2022-09-28 09:54:15,712 [20e90031-3f6f-4112-85ad-1ad3a95fac96@group-0B7C6D995091-LeaderElection5] INFO  server.RaftServer$Division (ServerState.java:setLeader(287)) - 20e90031-3f6f-4112-85ad-1ad3a95fac96@group-0B7C6D995091: change Leader from null to 20e90031-3f6f-4112-85ad-1ad3a95fac96 at term 1 for becomeLeader, leader elected after 5238ms
2022-09-28 09:54:15,712 [20e90031-3f6f-4112-85ad-1ad3a95fac96@group-0B7C6D995091-LeaderElection5] INFO  server.RaftServerConfigKeys (ConfUtils.java:logGet(46)) - raft.server.staging.catchup.gap = 1000 (default)
2022-09-28 09:54:15,712 [20e90031-3f6f-4112-85ad-1ad3a95fac96@group-0B7C6D995091-LeaderElection5] INFO  server.RaftServerConfigKeys (ConfUtils.java:logGet(46)) - raft.server.write.element-limit = 1024 (custom)
2022-09-28 09:54:15,712 [20e90031-3f6f-4112-85ad-1ad3a95fac96@group-0B7C6D995091-LeaderElection5] INFO  server.RaftServerConfigKeys (ConfUtils.java:logGet(46)) - raft.server.write.byte-limit = 1024 M (=1073741824) (custom)
2022-09-28 09:54:15,712 [20e90031-3f6f-4112-85ad-1ad3a95fac96@group-0B7C6D995091-LeaderElection5] INFO  server.RaftServerConfigKeys (ConfUtils.java:logGet(46)) - raft.server.watch.timeout = 180s (custom)
2022-09-28 09:54:15,712 [20e90031-3f6f-4112-85ad-1ad3a95fac96@group-0B7C6D995091-LeaderElection5] INFO  server.RaftServerConfigKeys (ConfUtils.java:logGet(46)) - raft.server.watch.timeout.denomination = 1s (default)
2022-09-28 09:54:15,712 [20e90031-3f6f-4112-85ad-1ad3a95fac96@group-0B7C6D995091-LeaderElection5] INFO  server.RaftServerConfigKeys (ConfUtils.java:logGet(46)) - raft.server.watch.element-limit = 65536 (default)
2022-09-28 09:54:15,709 [grpc-default-executor-2] INFO  impl.VoteContext (VoteContext.java:log(48)) - 6e0ecbc9-7476-4900-ba73-72d2d77f3b59@group-0B7C6D995091-CANDIDATE: reject ELECTION from 20e90031-3f6f-4112-85ad-1ad3a95fac96: already has voted for 6e0ecbc9-7476-4900-ba73-72d2d77f3b59 at current term 1
2022-09-28 09:54:15,713 [grpc-default-executor-2] INFO  server.RaftServer$Division (RaftServerImpl.java:requestVote(1184)) - 6e0ecbc9-7476-4900-ba73-72d2d77f3b59@group-0B7C6D995091 replies to ELECTION vote request: 20e90031-3f6f-4112-85ad-1ad3a95fac96<-6e0ecbc9-7476-4900-ba73-72d2d77f3b59#0:FAIL-t1. Peer's state: 6e0ecbc9-7476-4900-ba73-72d2d77f3b59@group-0B7C6D995091:t1, leader=null, voted=6e0ecbc9-7476-4900-ba73-72d2d77f3b59, raftlog=6e0ecbc9-7476-4900-ba73-72d2d77f3b59@group-0B7C6D995091-SegmentedRaftLog:OPENED:c-1, conf=-1: [2d845149-fded-4749-8bc2-118586f6e1d8|rpc:10.1.1.21:44611|dataStream:|priority:0, 20e90031-3f6f-4112-85ad-1ad3a95fac96|rpc:10.1.1.21:38353|dataStream:|priority:1, 6e0ecbc9-7476-4900-ba73-72d2d77f3b59|rpc:10.1.1.21:33835|dataStream:|priority:0], old=null
2022-09-28 09:54:15,714 [EventQueue-PipelineReportForPipelineReportHandler] INFO  pipeline.PipelineManagerImpl (PipelineManagerImpl.java:openPipeline(367)) - Pipeline Pipeline[ Id: 69b52b5b-6904-4880-9098-0b7c6d995091, Nodes: 20e90031-3f6f-4112-85ad-1ad3a95fac96{ip: 10.1.1.21, host: fv-az204-790.d0ggoinxmwcejgojbuqly40l0e.cx.internal.cloudapp.net, ports: [REPLICATION=36827, RATIS=38353, RATIS_ADMIN=38353, RATIS_SERVER=38353, STANDALONE=35379], networkLocation: /default-rack, certSerialId: null, persistedOpState: IN_SERVICE, persistedOpStateExpiryEpochSec: 0}6e0ecbc9-7476-4900-ba73-72d2d77f3b59{ip: 10.1.1.21, host: fv-az204-790.d0ggoinxmwcejgojbuqly40l0e.cx.internal.cloudapp.net, ports: [REPLICATION=46225, RATIS=33835, RATIS_ADMIN=33835, RATIS_SERVER=33835, STANDALONE=38193], networkLocation: /default-rack, certSerialId: null, persistedOpState: IN_SERVICE, persistedOpStateExpiryEpochSec: 0}2d845149-fded-4749-8bc2-118586f6e1d8{ip: 10.1.1.21, host: fv-az204-790.d0ggoinxmwcejgojbuqly40l0e.cx.internal.cloudapp.net, ports: [REPLICATION=33257, RATIS=44611, RATIS_ADMIN=44611, RATIS_SERVER=44611, STANDALONE=42467], networkLocation: /default-rack, certSerialId: null, persistedOpState: IN_SERVICE, persistedOpStateExpiryEpochSec: 0}, ReplicationConfig: RATIS/THREE, State:ALLOCATED, leaderId:20e90031-3f6f-4112-85ad-1ad3a95fac96, CreationTimestamp2022-09-28T09:54:07.732Z[Etc/UTC]] moved to OPEN state
2022-09-28 09:54:15,715 [20e90031-3f6f-4112-85ad-1ad3a95fac96@group-0B7C6D995091-LeaderElection5] INFO  server.RaftServerConfigKeys (ConfUtils.java:logGet(46)) - raft.server.write.element-limit = 1024 (custom)
2022-09-28 09:54:15,719 [20e90031-3f6f-4112-85ad-1ad3a95fac96@group-0B7C6D995091-LeaderElection5] INFO  server.RaftServerConfigKeys (ConfUtils.java:logGet(46)) - raft.server.write.follower.gap.ratio.max = -1.0 (default)
2022-09-28 09:54:15,719 [20e90031-3f6f-4112-85ad-1ad3a95fac96@group-0B7C6D995091-LeaderElection5] INFO  server.RaftServerConfigKeys (ConfUtils.java:logGet(46)) - raft.server.log.appender.snapshot.chunk.size.max = 16MB (=16777216) (default)
2022-09-28 09:54:15,719 [20e90031-3f6f-4112-85ad-1ad3a95fac96@group-0B7C6D995091-LeaderElection5] INFO  server.RaftServerConfigKeys (ConfUtils.java:logGet(46)) - raft.server.log.appender.buffer.byte-limit = 33554432 (custom)
2022-09-28 09:54:15,719 [20e90031-3f6f-4112-85ad-1ad3a95fac96@group-0B7C6D995091-LeaderElection5] INFO  server.RaftServerConfigKeys (ConfUtils.java:logGet(46)) - raft.server.log.appender.buffer.element-limit = 1 (custom)
2022-09-28 09:54:15,719 [20e90031-3f6f-4112-85ad-1ad3a95fac96@group-0B7C6D995091-LeaderElection5] INFO  grpc.GrpcConfigKeys (ConfUtils.java:logGet(46)) - raft.grpc.server.leader.outstanding.appends.max = 128 (default)
2022-09-28 09:54:15,721 [20e90031-3f6f-4112-85ad-1ad3a95fac96@group-0B7C6D995091-LeaderElection5] INFO  server.RaftServerConfigKeys (ConfUtils.java:logGet(46)) - raft.server.rpc.request.timeout = 60s (custom)
2022-09-28 09:54:15,721 [20e90031-3f6f-4112-85ad-1ad3a95fac96@group-0B7C6D995091-LeaderElection5] INFO  server.RaftServerConfigKeys (ConfUtils.java:logGet(46)) - raft.server.log.appender.install.snapshot.enabled = false (custom)
2022-09-28 09:54:15,722 [20e90031-3f6f-4112-85ad-1ad3a95fac96@group-0B7C6D995091-LeaderElection5] INFO  server.RaftServerConfigKeys (ConfUtils.java:logGet(46)) - raft.server.log.appender.snapshot.chunk.size.max = 16MB (=16777216) (default)
2022-09-28 09:54:15,722 [20e90031-3f6f-4112-85ad-1ad3a95fac96@group-0B7C6D995091-LeaderElection5] INFO  server.RaftServerConfigKeys (ConfUtils.java:logGet(46)) - raft.server.log.appender.buffer.byte-limit = 33554432 (custom)
2022-09-28 09:54:15,722 [20e90031-3f6f-4112-85ad-1ad3a95fac96@group-0B7C6D995091-LeaderElection5] INFO  server.RaftServerConfigKeys (ConfUtils.java:logGet(46)) - raft.server.log.appender.buffer.element-limit = 1 (custom)
2022-09-28 09:54:15,722 [20e90031-3f6f-4112-85ad-1ad3a95fac96@group-0B7C6D995091-LeaderElection5] INFO  grpc.GrpcConfigKeys (ConfUtils.java:logGet(46)) - raft.grpc.server.leader.outstanding.appends.max = 128 (default)
2022-09-28 09:54:15,722 [20e90031-3f6f-4112-85ad-1ad3a95fac96@group-0B7C6D995091-LeaderElection5] INFO  server.RaftServerConfigKeys (ConfUtils.java:logGet(46)) - raft.server.rpc.request.timeout = 60s (custom)
2022-09-28 09:54:15,722 [20e90031-3f6f-4112-85ad-1ad3a95fac96@group-0B7C6D995091-LeaderElection5] INFO  server.RaftServerConfigKeys (ConfUtils.java:logGet(46)) - raft.server.log.appender.install.snapshot.enabled = false (custom)
2022-09-28 09:54:15,722 [20e90031-3f6f-4112-85ad-1ad3a95fac96@group-0B7C6D995091-LeaderElection5] INFO  impl.RoleInfo (RoleInfo.java:updateAndGet(139)) - 20e90031-3f6f-4112-85ad-1ad3a95fac96: start 20e90031-3f6f-4112-85ad-1ad3a95fac96@group-0B7C6D995091-LeaderStateImpl
2022-09-28 09:54:15,723 [20e90031-3f6f-4112-85ad-1ad3a95fac96@group-0B7C6D995091-LeaderElection5] INFO  segmented.SegmentedRaftLogWorker (SegmentedRaftLogWorker.java:startLogSegment(425)) - 20e90031-3f6f-4112-85ad-1ad3a95fac96@group-0B7C6D995091-SegmentedRaftLogWorker: Starting segment from index:0
2022-09-28 09:54:15,726 [20e90031-3f6f-4112-85ad-1ad3a95fac96@group-0B7C6D995091-SegmentedRaftLogWorker] INFO  segmented.SegmentedRaftLogWorker (SegmentedRaftLogWorker.java:execute(629)) - 20e90031-3f6f-4112-85ad-1ad3a95fac96@group-0B7C6D995091-SegmentedRaftLogWorker: created new log segment /home/runner/work/ozone/ozone/hadoop-ozone/integration-test/target/test-dir/MiniOzoneClusterImpl-f38c25ab-2440-4177-af3f-c722ecf984ff/datanode-1/data/ratis/69b52b5b-6904-4880-9098-0b7c6d995091/current/log_inprogress_0
2022-09-28 09:54:15,732 [20e90031-3f6f-4112-85ad-1ad3a95fac96@group-0B7C6D995091-LeaderElection5] INFO  server.RaftServer$Division (ServerState.java:setRaftConf(393)) - 20e90031-3f6f-4112-85ad-1ad3a95fac96@group-0B7C6D995091: set configuration 0: [2d845149-fded-4749-8bc2-118586f6e1d8|rpc:10.1.1.21:44611|dataStream:|priority:0, 20e90031-3f6f-4112-85ad-1ad3a95fac96|rpc:10.1.1.21:38353|dataStream:|priority:1, 6e0ecbc9-7476-4900-ba73-72d2d77f3b59|rpc:10.1.1.21:33835|dataStream:|priority:0], old=null
2022-09-28 09:54:15,732 [grpc-default-executor-1] INFO  server.RaftServer$Division (RaftServerImpl.java:requestVote(1152)) - 2d845149-fded-4749-8bc2-118586f6e1d8@group-0B7C6D995091: receive requestVote(ELECTION, 6e0ecbc9-7476-4900-ba73-72d2d77f3b59, group-0B7C6D995091, 1, (t:0, i:0))
2022-09-28 09:54:15,733 [grpc-default-executor-1] INFO  impl.VoteContext (VoteContext.java:log(48)) - 2d845149-fded-4749-8bc2-118586f6e1d8@group-0B7C6D995091-FOLLOWER: reject ELECTION from 6e0ecbc9-7476-4900-ba73-72d2d77f3b59: already has voted for 20e90031-3f6f-4112-85ad-1ad3a95fac96 at current term 1
2022-09-28 09:54:15,733 [grpc-default-executor-1] INFO  server.RaftServer$Division (RaftServerImpl.java:requestVote(1184)) - 2d845149-fded-4749-8bc2-118586f6e1d8@group-0B7C6D995091 replies to ELECTION vote request: 6e0ecbc9-7476-4900-ba73-72d2d77f3b59<-2d845149-fded-4749-8bc2-118586f6e1d8#0:FAIL-t1. Peer's state: 2d845149-fded-4749-8bc2-118586f6e1d8@group-0B7C6D995091:t1, leader=null, voted=20e90031-3f6f-4112-85ad-1ad3a95fac96, raftlog=2d845149-fded-4749-8bc2-118586f6e1d8@group-0B7C6D995091-SegmentedRaftLog:OPENED:c-1, conf=-1: [2d845149-fded-4749-8bc2-118586f6e1d8|rpc:10.1.1.21:44611|priority:0, 20e90031-3f6f-4112-85ad-1ad3a95fac96|rpc:10.1.1.21:38353|priority:1, 6e0ecbc9-7476-4900-ba73-72d2d77f3b59|rpc:10.1.1.21:33835|priority:0], old=null
2022-09-28 09:54:15,741 [grpc-default-executor-1] INFO  server.RaftServer$Division (RaftServerImpl.java:requestVote(1152)) - 20e90031-3f6f-4112-85ad-1ad3a95fac96@group-0B7C6D995091: receive requestVote(ELECTION, 6e0ecbc9-7476-4900-ba73-72d2d77f3b59, group-0B7C6D995091, 1, (t:0, i:0))
2022-09-28 09:54:15,742 [grpc-default-executor-1] INFO  impl.VoteContext (VoteContext.java:log(48)) - 20e90031-3f6f-4112-85ad-1ad3a95fac96@group-0B7C6D995091-LEADER: reject ELECTION from 6e0ecbc9-7476-4900-ba73-72d2d77f3b59: already has voted for 20e90031-3f6f-4112-85ad-1ad3a95fac96 at current term 1
2022-09-28 09:54:15,742 [grpc-default-executor-1] INFO  server.RaftServer$Division (RaftServerImpl.java:requestVote(1184)) - 20e90031-3f6f-4112-85ad-1ad3a95fac96@group-0B7C6D995091 replies to ELECTION vote request: 6e0ecbc9-7476-4900-ba73-72d2d77f3b59<-20e90031-3f6f-4112-85ad-1ad3a95fac96#0:FAIL-t1. Peer's state: 20e90031-3f6f-4112-85ad-1ad3a95fac96@group-0B7C6D995091:t1, leader=20e90031-3f6f-4112-85ad-1ad3a95fac96, voted=20e90031-3f6f-4112-85ad-1ad3a95fac96, raftlog=20e90031-3f6f-4112-85ad-1ad3a95fac96@group-0B7C6D995091-SegmentedRaftLog:OPENED:c0, conf=0: [2d845149-fded-4749-8bc2-118586f6e1d8|rpc:10.1.1.21:44611|dataStream:|priority:0, 20e90031-3f6f-4112-85ad-1ad3a95fac96|rpc:10.1.1.21:38353|dataStream:|priority:1, 6e0ecbc9-7476-4900-ba73-72d2d77f3b59|rpc:10.1.1.21:33835|dataStream:|priority:0], old=null
2022-09-28 09:54:15,747 [2d845149-fded-4749-8bc2-118586f6e1d8-server-thread1] INFO  ratis.XceiverServerRatis (XceiverServerRatis.java:handleLeaderChangedNotification(863)) - Leader change notification received for group: group-0B7C6D995091 with new leaderId: 20e90031-3f6f-4112-85ad-1ad3a95fac96
2022-09-28 09:54:15,748 [2d845149-fded-4749-8bc2-118586f6e1d8-server-thread1] INFO  server.RaftServer$Division (ServerState.java:setLeader(287)) - 2d845149-fded-4749-8bc2-118586f6e1d8@group-0B7C6D995091: change Leader from null to 20e90031-3f6f-4112-85ad-1ad3a95fac96 at term 1 for appendEntries, leader elected after 5157ms
2022-09-28 09:54:15,748 [6e0ecbc9-7476-4900-ba73-72d2d77f3b59@group-0B7C6D995091-LeaderElection6] INFO  impl.LeaderElection (LeaderElection.java:logAndReturn(90)) - 6e0ecbc9-7476-4900-ba73-72d2d77f3b59@group-0B7C6D995091-LeaderElection6: ELECTION REJECTED received 2 response(s) and 0 exception(s):
2022-09-28 09:54:15,753 [6e0ecbc9-7476-4900-ba73-72d2d77f3b59@group-0B7C6D995091-LeaderElection6] INFO  impl.LeaderElection (LeaderElection.java:logAndReturn(94)) -   Response 0: 6e0ecbc9-7476-4900-ba73-72d2d77f3b59<-2d845149-fded-4749-8bc2-118586f6e1d8#0:FAIL-t1
2022-09-28 09:54:15,753 [6e0ecbc9-7476-4900-ba73-72d2d77f3b59@group-0B7C6D995091-LeaderElection6] INFO  impl.LeaderElection (LeaderElection.java:logAndReturn(94)) -   Response 1: 6e0ecbc9-7476-4900-ba73-72d2d77f3b59<-20e90031-3f6f-4112-85ad-1ad3a95fac96#0:FAIL-t1
2022-09-28 09:54:15,753 [6e0ecbc9-7476-4900-ba73-72d2d77f3b59@group-0B7C6D995091-LeaderElection6] INFO  impl.LeaderElection (LeaderElection.java:askForVotes(312)) - 6e0ecbc9-7476-4900-ba73-72d2d77f3b59@group-0B7C6D995091-LeaderElection6 ELECTION round 0: result REJECTED
2022-09-28 09:54:15,753 [6e0ecbc9-7476-4900-ba73-72d2d77f3b59@group-0B7C6D995091-LeaderElection6] INFO  server.RaftServer$Division (RaftServerImpl.java:setRole(299)) - 6e0ecbc9-7476-4900-ba73-72d2d77f3b59@group-0B7C6D995091: changes role from CANDIDATE to FOLLOWER at term 1 for REJECTED
2022-09-28 09:54:15,753 [6e0ecbc9-7476-4900-ba73-72d2d77f3b59@group-0B7C6D995091-LeaderElection6] INFO  impl.RoleInfo (RoleInfo.java:shutdownLeaderElection(130)) - 6e0ecbc9-7476-4900-ba73-72d2d77f3b59: shutdown 6e0ecbc9-7476-4900-ba73-72d2d77f3b59@group-0B7C6D995091-LeaderElection6
2022-09-28 09:54:15,753 [6e0ecbc9-7476-4900-ba73-72d2d77f3b59@group-0B7C6D995091-LeaderElection6] INFO  impl.RoleInfo (RoleInfo.java:updateAndGet(139)) - 6e0ecbc9-7476-4900-ba73-72d2d77f3b59: start 6e0ecbc9-7476-4900-ba73-72d2d77f3b59@group-0B7C6D995091-FollowerState
2022-09-28 09:54:15,753 [2d845149-fded-4749-8bc2-118586f6e1d8-server-thread1] INFO  server.RaftServer$Division (ServerState.java:setRaftConf(393)) - 2d845149-fded-4749-8bc2-118586f6e1d8@group-0B7C6D995091: set configuration 0: [2d845149-fded-4749-8bc2-118586f6e1d8|rpc:10.1.1.21:44611|dataStream:|priority:0, 20e90031-3f6f-4112-85ad-1ad3a95fac96|rpc:10.1.1.21:38353|dataStream:|priority:1, 6e0ecbc9-7476-4900-ba73-72d2d77f3b59|rpc:10.1.1.21:33835|dataStream:|priority:0], old=null
2022-09-28 09:54:15,753 [2d845149-fded-4749-8bc2-118586f6e1d8-server-thread1] INFO  segmented.SegmentedRaftLogWorker (SegmentedRaftLogWorker.java:startLogSegment(425)) - 2d845149-fded-4749-8bc2-118586f6e1d8@group-0B7C6D995091-SegmentedRaftLogWorker: Starting segment from index:0
2022-09-28 09:54:15,755 [2d845149-fded-4749-8bc2-118586f6e1d8@group-0B7C6D995091-SegmentedRaftLogWorker] INFO  segmented.SegmentedRaftLogWorker (SegmentedRaftLogWorker.java:execute(629)) - 2d845149-fded-4749-8bc2-118586f6e1d8@group-0B7C6D995091-SegmentedRaftLogWorker: created new log segment /home/runner/work/ozone/ozone/hadoop-ozone/integration-test/target/test-dir/MiniOzoneClusterImpl-f38c25ab-2440-4177-af3f-c722ecf984ff/datanode-0/data/ratis/69b52b5b-6904-4880-9098-0b7c6d995091/current/log_inprogress_0
2022-09-28 09:54:15,755 [6e0ecbc9-7476-4900-ba73-72d2d77f3b59-server-thread1] INFO  ratis.XceiverServerRatis (XceiverServerRatis.java:handleLeaderChangedNotification(863)) - Leader change notification received for group: group-0B7C6D995091 with new leaderId: 20e90031-3f6f-4112-85ad-1ad3a95fac96
2022-09-28 09:54:15,755 [6e0ecbc9-7476-4900-ba73-72d2d77f3b59-server-thread1] INFO  server.RaftServer$Division (ServerState.java:setLeader(287)) - 6e0ecbc9-7476-4900-ba73-72d2d77f3b59@group-0B7C6D995091: change Leader from null to 20e90031-3f6f-4112-85ad-1ad3a95fac96 at term 1 for appendEntries, leader elected after 5203ms
2022-09-28 09:54:15,772 [6e0ecbc9-7476-4900-ba73-72d2d77f3b59-server-thread1] INFO  server.RaftServer$Division (ServerState.java:setRaftConf(393)) - 6e0ecbc9-7476-4900-ba73-72d2d77f3b59@group-0B7C6D995091: set configuration 0: [2d845149-fded-4749-8bc2-118586f6e1d8|rpc:10.1.1.21:44611|dataStream:|priority:0, 20e90031-3f6f-4112-85ad-1ad3a95fac96|rpc:10.1.1.21:38353|dataStream:|priority:1, 6e0ecbc9-7476-4900-ba73-72d2d77f3b59|rpc:10.1.1.21:33835|dataStream:|priority:0], old=null
2022-09-28 09:54:15,774 [6e0ecbc9-7476-4900-ba73-72d2d77f3b59-server-thread1] INFO  segmented.SegmentedRaftLogWorker (SegmentedRaftLogWorker.java:startLogSegment(425)) - 6e0ecbc9-7476-4900-ba73-72d2d77f3b59@group-0B7C6D995091-SegmentedRaftLogWorker: Starting segment from index:0
2022-09-28 09:54:15,776 [6e0ecbc9-7476-4900-ba73-72d2d77f3b59@group-0B7C6D995091-SegmentedRaftLogWorker] INFO  segmented.SegmentedRaftLogWorker (SegmentedRaftLogWorker.java:execute(629)) - 6e0ecbc9-7476-4900-ba73-72d2d77f3b59@group-0B7C6D995091-SegmentedRaftLogWorker: created new log segment /home/runner/work/ozone/ozone/hadoop-ozone/integration-test/target/test-dir/MiniOzoneClusterImpl-f38c25ab-2440-4177-af3f-c722ecf984ff/datanode-2/data/ratis/69b52b5b-6904-4880-9098-0b7c6d995091/current/log_inprogress_0
2022-09-28 09:54:15,794 [6e0ecbc9-7476-4900-ba73-72d2d77f3b59@group-A95AC1717CE8-FollowerState] INFO  impl.FollowerState (FollowerState.java:run(143)) - 6e0ecbc9-7476-4900-ba73-72d2d77f3b59@group-A95AC1717CE8-FollowerState: change to CANDIDATE, lastRpcElapsedTime:5039897780ns, electionTimeout:5039ms
2022-09-28 09:54:15,794 [6e0ecbc9-7476-4900-ba73-72d2d77f3b59@group-A95AC1717CE8-FollowerState] INFO  impl.RoleInfo (RoleInfo.java:shutdownFollowerState(110)) - 6e0ecbc9-7476-4900-ba73-72d2d77f3b59: shutdown 6e0ecbc9-7476-4900-ba73-72d2d77f3b59@group-A95AC1717CE8-FollowerState
2022-09-28 09:54:15,794 [6e0ecbc9-7476-4900-ba73-72d2d77f3b59@group-A95AC1717CE8-FollowerState] INFO  server.RaftServer$Division (RaftServerImpl.java:setRole(299)) - 6e0ecbc9-7476-4900-ba73-72d2d77f3b59@group-A95AC1717CE8: changes role from  FOLLOWER to CANDIDATE at term 0 for changeToCandidate
2022-09-28 09:54:15,794 [6e0ecbc9-7476-4900-ba73-72d2d77f3b59@group-A95AC1717CE8-FollowerState] INFO  server.RaftServerConfigKeys (ConfUtils.java:logGet(46)) - raft.server.leaderelection.pre-vote = false (custom)
2022-09-28 09:54:15,794 [6e0ecbc9-7476-4900-ba73-72d2d77f3b59@group-A95AC1717CE8-FollowerState] INFO  impl.RoleInfo (RoleInfo.java:updateAndGet(139)) - 6e0ecbc9-7476-4900-ba73-72d2d77f3b59: start 6e0ecbc9-7476-4900-ba73-72d2d77f3b59@group-A95AC1717CE8-LeaderElection7
2022-09-28 09:54:15,801 [6e0ecbc9-7476-4900-ba73-72d2d77f3b59@group-A95AC1717CE8-LeaderElection7] INFO  impl.LeaderElection (LeaderElection.java:askForVotes(310)) - 6e0ecbc9-7476-4900-ba73-72d2d77f3b59@group-A95AC1717CE8-LeaderElection7 ELECTION round 0: submit vote requests at term 1 for -1: [6e0ecbc9-7476-4900-ba73-72d2d77f3b59|rpc:10.1.1.21:33835|priority:1], old=null
2022-09-28 09:54:15,801 [6e0ecbc9-7476-4900-ba73-72d2d77f3b59@group-A95AC1717CE8-LeaderElection7] INFO  impl.LeaderElection (LeaderElection.java:askForVotes(312)) - 6e0ecbc9-7476-4900-ba73-72d2d77f3b59@group-A95AC1717CE8-LeaderElection7 ELECTION round 0: result PASSED (term=1)
2022-09-28 09:54:15,801 [6e0ecbc9-7476-4900-ba73-72d2d77f3b59@group-A95AC1717CE8-LeaderElection7] INFO  impl.RoleInfo (RoleInfo.java:shutdownLeaderElection(130)) - 6e0ecbc9-7476-4900-ba73-72d2d77f3b59: shutdown 6e0ecbc9-7476-4900-ba73-72d2d77f3b59@group-A95AC1717CE8-LeaderElection7
2022-09-28 09:54:15,801 [6e0ecbc9-7476-4900-ba73-72d2d77f3b59@group-A95AC1717CE8-LeaderElection7] INFO  server.RaftServer$Division (RaftServerImpl.java:setRole(299)) - 6e0ecbc9-7476-4900-ba73-72d2d77f3b59@group-A95AC1717CE8: changes role from CANDIDATE to LEADER at term 1 for changeToLeader
2022-09-28 09:54:15,801 [6e0ecbc9-7476-4900-ba73-72d2d77f3b59@group-A95AC1717CE8-LeaderElection7] INFO  ratis.XceiverServerRatis (XceiverServerRatis.java:handleLeaderChangedNotification(863)) - Leader change notification received for group: group-A95AC1717CE8 with new leaderId: 6e0ecbc9-7476-4900-ba73-72d2d77f3b59
2022-09-28 09:54:15,802 [6e0ecbc9-7476-4900-ba73-72d2d77f3b59@group-A95AC1717CE8-LeaderElection7] INFO  server.RaftServer$Division (ServerState.java:setLeader(287)) - 6e0ecbc9-7476-4900-ba73-72d2d77f3b59@group-A95AC1717CE8: change Leader from null to 6e0ecbc9-7476-4900-ba73-72d2d77f3b59 at term 1 for becomeLeader, leader elected after 5072ms
2022-09-28 09:54:15,805 [6e0ecbc9-7476-4900-ba73-72d2d77f3b59@group-A95AC1717CE8-LeaderElection7] INFO  server.RaftServerConfigKeys (ConfUtils.java:logGet(46)) - raft.server.staging.catchup.gap = 1000 (default)
2022-09-28 09:54:15,805 [6e0ecbc9-7476-4900-ba73-72d2d77f3b59@group-A95AC1717CE8-LeaderElection7] INFO  server.RaftServerConfigKeys (ConfUtils.java:logGet(46)) - raft.server.write.element-limit = 1024 (custom)
2022-09-28 09:54:15,805 [6e0ecbc9-7476-4900-ba73-72d2d77f3b59@group-A95AC1717CE8-LeaderElection7] INFO  server.RaftServerConfigKeys (ConfUtils.java:logGet(46)) - raft.server.write.byte-limit = 1024 M (=1073741824) (custom)
2022-09-28 09:54:15,806 [6e0ecbc9-7476-4900-ba73-72d2d77f3b59@group-A95AC1717CE8-LeaderElection7] INFO  server.RaftServerConfigKeys (ConfUtils.java:logGet(46)) - raft.server.watch.timeout = 180s (custom)
2022-09-28 09:54:15,806 [6e0ecbc9-7476-4900-ba73-72d2d77f3b59@group-A95AC1717CE8-LeaderElection7] INFO  server.RaftServerConfigKeys (ConfUtils.java:logGet(46)) - raft.server.watch.timeout.denomination = 1s (default)
2022-09-28 09:54:15,806 [6e0ecbc9-7476-4900-ba73-72d2d77f3b59@group-A95AC1717CE8-LeaderElection7] INFO  server.RaftServerConfigKeys (ConfUtils.java:logGet(46)) - raft.server.watch.element-limit = 65536 (default)
2022-09-28 09:54:15,806 [6e0ecbc9-7476-4900-ba73-72d2d77f3b59@group-A95AC1717CE8-LeaderElection7] INFO  server.RaftServerConfigKeys (ConfUtils.java:logGet(46)) - raft.server.write.element-limit = 1024 (custom)
2022-09-28 09:54:15,807 [6e0ecbc9-7476-4900-ba73-72d2d77f3b59@group-A95AC1717CE8-LeaderElection7] INFO  server.RaftServerConfigKeys (ConfUtils.java:logGet(46)) - raft.server.write.follower.gap.ratio.max = -1.0 (default)
2022-09-28 09:54:15,808 [6e0ecbc9-7476-4900-ba73-72d2d77f3b59@group-A95AC1717CE8-LeaderElection7] INFO  impl.RoleInfo (RoleInfo.java:updateAndGet(139)) - 6e0ecbc9-7476-4900-ba73-72d2d77f3b59: start 6e0ecbc9-7476-4900-ba73-72d2d77f3b59@group-A95AC1717CE8-LeaderStateImpl
2022-09-28 09:54:15,808 [6e0ecbc9-7476-4900-ba73-72d2d77f3b59@group-A95AC1717CE8-LeaderElection7] INFO  segmented.SegmentedRaftLogWorker (SegmentedRaftLogWorker.java:startLogSegment(425)) - 6e0ecbc9-7476-4900-ba73-72d2d77f3b59@group-A95AC1717CE8-SegmentedRaftLogWorker: Starting segment from index:0
2022-09-28 09:54:15,809 [6e0ecbc9-7476-4900-ba73-72d2d77f3b59@group-A95AC1717CE8-SegmentedRaftLogWorker] INFO  segmented.SegmentedRaftLogWorker (SegmentedRaftLogWorker.java:execute(629)) - 6e0ecbc9-7476-4900-ba73-72d2d77f3b59@group-A95AC1717CE8-SegmentedRaftLogWorker: created new log segment /home/runner/work/ozone/ozone/hadoop-ozone/integration-test/target/test-dir/MiniOzoneClusterImpl-f38c25ab-2440-4177-af3f-c722ecf984ff/datanode-2/data/ratis/bdfb9477-d10a-4614-a453-a95ac1717ce8/current/log_inprogress_0
2022-09-28 09:54:15,809 [6e0ecbc9-7476-4900-ba73-72d2d77f3b59@group-A95AC1717CE8-LeaderElection7] INFO  server.RaftServer$Division (ServerState.java:setRaftConf(393)) - 6e0ecbc9-7476-4900-ba73-72d2d77f3b59@group-A95AC1717CE8: set configuration 0: [6e0ecbc9-7476-4900-ba73-72d2d77f3b59|rpc:10.1.1.21:33835|dataStream:|priority:1], old=null
2022-09-28 09:54:15,897 [Listener at 127.0.0.1/33915] INFO  rpc.RpcClient (RpcClient.java:createVolume(471)) - Creating Volume: volume02959, with user08401 as owner and space quota set to -1 bytes, counts quota set to -1
2022-09-28 09:54:15,933 [OM StateMachine ApplyTransaction Thread - 0] INFO  volume.OMVolumeCreateRequest (OMVolumeCreateRequest.java:validateAndUpdateCache(195)) - created volume:volume02959 for user:user08401
2022-09-28 09:54:15,949 [Listener at 127.0.0.1/33915] INFO  rpc.RpcClient (RpcClient.java:createBucket(674)) - Creating Bucket: volume02959/bucket36363, with bucket layout LEGACY, runner as owner, Versioning false, Storage Type set to DISK and Encryption set to false 
2022-09-28 09:54:15,963 [OM StateMachine ApplyTransaction Thread - 0] INFO  bucket.OMBucketCreateRequest (OMBucketCreateRequest.java:validateAndUpdateCache(260)) - created bucket: bucket36363 of layout LEGACY in volume: volume02959
]]></system-out>
  </testcase>
  <testcase name="testGetTrashRoot" classname="TestOzoneFileSystem" time="47.928">
    <system-out><![CDATA[2022-09-28 09:54:52,721 [Listener at 127.0.0.1/33915] INFO  ozone.MiniOzoneClusterImpl (MiniOzoneClusterImpl.java:shutdown(448)) - Shutting down the Mini Ozone Cluster
2022-09-28 09:54:52,722 [Listener at 127.0.0.1/33915] INFO  ozone.MiniOzoneClusterImpl (MiniOzoneClusterImpl.java:stop(463)) - Stopping the Mini Ozone Cluster
2022-09-28 09:54:52,722 [Listener at 127.0.0.1/33915] INFO  ozone.MiniOzoneClusterImpl (MiniOzoneClusterImpl.java:stopOM(545)) - Stopping the OzoneManager
2022-09-28 09:54:52,722 [Listener at 127.0.0.1/33915] INFO  om.OzoneManager (OzoneManager.java:stop(2035)) - om1[localhost:0]: Stopping Ozone Manager
2022-09-28 09:54:52,722 [Listener at 127.0.0.1/33915] INFO  ipc.Server (Server.java:stop(3414)) - Stopping server on 33915
2022-09-28 09:54:52,724 [IPC Server listener on 0] INFO  ipc.Server (Server.java:run(1376)) - Stopping IPC Server listener on 0
2022-09-28 09:54:52,726 [IPC Server Responder] INFO  ipc.Server (Server.java:run(1512)) - Stopping IPC Server Responder
2022-09-28 09:54:52,726 [Listener at 127.0.0.1/33915] INFO  server.RaftServer (RaftServerProxy.java:lambda$close$7(398)) - om1: close
2022-09-28 09:54:52,727 [Listener at 127.0.0.1/33915] INFO  server.RaftServer$Division (RaftServerImpl.java:lambda$close$4(434)) - om1@group-C5BA1605619E: shutdown
2022-09-28 09:54:52,727 [Listener at 127.0.0.1/33915] INFO  util.JmxRegister (JmxRegister.java:unregister(73)) - Successfully un-registered JMX Bean with object name Ratis:service=RaftServer,group=group-C5BA1605619E,id=om1
2022-09-28 09:54:52,727 [Listener at 127.0.0.1/33915] INFO  impl.RoleInfo (RoleInfo.java:shutdownLeaderState(93)) - om1: shutdown om1@group-C5BA1605619E-LeaderStateImpl
2022-09-28 09:54:52,727 [Listener at 127.0.0.1/33915] INFO  impl.PendingRequests (PendingRequests.java:sendNotLeaderResponses(282)) - om1@group-C5BA1605619E-PendingRequests: sendNotLeaderResponses
2022-09-28 09:54:52,731 [Listener at 127.0.0.1/33915] INFO  impl.StateMachineUpdater (StateMachineUpdater.java:stopAndJoin(153)) - om1@group-C5BA1605619E-StateMachineUpdater: set stopIndex = 36978
2022-09-28 09:54:52,731 [om1@group-C5BA1605619E-StateMachineUpdater] INFO  ratis.OzoneManagerStateMachine (OzoneManagerStateMachine.java:takeSnapshot(441)) - Current Snapshot Index (t:1, i:36978)
2022-09-28 09:54:52,732 [om1@group-C5BA1605619E-StateMachineUpdater] INFO  impl.StateMachineUpdater (StateMachineUpdater.java:takeSnapshot(287)) - om1@group-C5BA1605619E-StateMachineUpdater: Took a snapshot at index 36978
2022-09-28 09:54:52,733 [om1@group-C5BA1605619E-StateMachineUpdater] INFO  impl.StateMachineUpdater (StateMachineUpdater.java:lambda$new$0(92)) - om1@group-C5BA1605619E-StateMachineUpdater: snapshotIndex: updateIncreasingly -1 -> 36978
2022-09-28 09:54:52,733 [om1@group-C5BA1605619E-StateMachineUpdater] INFO  ratis.OzoneManagerStateMachine (OzoneManagerStateMachine.java:close(495)) - StateMachine has shutdown. Shutdown OzoneManager if not already shutdown.
2022-09-28 09:54:52,733 [om1@group-C5BA1605619E-StateMachineUpdater] INFO  ratis.OzoneManagerDoubleBuffer (OzoneManagerDoubleBuffer.java:stop(466)) - Stopping OMDoubleBuffer flush thread
2022-09-28 09:54:52,733 [OMDoubleBufferFlushThread] INFO  ratis.OzoneManagerDoubleBuffer (OzoneManagerDoubleBuffer.java:flushTransactions(385)) - OMDoubleBuffer flush thread OMDoubleBufferFlushThread is interrupted and will exit.
2022-09-28 09:54:52,734 [Listener at 127.0.0.1/33915] INFO  server.RaftServer$Division (ServerState.java:close(429)) - om1@group-C5BA1605619E: closes. applyIndex: 36978
2022-09-28 09:54:52,744 [om1@group-C5BA1605619E-SegmentedRaftLogWorker] INFO  segmented.SegmentedRaftLogWorker (SegmentedRaftLogWorker.java:run(336)) - om1@group-C5BA1605619E-SegmentedRaftLogWorker was interrupted, exiting. There are 0 tasks remaining in the queue.
2022-09-28 09:54:52,745 [Listener at 127.0.0.1/33915] INFO  segmented.SegmentedRaftLogWorker (SegmentedRaftLogWorker.java:close(246)) - om1@group-C5BA1605619E-SegmentedRaftLogWorker close()
2022-09-28 09:54:52,747 [Listener at 127.0.0.1/33915] INFO  server.GrpcService (GrpcService.java:closeImpl(269)) - om1: shutdown server with port 9872 now
2022-09-28 09:54:52,753 [Listener at 127.0.0.1/33915] INFO  server.GrpcService (GrpcService.java:closeImpl(278)) - om1: shutdown server with port 9872 successfully
2022-09-28 09:54:52,753 [org.apache.ratis.util.JvmPauseMonitor$$Lambda$634/511600595@12e56e82] INFO  util.JvmPauseMonitor (JvmPauseMonitor.java:run(109)) - JvmPauseMonitor-om1: Stopped
2022-09-28 09:54:52,753 [Listener at 127.0.0.1/33915] INFO  ratis.OzoneManagerStateMachine (OzoneManagerStateMachine.java:close(495)) - StateMachine has shutdown. Shutdown OzoneManager if not already shutdown.
2022-09-28 09:54:52,753 [Listener at 127.0.0.1/33915] INFO  ratis.OzoneManagerDoubleBuffer (OzoneManagerDoubleBuffer.java:stop(478)) - OMDoubleBuffer flush thread is not running.
2022-09-28 09:54:52,753 [Listener at 127.0.0.1/33915] INFO  utils.BackgroundService (BackgroundService.java:shutdown(141)) - Shutting down service KeyDeletingService
2022-09-28 09:54:52,753 [Listener at 127.0.0.1/33915] INFO  utils.BackgroundService (BackgroundService.java:shutdown(141)) - Shutting down service DirectoryDeletingService
2022-09-28 09:54:52,755 [Listener at 127.0.0.1/33915] INFO  utils.BackgroundService (BackgroundService.java:shutdown(141)) - Shutting down service OpenKeyCleanupService
2022-09-28 09:54:52,757 [Listener at 127.0.0.1/33915] INFO  handler.ContextHandler (ContextHandler.java:doStop(1153)) - Stopped o.e.j.w.WebAppContext@51bce17f{ozoneManager,/,null,STOPPED}{file:/home/runner/work/ozone/ozone/hadoop-ozone/integration-test/target/test-classes/webapps/ozoneManager}
2022-09-28 09:54:52,761 [Listener at 127.0.0.1/33915] INFO  server.AbstractConnector (AbstractConnector.java:doStop(381)) - Stopped ServerConnector@44bb068c{HTTP/1.1, (http/1.1)}{0.0.0.0:0}
2022-09-28 09:54:52,761 [Listener at 127.0.0.1/33915] INFO  server.session (HouseKeeper.java:stopScavenging(149)) - node0 Stopped scavenging
2022-09-28 09:54:52,761 [Listener at 127.0.0.1/33915] INFO  handler.ContextHandler (ContextHandler.java:doStop(1153)) - Stopped o.e.j.s.ServletContextHandler@1060e784{static,/static,file:///home/runner/work/ozone/ozone/hadoop-ozone/integration-test/target/test-classes/webapps/static,STOPPED}
2022-09-28 09:54:52,761 [Listener at 127.0.0.1/33915] INFO  handler.ContextHandler (ContextHandler.java:doStop(1153)) - Stopped o.e.j.s.ServletContextHandler@bd9f0d0{logs,/logs,file:///home/runner/work/ozone/ozone/hadoop-ozone/integration-test/target/log,STOPPED}
2022-09-28 09:54:52,762 [Trash Emptier] ERROR om.TrashPolicyOzone (TrashPolicyOzone.java:run(251)) - Error attempting to shutdown
java.lang.InterruptedException
	at java.util.concurrent.locks.AbstractQueuedSynchronizer$ConditionObject.awaitNanos(AbstractQueuedSynchronizer.java:2072)
	at java.util.concurrent.ThreadPoolExecutor.awaitTermination(ThreadPoolExecutor.java:1475)
	at org.apache.hadoop.ozone.om.TrashPolicyOzone$Emptier.run(TrashPolicyOzone.java:249)
	at java.lang.Thread.run(Thread.java:750)
2022-09-28 09:54:52,762 [Trash Emptier] ERROR util.ExitUtils (ExitUtils.java:terminate(133)) - Terminating with exit status -1: Thread[Trash Emptier,5,main] has thrown an uncaught exception
java.lang.UnsupportedOperationException: fs.getUri() not implemented in TrashOzoneFileSystem
	at org.apache.hadoop.ozone.om.TrashOzoneFileSystem.getUri(TrashOzoneFileSystem.java:126)
	at org.apache.hadoop.fs.FileSystem.close(FileSystem.java:2592)
	at org.apache.hadoop.ozone.om.TrashPolicyOzone$Emptier.run(TrashPolicyOzone.java:243)
	at java.lang.Thread.run(Thread.java:750)
2022-09-28 09:54:52,764 [Listener at 127.0.0.1/33915] INFO  ozone.MiniOzoneClusterImpl (MiniOzoneClusterImpl.java:stopDatanodes(522)) - Stopping the HddsDatanodes
2022-09-28 09:54:57,766 [Listener at 127.0.0.1/33915] INFO  ozoneimpl.OzoneContainer (OzoneContainer.java:stop(400)) - Attempting to stop container services.
2022-09-28 09:54:57,769 [ForkJoinPool.commonPool-worker-1] INFO  ozoneimpl.OzoneContainer (OzoneContainer.java:stop(400)) - Attempting to stop container services.
2022-09-28 09:54:57,771 [ForkJoinPool.commonPool-worker-1] INFO  server.RaftServer (RaftServerProxy.java:lambda$close$7(398)) - 20e90031-3f6f-4112-85ad-1ad3a95fac96: close
2022-09-28 09:54:57,771 [ForkJoinPool.commonPool-worker-1] INFO  server.RaftServer$Division (RaftServerImpl.java:lambda$close$4(434)) - 20e90031-3f6f-4112-85ad-1ad3a95fac96@group-490C1478A7E4: shutdown
2022-09-28 09:54:57,771 [ForkJoinPool.commonPool-worker-1] INFO  util.JmxRegister (JmxRegister.java:unregister(73)) - Successfully un-registered JMX Bean with object name Ratis:service=RaftServer,group=group-490C1478A7E4,id=20e90031-3f6f-4112-85ad-1ad3a95fac96
2022-09-28 09:54:57,771 [ForkJoinPool.commonPool-worker-1] INFO  impl.RoleInfo (RoleInfo.java:shutdownLeaderState(93)) - 20e90031-3f6f-4112-85ad-1ad3a95fac96: shutdown 20e90031-3f6f-4112-85ad-1ad3a95fac96@group-490C1478A7E4-LeaderStateImpl
2022-09-28 09:54:57,777 [Listener at 127.0.0.1/33915] INFO  server.RaftServer (RaftServerProxy.java:lambda$close$7(398)) - 6e0ecbc9-7476-4900-ba73-72d2d77f3b59: close
2022-09-28 09:54:57,777 [Listener at 127.0.0.1/33915] INFO  server.RaftServer$Division (RaftServerImpl.java:lambda$close$4(434)) - 6e0ecbc9-7476-4900-ba73-72d2d77f3b59@group-A95AC1717CE8: shutdown
2022-09-28 09:54:57,777 [Listener at 127.0.0.1/33915] INFO  util.JmxRegister (JmxRegister.java:unregister(73)) - Successfully un-registered JMX Bean with object name Ratis:service=RaftServer,group=group-A95AC1717CE8,id=6e0ecbc9-7476-4900-ba73-72d2d77f3b59
2022-09-28 09:54:57,777 [Listener at 127.0.0.1/33915] INFO  impl.RoleInfo (RoleInfo.java:shutdownLeaderState(93)) - 6e0ecbc9-7476-4900-ba73-72d2d77f3b59: shutdown 6e0ecbc9-7476-4900-ba73-72d2d77f3b59@group-A95AC1717CE8-LeaderStateImpl
2022-09-28 09:54:57,777 [Listener at 127.0.0.1/33915] INFO  impl.PendingRequests (PendingRequests.java:sendNotLeaderResponses(282)) - 6e0ecbc9-7476-4900-ba73-72d2d77f3b59@group-A95AC1717CE8-PendingRequests: sendNotLeaderResponses
2022-09-28 09:54:57,778 [6e0ecbc9-7476-4900-ba73-72d2d77f3b59@group-A95AC1717CE8-StateMachineUpdater] INFO  ratis.ContainerStateMachine (ContainerStateMachine.java:takeSnapshot(304)) - group-A95AC1717CE8: Taking a snapshot at:(t:1, i:0) file /home/runner/work/ozone/ozone/hadoop-ozone/integration-test/target/test-dir/MiniOzoneClusterImpl-f38c25ab-2440-4177-af3f-c722ecf984ff/datanode-2/data/ratis/bdfb9477-d10a-4614-a453-a95ac1717ce8/sm/snapshot.1_0
2022-09-28 09:54:57,784 [Listener at 127.0.0.1/33915] INFO  impl.StateMachineUpdater (StateMachineUpdater.java:stopAndJoin(153)) - 6e0ecbc9-7476-4900-ba73-72d2d77f3b59@group-A95AC1717CE8-StateMachineUpdater: set stopIndex = 0
2022-09-28 09:54:57,771 [ForkJoinPool.commonPool-worker-1] INFO  impl.PendingRequests (PendingRequests.java:sendNotLeaderResponses(282)) - 20e90031-3f6f-4112-85ad-1ad3a95fac96@group-490C1478A7E4-PendingRequests: sendNotLeaderResponses
2022-09-28 09:54:57,786 [ForkJoinPool.commonPool-worker-1] INFO  impl.StateMachineUpdater (StateMachineUpdater.java:stopAndJoin(153)) - 20e90031-3f6f-4112-85ad-1ad3a95fac96@group-490C1478A7E4-StateMachineUpdater: set stopIndex = 0
2022-09-28 09:54:57,786 [20e90031-3f6f-4112-85ad-1ad3a95fac96@group-490C1478A7E4-StateMachineUpdater] INFO  ratis.ContainerStateMachine (ContainerStateMachine.java:takeSnapshot(304)) - group-490C1478A7E4: Taking a snapshot at:(t:1, i:0) file /home/runner/work/ozone/ozone/hadoop-ozone/integration-test/target/test-dir/MiniOzoneClusterImpl-f38c25ab-2440-4177-af3f-c722ecf984ff/datanode-1/data/ratis/d1ca17cf-c972-4026-9d91-490c1478a7e4/sm/snapshot.1_0
2022-09-28 09:54:57,811 [6e0ecbc9-7476-4900-ba73-72d2d77f3b59@group-A95AC1717CE8-StateMachineUpdater] INFO  ratis.ContainerStateMachine (ContainerStateMachine.java:takeSnapshot(315)) - group-A95AC1717CE8: Finished taking a snapshot at:(t:1, i:0) file:/home/runner/work/ozone/ozone/hadoop-ozone/integration-test/target/test-dir/MiniOzoneClusterImpl-f38c25ab-2440-4177-af3f-c722ecf984ff/datanode-2/data/ratis/bdfb9477-d10a-4614-a453-a95ac1717ce8/sm/snapshot.1_0 took: 33 ms
2022-09-28 09:54:57,812 [20e90031-3f6f-4112-85ad-1ad3a95fac96@group-490C1478A7E4-StateMachineUpdater] INFO  ratis.ContainerStateMachine (ContainerStateMachine.java:takeSnapshot(315)) - group-490C1478A7E4: Finished taking a snapshot at:(t:1, i:0) file:/home/runner/work/ozone/ozone/hadoop-ozone/integration-test/target/test-dir/MiniOzoneClusterImpl-f38c25ab-2440-4177-af3f-c722ecf984ff/datanode-1/data/ratis/d1ca17cf-c972-4026-9d91-490c1478a7e4/sm/snapshot.1_0 took: 25 ms
2022-09-28 09:54:57,813 [20e90031-3f6f-4112-85ad-1ad3a95fac96@group-490C1478A7E4-StateMachineUpdater] INFO  impl.StateMachineUpdater (StateMachineUpdater.java:takeSnapshot(287)) - 20e90031-3f6f-4112-85ad-1ad3a95fac96@group-490C1478A7E4-StateMachineUpdater: Took a snapshot at index 0
2022-09-28 09:54:57,813 [20e90031-3f6f-4112-85ad-1ad3a95fac96@group-490C1478A7E4-StateMachineUpdater] INFO  impl.StateMachineUpdater (StateMachineUpdater.java:lambda$new$0(92)) - 20e90031-3f6f-4112-85ad-1ad3a95fac96@group-490C1478A7E4-StateMachineUpdater: snapshotIndex: updateIncreasingly -1 -> 0
2022-09-28 09:54:57,821 [6e0ecbc9-7476-4900-ba73-72d2d77f3b59@group-A95AC1717CE8-StateMachineUpdater] INFO  impl.StateMachineUpdater (StateMachineUpdater.java:takeSnapshot(287)) - 6e0ecbc9-7476-4900-ba73-72d2d77f3b59@group-A95AC1717CE8-StateMachineUpdater: Took a snapshot at index 0
2022-09-28 09:54:57,821 [6e0ecbc9-7476-4900-ba73-72d2d77f3b59@group-A95AC1717CE8-StateMachineUpdater] INFO  impl.StateMachineUpdater (StateMachineUpdater.java:lambda$new$0(92)) - 6e0ecbc9-7476-4900-ba73-72d2d77f3b59@group-A95AC1717CE8-StateMachineUpdater: snapshotIndex: updateIncreasingly -1 -> 0
2022-09-28 09:54:57,823 [Listener at 127.0.0.1/33915] INFO  server.RaftServer$Division (ServerState.java:close(429)) - 6e0ecbc9-7476-4900-ba73-72d2d77f3b59@group-A95AC1717CE8: closes. applyIndex: 0
2022-09-28 09:54:57,823 [6e0ecbc9-7476-4900-ba73-72d2d77f3b59@group-A95AC1717CE8-SegmentedRaftLogWorker] INFO  segmented.SegmentedRaftLogWorker (SegmentedRaftLogWorker.java:run(336)) - 6e0ecbc9-7476-4900-ba73-72d2d77f3b59@group-A95AC1717CE8-SegmentedRaftLogWorker was interrupted, exiting. There are 0 tasks remaining in the queue.
2022-09-28 09:54:57,824 [ForkJoinPool.commonPool-worker-1] INFO  server.RaftServer$Division (ServerState.java:close(429)) - 20e90031-3f6f-4112-85ad-1ad3a95fac96@group-490C1478A7E4: closes. applyIndex: 0
2022-09-28 09:54:57,824 [20e90031-3f6f-4112-85ad-1ad3a95fac96@group-490C1478A7E4-SegmentedRaftLogWorker] INFO  segmented.SegmentedRaftLogWorker (SegmentedRaftLogWorker.java:run(336)) - 20e90031-3f6f-4112-85ad-1ad3a95fac96@group-490C1478A7E4-SegmentedRaftLogWorker was interrupted, exiting. There are 0 tasks remaining in the queue.
2022-09-28 09:54:57,824 [Listener at 127.0.0.1/33915] INFO  segmented.SegmentedRaftLogWorker (SegmentedRaftLogWorker.java:close(246)) - 6e0ecbc9-7476-4900-ba73-72d2d77f3b59@group-A95AC1717CE8-SegmentedRaftLogWorker close()
2022-09-28 09:54:57,825 [ForkJoinPool.commonPool-worker-1] INFO  segmented.SegmentedRaftLogWorker (SegmentedRaftLogWorker.java:close(246)) - 20e90031-3f6f-4112-85ad-1ad3a95fac96@group-490C1478A7E4-SegmentedRaftLogWorker close()
2022-09-28 09:54:57,825 [Listener at 127.0.0.1/33915] INFO  server.RaftServer$Division (RaftServerImpl.java:lambda$close$4(434)) - 6e0ecbc9-7476-4900-ba73-72d2d77f3b59@group-0B7C6D995091: shutdown
2022-09-28 09:54:57,825 [Listener at 127.0.0.1/33915] INFO  util.JmxRegister (JmxRegister.java:unregister(73)) - Successfully un-registered JMX Bean with object name Ratis:service=RaftServer,group=group-0B7C6D995091,id=6e0ecbc9-7476-4900-ba73-72d2d77f3b59
2022-09-28 09:54:57,826 [Listener at 127.0.0.1/33915] INFO  impl.RoleInfo (RoleInfo.java:shutdownFollowerState(110)) - 6e0ecbc9-7476-4900-ba73-72d2d77f3b59: shutdown 6e0ecbc9-7476-4900-ba73-72d2d77f3b59@group-0B7C6D995091-FollowerState
2022-09-28 09:54:57,826 [Listener at 127.0.0.1/33915] INFO  impl.StateMachineUpdater (StateMachineUpdater.java:stopAndJoin(153)) - 6e0ecbc9-7476-4900-ba73-72d2d77f3b59@group-0B7C6D995091-StateMachineUpdater: set stopIndex = 25
2022-09-28 09:54:57,826 [ForkJoinPool.commonPool-worker-1] INFO  server.RaftServer$Division (RaftServerImpl.java:lambda$close$4(434)) - 20e90031-3f6f-4112-85ad-1ad3a95fac96@group-0B7C6D995091: shutdown
2022-09-28 09:54:57,826 [ForkJoinPool.commonPool-worker-1] INFO  util.JmxRegister (JmxRegister.java:unregister(73)) - Successfully un-registered JMX Bean with object name Ratis:service=RaftServer,group=group-0B7C6D995091,id=20e90031-3f6f-4112-85ad-1ad3a95fac96
2022-09-28 09:54:57,826 [ForkJoinPool.commonPool-worker-1] INFO  impl.RoleInfo (RoleInfo.java:shutdownLeaderState(93)) - 20e90031-3f6f-4112-85ad-1ad3a95fac96: shutdown 20e90031-3f6f-4112-85ad-1ad3a95fac96@group-0B7C6D995091-LeaderStateImpl
2022-09-28 09:54:57,826 [ForkJoinPool.commonPool-worker-1] INFO  impl.PendingRequests (PendingRequests.java:sendNotLeaderResponses(282)) - 20e90031-3f6f-4112-85ad-1ad3a95fac96@group-0B7C6D995091-PendingRequests: sendNotLeaderResponses
2022-09-28 09:54:57,826 [6e0ecbc9-7476-4900-ba73-72d2d77f3b59@group-0B7C6D995091-FollowerState] INFO  impl.FollowerState (FollowerState.java:run(152)) - 6e0ecbc9-7476-4900-ba73-72d2d77f3b59@group-0B7C6D995091-FollowerState was interrupted
2022-09-28 09:54:57,826 [6e0ecbc9-7476-4900-ba73-72d2d77f3b59@group-0B7C6D995091-StateMachineUpdater] INFO  ratis.ContainerStateMachine (ContainerStateMachine.java:takeSnapshot(304)) - group-0B7C6D995091: Taking a snapshot at:(t:1, i:25) file /home/runner/work/ozone/ozone/hadoop-ozone/integration-test/target/test-dir/MiniOzoneClusterImpl-f38c25ab-2440-4177-af3f-c722ecf984ff/datanode-2/data/ratis/69b52b5b-6904-4880-9098-0b7c6d995091/sm/snapshot.1_25
2022-09-28 09:54:57,828 [20e90031-3f6f-4112-85ad-1ad3a95fac96@group-0B7C6D995091->2d845149-fded-4749-8bc2-118586f6e1d8-GrpcLogAppender-LogAppenderDaemon] WARN  server.GrpcLogAppender (GrpcLogAppender.java:mayWait(171)) - 20e90031-3f6f-4112-85ad-1ad3a95fac96@group-0B7C6D995091->2d845149-fded-4749-8bc2-118586f6e1d8-GrpcLogAppender: Wait interrupted by java.lang.InterruptedException
2022-09-28 09:54:57,830 [grpc-default-executor-2] INFO  server.GrpcServerProtocolService (GrpcServerProtocolService.java:onCompleted(140)) - 2d845149-fded-4749-8bc2-118586f6e1d8: Completed APPEND_ENTRIES, lastRequest: 20e90031-3f6f-4112-85ad-1ad3a95fac96->2d845149-fded-4749-8bc2-118586f6e1d8#382-t1,previous=(t:1, i:24),leaderCommit=23,initializing? true,entries: size=1, first=(t:1, i:25), METADATAENTRY(c:23)
2022-09-28 09:54:57,834 [6e0ecbc9-7476-4900-ba73-72d2d77f3b59@group-0B7C6D995091-StateMachineUpdater] INFO  ratis.ContainerStateMachine (ContainerStateMachine.java:takeSnapshot(315)) - group-0B7C6D995091: Finished taking a snapshot at:(t:1, i:25) file:/home/runner/work/ozone/ozone/hadoop-ozone/integration-test/target/test-dir/MiniOzoneClusterImpl-f38c25ab-2440-4177-af3f-c722ecf984ff/datanode-2/data/ratis/69b52b5b-6904-4880-9098-0b7c6d995091/sm/snapshot.1_25 took: 8 ms
2022-09-28 09:54:57,834 [6e0ecbc9-7476-4900-ba73-72d2d77f3b59@group-0B7C6D995091-StateMachineUpdater] INFO  impl.StateMachineUpdater (StateMachineUpdater.java:takeSnapshot(287)) - 6e0ecbc9-7476-4900-ba73-72d2d77f3b59@group-0B7C6D995091-StateMachineUpdater: Took a snapshot at index 25
2022-09-28 09:54:57,835 [6e0ecbc9-7476-4900-ba73-72d2d77f3b59@group-0B7C6D995091-StateMachineUpdater] INFO  impl.StateMachineUpdater (StateMachineUpdater.java:lambda$new$0(92)) - 6e0ecbc9-7476-4900-ba73-72d2d77f3b59@group-0B7C6D995091-StateMachineUpdater: snapshotIndex: updateIncreasingly -1 -> 25
2022-09-28 09:54:57,829 [20e90031-3f6f-4112-85ad-1ad3a95fac96@group-0B7C6D995091->6e0ecbc9-7476-4900-ba73-72d2d77f3b59-GrpcLogAppender-LogAppenderDaemon] WARN  server.GrpcLogAppender (GrpcLogAppender.java:mayWait(171)) - 20e90031-3f6f-4112-85ad-1ad3a95fac96@group-0B7C6D995091->6e0ecbc9-7476-4900-ba73-72d2d77f3b59-GrpcLogAppender: Wait interrupted by java.lang.InterruptedException
2022-09-28 09:54:57,836 [grpc-default-executor-2] INFO  server.GrpcServerProtocolService (GrpcServerProtocolService.java:onCompleted(140)) - 6e0ecbc9-7476-4900-ba73-72d2d77f3b59: Completed APPEND_ENTRIES, lastRequest: 20e90031-3f6f-4112-85ad-1ad3a95fac96->6e0ecbc9-7476-4900-ba73-72d2d77f3b59#379-t1,previous=(t:1, i:24),leaderCommit=23,initializing? true,entries: size=1, first=(t:1, i:25), METADATAENTRY(c:23)
2022-09-28 09:54:57,831 [grpc-default-executor-0] INFO  server.GrpcLogAppender (GrpcLogAppender.java:onCompleted(339)) - 20e90031-3f6f-4112-85ad-1ad3a95fac96@group-0B7C6D995091->2d845149-fded-4749-8bc2-118586f6e1d8-AppendLogResponseHandler: follower responses appendEntries COMPLETED
2022-09-28 09:54:57,837 [grpc-default-executor-3] INFO  server.GrpcLogAppender (GrpcLogAppender.java:onCompleted(339)) - 20e90031-3f6f-4112-85ad-1ad3a95fac96@group-0B7C6D995091->6e0ecbc9-7476-4900-ba73-72d2d77f3b59-AppendLogResponseHandler: follower responses appendEntries COMPLETED
2022-09-28 09:54:57,839 [grpc-default-executor-3] INFO  leader.FollowerInfo (FollowerInfoImpl.java:lambda$new$0(48)) - 20e90031-3f6f-4112-85ad-1ad3a95fac96@group-0B7C6D995091->6e0ecbc9-7476-4900-ba73-72d2d77f3b59: nextIndex: updateUnconditionally 26 -> 25
2022-09-28 09:54:57,839 [grpc-default-executor-0] INFO  leader.FollowerInfo (FollowerInfoImpl.java:lambda$new$0(48)) - 20e90031-3f6f-4112-85ad-1ad3a95fac96@group-0B7C6D995091->2d845149-fded-4749-8bc2-118586f6e1d8: nextIndex: updateUnconditionally 26 -> 25
2022-09-28 09:54:57,839 [Listener at 127.0.0.1/33915] INFO  server.RaftServer$Division (ServerState.java:close(429)) - 6e0ecbc9-7476-4900-ba73-72d2d77f3b59@group-0B7C6D995091: closes. applyIndex: 25
2022-09-28 09:54:57,840 [6e0ecbc9-7476-4900-ba73-72d2d77f3b59@group-0B7C6D995091-SegmentedRaftLogWorker] INFO  segmented.SegmentedRaftLogWorker (SegmentedRaftLogWorker.java:run(336)) - 6e0ecbc9-7476-4900-ba73-72d2d77f3b59@group-0B7C6D995091-SegmentedRaftLogWorker was interrupted, exiting. There are 0 tasks remaining in the queue.
2022-09-28 09:54:57,840 [Listener at 127.0.0.1/33915] INFO  segmented.SegmentedRaftLogWorker (SegmentedRaftLogWorker.java:close(246)) - 6e0ecbc9-7476-4900-ba73-72d2d77f3b59@group-0B7C6D995091-SegmentedRaftLogWorker close()
2022-09-28 09:54:57,842 [ForkJoinPool.commonPool-worker-1] INFO  impl.StateMachineUpdater (StateMachineUpdater.java:stopAndJoin(153)) - 20e90031-3f6f-4112-85ad-1ad3a95fac96@group-0B7C6D995091-StateMachineUpdater: set stopIndex = 25
2022-09-28 09:54:57,843 [20e90031-3f6f-4112-85ad-1ad3a95fac96@group-0B7C6D995091-StateMachineUpdater] INFO  ratis.ContainerStateMachine (ContainerStateMachine.java:takeSnapshot(304)) - group-0B7C6D995091: Taking a snapshot at:(t:1, i:25) file /home/runner/work/ozone/ozone/hadoop-ozone/integration-test/target/test-dir/MiniOzoneClusterImpl-f38c25ab-2440-4177-af3f-c722ecf984ff/datanode-1/data/ratis/69b52b5b-6904-4880-9098-0b7c6d995091/sm/snapshot.1_25
2022-09-28 09:54:57,845 [20e90031-3f6f-4112-85ad-1ad3a95fac96@group-0B7C6D995091-StateMachineUpdater] INFO  ratis.ContainerStateMachine (ContainerStateMachine.java:takeSnapshot(315)) - group-0B7C6D995091: Finished taking a snapshot at:(t:1, i:25) file:/home/runner/work/ozone/ozone/hadoop-ozone/integration-test/target/test-dir/MiniOzoneClusterImpl-f38c25ab-2440-4177-af3f-c722ecf984ff/datanode-1/data/ratis/69b52b5b-6904-4880-9098-0b7c6d995091/sm/snapshot.1_25 took: 2 ms
2022-09-28 09:54:57,845 [20e90031-3f6f-4112-85ad-1ad3a95fac96@group-0B7C6D995091-StateMachineUpdater] INFO  impl.StateMachineUpdater (StateMachineUpdater.java:takeSnapshot(287)) - 20e90031-3f6f-4112-85ad-1ad3a95fac96@group-0B7C6D995091-StateMachineUpdater: Took a snapshot at index 25
2022-09-28 09:54:57,845 [20e90031-3f6f-4112-85ad-1ad3a95fac96@group-0B7C6D995091-StateMachineUpdater] INFO  impl.StateMachineUpdater (StateMachineUpdater.java:lambda$new$0(92)) - 20e90031-3f6f-4112-85ad-1ad3a95fac96@group-0B7C6D995091-StateMachineUpdater: snapshotIndex: updateIncreasingly -1 -> 25
2022-09-28 09:54:57,845 [ForkJoinPool.commonPool-worker-1] INFO  server.RaftServer$Division (ServerState.java:close(429)) - 20e90031-3f6f-4112-85ad-1ad3a95fac96@group-0B7C6D995091: closes. applyIndex: 25
2022-09-28 09:54:57,845 [20e90031-3f6f-4112-85ad-1ad3a95fac96@group-0B7C6D995091-SegmentedRaftLogWorker] INFO  segmented.SegmentedRaftLogWorker (SegmentedRaftLogWorker.java:run(336)) - 20e90031-3f6f-4112-85ad-1ad3a95fac96@group-0B7C6D995091-SegmentedRaftLogWorker was interrupted, exiting. There are 0 tasks remaining in the queue.
2022-09-28 09:54:57,846 [ForkJoinPool.commonPool-worker-1] INFO  segmented.SegmentedRaftLogWorker (SegmentedRaftLogWorker.java:close(246)) - 20e90031-3f6f-4112-85ad-1ad3a95fac96@group-0B7C6D995091-SegmentedRaftLogWorker close()
2022-09-28 09:54:57,850 [Listener at 127.0.0.1/33915] INFO  server.RaftServer$Division (RaftServerImpl.java:lambda$close$4(434)) - 6e0ecbc9-7476-4900-ba73-72d2d77f3b59@group-384A3FD51C4E: shutdown
2022-09-28 09:54:57,850 [Listener at 127.0.0.1/33915] INFO  util.JmxRegister (JmxRegister.java:unregister(73)) - Successfully un-registered JMX Bean with object name Ratis:service=RaftServer,group=group-384A3FD51C4E,id=6e0ecbc9-7476-4900-ba73-72d2d77f3b59
2022-09-28 09:54:57,850 [Listener at 127.0.0.1/33915] INFO  impl.RoleInfo (RoleInfo.java:shutdownFollowerState(110)) - 6e0ecbc9-7476-4900-ba73-72d2d77f3b59: shutdown 6e0ecbc9-7476-4900-ba73-72d2d77f3b59@group-384A3FD51C4E-FollowerState
2022-09-28 09:54:57,850 [Listener at 127.0.0.1/33915] INFO  impl.StateMachineUpdater (StateMachineUpdater.java:stopAndJoin(153)) - 6e0ecbc9-7476-4900-ba73-72d2d77f3b59@group-384A3FD51C4E-StateMachineUpdater: set stopIndex = 3
2022-09-28 09:54:57,850 [6e0ecbc9-7476-4900-ba73-72d2d77f3b59@group-384A3FD51C4E-FollowerState] INFO  impl.FollowerState (FollowerState.java:run(152)) - 6e0ecbc9-7476-4900-ba73-72d2d77f3b59@group-384A3FD51C4E-FollowerState was interrupted
2022-09-28 09:54:57,851 [6e0ecbc9-7476-4900-ba73-72d2d77f3b59@group-384A3FD51C4E-StateMachineUpdater] INFO  ratis.ContainerStateMachine (ContainerStateMachine.java:takeSnapshot(304)) - group-384A3FD51C4E: Taking a snapshot at:(t:1, i:3) file /home/runner/work/ozone/ozone/hadoop-ozone/integration-test/target/test-dir/MiniOzoneClusterImpl-f38c25ab-2440-4177-af3f-c722ecf984ff/datanode-2/data/ratis/0c0931c2-984d-4ae0-8849-384a3fd51c4e/sm/snapshot.1_3
2022-09-28 09:54:57,851 [ForkJoinPool.commonPool-worker-1] INFO  server.RaftServer$Division (RaftServerImpl.java:lambda$close$4(434)) - 20e90031-3f6f-4112-85ad-1ad3a95fac96@group-384A3FD51C4E: shutdown
2022-09-28 09:54:57,851 [6e0ecbc9-7476-4900-ba73-72d2d77f3b59@group-384A3FD51C4E-StateMachineUpdater] INFO  ratis.ContainerStateMachine (ContainerStateMachine.java:takeSnapshot(315)) - group-384A3FD51C4E: Finished taking a snapshot at:(t:1, i:3) file:/home/runner/work/ozone/ozone/hadoop-ozone/integration-test/target/test-dir/MiniOzoneClusterImpl-f38c25ab-2440-4177-af3f-c722ecf984ff/datanode-2/data/ratis/0c0931c2-984d-4ae0-8849-384a3fd51c4e/sm/snapshot.1_3 took: 1 ms
2022-09-28 09:54:57,851 [6e0ecbc9-7476-4900-ba73-72d2d77f3b59@group-384A3FD51C4E-StateMachineUpdater] INFO  impl.StateMachineUpdater (StateMachineUpdater.java:takeSnapshot(287)) - 6e0ecbc9-7476-4900-ba73-72d2d77f3b59@group-384A3FD51C4E-StateMachineUpdater: Took a snapshot at index 3
2022-09-28 09:54:57,851 [6e0ecbc9-7476-4900-ba73-72d2d77f3b59@group-384A3FD51C4E-StateMachineUpdater] INFO  impl.StateMachineUpdater (StateMachineUpdater.java:lambda$new$0(92)) - 6e0ecbc9-7476-4900-ba73-72d2d77f3b59@group-384A3FD51C4E-StateMachineUpdater: snapshotIndex: updateIncreasingly -1 -> 3
2022-09-28 09:54:57,852 [ForkJoinPool.commonPool-worker-1] INFO  util.JmxRegister (JmxRegister.java:unregister(73)) - Successfully un-registered JMX Bean with object name Ratis:service=RaftServer,group=group-384A3FD51C4E,id=20e90031-3f6f-4112-85ad-1ad3a95fac96
2022-09-28 09:54:57,852 [ForkJoinPool.commonPool-worker-1] INFO  impl.RoleInfo (RoleInfo.java:shutdownFollowerState(110)) - 20e90031-3f6f-4112-85ad-1ad3a95fac96: shutdown 20e90031-3f6f-4112-85ad-1ad3a95fac96@group-384A3FD51C4E-FollowerState
2022-09-28 09:54:57,852 [ForkJoinPool.commonPool-worker-1] INFO  impl.StateMachineUpdater (StateMachineUpdater.java:stopAndJoin(153)) - 20e90031-3f6f-4112-85ad-1ad3a95fac96@group-384A3FD51C4E-StateMachineUpdater: set stopIndex = 3
2022-09-28 09:54:57,852 [20e90031-3f6f-4112-85ad-1ad3a95fac96@group-384A3FD51C4E-FollowerState] INFO  impl.FollowerState (FollowerState.java:run(152)) - 20e90031-3f6f-4112-85ad-1ad3a95fac96@group-384A3FD51C4E-FollowerState was interrupted
2022-09-28 09:54:57,852 [20e90031-3f6f-4112-85ad-1ad3a95fac96@group-384A3FD51C4E-StateMachineUpdater] INFO  ratis.ContainerStateMachine (ContainerStateMachine.java:takeSnapshot(304)) - group-384A3FD51C4E: Taking a snapshot at:(t:1, i:3) file /home/runner/work/ozone/ozone/hadoop-ozone/integration-test/target/test-dir/MiniOzoneClusterImpl-f38c25ab-2440-4177-af3f-c722ecf984ff/datanode-1/data/ratis/0c0931c2-984d-4ae0-8849-384a3fd51c4e/sm/snapshot.1_3
2022-09-28 09:54:57,852 [Listener at 127.0.0.1/33915] INFO  server.RaftServer$Division (ServerState.java:close(429)) - 6e0ecbc9-7476-4900-ba73-72d2d77f3b59@group-384A3FD51C4E: closes. applyIndex: 3
2022-09-28 09:54:57,853 [6e0ecbc9-7476-4900-ba73-72d2d77f3b59@group-384A3FD51C4E-SegmentedRaftLogWorker] INFO  segmented.SegmentedRaftLogWorker (SegmentedRaftLogWorker.java:run(336)) - 6e0ecbc9-7476-4900-ba73-72d2d77f3b59@group-384A3FD51C4E-SegmentedRaftLogWorker was interrupted, exiting. There are 0 tasks remaining in the queue.
2022-09-28 09:54:57,853 [Listener at 127.0.0.1/33915] INFO  segmented.SegmentedRaftLogWorker (SegmentedRaftLogWorker.java:close(246)) - 6e0ecbc9-7476-4900-ba73-72d2d77f3b59@group-384A3FD51C4E-SegmentedRaftLogWorker close()
2022-09-28 09:54:57,853 [20e90031-3f6f-4112-85ad-1ad3a95fac96@group-384A3FD51C4E-StateMachineUpdater] INFO  ratis.ContainerStateMachine (ContainerStateMachine.java:takeSnapshot(315)) - group-384A3FD51C4E: Finished taking a snapshot at:(t:1, i:3) file:/home/runner/work/ozone/ozone/hadoop-ozone/integration-test/target/test-dir/MiniOzoneClusterImpl-f38c25ab-2440-4177-af3f-c722ecf984ff/datanode-1/data/ratis/0c0931c2-984d-4ae0-8849-384a3fd51c4e/sm/snapshot.1_3 took: 1 ms
2022-09-28 09:54:57,853 [20e90031-3f6f-4112-85ad-1ad3a95fac96@group-384A3FD51C4E-StateMachineUpdater] INFO  impl.StateMachineUpdater (StateMachineUpdater.java:takeSnapshot(287)) - 20e90031-3f6f-4112-85ad-1ad3a95fac96@group-384A3FD51C4E-StateMachineUpdater: Took a snapshot at index 3
2022-09-28 09:54:57,853 [20e90031-3f6f-4112-85ad-1ad3a95fac96@group-384A3FD51C4E-StateMachineUpdater] INFO  impl.StateMachineUpdater (StateMachineUpdater.java:lambda$new$0(92)) - 20e90031-3f6f-4112-85ad-1ad3a95fac96@group-384A3FD51C4E-StateMachineUpdater: snapshotIndex: updateIncreasingly -1 -> 3
2022-09-28 09:54:57,854 [ForkJoinPool.commonPool-worker-1] INFO  server.RaftServer$Division (ServerState.java:close(429)) - 20e90031-3f6f-4112-85ad-1ad3a95fac96@group-384A3FD51C4E: closes. applyIndex: 3
2022-09-28 09:54:57,854 [20e90031-3f6f-4112-85ad-1ad3a95fac96@group-384A3FD51C4E-SegmentedRaftLogWorker] INFO  segmented.SegmentedRaftLogWorker (SegmentedRaftLogWorker.java:run(336)) - 20e90031-3f6f-4112-85ad-1ad3a95fac96@group-384A3FD51C4E-SegmentedRaftLogWorker was interrupted, exiting. There are 0 tasks remaining in the queue.
2022-09-28 09:54:57,855 [ForkJoinPool.commonPool-worker-1] INFO  segmented.SegmentedRaftLogWorker (SegmentedRaftLogWorker.java:close(246)) - 20e90031-3f6f-4112-85ad-1ad3a95fac96@group-384A3FD51C4E-SegmentedRaftLogWorker close()
2022-09-28 09:54:57,856 [Listener at 127.0.0.1/33915] INFO  server.GrpcService (GrpcService.java:closeImpl(269)) - 6e0ecbc9-7476-4900-ba73-72d2d77f3b59: shutdown server with port 33835 now
2022-09-28 09:54:57,861 [ForkJoinPool.commonPool-worker-1] INFO  server.GrpcService (GrpcService.java:closeImpl(269)) - 20e90031-3f6f-4112-85ad-1ad3a95fac96: shutdown server with port 38353 now
2022-09-28 09:54:57,867 [grpc-default-executor-0] WARN  server.GrpcServerProtocolService (LogUtils.java:warn(122)) - 6e0ecbc9-7476-4900-ba73-72d2d77f3b59: installSnapshot onError, lastRequest: 2d845149-fded-4749-8bc2-118586f6e1d8->6e0ecbc9-7476-4900-ba73-72d2d77f3b59#6-t1,previous=(t:1, i:2),leaderCommit=2,initializing? true,entries: size=1, first=(t:1, i:3), METADATAENTRY(c:2): org.apache.ratis.thirdparty.io.grpc.StatusRuntimeException: CANCELLED: client cancelled
2022-09-28 09:54:57,869 [grpc-default-executor-3] WARN  server.GrpcServerProtocolService (LogUtils.java:warn(122)) - 20e90031-3f6f-4112-85ad-1ad3a95fac96: installSnapshot onError, lastRequest: 2d845149-fded-4749-8bc2-118586f6e1d8->20e90031-3f6f-4112-85ad-1ad3a95fac96#5-t1,previous=(t:1, i:2),leaderCommit=2,initializing? true,entries: size=1, first=(t:1, i:3), METADATAENTRY(c:2): org.apache.ratis.thirdparty.io.grpc.StatusRuntimeException: CANCELLED: client cancelled
2022-09-28 09:54:57,874 [ForkJoinPool.commonPool-worker-1] INFO  server.GrpcService (GrpcService.java:closeImpl(278)) - 20e90031-3f6f-4112-85ad-1ad3a95fac96: shutdown server with port 38353 successfully
2022-09-28 09:54:57,874 [org.apache.ratis.util.JvmPauseMonitor$$Lambda$634/511600595@6220b2e5] INFO  util.JvmPauseMonitor (JvmPauseMonitor.java:run(109)) - JvmPauseMonitor-20e90031-3f6f-4112-85ad-1ad3a95fac96: Stopped
2022-09-28 09:54:57,878 [Listener at 127.0.0.1/33915] INFO  server.GrpcService (GrpcService.java:closeImpl(278)) - 6e0ecbc9-7476-4900-ba73-72d2d77f3b59: shutdown server with port 33835 successfully
2022-09-28 09:54:57,878 [grpc-default-executor-3] WARN  server.GrpcLogAppender (LogUtils.java:warn(122)) - 2d845149-fded-4749-8bc2-118586f6e1d8@group-384A3FD51C4E->6e0ecbc9-7476-4900-ba73-72d2d77f3b59-AppendLogResponseHandler: Failed appendEntries: org.apache.ratis.thirdparty.io.grpc.StatusRuntimeException: CANCELLED: RST_STREAM closed stream. HTTP/2 error code: CANCEL
2022-09-28 09:54:57,878 [org.apache.ratis.util.JvmPauseMonitor$$Lambda$634/511600595@6246ce67] INFO  util.JvmPauseMonitor (JvmPauseMonitor.java:run(109)) - JvmPauseMonitor-6e0ecbc9-7476-4900-ba73-72d2d77f3b59: Stopped
2022-09-28 09:54:57,878 [grpc-default-executor-3] INFO  leader.FollowerInfo (FollowerInfoImpl.java:lambda$new$0(48)) - 2d845149-fded-4749-8bc2-118586f6e1d8@group-384A3FD51C4E->6e0ecbc9-7476-4900-ba73-72d2d77f3b59: nextIndex: updateUnconditionally 4 -> 3
2022-09-28 09:54:57,879 [grpc-default-executor-3] WARN  server.GrpcLogAppender (LogUtils.java:warn(122)) - 2d845149-fded-4749-8bc2-118586f6e1d8@group-384A3FD51C4E->20e90031-3f6f-4112-85ad-1ad3a95fac96-AppendLogResponseHandler: Failed appendEntries: org.apache.ratis.thirdparty.io.grpc.StatusRuntimeException: CANCELLED: RST_STREAM closed stream. HTTP/2 error code: CANCEL
2022-09-28 09:54:57,879 [grpc-default-executor-3] INFO  leader.FollowerInfo (FollowerInfoImpl.java:lambda$new$0(48)) - 2d845149-fded-4749-8bc2-118586f6e1d8@group-384A3FD51C4E->20e90031-3f6f-4112-85ad-1ad3a95fac96: nextIndex: updateUnconditionally 4 -> 3
2022-09-28 09:54:57,901 [grpc-default-executor-0] WARN  server.GrpcLogAppender (LogUtils.java:warn(122)) - 2d845149-fded-4749-8bc2-118586f6e1d8@group-384A3FD51C4E->6e0ecbc9-7476-4900-ba73-72d2d77f3b59-AppendLogResponseHandler: Failed appendEntries: org.apache.ratis.thirdparty.io.grpc.StatusRuntimeException: UNAVAILABLE: io exception
2022-09-28 09:54:57,902 [grpc-default-executor-0] INFO  leader.FollowerInfo (FollowerInfoImpl.java:lambda$new$0(48)) - 2d845149-fded-4749-8bc2-118586f6e1d8@group-384A3FD51C4E->6e0ecbc9-7476-4900-ba73-72d2d77f3b59: nextIndex: updateUnconditionally 4 -> 3
2022-09-28 09:54:57,902 [grpc-default-executor-1] WARN  server.GrpcLogAppender (LogUtils.java:warn(122)) - 2d845149-fded-4749-8bc2-118586f6e1d8@group-384A3FD51C4E->20e90031-3f6f-4112-85ad-1ad3a95fac96-AppendLogResponseHandler: Failed appendEntries: org.apache.ratis.thirdparty.io.grpc.StatusRuntimeException: UNAVAILABLE: io exception
2022-09-28 09:54:57,902 [grpc-default-executor-1] INFO  leader.FollowerInfo (FollowerInfoImpl.java:lambda$new$0(48)) - 2d845149-fded-4749-8bc2-118586f6e1d8@group-384A3FD51C4E->20e90031-3f6f-4112-85ad-1ad3a95fac96: nextIndex: updateUnconditionally 4 -> 3
2022-09-28 09:54:58,384 [Under Replicated Processor] INFO  replication.UnderReplicatedProcessor (UnderReplicatedProcessor.java:processAll(92)) - Processed 0 under replicated containers, failed processing 0
2022-09-28 09:54:58,392 [Over Replicated Processor] INFO  replication.OverReplicatedProcessor (OverReplicatedProcessor.java:processAll(90)) - Processed 0 over replicated containers, failed processing 0
2022-09-28 09:55:00,124 [grpc-default-executor-1] WARN  server.GrpcLogAppender (LogUtils.java:warn(122)) - 2d845149-fded-4749-8bc2-118586f6e1d8@group-384A3FD51C4E->20e90031-3f6f-4112-85ad-1ad3a95fac96-AppendLogResponseHandler: Failed appendEntries: org.apache.ratis.thirdparty.io.grpc.StatusRuntimeException: UNAVAILABLE: io exception
2022-09-28 09:55:00,125 [grpc-default-executor-1] INFO  leader.FollowerInfo (FollowerInfoImpl.java:lambda$new$0(48)) - 2d845149-fded-4749-8bc2-118586f6e1d8@group-384A3FD51C4E->20e90031-3f6f-4112-85ad-1ad3a95fac96: nextIndex: updateUnconditionally 4 -> 3
2022-09-28 09:55:00,125 [org.apache.ratis.util.JvmPauseMonitor$$Lambda$634/511600595@56decf20] WARN  util.JvmPauseMonitor (JvmPauseMonitor.java:detectPause(124)) - JvmPauseMonitor-73e45c1e-2154-45e4-89cc-96be25ad3181: Detected pause in JVM or host machine (eg GC): pause of approximately 180857669ns.
GC pool 'PS MarkSweep' had collection(s): count=1 time=197ms
GC pool 'PS Scavenge' had collection(s): count=1 time=35ms
2022-09-28 09:55:00,126 [grpc-default-executor-1] WARN  server.GrpcLogAppender (LogUtils.java:warn(122)) - 2d845149-fded-4749-8bc2-118586f6e1d8@group-384A3FD51C4E->6e0ecbc9-7476-4900-ba73-72d2d77f3b59-AppendLogResponseHandler: Failed appendEntries: org.apache.ratis.thirdparty.io.grpc.StatusRuntimeException: UNAVAILABLE: io exception
2022-09-28 09:55:00,126 [grpc-default-executor-1] INFO  leader.FollowerInfo (FollowerInfoImpl.java:lambda$new$0(48)) - 2d845149-fded-4749-8bc2-118586f6e1d8@group-384A3FD51C4E->6e0ecbc9-7476-4900-ba73-72d2d77f3b59: nextIndex: updateUnconditionally 4 -> 3
2022-09-28 09:55:00,133 [ForkJoinPool.commonPool-worker-1] INFO  utils.BackgroundService (BackgroundService.java:shutdown(141)) - Shutting down service BlockDeletingService
2022-09-28 09:55:00,134 [Listener at 127.0.0.1/33915] INFO  utils.BackgroundService (BackgroundService.java:shutdown(141)) - Shutting down service BlockDeletingService
2022-09-28 09:55:00,134 [ForkJoinPool.commonPool-worker-1] INFO  utils.BackgroundService (BackgroundService.java:shutdown(141)) - Shutting down service StaleRecoveringContainerScrubbingService
2022-09-28 09:55:00,135 [Listener at 127.0.0.1/33915] INFO  utils.BackgroundService (BackgroundService.java:shutdown(141)) - Shutting down service StaleRecoveringContainerScrubbingService
2022-09-28 09:55:01,374 [grpc-default-executor-1] WARN  server.GrpcLogAppender (LogUtils.java:warn(122)) - 2d845149-fded-4749-8bc2-118586f6e1d8@group-384A3FD51C4E->20e90031-3f6f-4112-85ad-1ad3a95fac96-AppendLogResponseHandler: Failed appendEntries: org.apache.ratis.thirdparty.io.grpc.StatusRuntimeException: UNAVAILABLE: io exception
2022-09-28 09:55:01,375 [grpc-default-executor-1] INFO  leader.FollowerInfo (FollowerInfoImpl.java:lambda$new$0(48)) - 2d845149-fded-4749-8bc2-118586f6e1d8@group-384A3FD51C4E->20e90031-3f6f-4112-85ad-1ad3a95fac96: nextIndex: updateUnconditionally 4 -> 3
2022-09-28 09:55:01,378 [grpc-default-executor-1] WARN  server.GrpcLogAppender (LogUtils.java:warn(122)) - 2d845149-fded-4749-8bc2-118586f6e1d8@group-384A3FD51C4E->6e0ecbc9-7476-4900-ba73-72d2d77f3b59-AppendLogResponseHandler: Failed appendEntries: org.apache.ratis.thirdparty.io.grpc.StatusRuntimeException: UNAVAILABLE: io exception
2022-09-28 09:55:01,378 [grpc-default-executor-1] INFO  leader.FollowerInfo (FollowerInfoImpl.java:lambda$new$0(48)) - 2d845149-fded-4749-8bc2-118586f6e1d8@group-384A3FD51C4E->6e0ecbc9-7476-4900-ba73-72d2d77f3b59: nextIndex: updateUnconditionally 4 -> 3
2022-09-28 09:55:01,807 [2d845149-fded-4749-8bc2-118586f6e1d8@group-0B7C6D995091-FollowerState] INFO  impl.FollowerState (FollowerState.java:run(143)) - 2d845149-fded-4749-8bc2-118586f6e1d8@group-0B7C6D995091-FollowerState: change to CANDIDATE, lastRpcElapsedTime:6107125369ns, electionTimeout:5067ms
2022-09-28 09:55:01,807 [2d845149-fded-4749-8bc2-118586f6e1d8@group-0B7C6D995091-FollowerState] INFO  impl.RoleInfo (RoleInfo.java:shutdownFollowerState(110)) - 2d845149-fded-4749-8bc2-118586f6e1d8: shutdown 2d845149-fded-4749-8bc2-118586f6e1d8@group-0B7C6D995091-FollowerState
2022-09-28 09:55:01,807 [2d845149-fded-4749-8bc2-118586f6e1d8@group-0B7C6D995091-FollowerState] INFO  server.RaftServer$Division (RaftServerImpl.java:setRole(299)) - 2d845149-fded-4749-8bc2-118586f6e1d8@group-0B7C6D995091: changes role from  FOLLOWER to CANDIDATE at term 1 for changeToCandidate
2022-09-28 09:55:01,807 [2d845149-fded-4749-8bc2-118586f6e1d8@group-0B7C6D995091-FollowerState] INFO  server.RaftServerConfigKeys (ConfUtils.java:logGet(46)) - raft.server.leaderelection.pre-vote = false (custom)
2022-09-28 09:55:01,807 [2d845149-fded-4749-8bc2-118586f6e1d8@group-0B7C6D995091-FollowerState] INFO  impl.RoleInfo (RoleInfo.java:updateAndGet(139)) - 2d845149-fded-4749-8bc2-118586f6e1d8: start 2d845149-fded-4749-8bc2-118586f6e1d8@group-0B7C6D995091-LeaderElection10
2022-09-28 09:55:01,821 [2d845149-fded-4749-8bc2-118586f6e1d8@group-0B7C6D995091-LeaderElection10] INFO  server.RaftServer$Division (ServerState.java:setLeader(287)) - 2d845149-fded-4749-8bc2-118586f6e1d8@group-0B7C6D995091: change Leader from 20e90031-3f6f-4112-85ad-1ad3a95fac96 to null at term 1 for ELECTION
2022-09-28 09:55:01,823 [2d845149-fded-4749-8bc2-118586f6e1d8@group-0B7C6D995091-LeaderElection10] INFO  impl.LeaderElection (LeaderElection.java:askForVotes(310)) - 2d845149-fded-4749-8bc2-118586f6e1d8@group-0B7C6D995091-LeaderElection10 ELECTION round 0: submit vote requests at term 2 for 0: [2d845149-fded-4749-8bc2-118586f6e1d8|rpc:10.1.1.21:44611|dataStream:|priority:0, 20e90031-3f6f-4112-85ad-1ad3a95fac96|rpc:10.1.1.21:38353|dataStream:|priority:1, 6e0ecbc9-7476-4900-ba73-72d2d77f3b59|rpc:10.1.1.21:33835|dataStream:|priority:0], old=null
2022-09-28 09:55:01,841 [2d845149-fded-4749-8bc2-118586f6e1d8@group-0B7C6D995091-LeaderElection10] INFO  impl.LeaderElection (LogUtils.java:infoOrTrace(137)) - 2d845149-fded-4749-8bc2-118586f6e1d8@group-0B7C6D995091-LeaderElection10 got exception when requesting votes: java.util.concurrent.ExecutionException: org.apache.ratis.thirdparty.io.grpc.StatusRuntimeException: UNAVAILABLE: io exception
2022-09-28 09:55:01,841 [2d845149-fded-4749-8bc2-118586f6e1d8@group-0B7C6D995091-LeaderElection10] INFO  impl.LeaderElection (LogUtils.java:infoOrTrace(137)) - 2d845149-fded-4749-8bc2-118586f6e1d8@group-0B7C6D995091-LeaderElection10 got exception when requesting votes: java.util.concurrent.ExecutionException: org.apache.ratis.thirdparty.io.grpc.StatusRuntimeException: UNAVAILABLE: io exception
2022-09-28 09:55:01,841 [2d845149-fded-4749-8bc2-118586f6e1d8@group-0B7C6D995091-LeaderElection10] INFO  impl.LeaderElection (LeaderElection.java:logAndReturn(90)) - 2d845149-fded-4749-8bc2-118586f6e1d8@group-0B7C6D995091-LeaderElection10: ELECTION REJECTED received 0 response(s) and 2 exception(s):
2022-09-28 09:55:01,841 [2d845149-fded-4749-8bc2-118586f6e1d8@group-0B7C6D995091-LeaderElection10] INFO  impl.LeaderElection (LogUtils.java:infoOrTrace(137)) -   Exception 0: java.util.concurrent.ExecutionException: org.apache.ratis.thirdparty.io.grpc.StatusRuntimeException: UNAVAILABLE: io exception
2022-09-28 09:55:01,841 [2d845149-fded-4749-8bc2-118586f6e1d8@group-0B7C6D995091-LeaderElection10] INFO  impl.LeaderElection (LogUtils.java:infoOrTrace(137)) -   Exception 1: java.util.concurrent.ExecutionException: org.apache.ratis.thirdparty.io.grpc.StatusRuntimeException: UNAVAILABLE: io exception
2022-09-28 09:55:01,841 [2d845149-fded-4749-8bc2-118586f6e1d8@group-0B7C6D995091-LeaderElection10] INFO  impl.LeaderElection (LeaderElection.java:askForVotes(312)) - 2d845149-fded-4749-8bc2-118586f6e1d8@group-0B7C6D995091-LeaderElection10 ELECTION round 0: result REJECTED
2022-09-28 09:55:01,842 [2d845149-fded-4749-8bc2-118586f6e1d8@group-0B7C6D995091-LeaderElection10] INFO  server.RaftServer$Division (RaftServerImpl.java:setRole(299)) - 2d845149-fded-4749-8bc2-118586f6e1d8@group-0B7C6D995091: changes role from CANDIDATE to FOLLOWER at term 2 for REJECTED
2022-09-28 09:55:01,842 [2d845149-fded-4749-8bc2-118586f6e1d8@group-0B7C6D995091-LeaderElection10] INFO  impl.RoleInfo (RoleInfo.java:shutdownLeaderElection(130)) - 2d845149-fded-4749-8bc2-118586f6e1d8: shutdown 2d845149-fded-4749-8bc2-118586f6e1d8@group-0B7C6D995091-LeaderElection10
2022-09-28 09:55:01,843 [2d845149-fded-4749-8bc2-118586f6e1d8@group-0B7C6D995091-LeaderElection10] INFO  impl.RoleInfo (RoleInfo.java:updateAndGet(139)) - 2d845149-fded-4749-8bc2-118586f6e1d8: start 2d845149-fded-4749-8bc2-118586f6e1d8@group-0B7C6D995091-FollowerState
2022-09-28 09:55:02,625 [grpc-default-executor-1] WARN  server.GrpcLogAppender (LogUtils.java:warn(122)) - 2d845149-fded-4749-8bc2-118586f6e1d8@group-384A3FD51C4E->20e90031-3f6f-4112-85ad-1ad3a95fac96-AppendLogResponseHandler: Failed appendEntries: org.apache.ratis.thirdparty.io.grpc.StatusRuntimeException: UNAVAILABLE: io exception
2022-09-28 09:55:02,626 [grpc-default-executor-0] WARN  server.GrpcLogAppender (LogUtils.java:warn(122)) - 2d845149-fded-4749-8bc2-118586f6e1d8@group-384A3FD51C4E->6e0ecbc9-7476-4900-ba73-72d2d77f3b59-AppendLogResponseHandler: Failed appendEntries: org.apache.ratis.thirdparty.io.grpc.StatusRuntimeException: UNAVAILABLE: io exception
2022-09-28 09:55:02,627 [grpc-default-executor-0] INFO  leader.FollowerInfo (FollowerInfoImpl.java:lambda$new$0(48)) - 2d845149-fded-4749-8bc2-118586f6e1d8@group-384A3FD51C4E->6e0ecbc9-7476-4900-ba73-72d2d77f3b59: nextIndex: updateUnconditionally 4 -> 3
2022-09-28 09:55:02,632 [grpc-default-executor-1] INFO  leader.FollowerInfo (FollowerInfoImpl.java:lambda$new$0(48)) - 2d845149-fded-4749-8bc2-118586f6e1d8@group-384A3FD51C4E->20e90031-3f6f-4112-85ad-1ad3a95fac96: nextIndex: updateUnconditionally 4 -> 3
2022-09-28 09:55:03,142 [ForkJoinPool.commonPool-worker-1] INFO  statemachine.DatanodeStateMachine (DatanodeStateMachine.java:stopDaemon(580)) - Ozone container server stopped.
2022-09-28 09:55:03,147 [Listener at 127.0.0.1/33915] INFO  statemachine.DatanodeStateMachine (DatanodeStateMachine.java:stopDaemon(580)) - Ozone container server stopped.
2022-09-28 09:55:03,171 [Listener at 127.0.0.1/33915] INFO  handler.ContextHandler (ContextHandler.java:doStop(1153)) - Stopped o.e.j.w.WebAppContext@77b7cc64{hddsDatanode,/,null,STOPPED}{jar:file:/home/runner/.m2/repository/org/apache/ozone/hdds-container-service/1.3.0-SNAPSHOT/hdds-container-service-1.3.0-SNAPSHOT.jar!/webapps/hddsDatanode}
2022-09-28 09:55:03,180 [ForkJoinPool.commonPool-worker-1] INFO  handler.ContextHandler (ContextHandler.java:doStop(1153)) - Stopped o.e.j.w.WebAppContext@136cb5b5{hddsDatanode,/,null,STOPPED}{jar:file:/home/runner/.m2/repository/org/apache/ozone/hdds-container-service/1.3.0-SNAPSHOT/hdds-container-service-1.3.0-SNAPSHOT.jar!/webapps/hddsDatanode}
2022-09-28 09:55:03,181 [Listener at 127.0.0.1/33915] INFO  server.AbstractConnector (AbstractConnector.java:doStop(381)) - Stopped ServerConnector@338b9bbf{HTTP/1.1, (http/1.1)}{0.0.0.0:0}
2022-09-28 09:55:03,181 [Listener at 127.0.0.1/33915] INFO  server.session (HouseKeeper.java:stopScavenging(149)) - node0 Stopped scavenging
2022-09-28 09:55:03,181 [Listener at 127.0.0.1/33915] INFO  handler.ContextHandler (ContextHandler.java:doStop(1153)) - Stopped o.e.j.s.ServletContextHandler@56f53541{static,/static,jar:file:/home/runner/.m2/repository/org/apache/ozone/hdds-container-service/1.3.0-SNAPSHOT/hdds-container-service-1.3.0-SNAPSHOT.jar!/webapps/static,STOPPED}
2022-09-28 09:55:03,181 [Listener at 127.0.0.1/33915] INFO  handler.ContextHandler (ContextHandler.java:doStop(1153)) - Stopped o.e.j.s.ServletContextHandler@bfbb83b{logs,/logs,file:///home/runner/work/ozone/ozone/hadoop-ozone/integration-test/target/log,STOPPED}
2022-09-28 09:55:03,181 [ForkJoinPool.commonPool-worker-1] INFO  server.AbstractConnector (AbstractConnector.java:doStop(381)) - Stopped ServerConnector@41a56ad9{HTTP/1.1, (http/1.1)}{0.0.0.0:0}
2022-09-28 09:55:03,181 [ForkJoinPool.commonPool-worker-1] INFO  server.session (HouseKeeper.java:stopScavenging(149)) - node0 Stopped scavenging
2022-09-28 09:55:03,184 [ForkJoinPool.commonPool-worker-1] INFO  handler.ContextHandler (ContextHandler.java:doStop(1153)) - Stopped o.e.j.s.ServletContextHandler@275f738c{static,/static,jar:file:/home/runner/.m2/repository/org/apache/ozone/hdds-container-service/1.3.0-SNAPSHOT/hdds-container-service-1.3.0-SNAPSHOT.jar!/webapps/static,STOPPED}
2022-09-28 09:55:03,184 [ForkJoinPool.commonPool-worker-1] INFO  handler.ContextHandler (ContextHandler.java:doStop(1153)) - Stopped o.e.j.s.ServletContextHandler@43ddb43d{logs,/logs,file:///home/runner/work/ozone/ozone/hadoop-ozone/integration-test/target/log,STOPPED}
2022-09-28 09:55:03,876 [grpc-default-executor-1] WARN  server.GrpcLogAppender (LogUtils.java:warn(122)) - 2d845149-fded-4749-8bc2-118586f6e1d8@group-384A3FD51C4E->20e90031-3f6f-4112-85ad-1ad3a95fac96-AppendLogResponseHandler: Failed appendEntries: org.apache.ratis.thirdparty.io.grpc.StatusRuntimeException: UNAVAILABLE: io exception
2022-09-28 09:55:03,876 [grpc-default-executor-0] WARN  server.GrpcLogAppender (LogUtils.java:warn(122)) - 2d845149-fded-4749-8bc2-118586f6e1d8@group-384A3FD51C4E->6e0ecbc9-7476-4900-ba73-72d2d77f3b59-AppendLogResponseHandler: Failed appendEntries: org.apache.ratis.thirdparty.io.grpc.StatusRuntimeException: UNAVAILABLE: io exception
2022-09-28 09:55:03,876 [grpc-default-executor-1] INFO  leader.FollowerInfo (FollowerInfoImpl.java:lambda$new$0(48)) - 2d845149-fded-4749-8bc2-118586f6e1d8@group-384A3FD51C4E->20e90031-3f6f-4112-85ad-1ad3a95fac96: nextIndex: updateUnconditionally 4 -> 3
2022-09-28 09:55:03,877 [grpc-default-executor-0] INFO  leader.FollowerInfo (FollowerInfoImpl.java:lambda$new$0(48)) - 2d845149-fded-4749-8bc2-118586f6e1d8@group-384A3FD51C4E->6e0ecbc9-7476-4900-ba73-72d2d77f3b59: nextIndex: updateUnconditionally 4 -> 3
2022-09-28 09:55:04,321 [2d845149-fded-4749-8bc2-118586f6e1d8@group-384A3FD51C4E-LeaderStateImpl] WARN  server.RaftServer$Division (LeaderStateImpl.java:checkLeadership(1018)) - 2d845149-fded-4749-8bc2-118586f6e1d8@group-384A3FD51C4E-LeaderStateImpl: Lost leadership on term: 1. Election timeout: 5200ms. In charge for: 49150ms. Conf: 0: [2d845149-fded-4749-8bc2-118586f6e1d8|rpc:10.1.1.21:44611|dataStream:|priority:1, 20e90031-3f6f-4112-85ad-1ad3a95fac96|rpc:10.1.1.21:38353|dataStream:|priority:0, 6e0ecbc9-7476-4900-ba73-72d2d77f3b59|rpc:10.1.1.21:33835|dataStream:|priority:0], old=null
2022-09-28 09:55:04,322 [2d845149-fded-4749-8bc2-118586f6e1d8@group-384A3FD51C4E-LeaderStateImpl] WARN  server.RaftServer$Division (LeaderStateImpl.java:lambda$checkLeadership$17(1022)) - Follower 2d845149-fded-4749-8bc2-118586f6e1d8@group-384A3FD51C4E->20e90031-3f6f-4112-85ad-1ad3a95fac96(c3,m3,n3, attendVote=true, lastRpcSendTime=445, lastRpcResponseTime=6702)
2022-09-28 09:55:04,322 [2d845149-fded-4749-8bc2-118586f6e1d8@group-384A3FD51C4E-LeaderStateImpl] WARN  server.RaftServer$Division (LeaderStateImpl.java:lambda$checkLeadership$17(1022)) - Follower 2d845149-fded-4749-8bc2-118586f6e1d8@group-384A3FD51C4E->6e0ecbc9-7476-4900-ba73-72d2d77f3b59(c3,m3,n3, attendVote=true, lastRpcSendTime=445, lastRpcResponseTime=6700)
2022-09-28 09:55:04,322 [2d845149-fded-4749-8bc2-118586f6e1d8@group-384A3FD51C4E-LeaderStateImpl] INFO  server.RaftServer$Division (RaftServerImpl.java:setRole(299)) - 2d845149-fded-4749-8bc2-118586f6e1d8@group-384A3FD51C4E: changes role from    LEADER to FOLLOWER at term 1 for StepDownReason:LOST_MAJORITY_HEARTBEATS
2022-09-28 09:55:04,322 [2d845149-fded-4749-8bc2-118586f6e1d8@group-384A3FD51C4E-LeaderStateImpl] INFO  impl.RoleInfo (RoleInfo.java:shutdownLeaderState(93)) - 2d845149-fded-4749-8bc2-118586f6e1d8: shutdown 2d845149-fded-4749-8bc2-118586f6e1d8@group-384A3FD51C4E-LeaderStateImpl
2022-09-28 09:55:04,322 [2d845149-fded-4749-8bc2-118586f6e1d8@group-384A3FD51C4E-LeaderStateImpl] INFO  impl.PendingRequests (PendingRequests.java:sendNotLeaderResponses(282)) - 2d845149-fded-4749-8bc2-118586f6e1d8@group-384A3FD51C4E-PendingRequests: sendNotLeaderResponses
2022-09-28 09:55:04,323 [2d845149-fded-4749-8bc2-118586f6e1d8@group-384A3FD51C4E->20e90031-3f6f-4112-85ad-1ad3a95fac96-GrpcLogAppender-LogAppenderDaemon] WARN  server.GrpcLogAppender (GrpcLogAppender.java:mayWait(171)) - 2d845149-fded-4749-8bc2-118586f6e1d8@group-384A3FD51C4E->20e90031-3f6f-4112-85ad-1ad3a95fac96-GrpcLogAppender: Wait interrupted by java.lang.InterruptedException
2022-09-28 09:55:04,324 [2d845149-fded-4749-8bc2-118586f6e1d8@group-384A3FD51C4E->6e0ecbc9-7476-4900-ba73-72d2d77f3b59-GrpcLogAppender-LogAppenderDaemon] WARN  server.GrpcLogAppender (GrpcLogAppender.java:mayWait(171)) - 2d845149-fded-4749-8bc2-118586f6e1d8@group-384A3FD51C4E->6e0ecbc9-7476-4900-ba73-72d2d77f3b59-GrpcLogAppender: Wait interrupted by java.lang.InterruptedException
2022-09-28 09:55:04,325 [2d845149-fded-4749-8bc2-118586f6e1d8@group-384A3FD51C4E-LeaderStateImpl] INFO  impl.RoleInfo (RoleInfo.java:updateAndGet(139)) - 2d845149-fded-4749-8bc2-118586f6e1d8: start 2d845149-fded-4749-8bc2-118586f6e1d8@group-384A3FD51C4E-FollowerState
2022-09-28 09:55:06,915 [2d845149-fded-4749-8bc2-118586f6e1d8@group-0B7C6D995091-FollowerState] INFO  impl.FollowerState (FollowerState.java:run(143)) - 2d845149-fded-4749-8bc2-118586f6e1d8@group-0B7C6D995091-FollowerState: change to CANDIDATE, lastRpcElapsedTime:5072779657ns, electionTimeout:5067ms
2022-09-28 09:55:06,916 [2d845149-fded-4749-8bc2-118586f6e1d8@group-0B7C6D995091-FollowerState] INFO  impl.RoleInfo (RoleInfo.java:shutdownFollowerState(110)) - 2d845149-fded-4749-8bc2-118586f6e1d8: shutdown 2d845149-fded-4749-8bc2-118586f6e1d8@group-0B7C6D995091-FollowerState
2022-09-28 09:55:06,916 [2d845149-fded-4749-8bc2-118586f6e1d8@group-0B7C6D995091-FollowerState] INFO  server.RaftServer$Division (RaftServerImpl.java:setRole(299)) - 2d845149-fded-4749-8bc2-118586f6e1d8@group-0B7C6D995091: changes role from  FOLLOWER to CANDIDATE at term 2 for changeToCandidate
2022-09-28 09:55:06,916 [2d845149-fded-4749-8bc2-118586f6e1d8@group-0B7C6D995091-FollowerState] INFO  server.RaftServerConfigKeys (ConfUtils.java:logGet(46)) - raft.server.leaderelection.pre-vote = false (custom)
2022-09-28 09:55:06,916 [2d845149-fded-4749-8bc2-118586f6e1d8@group-0B7C6D995091-FollowerState] INFO  impl.RoleInfo (RoleInfo.java:updateAndGet(139)) - 2d845149-fded-4749-8bc2-118586f6e1d8: start 2d845149-fded-4749-8bc2-118586f6e1d8@group-0B7C6D995091-LeaderElection11
2022-09-28 09:55:06,935 [2d845149-fded-4749-8bc2-118586f6e1d8@group-0B7C6D995091-LeaderElection11] INFO  impl.LeaderElection (LeaderElection.java:askForVotes(310)) - 2d845149-fded-4749-8bc2-118586f6e1d8@group-0B7C6D995091-LeaderElection11 ELECTION round 0: submit vote requests at term 3 for 0: [2d845149-fded-4749-8bc2-118586f6e1d8|rpc:10.1.1.21:44611|dataStream:|priority:0, 20e90031-3f6f-4112-85ad-1ad3a95fac96|rpc:10.1.1.21:38353|dataStream:|priority:1, 6e0ecbc9-7476-4900-ba73-72d2d77f3b59|rpc:10.1.1.21:33835|dataStream:|priority:0], old=null
2022-09-28 09:55:06,940 [2d845149-fded-4749-8bc2-118586f6e1d8@group-0B7C6D995091-LeaderElection11] INFO  impl.LeaderElection (LogUtils.java:infoOrTrace(137)) - 2d845149-fded-4749-8bc2-118586f6e1d8@group-0B7C6D995091-LeaderElection11 got exception when requesting votes: java.util.concurrent.ExecutionException: org.apache.ratis.thirdparty.io.grpc.StatusRuntimeException: UNAVAILABLE: io exception
2022-09-28 09:55:06,941 [2d845149-fded-4749-8bc2-118586f6e1d8@group-0B7C6D995091-LeaderElection11] INFO  impl.LeaderElection (LogUtils.java:infoOrTrace(137)) - 2d845149-fded-4749-8bc2-118586f6e1d8@group-0B7C6D995091-LeaderElection11 got exception when requesting votes: java.util.concurrent.ExecutionException: org.apache.ratis.thirdparty.io.grpc.StatusRuntimeException: UNAVAILABLE: io exception
2022-09-28 09:55:06,941 [2d845149-fded-4749-8bc2-118586f6e1d8@group-0B7C6D995091-LeaderElection11] INFO  impl.LeaderElection (LeaderElection.java:logAndReturn(90)) - 2d845149-fded-4749-8bc2-118586f6e1d8@group-0B7C6D995091-LeaderElection11: ELECTION REJECTED received 0 response(s) and 2 exception(s):
2022-09-28 09:55:06,941 [2d845149-fded-4749-8bc2-118586f6e1d8@group-0B7C6D995091-LeaderElection11] INFO  impl.LeaderElection (LogUtils.java:infoOrTrace(137)) -   Exception 0: java.util.concurrent.ExecutionException: org.apache.ratis.thirdparty.io.grpc.StatusRuntimeException: UNAVAILABLE: io exception
2022-09-28 09:55:06,941 [2d845149-fded-4749-8bc2-118586f6e1d8@group-0B7C6D995091-LeaderElection11] INFO  impl.LeaderElection (LogUtils.java:infoOrTrace(137)) -   Exception 1: java.util.concurrent.ExecutionException: org.apache.ratis.thirdparty.io.grpc.StatusRuntimeException: UNAVAILABLE: io exception
2022-09-28 09:55:06,941 [2d845149-fded-4749-8bc2-118586f6e1d8@group-0B7C6D995091-LeaderElection11] INFO  impl.LeaderElection (LeaderElection.java:askForVotes(312)) - 2d845149-fded-4749-8bc2-118586f6e1d8@group-0B7C6D995091-LeaderElection11 ELECTION round 0: result REJECTED
2022-09-28 09:55:06,942 [2d845149-fded-4749-8bc2-118586f6e1d8@group-0B7C6D995091-LeaderElection11] INFO  server.RaftServer$Division (RaftServerImpl.java:setRole(299)) - 2d845149-fded-4749-8bc2-118586f6e1d8@group-0B7C6D995091: changes role from CANDIDATE to FOLLOWER at term 3 for REJECTED
2022-09-28 09:55:06,942 [2d845149-fded-4749-8bc2-118586f6e1d8@group-0B7C6D995091-LeaderElection11] INFO  impl.RoleInfo (RoleInfo.java:shutdownLeaderElection(130)) - 2d845149-fded-4749-8bc2-118586f6e1d8: shutdown 2d845149-fded-4749-8bc2-118586f6e1d8@group-0B7C6D995091-LeaderElection11
2022-09-28 09:55:06,942 [2d845149-fded-4749-8bc2-118586f6e1d8@group-0B7C6D995091-LeaderElection11] INFO  impl.RoleInfo (RoleInfo.java:updateAndGet(139)) - 2d845149-fded-4749-8bc2-118586f6e1d8: start 2d845149-fded-4749-8bc2-118586f6e1d8@group-0B7C6D995091-FollowerState
2022-09-28 09:55:08,193 [Listener at 127.0.0.1/33915] INFO  ozoneimpl.OzoneContainer (OzoneContainer.java:stop(400)) - Attempting to stop container services.
2022-09-28 09:55:08,194 [Listener at 127.0.0.1/33915] INFO  server.RaftServer (RaftServerProxy.java:lambda$close$7(398)) - 73e45c1e-2154-45e4-89cc-96be25ad3181: close
2022-09-28 09:55:08,194 [Listener at 127.0.0.1/33915] INFO  server.RaftServer$Division (RaftServerImpl.java:lambda$close$4(434)) - 73e45c1e-2154-45e4-89cc-96be25ad3181@group-D189CB95ABD8: shutdown
2022-09-28 09:55:08,194 [Listener at 127.0.0.1/33915] INFO  util.JmxRegister (JmxRegister.java:unregister(73)) - Successfully un-registered JMX Bean with object name Ratis:service=RaftServer,group=group-D189CB95ABD8,id=73e45c1e-2154-45e4-89cc-96be25ad3181
2022-09-28 09:55:08,194 [Listener at 127.0.0.1/33915] INFO  impl.RoleInfo (RoleInfo.java:shutdownLeaderState(93)) - 73e45c1e-2154-45e4-89cc-96be25ad3181: shutdown 73e45c1e-2154-45e4-89cc-96be25ad3181@group-D189CB95ABD8-LeaderStateImpl
2022-09-28 09:55:08,195 [Listener at 127.0.0.1/33915] INFO  impl.PendingRequests (PendingRequests.java:sendNotLeaderResponses(282)) - 73e45c1e-2154-45e4-89cc-96be25ad3181@group-D189CB95ABD8-PendingRequests: sendNotLeaderResponses
2022-09-28 09:55:08,195 [Listener at 127.0.0.1/33915] INFO  impl.StateMachineUpdater (StateMachineUpdater.java:stopAndJoin(153)) - 73e45c1e-2154-45e4-89cc-96be25ad3181@group-D189CB95ABD8-StateMachineUpdater: set stopIndex = 0
2022-09-28 09:55:08,199 [73e45c1e-2154-45e4-89cc-96be25ad3181@group-D189CB95ABD8-StateMachineUpdater] INFO  ratis.ContainerStateMachine (ContainerStateMachine.java:takeSnapshot(304)) - group-D189CB95ABD8: Taking a snapshot at:(t:1, i:0) file /home/runner/work/ozone/ozone/hadoop-ozone/integration-test/target/test-dir/MiniOzoneClusterImpl-f38c25ab-2440-4177-af3f-c722ecf984ff/datanode-4/data/ratis/a196fb98-6127-4f4e-ac1d-d189cb95abd8/sm/snapshot.1_0
2022-09-28 09:55:08,199 [ForkJoinPool.commonPool-worker-1] INFO  ozoneimpl.OzoneContainer (OzoneContainer.java:stop(400)) - Attempting to stop container services.
2022-09-28 09:55:08,201 [ForkJoinPool.commonPool-worker-1] INFO  server.RaftServer (RaftServerProxy.java:lambda$close$7(398)) - 2d845149-fded-4749-8bc2-118586f6e1d8: close
2022-09-28 09:55:08,201 [ForkJoinPool.commonPool-worker-1] INFO  server.RaftServer$Division (RaftServerImpl.java:lambda$close$4(434)) - 2d845149-fded-4749-8bc2-118586f6e1d8@group-1C7BFC8460B1: shutdown
2022-09-28 09:55:08,201 [ForkJoinPool.commonPool-worker-1] INFO  util.JmxRegister (JmxRegister.java:unregister(73)) - Successfully un-registered JMX Bean with object name Ratis:service=RaftServer,group=group-1C7BFC8460B1,id=2d845149-fded-4749-8bc2-118586f6e1d8
2022-09-28 09:55:08,201 [ForkJoinPool.commonPool-worker-1] INFO  impl.RoleInfo (RoleInfo.java:shutdownLeaderState(93)) - 2d845149-fded-4749-8bc2-118586f6e1d8: shutdown 2d845149-fded-4749-8bc2-118586f6e1d8@group-1C7BFC8460B1-LeaderStateImpl
2022-09-28 09:55:08,201 [ForkJoinPool.commonPool-worker-1] INFO  impl.PendingRequests (PendingRequests.java:sendNotLeaderResponses(282)) - 2d845149-fded-4749-8bc2-118586f6e1d8@group-1C7BFC8460B1-PendingRequests: sendNotLeaderResponses
2022-09-28 09:55:08,201 [ForkJoinPool.commonPool-worker-1] INFO  impl.StateMachineUpdater (StateMachineUpdater.java:stopAndJoin(153)) - 2d845149-fded-4749-8bc2-118586f6e1d8@group-1C7BFC8460B1-StateMachineUpdater: set stopIndex = 0
2022-09-28 09:55:08,201 [73e45c1e-2154-45e4-89cc-96be25ad3181@group-D189CB95ABD8-StateMachineUpdater] INFO  ratis.ContainerStateMachine (ContainerStateMachine.java:takeSnapshot(315)) - group-D189CB95ABD8: Finished taking a snapshot at:(t:1, i:0) file:/home/runner/work/ozone/ozone/hadoop-ozone/integration-test/target/test-dir/MiniOzoneClusterImpl-f38c25ab-2440-4177-af3f-c722ecf984ff/datanode-4/data/ratis/a196fb98-6127-4f4e-ac1d-d189cb95abd8/sm/snapshot.1_0 took: 3 ms
2022-09-28 09:55:08,201 [2d845149-fded-4749-8bc2-118586f6e1d8@group-1C7BFC8460B1-StateMachineUpdater] INFO  ratis.ContainerStateMachine (ContainerStateMachine.java:takeSnapshot(304)) - group-1C7BFC8460B1: Taking a snapshot at:(t:1, i:0) file /home/runner/work/ozone/ozone/hadoop-ozone/integration-test/target/test-dir/MiniOzoneClusterImpl-f38c25ab-2440-4177-af3f-c722ecf984ff/datanode-0/data/ratis/0c4daa34-5ab4-44e4-8293-1c7bfc8460b1/sm/snapshot.1_0
2022-09-28 09:55:08,202 [73e45c1e-2154-45e4-89cc-96be25ad3181@group-D189CB95ABD8-StateMachineUpdater] INFO  impl.StateMachineUpdater (StateMachineUpdater.java:takeSnapshot(287)) - 73e45c1e-2154-45e4-89cc-96be25ad3181@group-D189CB95ABD8-StateMachineUpdater: Took a snapshot at index 0
2022-09-28 09:55:08,202 [73e45c1e-2154-45e4-89cc-96be25ad3181@group-D189CB95ABD8-StateMachineUpdater] INFO  impl.StateMachineUpdater (StateMachineUpdater.java:lambda$new$0(92)) - 73e45c1e-2154-45e4-89cc-96be25ad3181@group-D189CB95ABD8-StateMachineUpdater: snapshotIndex: updateIncreasingly -1 -> 0
2022-09-28 09:55:08,202 [Listener at 127.0.0.1/33915] INFO  server.RaftServer$Division (ServerState.java:close(429)) - 73e45c1e-2154-45e4-89cc-96be25ad3181@group-D189CB95ABD8: closes. applyIndex: 0
2022-09-28 09:55:08,202 [2d845149-fded-4749-8bc2-118586f6e1d8@group-1C7BFC8460B1-StateMachineUpdater] INFO  ratis.ContainerStateMachine (ContainerStateMachine.java:takeSnapshot(315)) - group-1C7BFC8460B1: Finished taking a snapshot at:(t:1, i:0) file:/home/runner/work/ozone/ozone/hadoop-ozone/integration-test/target/test-dir/MiniOzoneClusterImpl-f38c25ab-2440-4177-af3f-c722ecf984ff/datanode-0/data/ratis/0c4daa34-5ab4-44e4-8293-1c7bfc8460b1/sm/snapshot.1_0 took: 1 ms
2022-09-28 09:55:08,202 [2d845149-fded-4749-8bc2-118586f6e1d8@group-1C7BFC8460B1-StateMachineUpdater] INFO  impl.StateMachineUpdater (StateMachineUpdater.java:takeSnapshot(287)) - 2d845149-fded-4749-8bc2-118586f6e1d8@group-1C7BFC8460B1-StateMachineUpdater: Took a snapshot at index 0
2022-09-28 09:55:08,202 [2d845149-fded-4749-8bc2-118586f6e1d8@group-1C7BFC8460B1-StateMachineUpdater] INFO  impl.StateMachineUpdater (StateMachineUpdater.java:lambda$new$0(92)) - 2d845149-fded-4749-8bc2-118586f6e1d8@group-1C7BFC8460B1-StateMachineUpdater: snapshotIndex: updateIncreasingly -1 -> 0
2022-09-28 09:55:08,203 [73e45c1e-2154-45e4-89cc-96be25ad3181@group-D189CB95ABD8-SegmentedRaftLogWorker] INFO  segmented.SegmentedRaftLogWorker (SegmentedRaftLogWorker.java:run(336)) - 73e45c1e-2154-45e4-89cc-96be25ad3181@group-D189CB95ABD8-SegmentedRaftLogWorker was interrupted, exiting. There are 0 tasks remaining in the queue.
2022-09-28 09:55:08,204 [Listener at 127.0.0.1/33915] INFO  segmented.SegmentedRaftLogWorker (SegmentedRaftLogWorker.java:close(246)) - 73e45c1e-2154-45e4-89cc-96be25ad3181@group-D189CB95ABD8-SegmentedRaftLogWorker close()
2022-09-28 09:55:08,204 [Listener at 127.0.0.1/33915] INFO  server.GrpcService (GrpcService.java:closeImpl(269)) - 73e45c1e-2154-45e4-89cc-96be25ad3181: shutdown server with port 33171 now
2022-09-28 09:55:08,205 [Listener at 127.0.0.1/33915] INFO  server.GrpcService (GrpcService.java:closeImpl(278)) - 73e45c1e-2154-45e4-89cc-96be25ad3181: shutdown server with port 33171 successfully
2022-09-28 09:55:08,205 [org.apache.ratis.util.JvmPauseMonitor$$Lambda$634/511600595@56decf20] INFO  util.JvmPauseMonitor (JvmPauseMonitor.java:run(109)) - JvmPauseMonitor-73e45c1e-2154-45e4-89cc-96be25ad3181: Stopped
2022-09-28 09:55:08,211 [ForkJoinPool.commonPool-worker-1] INFO  server.RaftServer$Division (ServerState.java:close(429)) - 2d845149-fded-4749-8bc2-118586f6e1d8@group-1C7BFC8460B1: closes. applyIndex: 0
2022-09-28 09:55:08,211 [2d845149-fded-4749-8bc2-118586f6e1d8@group-1C7BFC8460B1-SegmentedRaftLogWorker] INFO  segmented.SegmentedRaftLogWorker (SegmentedRaftLogWorker.java:run(336)) - 2d845149-fded-4749-8bc2-118586f6e1d8@group-1C7BFC8460B1-SegmentedRaftLogWorker was interrupted, exiting. There are 0 tasks remaining in the queue.
2022-09-28 09:55:08,211 [ForkJoinPool.commonPool-worker-1] INFO  segmented.SegmentedRaftLogWorker (SegmentedRaftLogWorker.java:close(246)) - 2d845149-fded-4749-8bc2-118586f6e1d8@group-1C7BFC8460B1-SegmentedRaftLogWorker close()
2022-09-28 09:55:08,212 [ForkJoinPool.commonPool-worker-1] INFO  server.RaftServer$Division (RaftServerImpl.java:lambda$close$4(434)) - 2d845149-fded-4749-8bc2-118586f6e1d8@group-0B7C6D995091: shutdown
2022-09-28 09:55:08,212 [ForkJoinPool.commonPool-worker-1] INFO  util.JmxRegister (JmxRegister.java:unregister(73)) - Successfully un-registered JMX Bean with object name Ratis:service=RaftServer,group=group-0B7C6D995091,id=2d845149-fded-4749-8bc2-118586f6e1d8
2022-09-28 09:55:08,212 [ForkJoinPool.commonPool-worker-1] INFO  impl.RoleInfo (RoleInfo.java:shutdownFollowerState(110)) - 2d845149-fded-4749-8bc2-118586f6e1d8: shutdown 2d845149-fded-4749-8bc2-118586f6e1d8@group-0B7C6D995091-FollowerState
2022-09-28 09:55:08,212 [ForkJoinPool.commonPool-worker-1] INFO  impl.StateMachineUpdater (StateMachineUpdater.java:stopAndJoin(153)) - 2d845149-fded-4749-8bc2-118586f6e1d8@group-0B7C6D995091-StateMachineUpdater: set stopIndex = 25
2022-09-28 09:55:08,212 [2d845149-fded-4749-8bc2-118586f6e1d8@group-0B7C6D995091-FollowerState] INFO  impl.FollowerState (FollowerState.java:run(152)) - 2d845149-fded-4749-8bc2-118586f6e1d8@group-0B7C6D995091-FollowerState was interrupted
2022-09-28 09:55:08,212 [2d845149-fded-4749-8bc2-118586f6e1d8@group-0B7C6D995091-StateMachineUpdater] INFO  ratis.ContainerStateMachine (ContainerStateMachine.java:takeSnapshot(304)) - group-0B7C6D995091: Taking a snapshot at:(t:1, i:25) file /home/runner/work/ozone/ozone/hadoop-ozone/integration-test/target/test-dir/MiniOzoneClusterImpl-f38c25ab-2440-4177-af3f-c722ecf984ff/datanode-0/data/ratis/69b52b5b-6904-4880-9098-0b7c6d995091/sm/snapshot.1_25
2022-09-28 09:55:08,221 [2d845149-fded-4749-8bc2-118586f6e1d8@group-0B7C6D995091-StateMachineUpdater] INFO  ratis.ContainerStateMachine (ContainerStateMachine.java:takeSnapshot(315)) - group-0B7C6D995091: Finished taking a snapshot at:(t:1, i:25) file:/home/runner/work/ozone/ozone/hadoop-ozone/integration-test/target/test-dir/MiniOzoneClusterImpl-f38c25ab-2440-4177-af3f-c722ecf984ff/datanode-0/data/ratis/69b52b5b-6904-4880-9098-0b7c6d995091/sm/snapshot.1_25 took: 9 ms
2022-09-28 09:55:08,221 [2d845149-fded-4749-8bc2-118586f6e1d8@group-0B7C6D995091-StateMachineUpdater] INFO  impl.StateMachineUpdater (StateMachineUpdater.java:takeSnapshot(287)) - 2d845149-fded-4749-8bc2-118586f6e1d8@group-0B7C6D995091-StateMachineUpdater: Took a snapshot at index 25
2022-09-28 09:55:08,221 [2d845149-fded-4749-8bc2-118586f6e1d8@group-0B7C6D995091-StateMachineUpdater] INFO  impl.StateMachineUpdater (StateMachineUpdater.java:lambda$new$0(92)) - 2d845149-fded-4749-8bc2-118586f6e1d8@group-0B7C6D995091-StateMachineUpdater: snapshotIndex: updateIncreasingly -1 -> 25
2022-09-28 09:55:08,222 [ForkJoinPool.commonPool-worker-1] INFO  server.RaftServer$Division (ServerState.java:close(429)) - 2d845149-fded-4749-8bc2-118586f6e1d8@group-0B7C6D995091: closes. applyIndex: 25
2022-09-28 09:55:08,222 [2d845149-fded-4749-8bc2-118586f6e1d8@group-0B7C6D995091-SegmentedRaftLogWorker] INFO  segmented.SegmentedRaftLogWorker (SegmentedRaftLogWorker.java:run(336)) - 2d845149-fded-4749-8bc2-118586f6e1d8@group-0B7C6D995091-SegmentedRaftLogWorker was interrupted, exiting. There are 0 tasks remaining in the queue.
2022-09-28 09:55:08,225 [ForkJoinPool.commonPool-worker-1] INFO  segmented.SegmentedRaftLogWorker (SegmentedRaftLogWorker.java:close(246)) - 2d845149-fded-4749-8bc2-118586f6e1d8@group-0B7C6D995091-SegmentedRaftLogWorker close()
2022-09-28 09:55:08,227 [ForkJoinPool.commonPool-worker-1] INFO  server.RaftServer$Division (RaftServerImpl.java:lambda$close$4(434)) - 2d845149-fded-4749-8bc2-118586f6e1d8@group-384A3FD51C4E: shutdown
2022-09-28 09:55:08,227 [ForkJoinPool.commonPool-worker-1] INFO  util.JmxRegister (JmxRegister.java:unregister(73)) - Successfully un-registered JMX Bean with object name Ratis:service=RaftServer,group=group-384A3FD51C4E,id=2d845149-fded-4749-8bc2-118586f6e1d8
2022-09-28 09:55:08,227 [ForkJoinPool.commonPool-worker-1] INFO  impl.RoleInfo (RoleInfo.java:shutdownFollowerState(110)) - 2d845149-fded-4749-8bc2-118586f6e1d8: shutdown 2d845149-fded-4749-8bc2-118586f6e1d8@group-384A3FD51C4E-FollowerState
2022-09-28 09:55:08,227 [ForkJoinPool.commonPool-worker-1] INFO  impl.StateMachineUpdater (StateMachineUpdater.java:stopAndJoin(153)) - 2d845149-fded-4749-8bc2-118586f6e1d8@group-384A3FD51C4E-StateMachineUpdater: set stopIndex = 3
2022-09-28 09:55:08,227 [2d845149-fded-4749-8bc2-118586f6e1d8@group-384A3FD51C4E-FollowerState] INFO  impl.FollowerState (FollowerState.java:run(152)) - 2d845149-fded-4749-8bc2-118586f6e1d8@group-384A3FD51C4E-FollowerState was interrupted
2022-09-28 09:55:08,227 [2d845149-fded-4749-8bc2-118586f6e1d8@group-384A3FD51C4E-StateMachineUpdater] INFO  ratis.ContainerStateMachine (ContainerStateMachine.java:takeSnapshot(304)) - group-384A3FD51C4E: Taking a snapshot at:(t:1, i:3) file /home/runner/work/ozone/ozone/hadoop-ozone/integration-test/target/test-dir/MiniOzoneClusterImpl-f38c25ab-2440-4177-af3f-c722ecf984ff/datanode-0/data/ratis/0c0931c2-984d-4ae0-8849-384a3fd51c4e/sm/snapshot.1_3
2022-09-28 09:55:08,228 [2d845149-fded-4749-8bc2-118586f6e1d8@group-384A3FD51C4E-StateMachineUpdater] INFO  ratis.ContainerStateMachine (ContainerStateMachine.java:takeSnapshot(315)) - group-384A3FD51C4E: Finished taking a snapshot at:(t:1, i:3) file:/home/runner/work/ozone/ozone/hadoop-ozone/integration-test/target/test-dir/MiniOzoneClusterImpl-f38c25ab-2440-4177-af3f-c722ecf984ff/datanode-0/data/ratis/0c0931c2-984d-4ae0-8849-384a3fd51c4e/sm/snapshot.1_3 took: 1 ms
2022-09-28 09:55:08,228 [2d845149-fded-4749-8bc2-118586f6e1d8@group-384A3FD51C4E-StateMachineUpdater] INFO  impl.StateMachineUpdater (StateMachineUpdater.java:takeSnapshot(287)) - 2d845149-fded-4749-8bc2-118586f6e1d8@group-384A3FD51C4E-StateMachineUpdater: Took a snapshot at index 3
2022-09-28 09:55:08,228 [2d845149-fded-4749-8bc2-118586f6e1d8@group-384A3FD51C4E-StateMachineUpdater] INFO  impl.StateMachineUpdater (StateMachineUpdater.java:lambda$new$0(92)) - 2d845149-fded-4749-8bc2-118586f6e1d8@group-384A3FD51C4E-StateMachineUpdater: snapshotIndex: updateIncreasingly -1 -> 3
2022-09-28 09:55:08,229 [ForkJoinPool.commonPool-worker-1] INFO  server.RaftServer$Division (ServerState.java:close(429)) - 2d845149-fded-4749-8bc2-118586f6e1d8@group-384A3FD51C4E: closes. applyIndex: 3
2022-09-28 09:55:08,229 [2d845149-fded-4749-8bc2-118586f6e1d8@group-384A3FD51C4E-SegmentedRaftLogWorker] INFO  segmented.SegmentedRaftLogWorker (SegmentedRaftLogWorker.java:run(336)) - 2d845149-fded-4749-8bc2-118586f6e1d8@group-384A3FD51C4E-SegmentedRaftLogWorker was interrupted, exiting. There are 0 tasks remaining in the queue.
2022-09-28 09:55:08,229 [ForkJoinPool.commonPool-worker-1] INFO  segmented.SegmentedRaftLogWorker (SegmentedRaftLogWorker.java:close(246)) - 2d845149-fded-4749-8bc2-118586f6e1d8@group-384A3FD51C4E-SegmentedRaftLogWorker close()
2022-09-28 09:55:08,238 [ForkJoinPool.commonPool-worker-1] INFO  server.GrpcService (GrpcService.java:closeImpl(269)) - 2d845149-fded-4749-8bc2-118586f6e1d8: shutdown server with port 44611 now
2022-09-28 09:55:08,239 [ForkJoinPool.commonPool-worker-1] INFO  server.GrpcService (GrpcService.java:closeImpl(278)) - 2d845149-fded-4749-8bc2-118586f6e1d8: shutdown server with port 44611 successfully
2022-09-28 09:55:08,239 [org.apache.ratis.util.JvmPauseMonitor$$Lambda$634/511600595@c361e97] INFO  util.JvmPauseMonitor (JvmPauseMonitor.java:run(109)) - JvmPauseMonitor-2d845149-fded-4749-8bc2-118586f6e1d8: Stopped
2022-09-28 09:55:10,208 [Listener at 127.0.0.1/33915] INFO  utils.BackgroundService (BackgroundService.java:shutdown(141)) - Shutting down service BlockDeletingService
2022-09-28 09:55:10,209 [Listener at 127.0.0.1/33915] INFO  utils.BackgroundService (BackgroundService.java:shutdown(141)) - Shutting down service StaleRecoveringContainerScrubbingService
2022-09-28 09:55:10,249 [ForkJoinPool.commonPool-worker-1] INFO  utils.BackgroundService (BackgroundService.java:shutdown(141)) - Shutting down service BlockDeletingService
2022-09-28 09:55:10,250 [ForkJoinPool.commonPool-worker-1] INFO  utils.BackgroundService (BackgroundService.java:shutdown(141)) - Shutting down service StaleRecoveringContainerScrubbingService
2022-09-28 09:55:13,221 [Listener at 127.0.0.1/33915] INFO  statemachine.DatanodeStateMachine (DatanodeStateMachine.java:stopDaemon(580)) - Ozone container server stopped.
2022-09-28 09:55:13,230 [Listener at 127.0.0.1/33915] INFO  handler.ContextHandler (ContextHandler.java:doStop(1153)) - Stopped o.e.j.w.WebAppContext@4c24d99d{hddsDatanode,/,null,STOPPED}{jar:file:/home/runner/.m2/repository/org/apache/ozone/hdds-container-service/1.3.0-SNAPSHOT/hdds-container-service-1.3.0-SNAPSHOT.jar!/webapps/hddsDatanode}
2022-09-28 09:55:13,233 [Listener at 127.0.0.1/33915] INFO  server.AbstractConnector (AbstractConnector.java:doStop(381)) - Stopped ServerConnector@42823c{HTTP/1.1, (http/1.1)}{0.0.0.0:0}
2022-09-28 09:55:13,233 [Listener at 127.0.0.1/33915] INFO  server.session (HouseKeeper.java:stopScavenging(149)) - node0 Stopped scavenging
2022-09-28 09:55:13,237 [Listener at 127.0.0.1/33915] INFO  handler.ContextHandler (ContextHandler.java:doStop(1153)) - Stopped o.e.j.s.ServletContextHandler@3eb28b54{static,/static,jar:file:/home/runner/.m2/repository/org/apache/ozone/hdds-container-service/1.3.0-SNAPSHOT/hdds-container-service-1.3.0-SNAPSHOT.jar!/webapps/static,STOPPED}
2022-09-28 09:55:13,238 [Listener at 127.0.0.1/33915] INFO  handler.ContextHandler (ContextHandler.java:doStop(1153)) - Stopped o.e.j.s.ServletContextHandler@2c2cf63d{logs,/logs,file:///home/runner/work/ozone/ozone/hadoop-ozone/integration-test/target/log,STOPPED}
2022-09-28 09:55:13,260 [ForkJoinPool.commonPool-worker-1] INFO  statemachine.DatanodeStateMachine (DatanodeStateMachine.java:stopDaemon(580)) - Ozone container server stopped.
2022-09-28 09:55:13,293 [ForkJoinPool.commonPool-worker-1] INFO  handler.ContextHandler (ContextHandler.java:doStop(1153)) - Stopped o.e.j.w.WebAppContext@4bc71f6e{hddsDatanode,/,null,STOPPED}{jar:file:/home/runner/.m2/repository/org/apache/ozone/hdds-container-service/1.3.0-SNAPSHOT/hdds-container-service-1.3.0-SNAPSHOT.jar!/webapps/hddsDatanode}
2022-09-28 09:55:13,294 [ForkJoinPool.commonPool-worker-1] INFO  server.AbstractConnector (AbstractConnector.java:doStop(381)) - Stopped ServerConnector@174af948{HTTP/1.1, (http/1.1)}{0.0.0.0:0}
2022-09-28 09:55:13,294 [ForkJoinPool.commonPool-worker-1] INFO  server.session (HouseKeeper.java:stopScavenging(149)) - node0 Stopped scavenging
2022-09-28 09:55:13,294 [ForkJoinPool.commonPool-worker-1] INFO  handler.ContextHandler (ContextHandler.java:doStop(1153)) - Stopped o.e.j.s.ServletContextHandler@352904d5{static,/static,jar:file:/home/runner/.m2/repository/org/apache/ozone/hdds-container-service/1.3.0-SNAPSHOT/hdds-container-service-1.3.0-SNAPSHOT.jar!/webapps/static,STOPPED}
2022-09-28 09:55:13,295 [ForkJoinPool.commonPool-worker-1] INFO  handler.ContextHandler (ContextHandler.java:doStop(1153)) - Stopped o.e.j.s.ServletContextHandler@32a66b4e{logs,/logs,file:///home/runner/work/ozone/ozone/hadoop-ozone/integration-test/target/log,STOPPED}
2022-09-28 09:55:18,249 [Listener at 127.0.0.1/33915] INFO  ozoneimpl.OzoneContainer (OzoneContainer.java:stop(400)) - Attempting to stop container services.
2022-09-28 09:55:18,249 [Listener at 127.0.0.1/33915] INFO  server.RaftServer (RaftServerProxy.java:lambda$close$7(398)) - 4506141d-17d3-4eb5-a98c-bf02fab83d7c: close
2022-09-28 09:55:18,249 [Listener at 127.0.0.1/33915] INFO  server.RaftServer$Division (RaftServerImpl.java:lambda$close$4(434)) - 4506141d-17d3-4eb5-a98c-bf02fab83d7c@group-D24936401058: shutdown
2022-09-28 09:55:18,250 [Listener at 127.0.0.1/33915] INFO  util.JmxRegister (JmxRegister.java:unregister(73)) - Successfully un-registered JMX Bean with object name Ratis:service=RaftServer,group=group-D24936401058,id=4506141d-17d3-4eb5-a98c-bf02fab83d7c
2022-09-28 09:55:18,250 [Listener at 127.0.0.1/33915] INFO  impl.RoleInfo (RoleInfo.java:shutdownLeaderState(93)) - 4506141d-17d3-4eb5-a98c-bf02fab83d7c: shutdown 4506141d-17d3-4eb5-a98c-bf02fab83d7c@group-D24936401058-LeaderStateImpl
2022-09-28 09:55:18,250 [Listener at 127.0.0.1/33915] INFO  impl.PendingRequests (PendingRequests.java:sendNotLeaderResponses(282)) - 4506141d-17d3-4eb5-a98c-bf02fab83d7c@group-D24936401058-PendingRequests: sendNotLeaderResponses
2022-09-28 09:55:18,250 [Listener at 127.0.0.1/33915] INFO  impl.StateMachineUpdater (StateMachineUpdater.java:stopAndJoin(153)) - 4506141d-17d3-4eb5-a98c-bf02fab83d7c@group-D24936401058-StateMachineUpdater: set stopIndex = 0
2022-09-28 09:55:18,251 [4506141d-17d3-4eb5-a98c-bf02fab83d7c@group-D24936401058-StateMachineUpdater] INFO  ratis.ContainerStateMachine (ContainerStateMachine.java:takeSnapshot(304)) - group-D24936401058: Taking a snapshot at:(t:1, i:0) file /home/runner/work/ozone/ozone/hadoop-ozone/integration-test/target/test-dir/MiniOzoneClusterImpl-f38c25ab-2440-4177-af3f-c722ecf984ff/datanode-3/data/ratis/e7430f40-cd18-4b7b-8d31-d24936401058/sm/snapshot.1_0
2022-09-28 09:55:18,253 [4506141d-17d3-4eb5-a98c-bf02fab83d7c@group-D24936401058-StateMachineUpdater] INFO  ratis.ContainerStateMachine (ContainerStateMachine.java:takeSnapshot(315)) - group-D24936401058: Finished taking a snapshot at:(t:1, i:0) file:/home/runner/work/ozone/ozone/hadoop-ozone/integration-test/target/test-dir/MiniOzoneClusterImpl-f38c25ab-2440-4177-af3f-c722ecf984ff/datanode-3/data/ratis/e7430f40-cd18-4b7b-8d31-d24936401058/sm/snapshot.1_0 took: 2 ms
2022-09-28 09:55:18,253 [4506141d-17d3-4eb5-a98c-bf02fab83d7c@group-D24936401058-StateMachineUpdater] INFO  impl.StateMachineUpdater (StateMachineUpdater.java:takeSnapshot(287)) - 4506141d-17d3-4eb5-a98c-bf02fab83d7c@group-D24936401058-StateMachineUpdater: Took a snapshot at index 0
2022-09-28 09:55:18,253 [4506141d-17d3-4eb5-a98c-bf02fab83d7c@group-D24936401058-StateMachineUpdater] INFO  impl.StateMachineUpdater (StateMachineUpdater.java:lambda$new$0(92)) - 4506141d-17d3-4eb5-a98c-bf02fab83d7c@group-D24936401058-StateMachineUpdater: snapshotIndex: updateIncreasingly -1 -> 0
2022-09-28 09:55:18,256 [Listener at 127.0.0.1/33915] INFO  server.RaftServer$Division (ServerState.java:close(429)) - 4506141d-17d3-4eb5-a98c-bf02fab83d7c@group-D24936401058: closes. applyIndex: 0
2022-09-28 09:55:18,256 [4506141d-17d3-4eb5-a98c-bf02fab83d7c@group-D24936401058-SegmentedRaftLogWorker] INFO  segmented.SegmentedRaftLogWorker (SegmentedRaftLogWorker.java:run(336)) - 4506141d-17d3-4eb5-a98c-bf02fab83d7c@group-D24936401058-SegmentedRaftLogWorker was interrupted, exiting. There are 0 tasks remaining in the queue.
2022-09-28 09:55:18,257 [Listener at 127.0.0.1/33915] INFO  segmented.SegmentedRaftLogWorker (SegmentedRaftLogWorker.java:close(246)) - 4506141d-17d3-4eb5-a98c-bf02fab83d7c@group-D24936401058-SegmentedRaftLogWorker close()
2022-09-28 09:55:18,258 [Listener at 127.0.0.1/33915] INFO  server.GrpcService (GrpcService.java:closeImpl(269)) - 4506141d-17d3-4eb5-a98c-bf02fab83d7c: shutdown server with port 41277 now
2022-09-28 09:55:18,259 [Listener at 127.0.0.1/33915] INFO  server.GrpcService (GrpcService.java:closeImpl(278)) - 4506141d-17d3-4eb5-a98c-bf02fab83d7c: shutdown server with port 41277 successfully
2022-09-28 09:55:18,259 [org.apache.ratis.util.JvmPauseMonitor$$Lambda$634/511600595@7424b45b] INFO  util.JvmPauseMonitor (JvmPauseMonitor.java:run(109)) - JvmPauseMonitor-4506141d-17d3-4eb5-a98c-bf02fab83d7c: Stopped
2022-09-28 09:55:20,296 [Listener at 127.0.0.1/33915] INFO  utils.BackgroundService (BackgroundService.java:shutdown(141)) - Shutting down service BlockDeletingService
2022-09-28 09:55:20,300 [Listener at 127.0.0.1/33915] INFO  utils.BackgroundService (BackgroundService.java:shutdown(141)) - Shutting down service StaleRecoveringContainerScrubbingService
2022-09-28 09:55:23,302 [Listener at 127.0.0.1/33915] INFO  statemachine.DatanodeStateMachine (DatanodeStateMachine.java:stopDaemon(580)) - Ozone container server stopped.
2022-09-28 09:55:23,337 [Listener at 127.0.0.1/33915] INFO  handler.ContextHandler (ContextHandler.java:doStop(1153)) - Stopped o.e.j.w.WebAppContext@587f24d8{hddsDatanode,/,null,STOPPED}{jar:file:/home/runner/.m2/repository/org/apache/ozone/hdds-container-service/1.3.0-SNAPSHOT/hdds-container-service-1.3.0-SNAPSHOT.jar!/webapps/hddsDatanode}
2022-09-28 09:55:23,345 [Listener at 127.0.0.1/33915] INFO  server.AbstractConnector (AbstractConnector.java:doStop(381)) - Stopped ServerConnector@45eb6b7d{HTTP/1.1, (http/1.1)}{0.0.0.0:0}
2022-09-28 09:55:23,345 [Listener at 127.0.0.1/33915] INFO  server.session (HouseKeeper.java:stopScavenging(149)) - node0 Stopped scavenging
2022-09-28 09:55:23,347 [Listener at 127.0.0.1/33915] INFO  handler.ContextHandler (ContextHandler.java:doStop(1153)) - Stopped o.e.j.s.ServletContextHandler@23b31c6c{static,/static,jar:file:/home/runner/.m2/repository/org/apache/ozone/hdds-container-service/1.3.0-SNAPSHOT/hdds-container-service-1.3.0-SNAPSHOT.jar!/webapps/static,STOPPED}
2022-09-28 09:55:23,347 [Listener at 127.0.0.1/33915] INFO  handler.ContextHandler (ContextHandler.java:doStop(1153)) - Stopped o.e.j.s.ServletContextHandler@70573f5f{logs,/logs,file:///home/runner/work/ozone/ozone/hadoop-ozone/integration-test/target/log,STOPPED}
2022-09-28 09:55:23,353 [Listener at 127.0.0.1/33915] INFO  ozone.MiniOzoneClusterImpl (MiniOzoneClusterImpl.java:stopSCM(537)) - Stopping the StorageContainerManager
2022-09-28 09:55:23,353 [Listener at 127.0.0.1/33915] INFO  server.StorageContainerManager (StorageContainerManager.java:stop(1528)) - Container Balancer is not running.
2022-09-28 09:55:23,353 [Listener at 127.0.0.1/33915] INFO  server.StorageContainerManager (StorageContainerManager.java:stop(1535)) - Stopping Replication Manager Service.
2022-09-28 09:55:23,353 [Listener at 127.0.0.1/33915] INFO  replication.ReplicationManager (ReplicationManager.java:stop(255)) - Stopping Replication Monitor Thread.
2022-09-28 09:55:23,353 [Listener at 127.0.0.1/33915] INFO  server.StorageContainerManager (StorageContainerManager.java:stop(1542)) - Stopping the Datanode Admin Monitor.
2022-09-28 09:55:23,353 [Listener at 127.0.0.1/33915] INFO  server.StorageContainerManager (StorageContainerManager.java:stop(1549)) - Stopping Lease Manager of the command watchers
2022-09-28 09:55:23,353 [Listener at 127.0.0.1/33915] INFO  server.StorageContainerManager (StorageContainerManager.java:stop(1556)) - Stopping datanode service RPC server
2022-09-28 09:55:23,353 [Listener at 127.0.0.1/33915] INFO  server.SCMDatanodeProtocolServer (SCMDatanodeProtocolServer.java:stop(414)) - Stopping the RPC server for DataNodes
2022-09-28 09:55:23,353 [Listener at 127.0.0.1/33915] INFO  ipc.Server (Server.java:stop(3414)) - Stopping server on 43997
2022-09-28 09:55:23,355 [Under Replicated Processor] WARN  replication.UnderReplicatedProcessor (UnderReplicatedProcessor.java:run(148)) - Under Replicated Processor interrupted. Exiting...
2022-09-28 09:55:23,355 [ReplicationMonitor] INFO  replication.ReplicationManager (ReplicationManager.java:run(507)) - Replication Monitor Thread is stopped
2022-09-28 09:55:23,355 [Over Replicated Processor] WARN  replication.OverReplicatedProcessor (OverReplicatedProcessor.java:run(137)) - Over Replicated Processor interrupted. Exiting...
2022-09-28 09:55:23,357 [IPC Server listener on 0] INFO  ipc.Server (Server.java:run(1376)) - Stopping IPC Server listener on 0
2022-09-28 09:55:23,357 [IPC Server Responder] INFO  ipc.Server (Server.java:run(1512)) - Stopping IPC Server Responder
2022-09-28 09:55:23,361 [SCM Heartbeat Processing Thread - 0] WARN  node.NodeStateManager (NodeStateManager.java:scheduleNextHealthCheck(870)) - Current Thread is interrupted, shutting down HB processing thread for Node Manager.
2022-09-28 09:55:23,361 [Listener at 127.0.0.1/33915] INFO  server.StorageContainerManager (StorageContainerManager.java:stop(1564)) - Stopping block service RPC server
2022-09-28 09:55:23,361 [Listener at 127.0.0.1/33915] INFO  server.SCMBlockProtocolServer (SCMBlockProtocolServer.java:stop(161)) - Stopping the RPC server for Block Protocol
2022-09-28 09:55:23,361 [Listener at 127.0.0.1/33915] INFO  ipc.Server (Server.java:stop(3414)) - Stopping server on 46299
2022-09-28 09:55:23,364 [IPC Server listener on 0] INFO  ipc.Server (Server.java:run(1376)) - Stopping IPC Server listener on 0
2022-09-28 09:55:23,365 [IPC Server Responder] INFO  ipc.Server (Server.java:run(1512)) - Stopping IPC Server Responder
2022-09-28 09:55:23,365 [Listener at 127.0.0.1/33915] INFO  server.StorageContainerManager (StorageContainerManager.java:stop(1571)) - Stopping the StorageContainerLocationProtocol RPC server
2022-09-28 09:55:23,365 [Listener at 127.0.0.1/33915] INFO  server.SCMClientProtocolServer (SCMClientProtocolServer.java:stop(179)) - Stopping the RPC server for Client Protocol
2022-09-28 09:55:23,365 [Listener at 127.0.0.1/33915] INFO  ipc.Server (Server.java:stop(3414)) - Stopping server on 33531
2022-09-28 09:55:23,367 [IPC Server listener on 0] INFO  ipc.Server (Server.java:run(1376)) - Stopping IPC Server listener on 0
2022-09-28 09:55:23,367 [IPC Server Responder] INFO  ipc.Server (Server.java:run(1512)) - Stopping IPC Server Responder
2022-09-28 09:55:23,368 [Listener at 127.0.0.1/33915] INFO  server.StorageContainerManager (StorageContainerManager.java:stop(1578)) - Stopping Storage Container Manager HTTP server.
2022-09-28 09:55:23,369 [Listener at 127.0.0.1/33915] INFO  handler.ContextHandler (ContextHandler.java:doStop(1153)) - Stopped o.e.j.w.WebAppContext@2784145d{scm,/,null,STOPPED}{file:/home/runner/work/ozone/ozone/hadoop-ozone/integration-test/target/test-classes/webapps/scm}
2022-09-28 09:55:23,372 [Listener at 127.0.0.1/33915] INFO  server.AbstractConnector (AbstractConnector.java:doStop(381)) - Stopped ServerConnector@54f62ac6{HTTP/1.1, (http/1.1)}{0.0.0.0:0}
2022-09-28 09:55:23,373 [Listener at 127.0.0.1/33915] INFO  server.session (HouseKeeper.java:stopScavenging(149)) - node0 Stopped scavenging
2022-09-28 09:55:23,373 [Listener at 127.0.0.1/33915] INFO  handler.ContextHandler (ContextHandler.java:doStop(1153)) - Stopped o.e.j.s.ServletContextHandler@3b3b2290{static,/static,file:///home/runner/work/ozone/ozone/hadoop-ozone/integration-test/target/test-classes/webapps/static,STOPPED}
2022-09-28 09:55:23,373 [Listener at 127.0.0.1/33915] INFO  handler.ContextHandler (ContextHandler.java:doStop(1153)) - Stopped o.e.j.s.ServletContextHandler@215f8d7{logs,/logs,file:///home/runner/work/ozone/ozone/hadoop-ozone/integration-test/target/log,STOPPED}
2022-09-28 09:55:23,378 [Listener at 127.0.0.1/33915] INFO  server.StorageContainerManager (StorageContainerManager.java:stop(1584)) - Stopping SCM LayoutVersionManager Service.
2022-09-28 09:55:23,378 [Listener at 127.0.0.1/33915] INFO  server.StorageContainerManager (StorageContainerManager.java:stop(1592)) - Stopping Block Manager Service.
2022-09-28 09:55:23,378 [Listener at 127.0.0.1/33915] INFO  utils.BackgroundService (BackgroundService.java:shutdown(141)) - Shutting down service SCMBlockDeletingService
2022-09-28 09:55:23,380 [Listener at 127.0.0.1/33915] INFO  utils.BackgroundService (BackgroundService.java:shutdown(141)) - Shutting down service SCMBlockDeletingService
2022-09-28 09:55:23,381 [Listener at 127.0.0.1/33915] INFO  server.StorageContainerManager (StorageContainerManager.java:stop(1619)) - Stopping SCM Event Queue.
2022-09-28 09:55:23,388 [Listener at 127.0.0.1/33915] INFO  server.StorageContainerManager (StorageContainerManager.java:stop(1630)) - Stopping SCM HA services.
2022-09-28 09:55:23,388 [Listener at 127.0.0.1/33915] INFO  pipeline.BackgroundPipelineCreator (BackgroundPipelineCreator.java:stop(149)) - Stopping RatisPipelineUtilsThread.
2022-09-28 09:55:23,392 [RatisPipelineUtilsThread - 0] WARN  pipeline.BackgroundPipelineCreator (BackgroundPipelineCreator.java:run(180)) - RatisPipelineUtilsThread is interrupted.
2022-09-28 09:55:23,392 [Listener at 127.0.0.1/33915] INFO  BackgroundPipelineScrubber (BackgroundSCMService.java:stop(131)) - Stopping BackgroundPipelineScrubber Service.
2022-09-28 09:55:23,392 [BackgroundPipelineScrubberThread] WARN  BackgroundPipelineScrubber (BackgroundSCMService.java:run(115)) - BackgroundPipelineScrubber is interrupted, exit
2022-09-28 09:55:23,393 [Listener at 127.0.0.1/33915] INFO  server.StorageContainerManager (StorageContainerManager.java:stop(1640)) - Stopping SCM MetadataStore.
2022-09-28 09:55:23,398 [Listener at 127.0.0.1/33915] INFO  impl.MetricsSystemImpl (MetricsSystemImpl.java:stop(210)) - Stopping XceiverClientMetrics metrics system...
2022-09-28 09:55:23,402 [prometheus] INFO  impl.MetricsSinkAdapter (MetricsSinkAdapter.java:publishMetricsFromQueue(141)) - prometheus thread interrupted.
2022-09-28 09:55:23,408 [Listener at 127.0.0.1/33915] INFO  impl.MetricsSystemImpl (MetricsSystemImpl.java:stop(216)) - XceiverClientMetrics metrics system stopped.
2022-09-28 09:55:23,616 [Listener at 127.0.0.1/33915] WARN  server.ServerUtils (ServerUtils.java:getScmDbDir(148)) - ozone.scm.db.dirs is not configured. We recommend adding this setting. Falling back to ozone.metadata.dirs instead.
2022-09-28 09:55:23,619 [Listener at 127.0.0.1/33915] WARN  server.ServerUtils (ServerUtils.java:getScmDbDir(148)) - ozone.scm.db.dirs is not configured. We recommend adding this setting. Falling back to ozone.metadata.dirs instead.
2022-09-28 09:55:23,619 [Listener at 127.0.0.1/33915] INFO  ha.SCMHANodeDetails (SCMHANodeDetails.java:loadSCMHAConfig(209)) - ServiceID for StorageContainerManager is null
2022-09-28 09:55:23,619 [Listener at 127.0.0.1/33915] INFO  ha.SCMHANodeDetails (SCMHANodeDetails.java:loadSCMHAConfig(214)) - ozone.scm.default.service.id is not defined, falling back to ozone.scm.service.ids to find serviceID for StorageContainerManager if it is HA enabled cluster
2022-09-28 09:55:23,621 [Listener at 127.0.0.1/33915] WARN  utils.HAUtils (HAUtils.java:getMetaDir(342)) - ozone.scm.db.dirs is not configured. We recommend adding this setting. Falling back to ozone.metadata.dirs instead.
2022-09-28 09:55:23,622 [Listener at 127.0.0.1/33915] WARN  db.DBStoreBuilder (DBStoreBuilder.java:applyDBDefinition(144)) - ozone.scm.db.dirs is not configured. We recommend adding this setting. Falling back to ozone.metadata.dirs instead.
2022-09-28 09:55:23,842 [Listener at 127.0.0.1/33915] INFO  net.NodeSchemaLoader (NodeSchemaLoader.java:loadSchemaFromFile(129)) - Loading schema from [jar:file:/home/runner/.m2/repository/org/apache/ozone/hdds-common/1.3.0-SNAPSHOT/hdds-common-1.3.0-SNAPSHOT.jar!/network-topology-default.xml]
2022-09-28 09:55:23,842 [Listener at 127.0.0.1/33915] INFO  net.NodeSchemaLoader (NodeSchemaLoader.java:loadSchema(176)) - Loading network topology layer schema file
2022-09-28 09:55:23,848 [Listener at 127.0.0.1/33915] INFO  upgrade.AbstractLayoutVersionManager (AbstractLayoutVersionManager.java:init(83)) - Initializing Layout version manager with metadata layout = DATANODE_SCHEMA_V3 (version = 4), software layout = DATANODE_SCHEMA_V3 (version = 4)
2022-09-28 09:55:23,928 [Listener at 127.0.0.1/33915] INFO  reflections.Reflections (Reflections.java:scan(232)) - Reflections took 78 ms to scan 7 urls, producing 135 keys and 327 values 
2022-09-28 09:55:23,931 [Listener at 127.0.0.1/33915] INFO  ha.SequenceIdGenerator (SequenceIdGenerator.java:upgradeToSequenceId(349)) - upgrade localId to 109611004723200000
2022-09-28 09:55:23,932 [Listener at 127.0.0.1/33915] INFO  ha.SequenceIdGenerator (SequenceIdGenerator.java:upgradeToSequenceId(359)) - upgrade delTxnId to 0
2022-09-28 09:55:23,932 [Listener at 127.0.0.1/33915] INFO  ha.SequenceIdGenerator (SequenceIdGenerator.java:upgradeToSequenceId(376)) - upgrade containerId to 0
2022-09-28 09:55:23,932 [Listener at 127.0.0.1/33915] INFO  ha.SequenceIdGenerator (SequenceIdGenerator.java:<init>(220)) - Init the HA SequenceIdGenerator.
2022-09-28 09:55:23,935 [Listener at 127.0.0.1/33915] WARN  server.ServerUtils (ServerUtils.java:sanitizeUserArgs(73)) - ozone.scm.stale.node.interval value = 300000 is larger than max = 100000 based on the key value of ozone.scm.heartbeat.thread.interval, reset to the max value 100000.
2022-09-28 09:55:23,935 [Listener at 127.0.0.1/33915] WARN  server.ServerUtils (ServerUtils.java:sanitizeUserArgs(73)) - ozone.scm.stale.node.interval value = 300000 is larger than max = 100000 based on the key value of ozone.scm.heartbeat.thread.interval, reset to the max value 100000.
2022-09-28 09:55:23,944 [Listener at 127.0.0.1/33915] INFO  node.SCMNodeManager (SCMNodeManager.java:<init>(149)) - Entering startup safe mode.
2022-09-28 09:55:23,945 [Listener at 127.0.0.1/33915] INFO  algorithms.ContainerPlacementPolicyFactory (ContainerPlacementPolicyFactory.java:getPolicyInternal(86)) - Create container placement policy of type org.apache.hadoop.hdds.scm.container.placement.algorithms.SCMContainerPlacementRandom
2022-09-28 09:55:23,945 [Listener at 127.0.0.1/33915] INFO  algorithms.ContainerPlacementPolicyFactory (ContainerPlacementPolicyFactory.java:getPolicyInternal(86)) - Create container placement policy of type org.apache.hadoop.hdds.scm.container.placement.algorithms.SCMContainerPlacementRackScatter
2022-09-28 09:55:23,945 [Listener at 127.0.0.1/33915] INFO  pipeline.PipelineStateManagerImpl (PipelineStateManagerImpl.java:initialize(78)) - No pipeline exists in current db
2022-09-28 09:55:23,945 [Listener at 127.0.0.1/33915] INFO  algorithms.LeaderChoosePolicyFactory (LeaderChoosePolicyFactory.java:getPolicy(57)) - Create leader choose policy of type org.apache.hadoop.hdds.scm.pipeline.leader.choose.algorithms.MinLeaderCountChoosePolicy
2022-09-28 09:55:23,945 [Listener at 127.0.0.1/33915] INFO  algorithms.ContainerPlacementPolicyFactory (ContainerPlacementPolicyFactory.java:getPolicyInternal(86)) - Create container placement policy of type org.apache.hadoop.hdds.scm.container.placement.algorithms.SCMContainerPlacementRackScatter
2022-09-28 09:55:23,946 [Listener at 127.0.0.1/33915] INFO  ha.SCMServiceManager (SCMServiceManager.java:register(42)) - Registering service BackgroundPipelineCreator.
2022-09-28 09:55:23,946 [Listener at 127.0.0.1/33915] INFO  pipeline.BackgroundPipelineCreator (BackgroundPipelineCreator.java:start(124)) - Starting RatisPipelineUtilsThread.
2022-09-28 09:55:23,947 [Listener at 127.0.0.1/33915] INFO  BackgroundPipelineScrubber (BackgroundSCMService.java:start(68)) - Starting BackgroundPipelineScrubber Service.
2022-09-28 09:55:23,947 [Listener at 127.0.0.1/33915] INFO  ha.SCMServiceManager (SCMServiceManager.java:register(42)) - Registering service BackgroundPipelineScrubber.
2022-09-28 09:55:23,947 [Listener at 127.0.0.1/33915] INFO  ExpiredContainerReplicaOpScrubber (BackgroundSCMService.java:start(68)) - Starting ExpiredContainerReplicaOpScrubber Service.
2022-09-28 09:55:23,953 [Listener at 127.0.0.1/33915] INFO  ha.SCMServiceManager (SCMServiceManager.java:register(42)) - Registering service ExpiredContainerReplicaOpScrubber.
2022-09-28 09:55:23,953 [Listener at 127.0.0.1/33915] INFO  algorithms.PipelineChoosePolicyFactory (PipelineChoosePolicyFactory.java:createPipelineChoosePolicyFromClass(73)) - Create pipeline choose policy of type org.apache.hadoop.hdds.scm.pipeline.choose.algorithms.RandomPipelineChoosePolicy
2022-09-28 09:55:23,954 [Listener at 127.0.0.1/33915] INFO  ha.SCMServiceManager (SCMServiceManager.java:register(42)) - Registering service SCMBlockDeletingService.
2022-09-28 09:55:23,954 [Listener at 127.0.0.1/33915] INFO  replication.ReplicationManager (ReplicationManager.java:start(221)) - Starting Replication Monitor Thread.
2022-09-28 09:55:23,985 [Listener at 127.0.0.1/33915] INFO  ha.SCMServiceManager (SCMServiceManager.java:register(42)) - Registering service ReplicationManager.
2022-09-28 09:55:23,985 [Listener at 127.0.0.1/33915] INFO  safemode.ContainerSafeModeRule (ContainerSafeModeRule.java:<init>(89)) - containers with one replica threshold count 0
2022-09-28 09:55:23,985 [Listener at 127.0.0.1/33915] INFO  safemode.HealthyPipelineSafeModeRule (HealthyPipelineSafeModeRule.java:initializeRule(169)) - Total pipeline count is 0, healthy pipeline threshold count is 1
2022-09-28 09:55:23,985 [Listener at 127.0.0.1/33915] INFO  safemode.OneReplicaPipelineSafeModeRule (OneReplicaPipelineSafeModeRule.java:initializeRule(180)) - Total pipeline count is 0, pipeline's with at least one datanode reported threshold count is 0
2022-09-28 09:55:23,986 [ReplicationMonitor] INFO  replication.ReplicationManager (ReplicationManager.java:processAll(289)) - Replication Manager is not ready to run until 3000ms after safemode exit
2022-09-28 09:55:23,987 [Listener at 127.0.0.1/33915] INFO  ipc.CallQueueManager (CallQueueManager.java:<init>(90)) - Using callQueue: class java.util.concurrent.LinkedBlockingQueue, queueCapacity: 2000, scheduler: class org.apache.hadoop.ipc.DefaultRpcScheduler, ipcBackoff: false.
2022-09-28 09:55:23,988 [Socket Reader #1 for port 0] INFO  ipc.Server (Server.java:run(1265)) - Starting Socket Reader #1 for port 0
2022-09-28 09:55:23,989 [Listener at 0.0.0.0/39311] INFO  ipc.CallQueueManager (CallQueueManager.java:<init>(90)) - Using callQueue: class java.util.concurrent.LinkedBlockingQueue, queueCapacity: 2000, scheduler: class org.apache.hadoop.ipc.DefaultRpcScheduler, ipcBackoff: false.
2022-09-28 09:55:23,990 [Socket Reader #1 for port 0] INFO  ipc.Server (Server.java:run(1265)) - Starting Socket Reader #1 for port 0
2022-09-28 09:55:23,990 [Listener at 0.0.0.0/39545] INFO  ipc.CallQueueManager (CallQueueManager.java:<init>(90)) - Using callQueue: class java.util.concurrent.LinkedBlockingQueue, queueCapacity: 2000, scheduler: class org.apache.hadoop.ipc.DefaultRpcScheduler, ipcBackoff: false.
2022-09-28 09:55:23,991 [Socket Reader #1 for port 0] INFO  ipc.Server (Server.java:run(1265)) - Starting Socket Reader #1 for port 0
2022-09-28 09:55:24,040 [Listener at 0.0.0.0/42343] INFO  ha.SCMServiceManager (SCMServiceManager.java:register(42)) - Registering service ContainerBalancer.
2022-09-28 09:55:24,041 [Listener at 0.0.0.0/42343] INFO  server.StorageContainerManager (StorageContainerManager.java:<init>(410)) - 
Container Balancer status:
Key                            Value
Running                        false
Container Balancer Configuration values:
Key                                                Value
Threshold                                          10
Max Datanodes to Involve per Iteration(percent)    20
Max Size to Move per Iteration                     500GB
Max Size Entering Target per Iteration             26GB
Max Size Leaving Source per Iteration              26GB

2022-09-28 09:55:24,041 [Listener at 0.0.0.0/42343] WARN  events.EventQueue (EventQueue.java:fireEvent(216)) - No event handler registered for event TypedEvent{payloadType=SafeModeStatus, name='Safe mode status'}
2022-09-28 09:55:24,041 [Listener at 0.0.0.0/42343] INFO  ha.SCMContext (SCMContext.java:updateSafeModeStatus(228)) - Update SafeModeStatus from SafeModeStatus{safeModeStatus=true, preCheckPassed=false} to SafeModeStatus{safeModeStatus=true, preCheckPassed=false}.
2022-09-28 09:55:24,041 [Listener at 0.0.0.0/42343] INFO  server.StorageContainerManager (StorageContainerManager.java:start(1436)) - StorageContainerLocationProtocol RPC server is listening at /0.0.0.0:42343
2022-09-28 09:55:24,043 [Listener at 0.0.0.0/42343] WARN  impl.MetricsConfig (MetricsConfig.java:loadFirst(136)) - Cannot locate configuration: tried hadoop-metrics2-storagecontainermanager.properties,hadoop-metrics2.properties
2022-09-28 09:55:24,043 [Listener at 0.0.0.0/42343] INFO  impl.MetricsSystemImpl (MetricsSystemImpl.java:startTimer(378)) - Scheduled Metric snapshot period at 10 second(s).
2022-09-28 09:55:24,043 [Listener at 0.0.0.0/42343] INFO  impl.MetricsSystemImpl (MetricsSystemImpl.java:start(191)) - StorageContainerManager metrics system started
2022-09-28 09:55:24,099 [Listener at 0.0.0.0/42343] INFO  impl.MetricsSinkAdapter (MetricsSinkAdapter.java:start(204)) - Sink prometheus started
2022-09-28 09:55:24,100 [Listener at 0.0.0.0/42343] INFO  impl.MetricsSystemImpl (MetricsSystemImpl.java:registerSink(305)) - Registered sink prometheus
2022-09-28 09:55:24,141 [Listener at 0.0.0.0/42343] INFO  server.SCMClientProtocolServer (SCMClientProtocolServer.java:start(170)) - RPC server for Client  is listening at /0.0.0.0:42343
2022-09-28 09:55:24,144 [IPC Server Responder] INFO  ipc.Server (Server.java:run(1507)) - IPC Server Responder: starting
2022-09-28 09:55:24,168 [IPC Server listener on 0] INFO  ipc.Server (Server.java:run(1344)) - IPC Server listener on 0: starting
2022-09-28 09:55:24,277 [Listener at 0.0.0.0/42343] INFO  server.StorageContainerManager (StorageContainerManager.java:start(1451)) - ScmBlockLocationProtocol RPC server is listening at /0.0.0.0:39545
2022-09-28 09:55:24,277 [Listener at 0.0.0.0/42343] INFO  server.SCMBlockProtocolServer (SCMBlockProtocolServer.java:start(152)) - RPC server for Block Protocol is listening at /0.0.0.0:39545
2022-09-28 09:55:24,278 [IPC Server Responder] INFO  ipc.Server (Server.java:run(1507)) - IPC Server Responder: starting
2022-09-28 09:55:24,278 [IPC Server listener on 0] INFO  ipc.Server (Server.java:run(1344)) - IPC Server listener on 0: starting
2022-09-28 09:55:24,356 [Listener at 0.0.0.0/42343] INFO  server.SCMDatanodeProtocolServer (SCMDatanodeProtocolServer.java:start(186)) - ScmDatanodeProtocol RPC server for DataNodes is listening at /0.0.0.0:39311
2022-09-28 09:55:24,396 [IPC Server listener on 0] INFO  ipc.Server (Server.java:run(1344)) - IPC Server listener on 0: starting
2022-09-28 09:55:24,396 [IPC Server Responder] INFO  ipc.Server (Server.java:run(1507)) - IPC Server Responder: starting
2022-09-28 09:55:24,448 [Listener at 0.0.0.0/42343] INFO  http.BaseHttpServer (BaseHttpServer.java:newHttpServer2BuilderForOzone(213)) - Starting Web-server for scm at: http://0.0.0.0:0
2022-09-28 09:55:24,449 [Listener at 0.0.0.0/42343] INFO  http.BaseHttpServer (BaseHttpServer.java:<init>(108)) - Hadoop Security Enabled: false Ozone Security Enabled: false Ozone HTTP Security Enabled: false 
2022-09-28 09:55:24,450 [Listener at 0.0.0.0/42343] INFO  server.AuthenticationFilter (AuthenticationFilter.java:constructSecretProvider(240)) - Unable to initialize FileSignerSecretProvider, falling back to use random secrets.
2022-09-28 09:55:24,467 [org.apache.hadoop.util.JvmPauseMonitor$Monitor@396d47aa] INFO  util.JvmPauseMonitor (JvmPauseMonitor.java:run(188)) - Starting JVM pause monitor
2022-09-28 09:55:24,467 [Listener at 0.0.0.0/42343] WARN  http.HttpRequestLog (HttpRequestLog.java:getRequestLog(103)) - Jetty request log can only be enabled using Log4j
2022-09-28 09:55:24,470 [Listener at 0.0.0.0/42343] INFO  http.HttpServer2 (HttpServer2.java:addGlobalFilter(1029)) - Added global filter 'safety' (class=org.apache.hadoop.hdds.server.http.HttpServer2$QuotingInputFilter)
2022-09-28 09:55:24,470 [Listener at 0.0.0.0/42343] INFO  http.HttpServer2 (HttpServer2.java:addFilter(1005)) - Added filter static_user_filter (class=org.apache.hadoop.http.lib.StaticUserWebFilter$StaticUserFilter) to context scm
2022-09-28 09:55:24,470 [Listener at 0.0.0.0/42343] INFO  http.HttpServer2 (HttpServer2.java:addFilter(1013)) - Added filter static_user_filter (class=org.apache.hadoop.http.lib.StaticUserWebFilter$StaticUserFilter) to context logs
2022-09-28 09:55:24,471 [Listener at 0.0.0.0/42343] INFO  http.HttpServer2 (HttpServer2.java:addFilter(1013)) - Added filter static_user_filter (class=org.apache.hadoop.http.lib.StaticUserWebFilter$StaticUserFilter) to context static
2022-09-28 09:55:24,471 [Listener at 0.0.0.0/42343] INFO  http.HttpServer2 (HttpServer2.java:bindListener(1248)) - Jetty bound to port 36733
2022-09-28 09:55:24,471 [Listener at 0.0.0.0/42343] INFO  server.Server (Server.java:doStart(375)) - jetty-9.4.43.v20210629; built: 2021-06-30T11:07:22.254Z; git: 526006ecfa3af7f1a27ef3a288e2bef7ea9dd7e8; jvm 1.8.0_345-b01
2022-09-28 09:55:24,475 [Listener at 0.0.0.0/42343] INFO  server.session (DefaultSessionIdManager.java:doStart(334)) - DefaultSessionIdManager workerName=node0
2022-09-28 09:55:24,475 [Listener at 0.0.0.0/42343] INFO  server.session (DefaultSessionIdManager.java:doStart(339)) - No SessionScavenger set, using defaults
2022-09-28 09:55:24,475 [Listener at 0.0.0.0/42343] INFO  server.session (HouseKeeper.java:startScavenging(132)) - node0 Scavenging every 600000ms
2022-09-28 09:55:24,476 [Listener at 0.0.0.0/42343] INFO  handler.ContextHandler (ContextHandler.java:doStart(915)) - Started o.e.j.s.ServletContextHandler@2e96b7f6{logs,/logs,file:///home/runner/work/ozone/ozone/hadoop-ozone/integration-test/target/log,AVAILABLE}
2022-09-28 09:55:24,476 [Listener at 0.0.0.0/42343] INFO  handler.ContextHandler (ContextHandler.java:doStart(915)) - Started o.e.j.s.ServletContextHandler@759216cb{static,/static,file:///home/runner/work/ozone/ozone/hadoop-ozone/integration-test/target/test-classes/webapps/static,AVAILABLE}
2022-09-28 09:55:24,480 [Listener at 0.0.0.0/42343] INFO  handler.ContextHandler (ContextHandler.java:doStart(915)) - Started o.e.j.w.WebAppContext@399f3ea3{scm,/,file:///home/runner/work/ozone/ozone/hadoop-ozone/integration-test/target/test-classes/webapps/scm/,AVAILABLE}{file:/home/runner/work/ozone/ozone/hadoop-ozone/integration-test/target/test-classes/webapps/scm}
2022-09-28 09:55:24,485 [Listener at 0.0.0.0/42343] INFO  server.AbstractConnector (AbstractConnector.java:doStart(331)) - Started ServerConnector@4c57e410{HTTP/1.1, (http/1.1)}{0.0.0.0:36733}
2022-09-28 09:55:24,485 [Listener at 0.0.0.0/42343] INFO  server.Server (Server.java:doStart(415)) - Started @89061ms
2022-09-28 09:55:24,485 [Listener at 0.0.0.0/42343] WARN  impl.MetricsSystemImpl (MetricsSystemImpl.java:register(279)) - Sink prometheus already exists!
2022-09-28 09:55:24,492 [Listener at 0.0.0.0/42343] INFO  http.BaseHttpServer (BaseHttpServer.java:updateConnectorAddress(333)) - HTTP server of scm listening at http://0.0.0.0:36733
2022-09-28 09:55:24,492 [Listener at 0.0.0.0/42343] WARN  server.ServerUtils (ServerUtils.java:getDBPath(225)) - ozone.om.db.dirs is not configured. We recommend adding this setting. Falling back to ozone.metadata.dirs instead.
2022-09-28 09:55:24,497 [Listener at 0.0.0.0/42343] INFO  ha.OMHANodeDetails (OMHANodeDetails.java:loadOMHAConfig(115)) - ozone.om.internal.service.id is not defined, falling back to ozone.om.service.ids to find serviceID for OzoneManager if it is HA enabled cluster
2022-09-28 09:55:24,497 [Listener at 0.0.0.0/42343] INFO  ha.OMHANodeDetails (OMHANodeDetails.java:loadOMHAConfig(226)) - Configuration does not have ozone.om.address set. Falling back to the default OM address /127.0.0.1:0
2022-09-28 09:55:24,497 [Listener at 0.0.0.0/42343] INFO  ha.OMHANodeDetails (OMHANodeDetails.java:getOMNodeDetailsForNonHA(254)) - OM Service ID is not set. Setting it to the default ID: omServiceIdDefault
2022-09-28 09:55:24,497 [Listener at 0.0.0.0/42343] INFO  ha.OMHANodeDetails (OMHANodeDetails.java:getOMNodeDetailsForNonHA(261)) - OM Node ID is not set. Setting it to the default ID: om1
2022-09-28 09:55:24,498 [Listener at 0.0.0.0/42343] WARN  server.ServerUtils (ServerUtils.java:getDBPath(225)) - ozone.om.db.dirs is not configured. We recommend adding this setting. Falling back to ozone.metadata.dirs instead.
2022-09-28 09:55:24,498 [Listener at 0.0.0.0/42343] INFO  upgrade.AbstractLayoutVersionManager (AbstractLayoutVersionManager.java:init(83)) - Initializing Layout version manager with metadata layout = MULTITENANCY_SCHEMA (version = 3), software layout = MULTITENANCY_SCHEMA (version = 3)
2022-09-28 09:55:24,703 [Listener at 0.0.0.0/42343] INFO  reflections.Reflections (Reflections.java:scan(232)) - Reflections took 205 ms to scan 2 urls, producing 153 keys and 427 values [using 2 cores]
2022-09-28 09:55:24,703 [Listener at 0.0.0.0/42343] INFO  upgrade.OMLayoutVersionManager (OMLayoutVersionManager.java:lambda$0(115)) - Skipping Upgrade Action MockOmUpgradeAction since it has been finalized.
2022-09-28 09:55:24,704 [Listener at 0.0.0.0/42343] WARN  server.ServerUtils (ServerUtils.java:getDBPath(225)) - ozone.om.db.dirs is not configured. We recommend adding this setting. Falling back to ozone.metadata.dirs instead.
2022-09-28 09:55:24,704 [Listener at 0.0.0.0/42343] INFO  proxy.SCMBlockLocationFailoverProxyProvider (SCMBlockLocationFailoverProxyProvider.java:<init>(114)) - Created block location fail-over proxy with 1 nodes: [nodeId=scmNodeId,nodeAddress=/0.0.0.0:39545]
2022-09-28 09:55:24,705 [Listener at 0.0.0.0/42343] INFO  proxy.SCMBlockLocationFailoverProxyProvider (SCMBlockLocationFailoverProxyProvider.java:<init>(114)) - Created block location fail-over proxy with 1 nodes: [nodeId=scmNodeId,nodeAddress=/0.0.0.0:39545]
2022-09-28 09:55:24,721 [Listener at 0.0.0.0/42343] WARN  server.ServerUtils (ServerUtils.java:getDBPath(225)) - ozone.om.db.dirs is not configured. We recommend adding this setting. Falling back to ozone.metadata.dirs instead.
2022-09-28 09:55:24,722 [Listener at 0.0.0.0/42343] INFO  codec.OmKeyInfoCodec (OmKeyInfoCodec.java:<init>(49)) - OmKeyInfoCodec ignorePipeline = true
2022-09-28 09:55:24,722 [Listener at 0.0.0.0/42343] INFO  codec.RepeatedOmKeyInfoCodec (RepeatedOmKeyInfoCodec.java:<init>(41)) - RepeatedOmKeyInfoCodec ignorePipeline = true
2022-09-28 09:55:25,050 [Listener at 0.0.0.0/42343] INFO  om.OzoneManager (OzoneManager.java:instantiateServices(709)) - S3 Multi-Tenancy is disabled
2022-09-28 09:55:25,051 [Listener at 0.0.0.0/42343] INFO  om.OzoneManager (OzoneManager.java:addS3GVolumeToDB(4324)) - Created Volume s3v With Owner runner required for S3Gateway operations.
2022-09-28 09:55:25,052 [Listener at 0.0.0.0/42343] INFO  om.OzoneManager (OzoneManager.java:getRpcServer(1099)) - Creating RPC Server
2022-09-28 09:55:26,200 [Listener at 0.0.0.0/42343] INFO  reflections.Reflections (Reflections.java:scan(232)) - Reflections took 1140 ms to scan 19 urls, producing 67 keys and 4204 values [using 2 cores]
2022-09-28 09:55:26,201 [Listener at 0.0.0.0/42343] INFO  ipc.CallQueueManager (CallQueueManager.java:<init>(90)) - Using callQueue: class java.util.concurrent.LinkedBlockingQueue, queueCapacity: 2000, scheduler: class org.apache.hadoop.ipc.DefaultRpcScheduler, ipcBackoff: false.
2022-09-28 09:55:26,212 [Socket Reader #1 for port 0] INFO  ipc.Server (Server.java:run(1265)) - Starting Socket Reader #1 for port 0
2022-09-28 09:55:26,255 [Listener at 127.0.0.1/43879] INFO  impl.MetricsSystemImpl (MetricsSystemImpl.java:init(158)) - OzoneManager metrics system started (again)
2022-09-28 09:55:26,294 [Listener at 127.0.0.1/43879] INFO  om.OzoneManager (OzoneManager.java:start(1483)) - OzoneManager RPC server is listening at localhost/127.0.0.1:43879
2022-09-28 09:55:26,294 [Listener at 127.0.0.1/43879] INFO  om.OzoneManager (OzoneManager.java:start(1499)) - Version File has different layout version (3) than OM DB (null). That is expected if this OM has never been finalized to a newer layout version.
2022-09-28 09:55:26,329 [Listener at 127.0.0.1/43879] INFO  http.BaseHttpServer (BaseHttpServer.java:newHttpServer2BuilderForOzone(213)) - Starting Web-server for ozoneManager at: http://0.0.0.0:0
2022-09-28 09:55:26,329 [Listener at 127.0.0.1/43879] INFO  http.BaseHttpServer (BaseHttpServer.java:<init>(108)) - Hadoop Security Enabled: false Ozone Security Enabled: false Ozone HTTP Security Enabled: false 
2022-09-28 09:55:26,330 [Listener at 127.0.0.1/43879] INFO  server.AuthenticationFilter (AuthenticationFilter.java:constructSecretProvider(240)) - Unable to initialize FileSignerSecretProvider, falling back to use random secrets.
2022-09-28 09:55:26,337 [Listener at 127.0.0.1/43879] WARN  http.HttpRequestLog (HttpRequestLog.java:getRequestLog(103)) - Jetty request log can only be enabled using Log4j
2022-09-28 09:55:26,338 [Listener at 127.0.0.1/43879] INFO  http.HttpServer2 (HttpServer2.java:addGlobalFilter(1029)) - Added global filter 'safety' (class=org.apache.hadoop.hdds.server.http.HttpServer2$QuotingInputFilter)
2022-09-28 09:55:26,339 [Listener at 127.0.0.1/43879] INFO  http.HttpServer2 (HttpServer2.java:addFilter(1005)) - Added filter static_user_filter (class=org.apache.hadoop.http.lib.StaticUserWebFilter$StaticUserFilter) to context ozoneManager
2022-09-28 09:55:26,339 [Listener at 127.0.0.1/43879] INFO  http.HttpServer2 (HttpServer2.java:addFilter(1013)) - Added filter static_user_filter (class=org.apache.hadoop.http.lib.StaticUserWebFilter$StaticUserFilter) to context static
2022-09-28 09:55:26,339 [Listener at 127.0.0.1/43879] INFO  http.HttpServer2 (HttpServer2.java:addFilter(1013)) - Added filter static_user_filter (class=org.apache.hadoop.http.lib.StaticUserWebFilter$StaticUserFilter) to context logs
2022-09-28 09:55:26,340 [Listener at 127.0.0.1/43879] INFO  http.HttpServer2 (HttpServer2.java:bindListener(1248)) - Jetty bound to port 46533
2022-09-28 09:55:26,340 [Listener at 127.0.0.1/43879] INFO  server.Server (Server.java:doStart(375)) - jetty-9.4.43.v20210629; built: 2021-06-30T11:07:22.254Z; git: 526006ecfa3af7f1a27ef3a288e2bef7ea9dd7e8; jvm 1.8.0_345-b01
2022-09-28 09:55:26,404 [Listener at 127.0.0.1/43879] INFO  server.session (DefaultSessionIdManager.java:doStart(334)) - DefaultSessionIdManager workerName=node0
2022-09-28 09:55:26,405 [Listener at 127.0.0.1/43879] INFO  server.session (DefaultSessionIdManager.java:doStart(339)) - No SessionScavenger set, using defaults
2022-09-28 09:55:26,405 [Listener at 127.0.0.1/43879] INFO  server.session (HouseKeeper.java:startScavenging(132)) - node0 Scavenging every 600000ms
2022-09-28 09:55:26,417 [Listener at 127.0.0.1/43879] INFO  handler.ContextHandler (ContextHandler.java:doStart(915)) - Started o.e.j.s.ServletContextHandler@27887cfe{logs,/logs,file:///home/runner/work/ozone/ozone/hadoop-ozone/integration-test/target/log,AVAILABLE}
2022-09-28 09:55:26,417 [Listener at 127.0.0.1/43879] INFO  handler.ContextHandler (ContextHandler.java:doStart(915)) - Started o.e.j.s.ServletContextHandler@320f451{static,/static,file:///home/runner/work/ozone/ozone/hadoop-ozone/integration-test/target/test-classes/webapps/static,AVAILABLE}
2022-09-28 09:55:26,419 [Listener at 127.0.0.1/43879] INFO  handler.ContextHandler (ContextHandler.java:doStart(915)) - Started o.e.j.w.WebAppContext@7c95d101{ozoneManager,/,file:///home/runner/work/ozone/ozone/hadoop-ozone/integration-test/target/test-classes/webapps/ozoneManager/,AVAILABLE}{file:/home/runner/work/ozone/ozone/hadoop-ozone/integration-test/target/test-classes/webapps/ozoneManager}
2022-09-28 09:55:26,421 [Listener at 127.0.0.1/43879] INFO  server.AbstractConnector (AbstractConnector.java:doStart(331)) - Started ServerConnector@62f4f79e{HTTP/1.1, (http/1.1)}{0.0.0.0:46533}
2022-09-28 09:55:26,421 [Listener at 127.0.0.1/43879] INFO  server.Server (Server.java:doStart(415)) - Started @90997ms
2022-09-28 09:55:26,421 [Listener at 127.0.0.1/43879] WARN  impl.MetricsSystemImpl (MetricsSystemImpl.java:register(279)) - Sink prometheus already exists!
2022-09-28 09:55:26,422 [Listener at 127.0.0.1/43879] INFO  http.BaseHttpServer (BaseHttpServer.java:updateConnectorAddress(333)) - HTTP server of ozoneManager listening at http://0.0.0.0:46533
2022-09-28 09:55:26,429 [IPC Server Responder] INFO  ipc.Server (Server.java:run(1507)) - IPC Server Responder: starting
2022-09-28 09:55:26,432 [IPC Server listener on 0] INFO  ipc.Server (Server.java:run(1344)) - IPC Server listener on 0: starting
2022-09-28 09:55:26,442 [Listener at 127.0.0.1/43879] INFO  om.TrashPolicyOzone (TrashPolicyOzone.java:<init>(178)) - Ozone Manager trash configuration: Deletion interval = 0 minutes, Emptier interval = 0 minutes.
2022-09-28 09:55:26,492 [org.apache.hadoop.util.JvmPauseMonitor$Monitor@7db2df20] INFO  util.JvmPauseMonitor (JvmPauseMonitor.java:run(188)) - Starting JVM pause monitor
2022-09-28 09:55:26,515 [Listener at 127.0.0.1/43879] INFO  impl.MetricsSystemImpl (MetricsSystemImpl.java:init(158)) - HddsDatanode metrics system started (again)
2022-09-28 09:55:26,538 [Listener at 127.0.0.1/43879] INFO  ozone.HddsDatanodeService (HddsDatanodeService.java:start(236)) - HddsDatanodeService host:fv-az204-790.d0ggoinxmwcejgojbuqly40l0e.cx.internal.cloudapp.net ip:10.1.1.21
2022-09-28 09:55:26,558 [Listener at 127.0.0.1/43879] INFO  upgrade.AbstractLayoutVersionManager (AbstractLayoutVersionManager.java:init(83)) - Initializing Layout version manager with metadata layout = DATANODE_SCHEMA_V3 (version = 4), software layout = DATANODE_SCHEMA_V3 (version = 4)
2022-09-28 09:55:26,678 [Listener at 127.0.0.1/43879] INFO  reflections.Reflections (Reflections.java:scan(232)) - Reflections took 119 ms to scan 7 urls, producing 135 keys and 327 values 
2022-09-28 09:55:26,679 [Listener at 127.0.0.1/43879] INFO  statemachine.DatanodeStateMachine (DatanodeStateMachine.java:getEndPointTaskThreadPoolSize(237)) - Datanode State Machine Task Thread Pool size 2
2022-09-28 09:55:26,693 [Listener at 127.0.0.1/43879] INFO  volume.HddsVolume (HddsVolume.java:<init>(117)) - Creating HddsVolume: /home/runner/work/ozone/ozone/hadoop-ozone/integration-test/target/test-dir/MiniOzoneClusterImpl-cfeb4578-2b30-44dc-9f0d-998ef01d83f0/datanode-0/data-0/containers/hdds of storage type : DISK capacity : 9223372036854775807
2022-09-28 09:55:26,693 [Listener at 127.0.0.1/43879] INFO  volume.MutableVolumeSet (MutableVolumeSet.java:initializeVolumeSet(174)) - Added Volume : /home/runner/work/ozone/ozone/hadoop-ozone/integration-test/target/test-dir/MiniOzoneClusterImpl-cfeb4578-2b30-44dc-9f0d-998ef01d83f0/datanode-0/data-0/containers/hdds to VolumeSet
2022-09-28 09:55:26,693 [Listener at 127.0.0.1/43879] INFO  volume.ThrottledAsyncChecker (ThrottledAsyncChecker.java:schedule(141)) - Scheduling a check for /home/runner/work/ozone/ozone/hadoop-ozone/integration-test/target/test-dir/MiniOzoneClusterImpl-cfeb4578-2b30-44dc-9f0d-998ef01d83f0/datanode-0/data-0/containers/hdds
2022-09-28 09:55:26,694 [Listener at 127.0.0.1/43879] INFO  volume.StorageVolumeChecker (StorageVolumeChecker.java:checkAllVolumes(202)) - Scheduled health check for volume /home/runner/work/ozone/ozone/hadoop-ozone/integration-test/target/test-dir/MiniOzoneClusterImpl-cfeb4578-2b30-44dc-9f0d-998ef01d83f0/datanode-0/data-0/containers/hdds
2022-09-28 09:55:26,704 [Listener at 127.0.0.1/43879] INFO  volume.MutableVolumeSet (MutableVolumeSet.java:initializeVolumeSet(174)) - Added Volume : /home/runner/work/ozone/ozone/hadoop-ozone/integration-test/target/test-dir/MiniOzoneClusterImpl-cfeb4578-2b30-44dc-9f0d-998ef01d83f0/datanode-0/data/ratis to VolumeSet
2022-09-28 09:55:26,704 [Listener at 127.0.0.1/43879] INFO  volume.ThrottledAsyncChecker (ThrottledAsyncChecker.java:schedule(141)) - Scheduling a check for /home/runner/work/ozone/ozone/hadoop-ozone/integration-test/target/test-dir/MiniOzoneClusterImpl-cfeb4578-2b30-44dc-9f0d-998ef01d83f0/datanode-0/data/ratis
2022-09-28 09:55:26,717 [Listener at 127.0.0.1/43879] INFO  volume.StorageVolumeChecker (StorageVolumeChecker.java:checkAllVolumes(202)) - Scheduled health check for volume /home/runner/work/ozone/ozone/hadoop-ozone/integration-test/target/test-dir/MiniOzoneClusterImpl-cfeb4578-2b30-44dc-9f0d-998ef01d83f0/datanode-0/data/ratis
2022-09-28 09:55:26,760 [Thread-590] INFO  ozoneimpl.ContainerReader (ContainerReader.java:readVolume(175)) - Finish verifying containers on volume /home/runner/work/ozone/ozone/hadoop-ozone/integration-test/target/test-dir/MiniOzoneClusterImpl-cfeb4578-2b30-44dc-9f0d-998ef01d83f0/datanode-0/data-0/containers/hdds
2022-09-28 09:55:26,760 [Listener at 127.0.0.1/43879] INFO  ozoneimpl.OzoneContainer (OzoneContainer.java:buildContainerSet(300)) - Build ContainerSet costs 0s
2022-09-28 09:55:26,762 [Listener at 127.0.0.1/43879] INFO  server.RaftServer (ConfUtils.java:logGet(46)) - raft.rpc.type = GRPC (default)
2022-09-28 09:55:26,763 [Listener at 127.0.0.1/43879] INFO  grpc.GrpcFactory (GrpcFactory.java:checkPooledByteBufAllocatorUseCacheForAllThreads(48)) - PERFORMANCE WARNING: useCacheForAllThreads is true that may cause Netty to create a lot garbage objects and, as a result, trigger GC.
	It is recommended to disable useCacheForAllThreads by setting -Dorg.apache.ratis.thirdparty.io.netty.allocator.useCacheForAllThreads=false in command line.
2022-09-28 09:55:26,763 [Listener at 127.0.0.1/43879] INFO  grpc.GrpcConfigKeys (ConfUtils.java:logGet(46)) - raft.grpc.admin.port = 0 (custom)
2022-09-28 09:55:26,763 [Listener at 127.0.0.1/43879] INFO  grpc.GrpcConfigKeys (ConfUtils.java:logGet(46)) - raft.grpc.client.port = 0 (custom)
2022-09-28 09:55:26,763 [Listener at 127.0.0.1/43879] INFO  grpc.GrpcConfigKeys (ConfUtils.java:logGet(46)) - raft.grpc.server.port = 0 (default)
2022-09-28 09:55:26,763 [Listener at 127.0.0.1/43879] INFO  server.GrpcService (ConfUtils.java:logGet(46)) - raft.grpc.message.size.max = 32MB (=33554432) (custom)
2022-09-28 09:55:26,763 [Listener at 127.0.0.1/43879] INFO  server.RaftServerConfigKeys (ConfUtils.java:logGet(46)) - raft.server.log.appender.buffer.byte-limit = 33554432 (custom)
2022-09-28 09:55:26,764 [Listener at 127.0.0.1/43879] INFO  server.GrpcService (ConfUtils.java:logGet(46)) - raft.grpc.flow.control.window = 5MB (=5242880) (custom)
2022-09-28 09:55:26,764 [Listener at 127.0.0.1/43879] INFO  server.RaftServerConfigKeys (ConfUtils.java:logGet(46)) - raft.server.rpc.request.timeout = 60s (custom)
2022-09-28 09:55:26,764 [Listener at 127.0.0.1/43879] INFO  grpc.GrpcConfigKeys (ConfUtils.java:logGet(46)) - raft.grpc.server.async.request.thread.pool.cached = true (default)
2022-09-28 09:55:26,764 [Listener at 127.0.0.1/43879] INFO  grpc.GrpcConfigKeys (ConfUtils.java:logGet(46)) - raft.grpc.server.async.request.thread.pool.size = 32 (default)
2022-09-28 09:55:26,765 [Listener at 127.0.0.1/43879] INFO  impl.DataStreamServerImpl (ConfUtils.java:logGet(46)) - raft.datastream.type = DISABLED (default)
2022-09-28 09:55:26,765 [Listener at 127.0.0.1/43879] INFO  server.RaftServerConfigKeys (ConfUtils.java:logGet(46)) - raft.server.threadpool.proxy.cached = true (default)
2022-09-28 09:55:26,767 [Listener at 127.0.0.1/43879] INFO  server.RaftServerConfigKeys (ConfUtils.java:logGet(46)) - raft.server.threadpool.proxy.size = 0 (default)
2022-09-28 09:55:26,767 [Listener at 127.0.0.1/43879] INFO  server.RaftServerConfigKeys (ConfUtils.java:logGet(46)) - raft.server.rpc.slowness.timeout = 300s (custom)
2022-09-28 09:55:26,767 [Listener at 127.0.0.1/43879] INFO  server.RaftServerConfigKeys (ConfUtils.java:logGet(46)) - raft.server.leaderelection.leader.step-down.wait-time = 10s (default)
2022-09-28 09:55:26,767 [Listener at 127.0.0.1/43879] INFO  server.RaftServerConfigKeys (ConfUtils.java:logGet(46)) - raft.server.storage.dir = [/home/runner/work/ozone/ozone/hadoop-ozone/integration-test/target/test-dir/MiniOzoneClusterImpl-cfeb4578-2b30-44dc-9f0d-998ef01d83f0/datanode-0/data/ratis] (custom)
2022-09-28 09:55:26,773 [Listener at 127.0.0.1/43879] INFO  server.XceiverServerGrpc (XceiverServerGrpc.java:<init>(132)) - GrpcServer channel type EpollServerSocketChannel
2022-09-28 09:55:26,785 [Listener at 127.0.0.1/43879] INFO  http.BaseHttpServer (BaseHttpServer.java:newHttpServer2BuilderForOzone(213)) - Starting Web-server for hddsDatanode at: http://0.0.0.0:0
2022-09-28 09:55:26,785 [Listener at 127.0.0.1/43879] INFO  http.BaseHttpServer (BaseHttpServer.java:<init>(108)) - Hadoop Security Enabled: false Ozone Security Enabled: false Ozone HTTP Security Enabled: false 
2022-09-28 09:55:26,786 [Listener at 127.0.0.1/43879] INFO  server.AuthenticationFilter (AuthenticationFilter.java:constructSecretProvider(240)) - Unable to initialize FileSignerSecretProvider, falling back to use random secrets.
2022-09-28 09:55:26,788 [Listener at 127.0.0.1/43879] WARN  http.HttpRequestLog (HttpRequestLog.java:getRequestLog(103)) - Jetty request log can only be enabled using Log4j
2022-09-28 09:55:26,789 [Listener at 127.0.0.1/43879] INFO  http.HttpServer2 (HttpServer2.java:addGlobalFilter(1029)) - Added global filter 'safety' (class=org.apache.hadoop.hdds.server.http.HttpServer2$QuotingInputFilter)
2022-09-28 09:55:26,791 [Listener at 127.0.0.1/43879] INFO  http.HttpServer2 (HttpServer2.java:addFilter(1005)) - Added filter static_user_filter (class=org.apache.hadoop.http.lib.StaticUserWebFilter$StaticUserFilter) to context hddsDatanode
2022-09-28 09:55:26,791 [Listener at 127.0.0.1/43879] INFO  http.HttpServer2 (HttpServer2.java:addFilter(1013)) - Added filter static_user_filter (class=org.apache.hadoop.http.lib.StaticUserWebFilter$StaticUserFilter) to context logs
2022-09-28 09:55:26,791 [Listener at 127.0.0.1/43879] INFO  http.HttpServer2 (HttpServer2.java:addFilter(1013)) - Added filter static_user_filter (class=org.apache.hadoop.http.lib.StaticUserWebFilter$StaticUserFilter) to context static
2022-09-28 09:55:26,791 [Listener at 127.0.0.1/43879] INFO  http.HttpServer2 (HttpServer2.java:bindListener(1248)) - Jetty bound to port 42473
2022-09-28 09:55:26,792 [Listener at 127.0.0.1/43879] INFO  server.Server (Server.java:doStart(375)) - jetty-9.4.43.v20210629; built: 2021-06-30T11:07:22.254Z; git: 526006ecfa3af7f1a27ef3a288e2bef7ea9dd7e8; jvm 1.8.0_345-b01
2022-09-28 09:55:26,848 [Listener at 127.0.0.1/43879] INFO  server.session (DefaultSessionIdManager.java:doStart(334)) - DefaultSessionIdManager workerName=node0
2022-09-28 09:55:26,849 [Listener at 127.0.0.1/43879] INFO  server.session (DefaultSessionIdManager.java:doStart(339)) - No SessionScavenger set, using defaults
2022-09-28 09:55:26,849 [Listener at 127.0.0.1/43879] INFO  server.session (HouseKeeper.java:startScavenging(132)) - node0 Scavenging every 600000ms
2022-09-28 09:55:26,857 [Listener at 127.0.0.1/43879] INFO  handler.ContextHandler (ContextHandler.java:doStart(915)) - Started o.e.j.s.ServletContextHandler@44757ab5{logs,/logs,file:///home/runner/work/ozone/ozone/hadoop-ozone/integration-test/target/log,AVAILABLE}
2022-09-28 09:55:26,857 [Listener at 127.0.0.1/43879] INFO  handler.ContextHandler (ContextHandler.java:doStart(915)) - Started o.e.j.s.ServletContextHandler@3cd5db14{static,/static,jar:file:/home/runner/.m2/repository/org/apache/ozone/hdds-container-service/1.3.0-SNAPSHOT/hdds-container-service-1.3.0-SNAPSHOT.jar!/webapps/static,AVAILABLE}
2022-09-28 09:55:27,327 [Listener at 127.0.0.1/43879] INFO  handler.ContextHandler (ContextHandler.java:doStart(915)) - Started o.e.j.w.WebAppContext@73c53860{hddsDatanode,/,file:///tmp/jetty-0_0_0_0-42473-hdds-container-service-1_3_0-SNAPSHOT_jar-_-any-5252526962237563318/webapp/,AVAILABLE}{jar:file:/home/runner/.m2/repository/org/apache/ozone/hdds-container-service/1.3.0-SNAPSHOT/hdds-container-service-1.3.0-SNAPSHOT.jar!/webapps/hddsDatanode}
2022-09-28 09:55:27,340 [Listener at 127.0.0.1/43879] INFO  server.AbstractConnector (AbstractConnector.java:doStart(331)) - Started ServerConnector@31b38a32{HTTP/1.1, (http/1.1)}{0.0.0.0:42473}
2022-09-28 09:55:27,342 [Listener at 127.0.0.1/43879] INFO  server.Server (Server.java:doStart(415)) - Started @91918ms
2022-09-28 09:55:27,342 [Listener at 127.0.0.1/43879] WARN  impl.MetricsSystemImpl (MetricsSystemImpl.java:register(279)) - Sink prometheus already exists!
2022-09-28 09:55:27,348 [Listener at 127.0.0.1/43879] INFO  http.BaseHttpServer (BaseHttpServer.java:updateConnectorAddress(333)) - HTTP server of hddsDatanode listening at http://0.0.0.0:42473
2022-09-28 09:55:27,356 [Datanode State Machine Daemon Thread] INFO  statemachine.DatanodeStateMachine (DatanodeStateMachine.java:lambda$startDaemon$0(492)) - Ozone container server started.
2022-09-28 09:55:27,356 [Listener at 127.0.0.1/43879] INFO  impl.MetricsSystemImpl (MetricsSystemImpl.java:init(158)) - HddsDatanode metrics system started (again)
2022-09-28 09:55:27,377 [org.apache.hadoop.util.JvmPauseMonitor$Monitor@48f73b6d] INFO  util.JvmPauseMonitor (JvmPauseMonitor.java:run(188)) - Starting JVM pause monitor
2022-09-28 09:55:27,393 [Datanode State Machine Task Thread - 0] INFO  datanode.InitDatanodeState (InitDatanodeState.java:persistContainerDatanodeDetails(138)) - DatanodeDetails is persisted to /home/runner/work/ozone/ozone/hadoop-ozone/integration-test/target/test-dir/MiniOzoneClusterImpl-cfeb4578-2b30-44dc-9f0d-998ef01d83f0/datanode-0/meta/datanode.id
2022-09-28 09:55:27,403 [Listener at 127.0.0.1/43879] INFO  ozone.HddsDatanodeService (HddsDatanodeService.java:start(236)) - HddsDatanodeService host:fv-az204-790.d0ggoinxmwcejgojbuqly40l0e.cx.internal.cloudapp.net ip:10.1.1.21
2022-09-28 09:55:27,427 [Listener at 127.0.0.1/43879] INFO  upgrade.AbstractLayoutVersionManager (AbstractLayoutVersionManager.java:init(83)) - Initializing Layout version manager with metadata layout = DATANODE_SCHEMA_V3 (version = 4), software layout = DATANODE_SCHEMA_V3 (version = 4)
2022-09-28 09:55:27,551 [Listener at 127.0.0.1/43879] INFO  reflections.Reflections (Reflections.java:scan(232)) - Reflections took 123 ms to scan 7 urls, producing 135 keys and 327 values 
2022-09-28 09:55:27,552 [Listener at 127.0.0.1/43879] INFO  statemachine.DatanodeStateMachine (DatanodeStateMachine.java:getEndPointTaskThreadPoolSize(237)) - Datanode State Machine Task Thread Pool size 2
2022-09-28 09:55:27,565 [Listener at 127.0.0.1/43879] INFO  volume.HddsVolume (HddsVolume.java:<init>(117)) - Creating HddsVolume: /home/runner/work/ozone/ozone/hadoop-ozone/integration-test/target/test-dir/MiniOzoneClusterImpl-cfeb4578-2b30-44dc-9f0d-998ef01d83f0/datanode-1/data-0/containers/hdds of storage type : DISK capacity : 9223372036854775807
2022-09-28 09:55:27,565 [Listener at 127.0.0.1/43879] INFO  volume.MutableVolumeSet (MutableVolumeSet.java:initializeVolumeSet(174)) - Added Volume : /home/runner/work/ozone/ozone/hadoop-ozone/integration-test/target/test-dir/MiniOzoneClusterImpl-cfeb4578-2b30-44dc-9f0d-998ef01d83f0/datanode-1/data-0/containers/hdds to VolumeSet
2022-09-28 09:55:27,565 [Listener at 127.0.0.1/43879] INFO  volume.ThrottledAsyncChecker (ThrottledAsyncChecker.java:schedule(141)) - Scheduling a check for /home/runner/work/ozone/ozone/hadoop-ozone/integration-test/target/test-dir/MiniOzoneClusterImpl-cfeb4578-2b30-44dc-9f0d-998ef01d83f0/datanode-1/data-0/containers/hdds
2022-09-28 09:55:27,584 [Listener at 127.0.0.1/43879] INFO  volume.StorageVolumeChecker (StorageVolumeChecker.java:checkAllVolumes(202)) - Scheduled health check for volume /home/runner/work/ozone/ozone/hadoop-ozone/integration-test/target/test-dir/MiniOzoneClusterImpl-cfeb4578-2b30-44dc-9f0d-998ef01d83f0/datanode-1/data-0/containers/hdds
2022-09-28 09:55:27,595 [Listener at 127.0.0.1/43879] INFO  volume.MutableVolumeSet (MutableVolumeSet.java:initializeVolumeSet(174)) - Added Volume : /home/runner/work/ozone/ozone/hadoop-ozone/integration-test/target/test-dir/MiniOzoneClusterImpl-cfeb4578-2b30-44dc-9f0d-998ef01d83f0/datanode-1/data/ratis to VolumeSet
2022-09-28 09:55:27,595 [Listener at 127.0.0.1/43879] INFO  volume.ThrottledAsyncChecker (ThrottledAsyncChecker.java:schedule(141)) - Scheduling a check for /home/runner/work/ozone/ozone/hadoop-ozone/integration-test/target/test-dir/MiniOzoneClusterImpl-cfeb4578-2b30-44dc-9f0d-998ef01d83f0/datanode-1/data/ratis
2022-09-28 09:55:27,604 [Listener at 127.0.0.1/43879] INFO  volume.StorageVolumeChecker (StorageVolumeChecker.java:checkAllVolumes(202)) - Scheduled health check for volume /home/runner/work/ozone/ozone/hadoop-ozone/integration-test/target/test-dir/MiniOzoneClusterImpl-cfeb4578-2b30-44dc-9f0d-998ef01d83f0/datanode-1/data/ratis
2022-09-28 09:55:27,652 [Thread-603] INFO  ozoneimpl.ContainerReader (ContainerReader.java:readVolume(175)) - Finish verifying containers on volume /home/runner/work/ozone/ozone/hadoop-ozone/integration-test/target/test-dir/MiniOzoneClusterImpl-cfeb4578-2b30-44dc-9f0d-998ef01d83f0/datanode-1/data-0/containers/hdds
2022-09-28 09:55:27,652 [Listener at 127.0.0.1/43879] INFO  ozoneimpl.OzoneContainer (OzoneContainer.java:buildContainerSet(300)) - Build ContainerSet costs 0s
2022-09-28 09:55:27,654 [Listener at 127.0.0.1/43879] INFO  server.RaftServer (ConfUtils.java:logGet(46)) - raft.rpc.type = GRPC (default)
2022-09-28 09:55:27,655 [Listener at 127.0.0.1/43879] INFO  grpc.GrpcFactory (GrpcFactory.java:checkPooledByteBufAllocatorUseCacheForAllThreads(48)) - PERFORMANCE WARNING: useCacheForAllThreads is true that may cause Netty to create a lot garbage objects and, as a result, trigger GC.
	It is recommended to disable useCacheForAllThreads by setting -Dorg.apache.ratis.thirdparty.io.netty.allocator.useCacheForAllThreads=false in command line.
2022-09-28 09:55:27,655 [Listener at 127.0.0.1/43879] INFO  grpc.GrpcConfigKeys (ConfUtils.java:logGet(46)) - raft.grpc.admin.port = 0 (custom)
2022-09-28 09:55:27,655 [Listener at 127.0.0.1/43879] INFO  grpc.GrpcConfigKeys (ConfUtils.java:logGet(46)) - raft.grpc.client.port = 0 (custom)
2022-09-28 09:55:27,655 [Listener at 127.0.0.1/43879] INFO  grpc.GrpcConfigKeys (ConfUtils.java:logGet(46)) - raft.grpc.server.port = 0 (default)
2022-09-28 09:55:27,655 [Listener at 127.0.0.1/43879] INFO  server.GrpcService (ConfUtils.java:logGet(46)) - raft.grpc.message.size.max = 32MB (=33554432) (custom)
2022-09-28 09:55:27,655 [Listener at 127.0.0.1/43879] INFO  server.RaftServerConfigKeys (ConfUtils.java:logGet(46)) - raft.server.log.appender.buffer.byte-limit = 33554432 (custom)
2022-09-28 09:55:27,655 [Listener at 127.0.0.1/43879] INFO  server.GrpcService (ConfUtils.java:logGet(46)) - raft.grpc.flow.control.window = 5MB (=5242880) (custom)
2022-09-28 09:55:27,655 [Listener at 127.0.0.1/43879] INFO  server.RaftServerConfigKeys (ConfUtils.java:logGet(46)) - raft.server.rpc.request.timeout = 60s (custom)
2022-09-28 09:55:27,656 [Listener at 127.0.0.1/43879] INFO  grpc.GrpcConfigKeys (ConfUtils.java:logGet(46)) - raft.grpc.server.async.request.thread.pool.cached = true (default)
2022-09-28 09:55:27,656 [Listener at 127.0.0.1/43879] INFO  grpc.GrpcConfigKeys (ConfUtils.java:logGet(46)) - raft.grpc.server.async.request.thread.pool.size = 32 (default)
2022-09-28 09:55:27,657 [Listener at 127.0.0.1/43879] INFO  impl.DataStreamServerImpl (ConfUtils.java:logGet(46)) - raft.datastream.type = DISABLED (default)
2022-09-28 09:55:27,657 [Listener at 127.0.0.1/43879] INFO  server.RaftServerConfigKeys (ConfUtils.java:logGet(46)) - raft.server.threadpool.proxy.cached = true (default)
2022-09-28 09:55:27,657 [Listener at 127.0.0.1/43879] INFO  server.RaftServerConfigKeys (ConfUtils.java:logGet(46)) - raft.server.threadpool.proxy.size = 0 (default)
2022-09-28 09:55:27,657 [Listener at 127.0.0.1/43879] INFO  server.RaftServerConfigKeys (ConfUtils.java:logGet(46)) - raft.server.rpc.slowness.timeout = 300s (custom)
2022-09-28 09:55:27,657 [Listener at 127.0.0.1/43879] INFO  server.RaftServerConfigKeys (ConfUtils.java:logGet(46)) - raft.server.leaderelection.leader.step-down.wait-time = 10s (default)
2022-09-28 09:55:27,657 [Listener at 127.0.0.1/43879] INFO  server.RaftServerConfigKeys (ConfUtils.java:logGet(46)) - raft.server.storage.dir = [/home/runner/work/ozone/ozone/hadoop-ozone/integration-test/target/test-dir/MiniOzoneClusterImpl-cfeb4578-2b30-44dc-9f0d-998ef01d83f0/datanode-1/data/ratis] (custom)
2022-09-28 09:55:27,669 [Listener at 127.0.0.1/43879] INFO  server.XceiverServerGrpc (XceiverServerGrpc.java:<init>(132)) - GrpcServer channel type EpollServerSocketChannel
2022-09-28 09:55:27,681 [Listener at 127.0.0.1/43879] INFO  http.BaseHttpServer (BaseHttpServer.java:newHttpServer2BuilderForOzone(213)) - Starting Web-server for hddsDatanode at: http://0.0.0.0:0
2022-09-28 09:55:27,681 [Listener at 127.0.0.1/43879] INFO  http.BaseHttpServer (BaseHttpServer.java:<init>(108)) - Hadoop Security Enabled: false Ozone Security Enabled: false Ozone HTTP Security Enabled: false 
2022-09-28 09:55:27,682 [Listener at 127.0.0.1/43879] INFO  server.AuthenticationFilter (AuthenticationFilter.java:constructSecretProvider(240)) - Unable to initialize FileSignerSecretProvider, falling back to use random secrets.
2022-09-28 09:55:27,696 [Listener at 127.0.0.1/43879] WARN  http.HttpRequestLog (HttpRequestLog.java:getRequestLog(103)) - Jetty request log can only be enabled using Log4j
2022-09-28 09:55:27,697 [Listener at 127.0.0.1/43879] INFO  http.HttpServer2 (HttpServer2.java:addGlobalFilter(1029)) - Added global filter 'safety' (class=org.apache.hadoop.hdds.server.http.HttpServer2$QuotingInputFilter)
2022-09-28 09:55:27,698 [Listener at 127.0.0.1/43879] INFO  http.HttpServer2 (HttpServer2.java:addFilter(1005)) - Added filter static_user_filter (class=org.apache.hadoop.http.lib.StaticUserWebFilter$StaticUserFilter) to context hddsDatanode
2022-09-28 09:55:27,698 [Listener at 127.0.0.1/43879] INFO  http.HttpServer2 (HttpServer2.java:addFilter(1013)) - Added filter static_user_filter (class=org.apache.hadoop.http.lib.StaticUserWebFilter$StaticUserFilter) to context static
2022-09-28 09:55:27,698 [Listener at 127.0.0.1/43879] INFO  http.HttpServer2 (HttpServer2.java:addFilter(1013)) - Added filter static_user_filter (class=org.apache.hadoop.http.lib.StaticUserWebFilter$StaticUserFilter) to context logs
2022-09-28 09:55:27,698 [Listener at 127.0.0.1/43879] INFO  http.HttpServer2 (HttpServer2.java:bindListener(1248)) - Jetty bound to port 44543
2022-09-28 09:55:27,698 [Listener at 127.0.0.1/43879] INFO  server.Server (Server.java:doStart(375)) - jetty-9.4.43.v20210629; built: 2021-06-30T11:07:22.254Z; git: 526006ecfa3af7f1a27ef3a288e2bef7ea9dd7e8; jvm 1.8.0_345-b01
2022-09-28 09:55:27,775 [Listener at 127.0.0.1/43879] INFO  server.session (DefaultSessionIdManager.java:doStart(334)) - DefaultSessionIdManager workerName=node0
2022-09-28 09:55:27,776 [Listener at 127.0.0.1/43879] INFO  server.session (DefaultSessionIdManager.java:doStart(339)) - No SessionScavenger set, using defaults
2022-09-28 09:55:27,776 [Listener at 127.0.0.1/43879] INFO  server.session (HouseKeeper.java:startScavenging(132)) - node0 Scavenging every 660000ms
2022-09-28 09:55:27,782 [Listener at 127.0.0.1/43879] INFO  handler.ContextHandler (ContextHandler.java:doStart(915)) - Started o.e.j.s.ServletContextHandler@8f8f19b{logs,/logs,file:///home/runner/work/ozone/ozone/hadoop-ozone/integration-test/target/log,AVAILABLE}
2022-09-28 09:55:27,782 [Listener at 127.0.0.1/43879] INFO  handler.ContextHandler (ContextHandler.java:doStart(915)) - Started o.e.j.s.ServletContextHandler@1dd69de7{static,/static,jar:file:/home/runner/.m2/repository/org/apache/ozone/hdds-container-service/1.3.0-SNAPSHOT/hdds-container-service-1.3.0-SNAPSHOT.jar!/webapps/static,AVAILABLE}
2022-09-28 09:55:28,106 [Listener at 127.0.0.1/43879] INFO  handler.ContextHandler (ContextHandler.java:doStart(915)) - Started o.e.j.w.WebAppContext@18a1435e{hddsDatanode,/,file:///tmp/jetty-0_0_0_0-44543-hdds-container-service-1_3_0-SNAPSHOT_jar-_-any-1863481459176764292/webapp/,AVAILABLE}{jar:file:/home/runner/.m2/repository/org/apache/ozone/hdds-container-service/1.3.0-SNAPSHOT/hdds-container-service-1.3.0-SNAPSHOT.jar!/webapps/hddsDatanode}
2022-09-28 09:55:28,116 [Listener at 127.0.0.1/43879] INFO  server.AbstractConnector (AbstractConnector.java:doStart(331)) - Started ServerConnector@40fba126{HTTP/1.1, (http/1.1)}{0.0.0.0:44543}
2022-09-28 09:55:28,116 [Listener at 127.0.0.1/43879] INFO  server.Server (Server.java:doStart(415)) - Started @92692ms
2022-09-28 09:55:28,117 [Listener at 127.0.0.1/43879] WARN  impl.MetricsSystemImpl (MetricsSystemImpl.java:register(279)) - Sink prometheus already exists!
2022-09-28 09:55:28,117 [Listener at 127.0.0.1/43879] INFO  http.BaseHttpServer (BaseHttpServer.java:updateConnectorAddress(333)) - HTTP server of hddsDatanode listening at http://0.0.0.0:44543
2022-09-28 09:55:28,117 [Listener at 127.0.0.1/43879] INFO  impl.MetricsSystemImpl (MetricsSystemImpl.java:init(158)) - HddsDatanode metrics system started (again)
2022-09-28 09:55:28,132 [Datanode State Machine Daemon Thread] INFO  statemachine.DatanodeStateMachine (DatanodeStateMachine.java:lambda$startDaemon$0(492)) - Ozone container server started.
2022-09-28 09:55:28,176 [Listener at 127.0.0.1/43879] INFO  ozone.HddsDatanodeService (HddsDatanodeService.java:start(236)) - HddsDatanodeService host:fv-az204-790.d0ggoinxmwcejgojbuqly40l0e.cx.internal.cloudapp.net ip:10.1.1.21
2022-09-28 09:55:28,213 [Listener at 127.0.0.1/43879] INFO  upgrade.AbstractLayoutVersionManager (AbstractLayoutVersionManager.java:init(83)) - Initializing Layout version manager with metadata layout = DATANODE_SCHEMA_V3 (version = 4), software layout = DATANODE_SCHEMA_V3 (version = 4)
2022-09-28 09:55:28,214 [org.apache.hadoop.util.JvmPauseMonitor$Monitor@bb20c8b] INFO  util.JvmPauseMonitor (JvmPauseMonitor.java:run(188)) - Starting JVM pause monitor
2022-09-28 09:55:28,215 [Datanode State Machine Task Thread - 0] INFO  datanode.InitDatanodeState (InitDatanodeState.java:persistContainerDatanodeDetails(138)) - DatanodeDetails is persisted to /home/runner/work/ozone/ozone/hadoop-ozone/integration-test/target/test-dir/MiniOzoneClusterImpl-cfeb4578-2b30-44dc-9f0d-998ef01d83f0/datanode-1/meta/datanode.id
2022-09-28 09:55:28,376 [Listener at 127.0.0.1/43879] INFO  reflections.Reflections (Reflections.java:scan(232)) - Reflections took 162 ms to scan 7 urls, producing 135 keys and 327 values 
2022-09-28 09:55:28,378 [Listener at 127.0.0.1/43879] INFO  statemachine.DatanodeStateMachine (DatanodeStateMachine.java:getEndPointTaskThreadPoolSize(237)) - Datanode State Machine Task Thread Pool size 2
2022-09-28 09:55:28,385 [Listener at 127.0.0.1/43879] INFO  volume.HddsVolume (HddsVolume.java:<init>(117)) - Creating HddsVolume: /home/runner/work/ozone/ozone/hadoop-ozone/integration-test/target/test-dir/MiniOzoneClusterImpl-cfeb4578-2b30-44dc-9f0d-998ef01d83f0/datanode-2/data-0/containers/hdds of storage type : DISK capacity : 9223372036854775807
2022-09-28 09:55:28,385 [Listener at 127.0.0.1/43879] INFO  volume.MutableVolumeSet (MutableVolumeSet.java:initializeVolumeSet(174)) - Added Volume : /home/runner/work/ozone/ozone/hadoop-ozone/integration-test/target/test-dir/MiniOzoneClusterImpl-cfeb4578-2b30-44dc-9f0d-998ef01d83f0/datanode-2/data-0/containers/hdds to VolumeSet
2022-09-28 09:55:28,385 [Listener at 127.0.0.1/43879] INFO  volume.ThrottledAsyncChecker (ThrottledAsyncChecker.java:schedule(141)) - Scheduling a check for /home/runner/work/ozone/ozone/hadoop-ozone/integration-test/target/test-dir/MiniOzoneClusterImpl-cfeb4578-2b30-44dc-9f0d-998ef01d83f0/datanode-2/data-0/containers/hdds
2022-09-28 09:55:28,400 [Listener at 127.0.0.1/43879] INFO  volume.StorageVolumeChecker (StorageVolumeChecker.java:checkAllVolumes(202)) - Scheduled health check for volume /home/runner/work/ozone/ozone/hadoop-ozone/integration-test/target/test-dir/MiniOzoneClusterImpl-cfeb4578-2b30-44dc-9f0d-998ef01d83f0/datanode-2/data-0/containers/hdds
2022-09-28 09:55:28,411 [Listener at 127.0.0.1/43879] INFO  volume.MutableVolumeSet (MutableVolumeSet.java:initializeVolumeSet(174)) - Added Volume : /home/runner/work/ozone/ozone/hadoop-ozone/integration-test/target/test-dir/MiniOzoneClusterImpl-cfeb4578-2b30-44dc-9f0d-998ef01d83f0/datanode-2/data/ratis to VolumeSet
2022-09-28 09:55:28,411 [Listener at 127.0.0.1/43879] INFO  volume.ThrottledAsyncChecker (ThrottledAsyncChecker.java:schedule(141)) - Scheduling a check for /home/runner/work/ozone/ozone/hadoop-ozone/integration-test/target/test-dir/MiniOzoneClusterImpl-cfeb4578-2b30-44dc-9f0d-998ef01d83f0/datanode-2/data/ratis
2022-09-28 09:55:28,428 [Listener at 127.0.0.1/43879] INFO  volume.StorageVolumeChecker (StorageVolumeChecker.java:checkAllVolumes(202)) - Scheduled health check for volume /home/runner/work/ozone/ozone/hadoop-ozone/integration-test/target/test-dir/MiniOzoneClusterImpl-cfeb4578-2b30-44dc-9f0d-998ef01d83f0/datanode-2/data/ratis
2022-09-28 09:55:28,443 [Thread-616] INFO  ozoneimpl.ContainerReader (ContainerReader.java:readVolume(175)) - Finish verifying containers on volume /home/runner/work/ozone/ozone/hadoop-ozone/integration-test/target/test-dir/MiniOzoneClusterImpl-cfeb4578-2b30-44dc-9f0d-998ef01d83f0/datanode-2/data-0/containers/hdds
2022-09-28 09:55:28,443 [Listener at 127.0.0.1/43879] INFO  ozoneimpl.OzoneContainer (OzoneContainer.java:buildContainerSet(300)) - Build ContainerSet costs 0s
2022-09-28 09:55:28,445 [Listener at 127.0.0.1/43879] INFO  server.RaftServer (ConfUtils.java:logGet(46)) - raft.rpc.type = GRPC (default)
2022-09-28 09:55:28,445 [Listener at 127.0.0.1/43879] INFO  grpc.GrpcFactory (GrpcFactory.java:checkPooledByteBufAllocatorUseCacheForAllThreads(48)) - PERFORMANCE WARNING: useCacheForAllThreads is true that may cause Netty to create a lot garbage objects and, as a result, trigger GC.
	It is recommended to disable useCacheForAllThreads by setting -Dorg.apache.ratis.thirdparty.io.netty.allocator.useCacheForAllThreads=false in command line.
2022-09-28 09:55:28,445 [Listener at 127.0.0.1/43879] INFO  grpc.GrpcConfigKeys (ConfUtils.java:logGet(46)) - raft.grpc.admin.port = 0 (custom)
2022-09-28 09:55:28,445 [Listener at 127.0.0.1/43879] INFO  grpc.GrpcConfigKeys (ConfUtils.java:logGet(46)) - raft.grpc.client.port = 0 (custom)
2022-09-28 09:55:28,445 [Listener at 127.0.0.1/43879] INFO  grpc.GrpcConfigKeys (ConfUtils.java:logGet(46)) - raft.grpc.server.port = 0 (default)
2022-09-28 09:55:28,445 [Listener at 127.0.0.1/43879] INFO  server.GrpcService (ConfUtils.java:logGet(46)) - raft.grpc.message.size.max = 32MB (=33554432) (custom)
2022-09-28 09:55:28,445 [Listener at 127.0.0.1/43879] INFO  server.RaftServerConfigKeys (ConfUtils.java:logGet(46)) - raft.server.log.appender.buffer.byte-limit = 33554432 (custom)
2022-09-28 09:55:28,446 [Listener at 127.0.0.1/43879] INFO  server.GrpcService (ConfUtils.java:logGet(46)) - raft.grpc.flow.control.window = 5MB (=5242880) (custom)
2022-09-28 09:55:28,446 [Listener at 127.0.0.1/43879] INFO  server.RaftServerConfigKeys (ConfUtils.java:logGet(46)) - raft.server.rpc.request.timeout = 60s (custom)
2022-09-28 09:55:28,446 [Listener at 127.0.0.1/43879] INFO  grpc.GrpcConfigKeys (ConfUtils.java:logGet(46)) - raft.grpc.server.async.request.thread.pool.cached = true (default)
2022-09-28 09:55:28,446 [Listener at 127.0.0.1/43879] INFO  grpc.GrpcConfigKeys (ConfUtils.java:logGet(46)) - raft.grpc.server.async.request.thread.pool.size = 32 (default)
2022-09-28 09:55:28,447 [Listener at 127.0.0.1/43879] INFO  impl.DataStreamServerImpl (ConfUtils.java:logGet(46)) - raft.datastream.type = DISABLED (default)
2022-09-28 09:55:28,447 [Listener at 127.0.0.1/43879] INFO  server.RaftServerConfigKeys (ConfUtils.java:logGet(46)) - raft.server.threadpool.proxy.cached = true (default)
2022-09-28 09:55:28,447 [Listener at 127.0.0.1/43879] INFO  server.RaftServerConfigKeys (ConfUtils.java:logGet(46)) - raft.server.threadpool.proxy.size = 0 (default)
2022-09-28 09:55:28,447 [Listener at 127.0.0.1/43879] INFO  server.RaftServerConfigKeys (ConfUtils.java:logGet(46)) - raft.server.rpc.slowness.timeout = 300s (custom)
2022-09-28 09:55:28,447 [Listener at 127.0.0.1/43879] INFO  server.RaftServerConfigKeys (ConfUtils.java:logGet(46)) - raft.server.leaderelection.leader.step-down.wait-time = 10s (default)
2022-09-28 09:55:28,447 [Listener at 127.0.0.1/43879] INFO  server.RaftServerConfigKeys (ConfUtils.java:logGet(46)) - raft.server.storage.dir = [/home/runner/work/ozone/ozone/hadoop-ozone/integration-test/target/test-dir/MiniOzoneClusterImpl-cfeb4578-2b30-44dc-9f0d-998ef01d83f0/datanode-2/data/ratis] (custom)
2022-09-28 09:55:28,473 [Listener at 127.0.0.1/43879] INFO  server.XceiverServerGrpc (XceiverServerGrpc.java:<init>(132)) - GrpcServer channel type EpollServerSocketChannel
2022-09-28 09:55:28,482 [Listener at 127.0.0.1/43879] INFO  http.BaseHttpServer (BaseHttpServer.java:newHttpServer2BuilderForOzone(213)) - Starting Web-server for hddsDatanode at: http://0.0.0.0:0
2022-09-28 09:55:28,482 [Listener at 127.0.0.1/43879] INFO  http.BaseHttpServer (BaseHttpServer.java:<init>(108)) - Hadoop Security Enabled: false Ozone Security Enabled: false Ozone HTTP Security Enabled: false 
2022-09-28 09:55:28,483 [Listener at 127.0.0.1/43879] INFO  server.AuthenticationFilter (AuthenticationFilter.java:constructSecretProvider(240)) - Unable to initialize FileSignerSecretProvider, falling back to use random secrets.
2022-09-28 09:55:28,492 [Listener at 127.0.0.1/43879] WARN  http.HttpRequestLog (HttpRequestLog.java:getRequestLog(103)) - Jetty request log can only be enabled using Log4j
2022-09-28 09:55:28,493 [Listener at 127.0.0.1/43879] INFO  http.HttpServer2 (HttpServer2.java:addGlobalFilter(1029)) - Added global filter 'safety' (class=org.apache.hadoop.hdds.server.http.HttpServer2$QuotingInputFilter)
2022-09-28 09:55:28,494 [Listener at 127.0.0.1/43879] INFO  http.HttpServer2 (HttpServer2.java:addFilter(1005)) - Added filter static_user_filter (class=org.apache.hadoop.http.lib.StaticUserWebFilter$StaticUserFilter) to context hddsDatanode
2022-09-28 09:55:28,494 [Listener at 127.0.0.1/43879] INFO  http.HttpServer2 (HttpServer2.java:addFilter(1013)) - Added filter static_user_filter (class=org.apache.hadoop.http.lib.StaticUserWebFilter$StaticUserFilter) to context static
2022-09-28 09:55:28,494 [Listener at 127.0.0.1/43879] INFO  http.HttpServer2 (HttpServer2.java:addFilter(1013)) - Added filter static_user_filter (class=org.apache.hadoop.http.lib.StaticUserWebFilter$StaticUserFilter) to context logs
2022-09-28 09:55:28,494 [Listener at 127.0.0.1/43879] INFO  http.HttpServer2 (HttpServer2.java:bindListener(1248)) - Jetty bound to port 38073
2022-09-28 09:55:28,494 [Listener at 127.0.0.1/43879] INFO  server.Server (Server.java:doStart(375)) - jetty-9.4.43.v20210629; built: 2021-06-30T11:07:22.254Z; git: 526006ecfa3af7f1a27ef3a288e2bef7ea9dd7e8; jvm 1.8.0_345-b01
2022-09-28 09:55:28,588 [Listener at 127.0.0.1/43879] INFO  server.session (DefaultSessionIdManager.java:doStart(334)) - DefaultSessionIdManager workerName=node0
2022-09-28 09:55:28,589 [Listener at 127.0.0.1/43879] INFO  server.session (DefaultSessionIdManager.java:doStart(339)) - No SessionScavenger set, using defaults
2022-09-28 09:55:28,589 [Listener at 127.0.0.1/43879] INFO  server.session (HouseKeeper.java:startScavenging(132)) - node0 Scavenging every 600000ms
2022-09-28 09:55:28,590 [Listener at 127.0.0.1/43879] INFO  handler.ContextHandler (ContextHandler.java:doStart(915)) - Started o.e.j.s.ServletContextHandler@263fee05{logs,/logs,file:///home/runner/work/ozone/ozone/hadoop-ozone/integration-test/target/log,AVAILABLE}
2022-09-28 09:55:28,590 [Listener at 127.0.0.1/43879] INFO  handler.ContextHandler (ContextHandler.java:doStart(915)) - Started o.e.j.s.ServletContextHandler@63e6efe4{static,/static,jar:file:/home/runner/.m2/repository/org/apache/ozone/hdds-container-service/1.3.0-SNAPSHOT/hdds-container-service-1.3.0-SNAPSHOT.jar!/webapps/static,AVAILABLE}
2022-09-28 09:55:29,014 [Listener at 127.0.0.1/43879] INFO  handler.ContextHandler (ContextHandler.java:doStart(915)) - Started o.e.j.w.WebAppContext@73de5b5b{hddsDatanode,/,file:///tmp/jetty-0_0_0_0-38073-hdds-container-service-1_3_0-SNAPSHOT_jar-_-any-10945121070044544/webapp/,AVAILABLE}{jar:file:/home/runner/.m2/repository/org/apache/ozone/hdds-container-service/1.3.0-SNAPSHOT/hdds-container-service-1.3.0-SNAPSHOT.jar!/webapps/hddsDatanode}
2022-09-28 09:55:29,016 [Listener at 127.0.0.1/43879] INFO  server.AbstractConnector (AbstractConnector.java:doStart(331)) - Started ServerConnector@76100495{HTTP/1.1, (http/1.1)}{0.0.0.0:38073}
2022-09-28 09:55:29,017 [Listener at 127.0.0.1/43879] INFO  server.Server (Server.java:doStart(415)) - Started @93592ms
2022-09-28 09:55:29,017 [Listener at 127.0.0.1/43879] WARN  impl.MetricsSystemImpl (MetricsSystemImpl.java:register(279)) - Sink prometheus already exists!
2022-09-28 09:55:29,017 [Listener at 127.0.0.1/43879] INFO  http.BaseHttpServer (BaseHttpServer.java:updateConnectorAddress(333)) - HTTP server of hddsDatanode listening at http://0.0.0.0:38073
2022-09-28 09:55:29,018 [Listener at 127.0.0.1/43879] INFO  impl.MetricsSystemImpl (MetricsSystemImpl.java:init(158)) - HddsDatanode metrics system started (again)
2022-09-28 09:55:29,040 [Datanode State Machine Daemon Thread] INFO  statemachine.DatanodeStateMachine (DatanodeStateMachine.java:lambda$startDaemon$0(492)) - Ozone container server started.
2022-09-28 09:55:29,076 [org.apache.hadoop.util.JvmPauseMonitor$Monitor@4ecc08bb] INFO  util.JvmPauseMonitor (JvmPauseMonitor.java:run(188)) - Starting JVM pause monitor
2022-09-28 09:55:29,096 [Listener at 127.0.0.1/43879] INFO  ozone.HddsDatanodeService (HddsDatanodeService.java:start(236)) - HddsDatanodeService host:fv-az204-790.d0ggoinxmwcejgojbuqly40l0e.cx.internal.cloudapp.net ip:10.1.1.21
2022-09-28 09:55:29,098 [Datanode State Machine Task Thread - 0] INFO  datanode.InitDatanodeState (InitDatanodeState.java:persistContainerDatanodeDetails(138)) - DatanodeDetails is persisted to /home/runner/work/ozone/ozone/hadoop-ozone/integration-test/target/test-dir/MiniOzoneClusterImpl-cfeb4578-2b30-44dc-9f0d-998ef01d83f0/datanode-2/meta/datanode.id
2022-09-28 09:55:29,128 [Listener at 127.0.0.1/43879] INFO  upgrade.AbstractLayoutVersionManager (AbstractLayoutVersionManager.java:init(83)) - Initializing Layout version manager with metadata layout = DATANODE_SCHEMA_V3 (version = 4), software layout = DATANODE_SCHEMA_V3 (version = 4)
2022-09-28 09:55:29,224 [Listener at 127.0.0.1/43879] INFO  reflections.Reflections (Reflections.java:scan(232)) - Reflections took 95 ms to scan 7 urls, producing 135 keys and 327 values 
2022-09-28 09:55:29,225 [Listener at 127.0.0.1/43879] INFO  statemachine.DatanodeStateMachine (DatanodeStateMachine.java:getEndPointTaskThreadPoolSize(237)) - Datanode State Machine Task Thread Pool size 2
2022-09-28 09:55:29,233 [Listener at 127.0.0.1/43879] INFO  volume.HddsVolume (HddsVolume.java:<init>(117)) - Creating HddsVolume: /home/runner/work/ozone/ozone/hadoop-ozone/integration-test/target/test-dir/MiniOzoneClusterImpl-cfeb4578-2b30-44dc-9f0d-998ef01d83f0/datanode-3/data-0/containers/hdds of storage type : DISK capacity : 9223372036854775807
2022-09-28 09:55:29,233 [Listener at 127.0.0.1/43879] INFO  volume.MutableVolumeSet (MutableVolumeSet.java:initializeVolumeSet(174)) - Added Volume : /home/runner/work/ozone/ozone/hadoop-ozone/integration-test/target/test-dir/MiniOzoneClusterImpl-cfeb4578-2b30-44dc-9f0d-998ef01d83f0/datanode-3/data-0/containers/hdds to VolumeSet
2022-09-28 09:55:29,233 [Listener at 127.0.0.1/43879] INFO  volume.ThrottledAsyncChecker (ThrottledAsyncChecker.java:schedule(141)) - Scheduling a check for /home/runner/work/ozone/ozone/hadoop-ozone/integration-test/target/test-dir/MiniOzoneClusterImpl-cfeb4578-2b30-44dc-9f0d-998ef01d83f0/datanode-3/data-0/containers/hdds
2022-09-28 09:55:29,234 [Listener at 127.0.0.1/43879] INFO  volume.StorageVolumeChecker (StorageVolumeChecker.java:checkAllVolumes(202)) - Scheduled health check for volume /home/runner/work/ozone/ozone/hadoop-ozone/integration-test/target/test-dir/MiniOzoneClusterImpl-cfeb4578-2b30-44dc-9f0d-998ef01d83f0/datanode-3/data-0/containers/hdds
2022-09-28 09:55:29,244 [Listener at 127.0.0.1/43879] INFO  volume.MutableVolumeSet (MutableVolumeSet.java:initializeVolumeSet(174)) - Added Volume : /home/runner/work/ozone/ozone/hadoop-ozone/integration-test/target/test-dir/MiniOzoneClusterImpl-cfeb4578-2b30-44dc-9f0d-998ef01d83f0/datanode-3/data/ratis to VolumeSet
2022-09-28 09:55:29,244 [Listener at 127.0.0.1/43879] INFO  volume.ThrottledAsyncChecker (ThrottledAsyncChecker.java:schedule(141)) - Scheduling a check for /home/runner/work/ozone/ozone/hadoop-ozone/integration-test/target/test-dir/MiniOzoneClusterImpl-cfeb4578-2b30-44dc-9f0d-998ef01d83f0/datanode-3/data/ratis
2022-09-28 09:55:29,245 [Listener at 127.0.0.1/43879] INFO  volume.StorageVolumeChecker (StorageVolumeChecker.java:checkAllVolumes(202)) - Scheduled health check for volume /home/runner/work/ozone/ozone/hadoop-ozone/integration-test/target/test-dir/MiniOzoneClusterImpl-cfeb4578-2b30-44dc-9f0d-998ef01d83f0/datanode-3/data/ratis
2022-09-28 09:55:29,254 [Thread-629] INFO  ozoneimpl.ContainerReader (ContainerReader.java:readVolume(175)) - Finish verifying containers on volume /home/runner/work/ozone/ozone/hadoop-ozone/integration-test/target/test-dir/MiniOzoneClusterImpl-cfeb4578-2b30-44dc-9f0d-998ef01d83f0/datanode-3/data-0/containers/hdds
2022-09-28 09:55:29,254 [Listener at 127.0.0.1/43879] INFO  ozoneimpl.OzoneContainer (OzoneContainer.java:buildContainerSet(300)) - Build ContainerSet costs 0s
2022-09-28 09:55:29,256 [Listener at 127.0.0.1/43879] INFO  server.RaftServer (ConfUtils.java:logGet(46)) - raft.rpc.type = GRPC (default)
2022-09-28 09:55:29,256 [Listener at 127.0.0.1/43879] INFO  grpc.GrpcFactory (GrpcFactory.java:checkPooledByteBufAllocatorUseCacheForAllThreads(48)) - PERFORMANCE WARNING: useCacheForAllThreads is true that may cause Netty to create a lot garbage objects and, as a result, trigger GC.
	It is recommended to disable useCacheForAllThreads by setting -Dorg.apache.ratis.thirdparty.io.netty.allocator.useCacheForAllThreads=false in command line.
2022-09-28 09:55:29,256 [Listener at 127.0.0.1/43879] INFO  grpc.GrpcConfigKeys (ConfUtils.java:logGet(46)) - raft.grpc.admin.port = 0 (custom)
2022-09-28 09:55:29,256 [Listener at 127.0.0.1/43879] INFO  grpc.GrpcConfigKeys (ConfUtils.java:logGet(46)) - raft.grpc.client.port = 0 (custom)
2022-09-28 09:55:29,257 [Listener at 127.0.0.1/43879] INFO  grpc.GrpcConfigKeys (ConfUtils.java:logGet(46)) - raft.grpc.server.port = 0 (default)
2022-09-28 09:55:29,257 [Listener at 127.0.0.1/43879] INFO  server.GrpcService (ConfUtils.java:logGet(46)) - raft.grpc.message.size.max = 32MB (=33554432) (custom)
2022-09-28 09:55:29,257 [Listener at 127.0.0.1/43879] INFO  server.RaftServerConfigKeys (ConfUtils.java:logGet(46)) - raft.server.log.appender.buffer.byte-limit = 33554432 (custom)
2022-09-28 09:55:29,257 [Listener at 127.0.0.1/43879] INFO  server.GrpcService (ConfUtils.java:logGet(46)) - raft.grpc.flow.control.window = 5MB (=5242880) (custom)
2022-09-28 09:55:29,257 [Listener at 127.0.0.1/43879] INFO  server.RaftServerConfigKeys (ConfUtils.java:logGet(46)) - raft.server.rpc.request.timeout = 60s (custom)
2022-09-28 09:55:29,257 [Listener at 127.0.0.1/43879] INFO  grpc.GrpcConfigKeys (ConfUtils.java:logGet(46)) - raft.grpc.server.async.request.thread.pool.cached = true (default)
2022-09-28 09:55:29,257 [Listener at 127.0.0.1/43879] INFO  grpc.GrpcConfigKeys (ConfUtils.java:logGet(46)) - raft.grpc.server.async.request.thread.pool.size = 32 (default)
2022-09-28 09:55:29,258 [Listener at 127.0.0.1/43879] INFO  impl.DataStreamServerImpl (ConfUtils.java:logGet(46)) - raft.datastream.type = DISABLED (default)
2022-09-28 09:55:29,258 [Listener at 127.0.0.1/43879] INFO  server.RaftServerConfigKeys (ConfUtils.java:logGet(46)) - raft.server.threadpool.proxy.cached = true (default)
2022-09-28 09:55:29,258 [Listener at 127.0.0.1/43879] INFO  server.RaftServerConfigKeys (ConfUtils.java:logGet(46)) - raft.server.threadpool.proxy.size = 0 (default)
2022-09-28 09:55:29,258 [Listener at 127.0.0.1/43879] INFO  server.RaftServerConfigKeys (ConfUtils.java:logGet(46)) - raft.server.rpc.slowness.timeout = 300s (custom)
2022-09-28 09:55:29,258 [Listener at 127.0.0.1/43879] INFO  server.RaftServerConfigKeys (ConfUtils.java:logGet(46)) - raft.server.leaderelection.leader.step-down.wait-time = 10s (default)
2022-09-28 09:55:29,258 [Listener at 127.0.0.1/43879] INFO  server.RaftServerConfigKeys (ConfUtils.java:logGet(46)) - raft.server.storage.dir = [/home/runner/work/ozone/ozone/hadoop-ozone/integration-test/target/test-dir/MiniOzoneClusterImpl-cfeb4578-2b30-44dc-9f0d-998ef01d83f0/datanode-3/data/ratis] (custom)
2022-09-28 09:55:29,259 [Listener at 127.0.0.1/43879] INFO  server.XceiverServerGrpc (XceiverServerGrpc.java:<init>(132)) - GrpcServer channel type EpollServerSocketChannel
2022-09-28 09:55:29,261 [Listener at 127.0.0.1/43879] INFO  http.BaseHttpServer (BaseHttpServer.java:newHttpServer2BuilderForOzone(213)) - Starting Web-server for hddsDatanode at: http://0.0.0.0:0
2022-09-28 09:55:29,262 [Listener at 127.0.0.1/43879] INFO  http.BaseHttpServer (BaseHttpServer.java:<init>(108)) - Hadoop Security Enabled: false Ozone Security Enabled: false Ozone HTTP Security Enabled: false 
2022-09-28 09:55:29,263 [Listener at 127.0.0.1/43879] INFO  server.AuthenticationFilter (AuthenticationFilter.java:constructSecretProvider(240)) - Unable to initialize FileSignerSecretProvider, falling back to use random secrets.
2022-09-28 09:55:29,263 [Listener at 127.0.0.1/43879] WARN  http.HttpRequestLog (HttpRequestLog.java:getRequestLog(103)) - Jetty request log can only be enabled using Log4j
2022-09-28 09:55:29,264 [Listener at 127.0.0.1/43879] INFO  http.HttpServer2 (HttpServer2.java:addGlobalFilter(1029)) - Added global filter 'safety' (class=org.apache.hadoop.hdds.server.http.HttpServer2$QuotingInputFilter)
2022-09-28 09:55:29,264 [Listener at 127.0.0.1/43879] INFO  http.HttpServer2 (HttpServer2.java:addFilter(1005)) - Added filter static_user_filter (class=org.apache.hadoop.http.lib.StaticUserWebFilter$StaticUserFilter) to context hddsDatanode
2022-09-28 09:55:29,265 [Listener at 127.0.0.1/43879] INFO  http.HttpServer2 (HttpServer2.java:addFilter(1013)) - Added filter static_user_filter (class=org.apache.hadoop.http.lib.StaticUserWebFilter$StaticUserFilter) to context logs
2022-09-28 09:55:29,265 [Listener at 127.0.0.1/43879] INFO  http.HttpServer2 (HttpServer2.java:addFilter(1013)) - Added filter static_user_filter (class=org.apache.hadoop.http.lib.StaticUserWebFilter$StaticUserFilter) to context static
2022-09-28 09:55:29,265 [Listener at 127.0.0.1/43879] INFO  http.HttpServer2 (HttpServer2.java:bindListener(1248)) - Jetty bound to port 46675
2022-09-28 09:55:29,265 [Listener at 127.0.0.1/43879] INFO  server.Server (Server.java:doStart(375)) - jetty-9.4.43.v20210629; built: 2021-06-30T11:07:22.254Z; git: 526006ecfa3af7f1a27ef3a288e2bef7ea9dd7e8; jvm 1.8.0_345-b01
2022-09-28 09:55:29,266 [Listener at 127.0.0.1/43879] INFO  server.session (DefaultSessionIdManager.java:doStart(334)) - DefaultSessionIdManager workerName=node0
2022-09-28 09:55:29,266 [Listener at 127.0.0.1/43879] INFO  server.session (DefaultSessionIdManager.java:doStart(339)) - No SessionScavenger set, using defaults
2022-09-28 09:55:29,266 [Listener at 127.0.0.1/43879] INFO  server.session (HouseKeeper.java:startScavenging(132)) - node0 Scavenging every 660000ms
2022-09-28 09:55:29,267 [Listener at 127.0.0.1/43879] INFO  handler.ContextHandler (ContextHandler.java:doStart(915)) - Started o.e.j.s.ServletContextHandler@5db5190b{logs,/logs,file:///home/runner/work/ozone/ozone/hadoop-ozone/integration-test/target/log,AVAILABLE}
2022-09-28 09:55:29,267 [Listener at 127.0.0.1/43879] INFO  handler.ContextHandler (ContextHandler.java:doStart(915)) - Started o.e.j.s.ServletContextHandler@25ab4b84{static,/static,jar:file:/home/runner/.m2/repository/org/apache/ozone/hdds-container-service/1.3.0-SNAPSHOT/hdds-container-service-1.3.0-SNAPSHOT.jar!/webapps/static,AVAILABLE}
2022-09-28 09:55:29,513 [EndpointStateMachine task thread for /0.0.0.0:39311 - 0 ] INFO  volume.HddsVolume (HddsVolume.java:createDbStore(307)) - SchemaV3 db is created and loaded at /home/runner/work/ozone/ozone/hadoop-ozone/integration-test/target/test-dir/MiniOzoneClusterImpl-cfeb4578-2b30-44dc-9f0d-998ef01d83f0/datanode-0/data-0/containers/hdds/cfeb4578-2b30-44dc-9f0d-998ef01d83f0/DS-9412f152-d8d1-498c-b6fc-7dff2b39d74d/container.db for volume DS-9412f152-d8d1-498c-b6fc-7dff2b39d74d
2022-09-28 09:55:29,520 [EndpointStateMachine task thread for /0.0.0.0:39311 - 0 ] INFO  volume.HddsVolume (HddsVolume.java:closeDbStore(338)) - SchemaV3 db is stopped at /home/runner/work/ozone/ozone/hadoop-ozone/integration-test/target/test-dir/MiniOzoneClusterImpl-cfeb4578-2b30-44dc-9f0d-998ef01d83f0/datanode-0/data-0/containers/hdds/cfeb4578-2b30-44dc-9f0d-998ef01d83f0/DS-9412f152-d8d1-498c-b6fc-7dff2b39d74d/container.db for volume DS-9412f152-d8d1-498c-b6fc-7dff2b39d74d
2022-09-28 09:55:29,520 [EndpointStateMachine task thread for /0.0.0.0:39311 - 0 ] INFO  ozoneimpl.OzoneContainer (OzoneContainer.java:start(378)) - Attempting to start container services.
2022-09-28 09:55:29,520 [EndpointStateMachine task thread for /0.0.0.0:39311 - 0 ] INFO  ozoneimpl.OzoneContainer (OzoneContainer.java:startContainerScrub(313)) - Background container scanner has been disabled.
2022-09-28 09:55:29,553 [EndpointStateMachine task thread for /0.0.0.0:39311 - 0 ] INFO  replication.ReplicationServer (ReplicationServer.java:start(111)) - ReplicationServer is started using port 39739
2022-09-28 09:55:29,554 [EndpointStateMachine task thread for /0.0.0.0:39311 - 0 ] INFO  ratis.XceiverServerRatis (XceiverServerRatis.java:start(481)) - Starting XceiverServerRatis 2152fb0b-d20f-4f54-8933-ac8d98653da6
2022-09-28 09:55:29,558 [EndpointStateMachine task thread for /0.0.0.0:39311 - 0 ] INFO  server.RaftServer (RaftServerProxy.java:lambda$start$6(382)) - 2152fb0b-d20f-4f54-8933-ac8d98653da6: start RPC server
2022-09-28 09:55:29,577 [EndpointStateMachine task thread for /0.0.0.0:39311 - 0 ] INFO  server.GrpcService (GrpcService.java:startImpl(260)) - 2152fb0b-d20f-4f54-8933-ac8d98653da6: GrpcService started, listening on 35785
2022-09-28 09:55:29,577 [EndpointStateMachine task thread for /0.0.0.0:39311 - 0 ] INFO  ratis.XceiverServerRatis (XceiverServerRatis.java:getRealPort(502)) - XceiverServerRatis 2152fb0b-d20f-4f54-8933-ac8d98653da6 is started using port 35785 for RATIS
2022-09-28 09:55:29,577 [EndpointStateMachine task thread for /0.0.0.0:39311 - 0 ] INFO  ratis.XceiverServerRatis (XceiverServerRatis.java:getRealPort(502)) - XceiverServerRatis 2152fb0b-d20f-4f54-8933-ac8d98653da6 is started using port 35785 for RATIS_ADMIN
2022-09-28 09:55:29,577 [EndpointStateMachine task thread for /0.0.0.0:39311 - 0 ] INFO  ratis.XceiverServerRatis (XceiverServerRatis.java:getRealPort(502)) - XceiverServerRatis 2152fb0b-d20f-4f54-8933-ac8d98653da6 is started using port 35785 for RATIS_SERVER
2022-09-28 09:55:29,577 [org.apache.ratis.util.JvmPauseMonitor$$Lambda$634/511600595@2075f05a] INFO  util.JvmPauseMonitor (JvmPauseMonitor.java:run(103)) - JvmPauseMonitor-2152fb0b-d20f-4f54-8933-ac8d98653da6: Started
2022-09-28 09:55:29,610 [EndpointStateMachine task thread for /0.0.0.0:39311 - 0 ] INFO  server.XceiverServerGrpc (XceiverServerGrpc.java:start(180)) - XceiverServerGrpc 2152fb0b-d20f-4f54-8933-ac8d98653da6 is started using port 41765
2022-09-28 09:55:29,688 [Listener at 127.0.0.1/43879] INFO  handler.ContextHandler (ContextHandler.java:doStart(915)) - Started o.e.j.w.WebAppContext@ead7f93{hddsDatanode,/,file:///tmp/jetty-0_0_0_0-46675-hdds-container-service-1_3_0-SNAPSHOT_jar-_-any-2559361458065558091/webapp/,AVAILABLE}{jar:file:/home/runner/.m2/repository/org/apache/ozone/hdds-container-service/1.3.0-SNAPSHOT/hdds-container-service-1.3.0-SNAPSHOT.jar!/webapps/hddsDatanode}
2022-09-28 09:55:29,689 [Listener at 127.0.0.1/43879] INFO  server.AbstractConnector (AbstractConnector.java:doStart(331)) - Started ServerConnector@2d0ae88a{HTTP/1.1, (http/1.1)}{0.0.0.0:46675}
2022-09-28 09:55:29,689 [Listener at 127.0.0.1/43879] INFO  server.Server (Server.java:doStart(415)) - Started @94265ms
2022-09-28 09:55:29,689 [Listener at 127.0.0.1/43879] WARN  impl.MetricsSystemImpl (MetricsSystemImpl.java:register(279)) - Sink prometheus already exists!
2022-09-28 09:55:29,700 [Listener at 127.0.0.1/43879] INFO  http.BaseHttpServer (BaseHttpServer.java:updateConnectorAddress(333)) - HTTP server of hddsDatanode listening at http://0.0.0.0:46675
2022-09-28 09:55:29,701 [Listener at 127.0.0.1/43879] INFO  impl.MetricsSystemImpl (MetricsSystemImpl.java:init(158)) - HddsDatanode metrics system started (again)
2022-09-28 09:55:29,730 [Datanode State Machine Daemon Thread] INFO  statemachine.DatanodeStateMachine (DatanodeStateMachine.java:lambda$startDaemon$0(492)) - Ozone container server started.
2022-09-28 09:55:29,748 [Listener at 127.0.0.1/43879] INFO  ozone.HddsDatanodeService (HddsDatanodeService.java:start(236)) - HddsDatanodeService host:fv-az204-790.d0ggoinxmwcejgojbuqly40l0e.cx.internal.cloudapp.net ip:10.1.1.21
2022-09-28 09:55:29,775 [Listener at 127.0.0.1/43879] INFO  upgrade.AbstractLayoutVersionManager (AbstractLayoutVersionManager.java:init(83)) - Initializing Layout version manager with metadata layout = DATANODE_SCHEMA_V3 (version = 4), software layout = DATANODE_SCHEMA_V3 (version = 4)
2022-09-28 09:55:29,804 [org.apache.hadoop.util.JvmPauseMonitor$Monitor@33485497] INFO  util.JvmPauseMonitor (JvmPauseMonitor.java:run(188)) - Starting JVM pause monitor
2022-09-28 09:55:29,817 [Datanode State Machine Task Thread - 0] INFO  datanode.InitDatanodeState (InitDatanodeState.java:persistContainerDatanodeDetails(138)) - DatanodeDetails is persisted to /home/runner/work/ozone/ozone/hadoop-ozone/integration-test/target/test-dir/MiniOzoneClusterImpl-cfeb4578-2b30-44dc-9f0d-998ef01d83f0/datanode-3/meta/datanode.id
2022-09-28 09:55:29,864 [Listener at 127.0.0.1/43879] INFO  reflections.Reflections (Reflections.java:scan(232)) - Reflections took 87 ms to scan 7 urls, producing 135 keys and 327 values 
2022-09-28 09:55:29,866 [Listener at 127.0.0.1/43879] INFO  statemachine.DatanodeStateMachine (DatanodeStateMachine.java:getEndPointTaskThreadPoolSize(237)) - Datanode State Machine Task Thread Pool size 2
2022-09-28 09:55:29,868 [Listener at 127.0.0.1/43879] INFO  volume.HddsVolume (HddsVolume.java:<init>(117)) - Creating HddsVolume: /home/runner/work/ozone/ozone/hadoop-ozone/integration-test/target/test-dir/MiniOzoneClusterImpl-cfeb4578-2b30-44dc-9f0d-998ef01d83f0/datanode-4/data-0/containers/hdds of storage type : DISK capacity : 9223372036854775807
2022-09-28 09:55:29,868 [Listener at 127.0.0.1/43879] INFO  volume.MutableVolumeSet (MutableVolumeSet.java:initializeVolumeSet(174)) - Added Volume : /home/runner/work/ozone/ozone/hadoop-ozone/integration-test/target/test-dir/MiniOzoneClusterImpl-cfeb4578-2b30-44dc-9f0d-998ef01d83f0/datanode-4/data-0/containers/hdds to VolumeSet
2022-09-28 09:55:29,868 [Listener at 127.0.0.1/43879] INFO  volume.ThrottledAsyncChecker (ThrottledAsyncChecker.java:schedule(141)) - Scheduling a check for /home/runner/work/ozone/ozone/hadoop-ozone/integration-test/target/test-dir/MiniOzoneClusterImpl-cfeb4578-2b30-44dc-9f0d-998ef01d83f0/datanode-4/data-0/containers/hdds
2022-09-28 09:55:29,870 [Listener at 127.0.0.1/43879] INFO  volume.StorageVolumeChecker (StorageVolumeChecker.java:checkAllVolumes(202)) - Scheduled health check for volume /home/runner/work/ozone/ozone/hadoop-ozone/integration-test/target/test-dir/MiniOzoneClusterImpl-cfeb4578-2b30-44dc-9f0d-998ef01d83f0/datanode-4/data-0/containers/hdds
2022-09-28 09:55:29,888 [Listener at 127.0.0.1/43879] INFO  volume.MutableVolumeSet (MutableVolumeSet.java:initializeVolumeSet(174)) - Added Volume : /home/runner/work/ozone/ozone/hadoop-ozone/integration-test/target/test-dir/MiniOzoneClusterImpl-cfeb4578-2b30-44dc-9f0d-998ef01d83f0/datanode-4/data/ratis to VolumeSet
2022-09-28 09:55:29,888 [Listener at 127.0.0.1/43879] INFO  volume.ThrottledAsyncChecker (ThrottledAsyncChecker.java:schedule(141)) - Scheduling a check for /home/runner/work/ozone/ozone/hadoop-ozone/integration-test/target/test-dir/MiniOzoneClusterImpl-cfeb4578-2b30-44dc-9f0d-998ef01d83f0/datanode-4/data/ratis
2022-09-28 09:55:29,900 [Listener at 127.0.0.1/43879] INFO  volume.StorageVolumeChecker (StorageVolumeChecker.java:checkAllVolumes(202)) - Scheduled health check for volume /home/runner/work/ozone/ozone/hadoop-ozone/integration-test/target/test-dir/MiniOzoneClusterImpl-cfeb4578-2b30-44dc-9f0d-998ef01d83f0/datanode-4/data/ratis
2022-09-28 09:55:29,932 [Thread-648] INFO  ozoneimpl.ContainerReader (ContainerReader.java:readVolume(175)) - Finish verifying containers on volume /home/runner/work/ozone/ozone/hadoop-ozone/integration-test/target/test-dir/MiniOzoneClusterImpl-cfeb4578-2b30-44dc-9f0d-998ef01d83f0/datanode-4/data-0/containers/hdds
2022-09-28 09:55:29,940 [Listener at 127.0.0.1/43879] INFO  ozoneimpl.OzoneContainer (OzoneContainer.java:buildContainerSet(300)) - Build ContainerSet costs 0s
2022-09-28 09:55:29,943 [Listener at 127.0.0.1/43879] INFO  server.RaftServer (ConfUtils.java:logGet(46)) - raft.rpc.type = GRPC (default)
2022-09-28 09:55:29,943 [Listener at 127.0.0.1/43879] INFO  grpc.GrpcFactory (GrpcFactory.java:checkPooledByteBufAllocatorUseCacheForAllThreads(48)) - PERFORMANCE WARNING: useCacheForAllThreads is true that may cause Netty to create a lot garbage objects and, as a result, trigger GC.
	It is recommended to disable useCacheForAllThreads by setting -Dorg.apache.ratis.thirdparty.io.netty.allocator.useCacheForAllThreads=false in command line.
2022-09-28 09:55:29,943 [Listener at 127.0.0.1/43879] INFO  grpc.GrpcConfigKeys (ConfUtils.java:logGet(46)) - raft.grpc.admin.port = 0 (custom)
2022-09-28 09:55:29,943 [Listener at 127.0.0.1/43879] INFO  grpc.GrpcConfigKeys (ConfUtils.java:logGet(46)) - raft.grpc.client.port = 0 (custom)
2022-09-28 09:55:29,943 [Listener at 127.0.0.1/43879] INFO  grpc.GrpcConfigKeys (ConfUtils.java:logGet(46)) - raft.grpc.server.port = 0 (default)
2022-09-28 09:55:29,943 [Listener at 127.0.0.1/43879] INFO  server.GrpcService (ConfUtils.java:logGet(46)) - raft.grpc.message.size.max = 32MB (=33554432) (custom)
2022-09-28 09:55:29,943 [Listener at 127.0.0.1/43879] INFO  server.RaftServerConfigKeys (ConfUtils.java:logGet(46)) - raft.server.log.appender.buffer.byte-limit = 33554432 (custom)
2022-09-28 09:55:29,943 [Listener at 127.0.0.1/43879] INFO  server.GrpcService (ConfUtils.java:logGet(46)) - raft.grpc.flow.control.window = 5MB (=5242880) (custom)
2022-09-28 09:55:29,943 [Listener at 127.0.0.1/43879] INFO  server.RaftServerConfigKeys (ConfUtils.java:logGet(46)) - raft.server.rpc.request.timeout = 60s (custom)
2022-09-28 09:55:29,943 [Listener at 127.0.0.1/43879] INFO  grpc.GrpcConfigKeys (ConfUtils.java:logGet(46)) - raft.grpc.server.async.request.thread.pool.cached = true (default)
2022-09-28 09:55:29,944 [Listener at 127.0.0.1/43879] INFO  grpc.GrpcConfigKeys (ConfUtils.java:logGet(46)) - raft.grpc.server.async.request.thread.pool.size = 32 (default)
2022-09-28 09:55:29,945 [Listener at 127.0.0.1/43879] INFO  impl.DataStreamServerImpl (ConfUtils.java:logGet(46)) - raft.datastream.type = DISABLED (default)
2022-09-28 09:55:29,945 [Listener at 127.0.0.1/43879] INFO  server.RaftServerConfigKeys (ConfUtils.java:logGet(46)) - raft.server.threadpool.proxy.cached = true (default)
2022-09-28 09:55:29,945 [Listener at 127.0.0.1/43879] INFO  server.RaftServerConfigKeys (ConfUtils.java:logGet(46)) - raft.server.threadpool.proxy.size = 0 (default)
2022-09-28 09:55:29,945 [Listener at 127.0.0.1/43879] INFO  server.RaftServerConfigKeys (ConfUtils.java:logGet(46)) - raft.server.rpc.slowness.timeout = 300s (custom)
2022-09-28 09:55:29,945 [Listener at 127.0.0.1/43879] INFO  server.RaftServerConfigKeys (ConfUtils.java:logGet(46)) - raft.server.leaderelection.leader.step-down.wait-time = 10s (default)
2022-09-28 09:55:29,945 [Listener at 127.0.0.1/43879] INFO  server.RaftServerConfigKeys (ConfUtils.java:logGet(46)) - raft.server.storage.dir = [/home/runner/work/ozone/ozone/hadoop-ozone/integration-test/target/test-dir/MiniOzoneClusterImpl-cfeb4578-2b30-44dc-9f0d-998ef01d83f0/datanode-4/data/ratis] (custom)
2022-09-28 09:55:29,948 [Listener at 127.0.0.1/43879] INFO  server.XceiverServerGrpc (XceiverServerGrpc.java:<init>(132)) - GrpcServer channel type EpollServerSocketChannel
2022-09-28 09:55:29,953 [Listener at 127.0.0.1/43879] INFO  http.BaseHttpServer (BaseHttpServer.java:newHttpServer2BuilderForOzone(213)) - Starting Web-server for hddsDatanode at: http://0.0.0.0:0
2022-09-28 09:55:29,953 [Listener at 127.0.0.1/43879] INFO  http.BaseHttpServer (BaseHttpServer.java:<init>(108)) - Hadoop Security Enabled: false Ozone Security Enabled: false Ozone HTTP Security Enabled: false 
2022-09-28 09:55:29,954 [Listener at 127.0.0.1/43879] INFO  server.AuthenticationFilter (AuthenticationFilter.java:constructSecretProvider(240)) - Unable to initialize FileSignerSecretProvider, falling back to use random secrets.
2022-09-28 09:55:29,968 [Listener at 127.0.0.1/43879] WARN  http.HttpRequestLog (HttpRequestLog.java:getRequestLog(103)) - Jetty request log can only be enabled using Log4j
2022-09-28 09:55:29,969 [Listener at 127.0.0.1/43879] INFO  http.HttpServer2 (HttpServer2.java:addGlobalFilter(1029)) - Added global filter 'safety' (class=org.apache.hadoop.hdds.server.http.HttpServer2$QuotingInputFilter)
2022-09-28 09:55:29,969 [Listener at 127.0.0.1/43879] INFO  http.HttpServer2 (HttpServer2.java:addFilter(1005)) - Added filter static_user_filter (class=org.apache.hadoop.http.lib.StaticUserWebFilter$StaticUserFilter) to context hddsDatanode
2022-09-28 09:55:29,969 [Listener at 127.0.0.1/43879] INFO  http.HttpServer2 (HttpServer2.java:addFilter(1013)) - Added filter static_user_filter (class=org.apache.hadoop.http.lib.StaticUserWebFilter$StaticUserFilter) to context static
2022-09-28 09:55:29,969 [Listener at 127.0.0.1/43879] INFO  http.HttpServer2 (HttpServer2.java:addFilter(1013)) - Added filter static_user_filter (class=org.apache.hadoop.http.lib.StaticUserWebFilter$StaticUserFilter) to context logs
2022-09-28 09:55:29,970 [Listener at 127.0.0.1/43879] INFO  http.HttpServer2 (HttpServer2.java:bindListener(1248)) - Jetty bound to port 35917
2022-09-28 09:55:29,970 [Listener at 127.0.0.1/43879] INFO  server.Server (Server.java:doStart(375)) - jetty-9.4.43.v20210629; built: 2021-06-30T11:07:22.254Z; git: 526006ecfa3af7f1a27ef3a288e2bef7ea9dd7e8; jvm 1.8.0_345-b01
2022-09-28 09:55:30,028 [Listener at 127.0.0.1/43879] INFO  server.session (DefaultSessionIdManager.java:doStart(334)) - DefaultSessionIdManager workerName=node0
2022-09-28 09:55:30,029 [Listener at 127.0.0.1/43879] INFO  server.session (DefaultSessionIdManager.java:doStart(339)) - No SessionScavenger set, using defaults
2022-09-28 09:55:30,029 [Listener at 127.0.0.1/43879] INFO  server.session (HouseKeeper.java:startScavenging(132)) - node0 Scavenging every 600000ms
2022-09-28 09:55:30,029 [Listener at 127.0.0.1/43879] INFO  handler.ContextHandler (ContextHandler.java:doStart(915)) - Started o.e.j.s.ServletContextHandler@4caa03a9{logs,/logs,file:///home/runner/work/ozone/ozone/hadoop-ozone/integration-test/target/log,AVAILABLE}
2022-09-28 09:55:30,030 [Listener at 127.0.0.1/43879] INFO  handler.ContextHandler (ContextHandler.java:doStart(915)) - Started o.e.j.s.ServletContextHandler@7f415ae0{static,/static,jar:file:/home/runner/.m2/repository/org/apache/ozone/hdds-container-service/1.3.0-SNAPSHOT/hdds-container-service-1.3.0-SNAPSHOT.jar!/webapps/static,AVAILABLE}
2022-09-28 09:55:30,292 [EndpointStateMachine task thread for /0.0.0.0:39311 - 0 ] INFO  volume.HddsVolume (HddsVolume.java:createDbStore(307)) - SchemaV3 db is created and loaded at /home/runner/work/ozone/ozone/hadoop-ozone/integration-test/target/test-dir/MiniOzoneClusterImpl-cfeb4578-2b30-44dc-9f0d-998ef01d83f0/datanode-1/data-0/containers/hdds/cfeb4578-2b30-44dc-9f0d-998ef01d83f0/DS-ca18958f-7909-461f-ab48-3e666b1eb136/container.db for volume DS-ca18958f-7909-461f-ab48-3e666b1eb136
2022-09-28 09:55:30,293 [EndpointStateMachine task thread for /0.0.0.0:39311 - 0 ] INFO  volume.HddsVolume (HddsVolume.java:closeDbStore(338)) - SchemaV3 db is stopped at /home/runner/work/ozone/ozone/hadoop-ozone/integration-test/target/test-dir/MiniOzoneClusterImpl-cfeb4578-2b30-44dc-9f0d-998ef01d83f0/datanode-1/data-0/containers/hdds/cfeb4578-2b30-44dc-9f0d-998ef01d83f0/DS-ca18958f-7909-461f-ab48-3e666b1eb136/container.db for volume DS-ca18958f-7909-461f-ab48-3e666b1eb136
2022-09-28 09:55:30,293 [EndpointStateMachine task thread for /0.0.0.0:39311 - 0 ] INFO  ozoneimpl.OzoneContainer (OzoneContainer.java:start(378)) - Attempting to start container services.
2022-09-28 09:55:30,293 [EndpointStateMachine task thread for /0.0.0.0:39311 - 0 ] INFO  ozoneimpl.OzoneContainer (OzoneContainer.java:startContainerScrub(313)) - Background container scanner has been disabled.
2022-09-28 09:55:30,304 [EndpointStateMachine task thread for /0.0.0.0:39311 - 0 ] INFO  replication.ReplicationServer (ReplicationServer.java:start(111)) - ReplicationServer is started using port 35943
2022-09-28 09:55:30,321 [EndpointStateMachine task thread for /0.0.0.0:39311 - 0 ] INFO  ratis.XceiverServerRatis (XceiverServerRatis.java:start(481)) - Starting XceiverServerRatis ec4a64e7-ce22-4d24-87ce-b09328d2691b
2022-09-28 09:55:30,372 [EndpointStateMachine task thread for /0.0.0.0:39311 - 0 ] INFO  server.RaftServer (RaftServerProxy.java:lambda$start$6(382)) - ec4a64e7-ce22-4d24-87ce-b09328d2691b: start RPC server
2022-09-28 09:55:30,385 [EndpointStateMachine task thread for /0.0.0.0:39311 - 0 ] INFO  server.GrpcService (GrpcService.java:startImpl(260)) - ec4a64e7-ce22-4d24-87ce-b09328d2691b: GrpcService started, listening on 44059
2022-09-28 09:55:30,385 [EndpointStateMachine task thread for /0.0.0.0:39311 - 0 ] INFO  ratis.XceiverServerRatis (XceiverServerRatis.java:getRealPort(502)) - XceiverServerRatis ec4a64e7-ce22-4d24-87ce-b09328d2691b is started using port 44059 for RATIS
2022-09-28 09:55:30,385 [EndpointStateMachine task thread for /0.0.0.0:39311 - 0 ] INFO  ratis.XceiverServerRatis (XceiverServerRatis.java:getRealPort(502)) - XceiverServerRatis ec4a64e7-ce22-4d24-87ce-b09328d2691b is started using port 44059 for RATIS_ADMIN
2022-09-28 09:55:30,385 [EndpointStateMachine task thread for /0.0.0.0:39311 - 0 ] INFO  ratis.XceiverServerRatis (XceiverServerRatis.java:getRealPort(502)) - XceiverServerRatis ec4a64e7-ce22-4d24-87ce-b09328d2691b is started using port 44059 for RATIS_SERVER
2022-09-28 09:55:30,385 [org.apache.ratis.util.JvmPauseMonitor$$Lambda$634/511600595@219c5eaa] INFO  util.JvmPauseMonitor (JvmPauseMonitor.java:run(103)) - JvmPauseMonitor-ec4a64e7-ce22-4d24-87ce-b09328d2691b: Started
2022-09-28 09:55:30,397 [EndpointStateMachine task thread for /0.0.0.0:39311 - 0 ] INFO  server.XceiverServerGrpc (XceiverServerGrpc.java:start(180)) - XceiverServerGrpc ec4a64e7-ce22-4d24-87ce-b09328d2691b is started using port 35265
2022-09-28 09:55:30,454 [Listener at 127.0.0.1/43879] INFO  handler.ContextHandler (ContextHandler.java:doStart(915)) - Started o.e.j.w.WebAppContext@11c40102{hddsDatanode,/,file:///tmp/jetty-0_0_0_0-35917-hdds-container-service-1_3_0-SNAPSHOT_jar-_-any-3582262556203890201/webapp/,AVAILABLE}{jar:file:/home/runner/.m2/repository/org/apache/ozone/hdds-container-service/1.3.0-SNAPSHOT/hdds-container-service-1.3.0-SNAPSHOT.jar!/webapps/hddsDatanode}
2022-09-28 09:55:30,456 [Listener at 127.0.0.1/43879] INFO  server.AbstractConnector (AbstractConnector.java:doStart(331)) - Started ServerConnector@37675fc7{HTTP/1.1, (http/1.1)}{0.0.0.0:35917}
2022-09-28 09:55:30,456 [Listener at 127.0.0.1/43879] INFO  server.Server (Server.java:doStart(415)) - Started @95032ms
2022-09-28 09:55:30,456 [Listener at 127.0.0.1/43879] WARN  impl.MetricsSystemImpl (MetricsSystemImpl.java:register(279)) - Sink prometheus already exists!
2022-09-28 09:55:30,456 [Listener at 127.0.0.1/43879] INFO  http.BaseHttpServer (BaseHttpServer.java:updateConnectorAddress(333)) - HTTP server of hddsDatanode listening at http://0.0.0.0:35917
2022-09-28 09:55:30,457 [Listener at 127.0.0.1/43879] INFO  ozone.MiniOzoneClusterImpl (MiniOzoneClusterImpl.java:lambda$waitForClusterToBeReady$0(216)) - Waiting for nodes to be ready. Got 0 of 5 DN Heartbeats.
2022-09-28 09:55:30,457 [Listener at 127.0.0.1/43879] INFO  ozone.MiniOzoneClusterImpl (MiniOzoneClusterImpl.java:lambda$waitForClusterToBeReady$0(219)) - Waiting for cluster to exit safe mode
2022-09-28 09:55:30,457 [Listener at 127.0.0.1/43879] INFO  ozone.MiniOzoneClusterImpl (MiniOzoneClusterImpl.java:lambda$waitForClusterToBeReady$0(221)) - SCM became leader
2022-09-28 09:55:30,457 [Datanode State Machine Daemon Thread] INFO  statemachine.DatanodeStateMachine (DatanodeStateMachine.java:lambda$startDaemon$0(492)) - Ozone container server started.
2022-09-28 09:55:30,498 [org.apache.hadoop.util.JvmPauseMonitor$Monitor@f935a03] INFO  util.JvmPauseMonitor (JvmPauseMonitor.java:run(188)) - Starting JVM pause monitor
2022-09-28 09:55:30,499 [Datanode State Machine Task Thread - 0] INFO  datanode.InitDatanodeState (InitDatanodeState.java:persistContainerDatanodeDetails(138)) - DatanodeDetails is persisted to /home/runner/work/ozone/ozone/hadoop-ozone/integration-test/target/test-dir/MiniOzoneClusterImpl-cfeb4578-2b30-44dc-9f0d-998ef01d83f0/datanode-4/meta/datanode.id
2022-09-28 09:55:31,148 [EndpointStateMachine task thread for /0.0.0.0:39311 - 0 ] INFO  volume.HddsVolume (HddsVolume.java:createDbStore(307)) - SchemaV3 db is created and loaded at /home/runner/work/ozone/ozone/hadoop-ozone/integration-test/target/test-dir/MiniOzoneClusterImpl-cfeb4578-2b30-44dc-9f0d-998ef01d83f0/datanode-2/data-0/containers/hdds/cfeb4578-2b30-44dc-9f0d-998ef01d83f0/DS-b2a73873-9314-4827-8cdb-42a61af58156/container.db for volume DS-b2a73873-9314-4827-8cdb-42a61af58156
2022-09-28 09:55:31,149 [EndpointStateMachine task thread for /0.0.0.0:39311 - 0 ] INFO  volume.HddsVolume (HddsVolume.java:closeDbStore(338)) - SchemaV3 db is stopped at /home/runner/work/ozone/ozone/hadoop-ozone/integration-test/target/test-dir/MiniOzoneClusterImpl-cfeb4578-2b30-44dc-9f0d-998ef01d83f0/datanode-2/data-0/containers/hdds/cfeb4578-2b30-44dc-9f0d-998ef01d83f0/DS-b2a73873-9314-4827-8cdb-42a61af58156/container.db for volume DS-b2a73873-9314-4827-8cdb-42a61af58156
2022-09-28 09:55:31,149 [EndpointStateMachine task thread for /0.0.0.0:39311 - 0 ] INFO  ozoneimpl.OzoneContainer (OzoneContainer.java:start(378)) - Attempting to start container services.
2022-09-28 09:55:31,149 [EndpointStateMachine task thread for /0.0.0.0:39311 - 0 ] INFO  ozoneimpl.OzoneContainer (OzoneContainer.java:startContainerScrub(313)) - Background container scanner has been disabled.
2022-09-28 09:55:31,164 [EndpointStateMachine task thread for /0.0.0.0:39311 - 0 ] INFO  replication.ReplicationServer (ReplicationServer.java:start(111)) - ReplicationServer is started using port 35005
2022-09-28 09:55:31,165 [EndpointStateMachine task thread for /0.0.0.0:39311 - 0 ] INFO  ratis.XceiverServerRatis (XceiverServerRatis.java:start(481)) - Starting XceiverServerRatis 95d95f87-bef6-4afe-b94c-79128d6ebe0d
2022-09-28 09:55:31,165 [EndpointStateMachine task thread for /0.0.0.0:39311 - 0 ] INFO  server.RaftServer (RaftServerProxy.java:lambda$start$6(382)) - 95d95f87-bef6-4afe-b94c-79128d6ebe0d: start RPC server
2022-09-28 09:55:31,187 [EndpointStateMachine task thread for /0.0.0.0:39311 - 0 ] INFO  server.GrpcService (GrpcService.java:startImpl(260)) - 95d95f87-bef6-4afe-b94c-79128d6ebe0d: GrpcService started, listening on 33103
2022-09-28 09:55:31,187 [EndpointStateMachine task thread for /0.0.0.0:39311 - 0 ] INFO  ratis.XceiverServerRatis (XceiverServerRatis.java:getRealPort(502)) - XceiverServerRatis 95d95f87-bef6-4afe-b94c-79128d6ebe0d is started using port 33103 for RATIS
2022-09-28 09:55:31,187 [EndpointStateMachine task thread for /0.0.0.0:39311 - 0 ] INFO  ratis.XceiverServerRatis (XceiverServerRatis.java:getRealPort(502)) - XceiverServerRatis 95d95f87-bef6-4afe-b94c-79128d6ebe0d is started using port 33103 for RATIS_ADMIN
2022-09-28 09:55:31,187 [EndpointStateMachine task thread for /0.0.0.0:39311 - 0 ] INFO  ratis.XceiverServerRatis (XceiverServerRatis.java:getRealPort(502)) - XceiverServerRatis 95d95f87-bef6-4afe-b94c-79128d6ebe0d is started using port 33103 for RATIS_SERVER
2022-09-28 09:55:31,187 [org.apache.ratis.util.JvmPauseMonitor$$Lambda$634/511600595@258e8e69] INFO  util.JvmPauseMonitor (JvmPauseMonitor.java:run(103)) - JvmPauseMonitor-95d95f87-bef6-4afe-b94c-79128d6ebe0d: Started
2022-09-28 09:55:31,242 [EndpointStateMachine task thread for /0.0.0.0:39311 - 0 ] INFO  server.XceiverServerGrpc (XceiverServerGrpc.java:start(180)) - XceiverServerGrpc 95d95f87-bef6-4afe-b94c-79128d6ebe0d is started using port 39779
2022-09-28 09:55:31,378 [IPC Server handler 6 on default port 39311] INFO  net.NetworkTopologyImpl (NetworkTopologyImpl.java:add(112)) - Added a new node: /default-rack/2152fb0b-d20f-4f54-8933-ac8d98653da6
2022-09-28 09:55:31,378 [IPC Server handler 6 on default port 39311] INFO  node.SCMNodeManager (SCMNodeManager.java:register(397)) - Registered Data node : 2152fb0b-d20f-4f54-8933-ac8d98653da6{ip: 10.1.1.21, host: fv-az204-790.d0ggoinxmwcejgojbuqly40l0e.cx.internal.cloudapp.net, ports: [REPLICATION=39739, RATIS=35785, RATIS_ADMIN=35785, RATIS_SERVER=35785, STANDALONE=41765], networkLocation: /default-rack, certSerialId: null, persistedOpState: null, persistedOpStateExpiryEpochSec: 0}
2022-09-28 09:55:31,385 [EventQueue-NodeRegistrationContainerReportForContainerSafeModeRule] INFO  safemode.SCMSafeModeManager (SCMSafeModeManager.java:validateSafeModeExitRules(204)) - ContainerSafeModeRule rule is successfully validated
2022-09-28 09:55:31,388 [EventQueue-NodeRegistrationContainerReportForDataNodeSafeModeRule] INFO  safemode.SCMSafeModeManager (DataNodeSafeModeRule.java:process(71)) - SCM in safe mode. 1 DataNodes registered, 3 required.
2022-09-28 09:55:31,396 [EventQueue-NewNodeForNewNodeHandler] INFO  pipeline.BackgroundPipelineCreator (BackgroundPipelineCreator.java:notifyEventTriggered(276)) - trigger a one-shot run on RatisPipelineUtilsThread.
2022-09-28 09:55:31,413 [EventQueue-PipelineReportForOneReplicaPipelineSafeModeRule] INFO  safemode.SCMSafeModeManager (SCMSafeModeManager.java:validateSafeModeExitRules(204)) - AtleastOneDatanodeReportedRule rule is successfully validated
2022-09-28 09:55:31,428 [RatisPipelineUtilsThread - 0] INFO  pipeline.RatisPipelineProvider (RatisPipelineProvider.java:lambda$create$0(195)) - Sending CreatePipelineCommand for pipeline:PipelineID=a12bff0a-f147-4e2c-ac5e-b454c6f8634a to datanode:2152fb0b-d20f-4f54-8933-ac8d98653da6
2022-09-28 09:55:31,437 [RatisPipelineUtilsThread - 0] INFO  pipeline.PipelineStateManagerImpl (PipelineStateManagerImpl.java:addPipeline(103)) - Created pipeline Pipeline[ Id: a12bff0a-f147-4e2c-ac5e-b454c6f8634a, Nodes: 2152fb0b-d20f-4f54-8933-ac8d98653da6{ip: 10.1.1.21, host: fv-az204-790.d0ggoinxmwcejgojbuqly40l0e.cx.internal.cloudapp.net, ports: [REPLICATION=39739, RATIS=35785, RATIS_ADMIN=35785, RATIS_SERVER=35785, STANDALONE=41765], networkLocation: /default-rack, certSerialId: null, persistedOpState: IN_SERVICE, persistedOpStateExpiryEpochSec: 0}, ReplicationConfig: RATIS/ONE, State:ALLOCATED, leaderId:, CreationTimestamp2022-09-28T09:55:31.428Z[Etc/UTC]].
2022-09-28 09:55:31,457 [Listener at 127.0.0.1/43879] INFO  ozone.MiniOzoneClusterImpl (MiniOzoneClusterImpl.java:lambda$waitForClusterToBeReady$0(216)) - Waiting for nodes to be ready. Got 1 of 5 DN Heartbeats.
2022-09-28 09:55:31,457 [Listener at 127.0.0.1/43879] INFO  ozone.MiniOzoneClusterImpl (MiniOzoneClusterImpl.java:lambda$waitForClusterToBeReady$0(219)) - Waiting for cluster to exit safe mode
2022-09-28 09:55:31,457 [Listener at 127.0.0.1/43879] INFO  ozone.MiniOzoneClusterImpl (MiniOzoneClusterImpl.java:lambda$waitForClusterToBeReady$0(221)) - SCM became leader
2022-09-28 09:55:31,898 [EndpointStateMachine task thread for /0.0.0.0:39311 - 0 ] INFO  volume.HddsVolume (HddsVolume.java:createDbStore(307)) - SchemaV3 db is created and loaded at /home/runner/work/ozone/ozone/hadoop-ozone/integration-test/target/test-dir/MiniOzoneClusterImpl-cfeb4578-2b30-44dc-9f0d-998ef01d83f0/datanode-3/data-0/containers/hdds/cfeb4578-2b30-44dc-9f0d-998ef01d83f0/DS-f653e3d9-fe05-41ad-8fbd-2188139e55bd/container.db for volume DS-f653e3d9-fe05-41ad-8fbd-2188139e55bd
2022-09-28 09:55:31,899 [EndpointStateMachine task thread for /0.0.0.0:39311 - 0 ] INFO  volume.HddsVolume (HddsVolume.java:closeDbStore(338)) - SchemaV3 db is stopped at /home/runner/work/ozone/ozone/hadoop-ozone/integration-test/target/test-dir/MiniOzoneClusterImpl-cfeb4578-2b30-44dc-9f0d-998ef01d83f0/datanode-3/data-0/containers/hdds/cfeb4578-2b30-44dc-9f0d-998ef01d83f0/DS-f653e3d9-fe05-41ad-8fbd-2188139e55bd/container.db for volume DS-f653e3d9-fe05-41ad-8fbd-2188139e55bd
2022-09-28 09:55:31,899 [EndpointStateMachine task thread for /0.0.0.0:39311 - 0 ] INFO  ozoneimpl.OzoneContainer (OzoneContainer.java:start(378)) - Attempting to start container services.
2022-09-28 09:55:31,899 [EndpointStateMachine task thread for /0.0.0.0:39311 - 0 ] INFO  ozoneimpl.OzoneContainer (OzoneContainer.java:startContainerScrub(313)) - Background container scanner has been disabled.
2022-09-28 09:55:31,920 [EndpointStateMachine task thread for /0.0.0.0:39311 - 0 ] INFO  replication.ReplicationServer (ReplicationServer.java:start(111)) - ReplicationServer is started using port 36235
2022-09-28 09:55:31,921 [EndpointStateMachine task thread for /0.0.0.0:39311 - 0 ] INFO  ratis.XceiverServerRatis (XceiverServerRatis.java:start(481)) - Starting XceiverServerRatis f6366748-b663-4af7-9537-447b2f8f9c55
2022-09-28 09:55:31,925 [EndpointStateMachine task thread for /0.0.0.0:39311 - 0 ] INFO  server.RaftServer (RaftServerProxy.java:lambda$start$6(382)) - f6366748-b663-4af7-9537-447b2f8f9c55: start RPC server
2022-09-28 09:55:31,930 [EndpointStateMachine task thread for /0.0.0.0:39311 - 0 ] INFO  server.GrpcService (GrpcService.java:startImpl(260)) - f6366748-b663-4af7-9537-447b2f8f9c55: GrpcService started, listening on 38099
2022-09-28 09:55:31,930 [EndpointStateMachine task thread for /0.0.0.0:39311 - 0 ] INFO  ratis.XceiverServerRatis (XceiverServerRatis.java:getRealPort(502)) - XceiverServerRatis f6366748-b663-4af7-9537-447b2f8f9c55 is started using port 38099 for RATIS
2022-09-28 09:55:31,930 [EndpointStateMachine task thread for /0.0.0.0:39311 - 0 ] INFO  ratis.XceiverServerRatis (XceiverServerRatis.java:getRealPort(502)) - XceiverServerRatis f6366748-b663-4af7-9537-447b2f8f9c55 is started using port 38099 for RATIS_ADMIN
2022-09-28 09:55:31,930 [EndpointStateMachine task thread for /0.0.0.0:39311 - 0 ] INFO  ratis.XceiverServerRatis (XceiverServerRatis.java:getRealPort(502)) - XceiverServerRatis f6366748-b663-4af7-9537-447b2f8f9c55 is started using port 38099 for RATIS_SERVER
2022-09-28 09:55:31,930 [org.apache.ratis.util.JvmPauseMonitor$$Lambda$634/511600595@26370ee1] INFO  util.JvmPauseMonitor (JvmPauseMonitor.java:run(103)) - JvmPauseMonitor-f6366748-b663-4af7-9537-447b2f8f9c55: Started
2022-09-28 09:55:31,975 [EndpointStateMachine task thread for /0.0.0.0:39311 - 0 ] INFO  server.XceiverServerGrpc (XceiverServerGrpc.java:start(180)) - XceiverServerGrpc f6366748-b663-4af7-9537-447b2f8f9c55 is started using port 35329
2022-09-28 09:55:32,215 [IPC Server handler 6 on default port 39311] INFO  net.NetworkTopologyImpl (NetworkTopologyImpl.java:add(112)) - Added a new node: /default-rack/ec4a64e7-ce22-4d24-87ce-b09328d2691b
2022-09-28 09:55:32,215 [IPC Server handler 6 on default port 39311] INFO  node.SCMNodeManager (SCMNodeManager.java:register(397)) - Registered Data node : ec4a64e7-ce22-4d24-87ce-b09328d2691b{ip: 10.1.1.21, host: fv-az204-790.d0ggoinxmwcejgojbuqly40l0e.cx.internal.cloudapp.net, ports: [REPLICATION=35943, RATIS=44059, RATIS_ADMIN=44059, RATIS_SERVER=44059, STANDALONE=35265], networkLocation: /default-rack, certSerialId: null, persistedOpState: null, persistedOpStateExpiryEpochSec: 0}
2022-09-28 09:55:32,215 [EventQueue-NewNodeForNewNodeHandler] INFO  pipeline.BackgroundPipelineCreator (BackgroundPipelineCreator.java:notifyEventTriggered(276)) - trigger a one-shot run on RatisPipelineUtilsThread.
2022-09-28 09:55:32,225 [EventQueue-NodeRegistrationContainerReportForDataNodeSafeModeRule] INFO  safemode.SCMSafeModeManager (DataNodeSafeModeRule.java:process(71)) - SCM in safe mode. 2 DataNodes registered, 3 required.
2022-09-28 09:55:32,226 [RatisPipelineUtilsThread - 0] INFO  pipeline.RatisPipelineProvider (RatisPipelineProvider.java:lambda$create$0(195)) - Sending CreatePipelineCommand for pipeline:PipelineID=0035c69a-4dbe-4624-be89-81f8fa04ab67 to datanode:ec4a64e7-ce22-4d24-87ce-b09328d2691b
2022-09-28 09:55:32,226 [RatisPipelineUtilsThread - 0] INFO  pipeline.PipelineStateManagerImpl (PipelineStateManagerImpl.java:addPipeline(103)) - Created pipeline Pipeline[ Id: 0035c69a-4dbe-4624-be89-81f8fa04ab67, Nodes: ec4a64e7-ce22-4d24-87ce-b09328d2691b{ip: 10.1.1.21, host: fv-az204-790.d0ggoinxmwcejgojbuqly40l0e.cx.internal.cloudapp.net, ports: [REPLICATION=35943, RATIS=44059, RATIS_ADMIN=44059, RATIS_SERVER=44059, STANDALONE=35265], networkLocation: /default-rack, certSerialId: null, persistedOpState: IN_SERVICE, persistedOpStateExpiryEpochSec: 0}, ReplicationConfig: RATIS/ONE, State:ALLOCATED, leaderId:, CreationTimestamp2022-09-28T09:55:32.226Z[Etc/UTC]].
2022-09-28 09:55:32,458 [Listener at 127.0.0.1/43879] INFO  ozone.MiniOzoneClusterImpl (MiniOzoneClusterImpl.java:lambda$waitForClusterToBeReady$0(216)) - Waiting for nodes to be ready. Got 2 of 5 DN Heartbeats.
2022-09-28 09:55:32,458 [Listener at 127.0.0.1/43879] INFO  ozone.MiniOzoneClusterImpl (MiniOzoneClusterImpl.java:lambda$waitForClusterToBeReady$0(219)) - Waiting for cluster to exit safe mode
2022-09-28 09:55:32,458 [Listener at 127.0.0.1/43879] INFO  ozone.MiniOzoneClusterImpl (MiniOzoneClusterImpl.java:lambda$waitForClusterToBeReady$0(221)) - SCM became leader
2022-09-28 09:55:32,571 [EndpointStateMachine task thread for /0.0.0.0:39311 - 0 ] INFO  volume.HddsVolume (HddsVolume.java:createDbStore(307)) - SchemaV3 db is created and loaded at /home/runner/work/ozone/ozone/hadoop-ozone/integration-test/target/test-dir/MiniOzoneClusterImpl-cfeb4578-2b30-44dc-9f0d-998ef01d83f0/datanode-4/data-0/containers/hdds/cfeb4578-2b30-44dc-9f0d-998ef01d83f0/DS-308e8f96-0aa1-42f2-835e-74b12ad91929/container.db for volume DS-308e8f96-0aa1-42f2-835e-74b12ad91929
2022-09-28 09:55:32,593 [EndpointStateMachine task thread for /0.0.0.0:39311 - 0 ] INFO  volume.HddsVolume (HddsVolume.java:closeDbStore(338)) - SchemaV3 db is stopped at /home/runner/work/ozone/ozone/hadoop-ozone/integration-test/target/test-dir/MiniOzoneClusterImpl-cfeb4578-2b30-44dc-9f0d-998ef01d83f0/datanode-4/data-0/containers/hdds/cfeb4578-2b30-44dc-9f0d-998ef01d83f0/DS-308e8f96-0aa1-42f2-835e-74b12ad91929/container.db for volume DS-308e8f96-0aa1-42f2-835e-74b12ad91929
2022-09-28 09:55:32,593 [EndpointStateMachine task thread for /0.0.0.0:39311 - 0 ] INFO  ozoneimpl.OzoneContainer (OzoneContainer.java:start(378)) - Attempting to start container services.
2022-09-28 09:55:32,593 [EndpointStateMachine task thread for /0.0.0.0:39311 - 0 ] INFO  ozoneimpl.OzoneContainer (OzoneContainer.java:startContainerScrub(313)) - Background container scanner has been disabled.
2022-09-28 09:55:32,601 [EndpointStateMachine task thread for /0.0.0.0:39311 - 0 ] INFO  replication.ReplicationServer (ReplicationServer.java:start(111)) - ReplicationServer is started using port 45325
2022-09-28 09:55:32,601 [EndpointStateMachine task thread for /0.0.0.0:39311 - 0 ] INFO  ratis.XceiverServerRatis (XceiverServerRatis.java:start(481)) - Starting XceiverServerRatis 1b053f0e-6c50-44bd-8a3e-e6e9059b4658
2022-09-28 09:55:32,602 [EndpointStateMachine task thread for /0.0.0.0:39311 - 0 ] INFO  server.RaftServer (RaftServerProxy.java:lambda$start$6(382)) - 1b053f0e-6c50-44bd-8a3e-e6e9059b4658: start RPC server
2022-09-28 09:55:32,610 [EndpointStateMachine task thread for /0.0.0.0:39311 - 0 ] INFO  server.GrpcService (GrpcService.java:startImpl(260)) - 1b053f0e-6c50-44bd-8a3e-e6e9059b4658: GrpcService started, listening on 37401
2022-09-28 09:55:32,610 [EndpointStateMachine task thread for /0.0.0.0:39311 - 0 ] INFO  ratis.XceiverServerRatis (XceiverServerRatis.java:getRealPort(502)) - XceiverServerRatis 1b053f0e-6c50-44bd-8a3e-e6e9059b4658 is started using port 37401 for RATIS
2022-09-28 09:55:32,610 [EndpointStateMachine task thread for /0.0.0.0:39311 - 0 ] INFO  ratis.XceiverServerRatis (XceiverServerRatis.java:getRealPort(502)) - XceiverServerRatis 1b053f0e-6c50-44bd-8a3e-e6e9059b4658 is started using port 37401 for RATIS_ADMIN
2022-09-28 09:55:32,610 [EndpointStateMachine task thread for /0.0.0.0:39311 - 0 ] INFO  ratis.XceiverServerRatis (XceiverServerRatis.java:getRealPort(502)) - XceiverServerRatis 1b053f0e-6c50-44bd-8a3e-e6e9059b4658 is started using port 37401 for RATIS_SERVER
2022-09-28 09:55:32,610 [org.apache.ratis.util.JvmPauseMonitor$$Lambda$634/511600595@475a893] INFO  util.JvmPauseMonitor (JvmPauseMonitor.java:run(103)) - JvmPauseMonitor-1b053f0e-6c50-44bd-8a3e-e6e9059b4658: Started
2022-09-28 09:55:32,638 [EndpointStateMachine task thread for /0.0.0.0:39311 - 0 ] INFO  server.XceiverServerGrpc (XceiverServerGrpc.java:start(180)) - XceiverServerGrpc 1b053f0e-6c50-44bd-8a3e-e6e9059b4658 is started using port 42393
2022-09-28 09:55:33,081 [IPC Server handler 6 on default port 39311] INFO  net.NetworkTopologyImpl (NetworkTopologyImpl.java:add(112)) - Added a new node: /default-rack/95d95f87-bef6-4afe-b94c-79128d6ebe0d
2022-09-28 09:55:33,081 [IPC Server handler 6 on default port 39311] INFO  node.SCMNodeManager (SCMNodeManager.java:register(397)) - Registered Data node : 95d95f87-bef6-4afe-b94c-79128d6ebe0d{ip: 10.1.1.21, host: fv-az204-790.d0ggoinxmwcejgojbuqly40l0e.cx.internal.cloudapp.net, ports: [REPLICATION=35005, RATIS=33103, RATIS_ADMIN=33103, RATIS_SERVER=33103, STANDALONE=39779], networkLocation: /default-rack, certSerialId: null, persistedOpState: null, persistedOpStateExpiryEpochSec: 0}
2022-09-28 09:55:33,082 [EventQueue-NewNodeForNewNodeHandler] INFO  pipeline.BackgroundPipelineCreator (BackgroundPipelineCreator.java:notifyEventTriggered(276)) - trigger a one-shot run on RatisPipelineUtilsThread.
2022-09-28 09:55:33,082 [EventQueue-NodeRegistrationContainerReportForDataNodeSafeModeRule] INFO  safemode.SCMSafeModeManager (DataNodeSafeModeRule.java:process(71)) - SCM in safe mode. 3 DataNodes registered, 3 required.
2022-09-28 09:55:33,082 [EventQueue-NodeRegistrationContainerReportForDataNodeSafeModeRule] INFO  safemode.SCMSafeModeManager (SCMSafeModeManager.java:validateSafeModeExitRules(204)) - DataNodeSafeModeRule rule is successfully validated
2022-09-28 09:55:33,082 [EventQueue-NodeRegistrationContainerReportForDataNodeSafeModeRule] INFO  safemode.SCMSafeModeManager (SCMSafeModeManager.java:completePreCheck(233)) - All SCM safe mode pre check rules have passed
2022-09-28 09:55:33,082 [EventQueue-NodeRegistrationContainerReportForDataNodeSafeModeRule] WARN  events.EventQueue (EventQueue.java:fireEvent(216)) - No event handler registered for event TypedEvent{payloadType=SafeModeStatus, name='Safe mode status'}
2022-09-28 09:55:33,082 [EventQueue-NodeRegistrationContainerReportForDataNodeSafeModeRule] INFO  ha.SCMContext (SCMContext.java:updateSafeModeStatus(228)) - Update SafeModeStatus from SafeModeStatus{safeModeStatus=true, preCheckPassed=false} to SafeModeStatus{safeModeStatus=true, preCheckPassed=true}.
2022-09-28 09:55:33,082 [EventQueue-NodeRegistrationContainerReportForDataNodeSafeModeRule] INFO  pipeline.BackgroundPipelineCreator (BackgroundPipelineCreator.java:notifyEventTriggered(276)) - trigger a one-shot run on RatisPipelineUtilsThread.
2022-09-28 09:55:33,082 [RatisPipelineUtilsThread - 0] INFO  pipeline.RatisPipelineProvider (RatisPipelineProvider.java:lambda$create$0(195)) - Sending CreatePipelineCommand for pipeline:PipelineID=a17d1885-d1c3-4889-b150-2515e02124b6 to datanode:95d95f87-bef6-4afe-b94c-79128d6ebe0d
2022-09-28 09:55:33,083 [RatisPipelineUtilsThread - 0] INFO  pipeline.PipelineStateManagerImpl (PipelineStateManagerImpl.java:addPipeline(103)) - Created pipeline Pipeline[ Id: a17d1885-d1c3-4889-b150-2515e02124b6, Nodes: 95d95f87-bef6-4afe-b94c-79128d6ebe0d{ip: 10.1.1.21, host: fv-az204-790.d0ggoinxmwcejgojbuqly40l0e.cx.internal.cloudapp.net, ports: [REPLICATION=35005, RATIS=33103, RATIS_ADMIN=33103, RATIS_SERVER=33103, STANDALONE=39779], networkLocation: /default-rack, certSerialId: null, persistedOpState: IN_SERVICE, persistedOpStateExpiryEpochSec: 0}, ReplicationConfig: RATIS/ONE, State:ALLOCATED, leaderId:, CreationTimestamp2022-09-28T09:55:33.082Z[Etc/UTC]].
2022-09-28 09:55:33,083 [RatisPipelineUtilsThread - 0] INFO  pipeline.RatisPipelineProvider (RatisPipelineProvider.java:lambda$create$0(195)) - Sending CreatePipelineCommand for pipeline:PipelineID=c91f1afb-8d7e-434b-9c62-8d5415d4b3c7 to datanode:95d95f87-bef6-4afe-b94c-79128d6ebe0d
2022-09-28 09:55:33,083 [RatisPipelineUtilsThread - 0] INFO  pipeline.RatisPipelineProvider (RatisPipelineProvider.java:lambda$create$0(195)) - Sending CreatePipelineCommand for pipeline:PipelineID=c91f1afb-8d7e-434b-9c62-8d5415d4b3c7 to datanode:2152fb0b-d20f-4f54-8933-ac8d98653da6
2022-09-28 09:55:33,083 [RatisPipelineUtilsThread - 0] INFO  pipeline.RatisPipelineProvider (RatisPipelineProvider.java:lambda$create$0(195)) - Sending CreatePipelineCommand for pipeline:PipelineID=c91f1afb-8d7e-434b-9c62-8d5415d4b3c7 to datanode:ec4a64e7-ce22-4d24-87ce-b09328d2691b
2022-09-28 09:55:33,083 [RatisPipelineUtilsThread - 0] INFO  pipeline.PipelineStateManagerImpl (PipelineStateManagerImpl.java:addPipeline(103)) - Created pipeline Pipeline[ Id: c91f1afb-8d7e-434b-9c62-8d5415d4b3c7, Nodes: 95d95f87-bef6-4afe-b94c-79128d6ebe0d{ip: 10.1.1.21, host: fv-az204-790.d0ggoinxmwcejgojbuqly40l0e.cx.internal.cloudapp.net, ports: [REPLICATION=35005, RATIS=33103, RATIS_ADMIN=33103, RATIS_SERVER=33103, STANDALONE=39779], networkLocation: /default-rack, certSerialId: null, persistedOpState: IN_SERVICE, persistedOpStateExpiryEpochSec: 0}2152fb0b-d20f-4f54-8933-ac8d98653da6{ip: 10.1.1.21, host: fv-az204-790.d0ggoinxmwcejgojbuqly40l0e.cx.internal.cloudapp.net, ports: [REPLICATION=39739, RATIS=35785, RATIS_ADMIN=35785, RATIS_SERVER=35785, STANDALONE=41765], networkLocation: /default-rack, certSerialId: null, persistedOpState: IN_SERVICE, persistedOpStateExpiryEpochSec: 0}ec4a64e7-ce22-4d24-87ce-b09328d2691b{ip: 10.1.1.21, host: fv-az204-790.d0ggoinxmwcejgojbuqly40l0e.cx.internal.cloudapp.net, ports: [REPLICATION=35943, RATIS=44059, RATIS_ADMIN=44059, RATIS_SERVER=44059, STANDALONE=35265], networkLocation: /default-rack, certSerialId: null, persistedOpState: IN_SERVICE, persistedOpStateExpiryEpochSec: 0}, ReplicationConfig: RATIS/THREE, State:ALLOCATED, leaderId:, CreationTimestamp2022-09-28T09:55:33.083Z[Etc/UTC]].
2022-09-28 09:55:33,084 [RatisPipelineUtilsThread - 0] INFO  pipeline.RatisPipelineProvider (RatisPipelineProvider.java:lambda$create$0(195)) - Sending CreatePipelineCommand for pipeline:PipelineID=cd07f3a9-cf6a-4422-85a1-bb6ee4d2ca5a to datanode:2152fb0b-d20f-4f54-8933-ac8d98653da6
2022-09-28 09:55:33,084 [RatisPipelineUtilsThread - 0] INFO  pipeline.RatisPipelineProvider (RatisPipelineProvider.java:lambda$create$0(195)) - Sending CreatePipelineCommand for pipeline:PipelineID=cd07f3a9-cf6a-4422-85a1-bb6ee4d2ca5a to datanode:ec4a64e7-ce22-4d24-87ce-b09328d2691b
2022-09-28 09:55:33,084 [RatisPipelineUtilsThread - 0] INFO  pipeline.RatisPipelineProvider (RatisPipelineProvider.java:lambda$create$0(195)) - Sending CreatePipelineCommand for pipeline:PipelineID=cd07f3a9-cf6a-4422-85a1-bb6ee4d2ca5a to datanode:95d95f87-bef6-4afe-b94c-79128d6ebe0d
2022-09-28 09:55:33,084 [RatisPipelineUtilsThread - 0] INFO  pipeline.PipelineStateManagerImpl (PipelineStateManagerImpl.java:addPipeline(103)) - Created pipeline Pipeline[ Id: cd07f3a9-cf6a-4422-85a1-bb6ee4d2ca5a, Nodes: 2152fb0b-d20f-4f54-8933-ac8d98653da6{ip: 10.1.1.21, host: fv-az204-790.d0ggoinxmwcejgojbuqly40l0e.cx.internal.cloudapp.net, ports: [REPLICATION=39739, RATIS=35785, RATIS_ADMIN=35785, RATIS_SERVER=35785, STANDALONE=41765], networkLocation: /default-rack, certSerialId: null, persistedOpState: IN_SERVICE, persistedOpStateExpiryEpochSec: 0}ec4a64e7-ce22-4d24-87ce-b09328d2691b{ip: 10.1.1.21, host: fv-az204-790.d0ggoinxmwcejgojbuqly40l0e.cx.internal.cloudapp.net, ports: [REPLICATION=35943, RATIS=44059, RATIS_ADMIN=44059, RATIS_SERVER=44059, STANDALONE=35265], networkLocation: /default-rack, certSerialId: null, persistedOpState: IN_SERVICE, persistedOpStateExpiryEpochSec: 0}95d95f87-bef6-4afe-b94c-79128d6ebe0d{ip: 10.1.1.21, host: fv-az204-790.d0ggoinxmwcejgojbuqly40l0e.cx.internal.cloudapp.net, ports: [REPLICATION=35005, RATIS=33103, RATIS_ADMIN=33103, RATIS_SERVER=33103, STANDALONE=39779], networkLocation: /default-rack, certSerialId: null, persistedOpState: IN_SERVICE, persistedOpStateExpiryEpochSec: 0}, ReplicationConfig: RATIS/THREE, State:ALLOCATED, leaderId:, CreationTimestamp2022-09-28T09:55:33.084Z[Etc/UTC]].
2022-09-28 09:55:33,086 [RatisPipelineUtilsThread - 0] INFO  pipeline.PipelineManagerImpl (PipelineManagerImpl.java:recordMetricsForPipeline(796)) - Pipeline: PipelineID=cd07f3a9-cf6a-4422-85a1-bb6ee4d2ca5a contains same datanodes as previous pipelines: PipelineID=c91f1afb-8d7e-434b-9c62-8d5415d4b3c7 nodeIds: 2152fb0b-d20f-4f54-8933-ac8d98653da6, ec4a64e7-ce22-4d24-87ce-b09328d2691b, 95d95f87-bef6-4afe-b94c-79128d6ebe0d
2022-09-28 09:55:33,458 [Listener at 127.0.0.1/43879] INFO  ozone.MiniOzoneClusterImpl (MiniOzoneClusterImpl.java:lambda$waitForClusterToBeReady$0(216)) - Waiting for nodes to be ready. Got 3 of 5 DN Heartbeats.
2022-09-28 09:55:33,459 [Listener at 127.0.0.1/43879] INFO  ozone.MiniOzoneClusterImpl (MiniOzoneClusterImpl.java:lambda$waitForClusterToBeReady$0(219)) - Waiting for cluster to exit safe mode
2022-09-28 09:55:33,459 [Listener at 127.0.0.1/43879] INFO  ozone.MiniOzoneClusterImpl (MiniOzoneClusterImpl.java:lambda$waitForClusterToBeReady$0(221)) - SCM became leader
2022-09-28 09:55:33,808 [IPC Server handler 6 on default port 39311] INFO  net.NetworkTopologyImpl (NetworkTopologyImpl.java:add(112)) - Added a new node: /default-rack/f6366748-b663-4af7-9537-447b2f8f9c55
2022-09-28 09:55:33,808 [IPC Server handler 6 on default port 39311] INFO  node.SCMNodeManager (SCMNodeManager.java:register(397)) - Registered Data node : f6366748-b663-4af7-9537-447b2f8f9c55{ip: 10.1.1.21, host: fv-az204-790.d0ggoinxmwcejgojbuqly40l0e.cx.internal.cloudapp.net, ports: [REPLICATION=36235, RATIS=38099, RATIS_ADMIN=38099, RATIS_SERVER=38099, STANDALONE=35329], networkLocation: /default-rack, certSerialId: null, persistedOpState: null, persistedOpStateExpiryEpochSec: 0}
2022-09-28 09:55:33,808 [EventQueue-NewNodeForNewNodeHandler] INFO  pipeline.BackgroundPipelineCreator (BackgroundPipelineCreator.java:notifyEventTriggered(276)) - trigger a one-shot run on RatisPipelineUtilsThread.
2022-09-28 09:55:33,808 [RatisPipelineUtilsThread - 0] INFO  pipeline.RatisPipelineProvider (RatisPipelineProvider.java:lambda$create$0(195)) - Sending CreatePipelineCommand for pipeline:PipelineID=fcf2349e-0a87-42ec-8005-2a8854c92619 to datanode:f6366748-b663-4af7-9537-447b2f8f9c55
2022-09-28 09:55:33,809 [RatisPipelineUtilsThread - 0] INFO  pipeline.PipelineStateManagerImpl (PipelineStateManagerImpl.java:addPipeline(103)) - Created pipeline Pipeline[ Id: fcf2349e-0a87-42ec-8005-2a8854c92619, Nodes: f6366748-b663-4af7-9537-447b2f8f9c55{ip: 10.1.1.21, host: fv-az204-790.d0ggoinxmwcejgojbuqly40l0e.cx.internal.cloudapp.net, ports: [REPLICATION=36235, RATIS=38099, RATIS_ADMIN=38099, RATIS_SERVER=38099, STANDALONE=35329], networkLocation: /default-rack, certSerialId: null, persistedOpState: IN_SERVICE, persistedOpStateExpiryEpochSec: 0}, ReplicationConfig: RATIS/ONE, State:ALLOCATED, leaderId:, CreationTimestamp2022-09-28T09:55:33.808Z[Etc/UTC]].
2022-09-28 09:55:34,377 [Command processor thread] INFO  server.RaftServer (RaftServerProxy.java:addNew(96)) - 2152fb0b-d20f-4f54-8933-ac8d98653da6: addNew group-B454C6F8634A:[2152fb0b-d20f-4f54-8933-ac8d98653da6|rpc:10.1.1.21:35785|priority:1] returns group-B454C6F8634A:java.util.concurrent.CompletableFuture@2c6ebbd6[Not completed]
2022-09-28 09:55:34,402 [pool-312-thread-1] INFO  server.RaftServer$Division (RaftServerImpl.java:<init>(190)) - 2152fb0b-d20f-4f54-8933-ac8d98653da6: new RaftServerImpl for group-B454C6F8634A:[2152fb0b-d20f-4f54-8933-ac8d98653da6|rpc:10.1.1.21:35785|priority:1] with ContainerStateMachine:uninitialized
2022-09-28 09:55:34,403 [pool-312-thread-1] INFO  server.RaftServerConfigKeys (ConfUtils.java:logGet(46)) - raft.server.rpc.timeout.min = 5s (custom)
2022-09-28 09:55:34,403 [pool-312-thread-1] INFO  server.RaftServerConfigKeys (ConfUtils.java:logGet(46)) - raft.server.rpc.timeout.max = 5200ms (custom)
2022-09-28 09:55:34,403 [pool-312-thread-1] INFO  server.RaftServerConfigKeys (ConfUtils.java:logGet(46)) - raft.server.rpc.sleep.time = 25ms (default)
2022-09-28 09:55:34,403 [pool-312-thread-1] INFO  server.RaftServerConfigKeys (ConfUtils.java:logGet(46)) - raft.server.rpc.slowness.timeout = 300s (custom)
2022-09-28 09:55:34,403 [pool-312-thread-1] INFO  server.RaftServerConfigKeys (ConfUtils.java:logGet(46)) - raft.server.leaderelection.leader.step-down.wait-time = 10s (default)
2022-09-28 09:55:34,403 [pool-312-thread-1] INFO  server.RaftServerConfigKeys (ConfUtils.java:logGet(46)) - raft.server.sleep.deviation.threshold = 300ms (default)
2022-09-28 09:55:34,403 [pool-312-thread-1] INFO  server.RaftServer$Division (ServerState.java:<init>(107)) - 2152fb0b-d20f-4f54-8933-ac8d98653da6@group-B454C6F8634A: ConfigurationManager, init=-1: [2152fb0b-d20f-4f54-8933-ac8d98653da6|rpc:10.1.1.21:35785|priority:1], old=null, confs=<EMPTY_MAP>
2022-09-28 09:55:34,404 [pool-312-thread-1] INFO  server.RaftServerConfigKeys (ConfUtils.java:logGet(46)) - raft.server.storage.dir = [/home/runner/work/ozone/ozone/hadoop-ozone/integration-test/target/test-dir/MiniOzoneClusterImpl-cfeb4578-2b30-44dc-9f0d-998ef01d83f0/datanode-0/data/ratis] (custom)
2022-09-28 09:55:34,404 [pool-312-thread-1] INFO  server.RaftServerConfigKeys (ConfUtils.java:logGet(46)) - raft.server.log.corruption.policy = EXCEPTION (default)
2022-09-28 09:55:34,404 [pool-312-thread-1] INFO  server.RaftServerConfigKeys (ConfUtils.java:logGet(46)) - raft.server.storage.free-space.min = 0MB (=0) (default)
2022-09-28 09:55:34,405 [pool-312-thread-1] INFO  storage.RaftStorageDirectory (RaftStorageDirectoryImpl.java:analyzeStorage(135)) - The storage directory /home/runner/work/ozone/ozone/hadoop-ozone/integration-test/target/test-dir/MiniOzoneClusterImpl-cfeb4578-2b30-44dc-9f0d-998ef01d83f0/datanode-0/data/ratis/a12bff0a-f147-4e2c-ac5e-b454c6f8634a does not exist. Creating ...
2022-09-28 09:55:34,406 [pool-312-thread-1] INFO  storage.RaftStorageDirectory (RaftStorageDirectoryImpl.java:tryLock(230)) - Lock on /home/runner/work/ozone/ozone/hadoop-ozone/integration-test/target/test-dir/MiniOzoneClusterImpl-cfeb4578-2b30-44dc-9f0d-998ef01d83f0/datanode-0/data/ratis/a12bff0a-f147-4e2c-ac5e-b454c6f8634a/in_use.lock acquired by nodename 12863@fv-az204-790
2022-09-28 09:55:34,409 [pool-312-thread-1] INFO  storage.RaftStorage (RaftStorageImpl.java:format(89)) - Storage directory /home/runner/work/ozone/ozone/hadoop-ozone/integration-test/target/test-dir/MiniOzoneClusterImpl-cfeb4578-2b30-44dc-9f0d-998ef01d83f0/datanode-0/data/ratis/a12bff0a-f147-4e2c-ac5e-b454c6f8634a has been successfully formatted.
2022-09-28 09:55:34,420 [pool-312-thread-1] INFO  ratis.ContainerStateMachine (ContainerStateMachine.java:loadSnapshot(236)) - group-B454C6F8634A: The snapshot info is null. Setting the last applied indexto:(t:0, i:~)
2022-09-28 09:55:34,420 [pool-312-thread-1] INFO  server.RaftServerConfigKeys (ConfUtils.java:logGet(46)) - raft.server.notification.no-leader.timeout = 300s (custom)
2022-09-28 09:55:34,420 [pool-312-thread-1] INFO  server.RaftServerConfigKeys (ConfUtils.java:logGet(46)) - raft.server.log.use.memory = false (default)
2022-09-28 09:55:34,421 [pool-312-thread-1] INFO  server.RaftServerConfigKeys (ConfUtils.java:logGet(46)) - raft.server.log.purge.gap = 1000000 (custom)
2022-09-28 09:55:34,421 [pool-312-thread-1] INFO  server.RaftServerConfigKeys (ConfUtils.java:logGet(46)) - raft.server.log.appender.buffer.byte-limit = 33554432 (custom)
2022-09-28 09:55:34,421 [pool-312-thread-1] INFO  server.RaftServerConfigKeys (ConfUtils.java:logGet(46)) - raft.server.log.statemachine.data.read.timeout = 1000ms (default)
2022-09-28 09:55:34,421 [pool-312-thread-1] INFO  server.RaftServerConfigKeys (ConfUtils.java:logGet(46)) - raft.server.log.segment.size.max = 1048576 (custom)
2022-09-28 09:55:34,421 [pool-312-thread-1] INFO  server.RaftServerConfigKeys (ConfUtils.java:logGet(46)) - raft.server.log.segment.cache.num.max = 2 (custom)
2022-09-28 09:55:34,421 [pool-312-thread-1] INFO  server.RaftServerConfigKeys (ConfUtils.java:logGet(46)) - raft.server.log.segment.cache.size.max = 200MB (=209715200) (default)
2022-09-28 09:55:34,421 [pool-312-thread-1] INFO  segmented.SegmentedRaftLogWorker (SegmentedRaftLogWorker.java:<init>(187)) - new 2152fb0b-d20f-4f54-8933-ac8d98653da6@group-B454C6F8634A-SegmentedRaftLogWorker for RaftStorageImpl:Storage Directory /home/runner/work/ozone/ozone/hadoop-ozone/integration-test/target/test-dir/MiniOzoneClusterImpl-cfeb4578-2b30-44dc-9f0d-998ef01d83f0/datanode-0/data/ratis/a12bff0a-f147-4e2c-ac5e-b454c6f8634a
2022-09-28 09:55:34,421 [pool-312-thread-1] INFO  server.RaftServerConfigKeys (ConfUtils.java:logGet(46)) - raft.server.log.queue.byte-limit = 4294967296 (custom)
2022-09-28 09:55:34,421 [pool-312-thread-1] INFO  server.RaftServerConfigKeys (ConfUtils.java:logGet(46)) - raft.server.log.queue.element-limit = 1024 (custom)
2022-09-28 09:55:34,421 [pool-312-thread-1] INFO  server.RaftServerConfigKeys (ConfUtils.java:logGet(46)) - raft.server.log.segment.size.max = 1048576 (custom)
2022-09-28 09:55:34,421 [pool-312-thread-1] INFO  server.RaftServerConfigKeys (ConfUtils.java:logGet(46)) - raft.server.log.preallocated.size = 16384 (custom)
2022-09-28 09:55:34,421 [pool-312-thread-1] INFO  server.RaftServerConfigKeys (ConfUtils.java:logGet(46)) - raft.server.log.force.sync.num = 128 (default)
2022-09-28 09:55:34,422 [pool-312-thread-1] INFO  server.RaftServerConfigKeys (ConfUtils.java:logGet(46)) - raft.server.log.statemachine.data.sync = true (default)
2022-09-28 09:55:34,422 [pool-312-thread-1] INFO  server.RaftServerConfigKeys (ConfUtils.java:logGet(46)) - raft.server.log.statemachine.data.sync.timeout = 10s (default)
2022-09-28 09:55:34,422 [pool-312-thread-1] INFO  server.RaftServerConfigKeys (ConfUtils.java:logGet(46)) - raft.server.log.statemachine.data.sync.timeout.retry = -1 (default)
2022-09-28 09:55:34,422 [pool-312-thread-1] INFO  server.RaftServerConfigKeys (ConfUtils.java:logGet(46)) - raft.server.log.write.buffer.size = 1048576 (custom)
2022-09-28 09:55:34,423 [pool-312-thread-1] INFO  server.RaftServerConfigKeys (ConfUtils.java:logGet(46)) - raft.server.log.unsafe-flush.enabled = false (default)
2022-09-28 09:55:34,423 [pool-312-thread-1] INFO  server.RaftServerConfigKeys (ConfUtils.java:logGet(46)) - raft.server.log.statemachine.data.caching.enabled = true (custom)
2022-09-28 09:55:34,423 [pool-312-thread-1] INFO  segmented.SegmentedRaftLogWorker (SegmentedRaftLogWorker.java:lambda$new$0(135)) - 2152fb0b-d20f-4f54-8933-ac8d98653da6@group-B454C6F8634A-SegmentedRaftLogWorker: flushIndex: setUnconditionally 0 -> -1
2022-09-28 09:55:34,423 [pool-312-thread-1] INFO  segmented.SegmentedRaftLogWorker (SegmentedRaftLogWorker.java:lambda$new$0(135)) - 2152fb0b-d20f-4f54-8933-ac8d98653da6@group-B454C6F8634A-SegmentedRaftLogWorker: safeCacheEvictIndex: setUnconditionally 0 -> -1
2022-09-28 09:55:34,429 [EventQueue-PipelineReportForPipelineReportHandler] INFO  pipeline.PipelineManagerImpl (PipelineManagerImpl.java:openPipeline(367)) - Pipeline Pipeline[ Id: a12bff0a-f147-4e2c-ac5e-b454c6f8634a, Nodes: 2152fb0b-d20f-4f54-8933-ac8d98653da6{ip: 10.1.1.21, host: fv-az204-790.d0ggoinxmwcejgojbuqly40l0e.cx.internal.cloudapp.net, ports: [REPLICATION=39739, RATIS=35785, RATIS_ADMIN=35785, RATIS_SERVER=35785, STANDALONE=41765], networkLocation: /default-rack, certSerialId: null, persistedOpState: IN_SERVICE, persistedOpStateExpiryEpochSec: 0}, ReplicationConfig: RATIS/ONE, State:ALLOCATED, leaderId:2152fb0b-d20f-4f54-8933-ac8d98653da6, CreationTimestamp2022-09-28T09:55:31.428Z[Etc/UTC]] moved to OPEN state
2022-09-28 09:55:34,442 [pool-312-thread-1] INFO  server.RaftServerConfigKeys (ConfUtils.java:logGet(46)) - raft.server.snapshot.auto.trigger.enabled = true (custom)
2022-09-28 09:55:34,442 [pool-312-thread-1] INFO  server.RaftServerConfigKeys (ConfUtils.java:logGet(46)) - raft.server.snapshot.auto.trigger.threshold = 10000 (custom)
2022-09-28 09:55:34,442 [pool-312-thread-1] INFO  server.RaftServerConfigKeys (ConfUtils.java:logGet(46)) - raft.server.snapshot.retention.file.num = 5 (custom)
2022-09-28 09:55:34,442 [pool-312-thread-1] INFO  server.RaftServerConfigKeys (ConfUtils.java:logGet(46)) - raft.server.log.purge.upto.snapshot.index = false (default)
2022-09-28 09:55:34,442 [pool-312-thread-1] INFO  server.RaftServerConfigKeys (ConfUtils.java:logGet(46)) - raft.server.retrycache.expirytime = 600000ms (custom)
2022-09-28 09:55:34,442 [pool-312-thread-1] INFO  server.RaftServerConfigKeys (ConfUtils.java:logGet(46)) - raft.server.retrycache.statistics.expirytime = 100μs (default)
2022-09-28 09:55:34,443 [pool-312-thread-1] INFO  server.RaftServerConfigKeys (ConfUtils.java:logGet(46)) - raft.server.log.appender.install.snapshot.enabled = false (custom)
2022-09-28 09:55:34,443 [pool-312-thread-1] INFO  server.RaftServerConfigKeys (ConfUtils.java:logGet(46)) - raft.server.threadpool.server.cached = true (default)
2022-09-28 09:55:34,443 [pool-312-thread-1] INFO  server.RaftServerConfigKeys (ConfUtils.java:logGet(46)) - raft.server.threadpool.server.size = 0 (default)
2022-09-28 09:55:34,443 [pool-312-thread-1] INFO  server.RaftServerConfigKeys (ConfUtils.java:logGet(46)) - raft.server.threadpool.client.cached = true (default)
2022-09-28 09:55:34,443 [pool-312-thread-1] INFO  server.RaftServerConfigKeys (ConfUtils.java:logGet(46)) - raft.server.threadpool.client.size = 0 (default)
2022-09-28 09:55:34,443 [pool-312-thread-1] INFO  server.RaftServer$Division (RaftServerImpl.java:start(310)) - 2152fb0b-d20f-4f54-8933-ac8d98653da6@group-B454C6F8634A: start as a follower, conf=-1: [2152fb0b-d20f-4f54-8933-ac8d98653da6|rpc:10.1.1.21:35785|priority:1], old=null
2022-09-28 09:55:34,443 [pool-312-thread-1] INFO  server.RaftServer$Division (RaftServerImpl.java:setRole(299)) - 2152fb0b-d20f-4f54-8933-ac8d98653da6@group-B454C6F8634A: changes role from      null to FOLLOWER at term 0 for startAsFollower
2022-09-28 09:55:34,443 [pool-312-thread-1] INFO  impl.RoleInfo (RoleInfo.java:updateAndGet(139)) - 2152fb0b-d20f-4f54-8933-ac8d98653da6: start 2152fb0b-d20f-4f54-8933-ac8d98653da6@group-B454C6F8634A-FollowerState
2022-09-28 09:55:34,452 [pool-312-thread-1] INFO  util.JmxRegister (JmxRegister.java:tryRegister(44)) - Successfully registered JMX Bean with object name Ratis:service=RaftServer,group=group-B454C6F8634A,id=2152fb0b-d20f-4f54-8933-ac8d98653da6
2022-09-28 09:55:34,459 [Listener at 127.0.0.1/43879] INFO  ozone.MiniOzoneClusterImpl (MiniOzoneClusterImpl.java:lambda$waitForClusterToBeReady$0(216)) - Waiting for nodes to be ready. Got 4 of 5 DN Heartbeats.
2022-09-28 09:55:34,469 [Listener at 127.0.0.1/43879] INFO  ozone.MiniOzoneClusterImpl (MiniOzoneClusterImpl.java:lambda$waitForClusterToBeReady$0(219)) - Waiting for cluster to exit safe mode
2022-09-28 09:55:34,469 [Listener at 127.0.0.1/43879] INFO  ozone.MiniOzoneClusterImpl (MiniOzoneClusterImpl.java:lambda$waitForClusterToBeReady$0(221)) - SCM became leader
2022-09-28 09:55:34,476 [Command processor thread] INFO  ratis.XceiverServerRatis (XceiverServerRatis.java:addGroup(765)) - Created group PipelineID=a12bff0a-f147-4e2c-ac5e-b454c6f8634a
2022-09-28 09:55:34,476 [Command processor thread] INFO  commandhandler.CreatePipelineCommandHandler (CreatePipelineCommandHandler.java:handle(113)) - Created Pipeline RATIS ONE PipelineID=a12bff0a-f147-4e2c-ac5e-b454c6f8634a.
2022-09-28 09:55:34,477 [Command processor thread] INFO  server.RaftServer (RaftServerProxy.java:addNew(96)) - 2152fb0b-d20f-4f54-8933-ac8d98653da6: addNew group-8D5415D4B3C7:[2152fb0b-d20f-4f54-8933-ac8d98653da6|rpc:10.1.1.21:35785|priority:0, 95d95f87-bef6-4afe-b94c-79128d6ebe0d|rpc:10.1.1.21:33103|priority:1, ec4a64e7-ce22-4d24-87ce-b09328d2691b|rpc:10.1.1.21:44059|priority:0] returns group-8D5415D4B3C7:java.util.concurrent.CompletableFuture@28512a83[Not completed]
2022-09-28 09:55:34,478 [pool-312-thread-1] INFO  server.RaftServer$Division (RaftServerImpl.java:<init>(190)) - 2152fb0b-d20f-4f54-8933-ac8d98653da6: new RaftServerImpl for group-8D5415D4B3C7:[2152fb0b-d20f-4f54-8933-ac8d98653da6|rpc:10.1.1.21:35785|priority:0, 95d95f87-bef6-4afe-b94c-79128d6ebe0d|rpc:10.1.1.21:33103|priority:1, ec4a64e7-ce22-4d24-87ce-b09328d2691b|rpc:10.1.1.21:44059|priority:0] with ContainerStateMachine:uninitialized
2022-09-28 09:55:34,478 [pool-312-thread-1] INFO  server.RaftServerConfigKeys (ConfUtils.java:logGet(46)) - raft.server.rpc.timeout.min = 5s (custom)
2022-09-28 09:55:34,478 [pool-312-thread-1] INFO  server.RaftServerConfigKeys (ConfUtils.java:logGet(46)) - raft.server.rpc.timeout.max = 5200ms (custom)
2022-09-28 09:55:34,478 [pool-312-thread-1] INFO  server.RaftServerConfigKeys (ConfUtils.java:logGet(46)) - raft.server.rpc.sleep.time = 25ms (default)
2022-09-28 09:55:34,478 [pool-312-thread-1] INFO  server.RaftServerConfigKeys (ConfUtils.java:logGet(46)) - raft.server.rpc.slowness.timeout = 300s (custom)
2022-09-28 09:55:34,478 [pool-312-thread-1] INFO  server.RaftServerConfigKeys (ConfUtils.java:logGet(46)) - raft.server.leaderelection.leader.step-down.wait-time = 10s (default)
2022-09-28 09:55:34,478 [pool-312-thread-1] INFO  server.RaftServerConfigKeys (ConfUtils.java:logGet(46)) - raft.server.sleep.deviation.threshold = 300ms (default)
2022-09-28 09:55:34,478 [pool-312-thread-1] INFO  server.RaftServer$Division (ServerState.java:<init>(107)) - 2152fb0b-d20f-4f54-8933-ac8d98653da6@group-8D5415D4B3C7: ConfigurationManager, init=-1: [2152fb0b-d20f-4f54-8933-ac8d98653da6|rpc:10.1.1.21:35785|priority:0, 95d95f87-bef6-4afe-b94c-79128d6ebe0d|rpc:10.1.1.21:33103|priority:1, ec4a64e7-ce22-4d24-87ce-b09328d2691b|rpc:10.1.1.21:44059|priority:0], old=null, confs=<EMPTY_MAP>
2022-09-28 09:55:34,478 [pool-312-thread-1] INFO  server.RaftServerConfigKeys (ConfUtils.java:logGet(46)) - raft.server.storage.dir = [/home/runner/work/ozone/ozone/hadoop-ozone/integration-test/target/test-dir/MiniOzoneClusterImpl-cfeb4578-2b30-44dc-9f0d-998ef01d83f0/datanode-0/data/ratis] (custom)
2022-09-28 09:55:34,478 [pool-312-thread-1] INFO  server.RaftServerConfigKeys (ConfUtils.java:logGet(46)) - raft.server.log.corruption.policy = EXCEPTION (default)
2022-09-28 09:55:34,478 [pool-312-thread-1] INFO  server.RaftServerConfigKeys (ConfUtils.java:logGet(46)) - raft.server.storage.free-space.min = 0MB (=0) (default)
2022-09-28 09:55:34,478 [pool-312-thread-1] INFO  storage.RaftStorageDirectory (RaftStorageDirectoryImpl.java:analyzeStorage(135)) - The storage directory /home/runner/work/ozone/ozone/hadoop-ozone/integration-test/target/test-dir/MiniOzoneClusterImpl-cfeb4578-2b30-44dc-9f0d-998ef01d83f0/datanode-0/data/ratis/c91f1afb-8d7e-434b-9c62-8d5415d4b3c7 does not exist. Creating ...
2022-09-28 09:55:34,479 [pool-312-thread-1] INFO  storage.RaftStorageDirectory (RaftStorageDirectoryImpl.java:tryLock(230)) - Lock on /home/runner/work/ozone/ozone/hadoop-ozone/integration-test/target/test-dir/MiniOzoneClusterImpl-cfeb4578-2b30-44dc-9f0d-998ef01d83f0/datanode-0/data/ratis/c91f1afb-8d7e-434b-9c62-8d5415d4b3c7/in_use.lock acquired by nodename 12863@fv-az204-790
2022-09-28 09:55:34,480 [pool-312-thread-1] INFO  storage.RaftStorage (RaftStorageImpl.java:format(89)) - Storage directory /home/runner/work/ozone/ozone/hadoop-ozone/integration-test/target/test-dir/MiniOzoneClusterImpl-cfeb4578-2b30-44dc-9f0d-998ef01d83f0/datanode-0/data/ratis/c91f1afb-8d7e-434b-9c62-8d5415d4b3c7 has been successfully formatted.
2022-09-28 09:55:34,481 [pool-312-thread-1] INFO  ratis.ContainerStateMachine (ContainerStateMachine.java:loadSnapshot(236)) - group-8D5415D4B3C7: The snapshot info is null. Setting the last applied indexto:(t:0, i:~)
2022-09-28 09:55:34,481 [pool-312-thread-1] INFO  server.RaftServerConfigKeys (ConfUtils.java:logGet(46)) - raft.server.notification.no-leader.timeout = 300s (custom)
2022-09-28 09:55:34,481 [pool-312-thread-1] INFO  server.RaftServerConfigKeys (ConfUtils.java:logGet(46)) - raft.server.log.use.memory = false (default)
2022-09-28 09:55:34,481 [pool-312-thread-1] INFO  server.RaftServerConfigKeys (ConfUtils.java:logGet(46)) - raft.server.log.purge.gap = 1000000 (custom)
2022-09-28 09:55:34,481 [pool-312-thread-1] INFO  server.RaftServerConfigKeys (ConfUtils.java:logGet(46)) - raft.server.log.appender.buffer.byte-limit = 33554432 (custom)
2022-09-28 09:55:34,481 [pool-312-thread-1] INFO  server.RaftServerConfigKeys (ConfUtils.java:logGet(46)) - raft.server.log.statemachine.data.read.timeout = 1000ms (default)
2022-09-28 09:55:34,481 [pool-312-thread-1] INFO  server.RaftServerConfigKeys (ConfUtils.java:logGet(46)) - raft.server.log.segment.size.max = 1048576 (custom)
2022-09-28 09:55:34,481 [pool-312-thread-1] INFO  server.RaftServerConfigKeys (ConfUtils.java:logGet(46)) - raft.server.log.segment.cache.num.max = 2 (custom)
2022-09-28 09:55:34,481 [pool-312-thread-1] INFO  server.RaftServerConfigKeys (ConfUtils.java:logGet(46)) - raft.server.log.segment.cache.size.max = 200MB (=209715200) (default)
2022-09-28 09:55:34,482 [pool-312-thread-1] INFO  segmented.SegmentedRaftLogWorker (SegmentedRaftLogWorker.java:<init>(187)) - new 2152fb0b-d20f-4f54-8933-ac8d98653da6@group-8D5415D4B3C7-SegmentedRaftLogWorker for RaftStorageImpl:Storage Directory /home/runner/work/ozone/ozone/hadoop-ozone/integration-test/target/test-dir/MiniOzoneClusterImpl-cfeb4578-2b30-44dc-9f0d-998ef01d83f0/datanode-0/data/ratis/c91f1afb-8d7e-434b-9c62-8d5415d4b3c7
2022-09-28 09:55:34,482 [pool-312-thread-1] INFO  server.RaftServerConfigKeys (ConfUtils.java:logGet(46)) - raft.server.log.queue.byte-limit = 4294967296 (custom)
2022-09-28 09:55:34,482 [pool-312-thread-1] INFO  server.RaftServerConfigKeys (ConfUtils.java:logGet(46)) - raft.server.log.queue.element-limit = 1024 (custom)
2022-09-28 09:55:34,482 [pool-312-thread-1] INFO  server.RaftServerConfigKeys (ConfUtils.java:logGet(46)) - raft.server.log.segment.size.max = 1048576 (custom)
2022-09-28 09:55:34,482 [pool-312-thread-1] INFO  server.RaftServerConfigKeys (ConfUtils.java:logGet(46)) - raft.server.log.preallocated.size = 16384 (custom)
2022-09-28 09:55:34,482 [pool-312-thread-1] INFO  server.RaftServerConfigKeys (ConfUtils.java:logGet(46)) - raft.server.log.force.sync.num = 128 (default)
2022-09-28 09:55:34,482 [pool-312-thread-1] INFO  server.RaftServerConfigKeys (ConfUtils.java:logGet(46)) - raft.server.log.statemachine.data.sync = true (default)
2022-09-28 09:55:34,482 [pool-312-thread-1] INFO  server.RaftServerConfigKeys (ConfUtils.java:logGet(46)) - raft.server.log.statemachine.data.sync.timeout = 10s (default)
2022-09-28 09:55:34,482 [pool-312-thread-1] INFO  server.RaftServerConfigKeys (ConfUtils.java:logGet(46)) - raft.server.log.statemachine.data.sync.timeout.retry = -1 (default)
2022-09-28 09:55:34,483 [pool-312-thread-1] INFO  server.RaftServerConfigKeys (ConfUtils.java:logGet(46)) - raft.server.log.write.buffer.size = 1048576 (custom)
2022-09-28 09:55:34,483 [pool-312-thread-1] INFO  server.RaftServerConfigKeys (ConfUtils.java:logGet(46)) - raft.server.log.unsafe-flush.enabled = false (default)
2022-09-28 09:55:34,483 [pool-312-thread-1] INFO  server.RaftServerConfigKeys (ConfUtils.java:logGet(46)) - raft.server.log.statemachine.data.caching.enabled = true (custom)
2022-09-28 09:55:34,483 [pool-312-thread-1] INFO  segmented.SegmentedRaftLogWorker (SegmentedRaftLogWorker.java:lambda$new$0(135)) - 2152fb0b-d20f-4f54-8933-ac8d98653da6@group-8D5415D4B3C7-SegmentedRaftLogWorker: flushIndex: setUnconditionally 0 -> -1
2022-09-28 09:55:34,483 [pool-312-thread-1] INFO  segmented.SegmentedRaftLogWorker (SegmentedRaftLogWorker.java:lambda$new$0(135)) - 2152fb0b-d20f-4f54-8933-ac8d98653da6@group-8D5415D4B3C7-SegmentedRaftLogWorker: safeCacheEvictIndex: setUnconditionally 0 -> -1
2022-09-28 09:55:34,492 [pool-312-thread-1] INFO  server.RaftServerConfigKeys (ConfUtils.java:logGet(46)) - raft.server.snapshot.auto.trigger.enabled = true (custom)
2022-09-28 09:55:34,492 [pool-312-thread-1] INFO  server.RaftServerConfigKeys (ConfUtils.java:logGet(46)) - raft.server.snapshot.auto.trigger.threshold = 10000 (custom)
2022-09-28 09:55:34,492 [pool-312-thread-1] INFO  server.RaftServerConfigKeys (ConfUtils.java:logGet(46)) - raft.server.snapshot.retention.file.num = 5 (custom)
2022-09-28 09:55:34,492 [pool-312-thread-1] INFO  server.RaftServerConfigKeys (ConfUtils.java:logGet(46)) - raft.server.log.purge.upto.snapshot.index = false (default)
2022-09-28 09:55:34,492 [pool-312-thread-1] INFO  server.RaftServerConfigKeys (ConfUtils.java:logGet(46)) - raft.server.retrycache.expirytime = 600000ms (custom)
2022-09-28 09:55:34,492 [pool-312-thread-1] INFO  server.RaftServerConfigKeys (ConfUtils.java:logGet(46)) - raft.server.retrycache.statistics.expirytime = 100μs (default)
2022-09-28 09:55:34,493 [pool-312-thread-1] INFO  server.RaftServerConfigKeys (ConfUtils.java:logGet(46)) - raft.server.log.appender.install.snapshot.enabled = false (custom)
2022-09-28 09:55:34,496 [EventQueue-OpenPipelineForHealthyPipelineSafeModeRule] INFO  safemode.SCMSafeModeManager (HealthyPipelineSafeModeRule.java:process(137)) - SCM in safe mode. Healthy pipelines reported count is 0, required healthy pipeline reported count is 1
2022-09-28 09:55:34,496 [EventQueue-OpenPipelineForHealthyPipelineSafeModeRule] INFO  safemode.SCMSafeModeManager (HealthyPipelineSafeModeRule.java:process(137)) - SCM in safe mode. Healthy pipelines reported count is 0, required healthy pipeline reported count is 1
2022-09-28 09:55:34,496 [pool-312-thread-1] INFO  server.RaftServerConfigKeys (ConfUtils.java:logGet(46)) - raft.server.threadpool.server.cached = true (default)
2022-09-28 09:55:34,498 [pool-312-thread-1] INFO  server.RaftServerConfigKeys (ConfUtils.java:logGet(46)) - raft.server.threadpool.server.size = 0 (default)
2022-09-28 09:55:34,499 [pool-312-thread-1] INFO  server.RaftServerConfigKeys (ConfUtils.java:logGet(46)) - raft.server.threadpool.client.cached = true (default)
2022-09-28 09:55:34,499 [pool-312-thread-1] INFO  server.RaftServerConfigKeys (ConfUtils.java:logGet(46)) - raft.server.threadpool.client.size = 0 (default)
2022-09-28 09:55:34,499 [pool-312-thread-1] INFO  server.RaftServer$Division (RaftServerImpl.java:start(310)) - 2152fb0b-d20f-4f54-8933-ac8d98653da6@group-8D5415D4B3C7: start as a follower, conf=-1: [2152fb0b-d20f-4f54-8933-ac8d98653da6|rpc:10.1.1.21:35785|priority:0, 95d95f87-bef6-4afe-b94c-79128d6ebe0d|rpc:10.1.1.21:33103|priority:1, ec4a64e7-ce22-4d24-87ce-b09328d2691b|rpc:10.1.1.21:44059|priority:0], old=null
2022-09-28 09:55:34,499 [pool-312-thread-1] INFO  server.RaftServer$Division (RaftServerImpl.java:setRole(299)) - 2152fb0b-d20f-4f54-8933-ac8d98653da6@group-8D5415D4B3C7: changes role from      null to FOLLOWER at term 0 for startAsFollower
2022-09-28 09:55:34,499 [pool-312-thread-1] INFO  impl.RoleInfo (RoleInfo.java:updateAndGet(139)) - 2152fb0b-d20f-4f54-8933-ac8d98653da6: start 2152fb0b-d20f-4f54-8933-ac8d98653da6@group-8D5415D4B3C7-FollowerState
2022-09-28 09:55:34,499 [IPC Server handler 6 on default port 39311] INFO  net.NetworkTopologyImpl (NetworkTopologyImpl.java:add(112)) - Added a new node: /default-rack/1b053f0e-6c50-44bd-8a3e-e6e9059b4658
2022-09-28 09:55:34,499 [IPC Server handler 6 on default port 39311] INFO  node.SCMNodeManager (SCMNodeManager.java:register(397)) - Registered Data node : 1b053f0e-6c50-44bd-8a3e-e6e9059b4658{ip: 10.1.1.21, host: fv-az204-790.d0ggoinxmwcejgojbuqly40l0e.cx.internal.cloudapp.net, ports: [REPLICATION=45325, RATIS=37401, RATIS_ADMIN=37401, RATIS_SERVER=37401, STANDALONE=42393], networkLocation: /default-rack, certSerialId: null, persistedOpState: null, persistedOpStateExpiryEpochSec: 0}
2022-09-28 09:55:34,499 [EventQueue-NewNodeForNewNodeHandler] INFO  pipeline.BackgroundPipelineCreator (BackgroundPipelineCreator.java:notifyEventTriggered(276)) - trigger a one-shot run on RatisPipelineUtilsThread.
2022-09-28 09:55:34,500 [RatisPipelineUtilsThread - 0] INFO  pipeline.RatisPipelineProvider (RatisPipelineProvider.java:lambda$create$0(195)) - Sending CreatePipelineCommand for pipeline:PipelineID=d5b31e4b-6937-453f-aa56-b1474fc66906 to datanode:1b053f0e-6c50-44bd-8a3e-e6e9059b4658
2022-09-28 09:55:34,500 [RatisPipelineUtilsThread - 0] INFO  pipeline.PipelineStateManagerImpl (PipelineStateManagerImpl.java:addPipeline(103)) - Created pipeline Pipeline[ Id: d5b31e4b-6937-453f-aa56-b1474fc66906, Nodes: 1b053f0e-6c50-44bd-8a3e-e6e9059b4658{ip: 10.1.1.21, host: fv-az204-790.d0ggoinxmwcejgojbuqly40l0e.cx.internal.cloudapp.net, ports: [REPLICATION=45325, RATIS=37401, RATIS_ADMIN=37401, RATIS_SERVER=37401, STANDALONE=42393], networkLocation: /default-rack, certSerialId: null, persistedOpState: IN_SERVICE, persistedOpStateExpiryEpochSec: 0}, ReplicationConfig: RATIS/ONE, State:ALLOCATED, leaderId:, CreationTimestamp2022-09-28T09:55:34.500Z[Etc/UTC]].
2022-09-28 09:55:34,516 [pool-312-thread-1] INFO  util.JmxRegister (JmxRegister.java:tryRegister(44)) - Successfully registered JMX Bean with object name Ratis:service=RaftServer,group=group-8D5415D4B3C7,id=2152fb0b-d20f-4f54-8933-ac8d98653da6
2022-09-28 09:55:34,524 [Command processor thread] INFO  ratis.XceiverServerRatis (XceiverServerRatis.java:addGroup(765)) - Created group PipelineID=c91f1afb-8d7e-434b-9c62-8d5415d4b3c7
2022-09-28 09:55:34,577 [grpc-default-executor-0] INFO  server.RaftServer (RaftServerProxy.java:addNew(96)) - 95d95f87-bef6-4afe-b94c-79128d6ebe0d: addNew group-8D5415D4B3C7:[2152fb0b-d20f-4f54-8933-ac8d98653da6|rpc:10.1.1.21:35785|dataStream:|priority:0, 95d95f87-bef6-4afe-b94c-79128d6ebe0d|rpc:10.1.1.21:33103|dataStream:|priority:1, ec4a64e7-ce22-4d24-87ce-b09328d2691b|rpc:10.1.1.21:44059|dataStream:|priority:0] returns group-8D5415D4B3C7:java.util.concurrent.CompletableFuture@1cd0c27f[Not completed]
2022-09-28 09:55:34,592 [pool-358-thread-1] INFO  server.RaftServer$Division (RaftServerImpl.java:<init>(190)) - 95d95f87-bef6-4afe-b94c-79128d6ebe0d: new RaftServerImpl for group-8D5415D4B3C7:[2152fb0b-d20f-4f54-8933-ac8d98653da6|rpc:10.1.1.21:35785|dataStream:|priority:0, 95d95f87-bef6-4afe-b94c-79128d6ebe0d|rpc:10.1.1.21:33103|dataStream:|priority:1, ec4a64e7-ce22-4d24-87ce-b09328d2691b|rpc:10.1.1.21:44059|dataStream:|priority:0] with ContainerStateMachine:uninitialized
2022-09-28 09:55:34,592 [pool-358-thread-1] INFO  server.RaftServerConfigKeys (ConfUtils.java:logGet(46)) - raft.server.rpc.timeout.min = 5s (custom)
2022-09-28 09:55:34,592 [pool-358-thread-1] INFO  server.RaftServerConfigKeys (ConfUtils.java:logGet(46)) - raft.server.rpc.timeout.max = 5200ms (custom)
2022-09-28 09:55:34,592 [pool-358-thread-1] INFO  server.RaftServerConfigKeys (ConfUtils.java:logGet(46)) - raft.server.rpc.sleep.time = 25ms (default)
2022-09-28 09:55:34,593 [pool-358-thread-1] INFO  server.RaftServerConfigKeys (ConfUtils.java:logGet(46)) - raft.server.rpc.slowness.timeout = 300s (custom)
2022-09-28 09:55:34,593 [pool-358-thread-1] INFO  server.RaftServerConfigKeys (ConfUtils.java:logGet(46)) - raft.server.leaderelection.leader.step-down.wait-time = 10s (default)
2022-09-28 09:55:34,593 [pool-358-thread-1] INFO  server.RaftServerConfigKeys (ConfUtils.java:logGet(46)) - raft.server.sleep.deviation.threshold = 300ms (default)
2022-09-28 09:55:34,593 [pool-358-thread-1] INFO  server.RaftServer$Division (ServerState.java:<init>(107)) - 95d95f87-bef6-4afe-b94c-79128d6ebe0d@group-8D5415D4B3C7: ConfigurationManager, init=-1: [2152fb0b-d20f-4f54-8933-ac8d98653da6|rpc:10.1.1.21:35785|dataStream:|priority:0, 95d95f87-bef6-4afe-b94c-79128d6ebe0d|rpc:10.1.1.21:33103|dataStream:|priority:1, ec4a64e7-ce22-4d24-87ce-b09328d2691b|rpc:10.1.1.21:44059|dataStream:|priority:0], old=null, confs=<EMPTY_MAP>
2022-09-28 09:55:34,593 [pool-358-thread-1] INFO  server.RaftServerConfigKeys (ConfUtils.java:logGet(46)) - raft.server.storage.dir = [/home/runner/work/ozone/ozone/hadoop-ozone/integration-test/target/test-dir/MiniOzoneClusterImpl-cfeb4578-2b30-44dc-9f0d-998ef01d83f0/datanode-2/data/ratis] (custom)
2022-09-28 09:55:34,593 [pool-358-thread-1] INFO  server.RaftServerConfigKeys (ConfUtils.java:logGet(46)) - raft.server.log.corruption.policy = EXCEPTION (default)
2022-09-28 09:55:34,593 [pool-358-thread-1] INFO  server.RaftServerConfigKeys (ConfUtils.java:logGet(46)) - raft.server.storage.free-space.min = 0MB (=0) (default)
2022-09-28 09:55:34,593 [pool-358-thread-1] INFO  storage.RaftStorageDirectory (RaftStorageDirectoryImpl.java:analyzeStorage(135)) - The storage directory /home/runner/work/ozone/ozone/hadoop-ozone/integration-test/target/test-dir/MiniOzoneClusterImpl-cfeb4578-2b30-44dc-9f0d-998ef01d83f0/datanode-2/data/ratis/c91f1afb-8d7e-434b-9c62-8d5415d4b3c7 does not exist. Creating ...
2022-09-28 09:55:34,597 [pool-358-thread-1] INFO  storage.RaftStorageDirectory (RaftStorageDirectoryImpl.java:tryLock(230)) - Lock on /home/runner/work/ozone/ozone/hadoop-ozone/integration-test/target/test-dir/MiniOzoneClusterImpl-cfeb4578-2b30-44dc-9f0d-998ef01d83f0/datanode-2/data/ratis/c91f1afb-8d7e-434b-9c62-8d5415d4b3c7/in_use.lock acquired by nodename 12863@fv-az204-790
2022-09-28 09:55:34,597 [pool-358-thread-1] INFO  storage.RaftStorage (RaftStorageImpl.java:format(89)) - Storage directory /home/runner/work/ozone/ozone/hadoop-ozone/integration-test/target/test-dir/MiniOzoneClusterImpl-cfeb4578-2b30-44dc-9f0d-998ef01d83f0/datanode-2/data/ratis/c91f1afb-8d7e-434b-9c62-8d5415d4b3c7 has been successfully formatted.
2022-09-28 09:55:34,608 [pool-358-thread-1] INFO  ratis.ContainerStateMachine (ContainerStateMachine.java:loadSnapshot(236)) - group-8D5415D4B3C7: The snapshot info is null. Setting the last applied indexto:(t:0, i:~)
2022-09-28 09:55:34,608 [pool-358-thread-1] INFO  server.RaftServerConfigKeys (ConfUtils.java:logGet(46)) - raft.server.notification.no-leader.timeout = 300s (custom)
2022-09-28 09:55:34,608 [pool-358-thread-1] INFO  server.RaftServerConfigKeys (ConfUtils.java:logGet(46)) - raft.server.log.use.memory = false (default)
2022-09-28 09:55:34,609 [pool-358-thread-1] INFO  server.RaftServerConfigKeys (ConfUtils.java:logGet(46)) - raft.server.log.purge.gap = 1000000 (custom)
2022-09-28 09:55:34,609 [pool-358-thread-1] INFO  server.RaftServerConfigKeys (ConfUtils.java:logGet(46)) - raft.server.log.appender.buffer.byte-limit = 33554432 (custom)
2022-09-28 09:55:34,609 [pool-358-thread-1] INFO  server.RaftServerConfigKeys (ConfUtils.java:logGet(46)) - raft.server.log.statemachine.data.read.timeout = 1000ms (default)
2022-09-28 09:55:34,609 [pool-358-thread-1] INFO  server.RaftServerConfigKeys (ConfUtils.java:logGet(46)) - raft.server.log.segment.size.max = 1048576 (custom)
2022-09-28 09:55:34,609 [pool-358-thread-1] INFO  server.RaftServerConfigKeys (ConfUtils.java:logGet(46)) - raft.server.log.segment.cache.num.max = 2 (custom)
2022-09-28 09:55:34,609 [pool-358-thread-1] INFO  server.RaftServerConfigKeys (ConfUtils.java:logGet(46)) - raft.server.log.segment.cache.size.max = 200MB (=209715200) (default)
2022-09-28 09:55:34,609 [pool-358-thread-1] INFO  segmented.SegmentedRaftLogWorker (SegmentedRaftLogWorker.java:<init>(187)) - new 95d95f87-bef6-4afe-b94c-79128d6ebe0d@group-8D5415D4B3C7-SegmentedRaftLogWorker for RaftStorageImpl:Storage Directory /home/runner/work/ozone/ozone/hadoop-ozone/integration-test/target/test-dir/MiniOzoneClusterImpl-cfeb4578-2b30-44dc-9f0d-998ef01d83f0/datanode-2/data/ratis/c91f1afb-8d7e-434b-9c62-8d5415d4b3c7
2022-09-28 09:55:34,609 [pool-358-thread-1] INFO  server.RaftServerConfigKeys (ConfUtils.java:logGet(46)) - raft.server.log.queue.byte-limit = 4294967296 (custom)
2022-09-28 09:55:34,609 [pool-358-thread-1] INFO  server.RaftServerConfigKeys (ConfUtils.java:logGet(46)) - raft.server.log.queue.element-limit = 1024 (custom)
2022-09-28 09:55:34,609 [pool-358-thread-1] INFO  server.RaftServerConfigKeys (ConfUtils.java:logGet(46)) - raft.server.log.segment.size.max = 1048576 (custom)
2022-09-28 09:55:34,609 [pool-358-thread-1] INFO  server.RaftServerConfigKeys (ConfUtils.java:logGet(46)) - raft.server.log.preallocated.size = 16384 (custom)
2022-09-28 09:55:34,609 [pool-358-thread-1] INFO  server.RaftServerConfigKeys (ConfUtils.java:logGet(46)) - raft.server.log.force.sync.num = 128 (default)
2022-09-28 09:55:34,609 [pool-358-thread-1] INFO  server.RaftServerConfigKeys (ConfUtils.java:logGet(46)) - raft.server.log.statemachine.data.sync = true (default)
2022-09-28 09:55:34,609 [pool-358-thread-1] INFO  server.RaftServerConfigKeys (ConfUtils.java:logGet(46)) - raft.server.log.statemachine.data.sync.timeout = 10s (default)
2022-09-28 09:55:34,609 [pool-358-thread-1] INFO  server.RaftServerConfigKeys (ConfUtils.java:logGet(46)) - raft.server.log.statemachine.data.sync.timeout.retry = -1 (default)
2022-09-28 09:55:34,610 [pool-358-thread-1] INFO  server.RaftServerConfigKeys (ConfUtils.java:logGet(46)) - raft.server.log.write.buffer.size = 1048576 (custom)
2022-09-28 09:55:34,616 [pool-358-thread-1] INFO  server.RaftServerConfigKeys (ConfUtils.java:logGet(46)) - raft.server.log.unsafe-flush.enabled = false (default)
2022-09-28 09:55:34,616 [pool-358-thread-1] INFO  server.RaftServerConfigKeys (ConfUtils.java:logGet(46)) - raft.server.log.statemachine.data.caching.enabled = true (custom)
2022-09-28 09:55:34,616 [pool-358-thread-1] INFO  segmented.SegmentedRaftLogWorker (SegmentedRaftLogWorker.java:lambda$new$0(135)) - 95d95f87-bef6-4afe-b94c-79128d6ebe0d@group-8D5415D4B3C7-SegmentedRaftLogWorker: flushIndex: setUnconditionally 0 -> -1
2022-09-28 09:55:34,616 [pool-358-thread-1] INFO  segmented.SegmentedRaftLogWorker (SegmentedRaftLogWorker.java:lambda$new$0(135)) - 95d95f87-bef6-4afe-b94c-79128d6ebe0d@group-8D5415D4B3C7-SegmentedRaftLogWorker: safeCacheEvictIndex: setUnconditionally 0 -> -1
2022-09-28 09:55:34,632 [pool-358-thread-1] INFO  server.RaftServerConfigKeys (ConfUtils.java:logGet(46)) - raft.server.snapshot.auto.trigger.enabled = true (custom)
2022-09-28 09:55:34,632 [pool-358-thread-1] INFO  server.RaftServerConfigKeys (ConfUtils.java:logGet(46)) - raft.server.snapshot.auto.trigger.threshold = 10000 (custom)
2022-09-28 09:55:34,632 [pool-358-thread-1] INFO  server.RaftServerConfigKeys (ConfUtils.java:logGet(46)) - raft.server.snapshot.retention.file.num = 5 (custom)
2022-09-28 09:55:34,632 [pool-358-thread-1] INFO  server.RaftServerConfigKeys (ConfUtils.java:logGet(46)) - raft.server.log.purge.upto.snapshot.index = false (default)
2022-09-28 09:55:34,633 [pool-358-thread-1] INFO  server.RaftServerConfigKeys (ConfUtils.java:logGet(46)) - raft.server.retrycache.expirytime = 600000ms (custom)
2022-09-28 09:55:34,633 [pool-358-thread-1] INFO  server.RaftServerConfigKeys (ConfUtils.java:logGet(46)) - raft.server.retrycache.statistics.expirytime = 100μs (default)
2022-09-28 09:55:34,634 [pool-358-thread-1] INFO  server.RaftServerConfigKeys (ConfUtils.java:logGet(46)) - raft.server.log.appender.install.snapshot.enabled = false (custom)
2022-09-28 09:55:34,634 [pool-358-thread-1] INFO  server.RaftServerConfigKeys (ConfUtils.java:logGet(46)) - raft.server.threadpool.server.cached = true (default)
2022-09-28 09:55:34,634 [pool-358-thread-1] INFO  server.RaftServerConfigKeys (ConfUtils.java:logGet(46)) - raft.server.threadpool.server.size = 0 (default)
2022-09-28 09:55:34,634 [pool-358-thread-1] INFO  server.RaftServerConfigKeys (ConfUtils.java:logGet(46)) - raft.server.threadpool.client.cached = true (default)
2022-09-28 09:55:34,634 [pool-358-thread-1] INFO  server.RaftServerConfigKeys (ConfUtils.java:logGet(46)) - raft.server.threadpool.client.size = 0 (default)
2022-09-28 09:55:34,634 [pool-358-thread-1] INFO  server.RaftServer$Division (RaftServerImpl.java:start(310)) - 95d95f87-bef6-4afe-b94c-79128d6ebe0d@group-8D5415D4B3C7: start as a follower, conf=-1: [2152fb0b-d20f-4f54-8933-ac8d98653da6|rpc:10.1.1.21:35785|dataStream:|priority:0, 95d95f87-bef6-4afe-b94c-79128d6ebe0d|rpc:10.1.1.21:33103|dataStream:|priority:1, ec4a64e7-ce22-4d24-87ce-b09328d2691b|rpc:10.1.1.21:44059|dataStream:|priority:0], old=null
2022-09-28 09:55:34,634 [pool-358-thread-1] INFO  server.RaftServer$Division (RaftServerImpl.java:setRole(299)) - 95d95f87-bef6-4afe-b94c-79128d6ebe0d@group-8D5415D4B3C7: changes role from      null to FOLLOWER at term 0 for startAsFollower
2022-09-28 09:55:34,634 [pool-358-thread-1] INFO  impl.RoleInfo (RoleInfo.java:updateAndGet(139)) - 95d95f87-bef6-4afe-b94c-79128d6ebe0d: start 95d95f87-bef6-4afe-b94c-79128d6ebe0d@group-8D5415D4B3C7-FollowerState
2022-09-28 09:55:34,640 [pool-358-thread-1] INFO  util.JmxRegister (JmxRegister.java:tryRegister(44)) - Successfully registered JMX Bean with object name Ratis:service=RaftServer,group=group-8D5415D4B3C7,id=95d95f87-bef6-4afe-b94c-79128d6ebe0d
2022-09-28 09:55:34,721 [grpc-default-executor-0] INFO  server.RaftServer (RaftServerProxy.java:addNew(96)) - ec4a64e7-ce22-4d24-87ce-b09328d2691b: addNew group-8D5415D4B3C7:[2152fb0b-d20f-4f54-8933-ac8d98653da6|rpc:10.1.1.21:35785|dataStream:|priority:0, 95d95f87-bef6-4afe-b94c-79128d6ebe0d|rpc:10.1.1.21:33103|dataStream:|priority:1, ec4a64e7-ce22-4d24-87ce-b09328d2691b|rpc:10.1.1.21:44059|dataStream:|priority:0] returns group-8D5415D4B3C7:java.util.concurrent.CompletableFuture@1c5035dd[Not completed]
2022-09-28 09:55:34,726 [pool-335-thread-1] INFO  server.RaftServer$Division (RaftServerImpl.java:<init>(190)) - ec4a64e7-ce22-4d24-87ce-b09328d2691b: new RaftServerImpl for group-8D5415D4B3C7:[2152fb0b-d20f-4f54-8933-ac8d98653da6|rpc:10.1.1.21:35785|dataStream:|priority:0, 95d95f87-bef6-4afe-b94c-79128d6ebe0d|rpc:10.1.1.21:33103|dataStream:|priority:1, ec4a64e7-ce22-4d24-87ce-b09328d2691b|rpc:10.1.1.21:44059|dataStream:|priority:0] with ContainerStateMachine:uninitialized
2022-09-28 09:55:34,726 [pool-335-thread-1] INFO  server.RaftServerConfigKeys (ConfUtils.java:logGet(46)) - raft.server.rpc.timeout.min = 5s (custom)
2022-09-28 09:55:34,726 [pool-335-thread-1] INFO  server.RaftServerConfigKeys (ConfUtils.java:logGet(46)) - raft.server.rpc.timeout.max = 5200ms (custom)
2022-09-28 09:55:34,726 [pool-335-thread-1] INFO  server.RaftServerConfigKeys (ConfUtils.java:logGet(46)) - raft.server.rpc.sleep.time = 25ms (default)
2022-09-28 09:55:34,726 [pool-335-thread-1] INFO  server.RaftServerConfigKeys (ConfUtils.java:logGet(46)) - raft.server.rpc.slowness.timeout = 300s (custom)
2022-09-28 09:55:34,726 [pool-335-thread-1] INFO  server.RaftServerConfigKeys (ConfUtils.java:logGet(46)) - raft.server.leaderelection.leader.step-down.wait-time = 10s (default)
2022-09-28 09:55:34,726 [pool-335-thread-1] INFO  server.RaftServerConfigKeys (ConfUtils.java:logGet(46)) - raft.server.sleep.deviation.threshold = 300ms (default)
2022-09-28 09:55:34,726 [pool-335-thread-1] INFO  server.RaftServer$Division (ServerState.java:<init>(107)) - ec4a64e7-ce22-4d24-87ce-b09328d2691b@group-8D5415D4B3C7: ConfigurationManager, init=-1: [2152fb0b-d20f-4f54-8933-ac8d98653da6|rpc:10.1.1.21:35785|dataStream:|priority:0, 95d95f87-bef6-4afe-b94c-79128d6ebe0d|rpc:10.1.1.21:33103|dataStream:|priority:1, ec4a64e7-ce22-4d24-87ce-b09328d2691b|rpc:10.1.1.21:44059|dataStream:|priority:0], old=null, confs=<EMPTY_MAP>
2022-09-28 09:55:34,727 [pool-335-thread-1] INFO  server.RaftServerConfigKeys (ConfUtils.java:logGet(46)) - raft.server.storage.dir = [/home/runner/work/ozone/ozone/hadoop-ozone/integration-test/target/test-dir/MiniOzoneClusterImpl-cfeb4578-2b30-44dc-9f0d-998ef01d83f0/datanode-1/data/ratis] (custom)
2022-09-28 09:55:34,727 [pool-335-thread-1] INFO  server.RaftServerConfigKeys (ConfUtils.java:logGet(46)) - raft.server.log.corruption.policy = EXCEPTION (default)
2022-09-28 09:55:34,727 [pool-335-thread-1] INFO  server.RaftServerConfigKeys (ConfUtils.java:logGet(46)) - raft.server.storage.free-space.min = 0MB (=0) (default)
2022-09-28 09:55:34,727 [pool-335-thread-1] INFO  storage.RaftStorageDirectory (RaftStorageDirectoryImpl.java:analyzeStorage(135)) - The storage directory /home/runner/work/ozone/ozone/hadoop-ozone/integration-test/target/test-dir/MiniOzoneClusterImpl-cfeb4578-2b30-44dc-9f0d-998ef01d83f0/datanode-1/data/ratis/c91f1afb-8d7e-434b-9c62-8d5415d4b3c7 does not exist. Creating ...
2022-09-28 09:55:34,728 [pool-335-thread-1] INFO  storage.RaftStorageDirectory (RaftStorageDirectoryImpl.java:tryLock(230)) - Lock on /home/runner/work/ozone/ozone/hadoop-ozone/integration-test/target/test-dir/MiniOzoneClusterImpl-cfeb4578-2b30-44dc-9f0d-998ef01d83f0/datanode-1/data/ratis/c91f1afb-8d7e-434b-9c62-8d5415d4b3c7/in_use.lock acquired by nodename 12863@fv-az204-790
2022-09-28 09:55:34,729 [pool-335-thread-1] INFO  storage.RaftStorage (RaftStorageImpl.java:format(89)) - Storage directory /home/runner/work/ozone/ozone/hadoop-ozone/integration-test/target/test-dir/MiniOzoneClusterImpl-cfeb4578-2b30-44dc-9f0d-998ef01d83f0/datanode-1/data/ratis/c91f1afb-8d7e-434b-9c62-8d5415d4b3c7 has been successfully formatted.
2022-09-28 09:55:34,737 [pool-335-thread-1] INFO  ratis.ContainerStateMachine (ContainerStateMachine.java:loadSnapshot(236)) - group-8D5415D4B3C7: The snapshot info is null. Setting the last applied indexto:(t:0, i:~)
2022-09-28 09:55:34,737 [pool-335-thread-1] INFO  server.RaftServerConfigKeys (ConfUtils.java:logGet(46)) - raft.server.notification.no-leader.timeout = 300s (custom)
2022-09-28 09:55:34,737 [pool-335-thread-1] INFO  server.RaftServerConfigKeys (ConfUtils.java:logGet(46)) - raft.server.log.use.memory = false (default)
2022-09-28 09:55:34,737 [pool-335-thread-1] INFO  server.RaftServerConfigKeys (ConfUtils.java:logGet(46)) - raft.server.log.purge.gap = 1000000 (custom)
2022-09-28 09:55:34,737 [pool-335-thread-1] INFO  server.RaftServerConfigKeys (ConfUtils.java:logGet(46)) - raft.server.log.appender.buffer.byte-limit = 33554432 (custom)
2022-09-28 09:55:34,737 [pool-335-thread-1] INFO  server.RaftServerConfigKeys (ConfUtils.java:logGet(46)) - raft.server.log.statemachine.data.read.timeout = 1000ms (default)
2022-09-28 09:55:34,737 [pool-335-thread-1] INFO  server.RaftServerConfigKeys (ConfUtils.java:logGet(46)) - raft.server.log.segment.size.max = 1048576 (custom)
2022-09-28 09:55:34,738 [pool-335-thread-1] INFO  server.RaftServerConfigKeys (ConfUtils.java:logGet(46)) - raft.server.log.segment.cache.num.max = 2 (custom)
2022-09-28 09:55:34,738 [pool-335-thread-1] INFO  server.RaftServerConfigKeys (ConfUtils.java:logGet(46)) - raft.server.log.segment.cache.size.max = 200MB (=209715200) (default)
2022-09-28 09:55:34,738 [pool-335-thread-1] INFO  segmented.SegmentedRaftLogWorker (SegmentedRaftLogWorker.java:<init>(187)) - new ec4a64e7-ce22-4d24-87ce-b09328d2691b@group-8D5415D4B3C7-SegmentedRaftLogWorker for RaftStorageImpl:Storage Directory /home/runner/work/ozone/ozone/hadoop-ozone/integration-test/target/test-dir/MiniOzoneClusterImpl-cfeb4578-2b30-44dc-9f0d-998ef01d83f0/datanode-1/data/ratis/c91f1afb-8d7e-434b-9c62-8d5415d4b3c7
2022-09-28 09:55:34,738 [pool-335-thread-1] INFO  server.RaftServerConfigKeys (ConfUtils.java:logGet(46)) - raft.server.log.queue.byte-limit = 4294967296 (custom)
2022-09-28 09:55:34,738 [pool-335-thread-1] INFO  server.RaftServerConfigKeys (ConfUtils.java:logGet(46)) - raft.server.log.queue.element-limit = 1024 (custom)
2022-09-28 09:55:34,738 [pool-335-thread-1] INFO  server.RaftServerConfigKeys (ConfUtils.java:logGet(46)) - raft.server.log.segment.size.max = 1048576 (custom)
2022-09-28 09:55:34,738 [pool-335-thread-1] INFO  server.RaftServerConfigKeys (ConfUtils.java:logGet(46)) - raft.server.log.preallocated.size = 16384 (custom)
2022-09-28 09:55:34,738 [pool-335-thread-1] INFO  server.RaftServerConfigKeys (ConfUtils.java:logGet(46)) - raft.server.log.force.sync.num = 128 (default)
2022-09-28 09:55:34,738 [pool-335-thread-1] INFO  server.RaftServerConfigKeys (ConfUtils.java:logGet(46)) - raft.server.log.statemachine.data.sync = true (default)
2022-09-28 09:55:34,738 [pool-335-thread-1] INFO  server.RaftServerConfigKeys (ConfUtils.java:logGet(46)) - raft.server.log.statemachine.data.sync.timeout = 10s (default)
2022-09-28 09:55:34,738 [pool-335-thread-1] INFO  server.RaftServerConfigKeys (ConfUtils.java:logGet(46)) - raft.server.log.statemachine.data.sync.timeout.retry = -1 (default)
2022-09-28 09:55:34,739 [pool-335-thread-1] INFO  server.RaftServerConfigKeys (ConfUtils.java:logGet(46)) - raft.server.log.write.buffer.size = 1048576 (custom)
2022-09-28 09:55:34,739 [pool-335-thread-1] INFO  server.RaftServerConfigKeys (ConfUtils.java:logGet(46)) - raft.server.log.unsafe-flush.enabled = false (default)
2022-09-28 09:55:34,739 [pool-335-thread-1] INFO  server.RaftServerConfigKeys (ConfUtils.java:logGet(46)) - raft.server.log.statemachine.data.caching.enabled = true (custom)
2022-09-28 09:55:34,739 [pool-335-thread-1] INFO  segmented.SegmentedRaftLogWorker (SegmentedRaftLogWorker.java:lambda$new$0(135)) - ec4a64e7-ce22-4d24-87ce-b09328d2691b@group-8D5415D4B3C7-SegmentedRaftLogWorker: flushIndex: setUnconditionally 0 -> -1
2022-09-28 09:55:34,739 [pool-335-thread-1] INFO  segmented.SegmentedRaftLogWorker (SegmentedRaftLogWorker.java:lambda$new$0(135)) - ec4a64e7-ce22-4d24-87ce-b09328d2691b@group-8D5415D4B3C7-SegmentedRaftLogWorker: safeCacheEvictIndex: setUnconditionally 0 -> -1
2022-09-28 09:55:34,764 [pool-335-thread-1] INFO  server.RaftServerConfigKeys (ConfUtils.java:logGet(46)) - raft.server.snapshot.auto.trigger.enabled = true (custom)
2022-09-28 09:55:34,764 [pool-335-thread-1] INFO  server.RaftServerConfigKeys (ConfUtils.java:logGet(46)) - raft.server.snapshot.auto.trigger.threshold = 10000 (custom)
2022-09-28 09:55:34,764 [pool-335-thread-1] INFO  server.RaftServerConfigKeys (ConfUtils.java:logGet(46)) - raft.server.snapshot.retention.file.num = 5 (custom)
2022-09-28 09:55:34,764 [pool-335-thread-1] INFO  server.RaftServerConfigKeys (ConfUtils.java:logGet(46)) - raft.server.log.purge.upto.snapshot.index = false (default)
2022-09-28 09:55:34,764 [pool-335-thread-1] INFO  server.RaftServerConfigKeys (ConfUtils.java:logGet(46)) - raft.server.retrycache.expirytime = 600000ms (custom)
2022-09-28 09:55:34,765 [pool-335-thread-1] INFO  server.RaftServerConfigKeys (ConfUtils.java:logGet(46)) - raft.server.retrycache.statistics.expirytime = 100μs (default)
2022-09-28 09:55:34,765 [pool-335-thread-1] INFO  server.RaftServerConfigKeys (ConfUtils.java:logGet(46)) - raft.server.log.appender.install.snapshot.enabled = false (custom)
2022-09-28 09:55:34,766 [pool-335-thread-1] INFO  server.RaftServerConfigKeys (ConfUtils.java:logGet(46)) - raft.server.threadpool.server.cached = true (default)
2022-09-28 09:55:34,766 [pool-335-thread-1] INFO  server.RaftServerConfigKeys (ConfUtils.java:logGet(46)) - raft.server.threadpool.server.size = 0 (default)
2022-09-28 09:55:34,766 [pool-335-thread-1] INFO  server.RaftServerConfigKeys (ConfUtils.java:logGet(46)) - raft.server.threadpool.client.cached = true (default)
2022-09-28 09:55:34,766 [pool-335-thread-1] INFO  server.RaftServerConfigKeys (ConfUtils.java:logGet(46)) - raft.server.threadpool.client.size = 0 (default)
2022-09-28 09:55:34,766 [pool-335-thread-1] INFO  server.RaftServer$Division (RaftServerImpl.java:start(310)) - ec4a64e7-ce22-4d24-87ce-b09328d2691b@group-8D5415D4B3C7: start as a follower, conf=-1: [2152fb0b-d20f-4f54-8933-ac8d98653da6|rpc:10.1.1.21:35785|dataStream:|priority:0, 95d95f87-bef6-4afe-b94c-79128d6ebe0d|rpc:10.1.1.21:33103|dataStream:|priority:1, ec4a64e7-ce22-4d24-87ce-b09328d2691b|rpc:10.1.1.21:44059|dataStream:|priority:0], old=null
2022-09-28 09:55:34,766 [pool-335-thread-1] INFO  server.RaftServer$Division (RaftServerImpl.java:setRole(299)) - ec4a64e7-ce22-4d24-87ce-b09328d2691b@group-8D5415D4B3C7: changes role from      null to FOLLOWER at term 0 for startAsFollower
2022-09-28 09:55:34,766 [pool-335-thread-1] INFO  impl.RoleInfo (RoleInfo.java:updateAndGet(139)) - ec4a64e7-ce22-4d24-87ce-b09328d2691b: start ec4a64e7-ce22-4d24-87ce-b09328d2691b@group-8D5415D4B3C7-FollowerState
2022-09-28 09:55:34,780 [pool-335-thread-1] INFO  util.JmxRegister (JmxRegister.java:tryRegister(44)) - Successfully registered JMX Bean with object name Ratis:service=RaftServer,group=group-8D5415D4B3C7,id=ec4a64e7-ce22-4d24-87ce-b09328d2691b
2022-09-28 09:55:34,813 [Command processor thread] INFO  commandhandler.CreatePipelineCommandHandler (CreatePipelineCommandHandler.java:handle(113)) - Created Pipeline RATIS THREE PipelineID=c91f1afb-8d7e-434b-9c62-8d5415d4b3c7.
2022-09-28 09:55:34,821 [Command processor thread] INFO  server.RaftServer (RaftServerProxy.java:addNew(96)) - 2152fb0b-d20f-4f54-8933-ac8d98653da6: addNew group-BB6EE4D2CA5A:[2152fb0b-d20f-4f54-8933-ac8d98653da6|rpc:10.1.1.21:35785|priority:1, 95d95f87-bef6-4afe-b94c-79128d6ebe0d|rpc:10.1.1.21:33103|priority:0, ec4a64e7-ce22-4d24-87ce-b09328d2691b|rpc:10.1.1.21:44059|priority:0] returns group-BB6EE4D2CA5A:java.util.concurrent.CompletableFuture@3319de9a[Not completed]
2022-09-28 09:55:34,822 [pool-312-thread-1] INFO  server.RaftServer$Division (RaftServerImpl.java:<init>(190)) - 2152fb0b-d20f-4f54-8933-ac8d98653da6: new RaftServerImpl for group-BB6EE4D2CA5A:[2152fb0b-d20f-4f54-8933-ac8d98653da6|rpc:10.1.1.21:35785|priority:1, 95d95f87-bef6-4afe-b94c-79128d6ebe0d|rpc:10.1.1.21:33103|priority:0, ec4a64e7-ce22-4d24-87ce-b09328d2691b|rpc:10.1.1.21:44059|priority:0] with ContainerStateMachine:uninitialized
2022-09-28 09:55:34,822 [pool-312-thread-1] INFO  server.RaftServerConfigKeys (ConfUtils.java:logGet(46)) - raft.server.rpc.timeout.min = 5s (custom)
2022-09-28 09:55:34,822 [pool-312-thread-1] INFO  server.RaftServerConfigKeys (ConfUtils.java:logGet(46)) - raft.server.rpc.timeout.max = 5200ms (custom)
2022-09-28 09:55:34,822 [pool-312-thread-1] INFO  server.RaftServerConfigKeys (ConfUtils.java:logGet(46)) - raft.server.rpc.sleep.time = 25ms (default)
2022-09-28 09:55:34,822 [pool-312-thread-1] INFO  server.RaftServerConfigKeys (ConfUtils.java:logGet(46)) - raft.server.rpc.slowness.timeout = 300s (custom)
2022-09-28 09:55:34,822 [pool-312-thread-1] INFO  server.RaftServerConfigKeys (ConfUtils.java:logGet(46)) - raft.server.leaderelection.leader.step-down.wait-time = 10s (default)
2022-09-28 09:55:34,822 [pool-312-thread-1] INFO  server.RaftServerConfigKeys (ConfUtils.java:logGet(46)) - raft.server.sleep.deviation.threshold = 300ms (default)
2022-09-28 09:55:34,822 [pool-312-thread-1] INFO  server.RaftServer$Division (ServerState.java:<init>(107)) - 2152fb0b-d20f-4f54-8933-ac8d98653da6@group-BB6EE4D2CA5A: ConfigurationManager, init=-1: [2152fb0b-d20f-4f54-8933-ac8d98653da6|rpc:10.1.1.21:35785|priority:1, 95d95f87-bef6-4afe-b94c-79128d6ebe0d|rpc:10.1.1.21:33103|priority:0, ec4a64e7-ce22-4d24-87ce-b09328d2691b|rpc:10.1.1.21:44059|priority:0], old=null, confs=<EMPTY_MAP>
2022-09-28 09:55:34,822 [pool-312-thread-1] INFO  server.RaftServerConfigKeys (ConfUtils.java:logGet(46)) - raft.server.storage.dir = [/home/runner/work/ozone/ozone/hadoop-ozone/integration-test/target/test-dir/MiniOzoneClusterImpl-cfeb4578-2b30-44dc-9f0d-998ef01d83f0/datanode-0/data/ratis] (custom)
2022-09-28 09:55:34,822 [pool-312-thread-1] INFO  server.RaftServerConfigKeys (ConfUtils.java:logGet(46)) - raft.server.log.corruption.policy = EXCEPTION (default)
2022-09-28 09:55:34,822 [pool-312-thread-1] INFO  server.RaftServerConfigKeys (ConfUtils.java:logGet(46)) - raft.server.storage.free-space.min = 0MB (=0) (default)
2022-09-28 09:55:34,822 [pool-312-thread-1] INFO  storage.RaftStorageDirectory (RaftStorageDirectoryImpl.java:analyzeStorage(135)) - The storage directory /home/runner/work/ozone/ozone/hadoop-ozone/integration-test/target/test-dir/MiniOzoneClusterImpl-cfeb4578-2b30-44dc-9f0d-998ef01d83f0/datanode-0/data/ratis/cd07f3a9-cf6a-4422-85a1-bb6ee4d2ca5a does not exist. Creating ...
2022-09-28 09:55:34,825 [pool-312-thread-1] INFO  storage.RaftStorageDirectory (RaftStorageDirectoryImpl.java:tryLock(230)) - Lock on /home/runner/work/ozone/ozone/hadoop-ozone/integration-test/target/test-dir/MiniOzoneClusterImpl-cfeb4578-2b30-44dc-9f0d-998ef01d83f0/datanode-0/data/ratis/cd07f3a9-cf6a-4422-85a1-bb6ee4d2ca5a/in_use.lock acquired by nodename 12863@fv-az204-790
2022-09-28 09:55:34,825 [pool-312-thread-1] INFO  storage.RaftStorage (RaftStorageImpl.java:format(89)) - Storage directory /home/runner/work/ozone/ozone/hadoop-ozone/integration-test/target/test-dir/MiniOzoneClusterImpl-cfeb4578-2b30-44dc-9f0d-998ef01d83f0/datanode-0/data/ratis/cd07f3a9-cf6a-4422-85a1-bb6ee4d2ca5a has been successfully formatted.
2022-09-28 09:55:34,826 [pool-312-thread-1] INFO  ratis.ContainerStateMachine (ContainerStateMachine.java:loadSnapshot(236)) - group-BB6EE4D2CA5A: The snapshot info is null. Setting the last applied indexto:(t:0, i:~)
2022-09-28 09:55:34,826 [pool-312-thread-1] INFO  server.RaftServerConfigKeys (ConfUtils.java:logGet(46)) - raft.server.notification.no-leader.timeout = 300s (custom)
2022-09-28 09:55:34,826 [pool-312-thread-1] INFO  server.RaftServerConfigKeys (ConfUtils.java:logGet(46)) - raft.server.log.use.memory = false (default)
2022-09-28 09:55:34,826 [pool-312-thread-1] INFO  server.RaftServerConfigKeys (ConfUtils.java:logGet(46)) - raft.server.log.purge.gap = 1000000 (custom)
2022-09-28 09:55:34,826 [pool-312-thread-1] INFO  server.RaftServerConfigKeys (ConfUtils.java:logGet(46)) - raft.server.log.appender.buffer.byte-limit = 33554432 (custom)
2022-09-28 09:55:34,826 [pool-312-thread-1] INFO  server.RaftServerConfigKeys (ConfUtils.java:logGet(46)) - raft.server.log.statemachine.data.read.timeout = 1000ms (default)
2022-09-28 09:55:34,826 [pool-312-thread-1] INFO  server.RaftServerConfigKeys (ConfUtils.java:logGet(46)) - raft.server.log.segment.size.max = 1048576 (custom)
2022-09-28 09:55:34,826 [pool-312-thread-1] INFO  server.RaftServerConfigKeys (ConfUtils.java:logGet(46)) - raft.server.log.segment.cache.num.max = 2 (custom)
2022-09-28 09:55:34,826 [pool-312-thread-1] INFO  server.RaftServerConfigKeys (ConfUtils.java:logGet(46)) - raft.server.log.segment.cache.size.max = 200MB (=209715200) (default)
2022-09-28 09:55:34,827 [pool-312-thread-1] INFO  segmented.SegmentedRaftLogWorker (SegmentedRaftLogWorker.java:<init>(187)) - new 2152fb0b-d20f-4f54-8933-ac8d98653da6@group-BB6EE4D2CA5A-SegmentedRaftLogWorker for RaftStorageImpl:Storage Directory /home/runner/work/ozone/ozone/hadoop-ozone/integration-test/target/test-dir/MiniOzoneClusterImpl-cfeb4578-2b30-44dc-9f0d-998ef01d83f0/datanode-0/data/ratis/cd07f3a9-cf6a-4422-85a1-bb6ee4d2ca5a
2022-09-28 09:55:34,827 [pool-312-thread-1] INFO  server.RaftServerConfigKeys (ConfUtils.java:logGet(46)) - raft.server.log.queue.byte-limit = 4294967296 (custom)
2022-09-28 09:55:34,827 [pool-312-thread-1] INFO  server.RaftServerConfigKeys (ConfUtils.java:logGet(46)) - raft.server.log.queue.element-limit = 1024 (custom)
2022-09-28 09:55:34,827 [pool-312-thread-1] INFO  server.RaftServerConfigKeys (ConfUtils.java:logGet(46)) - raft.server.log.segment.size.max = 1048576 (custom)
2022-09-28 09:55:34,827 [pool-312-thread-1] INFO  server.RaftServerConfigKeys (ConfUtils.java:logGet(46)) - raft.server.log.preallocated.size = 16384 (custom)
2022-09-28 09:55:34,827 [pool-312-thread-1] INFO  server.RaftServerConfigKeys (ConfUtils.java:logGet(46)) - raft.server.log.force.sync.num = 128 (default)
2022-09-28 09:55:34,827 [pool-312-thread-1] INFO  server.RaftServerConfigKeys (ConfUtils.java:logGet(46)) - raft.server.log.statemachine.data.sync = true (default)
2022-09-28 09:55:34,827 [pool-312-thread-1] INFO  server.RaftServerConfigKeys (ConfUtils.java:logGet(46)) - raft.server.log.statemachine.data.sync.timeout = 10s (default)
2022-09-28 09:55:34,827 [pool-312-thread-1] INFO  server.RaftServerConfigKeys (ConfUtils.java:logGet(46)) - raft.server.log.statemachine.data.sync.timeout.retry = -1 (default)
2022-09-28 09:55:34,828 [pool-312-thread-1] INFO  server.RaftServerConfigKeys (ConfUtils.java:logGet(46)) - raft.server.log.write.buffer.size = 1048576 (custom)
2022-09-28 09:55:34,828 [pool-312-thread-1] INFO  server.RaftServerConfigKeys (ConfUtils.java:logGet(46)) - raft.server.log.unsafe-flush.enabled = false (default)
2022-09-28 09:55:34,828 [pool-312-thread-1] INFO  server.RaftServerConfigKeys (ConfUtils.java:logGet(46)) - raft.server.log.statemachine.data.caching.enabled = true (custom)
2022-09-28 09:55:34,829 [EventQueue-OpenPipelineForHealthyPipelineSafeModeRule] INFO  safemode.SCMSafeModeManager (HealthyPipelineSafeModeRule.java:process(137)) - SCM in safe mode. Healthy pipelines reported count is 0, required healthy pipeline reported count is 1
2022-09-28 09:55:34,830 [pool-312-thread-1] INFO  segmented.SegmentedRaftLogWorker (SegmentedRaftLogWorker.java:lambda$new$0(135)) - 2152fb0b-d20f-4f54-8933-ac8d98653da6@group-BB6EE4D2CA5A-SegmentedRaftLogWorker: flushIndex: setUnconditionally 0 -> -1
2022-09-28 09:55:34,830 [pool-312-thread-1] INFO  segmented.SegmentedRaftLogWorker (SegmentedRaftLogWorker.java:lambda$new$0(135)) - 2152fb0b-d20f-4f54-8933-ac8d98653da6@group-BB6EE4D2CA5A-SegmentedRaftLogWorker: safeCacheEvictIndex: setUnconditionally 0 -> -1
2022-09-28 09:55:34,844 [pool-312-thread-1] INFO  server.RaftServerConfigKeys (ConfUtils.java:logGet(46)) - raft.server.snapshot.auto.trigger.enabled = true (custom)
2022-09-28 09:55:34,844 [pool-312-thread-1] INFO  server.RaftServerConfigKeys (ConfUtils.java:logGet(46)) - raft.server.snapshot.auto.trigger.threshold = 10000 (custom)
2022-09-28 09:55:34,844 [pool-312-thread-1] INFO  server.RaftServerConfigKeys (ConfUtils.java:logGet(46)) - raft.server.snapshot.retention.file.num = 5 (custom)
2022-09-28 09:55:34,844 [pool-312-thread-1] INFO  server.RaftServerConfigKeys (ConfUtils.java:logGet(46)) - raft.server.log.purge.upto.snapshot.index = false (default)
2022-09-28 09:55:34,844 [pool-312-thread-1] INFO  server.RaftServerConfigKeys (ConfUtils.java:logGet(46)) - raft.server.retrycache.expirytime = 600000ms (custom)
2022-09-28 09:55:34,844 [pool-312-thread-1] INFO  server.RaftServerConfigKeys (ConfUtils.java:logGet(46)) - raft.server.retrycache.statistics.expirytime = 100μs (default)
2022-09-28 09:55:34,845 [pool-312-thread-1] INFO  server.RaftServerConfigKeys (ConfUtils.java:logGet(46)) - raft.server.log.appender.install.snapshot.enabled = false (custom)
2022-09-28 09:55:34,845 [pool-312-thread-1] INFO  server.RaftServerConfigKeys (ConfUtils.java:logGet(46)) - raft.server.threadpool.server.cached = true (default)
2022-09-28 09:55:34,846 [pool-312-thread-1] INFO  server.RaftServerConfigKeys (ConfUtils.java:logGet(46)) - raft.server.threadpool.server.size = 0 (default)
2022-09-28 09:55:34,846 [pool-312-thread-1] INFO  server.RaftServerConfigKeys (ConfUtils.java:logGet(46)) - raft.server.threadpool.client.cached = true (default)
2022-09-28 09:55:34,846 [pool-312-thread-1] INFO  server.RaftServerConfigKeys (ConfUtils.java:logGet(46)) - raft.server.threadpool.client.size = 0 (default)
2022-09-28 09:55:34,846 [pool-312-thread-1] INFO  server.RaftServer$Division (RaftServerImpl.java:start(310)) - 2152fb0b-d20f-4f54-8933-ac8d98653da6@group-BB6EE4D2CA5A: start as a follower, conf=-1: [2152fb0b-d20f-4f54-8933-ac8d98653da6|rpc:10.1.1.21:35785|priority:1, 95d95f87-bef6-4afe-b94c-79128d6ebe0d|rpc:10.1.1.21:33103|priority:0, ec4a64e7-ce22-4d24-87ce-b09328d2691b|rpc:10.1.1.21:44059|priority:0], old=null
2022-09-28 09:55:34,846 [pool-312-thread-1] INFO  server.RaftServer$Division (RaftServerImpl.java:setRole(299)) - 2152fb0b-d20f-4f54-8933-ac8d98653da6@group-BB6EE4D2CA5A: changes role from      null to FOLLOWER at term 0 for startAsFollower
2022-09-28 09:55:34,846 [pool-312-thread-1] INFO  impl.RoleInfo (RoleInfo.java:updateAndGet(139)) - 2152fb0b-d20f-4f54-8933-ac8d98653da6: start 2152fb0b-d20f-4f54-8933-ac8d98653da6@group-BB6EE4D2CA5A-FollowerState
2022-09-28 09:55:34,846 [pool-312-thread-1] INFO  util.JmxRegister (JmxRegister.java:tryRegister(44)) - Successfully registered JMX Bean with object name Ratis:service=RaftServer,group=group-BB6EE4D2CA5A,id=2152fb0b-d20f-4f54-8933-ac8d98653da6
2022-09-28 09:55:34,846 [Command processor thread] INFO  ratis.XceiverServerRatis (XceiverServerRatis.java:addGroup(765)) - Created group PipelineID=cd07f3a9-cf6a-4422-85a1-bb6ee4d2ca5a
2022-09-28 09:55:34,877 [grpc-default-executor-0] INFO  server.RaftServer (RaftServerProxy.java:addNew(96)) - ec4a64e7-ce22-4d24-87ce-b09328d2691b: addNew group-BB6EE4D2CA5A:[2152fb0b-d20f-4f54-8933-ac8d98653da6|rpc:10.1.1.21:35785|dataStream:|priority:1, 95d95f87-bef6-4afe-b94c-79128d6ebe0d|rpc:10.1.1.21:33103|dataStream:|priority:0, ec4a64e7-ce22-4d24-87ce-b09328d2691b|rpc:10.1.1.21:44059|dataStream:|priority:0] returns group-BB6EE4D2CA5A:java.util.concurrent.CompletableFuture@1770bdba[Not completed]
2022-09-28 09:55:34,877 [pool-335-thread-1] INFO  server.RaftServer$Division (RaftServerImpl.java:<init>(190)) - ec4a64e7-ce22-4d24-87ce-b09328d2691b: new RaftServerImpl for group-BB6EE4D2CA5A:[2152fb0b-d20f-4f54-8933-ac8d98653da6|rpc:10.1.1.21:35785|dataStream:|priority:1, 95d95f87-bef6-4afe-b94c-79128d6ebe0d|rpc:10.1.1.21:33103|dataStream:|priority:0, ec4a64e7-ce22-4d24-87ce-b09328d2691b|rpc:10.1.1.21:44059|dataStream:|priority:0] with ContainerStateMachine:uninitialized
2022-09-28 09:55:34,877 [pool-335-thread-1] INFO  server.RaftServerConfigKeys (ConfUtils.java:logGet(46)) - raft.server.rpc.timeout.min = 5s (custom)
2022-09-28 09:55:34,878 [pool-335-thread-1] INFO  server.RaftServerConfigKeys (ConfUtils.java:logGet(46)) - raft.server.rpc.timeout.max = 5200ms (custom)
2022-09-28 09:55:34,878 [pool-335-thread-1] INFO  server.RaftServerConfigKeys (ConfUtils.java:logGet(46)) - raft.server.rpc.sleep.time = 25ms (default)
2022-09-28 09:55:34,878 [pool-335-thread-1] INFO  server.RaftServerConfigKeys (ConfUtils.java:logGet(46)) - raft.server.rpc.slowness.timeout = 300s (custom)
2022-09-28 09:55:34,878 [pool-335-thread-1] INFO  server.RaftServerConfigKeys (ConfUtils.java:logGet(46)) - raft.server.leaderelection.leader.step-down.wait-time = 10s (default)
2022-09-28 09:55:34,878 [pool-335-thread-1] INFO  server.RaftServerConfigKeys (ConfUtils.java:logGet(46)) - raft.server.sleep.deviation.threshold = 300ms (default)
2022-09-28 09:55:34,878 [pool-335-thread-1] INFO  server.RaftServer$Division (ServerState.java:<init>(107)) - ec4a64e7-ce22-4d24-87ce-b09328d2691b@group-BB6EE4D2CA5A: ConfigurationManager, init=-1: [2152fb0b-d20f-4f54-8933-ac8d98653da6|rpc:10.1.1.21:35785|dataStream:|priority:1, 95d95f87-bef6-4afe-b94c-79128d6ebe0d|rpc:10.1.1.21:33103|dataStream:|priority:0, ec4a64e7-ce22-4d24-87ce-b09328d2691b|rpc:10.1.1.21:44059|dataStream:|priority:0], old=null, confs=<EMPTY_MAP>
2022-09-28 09:55:34,878 [pool-335-thread-1] INFO  server.RaftServerConfigKeys (ConfUtils.java:logGet(46)) - raft.server.storage.dir = [/home/runner/work/ozone/ozone/hadoop-ozone/integration-test/target/test-dir/MiniOzoneClusterImpl-cfeb4578-2b30-44dc-9f0d-998ef01d83f0/datanode-1/data/ratis] (custom)
2022-09-28 09:55:34,878 [pool-335-thread-1] INFO  server.RaftServerConfigKeys (ConfUtils.java:logGet(46)) - raft.server.log.corruption.policy = EXCEPTION (default)
2022-09-28 09:55:34,878 [pool-335-thread-1] INFO  server.RaftServerConfigKeys (ConfUtils.java:logGet(46)) - raft.server.storage.free-space.min = 0MB (=0) (default)
2022-09-28 09:55:34,878 [pool-335-thread-1] INFO  storage.RaftStorageDirectory (RaftStorageDirectoryImpl.java:analyzeStorage(135)) - The storage directory /home/runner/work/ozone/ozone/hadoop-ozone/integration-test/target/test-dir/MiniOzoneClusterImpl-cfeb4578-2b30-44dc-9f0d-998ef01d83f0/datanode-1/data/ratis/cd07f3a9-cf6a-4422-85a1-bb6ee4d2ca5a does not exist. Creating ...
2022-09-28 09:55:34,879 [pool-335-thread-1] INFO  storage.RaftStorageDirectory (RaftStorageDirectoryImpl.java:tryLock(230)) - Lock on /home/runner/work/ozone/ozone/hadoop-ozone/integration-test/target/test-dir/MiniOzoneClusterImpl-cfeb4578-2b30-44dc-9f0d-998ef01d83f0/datanode-1/data/ratis/cd07f3a9-cf6a-4422-85a1-bb6ee4d2ca5a/in_use.lock acquired by nodename 12863@fv-az204-790
2022-09-28 09:55:34,879 [pool-335-thread-1] INFO  storage.RaftStorage (RaftStorageImpl.java:format(89)) - Storage directory /home/runner/work/ozone/ozone/hadoop-ozone/integration-test/target/test-dir/MiniOzoneClusterImpl-cfeb4578-2b30-44dc-9f0d-998ef01d83f0/datanode-1/data/ratis/cd07f3a9-cf6a-4422-85a1-bb6ee4d2ca5a has been successfully formatted.
2022-09-28 09:55:34,880 [pool-335-thread-1] INFO  ratis.ContainerStateMachine (ContainerStateMachine.java:loadSnapshot(236)) - group-BB6EE4D2CA5A: The snapshot info is null. Setting the last applied indexto:(t:0, i:~)
2022-09-28 09:55:34,880 [pool-335-thread-1] INFO  server.RaftServerConfigKeys (ConfUtils.java:logGet(46)) - raft.server.notification.no-leader.timeout = 300s (custom)
2022-09-28 09:55:34,880 [pool-335-thread-1] INFO  server.RaftServerConfigKeys (ConfUtils.java:logGet(46)) - raft.server.log.use.memory = false (default)
2022-09-28 09:55:34,880 [pool-335-thread-1] INFO  server.RaftServerConfigKeys (ConfUtils.java:logGet(46)) - raft.server.log.purge.gap = 1000000 (custom)
2022-09-28 09:55:34,880 [pool-335-thread-1] INFO  server.RaftServerConfigKeys (ConfUtils.java:logGet(46)) - raft.server.log.appender.buffer.byte-limit = 33554432 (custom)
2022-09-28 09:55:34,880 [pool-335-thread-1] INFO  server.RaftServerConfigKeys (ConfUtils.java:logGet(46)) - raft.server.log.statemachine.data.read.timeout = 1000ms (default)
2022-09-28 09:55:34,880 [pool-335-thread-1] INFO  server.RaftServerConfigKeys (ConfUtils.java:logGet(46)) - raft.server.log.segment.size.max = 1048576 (custom)
2022-09-28 09:55:34,881 [pool-335-thread-1] INFO  server.RaftServerConfigKeys (ConfUtils.java:logGet(46)) - raft.server.log.segment.cache.num.max = 2 (custom)
2022-09-28 09:55:34,881 [pool-335-thread-1] INFO  server.RaftServerConfigKeys (ConfUtils.java:logGet(46)) - raft.server.log.segment.cache.size.max = 200MB (=209715200) (default)
2022-09-28 09:55:34,881 [pool-335-thread-1] INFO  segmented.SegmentedRaftLogWorker (SegmentedRaftLogWorker.java:<init>(187)) - new ec4a64e7-ce22-4d24-87ce-b09328d2691b@group-BB6EE4D2CA5A-SegmentedRaftLogWorker for RaftStorageImpl:Storage Directory /home/runner/work/ozone/ozone/hadoop-ozone/integration-test/target/test-dir/MiniOzoneClusterImpl-cfeb4578-2b30-44dc-9f0d-998ef01d83f0/datanode-1/data/ratis/cd07f3a9-cf6a-4422-85a1-bb6ee4d2ca5a
2022-09-28 09:55:34,881 [pool-335-thread-1] INFO  server.RaftServerConfigKeys (ConfUtils.java:logGet(46)) - raft.server.log.queue.byte-limit = 4294967296 (custom)
2022-09-28 09:55:34,881 [pool-335-thread-1] INFO  server.RaftServerConfigKeys (ConfUtils.java:logGet(46)) - raft.server.log.queue.element-limit = 1024 (custom)
2022-09-28 09:55:34,881 [pool-335-thread-1] INFO  server.RaftServerConfigKeys (ConfUtils.java:logGet(46)) - raft.server.log.segment.size.max = 1048576 (custom)
2022-09-28 09:55:34,881 [pool-335-thread-1] INFO  server.RaftServerConfigKeys (ConfUtils.java:logGet(46)) - raft.server.log.preallocated.size = 16384 (custom)
2022-09-28 09:55:34,881 [pool-335-thread-1] INFO  server.RaftServerConfigKeys (ConfUtils.java:logGet(46)) - raft.server.log.force.sync.num = 128 (default)
2022-09-28 09:55:34,881 [pool-335-thread-1] INFO  server.RaftServerConfigKeys (ConfUtils.java:logGet(46)) - raft.server.log.statemachine.data.sync = true (default)
2022-09-28 09:55:34,881 [pool-335-thread-1] INFO  server.RaftServerConfigKeys (ConfUtils.java:logGet(46)) - raft.server.log.statemachine.data.sync.timeout = 10s (default)
2022-09-28 09:55:34,881 [pool-335-thread-1] INFO  server.RaftServerConfigKeys (ConfUtils.java:logGet(46)) - raft.server.log.statemachine.data.sync.timeout.retry = -1 (default)
2022-09-28 09:55:34,882 [pool-335-thread-1] INFO  server.RaftServerConfigKeys (ConfUtils.java:logGet(46)) - raft.server.log.write.buffer.size = 1048576 (custom)
2022-09-28 09:55:34,882 [pool-335-thread-1] INFO  server.RaftServerConfigKeys (ConfUtils.java:logGet(46)) - raft.server.log.unsafe-flush.enabled = false (default)
2022-09-28 09:55:34,882 [pool-335-thread-1] INFO  server.RaftServerConfigKeys (ConfUtils.java:logGet(46)) - raft.server.log.statemachine.data.caching.enabled = true (custom)
2022-09-28 09:55:34,882 [pool-335-thread-1] INFO  segmented.SegmentedRaftLogWorker (SegmentedRaftLogWorker.java:lambda$new$0(135)) - ec4a64e7-ce22-4d24-87ce-b09328d2691b@group-BB6EE4D2CA5A-SegmentedRaftLogWorker: flushIndex: setUnconditionally 0 -> -1
2022-09-28 09:55:34,882 [pool-335-thread-1] INFO  segmented.SegmentedRaftLogWorker (SegmentedRaftLogWorker.java:lambda$new$0(135)) - ec4a64e7-ce22-4d24-87ce-b09328d2691b@group-BB6EE4D2CA5A-SegmentedRaftLogWorker: safeCacheEvictIndex: setUnconditionally 0 -> -1
2022-09-28 09:55:34,886 [pool-335-thread-1] INFO  server.RaftServerConfigKeys (ConfUtils.java:logGet(46)) - raft.server.snapshot.auto.trigger.enabled = true (custom)
2022-09-28 09:55:34,886 [pool-335-thread-1] INFO  server.RaftServerConfigKeys (ConfUtils.java:logGet(46)) - raft.server.snapshot.auto.trigger.threshold = 10000 (custom)
2022-09-28 09:55:34,886 [pool-335-thread-1] INFO  server.RaftServerConfigKeys (ConfUtils.java:logGet(46)) - raft.server.snapshot.retention.file.num = 5 (custom)
2022-09-28 09:55:34,886 [pool-335-thread-1] INFO  server.RaftServerConfigKeys (ConfUtils.java:logGet(46)) - raft.server.log.purge.upto.snapshot.index = false (default)
2022-09-28 09:55:34,886 [pool-335-thread-1] INFO  server.RaftServerConfigKeys (ConfUtils.java:logGet(46)) - raft.server.retrycache.expirytime = 600000ms (custom)
2022-09-28 09:55:34,886 [pool-335-thread-1] INFO  server.RaftServerConfigKeys (ConfUtils.java:logGet(46)) - raft.server.retrycache.statistics.expirytime = 100μs (default)
2022-09-28 09:55:34,887 [pool-335-thread-1] INFO  server.RaftServerConfigKeys (ConfUtils.java:logGet(46)) - raft.server.log.appender.install.snapshot.enabled = false (custom)
2022-09-28 09:55:34,887 [pool-335-thread-1] INFO  server.RaftServerConfigKeys (ConfUtils.java:logGet(46)) - raft.server.threadpool.server.cached = true (default)
2022-09-28 09:55:34,887 [pool-335-thread-1] INFO  server.RaftServerConfigKeys (ConfUtils.java:logGet(46)) - raft.server.threadpool.server.size = 0 (default)
2022-09-28 09:55:34,887 [pool-335-thread-1] INFO  server.RaftServerConfigKeys (ConfUtils.java:logGet(46)) - raft.server.threadpool.client.cached = true (default)
2022-09-28 09:55:34,887 [pool-335-thread-1] INFO  server.RaftServerConfigKeys (ConfUtils.java:logGet(46)) - raft.server.threadpool.client.size = 0 (default)
2022-09-28 09:55:34,887 [pool-335-thread-1] INFO  server.RaftServer$Division (RaftServerImpl.java:start(310)) - ec4a64e7-ce22-4d24-87ce-b09328d2691b@group-BB6EE4D2CA5A: start as a follower, conf=-1: [2152fb0b-d20f-4f54-8933-ac8d98653da6|rpc:10.1.1.21:35785|dataStream:|priority:1, 95d95f87-bef6-4afe-b94c-79128d6ebe0d|rpc:10.1.1.21:33103|dataStream:|priority:0, ec4a64e7-ce22-4d24-87ce-b09328d2691b|rpc:10.1.1.21:44059|dataStream:|priority:0], old=null
2022-09-28 09:55:34,887 [pool-335-thread-1] INFO  server.RaftServer$Division (RaftServerImpl.java:setRole(299)) - ec4a64e7-ce22-4d24-87ce-b09328d2691b@group-BB6EE4D2CA5A: changes role from      null to FOLLOWER at term 0 for startAsFollower
2022-09-28 09:55:34,887 [pool-335-thread-1] INFO  impl.RoleInfo (RoleInfo.java:updateAndGet(139)) - ec4a64e7-ce22-4d24-87ce-b09328d2691b: start ec4a64e7-ce22-4d24-87ce-b09328d2691b@group-BB6EE4D2CA5A-FollowerState
2022-09-28 09:55:34,892 [pool-335-thread-1] INFO  util.JmxRegister (JmxRegister.java:tryRegister(44)) - Successfully registered JMX Bean with object name Ratis:service=RaftServer,group=group-BB6EE4D2CA5A,id=ec4a64e7-ce22-4d24-87ce-b09328d2691b
2022-09-28 09:55:34,948 [grpc-default-executor-0] INFO  server.RaftServer (RaftServerProxy.java:addNew(96)) - 95d95f87-bef6-4afe-b94c-79128d6ebe0d: addNew group-BB6EE4D2CA5A:[2152fb0b-d20f-4f54-8933-ac8d98653da6|rpc:10.1.1.21:35785|dataStream:|priority:1, 95d95f87-bef6-4afe-b94c-79128d6ebe0d|rpc:10.1.1.21:33103|dataStream:|priority:0, ec4a64e7-ce22-4d24-87ce-b09328d2691b|rpc:10.1.1.21:44059|dataStream:|priority:0] returns group-BB6EE4D2CA5A:java.util.concurrent.CompletableFuture@d41438a[Not completed]
2022-09-28 09:55:34,949 [pool-358-thread-1] INFO  server.RaftServer$Division (RaftServerImpl.java:<init>(190)) - 95d95f87-bef6-4afe-b94c-79128d6ebe0d: new RaftServerImpl for group-BB6EE4D2CA5A:[2152fb0b-d20f-4f54-8933-ac8d98653da6|rpc:10.1.1.21:35785|dataStream:|priority:1, 95d95f87-bef6-4afe-b94c-79128d6ebe0d|rpc:10.1.1.21:33103|dataStream:|priority:0, ec4a64e7-ce22-4d24-87ce-b09328d2691b|rpc:10.1.1.21:44059|dataStream:|priority:0] with ContainerStateMachine:uninitialized
2022-09-28 09:55:34,949 [pool-358-thread-1] INFO  server.RaftServerConfigKeys (ConfUtils.java:logGet(46)) - raft.server.rpc.timeout.min = 5s (custom)
2022-09-28 09:55:34,949 [pool-358-thread-1] INFO  server.RaftServerConfigKeys (ConfUtils.java:logGet(46)) - raft.server.rpc.timeout.max = 5200ms (custom)
2022-09-28 09:55:34,949 [pool-358-thread-1] INFO  server.RaftServerConfigKeys (ConfUtils.java:logGet(46)) - raft.server.rpc.sleep.time = 25ms (default)
2022-09-28 09:55:34,949 [pool-358-thread-1] INFO  server.RaftServerConfigKeys (ConfUtils.java:logGet(46)) - raft.server.rpc.slowness.timeout = 300s (custom)
2022-09-28 09:55:34,949 [pool-358-thread-1] INFO  server.RaftServerConfigKeys (ConfUtils.java:logGet(46)) - raft.server.leaderelection.leader.step-down.wait-time = 10s (default)
2022-09-28 09:55:34,949 [pool-358-thread-1] INFO  server.RaftServerConfigKeys (ConfUtils.java:logGet(46)) - raft.server.sleep.deviation.threshold = 300ms (default)
2022-09-28 09:55:34,949 [pool-358-thread-1] INFO  server.RaftServer$Division (ServerState.java:<init>(107)) - 95d95f87-bef6-4afe-b94c-79128d6ebe0d@group-BB6EE4D2CA5A: ConfigurationManager, init=-1: [2152fb0b-d20f-4f54-8933-ac8d98653da6|rpc:10.1.1.21:35785|dataStream:|priority:1, 95d95f87-bef6-4afe-b94c-79128d6ebe0d|rpc:10.1.1.21:33103|dataStream:|priority:0, ec4a64e7-ce22-4d24-87ce-b09328d2691b|rpc:10.1.1.21:44059|dataStream:|priority:0], old=null, confs=<EMPTY_MAP>
2022-09-28 09:55:34,949 [pool-358-thread-1] INFO  server.RaftServerConfigKeys (ConfUtils.java:logGet(46)) - raft.server.storage.dir = [/home/runner/work/ozone/ozone/hadoop-ozone/integration-test/target/test-dir/MiniOzoneClusterImpl-cfeb4578-2b30-44dc-9f0d-998ef01d83f0/datanode-2/data/ratis] (custom)
2022-09-28 09:55:34,950 [pool-358-thread-1] INFO  server.RaftServerConfigKeys (ConfUtils.java:logGet(46)) - raft.server.log.corruption.policy = EXCEPTION (default)
2022-09-28 09:55:34,950 [pool-358-thread-1] INFO  server.RaftServerConfigKeys (ConfUtils.java:logGet(46)) - raft.server.storage.free-space.min = 0MB (=0) (default)
2022-09-28 09:55:34,950 [pool-358-thread-1] INFO  storage.RaftStorageDirectory (RaftStorageDirectoryImpl.java:analyzeStorage(135)) - The storage directory /home/runner/work/ozone/ozone/hadoop-ozone/integration-test/target/test-dir/MiniOzoneClusterImpl-cfeb4578-2b30-44dc-9f0d-998ef01d83f0/datanode-2/data/ratis/cd07f3a9-cf6a-4422-85a1-bb6ee4d2ca5a does not exist. Creating ...
2022-09-28 09:55:34,950 [pool-358-thread-1] INFO  storage.RaftStorageDirectory (RaftStorageDirectoryImpl.java:tryLock(230)) - Lock on /home/runner/work/ozone/ozone/hadoop-ozone/integration-test/target/test-dir/MiniOzoneClusterImpl-cfeb4578-2b30-44dc-9f0d-998ef01d83f0/datanode-2/data/ratis/cd07f3a9-cf6a-4422-85a1-bb6ee4d2ca5a/in_use.lock acquired by nodename 12863@fv-az204-790
2022-09-28 09:55:34,953 [pool-358-thread-1] INFO  storage.RaftStorage (RaftStorageImpl.java:format(89)) - Storage directory /home/runner/work/ozone/ozone/hadoop-ozone/integration-test/target/test-dir/MiniOzoneClusterImpl-cfeb4578-2b30-44dc-9f0d-998ef01d83f0/datanode-2/data/ratis/cd07f3a9-cf6a-4422-85a1-bb6ee4d2ca5a has been successfully formatted.
2022-09-28 09:55:34,953 [pool-358-thread-1] INFO  ratis.ContainerStateMachine (ContainerStateMachine.java:loadSnapshot(236)) - group-BB6EE4D2CA5A: The snapshot info is null. Setting the last applied indexto:(t:0, i:~)
2022-09-28 09:55:34,953 [pool-358-thread-1] INFO  server.RaftServerConfigKeys (ConfUtils.java:logGet(46)) - raft.server.notification.no-leader.timeout = 300s (custom)
2022-09-28 09:55:34,953 [pool-358-thread-1] INFO  server.RaftServerConfigKeys (ConfUtils.java:logGet(46)) - raft.server.log.use.memory = false (default)
2022-09-28 09:55:34,953 [pool-358-thread-1] INFO  server.RaftServerConfigKeys (ConfUtils.java:logGet(46)) - raft.server.log.purge.gap = 1000000 (custom)
2022-09-28 09:55:34,953 [pool-358-thread-1] INFO  server.RaftServerConfigKeys (ConfUtils.java:logGet(46)) - raft.server.log.appender.buffer.byte-limit = 33554432 (custom)
2022-09-28 09:55:34,953 [pool-358-thread-1] INFO  server.RaftServerConfigKeys (ConfUtils.java:logGet(46)) - raft.server.log.statemachine.data.read.timeout = 1000ms (default)
2022-09-28 09:55:34,953 [pool-358-thread-1] INFO  server.RaftServerConfigKeys (ConfUtils.java:logGet(46)) - raft.server.log.segment.size.max = 1048576 (custom)
2022-09-28 09:55:34,954 [pool-358-thread-1] INFO  server.RaftServerConfigKeys (ConfUtils.java:logGet(46)) - raft.server.log.segment.cache.num.max = 2 (custom)
2022-09-28 09:55:34,954 [pool-358-thread-1] INFO  server.RaftServerConfigKeys (ConfUtils.java:logGet(46)) - raft.server.log.segment.cache.size.max = 200MB (=209715200) (default)
2022-09-28 09:55:34,954 [pool-358-thread-1] INFO  segmented.SegmentedRaftLogWorker (SegmentedRaftLogWorker.java:<init>(187)) - new 95d95f87-bef6-4afe-b94c-79128d6ebe0d@group-BB6EE4D2CA5A-SegmentedRaftLogWorker for RaftStorageImpl:Storage Directory /home/runner/work/ozone/ozone/hadoop-ozone/integration-test/target/test-dir/MiniOzoneClusterImpl-cfeb4578-2b30-44dc-9f0d-998ef01d83f0/datanode-2/data/ratis/cd07f3a9-cf6a-4422-85a1-bb6ee4d2ca5a
2022-09-28 09:55:34,954 [pool-358-thread-1] INFO  server.RaftServerConfigKeys (ConfUtils.java:logGet(46)) - raft.server.log.queue.byte-limit = 4294967296 (custom)
2022-09-28 09:55:34,954 [pool-358-thread-1] INFO  server.RaftServerConfigKeys (ConfUtils.java:logGet(46)) - raft.server.log.queue.element-limit = 1024 (custom)
2022-09-28 09:55:34,954 [pool-358-thread-1] INFO  server.RaftServerConfigKeys (ConfUtils.java:logGet(46)) - raft.server.log.segment.size.max = 1048576 (custom)
2022-09-28 09:55:34,954 [pool-358-thread-1] INFO  server.RaftServerConfigKeys (ConfUtils.java:logGet(46)) - raft.server.log.preallocated.size = 16384 (custom)
2022-09-28 09:55:34,954 [pool-358-thread-1] INFO  server.RaftServerConfigKeys (ConfUtils.java:logGet(46)) - raft.server.log.force.sync.num = 128 (default)
2022-09-28 09:55:34,954 [pool-358-thread-1] INFO  server.RaftServerConfigKeys (ConfUtils.java:logGet(46)) - raft.server.log.statemachine.data.sync = true (default)
2022-09-28 09:55:34,954 [pool-358-thread-1] INFO  server.RaftServerConfigKeys (ConfUtils.java:logGet(46)) - raft.server.log.statemachine.data.sync.timeout = 10s (default)
2022-09-28 09:55:34,954 [pool-358-thread-1] INFO  server.RaftServerConfigKeys (ConfUtils.java:logGet(46)) - raft.server.log.statemachine.data.sync.timeout.retry = -1 (default)
2022-09-28 09:55:34,955 [pool-358-thread-1] INFO  server.RaftServerConfigKeys (ConfUtils.java:logGet(46)) - raft.server.log.write.buffer.size = 1048576 (custom)
2022-09-28 09:55:34,955 [pool-358-thread-1] INFO  server.RaftServerConfigKeys (ConfUtils.java:logGet(46)) - raft.server.log.unsafe-flush.enabled = false (default)
2022-09-28 09:55:34,955 [pool-358-thread-1] INFO  server.RaftServerConfigKeys (ConfUtils.java:logGet(46)) - raft.server.log.statemachine.data.caching.enabled = true (custom)
2022-09-28 09:55:34,955 [pool-358-thread-1] INFO  segmented.SegmentedRaftLogWorker (SegmentedRaftLogWorker.java:lambda$new$0(135)) - 95d95f87-bef6-4afe-b94c-79128d6ebe0d@group-BB6EE4D2CA5A-SegmentedRaftLogWorker: flushIndex: setUnconditionally 0 -> -1
2022-09-28 09:55:34,955 [pool-358-thread-1] INFO  segmented.SegmentedRaftLogWorker (SegmentedRaftLogWorker.java:lambda$new$0(135)) - 95d95f87-bef6-4afe-b94c-79128d6ebe0d@group-BB6EE4D2CA5A-SegmentedRaftLogWorker: safeCacheEvictIndex: setUnconditionally 0 -> -1
2022-09-28 09:55:34,960 [pool-358-thread-1] INFO  server.RaftServerConfigKeys (ConfUtils.java:logGet(46)) - raft.server.snapshot.auto.trigger.enabled = true (custom)
2022-09-28 09:55:34,960 [pool-358-thread-1] INFO  server.RaftServerConfigKeys (ConfUtils.java:logGet(46)) - raft.server.snapshot.auto.trigger.threshold = 10000 (custom)
2022-09-28 09:55:34,960 [pool-358-thread-1] INFO  server.RaftServerConfigKeys (ConfUtils.java:logGet(46)) - raft.server.snapshot.retention.file.num = 5 (custom)
2022-09-28 09:55:34,960 [pool-358-thread-1] INFO  server.RaftServerConfigKeys (ConfUtils.java:logGet(46)) - raft.server.log.purge.upto.snapshot.index = false (default)
2022-09-28 09:55:34,960 [pool-358-thread-1] INFO  server.RaftServerConfigKeys (ConfUtils.java:logGet(46)) - raft.server.retrycache.expirytime = 600000ms (custom)
2022-09-28 09:55:34,960 [pool-358-thread-1] INFO  server.RaftServerConfigKeys (ConfUtils.java:logGet(46)) - raft.server.retrycache.statistics.expirytime = 100μs (default)
2022-09-28 09:55:34,961 [pool-358-thread-1] INFO  server.RaftServerConfigKeys (ConfUtils.java:logGet(46)) - raft.server.log.appender.install.snapshot.enabled = false (custom)
2022-09-28 09:55:34,961 [pool-358-thread-1] INFO  server.RaftServerConfigKeys (ConfUtils.java:logGet(46)) - raft.server.threadpool.server.cached = true (default)
2022-09-28 09:55:34,961 [pool-358-thread-1] INFO  server.RaftServerConfigKeys (ConfUtils.java:logGet(46)) - raft.server.threadpool.server.size = 0 (default)
2022-09-28 09:55:34,962 [pool-358-thread-1] INFO  server.RaftServerConfigKeys (ConfUtils.java:logGet(46)) - raft.server.threadpool.client.cached = true (default)
2022-09-28 09:55:34,962 [pool-358-thread-1] INFO  server.RaftServerConfigKeys (ConfUtils.java:logGet(46)) - raft.server.threadpool.client.size = 0 (default)
2022-09-28 09:55:34,962 [pool-358-thread-1] INFO  server.RaftServer$Division (RaftServerImpl.java:start(310)) - 95d95f87-bef6-4afe-b94c-79128d6ebe0d@group-BB6EE4D2CA5A: start as a follower, conf=-1: [2152fb0b-d20f-4f54-8933-ac8d98653da6|rpc:10.1.1.21:35785|dataStream:|priority:1, 95d95f87-bef6-4afe-b94c-79128d6ebe0d|rpc:10.1.1.21:33103|dataStream:|priority:0, ec4a64e7-ce22-4d24-87ce-b09328d2691b|rpc:10.1.1.21:44059|dataStream:|priority:0], old=null
2022-09-28 09:55:34,962 [pool-358-thread-1] INFO  server.RaftServer$Division (RaftServerImpl.java:setRole(299)) - 95d95f87-bef6-4afe-b94c-79128d6ebe0d@group-BB6EE4D2CA5A: changes role from      null to FOLLOWER at term 0 for startAsFollower
2022-09-28 09:55:34,962 [pool-358-thread-1] INFO  impl.RoleInfo (RoleInfo.java:updateAndGet(139)) - 95d95f87-bef6-4afe-b94c-79128d6ebe0d: start 95d95f87-bef6-4afe-b94c-79128d6ebe0d@group-BB6EE4D2CA5A-FollowerState
2022-09-28 09:55:34,962 [pool-358-thread-1] INFO  util.JmxRegister (JmxRegister.java:tryRegister(44)) - Successfully registered JMX Bean with object name Ratis:service=RaftServer,group=group-BB6EE4D2CA5A,id=95d95f87-bef6-4afe-b94c-79128d6ebe0d
2022-09-28 09:55:34,974 [Command processor thread] INFO  commandhandler.CreatePipelineCommandHandler (CreatePipelineCommandHandler.java:handle(113)) - Created Pipeline RATIS THREE PipelineID=cd07f3a9-cf6a-4422-85a1-bb6ee4d2ca5a.
2022-09-28 09:55:35,214 [Command processor thread] INFO  server.RaftServer (RaftServerProxy.java:addNew(96)) - ec4a64e7-ce22-4d24-87ce-b09328d2691b: addNew group-81F8FA04AB67:[ec4a64e7-ce22-4d24-87ce-b09328d2691b|rpc:10.1.1.21:44059|priority:1] returns group-81F8FA04AB67:java.util.concurrent.CompletableFuture@402fa46[Not completed]
2022-09-28 09:55:35,215 [pool-335-thread-1] INFO  server.RaftServer$Division (RaftServerImpl.java:<init>(190)) - ec4a64e7-ce22-4d24-87ce-b09328d2691b: new RaftServerImpl for group-81F8FA04AB67:[ec4a64e7-ce22-4d24-87ce-b09328d2691b|rpc:10.1.1.21:44059|priority:1] with ContainerStateMachine:uninitialized
2022-09-28 09:55:35,215 [pool-335-thread-1] INFO  server.RaftServerConfigKeys (ConfUtils.java:logGet(46)) - raft.server.rpc.timeout.min = 5s (custom)
2022-09-28 09:55:35,215 [pool-335-thread-1] INFO  server.RaftServerConfigKeys (ConfUtils.java:logGet(46)) - raft.server.rpc.timeout.max = 5200ms (custom)
2022-09-28 09:55:35,215 [pool-335-thread-1] INFO  server.RaftServerConfigKeys (ConfUtils.java:logGet(46)) - raft.server.rpc.sleep.time = 25ms (default)
2022-09-28 09:55:35,215 [pool-335-thread-1] INFO  server.RaftServerConfigKeys (ConfUtils.java:logGet(46)) - raft.server.rpc.slowness.timeout = 300s (custom)
2022-09-28 09:55:35,215 [pool-335-thread-1] INFO  server.RaftServerConfigKeys (ConfUtils.java:logGet(46)) - raft.server.leaderelection.leader.step-down.wait-time = 10s (default)
2022-09-28 09:55:35,215 [pool-335-thread-1] INFO  server.RaftServerConfigKeys (ConfUtils.java:logGet(46)) - raft.server.sleep.deviation.threshold = 300ms (default)
2022-09-28 09:55:35,215 [pool-335-thread-1] INFO  server.RaftServer$Division (ServerState.java:<init>(107)) - ec4a64e7-ce22-4d24-87ce-b09328d2691b@group-81F8FA04AB67: ConfigurationManager, init=-1: [ec4a64e7-ce22-4d24-87ce-b09328d2691b|rpc:10.1.1.21:44059|priority:1], old=null, confs=<EMPTY_MAP>
2022-09-28 09:55:35,215 [pool-335-thread-1] INFO  server.RaftServerConfigKeys (ConfUtils.java:logGet(46)) - raft.server.storage.dir = [/home/runner/work/ozone/ozone/hadoop-ozone/integration-test/target/test-dir/MiniOzoneClusterImpl-cfeb4578-2b30-44dc-9f0d-998ef01d83f0/datanode-1/data/ratis] (custom)
2022-09-28 09:55:35,216 [pool-335-thread-1] INFO  server.RaftServerConfigKeys (ConfUtils.java:logGet(46)) - raft.server.log.corruption.policy = EXCEPTION (default)
2022-09-28 09:55:35,216 [pool-335-thread-1] INFO  server.RaftServerConfigKeys (ConfUtils.java:logGet(46)) - raft.server.storage.free-space.min = 0MB (=0) (default)
2022-09-28 09:55:35,216 [pool-335-thread-1] INFO  storage.RaftStorageDirectory (RaftStorageDirectoryImpl.java:analyzeStorage(135)) - The storage directory /home/runner/work/ozone/ozone/hadoop-ozone/integration-test/target/test-dir/MiniOzoneClusterImpl-cfeb4578-2b30-44dc-9f0d-998ef01d83f0/datanode-1/data/ratis/0035c69a-4dbe-4624-be89-81f8fa04ab67 does not exist. Creating ...
2022-09-28 09:55:35,225 [pool-335-thread-1] INFO  storage.RaftStorageDirectory (RaftStorageDirectoryImpl.java:tryLock(230)) - Lock on /home/runner/work/ozone/ozone/hadoop-ozone/integration-test/target/test-dir/MiniOzoneClusterImpl-cfeb4578-2b30-44dc-9f0d-998ef01d83f0/datanode-1/data/ratis/0035c69a-4dbe-4624-be89-81f8fa04ab67/in_use.lock acquired by nodename 12863@fv-az204-790
2022-09-28 09:55:35,225 [pool-335-thread-1] INFO  storage.RaftStorage (RaftStorageImpl.java:format(89)) - Storage directory /home/runner/work/ozone/ozone/hadoop-ozone/integration-test/target/test-dir/MiniOzoneClusterImpl-cfeb4578-2b30-44dc-9f0d-998ef01d83f0/datanode-1/data/ratis/0035c69a-4dbe-4624-be89-81f8fa04ab67 has been successfully formatted.
2022-09-28 09:55:35,226 [pool-335-thread-1] INFO  ratis.ContainerStateMachine (ContainerStateMachine.java:loadSnapshot(236)) - group-81F8FA04AB67: The snapshot info is null. Setting the last applied indexto:(t:0, i:~)
2022-09-28 09:55:35,226 [pool-335-thread-1] INFO  server.RaftServerConfigKeys (ConfUtils.java:logGet(46)) - raft.server.notification.no-leader.timeout = 300s (custom)
2022-09-28 09:55:35,226 [pool-335-thread-1] INFO  server.RaftServerConfigKeys (ConfUtils.java:logGet(46)) - raft.server.log.use.memory = false (default)
2022-09-28 09:55:35,226 [pool-335-thread-1] INFO  server.RaftServerConfigKeys (ConfUtils.java:logGet(46)) - raft.server.log.purge.gap = 1000000 (custom)
2022-09-28 09:55:35,226 [pool-335-thread-1] INFO  server.RaftServerConfigKeys (ConfUtils.java:logGet(46)) - raft.server.log.appender.buffer.byte-limit = 33554432 (custom)
2022-09-28 09:55:35,226 [pool-335-thread-1] INFO  server.RaftServerConfigKeys (ConfUtils.java:logGet(46)) - raft.server.log.statemachine.data.read.timeout = 1000ms (default)
2022-09-28 09:55:35,226 [pool-335-thread-1] INFO  server.RaftServerConfigKeys (ConfUtils.java:logGet(46)) - raft.server.log.segment.size.max = 1048576 (custom)
2022-09-28 09:55:35,226 [pool-335-thread-1] INFO  server.RaftServerConfigKeys (ConfUtils.java:logGet(46)) - raft.server.log.segment.cache.num.max = 2 (custom)
2022-09-28 09:55:35,227 [pool-335-thread-1] INFO  server.RaftServerConfigKeys (ConfUtils.java:logGet(46)) - raft.server.log.segment.cache.size.max = 200MB (=209715200) (default)
2022-09-28 09:55:35,227 [pool-335-thread-1] INFO  segmented.SegmentedRaftLogWorker (SegmentedRaftLogWorker.java:<init>(187)) - new ec4a64e7-ce22-4d24-87ce-b09328d2691b@group-81F8FA04AB67-SegmentedRaftLogWorker for RaftStorageImpl:Storage Directory /home/runner/work/ozone/ozone/hadoop-ozone/integration-test/target/test-dir/MiniOzoneClusterImpl-cfeb4578-2b30-44dc-9f0d-998ef01d83f0/datanode-1/data/ratis/0035c69a-4dbe-4624-be89-81f8fa04ab67
2022-09-28 09:55:35,227 [pool-335-thread-1] INFO  server.RaftServerConfigKeys (ConfUtils.java:logGet(46)) - raft.server.log.queue.byte-limit = 4294967296 (custom)
2022-09-28 09:55:35,227 [pool-335-thread-1] INFO  server.RaftServerConfigKeys (ConfUtils.java:logGet(46)) - raft.server.log.queue.element-limit = 1024 (custom)
2022-09-28 09:55:35,227 [pool-335-thread-1] INFO  server.RaftServerConfigKeys (ConfUtils.java:logGet(46)) - raft.server.log.segment.size.max = 1048576 (custom)
2022-09-28 09:55:35,227 [pool-335-thread-1] INFO  server.RaftServerConfigKeys (ConfUtils.java:logGet(46)) - raft.server.log.preallocated.size = 16384 (custom)
2022-09-28 09:55:35,227 [pool-335-thread-1] INFO  server.RaftServerConfigKeys (ConfUtils.java:logGet(46)) - raft.server.log.force.sync.num = 128 (default)
2022-09-28 09:55:35,227 [pool-335-thread-1] INFO  server.RaftServerConfigKeys (ConfUtils.java:logGet(46)) - raft.server.log.statemachine.data.sync = true (default)
2022-09-28 09:55:35,227 [pool-335-thread-1] INFO  server.RaftServerConfigKeys (ConfUtils.java:logGet(46)) - raft.server.log.statemachine.data.sync.timeout = 10s (default)
2022-09-28 09:55:35,227 [pool-335-thread-1] INFO  server.RaftServerConfigKeys (ConfUtils.java:logGet(46)) - raft.server.log.statemachine.data.sync.timeout.retry = -1 (default)
2022-09-28 09:55:35,228 [pool-335-thread-1] INFO  server.RaftServerConfigKeys (ConfUtils.java:logGet(46)) - raft.server.log.write.buffer.size = 1048576 (custom)
2022-09-28 09:55:35,228 [pool-335-thread-1] INFO  server.RaftServerConfigKeys (ConfUtils.java:logGet(46)) - raft.server.log.unsafe-flush.enabled = false (default)
2022-09-28 09:55:35,228 [pool-335-thread-1] INFO  server.RaftServerConfigKeys (ConfUtils.java:logGet(46)) - raft.server.log.statemachine.data.caching.enabled = true (custom)
2022-09-28 09:55:35,228 [pool-335-thread-1] INFO  segmented.SegmentedRaftLogWorker (SegmentedRaftLogWorker.java:lambda$new$0(135)) - ec4a64e7-ce22-4d24-87ce-b09328d2691b@group-81F8FA04AB67-SegmentedRaftLogWorker: flushIndex: setUnconditionally 0 -> -1
2022-09-28 09:55:35,228 [pool-335-thread-1] INFO  segmented.SegmentedRaftLogWorker (SegmentedRaftLogWorker.java:lambda$new$0(135)) - ec4a64e7-ce22-4d24-87ce-b09328d2691b@group-81F8FA04AB67-SegmentedRaftLogWorker: safeCacheEvictIndex: setUnconditionally 0 -> -1
2022-09-28 09:55:35,233 [pool-335-thread-1] INFO  server.RaftServerConfigKeys (ConfUtils.java:logGet(46)) - raft.server.snapshot.auto.trigger.enabled = true (custom)
2022-09-28 09:55:35,233 [pool-335-thread-1] INFO  server.RaftServerConfigKeys (ConfUtils.java:logGet(46)) - raft.server.snapshot.auto.trigger.threshold = 10000 (custom)
2022-09-28 09:55:35,233 [pool-335-thread-1] INFO  server.RaftServerConfigKeys (ConfUtils.java:logGet(46)) - raft.server.snapshot.retention.file.num = 5 (custom)
2022-09-28 09:55:35,233 [pool-335-thread-1] INFO  server.RaftServerConfigKeys (ConfUtils.java:logGet(46)) - raft.server.log.purge.upto.snapshot.index = false (default)
2022-09-28 09:55:35,234 [pool-335-thread-1] INFO  server.RaftServerConfigKeys (ConfUtils.java:logGet(46)) - raft.server.retrycache.expirytime = 600000ms (custom)
2022-09-28 09:55:35,234 [pool-335-thread-1] INFO  server.RaftServerConfigKeys (ConfUtils.java:logGet(46)) - raft.server.retrycache.statistics.expirytime = 100μs (default)
2022-09-28 09:55:35,235 [pool-335-thread-1] INFO  server.RaftServerConfigKeys (ConfUtils.java:logGet(46)) - raft.server.log.appender.install.snapshot.enabled = false (custom)
2022-09-28 09:55:35,235 [pool-335-thread-1] INFO  server.RaftServerConfigKeys (ConfUtils.java:logGet(46)) - raft.server.threadpool.server.cached = true (default)
2022-09-28 09:55:35,235 [pool-335-thread-1] INFO  server.RaftServerConfigKeys (ConfUtils.java:logGet(46)) - raft.server.threadpool.server.size = 0 (default)
2022-09-28 09:55:35,235 [pool-335-thread-1] INFO  server.RaftServerConfigKeys (ConfUtils.java:logGet(46)) - raft.server.threadpool.client.cached = true (default)
2022-09-28 09:55:35,235 [pool-335-thread-1] INFO  server.RaftServerConfigKeys (ConfUtils.java:logGet(46)) - raft.server.threadpool.client.size = 0 (default)
2022-09-28 09:55:35,235 [pool-335-thread-1] INFO  server.RaftServer$Division (RaftServerImpl.java:start(310)) - ec4a64e7-ce22-4d24-87ce-b09328d2691b@group-81F8FA04AB67: start as a follower, conf=-1: [ec4a64e7-ce22-4d24-87ce-b09328d2691b|rpc:10.1.1.21:44059|priority:1], old=null
2022-09-28 09:55:35,235 [pool-335-thread-1] INFO  server.RaftServer$Division (RaftServerImpl.java:setRole(299)) - ec4a64e7-ce22-4d24-87ce-b09328d2691b@group-81F8FA04AB67: changes role from      null to FOLLOWER at term 0 for startAsFollower
2022-09-28 09:55:35,235 [pool-335-thread-1] INFO  impl.RoleInfo (RoleInfo.java:updateAndGet(139)) - ec4a64e7-ce22-4d24-87ce-b09328d2691b: start ec4a64e7-ce22-4d24-87ce-b09328d2691b@group-81F8FA04AB67-FollowerState
2022-09-28 09:55:35,246 [pool-335-thread-1] INFO  util.JmxRegister (JmxRegister.java:tryRegister(44)) - Successfully registered JMX Bean with object name Ratis:service=RaftServer,group=group-81F8FA04AB67,id=ec4a64e7-ce22-4d24-87ce-b09328d2691b
2022-09-28 09:55:35,246 [EventQueue-PipelineReportForPipelineReportHandler] INFO  pipeline.PipelineManagerImpl (PipelineManagerImpl.java:openPipeline(367)) - Pipeline Pipeline[ Id: 0035c69a-4dbe-4624-be89-81f8fa04ab67, Nodes: ec4a64e7-ce22-4d24-87ce-b09328d2691b{ip: 10.1.1.21, host: fv-az204-790.d0ggoinxmwcejgojbuqly40l0e.cx.internal.cloudapp.net, ports: [REPLICATION=35943, RATIS=44059, RATIS_ADMIN=44059, RATIS_SERVER=44059, STANDALONE=35265], networkLocation: /default-rack, certSerialId: null, persistedOpState: IN_SERVICE, persistedOpStateExpiryEpochSec: 0}, ReplicationConfig: RATIS/ONE, State:ALLOCATED, leaderId:ec4a64e7-ce22-4d24-87ce-b09328d2691b, CreationTimestamp2022-09-28T09:55:32.226Z[Etc/UTC]] moved to OPEN state
2022-09-28 09:55:35,246 [EventQueue-OpenPipelineForHealthyPipelineSafeModeRule] INFO  safemode.SCMSafeModeManager (HealthyPipelineSafeModeRule.java:process(137)) - SCM in safe mode. Healthy pipelines reported count is 0, required healthy pipeline reported count is 1
2022-09-28 09:55:35,252 [Command processor thread] INFO  ratis.XceiverServerRatis (XceiverServerRatis.java:addGroup(765)) - Created group PipelineID=0035c69a-4dbe-4624-be89-81f8fa04ab67
2022-09-28 09:55:35,271 [Command processor thread] INFO  commandhandler.CreatePipelineCommandHandler (CreatePipelineCommandHandler.java:handle(113)) - Created Pipeline RATIS ONE PipelineID=0035c69a-4dbe-4624-be89-81f8fa04ab67.
2022-09-28 09:55:35,469 [Listener at 127.0.0.1/43879] INFO  ozone.MiniOzoneClusterImpl (MiniOzoneClusterImpl.java:lambda$waitForClusterToBeReady$0(216)) - Nodes are ready. Got 5 of 5 DN Heartbeats.
2022-09-28 09:55:35,469 [Listener at 127.0.0.1/43879] INFO  ozone.MiniOzoneClusterImpl (MiniOzoneClusterImpl.java:lambda$waitForClusterToBeReady$0(219)) - Waiting for cluster to exit safe mode
2022-09-28 09:55:35,469 [Listener at 127.0.0.1/43879] INFO  ozone.MiniOzoneClusterImpl (MiniOzoneClusterImpl.java:lambda$waitForClusterToBeReady$0(221)) - SCM became leader
2022-09-28 09:55:36,081 [Command processor thread] INFO  server.RaftServer (RaftServerProxy.java:addNew(96)) - 95d95f87-bef6-4afe-b94c-79128d6ebe0d: addNew group-2515E02124B6:[95d95f87-bef6-4afe-b94c-79128d6ebe0d|rpc:10.1.1.21:33103|priority:1] returns group-2515E02124B6:java.util.concurrent.CompletableFuture@529490da[Not completed]
2022-09-28 09:55:36,082 [pool-358-thread-1] INFO  server.RaftServer$Division (RaftServerImpl.java:<init>(190)) - 95d95f87-bef6-4afe-b94c-79128d6ebe0d: new RaftServerImpl for group-2515E02124B6:[95d95f87-bef6-4afe-b94c-79128d6ebe0d|rpc:10.1.1.21:33103|priority:1] with ContainerStateMachine:uninitialized
2022-09-28 09:55:36,082 [pool-358-thread-1] INFO  server.RaftServerConfigKeys (ConfUtils.java:logGet(46)) - raft.server.rpc.timeout.min = 5s (custom)
2022-09-28 09:55:36,082 [pool-358-thread-1] INFO  server.RaftServerConfigKeys (ConfUtils.java:logGet(46)) - raft.server.rpc.timeout.max = 5200ms (custom)
2022-09-28 09:55:36,082 [pool-358-thread-1] INFO  server.RaftServerConfigKeys (ConfUtils.java:logGet(46)) - raft.server.rpc.sleep.time = 25ms (default)
2022-09-28 09:55:36,082 [pool-358-thread-1] INFO  server.RaftServerConfigKeys (ConfUtils.java:logGet(46)) - raft.server.rpc.slowness.timeout = 300s (custom)
2022-09-28 09:55:36,082 [pool-358-thread-1] INFO  server.RaftServerConfigKeys (ConfUtils.java:logGet(46)) - raft.server.leaderelection.leader.step-down.wait-time = 10s (default)
2022-09-28 09:55:36,082 [pool-358-thread-1] INFO  server.RaftServerConfigKeys (ConfUtils.java:logGet(46)) - raft.server.sleep.deviation.threshold = 300ms (default)
2022-09-28 09:55:36,082 [pool-358-thread-1] INFO  server.RaftServer$Division (ServerState.java:<init>(107)) - 95d95f87-bef6-4afe-b94c-79128d6ebe0d@group-2515E02124B6: ConfigurationManager, init=-1: [95d95f87-bef6-4afe-b94c-79128d6ebe0d|rpc:10.1.1.21:33103|priority:1], old=null, confs=<EMPTY_MAP>
2022-09-28 09:55:36,082 [pool-358-thread-1] INFO  server.RaftServerConfigKeys (ConfUtils.java:logGet(46)) - raft.server.storage.dir = [/home/runner/work/ozone/ozone/hadoop-ozone/integration-test/target/test-dir/MiniOzoneClusterImpl-cfeb4578-2b30-44dc-9f0d-998ef01d83f0/datanode-2/data/ratis] (custom)
2022-09-28 09:55:36,082 [pool-358-thread-1] INFO  server.RaftServerConfigKeys (ConfUtils.java:logGet(46)) - raft.server.log.corruption.policy = EXCEPTION (default)
2022-09-28 09:55:36,082 [pool-358-thread-1] INFO  server.RaftServerConfigKeys (ConfUtils.java:logGet(46)) - raft.server.storage.free-space.min = 0MB (=0) (default)
2022-09-28 09:55:36,082 [pool-358-thread-1] INFO  storage.RaftStorageDirectory (RaftStorageDirectoryImpl.java:analyzeStorage(135)) - The storage directory /home/runner/work/ozone/ozone/hadoop-ozone/integration-test/target/test-dir/MiniOzoneClusterImpl-cfeb4578-2b30-44dc-9f0d-998ef01d83f0/datanode-2/data/ratis/a17d1885-d1c3-4889-b150-2515e02124b6 does not exist. Creating ...
2022-09-28 09:55:36,085 [pool-358-thread-1] INFO  storage.RaftStorageDirectory (RaftStorageDirectoryImpl.java:tryLock(230)) - Lock on /home/runner/work/ozone/ozone/hadoop-ozone/integration-test/target/test-dir/MiniOzoneClusterImpl-cfeb4578-2b30-44dc-9f0d-998ef01d83f0/datanode-2/data/ratis/a17d1885-d1c3-4889-b150-2515e02124b6/in_use.lock acquired by nodename 12863@fv-az204-790
2022-09-28 09:55:36,086 [pool-358-thread-1] INFO  storage.RaftStorage (RaftStorageImpl.java:format(89)) - Storage directory /home/runner/work/ozone/ozone/hadoop-ozone/integration-test/target/test-dir/MiniOzoneClusterImpl-cfeb4578-2b30-44dc-9f0d-998ef01d83f0/datanode-2/data/ratis/a17d1885-d1c3-4889-b150-2515e02124b6 has been successfully formatted.
2022-09-28 09:55:36,086 [pool-358-thread-1] INFO  ratis.ContainerStateMachine (ContainerStateMachine.java:loadSnapshot(236)) - group-2515E02124B6: The snapshot info is null. Setting the last applied indexto:(t:0, i:~)
2022-09-28 09:55:36,086 [pool-358-thread-1] INFO  server.RaftServerConfigKeys (ConfUtils.java:logGet(46)) - raft.server.notification.no-leader.timeout = 300s (custom)
2022-09-28 09:55:36,086 [pool-358-thread-1] INFO  server.RaftServerConfigKeys (ConfUtils.java:logGet(46)) - raft.server.log.use.memory = false (default)
2022-09-28 09:55:36,086 [pool-358-thread-1] INFO  server.RaftServerConfigKeys (ConfUtils.java:logGet(46)) - raft.server.log.purge.gap = 1000000 (custom)
2022-09-28 09:55:36,086 [pool-358-thread-1] INFO  server.RaftServerConfigKeys (ConfUtils.java:logGet(46)) - raft.server.log.appender.buffer.byte-limit = 33554432 (custom)
2022-09-28 09:55:36,086 [pool-358-thread-1] INFO  server.RaftServerConfigKeys (ConfUtils.java:logGet(46)) - raft.server.log.statemachine.data.read.timeout = 1000ms (default)
2022-09-28 09:55:36,086 [pool-358-thread-1] INFO  server.RaftServerConfigKeys (ConfUtils.java:logGet(46)) - raft.server.log.segment.size.max = 1048576 (custom)
2022-09-28 09:55:36,087 [pool-358-thread-1] INFO  server.RaftServerConfigKeys (ConfUtils.java:logGet(46)) - raft.server.log.segment.cache.num.max = 2 (custom)
2022-09-28 09:55:36,087 [pool-358-thread-1] INFO  server.RaftServerConfigKeys (ConfUtils.java:logGet(46)) - raft.server.log.segment.cache.size.max = 200MB (=209715200) (default)
2022-09-28 09:55:36,087 [pool-358-thread-1] INFO  segmented.SegmentedRaftLogWorker (SegmentedRaftLogWorker.java:<init>(187)) - new 95d95f87-bef6-4afe-b94c-79128d6ebe0d@group-2515E02124B6-SegmentedRaftLogWorker for RaftStorageImpl:Storage Directory /home/runner/work/ozone/ozone/hadoop-ozone/integration-test/target/test-dir/MiniOzoneClusterImpl-cfeb4578-2b30-44dc-9f0d-998ef01d83f0/datanode-2/data/ratis/a17d1885-d1c3-4889-b150-2515e02124b6
2022-09-28 09:55:36,087 [pool-358-thread-1] INFO  server.RaftServerConfigKeys (ConfUtils.java:logGet(46)) - raft.server.log.queue.byte-limit = 4294967296 (custom)
2022-09-28 09:55:36,087 [pool-358-thread-1] INFO  server.RaftServerConfigKeys (ConfUtils.java:logGet(46)) - raft.server.log.queue.element-limit = 1024 (custom)
2022-09-28 09:55:36,087 [pool-358-thread-1] INFO  server.RaftServerConfigKeys (ConfUtils.java:logGet(46)) - raft.server.log.segment.size.max = 1048576 (custom)
2022-09-28 09:55:36,087 [pool-358-thread-1] INFO  server.RaftServerConfigKeys (ConfUtils.java:logGet(46)) - raft.server.log.preallocated.size = 16384 (custom)
2022-09-28 09:55:36,087 [pool-358-thread-1] INFO  server.RaftServerConfigKeys (ConfUtils.java:logGet(46)) - raft.server.log.force.sync.num = 128 (default)
2022-09-28 09:55:36,087 [pool-358-thread-1] INFO  server.RaftServerConfigKeys (ConfUtils.java:logGet(46)) - raft.server.log.statemachine.data.sync = true (default)
2022-09-28 09:55:36,087 [pool-358-thread-1] INFO  server.RaftServerConfigKeys (ConfUtils.java:logGet(46)) - raft.server.log.statemachine.data.sync.timeout = 10s (default)
2022-09-28 09:55:36,087 [pool-358-thread-1] INFO  server.RaftServerConfigKeys (ConfUtils.java:logGet(46)) - raft.server.log.statemachine.data.sync.timeout.retry = -1 (default)
2022-09-28 09:55:36,088 [pool-358-thread-1] INFO  server.RaftServerConfigKeys (ConfUtils.java:logGet(46)) - raft.server.log.write.buffer.size = 1048576 (custom)
2022-09-28 09:55:36,088 [pool-358-thread-1] INFO  server.RaftServerConfigKeys (ConfUtils.java:logGet(46)) - raft.server.log.unsafe-flush.enabled = false (default)
2022-09-28 09:55:36,088 [pool-358-thread-1] INFO  server.RaftServerConfigKeys (ConfUtils.java:logGet(46)) - raft.server.log.statemachine.data.caching.enabled = true (custom)
2022-09-28 09:55:36,088 [pool-358-thread-1] INFO  segmented.SegmentedRaftLogWorker (SegmentedRaftLogWorker.java:lambda$new$0(135)) - 95d95f87-bef6-4afe-b94c-79128d6ebe0d@group-2515E02124B6-SegmentedRaftLogWorker: flushIndex: setUnconditionally 0 -> -1
2022-09-28 09:55:36,088 [pool-358-thread-1] INFO  segmented.SegmentedRaftLogWorker (SegmentedRaftLogWorker.java:lambda$new$0(135)) - 95d95f87-bef6-4afe-b94c-79128d6ebe0d@group-2515E02124B6-SegmentedRaftLogWorker: safeCacheEvictIndex: setUnconditionally 0 -> -1
2022-09-28 09:55:36,096 [EventQueue-PipelineReportForPipelineReportHandler] INFO  pipeline.PipelineManagerImpl (PipelineManagerImpl.java:openPipeline(367)) - Pipeline Pipeline[ Id: a17d1885-d1c3-4889-b150-2515e02124b6, Nodes: 95d95f87-bef6-4afe-b94c-79128d6ebe0d{ip: 10.1.1.21, host: fv-az204-790.d0ggoinxmwcejgojbuqly40l0e.cx.internal.cloudapp.net, ports: [REPLICATION=35005, RATIS=33103, RATIS_ADMIN=33103, RATIS_SERVER=33103, STANDALONE=39779], networkLocation: /default-rack, certSerialId: null, persistedOpState: IN_SERVICE, persistedOpStateExpiryEpochSec: 0}, ReplicationConfig: RATIS/ONE, State:ALLOCATED, leaderId:95d95f87-bef6-4afe-b94c-79128d6ebe0d, CreationTimestamp2022-09-28T09:55:33.082Z[Etc/UTC]] moved to OPEN state
2022-09-28 09:55:36,096 [EventQueue-OpenPipelineForHealthyPipelineSafeModeRule] INFO  safemode.SCMSafeModeManager (HealthyPipelineSafeModeRule.java:process(137)) - SCM in safe mode. Healthy pipelines reported count is 0, required healthy pipeline reported count is 1
2022-09-28 09:55:36,108 [pool-358-thread-1] INFO  server.RaftServerConfigKeys (ConfUtils.java:logGet(46)) - raft.server.snapshot.auto.trigger.enabled = true (custom)
2022-09-28 09:55:36,128 [pool-358-thread-1] INFO  server.RaftServerConfigKeys (ConfUtils.java:logGet(46)) - raft.server.snapshot.auto.trigger.threshold = 10000 (custom)
2022-09-28 09:55:36,128 [pool-358-thread-1] INFO  server.RaftServerConfigKeys (ConfUtils.java:logGet(46)) - raft.server.snapshot.retention.file.num = 5 (custom)
2022-09-28 09:55:36,128 [pool-358-thread-1] INFO  server.RaftServerConfigKeys (ConfUtils.java:logGet(46)) - raft.server.log.purge.upto.snapshot.index = false (default)
2022-09-28 09:55:36,128 [pool-358-thread-1] INFO  server.RaftServerConfigKeys (ConfUtils.java:logGet(46)) - raft.server.retrycache.expirytime = 600000ms (custom)
2022-09-28 09:55:36,128 [pool-358-thread-1] INFO  server.RaftServerConfigKeys (ConfUtils.java:logGet(46)) - raft.server.retrycache.statistics.expirytime = 100μs (default)
2022-09-28 09:55:36,129 [pool-358-thread-1] INFO  server.RaftServerConfigKeys (ConfUtils.java:logGet(46)) - raft.server.log.appender.install.snapshot.enabled = false (custom)
2022-09-28 09:55:36,129 [pool-358-thread-1] INFO  server.RaftServerConfigKeys (ConfUtils.java:logGet(46)) - raft.server.threadpool.server.cached = true (default)
2022-09-28 09:55:36,129 [pool-358-thread-1] INFO  server.RaftServerConfigKeys (ConfUtils.java:logGet(46)) - raft.server.threadpool.server.size = 0 (default)
2022-09-28 09:55:36,130 [pool-358-thread-1] INFO  server.RaftServerConfigKeys (ConfUtils.java:logGet(46)) - raft.server.threadpool.client.cached = true (default)
2022-09-28 09:55:36,130 [pool-358-thread-1] INFO  server.RaftServerConfigKeys (ConfUtils.java:logGet(46)) - raft.server.threadpool.client.size = 0 (default)
2022-09-28 09:55:36,130 [pool-358-thread-1] INFO  server.RaftServer$Division (RaftServerImpl.java:start(310)) - 95d95f87-bef6-4afe-b94c-79128d6ebe0d@group-2515E02124B6: start as a follower, conf=-1: [95d95f87-bef6-4afe-b94c-79128d6ebe0d|rpc:10.1.1.21:33103|priority:1], old=null
2022-09-28 09:55:36,130 [pool-358-thread-1] INFO  server.RaftServer$Division (RaftServerImpl.java:setRole(299)) - 95d95f87-bef6-4afe-b94c-79128d6ebe0d@group-2515E02124B6: changes role from      null to FOLLOWER at term 0 for startAsFollower
2022-09-28 09:55:36,130 [pool-358-thread-1] INFO  impl.RoleInfo (RoleInfo.java:updateAndGet(139)) - 95d95f87-bef6-4afe-b94c-79128d6ebe0d: start 95d95f87-bef6-4afe-b94c-79128d6ebe0d@group-2515E02124B6-FollowerState
2022-09-28 09:55:36,148 [pool-358-thread-1] INFO  util.JmxRegister (JmxRegister.java:tryRegister(44)) - Successfully registered JMX Bean with object name Ratis:service=RaftServer,group=group-2515E02124B6,id=95d95f87-bef6-4afe-b94c-79128d6ebe0d
2022-09-28 09:55:36,160 [Command processor thread] INFO  ratis.XceiverServerRatis (XceiverServerRatis.java:addGroup(765)) - Created group PipelineID=a17d1885-d1c3-4889-b150-2515e02124b6
2022-09-28 09:55:36,160 [Command processor thread] INFO  commandhandler.CreatePipelineCommandHandler (CreatePipelineCommandHandler.java:handle(113)) - Created Pipeline RATIS ONE PipelineID=a17d1885-d1c3-4889-b150-2515e02124b6.
2022-09-28 09:55:36,469 [Listener at 127.0.0.1/43879] INFO  ozone.MiniOzoneClusterImpl (MiniOzoneClusterImpl.java:lambda$waitForClusterToBeReady$0(216)) - Nodes are ready. Got 5 of 5 DN Heartbeats.
2022-09-28 09:55:36,470 [Listener at 127.0.0.1/43879] INFO  ozone.MiniOzoneClusterImpl (MiniOzoneClusterImpl.java:lambda$waitForClusterToBeReady$0(219)) - Waiting for cluster to exit safe mode
2022-09-28 09:55:36,470 [Listener at 127.0.0.1/43879] INFO  ozone.MiniOzoneClusterImpl (MiniOzoneClusterImpl.java:lambda$waitForClusterToBeReady$0(221)) - SCM became leader
2022-09-28 09:55:36,808 [Command processor thread] INFO  server.RaftServer (RaftServerProxy.java:addNew(96)) - f6366748-b663-4af7-9537-447b2f8f9c55: addNew group-2A8854C92619:[f6366748-b663-4af7-9537-447b2f8f9c55|rpc:10.1.1.21:38099|priority:1] returns group-2A8854C92619:java.util.concurrent.CompletableFuture@1de615d4[Not completed]
2022-09-28 09:55:36,823 [pool-381-thread-1] INFO  server.RaftServer$Division (RaftServerImpl.java:<init>(190)) - f6366748-b663-4af7-9537-447b2f8f9c55: new RaftServerImpl for group-2A8854C92619:[f6366748-b663-4af7-9537-447b2f8f9c55|rpc:10.1.1.21:38099|priority:1] with ContainerStateMachine:uninitialized
2022-09-28 09:55:36,824 [pool-381-thread-1] INFO  server.RaftServerConfigKeys (ConfUtils.java:logGet(46)) - raft.server.rpc.timeout.min = 5s (custom)
2022-09-28 09:55:36,824 [pool-381-thread-1] INFO  server.RaftServerConfigKeys (ConfUtils.java:logGet(46)) - raft.server.rpc.timeout.max = 5200ms (custom)
2022-09-28 09:55:36,824 [pool-381-thread-1] INFO  server.RaftServerConfigKeys (ConfUtils.java:logGet(46)) - raft.server.rpc.sleep.time = 25ms (default)
2022-09-28 09:55:36,824 [pool-381-thread-1] INFO  server.RaftServerConfigKeys (ConfUtils.java:logGet(46)) - raft.server.rpc.slowness.timeout = 300s (custom)
2022-09-28 09:55:36,824 [pool-381-thread-1] INFO  server.RaftServerConfigKeys (ConfUtils.java:logGet(46)) - raft.server.leaderelection.leader.step-down.wait-time = 10s (default)
2022-09-28 09:55:36,824 [pool-381-thread-1] INFO  server.RaftServerConfigKeys (ConfUtils.java:logGet(46)) - raft.server.sleep.deviation.threshold = 300ms (default)
2022-09-28 09:55:36,824 [pool-381-thread-1] INFO  server.RaftServer$Division (ServerState.java:<init>(107)) - f6366748-b663-4af7-9537-447b2f8f9c55@group-2A8854C92619: ConfigurationManager, init=-1: [f6366748-b663-4af7-9537-447b2f8f9c55|rpc:10.1.1.21:38099|priority:1], old=null, confs=<EMPTY_MAP>
2022-09-28 09:55:36,824 [pool-381-thread-1] INFO  server.RaftServerConfigKeys (ConfUtils.java:logGet(46)) - raft.server.storage.dir = [/home/runner/work/ozone/ozone/hadoop-ozone/integration-test/target/test-dir/MiniOzoneClusterImpl-cfeb4578-2b30-44dc-9f0d-998ef01d83f0/datanode-3/data/ratis] (custom)
2022-09-28 09:55:36,824 [pool-381-thread-1] INFO  server.RaftServerConfigKeys (ConfUtils.java:logGet(46)) - raft.server.log.corruption.policy = EXCEPTION (default)
2022-09-28 09:55:36,824 [pool-381-thread-1] INFO  server.RaftServerConfigKeys (ConfUtils.java:logGet(46)) - raft.server.storage.free-space.min = 0MB (=0) (default)
2022-09-28 09:55:36,824 [pool-381-thread-1] INFO  storage.RaftStorageDirectory (RaftStorageDirectoryImpl.java:analyzeStorage(135)) - The storage directory /home/runner/work/ozone/ozone/hadoop-ozone/integration-test/target/test-dir/MiniOzoneClusterImpl-cfeb4578-2b30-44dc-9f0d-998ef01d83f0/datanode-3/data/ratis/fcf2349e-0a87-42ec-8005-2a8854c92619 does not exist. Creating ...
2022-09-28 09:55:36,829 [pool-381-thread-1] INFO  storage.RaftStorageDirectory (RaftStorageDirectoryImpl.java:tryLock(230)) - Lock on /home/runner/work/ozone/ozone/hadoop-ozone/integration-test/target/test-dir/MiniOzoneClusterImpl-cfeb4578-2b30-44dc-9f0d-998ef01d83f0/datanode-3/data/ratis/fcf2349e-0a87-42ec-8005-2a8854c92619/in_use.lock acquired by nodename 12863@fv-az204-790
2022-09-28 09:55:36,833 [pool-381-thread-1] INFO  storage.RaftStorage (RaftStorageImpl.java:format(89)) - Storage directory /home/runner/work/ozone/ozone/hadoop-ozone/integration-test/target/test-dir/MiniOzoneClusterImpl-cfeb4578-2b30-44dc-9f0d-998ef01d83f0/datanode-3/data/ratis/fcf2349e-0a87-42ec-8005-2a8854c92619 has been successfully formatted.
2022-09-28 09:55:36,848 [pool-381-thread-1] INFO  ratis.ContainerStateMachine (ContainerStateMachine.java:loadSnapshot(236)) - group-2A8854C92619: The snapshot info is null. Setting the last applied indexto:(t:0, i:~)
2022-09-28 09:55:36,848 [pool-381-thread-1] INFO  server.RaftServerConfigKeys (ConfUtils.java:logGet(46)) - raft.server.notification.no-leader.timeout = 300s (custom)
2022-09-28 09:55:36,848 [pool-381-thread-1] INFO  server.RaftServerConfigKeys (ConfUtils.java:logGet(46)) - raft.server.log.use.memory = false (default)
2022-09-28 09:55:36,848 [pool-381-thread-1] INFO  server.RaftServerConfigKeys (ConfUtils.java:logGet(46)) - raft.server.log.purge.gap = 1000000 (custom)
2022-09-28 09:55:36,849 [pool-381-thread-1] INFO  server.RaftServerConfigKeys (ConfUtils.java:logGet(46)) - raft.server.log.appender.buffer.byte-limit = 33554432 (custom)
2022-09-28 09:55:36,849 [pool-381-thread-1] INFO  server.RaftServerConfigKeys (ConfUtils.java:logGet(46)) - raft.server.log.statemachine.data.read.timeout = 1000ms (default)
2022-09-28 09:55:36,849 [pool-381-thread-1] INFO  server.RaftServerConfigKeys (ConfUtils.java:logGet(46)) - raft.server.log.segment.size.max = 1048576 (custom)
2022-09-28 09:55:36,849 [pool-381-thread-1] INFO  server.RaftServerConfigKeys (ConfUtils.java:logGet(46)) - raft.server.log.segment.cache.num.max = 2 (custom)
2022-09-28 09:55:36,849 [pool-381-thread-1] INFO  server.RaftServerConfigKeys (ConfUtils.java:logGet(46)) - raft.server.log.segment.cache.size.max = 200MB (=209715200) (default)
2022-09-28 09:55:36,849 [pool-381-thread-1] INFO  segmented.SegmentedRaftLogWorker (SegmentedRaftLogWorker.java:<init>(187)) - new f6366748-b663-4af7-9537-447b2f8f9c55@group-2A8854C92619-SegmentedRaftLogWorker for RaftStorageImpl:Storage Directory /home/runner/work/ozone/ozone/hadoop-ozone/integration-test/target/test-dir/MiniOzoneClusterImpl-cfeb4578-2b30-44dc-9f0d-998ef01d83f0/datanode-3/data/ratis/fcf2349e-0a87-42ec-8005-2a8854c92619
2022-09-28 09:55:36,849 [pool-381-thread-1] INFO  server.RaftServerConfigKeys (ConfUtils.java:logGet(46)) - raft.server.log.queue.byte-limit = 4294967296 (custom)
2022-09-28 09:55:36,849 [pool-381-thread-1] INFO  server.RaftServerConfigKeys (ConfUtils.java:logGet(46)) - raft.server.log.queue.element-limit = 1024 (custom)
2022-09-28 09:55:36,849 [pool-381-thread-1] INFO  server.RaftServerConfigKeys (ConfUtils.java:logGet(46)) - raft.server.log.segment.size.max = 1048576 (custom)
2022-09-28 09:55:36,849 [pool-381-thread-1] INFO  server.RaftServerConfigKeys (ConfUtils.java:logGet(46)) - raft.server.log.preallocated.size = 16384 (custom)
2022-09-28 09:55:36,849 [pool-381-thread-1] INFO  server.RaftServerConfigKeys (ConfUtils.java:logGet(46)) - raft.server.log.force.sync.num = 128 (default)
2022-09-28 09:55:36,849 [pool-381-thread-1] INFO  server.RaftServerConfigKeys (ConfUtils.java:logGet(46)) - raft.server.log.statemachine.data.sync = true (default)
2022-09-28 09:55:36,849 [pool-381-thread-1] INFO  server.RaftServerConfigKeys (ConfUtils.java:logGet(46)) - raft.server.log.statemachine.data.sync.timeout = 10s (default)
2022-09-28 09:55:36,849 [pool-381-thread-1] INFO  server.RaftServerConfigKeys (ConfUtils.java:logGet(46)) - raft.server.log.statemachine.data.sync.timeout.retry = -1 (default)
2022-09-28 09:55:36,850 [pool-381-thread-1] INFO  server.RaftServerConfigKeys (ConfUtils.java:logGet(46)) - raft.server.log.write.buffer.size = 1048576 (custom)
2022-09-28 09:55:36,851 [pool-381-thread-1] INFO  server.RaftServerConfigKeys (ConfUtils.java:logGet(46)) - raft.server.log.unsafe-flush.enabled = false (default)
2022-09-28 09:55:36,854 [EventQueue-PipelineReportForPipelineReportHandler] INFO  pipeline.PipelineManagerImpl (PipelineManagerImpl.java:openPipeline(367)) - Pipeline Pipeline[ Id: fcf2349e-0a87-42ec-8005-2a8854c92619, Nodes: f6366748-b663-4af7-9537-447b2f8f9c55{ip: 10.1.1.21, host: fv-az204-790.d0ggoinxmwcejgojbuqly40l0e.cx.internal.cloudapp.net, ports: [REPLICATION=36235, RATIS=38099, RATIS_ADMIN=38099, RATIS_SERVER=38099, STANDALONE=35329], networkLocation: /default-rack, certSerialId: null, persistedOpState: IN_SERVICE, persistedOpStateExpiryEpochSec: 0}, ReplicationConfig: RATIS/ONE, State:ALLOCATED, leaderId:f6366748-b663-4af7-9537-447b2f8f9c55, CreationTimestamp2022-09-28T09:55:33.808Z[Etc/UTC]] moved to OPEN state
2022-09-28 09:55:36,856 [pool-381-thread-1] INFO  server.RaftServerConfigKeys (ConfUtils.java:logGet(46)) - raft.server.log.statemachine.data.caching.enabled = true (custom)
2022-09-28 09:55:36,856 [pool-381-thread-1] INFO  segmented.SegmentedRaftLogWorker (SegmentedRaftLogWorker.java:lambda$new$0(135)) - f6366748-b663-4af7-9537-447b2f8f9c55@group-2A8854C92619-SegmentedRaftLogWorker: flushIndex: setUnconditionally 0 -> -1
2022-09-28 09:55:36,857 [pool-381-thread-1] INFO  segmented.SegmentedRaftLogWorker (SegmentedRaftLogWorker.java:lambda$new$0(135)) - f6366748-b663-4af7-9537-447b2f8f9c55@group-2A8854C92619-SegmentedRaftLogWorker: safeCacheEvictIndex: setUnconditionally 0 -> -1
2022-09-28 09:55:36,857 [EventQueue-OpenPipelineForHealthyPipelineSafeModeRule] INFO  safemode.SCMSafeModeManager (HealthyPipelineSafeModeRule.java:process(137)) - SCM in safe mode. Healthy pipelines reported count is 0, required healthy pipeline reported count is 1
2022-09-28 09:55:36,885 [pool-381-thread-1] INFO  server.RaftServerConfigKeys (ConfUtils.java:logGet(46)) - raft.server.snapshot.auto.trigger.enabled = true (custom)
2022-09-28 09:55:36,889 [pool-381-thread-1] INFO  server.RaftServerConfigKeys (ConfUtils.java:logGet(46)) - raft.server.snapshot.auto.trigger.threshold = 10000 (custom)
2022-09-28 09:55:36,889 [pool-381-thread-1] INFO  server.RaftServerConfigKeys (ConfUtils.java:logGet(46)) - raft.server.snapshot.retention.file.num = 5 (custom)
2022-09-28 09:55:36,889 [pool-381-thread-1] INFO  server.RaftServerConfigKeys (ConfUtils.java:logGet(46)) - raft.server.log.purge.upto.snapshot.index = false (default)
2022-09-28 09:55:36,889 [pool-381-thread-1] INFO  server.RaftServerConfigKeys (ConfUtils.java:logGet(46)) - raft.server.retrycache.expirytime = 600000ms (custom)
2022-09-28 09:55:36,889 [pool-381-thread-1] INFO  server.RaftServerConfigKeys (ConfUtils.java:logGet(46)) - raft.server.retrycache.statistics.expirytime = 100μs (default)
2022-09-28 09:55:36,890 [pool-381-thread-1] INFO  server.RaftServerConfigKeys (ConfUtils.java:logGet(46)) - raft.server.log.appender.install.snapshot.enabled = false (custom)
2022-09-28 09:55:36,890 [pool-381-thread-1] INFO  server.RaftServerConfigKeys (ConfUtils.java:logGet(46)) - raft.server.threadpool.server.cached = true (default)
2022-09-28 09:55:36,890 [pool-381-thread-1] INFO  server.RaftServerConfigKeys (ConfUtils.java:logGet(46)) - raft.server.threadpool.server.size = 0 (default)
2022-09-28 09:55:36,890 [pool-381-thread-1] INFO  server.RaftServerConfigKeys (ConfUtils.java:logGet(46)) - raft.server.threadpool.client.cached = true (default)
2022-09-28 09:55:36,890 [pool-381-thread-1] INFO  server.RaftServerConfigKeys (ConfUtils.java:logGet(46)) - raft.server.threadpool.client.size = 0 (default)
2022-09-28 09:55:36,890 [pool-381-thread-1] INFO  server.RaftServer$Division (RaftServerImpl.java:start(310)) - f6366748-b663-4af7-9537-447b2f8f9c55@group-2A8854C92619: start as a follower, conf=-1: [f6366748-b663-4af7-9537-447b2f8f9c55|rpc:10.1.1.21:38099|priority:1], old=null
2022-09-28 09:55:36,890 [pool-381-thread-1] INFO  server.RaftServer$Division (RaftServerImpl.java:setRole(299)) - f6366748-b663-4af7-9537-447b2f8f9c55@group-2A8854C92619: changes role from      null to FOLLOWER at term 0 for startAsFollower
2022-09-28 09:55:36,890 [pool-381-thread-1] INFO  impl.RoleInfo (RoleInfo.java:updateAndGet(139)) - f6366748-b663-4af7-9537-447b2f8f9c55: start f6366748-b663-4af7-9537-447b2f8f9c55@group-2A8854C92619-FollowerState
2022-09-28 09:55:36,890 [pool-381-thread-1] INFO  util.JmxRegister (JmxRegister.java:tryRegister(44)) - Successfully registered JMX Bean with object name Ratis:service=RaftServer,group=group-2A8854C92619,id=f6366748-b663-4af7-9537-447b2f8f9c55
2022-09-28 09:55:36,898 [Command processor thread] INFO  ratis.XceiverServerRatis (XceiverServerRatis.java:addGroup(765)) - Created group PipelineID=fcf2349e-0a87-42ec-8005-2a8854c92619
2022-09-28 09:55:36,898 [Command processor thread] INFO  commandhandler.CreatePipelineCommandHandler (CreatePipelineCommandHandler.java:handle(113)) - Created Pipeline RATIS ONE PipelineID=fcf2349e-0a87-42ec-8005-2a8854c92619.
2022-09-28 09:55:37,470 [Listener at 127.0.0.1/43879] INFO  ozone.MiniOzoneClusterImpl (MiniOzoneClusterImpl.java:lambda$waitForClusterToBeReady$0(216)) - Nodes are ready. Got 5 of 5 DN Heartbeats.
2022-09-28 09:55:37,470 [Listener at 127.0.0.1/43879] INFO  ozone.MiniOzoneClusterImpl (MiniOzoneClusterImpl.java:lambda$waitForClusterToBeReady$0(219)) - Waiting for cluster to exit safe mode
2022-09-28 09:55:37,470 [Listener at 127.0.0.1/43879] INFO  ozone.MiniOzoneClusterImpl (MiniOzoneClusterImpl.java:lambda$waitForClusterToBeReady$0(221)) - SCM became leader
2022-09-28 09:55:37,499 [Command processor thread] INFO  server.RaftServer (RaftServerProxy.java:addNew(96)) - 1b053f0e-6c50-44bd-8a3e-e6e9059b4658: addNew group-B1474FC66906:[1b053f0e-6c50-44bd-8a3e-e6e9059b4658|rpc:10.1.1.21:37401|priority:1] returns group-B1474FC66906:java.util.concurrent.CompletableFuture@6bf4be8d[Not completed]
2022-09-28 09:55:37,500 [pool-409-thread-1] INFO  server.RaftServer$Division (RaftServerImpl.java:<init>(190)) - 1b053f0e-6c50-44bd-8a3e-e6e9059b4658: new RaftServerImpl for group-B1474FC66906:[1b053f0e-6c50-44bd-8a3e-e6e9059b4658|rpc:10.1.1.21:37401|priority:1] with ContainerStateMachine:uninitialized
2022-09-28 09:55:37,501 [pool-409-thread-1] INFO  server.RaftServerConfigKeys (ConfUtils.java:logGet(46)) - raft.server.rpc.timeout.min = 5s (custom)
2022-09-28 09:55:37,501 [pool-409-thread-1] INFO  server.RaftServerConfigKeys (ConfUtils.java:logGet(46)) - raft.server.rpc.timeout.max = 5200ms (custom)
2022-09-28 09:55:37,501 [pool-409-thread-1] INFO  server.RaftServerConfigKeys (ConfUtils.java:logGet(46)) - raft.server.rpc.sleep.time = 25ms (default)
2022-09-28 09:55:37,501 [pool-409-thread-1] INFO  server.RaftServerConfigKeys (ConfUtils.java:logGet(46)) - raft.server.rpc.slowness.timeout = 300s (custom)
2022-09-28 09:55:37,501 [pool-409-thread-1] INFO  server.RaftServerConfigKeys (ConfUtils.java:logGet(46)) - raft.server.leaderelection.leader.step-down.wait-time = 10s (default)
2022-09-28 09:55:37,501 [pool-409-thread-1] INFO  server.RaftServerConfigKeys (ConfUtils.java:logGet(46)) - raft.server.sleep.deviation.threshold = 300ms (default)
2022-09-28 09:55:37,501 [pool-409-thread-1] INFO  server.RaftServer$Division (ServerState.java:<init>(107)) - 1b053f0e-6c50-44bd-8a3e-e6e9059b4658@group-B1474FC66906: ConfigurationManager, init=-1: [1b053f0e-6c50-44bd-8a3e-e6e9059b4658|rpc:10.1.1.21:37401|priority:1], old=null, confs=<EMPTY_MAP>
2022-09-28 09:55:37,501 [pool-409-thread-1] INFO  server.RaftServerConfigKeys (ConfUtils.java:logGet(46)) - raft.server.storage.dir = [/home/runner/work/ozone/ozone/hadoop-ozone/integration-test/target/test-dir/MiniOzoneClusterImpl-cfeb4578-2b30-44dc-9f0d-998ef01d83f0/datanode-4/data/ratis] (custom)
2022-09-28 09:55:37,501 [pool-409-thread-1] INFO  server.RaftServerConfigKeys (ConfUtils.java:logGet(46)) - raft.server.log.corruption.policy = EXCEPTION (default)
2022-09-28 09:55:37,501 [pool-409-thread-1] INFO  server.RaftServerConfigKeys (ConfUtils.java:logGet(46)) - raft.server.storage.free-space.min = 0MB (=0) (default)
2022-09-28 09:55:37,501 [pool-409-thread-1] INFO  storage.RaftStorageDirectory (RaftStorageDirectoryImpl.java:analyzeStorage(135)) - The storage directory /home/runner/work/ozone/ozone/hadoop-ozone/integration-test/target/test-dir/MiniOzoneClusterImpl-cfeb4578-2b30-44dc-9f0d-998ef01d83f0/datanode-4/data/ratis/d5b31e4b-6937-453f-aa56-b1474fc66906 does not exist. Creating ...
2022-09-28 09:55:37,502 [pool-409-thread-1] INFO  storage.RaftStorageDirectory (RaftStorageDirectoryImpl.java:tryLock(230)) - Lock on /home/runner/work/ozone/ozone/hadoop-ozone/integration-test/target/test-dir/MiniOzoneClusterImpl-cfeb4578-2b30-44dc-9f0d-998ef01d83f0/datanode-4/data/ratis/d5b31e4b-6937-453f-aa56-b1474fc66906/in_use.lock acquired by nodename 12863@fv-az204-790
2022-09-28 09:55:37,503 [pool-409-thread-1] INFO  storage.RaftStorage (RaftStorageImpl.java:format(89)) - Storage directory /home/runner/work/ozone/ozone/hadoop-ozone/integration-test/target/test-dir/MiniOzoneClusterImpl-cfeb4578-2b30-44dc-9f0d-998ef01d83f0/datanode-4/data/ratis/d5b31e4b-6937-453f-aa56-b1474fc66906 has been successfully formatted.
2022-09-28 09:55:37,520 [pool-409-thread-1] INFO  ratis.ContainerStateMachine (ContainerStateMachine.java:loadSnapshot(236)) - group-B1474FC66906: The snapshot info is null. Setting the last applied indexto:(t:0, i:~)
2022-09-28 09:55:37,520 [pool-409-thread-1] INFO  server.RaftServerConfigKeys (ConfUtils.java:logGet(46)) - raft.server.notification.no-leader.timeout = 300s (custom)
2022-09-28 09:55:37,520 [pool-409-thread-1] INFO  server.RaftServerConfigKeys (ConfUtils.java:logGet(46)) - raft.server.log.use.memory = false (default)
2022-09-28 09:55:37,521 [pool-409-thread-1] INFO  server.RaftServerConfigKeys (ConfUtils.java:logGet(46)) - raft.server.log.purge.gap = 1000000 (custom)
2022-09-28 09:55:37,521 [pool-409-thread-1] INFO  server.RaftServerConfigKeys (ConfUtils.java:logGet(46)) - raft.server.log.appender.buffer.byte-limit = 33554432 (custom)
2022-09-28 09:55:37,521 [pool-409-thread-1] INFO  server.RaftServerConfigKeys (ConfUtils.java:logGet(46)) - raft.server.log.statemachine.data.read.timeout = 1000ms (default)
2022-09-28 09:55:37,521 [pool-409-thread-1] INFO  server.RaftServerConfigKeys (ConfUtils.java:logGet(46)) - raft.server.log.segment.size.max = 1048576 (custom)
2022-09-28 09:55:37,521 [pool-409-thread-1] INFO  server.RaftServerConfigKeys (ConfUtils.java:logGet(46)) - raft.server.log.segment.cache.num.max = 2 (custom)
2022-09-28 09:55:37,521 [pool-409-thread-1] INFO  server.RaftServerConfigKeys (ConfUtils.java:logGet(46)) - raft.server.log.segment.cache.size.max = 200MB (=209715200) (default)
2022-09-28 09:55:37,521 [pool-409-thread-1] INFO  segmented.SegmentedRaftLogWorker (SegmentedRaftLogWorker.java:<init>(187)) - new 1b053f0e-6c50-44bd-8a3e-e6e9059b4658@group-B1474FC66906-SegmentedRaftLogWorker for RaftStorageImpl:Storage Directory /home/runner/work/ozone/ozone/hadoop-ozone/integration-test/target/test-dir/MiniOzoneClusterImpl-cfeb4578-2b30-44dc-9f0d-998ef01d83f0/datanode-4/data/ratis/d5b31e4b-6937-453f-aa56-b1474fc66906
2022-09-28 09:55:37,521 [pool-409-thread-1] INFO  server.RaftServerConfigKeys (ConfUtils.java:logGet(46)) - raft.server.log.queue.byte-limit = 4294967296 (custom)
2022-09-28 09:55:37,521 [pool-409-thread-1] INFO  server.RaftServerConfigKeys (ConfUtils.java:logGet(46)) - raft.server.log.queue.element-limit = 1024 (custom)
2022-09-28 09:55:37,521 [pool-409-thread-1] INFO  server.RaftServerConfigKeys (ConfUtils.java:logGet(46)) - raft.server.log.segment.size.max = 1048576 (custom)
2022-09-28 09:55:37,521 [pool-409-thread-1] INFO  server.RaftServerConfigKeys (ConfUtils.java:logGet(46)) - raft.server.log.preallocated.size = 16384 (custom)
2022-09-28 09:55:37,521 [pool-409-thread-1] INFO  server.RaftServerConfigKeys (ConfUtils.java:logGet(46)) - raft.server.log.force.sync.num = 128 (default)
2022-09-28 09:55:37,521 [pool-409-thread-1] INFO  server.RaftServerConfigKeys (ConfUtils.java:logGet(46)) - raft.server.log.statemachine.data.sync = true (default)
2022-09-28 09:55:37,521 [pool-409-thread-1] INFO  server.RaftServerConfigKeys (ConfUtils.java:logGet(46)) - raft.server.log.statemachine.data.sync.timeout = 10s (default)
2022-09-28 09:55:37,521 [pool-409-thread-1] INFO  server.RaftServerConfigKeys (ConfUtils.java:logGet(46)) - raft.server.log.statemachine.data.sync.timeout.retry = -1 (default)
2022-09-28 09:55:37,524 [pool-409-thread-1] INFO  server.RaftServerConfigKeys (ConfUtils.java:logGet(46)) - raft.server.log.write.buffer.size = 1048576 (custom)
2022-09-28 09:55:37,524 [pool-409-thread-1] INFO  server.RaftServerConfigKeys (ConfUtils.java:logGet(46)) - raft.server.log.unsafe-flush.enabled = false (default)
2022-09-28 09:55:37,524 [pool-409-thread-1] INFO  server.RaftServerConfigKeys (ConfUtils.java:logGet(46)) - raft.server.log.statemachine.data.caching.enabled = true (custom)
2022-09-28 09:55:37,524 [pool-409-thread-1] INFO  segmented.SegmentedRaftLogWorker (SegmentedRaftLogWorker.java:lambda$new$0(135)) - 1b053f0e-6c50-44bd-8a3e-e6e9059b4658@group-B1474FC66906-SegmentedRaftLogWorker: flushIndex: setUnconditionally 0 -> -1
2022-09-28 09:55:37,524 [pool-409-thread-1] INFO  segmented.SegmentedRaftLogWorker (SegmentedRaftLogWorker.java:lambda$new$0(135)) - 1b053f0e-6c50-44bd-8a3e-e6e9059b4658@group-B1474FC66906-SegmentedRaftLogWorker: safeCacheEvictIndex: setUnconditionally 0 -> -1
2022-09-28 09:55:37,529 [pool-409-thread-1] INFO  server.RaftServerConfigKeys (ConfUtils.java:logGet(46)) - raft.server.snapshot.auto.trigger.enabled = true (custom)
2022-09-28 09:55:37,529 [EventQueue-PipelineReportForPipelineReportHandler] INFO  pipeline.PipelineManagerImpl (PipelineManagerImpl.java:openPipeline(367)) - Pipeline Pipeline[ Id: d5b31e4b-6937-453f-aa56-b1474fc66906, Nodes: 1b053f0e-6c50-44bd-8a3e-e6e9059b4658{ip: 10.1.1.21, host: fv-az204-790.d0ggoinxmwcejgojbuqly40l0e.cx.internal.cloudapp.net, ports: [REPLICATION=45325, RATIS=37401, RATIS_ADMIN=37401, RATIS_SERVER=37401, STANDALONE=42393], networkLocation: /default-rack, certSerialId: null, persistedOpState: IN_SERVICE, persistedOpStateExpiryEpochSec: 0}, ReplicationConfig: RATIS/ONE, State:ALLOCATED, leaderId:1b053f0e-6c50-44bd-8a3e-e6e9059b4658, CreationTimestamp2022-09-28T09:55:34.500Z[Etc/UTC]] moved to OPEN state
2022-09-28 09:55:37,529 [pool-409-thread-1] INFO  server.RaftServerConfigKeys (ConfUtils.java:logGet(46)) - raft.server.snapshot.auto.trigger.threshold = 10000 (custom)
2022-09-28 09:55:37,529 [pool-409-thread-1] INFO  server.RaftServerConfigKeys (ConfUtils.java:logGet(46)) - raft.server.snapshot.retention.file.num = 5 (custom)
2022-09-28 09:55:37,529 [pool-409-thread-1] INFO  server.RaftServerConfigKeys (ConfUtils.java:logGet(46)) - raft.server.log.purge.upto.snapshot.index = false (default)
2022-09-28 09:55:37,529 [pool-409-thread-1] INFO  server.RaftServerConfigKeys (ConfUtils.java:logGet(46)) - raft.server.retrycache.expirytime = 600000ms (custom)
2022-09-28 09:55:37,529 [pool-409-thread-1] INFO  server.RaftServerConfigKeys (ConfUtils.java:logGet(46)) - raft.server.retrycache.statistics.expirytime = 100μs (default)
2022-09-28 09:55:37,530 [EventQueue-OpenPipelineForHealthyPipelineSafeModeRule] INFO  safemode.SCMSafeModeManager (HealthyPipelineSafeModeRule.java:process(137)) - SCM in safe mode. Healthy pipelines reported count is 0, required healthy pipeline reported count is 1
2022-09-28 09:55:37,530 [pool-409-thread-1] INFO  server.RaftServerConfigKeys (ConfUtils.java:logGet(46)) - raft.server.log.appender.install.snapshot.enabled = false (custom)
2022-09-28 09:55:37,536 [pool-409-thread-1] INFO  server.RaftServerConfigKeys (ConfUtils.java:logGet(46)) - raft.server.threadpool.server.cached = true (default)
2022-09-28 09:55:37,536 [pool-409-thread-1] INFO  server.RaftServerConfigKeys (ConfUtils.java:logGet(46)) - raft.server.threadpool.server.size = 0 (default)
2022-09-28 09:55:37,536 [pool-409-thread-1] INFO  server.RaftServerConfigKeys (ConfUtils.java:logGet(46)) - raft.server.threadpool.client.cached = true (default)
2022-09-28 09:55:37,536 [pool-409-thread-1] INFO  server.RaftServerConfigKeys (ConfUtils.java:logGet(46)) - raft.server.threadpool.client.size = 0 (default)
2022-09-28 09:55:37,536 [pool-409-thread-1] INFO  server.RaftServer$Division (RaftServerImpl.java:start(310)) - 1b053f0e-6c50-44bd-8a3e-e6e9059b4658@group-B1474FC66906: start as a follower, conf=-1: [1b053f0e-6c50-44bd-8a3e-e6e9059b4658|rpc:10.1.1.21:37401|priority:1], old=null
2022-09-28 09:55:37,537 [pool-409-thread-1] INFO  server.RaftServer$Division (RaftServerImpl.java:setRole(299)) - 1b053f0e-6c50-44bd-8a3e-e6e9059b4658@group-B1474FC66906: changes role from      null to FOLLOWER at term 0 for startAsFollower
2022-09-28 09:55:37,537 [pool-409-thread-1] INFO  impl.RoleInfo (RoleInfo.java:updateAndGet(139)) - 1b053f0e-6c50-44bd-8a3e-e6e9059b4658: start 1b053f0e-6c50-44bd-8a3e-e6e9059b4658@group-B1474FC66906-FollowerState
2022-09-28 09:55:37,564 [pool-409-thread-1] INFO  util.JmxRegister (JmxRegister.java:tryRegister(44)) - Successfully registered JMX Bean with object name Ratis:service=RaftServer,group=group-B1474FC66906,id=1b053f0e-6c50-44bd-8a3e-e6e9059b4658
2022-09-28 09:55:37,583 [Command processor thread] INFO  ratis.XceiverServerRatis (XceiverServerRatis.java:addGroup(765)) - Created group PipelineID=d5b31e4b-6937-453f-aa56-b1474fc66906
2022-09-28 09:55:37,583 [Command processor thread] INFO  commandhandler.CreatePipelineCommandHandler (CreatePipelineCommandHandler.java:handle(113)) - Created Pipeline RATIS ONE PipelineID=d5b31e4b-6937-453f-aa56-b1474fc66906.
2022-09-28 09:55:38,470 [Listener at 127.0.0.1/43879] INFO  ozone.MiniOzoneClusterImpl (MiniOzoneClusterImpl.java:lambda$waitForClusterToBeReady$0(216)) - Nodes are ready. Got 5 of 5 DN Heartbeats.
2022-09-28 09:55:38,471 [Listener at 127.0.0.1/43879] INFO  ozone.MiniOzoneClusterImpl (MiniOzoneClusterImpl.java:lambda$waitForClusterToBeReady$0(219)) - Waiting for cluster to exit safe mode
2022-09-28 09:55:38,471 [Listener at 127.0.0.1/43879] INFO  ozone.MiniOzoneClusterImpl (MiniOzoneClusterImpl.java:lambda$waitForClusterToBeReady$0(221)) - SCM became leader
2022-09-28 09:55:39,471 [Listener at 127.0.0.1/43879] INFO  ozone.MiniOzoneClusterImpl (MiniOzoneClusterImpl.java:lambda$waitForClusterToBeReady$0(216)) - Nodes are ready. Got 5 of 5 DN Heartbeats.
2022-09-28 09:55:39,471 [Listener at 127.0.0.1/43879] INFO  ozone.MiniOzoneClusterImpl (MiniOzoneClusterImpl.java:lambda$waitForClusterToBeReady$0(219)) - Waiting for cluster to exit safe mode
2022-09-28 09:55:39,471 [Listener at 127.0.0.1/43879] INFO  ozone.MiniOzoneClusterImpl (MiniOzoneClusterImpl.java:lambda$waitForClusterToBeReady$0(221)) - SCM became leader
2022-09-28 09:55:39,518 [2152fb0b-d20f-4f54-8933-ac8d98653da6@group-B454C6F8634A-FollowerState] INFO  impl.FollowerState (FollowerState.java:run(143)) - 2152fb0b-d20f-4f54-8933-ac8d98653da6@group-B454C6F8634A-FollowerState: change to CANDIDATE, lastRpcElapsedTime:5074306467ns, electionTimeout:5065ms
2022-09-28 09:55:39,518 [2152fb0b-d20f-4f54-8933-ac8d98653da6@group-B454C6F8634A-FollowerState] INFO  impl.RoleInfo (RoleInfo.java:shutdownFollowerState(110)) - 2152fb0b-d20f-4f54-8933-ac8d98653da6: shutdown 2152fb0b-d20f-4f54-8933-ac8d98653da6@group-B454C6F8634A-FollowerState
2022-09-28 09:55:39,518 [2152fb0b-d20f-4f54-8933-ac8d98653da6@group-B454C6F8634A-FollowerState] INFO  server.RaftServer$Division (RaftServerImpl.java:setRole(299)) - 2152fb0b-d20f-4f54-8933-ac8d98653da6@group-B454C6F8634A: changes role from  FOLLOWER to CANDIDATE at term 0 for changeToCandidate
2022-09-28 09:55:39,518 [2152fb0b-d20f-4f54-8933-ac8d98653da6@group-B454C6F8634A-FollowerState] INFO  server.RaftServerConfigKeys (ConfUtils.java:logGet(46)) - raft.server.leaderelection.pre-vote = false (custom)
2022-09-28 09:55:39,518 [2152fb0b-d20f-4f54-8933-ac8d98653da6@group-B454C6F8634A-FollowerState] INFO  impl.RoleInfo (RoleInfo.java:updateAndGet(139)) - 2152fb0b-d20f-4f54-8933-ac8d98653da6: start 2152fb0b-d20f-4f54-8933-ac8d98653da6@group-B454C6F8634A-LeaderElection12
2022-09-28 09:55:39,557 [2152fb0b-d20f-4f54-8933-ac8d98653da6@group-B454C6F8634A-LeaderElection12] INFO  impl.LeaderElection (LeaderElection.java:askForVotes(310)) - 2152fb0b-d20f-4f54-8933-ac8d98653da6@group-B454C6F8634A-LeaderElection12 ELECTION round 0: submit vote requests at term 1 for -1: [2152fb0b-d20f-4f54-8933-ac8d98653da6|rpc:10.1.1.21:35785|priority:1], old=null
2022-09-28 09:55:39,557 [2152fb0b-d20f-4f54-8933-ac8d98653da6@group-B454C6F8634A-LeaderElection12] INFO  impl.LeaderElection (LeaderElection.java:askForVotes(312)) - 2152fb0b-d20f-4f54-8933-ac8d98653da6@group-B454C6F8634A-LeaderElection12 ELECTION round 0: result PASSED (term=1)
2022-09-28 09:55:39,557 [2152fb0b-d20f-4f54-8933-ac8d98653da6@group-B454C6F8634A-LeaderElection12] INFO  impl.RoleInfo (RoleInfo.java:shutdownLeaderElection(130)) - 2152fb0b-d20f-4f54-8933-ac8d98653da6: shutdown 2152fb0b-d20f-4f54-8933-ac8d98653da6@group-B454C6F8634A-LeaderElection12
2022-09-28 09:55:39,557 [2152fb0b-d20f-4f54-8933-ac8d98653da6@group-B454C6F8634A-LeaderElection12] INFO  server.RaftServer$Division (RaftServerImpl.java:setRole(299)) - 2152fb0b-d20f-4f54-8933-ac8d98653da6@group-B454C6F8634A: changes role from CANDIDATE to LEADER at term 1 for changeToLeader
2022-09-28 09:55:39,557 [2152fb0b-d20f-4f54-8933-ac8d98653da6@group-B454C6F8634A-LeaderElection12] INFO  ratis.XceiverServerRatis (XceiverServerRatis.java:handleLeaderChangedNotification(863)) - Leader change notification received for group: group-B454C6F8634A with new leaderId: 2152fb0b-d20f-4f54-8933-ac8d98653da6
2022-09-28 09:55:39,566 [EventQueue-OpenPipelineForHealthyPipelineSafeModeRule] INFO  safemode.SCMSafeModeManager (HealthyPipelineSafeModeRule.java:process(137)) - SCM in safe mode. Healthy pipelines reported count is 0, required healthy pipeline reported count is 1
2022-09-28 09:55:39,567 [2152fb0b-d20f-4f54-8933-ac8d98653da6@group-B454C6F8634A-LeaderElection12] INFO  server.RaftServer$Division (ServerState.java:setLeader(287)) - 2152fb0b-d20f-4f54-8933-ac8d98653da6@group-B454C6F8634A: change Leader from null to 2152fb0b-d20f-4f54-8933-ac8d98653da6 at term 1 for becomeLeader, leader elected after 5136ms
2022-09-28 09:55:39,567 [2152fb0b-d20f-4f54-8933-ac8d98653da6@group-B454C6F8634A-LeaderElection12] INFO  server.RaftServerConfigKeys (ConfUtils.java:logGet(46)) - raft.server.staging.catchup.gap = 1000 (default)
2022-09-28 09:55:39,567 [2152fb0b-d20f-4f54-8933-ac8d98653da6@group-B454C6F8634A-LeaderElection12] INFO  server.RaftServerConfigKeys (ConfUtils.java:logGet(46)) - raft.server.write.element-limit = 1024 (custom)
2022-09-28 09:55:39,567 [2152fb0b-d20f-4f54-8933-ac8d98653da6@group-B454C6F8634A-LeaderElection12] INFO  server.RaftServerConfigKeys (ConfUtils.java:logGet(46)) - raft.server.write.byte-limit = 1024 M (=1073741824) (custom)
2022-09-28 09:55:39,568 [2152fb0b-d20f-4f54-8933-ac8d98653da6@group-B454C6F8634A-LeaderElection12] INFO  server.RaftServerConfigKeys (ConfUtils.java:logGet(46)) - raft.server.watch.timeout = 180s (custom)
2022-09-28 09:55:39,568 [2152fb0b-d20f-4f54-8933-ac8d98653da6@group-B454C6F8634A-LeaderElection12] INFO  server.RaftServerConfigKeys (ConfUtils.java:logGet(46)) - raft.server.watch.timeout.denomination = 1s (default)
2022-09-28 09:55:39,568 [2152fb0b-d20f-4f54-8933-ac8d98653da6@group-B454C6F8634A-LeaderElection12] INFO  server.RaftServerConfigKeys (ConfUtils.java:logGet(46)) - raft.server.watch.element-limit = 65536 (default)
2022-09-28 09:55:39,568 [2152fb0b-d20f-4f54-8933-ac8d98653da6@group-B454C6F8634A-LeaderElection12] INFO  server.RaftServerConfigKeys (ConfUtils.java:logGet(46)) - raft.server.write.element-limit = 1024 (custom)
2022-09-28 09:55:39,568 [2152fb0b-d20f-4f54-8933-ac8d98653da6@group-B454C6F8634A-LeaderElection12] INFO  server.RaftServerConfigKeys (ConfUtils.java:logGet(46)) - raft.server.write.follower.gap.ratio.max = -1.0 (default)
2022-09-28 09:55:39,568 [2152fb0b-d20f-4f54-8933-ac8d98653da6@group-B454C6F8634A-LeaderElection12] INFO  impl.RoleInfo (RoleInfo.java:updateAndGet(139)) - 2152fb0b-d20f-4f54-8933-ac8d98653da6: start 2152fb0b-d20f-4f54-8933-ac8d98653da6@group-B454C6F8634A-LeaderStateImpl
2022-09-28 09:55:39,568 [2152fb0b-d20f-4f54-8933-ac8d98653da6@group-B454C6F8634A-LeaderElection12] INFO  segmented.SegmentedRaftLogWorker (SegmentedRaftLogWorker.java:startLogSegment(425)) - 2152fb0b-d20f-4f54-8933-ac8d98653da6@group-B454C6F8634A-SegmentedRaftLogWorker: Starting segment from index:0
2022-09-28 09:55:39,569 [2152fb0b-d20f-4f54-8933-ac8d98653da6@group-B454C6F8634A-SegmentedRaftLogWorker] INFO  segmented.SegmentedRaftLogWorker (SegmentedRaftLogWorker.java:execute(629)) - 2152fb0b-d20f-4f54-8933-ac8d98653da6@group-B454C6F8634A-SegmentedRaftLogWorker: created new log segment /home/runner/work/ozone/ozone/hadoop-ozone/integration-test/target/test-dir/MiniOzoneClusterImpl-cfeb4578-2b30-44dc-9f0d-998ef01d83f0/datanode-0/data/ratis/a12bff0a-f147-4e2c-ac5e-b454c6f8634a/current/log_inprogress_0
2022-09-28 09:55:39,581 [2152fb0b-d20f-4f54-8933-ac8d98653da6@group-B454C6F8634A-LeaderElection12] INFO  server.RaftServer$Division (ServerState.java:setRaftConf(393)) - 2152fb0b-d20f-4f54-8933-ac8d98653da6@group-B454C6F8634A: set configuration 0: [2152fb0b-d20f-4f54-8933-ac8d98653da6|rpc:10.1.1.21:35785|dataStream:|priority:1], old=null
2022-09-28 09:55:39,685 [95d95f87-bef6-4afe-b94c-79128d6ebe0d@group-8D5415D4B3C7-FollowerState] INFO  impl.FollowerState (FollowerState.java:run(143)) - 95d95f87-bef6-4afe-b94c-79128d6ebe0d@group-8D5415D4B3C7-FollowerState: change to CANDIDATE, lastRpcElapsedTime:5051461818ns, electionTimeout:5041ms
2022-09-28 09:55:39,686 [95d95f87-bef6-4afe-b94c-79128d6ebe0d@group-8D5415D4B3C7-FollowerState] INFO  impl.RoleInfo (RoleInfo.java:shutdownFollowerState(110)) - 95d95f87-bef6-4afe-b94c-79128d6ebe0d: shutdown 95d95f87-bef6-4afe-b94c-79128d6ebe0d@group-8D5415D4B3C7-FollowerState
2022-09-28 09:55:39,686 [95d95f87-bef6-4afe-b94c-79128d6ebe0d@group-8D5415D4B3C7-FollowerState] INFO  server.RaftServer$Division (RaftServerImpl.java:setRole(299)) - 95d95f87-bef6-4afe-b94c-79128d6ebe0d@group-8D5415D4B3C7: changes role from  FOLLOWER to CANDIDATE at term 0 for changeToCandidate
2022-09-28 09:55:39,686 [95d95f87-bef6-4afe-b94c-79128d6ebe0d@group-8D5415D4B3C7-FollowerState] INFO  server.RaftServerConfigKeys (ConfUtils.java:logGet(46)) - raft.server.leaderelection.pre-vote = false (custom)
2022-09-28 09:55:39,686 [95d95f87-bef6-4afe-b94c-79128d6ebe0d@group-8D5415D4B3C7-FollowerState] INFO  impl.RoleInfo (RoleInfo.java:updateAndGet(139)) - 95d95f87-bef6-4afe-b94c-79128d6ebe0d: start 95d95f87-bef6-4afe-b94c-79128d6ebe0d@group-8D5415D4B3C7-LeaderElection13
2022-09-28 09:55:39,704 [2152fb0b-d20f-4f54-8933-ac8d98653da6@group-8D5415D4B3C7-FollowerState] INFO  impl.FollowerState (FollowerState.java:run(143)) - 2152fb0b-d20f-4f54-8933-ac8d98653da6@group-8D5415D4B3C7-FollowerState: change to CANDIDATE, lastRpcElapsedTime:5205223799ns, electionTimeout:5187ms
2022-09-28 09:55:39,704 [2152fb0b-d20f-4f54-8933-ac8d98653da6@group-8D5415D4B3C7-FollowerState] INFO  impl.RoleInfo (RoleInfo.java:shutdownFollowerState(110)) - 2152fb0b-d20f-4f54-8933-ac8d98653da6: shutdown 2152fb0b-d20f-4f54-8933-ac8d98653da6@group-8D5415D4B3C7-FollowerState
2022-09-28 09:55:39,704 [2152fb0b-d20f-4f54-8933-ac8d98653da6@group-8D5415D4B3C7-FollowerState] INFO  server.RaftServer$Division (RaftServerImpl.java:setRole(299)) - 2152fb0b-d20f-4f54-8933-ac8d98653da6@group-8D5415D4B3C7: changes role from  FOLLOWER to CANDIDATE at term 0 for changeToCandidate
2022-09-28 09:55:39,704 [2152fb0b-d20f-4f54-8933-ac8d98653da6@group-8D5415D4B3C7-FollowerState] INFO  server.RaftServerConfigKeys (ConfUtils.java:logGet(46)) - raft.server.leaderelection.pre-vote = false (custom)
2022-09-28 09:55:39,704 [2152fb0b-d20f-4f54-8933-ac8d98653da6@group-8D5415D4B3C7-FollowerState] INFO  impl.RoleInfo (RoleInfo.java:updateAndGet(139)) - 2152fb0b-d20f-4f54-8933-ac8d98653da6: start 2152fb0b-d20f-4f54-8933-ac8d98653da6@group-8D5415D4B3C7-LeaderElection14
2022-09-28 09:55:39,722 [95d95f87-bef6-4afe-b94c-79128d6ebe0d@group-8D5415D4B3C7-LeaderElection13] INFO  impl.LeaderElection (LeaderElection.java:askForVotes(310)) - 95d95f87-bef6-4afe-b94c-79128d6ebe0d@group-8D5415D4B3C7-LeaderElection13 ELECTION round 0: submit vote requests at term 1 for -1: [2152fb0b-d20f-4f54-8933-ac8d98653da6|rpc:10.1.1.21:35785|dataStream:|priority:0, 95d95f87-bef6-4afe-b94c-79128d6ebe0d|rpc:10.1.1.21:33103|dataStream:|priority:1, ec4a64e7-ce22-4d24-87ce-b09328d2691b|rpc:10.1.1.21:44059|dataStream:|priority:0], old=null
2022-09-28 09:55:39,765 [2152fb0b-d20f-4f54-8933-ac8d98653da6@group-8D5415D4B3C7-LeaderElection14] INFO  impl.LeaderElection (LeaderElection.java:askForVotes(310)) - 2152fb0b-d20f-4f54-8933-ac8d98653da6@group-8D5415D4B3C7-LeaderElection14 ELECTION round 0: submit vote requests at term 1 for -1: [2152fb0b-d20f-4f54-8933-ac8d98653da6|rpc:10.1.1.21:35785|priority:0, 95d95f87-bef6-4afe-b94c-79128d6ebe0d|rpc:10.1.1.21:33103|priority:1, ec4a64e7-ce22-4d24-87ce-b09328d2691b|rpc:10.1.1.21:44059|priority:0], old=null
2022-09-28 09:55:39,785 [grpc-default-executor-1] INFO  server.RaftServer$Division (RaftServerImpl.java:requestVote(1152)) - 2152fb0b-d20f-4f54-8933-ac8d98653da6@group-8D5415D4B3C7: receive requestVote(ELECTION, 95d95f87-bef6-4afe-b94c-79128d6ebe0d, group-8D5415D4B3C7, 1, (t:0, i:0))
2022-09-28 09:55:39,805 [grpc-default-executor-1] INFO  impl.VoteContext (VoteContext.java:log(48)) - 2152fb0b-d20f-4f54-8933-ac8d98653da6@group-8D5415D4B3C7-CANDIDATE: reject ELECTION from 95d95f87-bef6-4afe-b94c-79128d6ebe0d: already has voted for 2152fb0b-d20f-4f54-8933-ac8d98653da6 at current term 1
2022-09-28 09:55:39,805 [grpc-default-executor-1] INFO  server.RaftServer$Division (RaftServerImpl.java:requestVote(1184)) - 2152fb0b-d20f-4f54-8933-ac8d98653da6@group-8D5415D4B3C7 replies to ELECTION vote request: 95d95f87-bef6-4afe-b94c-79128d6ebe0d<-2152fb0b-d20f-4f54-8933-ac8d98653da6#0:FAIL-t1. Peer's state: 2152fb0b-d20f-4f54-8933-ac8d98653da6@group-8D5415D4B3C7:t1, leader=null, voted=2152fb0b-d20f-4f54-8933-ac8d98653da6, raftlog=2152fb0b-d20f-4f54-8933-ac8d98653da6@group-8D5415D4B3C7-SegmentedRaftLog:OPENED:c-1, conf=-1: [2152fb0b-d20f-4f54-8933-ac8d98653da6|rpc:10.1.1.21:35785|priority:0, 95d95f87-bef6-4afe-b94c-79128d6ebe0d|rpc:10.1.1.21:33103|priority:1, ec4a64e7-ce22-4d24-87ce-b09328d2691b|rpc:10.1.1.21:44059|priority:0], old=null
2022-09-28 09:55:39,805 [grpc-default-executor-0] INFO  server.RaftServer$Division (RaftServerImpl.java:requestVote(1152)) - ec4a64e7-ce22-4d24-87ce-b09328d2691b@group-8D5415D4B3C7: receive requestVote(ELECTION, 95d95f87-bef6-4afe-b94c-79128d6ebe0d, group-8D5415D4B3C7, 1, (t:0, i:0))
2022-09-28 09:55:39,805 [grpc-default-executor-0] INFO  impl.VoteContext (VoteContext.java:log(48)) - ec4a64e7-ce22-4d24-87ce-b09328d2691b@group-8D5415D4B3C7-FOLLOWER: accept ELECTION from 95d95f87-bef6-4afe-b94c-79128d6ebe0d: our priority 0 <= candidate's priority 1
2022-09-28 09:55:39,805 [grpc-default-executor-0] INFO  server.RaftServer$Division (RaftServerImpl.java:setRole(299)) - ec4a64e7-ce22-4d24-87ce-b09328d2691b@group-8D5415D4B3C7: changes role from  FOLLOWER to FOLLOWER at term 1 for candidate:95d95f87-bef6-4afe-b94c-79128d6ebe0d
2022-09-28 09:55:39,805 [grpc-default-executor-0] INFO  impl.RoleInfo (RoleInfo.java:shutdownFollowerState(110)) - ec4a64e7-ce22-4d24-87ce-b09328d2691b: shutdown ec4a64e7-ce22-4d24-87ce-b09328d2691b@group-8D5415D4B3C7-FollowerState
2022-09-28 09:55:39,805 [grpc-default-executor-0] INFO  impl.RoleInfo (RoleInfo.java:updateAndGet(139)) - ec4a64e7-ce22-4d24-87ce-b09328d2691b: start ec4a64e7-ce22-4d24-87ce-b09328d2691b@group-8D5415D4B3C7-FollowerState
2022-09-28 09:55:39,806 [grpc-default-executor-2] INFO  server.RaftServer$Division (RaftServerImpl.java:requestVote(1152)) - 95d95f87-bef6-4afe-b94c-79128d6ebe0d@group-8D5415D4B3C7: receive requestVote(ELECTION, 2152fb0b-d20f-4f54-8933-ac8d98653da6, group-8D5415D4B3C7, 1, (t:0, i:0))
2022-09-28 09:55:39,814 [grpc-default-executor-0] INFO  server.RaftServer$Division (RaftServerImpl.java:requestVote(1184)) - ec4a64e7-ce22-4d24-87ce-b09328d2691b@group-8D5415D4B3C7 replies to ELECTION vote request: 95d95f87-bef6-4afe-b94c-79128d6ebe0d<-ec4a64e7-ce22-4d24-87ce-b09328d2691b#0:OK-t1. Peer's state: ec4a64e7-ce22-4d24-87ce-b09328d2691b@group-8D5415D4B3C7:t1, leader=null, voted=95d95f87-bef6-4afe-b94c-79128d6ebe0d, raftlog=ec4a64e7-ce22-4d24-87ce-b09328d2691b@group-8D5415D4B3C7-SegmentedRaftLog:OPENED:c-1, conf=-1: [2152fb0b-d20f-4f54-8933-ac8d98653da6|rpc:10.1.1.21:35785|dataStream:|priority:0, 95d95f87-bef6-4afe-b94c-79128d6ebe0d|rpc:10.1.1.21:33103|dataStream:|priority:1, ec4a64e7-ce22-4d24-87ce-b09328d2691b|rpc:10.1.1.21:44059|dataStream:|priority:0], old=null
2022-09-28 09:55:39,808 [ec4a64e7-ce22-4d24-87ce-b09328d2691b@group-8D5415D4B3C7-FollowerState] INFO  impl.FollowerState (FollowerState.java:run(152)) - ec4a64e7-ce22-4d24-87ce-b09328d2691b@group-8D5415D4B3C7-FollowerState was interrupted
2022-09-28 09:55:39,821 [grpc-default-executor-2] INFO  impl.VoteContext (VoteContext.java:log(48)) - 95d95f87-bef6-4afe-b94c-79128d6ebe0d@group-8D5415D4B3C7-CANDIDATE: reject ELECTION from 2152fb0b-d20f-4f54-8933-ac8d98653da6: already has voted for 95d95f87-bef6-4afe-b94c-79128d6ebe0d at current term 1
2022-09-28 09:55:39,823 [grpc-default-executor-2] INFO  server.RaftServer$Division (RaftServerImpl.java:requestVote(1184)) - 95d95f87-bef6-4afe-b94c-79128d6ebe0d@group-8D5415D4B3C7 replies to ELECTION vote request: 2152fb0b-d20f-4f54-8933-ac8d98653da6<-95d95f87-bef6-4afe-b94c-79128d6ebe0d#0:FAIL-t1. Peer's state: 95d95f87-bef6-4afe-b94c-79128d6ebe0d@group-8D5415D4B3C7:t1, leader=null, voted=95d95f87-bef6-4afe-b94c-79128d6ebe0d, raftlog=95d95f87-bef6-4afe-b94c-79128d6ebe0d@group-8D5415D4B3C7-SegmentedRaftLog:OPENED:c-1, conf=-1: [2152fb0b-d20f-4f54-8933-ac8d98653da6|rpc:10.1.1.21:35785|dataStream:|priority:0, 95d95f87-bef6-4afe-b94c-79128d6ebe0d|rpc:10.1.1.21:33103|dataStream:|priority:1, ec4a64e7-ce22-4d24-87ce-b09328d2691b|rpc:10.1.1.21:44059|dataStream:|priority:0], old=null
2022-09-28 09:55:39,824 [95d95f87-bef6-4afe-b94c-79128d6ebe0d@group-8D5415D4B3C7-LeaderElection13] INFO  impl.LeaderElection (LeaderElection.java:logAndReturn(90)) - 95d95f87-bef6-4afe-b94c-79128d6ebe0d@group-8D5415D4B3C7-LeaderElection13: ELECTION PASSED received 2 response(s) and 0 exception(s):
2022-09-28 09:55:39,824 [95d95f87-bef6-4afe-b94c-79128d6ebe0d@group-8D5415D4B3C7-LeaderElection13] INFO  impl.LeaderElection (LeaderElection.java:logAndReturn(94)) -   Response 0: 95d95f87-bef6-4afe-b94c-79128d6ebe0d<-2152fb0b-d20f-4f54-8933-ac8d98653da6#0:FAIL-t1
2022-09-28 09:55:39,824 [95d95f87-bef6-4afe-b94c-79128d6ebe0d@group-8D5415D4B3C7-LeaderElection13] INFO  impl.LeaderElection (LeaderElection.java:logAndReturn(94)) -   Response 1: 95d95f87-bef6-4afe-b94c-79128d6ebe0d<-ec4a64e7-ce22-4d24-87ce-b09328d2691b#0:OK-t1
2022-09-28 09:55:39,824 [95d95f87-bef6-4afe-b94c-79128d6ebe0d@group-8D5415D4B3C7-LeaderElection13] INFO  impl.LeaderElection (LeaderElection.java:askForVotes(312)) - 95d95f87-bef6-4afe-b94c-79128d6ebe0d@group-8D5415D4B3C7-LeaderElection13 ELECTION round 0: result PASSED
2022-09-28 09:55:39,824 [95d95f87-bef6-4afe-b94c-79128d6ebe0d@group-8D5415D4B3C7-LeaderElection13] INFO  impl.RoleInfo (RoleInfo.java:shutdownLeaderElection(130)) - 95d95f87-bef6-4afe-b94c-79128d6ebe0d: shutdown 95d95f87-bef6-4afe-b94c-79128d6ebe0d@group-8D5415D4B3C7-LeaderElection13
2022-09-28 09:55:39,824 [95d95f87-bef6-4afe-b94c-79128d6ebe0d@group-8D5415D4B3C7-LeaderElection13] INFO  server.RaftServer$Division (RaftServerImpl.java:setRole(299)) - 95d95f87-bef6-4afe-b94c-79128d6ebe0d@group-8D5415D4B3C7: changes role from CANDIDATE to LEADER at term 1 for changeToLeader
2022-09-28 09:55:39,824 [95d95f87-bef6-4afe-b94c-79128d6ebe0d@group-8D5415D4B3C7-LeaderElection13] INFO  ratis.XceiverServerRatis (XceiverServerRatis.java:handleLeaderChangedNotification(863)) - Leader change notification received for group: group-8D5415D4B3C7 with new leaderId: 95d95f87-bef6-4afe-b94c-79128d6ebe0d
2022-09-28 09:55:39,824 [95d95f87-bef6-4afe-b94c-79128d6ebe0d@group-8D5415D4B3C7-LeaderElection13] INFO  server.RaftServer$Division (ServerState.java:setLeader(287)) - 95d95f87-bef6-4afe-b94c-79128d6ebe0d@group-8D5415D4B3C7: change Leader from null to 95d95f87-bef6-4afe-b94c-79128d6ebe0d at term 1 for becomeLeader, leader elected after 5215ms
2022-09-28 09:55:39,824 [95d95f87-bef6-4afe-b94c-79128d6ebe0d@group-8D5415D4B3C7-LeaderElection13] INFO  server.RaftServerConfigKeys (ConfUtils.java:logGet(46)) - raft.server.staging.catchup.gap = 1000 (default)
2022-09-28 09:55:39,824 [95d95f87-bef6-4afe-b94c-79128d6ebe0d@group-8D5415D4B3C7-LeaderElection13] INFO  server.RaftServerConfigKeys (ConfUtils.java:logGet(46)) - raft.server.write.element-limit = 1024 (custom)
2022-09-28 09:55:39,824 [95d95f87-bef6-4afe-b94c-79128d6ebe0d@group-8D5415D4B3C7-LeaderElection13] INFO  server.RaftServerConfigKeys (ConfUtils.java:logGet(46)) - raft.server.write.byte-limit = 1024 M (=1073741824) (custom)
2022-09-28 09:55:39,825 [95d95f87-bef6-4afe-b94c-79128d6ebe0d@group-8D5415D4B3C7-LeaderElection13] INFO  server.RaftServerConfigKeys (ConfUtils.java:logGet(46)) - raft.server.watch.timeout = 180s (custom)
2022-09-28 09:55:39,825 [95d95f87-bef6-4afe-b94c-79128d6ebe0d@group-8D5415D4B3C7-LeaderElection13] INFO  server.RaftServerConfigKeys (ConfUtils.java:logGet(46)) - raft.server.watch.timeout.denomination = 1s (default)
2022-09-28 09:55:39,825 [95d95f87-bef6-4afe-b94c-79128d6ebe0d@group-8D5415D4B3C7-LeaderElection13] INFO  server.RaftServerConfigKeys (ConfUtils.java:logGet(46)) - raft.server.watch.element-limit = 65536 (default)
2022-09-28 09:55:39,825 [95d95f87-bef6-4afe-b94c-79128d6ebe0d@group-8D5415D4B3C7-LeaderElection13] INFO  server.RaftServerConfigKeys (ConfUtils.java:logGet(46)) - raft.server.write.element-limit = 1024 (custom)
2022-09-28 09:55:39,825 [95d95f87-bef6-4afe-b94c-79128d6ebe0d@group-8D5415D4B3C7-LeaderElection13] INFO  server.RaftServerConfigKeys (ConfUtils.java:logGet(46)) - raft.server.write.follower.gap.ratio.max = -1.0 (default)
2022-09-28 09:55:39,825 [95d95f87-bef6-4afe-b94c-79128d6ebe0d@group-8D5415D4B3C7-LeaderElection13] INFO  server.RaftServerConfigKeys (ConfUtils.java:logGet(46)) - raft.server.log.appender.snapshot.chunk.size.max = 16MB (=16777216) (default)
2022-09-28 09:55:39,825 [95d95f87-bef6-4afe-b94c-79128d6ebe0d@group-8D5415D4B3C7-LeaderElection13] INFO  server.RaftServerConfigKeys (ConfUtils.java:logGet(46)) - raft.server.log.appender.buffer.byte-limit = 33554432 (custom)
2022-09-28 09:55:39,826 [95d95f87-bef6-4afe-b94c-79128d6ebe0d@group-8D5415D4B3C7-LeaderElection13] INFO  server.RaftServerConfigKeys (ConfUtils.java:logGet(46)) - raft.server.log.appender.buffer.element-limit = 1 (custom)
2022-09-28 09:55:39,826 [95d95f87-bef6-4afe-b94c-79128d6ebe0d@group-8D5415D4B3C7-LeaderElection13] INFO  grpc.GrpcConfigKeys (ConfUtils.java:logGet(46)) - raft.grpc.server.leader.outstanding.appends.max = 128 (default)
2022-09-28 09:55:39,826 [95d95f87-bef6-4afe-b94c-79128d6ebe0d@group-8D5415D4B3C7-LeaderElection13] INFO  server.RaftServerConfigKeys (ConfUtils.java:logGet(46)) - raft.server.rpc.request.timeout = 60s (custom)
2022-09-28 09:55:39,826 [95d95f87-bef6-4afe-b94c-79128d6ebe0d@group-8D5415D4B3C7-LeaderElection13] INFO  server.RaftServerConfigKeys (ConfUtils.java:logGet(46)) - raft.server.log.appender.install.snapshot.enabled = false (custom)
2022-09-28 09:55:39,826 [95d95f87-bef6-4afe-b94c-79128d6ebe0d@group-8D5415D4B3C7-LeaderElection13] INFO  server.RaftServerConfigKeys (ConfUtils.java:logGet(46)) - raft.server.log.appender.snapshot.chunk.size.max = 16MB (=16777216) (default)
2022-09-28 09:55:39,826 [95d95f87-bef6-4afe-b94c-79128d6ebe0d@group-8D5415D4B3C7-LeaderElection13] INFO  server.RaftServerConfigKeys (ConfUtils.java:logGet(46)) - raft.server.log.appender.buffer.byte-limit = 33554432 (custom)
2022-09-28 09:55:39,826 [95d95f87-bef6-4afe-b94c-79128d6ebe0d@group-8D5415D4B3C7-LeaderElection13] INFO  server.RaftServerConfigKeys (ConfUtils.java:logGet(46)) - raft.server.log.appender.buffer.element-limit = 1 (custom)
2022-09-28 09:55:39,826 [95d95f87-bef6-4afe-b94c-79128d6ebe0d@group-8D5415D4B3C7-LeaderElection13] INFO  grpc.GrpcConfigKeys (ConfUtils.java:logGet(46)) - raft.grpc.server.leader.outstanding.appends.max = 128 (default)
2022-09-28 09:55:39,827 [95d95f87-bef6-4afe-b94c-79128d6ebe0d@group-8D5415D4B3C7-LeaderElection13] INFO  server.RaftServerConfigKeys (ConfUtils.java:logGet(46)) - raft.server.rpc.request.timeout = 60s (custom)
2022-09-28 09:55:39,827 [95d95f87-bef6-4afe-b94c-79128d6ebe0d@group-8D5415D4B3C7-LeaderElection13] INFO  server.RaftServerConfigKeys (ConfUtils.java:logGet(46)) - raft.server.log.appender.install.snapshot.enabled = false (custom)
2022-09-28 09:55:39,827 [95d95f87-bef6-4afe-b94c-79128d6ebe0d@group-8D5415D4B3C7-LeaderElection13] INFO  impl.RoleInfo (RoleInfo.java:updateAndGet(139)) - 95d95f87-bef6-4afe-b94c-79128d6ebe0d: start 95d95f87-bef6-4afe-b94c-79128d6ebe0d@group-8D5415D4B3C7-LeaderStateImpl
2022-09-28 09:55:39,827 [95d95f87-bef6-4afe-b94c-79128d6ebe0d@group-8D5415D4B3C7-LeaderElection13] INFO  segmented.SegmentedRaftLogWorker (SegmentedRaftLogWorker.java:startLogSegment(425)) - 95d95f87-bef6-4afe-b94c-79128d6ebe0d@group-8D5415D4B3C7-SegmentedRaftLogWorker: Starting segment from index:0
2022-09-28 09:55:39,827 [EventQueue-PipelineReportForPipelineReportHandler] INFO  pipeline.PipelineManagerImpl (PipelineManagerImpl.java:openPipeline(367)) - Pipeline Pipeline[ Id: c91f1afb-8d7e-434b-9c62-8d5415d4b3c7, Nodes: 95d95f87-bef6-4afe-b94c-79128d6ebe0d{ip: 10.1.1.21, host: fv-az204-790.d0ggoinxmwcejgojbuqly40l0e.cx.internal.cloudapp.net, ports: [REPLICATION=35005, RATIS=33103, RATIS_ADMIN=33103, RATIS_SERVER=33103, STANDALONE=39779], networkLocation: /default-rack, certSerialId: null, persistedOpState: IN_SERVICE, persistedOpStateExpiryEpochSec: 0}2152fb0b-d20f-4f54-8933-ac8d98653da6{ip: 10.1.1.21, host: fv-az204-790.d0ggoinxmwcejgojbuqly40l0e.cx.internal.cloudapp.net, ports: [REPLICATION=39739, RATIS=35785, RATIS_ADMIN=35785, RATIS_SERVER=35785, STANDALONE=41765], networkLocation: /default-rack, certSerialId: null, persistedOpState: IN_SERVICE, persistedOpStateExpiryEpochSec: 0}ec4a64e7-ce22-4d24-87ce-b09328d2691b{ip: 10.1.1.21, host: fv-az204-790.d0ggoinxmwcejgojbuqly40l0e.cx.internal.cloudapp.net, ports: [REPLICATION=35943, RATIS=44059, RATIS_ADMIN=44059, RATIS_SERVER=44059, STANDALONE=35265], networkLocation: /default-rack, certSerialId: null, persistedOpState: IN_SERVICE, persistedOpStateExpiryEpochSec: 0}, ReplicationConfig: RATIS/THREE, State:ALLOCATED, leaderId:95d95f87-bef6-4afe-b94c-79128d6ebe0d, CreationTimestamp2022-09-28T09:55:33.083Z[Etc/UTC]] moved to OPEN state
2022-09-28 09:55:39,845 [95d95f87-bef6-4afe-b94c-79128d6ebe0d@group-8D5415D4B3C7-LeaderElection13] INFO  server.RaftServer$Division (ServerState.java:setRaftConf(393)) - 95d95f87-bef6-4afe-b94c-79128d6ebe0d@group-8D5415D4B3C7: set configuration 0: [2152fb0b-d20f-4f54-8933-ac8d98653da6|rpc:10.1.1.21:35785|dataStream:|priority:0, 95d95f87-bef6-4afe-b94c-79128d6ebe0d|rpc:10.1.1.21:33103|dataStream:|priority:1, ec4a64e7-ce22-4d24-87ce-b09328d2691b|rpc:10.1.1.21:44059|dataStream:|priority:0], old=null
2022-09-28 09:55:39,838 [2152fb0b-d20f-4f54-8933-ac8d98653da6-server-thread1] INFO  server.RaftServer$Division (RaftServerImpl.java:setRole(299)) - 2152fb0b-d20f-4f54-8933-ac8d98653da6@group-8D5415D4B3C7: changes role from CANDIDATE to FOLLOWER at term 1 for appendEntries
2022-09-28 09:55:39,835 [2152fb0b-d20f-4f54-8933-ac8d98653da6@group-8D5415D4B3C7-LeaderElection14] INFO  impl.LeaderElection (LeaderElection.java:logAndReturn(90)) - 2152fb0b-d20f-4f54-8933-ac8d98653da6@group-8D5415D4B3C7-LeaderElection14: ELECTION REJECTED received 1 response(s) and 0 exception(s):
2022-09-28 09:55:39,846 [2152fb0b-d20f-4f54-8933-ac8d98653da6@group-8D5415D4B3C7-LeaderElection14] INFO  impl.LeaderElection (LeaderElection.java:logAndReturn(94)) -   Response 0: 2152fb0b-d20f-4f54-8933-ac8d98653da6<-95d95f87-bef6-4afe-b94c-79128d6ebe0d#0:FAIL-t1
2022-09-28 09:55:39,846 [2152fb0b-d20f-4f54-8933-ac8d98653da6@group-8D5415D4B3C7-LeaderElection14] INFO  impl.LeaderElection (LeaderElection.java:askForVotes(312)) - 2152fb0b-d20f-4f54-8933-ac8d98653da6@group-8D5415D4B3C7-LeaderElection14 ELECTION round 0: result REJECTED
2022-09-28 09:55:39,829 [95d95f87-bef6-4afe-b94c-79128d6ebe0d@group-8D5415D4B3C7-SegmentedRaftLogWorker] INFO  segmented.SegmentedRaftLogWorker (SegmentedRaftLogWorker.java:execute(629)) - 95d95f87-bef6-4afe-b94c-79128d6ebe0d@group-8D5415D4B3C7-SegmentedRaftLogWorker: created new log segment /home/runner/work/ozone/ozone/hadoop-ozone/integration-test/target/test-dir/MiniOzoneClusterImpl-cfeb4578-2b30-44dc-9f0d-998ef01d83f0/datanode-2/data/ratis/c91f1afb-8d7e-434b-9c62-8d5415d4b3c7/current/log_inprogress_0
2022-09-28 09:55:39,828 [EventQueue-OpenPipelineForHealthyPipelineSafeModeRule] INFO  safemode.SCMSafeModeManager (HealthyPipelineSafeModeRule.java:process(137)) - SCM in safe mode. Healthy pipelines reported count is 0, required healthy pipeline reported count is 1
2022-09-28 09:55:39,846 [EventQueue-OpenPipelineForHealthyPipelineSafeModeRule] INFO  safemode.SCMSafeModeManager (HealthyPipelineSafeModeRule.java:process(137)) - SCM in safe mode. Healthy pipelines reported count is 1, required healthy pipeline reported count is 1
2022-09-28 09:55:39,846 [EventQueue-OpenPipelineForHealthyPipelineSafeModeRule] INFO  safemode.SCMSafeModeManager (SCMSafeModeManager.java:validateSafeModeExitRules(204)) - HealthyPipelineSafeModeRule rule is successfully validated
2022-09-28 09:55:39,847 [EventQueue-OpenPipelineForHealthyPipelineSafeModeRule] INFO  safemode.SCMSafeModeManager (SCMSafeModeManager.java:validateSafeModeExitRules(219)) - ScmSafeModeManager, all rules are successfully validated
2022-09-28 09:55:39,847 [EventQueue-OpenPipelineForHealthyPipelineSafeModeRule] INFO  safemode.SCMSafeModeManager (SCMSafeModeManager.java:exitSafeMode(248)) - SCM exiting safe mode.
2022-09-28 09:55:39,847 [EventQueue-OpenPipelineForHealthyPipelineSafeModeRule] WARN  events.EventQueue (EventQueue.java:fireEvent(216)) - No event handler registered for event TypedEvent{payloadType=SafeModeStatus, name='Safe mode status'}
2022-09-28 09:55:39,847 [EventQueue-OpenPipelineForHealthyPipelineSafeModeRule] INFO  ha.SCMContext (SCMContext.java:updateSafeModeStatus(228)) - Update SafeModeStatus from SafeModeStatus{safeModeStatus=true, preCheckPassed=true} to SafeModeStatus{safeModeStatus=false, preCheckPassed=true}.
2022-09-28 09:55:39,847 [EventQueue-OpenPipelineForHealthyPipelineSafeModeRule] INFO  pipeline.BackgroundPipelineCreator (BackgroundPipelineCreator.java:notifyStatusChanged(254)) - Service BackgroundPipelineCreator transitions to RUNNING.
2022-09-28 09:55:39,847 [EventQueue-OpenPipelineForHealthyPipelineSafeModeRule] INFO  BackgroundPipelineScrubber (BackgroundSCMService.java:notifyStatusChanged(82)) - Service BackgroundPipelineScrubber transitions to RUNNING.
2022-09-28 09:55:39,847 [EventQueue-OpenPipelineForHealthyPipelineSafeModeRule] INFO  ExpiredContainerReplicaOpScrubber (BackgroundSCMService.java:notifyStatusChanged(82)) - Service ExpiredContainerReplicaOpScrubber transitions to RUNNING.
2022-09-28 09:55:39,847 [EventQueue-OpenPipelineForHealthyPipelineSafeModeRule] INFO  replication.ReplicationManager (ReplicationManager.java:notifyStatusChanged(726)) - Service ReplicationManager transitions to RUNNING.
2022-09-28 09:55:39,847 [EventQueue-OpenPipelineForHealthyPipelineSafeModeRule] WARN  balancer.ContainerBalancer (ContainerBalancer.java:shouldRun(936)) - Could not find persisted configuration for ContainerBalancer when checking if ContainerBalancer should run. ContainerBalancer should not run now.
2022-09-28 09:55:39,847 [2152fb0b-d20f-4f54-8933-ac8d98653da6-server-thread1] INFO  impl.RoleInfo (RoleInfo.java:shutdownLeaderElection(130)) - 2152fb0b-d20f-4f54-8933-ac8d98653da6: shutdown 2152fb0b-d20f-4f54-8933-ac8d98653da6@group-8D5415D4B3C7-LeaderElection14
2022-09-28 09:55:39,847 [2152fb0b-d20f-4f54-8933-ac8d98653da6-server-thread1] INFO  impl.RoleInfo (RoleInfo.java:updateAndGet(139)) - 2152fb0b-d20f-4f54-8933-ac8d98653da6: start 2152fb0b-d20f-4f54-8933-ac8d98653da6@group-8D5415D4B3C7-FollowerState
2022-09-28 09:55:39,847 [2152fb0b-d20f-4f54-8933-ac8d98653da6-server-thread1] INFO  ratis.XceiverServerRatis (XceiverServerRatis.java:handleLeaderChangedNotification(863)) - Leader change notification received for group: group-8D5415D4B3C7 with new leaderId: 95d95f87-bef6-4afe-b94c-79128d6ebe0d
2022-09-28 09:55:39,848 [2152fb0b-d20f-4f54-8933-ac8d98653da6-server-thread1] INFO  server.RaftServer$Division (ServerState.java:setLeader(287)) - 2152fb0b-d20f-4f54-8933-ac8d98653da6@group-8D5415D4B3C7: change Leader from null to 95d95f87-bef6-4afe-b94c-79128d6ebe0d at term 1 for appendEntries, leader elected after 5366ms
2022-09-28 09:55:39,859 [2152fb0b-d20f-4f54-8933-ac8d98653da6-server-thread1] INFO  server.RaftServer$Division (ServerState.java:setRaftConf(393)) - 2152fb0b-d20f-4f54-8933-ac8d98653da6@group-8D5415D4B3C7: set configuration 0: [2152fb0b-d20f-4f54-8933-ac8d98653da6|rpc:10.1.1.21:35785|dataStream:|priority:0, 95d95f87-bef6-4afe-b94c-79128d6ebe0d|rpc:10.1.1.21:33103|dataStream:|priority:1, ec4a64e7-ce22-4d24-87ce-b09328d2691b|rpc:10.1.1.21:44059|dataStream:|priority:0], old=null
2022-09-28 09:55:39,860 [2152fb0b-d20f-4f54-8933-ac8d98653da6-server-thread1] INFO  segmented.SegmentedRaftLogWorker (SegmentedRaftLogWorker.java:startLogSegment(425)) - 2152fb0b-d20f-4f54-8933-ac8d98653da6@group-8D5415D4B3C7-SegmentedRaftLogWorker: Starting segment from index:0
2022-09-28 09:55:39,861 [2152fb0b-d20f-4f54-8933-ac8d98653da6@group-8D5415D4B3C7-SegmentedRaftLogWorker] INFO  segmented.SegmentedRaftLogWorker (SegmentedRaftLogWorker.java:execute(629)) - 2152fb0b-d20f-4f54-8933-ac8d98653da6@group-8D5415D4B3C7-SegmentedRaftLogWorker: created new log segment /home/runner/work/ozone/ozone/hadoop-ozone/integration-test/target/test-dir/MiniOzoneClusterImpl-cfeb4578-2b30-44dc-9f0d-998ef01d83f0/datanode-0/data/ratis/c91f1afb-8d7e-434b-9c62-8d5415d4b3c7/current/log_inprogress_0
2022-09-28 09:55:39,896 [grpc-default-executor-1] INFO  server.RaftServer$Division (RaftServerImpl.java:requestVote(1152)) - ec4a64e7-ce22-4d24-87ce-b09328d2691b@group-8D5415D4B3C7: receive requestVote(ELECTION, 2152fb0b-d20f-4f54-8933-ac8d98653da6, group-8D5415D4B3C7, 1, (t:0, i:0))
2022-09-28 09:55:39,898 [grpc-default-executor-1] INFO  impl.VoteContext (VoteContext.java:log(48)) - ec4a64e7-ce22-4d24-87ce-b09328d2691b@group-8D5415D4B3C7-FOLLOWER: reject ELECTION from 2152fb0b-d20f-4f54-8933-ac8d98653da6: already has voted for 95d95f87-bef6-4afe-b94c-79128d6ebe0d at current term 1
2022-09-28 09:55:39,898 [grpc-default-executor-1] INFO  server.RaftServer$Division (RaftServerImpl.java:requestVote(1184)) - ec4a64e7-ce22-4d24-87ce-b09328d2691b@group-8D5415D4B3C7 replies to ELECTION vote request: 2152fb0b-d20f-4f54-8933-ac8d98653da6<-ec4a64e7-ce22-4d24-87ce-b09328d2691b#0:FAIL-t1. Peer's state: ec4a64e7-ce22-4d24-87ce-b09328d2691b@group-8D5415D4B3C7:t1, leader=null, voted=95d95f87-bef6-4afe-b94c-79128d6ebe0d, raftlog=ec4a64e7-ce22-4d24-87ce-b09328d2691b@group-8D5415D4B3C7-SegmentedRaftLog:OPENED:c-1, conf=-1: [2152fb0b-d20f-4f54-8933-ac8d98653da6|rpc:10.1.1.21:35785|dataStream:|priority:0, 95d95f87-bef6-4afe-b94c-79128d6ebe0d|rpc:10.1.1.21:33103|dataStream:|priority:1, ec4a64e7-ce22-4d24-87ce-b09328d2691b|rpc:10.1.1.21:44059|dataStream:|priority:0], old=null
2022-09-28 09:55:39,900 [ec4a64e7-ce22-4d24-87ce-b09328d2691b-server-thread1] INFO  ratis.XceiverServerRatis (XceiverServerRatis.java:handleLeaderChangedNotification(863)) - Leader change notification received for group: group-8D5415D4B3C7 with new leaderId: 95d95f87-bef6-4afe-b94c-79128d6ebe0d
2022-09-28 09:55:39,900 [ec4a64e7-ce22-4d24-87ce-b09328d2691b-server-thread1] INFO  server.RaftServer$Division (ServerState.java:setLeader(287)) - ec4a64e7-ce22-4d24-87ce-b09328d2691b@group-8D5415D4B3C7: change Leader from null to 95d95f87-bef6-4afe-b94c-79128d6ebe0d at term 1 for appendEntries, leader elected after 5162ms
2022-09-28 09:55:39,903 [ec4a64e7-ce22-4d24-87ce-b09328d2691b-server-thread1] INFO  server.RaftServer$Division (ServerState.java:setRaftConf(393)) - ec4a64e7-ce22-4d24-87ce-b09328d2691b@group-8D5415D4B3C7: set configuration 0: [2152fb0b-d20f-4f54-8933-ac8d98653da6|rpc:10.1.1.21:35785|dataStream:|priority:0, 95d95f87-bef6-4afe-b94c-79128d6ebe0d|rpc:10.1.1.21:33103|dataStream:|priority:1, ec4a64e7-ce22-4d24-87ce-b09328d2691b|rpc:10.1.1.21:44059|dataStream:|priority:0], old=null
2022-09-28 09:55:39,903 [ec4a64e7-ce22-4d24-87ce-b09328d2691b-server-thread1] INFO  segmented.SegmentedRaftLogWorker (SegmentedRaftLogWorker.java:startLogSegment(425)) - ec4a64e7-ce22-4d24-87ce-b09328d2691b@group-8D5415D4B3C7-SegmentedRaftLogWorker: Starting segment from index:0
2022-09-28 09:55:39,904 [ec4a64e7-ce22-4d24-87ce-b09328d2691b@group-8D5415D4B3C7-SegmentedRaftLogWorker] INFO  segmented.SegmentedRaftLogWorker (SegmentedRaftLogWorker.java:execute(629)) - ec4a64e7-ce22-4d24-87ce-b09328d2691b@group-8D5415D4B3C7-SegmentedRaftLogWorker: created new log segment /home/runner/work/ozone/ozone/hadoop-ozone/integration-test/target/test-dir/MiniOzoneClusterImpl-cfeb4578-2b30-44dc-9f0d-998ef01d83f0/datanode-1/data/ratis/c91f1afb-8d7e-434b-9c62-8d5415d4b3c7/current/log_inprogress_0
2022-09-28 09:55:39,928 [2152fb0b-d20f-4f54-8933-ac8d98653da6@group-BB6EE4D2CA5A-FollowerState] INFO  impl.FollowerState (FollowerState.java:run(143)) - 2152fb0b-d20f-4f54-8933-ac8d98653da6@group-BB6EE4D2CA5A-FollowerState: change to CANDIDATE, lastRpcElapsedTime:5082556912ns, electionTimeout:5055ms
2022-09-28 09:55:39,928 [2152fb0b-d20f-4f54-8933-ac8d98653da6@group-BB6EE4D2CA5A-FollowerState] INFO  impl.RoleInfo (RoleInfo.java:shutdownFollowerState(110)) - 2152fb0b-d20f-4f54-8933-ac8d98653da6: shutdown 2152fb0b-d20f-4f54-8933-ac8d98653da6@group-BB6EE4D2CA5A-FollowerState
2022-09-28 09:55:39,928 [2152fb0b-d20f-4f54-8933-ac8d98653da6@group-BB6EE4D2CA5A-FollowerState] INFO  server.RaftServer$Division (RaftServerImpl.java:setRole(299)) - 2152fb0b-d20f-4f54-8933-ac8d98653da6@group-BB6EE4D2CA5A: changes role from  FOLLOWER to CANDIDATE at term 0 for changeToCandidate
2022-09-28 09:55:39,929 [2152fb0b-d20f-4f54-8933-ac8d98653da6@group-BB6EE4D2CA5A-FollowerState] INFO  server.RaftServerConfigKeys (ConfUtils.java:logGet(46)) - raft.server.leaderelection.pre-vote = false (custom)
2022-09-28 09:55:39,929 [2152fb0b-d20f-4f54-8933-ac8d98653da6@group-BB6EE4D2CA5A-FollowerState] INFO  impl.RoleInfo (RoleInfo.java:updateAndGet(139)) - 2152fb0b-d20f-4f54-8933-ac8d98653da6: start 2152fb0b-d20f-4f54-8933-ac8d98653da6@group-BB6EE4D2CA5A-LeaderElection15
2022-09-28 09:55:39,969 [2152fb0b-d20f-4f54-8933-ac8d98653da6@group-BB6EE4D2CA5A-LeaderElection15] INFO  impl.LeaderElection (LeaderElection.java:askForVotes(310)) - 2152fb0b-d20f-4f54-8933-ac8d98653da6@group-BB6EE4D2CA5A-LeaderElection15 ELECTION round 0: submit vote requests at term 1 for -1: [2152fb0b-d20f-4f54-8933-ac8d98653da6|rpc:10.1.1.21:35785|priority:1, 95d95f87-bef6-4afe-b94c-79128d6ebe0d|rpc:10.1.1.21:33103|priority:0, ec4a64e7-ce22-4d24-87ce-b09328d2691b|rpc:10.1.1.21:44059|priority:0], old=null
2022-09-28 09:55:39,992 [grpc-default-executor-2] INFO  server.RaftServer$Division (RaftServerImpl.java:requestVote(1152)) - 95d95f87-bef6-4afe-b94c-79128d6ebe0d@group-BB6EE4D2CA5A: receive requestVote(ELECTION, 2152fb0b-d20f-4f54-8933-ac8d98653da6, group-BB6EE4D2CA5A, 1, (t:0, i:0))
2022-09-28 09:55:39,992 [grpc-default-executor-2] INFO  impl.VoteContext (VoteContext.java:log(48)) - 95d95f87-bef6-4afe-b94c-79128d6ebe0d@group-BB6EE4D2CA5A-FOLLOWER: accept ELECTION from 2152fb0b-d20f-4f54-8933-ac8d98653da6: our priority 0 <= candidate's priority 1
2022-09-28 09:55:39,992 [grpc-default-executor-2] INFO  server.RaftServer$Division (RaftServerImpl.java:setRole(299)) - 95d95f87-bef6-4afe-b94c-79128d6ebe0d@group-BB6EE4D2CA5A: changes role from  FOLLOWER to FOLLOWER at term 1 for candidate:2152fb0b-d20f-4f54-8933-ac8d98653da6
2022-09-28 09:55:39,992 [grpc-default-executor-2] INFO  impl.RoleInfo (RoleInfo.java:shutdownFollowerState(110)) - 95d95f87-bef6-4afe-b94c-79128d6ebe0d: shutdown 95d95f87-bef6-4afe-b94c-79128d6ebe0d@group-BB6EE4D2CA5A-FollowerState
2022-09-28 09:55:39,992 [grpc-default-executor-2] INFO  impl.RoleInfo (RoleInfo.java:updateAndGet(139)) - 95d95f87-bef6-4afe-b94c-79128d6ebe0d: start 95d95f87-bef6-4afe-b94c-79128d6ebe0d@group-BB6EE4D2CA5A-FollowerState
2022-09-28 09:55:39,996 [95d95f87-bef6-4afe-b94c-79128d6ebe0d@group-BB6EE4D2CA5A-FollowerState] INFO  impl.FollowerState (FollowerState.java:run(152)) - 95d95f87-bef6-4afe-b94c-79128d6ebe0d@group-BB6EE4D2CA5A-FollowerState was interrupted
2022-09-28 09:55:40,004 [ec4a64e7-ce22-4d24-87ce-b09328d2691b@group-BB6EE4D2CA5A-FollowerState] INFO  impl.FollowerState (FollowerState.java:run(143)) - ec4a64e7-ce22-4d24-87ce-b09328d2691b@group-BB6EE4D2CA5A-FollowerState: change to CANDIDATE, lastRpcElapsedTime:5116354088ns, electionTimeout:5111ms
2022-09-28 09:55:40,004 [ec4a64e7-ce22-4d24-87ce-b09328d2691b@group-BB6EE4D2CA5A-FollowerState] INFO  impl.RoleInfo (RoleInfo.java:shutdownFollowerState(110)) - ec4a64e7-ce22-4d24-87ce-b09328d2691b: shutdown ec4a64e7-ce22-4d24-87ce-b09328d2691b@group-BB6EE4D2CA5A-FollowerState
2022-09-28 09:55:40,004 [ec4a64e7-ce22-4d24-87ce-b09328d2691b@group-BB6EE4D2CA5A-FollowerState] INFO  server.RaftServer$Division (RaftServerImpl.java:setRole(299)) - ec4a64e7-ce22-4d24-87ce-b09328d2691b@group-BB6EE4D2CA5A: changes role from  FOLLOWER to CANDIDATE at term 0 for changeToCandidate
2022-09-28 09:55:40,004 [ec4a64e7-ce22-4d24-87ce-b09328d2691b@group-BB6EE4D2CA5A-FollowerState] INFO  server.RaftServerConfigKeys (ConfUtils.java:logGet(46)) - raft.server.leaderelection.pre-vote = false (custom)
2022-09-28 09:55:40,004 [ec4a64e7-ce22-4d24-87ce-b09328d2691b@group-BB6EE4D2CA5A-FollowerState] INFO  impl.RoleInfo (RoleInfo.java:updateAndGet(139)) - ec4a64e7-ce22-4d24-87ce-b09328d2691b: start ec4a64e7-ce22-4d24-87ce-b09328d2691b@group-BB6EE4D2CA5A-LeaderElection16
2022-09-28 09:55:40,018 [ec4a64e7-ce22-4d24-87ce-b09328d2691b@group-BB6EE4D2CA5A-LeaderElection16] INFO  impl.LeaderElection (LeaderElection.java:askForVotes(310)) - ec4a64e7-ce22-4d24-87ce-b09328d2691b@group-BB6EE4D2CA5A-LeaderElection16 ELECTION round 0: submit vote requests at term 1 for -1: [2152fb0b-d20f-4f54-8933-ac8d98653da6|rpc:10.1.1.21:35785|dataStream:|priority:1, 95d95f87-bef6-4afe-b94c-79128d6ebe0d|rpc:10.1.1.21:33103|dataStream:|priority:0, ec4a64e7-ce22-4d24-87ce-b09328d2691b|rpc:10.1.1.21:44059|dataStream:|priority:0], old=null
2022-09-28 09:55:40,020 [grpc-default-executor-2] INFO  server.RaftServer$Division (RaftServerImpl.java:requestVote(1184)) - 95d95f87-bef6-4afe-b94c-79128d6ebe0d@group-BB6EE4D2CA5A replies to ELECTION vote request: 2152fb0b-d20f-4f54-8933-ac8d98653da6<-95d95f87-bef6-4afe-b94c-79128d6ebe0d#0:OK-t1. Peer's state: 95d95f87-bef6-4afe-b94c-79128d6ebe0d@group-BB6EE4D2CA5A:t1, leader=null, voted=2152fb0b-d20f-4f54-8933-ac8d98653da6, raftlog=95d95f87-bef6-4afe-b94c-79128d6ebe0d@group-BB6EE4D2CA5A-SegmentedRaftLog:OPENED:c-1, conf=-1: [2152fb0b-d20f-4f54-8933-ac8d98653da6|rpc:10.1.1.21:35785|dataStream:|priority:1, 95d95f87-bef6-4afe-b94c-79128d6ebe0d|rpc:10.1.1.21:33103|dataStream:|priority:0, ec4a64e7-ce22-4d24-87ce-b09328d2691b|rpc:10.1.1.21:44059|dataStream:|priority:0], old=null
2022-09-28 09:55:40,020 [grpc-default-executor-2] INFO  server.RaftServer$Division (RaftServerImpl.java:requestVote(1152)) - ec4a64e7-ce22-4d24-87ce-b09328d2691b@group-BB6EE4D2CA5A: receive requestVote(ELECTION, 2152fb0b-d20f-4f54-8933-ac8d98653da6, group-BB6EE4D2CA5A, 1, (t:0, i:0))
2022-09-28 09:55:40,020 [grpc-default-executor-2] INFO  impl.VoteContext (VoteContext.java:log(48)) - ec4a64e7-ce22-4d24-87ce-b09328d2691b@group-BB6EE4D2CA5A-CANDIDATE: reject ELECTION from 2152fb0b-d20f-4f54-8933-ac8d98653da6: already has voted for ec4a64e7-ce22-4d24-87ce-b09328d2691b at current term 1
2022-09-28 09:55:40,020 [grpc-default-executor-2] INFO  server.RaftServer$Division (RaftServerImpl.java:requestVote(1184)) - ec4a64e7-ce22-4d24-87ce-b09328d2691b@group-BB6EE4D2CA5A replies to ELECTION vote request: 2152fb0b-d20f-4f54-8933-ac8d98653da6<-ec4a64e7-ce22-4d24-87ce-b09328d2691b#0:FAIL-t1. Peer's state: ec4a64e7-ce22-4d24-87ce-b09328d2691b@group-BB6EE4D2CA5A:t1, leader=null, voted=ec4a64e7-ce22-4d24-87ce-b09328d2691b, raftlog=ec4a64e7-ce22-4d24-87ce-b09328d2691b@group-BB6EE4D2CA5A-SegmentedRaftLog:OPENED:c-1, conf=-1: [2152fb0b-d20f-4f54-8933-ac8d98653da6|rpc:10.1.1.21:35785|dataStream:|priority:1, 95d95f87-bef6-4afe-b94c-79128d6ebe0d|rpc:10.1.1.21:33103|dataStream:|priority:0, ec4a64e7-ce22-4d24-87ce-b09328d2691b|rpc:10.1.1.21:44059|dataStream:|priority:0], old=null
2022-09-28 09:55:40,032 [2152fb0b-d20f-4f54-8933-ac8d98653da6@group-BB6EE4D2CA5A-LeaderElection15] INFO  impl.LeaderElection (LeaderElection.java:logAndReturn(90)) - 2152fb0b-d20f-4f54-8933-ac8d98653da6@group-BB6EE4D2CA5A-LeaderElection15: ELECTION PASSED received 2 response(s) and 0 exception(s):
2022-09-28 09:55:40,033 [2152fb0b-d20f-4f54-8933-ac8d98653da6@group-BB6EE4D2CA5A-LeaderElection15] INFO  impl.LeaderElection (LeaderElection.java:logAndReturn(94)) -   Response 0: 2152fb0b-d20f-4f54-8933-ac8d98653da6<-95d95f87-bef6-4afe-b94c-79128d6ebe0d#0:OK-t1
2022-09-28 09:55:40,033 [2152fb0b-d20f-4f54-8933-ac8d98653da6@group-BB6EE4D2CA5A-LeaderElection15] INFO  impl.LeaderElection (LeaderElection.java:logAndReturn(94)) -   Response 1: 2152fb0b-d20f-4f54-8933-ac8d98653da6<-ec4a64e7-ce22-4d24-87ce-b09328d2691b#0:FAIL-t1
2022-09-28 09:55:40,033 [2152fb0b-d20f-4f54-8933-ac8d98653da6@group-BB6EE4D2CA5A-LeaderElection15] INFO  impl.LeaderElection (LeaderElection.java:askForVotes(312)) - 2152fb0b-d20f-4f54-8933-ac8d98653da6@group-BB6EE4D2CA5A-LeaderElection15 ELECTION round 0: result PASSED
2022-09-28 09:55:40,033 [2152fb0b-d20f-4f54-8933-ac8d98653da6@group-BB6EE4D2CA5A-LeaderElection15] INFO  impl.RoleInfo (RoleInfo.java:shutdownLeaderElection(130)) - 2152fb0b-d20f-4f54-8933-ac8d98653da6: shutdown 2152fb0b-d20f-4f54-8933-ac8d98653da6@group-BB6EE4D2CA5A-LeaderElection15
2022-09-28 09:55:40,033 [2152fb0b-d20f-4f54-8933-ac8d98653da6@group-BB6EE4D2CA5A-LeaderElection15] INFO  server.RaftServer$Division (RaftServerImpl.java:setRole(299)) - 2152fb0b-d20f-4f54-8933-ac8d98653da6@group-BB6EE4D2CA5A: changes role from CANDIDATE to LEADER at term 1 for changeToLeader
2022-09-28 09:55:40,033 [2152fb0b-d20f-4f54-8933-ac8d98653da6@group-BB6EE4D2CA5A-LeaderElection15] INFO  ratis.XceiverServerRatis (XceiverServerRatis.java:handleLeaderChangedNotification(863)) - Leader change notification received for group: group-BB6EE4D2CA5A with new leaderId: 2152fb0b-d20f-4f54-8933-ac8d98653da6
2022-09-28 09:55:40,033 [2152fb0b-d20f-4f54-8933-ac8d98653da6@group-BB6EE4D2CA5A-LeaderElection15] INFO  server.RaftServer$Division (ServerState.java:setLeader(287)) - 2152fb0b-d20f-4f54-8933-ac8d98653da6@group-BB6EE4D2CA5A: change Leader from null to 2152fb0b-d20f-4f54-8933-ac8d98653da6 at term 1 for becomeLeader, leader elected after 5207ms
2022-09-28 09:55:40,033 [2152fb0b-d20f-4f54-8933-ac8d98653da6@group-BB6EE4D2CA5A-LeaderElection15] INFO  server.RaftServerConfigKeys (ConfUtils.java:logGet(46)) - raft.server.staging.catchup.gap = 1000 (default)
2022-09-28 09:55:40,033 [2152fb0b-d20f-4f54-8933-ac8d98653da6@group-BB6EE4D2CA5A-LeaderElection15] INFO  server.RaftServerConfigKeys (ConfUtils.java:logGet(46)) - raft.server.write.element-limit = 1024 (custom)
2022-09-28 09:55:40,033 [2152fb0b-d20f-4f54-8933-ac8d98653da6@group-BB6EE4D2CA5A-LeaderElection15] INFO  server.RaftServerConfigKeys (ConfUtils.java:logGet(46)) - raft.server.write.byte-limit = 1024 M (=1073741824) (custom)
2022-09-28 09:55:40,034 [2152fb0b-d20f-4f54-8933-ac8d98653da6@group-BB6EE4D2CA5A-LeaderElection15] INFO  server.RaftServerConfigKeys (ConfUtils.java:logGet(46)) - raft.server.watch.timeout = 180s (custom)
2022-09-28 09:55:40,034 [2152fb0b-d20f-4f54-8933-ac8d98653da6@group-BB6EE4D2CA5A-LeaderElection15] INFO  server.RaftServerConfigKeys (ConfUtils.java:logGet(46)) - raft.server.watch.timeout.denomination = 1s (default)
2022-09-28 09:55:40,034 [2152fb0b-d20f-4f54-8933-ac8d98653da6@group-BB6EE4D2CA5A-LeaderElection15] INFO  server.RaftServerConfigKeys (ConfUtils.java:logGet(46)) - raft.server.watch.element-limit = 65536 (default)
2022-09-28 09:55:40,034 [2152fb0b-d20f-4f54-8933-ac8d98653da6@group-BB6EE4D2CA5A-LeaderElection15] INFO  server.RaftServerConfigKeys (ConfUtils.java:logGet(46)) - raft.server.write.element-limit = 1024 (custom)
2022-09-28 09:55:40,034 [2152fb0b-d20f-4f54-8933-ac8d98653da6@group-BB6EE4D2CA5A-LeaderElection15] INFO  server.RaftServerConfigKeys (ConfUtils.java:logGet(46)) - raft.server.write.follower.gap.ratio.max = -1.0 (default)
2022-09-28 09:55:40,034 [2152fb0b-d20f-4f54-8933-ac8d98653da6@group-BB6EE4D2CA5A-LeaderElection15] INFO  server.RaftServerConfigKeys (ConfUtils.java:logGet(46)) - raft.server.log.appender.snapshot.chunk.size.max = 16MB (=16777216) (default)
2022-09-28 09:55:40,034 [2152fb0b-d20f-4f54-8933-ac8d98653da6@group-BB6EE4D2CA5A-LeaderElection15] INFO  server.RaftServerConfigKeys (ConfUtils.java:logGet(46)) - raft.server.log.appender.buffer.byte-limit = 33554432 (custom)
2022-09-28 09:55:40,034 [2152fb0b-d20f-4f54-8933-ac8d98653da6@group-BB6EE4D2CA5A-LeaderElection15] INFO  server.RaftServerConfigKeys (ConfUtils.java:logGet(46)) - raft.server.log.appender.buffer.element-limit = 1 (custom)
2022-09-28 09:55:40,034 [2152fb0b-d20f-4f54-8933-ac8d98653da6@group-BB6EE4D2CA5A-LeaderElection15] INFO  grpc.GrpcConfigKeys (ConfUtils.java:logGet(46)) - raft.grpc.server.leader.outstanding.appends.max = 128 (default)
2022-09-28 09:55:40,035 [2152fb0b-d20f-4f54-8933-ac8d98653da6@group-BB6EE4D2CA5A-LeaderElection15] INFO  server.RaftServerConfigKeys (ConfUtils.java:logGet(46)) - raft.server.rpc.request.timeout = 60s (custom)
2022-09-28 09:55:40,035 [2152fb0b-d20f-4f54-8933-ac8d98653da6@group-BB6EE4D2CA5A-LeaderElection15] INFO  server.RaftServerConfigKeys (ConfUtils.java:logGet(46)) - raft.server.log.appender.install.snapshot.enabled = false (custom)
2022-09-28 09:55:40,035 [2152fb0b-d20f-4f54-8933-ac8d98653da6@group-BB6EE4D2CA5A-LeaderElection15] INFO  server.RaftServerConfigKeys (ConfUtils.java:logGet(46)) - raft.server.log.appender.snapshot.chunk.size.max = 16MB (=16777216) (default)
2022-09-28 09:55:40,035 [2152fb0b-d20f-4f54-8933-ac8d98653da6@group-BB6EE4D2CA5A-LeaderElection15] INFO  server.RaftServerConfigKeys (ConfUtils.java:logGet(46)) - raft.server.log.appender.buffer.byte-limit = 33554432 (custom)
2022-09-28 09:55:40,035 [2152fb0b-d20f-4f54-8933-ac8d98653da6@group-BB6EE4D2CA5A-LeaderElection15] INFO  server.RaftServerConfigKeys (ConfUtils.java:logGet(46)) - raft.server.log.appender.buffer.element-limit = 1 (custom)
2022-09-28 09:55:40,035 [2152fb0b-d20f-4f54-8933-ac8d98653da6@group-BB6EE4D2CA5A-LeaderElection15] INFO  grpc.GrpcConfigKeys (ConfUtils.java:logGet(46)) - raft.grpc.server.leader.outstanding.appends.max = 128 (default)
2022-09-28 09:55:40,035 [2152fb0b-d20f-4f54-8933-ac8d98653da6@group-BB6EE4D2CA5A-LeaderElection15] INFO  server.RaftServerConfigKeys (ConfUtils.java:logGet(46)) - raft.server.rpc.request.timeout = 60s (custom)
2022-09-28 09:55:40,035 [2152fb0b-d20f-4f54-8933-ac8d98653da6@group-BB6EE4D2CA5A-LeaderElection15] INFO  server.RaftServerConfigKeys (ConfUtils.java:logGet(46)) - raft.server.log.appender.install.snapshot.enabled = false (custom)
2022-09-28 09:55:40,036 [2152fb0b-d20f-4f54-8933-ac8d98653da6@group-BB6EE4D2CA5A-LeaderElection15] INFO  impl.RoleInfo (RoleInfo.java:updateAndGet(139)) - 2152fb0b-d20f-4f54-8933-ac8d98653da6: start 2152fb0b-d20f-4f54-8933-ac8d98653da6@group-BB6EE4D2CA5A-LeaderStateImpl
2022-09-28 09:55:40,036 [2152fb0b-d20f-4f54-8933-ac8d98653da6@group-BB6EE4D2CA5A-LeaderElection15] INFO  segmented.SegmentedRaftLogWorker (SegmentedRaftLogWorker.java:startLogSegment(425)) - 2152fb0b-d20f-4f54-8933-ac8d98653da6@group-BB6EE4D2CA5A-SegmentedRaftLogWorker: Starting segment from index:0
2022-09-28 09:55:40,041 [EventQueue-PipelineReportForPipelineReportHandler] INFO  pipeline.PipelineManagerImpl (PipelineManagerImpl.java:openPipeline(367)) - Pipeline Pipeline[ Id: cd07f3a9-cf6a-4422-85a1-bb6ee4d2ca5a, Nodes: 2152fb0b-d20f-4f54-8933-ac8d98653da6{ip: 10.1.1.21, host: fv-az204-790.d0ggoinxmwcejgojbuqly40l0e.cx.internal.cloudapp.net, ports: [REPLICATION=39739, RATIS=35785, RATIS_ADMIN=35785, RATIS_SERVER=35785, STANDALONE=41765], networkLocation: /default-rack, certSerialId: null, persistedOpState: IN_SERVICE, persistedOpStateExpiryEpochSec: 0}ec4a64e7-ce22-4d24-87ce-b09328d2691b{ip: 10.1.1.21, host: fv-az204-790.d0ggoinxmwcejgojbuqly40l0e.cx.internal.cloudapp.net, ports: [REPLICATION=35943, RATIS=44059, RATIS_ADMIN=44059, RATIS_SERVER=44059, STANDALONE=35265], networkLocation: /default-rack, certSerialId: null, persistedOpState: IN_SERVICE, persistedOpStateExpiryEpochSec: 0}95d95f87-bef6-4afe-b94c-79128d6ebe0d{ip: 10.1.1.21, host: fv-az204-790.d0ggoinxmwcejgojbuqly40l0e.cx.internal.cloudapp.net, ports: [REPLICATION=35005, RATIS=33103, RATIS_ADMIN=33103, RATIS_SERVER=33103, STANDALONE=39779], networkLocation: /default-rack, certSerialId: null, persistedOpState: IN_SERVICE, persistedOpStateExpiryEpochSec: 0}, ReplicationConfig: RATIS/THREE, State:ALLOCATED, leaderId:2152fb0b-d20f-4f54-8933-ac8d98653da6, CreationTimestamp2022-09-28T09:55:33.084Z[Etc/UTC]] moved to OPEN state
2022-09-28 09:55:40,052 [grpc-default-executor-1] INFO  server.RaftServer$Division (RaftServerImpl.java:requestVote(1152)) - 95d95f87-bef6-4afe-b94c-79128d6ebe0d@group-BB6EE4D2CA5A: receive requestVote(ELECTION, ec4a64e7-ce22-4d24-87ce-b09328d2691b, group-BB6EE4D2CA5A, 1, (t:0, i:0))
2022-09-28 09:55:40,056 [grpc-default-executor-1] INFO  impl.VoteContext (VoteContext.java:log(48)) - 95d95f87-bef6-4afe-b94c-79128d6ebe0d@group-BB6EE4D2CA5A-FOLLOWER: reject ELECTION from ec4a64e7-ce22-4d24-87ce-b09328d2691b: already has voted for 2152fb0b-d20f-4f54-8933-ac8d98653da6 at current term 1
2022-09-28 09:55:40,056 [grpc-default-executor-1] INFO  server.RaftServer$Division (RaftServerImpl.java:requestVote(1184)) - 95d95f87-bef6-4afe-b94c-79128d6ebe0d@group-BB6EE4D2CA5A replies to ELECTION vote request: ec4a64e7-ce22-4d24-87ce-b09328d2691b<-95d95f87-bef6-4afe-b94c-79128d6ebe0d#0:FAIL-t1. Peer's state: 95d95f87-bef6-4afe-b94c-79128d6ebe0d@group-BB6EE4D2CA5A:t1, leader=null, voted=2152fb0b-d20f-4f54-8933-ac8d98653da6, raftlog=95d95f87-bef6-4afe-b94c-79128d6ebe0d@group-BB6EE4D2CA5A-SegmentedRaftLog:OPENED:c-1, conf=-1: [2152fb0b-d20f-4f54-8933-ac8d98653da6|rpc:10.1.1.21:35785|dataStream:|priority:1, 95d95f87-bef6-4afe-b94c-79128d6ebe0d|rpc:10.1.1.21:33103|dataStream:|priority:0, ec4a64e7-ce22-4d24-87ce-b09328d2691b|rpc:10.1.1.21:44059|dataStream:|priority:0], old=null
2022-09-28 09:55:40,057 [2152fb0b-d20f-4f54-8933-ac8d98653da6@group-BB6EE4D2CA5A-SegmentedRaftLogWorker] INFO  segmented.SegmentedRaftLogWorker (SegmentedRaftLogWorker.java:execute(629)) - 2152fb0b-d20f-4f54-8933-ac8d98653da6@group-BB6EE4D2CA5A-SegmentedRaftLogWorker: created new log segment /home/runner/work/ozone/ozone/hadoop-ozone/integration-test/target/test-dir/MiniOzoneClusterImpl-cfeb4578-2b30-44dc-9f0d-998ef01d83f0/datanode-0/data/ratis/cd07f3a9-cf6a-4422-85a1-bb6ee4d2ca5a/current/log_inprogress_0
2022-09-28 09:55:40,109 [2152fb0b-d20f-4f54-8933-ac8d98653da6@group-BB6EE4D2CA5A-LeaderElection15] INFO  server.RaftServer$Division (ServerState.java:setRaftConf(393)) - 2152fb0b-d20f-4f54-8933-ac8d98653da6@group-BB6EE4D2CA5A: set configuration 0: [2152fb0b-d20f-4f54-8933-ac8d98653da6|rpc:10.1.1.21:35785|dataStream:|priority:1, 95d95f87-bef6-4afe-b94c-79128d6ebe0d|rpc:10.1.1.21:33103|dataStream:|priority:0, ec4a64e7-ce22-4d24-87ce-b09328d2691b|rpc:10.1.1.21:44059|dataStream:|priority:0], old=null
2022-09-28 09:55:40,125 [grpc-default-executor-0] INFO  server.RaftServer$Division (RaftServerImpl.java:requestVote(1152)) - 2152fb0b-d20f-4f54-8933-ac8d98653da6@group-BB6EE4D2CA5A: receive requestVote(ELECTION, ec4a64e7-ce22-4d24-87ce-b09328d2691b, group-BB6EE4D2CA5A, 1, (t:0, i:0))
2022-09-28 09:55:40,125 [grpc-default-executor-0] INFO  impl.VoteContext (VoteContext.java:log(48)) - 2152fb0b-d20f-4f54-8933-ac8d98653da6@group-BB6EE4D2CA5A-LEADER: reject ELECTION from ec4a64e7-ce22-4d24-87ce-b09328d2691b: already has voted for 2152fb0b-d20f-4f54-8933-ac8d98653da6 at current term 1
2022-09-28 09:55:40,125 [grpc-default-executor-0] INFO  server.RaftServer$Division (RaftServerImpl.java:requestVote(1184)) - 2152fb0b-d20f-4f54-8933-ac8d98653da6@group-BB6EE4D2CA5A replies to ELECTION vote request: ec4a64e7-ce22-4d24-87ce-b09328d2691b<-2152fb0b-d20f-4f54-8933-ac8d98653da6#0:FAIL-t1. Peer's state: 2152fb0b-d20f-4f54-8933-ac8d98653da6@group-BB6EE4D2CA5A:t1, leader=2152fb0b-d20f-4f54-8933-ac8d98653da6, voted=2152fb0b-d20f-4f54-8933-ac8d98653da6, raftlog=2152fb0b-d20f-4f54-8933-ac8d98653da6@group-BB6EE4D2CA5A-SegmentedRaftLog:OPENED:c-1, conf=0: [2152fb0b-d20f-4f54-8933-ac8d98653da6|rpc:10.1.1.21:35785|dataStream:|priority:1, 95d95f87-bef6-4afe-b94c-79128d6ebe0d|rpc:10.1.1.21:33103|dataStream:|priority:0, ec4a64e7-ce22-4d24-87ce-b09328d2691b|rpc:10.1.1.21:44059|dataStream:|priority:0], old=null
2022-09-28 09:55:40,128 [ec4a64e7-ce22-4d24-87ce-b09328d2691b@group-BB6EE4D2CA5A-LeaderElection16] INFO  impl.LeaderElection (LeaderElection.java:logAndReturn(90)) - ec4a64e7-ce22-4d24-87ce-b09328d2691b@group-BB6EE4D2CA5A-LeaderElection16: ELECTION REJECTED received 2 response(s) and 0 exception(s):
2022-09-28 09:55:40,128 [ec4a64e7-ce22-4d24-87ce-b09328d2691b@group-BB6EE4D2CA5A-LeaderElection16] INFO  impl.LeaderElection (LeaderElection.java:logAndReturn(94)) -   Response 0: ec4a64e7-ce22-4d24-87ce-b09328d2691b<-2152fb0b-d20f-4f54-8933-ac8d98653da6#0:FAIL-t1
2022-09-28 09:55:40,128 [ec4a64e7-ce22-4d24-87ce-b09328d2691b@group-BB6EE4D2CA5A-LeaderElection16] INFO  impl.LeaderElection (LeaderElection.java:logAndReturn(94)) -   Response 1: ec4a64e7-ce22-4d24-87ce-b09328d2691b<-95d95f87-bef6-4afe-b94c-79128d6ebe0d#0:FAIL-t1
2022-09-28 09:55:40,128 [ec4a64e7-ce22-4d24-87ce-b09328d2691b@group-BB6EE4D2CA5A-LeaderElection16] INFO  impl.LeaderElection (LeaderElection.java:askForVotes(312)) - ec4a64e7-ce22-4d24-87ce-b09328d2691b@group-BB6EE4D2CA5A-LeaderElection16 ELECTION round 0: result REJECTED
2022-09-28 09:55:40,129 [ec4a64e7-ce22-4d24-87ce-b09328d2691b@group-BB6EE4D2CA5A-LeaderElection16] INFO  server.RaftServer$Division (RaftServerImpl.java:setRole(299)) - ec4a64e7-ce22-4d24-87ce-b09328d2691b@group-BB6EE4D2CA5A: changes role from CANDIDATE to FOLLOWER at term 1 for REJECTED
2022-09-28 09:55:40,129 [ec4a64e7-ce22-4d24-87ce-b09328d2691b@group-BB6EE4D2CA5A-LeaderElection16] INFO  impl.RoleInfo (RoleInfo.java:shutdownLeaderElection(130)) - ec4a64e7-ce22-4d24-87ce-b09328d2691b: shutdown ec4a64e7-ce22-4d24-87ce-b09328d2691b@group-BB6EE4D2CA5A-LeaderElection16
2022-09-28 09:55:40,129 [ec4a64e7-ce22-4d24-87ce-b09328d2691b@group-BB6EE4D2CA5A-LeaderElection16] INFO  impl.RoleInfo (RoleInfo.java:updateAndGet(139)) - ec4a64e7-ce22-4d24-87ce-b09328d2691b: start ec4a64e7-ce22-4d24-87ce-b09328d2691b@group-BB6EE4D2CA5A-FollowerState
2022-09-28 09:55:40,148 [95d95f87-bef6-4afe-b94c-79128d6ebe0d-server-thread1] INFO  ratis.XceiverServerRatis (XceiverServerRatis.java:handleLeaderChangedNotification(863)) - Leader change notification received for group: group-BB6EE4D2CA5A with new leaderId: 2152fb0b-d20f-4f54-8933-ac8d98653da6
2022-09-28 09:55:40,156 [95d95f87-bef6-4afe-b94c-79128d6ebe0d-server-thread1] INFO  server.RaftServer$Division (ServerState.java:setLeader(287)) - 95d95f87-bef6-4afe-b94c-79128d6ebe0d@group-BB6EE4D2CA5A: change Leader from null to 2152fb0b-d20f-4f54-8933-ac8d98653da6 at term 1 for appendEntries, leader elected after 5195ms
2022-09-28 09:55:40,156 [ec4a64e7-ce22-4d24-87ce-b09328d2691b-server-thread1] INFO  ratis.XceiverServerRatis (XceiverServerRatis.java:handleLeaderChangedNotification(863)) - Leader change notification received for group: group-BB6EE4D2CA5A with new leaderId: 2152fb0b-d20f-4f54-8933-ac8d98653da6
2022-09-28 09:55:40,156 [ec4a64e7-ce22-4d24-87ce-b09328d2691b-server-thread1] INFO  server.RaftServer$Division (ServerState.java:setLeader(287)) - ec4a64e7-ce22-4d24-87ce-b09328d2691b@group-BB6EE4D2CA5A: change Leader from null to 2152fb0b-d20f-4f54-8933-ac8d98653da6 at term 1 for appendEntries, leader elected after 5275ms
2022-09-28 09:55:40,166 [95d95f87-bef6-4afe-b94c-79128d6ebe0d-server-thread1] INFO  server.RaftServer$Division (ServerState.java:setRaftConf(393)) - 95d95f87-bef6-4afe-b94c-79128d6ebe0d@group-BB6EE4D2CA5A: set configuration 0: [2152fb0b-d20f-4f54-8933-ac8d98653da6|rpc:10.1.1.21:35785|dataStream:|priority:1, 95d95f87-bef6-4afe-b94c-79128d6ebe0d|rpc:10.1.1.21:33103|dataStream:|priority:0, ec4a64e7-ce22-4d24-87ce-b09328d2691b|rpc:10.1.1.21:44059|dataStream:|priority:0], old=null
2022-09-28 09:55:40,166 [95d95f87-bef6-4afe-b94c-79128d6ebe0d-server-thread1] INFO  segmented.SegmentedRaftLogWorker (SegmentedRaftLogWorker.java:startLogSegment(425)) - 95d95f87-bef6-4afe-b94c-79128d6ebe0d@group-BB6EE4D2CA5A-SegmentedRaftLogWorker: Starting segment from index:0
2022-09-28 09:55:40,167 [95d95f87-bef6-4afe-b94c-79128d6ebe0d@group-BB6EE4D2CA5A-SegmentedRaftLogWorker] INFO  segmented.SegmentedRaftLogWorker (SegmentedRaftLogWorker.java:execute(629)) - 95d95f87-bef6-4afe-b94c-79128d6ebe0d@group-BB6EE4D2CA5A-SegmentedRaftLogWorker: created new log segment /home/runner/work/ozone/ozone/hadoop-ozone/integration-test/target/test-dir/MiniOzoneClusterImpl-cfeb4578-2b30-44dc-9f0d-998ef01d83f0/datanode-2/data/ratis/cd07f3a9-cf6a-4422-85a1-bb6ee4d2ca5a/current/log_inprogress_0
2022-09-28 09:55:40,198 [ec4a64e7-ce22-4d24-87ce-b09328d2691b-server-thread1] INFO  server.RaftServer$Division (ServerState.java:setRaftConf(393)) - ec4a64e7-ce22-4d24-87ce-b09328d2691b@group-BB6EE4D2CA5A: set configuration 0: [2152fb0b-d20f-4f54-8933-ac8d98653da6|rpc:10.1.1.21:35785|dataStream:|priority:1, 95d95f87-bef6-4afe-b94c-79128d6ebe0d|rpc:10.1.1.21:33103|dataStream:|priority:0, ec4a64e7-ce22-4d24-87ce-b09328d2691b|rpc:10.1.1.21:44059|dataStream:|priority:0], old=null
2022-09-28 09:55:40,198 [ec4a64e7-ce22-4d24-87ce-b09328d2691b-server-thread1] INFO  segmented.SegmentedRaftLogWorker (SegmentedRaftLogWorker.java:startLogSegment(425)) - ec4a64e7-ce22-4d24-87ce-b09328d2691b@group-BB6EE4D2CA5A-SegmentedRaftLogWorker: Starting segment from index:0
2022-09-28 09:55:40,212 [ec4a64e7-ce22-4d24-87ce-b09328d2691b@group-BB6EE4D2CA5A-SegmentedRaftLogWorker] INFO  segmented.SegmentedRaftLogWorker (SegmentedRaftLogWorker.java:execute(629)) - ec4a64e7-ce22-4d24-87ce-b09328d2691b@group-BB6EE4D2CA5A-SegmentedRaftLogWorker: created new log segment /home/runner/work/ozone/ozone/hadoop-ozone/integration-test/target/test-dir/MiniOzoneClusterImpl-cfeb4578-2b30-44dc-9f0d-998ef01d83f0/datanode-1/data/ratis/cd07f3a9-cf6a-4422-85a1-bb6ee4d2ca5a/current/log_inprogress_0
2022-09-28 09:55:40,421 [ec4a64e7-ce22-4d24-87ce-b09328d2691b@group-81F8FA04AB67-FollowerState] INFO  impl.FollowerState (FollowerState.java:run(143)) - ec4a64e7-ce22-4d24-87ce-b09328d2691b@group-81F8FA04AB67-FollowerState: change to CANDIDATE, lastRpcElapsedTime:5186366124ns, electionTimeout:5164ms
2022-09-28 09:55:40,421 [ec4a64e7-ce22-4d24-87ce-b09328d2691b@group-81F8FA04AB67-FollowerState] INFO  impl.RoleInfo (RoleInfo.java:shutdownFollowerState(110)) - ec4a64e7-ce22-4d24-87ce-b09328d2691b: shutdown ec4a64e7-ce22-4d24-87ce-b09328d2691b@group-81F8FA04AB67-FollowerState
2022-09-28 09:55:40,421 [ec4a64e7-ce22-4d24-87ce-b09328d2691b@group-81F8FA04AB67-FollowerState] INFO  server.RaftServer$Division (RaftServerImpl.java:setRole(299)) - ec4a64e7-ce22-4d24-87ce-b09328d2691b@group-81F8FA04AB67: changes role from  FOLLOWER to CANDIDATE at term 0 for changeToCandidate
2022-09-28 09:55:40,422 [ec4a64e7-ce22-4d24-87ce-b09328d2691b@group-81F8FA04AB67-FollowerState] INFO  server.RaftServerConfigKeys (ConfUtils.java:logGet(46)) - raft.server.leaderelection.pre-vote = false (custom)
2022-09-28 09:55:40,422 [ec4a64e7-ce22-4d24-87ce-b09328d2691b@group-81F8FA04AB67-FollowerState] INFO  impl.RoleInfo (RoleInfo.java:updateAndGet(139)) - ec4a64e7-ce22-4d24-87ce-b09328d2691b: start ec4a64e7-ce22-4d24-87ce-b09328d2691b@group-81F8FA04AB67-LeaderElection17
2022-09-28 09:55:40,429 [ec4a64e7-ce22-4d24-87ce-b09328d2691b@group-81F8FA04AB67-LeaderElection17] INFO  impl.LeaderElection (LeaderElection.java:askForVotes(310)) - ec4a64e7-ce22-4d24-87ce-b09328d2691b@group-81F8FA04AB67-LeaderElection17 ELECTION round 0: submit vote requests at term 1 for -1: [ec4a64e7-ce22-4d24-87ce-b09328d2691b|rpc:10.1.1.21:44059|priority:1], old=null
2022-09-28 09:55:40,429 [ec4a64e7-ce22-4d24-87ce-b09328d2691b@group-81F8FA04AB67-LeaderElection17] INFO  impl.LeaderElection (LeaderElection.java:askForVotes(312)) - ec4a64e7-ce22-4d24-87ce-b09328d2691b@group-81F8FA04AB67-LeaderElection17 ELECTION round 0: result PASSED (term=1)
2022-09-28 09:55:40,429 [ec4a64e7-ce22-4d24-87ce-b09328d2691b@group-81F8FA04AB67-LeaderElection17] INFO  impl.RoleInfo (RoleInfo.java:shutdownLeaderElection(130)) - ec4a64e7-ce22-4d24-87ce-b09328d2691b: shutdown ec4a64e7-ce22-4d24-87ce-b09328d2691b@group-81F8FA04AB67-LeaderElection17
2022-09-28 09:55:40,429 [ec4a64e7-ce22-4d24-87ce-b09328d2691b@group-81F8FA04AB67-LeaderElection17] INFO  server.RaftServer$Division (RaftServerImpl.java:setRole(299)) - ec4a64e7-ce22-4d24-87ce-b09328d2691b@group-81F8FA04AB67: changes role from CANDIDATE to LEADER at term 1 for changeToLeader
2022-09-28 09:55:40,429 [ec4a64e7-ce22-4d24-87ce-b09328d2691b@group-81F8FA04AB67-LeaderElection17] INFO  ratis.XceiverServerRatis (XceiverServerRatis.java:handleLeaderChangedNotification(863)) - Leader change notification received for group: group-81F8FA04AB67 with new leaderId: ec4a64e7-ce22-4d24-87ce-b09328d2691b
2022-09-28 09:55:40,429 [ec4a64e7-ce22-4d24-87ce-b09328d2691b@group-81F8FA04AB67-LeaderElection17] INFO  server.RaftServer$Division (ServerState.java:setLeader(287)) - ec4a64e7-ce22-4d24-87ce-b09328d2691b@group-81F8FA04AB67: change Leader from null to ec4a64e7-ce22-4d24-87ce-b09328d2691b at term 1 for becomeLeader, leader elected after 5203ms
2022-09-28 09:55:40,429 [ec4a64e7-ce22-4d24-87ce-b09328d2691b@group-81F8FA04AB67-LeaderElection17] INFO  server.RaftServerConfigKeys (ConfUtils.java:logGet(46)) - raft.server.staging.catchup.gap = 1000 (default)
2022-09-28 09:55:40,444 [ec4a64e7-ce22-4d24-87ce-b09328d2691b@group-81F8FA04AB67-LeaderElection17] INFO  server.RaftServerConfigKeys (ConfUtils.java:logGet(46)) - raft.server.write.element-limit = 1024 (custom)
2022-09-28 09:55:40,445 [ec4a64e7-ce22-4d24-87ce-b09328d2691b@group-81F8FA04AB67-LeaderElection17] INFO  server.RaftServerConfigKeys (ConfUtils.java:logGet(46)) - raft.server.write.byte-limit = 1024 M (=1073741824) (custom)
2022-09-28 09:55:40,445 [ec4a64e7-ce22-4d24-87ce-b09328d2691b@group-81F8FA04AB67-LeaderElection17] INFO  server.RaftServerConfigKeys (ConfUtils.java:logGet(46)) - raft.server.watch.timeout = 180s (custom)
2022-09-28 09:55:40,445 [ec4a64e7-ce22-4d24-87ce-b09328d2691b@group-81F8FA04AB67-LeaderElection17] INFO  server.RaftServerConfigKeys (ConfUtils.java:logGet(46)) - raft.server.watch.timeout.denomination = 1s (default)
2022-09-28 09:55:40,445 [ec4a64e7-ce22-4d24-87ce-b09328d2691b@group-81F8FA04AB67-LeaderElection17] INFO  server.RaftServerConfigKeys (ConfUtils.java:logGet(46)) - raft.server.watch.element-limit = 65536 (default)
2022-09-28 09:55:40,445 [ec4a64e7-ce22-4d24-87ce-b09328d2691b@group-81F8FA04AB67-LeaderElection17] INFO  server.RaftServerConfigKeys (ConfUtils.java:logGet(46)) - raft.server.write.element-limit = 1024 (custom)
2022-09-28 09:55:40,445 [ec4a64e7-ce22-4d24-87ce-b09328d2691b@group-81F8FA04AB67-LeaderElection17] INFO  server.RaftServerConfigKeys (ConfUtils.java:logGet(46)) - raft.server.write.follower.gap.ratio.max = -1.0 (default)
2022-09-28 09:55:40,445 [ec4a64e7-ce22-4d24-87ce-b09328d2691b@group-81F8FA04AB67-LeaderElection17] INFO  impl.RoleInfo (RoleInfo.java:updateAndGet(139)) - ec4a64e7-ce22-4d24-87ce-b09328d2691b: start ec4a64e7-ce22-4d24-87ce-b09328d2691b@group-81F8FA04AB67-LeaderStateImpl
2022-09-28 09:55:40,445 [ec4a64e7-ce22-4d24-87ce-b09328d2691b@group-81F8FA04AB67-LeaderElection17] INFO  segmented.SegmentedRaftLogWorker (SegmentedRaftLogWorker.java:startLogSegment(425)) - ec4a64e7-ce22-4d24-87ce-b09328d2691b@group-81F8FA04AB67-SegmentedRaftLogWorker: Starting segment from index:0
2022-09-28 09:55:40,449 [ec4a64e7-ce22-4d24-87ce-b09328d2691b@group-81F8FA04AB67-SegmentedRaftLogWorker] INFO  segmented.SegmentedRaftLogWorker (SegmentedRaftLogWorker.java:execute(629)) - ec4a64e7-ce22-4d24-87ce-b09328d2691b@group-81F8FA04AB67-SegmentedRaftLogWorker: created new log segment /home/runner/work/ozone/ozone/hadoop-ozone/integration-test/target/test-dir/MiniOzoneClusterImpl-cfeb4578-2b30-44dc-9f0d-998ef01d83f0/datanode-1/data/ratis/0035c69a-4dbe-4624-be89-81f8fa04ab67/current/log_inprogress_0
2022-09-28 09:55:40,460 [ec4a64e7-ce22-4d24-87ce-b09328d2691b@group-81F8FA04AB67-LeaderElection17] INFO  server.RaftServer$Division (ServerState.java:setRaftConf(393)) - ec4a64e7-ce22-4d24-87ce-b09328d2691b@group-81F8FA04AB67: set configuration 0: [ec4a64e7-ce22-4d24-87ce-b09328d2691b|rpc:10.1.1.21:44059|dataStream:|priority:1], old=null
2022-09-28 09:55:40,471 [Listener at 127.0.0.1/43879] INFO  ozone.MiniOzoneClusterImpl (MiniOzoneClusterImpl.java:lambda$waitForClusterToBeReady$0(216)) - Nodes are ready. Got 5 of 5 DN Heartbeats.
2022-09-28 09:55:40,471 [Listener at 127.0.0.1/43879] INFO  ozone.MiniOzoneClusterImpl (MiniOzoneClusterImpl.java:lambda$waitForClusterToBeReady$0(219)) - Cluster exits safe mode
2022-09-28 09:55:40,471 [Listener at 127.0.0.1/43879] INFO  ozone.MiniOzoneClusterImpl (MiniOzoneClusterImpl.java:lambda$waitForClusterToBeReady$0(221)) - SCM became leader
2022-09-28 09:55:40,548 [Listener at 127.0.0.1/43879] INFO  rpc.RpcClient (RpcClient.java:createVolume(471)) - Creating Volume: volume99279, with user65539 as owner and space quota set to -1 bytes, counts quota set to -1
2022-09-28 09:55:40,550 [IPC Server handler 1 on default port 43879] INFO  volume.OMVolumeCreateRequest (OMVolumeCreateRequest.java:validateAndUpdateCache(195)) - created volume:volume99279 for user:user65539
2022-09-28 09:55:40,572 [Listener at 127.0.0.1/43879] INFO  rpc.RpcClient (RpcClient.java:createBucket(674)) - Creating Bucket: volume99279/bucket29095, with bucket layout LEGACY, runner as owner, Versioning false, Storage Type set to DISK and Encryption set to false 
2022-09-28 09:55:40,573 [IPC Server handler 5 on default port 43879] INFO  bucket.OMBucketCreateRequest (OMBucketCreateRequest.java:validateAndUpdateCache(260)) - created bucket: bucket29095 of layout LEGACY in volume: volume99279
]]></system-out>
  </testcase>
  <testcase name="testGetTrashRoot" classname="TestOzoneFileSystem" time="49.94">
    <system-out><![CDATA[2022-09-28 09:56:11,330 [Listener at 127.0.0.1/43879] INFO  ozone.MiniOzoneClusterImpl (MiniOzoneClusterImpl.java:shutdown(448)) - Shutting down the Mini Ozone Cluster
2022-09-28 09:56:11,333 [Listener at 127.0.0.1/43879] INFO  ozone.MiniOzoneClusterImpl (MiniOzoneClusterImpl.java:stop(463)) - Stopping the Mini Ozone Cluster
2022-09-28 09:56:11,333 [Listener at 127.0.0.1/43879] INFO  ozone.MiniOzoneClusterImpl (MiniOzoneClusterImpl.java:stopOM(545)) - Stopping the OzoneManager
2022-09-28 09:56:11,333 [Listener at 127.0.0.1/43879] INFO  om.OzoneManager (OzoneManager.java:stop(2035)) - om1[localhost:0]: Stopping Ozone Manager
2022-09-28 09:56:11,333 [Listener at 127.0.0.1/43879] INFO  ipc.Server (Server.java:stop(3414)) - Stopping server on 43879
2022-09-28 09:56:11,342 [IPC Server listener on 0] INFO  ipc.Server (Server.java:run(1376)) - Stopping IPC Server listener on 0
2022-09-28 09:56:11,353 [Listener at 127.0.0.1/43879] INFO  ratis.OzoneManagerDoubleBuffer (OzoneManagerDoubleBuffer.java:stop(466)) - Stopping OMDoubleBuffer flush thread
2022-09-28 09:56:11,353 [OMDoubleBufferFlushThread] INFO  ratis.OzoneManagerDoubleBuffer (OzoneManagerDoubleBuffer.java:flushTransactions(385)) - OMDoubleBuffer flush thread OMDoubleBufferFlushThread is interrupted and will exit.
2022-09-28 09:56:11,353 [IPC Server Responder] INFO  ipc.Server (Server.java:run(1512)) - Stopping IPC Server Responder
2022-09-28 09:56:11,354 [Listener at 127.0.0.1/43879] INFO  utils.BackgroundService (BackgroundService.java:shutdown(141)) - Shutting down service KeyDeletingService
2022-09-28 09:56:11,354 [Listener at 127.0.0.1/43879] INFO  utils.BackgroundService (BackgroundService.java:shutdown(141)) - Shutting down service DirectoryDeletingService
2022-09-28 09:56:11,354 [Listener at 127.0.0.1/43879] INFO  utils.BackgroundService (BackgroundService.java:shutdown(141)) - Shutting down service OpenKeyCleanupService
2022-09-28 09:56:11,355 [Listener at 127.0.0.1/43879] INFO  handler.ContextHandler (ContextHandler.java:doStop(1153)) - Stopped o.e.j.w.WebAppContext@7c95d101{ozoneManager,/,null,STOPPED}{file:/home/runner/work/ozone/ozone/hadoop-ozone/integration-test/target/test-classes/webapps/ozoneManager}
2022-09-28 09:56:11,355 [Listener at 127.0.0.1/43879] INFO  server.AbstractConnector (AbstractConnector.java:doStop(381)) - Stopped ServerConnector@62f4f79e{HTTP/1.1, (http/1.1)}{0.0.0.0:0}
2022-09-28 09:56:11,355 [Listener at 127.0.0.1/43879] INFO  server.session (HouseKeeper.java:stopScavenging(149)) - node0 Stopped scavenging
2022-09-28 09:56:11,355 [Listener at 127.0.0.1/43879] INFO  handler.ContextHandler (ContextHandler.java:doStop(1153)) - Stopped o.e.j.s.ServletContextHandler@320f451{static,/static,file:///home/runner/work/ozone/ozone/hadoop-ozone/integration-test/target/test-classes/webapps/static,STOPPED}
2022-09-28 09:56:11,355 [Listener at 127.0.0.1/43879] INFO  handler.ContextHandler (ContextHandler.java:doStop(1153)) - Stopped o.e.j.s.ServletContextHandler@27887cfe{logs,/logs,file:///home/runner/work/ozone/ozone/hadoop-ozone/integration-test/target/log,STOPPED}
2022-09-28 09:56:11,356 [Trash Emptier] ERROR om.TrashPolicyOzone (TrashPolicyOzone.java:run(251)) - Error attempting to shutdown
java.lang.InterruptedException
	at java.util.concurrent.locks.AbstractQueuedSynchronizer$ConditionObject.awaitNanos(AbstractQueuedSynchronizer.java:2072)
	at java.util.concurrent.ThreadPoolExecutor.awaitTermination(ThreadPoolExecutor.java:1475)
	at org.apache.hadoop.ozone.om.TrashPolicyOzone$Emptier.run(TrashPolicyOzone.java:249)
	at java.lang.Thread.run(Thread.java:750)
2022-09-28 09:56:11,356 [Trash Emptier] ERROR util.ExitUtils (ExitUtils.java:terminate(133)) - Terminating with exit status -1: Thread[Trash Emptier,5,main] has thrown an uncaught exception
java.lang.UnsupportedOperationException: fs.getUri() not implemented in TrashOzoneFileSystem
	at org.apache.hadoop.ozone.om.TrashOzoneFileSystem.getUri(TrashOzoneFileSystem.java:126)
	at org.apache.hadoop.fs.FileSystem.close(FileSystem.java:2592)
	at org.apache.hadoop.ozone.om.TrashPolicyOzone$Emptier.run(TrashPolicyOzone.java:243)
	at java.lang.Thread.run(Thread.java:750)
2022-09-28 09:56:11,358 [Listener at 127.0.0.1/43879] INFO  ozone.MiniOzoneClusterImpl (MiniOzoneClusterImpl.java:stopDatanodes(522)) - Stopping the HddsDatanodes
2022-09-28 09:56:16,369 [Listener at 127.0.0.1/43879] INFO  ozoneimpl.OzoneContainer (OzoneContainer.java:stop(400)) - Attempting to stop container services.
2022-09-28 09:56:16,374 [ForkJoinPool.commonPool-worker-0] INFO  ozoneimpl.OzoneContainer (OzoneContainer.java:stop(400)) - Attempting to stop container services.
2022-09-28 09:56:16,374 [Listener at 127.0.0.1/43879] INFO  server.RaftServer (RaftServerProxy.java:lambda$close$7(398)) - 95d95f87-bef6-4afe-b94c-79128d6ebe0d: close
2022-09-28 09:56:16,374 [Listener at 127.0.0.1/43879] INFO  server.RaftServer$Division (RaftServerImpl.java:lambda$close$4(434)) - 95d95f87-bef6-4afe-b94c-79128d6ebe0d@group-2515E02124B6: shutdown
2022-09-28 09:56:16,374 [Listener at 127.0.0.1/43879] INFO  util.JmxRegister (JmxRegister.java:unregister(73)) - Successfully un-registered JMX Bean with object name Ratis:service=RaftServer,group=group-2515E02124B6,id=95d95f87-bef6-4afe-b94c-79128d6ebe0d
2022-09-28 09:56:16,374 [Listener at 127.0.0.1/43879] INFO  impl.RoleInfo (RoleInfo.java:shutdownLeaderState(93)) - 95d95f87-bef6-4afe-b94c-79128d6ebe0d: shutdown 95d95f87-bef6-4afe-b94c-79128d6ebe0d@group-2515E02124B6-LeaderStateImpl
2022-09-28 09:56:16,374 [Listener at 127.0.0.1/43879] INFO  impl.PendingRequests (PendingRequests.java:sendNotLeaderResponses(282)) - 95d95f87-bef6-4afe-b94c-79128d6ebe0d@group-2515E02124B6-PendingRequests: sendNotLeaderResponses
2022-09-28 09:56:16,375 [Listener at 127.0.0.1/43879] INFO  impl.StateMachineUpdater (StateMachineUpdater.java:stopAndJoin(153)) - 95d95f87-bef6-4afe-b94c-79128d6ebe0d@group-2515E02124B6-StateMachineUpdater: set stopIndex = 0
2022-09-28 09:56:16,376 [95d95f87-bef6-4afe-b94c-79128d6ebe0d@group-2515E02124B6-StateMachineUpdater] INFO  ratis.ContainerStateMachine (ContainerStateMachine.java:takeSnapshot(304)) - group-2515E02124B6: Taking a snapshot at:(t:1, i:0) file /home/runner/work/ozone/ozone/hadoop-ozone/integration-test/target/test-dir/MiniOzoneClusterImpl-cfeb4578-2b30-44dc-9f0d-998ef01d83f0/datanode-2/data/ratis/a17d1885-d1c3-4889-b150-2515e02124b6/sm/snapshot.1_0
2022-09-28 09:56:16,376 [ForkJoinPool.commonPool-worker-0] INFO  server.RaftServer (RaftServerProxy.java:lambda$close$7(398)) - ec4a64e7-ce22-4d24-87ce-b09328d2691b: close
2022-09-28 09:56:16,376 [ForkJoinPool.commonPool-worker-0] INFO  server.RaftServer$Division (RaftServerImpl.java:lambda$close$4(434)) - ec4a64e7-ce22-4d24-87ce-b09328d2691b@group-BB6EE4D2CA5A: shutdown
2022-09-28 09:56:16,376 [ForkJoinPool.commonPool-worker-0] INFO  util.JmxRegister (JmxRegister.java:unregister(73)) - Successfully un-registered JMX Bean with object name Ratis:service=RaftServer,group=group-BB6EE4D2CA5A,id=ec4a64e7-ce22-4d24-87ce-b09328d2691b
2022-09-28 09:56:16,376 [ForkJoinPool.commonPool-worker-0] INFO  impl.RoleInfo (RoleInfo.java:shutdownFollowerState(110)) - ec4a64e7-ce22-4d24-87ce-b09328d2691b: shutdown ec4a64e7-ce22-4d24-87ce-b09328d2691b@group-BB6EE4D2CA5A-FollowerState
2022-09-28 09:56:16,376 [ForkJoinPool.commonPool-worker-0] INFO  impl.StateMachineUpdater (StateMachineUpdater.java:stopAndJoin(153)) - ec4a64e7-ce22-4d24-87ce-b09328d2691b@group-BB6EE4D2CA5A-StateMachineUpdater: set stopIndex = 8
2022-09-28 09:56:16,377 [ec4a64e7-ce22-4d24-87ce-b09328d2691b@group-BB6EE4D2CA5A-StateMachineUpdater] INFO  ratis.ContainerStateMachine (ContainerStateMachine.java:takeSnapshot(304)) - group-BB6EE4D2CA5A: Taking a snapshot at:(t:1, i:8) file /home/runner/work/ozone/ozone/hadoop-ozone/integration-test/target/test-dir/MiniOzoneClusterImpl-cfeb4578-2b30-44dc-9f0d-998ef01d83f0/datanode-1/data/ratis/cd07f3a9-cf6a-4422-85a1-bb6ee4d2ca5a/sm/snapshot.1_8
2022-09-28 09:56:16,378 [ec4a64e7-ce22-4d24-87ce-b09328d2691b@group-BB6EE4D2CA5A-FollowerState] INFO  impl.FollowerState (FollowerState.java:run(152)) - ec4a64e7-ce22-4d24-87ce-b09328d2691b@group-BB6EE4D2CA5A-FollowerState was interrupted
2022-09-28 09:56:16,378 [95d95f87-bef6-4afe-b94c-79128d6ebe0d@group-2515E02124B6-StateMachineUpdater] INFO  ratis.ContainerStateMachine (ContainerStateMachine.java:takeSnapshot(315)) - group-2515E02124B6: Finished taking a snapshot at:(t:1, i:0) file:/home/runner/work/ozone/ozone/hadoop-ozone/integration-test/target/test-dir/MiniOzoneClusterImpl-cfeb4578-2b30-44dc-9f0d-998ef01d83f0/datanode-2/data/ratis/a17d1885-d1c3-4889-b150-2515e02124b6/sm/snapshot.1_0 took: 2 ms
2022-09-28 09:56:16,378 [95d95f87-bef6-4afe-b94c-79128d6ebe0d@group-2515E02124B6-StateMachineUpdater] INFO  impl.StateMachineUpdater (StateMachineUpdater.java:takeSnapshot(287)) - 95d95f87-bef6-4afe-b94c-79128d6ebe0d@group-2515E02124B6-StateMachineUpdater: Took a snapshot at index 0
2022-09-28 09:56:16,378 [95d95f87-bef6-4afe-b94c-79128d6ebe0d@group-2515E02124B6-StateMachineUpdater] INFO  impl.StateMachineUpdater (StateMachineUpdater.java:lambda$new$0(92)) - 95d95f87-bef6-4afe-b94c-79128d6ebe0d@group-2515E02124B6-StateMachineUpdater: snapshotIndex: updateIncreasingly -1 -> 0
2022-09-28 09:56:16,378 [Listener at 127.0.0.1/43879] INFO  server.RaftServer$Division (ServerState.java:close(429)) - 95d95f87-bef6-4afe-b94c-79128d6ebe0d@group-2515E02124B6: closes. applyIndex: 0
2022-09-28 09:56:16,379 [ec4a64e7-ce22-4d24-87ce-b09328d2691b@group-BB6EE4D2CA5A-StateMachineUpdater] INFO  ratis.ContainerStateMachine (ContainerStateMachine.java:takeSnapshot(315)) - group-BB6EE4D2CA5A: Finished taking a snapshot at:(t:1, i:8) file:/home/runner/work/ozone/ozone/hadoop-ozone/integration-test/target/test-dir/MiniOzoneClusterImpl-cfeb4578-2b30-44dc-9f0d-998ef01d83f0/datanode-1/data/ratis/cd07f3a9-cf6a-4422-85a1-bb6ee4d2ca5a/sm/snapshot.1_8 took: 3 ms
2022-09-28 09:56:16,380 [ec4a64e7-ce22-4d24-87ce-b09328d2691b@group-BB6EE4D2CA5A-StateMachineUpdater] INFO  impl.StateMachineUpdater (StateMachineUpdater.java:takeSnapshot(287)) - ec4a64e7-ce22-4d24-87ce-b09328d2691b@group-BB6EE4D2CA5A-StateMachineUpdater: Took a snapshot at index 8
2022-09-28 09:56:16,380 [ec4a64e7-ce22-4d24-87ce-b09328d2691b@group-BB6EE4D2CA5A-StateMachineUpdater] INFO  impl.StateMachineUpdater (StateMachineUpdater.java:lambda$new$0(92)) - ec4a64e7-ce22-4d24-87ce-b09328d2691b@group-BB6EE4D2CA5A-StateMachineUpdater: snapshotIndex: updateIncreasingly -1 -> 8
2022-09-28 09:56:16,380 [ForkJoinPool.commonPool-worker-0] INFO  server.RaftServer$Division (ServerState.java:close(429)) - ec4a64e7-ce22-4d24-87ce-b09328d2691b@group-BB6EE4D2CA5A: closes. applyIndex: 8
2022-09-28 09:56:16,380 [95d95f87-bef6-4afe-b94c-79128d6ebe0d@group-2515E02124B6-SegmentedRaftLogWorker] INFO  segmented.SegmentedRaftLogWorker (SegmentedRaftLogWorker.java:run(336)) - 95d95f87-bef6-4afe-b94c-79128d6ebe0d@group-2515E02124B6-SegmentedRaftLogWorker was interrupted, exiting. There are 0 tasks remaining in the queue.
2022-09-28 09:56:16,381 [Listener at 127.0.0.1/43879] INFO  segmented.SegmentedRaftLogWorker (SegmentedRaftLogWorker.java:close(246)) - 95d95f87-bef6-4afe-b94c-79128d6ebe0d@group-2515E02124B6-SegmentedRaftLogWorker close()
2022-09-28 09:56:16,382 [Listener at 127.0.0.1/43879] INFO  server.RaftServer$Division (RaftServerImpl.java:lambda$close$4(434)) - 95d95f87-bef6-4afe-b94c-79128d6ebe0d@group-BB6EE4D2CA5A: shutdown
2022-09-28 09:56:16,383 [Listener at 127.0.0.1/43879] INFO  util.JmxRegister (JmxRegister.java:unregister(73)) - Successfully un-registered JMX Bean with object name Ratis:service=RaftServer,group=group-BB6EE4D2CA5A,id=95d95f87-bef6-4afe-b94c-79128d6ebe0d
2022-09-28 09:56:16,383 [Listener at 127.0.0.1/43879] INFO  impl.RoleInfo (RoleInfo.java:shutdownFollowerState(110)) - 95d95f87-bef6-4afe-b94c-79128d6ebe0d: shutdown 95d95f87-bef6-4afe-b94c-79128d6ebe0d@group-BB6EE4D2CA5A-FollowerState
2022-09-28 09:56:16,383 [Listener at 127.0.0.1/43879] INFO  impl.StateMachineUpdater (StateMachineUpdater.java:stopAndJoin(153)) - 95d95f87-bef6-4afe-b94c-79128d6ebe0d@group-BB6EE4D2CA5A-StateMachineUpdater: set stopIndex = 8
2022-09-28 09:56:16,383 [95d95f87-bef6-4afe-b94c-79128d6ebe0d@group-BB6EE4D2CA5A-FollowerState] INFO  impl.FollowerState (FollowerState.java:run(152)) - 95d95f87-bef6-4afe-b94c-79128d6ebe0d@group-BB6EE4D2CA5A-FollowerState was interrupted
2022-09-28 09:56:16,383 [95d95f87-bef6-4afe-b94c-79128d6ebe0d@group-BB6EE4D2CA5A-StateMachineUpdater] INFO  ratis.ContainerStateMachine (ContainerStateMachine.java:takeSnapshot(304)) - group-BB6EE4D2CA5A: Taking a snapshot at:(t:1, i:8) file /home/runner/work/ozone/ozone/hadoop-ozone/integration-test/target/test-dir/MiniOzoneClusterImpl-cfeb4578-2b30-44dc-9f0d-998ef01d83f0/datanode-2/data/ratis/cd07f3a9-cf6a-4422-85a1-bb6ee4d2ca5a/sm/snapshot.1_8
2022-09-28 09:56:16,384 [ec4a64e7-ce22-4d24-87ce-b09328d2691b@group-BB6EE4D2CA5A-SegmentedRaftLogWorker] INFO  segmented.SegmentedRaftLogWorker (SegmentedRaftLogWorker.java:run(336)) - ec4a64e7-ce22-4d24-87ce-b09328d2691b@group-BB6EE4D2CA5A-SegmentedRaftLogWorker was interrupted, exiting. There are 0 tasks remaining in the queue.
2022-09-28 09:56:16,388 [95d95f87-bef6-4afe-b94c-79128d6ebe0d@group-BB6EE4D2CA5A-StateMachineUpdater] INFO  ratis.ContainerStateMachine (ContainerStateMachine.java:takeSnapshot(315)) - group-BB6EE4D2CA5A: Finished taking a snapshot at:(t:1, i:8) file:/home/runner/work/ozone/ozone/hadoop-ozone/integration-test/target/test-dir/MiniOzoneClusterImpl-cfeb4578-2b30-44dc-9f0d-998ef01d83f0/datanode-2/data/ratis/cd07f3a9-cf6a-4422-85a1-bb6ee4d2ca5a/sm/snapshot.1_8 took: 5 ms
2022-09-28 09:56:16,389 [ForkJoinPool.commonPool-worker-0] INFO  segmented.SegmentedRaftLogWorker (SegmentedRaftLogWorker.java:close(246)) - ec4a64e7-ce22-4d24-87ce-b09328d2691b@group-BB6EE4D2CA5A-SegmentedRaftLogWorker close()
2022-09-28 09:56:16,389 [95d95f87-bef6-4afe-b94c-79128d6ebe0d@group-BB6EE4D2CA5A-StateMachineUpdater] INFO  impl.StateMachineUpdater (StateMachineUpdater.java:takeSnapshot(287)) - 95d95f87-bef6-4afe-b94c-79128d6ebe0d@group-BB6EE4D2CA5A-StateMachineUpdater: Took a snapshot at index 8
2022-09-28 09:56:16,389 [95d95f87-bef6-4afe-b94c-79128d6ebe0d@group-BB6EE4D2CA5A-StateMachineUpdater] INFO  impl.StateMachineUpdater (StateMachineUpdater.java:lambda$new$0(92)) - 95d95f87-bef6-4afe-b94c-79128d6ebe0d@group-BB6EE4D2CA5A-StateMachineUpdater: snapshotIndex: updateIncreasingly -1 -> 8
2022-09-28 09:56:16,389 [Listener at 127.0.0.1/43879] INFO  server.RaftServer$Division (ServerState.java:close(429)) - 95d95f87-bef6-4afe-b94c-79128d6ebe0d@group-BB6EE4D2CA5A: closes. applyIndex: 8
2022-09-28 09:56:16,390 [95d95f87-bef6-4afe-b94c-79128d6ebe0d@group-BB6EE4D2CA5A-SegmentedRaftLogWorker] INFO  segmented.SegmentedRaftLogWorker (SegmentedRaftLogWorker.java:run(336)) - 95d95f87-bef6-4afe-b94c-79128d6ebe0d@group-BB6EE4D2CA5A-SegmentedRaftLogWorker was interrupted, exiting. There are 0 tasks remaining in the queue.
2022-09-28 09:56:16,405 [ForkJoinPool.commonPool-worker-0] INFO  server.RaftServer$Division (RaftServerImpl.java:lambda$close$4(434)) - ec4a64e7-ce22-4d24-87ce-b09328d2691b@group-8D5415D4B3C7: shutdown
2022-09-28 09:56:16,405 [ForkJoinPool.commonPool-worker-0] INFO  util.JmxRegister (JmxRegister.java:unregister(73)) - Successfully un-registered JMX Bean with object name Ratis:service=RaftServer,group=group-8D5415D4B3C7,id=ec4a64e7-ce22-4d24-87ce-b09328d2691b
2022-09-28 09:56:16,405 [ForkJoinPool.commonPool-worker-0] INFO  impl.RoleInfo (RoleInfo.java:shutdownFollowerState(110)) - ec4a64e7-ce22-4d24-87ce-b09328d2691b: shutdown ec4a64e7-ce22-4d24-87ce-b09328d2691b@group-8D5415D4B3C7-FollowerState
2022-09-28 09:56:16,405 [ForkJoinPool.commonPool-worker-0] INFO  impl.StateMachineUpdater (StateMachineUpdater.java:stopAndJoin(153)) - ec4a64e7-ce22-4d24-87ce-b09328d2691b@group-8D5415D4B3C7-StateMachineUpdater: set stopIndex = 21
2022-09-28 09:56:16,405 [ec4a64e7-ce22-4d24-87ce-b09328d2691b@group-8D5415D4B3C7-FollowerState] INFO  impl.FollowerState (FollowerState.java:run(152)) - ec4a64e7-ce22-4d24-87ce-b09328d2691b@group-8D5415D4B3C7-FollowerState was interrupted
2022-09-28 09:56:16,405 [ec4a64e7-ce22-4d24-87ce-b09328d2691b@group-8D5415D4B3C7-StateMachineUpdater] INFO  ratis.ContainerStateMachine (ContainerStateMachine.java:takeSnapshot(304)) - group-8D5415D4B3C7: Taking a snapshot at:(t:1, i:21) file /home/runner/work/ozone/ozone/hadoop-ozone/integration-test/target/test-dir/MiniOzoneClusterImpl-cfeb4578-2b30-44dc-9f0d-998ef01d83f0/datanode-1/data/ratis/c91f1afb-8d7e-434b-9c62-8d5415d4b3c7/sm/snapshot.1_21
2022-09-28 09:56:16,406 [ec4a64e7-ce22-4d24-87ce-b09328d2691b@group-8D5415D4B3C7-StateMachineUpdater] INFO  ratis.ContainerStateMachine (ContainerStateMachine.java:takeSnapshot(315)) - group-8D5415D4B3C7: Finished taking a snapshot at:(t:1, i:21) file:/home/runner/work/ozone/ozone/hadoop-ozone/integration-test/target/test-dir/MiniOzoneClusterImpl-cfeb4578-2b30-44dc-9f0d-998ef01d83f0/datanode-1/data/ratis/c91f1afb-8d7e-434b-9c62-8d5415d4b3c7/sm/snapshot.1_21 took: 1 ms
2022-09-28 09:56:16,406 [ec4a64e7-ce22-4d24-87ce-b09328d2691b@group-8D5415D4B3C7-StateMachineUpdater] INFO  impl.StateMachineUpdater (StateMachineUpdater.java:takeSnapshot(287)) - ec4a64e7-ce22-4d24-87ce-b09328d2691b@group-8D5415D4B3C7-StateMachineUpdater: Took a snapshot at index 21
2022-09-28 09:56:16,406 [ec4a64e7-ce22-4d24-87ce-b09328d2691b@group-8D5415D4B3C7-StateMachineUpdater] INFO  impl.StateMachineUpdater (StateMachineUpdater.java:lambda$new$0(92)) - ec4a64e7-ce22-4d24-87ce-b09328d2691b@group-8D5415D4B3C7-StateMachineUpdater: snapshotIndex: updateIncreasingly -1 -> 21
2022-09-28 09:56:16,407 [ForkJoinPool.commonPool-worker-0] INFO  server.RaftServer$Division (ServerState.java:close(429)) - ec4a64e7-ce22-4d24-87ce-b09328d2691b@group-8D5415D4B3C7: closes. applyIndex: 21
2022-09-28 09:56:16,407 [ec4a64e7-ce22-4d24-87ce-b09328d2691b@group-8D5415D4B3C7-SegmentedRaftLogWorker] INFO  segmented.SegmentedRaftLogWorker (SegmentedRaftLogWorker.java:run(336)) - ec4a64e7-ce22-4d24-87ce-b09328d2691b@group-8D5415D4B3C7-SegmentedRaftLogWorker was interrupted, exiting. There are 0 tasks remaining in the queue.
2022-09-28 09:56:16,417 [Listener at 127.0.0.1/43879] INFO  segmented.SegmentedRaftLogWorker (SegmentedRaftLogWorker.java:close(246)) - 95d95f87-bef6-4afe-b94c-79128d6ebe0d@group-BB6EE4D2CA5A-SegmentedRaftLogWorker close()
2022-09-28 09:56:16,417 [ForkJoinPool.commonPool-worker-0] INFO  segmented.SegmentedRaftLogWorker (SegmentedRaftLogWorker.java:close(246)) - ec4a64e7-ce22-4d24-87ce-b09328d2691b@group-8D5415D4B3C7-SegmentedRaftLogWorker close()
2022-09-28 09:56:16,420 [Listener at 127.0.0.1/43879] INFO  server.RaftServer$Division (RaftServerImpl.java:lambda$close$4(434)) - 95d95f87-bef6-4afe-b94c-79128d6ebe0d@group-8D5415D4B3C7: shutdown
2022-09-28 09:56:16,421 [Listener at 127.0.0.1/43879] INFO  util.JmxRegister (JmxRegister.java:unregister(73)) - Successfully un-registered JMX Bean with object name Ratis:service=RaftServer,group=group-8D5415D4B3C7,id=95d95f87-bef6-4afe-b94c-79128d6ebe0d
2022-09-28 09:56:16,421 [Listener at 127.0.0.1/43879] INFO  impl.RoleInfo (RoleInfo.java:shutdownLeaderState(93)) - 95d95f87-bef6-4afe-b94c-79128d6ebe0d: shutdown 95d95f87-bef6-4afe-b94c-79128d6ebe0d@group-8D5415D4B3C7-LeaderStateImpl
2022-09-28 09:56:16,421 [Listener at 127.0.0.1/43879] INFO  impl.PendingRequests (PendingRequests.java:sendNotLeaderResponses(282)) - 95d95f87-bef6-4afe-b94c-79128d6ebe0d@group-8D5415D4B3C7-PendingRequests: sendNotLeaderResponses
2022-09-28 09:56:16,421 [ForkJoinPool.commonPool-worker-0] INFO  server.RaftServer$Division (RaftServerImpl.java:lambda$close$4(434)) - ec4a64e7-ce22-4d24-87ce-b09328d2691b@group-81F8FA04AB67: shutdown
2022-09-28 09:56:16,421 [ForkJoinPool.commonPool-worker-0] INFO  util.JmxRegister (JmxRegister.java:unregister(73)) - Successfully un-registered JMX Bean with object name Ratis:service=RaftServer,group=group-81F8FA04AB67,id=ec4a64e7-ce22-4d24-87ce-b09328d2691b
2022-09-28 09:56:16,421 [ForkJoinPool.commonPool-worker-0] INFO  impl.RoleInfo (RoleInfo.java:shutdownLeaderState(93)) - ec4a64e7-ce22-4d24-87ce-b09328d2691b: shutdown ec4a64e7-ce22-4d24-87ce-b09328d2691b@group-81F8FA04AB67-LeaderStateImpl
2022-09-28 09:56:16,421 [ForkJoinPool.commonPool-worker-0] INFO  impl.PendingRequests (PendingRequests.java:sendNotLeaderResponses(282)) - ec4a64e7-ce22-4d24-87ce-b09328d2691b@group-81F8FA04AB67-PendingRequests: sendNotLeaderResponses
2022-09-28 09:56:16,423 [ForkJoinPool.commonPool-worker-0] INFO  impl.StateMachineUpdater (StateMachineUpdater.java:stopAndJoin(153)) - ec4a64e7-ce22-4d24-87ce-b09328d2691b@group-81F8FA04AB67-StateMachineUpdater: set stopIndex = 0
2022-09-28 09:56:16,423 [ec4a64e7-ce22-4d24-87ce-b09328d2691b@group-81F8FA04AB67-StateMachineUpdater] INFO  ratis.ContainerStateMachine (ContainerStateMachine.java:takeSnapshot(304)) - group-81F8FA04AB67: Taking a snapshot at:(t:1, i:0) file /home/runner/work/ozone/ozone/hadoop-ozone/integration-test/target/test-dir/MiniOzoneClusterImpl-cfeb4578-2b30-44dc-9f0d-998ef01d83f0/datanode-1/data/ratis/0035c69a-4dbe-4624-be89-81f8fa04ab67/sm/snapshot.1_0
2022-09-28 09:56:16,423 [95d95f87-bef6-4afe-b94c-79128d6ebe0d@group-8D5415D4B3C7->2152fb0b-d20f-4f54-8933-ac8d98653da6-GrpcLogAppender-LogAppenderDaemon] WARN  server.GrpcLogAppender (GrpcLogAppender.java:mayWait(171)) - 95d95f87-bef6-4afe-b94c-79128d6ebe0d@group-8D5415D4B3C7->2152fb0b-d20f-4f54-8933-ac8d98653da6-GrpcLogAppender: Wait interrupted by java.lang.InterruptedException
2022-09-28 09:56:16,424 [grpc-default-executor-2] INFO  server.GrpcServerProtocolService (GrpcServerProtocolService.java:onCompleted(140)) - 2152fb0b-d20f-4f54-8933-ac8d98653da6: Completed APPEND_ENTRIES, lastRequest: 95d95f87-bef6-4afe-b94c-79128d6ebe0d->2152fb0b-d20f-4f54-8933-ac8d98653da6#132-t1,previous=(t:1, i:20),leaderCommit=20,initializing? true,entries: size=1, first=(t:1, i:21), METADATAENTRY(c:20)
2022-09-28 09:56:16,423 [95d95f87-bef6-4afe-b94c-79128d6ebe0d@group-8D5415D4B3C7->ec4a64e7-ce22-4d24-87ce-b09328d2691b-GrpcLogAppender-LogAppenderDaemon] WARN  server.GrpcLogAppender (GrpcLogAppender.java:mayWait(171)) - 95d95f87-bef6-4afe-b94c-79128d6ebe0d@group-8D5415D4B3C7->ec4a64e7-ce22-4d24-87ce-b09328d2691b-GrpcLogAppender: Wait interrupted by java.lang.InterruptedException
2022-09-28 09:56:16,424 [ec4a64e7-ce22-4d24-87ce-b09328d2691b@group-81F8FA04AB67-StateMachineUpdater] INFO  ratis.ContainerStateMachine (ContainerStateMachine.java:takeSnapshot(315)) - group-81F8FA04AB67: Finished taking a snapshot at:(t:1, i:0) file:/home/runner/work/ozone/ozone/hadoop-ozone/integration-test/target/test-dir/MiniOzoneClusterImpl-cfeb4578-2b30-44dc-9f0d-998ef01d83f0/datanode-1/data/ratis/0035c69a-4dbe-4624-be89-81f8fa04ab67/sm/snapshot.1_0 took: 1 ms
2022-09-28 09:56:16,425 [ec4a64e7-ce22-4d24-87ce-b09328d2691b@group-81F8FA04AB67-StateMachineUpdater] INFO  impl.StateMachineUpdater (StateMachineUpdater.java:takeSnapshot(287)) - ec4a64e7-ce22-4d24-87ce-b09328d2691b@group-81F8FA04AB67-StateMachineUpdater: Took a snapshot at index 0
2022-09-28 09:56:16,425 [ec4a64e7-ce22-4d24-87ce-b09328d2691b@group-81F8FA04AB67-StateMachineUpdater] INFO  impl.StateMachineUpdater (StateMachineUpdater.java:lambda$new$0(92)) - ec4a64e7-ce22-4d24-87ce-b09328d2691b@group-81F8FA04AB67-StateMachineUpdater: snapshotIndex: updateIncreasingly -1 -> 0
2022-09-28 09:56:16,425 [grpc-default-executor-3] INFO  server.GrpcLogAppender (GrpcLogAppender.java:onCompleted(339)) - 95d95f87-bef6-4afe-b94c-79128d6ebe0d@group-8D5415D4B3C7->2152fb0b-d20f-4f54-8933-ac8d98653da6-AppendLogResponseHandler: follower responses appendEntries COMPLETED
2022-09-28 09:56:16,425 [grpc-default-executor-3] INFO  leader.FollowerInfo (FollowerInfoImpl.java:lambda$new$0(48)) - 95d95f87-bef6-4afe-b94c-79128d6ebe0d@group-8D5415D4B3C7->2152fb0b-d20f-4f54-8933-ac8d98653da6: nextIndex: updateUnconditionally 22 -> 21
2022-09-28 09:56:16,425 [grpc-default-executor-2] INFO  server.GrpcServerProtocolService (GrpcServerProtocolService.java:onCompleted(140)) - ec4a64e7-ce22-4d24-87ce-b09328d2691b: Completed APPEND_ENTRIES, lastRequest: 95d95f87-bef6-4afe-b94c-79128d6ebe0d->ec4a64e7-ce22-4d24-87ce-b09328d2691b#128-t1,previous=(t:1, i:20),leaderCommit=20,initializing? true,entries: size=1, first=(t:1, i:21), METADATAENTRY(c:20)
2022-09-28 09:56:16,426 [grpc-default-executor-3] INFO  server.GrpcLogAppender (GrpcLogAppender.java:onCompleted(339)) - 95d95f87-bef6-4afe-b94c-79128d6ebe0d@group-8D5415D4B3C7->ec4a64e7-ce22-4d24-87ce-b09328d2691b-AppendLogResponseHandler: follower responses appendEntries COMPLETED
2022-09-28 09:56:16,426 [grpc-default-executor-3] INFO  leader.FollowerInfo (FollowerInfoImpl.java:lambda$new$0(48)) - 95d95f87-bef6-4afe-b94c-79128d6ebe0d@group-8D5415D4B3C7->ec4a64e7-ce22-4d24-87ce-b09328d2691b: nextIndex: updateUnconditionally 22 -> 21
2022-09-28 09:56:16,426 [ForkJoinPool.commonPool-worker-0] INFO  server.RaftServer$Division (ServerState.java:close(429)) - ec4a64e7-ce22-4d24-87ce-b09328d2691b@group-81F8FA04AB67: closes. applyIndex: 0
2022-09-28 09:56:16,426 [ec4a64e7-ce22-4d24-87ce-b09328d2691b@group-81F8FA04AB67-SegmentedRaftLogWorker] INFO  segmented.SegmentedRaftLogWorker (SegmentedRaftLogWorker.java:run(336)) - ec4a64e7-ce22-4d24-87ce-b09328d2691b@group-81F8FA04AB67-SegmentedRaftLogWorker was interrupted, exiting. There are 0 tasks remaining in the queue.
2022-09-28 09:56:16,431 [ForkJoinPool.commonPool-worker-0] INFO  segmented.SegmentedRaftLogWorker (SegmentedRaftLogWorker.java:close(246)) - ec4a64e7-ce22-4d24-87ce-b09328d2691b@group-81F8FA04AB67-SegmentedRaftLogWorker close()
2022-09-28 09:56:16,431 [ForkJoinPool.commonPool-worker-0] INFO  server.GrpcService (GrpcService.java:closeImpl(269)) - ec4a64e7-ce22-4d24-87ce-b09328d2691b: shutdown server with port 44059 now
2022-09-28 09:56:16,434 [grpc-default-executor-0] WARN  server.GrpcServerProtocolService (LogUtils.java:warn(122)) - ec4a64e7-ce22-4d24-87ce-b09328d2691b: installSnapshot onError, lastRequest: 2152fb0b-d20f-4f54-8933-ac8d98653da6->ec4a64e7-ce22-4d24-87ce-b09328d2691b#278-t1,previous=(t:1, i:7),leaderCommit=6,initializing? true,entries: size=1, first=(t:1, i:8), METADATAENTRY(c:6): org.apache.ratis.thirdparty.io.grpc.StatusRuntimeException: CANCELLED: client cancelled
2022-09-28 09:56:16,434 [grpc-default-executor-3] WARN  server.GrpcLogAppender (LogUtils.java:warn(122)) - 2152fb0b-d20f-4f54-8933-ac8d98653da6@group-BB6EE4D2CA5A->ec4a64e7-ce22-4d24-87ce-b09328d2691b-AppendLogResponseHandler: Failed appendEntries: org.apache.ratis.thirdparty.io.grpc.StatusRuntimeException: CANCELLED: RST_STREAM closed stream. HTTP/2 error code: CANCEL
2022-09-28 09:56:16,434 [grpc-default-executor-3] INFO  leader.FollowerInfo (FollowerInfoImpl.java:lambda$new$0(48)) - 2152fb0b-d20f-4f54-8933-ac8d98653da6@group-BB6EE4D2CA5A->ec4a64e7-ce22-4d24-87ce-b09328d2691b: nextIndex: updateUnconditionally 9 -> 8
2022-09-28 09:56:16,449 [Listener at 127.0.0.1/43879] INFO  impl.StateMachineUpdater (StateMachineUpdater.java:stopAndJoin(153)) - 95d95f87-bef6-4afe-b94c-79128d6ebe0d@group-8D5415D4B3C7-StateMachineUpdater: set stopIndex = 21
2022-09-28 09:56:16,464 [95d95f87-bef6-4afe-b94c-79128d6ebe0d@group-8D5415D4B3C7-StateMachineUpdater] INFO  ratis.ContainerStateMachine (ContainerStateMachine.java:takeSnapshot(304)) - group-8D5415D4B3C7: Taking a snapshot at:(t:1, i:21) file /home/runner/work/ozone/ozone/hadoop-ozone/integration-test/target/test-dir/MiniOzoneClusterImpl-cfeb4578-2b30-44dc-9f0d-998ef01d83f0/datanode-2/data/ratis/c91f1afb-8d7e-434b-9c62-8d5415d4b3c7/sm/snapshot.1_21
2022-09-28 09:56:16,465 [ForkJoinPool.commonPool-worker-0] INFO  server.GrpcService (GrpcService.java:closeImpl(278)) - ec4a64e7-ce22-4d24-87ce-b09328d2691b: shutdown server with port 44059 successfully
2022-09-28 09:56:16,465 [95d95f87-bef6-4afe-b94c-79128d6ebe0d@group-8D5415D4B3C7-StateMachineUpdater] INFO  ratis.ContainerStateMachine (ContainerStateMachine.java:takeSnapshot(315)) - group-8D5415D4B3C7: Finished taking a snapshot at:(t:1, i:21) file:/home/runner/work/ozone/ozone/hadoop-ozone/integration-test/target/test-dir/MiniOzoneClusterImpl-cfeb4578-2b30-44dc-9f0d-998ef01d83f0/datanode-2/data/ratis/c91f1afb-8d7e-434b-9c62-8d5415d4b3c7/sm/snapshot.1_21 took: 1 ms
2022-09-28 09:56:16,465 [95d95f87-bef6-4afe-b94c-79128d6ebe0d@group-8D5415D4B3C7-StateMachineUpdater] INFO  impl.StateMachineUpdater (StateMachineUpdater.java:takeSnapshot(287)) - 95d95f87-bef6-4afe-b94c-79128d6ebe0d@group-8D5415D4B3C7-StateMachineUpdater: Took a snapshot at index 21
2022-09-28 09:56:16,465 [95d95f87-bef6-4afe-b94c-79128d6ebe0d@group-8D5415D4B3C7-StateMachineUpdater] INFO  impl.StateMachineUpdater (StateMachineUpdater.java:lambda$new$0(92)) - 95d95f87-bef6-4afe-b94c-79128d6ebe0d@group-8D5415D4B3C7-StateMachineUpdater: snapshotIndex: updateIncreasingly -1 -> 21
2022-09-28 09:56:16,466 [Listener at 127.0.0.1/43879] INFO  server.RaftServer$Division (ServerState.java:close(429)) - 95d95f87-bef6-4afe-b94c-79128d6ebe0d@group-8D5415D4B3C7: closes. applyIndex: 21
2022-09-28 09:56:16,466 [95d95f87-bef6-4afe-b94c-79128d6ebe0d@group-8D5415D4B3C7-SegmentedRaftLogWorker] INFO  segmented.SegmentedRaftLogWorker (SegmentedRaftLogWorker.java:run(336)) - 95d95f87-bef6-4afe-b94c-79128d6ebe0d@group-8D5415D4B3C7-SegmentedRaftLogWorker was interrupted, exiting. There are 0 tasks remaining in the queue.
2022-09-28 09:56:16,467 [org.apache.ratis.util.JvmPauseMonitor$$Lambda$634/511600595@219c5eaa] INFO  util.JvmPauseMonitor (JvmPauseMonitor.java:run(109)) - JvmPauseMonitor-ec4a64e7-ce22-4d24-87ce-b09328d2691b: Stopped
2022-09-28 09:56:16,472 [Listener at 127.0.0.1/43879] INFO  segmented.SegmentedRaftLogWorker (SegmentedRaftLogWorker.java:close(246)) - 95d95f87-bef6-4afe-b94c-79128d6ebe0d@group-8D5415D4B3C7-SegmentedRaftLogWorker close()
2022-09-28 09:56:16,472 [grpc-default-executor-3] WARN  server.GrpcLogAppender (LogUtils.java:warn(122)) - 2152fb0b-d20f-4f54-8933-ac8d98653da6@group-BB6EE4D2CA5A->ec4a64e7-ce22-4d24-87ce-b09328d2691b-AppendLogResponseHandler: Failed appendEntries: org.apache.ratis.thirdparty.io.grpc.StatusRuntimeException: UNAVAILABLE: io exception
2022-09-28 09:56:16,491 [grpc-default-executor-3] INFO  leader.FollowerInfo (FollowerInfoImpl.java:lambda$new$0(48)) - 2152fb0b-d20f-4f54-8933-ac8d98653da6@group-BB6EE4D2CA5A->ec4a64e7-ce22-4d24-87ce-b09328d2691b: nextIndex: updateUnconditionally 9 -> 8
2022-09-28 09:56:16,476 [Listener at 127.0.0.1/43879] INFO  server.GrpcService (GrpcService.java:closeImpl(269)) - 95d95f87-bef6-4afe-b94c-79128d6ebe0d: shutdown server with port 33103 now
2022-09-28 09:56:16,496 [grpc-default-executor-0] WARN  server.GrpcServerProtocolService (LogUtils.java:warn(122)) - 95d95f87-bef6-4afe-b94c-79128d6ebe0d: installSnapshot onError, lastRequest: 2152fb0b-d20f-4f54-8933-ac8d98653da6->95d95f87-bef6-4afe-b94c-79128d6ebe0d#283-t1,previous=(t:1, i:7),leaderCommit=8,initializing? true,entries: size=1, first=(t:1, i:8), METADATAENTRY(c:6): org.apache.ratis.thirdparty.io.grpc.StatusRuntimeException: CANCELLED: client cancelled
2022-09-28 09:56:16,497 [grpc-default-executor-1] WARN  server.GrpcLogAppender (LogUtils.java:warn(122)) - 2152fb0b-d20f-4f54-8933-ac8d98653da6@group-BB6EE4D2CA5A->95d95f87-bef6-4afe-b94c-79128d6ebe0d-AppendLogResponseHandler: Failed appendEntries: org.apache.ratis.thirdparty.io.grpc.StatusRuntimeException: CANCELLED: RST_STREAM closed stream. HTTP/2 error code: CANCEL
2022-09-28 09:56:16,497 [grpc-default-executor-1] INFO  leader.FollowerInfo (FollowerInfoImpl.java:lambda$new$0(48)) - 2152fb0b-d20f-4f54-8933-ac8d98653da6@group-BB6EE4D2CA5A->95d95f87-bef6-4afe-b94c-79128d6ebe0d: nextIndex: updateUnconditionally 9 -> 8
2022-09-28 09:56:16,517 [grpc-default-executor-0] WARN  server.GrpcLogAppender (LogUtils.java:warn(122)) - 2152fb0b-d20f-4f54-8933-ac8d98653da6@group-BB6EE4D2CA5A->95d95f87-bef6-4afe-b94c-79128d6ebe0d-AppendLogResponseHandler: Failed appendEntries: org.apache.ratis.thirdparty.io.grpc.StatusRuntimeException: UNAVAILABLE: io exception
2022-09-28 09:56:16,517 [grpc-default-executor-0] INFO  leader.FollowerInfo (FollowerInfoImpl.java:lambda$new$0(48)) - 2152fb0b-d20f-4f54-8933-ac8d98653da6@group-BB6EE4D2CA5A->95d95f87-bef6-4afe-b94c-79128d6ebe0d: nextIndex: updateUnconditionally 9 -> 8
2022-09-28 09:56:16,518 [Listener at 127.0.0.1/43879] INFO  server.GrpcService (GrpcService.java:closeImpl(278)) - 95d95f87-bef6-4afe-b94c-79128d6ebe0d: shutdown server with port 33103 successfully
2022-09-28 09:56:16,519 [org.apache.ratis.util.JvmPauseMonitor$$Lambda$634/511600595@258e8e69] INFO  util.JvmPauseMonitor (JvmPauseMonitor.java:run(109)) - JvmPauseMonitor-95d95f87-bef6-4afe-b94c-79128d6ebe0d: Stopped
2022-09-28 09:56:18,251 [grpc-default-executor-0] WARN  server.GrpcLogAppender (LogUtils.java:warn(122)) - 2152fb0b-d20f-4f54-8933-ac8d98653da6@group-BB6EE4D2CA5A->ec4a64e7-ce22-4d24-87ce-b09328d2691b-AppendLogResponseHandler: Failed appendEntries: org.apache.ratis.thirdparty.io.grpc.StatusRuntimeException: UNAVAILABLE: io exception
2022-09-28 09:56:18,251 [grpc-default-executor-0] INFO  leader.FollowerInfo (FollowerInfoImpl.java:lambda$new$0(48)) - 2152fb0b-d20f-4f54-8933-ac8d98653da6@group-BB6EE4D2CA5A->ec4a64e7-ce22-4d24-87ce-b09328d2691b: nextIndex: updateUnconditionally 9 -> 8
2022-09-28 09:56:18,303 [grpc-default-executor-0] WARN  server.GrpcLogAppender (LogUtils.java:warn(122)) - 2152fb0b-d20f-4f54-8933-ac8d98653da6@group-BB6EE4D2CA5A->95d95f87-bef6-4afe-b94c-79128d6ebe0d-AppendLogResponseHandler: Failed appendEntries: org.apache.ratis.thirdparty.io.grpc.StatusRuntimeException: UNAVAILABLE: io exception
2022-09-28 09:56:18,303 [grpc-default-executor-0] INFO  leader.FollowerInfo (FollowerInfoImpl.java:lambda$new$0(48)) - 2152fb0b-d20f-4f54-8933-ac8d98653da6@group-BB6EE4D2CA5A->95d95f87-bef6-4afe-b94c-79128d6ebe0d: nextIndex: updateUnconditionally 9 -> 8
2022-09-28 09:56:18,546 [ForkJoinPool.commonPool-worker-0] INFO  utils.BackgroundService (BackgroundService.java:shutdown(141)) - Shutting down service BlockDeletingService
2022-09-28 09:56:18,547 [ForkJoinPool.commonPool-worker-0] INFO  utils.BackgroundService (BackgroundService.java:shutdown(141)) - Shutting down service StaleRecoveringContainerScrubbingService
2022-09-28 09:56:18,569 [Listener at 127.0.0.1/43879] INFO  utils.BackgroundService (BackgroundService.java:shutdown(141)) - Shutting down service BlockDeletingService
2022-09-28 09:56:18,571 [Listener at 127.0.0.1/43879] INFO  utils.BackgroundService (BackgroundService.java:shutdown(141)) - Shutting down service StaleRecoveringContainerScrubbingService
2022-09-28 09:56:19,501 [grpc-default-executor-0] WARN  server.GrpcLogAppender (LogUtils.java:warn(122)) - 2152fb0b-d20f-4f54-8933-ac8d98653da6@group-BB6EE4D2CA5A->ec4a64e7-ce22-4d24-87ce-b09328d2691b-AppendLogResponseHandler: Failed appendEntries: org.apache.ratis.thirdparty.io.grpc.StatusRuntimeException: UNAVAILABLE: io exception
2022-09-28 09:56:19,502 [grpc-default-executor-0] INFO  leader.FollowerInfo (FollowerInfoImpl.java:lambda$new$0(48)) - 2152fb0b-d20f-4f54-8933-ac8d98653da6@group-BB6EE4D2CA5A->ec4a64e7-ce22-4d24-87ce-b09328d2691b: nextIndex: updateUnconditionally 9 -> 8
2022-09-28 09:56:19,557 [grpc-default-executor-0] WARN  server.GrpcLogAppender (LogUtils.java:warn(122)) - 2152fb0b-d20f-4f54-8933-ac8d98653da6@group-BB6EE4D2CA5A->95d95f87-bef6-4afe-b94c-79128d6ebe0d-AppendLogResponseHandler: Failed appendEntries: org.apache.ratis.thirdparty.io.grpc.StatusRuntimeException: UNAVAILABLE: io exception
2022-09-28 09:56:19,559 [grpc-default-executor-0] INFO  leader.FollowerInfo (FollowerInfoImpl.java:lambda$new$0(48)) - 2152fb0b-d20f-4f54-8933-ac8d98653da6@group-BB6EE4D2CA5A->95d95f87-bef6-4afe-b94c-79128d6ebe0d: nextIndex: updateUnconditionally 9 -> 8
2022-09-28 09:56:20,618 [2152fb0b-d20f-4f54-8933-ac8d98653da6@group-8D5415D4B3C7-FollowerState] INFO  impl.FollowerState (FollowerState.java:run(143)) - 2152fb0b-d20f-4f54-8933-ac8d98653da6@group-8D5415D4B3C7-FollowerState: change to CANDIDATE, lastRpcElapsedTime:5830158805ns, electionTimeout:5034ms
2022-09-28 09:56:20,619 [2152fb0b-d20f-4f54-8933-ac8d98653da6@group-8D5415D4B3C7-FollowerState] INFO  impl.RoleInfo (RoleInfo.java:shutdownFollowerState(110)) - 2152fb0b-d20f-4f54-8933-ac8d98653da6: shutdown 2152fb0b-d20f-4f54-8933-ac8d98653da6@group-8D5415D4B3C7-FollowerState
2022-09-28 09:56:20,619 [2152fb0b-d20f-4f54-8933-ac8d98653da6@group-8D5415D4B3C7-FollowerState] INFO  server.RaftServer$Division (RaftServerImpl.java:setRole(299)) - 2152fb0b-d20f-4f54-8933-ac8d98653da6@group-8D5415D4B3C7: changes role from  FOLLOWER to CANDIDATE at term 1 for changeToCandidate
2022-09-28 09:56:20,619 [2152fb0b-d20f-4f54-8933-ac8d98653da6@group-8D5415D4B3C7-FollowerState] INFO  server.RaftServerConfigKeys (ConfUtils.java:logGet(46)) - raft.server.leaderelection.pre-vote = false (custom)
2022-09-28 09:56:20,619 [2152fb0b-d20f-4f54-8933-ac8d98653da6@group-8D5415D4B3C7-FollowerState] INFO  impl.RoleInfo (RoleInfo.java:updateAndGet(139)) - 2152fb0b-d20f-4f54-8933-ac8d98653da6: start 2152fb0b-d20f-4f54-8933-ac8d98653da6@group-8D5415D4B3C7-LeaderElection21
2022-09-28 09:56:20,652 [2152fb0b-d20f-4f54-8933-ac8d98653da6@group-8D5415D4B3C7-LeaderElection21] INFO  server.RaftServer$Division (ServerState.java:setLeader(287)) - 2152fb0b-d20f-4f54-8933-ac8d98653da6@group-8D5415D4B3C7: change Leader from 95d95f87-bef6-4afe-b94c-79128d6ebe0d to null at term 1 for ELECTION
2022-09-28 09:56:20,654 [2152fb0b-d20f-4f54-8933-ac8d98653da6@group-8D5415D4B3C7-LeaderElection21] INFO  impl.LeaderElection (LeaderElection.java:askForVotes(310)) - 2152fb0b-d20f-4f54-8933-ac8d98653da6@group-8D5415D4B3C7-LeaderElection21 ELECTION round 0: submit vote requests at term 2 for 0: [2152fb0b-d20f-4f54-8933-ac8d98653da6|rpc:10.1.1.21:35785|dataStream:|priority:0, 95d95f87-bef6-4afe-b94c-79128d6ebe0d|rpc:10.1.1.21:33103|dataStream:|priority:1, ec4a64e7-ce22-4d24-87ce-b09328d2691b|rpc:10.1.1.21:44059|dataStream:|priority:0], old=null
2022-09-28 09:56:20,683 [2152fb0b-d20f-4f54-8933-ac8d98653da6@group-8D5415D4B3C7-LeaderElection21] INFO  impl.LeaderElection (LogUtils.java:infoOrTrace(137)) - 2152fb0b-d20f-4f54-8933-ac8d98653da6@group-8D5415D4B3C7-LeaderElection21 got exception when requesting votes: java.util.concurrent.ExecutionException: org.apache.ratis.thirdparty.io.grpc.StatusRuntimeException: UNAVAILABLE: io exception
2022-09-28 09:56:20,684 [2152fb0b-d20f-4f54-8933-ac8d98653da6@group-8D5415D4B3C7-LeaderElection21] INFO  impl.LeaderElection (LogUtils.java:infoOrTrace(137)) - 2152fb0b-d20f-4f54-8933-ac8d98653da6@group-8D5415D4B3C7-LeaderElection21 got exception when requesting votes: java.util.concurrent.ExecutionException: org.apache.ratis.thirdparty.io.grpc.StatusRuntimeException: UNAVAILABLE: io exception
2022-09-28 09:56:20,684 [2152fb0b-d20f-4f54-8933-ac8d98653da6@group-8D5415D4B3C7-LeaderElection21] INFO  impl.LeaderElection (LeaderElection.java:logAndReturn(90)) - 2152fb0b-d20f-4f54-8933-ac8d98653da6@group-8D5415D4B3C7-LeaderElection21: ELECTION REJECTED received 0 response(s) and 2 exception(s):
2022-09-28 09:56:20,684 [2152fb0b-d20f-4f54-8933-ac8d98653da6@group-8D5415D4B3C7-LeaderElection21] INFO  impl.LeaderElection (LogUtils.java:infoOrTrace(137)) -   Exception 0: java.util.concurrent.ExecutionException: org.apache.ratis.thirdparty.io.grpc.StatusRuntimeException: UNAVAILABLE: io exception
2022-09-28 09:56:20,684 [2152fb0b-d20f-4f54-8933-ac8d98653da6@group-8D5415D4B3C7-LeaderElection21] INFO  impl.LeaderElection (LogUtils.java:infoOrTrace(137)) -   Exception 1: java.util.concurrent.ExecutionException: org.apache.ratis.thirdparty.io.grpc.StatusRuntimeException: UNAVAILABLE: io exception
2022-09-28 09:56:20,684 [2152fb0b-d20f-4f54-8933-ac8d98653da6@group-8D5415D4B3C7-LeaderElection21] INFO  impl.LeaderElection (LeaderElection.java:askForVotes(312)) - 2152fb0b-d20f-4f54-8933-ac8d98653da6@group-8D5415D4B3C7-LeaderElection21 ELECTION round 0: result REJECTED
2022-09-28 09:56:20,684 [2152fb0b-d20f-4f54-8933-ac8d98653da6@group-8D5415D4B3C7-LeaderElection21] INFO  server.RaftServer$Division (RaftServerImpl.java:setRole(299)) - 2152fb0b-d20f-4f54-8933-ac8d98653da6@group-8D5415D4B3C7: changes role from CANDIDATE to FOLLOWER at term 2 for REJECTED
2022-09-28 09:56:20,684 [2152fb0b-d20f-4f54-8933-ac8d98653da6@group-8D5415D4B3C7-LeaderElection21] INFO  impl.RoleInfo (RoleInfo.java:shutdownLeaderElection(130)) - 2152fb0b-d20f-4f54-8933-ac8d98653da6: shutdown 2152fb0b-d20f-4f54-8933-ac8d98653da6@group-8D5415D4B3C7-LeaderElection21
2022-09-28 09:56:20,684 [2152fb0b-d20f-4f54-8933-ac8d98653da6@group-8D5415D4B3C7-LeaderElection21] INFO  impl.RoleInfo (RoleInfo.java:updateAndGet(139)) - 2152fb0b-d20f-4f54-8933-ac8d98653da6: start 2152fb0b-d20f-4f54-8933-ac8d98653da6@group-8D5415D4B3C7-FollowerState
2022-09-28 09:56:20,752 [grpc-default-executor-0] WARN  server.GrpcLogAppender (LogUtils.java:warn(122)) - 2152fb0b-d20f-4f54-8933-ac8d98653da6@group-BB6EE4D2CA5A->ec4a64e7-ce22-4d24-87ce-b09328d2691b-AppendLogResponseHandler: Failed appendEntries: org.apache.ratis.thirdparty.io.grpc.StatusRuntimeException: UNAVAILABLE: io exception
2022-09-28 09:56:20,753 [grpc-default-executor-0] INFO  leader.FollowerInfo (FollowerInfoImpl.java:lambda$new$0(48)) - 2152fb0b-d20f-4f54-8933-ac8d98653da6@group-BB6EE4D2CA5A->ec4a64e7-ce22-4d24-87ce-b09328d2691b: nextIndex: updateUnconditionally 9 -> 8
2022-09-28 09:56:20,807 [grpc-default-executor-0] WARN  server.GrpcLogAppender (LogUtils.java:warn(122)) - 2152fb0b-d20f-4f54-8933-ac8d98653da6@group-BB6EE4D2CA5A->95d95f87-bef6-4afe-b94c-79128d6ebe0d-AppendLogResponseHandler: Failed appendEntries: org.apache.ratis.thirdparty.io.grpc.StatusRuntimeException: UNAVAILABLE: io exception
2022-09-28 09:56:20,825 [grpc-default-executor-0] INFO  leader.FollowerInfo (FollowerInfoImpl.java:lambda$new$0(48)) - 2152fb0b-d20f-4f54-8933-ac8d98653da6@group-BB6EE4D2CA5A->95d95f87-bef6-4afe-b94c-79128d6ebe0d: nextIndex: updateUnconditionally 9 -> 8
2022-09-28 09:56:21,345 [2152fb0b-d20f-4f54-8933-ac8d98653da6@group-BB6EE4D2CA5A-LeaderStateImpl] WARN  server.RaftServer$Division (LeaderStateImpl.java:checkLeadership(1018)) - 2152fb0b-d20f-4f54-8933-ac8d98653da6@group-BB6EE4D2CA5A-LeaderStateImpl: Lost leadership on term: 1. Election timeout: 5200ms. In charge for: 41312ms. Conf: 0: [2152fb0b-d20f-4f54-8933-ac8d98653da6|rpc:10.1.1.21:35785|dataStream:|priority:1, 95d95f87-bef6-4afe-b94c-79128d6ebe0d|rpc:10.1.1.21:33103|dataStream:|priority:0, ec4a64e7-ce22-4d24-87ce-b09328d2691b|rpc:10.1.1.21:44059|dataStream:|priority:0], old=null
2022-09-28 09:56:21,345 [2152fb0b-d20f-4f54-8933-ac8d98653da6@group-BB6EE4D2CA5A-LeaderStateImpl] WARN  server.RaftServer$Division (LeaderStateImpl.java:lambda$checkLeadership$17(1022)) - Follower 2152fb0b-d20f-4f54-8933-ac8d98653da6@group-BB6EE4D2CA5A->95d95f87-bef6-4afe-b94c-79128d6ebe0d(c8,m8,n8, attendVote=true, lastRpcSendTime=538, lastRpcResponseTime=5543)
2022-09-28 09:56:21,346 [2152fb0b-d20f-4f54-8933-ac8d98653da6@group-BB6EE4D2CA5A-LeaderStateImpl] WARN  server.RaftServer$Division (LeaderStateImpl.java:lambda$checkLeadership$17(1022)) - Follower 2152fb0b-d20f-4f54-8933-ac8d98653da6@group-BB6EE4D2CA5A->ec4a64e7-ce22-4d24-87ce-b09328d2691b(c8,m8,n8, attendVote=true, lastRpcSendTime=593, lastRpcResponseTime=5595)
2022-09-28 09:56:21,346 [2152fb0b-d20f-4f54-8933-ac8d98653da6@group-BB6EE4D2CA5A-LeaderStateImpl] INFO  server.RaftServer$Division (RaftServerImpl.java:setRole(299)) - 2152fb0b-d20f-4f54-8933-ac8d98653da6@group-BB6EE4D2CA5A: changes role from    LEADER to FOLLOWER at term 1 for StepDownReason:LOST_MAJORITY_HEARTBEATS
2022-09-28 09:56:21,346 [2152fb0b-d20f-4f54-8933-ac8d98653da6@group-BB6EE4D2CA5A-LeaderStateImpl] INFO  impl.RoleInfo (RoleInfo.java:shutdownLeaderState(93)) - 2152fb0b-d20f-4f54-8933-ac8d98653da6: shutdown 2152fb0b-d20f-4f54-8933-ac8d98653da6@group-BB6EE4D2CA5A-LeaderStateImpl
2022-09-28 09:56:21,346 [2152fb0b-d20f-4f54-8933-ac8d98653da6@group-BB6EE4D2CA5A-LeaderStateImpl] INFO  impl.PendingRequests (PendingRequests.java:sendNotLeaderResponses(282)) - 2152fb0b-d20f-4f54-8933-ac8d98653da6@group-BB6EE4D2CA5A-PendingRequests: sendNotLeaderResponses
2022-09-28 09:56:21,348 [2152fb0b-d20f-4f54-8933-ac8d98653da6@group-BB6EE4D2CA5A->95d95f87-bef6-4afe-b94c-79128d6ebe0d-GrpcLogAppender-LogAppenderDaemon] WARN  server.GrpcLogAppender (GrpcLogAppender.java:mayWait(171)) - 2152fb0b-d20f-4f54-8933-ac8d98653da6@group-BB6EE4D2CA5A->95d95f87-bef6-4afe-b94c-79128d6ebe0d-GrpcLogAppender: Wait interrupted by java.lang.InterruptedException
2022-09-28 09:56:21,348 [2152fb0b-d20f-4f54-8933-ac8d98653da6@group-BB6EE4D2CA5A->ec4a64e7-ce22-4d24-87ce-b09328d2691b-GrpcLogAppender-LogAppenderDaemon] WARN  server.GrpcLogAppender (GrpcLogAppender.java:mayWait(171)) - 2152fb0b-d20f-4f54-8933-ac8d98653da6@group-BB6EE4D2CA5A->ec4a64e7-ce22-4d24-87ce-b09328d2691b-GrpcLogAppender: Wait interrupted by java.lang.InterruptedException
2022-09-28 09:56:21,354 [2152fb0b-d20f-4f54-8933-ac8d98653da6@group-BB6EE4D2CA5A-LeaderStateImpl] INFO  impl.RoleInfo (RoleInfo.java:updateAndGet(139)) - 2152fb0b-d20f-4f54-8933-ac8d98653da6: start 2152fb0b-d20f-4f54-8933-ac8d98653da6@group-BB6EE4D2CA5A-FollowerState
2022-09-28 09:56:21,574 [Listener at 127.0.0.1/43879] INFO  statemachine.DatanodeStateMachine (DatanodeStateMachine.java:stopDaemon(580)) - Ozone container server stopped.
2022-09-28 09:56:21,581 [ForkJoinPool.commonPool-worker-0] INFO  statemachine.DatanodeStateMachine (DatanodeStateMachine.java:stopDaemon(580)) - Ozone container server stopped.
2022-09-28 09:56:21,602 [Listener at 127.0.0.1/43879] INFO  handler.ContextHandler (ContextHandler.java:doStop(1153)) - Stopped o.e.j.w.WebAppContext@73de5b5b{hddsDatanode,/,null,STOPPED}{jar:file:/home/runner/.m2/repository/org/apache/ozone/hdds-container-service/1.3.0-SNAPSHOT/hdds-container-service-1.3.0-SNAPSHOT.jar!/webapps/hddsDatanode}
2022-09-28 09:56:21,603 [Listener at 127.0.0.1/43879] INFO  server.AbstractConnector (AbstractConnector.java:doStop(381)) - Stopped ServerConnector@76100495{HTTP/1.1, (http/1.1)}{0.0.0.0:0}
2022-09-28 09:56:21,603 [Listener at 127.0.0.1/43879] INFO  server.session (HouseKeeper.java:stopScavenging(149)) - node0 Stopped scavenging
2022-09-28 09:56:21,604 [Listener at 127.0.0.1/43879] INFO  handler.ContextHandler (ContextHandler.java:doStop(1153)) - Stopped o.e.j.s.ServletContextHandler@63e6efe4{static,/static,jar:file:/home/runner/.m2/repository/org/apache/ozone/hdds-container-service/1.3.0-SNAPSHOT/hdds-container-service-1.3.0-SNAPSHOT.jar!/webapps/static,STOPPED}
2022-09-28 09:56:21,604 [Listener at 127.0.0.1/43879] INFO  handler.ContextHandler (ContextHandler.java:doStop(1153)) - Stopped o.e.j.s.ServletContextHandler@263fee05{logs,/logs,file:///home/runner/work/ozone/ozone/hadoop-ozone/integration-test/target/log,STOPPED}
2022-09-28 09:56:21,640 [ForkJoinPool.commonPool-worker-0] INFO  handler.ContextHandler (ContextHandler.java:doStop(1153)) - Stopped o.e.j.w.WebAppContext@18a1435e{hddsDatanode,/,null,STOPPED}{jar:file:/home/runner/.m2/repository/org/apache/ozone/hdds-container-service/1.3.0-SNAPSHOT/hdds-container-service-1.3.0-SNAPSHOT.jar!/webapps/hddsDatanode}
2022-09-28 09:56:21,641 [ForkJoinPool.commonPool-worker-0] INFO  server.AbstractConnector (AbstractConnector.java:doStop(381)) - Stopped ServerConnector@40fba126{HTTP/1.1, (http/1.1)}{0.0.0.0:0}
2022-09-28 09:56:21,641 [ForkJoinPool.commonPool-worker-0] INFO  server.session (HouseKeeper.java:stopScavenging(149)) - node0 Stopped scavenging
2022-09-28 09:56:21,649 [ForkJoinPool.commonPool-worker-0] INFO  handler.ContextHandler (ContextHandler.java:doStop(1153)) - Stopped o.e.j.s.ServletContextHandler@1dd69de7{static,/static,jar:file:/home/runner/.m2/repository/org/apache/ozone/hdds-container-service/1.3.0-SNAPSHOT/hdds-container-service-1.3.0-SNAPSHOT.jar!/webapps/static,STOPPED}
2022-09-28 09:56:21,649 [ForkJoinPool.commonPool-worker-0] INFO  handler.ContextHandler (ContextHandler.java:doStop(1153)) - Stopped o.e.j.s.ServletContextHandler@8f8f19b{logs,/logs,file:///home/runner/work/ozone/ozone/hadoop-ozone/integration-test/target/log,STOPPED}
2022-09-28 09:56:23,987 [Over Replicated Processor] INFO  replication.OverReplicatedProcessor (OverReplicatedProcessor.java:processAll(90)) - Processed 0 over replicated containers, failed processing 0
2022-09-28 09:56:24,013 [Under Replicated Processor] INFO  replication.UnderReplicatedProcessor (UnderReplicatedProcessor.java:processAll(92)) - Processed 0 under replicated containers, failed processing 0
2022-09-28 09:56:25,755 [2152fb0b-d20f-4f54-8933-ac8d98653da6@group-8D5415D4B3C7-FollowerState] INFO  impl.FollowerState (FollowerState.java:run(143)) - 2152fb0b-d20f-4f54-8933-ac8d98653da6@group-8D5415D4B3C7-FollowerState: change to CANDIDATE, lastRpcElapsedTime:5071638504ns, electionTimeout:5067ms
2022-09-28 09:56:25,756 [2152fb0b-d20f-4f54-8933-ac8d98653da6@group-8D5415D4B3C7-FollowerState] INFO  impl.RoleInfo (RoleInfo.java:shutdownFollowerState(110)) - 2152fb0b-d20f-4f54-8933-ac8d98653da6: shutdown 2152fb0b-d20f-4f54-8933-ac8d98653da6@group-8D5415D4B3C7-FollowerState
2022-09-28 09:56:25,756 [2152fb0b-d20f-4f54-8933-ac8d98653da6@group-8D5415D4B3C7-FollowerState] INFO  server.RaftServer$Division (RaftServerImpl.java:setRole(299)) - 2152fb0b-d20f-4f54-8933-ac8d98653da6@group-8D5415D4B3C7: changes role from  FOLLOWER to CANDIDATE at term 2 for changeToCandidate
2022-09-28 09:56:25,756 [2152fb0b-d20f-4f54-8933-ac8d98653da6@group-8D5415D4B3C7-FollowerState] INFO  server.RaftServerConfigKeys (ConfUtils.java:logGet(46)) - raft.server.leaderelection.pre-vote = false (custom)
2022-09-28 09:56:25,756 [2152fb0b-d20f-4f54-8933-ac8d98653da6@group-8D5415D4B3C7-FollowerState] INFO  impl.RoleInfo (RoleInfo.java:updateAndGet(139)) - 2152fb0b-d20f-4f54-8933-ac8d98653da6: start 2152fb0b-d20f-4f54-8933-ac8d98653da6@group-8D5415D4B3C7-LeaderElection22
2022-09-28 09:56:25,790 [2152fb0b-d20f-4f54-8933-ac8d98653da6@group-8D5415D4B3C7-LeaderElection22] INFO  impl.LeaderElection (LeaderElection.java:askForVotes(310)) - 2152fb0b-d20f-4f54-8933-ac8d98653da6@group-8D5415D4B3C7-LeaderElection22 ELECTION round 0: submit vote requests at term 3 for 0: [2152fb0b-d20f-4f54-8933-ac8d98653da6|rpc:10.1.1.21:35785|dataStream:|priority:0, 95d95f87-bef6-4afe-b94c-79128d6ebe0d|rpc:10.1.1.21:33103|dataStream:|priority:1, ec4a64e7-ce22-4d24-87ce-b09328d2691b|rpc:10.1.1.21:44059|dataStream:|priority:0], old=null
2022-09-28 09:56:25,803 [2152fb0b-d20f-4f54-8933-ac8d98653da6@group-8D5415D4B3C7-LeaderElection22] INFO  impl.LeaderElection (LogUtils.java:infoOrTrace(137)) - 2152fb0b-d20f-4f54-8933-ac8d98653da6@group-8D5415D4B3C7-LeaderElection22 got exception when requesting votes: java.util.concurrent.ExecutionException: org.apache.ratis.thirdparty.io.grpc.StatusRuntimeException: UNAVAILABLE: io exception
2022-09-28 09:56:25,806 [2152fb0b-d20f-4f54-8933-ac8d98653da6@group-8D5415D4B3C7-LeaderElection22] INFO  impl.LeaderElection (LogUtils.java:infoOrTrace(137)) - 2152fb0b-d20f-4f54-8933-ac8d98653da6@group-8D5415D4B3C7-LeaderElection22 got exception when requesting votes: java.util.concurrent.ExecutionException: org.apache.ratis.thirdparty.io.grpc.StatusRuntimeException: UNAVAILABLE: io exception
2022-09-28 09:56:25,806 [2152fb0b-d20f-4f54-8933-ac8d98653da6@group-8D5415D4B3C7-LeaderElection22] INFO  impl.LeaderElection (LeaderElection.java:logAndReturn(90)) - 2152fb0b-d20f-4f54-8933-ac8d98653da6@group-8D5415D4B3C7-LeaderElection22: ELECTION REJECTED received 0 response(s) and 2 exception(s):
2022-09-28 09:56:25,806 [2152fb0b-d20f-4f54-8933-ac8d98653da6@group-8D5415D4B3C7-LeaderElection22] INFO  impl.LeaderElection (LogUtils.java:infoOrTrace(137)) -   Exception 0: java.util.concurrent.ExecutionException: org.apache.ratis.thirdparty.io.grpc.StatusRuntimeException: UNAVAILABLE: io exception
2022-09-28 09:56:25,806 [2152fb0b-d20f-4f54-8933-ac8d98653da6@group-8D5415D4B3C7-LeaderElection22] INFO  impl.LeaderElection (LogUtils.java:infoOrTrace(137)) -   Exception 1: java.util.concurrent.ExecutionException: org.apache.ratis.thirdparty.io.grpc.StatusRuntimeException: UNAVAILABLE: io exception
2022-09-28 09:56:25,806 [2152fb0b-d20f-4f54-8933-ac8d98653da6@group-8D5415D4B3C7-LeaderElection22] INFO  impl.LeaderElection (LeaderElection.java:askForVotes(312)) - 2152fb0b-d20f-4f54-8933-ac8d98653da6@group-8D5415D4B3C7-LeaderElection22 ELECTION round 0: result REJECTED
2022-09-28 09:56:25,806 [2152fb0b-d20f-4f54-8933-ac8d98653da6@group-8D5415D4B3C7-LeaderElection22] INFO  server.RaftServer$Division (RaftServerImpl.java:setRole(299)) - 2152fb0b-d20f-4f54-8933-ac8d98653da6@group-8D5415D4B3C7: changes role from CANDIDATE to FOLLOWER at term 3 for REJECTED
2022-09-28 09:56:25,806 [2152fb0b-d20f-4f54-8933-ac8d98653da6@group-8D5415D4B3C7-LeaderElection22] INFO  impl.RoleInfo (RoleInfo.java:shutdownLeaderElection(130)) - 2152fb0b-d20f-4f54-8933-ac8d98653da6: shutdown 2152fb0b-d20f-4f54-8933-ac8d98653da6@group-8D5415D4B3C7-LeaderElection22
2022-09-28 09:56:25,806 [2152fb0b-d20f-4f54-8933-ac8d98653da6@group-8D5415D4B3C7-LeaderElection22] INFO  impl.RoleInfo (RoleInfo.java:updateAndGet(139)) - 2152fb0b-d20f-4f54-8933-ac8d98653da6: start 2152fb0b-d20f-4f54-8933-ac8d98653da6@group-8D5415D4B3C7-FollowerState
2022-09-28 09:56:26,516 [2152fb0b-d20f-4f54-8933-ac8d98653da6@group-BB6EE4D2CA5A-FollowerState] INFO  impl.FollowerState (FollowerState.java:lostMajorityHeartbeatsRecently(108)) - 2152fb0b-d20f-4f54-8933-ac8d98653da6@group-BB6EE4D2CA5A-FollowerState: Skipping leader election since it stepped down recently (elapsed = 5162ms < waitTime = 10s)
2022-09-28 09:56:26,606 [Listener at 127.0.0.1/43879] INFO  ozoneimpl.OzoneContainer (OzoneContainer.java:stop(400)) - Attempting to stop container services.
2022-09-28 09:56:26,606 [Listener at 127.0.0.1/43879] INFO  server.RaftServer (RaftServerProxy.java:lambda$close$7(398)) - 1b053f0e-6c50-44bd-8a3e-e6e9059b4658: close
2022-09-28 09:56:26,606 [Listener at 127.0.0.1/43879] INFO  server.RaftServer$Division (RaftServerImpl.java:lambda$close$4(434)) - 1b053f0e-6c50-44bd-8a3e-e6e9059b4658@group-B1474FC66906: shutdown
2022-09-28 09:56:26,607 [Listener at 127.0.0.1/43879] INFO  util.JmxRegister (JmxRegister.java:unregister(73)) - Successfully un-registered JMX Bean with object name Ratis:service=RaftServer,group=group-B1474FC66906,id=1b053f0e-6c50-44bd-8a3e-e6e9059b4658
2022-09-28 09:56:26,607 [Listener at 127.0.0.1/43879] INFO  impl.RoleInfo (RoleInfo.java:shutdownLeaderState(93)) - 1b053f0e-6c50-44bd-8a3e-e6e9059b4658: shutdown 1b053f0e-6c50-44bd-8a3e-e6e9059b4658@group-B1474FC66906-LeaderStateImpl
2022-09-28 09:56:26,607 [Listener at 127.0.0.1/43879] INFO  impl.PendingRequests (PendingRequests.java:sendNotLeaderResponses(282)) - 1b053f0e-6c50-44bd-8a3e-e6e9059b4658@group-B1474FC66906-PendingRequests: sendNotLeaderResponses
2022-09-28 09:56:26,607 [Listener at 127.0.0.1/43879] INFO  impl.StateMachineUpdater (StateMachineUpdater.java:stopAndJoin(153)) - 1b053f0e-6c50-44bd-8a3e-e6e9059b4658@group-B1474FC66906-StateMachineUpdater: set stopIndex = 0
2022-09-28 09:56:26,610 [1b053f0e-6c50-44bd-8a3e-e6e9059b4658@group-B1474FC66906-StateMachineUpdater] INFO  ratis.ContainerStateMachine (ContainerStateMachine.java:takeSnapshot(304)) - group-B1474FC66906: Taking a snapshot at:(t:1, i:0) file /home/runner/work/ozone/ozone/hadoop-ozone/integration-test/target/test-dir/MiniOzoneClusterImpl-cfeb4578-2b30-44dc-9f0d-998ef01d83f0/datanode-4/data/ratis/d5b31e4b-6937-453f-aa56-b1474fc66906/sm/snapshot.1_0
2022-09-28 09:56:26,610 [1b053f0e-6c50-44bd-8a3e-e6e9059b4658@group-B1474FC66906-StateMachineUpdater] INFO  ratis.ContainerStateMachine (ContainerStateMachine.java:takeSnapshot(315)) - group-B1474FC66906: Finished taking a snapshot at:(t:1, i:0) file:/home/runner/work/ozone/ozone/hadoop-ozone/integration-test/target/test-dir/MiniOzoneClusterImpl-cfeb4578-2b30-44dc-9f0d-998ef01d83f0/datanode-4/data/ratis/d5b31e4b-6937-453f-aa56-b1474fc66906/sm/snapshot.1_0 took: 0 ms
2022-09-28 09:56:26,611 [1b053f0e-6c50-44bd-8a3e-e6e9059b4658@group-B1474FC66906-StateMachineUpdater] INFO  impl.StateMachineUpdater (StateMachineUpdater.java:takeSnapshot(287)) - 1b053f0e-6c50-44bd-8a3e-e6e9059b4658@group-B1474FC66906-StateMachineUpdater: Took a snapshot at index 0
2022-09-28 09:56:26,611 [1b053f0e-6c50-44bd-8a3e-e6e9059b4658@group-B1474FC66906-StateMachineUpdater] INFO  impl.StateMachineUpdater (StateMachineUpdater.java:lambda$new$0(92)) - 1b053f0e-6c50-44bd-8a3e-e6e9059b4658@group-B1474FC66906-StateMachineUpdater: snapshotIndex: updateIncreasingly -1 -> 0
2022-09-28 09:56:26,611 [Listener at 127.0.0.1/43879] INFO  server.RaftServer$Division (ServerState.java:close(429)) - 1b053f0e-6c50-44bd-8a3e-e6e9059b4658@group-B1474FC66906: closes. applyIndex: 0
2022-09-28 09:56:26,611 [1b053f0e-6c50-44bd-8a3e-e6e9059b4658@group-B1474FC66906-SegmentedRaftLogWorker] INFO  segmented.SegmentedRaftLogWorker (SegmentedRaftLogWorker.java:run(336)) - 1b053f0e-6c50-44bd-8a3e-e6e9059b4658@group-B1474FC66906-SegmentedRaftLogWorker was interrupted, exiting. There are 0 tasks remaining in the queue.
2022-09-28 09:56:26,612 [Listener at 127.0.0.1/43879] INFO  segmented.SegmentedRaftLogWorker (SegmentedRaftLogWorker.java:close(246)) - 1b053f0e-6c50-44bd-8a3e-e6e9059b4658@group-B1474FC66906-SegmentedRaftLogWorker close()
2022-09-28 09:56:26,625 [Listener at 127.0.0.1/43879] INFO  server.GrpcService (GrpcService.java:closeImpl(269)) - 1b053f0e-6c50-44bd-8a3e-e6e9059b4658: shutdown server with port 37401 now
2022-09-28 09:56:26,626 [Listener at 127.0.0.1/43879] INFO  server.GrpcService (GrpcService.java:closeImpl(278)) - 1b053f0e-6c50-44bd-8a3e-e6e9059b4658: shutdown server with port 37401 successfully
2022-09-28 09:56:26,632 [org.apache.ratis.util.JvmPauseMonitor$$Lambda$634/511600595@475a893] INFO  util.JvmPauseMonitor (JvmPauseMonitor.java:run(109)) - JvmPauseMonitor-1b053f0e-6c50-44bd-8a3e-e6e9059b4658: Stopped
2022-09-28 09:56:26,656 [ForkJoinPool.commonPool-worker-0] INFO  ozoneimpl.OzoneContainer (OzoneContainer.java:stop(400)) - Attempting to stop container services.
2022-09-28 09:56:26,657 [ForkJoinPool.commonPool-worker-0] INFO  server.RaftServer (RaftServerProxy.java:lambda$close$7(398)) - 2152fb0b-d20f-4f54-8933-ac8d98653da6: close
2022-09-28 09:56:26,657 [ForkJoinPool.commonPool-worker-0] INFO  server.RaftServer$Division (RaftServerImpl.java:lambda$close$4(434)) - 2152fb0b-d20f-4f54-8933-ac8d98653da6@group-BB6EE4D2CA5A: shutdown
2022-09-28 09:56:26,657 [ForkJoinPool.commonPool-worker-0] INFO  util.JmxRegister (JmxRegister.java:unregister(73)) - Successfully un-registered JMX Bean with object name Ratis:service=RaftServer,group=group-BB6EE4D2CA5A,id=2152fb0b-d20f-4f54-8933-ac8d98653da6
2022-09-28 09:56:26,657 [ForkJoinPool.commonPool-worker-0] INFO  impl.RoleInfo (RoleInfo.java:shutdownFollowerState(110)) - 2152fb0b-d20f-4f54-8933-ac8d98653da6: shutdown 2152fb0b-d20f-4f54-8933-ac8d98653da6@group-BB6EE4D2CA5A-FollowerState
2022-09-28 09:56:26,657 [ForkJoinPool.commonPool-worker-0] INFO  impl.StateMachineUpdater (StateMachineUpdater.java:stopAndJoin(153)) - 2152fb0b-d20f-4f54-8933-ac8d98653da6@group-BB6EE4D2CA5A-StateMachineUpdater: set stopIndex = 8
2022-09-28 09:56:26,657 [2152fb0b-d20f-4f54-8933-ac8d98653da6@group-BB6EE4D2CA5A-FollowerState] INFO  impl.FollowerState (FollowerState.java:run(152)) - 2152fb0b-d20f-4f54-8933-ac8d98653da6@group-BB6EE4D2CA5A-FollowerState was interrupted
2022-09-28 09:56:26,661 [2152fb0b-d20f-4f54-8933-ac8d98653da6@group-BB6EE4D2CA5A-StateMachineUpdater] INFO  ratis.ContainerStateMachine (ContainerStateMachine.java:takeSnapshot(304)) - group-BB6EE4D2CA5A: Taking a snapshot at:(t:1, i:8) file /home/runner/work/ozone/ozone/hadoop-ozone/integration-test/target/test-dir/MiniOzoneClusterImpl-cfeb4578-2b30-44dc-9f0d-998ef01d83f0/datanode-0/data/ratis/cd07f3a9-cf6a-4422-85a1-bb6ee4d2ca5a/sm/snapshot.1_8
2022-09-28 09:56:26,661 [2152fb0b-d20f-4f54-8933-ac8d98653da6@group-BB6EE4D2CA5A-StateMachineUpdater] INFO  ratis.ContainerStateMachine (ContainerStateMachine.java:takeSnapshot(315)) - group-BB6EE4D2CA5A: Finished taking a snapshot at:(t:1, i:8) file:/home/runner/work/ozone/ozone/hadoop-ozone/integration-test/target/test-dir/MiniOzoneClusterImpl-cfeb4578-2b30-44dc-9f0d-998ef01d83f0/datanode-0/data/ratis/cd07f3a9-cf6a-4422-85a1-bb6ee4d2ca5a/sm/snapshot.1_8 took: 0 ms
2022-09-28 09:56:26,662 [2152fb0b-d20f-4f54-8933-ac8d98653da6@group-BB6EE4D2CA5A-StateMachineUpdater] INFO  impl.StateMachineUpdater (StateMachineUpdater.java:takeSnapshot(287)) - 2152fb0b-d20f-4f54-8933-ac8d98653da6@group-BB6EE4D2CA5A-StateMachineUpdater: Took a snapshot at index 8
2022-09-28 09:56:26,662 [2152fb0b-d20f-4f54-8933-ac8d98653da6@group-BB6EE4D2CA5A-StateMachineUpdater] INFO  impl.StateMachineUpdater (StateMachineUpdater.java:lambda$new$0(92)) - 2152fb0b-d20f-4f54-8933-ac8d98653da6@group-BB6EE4D2CA5A-StateMachineUpdater: snapshotIndex: updateIncreasingly -1 -> 8
2022-09-28 09:56:26,664 [ForkJoinPool.commonPool-worker-0] INFO  server.RaftServer$Division (ServerState.java:close(429)) - 2152fb0b-d20f-4f54-8933-ac8d98653da6@group-BB6EE4D2CA5A: closes. applyIndex: 8
2022-09-28 09:56:26,664 [2152fb0b-d20f-4f54-8933-ac8d98653da6@group-BB6EE4D2CA5A-SegmentedRaftLogWorker] INFO  segmented.SegmentedRaftLogWorker (SegmentedRaftLogWorker.java:run(336)) - 2152fb0b-d20f-4f54-8933-ac8d98653da6@group-BB6EE4D2CA5A-SegmentedRaftLogWorker was interrupted, exiting. There are 0 tasks remaining in the queue.
2022-09-28 09:56:26,669 [ForkJoinPool.commonPool-worker-0] INFO  segmented.SegmentedRaftLogWorker (SegmentedRaftLogWorker.java:close(246)) - 2152fb0b-d20f-4f54-8933-ac8d98653da6@group-BB6EE4D2CA5A-SegmentedRaftLogWorker close()
2022-09-28 09:56:26,678 [ForkJoinPool.commonPool-worker-0] INFO  server.RaftServer$Division (RaftServerImpl.java:lambda$close$4(434)) - 2152fb0b-d20f-4f54-8933-ac8d98653da6@group-B454C6F8634A: shutdown
2022-09-28 09:56:26,678 [ForkJoinPool.commonPool-worker-0] INFO  util.JmxRegister (JmxRegister.java:unregister(73)) - Successfully un-registered JMX Bean with object name Ratis:service=RaftServer,group=group-B454C6F8634A,id=2152fb0b-d20f-4f54-8933-ac8d98653da6
2022-09-28 09:56:26,678 [ForkJoinPool.commonPool-worker-0] INFO  impl.RoleInfo (RoleInfo.java:shutdownLeaderState(93)) - 2152fb0b-d20f-4f54-8933-ac8d98653da6: shutdown 2152fb0b-d20f-4f54-8933-ac8d98653da6@group-B454C6F8634A-LeaderStateImpl
2022-09-28 09:56:26,678 [ForkJoinPool.commonPool-worker-0] INFO  impl.PendingRequests (PendingRequests.java:sendNotLeaderResponses(282)) - 2152fb0b-d20f-4f54-8933-ac8d98653da6@group-B454C6F8634A-PendingRequests: sendNotLeaderResponses
2022-09-28 09:56:26,678 [ForkJoinPool.commonPool-worker-0] INFO  impl.StateMachineUpdater (StateMachineUpdater.java:stopAndJoin(153)) - 2152fb0b-d20f-4f54-8933-ac8d98653da6@group-B454C6F8634A-StateMachineUpdater: set stopIndex = 0
2022-09-28 09:56:26,679 [2152fb0b-d20f-4f54-8933-ac8d98653da6@group-B454C6F8634A-StateMachineUpdater] INFO  ratis.ContainerStateMachine (ContainerStateMachine.java:takeSnapshot(304)) - group-B454C6F8634A: Taking a snapshot at:(t:1, i:0) file /home/runner/work/ozone/ozone/hadoop-ozone/integration-test/target/test-dir/MiniOzoneClusterImpl-cfeb4578-2b30-44dc-9f0d-998ef01d83f0/datanode-0/data/ratis/a12bff0a-f147-4e2c-ac5e-b454c6f8634a/sm/snapshot.1_0
2022-09-28 09:56:26,679 [2152fb0b-d20f-4f54-8933-ac8d98653da6@group-B454C6F8634A-StateMachineUpdater] INFO  ratis.ContainerStateMachine (ContainerStateMachine.java:takeSnapshot(315)) - group-B454C6F8634A: Finished taking a snapshot at:(t:1, i:0) file:/home/runner/work/ozone/ozone/hadoop-ozone/integration-test/target/test-dir/MiniOzoneClusterImpl-cfeb4578-2b30-44dc-9f0d-998ef01d83f0/datanode-0/data/ratis/a12bff0a-f147-4e2c-ac5e-b454c6f8634a/sm/snapshot.1_0 took: 1 ms
2022-09-28 09:56:26,679 [2152fb0b-d20f-4f54-8933-ac8d98653da6@group-B454C6F8634A-StateMachineUpdater] INFO  impl.StateMachineUpdater (StateMachineUpdater.java:takeSnapshot(287)) - 2152fb0b-d20f-4f54-8933-ac8d98653da6@group-B454C6F8634A-StateMachineUpdater: Took a snapshot at index 0
2022-09-28 09:56:26,679 [2152fb0b-d20f-4f54-8933-ac8d98653da6@group-B454C6F8634A-StateMachineUpdater] INFO  impl.StateMachineUpdater (StateMachineUpdater.java:lambda$new$0(92)) - 2152fb0b-d20f-4f54-8933-ac8d98653da6@group-B454C6F8634A-StateMachineUpdater: snapshotIndex: updateIncreasingly -1 -> 0
2022-09-28 09:56:26,681 [ForkJoinPool.commonPool-worker-0] INFO  server.RaftServer$Division (ServerState.java:close(429)) - 2152fb0b-d20f-4f54-8933-ac8d98653da6@group-B454C6F8634A: closes. applyIndex: 0
2022-09-28 09:56:26,681 [2152fb0b-d20f-4f54-8933-ac8d98653da6@group-B454C6F8634A-SegmentedRaftLogWorker] INFO  segmented.SegmentedRaftLogWorker (SegmentedRaftLogWorker.java:run(336)) - 2152fb0b-d20f-4f54-8933-ac8d98653da6@group-B454C6F8634A-SegmentedRaftLogWorker was interrupted, exiting. There are 0 tasks remaining in the queue.
2022-09-28 09:56:26,683 [ForkJoinPool.commonPool-worker-0] INFO  segmented.SegmentedRaftLogWorker (SegmentedRaftLogWorker.java:close(246)) - 2152fb0b-d20f-4f54-8933-ac8d98653da6@group-B454C6F8634A-SegmentedRaftLogWorker close()
2022-09-28 09:56:26,683 [ForkJoinPool.commonPool-worker-0] INFO  server.RaftServer$Division (RaftServerImpl.java:lambda$close$4(434)) - 2152fb0b-d20f-4f54-8933-ac8d98653da6@group-8D5415D4B3C7: shutdown
2022-09-28 09:56:26,683 [ForkJoinPool.commonPool-worker-0] INFO  util.JmxRegister (JmxRegister.java:unregister(73)) - Successfully un-registered JMX Bean with object name Ratis:service=RaftServer,group=group-8D5415D4B3C7,id=2152fb0b-d20f-4f54-8933-ac8d98653da6
2022-09-28 09:56:26,683 [ForkJoinPool.commonPool-worker-0] INFO  impl.RoleInfo (RoleInfo.java:shutdownFollowerState(110)) - 2152fb0b-d20f-4f54-8933-ac8d98653da6: shutdown 2152fb0b-d20f-4f54-8933-ac8d98653da6@group-8D5415D4B3C7-FollowerState
2022-09-28 09:56:26,683 [ForkJoinPool.commonPool-worker-0] INFO  impl.StateMachineUpdater (StateMachineUpdater.java:stopAndJoin(153)) - 2152fb0b-d20f-4f54-8933-ac8d98653da6@group-8D5415D4B3C7-StateMachineUpdater: set stopIndex = 21
2022-09-28 09:56:26,683 [2152fb0b-d20f-4f54-8933-ac8d98653da6@group-8D5415D4B3C7-FollowerState] INFO  impl.FollowerState (FollowerState.java:run(152)) - 2152fb0b-d20f-4f54-8933-ac8d98653da6@group-8D5415D4B3C7-FollowerState was interrupted
2022-09-28 09:56:26,684 [2152fb0b-d20f-4f54-8933-ac8d98653da6@group-8D5415D4B3C7-StateMachineUpdater] INFO  ratis.ContainerStateMachine (ContainerStateMachine.java:takeSnapshot(304)) - group-8D5415D4B3C7: Taking a snapshot at:(t:1, i:21) file /home/runner/work/ozone/ozone/hadoop-ozone/integration-test/target/test-dir/MiniOzoneClusterImpl-cfeb4578-2b30-44dc-9f0d-998ef01d83f0/datanode-0/data/ratis/c91f1afb-8d7e-434b-9c62-8d5415d4b3c7/sm/snapshot.1_21
2022-09-28 09:56:26,685 [2152fb0b-d20f-4f54-8933-ac8d98653da6@group-8D5415D4B3C7-StateMachineUpdater] INFO  ratis.ContainerStateMachine (ContainerStateMachine.java:takeSnapshot(315)) - group-8D5415D4B3C7: Finished taking a snapshot at:(t:1, i:21) file:/home/runner/work/ozone/ozone/hadoop-ozone/integration-test/target/test-dir/MiniOzoneClusterImpl-cfeb4578-2b30-44dc-9f0d-998ef01d83f0/datanode-0/data/ratis/c91f1afb-8d7e-434b-9c62-8d5415d4b3c7/sm/snapshot.1_21 took: 1 ms
2022-09-28 09:56:26,685 [2152fb0b-d20f-4f54-8933-ac8d98653da6@group-8D5415D4B3C7-StateMachineUpdater] INFO  impl.StateMachineUpdater (StateMachineUpdater.java:takeSnapshot(287)) - 2152fb0b-d20f-4f54-8933-ac8d98653da6@group-8D5415D4B3C7-StateMachineUpdater: Took a snapshot at index 21
2022-09-28 09:56:26,685 [2152fb0b-d20f-4f54-8933-ac8d98653da6@group-8D5415D4B3C7-StateMachineUpdater] INFO  impl.StateMachineUpdater (StateMachineUpdater.java:lambda$new$0(92)) - 2152fb0b-d20f-4f54-8933-ac8d98653da6@group-8D5415D4B3C7-StateMachineUpdater: snapshotIndex: updateIncreasingly -1 -> 21
2022-09-28 09:56:26,685 [ForkJoinPool.commonPool-worker-0] INFO  server.RaftServer$Division (ServerState.java:close(429)) - 2152fb0b-d20f-4f54-8933-ac8d98653da6@group-8D5415D4B3C7: closes. applyIndex: 21
2022-09-28 09:56:26,686 [2152fb0b-d20f-4f54-8933-ac8d98653da6@group-8D5415D4B3C7-SegmentedRaftLogWorker] INFO  segmented.SegmentedRaftLogWorker (SegmentedRaftLogWorker.java:run(336)) - 2152fb0b-d20f-4f54-8933-ac8d98653da6@group-8D5415D4B3C7-SegmentedRaftLogWorker was interrupted, exiting. There are 0 tasks remaining in the queue.
2022-09-28 09:56:26,697 [ForkJoinPool.commonPool-worker-0] INFO  segmented.SegmentedRaftLogWorker (SegmentedRaftLogWorker.java:close(246)) - 2152fb0b-d20f-4f54-8933-ac8d98653da6@group-8D5415D4B3C7-SegmentedRaftLogWorker close()
2022-09-28 09:56:26,698 [ForkJoinPool.commonPool-worker-0] INFO  server.GrpcService (GrpcService.java:closeImpl(269)) - 2152fb0b-d20f-4f54-8933-ac8d98653da6: shutdown server with port 35785 now
2022-09-28 09:56:26,700 [grpc-default-executor-3] WARN  server.GrpcClientProtocolService (LogUtils.java:warn(122)) - 3-UnorderedRequestStreamObserver3: onError: org.apache.ratis.thirdparty.io.grpc.StatusRuntimeException: CANCELLED: client cancelled
2022-09-28 09:56:26,718 [ForkJoinPool.commonPool-worker-0] INFO  server.GrpcService (GrpcService.java:closeImpl(278)) - 2152fb0b-d20f-4f54-8933-ac8d98653da6: shutdown server with port 35785 successfully
2022-09-28 09:56:26,719 [org.apache.ratis.util.JvmPauseMonitor$$Lambda$634/511600595@2075f05a] INFO  util.JvmPauseMonitor (JvmPauseMonitor.java:run(109)) - JvmPauseMonitor-2152fb0b-d20f-4f54-8933-ac8d98653da6: Stopped
2022-09-28 09:56:28,656 [Listener at 127.0.0.1/43879] INFO  utils.BackgroundService (BackgroundService.java:shutdown(141)) - Shutting down service BlockDeletingService
2022-09-28 09:56:28,657 [Listener at 127.0.0.1/43879] INFO  utils.BackgroundService (BackgroundService.java:shutdown(141)) - Shutting down service StaleRecoveringContainerScrubbingService
2022-09-28 09:56:28,782 [ForkJoinPool.commonPool-worker-0] INFO  utils.BackgroundService (BackgroundService.java:shutdown(141)) - Shutting down service BlockDeletingService
2022-09-28 09:56:28,782 [ForkJoinPool.commonPool-worker-0] INFO  utils.BackgroundService (BackgroundService.java:shutdown(141)) - Shutting down service StaleRecoveringContainerScrubbingService
2022-09-28 09:56:31,661 [Listener at 127.0.0.1/43879] INFO  statemachine.DatanodeStateMachine (DatanodeStateMachine.java:stopDaemon(580)) - Ozone container server stopped.
2022-09-28 09:56:31,680 [Listener at 127.0.0.1/43879] INFO  handler.ContextHandler (ContextHandler.java:doStop(1153)) - Stopped o.e.j.w.WebAppContext@11c40102{hddsDatanode,/,null,STOPPED}{jar:file:/home/runner/.m2/repository/org/apache/ozone/hdds-container-service/1.3.0-SNAPSHOT/hdds-container-service-1.3.0-SNAPSHOT.jar!/webapps/hddsDatanode}
2022-09-28 09:56:31,682 [Listener at 127.0.0.1/43879] INFO  server.AbstractConnector (AbstractConnector.java:doStop(381)) - Stopped ServerConnector@37675fc7{HTTP/1.1, (http/1.1)}{0.0.0.0:0}
2022-09-28 09:56:31,682 [Listener at 127.0.0.1/43879] INFO  server.session (HouseKeeper.java:stopScavenging(149)) - node0 Stopped scavenging
2022-09-28 09:56:31,683 [Listener at 127.0.0.1/43879] INFO  handler.ContextHandler (ContextHandler.java:doStop(1153)) - Stopped o.e.j.s.ServletContextHandler@7f415ae0{static,/static,jar:file:/home/runner/.m2/repository/org/apache/ozone/hdds-container-service/1.3.0-SNAPSHOT/hdds-container-service-1.3.0-SNAPSHOT.jar!/webapps/static,STOPPED}
2022-09-28 09:56:31,683 [Listener at 127.0.0.1/43879] INFO  handler.ContextHandler (ContextHandler.java:doStop(1153)) - Stopped o.e.j.s.ServletContextHandler@4caa03a9{logs,/logs,file:///home/runner/work/ozone/ozone/hadoop-ozone/integration-test/target/log,STOPPED}
2022-09-28 09:56:31,783 [ForkJoinPool.commonPool-worker-0] INFO  statemachine.DatanodeStateMachine (DatanodeStateMachine.java:stopDaemon(580)) - Ozone container server stopped.
2022-09-28 09:56:31,825 [ForkJoinPool.commonPool-worker-0] INFO  handler.ContextHandler (ContextHandler.java:doStop(1153)) - Stopped o.e.j.w.WebAppContext@73c53860{hddsDatanode,/,null,STOPPED}{jar:file:/home/runner/.m2/repository/org/apache/ozone/hdds-container-service/1.3.0-SNAPSHOT/hdds-container-service-1.3.0-SNAPSHOT.jar!/webapps/hddsDatanode}
2022-09-28 09:56:31,826 [ForkJoinPool.commonPool-worker-0] INFO  server.AbstractConnector (AbstractConnector.java:doStop(381)) - Stopped ServerConnector@31b38a32{HTTP/1.1, (http/1.1)}{0.0.0.0:0}
2022-09-28 09:56:31,826 [ForkJoinPool.commonPool-worker-0] INFO  server.session (HouseKeeper.java:stopScavenging(149)) - node0 Stopped scavenging
2022-09-28 09:56:31,844 [ForkJoinPool.commonPool-worker-0] INFO  handler.ContextHandler (ContextHandler.java:doStop(1153)) - Stopped o.e.j.s.ServletContextHandler@3cd5db14{static,/static,jar:file:/home/runner/.m2/repository/org/apache/ozone/hdds-container-service/1.3.0-SNAPSHOT/hdds-container-service-1.3.0-SNAPSHOT.jar!/webapps/static,STOPPED}
2022-09-28 09:56:31,849 [ForkJoinPool.commonPool-worker-0] INFO  handler.ContextHandler (ContextHandler.java:doStop(1153)) - Stopped o.e.j.s.ServletContextHandler@44757ab5{logs,/logs,file:///home/runner/work/ozone/ozone/hadoop-ozone/integration-test/target/log,STOPPED}
2022-09-28 09:56:36,699 [Listener at 127.0.0.1/43879] INFO  ozoneimpl.OzoneContainer (OzoneContainer.java:stop(400)) - Attempting to stop container services.
2022-09-28 09:56:36,699 [Listener at 127.0.0.1/43879] INFO  server.RaftServer (RaftServerProxy.java:lambda$close$7(398)) - f6366748-b663-4af7-9537-447b2f8f9c55: close
2022-09-28 09:56:36,699 [Listener at 127.0.0.1/43879] INFO  server.RaftServer$Division (RaftServerImpl.java:lambda$close$4(434)) - f6366748-b663-4af7-9537-447b2f8f9c55@group-2A8854C92619: shutdown
2022-09-28 09:56:36,700 [Listener at 127.0.0.1/43879] INFO  util.JmxRegister (JmxRegister.java:unregister(73)) - Successfully un-registered JMX Bean with object name Ratis:service=RaftServer,group=group-2A8854C92619,id=f6366748-b663-4af7-9537-447b2f8f9c55
2022-09-28 09:56:36,700 [Listener at 127.0.0.1/43879] INFO  impl.RoleInfo (RoleInfo.java:shutdownLeaderState(93)) - f6366748-b663-4af7-9537-447b2f8f9c55: shutdown f6366748-b663-4af7-9537-447b2f8f9c55@group-2A8854C92619-LeaderStateImpl
2022-09-28 09:56:36,700 [Listener at 127.0.0.1/43879] INFO  impl.PendingRequests (PendingRequests.java:sendNotLeaderResponses(282)) - f6366748-b663-4af7-9537-447b2f8f9c55@group-2A8854C92619-PendingRequests: sendNotLeaderResponses
2022-09-28 09:56:36,700 [Listener at 127.0.0.1/43879] INFO  impl.StateMachineUpdater (StateMachineUpdater.java:stopAndJoin(153)) - f6366748-b663-4af7-9537-447b2f8f9c55@group-2A8854C92619-StateMachineUpdater: set stopIndex = 0
2022-09-28 09:56:36,701 [f6366748-b663-4af7-9537-447b2f8f9c55@group-2A8854C92619-StateMachineUpdater] INFO  ratis.ContainerStateMachine (ContainerStateMachine.java:takeSnapshot(304)) - group-2A8854C92619: Taking a snapshot at:(t:1, i:0) file /home/runner/work/ozone/ozone/hadoop-ozone/integration-test/target/test-dir/MiniOzoneClusterImpl-cfeb4578-2b30-44dc-9f0d-998ef01d83f0/datanode-3/data/ratis/fcf2349e-0a87-42ec-8005-2a8854c92619/sm/snapshot.1_0
2022-09-28 09:56:36,703 [f6366748-b663-4af7-9537-447b2f8f9c55@group-2A8854C92619-StateMachineUpdater] INFO  ratis.ContainerStateMachine (ContainerStateMachine.java:takeSnapshot(315)) - group-2A8854C92619: Finished taking a snapshot at:(t:1, i:0) file:/home/runner/work/ozone/ozone/hadoop-ozone/integration-test/target/test-dir/MiniOzoneClusterImpl-cfeb4578-2b30-44dc-9f0d-998ef01d83f0/datanode-3/data/ratis/fcf2349e-0a87-42ec-8005-2a8854c92619/sm/snapshot.1_0 took: 2 ms
2022-09-28 09:56:36,703 [f6366748-b663-4af7-9537-447b2f8f9c55@group-2A8854C92619-StateMachineUpdater] INFO  impl.StateMachineUpdater (StateMachineUpdater.java:takeSnapshot(287)) - f6366748-b663-4af7-9537-447b2f8f9c55@group-2A8854C92619-StateMachineUpdater: Took a snapshot at index 0
2022-09-28 09:56:36,703 [f6366748-b663-4af7-9537-447b2f8f9c55@group-2A8854C92619-StateMachineUpdater] INFO  impl.StateMachineUpdater (StateMachineUpdater.java:lambda$new$0(92)) - f6366748-b663-4af7-9537-447b2f8f9c55@group-2A8854C92619-StateMachineUpdater: snapshotIndex: updateIncreasingly -1 -> 0
2022-09-28 09:56:36,703 [Listener at 127.0.0.1/43879] INFO  server.RaftServer$Division (ServerState.java:close(429)) - f6366748-b663-4af7-9537-447b2f8f9c55@group-2A8854C92619: closes. applyIndex: 0
2022-09-28 09:56:36,704 [f6366748-b663-4af7-9537-447b2f8f9c55@group-2A8854C92619-SegmentedRaftLogWorker] INFO  segmented.SegmentedRaftLogWorker (SegmentedRaftLogWorker.java:run(336)) - f6366748-b663-4af7-9537-447b2f8f9c55@group-2A8854C92619-SegmentedRaftLogWorker was interrupted, exiting. There are 0 tasks remaining in the queue.
2022-09-28 09:56:36,704 [Listener at 127.0.0.1/43879] INFO  segmented.SegmentedRaftLogWorker (SegmentedRaftLogWorker.java:close(246)) - f6366748-b663-4af7-9537-447b2f8f9c55@group-2A8854C92619-SegmentedRaftLogWorker close()
2022-09-28 09:56:36,705 [Listener at 127.0.0.1/43879] INFO  server.GrpcService (GrpcService.java:closeImpl(269)) - f6366748-b663-4af7-9537-447b2f8f9c55: shutdown server with port 38099 now
2022-09-28 09:56:36,706 [Listener at 127.0.0.1/43879] INFO  server.GrpcService (GrpcService.java:closeImpl(278)) - f6366748-b663-4af7-9537-447b2f8f9c55: shutdown server with port 38099 successfully
2022-09-28 09:56:36,706 [org.apache.ratis.util.JvmPauseMonitor$$Lambda$634/511600595@26370ee1] INFO  util.JvmPauseMonitor (JvmPauseMonitor.java:run(109)) - JvmPauseMonitor-f6366748-b663-4af7-9537-447b2f8f9c55: Stopped
2022-09-28 09:56:38,745 [Listener at 127.0.0.1/43879] INFO  utils.BackgroundService (BackgroundService.java:shutdown(141)) - Shutting down service BlockDeletingService
2022-09-28 09:56:38,746 [Listener at 127.0.0.1/43879] INFO  utils.BackgroundService (BackgroundService.java:shutdown(141)) - Shutting down service StaleRecoveringContainerScrubbingService
2022-09-28 09:56:41,768 [Listener at 127.0.0.1/43879] INFO  statemachine.DatanodeStateMachine (DatanodeStateMachine.java:stopDaemon(580)) - Ozone container server stopped.
2022-09-28 09:56:41,800 [Listener at 127.0.0.1/43879] INFO  handler.ContextHandler (ContextHandler.java:doStop(1153)) - Stopped o.e.j.w.WebAppContext@ead7f93{hddsDatanode,/,null,STOPPED}{jar:file:/home/runner/.m2/repository/org/apache/ozone/hdds-container-service/1.3.0-SNAPSHOT/hdds-container-service-1.3.0-SNAPSHOT.jar!/webapps/hddsDatanode}
2022-09-28 09:56:41,802 [Listener at 127.0.0.1/43879] INFO  server.AbstractConnector (AbstractConnector.java:doStop(381)) - Stopped ServerConnector@2d0ae88a{HTTP/1.1, (http/1.1)}{0.0.0.0:0}
2022-09-28 09:56:41,802 [Listener at 127.0.0.1/43879] INFO  server.session (HouseKeeper.java:stopScavenging(149)) - node0 Stopped scavenging
2022-09-28 09:56:41,804 [Listener at 127.0.0.1/43879] INFO  handler.ContextHandler (ContextHandler.java:doStop(1153)) - Stopped o.e.j.s.ServletContextHandler@25ab4b84{static,/static,jar:file:/home/runner/.m2/repository/org/apache/ozone/hdds-container-service/1.3.0-SNAPSHOT/hdds-container-service-1.3.0-SNAPSHOT.jar!/webapps/static,STOPPED}
2022-09-28 09:56:41,805 [Listener at 127.0.0.1/43879] INFO  handler.ContextHandler (ContextHandler.java:doStop(1153)) - Stopped o.e.j.s.ServletContextHandler@5db5190b{logs,/logs,file:///home/runner/work/ozone/ozone/hadoop-ozone/integration-test/target/log,STOPPED}
2022-09-28 09:56:41,809 [Listener at 127.0.0.1/43879] INFO  ozone.MiniOzoneClusterImpl (MiniOzoneClusterImpl.java:stopSCM(537)) - Stopping the StorageContainerManager
2022-09-28 09:56:41,809 [Listener at 127.0.0.1/43879] INFO  server.StorageContainerManager (StorageContainerManager.java:stop(1528)) - Container Balancer is not running.
2022-09-28 09:56:41,809 [Listener at 127.0.0.1/43879] INFO  server.StorageContainerManager (StorageContainerManager.java:stop(1535)) - Stopping Replication Manager Service.
2022-09-28 09:56:41,809 [Listener at 127.0.0.1/43879] INFO  replication.ReplicationManager (ReplicationManager.java:stop(255)) - Stopping Replication Monitor Thread.
2022-09-28 09:56:41,809 [Listener at 127.0.0.1/43879] INFO  server.StorageContainerManager (StorageContainerManager.java:stop(1542)) - Stopping the Datanode Admin Monitor.
2022-09-28 09:56:41,809 [Listener at 127.0.0.1/43879] INFO  server.StorageContainerManager (StorageContainerManager.java:stop(1549)) - Stopping Lease Manager of the command watchers
2022-09-28 09:56:41,809 [Listener at 127.0.0.1/43879] INFO  server.StorageContainerManager (StorageContainerManager.java:stop(1556)) - Stopping datanode service RPC server
2022-09-28 09:56:41,809 [Listener at 127.0.0.1/43879] INFO  server.SCMDatanodeProtocolServer (SCMDatanodeProtocolServer.java:stop(414)) - Stopping the RPC server for DataNodes
2022-09-28 09:56:41,809 [Listener at 127.0.0.1/43879] INFO  ipc.Server (Server.java:stop(3414)) - Stopping server on 39311
2022-09-28 09:56:41,809 [ReplicationMonitor] INFO  replication.ReplicationManager (ReplicationManager.java:run(507)) - Replication Monitor Thread is stopped
2022-09-28 09:56:41,809 [Over Replicated Processor] WARN  replication.OverReplicatedProcessor (OverReplicatedProcessor.java:run(137)) - Over Replicated Processor interrupted. Exiting...
2022-09-28 09:56:41,810 [Under Replicated Processor] WARN  replication.UnderReplicatedProcessor (UnderReplicatedProcessor.java:run(148)) - Under Replicated Processor interrupted. Exiting...
2022-09-28 09:56:41,826 [IPC Server listener on 0] INFO  ipc.Server (Server.java:run(1376)) - Stopping IPC Server listener on 0
2022-09-28 09:56:41,848 [IPC Server Responder] INFO  ipc.Server (Server.java:run(1512)) - Stopping IPC Server Responder
2022-09-28 09:56:41,878 [SCM Heartbeat Processing Thread - 0] WARN  node.NodeStateManager (NodeStateManager.java:scheduleNextHealthCheck(870)) - Current Thread is interrupted, shutting down HB processing thread for Node Manager.
2022-09-28 09:56:41,878 [Listener at 127.0.0.1/43879] INFO  server.StorageContainerManager (StorageContainerManager.java:stop(1564)) - Stopping block service RPC server
2022-09-28 09:56:41,878 [Listener at 127.0.0.1/43879] INFO  server.SCMBlockProtocolServer (SCMBlockProtocolServer.java:stop(161)) - Stopping the RPC server for Block Protocol
2022-09-28 09:56:41,878 [Listener at 127.0.0.1/43879] INFO  ipc.Server (Server.java:stop(3414)) - Stopping server on 39545
2022-09-28 09:56:41,889 [IPC Server Responder] INFO  ipc.Server (Server.java:run(1512)) - Stopping IPC Server Responder
2022-09-28 09:56:41,890 [Listener at 127.0.0.1/43879] INFO  server.StorageContainerManager (StorageContainerManager.java:stop(1571)) - Stopping the StorageContainerLocationProtocol RPC server
2022-09-28 09:56:41,890 [Listener at 127.0.0.1/43879] INFO  server.SCMClientProtocolServer (SCMClientProtocolServer.java:stop(179)) - Stopping the RPC server for Client Protocol
2022-09-28 09:56:41,890 [Listener at 127.0.0.1/43879] INFO  ipc.Server (Server.java:stop(3414)) - Stopping server on 42343
2022-09-28 09:56:41,891 [IPC Server listener on 0] INFO  ipc.Server (Server.java:run(1376)) - Stopping IPC Server listener on 0
2022-09-28 09:56:41,897 [Listener at 127.0.0.1/43879] INFO  server.StorageContainerManager (StorageContainerManager.java:stop(1578)) - Stopping Storage Container Manager HTTP server.
2022-09-28 09:56:41,897 [Listener at 127.0.0.1/43879] INFO  handler.ContextHandler (ContextHandler.java:doStop(1153)) - Stopped o.e.j.w.WebAppContext@399f3ea3{scm,/,null,STOPPED}{file:/home/runner/work/ozone/ozone/hadoop-ozone/integration-test/target/test-classes/webapps/scm}
2022-09-28 09:56:41,897 [IPC Server listener on 0] INFO  ipc.Server (Server.java:run(1376)) - Stopping IPC Server listener on 0
2022-09-28 09:56:41,898 [Listener at 127.0.0.1/43879] INFO  server.AbstractConnector (AbstractConnector.java:doStop(381)) - Stopped ServerConnector@4c57e410{HTTP/1.1, (http/1.1)}{0.0.0.0:0}
2022-09-28 09:56:41,898 [IPC Server Responder] INFO  ipc.Server (Server.java:run(1512)) - Stopping IPC Server Responder
2022-09-28 09:56:41,898 [Listener at 127.0.0.1/43879] INFO  server.session (HouseKeeper.java:stopScavenging(149)) - node0 Stopped scavenging
2022-09-28 09:56:41,898 [Listener at 127.0.0.1/43879] INFO  handler.ContextHandler (ContextHandler.java:doStop(1153)) - Stopped o.e.j.s.ServletContextHandler@759216cb{static,/static,file:///home/runner/work/ozone/ozone/hadoop-ozone/integration-test/target/test-classes/webapps/static,STOPPED}
2022-09-28 09:56:41,898 [Listener at 127.0.0.1/43879] INFO  handler.ContextHandler (ContextHandler.java:doStop(1153)) - Stopped o.e.j.s.ServletContextHandler@2e96b7f6{logs,/logs,file:///home/runner/work/ozone/ozone/hadoop-ozone/integration-test/target/log,STOPPED}
2022-09-28 09:56:41,914 [Listener at 127.0.0.1/43879] INFO  server.StorageContainerManager (StorageContainerManager.java:stop(1584)) - Stopping SCM LayoutVersionManager Service.
2022-09-28 09:56:41,914 [Listener at 127.0.0.1/43879] INFO  server.StorageContainerManager (StorageContainerManager.java:stop(1592)) - Stopping Block Manager Service.
2022-09-28 09:56:41,915 [Listener at 127.0.0.1/43879] INFO  utils.BackgroundService (BackgroundService.java:shutdown(141)) - Shutting down service SCMBlockDeletingService
2022-09-28 09:56:41,915 [Listener at 127.0.0.1/43879] INFO  utils.BackgroundService (BackgroundService.java:shutdown(141)) - Shutting down service SCMBlockDeletingService
2022-09-28 09:56:41,915 [Listener at 127.0.0.1/43879] INFO  server.StorageContainerManager (StorageContainerManager.java:stop(1619)) - Stopping SCM Event Queue.
2022-09-28 09:56:41,917 [Listener at 127.0.0.1/43879] INFO  server.StorageContainerManager (StorageContainerManager.java:stop(1630)) - Stopping SCM HA services.
2022-09-28 09:56:41,917 [Listener at 127.0.0.1/43879] INFO  pipeline.BackgroundPipelineCreator (BackgroundPipelineCreator.java:stop(149)) - Stopping RatisPipelineUtilsThread.
2022-09-28 09:56:41,917 [RatisPipelineUtilsThread - 0] WARN  pipeline.BackgroundPipelineCreator (BackgroundPipelineCreator.java:run(180)) - RatisPipelineUtilsThread is interrupted.
2022-09-28 09:56:41,918 [BackgroundPipelineScrubberThread] WARN  BackgroundPipelineScrubber (BackgroundSCMService.java:run(115)) - BackgroundPipelineScrubber is interrupted, exit
2022-09-28 09:56:41,918 [Listener at 127.0.0.1/43879] INFO  BackgroundPipelineScrubber (BackgroundSCMService.java:stop(131)) - Stopping BackgroundPipelineScrubber Service.
2022-09-28 09:56:41,918 [Listener at 127.0.0.1/43879] INFO  server.StorageContainerManager (StorageContainerManager.java:stop(1640)) - Stopping SCM MetadataStore.
2022-09-28 09:56:41,919 [Listener at 127.0.0.1/43879] INFO  impl.MetricsSystemImpl (MetricsSystemImpl.java:stop(210)) - Stopping HddsDatanode metrics system...
2022-09-28 09:56:41,928 [prometheus] INFO  impl.MetricsSinkAdapter (MetricsSinkAdapter.java:publishMetricsFromQueue(141)) - prometheus thread interrupted.
2022-09-28 09:56:41,928 [Listener at 127.0.0.1/43879] INFO  impl.MetricsSystemImpl (MetricsSystemImpl.java:stop(216)) - HddsDatanode metrics system stopped.
2022-09-28 09:56:42,207 [Listener at 127.0.0.1/43879] WARN  server.ServerUtils (ServerUtils.java:getScmDbDir(148)) - ozone.scm.db.dirs is not configured. We recommend adding this setting. Falling back to ozone.metadata.dirs instead.
2022-09-28 09:56:42,227 [Listener at 127.0.0.1/43879] WARN  server.ServerUtils (ServerUtils.java:getScmDbDir(148)) - ozone.scm.db.dirs is not configured. We recommend adding this setting. Falling back to ozone.metadata.dirs instead.
2022-09-28 09:56:42,227 [Listener at 127.0.0.1/43879] INFO  ha.SCMHANodeDetails (SCMHANodeDetails.java:loadSCMHAConfig(209)) - ServiceID for StorageContainerManager is null
2022-09-28 09:56:42,227 [Listener at 127.0.0.1/43879] INFO  ha.SCMHANodeDetails (SCMHANodeDetails.java:loadSCMHAConfig(214)) - ozone.scm.default.service.id is not defined, falling back to ozone.scm.service.ids to find serviceID for StorageContainerManager if it is HA enabled cluster
2022-09-28 09:56:42,232 [Listener at 127.0.0.1/43879] WARN  utils.HAUtils (HAUtils.java:getMetaDir(342)) - ozone.scm.db.dirs is not configured. We recommend adding this setting. Falling back to ozone.metadata.dirs instead.
2022-09-28 09:56:42,233 [Listener at 127.0.0.1/43879] WARN  db.DBStoreBuilder (DBStoreBuilder.java:applyDBDefinition(144)) - ozone.scm.db.dirs is not configured. We recommend adding this setting. Falling back to ozone.metadata.dirs instead.
2022-09-28 09:56:42,541 [Listener at 127.0.0.1/43879] INFO  net.NodeSchemaLoader (NodeSchemaLoader.java:loadSchemaFromFile(129)) - Loading schema from [jar:file:/home/runner/.m2/repository/org/apache/ozone/hdds-common/1.3.0-SNAPSHOT/hdds-common-1.3.0-SNAPSHOT.jar!/network-topology-default.xml]
2022-09-28 09:56:42,541 [Listener at 127.0.0.1/43879] INFO  net.NodeSchemaLoader (NodeSchemaLoader.java:loadSchema(176)) - Loading network topology layer schema file
2022-09-28 09:56:42,561 [Listener at 127.0.0.1/43879] INFO  upgrade.AbstractLayoutVersionManager (AbstractLayoutVersionManager.java:init(83)) - Initializing Layout version manager with metadata layout = DATANODE_SCHEMA_V3 (version = 4), software layout = DATANODE_SCHEMA_V3 (version = 4)
2022-09-28 09:56:42,736 [Listener at 127.0.0.1/43879] INFO  reflections.Reflections (Reflections.java:scan(232)) - Reflections took 174 ms to scan 7 urls, producing 135 keys and 327 values 
2022-09-28 09:56:42,753 [Listener at 127.0.0.1/43879] INFO  ha.SequenceIdGenerator (SequenceIdGenerator.java:upgradeToSequenceId(349)) - upgrade localId to 109611004723200000
2022-09-28 09:56:42,753 [Listener at 127.0.0.1/43879] INFO  ha.SequenceIdGenerator (SequenceIdGenerator.java:upgradeToSequenceId(359)) - upgrade delTxnId to 0
2022-09-28 09:56:42,753 [Listener at 127.0.0.1/43879] INFO  ha.SequenceIdGenerator (SequenceIdGenerator.java:upgradeToSequenceId(376)) - upgrade containerId to 0
2022-09-28 09:56:42,753 [Listener at 127.0.0.1/43879] INFO  ha.SequenceIdGenerator (SequenceIdGenerator.java:<init>(220)) - Init the HA SequenceIdGenerator.
2022-09-28 09:56:42,765 [Listener at 127.0.0.1/43879] WARN  server.ServerUtils (ServerUtils.java:sanitizeUserArgs(73)) - ozone.scm.stale.node.interval value = 300000 is larger than max = 100000 based on the key value of ozone.scm.heartbeat.thread.interval, reset to the max value 100000.
2022-09-28 09:56:42,765 [Listener at 127.0.0.1/43879] WARN  server.ServerUtils (ServerUtils.java:sanitizeUserArgs(73)) - ozone.scm.stale.node.interval value = 300000 is larger than max = 100000 based on the key value of ozone.scm.heartbeat.thread.interval, reset to the max value 100000.
2022-09-28 09:56:42,776 [Listener at 127.0.0.1/43879] INFO  node.SCMNodeManager (SCMNodeManager.java:<init>(149)) - Entering startup safe mode.
2022-09-28 09:56:42,777 [Listener at 127.0.0.1/43879] INFO  algorithms.ContainerPlacementPolicyFactory (ContainerPlacementPolicyFactory.java:getPolicyInternal(86)) - Create container placement policy of type org.apache.hadoop.hdds.scm.container.placement.algorithms.SCMContainerPlacementRandom
2022-09-28 09:56:42,777 [Listener at 127.0.0.1/43879] INFO  algorithms.ContainerPlacementPolicyFactory (ContainerPlacementPolicyFactory.java:getPolicyInternal(86)) - Create container placement policy of type org.apache.hadoop.hdds.scm.container.placement.algorithms.SCMContainerPlacementRackScatter
2022-09-28 09:56:42,777 [Listener at 127.0.0.1/43879] INFO  pipeline.PipelineStateManagerImpl (PipelineStateManagerImpl.java:initialize(78)) - No pipeline exists in current db
2022-09-28 09:56:42,777 [Listener at 127.0.0.1/43879] INFO  algorithms.LeaderChoosePolicyFactory (LeaderChoosePolicyFactory.java:getPolicy(57)) - Create leader choose policy of type org.apache.hadoop.hdds.scm.pipeline.leader.choose.algorithms.MinLeaderCountChoosePolicy
2022-09-28 09:56:42,777 [Listener at 127.0.0.1/43879] INFO  algorithms.ContainerPlacementPolicyFactory (ContainerPlacementPolicyFactory.java:getPolicyInternal(86)) - Create container placement policy of type org.apache.hadoop.hdds.scm.container.placement.algorithms.SCMContainerPlacementRackScatter
2022-09-28 09:56:42,778 [Listener at 127.0.0.1/43879] INFO  ha.SCMServiceManager (SCMServiceManager.java:register(42)) - Registering service BackgroundPipelineCreator.
2022-09-28 09:56:42,778 [Listener at 127.0.0.1/43879] INFO  pipeline.BackgroundPipelineCreator (BackgroundPipelineCreator.java:start(124)) - Starting RatisPipelineUtilsThread.
2022-09-28 09:56:42,788 [Listener at 127.0.0.1/43879] INFO  BackgroundPipelineScrubber (BackgroundSCMService.java:start(68)) - Starting BackgroundPipelineScrubber Service.
2022-09-28 09:56:42,792 [Listener at 127.0.0.1/43879] INFO  ha.SCMServiceManager (SCMServiceManager.java:register(42)) - Registering service BackgroundPipelineScrubber.
2022-09-28 09:56:42,792 [Listener at 127.0.0.1/43879] INFO  ExpiredContainerReplicaOpScrubber (BackgroundSCMService.java:start(68)) - Starting ExpiredContainerReplicaOpScrubber Service.
2022-09-28 09:56:42,808 [Listener at 127.0.0.1/43879] INFO  ha.SCMServiceManager (SCMServiceManager.java:register(42)) - Registering service ExpiredContainerReplicaOpScrubber.
2022-09-28 09:56:42,809 [Listener at 127.0.0.1/43879] INFO  algorithms.PipelineChoosePolicyFactory (PipelineChoosePolicyFactory.java:createPipelineChoosePolicyFromClass(73)) - Create pipeline choose policy of type org.apache.hadoop.hdds.scm.pipeline.choose.algorithms.RandomPipelineChoosePolicy
2022-09-28 09:56:42,809 [Listener at 127.0.0.1/43879] INFO  ha.SCMServiceManager (SCMServiceManager.java:register(42)) - Registering service SCMBlockDeletingService.
2022-09-28 09:56:42,809 [Listener at 127.0.0.1/43879] INFO  replication.ReplicationManager (ReplicationManager.java:start(221)) - Starting Replication Monitor Thread.
2022-09-28 09:56:42,827 [Listener at 127.0.0.1/43879] INFO  ha.SCMServiceManager (SCMServiceManager.java:register(42)) - Registering service ReplicationManager.
2022-09-28 09:56:42,827 [Listener at 127.0.0.1/43879] INFO  safemode.ContainerSafeModeRule (ContainerSafeModeRule.java:<init>(89)) - containers with one replica threshold count 0
2022-09-28 09:56:42,827 [Listener at 127.0.0.1/43879] INFO  safemode.HealthyPipelineSafeModeRule (HealthyPipelineSafeModeRule.java:initializeRule(169)) - Total pipeline count is 0, healthy pipeline threshold count is 1
2022-09-28 09:56:42,827 [Listener at 127.0.0.1/43879] INFO  safemode.OneReplicaPipelineSafeModeRule (OneReplicaPipelineSafeModeRule.java:initializeRule(180)) - Total pipeline count is 0, pipeline's with at least one datanode reported threshold count is 0
2022-09-28 09:56:42,836 [Listener at 127.0.0.1/43879] INFO  ipc.CallQueueManager (CallQueueManager.java:<init>(90)) - Using callQueue: class java.util.concurrent.LinkedBlockingQueue, queueCapacity: 2000, scheduler: class org.apache.hadoop.ipc.DefaultRpcScheduler, ipcBackoff: false.
2022-09-28 09:56:42,848 [Socket Reader #1 for port 0] INFO  ipc.Server (Server.java:run(1265)) - Starting Socket Reader #1 for port 0
2022-09-28 09:56:42,853 [Listener at 0.0.0.0/42955] INFO  ipc.CallQueueManager (CallQueueManager.java:<init>(90)) - Using callQueue: class java.util.concurrent.LinkedBlockingQueue, queueCapacity: 2000, scheduler: class org.apache.hadoop.ipc.DefaultRpcScheduler, ipcBackoff: false.
2022-09-28 09:56:42,860 [Socket Reader #1 for port 0] INFO  ipc.Server (Server.java:run(1265)) - Starting Socket Reader #1 for port 0
2022-09-28 09:56:42,865 [Listener at 0.0.0.0/33631] INFO  ipc.CallQueueManager (CallQueueManager.java:<init>(90)) - Using callQueue: class java.util.concurrent.LinkedBlockingQueue, queueCapacity: 2000, scheduler: class org.apache.hadoop.ipc.DefaultRpcScheduler, ipcBackoff: false.
2022-09-28 09:56:42,884 [Socket Reader #1 for port 0] INFO  ipc.Server (Server.java:run(1265)) - Starting Socket Reader #1 for port 0
2022-09-28 09:56:42,885 [ReplicationMonitor] INFO  replication.ReplicationManager (ReplicationManager.java:processAll(289)) - Replication Manager is not ready to run until 3000ms after safemode exit
2022-09-28 09:56:42,985 [Listener at 0.0.0.0/44339] INFO  ha.SCMServiceManager (SCMServiceManager.java:register(42)) - Registering service ContainerBalancer.
2022-09-28 09:56:42,985 [Listener at 0.0.0.0/44339] INFO  server.StorageContainerManager (StorageContainerManager.java:<init>(410)) - 
Container Balancer status:
Key                            Value
Running                        false
Container Balancer Configuration values:
Key                                                Value
Threshold                                          10
Max Datanodes to Involve per Iteration(percent)    20
Max Size to Move per Iteration                     500GB
Max Size Entering Target per Iteration             26GB
Max Size Leaving Source per Iteration              26GB

2022-09-28 09:56:42,985 [Listener at 0.0.0.0/44339] WARN  events.EventQueue (EventQueue.java:fireEvent(216)) - No event handler registered for event TypedEvent{payloadType=SafeModeStatus, name='Safe mode status'}
2022-09-28 09:56:42,985 [Listener at 0.0.0.0/44339] INFO  ha.SCMContext (SCMContext.java:updateSafeModeStatus(228)) - Update SafeModeStatus from SafeModeStatus{safeModeStatus=true, preCheckPassed=false} to SafeModeStatus{safeModeStatus=true, preCheckPassed=false}.
2022-09-28 09:56:42,985 [Listener at 0.0.0.0/44339] INFO  server.StorageContainerManager (StorageContainerManager.java:start(1436)) - StorageContainerLocationProtocol RPC server is listening at /0.0.0.0:44339
2022-09-28 09:56:42,986 [Listener at 0.0.0.0/44339] WARN  impl.MetricsConfig (MetricsConfig.java:loadFirst(136)) - Cannot locate configuration: tried hadoop-metrics2-storagecontainermanager.properties,hadoop-metrics2.properties
2022-09-28 09:56:43,016 [Listener at 0.0.0.0/44339] INFO  impl.MetricsSystemImpl (MetricsSystemImpl.java:startTimer(378)) - Scheduled Metric snapshot period at 10 second(s).
2022-09-28 09:56:43,016 [Listener at 0.0.0.0/44339] INFO  impl.MetricsSystemImpl (MetricsSystemImpl.java:start(191)) - StorageContainerManager metrics system started
2022-09-28 09:56:43,040 [Listener at 0.0.0.0/44339] INFO  impl.MetricsSinkAdapter (MetricsSinkAdapter.java:start(204)) - Sink prometheus started
2022-09-28 09:56:43,041 [Listener at 0.0.0.0/44339] INFO  impl.MetricsSystemImpl (MetricsSystemImpl.java:registerSink(305)) - Registered sink prometheus
2022-09-28 09:56:43,060 [Listener at 0.0.0.0/44339] INFO  server.SCMClientProtocolServer (SCMClientProtocolServer.java:start(170)) - RPC server for Client  is listening at /0.0.0.0:44339
2022-09-28 09:56:43,061 [IPC Server Responder] INFO  ipc.Server (Server.java:run(1507)) - IPC Server Responder: starting
2022-09-28 09:56:43,069 [Listener at 0.0.0.0/44339] INFO  server.StorageContainerManager (StorageContainerManager.java:start(1451)) - ScmBlockLocationProtocol RPC server is listening at /0.0.0.0:33631
2022-09-28 09:56:43,081 [Listener at 0.0.0.0/44339] INFO  server.SCMBlockProtocolServer (SCMBlockProtocolServer.java:start(152)) - RPC server for Block Protocol is listening at /0.0.0.0:33631
2022-09-28 09:56:43,066 [IPC Server listener on 0] INFO  ipc.Server (Server.java:run(1344)) - IPC Server listener on 0: starting
2022-09-28 09:56:43,087 [IPC Server Responder] INFO  ipc.Server (Server.java:run(1507)) - IPC Server Responder: starting
2022-09-28 09:56:43,088 [IPC Server listener on 0] INFO  ipc.Server (Server.java:run(1344)) - IPC Server listener on 0: starting
2022-09-28 09:56:43,089 [Listener at 0.0.0.0/44339] INFO  server.SCMDatanodeProtocolServer (SCMDatanodeProtocolServer.java:start(186)) - ScmDatanodeProtocol RPC server for DataNodes is listening at /0.0.0.0:42955
2022-09-28 09:56:43,089 [IPC Server Responder] INFO  ipc.Server (Server.java:run(1507)) - IPC Server Responder: starting
2022-09-28 09:56:43,090 [IPC Server listener on 0] INFO  ipc.Server (Server.java:run(1344)) - IPC Server listener on 0: starting
2022-09-28 09:56:43,092 [Listener at 0.0.0.0/44339] INFO  http.BaseHttpServer (BaseHttpServer.java:newHttpServer2BuilderForOzone(213)) - Starting Web-server for scm at: http://0.0.0.0:0
2022-09-28 09:56:43,092 [Listener at 0.0.0.0/44339] INFO  http.BaseHttpServer (BaseHttpServer.java:<init>(108)) - Hadoop Security Enabled: false Ozone Security Enabled: false Ozone HTTP Security Enabled: false 
2022-09-28 09:56:43,093 [Listener at 0.0.0.0/44339] INFO  server.AuthenticationFilter (AuthenticationFilter.java:constructSecretProvider(240)) - Unable to initialize FileSignerSecretProvider, falling back to use random secrets.
2022-09-28 09:56:43,096 [Listener at 0.0.0.0/44339] WARN  http.HttpRequestLog (HttpRequestLog.java:getRequestLog(103)) - Jetty request log can only be enabled using Log4j
2022-09-28 09:56:43,146 [Listener at 0.0.0.0/44339] INFO  http.HttpServer2 (HttpServer2.java:addGlobalFilter(1029)) - Added global filter 'safety' (class=org.apache.hadoop.hdds.server.http.HttpServer2$QuotingInputFilter)
2022-09-28 09:56:43,147 [Listener at 0.0.0.0/44339] INFO  http.HttpServer2 (HttpServer2.java:addFilter(1005)) - Added filter static_user_filter (class=org.apache.hadoop.http.lib.StaticUserWebFilter$StaticUserFilter) to context scm
2022-09-28 09:56:43,147 [Listener at 0.0.0.0/44339] INFO  http.HttpServer2 (HttpServer2.java:addFilter(1013)) - Added filter static_user_filter (class=org.apache.hadoop.http.lib.StaticUserWebFilter$StaticUserFilter) to context logs
2022-09-28 09:56:43,147 [Listener at 0.0.0.0/44339] INFO  http.HttpServer2 (HttpServer2.java:addFilter(1013)) - Added filter static_user_filter (class=org.apache.hadoop.http.lib.StaticUserWebFilter$StaticUserFilter) to context static
2022-09-28 09:56:43,147 [Listener at 0.0.0.0/44339] INFO  http.HttpServer2 (HttpServer2.java:bindListener(1248)) - Jetty bound to port 44535
2022-09-28 09:56:43,147 [Listener at 0.0.0.0/44339] INFO  server.Server (Server.java:doStart(375)) - jetty-9.4.43.v20210629; built: 2021-06-30T11:07:22.254Z; git: 526006ecfa3af7f1a27ef3a288e2bef7ea9dd7e8; jvm 1.8.0_345-b01
2022-09-28 09:56:43,172 [org.apache.hadoop.util.JvmPauseMonitor$Monitor@46390392] INFO  util.JvmPauseMonitor (JvmPauseMonitor.java:run(188)) - Starting JVM pause monitor
2022-09-28 09:56:43,266 [Listener at 0.0.0.0/44339] INFO  server.session (DefaultSessionIdManager.java:doStart(334)) - DefaultSessionIdManager workerName=node0
2022-09-28 09:56:43,266 [Listener at 0.0.0.0/44339] INFO  server.session (DefaultSessionIdManager.java:doStart(339)) - No SessionScavenger set, using defaults
2022-09-28 09:56:43,266 [Listener at 0.0.0.0/44339] INFO  server.session (HouseKeeper.java:startScavenging(132)) - node0 Scavenging every 660000ms
2022-09-28 09:56:43,267 [Listener at 0.0.0.0/44339] INFO  handler.ContextHandler (ContextHandler.java:doStart(915)) - Started o.e.j.s.ServletContextHandler@2b5da15d{logs,/logs,file:///home/runner/work/ozone/ozone/hadoop-ozone/integration-test/target/log,AVAILABLE}
2022-09-28 09:56:43,267 [Listener at 0.0.0.0/44339] INFO  handler.ContextHandler (ContextHandler.java:doStart(915)) - Started o.e.j.s.ServletContextHandler@a080d96{static,/static,file:///home/runner/work/ozone/ozone/hadoop-ozone/integration-test/target/test-classes/webapps/static,AVAILABLE}
2022-09-28 09:56:43,282 [Listener at 0.0.0.0/44339] INFO  handler.ContextHandler (ContextHandler.java:doStart(915)) - Started o.e.j.w.WebAppContext@26740f16{scm,/,file:///home/runner/work/ozone/ozone/hadoop-ozone/integration-test/target/test-classes/webapps/scm/,AVAILABLE}{file:/home/runner/work/ozone/ozone/hadoop-ozone/integration-test/target/test-classes/webapps/scm}
2022-09-28 09:56:43,283 [Listener at 0.0.0.0/44339] INFO  server.AbstractConnector (AbstractConnector.java:doStart(331)) - Started ServerConnector@6accbb21{HTTP/1.1, (http/1.1)}{0.0.0.0:44535}
2022-09-28 09:56:43,284 [Listener at 0.0.0.0/44339] INFO  server.Server (Server.java:doStart(415)) - Started @167859ms
2022-09-28 09:56:43,284 [Listener at 0.0.0.0/44339] WARN  impl.MetricsSystemImpl (MetricsSystemImpl.java:register(279)) - Sink prometheus already exists!
2022-09-28 09:56:43,284 [Listener at 0.0.0.0/44339] INFO  http.BaseHttpServer (BaseHttpServer.java:updateConnectorAddress(333)) - HTTP server of scm listening at http://0.0.0.0:44535
2022-09-28 09:56:43,284 [Listener at 0.0.0.0/44339] WARN  server.ServerUtils (ServerUtils.java:getDBPath(225)) - ozone.om.db.dirs is not configured. We recommend adding this setting. Falling back to ozone.metadata.dirs instead.
2022-09-28 09:56:43,286 [Listener at 0.0.0.0/44339] INFO  ha.OMHANodeDetails (OMHANodeDetails.java:loadOMHAConfig(115)) - ozone.om.internal.service.id is not defined, falling back to ozone.om.service.ids to find serviceID for OzoneManager if it is HA enabled cluster
2022-09-28 09:56:43,286 [Listener at 0.0.0.0/44339] INFO  ha.OMHANodeDetails (OMHANodeDetails.java:loadOMHAConfig(226)) - Configuration does not have ozone.om.address set. Falling back to the default OM address /127.0.0.1:0
2022-09-28 09:56:43,286 [Listener at 0.0.0.0/44339] INFO  ha.OMHANodeDetails (OMHANodeDetails.java:getOMNodeDetailsForNonHA(254)) - OM Service ID is not set. Setting it to the default ID: omServiceIdDefault
2022-09-28 09:56:43,286 [Listener at 0.0.0.0/44339] INFO  ha.OMHANodeDetails (OMHANodeDetails.java:getOMNodeDetailsForNonHA(261)) - OM Node ID is not set. Setting it to the default ID: om1
2022-09-28 09:56:43,286 [Listener at 0.0.0.0/44339] WARN  server.ServerUtils (ServerUtils.java:getDBPath(225)) - ozone.om.db.dirs is not configured. We recommend adding this setting. Falling back to ozone.metadata.dirs instead.
2022-09-28 09:56:43,286 [Listener at 0.0.0.0/44339] INFO  upgrade.AbstractLayoutVersionManager (AbstractLayoutVersionManager.java:init(83)) - Initializing Layout version manager with metadata layout = MULTITENANCY_SCHEMA (version = 3), software layout = MULTITENANCY_SCHEMA (version = 3)
2022-09-28 09:56:43,420 [Listener at 0.0.0.0/44339] INFO  reflections.Reflections (Reflections.java:scan(232)) - Reflections took 133 ms to scan 2 urls, producing 153 keys and 427 values [using 2 cores]
2022-09-28 09:56:43,420 [Listener at 0.0.0.0/44339] INFO  upgrade.OMLayoutVersionManager (OMLayoutVersionManager.java:lambda$0(115)) - Skipping Upgrade Action MockOmUpgradeAction since it has been finalized.
2022-09-28 09:56:43,421 [Listener at 0.0.0.0/44339] WARN  server.ServerUtils (ServerUtils.java:getDBPath(225)) - ozone.om.db.dirs is not configured. We recommend adding this setting. Falling back to ozone.metadata.dirs instead.
2022-09-28 09:56:43,421 [Listener at 0.0.0.0/44339] INFO  proxy.SCMBlockLocationFailoverProxyProvider (SCMBlockLocationFailoverProxyProvider.java:<init>(114)) - Created block location fail-over proxy with 1 nodes: [nodeId=scmNodeId,nodeAddress=/0.0.0.0:33631]
2022-09-28 09:56:43,422 [Listener at 0.0.0.0/44339] INFO  proxy.SCMBlockLocationFailoverProxyProvider (SCMBlockLocationFailoverProxyProvider.java:<init>(114)) - Created block location fail-over proxy with 1 nodes: [nodeId=scmNodeId,nodeAddress=/0.0.0.0:33631]
2022-09-28 09:56:43,481 [Listener at 0.0.0.0/44339] WARN  server.ServerUtils (ServerUtils.java:getDBPath(225)) - ozone.om.db.dirs is not configured. We recommend adding this setting. Falling back to ozone.metadata.dirs instead.
2022-09-28 09:56:43,482 [Listener at 0.0.0.0/44339] INFO  codec.OmKeyInfoCodec (OmKeyInfoCodec.java:<init>(49)) - OmKeyInfoCodec ignorePipeline = true
2022-09-28 09:56:43,482 [Listener at 0.0.0.0/44339] INFO  codec.RepeatedOmKeyInfoCodec (RepeatedOmKeyInfoCodec.java:<init>(41)) - RepeatedOmKeyInfoCodec ignorePipeline = true
2022-09-28 09:56:43,874 [Listener at 0.0.0.0/44339] INFO  om.OzoneManager (OzoneManager.java:instantiateServices(709)) - S3 Multi-Tenancy is disabled
2022-09-28 09:56:43,878 [Listener at 0.0.0.0/44339] INFO  om.OzoneManager (OzoneManager.java:addS3GVolumeToDB(4324)) - Created Volume s3v With Owner runner required for S3Gateway operations.
2022-09-28 09:56:43,878 [Listener at 0.0.0.0/44339] WARN  server.ServerUtils (ServerUtils.java:getDefaultRatisDirectory(237)) - Storage directory for Ratis is not configured. It is a good idea to map this to an SSD disk. Falling back to ozone.metadata.dirs
2022-09-28 09:56:43,879 [Listener at 0.0.0.0/44339] WARN  utils.OzoneManagerRatisUtils (OzoneManagerRatisUtils.java:getOMRatisSnapshotDirectory(434)) - ozone.om.ratis.snapshot.dir is not configured. Falling back to ozone.metadata.dirs config
2022-09-28 09:56:43,879 [Listener at 0.0.0.0/44339] WARN  server.ServerUtils (ServerUtils.java:getDefaultRatisDirectory(237)) - Storage directory for Ratis is not configured. It is a good idea to map this to an SSD disk. Falling back to ozone.metadata.dirs
2022-09-28 09:56:43,880 [Listener at 0.0.0.0/44339] INFO  ratis.OzoneManagerRatisServer (OzoneManagerRatisServer.java:<init>(160)) - Instantiating OM Ratis server with groupID: omServiceIdDefault and peers: localhost:9872
2022-09-28 09:56:43,880 [Listener at 0.0.0.0/44339] INFO  ratis.OzoneManagerStateMachine (OzoneManagerStateMachine.java:loadSnapshotInfoFromDB(632)) - LastAppliedIndex is set from TransactionInfo from OM DB as (t:0, i:~)
2022-09-28 09:56:43,912 [Listener at 0.0.0.0/44339] INFO  server.RaftServer (ConfUtils.java:logGet(46)) - raft.rpc.type = GRPC (default)
2022-09-28 09:56:43,912 [Listener at 0.0.0.0/44339] INFO  grpc.GrpcFactory (GrpcFactory.java:checkPooledByteBufAllocatorUseCacheForAllThreads(48)) - PERFORMANCE WARNING: useCacheForAllThreads is true that may cause Netty to create a lot garbage objects and, as a result, trigger GC.
	It is recommended to disable useCacheForAllThreads by setting -Dorg.apache.ratis.thirdparty.io.netty.allocator.useCacheForAllThreads=false in command line.
2022-09-28 09:56:43,913 [Listener at 0.0.0.0/44339] INFO  grpc.GrpcConfigKeys (ConfUtils.java:logGet(46)) - raft.grpc.admin.port = -1 (default)
2022-09-28 09:56:43,913 [Listener at 0.0.0.0/44339] INFO  grpc.GrpcConfigKeys (ConfUtils.java:logGet(46)) - raft.grpc.server.port = 9872 (custom)
2022-09-28 09:56:43,913 [Listener at 0.0.0.0/44339] INFO  grpc.GrpcConfigKeys (ConfUtils.java:logGet(46)) - raft.grpc.client.port = -1 (default)
2022-09-28 09:56:43,913 [Listener at 0.0.0.0/44339] INFO  grpc.GrpcConfigKeys (ConfUtils.java:logGet(46)) - raft.grpc.server.port = 9872 (custom)
2022-09-28 09:56:43,913 [Listener at 0.0.0.0/44339] INFO  grpc.GrpcConfigKeys (ConfUtils.java:logGet(46)) - raft.grpc.server.port = 9872 (custom)
2022-09-28 09:56:43,913 [Listener at 0.0.0.0/44339] INFO  server.GrpcService (ConfUtils.java:logGet(46)) - raft.grpc.message.size.max = 33554432 (custom)
2022-09-28 09:56:43,913 [Listener at 0.0.0.0/44339] INFO  server.RaftServerConfigKeys (ConfUtils.java:logGet(46)) - raft.server.log.appender.buffer.byte-limit = 33554432 (custom)
2022-09-28 09:56:43,913 [Listener at 0.0.0.0/44339] INFO  server.GrpcService (ConfUtils.java:logGet(46)) - raft.grpc.flow.control.window = 1MB (=1048576) (default)
2022-09-28 09:56:43,913 [Listener at 0.0.0.0/44339] INFO  server.RaftServerConfigKeys (ConfUtils.java:logGet(46)) - raft.server.rpc.request.timeout = 3000ms (default)
2022-09-28 09:56:43,913 [Listener at 0.0.0.0/44339] INFO  grpc.GrpcConfigKeys (ConfUtils.java:logGet(46)) - raft.grpc.server.async.request.thread.pool.cached = true (default)
2022-09-28 09:56:43,913 [Listener at 0.0.0.0/44339] INFO  grpc.GrpcConfigKeys (ConfUtils.java:logGet(46)) - raft.grpc.server.async.request.thread.pool.size = 32 (default)
2022-09-28 09:56:43,915 [Listener at 0.0.0.0/44339] INFO  impl.DataStreamServerImpl (ConfUtils.java:logGet(46)) - raft.datastream.type = DISABLED (default)
2022-09-28 09:56:43,915 [Listener at 0.0.0.0/44339] INFO  server.RaftServerConfigKeys (ConfUtils.java:logGet(46)) - raft.server.threadpool.proxy.cached = true (default)
2022-09-28 09:56:43,915 [Listener at 0.0.0.0/44339] INFO  server.RaftServerConfigKeys (ConfUtils.java:logGet(46)) - raft.server.threadpool.proxy.size = 0 (default)
2022-09-28 09:56:43,915 [Listener at 0.0.0.0/44339] INFO  server.RaftServerConfigKeys (ConfUtils.java:logGet(46)) - raft.server.rpc.slowness.timeout = 120s (custom)
2022-09-28 09:56:43,915 [Listener at 0.0.0.0/44339] INFO  server.RaftServerConfigKeys (ConfUtils.java:logGet(46)) - raft.server.leaderelection.leader.step-down.wait-time = 10s (default)
2022-09-28 09:56:43,915 [Listener at 0.0.0.0/44339] INFO  server.RaftServerConfigKeys (ConfUtils.java:logGet(46)) - raft.server.storage.dir = [/home/runner/work/ozone/ozone/hadoop-ozone/integration-test/target/test-dir/MiniOzoneClusterImpl-d01a16d6-de90-4827-8502-1257907892ea/ozone-meta/ratis] (custom)
2022-09-28 09:56:43,948 [Listener at 0.0.0.0/44339] INFO  server.RaftServer (RaftServerProxy.java:addNew(96)) - om1: addNew group-C5BA1605619E:[om1|rpc:localhost:9872|priority:0] returns group-C5BA1605619E:java.util.concurrent.CompletableFuture@7cc47d4e[Not completed]
2022-09-28 09:56:43,948 [Listener at 0.0.0.0/44339] INFO  om.OzoneManager (OzoneManager.java:initializeRatisServer(1976)) - OzoneManager Ratis server initialized at port 9872
2022-09-28 09:56:43,949 [Listener at 0.0.0.0/44339] INFO  om.OzoneManager (OzoneManager.java:getRpcServer(1099)) - Creating RPC Server
2022-09-28 09:56:43,953 [pool-540-thread-1] INFO  server.RaftServer$Division (RaftServerImpl.java:<init>(190)) - om1: new RaftServerImpl for group-C5BA1605619E:[om1|rpc:localhost:9872|priority:0] with OzoneManagerStateMachine:uninitialized
2022-09-28 09:56:43,954 [pool-540-thread-1] INFO  server.RaftServerConfigKeys (ConfUtils.java:logGet(46)) - raft.server.rpc.timeout.min = 1s (custom)
2022-09-28 09:56:43,954 [pool-540-thread-1] INFO  server.RaftServerConfigKeys (ConfUtils.java:logGet(46)) - raft.server.rpc.timeout.max = 1200ms (custom)
2022-09-28 09:56:43,954 [pool-540-thread-1] INFO  server.RaftServerConfigKeys (ConfUtils.java:logGet(46)) - raft.server.rpc.sleep.time = 25ms (default)
2022-09-28 09:56:43,954 [pool-540-thread-1] INFO  server.RaftServerConfigKeys (ConfUtils.java:logGet(46)) - raft.server.rpc.slowness.timeout = 120s (custom)
2022-09-28 09:56:43,954 [pool-540-thread-1] INFO  server.RaftServerConfigKeys (ConfUtils.java:logGet(46)) - raft.server.leaderelection.leader.step-down.wait-time = 10s (default)
2022-09-28 09:56:43,954 [pool-540-thread-1] INFO  server.RaftServerConfigKeys (ConfUtils.java:logGet(46)) - raft.server.sleep.deviation.threshold = 300ms (default)
2022-09-28 09:56:43,954 [pool-540-thread-1] INFO  server.RaftServer$Division (ServerState.java:<init>(107)) - om1@group-C5BA1605619E: ConfigurationManager, init=-1: [om1|rpc:localhost:9872|priority:0], old=null, confs=<EMPTY_MAP>
2022-09-28 09:56:43,954 [pool-540-thread-1] INFO  server.RaftServerConfigKeys (ConfUtils.java:logGet(46)) - raft.server.storage.dir = [/home/runner/work/ozone/ozone/hadoop-ozone/integration-test/target/test-dir/MiniOzoneClusterImpl-d01a16d6-de90-4827-8502-1257907892ea/ozone-meta/ratis] (custom)
2022-09-28 09:56:43,954 [pool-540-thread-1] INFO  server.RaftServerConfigKeys (ConfUtils.java:logGet(46)) - raft.server.log.corruption.policy = EXCEPTION (default)
2022-09-28 09:56:43,954 [pool-540-thread-1] INFO  server.RaftServerConfigKeys (ConfUtils.java:logGet(46)) - raft.server.storage.free-space.min = 0MB (=0) (default)
2022-09-28 09:56:43,954 [pool-540-thread-1] INFO  storage.RaftStorageDirectory (RaftStorageDirectoryImpl.java:analyzeStorage(135)) - The storage directory /home/runner/work/ozone/ozone/hadoop-ozone/integration-test/target/test-dir/MiniOzoneClusterImpl-d01a16d6-de90-4827-8502-1257907892ea/ozone-meta/ratis/bf265839-605b-3f16-9796-c5ba1605619e does not exist. Creating ...
2022-09-28 09:56:43,963 [pool-540-thread-1] INFO  storage.RaftStorageDirectory (RaftStorageDirectoryImpl.java:tryLock(230)) - Lock on /home/runner/work/ozone/ozone/hadoop-ozone/integration-test/target/test-dir/MiniOzoneClusterImpl-d01a16d6-de90-4827-8502-1257907892ea/ozone-meta/ratis/bf265839-605b-3f16-9796-c5ba1605619e/in_use.lock acquired by nodename 12863@fv-az204-790
2022-09-28 09:56:43,964 [pool-540-thread-1] INFO  storage.RaftStorage (RaftStorageImpl.java:format(89)) - Storage directory /home/runner/work/ozone/ozone/hadoop-ozone/integration-test/target/test-dir/MiniOzoneClusterImpl-d01a16d6-de90-4827-8502-1257907892ea/ozone-meta/ratis/bf265839-605b-3f16-9796-c5ba1605619e has been successfully formatted.
2022-09-28 09:56:43,964 [pool-540-thread-1] INFO  server.RaftServerConfigKeys (ConfUtils.java:logGet(46)) - raft.server.notification.no-leader.timeout = 120s (custom)
2022-09-28 09:56:43,964 [pool-540-thread-1] INFO  server.RaftServerConfigKeys (ConfUtils.java:logGet(46)) - raft.server.log.use.memory = false (default)
2022-09-28 09:56:43,964 [pool-540-thread-1] INFO  server.RaftServerConfigKeys (ConfUtils.java:logGet(46)) - raft.server.log.purge.gap = 1000000 (custom)
2022-09-28 09:56:43,965 [pool-540-thread-1] INFO  server.RaftServerConfigKeys (ConfUtils.java:logGet(46)) - raft.server.log.appender.buffer.byte-limit = 33554432 (custom)
2022-09-28 09:56:43,965 [pool-540-thread-1] INFO  server.RaftServerConfigKeys (ConfUtils.java:logGet(46)) - raft.server.log.statemachine.data.read.timeout = 1000ms (default)
2022-09-28 09:56:43,966 [pool-540-thread-1] INFO  server.RaftServerConfigKeys (ConfUtils.java:logGet(46)) - raft.server.log.segment.size.max = 4194304 (custom)
2022-09-28 09:56:43,966 [pool-540-thread-1] INFO  server.RaftServerConfigKeys (ConfUtils.java:logGet(46)) - raft.server.log.segment.cache.num.max = 2 (custom)
2022-09-28 09:56:43,966 [pool-540-thread-1] INFO  server.RaftServerConfigKeys (ConfUtils.java:logGet(46)) - raft.server.log.segment.cache.size.max = 200MB (=209715200) (default)
2022-09-28 09:56:43,966 [pool-540-thread-1] INFO  segmented.SegmentedRaftLogWorker (SegmentedRaftLogWorker.java:<init>(187)) - new om1@group-C5BA1605619E-SegmentedRaftLogWorker for RaftStorageImpl:Storage Directory /home/runner/work/ozone/ozone/hadoop-ozone/integration-test/target/test-dir/MiniOzoneClusterImpl-d01a16d6-de90-4827-8502-1257907892ea/ozone-meta/ratis/bf265839-605b-3f16-9796-c5ba1605619e
2022-09-28 09:56:43,967 [pool-540-thread-1] INFO  server.RaftServerConfigKeys (ConfUtils.java:logGet(46)) - raft.server.log.queue.byte-limit = 64MB (=67108864) (default)
2022-09-28 09:56:43,967 [pool-540-thread-1] INFO  server.RaftServerConfigKeys (ConfUtils.java:logGet(46)) - raft.server.log.queue.element-limit = 4096 (default)
2022-09-28 09:56:43,967 [pool-540-thread-1] INFO  server.RaftServerConfigKeys (ConfUtils.java:logGet(46)) - raft.server.log.segment.size.max = 4194304 (custom)
2022-09-28 09:56:43,967 [pool-540-thread-1] INFO  server.RaftServerConfigKeys (ConfUtils.java:logGet(46)) - raft.server.log.preallocated.size = 4194304 (custom)
2022-09-28 09:56:43,967 [pool-540-thread-1] INFO  server.RaftServerConfigKeys (ConfUtils.java:logGet(46)) - raft.server.log.force.sync.num = 128 (default)
2022-09-28 09:56:43,967 [pool-540-thread-1] INFO  server.RaftServerConfigKeys (ConfUtils.java:logGet(46)) - raft.server.log.statemachine.data.sync = true (default)
2022-09-28 09:56:43,967 [pool-540-thread-1] INFO  server.RaftServerConfigKeys (ConfUtils.java:logGet(46)) - raft.server.log.statemachine.data.sync.timeout = 10s (default)
2022-09-28 09:56:43,967 [pool-540-thread-1] INFO  server.RaftServerConfigKeys (ConfUtils.java:logGet(46)) - raft.server.log.statemachine.data.sync.timeout.retry = -1 (default)
2022-09-28 09:56:43,977 [pool-540-thread-1] INFO  server.RaftServerConfigKeys (ConfUtils.java:logGet(46)) - raft.server.log.write.buffer.size = 64KB (=65536) (default)
2022-09-28 09:56:43,977 [pool-540-thread-1] INFO  server.RaftServerConfigKeys (ConfUtils.java:logGet(46)) - raft.server.log.unsafe-flush.enabled = false (default)
2022-09-28 09:56:43,977 [pool-540-thread-1] INFO  server.RaftServerConfigKeys (ConfUtils.java:logGet(46)) - raft.server.log.statemachine.data.caching.enabled = false (default)
2022-09-28 09:56:43,977 [pool-540-thread-1] INFO  segmented.SegmentedRaftLogWorker (SegmentedRaftLogWorker.java:lambda$new$0(135)) - om1@group-C5BA1605619E-SegmentedRaftLogWorker: flushIndex: setUnconditionally 0 -> -1
2022-09-28 09:56:43,977 [pool-540-thread-1] INFO  segmented.SegmentedRaftLogWorker (SegmentedRaftLogWorker.java:lambda$new$0(135)) - om1@group-C5BA1605619E-SegmentedRaftLogWorker: safeCacheEvictIndex: setUnconditionally 0 -> -1
2022-09-28 09:56:43,992 [pool-540-thread-1] INFO  server.RaftServerConfigKeys (ConfUtils.java:logGet(46)) - raft.server.snapshot.auto.trigger.enabled = true (custom)
2022-09-28 09:56:43,993 [pool-540-thread-1] INFO  server.RaftServerConfigKeys (ConfUtils.java:logGet(46)) - raft.server.snapshot.auto.trigger.threshold = 400000 (default)
2022-09-28 09:56:43,993 [pool-540-thread-1] INFO  server.RaftServerConfigKeys (ConfUtils.java:logGet(46)) - raft.server.snapshot.retention.file.num = -1 (default)
2022-09-28 09:56:43,993 [pool-540-thread-1] INFO  server.RaftServerConfigKeys (ConfUtils.java:logGet(46)) - raft.server.log.purge.upto.snapshot.index = true (custom)
2022-09-28 09:56:43,993 [pool-540-thread-1] INFO  server.RaftServerConfigKeys (ConfUtils.java:logGet(46)) - raft.server.retrycache.expirytime = 300s (custom)
2022-09-28 09:56:43,993 [pool-540-thread-1] INFO  server.RaftServerConfigKeys (ConfUtils.java:logGet(46)) - raft.server.retrycache.statistics.expirytime = 100μs (default)
2022-09-28 09:56:43,994 [pool-540-thread-1] INFO  server.RaftServerConfigKeys (ConfUtils.java:logGet(46)) - raft.server.log.appender.install.snapshot.enabled = false (custom)
2022-09-28 09:56:43,994 [pool-540-thread-1] INFO  server.RaftServerConfigKeys (ConfUtils.java:logGet(46)) - raft.server.threadpool.server.cached = true (default)
2022-09-28 09:56:43,994 [pool-540-thread-1] INFO  server.RaftServerConfigKeys (ConfUtils.java:logGet(46)) - raft.server.threadpool.server.size = 0 (default)
2022-09-28 09:56:43,994 [pool-540-thread-1] INFO  server.RaftServerConfigKeys (ConfUtils.java:logGet(46)) - raft.server.threadpool.client.cached = true (default)
2022-09-28 09:56:43,994 [pool-540-thread-1] INFO  server.RaftServerConfigKeys (ConfUtils.java:logGet(46)) - raft.server.threadpool.client.size = 0 (default)
2022-09-28 09:56:45,384 [Listener at 0.0.0.0/44339] INFO  reflections.Reflections (Reflections.java:scan(232)) - Reflections took 1434 ms to scan 19 urls, producing 67 keys and 4204 values [using 2 cores]
2022-09-28 09:56:45,385 [Listener at 0.0.0.0/44339] INFO  ipc.CallQueueManager (CallQueueManager.java:<init>(90)) - Using callQueue: class java.util.concurrent.LinkedBlockingQueue, queueCapacity: 2000, scheduler: class org.apache.hadoop.ipc.DefaultRpcScheduler, ipcBackoff: false.
2022-09-28 09:56:45,400 [Socket Reader #1 for port 0] INFO  ipc.Server (Server.java:run(1265)) - Starting Socket Reader #1 for port 0
2022-09-28 09:56:45,457 [Listener at 127.0.0.1/44537] INFO  impl.MetricsSystemImpl (MetricsSystemImpl.java:init(158)) - OzoneManager metrics system started (again)
2022-09-28 09:56:45,468 [Listener at 127.0.0.1/44537] INFO  om.OzoneManager (OzoneManager.java:start(1483)) - OzoneManager RPC server is listening at localhost/127.0.0.1:44537
2022-09-28 09:56:45,468 [Listener at 127.0.0.1/44537] INFO  ratis.OzoneManagerRatisServer (OzoneManagerRatisServer.java:start(555)) - Starting OzoneManagerRatisServer om1 at port 9872
2022-09-28 09:56:45,469 [om1-impl-thread1] INFO  server.RaftServer$Division (RaftServerImpl.java:start(310)) - om1@group-C5BA1605619E: start as a follower, conf=-1: [om1|rpc:localhost:9872|priority:0], old=null
2022-09-28 09:56:45,469 [om1-impl-thread1] INFO  server.RaftServer$Division (RaftServerImpl.java:setRole(299)) - om1@group-C5BA1605619E: changes role from      null to FOLLOWER at term 0 for startAsFollower
2022-09-28 09:56:45,469 [om1-impl-thread1] INFO  impl.RoleInfo (RoleInfo.java:updateAndGet(139)) - om1: start om1@group-C5BA1605619E-FollowerState
2022-09-28 09:56:45,469 [om1-impl-thread1] INFO  util.JmxRegister (JmxRegister.java:tryRegister(44)) - Successfully registered JMX Bean with object name Ratis:service=RaftServer,group=group-C5BA1605619E,id=om1
2022-09-28 09:56:45,469 [Listener at 127.0.0.1/44537] INFO  server.RaftServer (RaftServerProxy.java:lambda$start$6(382)) - om1: start RPC server
2022-09-28 09:56:45,545 [Listener at 127.0.0.1/44537] INFO  server.GrpcService (GrpcService.java:startImpl(260)) - om1: GrpcService started, listening on 9872
2022-09-28 09:56:45,545 [Listener at 127.0.0.1/44537] INFO  om.OzoneManager (OzoneManager.java:start(1499)) - Version File has different layout version (3) than OM DB (null). That is expected if this OM has never been finalized to a newer layout version.
2022-09-28 09:56:45,547 [org.apache.ratis.util.JvmPauseMonitor$$Lambda$634/511600595@601e9c19] INFO  util.JvmPauseMonitor (JvmPauseMonitor.java:run(103)) - JvmPauseMonitor-om1: Started
2022-09-28 09:56:45,553 [Listener at 127.0.0.1/44537] INFO  http.BaseHttpServer (BaseHttpServer.java:newHttpServer2BuilderForOzone(213)) - Starting Web-server for ozoneManager at: http://0.0.0.0:0
2022-09-28 09:56:45,553 [Listener at 127.0.0.1/44537] INFO  http.BaseHttpServer (BaseHttpServer.java:<init>(108)) - Hadoop Security Enabled: false Ozone Security Enabled: false Ozone HTTP Security Enabled: false 
2022-09-28 09:56:45,554 [Listener at 127.0.0.1/44537] INFO  server.AuthenticationFilter (AuthenticationFilter.java:constructSecretProvider(240)) - Unable to initialize FileSignerSecretProvider, falling back to use random secrets.
2022-09-28 09:56:45,555 [Listener at 127.0.0.1/44537] WARN  http.HttpRequestLog (HttpRequestLog.java:getRequestLog(103)) - Jetty request log can only be enabled using Log4j
2022-09-28 09:56:45,556 [Listener at 127.0.0.1/44537] INFO  http.HttpServer2 (HttpServer2.java:addGlobalFilter(1029)) - Added global filter 'safety' (class=org.apache.hadoop.hdds.server.http.HttpServer2$QuotingInputFilter)
2022-09-28 09:56:45,556 [Listener at 127.0.0.1/44537] INFO  http.HttpServer2 (HttpServer2.java:addFilter(1005)) - Added filter static_user_filter (class=org.apache.hadoop.http.lib.StaticUserWebFilter$StaticUserFilter) to context ozoneManager
2022-09-28 09:56:45,556 [Listener at 127.0.0.1/44537] INFO  http.HttpServer2 (HttpServer2.java:addFilter(1013)) - Added filter static_user_filter (class=org.apache.hadoop.http.lib.StaticUserWebFilter$StaticUserFilter) to context logs
2022-09-28 09:56:45,561 [Listener at 127.0.0.1/44537] INFO  http.HttpServer2 (HttpServer2.java:addFilter(1013)) - Added filter static_user_filter (class=org.apache.hadoop.http.lib.StaticUserWebFilter$StaticUserFilter) to context static
2022-09-28 09:56:45,563 [Listener at 127.0.0.1/44537] INFO  http.HttpServer2 (HttpServer2.java:bindListener(1248)) - Jetty bound to port 36305
2022-09-28 09:56:45,563 [Listener at 127.0.0.1/44537] INFO  server.Server (Server.java:doStart(375)) - jetty-9.4.43.v20210629; built: 2021-06-30T11:07:22.254Z; git: 526006ecfa3af7f1a27ef3a288e2bef7ea9dd7e8; jvm 1.8.0_345-b01
2022-09-28 09:56:45,641 [Listener at 127.0.0.1/44537] INFO  server.session (DefaultSessionIdManager.java:doStart(334)) - DefaultSessionIdManager workerName=node0
2022-09-28 09:56:45,641 [Listener at 127.0.0.1/44537] INFO  server.session (DefaultSessionIdManager.java:doStart(339)) - No SessionScavenger set, using defaults
2022-09-28 09:56:45,641 [Listener at 127.0.0.1/44537] INFO  server.session (HouseKeeper.java:startScavenging(132)) - node0 Scavenging every 600000ms
2022-09-28 09:56:45,657 [Listener at 127.0.0.1/44537] INFO  handler.ContextHandler (ContextHandler.java:doStart(915)) - Started o.e.j.s.ServletContextHandler@1385e9e3{logs,/logs,file:///home/runner/work/ozone/ozone/hadoop-ozone/integration-test/target/log,AVAILABLE}
2022-09-28 09:56:45,657 [Listener at 127.0.0.1/44537] INFO  handler.ContextHandler (ContextHandler.java:doStart(915)) - Started o.e.j.s.ServletContextHandler@4e296a27{static,/static,file:///home/runner/work/ozone/ozone/hadoop-ozone/integration-test/target/test-classes/webapps/static,AVAILABLE}
2022-09-28 09:56:45,686 [Listener at 127.0.0.1/44537] INFO  handler.ContextHandler (ContextHandler.java:doStart(915)) - Started o.e.j.w.WebAppContext@7bab8ad1{ozoneManager,/,file:///home/runner/work/ozone/ozone/hadoop-ozone/integration-test/target/test-classes/webapps/ozoneManager/,AVAILABLE}{file:/home/runner/work/ozone/ozone/hadoop-ozone/integration-test/target/test-classes/webapps/ozoneManager}
2022-09-28 09:56:45,712 [Listener at 127.0.0.1/44537] INFO  server.AbstractConnector (AbstractConnector.java:doStart(331)) - Started ServerConnector@700f4764{HTTP/1.1, (http/1.1)}{0.0.0.0:36305}
2022-09-28 09:56:45,713 [Listener at 127.0.0.1/44537] INFO  server.Server (Server.java:doStart(415)) - Started @170288ms
2022-09-28 09:56:45,713 [Listener at 127.0.0.1/44537] WARN  impl.MetricsSystemImpl (MetricsSystemImpl.java:register(279)) - Sink prometheus already exists!
2022-09-28 09:56:45,713 [Listener at 127.0.0.1/44537] INFO  http.BaseHttpServer (BaseHttpServer.java:updateConnectorAddress(333)) - HTTP server of ozoneManager listening at http://0.0.0.0:36305
2022-09-28 09:56:45,724 [IPC Server Responder] INFO  ipc.Server (Server.java:run(1507)) - IPC Server Responder: starting
2022-09-28 09:56:45,724 [IPC Server listener on 0] INFO  ipc.Server (Server.java:run(1344)) - IPC Server listener on 0: starting
2022-09-28 09:56:45,781 [Listener at 127.0.0.1/44537] INFO  om.TrashPolicyOzone (TrashPolicyOzone.java:<init>(178)) - Ozone Manager trash configuration: Deletion interval = 0 minutes, Emptier interval = 0 minutes.
2022-09-28 09:56:45,836 [org.apache.hadoop.util.JvmPauseMonitor$Monitor@5e0eafd0] INFO  util.JvmPauseMonitor (JvmPauseMonitor.java:run(188)) - Starting JVM pause monitor
2022-09-28 09:56:45,840 [Listener at 127.0.0.1/44537] WARN  impl.MetricRegistriesImpl (MetricRegistriesImpl.java:addReporterRegistration(111)) - New reporters are added after registries were created. Some metrics will be missing from the reporter. Please add reporter before adding any new registry.
2022-09-28 09:56:45,840 [Listener at 127.0.0.1/44537] WARN  impl.MetricRegistriesImpl (MetricRegistriesImpl.java:addReporterRegistration(111)) - New reporters are added after registries were created. Some metrics will be missing from the reporter. Please add reporter before adding any new registry.
2022-09-28 09:56:45,840 [Listener at 127.0.0.1/44537] INFO  impl.MetricsSystemImpl (MetricsSystemImpl.java:init(158)) - HddsDatanode metrics system started (again)
2022-09-28 09:56:45,921 [Listener at 127.0.0.1/44537] INFO  ozone.HddsDatanodeService (HddsDatanodeService.java:start(236)) - HddsDatanodeService host:fv-az204-790.d0ggoinxmwcejgojbuqly40l0e.cx.internal.cloudapp.net ip:10.1.1.21
2022-09-28 09:56:45,962 [Listener at 127.0.0.1/44537] INFO  upgrade.AbstractLayoutVersionManager (AbstractLayoutVersionManager.java:init(83)) - Initializing Layout version manager with metadata layout = DATANODE_SCHEMA_V3 (version = 4), software layout = DATANODE_SCHEMA_V3 (version = 4)
2022-09-28 09:56:46,064 [Listener at 127.0.0.1/44537] INFO  reflections.Reflections (Reflections.java:scan(232)) - Reflections took 102 ms to scan 7 urls, producing 135 keys and 327 values 
2022-09-28 09:56:46,065 [Listener at 127.0.0.1/44537] INFO  statemachine.DatanodeStateMachine (DatanodeStateMachine.java:getEndPointTaskThreadPoolSize(237)) - Datanode State Machine Task Thread Pool size 2
2022-09-28 09:56:46,067 [Listener at 127.0.0.1/44537] INFO  volume.HddsVolume (HddsVolume.java:<init>(117)) - Creating HddsVolume: /home/runner/work/ozone/ozone/hadoop-ozone/integration-test/target/test-dir/MiniOzoneClusterImpl-d01a16d6-de90-4827-8502-1257907892ea/datanode-0/data-0/containers/hdds of storage type : DISK capacity : 9223372036854775807
2022-09-28 09:56:46,067 [Listener at 127.0.0.1/44537] INFO  volume.MutableVolumeSet (MutableVolumeSet.java:initializeVolumeSet(174)) - Added Volume : /home/runner/work/ozone/ozone/hadoop-ozone/integration-test/target/test-dir/MiniOzoneClusterImpl-d01a16d6-de90-4827-8502-1257907892ea/datanode-0/data-0/containers/hdds to VolumeSet
2022-09-28 09:56:46,067 [Listener at 127.0.0.1/44537] INFO  volume.ThrottledAsyncChecker (ThrottledAsyncChecker.java:schedule(141)) - Scheduling a check for /home/runner/work/ozone/ozone/hadoop-ozone/integration-test/target/test-dir/MiniOzoneClusterImpl-d01a16d6-de90-4827-8502-1257907892ea/datanode-0/data-0/containers/hdds
2022-09-28 09:56:46,104 [Listener at 127.0.0.1/44537] INFO  volume.StorageVolumeChecker (StorageVolumeChecker.java:checkAllVolumes(202)) - Scheduled health check for volume /home/runner/work/ozone/ozone/hadoop-ozone/integration-test/target/test-dir/MiniOzoneClusterImpl-d01a16d6-de90-4827-8502-1257907892ea/datanode-0/data-0/containers/hdds
2022-09-28 09:56:46,138 [Listener at 127.0.0.1/44537] INFO  volume.MutableVolumeSet (MutableVolumeSet.java:initializeVolumeSet(174)) - Added Volume : /home/runner/work/ozone/ozone/hadoop-ozone/integration-test/target/test-dir/MiniOzoneClusterImpl-d01a16d6-de90-4827-8502-1257907892ea/datanode-0/data/ratis to VolumeSet
2022-09-28 09:56:46,138 [Listener at 127.0.0.1/44537] INFO  volume.ThrottledAsyncChecker (ThrottledAsyncChecker.java:schedule(141)) - Scheduling a check for /home/runner/work/ozone/ozone/hadoop-ozone/integration-test/target/test-dir/MiniOzoneClusterImpl-d01a16d6-de90-4827-8502-1257907892ea/datanode-0/data/ratis
2022-09-28 09:56:46,152 [Listener at 127.0.0.1/44537] INFO  volume.StorageVolumeChecker (StorageVolumeChecker.java:checkAllVolumes(202)) - Scheduled health check for volume /home/runner/work/ozone/ozone/hadoop-ozone/integration-test/target/test-dir/MiniOzoneClusterImpl-d01a16d6-de90-4827-8502-1257907892ea/datanode-0/data/ratis
2022-09-28 09:56:46,192 [Thread-1036] INFO  ozoneimpl.ContainerReader (ContainerReader.java:readVolume(175)) - Finish verifying containers on volume /home/runner/work/ozone/ozone/hadoop-ozone/integration-test/target/test-dir/MiniOzoneClusterImpl-d01a16d6-de90-4827-8502-1257907892ea/datanode-0/data-0/containers/hdds
2022-09-28 09:56:46,192 [Listener at 127.0.0.1/44537] INFO  ozoneimpl.OzoneContainer (OzoneContainer.java:buildContainerSet(300)) - Build ContainerSet costs 0s
2022-09-28 09:56:46,225 [Listener at 127.0.0.1/44537] INFO  server.RaftServer (ConfUtils.java:logGet(46)) - raft.rpc.type = GRPC (default)
2022-09-28 09:56:46,225 [Listener at 127.0.0.1/44537] INFO  grpc.GrpcFactory (GrpcFactory.java:checkPooledByteBufAllocatorUseCacheForAllThreads(48)) - PERFORMANCE WARNING: useCacheForAllThreads is true that may cause Netty to create a lot garbage objects and, as a result, trigger GC.
	It is recommended to disable useCacheForAllThreads by setting -Dorg.apache.ratis.thirdparty.io.netty.allocator.useCacheForAllThreads=false in command line.
2022-09-28 09:56:46,225 [Listener at 127.0.0.1/44537] INFO  grpc.GrpcConfigKeys (ConfUtils.java:logGet(46)) - raft.grpc.admin.port = 0 (custom)
2022-09-28 09:56:46,225 [Listener at 127.0.0.1/44537] INFO  grpc.GrpcConfigKeys (ConfUtils.java:logGet(46)) - raft.grpc.client.port = 0 (custom)
2022-09-28 09:56:46,226 [Listener at 127.0.0.1/44537] INFO  grpc.GrpcConfigKeys (ConfUtils.java:logGet(46)) - raft.grpc.server.port = 0 (default)
2022-09-28 09:56:46,226 [Listener at 127.0.0.1/44537] INFO  server.GrpcService (ConfUtils.java:logGet(46)) - raft.grpc.message.size.max = 32MB (=33554432) (custom)
2022-09-28 09:56:46,226 [Listener at 127.0.0.1/44537] INFO  server.RaftServerConfigKeys (ConfUtils.java:logGet(46)) - raft.server.log.appender.buffer.byte-limit = 33554432 (custom)
2022-09-28 09:56:46,226 [Listener at 127.0.0.1/44537] INFO  server.GrpcService (ConfUtils.java:logGet(46)) - raft.grpc.flow.control.window = 5MB (=5242880) (custom)
2022-09-28 09:56:46,226 [Listener at 127.0.0.1/44537] INFO  server.RaftServerConfigKeys (ConfUtils.java:logGet(46)) - raft.server.rpc.request.timeout = 60s (custom)
2022-09-28 09:56:46,226 [Listener at 127.0.0.1/44537] INFO  grpc.GrpcConfigKeys (ConfUtils.java:logGet(46)) - raft.grpc.server.async.request.thread.pool.cached = true (default)
2022-09-28 09:56:46,226 [Listener at 127.0.0.1/44537] INFO  grpc.GrpcConfigKeys (ConfUtils.java:logGet(46)) - raft.grpc.server.async.request.thread.pool.size = 32 (default)
2022-09-28 09:56:46,227 [Listener at 127.0.0.1/44537] INFO  impl.DataStreamServerImpl (ConfUtils.java:logGet(46)) - raft.datastream.type = DISABLED (default)
2022-09-28 09:56:46,227 [Listener at 127.0.0.1/44537] INFO  server.RaftServerConfigKeys (ConfUtils.java:logGet(46)) - raft.server.threadpool.proxy.cached = true (default)
2022-09-28 09:56:46,227 [Listener at 127.0.0.1/44537] INFO  server.RaftServerConfigKeys (ConfUtils.java:logGet(46)) - raft.server.threadpool.proxy.size = 0 (default)
2022-09-28 09:56:46,227 [Listener at 127.0.0.1/44537] INFO  server.RaftServerConfigKeys (ConfUtils.java:logGet(46)) - raft.server.rpc.slowness.timeout = 300s (custom)
2022-09-28 09:56:46,227 [Listener at 127.0.0.1/44537] INFO  server.RaftServerConfigKeys (ConfUtils.java:logGet(46)) - raft.server.leaderelection.leader.step-down.wait-time = 10s (default)
2022-09-28 09:56:46,227 [Listener at 127.0.0.1/44537] INFO  server.RaftServerConfigKeys (ConfUtils.java:logGet(46)) - raft.server.storage.dir = [/home/runner/work/ozone/ozone/hadoop-ozone/integration-test/target/test-dir/MiniOzoneClusterImpl-d01a16d6-de90-4827-8502-1257907892ea/datanode-0/data/ratis] (custom)
2022-09-28 09:56:46,245 [Listener at 127.0.0.1/44537] INFO  server.XceiverServerGrpc (XceiverServerGrpc.java:<init>(132)) - GrpcServer channel type EpollServerSocketChannel
2022-09-28 09:56:46,272 [Listener at 127.0.0.1/44537] INFO  http.BaseHttpServer (BaseHttpServer.java:newHttpServer2BuilderForOzone(213)) - Starting Web-server for hddsDatanode at: http://0.0.0.0:0
2022-09-28 09:56:46,272 [Listener at 127.0.0.1/44537] INFO  http.BaseHttpServer (BaseHttpServer.java:<init>(108)) - Hadoop Security Enabled: false Ozone Security Enabled: false Ozone HTTP Security Enabled: false 
2022-09-28 09:56:46,273 [Listener at 127.0.0.1/44537] INFO  server.AuthenticationFilter (AuthenticationFilter.java:constructSecretProvider(240)) - Unable to initialize FileSignerSecretProvider, falling back to use random secrets.
2022-09-28 09:56:46,292 [Listener at 127.0.0.1/44537] WARN  http.HttpRequestLog (HttpRequestLog.java:getRequestLog(103)) - Jetty request log can only be enabled using Log4j
2022-09-28 09:56:46,293 [Listener at 127.0.0.1/44537] INFO  http.HttpServer2 (HttpServer2.java:addGlobalFilter(1029)) - Added global filter 'safety' (class=org.apache.hadoop.hdds.server.http.HttpServer2$QuotingInputFilter)
2022-09-28 09:56:46,294 [Listener at 127.0.0.1/44537] INFO  http.HttpServer2 (HttpServer2.java:addFilter(1005)) - Added filter static_user_filter (class=org.apache.hadoop.http.lib.StaticUserWebFilter$StaticUserFilter) to context hddsDatanode
2022-09-28 09:56:46,294 [Listener at 127.0.0.1/44537] INFO  http.HttpServer2 (HttpServer2.java:addFilter(1013)) - Added filter static_user_filter (class=org.apache.hadoop.http.lib.StaticUserWebFilter$StaticUserFilter) to context static
2022-09-28 09:56:46,294 [Listener at 127.0.0.1/44537] INFO  http.HttpServer2 (HttpServer2.java:addFilter(1013)) - Added filter static_user_filter (class=org.apache.hadoop.http.lib.StaticUserWebFilter$StaticUserFilter) to context logs
2022-09-28 09:56:46,294 [Listener at 127.0.0.1/44537] INFO  http.HttpServer2 (HttpServer2.java:bindListener(1248)) - Jetty bound to port 44805
2022-09-28 09:56:46,294 [Listener at 127.0.0.1/44537] INFO  server.Server (Server.java:doStart(375)) - jetty-9.4.43.v20210629; built: 2021-06-30T11:07:22.254Z; git: 526006ecfa3af7f1a27ef3a288e2bef7ea9dd7e8; jvm 1.8.0_345-b01
2022-09-28 09:56:46,309 [Listener at 127.0.0.1/44537] INFO  server.session (DefaultSessionIdManager.java:doStart(334)) - DefaultSessionIdManager workerName=node0
2022-09-28 09:56:46,309 [Listener at 127.0.0.1/44537] INFO  server.session (DefaultSessionIdManager.java:doStart(339)) - No SessionScavenger set, using defaults
2022-09-28 09:56:46,309 [Listener at 127.0.0.1/44537] INFO  server.session (HouseKeeper.java:startScavenging(132)) - node0 Scavenging every 600000ms
2022-09-28 09:56:46,310 [Listener at 127.0.0.1/44537] INFO  handler.ContextHandler (ContextHandler.java:doStart(915)) - Started o.e.j.s.ServletContextHandler@2b70e806{logs,/logs,file:///home/runner/work/ozone/ozone/hadoop-ozone/integration-test/target/log,AVAILABLE}
2022-09-28 09:56:46,310 [Listener at 127.0.0.1/44537] INFO  handler.ContextHandler (ContextHandler.java:doStart(915)) - Started o.e.j.s.ServletContextHandler@39c5f774{static,/static,jar:file:/home/runner/.m2/repository/org/apache/ozone/hdds-container-service/1.3.0-SNAPSHOT/hdds-container-service-1.3.0-SNAPSHOT.jar!/webapps/static,AVAILABLE}
2022-09-28 09:56:46,588 [om1@group-C5BA1605619E-FollowerState] INFO  impl.FollowerState (FollowerState.java:run(143)) - om1@group-C5BA1605619E-FollowerState: change to CANDIDATE, lastRpcElapsedTime:1119741762ns, electionTimeout:1119ms
2022-09-28 09:56:46,589 [om1@group-C5BA1605619E-FollowerState] INFO  impl.RoleInfo (RoleInfo.java:shutdownFollowerState(110)) - om1: shutdown om1@group-C5BA1605619E-FollowerState
2022-09-28 09:56:46,589 [om1@group-C5BA1605619E-FollowerState] INFO  server.RaftServer$Division (RaftServerImpl.java:setRole(299)) - om1@group-C5BA1605619E: changes role from  FOLLOWER to CANDIDATE at term 0 for changeToCandidate
2022-09-28 09:56:46,589 [om1@group-C5BA1605619E-FollowerState] INFO  server.RaftServerConfigKeys (ConfUtils.java:logGet(46)) - raft.server.leaderelection.pre-vote = false (custom)
2022-09-28 09:56:46,589 [om1@group-C5BA1605619E-FollowerState] INFO  impl.RoleInfo (RoleInfo.java:updateAndGet(139)) - om1: start om1@group-C5BA1605619E-LeaderElection23
2022-09-28 09:56:46,669 [om1@group-C5BA1605619E-LeaderElection23] INFO  impl.LeaderElection (LeaderElection.java:askForVotes(310)) - om1@group-C5BA1605619E-LeaderElection23 ELECTION round 0: submit vote requests at term 1 for -1: [om1|rpc:localhost:9872|priority:0], old=null
2022-09-28 09:56:46,670 [om1@group-C5BA1605619E-LeaderElection23] INFO  impl.LeaderElection (LeaderElection.java:askForVotes(312)) - om1@group-C5BA1605619E-LeaderElection23 ELECTION round 0: result PASSED (term=1)
2022-09-28 09:56:46,670 [om1@group-C5BA1605619E-LeaderElection23] INFO  impl.RoleInfo (RoleInfo.java:shutdownLeaderElection(130)) - om1: shutdown om1@group-C5BA1605619E-LeaderElection23
2022-09-28 09:56:46,670 [om1@group-C5BA1605619E-LeaderElection23] INFO  server.RaftServer$Division (RaftServerImpl.java:setRole(299)) - om1@group-C5BA1605619E: changes role from CANDIDATE to LEADER at term 1 for changeToLeader
2022-09-28 09:56:46,670 [om1@group-C5BA1605619E-LeaderElection23] INFO  server.RaftServer$Division (ServerState.java:setLeader(287)) - om1@group-C5BA1605619E: change Leader from null to om1 at term 1 for becomeLeader, leader elected after 2705ms
2022-09-28 09:56:46,670 [om1@group-C5BA1605619E-LeaderElection23] INFO  server.RaftServerConfigKeys (ConfUtils.java:logGet(46)) - raft.server.staging.catchup.gap = 1000 (default)
2022-09-28 09:56:46,670 [om1@group-C5BA1605619E-LeaderElection23] INFO  server.RaftServerConfigKeys (ConfUtils.java:logGet(46)) - raft.server.write.element-limit = 4096 (default)
2022-09-28 09:56:46,670 [om1@group-C5BA1605619E-LeaderElection23] INFO  server.RaftServerConfigKeys (ConfUtils.java:logGet(46)) - raft.server.write.byte-limit = 64MB (=67108864) (default)
2022-09-28 09:56:46,670 [om1@group-C5BA1605619E-LeaderElection23] INFO  server.RaftServerConfigKeys (ConfUtils.java:logGet(46)) - raft.server.watch.timeout = 10s (default)
2022-09-28 09:56:46,670 [om1@group-C5BA1605619E-LeaderElection23] INFO  server.RaftServerConfigKeys (ConfUtils.java:logGet(46)) - raft.server.watch.timeout.denomination = 1s (default)
2022-09-28 09:56:46,670 [om1@group-C5BA1605619E-LeaderElection23] INFO  server.RaftServerConfigKeys (ConfUtils.java:logGet(46)) - raft.server.watch.element-limit = 65536 (default)
2022-09-28 09:56:46,670 [om1@group-C5BA1605619E-LeaderElection23] INFO  server.RaftServerConfigKeys (ConfUtils.java:logGet(46)) - raft.server.write.element-limit = 4096 (default)
2022-09-28 09:56:46,670 [om1@group-C5BA1605619E-LeaderElection23] INFO  server.RaftServerConfigKeys (ConfUtils.java:logGet(46)) - raft.server.write.follower.gap.ratio.max = -1.0 (default)
2022-09-28 09:56:46,670 [om1@group-C5BA1605619E-LeaderElection23] INFO  impl.RoleInfo (RoleInfo.java:updateAndGet(139)) - om1: start om1@group-C5BA1605619E-LeaderStateImpl
2022-09-28 09:56:46,671 [om1@group-C5BA1605619E-LeaderElection23] INFO  segmented.SegmentedRaftLogWorker (SegmentedRaftLogWorker.java:startLogSegment(425)) - om1@group-C5BA1605619E-SegmentedRaftLogWorker: Starting segment from index:0
2022-09-28 09:56:46,685 [om1@group-C5BA1605619E-SegmentedRaftLogWorker] INFO  segmented.SegmentedRaftLogWorker (SegmentedRaftLogWorker.java:execute(629)) - om1@group-C5BA1605619E-SegmentedRaftLogWorker: created new log segment /home/runner/work/ozone/ozone/hadoop-ozone/integration-test/target/test-dir/MiniOzoneClusterImpl-d01a16d6-de90-4827-8502-1257907892ea/ozone-meta/ratis/bf265839-605b-3f16-9796-c5ba1605619e/current/log_inprogress_0
2022-09-28 09:56:46,696 [om1@group-C5BA1605619E-LeaderElection23] INFO  server.RaftServer$Division (ServerState.java:setRaftConf(393)) - om1@group-C5BA1605619E: set configuration 0: [om1|rpc:localhost:9872|admin:|client:|dataStream:|priority:0], old=null
2022-09-28 09:56:46,725 [om1@group-C5BA1605619E-StateMachineUpdater] INFO  ratis.OzoneManagerStateMachine (OzoneManagerStateMachine.java:notifyConfigurationChanged(192)) - Received Configuration change notification from Ratis. New Peer list:
[id: "om1"
address: "localhost:9872"
]
2022-09-28 09:56:47,163 [Listener at 127.0.0.1/44537] INFO  handler.ContextHandler (ContextHandler.java:doStart(915)) - Started o.e.j.w.WebAppContext@467a5bfd{hddsDatanode,/,file:///tmp/jetty-0_0_0_0-44805-hdds-container-service-1_3_0-SNAPSHOT_jar-_-any-4454840786739910848/webapp/,AVAILABLE}{jar:file:/home/runner/.m2/repository/org/apache/ozone/hdds-container-service/1.3.0-SNAPSHOT/hdds-container-service-1.3.0-SNAPSHOT.jar!/webapps/hddsDatanode}
2022-09-28 09:56:47,204 [Listener at 127.0.0.1/44537] INFO  server.AbstractConnector (AbstractConnector.java:doStart(331)) - Started ServerConnector@17543d14{HTTP/1.1, (http/1.1)}{0.0.0.0:44805}
2022-09-28 09:56:47,205 [Listener at 127.0.0.1/44537] INFO  server.Server (Server.java:doStart(415)) - Started @171780ms
2022-09-28 09:56:47,205 [Listener at 127.0.0.1/44537] WARN  impl.MetricsSystemImpl (MetricsSystemImpl.java:register(279)) - Sink prometheus already exists!
2022-09-28 09:56:47,205 [Listener at 127.0.0.1/44537] INFO  http.BaseHttpServer (BaseHttpServer.java:updateConnectorAddress(333)) - HTTP server of hddsDatanode listening at http://0.0.0.0:44805
2022-09-28 09:56:47,220 [Datanode State Machine Daemon Thread] INFO  statemachine.DatanodeStateMachine (DatanodeStateMachine.java:lambda$startDaemon$0(492)) - Ozone container server started.
2022-09-28 09:56:47,220 [Listener at 127.0.0.1/44537] WARN  impl.MetricRegistriesImpl (MetricRegistriesImpl.java:addReporterRegistration(111)) - New reporters are added after registries were created. Some metrics will be missing from the reporter. Please add reporter before adding any new registry.
2022-09-28 09:56:47,244 [Listener at 127.0.0.1/44537] WARN  impl.MetricRegistriesImpl (MetricRegistriesImpl.java:addReporterRegistration(111)) - New reporters are added after registries were created. Some metrics will be missing from the reporter. Please add reporter before adding any new registry.
2022-09-28 09:56:47,244 [Listener at 127.0.0.1/44537] INFO  impl.MetricsSystemImpl (MetricsSystemImpl.java:init(158)) - HddsDatanode metrics system started (again)
2022-09-28 09:56:47,266 [Listener at 127.0.0.1/44537] INFO  ozone.HddsDatanodeService (HddsDatanodeService.java:start(236)) - HddsDatanodeService host:fv-az204-790.d0ggoinxmwcejgojbuqly40l0e.cx.internal.cloudapp.net ip:10.1.1.21
2022-09-28 09:56:47,292 [org.apache.hadoop.util.JvmPauseMonitor$Monitor@2f64466b] INFO  util.JvmPauseMonitor (JvmPauseMonitor.java:run(188)) - Starting JVM pause monitor
2022-09-28 09:56:47,308 [Datanode State Machine Task Thread - 0] INFO  datanode.InitDatanodeState (InitDatanodeState.java:persistContainerDatanodeDetails(138)) - DatanodeDetails is persisted to /home/runner/work/ozone/ozone/hadoop-ozone/integration-test/target/test-dir/MiniOzoneClusterImpl-d01a16d6-de90-4827-8502-1257907892ea/datanode-0/meta/datanode.id
2022-09-28 09:56:47,344 [Listener at 127.0.0.1/44537] INFO  upgrade.AbstractLayoutVersionManager (AbstractLayoutVersionManager.java:init(83)) - Initializing Layout version manager with metadata layout = DATANODE_SCHEMA_V3 (version = 4), software layout = DATANODE_SCHEMA_V3 (version = 4)
2022-09-28 09:56:47,490 [Listener at 127.0.0.1/44537] INFO  reflections.Reflections (Reflections.java:scan(232)) - Reflections took 136 ms to scan 7 urls, producing 135 keys and 327 values 
2022-09-28 09:56:47,491 [Listener at 127.0.0.1/44537] INFO  statemachine.DatanodeStateMachine (DatanodeStateMachine.java:getEndPointTaskThreadPoolSize(237)) - Datanode State Machine Task Thread Pool size 2
2022-09-28 09:56:47,507 [Listener at 127.0.0.1/44537] INFO  volume.HddsVolume (HddsVolume.java:<init>(117)) - Creating HddsVolume: /home/runner/work/ozone/ozone/hadoop-ozone/integration-test/target/test-dir/MiniOzoneClusterImpl-d01a16d6-de90-4827-8502-1257907892ea/datanode-1/data-0/containers/hdds of storage type : DISK capacity : 9223372036854775807
2022-09-28 09:56:47,508 [Listener at 127.0.0.1/44537] INFO  volume.MutableVolumeSet (MutableVolumeSet.java:initializeVolumeSet(174)) - Added Volume : /home/runner/work/ozone/ozone/hadoop-ozone/integration-test/target/test-dir/MiniOzoneClusterImpl-d01a16d6-de90-4827-8502-1257907892ea/datanode-1/data-0/containers/hdds to VolumeSet
2022-09-28 09:56:47,508 [Listener at 127.0.0.1/44537] INFO  volume.ThrottledAsyncChecker (ThrottledAsyncChecker.java:schedule(141)) - Scheduling a check for /home/runner/work/ozone/ozone/hadoop-ozone/integration-test/target/test-dir/MiniOzoneClusterImpl-d01a16d6-de90-4827-8502-1257907892ea/datanode-1/data-0/containers/hdds
2022-09-28 09:56:47,520 [Listener at 127.0.0.1/44537] INFO  volume.StorageVolumeChecker (StorageVolumeChecker.java:checkAllVolumes(202)) - Scheduled health check for volume /home/runner/work/ozone/ozone/hadoop-ozone/integration-test/target/test-dir/MiniOzoneClusterImpl-d01a16d6-de90-4827-8502-1257907892ea/datanode-1/data-0/containers/hdds
2022-09-28 09:56:47,534 [Listener at 127.0.0.1/44537] INFO  volume.MutableVolumeSet (MutableVolumeSet.java:initializeVolumeSet(174)) - Added Volume : /home/runner/work/ozone/ozone/hadoop-ozone/integration-test/target/test-dir/MiniOzoneClusterImpl-d01a16d6-de90-4827-8502-1257907892ea/datanode-1/data/ratis to VolumeSet
2022-09-28 09:56:47,534 [Listener at 127.0.0.1/44537] INFO  volume.ThrottledAsyncChecker (ThrottledAsyncChecker.java:schedule(141)) - Scheduling a check for /home/runner/work/ozone/ozone/hadoop-ozone/integration-test/target/test-dir/MiniOzoneClusterImpl-d01a16d6-de90-4827-8502-1257907892ea/datanode-1/data/ratis
2022-09-28 09:56:47,540 [Listener at 127.0.0.1/44537] INFO  volume.StorageVolumeChecker (StorageVolumeChecker.java:checkAllVolumes(202)) - Scheduled health check for volume /home/runner/work/ozone/ozone/hadoop-ozone/integration-test/target/test-dir/MiniOzoneClusterImpl-d01a16d6-de90-4827-8502-1257907892ea/datanode-1/data/ratis
2022-09-28 09:56:47,550 [Thread-1051] INFO  ozoneimpl.ContainerReader (ContainerReader.java:readVolume(175)) - Finish verifying containers on volume /home/runner/work/ozone/ozone/hadoop-ozone/integration-test/target/test-dir/MiniOzoneClusterImpl-d01a16d6-de90-4827-8502-1257907892ea/datanode-1/data-0/containers/hdds
2022-09-28 09:56:47,550 [Listener at 127.0.0.1/44537] INFO  ozoneimpl.OzoneContainer (OzoneContainer.java:buildContainerSet(300)) - Build ContainerSet costs 0s
2022-09-28 09:56:47,552 [Listener at 127.0.0.1/44537] INFO  server.RaftServer (ConfUtils.java:logGet(46)) - raft.rpc.type = GRPC (default)
2022-09-28 09:56:47,552 [Listener at 127.0.0.1/44537] INFO  grpc.GrpcFactory (GrpcFactory.java:checkPooledByteBufAllocatorUseCacheForAllThreads(48)) - PERFORMANCE WARNING: useCacheForAllThreads is true that may cause Netty to create a lot garbage objects and, as a result, trigger GC.
	It is recommended to disable useCacheForAllThreads by setting -Dorg.apache.ratis.thirdparty.io.netty.allocator.useCacheForAllThreads=false in command line.
2022-09-28 09:56:47,552 [Listener at 127.0.0.1/44537] INFO  grpc.GrpcConfigKeys (ConfUtils.java:logGet(46)) - raft.grpc.admin.port = 0 (custom)
2022-09-28 09:56:47,552 [Listener at 127.0.0.1/44537] INFO  grpc.GrpcConfigKeys (ConfUtils.java:logGet(46)) - raft.grpc.client.port = 0 (custom)
2022-09-28 09:56:47,552 [Listener at 127.0.0.1/44537] INFO  grpc.GrpcConfigKeys (ConfUtils.java:logGet(46)) - raft.grpc.server.port = 0 (default)
2022-09-28 09:56:47,553 [Listener at 127.0.0.1/44537] INFO  server.GrpcService (ConfUtils.java:logGet(46)) - raft.grpc.message.size.max = 32MB (=33554432) (custom)
2022-09-28 09:56:47,553 [Listener at 127.0.0.1/44537] INFO  server.RaftServerConfigKeys (ConfUtils.java:logGet(46)) - raft.server.log.appender.buffer.byte-limit = 33554432 (custom)
2022-09-28 09:56:47,553 [Listener at 127.0.0.1/44537] INFO  server.GrpcService (ConfUtils.java:logGet(46)) - raft.grpc.flow.control.window = 5MB (=5242880) (custom)
2022-09-28 09:56:47,553 [Listener at 127.0.0.1/44537] INFO  server.RaftServerConfigKeys (ConfUtils.java:logGet(46)) - raft.server.rpc.request.timeout = 60s (custom)
2022-09-28 09:56:47,553 [Listener at 127.0.0.1/44537] INFO  grpc.GrpcConfigKeys (ConfUtils.java:logGet(46)) - raft.grpc.server.async.request.thread.pool.cached = true (default)
2022-09-28 09:56:47,553 [Listener at 127.0.0.1/44537] INFO  grpc.GrpcConfigKeys (ConfUtils.java:logGet(46)) - raft.grpc.server.async.request.thread.pool.size = 32 (default)
2022-09-28 09:56:47,554 [Listener at 127.0.0.1/44537] INFO  impl.DataStreamServerImpl (ConfUtils.java:logGet(46)) - raft.datastream.type = DISABLED (default)
2022-09-28 09:56:47,554 [Listener at 127.0.0.1/44537] INFO  server.RaftServerConfigKeys (ConfUtils.java:logGet(46)) - raft.server.threadpool.proxy.cached = true (default)
2022-09-28 09:56:47,554 [Listener at 127.0.0.1/44537] INFO  server.RaftServerConfigKeys (ConfUtils.java:logGet(46)) - raft.server.threadpool.proxy.size = 0 (default)
2022-09-28 09:56:47,554 [Listener at 127.0.0.1/44537] INFO  server.RaftServerConfigKeys (ConfUtils.java:logGet(46)) - raft.server.rpc.slowness.timeout = 300s (custom)
2022-09-28 09:56:47,554 [Listener at 127.0.0.1/44537] INFO  server.RaftServerConfigKeys (ConfUtils.java:logGet(46)) - raft.server.leaderelection.leader.step-down.wait-time = 10s (default)
2022-09-28 09:56:47,554 [Listener at 127.0.0.1/44537] INFO  server.RaftServerConfigKeys (ConfUtils.java:logGet(46)) - raft.server.storage.dir = [/home/runner/work/ozone/ozone/hadoop-ozone/integration-test/target/test-dir/MiniOzoneClusterImpl-d01a16d6-de90-4827-8502-1257907892ea/datanode-1/data/ratis] (custom)
2022-09-28 09:56:47,593 [Listener at 127.0.0.1/44537] INFO  server.XceiverServerGrpc (XceiverServerGrpc.java:<init>(132)) - GrpcServer channel type EpollServerSocketChannel
2022-09-28 09:56:47,596 [Listener at 127.0.0.1/44537] INFO  http.BaseHttpServer (BaseHttpServer.java:newHttpServer2BuilderForOzone(213)) - Starting Web-server for hddsDatanode at: http://0.0.0.0:0
2022-09-28 09:56:47,596 [Listener at 127.0.0.1/44537] INFO  http.BaseHttpServer (BaseHttpServer.java:<init>(108)) - Hadoop Security Enabled: false Ozone Security Enabled: false Ozone HTTP Security Enabled: false 
2022-09-28 09:56:47,597 [Listener at 127.0.0.1/44537] INFO  server.AuthenticationFilter (AuthenticationFilter.java:constructSecretProvider(240)) - Unable to initialize FileSignerSecretProvider, falling back to use random secrets.
2022-09-28 09:56:47,608 [Listener at 127.0.0.1/44537] WARN  http.HttpRequestLog (HttpRequestLog.java:getRequestLog(103)) - Jetty request log can only be enabled using Log4j
2022-09-28 09:56:47,609 [Listener at 127.0.0.1/44537] INFO  http.HttpServer2 (HttpServer2.java:addGlobalFilter(1029)) - Added global filter 'safety' (class=org.apache.hadoop.hdds.server.http.HttpServer2$QuotingInputFilter)
2022-09-28 09:56:47,610 [Listener at 127.0.0.1/44537] INFO  http.HttpServer2 (HttpServer2.java:addFilter(1005)) - Added filter static_user_filter (class=org.apache.hadoop.http.lib.StaticUserWebFilter$StaticUserFilter) to context hddsDatanode
2022-09-28 09:56:47,610 [Listener at 127.0.0.1/44537] INFO  http.HttpServer2 (HttpServer2.java:addFilter(1013)) - Added filter static_user_filter (class=org.apache.hadoop.http.lib.StaticUserWebFilter$StaticUserFilter) to context logs
2022-09-28 09:56:47,610 [Listener at 127.0.0.1/44537] INFO  http.HttpServer2 (HttpServer2.java:addFilter(1013)) - Added filter static_user_filter (class=org.apache.hadoop.http.lib.StaticUserWebFilter$StaticUserFilter) to context static
2022-09-28 09:56:47,610 [Listener at 127.0.0.1/44537] INFO  http.HttpServer2 (HttpServer2.java:bindListener(1248)) - Jetty bound to port 44471
2022-09-28 09:56:47,610 [Listener at 127.0.0.1/44537] INFO  server.Server (Server.java:doStart(375)) - jetty-9.4.43.v20210629; built: 2021-06-30T11:07:22.254Z; git: 526006ecfa3af7f1a27ef3a288e2bef7ea9dd7e8; jvm 1.8.0_345-b01
2022-09-28 09:56:47,647 [Listener at 127.0.0.1/44537] INFO  server.session (DefaultSessionIdManager.java:doStart(334)) - DefaultSessionIdManager workerName=node0
2022-09-28 09:56:47,647 [Listener at 127.0.0.1/44537] INFO  server.session (DefaultSessionIdManager.java:doStart(339)) - No SessionScavenger set, using defaults
2022-09-28 09:56:47,647 [Listener at 127.0.0.1/44537] INFO  server.session (HouseKeeper.java:startScavenging(132)) - node0 Scavenging every 600000ms
2022-09-28 09:56:47,652 [Listener at 127.0.0.1/44537] INFO  handler.ContextHandler (ContextHandler.java:doStart(915)) - Started o.e.j.s.ServletContextHandler@22327c82{logs,/logs,file:///home/runner/work/ozone/ozone/hadoop-ozone/integration-test/target/log,AVAILABLE}
2022-09-28 09:56:47,653 [Listener at 127.0.0.1/44537] INFO  handler.ContextHandler (ContextHandler.java:doStart(915)) - Started o.e.j.s.ServletContextHandler@6ee7ce52{static,/static,jar:file:/home/runner/.m2/repository/org/apache/ozone/hdds-container-service/1.3.0-SNAPSHOT/hdds-container-service-1.3.0-SNAPSHOT.jar!/webapps/static,AVAILABLE}
2022-09-28 09:56:48,080 [Listener at 127.0.0.1/44537] INFO  handler.ContextHandler (ContextHandler.java:doStart(915)) - Started o.e.j.w.WebAppContext@4982649c{hddsDatanode,/,file:///tmp/jetty-0_0_0_0-44471-hdds-container-service-1_3_0-SNAPSHOT_jar-_-any-2590700060442729968/webapp/,AVAILABLE}{jar:file:/home/runner/.m2/repository/org/apache/ozone/hdds-container-service/1.3.0-SNAPSHOT/hdds-container-service-1.3.0-SNAPSHOT.jar!/webapps/hddsDatanode}
2022-09-28 09:56:48,112 [Listener at 127.0.0.1/44537] INFO  server.AbstractConnector (AbstractConnector.java:doStart(331)) - Started ServerConnector@54fc62a9{HTTP/1.1, (http/1.1)}{0.0.0.0:44471}
2022-09-28 09:56:48,113 [Listener at 127.0.0.1/44537] INFO  server.Server (Server.java:doStart(415)) - Started @172689ms
2022-09-28 09:56:48,113 [Listener at 127.0.0.1/44537] WARN  impl.MetricsSystemImpl (MetricsSystemImpl.java:register(279)) - Sink prometheus already exists!
2022-09-28 09:56:48,113 [Listener at 127.0.0.1/44537] INFO  http.BaseHttpServer (BaseHttpServer.java:updateConnectorAddress(333)) - HTTP server of hddsDatanode listening at http://0.0.0.0:44471
2022-09-28 09:56:48,114 [Listener at 127.0.0.1/44537] WARN  impl.MetricRegistriesImpl (MetricRegistriesImpl.java:addReporterRegistration(111)) - New reporters are added after registries were created. Some metrics will be missing from the reporter. Please add reporter before adding any new registry.
2022-09-28 09:56:48,114 [Listener at 127.0.0.1/44537] WARN  impl.MetricRegistriesImpl (MetricRegistriesImpl.java:addReporterRegistration(111)) - New reporters are added after registries were created. Some metrics will be missing from the reporter. Please add reporter before adding any new registry.
2022-09-28 09:56:48,114 [Listener at 127.0.0.1/44537] INFO  impl.MetricsSystemImpl (MetricsSystemImpl.java:init(158)) - HddsDatanode metrics system started (again)
2022-09-28 09:56:48,120 [Datanode State Machine Daemon Thread] INFO  statemachine.DatanodeStateMachine (DatanodeStateMachine.java:lambda$startDaemon$0(492)) - Ozone container server started.
2022-09-28 09:56:48,196 [Listener at 127.0.0.1/44537] INFO  ozone.HddsDatanodeService (HddsDatanodeService.java:start(236)) - HddsDatanodeService host:fv-az204-790.d0ggoinxmwcejgojbuqly40l0e.cx.internal.cloudapp.net ip:10.1.1.21
2022-09-28 09:56:48,264 [org.apache.hadoop.util.JvmPauseMonitor$Monitor@42a7a6a] INFO  util.JvmPauseMonitor (JvmPauseMonitor.java:run(188)) - Starting JVM pause monitor
2022-09-28 09:56:48,306 [Datanode State Machine Task Thread - 0] INFO  datanode.InitDatanodeState (InitDatanodeState.java:persistContainerDatanodeDetails(138)) - DatanodeDetails is persisted to /home/runner/work/ozone/ozone/hadoop-ozone/integration-test/target/test-dir/MiniOzoneClusterImpl-d01a16d6-de90-4827-8502-1257907892ea/datanode-1/meta/datanode.id
2022-09-28 09:56:48,319 [Listener at 127.0.0.1/44537] INFO  upgrade.AbstractLayoutVersionManager (AbstractLayoutVersionManager.java:init(83)) - Initializing Layout version manager with metadata layout = DATANODE_SCHEMA_V3 (version = 4), software layout = DATANODE_SCHEMA_V3 (version = 4)
2022-09-28 09:56:48,436 [Listener at 127.0.0.1/44537] INFO  reflections.Reflections (Reflections.java:scan(232)) - Reflections took 116 ms to scan 7 urls, producing 135 keys and 327 values 
2022-09-28 09:56:48,438 [Listener at 127.0.0.1/44537] INFO  statemachine.DatanodeStateMachine (DatanodeStateMachine.java:getEndPointTaskThreadPoolSize(237)) - Datanode State Machine Task Thread Pool size 2
2022-09-28 09:56:48,439 [Listener at 127.0.0.1/44537] INFO  volume.HddsVolume (HddsVolume.java:<init>(117)) - Creating HddsVolume: /home/runner/work/ozone/ozone/hadoop-ozone/integration-test/target/test-dir/MiniOzoneClusterImpl-d01a16d6-de90-4827-8502-1257907892ea/datanode-2/data-0/containers/hdds of storage type : DISK capacity : 9223372036854775807
2022-09-28 09:56:48,439 [Listener at 127.0.0.1/44537] INFO  volume.MutableVolumeSet (MutableVolumeSet.java:initializeVolumeSet(174)) - Added Volume : /home/runner/work/ozone/ozone/hadoop-ozone/integration-test/target/test-dir/MiniOzoneClusterImpl-d01a16d6-de90-4827-8502-1257907892ea/datanode-2/data-0/containers/hdds to VolumeSet
2022-09-28 09:56:48,439 [Listener at 127.0.0.1/44537] INFO  volume.ThrottledAsyncChecker (ThrottledAsyncChecker.java:schedule(141)) - Scheduling a check for /home/runner/work/ozone/ozone/hadoop-ozone/integration-test/target/test-dir/MiniOzoneClusterImpl-d01a16d6-de90-4827-8502-1257907892ea/datanode-2/data-0/containers/hdds
2022-09-28 09:56:48,440 [Listener at 127.0.0.1/44537] INFO  volume.StorageVolumeChecker (StorageVolumeChecker.java:checkAllVolumes(202)) - Scheduled health check for volume /home/runner/work/ozone/ozone/hadoop-ozone/integration-test/target/test-dir/MiniOzoneClusterImpl-d01a16d6-de90-4827-8502-1257907892ea/datanode-2/data-0/containers/hdds
2022-09-28 09:56:48,498 [Listener at 127.0.0.1/44537] INFO  volume.MutableVolumeSet (MutableVolumeSet.java:initializeVolumeSet(174)) - Added Volume : /home/runner/work/ozone/ozone/hadoop-ozone/integration-test/target/test-dir/MiniOzoneClusterImpl-d01a16d6-de90-4827-8502-1257907892ea/datanode-2/data/ratis to VolumeSet
2022-09-28 09:56:48,498 [Listener at 127.0.0.1/44537] INFO  volume.ThrottledAsyncChecker (ThrottledAsyncChecker.java:schedule(141)) - Scheduling a check for /home/runner/work/ozone/ozone/hadoop-ozone/integration-test/target/test-dir/MiniOzoneClusterImpl-d01a16d6-de90-4827-8502-1257907892ea/datanode-2/data/ratis
2022-09-28 09:56:48,498 [Listener at 127.0.0.1/44537] INFO  volume.StorageVolumeChecker (StorageVolumeChecker.java:checkAllVolumes(202)) - Scheduled health check for volume /home/runner/work/ozone/ozone/hadoop-ozone/integration-test/target/test-dir/MiniOzoneClusterImpl-d01a16d6-de90-4827-8502-1257907892ea/datanode-2/data/ratis
2022-09-28 09:56:48,548 [Thread-1064] INFO  ozoneimpl.ContainerReader (ContainerReader.java:readVolume(175)) - Finish verifying containers on volume /home/runner/work/ozone/ozone/hadoop-ozone/integration-test/target/test-dir/MiniOzoneClusterImpl-d01a16d6-de90-4827-8502-1257907892ea/datanode-2/data-0/containers/hdds
2022-09-28 09:56:48,548 [Listener at 127.0.0.1/44537] INFO  ozoneimpl.OzoneContainer (OzoneContainer.java:buildContainerSet(300)) - Build ContainerSet costs 0s
2022-09-28 09:56:48,550 [Listener at 127.0.0.1/44537] INFO  server.RaftServer (ConfUtils.java:logGet(46)) - raft.rpc.type = GRPC (default)
2022-09-28 09:56:48,550 [Listener at 127.0.0.1/44537] INFO  grpc.GrpcFactory (GrpcFactory.java:checkPooledByteBufAllocatorUseCacheForAllThreads(48)) - PERFORMANCE WARNING: useCacheForAllThreads is true that may cause Netty to create a lot garbage objects and, as a result, trigger GC.
	It is recommended to disable useCacheForAllThreads by setting -Dorg.apache.ratis.thirdparty.io.netty.allocator.useCacheForAllThreads=false in command line.
2022-09-28 09:56:48,550 [Listener at 127.0.0.1/44537] INFO  grpc.GrpcConfigKeys (ConfUtils.java:logGet(46)) - raft.grpc.admin.port = 0 (custom)
2022-09-28 09:56:48,550 [Listener at 127.0.0.1/44537] INFO  grpc.GrpcConfigKeys (ConfUtils.java:logGet(46)) - raft.grpc.client.port = 0 (custom)
2022-09-28 09:56:48,552 [Listener at 127.0.0.1/44537] INFO  grpc.GrpcConfigKeys (ConfUtils.java:logGet(46)) - raft.grpc.server.port = 0 (default)
2022-09-28 09:56:48,552 [Listener at 127.0.0.1/44537] INFO  server.GrpcService (ConfUtils.java:logGet(46)) - raft.grpc.message.size.max = 32MB (=33554432) (custom)
2022-09-28 09:56:48,552 [Listener at 127.0.0.1/44537] INFO  server.RaftServerConfigKeys (ConfUtils.java:logGet(46)) - raft.server.log.appender.buffer.byte-limit = 33554432 (custom)
2022-09-28 09:56:48,552 [Listener at 127.0.0.1/44537] INFO  server.GrpcService (ConfUtils.java:logGet(46)) - raft.grpc.flow.control.window = 5MB (=5242880) (custom)
2022-09-28 09:56:48,552 [Listener at 127.0.0.1/44537] INFO  server.RaftServerConfigKeys (ConfUtils.java:logGet(46)) - raft.server.rpc.request.timeout = 60s (custom)
2022-09-28 09:56:48,552 [Listener at 127.0.0.1/44537] INFO  grpc.GrpcConfigKeys (ConfUtils.java:logGet(46)) - raft.grpc.server.async.request.thread.pool.cached = true (default)
2022-09-28 09:56:48,552 [Listener at 127.0.0.1/44537] INFO  grpc.GrpcConfigKeys (ConfUtils.java:logGet(46)) - raft.grpc.server.async.request.thread.pool.size = 32 (default)
2022-09-28 09:56:48,553 [Listener at 127.0.0.1/44537] INFO  impl.DataStreamServerImpl (ConfUtils.java:logGet(46)) - raft.datastream.type = DISABLED (default)
2022-09-28 09:56:48,553 [Listener at 127.0.0.1/44537] INFO  server.RaftServerConfigKeys (ConfUtils.java:logGet(46)) - raft.server.threadpool.proxy.cached = true (default)
2022-09-28 09:56:48,553 [Listener at 127.0.0.1/44537] INFO  server.RaftServerConfigKeys (ConfUtils.java:logGet(46)) - raft.server.threadpool.proxy.size = 0 (default)
2022-09-28 09:56:48,553 [Listener at 127.0.0.1/44537] INFO  server.RaftServerConfigKeys (ConfUtils.java:logGet(46)) - raft.server.rpc.slowness.timeout = 300s (custom)
2022-09-28 09:56:48,553 [Listener at 127.0.0.1/44537] INFO  server.RaftServerConfigKeys (ConfUtils.java:logGet(46)) - raft.server.leaderelection.leader.step-down.wait-time = 10s (default)
2022-09-28 09:56:48,554 [Listener at 127.0.0.1/44537] INFO  server.RaftServerConfigKeys (ConfUtils.java:logGet(46)) - raft.server.storage.dir = [/home/runner/work/ozone/ozone/hadoop-ozone/integration-test/target/test-dir/MiniOzoneClusterImpl-d01a16d6-de90-4827-8502-1257907892ea/datanode-2/data/ratis] (custom)
2022-09-28 09:56:48,577 [Listener at 127.0.0.1/44537] INFO  server.XceiverServerGrpc (XceiverServerGrpc.java:<init>(132)) - GrpcServer channel type EpollServerSocketChannel
2022-09-28 09:56:48,593 [Listener at 127.0.0.1/44537] INFO  http.BaseHttpServer (BaseHttpServer.java:newHttpServer2BuilderForOzone(213)) - Starting Web-server for hddsDatanode at: http://0.0.0.0:0
2022-09-28 09:56:48,593 [Listener at 127.0.0.1/44537] INFO  http.BaseHttpServer (BaseHttpServer.java:<init>(108)) - Hadoop Security Enabled: false Ozone Security Enabled: false Ozone HTTP Security Enabled: false 
2022-09-28 09:56:48,594 [Listener at 127.0.0.1/44537] INFO  server.AuthenticationFilter (AuthenticationFilter.java:constructSecretProvider(240)) - Unable to initialize FileSignerSecretProvider, falling back to use random secrets.
2022-09-28 09:56:48,596 [Listener at 127.0.0.1/44537] WARN  http.HttpRequestLog (HttpRequestLog.java:getRequestLog(103)) - Jetty request log can only be enabled using Log4j
2022-09-28 09:56:48,597 [Listener at 127.0.0.1/44537] INFO  http.HttpServer2 (HttpServer2.java:addGlobalFilter(1029)) - Added global filter 'safety' (class=org.apache.hadoop.hdds.server.http.HttpServer2$QuotingInputFilter)
2022-09-28 09:56:48,598 [Listener at 127.0.0.1/44537] INFO  http.HttpServer2 (HttpServer2.java:addFilter(1005)) - Added filter static_user_filter (class=org.apache.hadoop.http.lib.StaticUserWebFilter$StaticUserFilter) to context hddsDatanode
2022-09-28 09:56:48,598 [Listener at 127.0.0.1/44537] INFO  http.HttpServer2 (HttpServer2.java:addFilter(1013)) - Added filter static_user_filter (class=org.apache.hadoop.http.lib.StaticUserWebFilter$StaticUserFilter) to context static
2022-09-28 09:56:48,598 [Listener at 127.0.0.1/44537] INFO  http.HttpServer2 (HttpServer2.java:addFilter(1013)) - Added filter static_user_filter (class=org.apache.hadoop.http.lib.StaticUserWebFilter$StaticUserFilter) to context logs
2022-09-28 09:56:48,598 [Listener at 127.0.0.1/44537] INFO  http.HttpServer2 (HttpServer2.java:bindListener(1248)) - Jetty bound to port 35973
2022-09-28 09:56:48,598 [Listener at 127.0.0.1/44537] INFO  server.Server (Server.java:doStart(375)) - jetty-9.4.43.v20210629; built: 2021-06-30T11:07:22.254Z; git: 526006ecfa3af7f1a27ef3a288e2bef7ea9dd7e8; jvm 1.8.0_345-b01
2022-09-28 09:56:48,676 [Listener at 127.0.0.1/44537] INFO  server.session (DefaultSessionIdManager.java:doStart(334)) - DefaultSessionIdManager workerName=node0
2022-09-28 09:56:48,676 [Listener at 127.0.0.1/44537] INFO  server.session (DefaultSessionIdManager.java:doStart(339)) - No SessionScavenger set, using defaults
2022-09-28 09:56:48,677 [Listener at 127.0.0.1/44537] INFO  server.session (HouseKeeper.java:startScavenging(132)) - node0 Scavenging every 600000ms
2022-09-28 09:56:48,685 [Listener at 127.0.0.1/44537] INFO  handler.ContextHandler (ContextHandler.java:doStart(915)) - Started o.e.j.s.ServletContextHandler@6549d697{logs,/logs,file:///home/runner/work/ozone/ozone/hadoop-ozone/integration-test/target/log,AVAILABLE}
2022-09-28 09:56:48,685 [Listener at 127.0.0.1/44537] INFO  handler.ContextHandler (ContextHandler.java:doStart(915)) - Started o.e.j.s.ServletContextHandler@a87e14b{static,/static,jar:file:/home/runner/.m2/repository/org/apache/ozone/hdds-container-service/1.3.0-SNAPSHOT/hdds-container-service-1.3.0-SNAPSHOT.jar!/webapps/static,AVAILABLE}
2022-09-28 09:56:49,467 [Listener at 127.0.0.1/44537] INFO  handler.ContextHandler (ContextHandler.java:doStart(915)) - Started o.e.j.w.WebAppContext@6df3efab{hddsDatanode,/,file:///tmp/jetty-0_0_0_0-35973-hdds-container-service-1_3_0-SNAPSHOT_jar-_-any-258716310803087803/webapp/,AVAILABLE}{jar:file:/home/runner/.m2/repository/org/apache/ozone/hdds-container-service/1.3.0-SNAPSHOT/hdds-container-service-1.3.0-SNAPSHOT.jar!/webapps/hddsDatanode}
2022-09-28 09:56:49,498 [Listener at 127.0.0.1/44537] INFO  server.AbstractConnector (AbstractConnector.java:doStart(331)) - Started ServerConnector@16a13fc{HTTP/1.1, (http/1.1)}{0.0.0.0:35973}
2022-09-28 09:56:49,498 [Listener at 127.0.0.1/44537] INFO  server.Server (Server.java:doStart(415)) - Started @174074ms
2022-09-28 09:56:49,498 [Listener at 127.0.0.1/44537] WARN  impl.MetricsSystemImpl (MetricsSystemImpl.java:register(279)) - Sink prometheus already exists!
2022-09-28 09:56:49,499 [Listener at 127.0.0.1/44537] INFO  http.BaseHttpServer (BaseHttpServer.java:updateConnectorAddress(333)) - HTTP server of hddsDatanode listening at http://0.0.0.0:35973
2022-09-28 09:56:49,541 [EndpointStateMachine task thread for /0.0.0.0:42955 - 0 ] INFO  volume.HddsVolume (HddsVolume.java:createDbStore(307)) - SchemaV3 db is created and loaded at /home/runner/work/ozone/ozone/hadoop-ozone/integration-test/target/test-dir/MiniOzoneClusterImpl-d01a16d6-de90-4827-8502-1257907892ea/datanode-0/data-0/containers/hdds/d01a16d6-de90-4827-8502-1257907892ea/DS-7d2ad32a-7a88-4109-a73a-eea996dbac66/container.db for volume DS-7d2ad32a-7a88-4109-a73a-eea996dbac66
2022-09-28 09:56:49,541 [Listener at 127.0.0.1/44537] WARN  impl.MetricRegistriesImpl (MetricRegistriesImpl.java:addReporterRegistration(111)) - New reporters are added after registries were created. Some metrics will be missing from the reporter. Please add reporter before adding any new registry.
2022-09-28 09:56:49,541 [Listener at 127.0.0.1/44537] WARN  impl.MetricRegistriesImpl (MetricRegistriesImpl.java:addReporterRegistration(111)) - New reporters are added after registries were created. Some metrics will be missing from the reporter. Please add reporter before adding any new registry.
2022-09-28 09:56:49,565 [EndpointStateMachine task thread for /0.0.0.0:42955 - 0 ] INFO  volume.HddsVolume (HddsVolume.java:closeDbStore(338)) - SchemaV3 db is stopped at /home/runner/work/ozone/ozone/hadoop-ozone/integration-test/target/test-dir/MiniOzoneClusterImpl-d01a16d6-de90-4827-8502-1257907892ea/datanode-0/data-0/containers/hdds/d01a16d6-de90-4827-8502-1257907892ea/DS-7d2ad32a-7a88-4109-a73a-eea996dbac66/container.db for volume DS-7d2ad32a-7a88-4109-a73a-eea996dbac66
2022-09-28 09:56:49,565 [EndpointStateMachine task thread for /0.0.0.0:42955 - 0 ] INFO  ozoneimpl.OzoneContainer (OzoneContainer.java:start(378)) - Attempting to start container services.
2022-09-28 09:56:49,565 [EndpointStateMachine task thread for /0.0.0.0:42955 - 0 ] INFO  ozoneimpl.OzoneContainer (OzoneContainer.java:startContainerScrub(313)) - Background container scanner has been disabled.
2022-09-28 09:56:49,566 [Listener at 127.0.0.1/44537] INFO  impl.MetricsSystemImpl (MetricsSystemImpl.java:init(158)) - HddsDatanode metrics system started (again)
2022-09-28 09:56:49,601 [EndpointStateMachine task thread for /0.0.0.0:42955 - 0 ] INFO  replication.ReplicationServer (ReplicationServer.java:start(111)) - ReplicationServer is started using port 34573
2022-09-28 09:56:49,601 [EndpointStateMachine task thread for /0.0.0.0:42955 - 0 ] INFO  ratis.XceiverServerRatis (XceiverServerRatis.java:start(481)) - Starting XceiverServerRatis 81dd36da-3863-49d7-8e4a-0ce023160f67
2022-09-28 09:56:49,602 [EndpointStateMachine task thread for /0.0.0.0:42955 - 0 ] INFO  server.RaftServer (RaftServerProxy.java:lambda$start$6(382)) - 81dd36da-3863-49d7-8e4a-0ce023160f67: start RPC server
2022-09-28 09:56:49,616 [EndpointStateMachine task thread for /0.0.0.0:42955 - 0 ] INFO  server.GrpcService (GrpcService.java:startImpl(260)) - 81dd36da-3863-49d7-8e4a-0ce023160f67: GrpcService started, listening on 41931
2022-09-28 09:56:49,616 [EndpointStateMachine task thread for /0.0.0.0:42955 - 0 ] INFO  ratis.XceiverServerRatis (XceiverServerRatis.java:getRealPort(502)) - XceiverServerRatis 81dd36da-3863-49d7-8e4a-0ce023160f67 is started using port 41931 for RATIS
2022-09-28 09:56:49,616 [EndpointStateMachine task thread for /0.0.0.0:42955 - 0 ] INFO  ratis.XceiverServerRatis (XceiverServerRatis.java:getRealPort(502)) - XceiverServerRatis 81dd36da-3863-49d7-8e4a-0ce023160f67 is started using port 41931 for RATIS_ADMIN
2022-09-28 09:56:49,616 [EndpointStateMachine task thread for /0.0.0.0:42955 - 0 ] INFO  ratis.XceiverServerRatis (XceiverServerRatis.java:getRealPort(502)) - XceiverServerRatis 81dd36da-3863-49d7-8e4a-0ce023160f67 is started using port 41931 for RATIS_SERVER
2022-09-28 09:56:49,616 [org.apache.ratis.util.JvmPauseMonitor$$Lambda$634/511600595@11fae42d] INFO  util.JvmPauseMonitor (JvmPauseMonitor.java:run(103)) - JvmPauseMonitor-81dd36da-3863-49d7-8e4a-0ce023160f67: Started
2022-09-28 09:56:49,629 [Listener at 127.0.0.1/44537] INFO  ozone.HddsDatanodeService (HddsDatanodeService.java:start(236)) - HddsDatanodeService host:fv-az204-790.d0ggoinxmwcejgojbuqly40l0e.cx.internal.cloudapp.net ip:10.1.1.21
2022-09-28 09:56:49,632 [Datanode State Machine Daemon Thread] INFO  statemachine.DatanodeStateMachine (DatanodeStateMachine.java:lambda$startDaemon$0(492)) - Ozone container server started.
2022-09-28 09:56:49,659 [Listener at 127.0.0.1/44537] INFO  upgrade.AbstractLayoutVersionManager (AbstractLayoutVersionManager.java:init(83)) - Initializing Layout version manager with metadata layout = DATANODE_SCHEMA_V3 (version = 4), software layout = DATANODE_SCHEMA_V3 (version = 4)
2022-09-28 09:56:49,670 [org.apache.hadoop.util.JvmPauseMonitor$Monitor@1a87a0a9] INFO  util.JvmPauseMonitor (JvmPauseMonitor.java:run(188)) - Starting JVM pause monitor
2022-09-28 09:56:49,686 [Datanode State Machine Task Thread - 0] INFO  datanode.InitDatanodeState (InitDatanodeState.java:persistContainerDatanodeDetails(138)) - DatanodeDetails is persisted to /home/runner/work/ozone/ozone/hadoop-ozone/integration-test/target/test-dir/MiniOzoneClusterImpl-d01a16d6-de90-4827-8502-1257907892ea/datanode-2/meta/datanode.id
2022-09-28 09:56:49,709 [EndpointStateMachine task thread for /0.0.0.0:42955 - 0 ] INFO  server.XceiverServerGrpc (XceiverServerGrpc.java:start(180)) - XceiverServerGrpc 81dd36da-3863-49d7-8e4a-0ce023160f67 is started using port 42525
2022-09-28 09:56:49,863 [Listener at 127.0.0.1/44537] INFO  reflections.Reflections (Reflections.java:scan(232)) - Reflections took 204 ms to scan 7 urls, producing 135 keys and 327 values 
2022-09-28 09:56:49,864 [Listener at 127.0.0.1/44537] INFO  statemachine.DatanodeStateMachine (DatanodeStateMachine.java:getEndPointTaskThreadPoolSize(237)) - Datanode State Machine Task Thread Pool size 2
2022-09-28 09:56:49,867 [Listener at 127.0.0.1/44537] INFO  volume.HddsVolume (HddsVolume.java:<init>(117)) - Creating HddsVolume: /home/runner/work/ozone/ozone/hadoop-ozone/integration-test/target/test-dir/MiniOzoneClusterImpl-d01a16d6-de90-4827-8502-1257907892ea/datanode-3/data-0/containers/hdds of storage type : DISK capacity : 9223372036854775807
2022-09-28 09:56:49,867 [Listener at 127.0.0.1/44537] INFO  volume.MutableVolumeSet (MutableVolumeSet.java:initializeVolumeSet(174)) - Added Volume : /home/runner/work/ozone/ozone/hadoop-ozone/integration-test/target/test-dir/MiniOzoneClusterImpl-d01a16d6-de90-4827-8502-1257907892ea/datanode-3/data-0/containers/hdds to VolumeSet
2022-09-28 09:56:49,867 [Listener at 127.0.0.1/44537] INFO  volume.ThrottledAsyncChecker (ThrottledAsyncChecker.java:schedule(141)) - Scheduling a check for /home/runner/work/ozone/ozone/hadoop-ozone/integration-test/target/test-dir/MiniOzoneClusterImpl-d01a16d6-de90-4827-8502-1257907892ea/datanode-3/data-0/containers/hdds
2022-09-28 09:56:49,867 [Listener at 127.0.0.1/44537] INFO  volume.StorageVolumeChecker (StorageVolumeChecker.java:checkAllVolumes(202)) - Scheduled health check for volume /home/runner/work/ozone/ozone/hadoop-ozone/integration-test/target/test-dir/MiniOzoneClusterImpl-d01a16d6-de90-4827-8502-1257907892ea/datanode-3/data-0/containers/hdds
2022-09-28 09:56:49,926 [Listener at 127.0.0.1/44537] INFO  volume.MutableVolumeSet (MutableVolumeSet.java:initializeVolumeSet(174)) - Added Volume : /home/runner/work/ozone/ozone/hadoop-ozone/integration-test/target/test-dir/MiniOzoneClusterImpl-d01a16d6-de90-4827-8502-1257907892ea/datanode-3/data/ratis to VolumeSet
2022-09-28 09:56:49,926 [Listener at 127.0.0.1/44537] INFO  volume.ThrottledAsyncChecker (ThrottledAsyncChecker.java:schedule(141)) - Scheduling a check for /home/runner/work/ozone/ozone/hadoop-ozone/integration-test/target/test-dir/MiniOzoneClusterImpl-d01a16d6-de90-4827-8502-1257907892ea/datanode-3/data/ratis
2022-09-28 09:56:49,926 [Listener at 127.0.0.1/44537] INFO  volume.StorageVolumeChecker (StorageVolumeChecker.java:checkAllVolumes(202)) - Scheduled health check for volume /home/runner/work/ozone/ozone/hadoop-ozone/integration-test/target/test-dir/MiniOzoneClusterImpl-d01a16d6-de90-4827-8502-1257907892ea/datanode-3/data/ratis
2022-09-28 09:56:50,001 [Thread-1083] INFO  ozoneimpl.ContainerReader (ContainerReader.java:readVolume(175)) - Finish verifying containers on volume /home/runner/work/ozone/ozone/hadoop-ozone/integration-test/target/test-dir/MiniOzoneClusterImpl-d01a16d6-de90-4827-8502-1257907892ea/datanode-3/data-0/containers/hdds
2022-09-28 09:56:50,001 [Listener at 127.0.0.1/44537] INFO  ozoneimpl.OzoneContainer (OzoneContainer.java:buildContainerSet(300)) - Build ContainerSet costs 0s
2022-09-28 09:56:50,010 [Listener at 127.0.0.1/44537] INFO  server.RaftServer (ConfUtils.java:logGet(46)) - raft.rpc.type = GRPC (default)
2022-09-28 09:56:50,010 [Listener at 127.0.0.1/44537] INFO  grpc.GrpcFactory (GrpcFactory.java:checkPooledByteBufAllocatorUseCacheForAllThreads(48)) - PERFORMANCE WARNING: useCacheForAllThreads is true that may cause Netty to create a lot garbage objects and, as a result, trigger GC.
	It is recommended to disable useCacheForAllThreads by setting -Dorg.apache.ratis.thirdparty.io.netty.allocator.useCacheForAllThreads=false in command line.
2022-09-28 09:56:50,010 [Listener at 127.0.0.1/44537] INFO  grpc.GrpcConfigKeys (ConfUtils.java:logGet(46)) - raft.grpc.admin.port = 0 (custom)
2022-09-28 09:56:50,010 [Listener at 127.0.0.1/44537] INFO  grpc.GrpcConfigKeys (ConfUtils.java:logGet(46)) - raft.grpc.client.port = 0 (custom)
2022-09-28 09:56:50,010 [Listener at 127.0.0.1/44537] INFO  grpc.GrpcConfigKeys (ConfUtils.java:logGet(46)) - raft.grpc.server.port = 0 (default)
2022-09-28 09:56:50,010 [Listener at 127.0.0.1/44537] INFO  server.GrpcService (ConfUtils.java:logGet(46)) - raft.grpc.message.size.max = 32MB (=33554432) (custom)
2022-09-28 09:56:50,010 [Listener at 127.0.0.1/44537] INFO  server.RaftServerConfigKeys (ConfUtils.java:logGet(46)) - raft.server.log.appender.buffer.byte-limit = 33554432 (custom)
2022-09-28 09:56:50,010 [Listener at 127.0.0.1/44537] INFO  server.GrpcService (ConfUtils.java:logGet(46)) - raft.grpc.flow.control.window = 5MB (=5242880) (custom)
2022-09-28 09:56:50,011 [Listener at 127.0.0.1/44537] INFO  server.RaftServerConfigKeys (ConfUtils.java:logGet(46)) - raft.server.rpc.request.timeout = 60s (custom)
2022-09-28 09:56:50,011 [Listener at 127.0.0.1/44537] INFO  grpc.GrpcConfigKeys (ConfUtils.java:logGet(46)) - raft.grpc.server.async.request.thread.pool.cached = true (default)
2022-09-28 09:56:50,011 [Listener at 127.0.0.1/44537] INFO  grpc.GrpcConfigKeys (ConfUtils.java:logGet(46)) - raft.grpc.server.async.request.thread.pool.size = 32 (default)
2022-09-28 09:56:50,012 [Listener at 127.0.0.1/44537] INFO  impl.DataStreamServerImpl (ConfUtils.java:logGet(46)) - raft.datastream.type = DISABLED (default)
2022-09-28 09:56:50,012 [Listener at 127.0.0.1/44537] INFO  server.RaftServerConfigKeys (ConfUtils.java:logGet(46)) - raft.server.threadpool.proxy.cached = true (default)
2022-09-28 09:56:50,012 [Listener at 127.0.0.1/44537] INFO  server.RaftServerConfigKeys (ConfUtils.java:logGet(46)) - raft.server.threadpool.proxy.size = 0 (default)
2022-09-28 09:56:50,029 [Listener at 127.0.0.1/44537] INFO  server.RaftServerConfigKeys (ConfUtils.java:logGet(46)) - raft.server.rpc.slowness.timeout = 300s (custom)
2022-09-28 09:56:50,029 [Listener at 127.0.0.1/44537] INFO  server.RaftServerConfigKeys (ConfUtils.java:logGet(46)) - raft.server.leaderelection.leader.step-down.wait-time = 10s (default)
2022-09-28 09:56:50,030 [Listener at 127.0.0.1/44537] INFO  server.RaftServerConfigKeys (ConfUtils.java:logGet(46)) - raft.server.storage.dir = [/home/runner/work/ozone/ozone/hadoop-ozone/integration-test/target/test-dir/MiniOzoneClusterImpl-d01a16d6-de90-4827-8502-1257907892ea/datanode-3/data/ratis] (custom)
2022-09-28 09:56:50,034 [Listener at 127.0.0.1/44537] INFO  server.XceiverServerGrpc (XceiverServerGrpc.java:<init>(132)) - GrpcServer channel type EpollServerSocketChannel
2022-09-28 09:56:50,036 [Listener at 127.0.0.1/44537] INFO  http.BaseHttpServer (BaseHttpServer.java:newHttpServer2BuilderForOzone(213)) - Starting Web-server for hddsDatanode at: http://0.0.0.0:0
2022-09-28 09:56:50,037 [Listener at 127.0.0.1/44537] INFO  http.BaseHttpServer (BaseHttpServer.java:<init>(108)) - Hadoop Security Enabled: false Ozone Security Enabled: false Ozone HTTP Security Enabled: false 
2022-09-28 09:56:50,037 [Listener at 127.0.0.1/44537] INFO  server.AuthenticationFilter (AuthenticationFilter.java:constructSecretProvider(240)) - Unable to initialize FileSignerSecretProvider, falling back to use random secrets.
2022-09-28 09:56:50,038 [Listener at 127.0.0.1/44537] WARN  http.HttpRequestLog (HttpRequestLog.java:getRequestLog(103)) - Jetty request log can only be enabled using Log4j
2022-09-28 09:56:50,039 [Listener at 127.0.0.1/44537] INFO  http.HttpServer2 (HttpServer2.java:addGlobalFilter(1029)) - Added global filter 'safety' (class=org.apache.hadoop.hdds.server.http.HttpServer2$QuotingInputFilter)
2022-09-28 09:56:50,040 [Listener at 127.0.0.1/44537] INFO  http.HttpServer2 (HttpServer2.java:addFilter(1005)) - Added filter static_user_filter (class=org.apache.hadoop.http.lib.StaticUserWebFilter$StaticUserFilter) to context hddsDatanode
2022-09-28 09:56:50,040 [Listener at 127.0.0.1/44537] INFO  http.HttpServer2 (HttpServer2.java:addFilter(1013)) - Added filter static_user_filter (class=org.apache.hadoop.http.lib.StaticUserWebFilter$StaticUserFilter) to context static
2022-09-28 09:56:50,040 [Listener at 127.0.0.1/44537] INFO  http.HttpServer2 (HttpServer2.java:addFilter(1013)) - Added filter static_user_filter (class=org.apache.hadoop.http.lib.StaticUserWebFilter$StaticUserFilter) to context logs
2022-09-28 09:56:50,040 [Listener at 127.0.0.1/44537] INFO  http.HttpServer2 (HttpServer2.java:bindListener(1248)) - Jetty bound to port 34829
2022-09-28 09:56:50,040 [Listener at 127.0.0.1/44537] INFO  server.Server (Server.java:doStart(375)) - jetty-9.4.43.v20210629; built: 2021-06-30T11:07:22.254Z; git: 526006ecfa3af7f1a27ef3a288e2bef7ea9dd7e8; jvm 1.8.0_345-b01
2022-09-28 09:56:50,136 [Listener at 127.0.0.1/44537] INFO  server.session (DefaultSessionIdManager.java:doStart(334)) - DefaultSessionIdManager workerName=node0
2022-09-28 09:56:50,137 [Listener at 127.0.0.1/44537] INFO  server.session (DefaultSessionIdManager.java:doStart(339)) - No SessionScavenger set, using defaults
2022-09-28 09:56:50,137 [Listener at 127.0.0.1/44537] INFO  server.session (HouseKeeper.java:startScavenging(132)) - node0 Scavenging every 600000ms
2022-09-28 09:56:50,138 [Listener at 127.0.0.1/44537] INFO  handler.ContextHandler (ContextHandler.java:doStart(915)) - Started o.e.j.s.ServletContextHandler@2b52d7b9{logs,/logs,file:///home/runner/work/ozone/ozone/hadoop-ozone/integration-test/target/log,AVAILABLE}
2022-09-28 09:56:50,138 [Listener at 127.0.0.1/44537] INFO  handler.ContextHandler (ContextHandler.java:doStart(915)) - Started o.e.j.s.ServletContextHandler@622958e1{static,/static,jar:file:/home/runner/.m2/repository/org/apache/ozone/hdds-container-service/1.3.0-SNAPSHOT/hdds-container-service-1.3.0-SNAPSHOT.jar!/webapps/static,AVAILABLE}
2022-09-28 09:56:50,433 [EndpointStateMachine task thread for /0.0.0.0:42955 - 0 ] INFO  volume.HddsVolume (HddsVolume.java:createDbStore(307)) - SchemaV3 db is created and loaded at /home/runner/work/ozone/ozone/hadoop-ozone/integration-test/target/test-dir/MiniOzoneClusterImpl-d01a16d6-de90-4827-8502-1257907892ea/datanode-1/data-0/containers/hdds/d01a16d6-de90-4827-8502-1257907892ea/DS-2621ec72-3fcb-4589-82a1-af80a28dfb47/container.db for volume DS-2621ec72-3fcb-4589-82a1-af80a28dfb47
2022-09-28 09:56:50,441 [EndpointStateMachine task thread for /0.0.0.0:42955 - 0 ] INFO  volume.HddsVolume (HddsVolume.java:closeDbStore(338)) - SchemaV3 db is stopped at /home/runner/work/ozone/ozone/hadoop-ozone/integration-test/target/test-dir/MiniOzoneClusterImpl-d01a16d6-de90-4827-8502-1257907892ea/datanode-1/data-0/containers/hdds/d01a16d6-de90-4827-8502-1257907892ea/DS-2621ec72-3fcb-4589-82a1-af80a28dfb47/container.db for volume DS-2621ec72-3fcb-4589-82a1-af80a28dfb47
2022-09-28 09:56:50,441 [EndpointStateMachine task thread for /0.0.0.0:42955 - 0 ] INFO  ozoneimpl.OzoneContainer (OzoneContainer.java:start(378)) - Attempting to start container services.
2022-09-28 09:56:50,441 [EndpointStateMachine task thread for /0.0.0.0:42955 - 0 ] INFO  ozoneimpl.OzoneContainer (OzoneContainer.java:startContainerScrub(313)) - Background container scanner has been disabled.
2022-09-28 09:56:50,456 [EndpointStateMachine task thread for /0.0.0.0:42955 - 0 ] INFO  replication.ReplicationServer (ReplicationServer.java:start(111)) - ReplicationServer is started using port 38537
2022-09-28 09:56:50,464 [EndpointStateMachine task thread for /0.0.0.0:42955 - 0 ] INFO  ratis.XceiverServerRatis (XceiverServerRatis.java:start(481)) - Starting XceiverServerRatis 9ea057a0-30fc-4465-ba53-d20d8addab64
2022-09-28 09:56:50,504 [EndpointStateMachine task thread for /0.0.0.0:42955 - 0 ] INFO  server.RaftServer (RaftServerProxy.java:lambda$start$6(382)) - 9ea057a0-30fc-4465-ba53-d20d8addab64: start RPC server
2022-09-28 09:56:50,517 [EndpointStateMachine task thread for /0.0.0.0:42955 - 0 ] INFO  server.GrpcService (GrpcService.java:startImpl(260)) - 9ea057a0-30fc-4465-ba53-d20d8addab64: GrpcService started, listening on 34661
2022-09-28 09:56:50,527 [EndpointStateMachine task thread for /0.0.0.0:42955 - 0 ] INFO  ratis.XceiverServerRatis (XceiverServerRatis.java:getRealPort(502)) - XceiverServerRatis 9ea057a0-30fc-4465-ba53-d20d8addab64 is started using port 34661 for RATIS
2022-09-28 09:56:50,527 [EndpointStateMachine task thread for /0.0.0.0:42955 - 0 ] INFO  ratis.XceiverServerRatis (XceiverServerRatis.java:getRealPort(502)) - XceiverServerRatis 9ea057a0-30fc-4465-ba53-d20d8addab64 is started using port 34661 for RATIS_ADMIN
2022-09-28 09:56:50,527 [EndpointStateMachine task thread for /0.0.0.0:42955 - 0 ] INFO  ratis.XceiverServerRatis (XceiverServerRatis.java:getRealPort(502)) - XceiverServerRatis 9ea057a0-30fc-4465-ba53-d20d8addab64 is started using port 34661 for RATIS_SERVER
2022-09-28 09:56:50,527 [org.apache.ratis.util.JvmPauseMonitor$$Lambda$634/511600595@2135aca2] INFO  util.JvmPauseMonitor (JvmPauseMonitor.java:run(103)) - JvmPauseMonitor-9ea057a0-30fc-4465-ba53-d20d8addab64: Started
2022-09-28 09:56:50,597 [EndpointStateMachine task thread for /0.0.0.0:42955 - 0 ] INFO  server.XceiverServerGrpc (XceiverServerGrpc.java:start(180)) - XceiverServerGrpc 9ea057a0-30fc-4465-ba53-d20d8addab64 is started using port 33689
2022-09-28 09:56:50,911 [Listener at 127.0.0.1/44537] INFO  handler.ContextHandler (ContextHandler.java:doStart(915)) - Started o.e.j.w.WebAppContext@2d2ef96a{hddsDatanode,/,file:///tmp/jetty-0_0_0_0-34829-hdds-container-service-1_3_0-SNAPSHOT_jar-_-any-8056094988553873973/webapp/,AVAILABLE}{jar:file:/home/runner/.m2/repository/org/apache/ozone/hdds-container-service/1.3.0-SNAPSHOT/hdds-container-service-1.3.0-SNAPSHOT.jar!/webapps/hddsDatanode}
2022-09-28 09:56:50,912 [Listener at 127.0.0.1/44537] INFO  server.AbstractConnector (AbstractConnector.java:doStart(331)) - Started ServerConnector@1716bfb9{HTTP/1.1, (http/1.1)}{0.0.0.0:34829}
2022-09-28 09:56:50,912 [Listener at 127.0.0.1/44537] INFO  server.Server (Server.java:doStart(415)) - Started @175488ms
2022-09-28 09:56:50,912 [Listener at 127.0.0.1/44537] WARN  impl.MetricsSystemImpl (MetricsSystemImpl.java:register(279)) - Sink prometheus already exists!
2022-09-28 09:56:50,913 [Listener at 127.0.0.1/44537] INFO  http.BaseHttpServer (BaseHttpServer.java:updateConnectorAddress(333)) - HTTP server of hddsDatanode listening at http://0.0.0.0:34829
2022-09-28 09:56:50,914 [Listener at 127.0.0.1/44537] WARN  impl.MetricRegistriesImpl (MetricRegistriesImpl.java:addReporterRegistration(111)) - New reporters are added after registries were created. Some metrics will be missing from the reporter. Please add reporter before adding any new registry.
2022-09-28 09:56:50,914 [Listener at 127.0.0.1/44537] WARN  impl.MetricRegistriesImpl (MetricRegistriesImpl.java:addReporterRegistration(111)) - New reporters are added after registries were created. Some metrics will be missing from the reporter. Please add reporter before adding any new registry.
2022-09-28 09:56:50,914 [Listener at 127.0.0.1/44537] INFO  impl.MetricsSystemImpl (MetricsSystemImpl.java:init(158)) - HddsDatanode metrics system started (again)
2022-09-28 09:56:50,920 [Datanode State Machine Daemon Thread] INFO  statemachine.DatanodeStateMachine (DatanodeStateMachine.java:lambda$startDaemon$0(492)) - Ozone container server started.
2022-09-28 09:56:50,940 [Listener at 127.0.0.1/44537] INFO  ozone.HddsDatanodeService (HddsDatanodeService.java:start(236)) - HddsDatanodeService host:fv-az204-790.d0ggoinxmwcejgojbuqly40l0e.cx.internal.cloudapp.net ip:10.1.1.21
2022-09-28 09:56:50,972 [org.apache.hadoop.util.JvmPauseMonitor$Monitor@1d4bb1a2] INFO  util.JvmPauseMonitor (JvmPauseMonitor.java:run(188)) - Starting JVM pause monitor
2022-09-28 09:56:50,977 [Datanode State Machine Task Thread - 0] INFO  datanode.InitDatanodeState (InitDatanodeState.java:persistContainerDatanodeDetails(138)) - DatanodeDetails is persisted to /home/runner/work/ozone/ozone/hadoop-ozone/integration-test/target/test-dir/MiniOzoneClusterImpl-d01a16d6-de90-4827-8502-1257907892ea/datanode-3/meta/datanode.id
2022-09-28 09:56:51,012 [Listener at 127.0.0.1/44537] INFO  upgrade.AbstractLayoutVersionManager (AbstractLayoutVersionManager.java:init(83)) - Initializing Layout version manager with metadata layout = DATANODE_SCHEMA_V3 (version = 4), software layout = DATANODE_SCHEMA_V3 (version = 4)
2022-09-28 09:56:51,183 [Listener at 127.0.0.1/44537] INFO  reflections.Reflections (Reflections.java:scan(232)) - Reflections took 158 ms to scan 7 urls, producing 135 keys and 327 values 
2022-09-28 09:56:51,184 [Listener at 127.0.0.1/44537] INFO  statemachine.DatanodeStateMachine (DatanodeStateMachine.java:getEndPointTaskThreadPoolSize(237)) - Datanode State Machine Task Thread Pool size 2
2022-09-28 09:56:51,185 [Listener at 127.0.0.1/44537] INFO  volume.HddsVolume (HddsVolume.java:<init>(117)) - Creating HddsVolume: /home/runner/work/ozone/ozone/hadoop-ozone/integration-test/target/test-dir/MiniOzoneClusterImpl-d01a16d6-de90-4827-8502-1257907892ea/datanode-4/data-0/containers/hdds of storage type : DISK capacity : 9223372036854775807
2022-09-28 09:56:51,185 [Listener at 127.0.0.1/44537] INFO  volume.MutableVolumeSet (MutableVolumeSet.java:initializeVolumeSet(174)) - Added Volume : /home/runner/work/ozone/ozone/hadoop-ozone/integration-test/target/test-dir/MiniOzoneClusterImpl-d01a16d6-de90-4827-8502-1257907892ea/datanode-4/data-0/containers/hdds to VolumeSet
2022-09-28 09:56:51,185 [Listener at 127.0.0.1/44537] INFO  volume.ThrottledAsyncChecker (ThrottledAsyncChecker.java:schedule(141)) - Scheduling a check for /home/runner/work/ozone/ozone/hadoop-ozone/integration-test/target/test-dir/MiniOzoneClusterImpl-d01a16d6-de90-4827-8502-1257907892ea/datanode-4/data-0/containers/hdds
2022-09-28 09:56:51,186 [Listener at 127.0.0.1/44537] INFO  volume.StorageVolumeChecker (StorageVolumeChecker.java:checkAllVolumes(202)) - Scheduled health check for volume /home/runner/work/ozone/ozone/hadoop-ozone/integration-test/target/test-dir/MiniOzoneClusterImpl-d01a16d6-de90-4827-8502-1257907892ea/datanode-4/data-0/containers/hdds
2022-09-28 09:56:51,197 [Listener at 127.0.0.1/44537] INFO  volume.MutableVolumeSet (MutableVolumeSet.java:initializeVolumeSet(174)) - Added Volume : /home/runner/work/ozone/ozone/hadoop-ozone/integration-test/target/test-dir/MiniOzoneClusterImpl-d01a16d6-de90-4827-8502-1257907892ea/datanode-4/data/ratis to VolumeSet
2022-09-28 09:56:51,197 [Listener at 127.0.0.1/44537] INFO  volume.ThrottledAsyncChecker (ThrottledAsyncChecker.java:schedule(141)) - Scheduling a check for /home/runner/work/ozone/ozone/hadoop-ozone/integration-test/target/test-dir/MiniOzoneClusterImpl-d01a16d6-de90-4827-8502-1257907892ea/datanode-4/data/ratis
2022-09-28 09:56:51,198 [Listener at 127.0.0.1/44537] INFO  volume.StorageVolumeChecker (StorageVolumeChecker.java:checkAllVolumes(202)) - Scheduled health check for volume /home/runner/work/ozone/ozone/hadoop-ozone/integration-test/target/test-dir/MiniOzoneClusterImpl-d01a16d6-de90-4827-8502-1257907892ea/datanode-4/data/ratis
2022-09-28 09:56:51,207 [Thread-1101] INFO  ozoneimpl.ContainerReader (ContainerReader.java:readVolume(175)) - Finish verifying containers on volume /home/runner/work/ozone/ozone/hadoop-ozone/integration-test/target/test-dir/MiniOzoneClusterImpl-d01a16d6-de90-4827-8502-1257907892ea/datanode-4/data-0/containers/hdds
2022-09-28 09:56:51,207 [Listener at 127.0.0.1/44537] INFO  ozoneimpl.OzoneContainer (OzoneContainer.java:buildContainerSet(300)) - Build ContainerSet costs 0s
2022-09-28 09:56:51,209 [Listener at 127.0.0.1/44537] INFO  server.RaftServer (ConfUtils.java:logGet(46)) - raft.rpc.type = GRPC (default)
2022-09-28 09:56:51,209 [Listener at 127.0.0.1/44537] INFO  grpc.GrpcFactory (GrpcFactory.java:checkPooledByteBufAllocatorUseCacheForAllThreads(48)) - PERFORMANCE WARNING: useCacheForAllThreads is true that may cause Netty to create a lot garbage objects and, as a result, trigger GC.
	It is recommended to disable useCacheForAllThreads by setting -Dorg.apache.ratis.thirdparty.io.netty.allocator.useCacheForAllThreads=false in command line.
2022-09-28 09:56:51,209 [Listener at 127.0.0.1/44537] INFO  grpc.GrpcConfigKeys (ConfUtils.java:logGet(46)) - raft.grpc.admin.port = 0 (custom)
2022-09-28 09:56:51,209 [Listener at 127.0.0.1/44537] INFO  grpc.GrpcConfigKeys (ConfUtils.java:logGet(46)) - raft.grpc.client.port = 0 (custom)
2022-09-28 09:56:51,209 [Listener at 127.0.0.1/44537] INFO  grpc.GrpcConfigKeys (ConfUtils.java:logGet(46)) - raft.grpc.server.port = 0 (default)
2022-09-28 09:56:51,209 [Listener at 127.0.0.1/44537] INFO  server.GrpcService (ConfUtils.java:logGet(46)) - raft.grpc.message.size.max = 32MB (=33554432) (custom)
2022-09-28 09:56:51,209 [Listener at 127.0.0.1/44537] INFO  server.RaftServerConfigKeys (ConfUtils.java:logGet(46)) - raft.server.log.appender.buffer.byte-limit = 33554432 (custom)
2022-09-28 09:56:51,209 [Listener at 127.0.0.1/44537] INFO  server.GrpcService (ConfUtils.java:logGet(46)) - raft.grpc.flow.control.window = 5MB (=5242880) (custom)
2022-09-28 09:56:51,209 [Listener at 127.0.0.1/44537] INFO  server.RaftServerConfigKeys (ConfUtils.java:logGet(46)) - raft.server.rpc.request.timeout = 60s (custom)
2022-09-28 09:56:51,210 [Listener at 127.0.0.1/44537] INFO  grpc.GrpcConfigKeys (ConfUtils.java:logGet(46)) - raft.grpc.server.async.request.thread.pool.cached = true (default)
2022-09-28 09:56:51,210 [Listener at 127.0.0.1/44537] INFO  grpc.GrpcConfigKeys (ConfUtils.java:logGet(46)) - raft.grpc.server.async.request.thread.pool.size = 32 (default)
2022-09-28 09:56:51,210 [Listener at 127.0.0.1/44537] INFO  impl.DataStreamServerImpl (ConfUtils.java:logGet(46)) - raft.datastream.type = DISABLED (default)
2022-09-28 09:56:51,211 [Listener at 127.0.0.1/44537] INFO  server.RaftServerConfigKeys (ConfUtils.java:logGet(46)) - raft.server.threadpool.proxy.cached = true (default)
2022-09-28 09:56:51,211 [Listener at 127.0.0.1/44537] INFO  server.RaftServerConfigKeys (ConfUtils.java:logGet(46)) - raft.server.threadpool.proxy.size = 0 (default)
2022-09-28 09:56:51,211 [Listener at 127.0.0.1/44537] INFO  server.RaftServerConfigKeys (ConfUtils.java:logGet(46)) - raft.server.rpc.slowness.timeout = 300s (custom)
2022-09-28 09:56:51,211 [Listener at 127.0.0.1/44537] INFO  server.RaftServerConfigKeys (ConfUtils.java:logGet(46)) - raft.server.leaderelection.leader.step-down.wait-time = 10s (default)
2022-09-28 09:56:51,211 [Listener at 127.0.0.1/44537] INFO  server.RaftServerConfigKeys (ConfUtils.java:logGet(46)) - raft.server.storage.dir = [/home/runner/work/ozone/ozone/hadoop-ozone/integration-test/target/test-dir/MiniOzoneClusterImpl-d01a16d6-de90-4827-8502-1257907892ea/datanode-4/data/ratis] (custom)
2022-09-28 09:56:51,212 [Listener at 127.0.0.1/44537] INFO  server.XceiverServerGrpc (XceiverServerGrpc.java:<init>(132)) - GrpcServer channel type EpollServerSocketChannel
2022-09-28 09:56:51,238 [Listener at 127.0.0.1/44537] INFO  http.BaseHttpServer (BaseHttpServer.java:newHttpServer2BuilderForOzone(213)) - Starting Web-server for hddsDatanode at: http://0.0.0.0:0
2022-09-28 09:56:51,238 [Listener at 127.0.0.1/44537] INFO  http.BaseHttpServer (BaseHttpServer.java:<init>(108)) - Hadoop Security Enabled: false Ozone Security Enabled: false Ozone HTTP Security Enabled: false 
2022-09-28 09:56:51,241 [Listener at 127.0.0.1/44537] INFO  server.AuthenticationFilter (AuthenticationFilter.java:constructSecretProvider(240)) - Unable to initialize FileSignerSecretProvider, falling back to use random secrets.
2022-09-28 09:56:51,244 [Listener at 127.0.0.1/44537] WARN  http.HttpRequestLog (HttpRequestLog.java:getRequestLog(103)) - Jetty request log can only be enabled using Log4j
2022-09-28 09:56:51,245 [Listener at 127.0.0.1/44537] INFO  http.HttpServer2 (HttpServer2.java:addGlobalFilter(1029)) - Added global filter 'safety' (class=org.apache.hadoop.hdds.server.http.HttpServer2$QuotingInputFilter)
2022-09-28 09:56:51,246 [Listener at 127.0.0.1/44537] INFO  http.HttpServer2 (HttpServer2.java:addFilter(1005)) - Added filter static_user_filter (class=org.apache.hadoop.http.lib.StaticUserWebFilter$StaticUserFilter) to context hddsDatanode
2022-09-28 09:56:51,246 [Listener at 127.0.0.1/44537] INFO  http.HttpServer2 (HttpServer2.java:addFilter(1013)) - Added filter static_user_filter (class=org.apache.hadoop.http.lib.StaticUserWebFilter$StaticUserFilter) to context logs
2022-09-28 09:56:51,246 [Listener at 127.0.0.1/44537] INFO  http.HttpServer2 (HttpServer2.java:addFilter(1013)) - Added filter static_user_filter (class=org.apache.hadoop.http.lib.StaticUserWebFilter$StaticUserFilter) to context static
2022-09-28 09:56:51,246 [Listener at 127.0.0.1/44537] INFO  http.HttpServer2 (HttpServer2.java:bindListener(1248)) - Jetty bound to port 45169
2022-09-28 09:56:51,246 [Listener at 127.0.0.1/44537] INFO  server.Server (Server.java:doStart(375)) - jetty-9.4.43.v20210629; built: 2021-06-30T11:07:22.254Z; git: 526006ecfa3af7f1a27ef3a288e2bef7ea9dd7e8; jvm 1.8.0_345-b01
2022-09-28 09:56:51,249 [Listener at 127.0.0.1/44537] INFO  server.session (DefaultSessionIdManager.java:doStart(334)) - DefaultSessionIdManager workerName=node0
2022-09-28 09:56:51,249 [Listener at 127.0.0.1/44537] INFO  server.session (DefaultSessionIdManager.java:doStart(339)) - No SessionScavenger set, using defaults
2022-09-28 09:56:51,258 [Listener at 127.0.0.1/44537] INFO  server.session (HouseKeeper.java:startScavenging(132)) - node0 Scavenging every 600000ms
2022-09-28 09:56:51,258 [Listener at 127.0.0.1/44537] INFO  handler.ContextHandler (ContextHandler.java:doStart(915)) - Started o.e.j.s.ServletContextHandler@29bcb1fd{logs,/logs,file:///home/runner/work/ozone/ozone/hadoop-ozone/integration-test/target/log,AVAILABLE}
2022-09-28 09:56:51,258 [Listener at 127.0.0.1/44537] INFO  handler.ContextHandler (ContextHandler.java:doStart(915)) - Started o.e.j.s.ServletContextHandler@1a79ce5{static,/static,jar:file:/home/runner/.m2/repository/org/apache/ozone/hdds-container-service/1.3.0-SNAPSHOT/hdds-container-service-1.3.0-SNAPSHOT.jar!/webapps/static,AVAILABLE}
2022-09-28 09:56:51,297 [IPC Server handler 4 on default port 42955] INFO  net.NetworkTopologyImpl (NetworkTopologyImpl.java:add(112)) - Added a new node: /default-rack/81dd36da-3863-49d7-8e4a-0ce023160f67
2022-09-28 09:56:51,297 [IPC Server handler 4 on default port 42955] INFO  node.SCMNodeManager (SCMNodeManager.java:register(397)) - Registered Data node : 81dd36da-3863-49d7-8e4a-0ce023160f67{ip: 10.1.1.21, host: fv-az204-790.d0ggoinxmwcejgojbuqly40l0e.cx.internal.cloudapp.net, ports: [REPLICATION=34573, RATIS=41931, RATIS_ADMIN=41931, RATIS_SERVER=41931, STANDALONE=42525], networkLocation: /default-rack, certSerialId: null, persistedOpState: null, persistedOpStateExpiryEpochSec: 0}
2022-09-28 09:56:51,304 [EventQueue-NodeRegistrationContainerReportForContainerSafeModeRule] INFO  safemode.SCMSafeModeManager (SCMSafeModeManager.java:validateSafeModeExitRules(204)) - ContainerSafeModeRule rule is successfully validated
2022-09-28 09:56:51,305 [EventQueue-NodeRegistrationContainerReportForDataNodeSafeModeRule] INFO  safemode.SCMSafeModeManager (DataNodeSafeModeRule.java:process(71)) - SCM in safe mode. 1 DataNodes registered, 3 required.
2022-09-28 09:56:51,317 [EventQueue-NewNodeForNewNodeHandler] INFO  pipeline.BackgroundPipelineCreator (BackgroundPipelineCreator.java:notifyEventTriggered(276)) - trigger a one-shot run on RatisPipelineUtilsThread.
2022-09-28 09:56:51,317 [EventQueue-PipelineReportForOneReplicaPipelineSafeModeRule] INFO  safemode.SCMSafeModeManager (SCMSafeModeManager.java:validateSafeModeExitRules(204)) - AtleastOneDatanodeReportedRule rule is successfully validated
2022-09-28 09:56:51,317 [RatisPipelineUtilsThread - 0] INFO  pipeline.RatisPipelineProvider (RatisPipelineProvider.java:lambda$create$0(195)) - Sending CreatePipelineCommand for pipeline:PipelineID=57b9a4f4-93da-4e89-b35a-9f65dd0c69a0 to datanode:81dd36da-3863-49d7-8e4a-0ce023160f67
2022-09-28 09:56:51,317 [RatisPipelineUtilsThread - 0] INFO  pipeline.PipelineStateManagerImpl (PipelineStateManagerImpl.java:addPipeline(103)) - Created pipeline Pipeline[ Id: 57b9a4f4-93da-4e89-b35a-9f65dd0c69a0, Nodes: 81dd36da-3863-49d7-8e4a-0ce023160f67{ip: 10.1.1.21, host: fv-az204-790.d0ggoinxmwcejgojbuqly40l0e.cx.internal.cloudapp.net, ports: [REPLICATION=34573, RATIS=41931, RATIS_ADMIN=41931, RATIS_SERVER=41931, STANDALONE=42525], networkLocation: /default-rack, certSerialId: null, persistedOpState: IN_SERVICE, persistedOpStateExpiryEpochSec: 0}, ReplicationConfig: RATIS/ONE, State:ALLOCATED, leaderId:, CreationTimestamp2022-09-28T09:56:51.317Z[Etc/UTC]].
2022-09-28 09:56:51,781 [EndpointStateMachine task thread for /0.0.0.0:42955 - 0 ] INFO  volume.HddsVolume (HddsVolume.java:createDbStore(307)) - SchemaV3 db is created and loaded at /home/runner/work/ozone/ozone/hadoop-ozone/integration-test/target/test-dir/MiniOzoneClusterImpl-d01a16d6-de90-4827-8502-1257907892ea/datanode-2/data-0/containers/hdds/d01a16d6-de90-4827-8502-1257907892ea/DS-8afdfa0b-35f4-42a9-99c0-eb7b7392df09/container.db for volume DS-8afdfa0b-35f4-42a9-99c0-eb7b7392df09
2022-09-28 09:56:51,790 [Listener at 127.0.0.1/44537] INFO  handler.ContextHandler (ContextHandler.java:doStart(915)) - Started o.e.j.w.WebAppContext@7c3ae042{hddsDatanode,/,file:///tmp/jetty-0_0_0_0-45169-hdds-container-service-1_3_0-SNAPSHOT_jar-_-any-6565577898996971941/webapp/,AVAILABLE}{jar:file:/home/runner/.m2/repository/org/apache/ozone/hdds-container-service/1.3.0-SNAPSHOT/hdds-container-service-1.3.0-SNAPSHOT.jar!/webapps/hddsDatanode}
2022-09-28 09:56:51,825 [EndpointStateMachine task thread for /0.0.0.0:42955 - 0 ] INFO  volume.HddsVolume (HddsVolume.java:closeDbStore(338)) - SchemaV3 db is stopped at /home/runner/work/ozone/ozone/hadoop-ozone/integration-test/target/test-dir/MiniOzoneClusterImpl-d01a16d6-de90-4827-8502-1257907892ea/datanode-2/data-0/containers/hdds/d01a16d6-de90-4827-8502-1257907892ea/DS-8afdfa0b-35f4-42a9-99c0-eb7b7392df09/container.db for volume DS-8afdfa0b-35f4-42a9-99c0-eb7b7392df09
2022-09-28 09:56:51,836 [Listener at 127.0.0.1/44537] INFO  server.AbstractConnector (AbstractConnector.java:doStart(331)) - Started ServerConnector@cb22678{HTTP/1.1, (http/1.1)}{0.0.0.0:45169}
2022-09-28 09:56:51,869 [Listener at 127.0.0.1/44537] INFO  server.Server (Server.java:doStart(415)) - Started @176444ms
2022-09-28 09:56:51,869 [Listener at 127.0.0.1/44537] WARN  impl.MetricsSystemImpl (MetricsSystemImpl.java:register(279)) - Sink prometheus already exists!
2022-09-28 09:56:51,868 [EndpointStateMachine task thread for /0.0.0.0:42955 - 0 ] INFO  ozoneimpl.OzoneContainer (OzoneContainer.java:start(378)) - Attempting to start container services.
2022-09-28 09:56:51,869 [EndpointStateMachine task thread for /0.0.0.0:42955 - 0 ] INFO  ozoneimpl.OzoneContainer (OzoneContainer.java:startContainerScrub(313)) - Background container scanner has been disabled.
2022-09-28 09:56:51,881 [EndpointStateMachine task thread for /0.0.0.0:42955 - 0 ] INFO  replication.ReplicationServer (ReplicationServer.java:start(111)) - ReplicationServer is started using port 41233
2022-09-28 09:56:51,882 [EndpointStateMachine task thread for /0.0.0.0:42955 - 0 ] INFO  ratis.XceiverServerRatis (XceiverServerRatis.java:start(481)) - Starting XceiverServerRatis 125338ac-43fd-4d6a-ab02-d24e123888c3
2022-09-28 09:56:51,882 [EndpointStateMachine task thread for /0.0.0.0:42955 - 0 ] INFO  server.RaftServer (RaftServerProxy.java:lambda$start$6(382)) - 125338ac-43fd-4d6a-ab02-d24e123888c3: start RPC server
2022-09-28 09:56:51,885 [EndpointStateMachine task thread for /0.0.0.0:42955 - 0 ] INFO  server.GrpcService (GrpcService.java:startImpl(260)) - 125338ac-43fd-4d6a-ab02-d24e123888c3: GrpcService started, listening on 41005
2022-09-28 09:56:51,886 [EndpointStateMachine task thread for /0.0.0.0:42955 - 0 ] INFO  ratis.XceiverServerRatis (XceiverServerRatis.java:getRealPort(502)) - XceiverServerRatis 125338ac-43fd-4d6a-ab02-d24e123888c3 is started using port 41005 for RATIS
2022-09-28 09:56:51,886 [EndpointStateMachine task thread for /0.0.0.0:42955 - 0 ] INFO  ratis.XceiverServerRatis (XceiverServerRatis.java:getRealPort(502)) - XceiverServerRatis 125338ac-43fd-4d6a-ab02-d24e123888c3 is started using port 41005 for RATIS_ADMIN
2022-09-28 09:56:51,886 [EndpointStateMachine task thread for /0.0.0.0:42955 - 0 ] INFO  ratis.XceiverServerRatis (XceiverServerRatis.java:getRealPort(502)) - XceiverServerRatis 125338ac-43fd-4d6a-ab02-d24e123888c3 is started using port 41005 for RATIS_SERVER
2022-09-28 09:56:51,886 [org.apache.ratis.util.JvmPauseMonitor$$Lambda$634/511600595@1a04fb4e] INFO  util.JvmPauseMonitor (JvmPauseMonitor.java:run(103)) - JvmPauseMonitor-125338ac-43fd-4d6a-ab02-d24e123888c3: Started
2022-09-28 09:56:51,920 [Listener at 127.0.0.1/44537] INFO  http.BaseHttpServer (BaseHttpServer.java:updateConnectorAddress(333)) - HTTP server of hddsDatanode listening at http://0.0.0.0:45169
2022-09-28 09:56:51,943 [Listener at 127.0.0.1/44537] INFO  ozone.MiniOzoneClusterImpl (MiniOzoneClusterImpl.java:lambda$waitForClusterToBeReady$0(216)) - Waiting for nodes to be ready. Got 1 of 5 DN Heartbeats.
2022-09-28 09:56:51,943 [Listener at 127.0.0.1/44537] INFO  ozone.MiniOzoneClusterImpl (MiniOzoneClusterImpl.java:lambda$waitForClusterToBeReady$0(219)) - Waiting for cluster to exit safe mode
2022-09-28 09:56:51,943 [Listener at 127.0.0.1/44537] INFO  ozone.MiniOzoneClusterImpl (MiniOzoneClusterImpl.java:lambda$waitForClusterToBeReady$0(221)) - SCM became leader
2022-09-28 09:56:51,948 [Datanode State Machine Daemon Thread] INFO  statemachine.DatanodeStateMachine (DatanodeStateMachine.java:lambda$startDaemon$0(492)) - Ozone container server started.
2022-09-28 09:56:52,049 [EndpointStateMachine task thread for /0.0.0.0:42955 - 0 ] INFO  server.XceiverServerGrpc (XceiverServerGrpc.java:start(180)) - XceiverServerGrpc 125338ac-43fd-4d6a-ab02-d24e123888c3 is started using port 38003
2022-09-28 09:56:52,144 [Datanode State Machine Task Thread - 0] INFO  datanode.InitDatanodeState (InitDatanodeState.java:persistContainerDatanodeDetails(138)) - DatanodeDetails is persisted to /home/runner/work/ozone/ozone/hadoop-ozone/integration-test/target/test-dir/MiniOzoneClusterImpl-d01a16d6-de90-4827-8502-1257907892ea/datanode-4/meta/datanode.id
2022-09-28 09:56:52,147 [org.apache.hadoop.util.JvmPauseMonitor$Monitor@2b1f3d49] INFO  util.JvmPauseMonitor (JvmPauseMonitor.java:run(188)) - Starting JVM pause monitor
2022-09-28 09:56:52,258 [IPC Server handler 4 on default port 42955] INFO  net.NetworkTopologyImpl (NetworkTopologyImpl.java:add(112)) - Added a new node: /default-rack/9ea057a0-30fc-4465-ba53-d20d8addab64
2022-09-28 09:56:52,258 [IPC Server handler 4 on default port 42955] INFO  node.SCMNodeManager (SCMNodeManager.java:register(397)) - Registered Data node : 9ea057a0-30fc-4465-ba53-d20d8addab64{ip: 10.1.1.21, host: fv-az204-790.d0ggoinxmwcejgojbuqly40l0e.cx.internal.cloudapp.net, ports: [REPLICATION=38537, RATIS=34661, RATIS_ADMIN=34661, RATIS_SERVER=34661, STANDALONE=33689], networkLocation: /default-rack, certSerialId: null, persistedOpState: null, persistedOpStateExpiryEpochSec: 0}
2022-09-28 09:56:52,259 [EventQueue-NewNodeForNewNodeHandler] INFO  pipeline.BackgroundPipelineCreator (BackgroundPipelineCreator.java:notifyEventTriggered(276)) - trigger a one-shot run on RatisPipelineUtilsThread.
2022-09-28 09:56:52,259 [EventQueue-NodeRegistrationContainerReportForDataNodeSafeModeRule] INFO  safemode.SCMSafeModeManager (DataNodeSafeModeRule.java:process(71)) - SCM in safe mode. 2 DataNodes registered, 3 required.
2022-09-28 09:56:52,276 [RatisPipelineUtilsThread - 0] INFO  pipeline.RatisPipelineProvider (RatisPipelineProvider.java:lambda$create$0(195)) - Sending CreatePipelineCommand for pipeline:PipelineID=2c9ea259-a92d-487e-a420-b6be325b81d3 to datanode:9ea057a0-30fc-4465-ba53-d20d8addab64
2022-09-28 09:56:52,277 [RatisPipelineUtilsThread - 0] INFO  pipeline.PipelineStateManagerImpl (PipelineStateManagerImpl.java:addPipeline(103)) - Created pipeline Pipeline[ Id: 2c9ea259-a92d-487e-a420-b6be325b81d3, Nodes: 9ea057a0-30fc-4465-ba53-d20d8addab64{ip: 10.1.1.21, host: fv-az204-790.d0ggoinxmwcejgojbuqly40l0e.cx.internal.cloudapp.net, ports: [REPLICATION=38537, RATIS=34661, RATIS_ADMIN=34661, RATIS_SERVER=34661, STANDALONE=33689], networkLocation: /default-rack, certSerialId: null, persistedOpState: IN_SERVICE, persistedOpStateExpiryEpochSec: 0}, ReplicationConfig: RATIS/ONE, State:ALLOCATED, leaderId:, CreationTimestamp2022-09-28T09:56:52.276Z[Etc/UTC]].
2022-09-28 09:56:52,943 [Listener at 127.0.0.1/44537] INFO  ozone.MiniOzoneClusterImpl (MiniOzoneClusterImpl.java:lambda$waitForClusterToBeReady$0(216)) - Waiting for nodes to be ready. Got 2 of 5 DN Heartbeats.
2022-09-28 09:56:52,943 [Listener at 127.0.0.1/44537] INFO  ozone.MiniOzoneClusterImpl (MiniOzoneClusterImpl.java:lambda$waitForClusterToBeReady$0(219)) - Waiting for cluster to exit safe mode
2022-09-28 09:56:52,943 [Listener at 127.0.0.1/44537] INFO  ozone.MiniOzoneClusterImpl (MiniOzoneClusterImpl.java:lambda$waitForClusterToBeReady$0(221)) - SCM became leader
2022-09-28 09:56:53,129 [EndpointStateMachine task thread for /0.0.0.0:42955 - 0 ] INFO  volume.HddsVolume (HddsVolume.java:createDbStore(307)) - SchemaV3 db is created and loaded at /home/runner/work/ozone/ozone/hadoop-ozone/integration-test/target/test-dir/MiniOzoneClusterImpl-d01a16d6-de90-4827-8502-1257907892ea/datanode-3/data-0/containers/hdds/d01a16d6-de90-4827-8502-1257907892ea/DS-bfce9b13-0714-40e1-93c8-ff0a2a051c19/container.db for volume DS-bfce9b13-0714-40e1-93c8-ff0a2a051c19
2022-09-28 09:56:53,139 [EndpointStateMachine task thread for /0.0.0.0:42955 - 0 ] INFO  volume.HddsVolume (HddsVolume.java:closeDbStore(338)) - SchemaV3 db is stopped at /home/runner/work/ozone/ozone/hadoop-ozone/integration-test/target/test-dir/MiniOzoneClusterImpl-d01a16d6-de90-4827-8502-1257907892ea/datanode-3/data-0/containers/hdds/d01a16d6-de90-4827-8502-1257907892ea/DS-bfce9b13-0714-40e1-93c8-ff0a2a051c19/container.db for volume DS-bfce9b13-0714-40e1-93c8-ff0a2a051c19
2022-09-28 09:56:53,139 [EndpointStateMachine task thread for /0.0.0.0:42955 - 0 ] INFO  ozoneimpl.OzoneContainer (OzoneContainer.java:start(378)) - Attempting to start container services.
2022-09-28 09:56:53,140 [EndpointStateMachine task thread for /0.0.0.0:42955 - 0 ] INFO  ozoneimpl.OzoneContainer (OzoneContainer.java:startContainerScrub(313)) - Background container scanner has been disabled.
2022-09-28 09:56:53,228 [EndpointStateMachine task thread for /0.0.0.0:42955 - 0 ] INFO  replication.ReplicationServer (ReplicationServer.java:start(111)) - ReplicationServer is started using port 32857
2022-09-28 09:56:53,234 [EndpointStateMachine task thread for /0.0.0.0:42955 - 0 ] INFO  ratis.XceiverServerRatis (XceiverServerRatis.java:start(481)) - Starting XceiverServerRatis 3b57bdd7-9f20-481e-9079-9bba3cbb79ed
2022-09-28 09:56:53,234 [EndpointStateMachine task thread for /0.0.0.0:42955 - 0 ] INFO  server.RaftServer (RaftServerProxy.java:lambda$start$6(382)) - 3b57bdd7-9f20-481e-9079-9bba3cbb79ed: start RPC server
2022-09-28 09:56:53,249 [EndpointStateMachine task thread for /0.0.0.0:42955 - 0 ] INFO  server.GrpcService (GrpcService.java:startImpl(260)) - 3b57bdd7-9f20-481e-9079-9bba3cbb79ed: GrpcService started, listening on 44439
2022-09-28 09:56:53,256 [EndpointStateMachine task thread for /0.0.0.0:42955 - 0 ] INFO  ratis.XceiverServerRatis (XceiverServerRatis.java:getRealPort(502)) - XceiverServerRatis 3b57bdd7-9f20-481e-9079-9bba3cbb79ed is started using port 44439 for RATIS
2022-09-28 09:56:53,256 [EndpointStateMachine task thread for /0.0.0.0:42955 - 0 ] INFO  ratis.XceiverServerRatis (XceiverServerRatis.java:getRealPort(502)) - XceiverServerRatis 3b57bdd7-9f20-481e-9079-9bba3cbb79ed is started using port 44439 for RATIS_ADMIN
2022-09-28 09:56:53,256 [EndpointStateMachine task thread for /0.0.0.0:42955 - 0 ] INFO  ratis.XceiverServerRatis (XceiverServerRatis.java:getRealPort(502)) - XceiverServerRatis 3b57bdd7-9f20-481e-9079-9bba3cbb79ed is started using port 44439 for RATIS_SERVER
2022-09-28 09:56:53,257 [org.apache.ratis.util.JvmPauseMonitor$$Lambda$634/511600595@185e90a0] INFO  util.JvmPauseMonitor (JvmPauseMonitor.java:run(103)) - JvmPauseMonitor-3b57bdd7-9f20-481e-9079-9bba3cbb79ed: Started
2022-09-28 09:56:53,331 [EndpointStateMachine task thread for /0.0.0.0:42955 - 0 ] INFO  server.XceiverServerGrpc (XceiverServerGrpc.java:start(180)) - XceiverServerGrpc 3b57bdd7-9f20-481e-9079-9bba3cbb79ed is started using port 46693
2022-09-28 09:56:53,672 [IPC Server handler 1 on default port 42955] INFO  net.NetworkTopologyImpl (NetworkTopologyImpl.java:add(112)) - Added a new node: /default-rack/125338ac-43fd-4d6a-ab02-d24e123888c3
2022-09-28 09:56:53,672 [IPC Server handler 1 on default port 42955] INFO  node.SCMNodeManager (SCMNodeManager.java:register(397)) - Registered Data node : 125338ac-43fd-4d6a-ab02-d24e123888c3{ip: 10.1.1.21, host: fv-az204-790.d0ggoinxmwcejgojbuqly40l0e.cx.internal.cloudapp.net, ports: [REPLICATION=41233, RATIS=41005, RATIS_ADMIN=41005, RATIS_SERVER=41005, STANDALONE=38003], networkLocation: /default-rack, certSerialId: null, persistedOpState: null, persistedOpStateExpiryEpochSec: 0}
2022-09-28 09:56:53,672 [EventQueue-NewNodeForNewNodeHandler] INFO  pipeline.BackgroundPipelineCreator (BackgroundPipelineCreator.java:notifyEventTriggered(276)) - trigger a one-shot run on RatisPipelineUtilsThread.
2022-09-28 09:56:53,676 [RatisPipelineUtilsThread - 0] INFO  pipeline.RatisPipelineProvider (RatisPipelineProvider.java:lambda$create$0(195)) - Sending CreatePipelineCommand for pipeline:PipelineID=e37f2bb2-f2bd-4a14-97db-3b466e333fbd to datanode:125338ac-43fd-4d6a-ab02-d24e123888c3
2022-09-28 09:56:53,677 [RatisPipelineUtilsThread - 0] INFO  pipeline.PipelineStateManagerImpl (PipelineStateManagerImpl.java:addPipeline(103)) - Created pipeline Pipeline[ Id: e37f2bb2-f2bd-4a14-97db-3b466e333fbd, Nodes: 125338ac-43fd-4d6a-ab02-d24e123888c3{ip: 10.1.1.21, host: fv-az204-790.d0ggoinxmwcejgojbuqly40l0e.cx.internal.cloudapp.net, ports: [REPLICATION=41233, RATIS=41005, RATIS_ADMIN=41005, RATIS_SERVER=41005, STANDALONE=38003], networkLocation: /default-rack, certSerialId: null, persistedOpState: IN_SERVICE, persistedOpStateExpiryEpochSec: 0}, ReplicationConfig: RATIS/ONE, State:ALLOCATED, leaderId:, CreationTimestamp2022-09-28T09:56:53.676Z[Etc/UTC]].
2022-09-28 09:56:53,677 [EventQueue-NodeRegistrationContainerReportForDataNodeSafeModeRule] INFO  safemode.SCMSafeModeManager (DataNodeSafeModeRule.java:process(71)) - SCM in safe mode. 3 DataNodes registered, 3 required.
2022-09-28 09:56:53,677 [EventQueue-NodeRegistrationContainerReportForDataNodeSafeModeRule] INFO  safemode.SCMSafeModeManager (SCMSafeModeManager.java:validateSafeModeExitRules(204)) - DataNodeSafeModeRule rule is successfully validated
2022-09-28 09:56:53,677 [EventQueue-NodeRegistrationContainerReportForDataNodeSafeModeRule] INFO  safemode.SCMSafeModeManager (SCMSafeModeManager.java:completePreCheck(233)) - All SCM safe mode pre check rules have passed
2022-09-28 09:56:53,677 [EventQueue-NodeRegistrationContainerReportForDataNodeSafeModeRule] WARN  events.EventQueue (EventQueue.java:fireEvent(216)) - No event handler registered for event TypedEvent{payloadType=SafeModeStatus, name='Safe mode status'}
2022-09-28 09:56:53,677 [EventQueue-NodeRegistrationContainerReportForDataNodeSafeModeRule] INFO  ha.SCMContext (SCMContext.java:updateSafeModeStatus(228)) - Update SafeModeStatus from SafeModeStatus{safeModeStatus=true, preCheckPassed=false} to SafeModeStatus{safeModeStatus=true, preCheckPassed=true}.
2022-09-28 09:56:53,677 [EventQueue-NodeRegistrationContainerReportForDataNodeSafeModeRule] INFO  pipeline.BackgroundPipelineCreator (BackgroundPipelineCreator.java:notifyEventTriggered(276)) - trigger a one-shot run on RatisPipelineUtilsThread.
2022-09-28 09:56:53,678 [RatisPipelineUtilsThread - 0] INFO  pipeline.RatisPipelineProvider (RatisPipelineProvider.java:lambda$create$0(195)) - Sending CreatePipelineCommand for pipeline:PipelineID=0eaca47e-d3ea-453b-9c0f-7d9a13a01b2c to datanode:9ea057a0-30fc-4465-ba53-d20d8addab64
2022-09-28 09:56:53,684 [RatisPipelineUtilsThread - 0] INFO  pipeline.RatisPipelineProvider (RatisPipelineProvider.java:lambda$create$0(195)) - Sending CreatePipelineCommand for pipeline:PipelineID=0eaca47e-d3ea-453b-9c0f-7d9a13a01b2c to datanode:81dd36da-3863-49d7-8e4a-0ce023160f67
2022-09-28 09:56:53,684 [RatisPipelineUtilsThread - 0] INFO  pipeline.RatisPipelineProvider (RatisPipelineProvider.java:lambda$create$0(195)) - Sending CreatePipelineCommand for pipeline:PipelineID=0eaca47e-d3ea-453b-9c0f-7d9a13a01b2c to datanode:125338ac-43fd-4d6a-ab02-d24e123888c3
2022-09-28 09:56:53,685 [RatisPipelineUtilsThread - 0] INFO  pipeline.PipelineStateManagerImpl (PipelineStateManagerImpl.java:addPipeline(103)) - Created pipeline Pipeline[ Id: 0eaca47e-d3ea-453b-9c0f-7d9a13a01b2c, Nodes: 9ea057a0-30fc-4465-ba53-d20d8addab64{ip: 10.1.1.21, host: fv-az204-790.d0ggoinxmwcejgojbuqly40l0e.cx.internal.cloudapp.net, ports: [REPLICATION=38537, RATIS=34661, RATIS_ADMIN=34661, RATIS_SERVER=34661, STANDALONE=33689], networkLocation: /default-rack, certSerialId: null, persistedOpState: IN_SERVICE, persistedOpStateExpiryEpochSec: 0}81dd36da-3863-49d7-8e4a-0ce023160f67{ip: 10.1.1.21, host: fv-az204-790.d0ggoinxmwcejgojbuqly40l0e.cx.internal.cloudapp.net, ports: [REPLICATION=34573, RATIS=41931, RATIS_ADMIN=41931, RATIS_SERVER=41931, STANDALONE=42525], networkLocation: /default-rack, certSerialId: null, persistedOpState: IN_SERVICE, persistedOpStateExpiryEpochSec: 0}125338ac-43fd-4d6a-ab02-d24e123888c3{ip: 10.1.1.21, host: fv-az204-790.d0ggoinxmwcejgojbuqly40l0e.cx.internal.cloudapp.net, ports: [REPLICATION=41233, RATIS=41005, RATIS_ADMIN=41005, RATIS_SERVER=41005, STANDALONE=38003], networkLocation: /default-rack, certSerialId: null, persistedOpState: IN_SERVICE, persistedOpStateExpiryEpochSec: 0}, ReplicationConfig: RATIS/THREE, State:ALLOCATED, leaderId:, CreationTimestamp2022-09-28T09:56:53.678Z[Etc/UTC]].
2022-09-28 09:56:53,702 [RatisPipelineUtilsThread - 0] INFO  pipeline.RatisPipelineProvider (RatisPipelineProvider.java:lambda$create$0(195)) - Sending CreatePipelineCommand for pipeline:PipelineID=01486891-e71e-4231-8392-1c3d2b2ba225 to datanode:9ea057a0-30fc-4465-ba53-d20d8addab64
2022-09-28 09:56:53,702 [RatisPipelineUtilsThread - 0] INFO  pipeline.RatisPipelineProvider (RatisPipelineProvider.java:lambda$create$0(195)) - Sending CreatePipelineCommand for pipeline:PipelineID=01486891-e71e-4231-8392-1c3d2b2ba225 to datanode:125338ac-43fd-4d6a-ab02-d24e123888c3
2022-09-28 09:56:53,702 [RatisPipelineUtilsThread - 0] INFO  pipeline.RatisPipelineProvider (RatisPipelineProvider.java:lambda$create$0(195)) - Sending CreatePipelineCommand for pipeline:PipelineID=01486891-e71e-4231-8392-1c3d2b2ba225 to datanode:81dd36da-3863-49d7-8e4a-0ce023160f67
2022-09-28 09:56:53,703 [RatisPipelineUtilsThread - 0] INFO  pipeline.PipelineStateManagerImpl (PipelineStateManagerImpl.java:addPipeline(103)) - Created pipeline Pipeline[ Id: 01486891-e71e-4231-8392-1c3d2b2ba225, Nodes: 9ea057a0-30fc-4465-ba53-d20d8addab64{ip: 10.1.1.21, host: fv-az204-790.d0ggoinxmwcejgojbuqly40l0e.cx.internal.cloudapp.net, ports: [REPLICATION=38537, RATIS=34661, RATIS_ADMIN=34661, RATIS_SERVER=34661, STANDALONE=33689], networkLocation: /default-rack, certSerialId: null, persistedOpState: IN_SERVICE, persistedOpStateExpiryEpochSec: 0}125338ac-43fd-4d6a-ab02-d24e123888c3{ip: 10.1.1.21, host: fv-az204-790.d0ggoinxmwcejgojbuqly40l0e.cx.internal.cloudapp.net, ports: [REPLICATION=41233, RATIS=41005, RATIS_ADMIN=41005, RATIS_SERVER=41005, STANDALONE=38003], networkLocation: /default-rack, certSerialId: null, persistedOpState: IN_SERVICE, persistedOpStateExpiryEpochSec: 0}81dd36da-3863-49d7-8e4a-0ce023160f67{ip: 10.1.1.21, host: fv-az204-790.d0ggoinxmwcejgojbuqly40l0e.cx.internal.cloudapp.net, ports: [REPLICATION=34573, RATIS=41931, RATIS_ADMIN=41931, RATIS_SERVER=41931, STANDALONE=42525], networkLocation: /default-rack, certSerialId: null, persistedOpState: IN_SERVICE, persistedOpStateExpiryEpochSec: 0}, ReplicationConfig: RATIS/THREE, State:ALLOCATED, leaderId:, CreationTimestamp2022-09-28T09:56:53.702Z[Etc/UTC]].
2022-09-28 09:56:53,703 [RatisPipelineUtilsThread - 0] INFO  pipeline.PipelineManagerImpl (PipelineManagerImpl.java:recordMetricsForPipeline(796)) - Pipeline: PipelineID=01486891-e71e-4231-8392-1c3d2b2ba225 contains same datanodes as previous pipelines: PipelineID=0eaca47e-d3ea-453b-9c0f-7d9a13a01b2c nodeIds: 9ea057a0-30fc-4465-ba53-d20d8addab64, 125338ac-43fd-4d6a-ab02-d24e123888c3, 81dd36da-3863-49d7-8e4a-0ce023160f67
2022-09-28 09:56:53,944 [Listener at 127.0.0.1/44537] INFO  ozone.MiniOzoneClusterImpl (MiniOzoneClusterImpl.java:lambda$waitForClusterToBeReady$0(216)) - Waiting for nodes to be ready. Got 3 of 5 DN Heartbeats.
2022-09-28 09:56:53,949 [Listener at 127.0.0.1/44537] INFO  ozone.MiniOzoneClusterImpl (MiniOzoneClusterImpl.java:lambda$waitForClusterToBeReady$0(219)) - Waiting for cluster to exit safe mode
2022-09-28 09:56:53,949 [Listener at 127.0.0.1/44537] INFO  ozone.MiniOzoneClusterImpl (MiniOzoneClusterImpl.java:lambda$waitForClusterToBeReady$0(221)) - SCM became leader
2022-09-28 09:56:54,244 [EndpointStateMachine task thread for /0.0.0.0:42955 - 0 ] INFO  volume.HddsVolume (HddsVolume.java:createDbStore(307)) - SchemaV3 db is created and loaded at /home/runner/work/ozone/ozone/hadoop-ozone/integration-test/target/test-dir/MiniOzoneClusterImpl-d01a16d6-de90-4827-8502-1257907892ea/datanode-4/data-0/containers/hdds/d01a16d6-de90-4827-8502-1257907892ea/DS-81902373-62be-4db9-85b5-b2ae4878180a/container.db for volume DS-81902373-62be-4db9-85b5-b2ae4878180a
2022-09-28 09:56:54,268 [EndpointStateMachine task thread for /0.0.0.0:42955 - 0 ] INFO  volume.HddsVolume (HddsVolume.java:closeDbStore(338)) - SchemaV3 db is stopped at /home/runner/work/ozone/ozone/hadoop-ozone/integration-test/target/test-dir/MiniOzoneClusterImpl-d01a16d6-de90-4827-8502-1257907892ea/datanode-4/data-0/containers/hdds/d01a16d6-de90-4827-8502-1257907892ea/DS-81902373-62be-4db9-85b5-b2ae4878180a/container.db for volume DS-81902373-62be-4db9-85b5-b2ae4878180a
2022-09-28 09:56:54,268 [EndpointStateMachine task thread for /0.0.0.0:42955 - 0 ] INFO  ozoneimpl.OzoneContainer (OzoneContainer.java:start(378)) - Attempting to start container services.
2022-09-28 09:56:54,269 [EndpointStateMachine task thread for /0.0.0.0:42955 - 0 ] INFO  ozoneimpl.OzoneContainer (OzoneContainer.java:startContainerScrub(313)) - Background container scanner has been disabled.
2022-09-28 09:56:54,317 [Command processor thread] INFO  server.RaftServer (RaftServerProxy.java:addNew(96)) - 81dd36da-3863-49d7-8e4a-0ce023160f67: addNew group-9F65DD0C69A0:[81dd36da-3863-49d7-8e4a-0ce023160f67|rpc:10.1.1.21:41931|priority:1] returns group-9F65DD0C69A0:java.util.concurrent.CompletableFuture@175150f[Not completed]
2022-09-28 09:56:54,348 [EndpointStateMachine task thread for /0.0.0.0:42955 - 0 ] INFO  replication.ReplicationServer (ReplicationServer.java:start(111)) - ReplicationServer is started using port 41927
2022-09-28 09:56:54,349 [EndpointStateMachine task thread for /0.0.0.0:42955 - 0 ] INFO  ratis.XceiverServerRatis (XceiverServerRatis.java:start(481)) - Starting XceiverServerRatis acee90ba-6a36-4d19-a884-4d9c08123ee0
2022-09-28 09:56:54,356 [EndpointStateMachine task thread for /0.0.0.0:42955 - 0 ] INFO  server.RaftServer (RaftServerProxy.java:lambda$start$6(382)) - acee90ba-6a36-4d19-a884-4d9c08123ee0: start RPC server
2022-09-28 09:56:54,365 [EndpointStateMachine task thread for /0.0.0.0:42955 - 0 ] INFO  server.GrpcService (GrpcService.java:startImpl(260)) - acee90ba-6a36-4d19-a884-4d9c08123ee0: GrpcService started, listening on 36911
2022-09-28 09:56:54,366 [EndpointStateMachine task thread for /0.0.0.0:42955 - 0 ] INFO  ratis.XceiverServerRatis (XceiverServerRatis.java:getRealPort(502)) - XceiverServerRatis acee90ba-6a36-4d19-a884-4d9c08123ee0 is started using port 36911 for RATIS
2022-09-28 09:56:54,366 [EndpointStateMachine task thread for /0.0.0.0:42955 - 0 ] INFO  ratis.XceiverServerRatis (XceiverServerRatis.java:getRealPort(502)) - XceiverServerRatis acee90ba-6a36-4d19-a884-4d9c08123ee0 is started using port 36911 for RATIS_ADMIN
2022-09-28 09:56:54,366 [EndpointStateMachine task thread for /0.0.0.0:42955 - 0 ] INFO  ratis.XceiverServerRatis (XceiverServerRatis.java:getRealPort(502)) - XceiverServerRatis acee90ba-6a36-4d19-a884-4d9c08123ee0 is started using port 36911 for RATIS_SERVER
2022-09-28 09:56:54,384 [org.apache.ratis.util.JvmPauseMonitor$$Lambda$634/511600595@afa86ef] INFO  util.JvmPauseMonitor (JvmPauseMonitor.java:run(103)) - JvmPauseMonitor-acee90ba-6a36-4d19-a884-4d9c08123ee0: Started
2022-09-28 09:56:54,417 [EndpointStateMachine task thread for /0.0.0.0:42955 - 0 ] INFO  server.XceiverServerGrpc (XceiverServerGrpc.java:start(180)) - XceiverServerGrpc acee90ba-6a36-4d19-a884-4d9c08123ee0 is started using port 35683
2022-09-28 09:56:54,441 [pool-556-thread-1] INFO  server.RaftServer$Division (RaftServerImpl.java:<init>(190)) - 81dd36da-3863-49d7-8e4a-0ce023160f67: new RaftServerImpl for group-9F65DD0C69A0:[81dd36da-3863-49d7-8e4a-0ce023160f67|rpc:10.1.1.21:41931|priority:1] with ContainerStateMachine:uninitialized
2022-09-28 09:56:54,441 [pool-556-thread-1] INFO  server.RaftServerConfigKeys (ConfUtils.java:logGet(46)) - raft.server.rpc.timeout.min = 5s (custom)
2022-09-28 09:56:54,441 [pool-556-thread-1] INFO  server.RaftServerConfigKeys (ConfUtils.java:logGet(46)) - raft.server.rpc.timeout.max = 5200ms (custom)
2022-09-28 09:56:54,441 [pool-556-thread-1] INFO  server.RaftServerConfigKeys (ConfUtils.java:logGet(46)) - raft.server.rpc.sleep.time = 25ms (default)
2022-09-28 09:56:54,441 [pool-556-thread-1] INFO  server.RaftServerConfigKeys (ConfUtils.java:logGet(46)) - raft.server.rpc.slowness.timeout = 300s (custom)
2022-09-28 09:56:54,441 [pool-556-thread-1] INFO  server.RaftServerConfigKeys (ConfUtils.java:logGet(46)) - raft.server.leaderelection.leader.step-down.wait-time = 10s (default)
2022-09-28 09:56:54,441 [pool-556-thread-1] INFO  server.RaftServerConfigKeys (ConfUtils.java:logGet(46)) - raft.server.sleep.deviation.threshold = 300ms (default)
2022-09-28 09:56:54,441 [pool-556-thread-1] INFO  server.RaftServer$Division (ServerState.java:<init>(107)) - 81dd36da-3863-49d7-8e4a-0ce023160f67@group-9F65DD0C69A0: ConfigurationManager, init=-1: [81dd36da-3863-49d7-8e4a-0ce023160f67|rpc:10.1.1.21:41931|priority:1], old=null, confs=<EMPTY_MAP>
2022-09-28 09:56:54,441 [pool-556-thread-1] INFO  server.RaftServerConfigKeys (ConfUtils.java:logGet(46)) - raft.server.storage.dir = [/home/runner/work/ozone/ozone/hadoop-ozone/integration-test/target/test-dir/MiniOzoneClusterImpl-d01a16d6-de90-4827-8502-1257907892ea/datanode-0/data/ratis] (custom)
2022-09-28 09:56:54,441 [pool-556-thread-1] INFO  server.RaftServerConfigKeys (ConfUtils.java:logGet(46)) - raft.server.log.corruption.policy = EXCEPTION (default)
2022-09-28 09:56:54,441 [pool-556-thread-1] INFO  server.RaftServerConfigKeys (ConfUtils.java:logGet(46)) - raft.server.storage.free-space.min = 0MB (=0) (default)
2022-09-28 09:56:54,441 [pool-556-thread-1] INFO  storage.RaftStorageDirectory (RaftStorageDirectoryImpl.java:analyzeStorage(135)) - The storage directory /home/runner/work/ozone/ozone/hadoop-ozone/integration-test/target/test-dir/MiniOzoneClusterImpl-d01a16d6-de90-4827-8502-1257907892ea/datanode-0/data/ratis/57b9a4f4-93da-4e89-b35a-9f65dd0c69a0 does not exist. Creating ...
2022-09-28 09:56:54,442 [pool-556-thread-1] INFO  storage.RaftStorageDirectory (RaftStorageDirectoryImpl.java:tryLock(230)) - Lock on /home/runner/work/ozone/ozone/hadoop-ozone/integration-test/target/test-dir/MiniOzoneClusterImpl-d01a16d6-de90-4827-8502-1257907892ea/datanode-0/data/ratis/57b9a4f4-93da-4e89-b35a-9f65dd0c69a0/in_use.lock acquired by nodename 12863@fv-az204-790
2022-09-28 09:56:54,443 [pool-556-thread-1] INFO  storage.RaftStorage (RaftStorageImpl.java:format(89)) - Storage directory /home/runner/work/ozone/ozone/hadoop-ozone/integration-test/target/test-dir/MiniOzoneClusterImpl-d01a16d6-de90-4827-8502-1257907892ea/datanode-0/data/ratis/57b9a4f4-93da-4e89-b35a-9f65dd0c69a0 has been successfully formatted.
2022-09-28 09:56:54,458 [pool-556-thread-1] INFO  ratis.ContainerStateMachine (ContainerStateMachine.java:loadSnapshot(236)) - group-9F65DD0C69A0: The snapshot info is null. Setting the last applied indexto:(t:0, i:~)
2022-09-28 09:56:54,458 [pool-556-thread-1] INFO  server.RaftServerConfigKeys (ConfUtils.java:logGet(46)) - raft.server.notification.no-leader.timeout = 300s (custom)
2022-09-28 09:56:54,458 [pool-556-thread-1] INFO  server.RaftServerConfigKeys (ConfUtils.java:logGet(46)) - raft.server.log.use.memory = false (default)
2022-09-28 09:56:54,458 [pool-556-thread-1] INFO  server.RaftServerConfigKeys (ConfUtils.java:logGet(46)) - raft.server.log.purge.gap = 1000000 (custom)
2022-09-28 09:56:54,458 [pool-556-thread-1] INFO  server.RaftServerConfigKeys (ConfUtils.java:logGet(46)) - raft.server.log.appender.buffer.byte-limit = 33554432 (custom)
2022-09-28 09:56:54,458 [pool-556-thread-1] INFO  server.RaftServerConfigKeys (ConfUtils.java:logGet(46)) - raft.server.log.statemachine.data.read.timeout = 1000ms (default)
2022-09-28 09:56:54,459 [pool-556-thread-1] INFO  server.RaftServerConfigKeys (ConfUtils.java:logGet(46)) - raft.server.log.segment.size.max = 1048576 (custom)
2022-09-28 09:56:54,459 [pool-556-thread-1] INFO  server.RaftServerConfigKeys (ConfUtils.java:logGet(46)) - raft.server.log.segment.cache.num.max = 2 (custom)
2022-09-28 09:56:54,459 [pool-556-thread-1] INFO  server.RaftServerConfigKeys (ConfUtils.java:logGet(46)) - raft.server.log.segment.cache.size.max = 200MB (=209715200) (default)
2022-09-28 09:56:54,459 [pool-556-thread-1] INFO  segmented.SegmentedRaftLogWorker (SegmentedRaftLogWorker.java:<init>(187)) - new 81dd36da-3863-49d7-8e4a-0ce023160f67@group-9F65DD0C69A0-SegmentedRaftLogWorker for RaftStorageImpl:Storage Directory /home/runner/work/ozone/ozone/hadoop-ozone/integration-test/target/test-dir/MiniOzoneClusterImpl-d01a16d6-de90-4827-8502-1257907892ea/datanode-0/data/ratis/57b9a4f4-93da-4e89-b35a-9f65dd0c69a0
2022-09-28 09:56:54,459 [pool-556-thread-1] INFO  server.RaftServerConfigKeys (ConfUtils.java:logGet(46)) - raft.server.log.queue.byte-limit = 4294967296 (custom)
2022-09-28 09:56:54,459 [pool-556-thread-1] INFO  server.RaftServerConfigKeys (ConfUtils.java:logGet(46)) - raft.server.log.queue.element-limit = 1024 (custom)
2022-09-28 09:56:54,459 [pool-556-thread-1] INFO  server.RaftServerConfigKeys (ConfUtils.java:logGet(46)) - raft.server.log.segment.size.max = 1048576 (custom)
2022-09-28 09:56:54,459 [pool-556-thread-1] INFO  server.RaftServerConfigKeys (ConfUtils.java:logGet(46)) - raft.server.log.preallocated.size = 16384 (custom)
2022-09-28 09:56:54,459 [pool-556-thread-1] INFO  server.RaftServerConfigKeys (ConfUtils.java:logGet(46)) - raft.server.log.force.sync.num = 128 (default)
2022-09-28 09:56:54,459 [pool-556-thread-1] INFO  server.RaftServerConfigKeys (ConfUtils.java:logGet(46)) - raft.server.log.statemachine.data.sync = true (default)
2022-09-28 09:56:54,459 [pool-556-thread-1] INFO  server.RaftServerConfigKeys (ConfUtils.java:logGet(46)) - raft.server.log.statemachine.data.sync.timeout = 10s (default)
2022-09-28 09:56:54,459 [pool-556-thread-1] INFO  server.RaftServerConfigKeys (ConfUtils.java:logGet(46)) - raft.server.log.statemachine.data.sync.timeout.retry = -1 (default)
2022-09-28 09:56:54,460 [pool-556-thread-1] INFO  server.RaftServerConfigKeys (ConfUtils.java:logGet(46)) - raft.server.log.write.buffer.size = 1048576 (custom)
2022-09-28 09:56:54,460 [pool-556-thread-1] INFO  server.RaftServerConfigKeys (ConfUtils.java:logGet(46)) - raft.server.log.unsafe-flush.enabled = false (default)
2022-09-28 09:56:54,460 [pool-556-thread-1] INFO  server.RaftServerConfigKeys (ConfUtils.java:logGet(46)) - raft.server.log.statemachine.data.caching.enabled = true (custom)
2022-09-28 09:56:54,461 [pool-556-thread-1] INFO  segmented.SegmentedRaftLogWorker (SegmentedRaftLogWorker.java:lambda$new$0(135)) - 81dd36da-3863-49d7-8e4a-0ce023160f67@group-9F65DD0C69A0-SegmentedRaftLogWorker: flushIndex: setUnconditionally 0 -> -1
2022-09-28 09:56:54,461 [pool-556-thread-1] INFO  segmented.SegmentedRaftLogWorker (SegmentedRaftLogWorker.java:lambda$new$0(135)) - 81dd36da-3863-49d7-8e4a-0ce023160f67@group-9F65DD0C69A0-SegmentedRaftLogWorker: safeCacheEvictIndex: setUnconditionally 0 -> -1
2022-09-28 09:56:54,464 [EventQueue-PipelineReportForPipelineReportHandler] INFO  pipeline.PipelineManagerImpl (PipelineManagerImpl.java:openPipeline(367)) - Pipeline Pipeline[ Id: 57b9a4f4-93da-4e89-b35a-9f65dd0c69a0, Nodes: 81dd36da-3863-49d7-8e4a-0ce023160f67{ip: 10.1.1.21, host: fv-az204-790.d0ggoinxmwcejgojbuqly40l0e.cx.internal.cloudapp.net, ports: [REPLICATION=34573, RATIS=41931, RATIS_ADMIN=41931, RATIS_SERVER=41931, STANDALONE=42525], networkLocation: /default-rack, certSerialId: null, persistedOpState: IN_SERVICE, persistedOpStateExpiryEpochSec: 0}, ReplicationConfig: RATIS/ONE, State:ALLOCATED, leaderId:81dd36da-3863-49d7-8e4a-0ce023160f67, CreationTimestamp2022-09-28T09:56:51.317Z[Etc/UTC]] moved to OPEN state
2022-09-28 09:56:54,468 [pool-556-thread-1] INFO  server.RaftServerConfigKeys (ConfUtils.java:logGet(46)) - raft.server.snapshot.auto.trigger.enabled = true (custom)
2022-09-28 09:56:54,468 [pool-556-thread-1] INFO  server.RaftServerConfigKeys (ConfUtils.java:logGet(46)) - raft.server.snapshot.auto.trigger.threshold = 10000 (custom)
2022-09-28 09:56:54,468 [pool-556-thread-1] INFO  server.RaftServerConfigKeys (ConfUtils.java:logGet(46)) - raft.server.snapshot.retention.file.num = 5 (custom)
2022-09-28 09:56:54,468 [pool-556-thread-1] INFO  server.RaftServerConfigKeys (ConfUtils.java:logGet(46)) - raft.server.log.purge.upto.snapshot.index = false (default)
2022-09-28 09:56:54,468 [pool-556-thread-1] INFO  server.RaftServerConfigKeys (ConfUtils.java:logGet(46)) - raft.server.retrycache.expirytime = 600000ms (custom)
2022-09-28 09:56:54,469 [pool-556-thread-1] INFO  server.RaftServerConfigKeys (ConfUtils.java:logGet(46)) - raft.server.retrycache.statistics.expirytime = 100μs (default)
2022-09-28 09:56:54,470 [pool-556-thread-1] INFO  server.RaftServerConfigKeys (ConfUtils.java:logGet(46)) - raft.server.log.appender.install.snapshot.enabled = false (custom)
2022-09-28 09:56:54,470 [pool-556-thread-1] INFO  server.RaftServerConfigKeys (ConfUtils.java:logGet(46)) - raft.server.threadpool.server.cached = true (default)
2022-09-28 09:56:54,470 [pool-556-thread-1] INFO  server.RaftServerConfigKeys (ConfUtils.java:logGet(46)) - raft.server.threadpool.server.size = 0 (default)
2022-09-28 09:56:54,470 [pool-556-thread-1] INFO  server.RaftServerConfigKeys (ConfUtils.java:logGet(46)) - raft.server.threadpool.client.cached = true (default)
2022-09-28 09:56:54,470 [pool-556-thread-1] INFO  server.RaftServerConfigKeys (ConfUtils.java:logGet(46)) - raft.server.threadpool.client.size = 0 (default)
2022-09-28 09:56:54,470 [pool-556-thread-1] INFO  server.RaftServer$Division (RaftServerImpl.java:start(310)) - 81dd36da-3863-49d7-8e4a-0ce023160f67@group-9F65DD0C69A0: start as a follower, conf=-1: [81dd36da-3863-49d7-8e4a-0ce023160f67|rpc:10.1.1.21:41931|priority:1], old=null
2022-09-28 09:56:54,470 [pool-556-thread-1] INFO  server.RaftServer$Division (RaftServerImpl.java:setRole(299)) - 81dd36da-3863-49d7-8e4a-0ce023160f67@group-9F65DD0C69A0: changes role from      null to FOLLOWER at term 0 for startAsFollower
2022-09-28 09:56:54,470 [pool-556-thread-1] INFO  impl.RoleInfo (RoleInfo.java:updateAndGet(139)) - 81dd36da-3863-49d7-8e4a-0ce023160f67: start 81dd36da-3863-49d7-8e4a-0ce023160f67@group-9F65DD0C69A0-FollowerState
2022-09-28 09:56:54,488 [pool-556-thread-1] INFO  util.JmxRegister (JmxRegister.java:tryRegister(44)) - Successfully registered JMX Bean with object name Ratis:service=RaftServer,group=group-9F65DD0C69A0,id=81dd36da-3863-49d7-8e4a-0ce023160f67
2022-09-28 09:56:54,492 [Command processor thread] INFO  ratis.XceiverServerRatis (XceiverServerRatis.java:addGroup(765)) - Created group PipelineID=57b9a4f4-93da-4e89-b35a-9f65dd0c69a0
2022-09-28 09:56:54,500 [Command processor thread] INFO  commandhandler.CreatePipelineCommandHandler (CreatePipelineCommandHandler.java:handle(113)) - Created Pipeline RATIS ONE PipelineID=57b9a4f4-93da-4e89-b35a-9f65dd0c69a0.
2022-09-28 09:56:54,544 [Command processor thread] INFO  server.RaftServer (RaftServerProxy.java:addNew(96)) - 81dd36da-3863-49d7-8e4a-0ce023160f67: addNew group-7D9A13A01B2C:[81dd36da-3863-49d7-8e4a-0ce023160f67|rpc:10.1.1.21:41931|priority:1, 9ea057a0-30fc-4465-ba53-d20d8addab64|rpc:10.1.1.21:34661|priority:0, 125338ac-43fd-4d6a-ab02-d24e123888c3|rpc:10.1.1.21:41005|priority:0] returns group-7D9A13A01B2C:java.util.concurrent.CompletableFuture@54a91f9[Not completed]
2022-09-28 09:56:54,547 [EventQueue-OpenPipelineForHealthyPipelineSafeModeRule] INFO  safemode.SCMSafeModeManager (HealthyPipelineSafeModeRule.java:process(137)) - SCM in safe mode. Healthy pipelines reported count is 0, required healthy pipeline reported count is 1
2022-09-28 09:56:54,548 [pool-556-thread-1] INFO  server.RaftServer$Division (RaftServerImpl.java:<init>(190)) - 81dd36da-3863-49d7-8e4a-0ce023160f67: new RaftServerImpl for group-7D9A13A01B2C:[81dd36da-3863-49d7-8e4a-0ce023160f67|rpc:10.1.1.21:41931|priority:1, 9ea057a0-30fc-4465-ba53-d20d8addab64|rpc:10.1.1.21:34661|priority:0, 125338ac-43fd-4d6a-ab02-d24e123888c3|rpc:10.1.1.21:41005|priority:0] with ContainerStateMachine:uninitialized
2022-09-28 09:56:54,548 [pool-556-thread-1] INFO  server.RaftServerConfigKeys (ConfUtils.java:logGet(46)) - raft.server.rpc.timeout.min = 5s (custom)
2022-09-28 09:56:54,548 [pool-556-thread-1] INFO  server.RaftServerConfigKeys (ConfUtils.java:logGet(46)) - raft.server.rpc.timeout.max = 5200ms (custom)
2022-09-28 09:56:54,548 [pool-556-thread-1] INFO  server.RaftServerConfigKeys (ConfUtils.java:logGet(46)) - raft.server.rpc.sleep.time = 25ms (default)
2022-09-28 09:56:54,548 [pool-556-thread-1] INFO  server.RaftServerConfigKeys (ConfUtils.java:logGet(46)) - raft.server.rpc.slowness.timeout = 300s (custom)
2022-09-28 09:56:54,548 [pool-556-thread-1] INFO  server.RaftServerConfigKeys (ConfUtils.java:logGet(46)) - raft.server.leaderelection.leader.step-down.wait-time = 10s (default)
2022-09-28 09:56:54,548 [pool-556-thread-1] INFO  server.RaftServerConfigKeys (ConfUtils.java:logGet(46)) - raft.server.sleep.deviation.threshold = 300ms (default)
2022-09-28 09:56:54,548 [pool-556-thread-1] INFO  server.RaftServer$Division (ServerState.java:<init>(107)) - 81dd36da-3863-49d7-8e4a-0ce023160f67@group-7D9A13A01B2C: ConfigurationManager, init=-1: [81dd36da-3863-49d7-8e4a-0ce023160f67|rpc:10.1.1.21:41931|priority:1, 9ea057a0-30fc-4465-ba53-d20d8addab64|rpc:10.1.1.21:34661|priority:0, 125338ac-43fd-4d6a-ab02-d24e123888c3|rpc:10.1.1.21:41005|priority:0], old=null, confs=<EMPTY_MAP>
2022-09-28 09:56:54,548 [pool-556-thread-1] INFO  server.RaftServerConfigKeys (ConfUtils.java:logGet(46)) - raft.server.storage.dir = [/home/runner/work/ozone/ozone/hadoop-ozone/integration-test/target/test-dir/MiniOzoneClusterImpl-d01a16d6-de90-4827-8502-1257907892ea/datanode-0/data/ratis] (custom)
2022-09-28 09:56:54,548 [pool-556-thread-1] INFO  server.RaftServerConfigKeys (ConfUtils.java:logGet(46)) - raft.server.log.corruption.policy = EXCEPTION (default)
2022-09-28 09:56:54,548 [pool-556-thread-1] INFO  server.RaftServerConfigKeys (ConfUtils.java:logGet(46)) - raft.server.storage.free-space.min = 0MB (=0) (default)
2022-09-28 09:56:54,548 [pool-556-thread-1] INFO  storage.RaftStorageDirectory (RaftStorageDirectoryImpl.java:analyzeStorage(135)) - The storage directory /home/runner/work/ozone/ozone/hadoop-ozone/integration-test/target/test-dir/MiniOzoneClusterImpl-d01a16d6-de90-4827-8502-1257907892ea/datanode-0/data/ratis/0eaca47e-d3ea-453b-9c0f-7d9a13a01b2c does not exist. Creating ...
2022-09-28 09:56:54,549 [pool-556-thread-1] INFO  storage.RaftStorageDirectory (RaftStorageDirectoryImpl.java:tryLock(230)) - Lock on /home/runner/work/ozone/ozone/hadoop-ozone/integration-test/target/test-dir/MiniOzoneClusterImpl-d01a16d6-de90-4827-8502-1257907892ea/datanode-0/data/ratis/0eaca47e-d3ea-453b-9c0f-7d9a13a01b2c/in_use.lock acquired by nodename 12863@fv-az204-790
2022-09-28 09:56:54,550 [pool-556-thread-1] INFO  storage.RaftStorage (RaftStorageImpl.java:format(89)) - Storage directory /home/runner/work/ozone/ozone/hadoop-ozone/integration-test/target/test-dir/MiniOzoneClusterImpl-d01a16d6-de90-4827-8502-1257907892ea/datanode-0/data/ratis/0eaca47e-d3ea-453b-9c0f-7d9a13a01b2c has been successfully formatted.
2022-09-28 09:56:54,550 [pool-556-thread-1] INFO  ratis.ContainerStateMachine (ContainerStateMachine.java:loadSnapshot(236)) - group-7D9A13A01B2C: The snapshot info is null. Setting the last applied indexto:(t:0, i:~)
2022-09-28 09:56:54,551 [pool-556-thread-1] INFO  server.RaftServerConfigKeys (ConfUtils.java:logGet(46)) - raft.server.notification.no-leader.timeout = 300s (custom)
2022-09-28 09:56:54,551 [pool-556-thread-1] INFO  server.RaftServerConfigKeys (ConfUtils.java:logGet(46)) - raft.server.log.use.memory = false (default)
2022-09-28 09:56:54,551 [pool-556-thread-1] INFO  server.RaftServerConfigKeys (ConfUtils.java:logGet(46)) - raft.server.log.purge.gap = 1000000 (custom)
2022-09-28 09:56:54,551 [pool-556-thread-1] INFO  server.RaftServerConfigKeys (ConfUtils.java:logGet(46)) - raft.server.log.appender.buffer.byte-limit = 33554432 (custom)
2022-09-28 09:56:54,551 [pool-556-thread-1] INFO  server.RaftServerConfigKeys (ConfUtils.java:logGet(46)) - raft.server.log.statemachine.data.read.timeout = 1000ms (default)
2022-09-28 09:56:54,551 [pool-556-thread-1] INFO  server.RaftServerConfigKeys (ConfUtils.java:logGet(46)) - raft.server.log.segment.size.max = 1048576 (custom)
2022-09-28 09:56:54,551 [EventQueue-OpenPipelineForHealthyPipelineSafeModeRule] INFO  safemode.SCMSafeModeManager (HealthyPipelineSafeModeRule.java:process(137)) - SCM in safe mode. Healthy pipelines reported count is 0, required healthy pipeline reported count is 1
2022-09-28 09:56:54,552 [pool-556-thread-1] INFO  server.RaftServerConfigKeys (ConfUtils.java:logGet(46)) - raft.server.log.segment.cache.num.max = 2 (custom)
2022-09-28 09:56:54,552 [pool-556-thread-1] INFO  server.RaftServerConfigKeys (ConfUtils.java:logGet(46)) - raft.server.log.segment.cache.size.max = 200MB (=209715200) (default)
2022-09-28 09:56:54,553 [pool-556-thread-1] INFO  segmented.SegmentedRaftLogWorker (SegmentedRaftLogWorker.java:<init>(187)) - new 81dd36da-3863-49d7-8e4a-0ce023160f67@group-7D9A13A01B2C-SegmentedRaftLogWorker for RaftStorageImpl:Storage Directory /home/runner/work/ozone/ozone/hadoop-ozone/integration-test/target/test-dir/MiniOzoneClusterImpl-d01a16d6-de90-4827-8502-1257907892ea/datanode-0/data/ratis/0eaca47e-d3ea-453b-9c0f-7d9a13a01b2c
2022-09-28 09:56:54,553 [pool-556-thread-1] INFO  server.RaftServerConfigKeys (ConfUtils.java:logGet(46)) - raft.server.log.queue.byte-limit = 4294967296 (custom)
2022-09-28 09:56:54,553 [pool-556-thread-1] INFO  server.RaftServerConfigKeys (ConfUtils.java:logGet(46)) - raft.server.log.queue.element-limit = 1024 (custom)
2022-09-28 09:56:54,553 [pool-556-thread-1] INFO  server.RaftServerConfigKeys (ConfUtils.java:logGet(46)) - raft.server.log.segment.size.max = 1048576 (custom)
2022-09-28 09:56:54,553 [pool-556-thread-1] INFO  server.RaftServerConfigKeys (ConfUtils.java:logGet(46)) - raft.server.log.preallocated.size = 16384 (custom)
2022-09-28 09:56:54,553 [pool-556-thread-1] INFO  server.RaftServerConfigKeys (ConfUtils.java:logGet(46)) - raft.server.log.force.sync.num = 128 (default)
2022-09-28 09:56:54,553 [pool-556-thread-1] INFO  server.RaftServerConfigKeys (ConfUtils.java:logGet(46)) - raft.server.log.statemachine.data.sync = true (default)
2022-09-28 09:56:54,554 [pool-556-thread-1] INFO  server.RaftServerConfigKeys (ConfUtils.java:logGet(46)) - raft.server.log.statemachine.data.sync.timeout = 10s (default)
2022-09-28 09:56:54,554 [pool-556-thread-1] INFO  server.RaftServerConfigKeys (ConfUtils.java:logGet(46)) - raft.server.log.statemachine.data.sync.timeout.retry = -1 (default)
2022-09-28 09:56:54,554 [pool-556-thread-1] INFO  server.RaftServerConfigKeys (ConfUtils.java:logGet(46)) - raft.server.log.write.buffer.size = 1048576 (custom)
2022-09-28 09:56:54,555 [pool-556-thread-1] INFO  server.RaftServerConfigKeys (ConfUtils.java:logGet(46)) - raft.server.log.unsafe-flush.enabled = false (default)
2022-09-28 09:56:54,555 [pool-556-thread-1] INFO  server.RaftServerConfigKeys (ConfUtils.java:logGet(46)) - raft.server.log.statemachine.data.caching.enabled = true (custom)
2022-09-28 09:56:54,555 [pool-556-thread-1] INFO  segmented.SegmentedRaftLogWorker (SegmentedRaftLogWorker.java:lambda$new$0(135)) - 81dd36da-3863-49d7-8e4a-0ce023160f67@group-7D9A13A01B2C-SegmentedRaftLogWorker: flushIndex: setUnconditionally 0 -> -1
2022-09-28 09:56:54,555 [pool-556-thread-1] INFO  segmented.SegmentedRaftLogWorker (SegmentedRaftLogWorker.java:lambda$new$0(135)) - 81dd36da-3863-49d7-8e4a-0ce023160f67@group-7D9A13A01B2C-SegmentedRaftLogWorker: safeCacheEvictIndex: setUnconditionally 0 -> -1
2022-09-28 09:56:54,568 [pool-556-thread-1] INFO  server.RaftServerConfigKeys (ConfUtils.java:logGet(46)) - raft.server.snapshot.auto.trigger.enabled = true (custom)
2022-09-28 09:56:54,568 [pool-556-thread-1] INFO  server.RaftServerConfigKeys (ConfUtils.java:logGet(46)) - raft.server.snapshot.auto.trigger.threshold = 10000 (custom)
2022-09-28 09:56:54,568 [pool-556-thread-1] INFO  server.RaftServerConfigKeys (ConfUtils.java:logGet(46)) - raft.server.snapshot.retention.file.num = 5 (custom)
2022-09-28 09:56:54,568 [pool-556-thread-1] INFO  server.RaftServerConfigKeys (ConfUtils.java:logGet(46)) - raft.server.log.purge.upto.snapshot.index = false (default)
2022-09-28 09:56:54,568 [pool-556-thread-1] INFO  server.RaftServerConfigKeys (ConfUtils.java:logGet(46)) - raft.server.retrycache.expirytime = 600000ms (custom)
2022-09-28 09:56:54,568 [pool-556-thread-1] INFO  server.RaftServerConfigKeys (ConfUtils.java:logGet(46)) - raft.server.retrycache.statistics.expirytime = 100μs (default)
2022-09-28 09:56:54,570 [pool-556-thread-1] INFO  server.RaftServerConfigKeys (ConfUtils.java:logGet(46)) - raft.server.log.appender.install.snapshot.enabled = false (custom)
2022-09-28 09:56:54,570 [pool-556-thread-1] INFO  server.RaftServerConfigKeys (ConfUtils.java:logGet(46)) - raft.server.threadpool.server.cached = true (default)
2022-09-28 09:56:54,570 [pool-556-thread-1] INFO  server.RaftServerConfigKeys (ConfUtils.java:logGet(46)) - raft.server.threadpool.server.size = 0 (default)
2022-09-28 09:56:54,570 [pool-556-thread-1] INFO  server.RaftServerConfigKeys (ConfUtils.java:logGet(46)) - raft.server.threadpool.client.cached = true (default)
2022-09-28 09:56:54,570 [pool-556-thread-1] INFO  server.RaftServerConfigKeys (ConfUtils.java:logGet(46)) - raft.server.threadpool.client.size = 0 (default)
2022-09-28 09:56:54,570 [pool-556-thread-1] INFO  server.RaftServer$Division (RaftServerImpl.java:start(310)) - 81dd36da-3863-49d7-8e4a-0ce023160f67@group-7D9A13A01B2C: start as a follower, conf=-1: [81dd36da-3863-49d7-8e4a-0ce023160f67|rpc:10.1.1.21:41931|priority:1, 9ea057a0-30fc-4465-ba53-d20d8addab64|rpc:10.1.1.21:34661|priority:0, 125338ac-43fd-4d6a-ab02-d24e123888c3|rpc:10.1.1.21:41005|priority:0], old=null
2022-09-28 09:56:54,570 [pool-556-thread-1] INFO  server.RaftServer$Division (RaftServerImpl.java:setRole(299)) - 81dd36da-3863-49d7-8e4a-0ce023160f67@group-7D9A13A01B2C: changes role from      null to FOLLOWER at term 0 for startAsFollower
2022-09-28 09:56:54,570 [pool-556-thread-1] INFO  impl.RoleInfo (RoleInfo.java:updateAndGet(139)) - 81dd36da-3863-49d7-8e4a-0ce023160f67: start 81dd36da-3863-49d7-8e4a-0ce023160f67@group-7D9A13A01B2C-FollowerState
2022-09-28 09:56:54,588 [pool-556-thread-1] INFO  util.JmxRegister (JmxRegister.java:tryRegister(44)) - Successfully registered JMX Bean with object name Ratis:service=RaftServer,group=group-7D9A13A01B2C,id=81dd36da-3863-49d7-8e4a-0ce023160f67
2022-09-28 09:56:54,596 [Command processor thread] INFO  ratis.XceiverServerRatis (XceiverServerRatis.java:addGroup(765)) - Created group PipelineID=0eaca47e-d3ea-453b-9c0f-7d9a13a01b2c
2022-09-28 09:56:54,632 [grpc-default-executor-0] INFO  server.RaftServer (RaftServerProxy.java:addNew(96)) - 9ea057a0-30fc-4465-ba53-d20d8addab64: addNew group-7D9A13A01B2C:[81dd36da-3863-49d7-8e4a-0ce023160f67|rpc:10.1.1.21:41931|dataStream:|priority:1, 9ea057a0-30fc-4465-ba53-d20d8addab64|rpc:10.1.1.21:34661|dataStream:|priority:0, 125338ac-43fd-4d6a-ab02-d24e123888c3|rpc:10.1.1.21:41005|dataStream:|priority:0] returns group-7D9A13A01B2C:java.util.concurrent.CompletableFuture@4e6d397d[Not completed]
2022-09-28 09:56:54,649 [pool-579-thread-1] INFO  server.RaftServer$Division (RaftServerImpl.java:<init>(190)) - 9ea057a0-30fc-4465-ba53-d20d8addab64: new RaftServerImpl for group-7D9A13A01B2C:[81dd36da-3863-49d7-8e4a-0ce023160f67|rpc:10.1.1.21:41931|dataStream:|priority:1, 9ea057a0-30fc-4465-ba53-d20d8addab64|rpc:10.1.1.21:34661|dataStream:|priority:0, 125338ac-43fd-4d6a-ab02-d24e123888c3|rpc:10.1.1.21:41005|dataStream:|priority:0] with ContainerStateMachine:uninitialized
2022-09-28 09:56:54,649 [pool-579-thread-1] INFO  server.RaftServerConfigKeys (ConfUtils.java:logGet(46)) - raft.server.rpc.timeout.min = 5s (custom)
2022-09-28 09:56:54,649 [pool-579-thread-1] INFO  server.RaftServerConfigKeys (ConfUtils.java:logGet(46)) - raft.server.rpc.timeout.max = 5200ms (custom)
2022-09-28 09:56:54,649 [pool-579-thread-1] INFO  server.RaftServerConfigKeys (ConfUtils.java:logGet(46)) - raft.server.rpc.sleep.time = 25ms (default)
2022-09-28 09:56:54,649 [pool-579-thread-1] INFO  server.RaftServerConfigKeys (ConfUtils.java:logGet(46)) - raft.server.rpc.slowness.timeout = 300s (custom)
2022-09-28 09:56:54,649 [pool-579-thread-1] INFO  server.RaftServerConfigKeys (ConfUtils.java:logGet(46)) - raft.server.leaderelection.leader.step-down.wait-time = 10s (default)
2022-09-28 09:56:54,649 [pool-579-thread-1] INFO  server.RaftServerConfigKeys (ConfUtils.java:logGet(46)) - raft.server.sleep.deviation.threshold = 300ms (default)
2022-09-28 09:56:54,649 [pool-579-thread-1] INFO  server.RaftServer$Division (ServerState.java:<init>(107)) - 9ea057a0-30fc-4465-ba53-d20d8addab64@group-7D9A13A01B2C: ConfigurationManager, init=-1: [81dd36da-3863-49d7-8e4a-0ce023160f67|rpc:10.1.1.21:41931|dataStream:|priority:1, 9ea057a0-30fc-4465-ba53-d20d8addab64|rpc:10.1.1.21:34661|dataStream:|priority:0, 125338ac-43fd-4d6a-ab02-d24e123888c3|rpc:10.1.1.21:41005|dataStream:|priority:0], old=null, confs=<EMPTY_MAP>
2022-09-28 09:56:54,649 [pool-579-thread-1] INFO  server.RaftServerConfigKeys (ConfUtils.java:logGet(46)) - raft.server.storage.dir = [/home/runner/work/ozone/ozone/hadoop-ozone/integration-test/target/test-dir/MiniOzoneClusterImpl-d01a16d6-de90-4827-8502-1257907892ea/datanode-1/data/ratis] (custom)
2022-09-28 09:56:54,650 [pool-579-thread-1] INFO  server.RaftServerConfigKeys (ConfUtils.java:logGet(46)) - raft.server.log.corruption.policy = EXCEPTION (default)
2022-09-28 09:56:54,650 [pool-579-thread-1] INFO  server.RaftServerConfigKeys (ConfUtils.java:logGet(46)) - raft.server.storage.free-space.min = 0MB (=0) (default)
2022-09-28 09:56:54,650 [pool-579-thread-1] INFO  storage.RaftStorageDirectory (RaftStorageDirectoryImpl.java:analyzeStorage(135)) - The storage directory /home/runner/work/ozone/ozone/hadoop-ozone/integration-test/target/test-dir/MiniOzoneClusterImpl-d01a16d6-de90-4827-8502-1257907892ea/datanode-1/data/ratis/0eaca47e-d3ea-453b-9c0f-7d9a13a01b2c does not exist. Creating ...
2022-09-28 09:56:54,653 [pool-579-thread-1] INFO  storage.RaftStorageDirectory (RaftStorageDirectoryImpl.java:tryLock(230)) - Lock on /home/runner/work/ozone/ozone/hadoop-ozone/integration-test/target/test-dir/MiniOzoneClusterImpl-d01a16d6-de90-4827-8502-1257907892ea/datanode-1/data/ratis/0eaca47e-d3ea-453b-9c0f-7d9a13a01b2c/in_use.lock acquired by nodename 12863@fv-az204-790
2022-09-28 09:56:54,664 [pool-579-thread-1] INFO  storage.RaftStorage (RaftStorageImpl.java:format(89)) - Storage directory /home/runner/work/ozone/ozone/hadoop-ozone/integration-test/target/test-dir/MiniOzoneClusterImpl-d01a16d6-de90-4827-8502-1257907892ea/datanode-1/data/ratis/0eaca47e-d3ea-453b-9c0f-7d9a13a01b2c has been successfully formatted.
2022-09-28 09:56:54,696 [pool-579-thread-1] INFO  ratis.ContainerStateMachine (ContainerStateMachine.java:loadSnapshot(236)) - group-7D9A13A01B2C: The snapshot info is null. Setting the last applied indexto:(t:0, i:~)
2022-09-28 09:56:54,701 [pool-579-thread-1] INFO  server.RaftServerConfigKeys (ConfUtils.java:logGet(46)) - raft.server.notification.no-leader.timeout = 300s (custom)
2022-09-28 09:56:54,702 [pool-579-thread-1] INFO  server.RaftServerConfigKeys (ConfUtils.java:logGet(46)) - raft.server.log.use.memory = false (default)
2022-09-28 09:56:54,702 [pool-579-thread-1] INFO  server.RaftServerConfigKeys (ConfUtils.java:logGet(46)) - raft.server.log.purge.gap = 1000000 (custom)
2022-09-28 09:56:54,702 [pool-579-thread-1] INFO  server.RaftServerConfigKeys (ConfUtils.java:logGet(46)) - raft.server.log.appender.buffer.byte-limit = 33554432 (custom)
2022-09-28 09:56:54,702 [pool-579-thread-1] INFO  server.RaftServerConfigKeys (ConfUtils.java:logGet(46)) - raft.server.log.statemachine.data.read.timeout = 1000ms (default)
2022-09-28 09:56:54,702 [pool-579-thread-1] INFO  server.RaftServerConfigKeys (ConfUtils.java:logGet(46)) - raft.server.log.segment.size.max = 1048576 (custom)
2022-09-28 09:56:54,702 [pool-579-thread-1] INFO  server.RaftServerConfigKeys (ConfUtils.java:logGet(46)) - raft.server.log.segment.cache.num.max = 2 (custom)
2022-09-28 09:56:54,702 [pool-579-thread-1] INFO  server.RaftServerConfigKeys (ConfUtils.java:logGet(46)) - raft.server.log.segment.cache.size.max = 200MB (=209715200) (default)
2022-09-28 09:56:54,702 [pool-579-thread-1] INFO  segmented.SegmentedRaftLogWorker (SegmentedRaftLogWorker.java:<init>(187)) - new 9ea057a0-30fc-4465-ba53-d20d8addab64@group-7D9A13A01B2C-SegmentedRaftLogWorker for RaftStorageImpl:Storage Directory /home/runner/work/ozone/ozone/hadoop-ozone/integration-test/target/test-dir/MiniOzoneClusterImpl-d01a16d6-de90-4827-8502-1257907892ea/datanode-1/data/ratis/0eaca47e-d3ea-453b-9c0f-7d9a13a01b2c
2022-09-28 09:56:54,702 [pool-579-thread-1] INFO  server.RaftServerConfigKeys (ConfUtils.java:logGet(46)) - raft.server.log.queue.byte-limit = 4294967296 (custom)
2022-09-28 09:56:54,702 [pool-579-thread-1] INFO  server.RaftServerConfigKeys (ConfUtils.java:logGet(46)) - raft.server.log.queue.element-limit = 1024 (custom)
2022-09-28 09:56:54,702 [pool-579-thread-1] INFO  server.RaftServerConfigKeys (ConfUtils.java:logGet(46)) - raft.server.log.segment.size.max = 1048576 (custom)
2022-09-28 09:56:54,702 [pool-579-thread-1] INFO  server.RaftServerConfigKeys (ConfUtils.java:logGet(46)) - raft.server.log.preallocated.size = 16384 (custom)
2022-09-28 09:56:54,702 [pool-579-thread-1] INFO  server.RaftServerConfigKeys (ConfUtils.java:logGet(46)) - raft.server.log.force.sync.num = 128 (default)
2022-09-28 09:56:54,702 [pool-579-thread-1] INFO  server.RaftServerConfigKeys (ConfUtils.java:logGet(46)) - raft.server.log.statemachine.data.sync = true (default)
2022-09-28 09:56:54,702 [pool-579-thread-1] INFO  server.RaftServerConfigKeys (ConfUtils.java:logGet(46)) - raft.server.log.statemachine.data.sync.timeout = 10s (default)
2022-09-28 09:56:54,703 [pool-579-thread-1] INFO  server.RaftServerConfigKeys (ConfUtils.java:logGet(46)) - raft.server.log.statemachine.data.sync.timeout.retry = -1 (default)
2022-09-28 09:56:54,703 [pool-579-thread-1] INFO  server.RaftServerConfigKeys (ConfUtils.java:logGet(46)) - raft.server.log.write.buffer.size = 1048576 (custom)
2022-09-28 09:56:54,703 [pool-579-thread-1] INFO  server.RaftServerConfigKeys (ConfUtils.java:logGet(46)) - raft.server.log.unsafe-flush.enabled = false (default)
2022-09-28 09:56:54,703 [pool-579-thread-1] INFO  server.RaftServerConfigKeys (ConfUtils.java:logGet(46)) - raft.server.log.statemachine.data.caching.enabled = true (custom)
2022-09-28 09:56:54,704 [pool-579-thread-1] INFO  segmented.SegmentedRaftLogWorker (SegmentedRaftLogWorker.java:lambda$new$0(135)) - 9ea057a0-30fc-4465-ba53-d20d8addab64@group-7D9A13A01B2C-SegmentedRaftLogWorker: flushIndex: setUnconditionally 0 -> -1
2022-09-28 09:56:54,704 [pool-579-thread-1] INFO  segmented.SegmentedRaftLogWorker (SegmentedRaftLogWorker.java:lambda$new$0(135)) - 9ea057a0-30fc-4465-ba53-d20d8addab64@group-7D9A13A01B2C-SegmentedRaftLogWorker: safeCacheEvictIndex: setUnconditionally 0 -> -1
2022-09-28 09:56:54,716 [pool-579-thread-1] INFO  server.RaftServerConfigKeys (ConfUtils.java:logGet(46)) - raft.server.snapshot.auto.trigger.enabled = true (custom)
2022-09-28 09:56:54,716 [pool-579-thread-1] INFO  server.RaftServerConfigKeys (ConfUtils.java:logGet(46)) - raft.server.snapshot.auto.trigger.threshold = 10000 (custom)
2022-09-28 09:56:54,716 [pool-579-thread-1] INFO  server.RaftServerConfigKeys (ConfUtils.java:logGet(46)) - raft.server.snapshot.retention.file.num = 5 (custom)
2022-09-28 09:56:54,716 [pool-579-thread-1] INFO  server.RaftServerConfigKeys (ConfUtils.java:logGet(46)) - raft.server.log.purge.upto.snapshot.index = false (default)
2022-09-28 09:56:54,716 [pool-579-thread-1] INFO  server.RaftServerConfigKeys (ConfUtils.java:logGet(46)) - raft.server.retrycache.expirytime = 600000ms (custom)
2022-09-28 09:56:54,717 [pool-579-thread-1] INFO  server.RaftServerConfigKeys (ConfUtils.java:logGet(46)) - raft.server.retrycache.statistics.expirytime = 100μs (default)
2022-09-28 09:56:54,717 [pool-579-thread-1] INFO  server.RaftServerConfigKeys (ConfUtils.java:logGet(46)) - raft.server.log.appender.install.snapshot.enabled = false (custom)
2022-09-28 09:56:54,718 [pool-579-thread-1] INFO  server.RaftServerConfigKeys (ConfUtils.java:logGet(46)) - raft.server.threadpool.server.cached = true (default)
2022-09-28 09:56:54,718 [pool-579-thread-1] INFO  server.RaftServerConfigKeys (ConfUtils.java:logGet(46)) - raft.server.threadpool.server.size = 0 (default)
2022-09-28 09:56:54,718 [pool-579-thread-1] INFO  server.RaftServerConfigKeys (ConfUtils.java:logGet(46)) - raft.server.threadpool.client.cached = true (default)
2022-09-28 09:56:54,718 [pool-579-thread-1] INFO  server.RaftServerConfigKeys (ConfUtils.java:logGet(46)) - raft.server.threadpool.client.size = 0 (default)
2022-09-28 09:56:54,718 [pool-579-thread-1] INFO  server.RaftServer$Division (RaftServerImpl.java:start(310)) - 9ea057a0-30fc-4465-ba53-d20d8addab64@group-7D9A13A01B2C: start as a follower, conf=-1: [81dd36da-3863-49d7-8e4a-0ce023160f67|rpc:10.1.1.21:41931|dataStream:|priority:1, 9ea057a0-30fc-4465-ba53-d20d8addab64|rpc:10.1.1.21:34661|dataStream:|priority:0, 125338ac-43fd-4d6a-ab02-d24e123888c3|rpc:10.1.1.21:41005|dataStream:|priority:0], old=null
2022-09-28 09:56:54,718 [pool-579-thread-1] INFO  server.RaftServer$Division (RaftServerImpl.java:setRole(299)) - 9ea057a0-30fc-4465-ba53-d20d8addab64@group-7D9A13A01B2C: changes role from      null to FOLLOWER at term 0 for startAsFollower
2022-09-28 09:56:54,719 [pool-579-thread-1] INFO  impl.RoleInfo (RoleInfo.java:updateAndGet(139)) - 9ea057a0-30fc-4465-ba53-d20d8addab64: start 9ea057a0-30fc-4465-ba53-d20d8addab64@group-7D9A13A01B2C-FollowerState
2022-09-28 09:56:54,719 [pool-579-thread-1] INFO  util.JmxRegister (JmxRegister.java:tryRegister(44)) - Successfully registered JMX Bean with object name Ratis:service=RaftServer,group=group-7D9A13A01B2C,id=9ea057a0-30fc-4465-ba53-d20d8addab64
2022-09-28 09:56:54,847 [grpc-default-executor-0] INFO  server.RaftServer (RaftServerProxy.java:addNew(96)) - 125338ac-43fd-4d6a-ab02-d24e123888c3: addNew group-7D9A13A01B2C:[81dd36da-3863-49d7-8e4a-0ce023160f67|rpc:10.1.1.21:41931|dataStream:|priority:1, 9ea057a0-30fc-4465-ba53-d20d8addab64|rpc:10.1.1.21:34661|dataStream:|priority:0, 125338ac-43fd-4d6a-ab02-d24e123888c3|rpc:10.1.1.21:41005|dataStream:|priority:0] returns group-7D9A13A01B2C:java.util.concurrent.CompletableFuture@20c74a75[Not completed]
2022-09-28 09:56:54,849 [pool-602-thread-1] INFO  server.RaftServer$Division (RaftServerImpl.java:<init>(190)) - 125338ac-43fd-4d6a-ab02-d24e123888c3: new RaftServerImpl for group-7D9A13A01B2C:[81dd36da-3863-49d7-8e4a-0ce023160f67|rpc:10.1.1.21:41931|dataStream:|priority:1, 9ea057a0-30fc-4465-ba53-d20d8addab64|rpc:10.1.1.21:34661|dataStream:|priority:0, 125338ac-43fd-4d6a-ab02-d24e123888c3|rpc:10.1.1.21:41005|dataStream:|priority:0] with ContainerStateMachine:uninitialized
2022-09-28 09:56:54,864 [pool-602-thread-1] INFO  server.RaftServerConfigKeys (ConfUtils.java:logGet(46)) - raft.server.rpc.timeout.min = 5s (custom)
2022-09-28 09:56:54,864 [pool-602-thread-1] INFO  server.RaftServerConfigKeys (ConfUtils.java:logGet(46)) - raft.server.rpc.timeout.max = 5200ms (custom)
2022-09-28 09:56:54,864 [pool-602-thread-1] INFO  server.RaftServerConfigKeys (ConfUtils.java:logGet(46)) - raft.server.rpc.sleep.time = 25ms (default)
2022-09-28 09:56:54,864 [pool-602-thread-1] INFO  server.RaftServerConfigKeys (ConfUtils.java:logGet(46)) - raft.server.rpc.slowness.timeout = 300s (custom)
2022-09-28 09:56:54,864 [pool-602-thread-1] INFO  server.RaftServerConfigKeys (ConfUtils.java:logGet(46)) - raft.server.leaderelection.leader.step-down.wait-time = 10s (default)
2022-09-28 09:56:54,864 [pool-602-thread-1] INFO  server.RaftServerConfigKeys (ConfUtils.java:logGet(46)) - raft.server.sleep.deviation.threshold = 300ms (default)
2022-09-28 09:56:54,865 [pool-602-thread-1] INFO  server.RaftServer$Division (ServerState.java:<init>(107)) - 125338ac-43fd-4d6a-ab02-d24e123888c3@group-7D9A13A01B2C: ConfigurationManager, init=-1: [81dd36da-3863-49d7-8e4a-0ce023160f67|rpc:10.1.1.21:41931|dataStream:|priority:1, 9ea057a0-30fc-4465-ba53-d20d8addab64|rpc:10.1.1.21:34661|dataStream:|priority:0, 125338ac-43fd-4d6a-ab02-d24e123888c3|rpc:10.1.1.21:41005|dataStream:|priority:0], old=null, confs=<EMPTY_MAP>
2022-09-28 09:56:54,865 [pool-602-thread-1] INFO  server.RaftServerConfigKeys (ConfUtils.java:logGet(46)) - raft.server.storage.dir = [/home/runner/work/ozone/ozone/hadoop-ozone/integration-test/target/test-dir/MiniOzoneClusterImpl-d01a16d6-de90-4827-8502-1257907892ea/datanode-2/data/ratis] (custom)
2022-09-28 09:56:54,865 [pool-602-thread-1] INFO  server.RaftServerConfigKeys (ConfUtils.java:logGet(46)) - raft.server.log.corruption.policy = EXCEPTION (default)
2022-09-28 09:56:54,865 [pool-602-thread-1] INFO  server.RaftServerConfigKeys (ConfUtils.java:logGet(46)) - raft.server.storage.free-space.min = 0MB (=0) (default)
2022-09-28 09:56:54,865 [pool-602-thread-1] INFO  storage.RaftStorageDirectory (RaftStorageDirectoryImpl.java:analyzeStorage(135)) - The storage directory /home/runner/work/ozone/ozone/hadoop-ozone/integration-test/target/test-dir/MiniOzoneClusterImpl-d01a16d6-de90-4827-8502-1257907892ea/datanode-2/data/ratis/0eaca47e-d3ea-453b-9c0f-7d9a13a01b2c does not exist. Creating ...
2022-09-28 09:56:54,880 [pool-602-thread-1] INFO  storage.RaftStorageDirectory (RaftStorageDirectoryImpl.java:tryLock(230)) - Lock on /home/runner/work/ozone/ozone/hadoop-ozone/integration-test/target/test-dir/MiniOzoneClusterImpl-d01a16d6-de90-4827-8502-1257907892ea/datanode-2/data/ratis/0eaca47e-d3ea-453b-9c0f-7d9a13a01b2c/in_use.lock acquired by nodename 12863@fv-az204-790
2022-09-28 09:56:54,889 [pool-602-thread-1] INFO  storage.RaftStorage (RaftStorageImpl.java:format(89)) - Storage directory /home/runner/work/ozone/ozone/hadoop-ozone/integration-test/target/test-dir/MiniOzoneClusterImpl-d01a16d6-de90-4827-8502-1257907892ea/datanode-2/data/ratis/0eaca47e-d3ea-453b-9c0f-7d9a13a01b2c has been successfully formatted.
2022-09-28 09:56:54,889 [pool-602-thread-1] INFO  ratis.ContainerStateMachine (ContainerStateMachine.java:loadSnapshot(236)) - group-7D9A13A01B2C: The snapshot info is null. Setting the last applied indexto:(t:0, i:~)
2022-09-28 09:56:54,904 [pool-602-thread-1] INFO  server.RaftServerConfigKeys (ConfUtils.java:logGet(46)) - raft.server.notification.no-leader.timeout = 300s (custom)
2022-09-28 09:56:54,904 [pool-602-thread-1] INFO  server.RaftServerConfigKeys (ConfUtils.java:logGet(46)) - raft.server.log.use.memory = false (default)
2022-09-28 09:56:54,904 [pool-602-thread-1] INFO  server.RaftServerConfigKeys (ConfUtils.java:logGet(46)) - raft.server.log.purge.gap = 1000000 (custom)
2022-09-28 09:56:54,904 [pool-602-thread-1] INFO  server.RaftServerConfigKeys (ConfUtils.java:logGet(46)) - raft.server.log.appender.buffer.byte-limit = 33554432 (custom)
2022-09-28 09:56:54,904 [pool-602-thread-1] INFO  server.RaftServerConfigKeys (ConfUtils.java:logGet(46)) - raft.server.log.statemachine.data.read.timeout = 1000ms (default)
2022-09-28 09:56:54,905 [pool-602-thread-1] INFO  server.RaftServerConfigKeys (ConfUtils.java:logGet(46)) - raft.server.log.segment.size.max = 1048576 (custom)
2022-09-28 09:56:54,905 [pool-602-thread-1] INFO  server.RaftServerConfigKeys (ConfUtils.java:logGet(46)) - raft.server.log.segment.cache.num.max = 2 (custom)
2022-09-28 09:56:54,905 [pool-602-thread-1] INFO  server.RaftServerConfigKeys (ConfUtils.java:logGet(46)) - raft.server.log.segment.cache.size.max = 200MB (=209715200) (default)
2022-09-28 09:56:54,905 [pool-602-thread-1] INFO  segmented.SegmentedRaftLogWorker (SegmentedRaftLogWorker.java:<init>(187)) - new 125338ac-43fd-4d6a-ab02-d24e123888c3@group-7D9A13A01B2C-SegmentedRaftLogWorker for RaftStorageImpl:Storage Directory /home/runner/work/ozone/ozone/hadoop-ozone/integration-test/target/test-dir/MiniOzoneClusterImpl-d01a16d6-de90-4827-8502-1257907892ea/datanode-2/data/ratis/0eaca47e-d3ea-453b-9c0f-7d9a13a01b2c
2022-09-28 09:56:54,905 [pool-602-thread-1] INFO  server.RaftServerConfigKeys (ConfUtils.java:logGet(46)) - raft.server.log.queue.byte-limit = 4294967296 (custom)
2022-09-28 09:56:54,905 [pool-602-thread-1] INFO  server.RaftServerConfigKeys (ConfUtils.java:logGet(46)) - raft.server.log.queue.element-limit = 1024 (custom)
2022-09-28 09:56:54,905 [pool-602-thread-1] INFO  server.RaftServerConfigKeys (ConfUtils.java:logGet(46)) - raft.server.log.segment.size.max = 1048576 (custom)
2022-09-28 09:56:54,905 [pool-602-thread-1] INFO  server.RaftServerConfigKeys (ConfUtils.java:logGet(46)) - raft.server.log.preallocated.size = 16384 (custom)
2022-09-28 09:56:54,905 [pool-602-thread-1] INFO  server.RaftServerConfigKeys (ConfUtils.java:logGet(46)) - raft.server.log.force.sync.num = 128 (default)
2022-09-28 09:56:54,905 [pool-602-thread-1] INFO  server.RaftServerConfigKeys (ConfUtils.java:logGet(46)) - raft.server.log.statemachine.data.sync = true (default)
2022-09-28 09:56:54,905 [pool-602-thread-1] INFO  server.RaftServerConfigKeys (ConfUtils.java:logGet(46)) - raft.server.log.statemachine.data.sync.timeout = 10s (default)
2022-09-28 09:56:54,905 [pool-602-thread-1] INFO  server.RaftServerConfigKeys (ConfUtils.java:logGet(46)) - raft.server.log.statemachine.data.sync.timeout.retry = -1 (default)
2022-09-28 09:56:54,906 [pool-602-thread-1] INFO  server.RaftServerConfigKeys (ConfUtils.java:logGet(46)) - raft.server.log.write.buffer.size = 1048576 (custom)
2022-09-28 09:56:54,906 [pool-602-thread-1] INFO  server.RaftServerConfigKeys (ConfUtils.java:logGet(46)) - raft.server.log.unsafe-flush.enabled = false (default)
2022-09-28 09:56:54,906 [pool-602-thread-1] INFO  server.RaftServerConfigKeys (ConfUtils.java:logGet(46)) - raft.server.log.statemachine.data.caching.enabled = true (custom)
2022-09-28 09:56:54,907 [pool-602-thread-1] INFO  segmented.SegmentedRaftLogWorker (SegmentedRaftLogWorker.java:lambda$new$0(135)) - 125338ac-43fd-4d6a-ab02-d24e123888c3@group-7D9A13A01B2C-SegmentedRaftLogWorker: flushIndex: setUnconditionally 0 -> -1
2022-09-28 09:56:54,907 [pool-602-thread-1] INFO  segmented.SegmentedRaftLogWorker (SegmentedRaftLogWorker.java:lambda$new$0(135)) - 125338ac-43fd-4d6a-ab02-d24e123888c3@group-7D9A13A01B2C-SegmentedRaftLogWorker: safeCacheEvictIndex: setUnconditionally 0 -> -1
2022-09-28 09:56:54,912 [pool-602-thread-1] INFO  server.RaftServerConfigKeys (ConfUtils.java:logGet(46)) - raft.server.snapshot.auto.trigger.enabled = true (custom)
2022-09-28 09:56:54,912 [pool-602-thread-1] INFO  server.RaftServerConfigKeys (ConfUtils.java:logGet(46)) - raft.server.snapshot.auto.trigger.threshold = 10000 (custom)
2022-09-28 09:56:54,912 [pool-602-thread-1] INFO  server.RaftServerConfigKeys (ConfUtils.java:logGet(46)) - raft.server.snapshot.retention.file.num = 5 (custom)
2022-09-28 09:56:54,912 [pool-602-thread-1] INFO  server.RaftServerConfigKeys (ConfUtils.java:logGet(46)) - raft.server.log.purge.upto.snapshot.index = false (default)
2022-09-28 09:56:54,912 [pool-602-thread-1] INFO  server.RaftServerConfigKeys (ConfUtils.java:logGet(46)) - raft.server.retrycache.expirytime = 600000ms (custom)
2022-09-28 09:56:54,913 [pool-602-thread-1] INFO  server.RaftServerConfigKeys (ConfUtils.java:logGet(46)) - raft.server.retrycache.statistics.expirytime = 100μs (default)
2022-09-28 09:56:54,914 [pool-602-thread-1] INFO  server.RaftServerConfigKeys (ConfUtils.java:logGet(46)) - raft.server.log.appender.install.snapshot.enabled = false (custom)
2022-09-28 09:56:54,914 [pool-602-thread-1] INFO  server.RaftServerConfigKeys (ConfUtils.java:logGet(46)) - raft.server.threadpool.server.cached = true (default)
2022-09-28 09:56:54,914 [pool-602-thread-1] INFO  server.RaftServerConfigKeys (ConfUtils.java:logGet(46)) - raft.server.threadpool.server.size = 0 (default)
2022-09-28 09:56:54,914 [pool-602-thread-1] INFO  server.RaftServerConfigKeys (ConfUtils.java:logGet(46)) - raft.server.threadpool.client.cached = true (default)
2022-09-28 09:56:54,914 [pool-602-thread-1] INFO  server.RaftServerConfigKeys (ConfUtils.java:logGet(46)) - raft.server.threadpool.client.size = 0 (default)
2022-09-28 09:56:54,914 [pool-602-thread-1] INFO  server.RaftServer$Division (RaftServerImpl.java:start(310)) - 125338ac-43fd-4d6a-ab02-d24e123888c3@group-7D9A13A01B2C: start as a follower, conf=-1: [81dd36da-3863-49d7-8e4a-0ce023160f67|rpc:10.1.1.21:41931|dataStream:|priority:1, 9ea057a0-30fc-4465-ba53-d20d8addab64|rpc:10.1.1.21:34661|dataStream:|priority:0, 125338ac-43fd-4d6a-ab02-d24e123888c3|rpc:10.1.1.21:41005|dataStream:|priority:0], old=null
2022-09-28 09:56:54,914 [pool-602-thread-1] INFO  server.RaftServer$Division (RaftServerImpl.java:setRole(299)) - 125338ac-43fd-4d6a-ab02-d24e123888c3@group-7D9A13A01B2C: changes role from      null to FOLLOWER at term 0 for startAsFollower
2022-09-28 09:56:54,914 [pool-602-thread-1] INFO  impl.RoleInfo (RoleInfo.java:updateAndGet(139)) - 125338ac-43fd-4d6a-ab02-d24e123888c3: start 125338ac-43fd-4d6a-ab02-d24e123888c3@group-7D9A13A01B2C-FollowerState
2022-09-28 09:56:54,914 [pool-602-thread-1] INFO  util.JmxRegister (JmxRegister.java:tryRegister(44)) - Successfully registered JMX Bean with object name Ratis:service=RaftServer,group=group-7D9A13A01B2C,id=125338ac-43fd-4d6a-ab02-d24e123888c3
2022-09-28 09:56:54,942 [Command processor thread] INFO  commandhandler.CreatePipelineCommandHandler (CreatePipelineCommandHandler.java:handle(113)) - Created Pipeline RATIS THREE PipelineID=0eaca47e-d3ea-453b-9c0f-7d9a13a01b2c.
2022-09-28 09:56:54,942 [Command processor thread] INFO  server.RaftServer (RaftServerProxy.java:addNew(96)) - 81dd36da-3863-49d7-8e4a-0ce023160f67: addNew group-1C3D2B2BA225:[81dd36da-3863-49d7-8e4a-0ce023160f67|rpc:10.1.1.21:41931|priority:0, 9ea057a0-30fc-4465-ba53-d20d8addab64|rpc:10.1.1.21:34661|priority:1, 125338ac-43fd-4d6a-ab02-d24e123888c3|rpc:10.1.1.21:41005|priority:0] returns group-1C3D2B2BA225:java.util.concurrent.CompletableFuture@6f5dc09c[Not completed]
2022-09-28 09:56:54,943 [pool-556-thread-1] INFO  server.RaftServer$Division (RaftServerImpl.java:<init>(190)) - 81dd36da-3863-49d7-8e4a-0ce023160f67: new RaftServerImpl for group-1C3D2B2BA225:[81dd36da-3863-49d7-8e4a-0ce023160f67|rpc:10.1.1.21:41931|priority:0, 9ea057a0-30fc-4465-ba53-d20d8addab64|rpc:10.1.1.21:34661|priority:1, 125338ac-43fd-4d6a-ab02-d24e123888c3|rpc:10.1.1.21:41005|priority:0] with ContainerStateMachine:uninitialized
2022-09-28 09:56:54,943 [pool-556-thread-1] INFO  server.RaftServerConfigKeys (ConfUtils.java:logGet(46)) - raft.server.rpc.timeout.min = 5s (custom)
2022-09-28 09:56:54,943 [pool-556-thread-1] INFO  server.RaftServerConfigKeys (ConfUtils.java:logGet(46)) - raft.server.rpc.timeout.max = 5200ms (custom)
2022-09-28 09:56:54,943 [pool-556-thread-1] INFO  server.RaftServerConfigKeys (ConfUtils.java:logGet(46)) - raft.server.rpc.sleep.time = 25ms (default)
2022-09-28 09:56:54,943 [pool-556-thread-1] INFO  server.RaftServerConfigKeys (ConfUtils.java:logGet(46)) - raft.server.rpc.slowness.timeout = 300s (custom)
2022-09-28 09:56:54,943 [pool-556-thread-1] INFO  server.RaftServerConfigKeys (ConfUtils.java:logGet(46)) - raft.server.leaderelection.leader.step-down.wait-time = 10s (default)
2022-09-28 09:56:54,943 [pool-556-thread-1] INFO  server.RaftServerConfigKeys (ConfUtils.java:logGet(46)) - raft.server.sleep.deviation.threshold = 300ms (default)
2022-09-28 09:56:54,943 [pool-556-thread-1] INFO  server.RaftServer$Division (ServerState.java:<init>(107)) - 81dd36da-3863-49d7-8e4a-0ce023160f67@group-1C3D2B2BA225: ConfigurationManager, init=-1: [81dd36da-3863-49d7-8e4a-0ce023160f67|rpc:10.1.1.21:41931|priority:0, 9ea057a0-30fc-4465-ba53-d20d8addab64|rpc:10.1.1.21:34661|priority:1, 125338ac-43fd-4d6a-ab02-d24e123888c3|rpc:10.1.1.21:41005|priority:0], old=null, confs=<EMPTY_MAP>
2022-09-28 09:56:54,943 [pool-556-thread-1] INFO  server.RaftServerConfigKeys (ConfUtils.java:logGet(46)) - raft.server.storage.dir = [/home/runner/work/ozone/ozone/hadoop-ozone/integration-test/target/test-dir/MiniOzoneClusterImpl-d01a16d6-de90-4827-8502-1257907892ea/datanode-0/data/ratis] (custom)
2022-09-28 09:56:54,943 [pool-556-thread-1] INFO  server.RaftServerConfigKeys (ConfUtils.java:logGet(46)) - raft.server.log.corruption.policy = EXCEPTION (default)
2022-09-28 09:56:54,943 [pool-556-thread-1] INFO  server.RaftServerConfigKeys (ConfUtils.java:logGet(46)) - raft.server.storage.free-space.min = 0MB (=0) (default)
2022-09-28 09:56:54,944 [pool-556-thread-1] INFO  storage.RaftStorageDirectory (RaftStorageDirectoryImpl.java:analyzeStorage(135)) - The storage directory /home/runner/work/ozone/ozone/hadoop-ozone/integration-test/target/test-dir/MiniOzoneClusterImpl-d01a16d6-de90-4827-8502-1257907892ea/datanode-0/data/ratis/01486891-e71e-4231-8392-1c3d2b2ba225 does not exist. Creating ...
2022-09-28 09:56:54,949 [pool-556-thread-1] INFO  storage.RaftStorageDirectory (RaftStorageDirectoryImpl.java:tryLock(230)) - Lock on /home/runner/work/ozone/ozone/hadoop-ozone/integration-test/target/test-dir/MiniOzoneClusterImpl-d01a16d6-de90-4827-8502-1257907892ea/datanode-0/data/ratis/01486891-e71e-4231-8392-1c3d2b2ba225/in_use.lock acquired by nodename 12863@fv-az204-790
2022-09-28 09:56:54,950 [Listener at 127.0.0.1/44537] INFO  ozone.MiniOzoneClusterImpl (MiniOzoneClusterImpl.java:lambda$waitForClusterToBeReady$0(216)) - Waiting for nodes to be ready. Got 3 of 5 DN Heartbeats.
2022-09-28 09:56:54,950 [Listener at 127.0.0.1/44537] INFO  ozone.MiniOzoneClusterImpl (MiniOzoneClusterImpl.java:lambda$waitForClusterToBeReady$0(219)) - Waiting for cluster to exit safe mode
2022-09-28 09:56:54,950 [Listener at 127.0.0.1/44537] INFO  ozone.MiniOzoneClusterImpl (MiniOzoneClusterImpl.java:lambda$waitForClusterToBeReady$0(221)) - SCM became leader
2022-09-28 09:56:54,950 [pool-556-thread-1] INFO  storage.RaftStorage (RaftStorageImpl.java:format(89)) - Storage directory /home/runner/work/ozone/ozone/hadoop-ozone/integration-test/target/test-dir/MiniOzoneClusterImpl-d01a16d6-de90-4827-8502-1257907892ea/datanode-0/data/ratis/01486891-e71e-4231-8392-1c3d2b2ba225 has been successfully formatted.
2022-09-28 09:56:54,951 [pool-556-thread-1] INFO  ratis.ContainerStateMachine (ContainerStateMachine.java:loadSnapshot(236)) - group-1C3D2B2BA225: The snapshot info is null. Setting the last applied indexto:(t:0, i:~)
2022-09-28 09:56:54,951 [pool-556-thread-1] INFO  server.RaftServerConfigKeys (ConfUtils.java:logGet(46)) - raft.server.notification.no-leader.timeout = 300s (custom)
2022-09-28 09:56:54,951 [pool-556-thread-1] INFO  server.RaftServerConfigKeys (ConfUtils.java:logGet(46)) - raft.server.log.use.memory = false (default)
2022-09-28 09:56:54,951 [pool-556-thread-1] INFO  server.RaftServerConfigKeys (ConfUtils.java:logGet(46)) - raft.server.log.purge.gap = 1000000 (custom)
2022-09-28 09:56:54,951 [pool-556-thread-1] INFO  server.RaftServerConfigKeys (ConfUtils.java:logGet(46)) - raft.server.log.appender.buffer.byte-limit = 33554432 (custom)
2022-09-28 09:56:54,951 [pool-556-thread-1] INFO  server.RaftServerConfigKeys (ConfUtils.java:logGet(46)) - raft.server.log.statemachine.data.read.timeout = 1000ms (default)
2022-09-28 09:56:54,951 [pool-556-thread-1] INFO  server.RaftServerConfigKeys (ConfUtils.java:logGet(46)) - raft.server.log.segment.size.max = 1048576 (custom)
2022-09-28 09:56:54,952 [pool-556-thread-1] INFO  server.RaftServerConfigKeys (ConfUtils.java:logGet(46)) - raft.server.log.segment.cache.num.max = 2 (custom)
2022-09-28 09:56:54,952 [pool-556-thread-1] INFO  server.RaftServerConfigKeys (ConfUtils.java:logGet(46)) - raft.server.log.segment.cache.size.max = 200MB (=209715200) (default)
2022-09-28 09:56:54,952 [pool-556-thread-1] INFO  segmented.SegmentedRaftLogWorker (SegmentedRaftLogWorker.java:<init>(187)) - new 81dd36da-3863-49d7-8e4a-0ce023160f67@group-1C3D2B2BA225-SegmentedRaftLogWorker for RaftStorageImpl:Storage Directory /home/runner/work/ozone/ozone/hadoop-ozone/integration-test/target/test-dir/MiniOzoneClusterImpl-d01a16d6-de90-4827-8502-1257907892ea/datanode-0/data/ratis/01486891-e71e-4231-8392-1c3d2b2ba225
2022-09-28 09:56:54,952 [EventQueue-OpenPipelineForHealthyPipelineSafeModeRule] INFO  safemode.SCMSafeModeManager (HealthyPipelineSafeModeRule.java:process(137)) - SCM in safe mode. Healthy pipelines reported count is 0, required healthy pipeline reported count is 1
2022-09-28 09:56:54,952 [pool-556-thread-1] INFO  server.RaftServerConfigKeys (ConfUtils.java:logGet(46)) - raft.server.log.queue.byte-limit = 4294967296 (custom)
2022-09-28 09:56:54,952 [pool-556-thread-1] INFO  server.RaftServerConfigKeys (ConfUtils.java:logGet(46)) - raft.server.log.queue.element-limit = 1024 (custom)
2022-09-28 09:56:54,952 [pool-556-thread-1] INFO  server.RaftServerConfigKeys (ConfUtils.java:logGet(46)) - raft.server.log.segment.size.max = 1048576 (custom)
2022-09-28 09:56:54,952 [pool-556-thread-1] INFO  server.RaftServerConfigKeys (ConfUtils.java:logGet(46)) - raft.server.log.preallocated.size = 16384 (custom)
2022-09-28 09:56:54,952 [pool-556-thread-1] INFO  server.RaftServerConfigKeys (ConfUtils.java:logGet(46)) - raft.server.log.force.sync.num = 128 (default)
2022-09-28 09:56:54,952 [pool-556-thread-1] INFO  server.RaftServerConfigKeys (ConfUtils.java:logGet(46)) - raft.server.log.statemachine.data.sync = true (default)
2022-09-28 09:56:54,952 [pool-556-thread-1] INFO  server.RaftServerConfigKeys (ConfUtils.java:logGet(46)) - raft.server.log.statemachine.data.sync.timeout = 10s (default)
2022-09-28 09:56:54,952 [pool-556-thread-1] INFO  server.RaftServerConfigKeys (ConfUtils.java:logGet(46)) - raft.server.log.statemachine.data.sync.timeout.retry = -1 (default)
2022-09-28 09:56:54,953 [pool-556-thread-1] INFO  server.RaftServerConfigKeys (ConfUtils.java:logGet(46)) - raft.server.log.write.buffer.size = 1048576 (custom)
2022-09-28 09:56:54,953 [pool-556-thread-1] INFO  server.RaftServerConfigKeys (ConfUtils.java:logGet(46)) - raft.server.log.unsafe-flush.enabled = false (default)
2022-09-28 09:56:54,953 [pool-556-thread-1] INFO  server.RaftServerConfigKeys (ConfUtils.java:logGet(46)) - raft.server.log.statemachine.data.caching.enabled = true (custom)
2022-09-28 09:56:54,953 [pool-556-thread-1] INFO  segmented.SegmentedRaftLogWorker (SegmentedRaftLogWorker.java:lambda$new$0(135)) - 81dd36da-3863-49d7-8e4a-0ce023160f67@group-1C3D2B2BA225-SegmentedRaftLogWorker: flushIndex: setUnconditionally 0 -> -1
2022-09-28 09:56:54,954 [pool-556-thread-1] INFO  segmented.SegmentedRaftLogWorker (SegmentedRaftLogWorker.java:lambda$new$0(135)) - 81dd36da-3863-49d7-8e4a-0ce023160f67@group-1C3D2B2BA225-SegmentedRaftLogWorker: safeCacheEvictIndex: setUnconditionally 0 -> -1
2022-09-28 09:56:54,972 [pool-556-thread-1] INFO  server.RaftServerConfigKeys (ConfUtils.java:logGet(46)) - raft.server.snapshot.auto.trigger.enabled = true (custom)
2022-09-28 09:56:54,972 [pool-556-thread-1] INFO  server.RaftServerConfigKeys (ConfUtils.java:logGet(46)) - raft.server.snapshot.auto.trigger.threshold = 10000 (custom)
2022-09-28 09:56:54,972 [pool-556-thread-1] INFO  server.RaftServerConfigKeys (ConfUtils.java:logGet(46)) - raft.server.snapshot.retention.file.num = 5 (custom)
2022-09-28 09:56:54,972 [pool-556-thread-1] INFO  server.RaftServerConfigKeys (ConfUtils.java:logGet(46)) - raft.server.log.purge.upto.snapshot.index = false (default)
2022-09-28 09:56:54,972 [pool-556-thread-1] INFO  server.RaftServerConfigKeys (ConfUtils.java:logGet(46)) - raft.server.retrycache.expirytime = 600000ms (custom)
2022-09-28 09:56:54,972 [pool-556-thread-1] INFO  server.RaftServerConfigKeys (ConfUtils.java:logGet(46)) - raft.server.retrycache.statistics.expirytime = 100μs (default)
2022-09-28 09:56:54,973 [pool-556-thread-1] INFO  server.RaftServerConfigKeys (ConfUtils.java:logGet(46)) - raft.server.log.appender.install.snapshot.enabled = false (custom)
2022-09-28 09:56:54,974 [pool-556-thread-1] INFO  server.RaftServerConfigKeys (ConfUtils.java:logGet(46)) - raft.server.threadpool.server.cached = true (default)
2022-09-28 09:56:54,974 [pool-556-thread-1] INFO  server.RaftServerConfigKeys (ConfUtils.java:logGet(46)) - raft.server.threadpool.server.size = 0 (default)
2022-09-28 09:56:54,974 [pool-556-thread-1] INFO  server.RaftServerConfigKeys (ConfUtils.java:logGet(46)) - raft.server.threadpool.client.cached = true (default)
2022-09-28 09:56:54,974 [pool-556-thread-1] INFO  server.RaftServerConfigKeys (ConfUtils.java:logGet(46)) - raft.server.threadpool.client.size = 0 (default)
2022-09-28 09:56:54,974 [pool-556-thread-1] INFO  server.RaftServer$Division (RaftServerImpl.java:start(310)) - 81dd36da-3863-49d7-8e4a-0ce023160f67@group-1C3D2B2BA225: start as a follower, conf=-1: [81dd36da-3863-49d7-8e4a-0ce023160f67|rpc:10.1.1.21:41931|priority:0, 9ea057a0-30fc-4465-ba53-d20d8addab64|rpc:10.1.1.21:34661|priority:1, 125338ac-43fd-4d6a-ab02-d24e123888c3|rpc:10.1.1.21:41005|priority:0], old=null
2022-09-28 09:56:54,974 [pool-556-thread-1] INFO  server.RaftServer$Division (RaftServerImpl.java:setRole(299)) - 81dd36da-3863-49d7-8e4a-0ce023160f67@group-1C3D2B2BA225: changes role from      null to FOLLOWER at term 0 for startAsFollower
2022-09-28 09:56:54,974 [pool-556-thread-1] INFO  impl.RoleInfo (RoleInfo.java:updateAndGet(139)) - 81dd36da-3863-49d7-8e4a-0ce023160f67: start 81dd36da-3863-49d7-8e4a-0ce023160f67@group-1C3D2B2BA225-FollowerState
2022-09-28 09:56:54,975 [pool-556-thread-1] INFO  util.JmxRegister (JmxRegister.java:tryRegister(44)) - Successfully registered JMX Bean with object name Ratis:service=RaftServer,group=group-1C3D2B2BA225,id=81dd36da-3863-49d7-8e4a-0ce023160f67
2022-09-28 09:56:54,976 [Command processor thread] INFO  ratis.XceiverServerRatis (XceiverServerRatis.java:addGroup(765)) - Created group PipelineID=01486891-e71e-4231-8392-1c3d2b2ba225
2022-09-28 09:56:55,017 [IPC Server handler 12 on default port 42955] INFO  net.NetworkTopologyImpl (NetworkTopologyImpl.java:add(112)) - Added a new node: /default-rack/3b57bdd7-9f20-481e-9079-9bba3cbb79ed
2022-09-28 09:56:55,017 [IPC Server handler 12 on default port 42955] INFO  node.SCMNodeManager (SCMNodeManager.java:register(397)) - Registered Data node : 3b57bdd7-9f20-481e-9079-9bba3cbb79ed{ip: 10.1.1.21, host: fv-az204-790.d0ggoinxmwcejgojbuqly40l0e.cx.internal.cloudapp.net, ports: [REPLICATION=32857, RATIS=44439, RATIS_ADMIN=44439, RATIS_SERVER=44439, STANDALONE=46693], networkLocation: /default-rack, certSerialId: null, persistedOpState: null, persistedOpStateExpiryEpochSec: 0}
2022-09-28 09:56:55,017 [EventQueue-NewNodeForNewNodeHandler] INFO  pipeline.BackgroundPipelineCreator (BackgroundPipelineCreator.java:notifyEventTriggered(276)) - trigger a one-shot run on RatisPipelineUtilsThread.
2022-09-28 09:56:55,017 [RatisPipelineUtilsThread - 0] INFO  pipeline.RatisPipelineProvider (RatisPipelineProvider.java:lambda$create$0(195)) - Sending CreatePipelineCommand for pipeline:PipelineID=4fd6d7c7-eba7-4f46-afda-83236433c98a to datanode:3b57bdd7-9f20-481e-9079-9bba3cbb79ed
2022-09-28 09:56:55,018 [RatisPipelineUtilsThread - 0] INFO  pipeline.PipelineStateManagerImpl (PipelineStateManagerImpl.java:addPipeline(103)) - Created pipeline Pipeline[ Id: 4fd6d7c7-eba7-4f46-afda-83236433c98a, Nodes: 3b57bdd7-9f20-481e-9079-9bba3cbb79ed{ip: 10.1.1.21, host: fv-az204-790.d0ggoinxmwcejgojbuqly40l0e.cx.internal.cloudapp.net, ports: [REPLICATION=32857, RATIS=44439, RATIS_ADMIN=44439, RATIS_SERVER=44439, STANDALONE=46693], networkLocation: /default-rack, certSerialId: null, persistedOpState: IN_SERVICE, persistedOpStateExpiryEpochSec: 0}, ReplicationConfig: RATIS/ONE, State:ALLOCATED, leaderId:, CreationTimestamp2022-09-28T09:56:55.017Z[Etc/UTC]].
2022-09-28 09:56:55,039 [grpc-default-executor-0] INFO  server.RaftServer (RaftServerProxy.java:addNew(96)) - 9ea057a0-30fc-4465-ba53-d20d8addab64: addNew group-1C3D2B2BA225:[81dd36da-3863-49d7-8e4a-0ce023160f67|rpc:10.1.1.21:41931|dataStream:|priority:0, 9ea057a0-30fc-4465-ba53-d20d8addab64|rpc:10.1.1.21:34661|dataStream:|priority:1, 125338ac-43fd-4d6a-ab02-d24e123888c3|rpc:10.1.1.21:41005|dataStream:|priority:0] returns group-1C3D2B2BA225:java.util.concurrent.CompletableFuture@76519439[Not completed]
2022-09-28 09:56:55,039 [pool-579-thread-1] INFO  server.RaftServer$Division (RaftServerImpl.java:<init>(190)) - 9ea057a0-30fc-4465-ba53-d20d8addab64: new RaftServerImpl for group-1C3D2B2BA225:[81dd36da-3863-49d7-8e4a-0ce023160f67|rpc:10.1.1.21:41931|dataStream:|priority:0, 9ea057a0-30fc-4465-ba53-d20d8addab64|rpc:10.1.1.21:34661|dataStream:|priority:1, 125338ac-43fd-4d6a-ab02-d24e123888c3|rpc:10.1.1.21:41005|dataStream:|priority:0] with ContainerStateMachine:uninitialized
2022-09-28 09:56:55,057 [pool-579-thread-1] INFO  server.RaftServerConfigKeys (ConfUtils.java:logGet(46)) - raft.server.rpc.timeout.min = 5s (custom)
2022-09-28 09:56:55,057 [pool-579-thread-1] INFO  server.RaftServerConfigKeys (ConfUtils.java:logGet(46)) - raft.server.rpc.timeout.max = 5200ms (custom)
2022-09-28 09:56:55,057 [pool-579-thread-1] INFO  server.RaftServerConfigKeys (ConfUtils.java:logGet(46)) - raft.server.rpc.sleep.time = 25ms (default)
2022-09-28 09:56:55,057 [pool-579-thread-1] INFO  server.RaftServerConfigKeys (ConfUtils.java:logGet(46)) - raft.server.rpc.slowness.timeout = 300s (custom)
2022-09-28 09:56:55,057 [pool-579-thread-1] INFO  server.RaftServerConfigKeys (ConfUtils.java:logGet(46)) - raft.server.leaderelection.leader.step-down.wait-time = 10s (default)
2022-09-28 09:56:55,057 [pool-579-thread-1] INFO  server.RaftServerConfigKeys (ConfUtils.java:logGet(46)) - raft.server.sleep.deviation.threshold = 300ms (default)
2022-09-28 09:56:55,057 [pool-579-thread-1] INFO  server.RaftServer$Division (ServerState.java:<init>(107)) - 9ea057a0-30fc-4465-ba53-d20d8addab64@group-1C3D2B2BA225: ConfigurationManager, init=-1: [81dd36da-3863-49d7-8e4a-0ce023160f67|rpc:10.1.1.21:41931|dataStream:|priority:0, 9ea057a0-30fc-4465-ba53-d20d8addab64|rpc:10.1.1.21:34661|dataStream:|priority:1, 125338ac-43fd-4d6a-ab02-d24e123888c3|rpc:10.1.1.21:41005|dataStream:|priority:0], old=null, confs=<EMPTY_MAP>
2022-09-28 09:56:55,057 [pool-579-thread-1] INFO  server.RaftServerConfigKeys (ConfUtils.java:logGet(46)) - raft.server.storage.dir = [/home/runner/work/ozone/ozone/hadoop-ozone/integration-test/target/test-dir/MiniOzoneClusterImpl-d01a16d6-de90-4827-8502-1257907892ea/datanode-1/data/ratis] (custom)
2022-09-28 09:56:55,057 [pool-579-thread-1] INFO  server.RaftServerConfigKeys (ConfUtils.java:logGet(46)) - raft.server.log.corruption.policy = EXCEPTION (default)
2022-09-28 09:56:55,057 [pool-579-thread-1] INFO  server.RaftServerConfigKeys (ConfUtils.java:logGet(46)) - raft.server.storage.free-space.min = 0MB (=0) (default)
2022-09-28 09:56:55,057 [pool-579-thread-1] INFO  storage.RaftStorageDirectory (RaftStorageDirectoryImpl.java:analyzeStorage(135)) - The storage directory /home/runner/work/ozone/ozone/hadoop-ozone/integration-test/target/test-dir/MiniOzoneClusterImpl-d01a16d6-de90-4827-8502-1257907892ea/datanode-1/data/ratis/01486891-e71e-4231-8392-1c3d2b2ba225 does not exist. Creating ...
2022-09-28 09:56:55,058 [pool-579-thread-1] INFO  storage.RaftStorageDirectory (RaftStorageDirectoryImpl.java:tryLock(230)) - Lock on /home/runner/work/ozone/ozone/hadoop-ozone/integration-test/target/test-dir/MiniOzoneClusterImpl-d01a16d6-de90-4827-8502-1257907892ea/datanode-1/data/ratis/01486891-e71e-4231-8392-1c3d2b2ba225/in_use.lock acquired by nodename 12863@fv-az204-790
2022-09-28 09:56:55,084 [pool-579-thread-1] INFO  storage.RaftStorage (RaftStorageImpl.java:format(89)) - Storage directory /home/runner/work/ozone/ozone/hadoop-ozone/integration-test/target/test-dir/MiniOzoneClusterImpl-d01a16d6-de90-4827-8502-1257907892ea/datanode-1/data/ratis/01486891-e71e-4231-8392-1c3d2b2ba225 has been successfully formatted.
2022-09-28 09:56:55,084 [pool-579-thread-1] INFO  ratis.ContainerStateMachine (ContainerStateMachine.java:loadSnapshot(236)) - group-1C3D2B2BA225: The snapshot info is null. Setting the last applied indexto:(t:0, i:~)
2022-09-28 09:56:55,085 [pool-579-thread-1] INFO  server.RaftServerConfigKeys (ConfUtils.java:logGet(46)) - raft.server.notification.no-leader.timeout = 300s (custom)
2022-09-28 09:56:55,085 [pool-579-thread-1] INFO  server.RaftServerConfigKeys (ConfUtils.java:logGet(46)) - raft.server.log.use.memory = false (default)
2022-09-28 09:56:55,085 [pool-579-thread-1] INFO  server.RaftServerConfigKeys (ConfUtils.java:logGet(46)) - raft.server.log.purge.gap = 1000000 (custom)
2022-09-28 09:56:55,085 [pool-579-thread-1] INFO  server.RaftServerConfigKeys (ConfUtils.java:logGet(46)) - raft.server.log.appender.buffer.byte-limit = 33554432 (custom)
2022-09-28 09:56:55,085 [pool-579-thread-1] INFO  server.RaftServerConfigKeys (ConfUtils.java:logGet(46)) - raft.server.log.statemachine.data.read.timeout = 1000ms (default)
2022-09-28 09:56:55,085 [pool-579-thread-1] INFO  server.RaftServerConfigKeys (ConfUtils.java:logGet(46)) - raft.server.log.segment.size.max = 1048576 (custom)
2022-09-28 09:56:55,085 [pool-579-thread-1] INFO  server.RaftServerConfigKeys (ConfUtils.java:logGet(46)) - raft.server.log.segment.cache.num.max = 2 (custom)
2022-09-28 09:56:55,085 [pool-579-thread-1] INFO  server.RaftServerConfigKeys (ConfUtils.java:logGet(46)) - raft.server.log.segment.cache.size.max = 200MB (=209715200) (default)
2022-09-28 09:56:55,085 [pool-579-thread-1] INFO  segmented.SegmentedRaftLogWorker (SegmentedRaftLogWorker.java:<init>(187)) - new 9ea057a0-30fc-4465-ba53-d20d8addab64@group-1C3D2B2BA225-SegmentedRaftLogWorker for RaftStorageImpl:Storage Directory /home/runner/work/ozone/ozone/hadoop-ozone/integration-test/target/test-dir/MiniOzoneClusterImpl-d01a16d6-de90-4827-8502-1257907892ea/datanode-1/data/ratis/01486891-e71e-4231-8392-1c3d2b2ba225
2022-09-28 09:56:55,085 [pool-579-thread-1] INFO  server.RaftServerConfigKeys (ConfUtils.java:logGet(46)) - raft.server.log.queue.byte-limit = 4294967296 (custom)
2022-09-28 09:56:55,085 [pool-579-thread-1] INFO  server.RaftServerConfigKeys (ConfUtils.java:logGet(46)) - raft.server.log.queue.element-limit = 1024 (custom)
2022-09-28 09:56:55,085 [pool-579-thread-1] INFO  server.RaftServerConfigKeys (ConfUtils.java:logGet(46)) - raft.server.log.segment.size.max = 1048576 (custom)
2022-09-28 09:56:55,085 [pool-579-thread-1] INFO  server.RaftServerConfigKeys (ConfUtils.java:logGet(46)) - raft.server.log.preallocated.size = 16384 (custom)
2022-09-28 09:56:55,085 [pool-579-thread-1] INFO  server.RaftServerConfigKeys (ConfUtils.java:logGet(46)) - raft.server.log.force.sync.num = 128 (default)
2022-09-28 09:56:55,086 [pool-579-thread-1] INFO  server.RaftServerConfigKeys (ConfUtils.java:logGet(46)) - raft.server.log.statemachine.data.sync = true (default)
2022-09-28 09:56:55,086 [pool-579-thread-1] INFO  server.RaftServerConfigKeys (ConfUtils.java:logGet(46)) - raft.server.log.statemachine.data.sync.timeout = 10s (default)
2022-09-28 09:56:55,086 [pool-579-thread-1] INFO  server.RaftServerConfigKeys (ConfUtils.java:logGet(46)) - raft.server.log.statemachine.data.sync.timeout.retry = -1 (default)
2022-09-28 09:56:55,086 [pool-579-thread-1] INFO  server.RaftServerConfigKeys (ConfUtils.java:logGet(46)) - raft.server.log.write.buffer.size = 1048576 (custom)
2022-09-28 09:56:55,086 [pool-579-thread-1] INFO  server.RaftServerConfigKeys (ConfUtils.java:logGet(46)) - raft.server.log.unsafe-flush.enabled = false (default)
2022-09-28 09:56:55,086 [pool-579-thread-1] INFO  server.RaftServerConfigKeys (ConfUtils.java:logGet(46)) - raft.server.log.statemachine.data.caching.enabled = true (custom)
2022-09-28 09:56:55,087 [pool-579-thread-1] INFO  segmented.SegmentedRaftLogWorker (SegmentedRaftLogWorker.java:lambda$new$0(135)) - 9ea057a0-30fc-4465-ba53-d20d8addab64@group-1C3D2B2BA225-SegmentedRaftLogWorker: flushIndex: setUnconditionally 0 -> -1
2022-09-28 09:56:55,087 [pool-579-thread-1] INFO  segmented.SegmentedRaftLogWorker (SegmentedRaftLogWorker.java:lambda$new$0(135)) - 9ea057a0-30fc-4465-ba53-d20d8addab64@group-1C3D2B2BA225-SegmentedRaftLogWorker: safeCacheEvictIndex: setUnconditionally 0 -> -1
2022-09-28 09:56:55,096 [pool-579-thread-1] INFO  server.RaftServerConfigKeys (ConfUtils.java:logGet(46)) - raft.server.snapshot.auto.trigger.enabled = true (custom)
2022-09-28 09:56:55,096 [pool-579-thread-1] INFO  server.RaftServerConfigKeys (ConfUtils.java:logGet(46)) - raft.server.snapshot.auto.trigger.threshold = 10000 (custom)
2022-09-28 09:56:55,096 [pool-579-thread-1] INFO  server.RaftServerConfigKeys (ConfUtils.java:logGet(46)) - raft.server.snapshot.retention.file.num = 5 (custom)
2022-09-28 09:56:55,097 [pool-579-thread-1] INFO  server.RaftServerConfigKeys (ConfUtils.java:logGet(46)) - raft.server.log.purge.upto.snapshot.index = false (default)
2022-09-28 09:56:55,097 [pool-579-thread-1] INFO  server.RaftServerConfigKeys (ConfUtils.java:logGet(46)) - raft.server.retrycache.expirytime = 600000ms (custom)
2022-09-28 09:56:55,097 [pool-579-thread-1] INFO  server.RaftServerConfigKeys (ConfUtils.java:logGet(46)) - raft.server.retrycache.statistics.expirytime = 100μs (default)
2022-09-28 09:56:55,098 [pool-579-thread-1] INFO  server.RaftServerConfigKeys (ConfUtils.java:logGet(46)) - raft.server.log.appender.install.snapshot.enabled = false (custom)
2022-09-28 09:56:55,098 [pool-579-thread-1] INFO  server.RaftServerConfigKeys (ConfUtils.java:logGet(46)) - raft.server.threadpool.server.cached = true (default)
2022-09-28 09:56:55,098 [pool-579-thread-1] INFO  server.RaftServerConfigKeys (ConfUtils.java:logGet(46)) - raft.server.threadpool.server.size = 0 (default)
2022-09-28 09:56:55,098 [pool-579-thread-1] INFO  server.RaftServerConfigKeys (ConfUtils.java:logGet(46)) - raft.server.threadpool.client.cached = true (default)
2022-09-28 09:56:55,098 [pool-579-thread-1] INFO  server.RaftServerConfigKeys (ConfUtils.java:logGet(46)) - raft.server.threadpool.client.size = 0 (default)
2022-09-28 09:56:55,098 [pool-579-thread-1] INFO  server.RaftServer$Division (RaftServerImpl.java:start(310)) - 9ea057a0-30fc-4465-ba53-d20d8addab64@group-1C3D2B2BA225: start as a follower, conf=-1: [81dd36da-3863-49d7-8e4a-0ce023160f67|rpc:10.1.1.21:41931|dataStream:|priority:0, 9ea057a0-30fc-4465-ba53-d20d8addab64|rpc:10.1.1.21:34661|dataStream:|priority:1, 125338ac-43fd-4d6a-ab02-d24e123888c3|rpc:10.1.1.21:41005|dataStream:|priority:0], old=null
2022-09-28 09:56:55,098 [pool-579-thread-1] INFO  server.RaftServer$Division (RaftServerImpl.java:setRole(299)) - 9ea057a0-30fc-4465-ba53-d20d8addab64@group-1C3D2B2BA225: changes role from      null to FOLLOWER at term 0 for startAsFollower
2022-09-28 09:56:55,098 [pool-579-thread-1] INFO  impl.RoleInfo (RoleInfo.java:updateAndGet(139)) - 9ea057a0-30fc-4465-ba53-d20d8addab64: start 9ea057a0-30fc-4465-ba53-d20d8addab64@group-1C3D2B2BA225-FollowerState
2022-09-28 09:56:55,106 [pool-579-thread-1] INFO  util.JmxRegister (JmxRegister.java:tryRegister(44)) - Successfully registered JMX Bean with object name Ratis:service=RaftServer,group=group-1C3D2B2BA225,id=9ea057a0-30fc-4465-ba53-d20d8addab64
2022-09-28 09:56:55,257 [Command processor thread] INFO  server.RaftServer (RaftServerProxy.java:addNew(96)) - 9ea057a0-30fc-4465-ba53-d20d8addab64: addNew group-B6BE325B81D3:[9ea057a0-30fc-4465-ba53-d20d8addab64|rpc:10.1.1.21:34661|priority:1] returns group-B6BE325B81D3:java.util.concurrent.CompletableFuture@ffc4632[Not completed]
2022-09-28 09:56:55,257 [pool-579-thread-1] INFO  server.RaftServer$Division (RaftServerImpl.java:<init>(190)) - 9ea057a0-30fc-4465-ba53-d20d8addab64: new RaftServerImpl for group-B6BE325B81D3:[9ea057a0-30fc-4465-ba53-d20d8addab64|rpc:10.1.1.21:34661|priority:1] with ContainerStateMachine:uninitialized
2022-09-28 09:56:55,257 [pool-579-thread-1] INFO  server.RaftServerConfigKeys (ConfUtils.java:logGet(46)) - raft.server.rpc.timeout.min = 5s (custom)
2022-09-28 09:56:55,257 [pool-579-thread-1] INFO  server.RaftServerConfigKeys (ConfUtils.java:logGet(46)) - raft.server.rpc.timeout.max = 5200ms (custom)
2022-09-28 09:56:55,258 [pool-579-thread-1] INFO  server.RaftServerConfigKeys (ConfUtils.java:logGet(46)) - raft.server.rpc.sleep.time = 25ms (default)
2022-09-28 09:56:55,258 [pool-579-thread-1] INFO  server.RaftServerConfigKeys (ConfUtils.java:logGet(46)) - raft.server.rpc.slowness.timeout = 300s (custom)
2022-09-28 09:56:55,258 [pool-579-thread-1] INFO  server.RaftServerConfigKeys (ConfUtils.java:logGet(46)) - raft.server.leaderelection.leader.step-down.wait-time = 10s (default)
2022-09-28 09:56:55,258 [pool-579-thread-1] INFO  server.RaftServerConfigKeys (ConfUtils.java:logGet(46)) - raft.server.sleep.deviation.threshold = 300ms (default)
2022-09-28 09:56:55,258 [pool-579-thread-1] INFO  server.RaftServer$Division (ServerState.java:<init>(107)) - 9ea057a0-30fc-4465-ba53-d20d8addab64@group-B6BE325B81D3: ConfigurationManager, init=-1: [9ea057a0-30fc-4465-ba53-d20d8addab64|rpc:10.1.1.21:34661|priority:1], old=null, confs=<EMPTY_MAP>
2022-09-28 09:56:55,258 [pool-579-thread-1] INFO  server.RaftServerConfigKeys (ConfUtils.java:logGet(46)) - raft.server.storage.dir = [/home/runner/work/ozone/ozone/hadoop-ozone/integration-test/target/test-dir/MiniOzoneClusterImpl-d01a16d6-de90-4827-8502-1257907892ea/datanode-1/data/ratis] (custom)
2022-09-28 09:56:55,258 [pool-579-thread-1] INFO  server.RaftServerConfigKeys (ConfUtils.java:logGet(46)) - raft.server.log.corruption.policy = EXCEPTION (default)
2022-09-28 09:56:55,258 [pool-579-thread-1] INFO  server.RaftServerConfigKeys (ConfUtils.java:logGet(46)) - raft.server.storage.free-space.min = 0MB (=0) (default)
2022-09-28 09:56:55,258 [pool-579-thread-1] INFO  storage.RaftStorageDirectory (RaftStorageDirectoryImpl.java:analyzeStorage(135)) - The storage directory /home/runner/work/ozone/ozone/hadoop-ozone/integration-test/target/test-dir/MiniOzoneClusterImpl-d01a16d6-de90-4827-8502-1257907892ea/datanode-1/data/ratis/2c9ea259-a92d-487e-a420-b6be325b81d3 does not exist. Creating ...
2022-09-28 09:56:55,259 [pool-579-thread-1] INFO  storage.RaftStorageDirectory (RaftStorageDirectoryImpl.java:tryLock(230)) - Lock on /home/runner/work/ozone/ozone/hadoop-ozone/integration-test/target/test-dir/MiniOzoneClusterImpl-d01a16d6-de90-4827-8502-1257907892ea/datanode-1/data/ratis/2c9ea259-a92d-487e-a420-b6be325b81d3/in_use.lock acquired by nodename 12863@fv-az204-790
2022-09-28 09:56:55,260 [pool-579-thread-1] INFO  storage.RaftStorage (RaftStorageImpl.java:format(89)) - Storage directory /home/runner/work/ozone/ozone/hadoop-ozone/integration-test/target/test-dir/MiniOzoneClusterImpl-d01a16d6-de90-4827-8502-1257907892ea/datanode-1/data/ratis/2c9ea259-a92d-487e-a420-b6be325b81d3 has been successfully formatted.
2022-09-28 09:56:55,260 [pool-579-thread-1] INFO  ratis.ContainerStateMachine (ContainerStateMachine.java:loadSnapshot(236)) - group-B6BE325B81D3: The snapshot info is null. Setting the last applied indexto:(t:0, i:~)
2022-09-28 09:56:55,261 [EventQueue-PipelineReportForPipelineReportHandler] INFO  pipeline.PipelineManagerImpl (PipelineManagerImpl.java:openPipeline(367)) - Pipeline Pipeline[ Id: 2c9ea259-a92d-487e-a420-b6be325b81d3, Nodes: 9ea057a0-30fc-4465-ba53-d20d8addab64{ip: 10.1.1.21, host: fv-az204-790.d0ggoinxmwcejgojbuqly40l0e.cx.internal.cloudapp.net, ports: [REPLICATION=38537, RATIS=34661, RATIS_ADMIN=34661, RATIS_SERVER=34661, STANDALONE=33689], networkLocation: /default-rack, certSerialId: null, persistedOpState: IN_SERVICE, persistedOpStateExpiryEpochSec: 0}, ReplicationConfig: RATIS/ONE, State:ALLOCATED, leaderId:9ea057a0-30fc-4465-ba53-d20d8addab64, CreationTimestamp2022-09-28T09:56:52.276Z[Etc/UTC]] moved to OPEN state
2022-09-28 09:56:55,261 [EventQueue-OpenPipelineForHealthyPipelineSafeModeRule] INFO  safemode.SCMSafeModeManager (HealthyPipelineSafeModeRule.java:process(137)) - SCM in safe mode. Healthy pipelines reported count is 0, required healthy pipeline reported count is 1
2022-09-28 09:56:55,261 [pool-579-thread-1] INFO  server.RaftServerConfigKeys (ConfUtils.java:logGet(46)) - raft.server.notification.no-leader.timeout = 300s (custom)
2022-09-28 09:56:55,270 [pool-602-thread-1] INFO  server.RaftServer$Division (RaftServerImpl.java:<init>(190)) - 125338ac-43fd-4d6a-ab02-d24e123888c3: new RaftServerImpl for group-1C3D2B2BA225:[81dd36da-3863-49d7-8e4a-0ce023160f67|rpc:10.1.1.21:41931|dataStream:|priority:0, 9ea057a0-30fc-4465-ba53-d20d8addab64|rpc:10.1.1.21:34661|dataStream:|priority:1, 125338ac-43fd-4d6a-ab02-d24e123888c3|rpc:10.1.1.21:41005|dataStream:|priority:0] with ContainerStateMachine:uninitialized
2022-09-28 09:56:55,271 [pool-602-thread-1] INFO  server.RaftServerConfigKeys (ConfUtils.java:logGet(46)) - raft.server.rpc.timeout.min = 5s (custom)
2022-09-28 09:56:55,271 [pool-602-thread-1] INFO  server.RaftServerConfigKeys (ConfUtils.java:logGet(46)) - raft.server.rpc.timeout.max = 5200ms (custom)
2022-09-28 09:56:55,271 [pool-602-thread-1] INFO  server.RaftServerConfigKeys (ConfUtils.java:logGet(46)) - raft.server.rpc.sleep.time = 25ms (default)
2022-09-28 09:56:55,271 [pool-602-thread-1] INFO  server.RaftServerConfigKeys (ConfUtils.java:logGet(46)) - raft.server.rpc.slowness.timeout = 300s (custom)
2022-09-28 09:56:55,271 [pool-602-thread-1] INFO  server.RaftServerConfigKeys (ConfUtils.java:logGet(46)) - raft.server.leaderelection.leader.step-down.wait-time = 10s (default)
2022-09-28 09:56:55,271 [pool-602-thread-1] INFO  server.RaftServerConfigKeys (ConfUtils.java:logGet(46)) - raft.server.sleep.deviation.threshold = 300ms (default)
2022-09-28 09:56:55,271 [pool-602-thread-1] INFO  server.RaftServer$Division (ServerState.java:<init>(107)) - 125338ac-43fd-4d6a-ab02-d24e123888c3@group-1C3D2B2BA225: ConfigurationManager, init=-1: [81dd36da-3863-49d7-8e4a-0ce023160f67|rpc:10.1.1.21:41931|dataStream:|priority:0, 9ea057a0-30fc-4465-ba53-d20d8addab64|rpc:10.1.1.21:34661|dataStream:|priority:1, 125338ac-43fd-4d6a-ab02-d24e123888c3|rpc:10.1.1.21:41005|dataStream:|priority:0], old=null, confs=<EMPTY_MAP>
2022-09-28 09:56:55,271 [pool-602-thread-1] INFO  server.RaftServerConfigKeys (ConfUtils.java:logGet(46)) - raft.server.storage.dir = [/home/runner/work/ozone/ozone/hadoop-ozone/integration-test/target/test-dir/MiniOzoneClusterImpl-d01a16d6-de90-4827-8502-1257907892ea/datanode-2/data/ratis] (custom)
2022-09-28 09:56:55,271 [pool-602-thread-1] INFO  server.RaftServerConfigKeys (ConfUtils.java:logGet(46)) - raft.server.log.corruption.policy = EXCEPTION (default)
2022-09-28 09:56:55,271 [pool-602-thread-1] INFO  server.RaftServerConfigKeys (ConfUtils.java:logGet(46)) - raft.server.storage.free-space.min = 0MB (=0) (default)
2022-09-28 09:56:55,272 [pool-602-thread-1] INFO  storage.RaftStorageDirectory (RaftStorageDirectoryImpl.java:analyzeStorage(135)) - The storage directory /home/runner/work/ozone/ozone/hadoop-ozone/integration-test/target/test-dir/MiniOzoneClusterImpl-d01a16d6-de90-4827-8502-1257907892ea/datanode-2/data/ratis/01486891-e71e-4231-8392-1c3d2b2ba225 does not exist. Creating ...
2022-09-28 09:56:55,268 [grpc-default-executor-0] INFO  server.RaftServer (RaftServerProxy.java:addNew(96)) - 125338ac-43fd-4d6a-ab02-d24e123888c3: addNew group-1C3D2B2BA225:[81dd36da-3863-49d7-8e4a-0ce023160f67|rpc:10.1.1.21:41931|dataStream:|priority:0, 9ea057a0-30fc-4465-ba53-d20d8addab64|rpc:10.1.1.21:34661|dataStream:|priority:1, 125338ac-43fd-4d6a-ab02-d24e123888c3|rpc:10.1.1.21:41005|dataStream:|priority:0] returns group-1C3D2B2BA225:java.util.concurrent.CompletableFuture@6cdffc64[Not completed]
2022-09-28 09:56:55,271 [pool-579-thread-1] INFO  server.RaftServerConfigKeys (ConfUtils.java:logGet(46)) - raft.server.log.use.memory = false (default)
2022-09-28 09:56:55,272 [pool-579-thread-1] INFO  server.RaftServerConfigKeys (ConfUtils.java:logGet(46)) - raft.server.log.purge.gap = 1000000 (custom)
2022-09-28 09:56:55,272 [pool-579-thread-1] INFO  server.RaftServerConfigKeys (ConfUtils.java:logGet(46)) - raft.server.log.appender.buffer.byte-limit = 33554432 (custom)
2022-09-28 09:56:55,272 [pool-579-thread-1] INFO  server.RaftServerConfigKeys (ConfUtils.java:logGet(46)) - raft.server.log.statemachine.data.read.timeout = 1000ms (default)
2022-09-28 09:56:55,272 [pool-602-thread-1] INFO  storage.RaftStorageDirectory (RaftStorageDirectoryImpl.java:tryLock(230)) - Lock on /home/runner/work/ozone/ozone/hadoop-ozone/integration-test/target/test-dir/MiniOzoneClusterImpl-d01a16d6-de90-4827-8502-1257907892ea/datanode-2/data/ratis/01486891-e71e-4231-8392-1c3d2b2ba225/in_use.lock acquired by nodename 12863@fv-az204-790
2022-09-28 09:56:55,272 [pool-579-thread-1] INFO  server.RaftServerConfigKeys (ConfUtils.java:logGet(46)) - raft.server.log.segment.size.max = 1048576 (custom)
2022-09-28 09:56:55,273 [pool-579-thread-1] INFO  server.RaftServerConfigKeys (ConfUtils.java:logGet(46)) - raft.server.log.segment.cache.num.max = 2 (custom)
2022-09-28 09:56:55,273 [pool-579-thread-1] INFO  server.RaftServerConfigKeys (ConfUtils.java:logGet(46)) - raft.server.log.segment.cache.size.max = 200MB (=209715200) (default)
2022-09-28 09:56:55,273 [pool-579-thread-1] INFO  segmented.SegmentedRaftLogWorker (SegmentedRaftLogWorker.java:<init>(187)) - new 9ea057a0-30fc-4465-ba53-d20d8addab64@group-B6BE325B81D3-SegmentedRaftLogWorker for RaftStorageImpl:Storage Directory /home/runner/work/ozone/ozone/hadoop-ozone/integration-test/target/test-dir/MiniOzoneClusterImpl-d01a16d6-de90-4827-8502-1257907892ea/datanode-1/data/ratis/2c9ea259-a92d-487e-a420-b6be325b81d3
2022-09-28 09:56:55,273 [pool-579-thread-1] INFO  server.RaftServerConfigKeys (ConfUtils.java:logGet(46)) - raft.server.log.queue.byte-limit = 4294967296 (custom)
2022-09-28 09:56:55,273 [pool-579-thread-1] INFO  server.RaftServerConfigKeys (ConfUtils.java:logGet(46)) - raft.server.log.queue.element-limit = 1024 (custom)
2022-09-28 09:56:55,273 [pool-579-thread-1] INFO  server.RaftServerConfigKeys (ConfUtils.java:logGet(46)) - raft.server.log.segment.size.max = 1048576 (custom)
2022-09-28 09:56:55,273 [pool-579-thread-1] INFO  server.RaftServerConfigKeys (ConfUtils.java:logGet(46)) - raft.server.log.preallocated.size = 16384 (custom)
2022-09-28 09:56:55,273 [pool-579-thread-1] INFO  server.RaftServerConfigKeys (ConfUtils.java:logGet(46)) - raft.server.log.force.sync.num = 128 (default)
2022-09-28 09:56:55,273 [pool-579-thread-1] INFO  server.RaftServerConfigKeys (ConfUtils.java:logGet(46)) - raft.server.log.statemachine.data.sync = true (default)
2022-09-28 09:56:55,273 [pool-579-thread-1] INFO  server.RaftServerConfigKeys (ConfUtils.java:logGet(46)) - raft.server.log.statemachine.data.sync.timeout = 10s (default)
2022-09-28 09:56:55,273 [pool-579-thread-1] INFO  server.RaftServerConfigKeys (ConfUtils.java:logGet(46)) - raft.server.log.statemachine.data.sync.timeout.retry = -1 (default)
2022-09-28 09:56:55,274 [pool-579-thread-1] INFO  server.RaftServerConfigKeys (ConfUtils.java:logGet(46)) - raft.server.log.write.buffer.size = 1048576 (custom)
2022-09-28 09:56:55,274 [pool-579-thread-1] INFO  server.RaftServerConfigKeys (ConfUtils.java:logGet(46)) - raft.server.log.unsafe-flush.enabled = false (default)
2022-09-28 09:56:55,274 [pool-579-thread-1] INFO  server.RaftServerConfigKeys (ConfUtils.java:logGet(46)) - raft.server.log.statemachine.data.caching.enabled = true (custom)
2022-09-28 09:56:55,274 [pool-579-thread-1] INFO  segmented.SegmentedRaftLogWorker (SegmentedRaftLogWorker.java:lambda$new$0(135)) - 9ea057a0-30fc-4465-ba53-d20d8addab64@group-B6BE325B81D3-SegmentedRaftLogWorker: flushIndex: setUnconditionally 0 -> -1
2022-09-28 09:56:55,274 [pool-579-thread-1] INFO  segmented.SegmentedRaftLogWorker (SegmentedRaftLogWorker.java:lambda$new$0(135)) - 9ea057a0-30fc-4465-ba53-d20d8addab64@group-B6BE325B81D3-SegmentedRaftLogWorker: safeCacheEvictIndex: setUnconditionally 0 -> -1
2022-09-28 09:56:55,277 [pool-602-thread-1] INFO  storage.RaftStorage (RaftStorageImpl.java:format(89)) - Storage directory /home/runner/work/ozone/ozone/hadoop-ozone/integration-test/target/test-dir/MiniOzoneClusterImpl-d01a16d6-de90-4827-8502-1257907892ea/datanode-2/data/ratis/01486891-e71e-4231-8392-1c3d2b2ba225 has been successfully formatted.
2022-09-28 09:56:55,277 [pool-602-thread-1] INFO  ratis.ContainerStateMachine (ContainerStateMachine.java:loadSnapshot(236)) - group-1C3D2B2BA225: The snapshot info is null. Setting the last applied indexto:(t:0, i:~)
2022-09-28 09:56:55,277 [pool-602-thread-1] INFO  server.RaftServerConfigKeys (ConfUtils.java:logGet(46)) - raft.server.notification.no-leader.timeout = 300s (custom)
2022-09-28 09:56:55,277 [pool-602-thread-1] INFO  server.RaftServerConfigKeys (ConfUtils.java:logGet(46)) - raft.server.log.use.memory = false (default)
2022-09-28 09:56:55,277 [pool-602-thread-1] INFO  server.RaftServerConfigKeys (ConfUtils.java:logGet(46)) - raft.server.log.purge.gap = 1000000 (custom)
2022-09-28 09:56:55,277 [pool-602-thread-1] INFO  server.RaftServerConfigKeys (ConfUtils.java:logGet(46)) - raft.server.log.appender.buffer.byte-limit = 33554432 (custom)
2022-09-28 09:56:55,277 [pool-602-thread-1] INFO  server.RaftServerConfigKeys (ConfUtils.java:logGet(46)) - raft.server.log.statemachine.data.read.timeout = 1000ms (default)
2022-09-28 09:56:55,278 [pool-602-thread-1] INFO  server.RaftServerConfigKeys (ConfUtils.java:logGet(46)) - raft.server.log.segment.size.max = 1048576 (custom)
2022-09-28 09:56:55,278 [pool-602-thread-1] INFO  server.RaftServerConfigKeys (ConfUtils.java:logGet(46)) - raft.server.log.segment.cache.num.max = 2 (custom)
2022-09-28 09:56:55,278 [pool-602-thread-1] INFO  server.RaftServerConfigKeys (ConfUtils.java:logGet(46)) - raft.server.log.segment.cache.size.max = 200MB (=209715200) (default)
2022-09-28 09:56:55,278 [pool-602-thread-1] INFO  segmented.SegmentedRaftLogWorker (SegmentedRaftLogWorker.java:<init>(187)) - new 125338ac-43fd-4d6a-ab02-d24e123888c3@group-1C3D2B2BA225-SegmentedRaftLogWorker for RaftStorageImpl:Storage Directory /home/runner/work/ozone/ozone/hadoop-ozone/integration-test/target/test-dir/MiniOzoneClusterImpl-d01a16d6-de90-4827-8502-1257907892ea/datanode-2/data/ratis/01486891-e71e-4231-8392-1c3d2b2ba225
2022-09-28 09:56:55,278 [pool-602-thread-1] INFO  server.RaftServerConfigKeys (ConfUtils.java:logGet(46)) - raft.server.log.queue.byte-limit = 4294967296 (custom)
2022-09-28 09:56:55,278 [pool-602-thread-1] INFO  server.RaftServerConfigKeys (ConfUtils.java:logGet(46)) - raft.server.log.queue.element-limit = 1024 (custom)
2022-09-28 09:56:55,278 [pool-602-thread-1] INFO  server.RaftServerConfigKeys (ConfUtils.java:logGet(46)) - raft.server.log.segment.size.max = 1048576 (custom)
2022-09-28 09:56:55,278 [pool-602-thread-1] INFO  server.RaftServerConfigKeys (ConfUtils.java:logGet(46)) - raft.server.log.preallocated.size = 16384 (custom)
2022-09-28 09:56:55,278 [pool-602-thread-1] INFO  server.RaftServerConfigKeys (ConfUtils.java:logGet(46)) - raft.server.log.force.sync.num = 128 (default)
2022-09-28 09:56:55,278 [pool-602-thread-1] INFO  server.RaftServerConfigKeys (ConfUtils.java:logGet(46)) - raft.server.log.statemachine.data.sync = true (default)
2022-09-28 09:56:55,278 [pool-602-thread-1] INFO  server.RaftServerConfigKeys (ConfUtils.java:logGet(46)) - raft.server.log.statemachine.data.sync.timeout = 10s (default)
2022-09-28 09:56:55,278 [pool-602-thread-1] INFO  server.RaftServerConfigKeys (ConfUtils.java:logGet(46)) - raft.server.log.statemachine.data.sync.timeout.retry = -1 (default)
2022-09-28 09:56:55,279 [pool-602-thread-1] INFO  server.RaftServerConfigKeys (ConfUtils.java:logGet(46)) - raft.server.log.write.buffer.size = 1048576 (custom)
2022-09-28 09:56:55,279 [pool-602-thread-1] INFO  server.RaftServerConfigKeys (ConfUtils.java:logGet(46)) - raft.server.log.unsafe-flush.enabled = false (default)
2022-09-28 09:56:55,279 [pool-602-thread-1] INFO  server.RaftServerConfigKeys (ConfUtils.java:logGet(46)) - raft.server.log.statemachine.data.caching.enabled = true (custom)
2022-09-28 09:56:55,279 [pool-602-thread-1] INFO  segmented.SegmentedRaftLogWorker (SegmentedRaftLogWorker.java:lambda$new$0(135)) - 125338ac-43fd-4d6a-ab02-d24e123888c3@group-1C3D2B2BA225-SegmentedRaftLogWorker: flushIndex: setUnconditionally 0 -> -1
2022-09-28 09:56:55,279 [pool-602-thread-1] INFO  segmented.SegmentedRaftLogWorker (SegmentedRaftLogWorker.java:lambda$new$0(135)) - 125338ac-43fd-4d6a-ab02-d24e123888c3@group-1C3D2B2BA225-SegmentedRaftLogWorker: safeCacheEvictIndex: setUnconditionally 0 -> -1
2022-09-28 09:56:55,292 [pool-579-thread-1] INFO  server.RaftServerConfigKeys (ConfUtils.java:logGet(46)) - raft.server.snapshot.auto.trigger.enabled = true (custom)
2022-09-28 09:56:55,292 [pool-602-thread-1] INFO  server.RaftServerConfigKeys (ConfUtils.java:logGet(46)) - raft.server.snapshot.auto.trigger.enabled = true (custom)
2022-09-28 09:56:55,292 [pool-579-thread-1] INFO  server.RaftServerConfigKeys (ConfUtils.java:logGet(46)) - raft.server.snapshot.auto.trigger.threshold = 10000 (custom)
2022-09-28 09:56:55,292 [pool-602-thread-1] INFO  server.RaftServerConfigKeys (ConfUtils.java:logGet(46)) - raft.server.snapshot.auto.trigger.threshold = 10000 (custom)
2022-09-28 09:56:55,292 [pool-579-thread-1] INFO  server.RaftServerConfigKeys (ConfUtils.java:logGet(46)) - raft.server.snapshot.retention.file.num = 5 (custom)
2022-09-28 09:56:55,292 [pool-602-thread-1] INFO  server.RaftServerConfigKeys (ConfUtils.java:logGet(46)) - raft.server.snapshot.retention.file.num = 5 (custom)
2022-09-28 09:56:55,292 [pool-579-thread-1] INFO  server.RaftServerConfigKeys (ConfUtils.java:logGet(46)) - raft.server.log.purge.upto.snapshot.index = false (default)
2022-09-28 09:56:55,292 [pool-602-thread-1] INFO  server.RaftServerConfigKeys (ConfUtils.java:logGet(46)) - raft.server.log.purge.upto.snapshot.index = false (default)
2022-09-28 09:56:55,293 [pool-579-thread-1] INFO  server.RaftServerConfigKeys (ConfUtils.java:logGet(46)) - raft.server.retrycache.expirytime = 600000ms (custom)
2022-09-28 09:56:55,293 [pool-602-thread-1] INFO  server.RaftServerConfigKeys (ConfUtils.java:logGet(46)) - raft.server.retrycache.expirytime = 600000ms (custom)
2022-09-28 09:56:55,293 [pool-579-thread-1] INFO  server.RaftServerConfigKeys (ConfUtils.java:logGet(46)) - raft.server.retrycache.statistics.expirytime = 100μs (default)
2022-09-28 09:56:55,293 [pool-602-thread-1] INFO  server.RaftServerConfigKeys (ConfUtils.java:logGet(46)) - raft.server.retrycache.statistics.expirytime = 100μs (default)
2022-09-28 09:56:55,294 [pool-602-thread-1] INFO  server.RaftServerConfigKeys (ConfUtils.java:logGet(46)) - raft.server.log.appender.install.snapshot.enabled = false (custom)
2022-09-28 09:56:55,294 [pool-602-thread-1] INFO  server.RaftServerConfigKeys (ConfUtils.java:logGet(46)) - raft.server.threadpool.server.cached = true (default)
2022-09-28 09:56:55,294 [pool-602-thread-1] INFO  server.RaftServerConfigKeys (ConfUtils.java:logGet(46)) - raft.server.threadpool.server.size = 0 (default)
2022-09-28 09:56:55,294 [pool-602-thread-1] INFO  server.RaftServerConfigKeys (ConfUtils.java:logGet(46)) - raft.server.threadpool.client.cached = true (default)
2022-09-28 09:56:55,294 [pool-602-thread-1] INFO  server.RaftServerConfigKeys (ConfUtils.java:logGet(46)) - raft.server.threadpool.client.size = 0 (default)
2022-09-28 09:56:55,294 [pool-602-thread-1] INFO  server.RaftServer$Division (RaftServerImpl.java:start(310)) - 125338ac-43fd-4d6a-ab02-d24e123888c3@group-1C3D2B2BA225: start as a follower, conf=-1: [81dd36da-3863-49d7-8e4a-0ce023160f67|rpc:10.1.1.21:41931|dataStream:|priority:0, 9ea057a0-30fc-4465-ba53-d20d8addab64|rpc:10.1.1.21:34661|dataStream:|priority:1, 125338ac-43fd-4d6a-ab02-d24e123888c3|rpc:10.1.1.21:41005|dataStream:|priority:0], old=null
2022-09-28 09:56:55,294 [pool-602-thread-1] INFO  server.RaftServer$Division (RaftServerImpl.java:setRole(299)) - 125338ac-43fd-4d6a-ab02-d24e123888c3@group-1C3D2B2BA225: changes role from      null to FOLLOWER at term 0 for startAsFollower
2022-09-28 09:56:55,294 [pool-602-thread-1] INFO  impl.RoleInfo (RoleInfo.java:updateAndGet(139)) - 125338ac-43fd-4d6a-ab02-d24e123888c3: start 125338ac-43fd-4d6a-ab02-d24e123888c3@group-1C3D2B2BA225-FollowerState
2022-09-28 09:56:55,295 [pool-579-thread-1] INFO  server.RaftServerConfigKeys (ConfUtils.java:logGet(46)) - raft.server.log.appender.install.snapshot.enabled = false (custom)
2022-09-28 09:56:55,295 [pool-579-thread-1] INFO  server.RaftServerConfigKeys (ConfUtils.java:logGet(46)) - raft.server.threadpool.server.cached = true (default)
2022-09-28 09:56:55,295 [pool-579-thread-1] INFO  server.RaftServerConfigKeys (ConfUtils.java:logGet(46)) - raft.server.threadpool.server.size = 0 (default)
2022-09-28 09:56:55,295 [pool-579-thread-1] INFO  server.RaftServerConfigKeys (ConfUtils.java:logGet(46)) - raft.server.threadpool.client.cached = true (default)
2022-09-28 09:56:55,295 [pool-579-thread-1] INFO  server.RaftServerConfigKeys (ConfUtils.java:logGet(46)) - raft.server.threadpool.client.size = 0 (default)
2022-09-28 09:56:55,295 [pool-579-thread-1] INFO  server.RaftServer$Division (RaftServerImpl.java:start(310)) - 9ea057a0-30fc-4465-ba53-d20d8addab64@group-B6BE325B81D3: start as a follower, conf=-1: [9ea057a0-30fc-4465-ba53-d20d8addab64|rpc:10.1.1.21:34661|priority:1], old=null
2022-09-28 09:56:55,296 [pool-579-thread-1] INFO  server.RaftServer$Division (RaftServerImpl.java:setRole(299)) - 9ea057a0-30fc-4465-ba53-d20d8addab64@group-B6BE325B81D3: changes role from      null to FOLLOWER at term 0 for startAsFollower
2022-09-28 09:56:55,329 [pool-602-thread-1] INFO  util.JmxRegister (JmxRegister.java:tryRegister(44)) - Successfully registered JMX Bean with object name Ratis:service=RaftServer,group=group-1C3D2B2BA225,id=125338ac-43fd-4d6a-ab02-d24e123888c3
2022-09-28 09:56:55,360 [pool-579-thread-1] INFO  impl.RoleInfo (RoleInfo.java:updateAndGet(139)) - 9ea057a0-30fc-4465-ba53-d20d8addab64: start 9ea057a0-30fc-4465-ba53-d20d8addab64@group-B6BE325B81D3-FollowerState
2022-09-28 09:56:55,368 [pool-579-thread-1] INFO  util.JmxRegister (JmxRegister.java:tryRegister(44)) - Successfully registered JMX Bean with object name Ratis:service=RaftServer,group=group-B6BE325B81D3,id=9ea057a0-30fc-4465-ba53-d20d8addab64
2022-09-28 09:56:55,369 [Command processor thread] INFO  ratis.XceiverServerRatis (XceiverServerRatis.java:addGroup(765)) - Created group PipelineID=2c9ea259-a92d-487e-a420-b6be325b81d3
2022-09-28 09:56:55,369 [Command processor thread] INFO  commandhandler.CreatePipelineCommandHandler (CreatePipelineCommandHandler.java:handle(113)) - Created Pipeline RATIS ONE PipelineID=2c9ea259-a92d-487e-a420-b6be325b81d3.
2022-09-28 09:56:55,386 [Command processor thread] INFO  commandhandler.CreatePipelineCommandHandler (CreatePipelineCommandHandler.java:handle(113)) - Created Pipeline RATIS THREE PipelineID=01486891-e71e-4231-8392-1c3d2b2ba225.
2022-09-28 09:56:55,950 [Listener at 127.0.0.1/44537] INFO  ozone.MiniOzoneClusterImpl (MiniOzoneClusterImpl.java:lambda$waitForClusterToBeReady$0(216)) - Waiting for nodes to be ready. Got 4 of 5 DN Heartbeats.
2022-09-28 09:56:55,951 [Listener at 127.0.0.1/44537] INFO  ozone.MiniOzoneClusterImpl (MiniOzoneClusterImpl.java:lambda$waitForClusterToBeReady$0(219)) - Waiting for cluster to exit safe mode
2022-09-28 09:56:55,951 [Listener at 127.0.0.1/44537] INFO  ozone.MiniOzoneClusterImpl (MiniOzoneClusterImpl.java:lambda$waitForClusterToBeReady$0(221)) - SCM became leader
2022-09-28 09:56:56,123 [IPC Server handler 6 on default port 42955] INFO  net.NetworkTopologyImpl (NetworkTopologyImpl.java:add(112)) - Added a new node: /default-rack/acee90ba-6a36-4d19-a884-4d9c08123ee0
2022-09-28 09:56:56,123 [IPC Server handler 6 on default port 42955] INFO  node.SCMNodeManager (SCMNodeManager.java:register(397)) - Registered Data node : acee90ba-6a36-4d19-a884-4d9c08123ee0{ip: 10.1.1.21, host: fv-az204-790.d0ggoinxmwcejgojbuqly40l0e.cx.internal.cloudapp.net, ports: [REPLICATION=41927, RATIS=36911, RATIS_ADMIN=36911, RATIS_SERVER=36911, STANDALONE=35683], networkLocation: /default-rack, certSerialId: null, persistedOpState: null, persistedOpStateExpiryEpochSec: 0}
2022-09-28 09:56:56,124 [EventQueue-NewNodeForNewNodeHandler] INFO  pipeline.BackgroundPipelineCreator (BackgroundPipelineCreator.java:notifyEventTriggered(276)) - trigger a one-shot run on RatisPipelineUtilsThread.
2022-09-28 09:56:56,124 [RatisPipelineUtilsThread - 0] INFO  pipeline.RatisPipelineProvider (RatisPipelineProvider.java:lambda$create$0(195)) - Sending CreatePipelineCommand for pipeline:PipelineID=51d3e8c5-e575-4d39-98c8-2f4949483f4d to datanode:acee90ba-6a36-4d19-a884-4d9c08123ee0
2022-09-28 09:56:56,124 [RatisPipelineUtilsThread - 0] INFO  pipeline.PipelineStateManagerImpl (PipelineStateManagerImpl.java:addPipeline(103)) - Created pipeline Pipeline[ Id: 51d3e8c5-e575-4d39-98c8-2f4949483f4d, Nodes: acee90ba-6a36-4d19-a884-4d9c08123ee0{ip: 10.1.1.21, host: fv-az204-790.d0ggoinxmwcejgojbuqly40l0e.cx.internal.cloudapp.net, ports: [REPLICATION=41927, RATIS=36911, RATIS_ADMIN=36911, RATIS_SERVER=36911, STANDALONE=35683], networkLocation: /default-rack, certSerialId: null, persistedOpState: IN_SERVICE, persistedOpStateExpiryEpochSec: 0}, ReplicationConfig: RATIS/ONE, State:ALLOCATED, leaderId:, CreationTimestamp2022-09-28T09:56:56.124Z[Etc/UTC]].
2022-09-28 09:56:56,671 [Command processor thread] INFO  server.RaftServer (RaftServerProxy.java:addNew(96)) - 125338ac-43fd-4d6a-ab02-d24e123888c3: addNew group-3B466E333FBD:[125338ac-43fd-4d6a-ab02-d24e123888c3|rpc:10.1.1.21:41005|priority:1] returns group-3B466E333FBD:java.util.concurrent.CompletableFuture@6dad5284[Not completed]
2022-09-28 09:56:56,673 [pool-602-thread-1] INFO  server.RaftServer$Division (RaftServerImpl.java:<init>(190)) - 125338ac-43fd-4d6a-ab02-d24e123888c3: new RaftServerImpl for group-3B466E333FBD:[125338ac-43fd-4d6a-ab02-d24e123888c3|rpc:10.1.1.21:41005|priority:1] with ContainerStateMachine:uninitialized
2022-09-28 09:56:56,677 [pool-602-thread-1] INFO  server.RaftServerConfigKeys (ConfUtils.java:logGet(46)) - raft.server.rpc.timeout.min = 5s (custom)
2022-09-28 09:56:56,677 [pool-602-thread-1] INFO  server.RaftServerConfigKeys (ConfUtils.java:logGet(46)) - raft.server.rpc.timeout.max = 5200ms (custom)
2022-09-28 09:56:56,677 [pool-602-thread-1] INFO  server.RaftServerConfigKeys (ConfUtils.java:logGet(46)) - raft.server.rpc.sleep.time = 25ms (default)
2022-09-28 09:56:56,677 [pool-602-thread-1] INFO  server.RaftServerConfigKeys (ConfUtils.java:logGet(46)) - raft.server.rpc.slowness.timeout = 300s (custom)
2022-09-28 09:56:56,677 [pool-602-thread-1] INFO  server.RaftServerConfigKeys (ConfUtils.java:logGet(46)) - raft.server.leaderelection.leader.step-down.wait-time = 10s (default)
2022-09-28 09:56:56,677 [pool-602-thread-1] INFO  server.RaftServerConfigKeys (ConfUtils.java:logGet(46)) - raft.server.sleep.deviation.threshold = 300ms (default)
2022-09-28 09:56:56,677 [pool-602-thread-1] INFO  server.RaftServer$Division (ServerState.java:<init>(107)) - 125338ac-43fd-4d6a-ab02-d24e123888c3@group-3B466E333FBD: ConfigurationManager, init=-1: [125338ac-43fd-4d6a-ab02-d24e123888c3|rpc:10.1.1.21:41005|priority:1], old=null, confs=<EMPTY_MAP>
2022-09-28 09:56:56,677 [pool-602-thread-1] INFO  server.RaftServerConfigKeys (ConfUtils.java:logGet(46)) - raft.server.storage.dir = [/home/runner/work/ozone/ozone/hadoop-ozone/integration-test/target/test-dir/MiniOzoneClusterImpl-d01a16d6-de90-4827-8502-1257907892ea/datanode-2/data/ratis] (custom)
2022-09-28 09:56:56,677 [pool-602-thread-1] INFO  server.RaftServerConfigKeys (ConfUtils.java:logGet(46)) - raft.server.log.corruption.policy = EXCEPTION (default)
2022-09-28 09:56:56,677 [pool-602-thread-1] INFO  server.RaftServerConfigKeys (ConfUtils.java:logGet(46)) - raft.server.storage.free-space.min = 0MB (=0) (default)
2022-09-28 09:56:56,677 [pool-602-thread-1] INFO  storage.RaftStorageDirectory (RaftStorageDirectoryImpl.java:analyzeStorage(135)) - The storage directory /home/runner/work/ozone/ozone/hadoop-ozone/integration-test/target/test-dir/MiniOzoneClusterImpl-d01a16d6-de90-4827-8502-1257907892ea/datanode-2/data/ratis/e37f2bb2-f2bd-4a14-97db-3b466e333fbd does not exist. Creating ...
2022-09-28 09:56:56,679 [pool-602-thread-1] INFO  storage.RaftStorageDirectory (RaftStorageDirectoryImpl.java:tryLock(230)) - Lock on /home/runner/work/ozone/ozone/hadoop-ozone/integration-test/target/test-dir/MiniOzoneClusterImpl-d01a16d6-de90-4827-8502-1257907892ea/datanode-2/data/ratis/e37f2bb2-f2bd-4a14-97db-3b466e333fbd/in_use.lock acquired by nodename 12863@fv-az204-790
2022-09-28 09:56:56,680 [pool-602-thread-1] INFO  storage.RaftStorage (RaftStorageImpl.java:format(89)) - Storage directory /home/runner/work/ozone/ozone/hadoop-ozone/integration-test/target/test-dir/MiniOzoneClusterImpl-d01a16d6-de90-4827-8502-1257907892ea/datanode-2/data/ratis/e37f2bb2-f2bd-4a14-97db-3b466e333fbd has been successfully formatted.
2022-09-28 09:56:56,681 [pool-602-thread-1] INFO  ratis.ContainerStateMachine (ContainerStateMachine.java:loadSnapshot(236)) - group-3B466E333FBD: The snapshot info is null. Setting the last applied indexto:(t:0, i:~)
2022-09-28 09:56:56,681 [pool-602-thread-1] INFO  server.RaftServerConfigKeys (ConfUtils.java:logGet(46)) - raft.server.notification.no-leader.timeout = 300s (custom)
2022-09-28 09:56:56,681 [pool-602-thread-1] INFO  server.RaftServerConfigKeys (ConfUtils.java:logGet(46)) - raft.server.log.use.memory = false (default)
2022-09-28 09:56:56,681 [pool-602-thread-1] INFO  server.RaftServerConfigKeys (ConfUtils.java:logGet(46)) - raft.server.log.purge.gap = 1000000 (custom)
2022-09-28 09:56:56,681 [pool-602-thread-1] INFO  server.RaftServerConfigKeys (ConfUtils.java:logGet(46)) - raft.server.log.appender.buffer.byte-limit = 33554432 (custom)
2022-09-28 09:56:56,681 [pool-602-thread-1] INFO  server.RaftServerConfigKeys (ConfUtils.java:logGet(46)) - raft.server.log.statemachine.data.read.timeout = 1000ms (default)
2022-09-28 09:56:56,681 [pool-602-thread-1] INFO  server.RaftServerConfigKeys (ConfUtils.java:logGet(46)) - raft.server.log.segment.size.max = 1048576 (custom)
2022-09-28 09:56:56,681 [pool-602-thread-1] INFO  server.RaftServerConfigKeys (ConfUtils.java:logGet(46)) - raft.server.log.segment.cache.num.max = 2 (custom)
2022-09-28 09:56:56,681 [pool-602-thread-1] INFO  server.RaftServerConfigKeys (ConfUtils.java:logGet(46)) - raft.server.log.segment.cache.size.max = 200MB (=209715200) (default)
2022-09-28 09:56:56,681 [pool-602-thread-1] INFO  segmented.SegmentedRaftLogWorker (SegmentedRaftLogWorker.java:<init>(187)) - new 125338ac-43fd-4d6a-ab02-d24e123888c3@group-3B466E333FBD-SegmentedRaftLogWorker for RaftStorageImpl:Storage Directory /home/runner/work/ozone/ozone/hadoop-ozone/integration-test/target/test-dir/MiniOzoneClusterImpl-d01a16d6-de90-4827-8502-1257907892ea/datanode-2/data/ratis/e37f2bb2-f2bd-4a14-97db-3b466e333fbd
2022-09-28 09:56:56,682 [pool-602-thread-1] INFO  server.RaftServerConfigKeys (ConfUtils.java:logGet(46)) - raft.server.log.queue.byte-limit = 4294967296 (custom)
2022-09-28 09:56:56,682 [pool-602-thread-1] INFO  server.RaftServerConfigKeys (ConfUtils.java:logGet(46)) - raft.server.log.queue.element-limit = 1024 (custom)
2022-09-28 09:56:56,682 [pool-602-thread-1] INFO  server.RaftServerConfigKeys (ConfUtils.java:logGet(46)) - raft.server.log.segment.size.max = 1048576 (custom)
2022-09-28 09:56:56,682 [pool-602-thread-1] INFO  server.RaftServerConfigKeys (ConfUtils.java:logGet(46)) - raft.server.log.preallocated.size = 16384 (custom)
2022-09-28 09:56:56,682 [pool-602-thread-1] INFO  server.RaftServerConfigKeys (ConfUtils.java:logGet(46)) - raft.server.log.force.sync.num = 128 (default)
2022-09-28 09:56:56,682 [pool-602-thread-1] INFO  server.RaftServerConfigKeys (ConfUtils.java:logGet(46)) - raft.server.log.statemachine.data.sync = true (default)
2022-09-28 09:56:56,682 [pool-602-thread-1] INFO  server.RaftServerConfigKeys (ConfUtils.java:logGet(46)) - raft.server.log.statemachine.data.sync.timeout = 10s (default)
2022-09-28 09:56:56,682 [pool-602-thread-1] INFO  server.RaftServerConfigKeys (ConfUtils.java:logGet(46)) - raft.server.log.statemachine.data.sync.timeout.retry = -1 (default)
2022-09-28 09:56:56,683 [EventQueue-PipelineReportForPipelineReportHandler] INFO  pipeline.PipelineManagerImpl (PipelineManagerImpl.java:openPipeline(367)) - Pipeline Pipeline[ Id: e37f2bb2-f2bd-4a14-97db-3b466e333fbd, Nodes: 125338ac-43fd-4d6a-ab02-d24e123888c3{ip: 10.1.1.21, host: fv-az204-790.d0ggoinxmwcejgojbuqly40l0e.cx.internal.cloudapp.net, ports: [REPLICATION=41233, RATIS=41005, RATIS_ADMIN=41005, RATIS_SERVER=41005, STANDALONE=38003], networkLocation: /default-rack, certSerialId: null, persistedOpState: IN_SERVICE, persistedOpStateExpiryEpochSec: 0}, ReplicationConfig: RATIS/ONE, State:ALLOCATED, leaderId:125338ac-43fd-4d6a-ab02-d24e123888c3, CreationTimestamp2022-09-28T09:56:53.676Z[Etc/UTC]] moved to OPEN state
2022-09-28 09:56:56,683 [EventQueue-OpenPipelineForHealthyPipelineSafeModeRule] INFO  safemode.SCMSafeModeManager (HealthyPipelineSafeModeRule.java:process(137)) - SCM in safe mode. Healthy pipelines reported count is 0, required healthy pipeline reported count is 1
2022-09-28 09:56:56,689 [pool-602-thread-1] INFO  server.RaftServerConfigKeys (ConfUtils.java:logGet(46)) - raft.server.log.write.buffer.size = 1048576 (custom)
2022-09-28 09:56:56,692 [pool-602-thread-1] INFO  server.RaftServerConfigKeys (ConfUtils.java:logGet(46)) - raft.server.log.unsafe-flush.enabled = false (default)
2022-09-28 09:56:56,692 [pool-602-thread-1] INFO  server.RaftServerConfigKeys (ConfUtils.java:logGet(46)) - raft.server.log.statemachine.data.caching.enabled = true (custom)
2022-09-28 09:56:56,693 [pool-602-thread-1] INFO  segmented.SegmentedRaftLogWorker (SegmentedRaftLogWorker.java:lambda$new$0(135)) - 125338ac-43fd-4d6a-ab02-d24e123888c3@group-3B466E333FBD-SegmentedRaftLogWorker: flushIndex: setUnconditionally 0 -> -1
2022-09-28 09:56:56,693 [pool-602-thread-1] INFO  segmented.SegmentedRaftLogWorker (SegmentedRaftLogWorker.java:lambda$new$0(135)) - 125338ac-43fd-4d6a-ab02-d24e123888c3@group-3B466E333FBD-SegmentedRaftLogWorker: safeCacheEvictIndex: setUnconditionally 0 -> -1
2022-09-28 09:56:56,693 [pool-602-thread-1] INFO  server.RaftServerConfigKeys (ConfUtils.java:logGet(46)) - raft.server.snapshot.auto.trigger.enabled = true (custom)
2022-09-28 09:56:56,693 [pool-602-thread-1] INFO  server.RaftServerConfigKeys (ConfUtils.java:logGet(46)) - raft.server.snapshot.auto.trigger.threshold = 10000 (custom)
2022-09-28 09:56:56,693 [pool-602-thread-1] INFO  server.RaftServerConfigKeys (ConfUtils.java:logGet(46)) - raft.server.snapshot.retention.file.num = 5 (custom)
2022-09-28 09:56:56,693 [pool-602-thread-1] INFO  server.RaftServerConfigKeys (ConfUtils.java:logGet(46)) - raft.server.log.purge.upto.snapshot.index = false (default)
2022-09-28 09:56:56,693 [pool-602-thread-1] INFO  server.RaftServerConfigKeys (ConfUtils.java:logGet(46)) - raft.server.retrycache.expirytime = 600000ms (custom)
2022-09-28 09:56:56,693 [pool-602-thread-1] INFO  server.RaftServerConfigKeys (ConfUtils.java:logGet(46)) - raft.server.retrycache.statistics.expirytime = 100μs (default)
2022-09-28 09:56:56,694 [pool-602-thread-1] INFO  server.RaftServerConfigKeys (ConfUtils.java:logGet(46)) - raft.server.log.appender.install.snapshot.enabled = false (custom)
2022-09-28 09:56:56,694 [pool-602-thread-1] INFO  server.RaftServerConfigKeys (ConfUtils.java:logGet(46)) - raft.server.threadpool.server.cached = true (default)
2022-09-28 09:56:56,694 [pool-602-thread-1] INFO  server.RaftServerConfigKeys (ConfUtils.java:logGet(46)) - raft.server.threadpool.server.size = 0 (default)
2022-09-28 09:56:56,694 [pool-602-thread-1] INFO  server.RaftServerConfigKeys (ConfUtils.java:logGet(46)) - raft.server.threadpool.client.cached = true (default)
2022-09-28 09:56:56,694 [pool-602-thread-1] INFO  server.RaftServerConfigKeys (ConfUtils.java:logGet(46)) - raft.server.threadpool.client.size = 0 (default)
2022-09-28 09:56:56,694 [pool-602-thread-1] INFO  server.RaftServer$Division (RaftServerImpl.java:start(310)) - 125338ac-43fd-4d6a-ab02-d24e123888c3@group-3B466E333FBD: start as a follower, conf=-1: [125338ac-43fd-4d6a-ab02-d24e123888c3|rpc:10.1.1.21:41005|priority:1], old=null
2022-09-28 09:56:56,694 [pool-602-thread-1] INFO  server.RaftServer$Division (RaftServerImpl.java:setRole(299)) - 125338ac-43fd-4d6a-ab02-d24e123888c3@group-3B466E333FBD: changes role from      null to FOLLOWER at term 0 for startAsFollower
2022-09-28 09:56:56,694 [pool-602-thread-1] INFO  impl.RoleInfo (RoleInfo.java:updateAndGet(139)) - 125338ac-43fd-4d6a-ab02-d24e123888c3: start 125338ac-43fd-4d6a-ab02-d24e123888c3@group-3B466E333FBD-FollowerState
2022-09-28 09:56:56,694 [pool-602-thread-1] INFO  util.JmxRegister (JmxRegister.java:tryRegister(44)) - Successfully registered JMX Bean with object name Ratis:service=RaftServer,group=group-3B466E333FBD,id=125338ac-43fd-4d6a-ab02-d24e123888c3
2022-09-28 09:56:56,700 [Command processor thread] INFO  ratis.XceiverServerRatis (XceiverServerRatis.java:addGroup(765)) - Created group PipelineID=e37f2bb2-f2bd-4a14-97db-3b466e333fbd
2022-09-28 09:56:56,700 [Command processor thread] INFO  commandhandler.CreatePipelineCommandHandler (CreatePipelineCommandHandler.java:handle(113)) - Created Pipeline RATIS ONE PipelineID=e37f2bb2-f2bd-4a14-97db-3b466e333fbd.
2022-09-28 09:56:56,951 [Listener at 127.0.0.1/44537] INFO  ozone.MiniOzoneClusterImpl (MiniOzoneClusterImpl.java:lambda$waitForClusterToBeReady$0(216)) - Nodes are ready. Got 5 of 5 DN Heartbeats.
2022-09-28 09:56:56,951 [Listener at 127.0.0.1/44537] INFO  ozone.MiniOzoneClusterImpl (MiniOzoneClusterImpl.java:lambda$waitForClusterToBeReady$0(219)) - Waiting for cluster to exit safe mode
2022-09-28 09:56:56,951 [Listener at 127.0.0.1/44537] INFO  ozone.MiniOzoneClusterImpl (MiniOzoneClusterImpl.java:lambda$waitForClusterToBeReady$0(221)) - SCM became leader
2022-09-28 09:56:57,951 [Listener at 127.0.0.1/44537] INFO  ozone.MiniOzoneClusterImpl (MiniOzoneClusterImpl.java:lambda$waitForClusterToBeReady$0(216)) - Nodes are ready. Got 5 of 5 DN Heartbeats.
2022-09-28 09:56:57,952 [Listener at 127.0.0.1/44537] INFO  ozone.MiniOzoneClusterImpl (MiniOzoneClusterImpl.java:lambda$waitForClusterToBeReady$0(219)) - Waiting for cluster to exit safe mode
2022-09-28 09:56:57,952 [Listener at 127.0.0.1/44537] INFO  ozone.MiniOzoneClusterImpl (MiniOzoneClusterImpl.java:lambda$waitForClusterToBeReady$0(221)) - SCM became leader
2022-09-28 09:56:57,988 [Command processor thread] INFO  server.RaftServer (RaftServerProxy.java:addNew(96)) - 3b57bdd7-9f20-481e-9079-9bba3cbb79ed: addNew group-83236433C98A:[3b57bdd7-9f20-481e-9079-9bba3cbb79ed|rpc:10.1.1.21:44439|priority:1] returns group-83236433C98A:java.util.concurrent.CompletableFuture@2e274ff7[Not completed]
2022-09-28 09:56:58,033 [pool-629-thread-1] INFO  server.RaftServer$Division (RaftServerImpl.java:<init>(190)) - 3b57bdd7-9f20-481e-9079-9bba3cbb79ed: new RaftServerImpl for group-83236433C98A:[3b57bdd7-9f20-481e-9079-9bba3cbb79ed|rpc:10.1.1.21:44439|priority:1] with ContainerStateMachine:uninitialized
2022-09-28 09:56:58,033 [pool-629-thread-1] INFO  server.RaftServerConfigKeys (ConfUtils.java:logGet(46)) - raft.server.rpc.timeout.min = 5s (custom)
2022-09-28 09:56:58,033 [pool-629-thread-1] INFO  server.RaftServerConfigKeys (ConfUtils.java:logGet(46)) - raft.server.rpc.timeout.max = 5200ms (custom)
2022-09-28 09:56:58,033 [pool-629-thread-1] INFO  server.RaftServerConfigKeys (ConfUtils.java:logGet(46)) - raft.server.rpc.sleep.time = 25ms (default)
2022-09-28 09:56:58,033 [pool-629-thread-1] INFO  server.RaftServerConfigKeys (ConfUtils.java:logGet(46)) - raft.server.rpc.slowness.timeout = 300s (custom)
2022-09-28 09:56:58,033 [pool-629-thread-1] INFO  server.RaftServerConfigKeys (ConfUtils.java:logGet(46)) - raft.server.leaderelection.leader.step-down.wait-time = 10s (default)
2022-09-28 09:56:58,033 [pool-629-thread-1] INFO  server.RaftServerConfigKeys (ConfUtils.java:logGet(46)) - raft.server.sleep.deviation.threshold = 300ms (default)
2022-09-28 09:56:58,033 [pool-629-thread-1] INFO  server.RaftServer$Division (ServerState.java:<init>(107)) - 3b57bdd7-9f20-481e-9079-9bba3cbb79ed@group-83236433C98A: ConfigurationManager, init=-1: [3b57bdd7-9f20-481e-9079-9bba3cbb79ed|rpc:10.1.1.21:44439|priority:1], old=null, confs=<EMPTY_MAP>
2022-09-28 09:56:58,033 [pool-629-thread-1] INFO  server.RaftServerConfigKeys (ConfUtils.java:logGet(46)) - raft.server.storage.dir = [/home/runner/work/ozone/ozone/hadoop-ozone/integration-test/target/test-dir/MiniOzoneClusterImpl-d01a16d6-de90-4827-8502-1257907892ea/datanode-3/data/ratis] (custom)
2022-09-28 09:56:58,033 [pool-629-thread-1] INFO  server.RaftServerConfigKeys (ConfUtils.java:logGet(46)) - raft.server.log.corruption.policy = EXCEPTION (default)
2022-09-28 09:56:58,033 [pool-629-thread-1] INFO  server.RaftServerConfigKeys (ConfUtils.java:logGet(46)) - raft.server.storage.free-space.min = 0MB (=0) (default)
2022-09-28 09:56:58,033 [pool-629-thread-1] INFO  storage.RaftStorageDirectory (RaftStorageDirectoryImpl.java:analyzeStorage(135)) - The storage directory /home/runner/work/ozone/ozone/hadoop-ozone/integration-test/target/test-dir/MiniOzoneClusterImpl-d01a16d6-de90-4827-8502-1257907892ea/datanode-3/data/ratis/4fd6d7c7-eba7-4f46-afda-83236433c98a does not exist. Creating ...
2022-09-28 09:56:58,041 [pool-629-thread-1] INFO  storage.RaftStorageDirectory (RaftStorageDirectoryImpl.java:tryLock(230)) - Lock on /home/runner/work/ozone/ozone/hadoop-ozone/integration-test/target/test-dir/MiniOzoneClusterImpl-d01a16d6-de90-4827-8502-1257907892ea/datanode-3/data/ratis/4fd6d7c7-eba7-4f46-afda-83236433c98a/in_use.lock acquired by nodename 12863@fv-az204-790
2022-09-28 09:56:58,061 [pool-629-thread-1] INFO  storage.RaftStorage (RaftStorageImpl.java:format(89)) - Storage directory /home/runner/work/ozone/ozone/hadoop-ozone/integration-test/target/test-dir/MiniOzoneClusterImpl-d01a16d6-de90-4827-8502-1257907892ea/datanode-3/data/ratis/4fd6d7c7-eba7-4f46-afda-83236433c98a has been successfully formatted.
2022-09-28 09:56:58,093 [pool-629-thread-1] INFO  ratis.ContainerStateMachine (ContainerStateMachine.java:loadSnapshot(236)) - group-83236433C98A: The snapshot info is null. Setting the last applied indexto:(t:0, i:~)
2022-09-28 09:56:58,093 [pool-629-thread-1] INFO  server.RaftServerConfigKeys (ConfUtils.java:logGet(46)) - raft.server.notification.no-leader.timeout = 300s (custom)
2022-09-28 09:56:58,093 [EventQueue-PipelineReportForPipelineReportHandler] INFO  pipeline.PipelineManagerImpl (PipelineManagerImpl.java:openPipeline(367)) - Pipeline Pipeline[ Id: 4fd6d7c7-eba7-4f46-afda-83236433c98a, Nodes: 3b57bdd7-9f20-481e-9079-9bba3cbb79ed{ip: 10.1.1.21, host: fv-az204-790.d0ggoinxmwcejgojbuqly40l0e.cx.internal.cloudapp.net, ports: [REPLICATION=32857, RATIS=44439, RATIS_ADMIN=44439, RATIS_SERVER=44439, STANDALONE=46693], networkLocation: /default-rack, certSerialId: null, persistedOpState: IN_SERVICE, persistedOpStateExpiryEpochSec: 0}, ReplicationConfig: RATIS/ONE, State:ALLOCATED, leaderId:3b57bdd7-9f20-481e-9079-9bba3cbb79ed, CreationTimestamp2022-09-28T09:56:55.017Z[Etc/UTC]] moved to OPEN state
2022-09-28 09:56:58,094 [pool-629-thread-1] INFO  server.RaftServerConfigKeys (ConfUtils.java:logGet(46)) - raft.server.log.use.memory = false (default)
2022-09-28 09:56:58,094 [pool-629-thread-1] INFO  server.RaftServerConfigKeys (ConfUtils.java:logGet(46)) - raft.server.log.purge.gap = 1000000 (custom)
2022-09-28 09:56:58,094 [pool-629-thread-1] INFO  server.RaftServerConfigKeys (ConfUtils.java:logGet(46)) - raft.server.log.appender.buffer.byte-limit = 33554432 (custom)
2022-09-28 09:56:58,094 [pool-629-thread-1] INFO  server.RaftServerConfigKeys (ConfUtils.java:logGet(46)) - raft.server.log.statemachine.data.read.timeout = 1000ms (default)
2022-09-28 09:56:58,094 [pool-629-thread-1] INFO  server.RaftServerConfigKeys (ConfUtils.java:logGet(46)) - raft.server.log.segment.size.max = 1048576 (custom)
2022-09-28 09:56:58,095 [pool-629-thread-1] INFO  server.RaftServerConfigKeys (ConfUtils.java:logGet(46)) - raft.server.log.segment.cache.num.max = 2 (custom)
2022-09-28 09:56:58,095 [pool-629-thread-1] INFO  server.RaftServerConfigKeys (ConfUtils.java:logGet(46)) - raft.server.log.segment.cache.size.max = 200MB (=209715200) (default)
2022-09-28 09:56:58,095 [pool-629-thread-1] INFO  segmented.SegmentedRaftLogWorker (SegmentedRaftLogWorker.java:<init>(187)) - new 3b57bdd7-9f20-481e-9079-9bba3cbb79ed@group-83236433C98A-SegmentedRaftLogWorker for RaftStorageImpl:Storage Directory /home/runner/work/ozone/ozone/hadoop-ozone/integration-test/target/test-dir/MiniOzoneClusterImpl-d01a16d6-de90-4827-8502-1257907892ea/datanode-3/data/ratis/4fd6d7c7-eba7-4f46-afda-83236433c98a
2022-09-28 09:56:58,095 [pool-629-thread-1] INFO  server.RaftServerConfigKeys (ConfUtils.java:logGet(46)) - raft.server.log.queue.byte-limit = 4294967296 (custom)
2022-09-28 09:56:58,095 [EventQueue-OpenPipelineForHealthyPipelineSafeModeRule] INFO  safemode.SCMSafeModeManager (HealthyPipelineSafeModeRule.java:process(137)) - SCM in safe mode. Healthy pipelines reported count is 0, required healthy pipeline reported count is 1
2022-09-28 09:56:58,095 [pool-629-thread-1] INFO  server.RaftServerConfigKeys (ConfUtils.java:logGet(46)) - raft.server.log.queue.element-limit = 1024 (custom)
2022-09-28 09:56:58,097 [pool-629-thread-1] INFO  server.RaftServerConfigKeys (ConfUtils.java:logGet(46)) - raft.server.log.segment.size.max = 1048576 (custom)
2022-09-28 09:56:58,097 [pool-629-thread-1] INFO  server.RaftServerConfigKeys (ConfUtils.java:logGet(46)) - raft.server.log.preallocated.size = 16384 (custom)
2022-09-28 09:56:58,097 [pool-629-thread-1] INFO  server.RaftServerConfigKeys (ConfUtils.java:logGet(46)) - raft.server.log.force.sync.num = 128 (default)
2022-09-28 09:56:58,097 [pool-629-thread-1] INFO  server.RaftServerConfigKeys (ConfUtils.java:logGet(46)) - raft.server.log.statemachine.data.sync = true (default)
2022-09-28 09:56:58,097 [pool-629-thread-1] INFO  server.RaftServerConfigKeys (ConfUtils.java:logGet(46)) - raft.server.log.statemachine.data.sync.timeout = 10s (default)
2022-09-28 09:56:58,097 [pool-629-thread-1] INFO  server.RaftServerConfigKeys (ConfUtils.java:logGet(46)) - raft.server.log.statemachine.data.sync.timeout.retry = -1 (default)
2022-09-28 09:56:58,117 [pool-629-thread-1] INFO  server.RaftServerConfigKeys (ConfUtils.java:logGet(46)) - raft.server.log.write.buffer.size = 1048576 (custom)
2022-09-28 09:56:58,118 [pool-629-thread-1] INFO  server.RaftServerConfigKeys (ConfUtils.java:logGet(46)) - raft.server.log.unsafe-flush.enabled = false (default)
2022-09-28 09:56:58,118 [pool-629-thread-1] INFO  server.RaftServerConfigKeys (ConfUtils.java:logGet(46)) - raft.server.log.statemachine.data.caching.enabled = true (custom)
2022-09-28 09:56:58,118 [pool-629-thread-1] INFO  segmented.SegmentedRaftLogWorker (SegmentedRaftLogWorker.java:lambda$new$0(135)) - 3b57bdd7-9f20-481e-9079-9bba3cbb79ed@group-83236433C98A-SegmentedRaftLogWorker: flushIndex: setUnconditionally 0 -> -1
2022-09-28 09:56:58,118 [pool-629-thread-1] INFO  segmented.SegmentedRaftLogWorker (SegmentedRaftLogWorker.java:lambda$new$0(135)) - 3b57bdd7-9f20-481e-9079-9bba3cbb79ed@group-83236433C98A-SegmentedRaftLogWorker: safeCacheEvictIndex: setUnconditionally 0 -> -1
2022-09-28 09:56:58,118 [pool-629-thread-1] INFO  server.RaftServerConfigKeys (ConfUtils.java:logGet(46)) - raft.server.snapshot.auto.trigger.enabled = true (custom)
2022-09-28 09:56:58,118 [pool-629-thread-1] INFO  server.RaftServerConfigKeys (ConfUtils.java:logGet(46)) - raft.server.snapshot.auto.trigger.threshold = 10000 (custom)
2022-09-28 09:56:58,118 [pool-629-thread-1] INFO  server.RaftServerConfigKeys (ConfUtils.java:logGet(46)) - raft.server.snapshot.retention.file.num = 5 (custom)
2022-09-28 09:56:58,118 [pool-629-thread-1] INFO  server.RaftServerConfigKeys (ConfUtils.java:logGet(46)) - raft.server.log.purge.upto.snapshot.index = false (default)
2022-09-28 09:56:58,118 [pool-629-thread-1] INFO  server.RaftServerConfigKeys (ConfUtils.java:logGet(46)) - raft.server.retrycache.expirytime = 600000ms (custom)
2022-09-28 09:56:58,118 [pool-629-thread-1] INFO  server.RaftServerConfigKeys (ConfUtils.java:logGet(46)) - raft.server.retrycache.statistics.expirytime = 100μs (default)
2022-09-28 09:56:58,119 [pool-629-thread-1] INFO  server.RaftServerConfigKeys (ConfUtils.java:logGet(46)) - raft.server.log.appender.install.snapshot.enabled = false (custom)
2022-09-28 09:56:58,119 [pool-629-thread-1] INFO  server.RaftServerConfigKeys (ConfUtils.java:logGet(46)) - raft.server.threadpool.server.cached = true (default)
2022-09-28 09:56:58,119 [pool-629-thread-1] INFO  server.RaftServerConfigKeys (ConfUtils.java:logGet(46)) - raft.server.threadpool.server.size = 0 (default)
2022-09-28 09:56:58,119 [pool-629-thread-1] INFO  server.RaftServerConfigKeys (ConfUtils.java:logGet(46)) - raft.server.threadpool.client.cached = true (default)
2022-09-28 09:56:58,119 [pool-629-thread-1] INFO  server.RaftServerConfigKeys (ConfUtils.java:logGet(46)) - raft.server.threadpool.client.size = 0 (default)
2022-09-28 09:56:58,119 [pool-629-thread-1] INFO  server.RaftServer$Division (RaftServerImpl.java:start(310)) - 3b57bdd7-9f20-481e-9079-9bba3cbb79ed@group-83236433C98A: start as a follower, conf=-1: [3b57bdd7-9f20-481e-9079-9bba3cbb79ed|rpc:10.1.1.21:44439|priority:1], old=null
2022-09-28 09:56:58,119 [pool-629-thread-1] INFO  server.RaftServer$Division (RaftServerImpl.java:setRole(299)) - 3b57bdd7-9f20-481e-9079-9bba3cbb79ed@group-83236433C98A: changes role from      null to FOLLOWER at term 0 for startAsFollower
2022-09-28 09:56:58,119 [pool-629-thread-1] INFO  impl.RoleInfo (RoleInfo.java:updateAndGet(139)) - 3b57bdd7-9f20-481e-9079-9bba3cbb79ed: start 3b57bdd7-9f20-481e-9079-9bba3cbb79ed@group-83236433C98A-FollowerState
2022-09-28 09:56:58,120 [pool-629-thread-1] INFO  util.JmxRegister (JmxRegister.java:tryRegister(44)) - Successfully registered JMX Bean with object name Ratis:service=RaftServer,group=group-83236433C98A,id=3b57bdd7-9f20-481e-9079-9bba3cbb79ed
2022-09-28 09:56:58,120 [Command processor thread] INFO  ratis.XceiverServerRatis (XceiverServerRatis.java:addGroup(765)) - Created group PipelineID=4fd6d7c7-eba7-4f46-afda-83236433c98a
2022-09-28 09:56:58,120 [Command processor thread] INFO  commandhandler.CreatePipelineCommandHandler (CreatePipelineCommandHandler.java:handle(113)) - Created Pipeline RATIS ONE PipelineID=4fd6d7c7-eba7-4f46-afda-83236433c98a.
2022-09-28 09:56:58,952 [Listener at 127.0.0.1/44537] INFO  ozone.MiniOzoneClusterImpl (MiniOzoneClusterImpl.java:lambda$waitForClusterToBeReady$0(216)) - Nodes are ready. Got 5 of 5 DN Heartbeats.
2022-09-28 09:56:58,952 [Listener at 127.0.0.1/44537] INFO  ozone.MiniOzoneClusterImpl (MiniOzoneClusterImpl.java:lambda$waitForClusterToBeReady$0(219)) - Waiting for cluster to exit safe mode
2022-09-28 09:56:58,952 [Listener at 127.0.0.1/44537] INFO  ozone.MiniOzoneClusterImpl (MiniOzoneClusterImpl.java:lambda$waitForClusterToBeReady$0(221)) - SCM became leader
2022-09-28 09:56:59,125 [Command processor thread] INFO  server.RaftServer (RaftServerProxy.java:addNew(96)) - acee90ba-6a36-4d19-a884-4d9c08123ee0: addNew group-2F4949483F4D:[acee90ba-6a36-4d19-a884-4d9c08123ee0|rpc:10.1.1.21:36911|priority:1] returns group-2F4949483F4D:java.util.concurrent.CompletableFuture@51e198d0[Not completed]
2022-09-28 09:56:59,126 [pool-656-thread-1] INFO  server.RaftServer$Division (RaftServerImpl.java:<init>(190)) - acee90ba-6a36-4d19-a884-4d9c08123ee0: new RaftServerImpl for group-2F4949483F4D:[acee90ba-6a36-4d19-a884-4d9c08123ee0|rpc:10.1.1.21:36911|priority:1] with ContainerStateMachine:uninitialized
2022-09-28 09:56:59,126 [pool-656-thread-1] INFO  server.RaftServerConfigKeys (ConfUtils.java:logGet(46)) - raft.server.rpc.timeout.min = 5s (custom)
2022-09-28 09:56:59,126 [pool-656-thread-1] INFO  server.RaftServerConfigKeys (ConfUtils.java:logGet(46)) - raft.server.rpc.timeout.max = 5200ms (custom)
2022-09-28 09:56:59,126 [pool-656-thread-1] INFO  server.RaftServerConfigKeys (ConfUtils.java:logGet(46)) - raft.server.rpc.sleep.time = 25ms (default)
2022-09-28 09:56:59,126 [pool-656-thread-1] INFO  server.RaftServerConfigKeys (ConfUtils.java:logGet(46)) - raft.server.rpc.slowness.timeout = 300s (custom)
2022-09-28 09:56:59,126 [pool-656-thread-1] INFO  server.RaftServerConfigKeys (ConfUtils.java:logGet(46)) - raft.server.leaderelection.leader.step-down.wait-time = 10s (default)
2022-09-28 09:56:59,126 [pool-656-thread-1] INFO  server.RaftServerConfigKeys (ConfUtils.java:logGet(46)) - raft.server.sleep.deviation.threshold = 300ms (default)
2022-09-28 09:56:59,126 [pool-656-thread-1] INFO  server.RaftServer$Division (ServerState.java:<init>(107)) - acee90ba-6a36-4d19-a884-4d9c08123ee0@group-2F4949483F4D: ConfigurationManager, init=-1: [acee90ba-6a36-4d19-a884-4d9c08123ee0|rpc:10.1.1.21:36911|priority:1], old=null, confs=<EMPTY_MAP>
2022-09-28 09:56:59,126 [pool-656-thread-1] INFO  server.RaftServerConfigKeys (ConfUtils.java:logGet(46)) - raft.server.storage.dir = [/home/runner/work/ozone/ozone/hadoop-ozone/integration-test/target/test-dir/MiniOzoneClusterImpl-d01a16d6-de90-4827-8502-1257907892ea/datanode-4/data/ratis] (custom)
2022-09-28 09:56:59,126 [pool-656-thread-1] INFO  server.RaftServerConfigKeys (ConfUtils.java:logGet(46)) - raft.server.log.corruption.policy = EXCEPTION (default)
2022-09-28 09:56:59,126 [pool-656-thread-1] INFO  server.RaftServerConfigKeys (ConfUtils.java:logGet(46)) - raft.server.storage.free-space.min = 0MB (=0) (default)
2022-09-28 09:56:59,126 [pool-656-thread-1] INFO  storage.RaftStorageDirectory (RaftStorageDirectoryImpl.java:analyzeStorage(135)) - The storage directory /home/runner/work/ozone/ozone/hadoop-ozone/integration-test/target/test-dir/MiniOzoneClusterImpl-d01a16d6-de90-4827-8502-1257907892ea/datanode-4/data/ratis/51d3e8c5-e575-4d39-98c8-2f4949483f4d does not exist. Creating ...
2022-09-28 09:56:59,144 [pool-656-thread-1] INFO  storage.RaftStorageDirectory (RaftStorageDirectoryImpl.java:tryLock(230)) - Lock on /home/runner/work/ozone/ozone/hadoop-ozone/integration-test/target/test-dir/MiniOzoneClusterImpl-d01a16d6-de90-4827-8502-1257907892ea/datanode-4/data/ratis/51d3e8c5-e575-4d39-98c8-2f4949483f4d/in_use.lock acquired by nodename 12863@fv-az204-790
2022-09-28 09:56:59,145 [pool-656-thread-1] INFO  storage.RaftStorage (RaftStorageImpl.java:format(89)) - Storage directory /home/runner/work/ozone/ozone/hadoop-ozone/integration-test/target/test-dir/MiniOzoneClusterImpl-d01a16d6-de90-4827-8502-1257907892ea/datanode-4/data/ratis/51d3e8c5-e575-4d39-98c8-2f4949483f4d has been successfully formatted.
2022-09-28 09:56:59,160 [pool-656-thread-1] INFO  ratis.ContainerStateMachine (ContainerStateMachine.java:loadSnapshot(236)) - group-2F4949483F4D: The snapshot info is null. Setting the last applied indexto:(t:0, i:~)
2022-09-28 09:56:59,161 [pool-656-thread-1] INFO  server.RaftServerConfigKeys (ConfUtils.java:logGet(46)) - raft.server.notification.no-leader.timeout = 300s (custom)
2022-09-28 09:56:59,161 [pool-656-thread-1] INFO  server.RaftServerConfigKeys (ConfUtils.java:logGet(46)) - raft.server.log.use.memory = false (default)
2022-09-28 09:56:59,161 [pool-656-thread-1] INFO  server.RaftServerConfigKeys (ConfUtils.java:logGet(46)) - raft.server.log.purge.gap = 1000000 (custom)
2022-09-28 09:56:59,161 [pool-656-thread-1] INFO  server.RaftServerConfigKeys (ConfUtils.java:logGet(46)) - raft.server.log.appender.buffer.byte-limit = 33554432 (custom)
2022-09-28 09:56:59,161 [pool-656-thread-1] INFO  server.RaftServerConfigKeys (ConfUtils.java:logGet(46)) - raft.server.log.statemachine.data.read.timeout = 1000ms (default)
2022-09-28 09:56:59,161 [pool-656-thread-1] INFO  server.RaftServerConfigKeys (ConfUtils.java:logGet(46)) - raft.server.log.segment.size.max = 1048576 (custom)
2022-09-28 09:56:59,161 [pool-656-thread-1] INFO  server.RaftServerConfigKeys (ConfUtils.java:logGet(46)) - raft.server.log.segment.cache.num.max = 2 (custom)
2022-09-28 09:56:59,161 [pool-656-thread-1] INFO  server.RaftServerConfigKeys (ConfUtils.java:logGet(46)) - raft.server.log.segment.cache.size.max = 200MB (=209715200) (default)
2022-09-28 09:56:59,161 [pool-656-thread-1] INFO  segmented.SegmentedRaftLogWorker (SegmentedRaftLogWorker.java:<init>(187)) - new acee90ba-6a36-4d19-a884-4d9c08123ee0@group-2F4949483F4D-SegmentedRaftLogWorker for RaftStorageImpl:Storage Directory /home/runner/work/ozone/ozone/hadoop-ozone/integration-test/target/test-dir/MiniOzoneClusterImpl-d01a16d6-de90-4827-8502-1257907892ea/datanode-4/data/ratis/51d3e8c5-e575-4d39-98c8-2f4949483f4d
2022-09-28 09:56:59,161 [pool-656-thread-1] INFO  server.RaftServerConfigKeys (ConfUtils.java:logGet(46)) - raft.server.log.queue.byte-limit = 4294967296 (custom)
2022-09-28 09:56:59,161 [pool-656-thread-1] INFO  server.RaftServerConfigKeys (ConfUtils.java:logGet(46)) - raft.server.log.queue.element-limit = 1024 (custom)
2022-09-28 09:56:59,161 [pool-656-thread-1] INFO  server.RaftServerConfigKeys (ConfUtils.java:logGet(46)) - raft.server.log.segment.size.max = 1048576 (custom)
2022-09-28 09:56:59,161 [pool-656-thread-1] INFO  server.RaftServerConfigKeys (ConfUtils.java:logGet(46)) - raft.server.log.preallocated.size = 16384 (custom)
2022-09-28 09:56:59,162 [pool-656-thread-1] INFO  server.RaftServerConfigKeys (ConfUtils.java:logGet(46)) - raft.server.log.force.sync.num = 128 (default)
2022-09-28 09:56:59,162 [pool-656-thread-1] INFO  server.RaftServerConfigKeys (ConfUtils.java:logGet(46)) - raft.server.log.statemachine.data.sync = true (default)
2022-09-28 09:56:59,162 [pool-656-thread-1] INFO  server.RaftServerConfigKeys (ConfUtils.java:logGet(46)) - raft.server.log.statemachine.data.sync.timeout = 10s (default)
2022-09-28 09:56:59,162 [pool-656-thread-1] INFO  server.RaftServerConfigKeys (ConfUtils.java:logGet(46)) - raft.server.log.statemachine.data.sync.timeout.retry = -1 (default)
2022-09-28 09:56:59,162 [pool-656-thread-1] INFO  server.RaftServerConfigKeys (ConfUtils.java:logGet(46)) - raft.server.log.write.buffer.size = 1048576 (custom)
2022-09-28 09:56:59,164 [EventQueue-PipelineReportForPipelineReportHandler] INFO  pipeline.PipelineManagerImpl (PipelineManagerImpl.java:openPipeline(367)) - Pipeline Pipeline[ Id: 51d3e8c5-e575-4d39-98c8-2f4949483f4d, Nodes: acee90ba-6a36-4d19-a884-4d9c08123ee0{ip: 10.1.1.21, host: fv-az204-790.d0ggoinxmwcejgojbuqly40l0e.cx.internal.cloudapp.net, ports: [REPLICATION=41927, RATIS=36911, RATIS_ADMIN=36911, RATIS_SERVER=36911, STANDALONE=35683], networkLocation: /default-rack, certSerialId: null, persistedOpState: IN_SERVICE, persistedOpStateExpiryEpochSec: 0}, ReplicationConfig: RATIS/ONE, State:ALLOCATED, leaderId:acee90ba-6a36-4d19-a884-4d9c08123ee0, CreationTimestamp2022-09-28T09:56:56.124Z[Etc/UTC]] moved to OPEN state
2022-09-28 09:56:59,165 [EventQueue-OpenPipelineForHealthyPipelineSafeModeRule] INFO  safemode.SCMSafeModeManager (HealthyPipelineSafeModeRule.java:process(137)) - SCM in safe mode. Healthy pipelines reported count is 0, required healthy pipeline reported count is 1
2022-09-28 09:56:59,165 [pool-656-thread-1] INFO  server.RaftServerConfigKeys (ConfUtils.java:logGet(46)) - raft.server.log.unsafe-flush.enabled = false (default)
2022-09-28 09:56:59,166 [pool-656-thread-1] INFO  server.RaftServerConfigKeys (ConfUtils.java:logGet(46)) - raft.server.log.statemachine.data.caching.enabled = true (custom)
2022-09-28 09:56:59,167 [pool-656-thread-1] INFO  segmented.SegmentedRaftLogWorker (SegmentedRaftLogWorker.java:lambda$new$0(135)) - acee90ba-6a36-4d19-a884-4d9c08123ee0@group-2F4949483F4D-SegmentedRaftLogWorker: flushIndex: setUnconditionally 0 -> -1
2022-09-28 09:56:59,167 [pool-656-thread-1] INFO  segmented.SegmentedRaftLogWorker (SegmentedRaftLogWorker.java:lambda$new$0(135)) - acee90ba-6a36-4d19-a884-4d9c08123ee0@group-2F4949483F4D-SegmentedRaftLogWorker: safeCacheEvictIndex: setUnconditionally 0 -> -1
2022-09-28 09:56:59,167 [pool-656-thread-1] INFO  server.RaftServerConfigKeys (ConfUtils.java:logGet(46)) - raft.server.snapshot.auto.trigger.enabled = true (custom)
2022-09-28 09:56:59,167 [pool-656-thread-1] INFO  server.RaftServerConfigKeys (ConfUtils.java:logGet(46)) - raft.server.snapshot.auto.trigger.threshold = 10000 (custom)
2022-09-28 09:56:59,167 [pool-656-thread-1] INFO  server.RaftServerConfigKeys (ConfUtils.java:logGet(46)) - raft.server.snapshot.retention.file.num = 5 (custom)
2022-09-28 09:56:59,167 [pool-656-thread-1] INFO  server.RaftServerConfigKeys (ConfUtils.java:logGet(46)) - raft.server.log.purge.upto.snapshot.index = false (default)
2022-09-28 09:56:59,167 [pool-656-thread-1] INFO  server.RaftServerConfigKeys (ConfUtils.java:logGet(46)) - raft.server.retrycache.expirytime = 600000ms (custom)
2022-09-28 09:56:59,167 [pool-656-thread-1] INFO  server.RaftServerConfigKeys (ConfUtils.java:logGet(46)) - raft.server.retrycache.statistics.expirytime = 100μs (default)
2022-09-28 09:56:59,168 [pool-656-thread-1] INFO  server.RaftServerConfigKeys (ConfUtils.java:logGet(46)) - raft.server.log.appender.install.snapshot.enabled = false (custom)
2022-09-28 09:56:59,168 [pool-656-thread-1] INFO  server.RaftServerConfigKeys (ConfUtils.java:logGet(46)) - raft.server.threadpool.server.cached = true (default)
2022-09-28 09:56:59,168 [pool-656-thread-1] INFO  server.RaftServerConfigKeys (ConfUtils.java:logGet(46)) - raft.server.threadpool.server.size = 0 (default)
2022-09-28 09:56:59,168 [pool-656-thread-1] INFO  server.RaftServerConfigKeys (ConfUtils.java:logGet(46)) - raft.server.threadpool.client.cached = true (default)
2022-09-28 09:56:59,168 [pool-656-thread-1] INFO  server.RaftServerConfigKeys (ConfUtils.java:logGet(46)) - raft.server.threadpool.client.size = 0 (default)
2022-09-28 09:56:59,168 [pool-656-thread-1] INFO  server.RaftServer$Division (RaftServerImpl.java:start(310)) - acee90ba-6a36-4d19-a884-4d9c08123ee0@group-2F4949483F4D: start as a follower, conf=-1: [acee90ba-6a36-4d19-a884-4d9c08123ee0|rpc:10.1.1.21:36911|priority:1], old=null
2022-09-28 09:56:59,168 [pool-656-thread-1] INFO  server.RaftServer$Division (RaftServerImpl.java:setRole(299)) - acee90ba-6a36-4d19-a884-4d9c08123ee0@group-2F4949483F4D: changes role from      null to FOLLOWER at term 0 for startAsFollower
2022-09-28 09:56:59,168 [pool-656-thread-1] INFO  impl.RoleInfo (RoleInfo.java:updateAndGet(139)) - acee90ba-6a36-4d19-a884-4d9c08123ee0: start acee90ba-6a36-4d19-a884-4d9c08123ee0@group-2F4949483F4D-FollowerState
2022-09-28 09:56:59,169 [pool-656-thread-1] INFO  util.JmxRegister (JmxRegister.java:tryRegister(44)) - Successfully registered JMX Bean with object name Ratis:service=RaftServer,group=group-2F4949483F4D,id=acee90ba-6a36-4d19-a884-4d9c08123ee0
2022-09-28 09:56:59,172 [Command processor thread] INFO  ratis.XceiverServerRatis (XceiverServerRatis.java:addGroup(765)) - Created group PipelineID=51d3e8c5-e575-4d39-98c8-2f4949483f4d
2022-09-28 09:56:59,180 [Command processor thread] INFO  commandhandler.CreatePipelineCommandHandler (CreatePipelineCommandHandler.java:handle(113)) - Created Pipeline RATIS ONE PipelineID=51d3e8c5-e575-4d39-98c8-2f4949483f4d.
2022-09-28 09:56:59,548 [81dd36da-3863-49d7-8e4a-0ce023160f67@group-9F65DD0C69A0-FollowerState] INFO  impl.FollowerState (FollowerState.java:run(143)) - 81dd36da-3863-49d7-8e4a-0ce023160f67@group-9F65DD0C69A0-FollowerState: change to CANDIDATE, lastRpcElapsedTime:5078061156ns, electionTimeout:5059ms
2022-09-28 09:56:59,557 [81dd36da-3863-49d7-8e4a-0ce023160f67@group-9F65DD0C69A0-FollowerState] INFO  impl.RoleInfo (RoleInfo.java:shutdownFollowerState(110)) - 81dd36da-3863-49d7-8e4a-0ce023160f67: shutdown 81dd36da-3863-49d7-8e4a-0ce023160f67@group-9F65DD0C69A0-FollowerState
2022-09-28 09:56:59,557 [81dd36da-3863-49d7-8e4a-0ce023160f67@group-9F65DD0C69A0-FollowerState] INFO  server.RaftServer$Division (RaftServerImpl.java:setRole(299)) - 81dd36da-3863-49d7-8e4a-0ce023160f67@group-9F65DD0C69A0: changes role from  FOLLOWER to CANDIDATE at term 0 for changeToCandidate
2022-09-28 09:56:59,557 [81dd36da-3863-49d7-8e4a-0ce023160f67@group-9F65DD0C69A0-FollowerState] INFO  server.RaftServerConfigKeys (ConfUtils.java:logGet(46)) - raft.server.leaderelection.pre-vote = false (custom)
2022-09-28 09:56:59,557 [81dd36da-3863-49d7-8e4a-0ce023160f67@group-9F65DD0C69A0-FollowerState] INFO  impl.RoleInfo (RoleInfo.java:updateAndGet(139)) - 81dd36da-3863-49d7-8e4a-0ce023160f67: start 81dd36da-3863-49d7-8e4a-0ce023160f67@group-9F65DD0C69A0-LeaderElection24
2022-09-28 09:56:59,572 [81dd36da-3863-49d7-8e4a-0ce023160f67@group-9F65DD0C69A0-LeaderElection24] INFO  impl.LeaderElection (LeaderElection.java:askForVotes(310)) - 81dd36da-3863-49d7-8e4a-0ce023160f67@group-9F65DD0C69A0-LeaderElection24 ELECTION round 0: submit vote requests at term 1 for -1: [81dd36da-3863-49d7-8e4a-0ce023160f67|rpc:10.1.1.21:41931|priority:1], old=null
2022-09-28 09:56:59,572 [81dd36da-3863-49d7-8e4a-0ce023160f67@group-9F65DD0C69A0-LeaderElection24] INFO  impl.LeaderElection (LeaderElection.java:askForVotes(312)) - 81dd36da-3863-49d7-8e4a-0ce023160f67@group-9F65DD0C69A0-LeaderElection24 ELECTION round 0: result PASSED (term=1)
2022-09-28 09:56:59,572 [81dd36da-3863-49d7-8e4a-0ce023160f67@group-9F65DD0C69A0-LeaderElection24] INFO  impl.RoleInfo (RoleInfo.java:shutdownLeaderElection(130)) - 81dd36da-3863-49d7-8e4a-0ce023160f67: shutdown 81dd36da-3863-49d7-8e4a-0ce023160f67@group-9F65DD0C69A0-LeaderElection24
2022-09-28 09:56:59,573 [81dd36da-3863-49d7-8e4a-0ce023160f67@group-9F65DD0C69A0-LeaderElection24] INFO  server.RaftServer$Division (RaftServerImpl.java:setRole(299)) - 81dd36da-3863-49d7-8e4a-0ce023160f67@group-9F65DD0C69A0: changes role from CANDIDATE to LEADER at term 1 for changeToLeader
2022-09-28 09:56:59,573 [81dd36da-3863-49d7-8e4a-0ce023160f67@group-9F65DD0C69A0-LeaderElection24] INFO  ratis.XceiverServerRatis (XceiverServerRatis.java:handleLeaderChangedNotification(863)) - Leader change notification received for group: group-9F65DD0C69A0 with new leaderId: 81dd36da-3863-49d7-8e4a-0ce023160f67
2022-09-28 09:56:59,573 [81dd36da-3863-49d7-8e4a-0ce023160f67@group-9F65DD0C69A0-LeaderElection24] INFO  server.RaftServer$Division (ServerState.java:setLeader(287)) - 81dd36da-3863-49d7-8e4a-0ce023160f67@group-9F65DD0C69A0: change Leader from null to 81dd36da-3863-49d7-8e4a-0ce023160f67 at term 1 for becomeLeader, leader elected after 5114ms
2022-09-28 09:56:59,573 [81dd36da-3863-49d7-8e4a-0ce023160f67@group-9F65DD0C69A0-LeaderElection24] INFO  server.RaftServerConfigKeys (ConfUtils.java:logGet(46)) - raft.server.staging.catchup.gap = 1000 (default)
2022-09-28 09:56:59,573 [81dd36da-3863-49d7-8e4a-0ce023160f67@group-9F65DD0C69A0-LeaderElection24] INFO  server.RaftServerConfigKeys (ConfUtils.java:logGet(46)) - raft.server.write.element-limit = 1024 (custom)
2022-09-28 09:56:59,573 [81dd36da-3863-49d7-8e4a-0ce023160f67@group-9F65DD0C69A0-LeaderElection24] INFO  server.RaftServerConfigKeys (ConfUtils.java:logGet(46)) - raft.server.write.byte-limit = 1024 M (=1073741824) (custom)
2022-09-28 09:56:59,573 [81dd36da-3863-49d7-8e4a-0ce023160f67@group-9F65DD0C69A0-LeaderElection24] INFO  server.RaftServerConfigKeys (ConfUtils.java:logGet(46)) - raft.server.watch.timeout = 180s (custom)
2022-09-28 09:56:59,573 [81dd36da-3863-49d7-8e4a-0ce023160f67@group-9F65DD0C69A0-LeaderElection24] INFO  server.RaftServerConfigKeys (ConfUtils.java:logGet(46)) - raft.server.watch.timeout.denomination = 1s (default)
2022-09-28 09:56:59,573 [81dd36da-3863-49d7-8e4a-0ce023160f67@group-9F65DD0C69A0-LeaderElection24] INFO  server.RaftServerConfigKeys (ConfUtils.java:logGet(46)) - raft.server.watch.element-limit = 65536 (default)
2022-09-28 09:56:59,573 [81dd36da-3863-49d7-8e4a-0ce023160f67@group-9F65DD0C69A0-LeaderElection24] INFO  server.RaftServerConfigKeys (ConfUtils.java:logGet(46)) - raft.server.write.element-limit = 1024 (custom)
2022-09-28 09:56:59,573 [81dd36da-3863-49d7-8e4a-0ce023160f67@group-9F65DD0C69A0-LeaderElection24] INFO  server.RaftServerConfigKeys (ConfUtils.java:logGet(46)) - raft.server.write.follower.gap.ratio.max = -1.0 (default)
2022-09-28 09:56:59,574 [81dd36da-3863-49d7-8e4a-0ce023160f67@group-9F65DD0C69A0-LeaderElection24] INFO  impl.RoleInfo (RoleInfo.java:updateAndGet(139)) - 81dd36da-3863-49d7-8e4a-0ce023160f67: start 81dd36da-3863-49d7-8e4a-0ce023160f67@group-9F65DD0C69A0-LeaderStateImpl
2022-09-28 09:56:59,574 [81dd36da-3863-49d7-8e4a-0ce023160f67@group-9F65DD0C69A0-LeaderElection24] INFO  segmented.SegmentedRaftLogWorker (SegmentedRaftLogWorker.java:startLogSegment(425)) - 81dd36da-3863-49d7-8e4a-0ce023160f67@group-9F65DD0C69A0-SegmentedRaftLogWorker: Starting segment from index:0
2022-09-28 09:56:59,575 [81dd36da-3863-49d7-8e4a-0ce023160f67@group-9F65DD0C69A0-SegmentedRaftLogWorker] INFO  segmented.SegmentedRaftLogWorker (SegmentedRaftLogWorker.java:execute(629)) - 81dd36da-3863-49d7-8e4a-0ce023160f67@group-9F65DD0C69A0-SegmentedRaftLogWorker: created new log segment /home/runner/work/ozone/ozone/hadoop-ozone/integration-test/target/test-dir/MiniOzoneClusterImpl-d01a16d6-de90-4827-8502-1257907892ea/datanode-0/data/ratis/57b9a4f4-93da-4e89-b35a-9f65dd0c69a0/current/log_inprogress_0
2022-09-28 09:56:59,575 [EventQueue-OpenPipelineForHealthyPipelineSafeModeRule] INFO  safemode.SCMSafeModeManager (HealthyPipelineSafeModeRule.java:process(137)) - SCM in safe mode. Healthy pipelines reported count is 0, required healthy pipeline reported count is 1
2022-09-28 09:56:59,577 [81dd36da-3863-49d7-8e4a-0ce023160f67@group-9F65DD0C69A0-LeaderElection24] INFO  server.RaftServer$Division (ServerState.java:setRaftConf(393)) - 81dd36da-3863-49d7-8e4a-0ce023160f67@group-9F65DD0C69A0: set configuration 0: [81dd36da-3863-49d7-8e4a-0ce023160f67|rpc:10.1.1.21:41931|dataStream:|priority:1], old=null
2022-09-28 09:56:59,719 [81dd36da-3863-49d7-8e4a-0ce023160f67@group-7D9A13A01B2C-FollowerState] INFO  impl.FollowerState (FollowerState.java:run(143)) - 81dd36da-3863-49d7-8e4a-0ce023160f67@group-7D9A13A01B2C-FollowerState: change to CANDIDATE, lastRpcElapsedTime:5149489522ns, electionTimeout:5127ms
2022-09-28 09:56:59,720 [81dd36da-3863-49d7-8e4a-0ce023160f67@group-7D9A13A01B2C-FollowerState] INFO  impl.RoleInfo (RoleInfo.java:shutdownFollowerState(110)) - 81dd36da-3863-49d7-8e4a-0ce023160f67: shutdown 81dd36da-3863-49d7-8e4a-0ce023160f67@group-7D9A13A01B2C-FollowerState
2022-09-28 09:56:59,720 [81dd36da-3863-49d7-8e4a-0ce023160f67@group-7D9A13A01B2C-FollowerState] INFO  server.RaftServer$Division (RaftServerImpl.java:setRole(299)) - 81dd36da-3863-49d7-8e4a-0ce023160f67@group-7D9A13A01B2C: changes role from  FOLLOWER to CANDIDATE at term 0 for changeToCandidate
2022-09-28 09:56:59,720 [81dd36da-3863-49d7-8e4a-0ce023160f67@group-7D9A13A01B2C-FollowerState] INFO  server.RaftServerConfigKeys (ConfUtils.java:logGet(46)) - raft.server.leaderelection.pre-vote = false (custom)
2022-09-28 09:56:59,720 [81dd36da-3863-49d7-8e4a-0ce023160f67@group-7D9A13A01B2C-FollowerState] INFO  impl.RoleInfo (RoleInfo.java:updateAndGet(139)) - 81dd36da-3863-49d7-8e4a-0ce023160f67: start 81dd36da-3863-49d7-8e4a-0ce023160f67@group-7D9A13A01B2C-LeaderElection25
2022-09-28 09:56:59,772 [81dd36da-3863-49d7-8e4a-0ce023160f67@group-7D9A13A01B2C-LeaderElection25] INFO  impl.LeaderElection (LeaderElection.java:askForVotes(310)) - 81dd36da-3863-49d7-8e4a-0ce023160f67@group-7D9A13A01B2C-LeaderElection25 ELECTION round 0: submit vote requests at term 1 for -1: [81dd36da-3863-49d7-8e4a-0ce023160f67|rpc:10.1.1.21:41931|priority:1, 9ea057a0-30fc-4465-ba53-d20d8addab64|rpc:10.1.1.21:34661|priority:0, 125338ac-43fd-4d6a-ab02-d24e123888c3|rpc:10.1.1.21:41005|priority:0], old=null
2022-09-28 09:56:59,866 [9ea057a0-30fc-4465-ba53-d20d8addab64@group-7D9A13A01B2C-FollowerState] INFO  impl.FollowerState (FollowerState.java:run(143)) - 9ea057a0-30fc-4465-ba53-d20d8addab64@group-7D9A13A01B2C-FollowerState: change to CANDIDATE, lastRpcElapsedTime:5146736639ns, electionTimeout:5145ms
2022-09-28 09:56:59,866 [9ea057a0-30fc-4465-ba53-d20d8addab64@group-7D9A13A01B2C-FollowerState] INFO  impl.RoleInfo (RoleInfo.java:shutdownFollowerState(110)) - 9ea057a0-30fc-4465-ba53-d20d8addab64: shutdown 9ea057a0-30fc-4465-ba53-d20d8addab64@group-7D9A13A01B2C-FollowerState
2022-09-28 09:56:59,866 [9ea057a0-30fc-4465-ba53-d20d8addab64@group-7D9A13A01B2C-FollowerState] INFO  server.RaftServer$Division (RaftServerImpl.java:setRole(299)) - 9ea057a0-30fc-4465-ba53-d20d8addab64@group-7D9A13A01B2C: changes role from  FOLLOWER to CANDIDATE at term 0 for changeToCandidate
2022-09-28 09:56:59,866 [9ea057a0-30fc-4465-ba53-d20d8addab64@group-7D9A13A01B2C-FollowerState] INFO  server.RaftServerConfigKeys (ConfUtils.java:logGet(46)) - raft.server.leaderelection.pre-vote = false (custom)
2022-09-28 09:56:59,866 [9ea057a0-30fc-4465-ba53-d20d8addab64@group-7D9A13A01B2C-FollowerState] INFO  impl.RoleInfo (RoleInfo.java:updateAndGet(139)) - 9ea057a0-30fc-4465-ba53-d20d8addab64: start 9ea057a0-30fc-4465-ba53-d20d8addab64@group-7D9A13A01B2C-LeaderElection26
2022-09-28 09:56:59,886 [9ea057a0-30fc-4465-ba53-d20d8addab64@group-7D9A13A01B2C-LeaderElection26] INFO  impl.LeaderElection (LeaderElection.java:askForVotes(310)) - 9ea057a0-30fc-4465-ba53-d20d8addab64@group-7D9A13A01B2C-LeaderElection26 ELECTION round 0: submit vote requests at term 1 for -1: [81dd36da-3863-49d7-8e4a-0ce023160f67|rpc:10.1.1.21:41931|dataStream:|priority:1, 9ea057a0-30fc-4465-ba53-d20d8addab64|rpc:10.1.1.21:34661|dataStream:|priority:0, 125338ac-43fd-4d6a-ab02-d24e123888c3|rpc:10.1.1.21:41005|dataStream:|priority:0], old=null
2022-09-28 09:56:59,926 [grpc-default-executor-0] INFO  server.RaftServer$Division (RaftServerImpl.java:requestVote(1152)) - 9ea057a0-30fc-4465-ba53-d20d8addab64@group-7D9A13A01B2C: receive requestVote(ELECTION, 81dd36da-3863-49d7-8e4a-0ce023160f67, group-7D9A13A01B2C, 1, (t:0, i:0))
2022-09-28 09:56:59,926 [grpc-default-executor-0] INFO  impl.VoteContext (VoteContext.java:log(48)) - 9ea057a0-30fc-4465-ba53-d20d8addab64@group-7D9A13A01B2C-CANDIDATE: reject ELECTION from 81dd36da-3863-49d7-8e4a-0ce023160f67: already has voted for 9ea057a0-30fc-4465-ba53-d20d8addab64 at current term 1
2022-09-28 09:56:59,926 [grpc-default-executor-0] INFO  server.RaftServer$Division (RaftServerImpl.java:requestVote(1184)) - 9ea057a0-30fc-4465-ba53-d20d8addab64@group-7D9A13A01B2C replies to ELECTION vote request: 81dd36da-3863-49d7-8e4a-0ce023160f67<-9ea057a0-30fc-4465-ba53-d20d8addab64#0:FAIL-t1. Peer's state: 9ea057a0-30fc-4465-ba53-d20d8addab64@group-7D9A13A01B2C:t1, leader=null, voted=9ea057a0-30fc-4465-ba53-d20d8addab64, raftlog=9ea057a0-30fc-4465-ba53-d20d8addab64@group-7D9A13A01B2C-SegmentedRaftLog:OPENED:c-1, conf=-1: [81dd36da-3863-49d7-8e4a-0ce023160f67|rpc:10.1.1.21:41931|dataStream:|priority:1, 9ea057a0-30fc-4465-ba53-d20d8addab64|rpc:10.1.1.21:34661|dataStream:|priority:0, 125338ac-43fd-4d6a-ab02-d24e123888c3|rpc:10.1.1.21:41005|dataStream:|priority:0], old=null
2022-09-28 09:56:59,952 [Listener at 127.0.0.1/44537] INFO  ozone.MiniOzoneClusterImpl (MiniOzoneClusterImpl.java:lambda$waitForClusterToBeReady$0(216)) - Nodes are ready. Got 5 of 5 DN Heartbeats.
2022-09-28 09:56:59,953 [Listener at 127.0.0.1/44537] INFO  ozone.MiniOzoneClusterImpl (MiniOzoneClusterImpl.java:lambda$waitForClusterToBeReady$0(219)) - Waiting for cluster to exit safe mode
2022-09-28 09:56:59,953 [Listener at 127.0.0.1/44537] INFO  ozone.MiniOzoneClusterImpl (MiniOzoneClusterImpl.java:lambda$waitForClusterToBeReady$0(221)) - SCM became leader
2022-09-28 09:56:59,978 [125338ac-43fd-4d6a-ab02-d24e123888c3@group-7D9A13A01B2C-FollowerState] INFO  impl.FollowerState (FollowerState.java:run(143)) - 125338ac-43fd-4d6a-ab02-d24e123888c3@group-7D9A13A01B2C-FollowerState: change to CANDIDATE, lastRpcElapsedTime:5063819843ns, electionTimeout:5063ms
2022-09-28 09:56:59,986 [125338ac-43fd-4d6a-ab02-d24e123888c3@group-7D9A13A01B2C-FollowerState] INFO  impl.RoleInfo (RoleInfo.java:shutdownFollowerState(110)) - 125338ac-43fd-4d6a-ab02-d24e123888c3: shutdown 125338ac-43fd-4d6a-ab02-d24e123888c3@group-7D9A13A01B2C-FollowerState
2022-09-28 09:56:59,986 [125338ac-43fd-4d6a-ab02-d24e123888c3@group-7D9A13A01B2C-FollowerState] INFO  server.RaftServer$Division (RaftServerImpl.java:setRole(299)) - 125338ac-43fd-4d6a-ab02-d24e123888c3@group-7D9A13A01B2C: changes role from  FOLLOWER to CANDIDATE at term 0 for changeToCandidate
2022-09-28 09:56:59,986 [125338ac-43fd-4d6a-ab02-d24e123888c3@group-7D9A13A01B2C-FollowerState] INFO  server.RaftServerConfigKeys (ConfUtils.java:logGet(46)) - raft.server.leaderelection.pre-vote = false (custom)
2022-09-28 09:56:59,986 [125338ac-43fd-4d6a-ab02-d24e123888c3@group-7D9A13A01B2C-FollowerState] INFO  impl.RoleInfo (RoleInfo.java:updateAndGet(139)) - 125338ac-43fd-4d6a-ab02-d24e123888c3: start 125338ac-43fd-4d6a-ab02-d24e123888c3@group-7D9A13A01B2C-LeaderElection27
2022-09-28 09:56:59,987 [grpc-default-executor-3] INFO  server.RaftServer$Division (RaftServerImpl.java:requestVote(1152)) - 125338ac-43fd-4d6a-ab02-d24e123888c3@group-7D9A13A01B2C: receive requestVote(ELECTION, 81dd36da-3863-49d7-8e4a-0ce023160f67, group-7D9A13A01B2C, 1, (t:0, i:0))
2022-09-28 09:56:59,998 [grpc-default-executor-3] INFO  impl.VoteContext (VoteContext.java:log(48)) - 125338ac-43fd-4d6a-ab02-d24e123888c3@group-7D9A13A01B2C-CANDIDATE: accept ELECTION from 81dd36da-3863-49d7-8e4a-0ce023160f67: our priority 0 <= candidate's priority 1
2022-09-28 09:56:59,998 [grpc-default-executor-3] INFO  server.RaftServer$Division (RaftServerImpl.java:setRole(299)) - 125338ac-43fd-4d6a-ab02-d24e123888c3@group-7D9A13A01B2C: changes role from CANDIDATE to FOLLOWER at term 1 for candidate:81dd36da-3863-49d7-8e4a-0ce023160f67
2022-09-28 09:56:59,998 [grpc-default-executor-3] INFO  impl.RoleInfo (RoleInfo.java:shutdownLeaderElection(130)) - 125338ac-43fd-4d6a-ab02-d24e123888c3: shutdown 125338ac-43fd-4d6a-ab02-d24e123888c3@group-7D9A13A01B2C-LeaderElection27
2022-09-28 09:56:59,998 [grpc-default-executor-3] INFO  impl.RoleInfo (RoleInfo.java:updateAndGet(139)) - 125338ac-43fd-4d6a-ab02-d24e123888c3: start 125338ac-43fd-4d6a-ab02-d24e123888c3@group-7D9A13A01B2C-FollowerState
2022-09-28 09:57:00,000 [grpc-default-executor-3] INFO  server.RaftServer$Division (RaftServerImpl.java:requestVote(1184)) - 125338ac-43fd-4d6a-ab02-d24e123888c3@group-7D9A13A01B2C replies to ELECTION vote request: 81dd36da-3863-49d7-8e4a-0ce023160f67<-125338ac-43fd-4d6a-ab02-d24e123888c3#0:OK-t1. Peer's state: 125338ac-43fd-4d6a-ab02-d24e123888c3@group-7D9A13A01B2C:t1, leader=null, voted=81dd36da-3863-49d7-8e4a-0ce023160f67, raftlog=125338ac-43fd-4d6a-ab02-d24e123888c3@group-7D9A13A01B2C-SegmentedRaftLog:OPENED:c-1, conf=-1: [81dd36da-3863-49d7-8e4a-0ce023160f67|rpc:10.1.1.21:41931|dataStream:|priority:1, 9ea057a0-30fc-4465-ba53-d20d8addab64|rpc:10.1.1.21:34661|dataStream:|priority:0, 125338ac-43fd-4d6a-ab02-d24e123888c3|rpc:10.1.1.21:41005|dataStream:|priority:0], old=null
2022-09-28 09:57:00,005 [grpc-default-executor-2] INFO  server.RaftServer$Division (RaftServerImpl.java:requestVote(1152)) - 81dd36da-3863-49d7-8e4a-0ce023160f67@group-7D9A13A01B2C: receive requestVote(ELECTION, 9ea057a0-30fc-4465-ba53-d20d8addab64, group-7D9A13A01B2C, 1, (t:0, i:0))
2022-09-28 09:57:00,005 [grpc-default-executor-2] INFO  impl.VoteContext (VoteContext.java:log(48)) - 81dd36da-3863-49d7-8e4a-0ce023160f67@group-7D9A13A01B2C-CANDIDATE: reject ELECTION from 9ea057a0-30fc-4465-ba53-d20d8addab64: already has voted for 81dd36da-3863-49d7-8e4a-0ce023160f67 at current term 1
2022-09-28 09:57:00,005 [grpc-default-executor-2] INFO  server.RaftServer$Division (RaftServerImpl.java:requestVote(1184)) - 81dd36da-3863-49d7-8e4a-0ce023160f67@group-7D9A13A01B2C replies to ELECTION vote request: 9ea057a0-30fc-4465-ba53-d20d8addab64<-81dd36da-3863-49d7-8e4a-0ce023160f67#0:FAIL-t1. Peer's state: 81dd36da-3863-49d7-8e4a-0ce023160f67@group-7D9A13A01B2C:t1, leader=null, voted=81dd36da-3863-49d7-8e4a-0ce023160f67, raftlog=81dd36da-3863-49d7-8e4a-0ce023160f67@group-7D9A13A01B2C-SegmentedRaftLog:OPENED:c-1, conf=-1: [81dd36da-3863-49d7-8e4a-0ce023160f67|rpc:10.1.1.21:41931|priority:1, 9ea057a0-30fc-4465-ba53-d20d8addab64|rpc:10.1.1.21:34661|priority:0, 125338ac-43fd-4d6a-ab02-d24e123888c3|rpc:10.1.1.21:41005|priority:0], old=null
2022-09-28 09:57:00,012 [81dd36da-3863-49d7-8e4a-0ce023160f67@group-1C3D2B2BA225-FollowerState] INFO  impl.FollowerState (FollowerState.java:run(143)) - 81dd36da-3863-49d7-8e4a-0ce023160f67@group-1C3D2B2BA225-FollowerState: change to CANDIDATE, lastRpcElapsedTime:5038172399ns, electionTimeout:5036ms
2022-09-28 09:57:00,021 [125338ac-43fd-4d6a-ab02-d24e123888c3@group-7D9A13A01B2C-LeaderElection27] INFO  impl.LeaderElection (LeaderElection.java:run(231)) - 125338ac-43fd-4d6a-ab02-d24e123888c3@group-7D9A13A01B2C-LeaderElection27: skip running since this is already CLOSING
2022-09-28 09:57:00,021 [81dd36da-3863-49d7-8e4a-0ce023160f67@group-1C3D2B2BA225-FollowerState] INFO  impl.RoleInfo (RoleInfo.java:shutdownFollowerState(110)) - 81dd36da-3863-49d7-8e4a-0ce023160f67: shutdown 81dd36da-3863-49d7-8e4a-0ce023160f67@group-1C3D2B2BA225-FollowerState
2022-09-28 09:57:00,022 [81dd36da-3863-49d7-8e4a-0ce023160f67@group-1C3D2B2BA225-FollowerState] INFO  server.RaftServer$Division (RaftServerImpl.java:setRole(299)) - 81dd36da-3863-49d7-8e4a-0ce023160f67@group-1C3D2B2BA225: changes role from  FOLLOWER to CANDIDATE at term 0 for changeToCandidate
2022-09-28 09:57:00,022 [81dd36da-3863-49d7-8e4a-0ce023160f67@group-1C3D2B2BA225-FollowerState] INFO  server.RaftServerConfigKeys (ConfUtils.java:logGet(46)) - raft.server.leaderelection.pre-vote = false (custom)
2022-09-28 09:57:00,022 [81dd36da-3863-49d7-8e4a-0ce023160f67@group-1C3D2B2BA225-FollowerState] INFO  impl.RoleInfo (RoleInfo.java:updateAndGet(139)) - 81dd36da-3863-49d7-8e4a-0ce023160f67: start 81dd36da-3863-49d7-8e4a-0ce023160f67@group-1C3D2B2BA225-LeaderElection28
2022-09-28 09:57:00,058 [9ea057a0-30fc-4465-ba53-d20d8addab64@group-7D9A13A01B2C-LeaderElection26] INFO  impl.LeaderElection (LeaderElection.java:logAndReturn(90)) - 9ea057a0-30fc-4465-ba53-d20d8addab64@group-7D9A13A01B2C-LeaderElection26: ELECTION REJECTED received 1 response(s) and 0 exception(s):
2022-09-28 09:57:00,058 [9ea057a0-30fc-4465-ba53-d20d8addab64@group-7D9A13A01B2C-LeaderElection26] INFO  impl.LeaderElection (LeaderElection.java:logAndReturn(94)) -   Response 0: 9ea057a0-30fc-4465-ba53-d20d8addab64<-81dd36da-3863-49d7-8e4a-0ce023160f67#0:FAIL-t1
2022-09-28 09:57:00,058 [9ea057a0-30fc-4465-ba53-d20d8addab64@group-7D9A13A01B2C-LeaderElection26] INFO  impl.LeaderElection (LeaderElection.java:askForVotes(312)) - 9ea057a0-30fc-4465-ba53-d20d8addab64@group-7D9A13A01B2C-LeaderElection26 ELECTION round 0: result REJECTED
2022-09-28 09:57:00,058 [81dd36da-3863-49d7-8e4a-0ce023160f67@group-7D9A13A01B2C-LeaderElection25] INFO  impl.LeaderElection (LeaderElection.java:logAndReturn(90)) - 81dd36da-3863-49d7-8e4a-0ce023160f67@group-7D9A13A01B2C-LeaderElection25: ELECTION PASSED received 2 response(s) and 0 exception(s):
2022-09-28 09:57:00,058 [9ea057a0-30fc-4465-ba53-d20d8addab64@group-7D9A13A01B2C-LeaderElection26] INFO  server.RaftServer$Division (RaftServerImpl.java:setRole(299)) - 9ea057a0-30fc-4465-ba53-d20d8addab64@group-7D9A13A01B2C: changes role from CANDIDATE to FOLLOWER at term 1 for REJECTED
2022-09-28 09:57:00,058 [81dd36da-3863-49d7-8e4a-0ce023160f67@group-7D9A13A01B2C-LeaderElection25] INFO  impl.LeaderElection (LeaderElection.java:logAndReturn(94)) -   Response 0: 81dd36da-3863-49d7-8e4a-0ce023160f67<-9ea057a0-30fc-4465-ba53-d20d8addab64#0:FAIL-t1
2022-09-28 09:57:00,058 [9ea057a0-30fc-4465-ba53-d20d8addab64@group-7D9A13A01B2C-LeaderElection26] INFO  impl.RoleInfo (RoleInfo.java:shutdownLeaderElection(130)) - 9ea057a0-30fc-4465-ba53-d20d8addab64: shutdown 9ea057a0-30fc-4465-ba53-d20d8addab64@group-7D9A13A01B2C-LeaderElection26
2022-09-28 09:57:00,059 [81dd36da-3863-49d7-8e4a-0ce023160f67@group-7D9A13A01B2C-LeaderElection25] INFO  impl.LeaderElection (LeaderElection.java:logAndReturn(94)) -   Response 1: 81dd36da-3863-49d7-8e4a-0ce023160f67<-125338ac-43fd-4d6a-ab02-d24e123888c3#0:OK-t1
2022-09-28 09:57:00,059 [9ea057a0-30fc-4465-ba53-d20d8addab64@group-7D9A13A01B2C-LeaderElection26] INFO  impl.RoleInfo (RoleInfo.java:updateAndGet(139)) - 9ea057a0-30fc-4465-ba53-d20d8addab64: start 9ea057a0-30fc-4465-ba53-d20d8addab64@group-7D9A13A01B2C-FollowerState
2022-09-28 09:57:00,059 [81dd36da-3863-49d7-8e4a-0ce023160f67@group-7D9A13A01B2C-LeaderElection25] INFO  impl.LeaderElection (LeaderElection.java:askForVotes(312)) - 81dd36da-3863-49d7-8e4a-0ce023160f67@group-7D9A13A01B2C-LeaderElection25 ELECTION round 0: result PASSED
2022-09-28 09:57:00,059 [81dd36da-3863-49d7-8e4a-0ce023160f67@group-7D9A13A01B2C-LeaderElection25] INFO  impl.RoleInfo (RoleInfo.java:shutdownLeaderElection(130)) - 81dd36da-3863-49d7-8e4a-0ce023160f67: shutdown 81dd36da-3863-49d7-8e4a-0ce023160f67@group-7D9A13A01B2C-LeaderElection25
2022-09-28 09:57:00,059 [81dd36da-3863-49d7-8e4a-0ce023160f67@group-7D9A13A01B2C-LeaderElection25] INFO  server.RaftServer$Division (RaftServerImpl.java:setRole(299)) - 81dd36da-3863-49d7-8e4a-0ce023160f67@group-7D9A13A01B2C: changes role from CANDIDATE to LEADER at term 1 for changeToLeader
2022-09-28 09:57:00,059 [grpc-default-executor-1] INFO  server.RaftServer$Division (RaftServerImpl.java:requestVote(1152)) - 125338ac-43fd-4d6a-ab02-d24e123888c3@group-7D9A13A01B2C: receive requestVote(ELECTION, 9ea057a0-30fc-4465-ba53-d20d8addab64, group-7D9A13A01B2C, 1, (t:0, i:0))
2022-09-28 09:57:00,059 [81dd36da-3863-49d7-8e4a-0ce023160f67@group-7D9A13A01B2C-LeaderElection25] INFO  ratis.XceiverServerRatis (XceiverServerRatis.java:handleLeaderChangedNotification(863)) - Leader change notification received for group: group-7D9A13A01B2C with new leaderId: 81dd36da-3863-49d7-8e4a-0ce023160f67
2022-09-28 09:57:00,059 [grpc-default-executor-1] INFO  impl.VoteContext (VoteContext.java:log(48)) - 125338ac-43fd-4d6a-ab02-d24e123888c3@group-7D9A13A01B2C-FOLLOWER: reject ELECTION from 9ea057a0-30fc-4465-ba53-d20d8addab64: already has voted for 81dd36da-3863-49d7-8e4a-0ce023160f67 at current term 1
2022-09-28 09:57:00,059 [grpc-default-executor-1] INFO  server.RaftServer$Division (RaftServerImpl.java:requestVote(1184)) - 125338ac-43fd-4d6a-ab02-d24e123888c3@group-7D9A13A01B2C replies to ELECTION vote request: 9ea057a0-30fc-4465-ba53-d20d8addab64<-125338ac-43fd-4d6a-ab02-d24e123888c3#0:FAIL-t1. Peer's state: 125338ac-43fd-4d6a-ab02-d24e123888c3@group-7D9A13A01B2C:t1, leader=null, voted=81dd36da-3863-49d7-8e4a-0ce023160f67, raftlog=125338ac-43fd-4d6a-ab02-d24e123888c3@group-7D9A13A01B2C-SegmentedRaftLog:OPENED:c-1, conf=-1: [81dd36da-3863-49d7-8e4a-0ce023160f67|rpc:10.1.1.21:41931|dataStream:|priority:1, 9ea057a0-30fc-4465-ba53-d20d8addab64|rpc:10.1.1.21:34661|dataStream:|priority:0, 125338ac-43fd-4d6a-ab02-d24e123888c3|rpc:10.1.1.21:41005|dataStream:|priority:0], old=null
2022-09-28 09:57:00,088 [81dd36da-3863-49d7-8e4a-0ce023160f67@group-1C3D2B2BA225-LeaderElection28] INFO  impl.LeaderElection (LeaderElection.java:askForVotes(310)) - 81dd36da-3863-49d7-8e4a-0ce023160f67@group-1C3D2B2BA225-LeaderElection28 ELECTION round 0: submit vote requests at term 1 for -1: [81dd36da-3863-49d7-8e4a-0ce023160f67|rpc:10.1.1.21:41931|priority:0, 9ea057a0-30fc-4465-ba53-d20d8addab64|rpc:10.1.1.21:34661|priority:1, 125338ac-43fd-4d6a-ab02-d24e123888c3|rpc:10.1.1.21:41005|priority:0], old=null
2022-09-28 09:57:00,095 [81dd36da-3863-49d7-8e4a-0ce023160f67@group-7D9A13A01B2C-LeaderElection25] INFO  server.RaftServer$Division (ServerState.java:setLeader(287)) - 81dd36da-3863-49d7-8e4a-0ce023160f67@group-7D9A13A01B2C: change Leader from null to 81dd36da-3863-49d7-8e4a-0ce023160f67 at term 1 for becomeLeader, leader elected after 5508ms
2022-09-28 09:57:00,098 [81dd36da-3863-49d7-8e4a-0ce023160f67@group-7D9A13A01B2C-LeaderElection25] INFO  server.RaftServerConfigKeys (ConfUtils.java:logGet(46)) - raft.server.staging.catchup.gap = 1000 (default)
2022-09-28 09:57:00,098 [81dd36da-3863-49d7-8e4a-0ce023160f67@group-7D9A13A01B2C-LeaderElection25] INFO  server.RaftServerConfigKeys (ConfUtils.java:logGet(46)) - raft.server.write.element-limit = 1024 (custom)
2022-09-28 09:57:00,098 [81dd36da-3863-49d7-8e4a-0ce023160f67@group-7D9A13A01B2C-LeaderElection25] INFO  server.RaftServerConfigKeys (ConfUtils.java:logGet(46)) - raft.server.write.byte-limit = 1024 M (=1073741824) (custom)
2022-09-28 09:57:00,098 [81dd36da-3863-49d7-8e4a-0ce023160f67@group-7D9A13A01B2C-LeaderElection25] INFO  server.RaftServerConfigKeys (ConfUtils.java:logGet(46)) - raft.server.watch.timeout = 180s (custom)
2022-09-28 09:57:00,098 [81dd36da-3863-49d7-8e4a-0ce023160f67@group-7D9A13A01B2C-LeaderElection25] INFO  server.RaftServerConfigKeys (ConfUtils.java:logGet(46)) - raft.server.watch.timeout.denomination = 1s (default)
2022-09-28 09:57:00,098 [81dd36da-3863-49d7-8e4a-0ce023160f67@group-7D9A13A01B2C-LeaderElection25] INFO  server.RaftServerConfigKeys (ConfUtils.java:logGet(46)) - raft.server.watch.element-limit = 65536 (default)
2022-09-28 09:57:00,098 [81dd36da-3863-49d7-8e4a-0ce023160f67@group-7D9A13A01B2C-LeaderElection25] INFO  server.RaftServerConfigKeys (ConfUtils.java:logGet(46)) - raft.server.write.element-limit = 1024 (custom)
2022-09-28 09:57:00,098 [81dd36da-3863-49d7-8e4a-0ce023160f67@group-7D9A13A01B2C-LeaderElection25] INFO  server.RaftServerConfigKeys (ConfUtils.java:logGet(46)) - raft.server.write.follower.gap.ratio.max = -1.0 (default)
2022-09-28 09:57:00,099 [81dd36da-3863-49d7-8e4a-0ce023160f67@group-7D9A13A01B2C-LeaderElection25] INFO  server.RaftServerConfigKeys (ConfUtils.java:logGet(46)) - raft.server.log.appender.snapshot.chunk.size.max = 16MB (=16777216) (default)
2022-09-28 09:57:00,099 [81dd36da-3863-49d7-8e4a-0ce023160f67@group-7D9A13A01B2C-LeaderElection25] INFO  server.RaftServerConfigKeys (ConfUtils.java:logGet(46)) - raft.server.log.appender.buffer.byte-limit = 33554432 (custom)
2022-09-28 09:57:00,099 [81dd36da-3863-49d7-8e4a-0ce023160f67@group-7D9A13A01B2C-LeaderElection25] INFO  server.RaftServerConfigKeys (ConfUtils.java:logGet(46)) - raft.server.log.appender.buffer.element-limit = 1 (custom)
2022-09-28 09:57:00,099 [81dd36da-3863-49d7-8e4a-0ce023160f67@group-7D9A13A01B2C-LeaderElection25] INFO  grpc.GrpcConfigKeys (ConfUtils.java:logGet(46)) - raft.grpc.server.leader.outstanding.appends.max = 128 (default)
2022-09-28 09:57:00,099 [81dd36da-3863-49d7-8e4a-0ce023160f67@group-7D9A13A01B2C-LeaderElection25] INFO  server.RaftServerConfigKeys (ConfUtils.java:logGet(46)) - raft.server.rpc.request.timeout = 60s (custom)
2022-09-28 09:57:00,099 [81dd36da-3863-49d7-8e4a-0ce023160f67@group-7D9A13A01B2C-LeaderElection25] INFO  server.RaftServerConfigKeys (ConfUtils.java:logGet(46)) - raft.server.log.appender.install.snapshot.enabled = false (custom)
2022-09-28 09:57:00,100 [81dd36da-3863-49d7-8e4a-0ce023160f67@group-7D9A13A01B2C-LeaderElection25] INFO  server.RaftServerConfigKeys (ConfUtils.java:logGet(46)) - raft.server.log.appender.snapshot.chunk.size.max = 16MB (=16777216) (default)
2022-09-28 09:57:00,100 [81dd36da-3863-49d7-8e4a-0ce023160f67@group-7D9A13A01B2C-LeaderElection25] INFO  server.RaftServerConfigKeys (ConfUtils.java:logGet(46)) - raft.server.log.appender.buffer.byte-limit = 33554432 (custom)
2022-09-28 09:57:00,100 [81dd36da-3863-49d7-8e4a-0ce023160f67@group-7D9A13A01B2C-LeaderElection25] INFO  server.RaftServerConfigKeys (ConfUtils.java:logGet(46)) - raft.server.log.appender.buffer.element-limit = 1 (custom)
2022-09-28 09:57:00,100 [81dd36da-3863-49d7-8e4a-0ce023160f67@group-7D9A13A01B2C-LeaderElection25] INFO  grpc.GrpcConfigKeys (ConfUtils.java:logGet(46)) - raft.grpc.server.leader.outstanding.appends.max = 128 (default)
2022-09-28 09:57:00,098 [grpc-default-executor-3] INFO  server.RaftServer$Division (RaftServerImpl.java:requestVote(1152)) - 9ea057a0-30fc-4465-ba53-d20d8addab64@group-1C3D2B2BA225: receive requestVote(ELECTION, 81dd36da-3863-49d7-8e4a-0ce023160f67, group-1C3D2B2BA225, 1, (t:0, i:0))
2022-09-28 09:57:00,104 [grpc-default-executor-3] INFO  impl.VoteContext (VoteContext.java:log(48)) - 9ea057a0-30fc-4465-ba53-d20d8addab64@group-1C3D2B2BA225-FOLLOWER: reject ELECTION from 81dd36da-3863-49d7-8e4a-0ce023160f67: our priority 1 > candidate's priority 0
2022-09-28 09:57:00,104 [grpc-default-executor-3] INFO  server.RaftServer$Division (RaftServerImpl.java:setRole(299)) - 9ea057a0-30fc-4465-ba53-d20d8addab64@group-1C3D2B2BA225: changes role from  FOLLOWER to FOLLOWER at term 1 for candidate:81dd36da-3863-49d7-8e4a-0ce023160f67
2022-09-28 09:57:00,104 [grpc-default-executor-3] INFO  impl.RoleInfo (RoleInfo.java:shutdownFollowerState(110)) - 9ea057a0-30fc-4465-ba53-d20d8addab64: shutdown 9ea057a0-30fc-4465-ba53-d20d8addab64@group-1C3D2B2BA225-FollowerState
2022-09-28 09:57:00,104 [grpc-default-executor-3] INFO  impl.RoleInfo (RoleInfo.java:updateAndGet(139)) - 9ea057a0-30fc-4465-ba53-d20d8addab64: start 9ea057a0-30fc-4465-ba53-d20d8addab64@group-1C3D2B2BA225-FollowerState
2022-09-28 09:57:00,104 [9ea057a0-30fc-4465-ba53-d20d8addab64@group-1C3D2B2BA225-FollowerState] INFO  impl.FollowerState (FollowerState.java:run(152)) - 9ea057a0-30fc-4465-ba53-d20d8addab64@group-1C3D2B2BA225-FollowerState was interrupted
2022-09-28 09:57:00,105 [81dd36da-3863-49d7-8e4a-0ce023160f67@group-7D9A13A01B2C-LeaderElection25] INFO  server.RaftServerConfigKeys (ConfUtils.java:logGet(46)) - raft.server.rpc.request.timeout = 60s (custom)
2022-09-28 09:57:00,105 [81dd36da-3863-49d7-8e4a-0ce023160f67@group-7D9A13A01B2C-LeaderElection25] INFO  server.RaftServerConfigKeys (ConfUtils.java:logGet(46)) - raft.server.log.appender.install.snapshot.enabled = false (custom)
2022-09-28 09:57:00,105 [81dd36da-3863-49d7-8e4a-0ce023160f67@group-7D9A13A01B2C-LeaderElection25] INFO  impl.RoleInfo (RoleInfo.java:updateAndGet(139)) - 81dd36da-3863-49d7-8e4a-0ce023160f67: start 81dd36da-3863-49d7-8e4a-0ce023160f67@group-7D9A13A01B2C-LeaderStateImpl
2022-09-28 09:57:00,105 [81dd36da-3863-49d7-8e4a-0ce023160f67@group-7D9A13A01B2C-LeaderElection25] INFO  segmented.SegmentedRaftLogWorker (SegmentedRaftLogWorker.java:startLogSegment(425)) - 81dd36da-3863-49d7-8e4a-0ce023160f67@group-7D9A13A01B2C-SegmentedRaftLogWorker: Starting segment from index:0
2022-09-28 09:57:00,110 [grpc-default-executor-3] INFO  server.RaftServer$Division (RaftServerImpl.java:requestVote(1184)) - 9ea057a0-30fc-4465-ba53-d20d8addab64@group-1C3D2B2BA225 replies to ELECTION vote request: 81dd36da-3863-49d7-8e4a-0ce023160f67<-9ea057a0-30fc-4465-ba53-d20d8addab64#0:FAIL-t1. Peer's state: 9ea057a0-30fc-4465-ba53-d20d8addab64@group-1C3D2B2BA225:t1, leader=null, voted=null, raftlog=9ea057a0-30fc-4465-ba53-d20d8addab64@group-1C3D2B2BA225-SegmentedRaftLog:OPENED:c-1, conf=-1: [81dd36da-3863-49d7-8e4a-0ce023160f67|rpc:10.1.1.21:41931|dataStream:|priority:0, 9ea057a0-30fc-4465-ba53-d20d8addab64|rpc:10.1.1.21:34661|dataStream:|priority:1, 125338ac-43fd-4d6a-ab02-d24e123888c3|rpc:10.1.1.21:41005|dataStream:|priority:0], old=null
2022-09-28 09:57:00,129 [81dd36da-3863-49d7-8e4a-0ce023160f67@group-7D9A13A01B2C-LeaderElection25] INFO  server.RaftServer$Division (ServerState.java:setRaftConf(393)) - 81dd36da-3863-49d7-8e4a-0ce023160f67@group-7D9A13A01B2C: set configuration 0: [81dd36da-3863-49d7-8e4a-0ce023160f67|rpc:10.1.1.21:41931|dataStream:|priority:1, 9ea057a0-30fc-4465-ba53-d20d8addab64|rpc:10.1.1.21:34661|dataStream:|priority:0, 125338ac-43fd-4d6a-ab02-d24e123888c3|rpc:10.1.1.21:41005|dataStream:|priority:0], old=null
2022-09-28 09:57:00,151 [grpc-default-executor-3] INFO  server.RaftServer$Division (RaftServerImpl.java:requestVote(1152)) - 125338ac-43fd-4d6a-ab02-d24e123888c3@group-1C3D2B2BA225: receive requestVote(ELECTION, 81dd36da-3863-49d7-8e4a-0ce023160f67, group-1C3D2B2BA225, 1, (t:0, i:0))
2022-09-28 09:57:00,151 [grpc-default-executor-3] INFO  impl.VoteContext (VoteContext.java:log(48)) - 125338ac-43fd-4d6a-ab02-d24e123888c3@group-1C3D2B2BA225-FOLLOWER: accept ELECTION from 81dd36da-3863-49d7-8e4a-0ce023160f67: our priority 0 <= candidate's priority 0
2022-09-28 09:57:00,151 [grpc-default-executor-3] INFO  server.RaftServer$Division (RaftServerImpl.java:setRole(299)) - 125338ac-43fd-4d6a-ab02-d24e123888c3@group-1C3D2B2BA225: changes role from  FOLLOWER to FOLLOWER at term 1 for candidate:81dd36da-3863-49d7-8e4a-0ce023160f67
2022-09-28 09:57:00,151 [grpc-default-executor-3] INFO  impl.RoleInfo (RoleInfo.java:shutdownFollowerState(110)) - 125338ac-43fd-4d6a-ab02-d24e123888c3: shutdown 125338ac-43fd-4d6a-ab02-d24e123888c3@group-1C3D2B2BA225-FollowerState
2022-09-28 09:57:00,151 [grpc-default-executor-3] INFO  impl.RoleInfo (RoleInfo.java:updateAndGet(139)) - 125338ac-43fd-4d6a-ab02-d24e123888c3: start 125338ac-43fd-4d6a-ab02-d24e123888c3@group-1C3D2B2BA225-FollowerState
2022-09-28 09:57:00,151 [125338ac-43fd-4d6a-ab02-d24e123888c3@group-1C3D2B2BA225-FollowerState] INFO  impl.FollowerState (FollowerState.java:run(152)) - 125338ac-43fd-4d6a-ab02-d24e123888c3@group-1C3D2B2BA225-FollowerState was interrupted
2022-09-28 09:57:00,164 [EventQueue-PipelineReportForPipelineReportHandler] INFO  pipeline.PipelineManagerImpl (PipelineManagerImpl.java:openPipeline(367)) - Pipeline Pipeline[ Id: 0eaca47e-d3ea-453b-9c0f-7d9a13a01b2c, Nodes: 9ea057a0-30fc-4465-ba53-d20d8addab64{ip: 10.1.1.21, host: fv-az204-790.d0ggoinxmwcejgojbuqly40l0e.cx.internal.cloudapp.net, ports: [REPLICATION=38537, RATIS=34661, RATIS_ADMIN=34661, RATIS_SERVER=34661, STANDALONE=33689], networkLocation: /default-rack, certSerialId: null, persistedOpState: IN_SERVICE, persistedOpStateExpiryEpochSec: 0}81dd36da-3863-49d7-8e4a-0ce023160f67{ip: 10.1.1.21, host: fv-az204-790.d0ggoinxmwcejgojbuqly40l0e.cx.internal.cloudapp.net, ports: [REPLICATION=34573, RATIS=41931, RATIS_ADMIN=41931, RATIS_SERVER=41931, STANDALONE=42525], networkLocation: /default-rack, certSerialId: null, persistedOpState: IN_SERVICE, persistedOpStateExpiryEpochSec: 0}125338ac-43fd-4d6a-ab02-d24e123888c3{ip: 10.1.1.21, host: fv-az204-790.d0ggoinxmwcejgojbuqly40l0e.cx.internal.cloudapp.net, ports: [REPLICATION=41233, RATIS=41005, RATIS_ADMIN=41005, RATIS_SERVER=41005, STANDALONE=38003], networkLocation: /default-rack, certSerialId: null, persistedOpState: IN_SERVICE, persistedOpStateExpiryEpochSec: 0}, ReplicationConfig: RATIS/THREE, State:ALLOCATED, leaderId:81dd36da-3863-49d7-8e4a-0ce023160f67, CreationTimestamp2022-09-28T09:56:53.678Z[Etc/UTC]] moved to OPEN state
2022-09-28 09:57:00,168 [EventQueue-OpenPipelineForHealthyPipelineSafeModeRule] INFO  safemode.SCMSafeModeManager (HealthyPipelineSafeModeRule.java:process(137)) - SCM in safe mode. Healthy pipelines reported count is 1, required healthy pipeline reported count is 1
2022-09-28 09:57:00,168 [EventQueue-OpenPipelineForHealthyPipelineSafeModeRule] INFO  safemode.SCMSafeModeManager (SCMSafeModeManager.java:validateSafeModeExitRules(204)) - HealthyPipelineSafeModeRule rule is successfully validated
2022-09-28 09:57:00,168 [EventQueue-OpenPipelineForHealthyPipelineSafeModeRule] INFO  safemode.SCMSafeModeManager (SCMSafeModeManager.java:validateSafeModeExitRules(219)) - ScmSafeModeManager, all rules are successfully validated
2022-09-28 09:57:00,168 [EventQueue-OpenPipelineForHealthyPipelineSafeModeRule] INFO  safemode.SCMSafeModeManager (SCMSafeModeManager.java:exitSafeMode(248)) - SCM exiting safe mode.
2022-09-28 09:57:00,168 [EventQueue-OpenPipelineForHealthyPipelineSafeModeRule] WARN  events.EventQueue (EventQueue.java:fireEvent(216)) - No event handler registered for event TypedEvent{payloadType=SafeModeStatus, name='Safe mode status'}
2022-09-28 09:57:00,168 [EventQueue-OpenPipelineForHealthyPipelineSafeModeRule] INFO  ha.SCMContext (SCMContext.java:updateSafeModeStatus(228)) - Update SafeModeStatus from SafeModeStatus{safeModeStatus=true, preCheckPassed=true} to SafeModeStatus{safeModeStatus=false, preCheckPassed=true}.
2022-09-28 09:57:00,168 [EventQueue-OpenPipelineForHealthyPipelineSafeModeRule] INFO  pipeline.BackgroundPipelineCreator (BackgroundPipelineCreator.java:notifyStatusChanged(254)) - Service BackgroundPipelineCreator transitions to RUNNING.
2022-09-28 09:57:00,168 [EventQueue-OpenPipelineForHealthyPipelineSafeModeRule] INFO  BackgroundPipelineScrubber (BackgroundSCMService.java:notifyStatusChanged(82)) - Service BackgroundPipelineScrubber transitions to RUNNING.
2022-09-28 09:57:00,169 [EventQueue-OpenPipelineForHealthyPipelineSafeModeRule] INFO  ExpiredContainerReplicaOpScrubber (BackgroundSCMService.java:notifyStatusChanged(82)) - Service ExpiredContainerReplicaOpScrubber transitions to RUNNING.
2022-09-28 09:57:00,169 [EventQueue-OpenPipelineForHealthyPipelineSafeModeRule] INFO  replication.ReplicationManager (ReplicationManager.java:notifyStatusChanged(726)) - Service ReplicationManager transitions to RUNNING.
2022-09-28 09:57:00,169 [EventQueue-OpenPipelineForHealthyPipelineSafeModeRule] WARN  balancer.ContainerBalancer (ContainerBalancer.java:shouldRun(936)) - Could not find persisted configuration for ContainerBalancer when checking if ContainerBalancer should run. ContainerBalancer should not run now.
2022-09-28 09:57:00,169 [grpc-default-executor-3] INFO  server.RaftServer$Division (RaftServerImpl.java:requestVote(1184)) - 125338ac-43fd-4d6a-ab02-d24e123888c3@group-1C3D2B2BA225 replies to ELECTION vote request: 81dd36da-3863-49d7-8e4a-0ce023160f67<-125338ac-43fd-4d6a-ab02-d24e123888c3#0:OK-t1. Peer's state: 125338ac-43fd-4d6a-ab02-d24e123888c3@group-1C3D2B2BA225:t1, leader=null, voted=81dd36da-3863-49d7-8e4a-0ce023160f67, raftlog=125338ac-43fd-4d6a-ab02-d24e123888c3@group-1C3D2B2BA225-SegmentedRaftLog:OPENED:c-1, conf=-1: [81dd36da-3863-49d7-8e4a-0ce023160f67|rpc:10.1.1.21:41931|dataStream:|priority:0, 9ea057a0-30fc-4465-ba53-d20d8addab64|rpc:10.1.1.21:34661|dataStream:|priority:1, 125338ac-43fd-4d6a-ab02-d24e123888c3|rpc:10.1.1.21:41005|dataStream:|priority:0], old=null
2022-09-28 09:57:00,249 [81dd36da-3863-49d7-8e4a-0ce023160f67@group-1C3D2B2BA225-LeaderElection28] INFO  impl.LeaderElection (LeaderElection.java:logAndReturn(90)) - 81dd36da-3863-49d7-8e4a-0ce023160f67@group-1C3D2B2BA225-LeaderElection28: ELECTION REJECTED received 1 response(s) and 0 exception(s):
2022-09-28 09:57:00,249 [81dd36da-3863-49d7-8e4a-0ce023160f67@group-1C3D2B2BA225-LeaderElection28] INFO  impl.LeaderElection (LeaderElection.java:logAndReturn(94)) -   Response 0: 81dd36da-3863-49d7-8e4a-0ce023160f67<-9ea057a0-30fc-4465-ba53-d20d8addab64#0:FAIL-t1
2022-09-28 09:57:00,249 [81dd36da-3863-49d7-8e4a-0ce023160f67@group-1C3D2B2BA225-LeaderElection28] INFO  impl.LeaderElection (LeaderElection.java:askForVotes(312)) - 81dd36da-3863-49d7-8e4a-0ce023160f67@group-1C3D2B2BA225-LeaderElection28 ELECTION round 0: result REJECTED
2022-09-28 09:57:00,249 [81dd36da-3863-49d7-8e4a-0ce023160f67@group-1C3D2B2BA225-LeaderElection28] INFO  server.RaftServer$Division (RaftServerImpl.java:setRole(299)) - 81dd36da-3863-49d7-8e4a-0ce023160f67@group-1C3D2B2BA225: changes role from CANDIDATE to FOLLOWER at term 1 for REJECTED
2022-09-28 09:57:00,249 [81dd36da-3863-49d7-8e4a-0ce023160f67@group-1C3D2B2BA225-LeaderElection28] INFO  impl.RoleInfo (RoleInfo.java:shutdownLeaderElection(130)) - 81dd36da-3863-49d7-8e4a-0ce023160f67: shutdown 81dd36da-3863-49d7-8e4a-0ce023160f67@group-1C3D2B2BA225-LeaderElection28
2022-09-28 09:57:00,249 [81dd36da-3863-49d7-8e4a-0ce023160f67@group-1C3D2B2BA225-LeaderElection28] INFO  impl.RoleInfo (RoleInfo.java:updateAndGet(139)) - 81dd36da-3863-49d7-8e4a-0ce023160f67: start 81dd36da-3863-49d7-8e4a-0ce023160f67@group-1C3D2B2BA225-FollowerState
2022-09-28 09:57:00,194 [81dd36da-3863-49d7-8e4a-0ce023160f67@group-7D9A13A01B2C-SegmentedRaftLogWorker] INFO  segmented.SegmentedRaftLogWorker (SegmentedRaftLogWorker.java:execute(629)) - 81dd36da-3863-49d7-8e4a-0ce023160f67@group-7D9A13A01B2C-SegmentedRaftLogWorker: created new log segment /home/runner/work/ozone/ozone/hadoop-ozone/integration-test/target/test-dir/MiniOzoneClusterImpl-d01a16d6-de90-4827-8502-1257907892ea/datanode-0/data/ratis/0eaca47e-d3ea-453b-9c0f-7d9a13a01b2c/current/log_inprogress_0
2022-09-28 09:57:00,279 [125338ac-43fd-4d6a-ab02-d24e123888c3-server-thread1] INFO  ratis.XceiverServerRatis (XceiverServerRatis.java:handleLeaderChangedNotification(863)) - Leader change notification received for group: group-7D9A13A01B2C with new leaderId: 81dd36da-3863-49d7-8e4a-0ce023160f67
2022-09-28 09:57:00,279 [125338ac-43fd-4d6a-ab02-d24e123888c3-server-thread1] INFO  server.RaftServer$Division (ServerState.java:setLeader(287)) - 125338ac-43fd-4d6a-ab02-d24e123888c3@group-7D9A13A01B2C: change Leader from null to 81dd36da-3863-49d7-8e4a-0ce023160f67 at term 1 for appendEntries, leader elected after 5375ms
2022-09-28 09:57:00,308 [9ea057a0-30fc-4465-ba53-d20d8addab64-server-thread1] INFO  ratis.XceiverServerRatis (XceiverServerRatis.java:handleLeaderChangedNotification(863)) - Leader change notification received for group: group-7D9A13A01B2C with new leaderId: 81dd36da-3863-49d7-8e4a-0ce023160f67
2022-09-28 09:57:00,309 [9ea057a0-30fc-4465-ba53-d20d8addab64-server-thread1] INFO  server.RaftServer$Division (ServerState.java:setLeader(287)) - 9ea057a0-30fc-4465-ba53-d20d8addab64@group-7D9A13A01B2C: change Leader from null to 81dd36da-3863-49d7-8e4a-0ce023160f67 at term 1 for appendEntries, leader elected after 5607ms
2022-09-28 09:57:00,345 [125338ac-43fd-4d6a-ab02-d24e123888c3-server-thread2] INFO  server.RaftServer$Division (ServerState.java:setRaftConf(393)) - 125338ac-43fd-4d6a-ab02-d24e123888c3@group-7D9A13A01B2C: set configuration 0: [81dd36da-3863-49d7-8e4a-0ce023160f67|rpc:10.1.1.21:41931|dataStream:|priority:1, 9ea057a0-30fc-4465-ba53-d20d8addab64|rpc:10.1.1.21:34661|dataStream:|priority:0, 125338ac-43fd-4d6a-ab02-d24e123888c3|rpc:10.1.1.21:41005|dataStream:|priority:0], old=null
2022-09-28 09:57:00,345 [125338ac-43fd-4d6a-ab02-d24e123888c3-server-thread2] INFO  segmented.SegmentedRaftLogWorker (SegmentedRaftLogWorker.java:startLogSegment(425)) - 125338ac-43fd-4d6a-ab02-d24e123888c3@group-7D9A13A01B2C-SegmentedRaftLogWorker: Starting segment from index:0
2022-09-28 09:57:00,346 [125338ac-43fd-4d6a-ab02-d24e123888c3@group-7D9A13A01B2C-SegmentedRaftLogWorker] INFO  segmented.SegmentedRaftLogWorker (SegmentedRaftLogWorker.java:execute(629)) - 125338ac-43fd-4d6a-ab02-d24e123888c3@group-7D9A13A01B2C-SegmentedRaftLogWorker: created new log segment /home/runner/work/ozone/ozone/hadoop-ozone/integration-test/target/test-dir/MiniOzoneClusterImpl-d01a16d6-de90-4827-8502-1257907892ea/datanode-2/data/ratis/0eaca47e-d3ea-453b-9c0f-7d9a13a01b2c/current/log_inprogress_0
2022-09-28 09:57:00,369 [9ea057a0-30fc-4465-ba53-d20d8addab64-server-thread1] INFO  server.RaftServer$Division (ServerState.java:setRaftConf(393)) - 9ea057a0-30fc-4465-ba53-d20d8addab64@group-7D9A13A01B2C: set configuration 0: [81dd36da-3863-49d7-8e4a-0ce023160f67|rpc:10.1.1.21:41931|dataStream:|priority:1, 9ea057a0-30fc-4465-ba53-d20d8addab64|rpc:10.1.1.21:34661|dataStream:|priority:0, 125338ac-43fd-4d6a-ab02-d24e123888c3|rpc:10.1.1.21:41005|dataStream:|priority:0], old=null
2022-09-28 09:57:00,370 [9ea057a0-30fc-4465-ba53-d20d8addab64-server-thread1] INFO  segmented.SegmentedRaftLogWorker (SegmentedRaftLogWorker.java:startLogSegment(425)) - 9ea057a0-30fc-4465-ba53-d20d8addab64@group-7D9A13A01B2C-SegmentedRaftLogWorker: Starting segment from index:0
2022-09-28 09:57:00,370 [9ea057a0-30fc-4465-ba53-d20d8addab64@group-7D9A13A01B2C-SegmentedRaftLogWorker] INFO  segmented.SegmentedRaftLogWorker (SegmentedRaftLogWorker.java:execute(629)) - 9ea057a0-30fc-4465-ba53-d20d8addab64@group-7D9A13A01B2C-SegmentedRaftLogWorker: created new log segment /home/runner/work/ozone/ozone/hadoop-ozone/integration-test/target/test-dir/MiniOzoneClusterImpl-d01a16d6-de90-4827-8502-1257907892ea/datanode-1/data/ratis/0eaca47e-d3ea-453b-9c0f-7d9a13a01b2c/current/log_inprogress_0
2022-09-28 09:57:00,395 [9ea057a0-30fc-4465-ba53-d20d8addab64@group-B6BE325B81D3-FollowerState] INFO  impl.FollowerState (FollowerState.java:run(143)) - 9ea057a0-30fc-4465-ba53-d20d8addab64@group-B6BE325B81D3-FollowerState: change to CANDIDATE, lastRpcElapsedTime:5034619297ns, electionTimeout:5026ms
2022-09-28 09:57:00,395 [9ea057a0-30fc-4465-ba53-d20d8addab64@group-B6BE325B81D3-FollowerState] INFO  impl.RoleInfo (RoleInfo.java:shutdownFollowerState(110)) - 9ea057a0-30fc-4465-ba53-d20d8addab64: shutdown 9ea057a0-30fc-4465-ba53-d20d8addab64@group-B6BE325B81D3-FollowerState
2022-09-28 09:57:00,395 [9ea057a0-30fc-4465-ba53-d20d8addab64@group-B6BE325B81D3-FollowerState] INFO  server.RaftServer$Division (RaftServerImpl.java:setRole(299)) - 9ea057a0-30fc-4465-ba53-d20d8addab64@group-B6BE325B81D3: changes role from  FOLLOWER to CANDIDATE at term 0 for changeToCandidate
2022-09-28 09:57:00,421 [9ea057a0-30fc-4465-ba53-d20d8addab64@group-B6BE325B81D3-FollowerState] INFO  server.RaftServerConfigKeys (ConfUtils.java:logGet(46)) - raft.server.leaderelection.pre-vote = false (custom)
2022-09-28 09:57:00,421 [9ea057a0-30fc-4465-ba53-d20d8addab64@group-B6BE325B81D3-FollowerState] INFO  impl.RoleInfo (RoleInfo.java:updateAndGet(139)) - 9ea057a0-30fc-4465-ba53-d20d8addab64: start 9ea057a0-30fc-4465-ba53-d20d8addab64@group-B6BE325B81D3-LeaderElection29
2022-09-28 09:57:00,487 [9ea057a0-30fc-4465-ba53-d20d8addab64@group-B6BE325B81D3-LeaderElection29] INFO  impl.LeaderElection (LeaderElection.java:askForVotes(310)) - 9ea057a0-30fc-4465-ba53-d20d8addab64@group-B6BE325B81D3-LeaderElection29 ELECTION round 0: submit vote requests at term 1 for -1: [9ea057a0-30fc-4465-ba53-d20d8addab64|rpc:10.1.1.21:34661|priority:1], old=null
2022-09-28 09:57:00,487 [9ea057a0-30fc-4465-ba53-d20d8addab64@group-B6BE325B81D3-LeaderElection29] INFO  impl.LeaderElection (LeaderElection.java:askForVotes(312)) - 9ea057a0-30fc-4465-ba53-d20d8addab64@group-B6BE325B81D3-LeaderElection29 ELECTION round 0: result PASSED (term=1)
2022-09-28 09:57:00,487 [9ea057a0-30fc-4465-ba53-d20d8addab64@group-B6BE325B81D3-LeaderElection29] INFO  impl.RoleInfo (RoleInfo.java:shutdownLeaderElection(130)) - 9ea057a0-30fc-4465-ba53-d20d8addab64: shutdown 9ea057a0-30fc-4465-ba53-d20d8addab64@group-B6BE325B81D3-LeaderElection29
2022-09-28 09:57:00,487 [9ea057a0-30fc-4465-ba53-d20d8addab64@group-B6BE325B81D3-LeaderElection29] INFO  server.RaftServer$Division (RaftServerImpl.java:setRole(299)) - 9ea057a0-30fc-4465-ba53-d20d8addab64@group-B6BE325B81D3: changes role from CANDIDATE to LEADER at term 1 for changeToLeader
2022-09-28 09:57:00,487 [9ea057a0-30fc-4465-ba53-d20d8addab64@group-B6BE325B81D3-LeaderElection29] INFO  ratis.XceiverServerRatis (XceiverServerRatis.java:handleLeaderChangedNotification(863)) - Leader change notification received for group: group-B6BE325B81D3 with new leaderId: 9ea057a0-30fc-4465-ba53-d20d8addab64
2022-09-28 09:57:00,487 [9ea057a0-30fc-4465-ba53-d20d8addab64@group-B6BE325B81D3-LeaderElection29] INFO  server.RaftServer$Division (ServerState.java:setLeader(287)) - 9ea057a0-30fc-4465-ba53-d20d8addab64@group-B6BE325B81D3: change Leader from null to 9ea057a0-30fc-4465-ba53-d20d8addab64 at term 1 for becomeLeader, leader elected after 5225ms
2022-09-28 09:57:00,487 [9ea057a0-30fc-4465-ba53-d20d8addab64@group-B6BE325B81D3-LeaderElection29] INFO  server.RaftServerConfigKeys (ConfUtils.java:logGet(46)) - raft.server.staging.catchup.gap = 1000 (default)
2022-09-28 09:57:00,487 [9ea057a0-30fc-4465-ba53-d20d8addab64@group-B6BE325B81D3-LeaderElection29] INFO  server.RaftServerConfigKeys (ConfUtils.java:logGet(46)) - raft.server.write.element-limit = 1024 (custom)
2022-09-28 09:57:00,487 [9ea057a0-30fc-4465-ba53-d20d8addab64@group-B6BE325B81D3-LeaderElection29] INFO  server.RaftServerConfigKeys (ConfUtils.java:logGet(46)) - raft.server.write.byte-limit = 1024 M (=1073741824) (custom)
2022-09-28 09:57:00,488 [9ea057a0-30fc-4465-ba53-d20d8addab64@group-B6BE325B81D3-LeaderElection29] INFO  server.RaftServerConfigKeys (ConfUtils.java:logGet(46)) - raft.server.watch.timeout = 180s (custom)
2022-09-28 09:57:00,488 [9ea057a0-30fc-4465-ba53-d20d8addab64@group-B6BE325B81D3-LeaderElection29] INFO  server.RaftServerConfigKeys (ConfUtils.java:logGet(46)) - raft.server.watch.timeout.denomination = 1s (default)
2022-09-28 09:57:00,488 [9ea057a0-30fc-4465-ba53-d20d8addab64@group-B6BE325B81D3-LeaderElection29] INFO  server.RaftServerConfigKeys (ConfUtils.java:logGet(46)) - raft.server.watch.element-limit = 65536 (default)
2022-09-28 09:57:00,488 [9ea057a0-30fc-4465-ba53-d20d8addab64@group-B6BE325B81D3-LeaderElection29] INFO  server.RaftServerConfigKeys (ConfUtils.java:logGet(46)) - raft.server.write.element-limit = 1024 (custom)
2022-09-28 09:57:00,488 [9ea057a0-30fc-4465-ba53-d20d8addab64@group-B6BE325B81D3-LeaderElection29] INFO  server.RaftServerConfigKeys (ConfUtils.java:logGet(46)) - raft.server.write.follower.gap.ratio.max = -1.0 (default)
2022-09-28 09:57:00,488 [9ea057a0-30fc-4465-ba53-d20d8addab64@group-B6BE325B81D3-LeaderElection29] INFO  impl.RoleInfo (RoleInfo.java:updateAndGet(139)) - 9ea057a0-30fc-4465-ba53-d20d8addab64: start 9ea057a0-30fc-4465-ba53-d20d8addab64@group-B6BE325B81D3-LeaderStateImpl
2022-09-28 09:57:00,488 [9ea057a0-30fc-4465-ba53-d20d8addab64@group-B6BE325B81D3-LeaderElection29] INFO  segmented.SegmentedRaftLogWorker (SegmentedRaftLogWorker.java:startLogSegment(425)) - 9ea057a0-30fc-4465-ba53-d20d8addab64@group-B6BE325B81D3-SegmentedRaftLogWorker: Starting segment from index:0
2022-09-28 09:57:00,490 [9ea057a0-30fc-4465-ba53-d20d8addab64@group-B6BE325B81D3-SegmentedRaftLogWorker] INFO  segmented.SegmentedRaftLogWorker (SegmentedRaftLogWorker.java:execute(629)) - 9ea057a0-30fc-4465-ba53-d20d8addab64@group-B6BE325B81D3-SegmentedRaftLogWorker: created new log segment /home/runner/work/ozone/ozone/hadoop-ozone/integration-test/target/test-dir/MiniOzoneClusterImpl-d01a16d6-de90-4827-8502-1257907892ea/datanode-1/data/ratis/2c9ea259-a92d-487e-a420-b6be325b81d3/current/log_inprogress_0
2022-09-28 09:57:00,508 [9ea057a0-30fc-4465-ba53-d20d8addab64@group-B6BE325B81D3-LeaderElection29] INFO  server.RaftServer$Division (ServerState.java:setRaftConf(393)) - 9ea057a0-30fc-4465-ba53-d20d8addab64@group-B6BE325B81D3: set configuration 0: [9ea057a0-30fc-4465-ba53-d20d8addab64|rpc:10.1.1.21:34661|dataStream:|priority:1], old=null
2022-09-28 09:57:00,953 [Listener at 127.0.0.1/44537] INFO  ozone.MiniOzoneClusterImpl (MiniOzoneClusterImpl.java:lambda$waitForClusterToBeReady$0(216)) - Nodes are ready. Got 5 of 5 DN Heartbeats.
2022-09-28 09:57:00,953 [Listener at 127.0.0.1/44537] INFO  ozone.MiniOzoneClusterImpl (MiniOzoneClusterImpl.java:lambda$waitForClusterToBeReady$0(219)) - Cluster exits safe mode
2022-09-28 09:57:00,953 [Listener at 127.0.0.1/44537] INFO  ozone.MiniOzoneClusterImpl (MiniOzoneClusterImpl.java:lambda$waitForClusterToBeReady$0(221)) - SCM became leader
2022-09-28 09:57:01,127 [Listener at 127.0.0.1/44537] INFO  rpc.RpcClient (RpcClient.java:createVolume(471)) - Creating Volume: volume16412, with user15537 as owner and space quota set to -1 bytes, counts quota set to -1
2022-09-28 09:57:01,161 [OM StateMachine ApplyTransaction Thread - 0] INFO  volume.OMVolumeCreateRequest (OMVolumeCreateRequest.java:validateAndUpdateCache(195)) - created volume:volume16412 for user:user15537
2022-09-28 09:57:01,175 [Listener at 127.0.0.1/44537] INFO  rpc.RpcClient (RpcClient.java:createBucket(674)) - Creating Bucket: volume16412/bucket93813, with bucket layout LEGACY, runner as owner, Versioning false, Storage Type set to DISK and Encryption set to false 
2022-09-28 09:57:01,182 [OM StateMachine ApplyTransaction Thread - 0] INFO  bucket.OMBucketCreateRequest (OMBucketCreateRequest.java:validateAndUpdateCache(260)) - created bucket: bucket93813 of layout LEGACY in volume: volume16412
]]></system-out>
  </testcase>
  <testcase name="testGetTrashRoot" classname="TestOzoneFileSystem" time="64.524">
    <system-out><![CDATA[2022-09-28 09:57:54,118 [Listener at 127.0.0.1/44537] INFO  ozone.MiniOzoneClusterImpl (MiniOzoneClusterImpl.java:shutdown(448)) - Shutting down the Mini Ozone Cluster
2022-09-28 09:57:54,169 [Listener at 127.0.0.1/44537] INFO  ozone.MiniOzoneClusterImpl (MiniOzoneClusterImpl.java:stop(463)) - Stopping the Mini Ozone Cluster
2022-09-28 09:57:54,169 [Listener at 127.0.0.1/44537] INFO  ozone.MiniOzoneClusterImpl (MiniOzoneClusterImpl.java:stopOM(545)) - Stopping the OzoneManager
2022-09-28 09:57:54,169 [Listener at 127.0.0.1/44537] INFO  om.OzoneManager (OzoneManager.java:stop(2035)) - om1[localhost:0]: Stopping Ozone Manager
2022-09-28 09:57:54,169 [Listener at 127.0.0.1/44537] INFO  ipc.Server (Server.java:stop(3414)) - Stopping server on 44537
2022-09-28 09:57:54,205 [IPC Server listener on 0] INFO  ipc.Server (Server.java:run(1376)) - Stopping IPC Server listener on 0
2022-09-28 09:57:54,232 [IPC Server Responder] INFO  ipc.Server (Server.java:run(1512)) - Stopping IPC Server Responder
2022-09-28 09:57:54,233 [Listener at 127.0.0.1/44537] INFO  server.RaftServer (RaftServerProxy.java:lambda$close$7(398)) - om1: close
2022-09-28 09:57:54,233 [Listener at 127.0.0.1/44537] INFO  server.RaftServer$Division (RaftServerImpl.java:lambda$close$4(434)) - om1@group-C5BA1605619E: shutdown
2022-09-28 09:57:54,233 [Listener at 127.0.0.1/44537] INFO  util.JmxRegister (JmxRegister.java:unregister(73)) - Successfully un-registered JMX Bean with object name Ratis:service=RaftServer,group=group-C5BA1605619E,id=om1
2022-09-28 09:57:54,233 [Listener at 127.0.0.1/44537] INFO  impl.RoleInfo (RoleInfo.java:shutdownLeaderState(93)) - om1: shutdown om1@group-C5BA1605619E-LeaderStateImpl
2022-09-28 09:57:54,233 [Listener at 127.0.0.1/44537] INFO  impl.PendingRequests (PendingRequests.java:sendNotLeaderResponses(282)) - om1@group-C5BA1605619E-PendingRequests: sendNotLeaderResponses
2022-09-28 09:57:54,244 [Listener at 127.0.0.1/44537] INFO  impl.StateMachineUpdater (StateMachineUpdater.java:stopAndJoin(153)) - om1@group-C5BA1605619E-StateMachineUpdater: set stopIndex = 36978
2022-09-28 09:57:54,248 [om1@group-C5BA1605619E-StateMachineUpdater] INFO  ratis.OzoneManagerStateMachine (OzoneManagerStateMachine.java:takeSnapshot(441)) - Current Snapshot Index (t:1, i:36978)
2022-09-28 09:57:54,248 [om1@group-C5BA1605619E-StateMachineUpdater] INFO  impl.StateMachineUpdater (StateMachineUpdater.java:takeSnapshot(287)) - om1@group-C5BA1605619E-StateMachineUpdater: Took a snapshot at index 36978
2022-09-28 09:57:54,248 [om1@group-C5BA1605619E-StateMachineUpdater] INFO  impl.StateMachineUpdater (StateMachineUpdater.java:lambda$new$0(92)) - om1@group-C5BA1605619E-StateMachineUpdater: snapshotIndex: updateIncreasingly -1 -> 36978
2022-09-28 09:57:54,248 [om1@group-C5BA1605619E-StateMachineUpdater] INFO  ratis.OzoneManagerStateMachine (OzoneManagerStateMachine.java:close(495)) - StateMachine has shutdown. Shutdown OzoneManager if not already shutdown.
2022-09-28 09:57:54,248 [om1@group-C5BA1605619E-StateMachineUpdater] INFO  ratis.OzoneManagerDoubleBuffer (OzoneManagerDoubleBuffer.java:stop(466)) - Stopping OMDoubleBuffer flush thread
2022-09-28 09:57:54,260 [OMDoubleBufferFlushThread] INFO  ratis.OzoneManagerDoubleBuffer (OzoneManagerDoubleBuffer.java:flushTransactions(385)) - OMDoubleBuffer flush thread OMDoubleBufferFlushThread is interrupted and will exit.
2022-09-28 09:57:54,263 [Listener at 127.0.0.1/44537] INFO  server.RaftServer$Division (ServerState.java:close(429)) - om1@group-C5BA1605619E: closes. applyIndex: 36978
2022-09-28 09:57:54,264 [om1@group-C5BA1605619E-SegmentedRaftLogWorker] INFO  segmented.SegmentedRaftLogWorker (SegmentedRaftLogWorker.java:run(336)) - om1@group-C5BA1605619E-SegmentedRaftLogWorker was interrupted, exiting. There are 0 tasks remaining in the queue.
2022-09-28 09:57:54,290 [Listener at 127.0.0.1/44537] INFO  segmented.SegmentedRaftLogWorker (SegmentedRaftLogWorker.java:close(246)) - om1@group-C5BA1605619E-SegmentedRaftLogWorker close()
2022-09-28 09:57:54,313 [Listener at 127.0.0.1/44537] INFO  server.GrpcService (GrpcService.java:closeImpl(269)) - om1: shutdown server with port 9872 now
2022-09-28 09:57:54,319 [Listener at 127.0.0.1/44537] INFO  server.GrpcService (GrpcService.java:closeImpl(278)) - om1: shutdown server with port 9872 successfully
2022-09-28 09:57:54,319 [org.apache.ratis.util.JvmPauseMonitor$$Lambda$634/511600595@601e9c19] INFO  util.JvmPauseMonitor (JvmPauseMonitor.java:run(109)) - JvmPauseMonitor-om1: Stopped
2022-09-28 09:57:54,319 [Listener at 127.0.0.1/44537] INFO  ratis.OzoneManagerStateMachine (OzoneManagerStateMachine.java:close(495)) - StateMachine has shutdown. Shutdown OzoneManager if not already shutdown.
2022-09-28 09:57:54,319 [Listener at 127.0.0.1/44537] INFO  ratis.OzoneManagerDoubleBuffer (OzoneManagerDoubleBuffer.java:stop(478)) - OMDoubleBuffer flush thread is not running.
2022-09-28 09:57:54,319 [Listener at 127.0.0.1/44537] INFO  utils.BackgroundService (BackgroundService.java:shutdown(141)) - Shutting down service KeyDeletingService
2022-09-28 09:57:54,319 [Listener at 127.0.0.1/44537] INFO  utils.BackgroundService (BackgroundService.java:shutdown(141)) - Shutting down service DirectoryDeletingService
2022-09-28 09:57:54,319 [Listener at 127.0.0.1/44537] INFO  utils.BackgroundService (BackgroundService.java:shutdown(141)) - Shutting down service OpenKeyCleanupService
2022-09-28 09:57:54,320 [Listener at 127.0.0.1/44537] INFO  handler.ContextHandler (ContextHandler.java:doStop(1153)) - Stopped o.e.j.w.WebAppContext@7bab8ad1{ozoneManager,/,null,STOPPED}{file:/home/runner/work/ozone/ozone/hadoop-ozone/integration-test/target/test-classes/webapps/ozoneManager}
2022-09-28 09:57:54,321 [Listener at 127.0.0.1/44537] INFO  server.AbstractConnector (AbstractConnector.java:doStop(381)) - Stopped ServerConnector@700f4764{HTTP/1.1, (http/1.1)}{0.0.0.0:0}
2022-09-28 09:57:54,321 [Listener at 127.0.0.1/44537] INFO  server.session (HouseKeeper.java:stopScavenging(149)) - node0 Stopped scavenging
2022-09-28 09:57:54,321 [Listener at 127.0.0.1/44537] INFO  handler.ContextHandler (ContextHandler.java:doStop(1153)) - Stopped o.e.j.s.ServletContextHandler@4e296a27{static,/static,file:///home/runner/work/ozone/ozone/hadoop-ozone/integration-test/target/test-classes/webapps/static,STOPPED}
2022-09-28 09:57:54,321 [Listener at 127.0.0.1/44537] INFO  handler.ContextHandler (ContextHandler.java:doStop(1153)) - Stopped o.e.j.s.ServletContextHandler@1385e9e3{logs,/logs,file:///home/runner/work/ozone/ozone/hadoop-ozone/integration-test/target/log,STOPPED}
2022-09-28 09:57:54,352 [Trash Emptier] ERROR om.TrashPolicyOzone (TrashPolicyOzone.java:run(251)) - Error attempting to shutdown
java.lang.InterruptedException
	at java.util.concurrent.locks.AbstractQueuedSynchronizer$ConditionObject.awaitNanos(AbstractQueuedSynchronizer.java:2072)
	at java.util.concurrent.ThreadPoolExecutor.awaitTermination(ThreadPoolExecutor.java:1475)
	at org.apache.hadoop.ozone.om.TrashPolicyOzone$Emptier.run(TrashPolicyOzone.java:249)
	at java.lang.Thread.run(Thread.java:750)
2022-09-28 09:57:54,352 [Trash Emptier] ERROR util.ExitUtils (ExitUtils.java:terminate(133)) - Terminating with exit status -1: Thread[Trash Emptier,5,main] has thrown an uncaught exception
java.lang.UnsupportedOperationException: fs.getUri() not implemented in TrashOzoneFileSystem
	at org.apache.hadoop.ozone.om.TrashOzoneFileSystem.getUri(TrashOzoneFileSystem.java:126)
	at org.apache.hadoop.fs.FileSystem.close(FileSystem.java:2592)
	at org.apache.hadoop.ozone.om.TrashPolicyOzone$Emptier.run(TrashPolicyOzone.java:243)
	at java.lang.Thread.run(Thread.java:750)
2022-09-28 09:57:54,364 [Listener at 127.0.0.1/44537] INFO  ozone.MiniOzoneClusterImpl (MiniOzoneClusterImpl.java:stopDatanodes(522)) - Stopping the HddsDatanodes
2022-09-28 09:57:59,384 [ForkJoinPool.commonPool-worker-1] INFO  ozoneimpl.OzoneContainer (OzoneContainer.java:stop(400)) - Attempting to stop container services.
2022-09-28 09:57:59,386 [Listener at 127.0.0.1/44537] INFO  ozoneimpl.OzoneContainer (OzoneContainer.java:stop(400)) - Attempting to stop container services.
2022-09-28 09:57:59,387 [Listener at 127.0.0.1/44537] INFO  server.RaftServer (RaftServerProxy.java:lambda$close$7(398)) - 125338ac-43fd-4d6a-ab02-d24e123888c3: close
2022-09-28 09:57:59,387 [Listener at 127.0.0.1/44537] INFO  server.RaftServer$Division (RaftServerImpl.java:lambda$close$4(434)) - 125338ac-43fd-4d6a-ab02-d24e123888c3@group-1C3D2B2BA225: shutdown
2022-09-28 09:57:59,387 [Listener at 127.0.0.1/44537] INFO  util.JmxRegister (JmxRegister.java:unregister(73)) - Successfully un-registered JMX Bean with object name Ratis:service=RaftServer,group=group-1C3D2B2BA225,id=125338ac-43fd-4d6a-ab02-d24e123888c3
2022-09-28 09:57:59,387 [Listener at 127.0.0.1/44537] INFO  impl.RoleInfo (RoleInfo.java:shutdownFollowerState(110)) - 125338ac-43fd-4d6a-ab02-d24e123888c3: shutdown 125338ac-43fd-4d6a-ab02-d24e123888c3@group-1C3D2B2BA225-FollowerState
2022-09-28 09:57:59,387 [Listener at 127.0.0.1/44537] INFO  impl.StateMachineUpdater (StateMachineUpdater.java:stopAndJoin(153)) - 125338ac-43fd-4d6a-ab02-d24e123888c3@group-1C3D2B2BA225-StateMachineUpdater: set stopIndex = 4
2022-09-28 09:57:59,388 [125338ac-43fd-4d6a-ab02-d24e123888c3@group-1C3D2B2BA225-FollowerState] INFO  impl.FollowerState (FollowerState.java:run(152)) - 125338ac-43fd-4d6a-ab02-d24e123888c3@group-1C3D2B2BA225-FollowerState was interrupted
2022-09-28 09:57:59,388 [125338ac-43fd-4d6a-ab02-d24e123888c3@group-1C3D2B2BA225-StateMachineUpdater] INFO  ratis.ContainerStateMachine (ContainerStateMachine.java:takeSnapshot(304)) - group-1C3D2B2BA225: Taking a snapshot at:(t:2, i:4) file /home/runner/work/ozone/ozone/hadoop-ozone/integration-test/target/test-dir/MiniOzoneClusterImpl-d01a16d6-de90-4827-8502-1257907892ea/datanode-2/data/ratis/01486891-e71e-4231-8392-1c3d2b2ba225/sm/snapshot.2_4
2022-09-28 09:57:59,397 [ForkJoinPool.commonPool-worker-1] INFO  server.RaftServer (RaftServerProxy.java:lambda$close$7(398)) - 9ea057a0-30fc-4465-ba53-d20d8addab64: close
2022-09-28 09:57:59,397 [ForkJoinPool.commonPool-worker-1] INFO  server.RaftServer$Division (RaftServerImpl.java:lambda$close$4(434)) - 9ea057a0-30fc-4465-ba53-d20d8addab64@group-B6BE325B81D3: shutdown
2022-09-28 09:57:59,397 [ForkJoinPool.commonPool-worker-1] INFO  util.JmxRegister (JmxRegister.java:unregister(73)) - Successfully un-registered JMX Bean with object name Ratis:service=RaftServer,group=group-B6BE325B81D3,id=9ea057a0-30fc-4465-ba53-d20d8addab64
2022-09-28 09:57:59,397 [ForkJoinPool.commonPool-worker-1] INFO  impl.RoleInfo (RoleInfo.java:shutdownLeaderState(93)) - 9ea057a0-30fc-4465-ba53-d20d8addab64: shutdown 9ea057a0-30fc-4465-ba53-d20d8addab64@group-B6BE325B81D3-LeaderStateImpl
2022-09-28 09:57:59,397 [ForkJoinPool.commonPool-worker-1] INFO  impl.PendingRequests (PendingRequests.java:sendNotLeaderResponses(282)) - 9ea057a0-30fc-4465-ba53-d20d8addab64@group-B6BE325B81D3-PendingRequests: sendNotLeaderResponses
2022-09-28 09:57:59,398 [ForkJoinPool.commonPool-worker-1] INFO  impl.StateMachineUpdater (StateMachineUpdater.java:stopAndJoin(153)) - 9ea057a0-30fc-4465-ba53-d20d8addab64@group-B6BE325B81D3-StateMachineUpdater: set stopIndex = 0
2022-09-28 09:57:59,398 [9ea057a0-30fc-4465-ba53-d20d8addab64@group-B6BE325B81D3-StateMachineUpdater] INFO  ratis.ContainerStateMachine (ContainerStateMachine.java:takeSnapshot(304)) - group-B6BE325B81D3: Taking a snapshot at:(t:1, i:0) file /home/runner/work/ozone/ozone/hadoop-ozone/integration-test/target/test-dir/MiniOzoneClusterImpl-d01a16d6-de90-4827-8502-1257907892ea/datanode-1/data/ratis/2c9ea259-a92d-487e-a420-b6be325b81d3/sm/snapshot.1_0
2022-09-28 09:57:59,398 [9ea057a0-30fc-4465-ba53-d20d8addab64@group-B6BE325B81D3-StateMachineUpdater] INFO  ratis.ContainerStateMachine (ContainerStateMachine.java:takeSnapshot(315)) - group-B6BE325B81D3: Finished taking a snapshot at:(t:1, i:0) file:/home/runner/work/ozone/ozone/hadoop-ozone/integration-test/target/test-dir/MiniOzoneClusterImpl-d01a16d6-de90-4827-8502-1257907892ea/datanode-1/data/ratis/2c9ea259-a92d-487e-a420-b6be325b81d3/sm/snapshot.1_0 took: 0 ms
2022-09-28 09:57:59,399 [9ea057a0-30fc-4465-ba53-d20d8addab64@group-B6BE325B81D3-StateMachineUpdater] INFO  impl.StateMachineUpdater (StateMachineUpdater.java:takeSnapshot(287)) - 9ea057a0-30fc-4465-ba53-d20d8addab64@group-B6BE325B81D3-StateMachineUpdater: Took a snapshot at index 0
2022-09-28 09:57:59,399 [9ea057a0-30fc-4465-ba53-d20d8addab64@group-B6BE325B81D3-StateMachineUpdater] INFO  impl.StateMachineUpdater (StateMachineUpdater.java:lambda$new$0(92)) - 9ea057a0-30fc-4465-ba53-d20d8addab64@group-B6BE325B81D3-StateMachineUpdater: snapshotIndex: updateIncreasingly -1 -> 0
2022-09-28 09:57:59,399 [ForkJoinPool.commonPool-worker-1] INFO  server.RaftServer$Division (ServerState.java:close(429)) - 9ea057a0-30fc-4465-ba53-d20d8addab64@group-B6BE325B81D3: closes. applyIndex: 0
2022-09-28 09:57:59,399 [9ea057a0-30fc-4465-ba53-d20d8addab64@group-B6BE325B81D3-SegmentedRaftLogWorker] INFO  segmented.SegmentedRaftLogWorker (SegmentedRaftLogWorker.java:run(336)) - 9ea057a0-30fc-4465-ba53-d20d8addab64@group-B6BE325B81D3-SegmentedRaftLogWorker was interrupted, exiting. There are 0 tasks remaining in the queue.
2022-09-28 09:57:59,399 [125338ac-43fd-4d6a-ab02-d24e123888c3@group-1C3D2B2BA225-StateMachineUpdater] INFO  ratis.ContainerStateMachine (ContainerStateMachine.java:takeSnapshot(315)) - group-1C3D2B2BA225: Finished taking a snapshot at:(t:2, i:4) file:/home/runner/work/ozone/ozone/hadoop-ozone/integration-test/target/test-dir/MiniOzoneClusterImpl-d01a16d6-de90-4827-8502-1257907892ea/datanode-2/data/ratis/01486891-e71e-4231-8392-1c3d2b2ba225/sm/snapshot.2_4 took: 11 ms
2022-09-28 09:57:59,399 [125338ac-43fd-4d6a-ab02-d24e123888c3@group-1C3D2B2BA225-StateMachineUpdater] INFO  impl.StateMachineUpdater (StateMachineUpdater.java:takeSnapshot(287)) - 125338ac-43fd-4d6a-ab02-d24e123888c3@group-1C3D2B2BA225-StateMachineUpdater: Took a snapshot at index 4
2022-09-28 09:57:59,400 [125338ac-43fd-4d6a-ab02-d24e123888c3@group-1C3D2B2BA225-StateMachineUpdater] INFO  impl.StateMachineUpdater (StateMachineUpdater.java:lambda$new$0(92)) - 125338ac-43fd-4d6a-ab02-d24e123888c3@group-1C3D2B2BA225-StateMachineUpdater: snapshotIndex: updateIncreasingly -1 -> 4
2022-09-28 09:57:59,403 [Listener at 127.0.0.1/44537] INFO  server.RaftServer$Division (ServerState.java:close(429)) - 125338ac-43fd-4d6a-ab02-d24e123888c3@group-1C3D2B2BA225: closes. applyIndex: 4
2022-09-28 09:57:59,404 [ForkJoinPool.commonPool-worker-1] INFO  segmented.SegmentedRaftLogWorker (SegmentedRaftLogWorker.java:close(246)) - 9ea057a0-30fc-4465-ba53-d20d8addab64@group-B6BE325B81D3-SegmentedRaftLogWorker close()
2022-09-28 09:57:59,413 [125338ac-43fd-4d6a-ab02-d24e123888c3@group-1C3D2B2BA225-SegmentedRaftLogWorker] INFO  segmented.SegmentedRaftLogWorker (SegmentedRaftLogWorker.java:run(336)) - 125338ac-43fd-4d6a-ab02-d24e123888c3@group-1C3D2B2BA225-SegmentedRaftLogWorker was interrupted, exiting. There are 0 tasks remaining in the queue.
2022-09-28 09:57:59,417 [ForkJoinPool.commonPool-worker-1] INFO  server.RaftServer$Division (RaftServerImpl.java:lambda$close$4(434)) - 9ea057a0-30fc-4465-ba53-d20d8addab64@group-1C3D2B2BA225: shutdown
2022-09-28 09:57:59,417 [ForkJoinPool.commonPool-worker-1] INFO  util.JmxRegister (JmxRegister.java:unregister(73)) - Successfully un-registered JMX Bean with object name Ratis:service=RaftServer,group=group-1C3D2B2BA225,id=9ea057a0-30fc-4465-ba53-d20d8addab64
2022-09-28 09:57:59,417 [ForkJoinPool.commonPool-worker-1] INFO  impl.RoleInfo (RoleInfo.java:shutdownLeaderState(93)) - 9ea057a0-30fc-4465-ba53-d20d8addab64: shutdown 9ea057a0-30fc-4465-ba53-d20d8addab64@group-1C3D2B2BA225-LeaderStateImpl
2022-09-28 09:57:59,417 [ForkJoinPool.commonPool-worker-1] INFO  impl.PendingRequests (PendingRequests.java:sendNotLeaderResponses(282)) - 9ea057a0-30fc-4465-ba53-d20d8addab64@group-1C3D2B2BA225-PendingRequests: sendNotLeaderResponses
2022-09-28 09:57:59,418 [9ea057a0-30fc-4465-ba53-d20d8addab64@group-1C3D2B2BA225->125338ac-43fd-4d6a-ab02-d24e123888c3-GrpcLogAppender-LogAppenderDaemon] WARN  server.GrpcLogAppender (GrpcLogAppender.java:mayWait(171)) - 9ea057a0-30fc-4465-ba53-d20d8addab64@group-1C3D2B2BA225->125338ac-43fd-4d6a-ab02-d24e123888c3-GrpcLogAppender: Wait interrupted by java.lang.InterruptedException
2022-09-28 09:57:59,420 [grpc-default-executor-1] INFO  server.GrpcServerProtocolService (GrpcServerProtocolService.java:onCompleted(140)) - 125338ac-43fd-4d6a-ab02-d24e123888c3: Completed APPEND_ENTRIES, lastRequest: 9ea057a0-30fc-4465-ba53-d20d8addab64->125338ac-43fd-4d6a-ab02-d24e123888c3#32-t2,previous=(t:2, i:3),leaderCommit=2,initializing? true,entries: size=1, first=(t:2, i:4), METADATAENTRY(c:2)
2022-09-28 09:57:59,424 [grpc-default-executor-1] INFO  server.GrpcLogAppender (GrpcLogAppender.java:onCompleted(339)) - 9ea057a0-30fc-4465-ba53-d20d8addab64@group-1C3D2B2BA225->125338ac-43fd-4d6a-ab02-d24e123888c3-AppendLogResponseHandler: follower responses appendEntries COMPLETED
2022-09-28 09:57:59,424 [grpc-default-executor-1] INFO  leader.FollowerInfo (FollowerInfoImpl.java:lambda$new$0(48)) - 9ea057a0-30fc-4465-ba53-d20d8addab64@group-1C3D2B2BA225->125338ac-43fd-4d6a-ab02-d24e123888c3: nextIndex: updateUnconditionally 5 -> 4
2022-09-28 09:57:59,432 [9ea057a0-30fc-4465-ba53-d20d8addab64@group-1C3D2B2BA225->81dd36da-3863-49d7-8e4a-0ce023160f67-GrpcLogAppender-LogAppenderDaemon] WARN  server.GrpcLogAppender (GrpcLogAppender.java:mayWait(171)) - 9ea057a0-30fc-4465-ba53-d20d8addab64@group-1C3D2B2BA225->81dd36da-3863-49d7-8e4a-0ce023160f67-GrpcLogAppender: Wait interrupted by java.lang.InterruptedException
2022-09-28 09:57:59,434 [Listener at 127.0.0.1/44537] INFO  segmented.SegmentedRaftLogWorker (SegmentedRaftLogWorker.java:close(246)) - 125338ac-43fd-4d6a-ab02-d24e123888c3@group-1C3D2B2BA225-SegmentedRaftLogWorker close()
2022-09-28 09:57:59,435 [grpc-default-executor-1] INFO  server.GrpcServerProtocolService (GrpcServerProtocolService.java:onCompleted(140)) - 81dd36da-3863-49d7-8e4a-0ce023160f67: Completed APPEND_ENTRIES, lastRequest: 9ea057a0-30fc-4465-ba53-d20d8addab64->81dd36da-3863-49d7-8e4a-0ce023160f67#36-t2,previous=(t:2, i:3),leaderCommit=2,initializing? true,entries: size=1, first=(t:2, i:4), METADATAENTRY(c:2)
2022-09-28 09:57:59,435 [grpc-default-executor-3] INFO  server.GrpcLogAppender (GrpcLogAppender.java:onCompleted(339)) - 9ea057a0-30fc-4465-ba53-d20d8addab64@group-1C3D2B2BA225->81dd36da-3863-49d7-8e4a-0ce023160f67-AppendLogResponseHandler: follower responses appendEntries COMPLETED
2022-09-28 09:57:59,435 [grpc-default-executor-3] INFO  leader.FollowerInfo (FollowerInfoImpl.java:lambda$new$0(48)) - 9ea057a0-30fc-4465-ba53-d20d8addab64@group-1C3D2B2BA225->81dd36da-3863-49d7-8e4a-0ce023160f67: nextIndex: updateUnconditionally 5 -> 4
2022-09-28 09:57:59,445 [Listener at 127.0.0.1/44537] INFO  server.RaftServer$Division (RaftServerImpl.java:lambda$close$4(434)) - 125338ac-43fd-4d6a-ab02-d24e123888c3@group-3B466E333FBD: shutdown
2022-09-28 09:57:59,445 [ForkJoinPool.commonPool-worker-1] INFO  impl.StateMachineUpdater (StateMachineUpdater.java:stopAndJoin(153)) - 9ea057a0-30fc-4465-ba53-d20d8addab64@group-1C3D2B2BA225-StateMachineUpdater: set stopIndex = 4
2022-09-28 09:57:59,445 [9ea057a0-30fc-4465-ba53-d20d8addab64@group-1C3D2B2BA225-StateMachineUpdater] INFO  ratis.ContainerStateMachine (ContainerStateMachine.java:takeSnapshot(304)) - group-1C3D2B2BA225: Taking a snapshot at:(t:2, i:4) file /home/runner/work/ozone/ozone/hadoop-ozone/integration-test/target/test-dir/MiniOzoneClusterImpl-d01a16d6-de90-4827-8502-1257907892ea/datanode-1/data/ratis/01486891-e71e-4231-8392-1c3d2b2ba225/sm/snapshot.2_4
2022-09-28 09:57:59,446 [Listener at 127.0.0.1/44537] INFO  util.JmxRegister (JmxRegister.java:unregister(73)) - Successfully un-registered JMX Bean with object name Ratis:service=RaftServer,group=group-3B466E333FBD,id=125338ac-43fd-4d6a-ab02-d24e123888c3
2022-09-28 09:57:59,446 [Listener at 127.0.0.1/44537] INFO  impl.RoleInfo (RoleInfo.java:shutdownLeaderState(93)) - 125338ac-43fd-4d6a-ab02-d24e123888c3: shutdown 125338ac-43fd-4d6a-ab02-d24e123888c3@group-3B466E333FBD-LeaderStateImpl
2022-09-28 09:57:59,446 [Listener at 127.0.0.1/44537] INFO  impl.PendingRequests (PendingRequests.java:sendNotLeaderResponses(282)) - 125338ac-43fd-4d6a-ab02-d24e123888c3@group-3B466E333FBD-PendingRequests: sendNotLeaderResponses
2022-09-28 09:57:59,446 [Listener at 127.0.0.1/44537] INFO  impl.StateMachineUpdater (StateMachineUpdater.java:stopAndJoin(153)) - 125338ac-43fd-4d6a-ab02-d24e123888c3@group-3B466E333FBD-StateMachineUpdater: set stopIndex = 0
2022-09-28 09:57:59,460 [125338ac-43fd-4d6a-ab02-d24e123888c3@group-3B466E333FBD-StateMachineUpdater] INFO  ratis.ContainerStateMachine (ContainerStateMachine.java:takeSnapshot(304)) - group-3B466E333FBD: Taking a snapshot at:(t:1, i:0) file /home/runner/work/ozone/ozone/hadoop-ozone/integration-test/target/test-dir/MiniOzoneClusterImpl-d01a16d6-de90-4827-8502-1257907892ea/datanode-2/data/ratis/e37f2bb2-f2bd-4a14-97db-3b466e333fbd/sm/snapshot.1_0
2022-09-28 09:57:59,464 [125338ac-43fd-4d6a-ab02-d24e123888c3@group-3B466E333FBD-StateMachineUpdater] INFO  ratis.ContainerStateMachine (ContainerStateMachine.java:takeSnapshot(315)) - group-3B466E333FBD: Finished taking a snapshot at:(t:1, i:0) file:/home/runner/work/ozone/ozone/hadoop-ozone/integration-test/target/test-dir/MiniOzoneClusterImpl-d01a16d6-de90-4827-8502-1257907892ea/datanode-2/data/ratis/e37f2bb2-f2bd-4a14-97db-3b466e333fbd/sm/snapshot.1_0 took: 4 ms
2022-09-28 09:57:59,464 [125338ac-43fd-4d6a-ab02-d24e123888c3@group-3B466E333FBD-StateMachineUpdater] INFO  impl.StateMachineUpdater (StateMachineUpdater.java:takeSnapshot(287)) - 125338ac-43fd-4d6a-ab02-d24e123888c3@group-3B466E333FBD-StateMachineUpdater: Took a snapshot at index 0
2022-09-28 09:57:59,464 [125338ac-43fd-4d6a-ab02-d24e123888c3@group-3B466E333FBD-StateMachineUpdater] INFO  impl.StateMachineUpdater (StateMachineUpdater.java:lambda$new$0(92)) - 125338ac-43fd-4d6a-ab02-d24e123888c3@group-3B466E333FBD-StateMachineUpdater: snapshotIndex: updateIncreasingly -1 -> 0
2022-09-28 09:57:59,464 [Listener at 127.0.0.1/44537] INFO  server.RaftServer$Division (ServerState.java:close(429)) - 125338ac-43fd-4d6a-ab02-d24e123888c3@group-3B466E333FBD: closes. applyIndex: 0
2022-09-28 09:57:59,464 [125338ac-43fd-4d6a-ab02-d24e123888c3@group-3B466E333FBD-SegmentedRaftLogWorker] INFO  segmented.SegmentedRaftLogWorker (SegmentedRaftLogWorker.java:run(336)) - 125338ac-43fd-4d6a-ab02-d24e123888c3@group-3B466E333FBD-SegmentedRaftLogWorker was interrupted, exiting. There are 0 tasks remaining in the queue.
2022-09-28 09:57:59,469 [Listener at 127.0.0.1/44537] INFO  segmented.SegmentedRaftLogWorker (SegmentedRaftLogWorker.java:close(246)) - 125338ac-43fd-4d6a-ab02-d24e123888c3@group-3B466E333FBD-SegmentedRaftLogWorker close()
2022-09-28 09:57:59,471 [9ea057a0-30fc-4465-ba53-d20d8addab64@group-1C3D2B2BA225-StateMachineUpdater] INFO  ratis.ContainerStateMachine (ContainerStateMachine.java:takeSnapshot(315)) - group-1C3D2B2BA225: Finished taking a snapshot at:(t:2, i:4) file:/home/runner/work/ozone/ozone/hadoop-ozone/integration-test/target/test-dir/MiniOzoneClusterImpl-d01a16d6-de90-4827-8502-1257907892ea/datanode-1/data/ratis/01486891-e71e-4231-8392-1c3d2b2ba225/sm/snapshot.2_4 took: 26 ms
2022-09-28 09:57:59,471 [9ea057a0-30fc-4465-ba53-d20d8addab64@group-1C3D2B2BA225-StateMachineUpdater] INFO  impl.StateMachineUpdater (StateMachineUpdater.java:takeSnapshot(287)) - 9ea057a0-30fc-4465-ba53-d20d8addab64@group-1C3D2B2BA225-StateMachineUpdater: Took a snapshot at index 4
2022-09-28 09:57:59,471 [9ea057a0-30fc-4465-ba53-d20d8addab64@group-1C3D2B2BA225-StateMachineUpdater] INFO  impl.StateMachineUpdater (StateMachineUpdater.java:lambda$new$0(92)) - 9ea057a0-30fc-4465-ba53-d20d8addab64@group-1C3D2B2BA225-StateMachineUpdater: snapshotIndex: updateIncreasingly -1 -> 4
2022-09-28 09:57:59,471 [ForkJoinPool.commonPool-worker-1] INFO  server.RaftServer$Division (ServerState.java:close(429)) - 9ea057a0-30fc-4465-ba53-d20d8addab64@group-1C3D2B2BA225: closes. applyIndex: 4
2022-09-28 09:57:59,476 [9ea057a0-30fc-4465-ba53-d20d8addab64@group-1C3D2B2BA225-SegmentedRaftLogWorker] INFO  segmented.SegmentedRaftLogWorker (SegmentedRaftLogWorker.java:run(336)) - 9ea057a0-30fc-4465-ba53-d20d8addab64@group-1C3D2B2BA225-SegmentedRaftLogWorker was interrupted, exiting. There are 0 tasks remaining in the queue.
2022-09-28 09:57:59,480 [ForkJoinPool.commonPool-worker-1] INFO  segmented.SegmentedRaftLogWorker (SegmentedRaftLogWorker.java:close(246)) - 9ea057a0-30fc-4465-ba53-d20d8addab64@group-1C3D2B2BA225-SegmentedRaftLogWorker close()
2022-09-28 09:57:59,480 [Listener at 127.0.0.1/44537] INFO  server.RaftServer$Division (RaftServerImpl.java:lambda$close$4(434)) - 125338ac-43fd-4d6a-ab02-d24e123888c3@group-7D9A13A01B2C: shutdown
2022-09-28 09:57:59,481 [Listener at 127.0.0.1/44537] INFO  util.JmxRegister (JmxRegister.java:unregister(73)) - Successfully un-registered JMX Bean with object name Ratis:service=RaftServer,group=group-7D9A13A01B2C,id=125338ac-43fd-4d6a-ab02-d24e123888c3
2022-09-28 09:57:59,481 [Listener at 127.0.0.1/44537] INFO  impl.RoleInfo (RoleInfo.java:shutdownFollowerState(110)) - 125338ac-43fd-4d6a-ab02-d24e123888c3: shutdown 125338ac-43fd-4d6a-ab02-d24e123888c3@group-7D9A13A01B2C-FollowerState
2022-09-28 09:57:59,481 [Listener at 127.0.0.1/44537] INFO  impl.StateMachineUpdater (StateMachineUpdater.java:stopAndJoin(153)) - 125338ac-43fd-4d6a-ab02-d24e123888c3@group-7D9A13A01B2C-StateMachineUpdater: set stopIndex = 24
2022-09-28 09:57:59,481 [125338ac-43fd-4d6a-ab02-d24e123888c3@group-7D9A13A01B2C-FollowerState] INFO  impl.FollowerState (FollowerState.java:run(152)) - 125338ac-43fd-4d6a-ab02-d24e123888c3@group-7D9A13A01B2C-FollowerState was interrupted
2022-09-28 09:57:59,482 [ForkJoinPool.commonPool-worker-1] INFO  server.RaftServer$Division (RaftServerImpl.java:lambda$close$4(434)) - 9ea057a0-30fc-4465-ba53-d20d8addab64@group-7D9A13A01B2C: shutdown
2022-09-28 09:57:59,482 [ForkJoinPool.commonPool-worker-1] INFO  util.JmxRegister (JmxRegister.java:unregister(73)) - Successfully un-registered JMX Bean with object name Ratis:service=RaftServer,group=group-7D9A13A01B2C,id=9ea057a0-30fc-4465-ba53-d20d8addab64
2022-09-28 09:57:59,482 [ForkJoinPool.commonPool-worker-1] INFO  impl.RoleInfo (RoleInfo.java:shutdownFollowerState(110)) - 9ea057a0-30fc-4465-ba53-d20d8addab64: shutdown 9ea057a0-30fc-4465-ba53-d20d8addab64@group-7D9A13A01B2C-FollowerState
2022-09-28 09:57:59,482 [ForkJoinPool.commonPool-worker-1] INFO  impl.StateMachineUpdater (StateMachineUpdater.java:stopAndJoin(153)) - 9ea057a0-30fc-4465-ba53-d20d8addab64@group-7D9A13A01B2C-StateMachineUpdater: set stopIndex = 24
2022-09-28 09:57:59,482 [9ea057a0-30fc-4465-ba53-d20d8addab64@group-7D9A13A01B2C-FollowerState] INFO  impl.FollowerState (FollowerState.java:run(152)) - 9ea057a0-30fc-4465-ba53-d20d8addab64@group-7D9A13A01B2C-FollowerState was interrupted
2022-09-28 09:57:59,482 [9ea057a0-30fc-4465-ba53-d20d8addab64@group-7D9A13A01B2C-StateMachineUpdater] INFO  ratis.ContainerStateMachine (ContainerStateMachine.java:takeSnapshot(304)) - group-7D9A13A01B2C: Taking a snapshot at:(t:1, i:24) file /home/runner/work/ozone/ozone/hadoop-ozone/integration-test/target/test-dir/MiniOzoneClusterImpl-d01a16d6-de90-4827-8502-1257907892ea/datanode-1/data/ratis/0eaca47e-d3ea-453b-9c0f-7d9a13a01b2c/sm/snapshot.1_24
2022-09-28 09:57:59,483 [9ea057a0-30fc-4465-ba53-d20d8addab64@group-7D9A13A01B2C-StateMachineUpdater] INFO  ratis.ContainerStateMachine (ContainerStateMachine.java:takeSnapshot(315)) - group-7D9A13A01B2C: Finished taking a snapshot at:(t:1, i:24) file:/home/runner/work/ozone/ozone/hadoop-ozone/integration-test/target/test-dir/MiniOzoneClusterImpl-d01a16d6-de90-4827-8502-1257907892ea/datanode-1/data/ratis/0eaca47e-d3ea-453b-9c0f-7d9a13a01b2c/sm/snapshot.1_24 took: 1 ms
2022-09-28 09:57:59,483 [9ea057a0-30fc-4465-ba53-d20d8addab64@group-7D9A13A01B2C-StateMachineUpdater] INFO  impl.StateMachineUpdater (StateMachineUpdater.java:takeSnapshot(287)) - 9ea057a0-30fc-4465-ba53-d20d8addab64@group-7D9A13A01B2C-StateMachineUpdater: Took a snapshot at index 24
2022-09-28 09:57:59,483 [9ea057a0-30fc-4465-ba53-d20d8addab64@group-7D9A13A01B2C-StateMachineUpdater] INFO  impl.StateMachineUpdater (StateMachineUpdater.java:lambda$new$0(92)) - 9ea057a0-30fc-4465-ba53-d20d8addab64@group-7D9A13A01B2C-StateMachineUpdater: snapshotIndex: updateIncreasingly -1 -> 24
2022-09-28 09:57:59,483 [ForkJoinPool.commonPool-worker-1] INFO  server.RaftServer$Division (ServerState.java:close(429)) - 9ea057a0-30fc-4465-ba53-d20d8addab64@group-7D9A13A01B2C: closes. applyIndex: 24
2022-09-28 09:57:59,483 [9ea057a0-30fc-4465-ba53-d20d8addab64@group-7D9A13A01B2C-SegmentedRaftLogWorker] INFO  segmented.SegmentedRaftLogWorker (SegmentedRaftLogWorker.java:run(336)) - 9ea057a0-30fc-4465-ba53-d20d8addab64@group-7D9A13A01B2C-SegmentedRaftLogWorker was interrupted, exiting. There are 0 tasks remaining in the queue.
2022-09-28 09:57:59,484 [ForkJoinPool.commonPool-worker-1] INFO  segmented.SegmentedRaftLogWorker (SegmentedRaftLogWorker.java:close(246)) - 9ea057a0-30fc-4465-ba53-d20d8addab64@group-7D9A13A01B2C-SegmentedRaftLogWorker close()
2022-09-28 09:57:59,485 [ForkJoinPool.commonPool-worker-1] INFO  server.GrpcService (GrpcService.java:closeImpl(269)) - 9ea057a0-30fc-4465-ba53-d20d8addab64: shutdown server with port 34661 now
2022-09-28 09:57:59,485 [grpc-default-executor-3] WARN  server.GrpcServerProtocolService (LogUtils.java:warn(122)) - 9ea057a0-30fc-4465-ba53-d20d8addab64: installSnapshot onError, lastRequest: 81dd36da-3863-49d7-8e4a-0ce023160f67->9ea057a0-30fc-4465-ba53-d20d8addab64#165-t1,previous=(t:1, i:23),leaderCommit=22,initializing? true,entries: size=1, first=(t:1, i:24), METADATAENTRY(c:22): org.apache.ratis.thirdparty.io.grpc.StatusRuntimeException: CANCELLED: client cancelled
2022-09-28 09:57:59,496 [grpc-default-executor-0] WARN  server.GrpcLogAppender (LogUtils.java:warn(122)) - 81dd36da-3863-49d7-8e4a-0ce023160f67@group-7D9A13A01B2C->9ea057a0-30fc-4465-ba53-d20d8addab64-AppendLogResponseHandler: Failed appendEntries: org.apache.ratis.thirdparty.io.grpc.StatusRuntimeException: CANCELLED: RST_STREAM closed stream. HTTP/2 error code: CANCEL
2022-09-28 09:57:59,497 [grpc-default-executor-0] INFO  leader.FollowerInfo (FollowerInfoImpl.java:lambda$new$0(48)) - 81dd36da-3863-49d7-8e4a-0ce023160f67@group-7D9A13A01B2C->9ea057a0-30fc-4465-ba53-d20d8addab64: nextIndex: updateUnconditionally 25 -> 24
2022-09-28 09:57:59,500 [125338ac-43fd-4d6a-ab02-d24e123888c3@group-7D9A13A01B2C-StateMachineUpdater] INFO  ratis.ContainerStateMachine (ContainerStateMachine.java:takeSnapshot(304)) - group-7D9A13A01B2C: Taking a snapshot at:(t:1, i:24) file /home/runner/work/ozone/ozone/hadoop-ozone/integration-test/target/test-dir/MiniOzoneClusterImpl-d01a16d6-de90-4827-8502-1257907892ea/datanode-2/data/ratis/0eaca47e-d3ea-453b-9c0f-7d9a13a01b2c/sm/snapshot.1_24
2022-09-28 09:57:59,501 [125338ac-43fd-4d6a-ab02-d24e123888c3@group-7D9A13A01B2C-StateMachineUpdater] INFO  ratis.ContainerStateMachine (ContainerStateMachine.java:takeSnapshot(315)) - group-7D9A13A01B2C: Finished taking a snapshot at:(t:1, i:24) file:/home/runner/work/ozone/ozone/hadoop-ozone/integration-test/target/test-dir/MiniOzoneClusterImpl-d01a16d6-de90-4827-8502-1257907892ea/datanode-2/data/ratis/0eaca47e-d3ea-453b-9c0f-7d9a13a01b2c/sm/snapshot.1_24 took: 1 ms
2022-09-28 09:57:59,501 [125338ac-43fd-4d6a-ab02-d24e123888c3@group-7D9A13A01B2C-StateMachineUpdater] INFO  impl.StateMachineUpdater (StateMachineUpdater.java:takeSnapshot(287)) - 125338ac-43fd-4d6a-ab02-d24e123888c3@group-7D9A13A01B2C-StateMachineUpdater: Took a snapshot at index 24
2022-09-28 09:57:59,501 [125338ac-43fd-4d6a-ab02-d24e123888c3@group-7D9A13A01B2C-StateMachineUpdater] INFO  impl.StateMachineUpdater (StateMachineUpdater.java:lambda$new$0(92)) - 125338ac-43fd-4d6a-ab02-d24e123888c3@group-7D9A13A01B2C-StateMachineUpdater: snapshotIndex: updateIncreasingly -1 -> 24
2022-09-28 09:57:59,502 [Listener at 127.0.0.1/44537] INFO  server.RaftServer$Division (ServerState.java:close(429)) - 125338ac-43fd-4d6a-ab02-d24e123888c3@group-7D9A13A01B2C: closes. applyIndex: 24
2022-09-28 09:57:59,502 [125338ac-43fd-4d6a-ab02-d24e123888c3@group-7D9A13A01B2C-SegmentedRaftLogWorker] INFO  segmented.SegmentedRaftLogWorker (SegmentedRaftLogWorker.java:run(336)) - 125338ac-43fd-4d6a-ab02-d24e123888c3@group-7D9A13A01B2C-SegmentedRaftLogWorker was interrupted, exiting. There are 0 tasks remaining in the queue.
2022-09-28 09:57:59,502 [Listener at 127.0.0.1/44537] INFO  segmented.SegmentedRaftLogWorker (SegmentedRaftLogWorker.java:close(246)) - 125338ac-43fd-4d6a-ab02-d24e123888c3@group-7D9A13A01B2C-SegmentedRaftLogWorker close()
2022-09-28 09:57:59,503 [Listener at 127.0.0.1/44537] INFO  server.GrpcService (GrpcService.java:closeImpl(269)) - 125338ac-43fd-4d6a-ab02-d24e123888c3: shutdown server with port 41005 now
2022-09-28 09:57:59,505 [ForkJoinPool.commonPool-worker-1] INFO  server.GrpcService (GrpcService.java:closeImpl(278)) - 9ea057a0-30fc-4465-ba53-d20d8addab64: shutdown server with port 34661 successfully
2022-09-28 09:57:59,536 [Listener at 127.0.0.1/44537] INFO  server.GrpcService (GrpcService.java:closeImpl(278)) - 125338ac-43fd-4d6a-ab02-d24e123888c3: shutdown server with port 41005 successfully
2022-09-28 09:57:59,536 [grpc-default-executor-0] WARN  server.GrpcLogAppender (LogUtils.java:warn(122)) - 81dd36da-3863-49d7-8e4a-0ce023160f67@group-7D9A13A01B2C->125338ac-43fd-4d6a-ab02-d24e123888c3-AppendLogResponseHandler: Failed appendEntries: org.apache.ratis.thirdparty.io.grpc.StatusRuntimeException: CANCELLED: RST_STREAM closed stream. HTTP/2 error code: CANCEL
2022-09-28 09:57:59,536 [grpc-default-executor-0] INFO  leader.FollowerInfo (FollowerInfoImpl.java:lambda$new$0(48)) - 81dd36da-3863-49d7-8e4a-0ce023160f67@group-7D9A13A01B2C->125338ac-43fd-4d6a-ab02-d24e123888c3: nextIndex: updateUnconditionally 25 -> 24
2022-09-28 09:57:59,537 [grpc-default-executor-1] WARN  server.GrpcServerProtocolService (LogUtils.java:warn(122)) - 125338ac-43fd-4d6a-ab02-d24e123888c3: installSnapshot onError, lastRequest: 81dd36da-3863-49d7-8e4a-0ce023160f67->125338ac-43fd-4d6a-ab02-d24e123888c3#166-t1,previous=(t:1, i:23),leaderCommit=22,initializing? true,entries: size=1, first=(t:1, i:24), METADATAENTRY(c:22): org.apache.ratis.thirdparty.io.grpc.StatusRuntimeException: CANCELLED: client cancelled
2022-09-28 09:57:59,552 [org.apache.ratis.util.JvmPauseMonitor$$Lambda$634/511600595@1a04fb4e] INFO  util.JvmPauseMonitor (JvmPauseMonitor.java:run(109)) - JvmPauseMonitor-125338ac-43fd-4d6a-ab02-d24e123888c3: Stopped
2022-09-28 09:57:59,566 [org.apache.ratis.util.JvmPauseMonitor$$Lambda$634/511600595@2135aca2] INFO  util.JvmPauseMonitor (JvmPauseMonitor.java:run(109)) - JvmPauseMonitor-9ea057a0-30fc-4465-ba53-d20d8addab64: Stopped
2022-09-28 09:57:59,566 [grpc-default-executor-0] WARN  server.GrpcLogAppender (LogUtils.java:warn(122)) - 81dd36da-3863-49d7-8e4a-0ce023160f67@group-7D9A13A01B2C->125338ac-43fd-4d6a-ab02-d24e123888c3-AppendLogResponseHandler: Failed appendEntries: org.apache.ratis.thirdparty.io.grpc.StatusRuntimeException: UNAVAILABLE: io exception
2022-09-28 09:57:59,568 [grpc-default-executor-3] WARN  server.GrpcLogAppender (LogUtils.java:warn(122)) - 81dd36da-3863-49d7-8e4a-0ce023160f67@group-7D9A13A01B2C->9ea057a0-30fc-4465-ba53-d20d8addab64-AppendLogResponseHandler: Failed appendEntries: org.apache.ratis.thirdparty.io.grpc.StatusRuntimeException: UNAVAILABLE: io exception
2022-09-28 09:57:59,580 [grpc-default-executor-0] INFO  leader.FollowerInfo (FollowerInfoImpl.java:lambda$new$0(48)) - 81dd36da-3863-49d7-8e4a-0ce023160f67@group-7D9A13A01B2C->125338ac-43fd-4d6a-ab02-d24e123888c3: nextIndex: updateUnconditionally 25 -> 24
2022-09-28 09:57:59,585 [grpc-default-executor-3] INFO  leader.FollowerInfo (FollowerInfoImpl.java:lambda$new$0(48)) - 81dd36da-3863-49d7-8e4a-0ce023160f67@group-7D9A13A01B2C->9ea057a0-30fc-4465-ba53-d20d8addab64: nextIndex: updateUnconditionally 25 -> 24
2022-09-28 09:58:01,305 [grpc-default-executor-3] WARN  server.GrpcLogAppender (LogUtils.java:warn(122)) - 81dd36da-3863-49d7-8e4a-0ce023160f67@group-7D9A13A01B2C->9ea057a0-30fc-4465-ba53-d20d8addab64-AppendLogResponseHandler: Failed appendEntries: org.apache.ratis.thirdparty.io.grpc.StatusRuntimeException: UNAVAILABLE: io exception
2022-09-28 09:58:01,306 [grpc-default-executor-3] INFO  leader.FollowerInfo (FollowerInfoImpl.java:lambda$new$0(48)) - 81dd36da-3863-49d7-8e4a-0ce023160f67@group-7D9A13A01B2C->9ea057a0-30fc-4465-ba53-d20d8addab64: nextIndex: updateUnconditionally 25 -> 24
2022-09-28 09:58:01,475 [grpc-default-executor-3] WARN  server.GrpcLogAppender (LogUtils.java:warn(122)) - 81dd36da-3863-49d7-8e4a-0ce023160f67@group-7D9A13A01B2C->125338ac-43fd-4d6a-ab02-d24e123888c3-AppendLogResponseHandler: Failed appendEntries: org.apache.ratis.thirdparty.io.grpc.StatusRuntimeException: UNAVAILABLE: io exception
2022-09-28 09:58:01,475 [grpc-default-executor-3] INFO  leader.FollowerInfo (FollowerInfoImpl.java:lambda$new$0(48)) - 81dd36da-3863-49d7-8e4a-0ce023160f67@group-7D9A13A01B2C->125338ac-43fd-4d6a-ab02-d24e123888c3: nextIndex: updateUnconditionally 25 -> 24
2022-09-28 09:58:01,674 [Listener at 127.0.0.1/44537] INFO  utils.BackgroundService (BackgroundService.java:shutdown(141)) - Shutting down service BlockDeletingService
2022-09-28 09:58:01,677 [ForkJoinPool.commonPool-worker-1] INFO  utils.BackgroundService (BackgroundService.java:shutdown(141)) - Shutting down service BlockDeletingService
2022-09-28 09:58:01,677 [ForkJoinPool.commonPool-worker-1] INFO  utils.BackgroundService (BackgroundService.java:shutdown(141)) - Shutting down service StaleRecoveringContainerScrubbingService
2022-09-28 09:58:01,680 [Listener at 127.0.0.1/44537] INFO  utils.BackgroundService (BackgroundService.java:shutdown(141)) - Shutting down service StaleRecoveringContainerScrubbingService
2022-09-28 09:58:02,556 [grpc-default-executor-3] WARN  server.GrpcLogAppender (LogUtils.java:warn(122)) - 81dd36da-3863-49d7-8e4a-0ce023160f67@group-7D9A13A01B2C->9ea057a0-30fc-4465-ba53-d20d8addab64-AppendLogResponseHandler: Failed appendEntries: org.apache.ratis.thirdparty.io.grpc.StatusRuntimeException: UNAVAILABLE: io exception
2022-09-28 09:58:02,556 [grpc-default-executor-3] INFO  leader.FollowerInfo (FollowerInfoImpl.java:lambda$new$0(48)) - 81dd36da-3863-49d7-8e4a-0ce023160f67@group-7D9A13A01B2C->9ea057a0-30fc-4465-ba53-d20d8addab64: nextIndex: updateUnconditionally 25 -> 24
2022-09-28 09:58:02,728 [grpc-default-executor-3] WARN  server.GrpcLogAppender (LogUtils.java:warn(122)) - 81dd36da-3863-49d7-8e4a-0ce023160f67@group-7D9A13A01B2C->125338ac-43fd-4d6a-ab02-d24e123888c3-AppendLogResponseHandler: Failed appendEntries: org.apache.ratis.thirdparty.io.grpc.StatusRuntimeException: UNAVAILABLE: io exception
2022-09-28 09:58:02,729 [grpc-default-executor-3] INFO  leader.FollowerInfo (FollowerInfoImpl.java:lambda$new$0(48)) - 81dd36da-3863-49d7-8e4a-0ce023160f67@group-7D9A13A01B2C->125338ac-43fd-4d6a-ab02-d24e123888c3: nextIndex: updateUnconditionally 25 -> 24
2022-09-28 09:58:03,806 [grpc-default-executor-3] WARN  server.GrpcLogAppender (LogUtils.java:warn(122)) - 81dd36da-3863-49d7-8e4a-0ce023160f67@group-7D9A13A01B2C->9ea057a0-30fc-4465-ba53-d20d8addab64-AppendLogResponseHandler: Failed appendEntries: org.apache.ratis.thirdparty.io.grpc.StatusRuntimeException: UNAVAILABLE: io exception
2022-09-28 09:58:03,807 [grpc-default-executor-3] INFO  leader.FollowerInfo (FollowerInfoImpl.java:lambda$new$0(48)) - 81dd36da-3863-49d7-8e4a-0ce023160f67@group-7D9A13A01B2C->9ea057a0-30fc-4465-ba53-d20d8addab64: nextIndex: updateUnconditionally 25 -> 24
2022-09-28 09:58:03,975 [grpc-default-executor-3] WARN  server.GrpcLogAppender (LogUtils.java:warn(122)) - 81dd36da-3863-49d7-8e4a-0ce023160f67@group-7D9A13A01B2C->125338ac-43fd-4d6a-ab02-d24e123888c3-AppendLogResponseHandler: Failed appendEntries: org.apache.ratis.thirdparty.io.grpc.StatusRuntimeException: UNAVAILABLE: io exception
2022-09-28 09:58:03,976 [grpc-default-executor-3] INFO  leader.FollowerInfo (FollowerInfoImpl.java:lambda$new$0(48)) - 81dd36da-3863-49d7-8e4a-0ce023160f67@group-7D9A13A01B2C->125338ac-43fd-4d6a-ab02-d24e123888c3: nextIndex: updateUnconditionally 25 -> 24
2022-09-28 09:58:04,707 [Listener at 127.0.0.1/44537] INFO  statemachine.DatanodeStateMachine (DatanodeStateMachine.java:stopDaemon(580)) - Ozone container server stopped.
2022-09-28 09:58:04,720 [ForkJoinPool.commonPool-worker-1] INFO  statemachine.DatanodeStateMachine (DatanodeStateMachine.java:stopDaemon(580)) - Ozone container server stopped.
2022-09-28 09:58:04,751 [ForkJoinPool.commonPool-worker-1] INFO  handler.ContextHandler (ContextHandler.java:doStop(1153)) - Stopped o.e.j.w.WebAppContext@4982649c{hddsDatanode,/,null,STOPPED}{jar:file:/home/runner/.m2/repository/org/apache/ozone/hdds-container-service/1.3.0-SNAPSHOT/hdds-container-service-1.3.0-SNAPSHOT.jar!/webapps/hddsDatanode}
2022-09-28 09:58:04,759 [ForkJoinPool.commonPool-worker-1] INFO  server.AbstractConnector (AbstractConnector.java:doStop(381)) - Stopped ServerConnector@54fc62a9{HTTP/1.1, (http/1.1)}{0.0.0.0:0}
2022-09-28 09:58:04,759 [ForkJoinPool.commonPool-worker-1] INFO  server.session (HouseKeeper.java:stopScavenging(149)) - node0 Stopped scavenging
2022-09-28 09:58:04,788 [ForkJoinPool.commonPool-worker-1] INFO  handler.ContextHandler (ContextHandler.java:doStop(1153)) - Stopped o.e.j.s.ServletContextHandler@6ee7ce52{static,/static,jar:file:/home/runner/.m2/repository/org/apache/ozone/hdds-container-service/1.3.0-SNAPSHOT/hdds-container-service-1.3.0-SNAPSHOT.jar!/webapps/static,STOPPED}
2022-09-28 09:58:04,789 [ForkJoinPool.commonPool-worker-1] INFO  handler.ContextHandler (ContextHandler.java:doStop(1153)) - Stopped o.e.j.s.ServletContextHandler@22327c82{logs,/logs,file:///home/runner/work/ozone/ozone/hadoop-ozone/integration-test/target/log,STOPPED}
2022-09-28 09:58:04,791 [Listener at 127.0.0.1/44537] INFO  handler.ContextHandler (ContextHandler.java:doStop(1153)) - Stopped o.e.j.w.WebAppContext@6df3efab{hddsDatanode,/,null,STOPPED}{jar:file:/home/runner/.m2/repository/org/apache/ozone/hdds-container-service/1.3.0-SNAPSHOT/hdds-container-service-1.3.0-SNAPSHOT.jar!/webapps/hddsDatanode}
2022-09-28 09:58:04,791 [Listener at 127.0.0.1/44537] INFO  server.AbstractConnector (AbstractConnector.java:doStop(381)) - Stopped ServerConnector@16a13fc{HTTP/1.1, (http/1.1)}{0.0.0.0:0}
2022-09-28 09:58:04,791 [Listener at 127.0.0.1/44537] INFO  server.session (HouseKeeper.java:stopScavenging(149)) - node0 Stopped scavenging
2022-09-28 09:58:04,792 [Listener at 127.0.0.1/44537] INFO  handler.ContextHandler (ContextHandler.java:doStop(1153)) - Stopped o.e.j.s.ServletContextHandler@a87e14b{static,/static,jar:file:/home/runner/.m2/repository/org/apache/ozone/hdds-container-service/1.3.0-SNAPSHOT/hdds-container-service-1.3.0-SNAPSHOT.jar!/webapps/static,STOPPED}
2022-09-28 09:58:04,792 [Listener at 127.0.0.1/44537] INFO  handler.ContextHandler (ContextHandler.java:doStop(1153)) - Stopped o.e.j.s.ServletContextHandler@6549d697{logs,/logs,file:///home/runner/work/ozone/ozone/hadoop-ozone/integration-test/target/log,STOPPED}
2022-09-28 09:58:05,057 [grpc-default-executor-3] WARN  server.GrpcLogAppender (LogUtils.java:warn(122)) - 81dd36da-3863-49d7-8e4a-0ce023160f67@group-7D9A13A01B2C->9ea057a0-30fc-4465-ba53-d20d8addab64-AppendLogResponseHandler: Failed appendEntries: org.apache.ratis.thirdparty.io.grpc.StatusRuntimeException: UNAVAILABLE: io exception
2022-09-28 09:58:05,058 [grpc-default-executor-3] INFO  leader.FollowerInfo (FollowerInfoImpl.java:lambda$new$0(48)) - 81dd36da-3863-49d7-8e4a-0ce023160f67@group-7D9A13A01B2C->9ea057a0-30fc-4465-ba53-d20d8addab64: nextIndex: updateUnconditionally 25 -> 24
2022-09-28 09:58:05,226 [grpc-default-executor-3] WARN  server.GrpcLogAppender (LogUtils.java:warn(122)) - 81dd36da-3863-49d7-8e4a-0ce023160f67@group-7D9A13A01B2C->125338ac-43fd-4d6a-ab02-d24e123888c3-AppendLogResponseHandler: Failed appendEntries: org.apache.ratis.thirdparty.io.grpc.StatusRuntimeException: UNAVAILABLE: io exception
2022-09-28 09:58:05,227 [grpc-default-executor-3] INFO  leader.FollowerInfo (FollowerInfoImpl.java:lambda$new$0(48)) - 81dd36da-3863-49d7-8e4a-0ce023160f67@group-7D9A13A01B2C->125338ac-43fd-4d6a-ab02-d24e123888c3: nextIndex: updateUnconditionally 25 -> 24
2022-09-28 09:58:05,752 [81dd36da-3863-49d7-8e4a-0ce023160f67@group-7D9A13A01B2C-LeaderStateImpl] WARN  server.RaftServer$Division (LeaderStateImpl.java:checkLeadership(1018)) - 81dd36da-3863-49d7-8e4a-0ce023160f67@group-7D9A13A01B2C-LeaderStateImpl: Lost leadership on term: 1. Election timeout: 5200ms. In charge for: 65693ms. Conf: 0: [81dd36da-3863-49d7-8e4a-0ce023160f67|rpc:10.1.1.21:41931|dataStream:|priority:1, 9ea057a0-30fc-4465-ba53-d20d8addab64|rpc:10.1.1.21:34661|dataStream:|priority:0, 125338ac-43fd-4d6a-ab02-d24e123888c3|rpc:10.1.1.21:41005|dataStream:|priority:0], old=null
2022-09-28 09:58:05,752 [81dd36da-3863-49d7-8e4a-0ce023160f67@group-7D9A13A01B2C-LeaderStateImpl] WARN  server.RaftServer$Division (LeaderStateImpl.java:lambda$checkLeadership$17(1022)) - Follower 81dd36da-3863-49d7-8e4a-0ce023160f67@group-7D9A13A01B2C->9ea057a0-30fc-4465-ba53-d20d8addab64(c24,m24,n24, attendVote=true, lastRpcSendTime=695, lastRpcResponseTime=6948)
2022-09-28 09:58:05,752 [81dd36da-3863-49d7-8e4a-0ce023160f67@group-7D9A13A01B2C-LeaderStateImpl] WARN  server.RaftServer$Division (LeaderStateImpl.java:lambda$checkLeadership$17(1022)) - Follower 81dd36da-3863-49d7-8e4a-0ce023160f67@group-7D9A13A01B2C->125338ac-43fd-4d6a-ab02-d24e123888c3(c24,m24,n24, attendVote=true, lastRpcSendTime=526, lastRpcResponseTime=6778)
2022-09-28 09:58:05,753 [81dd36da-3863-49d7-8e4a-0ce023160f67@group-7D9A13A01B2C-LeaderStateImpl] INFO  server.RaftServer$Division (RaftServerImpl.java:setRole(299)) - 81dd36da-3863-49d7-8e4a-0ce023160f67@group-7D9A13A01B2C: changes role from    LEADER to FOLLOWER at term 1 for StepDownReason:LOST_MAJORITY_HEARTBEATS
2022-09-28 09:58:05,753 [81dd36da-3863-49d7-8e4a-0ce023160f67@group-7D9A13A01B2C-LeaderStateImpl] INFO  impl.RoleInfo (RoleInfo.java:shutdownLeaderState(93)) - 81dd36da-3863-49d7-8e4a-0ce023160f67: shutdown 81dd36da-3863-49d7-8e4a-0ce023160f67@group-7D9A13A01B2C-LeaderStateImpl
2022-09-28 09:58:05,753 [81dd36da-3863-49d7-8e4a-0ce023160f67@group-7D9A13A01B2C-LeaderStateImpl] INFO  impl.PendingRequests (PendingRequests.java:sendNotLeaderResponses(282)) - 81dd36da-3863-49d7-8e4a-0ce023160f67@group-7D9A13A01B2C-PendingRequests: sendNotLeaderResponses
2022-09-28 09:58:05,753 [81dd36da-3863-49d7-8e4a-0ce023160f67@group-7D9A13A01B2C->125338ac-43fd-4d6a-ab02-d24e123888c3-GrpcLogAppender-LogAppenderDaemon] WARN  server.GrpcLogAppender (GrpcLogAppender.java:mayWait(171)) - 81dd36da-3863-49d7-8e4a-0ce023160f67@group-7D9A13A01B2C->125338ac-43fd-4d6a-ab02-d24e123888c3-GrpcLogAppender: Wait interrupted by java.lang.InterruptedException
2022-09-28 09:58:05,754 [81dd36da-3863-49d7-8e4a-0ce023160f67@group-7D9A13A01B2C-LeaderStateImpl] INFO  impl.RoleInfo (RoleInfo.java:updateAndGet(139)) - 81dd36da-3863-49d7-8e4a-0ce023160f67: start 81dd36da-3863-49d7-8e4a-0ce023160f67@group-7D9A13A01B2C-FollowerState
2022-09-28 09:58:05,776 [81dd36da-3863-49d7-8e4a-0ce023160f67@group-7D9A13A01B2C->9ea057a0-30fc-4465-ba53-d20d8addab64-GrpcLogAppender-LogAppenderDaemon] WARN  server.GrpcLogAppender (GrpcLogAppender.java:mayWait(171)) - 81dd36da-3863-49d7-8e4a-0ce023160f67@group-7D9A13A01B2C->9ea057a0-30fc-4465-ba53-d20d8addab64-GrpcLogAppender: Wait interrupted by java.lang.InterruptedException
2022-09-28 09:58:06,639 [81dd36da-3863-49d7-8e4a-0ce023160f67@group-1C3D2B2BA225-FollowerState] INFO  impl.FollowerState (FollowerState.java:run(143)) - 81dd36da-3863-49d7-8e4a-0ce023160f67@group-1C3D2B2BA225-FollowerState: change to CANDIDATE, lastRpcElapsedTime:9622312686ns, electionTimeout:5089ms
2022-09-28 09:58:06,639 [81dd36da-3863-49d7-8e4a-0ce023160f67@group-1C3D2B2BA225-FollowerState] INFO  impl.RoleInfo (RoleInfo.java:shutdownFollowerState(110)) - 81dd36da-3863-49d7-8e4a-0ce023160f67: shutdown 81dd36da-3863-49d7-8e4a-0ce023160f67@group-1C3D2B2BA225-FollowerState
2022-09-28 09:58:06,639 [81dd36da-3863-49d7-8e4a-0ce023160f67@group-1C3D2B2BA225-FollowerState] INFO  server.RaftServer$Division (RaftServerImpl.java:setRole(299)) - 81dd36da-3863-49d7-8e4a-0ce023160f67@group-1C3D2B2BA225: changes role from  FOLLOWER to CANDIDATE at term 2 for changeToCandidate
2022-09-28 09:58:06,639 [81dd36da-3863-49d7-8e4a-0ce023160f67@group-1C3D2B2BA225-FollowerState] INFO  server.RaftServerConfigKeys (ConfUtils.java:logGet(46)) - raft.server.leaderelection.pre-vote = false (custom)
2022-09-28 09:58:06,639 [81dd36da-3863-49d7-8e4a-0ce023160f67@group-1C3D2B2BA225-FollowerState] INFO  impl.RoleInfo (RoleInfo.java:updateAndGet(139)) - 81dd36da-3863-49d7-8e4a-0ce023160f67: start 81dd36da-3863-49d7-8e4a-0ce023160f67@group-1C3D2B2BA225-LeaderElection35
2022-09-28 09:58:06,704 [81dd36da-3863-49d7-8e4a-0ce023160f67@group-1C3D2B2BA225-LeaderElection35] INFO  server.RaftServer$Division (ServerState.java:setLeader(287)) - 81dd36da-3863-49d7-8e4a-0ce023160f67@group-1C3D2B2BA225: change Leader from 9ea057a0-30fc-4465-ba53-d20d8addab64 to null at term 2 for ELECTION
2022-09-28 09:58:06,709 [81dd36da-3863-49d7-8e4a-0ce023160f67@group-1C3D2B2BA225-LeaderElection35] INFO  impl.LeaderElection (LeaderElection.java:askForVotes(310)) - 81dd36da-3863-49d7-8e4a-0ce023160f67@group-1C3D2B2BA225-LeaderElection35 ELECTION round 0: submit vote requests at term 3 for 0: [81dd36da-3863-49d7-8e4a-0ce023160f67|rpc:10.1.1.21:41931|dataStream:|priority:0, 9ea057a0-30fc-4465-ba53-d20d8addab64|rpc:10.1.1.21:34661|dataStream:|priority:1, 125338ac-43fd-4d6a-ab02-d24e123888c3|rpc:10.1.1.21:41005|dataStream:|priority:0], old=null
2022-09-28 09:58:06,719 [81dd36da-3863-49d7-8e4a-0ce023160f67@group-1C3D2B2BA225-LeaderElection35] INFO  impl.LeaderElection (LogUtils.java:infoOrTrace(137)) - 81dd36da-3863-49d7-8e4a-0ce023160f67@group-1C3D2B2BA225-LeaderElection35 got exception when requesting votes: java.util.concurrent.ExecutionException: org.apache.ratis.thirdparty.io.grpc.StatusRuntimeException: UNAVAILABLE: io exception
2022-09-28 09:58:06,722 [81dd36da-3863-49d7-8e4a-0ce023160f67@group-1C3D2B2BA225-LeaderElection35] INFO  impl.LeaderElection (LogUtils.java:infoOrTrace(137)) - 81dd36da-3863-49d7-8e4a-0ce023160f67@group-1C3D2B2BA225-LeaderElection35 got exception when requesting votes: java.util.concurrent.ExecutionException: org.apache.ratis.thirdparty.io.grpc.StatusRuntimeException: UNAVAILABLE: io exception
2022-09-28 09:58:06,722 [81dd36da-3863-49d7-8e4a-0ce023160f67@group-1C3D2B2BA225-LeaderElection35] INFO  impl.LeaderElection (LeaderElection.java:logAndReturn(90)) - 81dd36da-3863-49d7-8e4a-0ce023160f67@group-1C3D2B2BA225-LeaderElection35: ELECTION REJECTED received 0 response(s) and 2 exception(s):
2022-09-28 09:58:06,722 [81dd36da-3863-49d7-8e4a-0ce023160f67@group-1C3D2B2BA225-LeaderElection35] INFO  impl.LeaderElection (LogUtils.java:infoOrTrace(137)) -   Exception 0: java.util.concurrent.ExecutionException: org.apache.ratis.thirdparty.io.grpc.StatusRuntimeException: UNAVAILABLE: io exception
2022-09-28 09:58:06,722 [81dd36da-3863-49d7-8e4a-0ce023160f67@group-1C3D2B2BA225-LeaderElection35] INFO  impl.LeaderElection (LogUtils.java:infoOrTrace(137)) -   Exception 1: java.util.concurrent.ExecutionException: org.apache.ratis.thirdparty.io.grpc.StatusRuntimeException: UNAVAILABLE: io exception
2022-09-28 09:58:06,722 [81dd36da-3863-49d7-8e4a-0ce023160f67@group-1C3D2B2BA225-LeaderElection35] INFO  impl.LeaderElection (LeaderElection.java:askForVotes(312)) - 81dd36da-3863-49d7-8e4a-0ce023160f67@group-1C3D2B2BA225-LeaderElection35 ELECTION round 0: result REJECTED
2022-09-28 09:58:06,722 [81dd36da-3863-49d7-8e4a-0ce023160f67@group-1C3D2B2BA225-LeaderElection35] INFO  server.RaftServer$Division (RaftServerImpl.java:setRole(299)) - 81dd36da-3863-49d7-8e4a-0ce023160f67@group-1C3D2B2BA225: changes role from CANDIDATE to FOLLOWER at term 3 for REJECTED
2022-09-28 09:58:06,722 [81dd36da-3863-49d7-8e4a-0ce023160f67@group-1C3D2B2BA225-LeaderElection35] INFO  impl.RoleInfo (RoleInfo.java:shutdownLeaderElection(130)) - 81dd36da-3863-49d7-8e4a-0ce023160f67: shutdown 81dd36da-3863-49d7-8e4a-0ce023160f67@group-1C3D2B2BA225-LeaderElection35
2022-09-28 09:58:06,722 [81dd36da-3863-49d7-8e4a-0ce023160f67@group-1C3D2B2BA225-LeaderElection35] INFO  impl.RoleInfo (RoleInfo.java:updateAndGet(139)) - 81dd36da-3863-49d7-8e4a-0ce023160f67: start 81dd36da-3863-49d7-8e4a-0ce023160f67@group-1C3D2B2BA225-FollowerState
2022-09-28 09:58:09,797 [Listener at 127.0.0.1/44537] INFO  ozoneimpl.OzoneContainer (OzoneContainer.java:stop(400)) - Attempting to stop container services.
2022-09-28 09:58:09,808 [Listener at 127.0.0.1/44537] INFO  server.RaftServer (RaftServerProxy.java:lambda$close$7(398)) - acee90ba-6a36-4d19-a884-4d9c08123ee0: close
2022-09-28 09:58:09,808 [Listener at 127.0.0.1/44537] INFO  server.RaftServer$Division (RaftServerImpl.java:lambda$close$4(434)) - acee90ba-6a36-4d19-a884-4d9c08123ee0@group-2F4949483F4D: shutdown
2022-09-28 09:58:09,808 [Listener at 127.0.0.1/44537] INFO  util.JmxRegister (JmxRegister.java:unregister(73)) - Successfully un-registered JMX Bean with object name Ratis:service=RaftServer,group=group-2F4949483F4D,id=acee90ba-6a36-4d19-a884-4d9c08123ee0
2022-09-28 09:58:09,808 [Listener at 127.0.0.1/44537] INFO  impl.RoleInfo (RoleInfo.java:shutdownLeaderState(93)) - acee90ba-6a36-4d19-a884-4d9c08123ee0: shutdown acee90ba-6a36-4d19-a884-4d9c08123ee0@group-2F4949483F4D-LeaderStateImpl
2022-09-28 09:58:09,809 [Listener at 127.0.0.1/44537] INFO  impl.PendingRequests (PendingRequests.java:sendNotLeaderResponses(282)) - acee90ba-6a36-4d19-a884-4d9c08123ee0@group-2F4949483F4D-PendingRequests: sendNotLeaderResponses
2022-09-28 09:58:09,809 [Listener at 127.0.0.1/44537] INFO  impl.StateMachineUpdater (StateMachineUpdater.java:stopAndJoin(153)) - acee90ba-6a36-4d19-a884-4d9c08123ee0@group-2F4949483F4D-StateMachineUpdater: set stopIndex = 0
2022-09-28 09:58:09,812 [acee90ba-6a36-4d19-a884-4d9c08123ee0@group-2F4949483F4D-StateMachineUpdater] INFO  ratis.ContainerStateMachine (ContainerStateMachine.java:takeSnapshot(304)) - group-2F4949483F4D: Taking a snapshot at:(t:1, i:0) file /home/runner/work/ozone/ozone/hadoop-ozone/integration-test/target/test-dir/MiniOzoneClusterImpl-d01a16d6-de90-4827-8502-1257907892ea/datanode-4/data/ratis/51d3e8c5-e575-4d39-98c8-2f4949483f4d/sm/snapshot.1_0
2022-09-28 09:58:09,813 [acee90ba-6a36-4d19-a884-4d9c08123ee0@group-2F4949483F4D-StateMachineUpdater] INFO  ratis.ContainerStateMachine (ContainerStateMachine.java:takeSnapshot(315)) - group-2F4949483F4D: Finished taking a snapshot at:(t:1, i:0) file:/home/runner/work/ozone/ozone/hadoop-ozone/integration-test/target/test-dir/MiniOzoneClusterImpl-d01a16d6-de90-4827-8502-1257907892ea/datanode-4/data/ratis/51d3e8c5-e575-4d39-98c8-2f4949483f4d/sm/snapshot.1_0 took: 1 ms
2022-09-28 09:58:09,814 [acee90ba-6a36-4d19-a884-4d9c08123ee0@group-2F4949483F4D-StateMachineUpdater] INFO  impl.StateMachineUpdater (StateMachineUpdater.java:takeSnapshot(287)) - acee90ba-6a36-4d19-a884-4d9c08123ee0@group-2F4949483F4D-StateMachineUpdater: Took a snapshot at index 0
2022-09-28 09:58:09,814 [acee90ba-6a36-4d19-a884-4d9c08123ee0@group-2F4949483F4D-StateMachineUpdater] INFO  impl.StateMachineUpdater (StateMachineUpdater.java:lambda$new$0(92)) - acee90ba-6a36-4d19-a884-4d9c08123ee0@group-2F4949483F4D-StateMachineUpdater: snapshotIndex: updateIncreasingly -1 -> 0
2022-09-28 09:58:09,820 [Listener at 127.0.0.1/44537] INFO  server.RaftServer$Division (ServerState.java:close(429)) - acee90ba-6a36-4d19-a884-4d9c08123ee0@group-2F4949483F4D: closes. applyIndex: 0
2022-09-28 09:58:09,820 [acee90ba-6a36-4d19-a884-4d9c08123ee0@group-2F4949483F4D-SegmentedRaftLogWorker] INFO  segmented.SegmentedRaftLogWorker (SegmentedRaftLogWorker.java:run(336)) - acee90ba-6a36-4d19-a884-4d9c08123ee0@group-2F4949483F4D-SegmentedRaftLogWorker was interrupted, exiting. There are 0 tasks remaining in the queue.
2022-09-28 09:58:09,820 [Listener at 127.0.0.1/44537] INFO  segmented.SegmentedRaftLogWorker (SegmentedRaftLogWorker.java:close(246)) - acee90ba-6a36-4d19-a884-4d9c08123ee0@group-2F4949483F4D-SegmentedRaftLogWorker close()
2022-09-28 09:58:09,822 [Listener at 127.0.0.1/44537] INFO  server.GrpcService (GrpcService.java:closeImpl(269)) - acee90ba-6a36-4d19-a884-4d9c08123ee0: shutdown server with port 36911 now
2022-09-28 09:58:09,824 [Listener at 127.0.0.1/44537] INFO  server.GrpcService (GrpcService.java:closeImpl(278)) - acee90ba-6a36-4d19-a884-4d9c08123ee0: shutdown server with port 36911 successfully
2022-09-28 09:58:09,824 [org.apache.ratis.util.JvmPauseMonitor$$Lambda$634/511600595@afa86ef] INFO  util.JvmPauseMonitor (JvmPauseMonitor.java:run(109)) - JvmPauseMonitor-acee90ba-6a36-4d19-a884-4d9c08123ee0: Stopped
2022-09-28 09:58:09,852 [ForkJoinPool.commonPool-worker-1] INFO  ozoneimpl.OzoneContainer (OzoneContainer.java:stop(400)) - Attempting to stop container services.
2022-09-28 09:58:09,856 [ForkJoinPool.commonPool-worker-1] INFO  server.RaftServer (RaftServerProxy.java:lambda$close$7(398)) - 81dd36da-3863-49d7-8e4a-0ce023160f67: close
2022-09-28 09:58:09,856 [ForkJoinPool.commonPool-worker-1] INFO  server.RaftServer$Division (RaftServerImpl.java:lambda$close$4(434)) - 81dd36da-3863-49d7-8e4a-0ce023160f67@group-1C3D2B2BA225: shutdown
2022-09-28 09:58:09,856 [ForkJoinPool.commonPool-worker-1] INFO  util.JmxRegister (JmxRegister.java:unregister(73)) - Successfully un-registered JMX Bean with object name Ratis:service=RaftServer,group=group-1C3D2B2BA225,id=81dd36da-3863-49d7-8e4a-0ce023160f67
2022-09-28 09:58:09,856 [ForkJoinPool.commonPool-worker-1] INFO  impl.RoleInfo (RoleInfo.java:shutdownFollowerState(110)) - 81dd36da-3863-49d7-8e4a-0ce023160f67: shutdown 81dd36da-3863-49d7-8e4a-0ce023160f67@group-1C3D2B2BA225-FollowerState
2022-09-28 09:58:09,857 [ForkJoinPool.commonPool-worker-1] INFO  impl.StateMachineUpdater (StateMachineUpdater.java:stopAndJoin(153)) - 81dd36da-3863-49d7-8e4a-0ce023160f67@group-1C3D2B2BA225-StateMachineUpdater: set stopIndex = 4
2022-09-28 09:58:09,857 [81dd36da-3863-49d7-8e4a-0ce023160f67@group-1C3D2B2BA225-StateMachineUpdater] INFO  ratis.ContainerStateMachine (ContainerStateMachine.java:takeSnapshot(304)) - group-1C3D2B2BA225: Taking a snapshot at:(t:2, i:4) file /home/runner/work/ozone/ozone/hadoop-ozone/integration-test/target/test-dir/MiniOzoneClusterImpl-d01a16d6-de90-4827-8502-1257907892ea/datanode-0/data/ratis/01486891-e71e-4231-8392-1c3d2b2ba225/sm/snapshot.2_4
2022-09-28 09:58:09,858 [81dd36da-3863-49d7-8e4a-0ce023160f67@group-1C3D2B2BA225-StateMachineUpdater] INFO  ratis.ContainerStateMachine (ContainerStateMachine.java:takeSnapshot(315)) - group-1C3D2B2BA225: Finished taking a snapshot at:(t:2, i:4) file:/home/runner/work/ozone/ozone/hadoop-ozone/integration-test/target/test-dir/MiniOzoneClusterImpl-d01a16d6-de90-4827-8502-1257907892ea/datanode-0/data/ratis/01486891-e71e-4231-8392-1c3d2b2ba225/sm/snapshot.2_4 took: 0 ms
2022-09-28 09:58:09,858 [81dd36da-3863-49d7-8e4a-0ce023160f67@group-1C3D2B2BA225-StateMachineUpdater] INFO  impl.StateMachineUpdater (StateMachineUpdater.java:takeSnapshot(287)) - 81dd36da-3863-49d7-8e4a-0ce023160f67@group-1C3D2B2BA225-StateMachineUpdater: Took a snapshot at index 4
2022-09-28 09:58:09,858 [81dd36da-3863-49d7-8e4a-0ce023160f67@group-1C3D2B2BA225-StateMachineUpdater] INFO  impl.StateMachineUpdater (StateMachineUpdater.java:lambda$new$0(92)) - 81dd36da-3863-49d7-8e4a-0ce023160f67@group-1C3D2B2BA225-StateMachineUpdater: snapshotIndex: updateIncreasingly -1 -> 4
2022-09-28 09:58:09,858 [ForkJoinPool.commonPool-worker-1] INFO  server.RaftServer$Division (ServerState.java:close(429)) - 81dd36da-3863-49d7-8e4a-0ce023160f67@group-1C3D2B2BA225: closes. applyIndex: 4
2022-09-28 09:58:09,858 [81dd36da-3863-49d7-8e4a-0ce023160f67@group-1C3D2B2BA225-SegmentedRaftLogWorker] INFO  segmented.SegmentedRaftLogWorker (SegmentedRaftLogWorker.java:run(336)) - 81dd36da-3863-49d7-8e4a-0ce023160f67@group-1C3D2B2BA225-SegmentedRaftLogWorker was interrupted, exiting. There are 0 tasks remaining in the queue.
2022-09-28 09:58:09,858 [ForkJoinPool.commonPool-worker-1] INFO  segmented.SegmentedRaftLogWorker (SegmentedRaftLogWorker.java:close(246)) - 81dd36da-3863-49d7-8e4a-0ce023160f67@group-1C3D2B2BA225-SegmentedRaftLogWorker close()
2022-09-28 09:58:09,859 [ForkJoinPool.commonPool-worker-1] INFO  server.RaftServer$Division (RaftServerImpl.java:lambda$close$4(434)) - 81dd36da-3863-49d7-8e4a-0ce023160f67@group-7D9A13A01B2C: shutdown
2022-09-28 09:58:09,859 [ForkJoinPool.commonPool-worker-1] INFO  util.JmxRegister (JmxRegister.java:unregister(73)) - Successfully un-registered JMX Bean with object name Ratis:service=RaftServer,group=group-7D9A13A01B2C,id=81dd36da-3863-49d7-8e4a-0ce023160f67
2022-09-28 09:58:09,859 [ForkJoinPool.commonPool-worker-1] INFO  impl.RoleInfo (RoleInfo.java:shutdownFollowerState(110)) - 81dd36da-3863-49d7-8e4a-0ce023160f67: shutdown 81dd36da-3863-49d7-8e4a-0ce023160f67@group-7D9A13A01B2C-FollowerState
2022-09-28 09:58:09,859 [ForkJoinPool.commonPool-worker-1] INFO  impl.StateMachineUpdater (StateMachineUpdater.java:stopAndJoin(153)) - 81dd36da-3863-49d7-8e4a-0ce023160f67@group-7D9A13A01B2C-StateMachineUpdater: set stopIndex = 24
2022-09-28 09:58:09,860 [81dd36da-3863-49d7-8e4a-0ce023160f67@group-7D9A13A01B2C-FollowerState] INFO  impl.FollowerState (FollowerState.java:run(152)) - 81dd36da-3863-49d7-8e4a-0ce023160f67@group-7D9A13A01B2C-FollowerState was interrupted
2022-09-28 09:58:09,876 [81dd36da-3863-49d7-8e4a-0ce023160f67@group-1C3D2B2BA225-FollowerState] INFO  impl.FollowerState (FollowerState.java:run(152)) - 81dd36da-3863-49d7-8e4a-0ce023160f67@group-1C3D2B2BA225-FollowerState was interrupted
2022-09-28 09:58:09,916 [81dd36da-3863-49d7-8e4a-0ce023160f67@group-7D9A13A01B2C-StateMachineUpdater] INFO  ratis.ContainerStateMachine (ContainerStateMachine.java:takeSnapshot(304)) - group-7D9A13A01B2C: Taking a snapshot at:(t:1, i:24) file /home/runner/work/ozone/ozone/hadoop-ozone/integration-test/target/test-dir/MiniOzoneClusterImpl-d01a16d6-de90-4827-8502-1257907892ea/datanode-0/data/ratis/0eaca47e-d3ea-453b-9c0f-7d9a13a01b2c/sm/snapshot.1_24
2022-09-28 09:58:09,920 [81dd36da-3863-49d7-8e4a-0ce023160f67@group-7D9A13A01B2C-StateMachineUpdater] INFO  ratis.ContainerStateMachine (ContainerStateMachine.java:takeSnapshot(315)) - group-7D9A13A01B2C: Finished taking a snapshot at:(t:1, i:24) file:/home/runner/work/ozone/ozone/hadoop-ozone/integration-test/target/test-dir/MiniOzoneClusterImpl-d01a16d6-de90-4827-8502-1257907892ea/datanode-0/data/ratis/0eaca47e-d3ea-453b-9c0f-7d9a13a01b2c/sm/snapshot.1_24 took: 4 ms
2022-09-28 09:58:09,920 [81dd36da-3863-49d7-8e4a-0ce023160f67@group-7D9A13A01B2C-StateMachineUpdater] INFO  impl.StateMachineUpdater (StateMachineUpdater.java:takeSnapshot(287)) - 81dd36da-3863-49d7-8e4a-0ce023160f67@group-7D9A13A01B2C-StateMachineUpdater: Took a snapshot at index 24
2022-09-28 09:58:09,920 [81dd36da-3863-49d7-8e4a-0ce023160f67@group-7D9A13A01B2C-StateMachineUpdater] INFO  impl.StateMachineUpdater (StateMachineUpdater.java:lambda$new$0(92)) - 81dd36da-3863-49d7-8e4a-0ce023160f67@group-7D9A13A01B2C-StateMachineUpdater: snapshotIndex: updateIncreasingly -1 -> 24
2022-09-28 09:58:09,920 [ForkJoinPool.commonPool-worker-1] INFO  server.RaftServer$Division (ServerState.java:close(429)) - 81dd36da-3863-49d7-8e4a-0ce023160f67@group-7D9A13A01B2C: closes. applyIndex: 24
2022-09-28 09:58:09,920 [81dd36da-3863-49d7-8e4a-0ce023160f67@group-7D9A13A01B2C-SegmentedRaftLogWorker] INFO  segmented.SegmentedRaftLogWorker (SegmentedRaftLogWorker.java:run(336)) - 81dd36da-3863-49d7-8e4a-0ce023160f67@group-7D9A13A01B2C-SegmentedRaftLogWorker was interrupted, exiting. There are 0 tasks remaining in the queue.
2022-09-28 09:58:09,924 [ForkJoinPool.commonPool-worker-1] INFO  segmented.SegmentedRaftLogWorker (SegmentedRaftLogWorker.java:close(246)) - 81dd36da-3863-49d7-8e4a-0ce023160f67@group-7D9A13A01B2C-SegmentedRaftLogWorker close()
2022-09-28 09:58:09,925 [ForkJoinPool.commonPool-worker-1] INFO  server.RaftServer$Division (RaftServerImpl.java:lambda$close$4(434)) - 81dd36da-3863-49d7-8e4a-0ce023160f67@group-9F65DD0C69A0: shutdown
2022-09-28 09:58:09,925 [ForkJoinPool.commonPool-worker-1] INFO  util.JmxRegister (JmxRegister.java:unregister(73)) - Successfully un-registered JMX Bean with object name Ratis:service=RaftServer,group=group-9F65DD0C69A0,id=81dd36da-3863-49d7-8e4a-0ce023160f67
2022-09-28 09:58:09,925 [ForkJoinPool.commonPool-worker-1] INFO  impl.RoleInfo (RoleInfo.java:shutdownLeaderState(93)) - 81dd36da-3863-49d7-8e4a-0ce023160f67: shutdown 81dd36da-3863-49d7-8e4a-0ce023160f67@group-9F65DD0C69A0-LeaderStateImpl
2022-09-28 09:58:09,926 [ForkJoinPool.commonPool-worker-1] INFO  impl.PendingRequests (PendingRequests.java:sendNotLeaderResponses(282)) - 81dd36da-3863-49d7-8e4a-0ce023160f67@group-9F65DD0C69A0-PendingRequests: sendNotLeaderResponses
2022-09-28 09:58:09,926 [ForkJoinPool.commonPool-worker-1] INFO  impl.StateMachineUpdater (StateMachineUpdater.java:stopAndJoin(153)) - 81dd36da-3863-49d7-8e4a-0ce023160f67@group-9F65DD0C69A0-StateMachineUpdater: set stopIndex = 0
2022-09-28 09:58:09,926 [81dd36da-3863-49d7-8e4a-0ce023160f67@group-9F65DD0C69A0-StateMachineUpdater] INFO  ratis.ContainerStateMachine (ContainerStateMachine.java:takeSnapshot(304)) - group-9F65DD0C69A0: Taking a snapshot at:(t:1, i:0) file /home/runner/work/ozone/ozone/hadoop-ozone/integration-test/target/test-dir/MiniOzoneClusterImpl-d01a16d6-de90-4827-8502-1257907892ea/datanode-0/data/ratis/57b9a4f4-93da-4e89-b35a-9f65dd0c69a0/sm/snapshot.1_0
2022-09-28 09:58:09,927 [81dd36da-3863-49d7-8e4a-0ce023160f67@group-9F65DD0C69A0-StateMachineUpdater] INFO  ratis.ContainerStateMachine (ContainerStateMachine.java:takeSnapshot(315)) - group-9F65DD0C69A0: Finished taking a snapshot at:(t:1, i:0) file:/home/runner/work/ozone/ozone/hadoop-ozone/integration-test/target/test-dir/MiniOzoneClusterImpl-d01a16d6-de90-4827-8502-1257907892ea/datanode-0/data/ratis/57b9a4f4-93da-4e89-b35a-9f65dd0c69a0/sm/snapshot.1_0 took: 0 ms
2022-09-28 09:58:09,927 [81dd36da-3863-49d7-8e4a-0ce023160f67@group-9F65DD0C69A0-StateMachineUpdater] INFO  impl.StateMachineUpdater (StateMachineUpdater.java:takeSnapshot(287)) - 81dd36da-3863-49d7-8e4a-0ce023160f67@group-9F65DD0C69A0-StateMachineUpdater: Took a snapshot at index 0
2022-09-28 09:58:09,927 [81dd36da-3863-49d7-8e4a-0ce023160f67@group-9F65DD0C69A0-StateMachineUpdater] INFO  impl.StateMachineUpdater (StateMachineUpdater.java:lambda$new$0(92)) - 81dd36da-3863-49d7-8e4a-0ce023160f67@group-9F65DD0C69A0-StateMachineUpdater: snapshotIndex: updateIncreasingly -1 -> 0
2022-09-28 09:58:09,929 [ForkJoinPool.commonPool-worker-1] INFO  server.RaftServer$Division (ServerState.java:close(429)) - 81dd36da-3863-49d7-8e4a-0ce023160f67@group-9F65DD0C69A0: closes. applyIndex: 0
2022-09-28 09:58:09,930 [81dd36da-3863-49d7-8e4a-0ce023160f67@group-9F65DD0C69A0-SegmentedRaftLogWorker] INFO  segmented.SegmentedRaftLogWorker (SegmentedRaftLogWorker.java:run(336)) - 81dd36da-3863-49d7-8e4a-0ce023160f67@group-9F65DD0C69A0-SegmentedRaftLogWorker was interrupted, exiting. There are 0 tasks remaining in the queue.
2022-09-28 09:58:09,930 [ForkJoinPool.commonPool-worker-1] INFO  segmented.SegmentedRaftLogWorker (SegmentedRaftLogWorker.java:close(246)) - 81dd36da-3863-49d7-8e4a-0ce023160f67@group-9F65DD0C69A0-SegmentedRaftLogWorker close()
2022-09-28 09:58:09,933 [ForkJoinPool.commonPool-worker-1] INFO  server.GrpcService (GrpcService.java:closeImpl(269)) - 81dd36da-3863-49d7-8e4a-0ce023160f67: shutdown server with port 41931 now
2022-09-28 09:58:09,969 [ForkJoinPool.commonPool-worker-1] INFO  server.GrpcService (GrpcService.java:closeImpl(278)) - 81dd36da-3863-49d7-8e4a-0ce023160f67: shutdown server with port 41931 successfully
2022-09-28 09:58:09,972 [org.apache.ratis.util.JvmPauseMonitor$$Lambda$634/511600595@11fae42d] INFO  util.JvmPauseMonitor (JvmPauseMonitor.java:run(109)) - JvmPauseMonitor-81dd36da-3863-49d7-8e4a-0ce023160f67: Stopped
2022-09-28 09:58:11,932 [Listener at 127.0.0.1/44537] INFO  utils.BackgroundService (BackgroundService.java:shutdown(141)) - Shutting down service BlockDeletingService
2022-09-28 09:58:11,933 [Listener at 127.0.0.1/44537] INFO  utils.BackgroundService (BackgroundService.java:shutdown(141)) - Shutting down service StaleRecoveringContainerScrubbingService
2022-09-28 09:58:12,077 [ForkJoinPool.commonPool-worker-1] INFO  utils.BackgroundService (BackgroundService.java:shutdown(141)) - Shutting down service BlockDeletingService
2022-09-28 09:58:12,078 [ForkJoinPool.commonPool-worker-1] INFO  utils.BackgroundService (BackgroundService.java:shutdown(141)) - Shutting down service StaleRecoveringContainerScrubbingService
2022-09-28 09:58:12,827 [Under Replicated Processor] INFO  replication.UnderReplicatedProcessor (UnderReplicatedProcessor.java:processAll(92)) - Processed 0 under replicated containers, failed processing 0
2022-09-28 09:58:12,841 [Over Replicated Processor] INFO  replication.OverReplicatedProcessor (OverReplicatedProcessor.java:processAll(90)) - Processed 0 over replicated containers, failed processing 0
2022-09-28 09:58:14,942 [Listener at 127.0.0.1/44537] INFO  statemachine.DatanodeStateMachine (DatanodeStateMachine.java:stopDaemon(580)) - Ozone container server stopped.
2022-09-28 09:58:14,959 [Listener at 127.0.0.1/44537] INFO  handler.ContextHandler (ContextHandler.java:doStop(1153)) - Stopped o.e.j.w.WebAppContext@7c3ae042{hddsDatanode,/,null,STOPPED}{jar:file:/home/runner/.m2/repository/org/apache/ozone/hdds-container-service/1.3.0-SNAPSHOT/hdds-container-service-1.3.0-SNAPSHOT.jar!/webapps/hddsDatanode}
2022-09-28 09:58:15,053 [Listener at 127.0.0.1/44537] INFO  server.AbstractConnector (AbstractConnector.java:doStop(381)) - Stopped ServerConnector@cb22678{HTTP/1.1, (http/1.1)}{0.0.0.0:0}
2022-09-28 09:58:15,053 [Listener at 127.0.0.1/44537] INFO  server.session (HouseKeeper.java:stopScavenging(149)) - node0 Stopped scavenging
2022-09-28 09:58:15,053 [Listener at 127.0.0.1/44537] INFO  handler.ContextHandler (ContextHandler.java:doStop(1153)) - Stopped o.e.j.s.ServletContextHandler@1a79ce5{static,/static,jar:file:/home/runner/.m2/repository/org/apache/ozone/hdds-container-service/1.3.0-SNAPSHOT/hdds-container-service-1.3.0-SNAPSHOT.jar!/webapps/static,STOPPED}
2022-09-28 09:58:15,053 [Listener at 127.0.0.1/44537] INFO  handler.ContextHandler (ContextHandler.java:doStop(1153)) - Stopped o.e.j.s.ServletContextHandler@29bcb1fd{logs,/logs,file:///home/runner/work/ozone/ozone/hadoop-ozone/integration-test/target/log,STOPPED}
2022-09-28 09:58:15,092 [ForkJoinPool.commonPool-worker-1] INFO  statemachine.DatanodeStateMachine (DatanodeStateMachine.java:stopDaemon(580)) - Ozone container server stopped.
2022-09-28 09:58:15,168 [ForkJoinPool.commonPool-worker-1] INFO  handler.ContextHandler (ContextHandler.java:doStop(1153)) - Stopped o.e.j.w.WebAppContext@467a5bfd{hddsDatanode,/,null,STOPPED}{jar:file:/home/runner/.m2/repository/org/apache/ozone/hdds-container-service/1.3.0-SNAPSHOT/hdds-container-service-1.3.0-SNAPSHOT.jar!/webapps/hddsDatanode}
2022-09-28 09:58:15,172 [ForkJoinPool.commonPool-worker-1] INFO  server.AbstractConnector (AbstractConnector.java:doStop(381)) - Stopped ServerConnector@17543d14{HTTP/1.1, (http/1.1)}{0.0.0.0:0}
2022-09-28 09:58:15,172 [ForkJoinPool.commonPool-worker-1] INFO  server.session (HouseKeeper.java:stopScavenging(149)) - node0 Stopped scavenging
2022-09-28 09:58:15,173 [ForkJoinPool.commonPool-worker-1] INFO  handler.ContextHandler (ContextHandler.java:doStop(1153)) - Stopped o.e.j.s.ServletContextHandler@39c5f774{static,/static,jar:file:/home/runner/.m2/repository/org/apache/ozone/hdds-container-service/1.3.0-SNAPSHOT/hdds-container-service-1.3.0-SNAPSHOT.jar!/webapps/static,STOPPED}
2022-09-28 09:58:15,174 [ForkJoinPool.commonPool-worker-1] INFO  handler.ContextHandler (ContextHandler.java:doStop(1153)) - Stopped o.e.j.s.ServletContextHandler@2b70e806{logs,/logs,file:///home/runner/work/ozone/ozone/hadoop-ozone/integration-test/target/log,STOPPED}
2022-09-28 09:58:20,057 [Listener at 127.0.0.1/44537] INFO  ozoneimpl.OzoneContainer (OzoneContainer.java:stop(400)) - Attempting to stop container services.
2022-09-28 09:58:20,060 [Listener at 127.0.0.1/44537] INFO  server.RaftServer (RaftServerProxy.java:lambda$close$7(398)) - 3b57bdd7-9f20-481e-9079-9bba3cbb79ed: close
2022-09-28 09:58:20,060 [Listener at 127.0.0.1/44537] INFO  server.RaftServer$Division (RaftServerImpl.java:lambda$close$4(434)) - 3b57bdd7-9f20-481e-9079-9bba3cbb79ed@group-83236433C98A: shutdown
2022-09-28 09:58:20,061 [Listener at 127.0.0.1/44537] INFO  util.JmxRegister (JmxRegister.java:unregister(73)) - Successfully un-registered JMX Bean with object name Ratis:service=RaftServer,group=group-83236433C98A,id=3b57bdd7-9f20-481e-9079-9bba3cbb79ed
2022-09-28 09:58:20,061 [Listener at 127.0.0.1/44537] INFO  impl.RoleInfo (RoleInfo.java:shutdownLeaderState(93)) - 3b57bdd7-9f20-481e-9079-9bba3cbb79ed: shutdown 3b57bdd7-9f20-481e-9079-9bba3cbb79ed@group-83236433C98A-LeaderStateImpl
2022-09-28 09:58:20,061 [Listener at 127.0.0.1/44537] INFO  impl.PendingRequests (PendingRequests.java:sendNotLeaderResponses(282)) - 3b57bdd7-9f20-481e-9079-9bba3cbb79ed@group-83236433C98A-PendingRequests: sendNotLeaderResponses
2022-09-28 09:58:20,061 [Listener at 127.0.0.1/44537] INFO  impl.StateMachineUpdater (StateMachineUpdater.java:stopAndJoin(153)) - 3b57bdd7-9f20-481e-9079-9bba3cbb79ed@group-83236433C98A-StateMachineUpdater: set stopIndex = 0
2022-09-28 09:58:20,062 [3b57bdd7-9f20-481e-9079-9bba3cbb79ed@group-83236433C98A-StateMachineUpdater] INFO  ratis.ContainerStateMachine (ContainerStateMachine.java:takeSnapshot(304)) - group-83236433C98A: Taking a snapshot at:(t:1, i:0) file /home/runner/work/ozone/ozone/hadoop-ozone/integration-test/target/test-dir/MiniOzoneClusterImpl-d01a16d6-de90-4827-8502-1257907892ea/datanode-3/data/ratis/4fd6d7c7-eba7-4f46-afda-83236433c98a/sm/snapshot.1_0
2022-09-28 09:58:20,063 [3b57bdd7-9f20-481e-9079-9bba3cbb79ed@group-83236433C98A-StateMachineUpdater] INFO  ratis.ContainerStateMachine (ContainerStateMachine.java:takeSnapshot(315)) - group-83236433C98A: Finished taking a snapshot at:(t:1, i:0) file:/home/runner/work/ozone/ozone/hadoop-ozone/integration-test/target/test-dir/MiniOzoneClusterImpl-d01a16d6-de90-4827-8502-1257907892ea/datanode-3/data/ratis/4fd6d7c7-eba7-4f46-afda-83236433c98a/sm/snapshot.1_0 took: 1 ms
2022-09-28 09:58:20,064 [3b57bdd7-9f20-481e-9079-9bba3cbb79ed@group-83236433C98A-StateMachineUpdater] INFO  impl.StateMachineUpdater (StateMachineUpdater.java:takeSnapshot(287)) - 3b57bdd7-9f20-481e-9079-9bba3cbb79ed@group-83236433C98A-StateMachineUpdater: Took a snapshot at index 0
2022-09-28 09:58:20,064 [3b57bdd7-9f20-481e-9079-9bba3cbb79ed@group-83236433C98A-StateMachineUpdater] INFO  impl.StateMachineUpdater (StateMachineUpdater.java:lambda$new$0(92)) - 3b57bdd7-9f20-481e-9079-9bba3cbb79ed@group-83236433C98A-StateMachineUpdater: snapshotIndex: updateIncreasingly -1 -> 0
2022-09-28 09:58:20,066 [Listener at 127.0.0.1/44537] INFO  server.RaftServer$Division (ServerState.java:close(429)) - 3b57bdd7-9f20-481e-9079-9bba3cbb79ed@group-83236433C98A: closes. applyIndex: 0
2022-09-28 09:58:20,067 [3b57bdd7-9f20-481e-9079-9bba3cbb79ed@group-83236433C98A-SegmentedRaftLogWorker] INFO  segmented.SegmentedRaftLogWorker (SegmentedRaftLogWorker.java:run(336)) - 3b57bdd7-9f20-481e-9079-9bba3cbb79ed@group-83236433C98A-SegmentedRaftLogWorker was interrupted, exiting. There are 0 tasks remaining in the queue.
2022-09-28 09:58:20,067 [Listener at 127.0.0.1/44537] INFO  segmented.SegmentedRaftLogWorker (SegmentedRaftLogWorker.java:close(246)) - 3b57bdd7-9f20-481e-9079-9bba3cbb79ed@group-83236433C98A-SegmentedRaftLogWorker close()
2022-09-28 09:58:20,068 [Listener at 127.0.0.1/44537] INFO  server.GrpcService (GrpcService.java:closeImpl(269)) - 3b57bdd7-9f20-481e-9079-9bba3cbb79ed: shutdown server with port 44439 now
2022-09-28 09:58:20,112 [Listener at 127.0.0.1/44537] INFO  server.GrpcService (GrpcService.java:closeImpl(278)) - 3b57bdd7-9f20-481e-9079-9bba3cbb79ed: shutdown server with port 44439 successfully
2022-09-28 09:58:20,112 [org.apache.ratis.util.JvmPauseMonitor$$Lambda$634/511600595@185e90a0] INFO  util.JvmPauseMonitor (JvmPauseMonitor.java:run(109)) - JvmPauseMonitor-3b57bdd7-9f20-481e-9079-9bba3cbb79ed: Stopped
2022-09-28 09:58:22,196 [Listener at 127.0.0.1/44537] INFO  utils.BackgroundService (BackgroundService.java:shutdown(141)) - Shutting down service BlockDeletingService
2022-09-28 09:58:22,197 [Listener at 127.0.0.1/44537] INFO  utils.BackgroundService (BackgroundService.java:shutdown(141)) - Shutting down service StaleRecoveringContainerScrubbingService
2022-09-28 09:58:25,226 [Listener at 127.0.0.1/44537] INFO  statemachine.DatanodeStateMachine (DatanodeStateMachine.java:stopDaemon(580)) - Ozone container server stopped.
2022-09-28 09:58:25,247 [Listener at 127.0.0.1/44537] INFO  handler.ContextHandler (ContextHandler.java:doStop(1153)) - Stopped o.e.j.w.WebAppContext@2d2ef96a{hddsDatanode,/,null,STOPPED}{jar:file:/home/runner/.m2/repository/org/apache/ozone/hdds-container-service/1.3.0-SNAPSHOT/hdds-container-service-1.3.0-SNAPSHOT.jar!/webapps/hddsDatanode}
2022-09-28 09:58:25,300 [Listener at 127.0.0.1/44537] INFO  server.AbstractConnector (AbstractConnector.java:doStop(381)) - Stopped ServerConnector@1716bfb9{HTTP/1.1, (http/1.1)}{0.0.0.0:0}
2022-09-28 09:58:25,301 [Listener at 127.0.0.1/44537] INFO  server.session (HouseKeeper.java:stopScavenging(149)) - node0 Stopped scavenging
2022-09-28 09:58:25,301 [Listener at 127.0.0.1/44537] INFO  handler.ContextHandler (ContextHandler.java:doStop(1153)) - Stopped o.e.j.s.ServletContextHandler@622958e1{static,/static,jar:file:/home/runner/.m2/repository/org/apache/ozone/hdds-container-service/1.3.0-SNAPSHOT/hdds-container-service-1.3.0-SNAPSHOT.jar!/webapps/static,STOPPED}
2022-09-28 09:58:25,301 [Listener at 127.0.0.1/44537] INFO  handler.ContextHandler (ContextHandler.java:doStop(1153)) - Stopped o.e.j.s.ServletContextHandler@2b52d7b9{logs,/logs,file:///home/runner/work/ozone/ozone/hadoop-ozone/integration-test/target/log,STOPPED}
2022-09-28 09:58:25,309 [Listener at 127.0.0.1/44537] INFO  ozone.MiniOzoneClusterImpl (MiniOzoneClusterImpl.java:stopSCM(537)) - Stopping the StorageContainerManager
2022-09-28 09:58:25,309 [Listener at 127.0.0.1/44537] INFO  server.StorageContainerManager (StorageContainerManager.java:stop(1528)) - Container Balancer is not running.
2022-09-28 09:58:25,309 [Listener at 127.0.0.1/44537] INFO  server.StorageContainerManager (StorageContainerManager.java:stop(1535)) - Stopping Replication Manager Service.
2022-09-28 09:58:25,309 [Listener at 127.0.0.1/44537] INFO  replication.ReplicationManager (ReplicationManager.java:stop(255)) - Stopping Replication Monitor Thread.
2022-09-28 09:58:25,309 [Listener at 127.0.0.1/44537] INFO  server.StorageContainerManager (StorageContainerManager.java:stop(1542)) - Stopping the Datanode Admin Monitor.
2022-09-28 09:58:25,309 [Listener at 127.0.0.1/44537] INFO  server.StorageContainerManager (StorageContainerManager.java:stop(1549)) - Stopping Lease Manager of the command watchers
2022-09-28 09:58:25,309 [Listener at 127.0.0.1/44537] INFO  server.StorageContainerManager (StorageContainerManager.java:stop(1556)) - Stopping datanode service RPC server
2022-09-28 09:58:25,309 [Listener at 127.0.0.1/44537] INFO  server.SCMDatanodeProtocolServer (SCMDatanodeProtocolServer.java:stop(414)) - Stopping the RPC server for DataNodes
2022-09-28 09:58:25,309 [Listener at 127.0.0.1/44537] INFO  ipc.Server (Server.java:stop(3414)) - Stopping server on 42955
2022-09-28 09:58:25,310 [ReplicationMonitor] INFO  replication.ReplicationManager (ReplicationManager.java:run(507)) - Replication Monitor Thread is stopped
2022-09-28 09:58:25,310 [Over Replicated Processor] WARN  replication.OverReplicatedProcessor (OverReplicatedProcessor.java:run(137)) - Over Replicated Processor interrupted. Exiting...
2022-09-28 09:58:25,310 [Under Replicated Processor] WARN  replication.UnderReplicatedProcessor (UnderReplicatedProcessor.java:run(148)) - Under Replicated Processor interrupted. Exiting...
2022-09-28 09:58:25,335 [IPC Server listener on 0] INFO  ipc.Server (Server.java:run(1376)) - Stopping IPC Server listener on 0
2022-09-28 09:58:25,364 [IPC Server Responder] INFO  ipc.Server (Server.java:run(1512)) - Stopping IPC Server Responder
2022-09-28 09:58:25,439 [SCM Heartbeat Processing Thread - 0] WARN  node.NodeStateManager (NodeStateManager.java:scheduleNextHealthCheck(870)) - Current Thread is interrupted, shutting down HB processing thread for Node Manager.
2022-09-28 09:58:25,439 [Listener at 127.0.0.1/44537] INFO  server.StorageContainerManager (StorageContainerManager.java:stop(1564)) - Stopping block service RPC server
2022-09-28 09:58:25,439 [Listener at 127.0.0.1/44537] INFO  server.SCMBlockProtocolServer (SCMBlockProtocolServer.java:stop(161)) - Stopping the RPC server for Block Protocol
2022-09-28 09:58:25,439 [Listener at 127.0.0.1/44537] INFO  ipc.Server (Server.java:stop(3414)) - Stopping server on 33631
2022-09-28 09:58:25,478 [IPC Server Responder] INFO  ipc.Server (Server.java:run(1512)) - Stopping IPC Server Responder
2022-09-28 09:58:25,478 [Listener at 127.0.0.1/44537] INFO  server.StorageContainerManager (StorageContainerManager.java:stop(1571)) - Stopping the StorageContainerLocationProtocol RPC server
2022-09-28 09:58:25,479 [Listener at 127.0.0.1/44537] INFO  server.SCMClientProtocolServer (SCMClientProtocolServer.java:stop(179)) - Stopping the RPC server for Client Protocol
2022-09-28 09:58:25,479 [Listener at 127.0.0.1/44537] INFO  ipc.Server (Server.java:stop(3414)) - Stopping server on 44339
2022-09-28 09:58:25,479 [IPC Server listener on 0] INFO  ipc.Server (Server.java:run(1376)) - Stopping IPC Server listener on 0
2022-09-28 09:58:25,484 [Listener at 127.0.0.1/44537] INFO  server.StorageContainerManager (StorageContainerManager.java:stop(1578)) - Stopping Storage Container Manager HTTP server.
2022-09-28 09:58:25,485 [Listener at 127.0.0.1/44537] INFO  handler.ContextHandler (ContextHandler.java:doStop(1153)) - Stopped o.e.j.w.WebAppContext@26740f16{scm,/,null,STOPPED}{file:/home/runner/work/ozone/ozone/hadoop-ozone/integration-test/target/test-classes/webapps/scm}
2022-09-28 09:58:25,485 [IPC Server Responder] INFO  ipc.Server (Server.java:run(1512)) - Stopping IPC Server Responder
2022-09-28 09:58:25,485 [IPC Server listener on 0] INFO  ipc.Server (Server.java:run(1376)) - Stopping IPC Server listener on 0
2022-09-28 09:58:25,515 [Listener at 127.0.0.1/44537] INFO  server.AbstractConnector (AbstractConnector.java:doStop(381)) - Stopped ServerConnector@6accbb21{HTTP/1.1, (http/1.1)}{0.0.0.0:0}
2022-09-28 09:58:25,515 [Listener at 127.0.0.1/44537] INFO  server.session (HouseKeeper.java:stopScavenging(149)) - node0 Stopped scavenging
2022-09-28 09:58:25,516 [Listener at 127.0.0.1/44537] INFO  handler.ContextHandler (ContextHandler.java:doStop(1153)) - Stopped o.e.j.s.ServletContextHandler@a080d96{static,/static,file:///home/runner/work/ozone/ozone/hadoop-ozone/integration-test/target/test-classes/webapps/static,STOPPED}
2022-09-28 09:58:25,516 [Listener at 127.0.0.1/44537] INFO  handler.ContextHandler (ContextHandler.java:doStop(1153)) - Stopped o.e.j.s.ServletContextHandler@2b5da15d{logs,/logs,file:///home/runner/work/ozone/ozone/hadoop-ozone/integration-test/target/log,STOPPED}
2022-09-28 09:58:25,525 [Listener at 127.0.0.1/44537] INFO  server.StorageContainerManager (StorageContainerManager.java:stop(1584)) - Stopping SCM LayoutVersionManager Service.
2022-09-28 09:58:25,525 [Listener at 127.0.0.1/44537] INFO  server.StorageContainerManager (StorageContainerManager.java:stop(1592)) - Stopping Block Manager Service.
2022-09-28 09:58:25,525 [Listener at 127.0.0.1/44537] INFO  utils.BackgroundService (BackgroundService.java:shutdown(141)) - Shutting down service SCMBlockDeletingService
2022-09-28 09:58:25,525 [Listener at 127.0.0.1/44537] INFO  utils.BackgroundService (BackgroundService.java:shutdown(141)) - Shutting down service SCMBlockDeletingService
2022-09-28 09:58:25,525 [Listener at 127.0.0.1/44537] INFO  server.StorageContainerManager (StorageContainerManager.java:stop(1619)) - Stopping SCM Event Queue.
2022-09-28 09:58:25,527 [Listener at 127.0.0.1/44537] INFO  server.StorageContainerManager (StorageContainerManager.java:stop(1630)) - Stopping SCM HA services.
2022-09-28 09:58:25,527 [Listener at 127.0.0.1/44537] INFO  pipeline.BackgroundPipelineCreator (BackgroundPipelineCreator.java:stop(149)) - Stopping RatisPipelineUtilsThread.
2022-09-28 09:58:25,527 [RatisPipelineUtilsThread - 0] WARN  pipeline.BackgroundPipelineCreator (BackgroundPipelineCreator.java:run(180)) - RatisPipelineUtilsThread is interrupted.
2022-09-28 09:58:25,528 [Listener at 127.0.0.1/44537] INFO  BackgroundPipelineScrubber (BackgroundSCMService.java:stop(131)) - Stopping BackgroundPipelineScrubber Service.
2022-09-28 09:58:25,528 [BackgroundPipelineScrubberThread] WARN  BackgroundPipelineScrubber (BackgroundSCMService.java:run(115)) - BackgroundPipelineScrubber is interrupted, exit
2022-09-28 09:58:25,528 [Listener at 127.0.0.1/44537] INFO  server.StorageContainerManager (StorageContainerManager.java:stop(1640)) - Stopping SCM MetadataStore.
2022-09-28 09:58:25,530 [Listener at 127.0.0.1/44537] INFO  impl.MetricsSystemImpl (MetricsSystemImpl.java:stop(210)) - Stopping HddsDatanode metrics system...
2022-09-28 09:58:25,645 [prometheus] INFO  impl.MetricsSinkAdapter (MetricsSinkAdapter.java:publishMetricsFromQueue(141)) - prometheus thread interrupted.
2022-09-28 09:58:25,645 [Listener at 127.0.0.1/44537] INFO  impl.MetricsSystemImpl (MetricsSystemImpl.java:stop(216)) - HddsDatanode metrics system stopped.
2022-09-28 09:58:25,874 [Listener at 127.0.0.1/44537] WARN  server.ServerUtils (ServerUtils.java:getScmDbDir(148)) - ozone.scm.db.dirs is not configured. We recommend adding this setting. Falling back to ozone.metadata.dirs instead.
2022-09-28 09:58:25,910 [Listener at 127.0.0.1/44537] WARN  server.ServerUtils (ServerUtils.java:getScmDbDir(148)) - ozone.scm.db.dirs is not configured. We recommend adding this setting. Falling back to ozone.metadata.dirs instead.
2022-09-28 09:58:25,910 [Listener at 127.0.0.1/44537] INFO  ha.SCMHANodeDetails (SCMHANodeDetails.java:loadSCMHAConfig(209)) - ServiceID for StorageContainerManager is null
2022-09-28 09:58:25,910 [Listener at 127.0.0.1/44537] INFO  ha.SCMHANodeDetails (SCMHANodeDetails.java:loadSCMHAConfig(214)) - ozone.scm.default.service.id is not defined, falling back to ozone.scm.service.ids to find serviceID for StorageContainerManager if it is HA enabled cluster
2022-09-28 09:58:25,911 [Listener at 127.0.0.1/44537] WARN  utils.HAUtils (HAUtils.java:getMetaDir(342)) - ozone.scm.db.dirs is not configured. We recommend adding this setting. Falling back to ozone.metadata.dirs instead.
2022-09-28 09:58:25,911 [Listener at 127.0.0.1/44537] WARN  db.DBStoreBuilder (DBStoreBuilder.java:applyDBDefinition(144)) - ozone.scm.db.dirs is not configured. We recommend adding this setting. Falling back to ozone.metadata.dirs instead.
2022-09-28 09:58:26,285 [Listener at 127.0.0.1/44537] INFO  net.NodeSchemaLoader (NodeSchemaLoader.java:loadSchemaFromFile(129)) - Loading schema from [jar:file:/home/runner/.m2/repository/org/apache/ozone/hdds-common/1.3.0-SNAPSHOT/hdds-common-1.3.0-SNAPSHOT.jar!/network-topology-default.xml]
2022-09-28 09:58:26,286 [Listener at 127.0.0.1/44537] INFO  net.NodeSchemaLoader (NodeSchemaLoader.java:loadSchema(176)) - Loading network topology layer schema file
2022-09-28 09:58:26,305 [Listener at 127.0.0.1/44537] INFO  upgrade.AbstractLayoutVersionManager (AbstractLayoutVersionManager.java:init(83)) - Initializing Layout version manager with metadata layout = DATANODE_SCHEMA_V3 (version = 4), software layout = DATANODE_SCHEMA_V3 (version = 4)
2022-09-28 09:58:26,425 [Listener at 127.0.0.1/44537] INFO  reflections.Reflections (Reflections.java:scan(232)) - Reflections took 119 ms to scan 7 urls, producing 135 keys and 327 values 
2022-09-28 09:58:26,426 [Listener at 127.0.0.1/44537] INFO  ha.SequenceIdGenerator (SequenceIdGenerator.java:upgradeToSequenceId(349)) - upgrade localId to 109611004723200000
2022-09-28 09:58:26,427 [Listener at 127.0.0.1/44537] INFO  ha.SequenceIdGenerator (SequenceIdGenerator.java:upgradeToSequenceId(359)) - upgrade delTxnId to 0
2022-09-28 09:58:26,427 [Listener at 127.0.0.1/44537] INFO  ha.SequenceIdGenerator (SequenceIdGenerator.java:upgradeToSequenceId(376)) - upgrade containerId to 0
2022-09-28 09:58:26,427 [Listener at 127.0.0.1/44537] INFO  ha.SequenceIdGenerator (SequenceIdGenerator.java:<init>(220)) - Init the HA SequenceIdGenerator.
2022-09-28 09:58:26,427 [Listener at 127.0.0.1/44537] WARN  server.ServerUtils (ServerUtils.java:sanitizeUserArgs(73)) - ozone.scm.stale.node.interval value = 300000 is larger than max = 100000 based on the key value of ozone.scm.heartbeat.thread.interval, reset to the max value 100000.
2022-09-28 09:58:26,427 [Listener at 127.0.0.1/44537] WARN  server.ServerUtils (ServerUtils.java:sanitizeUserArgs(73)) - ozone.scm.stale.node.interval value = 300000 is larger than max = 100000 based on the key value of ozone.scm.heartbeat.thread.interval, reset to the max value 100000.
2022-09-28 09:58:26,427 [Listener at 127.0.0.1/44537] INFO  node.SCMNodeManager (SCMNodeManager.java:<init>(149)) - Entering startup safe mode.
2022-09-28 09:58:26,428 [Listener at 127.0.0.1/44537] INFO  algorithms.ContainerPlacementPolicyFactory (ContainerPlacementPolicyFactory.java:getPolicyInternal(86)) - Create container placement policy of type org.apache.hadoop.hdds.scm.container.placement.algorithms.SCMContainerPlacementRandom
2022-09-28 09:58:26,428 [Listener at 127.0.0.1/44537] INFO  algorithms.ContainerPlacementPolicyFactory (ContainerPlacementPolicyFactory.java:getPolicyInternal(86)) - Create container placement policy of type org.apache.hadoop.hdds.scm.container.placement.algorithms.SCMContainerPlacementRackScatter
2022-09-28 09:58:26,428 [Listener at 127.0.0.1/44537] INFO  pipeline.PipelineStateManagerImpl (PipelineStateManagerImpl.java:initialize(78)) - No pipeline exists in current db
2022-09-28 09:58:26,428 [Listener at 127.0.0.1/44537] INFO  algorithms.LeaderChoosePolicyFactory (LeaderChoosePolicyFactory.java:getPolicy(57)) - Create leader choose policy of type org.apache.hadoop.hdds.scm.pipeline.leader.choose.algorithms.MinLeaderCountChoosePolicy
2022-09-28 09:58:26,428 [Listener at 127.0.0.1/44537] INFO  algorithms.ContainerPlacementPolicyFactory (ContainerPlacementPolicyFactory.java:getPolicyInternal(86)) - Create container placement policy of type org.apache.hadoop.hdds.scm.container.placement.algorithms.SCMContainerPlacementRackScatter
2022-09-28 09:58:26,428 [Listener at 127.0.0.1/44537] INFO  ha.SCMServiceManager (SCMServiceManager.java:register(42)) - Registering service BackgroundPipelineCreator.
2022-09-28 09:58:26,428 [Listener at 127.0.0.1/44537] INFO  pipeline.BackgroundPipelineCreator (BackgroundPipelineCreator.java:start(124)) - Starting RatisPipelineUtilsThread.
2022-09-28 09:58:26,458 [Listener at 127.0.0.1/44537] INFO  BackgroundPipelineScrubber (BackgroundSCMService.java:start(68)) - Starting BackgroundPipelineScrubber Service.
2022-09-28 09:58:26,492 [Listener at 127.0.0.1/44537] INFO  ha.SCMServiceManager (SCMServiceManager.java:register(42)) - Registering service BackgroundPipelineScrubber.
2022-09-28 09:58:26,492 [Listener at 127.0.0.1/44537] INFO  ExpiredContainerReplicaOpScrubber (BackgroundSCMService.java:start(68)) - Starting ExpiredContainerReplicaOpScrubber Service.
2022-09-28 09:58:26,493 [Listener at 127.0.0.1/44537] INFO  ha.SCMServiceManager (SCMServiceManager.java:register(42)) - Registering service ExpiredContainerReplicaOpScrubber.
2022-09-28 09:58:26,493 [Listener at 127.0.0.1/44537] INFO  algorithms.PipelineChoosePolicyFactory (PipelineChoosePolicyFactory.java:createPipelineChoosePolicyFromClass(73)) - Create pipeline choose policy of type org.apache.hadoop.hdds.scm.pipeline.choose.algorithms.RandomPipelineChoosePolicy
2022-09-28 09:58:26,493 [Listener at 127.0.0.1/44537] INFO  ha.SCMServiceManager (SCMServiceManager.java:register(42)) - Registering service SCMBlockDeletingService.
2022-09-28 09:58:26,494 [Listener at 127.0.0.1/44537] INFO  replication.ReplicationManager (ReplicationManager.java:start(221)) - Starting Replication Monitor Thread.
2022-09-28 09:58:26,556 [Listener at 127.0.0.1/44537] INFO  ha.SCMServiceManager (SCMServiceManager.java:register(42)) - Registering service ReplicationManager.
2022-09-28 09:58:26,557 [Listener at 127.0.0.1/44537] INFO  safemode.ContainerSafeModeRule (ContainerSafeModeRule.java:<init>(89)) - containers with one replica threshold count 0
2022-09-28 09:58:26,557 [Listener at 127.0.0.1/44537] INFO  safemode.HealthyPipelineSafeModeRule (HealthyPipelineSafeModeRule.java:initializeRule(169)) - Total pipeline count is 0, healthy pipeline threshold count is 1
2022-09-28 09:58:26,557 [Listener at 127.0.0.1/44537] INFO  safemode.OneReplicaPipelineSafeModeRule (OneReplicaPipelineSafeModeRule.java:initializeRule(180)) - Total pipeline count is 0, pipeline's with at least one datanode reported threshold count is 0
2022-09-28 09:58:26,616 [Listener at 127.0.0.1/44537] INFO  ipc.CallQueueManager (CallQueueManager.java:<init>(90)) - Using callQueue: class java.util.concurrent.LinkedBlockingQueue, queueCapacity: 2000, scheduler: class org.apache.hadoop.ipc.DefaultRpcScheduler, ipcBackoff: false.
2022-09-28 09:58:26,621 [ReplicationMonitor] INFO  replication.ReplicationManager (ReplicationManager.java:processAll(289)) - Replication Manager is not ready to run until 3000ms after safemode exit
2022-09-28 09:58:26,672 [Socket Reader #1 for port 0] INFO  ipc.Server (Server.java:run(1265)) - Starting Socket Reader #1 for port 0
2022-09-28 09:58:26,692 [Listener at 0.0.0.0/36561] INFO  ipc.CallQueueManager (CallQueueManager.java:<init>(90)) - Using callQueue: class java.util.concurrent.LinkedBlockingQueue, queueCapacity: 2000, scheduler: class org.apache.hadoop.ipc.DefaultRpcScheduler, ipcBackoff: false.
2022-09-28 09:58:26,693 [Socket Reader #1 for port 0] INFO  ipc.Server (Server.java:run(1265)) - Starting Socket Reader #1 for port 0
2022-09-28 09:58:26,693 [Listener at 0.0.0.0/40695] INFO  ipc.CallQueueManager (CallQueueManager.java:<init>(90)) - Using callQueue: class java.util.concurrent.LinkedBlockingQueue, queueCapacity: 2000, scheduler: class org.apache.hadoop.ipc.DefaultRpcScheduler, ipcBackoff: false.
2022-09-28 09:58:26,694 [Socket Reader #1 for port 0] INFO  ipc.Server (Server.java:run(1265)) - Starting Socket Reader #1 for port 0
2022-09-28 09:58:26,745 [Listener at 0.0.0.0/37843] INFO  ha.SCMServiceManager (SCMServiceManager.java:register(42)) - Registering service ContainerBalancer.
2022-09-28 09:58:26,746 [Listener at 0.0.0.0/37843] INFO  server.StorageContainerManager (StorageContainerManager.java:<init>(410)) - 
Container Balancer status:
Key                            Value
Running                        false
Container Balancer Configuration values:
Key                                                Value
Threshold                                          10
Max Datanodes to Involve per Iteration(percent)    20
Max Size to Move per Iteration                     500GB
Max Size Entering Target per Iteration             26GB
Max Size Leaving Source per Iteration              26GB

2022-09-28 09:58:26,746 [Listener at 0.0.0.0/37843] WARN  events.EventQueue (EventQueue.java:fireEvent(216)) - No event handler registered for event TypedEvent{payloadType=SafeModeStatus, name='Safe mode status'}
2022-09-28 09:58:26,746 [Listener at 0.0.0.0/37843] INFO  ha.SCMContext (SCMContext.java:updateSafeModeStatus(228)) - Update SafeModeStatus from SafeModeStatus{safeModeStatus=true, preCheckPassed=false} to SafeModeStatus{safeModeStatus=true, preCheckPassed=false}.
2022-09-28 09:58:26,746 [Listener at 0.0.0.0/37843] INFO  server.StorageContainerManager (StorageContainerManager.java:start(1436)) - StorageContainerLocationProtocol RPC server is listening at /0.0.0.0:37843
2022-09-28 09:58:26,747 [Listener at 0.0.0.0/37843] WARN  impl.MetricsConfig (MetricsConfig.java:loadFirst(136)) - Cannot locate configuration: tried hadoop-metrics2-storagecontainermanager.properties,hadoop-metrics2.properties
2022-09-28 09:58:26,747 [Listener at 0.0.0.0/37843] INFO  impl.MetricsSystemImpl (MetricsSystemImpl.java:startTimer(378)) - Scheduled Metric snapshot period at 10 second(s).
2022-09-28 09:58:26,747 [Listener at 0.0.0.0/37843] INFO  impl.MetricsSystemImpl (MetricsSystemImpl.java:start(191)) - StorageContainerManager metrics system started
2022-09-28 09:58:26,793 [Listener at 0.0.0.0/37843] INFO  impl.MetricsSinkAdapter (MetricsSinkAdapter.java:start(204)) - Sink prometheus started
2022-09-28 09:58:26,793 [Listener at 0.0.0.0/37843] INFO  impl.MetricsSystemImpl (MetricsSystemImpl.java:registerSink(305)) - Registered sink prometheus
2022-09-28 09:58:26,840 [Listener at 0.0.0.0/37843] INFO  server.SCMClientProtocolServer (SCMClientProtocolServer.java:start(170)) - RPC server for Client  is listening at /0.0.0.0:37843
2022-09-28 09:58:26,848 [IPC Server Responder] INFO  ipc.Server (Server.java:run(1507)) - IPC Server Responder: starting
2022-09-28 09:58:26,969 [Listener at 0.0.0.0/37843] INFO  server.StorageContainerManager (StorageContainerManager.java:start(1451)) - ScmBlockLocationProtocol RPC server is listening at /0.0.0.0:40695
2022-09-28 09:58:27,085 [Listener at 0.0.0.0/37843] INFO  server.SCMBlockProtocolServer (SCMBlockProtocolServer.java:start(152)) - RPC server for Block Protocol is listening at /0.0.0.0:40695
2022-09-28 09:58:27,085 [IPC Server Responder] INFO  ipc.Server (Server.java:run(1507)) - IPC Server Responder: starting
2022-09-28 09:58:27,085 [IPC Server listener on 0] INFO  ipc.Server (Server.java:run(1344)) - IPC Server listener on 0: starting
2022-09-28 09:58:26,872 [IPC Server listener on 0] INFO  ipc.Server (Server.java:run(1344)) - IPC Server listener on 0: starting
2022-09-28 09:58:27,087 [Listener at 0.0.0.0/37843] INFO  server.SCMDatanodeProtocolServer (SCMDatanodeProtocolServer.java:start(186)) - ScmDatanodeProtocol RPC server for DataNodes is listening at /0.0.0.0:36561
2022-09-28 09:58:27,088 [IPC Server Responder] INFO  ipc.Server (Server.java:run(1507)) - IPC Server Responder: starting
2022-09-28 09:58:27,088 [IPC Server listener on 0] INFO  ipc.Server (Server.java:run(1344)) - IPC Server listener on 0: starting
2022-09-28 09:58:27,141 [org.apache.hadoop.util.JvmPauseMonitor$Monitor@1275d648] INFO  util.JvmPauseMonitor (JvmPauseMonitor.java:run(188)) - Starting JVM pause monitor
2022-09-28 09:58:27,141 [Listener at 0.0.0.0/37843] INFO  http.BaseHttpServer (BaseHttpServer.java:newHttpServer2BuilderForOzone(213)) - Starting Web-server for scm at: http://0.0.0.0:0
2022-09-28 09:58:27,141 [Listener at 0.0.0.0/37843] INFO  http.BaseHttpServer (BaseHttpServer.java:<init>(108)) - Hadoop Security Enabled: false Ozone Security Enabled: false Ozone HTTP Security Enabled: false 
2022-09-28 09:58:27,196 [Listener at 0.0.0.0/37843] INFO  server.AuthenticationFilter (AuthenticationFilter.java:constructSecretProvider(240)) - Unable to initialize FileSignerSecretProvider, falling back to use random secrets.
2022-09-28 09:58:27,256 [Listener at 0.0.0.0/37843] WARN  http.HttpRequestLog (HttpRequestLog.java:getRequestLog(103)) - Jetty request log can only be enabled using Log4j
2022-09-28 09:58:27,265 [Listener at 0.0.0.0/37843] INFO  http.HttpServer2 (HttpServer2.java:addGlobalFilter(1029)) - Added global filter 'safety' (class=org.apache.hadoop.hdds.server.http.HttpServer2$QuotingInputFilter)
2022-09-28 09:58:27,266 [Listener at 0.0.0.0/37843] INFO  http.HttpServer2 (HttpServer2.java:addFilter(1005)) - Added filter static_user_filter (class=org.apache.hadoop.http.lib.StaticUserWebFilter$StaticUserFilter) to context scm
2022-09-28 09:58:27,266 [Listener at 0.0.0.0/37843] INFO  http.HttpServer2 (HttpServer2.java:addFilter(1013)) - Added filter static_user_filter (class=org.apache.hadoop.http.lib.StaticUserWebFilter$StaticUserFilter) to context logs
2022-09-28 09:58:27,266 [Listener at 0.0.0.0/37843] INFO  http.HttpServer2 (HttpServer2.java:addFilter(1013)) - Added filter static_user_filter (class=org.apache.hadoop.http.lib.StaticUserWebFilter$StaticUserFilter) to context static
2022-09-28 09:58:27,266 [Listener at 0.0.0.0/37843] INFO  http.HttpServer2 (HttpServer2.java:bindListener(1248)) - Jetty bound to port 37791
2022-09-28 09:58:27,266 [Listener at 0.0.0.0/37843] INFO  server.Server (Server.java:doStart(375)) - jetty-9.4.43.v20210629; built: 2021-06-30T11:07:22.254Z; git: 526006ecfa3af7f1a27ef3a288e2bef7ea9dd7e8; jvm 1.8.0_345-b01
2022-09-28 09:58:27,444 [Listener at 0.0.0.0/37843] INFO  server.session (DefaultSessionIdManager.java:doStart(334)) - DefaultSessionIdManager workerName=node0
2022-09-28 09:58:27,444 [Listener at 0.0.0.0/37843] INFO  server.session (DefaultSessionIdManager.java:doStart(339)) - No SessionScavenger set, using defaults
2022-09-28 09:58:27,444 [Listener at 0.0.0.0/37843] INFO  server.session (HouseKeeper.java:startScavenging(132)) - node0 Scavenging every 660000ms
2022-09-28 09:58:27,445 [Listener at 0.0.0.0/37843] INFO  handler.ContextHandler (ContextHandler.java:doStart(915)) - Started o.e.j.s.ServletContextHandler@36536343{logs,/logs,file:///home/runner/work/ozone/ozone/hadoop-ozone/integration-test/target/log,AVAILABLE}
2022-09-28 09:58:27,445 [Listener at 0.0.0.0/37843] INFO  handler.ContextHandler (ContextHandler.java:doStart(915)) - Started o.e.j.s.ServletContextHandler@154a9056{static,/static,file:///home/runner/work/ozone/ozone/hadoop-ozone/integration-test/target/test-classes/webapps/static,AVAILABLE}
2022-09-28 09:58:27,448 [Listener at 0.0.0.0/37843] INFO  handler.ContextHandler (ContextHandler.java:doStart(915)) - Started o.e.j.w.WebAppContext@59d44088{scm,/,file:///home/runner/work/ozone/ozone/hadoop-ozone/integration-test/target/test-classes/webapps/scm/,AVAILABLE}{file:/home/runner/work/ozone/ozone/hadoop-ozone/integration-test/target/test-classes/webapps/scm}
2022-09-28 09:58:27,482 [Listener at 0.0.0.0/37843] INFO  server.AbstractConnector (AbstractConnector.java:doStart(331)) - Started ServerConnector@28011cb2{HTTP/1.1, (http/1.1)}{0.0.0.0:37791}
2022-09-28 09:58:27,482 [Listener at 0.0.0.0/37843] INFO  server.Server (Server.java:doStart(415)) - Started @272058ms
2022-09-28 09:58:27,482 [Listener at 0.0.0.0/37843] WARN  impl.MetricsSystemImpl (MetricsSystemImpl.java:register(279)) - Sink prometheus already exists!
2022-09-28 09:58:27,508 [Listener at 0.0.0.0/37843] INFO  http.BaseHttpServer (BaseHttpServer.java:updateConnectorAddress(333)) - HTTP server of scm listening at http://0.0.0.0:37791
2022-09-28 09:58:27,508 [Listener at 0.0.0.0/37843] WARN  server.ServerUtils (ServerUtils.java:getDBPath(225)) - ozone.om.db.dirs is not configured. We recommend adding this setting. Falling back to ozone.metadata.dirs instead.
2022-09-28 09:58:27,524 [Listener at 0.0.0.0/37843] INFO  ha.OMHANodeDetails (OMHANodeDetails.java:loadOMHAConfig(115)) - ozone.om.internal.service.id is not defined, falling back to ozone.om.service.ids to find serviceID for OzoneManager if it is HA enabled cluster
2022-09-28 09:58:27,524 [Listener at 0.0.0.0/37843] INFO  ha.OMHANodeDetails (OMHANodeDetails.java:loadOMHAConfig(226)) - Configuration does not have ozone.om.address set. Falling back to the default OM address /127.0.0.1:0
2022-09-28 09:58:27,525 [Listener at 0.0.0.0/37843] INFO  ha.OMHANodeDetails (OMHANodeDetails.java:getOMNodeDetailsForNonHA(254)) - OM Service ID is not set. Setting it to the default ID: omServiceIdDefault
2022-09-28 09:58:27,525 [Listener at 0.0.0.0/37843] INFO  ha.OMHANodeDetails (OMHANodeDetails.java:getOMNodeDetailsForNonHA(261)) - OM Node ID is not set. Setting it to the default ID: om1
2022-09-28 09:58:27,525 [Listener at 0.0.0.0/37843] WARN  server.ServerUtils (ServerUtils.java:getDBPath(225)) - ozone.om.db.dirs is not configured. We recommend adding this setting. Falling back to ozone.metadata.dirs instead.
2022-09-28 09:58:27,525 [Listener at 0.0.0.0/37843] INFO  upgrade.AbstractLayoutVersionManager (AbstractLayoutVersionManager.java:init(83)) - Initializing Layout version manager with metadata layout = MULTITENANCY_SCHEMA (version = 3), software layout = MULTITENANCY_SCHEMA (version = 3)
2022-09-28 09:58:27,824 [Listener at 0.0.0.0/37843] INFO  reflections.Reflections (Reflections.java:scan(232)) - Reflections took 297 ms to scan 2 urls, producing 153 keys and 427 values [using 2 cores]
2022-09-28 09:58:27,824 [Listener at 0.0.0.0/37843] INFO  upgrade.OMLayoutVersionManager (OMLayoutVersionManager.java:lambda$0(115)) - Skipping Upgrade Action MockOmUpgradeAction since it has been finalized.
2022-09-28 09:58:27,824 [Listener at 0.0.0.0/37843] WARN  server.ServerUtils (ServerUtils.java:getDBPath(225)) - ozone.om.db.dirs is not configured. We recommend adding this setting. Falling back to ozone.metadata.dirs instead.
2022-09-28 09:58:27,825 [Listener at 0.0.0.0/37843] INFO  proxy.SCMBlockLocationFailoverProxyProvider (SCMBlockLocationFailoverProxyProvider.java:<init>(114)) - Created block location fail-over proxy with 1 nodes: [nodeId=scmNodeId,nodeAddress=/0.0.0.0:40695]
2022-09-28 09:58:27,825 [Listener at 0.0.0.0/37843] INFO  proxy.SCMBlockLocationFailoverProxyProvider (SCMBlockLocationFailoverProxyProvider.java:<init>(114)) - Created block location fail-over proxy with 1 nodes: [nodeId=scmNodeId,nodeAddress=/0.0.0.0:40695]
2022-09-28 09:58:27,962 [Listener at 0.0.0.0/37843] WARN  server.ServerUtils (ServerUtils.java:getDBPath(225)) - ozone.om.db.dirs is not configured. We recommend adding this setting. Falling back to ozone.metadata.dirs instead.
2022-09-28 09:58:27,962 [Listener at 0.0.0.0/37843] INFO  codec.OmKeyInfoCodec (OmKeyInfoCodec.java:<init>(49)) - OmKeyInfoCodec ignorePipeline = true
2022-09-28 09:58:27,962 [Listener at 0.0.0.0/37843] INFO  codec.RepeatedOmKeyInfoCodec (RepeatedOmKeyInfoCodec.java:<init>(41)) - RepeatedOmKeyInfoCodec ignorePipeline = true
2022-09-28 09:58:28,861 [Listener at 0.0.0.0/37843] INFO  om.OzoneManager (OzoneManager.java:instantiateServices(709)) - S3 Multi-Tenancy is disabled
2022-09-28 09:58:28,862 [Listener at 0.0.0.0/37843] INFO  om.OzoneManager (OzoneManager.java:addS3GVolumeToDB(4324)) - Created Volume s3v With Owner runner required for S3Gateway operations.
2022-09-28 09:58:28,863 [Listener at 0.0.0.0/37843] INFO  om.OzoneManager (OzoneManager.java:getRpcServer(1099)) - Creating RPC Server
2022-09-28 09:58:30,347 [Listener at 0.0.0.0/37843] INFO  reflections.Reflections (Reflections.java:scan(232)) - Reflections took 1482 ms to scan 19 urls, producing 67 keys and 4204 values [using 2 cores]
2022-09-28 09:58:30,348 [Listener at 0.0.0.0/37843] INFO  ipc.CallQueueManager (CallQueueManager.java:<init>(90)) - Using callQueue: class java.util.concurrent.LinkedBlockingQueue, queueCapacity: 2000, scheduler: class org.apache.hadoop.ipc.DefaultRpcScheduler, ipcBackoff: false.
2022-09-28 09:58:30,408 [Socket Reader #1 for port 0] INFO  ipc.Server (Server.java:run(1265)) - Starting Socket Reader #1 for port 0
2022-09-28 09:58:30,432 [Listener at 127.0.0.1/38925] INFO  impl.MetricsSystemImpl (MetricsSystemImpl.java:init(158)) - OzoneManager metrics system started (again)
2022-09-28 09:58:30,442 [Listener at 127.0.0.1/38925] INFO  om.OzoneManager (OzoneManager.java:start(1483)) - OzoneManager RPC server is listening at localhost/127.0.0.1:38925
2022-09-28 09:58:30,442 [Listener at 127.0.0.1/38925] INFO  om.OzoneManager (OzoneManager.java:start(1499)) - Version File has different layout version (3) than OM DB (null). That is expected if this OM has never been finalized to a newer layout version.
2022-09-28 09:58:30,444 [Listener at 127.0.0.1/38925] INFO  http.BaseHttpServer (BaseHttpServer.java:newHttpServer2BuilderForOzone(213)) - Starting Web-server for ozoneManager at: http://0.0.0.0:0
2022-09-28 09:58:30,444 [Listener at 127.0.0.1/38925] INFO  http.BaseHttpServer (BaseHttpServer.java:<init>(108)) - Hadoop Security Enabled: false Ozone Security Enabled: false Ozone HTTP Security Enabled: false 
2022-09-28 09:58:30,444 [Listener at 127.0.0.1/38925] INFO  server.AuthenticationFilter (AuthenticationFilter.java:constructSecretProvider(240)) - Unable to initialize FileSignerSecretProvider, falling back to use random secrets.
2022-09-28 09:58:30,467 [Listener at 127.0.0.1/38925] WARN  http.HttpRequestLog (HttpRequestLog.java:getRequestLog(103)) - Jetty request log can only be enabled using Log4j
2022-09-28 09:58:30,468 [Listener at 127.0.0.1/38925] INFO  http.HttpServer2 (HttpServer2.java:addGlobalFilter(1029)) - Added global filter 'safety' (class=org.apache.hadoop.hdds.server.http.HttpServer2$QuotingInputFilter)
2022-09-28 09:58:30,468 [Listener at 127.0.0.1/38925] INFO  http.HttpServer2 (HttpServer2.java:addFilter(1005)) - Added filter static_user_filter (class=org.apache.hadoop.http.lib.StaticUserWebFilter$StaticUserFilter) to context ozoneManager
2022-09-28 09:58:30,468 [Listener at 127.0.0.1/38925] INFO  http.HttpServer2 (HttpServer2.java:addFilter(1013)) - Added filter static_user_filter (class=org.apache.hadoop.http.lib.StaticUserWebFilter$StaticUserFilter) to context static
2022-09-28 09:58:30,469 [Listener at 127.0.0.1/38925] INFO  http.HttpServer2 (HttpServer2.java:addFilter(1013)) - Added filter static_user_filter (class=org.apache.hadoop.http.lib.StaticUserWebFilter$StaticUserFilter) to context logs
2022-09-28 09:58:30,469 [Listener at 127.0.0.1/38925] INFO  http.HttpServer2 (HttpServer2.java:bindListener(1248)) - Jetty bound to port 43897
2022-09-28 09:58:30,469 [Listener at 127.0.0.1/38925] INFO  server.Server (Server.java:doStart(375)) - jetty-9.4.43.v20210629; built: 2021-06-30T11:07:22.254Z; git: 526006ecfa3af7f1a27ef3a288e2bef7ea9dd7e8; jvm 1.8.0_345-b01
2022-09-28 09:58:30,513 [Listener at 127.0.0.1/38925] INFO  server.session (DefaultSessionIdManager.java:doStart(334)) - DefaultSessionIdManager workerName=node0
2022-09-28 09:58:30,513 [Listener at 127.0.0.1/38925] INFO  server.session (DefaultSessionIdManager.java:doStart(339)) - No SessionScavenger set, using defaults
2022-09-28 09:58:30,513 [Listener at 127.0.0.1/38925] INFO  server.session (HouseKeeper.java:startScavenging(132)) - node0 Scavenging every 600000ms
2022-09-28 09:58:30,517 [Listener at 127.0.0.1/38925] INFO  handler.ContextHandler (ContextHandler.java:doStart(915)) - Started o.e.j.s.ServletContextHandler@59211be8{logs,/logs,file:///home/runner/work/ozone/ozone/hadoop-ozone/integration-test/target/log,AVAILABLE}
2022-09-28 09:58:30,517 [Listener at 127.0.0.1/38925] INFO  handler.ContextHandler (ContextHandler.java:doStart(915)) - Started o.e.j.s.ServletContextHandler@4fa4e917{static,/static,file:///home/runner/work/ozone/ozone/hadoop-ozone/integration-test/target/test-classes/webapps/static,AVAILABLE}
2022-09-28 09:58:30,573 [Listener at 127.0.0.1/38925] INFO  handler.ContextHandler (ContextHandler.java:doStart(915)) - Started o.e.j.w.WebAppContext@74988b1a{ozoneManager,/,file:///home/runner/work/ozone/ozone/hadoop-ozone/integration-test/target/test-classes/webapps/ozoneManager/,AVAILABLE}{file:/home/runner/work/ozone/ozone/hadoop-ozone/integration-test/target/test-classes/webapps/ozoneManager}
2022-09-28 09:58:30,584 [Listener at 127.0.0.1/38925] INFO  server.AbstractConnector (AbstractConnector.java:doStart(331)) - Started ServerConnector@61ebd2d9{HTTP/1.1, (http/1.1)}{0.0.0.0:43897}
2022-09-28 09:58:30,584 [Listener at 127.0.0.1/38925] INFO  server.Server (Server.java:doStart(415)) - Started @275160ms
2022-09-28 09:58:30,585 [Listener at 127.0.0.1/38925] WARN  impl.MetricsSystemImpl (MetricsSystemImpl.java:register(279)) - Sink prometheus already exists!
2022-09-28 09:58:30,596 [Listener at 127.0.0.1/38925] INFO  http.BaseHttpServer (BaseHttpServer.java:updateConnectorAddress(333)) - HTTP server of ozoneManager listening at http://0.0.0.0:43897
2022-09-28 09:58:30,604 [IPC Server listener on 0] INFO  ipc.Server (Server.java:run(1344)) - IPC Server listener on 0: starting
2022-09-28 09:58:30,605 [IPC Server Responder] INFO  ipc.Server (Server.java:run(1507)) - IPC Server Responder: starting
2022-09-28 09:58:30,721 [Listener at 127.0.0.1/38925] INFO  om.TrashPolicyOzone (TrashPolicyOzone.java:<init>(178)) - Ozone Manager trash configuration: Deletion interval = 0 minutes, Emptier interval = 0 minutes.
2022-09-28 09:58:30,732 [Listener at 127.0.0.1/38925] INFO  impl.MetricsSystemImpl (MetricsSystemImpl.java:init(158)) - HddsDatanode metrics system started (again)
2022-09-28 09:58:30,788 [org.apache.hadoop.util.JvmPauseMonitor$Monitor@4859089e] INFO  util.JvmPauseMonitor (JvmPauseMonitor.java:run(188)) - Starting JVM pause monitor
2022-09-28 09:58:30,791 [Listener at 127.0.0.1/38925] INFO  ozone.HddsDatanodeService (HddsDatanodeService.java:start(236)) - HddsDatanodeService host:fv-az204-790.d0ggoinxmwcejgojbuqly40l0e.cx.internal.cloudapp.net ip:10.1.1.21
2022-09-28 09:58:30,924 [Listener at 127.0.0.1/38925] INFO  upgrade.AbstractLayoutVersionManager (AbstractLayoutVersionManager.java:init(83)) - Initializing Layout version manager with metadata layout = DATANODE_SCHEMA_V3 (version = 4), software layout = DATANODE_SCHEMA_V3 (version = 4)
2022-09-28 09:58:31,259 [Listener at 127.0.0.1/38925] INFO  reflections.Reflections (Reflections.java:scan(232)) - Reflections took 310 ms to scan 7 urls, producing 135 keys and 327 values 
2022-09-28 09:58:31,260 [Listener at 127.0.0.1/38925] INFO  statemachine.DatanodeStateMachine (DatanodeStateMachine.java:getEndPointTaskThreadPoolSize(237)) - Datanode State Machine Task Thread Pool size 2
2022-09-28 09:58:31,321 [Listener at 127.0.0.1/38925] INFO  volume.HddsVolume (HddsVolume.java:<init>(117)) - Creating HddsVolume: /home/runner/work/ozone/ozone/hadoop-ozone/integration-test/target/test-dir/MiniOzoneClusterImpl-010780ea-650b-44a2-9cb2-deec812f3cdf/datanode-0/data-0/containers/hdds of storage type : DISK capacity : 9223372036854775807
2022-09-28 09:58:31,321 [Listener at 127.0.0.1/38925] INFO  volume.MutableVolumeSet (MutableVolumeSet.java:initializeVolumeSet(174)) - Added Volume : /home/runner/work/ozone/ozone/hadoop-ozone/integration-test/target/test-dir/MiniOzoneClusterImpl-010780ea-650b-44a2-9cb2-deec812f3cdf/datanode-0/data-0/containers/hdds to VolumeSet
2022-09-28 09:58:31,321 [Listener at 127.0.0.1/38925] INFO  volume.ThrottledAsyncChecker (ThrottledAsyncChecker.java:schedule(141)) - Scheduling a check for /home/runner/work/ozone/ozone/hadoop-ozone/integration-test/target/test-dir/MiniOzoneClusterImpl-010780ea-650b-44a2-9cb2-deec812f3cdf/datanode-0/data-0/containers/hdds
2022-09-28 09:58:31,384 [Listener at 127.0.0.1/38925] INFO  volume.StorageVolumeChecker (StorageVolumeChecker.java:checkAllVolumes(202)) - Scheduled health check for volume /home/runner/work/ozone/ozone/hadoop-ozone/integration-test/target/test-dir/MiniOzoneClusterImpl-010780ea-650b-44a2-9cb2-deec812f3cdf/datanode-0/data-0/containers/hdds
2022-09-28 09:58:31,435 [Listener at 127.0.0.1/38925] INFO  volume.MutableVolumeSet (MutableVolumeSet.java:initializeVolumeSet(174)) - Added Volume : /home/runner/work/ozone/ozone/hadoop-ozone/integration-test/target/test-dir/MiniOzoneClusterImpl-010780ea-650b-44a2-9cb2-deec812f3cdf/datanode-0/data/ratis to VolumeSet
2022-09-28 09:58:31,436 [Listener at 127.0.0.1/38925] INFO  volume.ThrottledAsyncChecker (ThrottledAsyncChecker.java:schedule(141)) - Scheduling a check for /home/runner/work/ozone/ozone/hadoop-ozone/integration-test/target/test-dir/MiniOzoneClusterImpl-010780ea-650b-44a2-9cb2-deec812f3cdf/datanode-0/data/ratis
2022-09-28 09:58:31,436 [Listener at 127.0.0.1/38925] INFO  volume.StorageVolumeChecker (StorageVolumeChecker.java:checkAllVolumes(202)) - Scheduled health check for volume /home/runner/work/ozone/ozone/hadoop-ozone/integration-test/target/test-dir/MiniOzoneClusterImpl-010780ea-650b-44a2-9cb2-deec812f3cdf/datanode-0/data/ratis
2022-09-28 09:58:31,504 [Thread-1520] INFO  ozoneimpl.ContainerReader (ContainerReader.java:readVolume(175)) - Finish verifying containers on volume /home/runner/work/ozone/ozone/hadoop-ozone/integration-test/target/test-dir/MiniOzoneClusterImpl-010780ea-650b-44a2-9cb2-deec812f3cdf/datanode-0/data-0/containers/hdds
2022-09-28 09:58:31,505 [Listener at 127.0.0.1/38925] INFO  ozoneimpl.OzoneContainer (OzoneContainer.java:buildContainerSet(300)) - Build ContainerSet costs 0s
2022-09-28 09:58:31,507 [Listener at 127.0.0.1/38925] INFO  server.RaftServer (ConfUtils.java:logGet(46)) - raft.rpc.type = GRPC (default)
2022-09-28 09:58:31,507 [Listener at 127.0.0.1/38925] INFO  grpc.GrpcFactory (GrpcFactory.java:checkPooledByteBufAllocatorUseCacheForAllThreads(48)) - PERFORMANCE WARNING: useCacheForAllThreads is true that may cause Netty to create a lot garbage objects and, as a result, trigger GC.
	It is recommended to disable useCacheForAllThreads by setting -Dorg.apache.ratis.thirdparty.io.netty.allocator.useCacheForAllThreads=false in command line.
2022-09-28 09:58:31,507 [Listener at 127.0.0.1/38925] INFO  grpc.GrpcConfigKeys (ConfUtils.java:logGet(46)) - raft.grpc.admin.port = 0 (custom)
2022-09-28 09:58:31,507 [Listener at 127.0.0.1/38925] INFO  grpc.GrpcConfigKeys (ConfUtils.java:logGet(46)) - raft.grpc.client.port = 0 (custom)
2022-09-28 09:58:31,507 [Listener at 127.0.0.1/38925] INFO  grpc.GrpcConfigKeys (ConfUtils.java:logGet(46)) - raft.grpc.server.port = 0 (default)
2022-09-28 09:58:31,507 [Listener at 127.0.0.1/38925] INFO  server.GrpcService (ConfUtils.java:logGet(46)) - raft.grpc.message.size.max = 32MB (=33554432) (custom)
2022-09-28 09:58:31,507 [Listener at 127.0.0.1/38925] INFO  server.RaftServerConfigKeys (ConfUtils.java:logGet(46)) - raft.server.log.appender.buffer.byte-limit = 33554432 (custom)
2022-09-28 09:58:31,507 [Listener at 127.0.0.1/38925] INFO  server.GrpcService (ConfUtils.java:logGet(46)) - raft.grpc.flow.control.window = 5MB (=5242880) (custom)
2022-09-28 09:58:31,507 [Listener at 127.0.0.1/38925] INFO  server.RaftServerConfigKeys (ConfUtils.java:logGet(46)) - raft.server.rpc.request.timeout = 60s (custom)
2022-09-28 09:58:31,507 [Listener at 127.0.0.1/38925] INFO  grpc.GrpcConfigKeys (ConfUtils.java:logGet(46)) - raft.grpc.server.async.request.thread.pool.cached = true (default)
2022-09-28 09:58:31,508 [Listener at 127.0.0.1/38925] INFO  grpc.GrpcConfigKeys (ConfUtils.java:logGet(46)) - raft.grpc.server.async.request.thread.pool.size = 32 (default)
2022-09-28 09:58:31,510 [Listener at 127.0.0.1/38925] INFO  impl.DataStreamServerImpl (ConfUtils.java:logGet(46)) - raft.datastream.type = DISABLED (default)
2022-09-28 09:58:31,511 [Listener at 127.0.0.1/38925] INFO  server.RaftServerConfigKeys (ConfUtils.java:logGet(46)) - raft.server.threadpool.proxy.cached = true (default)
2022-09-28 09:58:31,511 [Listener at 127.0.0.1/38925] INFO  server.RaftServerConfigKeys (ConfUtils.java:logGet(46)) - raft.server.threadpool.proxy.size = 0 (default)
2022-09-28 09:58:31,511 [Listener at 127.0.0.1/38925] INFO  server.RaftServerConfigKeys (ConfUtils.java:logGet(46)) - raft.server.rpc.slowness.timeout = 300s (custom)
2022-09-28 09:58:31,511 [Listener at 127.0.0.1/38925] INFO  server.RaftServerConfigKeys (ConfUtils.java:logGet(46)) - raft.server.leaderelection.leader.step-down.wait-time = 10s (default)
2022-09-28 09:58:31,511 [Listener at 127.0.0.1/38925] INFO  server.RaftServerConfigKeys (ConfUtils.java:logGet(46)) - raft.server.storage.dir = [/home/runner/work/ozone/ozone/hadoop-ozone/integration-test/target/test-dir/MiniOzoneClusterImpl-010780ea-650b-44a2-9cb2-deec812f3cdf/datanode-0/data/ratis] (custom)
2022-09-28 09:58:31,512 [Listener at 127.0.0.1/38925] INFO  server.XceiverServerGrpc (XceiverServerGrpc.java:<init>(132)) - GrpcServer channel type EpollServerSocketChannel
2022-09-28 09:58:31,580 [Listener at 127.0.0.1/38925] INFO  http.BaseHttpServer (BaseHttpServer.java:newHttpServer2BuilderForOzone(213)) - Starting Web-server for hddsDatanode at: http://0.0.0.0:0
2022-09-28 09:58:31,580 [Listener at 127.0.0.1/38925] INFO  http.BaseHttpServer (BaseHttpServer.java:<init>(108)) - Hadoop Security Enabled: false Ozone Security Enabled: false Ozone HTTP Security Enabled: false 
2022-09-28 09:58:31,581 [Listener at 127.0.0.1/38925] INFO  server.AuthenticationFilter (AuthenticationFilter.java:constructSecretProvider(240)) - Unable to initialize FileSignerSecretProvider, falling back to use random secrets.
2022-09-28 09:58:31,627 [Listener at 127.0.0.1/38925] WARN  http.HttpRequestLog (HttpRequestLog.java:getRequestLog(103)) - Jetty request log can only be enabled using Log4j
2022-09-28 09:58:31,628 [Listener at 127.0.0.1/38925] INFO  http.HttpServer2 (HttpServer2.java:addGlobalFilter(1029)) - Added global filter 'safety' (class=org.apache.hadoop.hdds.server.http.HttpServer2$QuotingInputFilter)
2022-09-28 09:58:31,629 [Listener at 127.0.0.1/38925] INFO  http.HttpServer2 (HttpServer2.java:addFilter(1005)) - Added filter static_user_filter (class=org.apache.hadoop.http.lib.StaticUserWebFilter$StaticUserFilter) to context hddsDatanode
2022-09-28 09:58:31,629 [Listener at 127.0.0.1/38925] INFO  http.HttpServer2 (HttpServer2.java:addFilter(1013)) - Added filter static_user_filter (class=org.apache.hadoop.http.lib.StaticUserWebFilter$StaticUserFilter) to context logs
2022-09-28 09:58:31,629 [Listener at 127.0.0.1/38925] INFO  http.HttpServer2 (HttpServer2.java:addFilter(1013)) - Added filter static_user_filter (class=org.apache.hadoop.http.lib.StaticUserWebFilter$StaticUserFilter) to context static
2022-09-28 09:58:31,629 [Listener at 127.0.0.1/38925] INFO  http.HttpServer2 (HttpServer2.java:bindListener(1248)) - Jetty bound to port 33915
2022-09-28 09:58:31,629 [Listener at 127.0.0.1/38925] INFO  server.Server (Server.java:doStart(375)) - jetty-9.4.43.v20210629; built: 2021-06-30T11:07:22.254Z; git: 526006ecfa3af7f1a27ef3a288e2bef7ea9dd7e8; jvm 1.8.0_345-b01
2022-09-28 09:58:31,689 [Listener at 127.0.0.1/38925] INFO  server.session (DefaultSessionIdManager.java:doStart(334)) - DefaultSessionIdManager workerName=node0
2022-09-28 09:58:31,689 [Listener at 127.0.0.1/38925] INFO  server.session (DefaultSessionIdManager.java:doStart(339)) - No SessionScavenger set, using defaults
2022-09-28 09:58:31,689 [Listener at 127.0.0.1/38925] INFO  server.session (HouseKeeper.java:startScavenging(132)) - node0 Scavenging every 600000ms
2022-09-28 09:58:31,690 [Listener at 127.0.0.1/38925] INFO  handler.ContextHandler (ContextHandler.java:doStart(915)) - Started o.e.j.s.ServletContextHandler@64bfcb1f{logs,/logs,file:///home/runner/work/ozone/ozone/hadoop-ozone/integration-test/target/log,AVAILABLE}
2022-09-28 09:58:31,690 [Listener at 127.0.0.1/38925] INFO  handler.ContextHandler (ContextHandler.java:doStart(915)) - Started o.e.j.s.ServletContextHandler@121f1fa4{static,/static,jar:file:/home/runner/.m2/repository/org/apache/ozone/hdds-container-service/1.3.0-SNAPSHOT/hdds-container-service-1.3.0-SNAPSHOT.jar!/webapps/static,AVAILABLE}
2022-09-28 09:58:32,333 [Listener at 127.0.0.1/38925] INFO  handler.ContextHandler (ContextHandler.java:doStart(915)) - Started o.e.j.w.WebAppContext@7961477a{hddsDatanode,/,file:///tmp/jetty-0_0_0_0-33915-hdds-container-service-1_3_0-SNAPSHOT_jar-_-any-6377663562966124049/webapp/,AVAILABLE}{jar:file:/home/runner/.m2/repository/org/apache/ozone/hdds-container-service/1.3.0-SNAPSHOT/hdds-container-service-1.3.0-SNAPSHOT.jar!/webapps/hddsDatanode}
2022-09-28 09:58:32,389 [Listener at 127.0.0.1/38925] INFO  server.AbstractConnector (AbstractConnector.java:doStart(331)) - Started ServerConnector@cade025{HTTP/1.1, (http/1.1)}{0.0.0.0:33915}
2022-09-28 09:58:32,390 [Listener at 127.0.0.1/38925] INFO  server.Server (Server.java:doStart(415)) - Started @276965ms
2022-09-28 09:58:32,390 [Listener at 127.0.0.1/38925] WARN  impl.MetricsSystemImpl (MetricsSystemImpl.java:register(279)) - Sink prometheus already exists!
2022-09-28 09:58:32,390 [Listener at 127.0.0.1/38925] INFO  http.BaseHttpServer (BaseHttpServer.java:updateConnectorAddress(333)) - HTTP server of hddsDatanode listening at http://0.0.0.0:33915
2022-09-28 09:58:32,392 [Listener at 127.0.0.1/38925] INFO  impl.MetricsSystemImpl (MetricsSystemImpl.java:init(158)) - HddsDatanode metrics system started (again)
2022-09-28 09:58:32,430 [Datanode State Machine Daemon Thread] INFO  statemachine.DatanodeStateMachine (DatanodeStateMachine.java:lambda$startDaemon$0(492)) - Ozone container server started.
2022-09-28 09:58:32,472 [org.apache.hadoop.util.JvmPauseMonitor$Monitor@13560e7d] INFO  util.JvmPauseMonitor (JvmPauseMonitor.java:run(188)) - Starting JVM pause monitor
2022-09-28 09:58:32,498 [Listener at 127.0.0.1/38925] INFO  ozone.HddsDatanodeService (HddsDatanodeService.java:start(236)) - HddsDatanodeService host:fv-az204-790.d0ggoinxmwcejgojbuqly40l0e.cx.internal.cloudapp.net ip:10.1.1.21
2022-09-28 09:58:32,506 [Datanode State Machine Task Thread - 0] INFO  datanode.InitDatanodeState (InitDatanodeState.java:persistContainerDatanodeDetails(138)) - DatanodeDetails is persisted to /home/runner/work/ozone/ozone/hadoop-ozone/integration-test/target/test-dir/MiniOzoneClusterImpl-010780ea-650b-44a2-9cb2-deec812f3cdf/datanode-0/meta/datanode.id
2022-09-28 09:58:32,583 [Listener at 127.0.0.1/38925] INFO  upgrade.AbstractLayoutVersionManager (AbstractLayoutVersionManager.java:init(83)) - Initializing Layout version manager with metadata layout = DATANODE_SCHEMA_V3 (version = 4), software layout = DATANODE_SCHEMA_V3 (version = 4)
2022-09-28 09:58:32,759 [Listener at 127.0.0.1/38925] INFO  reflections.Reflections (Reflections.java:scan(232)) - Reflections took 175 ms to scan 7 urls, producing 135 keys and 327 values 
2022-09-28 09:58:32,760 [Listener at 127.0.0.1/38925] INFO  statemachine.DatanodeStateMachine (DatanodeStateMachine.java:getEndPointTaskThreadPoolSize(237)) - Datanode State Machine Task Thread Pool size 2
2022-09-28 09:58:32,803 [Listener at 127.0.0.1/38925] INFO  volume.HddsVolume (HddsVolume.java:<init>(117)) - Creating HddsVolume: /home/runner/work/ozone/ozone/hadoop-ozone/integration-test/target/test-dir/MiniOzoneClusterImpl-010780ea-650b-44a2-9cb2-deec812f3cdf/datanode-1/data-0/containers/hdds of storage type : DISK capacity : 9223372036854775807
2022-09-28 09:58:32,804 [Listener at 127.0.0.1/38925] INFO  volume.MutableVolumeSet (MutableVolumeSet.java:initializeVolumeSet(174)) - Added Volume : /home/runner/work/ozone/ozone/hadoop-ozone/integration-test/target/test-dir/MiniOzoneClusterImpl-010780ea-650b-44a2-9cb2-deec812f3cdf/datanode-1/data-0/containers/hdds to VolumeSet
2022-09-28 09:58:32,804 [Listener at 127.0.0.1/38925] INFO  volume.ThrottledAsyncChecker (ThrottledAsyncChecker.java:schedule(141)) - Scheduling a check for /home/runner/work/ozone/ozone/hadoop-ozone/integration-test/target/test-dir/MiniOzoneClusterImpl-010780ea-650b-44a2-9cb2-deec812f3cdf/datanode-1/data-0/containers/hdds
2022-09-28 09:58:32,804 [Listener at 127.0.0.1/38925] INFO  volume.StorageVolumeChecker (StorageVolumeChecker.java:checkAllVolumes(202)) - Scheduled health check for volume /home/runner/work/ozone/ozone/hadoop-ozone/integration-test/target/test-dir/MiniOzoneClusterImpl-010780ea-650b-44a2-9cb2-deec812f3cdf/datanode-1/data-0/containers/hdds
2022-09-28 09:58:32,858 [Listener at 127.0.0.1/38925] INFO  volume.MutableVolumeSet (MutableVolumeSet.java:initializeVolumeSet(174)) - Added Volume : /home/runner/work/ozone/ozone/hadoop-ozone/integration-test/target/test-dir/MiniOzoneClusterImpl-010780ea-650b-44a2-9cb2-deec812f3cdf/datanode-1/data/ratis to VolumeSet
2022-09-28 09:58:32,858 [Listener at 127.0.0.1/38925] INFO  volume.ThrottledAsyncChecker (ThrottledAsyncChecker.java:schedule(141)) - Scheduling a check for /home/runner/work/ozone/ozone/hadoop-ozone/integration-test/target/test-dir/MiniOzoneClusterImpl-010780ea-650b-44a2-9cb2-deec812f3cdf/datanode-1/data/ratis
2022-09-28 09:58:32,868 [Listener at 127.0.0.1/38925] INFO  volume.StorageVolumeChecker (StorageVolumeChecker.java:checkAllVolumes(202)) - Scheduled health check for volume /home/runner/work/ozone/ozone/hadoop-ozone/integration-test/target/test-dir/MiniOzoneClusterImpl-010780ea-650b-44a2-9cb2-deec812f3cdf/datanode-1/data/ratis
2022-09-28 09:58:32,879 [Thread-1533] INFO  ozoneimpl.ContainerReader (ContainerReader.java:readVolume(175)) - Finish verifying containers on volume /home/runner/work/ozone/ozone/hadoop-ozone/integration-test/target/test-dir/MiniOzoneClusterImpl-010780ea-650b-44a2-9cb2-deec812f3cdf/datanode-1/data-0/containers/hdds
2022-09-28 09:58:32,879 [Listener at 127.0.0.1/38925] INFO  ozoneimpl.OzoneContainer (OzoneContainer.java:buildContainerSet(300)) - Build ContainerSet costs 0s
2022-09-28 09:58:32,880 [Listener at 127.0.0.1/38925] INFO  server.RaftServer (ConfUtils.java:logGet(46)) - raft.rpc.type = GRPC (default)
2022-09-28 09:58:32,889 [Listener at 127.0.0.1/38925] INFO  grpc.GrpcFactory (GrpcFactory.java:checkPooledByteBufAllocatorUseCacheForAllThreads(48)) - PERFORMANCE WARNING: useCacheForAllThreads is true that may cause Netty to create a lot garbage objects and, as a result, trigger GC.
	It is recommended to disable useCacheForAllThreads by setting -Dorg.apache.ratis.thirdparty.io.netty.allocator.useCacheForAllThreads=false in command line.
2022-09-28 09:58:32,889 [Listener at 127.0.0.1/38925] INFO  grpc.GrpcConfigKeys (ConfUtils.java:logGet(46)) - raft.grpc.admin.port = 0 (custom)
2022-09-28 09:58:32,889 [Listener at 127.0.0.1/38925] INFO  grpc.GrpcConfigKeys (ConfUtils.java:logGet(46)) - raft.grpc.client.port = 0 (custom)
2022-09-28 09:58:32,889 [Listener at 127.0.0.1/38925] INFO  grpc.GrpcConfigKeys (ConfUtils.java:logGet(46)) - raft.grpc.server.port = 0 (default)
2022-09-28 09:58:32,889 [Listener at 127.0.0.1/38925] INFO  server.GrpcService (ConfUtils.java:logGet(46)) - raft.grpc.message.size.max = 32MB (=33554432) (custom)
2022-09-28 09:58:32,889 [Listener at 127.0.0.1/38925] INFO  server.RaftServerConfigKeys (ConfUtils.java:logGet(46)) - raft.server.log.appender.buffer.byte-limit = 33554432 (custom)
2022-09-28 09:58:32,889 [Listener at 127.0.0.1/38925] INFO  server.GrpcService (ConfUtils.java:logGet(46)) - raft.grpc.flow.control.window = 5MB (=5242880) (custom)
2022-09-28 09:58:32,889 [Listener at 127.0.0.1/38925] INFO  server.RaftServerConfigKeys (ConfUtils.java:logGet(46)) - raft.server.rpc.request.timeout = 60s (custom)
2022-09-28 09:58:32,889 [Listener at 127.0.0.1/38925] INFO  grpc.GrpcConfigKeys (ConfUtils.java:logGet(46)) - raft.grpc.server.async.request.thread.pool.cached = true (default)
2022-09-28 09:58:32,889 [Listener at 127.0.0.1/38925] INFO  grpc.GrpcConfigKeys (ConfUtils.java:logGet(46)) - raft.grpc.server.async.request.thread.pool.size = 32 (default)
2022-09-28 09:58:32,890 [Listener at 127.0.0.1/38925] INFO  impl.DataStreamServerImpl (ConfUtils.java:logGet(46)) - raft.datastream.type = DISABLED (default)
2022-09-28 09:58:32,890 [Listener at 127.0.0.1/38925] INFO  server.RaftServerConfigKeys (ConfUtils.java:logGet(46)) - raft.server.threadpool.proxy.cached = true (default)
2022-09-28 09:58:32,890 [Listener at 127.0.0.1/38925] INFO  server.RaftServerConfigKeys (ConfUtils.java:logGet(46)) - raft.server.threadpool.proxy.size = 0 (default)
2022-09-28 09:58:32,890 [Listener at 127.0.0.1/38925] INFO  server.RaftServerConfigKeys (ConfUtils.java:logGet(46)) - raft.server.rpc.slowness.timeout = 300s (custom)
2022-09-28 09:58:32,891 [Listener at 127.0.0.1/38925] INFO  server.RaftServerConfigKeys (ConfUtils.java:logGet(46)) - raft.server.leaderelection.leader.step-down.wait-time = 10s (default)
2022-09-28 09:58:32,891 [Listener at 127.0.0.1/38925] INFO  server.RaftServerConfigKeys (ConfUtils.java:logGet(46)) - raft.server.storage.dir = [/home/runner/work/ozone/ozone/hadoop-ozone/integration-test/target/test-dir/MiniOzoneClusterImpl-010780ea-650b-44a2-9cb2-deec812f3cdf/datanode-1/data/ratis] (custom)
2022-09-28 09:58:32,905 [Listener at 127.0.0.1/38925] INFO  server.XceiverServerGrpc (XceiverServerGrpc.java:<init>(132)) - GrpcServer channel type EpollServerSocketChannel
2022-09-28 09:58:32,937 [Listener at 127.0.0.1/38925] INFO  http.BaseHttpServer (BaseHttpServer.java:newHttpServer2BuilderForOzone(213)) - Starting Web-server for hddsDatanode at: http://0.0.0.0:0
2022-09-28 09:58:32,937 [Listener at 127.0.0.1/38925] INFO  http.BaseHttpServer (BaseHttpServer.java:<init>(108)) - Hadoop Security Enabled: false Ozone Security Enabled: false Ozone HTTP Security Enabled: false 
2022-09-28 09:58:32,938 [Listener at 127.0.0.1/38925] INFO  server.AuthenticationFilter (AuthenticationFilter.java:constructSecretProvider(240)) - Unable to initialize FileSignerSecretProvider, falling back to use random secrets.
2022-09-28 09:58:32,948 [Listener at 127.0.0.1/38925] WARN  http.HttpRequestLog (HttpRequestLog.java:getRequestLog(103)) - Jetty request log can only be enabled using Log4j
2022-09-28 09:58:32,950 [Listener at 127.0.0.1/38925] INFO  http.HttpServer2 (HttpServer2.java:addGlobalFilter(1029)) - Added global filter 'safety' (class=org.apache.hadoop.hdds.server.http.HttpServer2$QuotingInputFilter)
2022-09-28 09:58:32,951 [Listener at 127.0.0.1/38925] INFO  http.HttpServer2 (HttpServer2.java:addFilter(1005)) - Added filter static_user_filter (class=org.apache.hadoop.http.lib.StaticUserWebFilter$StaticUserFilter) to context hddsDatanode
2022-09-28 09:58:32,951 [Listener at 127.0.0.1/38925] INFO  http.HttpServer2 (HttpServer2.java:addFilter(1013)) - Added filter static_user_filter (class=org.apache.hadoop.http.lib.StaticUserWebFilter$StaticUserFilter) to context logs
2022-09-28 09:58:32,951 [Listener at 127.0.0.1/38925] INFO  http.HttpServer2 (HttpServer2.java:addFilter(1013)) - Added filter static_user_filter (class=org.apache.hadoop.http.lib.StaticUserWebFilter$StaticUserFilter) to context static
2022-09-28 09:58:32,951 [Listener at 127.0.0.1/38925] INFO  http.HttpServer2 (HttpServer2.java:bindListener(1248)) - Jetty bound to port 33531
2022-09-28 09:58:32,951 [Listener at 127.0.0.1/38925] INFO  server.Server (Server.java:doStart(375)) - jetty-9.4.43.v20210629; built: 2021-06-30T11:07:22.254Z; git: 526006ecfa3af7f1a27ef3a288e2bef7ea9dd7e8; jvm 1.8.0_345-b01
2022-09-28 09:58:33,124 [Listener at 127.0.0.1/38925] INFO  server.session (DefaultSessionIdManager.java:doStart(334)) - DefaultSessionIdManager workerName=node0
2022-09-28 09:58:33,125 [Listener at 127.0.0.1/38925] INFO  server.session (DefaultSessionIdManager.java:doStart(339)) - No SessionScavenger set, using defaults
2022-09-28 09:58:33,125 [Listener at 127.0.0.1/38925] INFO  server.session (HouseKeeper.java:startScavenging(132)) - node0 Scavenging every 600000ms
2022-09-28 09:58:33,133 [Listener at 127.0.0.1/38925] INFO  handler.ContextHandler (ContextHandler.java:doStart(915)) - Started o.e.j.s.ServletContextHandler@162452be{logs,/logs,file:///home/runner/work/ozone/ozone/hadoop-ozone/integration-test/target/log,AVAILABLE}
2022-09-28 09:58:33,133 [Listener at 127.0.0.1/38925] INFO  handler.ContextHandler (ContextHandler.java:doStart(915)) - Started o.e.j.s.ServletContextHandler@6c5f3c44{static,/static,jar:file:/home/runner/.m2/repository/org/apache/ozone/hdds-container-service/1.3.0-SNAPSHOT/hdds-container-service-1.3.0-SNAPSHOT.jar!/webapps/static,AVAILABLE}
2022-09-28 09:58:33,607 [Listener at 127.0.0.1/38925] INFO  handler.ContextHandler (ContextHandler.java:doStart(915)) - Started o.e.j.w.WebAppContext@1ddbf1b0{hddsDatanode,/,file:///tmp/jetty-0_0_0_0-33531-hdds-container-service-1_3_0-SNAPSHOT_jar-_-any-8551350545028790939/webapp/,AVAILABLE}{jar:file:/home/runner/.m2/repository/org/apache/ozone/hdds-container-service/1.3.0-SNAPSHOT/hdds-container-service-1.3.0-SNAPSHOT.jar!/webapps/hddsDatanode}
2022-09-28 09:58:33,632 [Listener at 127.0.0.1/38925] INFO  server.AbstractConnector (AbstractConnector.java:doStart(331)) - Started ServerConnector@39b7bbef{HTTP/1.1, (http/1.1)}{0.0.0.0:33531}
2022-09-28 09:58:33,633 [Listener at 127.0.0.1/38925] INFO  server.Server (Server.java:doStart(415)) - Started @278209ms
2022-09-28 09:58:33,633 [Listener at 127.0.0.1/38925] WARN  impl.MetricsSystemImpl (MetricsSystemImpl.java:register(279)) - Sink prometheus already exists!
2022-09-28 09:58:33,640 [Listener at 127.0.0.1/38925] INFO  http.BaseHttpServer (BaseHttpServer.java:updateConnectorAddress(333)) - HTTP server of hddsDatanode listening at http://0.0.0.0:33531
2022-09-28 09:58:33,658 [Listener at 127.0.0.1/38925] INFO  impl.MetricsSystemImpl (MetricsSystemImpl.java:init(158)) - HddsDatanode metrics system started (again)
2022-09-28 09:58:33,660 [Datanode State Machine Daemon Thread] INFO  statemachine.DatanodeStateMachine (DatanodeStateMachine.java:lambda$startDaemon$0(492)) - Ozone container server started.
2022-09-28 09:58:33,668 [org.apache.hadoop.util.JvmPauseMonitor$Monitor@5e6821bc] INFO  util.JvmPauseMonitor (JvmPauseMonitor.java:run(188)) - Starting JVM pause monitor
2022-09-28 09:58:33,670 [Datanode State Machine Task Thread - 0] INFO  datanode.InitDatanodeState (InitDatanodeState.java:persistContainerDatanodeDetails(138)) - DatanodeDetails is persisted to /home/runner/work/ozone/ozone/hadoop-ozone/integration-test/target/test-dir/MiniOzoneClusterImpl-010780ea-650b-44a2-9cb2-deec812f3cdf/datanode-1/meta/datanode.id
2022-09-28 09:58:33,716 [Listener at 127.0.0.1/38925] INFO  ozone.HddsDatanodeService (HddsDatanodeService.java:start(236)) - HddsDatanodeService host:fv-az204-790.d0ggoinxmwcejgojbuqly40l0e.cx.internal.cloudapp.net ip:10.1.1.21
2022-09-28 09:58:33,845 [Listener at 127.0.0.1/38925] INFO  upgrade.AbstractLayoutVersionManager (AbstractLayoutVersionManager.java:init(83)) - Initializing Layout version manager with metadata layout = DATANODE_SCHEMA_V3 (version = 4), software layout = DATANODE_SCHEMA_V3 (version = 4)
2022-09-28 09:58:34,062 [Listener at 127.0.0.1/38925] INFO  reflections.Reflections (Reflections.java:scan(232)) - Reflections took 216 ms to scan 7 urls, producing 135 keys and 327 values 
2022-09-28 09:58:34,063 [Listener at 127.0.0.1/38925] INFO  statemachine.DatanodeStateMachine (DatanodeStateMachine.java:getEndPointTaskThreadPoolSize(237)) - Datanode State Machine Task Thread Pool size 2
2022-09-28 09:58:34,088 [Listener at 127.0.0.1/38925] INFO  volume.HddsVolume (HddsVolume.java:<init>(117)) - Creating HddsVolume: /home/runner/work/ozone/ozone/hadoop-ozone/integration-test/target/test-dir/MiniOzoneClusterImpl-010780ea-650b-44a2-9cb2-deec812f3cdf/datanode-2/data-0/containers/hdds of storage type : DISK capacity : 9223372036854775807
2022-09-28 09:58:34,088 [Listener at 127.0.0.1/38925] INFO  volume.MutableVolumeSet (MutableVolumeSet.java:initializeVolumeSet(174)) - Added Volume : /home/runner/work/ozone/ozone/hadoop-ozone/integration-test/target/test-dir/MiniOzoneClusterImpl-010780ea-650b-44a2-9cb2-deec812f3cdf/datanode-2/data-0/containers/hdds to VolumeSet
2022-09-28 09:58:34,088 [Listener at 127.0.0.1/38925] INFO  volume.ThrottledAsyncChecker (ThrottledAsyncChecker.java:schedule(141)) - Scheduling a check for /home/runner/work/ozone/ozone/hadoop-ozone/integration-test/target/test-dir/MiniOzoneClusterImpl-010780ea-650b-44a2-9cb2-deec812f3cdf/datanode-2/data-0/containers/hdds
2022-09-28 09:58:34,096 [Listener at 127.0.0.1/38925] INFO  volume.StorageVolumeChecker (StorageVolumeChecker.java:checkAllVolumes(202)) - Scheduled health check for volume /home/runner/work/ozone/ozone/hadoop-ozone/integration-test/target/test-dir/MiniOzoneClusterImpl-010780ea-650b-44a2-9cb2-deec812f3cdf/datanode-2/data-0/containers/hdds
2022-09-28 09:58:34,127 [Listener at 127.0.0.1/38925] INFO  volume.MutableVolumeSet (MutableVolumeSet.java:initializeVolumeSet(174)) - Added Volume : /home/runner/work/ozone/ozone/hadoop-ozone/integration-test/target/test-dir/MiniOzoneClusterImpl-010780ea-650b-44a2-9cb2-deec812f3cdf/datanode-2/data/ratis to VolumeSet
2022-09-28 09:58:34,127 [Listener at 127.0.0.1/38925] INFO  volume.ThrottledAsyncChecker (ThrottledAsyncChecker.java:schedule(141)) - Scheduling a check for /home/runner/work/ozone/ozone/hadoop-ozone/integration-test/target/test-dir/MiniOzoneClusterImpl-010780ea-650b-44a2-9cb2-deec812f3cdf/datanode-2/data/ratis
2022-09-28 09:58:34,129 [Listener at 127.0.0.1/38925] INFO  volume.StorageVolumeChecker (StorageVolumeChecker.java:checkAllVolumes(202)) - Scheduled health check for volume /home/runner/work/ozone/ozone/hadoop-ozone/integration-test/target/test-dir/MiniOzoneClusterImpl-010780ea-650b-44a2-9cb2-deec812f3cdf/datanode-2/data/ratis
2022-09-28 09:58:34,189 [Thread-1546] INFO  ozoneimpl.ContainerReader (ContainerReader.java:readVolume(175)) - Finish verifying containers on volume /home/runner/work/ozone/ozone/hadoop-ozone/integration-test/target/test-dir/MiniOzoneClusterImpl-010780ea-650b-44a2-9cb2-deec812f3cdf/datanode-2/data-0/containers/hdds
2022-09-28 09:58:34,189 [Listener at 127.0.0.1/38925] INFO  ozoneimpl.OzoneContainer (OzoneContainer.java:buildContainerSet(300)) - Build ContainerSet costs 0s
2022-09-28 09:58:34,190 [Listener at 127.0.0.1/38925] INFO  server.RaftServer (ConfUtils.java:logGet(46)) - raft.rpc.type = GRPC (default)
2022-09-28 09:58:34,190 [Listener at 127.0.0.1/38925] INFO  grpc.GrpcFactory (GrpcFactory.java:checkPooledByteBufAllocatorUseCacheForAllThreads(48)) - PERFORMANCE WARNING: useCacheForAllThreads is true that may cause Netty to create a lot garbage objects and, as a result, trigger GC.
	It is recommended to disable useCacheForAllThreads by setting -Dorg.apache.ratis.thirdparty.io.netty.allocator.useCacheForAllThreads=false in command line.
2022-09-28 09:58:34,190 [Listener at 127.0.0.1/38925] INFO  grpc.GrpcConfigKeys (ConfUtils.java:logGet(46)) - raft.grpc.admin.port = 0 (custom)
2022-09-28 09:58:34,190 [Listener at 127.0.0.1/38925] INFO  grpc.GrpcConfigKeys (ConfUtils.java:logGet(46)) - raft.grpc.client.port = 0 (custom)
2022-09-28 09:58:34,191 [Listener at 127.0.0.1/38925] INFO  grpc.GrpcConfigKeys (ConfUtils.java:logGet(46)) - raft.grpc.server.port = 0 (default)
2022-09-28 09:58:34,191 [Listener at 127.0.0.1/38925] INFO  server.GrpcService (ConfUtils.java:logGet(46)) - raft.grpc.message.size.max = 32MB (=33554432) (custom)
2022-09-28 09:58:34,191 [Listener at 127.0.0.1/38925] INFO  server.RaftServerConfigKeys (ConfUtils.java:logGet(46)) - raft.server.log.appender.buffer.byte-limit = 33554432 (custom)
2022-09-28 09:58:34,191 [Listener at 127.0.0.1/38925] INFO  server.GrpcService (ConfUtils.java:logGet(46)) - raft.grpc.flow.control.window = 5MB (=5242880) (custom)
2022-09-28 09:58:34,191 [Listener at 127.0.0.1/38925] INFO  server.RaftServerConfigKeys (ConfUtils.java:logGet(46)) - raft.server.rpc.request.timeout = 60s (custom)
2022-09-28 09:58:34,191 [Listener at 127.0.0.1/38925] INFO  grpc.GrpcConfigKeys (ConfUtils.java:logGet(46)) - raft.grpc.server.async.request.thread.pool.cached = true (default)
2022-09-28 09:58:34,191 [Listener at 127.0.0.1/38925] INFO  grpc.GrpcConfigKeys (ConfUtils.java:logGet(46)) - raft.grpc.server.async.request.thread.pool.size = 32 (default)
2022-09-28 09:58:34,192 [Listener at 127.0.0.1/38925] INFO  impl.DataStreamServerImpl (ConfUtils.java:logGet(46)) - raft.datastream.type = DISABLED (default)
2022-09-28 09:58:34,192 [Listener at 127.0.0.1/38925] INFO  server.RaftServerConfigKeys (ConfUtils.java:logGet(46)) - raft.server.threadpool.proxy.cached = true (default)
2022-09-28 09:58:34,192 [Listener at 127.0.0.1/38925] INFO  server.RaftServerConfigKeys (ConfUtils.java:logGet(46)) - raft.server.threadpool.proxy.size = 0 (default)
2022-09-28 09:58:34,192 [Listener at 127.0.0.1/38925] INFO  server.RaftServerConfigKeys (ConfUtils.java:logGet(46)) - raft.server.rpc.slowness.timeout = 300s (custom)
2022-09-28 09:58:34,192 [Listener at 127.0.0.1/38925] INFO  server.RaftServerConfigKeys (ConfUtils.java:logGet(46)) - raft.server.leaderelection.leader.step-down.wait-time = 10s (default)
2022-09-28 09:58:34,192 [Listener at 127.0.0.1/38925] INFO  server.RaftServerConfigKeys (ConfUtils.java:logGet(46)) - raft.server.storage.dir = [/home/runner/work/ozone/ozone/hadoop-ozone/integration-test/target/test-dir/MiniOzoneClusterImpl-010780ea-650b-44a2-9cb2-deec812f3cdf/datanode-2/data/ratis] (custom)
2022-09-28 09:58:34,193 [Listener at 127.0.0.1/38925] INFO  server.XceiverServerGrpc (XceiverServerGrpc.java:<init>(132)) - GrpcServer channel type EpollServerSocketChannel
2022-09-28 09:58:34,195 [Listener at 127.0.0.1/38925] INFO  http.BaseHttpServer (BaseHttpServer.java:newHttpServer2BuilderForOzone(213)) - Starting Web-server for hddsDatanode at: http://0.0.0.0:0
2022-09-28 09:58:34,195 [Listener at 127.0.0.1/38925] INFO  http.BaseHttpServer (BaseHttpServer.java:<init>(108)) - Hadoop Security Enabled: false Ozone Security Enabled: false Ozone HTTP Security Enabled: false 
2022-09-28 09:58:34,196 [Listener at 127.0.0.1/38925] INFO  server.AuthenticationFilter (AuthenticationFilter.java:constructSecretProvider(240)) - Unable to initialize FileSignerSecretProvider, falling back to use random secrets.
2022-09-28 09:58:34,244 [Listener at 127.0.0.1/38925] WARN  http.HttpRequestLog (HttpRequestLog.java:getRequestLog(103)) - Jetty request log can only be enabled using Log4j
2022-09-28 09:58:34,253 [Listener at 127.0.0.1/38925] INFO  http.HttpServer2 (HttpServer2.java:addGlobalFilter(1029)) - Added global filter 'safety' (class=org.apache.hadoop.hdds.server.http.HttpServer2$QuotingInputFilter)
2022-09-28 09:58:34,254 [Listener at 127.0.0.1/38925] INFO  http.HttpServer2 (HttpServer2.java:addFilter(1005)) - Added filter static_user_filter (class=org.apache.hadoop.http.lib.StaticUserWebFilter$StaticUserFilter) to context hddsDatanode
2022-09-28 09:58:34,254 [Listener at 127.0.0.1/38925] INFO  http.HttpServer2 (HttpServer2.java:addFilter(1013)) - Added filter static_user_filter (class=org.apache.hadoop.http.lib.StaticUserWebFilter$StaticUserFilter) to context static
2022-09-28 09:58:34,254 [Listener at 127.0.0.1/38925] INFO  http.HttpServer2 (HttpServer2.java:addFilter(1013)) - Added filter static_user_filter (class=org.apache.hadoop.http.lib.StaticUserWebFilter$StaticUserFilter) to context logs
2022-09-28 09:58:34,254 [Listener at 127.0.0.1/38925] INFO  http.HttpServer2 (HttpServer2.java:bindListener(1248)) - Jetty bound to port 42989
2022-09-28 09:58:34,254 [Listener at 127.0.0.1/38925] INFO  server.Server (Server.java:doStart(375)) - jetty-9.4.43.v20210629; built: 2021-06-30T11:07:22.254Z; git: 526006ecfa3af7f1a27ef3a288e2bef7ea9dd7e8; jvm 1.8.0_345-b01
2022-09-28 09:58:34,420 [Listener at 127.0.0.1/38925] INFO  server.session (DefaultSessionIdManager.java:doStart(334)) - DefaultSessionIdManager workerName=node0
2022-09-28 09:58:34,421 [Listener at 127.0.0.1/38925] INFO  server.session (DefaultSessionIdManager.java:doStart(339)) - No SessionScavenger set, using defaults
2022-09-28 09:58:34,438 [Listener at 127.0.0.1/38925] INFO  server.session (HouseKeeper.java:startScavenging(132)) - node0 Scavenging every 660000ms
2022-09-28 09:58:34,439 [Listener at 127.0.0.1/38925] INFO  handler.ContextHandler (ContextHandler.java:doStart(915)) - Started o.e.j.s.ServletContextHandler@716e729b{logs,/logs,file:///home/runner/work/ozone/ozone/hadoop-ozone/integration-test/target/log,AVAILABLE}
2022-09-28 09:58:34,439 [Listener at 127.0.0.1/38925] INFO  handler.ContextHandler (ContextHandler.java:doStart(915)) - Started o.e.j.s.ServletContextHandler@17c345e3{static,/static,jar:file:/home/runner/.m2/repository/org/apache/ozone/hdds-container-service/1.3.0-SNAPSHOT/hdds-container-service-1.3.0-SNAPSHOT.jar!/webapps/static,AVAILABLE}
2022-09-28 09:58:34,713 [EndpointStateMachine task thread for /0.0.0.0:36561 - 0 ] INFO  volume.HddsVolume (HddsVolume.java:createDbStore(307)) - SchemaV3 db is created and loaded at /home/runner/work/ozone/ozone/hadoop-ozone/integration-test/target/test-dir/MiniOzoneClusterImpl-010780ea-650b-44a2-9cb2-deec812f3cdf/datanode-0/data-0/containers/hdds/010780ea-650b-44a2-9cb2-deec812f3cdf/DS-665a5843-ea23-412d-8390-675452fc6758/container.db for volume DS-665a5843-ea23-412d-8390-675452fc6758
2022-09-28 09:58:34,715 [EndpointStateMachine task thread for /0.0.0.0:36561 - 0 ] INFO  volume.HddsVolume (HddsVolume.java:closeDbStore(338)) - SchemaV3 db is stopped at /home/runner/work/ozone/ozone/hadoop-ozone/integration-test/target/test-dir/MiniOzoneClusterImpl-010780ea-650b-44a2-9cb2-deec812f3cdf/datanode-0/data-0/containers/hdds/010780ea-650b-44a2-9cb2-deec812f3cdf/DS-665a5843-ea23-412d-8390-675452fc6758/container.db for volume DS-665a5843-ea23-412d-8390-675452fc6758
2022-09-28 09:58:34,715 [EndpointStateMachine task thread for /0.0.0.0:36561 - 0 ] INFO  ozoneimpl.OzoneContainer (OzoneContainer.java:start(378)) - Attempting to start container services.
2022-09-28 09:58:34,716 [EndpointStateMachine task thread for /0.0.0.0:36561 - 0 ] INFO  ozoneimpl.OzoneContainer (OzoneContainer.java:startContainerScrub(313)) - Background container scanner has been disabled.
2022-09-28 09:58:34,785 [EndpointStateMachine task thread for /0.0.0.0:36561 - 0 ] INFO  replication.ReplicationServer (ReplicationServer.java:start(111)) - ReplicationServer is started using port 35443
2022-09-28 09:58:34,786 [EndpointStateMachine task thread for /0.0.0.0:36561 - 0 ] INFO  ratis.XceiverServerRatis (XceiverServerRatis.java:start(481)) - Starting XceiverServerRatis 80fc50c2-999b-4282-ba04-29b80da548ab
2022-09-28 09:58:34,786 [EndpointStateMachine task thread for /0.0.0.0:36561 - 0 ] INFO  server.RaftServer (RaftServerProxy.java:lambda$start$6(382)) - 80fc50c2-999b-4282-ba04-29b80da548ab: start RPC server
2022-09-28 09:58:34,809 [EndpointStateMachine task thread for /0.0.0.0:36561 - 0 ] INFO  server.GrpcService (GrpcService.java:startImpl(260)) - 80fc50c2-999b-4282-ba04-29b80da548ab: GrpcService started, listening on 45007
2022-09-28 09:58:34,809 [EndpointStateMachine task thread for /0.0.0.0:36561 - 0 ] INFO  ratis.XceiverServerRatis (XceiverServerRatis.java:getRealPort(502)) - XceiverServerRatis 80fc50c2-999b-4282-ba04-29b80da548ab is started using port 45007 for RATIS
2022-09-28 09:58:34,809 [EndpointStateMachine task thread for /0.0.0.0:36561 - 0 ] INFO  ratis.XceiverServerRatis (XceiverServerRatis.java:getRealPort(502)) - XceiverServerRatis 80fc50c2-999b-4282-ba04-29b80da548ab is started using port 45007 for RATIS_ADMIN
2022-09-28 09:58:34,809 [EndpointStateMachine task thread for /0.0.0.0:36561 - 0 ] INFO  ratis.XceiverServerRatis (XceiverServerRatis.java:getRealPort(502)) - XceiverServerRatis 80fc50c2-999b-4282-ba04-29b80da548ab is started using port 45007 for RATIS_SERVER
2022-09-28 09:58:34,810 [org.apache.ratis.util.JvmPauseMonitor$$Lambda$634/511600595@12e6efe6] INFO  util.JvmPauseMonitor (JvmPauseMonitor.java:run(103)) - JvmPauseMonitor-80fc50c2-999b-4282-ba04-29b80da548ab: Started
2022-09-28 09:58:34,884 [EndpointStateMachine task thread for /0.0.0.0:36561 - 0 ] INFO  server.XceiverServerGrpc (XceiverServerGrpc.java:start(180)) - XceiverServerGrpc 80fc50c2-999b-4282-ba04-29b80da548ab is started using port 35327
2022-09-28 09:58:35,365 [Listener at 127.0.0.1/38925] INFO  handler.ContextHandler (ContextHandler.java:doStart(915)) - Started o.e.j.w.WebAppContext@4a3fb669{hddsDatanode,/,file:///tmp/jetty-0_0_0_0-42989-hdds-container-service-1_3_0-SNAPSHOT_jar-_-any-495924124633014538/webapp/,AVAILABLE}{jar:file:/home/runner/.m2/repository/org/apache/ozone/hdds-container-service/1.3.0-SNAPSHOT/hdds-container-service-1.3.0-SNAPSHOT.jar!/webapps/hddsDatanode}
2022-09-28 09:58:35,380 [Listener at 127.0.0.1/38925] INFO  server.AbstractConnector (AbstractConnector.java:doStart(331)) - Started ServerConnector@22d7b302{HTTP/1.1, (http/1.1)}{0.0.0.0:42989}
2022-09-28 09:58:35,388 [Listener at 127.0.0.1/38925] INFO  server.Server (Server.java:doStart(415)) - Started @279964ms
2022-09-28 09:58:35,388 [Listener at 127.0.0.1/38925] WARN  impl.MetricsSystemImpl (MetricsSystemImpl.java:register(279)) - Sink prometheus already exists!
2022-09-28 09:58:35,389 [Listener at 127.0.0.1/38925] INFO  http.BaseHttpServer (BaseHttpServer.java:updateConnectorAddress(333)) - HTTP server of hddsDatanode listening at http://0.0.0.0:42989
2022-09-28 09:58:35,392 [Listener at 127.0.0.1/38925] INFO  impl.MetricsSystemImpl (MetricsSystemImpl.java:init(158)) - HddsDatanode metrics system started (again)
2022-09-28 09:58:35,399 [Datanode State Machine Daemon Thread] INFO  statemachine.DatanodeStateMachine (DatanodeStateMachine.java:lambda$startDaemon$0(492)) - Ozone container server started.
2022-09-28 09:58:35,482 [Listener at 127.0.0.1/38925] INFO  ozone.HddsDatanodeService (HddsDatanodeService.java:start(236)) - HddsDatanodeService host:fv-az204-790.d0ggoinxmwcejgojbuqly40l0e.cx.internal.cloudapp.net ip:10.1.1.21
2022-09-28 09:58:35,538 [Listener at 127.0.0.1/38925] INFO  upgrade.AbstractLayoutVersionManager (AbstractLayoutVersionManager.java:init(83)) - Initializing Layout version manager with metadata layout = DATANODE_SCHEMA_V3 (version = 4), software layout = DATANODE_SCHEMA_V3 (version = 4)
2022-09-28 09:58:35,541 [org.apache.hadoop.util.JvmPauseMonitor$Monitor@753e15f8] INFO  util.JvmPauseMonitor (JvmPauseMonitor.java:run(188)) - Starting JVM pause monitor
2022-09-28 09:58:35,548 [Datanode State Machine Task Thread - 0] INFO  datanode.InitDatanodeState (InitDatanodeState.java:persistContainerDatanodeDetails(138)) - DatanodeDetails is persisted to /home/runner/work/ozone/ozone/hadoop-ozone/integration-test/target/test-dir/MiniOzoneClusterImpl-010780ea-650b-44a2-9cb2-deec812f3cdf/datanode-2/meta/datanode.id
2022-09-28 09:58:35,654 [Listener at 127.0.0.1/38925] INFO  reflections.Reflections (Reflections.java:scan(232)) - Reflections took 115 ms to scan 7 urls, producing 135 keys and 327 values 
2022-09-28 09:58:35,655 [Listener at 127.0.0.1/38925] INFO  statemachine.DatanodeStateMachine (DatanodeStateMachine.java:getEndPointTaskThreadPoolSize(237)) - Datanode State Machine Task Thread Pool size 2
2022-09-28 09:58:35,697 [Listener at 127.0.0.1/38925] INFO  volume.HddsVolume (HddsVolume.java:<init>(117)) - Creating HddsVolume: /home/runner/work/ozone/ozone/hadoop-ozone/integration-test/target/test-dir/MiniOzoneClusterImpl-010780ea-650b-44a2-9cb2-deec812f3cdf/datanode-3/data-0/containers/hdds of storage type : DISK capacity : 9223372036854775807
2022-09-28 09:58:35,697 [Listener at 127.0.0.1/38925] INFO  volume.MutableVolumeSet (MutableVolumeSet.java:initializeVolumeSet(174)) - Added Volume : /home/runner/work/ozone/ozone/hadoop-ozone/integration-test/target/test-dir/MiniOzoneClusterImpl-010780ea-650b-44a2-9cb2-deec812f3cdf/datanode-3/data-0/containers/hdds to VolumeSet
2022-09-28 09:58:35,697 [Listener at 127.0.0.1/38925] INFO  volume.ThrottledAsyncChecker (ThrottledAsyncChecker.java:schedule(141)) - Scheduling a check for /home/runner/work/ozone/ozone/hadoop-ozone/integration-test/target/test-dir/MiniOzoneClusterImpl-010780ea-650b-44a2-9cb2-deec812f3cdf/datanode-3/data-0/containers/hdds
2022-09-28 09:58:35,701 [Listener at 127.0.0.1/38925] INFO  volume.StorageVolumeChecker (StorageVolumeChecker.java:checkAllVolumes(202)) - Scheduled health check for volume /home/runner/work/ozone/ozone/hadoop-ozone/integration-test/target/test-dir/MiniOzoneClusterImpl-010780ea-650b-44a2-9cb2-deec812f3cdf/datanode-3/data-0/containers/hdds
2022-09-28 09:58:35,711 [Listener at 127.0.0.1/38925] INFO  volume.MutableVolumeSet (MutableVolumeSet.java:initializeVolumeSet(174)) - Added Volume : /home/runner/work/ozone/ozone/hadoop-ozone/integration-test/target/test-dir/MiniOzoneClusterImpl-010780ea-650b-44a2-9cb2-deec812f3cdf/datanode-3/data/ratis to VolumeSet
2022-09-28 09:58:35,712 [Listener at 127.0.0.1/38925] INFO  volume.ThrottledAsyncChecker (ThrottledAsyncChecker.java:schedule(141)) - Scheduling a check for /home/runner/work/ozone/ozone/hadoop-ozone/integration-test/target/test-dir/MiniOzoneClusterImpl-010780ea-650b-44a2-9cb2-deec812f3cdf/datanode-3/data/ratis
2022-09-28 09:58:35,712 [Listener at 127.0.0.1/38925] INFO  volume.StorageVolumeChecker (StorageVolumeChecker.java:checkAllVolumes(202)) - Scheduled health check for volume /home/runner/work/ozone/ozone/hadoop-ozone/integration-test/target/test-dir/MiniOzoneClusterImpl-010780ea-650b-44a2-9cb2-deec812f3cdf/datanode-3/data/ratis
2022-09-28 09:58:35,800 [EndpointStateMachine task thread for /0.0.0.0:36561 - 0 ] INFO  volume.HddsVolume (HddsVolume.java:createDbStore(307)) - SchemaV3 db is created and loaded at /home/runner/work/ozone/ozone/hadoop-ozone/integration-test/target/test-dir/MiniOzoneClusterImpl-010780ea-650b-44a2-9cb2-deec812f3cdf/datanode-1/data-0/containers/hdds/010780ea-650b-44a2-9cb2-deec812f3cdf/DS-62b00ff3-6046-4c01-9c37-25691fa8444f/container.db for volume DS-62b00ff3-6046-4c01-9c37-25691fa8444f
2022-09-28 09:58:35,809 [EndpointStateMachine task thread for /0.0.0.0:36561 - 0 ] INFO  volume.HddsVolume (HddsVolume.java:closeDbStore(338)) - SchemaV3 db is stopped at /home/runner/work/ozone/ozone/hadoop-ozone/integration-test/target/test-dir/MiniOzoneClusterImpl-010780ea-650b-44a2-9cb2-deec812f3cdf/datanode-1/data-0/containers/hdds/010780ea-650b-44a2-9cb2-deec812f3cdf/DS-62b00ff3-6046-4c01-9c37-25691fa8444f/container.db for volume DS-62b00ff3-6046-4c01-9c37-25691fa8444f
2022-09-28 09:58:35,809 [EndpointStateMachine task thread for /0.0.0.0:36561 - 0 ] INFO  ozoneimpl.OzoneContainer (OzoneContainer.java:start(378)) - Attempting to start container services.
2022-09-28 09:58:35,810 [EndpointStateMachine task thread for /0.0.0.0:36561 - 0 ] INFO  ozoneimpl.OzoneContainer (OzoneContainer.java:startContainerScrub(313)) - Background container scanner has been disabled.
2022-09-28 09:58:35,832 [Thread-1565] INFO  ozoneimpl.ContainerReader (ContainerReader.java:readVolume(175)) - Finish verifying containers on volume /home/runner/work/ozone/ozone/hadoop-ozone/integration-test/target/test-dir/MiniOzoneClusterImpl-010780ea-650b-44a2-9cb2-deec812f3cdf/datanode-3/data-0/containers/hdds
2022-09-28 09:58:35,833 [Listener at 127.0.0.1/38925] INFO  ozoneimpl.OzoneContainer (OzoneContainer.java:buildContainerSet(300)) - Build ContainerSet costs 0s
2022-09-28 09:58:35,834 [EndpointStateMachine task thread for /0.0.0.0:36561 - 0 ] INFO  replication.ReplicationServer (ReplicationServer.java:start(111)) - ReplicationServer is started using port 44767
2022-09-28 09:58:35,841 [EndpointStateMachine task thread for /0.0.0.0:36561 - 0 ] INFO  ratis.XceiverServerRatis (XceiverServerRatis.java:start(481)) - Starting XceiverServerRatis 9e9c1c6a-451f-46d5-9738-b004dc1aedb2
2022-09-28 09:58:35,841 [EndpointStateMachine task thread for /0.0.0.0:36561 - 0 ] INFO  server.RaftServer (RaftServerProxy.java:lambda$start$6(382)) - 9e9c1c6a-451f-46d5-9738-b004dc1aedb2: start RPC server
2022-09-28 09:58:35,865 [Listener at 127.0.0.1/38925] INFO  server.RaftServer (ConfUtils.java:logGet(46)) - raft.rpc.type = GRPC (default)
2022-09-28 09:58:35,866 [Listener at 127.0.0.1/38925] INFO  grpc.GrpcFactory (GrpcFactory.java:checkPooledByteBufAllocatorUseCacheForAllThreads(48)) - PERFORMANCE WARNING: useCacheForAllThreads is true that may cause Netty to create a lot garbage objects and, as a result, trigger GC.
	It is recommended to disable useCacheForAllThreads by setting -Dorg.apache.ratis.thirdparty.io.netty.allocator.useCacheForAllThreads=false in command line.
2022-09-28 09:58:35,866 [Listener at 127.0.0.1/38925] INFO  grpc.GrpcConfigKeys (ConfUtils.java:logGet(46)) - raft.grpc.admin.port = 0 (custom)
2022-09-28 09:58:35,866 [Listener at 127.0.0.1/38925] INFO  grpc.GrpcConfigKeys (ConfUtils.java:logGet(46)) - raft.grpc.client.port = 0 (custom)
2022-09-28 09:58:35,866 [Listener at 127.0.0.1/38925] INFO  grpc.GrpcConfigKeys (ConfUtils.java:logGet(46)) - raft.grpc.server.port = 0 (default)
2022-09-28 09:58:35,866 [Listener at 127.0.0.1/38925] INFO  server.GrpcService (ConfUtils.java:logGet(46)) - raft.grpc.message.size.max = 32MB (=33554432) (custom)
2022-09-28 09:58:35,866 [Listener at 127.0.0.1/38925] INFO  server.RaftServerConfigKeys (ConfUtils.java:logGet(46)) - raft.server.log.appender.buffer.byte-limit = 33554432 (custom)
2022-09-28 09:58:35,866 [Listener at 127.0.0.1/38925] INFO  server.GrpcService (ConfUtils.java:logGet(46)) - raft.grpc.flow.control.window = 5MB (=5242880) (custom)
2022-09-28 09:58:35,866 [Listener at 127.0.0.1/38925] INFO  server.RaftServerConfigKeys (ConfUtils.java:logGet(46)) - raft.server.rpc.request.timeout = 60s (custom)
2022-09-28 09:58:35,866 [Listener at 127.0.0.1/38925] INFO  grpc.GrpcConfigKeys (ConfUtils.java:logGet(46)) - raft.grpc.server.async.request.thread.pool.cached = true (default)
2022-09-28 09:58:35,866 [Listener at 127.0.0.1/38925] INFO  grpc.GrpcConfigKeys (ConfUtils.java:logGet(46)) - raft.grpc.server.async.request.thread.pool.size = 32 (default)
2022-09-28 09:58:35,900 [Listener at 127.0.0.1/38925] INFO  impl.DataStreamServerImpl (ConfUtils.java:logGet(46)) - raft.datastream.type = DISABLED (default)
2022-09-28 09:58:35,900 [Listener at 127.0.0.1/38925] INFO  server.RaftServerConfigKeys (ConfUtils.java:logGet(46)) - raft.server.threadpool.proxy.cached = true (default)
2022-09-28 09:58:35,900 [Listener at 127.0.0.1/38925] INFO  server.RaftServerConfigKeys (ConfUtils.java:logGet(46)) - raft.server.threadpool.proxy.size = 0 (default)
2022-09-28 09:58:35,901 [Listener at 127.0.0.1/38925] INFO  server.RaftServerConfigKeys (ConfUtils.java:logGet(46)) - raft.server.rpc.slowness.timeout = 300s (custom)
2022-09-28 09:58:35,901 [Listener at 127.0.0.1/38925] INFO  server.RaftServerConfigKeys (ConfUtils.java:logGet(46)) - raft.server.leaderelection.leader.step-down.wait-time = 10s (default)
2022-09-28 09:58:35,901 [Listener at 127.0.0.1/38925] INFO  server.RaftServerConfigKeys (ConfUtils.java:logGet(46)) - raft.server.storage.dir = [/home/runner/work/ozone/ozone/hadoop-ozone/integration-test/target/test-dir/MiniOzoneClusterImpl-010780ea-650b-44a2-9cb2-deec812f3cdf/datanode-3/data/ratis] (custom)
2022-09-28 09:58:35,909 [Listener at 127.0.0.1/38925] INFO  server.XceiverServerGrpc (XceiverServerGrpc.java:<init>(132)) - GrpcServer channel type EpollServerSocketChannel
2022-09-28 09:58:35,917 [EndpointStateMachine task thread for /0.0.0.0:36561 - 0 ] INFO  server.GrpcService (GrpcService.java:startImpl(260)) - 9e9c1c6a-451f-46d5-9738-b004dc1aedb2: GrpcService started, listening on 38097
2022-09-28 09:58:35,920 [EndpointStateMachine task thread for /0.0.0.0:36561 - 0 ] INFO  ratis.XceiverServerRatis (XceiverServerRatis.java:getRealPort(502)) - XceiverServerRatis 9e9c1c6a-451f-46d5-9738-b004dc1aedb2 is started using port 38097 for RATIS
2022-09-28 09:58:35,920 [EndpointStateMachine task thread for /0.0.0.0:36561 - 0 ] INFO  ratis.XceiverServerRatis (XceiverServerRatis.java:getRealPort(502)) - XceiverServerRatis 9e9c1c6a-451f-46d5-9738-b004dc1aedb2 is started using port 38097 for RATIS_ADMIN
2022-09-28 09:58:35,920 [EndpointStateMachine task thread for /0.0.0.0:36561 - 0 ] INFO  ratis.XceiverServerRatis (XceiverServerRatis.java:getRealPort(502)) - XceiverServerRatis 9e9c1c6a-451f-46d5-9738-b004dc1aedb2 is started using port 38097 for RATIS_SERVER
2022-09-28 09:58:35,921 [org.apache.ratis.util.JvmPauseMonitor$$Lambda$634/511600595@18131d72] INFO  util.JvmPauseMonitor (JvmPauseMonitor.java:run(103)) - JvmPauseMonitor-9e9c1c6a-451f-46d5-9738-b004dc1aedb2: Started
2022-09-28 09:58:36,004 [Listener at 127.0.0.1/38925] INFO  http.BaseHttpServer (BaseHttpServer.java:newHttpServer2BuilderForOzone(213)) - Starting Web-server for hddsDatanode at: http://0.0.0.0:0
2022-09-28 09:58:36,004 [Listener at 127.0.0.1/38925] INFO  http.BaseHttpServer (BaseHttpServer.java:<init>(108)) - Hadoop Security Enabled: false Ozone Security Enabled: false Ozone HTTP Security Enabled: false 
2022-09-28 09:58:36,005 [Listener at 127.0.0.1/38925] INFO  server.AuthenticationFilter (AuthenticationFilter.java:constructSecretProvider(240)) - Unable to initialize FileSignerSecretProvider, falling back to use random secrets.
2022-09-28 09:58:36,014 [EndpointStateMachine task thread for /0.0.0.0:36561 - 0 ] INFO  server.XceiverServerGrpc (XceiverServerGrpc.java:start(180)) - XceiverServerGrpc 9e9c1c6a-451f-46d5-9738-b004dc1aedb2 is started using port 34747
2022-09-28 09:58:36,040 [Listener at 127.0.0.1/38925] WARN  http.HttpRequestLog (HttpRequestLog.java:getRequestLog(103)) - Jetty request log can only be enabled using Log4j
2022-09-28 09:58:36,041 [Listener at 127.0.0.1/38925] INFO  http.HttpServer2 (HttpServer2.java:addGlobalFilter(1029)) - Added global filter 'safety' (class=org.apache.hadoop.hdds.server.http.HttpServer2$QuotingInputFilter)
2022-09-28 09:58:36,042 [Listener at 127.0.0.1/38925] INFO  http.HttpServer2 (HttpServer2.java:addFilter(1005)) - Added filter static_user_filter (class=org.apache.hadoop.http.lib.StaticUserWebFilter$StaticUserFilter) to context hddsDatanode
2022-09-28 09:58:36,042 [Listener at 127.0.0.1/38925] INFO  http.HttpServer2 (HttpServer2.java:addFilter(1013)) - Added filter static_user_filter (class=org.apache.hadoop.http.lib.StaticUserWebFilter$StaticUserFilter) to context logs
2022-09-28 09:58:36,042 [Listener at 127.0.0.1/38925] INFO  http.HttpServer2 (HttpServer2.java:addFilter(1013)) - Added filter static_user_filter (class=org.apache.hadoop.http.lib.StaticUserWebFilter$StaticUserFilter) to context static
2022-09-28 09:58:36,042 [Listener at 127.0.0.1/38925] INFO  http.HttpServer2 (HttpServer2.java:bindListener(1248)) - Jetty bound to port 45223
2022-09-28 09:58:36,043 [Listener at 127.0.0.1/38925] INFO  server.Server (Server.java:doStart(375)) - jetty-9.4.43.v20210629; built: 2021-06-30T11:07:22.254Z; git: 526006ecfa3af7f1a27ef3a288e2bef7ea9dd7e8; jvm 1.8.0_345-b01
2022-09-28 09:58:36,085 [Listener at 127.0.0.1/38925] INFO  server.session (DefaultSessionIdManager.java:doStart(334)) - DefaultSessionIdManager workerName=node0
2022-09-28 09:58:36,085 [Listener at 127.0.0.1/38925] INFO  server.session (DefaultSessionIdManager.java:doStart(339)) - No SessionScavenger set, using defaults
2022-09-28 09:58:36,085 [Listener at 127.0.0.1/38925] INFO  server.session (HouseKeeper.java:startScavenging(132)) - node0 Scavenging every 600000ms
2022-09-28 09:58:36,086 [Listener at 127.0.0.1/38925] INFO  handler.ContextHandler (ContextHandler.java:doStart(915)) - Started o.e.j.s.ServletContextHandler@40a544df{logs,/logs,file:///home/runner/work/ozone/ozone/hadoop-ozone/integration-test/target/log,AVAILABLE}
2022-09-28 09:58:36,086 [Listener at 127.0.0.1/38925] INFO  handler.ContextHandler (ContextHandler.java:doStart(915)) - Started o.e.j.s.ServletContextHandler@33b2ab5f{static,/static,jar:file:/home/runner/.m2/repository/org/apache/ozone/hdds-container-service/1.3.0-SNAPSHOT/hdds-container-service-1.3.0-SNAPSHOT.jar!/webapps/static,AVAILABLE}
2022-09-28 09:58:36,473 [IPC Server handler 16 on default port 36561] INFO  net.NetworkTopologyImpl (NetworkTopologyImpl.java:add(112)) - Added a new node: /default-rack/80fc50c2-999b-4282-ba04-29b80da548ab
2022-09-28 09:58:36,474 [IPC Server handler 16 on default port 36561] INFO  node.SCMNodeManager (SCMNodeManager.java:register(397)) - Registered Data node : 80fc50c2-999b-4282-ba04-29b80da548ab{ip: 10.1.1.21, host: fv-az204-790.d0ggoinxmwcejgojbuqly40l0e.cx.internal.cloudapp.net, ports: [REPLICATION=35443, RATIS=45007, RATIS_ADMIN=45007, RATIS_SERVER=45007, STANDALONE=35327], networkLocation: /default-rack, certSerialId: null, persistedOpState: null, persistedOpStateExpiryEpochSec: 0}
2022-09-28 09:58:36,481 [EventQueue-NodeRegistrationContainerReportForDataNodeSafeModeRule] INFO  safemode.SCMSafeModeManager (DataNodeSafeModeRule.java:process(71)) - SCM in safe mode. 1 DataNodes registered, 3 required.
2022-09-28 09:58:36,481 [EventQueue-NodeRegistrationContainerReportForContainerSafeModeRule] INFO  safemode.SCMSafeModeManager (SCMSafeModeManager.java:validateSafeModeExitRules(204)) - ContainerSafeModeRule rule is successfully validated
2022-09-28 09:58:36,540 [EventQueue-NewNodeForNewNodeHandler] INFO  pipeline.BackgroundPipelineCreator (BackgroundPipelineCreator.java:notifyEventTriggered(276)) - trigger a one-shot run on RatisPipelineUtilsThread.
2022-09-28 09:58:36,540 [EventQueue-PipelineReportForOneReplicaPipelineSafeModeRule] INFO  safemode.SCMSafeModeManager (SCMSafeModeManager.java:validateSafeModeExitRules(204)) - AtleastOneDatanodeReportedRule rule is successfully validated
2022-09-28 09:58:36,541 [RatisPipelineUtilsThread - 0] INFO  pipeline.RatisPipelineProvider (RatisPipelineProvider.java:lambda$create$0(195)) - Sending CreatePipelineCommand for pipeline:PipelineID=d48f3b33-71a7-40ce-9571-a60c6c98f2cd to datanode:80fc50c2-999b-4282-ba04-29b80da548ab
2022-09-28 09:58:36,552 [RatisPipelineUtilsThread - 0] INFO  pipeline.PipelineStateManagerImpl (PipelineStateManagerImpl.java:addPipeline(103)) - Created pipeline Pipeline[ Id: d48f3b33-71a7-40ce-9571-a60c6c98f2cd, Nodes: 80fc50c2-999b-4282-ba04-29b80da548ab{ip: 10.1.1.21, host: fv-az204-790.d0ggoinxmwcejgojbuqly40l0e.cx.internal.cloudapp.net, ports: [REPLICATION=35443, RATIS=45007, RATIS_ADMIN=45007, RATIS_SERVER=45007, STANDALONE=35327], networkLocation: /default-rack, certSerialId: null, persistedOpState: IN_SERVICE, persistedOpStateExpiryEpochSec: 0}, ReplicationConfig: RATIS/ONE, State:ALLOCATED, leaderId:, CreationTimestamp2022-09-28T09:58:36.541Z[Etc/UTC]].
2022-09-28 09:58:37,296 [Listener at 127.0.0.1/38925] INFO  handler.ContextHandler (ContextHandler.java:doStart(915)) - Started o.e.j.w.WebAppContext@38850b00{hddsDatanode,/,file:///tmp/jetty-0_0_0_0-45223-hdds-container-service-1_3_0-SNAPSHOT_jar-_-any-5044583073633938505/webapp/,AVAILABLE}{jar:file:/home/runner/.m2/repository/org/apache/ozone/hdds-container-service/1.3.0-SNAPSHOT/hdds-container-service-1.3.0-SNAPSHOT.jar!/webapps/hddsDatanode}
2022-09-28 09:58:37,332 [Listener at 127.0.0.1/38925] INFO  server.AbstractConnector (AbstractConnector.java:doStart(331)) - Started ServerConnector@a134e19{HTTP/1.1, (http/1.1)}{0.0.0.0:45223}
2022-09-28 09:58:37,333 [Listener at 127.0.0.1/38925] INFO  server.Server (Server.java:doStart(415)) - Started @281909ms
2022-09-28 09:58:37,333 [Listener at 127.0.0.1/38925] WARN  impl.MetricsSystemImpl (MetricsSystemImpl.java:register(279)) - Sink prometheus already exists!
2022-09-28 09:58:37,364 [Listener at 127.0.0.1/38925] INFO  http.BaseHttpServer (BaseHttpServer.java:updateConnectorAddress(333)) - HTTP server of hddsDatanode listening at http://0.0.0.0:45223
2022-09-28 09:58:37,384 [Listener at 127.0.0.1/38925] INFO  impl.MetricsSystemImpl (MetricsSystemImpl.java:init(158)) - HddsDatanode metrics system started (again)
2022-09-28 09:58:37,392 [Datanode State Machine Daemon Thread] INFO  statemachine.DatanodeStateMachine (DatanodeStateMachine.java:lambda$startDaemon$0(492)) - Ozone container server started.
2022-09-28 09:58:37,476 [org.apache.hadoop.util.JvmPauseMonitor$Monitor@5f10de65] INFO  util.JvmPauseMonitor (JvmPauseMonitor.java:run(188)) - Starting JVM pause monitor
2022-09-28 09:58:37,498 [Listener at 127.0.0.1/38925] INFO  ozone.HddsDatanodeService (HddsDatanodeService.java:start(236)) - HddsDatanodeService host:fv-az204-790.d0ggoinxmwcejgojbuqly40l0e.cx.internal.cloudapp.net ip:10.1.1.21
2022-09-28 09:58:37,537 [Datanode State Machine Task Thread - 0] INFO  datanode.InitDatanodeState (InitDatanodeState.java:persistContainerDatanodeDetails(138)) - DatanodeDetails is persisted to /home/runner/work/ozone/ozone/hadoop-ozone/integration-test/target/test-dir/MiniOzoneClusterImpl-010780ea-650b-44a2-9cb2-deec812f3cdf/datanode-3/meta/datanode.id
2022-09-28 09:58:37,601 [Listener at 127.0.0.1/38925] INFO  upgrade.AbstractLayoutVersionManager (AbstractLayoutVersionManager.java:init(83)) - Initializing Layout version manager with metadata layout = DATANODE_SCHEMA_V3 (version = 4), software layout = DATANODE_SCHEMA_V3 (version = 4)
2022-09-28 09:58:37,673 [IPC Server handler 0 on default port 36561] INFO  net.NetworkTopologyImpl (NetworkTopologyImpl.java:add(112)) - Added a new node: /default-rack/9e9c1c6a-451f-46d5-9738-b004dc1aedb2
2022-09-28 09:58:37,673 [IPC Server handler 0 on default port 36561] INFO  node.SCMNodeManager (SCMNodeManager.java:register(397)) - Registered Data node : 9e9c1c6a-451f-46d5-9738-b004dc1aedb2{ip: 10.1.1.21, host: fv-az204-790.d0ggoinxmwcejgojbuqly40l0e.cx.internal.cloudapp.net, ports: [REPLICATION=44767, RATIS=38097, RATIS_ADMIN=38097, RATIS_SERVER=38097, STANDALONE=34747], networkLocation: /default-rack, certSerialId: null, persistedOpState: null, persistedOpStateExpiryEpochSec: 0}
2022-09-28 09:58:37,674 [EventQueue-NewNodeForNewNodeHandler] INFO  pipeline.BackgroundPipelineCreator (BackgroundPipelineCreator.java:notifyEventTriggered(276)) - trigger a one-shot run on RatisPipelineUtilsThread.
2022-09-28 09:58:37,687 [EventQueue-NodeRegistrationContainerReportForDataNodeSafeModeRule] INFO  safemode.SCMSafeModeManager (DataNodeSafeModeRule.java:process(71)) - SCM in safe mode. 2 DataNodes registered, 3 required.
2022-09-28 09:58:37,703 [RatisPipelineUtilsThread - 0] INFO  pipeline.RatisPipelineProvider (RatisPipelineProvider.java:lambda$create$0(195)) - Sending CreatePipelineCommand for pipeline:PipelineID=cf0210a5-3499-4a4b-8571-8d6c39d23c51 to datanode:9e9c1c6a-451f-46d5-9738-b004dc1aedb2
2022-09-28 09:58:37,703 [EndpointStateMachine task thread for /0.0.0.0:36561 - 0 ] INFO  volume.HddsVolume (HddsVolume.java:createDbStore(307)) - SchemaV3 db is created and loaded at /home/runner/work/ozone/ozone/hadoop-ozone/integration-test/target/test-dir/MiniOzoneClusterImpl-010780ea-650b-44a2-9cb2-deec812f3cdf/datanode-2/data-0/containers/hdds/010780ea-650b-44a2-9cb2-deec812f3cdf/DS-0b279527-e91c-4b3b-bfce-3c00b912ea0f/container.db for volume DS-0b279527-e91c-4b3b-bfce-3c00b912ea0f
2022-09-28 09:58:37,703 [RatisPipelineUtilsThread - 0] INFO  pipeline.PipelineStateManagerImpl (PipelineStateManagerImpl.java:addPipeline(103)) - Created pipeline Pipeline[ Id: cf0210a5-3499-4a4b-8571-8d6c39d23c51, Nodes: 9e9c1c6a-451f-46d5-9738-b004dc1aedb2{ip: 10.1.1.21, host: fv-az204-790.d0ggoinxmwcejgojbuqly40l0e.cx.internal.cloudapp.net, ports: [REPLICATION=44767, RATIS=38097, RATIS_ADMIN=38097, RATIS_SERVER=38097, STANDALONE=34747], networkLocation: /default-rack, certSerialId: null, persistedOpState: IN_SERVICE, persistedOpStateExpiryEpochSec: 0}, ReplicationConfig: RATIS/ONE, State:ALLOCATED, leaderId:, CreationTimestamp2022-09-28T09:58:37.703Z[Etc/UTC]].
2022-09-28 09:58:37,709 [EndpointStateMachine task thread for /0.0.0.0:36561 - 0 ] INFO  volume.HddsVolume (HddsVolume.java:closeDbStore(338)) - SchemaV3 db is stopped at /home/runner/work/ozone/ozone/hadoop-ozone/integration-test/target/test-dir/MiniOzoneClusterImpl-010780ea-650b-44a2-9cb2-deec812f3cdf/datanode-2/data-0/containers/hdds/010780ea-650b-44a2-9cb2-deec812f3cdf/DS-0b279527-e91c-4b3b-bfce-3c00b912ea0f/container.db for volume DS-0b279527-e91c-4b3b-bfce-3c00b912ea0f
2022-09-28 09:58:37,709 [EndpointStateMachine task thread for /0.0.0.0:36561 - 0 ] INFO  ozoneimpl.OzoneContainer (OzoneContainer.java:start(378)) - Attempting to start container services.
2022-09-28 09:58:37,709 [EndpointStateMachine task thread for /0.0.0.0:36561 - 0 ] INFO  ozoneimpl.OzoneContainer (OzoneContainer.java:startContainerScrub(313)) - Background container scanner has been disabled.
2022-09-28 09:58:37,756 [EndpointStateMachine task thread for /0.0.0.0:36561 - 0 ] INFO  replication.ReplicationServer (ReplicationServer.java:start(111)) - ReplicationServer is started using port 37109
2022-09-28 09:58:37,760 [EndpointStateMachine task thread for /0.0.0.0:36561 - 0 ] INFO  ratis.XceiverServerRatis (XceiverServerRatis.java:start(481)) - Starting XceiverServerRatis fa5dce8c-80cb-4c43-9e0a-2a910fa20985
2022-09-28 09:58:37,765 [EndpointStateMachine task thread for /0.0.0.0:36561 - 0 ] INFO  server.RaftServer (RaftServerProxy.java:lambda$start$6(382)) - fa5dce8c-80cb-4c43-9e0a-2a910fa20985: start RPC server
2022-09-28 09:58:37,766 [Listener at 127.0.0.1/38925] INFO  reflections.Reflections (Reflections.java:scan(232)) - Reflections took 162 ms to scan 7 urls, producing 135 keys and 327 values 
2022-09-28 09:58:37,801 [EndpointStateMachine task thread for /0.0.0.0:36561 - 0 ] INFO  server.GrpcService (GrpcService.java:startImpl(260)) - fa5dce8c-80cb-4c43-9e0a-2a910fa20985: GrpcService started, listening on 40407
2022-09-28 09:58:37,802 [EndpointStateMachine task thread for /0.0.0.0:36561 - 0 ] INFO  ratis.XceiverServerRatis (XceiverServerRatis.java:getRealPort(502)) - XceiverServerRatis fa5dce8c-80cb-4c43-9e0a-2a910fa20985 is started using port 40407 for RATIS
2022-09-28 09:58:37,802 [EndpointStateMachine task thread for /0.0.0.0:36561 - 0 ] INFO  ratis.XceiverServerRatis (XceiverServerRatis.java:getRealPort(502)) - XceiverServerRatis fa5dce8c-80cb-4c43-9e0a-2a910fa20985 is started using port 40407 for RATIS_ADMIN
2022-09-28 09:58:37,802 [EndpointStateMachine task thread for /0.0.0.0:36561 - 0 ] INFO  ratis.XceiverServerRatis (XceiverServerRatis.java:getRealPort(502)) - XceiverServerRatis fa5dce8c-80cb-4c43-9e0a-2a910fa20985 is started using port 40407 for RATIS_SERVER
2022-09-28 09:58:37,802 [org.apache.ratis.util.JvmPauseMonitor$$Lambda$634/511600595@dcffda8] INFO  util.JvmPauseMonitor (JvmPauseMonitor.java:run(103)) - JvmPauseMonitor-fa5dce8c-80cb-4c43-9e0a-2a910fa20985: Started
2022-09-28 09:58:37,841 [Listener at 127.0.0.1/38925] INFO  statemachine.DatanodeStateMachine (DatanodeStateMachine.java:getEndPointTaskThreadPoolSize(237)) - Datanode State Machine Task Thread Pool size 2
2022-09-28 09:58:37,867 [Listener at 127.0.0.1/38925] INFO  volume.HddsVolume (HddsVolume.java:<init>(117)) - Creating HddsVolume: /home/runner/work/ozone/ozone/hadoop-ozone/integration-test/target/test-dir/MiniOzoneClusterImpl-010780ea-650b-44a2-9cb2-deec812f3cdf/datanode-4/data-0/containers/hdds of storage type : DISK capacity : 9223372036854775807
2022-09-28 09:58:37,867 [Listener at 127.0.0.1/38925] INFO  volume.MutableVolumeSet (MutableVolumeSet.java:initializeVolumeSet(174)) - Added Volume : /home/runner/work/ozone/ozone/hadoop-ozone/integration-test/target/test-dir/MiniOzoneClusterImpl-010780ea-650b-44a2-9cb2-deec812f3cdf/datanode-4/data-0/containers/hdds to VolumeSet
2022-09-28 09:58:37,867 [Listener at 127.0.0.1/38925] INFO  volume.ThrottledAsyncChecker (ThrottledAsyncChecker.java:schedule(141)) - Scheduling a check for /home/runner/work/ozone/ozone/hadoop-ozone/integration-test/target/test-dir/MiniOzoneClusterImpl-010780ea-650b-44a2-9cb2-deec812f3cdf/datanode-4/data-0/containers/hdds
2022-09-28 09:58:37,880 [Listener at 127.0.0.1/38925] INFO  volume.StorageVolumeChecker (StorageVolumeChecker.java:checkAllVolumes(202)) - Scheduled health check for volume /home/runner/work/ozone/ozone/hadoop-ozone/integration-test/target/test-dir/MiniOzoneClusterImpl-010780ea-650b-44a2-9cb2-deec812f3cdf/datanode-4/data-0/containers/hdds
2022-09-28 09:58:37,894 [EndpointStateMachine task thread for /0.0.0.0:36561 - 0 ] INFO  server.XceiverServerGrpc (XceiverServerGrpc.java:start(180)) - XceiverServerGrpc fa5dce8c-80cb-4c43-9e0a-2a910fa20985 is started using port 41339
2022-09-28 09:58:37,935 [Listener at 127.0.0.1/38925] INFO  volume.MutableVolumeSet (MutableVolumeSet.java:initializeVolumeSet(174)) - Added Volume : /home/runner/work/ozone/ozone/hadoop-ozone/integration-test/target/test-dir/MiniOzoneClusterImpl-010780ea-650b-44a2-9cb2-deec812f3cdf/datanode-4/data/ratis to VolumeSet
2022-09-28 09:58:37,935 [Listener at 127.0.0.1/38925] INFO  volume.ThrottledAsyncChecker (ThrottledAsyncChecker.java:schedule(141)) - Scheduling a check for /home/runner/work/ozone/ozone/hadoop-ozone/integration-test/target/test-dir/MiniOzoneClusterImpl-010780ea-650b-44a2-9cb2-deec812f3cdf/datanode-4/data/ratis
2022-09-28 09:58:37,960 [Listener at 127.0.0.1/38925] INFO  volume.StorageVolumeChecker (StorageVolumeChecker.java:checkAllVolumes(202)) - Scheduled health check for volume /home/runner/work/ozone/ozone/hadoop-ozone/integration-test/target/test-dir/MiniOzoneClusterImpl-010780ea-650b-44a2-9cb2-deec812f3cdf/datanode-4/data/ratis
2022-09-28 09:58:38,040 [Thread-1594] INFO  ozoneimpl.ContainerReader (ContainerReader.java:readVolume(175)) - Finish verifying containers on volume /home/runner/work/ozone/ozone/hadoop-ozone/integration-test/target/test-dir/MiniOzoneClusterImpl-010780ea-650b-44a2-9cb2-deec812f3cdf/datanode-4/data-0/containers/hdds
2022-09-28 09:58:38,040 [Listener at 127.0.0.1/38925] INFO  ozoneimpl.OzoneContainer (OzoneContainer.java:buildContainerSet(300)) - Build ContainerSet costs 0s
2022-09-28 09:58:38,042 [Listener at 127.0.0.1/38925] INFO  server.RaftServer (ConfUtils.java:logGet(46)) - raft.rpc.type = GRPC (default)
2022-09-28 09:58:38,042 [Listener at 127.0.0.1/38925] INFO  grpc.GrpcFactory (GrpcFactory.java:checkPooledByteBufAllocatorUseCacheForAllThreads(48)) - PERFORMANCE WARNING: useCacheForAllThreads is true that may cause Netty to create a lot garbage objects and, as a result, trigger GC.
	It is recommended to disable useCacheForAllThreads by setting -Dorg.apache.ratis.thirdparty.io.netty.allocator.useCacheForAllThreads=false in command line.
2022-09-28 09:58:38,042 [Listener at 127.0.0.1/38925] INFO  grpc.GrpcConfigKeys (ConfUtils.java:logGet(46)) - raft.grpc.admin.port = 0 (custom)
2022-09-28 09:58:38,042 [Listener at 127.0.0.1/38925] INFO  grpc.GrpcConfigKeys (ConfUtils.java:logGet(46)) - raft.grpc.client.port = 0 (custom)
2022-09-28 09:58:38,042 [Listener at 127.0.0.1/38925] INFO  grpc.GrpcConfigKeys (ConfUtils.java:logGet(46)) - raft.grpc.server.port = 0 (default)
2022-09-28 09:58:38,042 [Listener at 127.0.0.1/38925] INFO  server.GrpcService (ConfUtils.java:logGet(46)) - raft.grpc.message.size.max = 32MB (=33554432) (custom)
2022-09-28 09:58:38,042 [Listener at 127.0.0.1/38925] INFO  server.RaftServerConfigKeys (ConfUtils.java:logGet(46)) - raft.server.log.appender.buffer.byte-limit = 33554432 (custom)
2022-09-28 09:58:38,043 [Listener at 127.0.0.1/38925] INFO  server.GrpcService (ConfUtils.java:logGet(46)) - raft.grpc.flow.control.window = 5MB (=5242880) (custom)
2022-09-28 09:58:38,043 [Listener at 127.0.0.1/38925] INFO  server.RaftServerConfigKeys (ConfUtils.java:logGet(46)) - raft.server.rpc.request.timeout = 60s (custom)
2022-09-28 09:58:38,043 [Listener at 127.0.0.1/38925] INFO  grpc.GrpcConfigKeys (ConfUtils.java:logGet(46)) - raft.grpc.server.async.request.thread.pool.cached = true (default)
2022-09-28 09:58:38,043 [Listener at 127.0.0.1/38925] INFO  grpc.GrpcConfigKeys (ConfUtils.java:logGet(46)) - raft.grpc.server.async.request.thread.pool.size = 32 (default)
2022-09-28 09:58:38,044 [Listener at 127.0.0.1/38925] INFO  impl.DataStreamServerImpl (ConfUtils.java:logGet(46)) - raft.datastream.type = DISABLED (default)
2022-09-28 09:58:38,044 [Listener at 127.0.0.1/38925] INFO  server.RaftServerConfigKeys (ConfUtils.java:logGet(46)) - raft.server.threadpool.proxy.cached = true (default)
2022-09-28 09:58:38,044 [Listener at 127.0.0.1/38925] INFO  server.RaftServerConfigKeys (ConfUtils.java:logGet(46)) - raft.server.threadpool.proxy.size = 0 (default)
2022-09-28 09:58:38,044 [Listener at 127.0.0.1/38925] INFO  server.RaftServerConfigKeys (ConfUtils.java:logGet(46)) - raft.server.rpc.slowness.timeout = 300s (custom)
2022-09-28 09:58:38,044 [Listener at 127.0.0.1/38925] INFO  server.RaftServerConfigKeys (ConfUtils.java:logGet(46)) - raft.server.leaderelection.leader.step-down.wait-time = 10s (default)
2022-09-28 09:58:38,048 [Listener at 127.0.0.1/38925] INFO  server.RaftServerConfigKeys (ConfUtils.java:logGet(46)) - raft.server.storage.dir = [/home/runner/work/ozone/ozone/hadoop-ozone/integration-test/target/test-dir/MiniOzoneClusterImpl-010780ea-650b-44a2-9cb2-deec812f3cdf/datanode-4/data/ratis] (custom)
2022-09-28 09:58:38,053 [Listener at 127.0.0.1/38925] INFO  server.XceiverServerGrpc (XceiverServerGrpc.java:<init>(132)) - GrpcServer channel type EpollServerSocketChannel
2022-09-28 09:58:38,055 [Listener at 127.0.0.1/38925] INFO  http.BaseHttpServer (BaseHttpServer.java:newHttpServer2BuilderForOzone(213)) - Starting Web-server for hddsDatanode at: http://0.0.0.0:0
2022-09-28 09:58:38,055 [Listener at 127.0.0.1/38925] INFO  http.BaseHttpServer (BaseHttpServer.java:<init>(108)) - Hadoop Security Enabled: false Ozone Security Enabled: false Ozone HTTP Security Enabled: false 
2022-09-28 09:58:38,056 [Listener at 127.0.0.1/38925] INFO  server.AuthenticationFilter (AuthenticationFilter.java:constructSecretProvider(240)) - Unable to initialize FileSignerSecretProvider, falling back to use random secrets.
2022-09-28 09:58:38,068 [Listener at 127.0.0.1/38925] WARN  http.HttpRequestLog (HttpRequestLog.java:getRequestLog(103)) - Jetty request log can only be enabled using Log4j
2022-09-28 09:58:38,069 [Listener at 127.0.0.1/38925] INFO  http.HttpServer2 (HttpServer2.java:addGlobalFilter(1029)) - Added global filter 'safety' (class=org.apache.hadoop.hdds.server.http.HttpServer2$QuotingInputFilter)
2022-09-28 09:58:38,070 [Listener at 127.0.0.1/38925] INFO  http.HttpServer2 (HttpServer2.java:addFilter(1005)) - Added filter static_user_filter (class=org.apache.hadoop.http.lib.StaticUserWebFilter$StaticUserFilter) to context hddsDatanode
2022-09-28 09:58:38,070 [Listener at 127.0.0.1/38925] INFO  http.HttpServer2 (HttpServer2.java:addFilter(1013)) - Added filter static_user_filter (class=org.apache.hadoop.http.lib.StaticUserWebFilter$StaticUserFilter) to context static
2022-09-28 09:58:38,070 [Listener at 127.0.0.1/38925] INFO  http.HttpServer2 (HttpServer2.java:addFilter(1013)) - Added filter static_user_filter (class=org.apache.hadoop.http.lib.StaticUserWebFilter$StaticUserFilter) to context logs
2022-09-28 09:58:38,070 [Listener at 127.0.0.1/38925] INFO  http.HttpServer2 (HttpServer2.java:bindListener(1248)) - Jetty bound to port 37431
2022-09-28 09:58:38,070 [Listener at 127.0.0.1/38925] INFO  server.Server (Server.java:doStart(375)) - jetty-9.4.43.v20210629; built: 2021-06-30T11:07:22.254Z; git: 526006ecfa3af7f1a27ef3a288e2bef7ea9dd7e8; jvm 1.8.0_345-b01
2022-09-28 09:58:38,071 [Listener at 127.0.0.1/38925] INFO  server.session (DefaultSessionIdManager.java:doStart(334)) - DefaultSessionIdManager workerName=node0
2022-09-28 09:58:38,071 [Listener at 127.0.0.1/38925] INFO  server.session (DefaultSessionIdManager.java:doStart(339)) - No SessionScavenger set, using defaults
2022-09-28 09:58:38,071 [Listener at 127.0.0.1/38925] INFO  server.session (HouseKeeper.java:startScavenging(132)) - node0 Scavenging every 600000ms
2022-09-28 09:58:38,072 [Listener at 127.0.0.1/38925] INFO  handler.ContextHandler (ContextHandler.java:doStart(915)) - Started o.e.j.s.ServletContextHandler@3754e4b2{logs,/logs,file:///home/runner/work/ozone/ozone/hadoop-ozone/integration-test/target/log,AVAILABLE}
2022-09-28 09:58:38,072 [Listener at 127.0.0.1/38925] INFO  handler.ContextHandler (ContextHandler.java:doStart(915)) - Started o.e.j.s.ServletContextHandler@79c52145{static,/static,jar:file:/home/runner/.m2/repository/org/apache/ozone/hdds-container-service/1.3.0-SNAPSHOT/hdds-container-service-1.3.0-SNAPSHOT.jar!/webapps/static,AVAILABLE}
2022-09-28 09:58:38,850 [Listener at 127.0.0.1/38925] INFO  handler.ContextHandler (ContextHandler.java:doStart(915)) - Started o.e.j.w.WebAppContext@1848c983{hddsDatanode,/,file:///tmp/jetty-0_0_0_0-37431-hdds-container-service-1_3_0-SNAPSHOT_jar-_-any-6269454797946921110/webapp/,AVAILABLE}{jar:file:/home/runner/.m2/repository/org/apache/ozone/hdds-container-service/1.3.0-SNAPSHOT/hdds-container-service-1.3.0-SNAPSHOT.jar!/webapps/hddsDatanode}
2022-09-28 09:58:38,908 [Listener at 127.0.0.1/38925] INFO  server.AbstractConnector (AbstractConnector.java:doStart(331)) - Started ServerConnector@f6d5b3a{HTTP/1.1, (http/1.1)}{0.0.0.0:37431}
2022-09-28 09:58:38,909 [Listener at 127.0.0.1/38925] INFO  server.Server (Server.java:doStart(415)) - Started @283484ms
2022-09-28 09:58:38,909 [Listener at 127.0.0.1/38925] WARN  impl.MetricsSystemImpl (MetricsSystemImpl.java:register(279)) - Sink prometheus already exists!
2022-09-28 09:58:38,909 [Listener at 127.0.0.1/38925] INFO  http.BaseHttpServer (BaseHttpServer.java:updateConnectorAddress(333)) - HTTP server of hddsDatanode listening at http://0.0.0.0:37431
2022-09-28 09:58:38,944 [Listener at 127.0.0.1/38925] INFO  ozone.MiniOzoneClusterImpl (MiniOzoneClusterImpl.java:lambda$waitForClusterToBeReady$0(216)) - Waiting for nodes to be ready. Got 2 of 5 DN Heartbeats.
2022-09-28 09:58:38,944 [Listener at 127.0.0.1/38925] INFO  ozone.MiniOzoneClusterImpl (MiniOzoneClusterImpl.java:lambda$waitForClusterToBeReady$0(219)) - Waiting for cluster to exit safe mode
2022-09-28 09:58:38,945 [Listener at 127.0.0.1/38925] INFO  ozone.MiniOzoneClusterImpl (MiniOzoneClusterImpl.java:lambda$waitForClusterToBeReady$0(221)) - SCM became leader
2022-09-28 09:58:38,945 [Datanode State Machine Daemon Thread] INFO  statemachine.DatanodeStateMachine (DatanodeStateMachine.java:lambda$startDaemon$0(492)) - Ozone container server started.
2022-09-28 09:58:39,084 [org.apache.hadoop.util.JvmPauseMonitor$Monitor@1d1a6924] INFO  util.JvmPauseMonitor (JvmPauseMonitor.java:run(188)) - Starting JVM pause monitor
2022-09-28 09:58:39,137 [Datanode State Machine Task Thread - 0] INFO  datanode.InitDatanodeState (InitDatanodeState.java:persistContainerDatanodeDetails(138)) - DatanodeDetails is persisted to /home/runner/work/ozone/ozone/hadoop-ozone/integration-test/target/test-dir/MiniOzoneClusterImpl-010780ea-650b-44a2-9cb2-deec812f3cdf/datanode-4/meta/datanode.id
2022-09-28 09:58:39,474 [Command processor thread] INFO  server.RaftServer (RaftServerProxy.java:addNew(96)) - 80fc50c2-999b-4282-ba04-29b80da548ab: addNew group-A60C6C98F2CD:[80fc50c2-999b-4282-ba04-29b80da548ab|rpc:10.1.1.21:45007|priority:1] returns group-A60C6C98F2CD:java.util.concurrent.CompletableFuture@340f67d3[Not completed]
2022-09-28 09:58:39,483 [pool-795-thread-1] INFO  server.RaftServer$Division (RaftServerImpl.java:<init>(190)) - 80fc50c2-999b-4282-ba04-29b80da548ab: new RaftServerImpl for group-A60C6C98F2CD:[80fc50c2-999b-4282-ba04-29b80da548ab|rpc:10.1.1.21:45007|priority:1] with ContainerStateMachine:uninitialized
2022-09-28 09:58:39,484 [pool-795-thread-1] INFO  server.RaftServerConfigKeys (ConfUtils.java:logGet(46)) - raft.server.rpc.timeout.min = 5s (custom)
2022-09-28 09:58:39,484 [pool-795-thread-1] INFO  server.RaftServerConfigKeys (ConfUtils.java:logGet(46)) - raft.server.rpc.timeout.max = 5200ms (custom)
2022-09-28 09:58:39,484 [pool-795-thread-1] INFO  server.RaftServerConfigKeys (ConfUtils.java:logGet(46)) - raft.server.rpc.sleep.time = 25ms (default)
2022-09-28 09:58:39,484 [pool-795-thread-1] INFO  server.RaftServerConfigKeys (ConfUtils.java:logGet(46)) - raft.server.rpc.slowness.timeout = 300s (custom)
2022-09-28 09:58:39,484 [pool-795-thread-1] INFO  server.RaftServerConfigKeys (ConfUtils.java:logGet(46)) - raft.server.leaderelection.leader.step-down.wait-time = 10s (default)
2022-09-28 09:58:39,484 [pool-795-thread-1] INFO  server.RaftServerConfigKeys (ConfUtils.java:logGet(46)) - raft.server.sleep.deviation.threshold = 300ms (default)
2022-09-28 09:58:39,484 [pool-795-thread-1] INFO  server.RaftServer$Division (ServerState.java:<init>(107)) - 80fc50c2-999b-4282-ba04-29b80da548ab@group-A60C6C98F2CD: ConfigurationManager, init=-1: [80fc50c2-999b-4282-ba04-29b80da548ab|rpc:10.1.1.21:45007|priority:1], old=null, confs=<EMPTY_MAP>
2022-09-28 09:58:39,484 [pool-795-thread-1] INFO  server.RaftServerConfigKeys (ConfUtils.java:logGet(46)) - raft.server.storage.dir = [/home/runner/work/ozone/ozone/hadoop-ozone/integration-test/target/test-dir/MiniOzoneClusterImpl-010780ea-650b-44a2-9cb2-deec812f3cdf/datanode-0/data/ratis] (custom)
2022-09-28 09:58:39,484 [pool-795-thread-1] INFO  server.RaftServerConfigKeys (ConfUtils.java:logGet(46)) - raft.server.log.corruption.policy = EXCEPTION (default)
2022-09-28 09:58:39,484 [pool-795-thread-1] INFO  server.RaftServerConfigKeys (ConfUtils.java:logGet(46)) - raft.server.storage.free-space.min = 0MB (=0) (default)
2022-09-28 09:58:39,484 [pool-795-thread-1] INFO  storage.RaftStorageDirectory (RaftStorageDirectoryImpl.java:analyzeStorage(135)) - The storage directory /home/runner/work/ozone/ozone/hadoop-ozone/integration-test/target/test-dir/MiniOzoneClusterImpl-010780ea-650b-44a2-9cb2-deec812f3cdf/datanode-0/data/ratis/d48f3b33-71a7-40ce-9571-a60c6c98f2cd does not exist. Creating ...
2022-09-28 09:58:39,485 [pool-795-thread-1] INFO  storage.RaftStorageDirectory (RaftStorageDirectoryImpl.java:tryLock(230)) - Lock on /home/runner/work/ozone/ozone/hadoop-ozone/integration-test/target/test-dir/MiniOzoneClusterImpl-010780ea-650b-44a2-9cb2-deec812f3cdf/datanode-0/data/ratis/d48f3b33-71a7-40ce-9571-a60c6c98f2cd/in_use.lock acquired by nodename 12863@fv-az204-790
2022-09-28 09:58:39,486 [pool-795-thread-1] INFO  storage.RaftStorage (RaftStorageImpl.java:format(89)) - Storage directory /home/runner/work/ozone/ozone/hadoop-ozone/integration-test/target/test-dir/MiniOzoneClusterImpl-010780ea-650b-44a2-9cb2-deec812f3cdf/datanode-0/data/ratis/d48f3b33-71a7-40ce-9571-a60c6c98f2cd has been successfully formatted.
2022-09-28 09:58:39,521 [pool-795-thread-1] INFO  ratis.ContainerStateMachine (ContainerStateMachine.java:loadSnapshot(236)) - group-A60C6C98F2CD: The snapshot info is null. Setting the last applied indexto:(t:0, i:~)
2022-09-28 09:58:39,521 [pool-795-thread-1] INFO  server.RaftServerConfigKeys (ConfUtils.java:logGet(46)) - raft.server.notification.no-leader.timeout = 300s (custom)
2022-09-28 09:58:39,521 [pool-795-thread-1] INFO  server.RaftServerConfigKeys (ConfUtils.java:logGet(46)) - raft.server.log.use.memory = false (default)
2022-09-28 09:58:39,521 [pool-795-thread-1] INFO  server.RaftServerConfigKeys (ConfUtils.java:logGet(46)) - raft.server.log.purge.gap = 1000000 (custom)
2022-09-28 09:58:39,521 [pool-795-thread-1] INFO  server.RaftServerConfigKeys (ConfUtils.java:logGet(46)) - raft.server.log.appender.buffer.byte-limit = 33554432 (custom)
2022-09-28 09:58:39,521 [pool-795-thread-1] INFO  server.RaftServerConfigKeys (ConfUtils.java:logGet(46)) - raft.server.log.statemachine.data.read.timeout = 1000ms (default)
2022-09-28 09:58:39,522 [pool-795-thread-1] INFO  server.RaftServerConfigKeys (ConfUtils.java:logGet(46)) - raft.server.log.segment.size.max = 1048576 (custom)
2022-09-28 09:58:39,522 [pool-795-thread-1] INFO  server.RaftServerConfigKeys (ConfUtils.java:logGet(46)) - raft.server.log.segment.cache.num.max = 2 (custom)
2022-09-28 09:58:39,522 [pool-795-thread-1] INFO  server.RaftServerConfigKeys (ConfUtils.java:logGet(46)) - raft.server.log.segment.cache.size.max = 200MB (=209715200) (default)
2022-09-28 09:58:39,522 [pool-795-thread-1] INFO  segmented.SegmentedRaftLogWorker (SegmentedRaftLogWorker.java:<init>(187)) - new 80fc50c2-999b-4282-ba04-29b80da548ab@group-A60C6C98F2CD-SegmentedRaftLogWorker for RaftStorageImpl:Storage Directory /home/runner/work/ozone/ozone/hadoop-ozone/integration-test/target/test-dir/MiniOzoneClusterImpl-010780ea-650b-44a2-9cb2-deec812f3cdf/datanode-0/data/ratis/d48f3b33-71a7-40ce-9571-a60c6c98f2cd
2022-09-28 09:58:39,522 [pool-795-thread-1] INFO  server.RaftServerConfigKeys (ConfUtils.java:logGet(46)) - raft.server.log.queue.byte-limit = 4294967296 (custom)
2022-09-28 09:58:39,522 [pool-795-thread-1] INFO  server.RaftServerConfigKeys (ConfUtils.java:logGet(46)) - raft.server.log.queue.element-limit = 1024 (custom)
2022-09-28 09:58:39,522 [pool-795-thread-1] INFO  server.RaftServerConfigKeys (ConfUtils.java:logGet(46)) - raft.server.log.segment.size.max = 1048576 (custom)
2022-09-28 09:58:39,522 [pool-795-thread-1] INFO  server.RaftServerConfigKeys (ConfUtils.java:logGet(46)) - raft.server.log.preallocated.size = 16384 (custom)
2022-09-28 09:58:39,522 [pool-795-thread-1] INFO  server.RaftServerConfigKeys (ConfUtils.java:logGet(46)) - raft.server.log.force.sync.num = 128 (default)
2022-09-28 09:58:39,522 [pool-795-thread-1] INFO  server.RaftServerConfigKeys (ConfUtils.java:logGet(46)) - raft.server.log.statemachine.data.sync = true (default)
2022-09-28 09:58:39,522 [pool-795-thread-1] INFO  server.RaftServerConfigKeys (ConfUtils.java:logGet(46)) - raft.server.log.statemachine.data.sync.timeout = 10s (default)
2022-09-28 09:58:39,522 [pool-795-thread-1] INFO  server.RaftServerConfigKeys (ConfUtils.java:logGet(46)) - raft.server.log.statemachine.data.sync.timeout.retry = -1 (default)
2022-09-28 09:58:39,523 [pool-795-thread-1] INFO  server.RaftServerConfigKeys (ConfUtils.java:logGet(46)) - raft.server.log.write.buffer.size = 1048576 (custom)
2022-09-28 09:58:39,524 [pool-795-thread-1] INFO  server.RaftServerConfigKeys (ConfUtils.java:logGet(46)) - raft.server.log.unsafe-flush.enabled = false (default)
2022-09-28 09:58:39,524 [pool-795-thread-1] INFO  server.RaftServerConfigKeys (ConfUtils.java:logGet(46)) - raft.server.log.statemachine.data.caching.enabled = true (custom)
2022-09-28 09:58:39,524 [pool-795-thread-1] INFO  segmented.SegmentedRaftLogWorker (SegmentedRaftLogWorker.java:lambda$new$0(135)) - 80fc50c2-999b-4282-ba04-29b80da548ab@group-A60C6C98F2CD-SegmentedRaftLogWorker: flushIndex: setUnconditionally 0 -> -1
2022-09-28 09:58:39,524 [pool-795-thread-1] INFO  segmented.SegmentedRaftLogWorker (SegmentedRaftLogWorker.java:lambda$new$0(135)) - 80fc50c2-999b-4282-ba04-29b80da548ab@group-A60C6C98F2CD-SegmentedRaftLogWorker: safeCacheEvictIndex: setUnconditionally 0 -> -1
2022-09-28 09:58:39,524 [pool-795-thread-1] INFO  server.RaftServerConfigKeys (ConfUtils.java:logGet(46)) - raft.server.snapshot.auto.trigger.enabled = true (custom)
2022-09-28 09:58:39,524 [pool-795-thread-1] INFO  server.RaftServerConfigKeys (ConfUtils.java:logGet(46)) - raft.server.snapshot.auto.trigger.threshold = 10000 (custom)
2022-09-28 09:58:39,524 [pool-795-thread-1] INFO  server.RaftServerConfigKeys (ConfUtils.java:logGet(46)) - raft.server.snapshot.retention.file.num = 5 (custom)
2022-09-28 09:58:39,524 [pool-795-thread-1] INFO  server.RaftServerConfigKeys (ConfUtils.java:logGet(46)) - raft.server.log.purge.upto.snapshot.index = false (default)
2022-09-28 09:58:39,524 [pool-795-thread-1] INFO  server.RaftServerConfigKeys (ConfUtils.java:logGet(46)) - raft.server.retrycache.expirytime = 600000ms (custom)
2022-09-28 09:58:39,524 [pool-795-thread-1] INFO  server.RaftServerConfigKeys (ConfUtils.java:logGet(46)) - raft.server.retrycache.statistics.expirytime = 100μs (default)
2022-09-28 09:58:39,529 [pool-795-thread-1] INFO  server.RaftServerConfigKeys (ConfUtils.java:logGet(46)) - raft.server.log.appender.install.snapshot.enabled = false (custom)
2022-09-28 09:58:39,529 [pool-795-thread-1] INFO  server.RaftServerConfigKeys (ConfUtils.java:logGet(46)) - raft.server.threadpool.server.cached = true (default)
2022-09-28 09:58:39,529 [pool-795-thread-1] INFO  server.RaftServerConfigKeys (ConfUtils.java:logGet(46)) - raft.server.threadpool.server.size = 0 (default)
2022-09-28 09:58:39,529 [pool-795-thread-1] INFO  server.RaftServerConfigKeys (ConfUtils.java:logGet(46)) - raft.server.threadpool.client.cached = true (default)
2022-09-28 09:58:39,529 [pool-795-thread-1] INFO  server.RaftServerConfigKeys (ConfUtils.java:logGet(46)) - raft.server.threadpool.client.size = 0 (default)
2022-09-28 09:58:39,529 [pool-795-thread-1] INFO  server.RaftServer$Division (RaftServerImpl.java:start(310)) - 80fc50c2-999b-4282-ba04-29b80da548ab@group-A60C6C98F2CD: start as a follower, conf=-1: [80fc50c2-999b-4282-ba04-29b80da548ab|rpc:10.1.1.21:45007|priority:1], old=null
2022-09-28 09:58:39,529 [pool-795-thread-1] INFO  server.RaftServer$Division (RaftServerImpl.java:setRole(299)) - 80fc50c2-999b-4282-ba04-29b80da548ab@group-A60C6C98F2CD: changes role from      null to FOLLOWER at term 0 for startAsFollower
2022-09-28 09:58:39,530 [pool-795-thread-1] INFO  impl.RoleInfo (RoleInfo.java:updateAndGet(139)) - 80fc50c2-999b-4282-ba04-29b80da548ab: start 80fc50c2-999b-4282-ba04-29b80da548ab@group-A60C6C98F2CD-FollowerState
2022-09-28 09:58:39,541 [pool-795-thread-1] INFO  util.JmxRegister (JmxRegister.java:tryRegister(44)) - Successfully registered JMX Bean with object name Ratis:service=RaftServer,group=group-A60C6C98F2CD,id=80fc50c2-999b-4282-ba04-29b80da548ab
2022-09-28 09:58:39,547 [Command processor thread] INFO  ratis.XceiverServerRatis (XceiverServerRatis.java:addGroup(765)) - Created group PipelineID=d48f3b33-71a7-40ce-9571-a60c6c98f2cd
2022-09-28 09:58:39,547 [Command processor thread] INFO  commandhandler.CreatePipelineCommandHandler (CreatePipelineCommandHandler.java:handle(113)) - Created Pipeline RATIS ONE PipelineID=d48f3b33-71a7-40ce-9571-a60c6c98f2cd.
2022-09-28 09:58:39,574 [EventQueue-PipelineReportForPipelineReportHandler] INFO  pipeline.PipelineManagerImpl (PipelineManagerImpl.java:openPipeline(367)) - Pipeline Pipeline[ Id: d48f3b33-71a7-40ce-9571-a60c6c98f2cd, Nodes: 80fc50c2-999b-4282-ba04-29b80da548ab{ip: 10.1.1.21, host: fv-az204-790.d0ggoinxmwcejgojbuqly40l0e.cx.internal.cloudapp.net, ports: [REPLICATION=35443, RATIS=45007, RATIS_ADMIN=45007, RATIS_SERVER=45007, STANDALONE=35327], networkLocation: /default-rack, certSerialId: null, persistedOpState: IN_SERVICE, persistedOpStateExpiryEpochSec: 0}, ReplicationConfig: RATIS/ONE, State:ALLOCATED, leaderId:80fc50c2-999b-4282-ba04-29b80da548ab, CreationTimestamp2022-09-28T09:58:36.541Z[Etc/UTC]] moved to OPEN state
2022-09-28 09:58:39,574 [IPC Server handler 12 on default port 36561] INFO  net.NetworkTopologyImpl (NetworkTopologyImpl.java:add(112)) - Added a new node: /default-rack/fa5dce8c-80cb-4c43-9e0a-2a910fa20985
2022-09-28 09:58:39,574 [IPC Server handler 12 on default port 36561] INFO  node.SCMNodeManager (SCMNodeManager.java:register(397)) - Registered Data node : fa5dce8c-80cb-4c43-9e0a-2a910fa20985{ip: 10.1.1.21, host: fv-az204-790.d0ggoinxmwcejgojbuqly40l0e.cx.internal.cloudapp.net, ports: [REPLICATION=37109, RATIS=40407, RATIS_ADMIN=40407, RATIS_SERVER=40407, STANDALONE=41339], networkLocation: /default-rack, certSerialId: null, persistedOpState: null, persistedOpStateExpiryEpochSec: 0}
2022-09-28 09:58:39,574 [EventQueue-NewNodeForNewNodeHandler] INFO  pipeline.BackgroundPipelineCreator (BackgroundPipelineCreator.java:notifyEventTriggered(276)) - trigger a one-shot run on RatisPipelineUtilsThread.
2022-09-28 09:58:39,576 [RatisPipelineUtilsThread - 0] INFO  pipeline.RatisPipelineProvider (RatisPipelineProvider.java:lambda$create$0(195)) - Sending CreatePipelineCommand for pipeline:PipelineID=02d43fd1-4f9f-4161-b83e-fa97bd08ea35 to datanode:fa5dce8c-80cb-4c43-9e0a-2a910fa20985
2022-09-28 09:58:39,577 [RatisPipelineUtilsThread - 0] INFO  pipeline.PipelineStateManagerImpl (PipelineStateManagerImpl.java:addPipeline(103)) - Created pipeline Pipeline[ Id: 02d43fd1-4f9f-4161-b83e-fa97bd08ea35, Nodes: fa5dce8c-80cb-4c43-9e0a-2a910fa20985{ip: 10.1.1.21, host: fv-az204-790.d0ggoinxmwcejgojbuqly40l0e.cx.internal.cloudapp.net, ports: [REPLICATION=37109, RATIS=40407, RATIS_ADMIN=40407, RATIS_SERVER=40407, STANDALONE=41339], networkLocation: /default-rack, certSerialId: null, persistedOpState: IN_SERVICE, persistedOpStateExpiryEpochSec: 0}, ReplicationConfig: RATIS/ONE, State:ALLOCATED, leaderId:, CreationTimestamp2022-09-28T09:58:39.576Z[Etc/UTC]].
2022-09-28 09:58:39,605 [EventQueue-NodeRegistrationContainerReportForDataNodeSafeModeRule] INFO  safemode.SCMSafeModeManager (DataNodeSafeModeRule.java:process(71)) - SCM in safe mode. 3 DataNodes registered, 3 required.
2022-09-28 09:58:39,605 [EventQueue-NodeRegistrationContainerReportForDataNodeSafeModeRule] INFO  safemode.SCMSafeModeManager (SCMSafeModeManager.java:validateSafeModeExitRules(204)) - DataNodeSafeModeRule rule is successfully validated
2022-09-28 09:58:39,605 [EventQueue-NodeRegistrationContainerReportForDataNodeSafeModeRule] INFO  safemode.SCMSafeModeManager (SCMSafeModeManager.java:completePreCheck(233)) - All SCM safe mode pre check rules have passed
2022-09-28 09:58:39,605 [EventQueue-NodeRegistrationContainerReportForDataNodeSafeModeRule] WARN  events.EventQueue (EventQueue.java:fireEvent(216)) - No event handler registered for event TypedEvent{payloadType=SafeModeStatus, name='Safe mode status'}
2022-09-28 09:58:39,605 [EventQueue-NodeRegistrationContainerReportForDataNodeSafeModeRule] INFO  ha.SCMContext (SCMContext.java:updateSafeModeStatus(228)) - Update SafeModeStatus from SafeModeStatus{safeModeStatus=true, preCheckPassed=false} to SafeModeStatus{safeModeStatus=true, preCheckPassed=true}.
2022-09-28 09:58:39,605 [EventQueue-NodeRegistrationContainerReportForDataNodeSafeModeRule] INFO  pipeline.BackgroundPipelineCreator (BackgroundPipelineCreator.java:notifyEventTriggered(276)) - trigger a one-shot run on RatisPipelineUtilsThread.
2022-09-28 09:58:39,606 [RatisPipelineUtilsThread - 0] INFO  pipeline.RatisPipelineProvider (RatisPipelineProvider.java:lambda$create$0(195)) - Sending CreatePipelineCommand for pipeline:PipelineID=a67a74ce-c061-484f-9227-fca6f6639a68 to datanode:80fc50c2-999b-4282-ba04-29b80da548ab
2022-09-28 09:58:39,674 [RatisPipelineUtilsThread - 0] INFO  pipeline.RatisPipelineProvider (RatisPipelineProvider.java:lambda$create$0(195)) - Sending CreatePipelineCommand for pipeline:PipelineID=a67a74ce-c061-484f-9227-fca6f6639a68 to datanode:fa5dce8c-80cb-4c43-9e0a-2a910fa20985
2022-09-28 09:58:39,674 [RatisPipelineUtilsThread - 0] INFO  pipeline.RatisPipelineProvider (RatisPipelineProvider.java:lambda$create$0(195)) - Sending CreatePipelineCommand for pipeline:PipelineID=a67a74ce-c061-484f-9227-fca6f6639a68 to datanode:9e9c1c6a-451f-46d5-9738-b004dc1aedb2
2022-09-28 09:58:39,674 [RatisPipelineUtilsThread - 0] INFO  pipeline.PipelineStateManagerImpl (PipelineStateManagerImpl.java:addPipeline(103)) - Created pipeline Pipeline[ Id: a67a74ce-c061-484f-9227-fca6f6639a68, Nodes: 80fc50c2-999b-4282-ba04-29b80da548ab{ip: 10.1.1.21, host: fv-az204-790.d0ggoinxmwcejgojbuqly40l0e.cx.internal.cloudapp.net, ports: [REPLICATION=35443, RATIS=45007, RATIS_ADMIN=45007, RATIS_SERVER=45007, STANDALONE=35327], networkLocation: /default-rack, certSerialId: null, persistedOpState: IN_SERVICE, persistedOpStateExpiryEpochSec: 0}fa5dce8c-80cb-4c43-9e0a-2a910fa20985{ip: 10.1.1.21, host: fv-az204-790.d0ggoinxmwcejgojbuqly40l0e.cx.internal.cloudapp.net, ports: [REPLICATION=37109, RATIS=40407, RATIS_ADMIN=40407, RATIS_SERVER=40407, STANDALONE=41339], networkLocation: /default-rack, certSerialId: null, persistedOpState: IN_SERVICE, persistedOpStateExpiryEpochSec: 0}9e9c1c6a-451f-46d5-9738-b004dc1aedb2{ip: 10.1.1.21, host: fv-az204-790.d0ggoinxmwcejgojbuqly40l0e.cx.internal.cloudapp.net, ports: [REPLICATION=44767, RATIS=38097, RATIS_ADMIN=38097, RATIS_SERVER=38097, STANDALONE=34747], networkLocation: /default-rack, certSerialId: null, persistedOpState: IN_SERVICE, persistedOpStateExpiryEpochSec: 0}, ReplicationConfig: RATIS/THREE, State:ALLOCATED, leaderId:, CreationTimestamp2022-09-28T09:58:39.606Z[Etc/UTC]].
2022-09-28 09:58:39,674 [RatisPipelineUtilsThread - 0] INFO  pipeline.RatisPipelineProvider (RatisPipelineProvider.java:lambda$create$0(195)) - Sending CreatePipelineCommand for pipeline:PipelineID=762c2707-515e-4df9-a84e-381876c73b41 to datanode:80fc50c2-999b-4282-ba04-29b80da548ab
2022-09-28 09:58:39,674 [RatisPipelineUtilsThread - 0] INFO  pipeline.RatisPipelineProvider (RatisPipelineProvider.java:lambda$create$0(195)) - Sending CreatePipelineCommand for pipeline:PipelineID=762c2707-515e-4df9-a84e-381876c73b41 to datanode:fa5dce8c-80cb-4c43-9e0a-2a910fa20985
2022-09-28 09:58:39,674 [RatisPipelineUtilsThread - 0] INFO  pipeline.RatisPipelineProvider (RatisPipelineProvider.java:lambda$create$0(195)) - Sending CreatePipelineCommand for pipeline:PipelineID=762c2707-515e-4df9-a84e-381876c73b41 to datanode:9e9c1c6a-451f-46d5-9738-b004dc1aedb2
2022-09-28 09:58:39,674 [RatisPipelineUtilsThread - 0] INFO  pipeline.PipelineStateManagerImpl (PipelineStateManagerImpl.java:addPipeline(103)) - Created pipeline Pipeline[ Id: 762c2707-515e-4df9-a84e-381876c73b41, Nodes: 80fc50c2-999b-4282-ba04-29b80da548ab{ip: 10.1.1.21, host: fv-az204-790.d0ggoinxmwcejgojbuqly40l0e.cx.internal.cloudapp.net, ports: [REPLICATION=35443, RATIS=45007, RATIS_ADMIN=45007, RATIS_SERVER=45007, STANDALONE=35327], networkLocation: /default-rack, certSerialId: null, persistedOpState: IN_SERVICE, persistedOpStateExpiryEpochSec: 0}fa5dce8c-80cb-4c43-9e0a-2a910fa20985{ip: 10.1.1.21, host: fv-az204-790.d0ggoinxmwcejgojbuqly40l0e.cx.internal.cloudapp.net, ports: [REPLICATION=37109, RATIS=40407, RATIS_ADMIN=40407, RATIS_SERVER=40407, STANDALONE=41339], networkLocation: /default-rack, certSerialId: null, persistedOpState: IN_SERVICE, persistedOpStateExpiryEpochSec: 0}9e9c1c6a-451f-46d5-9738-b004dc1aedb2{ip: 10.1.1.21, host: fv-az204-790.d0ggoinxmwcejgojbuqly40l0e.cx.internal.cloudapp.net, ports: [REPLICATION=44767, RATIS=38097, RATIS_ADMIN=38097, RATIS_SERVER=38097, STANDALONE=34747], networkLocation: /default-rack, certSerialId: null, persistedOpState: IN_SERVICE, persistedOpStateExpiryEpochSec: 0}, ReplicationConfig: RATIS/THREE, State:ALLOCATED, leaderId:, CreationTimestamp2022-09-28T09:58:39.674Z[Etc/UTC]].
2022-09-28 09:58:39,675 [RatisPipelineUtilsThread - 0] INFO  pipeline.PipelineManagerImpl (PipelineManagerImpl.java:recordMetricsForPipeline(796)) - Pipeline: PipelineID=762c2707-515e-4df9-a84e-381876c73b41 contains same datanodes as previous pipelines: PipelineID=a67a74ce-c061-484f-9227-fca6f6639a68 nodeIds: 80fc50c2-999b-4282-ba04-29b80da548ab, fa5dce8c-80cb-4c43-9e0a-2a910fa20985, 9e9c1c6a-451f-46d5-9738-b004dc1aedb2
2022-09-28 09:58:39,673 [EventQueue-OpenPipelineForHealthyPipelineSafeModeRule] INFO  safemode.SCMSafeModeManager (HealthyPipelineSafeModeRule.java:process(137)) - SCM in safe mode. Healthy pipelines reported count is 0, required healthy pipeline reported count is 1
2022-09-28 09:58:39,672 [EndpointStateMachine task thread for /0.0.0.0:36561 - 0 ] INFO  volume.HddsVolume (HddsVolume.java:createDbStore(307)) - SchemaV3 db is created and loaded at /home/runner/work/ozone/ozone/hadoop-ozone/integration-test/target/test-dir/MiniOzoneClusterImpl-010780ea-650b-44a2-9cb2-deec812f3cdf/datanode-3/data-0/containers/hdds/010780ea-650b-44a2-9cb2-deec812f3cdf/DS-4c35f452-fafc-495a-a482-4d4032aca569/container.db for volume DS-4c35f452-fafc-495a-a482-4d4032aca569
2022-09-28 09:58:39,682 [EndpointStateMachine task thread for /0.0.0.0:36561 - 0 ] INFO  volume.HddsVolume (HddsVolume.java:closeDbStore(338)) - SchemaV3 db is stopped at /home/runner/work/ozone/ozone/hadoop-ozone/integration-test/target/test-dir/MiniOzoneClusterImpl-010780ea-650b-44a2-9cb2-deec812f3cdf/datanode-3/data-0/containers/hdds/010780ea-650b-44a2-9cb2-deec812f3cdf/DS-4c35f452-fafc-495a-a482-4d4032aca569/container.db for volume DS-4c35f452-fafc-495a-a482-4d4032aca569
2022-09-28 09:58:39,682 [EndpointStateMachine task thread for /0.0.0.0:36561 - 0 ] INFO  ozoneimpl.OzoneContainer (OzoneContainer.java:start(378)) - Attempting to start container services.
2022-09-28 09:58:39,682 [EndpointStateMachine task thread for /0.0.0.0:36561 - 0 ] INFO  ozoneimpl.OzoneContainer (OzoneContainer.java:startContainerScrub(313)) - Background container scanner has been disabled.
2022-09-28 09:58:39,693 [EndpointStateMachine task thread for /0.0.0.0:36561 - 0 ] INFO  replication.ReplicationServer (ReplicationServer.java:start(111)) - ReplicationServer is started using port 35305
2022-09-28 09:58:39,693 [EndpointStateMachine task thread for /0.0.0.0:36561 - 0 ] INFO  ratis.XceiverServerRatis (XceiverServerRatis.java:start(481)) - Starting XceiverServerRatis 44e4ad90-3045-4837-8321-a98dd49203be
2022-09-28 09:58:39,694 [EndpointStateMachine task thread for /0.0.0.0:36561 - 0 ] INFO  server.RaftServer (RaftServerProxy.java:lambda$start$6(382)) - 44e4ad90-3045-4837-8321-a98dd49203be: start RPC server
2022-09-28 09:58:39,698 [EndpointStateMachine task thread for /0.0.0.0:36561 - 0 ] INFO  server.GrpcService (GrpcService.java:startImpl(260)) - 44e4ad90-3045-4837-8321-a98dd49203be: GrpcService started, listening on 45577
2022-09-28 09:58:39,698 [EndpointStateMachine task thread for /0.0.0.0:36561 - 0 ] INFO  ratis.XceiverServerRatis (XceiverServerRatis.java:getRealPort(502)) - XceiverServerRatis 44e4ad90-3045-4837-8321-a98dd49203be is started using port 45577 for RATIS
2022-09-28 09:58:39,698 [EndpointStateMachine task thread for /0.0.0.0:36561 - 0 ] INFO  ratis.XceiverServerRatis (XceiverServerRatis.java:getRealPort(502)) - XceiverServerRatis 44e4ad90-3045-4837-8321-a98dd49203be is started using port 45577 for RATIS_ADMIN
2022-09-28 09:58:39,698 [EndpointStateMachine task thread for /0.0.0.0:36561 - 0 ] INFO  ratis.XceiverServerRatis (XceiverServerRatis.java:getRealPort(502)) - XceiverServerRatis 44e4ad90-3045-4837-8321-a98dd49203be is started using port 45577 for RATIS_SERVER
2022-09-28 09:58:39,698 [org.apache.ratis.util.JvmPauseMonitor$$Lambda$634/511600595@78c7149a] INFO  util.JvmPauseMonitor (JvmPauseMonitor.java:run(103)) - JvmPauseMonitor-44e4ad90-3045-4837-8321-a98dd49203be: Started
2022-09-28 09:58:39,749 [EndpointStateMachine task thread for /0.0.0.0:36561 - 0 ] INFO  server.XceiverServerGrpc (XceiverServerGrpc.java:start(180)) - XceiverServerGrpc 44e4ad90-3045-4837-8321-a98dd49203be is started using port 34865
2022-09-28 09:58:39,945 [Listener at 127.0.0.1/38925] INFO  ozone.MiniOzoneClusterImpl (MiniOzoneClusterImpl.java:lambda$waitForClusterToBeReady$0(216)) - Waiting for nodes to be ready. Got 3 of 5 DN Heartbeats.
2022-09-28 09:58:39,945 [Listener at 127.0.0.1/38925] INFO  ozone.MiniOzoneClusterImpl (MiniOzoneClusterImpl.java:lambda$waitForClusterToBeReady$0(219)) - Waiting for cluster to exit safe mode
2022-09-28 09:58:39,945 [Listener at 127.0.0.1/38925] INFO  ozone.MiniOzoneClusterImpl (MiniOzoneClusterImpl.java:lambda$waitForClusterToBeReady$0(221)) - SCM became leader
2022-09-28 09:58:40,692 [Command processor thread] INFO  server.RaftServer (RaftServerProxy.java:addNew(96)) - 9e9c1c6a-451f-46d5-9738-b004dc1aedb2: addNew group-8D6C39D23C51:[9e9c1c6a-451f-46d5-9738-b004dc1aedb2|rpc:10.1.1.21:38097|priority:1] returns group-8D6C39D23C51:java.util.concurrent.CompletableFuture@48f45bdc[Not completed]
2022-09-28 09:58:40,693 [pool-818-thread-1] INFO  server.RaftServer$Division (RaftServerImpl.java:<init>(190)) - 9e9c1c6a-451f-46d5-9738-b004dc1aedb2: new RaftServerImpl for group-8D6C39D23C51:[9e9c1c6a-451f-46d5-9738-b004dc1aedb2|rpc:10.1.1.21:38097|priority:1] with ContainerStateMachine:uninitialized
2022-09-28 09:58:40,693 [pool-818-thread-1] INFO  server.RaftServerConfigKeys (ConfUtils.java:logGet(46)) - raft.server.rpc.timeout.min = 5s (custom)
2022-09-28 09:58:40,693 [pool-818-thread-1] INFO  server.RaftServerConfigKeys (ConfUtils.java:logGet(46)) - raft.server.rpc.timeout.max = 5200ms (custom)
2022-09-28 09:58:40,693 [pool-818-thread-1] INFO  server.RaftServerConfigKeys (ConfUtils.java:logGet(46)) - raft.server.rpc.sleep.time = 25ms (default)
2022-09-28 09:58:40,693 [pool-818-thread-1] INFO  server.RaftServerConfigKeys (ConfUtils.java:logGet(46)) - raft.server.rpc.slowness.timeout = 300s (custom)
2022-09-28 09:58:40,693 [pool-818-thread-1] INFO  server.RaftServerConfigKeys (ConfUtils.java:logGet(46)) - raft.server.leaderelection.leader.step-down.wait-time = 10s (default)
2022-09-28 09:58:40,693 [pool-818-thread-1] INFO  server.RaftServerConfigKeys (ConfUtils.java:logGet(46)) - raft.server.sleep.deviation.threshold = 300ms (default)
2022-09-28 09:58:40,693 [pool-818-thread-1] INFO  server.RaftServer$Division (ServerState.java:<init>(107)) - 9e9c1c6a-451f-46d5-9738-b004dc1aedb2@group-8D6C39D23C51: ConfigurationManager, init=-1: [9e9c1c6a-451f-46d5-9738-b004dc1aedb2|rpc:10.1.1.21:38097|priority:1], old=null, confs=<EMPTY_MAP>
2022-09-28 09:58:40,693 [pool-818-thread-1] INFO  server.RaftServerConfigKeys (ConfUtils.java:logGet(46)) - raft.server.storage.dir = [/home/runner/work/ozone/ozone/hadoop-ozone/integration-test/target/test-dir/MiniOzoneClusterImpl-010780ea-650b-44a2-9cb2-deec812f3cdf/datanode-1/data/ratis] (custom)
2022-09-28 09:58:40,694 [pool-818-thread-1] INFO  server.RaftServerConfigKeys (ConfUtils.java:logGet(46)) - raft.server.log.corruption.policy = EXCEPTION (default)
2022-09-28 09:58:40,694 [pool-818-thread-1] INFO  server.RaftServerConfigKeys (ConfUtils.java:logGet(46)) - raft.server.storage.free-space.min = 0MB (=0) (default)
2022-09-28 09:58:40,694 [pool-818-thread-1] INFO  storage.RaftStorageDirectory (RaftStorageDirectoryImpl.java:analyzeStorage(135)) - The storage directory /home/runner/work/ozone/ozone/hadoop-ozone/integration-test/target/test-dir/MiniOzoneClusterImpl-010780ea-650b-44a2-9cb2-deec812f3cdf/datanode-1/data/ratis/cf0210a5-3499-4a4b-8571-8d6c39d23c51 does not exist. Creating ...
2022-09-28 09:58:40,741 [pool-818-thread-1] INFO  storage.RaftStorageDirectory (RaftStorageDirectoryImpl.java:tryLock(230)) - Lock on /home/runner/work/ozone/ozone/hadoop-ozone/integration-test/target/test-dir/MiniOzoneClusterImpl-010780ea-650b-44a2-9cb2-deec812f3cdf/datanode-1/data/ratis/cf0210a5-3499-4a4b-8571-8d6c39d23c51/in_use.lock acquired by nodename 12863@fv-az204-790
2022-09-28 09:58:40,770 [pool-818-thread-1] INFO  storage.RaftStorage (RaftStorageImpl.java:format(89)) - Storage directory /home/runner/work/ozone/ozone/hadoop-ozone/integration-test/target/test-dir/MiniOzoneClusterImpl-010780ea-650b-44a2-9cb2-deec812f3cdf/datanode-1/data/ratis/cf0210a5-3499-4a4b-8571-8d6c39d23c51 has been successfully formatted.
2022-09-28 09:58:40,778 [pool-818-thread-1] INFO  ratis.ContainerStateMachine (ContainerStateMachine.java:loadSnapshot(236)) - group-8D6C39D23C51: The snapshot info is null. Setting the last applied indexto:(t:0, i:~)
2022-09-28 09:58:40,778 [pool-818-thread-1] INFO  server.RaftServerConfigKeys (ConfUtils.java:logGet(46)) - raft.server.notification.no-leader.timeout = 300s (custom)
2022-09-28 09:58:40,778 [pool-818-thread-1] INFO  server.RaftServerConfigKeys (ConfUtils.java:logGet(46)) - raft.server.log.use.memory = false (default)
2022-09-28 09:58:40,778 [pool-818-thread-1] INFO  server.RaftServerConfigKeys (ConfUtils.java:logGet(46)) - raft.server.log.purge.gap = 1000000 (custom)
2022-09-28 09:58:40,778 [pool-818-thread-1] INFO  server.RaftServerConfigKeys (ConfUtils.java:logGet(46)) - raft.server.log.appender.buffer.byte-limit = 33554432 (custom)
2022-09-28 09:58:40,778 [pool-818-thread-1] INFO  server.RaftServerConfigKeys (ConfUtils.java:logGet(46)) - raft.server.log.statemachine.data.read.timeout = 1000ms (default)
2022-09-28 09:58:40,778 [pool-818-thread-1] INFO  server.RaftServerConfigKeys (ConfUtils.java:logGet(46)) - raft.server.log.segment.size.max = 1048576 (custom)
2022-09-28 09:58:40,779 [pool-818-thread-1] INFO  server.RaftServerConfigKeys (ConfUtils.java:logGet(46)) - raft.server.log.segment.cache.num.max = 2 (custom)
2022-09-28 09:58:40,779 [pool-818-thread-1] INFO  server.RaftServerConfigKeys (ConfUtils.java:logGet(46)) - raft.server.log.segment.cache.size.max = 200MB (=209715200) (default)
2022-09-28 09:58:40,779 [pool-818-thread-1] INFO  segmented.SegmentedRaftLogWorker (SegmentedRaftLogWorker.java:<init>(187)) - new 9e9c1c6a-451f-46d5-9738-b004dc1aedb2@group-8D6C39D23C51-SegmentedRaftLogWorker for RaftStorageImpl:Storage Directory /home/runner/work/ozone/ozone/hadoop-ozone/integration-test/target/test-dir/MiniOzoneClusterImpl-010780ea-650b-44a2-9cb2-deec812f3cdf/datanode-1/data/ratis/cf0210a5-3499-4a4b-8571-8d6c39d23c51
2022-09-28 09:58:40,779 [pool-818-thread-1] INFO  server.RaftServerConfigKeys (ConfUtils.java:logGet(46)) - raft.server.log.queue.byte-limit = 4294967296 (custom)
2022-09-28 09:58:40,779 [pool-818-thread-1] INFO  server.RaftServerConfigKeys (ConfUtils.java:logGet(46)) - raft.server.log.queue.element-limit = 1024 (custom)
2022-09-28 09:58:40,779 [pool-818-thread-1] INFO  server.RaftServerConfigKeys (ConfUtils.java:logGet(46)) - raft.server.log.segment.size.max = 1048576 (custom)
2022-09-28 09:58:40,779 [pool-818-thread-1] INFO  server.RaftServerConfigKeys (ConfUtils.java:logGet(46)) - raft.server.log.preallocated.size = 16384 (custom)
2022-09-28 09:58:40,779 [pool-818-thread-1] INFO  server.RaftServerConfigKeys (ConfUtils.java:logGet(46)) - raft.server.log.force.sync.num = 128 (default)
2022-09-28 09:58:40,779 [pool-818-thread-1] INFO  server.RaftServerConfigKeys (ConfUtils.java:logGet(46)) - raft.server.log.statemachine.data.sync = true (default)
2022-09-28 09:58:40,779 [pool-818-thread-1] INFO  server.RaftServerConfigKeys (ConfUtils.java:logGet(46)) - raft.server.log.statemachine.data.sync.timeout = 10s (default)
2022-09-28 09:58:40,779 [pool-818-thread-1] INFO  server.RaftServerConfigKeys (ConfUtils.java:logGet(46)) - raft.server.log.statemachine.data.sync.timeout.retry = -1 (default)
2022-09-28 09:58:40,780 [pool-818-thread-1] INFO  server.RaftServerConfigKeys (ConfUtils.java:logGet(46)) - raft.server.log.write.buffer.size = 1048576 (custom)
2022-09-28 09:58:40,780 [pool-818-thread-1] INFO  server.RaftServerConfigKeys (ConfUtils.java:logGet(46)) - raft.server.log.unsafe-flush.enabled = false (default)
2022-09-28 09:58:40,780 [pool-818-thread-1] INFO  server.RaftServerConfigKeys (ConfUtils.java:logGet(46)) - raft.server.log.statemachine.data.caching.enabled = true (custom)
2022-09-28 09:58:40,780 [pool-818-thread-1] INFO  segmented.SegmentedRaftLogWorker (SegmentedRaftLogWorker.java:lambda$new$0(135)) - 9e9c1c6a-451f-46d5-9738-b004dc1aedb2@group-8D6C39D23C51-SegmentedRaftLogWorker: flushIndex: setUnconditionally 0 -> -1
2022-09-28 09:58:40,784 [pool-818-thread-1] INFO  segmented.SegmentedRaftLogWorker (SegmentedRaftLogWorker.java:lambda$new$0(135)) - 9e9c1c6a-451f-46d5-9738-b004dc1aedb2@group-8D6C39D23C51-SegmentedRaftLogWorker: safeCacheEvictIndex: setUnconditionally 0 -> -1
2022-09-28 09:58:40,784 [EventQueue-PipelineReportForPipelineReportHandler] INFO  pipeline.PipelineManagerImpl (PipelineManagerImpl.java:openPipeline(367)) - Pipeline Pipeline[ Id: cf0210a5-3499-4a4b-8571-8d6c39d23c51, Nodes: 9e9c1c6a-451f-46d5-9738-b004dc1aedb2{ip: 10.1.1.21, host: fv-az204-790.d0ggoinxmwcejgojbuqly40l0e.cx.internal.cloudapp.net, ports: [REPLICATION=44767, RATIS=38097, RATIS_ADMIN=38097, RATIS_SERVER=38097, STANDALONE=34747], networkLocation: /default-rack, certSerialId: null, persistedOpState: IN_SERVICE, persistedOpStateExpiryEpochSec: 0}, ReplicationConfig: RATIS/ONE, State:ALLOCATED, leaderId:9e9c1c6a-451f-46d5-9738-b004dc1aedb2, CreationTimestamp2022-09-28T09:58:37.703Z[Etc/UTC]] moved to OPEN state
2022-09-28 09:58:40,791 [pool-818-thread-1] INFO  server.RaftServerConfigKeys (ConfUtils.java:logGet(46)) - raft.server.snapshot.auto.trigger.enabled = true (custom)
2022-09-28 09:58:40,791 [pool-818-thread-1] INFO  server.RaftServerConfigKeys (ConfUtils.java:logGet(46)) - raft.server.snapshot.auto.trigger.threshold = 10000 (custom)
2022-09-28 09:58:40,791 [pool-818-thread-1] INFO  server.RaftServerConfigKeys (ConfUtils.java:logGet(46)) - raft.server.snapshot.retention.file.num = 5 (custom)
2022-09-28 09:58:40,791 [pool-818-thread-1] INFO  server.RaftServerConfigKeys (ConfUtils.java:logGet(46)) - raft.server.log.purge.upto.snapshot.index = false (default)
2022-09-28 09:58:40,791 [pool-818-thread-1] INFO  server.RaftServerConfigKeys (ConfUtils.java:logGet(46)) - raft.server.retrycache.expirytime = 600000ms (custom)
2022-09-28 09:58:40,791 [pool-818-thread-1] INFO  server.RaftServerConfigKeys (ConfUtils.java:logGet(46)) - raft.server.retrycache.statistics.expirytime = 100μs (default)
2022-09-28 09:58:40,793 [pool-818-thread-1] INFO  server.RaftServerConfigKeys (ConfUtils.java:logGet(46)) - raft.server.log.appender.install.snapshot.enabled = false (custom)
2022-09-28 09:58:40,793 [pool-818-thread-1] INFO  server.RaftServerConfigKeys (ConfUtils.java:logGet(46)) - raft.server.threadpool.server.cached = true (default)
2022-09-28 09:58:40,793 [pool-818-thread-1] INFO  server.RaftServerConfigKeys (ConfUtils.java:logGet(46)) - raft.server.threadpool.server.size = 0 (default)
2022-09-28 09:58:40,793 [pool-818-thread-1] INFO  server.RaftServerConfigKeys (ConfUtils.java:logGet(46)) - raft.server.threadpool.client.cached = true (default)
2022-09-28 09:58:40,793 [pool-818-thread-1] INFO  server.RaftServerConfigKeys (ConfUtils.java:logGet(46)) - raft.server.threadpool.client.size = 0 (default)
2022-09-28 09:58:40,793 [pool-818-thread-1] INFO  server.RaftServer$Division (RaftServerImpl.java:start(310)) - 9e9c1c6a-451f-46d5-9738-b004dc1aedb2@group-8D6C39D23C51: start as a follower, conf=-1: [9e9c1c6a-451f-46d5-9738-b004dc1aedb2|rpc:10.1.1.21:38097|priority:1], old=null
2022-09-28 09:58:40,793 [pool-818-thread-1] INFO  server.RaftServer$Division (RaftServerImpl.java:setRole(299)) - 9e9c1c6a-451f-46d5-9738-b004dc1aedb2@group-8D6C39D23C51: changes role from      null to FOLLOWER at term 0 for startAsFollower
2022-09-28 09:58:40,793 [pool-818-thread-1] INFO  impl.RoleInfo (RoleInfo.java:updateAndGet(139)) - 9e9c1c6a-451f-46d5-9738-b004dc1aedb2: start 9e9c1c6a-451f-46d5-9738-b004dc1aedb2@group-8D6C39D23C51-FollowerState
2022-09-28 09:58:40,794 [pool-818-thread-1] INFO  util.JmxRegister (JmxRegister.java:tryRegister(44)) - Successfully registered JMX Bean with object name Ratis:service=RaftServer,group=group-8D6C39D23C51,id=9e9c1c6a-451f-46d5-9738-b004dc1aedb2
2022-09-28 09:58:40,800 [Command processor thread] INFO  ratis.XceiverServerRatis (XceiverServerRatis.java:addGroup(765)) - Created group PipelineID=cf0210a5-3499-4a4b-8571-8d6c39d23c51
2022-09-28 09:58:40,809 [Command processor thread] INFO  commandhandler.CreatePipelineCommandHandler (CreatePipelineCommandHandler.java:handle(113)) - Created Pipeline RATIS ONE PipelineID=cf0210a5-3499-4a4b-8571-8d6c39d23c51.
2022-09-28 09:58:40,809 [Command processor thread] INFO  server.RaftServer (RaftServerProxy.java:addNew(96)) - 9e9c1c6a-451f-46d5-9738-b004dc1aedb2: addNew group-FCA6F6639A68:[fa5dce8c-80cb-4c43-9e0a-2a910fa20985|rpc:10.1.1.21:40407|priority:0, 9e9c1c6a-451f-46d5-9738-b004dc1aedb2|rpc:10.1.1.21:38097|priority:0, 80fc50c2-999b-4282-ba04-29b80da548ab|rpc:10.1.1.21:45007|priority:1] returns group-FCA6F6639A68:java.util.concurrent.CompletableFuture@4ccbc61a[Not completed]
2022-09-28 09:58:40,810 [pool-818-thread-1] INFO  server.RaftServer$Division (RaftServerImpl.java:<init>(190)) - 9e9c1c6a-451f-46d5-9738-b004dc1aedb2: new RaftServerImpl for group-FCA6F6639A68:[fa5dce8c-80cb-4c43-9e0a-2a910fa20985|rpc:10.1.1.21:40407|priority:0, 9e9c1c6a-451f-46d5-9738-b004dc1aedb2|rpc:10.1.1.21:38097|priority:0, 80fc50c2-999b-4282-ba04-29b80da548ab|rpc:10.1.1.21:45007|priority:1] with ContainerStateMachine:uninitialized
2022-09-28 09:58:40,810 [pool-818-thread-1] INFO  server.RaftServerConfigKeys (ConfUtils.java:logGet(46)) - raft.server.rpc.timeout.min = 5s (custom)
2022-09-28 09:58:40,810 [pool-818-thread-1] INFO  server.RaftServerConfigKeys (ConfUtils.java:logGet(46)) - raft.server.rpc.timeout.max = 5200ms (custom)
2022-09-28 09:58:40,810 [pool-818-thread-1] INFO  server.RaftServerConfigKeys (ConfUtils.java:logGet(46)) - raft.server.rpc.sleep.time = 25ms (default)
2022-09-28 09:58:40,810 [pool-818-thread-1] INFO  server.RaftServerConfigKeys (ConfUtils.java:logGet(46)) - raft.server.rpc.slowness.timeout = 300s (custom)
2022-09-28 09:58:40,810 [pool-818-thread-1] INFO  server.RaftServerConfigKeys (ConfUtils.java:logGet(46)) - raft.server.leaderelection.leader.step-down.wait-time = 10s (default)
2022-09-28 09:58:40,810 [pool-818-thread-1] INFO  server.RaftServerConfigKeys (ConfUtils.java:logGet(46)) - raft.server.sleep.deviation.threshold = 300ms (default)
2022-09-28 09:58:40,810 [pool-818-thread-1] INFO  server.RaftServer$Division (ServerState.java:<init>(107)) - 9e9c1c6a-451f-46d5-9738-b004dc1aedb2@group-FCA6F6639A68: ConfigurationManager, init=-1: [fa5dce8c-80cb-4c43-9e0a-2a910fa20985|rpc:10.1.1.21:40407|priority:0, 9e9c1c6a-451f-46d5-9738-b004dc1aedb2|rpc:10.1.1.21:38097|priority:0, 80fc50c2-999b-4282-ba04-29b80da548ab|rpc:10.1.1.21:45007|priority:1], old=null, confs=<EMPTY_MAP>
2022-09-28 09:58:40,810 [pool-818-thread-1] INFO  server.RaftServerConfigKeys (ConfUtils.java:logGet(46)) - raft.server.storage.dir = [/home/runner/work/ozone/ozone/hadoop-ozone/integration-test/target/test-dir/MiniOzoneClusterImpl-010780ea-650b-44a2-9cb2-deec812f3cdf/datanode-1/data/ratis] (custom)
2022-09-28 09:58:40,810 [pool-818-thread-1] INFO  server.RaftServerConfigKeys (ConfUtils.java:logGet(46)) - raft.server.log.corruption.policy = EXCEPTION (default)
2022-09-28 09:58:40,810 [pool-818-thread-1] INFO  server.RaftServerConfigKeys (ConfUtils.java:logGet(46)) - raft.server.storage.free-space.min = 0MB (=0) (default)
2022-09-28 09:58:40,810 [pool-818-thread-1] INFO  storage.RaftStorageDirectory (RaftStorageDirectoryImpl.java:analyzeStorage(135)) - The storage directory /home/runner/work/ozone/ozone/hadoop-ozone/integration-test/target/test-dir/MiniOzoneClusterImpl-010780ea-650b-44a2-9cb2-deec812f3cdf/datanode-1/data/ratis/a67a74ce-c061-484f-9227-fca6f6639a68 does not exist. Creating ...
2022-09-28 09:58:40,811 [pool-818-thread-1] INFO  storage.RaftStorageDirectory (RaftStorageDirectoryImpl.java:tryLock(230)) - Lock on /home/runner/work/ozone/ozone/hadoop-ozone/integration-test/target/test-dir/MiniOzoneClusterImpl-010780ea-650b-44a2-9cb2-deec812f3cdf/datanode-1/data/ratis/a67a74ce-c061-484f-9227-fca6f6639a68/in_use.lock acquired by nodename 12863@fv-az204-790
2022-09-28 09:58:40,812 [pool-818-thread-1] INFO  storage.RaftStorage (RaftStorageImpl.java:format(89)) - Storage directory /home/runner/work/ozone/ozone/hadoop-ozone/integration-test/target/test-dir/MiniOzoneClusterImpl-010780ea-650b-44a2-9cb2-deec812f3cdf/datanode-1/data/ratis/a67a74ce-c061-484f-9227-fca6f6639a68 has been successfully formatted.
2022-09-28 09:58:40,812 [pool-818-thread-1] INFO  ratis.ContainerStateMachine (ContainerStateMachine.java:loadSnapshot(236)) - group-FCA6F6639A68: The snapshot info is null. Setting the last applied indexto:(t:0, i:~)
2022-09-28 09:58:40,812 [pool-818-thread-1] INFO  server.RaftServerConfigKeys (ConfUtils.java:logGet(46)) - raft.server.notification.no-leader.timeout = 300s (custom)
2022-09-28 09:58:40,812 [pool-818-thread-1] INFO  server.RaftServerConfigKeys (ConfUtils.java:logGet(46)) - raft.server.log.use.memory = false (default)
2022-09-28 09:58:40,812 [pool-818-thread-1] INFO  server.RaftServerConfigKeys (ConfUtils.java:logGet(46)) - raft.server.log.purge.gap = 1000000 (custom)
2022-09-28 09:58:40,812 [pool-818-thread-1] INFO  server.RaftServerConfigKeys (ConfUtils.java:logGet(46)) - raft.server.log.appender.buffer.byte-limit = 33554432 (custom)
2022-09-28 09:58:40,812 [pool-818-thread-1] INFO  server.RaftServerConfigKeys (ConfUtils.java:logGet(46)) - raft.server.log.statemachine.data.read.timeout = 1000ms (default)
2022-09-28 09:58:40,812 [pool-818-thread-1] INFO  server.RaftServerConfigKeys (ConfUtils.java:logGet(46)) - raft.server.log.segment.size.max = 1048576 (custom)
2022-09-28 09:58:40,813 [pool-818-thread-1] INFO  server.RaftServerConfigKeys (ConfUtils.java:logGet(46)) - raft.server.log.segment.cache.num.max = 2 (custom)
2022-09-28 09:58:40,813 [pool-818-thread-1] INFO  server.RaftServerConfigKeys (ConfUtils.java:logGet(46)) - raft.server.log.segment.cache.size.max = 200MB (=209715200) (default)
2022-09-28 09:58:40,813 [pool-818-thread-1] INFO  segmented.SegmentedRaftLogWorker (SegmentedRaftLogWorker.java:<init>(187)) - new 9e9c1c6a-451f-46d5-9738-b004dc1aedb2@group-FCA6F6639A68-SegmentedRaftLogWorker for RaftStorageImpl:Storage Directory /home/runner/work/ozone/ozone/hadoop-ozone/integration-test/target/test-dir/MiniOzoneClusterImpl-010780ea-650b-44a2-9cb2-deec812f3cdf/datanode-1/data/ratis/a67a74ce-c061-484f-9227-fca6f6639a68
2022-09-28 09:58:40,813 [pool-818-thread-1] INFO  server.RaftServerConfigKeys (ConfUtils.java:logGet(46)) - raft.server.log.queue.byte-limit = 4294967296 (custom)
2022-09-28 09:58:40,813 [pool-818-thread-1] INFO  server.RaftServerConfigKeys (ConfUtils.java:logGet(46)) - raft.server.log.queue.element-limit = 1024 (custom)
2022-09-28 09:58:40,813 [pool-818-thread-1] INFO  server.RaftServerConfigKeys (ConfUtils.java:logGet(46)) - raft.server.log.segment.size.max = 1048576 (custom)
2022-09-28 09:58:40,813 [pool-818-thread-1] INFO  server.RaftServerConfigKeys (ConfUtils.java:logGet(46)) - raft.server.log.preallocated.size = 16384 (custom)
2022-09-28 09:58:40,813 [pool-818-thread-1] INFO  server.RaftServerConfigKeys (ConfUtils.java:logGet(46)) - raft.server.log.force.sync.num = 128 (default)
2022-09-28 09:58:40,813 [pool-818-thread-1] INFO  server.RaftServerConfigKeys (ConfUtils.java:logGet(46)) - raft.server.log.statemachine.data.sync = true (default)
2022-09-28 09:58:40,813 [pool-818-thread-1] INFO  server.RaftServerConfigKeys (ConfUtils.java:logGet(46)) - raft.server.log.statemachine.data.sync.timeout = 10s (default)
2022-09-28 09:58:40,813 [pool-818-thread-1] INFO  server.RaftServerConfigKeys (ConfUtils.java:logGet(46)) - raft.server.log.statemachine.data.sync.timeout.retry = -1 (default)
2022-09-28 09:58:40,814 [pool-818-thread-1] INFO  server.RaftServerConfigKeys (ConfUtils.java:logGet(46)) - raft.server.log.write.buffer.size = 1048576 (custom)
2022-09-28 09:58:40,814 [pool-818-thread-1] INFO  server.RaftServerConfigKeys (ConfUtils.java:logGet(46)) - raft.server.log.unsafe-flush.enabled = false (default)
2022-09-28 09:58:40,814 [pool-818-thread-1] INFO  server.RaftServerConfigKeys (ConfUtils.java:logGet(46)) - raft.server.log.statemachine.data.caching.enabled = true (custom)
2022-09-28 09:58:40,814 [pool-818-thread-1] INFO  segmented.SegmentedRaftLogWorker (SegmentedRaftLogWorker.java:lambda$new$0(135)) - 9e9c1c6a-451f-46d5-9738-b004dc1aedb2@group-FCA6F6639A68-SegmentedRaftLogWorker: flushIndex: setUnconditionally 0 -> -1
2022-09-28 09:58:40,815 [pool-818-thread-1] INFO  segmented.SegmentedRaftLogWorker (SegmentedRaftLogWorker.java:lambda$new$0(135)) - 9e9c1c6a-451f-46d5-9738-b004dc1aedb2@group-FCA6F6639A68-SegmentedRaftLogWorker: safeCacheEvictIndex: setUnconditionally 0 -> -1
2022-09-28 09:58:40,815 [pool-818-thread-1] INFO  server.RaftServerConfigKeys (ConfUtils.java:logGet(46)) - raft.server.snapshot.auto.trigger.enabled = true (custom)
2022-09-28 09:58:40,815 [pool-818-thread-1] INFO  server.RaftServerConfigKeys (ConfUtils.java:logGet(46)) - raft.server.snapshot.auto.trigger.threshold = 10000 (custom)
2022-09-28 09:58:40,815 [pool-818-thread-1] INFO  server.RaftServerConfigKeys (ConfUtils.java:logGet(46)) - raft.server.snapshot.retention.file.num = 5 (custom)
2022-09-28 09:58:40,815 [pool-818-thread-1] INFO  server.RaftServerConfigKeys (ConfUtils.java:logGet(46)) - raft.server.log.purge.upto.snapshot.index = false (default)
2022-09-28 09:58:40,815 [pool-818-thread-1] INFO  server.RaftServerConfigKeys (ConfUtils.java:logGet(46)) - raft.server.retrycache.expirytime = 600000ms (custom)
2022-09-28 09:58:40,815 [pool-818-thread-1] INFO  server.RaftServerConfigKeys (ConfUtils.java:logGet(46)) - raft.server.retrycache.statistics.expirytime = 100μs (default)
2022-09-28 09:58:40,816 [pool-818-thread-1] INFO  server.RaftServerConfigKeys (ConfUtils.java:logGet(46)) - raft.server.log.appender.install.snapshot.enabled = false (custom)
2022-09-28 09:58:40,816 [pool-818-thread-1] INFO  server.RaftServerConfigKeys (ConfUtils.java:logGet(46)) - raft.server.threadpool.server.cached = true (default)
2022-09-28 09:58:40,816 [pool-818-thread-1] INFO  server.RaftServerConfigKeys (ConfUtils.java:logGet(46)) - raft.server.threadpool.server.size = 0 (default)
2022-09-28 09:58:40,816 [pool-818-thread-1] INFO  server.RaftServerConfigKeys (ConfUtils.java:logGet(46)) - raft.server.threadpool.client.cached = true (default)
2022-09-28 09:58:40,816 [pool-818-thread-1] INFO  server.RaftServerConfigKeys (ConfUtils.java:logGet(46)) - raft.server.threadpool.client.size = 0 (default)
2022-09-28 09:58:40,816 [pool-818-thread-1] INFO  server.RaftServer$Division (RaftServerImpl.java:start(310)) - 9e9c1c6a-451f-46d5-9738-b004dc1aedb2@group-FCA6F6639A68: start as a follower, conf=-1: [fa5dce8c-80cb-4c43-9e0a-2a910fa20985|rpc:10.1.1.21:40407|priority:0, 9e9c1c6a-451f-46d5-9738-b004dc1aedb2|rpc:10.1.1.21:38097|priority:0, 80fc50c2-999b-4282-ba04-29b80da548ab|rpc:10.1.1.21:45007|priority:1], old=null
2022-09-28 09:58:40,816 [pool-818-thread-1] INFO  server.RaftServer$Division (RaftServerImpl.java:setRole(299)) - 9e9c1c6a-451f-46d5-9738-b004dc1aedb2@group-FCA6F6639A68: changes role from      null to FOLLOWER at term 0 for startAsFollower
2022-09-28 09:58:40,816 [pool-818-thread-1] INFO  impl.RoleInfo (RoleInfo.java:updateAndGet(139)) - 9e9c1c6a-451f-46d5-9738-b004dc1aedb2: start 9e9c1c6a-451f-46d5-9738-b004dc1aedb2@group-FCA6F6639A68-FollowerState
2022-09-28 09:58:40,820 [EventQueue-OpenPipelineForHealthyPipelineSafeModeRule] INFO  safemode.SCMSafeModeManager (HealthyPipelineSafeModeRule.java:process(137)) - SCM in safe mode. Healthy pipelines reported count is 0, required healthy pipeline reported count is 1
2022-09-28 09:58:40,824 [EventQueue-OpenPipelineForHealthyPipelineSafeModeRule] INFO  safemode.SCMSafeModeManager (HealthyPipelineSafeModeRule.java:process(137)) - SCM in safe mode. Healthy pipelines reported count is 0, required healthy pipeline reported count is 1
2022-09-28 09:58:40,824 [pool-818-thread-1] INFO  util.JmxRegister (JmxRegister.java:tryRegister(44)) - Successfully registered JMX Bean with object name Ratis:service=RaftServer,group=group-FCA6F6639A68,id=9e9c1c6a-451f-46d5-9738-b004dc1aedb2
2022-09-28 09:58:40,828 [Command processor thread] INFO  ratis.XceiverServerRatis (XceiverServerRatis.java:addGroup(765)) - Created group PipelineID=a67a74ce-c061-484f-9227-fca6f6639a68
2022-09-28 09:58:40,932 [grpc-default-executor-0] INFO  server.RaftServer (RaftServerProxy.java:addNew(96)) - 80fc50c2-999b-4282-ba04-29b80da548ab: addNew group-FCA6F6639A68:[fa5dce8c-80cb-4c43-9e0a-2a910fa20985|rpc:10.1.1.21:40407|dataStream:|priority:0, 9e9c1c6a-451f-46d5-9738-b004dc1aedb2|rpc:10.1.1.21:38097|dataStream:|priority:0, 80fc50c2-999b-4282-ba04-29b80da548ab|rpc:10.1.1.21:45007|dataStream:|priority:1] returns group-FCA6F6639A68:java.util.concurrent.CompletableFuture@53ad6196[Not completed]
2022-09-28 09:58:40,933 [pool-795-thread-1] INFO  server.RaftServer$Division (RaftServerImpl.java:<init>(190)) - 80fc50c2-999b-4282-ba04-29b80da548ab: new RaftServerImpl for group-FCA6F6639A68:[fa5dce8c-80cb-4c43-9e0a-2a910fa20985|rpc:10.1.1.21:40407|dataStream:|priority:0, 9e9c1c6a-451f-46d5-9738-b004dc1aedb2|rpc:10.1.1.21:38097|dataStream:|priority:0, 80fc50c2-999b-4282-ba04-29b80da548ab|rpc:10.1.1.21:45007|dataStream:|priority:1] with ContainerStateMachine:uninitialized
2022-09-28 09:58:40,933 [pool-795-thread-1] INFO  server.RaftServerConfigKeys (ConfUtils.java:logGet(46)) - raft.server.rpc.timeout.min = 5s (custom)
2022-09-28 09:58:40,933 [pool-795-thread-1] INFO  server.RaftServerConfigKeys (ConfUtils.java:logGet(46)) - raft.server.rpc.timeout.max = 5200ms (custom)
2022-09-28 09:58:40,933 [pool-795-thread-1] INFO  server.RaftServerConfigKeys (ConfUtils.java:logGet(46)) - raft.server.rpc.sleep.time = 25ms (default)
2022-09-28 09:58:40,933 [pool-795-thread-1] INFO  server.RaftServerConfigKeys (ConfUtils.java:logGet(46)) - raft.server.rpc.slowness.timeout = 300s (custom)
2022-09-28 09:58:40,933 [pool-795-thread-1] INFO  server.RaftServerConfigKeys (ConfUtils.java:logGet(46)) - raft.server.leaderelection.leader.step-down.wait-time = 10s (default)
2022-09-28 09:58:40,933 [pool-795-thread-1] INFO  server.RaftServerConfigKeys (ConfUtils.java:logGet(46)) - raft.server.sleep.deviation.threshold = 300ms (default)
2022-09-28 09:58:40,933 [pool-795-thread-1] INFO  server.RaftServer$Division (ServerState.java:<init>(107)) - 80fc50c2-999b-4282-ba04-29b80da548ab@group-FCA6F6639A68: ConfigurationManager, init=-1: [fa5dce8c-80cb-4c43-9e0a-2a910fa20985|rpc:10.1.1.21:40407|dataStream:|priority:0, 9e9c1c6a-451f-46d5-9738-b004dc1aedb2|rpc:10.1.1.21:38097|dataStream:|priority:0, 80fc50c2-999b-4282-ba04-29b80da548ab|rpc:10.1.1.21:45007|dataStream:|priority:1], old=null, confs=<EMPTY_MAP>
2022-09-28 09:58:40,933 [pool-795-thread-1] INFO  server.RaftServerConfigKeys (ConfUtils.java:logGet(46)) - raft.server.storage.dir = [/home/runner/work/ozone/ozone/hadoop-ozone/integration-test/target/test-dir/MiniOzoneClusterImpl-010780ea-650b-44a2-9cb2-deec812f3cdf/datanode-0/data/ratis] (custom)
2022-09-28 09:58:40,933 [pool-795-thread-1] INFO  server.RaftServerConfigKeys (ConfUtils.java:logGet(46)) - raft.server.log.corruption.policy = EXCEPTION (default)
2022-09-28 09:58:40,933 [pool-795-thread-1] INFO  server.RaftServerConfigKeys (ConfUtils.java:logGet(46)) - raft.server.storage.free-space.min = 0MB (=0) (default)
2022-09-28 09:58:40,933 [pool-795-thread-1] INFO  storage.RaftStorageDirectory (RaftStorageDirectoryImpl.java:analyzeStorage(135)) - The storage directory /home/runner/work/ozone/ozone/hadoop-ozone/integration-test/target/test-dir/MiniOzoneClusterImpl-010780ea-650b-44a2-9cb2-deec812f3cdf/datanode-0/data/ratis/a67a74ce-c061-484f-9227-fca6f6639a68 does not exist. Creating ...
2022-09-28 09:58:40,934 [pool-795-thread-1] INFO  storage.RaftStorageDirectory (RaftStorageDirectoryImpl.java:tryLock(230)) - Lock on /home/runner/work/ozone/ozone/hadoop-ozone/integration-test/target/test-dir/MiniOzoneClusterImpl-010780ea-650b-44a2-9cb2-deec812f3cdf/datanode-0/data/ratis/a67a74ce-c061-484f-9227-fca6f6639a68/in_use.lock acquired by nodename 12863@fv-az204-790
2022-09-28 09:58:40,945 [Listener at 127.0.0.1/38925] INFO  ozone.MiniOzoneClusterImpl (MiniOzoneClusterImpl.java:lambda$waitForClusterToBeReady$0(216)) - Waiting for nodes to be ready. Got 3 of 5 DN Heartbeats.
2022-09-28 09:58:40,945 [Listener at 127.0.0.1/38925] INFO  ozone.MiniOzoneClusterImpl (MiniOzoneClusterImpl.java:lambda$waitForClusterToBeReady$0(219)) - Waiting for cluster to exit safe mode
2022-09-28 09:58:40,945 [Listener at 127.0.0.1/38925] INFO  ozone.MiniOzoneClusterImpl (MiniOzoneClusterImpl.java:lambda$waitForClusterToBeReady$0(221)) - SCM became leader
2022-09-28 09:58:40,997 [pool-795-thread-1] INFO  storage.RaftStorage (RaftStorageImpl.java:format(89)) - Storage directory /home/runner/work/ozone/ozone/hadoop-ozone/integration-test/target/test-dir/MiniOzoneClusterImpl-010780ea-650b-44a2-9cb2-deec812f3cdf/datanode-0/data/ratis/a67a74ce-c061-484f-9227-fca6f6639a68 has been successfully formatted.
2022-09-28 09:58:40,997 [pool-795-thread-1] INFO  ratis.ContainerStateMachine (ContainerStateMachine.java:loadSnapshot(236)) - group-FCA6F6639A68: The snapshot info is null. Setting the last applied indexto:(t:0, i:~)
2022-09-28 09:58:40,997 [pool-795-thread-1] INFO  server.RaftServerConfigKeys (ConfUtils.java:logGet(46)) - raft.server.notification.no-leader.timeout = 300s (custom)
2022-09-28 09:58:40,997 [pool-795-thread-1] INFO  server.RaftServerConfigKeys (ConfUtils.java:logGet(46)) - raft.server.log.use.memory = false (default)
2022-09-28 09:58:40,997 [pool-795-thread-1] INFO  server.RaftServerConfigKeys (ConfUtils.java:logGet(46)) - raft.server.log.purge.gap = 1000000 (custom)
2022-09-28 09:58:40,997 [pool-795-thread-1] INFO  server.RaftServerConfigKeys (ConfUtils.java:logGet(46)) - raft.server.log.appender.buffer.byte-limit = 33554432 (custom)
2022-09-28 09:58:40,997 [pool-795-thread-1] INFO  server.RaftServerConfigKeys (ConfUtils.java:logGet(46)) - raft.server.log.statemachine.data.read.timeout = 1000ms (default)
2022-09-28 09:58:40,997 [pool-795-thread-1] INFO  server.RaftServerConfigKeys (ConfUtils.java:logGet(46)) - raft.server.log.segment.size.max = 1048576 (custom)
2022-09-28 09:58:40,998 [pool-795-thread-1] INFO  server.RaftServerConfigKeys (ConfUtils.java:logGet(46)) - raft.server.log.segment.cache.num.max = 2 (custom)
2022-09-28 09:58:40,998 [pool-795-thread-1] INFO  server.RaftServerConfigKeys (ConfUtils.java:logGet(46)) - raft.server.log.segment.cache.size.max = 200MB (=209715200) (default)
2022-09-28 09:58:40,998 [pool-795-thread-1] INFO  segmented.SegmentedRaftLogWorker (SegmentedRaftLogWorker.java:<init>(187)) - new 80fc50c2-999b-4282-ba04-29b80da548ab@group-FCA6F6639A68-SegmentedRaftLogWorker for RaftStorageImpl:Storage Directory /home/runner/work/ozone/ozone/hadoop-ozone/integration-test/target/test-dir/MiniOzoneClusterImpl-010780ea-650b-44a2-9cb2-deec812f3cdf/datanode-0/data/ratis/a67a74ce-c061-484f-9227-fca6f6639a68
2022-09-28 09:58:40,998 [pool-795-thread-1] INFO  server.RaftServerConfigKeys (ConfUtils.java:logGet(46)) - raft.server.log.queue.byte-limit = 4294967296 (custom)
2022-09-28 09:58:40,998 [pool-795-thread-1] INFO  server.RaftServerConfigKeys (ConfUtils.java:logGet(46)) - raft.server.log.queue.element-limit = 1024 (custom)
2022-09-28 09:58:40,998 [pool-795-thread-1] INFO  server.RaftServerConfigKeys (ConfUtils.java:logGet(46)) - raft.server.log.segment.size.max = 1048576 (custom)
2022-09-28 09:58:40,998 [pool-795-thread-1] INFO  server.RaftServerConfigKeys (ConfUtils.java:logGet(46)) - raft.server.log.preallocated.size = 16384 (custom)
2022-09-28 09:58:40,998 [pool-795-thread-1] INFO  server.RaftServerConfigKeys (ConfUtils.java:logGet(46)) - raft.server.log.force.sync.num = 128 (default)
2022-09-28 09:58:40,998 [pool-795-thread-1] INFO  server.RaftServerConfigKeys (ConfUtils.java:logGet(46)) - raft.server.log.statemachine.data.sync = true (default)
2022-09-28 09:58:40,998 [pool-795-thread-1] INFO  server.RaftServerConfigKeys (ConfUtils.java:logGet(46)) - raft.server.log.statemachine.data.sync.timeout = 10s (default)
2022-09-28 09:58:40,998 [pool-795-thread-1] INFO  server.RaftServerConfigKeys (ConfUtils.java:logGet(46)) - raft.server.log.statemachine.data.sync.timeout.retry = -1 (default)
2022-09-28 09:58:40,999 [pool-795-thread-1] INFO  server.RaftServerConfigKeys (ConfUtils.java:logGet(46)) - raft.server.log.write.buffer.size = 1048576 (custom)
2022-09-28 09:58:40,999 [pool-795-thread-1] INFO  server.RaftServerConfigKeys (ConfUtils.java:logGet(46)) - raft.server.log.unsafe-flush.enabled = false (default)
2022-09-28 09:58:40,999 [pool-795-thread-1] INFO  server.RaftServerConfigKeys (ConfUtils.java:logGet(46)) - raft.server.log.statemachine.data.caching.enabled = true (custom)
2022-09-28 09:58:40,999 [pool-795-thread-1] INFO  segmented.SegmentedRaftLogWorker (SegmentedRaftLogWorker.java:lambda$new$0(135)) - 80fc50c2-999b-4282-ba04-29b80da548ab@group-FCA6F6639A68-SegmentedRaftLogWorker: flushIndex: setUnconditionally 0 -> -1
2022-09-28 09:58:41,012 [pool-795-thread-1] INFO  segmented.SegmentedRaftLogWorker (SegmentedRaftLogWorker.java:lambda$new$0(135)) - 80fc50c2-999b-4282-ba04-29b80da548ab@group-FCA6F6639A68-SegmentedRaftLogWorker: safeCacheEvictIndex: setUnconditionally 0 -> -1
2022-09-28 09:58:41,020 [pool-795-thread-1] INFO  server.RaftServerConfigKeys (ConfUtils.java:logGet(46)) - raft.server.snapshot.auto.trigger.enabled = true (custom)
2022-09-28 09:58:41,020 [pool-795-thread-1] INFO  server.RaftServerConfigKeys (ConfUtils.java:logGet(46)) - raft.server.snapshot.auto.trigger.threshold = 10000 (custom)
2022-09-28 09:58:41,020 [pool-795-thread-1] INFO  server.RaftServerConfigKeys (ConfUtils.java:logGet(46)) - raft.server.snapshot.retention.file.num = 5 (custom)
2022-09-28 09:58:41,020 [pool-795-thread-1] INFO  server.RaftServerConfigKeys (ConfUtils.java:logGet(46)) - raft.server.log.purge.upto.snapshot.index = false (default)
2022-09-28 09:58:41,021 [pool-795-thread-1] INFO  server.RaftServerConfigKeys (ConfUtils.java:logGet(46)) - raft.server.retrycache.expirytime = 600000ms (custom)
2022-09-28 09:58:41,021 [pool-795-thread-1] INFO  server.RaftServerConfigKeys (ConfUtils.java:logGet(46)) - raft.server.retrycache.statistics.expirytime = 100μs (default)
2022-09-28 09:58:41,022 [pool-795-thread-1] INFO  server.RaftServerConfigKeys (ConfUtils.java:logGet(46)) - raft.server.log.appender.install.snapshot.enabled = false (custom)
2022-09-28 09:58:41,022 [pool-795-thread-1] INFO  server.RaftServerConfigKeys (ConfUtils.java:logGet(46)) - raft.server.threadpool.server.cached = true (default)
2022-09-28 09:58:41,022 [pool-795-thread-1] INFO  server.RaftServerConfigKeys (ConfUtils.java:logGet(46)) - raft.server.threadpool.server.size = 0 (default)
2022-09-28 09:58:41,022 [pool-795-thread-1] INFO  server.RaftServerConfigKeys (ConfUtils.java:logGet(46)) - raft.server.threadpool.client.cached = true (default)
2022-09-28 09:58:41,022 [pool-795-thread-1] INFO  server.RaftServerConfigKeys (ConfUtils.java:logGet(46)) - raft.server.threadpool.client.size = 0 (default)
2022-09-28 09:58:41,022 [pool-795-thread-1] INFO  server.RaftServer$Division (RaftServerImpl.java:start(310)) - 80fc50c2-999b-4282-ba04-29b80da548ab@group-FCA6F6639A68: start as a follower, conf=-1: [fa5dce8c-80cb-4c43-9e0a-2a910fa20985|rpc:10.1.1.21:40407|dataStream:|priority:0, 9e9c1c6a-451f-46d5-9738-b004dc1aedb2|rpc:10.1.1.21:38097|dataStream:|priority:0, 80fc50c2-999b-4282-ba04-29b80da548ab|rpc:10.1.1.21:45007|dataStream:|priority:1], old=null
2022-09-28 09:58:41,022 [pool-795-thread-1] INFO  server.RaftServer$Division (RaftServerImpl.java:setRole(299)) - 80fc50c2-999b-4282-ba04-29b80da548ab@group-FCA6F6639A68: changes role from      null to FOLLOWER at term 0 for startAsFollower
2022-09-28 09:58:41,022 [pool-795-thread-1] INFO  impl.RoleInfo (RoleInfo.java:updateAndGet(139)) - 80fc50c2-999b-4282-ba04-29b80da548ab: start 80fc50c2-999b-4282-ba04-29b80da548ab@group-FCA6F6639A68-FollowerState
2022-09-28 09:58:41,024 [pool-795-thread-1] INFO  util.JmxRegister (JmxRegister.java:tryRegister(44)) - Successfully registered JMX Bean with object name Ratis:service=RaftServer,group=group-FCA6F6639A68,id=80fc50c2-999b-4282-ba04-29b80da548ab
2022-09-28 09:58:41,052 [EventQueue-OpenPipelineForHealthyPipelineSafeModeRule] INFO  safemode.SCMSafeModeManager (HealthyPipelineSafeModeRule.java:process(137)) - SCM in safe mode. Healthy pipelines reported count is 0, required healthy pipeline reported count is 1
2022-09-28 09:58:41,063 [grpc-default-executor-0] INFO  server.RaftServer (RaftServerProxy.java:addNew(96)) - fa5dce8c-80cb-4c43-9e0a-2a910fa20985: addNew group-FCA6F6639A68:[fa5dce8c-80cb-4c43-9e0a-2a910fa20985|rpc:10.1.1.21:40407|dataStream:|priority:0, 9e9c1c6a-451f-46d5-9738-b004dc1aedb2|rpc:10.1.1.21:38097|dataStream:|priority:0, 80fc50c2-999b-4282-ba04-29b80da548ab|rpc:10.1.1.21:45007|dataStream:|priority:1] returns group-FCA6F6639A68:java.util.concurrent.CompletableFuture@1304dc1[Not completed]
2022-09-28 09:58:41,097 [pool-841-thread-1] INFO  server.RaftServer$Division (RaftServerImpl.java:<init>(190)) - fa5dce8c-80cb-4c43-9e0a-2a910fa20985: new RaftServerImpl for group-FCA6F6639A68:[fa5dce8c-80cb-4c43-9e0a-2a910fa20985|rpc:10.1.1.21:40407|dataStream:|priority:0, 9e9c1c6a-451f-46d5-9738-b004dc1aedb2|rpc:10.1.1.21:38097|dataStream:|priority:0, 80fc50c2-999b-4282-ba04-29b80da548ab|rpc:10.1.1.21:45007|dataStream:|priority:1] with ContainerStateMachine:uninitialized
2022-09-28 09:58:41,097 [pool-841-thread-1] INFO  server.RaftServerConfigKeys (ConfUtils.java:logGet(46)) - raft.server.rpc.timeout.min = 5s (custom)
2022-09-28 09:58:41,097 [pool-841-thread-1] INFO  server.RaftServerConfigKeys (ConfUtils.java:logGet(46)) - raft.server.rpc.timeout.max = 5200ms (custom)
2022-09-28 09:58:41,097 [pool-841-thread-1] INFO  server.RaftServerConfigKeys (ConfUtils.java:logGet(46)) - raft.server.rpc.sleep.time = 25ms (default)
2022-09-28 09:58:41,097 [pool-841-thread-1] INFO  server.RaftServerConfigKeys (ConfUtils.java:logGet(46)) - raft.server.rpc.slowness.timeout = 300s (custom)
2022-09-28 09:58:41,097 [pool-841-thread-1] INFO  server.RaftServerConfigKeys (ConfUtils.java:logGet(46)) - raft.server.leaderelection.leader.step-down.wait-time = 10s (default)
2022-09-28 09:58:41,097 [pool-841-thread-1] INFO  server.RaftServerConfigKeys (ConfUtils.java:logGet(46)) - raft.server.sleep.deviation.threshold = 300ms (default)
2022-09-28 09:58:41,097 [pool-841-thread-1] INFO  server.RaftServer$Division (ServerState.java:<init>(107)) - fa5dce8c-80cb-4c43-9e0a-2a910fa20985@group-FCA6F6639A68: ConfigurationManager, init=-1: [fa5dce8c-80cb-4c43-9e0a-2a910fa20985|rpc:10.1.1.21:40407|dataStream:|priority:0, 9e9c1c6a-451f-46d5-9738-b004dc1aedb2|rpc:10.1.1.21:38097|dataStream:|priority:0, 80fc50c2-999b-4282-ba04-29b80da548ab|rpc:10.1.1.21:45007|dataStream:|priority:1], old=null, confs=<EMPTY_MAP>
2022-09-28 09:58:41,097 [pool-841-thread-1] INFO  server.RaftServerConfigKeys (ConfUtils.java:logGet(46)) - raft.server.storage.dir = [/home/runner/work/ozone/ozone/hadoop-ozone/integration-test/target/test-dir/MiniOzoneClusterImpl-010780ea-650b-44a2-9cb2-deec812f3cdf/datanode-2/data/ratis] (custom)
2022-09-28 09:58:41,097 [pool-841-thread-1] INFO  server.RaftServerConfigKeys (ConfUtils.java:logGet(46)) - raft.server.log.corruption.policy = EXCEPTION (default)
2022-09-28 09:58:41,097 [pool-841-thread-1] INFO  server.RaftServerConfigKeys (ConfUtils.java:logGet(46)) - raft.server.storage.free-space.min = 0MB (=0) (default)
2022-09-28 09:58:41,097 [pool-841-thread-1] INFO  storage.RaftStorageDirectory (RaftStorageDirectoryImpl.java:analyzeStorage(135)) - The storage directory /home/runner/work/ozone/ozone/hadoop-ozone/integration-test/target/test-dir/MiniOzoneClusterImpl-010780ea-650b-44a2-9cb2-deec812f3cdf/datanode-2/data/ratis/a67a74ce-c061-484f-9227-fca6f6639a68 does not exist. Creating ...
2022-09-28 09:58:41,109 [pool-841-thread-1] INFO  storage.RaftStorageDirectory (RaftStorageDirectoryImpl.java:tryLock(230)) - Lock on /home/runner/work/ozone/ozone/hadoop-ozone/integration-test/target/test-dir/MiniOzoneClusterImpl-010780ea-650b-44a2-9cb2-deec812f3cdf/datanode-2/data/ratis/a67a74ce-c061-484f-9227-fca6f6639a68/in_use.lock acquired by nodename 12863@fv-az204-790
2022-09-28 09:58:41,120 [pool-841-thread-1] INFO  storage.RaftStorage (RaftStorageImpl.java:format(89)) - Storage directory /home/runner/work/ozone/ozone/hadoop-ozone/integration-test/target/test-dir/MiniOzoneClusterImpl-010780ea-650b-44a2-9cb2-deec812f3cdf/datanode-2/data/ratis/a67a74ce-c061-484f-9227-fca6f6639a68 has been successfully formatted.
2022-09-28 09:58:41,120 [pool-841-thread-1] INFO  ratis.ContainerStateMachine (ContainerStateMachine.java:loadSnapshot(236)) - group-FCA6F6639A68: The snapshot info is null. Setting the last applied indexto:(t:0, i:~)
2022-09-28 09:58:41,136 [pool-841-thread-1] INFO  server.RaftServerConfigKeys (ConfUtils.java:logGet(46)) - raft.server.notification.no-leader.timeout = 300s (custom)
2022-09-28 09:58:41,136 [pool-841-thread-1] INFO  server.RaftServerConfigKeys (ConfUtils.java:logGet(46)) - raft.server.log.use.memory = false (default)
2022-09-28 09:58:41,136 [pool-841-thread-1] INFO  server.RaftServerConfigKeys (ConfUtils.java:logGet(46)) - raft.server.log.purge.gap = 1000000 (custom)
2022-09-28 09:58:41,136 [pool-841-thread-1] INFO  server.RaftServerConfigKeys (ConfUtils.java:logGet(46)) - raft.server.log.appender.buffer.byte-limit = 33554432 (custom)
2022-09-28 09:58:41,136 [pool-841-thread-1] INFO  server.RaftServerConfigKeys (ConfUtils.java:logGet(46)) - raft.server.log.statemachine.data.read.timeout = 1000ms (default)
2022-09-28 09:58:41,137 [pool-841-thread-1] INFO  server.RaftServerConfigKeys (ConfUtils.java:logGet(46)) - raft.server.log.segment.size.max = 1048576 (custom)
2022-09-28 09:58:41,137 [pool-841-thread-1] INFO  server.RaftServerConfigKeys (ConfUtils.java:logGet(46)) - raft.server.log.segment.cache.num.max = 2 (custom)
2022-09-28 09:58:41,137 [pool-841-thread-1] INFO  server.RaftServerConfigKeys (ConfUtils.java:logGet(46)) - raft.server.log.segment.cache.size.max = 200MB (=209715200) (default)
2022-09-28 09:58:41,137 [pool-841-thread-1] INFO  segmented.SegmentedRaftLogWorker (SegmentedRaftLogWorker.java:<init>(187)) - new fa5dce8c-80cb-4c43-9e0a-2a910fa20985@group-FCA6F6639A68-SegmentedRaftLogWorker for RaftStorageImpl:Storage Directory /home/runner/work/ozone/ozone/hadoop-ozone/integration-test/target/test-dir/MiniOzoneClusterImpl-010780ea-650b-44a2-9cb2-deec812f3cdf/datanode-2/data/ratis/a67a74ce-c061-484f-9227-fca6f6639a68
2022-09-28 09:58:41,137 [pool-841-thread-1] INFO  server.RaftServerConfigKeys (ConfUtils.java:logGet(46)) - raft.server.log.queue.byte-limit = 4294967296 (custom)
2022-09-28 09:58:41,137 [pool-841-thread-1] INFO  server.RaftServerConfigKeys (ConfUtils.java:logGet(46)) - raft.server.log.queue.element-limit = 1024 (custom)
2022-09-28 09:58:41,137 [pool-841-thread-1] INFO  server.RaftServerConfigKeys (ConfUtils.java:logGet(46)) - raft.server.log.segment.size.max = 1048576 (custom)
2022-09-28 09:58:41,137 [pool-841-thread-1] INFO  server.RaftServerConfigKeys (ConfUtils.java:logGet(46)) - raft.server.log.preallocated.size = 16384 (custom)
2022-09-28 09:58:41,137 [pool-841-thread-1] INFO  server.RaftServerConfigKeys (ConfUtils.java:logGet(46)) - raft.server.log.force.sync.num = 128 (default)
2022-09-28 09:58:41,137 [pool-841-thread-1] INFO  server.RaftServerConfigKeys (ConfUtils.java:logGet(46)) - raft.server.log.statemachine.data.sync = true (default)
2022-09-28 09:58:41,137 [pool-841-thread-1] INFO  server.RaftServerConfigKeys (ConfUtils.java:logGet(46)) - raft.server.log.statemachine.data.sync.timeout = 10s (default)
2022-09-28 09:58:41,137 [pool-841-thread-1] INFO  server.RaftServerConfigKeys (ConfUtils.java:logGet(46)) - raft.server.log.statemachine.data.sync.timeout.retry = -1 (default)
2022-09-28 09:58:41,138 [pool-841-thread-1] INFO  server.RaftServerConfigKeys (ConfUtils.java:logGet(46)) - raft.server.log.write.buffer.size = 1048576 (custom)
2022-09-28 09:58:41,138 [pool-841-thread-1] INFO  server.RaftServerConfigKeys (ConfUtils.java:logGet(46)) - raft.server.log.unsafe-flush.enabled = false (default)
2022-09-28 09:58:41,138 [pool-841-thread-1] INFO  server.RaftServerConfigKeys (ConfUtils.java:logGet(46)) - raft.server.log.statemachine.data.caching.enabled = true (custom)
2022-09-28 09:58:41,139 [pool-841-thread-1] INFO  segmented.SegmentedRaftLogWorker (SegmentedRaftLogWorker.java:lambda$new$0(135)) - fa5dce8c-80cb-4c43-9e0a-2a910fa20985@group-FCA6F6639A68-SegmentedRaftLogWorker: flushIndex: setUnconditionally 0 -> -1
2022-09-28 09:58:41,139 [pool-841-thread-1] INFO  segmented.SegmentedRaftLogWorker (SegmentedRaftLogWorker.java:lambda$new$0(135)) - fa5dce8c-80cb-4c43-9e0a-2a910fa20985@group-FCA6F6639A68-SegmentedRaftLogWorker: safeCacheEvictIndex: setUnconditionally 0 -> -1
2022-09-28 09:58:41,216 [pool-841-thread-1] INFO  server.RaftServerConfigKeys (ConfUtils.java:logGet(46)) - raft.server.snapshot.auto.trigger.enabled = true (custom)
2022-09-28 09:58:41,216 [pool-841-thread-1] INFO  server.RaftServerConfigKeys (ConfUtils.java:logGet(46)) - raft.server.snapshot.auto.trigger.threshold = 10000 (custom)
2022-09-28 09:58:41,216 [pool-841-thread-1] INFO  server.RaftServerConfigKeys (ConfUtils.java:logGet(46)) - raft.server.snapshot.retention.file.num = 5 (custom)
2022-09-28 09:58:41,216 [pool-841-thread-1] INFO  server.RaftServerConfigKeys (ConfUtils.java:logGet(46)) - raft.server.log.purge.upto.snapshot.index = false (default)
2022-09-28 09:58:41,216 [pool-841-thread-1] INFO  server.RaftServerConfigKeys (ConfUtils.java:logGet(46)) - raft.server.retrycache.expirytime = 600000ms (custom)
2022-09-28 09:58:41,216 [pool-841-thread-1] INFO  server.RaftServerConfigKeys (ConfUtils.java:logGet(46)) - raft.server.retrycache.statistics.expirytime = 100μs (default)
2022-09-28 09:58:41,218 [pool-841-thread-1] INFO  server.RaftServerConfigKeys (ConfUtils.java:logGet(46)) - raft.server.log.appender.install.snapshot.enabled = false (custom)
2022-09-28 09:58:41,218 [pool-841-thread-1] INFO  server.RaftServerConfigKeys (ConfUtils.java:logGet(46)) - raft.server.threadpool.server.cached = true (default)
2022-09-28 09:58:41,218 [pool-841-thread-1] INFO  server.RaftServerConfigKeys (ConfUtils.java:logGet(46)) - raft.server.threadpool.server.size = 0 (default)
2022-09-28 09:58:41,218 [pool-841-thread-1] INFO  server.RaftServerConfigKeys (ConfUtils.java:logGet(46)) - raft.server.threadpool.client.cached = true (default)
2022-09-28 09:58:41,218 [pool-841-thread-1] INFO  server.RaftServerConfigKeys (ConfUtils.java:logGet(46)) - raft.server.threadpool.client.size = 0 (default)
2022-09-28 09:58:41,218 [pool-841-thread-1] INFO  server.RaftServer$Division (RaftServerImpl.java:start(310)) - fa5dce8c-80cb-4c43-9e0a-2a910fa20985@group-FCA6F6639A68: start as a follower, conf=-1: [fa5dce8c-80cb-4c43-9e0a-2a910fa20985|rpc:10.1.1.21:40407|dataStream:|priority:0, 9e9c1c6a-451f-46d5-9738-b004dc1aedb2|rpc:10.1.1.21:38097|dataStream:|priority:0, 80fc50c2-999b-4282-ba04-29b80da548ab|rpc:10.1.1.21:45007|dataStream:|priority:1], old=null
2022-09-28 09:58:41,218 [pool-841-thread-1] INFO  server.RaftServer$Division (RaftServerImpl.java:setRole(299)) - fa5dce8c-80cb-4c43-9e0a-2a910fa20985@group-FCA6F6639A68: changes role from      null to FOLLOWER at term 0 for startAsFollower
2022-09-28 09:58:41,218 [pool-841-thread-1] INFO  impl.RoleInfo (RoleInfo.java:updateAndGet(139)) - fa5dce8c-80cb-4c43-9e0a-2a910fa20985: start fa5dce8c-80cb-4c43-9e0a-2a910fa20985@group-FCA6F6639A68-FollowerState
2022-09-28 09:58:41,234 [pool-841-thread-1] INFO  util.JmxRegister (JmxRegister.java:tryRegister(44)) - Successfully registered JMX Bean with object name Ratis:service=RaftServer,group=group-FCA6F6639A68,id=fa5dce8c-80cb-4c43-9e0a-2a910fa20985
2022-09-28 09:58:41,277 [Command processor thread] INFO  commandhandler.CreatePipelineCommandHandler (CreatePipelineCommandHandler.java:handle(113)) - Created Pipeline RATIS THREE PipelineID=a67a74ce-c061-484f-9227-fca6f6639a68.
2022-09-28 09:58:41,277 [Command processor thread] INFO  server.RaftServer (RaftServerProxy.java:addNew(96)) - 9e9c1c6a-451f-46d5-9738-b004dc1aedb2: addNew group-381876C73B41:[fa5dce8c-80cb-4c43-9e0a-2a910fa20985|rpc:10.1.1.21:40407|priority:1, 9e9c1c6a-451f-46d5-9738-b004dc1aedb2|rpc:10.1.1.21:38097|priority:0, 80fc50c2-999b-4282-ba04-29b80da548ab|rpc:10.1.1.21:45007|priority:0] returns group-381876C73B41:java.util.concurrent.CompletableFuture@4659dc6f[Not completed]
2022-09-28 09:58:41,277 [EndpointStateMachine task thread for /0.0.0.0:36561 - 0 ] INFO  volume.HddsVolume (HddsVolume.java:createDbStore(307)) - SchemaV3 db is created and loaded at /home/runner/work/ozone/ozone/hadoop-ozone/integration-test/target/test-dir/MiniOzoneClusterImpl-010780ea-650b-44a2-9cb2-deec812f3cdf/datanode-4/data-0/containers/hdds/010780ea-650b-44a2-9cb2-deec812f3cdf/DS-3773385b-adca-49cc-a9a7-94756236edc6/container.db for volume DS-3773385b-adca-49cc-a9a7-94756236edc6
2022-09-28 09:58:41,278 [pool-818-thread-1] INFO  server.RaftServer$Division (RaftServerImpl.java:<init>(190)) - 9e9c1c6a-451f-46d5-9738-b004dc1aedb2: new RaftServerImpl for group-381876C73B41:[fa5dce8c-80cb-4c43-9e0a-2a910fa20985|rpc:10.1.1.21:40407|priority:1, 9e9c1c6a-451f-46d5-9738-b004dc1aedb2|rpc:10.1.1.21:38097|priority:0, 80fc50c2-999b-4282-ba04-29b80da548ab|rpc:10.1.1.21:45007|priority:0] with ContainerStateMachine:uninitialized
2022-09-28 09:58:41,278 [pool-818-thread-1] INFO  server.RaftServerConfigKeys (ConfUtils.java:logGet(46)) - raft.server.rpc.timeout.min = 5s (custom)
2022-09-28 09:58:41,278 [pool-818-thread-1] INFO  server.RaftServerConfigKeys (ConfUtils.java:logGet(46)) - raft.server.rpc.timeout.max = 5200ms (custom)
2022-09-28 09:58:41,278 [pool-818-thread-1] INFO  server.RaftServerConfigKeys (ConfUtils.java:logGet(46)) - raft.server.rpc.sleep.time = 25ms (default)
2022-09-28 09:58:41,278 [pool-818-thread-1] INFO  server.RaftServerConfigKeys (ConfUtils.java:logGet(46)) - raft.server.rpc.slowness.timeout = 300s (custom)
2022-09-28 09:58:41,278 [pool-818-thread-1] INFO  server.RaftServerConfigKeys (ConfUtils.java:logGet(46)) - raft.server.leaderelection.leader.step-down.wait-time = 10s (default)
2022-09-28 09:58:41,278 [pool-818-thread-1] INFO  server.RaftServerConfigKeys (ConfUtils.java:logGet(46)) - raft.server.sleep.deviation.threshold = 300ms (default)
2022-09-28 09:58:41,278 [pool-818-thread-1] INFO  server.RaftServer$Division (ServerState.java:<init>(107)) - 9e9c1c6a-451f-46d5-9738-b004dc1aedb2@group-381876C73B41: ConfigurationManager, init=-1: [fa5dce8c-80cb-4c43-9e0a-2a910fa20985|rpc:10.1.1.21:40407|priority:1, 9e9c1c6a-451f-46d5-9738-b004dc1aedb2|rpc:10.1.1.21:38097|priority:0, 80fc50c2-999b-4282-ba04-29b80da548ab|rpc:10.1.1.21:45007|priority:0], old=null, confs=<EMPTY_MAP>
2022-09-28 09:58:41,278 [pool-818-thread-1] INFO  server.RaftServerConfigKeys (ConfUtils.java:logGet(46)) - raft.server.storage.dir = [/home/runner/work/ozone/ozone/hadoop-ozone/integration-test/target/test-dir/MiniOzoneClusterImpl-010780ea-650b-44a2-9cb2-deec812f3cdf/datanode-1/data/ratis] (custom)
2022-09-28 09:58:41,278 [pool-818-thread-1] INFO  server.RaftServerConfigKeys (ConfUtils.java:logGet(46)) - raft.server.log.corruption.policy = EXCEPTION (default)
2022-09-28 09:58:41,278 [pool-818-thread-1] INFO  server.RaftServerConfigKeys (ConfUtils.java:logGet(46)) - raft.server.storage.free-space.min = 0MB (=0) (default)
2022-09-28 09:58:41,278 [pool-818-thread-1] INFO  storage.RaftStorageDirectory (RaftStorageDirectoryImpl.java:analyzeStorage(135)) - The storage directory /home/runner/work/ozone/ozone/hadoop-ozone/integration-test/target/test-dir/MiniOzoneClusterImpl-010780ea-650b-44a2-9cb2-deec812f3cdf/datanode-1/data/ratis/762c2707-515e-4df9-a84e-381876c73b41 does not exist. Creating ...
2022-09-28 09:58:41,284 [EndpointStateMachine task thread for /0.0.0.0:36561 - 0 ] INFO  volume.HddsVolume (HddsVolume.java:closeDbStore(338)) - SchemaV3 db is stopped at /home/runner/work/ozone/ozone/hadoop-ozone/integration-test/target/test-dir/MiniOzoneClusterImpl-010780ea-650b-44a2-9cb2-deec812f3cdf/datanode-4/data-0/containers/hdds/010780ea-650b-44a2-9cb2-deec812f3cdf/DS-3773385b-adca-49cc-a9a7-94756236edc6/container.db for volume DS-3773385b-adca-49cc-a9a7-94756236edc6
2022-09-28 09:58:41,285 [EndpointStateMachine task thread for /0.0.0.0:36561 - 0 ] INFO  ozoneimpl.OzoneContainer (OzoneContainer.java:start(378)) - Attempting to start container services.
2022-09-28 09:58:41,285 [EndpointStateMachine task thread for /0.0.0.0:36561 - 0 ] INFO  ozoneimpl.OzoneContainer (OzoneContainer.java:startContainerScrub(313)) - Background container scanner has been disabled.
2022-09-28 09:58:41,290 [EndpointStateMachine task thread for /0.0.0.0:36561 - 0 ] INFO  replication.ReplicationServer (ReplicationServer.java:start(111)) - ReplicationServer is started using port 43229
2022-09-28 09:58:41,312 [EndpointStateMachine task thread for /0.0.0.0:36561 - 0 ] INFO  ratis.XceiverServerRatis (XceiverServerRatis.java:start(481)) - Starting XceiverServerRatis cc7744e9-0de8-45fb-8568-4a259232bd8e
2022-09-28 09:58:41,348 [EndpointStateMachine task thread for /0.0.0.0:36561 - 0 ] INFO  server.RaftServer (RaftServerProxy.java:lambda$start$6(382)) - cc7744e9-0de8-45fb-8568-4a259232bd8e: start RPC server
2022-09-28 09:58:41,372 [pool-818-thread-1] INFO  storage.RaftStorageDirectory (RaftStorageDirectoryImpl.java:tryLock(230)) - Lock on /home/runner/work/ozone/ozone/hadoop-ozone/integration-test/target/test-dir/MiniOzoneClusterImpl-010780ea-650b-44a2-9cb2-deec812f3cdf/datanode-1/data/ratis/762c2707-515e-4df9-a84e-381876c73b41/in_use.lock acquired by nodename 12863@fv-az204-790
2022-09-28 09:58:41,373 [EndpointStateMachine task thread for /0.0.0.0:36561 - 0 ] INFO  server.GrpcService (GrpcService.java:startImpl(260)) - cc7744e9-0de8-45fb-8568-4a259232bd8e: GrpcService started, listening on 39329
2022-09-28 09:58:41,373 [EndpointStateMachine task thread for /0.0.0.0:36561 - 0 ] INFO  ratis.XceiverServerRatis (XceiverServerRatis.java:getRealPort(502)) - XceiverServerRatis cc7744e9-0de8-45fb-8568-4a259232bd8e is started using port 39329 for RATIS
2022-09-28 09:58:41,373 [EndpointStateMachine task thread for /0.0.0.0:36561 - 0 ] INFO  ratis.XceiverServerRatis (XceiverServerRatis.java:getRealPort(502)) - XceiverServerRatis cc7744e9-0de8-45fb-8568-4a259232bd8e is started using port 39329 for RATIS_ADMIN
2022-09-28 09:58:41,373 [EndpointStateMachine task thread for /0.0.0.0:36561 - 0 ] INFO  ratis.XceiverServerRatis (XceiverServerRatis.java:getRealPort(502)) - XceiverServerRatis cc7744e9-0de8-45fb-8568-4a259232bd8e is started using port 39329 for RATIS_SERVER
2022-09-28 09:58:41,373 [org.apache.ratis.util.JvmPauseMonitor$$Lambda$634/511600595@2d9996a0] INFO  util.JvmPauseMonitor (JvmPauseMonitor.java:run(103)) - JvmPauseMonitor-cc7744e9-0de8-45fb-8568-4a259232bd8e: Started
2022-09-28 09:58:41,401 [pool-818-thread-1] INFO  storage.RaftStorage (RaftStorageImpl.java:format(89)) - Storage directory /home/runner/work/ozone/ozone/hadoop-ozone/integration-test/target/test-dir/MiniOzoneClusterImpl-010780ea-650b-44a2-9cb2-deec812f3cdf/datanode-1/data/ratis/762c2707-515e-4df9-a84e-381876c73b41 has been successfully formatted.
2022-09-28 09:58:41,401 [pool-818-thread-1] INFO  ratis.ContainerStateMachine (ContainerStateMachine.java:loadSnapshot(236)) - group-381876C73B41: The snapshot info is null. Setting the last applied indexto:(t:0, i:~)
2022-09-28 09:58:41,401 [pool-818-thread-1] INFO  server.RaftServerConfigKeys (ConfUtils.java:logGet(46)) - raft.server.notification.no-leader.timeout = 300s (custom)
2022-09-28 09:58:41,401 [pool-818-thread-1] INFO  server.RaftServerConfigKeys (ConfUtils.java:logGet(46)) - raft.server.log.use.memory = false (default)
2022-09-28 09:58:41,401 [pool-818-thread-1] INFO  server.RaftServerConfigKeys (ConfUtils.java:logGet(46)) - raft.server.log.purge.gap = 1000000 (custom)
2022-09-28 09:58:41,401 [pool-818-thread-1] INFO  server.RaftServerConfigKeys (ConfUtils.java:logGet(46)) - raft.server.log.appender.buffer.byte-limit = 33554432 (custom)
2022-09-28 09:58:41,401 [pool-818-thread-1] INFO  server.RaftServerConfigKeys (ConfUtils.java:logGet(46)) - raft.server.log.statemachine.data.read.timeout = 1000ms (default)
2022-09-28 09:58:41,401 [pool-818-thread-1] INFO  server.RaftServerConfigKeys (ConfUtils.java:logGet(46)) - raft.server.log.segment.size.max = 1048576 (custom)
2022-09-28 09:58:41,402 [pool-818-thread-1] INFO  server.RaftServerConfigKeys (ConfUtils.java:logGet(46)) - raft.server.log.segment.cache.num.max = 2 (custom)
2022-09-28 09:58:41,402 [pool-818-thread-1] INFO  server.RaftServerConfigKeys (ConfUtils.java:logGet(46)) - raft.server.log.segment.cache.size.max = 200MB (=209715200) (default)
2022-09-28 09:58:41,402 [pool-818-thread-1] INFO  segmented.SegmentedRaftLogWorker (SegmentedRaftLogWorker.java:<init>(187)) - new 9e9c1c6a-451f-46d5-9738-b004dc1aedb2@group-381876C73B41-SegmentedRaftLogWorker for RaftStorageImpl:Storage Directory /home/runner/work/ozone/ozone/hadoop-ozone/integration-test/target/test-dir/MiniOzoneClusterImpl-010780ea-650b-44a2-9cb2-deec812f3cdf/datanode-1/data/ratis/762c2707-515e-4df9-a84e-381876c73b41
2022-09-28 09:58:41,402 [pool-818-thread-1] INFO  server.RaftServerConfigKeys (ConfUtils.java:logGet(46)) - raft.server.log.queue.byte-limit = 4294967296 (custom)
2022-09-28 09:58:41,402 [pool-818-thread-1] INFO  server.RaftServerConfigKeys (ConfUtils.java:logGet(46)) - raft.server.log.queue.element-limit = 1024 (custom)
2022-09-28 09:58:41,402 [pool-818-thread-1] INFO  server.RaftServerConfigKeys (ConfUtils.java:logGet(46)) - raft.server.log.segment.size.max = 1048576 (custom)
2022-09-28 09:58:41,402 [pool-818-thread-1] INFO  server.RaftServerConfigKeys (ConfUtils.java:logGet(46)) - raft.server.log.preallocated.size = 16384 (custom)
2022-09-28 09:58:41,402 [pool-818-thread-1] INFO  server.RaftServerConfigKeys (ConfUtils.java:logGet(46)) - raft.server.log.force.sync.num = 128 (default)
2022-09-28 09:58:41,402 [pool-818-thread-1] INFO  server.RaftServerConfigKeys (ConfUtils.java:logGet(46)) - raft.server.log.statemachine.data.sync = true (default)
2022-09-28 09:58:41,402 [pool-818-thread-1] INFO  server.RaftServerConfigKeys (ConfUtils.java:logGet(46)) - raft.server.log.statemachine.data.sync.timeout = 10s (default)
2022-09-28 09:58:41,402 [pool-818-thread-1] INFO  server.RaftServerConfigKeys (ConfUtils.java:logGet(46)) - raft.server.log.statemachine.data.sync.timeout.retry = -1 (default)
2022-09-28 09:58:41,403 [pool-818-thread-1] INFO  server.RaftServerConfigKeys (ConfUtils.java:logGet(46)) - raft.server.log.write.buffer.size = 1048576 (custom)
2022-09-28 09:58:41,403 [pool-818-thread-1] INFO  server.RaftServerConfigKeys (ConfUtils.java:logGet(46)) - raft.server.log.unsafe-flush.enabled = false (default)
2022-09-28 09:58:41,403 [pool-818-thread-1] INFO  server.RaftServerConfigKeys (ConfUtils.java:logGet(46)) - raft.server.log.statemachine.data.caching.enabled = true (custom)
2022-09-28 09:58:41,403 [pool-818-thread-1] INFO  segmented.SegmentedRaftLogWorker (SegmentedRaftLogWorker.java:lambda$new$0(135)) - 9e9c1c6a-451f-46d5-9738-b004dc1aedb2@group-381876C73B41-SegmentedRaftLogWorker: flushIndex: setUnconditionally 0 -> -1
2022-09-28 09:58:41,403 [pool-818-thread-1] INFO  segmented.SegmentedRaftLogWorker (SegmentedRaftLogWorker.java:lambda$new$0(135)) - 9e9c1c6a-451f-46d5-9738-b004dc1aedb2@group-381876C73B41-SegmentedRaftLogWorker: safeCacheEvictIndex: setUnconditionally 0 -> -1
2022-09-28 09:58:41,404 [pool-818-thread-1] INFO  server.RaftServerConfigKeys (ConfUtils.java:logGet(46)) - raft.server.snapshot.auto.trigger.enabled = true (custom)
2022-09-28 09:58:41,404 [pool-818-thread-1] INFO  server.RaftServerConfigKeys (ConfUtils.java:logGet(46)) - raft.server.snapshot.auto.trigger.threshold = 10000 (custom)
2022-09-28 09:58:41,404 [pool-818-thread-1] INFO  server.RaftServerConfigKeys (ConfUtils.java:logGet(46)) - raft.server.snapshot.retention.file.num = 5 (custom)
2022-09-28 09:58:41,404 [pool-818-thread-1] INFO  server.RaftServerConfigKeys (ConfUtils.java:logGet(46)) - raft.server.log.purge.upto.snapshot.index = false (default)
2022-09-28 09:58:41,404 [pool-818-thread-1] INFO  server.RaftServerConfigKeys (ConfUtils.java:logGet(46)) - raft.server.retrycache.expirytime = 600000ms (custom)
2022-09-28 09:58:41,404 [pool-818-thread-1] INFO  server.RaftServerConfigKeys (ConfUtils.java:logGet(46)) - raft.server.retrycache.statistics.expirytime = 100μs (default)
2022-09-28 09:58:41,404 [EventQueue-OpenPipelineForHealthyPipelineSafeModeRule] INFO  safemode.SCMSafeModeManager (HealthyPipelineSafeModeRule.java:process(137)) - SCM in safe mode. Healthy pipelines reported count is 0, required healthy pipeline reported count is 1
2022-09-28 09:58:41,418 [EndpointStateMachine task thread for /0.0.0.0:36561 - 0 ] INFO  server.XceiverServerGrpc (XceiverServerGrpc.java:start(180)) - XceiverServerGrpc cc7744e9-0de8-45fb-8568-4a259232bd8e is started using port 40963
2022-09-28 09:58:41,453 [pool-818-thread-1] INFO  server.RaftServerConfigKeys (ConfUtils.java:logGet(46)) - raft.server.log.appender.install.snapshot.enabled = false (custom)
2022-09-28 09:58:41,453 [pool-818-thread-1] INFO  server.RaftServerConfigKeys (ConfUtils.java:logGet(46)) - raft.server.threadpool.server.cached = true (default)
2022-09-28 09:58:41,453 [pool-818-thread-1] INFO  server.RaftServerConfigKeys (ConfUtils.java:logGet(46)) - raft.server.threadpool.server.size = 0 (default)
2022-09-28 09:58:41,453 [pool-818-thread-1] INFO  server.RaftServerConfigKeys (ConfUtils.java:logGet(46)) - raft.server.threadpool.client.cached = true (default)
2022-09-28 09:58:41,453 [pool-818-thread-1] INFO  server.RaftServerConfigKeys (ConfUtils.java:logGet(46)) - raft.server.threadpool.client.size = 0 (default)
2022-09-28 09:58:41,453 [pool-818-thread-1] INFO  server.RaftServer$Division (RaftServerImpl.java:start(310)) - 9e9c1c6a-451f-46d5-9738-b004dc1aedb2@group-381876C73B41: start as a follower, conf=-1: [fa5dce8c-80cb-4c43-9e0a-2a910fa20985|rpc:10.1.1.21:40407|priority:1, 9e9c1c6a-451f-46d5-9738-b004dc1aedb2|rpc:10.1.1.21:38097|priority:0, 80fc50c2-999b-4282-ba04-29b80da548ab|rpc:10.1.1.21:45007|priority:0], old=null
2022-09-28 09:58:41,453 [pool-818-thread-1] INFO  server.RaftServer$Division (RaftServerImpl.java:setRole(299)) - 9e9c1c6a-451f-46d5-9738-b004dc1aedb2@group-381876C73B41: changes role from      null to FOLLOWER at term 0 for startAsFollower
2022-09-28 09:58:41,453 [pool-818-thread-1] INFO  impl.RoleInfo (RoleInfo.java:updateAndGet(139)) - 9e9c1c6a-451f-46d5-9738-b004dc1aedb2: start 9e9c1c6a-451f-46d5-9738-b004dc1aedb2@group-381876C73B41-FollowerState
2022-09-28 09:58:41,480 [pool-818-thread-1] INFO  util.JmxRegister (JmxRegister.java:tryRegister(44)) - Successfully registered JMX Bean with object name Ratis:service=RaftServer,group=group-381876C73B41,id=9e9c1c6a-451f-46d5-9738-b004dc1aedb2
2022-09-28 09:58:41,488 [Command processor thread] INFO  ratis.XceiverServerRatis (XceiverServerRatis.java:addGroup(765)) - Created group PipelineID=762c2707-515e-4df9-a84e-381876c73b41
2022-09-28 09:58:41,491 [IPC Server handler 0 on default port 36561] INFO  net.NetworkTopologyImpl (NetworkTopologyImpl.java:add(112)) - Added a new node: /default-rack/44e4ad90-3045-4837-8321-a98dd49203be
2022-09-28 09:58:41,491 [IPC Server handler 0 on default port 36561] INFO  node.SCMNodeManager (SCMNodeManager.java:register(397)) - Registered Data node : 44e4ad90-3045-4837-8321-a98dd49203be{ip: 10.1.1.21, host: fv-az204-790.d0ggoinxmwcejgojbuqly40l0e.cx.internal.cloudapp.net, ports: [REPLICATION=35305, RATIS=45577, RATIS_ADMIN=45577, RATIS_SERVER=45577, STANDALONE=34865], networkLocation: /default-rack, certSerialId: null, persistedOpState: null, persistedOpStateExpiryEpochSec: 0}
2022-09-28 09:58:41,491 [EventQueue-NewNodeForNewNodeHandler] INFO  pipeline.BackgroundPipelineCreator (BackgroundPipelineCreator.java:notifyEventTriggered(276)) - trigger a one-shot run on RatisPipelineUtilsThread.
2022-09-28 09:58:41,492 [RatisPipelineUtilsThread - 0] INFO  pipeline.RatisPipelineProvider (RatisPipelineProvider.java:lambda$create$0(195)) - Sending CreatePipelineCommand for pipeline:PipelineID=213345a9-e0ba-4297-8249-9782b235a21a to datanode:44e4ad90-3045-4837-8321-a98dd49203be
2022-09-28 09:58:41,492 [RatisPipelineUtilsThread - 0] INFO  pipeline.PipelineStateManagerImpl (PipelineStateManagerImpl.java:addPipeline(103)) - Created pipeline Pipeline[ Id: 213345a9-e0ba-4297-8249-9782b235a21a, Nodes: 44e4ad90-3045-4837-8321-a98dd49203be{ip: 10.1.1.21, host: fv-az204-790.d0ggoinxmwcejgojbuqly40l0e.cx.internal.cloudapp.net, ports: [REPLICATION=35305, RATIS=45577, RATIS_ADMIN=45577, RATIS_SERVER=45577, STANDALONE=34865], networkLocation: /default-rack, certSerialId: null, persistedOpState: IN_SERVICE, persistedOpStateExpiryEpochSec: 0}, ReplicationConfig: RATIS/ONE, State:ALLOCATED, leaderId:, CreationTimestamp2022-09-28T09:58:41.492Z[Etc/UTC]].
2022-09-28 09:58:41,513 [grpc-default-executor-0] INFO  server.RaftServer (RaftServerProxy.java:addNew(96)) - 80fc50c2-999b-4282-ba04-29b80da548ab: addNew group-381876C73B41:[fa5dce8c-80cb-4c43-9e0a-2a910fa20985|rpc:10.1.1.21:40407|dataStream:|priority:1, 9e9c1c6a-451f-46d5-9738-b004dc1aedb2|rpc:10.1.1.21:38097|dataStream:|priority:0, 80fc50c2-999b-4282-ba04-29b80da548ab|rpc:10.1.1.21:45007|dataStream:|priority:0] returns group-381876C73B41:java.util.concurrent.CompletableFuture@5fd0c916[Not completed]
2022-09-28 09:58:41,514 [pool-795-thread-1] INFO  server.RaftServer$Division (RaftServerImpl.java:<init>(190)) - 80fc50c2-999b-4282-ba04-29b80da548ab: new RaftServerImpl for group-381876C73B41:[fa5dce8c-80cb-4c43-9e0a-2a910fa20985|rpc:10.1.1.21:40407|dataStream:|priority:1, 9e9c1c6a-451f-46d5-9738-b004dc1aedb2|rpc:10.1.1.21:38097|dataStream:|priority:0, 80fc50c2-999b-4282-ba04-29b80da548ab|rpc:10.1.1.21:45007|dataStream:|priority:0] with ContainerStateMachine:uninitialized
2022-09-28 09:58:41,515 [pool-795-thread-1] INFO  server.RaftServerConfigKeys (ConfUtils.java:logGet(46)) - raft.server.rpc.timeout.min = 5s (custom)
2022-09-28 09:58:41,515 [pool-795-thread-1] INFO  server.RaftServerConfigKeys (ConfUtils.java:logGet(46)) - raft.server.rpc.timeout.max = 5200ms (custom)
2022-09-28 09:58:41,515 [pool-795-thread-1] INFO  server.RaftServerConfigKeys (ConfUtils.java:logGet(46)) - raft.server.rpc.sleep.time = 25ms (default)
2022-09-28 09:58:41,515 [pool-795-thread-1] INFO  server.RaftServerConfigKeys (ConfUtils.java:logGet(46)) - raft.server.rpc.slowness.timeout = 300s (custom)
2022-09-28 09:58:41,515 [pool-795-thread-1] INFO  server.RaftServerConfigKeys (ConfUtils.java:logGet(46)) - raft.server.leaderelection.leader.step-down.wait-time = 10s (default)
2022-09-28 09:58:41,515 [pool-795-thread-1] INFO  server.RaftServerConfigKeys (ConfUtils.java:logGet(46)) - raft.server.sleep.deviation.threshold = 300ms (default)
2022-09-28 09:58:41,515 [pool-795-thread-1] INFO  server.RaftServer$Division (ServerState.java:<init>(107)) - 80fc50c2-999b-4282-ba04-29b80da548ab@group-381876C73B41: ConfigurationManager, init=-1: [fa5dce8c-80cb-4c43-9e0a-2a910fa20985|rpc:10.1.1.21:40407|dataStream:|priority:1, 9e9c1c6a-451f-46d5-9738-b004dc1aedb2|rpc:10.1.1.21:38097|dataStream:|priority:0, 80fc50c2-999b-4282-ba04-29b80da548ab|rpc:10.1.1.21:45007|dataStream:|priority:0], old=null, confs=<EMPTY_MAP>
2022-09-28 09:58:41,515 [pool-795-thread-1] INFO  server.RaftServerConfigKeys (ConfUtils.java:logGet(46)) - raft.server.storage.dir = [/home/runner/work/ozone/ozone/hadoop-ozone/integration-test/target/test-dir/MiniOzoneClusterImpl-010780ea-650b-44a2-9cb2-deec812f3cdf/datanode-0/data/ratis] (custom)
2022-09-28 09:58:41,515 [pool-795-thread-1] INFO  server.RaftServerConfigKeys (ConfUtils.java:logGet(46)) - raft.server.log.corruption.policy = EXCEPTION (default)
2022-09-28 09:58:41,515 [pool-795-thread-1] INFO  server.RaftServerConfigKeys (ConfUtils.java:logGet(46)) - raft.server.storage.free-space.min = 0MB (=0) (default)
2022-09-28 09:58:41,515 [pool-795-thread-1] INFO  storage.RaftStorageDirectory (RaftStorageDirectoryImpl.java:analyzeStorage(135)) - The storage directory /home/runner/work/ozone/ozone/hadoop-ozone/integration-test/target/test-dir/MiniOzoneClusterImpl-010780ea-650b-44a2-9cb2-deec812f3cdf/datanode-0/data/ratis/762c2707-515e-4df9-a84e-381876c73b41 does not exist. Creating ...
2022-09-28 09:58:41,520 [pool-795-thread-1] INFO  storage.RaftStorageDirectory (RaftStorageDirectoryImpl.java:tryLock(230)) - Lock on /home/runner/work/ozone/ozone/hadoop-ozone/integration-test/target/test-dir/MiniOzoneClusterImpl-010780ea-650b-44a2-9cb2-deec812f3cdf/datanode-0/data/ratis/762c2707-515e-4df9-a84e-381876c73b41/in_use.lock acquired by nodename 12863@fv-az204-790
2022-09-28 09:58:41,521 [pool-795-thread-1] INFO  storage.RaftStorage (RaftStorageImpl.java:format(89)) - Storage directory /home/runner/work/ozone/ozone/hadoop-ozone/integration-test/target/test-dir/MiniOzoneClusterImpl-010780ea-650b-44a2-9cb2-deec812f3cdf/datanode-0/data/ratis/762c2707-515e-4df9-a84e-381876c73b41 has been successfully formatted.
2022-09-28 09:58:41,521 [pool-795-thread-1] INFO  ratis.ContainerStateMachine (ContainerStateMachine.java:loadSnapshot(236)) - group-381876C73B41: The snapshot info is null. Setting the last applied indexto:(t:0, i:~)
2022-09-28 09:58:41,521 [pool-795-thread-1] INFO  server.RaftServerConfigKeys (ConfUtils.java:logGet(46)) - raft.server.notification.no-leader.timeout = 300s (custom)
2022-09-28 09:58:41,521 [pool-795-thread-1] INFO  server.RaftServerConfigKeys (ConfUtils.java:logGet(46)) - raft.server.log.use.memory = false (default)
2022-09-28 09:58:41,521 [pool-795-thread-1] INFO  server.RaftServerConfigKeys (ConfUtils.java:logGet(46)) - raft.server.log.purge.gap = 1000000 (custom)
2022-09-28 09:58:41,521 [pool-795-thread-1] INFO  server.RaftServerConfigKeys (ConfUtils.java:logGet(46)) - raft.server.log.appender.buffer.byte-limit = 33554432 (custom)
2022-09-28 09:58:41,521 [pool-795-thread-1] INFO  server.RaftServerConfigKeys (ConfUtils.java:logGet(46)) - raft.server.log.statemachine.data.read.timeout = 1000ms (default)
2022-09-28 09:58:41,522 [pool-795-thread-1] INFO  server.RaftServerConfigKeys (ConfUtils.java:logGet(46)) - raft.server.log.segment.size.max = 1048576 (custom)
2022-09-28 09:58:41,522 [pool-795-thread-1] INFO  server.RaftServerConfigKeys (ConfUtils.java:logGet(46)) - raft.server.log.segment.cache.num.max = 2 (custom)
2022-09-28 09:58:41,522 [pool-795-thread-1] INFO  server.RaftServerConfigKeys (ConfUtils.java:logGet(46)) - raft.server.log.segment.cache.size.max = 200MB (=209715200) (default)
2022-09-28 09:58:41,522 [pool-795-thread-1] INFO  segmented.SegmentedRaftLogWorker (SegmentedRaftLogWorker.java:<init>(187)) - new 80fc50c2-999b-4282-ba04-29b80da548ab@group-381876C73B41-SegmentedRaftLogWorker for RaftStorageImpl:Storage Directory /home/runner/work/ozone/ozone/hadoop-ozone/integration-test/target/test-dir/MiniOzoneClusterImpl-010780ea-650b-44a2-9cb2-deec812f3cdf/datanode-0/data/ratis/762c2707-515e-4df9-a84e-381876c73b41
2022-09-28 09:58:41,522 [pool-795-thread-1] INFO  server.RaftServerConfigKeys (ConfUtils.java:logGet(46)) - raft.server.log.queue.byte-limit = 4294967296 (custom)
2022-09-28 09:58:41,522 [pool-795-thread-1] INFO  server.RaftServerConfigKeys (ConfUtils.java:logGet(46)) - raft.server.log.queue.element-limit = 1024 (custom)
2022-09-28 09:58:41,522 [pool-795-thread-1] INFO  server.RaftServerConfigKeys (ConfUtils.java:logGet(46)) - raft.server.log.segment.size.max = 1048576 (custom)
2022-09-28 09:58:41,522 [pool-795-thread-1] INFO  server.RaftServerConfigKeys (ConfUtils.java:logGet(46)) - raft.server.log.preallocated.size = 16384 (custom)
2022-09-28 09:58:41,522 [pool-795-thread-1] INFO  server.RaftServerConfigKeys (ConfUtils.java:logGet(46)) - raft.server.log.force.sync.num = 128 (default)
2022-09-28 09:58:41,522 [pool-795-thread-1] INFO  server.RaftServerConfigKeys (ConfUtils.java:logGet(46)) - raft.server.log.statemachine.data.sync = true (default)
2022-09-28 09:58:41,522 [pool-795-thread-1] INFO  server.RaftServerConfigKeys (ConfUtils.java:logGet(46)) - raft.server.log.statemachine.data.sync.timeout = 10s (default)
2022-09-28 09:58:41,522 [pool-795-thread-1] INFO  server.RaftServerConfigKeys (ConfUtils.java:logGet(46)) - raft.server.log.statemachine.data.sync.timeout.retry = -1 (default)
2022-09-28 09:58:41,523 [pool-795-thread-1] INFO  server.RaftServerConfigKeys (ConfUtils.java:logGet(46)) - raft.server.log.write.buffer.size = 1048576 (custom)
2022-09-28 09:58:41,523 [pool-795-thread-1] INFO  server.RaftServerConfigKeys (ConfUtils.java:logGet(46)) - raft.server.log.unsafe-flush.enabled = false (default)
2022-09-28 09:58:41,523 [pool-795-thread-1] INFO  server.RaftServerConfigKeys (ConfUtils.java:logGet(46)) - raft.server.log.statemachine.data.caching.enabled = true (custom)
2022-09-28 09:58:41,524 [pool-795-thread-1] INFO  segmented.SegmentedRaftLogWorker (SegmentedRaftLogWorker.java:lambda$new$0(135)) - 80fc50c2-999b-4282-ba04-29b80da548ab@group-381876C73B41-SegmentedRaftLogWorker: flushIndex: setUnconditionally 0 -> -1
2022-09-28 09:58:41,524 [pool-795-thread-1] INFO  segmented.SegmentedRaftLogWorker (SegmentedRaftLogWorker.java:lambda$new$0(135)) - 80fc50c2-999b-4282-ba04-29b80da548ab@group-381876C73B41-SegmentedRaftLogWorker: safeCacheEvictIndex: setUnconditionally 0 -> -1
2022-09-28 09:58:41,525 [EventQueue-OpenPipelineForHealthyPipelineSafeModeRule] INFO  safemode.SCMSafeModeManager (HealthyPipelineSafeModeRule.java:process(137)) - SCM in safe mode. Healthy pipelines reported count is 0, required healthy pipeline reported count is 1
2022-09-28 09:58:41,552 [pool-795-thread-1] INFO  server.RaftServerConfigKeys (ConfUtils.java:logGet(46)) - raft.server.snapshot.auto.trigger.enabled = true (custom)
2022-09-28 09:58:41,552 [pool-795-thread-1] INFO  server.RaftServerConfigKeys (ConfUtils.java:logGet(46)) - raft.server.snapshot.auto.trigger.threshold = 10000 (custom)
2022-09-28 09:58:41,552 [pool-795-thread-1] INFO  server.RaftServerConfigKeys (ConfUtils.java:logGet(46)) - raft.server.snapshot.retention.file.num = 5 (custom)
2022-09-28 09:58:41,552 [pool-795-thread-1] INFO  server.RaftServerConfigKeys (ConfUtils.java:logGet(46)) - raft.server.log.purge.upto.snapshot.index = false (default)
2022-09-28 09:58:41,552 [pool-795-thread-1] INFO  server.RaftServerConfigKeys (ConfUtils.java:logGet(46)) - raft.server.retrycache.expirytime = 600000ms (custom)
2022-09-28 09:58:41,552 [pool-795-thread-1] INFO  server.RaftServerConfigKeys (ConfUtils.java:logGet(46)) - raft.server.retrycache.statistics.expirytime = 100μs (default)
2022-09-28 09:58:41,554 [pool-795-thread-1] INFO  server.RaftServerConfigKeys (ConfUtils.java:logGet(46)) - raft.server.log.appender.install.snapshot.enabled = false (custom)
2022-09-28 09:58:41,554 [pool-795-thread-1] INFO  server.RaftServerConfigKeys (ConfUtils.java:logGet(46)) - raft.server.threadpool.server.cached = true (default)
2022-09-28 09:58:41,554 [pool-795-thread-1] INFO  server.RaftServerConfigKeys (ConfUtils.java:logGet(46)) - raft.server.threadpool.server.size = 0 (default)
2022-09-28 09:58:41,554 [pool-795-thread-1] INFO  server.RaftServerConfigKeys (ConfUtils.java:logGet(46)) - raft.server.threadpool.client.cached = true (default)
2022-09-28 09:58:41,554 [pool-795-thread-1] INFO  server.RaftServerConfigKeys (ConfUtils.java:logGet(46)) - raft.server.threadpool.client.size = 0 (default)
2022-09-28 09:58:41,554 [pool-795-thread-1] INFO  server.RaftServer$Division (RaftServerImpl.java:start(310)) - 80fc50c2-999b-4282-ba04-29b80da548ab@group-381876C73B41: start as a follower, conf=-1: [fa5dce8c-80cb-4c43-9e0a-2a910fa20985|rpc:10.1.1.21:40407|dataStream:|priority:1, 9e9c1c6a-451f-46d5-9738-b004dc1aedb2|rpc:10.1.1.21:38097|dataStream:|priority:0, 80fc50c2-999b-4282-ba04-29b80da548ab|rpc:10.1.1.21:45007|dataStream:|priority:0], old=null
2022-09-28 09:58:41,554 [pool-795-thread-1] INFO  server.RaftServer$Division (RaftServerImpl.java:setRole(299)) - 80fc50c2-999b-4282-ba04-29b80da548ab@group-381876C73B41: changes role from      null to FOLLOWER at term 0 for startAsFollower
2022-09-28 09:58:41,554 [pool-795-thread-1] INFO  impl.RoleInfo (RoleInfo.java:updateAndGet(139)) - 80fc50c2-999b-4282-ba04-29b80da548ab: start 80fc50c2-999b-4282-ba04-29b80da548ab@group-381876C73B41-FollowerState
2022-09-28 09:58:41,572 [pool-795-thread-1] INFO  util.JmxRegister (JmxRegister.java:tryRegister(44)) - Successfully registered JMX Bean with object name Ratis:service=RaftServer,group=group-381876C73B41,id=80fc50c2-999b-4282-ba04-29b80da548ab
2022-09-28 09:58:41,737 [grpc-default-executor-0] INFO  server.RaftServer (RaftServerProxy.java:addNew(96)) - fa5dce8c-80cb-4c43-9e0a-2a910fa20985: addNew group-381876C73B41:[fa5dce8c-80cb-4c43-9e0a-2a910fa20985|rpc:10.1.1.21:40407|dataStream:|priority:1, 9e9c1c6a-451f-46d5-9738-b004dc1aedb2|rpc:10.1.1.21:38097|dataStream:|priority:0, 80fc50c2-999b-4282-ba04-29b80da548ab|rpc:10.1.1.21:45007|dataStream:|priority:0] returns group-381876C73B41:java.util.concurrent.CompletableFuture@5bfdab3d[Not completed]
2022-09-28 09:58:41,737 [pool-841-thread-1] INFO  server.RaftServer$Division (RaftServerImpl.java:<init>(190)) - fa5dce8c-80cb-4c43-9e0a-2a910fa20985: new RaftServerImpl for group-381876C73B41:[fa5dce8c-80cb-4c43-9e0a-2a910fa20985|rpc:10.1.1.21:40407|dataStream:|priority:1, 9e9c1c6a-451f-46d5-9738-b004dc1aedb2|rpc:10.1.1.21:38097|dataStream:|priority:0, 80fc50c2-999b-4282-ba04-29b80da548ab|rpc:10.1.1.21:45007|dataStream:|priority:0] with ContainerStateMachine:uninitialized
2022-09-28 09:58:41,737 [pool-841-thread-1] INFO  server.RaftServerConfigKeys (ConfUtils.java:logGet(46)) - raft.server.rpc.timeout.min = 5s (custom)
2022-09-28 09:58:41,737 [pool-841-thread-1] INFO  server.RaftServerConfigKeys (ConfUtils.java:logGet(46)) - raft.server.rpc.timeout.max = 5200ms (custom)
2022-09-28 09:58:41,737 [pool-841-thread-1] INFO  server.RaftServerConfigKeys (ConfUtils.java:logGet(46)) - raft.server.rpc.sleep.time = 25ms (default)
2022-09-28 09:58:41,737 [pool-841-thread-1] INFO  server.RaftServerConfigKeys (ConfUtils.java:logGet(46)) - raft.server.rpc.slowness.timeout = 300s (custom)
2022-09-28 09:58:41,737 [pool-841-thread-1] INFO  server.RaftServerConfigKeys (ConfUtils.java:logGet(46)) - raft.server.leaderelection.leader.step-down.wait-time = 10s (default)
2022-09-28 09:58:41,737 [pool-841-thread-1] INFO  server.RaftServerConfigKeys (ConfUtils.java:logGet(46)) - raft.server.sleep.deviation.threshold = 300ms (default)
2022-09-28 09:58:41,738 [pool-841-thread-1] INFO  server.RaftServer$Division (ServerState.java:<init>(107)) - fa5dce8c-80cb-4c43-9e0a-2a910fa20985@group-381876C73B41: ConfigurationManager, init=-1: [fa5dce8c-80cb-4c43-9e0a-2a910fa20985|rpc:10.1.1.21:40407|dataStream:|priority:1, 9e9c1c6a-451f-46d5-9738-b004dc1aedb2|rpc:10.1.1.21:38097|dataStream:|priority:0, 80fc50c2-999b-4282-ba04-29b80da548ab|rpc:10.1.1.21:45007|dataStream:|priority:0], old=null, confs=<EMPTY_MAP>
2022-09-28 09:58:41,738 [pool-841-thread-1] INFO  server.RaftServerConfigKeys (ConfUtils.java:logGet(46)) - raft.server.storage.dir = [/home/runner/work/ozone/ozone/hadoop-ozone/integration-test/target/test-dir/MiniOzoneClusterImpl-010780ea-650b-44a2-9cb2-deec812f3cdf/datanode-2/data/ratis] (custom)
2022-09-28 09:58:41,738 [pool-841-thread-1] INFO  server.RaftServerConfigKeys (ConfUtils.java:logGet(46)) - raft.server.log.corruption.policy = EXCEPTION (default)
2022-09-28 09:58:41,738 [pool-841-thread-1] INFO  server.RaftServerConfigKeys (ConfUtils.java:logGet(46)) - raft.server.storage.free-space.min = 0MB (=0) (default)
2022-09-28 09:58:41,738 [pool-841-thread-1] INFO  storage.RaftStorageDirectory (RaftStorageDirectoryImpl.java:analyzeStorage(135)) - The storage directory /home/runner/work/ozone/ozone/hadoop-ozone/integration-test/target/test-dir/MiniOzoneClusterImpl-010780ea-650b-44a2-9cb2-deec812f3cdf/datanode-2/data/ratis/762c2707-515e-4df9-a84e-381876c73b41 does not exist. Creating ...
2022-09-28 09:58:41,739 [pool-841-thread-1] INFO  storage.RaftStorageDirectory (RaftStorageDirectoryImpl.java:tryLock(230)) - Lock on /home/runner/work/ozone/ozone/hadoop-ozone/integration-test/target/test-dir/MiniOzoneClusterImpl-010780ea-650b-44a2-9cb2-deec812f3cdf/datanode-2/data/ratis/762c2707-515e-4df9-a84e-381876c73b41/in_use.lock acquired by nodename 12863@fv-az204-790
2022-09-28 09:58:41,740 [pool-841-thread-1] INFO  storage.RaftStorage (RaftStorageImpl.java:format(89)) - Storage directory /home/runner/work/ozone/ozone/hadoop-ozone/integration-test/target/test-dir/MiniOzoneClusterImpl-010780ea-650b-44a2-9cb2-deec812f3cdf/datanode-2/data/ratis/762c2707-515e-4df9-a84e-381876c73b41 has been successfully formatted.
2022-09-28 09:58:41,740 [pool-841-thread-1] INFO  ratis.ContainerStateMachine (ContainerStateMachine.java:loadSnapshot(236)) - group-381876C73B41: The snapshot info is null. Setting the last applied indexto:(t:0, i:~)
2022-09-28 09:58:41,773 [pool-841-thread-1] INFO  server.RaftServerConfigKeys (ConfUtils.java:logGet(46)) - raft.server.notification.no-leader.timeout = 300s (custom)
2022-09-28 09:58:41,773 [pool-841-thread-1] INFO  server.RaftServerConfigKeys (ConfUtils.java:logGet(46)) - raft.server.log.use.memory = false (default)
2022-09-28 09:58:41,773 [pool-841-thread-1] INFO  server.RaftServerConfigKeys (ConfUtils.java:logGet(46)) - raft.server.log.purge.gap = 1000000 (custom)
2022-09-28 09:58:41,773 [pool-841-thread-1] INFO  server.RaftServerConfigKeys (ConfUtils.java:logGet(46)) - raft.server.log.appender.buffer.byte-limit = 33554432 (custom)
2022-09-28 09:58:41,773 [pool-841-thread-1] INFO  server.RaftServerConfigKeys (ConfUtils.java:logGet(46)) - raft.server.log.statemachine.data.read.timeout = 1000ms (default)
2022-09-28 09:58:41,773 [pool-841-thread-1] INFO  server.RaftServerConfigKeys (ConfUtils.java:logGet(46)) - raft.server.log.segment.size.max = 1048576 (custom)
2022-09-28 09:58:41,774 [pool-841-thread-1] INFO  server.RaftServerConfigKeys (ConfUtils.java:logGet(46)) - raft.server.log.segment.cache.num.max = 2 (custom)
2022-09-28 09:58:41,774 [pool-841-thread-1] INFO  server.RaftServerConfigKeys (ConfUtils.java:logGet(46)) - raft.server.log.segment.cache.size.max = 200MB (=209715200) (default)
2022-09-28 09:58:41,774 [pool-841-thread-1] INFO  segmented.SegmentedRaftLogWorker (SegmentedRaftLogWorker.java:<init>(187)) - new fa5dce8c-80cb-4c43-9e0a-2a910fa20985@group-381876C73B41-SegmentedRaftLogWorker for RaftStorageImpl:Storage Directory /home/runner/work/ozone/ozone/hadoop-ozone/integration-test/target/test-dir/MiniOzoneClusterImpl-010780ea-650b-44a2-9cb2-deec812f3cdf/datanode-2/data/ratis/762c2707-515e-4df9-a84e-381876c73b41
2022-09-28 09:58:41,774 [pool-841-thread-1] INFO  server.RaftServerConfigKeys (ConfUtils.java:logGet(46)) - raft.server.log.queue.byte-limit = 4294967296 (custom)
2022-09-28 09:58:41,774 [pool-841-thread-1] INFO  server.RaftServerConfigKeys (ConfUtils.java:logGet(46)) - raft.server.log.queue.element-limit = 1024 (custom)
2022-09-28 09:58:41,774 [pool-841-thread-1] INFO  server.RaftServerConfigKeys (ConfUtils.java:logGet(46)) - raft.server.log.segment.size.max = 1048576 (custom)
2022-09-28 09:58:41,774 [pool-841-thread-1] INFO  server.RaftServerConfigKeys (ConfUtils.java:logGet(46)) - raft.server.log.preallocated.size = 16384 (custom)
2022-09-28 09:58:41,774 [pool-841-thread-1] INFO  server.RaftServerConfigKeys (ConfUtils.java:logGet(46)) - raft.server.log.force.sync.num = 128 (default)
2022-09-28 09:58:41,774 [pool-841-thread-1] INFO  server.RaftServerConfigKeys (ConfUtils.java:logGet(46)) - raft.server.log.statemachine.data.sync = true (default)
2022-09-28 09:58:41,774 [pool-841-thread-1] INFO  server.RaftServerConfigKeys (ConfUtils.java:logGet(46)) - raft.server.log.statemachine.data.sync.timeout = 10s (default)
2022-09-28 09:58:41,774 [pool-841-thread-1] INFO  server.RaftServerConfigKeys (ConfUtils.java:logGet(46)) - raft.server.log.statemachine.data.sync.timeout.retry = -1 (default)
2022-09-28 09:58:41,775 [pool-841-thread-1] INFO  server.RaftServerConfigKeys (ConfUtils.java:logGet(46)) - raft.server.log.write.buffer.size = 1048576 (custom)
2022-09-28 09:58:41,775 [pool-841-thread-1] INFO  server.RaftServerConfigKeys (ConfUtils.java:logGet(46)) - raft.server.log.unsafe-flush.enabled = false (default)
2022-09-28 09:58:41,775 [pool-841-thread-1] INFO  server.RaftServerConfigKeys (ConfUtils.java:logGet(46)) - raft.server.log.statemachine.data.caching.enabled = true (custom)
2022-09-28 09:58:41,775 [pool-841-thread-1] INFO  segmented.SegmentedRaftLogWorker (SegmentedRaftLogWorker.java:lambda$new$0(135)) - fa5dce8c-80cb-4c43-9e0a-2a910fa20985@group-381876C73B41-SegmentedRaftLogWorker: flushIndex: setUnconditionally 0 -> -1
2022-09-28 09:58:41,775 [pool-841-thread-1] INFO  segmented.SegmentedRaftLogWorker (SegmentedRaftLogWorker.java:lambda$new$0(135)) - fa5dce8c-80cb-4c43-9e0a-2a910fa20985@group-381876C73B41-SegmentedRaftLogWorker: safeCacheEvictIndex: setUnconditionally 0 -> -1
2022-09-28 09:58:41,780 [pool-841-thread-1] INFO  server.RaftServerConfigKeys (ConfUtils.java:logGet(46)) - raft.server.snapshot.auto.trigger.enabled = true (custom)
2022-09-28 09:58:41,780 [pool-841-thread-1] INFO  server.RaftServerConfigKeys (ConfUtils.java:logGet(46)) - raft.server.snapshot.auto.trigger.threshold = 10000 (custom)
2022-09-28 09:58:41,780 [pool-841-thread-1] INFO  server.RaftServerConfigKeys (ConfUtils.java:logGet(46)) - raft.server.snapshot.retention.file.num = 5 (custom)
2022-09-28 09:58:41,780 [pool-841-thread-1] INFO  server.RaftServerConfigKeys (ConfUtils.java:logGet(46)) - raft.server.log.purge.upto.snapshot.index = false (default)
2022-09-28 09:58:41,780 [pool-841-thread-1] INFO  server.RaftServerConfigKeys (ConfUtils.java:logGet(46)) - raft.server.retrycache.expirytime = 600000ms (custom)
2022-09-28 09:58:41,780 [pool-841-thread-1] INFO  server.RaftServerConfigKeys (ConfUtils.java:logGet(46)) - raft.server.retrycache.statistics.expirytime = 100μs (default)
2022-09-28 09:58:41,782 [pool-841-thread-1] INFO  server.RaftServerConfigKeys (ConfUtils.java:logGet(46)) - raft.server.log.appender.install.snapshot.enabled = false (custom)
2022-09-28 09:58:41,782 [pool-841-thread-1] INFO  server.RaftServerConfigKeys (ConfUtils.java:logGet(46)) - raft.server.threadpool.server.cached = true (default)
2022-09-28 09:58:41,782 [pool-841-thread-1] INFO  server.RaftServerConfigKeys (ConfUtils.java:logGet(46)) - raft.server.threadpool.server.size = 0 (default)
2022-09-28 09:58:41,782 [pool-841-thread-1] INFO  server.RaftServerConfigKeys (ConfUtils.java:logGet(46)) - raft.server.threadpool.client.cached = true (default)
2022-09-28 09:58:41,782 [pool-841-thread-1] INFO  server.RaftServerConfigKeys (ConfUtils.java:logGet(46)) - raft.server.threadpool.client.size = 0 (default)
2022-09-28 09:58:41,782 [pool-841-thread-1] INFO  server.RaftServer$Division (RaftServerImpl.java:start(310)) - fa5dce8c-80cb-4c43-9e0a-2a910fa20985@group-381876C73B41: start as a follower, conf=-1: [fa5dce8c-80cb-4c43-9e0a-2a910fa20985|rpc:10.1.1.21:40407|dataStream:|priority:1, 9e9c1c6a-451f-46d5-9738-b004dc1aedb2|rpc:10.1.1.21:38097|dataStream:|priority:0, 80fc50c2-999b-4282-ba04-29b80da548ab|rpc:10.1.1.21:45007|dataStream:|priority:0], old=null
2022-09-28 09:58:41,782 [pool-841-thread-1] INFO  server.RaftServer$Division (RaftServerImpl.java:setRole(299)) - fa5dce8c-80cb-4c43-9e0a-2a910fa20985@group-381876C73B41: changes role from      null to FOLLOWER at term 0 for startAsFollower
2022-09-28 09:58:41,782 [pool-841-thread-1] INFO  impl.RoleInfo (RoleInfo.java:updateAndGet(139)) - fa5dce8c-80cb-4c43-9e0a-2a910fa20985: start fa5dce8c-80cb-4c43-9e0a-2a910fa20985@group-381876C73B41-FollowerState
2022-09-28 09:58:41,800 [pool-841-thread-1] INFO  util.JmxRegister (JmxRegister.java:tryRegister(44)) - Successfully registered JMX Bean with object name Ratis:service=RaftServer,group=group-381876C73B41,id=fa5dce8c-80cb-4c43-9e0a-2a910fa20985
2022-09-28 09:58:41,851 [Command processor thread] INFO  commandhandler.CreatePipelineCommandHandler (CreatePipelineCommandHandler.java:handle(113)) - Created Pipeline RATIS THREE PipelineID=762c2707-515e-4df9-a84e-381876c73b41.
2022-09-28 09:58:41,945 [Listener at 127.0.0.1/38925] INFO  ozone.MiniOzoneClusterImpl (MiniOzoneClusterImpl.java:lambda$waitForClusterToBeReady$0(216)) - Waiting for nodes to be ready. Got 4 of 5 DN Heartbeats.
2022-09-28 09:58:41,946 [Listener at 127.0.0.1/38925] INFO  ozone.MiniOzoneClusterImpl (MiniOzoneClusterImpl.java:lambda$waitForClusterToBeReady$0(219)) - Waiting for cluster to exit safe mode
2022-09-28 09:58:41,946 [Listener at 127.0.0.1/38925] INFO  ozone.MiniOzoneClusterImpl (MiniOzoneClusterImpl.java:lambda$waitForClusterToBeReady$0(221)) - SCM became leader
2022-09-28 09:58:42,542 [Command processor thread] INFO  server.RaftServer (RaftServerProxy.java:addNew(96)) - fa5dce8c-80cb-4c43-9e0a-2a910fa20985: addNew group-FA97BD08EA35:[fa5dce8c-80cb-4c43-9e0a-2a910fa20985|rpc:10.1.1.21:40407|priority:1] returns group-FA97BD08EA35:java.util.concurrent.CompletableFuture@1ca034a7[Not completed]
2022-09-28 09:58:42,543 [pool-841-thread-1] INFO  server.RaftServer$Division (RaftServerImpl.java:<init>(190)) - fa5dce8c-80cb-4c43-9e0a-2a910fa20985: new RaftServerImpl for group-FA97BD08EA35:[fa5dce8c-80cb-4c43-9e0a-2a910fa20985|rpc:10.1.1.21:40407|priority:1] with ContainerStateMachine:uninitialized
2022-09-28 09:58:42,543 [pool-841-thread-1] INFO  server.RaftServerConfigKeys (ConfUtils.java:logGet(46)) - raft.server.rpc.timeout.min = 5s (custom)
2022-09-28 09:58:42,543 [pool-841-thread-1] INFO  server.RaftServerConfigKeys (ConfUtils.java:logGet(46)) - raft.server.rpc.timeout.max = 5200ms (custom)
2022-09-28 09:58:42,543 [pool-841-thread-1] INFO  server.RaftServerConfigKeys (ConfUtils.java:logGet(46)) - raft.server.rpc.sleep.time = 25ms (default)
2022-09-28 09:58:42,543 [pool-841-thread-1] INFO  server.RaftServerConfigKeys (ConfUtils.java:logGet(46)) - raft.server.rpc.slowness.timeout = 300s (custom)
2022-09-28 09:58:42,543 [pool-841-thread-1] INFO  server.RaftServerConfigKeys (ConfUtils.java:logGet(46)) - raft.server.leaderelection.leader.step-down.wait-time = 10s (default)
2022-09-28 09:58:42,543 [pool-841-thread-1] INFO  server.RaftServerConfigKeys (ConfUtils.java:logGet(46)) - raft.server.sleep.deviation.threshold = 300ms (default)
2022-09-28 09:58:42,543 [pool-841-thread-1] INFO  server.RaftServer$Division (ServerState.java:<init>(107)) - fa5dce8c-80cb-4c43-9e0a-2a910fa20985@group-FA97BD08EA35: ConfigurationManager, init=-1: [fa5dce8c-80cb-4c43-9e0a-2a910fa20985|rpc:10.1.1.21:40407|priority:1], old=null, confs=<EMPTY_MAP>
2022-09-28 09:58:42,543 [pool-841-thread-1] INFO  server.RaftServerConfigKeys (ConfUtils.java:logGet(46)) - raft.server.storage.dir = [/home/runner/work/ozone/ozone/hadoop-ozone/integration-test/target/test-dir/MiniOzoneClusterImpl-010780ea-650b-44a2-9cb2-deec812f3cdf/datanode-2/data/ratis] (custom)
2022-09-28 09:58:42,543 [pool-841-thread-1] INFO  server.RaftServerConfigKeys (ConfUtils.java:logGet(46)) - raft.server.log.corruption.policy = EXCEPTION (default)
2022-09-28 09:58:42,543 [pool-841-thread-1] INFO  server.RaftServerConfigKeys (ConfUtils.java:logGet(46)) - raft.server.storage.free-space.min = 0MB (=0) (default)
2022-09-28 09:58:42,543 [pool-841-thread-1] INFO  storage.RaftStorageDirectory (RaftStorageDirectoryImpl.java:analyzeStorage(135)) - The storage directory /home/runner/work/ozone/ozone/hadoop-ozone/integration-test/target/test-dir/MiniOzoneClusterImpl-010780ea-650b-44a2-9cb2-deec812f3cdf/datanode-2/data/ratis/02d43fd1-4f9f-4161-b83e-fa97bd08ea35 does not exist. Creating ...
2022-09-28 09:58:42,544 [pool-841-thread-1] INFO  storage.RaftStorageDirectory (RaftStorageDirectoryImpl.java:tryLock(230)) - Lock on /home/runner/work/ozone/ozone/hadoop-ozone/integration-test/target/test-dir/MiniOzoneClusterImpl-010780ea-650b-44a2-9cb2-deec812f3cdf/datanode-2/data/ratis/02d43fd1-4f9f-4161-b83e-fa97bd08ea35/in_use.lock acquired by nodename 12863@fv-az204-790
2022-09-28 09:58:42,565 [pool-841-thread-1] INFO  storage.RaftStorage (RaftStorageImpl.java:format(89)) - Storage directory /home/runner/work/ozone/ozone/hadoop-ozone/integration-test/target/test-dir/MiniOzoneClusterImpl-010780ea-650b-44a2-9cb2-deec812f3cdf/datanode-2/data/ratis/02d43fd1-4f9f-4161-b83e-fa97bd08ea35 has been successfully formatted.
2022-09-28 09:58:42,565 [pool-841-thread-1] INFO  ratis.ContainerStateMachine (ContainerStateMachine.java:loadSnapshot(236)) - group-FA97BD08EA35: The snapshot info is null. Setting the last applied indexto:(t:0, i:~)
2022-09-28 09:58:42,566 [pool-841-thread-1] INFO  server.RaftServerConfigKeys (ConfUtils.java:logGet(46)) - raft.server.notification.no-leader.timeout = 300s (custom)
2022-09-28 09:58:42,566 [pool-841-thread-1] INFO  server.RaftServerConfigKeys (ConfUtils.java:logGet(46)) - raft.server.log.use.memory = false (default)
2022-09-28 09:58:42,566 [pool-841-thread-1] INFO  server.RaftServerConfigKeys (ConfUtils.java:logGet(46)) - raft.server.log.purge.gap = 1000000 (custom)
2022-09-28 09:58:42,566 [pool-841-thread-1] INFO  server.RaftServerConfigKeys (ConfUtils.java:logGet(46)) - raft.server.log.appender.buffer.byte-limit = 33554432 (custom)
2022-09-28 09:58:42,566 [pool-841-thread-1] INFO  server.RaftServerConfigKeys (ConfUtils.java:logGet(46)) - raft.server.log.statemachine.data.read.timeout = 1000ms (default)
2022-09-28 09:58:42,566 [pool-841-thread-1] INFO  server.RaftServerConfigKeys (ConfUtils.java:logGet(46)) - raft.server.log.segment.size.max = 1048576 (custom)
2022-09-28 09:58:42,566 [pool-841-thread-1] INFO  server.RaftServerConfigKeys (ConfUtils.java:logGet(46)) - raft.server.log.segment.cache.num.max = 2 (custom)
2022-09-28 09:58:42,566 [pool-841-thread-1] INFO  server.RaftServerConfigKeys (ConfUtils.java:logGet(46)) - raft.server.log.segment.cache.size.max = 200MB (=209715200) (default)
2022-09-28 09:58:42,566 [pool-841-thread-1] INFO  segmented.SegmentedRaftLogWorker (SegmentedRaftLogWorker.java:<init>(187)) - new fa5dce8c-80cb-4c43-9e0a-2a910fa20985@group-FA97BD08EA35-SegmentedRaftLogWorker for RaftStorageImpl:Storage Directory /home/runner/work/ozone/ozone/hadoop-ozone/integration-test/target/test-dir/MiniOzoneClusterImpl-010780ea-650b-44a2-9cb2-deec812f3cdf/datanode-2/data/ratis/02d43fd1-4f9f-4161-b83e-fa97bd08ea35
2022-09-28 09:58:42,566 [pool-841-thread-1] INFO  server.RaftServerConfigKeys (ConfUtils.java:logGet(46)) - raft.server.log.queue.byte-limit = 4294967296 (custom)
2022-09-28 09:58:42,566 [pool-841-thread-1] INFO  server.RaftServerConfigKeys (ConfUtils.java:logGet(46)) - raft.server.log.queue.element-limit = 1024 (custom)
2022-09-28 09:58:42,566 [pool-841-thread-1] INFO  server.RaftServerConfigKeys (ConfUtils.java:logGet(46)) - raft.server.log.segment.size.max = 1048576 (custom)
2022-09-28 09:58:42,566 [pool-841-thread-1] INFO  server.RaftServerConfigKeys (ConfUtils.java:logGet(46)) - raft.server.log.preallocated.size = 16384 (custom)
2022-09-28 09:58:42,566 [pool-841-thread-1] INFO  server.RaftServerConfigKeys (ConfUtils.java:logGet(46)) - raft.server.log.force.sync.num = 128 (default)
2022-09-28 09:58:42,567 [pool-841-thread-1] INFO  server.RaftServerConfigKeys (ConfUtils.java:logGet(46)) - raft.server.log.statemachine.data.sync = true (default)
2022-09-28 09:58:42,567 [pool-841-thread-1] INFO  server.RaftServerConfigKeys (ConfUtils.java:logGet(46)) - raft.server.log.statemachine.data.sync.timeout = 10s (default)
2022-09-28 09:58:42,567 [pool-841-thread-1] INFO  server.RaftServerConfigKeys (ConfUtils.java:logGet(46)) - raft.server.log.statemachine.data.sync.timeout.retry = -1 (default)
2022-09-28 09:58:42,567 [pool-841-thread-1] INFO  server.RaftServerConfigKeys (ConfUtils.java:logGet(46)) - raft.server.log.write.buffer.size = 1048576 (custom)
2022-09-28 09:58:42,568 [pool-841-thread-1] INFO  server.RaftServerConfigKeys (ConfUtils.java:logGet(46)) - raft.server.log.unsafe-flush.enabled = false (default)
2022-09-28 09:58:42,568 [pool-841-thread-1] INFO  server.RaftServerConfigKeys (ConfUtils.java:logGet(46)) - raft.server.log.statemachine.data.caching.enabled = true (custom)
2022-09-28 09:58:42,568 [pool-841-thread-1] INFO  segmented.SegmentedRaftLogWorker (SegmentedRaftLogWorker.java:lambda$new$0(135)) - fa5dce8c-80cb-4c43-9e0a-2a910fa20985@group-FA97BD08EA35-SegmentedRaftLogWorker: flushIndex: setUnconditionally 0 -> -1
2022-09-28 09:58:42,568 [pool-841-thread-1] INFO  segmented.SegmentedRaftLogWorker (SegmentedRaftLogWorker.java:lambda$new$0(135)) - fa5dce8c-80cb-4c43-9e0a-2a910fa20985@group-FA97BD08EA35-SegmentedRaftLogWorker: safeCacheEvictIndex: setUnconditionally 0 -> -1
2022-09-28 09:58:42,573 [EventQueue-PipelineReportForPipelineReportHandler] INFO  pipeline.PipelineManagerImpl (PipelineManagerImpl.java:openPipeline(367)) - Pipeline Pipeline[ Id: 02d43fd1-4f9f-4161-b83e-fa97bd08ea35, Nodes: fa5dce8c-80cb-4c43-9e0a-2a910fa20985{ip: 10.1.1.21, host: fv-az204-790.d0ggoinxmwcejgojbuqly40l0e.cx.internal.cloudapp.net, ports: [REPLICATION=37109, RATIS=40407, RATIS_ADMIN=40407, RATIS_SERVER=40407, STANDALONE=41339], networkLocation: /default-rack, certSerialId: null, persistedOpState: IN_SERVICE, persistedOpStateExpiryEpochSec: 0}, ReplicationConfig: RATIS/ONE, State:ALLOCATED, leaderId:fa5dce8c-80cb-4c43-9e0a-2a910fa20985, CreationTimestamp2022-09-28T09:58:39.576Z[Etc/UTC]] moved to OPEN state
2022-09-28 09:58:42,574 [EventQueue-OpenPipelineForHealthyPipelineSafeModeRule] INFO  safemode.SCMSafeModeManager (HealthyPipelineSafeModeRule.java:process(137)) - SCM in safe mode. Healthy pipelines reported count is 0, required healthy pipeline reported count is 1
2022-09-28 09:58:42,596 [pool-841-thread-1] INFO  server.RaftServerConfigKeys (ConfUtils.java:logGet(46)) - raft.server.snapshot.auto.trigger.enabled = true (custom)
2022-09-28 09:58:42,597 [pool-841-thread-1] INFO  server.RaftServerConfigKeys (ConfUtils.java:logGet(46)) - raft.server.snapshot.auto.trigger.threshold = 10000 (custom)
2022-09-28 09:58:42,597 [pool-841-thread-1] INFO  server.RaftServerConfigKeys (ConfUtils.java:logGet(46)) - raft.server.snapshot.retention.file.num = 5 (custom)
2022-09-28 09:58:42,598 [pool-841-thread-1] INFO  server.RaftServerConfigKeys (ConfUtils.java:logGet(46)) - raft.server.log.purge.upto.snapshot.index = false (default)
2022-09-28 09:58:42,598 [pool-841-thread-1] INFO  server.RaftServerConfigKeys (ConfUtils.java:logGet(46)) - raft.server.retrycache.expirytime = 600000ms (custom)
2022-09-28 09:58:42,598 [pool-841-thread-1] INFO  server.RaftServerConfigKeys (ConfUtils.java:logGet(46)) - raft.server.retrycache.statistics.expirytime = 100μs (default)
2022-09-28 09:58:42,599 [pool-841-thread-1] INFO  server.RaftServerConfigKeys (ConfUtils.java:logGet(46)) - raft.server.log.appender.install.snapshot.enabled = false (custom)
2022-09-28 09:58:42,599 [pool-841-thread-1] INFO  server.RaftServerConfigKeys (ConfUtils.java:logGet(46)) - raft.server.threadpool.server.cached = true (default)
2022-09-28 09:58:42,599 [pool-841-thread-1] INFO  server.RaftServerConfigKeys (ConfUtils.java:logGet(46)) - raft.server.threadpool.server.size = 0 (default)
2022-09-28 09:58:42,599 [pool-841-thread-1] INFO  server.RaftServerConfigKeys (ConfUtils.java:logGet(46)) - raft.server.threadpool.client.cached = true (default)
2022-09-28 09:58:42,599 [pool-841-thread-1] INFO  server.RaftServerConfigKeys (ConfUtils.java:logGet(46)) - raft.server.threadpool.client.size = 0 (default)
2022-09-28 09:58:42,599 [pool-841-thread-1] INFO  server.RaftServer$Division (RaftServerImpl.java:start(310)) - fa5dce8c-80cb-4c43-9e0a-2a910fa20985@group-FA97BD08EA35: start as a follower, conf=-1: [fa5dce8c-80cb-4c43-9e0a-2a910fa20985|rpc:10.1.1.21:40407|priority:1], old=null
2022-09-28 09:58:42,599 [pool-841-thread-1] INFO  server.RaftServer$Division (RaftServerImpl.java:setRole(299)) - fa5dce8c-80cb-4c43-9e0a-2a910fa20985@group-FA97BD08EA35: changes role from      null to FOLLOWER at term 0 for startAsFollower
2022-09-28 09:58:42,599 [pool-841-thread-1] INFO  impl.RoleInfo (RoleInfo.java:updateAndGet(139)) - fa5dce8c-80cb-4c43-9e0a-2a910fa20985: start fa5dce8c-80cb-4c43-9e0a-2a910fa20985@group-FA97BD08EA35-FollowerState
2022-09-28 09:58:42,600 [pool-841-thread-1] INFO  util.JmxRegister (JmxRegister.java:tryRegister(44)) - Successfully registered JMX Bean with object name Ratis:service=RaftServer,group=group-FA97BD08EA35,id=fa5dce8c-80cb-4c43-9e0a-2a910fa20985
2022-09-28 09:58:42,608 [Command processor thread] INFO  ratis.XceiverServerRatis (XceiverServerRatis.java:addGroup(765)) - Created group PipelineID=02d43fd1-4f9f-4161-b83e-fa97bd08ea35
2022-09-28 09:58:42,608 [Command processor thread] INFO  commandhandler.CreatePipelineCommandHandler (CreatePipelineCommandHandler.java:handle(113)) - Created Pipeline RATIS ONE PipelineID=02d43fd1-4f9f-4161-b83e-fa97bd08ea35.
2022-09-28 09:58:42,946 [Listener at 127.0.0.1/38925] INFO  ozone.MiniOzoneClusterImpl (MiniOzoneClusterImpl.java:lambda$waitForClusterToBeReady$0(216)) - Waiting for nodes to be ready. Got 4 of 5 DN Heartbeats.
2022-09-28 09:58:42,946 [Listener at 127.0.0.1/38925] INFO  ozone.MiniOzoneClusterImpl (MiniOzoneClusterImpl.java:lambda$waitForClusterToBeReady$0(219)) - Waiting for cluster to exit safe mode
2022-09-28 09:58:42,946 [Listener at 127.0.0.1/38925] INFO  ozone.MiniOzoneClusterImpl (MiniOzoneClusterImpl.java:lambda$waitForClusterToBeReady$0(221)) - SCM became leader
2022-09-28 09:58:43,100 [IPC Server handler 6 on default port 36561] INFO  net.NetworkTopologyImpl (NetworkTopologyImpl.java:add(112)) - Added a new node: /default-rack/cc7744e9-0de8-45fb-8568-4a259232bd8e
2022-09-28 09:58:43,101 [IPC Server handler 6 on default port 36561] INFO  node.SCMNodeManager (SCMNodeManager.java:register(397)) - Registered Data node : cc7744e9-0de8-45fb-8568-4a259232bd8e{ip: 10.1.1.21, host: fv-az204-790.d0ggoinxmwcejgojbuqly40l0e.cx.internal.cloudapp.net, ports: [REPLICATION=43229, RATIS=39329, RATIS_ADMIN=39329, RATIS_SERVER=39329, STANDALONE=40963], networkLocation: /default-rack, certSerialId: null, persistedOpState: null, persistedOpStateExpiryEpochSec: 0}
2022-09-28 09:58:43,104 [EventQueue-NewNodeForNewNodeHandler] INFO  pipeline.BackgroundPipelineCreator (BackgroundPipelineCreator.java:notifyEventTriggered(276)) - trigger a one-shot run on RatisPipelineUtilsThread.
2022-09-28 09:58:43,105 [RatisPipelineUtilsThread - 0] INFO  pipeline.RatisPipelineProvider (RatisPipelineProvider.java:lambda$create$0(195)) - Sending CreatePipelineCommand for pipeline:PipelineID=f44658b6-fbd6-4b1b-be21-734e42158928 to datanode:cc7744e9-0de8-45fb-8568-4a259232bd8e
2022-09-28 09:58:43,105 [RatisPipelineUtilsThread - 0] INFO  pipeline.PipelineStateManagerImpl (PipelineStateManagerImpl.java:addPipeline(103)) - Created pipeline Pipeline[ Id: f44658b6-fbd6-4b1b-be21-734e42158928, Nodes: cc7744e9-0de8-45fb-8568-4a259232bd8e{ip: 10.1.1.21, host: fv-az204-790.d0ggoinxmwcejgojbuqly40l0e.cx.internal.cloudapp.net, ports: [REPLICATION=43229, RATIS=39329, RATIS_ADMIN=39329, RATIS_SERVER=39329, STANDALONE=40963], networkLocation: /default-rack, certSerialId: null, persistedOpState: IN_SERVICE, persistedOpStateExpiryEpochSec: 0}, ReplicationConfig: RATIS/ONE, State:ALLOCATED, leaderId:, CreationTimestamp2022-09-28T09:58:43.105Z[Etc/UTC]].
2022-09-28 09:58:43,946 [Listener at 127.0.0.1/38925] INFO  ozone.MiniOzoneClusterImpl (MiniOzoneClusterImpl.java:lambda$waitForClusterToBeReady$0(216)) - Nodes are ready. Got 5 of 5 DN Heartbeats.
2022-09-28 09:58:43,947 [Listener at 127.0.0.1/38925] INFO  ozone.MiniOzoneClusterImpl (MiniOzoneClusterImpl.java:lambda$waitForClusterToBeReady$0(219)) - Waiting for cluster to exit safe mode
2022-09-28 09:58:43,947 [Listener at 127.0.0.1/38925] INFO  ozone.MiniOzoneClusterImpl (MiniOzoneClusterImpl.java:lambda$waitForClusterToBeReady$0(221)) - SCM became leader
2022-09-28 09:58:44,480 [Command processor thread] INFO  server.RaftServer (RaftServerProxy.java:addNew(96)) - 44e4ad90-3045-4837-8321-a98dd49203be: addNew group-9782B235A21A:[44e4ad90-3045-4837-8321-a98dd49203be|rpc:10.1.1.21:45577|priority:1] returns group-9782B235A21A:java.util.concurrent.CompletableFuture@21b9160d[Not completed]
2022-09-28 09:58:44,508 [pool-873-thread-1] INFO  server.RaftServer$Division (RaftServerImpl.java:<init>(190)) - 44e4ad90-3045-4837-8321-a98dd49203be: new RaftServerImpl for group-9782B235A21A:[44e4ad90-3045-4837-8321-a98dd49203be|rpc:10.1.1.21:45577|priority:1] with ContainerStateMachine:uninitialized
2022-09-28 09:58:44,508 [pool-873-thread-1] INFO  server.RaftServerConfigKeys (ConfUtils.java:logGet(46)) - raft.server.rpc.timeout.min = 5s (custom)
2022-09-28 09:58:44,508 [pool-873-thread-1] INFO  server.RaftServerConfigKeys (ConfUtils.java:logGet(46)) - raft.server.rpc.timeout.max = 5200ms (custom)
2022-09-28 09:58:44,508 [pool-873-thread-1] INFO  server.RaftServerConfigKeys (ConfUtils.java:logGet(46)) - raft.server.rpc.sleep.time = 25ms (default)
2022-09-28 09:58:44,508 [pool-873-thread-1] INFO  server.RaftServerConfigKeys (ConfUtils.java:logGet(46)) - raft.server.rpc.slowness.timeout = 300s (custom)
2022-09-28 09:58:44,508 [pool-873-thread-1] INFO  server.RaftServerConfigKeys (ConfUtils.java:logGet(46)) - raft.server.leaderelection.leader.step-down.wait-time = 10s (default)
2022-09-28 09:58:44,508 [pool-873-thread-1] INFO  server.RaftServerConfigKeys (ConfUtils.java:logGet(46)) - raft.server.sleep.deviation.threshold = 300ms (default)
2022-09-28 09:58:44,508 [pool-873-thread-1] INFO  server.RaftServer$Division (ServerState.java:<init>(107)) - 44e4ad90-3045-4837-8321-a98dd49203be@group-9782B235A21A: ConfigurationManager, init=-1: [44e4ad90-3045-4837-8321-a98dd49203be|rpc:10.1.1.21:45577|priority:1], old=null, confs=<EMPTY_MAP>
2022-09-28 09:58:44,508 [pool-873-thread-1] INFO  server.RaftServerConfigKeys (ConfUtils.java:logGet(46)) - raft.server.storage.dir = [/home/runner/work/ozone/ozone/hadoop-ozone/integration-test/target/test-dir/MiniOzoneClusterImpl-010780ea-650b-44a2-9cb2-deec812f3cdf/datanode-3/data/ratis] (custom)
2022-09-28 09:58:44,516 [pool-873-thread-1] INFO  server.RaftServerConfigKeys (ConfUtils.java:logGet(46)) - raft.server.log.corruption.policy = EXCEPTION (default)
2022-09-28 09:58:44,516 [pool-873-thread-1] INFO  server.RaftServerConfigKeys (ConfUtils.java:logGet(46)) - raft.server.storage.free-space.min = 0MB (=0) (default)
2022-09-28 09:58:44,516 [pool-873-thread-1] INFO  storage.RaftStorageDirectory (RaftStorageDirectoryImpl.java:analyzeStorage(135)) - The storage directory /home/runner/work/ozone/ozone/hadoop-ozone/integration-test/target/test-dir/MiniOzoneClusterImpl-010780ea-650b-44a2-9cb2-deec812f3cdf/datanode-3/data/ratis/213345a9-e0ba-4297-8249-9782b235a21a does not exist. Creating ...
2022-09-28 09:58:44,521 [pool-873-thread-1] INFO  storage.RaftStorageDirectory (RaftStorageDirectoryImpl.java:tryLock(230)) - Lock on /home/runner/work/ozone/ozone/hadoop-ozone/integration-test/target/test-dir/MiniOzoneClusterImpl-010780ea-650b-44a2-9cb2-deec812f3cdf/datanode-3/data/ratis/213345a9-e0ba-4297-8249-9782b235a21a/in_use.lock acquired by nodename 12863@fv-az204-790
2022-09-28 09:58:44,545 [pool-873-thread-1] INFO  storage.RaftStorage (RaftStorageImpl.java:format(89)) - Storage directory /home/runner/work/ozone/ozone/hadoop-ozone/integration-test/target/test-dir/MiniOzoneClusterImpl-010780ea-650b-44a2-9cb2-deec812f3cdf/datanode-3/data/ratis/213345a9-e0ba-4297-8249-9782b235a21a has been successfully formatted.
2022-09-28 09:58:44,568 [80fc50c2-999b-4282-ba04-29b80da548ab@group-A60C6C98F2CD-FollowerState] INFO  impl.FollowerState (FollowerState.java:run(143)) - 80fc50c2-999b-4282-ba04-29b80da548ab@group-A60C6C98F2CD-FollowerState: change to CANDIDATE, lastRpcElapsedTime:5038691107ns, electionTimeout:5027ms
2022-09-28 09:58:44,568 [80fc50c2-999b-4282-ba04-29b80da548ab@group-A60C6C98F2CD-FollowerState] INFO  impl.RoleInfo (RoleInfo.java:shutdownFollowerState(110)) - 80fc50c2-999b-4282-ba04-29b80da548ab: shutdown 80fc50c2-999b-4282-ba04-29b80da548ab@group-A60C6C98F2CD-FollowerState
2022-09-28 09:58:44,568 [80fc50c2-999b-4282-ba04-29b80da548ab@group-A60C6C98F2CD-FollowerState] INFO  server.RaftServer$Division (RaftServerImpl.java:setRole(299)) - 80fc50c2-999b-4282-ba04-29b80da548ab@group-A60C6C98F2CD: changes role from  FOLLOWER to CANDIDATE at term 0 for changeToCandidate
2022-09-28 09:58:44,569 [80fc50c2-999b-4282-ba04-29b80da548ab@group-A60C6C98F2CD-FollowerState] INFO  server.RaftServerConfigKeys (ConfUtils.java:logGet(46)) - raft.server.leaderelection.pre-vote = false (custom)
2022-09-28 09:58:44,569 [80fc50c2-999b-4282-ba04-29b80da548ab@group-A60C6C98F2CD-FollowerState] INFO  impl.RoleInfo (RoleInfo.java:updateAndGet(139)) - 80fc50c2-999b-4282-ba04-29b80da548ab: start 80fc50c2-999b-4282-ba04-29b80da548ab@group-A60C6C98F2CD-LeaderElection36
2022-09-28 09:58:44,608 [pool-873-thread-1] INFO  ratis.ContainerStateMachine (ContainerStateMachine.java:loadSnapshot(236)) - group-9782B235A21A: The snapshot info is null. Setting the last applied indexto:(t:0, i:~)
2022-09-28 09:58:44,634 [80fc50c2-999b-4282-ba04-29b80da548ab@group-A60C6C98F2CD-LeaderElection36] INFO  impl.LeaderElection (LeaderElection.java:askForVotes(310)) - 80fc50c2-999b-4282-ba04-29b80da548ab@group-A60C6C98F2CD-LeaderElection36 ELECTION round 0: submit vote requests at term 1 for -1: [80fc50c2-999b-4282-ba04-29b80da548ab|rpc:10.1.1.21:45007|priority:1], old=null
2022-09-28 09:58:44,634 [80fc50c2-999b-4282-ba04-29b80da548ab@group-A60C6C98F2CD-LeaderElection36] INFO  impl.LeaderElection (LeaderElection.java:askForVotes(312)) - 80fc50c2-999b-4282-ba04-29b80da548ab@group-A60C6C98F2CD-LeaderElection36 ELECTION round 0: result PASSED (term=1)
2022-09-28 09:58:44,634 [80fc50c2-999b-4282-ba04-29b80da548ab@group-A60C6C98F2CD-LeaderElection36] INFO  impl.RoleInfo (RoleInfo.java:shutdownLeaderElection(130)) - 80fc50c2-999b-4282-ba04-29b80da548ab: shutdown 80fc50c2-999b-4282-ba04-29b80da548ab@group-A60C6C98F2CD-LeaderElection36
2022-09-28 09:58:44,634 [80fc50c2-999b-4282-ba04-29b80da548ab@group-A60C6C98F2CD-LeaderElection36] INFO  server.RaftServer$Division (RaftServerImpl.java:setRole(299)) - 80fc50c2-999b-4282-ba04-29b80da548ab@group-A60C6C98F2CD: changes role from CANDIDATE to LEADER at term 1 for changeToLeader
2022-09-28 09:58:44,634 [80fc50c2-999b-4282-ba04-29b80da548ab@group-A60C6C98F2CD-LeaderElection36] INFO  ratis.XceiverServerRatis (XceiverServerRatis.java:handleLeaderChangedNotification(863)) - Leader change notification received for group: group-A60C6C98F2CD with new leaderId: 80fc50c2-999b-4282-ba04-29b80da548ab
2022-09-28 09:58:44,634 [80fc50c2-999b-4282-ba04-29b80da548ab@group-A60C6C98F2CD-LeaderElection36] INFO  server.RaftServer$Division (ServerState.java:setLeader(287)) - 80fc50c2-999b-4282-ba04-29b80da548ab@group-A60C6C98F2CD: change Leader from null to 80fc50c2-999b-4282-ba04-29b80da548ab at term 1 for becomeLeader, leader elected after 5112ms
2022-09-28 09:58:44,634 [80fc50c2-999b-4282-ba04-29b80da548ab@group-A60C6C98F2CD-LeaderElection36] INFO  server.RaftServerConfigKeys (ConfUtils.java:logGet(46)) - raft.server.staging.catchup.gap = 1000 (default)
2022-09-28 09:58:44,634 [80fc50c2-999b-4282-ba04-29b80da548ab@group-A60C6C98F2CD-LeaderElection36] INFO  server.RaftServerConfigKeys (ConfUtils.java:logGet(46)) - raft.server.write.element-limit = 1024 (custom)
2022-09-28 09:58:44,634 [80fc50c2-999b-4282-ba04-29b80da548ab@group-A60C6C98F2CD-LeaderElection36] INFO  server.RaftServerConfigKeys (ConfUtils.java:logGet(46)) - raft.server.write.byte-limit = 1024 M (=1073741824) (custom)
2022-09-28 09:58:44,635 [80fc50c2-999b-4282-ba04-29b80da548ab@group-A60C6C98F2CD-LeaderElection36] INFO  server.RaftServerConfigKeys (ConfUtils.java:logGet(46)) - raft.server.watch.timeout = 180s (custom)
2022-09-28 09:58:44,635 [80fc50c2-999b-4282-ba04-29b80da548ab@group-A60C6C98F2CD-LeaderElection36] INFO  server.RaftServerConfigKeys (ConfUtils.java:logGet(46)) - raft.server.watch.timeout.denomination = 1s (default)
2022-09-28 09:58:44,635 [80fc50c2-999b-4282-ba04-29b80da548ab@group-A60C6C98F2CD-LeaderElection36] INFO  server.RaftServerConfigKeys (ConfUtils.java:logGet(46)) - raft.server.watch.element-limit = 65536 (default)
2022-09-28 09:58:44,635 [80fc50c2-999b-4282-ba04-29b80da548ab@group-A60C6C98F2CD-LeaderElection36] INFO  server.RaftServerConfigKeys (ConfUtils.java:logGet(46)) - raft.server.write.element-limit = 1024 (custom)
2022-09-28 09:58:44,635 [80fc50c2-999b-4282-ba04-29b80da548ab@group-A60C6C98F2CD-LeaderElection36] INFO  server.RaftServerConfigKeys (ConfUtils.java:logGet(46)) - raft.server.write.follower.gap.ratio.max = -1.0 (default)
2022-09-28 09:58:44,635 [80fc50c2-999b-4282-ba04-29b80da548ab@group-A60C6C98F2CD-LeaderElection36] INFO  impl.RoleInfo (RoleInfo.java:updateAndGet(139)) - 80fc50c2-999b-4282-ba04-29b80da548ab: start 80fc50c2-999b-4282-ba04-29b80da548ab@group-A60C6C98F2CD-LeaderStateImpl
2022-09-28 09:58:44,640 [80fc50c2-999b-4282-ba04-29b80da548ab@group-A60C6C98F2CD-LeaderElection36] INFO  segmented.SegmentedRaftLogWorker (SegmentedRaftLogWorker.java:startLogSegment(425)) - 80fc50c2-999b-4282-ba04-29b80da548ab@group-A60C6C98F2CD-SegmentedRaftLogWorker: Starting segment from index:0
2022-09-28 09:58:44,641 [EventQueue-OpenPipelineForHealthyPipelineSafeModeRule] INFO  safemode.SCMSafeModeManager (HealthyPipelineSafeModeRule.java:process(137)) - SCM in safe mode. Healthy pipelines reported count is 0, required healthy pipeline reported count is 1
2022-09-28 09:58:44,641 [80fc50c2-999b-4282-ba04-29b80da548ab@group-A60C6C98F2CD-SegmentedRaftLogWorker] INFO  segmented.SegmentedRaftLogWorker (SegmentedRaftLogWorker.java:execute(629)) - 80fc50c2-999b-4282-ba04-29b80da548ab@group-A60C6C98F2CD-SegmentedRaftLogWorker: created new log segment /home/runner/work/ozone/ozone/hadoop-ozone/integration-test/target/test-dir/MiniOzoneClusterImpl-010780ea-650b-44a2-9cb2-deec812f3cdf/datanode-0/data/ratis/d48f3b33-71a7-40ce-9571-a60c6c98f2cd/current/log_inprogress_0
2022-09-28 09:58:44,664 [pool-873-thread-1] INFO  server.RaftServerConfigKeys (ConfUtils.java:logGet(46)) - raft.server.notification.no-leader.timeout = 300s (custom)
2022-09-28 09:58:44,664 [pool-873-thread-1] INFO  server.RaftServerConfigKeys (ConfUtils.java:logGet(46)) - raft.server.log.use.memory = false (default)
2022-09-28 09:58:44,664 [pool-873-thread-1] INFO  server.RaftServerConfigKeys (ConfUtils.java:logGet(46)) - raft.server.log.purge.gap = 1000000 (custom)
2022-09-28 09:58:44,664 [pool-873-thread-1] INFO  server.RaftServerConfigKeys (ConfUtils.java:logGet(46)) - raft.server.log.appender.buffer.byte-limit = 33554432 (custom)
2022-09-28 09:58:44,664 [pool-873-thread-1] INFO  server.RaftServerConfigKeys (ConfUtils.java:logGet(46)) - raft.server.log.statemachine.data.read.timeout = 1000ms (default)
2022-09-28 09:58:44,665 [pool-873-thread-1] INFO  server.RaftServerConfigKeys (ConfUtils.java:logGet(46)) - raft.server.log.segment.size.max = 1048576 (custom)
2022-09-28 09:58:44,665 [pool-873-thread-1] INFO  server.RaftServerConfigKeys (ConfUtils.java:logGet(46)) - raft.server.log.segment.cache.num.max = 2 (custom)
2022-09-28 09:58:44,665 [pool-873-thread-1] INFO  server.RaftServerConfigKeys (ConfUtils.java:logGet(46)) - raft.server.log.segment.cache.size.max = 200MB (=209715200) (default)
2022-09-28 09:58:44,665 [pool-873-thread-1] INFO  segmented.SegmentedRaftLogWorker (SegmentedRaftLogWorker.java:<init>(187)) - new 44e4ad90-3045-4837-8321-a98dd49203be@group-9782B235A21A-SegmentedRaftLogWorker for RaftStorageImpl:Storage Directory /home/runner/work/ozone/ozone/hadoop-ozone/integration-test/target/test-dir/MiniOzoneClusterImpl-010780ea-650b-44a2-9cb2-deec812f3cdf/datanode-3/data/ratis/213345a9-e0ba-4297-8249-9782b235a21a
2022-09-28 09:58:44,665 [pool-873-thread-1] INFO  server.RaftServerConfigKeys (ConfUtils.java:logGet(46)) - raft.server.log.queue.byte-limit = 4294967296 (custom)
2022-09-28 09:58:44,665 [pool-873-thread-1] INFO  server.RaftServerConfigKeys (ConfUtils.java:logGet(46)) - raft.server.log.queue.element-limit = 1024 (custom)
2022-09-28 09:58:44,665 [pool-873-thread-1] INFO  server.RaftServerConfigKeys (ConfUtils.java:logGet(46)) - raft.server.log.segment.size.max = 1048576 (custom)
2022-09-28 09:58:44,665 [pool-873-thread-1] INFO  server.RaftServerConfigKeys (ConfUtils.java:logGet(46)) - raft.server.log.preallocated.size = 16384 (custom)
2022-09-28 09:58:44,665 [pool-873-thread-1] INFO  server.RaftServerConfigKeys (ConfUtils.java:logGet(46)) - raft.server.log.force.sync.num = 128 (default)
2022-09-28 09:58:44,665 [pool-873-thread-1] INFO  server.RaftServerConfigKeys (ConfUtils.java:logGet(46)) - raft.server.log.statemachine.data.sync = true (default)
2022-09-28 09:58:44,665 [pool-873-thread-1] INFO  server.RaftServerConfigKeys (ConfUtils.java:logGet(46)) - raft.server.log.statemachine.data.sync.timeout = 10s (default)
2022-09-28 09:58:44,665 [pool-873-thread-1] INFO  server.RaftServerConfigKeys (ConfUtils.java:logGet(46)) - raft.server.log.statemachine.data.sync.timeout.retry = -1 (default)
2022-09-28 09:58:44,666 [pool-873-thread-1] INFO  server.RaftServerConfigKeys (ConfUtils.java:logGet(46)) - raft.server.log.write.buffer.size = 1048576 (custom)
2022-09-28 09:58:44,666 [pool-873-thread-1] INFO  server.RaftServerConfigKeys (ConfUtils.java:logGet(46)) - raft.server.log.unsafe-flush.enabled = false (default)
2022-09-28 09:58:44,666 [pool-873-thread-1] INFO  server.RaftServerConfigKeys (ConfUtils.java:logGet(46)) - raft.server.log.statemachine.data.caching.enabled = true (custom)
2022-09-28 09:58:44,667 [pool-873-thread-1] INFO  segmented.SegmentedRaftLogWorker (SegmentedRaftLogWorker.java:lambda$new$0(135)) - 44e4ad90-3045-4837-8321-a98dd49203be@group-9782B235A21A-SegmentedRaftLogWorker: flushIndex: setUnconditionally 0 -> -1
2022-09-28 09:58:44,667 [pool-873-thread-1] INFO  segmented.SegmentedRaftLogWorker (SegmentedRaftLogWorker.java:lambda$new$0(135)) - 44e4ad90-3045-4837-8321-a98dd49203be@group-9782B235A21A-SegmentedRaftLogWorker: safeCacheEvictIndex: setUnconditionally 0 -> -1
2022-09-28 09:58:44,686 [pool-873-thread-1] INFO  server.RaftServerConfigKeys (ConfUtils.java:logGet(46)) - raft.server.snapshot.auto.trigger.enabled = true (custom)
2022-09-28 09:58:44,686 [pool-873-thread-1] INFO  server.RaftServerConfigKeys (ConfUtils.java:logGet(46)) - raft.server.snapshot.auto.trigger.threshold = 10000 (custom)
2022-09-28 09:58:44,686 [pool-873-thread-1] INFO  server.RaftServerConfigKeys (ConfUtils.java:logGet(46)) - raft.server.snapshot.retention.file.num = 5 (custom)
2022-09-28 09:58:44,687 [pool-873-thread-1] INFO  server.RaftServerConfigKeys (ConfUtils.java:logGet(46)) - raft.server.log.purge.upto.snapshot.index = false (default)
2022-09-28 09:58:44,687 [pool-873-thread-1] INFO  server.RaftServerConfigKeys (ConfUtils.java:logGet(46)) - raft.server.retrycache.expirytime = 600000ms (custom)
2022-09-28 09:58:44,687 [pool-873-thread-1] INFO  server.RaftServerConfigKeys (ConfUtils.java:logGet(46)) - raft.server.retrycache.statistics.expirytime = 100μs (default)
2022-09-28 09:58:44,688 [pool-873-thread-1] INFO  server.RaftServerConfigKeys (ConfUtils.java:logGet(46)) - raft.server.log.appender.install.snapshot.enabled = false (custom)
2022-09-28 09:58:44,688 [pool-873-thread-1] INFO  server.RaftServerConfigKeys (ConfUtils.java:logGet(46)) - raft.server.threadpool.server.cached = true (default)
2022-09-28 09:58:44,688 [pool-873-thread-1] INFO  server.RaftServerConfigKeys (ConfUtils.java:logGet(46)) - raft.server.threadpool.server.size = 0 (default)
2022-09-28 09:58:44,688 [pool-873-thread-1] INFO  server.RaftServerConfigKeys (ConfUtils.java:logGet(46)) - raft.server.threadpool.client.cached = true (default)
2022-09-28 09:58:44,688 [pool-873-thread-1] INFO  server.RaftServerConfigKeys (ConfUtils.java:logGet(46)) - raft.server.threadpool.client.size = 0 (default)
2022-09-28 09:58:44,688 [pool-873-thread-1] INFO  server.RaftServer$Division (RaftServerImpl.java:start(310)) - 44e4ad90-3045-4837-8321-a98dd49203be@group-9782B235A21A: start as a follower, conf=-1: [44e4ad90-3045-4837-8321-a98dd49203be|rpc:10.1.1.21:45577|priority:1], old=null
2022-09-28 09:58:44,688 [pool-873-thread-1] INFO  server.RaftServer$Division (RaftServerImpl.java:setRole(299)) - 44e4ad90-3045-4837-8321-a98dd49203be@group-9782B235A21A: changes role from      null to FOLLOWER at term 0 for startAsFollower
2022-09-28 09:58:44,688 [pool-873-thread-1] INFO  impl.RoleInfo (RoleInfo.java:updateAndGet(139)) - 44e4ad90-3045-4837-8321-a98dd49203be: start 44e4ad90-3045-4837-8321-a98dd49203be@group-9782B235A21A-FollowerState
2022-09-28 09:58:44,692 [pool-873-thread-1] INFO  util.JmxRegister (JmxRegister.java:tryRegister(44)) - Successfully registered JMX Bean with object name Ratis:service=RaftServer,group=group-9782B235A21A,id=44e4ad90-3045-4837-8321-a98dd49203be
2022-09-28 09:58:44,693 [Command processor thread] INFO  ratis.XceiverServerRatis (XceiverServerRatis.java:addGroup(765)) - Created group PipelineID=213345a9-e0ba-4297-8249-9782b235a21a
2022-09-28 09:58:44,693 [Command processor thread] INFO  commandhandler.CreatePipelineCommandHandler (CreatePipelineCommandHandler.java:handle(113)) - Created Pipeline RATIS ONE PipelineID=213345a9-e0ba-4297-8249-9782b235a21a.
2022-09-28 09:58:44,696 [80fc50c2-999b-4282-ba04-29b80da548ab@group-A60C6C98F2CD-LeaderElection36] INFO  server.RaftServer$Division (ServerState.java:setRaftConf(393)) - 80fc50c2-999b-4282-ba04-29b80da548ab@group-A60C6C98F2CD: set configuration 0: [80fc50c2-999b-4282-ba04-29b80da548ab|rpc:10.1.1.21:45007|dataStream:|priority:1], old=null
2022-09-28 09:58:44,704 [EventQueue-PipelineReportForPipelineReportHandler] INFO  pipeline.PipelineManagerImpl (PipelineManagerImpl.java:openPipeline(367)) - Pipeline Pipeline[ Id: 213345a9-e0ba-4297-8249-9782b235a21a, Nodes: 44e4ad90-3045-4837-8321-a98dd49203be{ip: 10.1.1.21, host: fv-az204-790.d0ggoinxmwcejgojbuqly40l0e.cx.internal.cloudapp.net, ports: [REPLICATION=35305, RATIS=45577, RATIS_ADMIN=45577, RATIS_SERVER=45577, STANDALONE=34865], networkLocation: /default-rack, certSerialId: null, persistedOpState: IN_SERVICE, persistedOpStateExpiryEpochSec: 0}, ReplicationConfig: RATIS/ONE, State:ALLOCATED, leaderId:44e4ad90-3045-4837-8321-a98dd49203be, CreationTimestamp2022-09-28T09:58:41.492Z[Etc/UTC]] moved to OPEN state
2022-09-28 09:58:44,708 [EventQueue-OpenPipelineForHealthyPipelineSafeModeRule] INFO  safemode.SCMSafeModeManager (HealthyPipelineSafeModeRule.java:process(137)) - SCM in safe mode. Healthy pipelines reported count is 0, required healthy pipeline reported count is 1
2022-09-28 09:58:44,947 [Listener at 127.0.0.1/38925] INFO  ozone.MiniOzoneClusterImpl (MiniOzoneClusterImpl.java:lambda$waitForClusterToBeReady$0(216)) - Nodes are ready. Got 5 of 5 DN Heartbeats.
2022-09-28 09:58:44,984 [Listener at 127.0.0.1/38925] INFO  ozone.MiniOzoneClusterImpl (MiniOzoneClusterImpl.java:lambda$waitForClusterToBeReady$0(219)) - Waiting for cluster to exit safe mode
2022-09-28 09:58:44,984 [Listener at 127.0.0.1/38925] INFO  ozone.MiniOzoneClusterImpl (MiniOzoneClusterImpl.java:lambda$waitForClusterToBeReady$0(221)) - SCM became leader
2022-09-28 09:58:45,932 [9e9c1c6a-451f-46d5-9738-b004dc1aedb2@group-8D6C39D23C51-FollowerState] INFO  impl.FollowerState (FollowerState.java:run(143)) - 9e9c1c6a-451f-46d5-9738-b004dc1aedb2@group-8D6C39D23C51-FollowerState: change to CANDIDATE, lastRpcElapsedTime:5139520308ns, electionTimeout:5135ms
2022-09-28 09:58:45,933 [9e9c1c6a-451f-46d5-9738-b004dc1aedb2@group-8D6C39D23C51-FollowerState] INFO  impl.RoleInfo (RoleInfo.java:shutdownFollowerState(110)) - 9e9c1c6a-451f-46d5-9738-b004dc1aedb2: shutdown 9e9c1c6a-451f-46d5-9738-b004dc1aedb2@group-8D6C39D23C51-FollowerState
2022-09-28 09:58:45,933 [9e9c1c6a-451f-46d5-9738-b004dc1aedb2@group-8D6C39D23C51-FollowerState] INFO  server.RaftServer$Division (RaftServerImpl.java:setRole(299)) - 9e9c1c6a-451f-46d5-9738-b004dc1aedb2@group-8D6C39D23C51: changes role from  FOLLOWER to CANDIDATE at term 0 for changeToCandidate
2022-09-28 09:58:45,933 [9e9c1c6a-451f-46d5-9738-b004dc1aedb2@group-8D6C39D23C51-FollowerState] INFO  server.RaftServerConfigKeys (ConfUtils.java:logGet(46)) - raft.server.leaderelection.pre-vote = false (custom)
2022-09-28 09:58:45,933 [9e9c1c6a-451f-46d5-9738-b004dc1aedb2@group-8D6C39D23C51-FollowerState] INFO  impl.RoleInfo (RoleInfo.java:updateAndGet(139)) - 9e9c1c6a-451f-46d5-9738-b004dc1aedb2: start 9e9c1c6a-451f-46d5-9738-b004dc1aedb2@group-8D6C39D23C51-LeaderElection37
2022-09-28 09:58:45,985 [Listener at 127.0.0.1/38925] INFO  ozone.MiniOzoneClusterImpl (MiniOzoneClusterImpl.java:lambda$waitForClusterToBeReady$0(216)) - Nodes are ready. Got 5 of 5 DN Heartbeats.
2022-09-28 09:58:45,985 [Listener at 127.0.0.1/38925] INFO  ozone.MiniOzoneClusterImpl (MiniOzoneClusterImpl.java:lambda$waitForClusterToBeReady$0(219)) - Waiting for cluster to exit safe mode
2022-09-28 09:58:45,985 [Listener at 127.0.0.1/38925] INFO  ozone.MiniOzoneClusterImpl (MiniOzoneClusterImpl.java:lambda$waitForClusterToBeReady$0(221)) - SCM became leader
2022-09-28 09:58:46,024 [9e9c1c6a-451f-46d5-9738-b004dc1aedb2@group-FCA6F6639A68-FollowerState] INFO  impl.FollowerState (FollowerState.java:run(143)) - 9e9c1c6a-451f-46d5-9738-b004dc1aedb2@group-FCA6F6639A68-FollowerState: change to CANDIDATE, lastRpcElapsedTime:5207739922ns, electionTimeout:5199ms
2022-09-28 09:58:46,024 [9e9c1c6a-451f-46d5-9738-b004dc1aedb2@group-FCA6F6639A68-FollowerState] INFO  impl.RoleInfo (RoleInfo.java:shutdownFollowerState(110)) - 9e9c1c6a-451f-46d5-9738-b004dc1aedb2: shutdown 9e9c1c6a-451f-46d5-9738-b004dc1aedb2@group-FCA6F6639A68-FollowerState
2022-09-28 09:58:46,024 [9e9c1c6a-451f-46d5-9738-b004dc1aedb2@group-FCA6F6639A68-FollowerState] INFO  server.RaftServer$Division (RaftServerImpl.java:setRole(299)) - 9e9c1c6a-451f-46d5-9738-b004dc1aedb2@group-FCA6F6639A68: changes role from  FOLLOWER to CANDIDATE at term 0 for changeToCandidate
2022-09-28 09:58:46,024 [9e9c1c6a-451f-46d5-9738-b004dc1aedb2@group-FCA6F6639A68-FollowerState] INFO  server.RaftServerConfigKeys (ConfUtils.java:logGet(46)) - raft.server.leaderelection.pre-vote = false (custom)
2022-09-28 09:58:46,024 [9e9c1c6a-451f-46d5-9738-b004dc1aedb2@group-FCA6F6639A68-FollowerState] INFO  impl.RoleInfo (RoleInfo.java:updateAndGet(139)) - 9e9c1c6a-451f-46d5-9738-b004dc1aedb2: start 9e9c1c6a-451f-46d5-9738-b004dc1aedb2@group-FCA6F6639A68-LeaderElection38
2022-09-28 09:58:46,115 [9e9c1c6a-451f-46d5-9738-b004dc1aedb2@group-8D6C39D23C51-LeaderElection37] INFO  impl.LeaderElection (LeaderElection.java:askForVotes(310)) - 9e9c1c6a-451f-46d5-9738-b004dc1aedb2@group-8D6C39D23C51-LeaderElection37 ELECTION round 0: submit vote requests at term 1 for -1: [9e9c1c6a-451f-46d5-9738-b004dc1aedb2|rpc:10.1.1.21:38097|priority:1], old=null
2022-09-28 09:58:46,115 [9e9c1c6a-451f-46d5-9738-b004dc1aedb2@group-8D6C39D23C51-LeaderElection37] INFO  impl.LeaderElection (LeaderElection.java:askForVotes(312)) - 9e9c1c6a-451f-46d5-9738-b004dc1aedb2@group-8D6C39D23C51-LeaderElection37 ELECTION round 0: result PASSED (term=1)
2022-09-28 09:58:46,115 [9e9c1c6a-451f-46d5-9738-b004dc1aedb2@group-8D6C39D23C51-LeaderElection37] INFO  impl.RoleInfo (RoleInfo.java:shutdownLeaderElection(130)) - 9e9c1c6a-451f-46d5-9738-b004dc1aedb2: shutdown 9e9c1c6a-451f-46d5-9738-b004dc1aedb2@group-8D6C39D23C51-LeaderElection37
2022-09-28 09:58:46,115 [9e9c1c6a-451f-46d5-9738-b004dc1aedb2@group-8D6C39D23C51-LeaderElection37] INFO  server.RaftServer$Division (RaftServerImpl.java:setRole(299)) - 9e9c1c6a-451f-46d5-9738-b004dc1aedb2@group-8D6C39D23C51: changes role from CANDIDATE to LEADER at term 1 for changeToLeader
2022-09-28 09:58:46,115 [9e9c1c6a-451f-46d5-9738-b004dc1aedb2@group-8D6C39D23C51-LeaderElection37] INFO  ratis.XceiverServerRatis (XceiverServerRatis.java:handleLeaderChangedNotification(863)) - Leader change notification received for group: group-8D6C39D23C51 with new leaderId: 9e9c1c6a-451f-46d5-9738-b004dc1aedb2
2022-09-28 09:58:46,115 [9e9c1c6a-451f-46d5-9738-b004dc1aedb2@group-8D6C39D23C51-LeaderElection37] INFO  server.RaftServer$Division (ServerState.java:setLeader(287)) - 9e9c1c6a-451f-46d5-9738-b004dc1aedb2@group-8D6C39D23C51: change Leader from null to 9e9c1c6a-451f-46d5-9738-b004dc1aedb2 at term 1 for becomeLeader, leader elected after 5336ms
2022-09-28 09:58:46,115 [9e9c1c6a-451f-46d5-9738-b004dc1aedb2@group-8D6C39D23C51-LeaderElection37] INFO  server.RaftServerConfigKeys (ConfUtils.java:logGet(46)) - raft.server.staging.catchup.gap = 1000 (default)
2022-09-28 09:58:46,115 [9e9c1c6a-451f-46d5-9738-b004dc1aedb2@group-8D6C39D23C51-LeaderElection37] INFO  server.RaftServerConfigKeys (ConfUtils.java:logGet(46)) - raft.server.write.element-limit = 1024 (custom)
2022-09-28 09:58:46,115 [9e9c1c6a-451f-46d5-9738-b004dc1aedb2@group-8D6C39D23C51-LeaderElection37] INFO  server.RaftServerConfigKeys (ConfUtils.java:logGet(46)) - raft.server.write.byte-limit = 1024 M (=1073741824) (custom)
2022-09-28 09:58:46,116 [9e9c1c6a-451f-46d5-9738-b004dc1aedb2@group-8D6C39D23C51-LeaderElection37] INFO  server.RaftServerConfigKeys (ConfUtils.java:logGet(46)) - raft.server.watch.timeout = 180s (custom)
2022-09-28 09:58:46,116 [9e9c1c6a-451f-46d5-9738-b004dc1aedb2@group-8D6C39D23C51-LeaderElection37] INFO  server.RaftServerConfigKeys (ConfUtils.java:logGet(46)) - raft.server.watch.timeout.denomination = 1s (default)
2022-09-28 09:58:46,116 [9e9c1c6a-451f-46d5-9738-b004dc1aedb2@group-8D6C39D23C51-LeaderElection37] INFO  server.RaftServerConfigKeys (ConfUtils.java:logGet(46)) - raft.server.watch.element-limit = 65536 (default)
2022-09-28 09:58:46,116 [9e9c1c6a-451f-46d5-9738-b004dc1aedb2@group-8D6C39D23C51-LeaderElection37] INFO  server.RaftServerConfigKeys (ConfUtils.java:logGet(46)) - raft.server.write.element-limit = 1024 (custom)
2022-09-28 09:58:46,116 [9e9c1c6a-451f-46d5-9738-b004dc1aedb2@group-8D6C39D23C51-LeaderElection37] INFO  server.RaftServerConfigKeys (ConfUtils.java:logGet(46)) - raft.server.write.follower.gap.ratio.max = -1.0 (default)
2022-09-28 09:58:46,116 [9e9c1c6a-451f-46d5-9738-b004dc1aedb2@group-8D6C39D23C51-LeaderElection37] INFO  impl.RoleInfo (RoleInfo.java:updateAndGet(139)) - 9e9c1c6a-451f-46d5-9738-b004dc1aedb2: start 9e9c1c6a-451f-46d5-9738-b004dc1aedb2@group-8D6C39D23C51-LeaderStateImpl
2022-09-28 09:58:46,116 [9e9c1c6a-451f-46d5-9738-b004dc1aedb2@group-8D6C39D23C51-LeaderElection37] INFO  segmented.SegmentedRaftLogWorker (SegmentedRaftLogWorker.java:startLogSegment(425)) - 9e9c1c6a-451f-46d5-9738-b004dc1aedb2@group-8D6C39D23C51-SegmentedRaftLogWorker: Starting segment from index:0
2022-09-28 09:58:46,119 [EventQueue-OpenPipelineForHealthyPipelineSafeModeRule] INFO  safemode.SCMSafeModeManager (HealthyPipelineSafeModeRule.java:process(137)) - SCM in safe mode. Healthy pipelines reported count is 0, required healthy pipeline reported count is 1
2022-09-28 09:58:46,120 [9e9c1c6a-451f-46d5-9738-b004dc1aedb2@group-8D6C39D23C51-SegmentedRaftLogWorker] INFO  segmented.SegmentedRaftLogWorker (SegmentedRaftLogWorker.java:execute(629)) - 9e9c1c6a-451f-46d5-9738-b004dc1aedb2@group-8D6C39D23C51-SegmentedRaftLogWorker: created new log segment /home/runner/work/ozone/ozone/hadoop-ozone/integration-test/target/test-dir/MiniOzoneClusterImpl-010780ea-650b-44a2-9cb2-deec812f3cdf/datanode-1/data/ratis/cf0210a5-3499-4a4b-8571-8d6c39d23c51/current/log_inprogress_0
2022-09-28 09:58:46,145 [9e9c1c6a-451f-46d5-9738-b004dc1aedb2@group-FCA6F6639A68-LeaderElection38] INFO  impl.LeaderElection (LeaderElection.java:askForVotes(310)) - 9e9c1c6a-451f-46d5-9738-b004dc1aedb2@group-FCA6F6639A68-LeaderElection38 ELECTION round 0: submit vote requests at term 1 for -1: [fa5dce8c-80cb-4c43-9e0a-2a910fa20985|rpc:10.1.1.21:40407|priority:0, 9e9c1c6a-451f-46d5-9738-b004dc1aedb2|rpc:10.1.1.21:38097|priority:0, 80fc50c2-999b-4282-ba04-29b80da548ab|rpc:10.1.1.21:45007|priority:1], old=null
2022-09-28 09:58:46,180 [Command processor thread] INFO  server.RaftServer (RaftServerProxy.java:addNew(96)) - cc7744e9-0de8-45fb-8568-4a259232bd8e: addNew group-734E42158928:[cc7744e9-0de8-45fb-8568-4a259232bd8e|rpc:10.1.1.21:39329|priority:1] returns group-734E42158928:java.util.concurrent.CompletableFuture@3443eb47[Not completed]
2022-09-28 09:58:46,182 [pool-900-thread-1] INFO  server.RaftServer$Division (RaftServerImpl.java:<init>(190)) - cc7744e9-0de8-45fb-8568-4a259232bd8e: new RaftServerImpl for group-734E42158928:[cc7744e9-0de8-45fb-8568-4a259232bd8e|rpc:10.1.1.21:39329|priority:1] with ContainerStateMachine:uninitialized
2022-09-28 09:58:46,182 [pool-900-thread-1] INFO  server.RaftServerConfigKeys (ConfUtils.java:logGet(46)) - raft.server.rpc.timeout.min = 5s (custom)
2022-09-28 09:58:46,182 [pool-900-thread-1] INFO  server.RaftServerConfigKeys (ConfUtils.java:logGet(46)) - raft.server.rpc.timeout.max = 5200ms (custom)
2022-09-28 09:58:46,182 [pool-900-thread-1] INFO  server.RaftServerConfigKeys (ConfUtils.java:logGet(46)) - raft.server.rpc.sleep.time = 25ms (default)
2022-09-28 09:58:46,182 [pool-900-thread-1] INFO  server.RaftServerConfigKeys (ConfUtils.java:logGet(46)) - raft.server.rpc.slowness.timeout = 300s (custom)
2022-09-28 09:58:46,182 [pool-900-thread-1] INFO  server.RaftServerConfigKeys (ConfUtils.java:logGet(46)) - raft.server.leaderelection.leader.step-down.wait-time = 10s (default)
2022-09-28 09:58:46,182 [pool-900-thread-1] INFO  server.RaftServerConfigKeys (ConfUtils.java:logGet(46)) - raft.server.sleep.deviation.threshold = 300ms (default)
2022-09-28 09:58:46,182 [pool-900-thread-1] INFO  server.RaftServer$Division (ServerState.java:<init>(107)) - cc7744e9-0de8-45fb-8568-4a259232bd8e@group-734E42158928: ConfigurationManager, init=-1: [cc7744e9-0de8-45fb-8568-4a259232bd8e|rpc:10.1.1.21:39329|priority:1], old=null, confs=<EMPTY_MAP>
2022-09-28 09:58:46,182 [pool-900-thread-1] INFO  server.RaftServerConfigKeys (ConfUtils.java:logGet(46)) - raft.server.storage.dir = [/home/runner/work/ozone/ozone/hadoop-ozone/integration-test/target/test-dir/MiniOzoneClusterImpl-010780ea-650b-44a2-9cb2-deec812f3cdf/datanode-4/data/ratis] (custom)
2022-09-28 09:58:46,183 [pool-900-thread-1] INFO  server.RaftServerConfigKeys (ConfUtils.java:logGet(46)) - raft.server.log.corruption.policy = EXCEPTION (default)
2022-09-28 09:58:46,183 [pool-900-thread-1] INFO  server.RaftServerConfigKeys (ConfUtils.java:logGet(46)) - raft.server.storage.free-space.min = 0MB (=0) (default)
2022-09-28 09:58:46,183 [pool-900-thread-1] INFO  storage.RaftStorageDirectory (RaftStorageDirectoryImpl.java:analyzeStorage(135)) - The storage directory /home/runner/work/ozone/ozone/hadoop-ozone/integration-test/target/test-dir/MiniOzoneClusterImpl-010780ea-650b-44a2-9cb2-deec812f3cdf/datanode-4/data/ratis/f44658b6-fbd6-4b1b-be21-734e42158928 does not exist. Creating ...
2022-09-28 09:58:46,185 [pool-900-thread-1] INFO  storage.RaftStorageDirectory (RaftStorageDirectoryImpl.java:tryLock(230)) - Lock on /home/runner/work/ozone/ozone/hadoop-ozone/integration-test/target/test-dir/MiniOzoneClusterImpl-010780ea-650b-44a2-9cb2-deec812f3cdf/datanode-4/data/ratis/f44658b6-fbd6-4b1b-be21-734e42158928/in_use.lock acquired by nodename 12863@fv-az204-790
2022-09-28 09:58:46,190 [pool-900-thread-1] INFO  storage.RaftStorage (RaftStorageImpl.java:format(89)) - Storage directory /home/runner/work/ozone/ozone/hadoop-ozone/integration-test/target/test-dir/MiniOzoneClusterImpl-010780ea-650b-44a2-9cb2-deec812f3cdf/datanode-4/data/ratis/f44658b6-fbd6-4b1b-be21-734e42158928 has been successfully formatted.
2022-09-28 09:58:46,217 [9e9c1c6a-451f-46d5-9738-b004dc1aedb2@group-8D6C39D23C51-LeaderElection37] INFO  server.RaftServer$Division (ServerState.java:setRaftConf(393)) - 9e9c1c6a-451f-46d5-9738-b004dc1aedb2@group-8D6C39D23C51: set configuration 0: [9e9c1c6a-451f-46d5-9738-b004dc1aedb2|rpc:10.1.1.21:38097|dataStream:|priority:1], old=null
2022-09-28 09:58:46,217 [grpc-default-executor-0] INFO  server.RaftServer$Division (RaftServerImpl.java:requestVote(1152)) - fa5dce8c-80cb-4c43-9e0a-2a910fa20985@group-FCA6F6639A68: receive requestVote(ELECTION, 9e9c1c6a-451f-46d5-9738-b004dc1aedb2, group-FCA6F6639A68, 1, (t:0, i:0))
2022-09-28 09:58:46,217 [grpc-default-executor-0] INFO  impl.VoteContext (VoteContext.java:log(48)) - fa5dce8c-80cb-4c43-9e0a-2a910fa20985@group-FCA6F6639A68-FOLLOWER: accept ELECTION from 9e9c1c6a-451f-46d5-9738-b004dc1aedb2: our priority 0 <= candidate's priority 0
2022-09-28 09:58:46,217 [grpc-default-executor-0] INFO  server.RaftServer$Division (RaftServerImpl.java:setRole(299)) - fa5dce8c-80cb-4c43-9e0a-2a910fa20985@group-FCA6F6639A68: changes role from  FOLLOWER to FOLLOWER at term 1 for candidate:9e9c1c6a-451f-46d5-9738-b004dc1aedb2
2022-09-28 09:58:46,217 [grpc-default-executor-0] INFO  impl.RoleInfo (RoleInfo.java:shutdownFollowerState(110)) - fa5dce8c-80cb-4c43-9e0a-2a910fa20985: shutdown fa5dce8c-80cb-4c43-9e0a-2a910fa20985@group-FCA6F6639A68-FollowerState
2022-09-28 09:58:46,217 [grpc-default-executor-0] INFO  impl.RoleInfo (RoleInfo.java:updateAndGet(139)) - fa5dce8c-80cb-4c43-9e0a-2a910fa20985: start fa5dce8c-80cb-4c43-9e0a-2a910fa20985@group-FCA6F6639A68-FollowerState
2022-09-28 09:58:46,218 [fa5dce8c-80cb-4c43-9e0a-2a910fa20985@group-FCA6F6639A68-FollowerState] INFO  impl.FollowerState (FollowerState.java:run(152)) - fa5dce8c-80cb-4c43-9e0a-2a910fa20985@group-FCA6F6639A68-FollowerState was interrupted
2022-09-28 09:58:46,223 [80fc50c2-999b-4282-ba04-29b80da548ab@group-FCA6F6639A68-FollowerState] INFO  impl.FollowerState (FollowerState.java:run(143)) - 80fc50c2-999b-4282-ba04-29b80da548ab@group-FCA6F6639A68-FollowerState: change to CANDIDATE, lastRpcElapsedTime:5201148152ns, electionTimeout:5195ms
2022-09-28 09:58:46,223 [80fc50c2-999b-4282-ba04-29b80da548ab@group-FCA6F6639A68-FollowerState] INFO  impl.RoleInfo (RoleInfo.java:shutdownFollowerState(110)) - 80fc50c2-999b-4282-ba04-29b80da548ab: shutdown 80fc50c2-999b-4282-ba04-29b80da548ab@group-FCA6F6639A68-FollowerState
2022-09-28 09:58:46,223 [80fc50c2-999b-4282-ba04-29b80da548ab@group-FCA6F6639A68-FollowerState] INFO  server.RaftServer$Division (RaftServerImpl.java:setRole(299)) - 80fc50c2-999b-4282-ba04-29b80da548ab@group-FCA6F6639A68: changes role from  FOLLOWER to CANDIDATE at term 0 for changeToCandidate
2022-09-28 09:58:46,223 [80fc50c2-999b-4282-ba04-29b80da548ab@group-FCA6F6639A68-FollowerState] INFO  server.RaftServerConfigKeys (ConfUtils.java:logGet(46)) - raft.server.leaderelection.pre-vote = false (custom)
2022-09-28 09:58:46,223 [80fc50c2-999b-4282-ba04-29b80da548ab@group-FCA6F6639A68-FollowerState] INFO  impl.RoleInfo (RoleInfo.java:updateAndGet(139)) - 80fc50c2-999b-4282-ba04-29b80da548ab: start 80fc50c2-999b-4282-ba04-29b80da548ab@group-FCA6F6639A68-LeaderElection39
2022-09-28 09:58:46,224 [grpc-default-executor-0] INFO  server.RaftServer$Division (RaftServerImpl.java:requestVote(1184)) - fa5dce8c-80cb-4c43-9e0a-2a910fa20985@group-FCA6F6639A68 replies to ELECTION vote request: 9e9c1c6a-451f-46d5-9738-b004dc1aedb2<-fa5dce8c-80cb-4c43-9e0a-2a910fa20985#0:OK-t1. Peer's state: fa5dce8c-80cb-4c43-9e0a-2a910fa20985@group-FCA6F6639A68:t1, leader=null, voted=9e9c1c6a-451f-46d5-9738-b004dc1aedb2, raftlog=fa5dce8c-80cb-4c43-9e0a-2a910fa20985@group-FCA6F6639A68-SegmentedRaftLog:OPENED:c-1, conf=-1: [fa5dce8c-80cb-4c43-9e0a-2a910fa20985|rpc:10.1.1.21:40407|dataStream:|priority:0, 9e9c1c6a-451f-46d5-9738-b004dc1aedb2|rpc:10.1.1.21:38097|dataStream:|priority:0, 80fc50c2-999b-4282-ba04-29b80da548ab|rpc:10.1.1.21:45007|dataStream:|priority:1], old=null
2022-09-28 09:58:46,282 [pool-900-thread-1] INFO  ratis.ContainerStateMachine (ContainerStateMachine.java:loadSnapshot(236)) - group-734E42158928: The snapshot info is null. Setting the last applied indexto:(t:0, i:~)
2022-09-28 09:58:46,283 [pool-900-thread-1] INFO  server.RaftServerConfigKeys (ConfUtils.java:logGet(46)) - raft.server.notification.no-leader.timeout = 300s (custom)
2022-09-28 09:58:46,283 [pool-900-thread-1] INFO  server.RaftServerConfigKeys (ConfUtils.java:logGet(46)) - raft.server.log.use.memory = false (default)
2022-09-28 09:58:46,283 [pool-900-thread-1] INFO  server.RaftServerConfigKeys (ConfUtils.java:logGet(46)) - raft.server.log.purge.gap = 1000000 (custom)
2022-09-28 09:58:46,283 [pool-900-thread-1] INFO  server.RaftServerConfigKeys (ConfUtils.java:logGet(46)) - raft.server.log.appender.buffer.byte-limit = 33554432 (custom)
2022-09-28 09:58:46,283 [pool-900-thread-1] INFO  server.RaftServerConfigKeys (ConfUtils.java:logGet(46)) - raft.server.log.statemachine.data.read.timeout = 1000ms (default)
2022-09-28 09:58:46,283 [pool-900-thread-1] INFO  server.RaftServerConfigKeys (ConfUtils.java:logGet(46)) - raft.server.log.segment.size.max = 1048576 (custom)
2022-09-28 09:58:46,283 [pool-900-thread-1] INFO  server.RaftServerConfigKeys (ConfUtils.java:logGet(46)) - raft.server.log.segment.cache.num.max = 2 (custom)
2022-09-28 09:58:46,283 [pool-900-thread-1] INFO  server.RaftServerConfigKeys (ConfUtils.java:logGet(46)) - raft.server.log.segment.cache.size.max = 200MB (=209715200) (default)
2022-09-28 09:58:46,283 [pool-900-thread-1] INFO  segmented.SegmentedRaftLogWorker (SegmentedRaftLogWorker.java:<init>(187)) - new cc7744e9-0de8-45fb-8568-4a259232bd8e@group-734E42158928-SegmentedRaftLogWorker for RaftStorageImpl:Storage Directory /home/runner/work/ozone/ozone/hadoop-ozone/integration-test/target/test-dir/MiniOzoneClusterImpl-010780ea-650b-44a2-9cb2-deec812f3cdf/datanode-4/data/ratis/f44658b6-fbd6-4b1b-be21-734e42158928
2022-09-28 09:58:46,284 [pool-900-thread-1] INFO  server.RaftServerConfigKeys (ConfUtils.java:logGet(46)) - raft.server.log.queue.byte-limit = 4294967296 (custom)
2022-09-28 09:58:46,284 [pool-900-thread-1] INFO  server.RaftServerConfigKeys (ConfUtils.java:logGet(46)) - raft.server.log.queue.element-limit = 1024 (custom)
2022-09-28 09:58:46,284 [pool-900-thread-1] INFO  server.RaftServerConfigKeys (ConfUtils.java:logGet(46)) - raft.server.log.segment.size.max = 1048576 (custom)
2022-09-28 09:58:46,284 [pool-900-thread-1] INFO  server.RaftServerConfigKeys (ConfUtils.java:logGet(46)) - raft.server.log.preallocated.size = 16384 (custom)
2022-09-28 09:58:46,284 [pool-900-thread-1] INFO  server.RaftServerConfigKeys (ConfUtils.java:logGet(46)) - raft.server.log.force.sync.num = 128 (default)
2022-09-28 09:58:46,284 [pool-900-thread-1] INFO  server.RaftServerConfigKeys (ConfUtils.java:logGet(46)) - raft.server.log.statemachine.data.sync = true (default)
2022-09-28 09:58:46,284 [pool-900-thread-1] INFO  server.RaftServerConfigKeys (ConfUtils.java:logGet(46)) - raft.server.log.statemachine.data.sync.timeout = 10s (default)
2022-09-28 09:58:46,284 [pool-900-thread-1] INFO  server.RaftServerConfigKeys (ConfUtils.java:logGet(46)) - raft.server.log.statemachine.data.sync.timeout.retry = -1 (default)
2022-09-28 09:58:46,285 [pool-900-thread-1] INFO  server.RaftServerConfigKeys (ConfUtils.java:logGet(46)) - raft.server.log.write.buffer.size = 1048576 (custom)
2022-09-28 09:58:46,285 [pool-900-thread-1] INFO  server.RaftServerConfigKeys (ConfUtils.java:logGet(46)) - raft.server.log.unsafe-flush.enabled = false (default)
2022-09-28 09:58:46,285 [pool-900-thread-1] INFO  server.RaftServerConfigKeys (ConfUtils.java:logGet(46)) - raft.server.log.statemachine.data.caching.enabled = true (custom)
2022-09-28 09:58:46,285 [pool-900-thread-1] INFO  segmented.SegmentedRaftLogWorker (SegmentedRaftLogWorker.java:lambda$new$0(135)) - cc7744e9-0de8-45fb-8568-4a259232bd8e@group-734E42158928-SegmentedRaftLogWorker: flushIndex: setUnconditionally 0 -> -1
2022-09-28 09:58:46,285 [pool-900-thread-1] INFO  segmented.SegmentedRaftLogWorker (SegmentedRaftLogWorker.java:lambda$new$0(135)) - cc7744e9-0de8-45fb-8568-4a259232bd8e@group-734E42158928-SegmentedRaftLogWorker: safeCacheEvictIndex: setUnconditionally 0 -> -1
2022-09-28 09:58:46,288 [pool-900-thread-1] INFO  server.RaftServerConfigKeys (ConfUtils.java:logGet(46)) - raft.server.snapshot.auto.trigger.enabled = true (custom)
2022-09-28 09:58:46,288 [pool-900-thread-1] INFO  server.RaftServerConfigKeys (ConfUtils.java:logGet(46)) - raft.server.snapshot.auto.trigger.threshold = 10000 (custom)
2022-09-28 09:58:46,288 [pool-900-thread-1] INFO  server.RaftServerConfigKeys (ConfUtils.java:logGet(46)) - raft.server.snapshot.retention.file.num = 5 (custom)
2022-09-28 09:58:46,288 [pool-900-thread-1] INFO  server.RaftServerConfigKeys (ConfUtils.java:logGet(46)) - raft.server.log.purge.upto.snapshot.index = false (default)
2022-09-28 09:58:46,288 [pool-900-thread-1] INFO  server.RaftServerConfigKeys (ConfUtils.java:logGet(46)) - raft.server.retrycache.expirytime = 600000ms (custom)
2022-09-28 09:58:46,288 [pool-900-thread-1] INFO  server.RaftServerConfigKeys (ConfUtils.java:logGet(46)) - raft.server.retrycache.statistics.expirytime = 100μs (default)
2022-09-28 09:58:46,290 [pool-900-thread-1] INFO  server.RaftServerConfigKeys (ConfUtils.java:logGet(46)) - raft.server.log.appender.install.snapshot.enabled = false (custom)
2022-09-28 09:58:46,290 [pool-900-thread-1] INFO  server.RaftServerConfigKeys (ConfUtils.java:logGet(46)) - raft.server.threadpool.server.cached = true (default)
2022-09-28 09:58:46,290 [pool-900-thread-1] INFO  server.RaftServerConfigKeys (ConfUtils.java:logGet(46)) - raft.server.threadpool.server.size = 0 (default)
2022-09-28 09:58:46,290 [pool-900-thread-1] INFO  server.RaftServerConfigKeys (ConfUtils.java:logGet(46)) - raft.server.threadpool.client.cached = true (default)
2022-09-28 09:58:46,290 [pool-900-thread-1] INFO  server.RaftServerConfigKeys (ConfUtils.java:logGet(46)) - raft.server.threadpool.client.size = 0 (default)
2022-09-28 09:58:46,290 [pool-900-thread-1] INFO  server.RaftServer$Division (RaftServerImpl.java:start(310)) - cc7744e9-0de8-45fb-8568-4a259232bd8e@group-734E42158928: start as a follower, conf=-1: [cc7744e9-0de8-45fb-8568-4a259232bd8e|rpc:10.1.1.21:39329|priority:1], old=null
2022-09-28 09:58:46,290 [pool-900-thread-1] INFO  server.RaftServer$Division (RaftServerImpl.java:setRole(299)) - cc7744e9-0de8-45fb-8568-4a259232bd8e@group-734E42158928: changes role from      null to FOLLOWER at term 0 for startAsFollower
2022-09-28 09:58:46,290 [pool-900-thread-1] INFO  impl.RoleInfo (RoleInfo.java:updateAndGet(139)) - cc7744e9-0de8-45fb-8568-4a259232bd8e: start cc7744e9-0de8-45fb-8568-4a259232bd8e@group-734E42158928-FollowerState
2022-09-28 09:58:46,304 [pool-900-thread-1] INFO  util.JmxRegister (JmxRegister.java:tryRegister(44)) - Successfully registered JMX Bean with object name Ratis:service=RaftServer,group=group-734E42158928,id=cc7744e9-0de8-45fb-8568-4a259232bd8e
2022-09-28 09:58:46,312 [Command processor thread] INFO  ratis.XceiverServerRatis (XceiverServerRatis.java:addGroup(765)) - Created group PipelineID=f44658b6-fbd6-4b1b-be21-734e42158928
2022-09-28 09:58:46,354 [Command processor thread] INFO  commandhandler.CreatePipelineCommandHandler (CreatePipelineCommandHandler.java:handle(113)) - Created Pipeline RATIS ONE PipelineID=f44658b6-fbd6-4b1b-be21-734e42158928.
2022-09-28 09:58:46,354 [EventQueue-PipelineReportForPipelineReportHandler] INFO  pipeline.PipelineManagerImpl (PipelineManagerImpl.java:openPipeline(367)) - Pipeline Pipeline[ Id: f44658b6-fbd6-4b1b-be21-734e42158928, Nodes: cc7744e9-0de8-45fb-8568-4a259232bd8e{ip: 10.1.1.21, host: fv-az204-790.d0ggoinxmwcejgojbuqly40l0e.cx.internal.cloudapp.net, ports: [REPLICATION=43229, RATIS=39329, RATIS_ADMIN=39329, RATIS_SERVER=39329, STANDALONE=40963], networkLocation: /default-rack, certSerialId: null, persistedOpState: IN_SERVICE, persistedOpStateExpiryEpochSec: 0}, ReplicationConfig: RATIS/ONE, State:ALLOCATED, leaderId:cc7744e9-0de8-45fb-8568-4a259232bd8e, CreationTimestamp2022-09-28T09:58:43.105Z[Etc/UTC]] moved to OPEN state
2022-09-28 09:58:46,355 [EventQueue-OpenPipelineForHealthyPipelineSafeModeRule] INFO  safemode.SCMSafeModeManager (HealthyPipelineSafeModeRule.java:process(137)) - SCM in safe mode. Healthy pipelines reported count is 0, required healthy pipeline reported count is 1
2022-09-28 09:58:46,380 [80fc50c2-999b-4282-ba04-29b80da548ab@group-FCA6F6639A68-LeaderElection39] INFO  impl.LeaderElection (LeaderElection.java:askForVotes(310)) - 80fc50c2-999b-4282-ba04-29b80da548ab@group-FCA6F6639A68-LeaderElection39 ELECTION round 0: submit vote requests at term 1 for -1: [fa5dce8c-80cb-4c43-9e0a-2a910fa20985|rpc:10.1.1.21:40407|dataStream:|priority:0, 9e9c1c6a-451f-46d5-9738-b004dc1aedb2|rpc:10.1.1.21:38097|dataStream:|priority:0, 80fc50c2-999b-4282-ba04-29b80da548ab|rpc:10.1.1.21:45007|dataStream:|priority:1], old=null
2022-09-28 09:58:46,383 [grpc-default-executor-0] INFO  server.RaftServer$Division (RaftServerImpl.java:requestVote(1152)) - 80fc50c2-999b-4282-ba04-29b80da548ab@group-FCA6F6639A68: receive requestVote(ELECTION, 9e9c1c6a-451f-46d5-9738-b004dc1aedb2, group-FCA6F6639A68, 1, (t:0, i:0))
2022-09-28 09:58:46,383 [grpc-default-executor-0] INFO  impl.VoteContext (VoteContext.java:log(48)) - 80fc50c2-999b-4282-ba04-29b80da548ab@group-FCA6F6639A68-CANDIDATE: reject ELECTION from 9e9c1c6a-451f-46d5-9738-b004dc1aedb2: already has voted for 80fc50c2-999b-4282-ba04-29b80da548ab at current term 1
2022-09-28 09:58:46,383 [grpc-default-executor-0] INFO  server.RaftServer$Division (RaftServerImpl.java:requestVote(1184)) - 80fc50c2-999b-4282-ba04-29b80da548ab@group-FCA6F6639A68 replies to ELECTION vote request: 9e9c1c6a-451f-46d5-9738-b004dc1aedb2<-80fc50c2-999b-4282-ba04-29b80da548ab#0:FAIL-t1. Peer's state: 80fc50c2-999b-4282-ba04-29b80da548ab@group-FCA6F6639A68:t1, leader=null, voted=80fc50c2-999b-4282-ba04-29b80da548ab, raftlog=80fc50c2-999b-4282-ba04-29b80da548ab@group-FCA6F6639A68-SegmentedRaftLog:OPENED:c-1, conf=-1: [fa5dce8c-80cb-4c43-9e0a-2a910fa20985|rpc:10.1.1.21:40407|dataStream:|priority:0, 9e9c1c6a-451f-46d5-9738-b004dc1aedb2|rpc:10.1.1.21:38097|dataStream:|priority:0, 80fc50c2-999b-4282-ba04-29b80da548ab|rpc:10.1.1.21:45007|dataStream:|priority:1], old=null
2022-09-28 09:58:46,428 [9e9c1c6a-451f-46d5-9738-b004dc1aedb2@group-FCA6F6639A68-LeaderElection38] INFO  impl.LeaderElection (LeaderElection.java:logAndReturn(90)) - 9e9c1c6a-451f-46d5-9738-b004dc1aedb2@group-FCA6F6639A68-LeaderElection38: ELECTION REJECTED received 2 response(s) and 0 exception(s):
2022-09-28 09:58:46,437 [9e9c1c6a-451f-46d5-9738-b004dc1aedb2@group-FCA6F6639A68-LeaderElection38] INFO  impl.LeaderElection (LeaderElection.java:logAndReturn(94)) -   Response 0: 9e9c1c6a-451f-46d5-9738-b004dc1aedb2<-fa5dce8c-80cb-4c43-9e0a-2a910fa20985#0:OK-t1
2022-09-28 09:58:46,437 [grpc-default-executor-0] INFO  server.RaftServer$Division (RaftServerImpl.java:requestVote(1152)) - fa5dce8c-80cb-4c43-9e0a-2a910fa20985@group-FCA6F6639A68: receive requestVote(ELECTION, 80fc50c2-999b-4282-ba04-29b80da548ab, group-FCA6F6639A68, 1, (t:0, i:0))
2022-09-28 09:58:46,438 [grpc-default-executor-0] INFO  impl.VoteContext (VoteContext.java:log(48)) - fa5dce8c-80cb-4c43-9e0a-2a910fa20985@group-FCA6F6639A68-FOLLOWER: reject ELECTION from 80fc50c2-999b-4282-ba04-29b80da548ab: already has voted for 9e9c1c6a-451f-46d5-9738-b004dc1aedb2 at current term 1
2022-09-28 09:58:46,438 [grpc-default-executor-0] INFO  server.RaftServer$Division (RaftServerImpl.java:requestVote(1184)) - fa5dce8c-80cb-4c43-9e0a-2a910fa20985@group-FCA6F6639A68 replies to ELECTION vote request: 80fc50c2-999b-4282-ba04-29b80da548ab<-fa5dce8c-80cb-4c43-9e0a-2a910fa20985#0:FAIL-t1. Peer's state: fa5dce8c-80cb-4c43-9e0a-2a910fa20985@group-FCA6F6639A68:t1, leader=null, voted=9e9c1c6a-451f-46d5-9738-b004dc1aedb2, raftlog=fa5dce8c-80cb-4c43-9e0a-2a910fa20985@group-FCA6F6639A68-SegmentedRaftLog:OPENED:c-1, conf=-1: [fa5dce8c-80cb-4c43-9e0a-2a910fa20985|rpc:10.1.1.21:40407|dataStream:|priority:0, 9e9c1c6a-451f-46d5-9738-b004dc1aedb2|rpc:10.1.1.21:38097|dataStream:|priority:0, 80fc50c2-999b-4282-ba04-29b80da548ab|rpc:10.1.1.21:45007|dataStream:|priority:1], old=null
2022-09-28 09:58:46,437 [9e9c1c6a-451f-46d5-9738-b004dc1aedb2@group-FCA6F6639A68-LeaderElection38] INFO  impl.LeaderElection (LeaderElection.java:logAndReturn(94)) -   Response 1: 9e9c1c6a-451f-46d5-9738-b004dc1aedb2<-80fc50c2-999b-4282-ba04-29b80da548ab#0:FAIL-t1
2022-09-28 09:58:46,438 [9e9c1c6a-451f-46d5-9738-b004dc1aedb2@group-FCA6F6639A68-LeaderElection38] INFO  impl.LeaderElection (LeaderElection.java:askForVotes(312)) - 9e9c1c6a-451f-46d5-9738-b004dc1aedb2@group-FCA6F6639A68-LeaderElection38 ELECTION round 0: result REJECTED
2022-09-28 09:58:46,439 [9e9c1c6a-451f-46d5-9738-b004dc1aedb2@group-FCA6F6639A68-LeaderElection38] INFO  server.RaftServer$Division (RaftServerImpl.java:setRole(299)) - 9e9c1c6a-451f-46d5-9738-b004dc1aedb2@group-FCA6F6639A68: changes role from CANDIDATE to FOLLOWER at term 1 for REJECTED
2022-09-28 09:58:46,439 [9e9c1c6a-451f-46d5-9738-b004dc1aedb2@group-FCA6F6639A68-LeaderElection38] INFO  impl.RoleInfo (RoleInfo.java:shutdownLeaderElection(130)) - 9e9c1c6a-451f-46d5-9738-b004dc1aedb2: shutdown 9e9c1c6a-451f-46d5-9738-b004dc1aedb2@group-FCA6F6639A68-LeaderElection38
2022-09-28 09:58:46,439 [9e9c1c6a-451f-46d5-9738-b004dc1aedb2@group-FCA6F6639A68-LeaderElection38] INFO  impl.RoleInfo (RoleInfo.java:updateAndGet(139)) - 9e9c1c6a-451f-46d5-9738-b004dc1aedb2: start 9e9c1c6a-451f-46d5-9738-b004dc1aedb2@group-FCA6F6639A68-FollowerState
2022-09-28 09:58:46,497 [grpc-default-executor-0] INFO  server.RaftServer$Division (RaftServerImpl.java:requestVote(1152)) - 9e9c1c6a-451f-46d5-9738-b004dc1aedb2@group-FCA6F6639A68: receive requestVote(ELECTION, 80fc50c2-999b-4282-ba04-29b80da548ab, group-FCA6F6639A68, 1, (t:0, i:0))
2022-09-28 09:58:46,507 [grpc-default-executor-0] INFO  impl.VoteContext (VoteContext.java:log(48)) - 9e9c1c6a-451f-46d5-9738-b004dc1aedb2@group-FCA6F6639A68-FOLLOWER: reject ELECTION from 80fc50c2-999b-4282-ba04-29b80da548ab: already has voted for 9e9c1c6a-451f-46d5-9738-b004dc1aedb2 at current term 1
2022-09-28 09:58:46,507 [grpc-default-executor-0] INFO  server.RaftServer$Division (RaftServerImpl.java:requestVote(1184)) - 9e9c1c6a-451f-46d5-9738-b004dc1aedb2@group-FCA6F6639A68 replies to ELECTION vote request: 80fc50c2-999b-4282-ba04-29b80da548ab<-9e9c1c6a-451f-46d5-9738-b004dc1aedb2#0:FAIL-t1. Peer's state: 9e9c1c6a-451f-46d5-9738-b004dc1aedb2@group-FCA6F6639A68:t1, leader=null, voted=9e9c1c6a-451f-46d5-9738-b004dc1aedb2, raftlog=9e9c1c6a-451f-46d5-9738-b004dc1aedb2@group-FCA6F6639A68-SegmentedRaftLog:OPENED:c-1, conf=-1: [fa5dce8c-80cb-4c43-9e0a-2a910fa20985|rpc:10.1.1.21:40407|priority:0, 9e9c1c6a-451f-46d5-9738-b004dc1aedb2|rpc:10.1.1.21:38097|priority:0, 80fc50c2-999b-4282-ba04-29b80da548ab|rpc:10.1.1.21:45007|priority:1], old=null
2022-09-28 09:58:46,524 [80fc50c2-999b-4282-ba04-29b80da548ab@group-FCA6F6639A68-LeaderElection39] INFO  impl.LeaderElection (LeaderElection.java:logAndReturn(90)) - 80fc50c2-999b-4282-ba04-29b80da548ab@group-FCA6F6639A68-LeaderElection39: ELECTION REJECTED received 2 response(s) and 0 exception(s):
2022-09-28 09:58:46,524 [80fc50c2-999b-4282-ba04-29b80da548ab@group-FCA6F6639A68-LeaderElection39] INFO  impl.LeaderElection (LeaderElection.java:logAndReturn(94)) -   Response 0: 80fc50c2-999b-4282-ba04-29b80da548ab<-fa5dce8c-80cb-4c43-9e0a-2a910fa20985#0:FAIL-t1
2022-09-28 09:58:46,524 [80fc50c2-999b-4282-ba04-29b80da548ab@group-FCA6F6639A68-LeaderElection39] INFO  impl.LeaderElection (LeaderElection.java:logAndReturn(94)) -   Response 1: 80fc50c2-999b-4282-ba04-29b80da548ab<-9e9c1c6a-451f-46d5-9738-b004dc1aedb2#0:FAIL-t1
2022-09-28 09:58:46,524 [80fc50c2-999b-4282-ba04-29b80da548ab@group-FCA6F6639A68-LeaderElection39] INFO  impl.LeaderElection (LeaderElection.java:askForVotes(312)) - 80fc50c2-999b-4282-ba04-29b80da548ab@group-FCA6F6639A68-LeaderElection39 ELECTION round 0: result REJECTED
2022-09-28 09:58:46,524 [80fc50c2-999b-4282-ba04-29b80da548ab@group-FCA6F6639A68-LeaderElection39] INFO  server.RaftServer$Division (RaftServerImpl.java:setRole(299)) - 80fc50c2-999b-4282-ba04-29b80da548ab@group-FCA6F6639A68: changes role from CANDIDATE to FOLLOWER at term 1 for REJECTED
2022-09-28 09:58:46,525 [80fc50c2-999b-4282-ba04-29b80da548ab@group-FCA6F6639A68-LeaderElection39] INFO  impl.RoleInfo (RoleInfo.java:shutdownLeaderElection(130)) - 80fc50c2-999b-4282-ba04-29b80da548ab: shutdown 80fc50c2-999b-4282-ba04-29b80da548ab@group-FCA6F6639A68-LeaderElection39
2022-09-28 09:58:46,525 [80fc50c2-999b-4282-ba04-29b80da548ab@group-FCA6F6639A68-LeaderElection39] INFO  impl.RoleInfo (RoleInfo.java:updateAndGet(139)) - 80fc50c2-999b-4282-ba04-29b80da548ab: start 80fc50c2-999b-4282-ba04-29b80da548ab@group-FCA6F6639A68-FollowerState
2022-09-28 09:58:46,542 [9e9c1c6a-451f-46d5-9738-b004dc1aedb2@group-381876C73B41-FollowerState] INFO  impl.FollowerState (FollowerState.java:run(143)) - 9e9c1c6a-451f-46d5-9738-b004dc1aedb2@group-381876C73B41-FollowerState: change to CANDIDATE, lastRpcElapsedTime:5088771446ns, electionTimeout:5061ms
2022-09-28 09:58:46,547 [9e9c1c6a-451f-46d5-9738-b004dc1aedb2@group-381876C73B41-FollowerState] INFO  impl.RoleInfo (RoleInfo.java:shutdownFollowerState(110)) - 9e9c1c6a-451f-46d5-9738-b004dc1aedb2: shutdown 9e9c1c6a-451f-46d5-9738-b004dc1aedb2@group-381876C73B41-FollowerState
2022-09-28 09:58:46,547 [9e9c1c6a-451f-46d5-9738-b004dc1aedb2@group-381876C73B41-FollowerState] INFO  server.RaftServer$Division (RaftServerImpl.java:setRole(299)) - 9e9c1c6a-451f-46d5-9738-b004dc1aedb2@group-381876C73B41: changes role from  FOLLOWER to CANDIDATE at term 0 for changeToCandidate
2022-09-28 09:58:46,547 [9e9c1c6a-451f-46d5-9738-b004dc1aedb2@group-381876C73B41-FollowerState] INFO  server.RaftServerConfigKeys (ConfUtils.java:logGet(46)) - raft.server.leaderelection.pre-vote = false (custom)
2022-09-28 09:58:46,547 [9e9c1c6a-451f-46d5-9738-b004dc1aedb2@group-381876C73B41-FollowerState] INFO  impl.RoleInfo (RoleInfo.java:updateAndGet(139)) - 9e9c1c6a-451f-46d5-9738-b004dc1aedb2: start 9e9c1c6a-451f-46d5-9738-b004dc1aedb2@group-381876C73B41-LeaderElection40
2022-09-28 09:58:46,605 [9e9c1c6a-451f-46d5-9738-b004dc1aedb2@group-381876C73B41-LeaderElection40] INFO  impl.LeaderElection (LeaderElection.java:askForVotes(310)) - 9e9c1c6a-451f-46d5-9738-b004dc1aedb2@group-381876C73B41-LeaderElection40 ELECTION round 0: submit vote requests at term 1 for -1: [fa5dce8c-80cb-4c43-9e0a-2a910fa20985|rpc:10.1.1.21:40407|priority:1, 9e9c1c6a-451f-46d5-9738-b004dc1aedb2|rpc:10.1.1.21:38097|priority:0, 80fc50c2-999b-4282-ba04-29b80da548ab|rpc:10.1.1.21:45007|priority:0], old=null
2022-09-28 09:58:46,625 [grpc-default-executor-0] INFO  server.RaftServer$Division (RaftServerImpl.java:requestVote(1152)) - fa5dce8c-80cb-4c43-9e0a-2a910fa20985@group-381876C73B41: receive requestVote(ELECTION, 9e9c1c6a-451f-46d5-9738-b004dc1aedb2, group-381876C73B41, 1, (t:0, i:0))
2022-09-28 09:58:46,625 [grpc-default-executor-0] INFO  impl.VoteContext (VoteContext.java:log(48)) - fa5dce8c-80cb-4c43-9e0a-2a910fa20985@group-381876C73B41-FOLLOWER: reject ELECTION from 9e9c1c6a-451f-46d5-9738-b004dc1aedb2: our priority 1 > candidate's priority 0
2022-09-28 09:58:46,625 [grpc-default-executor-0] INFO  server.RaftServer$Division (RaftServerImpl.java:setRole(299)) - fa5dce8c-80cb-4c43-9e0a-2a910fa20985@group-381876C73B41: changes role from  FOLLOWER to FOLLOWER at term 1 for candidate:9e9c1c6a-451f-46d5-9738-b004dc1aedb2
2022-09-28 09:58:46,625 [grpc-default-executor-0] INFO  impl.RoleInfo (RoleInfo.java:shutdownFollowerState(110)) - fa5dce8c-80cb-4c43-9e0a-2a910fa20985: shutdown fa5dce8c-80cb-4c43-9e0a-2a910fa20985@group-381876C73B41-FollowerState
2022-09-28 09:58:46,625 [grpc-default-executor-0] INFO  impl.RoleInfo (RoleInfo.java:updateAndGet(139)) - fa5dce8c-80cb-4c43-9e0a-2a910fa20985: start fa5dce8c-80cb-4c43-9e0a-2a910fa20985@group-381876C73B41-FollowerState
2022-09-28 09:58:46,625 [fa5dce8c-80cb-4c43-9e0a-2a910fa20985@group-381876C73B41-FollowerState] INFO  impl.FollowerState (FollowerState.java:run(152)) - fa5dce8c-80cb-4c43-9e0a-2a910fa20985@group-381876C73B41-FollowerState was interrupted
2022-09-28 09:58:46,633 [grpc-default-executor-0] INFO  server.RaftServer$Division (RaftServerImpl.java:requestVote(1184)) - fa5dce8c-80cb-4c43-9e0a-2a910fa20985@group-381876C73B41 replies to ELECTION vote request: 9e9c1c6a-451f-46d5-9738-b004dc1aedb2<-fa5dce8c-80cb-4c43-9e0a-2a910fa20985#0:FAIL-t1. Peer's state: fa5dce8c-80cb-4c43-9e0a-2a910fa20985@group-381876C73B41:t1, leader=null, voted=null, raftlog=fa5dce8c-80cb-4c43-9e0a-2a910fa20985@group-381876C73B41-SegmentedRaftLog:OPENED:c-1, conf=-1: [fa5dce8c-80cb-4c43-9e0a-2a910fa20985|rpc:10.1.1.21:40407|dataStream:|priority:1, 9e9c1c6a-451f-46d5-9738-b004dc1aedb2|rpc:10.1.1.21:38097|dataStream:|priority:0, 80fc50c2-999b-4282-ba04-29b80da548ab|rpc:10.1.1.21:45007|dataStream:|priority:0], old=null
2022-09-28 09:58:46,634 [9e9c1c6a-451f-46d5-9738-b004dc1aedb2@group-381876C73B41-LeaderElection40] INFO  impl.LeaderElection (LeaderElection.java:logAndReturn(90)) - 9e9c1c6a-451f-46d5-9738-b004dc1aedb2@group-381876C73B41-LeaderElection40: ELECTION REJECTED received 1 response(s) and 0 exception(s):
2022-09-28 09:58:46,634 [9e9c1c6a-451f-46d5-9738-b004dc1aedb2@group-381876C73B41-LeaderElection40] INFO  impl.LeaderElection (LeaderElection.java:logAndReturn(94)) -   Response 0: 9e9c1c6a-451f-46d5-9738-b004dc1aedb2<-fa5dce8c-80cb-4c43-9e0a-2a910fa20985#0:FAIL-t1
2022-09-28 09:58:46,634 [9e9c1c6a-451f-46d5-9738-b004dc1aedb2@group-381876C73B41-LeaderElection40] INFO  impl.LeaderElection (LeaderElection.java:askForVotes(312)) - 9e9c1c6a-451f-46d5-9738-b004dc1aedb2@group-381876C73B41-LeaderElection40 ELECTION round 0: result REJECTED
2022-09-28 09:58:46,634 [9e9c1c6a-451f-46d5-9738-b004dc1aedb2@group-381876C73B41-LeaderElection40] INFO  server.RaftServer$Division (RaftServerImpl.java:setRole(299)) - 9e9c1c6a-451f-46d5-9738-b004dc1aedb2@group-381876C73B41: changes role from CANDIDATE to FOLLOWER at term 1 for REJECTED
2022-09-28 09:58:46,634 [9e9c1c6a-451f-46d5-9738-b004dc1aedb2@group-381876C73B41-LeaderElection40] INFO  impl.RoleInfo (RoleInfo.java:shutdownLeaderElection(130)) - 9e9c1c6a-451f-46d5-9738-b004dc1aedb2: shutdown 9e9c1c6a-451f-46d5-9738-b004dc1aedb2@group-381876C73B41-LeaderElection40
2022-09-28 09:58:46,634 [9e9c1c6a-451f-46d5-9738-b004dc1aedb2@group-381876C73B41-LeaderElection40] INFO  impl.RoleInfo (RoleInfo.java:updateAndGet(139)) - 9e9c1c6a-451f-46d5-9738-b004dc1aedb2: start 9e9c1c6a-451f-46d5-9738-b004dc1aedb2@group-381876C73B41-FollowerState
2022-09-28 09:58:46,697 [grpc-default-executor-0] INFO  server.RaftServer$Division (RaftServerImpl.java:requestVote(1152)) - 80fc50c2-999b-4282-ba04-29b80da548ab@group-381876C73B41: receive requestVote(ELECTION, 9e9c1c6a-451f-46d5-9738-b004dc1aedb2, group-381876C73B41, 1, (t:0, i:0))
2022-09-28 09:58:46,721 [grpc-default-executor-0] INFO  impl.VoteContext (VoteContext.java:log(48)) - 80fc50c2-999b-4282-ba04-29b80da548ab@group-381876C73B41-FOLLOWER: accept ELECTION from 9e9c1c6a-451f-46d5-9738-b004dc1aedb2: our priority 0 <= candidate's priority 0
2022-09-28 09:58:46,721 [grpc-default-executor-0] INFO  server.RaftServer$Division (RaftServerImpl.java:setRole(299)) - 80fc50c2-999b-4282-ba04-29b80da548ab@group-381876C73B41: changes role from  FOLLOWER to FOLLOWER at term 1 for candidate:9e9c1c6a-451f-46d5-9738-b004dc1aedb2
2022-09-28 09:58:46,721 [grpc-default-executor-0] INFO  impl.RoleInfo (RoleInfo.java:shutdownFollowerState(110)) - 80fc50c2-999b-4282-ba04-29b80da548ab: shutdown 80fc50c2-999b-4282-ba04-29b80da548ab@group-381876C73B41-FollowerState
2022-09-28 09:58:46,721 [grpc-default-executor-0] INFO  impl.RoleInfo (RoleInfo.java:updateAndGet(139)) - 80fc50c2-999b-4282-ba04-29b80da548ab: start 80fc50c2-999b-4282-ba04-29b80da548ab@group-381876C73B41-FollowerState
2022-09-28 09:58:46,722 [80fc50c2-999b-4282-ba04-29b80da548ab@group-381876C73B41-FollowerState] INFO  impl.FollowerState (FollowerState.java:run(152)) - 80fc50c2-999b-4282-ba04-29b80da548ab@group-381876C73B41-FollowerState was interrupted
2022-09-28 09:58:46,746 [grpc-default-executor-0] INFO  server.RaftServer$Division (RaftServerImpl.java:requestVote(1184)) - 80fc50c2-999b-4282-ba04-29b80da548ab@group-381876C73B41 replies to ELECTION vote request: 9e9c1c6a-451f-46d5-9738-b004dc1aedb2<-80fc50c2-999b-4282-ba04-29b80da548ab#0:OK-t1. Peer's state: 80fc50c2-999b-4282-ba04-29b80da548ab@group-381876C73B41:t1, leader=null, voted=9e9c1c6a-451f-46d5-9738-b004dc1aedb2, raftlog=80fc50c2-999b-4282-ba04-29b80da548ab@group-381876C73B41-SegmentedRaftLog:OPENED:c-1, conf=-1: [fa5dce8c-80cb-4c43-9e0a-2a910fa20985|rpc:10.1.1.21:40407|dataStream:|priority:1, 9e9c1c6a-451f-46d5-9738-b004dc1aedb2|rpc:10.1.1.21:38097|dataStream:|priority:0, 80fc50c2-999b-4282-ba04-29b80da548ab|rpc:10.1.1.21:45007|dataStream:|priority:0], old=null
2022-09-28 09:58:46,985 [Listener at 127.0.0.1/38925] INFO  ozone.MiniOzoneClusterImpl (MiniOzoneClusterImpl.java:lambda$waitForClusterToBeReady$0(216)) - Nodes are ready. Got 5 of 5 DN Heartbeats.
2022-09-28 09:58:46,985 [Listener at 127.0.0.1/38925] INFO  ozone.MiniOzoneClusterImpl (MiniOzoneClusterImpl.java:lambda$waitForClusterToBeReady$0(219)) - Waiting for cluster to exit safe mode
2022-09-28 09:58:46,985 [Listener at 127.0.0.1/38925] INFO  ozone.MiniOzoneClusterImpl (MiniOzoneClusterImpl.java:lambda$waitForClusterToBeReady$0(221)) - SCM became leader
2022-09-28 09:58:47,695 [fa5dce8c-80cb-4c43-9e0a-2a910fa20985@group-FA97BD08EA35-FollowerState] INFO  impl.FollowerState (FollowerState.java:run(143)) - fa5dce8c-80cb-4c43-9e0a-2a910fa20985@group-FA97BD08EA35-FollowerState: change to CANDIDATE, lastRpcElapsedTime:5095786020ns, electionTimeout:5094ms
2022-09-28 09:58:47,696 [fa5dce8c-80cb-4c43-9e0a-2a910fa20985@group-FA97BD08EA35-FollowerState] INFO  impl.RoleInfo (RoleInfo.java:shutdownFollowerState(110)) - fa5dce8c-80cb-4c43-9e0a-2a910fa20985: shutdown fa5dce8c-80cb-4c43-9e0a-2a910fa20985@group-FA97BD08EA35-FollowerState
2022-09-28 09:58:47,696 [fa5dce8c-80cb-4c43-9e0a-2a910fa20985@group-FA97BD08EA35-FollowerState] INFO  server.RaftServer$Division (RaftServerImpl.java:setRole(299)) - fa5dce8c-80cb-4c43-9e0a-2a910fa20985@group-FA97BD08EA35: changes role from  FOLLOWER to CANDIDATE at term 0 for changeToCandidate
2022-09-28 09:58:47,696 [fa5dce8c-80cb-4c43-9e0a-2a910fa20985@group-FA97BD08EA35-FollowerState] INFO  server.RaftServerConfigKeys (ConfUtils.java:logGet(46)) - raft.server.leaderelection.pre-vote = false (custom)
2022-09-28 09:58:47,696 [fa5dce8c-80cb-4c43-9e0a-2a910fa20985@group-FA97BD08EA35-FollowerState] INFO  impl.RoleInfo (RoleInfo.java:updateAndGet(139)) - fa5dce8c-80cb-4c43-9e0a-2a910fa20985: start fa5dce8c-80cb-4c43-9e0a-2a910fa20985@group-FA97BD08EA35-LeaderElection41
2022-09-28 09:58:47,743 [fa5dce8c-80cb-4c43-9e0a-2a910fa20985@group-FA97BD08EA35-LeaderElection41] INFO  impl.LeaderElection (LeaderElection.java:askForVotes(310)) - fa5dce8c-80cb-4c43-9e0a-2a910fa20985@group-FA97BD08EA35-LeaderElection41 ELECTION round 0: submit vote requests at term 1 for -1: [fa5dce8c-80cb-4c43-9e0a-2a910fa20985|rpc:10.1.1.21:40407|priority:1], old=null
2022-09-28 09:58:47,743 [fa5dce8c-80cb-4c43-9e0a-2a910fa20985@group-FA97BD08EA35-LeaderElection41] INFO  impl.LeaderElection (LeaderElection.java:askForVotes(312)) - fa5dce8c-80cb-4c43-9e0a-2a910fa20985@group-FA97BD08EA35-LeaderElection41 ELECTION round 0: result PASSED (term=1)
2022-09-28 09:58:47,743 [fa5dce8c-80cb-4c43-9e0a-2a910fa20985@group-FA97BD08EA35-LeaderElection41] INFO  impl.RoleInfo (RoleInfo.java:shutdownLeaderElection(130)) - fa5dce8c-80cb-4c43-9e0a-2a910fa20985: shutdown fa5dce8c-80cb-4c43-9e0a-2a910fa20985@group-FA97BD08EA35-LeaderElection41
2022-09-28 09:58:47,743 [fa5dce8c-80cb-4c43-9e0a-2a910fa20985@group-FA97BD08EA35-LeaderElection41] INFO  server.RaftServer$Division (RaftServerImpl.java:setRole(299)) - fa5dce8c-80cb-4c43-9e0a-2a910fa20985@group-FA97BD08EA35: changes role from CANDIDATE to LEADER at term 1 for changeToLeader
2022-09-28 09:58:47,743 [fa5dce8c-80cb-4c43-9e0a-2a910fa20985@group-FA97BD08EA35-LeaderElection41] INFO  ratis.XceiverServerRatis (XceiverServerRatis.java:handleLeaderChangedNotification(863)) - Leader change notification received for group: group-FA97BD08EA35 with new leaderId: fa5dce8c-80cb-4c43-9e0a-2a910fa20985
2022-09-28 09:58:47,743 [fa5dce8c-80cb-4c43-9e0a-2a910fa20985@group-FA97BD08EA35-LeaderElection41] INFO  server.RaftServer$Division (ServerState.java:setLeader(287)) - fa5dce8c-80cb-4c43-9e0a-2a910fa20985@group-FA97BD08EA35: change Leader from null to fa5dce8c-80cb-4c43-9e0a-2a910fa20985 at term 1 for becomeLeader, leader elected after 5177ms
2022-09-28 09:58:47,744 [fa5dce8c-80cb-4c43-9e0a-2a910fa20985@group-FA97BD08EA35-LeaderElection41] INFO  server.RaftServerConfigKeys (ConfUtils.java:logGet(46)) - raft.server.staging.catchup.gap = 1000 (default)
2022-09-28 09:58:47,744 [fa5dce8c-80cb-4c43-9e0a-2a910fa20985@group-FA97BD08EA35-LeaderElection41] INFO  server.RaftServerConfigKeys (ConfUtils.java:logGet(46)) - raft.server.write.element-limit = 1024 (custom)
2022-09-28 09:58:47,744 [fa5dce8c-80cb-4c43-9e0a-2a910fa20985@group-FA97BD08EA35-LeaderElection41] INFO  server.RaftServerConfigKeys (ConfUtils.java:logGet(46)) - raft.server.write.byte-limit = 1024 M (=1073741824) (custom)
2022-09-28 09:58:47,744 [fa5dce8c-80cb-4c43-9e0a-2a910fa20985@group-FA97BD08EA35-LeaderElection41] INFO  server.RaftServerConfigKeys (ConfUtils.java:logGet(46)) - raft.server.watch.timeout = 180s (custom)
2022-09-28 09:58:47,744 [EventQueue-OpenPipelineForHealthyPipelineSafeModeRule] INFO  safemode.SCMSafeModeManager (HealthyPipelineSafeModeRule.java:process(137)) - SCM in safe mode. Healthy pipelines reported count is 0, required healthy pipeline reported count is 1
2022-09-28 09:58:47,744 [fa5dce8c-80cb-4c43-9e0a-2a910fa20985@group-FA97BD08EA35-LeaderElection41] INFO  server.RaftServerConfigKeys (ConfUtils.java:logGet(46)) - raft.server.watch.timeout.denomination = 1s (default)
2022-09-28 09:58:47,744 [fa5dce8c-80cb-4c43-9e0a-2a910fa20985@group-FA97BD08EA35-LeaderElection41] INFO  server.RaftServerConfigKeys (ConfUtils.java:logGet(46)) - raft.server.watch.element-limit = 65536 (default)
2022-09-28 09:58:47,745 [fa5dce8c-80cb-4c43-9e0a-2a910fa20985@group-FA97BD08EA35-LeaderElection41] INFO  server.RaftServerConfigKeys (ConfUtils.java:logGet(46)) - raft.server.write.element-limit = 1024 (custom)
2022-09-28 09:58:47,745 [fa5dce8c-80cb-4c43-9e0a-2a910fa20985@group-FA97BD08EA35-LeaderElection41] INFO  server.RaftServerConfigKeys (ConfUtils.java:logGet(46)) - raft.server.write.follower.gap.ratio.max = -1.0 (default)
2022-09-28 09:58:47,745 [fa5dce8c-80cb-4c43-9e0a-2a910fa20985@group-FA97BD08EA35-LeaderElection41] INFO  impl.RoleInfo (RoleInfo.java:updateAndGet(139)) - fa5dce8c-80cb-4c43-9e0a-2a910fa20985: start fa5dce8c-80cb-4c43-9e0a-2a910fa20985@group-FA97BD08EA35-LeaderStateImpl
2022-09-28 09:58:47,745 [fa5dce8c-80cb-4c43-9e0a-2a910fa20985@group-FA97BD08EA35-LeaderElection41] INFO  segmented.SegmentedRaftLogWorker (SegmentedRaftLogWorker.java:startLogSegment(425)) - fa5dce8c-80cb-4c43-9e0a-2a910fa20985@group-FA97BD08EA35-SegmentedRaftLogWorker: Starting segment from index:0
2022-09-28 09:58:47,792 [fa5dce8c-80cb-4c43-9e0a-2a910fa20985@group-FA97BD08EA35-SegmentedRaftLogWorker] INFO  segmented.SegmentedRaftLogWorker (SegmentedRaftLogWorker.java:execute(629)) - fa5dce8c-80cb-4c43-9e0a-2a910fa20985@group-FA97BD08EA35-SegmentedRaftLogWorker: created new log segment /home/runner/work/ozone/ozone/hadoop-ozone/integration-test/target/test-dir/MiniOzoneClusterImpl-010780ea-650b-44a2-9cb2-deec812f3cdf/datanode-2/data/ratis/02d43fd1-4f9f-4161-b83e-fa97bd08ea35/current/log_inprogress_0
2022-09-28 09:58:47,814 [fa5dce8c-80cb-4c43-9e0a-2a910fa20985@group-FA97BD08EA35-LeaderElection41] INFO  server.RaftServer$Division (ServerState.java:setRaftConf(393)) - fa5dce8c-80cb-4c43-9e0a-2a910fa20985@group-FA97BD08EA35: set configuration 0: [fa5dce8c-80cb-4c43-9e0a-2a910fa20985|rpc:10.1.1.21:40407|dataStream:|priority:1], old=null
2022-09-28 09:58:47,985 [Listener at 127.0.0.1/38925] INFO  ozone.MiniOzoneClusterImpl (MiniOzoneClusterImpl.java:lambda$waitForClusterToBeReady$0(216)) - Nodes are ready. Got 5 of 5 DN Heartbeats.
2022-09-28 09:58:47,986 [Listener at 127.0.0.1/38925] INFO  ozone.MiniOzoneClusterImpl (MiniOzoneClusterImpl.java:lambda$waitForClusterToBeReady$0(219)) - Waiting for cluster to exit safe mode
2022-09-28 09:58:47,986 [Listener at 127.0.0.1/38925] INFO  ozone.MiniOzoneClusterImpl (MiniOzoneClusterImpl.java:lambda$waitForClusterToBeReady$0(221)) - SCM became leader
2022-09-28 09:58:48,986 [Listener at 127.0.0.1/38925] INFO  ozone.MiniOzoneClusterImpl (MiniOzoneClusterImpl.java:lambda$waitForClusterToBeReady$0(216)) - Nodes are ready. Got 5 of 5 DN Heartbeats.
2022-09-28 09:58:48,986 [Listener at 127.0.0.1/38925] INFO  ozone.MiniOzoneClusterImpl (MiniOzoneClusterImpl.java:lambda$waitForClusterToBeReady$0(219)) - Waiting for cluster to exit safe mode
2022-09-28 09:58:48,986 [Listener at 127.0.0.1/38925] INFO  ozone.MiniOzoneClusterImpl (MiniOzoneClusterImpl.java:lambda$waitForClusterToBeReady$0(221)) - SCM became leader
2022-09-28 09:58:49,882 [44e4ad90-3045-4837-8321-a98dd49203be@group-9782B235A21A-FollowerState] INFO  impl.FollowerState (FollowerState.java:run(143)) - 44e4ad90-3045-4837-8321-a98dd49203be@group-9782B235A21A-FollowerState: change to CANDIDATE, lastRpcElapsedTime:5193794176ns, electionTimeout:5189ms
2022-09-28 09:58:49,882 [44e4ad90-3045-4837-8321-a98dd49203be@group-9782B235A21A-FollowerState] INFO  impl.RoleInfo (RoleInfo.java:shutdownFollowerState(110)) - 44e4ad90-3045-4837-8321-a98dd49203be: shutdown 44e4ad90-3045-4837-8321-a98dd49203be@group-9782B235A21A-FollowerState
2022-09-28 09:58:49,882 [44e4ad90-3045-4837-8321-a98dd49203be@group-9782B235A21A-FollowerState] INFO  server.RaftServer$Division (RaftServerImpl.java:setRole(299)) - 44e4ad90-3045-4837-8321-a98dd49203be@group-9782B235A21A: changes role from  FOLLOWER to CANDIDATE at term 0 for changeToCandidate
2022-09-28 09:58:49,882 [44e4ad90-3045-4837-8321-a98dd49203be@group-9782B235A21A-FollowerState] INFO  server.RaftServerConfigKeys (ConfUtils.java:logGet(46)) - raft.server.leaderelection.pre-vote = false (custom)
2022-09-28 09:58:49,882 [44e4ad90-3045-4837-8321-a98dd49203be@group-9782B235A21A-FollowerState] INFO  impl.RoleInfo (RoleInfo.java:updateAndGet(139)) - 44e4ad90-3045-4837-8321-a98dd49203be: start 44e4ad90-3045-4837-8321-a98dd49203be@group-9782B235A21A-LeaderElection42
2022-09-28 09:58:49,954 [44e4ad90-3045-4837-8321-a98dd49203be@group-9782B235A21A-LeaderElection42] INFO  impl.LeaderElection (LeaderElection.java:askForVotes(310)) - 44e4ad90-3045-4837-8321-a98dd49203be@group-9782B235A21A-LeaderElection42 ELECTION round 0: submit vote requests at term 1 for -1: [44e4ad90-3045-4837-8321-a98dd49203be|rpc:10.1.1.21:45577|priority:1], old=null
2022-09-28 09:58:49,954 [44e4ad90-3045-4837-8321-a98dd49203be@group-9782B235A21A-LeaderElection42] INFO  impl.LeaderElection (LeaderElection.java:askForVotes(312)) - 44e4ad90-3045-4837-8321-a98dd49203be@group-9782B235A21A-LeaderElection42 ELECTION round 0: result PASSED (term=1)
2022-09-28 09:58:49,954 [44e4ad90-3045-4837-8321-a98dd49203be@group-9782B235A21A-LeaderElection42] INFO  impl.RoleInfo (RoleInfo.java:shutdownLeaderElection(130)) - 44e4ad90-3045-4837-8321-a98dd49203be: shutdown 44e4ad90-3045-4837-8321-a98dd49203be@group-9782B235A21A-LeaderElection42
2022-09-28 09:58:49,954 [44e4ad90-3045-4837-8321-a98dd49203be@group-9782B235A21A-LeaderElection42] INFO  server.RaftServer$Division (RaftServerImpl.java:setRole(299)) - 44e4ad90-3045-4837-8321-a98dd49203be@group-9782B235A21A: changes role from CANDIDATE to LEADER at term 1 for changeToLeader
2022-09-28 09:58:49,955 [44e4ad90-3045-4837-8321-a98dd49203be@group-9782B235A21A-LeaderElection42] INFO  ratis.XceiverServerRatis (XceiverServerRatis.java:handleLeaderChangedNotification(863)) - Leader change notification received for group: group-9782B235A21A with new leaderId: 44e4ad90-3045-4837-8321-a98dd49203be
2022-09-28 09:58:49,955 [44e4ad90-3045-4837-8321-a98dd49203be@group-9782B235A21A-LeaderElection42] INFO  server.RaftServer$Division (ServerState.java:setLeader(287)) - 44e4ad90-3045-4837-8321-a98dd49203be@group-9782B235A21A: change Leader from null to 44e4ad90-3045-4837-8321-a98dd49203be at term 1 for becomeLeader, leader elected after 5290ms
2022-09-28 09:58:49,955 [44e4ad90-3045-4837-8321-a98dd49203be@group-9782B235A21A-LeaderElection42] INFO  server.RaftServerConfigKeys (ConfUtils.java:logGet(46)) - raft.server.staging.catchup.gap = 1000 (default)
2022-09-28 09:58:49,955 [44e4ad90-3045-4837-8321-a98dd49203be@group-9782B235A21A-LeaderElection42] INFO  server.RaftServerConfigKeys (ConfUtils.java:logGet(46)) - raft.server.write.element-limit = 1024 (custom)
2022-09-28 09:58:49,955 [44e4ad90-3045-4837-8321-a98dd49203be@group-9782B235A21A-LeaderElection42] INFO  server.RaftServerConfigKeys (ConfUtils.java:logGet(46)) - raft.server.write.byte-limit = 1024 M (=1073741824) (custom)
2022-09-28 09:58:49,955 [44e4ad90-3045-4837-8321-a98dd49203be@group-9782B235A21A-LeaderElection42] INFO  server.RaftServerConfigKeys (ConfUtils.java:logGet(46)) - raft.server.watch.timeout = 180s (custom)
2022-09-28 09:58:49,955 [44e4ad90-3045-4837-8321-a98dd49203be@group-9782B235A21A-LeaderElection42] INFO  server.RaftServerConfigKeys (ConfUtils.java:logGet(46)) - raft.server.watch.timeout.denomination = 1s (default)
2022-09-28 09:58:49,955 [44e4ad90-3045-4837-8321-a98dd49203be@group-9782B235A21A-LeaderElection42] INFO  server.RaftServerConfigKeys (ConfUtils.java:logGet(46)) - raft.server.watch.element-limit = 65536 (default)
2022-09-28 09:58:49,955 [44e4ad90-3045-4837-8321-a98dd49203be@group-9782B235A21A-LeaderElection42] INFO  server.RaftServerConfigKeys (ConfUtils.java:logGet(46)) - raft.server.write.element-limit = 1024 (custom)
2022-09-28 09:58:49,955 [44e4ad90-3045-4837-8321-a98dd49203be@group-9782B235A21A-LeaderElection42] INFO  server.RaftServerConfigKeys (ConfUtils.java:logGet(46)) - raft.server.write.follower.gap.ratio.max = -1.0 (default)
2022-09-28 09:58:49,955 [44e4ad90-3045-4837-8321-a98dd49203be@group-9782B235A21A-LeaderElection42] INFO  impl.RoleInfo (RoleInfo.java:updateAndGet(139)) - 44e4ad90-3045-4837-8321-a98dd49203be: start 44e4ad90-3045-4837-8321-a98dd49203be@group-9782B235A21A-LeaderStateImpl
2022-09-28 09:58:49,956 [44e4ad90-3045-4837-8321-a98dd49203be@group-9782B235A21A-LeaderElection42] INFO  segmented.SegmentedRaftLogWorker (SegmentedRaftLogWorker.java:startLogSegment(425)) - 44e4ad90-3045-4837-8321-a98dd49203be@group-9782B235A21A-SegmentedRaftLogWorker: Starting segment from index:0
2022-09-28 09:58:49,958 [44e4ad90-3045-4837-8321-a98dd49203be@group-9782B235A21A-SegmentedRaftLogWorker] INFO  segmented.SegmentedRaftLogWorker (SegmentedRaftLogWorker.java:execute(629)) - 44e4ad90-3045-4837-8321-a98dd49203be@group-9782B235A21A-SegmentedRaftLogWorker: created new log segment /home/runner/work/ozone/ozone/hadoop-ozone/integration-test/target/test-dir/MiniOzoneClusterImpl-010780ea-650b-44a2-9cb2-deec812f3cdf/datanode-3/data/ratis/213345a9-e0ba-4297-8249-9782b235a21a/current/log_inprogress_0
2022-09-28 09:58:49,960 [44e4ad90-3045-4837-8321-a98dd49203be@group-9782B235A21A-LeaderElection42] INFO  server.RaftServer$Division (ServerState.java:setRaftConf(393)) - 44e4ad90-3045-4837-8321-a98dd49203be@group-9782B235A21A: set configuration 0: [44e4ad90-3045-4837-8321-a98dd49203be|rpc:10.1.1.21:45577|dataStream:|priority:1], old=null
2022-09-28 09:58:49,981 [EventQueue-OpenPipelineForHealthyPipelineSafeModeRule] INFO  safemode.SCMSafeModeManager (HealthyPipelineSafeModeRule.java:process(137)) - SCM in safe mode. Healthy pipelines reported count is 0, required healthy pipeline reported count is 1
2022-09-28 09:58:49,986 [Listener at 127.0.0.1/38925] INFO  ozone.MiniOzoneClusterImpl (MiniOzoneClusterImpl.java:lambda$waitForClusterToBeReady$0(216)) - Nodes are ready. Got 5 of 5 DN Heartbeats.
2022-09-28 09:58:49,986 [Listener at 127.0.0.1/38925] INFO  ozone.MiniOzoneClusterImpl (MiniOzoneClusterImpl.java:lambda$waitForClusterToBeReady$0(219)) - Waiting for cluster to exit safe mode
2022-09-28 09:58:49,987 [Listener at 127.0.0.1/38925] INFO  ozone.MiniOzoneClusterImpl (MiniOzoneClusterImpl.java:lambda$waitForClusterToBeReady$0(221)) - SCM became leader
2022-09-28 09:58:50,987 [Listener at 127.0.0.1/38925] INFO  ozone.MiniOzoneClusterImpl (MiniOzoneClusterImpl.java:lambda$waitForClusterToBeReady$0(216)) - Nodes are ready. Got 5 of 5 DN Heartbeats.
2022-09-28 09:58:50,987 [Listener at 127.0.0.1/38925] INFO  ozone.MiniOzoneClusterImpl (MiniOzoneClusterImpl.java:lambda$waitForClusterToBeReady$0(219)) - Waiting for cluster to exit safe mode
2022-09-28 09:58:50,987 [Listener at 127.0.0.1/38925] INFO  ozone.MiniOzoneClusterImpl (MiniOzoneClusterImpl.java:lambda$waitForClusterToBeReady$0(221)) - SCM became leader
2022-09-28 09:58:51,399 [cc7744e9-0de8-45fb-8568-4a259232bd8e@group-734E42158928-FollowerState] INFO  impl.FollowerState (FollowerState.java:run(143)) - cc7744e9-0de8-45fb-8568-4a259232bd8e@group-734E42158928-FollowerState: change to CANDIDATE, lastRpcElapsedTime:5109072639ns, electionTimeout:5094ms
2022-09-28 09:58:51,399 [cc7744e9-0de8-45fb-8568-4a259232bd8e@group-734E42158928-FollowerState] INFO  impl.RoleInfo (RoleInfo.java:shutdownFollowerState(110)) - cc7744e9-0de8-45fb-8568-4a259232bd8e: shutdown cc7744e9-0de8-45fb-8568-4a259232bd8e@group-734E42158928-FollowerState
2022-09-28 09:58:51,399 [cc7744e9-0de8-45fb-8568-4a259232bd8e@group-734E42158928-FollowerState] INFO  server.RaftServer$Division (RaftServerImpl.java:setRole(299)) - cc7744e9-0de8-45fb-8568-4a259232bd8e@group-734E42158928: changes role from  FOLLOWER to CANDIDATE at term 0 for changeToCandidate
2022-09-28 09:58:51,399 [cc7744e9-0de8-45fb-8568-4a259232bd8e@group-734E42158928-FollowerState] INFO  server.RaftServerConfigKeys (ConfUtils.java:logGet(46)) - raft.server.leaderelection.pre-vote = false (custom)
2022-09-28 09:58:51,399 [cc7744e9-0de8-45fb-8568-4a259232bd8e@group-734E42158928-FollowerState] INFO  impl.RoleInfo (RoleInfo.java:updateAndGet(139)) - cc7744e9-0de8-45fb-8568-4a259232bd8e: start cc7744e9-0de8-45fb-8568-4a259232bd8e@group-734E42158928-LeaderElection43
2022-09-28 09:58:51,408 [fa5dce8c-80cb-4c43-9e0a-2a910fa20985@group-FCA6F6639A68-FollowerState] INFO  impl.FollowerState (FollowerState.java:run(143)) - fa5dce8c-80cb-4c43-9e0a-2a910fa20985@group-FCA6F6639A68-FollowerState: change to CANDIDATE, lastRpcElapsedTime:5184128029ns, electionTimeout:5081ms
2022-09-28 09:58:51,408 [fa5dce8c-80cb-4c43-9e0a-2a910fa20985@group-FCA6F6639A68-FollowerState] INFO  impl.RoleInfo (RoleInfo.java:shutdownFollowerState(110)) - fa5dce8c-80cb-4c43-9e0a-2a910fa20985: shutdown fa5dce8c-80cb-4c43-9e0a-2a910fa20985@group-FCA6F6639A68-FollowerState
2022-09-28 09:58:51,408 [fa5dce8c-80cb-4c43-9e0a-2a910fa20985@group-FCA6F6639A68-FollowerState] INFO  server.RaftServer$Division (RaftServerImpl.java:setRole(299)) - fa5dce8c-80cb-4c43-9e0a-2a910fa20985@group-FCA6F6639A68: changes role from  FOLLOWER to CANDIDATE at term 1 for changeToCandidate
2022-09-28 09:58:51,440 [fa5dce8c-80cb-4c43-9e0a-2a910fa20985@group-FCA6F6639A68-FollowerState] INFO  server.RaftServerConfigKeys (ConfUtils.java:logGet(46)) - raft.server.leaderelection.pre-vote = false (custom)
2022-09-28 09:58:51,441 [fa5dce8c-80cb-4c43-9e0a-2a910fa20985@group-FCA6F6639A68-FollowerState] INFO  impl.RoleInfo (RoleInfo.java:updateAndGet(139)) - fa5dce8c-80cb-4c43-9e0a-2a910fa20985: start fa5dce8c-80cb-4c43-9e0a-2a910fa20985@group-FCA6F6639A68-LeaderElection44
2022-09-28 09:58:51,448 [cc7744e9-0de8-45fb-8568-4a259232bd8e@group-734E42158928-LeaderElection43] INFO  impl.LeaderElection (LeaderElection.java:askForVotes(310)) - cc7744e9-0de8-45fb-8568-4a259232bd8e@group-734E42158928-LeaderElection43 ELECTION round 0: submit vote requests at term 1 for -1: [cc7744e9-0de8-45fb-8568-4a259232bd8e|rpc:10.1.1.21:39329|priority:1], old=null
2022-09-28 09:58:51,448 [cc7744e9-0de8-45fb-8568-4a259232bd8e@group-734E42158928-LeaderElection43] INFO  impl.LeaderElection (LeaderElection.java:askForVotes(312)) - cc7744e9-0de8-45fb-8568-4a259232bd8e@group-734E42158928-LeaderElection43 ELECTION round 0: result PASSED (term=1)
2022-09-28 09:58:51,448 [cc7744e9-0de8-45fb-8568-4a259232bd8e@group-734E42158928-LeaderElection43] INFO  impl.RoleInfo (RoleInfo.java:shutdownLeaderElection(130)) - cc7744e9-0de8-45fb-8568-4a259232bd8e: shutdown cc7744e9-0de8-45fb-8568-4a259232bd8e@group-734E42158928-LeaderElection43
2022-09-28 09:58:51,449 [cc7744e9-0de8-45fb-8568-4a259232bd8e@group-734E42158928-LeaderElection43] INFO  server.RaftServer$Division (RaftServerImpl.java:setRole(299)) - cc7744e9-0de8-45fb-8568-4a259232bd8e@group-734E42158928: changes role from CANDIDATE to LEADER at term 1 for changeToLeader
2022-09-28 09:58:51,449 [cc7744e9-0de8-45fb-8568-4a259232bd8e@group-734E42158928-LeaderElection43] INFO  ratis.XceiverServerRatis (XceiverServerRatis.java:handleLeaderChangedNotification(863)) - Leader change notification received for group: group-734E42158928 with new leaderId: cc7744e9-0de8-45fb-8568-4a259232bd8e
2022-09-28 09:58:51,449 [cc7744e9-0de8-45fb-8568-4a259232bd8e@group-734E42158928-LeaderElection43] INFO  server.RaftServer$Division (ServerState.java:setLeader(287)) - cc7744e9-0de8-45fb-8568-4a259232bd8e@group-734E42158928: change Leader from null to cc7744e9-0de8-45fb-8568-4a259232bd8e at term 1 for becomeLeader, leader elected after 5165ms
2022-09-28 09:58:51,449 [cc7744e9-0de8-45fb-8568-4a259232bd8e@group-734E42158928-LeaderElection43] INFO  server.RaftServerConfigKeys (ConfUtils.java:logGet(46)) - raft.server.staging.catchup.gap = 1000 (default)
2022-09-28 09:58:51,449 [cc7744e9-0de8-45fb-8568-4a259232bd8e@group-734E42158928-LeaderElection43] INFO  server.RaftServerConfigKeys (ConfUtils.java:logGet(46)) - raft.server.write.element-limit = 1024 (custom)
2022-09-28 09:58:51,449 [cc7744e9-0de8-45fb-8568-4a259232bd8e@group-734E42158928-LeaderElection43] INFO  server.RaftServerConfigKeys (ConfUtils.java:logGet(46)) - raft.server.write.byte-limit = 1024 M (=1073741824) (custom)
2022-09-28 09:58:51,449 [cc7744e9-0de8-45fb-8568-4a259232bd8e@group-734E42158928-LeaderElection43] INFO  server.RaftServerConfigKeys (ConfUtils.java:logGet(46)) - raft.server.watch.timeout = 180s (custom)
2022-09-28 09:58:51,449 [cc7744e9-0de8-45fb-8568-4a259232bd8e@group-734E42158928-LeaderElection43] INFO  server.RaftServerConfigKeys (ConfUtils.java:logGet(46)) - raft.server.watch.timeout.denomination = 1s (default)
2022-09-28 09:58:51,449 [cc7744e9-0de8-45fb-8568-4a259232bd8e@group-734E42158928-LeaderElection43] INFO  server.RaftServerConfigKeys (ConfUtils.java:logGet(46)) - raft.server.watch.element-limit = 65536 (default)
2022-09-28 09:58:51,449 [cc7744e9-0de8-45fb-8568-4a259232bd8e@group-734E42158928-LeaderElection43] INFO  server.RaftServerConfigKeys (ConfUtils.java:logGet(46)) - raft.server.write.element-limit = 1024 (custom)
2022-09-28 09:58:51,449 [cc7744e9-0de8-45fb-8568-4a259232bd8e@group-734E42158928-LeaderElection43] INFO  server.RaftServerConfigKeys (ConfUtils.java:logGet(46)) - raft.server.write.follower.gap.ratio.max = -1.0 (default)
2022-09-28 09:58:51,449 [cc7744e9-0de8-45fb-8568-4a259232bd8e@group-734E42158928-LeaderElection43] INFO  impl.RoleInfo (RoleInfo.java:updateAndGet(139)) - cc7744e9-0de8-45fb-8568-4a259232bd8e: start cc7744e9-0de8-45fb-8568-4a259232bd8e@group-734E42158928-LeaderStateImpl
2022-09-28 09:58:51,450 [cc7744e9-0de8-45fb-8568-4a259232bd8e@group-734E42158928-LeaderElection43] INFO  segmented.SegmentedRaftLogWorker (SegmentedRaftLogWorker.java:startLogSegment(425)) - cc7744e9-0de8-45fb-8568-4a259232bd8e@group-734E42158928-SegmentedRaftLogWorker: Starting segment from index:0
2022-09-28 09:58:51,453 [cc7744e9-0de8-45fb-8568-4a259232bd8e@group-734E42158928-SegmentedRaftLogWorker] INFO  segmented.SegmentedRaftLogWorker (SegmentedRaftLogWorker.java:execute(629)) - cc7744e9-0de8-45fb-8568-4a259232bd8e@group-734E42158928-SegmentedRaftLogWorker: created new log segment /home/runner/work/ozone/ozone/hadoop-ozone/integration-test/target/test-dir/MiniOzoneClusterImpl-010780ea-650b-44a2-9cb2-deec812f3cdf/datanode-4/data/ratis/f44658b6-fbd6-4b1b-be21-734e42158928/current/log_inprogress_0
2022-09-28 09:58:51,453 [EventQueue-OpenPipelineForHealthyPipelineSafeModeRule] INFO  safemode.SCMSafeModeManager (HealthyPipelineSafeModeRule.java:process(137)) - SCM in safe mode. Healthy pipelines reported count is 0, required healthy pipeline reported count is 1
2022-09-28 09:58:51,476 [cc7744e9-0de8-45fb-8568-4a259232bd8e@group-734E42158928-LeaderElection43] INFO  server.RaftServer$Division (ServerState.java:setRaftConf(393)) - cc7744e9-0de8-45fb-8568-4a259232bd8e@group-734E42158928: set configuration 0: [cc7744e9-0de8-45fb-8568-4a259232bd8e|rpc:10.1.1.21:39329|dataStream:|priority:1], old=null
2022-09-28 09:58:51,493 [fa5dce8c-80cb-4c43-9e0a-2a910fa20985@group-FCA6F6639A68-LeaderElection44] INFO  impl.LeaderElection (LeaderElection.java:askForVotes(310)) - fa5dce8c-80cb-4c43-9e0a-2a910fa20985@group-FCA6F6639A68-LeaderElection44 ELECTION round 0: submit vote requests at term 2 for -1: [fa5dce8c-80cb-4c43-9e0a-2a910fa20985|rpc:10.1.1.21:40407|dataStream:|priority:0, 9e9c1c6a-451f-46d5-9738-b004dc1aedb2|rpc:10.1.1.21:38097|dataStream:|priority:0, 80fc50c2-999b-4282-ba04-29b80da548ab|rpc:10.1.1.21:45007|dataStream:|priority:1], old=null
2022-09-28 09:58:51,544 [grpc-default-executor-1] INFO  server.RaftServer$Division (RaftServerImpl.java:requestVote(1152)) - 9e9c1c6a-451f-46d5-9738-b004dc1aedb2@group-FCA6F6639A68: receive requestVote(ELECTION, fa5dce8c-80cb-4c43-9e0a-2a910fa20985, group-FCA6F6639A68, 2, (t:0, i:0))
2022-09-28 09:58:51,544 [grpc-default-executor-1] INFO  impl.VoteContext (VoteContext.java:log(48)) - 9e9c1c6a-451f-46d5-9738-b004dc1aedb2@group-FCA6F6639A68-FOLLOWER: accept ELECTION from fa5dce8c-80cb-4c43-9e0a-2a910fa20985: our priority 0 <= candidate's priority 0
2022-09-28 09:58:51,544 [grpc-default-executor-1] INFO  server.RaftServer$Division (RaftServerImpl.java:setRole(299)) - 9e9c1c6a-451f-46d5-9738-b004dc1aedb2@group-FCA6F6639A68: changes role from  FOLLOWER to FOLLOWER at term 2 for candidate:fa5dce8c-80cb-4c43-9e0a-2a910fa20985
2022-09-28 09:58:51,544 [grpc-default-executor-1] INFO  impl.RoleInfo (RoleInfo.java:shutdownFollowerState(110)) - 9e9c1c6a-451f-46d5-9738-b004dc1aedb2: shutdown 9e9c1c6a-451f-46d5-9738-b004dc1aedb2@group-FCA6F6639A68-FollowerState
2022-09-28 09:58:51,544 [9e9c1c6a-451f-46d5-9738-b004dc1aedb2@group-FCA6F6639A68-FollowerState] INFO  impl.FollowerState (FollowerState.java:run(152)) - 9e9c1c6a-451f-46d5-9738-b004dc1aedb2@group-FCA6F6639A68-FollowerState was interrupted
2022-09-28 09:58:51,544 [grpc-default-executor-1] INFO  impl.RoleInfo (RoleInfo.java:updateAndGet(139)) - 9e9c1c6a-451f-46d5-9738-b004dc1aedb2: start 9e9c1c6a-451f-46d5-9738-b004dc1aedb2@group-FCA6F6639A68-FollowerState
2022-09-28 09:58:51,612 [grpc-default-executor-1] INFO  server.RaftServer$Division (RaftServerImpl.java:requestVote(1184)) - 9e9c1c6a-451f-46d5-9738-b004dc1aedb2@group-FCA6F6639A68 replies to ELECTION vote request: fa5dce8c-80cb-4c43-9e0a-2a910fa20985<-9e9c1c6a-451f-46d5-9738-b004dc1aedb2#0:OK-t2. Peer's state: 9e9c1c6a-451f-46d5-9738-b004dc1aedb2@group-FCA6F6639A68:t2, leader=null, voted=fa5dce8c-80cb-4c43-9e0a-2a910fa20985, raftlog=9e9c1c6a-451f-46d5-9738-b004dc1aedb2@group-FCA6F6639A68-SegmentedRaftLog:OPENED:c-1, conf=-1: [fa5dce8c-80cb-4c43-9e0a-2a910fa20985|rpc:10.1.1.21:40407|priority:0, 9e9c1c6a-451f-46d5-9738-b004dc1aedb2|rpc:10.1.1.21:38097|priority:0, 80fc50c2-999b-4282-ba04-29b80da548ab|rpc:10.1.1.21:45007|priority:1], old=null
2022-09-28 09:58:51,651 [80fc50c2-999b-4282-ba04-29b80da548ab@group-FCA6F6639A68-FollowerState] INFO  impl.FollowerState (FollowerState.java:run(143)) - 80fc50c2-999b-4282-ba04-29b80da548ab@group-FCA6F6639A68-FollowerState: change to CANDIDATE, lastRpcElapsedTime:5126760342ns, electionTimeout:5063ms
2022-09-28 09:58:51,651 [80fc50c2-999b-4282-ba04-29b80da548ab@group-FCA6F6639A68-FollowerState] INFO  impl.RoleInfo (RoleInfo.java:shutdownFollowerState(110)) - 80fc50c2-999b-4282-ba04-29b80da548ab: shutdown 80fc50c2-999b-4282-ba04-29b80da548ab@group-FCA6F6639A68-FollowerState
2022-09-28 09:58:51,651 [80fc50c2-999b-4282-ba04-29b80da548ab@group-FCA6F6639A68-FollowerState] INFO  server.RaftServer$Division (RaftServerImpl.java:setRole(299)) - 80fc50c2-999b-4282-ba04-29b80da548ab@group-FCA6F6639A68: changes role from  FOLLOWER to CANDIDATE at term 1 for changeToCandidate
2022-09-28 09:58:51,652 [80fc50c2-999b-4282-ba04-29b80da548ab@group-FCA6F6639A68-FollowerState] INFO  server.RaftServerConfigKeys (ConfUtils.java:logGet(46)) - raft.server.leaderelection.pre-vote = false (custom)
2022-09-28 09:58:51,652 [80fc50c2-999b-4282-ba04-29b80da548ab@group-FCA6F6639A68-FollowerState] INFO  impl.RoleInfo (RoleInfo.java:updateAndGet(139)) - 80fc50c2-999b-4282-ba04-29b80da548ab: start 80fc50c2-999b-4282-ba04-29b80da548ab@group-FCA6F6639A68-LeaderElection45
2022-09-28 09:58:51,658 [fa5dce8c-80cb-4c43-9e0a-2a910fa20985@group-381876C73B41-FollowerState] INFO  impl.FollowerState (FollowerState.java:run(143)) - fa5dce8c-80cb-4c43-9e0a-2a910fa20985@group-381876C73B41-FollowerState: change to CANDIDATE, lastRpcElapsedTime:5032890356ns, electionTimeout:5016ms
2022-09-28 09:58:51,668 [grpc-default-executor-0] INFO  server.RaftServer$Division (RaftServerImpl.java:requestVote(1152)) - 80fc50c2-999b-4282-ba04-29b80da548ab@group-FCA6F6639A68: receive requestVote(ELECTION, fa5dce8c-80cb-4c43-9e0a-2a910fa20985, group-FCA6F6639A68, 2, (t:0, i:0))
2022-09-28 09:58:51,669 [fa5dce8c-80cb-4c43-9e0a-2a910fa20985@group-381876C73B41-FollowerState] INFO  impl.RoleInfo (RoleInfo.java:shutdownFollowerState(110)) - fa5dce8c-80cb-4c43-9e0a-2a910fa20985: shutdown fa5dce8c-80cb-4c43-9e0a-2a910fa20985@group-381876C73B41-FollowerState
2022-09-28 09:58:51,663 [9e9c1c6a-451f-46d5-9738-b004dc1aedb2@group-381876C73B41-FollowerState] INFO  impl.FollowerState (FollowerState.java:run(143)) - 9e9c1c6a-451f-46d5-9738-b004dc1aedb2@group-381876C73B41-FollowerState: change to CANDIDATE, lastRpcElapsedTime:5028835579ns, electionTimeout:5010ms
2022-09-28 09:58:51,669 [fa5dce8c-80cb-4c43-9e0a-2a910fa20985@group-381876C73B41-FollowerState] INFO  server.RaftServer$Division (RaftServerImpl.java:setRole(299)) - fa5dce8c-80cb-4c43-9e0a-2a910fa20985@group-381876C73B41: changes role from  FOLLOWER to CANDIDATE at term 1 for changeToCandidate
2022-09-28 09:58:51,669 [9e9c1c6a-451f-46d5-9738-b004dc1aedb2@group-381876C73B41-FollowerState] INFO  impl.RoleInfo (RoleInfo.java:shutdownFollowerState(110)) - 9e9c1c6a-451f-46d5-9738-b004dc1aedb2: shutdown 9e9c1c6a-451f-46d5-9738-b004dc1aedb2@group-381876C73B41-FollowerState
2022-09-28 09:58:51,669 [fa5dce8c-80cb-4c43-9e0a-2a910fa20985@group-381876C73B41-FollowerState] INFO  server.RaftServerConfigKeys (ConfUtils.java:logGet(46)) - raft.server.leaderelection.pre-vote = false (custom)
2022-09-28 09:58:51,669 [9e9c1c6a-451f-46d5-9738-b004dc1aedb2@group-381876C73B41-FollowerState] INFO  server.RaftServer$Division (RaftServerImpl.java:setRole(299)) - 9e9c1c6a-451f-46d5-9738-b004dc1aedb2@group-381876C73B41: changes role from  FOLLOWER to CANDIDATE at term 1 for changeToCandidate
2022-09-28 09:58:51,669 [9e9c1c6a-451f-46d5-9738-b004dc1aedb2@group-381876C73B41-FollowerState] INFO  server.RaftServerConfigKeys (ConfUtils.java:logGet(46)) - raft.server.leaderelection.pre-vote = false (custom)
2022-09-28 09:58:51,669 [9e9c1c6a-451f-46d5-9738-b004dc1aedb2@group-381876C73B41-FollowerState] INFO  impl.RoleInfo (RoleInfo.java:updateAndGet(139)) - 9e9c1c6a-451f-46d5-9738-b004dc1aedb2: start 9e9c1c6a-451f-46d5-9738-b004dc1aedb2@group-381876C73B41-LeaderElection47
2022-09-28 09:58:51,669 [fa5dce8c-80cb-4c43-9e0a-2a910fa20985@group-381876C73B41-FollowerState] INFO  impl.RoleInfo (RoleInfo.java:updateAndGet(139)) - fa5dce8c-80cb-4c43-9e0a-2a910fa20985: start fa5dce8c-80cb-4c43-9e0a-2a910fa20985@group-381876C73B41-LeaderElection46
2022-09-28 09:58:51,669 [grpc-default-executor-0] INFO  impl.VoteContext (VoteContext.java:log(48)) - 80fc50c2-999b-4282-ba04-29b80da548ab@group-FCA6F6639A68-CANDIDATE: reject ELECTION from fa5dce8c-80cb-4c43-9e0a-2a910fa20985: already has voted for 80fc50c2-999b-4282-ba04-29b80da548ab at current term 2
2022-09-28 09:58:51,669 [grpc-default-executor-0] INFO  server.RaftServer$Division (RaftServerImpl.java:requestVote(1184)) - 80fc50c2-999b-4282-ba04-29b80da548ab@group-FCA6F6639A68 replies to ELECTION vote request: fa5dce8c-80cb-4c43-9e0a-2a910fa20985<-80fc50c2-999b-4282-ba04-29b80da548ab#0:FAIL-t2. Peer's state: 80fc50c2-999b-4282-ba04-29b80da548ab@group-FCA6F6639A68:t2, leader=null, voted=80fc50c2-999b-4282-ba04-29b80da548ab, raftlog=80fc50c2-999b-4282-ba04-29b80da548ab@group-FCA6F6639A68-SegmentedRaftLog:OPENED:c-1, conf=-1: [fa5dce8c-80cb-4c43-9e0a-2a910fa20985|rpc:10.1.1.21:40407|dataStream:|priority:0, 9e9c1c6a-451f-46d5-9738-b004dc1aedb2|rpc:10.1.1.21:38097|dataStream:|priority:0, 80fc50c2-999b-4282-ba04-29b80da548ab|rpc:10.1.1.21:45007|dataStream:|priority:1], old=null
2022-09-28 09:58:51,670 [fa5dce8c-80cb-4c43-9e0a-2a910fa20985@group-FCA6F6639A68-LeaderElection44] INFO  impl.LeaderElection (LeaderElection.java:logAndReturn(90)) - fa5dce8c-80cb-4c43-9e0a-2a910fa20985@group-FCA6F6639A68-LeaderElection44: ELECTION REJECTED received 2 response(s) and 0 exception(s):
2022-09-28 09:58:51,670 [fa5dce8c-80cb-4c43-9e0a-2a910fa20985@group-FCA6F6639A68-LeaderElection44] INFO  impl.LeaderElection (LeaderElection.java:logAndReturn(94)) -   Response 0: fa5dce8c-80cb-4c43-9e0a-2a910fa20985<-9e9c1c6a-451f-46d5-9738-b004dc1aedb2#0:OK-t2
2022-09-28 09:58:51,670 [fa5dce8c-80cb-4c43-9e0a-2a910fa20985@group-FCA6F6639A68-LeaderElection44] INFO  impl.LeaderElection (LeaderElection.java:logAndReturn(94)) -   Response 1: fa5dce8c-80cb-4c43-9e0a-2a910fa20985<-80fc50c2-999b-4282-ba04-29b80da548ab#0:FAIL-t2
2022-09-28 09:58:51,671 [80fc50c2-999b-4282-ba04-29b80da548ab@group-FCA6F6639A68-LeaderElection45] INFO  impl.LeaderElection (LeaderElection.java:askForVotes(310)) - 80fc50c2-999b-4282-ba04-29b80da548ab@group-FCA6F6639A68-LeaderElection45 ELECTION round 0: submit vote requests at term 2 for -1: [fa5dce8c-80cb-4c43-9e0a-2a910fa20985|rpc:10.1.1.21:40407|dataStream:|priority:0, 9e9c1c6a-451f-46d5-9738-b004dc1aedb2|rpc:10.1.1.21:38097|dataStream:|priority:0, 80fc50c2-999b-4282-ba04-29b80da548ab|rpc:10.1.1.21:45007|dataStream:|priority:1], old=null
2022-09-28 09:58:51,701 [fa5dce8c-80cb-4c43-9e0a-2a910fa20985@group-FCA6F6639A68-LeaderElection44] INFO  impl.LeaderElection (LeaderElection.java:askForVotes(312)) - fa5dce8c-80cb-4c43-9e0a-2a910fa20985@group-FCA6F6639A68-LeaderElection44 ELECTION round 0: result REJECTED
2022-09-28 09:58:51,719 [fa5dce8c-80cb-4c43-9e0a-2a910fa20985@group-FCA6F6639A68-LeaderElection44] INFO  server.RaftServer$Division (RaftServerImpl.java:setRole(299)) - fa5dce8c-80cb-4c43-9e0a-2a910fa20985@group-FCA6F6639A68: changes role from CANDIDATE to FOLLOWER at term 2 for REJECTED
2022-09-28 09:58:51,719 [fa5dce8c-80cb-4c43-9e0a-2a910fa20985@group-FCA6F6639A68-LeaderElection44] INFO  impl.RoleInfo (RoleInfo.java:shutdownLeaderElection(130)) - fa5dce8c-80cb-4c43-9e0a-2a910fa20985: shutdown fa5dce8c-80cb-4c43-9e0a-2a910fa20985@group-FCA6F6639A68-LeaderElection44
2022-09-28 09:58:51,719 [fa5dce8c-80cb-4c43-9e0a-2a910fa20985@group-FCA6F6639A68-LeaderElection44] INFO  impl.RoleInfo (RoleInfo.java:updateAndGet(139)) - fa5dce8c-80cb-4c43-9e0a-2a910fa20985: start fa5dce8c-80cb-4c43-9e0a-2a910fa20985@group-FCA6F6639A68-FollowerState
2022-09-28 09:58:51,738 [9e9c1c6a-451f-46d5-9738-b004dc1aedb2@group-381876C73B41-LeaderElection47] INFO  impl.LeaderElection (LeaderElection.java:askForVotes(310)) - 9e9c1c6a-451f-46d5-9738-b004dc1aedb2@group-381876C73B41-LeaderElection47 ELECTION round 0: submit vote requests at term 2 for -1: [fa5dce8c-80cb-4c43-9e0a-2a910fa20985|rpc:10.1.1.21:40407|priority:1, 9e9c1c6a-451f-46d5-9738-b004dc1aedb2|rpc:10.1.1.21:38097|priority:0, 80fc50c2-999b-4282-ba04-29b80da548ab|rpc:10.1.1.21:45007|priority:0], old=null
2022-09-28 09:58:51,807 [grpc-default-executor-0] INFO  server.RaftServer$Division (RaftServerImpl.java:requestVote(1152)) - fa5dce8c-80cb-4c43-9e0a-2a910fa20985@group-381876C73B41: receive requestVote(ELECTION, 9e9c1c6a-451f-46d5-9738-b004dc1aedb2, group-381876C73B41, 2, (t:0, i:0))
2022-09-28 09:58:51,808 [fa5dce8c-80cb-4c43-9e0a-2a910fa20985@group-381876C73B41-LeaderElection46] INFO  impl.LeaderElection (LeaderElection.java:askForVotes(310)) - fa5dce8c-80cb-4c43-9e0a-2a910fa20985@group-381876C73B41-LeaderElection46 ELECTION round 0: submit vote requests at term 2 for -1: [fa5dce8c-80cb-4c43-9e0a-2a910fa20985|rpc:10.1.1.21:40407|dataStream:|priority:1, 9e9c1c6a-451f-46d5-9738-b004dc1aedb2|rpc:10.1.1.21:38097|dataStream:|priority:0, 80fc50c2-999b-4282-ba04-29b80da548ab|rpc:10.1.1.21:45007|dataStream:|priority:0], old=null
2022-09-28 09:58:51,812 [grpc-default-executor-0] INFO  impl.VoteContext (VoteContext.java:log(48)) - fa5dce8c-80cb-4c43-9e0a-2a910fa20985@group-381876C73B41-CANDIDATE: reject ELECTION from 9e9c1c6a-451f-46d5-9738-b004dc1aedb2: already has voted for fa5dce8c-80cb-4c43-9e0a-2a910fa20985 at current term 2
2022-09-28 09:58:51,812 [grpc-default-executor-0] INFO  server.RaftServer$Division (RaftServerImpl.java:requestVote(1184)) - fa5dce8c-80cb-4c43-9e0a-2a910fa20985@group-381876C73B41 replies to ELECTION vote request: 9e9c1c6a-451f-46d5-9738-b004dc1aedb2<-fa5dce8c-80cb-4c43-9e0a-2a910fa20985#0:FAIL-t2. Peer's state: fa5dce8c-80cb-4c43-9e0a-2a910fa20985@group-381876C73B41:t2, leader=null, voted=fa5dce8c-80cb-4c43-9e0a-2a910fa20985, raftlog=fa5dce8c-80cb-4c43-9e0a-2a910fa20985@group-381876C73B41-SegmentedRaftLog:OPENED:c-1, conf=-1: [fa5dce8c-80cb-4c43-9e0a-2a910fa20985|rpc:10.1.1.21:40407|dataStream:|priority:1, 9e9c1c6a-451f-46d5-9738-b004dc1aedb2|rpc:10.1.1.21:38097|dataStream:|priority:0, 80fc50c2-999b-4282-ba04-29b80da548ab|rpc:10.1.1.21:45007|dataStream:|priority:0], old=null
2022-09-28 09:58:51,855 [grpc-default-executor-0] INFO  server.RaftServer$Division (RaftServerImpl.java:requestVote(1152)) - 80fc50c2-999b-4282-ba04-29b80da548ab@group-381876C73B41: receive requestVote(ELECTION, 9e9c1c6a-451f-46d5-9738-b004dc1aedb2, group-381876C73B41, 2, (t:0, i:0))
2022-09-28 09:58:51,855 [grpc-default-executor-0] INFO  impl.VoteContext (VoteContext.java:log(48)) - 80fc50c2-999b-4282-ba04-29b80da548ab@group-381876C73B41-FOLLOWER: accept ELECTION from 9e9c1c6a-451f-46d5-9738-b004dc1aedb2: our priority 0 <= candidate's priority 0
2022-09-28 09:58:51,855 [grpc-default-executor-0] INFO  server.RaftServer$Division (RaftServerImpl.java:setRole(299)) - 80fc50c2-999b-4282-ba04-29b80da548ab@group-381876C73B41: changes role from  FOLLOWER to FOLLOWER at term 2 for candidate:9e9c1c6a-451f-46d5-9738-b004dc1aedb2
2022-09-28 09:58:51,856 [grpc-default-executor-0] INFO  impl.RoleInfo (RoleInfo.java:shutdownFollowerState(110)) - 80fc50c2-999b-4282-ba04-29b80da548ab: shutdown 80fc50c2-999b-4282-ba04-29b80da548ab@group-381876C73B41-FollowerState
2022-09-28 09:58:51,856 [grpc-default-executor-0] INFO  impl.RoleInfo (RoleInfo.java:updateAndGet(139)) - 80fc50c2-999b-4282-ba04-29b80da548ab: start 80fc50c2-999b-4282-ba04-29b80da548ab@group-381876C73B41-FollowerState
2022-09-28 09:58:51,856 [80fc50c2-999b-4282-ba04-29b80da548ab@group-381876C73B41-FollowerState] INFO  impl.FollowerState (FollowerState.java:run(152)) - 80fc50c2-999b-4282-ba04-29b80da548ab@group-381876C73B41-FollowerState was interrupted
2022-09-28 09:58:51,865 [grpc-default-executor-0] INFO  server.RaftServer$Division (RaftServerImpl.java:requestVote(1184)) - 80fc50c2-999b-4282-ba04-29b80da548ab@group-381876C73B41 replies to ELECTION vote request: 9e9c1c6a-451f-46d5-9738-b004dc1aedb2<-80fc50c2-999b-4282-ba04-29b80da548ab#0:OK-t2. Peer's state: 80fc50c2-999b-4282-ba04-29b80da548ab@group-381876C73B41:t2, leader=null, voted=9e9c1c6a-451f-46d5-9738-b004dc1aedb2, raftlog=80fc50c2-999b-4282-ba04-29b80da548ab@group-381876C73B41-SegmentedRaftLog:OPENED:c-1, conf=-1: [fa5dce8c-80cb-4c43-9e0a-2a910fa20985|rpc:10.1.1.21:40407|dataStream:|priority:1, 9e9c1c6a-451f-46d5-9738-b004dc1aedb2|rpc:10.1.1.21:38097|dataStream:|priority:0, 80fc50c2-999b-4282-ba04-29b80da548ab|rpc:10.1.1.21:45007|dataStream:|priority:0], old=null
2022-09-28 09:58:51,912 [grpc-default-executor-1] INFO  server.RaftServer$Division (RaftServerImpl.java:requestVote(1152)) - 9e9c1c6a-451f-46d5-9738-b004dc1aedb2@group-FCA6F6639A68: receive requestVote(ELECTION, 80fc50c2-999b-4282-ba04-29b80da548ab, group-FCA6F6639A68, 2, (t:0, i:0))
2022-09-28 09:58:51,912 [grpc-default-executor-1] INFO  impl.VoteContext (VoteContext.java:log(48)) - 9e9c1c6a-451f-46d5-9738-b004dc1aedb2@group-FCA6F6639A68-FOLLOWER: reject ELECTION from 80fc50c2-999b-4282-ba04-29b80da548ab: already has voted for fa5dce8c-80cb-4c43-9e0a-2a910fa20985 at current term 2
2022-09-28 09:58:51,912 [grpc-default-executor-1] INFO  server.RaftServer$Division (RaftServerImpl.java:requestVote(1184)) - 9e9c1c6a-451f-46d5-9738-b004dc1aedb2@group-FCA6F6639A68 replies to ELECTION vote request: 80fc50c2-999b-4282-ba04-29b80da548ab<-9e9c1c6a-451f-46d5-9738-b004dc1aedb2#0:FAIL-t2. Peer's state: 9e9c1c6a-451f-46d5-9738-b004dc1aedb2@group-FCA6F6639A68:t2, leader=null, voted=fa5dce8c-80cb-4c43-9e0a-2a910fa20985, raftlog=9e9c1c6a-451f-46d5-9738-b004dc1aedb2@group-FCA6F6639A68-SegmentedRaftLog:OPENED:c-1, conf=-1: [fa5dce8c-80cb-4c43-9e0a-2a910fa20985|rpc:10.1.1.21:40407|priority:0, 9e9c1c6a-451f-46d5-9738-b004dc1aedb2|rpc:10.1.1.21:38097|priority:0, 80fc50c2-999b-4282-ba04-29b80da548ab|rpc:10.1.1.21:45007|priority:1], old=null
2022-09-28 09:58:51,913 [grpc-default-executor-2] INFO  server.RaftServer$Division (RaftServerImpl.java:requestVote(1152)) - 9e9c1c6a-451f-46d5-9738-b004dc1aedb2@group-381876C73B41: receive requestVote(ELECTION, fa5dce8c-80cb-4c43-9e0a-2a910fa20985, group-381876C73B41, 2, (t:0, i:0))
2022-09-28 09:58:51,954 [grpc-default-executor-2] INFO  impl.VoteContext (VoteContext.java:log(48)) - 9e9c1c6a-451f-46d5-9738-b004dc1aedb2@group-381876C73B41-CANDIDATE: reject ELECTION from fa5dce8c-80cb-4c43-9e0a-2a910fa20985: already has voted for 9e9c1c6a-451f-46d5-9738-b004dc1aedb2 at current term 2
2022-09-28 09:58:51,964 [grpc-default-executor-2] INFO  server.RaftServer$Division (RaftServerImpl.java:requestVote(1184)) - 9e9c1c6a-451f-46d5-9738-b004dc1aedb2@group-381876C73B41 replies to ELECTION vote request: fa5dce8c-80cb-4c43-9e0a-2a910fa20985<-9e9c1c6a-451f-46d5-9738-b004dc1aedb2#0:FAIL-t2. Peer's state: 9e9c1c6a-451f-46d5-9738-b004dc1aedb2@group-381876C73B41:t2, leader=null, voted=9e9c1c6a-451f-46d5-9738-b004dc1aedb2, raftlog=9e9c1c6a-451f-46d5-9738-b004dc1aedb2@group-381876C73B41-SegmentedRaftLog:OPENED:c-1, conf=-1: [fa5dce8c-80cb-4c43-9e0a-2a910fa20985|rpc:10.1.1.21:40407|priority:1, 9e9c1c6a-451f-46d5-9738-b004dc1aedb2|rpc:10.1.1.21:38097|priority:0, 80fc50c2-999b-4282-ba04-29b80da548ab|rpc:10.1.1.21:45007|priority:0], old=null
2022-09-28 09:58:51,954 [grpc-default-executor-0] INFO  server.RaftServer$Division (RaftServerImpl.java:requestVote(1152)) - 80fc50c2-999b-4282-ba04-29b80da548ab@group-381876C73B41: receive requestVote(ELECTION, fa5dce8c-80cb-4c43-9e0a-2a910fa20985, group-381876C73B41, 2, (t:0, i:0))
2022-09-28 09:58:52,040 [grpc-default-executor-0] INFO  impl.VoteContext (VoteContext.java:log(48)) - 80fc50c2-999b-4282-ba04-29b80da548ab@group-381876C73B41-FOLLOWER: reject ELECTION from fa5dce8c-80cb-4c43-9e0a-2a910fa20985: already has voted for 9e9c1c6a-451f-46d5-9738-b004dc1aedb2 at current term 2
2022-09-28 09:58:52,040 [grpc-default-executor-0] INFO  server.RaftServer$Division (RaftServerImpl.java:requestVote(1184)) - 80fc50c2-999b-4282-ba04-29b80da548ab@group-381876C73B41 replies to ELECTION vote request: fa5dce8c-80cb-4c43-9e0a-2a910fa20985<-80fc50c2-999b-4282-ba04-29b80da548ab#0:FAIL-t2. Peer's state: 80fc50c2-999b-4282-ba04-29b80da548ab@group-381876C73B41:t2, leader=null, voted=9e9c1c6a-451f-46d5-9738-b004dc1aedb2, raftlog=80fc50c2-999b-4282-ba04-29b80da548ab@group-381876C73B41-SegmentedRaftLog:OPENED:c-1, conf=-1: [fa5dce8c-80cb-4c43-9e0a-2a910fa20985|rpc:10.1.1.21:40407|dataStream:|priority:1, 9e9c1c6a-451f-46d5-9738-b004dc1aedb2|rpc:10.1.1.21:38097|dataStream:|priority:0, 80fc50c2-999b-4282-ba04-29b80da548ab|rpc:10.1.1.21:45007|dataStream:|priority:0], old=null
2022-09-28 09:58:51,953 [9e9c1c6a-451f-46d5-9738-b004dc1aedb2@group-381876C73B41-LeaderElection47] INFO  impl.LeaderElection (LeaderElection.java:logAndReturn(90)) - 9e9c1c6a-451f-46d5-9738-b004dc1aedb2@group-381876C73B41-LeaderElection47: ELECTION REJECTED received 1 response(s) and 0 exception(s):
2022-09-28 09:58:52,041 [fa5dce8c-80cb-4c43-9e0a-2a910fa20985@group-381876C73B41-LeaderElection46] INFO  impl.LeaderElection (LeaderElection.java:logAndReturn(90)) - fa5dce8c-80cb-4c43-9e0a-2a910fa20985@group-381876C73B41-LeaderElection46: ELECTION REJECTED received 2 response(s) and 0 exception(s):
2022-09-28 09:58:52,046 [fa5dce8c-80cb-4c43-9e0a-2a910fa20985@group-381876C73B41-LeaderElection46] INFO  impl.LeaderElection (LeaderElection.java:logAndReturn(94)) -   Response 0: fa5dce8c-80cb-4c43-9e0a-2a910fa20985<-9e9c1c6a-451f-46d5-9738-b004dc1aedb2#0:FAIL-t2
2022-09-28 09:58:52,046 [fa5dce8c-80cb-4c43-9e0a-2a910fa20985@group-381876C73B41-LeaderElection46] INFO  impl.LeaderElection (LeaderElection.java:logAndReturn(94)) -   Response 1: fa5dce8c-80cb-4c43-9e0a-2a910fa20985<-80fc50c2-999b-4282-ba04-29b80da548ab#0:FAIL-t2
2022-09-28 09:58:52,046 [fa5dce8c-80cb-4c43-9e0a-2a910fa20985@group-381876C73B41-LeaderElection46] INFO  impl.LeaderElection (LeaderElection.java:askForVotes(312)) - fa5dce8c-80cb-4c43-9e0a-2a910fa20985@group-381876C73B41-LeaderElection46 ELECTION round 0: result REJECTED
2022-09-28 09:58:52,046 [fa5dce8c-80cb-4c43-9e0a-2a910fa20985@group-381876C73B41-LeaderElection46] INFO  server.RaftServer$Division (RaftServerImpl.java:setRole(299)) - fa5dce8c-80cb-4c43-9e0a-2a910fa20985@group-381876C73B41: changes role from CANDIDATE to FOLLOWER at term 2 for REJECTED
2022-09-28 09:58:52,046 [fa5dce8c-80cb-4c43-9e0a-2a910fa20985@group-381876C73B41-LeaderElection46] INFO  impl.RoleInfo (RoleInfo.java:shutdownLeaderElection(130)) - fa5dce8c-80cb-4c43-9e0a-2a910fa20985: shutdown fa5dce8c-80cb-4c43-9e0a-2a910fa20985@group-381876C73B41-LeaderElection46
2022-09-28 09:58:52,046 [fa5dce8c-80cb-4c43-9e0a-2a910fa20985@group-381876C73B41-LeaderElection46] INFO  impl.RoleInfo (RoleInfo.java:updateAndGet(139)) - fa5dce8c-80cb-4c43-9e0a-2a910fa20985: start fa5dce8c-80cb-4c43-9e0a-2a910fa20985@group-381876C73B41-FollowerState
2022-09-28 09:58:52,024 [Listener at 127.0.0.1/38925] INFO  ozone.MiniOzoneClusterImpl (MiniOzoneClusterImpl.java:lambda$waitForClusterToBeReady$0(216)) - Nodes are ready. Got 5 of 5 DN Heartbeats.
2022-09-28 09:58:52,046 [Listener at 127.0.0.1/38925] INFO  ozone.MiniOzoneClusterImpl (MiniOzoneClusterImpl.java:lambda$waitForClusterToBeReady$0(219)) - Waiting for cluster to exit safe mode
2022-09-28 09:58:52,046 [Listener at 127.0.0.1/38925] INFO  ozone.MiniOzoneClusterImpl (MiniOzoneClusterImpl.java:lambda$waitForClusterToBeReady$0(221)) - SCM became leader
2022-09-28 09:58:52,024 [grpc-default-executor-4] INFO  server.RaftServer$Division (RaftServerImpl.java:requestVote(1152)) - fa5dce8c-80cb-4c43-9e0a-2a910fa20985@group-FCA6F6639A68: receive requestVote(ELECTION, 80fc50c2-999b-4282-ba04-29b80da548ab, group-FCA6F6639A68, 2, (t:0, i:0))
2022-09-28 09:58:52,045 [9e9c1c6a-451f-46d5-9738-b004dc1aedb2@group-381876C73B41-LeaderElection47] INFO  impl.LeaderElection (LeaderElection.java:logAndReturn(94)) -   Response 0: 9e9c1c6a-451f-46d5-9738-b004dc1aedb2<-fa5dce8c-80cb-4c43-9e0a-2a910fa20985#0:FAIL-t2
2022-09-28 09:58:52,046 [grpc-default-executor-4] INFO  impl.VoteContext (VoteContext.java:log(48)) - fa5dce8c-80cb-4c43-9e0a-2a910fa20985@group-FCA6F6639A68-FOLLOWER: reject ELECTION from 80fc50c2-999b-4282-ba04-29b80da548ab: already has voted for fa5dce8c-80cb-4c43-9e0a-2a910fa20985 at current term 2
2022-09-28 09:58:52,047 [grpc-default-executor-4] INFO  server.RaftServer$Division (RaftServerImpl.java:requestVote(1184)) - fa5dce8c-80cb-4c43-9e0a-2a910fa20985@group-FCA6F6639A68 replies to ELECTION vote request: 80fc50c2-999b-4282-ba04-29b80da548ab<-fa5dce8c-80cb-4c43-9e0a-2a910fa20985#0:FAIL-t2. Peer's state: fa5dce8c-80cb-4c43-9e0a-2a910fa20985@group-FCA6F6639A68:t2, leader=null, voted=fa5dce8c-80cb-4c43-9e0a-2a910fa20985, raftlog=fa5dce8c-80cb-4c43-9e0a-2a910fa20985@group-FCA6F6639A68-SegmentedRaftLog:OPENED:c-1, conf=-1: [fa5dce8c-80cb-4c43-9e0a-2a910fa20985|rpc:10.1.1.21:40407|dataStream:|priority:0, 9e9c1c6a-451f-46d5-9738-b004dc1aedb2|rpc:10.1.1.21:38097|dataStream:|priority:0, 80fc50c2-999b-4282-ba04-29b80da548ab|rpc:10.1.1.21:45007|dataStream:|priority:1], old=null
2022-09-28 09:58:52,079 [9e9c1c6a-451f-46d5-9738-b004dc1aedb2@group-381876C73B41-LeaderElection47] INFO  impl.LeaderElection (LeaderElection.java:askForVotes(312)) - 9e9c1c6a-451f-46d5-9738-b004dc1aedb2@group-381876C73B41-LeaderElection47 ELECTION round 0: result REJECTED
2022-09-28 09:58:52,079 [9e9c1c6a-451f-46d5-9738-b004dc1aedb2@group-381876C73B41-LeaderElection47] INFO  server.RaftServer$Division (RaftServerImpl.java:setRole(299)) - 9e9c1c6a-451f-46d5-9738-b004dc1aedb2@group-381876C73B41: changes role from CANDIDATE to FOLLOWER at term 2 for REJECTED
2022-09-28 09:58:52,079 [9e9c1c6a-451f-46d5-9738-b004dc1aedb2@group-381876C73B41-LeaderElection47] INFO  impl.RoleInfo (RoleInfo.java:shutdownLeaderElection(130)) - 9e9c1c6a-451f-46d5-9738-b004dc1aedb2: shutdown 9e9c1c6a-451f-46d5-9738-b004dc1aedb2@group-381876C73B41-LeaderElection47
2022-09-28 09:58:52,079 [9e9c1c6a-451f-46d5-9738-b004dc1aedb2@group-381876C73B41-LeaderElection47] INFO  impl.RoleInfo (RoleInfo.java:updateAndGet(139)) - 9e9c1c6a-451f-46d5-9738-b004dc1aedb2: start 9e9c1c6a-451f-46d5-9738-b004dc1aedb2@group-381876C73B41-FollowerState
2022-09-28 09:58:52,084 [80fc50c2-999b-4282-ba04-29b80da548ab@group-FCA6F6639A68-LeaderElection45] INFO  impl.LeaderElection (LeaderElection.java:logAndReturn(90)) - 80fc50c2-999b-4282-ba04-29b80da548ab@group-FCA6F6639A68-LeaderElection45: ELECTION REJECTED received 2 response(s) and 0 exception(s):
2022-09-28 09:58:52,105 [80fc50c2-999b-4282-ba04-29b80da548ab@group-FCA6F6639A68-LeaderElection45] INFO  impl.LeaderElection (LeaderElection.java:logAndReturn(94)) -   Response 0: 80fc50c2-999b-4282-ba04-29b80da548ab<-fa5dce8c-80cb-4c43-9e0a-2a910fa20985#0:FAIL-t2
2022-09-28 09:58:52,105 [80fc50c2-999b-4282-ba04-29b80da548ab@group-FCA6F6639A68-LeaderElection45] INFO  impl.LeaderElection (LeaderElection.java:logAndReturn(94)) -   Response 1: 80fc50c2-999b-4282-ba04-29b80da548ab<-9e9c1c6a-451f-46d5-9738-b004dc1aedb2#0:FAIL-t2
2022-09-28 09:58:52,105 [80fc50c2-999b-4282-ba04-29b80da548ab@group-FCA6F6639A68-LeaderElection45] INFO  impl.LeaderElection (LeaderElection.java:askForVotes(312)) - 80fc50c2-999b-4282-ba04-29b80da548ab@group-FCA6F6639A68-LeaderElection45 ELECTION round 0: result REJECTED
2022-09-28 09:58:52,105 [80fc50c2-999b-4282-ba04-29b80da548ab@group-FCA6F6639A68-LeaderElection45] INFO  server.RaftServer$Division (RaftServerImpl.java:setRole(299)) - 80fc50c2-999b-4282-ba04-29b80da548ab@group-FCA6F6639A68: changes role from CANDIDATE to FOLLOWER at term 2 for REJECTED
2022-09-28 09:58:52,105 [80fc50c2-999b-4282-ba04-29b80da548ab@group-FCA6F6639A68-LeaderElection45] INFO  impl.RoleInfo (RoleInfo.java:shutdownLeaderElection(130)) - 80fc50c2-999b-4282-ba04-29b80da548ab: shutdown 80fc50c2-999b-4282-ba04-29b80da548ab@group-FCA6F6639A68-LeaderElection45
2022-09-28 09:58:52,105 [80fc50c2-999b-4282-ba04-29b80da548ab@group-FCA6F6639A68-LeaderElection45] INFO  impl.RoleInfo (RoleInfo.java:updateAndGet(139)) - 80fc50c2-999b-4282-ba04-29b80da548ab: start 80fc50c2-999b-4282-ba04-29b80da548ab@group-FCA6F6639A68-FollowerState
2022-09-28 09:58:53,047 [Listener at 127.0.0.1/38925] INFO  ozone.MiniOzoneClusterImpl (MiniOzoneClusterImpl.java:lambda$waitForClusterToBeReady$0(216)) - Nodes are ready. Got 5 of 5 DN Heartbeats.
2022-09-28 09:58:53,047 [Listener at 127.0.0.1/38925] INFO  ozone.MiniOzoneClusterImpl (MiniOzoneClusterImpl.java:lambda$waitForClusterToBeReady$0(219)) - Waiting for cluster to exit safe mode
2022-09-28 09:58:53,047 [Listener at 127.0.0.1/38925] INFO  ozone.MiniOzoneClusterImpl (MiniOzoneClusterImpl.java:lambda$waitForClusterToBeReady$0(221)) - SCM became leader
2022-09-28 09:58:54,047 [Listener at 127.0.0.1/38925] INFO  ozone.MiniOzoneClusterImpl (MiniOzoneClusterImpl.java:lambda$waitForClusterToBeReady$0(216)) - Nodes are ready. Got 5 of 5 DN Heartbeats.
2022-09-28 09:58:54,047 [Listener at 127.0.0.1/38925] INFO  ozone.MiniOzoneClusterImpl (MiniOzoneClusterImpl.java:lambda$waitForClusterToBeReady$0(219)) - Waiting for cluster to exit safe mode
2022-09-28 09:58:54,047 [Listener at 127.0.0.1/38925] INFO  ozone.MiniOzoneClusterImpl (MiniOzoneClusterImpl.java:lambda$waitForClusterToBeReady$0(221)) - SCM became leader
2022-09-28 09:58:55,047 [Listener at 127.0.0.1/38925] INFO  ozone.MiniOzoneClusterImpl (MiniOzoneClusterImpl.java:lambda$waitForClusterToBeReady$0(216)) - Nodes are ready. Got 5 of 5 DN Heartbeats.
2022-09-28 09:58:55,048 [Listener at 127.0.0.1/38925] INFO  ozone.MiniOzoneClusterImpl (MiniOzoneClusterImpl.java:lambda$waitForClusterToBeReady$0(219)) - Waiting for cluster to exit safe mode
2022-09-28 09:58:55,048 [Listener at 127.0.0.1/38925] INFO  ozone.MiniOzoneClusterImpl (MiniOzoneClusterImpl.java:lambda$waitForClusterToBeReady$0(221)) - SCM became leader
2022-09-28 09:58:56,048 [Listener at 127.0.0.1/38925] INFO  ozone.MiniOzoneClusterImpl (MiniOzoneClusterImpl.java:lambda$waitForClusterToBeReady$0(216)) - Nodes are ready. Got 5 of 5 DN Heartbeats.
2022-09-28 09:58:56,048 [Listener at 127.0.0.1/38925] INFO  ozone.MiniOzoneClusterImpl (MiniOzoneClusterImpl.java:lambda$waitForClusterToBeReady$0(219)) - Waiting for cluster to exit safe mode
2022-09-28 09:58:56,048 [Listener at 127.0.0.1/38925] INFO  ozone.MiniOzoneClusterImpl (MiniOzoneClusterImpl.java:lambda$waitForClusterToBeReady$0(221)) - SCM became leader
2022-09-28 09:58:56,854 [9e9c1c6a-451f-46d5-9738-b004dc1aedb2@group-FCA6F6639A68-FollowerState] INFO  impl.FollowerState (FollowerState.java:run(143)) - 9e9c1c6a-451f-46d5-9738-b004dc1aedb2@group-FCA6F6639A68-FollowerState: change to CANDIDATE, lastRpcElapsedTime:5242639694ns, electionTimeout:5190ms
2022-09-28 09:58:56,854 [9e9c1c6a-451f-46d5-9738-b004dc1aedb2@group-FCA6F6639A68-FollowerState] INFO  impl.RoleInfo (RoleInfo.java:shutdownFollowerState(110)) - 9e9c1c6a-451f-46d5-9738-b004dc1aedb2: shutdown 9e9c1c6a-451f-46d5-9738-b004dc1aedb2@group-FCA6F6639A68-FollowerState
2022-09-28 09:58:56,854 [9e9c1c6a-451f-46d5-9738-b004dc1aedb2@group-FCA6F6639A68-FollowerState] INFO  server.RaftServer$Division (RaftServerImpl.java:setRole(299)) - 9e9c1c6a-451f-46d5-9738-b004dc1aedb2@group-FCA6F6639A68: changes role from  FOLLOWER to CANDIDATE at term 2 for changeToCandidate
2022-09-28 09:58:56,855 [9e9c1c6a-451f-46d5-9738-b004dc1aedb2@group-FCA6F6639A68-FollowerState] INFO  server.RaftServerConfigKeys (ConfUtils.java:logGet(46)) - raft.server.leaderelection.pre-vote = false (custom)
2022-09-28 09:58:56,855 [9e9c1c6a-451f-46d5-9738-b004dc1aedb2@group-FCA6F6639A68-FollowerState] INFO  impl.RoleInfo (RoleInfo.java:updateAndGet(139)) - 9e9c1c6a-451f-46d5-9738-b004dc1aedb2: start 9e9c1c6a-451f-46d5-9738-b004dc1aedb2@group-FCA6F6639A68-LeaderElection48
2022-09-28 09:58:56,880 [fa5dce8c-80cb-4c43-9e0a-2a910fa20985@group-FCA6F6639A68-FollowerState] INFO  impl.FollowerState (FollowerState.java:run(143)) - fa5dce8c-80cb-4c43-9e0a-2a910fa20985@group-FCA6F6639A68-FollowerState: change to CANDIDATE, lastRpcElapsedTime:5161520541ns, electionTimeout:5141ms
2022-09-28 09:58:56,880 [fa5dce8c-80cb-4c43-9e0a-2a910fa20985@group-FCA6F6639A68-FollowerState] INFO  impl.RoleInfo (RoleInfo.java:shutdownFollowerState(110)) - fa5dce8c-80cb-4c43-9e0a-2a910fa20985: shutdown fa5dce8c-80cb-4c43-9e0a-2a910fa20985@group-FCA6F6639A68-FollowerState
2022-09-28 09:58:56,880 [fa5dce8c-80cb-4c43-9e0a-2a910fa20985@group-FCA6F6639A68-FollowerState] INFO  server.RaftServer$Division (RaftServerImpl.java:setRole(299)) - fa5dce8c-80cb-4c43-9e0a-2a910fa20985@group-FCA6F6639A68: changes role from  FOLLOWER to CANDIDATE at term 2 for changeToCandidate
2022-09-28 09:58:56,880 [fa5dce8c-80cb-4c43-9e0a-2a910fa20985@group-FCA6F6639A68-FollowerState] INFO  server.RaftServerConfigKeys (ConfUtils.java:logGet(46)) - raft.server.leaderelection.pre-vote = false (custom)
2022-09-28 09:58:56,880 [fa5dce8c-80cb-4c43-9e0a-2a910fa20985@group-FCA6F6639A68-FollowerState] INFO  impl.RoleInfo (RoleInfo.java:updateAndGet(139)) - fa5dce8c-80cb-4c43-9e0a-2a910fa20985: start fa5dce8c-80cb-4c43-9e0a-2a910fa20985@group-FCA6F6639A68-LeaderElection49
2022-09-28 09:58:56,885 [fa5dce8c-80cb-4c43-9e0a-2a910fa20985@group-FCA6F6639A68-LeaderElection49] INFO  impl.LeaderElection (LeaderElection.java:askForVotes(310)) - fa5dce8c-80cb-4c43-9e0a-2a910fa20985@group-FCA6F6639A68-LeaderElection49 ELECTION round 0: submit vote requests at term 3 for -1: [fa5dce8c-80cb-4c43-9e0a-2a910fa20985|rpc:10.1.1.21:40407|dataStream:|priority:0, 9e9c1c6a-451f-46d5-9738-b004dc1aedb2|rpc:10.1.1.21:38097|dataStream:|priority:0, 80fc50c2-999b-4282-ba04-29b80da548ab|rpc:10.1.1.21:45007|dataStream:|priority:1], old=null
2022-09-28 09:58:56,885 [9e9c1c6a-451f-46d5-9738-b004dc1aedb2@group-FCA6F6639A68-LeaderElection48] INFO  impl.LeaderElection (LeaderElection.java:askForVotes(310)) - 9e9c1c6a-451f-46d5-9738-b004dc1aedb2@group-FCA6F6639A68-LeaderElection48 ELECTION round 0: submit vote requests at term 3 for -1: [fa5dce8c-80cb-4c43-9e0a-2a910fa20985|rpc:10.1.1.21:40407|priority:0, 9e9c1c6a-451f-46d5-9738-b004dc1aedb2|rpc:10.1.1.21:38097|priority:0, 80fc50c2-999b-4282-ba04-29b80da548ab|rpc:10.1.1.21:45007|priority:1], old=null
2022-09-28 09:58:56,958 [grpc-default-executor-4] INFO  server.RaftServer$Division (RaftServerImpl.java:requestVote(1152)) - fa5dce8c-80cb-4c43-9e0a-2a910fa20985@group-FCA6F6639A68: receive requestVote(ELECTION, 9e9c1c6a-451f-46d5-9738-b004dc1aedb2, group-FCA6F6639A68, 3, (t:0, i:0))
2022-09-28 09:58:56,959 [grpc-default-executor-4] INFO  impl.VoteContext (VoteContext.java:log(48)) - fa5dce8c-80cb-4c43-9e0a-2a910fa20985@group-FCA6F6639A68-CANDIDATE: reject ELECTION from 9e9c1c6a-451f-46d5-9738-b004dc1aedb2: already has voted for fa5dce8c-80cb-4c43-9e0a-2a910fa20985 at current term 3
2022-09-28 09:58:56,959 [grpc-default-executor-4] INFO  server.RaftServer$Division (RaftServerImpl.java:requestVote(1184)) - fa5dce8c-80cb-4c43-9e0a-2a910fa20985@group-FCA6F6639A68 replies to ELECTION vote request: 9e9c1c6a-451f-46d5-9738-b004dc1aedb2<-fa5dce8c-80cb-4c43-9e0a-2a910fa20985#0:FAIL-t3. Peer's state: fa5dce8c-80cb-4c43-9e0a-2a910fa20985@group-FCA6F6639A68:t3, leader=null, voted=fa5dce8c-80cb-4c43-9e0a-2a910fa20985, raftlog=fa5dce8c-80cb-4c43-9e0a-2a910fa20985@group-FCA6F6639A68-SegmentedRaftLog:OPENED:c-1, conf=-1: [fa5dce8c-80cb-4c43-9e0a-2a910fa20985|rpc:10.1.1.21:40407|dataStream:|priority:0, 9e9c1c6a-451f-46d5-9738-b004dc1aedb2|rpc:10.1.1.21:38097|dataStream:|priority:0, 80fc50c2-999b-4282-ba04-29b80da548ab|rpc:10.1.1.21:45007|dataStream:|priority:1], old=null
2022-09-28 09:58:56,992 [grpc-default-executor-3] INFO  server.RaftServer$Division (RaftServerImpl.java:requestVote(1152)) - 80fc50c2-999b-4282-ba04-29b80da548ab@group-FCA6F6639A68: receive requestVote(ELECTION, 9e9c1c6a-451f-46d5-9738-b004dc1aedb2, group-FCA6F6639A68, 3, (t:0, i:0))
2022-09-28 09:58:56,992 [grpc-default-executor-3] INFO  impl.VoteContext (VoteContext.java:log(48)) - 80fc50c2-999b-4282-ba04-29b80da548ab@group-FCA6F6639A68-FOLLOWER: reject ELECTION from 9e9c1c6a-451f-46d5-9738-b004dc1aedb2: our priority 1 > candidate's priority 0
2022-09-28 09:58:56,992 [grpc-default-executor-3] INFO  server.RaftServer$Division (RaftServerImpl.java:setRole(299)) - 80fc50c2-999b-4282-ba04-29b80da548ab@group-FCA6F6639A68: changes role from  FOLLOWER to FOLLOWER at term 3 for candidate:9e9c1c6a-451f-46d5-9738-b004dc1aedb2
2022-09-28 09:58:56,993 [grpc-default-executor-3] INFO  impl.RoleInfo (RoleInfo.java:shutdownFollowerState(110)) - 80fc50c2-999b-4282-ba04-29b80da548ab: shutdown 80fc50c2-999b-4282-ba04-29b80da548ab@group-FCA6F6639A68-FollowerState
2022-09-28 09:58:56,993 [grpc-default-executor-3] INFO  impl.RoleInfo (RoleInfo.java:updateAndGet(139)) - 80fc50c2-999b-4282-ba04-29b80da548ab: start 80fc50c2-999b-4282-ba04-29b80da548ab@group-FCA6F6639A68-FollowerState
2022-09-28 09:58:56,993 [80fc50c2-999b-4282-ba04-29b80da548ab@group-FCA6F6639A68-FollowerState] INFO  impl.FollowerState (FollowerState.java:run(152)) - 80fc50c2-999b-4282-ba04-29b80da548ab@group-FCA6F6639A68-FollowerState was interrupted
2022-09-28 09:58:56,996 [grpc-default-executor-0] INFO  server.RaftServer$Division (RaftServerImpl.java:requestVote(1152)) - 9e9c1c6a-451f-46d5-9738-b004dc1aedb2@group-FCA6F6639A68: receive requestVote(ELECTION, fa5dce8c-80cb-4c43-9e0a-2a910fa20985, group-FCA6F6639A68, 3, (t:0, i:0))
2022-09-28 09:58:57,028 [grpc-default-executor-0] INFO  impl.VoteContext (VoteContext.java:log(48)) - 9e9c1c6a-451f-46d5-9738-b004dc1aedb2@group-FCA6F6639A68-CANDIDATE: reject ELECTION from fa5dce8c-80cb-4c43-9e0a-2a910fa20985: already has voted for 9e9c1c6a-451f-46d5-9738-b004dc1aedb2 at current term 3
2022-09-28 09:58:57,028 [grpc-default-executor-0] INFO  server.RaftServer$Division (RaftServerImpl.java:requestVote(1184)) - 9e9c1c6a-451f-46d5-9738-b004dc1aedb2@group-FCA6F6639A68 replies to ELECTION vote request: fa5dce8c-80cb-4c43-9e0a-2a910fa20985<-9e9c1c6a-451f-46d5-9738-b004dc1aedb2#0:FAIL-t3. Peer's state: 9e9c1c6a-451f-46d5-9738-b004dc1aedb2@group-FCA6F6639A68:t3, leader=null, voted=9e9c1c6a-451f-46d5-9738-b004dc1aedb2, raftlog=9e9c1c6a-451f-46d5-9738-b004dc1aedb2@group-FCA6F6639A68-SegmentedRaftLog:OPENED:c-1, conf=-1: [fa5dce8c-80cb-4c43-9e0a-2a910fa20985|rpc:10.1.1.21:40407|priority:0, 9e9c1c6a-451f-46d5-9738-b004dc1aedb2|rpc:10.1.1.21:38097|priority:0, 80fc50c2-999b-4282-ba04-29b80da548ab|rpc:10.1.1.21:45007|priority:1], old=null
2022-09-28 09:58:56,996 [grpc-default-executor-2] INFO  server.RaftServer$Division (RaftServerImpl.java:requestVote(1152)) - 80fc50c2-999b-4282-ba04-29b80da548ab@group-FCA6F6639A68: receive requestVote(ELECTION, fa5dce8c-80cb-4c43-9e0a-2a910fa20985, group-FCA6F6639A68, 3, (t:0, i:0))
2022-09-28 09:58:57,048 [Listener at 127.0.0.1/38925] INFO  ozone.MiniOzoneClusterImpl (MiniOzoneClusterImpl.java:lambda$waitForClusterToBeReady$0(216)) - Nodes are ready. Got 5 of 5 DN Heartbeats.
2022-09-28 09:58:57,049 [Listener at 127.0.0.1/38925] INFO  ozone.MiniOzoneClusterImpl (MiniOzoneClusterImpl.java:lambda$waitForClusterToBeReady$0(219)) - Waiting for cluster to exit safe mode
2022-09-28 09:58:57,049 [Listener at 127.0.0.1/38925] INFO  ozone.MiniOzoneClusterImpl (MiniOzoneClusterImpl.java:lambda$waitForClusterToBeReady$0(221)) - SCM became leader
2022-09-28 09:58:57,061 [grpc-default-executor-3] INFO  server.RaftServer$Division (RaftServerImpl.java:requestVote(1184)) - 80fc50c2-999b-4282-ba04-29b80da548ab@group-FCA6F6639A68 replies to ELECTION vote request: 9e9c1c6a-451f-46d5-9738-b004dc1aedb2<-80fc50c2-999b-4282-ba04-29b80da548ab#0:FAIL-t3. Peer's state: 80fc50c2-999b-4282-ba04-29b80da548ab@group-FCA6F6639A68:t3, leader=null, voted=null, raftlog=80fc50c2-999b-4282-ba04-29b80da548ab@group-FCA6F6639A68-SegmentedRaftLog:OPENED:c-1, conf=-1: [fa5dce8c-80cb-4c43-9e0a-2a910fa20985|rpc:10.1.1.21:40407|dataStream:|priority:0, 9e9c1c6a-451f-46d5-9738-b004dc1aedb2|rpc:10.1.1.21:38097|dataStream:|priority:0, 80fc50c2-999b-4282-ba04-29b80da548ab|rpc:10.1.1.21:45007|dataStream:|priority:1], old=null
2022-09-28 09:58:57,064 [80fc50c2-999b-4282-ba04-29b80da548ab@group-381876C73B41-FollowerState] INFO  impl.FollowerState (FollowerState.java:run(143)) - 80fc50c2-999b-4282-ba04-29b80da548ab@group-381876C73B41-FollowerState: change to CANDIDATE, lastRpcElapsedTime:5199189050ns, electionTimeout:5193ms
2022-09-28 09:58:57,064 [80fc50c2-999b-4282-ba04-29b80da548ab@group-381876C73B41-FollowerState] INFO  impl.RoleInfo (RoleInfo.java:shutdownFollowerState(110)) - 80fc50c2-999b-4282-ba04-29b80da548ab: shutdown 80fc50c2-999b-4282-ba04-29b80da548ab@group-381876C73B41-FollowerState
2022-09-28 09:58:57,064 [80fc50c2-999b-4282-ba04-29b80da548ab@group-381876C73B41-FollowerState] INFO  server.RaftServer$Division (RaftServerImpl.java:setRole(299)) - 80fc50c2-999b-4282-ba04-29b80da548ab@group-381876C73B41: changes role from  FOLLOWER to CANDIDATE at term 2 for changeToCandidate
2022-09-28 09:58:57,065 [80fc50c2-999b-4282-ba04-29b80da548ab@group-381876C73B41-FollowerState] INFO  server.RaftServerConfigKeys (ConfUtils.java:logGet(46)) - raft.server.leaderelection.pre-vote = false (custom)
2022-09-28 09:58:57,065 [80fc50c2-999b-4282-ba04-29b80da548ab@group-381876C73B41-FollowerState] INFO  impl.RoleInfo (RoleInfo.java:updateAndGet(139)) - 80fc50c2-999b-4282-ba04-29b80da548ab: start 80fc50c2-999b-4282-ba04-29b80da548ab@group-381876C73B41-LeaderElection50
2022-09-28 09:58:57,065 [grpc-default-executor-2] INFO  impl.VoteContext (VoteContext.java:log(48)) - 80fc50c2-999b-4282-ba04-29b80da548ab@group-FCA6F6639A68-FOLLOWER: reject ELECTION from fa5dce8c-80cb-4c43-9e0a-2a910fa20985: our priority 1 > candidate's priority 0
2022-09-28 09:58:57,065 [grpc-default-executor-2] INFO  server.RaftServer$Division (RaftServerImpl.java:setRole(299)) - 80fc50c2-999b-4282-ba04-29b80da548ab@group-FCA6F6639A68: changes role from  FOLLOWER to FOLLOWER at term 3 for candidate:fa5dce8c-80cb-4c43-9e0a-2a910fa20985
2022-09-28 09:58:57,065 [grpc-default-executor-2] INFO  impl.RoleInfo (RoleInfo.java:shutdownFollowerState(110)) - 80fc50c2-999b-4282-ba04-29b80da548ab: shutdown 80fc50c2-999b-4282-ba04-29b80da548ab@group-FCA6F6639A68-FollowerState
2022-09-28 09:58:57,103 [fa5dce8c-80cb-4c43-9e0a-2a910fa20985@group-381876C73B41-FollowerState] INFO  impl.FollowerState (FollowerState.java:run(143)) - fa5dce8c-80cb-4c43-9e0a-2a910fa20985@group-381876C73B41-FollowerState: change to CANDIDATE, lastRpcElapsedTime:5056493734ns, electionTimeout:5046ms
2022-09-28 09:58:57,103 [fa5dce8c-80cb-4c43-9e0a-2a910fa20985@group-381876C73B41-FollowerState] INFO  impl.RoleInfo (RoleInfo.java:shutdownFollowerState(110)) - fa5dce8c-80cb-4c43-9e0a-2a910fa20985: shutdown fa5dce8c-80cb-4c43-9e0a-2a910fa20985@group-381876C73B41-FollowerState
2022-09-28 09:58:57,103 [fa5dce8c-80cb-4c43-9e0a-2a910fa20985@group-381876C73B41-FollowerState] INFO  server.RaftServer$Division (RaftServerImpl.java:setRole(299)) - fa5dce8c-80cb-4c43-9e0a-2a910fa20985@group-381876C73B41: changes role from  FOLLOWER to CANDIDATE at term 2 for changeToCandidate
2022-09-28 09:58:57,103 [fa5dce8c-80cb-4c43-9e0a-2a910fa20985@group-381876C73B41-FollowerState] INFO  server.RaftServerConfigKeys (ConfUtils.java:logGet(46)) - raft.server.leaderelection.pre-vote = false (custom)
2022-09-28 09:58:57,103 [fa5dce8c-80cb-4c43-9e0a-2a910fa20985@group-381876C73B41-FollowerState] INFO  impl.RoleInfo (RoleInfo.java:updateAndGet(139)) - fa5dce8c-80cb-4c43-9e0a-2a910fa20985: start fa5dce8c-80cb-4c43-9e0a-2a910fa20985@group-381876C73B41-LeaderElection51
2022-09-28 09:58:57,166 [fa5dce8c-80cb-4c43-9e0a-2a910fa20985@group-381876C73B41-LeaderElection51] INFO  impl.LeaderElection (LeaderElection.java:askForVotes(310)) - fa5dce8c-80cb-4c43-9e0a-2a910fa20985@group-381876C73B41-LeaderElection51 ELECTION round 0: submit vote requests at term 3 for -1: [fa5dce8c-80cb-4c43-9e0a-2a910fa20985|rpc:10.1.1.21:40407|dataStream:|priority:1, 9e9c1c6a-451f-46d5-9738-b004dc1aedb2|rpc:10.1.1.21:38097|dataStream:|priority:0, 80fc50c2-999b-4282-ba04-29b80da548ab|rpc:10.1.1.21:45007|dataStream:|priority:0], old=null
2022-09-28 09:58:57,167 [9e9c1c6a-451f-46d5-9738-b004dc1aedb2@group-FCA6F6639A68-LeaderElection48] INFO  impl.LeaderElection (LeaderElection.java:logAndReturn(90)) - 9e9c1c6a-451f-46d5-9738-b004dc1aedb2@group-FCA6F6639A68-LeaderElection48: ELECTION REJECTED received 2 response(s) and 0 exception(s):
2022-09-28 09:58:57,167 [9e9c1c6a-451f-46d5-9738-b004dc1aedb2@group-FCA6F6639A68-LeaderElection48] INFO  impl.LeaderElection (LeaderElection.java:logAndReturn(94)) -   Response 0: 9e9c1c6a-451f-46d5-9738-b004dc1aedb2<-fa5dce8c-80cb-4c43-9e0a-2a910fa20985#0:FAIL-t3
2022-09-28 09:58:57,167 [9e9c1c6a-451f-46d5-9738-b004dc1aedb2@group-FCA6F6639A68-LeaderElection48] INFO  impl.LeaderElection (LeaderElection.java:logAndReturn(94)) -   Response 1: 9e9c1c6a-451f-46d5-9738-b004dc1aedb2<-80fc50c2-999b-4282-ba04-29b80da548ab#0:FAIL-t3
2022-09-28 09:58:57,167 [grpc-default-executor-2] INFO  impl.RoleInfo (RoleInfo.java:updateAndGet(139)) - 80fc50c2-999b-4282-ba04-29b80da548ab: start 80fc50c2-999b-4282-ba04-29b80da548ab@group-FCA6F6639A68-FollowerState
2022-09-28 09:58:57,167 [grpc-default-executor-2] INFO  server.RaftServer$Division (RaftServerImpl.java:requestVote(1184)) - 80fc50c2-999b-4282-ba04-29b80da548ab@group-FCA6F6639A68 replies to ELECTION vote request: fa5dce8c-80cb-4c43-9e0a-2a910fa20985<-80fc50c2-999b-4282-ba04-29b80da548ab#0:FAIL-t3. Peer's state: 80fc50c2-999b-4282-ba04-29b80da548ab@group-FCA6F6639A68:t3, leader=null, voted=null, raftlog=80fc50c2-999b-4282-ba04-29b80da548ab@group-FCA6F6639A68-SegmentedRaftLog:OPENED:c-1, conf=-1: [fa5dce8c-80cb-4c43-9e0a-2a910fa20985|rpc:10.1.1.21:40407|dataStream:|priority:0, 9e9c1c6a-451f-46d5-9738-b004dc1aedb2|rpc:10.1.1.21:38097|dataStream:|priority:0, 80fc50c2-999b-4282-ba04-29b80da548ab|rpc:10.1.1.21:45007|dataStream:|priority:1], old=null
2022-09-28 09:58:57,168 [9e9c1c6a-451f-46d5-9738-b004dc1aedb2@group-FCA6F6639A68-LeaderElection48] INFO  impl.LeaderElection (LeaderElection.java:askForVotes(312)) - 9e9c1c6a-451f-46d5-9738-b004dc1aedb2@group-FCA6F6639A68-LeaderElection48 ELECTION round 0: result REJECTED
2022-09-28 09:58:57,168 [9e9c1c6a-451f-46d5-9738-b004dc1aedb2@group-FCA6F6639A68-LeaderElection48] INFO  server.RaftServer$Division (RaftServerImpl.java:setRole(299)) - 9e9c1c6a-451f-46d5-9738-b004dc1aedb2@group-FCA6F6639A68: changes role from CANDIDATE to FOLLOWER at term 3 for REJECTED
2022-09-28 09:58:57,168 [9e9c1c6a-451f-46d5-9738-b004dc1aedb2@group-FCA6F6639A68-LeaderElection48] INFO  impl.RoleInfo (RoleInfo.java:shutdownLeaderElection(130)) - 9e9c1c6a-451f-46d5-9738-b004dc1aedb2: shutdown 9e9c1c6a-451f-46d5-9738-b004dc1aedb2@group-FCA6F6639A68-LeaderElection48
2022-09-28 09:58:57,168 [9e9c1c6a-451f-46d5-9738-b004dc1aedb2@group-FCA6F6639A68-LeaderElection48] INFO  impl.RoleInfo (RoleInfo.java:updateAndGet(139)) - 9e9c1c6a-451f-46d5-9738-b004dc1aedb2: start 9e9c1c6a-451f-46d5-9738-b004dc1aedb2@group-FCA6F6639A68-FollowerState
2022-09-28 09:58:57,172 [fa5dce8c-80cb-4c43-9e0a-2a910fa20985@group-FCA6F6639A68-LeaderElection49] INFO  impl.LeaderElection (LeaderElection.java:logAndReturn(90)) - fa5dce8c-80cb-4c43-9e0a-2a910fa20985@group-FCA6F6639A68-LeaderElection49: ELECTION REJECTED received 2 response(s) and 0 exception(s):
2022-09-28 09:58:57,172 [fa5dce8c-80cb-4c43-9e0a-2a910fa20985@group-FCA6F6639A68-LeaderElection49] INFO  impl.LeaderElection (LeaderElection.java:logAndReturn(94)) -   Response 0: fa5dce8c-80cb-4c43-9e0a-2a910fa20985<-9e9c1c6a-451f-46d5-9738-b004dc1aedb2#0:FAIL-t3
2022-09-28 09:58:57,172 [fa5dce8c-80cb-4c43-9e0a-2a910fa20985@group-FCA6F6639A68-LeaderElection49] INFO  impl.LeaderElection (LeaderElection.java:logAndReturn(94)) -   Response 1: fa5dce8c-80cb-4c43-9e0a-2a910fa20985<-80fc50c2-999b-4282-ba04-29b80da548ab#0:FAIL-t3
2022-09-28 09:58:57,173 [fa5dce8c-80cb-4c43-9e0a-2a910fa20985@group-FCA6F6639A68-LeaderElection49] INFO  impl.LeaderElection (LeaderElection.java:askForVotes(312)) - fa5dce8c-80cb-4c43-9e0a-2a910fa20985@group-FCA6F6639A68-LeaderElection49 ELECTION round 0: result REJECTED
2022-09-28 09:58:57,173 [fa5dce8c-80cb-4c43-9e0a-2a910fa20985@group-FCA6F6639A68-LeaderElection49] INFO  server.RaftServer$Division (RaftServerImpl.java:setRole(299)) - fa5dce8c-80cb-4c43-9e0a-2a910fa20985@group-FCA6F6639A68: changes role from CANDIDATE to FOLLOWER at term 3 for REJECTED
2022-09-28 09:58:57,173 [fa5dce8c-80cb-4c43-9e0a-2a910fa20985@group-FCA6F6639A68-LeaderElection49] INFO  impl.RoleInfo (RoleInfo.java:shutdownLeaderElection(130)) - fa5dce8c-80cb-4c43-9e0a-2a910fa20985: shutdown fa5dce8c-80cb-4c43-9e0a-2a910fa20985@group-FCA6F6639A68-LeaderElection49
2022-09-28 09:58:57,173 [fa5dce8c-80cb-4c43-9e0a-2a910fa20985@group-FCA6F6639A68-LeaderElection49] INFO  impl.RoleInfo (RoleInfo.java:updateAndGet(139)) - fa5dce8c-80cb-4c43-9e0a-2a910fa20985: start fa5dce8c-80cb-4c43-9e0a-2a910fa20985@group-FCA6F6639A68-FollowerState
2022-09-28 09:58:57,173 [80fc50c2-999b-4282-ba04-29b80da548ab@group-381876C73B41-LeaderElection50] INFO  impl.LeaderElection (LeaderElection.java:askForVotes(310)) - 80fc50c2-999b-4282-ba04-29b80da548ab@group-381876C73B41-LeaderElection50 ELECTION round 0: submit vote requests at term 3 for -1: [fa5dce8c-80cb-4c43-9e0a-2a910fa20985|rpc:10.1.1.21:40407|dataStream:|priority:1, 9e9c1c6a-451f-46d5-9738-b004dc1aedb2|rpc:10.1.1.21:38097|dataStream:|priority:0, 80fc50c2-999b-4282-ba04-29b80da548ab|rpc:10.1.1.21:45007|dataStream:|priority:0], old=null
2022-09-28 09:58:57,176 [grpc-default-executor-3] INFO  server.RaftServer$Division (RaftServerImpl.java:requestVote(1152)) - 9e9c1c6a-451f-46d5-9738-b004dc1aedb2@group-381876C73B41: receive requestVote(ELECTION, fa5dce8c-80cb-4c43-9e0a-2a910fa20985, group-381876C73B41, 3, (t:0, i:0))
2022-09-28 09:58:57,176 [grpc-default-executor-3] INFO  impl.VoteContext (VoteContext.java:log(48)) - 9e9c1c6a-451f-46d5-9738-b004dc1aedb2@group-381876C73B41-FOLLOWER: accept ELECTION from fa5dce8c-80cb-4c43-9e0a-2a910fa20985: our priority 0 <= candidate's priority 1
2022-09-28 09:58:57,176 [grpc-default-executor-0] INFO  server.RaftServer$Division (RaftServerImpl.java:requestVote(1152)) - 80fc50c2-999b-4282-ba04-29b80da548ab@group-381876C73B41: receive requestVote(ELECTION, fa5dce8c-80cb-4c43-9e0a-2a910fa20985, group-381876C73B41, 3, (t:0, i:0))
2022-09-28 09:58:57,176 [grpc-default-executor-3] INFO  server.RaftServer$Division (RaftServerImpl.java:setRole(299)) - 9e9c1c6a-451f-46d5-9738-b004dc1aedb2@group-381876C73B41: changes role from  FOLLOWER to FOLLOWER at term 3 for candidate:fa5dce8c-80cb-4c43-9e0a-2a910fa20985
2022-09-28 09:58:57,177 [grpc-default-executor-0] INFO  impl.VoteContext (VoteContext.java:log(48)) - 80fc50c2-999b-4282-ba04-29b80da548ab@group-381876C73B41-CANDIDATE: reject ELECTION from fa5dce8c-80cb-4c43-9e0a-2a910fa20985: already has voted for 80fc50c2-999b-4282-ba04-29b80da548ab at current term 3
2022-09-28 09:58:57,177 [grpc-default-executor-3] INFO  impl.RoleInfo (RoleInfo.java:shutdownFollowerState(110)) - 9e9c1c6a-451f-46d5-9738-b004dc1aedb2: shutdown 9e9c1c6a-451f-46d5-9738-b004dc1aedb2@group-381876C73B41-FollowerState
2022-09-28 09:58:57,177 [grpc-default-executor-0] INFO  server.RaftServer$Division (RaftServerImpl.java:requestVote(1184)) - 80fc50c2-999b-4282-ba04-29b80da548ab@group-381876C73B41 replies to ELECTION vote request: fa5dce8c-80cb-4c43-9e0a-2a910fa20985<-80fc50c2-999b-4282-ba04-29b80da548ab#0:FAIL-t3. Peer's state: 80fc50c2-999b-4282-ba04-29b80da548ab@group-381876C73B41:t3, leader=null, voted=80fc50c2-999b-4282-ba04-29b80da548ab, raftlog=80fc50c2-999b-4282-ba04-29b80da548ab@group-381876C73B41-SegmentedRaftLog:OPENED:c-1, conf=-1: [fa5dce8c-80cb-4c43-9e0a-2a910fa20985|rpc:10.1.1.21:40407|dataStream:|priority:1, 9e9c1c6a-451f-46d5-9738-b004dc1aedb2|rpc:10.1.1.21:38097|dataStream:|priority:0, 80fc50c2-999b-4282-ba04-29b80da548ab|rpc:10.1.1.21:45007|dataStream:|priority:0], old=null
2022-09-28 09:58:57,212 [80fc50c2-999b-4282-ba04-29b80da548ab@group-FCA6F6639A68-FollowerState] INFO  impl.FollowerState (FollowerState.java:run(152)) - 80fc50c2-999b-4282-ba04-29b80da548ab@group-FCA6F6639A68-FollowerState was interrupted
2022-09-28 09:58:57,261 [grpc-default-executor-3] INFO  impl.RoleInfo (RoleInfo.java:updateAndGet(139)) - 9e9c1c6a-451f-46d5-9738-b004dc1aedb2: start 9e9c1c6a-451f-46d5-9738-b004dc1aedb2@group-381876C73B41-FollowerState
2022-09-28 09:58:57,261 [9e9c1c6a-451f-46d5-9738-b004dc1aedb2@group-381876C73B41-FollowerState] INFO  impl.FollowerState (FollowerState.java:run(152)) - 9e9c1c6a-451f-46d5-9738-b004dc1aedb2@group-381876C73B41-FollowerState was interrupted
2022-09-28 09:58:57,298 [grpc-default-executor-3] INFO  server.RaftServer$Division (RaftServerImpl.java:requestVote(1184)) - 9e9c1c6a-451f-46d5-9738-b004dc1aedb2@group-381876C73B41 replies to ELECTION vote request: fa5dce8c-80cb-4c43-9e0a-2a910fa20985<-9e9c1c6a-451f-46d5-9738-b004dc1aedb2#0:OK-t3. Peer's state: 9e9c1c6a-451f-46d5-9738-b004dc1aedb2@group-381876C73B41:t3, leader=null, voted=fa5dce8c-80cb-4c43-9e0a-2a910fa20985, raftlog=9e9c1c6a-451f-46d5-9738-b004dc1aedb2@group-381876C73B41-SegmentedRaftLog:OPENED:c-1, conf=-1: [fa5dce8c-80cb-4c43-9e0a-2a910fa20985|rpc:10.1.1.21:40407|priority:1, 9e9c1c6a-451f-46d5-9738-b004dc1aedb2|rpc:10.1.1.21:38097|priority:0, 80fc50c2-999b-4282-ba04-29b80da548ab|rpc:10.1.1.21:45007|priority:0], old=null
2022-09-28 09:58:57,298 [grpc-default-executor-0] INFO  server.RaftServer$Division (RaftServerImpl.java:requestVote(1152)) - 9e9c1c6a-451f-46d5-9738-b004dc1aedb2@group-381876C73B41: receive requestVote(ELECTION, 80fc50c2-999b-4282-ba04-29b80da548ab, group-381876C73B41, 3, (t:0, i:0))
2022-09-28 09:58:57,298 [grpc-default-executor-0] INFO  impl.VoteContext (VoteContext.java:log(48)) - 9e9c1c6a-451f-46d5-9738-b004dc1aedb2@group-381876C73B41-FOLLOWER: reject ELECTION from 80fc50c2-999b-4282-ba04-29b80da548ab: already has voted for fa5dce8c-80cb-4c43-9e0a-2a910fa20985 at current term 3
2022-09-28 09:58:57,298 [grpc-default-executor-0] INFO  server.RaftServer$Division (RaftServerImpl.java:requestVote(1184)) - 9e9c1c6a-451f-46d5-9738-b004dc1aedb2@group-381876C73B41 replies to ELECTION vote request: 80fc50c2-999b-4282-ba04-29b80da548ab<-9e9c1c6a-451f-46d5-9738-b004dc1aedb2#0:FAIL-t3. Peer's state: 9e9c1c6a-451f-46d5-9738-b004dc1aedb2@group-381876C73B41:t3, leader=null, voted=fa5dce8c-80cb-4c43-9e0a-2a910fa20985, raftlog=9e9c1c6a-451f-46d5-9738-b004dc1aedb2@group-381876C73B41-SegmentedRaftLog:OPENED:c-1, conf=-1: [fa5dce8c-80cb-4c43-9e0a-2a910fa20985|rpc:10.1.1.21:40407|priority:1, 9e9c1c6a-451f-46d5-9738-b004dc1aedb2|rpc:10.1.1.21:38097|priority:0, 80fc50c2-999b-4282-ba04-29b80da548ab|rpc:10.1.1.21:45007|priority:0], old=null
2022-09-28 09:58:57,300 [grpc-default-executor-2] INFO  server.RaftServer$Division (RaftServerImpl.java:requestVote(1152)) - fa5dce8c-80cb-4c43-9e0a-2a910fa20985@group-381876C73B41: receive requestVote(ELECTION, 80fc50c2-999b-4282-ba04-29b80da548ab, group-381876C73B41, 3, (t:0, i:0))
2022-09-28 09:58:57,300 [grpc-default-executor-2] INFO  impl.VoteContext (VoteContext.java:log(48)) - fa5dce8c-80cb-4c43-9e0a-2a910fa20985@group-381876C73B41-CANDIDATE: reject ELECTION from 80fc50c2-999b-4282-ba04-29b80da548ab: already has voted for fa5dce8c-80cb-4c43-9e0a-2a910fa20985 at current term 3
2022-09-28 09:58:57,300 [grpc-default-executor-2] INFO  server.RaftServer$Division (RaftServerImpl.java:requestVote(1184)) - fa5dce8c-80cb-4c43-9e0a-2a910fa20985@group-381876C73B41 replies to ELECTION vote request: 80fc50c2-999b-4282-ba04-29b80da548ab<-fa5dce8c-80cb-4c43-9e0a-2a910fa20985#0:FAIL-t3. Peer's state: fa5dce8c-80cb-4c43-9e0a-2a910fa20985@group-381876C73B41:t3, leader=null, voted=fa5dce8c-80cb-4c43-9e0a-2a910fa20985, raftlog=fa5dce8c-80cb-4c43-9e0a-2a910fa20985@group-381876C73B41-SegmentedRaftLog:OPENED:c-1, conf=-1: [fa5dce8c-80cb-4c43-9e0a-2a910fa20985|rpc:10.1.1.21:40407|dataStream:|priority:1, 9e9c1c6a-451f-46d5-9738-b004dc1aedb2|rpc:10.1.1.21:38097|dataStream:|priority:0, 80fc50c2-999b-4282-ba04-29b80da548ab|rpc:10.1.1.21:45007|dataStream:|priority:0], old=null
2022-09-28 09:58:57,304 [80fc50c2-999b-4282-ba04-29b80da548ab@group-381876C73B41-LeaderElection50] INFO  impl.LeaderElection (LeaderElection.java:logAndReturn(90)) - 80fc50c2-999b-4282-ba04-29b80da548ab@group-381876C73B41-LeaderElection50: ELECTION REJECTED received 2 response(s) and 0 exception(s):
2022-09-28 09:58:57,304 [80fc50c2-999b-4282-ba04-29b80da548ab@group-381876C73B41-LeaderElection50] INFO  impl.LeaderElection (LeaderElection.java:logAndReturn(94)) -   Response 0: 80fc50c2-999b-4282-ba04-29b80da548ab<-fa5dce8c-80cb-4c43-9e0a-2a910fa20985#0:FAIL-t3
2022-09-28 09:58:57,304 [80fc50c2-999b-4282-ba04-29b80da548ab@group-381876C73B41-LeaderElection50] INFO  impl.LeaderElection (LeaderElection.java:logAndReturn(94)) -   Response 1: 80fc50c2-999b-4282-ba04-29b80da548ab<-9e9c1c6a-451f-46d5-9738-b004dc1aedb2#0:FAIL-t3
2022-09-28 09:58:57,304 [80fc50c2-999b-4282-ba04-29b80da548ab@group-381876C73B41-LeaderElection50] INFO  impl.LeaderElection (LeaderElection.java:askForVotes(312)) - 80fc50c2-999b-4282-ba04-29b80da548ab@group-381876C73B41-LeaderElection50 ELECTION round 0: result REJECTED
2022-09-28 09:58:57,304 [80fc50c2-999b-4282-ba04-29b80da548ab@group-381876C73B41-LeaderElection50] INFO  server.RaftServer$Division (RaftServerImpl.java:setRole(299)) - 80fc50c2-999b-4282-ba04-29b80da548ab@group-381876C73B41: changes role from CANDIDATE to FOLLOWER at term 3 for REJECTED
2022-09-28 09:58:57,304 [80fc50c2-999b-4282-ba04-29b80da548ab@group-381876C73B41-LeaderElection50] INFO  impl.RoleInfo (RoleInfo.java:shutdownLeaderElection(130)) - 80fc50c2-999b-4282-ba04-29b80da548ab: shutdown 80fc50c2-999b-4282-ba04-29b80da548ab@group-381876C73B41-LeaderElection50
2022-09-28 09:58:57,304 [80fc50c2-999b-4282-ba04-29b80da548ab@group-381876C73B41-LeaderElection50] INFO  impl.RoleInfo (RoleInfo.java:updateAndGet(139)) - 80fc50c2-999b-4282-ba04-29b80da548ab: start 80fc50c2-999b-4282-ba04-29b80da548ab@group-381876C73B41-FollowerState
2022-09-28 09:58:57,344 [fa5dce8c-80cb-4c43-9e0a-2a910fa20985@group-381876C73B41-LeaderElection51] INFO  impl.LeaderElection (LeaderElection.java:logAndReturn(90)) - fa5dce8c-80cb-4c43-9e0a-2a910fa20985@group-381876C73B41-LeaderElection51: ELECTION PASSED received 2 response(s) and 0 exception(s):
2022-09-28 09:58:57,344 [fa5dce8c-80cb-4c43-9e0a-2a910fa20985@group-381876C73B41-LeaderElection51] INFO  impl.LeaderElection (LeaderElection.java:logAndReturn(94)) -   Response 0: fa5dce8c-80cb-4c43-9e0a-2a910fa20985<-9e9c1c6a-451f-46d5-9738-b004dc1aedb2#0:OK-t3
2022-09-28 09:58:57,344 [fa5dce8c-80cb-4c43-9e0a-2a910fa20985@group-381876C73B41-LeaderElection51] INFO  impl.LeaderElection (LeaderElection.java:logAndReturn(94)) -   Response 1: fa5dce8c-80cb-4c43-9e0a-2a910fa20985<-80fc50c2-999b-4282-ba04-29b80da548ab#0:FAIL-t3
2022-09-28 09:58:57,344 [fa5dce8c-80cb-4c43-9e0a-2a910fa20985@group-381876C73B41-LeaderElection51] INFO  impl.LeaderElection (LeaderElection.java:askForVotes(312)) - fa5dce8c-80cb-4c43-9e0a-2a910fa20985@group-381876C73B41-LeaderElection51 ELECTION round 0: result PASSED
2022-09-28 09:58:57,344 [fa5dce8c-80cb-4c43-9e0a-2a910fa20985@group-381876C73B41-LeaderElection51] INFO  impl.RoleInfo (RoleInfo.java:shutdownLeaderElection(130)) - fa5dce8c-80cb-4c43-9e0a-2a910fa20985: shutdown fa5dce8c-80cb-4c43-9e0a-2a910fa20985@group-381876C73B41-LeaderElection51
2022-09-28 09:58:57,345 [fa5dce8c-80cb-4c43-9e0a-2a910fa20985@group-381876C73B41-LeaderElection51] INFO  server.RaftServer$Division (RaftServerImpl.java:setRole(299)) - fa5dce8c-80cb-4c43-9e0a-2a910fa20985@group-381876C73B41: changes role from CANDIDATE to LEADER at term 3 for changeToLeader
2022-09-28 09:58:57,345 [fa5dce8c-80cb-4c43-9e0a-2a910fa20985@group-381876C73B41-LeaderElection51] INFO  ratis.XceiverServerRatis (XceiverServerRatis.java:handleLeaderChangedNotification(863)) - Leader change notification received for group: group-381876C73B41 with new leaderId: fa5dce8c-80cb-4c43-9e0a-2a910fa20985
2022-09-28 09:58:57,345 [fa5dce8c-80cb-4c43-9e0a-2a910fa20985@group-381876C73B41-LeaderElection51] INFO  server.RaftServer$Division (ServerState.java:setLeader(287)) - fa5dce8c-80cb-4c43-9e0a-2a910fa20985@group-381876C73B41: change Leader from null to fa5dce8c-80cb-4c43-9e0a-2a910fa20985 at term 3 for becomeLeader, leader elected after 15571ms
2022-09-28 09:58:57,345 [fa5dce8c-80cb-4c43-9e0a-2a910fa20985@group-381876C73B41-LeaderElection51] INFO  server.RaftServerConfigKeys (ConfUtils.java:logGet(46)) - raft.server.staging.catchup.gap = 1000 (default)
2022-09-28 09:58:57,345 [fa5dce8c-80cb-4c43-9e0a-2a910fa20985@group-381876C73B41-LeaderElection51] INFO  server.RaftServerConfigKeys (ConfUtils.java:logGet(46)) - raft.server.write.element-limit = 1024 (custom)
2022-09-28 09:58:57,345 [fa5dce8c-80cb-4c43-9e0a-2a910fa20985@group-381876C73B41-LeaderElection51] INFO  server.RaftServerConfigKeys (ConfUtils.java:logGet(46)) - raft.server.write.byte-limit = 1024 M (=1073741824) (custom)
2022-09-28 09:58:57,345 [fa5dce8c-80cb-4c43-9e0a-2a910fa20985@group-381876C73B41-LeaderElection51] INFO  server.RaftServerConfigKeys (ConfUtils.java:logGet(46)) - raft.server.watch.timeout = 180s (custom)
2022-09-28 09:58:57,345 [fa5dce8c-80cb-4c43-9e0a-2a910fa20985@group-381876C73B41-LeaderElection51] INFO  server.RaftServerConfigKeys (ConfUtils.java:logGet(46)) - raft.server.watch.timeout.denomination = 1s (default)
2022-09-28 09:58:57,345 [fa5dce8c-80cb-4c43-9e0a-2a910fa20985@group-381876C73B41-LeaderElection51] INFO  server.RaftServerConfigKeys (ConfUtils.java:logGet(46)) - raft.server.watch.element-limit = 65536 (default)
2022-09-28 09:58:57,345 [fa5dce8c-80cb-4c43-9e0a-2a910fa20985@group-381876C73B41-LeaderElection51] INFO  server.RaftServerConfigKeys (ConfUtils.java:logGet(46)) - raft.server.write.element-limit = 1024 (custom)
2022-09-28 09:58:57,345 [fa5dce8c-80cb-4c43-9e0a-2a910fa20985@group-381876C73B41-LeaderElection51] INFO  server.RaftServerConfigKeys (ConfUtils.java:logGet(46)) - raft.server.write.follower.gap.ratio.max = -1.0 (default)
2022-09-28 09:58:57,346 [fa5dce8c-80cb-4c43-9e0a-2a910fa20985@group-381876C73B41-LeaderElection51] INFO  server.RaftServerConfigKeys (ConfUtils.java:logGet(46)) - raft.server.log.appender.snapshot.chunk.size.max = 16MB (=16777216) (default)
2022-09-28 09:58:57,346 [fa5dce8c-80cb-4c43-9e0a-2a910fa20985@group-381876C73B41-LeaderElection51] INFO  server.RaftServerConfigKeys (ConfUtils.java:logGet(46)) - raft.server.log.appender.buffer.byte-limit = 33554432 (custom)
2022-09-28 09:58:57,346 [fa5dce8c-80cb-4c43-9e0a-2a910fa20985@group-381876C73B41-LeaderElection51] INFO  server.RaftServerConfigKeys (ConfUtils.java:logGet(46)) - raft.server.log.appender.buffer.element-limit = 1 (custom)
2022-09-28 09:58:57,346 [fa5dce8c-80cb-4c43-9e0a-2a910fa20985@group-381876C73B41-LeaderElection51] INFO  grpc.GrpcConfigKeys (ConfUtils.java:logGet(46)) - raft.grpc.server.leader.outstanding.appends.max = 128 (default)
2022-09-28 09:58:57,346 [fa5dce8c-80cb-4c43-9e0a-2a910fa20985@group-381876C73B41-LeaderElection51] INFO  server.RaftServerConfigKeys (ConfUtils.java:logGet(46)) - raft.server.rpc.request.timeout = 60s (custom)
2022-09-28 09:58:57,346 [fa5dce8c-80cb-4c43-9e0a-2a910fa20985@group-381876C73B41-LeaderElection51] INFO  server.RaftServerConfigKeys (ConfUtils.java:logGet(46)) - raft.server.log.appender.install.snapshot.enabled = false (custom)
2022-09-28 09:58:57,347 [fa5dce8c-80cb-4c43-9e0a-2a910fa20985@group-381876C73B41-LeaderElection51] INFO  server.RaftServerConfigKeys (ConfUtils.java:logGet(46)) - raft.server.log.appender.snapshot.chunk.size.max = 16MB (=16777216) (default)
2022-09-28 09:58:57,347 [fa5dce8c-80cb-4c43-9e0a-2a910fa20985@group-381876C73B41-LeaderElection51] INFO  server.RaftServerConfigKeys (ConfUtils.java:logGet(46)) - raft.server.log.appender.buffer.byte-limit = 33554432 (custom)
2022-09-28 09:58:57,347 [fa5dce8c-80cb-4c43-9e0a-2a910fa20985@group-381876C73B41-LeaderElection51] INFO  server.RaftServerConfigKeys (ConfUtils.java:logGet(46)) - raft.server.log.appender.buffer.element-limit = 1 (custom)
2022-09-28 09:58:57,347 [fa5dce8c-80cb-4c43-9e0a-2a910fa20985@group-381876C73B41-LeaderElection51] INFO  grpc.GrpcConfigKeys (ConfUtils.java:logGet(46)) - raft.grpc.server.leader.outstanding.appends.max = 128 (default)
2022-09-28 09:58:57,348 [fa5dce8c-80cb-4c43-9e0a-2a910fa20985@group-381876C73B41-LeaderElection51] INFO  server.RaftServerConfigKeys (ConfUtils.java:logGet(46)) - raft.server.rpc.request.timeout = 60s (custom)
2022-09-28 09:58:57,348 [fa5dce8c-80cb-4c43-9e0a-2a910fa20985@group-381876C73B41-LeaderElection51] INFO  server.RaftServerConfigKeys (ConfUtils.java:logGet(46)) - raft.server.log.appender.install.snapshot.enabled = false (custom)
2022-09-28 09:58:57,348 [fa5dce8c-80cb-4c43-9e0a-2a910fa20985@group-381876C73B41-LeaderElection51] INFO  impl.RoleInfo (RoleInfo.java:updateAndGet(139)) - fa5dce8c-80cb-4c43-9e0a-2a910fa20985: start fa5dce8c-80cb-4c43-9e0a-2a910fa20985@group-381876C73B41-LeaderStateImpl
2022-09-28 09:58:57,348 [fa5dce8c-80cb-4c43-9e0a-2a910fa20985@group-381876C73B41-LeaderElection51] INFO  segmented.SegmentedRaftLogWorker (SegmentedRaftLogWorker.java:startLogSegment(425)) - fa5dce8c-80cb-4c43-9e0a-2a910fa20985@group-381876C73B41-SegmentedRaftLogWorker: Starting segment from index:0
2022-09-28 09:58:57,349 [EventQueue-PipelineReportForPipelineReportHandler] INFO  pipeline.PipelineManagerImpl (PipelineManagerImpl.java:openPipeline(367)) - Pipeline Pipeline[ Id: 762c2707-515e-4df9-a84e-381876c73b41, Nodes: 80fc50c2-999b-4282-ba04-29b80da548ab{ip: 10.1.1.21, host: fv-az204-790.d0ggoinxmwcejgojbuqly40l0e.cx.internal.cloudapp.net, ports: [REPLICATION=35443, RATIS=45007, RATIS_ADMIN=45007, RATIS_SERVER=45007, STANDALONE=35327], networkLocation: /default-rack, certSerialId: null, persistedOpState: IN_SERVICE, persistedOpStateExpiryEpochSec: 0}fa5dce8c-80cb-4c43-9e0a-2a910fa20985{ip: 10.1.1.21, host: fv-az204-790.d0ggoinxmwcejgojbuqly40l0e.cx.internal.cloudapp.net, ports: [REPLICATION=37109, RATIS=40407, RATIS_ADMIN=40407, RATIS_SERVER=40407, STANDALONE=41339], networkLocation: /default-rack, certSerialId: null, persistedOpState: IN_SERVICE, persistedOpStateExpiryEpochSec: 0}9e9c1c6a-451f-46d5-9738-b004dc1aedb2{ip: 10.1.1.21, host: fv-az204-790.d0ggoinxmwcejgojbuqly40l0e.cx.internal.cloudapp.net, ports: [REPLICATION=44767, RATIS=38097, RATIS_ADMIN=38097, RATIS_SERVER=38097, STANDALONE=34747], networkLocation: /default-rack, certSerialId: null, persistedOpState: IN_SERVICE, persistedOpStateExpiryEpochSec: 0}, ReplicationConfig: RATIS/THREE, State:ALLOCATED, leaderId:fa5dce8c-80cb-4c43-9e0a-2a910fa20985, CreationTimestamp2022-09-28T09:58:39.674Z[Etc/UTC]] moved to OPEN state
2022-09-28 09:58:57,350 [EventQueue-OpenPipelineForHealthyPipelineSafeModeRule] INFO  safemode.SCMSafeModeManager (HealthyPipelineSafeModeRule.java:process(137)) - SCM in safe mode. Healthy pipelines reported count is 1, required healthy pipeline reported count is 1
2022-09-28 09:58:57,350 [EventQueue-OpenPipelineForHealthyPipelineSafeModeRule] INFO  safemode.SCMSafeModeManager (SCMSafeModeManager.java:validateSafeModeExitRules(204)) - HealthyPipelineSafeModeRule rule is successfully validated
2022-09-28 09:58:57,350 [EventQueue-OpenPipelineForHealthyPipelineSafeModeRule] INFO  safemode.SCMSafeModeManager (SCMSafeModeManager.java:validateSafeModeExitRules(219)) - ScmSafeModeManager, all rules are successfully validated
2022-09-28 09:58:57,350 [EventQueue-OpenPipelineForHealthyPipelineSafeModeRule] INFO  safemode.SCMSafeModeManager (SCMSafeModeManager.java:exitSafeMode(248)) - SCM exiting safe mode.
2022-09-28 09:58:57,350 [EventQueue-OpenPipelineForHealthyPipelineSafeModeRule] WARN  events.EventQueue (EventQueue.java:fireEvent(216)) - No event handler registered for event TypedEvent{payloadType=SafeModeStatus, name='Safe mode status'}
2022-09-28 09:58:57,350 [EventQueue-OpenPipelineForHealthyPipelineSafeModeRule] INFO  ha.SCMContext (SCMContext.java:updateSafeModeStatus(228)) - Update SafeModeStatus from SafeModeStatus{safeModeStatus=true, preCheckPassed=true} to SafeModeStatus{safeModeStatus=false, preCheckPassed=true}.
2022-09-28 09:58:57,350 [EventQueue-OpenPipelineForHealthyPipelineSafeModeRule] INFO  pipeline.BackgroundPipelineCreator (BackgroundPipelineCreator.java:notifyStatusChanged(254)) - Service BackgroundPipelineCreator transitions to RUNNING.
2022-09-28 09:58:57,350 [EventQueue-OpenPipelineForHealthyPipelineSafeModeRule] INFO  BackgroundPipelineScrubber (BackgroundSCMService.java:notifyStatusChanged(82)) - Service BackgroundPipelineScrubber transitions to RUNNING.
2022-09-28 09:58:57,350 [EventQueue-OpenPipelineForHealthyPipelineSafeModeRule] INFO  ExpiredContainerReplicaOpScrubber (BackgroundSCMService.java:notifyStatusChanged(82)) - Service ExpiredContainerReplicaOpScrubber transitions to RUNNING.
2022-09-28 09:58:57,350 [EventQueue-OpenPipelineForHealthyPipelineSafeModeRule] INFO  replication.ReplicationManager (ReplicationManager.java:notifyStatusChanged(726)) - Service ReplicationManager transitions to RUNNING.
2022-09-28 09:58:57,350 [EventQueue-OpenPipelineForHealthyPipelineSafeModeRule] WARN  balancer.ContainerBalancer (ContainerBalancer.java:shouldRun(936)) - Could not find persisted configuration for ContainerBalancer when checking if ContainerBalancer should run. ContainerBalancer should not run now.
2022-09-28 09:58:57,351 [fa5dce8c-80cb-4c43-9e0a-2a910fa20985@group-381876C73B41-SegmentedRaftLogWorker] INFO  segmented.SegmentedRaftLogWorker (SegmentedRaftLogWorker.java:execute(629)) - fa5dce8c-80cb-4c43-9e0a-2a910fa20985@group-381876C73B41-SegmentedRaftLogWorker: created new log segment /home/runner/work/ozone/ozone/hadoop-ozone/integration-test/target/test-dir/MiniOzoneClusterImpl-010780ea-650b-44a2-9cb2-deec812f3cdf/datanode-2/data/ratis/762c2707-515e-4df9-a84e-381876c73b41/current/log_inprogress_0
2022-09-28 09:58:57,380 [fa5dce8c-80cb-4c43-9e0a-2a910fa20985@group-381876C73B41-LeaderElection51] INFO  server.RaftServer$Division (ServerState.java:setRaftConf(393)) - fa5dce8c-80cb-4c43-9e0a-2a910fa20985@group-381876C73B41: set configuration 0: [fa5dce8c-80cb-4c43-9e0a-2a910fa20985|rpc:10.1.1.21:40407|dataStream:|priority:1, 9e9c1c6a-451f-46d5-9738-b004dc1aedb2|rpc:10.1.1.21:38097|dataStream:|priority:0, 80fc50c2-999b-4282-ba04-29b80da548ab|rpc:10.1.1.21:45007|dataStream:|priority:0], old=null
2022-09-28 09:58:57,421 [9e9c1c6a-451f-46d5-9738-b004dc1aedb2-server-thread1] INFO  ratis.XceiverServerRatis (XceiverServerRatis.java:handleLeaderChangedNotification(863)) - Leader change notification received for group: group-381876C73B41 with new leaderId: fa5dce8c-80cb-4c43-9e0a-2a910fa20985
2022-09-28 09:58:57,421 [9e9c1c6a-451f-46d5-9738-b004dc1aedb2-server-thread1] INFO  server.RaftServer$Division (ServerState.java:setLeader(287)) - 9e9c1c6a-451f-46d5-9738-b004dc1aedb2@group-381876C73B41: change Leader from null to fa5dce8c-80cb-4c43-9e0a-2a910fa20985 at term 3 for appendEntries, leader elected after 16019ms
2022-09-28 09:58:57,421 [80fc50c2-999b-4282-ba04-29b80da548ab-server-thread1] INFO  ratis.XceiverServerRatis (XceiverServerRatis.java:handleLeaderChangedNotification(863)) - Leader change notification received for group: group-381876C73B41 with new leaderId: fa5dce8c-80cb-4c43-9e0a-2a910fa20985
2022-09-28 09:58:57,421 [80fc50c2-999b-4282-ba04-29b80da548ab-server-thread1] INFO  server.RaftServer$Division (ServerState.java:setLeader(287)) - 80fc50c2-999b-4282-ba04-29b80da548ab@group-381876C73B41: change Leader from null to fa5dce8c-80cb-4c43-9e0a-2a910fa20985 at term 3 for appendEntries, leader elected after 15899ms
2022-09-28 09:58:57,433 [9e9c1c6a-451f-46d5-9738-b004dc1aedb2-server-thread1] INFO  server.RaftServer$Division (ServerState.java:setRaftConf(393)) - 9e9c1c6a-451f-46d5-9738-b004dc1aedb2@group-381876C73B41: set configuration 0: [fa5dce8c-80cb-4c43-9e0a-2a910fa20985|rpc:10.1.1.21:40407|dataStream:|priority:1, 9e9c1c6a-451f-46d5-9738-b004dc1aedb2|rpc:10.1.1.21:38097|dataStream:|priority:0, 80fc50c2-999b-4282-ba04-29b80da548ab|rpc:10.1.1.21:45007|dataStream:|priority:0], old=null
2022-09-28 09:58:57,433 [9e9c1c6a-451f-46d5-9738-b004dc1aedb2-server-thread1] INFO  segmented.SegmentedRaftLogWorker (SegmentedRaftLogWorker.java:startLogSegment(425)) - 9e9c1c6a-451f-46d5-9738-b004dc1aedb2@group-381876C73B41-SegmentedRaftLogWorker: Starting segment from index:0
2022-09-28 09:58:57,445 [80fc50c2-999b-4282-ba04-29b80da548ab-server-thread1] INFO  server.RaftServer$Division (ServerState.java:setRaftConf(393)) - 80fc50c2-999b-4282-ba04-29b80da548ab@group-381876C73B41: set configuration 0: [fa5dce8c-80cb-4c43-9e0a-2a910fa20985|rpc:10.1.1.21:40407|dataStream:|priority:1, 9e9c1c6a-451f-46d5-9738-b004dc1aedb2|rpc:10.1.1.21:38097|dataStream:|priority:0, 80fc50c2-999b-4282-ba04-29b80da548ab|rpc:10.1.1.21:45007|dataStream:|priority:0], old=null
2022-09-28 09:58:57,445 [80fc50c2-999b-4282-ba04-29b80da548ab-server-thread1] INFO  segmented.SegmentedRaftLogWorker (SegmentedRaftLogWorker.java:startLogSegment(425)) - 80fc50c2-999b-4282-ba04-29b80da548ab@group-381876C73B41-SegmentedRaftLogWorker: Starting segment from index:0
2022-09-28 09:58:57,447 [80fc50c2-999b-4282-ba04-29b80da548ab@group-381876C73B41-SegmentedRaftLogWorker] INFO  segmented.SegmentedRaftLogWorker (SegmentedRaftLogWorker.java:execute(629)) - 80fc50c2-999b-4282-ba04-29b80da548ab@group-381876C73B41-SegmentedRaftLogWorker: created new log segment /home/runner/work/ozone/ozone/hadoop-ozone/integration-test/target/test-dir/MiniOzoneClusterImpl-010780ea-650b-44a2-9cb2-deec812f3cdf/datanode-0/data/ratis/762c2707-515e-4df9-a84e-381876c73b41/current/log_inprogress_0
2022-09-28 09:58:57,469 [9e9c1c6a-451f-46d5-9738-b004dc1aedb2@group-381876C73B41-SegmentedRaftLogWorker] INFO  segmented.SegmentedRaftLogWorker (SegmentedRaftLogWorker.java:execute(629)) - 9e9c1c6a-451f-46d5-9738-b004dc1aedb2@group-381876C73B41-SegmentedRaftLogWorker: created new log segment /home/runner/work/ozone/ozone/hadoop-ozone/integration-test/target/test-dir/MiniOzoneClusterImpl-010780ea-650b-44a2-9cb2-deec812f3cdf/datanode-1/data/ratis/762c2707-515e-4df9-a84e-381876c73b41/current/log_inprogress_0
2022-09-28 09:58:58,049 [Listener at 127.0.0.1/38925] INFO  ozone.MiniOzoneClusterImpl (MiniOzoneClusterImpl.java:lambda$waitForClusterToBeReady$0(216)) - Nodes are ready. Got 5 of 5 DN Heartbeats.
2022-09-28 09:58:58,049 [Listener at 127.0.0.1/38925] INFO  ozone.MiniOzoneClusterImpl (MiniOzoneClusterImpl.java:lambda$waitForClusterToBeReady$0(219)) - Cluster exits safe mode
2022-09-28 09:58:58,049 [Listener at 127.0.0.1/38925] INFO  ozone.MiniOzoneClusterImpl (MiniOzoneClusterImpl.java:lambda$waitForClusterToBeReady$0(221)) - SCM became leader
2022-09-28 09:58:58,395 [Listener at 127.0.0.1/38925] INFO  rpc.RpcClient (RpcClient.java:createVolume(471)) - Creating Volume: volume75139, with user73003 as owner and space quota set to -1 bytes, counts quota set to -1
2022-09-28 09:58:58,396 [IPC Server handler 2 on default port 38925] INFO  volume.OMVolumeCreateRequest (OMVolumeCreateRequest.java:validateAndUpdateCache(195)) - created volume:volume75139 for user:user73003
2022-09-28 09:58:58,399 [Listener at 127.0.0.1/38925] INFO  rpc.RpcClient (RpcClient.java:createBucket(674)) - Creating Bucket: volume75139/bucket52642, with bucket layout LEGACY, runner as owner, Versioning false, Storage Type set to DISK and Encryption set to false 
2022-09-28 09:58:58,402 [IPC Server handler 0 on default port 38925] INFO  bucket.OMBucketCreateRequest (OMBucketCreateRequest.java:validateAndUpdateCache(260)) - created bucket: bucket52642 of layout LEGACY in volume: volume75139
]]></system-out>
  </testcase>
  <testcase name="testSeekOnFileLength" classname="TestOzoneFileSystem" time="0.756">
    <system-out><![CDATA[2022-09-28 09:54:16,106 [4506141d-17d3-4eb5-a98c-bf02fab83d7c@group-D24936401058-FollowerState] INFO  impl.FollowerState (FollowerState.java:run(143)) - 4506141d-17d3-4eb5-a98c-bf02fab83d7c@group-D24936401058-FollowerState: change to CANDIDATE, lastRpcElapsedTime:5050584541ns, electionTimeout:5049ms
2022-09-28 09:54:16,106 [4506141d-17d3-4eb5-a98c-bf02fab83d7c@group-D24936401058-FollowerState] INFO  impl.RoleInfo (RoleInfo.java:shutdownFollowerState(110)) - 4506141d-17d3-4eb5-a98c-bf02fab83d7c: shutdown 4506141d-17d3-4eb5-a98c-bf02fab83d7c@group-D24936401058-FollowerState
2022-09-28 09:54:16,106 [4506141d-17d3-4eb5-a98c-bf02fab83d7c@group-D24936401058-FollowerState] INFO  server.RaftServer$Division (RaftServerImpl.java:setRole(299)) - 4506141d-17d3-4eb5-a98c-bf02fab83d7c@group-D24936401058: changes role from  FOLLOWER to CANDIDATE at term 0 for changeToCandidate
2022-09-28 09:54:16,106 [4506141d-17d3-4eb5-a98c-bf02fab83d7c@group-D24936401058-FollowerState] INFO  server.RaftServerConfigKeys (ConfUtils.java:logGet(46)) - raft.server.leaderelection.pre-vote = false (custom)
2022-09-28 09:54:16,106 [4506141d-17d3-4eb5-a98c-bf02fab83d7c@group-D24936401058-FollowerState] INFO  impl.RoleInfo (RoleInfo.java:updateAndGet(139)) - 4506141d-17d3-4eb5-a98c-bf02fab83d7c: start 4506141d-17d3-4eb5-a98c-bf02fab83d7c@group-D24936401058-LeaderElection8
2022-09-28 09:54:16,114 [4506141d-17d3-4eb5-a98c-bf02fab83d7c@group-D24936401058-LeaderElection8] INFO  impl.LeaderElection (LeaderElection.java:askForVotes(310)) - 4506141d-17d3-4eb5-a98c-bf02fab83d7c@group-D24936401058-LeaderElection8 ELECTION round 0: submit vote requests at term 1 for -1: [4506141d-17d3-4eb5-a98c-bf02fab83d7c|rpc:10.1.1.21:41277|priority:1], old=null
2022-09-28 09:54:16,114 [4506141d-17d3-4eb5-a98c-bf02fab83d7c@group-D24936401058-LeaderElection8] INFO  impl.LeaderElection (LeaderElection.java:askForVotes(312)) - 4506141d-17d3-4eb5-a98c-bf02fab83d7c@group-D24936401058-LeaderElection8 ELECTION round 0: result PASSED (term=1)
2022-09-28 09:54:16,115 [4506141d-17d3-4eb5-a98c-bf02fab83d7c@group-D24936401058-LeaderElection8] INFO  impl.RoleInfo (RoleInfo.java:shutdownLeaderElection(130)) - 4506141d-17d3-4eb5-a98c-bf02fab83d7c: shutdown 4506141d-17d3-4eb5-a98c-bf02fab83d7c@group-D24936401058-LeaderElection8
2022-09-28 09:54:16,115 [4506141d-17d3-4eb5-a98c-bf02fab83d7c@group-D24936401058-LeaderElection8] INFO  server.RaftServer$Division (RaftServerImpl.java:setRole(299)) - 4506141d-17d3-4eb5-a98c-bf02fab83d7c@group-D24936401058: changes role from CANDIDATE to LEADER at term 1 for changeToLeader
2022-09-28 09:54:16,115 [4506141d-17d3-4eb5-a98c-bf02fab83d7c@group-D24936401058-LeaderElection8] INFO  ratis.XceiverServerRatis (XceiverServerRatis.java:handleLeaderChangedNotification(863)) - Leader change notification received for group: group-D24936401058 with new leaderId: 4506141d-17d3-4eb5-a98c-bf02fab83d7c
2022-09-28 09:54:16,115 [4506141d-17d3-4eb5-a98c-bf02fab83d7c@group-D24936401058-LeaderElection8] INFO  server.RaftServer$Division (ServerState.java:setLeader(287)) - 4506141d-17d3-4eb5-a98c-bf02fab83d7c@group-D24936401058: change Leader from null to 4506141d-17d3-4eb5-a98c-bf02fab83d7c at term 1 for becomeLeader, leader elected after 5066ms
2022-09-28 09:54:16,115 [4506141d-17d3-4eb5-a98c-bf02fab83d7c@group-D24936401058-LeaderElection8] INFO  server.RaftServerConfigKeys (ConfUtils.java:logGet(46)) - raft.server.staging.catchup.gap = 1000 (default)
2022-09-28 09:54:16,115 [4506141d-17d3-4eb5-a98c-bf02fab83d7c@group-D24936401058-LeaderElection8] INFO  server.RaftServerConfigKeys (ConfUtils.java:logGet(46)) - raft.server.write.element-limit = 1024 (custom)
2022-09-28 09:54:16,115 [4506141d-17d3-4eb5-a98c-bf02fab83d7c@group-D24936401058-LeaderElection8] INFO  server.RaftServerConfigKeys (ConfUtils.java:logGet(46)) - raft.server.write.byte-limit = 1024 M (=1073741824) (custom)
2022-09-28 09:54:16,115 [4506141d-17d3-4eb5-a98c-bf02fab83d7c@group-D24936401058-LeaderElection8] INFO  server.RaftServerConfigKeys (ConfUtils.java:logGet(46)) - raft.server.watch.timeout = 180s (custom)
2022-09-28 09:54:16,115 [4506141d-17d3-4eb5-a98c-bf02fab83d7c@group-D24936401058-LeaderElection8] INFO  server.RaftServerConfigKeys (ConfUtils.java:logGet(46)) - raft.server.watch.timeout.denomination = 1s (default)
2022-09-28 09:54:16,116 [4506141d-17d3-4eb5-a98c-bf02fab83d7c@group-D24936401058-LeaderElection8] INFO  server.RaftServerConfigKeys (ConfUtils.java:logGet(46)) - raft.server.watch.element-limit = 65536 (default)
2022-09-28 09:54:16,116 [4506141d-17d3-4eb5-a98c-bf02fab83d7c@group-D24936401058-LeaderElection8] INFO  server.RaftServerConfigKeys (ConfUtils.java:logGet(46)) - raft.server.write.element-limit = 1024 (custom)
2022-09-28 09:54:16,116 [4506141d-17d3-4eb5-a98c-bf02fab83d7c@group-D24936401058-LeaderElection8] INFO  server.RaftServerConfigKeys (ConfUtils.java:logGet(46)) - raft.server.write.follower.gap.ratio.max = -1.0 (default)
2022-09-28 09:54:16,116 [4506141d-17d3-4eb5-a98c-bf02fab83d7c@group-D24936401058-LeaderElection8] INFO  impl.RoleInfo (RoleInfo.java:updateAndGet(139)) - 4506141d-17d3-4eb5-a98c-bf02fab83d7c: start 4506141d-17d3-4eb5-a98c-bf02fab83d7c@group-D24936401058-LeaderStateImpl
2022-09-28 09:54:16,116 [4506141d-17d3-4eb5-a98c-bf02fab83d7c@group-D24936401058-LeaderElection8] INFO  segmented.SegmentedRaftLogWorker (SegmentedRaftLogWorker.java:startLogSegment(425)) - 4506141d-17d3-4eb5-a98c-bf02fab83d7c@group-D24936401058-SegmentedRaftLogWorker: Starting segment from index:0
2022-09-28 09:54:16,121 [4506141d-17d3-4eb5-a98c-bf02fab83d7c@group-D24936401058-LeaderElection8] INFO  server.RaftServer$Division (ServerState.java:setRaftConf(393)) - 4506141d-17d3-4eb5-a98c-bf02fab83d7c@group-D24936401058: set configuration 0: [4506141d-17d3-4eb5-a98c-bf02fab83d7c|rpc:10.1.1.21:41277|dataStream:|priority:1], old=null
2022-09-28 09:54:16,121 [4506141d-17d3-4eb5-a98c-bf02fab83d7c@group-D24936401058-SegmentedRaftLogWorker] INFO  segmented.SegmentedRaftLogWorker (SegmentedRaftLogWorker.java:execute(629)) - 4506141d-17d3-4eb5-a98c-bf02fab83d7c@group-D24936401058-SegmentedRaftLogWorker: created new log segment /home/runner/work/ozone/ozone/hadoop-ozone/integration-test/target/test-dir/MiniOzoneClusterImpl-f38c25ab-2440-4177-af3f-c722ecf984ff/datanode-3/data/ratis/e7430f40-cd18-4b7b-8d31-d24936401058/current/log_inprogress_0
2022-09-28 09:54:16,153 [IPC Server handler 0 on default port 46299] INFO  ha.SequenceIdGenerator (SequenceIdGenerator.java:getNextId(128)) - Allocate a batch for containerId, change lastId from 0 to 1000.
2022-09-28 09:54:16,161 [IPC Server handler 0 on default port 46299] WARN  ha.SequenceIdGenerator (SequenceIdGenerator.java:allocateBatch(237)) - Failed to allocate a batch for localId, expected lastId is 0, actual lastId is 109611004723200000.
2022-09-28 09:54:16,161 [IPC Server handler 0 on default port 46299] INFO  ha.SequenceIdGenerator (SequenceIdGenerator.java:getNextId(128)) - Allocate a batch for localId, change lastId from 109611004723200000 to 109611004723201000.
2022-09-28 09:54:16,248 [Time-limited test] INFO  impl.MetricsSystemImpl (MetricsSystemImpl.java:init(158)) - XceiverClientMetrics metrics system started (again)
2022-09-28 09:54:16,375 [73e45c1e-2154-45e4-89cc-96be25ad3181@group-D189CB95ABD8-FollowerState] INFO  impl.FollowerState (FollowerState.java:run(143)) - 73e45c1e-2154-45e4-89cc-96be25ad3181@group-D189CB95ABD8-FollowerState: change to CANDIDATE, lastRpcElapsedTime:5002293945ns, electionTimeout:5002ms
2022-09-28 09:54:16,375 [73e45c1e-2154-45e4-89cc-96be25ad3181@group-D189CB95ABD8-FollowerState] INFO  impl.RoleInfo (RoleInfo.java:shutdownFollowerState(110)) - 73e45c1e-2154-45e4-89cc-96be25ad3181: shutdown 73e45c1e-2154-45e4-89cc-96be25ad3181@group-D189CB95ABD8-FollowerState
2022-09-28 09:54:16,375 [73e45c1e-2154-45e4-89cc-96be25ad3181@group-D189CB95ABD8-FollowerState] INFO  server.RaftServer$Division (RaftServerImpl.java:setRole(299)) - 73e45c1e-2154-45e4-89cc-96be25ad3181@group-D189CB95ABD8: changes role from  FOLLOWER to CANDIDATE at term 0 for changeToCandidate
2022-09-28 09:54:16,375 [73e45c1e-2154-45e4-89cc-96be25ad3181@group-D189CB95ABD8-FollowerState] INFO  server.RaftServerConfigKeys (ConfUtils.java:logGet(46)) - raft.server.leaderelection.pre-vote = false (custom)
2022-09-28 09:54:16,375 [73e45c1e-2154-45e4-89cc-96be25ad3181@group-D189CB95ABD8-FollowerState] INFO  impl.RoleInfo (RoleInfo.java:updateAndGet(139)) - 73e45c1e-2154-45e4-89cc-96be25ad3181: start 73e45c1e-2154-45e4-89cc-96be25ad3181@group-D189CB95ABD8-LeaderElection9
2022-09-28 09:54:16,398 [73e45c1e-2154-45e4-89cc-96be25ad3181@group-D189CB95ABD8-LeaderElection9] INFO  impl.LeaderElection (LeaderElection.java:askForVotes(310)) - 73e45c1e-2154-45e4-89cc-96be25ad3181@group-D189CB95ABD8-LeaderElection9 ELECTION round 0: submit vote requests at term 1 for -1: [73e45c1e-2154-45e4-89cc-96be25ad3181|rpc:10.1.1.21:33171|priority:1], old=null
2022-09-28 09:54:16,398 [73e45c1e-2154-45e4-89cc-96be25ad3181@group-D189CB95ABD8-LeaderElection9] INFO  impl.LeaderElection (LeaderElection.java:askForVotes(312)) - 73e45c1e-2154-45e4-89cc-96be25ad3181@group-D189CB95ABD8-LeaderElection9 ELECTION round 0: result PASSED (term=1)
2022-09-28 09:54:16,398 [73e45c1e-2154-45e4-89cc-96be25ad3181@group-D189CB95ABD8-LeaderElection9] INFO  impl.RoleInfo (RoleInfo.java:shutdownLeaderElection(130)) - 73e45c1e-2154-45e4-89cc-96be25ad3181: shutdown 73e45c1e-2154-45e4-89cc-96be25ad3181@group-D189CB95ABD8-LeaderElection9
2022-09-28 09:54:16,398 [73e45c1e-2154-45e4-89cc-96be25ad3181@group-D189CB95ABD8-LeaderElection9] INFO  server.RaftServer$Division (RaftServerImpl.java:setRole(299)) - 73e45c1e-2154-45e4-89cc-96be25ad3181@group-D189CB95ABD8: changes role from CANDIDATE to LEADER at term 1 for changeToLeader
2022-09-28 09:54:16,398 [73e45c1e-2154-45e4-89cc-96be25ad3181@group-D189CB95ABD8-LeaderElection9] INFO  ratis.XceiverServerRatis (XceiverServerRatis.java:handleLeaderChangedNotification(863)) - Leader change notification received for group: group-D189CB95ABD8 with new leaderId: 73e45c1e-2154-45e4-89cc-96be25ad3181
2022-09-28 09:54:16,398 [73e45c1e-2154-45e4-89cc-96be25ad3181@group-D189CB95ABD8-LeaderElection9] INFO  server.RaftServer$Division (ServerState.java:setLeader(287)) - 73e45c1e-2154-45e4-89cc-96be25ad3181@group-D189CB95ABD8: change Leader from null to 73e45c1e-2154-45e4-89cc-96be25ad3181 at term 1 for becomeLeader, leader elected after 5030ms
2022-09-28 09:54:16,412 [73e45c1e-2154-45e4-89cc-96be25ad3181@group-D189CB95ABD8-LeaderElection9] INFO  server.RaftServerConfigKeys (ConfUtils.java:logGet(46)) - raft.server.staging.catchup.gap = 1000 (default)
2022-09-28 09:54:16,412 [73e45c1e-2154-45e4-89cc-96be25ad3181@group-D189CB95ABD8-LeaderElection9] INFO  server.RaftServerConfigKeys (ConfUtils.java:logGet(46)) - raft.server.write.element-limit = 1024 (custom)
2022-09-28 09:54:16,413 [73e45c1e-2154-45e4-89cc-96be25ad3181@group-D189CB95ABD8-LeaderElection9] INFO  server.RaftServerConfigKeys (ConfUtils.java:logGet(46)) - raft.server.write.byte-limit = 1024 M (=1073741824) (custom)
2022-09-28 09:54:16,413 [73e45c1e-2154-45e4-89cc-96be25ad3181@group-D189CB95ABD8-LeaderElection9] INFO  server.RaftServerConfigKeys (ConfUtils.java:logGet(46)) - raft.server.watch.timeout = 180s (custom)
2022-09-28 09:54:16,413 [73e45c1e-2154-45e4-89cc-96be25ad3181@group-D189CB95ABD8-LeaderElection9] INFO  server.RaftServerConfigKeys (ConfUtils.java:logGet(46)) - raft.server.watch.timeout.denomination = 1s (default)
2022-09-28 09:54:16,413 [73e45c1e-2154-45e4-89cc-96be25ad3181@group-D189CB95ABD8-LeaderElection9] INFO  server.RaftServerConfigKeys (ConfUtils.java:logGet(46)) - raft.server.watch.element-limit = 65536 (default)
2022-09-28 09:54:16,413 [73e45c1e-2154-45e4-89cc-96be25ad3181@group-D189CB95ABD8-LeaderElection9] INFO  server.RaftServerConfigKeys (ConfUtils.java:logGet(46)) - raft.server.write.element-limit = 1024 (custom)
2022-09-28 09:54:16,413 [73e45c1e-2154-45e4-89cc-96be25ad3181@group-D189CB95ABD8-LeaderElection9] INFO  server.RaftServerConfigKeys (ConfUtils.java:logGet(46)) - raft.server.write.follower.gap.ratio.max = -1.0 (default)
2022-09-28 09:54:16,413 [73e45c1e-2154-45e4-89cc-96be25ad3181@group-D189CB95ABD8-LeaderElection9] INFO  impl.RoleInfo (RoleInfo.java:updateAndGet(139)) - 73e45c1e-2154-45e4-89cc-96be25ad3181: start 73e45c1e-2154-45e4-89cc-96be25ad3181@group-D189CB95ABD8-LeaderStateImpl
2022-09-28 09:54:16,413 [73e45c1e-2154-45e4-89cc-96be25ad3181@group-D189CB95ABD8-LeaderElection9] INFO  segmented.SegmentedRaftLogWorker (SegmentedRaftLogWorker.java:startLogSegment(425)) - 73e45c1e-2154-45e4-89cc-96be25ad3181@group-D189CB95ABD8-SegmentedRaftLogWorker: Starting segment from index:0
2022-09-28 09:54:16,414 [73e45c1e-2154-45e4-89cc-96be25ad3181@group-D189CB95ABD8-SegmentedRaftLogWorker] INFO  segmented.SegmentedRaftLogWorker (SegmentedRaftLogWorker.java:execute(629)) - 73e45c1e-2154-45e4-89cc-96be25ad3181@group-D189CB95ABD8-SegmentedRaftLogWorker: created new log segment /home/runner/work/ozone/ozone/hadoop-ozone/integration-test/target/test-dir/MiniOzoneClusterImpl-f38c25ab-2440-4177-af3f-c722ecf984ff/datanode-4/data/ratis/a196fb98-6127-4f4e-ac1d-d189cb95abd8/current/log_inprogress_0
2022-09-28 09:54:16,432 [73e45c1e-2154-45e4-89cc-96be25ad3181@group-D189CB95ABD8-LeaderElection9] INFO  server.RaftServer$Division (ServerState.java:setRaftConf(393)) - 73e45c1e-2154-45e4-89cc-96be25ad3181@group-D189CB95ABD8: set configuration 0: [73e45c1e-2154-45e4-89cc-96be25ad3181|rpc:10.1.1.21:33171|dataStream:|priority:1], old=null
09:54:16.818 [IPC Server handler 3 on default port 33915] ERROR OMAudit - user=runner | ip=127.0.0.1 | op=LOOKUP_FILE {volume=volume02959, bucket=bucket36363, key=file_notexist, dataSize=0, replicationConfig=null} | ret=FAILURE
org.apache.hadoop.ozone.om.exceptions.OMException: Unable to get file status: volume: volume02959 bucket: bucket36363 key: file_notexist
	at org.apache.hadoop.ozone.om.KeyManagerImpl.getOzoneFileStatus(KeyManagerImpl.java:1324) ~[ozone-manager-1.3.0-SNAPSHOT.jar:?]
	at org.apache.hadoop.ozone.om.KeyManagerImpl.lookupFile(KeyManagerImpl.java:1436) ~[ozone-manager-1.3.0-SNAPSHOT.jar:?]
	at org.apache.hadoop.ozone.om.OzoneManager.lookupFile(OzoneManager.java:3544) ~[ozone-manager-1.3.0-SNAPSHOT.jar:?]
	at org.apache.hadoop.ozone.protocolPB.OzoneManagerRequestHandler.lookupFile(OzoneManagerRequestHandler.java:995) ~[ozone-manager-1.3.0-SNAPSHOT.jar:?]
	at org.apache.hadoop.ozone.protocolPB.OzoneManagerRequestHandler.handleReadRequest(OzoneManagerRequestHandler.java:234) ~[ozone-manager-1.3.0-SNAPSHOT.jar:?]
	at org.apache.hadoop.ozone.protocolPB.OzoneManagerProtocolServerSideTranslatorPB.submitReadRequestToOM(OzoneManagerProtocolServerSideTranslatorPB.java:226) ~[ozone-manager-1.3.0-SNAPSHOT.jar:?]
	at org.apache.hadoop.ozone.protocolPB.OzoneManagerProtocolServerSideTranslatorPB.processRequest(OzoneManagerProtocolServerSideTranslatorPB.java:175) ~[ozone-manager-1.3.0-SNAPSHOT.jar:?]
	at org.apache.hadoop.hdds.server.OzoneProtocolMessageDispatcher.processRequest(OzoneProtocolMessageDispatcher.java:87) [hdds-server-framework-1.3.0-SNAPSHOT.jar:?]
	at org.apache.hadoop.ozone.protocolPB.OzoneManagerProtocolServerSideTranslatorPB.submitRequest(OzoneManagerProtocolServerSideTranslatorPB.java:147) [ozone-manager-1.3.0-SNAPSHOT.jar:?]
	at org.apache.hadoop.ozone.protocol.proto.OzoneManagerProtocolProtos$OzoneManagerService$2.callBlockingMethod(OzoneManagerProtocolProtos.java) [ozone-interface-client-1.3.0-SNAPSHOT.jar:?]
	at org.apache.hadoop.ipc.ProtobufRpcEngine$Server.processCall(ProtobufRpcEngine.java:466) [hadoop-common-3.3.1.jar:?]
	at org.apache.hadoop.ipc.ProtobufRpcEngine2$Server$ProtoBufRpcInvoker.call(ProtobufRpcEngine2.java:574) [hadoop-common-3.3.1.jar:?]
	at org.apache.hadoop.ipc.ProtobufRpcEngine2$Server$ProtoBufRpcInvoker.call(ProtobufRpcEngine2.java:552) [hadoop-common-3.3.1.jar:?]
	at org.apache.hadoop.ipc.RPC$Server.call(RPC.java:1093) [hadoop-common-3.3.1.jar:?]
	at org.apache.hadoop.ipc.Server$RpcCall.run(Server.java:1035) [hadoop-common-3.3.1.jar:?]
	at org.apache.hadoop.ipc.Server$RpcCall.run(Server.java:963) [hadoop-common-3.3.1.jar:?]
	at java.security.AccessController.doPrivileged(Native Method) ~[?:1.8.0_345]
	at javax.security.auth.Subject.doAs(Subject.java:422) [?:1.8.0_345]
	at org.apache.hadoop.security.UserGroupInformation.doAs(UserGroupInformation.java:1878) [hadoop-common-3.3.1.jar:?]
	at org.apache.hadoop.ipc.Server$Handler.run(Server.java:2966) [hadoop-common-3.3.1.jar:?]
]]></system-out>
  </testcase>
  <testcase name="testSeekOnFileLength" classname="TestOzoneFileSystem" time="0.473">
    <system-out><![CDATA[2022-09-28 09:55:40,674 [IPC Server handler 0 on default port 39545] INFO  ha.SequenceIdGenerator (SequenceIdGenerator.java:getNextId(128)) - Allocate a batch for containerId, change lastId from 0 to 1000.
2022-09-28 09:55:40,674 [IPC Server handler 0 on default port 39545] WARN  ha.SequenceIdGenerator (SequenceIdGenerator.java:allocateBatch(237)) - Failed to allocate a batch for localId, expected lastId is 0, actual lastId is 109611004723200000.
2022-09-28 09:55:40,675 [IPC Server handler 0 on default port 39545] INFO  ha.SequenceIdGenerator (SequenceIdGenerator.java:getNextId(128)) - Allocate a batch for localId, change lastId from 109611004723200000 to 109611004723201000.
09:55:41.111 [IPC Server handler 16 on default port 43879] ERROR OMAudit - user=runner | ip=127.0.0.1 | op=LOOKUP_FILE {volume=volume99279, bucket=bucket29095, key=file_notexist, dataSize=0, replicationConfig=null} | ret=FAILURE
org.apache.hadoop.ozone.om.exceptions.OMException: Unable to get file status: volume: volume99279 bucket: bucket29095 key: file_notexist
	at org.apache.hadoop.ozone.om.KeyManagerImpl.getOzoneFileStatus(KeyManagerImpl.java:1324) ~[ozone-manager-1.3.0-SNAPSHOT.jar:?]
	at org.apache.hadoop.ozone.om.KeyManagerImpl.lookupFile(KeyManagerImpl.java:1436) ~[ozone-manager-1.3.0-SNAPSHOT.jar:?]
	at org.apache.hadoop.ozone.om.OzoneManager.lookupFile(OzoneManager.java:3544) ~[ozone-manager-1.3.0-SNAPSHOT.jar:?]
	at org.apache.hadoop.ozone.protocolPB.OzoneManagerRequestHandler.lookupFile(OzoneManagerRequestHandler.java:995) ~[ozone-manager-1.3.0-SNAPSHOT.jar:?]
	at org.apache.hadoop.ozone.protocolPB.OzoneManagerRequestHandler.handleReadRequest(OzoneManagerRequestHandler.java:234) ~[ozone-manager-1.3.0-SNAPSHOT.jar:?]
	at org.apache.hadoop.ozone.protocolPB.OzoneManagerProtocolServerSideTranslatorPB.submitRequestDirectlyToOM(OzoneManagerProtocolServerSideTranslatorPB.java:276) ~[ozone-manager-1.3.0-SNAPSHOT.jar:?]
	at org.apache.hadoop.ozone.protocolPB.OzoneManagerProtocolServerSideTranslatorPB.processRequest(OzoneManagerProtocolServerSideTranslatorPB.java:205) ~[ozone-manager-1.3.0-SNAPSHOT.jar:?]
	at org.apache.hadoop.hdds.server.OzoneProtocolMessageDispatcher.processRequest(OzoneProtocolMessageDispatcher.java:87) [hdds-server-framework-1.3.0-SNAPSHOT.jar:?]
	at org.apache.hadoop.ozone.protocolPB.OzoneManagerProtocolServerSideTranslatorPB.submitRequest(OzoneManagerProtocolServerSideTranslatorPB.java:147) [ozone-manager-1.3.0-SNAPSHOT.jar:?]
	at org.apache.hadoop.ozone.protocol.proto.OzoneManagerProtocolProtos$OzoneManagerService$2.callBlockingMethod(OzoneManagerProtocolProtos.java) [ozone-interface-client-1.3.0-SNAPSHOT.jar:?]
	at org.apache.hadoop.ipc.ProtobufRpcEngine$Server.processCall(ProtobufRpcEngine.java:466) [hadoop-common-3.3.1.jar:?]
	at org.apache.hadoop.ipc.ProtobufRpcEngine2$Server$ProtoBufRpcInvoker.call(ProtobufRpcEngine2.java:574) [hadoop-common-3.3.1.jar:?]
	at org.apache.hadoop.ipc.ProtobufRpcEngine2$Server$ProtoBufRpcInvoker.call(ProtobufRpcEngine2.java:552) [hadoop-common-3.3.1.jar:?]
	at org.apache.hadoop.ipc.RPC$Server.call(RPC.java:1093) [hadoop-common-3.3.1.jar:?]
	at org.apache.hadoop.ipc.Server$RpcCall.run(Server.java:1035) [hadoop-common-3.3.1.jar:?]
	at org.apache.hadoop.ipc.Server$RpcCall.run(Server.java:963) [hadoop-common-3.3.1.jar:?]
	at java.security.AccessController.doPrivileged(Native Method) ~[?:1.8.0_345]
	at javax.security.auth.Subject.doAs(Subject.java:422) [?:1.8.0_345]
	at org.apache.hadoop.security.UserGroupInformation.doAs(UserGroupInformation.java:1878) [hadoop-common-3.3.1.jar:?]
	at org.apache.hadoop.ipc.Server$Handler.run(Server.java:2966) [hadoop-common-3.3.1.jar:?]
]]></system-out>
  </testcase>
  <testcase name="testSeekOnFileLength" classname="TestOzoneFileSystem" time="0.69">
    <system-out><![CDATA[2022-09-28 09:57:01,302 [IPC Server handler 0 on default port 33631] INFO  ha.SequenceIdGenerator (SequenceIdGenerator.java:getNextId(128)) - Allocate a batch for containerId, change lastId from 0 to 1000.
2022-09-28 09:57:01,302 [IPC Server handler 0 on default port 33631] WARN  ha.SequenceIdGenerator (SequenceIdGenerator.java:allocateBatch(237)) - Failed to allocate a batch for localId, expected lastId is 0, actual lastId is 109611004723200000.
2022-09-28 09:57:01,302 [IPC Server handler 0 on default port 33631] INFO  ha.SequenceIdGenerator (SequenceIdGenerator.java:getNextId(128)) - Allocate a batch for localId, change lastId from 109611004723200000 to 109611004723201000.
2022-09-28 09:57:01,835 [125338ac-43fd-4d6a-ab02-d24e123888c3@group-3B466E333FBD-FollowerState] INFO  impl.FollowerState (FollowerState.java:run(143)) - 125338ac-43fd-4d6a-ab02-d24e123888c3@group-3B466E333FBD-FollowerState: change to CANDIDATE, lastRpcElapsedTime:5140790734ns, electionTimeout:5135ms
2022-09-28 09:57:01,835 [125338ac-43fd-4d6a-ab02-d24e123888c3@group-3B466E333FBD-FollowerState] INFO  impl.RoleInfo (RoleInfo.java:shutdownFollowerState(110)) - 125338ac-43fd-4d6a-ab02-d24e123888c3: shutdown 125338ac-43fd-4d6a-ab02-d24e123888c3@group-3B466E333FBD-FollowerState
2022-09-28 09:57:01,835 [125338ac-43fd-4d6a-ab02-d24e123888c3@group-3B466E333FBD-FollowerState] INFO  server.RaftServer$Division (RaftServerImpl.java:setRole(299)) - 125338ac-43fd-4d6a-ab02-d24e123888c3@group-3B466E333FBD: changes role from  FOLLOWER to CANDIDATE at term 0 for changeToCandidate
2022-09-28 09:57:01,852 [125338ac-43fd-4d6a-ab02-d24e123888c3@group-3B466E333FBD-FollowerState] INFO  server.RaftServerConfigKeys (ConfUtils.java:logGet(46)) - raft.server.leaderelection.pre-vote = false (custom)
2022-09-28 09:57:01,852 [125338ac-43fd-4d6a-ab02-d24e123888c3@group-3B466E333FBD-FollowerState] INFO  impl.RoleInfo (RoleInfo.java:updateAndGet(139)) - 125338ac-43fd-4d6a-ab02-d24e123888c3: start 125338ac-43fd-4d6a-ab02-d24e123888c3@group-3B466E333FBD-LeaderElection30
2022-09-28 09:57:01,902 [125338ac-43fd-4d6a-ab02-d24e123888c3@group-3B466E333FBD-LeaderElection30] INFO  impl.LeaderElection (LeaderElection.java:askForVotes(310)) - 125338ac-43fd-4d6a-ab02-d24e123888c3@group-3B466E333FBD-LeaderElection30 ELECTION round 0: submit vote requests at term 1 for -1: [125338ac-43fd-4d6a-ab02-d24e123888c3|rpc:10.1.1.21:41005|priority:1], old=null
2022-09-28 09:57:01,902 [125338ac-43fd-4d6a-ab02-d24e123888c3@group-3B466E333FBD-LeaderElection30] INFO  impl.LeaderElection (LeaderElection.java:askForVotes(312)) - 125338ac-43fd-4d6a-ab02-d24e123888c3@group-3B466E333FBD-LeaderElection30 ELECTION round 0: result PASSED (term=1)
2022-09-28 09:57:01,902 [125338ac-43fd-4d6a-ab02-d24e123888c3@group-3B466E333FBD-LeaderElection30] INFO  impl.RoleInfo (RoleInfo.java:shutdownLeaderElection(130)) - 125338ac-43fd-4d6a-ab02-d24e123888c3: shutdown 125338ac-43fd-4d6a-ab02-d24e123888c3@group-3B466E333FBD-LeaderElection30
2022-09-28 09:57:01,917 [125338ac-43fd-4d6a-ab02-d24e123888c3@group-3B466E333FBD-LeaderElection30] INFO  server.RaftServer$Division (RaftServerImpl.java:setRole(299)) - 125338ac-43fd-4d6a-ab02-d24e123888c3@group-3B466E333FBD: changes role from CANDIDATE to LEADER at term 1 for changeToLeader
2022-09-28 09:57:01,917 [125338ac-43fd-4d6a-ab02-d24e123888c3@group-3B466E333FBD-LeaderElection30] INFO  ratis.XceiverServerRatis (XceiverServerRatis.java:handleLeaderChangedNotification(863)) - Leader change notification received for group: group-3B466E333FBD with new leaderId: 125338ac-43fd-4d6a-ab02-d24e123888c3
2022-09-28 09:57:01,917 [125338ac-43fd-4d6a-ab02-d24e123888c3@group-3B466E333FBD-LeaderElection30] INFO  server.RaftServer$Division (ServerState.java:setLeader(287)) - 125338ac-43fd-4d6a-ab02-d24e123888c3@group-3B466E333FBD: change Leader from null to 125338ac-43fd-4d6a-ab02-d24e123888c3 at term 1 for becomeLeader, leader elected after 5236ms
2022-09-28 09:57:01,917 [125338ac-43fd-4d6a-ab02-d24e123888c3@group-3B466E333FBD-LeaderElection30] INFO  server.RaftServerConfigKeys (ConfUtils.java:logGet(46)) - raft.server.staging.catchup.gap = 1000 (default)
2022-09-28 09:57:01,917 [125338ac-43fd-4d6a-ab02-d24e123888c3@group-3B466E333FBD-LeaderElection30] INFO  server.RaftServerConfigKeys (ConfUtils.java:logGet(46)) - raft.server.write.element-limit = 1024 (custom)
2022-09-28 09:57:01,917 [125338ac-43fd-4d6a-ab02-d24e123888c3@group-3B466E333FBD-LeaderElection30] INFO  server.RaftServerConfigKeys (ConfUtils.java:logGet(46)) - raft.server.write.byte-limit = 1024 M (=1073741824) (custom)
2022-09-28 09:57:01,917 [125338ac-43fd-4d6a-ab02-d24e123888c3@group-3B466E333FBD-LeaderElection30] INFO  server.RaftServerConfigKeys (ConfUtils.java:logGet(46)) - raft.server.watch.timeout = 180s (custom)
2022-09-28 09:57:01,917 [125338ac-43fd-4d6a-ab02-d24e123888c3@group-3B466E333FBD-LeaderElection30] INFO  server.RaftServerConfigKeys (ConfUtils.java:logGet(46)) - raft.server.watch.timeout.denomination = 1s (default)
2022-09-28 09:57:01,917 [125338ac-43fd-4d6a-ab02-d24e123888c3@group-3B466E333FBD-LeaderElection30] INFO  server.RaftServerConfigKeys (ConfUtils.java:logGet(46)) - raft.server.watch.element-limit = 65536 (default)
2022-09-28 09:57:01,918 [125338ac-43fd-4d6a-ab02-d24e123888c3@group-3B466E333FBD-LeaderElection30] INFO  server.RaftServerConfigKeys (ConfUtils.java:logGet(46)) - raft.server.write.element-limit = 1024 (custom)
2022-09-28 09:57:01,918 [125338ac-43fd-4d6a-ab02-d24e123888c3@group-3B466E333FBD-LeaderElection30] INFO  server.RaftServerConfigKeys (ConfUtils.java:logGet(46)) - raft.server.write.follower.gap.ratio.max = -1.0 (default)
2022-09-28 09:57:01,918 [125338ac-43fd-4d6a-ab02-d24e123888c3@group-3B466E333FBD-LeaderElection30] INFO  impl.RoleInfo (RoleInfo.java:updateAndGet(139)) - 125338ac-43fd-4d6a-ab02-d24e123888c3: start 125338ac-43fd-4d6a-ab02-d24e123888c3@group-3B466E333FBD-LeaderStateImpl
2022-09-28 09:57:01,918 [125338ac-43fd-4d6a-ab02-d24e123888c3@group-3B466E333FBD-LeaderElection30] INFO  segmented.SegmentedRaftLogWorker (SegmentedRaftLogWorker.java:startLogSegment(425)) - 125338ac-43fd-4d6a-ab02-d24e123888c3@group-3B466E333FBD-SegmentedRaftLogWorker: Starting segment from index:0
2022-09-28 09:57:01,920 [125338ac-43fd-4d6a-ab02-d24e123888c3@group-3B466E333FBD-SegmentedRaftLogWorker] INFO  segmented.SegmentedRaftLogWorker (SegmentedRaftLogWorker.java:execute(629)) - 125338ac-43fd-4d6a-ab02-d24e123888c3@group-3B466E333FBD-SegmentedRaftLogWorker: created new log segment /home/runner/work/ozone/ozone/hadoop-ozone/integration-test/target/test-dir/MiniOzoneClusterImpl-d01a16d6-de90-4827-8502-1257907892ea/datanode-2/data/ratis/e37f2bb2-f2bd-4a14-97db-3b466e333fbd/current/log_inprogress_0
09:57:01.921 [IPC Server handler 3 on default port 44537] ERROR OMAudit - user=runner | ip=127.0.0.1 | op=LOOKUP_FILE {volume=volume16412, bucket=bucket93813, key=file_notexist, dataSize=0, replicationConfig=null} | ret=FAILURE
org.apache.hadoop.ozone.om.exceptions.OMException: Unable to get file status: volume: volume16412 bucket: bucket93813 key: file_notexist
	at org.apache.hadoop.ozone.om.KeyManagerImpl.getOzoneFileStatus(KeyManagerImpl.java:1324) ~[ozone-manager-1.3.0-SNAPSHOT.jar:?]
	at org.apache.hadoop.ozone.om.KeyManagerImpl.lookupFile(KeyManagerImpl.java:1436) ~[ozone-manager-1.3.0-SNAPSHOT.jar:?]
	at org.apache.hadoop.ozone.om.OzoneManager.lookupFile(OzoneManager.java:3544) ~[ozone-manager-1.3.0-SNAPSHOT.jar:?]
	at org.apache.hadoop.ozone.protocolPB.OzoneManagerRequestHandler.lookupFile(OzoneManagerRequestHandler.java:995) ~[ozone-manager-1.3.0-SNAPSHOT.jar:?]
	at org.apache.hadoop.ozone.protocolPB.OzoneManagerRequestHandler.handleReadRequest(OzoneManagerRequestHandler.java:234) ~[ozone-manager-1.3.0-SNAPSHOT.jar:?]
	at org.apache.hadoop.ozone.protocolPB.OzoneManagerProtocolServerSideTranslatorPB.submitReadRequestToOM(OzoneManagerProtocolServerSideTranslatorPB.java:226) ~[ozone-manager-1.3.0-SNAPSHOT.jar:?]
	at org.apache.hadoop.ozone.protocolPB.OzoneManagerProtocolServerSideTranslatorPB.processRequest(OzoneManagerProtocolServerSideTranslatorPB.java:175) ~[ozone-manager-1.3.0-SNAPSHOT.jar:?]
	at org.apache.hadoop.hdds.server.OzoneProtocolMessageDispatcher.processRequest(OzoneProtocolMessageDispatcher.java:87) [hdds-server-framework-1.3.0-SNAPSHOT.jar:?]
	at org.apache.hadoop.ozone.protocolPB.OzoneManagerProtocolServerSideTranslatorPB.submitRequest(OzoneManagerProtocolServerSideTranslatorPB.java:147) [ozone-manager-1.3.0-SNAPSHOT.jar:?]
	at org.apache.hadoop.ozone.protocol.proto.OzoneManagerProtocolProtos$OzoneManagerService$2.callBlockingMethod(OzoneManagerProtocolProtos.java) [ozone-interface-client-1.3.0-SNAPSHOT.jar:?]
	at org.apache.hadoop.ipc.ProtobufRpcEngine$Server.processCall(ProtobufRpcEngine.java:466) [hadoop-common-3.3.1.jar:?]
	at org.apache.hadoop.ipc.ProtobufRpcEngine2$Server$ProtoBufRpcInvoker.call(ProtobufRpcEngine2.java:574) [hadoop-common-3.3.1.jar:?]
	at org.apache.hadoop.ipc.ProtobufRpcEngine2$Server$ProtoBufRpcInvoker.call(ProtobufRpcEngine2.java:552) [hadoop-common-3.3.1.jar:?]
	at org.apache.hadoop.ipc.RPC$Server.call(RPC.java:1093) [hadoop-common-3.3.1.jar:?]
	at org.apache.hadoop.ipc.Server$RpcCall.run(Server.java:1035) [hadoop-common-3.3.1.jar:?]
	at org.apache.hadoop.ipc.Server$RpcCall.run(Server.java:963) [hadoop-common-3.3.1.jar:?]
	at java.security.AccessController.doPrivileged(Native Method) ~[?:1.8.0_345]
	at javax.security.auth.Subject.doAs(Subject.java:422) [?:1.8.0_345]
	at org.apache.hadoop.security.UserGroupInformation.doAs(UserGroupInformation.java:1878) [hadoop-common-3.3.1.jar:?]
	at org.apache.hadoop.ipc.Server$Handler.run(Server.java:2966) [hadoop-common-3.3.1.jar:?]
]]></system-out>
  </testcase>
  <testcase name="testSeekOnFileLength" classname="TestOzoneFileSystem" time="0.862">
    <system-out><![CDATA[2022-09-28 09:58:58,733 [IPC Server handler 0 on default port 40695] INFO  ha.SequenceIdGenerator (SequenceIdGenerator.java:getNextId(128)) - Allocate a batch for containerId, change lastId from 0 to 1000.
2022-09-28 09:58:58,733 [IPC Server handler 0 on default port 40695] WARN  ha.SequenceIdGenerator (SequenceIdGenerator.java:allocateBatch(237)) - Failed to allocate a batch for localId, expected lastId is 0, actual lastId is 109611004723200000.
2022-09-28 09:58:58,733 [IPC Server handler 0 on default port 40695] INFO  ha.SequenceIdGenerator (SequenceIdGenerator.java:getNextId(128)) - Allocate a batch for localId, change lastId from 109611004723200000 to 109611004723201000.
09:58:59.453 [IPC Server handler 7 on default port 38925] ERROR OMAudit - user=runner | ip=127.0.0.1 | op=LOOKUP_FILE {volume=volume75139, bucket=bucket52642, key=file_notexist, dataSize=0, replicationConfig=null} | ret=FAILURE
org.apache.hadoop.ozone.om.exceptions.OMException: Unable to get file status: volume: volume75139 bucket: bucket52642 key: file_notexist
	at org.apache.hadoop.ozone.om.KeyManagerImpl.getOzoneFileStatus(KeyManagerImpl.java:1324) ~[ozone-manager-1.3.0-SNAPSHOT.jar:?]
	at org.apache.hadoop.ozone.om.KeyManagerImpl.lookupFile(KeyManagerImpl.java:1436) ~[ozone-manager-1.3.0-SNAPSHOT.jar:?]
	at org.apache.hadoop.ozone.om.OzoneManager.lookupFile(OzoneManager.java:3544) ~[ozone-manager-1.3.0-SNAPSHOT.jar:?]
	at org.apache.hadoop.ozone.protocolPB.OzoneManagerRequestHandler.lookupFile(OzoneManagerRequestHandler.java:995) ~[ozone-manager-1.3.0-SNAPSHOT.jar:?]
	at org.apache.hadoop.ozone.protocolPB.OzoneManagerRequestHandler.handleReadRequest(OzoneManagerRequestHandler.java:234) ~[ozone-manager-1.3.0-SNAPSHOT.jar:?]
	at org.apache.hadoop.ozone.protocolPB.OzoneManagerProtocolServerSideTranslatorPB.submitRequestDirectlyToOM(OzoneManagerProtocolServerSideTranslatorPB.java:276) ~[ozone-manager-1.3.0-SNAPSHOT.jar:?]
	at org.apache.hadoop.ozone.protocolPB.OzoneManagerProtocolServerSideTranslatorPB.processRequest(OzoneManagerProtocolServerSideTranslatorPB.java:205) ~[ozone-manager-1.3.0-SNAPSHOT.jar:?]
	at org.apache.hadoop.hdds.server.OzoneProtocolMessageDispatcher.processRequest(OzoneProtocolMessageDispatcher.java:87) [hdds-server-framework-1.3.0-SNAPSHOT.jar:?]
	at org.apache.hadoop.ozone.protocolPB.OzoneManagerProtocolServerSideTranslatorPB.submitRequest(OzoneManagerProtocolServerSideTranslatorPB.java:147) [ozone-manager-1.3.0-SNAPSHOT.jar:?]
	at org.apache.hadoop.ozone.protocol.proto.OzoneManagerProtocolProtos$OzoneManagerService$2.callBlockingMethod(OzoneManagerProtocolProtos.java) [ozone-interface-client-1.3.0-SNAPSHOT.jar:?]
	at org.apache.hadoop.ipc.ProtobufRpcEngine$Server.processCall(ProtobufRpcEngine.java:466) [hadoop-common-3.3.1.jar:?]
	at org.apache.hadoop.ipc.ProtobufRpcEngine2$Server$ProtoBufRpcInvoker.call(ProtobufRpcEngine2.java:574) [hadoop-common-3.3.1.jar:?]
	at org.apache.hadoop.ipc.ProtobufRpcEngine2$Server$ProtoBufRpcInvoker.call(ProtobufRpcEngine2.java:552) [hadoop-common-3.3.1.jar:?]
	at org.apache.hadoop.ipc.RPC$Server.call(RPC.java:1093) [hadoop-common-3.3.1.jar:?]
	at org.apache.hadoop.ipc.Server$RpcCall.run(Server.java:1035) [hadoop-common-3.3.1.jar:?]
	at org.apache.hadoop.ipc.Server$RpcCall.run(Server.java:963) [hadoop-common-3.3.1.jar:?]
	at java.security.AccessController.doPrivileged(Native Method) ~[?:1.8.0_345]
	at javax.security.auth.Subject.doAs(Subject.java:422) [?:1.8.0_345]
	at org.apache.hadoop.security.UserGroupInformation.doAs(UserGroupInformation.java:1878) [hadoop-common-3.3.1.jar:?]
	at org.apache.hadoop.ipc.Server$Handler.run(Server.java:2966) [hadoop-common-3.3.1.jar:?]
]]></system-out>
  </testcase>
  <testcase name="testRenameFile" classname="TestOzoneFileSystem" time="0.122">
    <system-out><![CDATA[09:54:16.875 [IPC Server handler 7 on default port 33915] ERROR OMAudit - user=runner | ip=127.0.0.1 | op=GET_FILE_STATUS {volume=volume02959, bucket=bucket36363, key=root/file1, dataSize=0, replicationConfig=null} | ret=FAILURE
org.apache.hadoop.ozone.om.exceptions.OMException: Unable to get file status: volume: volume02959 bucket: bucket36363 key: root/file1
	at org.apache.hadoop.ozone.om.KeyManagerImpl.getOzoneFileStatus(KeyManagerImpl.java:1324) ~[ozone-manager-1.3.0-SNAPSHOT.jar:?]
	at org.apache.hadoop.ozone.om.KeyManagerImpl.getFileStatus(KeyManagerImpl.java:1254) ~[ozone-manager-1.3.0-SNAPSHOT.jar:?]
	at org.apache.hadoop.ozone.om.OzoneManager.getFileStatus(OzoneManager.java:3506) ~[ozone-manager-1.3.0-SNAPSHOT.jar:?]
	at org.apache.hadoop.ozone.protocolPB.OzoneManagerRequestHandler.getOzoneFileStatus(OzoneManagerRequestHandler.java:882) ~[ozone-manager-1.3.0-SNAPSHOT.jar:?]
	at org.apache.hadoop.ozone.protocolPB.OzoneManagerRequestHandler.handleReadRequest(OzoneManagerRequestHandler.java:228) ~[ozone-manager-1.3.0-SNAPSHOT.jar:?]
	at org.apache.hadoop.ozone.protocolPB.OzoneManagerProtocolServerSideTranslatorPB.submitReadRequestToOM(OzoneManagerProtocolServerSideTranslatorPB.java:226) ~[ozone-manager-1.3.0-SNAPSHOT.jar:?]
	at org.apache.hadoop.ozone.protocolPB.OzoneManagerProtocolServerSideTranslatorPB.processRequest(OzoneManagerProtocolServerSideTranslatorPB.java:175) ~[ozone-manager-1.3.0-SNAPSHOT.jar:?]
	at org.apache.hadoop.hdds.server.OzoneProtocolMessageDispatcher.processRequest(OzoneProtocolMessageDispatcher.java:87) [hdds-server-framework-1.3.0-SNAPSHOT.jar:?]
	at org.apache.hadoop.ozone.protocolPB.OzoneManagerProtocolServerSideTranslatorPB.submitRequest(OzoneManagerProtocolServerSideTranslatorPB.java:147) [ozone-manager-1.3.0-SNAPSHOT.jar:?]
	at org.apache.hadoop.ozone.protocol.proto.OzoneManagerProtocolProtos$OzoneManagerService$2.callBlockingMethod(OzoneManagerProtocolProtos.java) [ozone-interface-client-1.3.0-SNAPSHOT.jar:?]
	at org.apache.hadoop.ipc.ProtobufRpcEngine$Server.processCall(ProtobufRpcEngine.java:466) [hadoop-common-3.3.1.jar:?]
	at org.apache.hadoop.ipc.ProtobufRpcEngine2$Server$ProtoBufRpcInvoker.call(ProtobufRpcEngine2.java:574) [hadoop-common-3.3.1.jar:?]
	at org.apache.hadoop.ipc.ProtobufRpcEngine2$Server$ProtoBufRpcInvoker.call(ProtobufRpcEngine2.java:552) [hadoop-common-3.3.1.jar:?]
	at org.apache.hadoop.ipc.RPC$Server.call(RPC.java:1093) [hadoop-common-3.3.1.jar:?]
	at org.apache.hadoop.ipc.Server$RpcCall.run(Server.java:1035) [hadoop-common-3.3.1.jar:?]
	at org.apache.hadoop.ipc.Server$RpcCall.run(Server.java:963) [hadoop-common-3.3.1.jar:?]
	at java.security.AccessController.doPrivileged(Native Method) ~[?:1.8.0_345]
	at javax.security.auth.Subject.doAs(Subject.java:422) [?:1.8.0_345]
	at org.apache.hadoop.security.UserGroupInformation.doAs(UserGroupInformation.java:1878) [hadoop-common-3.3.1.jar:?]
	at org.apache.hadoop.ipc.Server$Handler.run(Server.java:2966) [hadoop-common-3.3.1.jar:?]
2022-09-28 09:54:16,876 [Time-limited test] WARN  ozone.BasicOzoneFileSystem (BasicOzoneFileSystem.java:getFileStatus(765)) - GetFileStatus failed for path o3fs://bucket36363.volume02959/root/file1
java.io.FileNotFoundException: root/file1: No such file or directory!
	at org.apache.hadoop.fs.ozone.BasicOzoneClientAdapterImpl.getFileStatus(BasicOzoneClientAdapterImpl.java:369)
	at org.apache.hadoop.fs.ozone.BasicOzoneFileSystem.getFileStatus(BasicOzoneFileSystem.java:757)
	at org.apache.hadoop.fs.ozone.BasicOzoneFileSystem.rename(BasicOzoneFileSystem.java:357)
	at org.apache.hadoop.fs.ozone.TestOzoneFileSystem.testRenameFile(TestOzoneFileSystem.java:1206)
	at sun.reflect.NativeMethodAccessorImpl.invoke0(Native Method)
	at sun.reflect.NativeMethodAccessorImpl.invoke(NativeMethodAccessorImpl.java:62)
	at sun.reflect.DelegatingMethodAccessorImpl.invoke(DelegatingMethodAccessorImpl.java:43)
	at java.lang.reflect.Method.invoke(Method.java:498)
	at org.junit.runners.model.FrameworkMethod$1.runReflectiveCall(FrameworkMethod.java:59)
	at org.junit.internal.runners.model.ReflectiveCallable.run(ReflectiveCallable.java:12)
	at org.junit.runners.model.FrameworkMethod.invokeExplosively(FrameworkMethod.java:56)
	at org.junit.internal.runners.statements.InvokeMethod.evaluate(InvokeMethod.java:17)
	at org.junit.internal.runners.statements.RunAfters.evaluate(RunAfters.java:27)
	at org.junit.internal.runners.statements.FailOnTimeout$CallableStatement.call(FailOnTimeout.java:288)
	at org.junit.internal.runners.statements.FailOnTimeout$CallableStatement.call(FailOnTimeout.java:282)
	at java.util.concurrent.FutureTask.run(FutureTask.java:266)
	at java.lang.Thread.run(Thread.java:750)
]]></system-out>
  </testcase>
  <testcase name="testRenameFile" classname="TestOzoneFileSystem" time="0.052">
    <system-out><![CDATA[09:55:41.158 [IPC Server handler 1 on default port 43879] ERROR OMAudit - user=runner | ip=127.0.0.1 | op=GET_FILE_STATUS {volume=volume99279, bucket=bucket29095, key=root/file1, dataSize=0, replicationConfig=null} | ret=FAILURE
org.apache.hadoop.ozone.om.exceptions.OMException: Unable to get file status: volume: volume99279 bucket: bucket29095 key: root/file1
	at org.apache.hadoop.ozone.om.KeyManagerImpl.getOzoneFileStatus(KeyManagerImpl.java:1324) ~[ozone-manager-1.3.0-SNAPSHOT.jar:?]
	at org.apache.hadoop.ozone.om.KeyManagerImpl.getFileStatus(KeyManagerImpl.java:1254) ~[ozone-manager-1.3.0-SNAPSHOT.jar:?]
	at org.apache.hadoop.ozone.om.OzoneManager.getFileStatus(OzoneManager.java:3506) ~[ozone-manager-1.3.0-SNAPSHOT.jar:?]
	at org.apache.hadoop.ozone.protocolPB.OzoneManagerRequestHandler.getOzoneFileStatus(OzoneManagerRequestHandler.java:882) ~[ozone-manager-1.3.0-SNAPSHOT.jar:?]
	at org.apache.hadoop.ozone.protocolPB.OzoneManagerRequestHandler.handleReadRequest(OzoneManagerRequestHandler.java:228) ~[ozone-manager-1.3.0-SNAPSHOT.jar:?]
	at org.apache.hadoop.ozone.protocolPB.OzoneManagerProtocolServerSideTranslatorPB.submitRequestDirectlyToOM(OzoneManagerProtocolServerSideTranslatorPB.java:276) ~[ozone-manager-1.3.0-SNAPSHOT.jar:?]
	at org.apache.hadoop.ozone.protocolPB.OzoneManagerProtocolServerSideTranslatorPB.processRequest(OzoneManagerProtocolServerSideTranslatorPB.java:205) ~[ozone-manager-1.3.0-SNAPSHOT.jar:?]
	at org.apache.hadoop.hdds.server.OzoneProtocolMessageDispatcher.processRequest(OzoneProtocolMessageDispatcher.java:87) [hdds-server-framework-1.3.0-SNAPSHOT.jar:?]
	at org.apache.hadoop.ozone.protocolPB.OzoneManagerProtocolServerSideTranslatorPB.submitRequest(OzoneManagerProtocolServerSideTranslatorPB.java:147) [ozone-manager-1.3.0-SNAPSHOT.jar:?]
	at org.apache.hadoop.ozone.protocol.proto.OzoneManagerProtocolProtos$OzoneManagerService$2.callBlockingMethod(OzoneManagerProtocolProtos.java) [ozone-interface-client-1.3.0-SNAPSHOT.jar:?]
	at org.apache.hadoop.ipc.ProtobufRpcEngine$Server.processCall(ProtobufRpcEngine.java:466) [hadoop-common-3.3.1.jar:?]
	at org.apache.hadoop.ipc.ProtobufRpcEngine2$Server$ProtoBufRpcInvoker.call(ProtobufRpcEngine2.java:574) [hadoop-common-3.3.1.jar:?]
	at org.apache.hadoop.ipc.ProtobufRpcEngine2$Server$ProtoBufRpcInvoker.call(ProtobufRpcEngine2.java:552) [hadoop-common-3.3.1.jar:?]
	at org.apache.hadoop.ipc.RPC$Server.call(RPC.java:1093) [hadoop-common-3.3.1.jar:?]
	at org.apache.hadoop.ipc.Server$RpcCall.run(Server.java:1035) [hadoop-common-3.3.1.jar:?]
	at org.apache.hadoop.ipc.Server$RpcCall.run(Server.java:963) [hadoop-common-3.3.1.jar:?]
	at java.security.AccessController.doPrivileged(Native Method) ~[?:1.8.0_345]
	at javax.security.auth.Subject.doAs(Subject.java:422) [?:1.8.0_345]
	at org.apache.hadoop.security.UserGroupInformation.doAs(UserGroupInformation.java:1878) [hadoop-common-3.3.1.jar:?]
	at org.apache.hadoop.ipc.Server$Handler.run(Server.java:2966) [hadoop-common-3.3.1.jar:?]
2022-09-28 09:55:41,158 [Time-limited test] WARN  ozone.BasicOzoneFileSystem (BasicOzoneFileSystem.java:getFileStatus(765)) - GetFileStatus failed for path o3fs://bucket29095.volume99279/root/file1
java.io.FileNotFoundException: root/file1: No such file or directory!
	at org.apache.hadoop.fs.ozone.BasicOzoneClientAdapterImpl.getFileStatus(BasicOzoneClientAdapterImpl.java:369)
	at org.apache.hadoop.fs.ozone.BasicOzoneFileSystem.getFileStatus(BasicOzoneFileSystem.java:757)
	at org.apache.hadoop.fs.ozone.BasicOzoneFileSystem.rename(BasicOzoneFileSystem.java:357)
	at org.apache.hadoop.fs.ozone.TestOzoneFileSystem.testRenameFile(TestOzoneFileSystem.java:1206)
	at sun.reflect.NativeMethodAccessorImpl.invoke0(Native Method)
	at sun.reflect.NativeMethodAccessorImpl.invoke(NativeMethodAccessorImpl.java:62)
	at sun.reflect.DelegatingMethodAccessorImpl.invoke(DelegatingMethodAccessorImpl.java:43)
	at java.lang.reflect.Method.invoke(Method.java:498)
	at org.junit.runners.model.FrameworkMethod$1.runReflectiveCall(FrameworkMethod.java:59)
	at org.junit.internal.runners.model.ReflectiveCallable.run(ReflectiveCallable.java:12)
	at org.junit.runners.model.FrameworkMethod.invokeExplosively(FrameworkMethod.java:56)
	at org.junit.internal.runners.statements.InvokeMethod.evaluate(InvokeMethod.java:17)
	at org.junit.internal.runners.statements.RunAfters.evaluate(RunAfters.java:27)
	at org.junit.internal.runners.statements.FailOnTimeout$CallableStatement.call(FailOnTimeout.java:288)
	at org.junit.internal.runners.statements.FailOnTimeout$CallableStatement.call(FailOnTimeout.java:282)
	at java.util.concurrent.FutureTask.run(FutureTask.java:266)
	at java.lang.Thread.run(Thread.java:750)
]]></system-out>
  </testcase>
  <testcase name="testRenameFile" classname="TestOzoneFileSystem" time="0.055">
    <system-out><![CDATA[2022-09-28 09:57:01,976 [125338ac-43fd-4d6a-ab02-d24e123888c3@group-3B466E333FBD-LeaderElection30] INFO  server.RaftServer$Division (ServerState.java:setRaftConf(393)) - 125338ac-43fd-4d6a-ab02-d24e123888c3@group-3B466E333FBD: set configuration 0: [125338ac-43fd-4d6a-ab02-d24e123888c3|rpc:10.1.1.21:41005|dataStream:|priority:1], old=null
09:57:02.001 [IPC Server handler 14 on default port 44537] ERROR OMAudit - user=runner | ip=127.0.0.1 | op=GET_FILE_STATUS {volume=volume16412, bucket=bucket93813, key=root/file1, dataSize=0, replicationConfig=null} | ret=FAILURE
org.apache.hadoop.ozone.om.exceptions.OMException: Unable to get file status: volume: volume16412 bucket: bucket93813 key: root/file1
	at org.apache.hadoop.ozone.om.KeyManagerImpl.getOzoneFileStatus(KeyManagerImpl.java:1324) ~[ozone-manager-1.3.0-SNAPSHOT.jar:?]
	at org.apache.hadoop.ozone.om.KeyManagerImpl.getFileStatus(KeyManagerImpl.java:1254) ~[ozone-manager-1.3.0-SNAPSHOT.jar:?]
	at org.apache.hadoop.ozone.om.OzoneManager.getFileStatus(OzoneManager.java:3506) ~[ozone-manager-1.3.0-SNAPSHOT.jar:?]
	at org.apache.hadoop.ozone.protocolPB.OzoneManagerRequestHandler.getOzoneFileStatus(OzoneManagerRequestHandler.java:882) ~[ozone-manager-1.3.0-SNAPSHOT.jar:?]
	at org.apache.hadoop.ozone.protocolPB.OzoneManagerRequestHandler.handleReadRequest(OzoneManagerRequestHandler.java:228) ~[ozone-manager-1.3.0-SNAPSHOT.jar:?]
	at org.apache.hadoop.ozone.protocolPB.OzoneManagerProtocolServerSideTranslatorPB.submitReadRequestToOM(OzoneManagerProtocolServerSideTranslatorPB.java:226) ~[ozone-manager-1.3.0-SNAPSHOT.jar:?]
	at org.apache.hadoop.ozone.protocolPB.OzoneManagerProtocolServerSideTranslatorPB.processRequest(OzoneManagerProtocolServerSideTranslatorPB.java:175) ~[ozone-manager-1.3.0-SNAPSHOT.jar:?]
	at org.apache.hadoop.hdds.server.OzoneProtocolMessageDispatcher.processRequest(OzoneProtocolMessageDispatcher.java:87) [hdds-server-framework-1.3.0-SNAPSHOT.jar:?]
	at org.apache.hadoop.ozone.protocolPB.OzoneManagerProtocolServerSideTranslatorPB.submitRequest(OzoneManagerProtocolServerSideTranslatorPB.java:147) [ozone-manager-1.3.0-SNAPSHOT.jar:?]
	at org.apache.hadoop.ozone.protocol.proto.OzoneManagerProtocolProtos$OzoneManagerService$2.callBlockingMethod(OzoneManagerProtocolProtos.java) [ozone-interface-client-1.3.0-SNAPSHOT.jar:?]
	at org.apache.hadoop.ipc.ProtobufRpcEngine$Server.processCall(ProtobufRpcEngine.java:466) [hadoop-common-3.3.1.jar:?]
	at org.apache.hadoop.ipc.ProtobufRpcEngine2$Server$ProtoBufRpcInvoker.call(ProtobufRpcEngine2.java:574) [hadoop-common-3.3.1.jar:?]
	at org.apache.hadoop.ipc.ProtobufRpcEngine2$Server$ProtoBufRpcInvoker.call(ProtobufRpcEngine2.java:552) [hadoop-common-3.3.1.jar:?]
	at org.apache.hadoop.ipc.RPC$Server.call(RPC.java:1093) [hadoop-common-3.3.1.jar:?]
	at org.apache.hadoop.ipc.Server$RpcCall.run(Server.java:1035) [hadoop-common-3.3.1.jar:?]
	at org.apache.hadoop.ipc.Server$RpcCall.run(Server.java:963) [hadoop-common-3.3.1.jar:?]
	at java.security.AccessController.doPrivileged(Native Method) ~[?:1.8.0_345]
	at javax.security.auth.Subject.doAs(Subject.java:422) [?:1.8.0_345]
	at org.apache.hadoop.security.UserGroupInformation.doAs(UserGroupInformation.java:1878) [hadoop-common-3.3.1.jar:?]
	at org.apache.hadoop.ipc.Server$Handler.run(Server.java:2966) [hadoop-common-3.3.1.jar:?]
2022-09-28 09:57:02,001 [Time-limited test] WARN  ozone.BasicOzoneFileSystem (BasicOzoneFileSystem.java:getFileStatus(765)) - GetFileStatus failed for path o3fs://bucket93813.volume16412/root/file1
java.io.FileNotFoundException: root/file1: No such file or directory!
	at org.apache.hadoop.fs.ozone.BasicOzoneClientAdapterImpl.getFileStatus(BasicOzoneClientAdapterImpl.java:369)
	at org.apache.hadoop.fs.ozone.BasicOzoneFileSystem.getFileStatus(BasicOzoneFileSystem.java:757)
	at org.apache.hadoop.fs.ozone.BasicOzoneFileSystem.rename(BasicOzoneFileSystem.java:357)
	at org.apache.hadoop.fs.ozone.TestOzoneFileSystem.testRenameFile(TestOzoneFileSystem.java:1206)
	at sun.reflect.NativeMethodAccessorImpl.invoke0(Native Method)
	at sun.reflect.NativeMethodAccessorImpl.invoke(NativeMethodAccessorImpl.java:62)
	at sun.reflect.DelegatingMethodAccessorImpl.invoke(DelegatingMethodAccessorImpl.java:43)
	at java.lang.reflect.Method.invoke(Method.java:498)
	at org.junit.runners.model.FrameworkMethod$1.runReflectiveCall(FrameworkMethod.java:59)
	at org.junit.internal.runners.model.ReflectiveCallable.run(ReflectiveCallable.java:12)
	at org.junit.runners.model.FrameworkMethod.invokeExplosively(FrameworkMethod.java:56)
	at org.junit.internal.runners.statements.InvokeMethod.evaluate(InvokeMethod.java:17)
	at org.junit.internal.runners.statements.RunAfters.evaluate(RunAfters.java:27)
	at org.junit.internal.runners.statements.FailOnTimeout$CallableStatement.call(FailOnTimeout.java:288)
	at org.junit.internal.runners.statements.FailOnTimeout$CallableStatement.call(FailOnTimeout.java:282)
	at java.util.concurrent.FutureTask.run(FutureTask.java:266)
	at java.lang.Thread.run(Thread.java:750)
]]></system-out>
  </testcase>
  <testcase name="testRenameFile" classname="TestOzoneFileSystem" time="0.108">
    <system-out><![CDATA[09:58:59.552 [IPC Server handler 15 on default port 38925] ERROR OMAudit - user=runner | ip=127.0.0.1 | op=GET_FILE_STATUS {volume=volume75139, bucket=bucket52642, key=root/file1, dataSize=0, replicationConfig=null} | ret=FAILURE
org.apache.hadoop.ozone.om.exceptions.OMException: Unable to get file status: volume: volume75139 bucket: bucket52642 key: root/file1
	at org.apache.hadoop.ozone.om.KeyManagerImpl.getOzoneFileStatus(KeyManagerImpl.java:1324) ~[ozone-manager-1.3.0-SNAPSHOT.jar:?]
	at org.apache.hadoop.ozone.om.KeyManagerImpl.getFileStatus(KeyManagerImpl.java:1254) ~[ozone-manager-1.3.0-SNAPSHOT.jar:?]
	at org.apache.hadoop.ozone.om.OzoneManager.getFileStatus(OzoneManager.java:3506) ~[ozone-manager-1.3.0-SNAPSHOT.jar:?]
	at org.apache.hadoop.ozone.protocolPB.OzoneManagerRequestHandler.getOzoneFileStatus(OzoneManagerRequestHandler.java:882) ~[ozone-manager-1.3.0-SNAPSHOT.jar:?]
	at org.apache.hadoop.ozone.protocolPB.OzoneManagerRequestHandler.handleReadRequest(OzoneManagerRequestHandler.java:228) ~[ozone-manager-1.3.0-SNAPSHOT.jar:?]
	at org.apache.hadoop.ozone.protocolPB.OzoneManagerProtocolServerSideTranslatorPB.submitRequestDirectlyToOM(OzoneManagerProtocolServerSideTranslatorPB.java:276) ~[ozone-manager-1.3.0-SNAPSHOT.jar:?]
	at org.apache.hadoop.ozone.protocolPB.OzoneManagerProtocolServerSideTranslatorPB.processRequest(OzoneManagerProtocolServerSideTranslatorPB.java:205) ~[ozone-manager-1.3.0-SNAPSHOT.jar:?]
	at org.apache.hadoop.hdds.server.OzoneProtocolMessageDispatcher.processRequest(OzoneProtocolMessageDispatcher.java:87) [hdds-server-framework-1.3.0-SNAPSHOT.jar:?]
	at org.apache.hadoop.ozone.protocolPB.OzoneManagerProtocolServerSideTranslatorPB.submitRequest(OzoneManagerProtocolServerSideTranslatorPB.java:147) [ozone-manager-1.3.0-SNAPSHOT.jar:?]
	at org.apache.hadoop.ozone.protocol.proto.OzoneManagerProtocolProtos$OzoneManagerService$2.callBlockingMethod(OzoneManagerProtocolProtos.java) [ozone-interface-client-1.3.0-SNAPSHOT.jar:?]
	at org.apache.hadoop.ipc.ProtobufRpcEngine$Server.processCall(ProtobufRpcEngine.java:466) [hadoop-common-3.3.1.jar:?]
	at org.apache.hadoop.ipc.ProtobufRpcEngine2$Server$ProtoBufRpcInvoker.call(ProtobufRpcEngine2.java:574) [hadoop-common-3.3.1.jar:?]
	at org.apache.hadoop.ipc.ProtobufRpcEngine2$Server$ProtoBufRpcInvoker.call(ProtobufRpcEngine2.java:552) [hadoop-common-3.3.1.jar:?]
	at org.apache.hadoop.ipc.RPC$Server.call(RPC.java:1093) [hadoop-common-3.3.1.jar:?]
	at org.apache.hadoop.ipc.Server$RpcCall.run(Server.java:1035) [hadoop-common-3.3.1.jar:?]
	at org.apache.hadoop.ipc.Server$RpcCall.run(Server.java:963) [hadoop-common-3.3.1.jar:?]
	at java.security.AccessController.doPrivileged(Native Method) ~[?:1.8.0_345]
	at javax.security.auth.Subject.doAs(Subject.java:422) [?:1.8.0_345]
	at org.apache.hadoop.security.UserGroupInformation.doAs(UserGroupInformation.java:1878) [hadoop-common-3.3.1.jar:?]
	at org.apache.hadoop.ipc.Server$Handler.run(Server.java:2966) [hadoop-common-3.3.1.jar:?]
2022-09-28 09:58:59,552 [Time-limited test] WARN  ozone.BasicOzoneFileSystem (BasicOzoneFileSystem.java:getFileStatus(765)) - GetFileStatus failed for path o3fs://bucket52642.volume75139/root/file1
java.io.FileNotFoundException: root/file1: No such file or directory!
	at org.apache.hadoop.fs.ozone.BasicOzoneClientAdapterImpl.getFileStatus(BasicOzoneClientAdapterImpl.java:369)
	at org.apache.hadoop.fs.ozone.BasicOzoneFileSystem.getFileStatus(BasicOzoneFileSystem.java:757)
	at org.apache.hadoop.fs.ozone.BasicOzoneFileSystem.rename(BasicOzoneFileSystem.java:357)
	at org.apache.hadoop.fs.ozone.TestOzoneFileSystem.testRenameFile(TestOzoneFileSystem.java:1206)
	at sun.reflect.NativeMethodAccessorImpl.invoke0(Native Method)
	at sun.reflect.NativeMethodAccessorImpl.invoke(NativeMethodAccessorImpl.java:62)
	at sun.reflect.DelegatingMethodAccessorImpl.invoke(DelegatingMethodAccessorImpl.java:43)
	at java.lang.reflect.Method.invoke(Method.java:498)
	at org.junit.runners.model.FrameworkMethod$1.runReflectiveCall(FrameworkMethod.java:59)
	at org.junit.internal.runners.model.ReflectiveCallable.run(ReflectiveCallable.java:12)
	at org.junit.runners.model.FrameworkMethod.invokeExplosively(FrameworkMethod.java:56)
	at org.junit.internal.runners.statements.InvokeMethod.evaluate(InvokeMethod.java:17)
	at org.junit.internal.runners.statements.RunAfters.evaluate(RunAfters.java:27)
	at org.junit.internal.runners.statements.FailOnTimeout$CallableStatement.call(FailOnTimeout.java:288)
	at org.junit.internal.runners.statements.FailOnTimeout$CallableStatement.call(FailOnTimeout.java:282)
	at java.util.concurrent.FutureTask.run(FutureTask.java:266)
	at java.lang.Thread.run(Thread.java:750)
]]></system-out>
  </testcase>
  <testcase name="testRenameDir" classname="TestOzoneFileSystem" time="0.046">
    <system-out><![CDATA[2022-09-28 09:54:16,980 [Time-limited test] INFO  ozone.TestOzoneFileSystem (TestOzoneFileSystem.java:testRenameDir(1316)) - Created dir o3fs://bucket36363.volume02959/root_dir/dir1/sub_dir1
2022-09-28 09:54:16,981 [Time-limited test] INFO  ozone.TestOzoneFileSystem (TestOzoneFileSystem.java:testRenameDir(1317)) - Will move o3fs://bucket36363.volume02959/root_dir/dir1 to o3fs://bucket36363.volume02959/root_dir/dir1.renamed
09:54:16.983 [IPC Server handler 15 on default port 33915] ERROR OMAudit - user=runner | ip=127.0.0.1 | op=GET_FILE_STATUS {volume=volume02959, bucket=bucket36363, key=root_dir/dir1.renamed, dataSize=0, replicationConfig=null} | ret=FAILURE
org.apache.hadoop.ozone.om.exceptions.OMException: Unable to get file status: volume: volume02959 bucket: bucket36363 key: root_dir/dir1.renamed
	at org.apache.hadoop.ozone.om.KeyManagerImpl.getOzoneFileStatus(KeyManagerImpl.java:1324) ~[ozone-manager-1.3.0-SNAPSHOT.jar:?]
	at org.apache.hadoop.ozone.om.KeyManagerImpl.getFileStatus(KeyManagerImpl.java:1254) ~[ozone-manager-1.3.0-SNAPSHOT.jar:?]
	at org.apache.hadoop.ozone.om.OzoneManager.getFileStatus(OzoneManager.java:3506) ~[ozone-manager-1.3.0-SNAPSHOT.jar:?]
	at org.apache.hadoop.ozone.protocolPB.OzoneManagerRequestHandler.getOzoneFileStatus(OzoneManagerRequestHandler.java:882) ~[ozone-manager-1.3.0-SNAPSHOT.jar:?]
	at org.apache.hadoop.ozone.protocolPB.OzoneManagerRequestHandler.handleReadRequest(OzoneManagerRequestHandler.java:228) ~[ozone-manager-1.3.0-SNAPSHOT.jar:?]
	at org.apache.hadoop.ozone.protocolPB.OzoneManagerProtocolServerSideTranslatorPB.submitReadRequestToOM(OzoneManagerProtocolServerSideTranslatorPB.java:226) ~[ozone-manager-1.3.0-SNAPSHOT.jar:?]
	at org.apache.hadoop.ozone.protocolPB.OzoneManagerProtocolServerSideTranslatorPB.processRequest(OzoneManagerProtocolServerSideTranslatorPB.java:175) ~[ozone-manager-1.3.0-SNAPSHOT.jar:?]
	at org.apache.hadoop.hdds.server.OzoneProtocolMessageDispatcher.processRequest(OzoneProtocolMessageDispatcher.java:87) [hdds-server-framework-1.3.0-SNAPSHOT.jar:?]
	at org.apache.hadoop.ozone.protocolPB.OzoneManagerProtocolServerSideTranslatorPB.submitRequest(OzoneManagerProtocolServerSideTranslatorPB.java:147) [ozone-manager-1.3.0-SNAPSHOT.jar:?]
	at org.apache.hadoop.ozone.protocol.proto.OzoneManagerProtocolProtos$OzoneManagerService$2.callBlockingMethod(OzoneManagerProtocolProtos.java) [ozone-interface-client-1.3.0-SNAPSHOT.jar:?]
	at org.apache.hadoop.ipc.ProtobufRpcEngine$Server.processCall(ProtobufRpcEngine.java:466) [hadoop-common-3.3.1.jar:?]
	at org.apache.hadoop.ipc.ProtobufRpcEngine2$Server$ProtoBufRpcInvoker.call(ProtobufRpcEngine2.java:574) [hadoop-common-3.3.1.jar:?]
	at org.apache.hadoop.ipc.ProtobufRpcEngine2$Server$ProtoBufRpcInvoker.call(ProtobufRpcEngine2.java:552) [hadoop-common-3.3.1.jar:?]
	at org.apache.hadoop.ipc.RPC$Server.call(RPC.java:1093) [hadoop-common-3.3.1.jar:?]
	at org.apache.hadoop.ipc.Server$RpcCall.run(Server.java:1035) [hadoop-common-3.3.1.jar:?]
	at org.apache.hadoop.ipc.Server$RpcCall.run(Server.java:963) [hadoop-common-3.3.1.jar:?]
	at java.security.AccessController.doPrivileged(Native Method) ~[?:1.8.0_345]
	at javax.security.auth.Subject.doAs(Subject.java:422) [?:1.8.0_345]
	at org.apache.hadoop.security.UserGroupInformation.doAs(UserGroupInformation.java:1878) [hadoop-common-3.3.1.jar:?]
	at org.apache.hadoop.ipc.Server$Handler.run(Server.java:2966) [hadoop-common-3.3.1.jar:?]
2022-09-28 09:54:16,984 [Time-limited test] WARN  ozone.BasicOzoneFileSystem (BasicOzoneFileSystem.java:getFileStatus(765)) - GetFileStatus failed for path o3fs://bucket36363.volume02959/root_dir/dir1.renamed
java.io.FileNotFoundException: root_dir/dir1.renamed: No such file or directory!
	at org.apache.hadoop.fs.ozone.BasicOzoneClientAdapterImpl.getFileStatus(BasicOzoneClientAdapterImpl.java:369)
	at org.apache.hadoop.fs.ozone.BasicOzoneFileSystem.getFileStatus(BasicOzoneFileSystem.java:757)
	at org.apache.hadoop.fs.ozone.BasicOzoneFileSystem.rename(BasicOzoneFileSystem.java:357)
	at org.apache.hadoop.fs.ozone.TestOzoneFileSystem.testRenameDir(TestOzoneFileSystem.java:1318)
	at sun.reflect.NativeMethodAccessorImpl.invoke0(Native Method)
	at sun.reflect.NativeMethodAccessorImpl.invoke(NativeMethodAccessorImpl.java:62)
	at sun.reflect.DelegatingMethodAccessorImpl.invoke(DelegatingMethodAccessorImpl.java:43)
	at java.lang.reflect.Method.invoke(Method.java:498)
	at org.junit.runners.model.FrameworkMethod$1.runReflectiveCall(FrameworkMethod.java:59)
	at org.junit.internal.runners.model.ReflectiveCallable.run(ReflectiveCallable.java:12)
	at org.junit.runners.model.FrameworkMethod.invokeExplosively(FrameworkMethod.java:56)
	at org.junit.internal.runners.statements.InvokeMethod.evaluate(InvokeMethod.java:17)
	at org.junit.internal.runners.statements.RunAfters.evaluate(RunAfters.java:27)
	at org.junit.internal.runners.statements.FailOnTimeout$CallableStatement.call(FailOnTimeout.java:288)
	at org.junit.internal.runners.statements.FailOnTimeout$CallableStatement.call(FailOnTimeout.java:282)
	at java.util.concurrent.FutureTask.run(FutureTask.java:266)
	at java.lang.Thread.run(Thread.java:750)
]]></system-out>
  </testcase>
  <testcase name="testRenameDir" classname="TestOzoneFileSystem" time="0.017">
    <system-out><![CDATA[2022-09-28 09:55:41,185 [Time-limited test] INFO  ozone.TestOzoneFileSystem (TestOzoneFileSystem.java:testRenameDir(1316)) - Created dir o3fs://bucket29095.volume99279/root_dir/dir1/sub_dir1
2022-09-28 09:55:41,185 [Time-limited test] INFO  ozone.TestOzoneFileSystem (TestOzoneFileSystem.java:testRenameDir(1317)) - Will move o3fs://bucket29095.volume99279/root_dir/dir1 to o3fs://bucket29095.volume99279/root_dir/dir1.renamed
09:55:41.185 [IPC Server handler 6 on default port 43879] ERROR OMAudit - user=runner | ip=127.0.0.1 | op=GET_FILE_STATUS {volume=volume99279, bucket=bucket29095, key=root_dir/dir1.renamed, dataSize=0, replicationConfig=null} | ret=FAILURE
org.apache.hadoop.ozone.om.exceptions.OMException: Unable to get file status: volume: volume99279 bucket: bucket29095 key: root_dir/dir1.renamed
	at org.apache.hadoop.ozone.om.KeyManagerImpl.getOzoneFileStatus(KeyManagerImpl.java:1324) ~[ozone-manager-1.3.0-SNAPSHOT.jar:?]
	at org.apache.hadoop.ozone.om.KeyManagerImpl.getFileStatus(KeyManagerImpl.java:1254) ~[ozone-manager-1.3.0-SNAPSHOT.jar:?]
	at org.apache.hadoop.ozone.om.OzoneManager.getFileStatus(OzoneManager.java:3506) ~[ozone-manager-1.3.0-SNAPSHOT.jar:?]
	at org.apache.hadoop.ozone.protocolPB.OzoneManagerRequestHandler.getOzoneFileStatus(OzoneManagerRequestHandler.java:882) ~[ozone-manager-1.3.0-SNAPSHOT.jar:?]
	at org.apache.hadoop.ozone.protocolPB.OzoneManagerRequestHandler.handleReadRequest(OzoneManagerRequestHandler.java:228) ~[ozone-manager-1.3.0-SNAPSHOT.jar:?]
	at org.apache.hadoop.ozone.protocolPB.OzoneManagerProtocolServerSideTranslatorPB.submitRequestDirectlyToOM(OzoneManagerProtocolServerSideTranslatorPB.java:276) ~[ozone-manager-1.3.0-SNAPSHOT.jar:?]
	at org.apache.hadoop.ozone.protocolPB.OzoneManagerProtocolServerSideTranslatorPB.processRequest(OzoneManagerProtocolServerSideTranslatorPB.java:205) ~[ozone-manager-1.3.0-SNAPSHOT.jar:?]
	at org.apache.hadoop.hdds.server.OzoneProtocolMessageDispatcher.processRequest(OzoneProtocolMessageDispatcher.java:87) [hdds-server-framework-1.3.0-SNAPSHOT.jar:?]
	at org.apache.hadoop.ozone.protocolPB.OzoneManagerProtocolServerSideTranslatorPB.submitRequest(OzoneManagerProtocolServerSideTranslatorPB.java:147) [ozone-manager-1.3.0-SNAPSHOT.jar:?]
	at org.apache.hadoop.ozone.protocol.proto.OzoneManagerProtocolProtos$OzoneManagerService$2.callBlockingMethod(OzoneManagerProtocolProtos.java) [ozone-interface-client-1.3.0-SNAPSHOT.jar:?]
	at org.apache.hadoop.ipc.ProtobufRpcEngine$Server.processCall(ProtobufRpcEngine.java:466) [hadoop-common-3.3.1.jar:?]
	at org.apache.hadoop.ipc.ProtobufRpcEngine2$Server$ProtoBufRpcInvoker.call(ProtobufRpcEngine2.java:574) [hadoop-common-3.3.1.jar:?]
	at org.apache.hadoop.ipc.ProtobufRpcEngine2$Server$ProtoBufRpcInvoker.call(ProtobufRpcEngine2.java:552) [hadoop-common-3.3.1.jar:?]
	at org.apache.hadoop.ipc.RPC$Server.call(RPC.java:1093) [hadoop-common-3.3.1.jar:?]
	at org.apache.hadoop.ipc.Server$RpcCall.run(Server.java:1035) [hadoop-common-3.3.1.jar:?]
	at org.apache.hadoop.ipc.Server$RpcCall.run(Server.java:963) [hadoop-common-3.3.1.jar:?]
	at java.security.AccessController.doPrivileged(Native Method) ~[?:1.8.0_345]
	at javax.security.auth.Subject.doAs(Subject.java:422) [?:1.8.0_345]
	at org.apache.hadoop.security.UserGroupInformation.doAs(UserGroupInformation.java:1878) [hadoop-common-3.3.1.jar:?]
	at org.apache.hadoop.ipc.Server$Handler.run(Server.java:2966) [hadoop-common-3.3.1.jar:?]
2022-09-28 09:55:41,186 [Time-limited test] WARN  ozone.BasicOzoneFileSystem (BasicOzoneFileSystem.java:getFileStatus(765)) - GetFileStatus failed for path o3fs://bucket29095.volume99279/root_dir/dir1.renamed
java.io.FileNotFoundException: root_dir/dir1.renamed: No such file or directory!
	at org.apache.hadoop.fs.ozone.BasicOzoneClientAdapterImpl.getFileStatus(BasicOzoneClientAdapterImpl.java:369)
	at org.apache.hadoop.fs.ozone.BasicOzoneFileSystem.getFileStatus(BasicOzoneFileSystem.java:757)
	at org.apache.hadoop.fs.ozone.BasicOzoneFileSystem.rename(BasicOzoneFileSystem.java:357)
	at org.apache.hadoop.fs.ozone.TestOzoneFileSystem.testRenameDir(TestOzoneFileSystem.java:1318)
	at sun.reflect.NativeMethodAccessorImpl.invoke0(Native Method)
	at sun.reflect.NativeMethodAccessorImpl.invoke(NativeMethodAccessorImpl.java:62)
	at sun.reflect.DelegatingMethodAccessorImpl.invoke(DelegatingMethodAccessorImpl.java:43)
	at java.lang.reflect.Method.invoke(Method.java:498)
	at org.junit.runners.model.FrameworkMethod$1.runReflectiveCall(FrameworkMethod.java:59)
	at org.junit.internal.runners.model.ReflectiveCallable.run(ReflectiveCallable.java:12)
	at org.junit.runners.model.FrameworkMethod.invokeExplosively(FrameworkMethod.java:56)
	at org.junit.internal.runners.statements.InvokeMethod.evaluate(InvokeMethod.java:17)
	at org.junit.internal.runners.statements.RunAfters.evaluate(RunAfters.java:27)
	at org.junit.internal.runners.statements.FailOnTimeout$CallableStatement.call(FailOnTimeout.java:288)
	at org.junit.internal.runners.statements.FailOnTimeout$CallableStatement.call(FailOnTimeout.java:282)
	at java.util.concurrent.FutureTask.run(FutureTask.java:266)
	at java.lang.Thread.run(Thread.java:750)
]]></system-out>
  </testcase>
  <testcase name="testRenameDir" classname="TestOzoneFileSystem" time="0.04">
    <system-out><![CDATA[2022-09-28 09:57:02,032 [Time-limited test] INFO  ozone.TestOzoneFileSystem (TestOzoneFileSystem.java:testRenameDir(1316)) - Created dir o3fs://bucket93813.volume16412/root_dir/dir1/sub_dir1
2022-09-28 09:57:02,032 [Time-limited test] INFO  ozone.TestOzoneFileSystem (TestOzoneFileSystem.java:testRenameDir(1317)) - Will move o3fs://bucket93813.volume16412/root_dir/dir1 to o3fs://bucket93813.volume16412/root_dir/dir1.renamed
09:57:02.037 [IPC Server handler 16 on default port 44537] ERROR OMAudit - user=runner | ip=127.0.0.1 | op=GET_FILE_STATUS {volume=volume16412, bucket=bucket93813, key=root_dir/dir1.renamed, dataSize=0, replicationConfig=null} | ret=FAILURE
org.apache.hadoop.ozone.om.exceptions.OMException: Unable to get file status: volume: volume16412 bucket: bucket93813 key: root_dir/dir1.renamed
	at org.apache.hadoop.ozone.om.KeyManagerImpl.getOzoneFileStatus(KeyManagerImpl.java:1324) ~[ozone-manager-1.3.0-SNAPSHOT.jar:?]
	at org.apache.hadoop.ozone.om.KeyManagerImpl.getFileStatus(KeyManagerImpl.java:1254) ~[ozone-manager-1.3.0-SNAPSHOT.jar:?]
	at org.apache.hadoop.ozone.om.OzoneManager.getFileStatus(OzoneManager.java:3506) ~[ozone-manager-1.3.0-SNAPSHOT.jar:?]
	at org.apache.hadoop.ozone.protocolPB.OzoneManagerRequestHandler.getOzoneFileStatus(OzoneManagerRequestHandler.java:882) ~[ozone-manager-1.3.0-SNAPSHOT.jar:?]
	at org.apache.hadoop.ozone.protocolPB.OzoneManagerRequestHandler.handleReadRequest(OzoneManagerRequestHandler.java:228) ~[ozone-manager-1.3.0-SNAPSHOT.jar:?]
	at org.apache.hadoop.ozone.protocolPB.OzoneManagerProtocolServerSideTranslatorPB.submitReadRequestToOM(OzoneManagerProtocolServerSideTranslatorPB.java:226) ~[ozone-manager-1.3.0-SNAPSHOT.jar:?]
	at org.apache.hadoop.ozone.protocolPB.OzoneManagerProtocolServerSideTranslatorPB.processRequest(OzoneManagerProtocolServerSideTranslatorPB.java:175) ~[ozone-manager-1.3.0-SNAPSHOT.jar:?]
	at org.apache.hadoop.hdds.server.OzoneProtocolMessageDispatcher.processRequest(OzoneProtocolMessageDispatcher.java:87) [hdds-server-framework-1.3.0-SNAPSHOT.jar:?]
	at org.apache.hadoop.ozone.protocolPB.OzoneManagerProtocolServerSideTranslatorPB.submitRequest(OzoneManagerProtocolServerSideTranslatorPB.java:147) [ozone-manager-1.3.0-SNAPSHOT.jar:?]
	at org.apache.hadoop.ozone.protocol.proto.OzoneManagerProtocolProtos$OzoneManagerService$2.callBlockingMethod(OzoneManagerProtocolProtos.java) [ozone-interface-client-1.3.0-SNAPSHOT.jar:?]
	at org.apache.hadoop.ipc.ProtobufRpcEngine$Server.processCall(ProtobufRpcEngine.java:466) [hadoop-common-3.3.1.jar:?]
	at org.apache.hadoop.ipc.ProtobufRpcEngine2$Server$ProtoBufRpcInvoker.call(ProtobufRpcEngine2.java:574) [hadoop-common-3.3.1.jar:?]
	at org.apache.hadoop.ipc.ProtobufRpcEngine2$Server$ProtoBufRpcInvoker.call(ProtobufRpcEngine2.java:552) [hadoop-common-3.3.1.jar:?]
	at org.apache.hadoop.ipc.RPC$Server.call(RPC.java:1093) [hadoop-common-3.3.1.jar:?]
	at org.apache.hadoop.ipc.Server$RpcCall.run(Server.java:1035) [hadoop-common-3.3.1.jar:?]
	at org.apache.hadoop.ipc.Server$RpcCall.run(Server.java:963) [hadoop-common-3.3.1.jar:?]
	at java.security.AccessController.doPrivileged(Native Method) ~[?:1.8.0_345]
	at javax.security.auth.Subject.doAs(Subject.java:422) [?:1.8.0_345]
	at org.apache.hadoop.security.UserGroupInformation.doAs(UserGroupInformation.java:1878) [hadoop-common-3.3.1.jar:?]
	at org.apache.hadoop.ipc.Server$Handler.run(Server.java:2966) [hadoop-common-3.3.1.jar:?]
2022-09-28 09:57:02,040 [Time-limited test] WARN  ozone.BasicOzoneFileSystem (BasicOzoneFileSystem.java:getFileStatus(765)) - GetFileStatus failed for path o3fs://bucket93813.volume16412/root_dir/dir1.renamed
java.io.FileNotFoundException: root_dir/dir1.renamed: No such file or directory!
	at org.apache.hadoop.fs.ozone.BasicOzoneClientAdapterImpl.getFileStatus(BasicOzoneClientAdapterImpl.java:369)
	at org.apache.hadoop.fs.ozone.BasicOzoneFileSystem.getFileStatus(BasicOzoneFileSystem.java:757)
	at org.apache.hadoop.fs.ozone.BasicOzoneFileSystem.rename(BasicOzoneFileSystem.java:357)
	at org.apache.hadoop.fs.ozone.TestOzoneFileSystem.testRenameDir(TestOzoneFileSystem.java:1318)
	at sun.reflect.NativeMethodAccessorImpl.invoke0(Native Method)
	at sun.reflect.NativeMethodAccessorImpl.invoke(NativeMethodAccessorImpl.java:62)
	at sun.reflect.DelegatingMethodAccessorImpl.invoke(DelegatingMethodAccessorImpl.java:43)
	at java.lang.reflect.Method.invoke(Method.java:498)
	at org.junit.runners.model.FrameworkMethod$1.runReflectiveCall(FrameworkMethod.java:59)
	at org.junit.internal.runners.model.ReflectiveCallable.run(ReflectiveCallable.java:12)
	at org.junit.runners.model.FrameworkMethod.invokeExplosively(FrameworkMethod.java:56)
	at org.junit.internal.runners.statements.InvokeMethod.evaluate(InvokeMethod.java:17)
	at org.junit.internal.runners.statements.RunAfters.evaluate(RunAfters.java:27)
	at org.junit.internal.runners.statements.FailOnTimeout$CallableStatement.call(FailOnTimeout.java:288)
	at org.junit.internal.runners.statements.FailOnTimeout$CallableStatement.call(FailOnTimeout.java:282)
	at java.util.concurrent.FutureTask.run(FutureTask.java:266)
	at java.lang.Thread.run(Thread.java:750)
]]></system-out>
  </testcase>
  <testcase name="testRenameDir" classname="TestOzoneFileSystem" time="0.071">
    <system-out><![CDATA[2022-09-28 09:58:59,617 [Time-limited test] INFO  ozone.TestOzoneFileSystem (TestOzoneFileSystem.java:testRenameDir(1316)) - Created dir o3fs://bucket52642.volume75139/root_dir/dir1/sub_dir1
2022-09-28 09:58:59,617 [Time-limited test] INFO  ozone.TestOzoneFileSystem (TestOzoneFileSystem.java:testRenameDir(1317)) - Will move o3fs://bucket52642.volume75139/root_dir/dir1 to o3fs://bucket52642.volume75139/root_dir/dir1.renamed
09:58:59.617 [IPC Server handler 10 on default port 38925] ERROR OMAudit - user=runner | ip=127.0.0.1 | op=GET_FILE_STATUS {volume=volume75139, bucket=bucket52642, key=root_dir/dir1.renamed, dataSize=0, replicationConfig=null} | ret=FAILURE
org.apache.hadoop.ozone.om.exceptions.OMException: Unable to get file status: volume: volume75139 bucket: bucket52642 key: root_dir/dir1.renamed
	at org.apache.hadoop.ozone.om.KeyManagerImpl.getOzoneFileStatus(KeyManagerImpl.java:1324) ~[ozone-manager-1.3.0-SNAPSHOT.jar:?]
	at org.apache.hadoop.ozone.om.KeyManagerImpl.getFileStatus(KeyManagerImpl.java:1254) ~[ozone-manager-1.3.0-SNAPSHOT.jar:?]
	at org.apache.hadoop.ozone.om.OzoneManager.getFileStatus(OzoneManager.java:3506) ~[ozone-manager-1.3.0-SNAPSHOT.jar:?]
	at org.apache.hadoop.ozone.protocolPB.OzoneManagerRequestHandler.getOzoneFileStatus(OzoneManagerRequestHandler.java:882) ~[ozone-manager-1.3.0-SNAPSHOT.jar:?]
	at org.apache.hadoop.ozone.protocolPB.OzoneManagerRequestHandler.handleReadRequest(OzoneManagerRequestHandler.java:228) ~[ozone-manager-1.3.0-SNAPSHOT.jar:?]
	at org.apache.hadoop.ozone.protocolPB.OzoneManagerProtocolServerSideTranslatorPB.submitRequestDirectlyToOM(OzoneManagerProtocolServerSideTranslatorPB.java:276) ~[ozone-manager-1.3.0-SNAPSHOT.jar:?]
	at org.apache.hadoop.ozone.protocolPB.OzoneManagerProtocolServerSideTranslatorPB.processRequest(OzoneManagerProtocolServerSideTranslatorPB.java:205) ~[ozone-manager-1.3.0-SNAPSHOT.jar:?]
	at org.apache.hadoop.hdds.server.OzoneProtocolMessageDispatcher.processRequest(OzoneProtocolMessageDispatcher.java:87) [hdds-server-framework-1.3.0-SNAPSHOT.jar:?]
	at org.apache.hadoop.ozone.protocolPB.OzoneManagerProtocolServerSideTranslatorPB.submitRequest(OzoneManagerProtocolServerSideTranslatorPB.java:147) [ozone-manager-1.3.0-SNAPSHOT.jar:?]
	at org.apache.hadoop.ozone.protocol.proto.OzoneManagerProtocolProtos$OzoneManagerService$2.callBlockingMethod(OzoneManagerProtocolProtos.java) [ozone-interface-client-1.3.0-SNAPSHOT.jar:?]
	at org.apache.hadoop.ipc.ProtobufRpcEngine$Server.processCall(ProtobufRpcEngine.java:466) [hadoop-common-3.3.1.jar:?]
	at org.apache.hadoop.ipc.ProtobufRpcEngine2$Server$ProtoBufRpcInvoker.call(ProtobufRpcEngine2.java:574) [hadoop-common-3.3.1.jar:?]
	at org.apache.hadoop.ipc.ProtobufRpcEngine2$Server$ProtoBufRpcInvoker.call(ProtobufRpcEngine2.java:552) [hadoop-common-3.3.1.jar:?]
	at org.apache.hadoop.ipc.RPC$Server.call(RPC.java:1093) [hadoop-common-3.3.1.jar:?]
	at org.apache.hadoop.ipc.Server$RpcCall.run(Server.java:1035) [hadoop-common-3.3.1.jar:?]
	at org.apache.hadoop.ipc.Server$RpcCall.run(Server.java:963) [hadoop-common-3.3.1.jar:?]
	at java.security.AccessController.doPrivileged(Native Method) ~[?:1.8.0_345]
	at javax.security.auth.Subject.doAs(Subject.java:422) [?:1.8.0_345]
	at org.apache.hadoop.security.UserGroupInformation.doAs(UserGroupInformation.java:1878) [hadoop-common-3.3.1.jar:?]
	at org.apache.hadoop.ipc.Server$Handler.run(Server.java:2966) [hadoop-common-3.3.1.jar:?]
2022-09-28 09:58:59,618 [Time-limited test] WARN  ozone.BasicOzoneFileSystem (BasicOzoneFileSystem.java:getFileStatus(765)) - GetFileStatus failed for path o3fs://bucket52642.volume75139/root_dir/dir1.renamed
java.io.FileNotFoundException: root_dir/dir1.renamed: No such file or directory!
	at org.apache.hadoop.fs.ozone.BasicOzoneClientAdapterImpl.getFileStatus(BasicOzoneClientAdapterImpl.java:369)
	at org.apache.hadoop.fs.ozone.BasicOzoneFileSystem.getFileStatus(BasicOzoneFileSystem.java:757)
	at org.apache.hadoop.fs.ozone.BasicOzoneFileSystem.rename(BasicOzoneFileSystem.java:357)
	at org.apache.hadoop.fs.ozone.TestOzoneFileSystem.testRenameDir(TestOzoneFileSystem.java:1318)
	at sun.reflect.NativeMethodAccessorImpl.invoke0(Native Method)
	at sun.reflect.NativeMethodAccessorImpl.invoke(NativeMethodAccessorImpl.java:62)
	at sun.reflect.DelegatingMethodAccessorImpl.invoke(DelegatingMethodAccessorImpl.java:43)
	at java.lang.reflect.Method.invoke(Method.java:498)
	at org.junit.runners.model.FrameworkMethod$1.runReflectiveCall(FrameworkMethod.java:59)
	at org.junit.internal.runners.model.ReflectiveCallable.run(ReflectiveCallable.java:12)
	at org.junit.runners.model.FrameworkMethod.invokeExplosively(FrameworkMethod.java:56)
	at org.junit.internal.runners.statements.InvokeMethod.evaluate(InvokeMethod.java:17)
	at org.junit.internal.runners.statements.RunAfters.evaluate(RunAfters.java:27)
	at org.junit.internal.runners.statements.FailOnTimeout$CallableStatement.call(FailOnTimeout.java:288)
	at org.junit.internal.runners.statements.FailOnTimeout$CallableStatement.call(FailOnTimeout.java:282)
	at java.util.concurrent.FutureTask.run(FutureTask.java:266)
	at java.lang.Thread.run(Thread.java:750)
]]></system-out>
  </testcase>
  <testcase name="testListStatusIteratorOnSubDirs" classname="TestOzoneFileSystem" time="0.061"/>
  <testcase name="testListStatusIteratorOnSubDirs" classname="TestOzoneFileSystem" time="0.024">
    <system-out><![CDATA[2022-09-28 09:55:41,208 [95d95f87-bef6-4afe-b94c-79128d6ebe0d@group-2515E02124B6-FollowerState] INFO  impl.FollowerState (FollowerState.java:run(143)) - 95d95f87-bef6-4afe-b94c-79128d6ebe0d@group-2515E02124B6-FollowerState: change to CANDIDATE, lastRpcElapsedTime:5078517222ns, electionTimeout:5059ms
2022-09-28 09:55:41,208 [95d95f87-bef6-4afe-b94c-79128d6ebe0d@group-2515E02124B6-FollowerState] INFO  impl.RoleInfo (RoleInfo.java:shutdownFollowerState(110)) - 95d95f87-bef6-4afe-b94c-79128d6ebe0d: shutdown 95d95f87-bef6-4afe-b94c-79128d6ebe0d@group-2515E02124B6-FollowerState
2022-09-28 09:55:41,208 [95d95f87-bef6-4afe-b94c-79128d6ebe0d@group-2515E02124B6-FollowerState] INFO  server.RaftServer$Division (RaftServerImpl.java:setRole(299)) - 95d95f87-bef6-4afe-b94c-79128d6ebe0d@group-2515E02124B6: changes role from  FOLLOWER to CANDIDATE at term 0 for changeToCandidate
2022-09-28 09:55:41,209 [95d95f87-bef6-4afe-b94c-79128d6ebe0d@group-2515E02124B6-FollowerState] INFO  server.RaftServerConfigKeys (ConfUtils.java:logGet(46)) - raft.server.leaderelection.pre-vote = false (custom)
2022-09-28 09:55:41,209 [95d95f87-bef6-4afe-b94c-79128d6ebe0d@group-2515E02124B6-FollowerState] INFO  impl.RoleInfo (RoleInfo.java:updateAndGet(139)) - 95d95f87-bef6-4afe-b94c-79128d6ebe0d: start 95d95f87-bef6-4afe-b94c-79128d6ebe0d@group-2515E02124B6-LeaderElection18
]]></system-out>
  </testcase>
  <testcase name="testListStatusIteratorOnSubDirs" classname="TestOzoneFileSystem" time="0.034"/>
  <testcase name="testListStatusIteratorOnSubDirs" classname="TestOzoneFileSystem" time="0.098"/>
  <testcase name="testAllocateMoreThanOneBlock" classname="TestOzoneFileSystem" time="0.478"/>
  <testcase name="testAllocateMoreThanOneBlock" classname="TestOzoneFileSystem" time="1.197">
    <system-out><![CDATA[2022-09-28 09:55:41,243 [95d95f87-bef6-4afe-b94c-79128d6ebe0d@group-2515E02124B6-LeaderElection18] INFO  impl.LeaderElection (LeaderElection.java:askForVotes(310)) - 95d95f87-bef6-4afe-b94c-79128d6ebe0d@group-2515E02124B6-LeaderElection18 ELECTION round 0: submit vote requests at term 1 for -1: [95d95f87-bef6-4afe-b94c-79128d6ebe0d|rpc:10.1.1.21:33103|priority:1], old=null
2022-09-28 09:55:41,243 [95d95f87-bef6-4afe-b94c-79128d6ebe0d@group-2515E02124B6-LeaderElection18] INFO  impl.LeaderElection (LeaderElection.java:askForVotes(312)) - 95d95f87-bef6-4afe-b94c-79128d6ebe0d@group-2515E02124B6-LeaderElection18 ELECTION round 0: result PASSED (term=1)
2022-09-28 09:55:41,243 [95d95f87-bef6-4afe-b94c-79128d6ebe0d@group-2515E02124B6-LeaderElection18] INFO  impl.RoleInfo (RoleInfo.java:shutdownLeaderElection(130)) - 95d95f87-bef6-4afe-b94c-79128d6ebe0d: shutdown 95d95f87-bef6-4afe-b94c-79128d6ebe0d@group-2515E02124B6-LeaderElection18
2022-09-28 09:55:41,243 [95d95f87-bef6-4afe-b94c-79128d6ebe0d@group-2515E02124B6-LeaderElection18] INFO  server.RaftServer$Division (RaftServerImpl.java:setRole(299)) - 95d95f87-bef6-4afe-b94c-79128d6ebe0d@group-2515E02124B6: changes role from CANDIDATE to LEADER at term 1 for changeToLeader
2022-09-28 09:55:41,243 [95d95f87-bef6-4afe-b94c-79128d6ebe0d@group-2515E02124B6-LeaderElection18] INFO  ratis.XceiverServerRatis (XceiverServerRatis.java:handleLeaderChangedNotification(863)) - Leader change notification received for group: group-2515E02124B6 with new leaderId: 95d95f87-bef6-4afe-b94c-79128d6ebe0d
2022-09-28 09:55:41,243 [95d95f87-bef6-4afe-b94c-79128d6ebe0d@group-2515E02124B6-LeaderElection18] INFO  server.RaftServer$Division (ServerState.java:setLeader(287)) - 95d95f87-bef6-4afe-b94c-79128d6ebe0d@group-2515E02124B6: change Leader from null to 95d95f87-bef6-4afe-b94c-79128d6ebe0d at term 1 for becomeLeader, leader elected after 5157ms
2022-09-28 09:55:41,243 [95d95f87-bef6-4afe-b94c-79128d6ebe0d@group-2515E02124B6-LeaderElection18] INFO  server.RaftServerConfigKeys (ConfUtils.java:logGet(46)) - raft.server.staging.catchup.gap = 1000 (default)
2022-09-28 09:55:41,243 [95d95f87-bef6-4afe-b94c-79128d6ebe0d@group-2515E02124B6-LeaderElection18] INFO  server.RaftServerConfigKeys (ConfUtils.java:logGet(46)) - raft.server.write.element-limit = 1024 (custom)
2022-09-28 09:55:41,243 [95d95f87-bef6-4afe-b94c-79128d6ebe0d@group-2515E02124B6-LeaderElection18] INFO  server.RaftServerConfigKeys (ConfUtils.java:logGet(46)) - raft.server.write.byte-limit = 1024 M (=1073741824) (custom)
2022-09-28 09:55:41,244 [95d95f87-bef6-4afe-b94c-79128d6ebe0d@group-2515E02124B6-LeaderElection18] INFO  server.RaftServerConfigKeys (ConfUtils.java:logGet(46)) - raft.server.watch.timeout = 180s (custom)
2022-09-28 09:55:41,244 [95d95f87-bef6-4afe-b94c-79128d6ebe0d@group-2515E02124B6-LeaderElection18] INFO  server.RaftServerConfigKeys (ConfUtils.java:logGet(46)) - raft.server.watch.timeout.denomination = 1s (default)
2022-09-28 09:55:41,244 [95d95f87-bef6-4afe-b94c-79128d6ebe0d@group-2515E02124B6-LeaderElection18] INFO  server.RaftServerConfigKeys (ConfUtils.java:logGet(46)) - raft.server.watch.element-limit = 65536 (default)
2022-09-28 09:55:41,244 [95d95f87-bef6-4afe-b94c-79128d6ebe0d@group-2515E02124B6-LeaderElection18] INFO  server.RaftServerConfigKeys (ConfUtils.java:logGet(46)) - raft.server.write.element-limit = 1024 (custom)
2022-09-28 09:55:41,244 [95d95f87-bef6-4afe-b94c-79128d6ebe0d@group-2515E02124B6-LeaderElection18] INFO  server.RaftServerConfigKeys (ConfUtils.java:logGet(46)) - raft.server.write.follower.gap.ratio.max = -1.0 (default)
2022-09-28 09:55:41,244 [95d95f87-bef6-4afe-b94c-79128d6ebe0d@group-2515E02124B6-LeaderElection18] INFO  impl.RoleInfo (RoleInfo.java:updateAndGet(139)) - 95d95f87-bef6-4afe-b94c-79128d6ebe0d: start 95d95f87-bef6-4afe-b94c-79128d6ebe0d@group-2515E02124B6-LeaderStateImpl
2022-09-28 09:55:41,244 [95d95f87-bef6-4afe-b94c-79128d6ebe0d@group-2515E02124B6-LeaderElection18] INFO  segmented.SegmentedRaftLogWorker (SegmentedRaftLogWorker.java:startLogSegment(425)) - 95d95f87-bef6-4afe-b94c-79128d6ebe0d@group-2515E02124B6-SegmentedRaftLogWorker: Starting segment from index:0
2022-09-28 09:55:41,245 [95d95f87-bef6-4afe-b94c-79128d6ebe0d@group-2515E02124B6-LeaderElection18] INFO  server.RaftServer$Division (ServerState.java:setRaftConf(393)) - 95d95f87-bef6-4afe-b94c-79128d6ebe0d@group-2515E02124B6: set configuration 0: [95d95f87-bef6-4afe-b94c-79128d6ebe0d|rpc:10.1.1.21:33103|dataStream:|priority:1], old=null
2022-09-28 09:55:41,245 [95d95f87-bef6-4afe-b94c-79128d6ebe0d@group-2515E02124B6-SegmentedRaftLogWorker] INFO  segmented.SegmentedRaftLogWorker (SegmentedRaftLogWorker.java:execute(629)) - 95d95f87-bef6-4afe-b94c-79128d6ebe0d@group-2515E02124B6-SegmentedRaftLogWorker: created new log segment /home/runner/work/ozone/ozone/hadoop-ozone/integration-test/target/test-dir/MiniOzoneClusterImpl-cfeb4578-2b30-44dc-9f0d-998ef01d83f0/datanode-2/data/ratis/a17d1885-d1c3-4889-b150-2515e02124b6/current/log_inprogress_0
2022-09-28 09:55:42,084 [f6366748-b663-4af7-9537-447b2f8f9c55@group-2A8854C92619-FollowerState] INFO  impl.FollowerState (FollowerState.java:run(143)) - f6366748-b663-4af7-9537-447b2f8f9c55@group-2A8854C92619-FollowerState: change to CANDIDATE, lastRpcElapsedTime:5193856573ns, electionTimeout:5193ms
2022-09-28 09:55:42,084 [f6366748-b663-4af7-9537-447b2f8f9c55@group-2A8854C92619-FollowerState] INFO  impl.RoleInfo (RoleInfo.java:shutdownFollowerState(110)) - f6366748-b663-4af7-9537-447b2f8f9c55: shutdown f6366748-b663-4af7-9537-447b2f8f9c55@group-2A8854C92619-FollowerState
2022-09-28 09:55:42,084 [f6366748-b663-4af7-9537-447b2f8f9c55@group-2A8854C92619-FollowerState] INFO  server.RaftServer$Division (RaftServerImpl.java:setRole(299)) - f6366748-b663-4af7-9537-447b2f8f9c55@group-2A8854C92619: changes role from  FOLLOWER to CANDIDATE at term 0 for changeToCandidate
2022-09-28 09:55:42,084 [f6366748-b663-4af7-9537-447b2f8f9c55@group-2A8854C92619-FollowerState] INFO  server.RaftServerConfigKeys (ConfUtils.java:logGet(46)) - raft.server.leaderelection.pre-vote = false (custom)
2022-09-28 09:55:42,084 [f6366748-b663-4af7-9537-447b2f8f9c55@group-2A8854C92619-FollowerState] INFO  impl.RoleInfo (RoleInfo.java:updateAndGet(139)) - f6366748-b663-4af7-9537-447b2f8f9c55: start f6366748-b663-4af7-9537-447b2f8f9c55@group-2A8854C92619-LeaderElection19
2022-09-28 09:55:42,105 [f6366748-b663-4af7-9537-447b2f8f9c55@group-2A8854C92619-LeaderElection19] INFO  impl.LeaderElection (LeaderElection.java:askForVotes(310)) - f6366748-b663-4af7-9537-447b2f8f9c55@group-2A8854C92619-LeaderElection19 ELECTION round 0: submit vote requests at term 1 for -1: [f6366748-b663-4af7-9537-447b2f8f9c55|rpc:10.1.1.21:38099|priority:1], old=null
2022-09-28 09:55:42,105 [f6366748-b663-4af7-9537-447b2f8f9c55@group-2A8854C92619-LeaderElection19] INFO  impl.LeaderElection (LeaderElection.java:askForVotes(312)) - f6366748-b663-4af7-9537-447b2f8f9c55@group-2A8854C92619-LeaderElection19 ELECTION round 0: result PASSED (term=1)
2022-09-28 09:55:42,105 [f6366748-b663-4af7-9537-447b2f8f9c55@group-2A8854C92619-LeaderElection19] INFO  impl.RoleInfo (RoleInfo.java:shutdownLeaderElection(130)) - f6366748-b663-4af7-9537-447b2f8f9c55: shutdown f6366748-b663-4af7-9537-447b2f8f9c55@group-2A8854C92619-LeaderElection19
2022-09-28 09:55:42,105 [f6366748-b663-4af7-9537-447b2f8f9c55@group-2A8854C92619-LeaderElection19] INFO  server.RaftServer$Division (RaftServerImpl.java:setRole(299)) - f6366748-b663-4af7-9537-447b2f8f9c55@group-2A8854C92619: changes role from CANDIDATE to LEADER at term 1 for changeToLeader
2022-09-28 09:55:42,105 [f6366748-b663-4af7-9537-447b2f8f9c55@group-2A8854C92619-LeaderElection19] INFO  ratis.XceiverServerRatis (XceiverServerRatis.java:handleLeaderChangedNotification(863)) - Leader change notification received for group: group-2A8854C92619 with new leaderId: f6366748-b663-4af7-9537-447b2f8f9c55
2022-09-28 09:55:42,107 [f6366748-b663-4af7-9537-447b2f8f9c55@group-2A8854C92619-LeaderElection19] INFO  server.RaftServer$Division (ServerState.java:setLeader(287)) - f6366748-b663-4af7-9537-447b2f8f9c55@group-2A8854C92619: change Leader from null to f6366748-b663-4af7-9537-447b2f8f9c55 at term 1 for becomeLeader, leader elected after 5256ms
2022-09-28 09:55:42,107 [f6366748-b663-4af7-9537-447b2f8f9c55@group-2A8854C92619-LeaderElection19] INFO  server.RaftServerConfigKeys (ConfUtils.java:logGet(46)) - raft.server.staging.catchup.gap = 1000 (default)
2022-09-28 09:55:42,107 [f6366748-b663-4af7-9537-447b2f8f9c55@group-2A8854C92619-LeaderElection19] INFO  server.RaftServerConfigKeys (ConfUtils.java:logGet(46)) - raft.server.write.element-limit = 1024 (custom)
2022-09-28 09:55:42,107 [f6366748-b663-4af7-9537-447b2f8f9c55@group-2A8854C92619-LeaderElection19] INFO  server.RaftServerConfigKeys (ConfUtils.java:logGet(46)) - raft.server.write.byte-limit = 1024 M (=1073741824) (custom)
2022-09-28 09:55:42,107 [f6366748-b663-4af7-9537-447b2f8f9c55@group-2A8854C92619-LeaderElection19] INFO  server.RaftServerConfigKeys (ConfUtils.java:logGet(46)) - raft.server.watch.timeout = 180s (custom)
2022-09-28 09:55:42,108 [f6366748-b663-4af7-9537-447b2f8f9c55@group-2A8854C92619-LeaderElection19] INFO  server.RaftServerConfigKeys (ConfUtils.java:logGet(46)) - raft.server.watch.timeout.denomination = 1s (default)
2022-09-28 09:55:42,108 [f6366748-b663-4af7-9537-447b2f8f9c55@group-2A8854C92619-LeaderElection19] INFO  server.RaftServerConfigKeys (ConfUtils.java:logGet(46)) - raft.server.watch.element-limit = 65536 (default)
2022-09-28 09:55:42,108 [f6366748-b663-4af7-9537-447b2f8f9c55@group-2A8854C92619-LeaderElection19] INFO  server.RaftServerConfigKeys (ConfUtils.java:logGet(46)) - raft.server.write.element-limit = 1024 (custom)
2022-09-28 09:55:42,108 [f6366748-b663-4af7-9537-447b2f8f9c55@group-2A8854C92619-LeaderElection19] INFO  server.RaftServerConfigKeys (ConfUtils.java:logGet(46)) - raft.server.write.follower.gap.ratio.max = -1.0 (default)
2022-09-28 09:55:42,108 [f6366748-b663-4af7-9537-447b2f8f9c55@group-2A8854C92619-LeaderElection19] INFO  impl.RoleInfo (RoleInfo.java:updateAndGet(139)) - f6366748-b663-4af7-9537-447b2f8f9c55: start f6366748-b663-4af7-9537-447b2f8f9c55@group-2A8854C92619-LeaderStateImpl
2022-09-28 09:55:42,108 [f6366748-b663-4af7-9537-447b2f8f9c55@group-2A8854C92619-LeaderElection19] INFO  segmented.SegmentedRaftLogWorker (SegmentedRaftLogWorker.java:startLogSegment(425)) - f6366748-b663-4af7-9537-447b2f8f9c55@group-2A8854C92619-SegmentedRaftLogWorker: Starting segment from index:0
2022-09-28 09:55:42,110 [f6366748-b663-4af7-9537-447b2f8f9c55@group-2A8854C92619-SegmentedRaftLogWorker] INFO  segmented.SegmentedRaftLogWorker (SegmentedRaftLogWorker.java:execute(629)) - f6366748-b663-4af7-9537-447b2f8f9c55@group-2A8854C92619-SegmentedRaftLogWorker: created new log segment /home/runner/work/ozone/ozone/hadoop-ozone/integration-test/target/test-dir/MiniOzoneClusterImpl-cfeb4578-2b30-44dc-9f0d-998ef01d83f0/datanode-3/data/ratis/fcf2349e-0a87-42ec-8005-2a8854c92619/current/log_inprogress_0
2022-09-28 09:55:42,123 [f6366748-b663-4af7-9537-447b2f8f9c55@group-2A8854C92619-LeaderElection19] INFO  server.RaftServer$Division (ServerState.java:setRaftConf(393)) - f6366748-b663-4af7-9537-447b2f8f9c55@group-2A8854C92619: set configuration 0: [f6366748-b663-4af7-9537-447b2f8f9c55|rpc:10.1.1.21:38099|dataStream:|priority:1], old=null
]]></system-out>
  </testcase>
  <testcase name="testAllocateMoreThanOneBlock" classname="TestOzoneFileSystem" time="1.349">
    <system-out><![CDATA[2022-09-28 09:57:03,151 [3b57bdd7-9f20-481e-9079-9bba3cbb79ed@group-83236433C98A-FollowerState] INFO  impl.FollowerState (FollowerState.java:run(143)) - 3b57bdd7-9f20-481e-9079-9bba3cbb79ed@group-83236433C98A-FollowerState: change to CANDIDATE, lastRpcElapsedTime:5031773169ns, electionTimeout:5031ms
2022-09-28 09:57:03,151 [3b57bdd7-9f20-481e-9079-9bba3cbb79ed@group-83236433C98A-FollowerState] INFO  impl.RoleInfo (RoleInfo.java:shutdownFollowerState(110)) - 3b57bdd7-9f20-481e-9079-9bba3cbb79ed: shutdown 3b57bdd7-9f20-481e-9079-9bba3cbb79ed@group-83236433C98A-FollowerState
2022-09-28 09:57:03,151 [3b57bdd7-9f20-481e-9079-9bba3cbb79ed@group-83236433C98A-FollowerState] INFO  server.RaftServer$Division (RaftServerImpl.java:setRole(299)) - 3b57bdd7-9f20-481e-9079-9bba3cbb79ed@group-83236433C98A: changes role from  FOLLOWER to CANDIDATE at term 0 for changeToCandidate
2022-09-28 09:57:03,240 [3b57bdd7-9f20-481e-9079-9bba3cbb79ed@group-83236433C98A-FollowerState] INFO  server.RaftServerConfigKeys (ConfUtils.java:logGet(46)) - raft.server.leaderelection.pre-vote = false (custom)
2022-09-28 09:57:03,240 [3b57bdd7-9f20-481e-9079-9bba3cbb79ed@group-83236433C98A-FollowerState] INFO  impl.RoleInfo (RoleInfo.java:updateAndGet(139)) - 3b57bdd7-9f20-481e-9079-9bba3cbb79ed: start 3b57bdd7-9f20-481e-9079-9bba3cbb79ed@group-83236433C98A-LeaderElection31
2022-09-28 09:57:03,388 [3b57bdd7-9f20-481e-9079-9bba3cbb79ed@group-83236433C98A-LeaderElection31] INFO  impl.LeaderElection (LeaderElection.java:askForVotes(310)) - 3b57bdd7-9f20-481e-9079-9bba3cbb79ed@group-83236433C98A-LeaderElection31 ELECTION round 0: submit vote requests at term 1 for -1: [3b57bdd7-9f20-481e-9079-9bba3cbb79ed|rpc:10.1.1.21:44439|priority:1], old=null
2022-09-28 09:57:03,388 [3b57bdd7-9f20-481e-9079-9bba3cbb79ed@group-83236433C98A-LeaderElection31] INFO  impl.LeaderElection (LeaderElection.java:askForVotes(312)) - 3b57bdd7-9f20-481e-9079-9bba3cbb79ed@group-83236433C98A-LeaderElection31 ELECTION round 0: result PASSED (term=1)
2022-09-28 09:57:03,388 [3b57bdd7-9f20-481e-9079-9bba3cbb79ed@group-83236433C98A-LeaderElection31] INFO  impl.RoleInfo (RoleInfo.java:shutdownLeaderElection(130)) - 3b57bdd7-9f20-481e-9079-9bba3cbb79ed: shutdown 3b57bdd7-9f20-481e-9079-9bba3cbb79ed@group-83236433C98A-LeaderElection31
2022-09-28 09:57:03,388 [3b57bdd7-9f20-481e-9079-9bba3cbb79ed@group-83236433C98A-LeaderElection31] INFO  server.RaftServer$Division (RaftServerImpl.java:setRole(299)) - 3b57bdd7-9f20-481e-9079-9bba3cbb79ed@group-83236433C98A: changes role from CANDIDATE to LEADER at term 1 for changeToLeader
2022-09-28 09:57:03,388 [3b57bdd7-9f20-481e-9079-9bba3cbb79ed@group-83236433C98A-LeaderElection31] INFO  ratis.XceiverServerRatis (XceiverServerRatis.java:handleLeaderChangedNotification(863)) - Leader change notification received for group: group-83236433C98A with new leaderId: 3b57bdd7-9f20-481e-9079-9bba3cbb79ed
2022-09-28 09:57:03,388 [3b57bdd7-9f20-481e-9079-9bba3cbb79ed@group-83236433C98A-LeaderElection31] INFO  server.RaftServer$Division (ServerState.java:setLeader(287)) - 3b57bdd7-9f20-481e-9079-9bba3cbb79ed@group-83236433C98A: change Leader from null to 3b57bdd7-9f20-481e-9079-9bba3cbb79ed at term 1 for becomeLeader, leader elected after 5295ms
2022-09-28 09:57:03,388 [3b57bdd7-9f20-481e-9079-9bba3cbb79ed@group-83236433C98A-LeaderElection31] INFO  server.RaftServerConfigKeys (ConfUtils.java:logGet(46)) - raft.server.staging.catchup.gap = 1000 (default)
2022-09-28 09:57:03,389 [3b57bdd7-9f20-481e-9079-9bba3cbb79ed@group-83236433C98A-LeaderElection31] INFO  server.RaftServerConfigKeys (ConfUtils.java:logGet(46)) - raft.server.write.element-limit = 1024 (custom)
2022-09-28 09:57:03,389 [3b57bdd7-9f20-481e-9079-9bba3cbb79ed@group-83236433C98A-LeaderElection31] INFO  server.RaftServerConfigKeys (ConfUtils.java:logGet(46)) - raft.server.write.byte-limit = 1024 M (=1073741824) (custom)
2022-09-28 09:57:03,389 [3b57bdd7-9f20-481e-9079-9bba3cbb79ed@group-83236433C98A-LeaderElection31] INFO  server.RaftServerConfigKeys (ConfUtils.java:logGet(46)) - raft.server.watch.timeout = 180s (custom)
2022-09-28 09:57:03,389 [3b57bdd7-9f20-481e-9079-9bba3cbb79ed@group-83236433C98A-LeaderElection31] INFO  server.RaftServerConfigKeys (ConfUtils.java:logGet(46)) - raft.server.watch.timeout.denomination = 1s (default)
2022-09-28 09:57:03,389 [3b57bdd7-9f20-481e-9079-9bba3cbb79ed@group-83236433C98A-LeaderElection31] INFO  server.RaftServerConfigKeys (ConfUtils.java:logGet(46)) - raft.server.watch.element-limit = 65536 (default)
2022-09-28 09:57:03,390 [3b57bdd7-9f20-481e-9079-9bba3cbb79ed@group-83236433C98A-LeaderElection31] INFO  server.RaftServerConfigKeys (ConfUtils.java:logGet(46)) - raft.server.write.element-limit = 1024 (custom)
2022-09-28 09:57:03,390 [3b57bdd7-9f20-481e-9079-9bba3cbb79ed@group-83236433C98A-LeaderElection31] INFO  server.RaftServerConfigKeys (ConfUtils.java:logGet(46)) - raft.server.write.follower.gap.ratio.max = -1.0 (default)
2022-09-28 09:57:03,390 [3b57bdd7-9f20-481e-9079-9bba3cbb79ed@group-83236433C98A-LeaderElection31] INFO  impl.RoleInfo (RoleInfo.java:updateAndGet(139)) - 3b57bdd7-9f20-481e-9079-9bba3cbb79ed: start 3b57bdd7-9f20-481e-9079-9bba3cbb79ed@group-83236433C98A-LeaderStateImpl
2022-09-28 09:57:03,390 [3b57bdd7-9f20-481e-9079-9bba3cbb79ed@group-83236433C98A-LeaderElection31] INFO  segmented.SegmentedRaftLogWorker (SegmentedRaftLogWorker.java:startLogSegment(425)) - 3b57bdd7-9f20-481e-9079-9bba3cbb79ed@group-83236433C98A-SegmentedRaftLogWorker: Starting segment from index:0
2022-09-28 09:57:03,394 [3b57bdd7-9f20-481e-9079-9bba3cbb79ed@group-83236433C98A-SegmentedRaftLogWorker] INFO  segmented.SegmentedRaftLogWorker (SegmentedRaftLogWorker.java:execute(629)) - 3b57bdd7-9f20-481e-9079-9bba3cbb79ed@group-83236433C98A-SegmentedRaftLogWorker: created new log segment /home/runner/work/ozone/ozone/hadoop-ozone/integration-test/target/test-dir/MiniOzoneClusterImpl-d01a16d6-de90-4827-8502-1257907892ea/datanode-3/data/ratis/4fd6d7c7-eba7-4f46-afda-83236433c98a/current/log_inprogress_0
2022-09-28 09:57:03,409 [3b57bdd7-9f20-481e-9079-9bba3cbb79ed@group-83236433C98A-LeaderElection31] INFO  server.RaftServer$Division (ServerState.java:setRaftConf(393)) - 3b57bdd7-9f20-481e-9079-9bba3cbb79ed@group-83236433C98A: set configuration 0: [3b57bdd7-9f20-481e-9079-9bba3cbb79ed|rpc:10.1.1.21:44439|dataStream:|priority:1], old=null
]]></system-out>
  </testcase>
  <testcase name="testAllocateMoreThanOneBlock" classname="TestOzoneFileSystem" time="1.188"/>
  <testcase name="testRenameToExistingDir" classname="TestOzoneFileSystem" time="0.047">
    <system-out><![CDATA[09:54:17.579 [IPC Server handler 2 on default port 33915] ERROR OMAudit - user=runner | ip=127.0.0.1 | op=LIST_STATUS {volume=volume02959, bucket=bucket36363, key=b/a, dataSize=0, replicationConfig=null} | ret=FAILURE
org.apache.hadoop.ozone.om.exceptions.OMException: Unable to get file status: volume: volume02959 bucket: bucket36363 key: b/a
	at org.apache.hadoop.ozone.om.KeyManagerImpl.getOzoneFileStatus(KeyManagerImpl.java:1324) ~[ozone-manager-1.3.0-SNAPSHOT.jar:?]
	at org.apache.hadoop.ozone.om.KeyManagerImpl.getFileStatus(KeyManagerImpl.java:1254) ~[ozone-manager-1.3.0-SNAPSHOT.jar:?]
	at org.apache.hadoop.ozone.om.KeyManagerImpl.listStatus(KeyManagerImpl.java:1578) ~[ozone-manager-1.3.0-SNAPSHOT.jar:?]
	at org.apache.hadoop.ozone.om.OzoneManager.listStatus(OzoneManager.java:3584) ~[ozone-manager-1.3.0-SNAPSHOT.jar:?]
	at org.apache.hadoop.ozone.protocolPB.OzoneManagerRequestHandler.listStatus(OzoneManagerRequestHandler.java:1072) ~[ozone-manager-1.3.0-SNAPSHOT.jar:?]
	at org.apache.hadoop.ozone.protocolPB.OzoneManagerRequestHandler.handleReadRequest(OzoneManagerRequestHandler.java:239) ~[ozone-manager-1.3.0-SNAPSHOT.jar:?]
	at org.apache.hadoop.ozone.protocolPB.OzoneManagerProtocolServerSideTranslatorPB.submitReadRequestToOM(OzoneManagerProtocolServerSideTranslatorPB.java:226) ~[ozone-manager-1.3.0-SNAPSHOT.jar:?]
	at org.apache.hadoop.ozone.protocolPB.OzoneManagerProtocolServerSideTranslatorPB.processRequest(OzoneManagerProtocolServerSideTranslatorPB.java:175) ~[ozone-manager-1.3.0-SNAPSHOT.jar:?]
	at org.apache.hadoop.hdds.server.OzoneProtocolMessageDispatcher.processRequest(OzoneProtocolMessageDispatcher.java:87) [hdds-server-framework-1.3.0-SNAPSHOT.jar:?]
	at org.apache.hadoop.ozone.protocolPB.OzoneManagerProtocolServerSideTranslatorPB.submitRequest(OzoneManagerProtocolServerSideTranslatorPB.java:147) [ozone-manager-1.3.0-SNAPSHOT.jar:?]
	at org.apache.hadoop.ozone.protocol.proto.OzoneManagerProtocolProtos$OzoneManagerService$2.callBlockingMethod(OzoneManagerProtocolProtos.java) [ozone-interface-client-1.3.0-SNAPSHOT.jar:?]
	at org.apache.hadoop.ipc.ProtobufRpcEngine$Server.processCall(ProtobufRpcEngine.java:466) [hadoop-common-3.3.1.jar:?]
	at org.apache.hadoop.ipc.ProtobufRpcEngine2$Server$ProtoBufRpcInvoker.call(ProtobufRpcEngine2.java:574) [hadoop-common-3.3.1.jar:?]
	at org.apache.hadoop.ipc.ProtobufRpcEngine2$Server$ProtoBufRpcInvoker.call(ProtobufRpcEngine2.java:552) [hadoop-common-3.3.1.jar:?]
	at org.apache.hadoop.ipc.RPC$Server.call(RPC.java:1093) [hadoop-common-3.3.1.jar:?]
	at org.apache.hadoop.ipc.Server$RpcCall.run(Server.java:1035) [hadoop-common-3.3.1.jar:?]
	at org.apache.hadoop.ipc.Server$RpcCall.run(Server.java:963) [hadoop-common-3.3.1.jar:?]
	at java.security.AccessController.doPrivileged(Native Method) ~[?:1.8.0_345]
	at javax.security.auth.Subject.doAs(Subject.java:422) [?:1.8.0_345]
	at org.apache.hadoop.security.UserGroupInformation.doAs(UserGroupInformation.java:1878) [hadoop-common-3.3.1.jar:?]
	at org.apache.hadoop.ipc.Server$Handler.run(Server.java:2966) [hadoop-common-3.3.1.jar:?]
]]></system-out>
  </testcase>
  <testcase name="testRenameToExistingDir" classname="TestOzoneFileSystem" time="0.015">
    <system-out><![CDATA[09:55:42.422 [IPC Server handler 7 on default port 43879] ERROR OMAudit - user=runner | ip=127.0.0.1 | op=LIST_STATUS {volume=volume99279, bucket=bucket29095, key=b/a, dataSize=0, replicationConfig=null} | ret=FAILURE
org.apache.hadoop.ozone.om.exceptions.OMException: Unable to get file status: volume: volume99279 bucket: bucket29095 key: b/a
	at org.apache.hadoop.ozone.om.KeyManagerImpl.getOzoneFileStatus(KeyManagerImpl.java:1324) ~[ozone-manager-1.3.0-SNAPSHOT.jar:?]
	at org.apache.hadoop.ozone.om.KeyManagerImpl.getFileStatus(KeyManagerImpl.java:1254) ~[ozone-manager-1.3.0-SNAPSHOT.jar:?]
	at org.apache.hadoop.ozone.om.KeyManagerImpl.listStatus(KeyManagerImpl.java:1578) ~[ozone-manager-1.3.0-SNAPSHOT.jar:?]
	at org.apache.hadoop.ozone.om.OzoneManager.listStatus(OzoneManager.java:3584) ~[ozone-manager-1.3.0-SNAPSHOT.jar:?]
	at org.apache.hadoop.ozone.protocolPB.OzoneManagerRequestHandler.listStatus(OzoneManagerRequestHandler.java:1072) ~[ozone-manager-1.3.0-SNAPSHOT.jar:?]
	at org.apache.hadoop.ozone.protocolPB.OzoneManagerRequestHandler.handleReadRequest(OzoneManagerRequestHandler.java:239) ~[ozone-manager-1.3.0-SNAPSHOT.jar:?]
	at org.apache.hadoop.ozone.protocolPB.OzoneManagerProtocolServerSideTranslatorPB.submitRequestDirectlyToOM(OzoneManagerProtocolServerSideTranslatorPB.java:276) ~[ozone-manager-1.3.0-SNAPSHOT.jar:?]
	at org.apache.hadoop.ozone.protocolPB.OzoneManagerProtocolServerSideTranslatorPB.processRequest(OzoneManagerProtocolServerSideTranslatorPB.java:205) ~[ozone-manager-1.3.0-SNAPSHOT.jar:?]
	at org.apache.hadoop.hdds.server.OzoneProtocolMessageDispatcher.processRequest(OzoneProtocolMessageDispatcher.java:87) [hdds-server-framework-1.3.0-SNAPSHOT.jar:?]
	at org.apache.hadoop.ozone.protocolPB.OzoneManagerProtocolServerSideTranslatorPB.submitRequest(OzoneManagerProtocolServerSideTranslatorPB.java:147) [ozone-manager-1.3.0-SNAPSHOT.jar:?]
	at org.apache.hadoop.ozone.protocol.proto.OzoneManagerProtocolProtos$OzoneManagerService$2.callBlockingMethod(OzoneManagerProtocolProtos.java) [ozone-interface-client-1.3.0-SNAPSHOT.jar:?]
	at org.apache.hadoop.ipc.ProtobufRpcEngine$Server.processCall(ProtobufRpcEngine.java:466) [hadoop-common-3.3.1.jar:?]
	at org.apache.hadoop.ipc.ProtobufRpcEngine2$Server$ProtoBufRpcInvoker.call(ProtobufRpcEngine2.java:574) [hadoop-common-3.3.1.jar:?]
	at org.apache.hadoop.ipc.ProtobufRpcEngine2$Server$ProtoBufRpcInvoker.call(ProtobufRpcEngine2.java:552) [hadoop-common-3.3.1.jar:?]
	at org.apache.hadoop.ipc.RPC$Server.call(RPC.java:1093) [hadoop-common-3.3.1.jar:?]
	at org.apache.hadoop.ipc.Server$RpcCall.run(Server.java:1035) [hadoop-common-3.3.1.jar:?]
	at org.apache.hadoop.ipc.Server$RpcCall.run(Server.java:963) [hadoop-common-3.3.1.jar:?]
	at java.security.AccessController.doPrivileged(Native Method) ~[?:1.8.0_345]
	at javax.security.auth.Subject.doAs(Subject.java:422) [?:1.8.0_345]
	at org.apache.hadoop.security.UserGroupInformation.doAs(UserGroupInformation.java:1878) [hadoop-common-3.3.1.jar:?]
	at org.apache.hadoop.ipc.Server$Handler.run(Server.java:2966) [hadoop-common-3.3.1.jar:?]
]]></system-out>
  </testcase>
  <testcase name="testRenameToExistingDir" classname="TestOzoneFileSystem" time="0.026">
    <system-out><![CDATA[09:57:03.452 [IPC Server handler 1 on default port 44537] ERROR OMAudit - user=runner | ip=127.0.0.1 | op=LIST_STATUS {volume=volume16412, bucket=bucket93813, key=b/a, dataSize=0, replicationConfig=null} | ret=FAILURE
org.apache.hadoop.ozone.om.exceptions.OMException: Unable to get file status: volume: volume16412 bucket: bucket93813 key: b/a
	at org.apache.hadoop.ozone.om.KeyManagerImpl.getOzoneFileStatus(KeyManagerImpl.java:1324) ~[ozone-manager-1.3.0-SNAPSHOT.jar:?]
	at org.apache.hadoop.ozone.om.KeyManagerImpl.getFileStatus(KeyManagerImpl.java:1254) ~[ozone-manager-1.3.0-SNAPSHOT.jar:?]
	at org.apache.hadoop.ozone.om.KeyManagerImpl.listStatus(KeyManagerImpl.java:1578) ~[ozone-manager-1.3.0-SNAPSHOT.jar:?]
	at org.apache.hadoop.ozone.om.OzoneManager.listStatus(OzoneManager.java:3584) ~[ozone-manager-1.3.0-SNAPSHOT.jar:?]
	at org.apache.hadoop.ozone.protocolPB.OzoneManagerRequestHandler.listStatus(OzoneManagerRequestHandler.java:1072) ~[ozone-manager-1.3.0-SNAPSHOT.jar:?]
	at org.apache.hadoop.ozone.protocolPB.OzoneManagerRequestHandler.handleReadRequest(OzoneManagerRequestHandler.java:239) ~[ozone-manager-1.3.0-SNAPSHOT.jar:?]
	at org.apache.hadoop.ozone.protocolPB.OzoneManagerProtocolServerSideTranslatorPB.submitReadRequestToOM(OzoneManagerProtocolServerSideTranslatorPB.java:226) ~[ozone-manager-1.3.0-SNAPSHOT.jar:?]
	at org.apache.hadoop.ozone.protocolPB.OzoneManagerProtocolServerSideTranslatorPB.processRequest(OzoneManagerProtocolServerSideTranslatorPB.java:175) ~[ozone-manager-1.3.0-SNAPSHOT.jar:?]
	at org.apache.hadoop.hdds.server.OzoneProtocolMessageDispatcher.processRequest(OzoneProtocolMessageDispatcher.java:87) [hdds-server-framework-1.3.0-SNAPSHOT.jar:?]
	at org.apache.hadoop.ozone.protocolPB.OzoneManagerProtocolServerSideTranslatorPB.submitRequest(OzoneManagerProtocolServerSideTranslatorPB.java:147) [ozone-manager-1.3.0-SNAPSHOT.jar:?]
	at org.apache.hadoop.ozone.protocol.proto.OzoneManagerProtocolProtos$OzoneManagerService$2.callBlockingMethod(OzoneManagerProtocolProtos.java) [ozone-interface-client-1.3.0-SNAPSHOT.jar:?]
	at org.apache.hadoop.ipc.ProtobufRpcEngine$Server.processCall(ProtobufRpcEngine.java:466) [hadoop-common-3.3.1.jar:?]
	at org.apache.hadoop.ipc.ProtobufRpcEngine2$Server$ProtoBufRpcInvoker.call(ProtobufRpcEngine2.java:574) [hadoop-common-3.3.1.jar:?]
	at org.apache.hadoop.ipc.ProtobufRpcEngine2$Server$ProtoBufRpcInvoker.call(ProtobufRpcEngine2.java:552) [hadoop-common-3.3.1.jar:?]
	at org.apache.hadoop.ipc.RPC$Server.call(RPC.java:1093) [hadoop-common-3.3.1.jar:?]
	at org.apache.hadoop.ipc.Server$RpcCall.run(Server.java:1035) [hadoop-common-3.3.1.jar:?]
	at org.apache.hadoop.ipc.Server$RpcCall.run(Server.java:963) [hadoop-common-3.3.1.jar:?]
	at java.security.AccessController.doPrivileged(Native Method) ~[?:1.8.0_345]
	at javax.security.auth.Subject.doAs(Subject.java:422) [?:1.8.0_345]
	at org.apache.hadoop.security.UserGroupInformation.doAs(UserGroupInformation.java:1878) [hadoop-common-3.3.1.jar:?]
	at org.apache.hadoop.ipc.Server$Handler.run(Server.java:2966) [hadoop-common-3.3.1.jar:?]
]]></system-out>
  </testcase>
  <testcase name="testRenameToExistingDir" classname="TestOzoneFileSystem" time="0.296">
    <system-out><![CDATA[09:59:01.251 [IPC Server handler 0 on default port 38925] ERROR OMAudit - user=runner | ip=127.0.0.1 | op=LIST_STATUS {volume=volume75139, bucket=bucket52642, key=b/a, dataSize=0, replicationConfig=null} | ret=FAILURE
org.apache.hadoop.ozone.om.exceptions.OMException: Unable to get file status: volume: volume75139 bucket: bucket52642 key: b/a
	at org.apache.hadoop.ozone.om.KeyManagerImpl.getOzoneFileStatus(KeyManagerImpl.java:1324) ~[ozone-manager-1.3.0-SNAPSHOT.jar:?]
	at org.apache.hadoop.ozone.om.KeyManagerImpl.getFileStatus(KeyManagerImpl.java:1254) ~[ozone-manager-1.3.0-SNAPSHOT.jar:?]
	at org.apache.hadoop.ozone.om.KeyManagerImpl.listStatus(KeyManagerImpl.java:1578) ~[ozone-manager-1.3.0-SNAPSHOT.jar:?]
	at org.apache.hadoop.ozone.om.OzoneManager.listStatus(OzoneManager.java:3584) ~[ozone-manager-1.3.0-SNAPSHOT.jar:?]
	at org.apache.hadoop.ozone.protocolPB.OzoneManagerRequestHandler.listStatus(OzoneManagerRequestHandler.java:1072) ~[ozone-manager-1.3.0-SNAPSHOT.jar:?]
	at org.apache.hadoop.ozone.protocolPB.OzoneManagerRequestHandler.handleReadRequest(OzoneManagerRequestHandler.java:239) ~[ozone-manager-1.3.0-SNAPSHOT.jar:?]
	at org.apache.hadoop.ozone.protocolPB.OzoneManagerProtocolServerSideTranslatorPB.submitRequestDirectlyToOM(OzoneManagerProtocolServerSideTranslatorPB.java:276) ~[ozone-manager-1.3.0-SNAPSHOT.jar:?]
	at org.apache.hadoop.ozone.protocolPB.OzoneManagerProtocolServerSideTranslatorPB.processRequest(OzoneManagerProtocolServerSideTranslatorPB.java:205) ~[ozone-manager-1.3.0-SNAPSHOT.jar:?]
	at org.apache.hadoop.hdds.server.OzoneProtocolMessageDispatcher.processRequest(OzoneProtocolMessageDispatcher.java:87) [hdds-server-framework-1.3.0-SNAPSHOT.jar:?]
	at org.apache.hadoop.ozone.protocolPB.OzoneManagerProtocolServerSideTranslatorPB.submitRequest(OzoneManagerProtocolServerSideTranslatorPB.java:147) [ozone-manager-1.3.0-SNAPSHOT.jar:?]
	at org.apache.hadoop.ozone.protocol.proto.OzoneManagerProtocolProtos$OzoneManagerService$2.callBlockingMethod(OzoneManagerProtocolProtos.java) [ozone-interface-client-1.3.0-SNAPSHOT.jar:?]
	at org.apache.hadoop.ipc.ProtobufRpcEngine$Server.processCall(ProtobufRpcEngine.java:466) [hadoop-common-3.3.1.jar:?]
	at org.apache.hadoop.ipc.ProtobufRpcEngine2$Server$ProtoBufRpcInvoker.call(ProtobufRpcEngine2.java:574) [hadoop-common-3.3.1.jar:?]
	at org.apache.hadoop.ipc.ProtobufRpcEngine2$Server$ProtoBufRpcInvoker.call(ProtobufRpcEngine2.java:552) [hadoop-common-3.3.1.jar:?]
	at org.apache.hadoop.ipc.RPC$Server.call(RPC.java:1093) [hadoop-common-3.3.1.jar:?]
	at org.apache.hadoop.ipc.Server$RpcCall.run(Server.java:1035) [hadoop-common-3.3.1.jar:?]
	at org.apache.hadoop.ipc.Server$RpcCall.run(Server.java:963) [hadoop-common-3.3.1.jar:?]
	at java.security.AccessController.doPrivileged(Native Method) ~[?:1.8.0_345]
	at javax.security.auth.Subject.doAs(Subject.java:422) [?:1.8.0_345]
	at org.apache.hadoop.security.UserGroupInformation.doAs(UserGroupInformation.java:1878) [hadoop-common-3.3.1.jar:?]
	at org.apache.hadoop.ipc.Server$Handler.run(Server.java:2966) [hadoop-common-3.3.1.jar:?]
]]></system-out>
  </testcase>
  <testcase name="testRenameDirToItsOwnSubDir" classname="TestOzoneFileSystem" time="0.02">
    <system-out><![CDATA[2022-09-28 09:54:17,618 [Time-limited test] INFO  ozone.TestOzoneFileSystem (TestOzoneFileSystem.java:testRenameDirToItsOwnSubDir(1073)) - Created dir1 o3fs://bucket36363.volume02959/root/dir1/sub_dir1
2022-09-28 09:54:17,618 [Time-limited test] INFO  ozone.TestOzoneFileSystem (TestOzoneFileSystem.java:testRenameDirToItsOwnSubDir(1076)) - Rename op-> source:o3fs://bucket36363.volume02959/root to destin:o3fs://bucket36363.volume02959/root/dir1/sub_dir1
]]></system-out>
  </testcase>
  <testcase name="testRenameDirToItsOwnSubDir" classname="TestOzoneFileSystem" time="0.008">
    <system-out><![CDATA[2022-09-28 09:55:42,433 [Time-limited test] INFO  ozone.TestOzoneFileSystem (TestOzoneFileSystem.java:testRenameDirToItsOwnSubDir(1073)) - Created dir1 o3fs://bucket29095.volume99279/root/dir1/sub_dir1
2022-09-28 09:55:42,433 [Time-limited test] INFO  ozone.TestOzoneFileSystem (TestOzoneFileSystem.java:testRenameDirToItsOwnSubDir(1076)) - Rename op-> source:o3fs://bucket29095.volume99279/root to destin:o3fs://bucket29095.volume99279/root/dir1/sub_dir1
]]></system-out>
  </testcase>
  <testcase name="testRenameDirToItsOwnSubDir" classname="TestOzoneFileSystem" time="0.034">
    <system-out><![CDATA[2022-09-28 09:57:03,485 [Time-limited test] INFO  ozone.TestOzoneFileSystem (TestOzoneFileSystem.java:testRenameDirToItsOwnSubDir(1073)) - Created dir1 o3fs://bucket93813.volume16412/root/dir1/sub_dir1
2022-09-28 09:57:03,485 [Time-limited test] INFO  ozone.TestOzoneFileSystem (TestOzoneFileSystem.java:testRenameDirToItsOwnSubDir(1076)) - Rename op-> source:o3fs://bucket93813.volume16412/root to destin:o3fs://bucket93813.volume16412/root/dir1/sub_dir1
]]></system-out>
  </testcase>
  <testcase name="testRenameDirToItsOwnSubDir" classname="TestOzoneFileSystem" time="0.025">
    <system-out><![CDATA[2022-09-28 09:59:01,277 [Time-limited test] INFO  ozone.TestOzoneFileSystem (TestOzoneFileSystem.java:testRenameDirToItsOwnSubDir(1073)) - Created dir1 o3fs://bucket52642.volume75139/root/dir1/sub_dir1
2022-09-28 09:59:01,277 [Time-limited test] INFO  ozone.TestOzoneFileSystem (TestOzoneFileSystem.java:testRenameDirToItsOwnSubDir(1076)) - Rename op-> source:o3fs://bucket52642.volume75139/root to destin:o3fs://bucket52642.volume75139/root/dir1/sub_dir1
]]></system-out>
  </testcase>
  <testcase name="testGetDirectoryModificationTime" classname="TestOzoneFileSystem" time="0.141"/>
  <testcase name="testGetDirectoryModificationTime" classname="TestOzoneFileSystem" time="0.118"/>
  <testcase name="testGetDirectoryModificationTime" classname="TestOzoneFileSystem" time="0.162"/>
  <testcase name="testGetDirectoryModificationTime" classname="TestOzoneFileSystem" time="0.131"/>
  <testcase name="testOzoneFsServiceLoader" classname="TestOzoneFileSystem" time="0.006"/>
  <testcase name="testOzoneFsServiceLoader" classname="TestOzoneFileSystem" time="0.007"/>
  <testcase name="testOzoneFsServiceLoader" classname="TestOzoneFileSystem" time="0.011"/>
  <testcase name="testOzoneFsServiceLoader" classname="TestOzoneFileSystem" time="0.031"/>
  <testcase name="testTrash" classname="TestOzoneFileSystem" time="4.068">
    <system-out><![CDATA[09:54:17.795 [IPC Server handler 5 on default port 33915] ERROR OMAudit - user=runner | ip=127.0.0.1 | op=GET_FILE_STATUS {volume=volume02959, bucket=bucket36363, key=.Trash/runner/Current/testKey2, dataSize=0, replicationConfig=null} | ret=FAILURE
org.apache.hadoop.ozone.om.exceptions.OMException: Unable to get file status: volume: volume02959 bucket: bucket36363 key: .Trash/runner/Current/testKey2
	at org.apache.hadoop.ozone.om.KeyManagerImpl.getOzoneFileStatus(KeyManagerImpl.java:1324) ~[ozone-manager-1.3.0-SNAPSHOT.jar:?]
	at org.apache.hadoop.ozone.om.KeyManagerImpl.getFileStatus(KeyManagerImpl.java:1254) ~[ozone-manager-1.3.0-SNAPSHOT.jar:?]
	at org.apache.hadoop.ozone.om.OzoneManager.getFileStatus(OzoneManager.java:3506) ~[ozone-manager-1.3.0-SNAPSHOT.jar:?]
	at org.apache.hadoop.ozone.protocolPB.OzoneManagerRequestHandler.getOzoneFileStatus(OzoneManagerRequestHandler.java:882) ~[ozone-manager-1.3.0-SNAPSHOT.jar:?]
	at org.apache.hadoop.ozone.protocolPB.OzoneManagerRequestHandler.handleReadRequest(OzoneManagerRequestHandler.java:228) ~[ozone-manager-1.3.0-SNAPSHOT.jar:?]
	at org.apache.hadoop.ozone.protocolPB.OzoneManagerProtocolServerSideTranslatorPB.submitReadRequestToOM(OzoneManagerProtocolServerSideTranslatorPB.java:226) ~[ozone-manager-1.3.0-SNAPSHOT.jar:?]
	at org.apache.hadoop.ozone.protocolPB.OzoneManagerProtocolServerSideTranslatorPB.processRequest(OzoneManagerProtocolServerSideTranslatorPB.java:175) ~[ozone-manager-1.3.0-SNAPSHOT.jar:?]
	at org.apache.hadoop.hdds.server.OzoneProtocolMessageDispatcher.processRequest(OzoneProtocolMessageDispatcher.java:87) [hdds-server-framework-1.3.0-SNAPSHOT.jar:?]
	at org.apache.hadoop.ozone.protocolPB.OzoneManagerProtocolServerSideTranslatorPB.submitRequest(OzoneManagerProtocolServerSideTranslatorPB.java:147) [ozone-manager-1.3.0-SNAPSHOT.jar:?]
	at org.apache.hadoop.ozone.protocol.proto.OzoneManagerProtocolProtos$OzoneManagerService$2.callBlockingMethod(OzoneManagerProtocolProtos.java) [ozone-interface-client-1.3.0-SNAPSHOT.jar:?]
	at org.apache.hadoop.ipc.ProtobufRpcEngine$Server.processCall(ProtobufRpcEngine.java:466) [hadoop-common-3.3.1.jar:?]
	at org.apache.hadoop.ipc.ProtobufRpcEngine2$Server$ProtoBufRpcInvoker.call(ProtobufRpcEngine2.java:574) [hadoop-common-3.3.1.jar:?]
	at org.apache.hadoop.ipc.ProtobufRpcEngine2$Server$ProtoBufRpcInvoker.call(ProtobufRpcEngine2.java:552) [hadoop-common-3.3.1.jar:?]
	at org.apache.hadoop.ipc.RPC$Server.call(RPC.java:1093) [hadoop-common-3.3.1.jar:?]
	at org.apache.hadoop.ipc.Server$RpcCall.run(Server.java:1035) [hadoop-common-3.3.1.jar:?]
	at org.apache.hadoop.ipc.Server$RpcCall.run(Server.java:963) [hadoop-common-3.3.1.jar:?]
	at java.security.AccessController.doPrivileged(Native Method) ~[?:1.8.0_345]
	at javax.security.auth.Subject.doAs(Subject.java:422) [?:1.8.0_345]
	at org.apache.hadoop.security.UserGroupInformation.doAs(UserGroupInformation.java:1878) [hadoop-common-3.3.1.jar:?]
	at org.apache.hadoop.ipc.Server$Handler.run(Server.java:2966) [hadoop-common-3.3.1.jar:?]
2022-09-28 09:54:17,796 [Time-limited test] WARN  ozone.BasicOzoneFileSystem (BasicOzoneFileSystem.java:getFileStatus(765)) - GetFileStatus failed for path /.Trash/runner/Current/testKey2
java.io.FileNotFoundException: .Trash/runner/Current/testKey2: No such file or directory!
	at org.apache.hadoop.fs.ozone.BasicOzoneClientAdapterImpl.getFileStatus(BasicOzoneClientAdapterImpl.java:369)
	at org.apache.hadoop.fs.ozone.BasicOzoneFileSystem.getFileStatus(BasicOzoneFileSystem.java:757)
	at org.apache.hadoop.fs.FileSystem.exists(FileSystem.java:1760)
	at org.apache.hadoop.fs.ozone.BasicOzoneFileSystem.exists(BasicOzoneFileSystem.java:804)
	at org.apache.hadoop.fs.TrashPolicyDefault.moveToTrash(TrashPolicyDefault.java:181)
	at org.apache.hadoop.fs.Trash.moveToTrash(Trash.java:110)
	at org.apache.hadoop.fs.ozone.TestOzoneFileSystem.testTrash(TestOzoneFileSystem.java:1543)
	at sun.reflect.NativeMethodAccessorImpl.invoke0(Native Method)
	at sun.reflect.NativeMethodAccessorImpl.invoke(NativeMethodAccessorImpl.java:62)
	at sun.reflect.DelegatingMethodAccessorImpl.invoke(DelegatingMethodAccessorImpl.java:43)
	at java.lang.reflect.Method.invoke(Method.java:498)
	at org.junit.runners.model.FrameworkMethod$1.runReflectiveCall(FrameworkMethod.java:59)
	at org.junit.internal.runners.model.ReflectiveCallable.run(ReflectiveCallable.java:12)
	at org.junit.runners.model.FrameworkMethod.invokeExplosively(FrameworkMethod.java:56)
	at org.junit.internal.runners.statements.InvokeMethod.evaluate(InvokeMethod.java:17)
	at org.junit.internal.runners.statements.RunAfters.evaluate(RunAfters.java:27)
	at org.junit.internal.runners.statements.FailOnTimeout$CallableStatement.call(FailOnTimeout.java:288)
	at org.junit.internal.runners.statements.FailOnTimeout$CallableStatement.call(FailOnTimeout.java:282)
	at java.util.concurrent.FutureTask.run(FutureTask.java:266)
	at java.lang.Thread.run(Thread.java:750)
09:54:17.799 [IPC Server handler 13 on default port 33915] ERROR OMAudit - user=runner | ip=127.0.0.1 | op=GET_FILE_STATUS {volume=volume02959, bucket=bucket36363, key=.Trash/runner/Current/testKey2, dataSize=0, replicationConfig=null} | ret=FAILURE
org.apache.hadoop.ozone.om.exceptions.OMException: Unable to get file status: volume: volume02959 bucket: bucket36363 key: .Trash/runner/Current/testKey2
	at org.apache.hadoop.ozone.om.KeyManagerImpl.getOzoneFileStatus(KeyManagerImpl.java:1324) ~[ozone-manager-1.3.0-SNAPSHOT.jar:?]
	at org.apache.hadoop.ozone.om.KeyManagerImpl.getFileStatus(KeyManagerImpl.java:1254) ~[ozone-manager-1.3.0-SNAPSHOT.jar:?]
	at org.apache.hadoop.ozone.om.OzoneManager.getFileStatus(OzoneManager.java:3506) ~[ozone-manager-1.3.0-SNAPSHOT.jar:?]
	at org.apache.hadoop.ozone.protocolPB.OzoneManagerRequestHandler.getOzoneFileStatus(OzoneManagerRequestHandler.java:882) ~[ozone-manager-1.3.0-SNAPSHOT.jar:?]
	at org.apache.hadoop.ozone.protocolPB.OzoneManagerRequestHandler.handleReadRequest(OzoneManagerRequestHandler.java:228) ~[ozone-manager-1.3.0-SNAPSHOT.jar:?]
	at org.apache.hadoop.ozone.protocolPB.OzoneManagerProtocolServerSideTranslatorPB.submitReadRequestToOM(OzoneManagerProtocolServerSideTranslatorPB.java:226) ~[ozone-manager-1.3.0-SNAPSHOT.jar:?]
	at org.apache.hadoop.ozone.protocolPB.OzoneManagerProtocolServerSideTranslatorPB.processRequest(OzoneManagerProtocolServerSideTranslatorPB.java:175) ~[ozone-manager-1.3.0-SNAPSHOT.jar:?]
	at org.apache.hadoop.hdds.server.OzoneProtocolMessageDispatcher.processRequest(OzoneProtocolMessageDispatcher.java:87) [hdds-server-framework-1.3.0-SNAPSHOT.jar:?]
	at org.apache.hadoop.ozone.protocolPB.OzoneManagerProtocolServerSideTranslatorPB.submitRequest(OzoneManagerProtocolServerSideTranslatorPB.java:147) [ozone-manager-1.3.0-SNAPSHOT.jar:?]
	at org.apache.hadoop.ozone.protocol.proto.OzoneManagerProtocolProtos$OzoneManagerService$2.callBlockingMethod(OzoneManagerProtocolProtos.java) [ozone-interface-client-1.3.0-SNAPSHOT.jar:?]
	at org.apache.hadoop.ipc.ProtobufRpcEngine$Server.processCall(ProtobufRpcEngine.java:466) [hadoop-common-3.3.1.jar:?]
	at org.apache.hadoop.ipc.ProtobufRpcEngine2$Server$ProtoBufRpcInvoker.call(ProtobufRpcEngine2.java:574) [hadoop-common-3.3.1.jar:?]
	at org.apache.hadoop.ipc.ProtobufRpcEngine2$Server$ProtoBufRpcInvoker.call(ProtobufRpcEngine2.java:552) [hadoop-common-3.3.1.jar:?]
	at org.apache.hadoop.ipc.RPC$Server.call(RPC.java:1093) [hadoop-common-3.3.1.jar:?]
	at org.apache.hadoop.ipc.Server$RpcCall.run(Server.java:1035) [hadoop-common-3.3.1.jar:?]
	at org.apache.hadoop.ipc.Server$RpcCall.run(Server.java:963) [hadoop-common-3.3.1.jar:?]
	at java.security.AccessController.doPrivileged(Native Method) ~[?:1.8.0_345]
	at javax.security.auth.Subject.doAs(Subject.java:422) [?:1.8.0_345]
	at org.apache.hadoop.security.UserGroupInformation.doAs(UserGroupInformation.java:1878) [hadoop-common-3.3.1.jar:?]
	at org.apache.hadoop.ipc.Server$Handler.run(Server.java:2966) [hadoop-common-3.3.1.jar:?]
2022-09-28 09:54:17,800 [Time-limited test] WARN  ozone.BasicOzoneFileSystem (BasicOzoneFileSystem.java:getFileStatus(765)) - GetFileStatus failed for path /.Trash/runner/Current/testKey2
java.io.FileNotFoundException: .Trash/runner/Current/testKey2: No such file or directory!
	at org.apache.hadoop.fs.ozone.BasicOzoneClientAdapterImpl.getFileStatus(BasicOzoneClientAdapterImpl.java:369)
	at org.apache.hadoop.fs.ozone.BasicOzoneFileSystem.getFileStatus(BasicOzoneFileSystem.java:757)
	at org.apache.hadoop.fs.ozone.BasicOzoneFileSystem.rename(BasicOzoneFileSystem.java:357)
	at org.apache.hadoop.fs.ozone.BasicOzoneFileSystem.rename(BasicOzoneFileSystem.java:454)
	at org.apache.hadoop.fs.TrashPolicyDefault.moveToTrash(TrashPolicyDefault.java:186)
	at org.apache.hadoop.fs.Trash.moveToTrash(Trash.java:110)
	at org.apache.hadoop.fs.ozone.TestOzoneFileSystem.testTrash(TestOzoneFileSystem.java:1543)
	at sun.reflect.NativeMethodAccessorImpl.invoke0(Native Method)
	at sun.reflect.NativeMethodAccessorImpl.invoke(NativeMethodAccessorImpl.java:62)
	at sun.reflect.DelegatingMethodAccessorImpl.invoke(DelegatingMethodAccessorImpl.java:43)
	at java.lang.reflect.Method.invoke(Method.java:498)
	at org.junit.runners.model.FrameworkMethod$1.runReflectiveCall(FrameworkMethod.java:59)
	at org.junit.internal.runners.model.ReflectiveCallable.run(ReflectiveCallable.java:12)
	at org.junit.runners.model.FrameworkMethod.invokeExplosively(FrameworkMethod.java:56)
	at org.junit.internal.runners.statements.InvokeMethod.evaluate(InvokeMethod.java:17)
	at org.junit.internal.runners.statements.RunAfters.evaluate(RunAfters.java:27)
	at org.junit.internal.runners.statements.FailOnTimeout$CallableStatement.call(FailOnTimeout.java:288)
	at org.junit.internal.runners.statements.FailOnTimeout$CallableStatement.call(FailOnTimeout.java:282)
	at java.util.concurrent.FutureTask.run(FutureTask.java:266)
	at java.lang.Thread.run(Thread.java:750)
2022-09-28 09:54:17,809 [Time-limited test] INFO  fs.TrashPolicyDefault (TrashPolicyDefault.java:moveToTrash(188)) - Moved: '/testKey2' to trash at: /.Trash/runner/Current/testKey2
09:54:18.814 [IPC Server handler 15 on default port 33915] ERROR OMAudit - user=runner | ip=127.0.0.1 | op=GET_FILE_STATUS {volume=volume02959, bucket=bucket36363, key=.Trash/runner/Current/testKey2, dataSize=0, replicationConfig=null} | ret=FAILURE
org.apache.hadoop.ozone.om.exceptions.OMException: Unable to get file status: volume: volume02959 bucket: bucket36363 key: .Trash/runner/Current/testKey2
	at org.apache.hadoop.ozone.om.KeyManagerImpl.getOzoneFileStatus(KeyManagerImpl.java:1324) ~[ozone-manager-1.3.0-SNAPSHOT.jar:?]
	at org.apache.hadoop.ozone.om.KeyManagerImpl.getFileStatus(KeyManagerImpl.java:1254) ~[ozone-manager-1.3.0-SNAPSHOT.jar:?]
	at org.apache.hadoop.ozone.om.OzoneManager.getFileStatus(OzoneManager.java:3506) ~[ozone-manager-1.3.0-SNAPSHOT.jar:?]
	at org.apache.hadoop.ozone.protocolPB.OzoneManagerRequestHandler.getOzoneFileStatus(OzoneManagerRequestHandler.java:882) ~[ozone-manager-1.3.0-SNAPSHOT.jar:?]
	at org.apache.hadoop.ozone.protocolPB.OzoneManagerRequestHandler.handleReadRequest(OzoneManagerRequestHandler.java:228) ~[ozone-manager-1.3.0-SNAPSHOT.jar:?]
	at org.apache.hadoop.ozone.protocolPB.OzoneManagerProtocolServerSideTranslatorPB.submitReadRequestToOM(OzoneManagerProtocolServerSideTranslatorPB.java:226) ~[ozone-manager-1.3.0-SNAPSHOT.jar:?]
	at org.apache.hadoop.ozone.protocolPB.OzoneManagerProtocolServerSideTranslatorPB.processRequest(OzoneManagerProtocolServerSideTranslatorPB.java:175) ~[ozone-manager-1.3.0-SNAPSHOT.jar:?]
	at org.apache.hadoop.hdds.server.OzoneProtocolMessageDispatcher.processRequest(OzoneProtocolMessageDispatcher.java:87) [hdds-server-framework-1.3.0-SNAPSHOT.jar:?]
	at org.apache.hadoop.ozone.protocolPB.OzoneManagerProtocolServerSideTranslatorPB.submitRequest(OzoneManagerProtocolServerSideTranslatorPB.java:147) [ozone-manager-1.3.0-SNAPSHOT.jar:?]
	at org.apache.hadoop.ozone.protocol.proto.OzoneManagerProtocolProtos$OzoneManagerService$2.callBlockingMethod(OzoneManagerProtocolProtos.java) [ozone-interface-client-1.3.0-SNAPSHOT.jar:?]
	at org.apache.hadoop.ipc.ProtobufRpcEngine$Server.processCall(ProtobufRpcEngine.java:466) [hadoop-common-3.3.1.jar:?]
	at org.apache.hadoop.ipc.ProtobufRpcEngine2$Server$ProtoBufRpcInvoker.call(ProtobufRpcEngine2.java:574) [hadoop-common-3.3.1.jar:?]
	at org.apache.hadoop.ipc.ProtobufRpcEngine2$Server$ProtoBufRpcInvoker.call(ProtobufRpcEngine2.java:552) [hadoop-common-3.3.1.jar:?]
	at org.apache.hadoop.ipc.RPC$Server.call(RPC.java:1093) [hadoop-common-3.3.1.jar:?]
	at org.apache.hadoop.ipc.Server$RpcCall.run(Server.java:1035) [hadoop-common-3.3.1.jar:?]
	at org.apache.hadoop.ipc.Server$RpcCall.run(Server.java:963) [hadoop-common-3.3.1.jar:?]
	at java.security.AccessController.doPrivileged(Native Method) ~[?:1.8.0_345]
	at javax.security.auth.Subject.doAs(Subject.java:422) [?:1.8.0_345]
	at org.apache.hadoop.security.UserGroupInformation.doAs(UserGroupInformation.java:1878) [hadoop-common-3.3.1.jar:?]
	at org.apache.hadoop.ipc.Server$Handler.run(Server.java:2966) [hadoop-common-3.3.1.jar:?]
2022-09-28 09:54:18,815 [Time-limited test] WARN  ozone.BasicOzoneFileSystem (BasicOzoneFileSystem.java:getFileStatus(765)) - GetFileStatus failed for path /.Trash/runner/Current/testKey2
java.io.FileNotFoundException: .Trash/runner/Current/testKey2: No such file or directory!
	at org.apache.hadoop.fs.ozone.BasicOzoneClientAdapterImpl.getFileStatus(BasicOzoneClientAdapterImpl.java:369)
	at org.apache.hadoop.fs.ozone.BasicOzoneFileSystem.getFileStatus(BasicOzoneFileSystem.java:757)
	at org.apache.hadoop.fs.FileSystem.exists(FileSystem.java:1760)
	at org.apache.hadoop.fs.ozone.BasicOzoneFileSystem.exists(BasicOzoneFileSystem.java:804)
	at org.apache.hadoop.fs.ozone.TestOzoneFileSystem.lambda$testTrash$5(TestOzoneFileSystem.java:1555)
	at org.apache.ozone.test.GenericTestUtils.waitFor(GenericTestUtils.java:218)
	at org.apache.hadoop.fs.ozone.TestOzoneFileSystem.testTrash(TestOzoneFileSystem.java:1553)
	at sun.reflect.NativeMethodAccessorImpl.invoke0(Native Method)
	at sun.reflect.NativeMethodAccessorImpl.invoke(NativeMethodAccessorImpl.java:62)
	at sun.reflect.DelegatingMethodAccessorImpl.invoke(DelegatingMethodAccessorImpl.java:43)
	at java.lang.reflect.Method.invoke(Method.java:498)
	at org.junit.runners.model.FrameworkMethod$1.runReflectiveCall(FrameworkMethod.java:59)
	at org.junit.internal.runners.model.ReflectiveCallable.run(ReflectiveCallable.java:12)
	at org.junit.runners.model.FrameworkMethod.invokeExplosively(FrameworkMethod.java:56)
	at org.junit.internal.runners.statements.InvokeMethod.evaluate(InvokeMethod.java:17)
	at org.junit.internal.runners.statements.RunAfters.evaluate(RunAfters.java:27)
	at org.junit.internal.runners.statements.FailOnTimeout$CallableStatement.call(FailOnTimeout.java:288)
	at org.junit.internal.runners.statements.FailOnTimeout$CallableStatement.call(FailOnTimeout.java:282)
	at java.util.concurrent.FutureTask.run(FutureTask.java:266)
	at java.lang.Thread.run(Thread.java:750)
]]></system-out>
  </testcase>
  <testcase name="testTrash" classname="TestOzoneFileSystem" time="4.035">
    <system-out><![CDATA[09:55:42.573 [IPC Server handler 10 on default port 43879] ERROR OMAudit - user=runner | ip=127.0.0.1 | op=GET_FILE_STATUS {volume=volume99279, bucket=bucket29095, key=.Trash/runner/Current/testKey2, dataSize=0, replicationConfig=null} | ret=FAILURE
org.apache.hadoop.ozone.om.exceptions.OMException: Unable to get file status: volume: volume99279 bucket: bucket29095 key: .Trash/runner/Current/testKey2
	at org.apache.hadoop.ozone.om.KeyManagerImpl.getOzoneFileStatus(KeyManagerImpl.java:1324) ~[ozone-manager-1.3.0-SNAPSHOT.jar:?]
	at org.apache.hadoop.ozone.om.KeyManagerImpl.getFileStatus(KeyManagerImpl.java:1254) ~[ozone-manager-1.3.0-SNAPSHOT.jar:?]
	at org.apache.hadoop.ozone.om.OzoneManager.getFileStatus(OzoneManager.java:3506) ~[ozone-manager-1.3.0-SNAPSHOT.jar:?]
	at org.apache.hadoop.ozone.protocolPB.OzoneManagerRequestHandler.getOzoneFileStatus(OzoneManagerRequestHandler.java:882) ~[ozone-manager-1.3.0-SNAPSHOT.jar:?]
	at org.apache.hadoop.ozone.protocolPB.OzoneManagerRequestHandler.handleReadRequest(OzoneManagerRequestHandler.java:228) ~[ozone-manager-1.3.0-SNAPSHOT.jar:?]
	at org.apache.hadoop.ozone.protocolPB.OzoneManagerProtocolServerSideTranslatorPB.submitRequestDirectlyToOM(OzoneManagerProtocolServerSideTranslatorPB.java:276) ~[ozone-manager-1.3.0-SNAPSHOT.jar:?]
	at org.apache.hadoop.ozone.protocolPB.OzoneManagerProtocolServerSideTranslatorPB.processRequest(OzoneManagerProtocolServerSideTranslatorPB.java:205) ~[ozone-manager-1.3.0-SNAPSHOT.jar:?]
	at org.apache.hadoop.hdds.server.OzoneProtocolMessageDispatcher.processRequest(OzoneProtocolMessageDispatcher.java:87) [hdds-server-framework-1.3.0-SNAPSHOT.jar:?]
	at org.apache.hadoop.ozone.protocolPB.OzoneManagerProtocolServerSideTranslatorPB.submitRequest(OzoneManagerProtocolServerSideTranslatorPB.java:147) [ozone-manager-1.3.0-SNAPSHOT.jar:?]
	at org.apache.hadoop.ozone.protocol.proto.OzoneManagerProtocolProtos$OzoneManagerService$2.callBlockingMethod(OzoneManagerProtocolProtos.java) [ozone-interface-client-1.3.0-SNAPSHOT.jar:?]
	at org.apache.hadoop.ipc.ProtobufRpcEngine$Server.processCall(ProtobufRpcEngine.java:466) [hadoop-common-3.3.1.jar:?]
	at org.apache.hadoop.ipc.ProtobufRpcEngine2$Server$ProtoBufRpcInvoker.call(ProtobufRpcEngine2.java:574) [hadoop-common-3.3.1.jar:?]
	at org.apache.hadoop.ipc.ProtobufRpcEngine2$Server$ProtoBufRpcInvoker.call(ProtobufRpcEngine2.java:552) [hadoop-common-3.3.1.jar:?]
	at org.apache.hadoop.ipc.RPC$Server.call(RPC.java:1093) [hadoop-common-3.3.1.jar:?]
	at org.apache.hadoop.ipc.Server$RpcCall.run(Server.java:1035) [hadoop-common-3.3.1.jar:?]
	at org.apache.hadoop.ipc.Server$RpcCall.run(Server.java:963) [hadoop-common-3.3.1.jar:?]
	at java.security.AccessController.doPrivileged(Native Method) ~[?:1.8.0_345]
	at javax.security.auth.Subject.doAs(Subject.java:422) [?:1.8.0_345]
	at org.apache.hadoop.security.UserGroupInformation.doAs(UserGroupInformation.java:1878) [hadoop-common-3.3.1.jar:?]
	at org.apache.hadoop.ipc.Server$Handler.run(Server.java:2966) [hadoop-common-3.3.1.jar:?]
2022-09-28 09:55:42,574 [Time-limited test] WARN  ozone.BasicOzoneFileSystem (BasicOzoneFileSystem.java:getFileStatus(765)) - GetFileStatus failed for path /.Trash/runner/Current/testKey2
java.io.FileNotFoundException: .Trash/runner/Current/testKey2: No such file or directory!
	at org.apache.hadoop.fs.ozone.BasicOzoneClientAdapterImpl.getFileStatus(BasicOzoneClientAdapterImpl.java:369)
	at org.apache.hadoop.fs.ozone.BasicOzoneFileSystem.getFileStatus(BasicOzoneFileSystem.java:757)
	at org.apache.hadoop.fs.FileSystem.exists(FileSystem.java:1760)
	at org.apache.hadoop.fs.ozone.BasicOzoneFileSystem.exists(BasicOzoneFileSystem.java:804)
	at org.apache.hadoop.fs.TrashPolicyDefault.moveToTrash(TrashPolicyDefault.java:181)
	at org.apache.hadoop.fs.Trash.moveToTrash(Trash.java:110)
	at org.apache.hadoop.fs.ozone.TestOzoneFileSystem.testTrash(TestOzoneFileSystem.java:1543)
	at sun.reflect.NativeMethodAccessorImpl.invoke0(Native Method)
	at sun.reflect.NativeMethodAccessorImpl.invoke(NativeMethodAccessorImpl.java:62)
	at sun.reflect.DelegatingMethodAccessorImpl.invoke(DelegatingMethodAccessorImpl.java:43)
	at java.lang.reflect.Method.invoke(Method.java:498)
	at org.junit.runners.model.FrameworkMethod$1.runReflectiveCall(FrameworkMethod.java:59)
	at org.junit.internal.runners.model.ReflectiveCallable.run(ReflectiveCallable.java:12)
	at org.junit.runners.model.FrameworkMethod.invokeExplosively(FrameworkMethod.java:56)
	at org.junit.internal.runners.statements.InvokeMethod.evaluate(InvokeMethod.java:17)
	at org.junit.internal.runners.statements.RunAfters.evaluate(RunAfters.java:27)
	at org.junit.internal.runners.statements.FailOnTimeout$CallableStatement.call(FailOnTimeout.java:288)
	at org.junit.internal.runners.statements.FailOnTimeout$CallableStatement.call(FailOnTimeout.java:282)
	at java.util.concurrent.FutureTask.run(FutureTask.java:266)
	at java.lang.Thread.run(Thread.java:750)
09:55:42.574 [IPC Server handler 19 on default port 43879] ERROR OMAudit - user=runner | ip=127.0.0.1 | op=GET_FILE_STATUS {volume=volume99279, bucket=bucket29095, key=.Trash/runner/Current/testKey2, dataSize=0, replicationConfig=null} | ret=FAILURE
org.apache.hadoop.ozone.om.exceptions.OMException: Unable to get file status: volume: volume99279 bucket: bucket29095 key: .Trash/runner/Current/testKey2
	at org.apache.hadoop.ozone.om.KeyManagerImpl.getOzoneFileStatus(KeyManagerImpl.java:1324) ~[ozone-manager-1.3.0-SNAPSHOT.jar:?]
	at org.apache.hadoop.ozone.om.KeyManagerImpl.getFileStatus(KeyManagerImpl.java:1254) ~[ozone-manager-1.3.0-SNAPSHOT.jar:?]
	at org.apache.hadoop.ozone.om.OzoneManager.getFileStatus(OzoneManager.java:3506) ~[ozone-manager-1.3.0-SNAPSHOT.jar:?]
	at org.apache.hadoop.ozone.protocolPB.OzoneManagerRequestHandler.getOzoneFileStatus(OzoneManagerRequestHandler.java:882) ~[ozone-manager-1.3.0-SNAPSHOT.jar:?]
	at org.apache.hadoop.ozone.protocolPB.OzoneManagerRequestHandler.handleReadRequest(OzoneManagerRequestHandler.java:228) ~[ozone-manager-1.3.0-SNAPSHOT.jar:?]
	at org.apache.hadoop.ozone.protocolPB.OzoneManagerProtocolServerSideTranslatorPB.submitRequestDirectlyToOM(OzoneManagerProtocolServerSideTranslatorPB.java:276) ~[ozone-manager-1.3.0-SNAPSHOT.jar:?]
	at org.apache.hadoop.ozone.protocolPB.OzoneManagerProtocolServerSideTranslatorPB.processRequest(OzoneManagerProtocolServerSideTranslatorPB.java:205) ~[ozone-manager-1.3.0-SNAPSHOT.jar:?]
	at org.apache.hadoop.hdds.server.OzoneProtocolMessageDispatcher.processRequest(OzoneProtocolMessageDispatcher.java:87) [hdds-server-framework-1.3.0-SNAPSHOT.jar:?]
	at org.apache.hadoop.ozone.protocolPB.OzoneManagerProtocolServerSideTranslatorPB.submitRequest(OzoneManagerProtocolServerSideTranslatorPB.java:147) [ozone-manager-1.3.0-SNAPSHOT.jar:?]
	at org.apache.hadoop.ozone.protocol.proto.OzoneManagerProtocolProtos$OzoneManagerService$2.callBlockingMethod(OzoneManagerProtocolProtos.java) [ozone-interface-client-1.3.0-SNAPSHOT.jar:?]
	at org.apache.hadoop.ipc.ProtobufRpcEngine$Server.processCall(ProtobufRpcEngine.java:466) [hadoop-common-3.3.1.jar:?]
	at org.apache.hadoop.ipc.ProtobufRpcEngine2$Server$ProtoBufRpcInvoker.call(ProtobufRpcEngine2.java:574) [hadoop-common-3.3.1.jar:?]
	at org.apache.hadoop.ipc.ProtobufRpcEngine2$Server$ProtoBufRpcInvoker.call(ProtobufRpcEngine2.java:552) [hadoop-common-3.3.1.jar:?]
	at org.apache.hadoop.ipc.RPC$Server.call(RPC.java:1093) [hadoop-common-3.3.1.jar:?]
	at org.apache.hadoop.ipc.Server$RpcCall.run(Server.java:1035) [hadoop-common-3.3.1.jar:?]
	at org.apache.hadoop.ipc.Server$RpcCall.run(Server.java:963) [hadoop-common-3.3.1.jar:?]
	at java.security.AccessController.doPrivileged(Native Method) ~[?:1.8.0_345]
	at javax.security.auth.Subject.doAs(Subject.java:422) [?:1.8.0_345]
	at org.apache.hadoop.security.UserGroupInformation.doAs(UserGroupInformation.java:1878) [hadoop-common-3.3.1.jar:?]
	at org.apache.hadoop.ipc.Server$Handler.run(Server.java:2966) [hadoop-common-3.3.1.jar:?]
2022-09-28 09:55:42,575 [Time-limited test] WARN  ozone.BasicOzoneFileSystem (BasicOzoneFileSystem.java:getFileStatus(765)) - GetFileStatus failed for path /.Trash/runner/Current/testKey2
java.io.FileNotFoundException: .Trash/runner/Current/testKey2: No such file or directory!
	at org.apache.hadoop.fs.ozone.BasicOzoneClientAdapterImpl.getFileStatus(BasicOzoneClientAdapterImpl.java:369)
	at org.apache.hadoop.fs.ozone.BasicOzoneFileSystem.getFileStatus(BasicOzoneFileSystem.java:757)
	at org.apache.hadoop.fs.ozone.BasicOzoneFileSystem.rename(BasicOzoneFileSystem.java:357)
	at org.apache.hadoop.fs.ozone.BasicOzoneFileSystem.rename(BasicOzoneFileSystem.java:454)
	at org.apache.hadoop.fs.TrashPolicyDefault.moveToTrash(TrashPolicyDefault.java:186)
	at org.apache.hadoop.fs.Trash.moveToTrash(Trash.java:110)
	at org.apache.hadoop.fs.ozone.TestOzoneFileSystem.testTrash(TestOzoneFileSystem.java:1543)
	at sun.reflect.NativeMethodAccessorImpl.invoke0(Native Method)
	at sun.reflect.NativeMethodAccessorImpl.invoke(NativeMethodAccessorImpl.java:62)
	at sun.reflect.DelegatingMethodAccessorImpl.invoke(DelegatingMethodAccessorImpl.java:43)
	at java.lang.reflect.Method.invoke(Method.java:498)
	at org.junit.runners.model.FrameworkMethod$1.runReflectiveCall(FrameworkMethod.java:59)
	at org.junit.internal.runners.model.ReflectiveCallable.run(ReflectiveCallable.java:12)
	at org.junit.runners.model.FrameworkMethod.invokeExplosively(FrameworkMethod.java:56)
	at org.junit.internal.runners.statements.InvokeMethod.evaluate(InvokeMethod.java:17)
	at org.junit.internal.runners.statements.RunAfters.evaluate(RunAfters.java:27)
	at org.junit.internal.runners.statements.FailOnTimeout$CallableStatement.call(FailOnTimeout.java:288)
	at org.junit.internal.runners.statements.FailOnTimeout$CallableStatement.call(FailOnTimeout.java:282)
	at java.util.concurrent.FutureTask.run(FutureTask.java:266)
	at java.lang.Thread.run(Thread.java:750)
2022-09-28 09:55:42,578 [Time-limited test] INFO  fs.TrashPolicyDefault (TrashPolicyDefault.java:moveToTrash(188)) - Moved: '/testKey2' to trash at: /.Trash/runner/Current/testKey2
2022-09-28 09:55:42,659 [1b053f0e-6c50-44bd-8a3e-e6e9059b4658@group-B1474FC66906-FollowerState] INFO  impl.FollowerState (FollowerState.java:run(143)) - 1b053f0e-6c50-44bd-8a3e-e6e9059b4658@group-B1474FC66906-FollowerState: change to CANDIDATE, lastRpcElapsedTime:5122768608ns, electionTimeout:5091ms
2022-09-28 09:55:42,660 [1b053f0e-6c50-44bd-8a3e-e6e9059b4658@group-B1474FC66906-FollowerState] INFO  impl.RoleInfo (RoleInfo.java:shutdownFollowerState(110)) - 1b053f0e-6c50-44bd-8a3e-e6e9059b4658: shutdown 1b053f0e-6c50-44bd-8a3e-e6e9059b4658@group-B1474FC66906-FollowerState
2022-09-28 09:55:42,660 [1b053f0e-6c50-44bd-8a3e-e6e9059b4658@group-B1474FC66906-FollowerState] INFO  server.RaftServer$Division (RaftServerImpl.java:setRole(299)) - 1b053f0e-6c50-44bd-8a3e-e6e9059b4658@group-B1474FC66906: changes role from  FOLLOWER to CANDIDATE at term 0 for changeToCandidate
2022-09-28 09:55:42,660 [1b053f0e-6c50-44bd-8a3e-e6e9059b4658@group-B1474FC66906-FollowerState] INFO  server.RaftServerConfigKeys (ConfUtils.java:logGet(46)) - raft.server.leaderelection.pre-vote = false (custom)
2022-09-28 09:55:42,660 [1b053f0e-6c50-44bd-8a3e-e6e9059b4658@group-B1474FC66906-FollowerState] INFO  impl.RoleInfo (RoleInfo.java:updateAndGet(139)) - 1b053f0e-6c50-44bd-8a3e-e6e9059b4658: start 1b053f0e-6c50-44bd-8a3e-e6e9059b4658@group-B1474FC66906-LeaderElection20
2022-09-28 09:55:42,678 [1b053f0e-6c50-44bd-8a3e-e6e9059b4658@group-B1474FC66906-LeaderElection20] INFO  impl.LeaderElection (LeaderElection.java:askForVotes(310)) - 1b053f0e-6c50-44bd-8a3e-e6e9059b4658@group-B1474FC66906-LeaderElection20 ELECTION round 0: submit vote requests at term 1 for -1: [1b053f0e-6c50-44bd-8a3e-e6e9059b4658|rpc:10.1.1.21:37401|priority:1], old=null
2022-09-28 09:55:42,679 [1b053f0e-6c50-44bd-8a3e-e6e9059b4658@group-B1474FC66906-LeaderElection20] INFO  impl.LeaderElection (LeaderElection.java:askForVotes(312)) - 1b053f0e-6c50-44bd-8a3e-e6e9059b4658@group-B1474FC66906-LeaderElection20 ELECTION round 0: result PASSED (term=1)
2022-09-28 09:55:42,679 [1b053f0e-6c50-44bd-8a3e-e6e9059b4658@group-B1474FC66906-LeaderElection20] INFO  impl.RoleInfo (RoleInfo.java:shutdownLeaderElection(130)) - 1b053f0e-6c50-44bd-8a3e-e6e9059b4658: shutdown 1b053f0e-6c50-44bd-8a3e-e6e9059b4658@group-B1474FC66906-LeaderElection20
2022-09-28 09:55:42,679 [1b053f0e-6c50-44bd-8a3e-e6e9059b4658@group-B1474FC66906-LeaderElection20] INFO  server.RaftServer$Division (RaftServerImpl.java:setRole(299)) - 1b053f0e-6c50-44bd-8a3e-e6e9059b4658@group-B1474FC66906: changes role from CANDIDATE to LEADER at term 1 for changeToLeader
2022-09-28 09:55:42,679 [1b053f0e-6c50-44bd-8a3e-e6e9059b4658@group-B1474FC66906-LeaderElection20] INFO  ratis.XceiverServerRatis (XceiverServerRatis.java:handleLeaderChangedNotification(863)) - Leader change notification received for group: group-B1474FC66906 with new leaderId: 1b053f0e-6c50-44bd-8a3e-e6e9059b4658
2022-09-28 09:55:42,679 [1b053f0e-6c50-44bd-8a3e-e6e9059b4658@group-B1474FC66906-LeaderElection20] INFO  server.RaftServer$Division (ServerState.java:setLeader(287)) - 1b053f0e-6c50-44bd-8a3e-e6e9059b4658@group-B1474FC66906: change Leader from null to 1b053f0e-6c50-44bd-8a3e-e6e9059b4658 at term 1 for becomeLeader, leader elected after 5158ms
2022-09-28 09:55:42,679 [1b053f0e-6c50-44bd-8a3e-e6e9059b4658@group-B1474FC66906-LeaderElection20] INFO  server.RaftServerConfigKeys (ConfUtils.java:logGet(46)) - raft.server.staging.catchup.gap = 1000 (default)
2022-09-28 09:55:42,679 [1b053f0e-6c50-44bd-8a3e-e6e9059b4658@group-B1474FC66906-LeaderElection20] INFO  server.RaftServerConfigKeys (ConfUtils.java:logGet(46)) - raft.server.write.element-limit = 1024 (custom)
2022-09-28 09:55:42,679 [1b053f0e-6c50-44bd-8a3e-e6e9059b4658@group-B1474FC66906-LeaderElection20] INFO  server.RaftServerConfigKeys (ConfUtils.java:logGet(46)) - raft.server.write.byte-limit = 1024 M (=1073741824) (custom)
2022-09-28 09:55:42,679 [1b053f0e-6c50-44bd-8a3e-e6e9059b4658@group-B1474FC66906-LeaderElection20] INFO  server.RaftServerConfigKeys (ConfUtils.java:logGet(46)) - raft.server.watch.timeout = 180s (custom)
2022-09-28 09:55:42,679 [1b053f0e-6c50-44bd-8a3e-e6e9059b4658@group-B1474FC66906-LeaderElection20] INFO  server.RaftServerConfigKeys (ConfUtils.java:logGet(46)) - raft.server.watch.timeout.denomination = 1s (default)
2022-09-28 09:55:42,679 [1b053f0e-6c50-44bd-8a3e-e6e9059b4658@group-B1474FC66906-LeaderElection20] INFO  server.RaftServerConfigKeys (ConfUtils.java:logGet(46)) - raft.server.watch.element-limit = 65536 (default)
2022-09-28 09:55:42,679 [1b053f0e-6c50-44bd-8a3e-e6e9059b4658@group-B1474FC66906-LeaderElection20] INFO  server.RaftServerConfigKeys (ConfUtils.java:logGet(46)) - raft.server.write.element-limit = 1024 (custom)
2022-09-28 09:55:42,679 [1b053f0e-6c50-44bd-8a3e-e6e9059b4658@group-B1474FC66906-LeaderElection20] INFO  server.RaftServerConfigKeys (ConfUtils.java:logGet(46)) - raft.server.write.follower.gap.ratio.max = -1.0 (default)
2022-09-28 09:55:42,680 [1b053f0e-6c50-44bd-8a3e-e6e9059b4658@group-B1474FC66906-LeaderElection20] INFO  impl.RoleInfo (RoleInfo.java:updateAndGet(139)) - 1b053f0e-6c50-44bd-8a3e-e6e9059b4658: start 1b053f0e-6c50-44bd-8a3e-e6e9059b4658@group-B1474FC66906-LeaderStateImpl
2022-09-28 09:55:42,680 [1b053f0e-6c50-44bd-8a3e-e6e9059b4658@group-B1474FC66906-LeaderElection20] INFO  segmented.SegmentedRaftLogWorker (SegmentedRaftLogWorker.java:startLogSegment(425)) - 1b053f0e-6c50-44bd-8a3e-e6e9059b4658@group-B1474FC66906-SegmentedRaftLogWorker: Starting segment from index:0
2022-09-28 09:55:42,681 [1b053f0e-6c50-44bd-8a3e-e6e9059b4658@group-B1474FC66906-SegmentedRaftLogWorker] INFO  segmented.SegmentedRaftLogWorker (SegmentedRaftLogWorker.java:execute(629)) - 1b053f0e-6c50-44bd-8a3e-e6e9059b4658@group-B1474FC66906-SegmentedRaftLogWorker: created new log segment /home/runner/work/ozone/ozone/hadoop-ozone/integration-test/target/test-dir/MiniOzoneClusterImpl-cfeb4578-2b30-44dc-9f0d-998ef01d83f0/datanode-4/data/ratis/d5b31e4b-6937-453f-aa56-b1474fc66906/current/log_inprogress_0
2022-09-28 09:55:42,685 [1b053f0e-6c50-44bd-8a3e-e6e9059b4658@group-B1474FC66906-LeaderElection20] INFO  server.RaftServer$Division (ServerState.java:setRaftConf(393)) - 1b053f0e-6c50-44bd-8a3e-e6e9059b4658@group-B1474FC66906: set configuration 0: [1b053f0e-6c50-44bd-8a3e-e6e9059b4658|rpc:10.1.1.21:37401|dataStream:|priority:1], old=null
09:55:43.579 [IPC Server handler 6 on default port 43879] ERROR OMAudit - user=runner | ip=127.0.0.1 | op=GET_FILE_STATUS {volume=volume99279, bucket=bucket29095, key=.Trash/runner/Current/testKey2, dataSize=0, replicationConfig=null} | ret=FAILURE
org.apache.hadoop.ozone.om.exceptions.OMException: Unable to get file status: volume: volume99279 bucket: bucket29095 key: .Trash/runner/Current/testKey2
	at org.apache.hadoop.ozone.om.KeyManagerImpl.getOzoneFileStatus(KeyManagerImpl.java:1324) ~[ozone-manager-1.3.0-SNAPSHOT.jar:?]
	at org.apache.hadoop.ozone.om.KeyManagerImpl.getFileStatus(KeyManagerImpl.java:1254) ~[ozone-manager-1.3.0-SNAPSHOT.jar:?]
	at org.apache.hadoop.ozone.om.OzoneManager.getFileStatus(OzoneManager.java:3506) ~[ozone-manager-1.3.0-SNAPSHOT.jar:?]
	at org.apache.hadoop.ozone.protocolPB.OzoneManagerRequestHandler.getOzoneFileStatus(OzoneManagerRequestHandler.java:882) ~[ozone-manager-1.3.0-SNAPSHOT.jar:?]
	at org.apache.hadoop.ozone.protocolPB.OzoneManagerRequestHandler.handleReadRequest(OzoneManagerRequestHandler.java:228) ~[ozone-manager-1.3.0-SNAPSHOT.jar:?]
	at org.apache.hadoop.ozone.protocolPB.OzoneManagerProtocolServerSideTranslatorPB.submitRequestDirectlyToOM(OzoneManagerProtocolServerSideTranslatorPB.java:276) ~[ozone-manager-1.3.0-SNAPSHOT.jar:?]
	at org.apache.hadoop.ozone.protocolPB.OzoneManagerProtocolServerSideTranslatorPB.processRequest(OzoneManagerProtocolServerSideTranslatorPB.java:205) ~[ozone-manager-1.3.0-SNAPSHOT.jar:?]
	at org.apache.hadoop.hdds.server.OzoneProtocolMessageDispatcher.processRequest(OzoneProtocolMessageDispatcher.java:87) [hdds-server-framework-1.3.0-SNAPSHOT.jar:?]
	at org.apache.hadoop.ozone.protocolPB.OzoneManagerProtocolServerSideTranslatorPB.submitRequest(OzoneManagerProtocolServerSideTranslatorPB.java:147) [ozone-manager-1.3.0-SNAPSHOT.jar:?]
	at org.apache.hadoop.ozone.protocol.proto.OzoneManagerProtocolProtos$OzoneManagerService$2.callBlockingMethod(OzoneManagerProtocolProtos.java) [ozone-interface-client-1.3.0-SNAPSHOT.jar:?]
	at org.apache.hadoop.ipc.ProtobufRpcEngine$Server.processCall(ProtobufRpcEngine.java:466) [hadoop-common-3.3.1.jar:?]
	at org.apache.hadoop.ipc.ProtobufRpcEngine2$Server$ProtoBufRpcInvoker.call(ProtobufRpcEngine2.java:574) [hadoop-common-3.3.1.jar:?]
	at org.apache.hadoop.ipc.ProtobufRpcEngine2$Server$ProtoBufRpcInvoker.call(ProtobufRpcEngine2.java:552) [hadoop-common-3.3.1.jar:?]
	at org.apache.hadoop.ipc.RPC$Server.call(RPC.java:1093) [hadoop-common-3.3.1.jar:?]
	at org.apache.hadoop.ipc.Server$RpcCall.run(Server.java:1035) [hadoop-common-3.3.1.jar:?]
	at org.apache.hadoop.ipc.Server$RpcCall.run(Server.java:963) [hadoop-common-3.3.1.jar:?]
	at java.security.AccessController.doPrivileged(Native Method) ~[?:1.8.0_345]
	at javax.security.auth.Subject.doAs(Subject.java:422) [?:1.8.0_345]
	at org.apache.hadoop.security.UserGroupInformation.doAs(UserGroupInformation.java:1878) [hadoop-common-3.3.1.jar:?]
	at org.apache.hadoop.ipc.Server$Handler.run(Server.java:2966) [hadoop-common-3.3.1.jar:?]
2022-09-28 09:55:43,579 [Time-limited test] WARN  ozone.BasicOzoneFileSystem (BasicOzoneFileSystem.java:getFileStatus(765)) - GetFileStatus failed for path /.Trash/runner/Current/testKey2
java.io.FileNotFoundException: .Trash/runner/Current/testKey2: No such file or directory!
	at org.apache.hadoop.fs.ozone.BasicOzoneClientAdapterImpl.getFileStatus(BasicOzoneClientAdapterImpl.java:369)
	at org.apache.hadoop.fs.ozone.BasicOzoneFileSystem.getFileStatus(BasicOzoneFileSystem.java:757)
	at org.apache.hadoop.fs.FileSystem.exists(FileSystem.java:1760)
	at org.apache.hadoop.fs.ozone.BasicOzoneFileSystem.exists(BasicOzoneFileSystem.java:804)
	at org.apache.hadoop.fs.ozone.TestOzoneFileSystem.lambda$testTrash$5(TestOzoneFileSystem.java:1555)
	at org.apache.ozone.test.GenericTestUtils.waitFor(GenericTestUtils.java:218)
	at org.apache.hadoop.fs.ozone.TestOzoneFileSystem.testTrash(TestOzoneFileSystem.java:1553)
	at sun.reflect.NativeMethodAccessorImpl.invoke0(Native Method)
	at sun.reflect.NativeMethodAccessorImpl.invoke(NativeMethodAccessorImpl.java:62)
	at sun.reflect.DelegatingMethodAccessorImpl.invoke(DelegatingMethodAccessorImpl.java:43)
	at java.lang.reflect.Method.invoke(Method.java:498)
	at org.junit.runners.model.FrameworkMethod$1.runReflectiveCall(FrameworkMethod.java:59)
	at org.junit.internal.runners.model.ReflectiveCallable.run(ReflectiveCallable.java:12)
	at org.junit.runners.model.FrameworkMethod.invokeExplosively(FrameworkMethod.java:56)
	at org.junit.internal.runners.statements.InvokeMethod.evaluate(InvokeMethod.java:17)
	at org.junit.internal.runners.statements.RunAfters.evaluate(RunAfters.java:27)
	at org.junit.internal.runners.statements.FailOnTimeout$CallableStatement.call(FailOnTimeout.java:288)
	at org.junit.internal.runners.statements.FailOnTimeout$CallableStatement.call(FailOnTimeout.java:282)
	at java.util.concurrent.FutureTask.run(FutureTask.java:266)
	at java.lang.Thread.run(Thread.java:750)
]]></system-out>
  </testcase>
  <testcase name="testTrash" classname="TestOzoneFileSystem" time="4.085">
    <system-out><![CDATA[09:57:03.721 [IPC Server handler 7 on default port 44537] ERROR OMAudit - user=runner | ip=127.0.0.1 | op=GET_FILE_STATUS {volume=volume16412, bucket=bucket93813, key=.Trash/runner/Current/testKey2, dataSize=0, replicationConfig=null} | ret=FAILURE
org.apache.hadoop.ozone.om.exceptions.OMException: Unable to get file status: volume: volume16412 bucket: bucket93813 key: .Trash/runner/Current/testKey2
	at org.apache.hadoop.ozone.om.KeyManagerImpl.getOzoneFileStatus(KeyManagerImpl.java:1324) ~[ozone-manager-1.3.0-SNAPSHOT.jar:?]
	at org.apache.hadoop.ozone.om.KeyManagerImpl.getFileStatus(KeyManagerImpl.java:1254) ~[ozone-manager-1.3.0-SNAPSHOT.jar:?]
	at org.apache.hadoop.ozone.om.OzoneManager.getFileStatus(OzoneManager.java:3506) ~[ozone-manager-1.3.0-SNAPSHOT.jar:?]
	at org.apache.hadoop.ozone.protocolPB.OzoneManagerRequestHandler.getOzoneFileStatus(OzoneManagerRequestHandler.java:882) ~[ozone-manager-1.3.0-SNAPSHOT.jar:?]
	at org.apache.hadoop.ozone.protocolPB.OzoneManagerRequestHandler.handleReadRequest(OzoneManagerRequestHandler.java:228) ~[ozone-manager-1.3.0-SNAPSHOT.jar:?]
	at org.apache.hadoop.ozone.protocolPB.OzoneManagerProtocolServerSideTranslatorPB.submitReadRequestToOM(OzoneManagerProtocolServerSideTranslatorPB.java:226) ~[ozone-manager-1.3.0-SNAPSHOT.jar:?]
	at org.apache.hadoop.ozone.protocolPB.OzoneManagerProtocolServerSideTranslatorPB.processRequest(OzoneManagerProtocolServerSideTranslatorPB.java:175) ~[ozone-manager-1.3.0-SNAPSHOT.jar:?]
	at org.apache.hadoop.hdds.server.OzoneProtocolMessageDispatcher.processRequest(OzoneProtocolMessageDispatcher.java:87) [hdds-server-framework-1.3.0-SNAPSHOT.jar:?]
	at org.apache.hadoop.ozone.protocolPB.OzoneManagerProtocolServerSideTranslatorPB.submitRequest(OzoneManagerProtocolServerSideTranslatorPB.java:147) [ozone-manager-1.3.0-SNAPSHOT.jar:?]
	at org.apache.hadoop.ozone.protocol.proto.OzoneManagerProtocolProtos$OzoneManagerService$2.callBlockingMethod(OzoneManagerProtocolProtos.java) [ozone-interface-client-1.3.0-SNAPSHOT.jar:?]
	at org.apache.hadoop.ipc.ProtobufRpcEngine$Server.processCall(ProtobufRpcEngine.java:466) [hadoop-common-3.3.1.jar:?]
	at org.apache.hadoop.ipc.ProtobufRpcEngine2$Server$ProtoBufRpcInvoker.call(ProtobufRpcEngine2.java:574) [hadoop-common-3.3.1.jar:?]
	at org.apache.hadoop.ipc.ProtobufRpcEngine2$Server$ProtoBufRpcInvoker.call(ProtobufRpcEngine2.java:552) [hadoop-common-3.3.1.jar:?]
	at org.apache.hadoop.ipc.RPC$Server.call(RPC.java:1093) [hadoop-common-3.3.1.jar:?]
	at org.apache.hadoop.ipc.Server$RpcCall.run(Server.java:1035) [hadoop-common-3.3.1.jar:?]
	at org.apache.hadoop.ipc.Server$RpcCall.run(Server.java:963) [hadoop-common-3.3.1.jar:?]
	at java.security.AccessController.doPrivileged(Native Method) ~[?:1.8.0_345]
	at javax.security.auth.Subject.doAs(Subject.java:422) [?:1.8.0_345]
	at org.apache.hadoop.security.UserGroupInformation.doAs(UserGroupInformation.java:1878) [hadoop-common-3.3.1.jar:?]
	at org.apache.hadoop.ipc.Server$Handler.run(Server.java:2966) [hadoop-common-3.3.1.jar:?]
2022-09-28 09:57:03,721 [Time-limited test] WARN  ozone.BasicOzoneFileSystem (BasicOzoneFileSystem.java:getFileStatus(765)) - GetFileStatus failed for path /.Trash/runner/Current/testKey2
java.io.FileNotFoundException: .Trash/runner/Current/testKey2: No such file or directory!
	at org.apache.hadoop.fs.ozone.BasicOzoneClientAdapterImpl.getFileStatus(BasicOzoneClientAdapterImpl.java:369)
	at org.apache.hadoop.fs.ozone.BasicOzoneFileSystem.getFileStatus(BasicOzoneFileSystem.java:757)
	at org.apache.hadoop.fs.FileSystem.exists(FileSystem.java:1760)
	at org.apache.hadoop.fs.ozone.BasicOzoneFileSystem.exists(BasicOzoneFileSystem.java:804)
	at org.apache.hadoop.fs.TrashPolicyDefault.moveToTrash(TrashPolicyDefault.java:181)
	at org.apache.hadoop.fs.Trash.moveToTrash(Trash.java:110)
	at org.apache.hadoop.fs.ozone.TestOzoneFileSystem.testTrash(TestOzoneFileSystem.java:1543)
	at sun.reflect.NativeMethodAccessorImpl.invoke0(Native Method)
	at sun.reflect.NativeMethodAccessorImpl.invoke(NativeMethodAccessorImpl.java:62)
	at sun.reflect.DelegatingMethodAccessorImpl.invoke(DelegatingMethodAccessorImpl.java:43)
	at java.lang.reflect.Method.invoke(Method.java:498)
	at org.junit.runners.model.FrameworkMethod$1.runReflectiveCall(FrameworkMethod.java:59)
	at org.junit.internal.runners.model.ReflectiveCallable.run(ReflectiveCallable.java:12)
	at org.junit.runners.model.FrameworkMethod.invokeExplosively(FrameworkMethod.java:56)
	at org.junit.internal.runners.statements.InvokeMethod.evaluate(InvokeMethod.java:17)
	at org.junit.internal.runners.statements.RunAfters.evaluate(RunAfters.java:27)
	at org.junit.internal.runners.statements.FailOnTimeout$CallableStatement.call(FailOnTimeout.java:288)
	at org.junit.internal.runners.statements.FailOnTimeout$CallableStatement.call(FailOnTimeout.java:282)
	at java.util.concurrent.FutureTask.run(FutureTask.java:266)
	at java.lang.Thread.run(Thread.java:750)
09:57:03.722 [IPC Server handler 13 on default port 44537] ERROR OMAudit - user=runner | ip=127.0.0.1 | op=GET_FILE_STATUS {volume=volume16412, bucket=bucket93813, key=.Trash/runner/Current/testKey2, dataSize=0, replicationConfig=null} | ret=FAILURE
org.apache.hadoop.ozone.om.exceptions.OMException: Unable to get file status: volume: volume16412 bucket: bucket93813 key: .Trash/runner/Current/testKey2
	at org.apache.hadoop.ozone.om.KeyManagerImpl.getOzoneFileStatus(KeyManagerImpl.java:1324) ~[ozone-manager-1.3.0-SNAPSHOT.jar:?]
	at org.apache.hadoop.ozone.om.KeyManagerImpl.getFileStatus(KeyManagerImpl.java:1254) ~[ozone-manager-1.3.0-SNAPSHOT.jar:?]
	at org.apache.hadoop.ozone.om.OzoneManager.getFileStatus(OzoneManager.java:3506) ~[ozone-manager-1.3.0-SNAPSHOT.jar:?]
	at org.apache.hadoop.ozone.protocolPB.OzoneManagerRequestHandler.getOzoneFileStatus(OzoneManagerRequestHandler.java:882) ~[ozone-manager-1.3.0-SNAPSHOT.jar:?]
	at org.apache.hadoop.ozone.protocolPB.OzoneManagerRequestHandler.handleReadRequest(OzoneManagerRequestHandler.java:228) ~[ozone-manager-1.3.0-SNAPSHOT.jar:?]
	at org.apache.hadoop.ozone.protocolPB.OzoneManagerProtocolServerSideTranslatorPB.submitReadRequestToOM(OzoneManagerProtocolServerSideTranslatorPB.java:226) ~[ozone-manager-1.3.0-SNAPSHOT.jar:?]
	at org.apache.hadoop.ozone.protocolPB.OzoneManagerProtocolServerSideTranslatorPB.processRequest(OzoneManagerProtocolServerSideTranslatorPB.java:175) ~[ozone-manager-1.3.0-SNAPSHOT.jar:?]
	at org.apache.hadoop.hdds.server.OzoneProtocolMessageDispatcher.processRequest(OzoneProtocolMessageDispatcher.java:87) [hdds-server-framework-1.3.0-SNAPSHOT.jar:?]
	at org.apache.hadoop.ozone.protocolPB.OzoneManagerProtocolServerSideTranslatorPB.submitRequest(OzoneManagerProtocolServerSideTranslatorPB.java:147) [ozone-manager-1.3.0-SNAPSHOT.jar:?]
	at org.apache.hadoop.ozone.protocol.proto.OzoneManagerProtocolProtos$OzoneManagerService$2.callBlockingMethod(OzoneManagerProtocolProtos.java) [ozone-interface-client-1.3.0-SNAPSHOT.jar:?]
	at org.apache.hadoop.ipc.ProtobufRpcEngine$Server.processCall(ProtobufRpcEngine.java:466) [hadoop-common-3.3.1.jar:?]
	at org.apache.hadoop.ipc.ProtobufRpcEngine2$Server$ProtoBufRpcInvoker.call(ProtobufRpcEngine2.java:574) [hadoop-common-3.3.1.jar:?]
	at org.apache.hadoop.ipc.ProtobufRpcEngine2$Server$ProtoBufRpcInvoker.call(ProtobufRpcEngine2.java:552) [hadoop-common-3.3.1.jar:?]
	at org.apache.hadoop.ipc.RPC$Server.call(RPC.java:1093) [hadoop-common-3.3.1.jar:?]
	at org.apache.hadoop.ipc.Server$RpcCall.run(Server.java:1035) [hadoop-common-3.3.1.jar:?]
	at org.apache.hadoop.ipc.Server$RpcCall.run(Server.java:963) [hadoop-common-3.3.1.jar:?]
	at java.security.AccessController.doPrivileged(Native Method) ~[?:1.8.0_345]
	at javax.security.auth.Subject.doAs(Subject.java:422) [?:1.8.0_345]
	at org.apache.hadoop.security.UserGroupInformation.doAs(UserGroupInformation.java:1878) [hadoop-common-3.3.1.jar:?]
	at org.apache.hadoop.ipc.Server$Handler.run(Server.java:2966) [hadoop-common-3.3.1.jar:?]
2022-09-28 09:57:03,723 [Time-limited test] WARN  ozone.BasicOzoneFileSystem (BasicOzoneFileSystem.java:getFileStatus(765)) - GetFileStatus failed for path /.Trash/runner/Current/testKey2
java.io.FileNotFoundException: .Trash/runner/Current/testKey2: No such file or directory!
	at org.apache.hadoop.fs.ozone.BasicOzoneClientAdapterImpl.getFileStatus(BasicOzoneClientAdapterImpl.java:369)
	at org.apache.hadoop.fs.ozone.BasicOzoneFileSystem.getFileStatus(BasicOzoneFileSystem.java:757)
	at org.apache.hadoop.fs.ozone.BasicOzoneFileSystem.rename(BasicOzoneFileSystem.java:357)
	at org.apache.hadoop.fs.ozone.BasicOzoneFileSystem.rename(BasicOzoneFileSystem.java:454)
	at org.apache.hadoop.fs.TrashPolicyDefault.moveToTrash(TrashPolicyDefault.java:186)
	at org.apache.hadoop.fs.Trash.moveToTrash(Trash.java:110)
	at org.apache.hadoop.fs.ozone.TestOzoneFileSystem.testTrash(TestOzoneFileSystem.java:1543)
	at sun.reflect.NativeMethodAccessorImpl.invoke0(Native Method)
	at sun.reflect.NativeMethodAccessorImpl.invoke(NativeMethodAccessorImpl.java:62)
	at sun.reflect.DelegatingMethodAccessorImpl.invoke(DelegatingMethodAccessorImpl.java:43)
	at java.lang.reflect.Method.invoke(Method.java:498)
	at org.junit.runners.model.FrameworkMethod$1.runReflectiveCall(FrameworkMethod.java:59)
	at org.junit.internal.runners.model.ReflectiveCallable.run(ReflectiveCallable.java:12)
	at org.junit.runners.model.FrameworkMethod.invokeExplosively(FrameworkMethod.java:56)
	at org.junit.internal.runners.statements.InvokeMethod.evaluate(InvokeMethod.java:17)
	at org.junit.internal.runners.statements.RunAfters.evaluate(RunAfters.java:27)
	at org.junit.internal.runners.statements.FailOnTimeout$CallableStatement.call(FailOnTimeout.java:288)
	at org.junit.internal.runners.statements.FailOnTimeout$CallableStatement.call(FailOnTimeout.java:282)
	at java.util.concurrent.FutureTask.run(FutureTask.java:266)
	at java.lang.Thread.run(Thread.java:750)
2022-09-28 09:57:03,730 [Time-limited test] INFO  fs.TrashPolicyDefault (TrashPolicyDefault.java:moveToTrash(188)) - Moved: '/testKey2' to trash at: /.Trash/runner/Current/testKey2
2022-09-28 09:57:04,292 [acee90ba-6a36-4d19-a884-4d9c08123ee0@group-2F4949483F4D-FollowerState] INFO  impl.FollowerState (FollowerState.java:run(143)) - acee90ba-6a36-4d19-a884-4d9c08123ee0@group-2F4949483F4D-FollowerState: change to CANDIDATE, lastRpcElapsedTime:5123739526ns, electionTimeout:5123ms
2022-09-28 09:57:04,292 [acee90ba-6a36-4d19-a884-4d9c08123ee0@group-2F4949483F4D-FollowerState] INFO  impl.RoleInfo (RoleInfo.java:shutdownFollowerState(110)) - acee90ba-6a36-4d19-a884-4d9c08123ee0: shutdown acee90ba-6a36-4d19-a884-4d9c08123ee0@group-2F4949483F4D-FollowerState
2022-09-28 09:57:04,292 [acee90ba-6a36-4d19-a884-4d9c08123ee0@group-2F4949483F4D-FollowerState] INFO  server.RaftServer$Division (RaftServerImpl.java:setRole(299)) - acee90ba-6a36-4d19-a884-4d9c08123ee0@group-2F4949483F4D: changes role from  FOLLOWER to CANDIDATE at term 0 for changeToCandidate
2022-09-28 09:57:04,292 [acee90ba-6a36-4d19-a884-4d9c08123ee0@group-2F4949483F4D-FollowerState] INFO  server.RaftServerConfigKeys (ConfUtils.java:logGet(46)) - raft.server.leaderelection.pre-vote = false (custom)
2022-09-28 09:57:04,292 [acee90ba-6a36-4d19-a884-4d9c08123ee0@group-2F4949483F4D-FollowerState] INFO  impl.RoleInfo (RoleInfo.java:updateAndGet(139)) - acee90ba-6a36-4d19-a884-4d9c08123ee0: start acee90ba-6a36-4d19-a884-4d9c08123ee0@group-2F4949483F4D-LeaderElection32
2022-09-28 09:57:04,328 [acee90ba-6a36-4d19-a884-4d9c08123ee0@group-2F4949483F4D-LeaderElection32] INFO  impl.LeaderElection (LeaderElection.java:askForVotes(310)) - acee90ba-6a36-4d19-a884-4d9c08123ee0@group-2F4949483F4D-LeaderElection32 ELECTION round 0: submit vote requests at term 1 for -1: [acee90ba-6a36-4d19-a884-4d9c08123ee0|rpc:10.1.1.21:36911|priority:1], old=null
2022-09-28 09:57:04,328 [acee90ba-6a36-4d19-a884-4d9c08123ee0@group-2F4949483F4D-LeaderElection32] INFO  impl.LeaderElection (LeaderElection.java:askForVotes(312)) - acee90ba-6a36-4d19-a884-4d9c08123ee0@group-2F4949483F4D-LeaderElection32 ELECTION round 0: result PASSED (term=1)
2022-09-28 09:57:04,328 [acee90ba-6a36-4d19-a884-4d9c08123ee0@group-2F4949483F4D-LeaderElection32] INFO  impl.RoleInfo (RoleInfo.java:shutdownLeaderElection(130)) - acee90ba-6a36-4d19-a884-4d9c08123ee0: shutdown acee90ba-6a36-4d19-a884-4d9c08123ee0@group-2F4949483F4D-LeaderElection32
2022-09-28 09:57:04,328 [acee90ba-6a36-4d19-a884-4d9c08123ee0@group-2F4949483F4D-LeaderElection32] INFO  server.RaftServer$Division (RaftServerImpl.java:setRole(299)) - acee90ba-6a36-4d19-a884-4d9c08123ee0@group-2F4949483F4D: changes role from CANDIDATE to LEADER at term 1 for changeToLeader
2022-09-28 09:57:04,329 [acee90ba-6a36-4d19-a884-4d9c08123ee0@group-2F4949483F4D-LeaderElection32] INFO  ratis.XceiverServerRatis (XceiverServerRatis.java:handleLeaderChangedNotification(863)) - Leader change notification received for group: group-2F4949483F4D with new leaderId: acee90ba-6a36-4d19-a884-4d9c08123ee0
2022-09-28 09:57:04,329 [acee90ba-6a36-4d19-a884-4d9c08123ee0@group-2F4949483F4D-LeaderElection32] INFO  server.RaftServer$Division (ServerState.java:setLeader(287)) - acee90ba-6a36-4d19-a884-4d9c08123ee0@group-2F4949483F4D: change Leader from null to acee90ba-6a36-4d19-a884-4d9c08123ee0 at term 1 for becomeLeader, leader elected after 5168ms
2022-09-28 09:57:04,329 [acee90ba-6a36-4d19-a884-4d9c08123ee0@group-2F4949483F4D-LeaderElection32] INFO  server.RaftServerConfigKeys (ConfUtils.java:logGet(46)) - raft.server.staging.catchup.gap = 1000 (default)
2022-09-28 09:57:04,329 [acee90ba-6a36-4d19-a884-4d9c08123ee0@group-2F4949483F4D-LeaderElection32] INFO  server.RaftServerConfigKeys (ConfUtils.java:logGet(46)) - raft.server.write.element-limit = 1024 (custom)
2022-09-28 09:57:04,329 [acee90ba-6a36-4d19-a884-4d9c08123ee0@group-2F4949483F4D-LeaderElection32] INFO  server.RaftServerConfigKeys (ConfUtils.java:logGet(46)) - raft.server.write.byte-limit = 1024 M (=1073741824) (custom)
2022-09-28 09:57:04,329 [acee90ba-6a36-4d19-a884-4d9c08123ee0@group-2F4949483F4D-LeaderElection32] INFO  server.RaftServerConfigKeys (ConfUtils.java:logGet(46)) - raft.server.watch.timeout = 180s (custom)
2022-09-28 09:57:04,329 [acee90ba-6a36-4d19-a884-4d9c08123ee0@group-2F4949483F4D-LeaderElection32] INFO  server.RaftServerConfigKeys (ConfUtils.java:logGet(46)) - raft.server.watch.timeout.denomination = 1s (default)
2022-09-28 09:57:04,329 [acee90ba-6a36-4d19-a884-4d9c08123ee0@group-2F4949483F4D-LeaderElection32] INFO  server.RaftServerConfigKeys (ConfUtils.java:logGet(46)) - raft.server.watch.element-limit = 65536 (default)
2022-09-28 09:57:04,329 [acee90ba-6a36-4d19-a884-4d9c08123ee0@group-2F4949483F4D-LeaderElection32] INFO  server.RaftServerConfigKeys (ConfUtils.java:logGet(46)) - raft.server.write.element-limit = 1024 (custom)
2022-09-28 09:57:04,329 [acee90ba-6a36-4d19-a884-4d9c08123ee0@group-2F4949483F4D-LeaderElection32] INFO  server.RaftServerConfigKeys (ConfUtils.java:logGet(46)) - raft.server.write.follower.gap.ratio.max = -1.0 (default)
2022-09-28 09:57:04,329 [acee90ba-6a36-4d19-a884-4d9c08123ee0@group-2F4949483F4D-LeaderElection32] INFO  impl.RoleInfo (RoleInfo.java:updateAndGet(139)) - acee90ba-6a36-4d19-a884-4d9c08123ee0: start acee90ba-6a36-4d19-a884-4d9c08123ee0@group-2F4949483F4D-LeaderStateImpl
2022-09-28 09:57:04,330 [acee90ba-6a36-4d19-a884-4d9c08123ee0@group-2F4949483F4D-LeaderElection32] INFO  segmented.SegmentedRaftLogWorker (SegmentedRaftLogWorker.java:startLogSegment(425)) - acee90ba-6a36-4d19-a884-4d9c08123ee0@group-2F4949483F4D-SegmentedRaftLogWorker: Starting segment from index:0
2022-09-28 09:57:04,330 [acee90ba-6a36-4d19-a884-4d9c08123ee0@group-2F4949483F4D-SegmentedRaftLogWorker] INFO  segmented.SegmentedRaftLogWorker (SegmentedRaftLogWorker.java:execute(629)) - acee90ba-6a36-4d19-a884-4d9c08123ee0@group-2F4949483F4D-SegmentedRaftLogWorker: created new log segment /home/runner/work/ozone/ozone/hadoop-ozone/integration-test/target/test-dir/MiniOzoneClusterImpl-d01a16d6-de90-4827-8502-1257907892ea/datanode-4/data/ratis/51d3e8c5-e575-4d39-98c8-2f4949483f4d/current/log_inprogress_0
2022-09-28 09:57:04,337 [acee90ba-6a36-4d19-a884-4d9c08123ee0@group-2F4949483F4D-LeaderElection32] INFO  server.RaftServer$Division (ServerState.java:setRaftConf(393)) - acee90ba-6a36-4d19-a884-4d9c08123ee0@group-2F4949483F4D: set configuration 0: [acee90ba-6a36-4d19-a884-4d9c08123ee0|rpc:10.1.1.21:36911|dataStream:|priority:1], old=null
09:57:04.737 [IPC Server handler 16 on default port 44537] ERROR OMAudit - user=runner | ip=127.0.0.1 | op=GET_FILE_STATUS {volume=volume16412, bucket=bucket93813, key=.Trash/runner/Current/testKey2, dataSize=0, replicationConfig=null} | ret=FAILURE
org.apache.hadoop.ozone.om.exceptions.OMException: Unable to get file status: volume: volume16412 bucket: bucket93813 key: .Trash/runner/Current/testKey2
	at org.apache.hadoop.ozone.om.KeyManagerImpl.getOzoneFileStatus(KeyManagerImpl.java:1324) ~[ozone-manager-1.3.0-SNAPSHOT.jar:?]
	at org.apache.hadoop.ozone.om.KeyManagerImpl.getFileStatus(KeyManagerImpl.java:1254) ~[ozone-manager-1.3.0-SNAPSHOT.jar:?]
	at org.apache.hadoop.ozone.om.OzoneManager.getFileStatus(OzoneManager.java:3506) ~[ozone-manager-1.3.0-SNAPSHOT.jar:?]
	at org.apache.hadoop.ozone.protocolPB.OzoneManagerRequestHandler.getOzoneFileStatus(OzoneManagerRequestHandler.java:882) ~[ozone-manager-1.3.0-SNAPSHOT.jar:?]
	at org.apache.hadoop.ozone.protocolPB.OzoneManagerRequestHandler.handleReadRequest(OzoneManagerRequestHandler.java:228) ~[ozone-manager-1.3.0-SNAPSHOT.jar:?]
	at org.apache.hadoop.ozone.protocolPB.OzoneManagerProtocolServerSideTranslatorPB.submitReadRequestToOM(OzoneManagerProtocolServerSideTranslatorPB.java:226) ~[ozone-manager-1.3.0-SNAPSHOT.jar:?]
	at org.apache.hadoop.ozone.protocolPB.OzoneManagerProtocolServerSideTranslatorPB.processRequest(OzoneManagerProtocolServerSideTranslatorPB.java:175) ~[ozone-manager-1.3.0-SNAPSHOT.jar:?]
	at org.apache.hadoop.hdds.server.OzoneProtocolMessageDispatcher.processRequest(OzoneProtocolMessageDispatcher.java:87) [hdds-server-framework-1.3.0-SNAPSHOT.jar:?]
	at org.apache.hadoop.ozone.protocolPB.OzoneManagerProtocolServerSideTranslatorPB.submitRequest(OzoneManagerProtocolServerSideTranslatorPB.java:147) [ozone-manager-1.3.0-SNAPSHOT.jar:?]
	at org.apache.hadoop.ozone.protocol.proto.OzoneManagerProtocolProtos$OzoneManagerService$2.callBlockingMethod(OzoneManagerProtocolProtos.java) [ozone-interface-client-1.3.0-SNAPSHOT.jar:?]
	at org.apache.hadoop.ipc.ProtobufRpcEngine$Server.processCall(ProtobufRpcEngine.java:466) [hadoop-common-3.3.1.jar:?]
	at org.apache.hadoop.ipc.ProtobufRpcEngine2$Server$ProtoBufRpcInvoker.call(ProtobufRpcEngine2.java:574) [hadoop-common-3.3.1.jar:?]
	at org.apache.hadoop.ipc.ProtobufRpcEngine2$Server$ProtoBufRpcInvoker.call(ProtobufRpcEngine2.java:552) [hadoop-common-3.3.1.jar:?]
	at org.apache.hadoop.ipc.RPC$Server.call(RPC.java:1093) [hadoop-common-3.3.1.jar:?]
	at org.apache.hadoop.ipc.Server$RpcCall.run(Server.java:1035) [hadoop-common-3.3.1.jar:?]
	at org.apache.hadoop.ipc.Server$RpcCall.run(Server.java:963) [hadoop-common-3.3.1.jar:?]
	at java.security.AccessController.doPrivileged(Native Method) ~[?:1.8.0_345]
	at javax.security.auth.Subject.doAs(Subject.java:422) [?:1.8.0_345]
	at org.apache.hadoop.security.UserGroupInformation.doAs(UserGroupInformation.java:1878) [hadoop-common-3.3.1.jar:?]
	at org.apache.hadoop.ipc.Server$Handler.run(Server.java:2966) [hadoop-common-3.3.1.jar:?]
2022-09-28 09:57:04,737 [Time-limited test] WARN  ozone.BasicOzoneFileSystem (BasicOzoneFileSystem.java:getFileStatus(765)) - GetFileStatus failed for path /.Trash/runner/Current/testKey2
java.io.FileNotFoundException: .Trash/runner/Current/testKey2: No such file or directory!
	at org.apache.hadoop.fs.ozone.BasicOzoneClientAdapterImpl.getFileStatus(BasicOzoneClientAdapterImpl.java:369)
	at org.apache.hadoop.fs.ozone.BasicOzoneFileSystem.getFileStatus(BasicOzoneFileSystem.java:757)
	at org.apache.hadoop.fs.FileSystem.exists(FileSystem.java:1760)
	at org.apache.hadoop.fs.ozone.BasicOzoneFileSystem.exists(BasicOzoneFileSystem.java:804)
	at org.apache.hadoop.fs.ozone.TestOzoneFileSystem.lambda$testTrash$5(TestOzoneFileSystem.java:1555)
	at org.apache.ozone.test.GenericTestUtils.waitFor(GenericTestUtils.java:218)
	at org.apache.hadoop.fs.ozone.TestOzoneFileSystem.testTrash(TestOzoneFileSystem.java:1553)
	at sun.reflect.NativeMethodAccessorImpl.invoke0(Native Method)
	at sun.reflect.NativeMethodAccessorImpl.invoke(NativeMethodAccessorImpl.java:62)
	at sun.reflect.DelegatingMethodAccessorImpl.invoke(DelegatingMethodAccessorImpl.java:43)
	at java.lang.reflect.Method.invoke(Method.java:498)
	at org.junit.runners.model.FrameworkMethod$1.runReflectiveCall(FrameworkMethod.java:59)
	at org.junit.internal.runners.model.ReflectiveCallable.run(ReflectiveCallable.java:12)
	at org.junit.runners.model.FrameworkMethod.invokeExplosively(FrameworkMethod.java:56)
	at org.junit.internal.runners.statements.InvokeMethod.evaluate(InvokeMethod.java:17)
	at org.junit.internal.runners.statements.RunAfters.evaluate(RunAfters.java:27)
	at org.junit.internal.runners.statements.FailOnTimeout$CallableStatement.call(FailOnTimeout.java:288)
	at org.junit.internal.runners.statements.FailOnTimeout$CallableStatement.call(FailOnTimeout.java:282)
	at java.util.concurrent.FutureTask.run(FutureTask.java:266)
	at java.lang.Thread.run(Thread.java:750)
2022-09-28 09:57:05,289 [9ea057a0-30fc-4465-ba53-d20d8addab64@group-1C3D2B2BA225-FollowerState] INFO  impl.FollowerState (FollowerState.java:run(143)) - 9ea057a0-30fc-4465-ba53-d20d8addab64@group-1C3D2B2BA225-FollowerState: change to CANDIDATE, lastRpcElapsedTime:5184971342ns, electionTimeout:5168ms
2022-09-28 09:57:05,290 [9ea057a0-30fc-4465-ba53-d20d8addab64@group-1C3D2B2BA225-FollowerState] INFO  impl.RoleInfo (RoleInfo.java:shutdownFollowerState(110)) - 9ea057a0-30fc-4465-ba53-d20d8addab64: shutdown 9ea057a0-30fc-4465-ba53-d20d8addab64@group-1C3D2B2BA225-FollowerState
2022-09-28 09:57:05,290 [9ea057a0-30fc-4465-ba53-d20d8addab64@group-1C3D2B2BA225-FollowerState] INFO  server.RaftServer$Division (RaftServerImpl.java:setRole(299)) - 9ea057a0-30fc-4465-ba53-d20d8addab64@group-1C3D2B2BA225: changes role from  FOLLOWER to CANDIDATE at term 1 for changeToCandidate
2022-09-28 09:57:05,290 [9ea057a0-30fc-4465-ba53-d20d8addab64@group-1C3D2B2BA225-FollowerState] INFO  server.RaftServerConfigKeys (ConfUtils.java:logGet(46)) - raft.server.leaderelection.pre-vote = false (custom)
2022-09-28 09:57:05,290 [9ea057a0-30fc-4465-ba53-d20d8addab64@group-1C3D2B2BA225-FollowerState] INFO  impl.RoleInfo (RoleInfo.java:updateAndGet(139)) - 9ea057a0-30fc-4465-ba53-d20d8addab64: start 9ea057a0-30fc-4465-ba53-d20d8addab64@group-1C3D2B2BA225-LeaderElection33
2022-09-28 09:57:05,329 [125338ac-43fd-4d6a-ab02-d24e123888c3@group-1C3D2B2BA225-FollowerState] INFO  impl.FollowerState (FollowerState.java:run(143)) - 125338ac-43fd-4d6a-ab02-d24e123888c3@group-1C3D2B2BA225-FollowerState: change to CANDIDATE, lastRpcElapsedTime:5160135929ns, electionTimeout:5134ms
2022-09-28 09:57:05,330 [9ea057a0-30fc-4465-ba53-d20d8addab64@group-1C3D2B2BA225-LeaderElection33] INFO  impl.LeaderElection (LeaderElection.java:askForVotes(310)) - 9ea057a0-30fc-4465-ba53-d20d8addab64@group-1C3D2B2BA225-LeaderElection33 ELECTION round 0: submit vote requests at term 2 for -1: [81dd36da-3863-49d7-8e4a-0ce023160f67|rpc:10.1.1.21:41931|dataStream:|priority:0, 9ea057a0-30fc-4465-ba53-d20d8addab64|rpc:10.1.1.21:34661|dataStream:|priority:1, 125338ac-43fd-4d6a-ab02-d24e123888c3|rpc:10.1.1.21:41005|dataStream:|priority:0], old=null
2022-09-28 09:57:05,330 [125338ac-43fd-4d6a-ab02-d24e123888c3@group-1C3D2B2BA225-FollowerState] INFO  impl.RoleInfo (RoleInfo.java:shutdownFollowerState(110)) - 125338ac-43fd-4d6a-ab02-d24e123888c3: shutdown 125338ac-43fd-4d6a-ab02-d24e123888c3@group-1C3D2B2BA225-FollowerState
2022-09-28 09:57:05,330 [125338ac-43fd-4d6a-ab02-d24e123888c3@group-1C3D2B2BA225-FollowerState] INFO  server.RaftServer$Division (RaftServerImpl.java:setRole(299)) - 125338ac-43fd-4d6a-ab02-d24e123888c3@group-1C3D2B2BA225: changes role from  FOLLOWER to CANDIDATE at term 1 for changeToCandidate
2022-09-28 09:57:05,349 [125338ac-43fd-4d6a-ab02-d24e123888c3@group-1C3D2B2BA225-FollowerState] INFO  server.RaftServerConfigKeys (ConfUtils.java:logGet(46)) - raft.server.leaderelection.pre-vote = false (custom)
2022-09-28 09:57:05,349 [125338ac-43fd-4d6a-ab02-d24e123888c3@group-1C3D2B2BA225-FollowerState] INFO  impl.RoleInfo (RoleInfo.java:updateAndGet(139)) - 125338ac-43fd-4d6a-ab02-d24e123888c3: start 125338ac-43fd-4d6a-ab02-d24e123888c3@group-1C3D2B2BA225-LeaderElection34
2022-09-28 09:57:05,349 [grpc-default-executor-1] INFO  server.RaftServer$Division (RaftServerImpl.java:requestVote(1152)) - 81dd36da-3863-49d7-8e4a-0ce023160f67@group-1C3D2B2BA225: receive requestVote(ELECTION, 9ea057a0-30fc-4465-ba53-d20d8addab64, group-1C3D2B2BA225, 2, (t:0, i:0))
2022-09-28 09:57:05,350 [grpc-default-executor-1] INFO  impl.VoteContext (VoteContext.java:log(48)) - 81dd36da-3863-49d7-8e4a-0ce023160f67@group-1C3D2B2BA225-FOLLOWER: accept ELECTION from 9ea057a0-30fc-4465-ba53-d20d8addab64: our priority 0 <= candidate's priority 1
2022-09-28 09:57:05,350 [grpc-default-executor-1] INFO  server.RaftServer$Division (RaftServerImpl.java:setRole(299)) - 81dd36da-3863-49d7-8e4a-0ce023160f67@group-1C3D2B2BA225: changes role from  FOLLOWER to FOLLOWER at term 2 for candidate:9ea057a0-30fc-4465-ba53-d20d8addab64
2022-09-28 09:57:05,350 [grpc-default-executor-1] INFO  impl.RoleInfo (RoleInfo.java:shutdownFollowerState(110)) - 81dd36da-3863-49d7-8e4a-0ce023160f67: shutdown 81dd36da-3863-49d7-8e4a-0ce023160f67@group-1C3D2B2BA225-FollowerState
2022-09-28 09:57:05,350 [grpc-default-executor-1] INFO  impl.RoleInfo (RoleInfo.java:updateAndGet(139)) - 81dd36da-3863-49d7-8e4a-0ce023160f67: start 81dd36da-3863-49d7-8e4a-0ce023160f67@group-1C3D2B2BA225-FollowerState
2022-09-28 09:57:05,349 [grpc-default-executor-4] INFO  server.RaftServer$Division (RaftServerImpl.java:requestVote(1152)) - 125338ac-43fd-4d6a-ab02-d24e123888c3@group-1C3D2B2BA225: receive requestVote(ELECTION, 9ea057a0-30fc-4465-ba53-d20d8addab64, group-1C3D2B2BA225, 2, (t:0, i:0))
2022-09-28 09:57:05,352 [81dd36da-3863-49d7-8e4a-0ce023160f67@group-1C3D2B2BA225-FollowerState] INFO  impl.FollowerState (FollowerState.java:run(152)) - 81dd36da-3863-49d7-8e4a-0ce023160f67@group-1C3D2B2BA225-FollowerState was interrupted
2022-09-28 09:57:05,356 [grpc-default-executor-4] INFO  impl.VoteContext (VoteContext.java:log(48)) - 125338ac-43fd-4d6a-ab02-d24e123888c3@group-1C3D2B2BA225-CANDIDATE: accept ELECTION from 9ea057a0-30fc-4465-ba53-d20d8addab64: our priority 0 <= candidate's priority 1
2022-09-28 09:57:05,357 [grpc-default-executor-4] INFO  server.RaftServer$Division (RaftServerImpl.java:setRole(299)) - 125338ac-43fd-4d6a-ab02-d24e123888c3@group-1C3D2B2BA225: changes role from CANDIDATE to FOLLOWER at term 2 for candidate:9ea057a0-30fc-4465-ba53-d20d8addab64
2022-09-28 09:57:05,357 [grpc-default-executor-4] INFO  impl.RoleInfo (RoleInfo.java:shutdownLeaderElection(130)) - 125338ac-43fd-4d6a-ab02-d24e123888c3: shutdown 125338ac-43fd-4d6a-ab02-d24e123888c3@group-1C3D2B2BA225-LeaderElection34
2022-09-28 09:57:05,357 [grpc-default-executor-4] INFO  impl.RoleInfo (RoleInfo.java:updateAndGet(139)) - 125338ac-43fd-4d6a-ab02-d24e123888c3: start 125338ac-43fd-4d6a-ab02-d24e123888c3@group-1C3D2B2BA225-FollowerState
2022-09-28 09:57:05,357 [grpc-default-executor-1] INFO  server.RaftServer$Division (RaftServerImpl.java:requestVote(1184)) - 81dd36da-3863-49d7-8e4a-0ce023160f67@group-1C3D2B2BA225 replies to ELECTION vote request: 9ea057a0-30fc-4465-ba53-d20d8addab64<-81dd36da-3863-49d7-8e4a-0ce023160f67#0:OK-t2. Peer's state: 81dd36da-3863-49d7-8e4a-0ce023160f67@group-1C3D2B2BA225:t2, leader=null, voted=9ea057a0-30fc-4465-ba53-d20d8addab64, raftlog=81dd36da-3863-49d7-8e4a-0ce023160f67@group-1C3D2B2BA225-SegmentedRaftLog:OPENED:c-1, conf=-1: [81dd36da-3863-49d7-8e4a-0ce023160f67|rpc:10.1.1.21:41931|priority:0, 9ea057a0-30fc-4465-ba53-d20d8addab64|rpc:10.1.1.21:34661|priority:1, 125338ac-43fd-4d6a-ab02-d24e123888c3|rpc:10.1.1.21:41005|priority:0], old=null
2022-09-28 09:57:05,374 [grpc-default-executor-4] INFO  server.RaftServer$Division (RaftServerImpl.java:requestVote(1184)) - 125338ac-43fd-4d6a-ab02-d24e123888c3@group-1C3D2B2BA225 replies to ELECTION vote request: 9ea057a0-30fc-4465-ba53-d20d8addab64<-125338ac-43fd-4d6a-ab02-d24e123888c3#0:OK-t2. Peer's state: 125338ac-43fd-4d6a-ab02-d24e123888c3@group-1C3D2B2BA225:t2, leader=null, voted=9ea057a0-30fc-4465-ba53-d20d8addab64, raftlog=125338ac-43fd-4d6a-ab02-d24e123888c3@group-1C3D2B2BA225-SegmentedRaftLog:OPENED:c-1, conf=-1: [81dd36da-3863-49d7-8e4a-0ce023160f67|rpc:10.1.1.21:41931|dataStream:|priority:0, 9ea057a0-30fc-4465-ba53-d20d8addab64|rpc:10.1.1.21:34661|dataStream:|priority:1, 125338ac-43fd-4d6a-ab02-d24e123888c3|rpc:10.1.1.21:41005|dataStream:|priority:0], old=null
2022-09-28 09:57:05,375 [9ea057a0-30fc-4465-ba53-d20d8addab64@group-1C3D2B2BA225-LeaderElection33] INFO  impl.LeaderElection (LeaderElection.java:logAndReturn(90)) - 9ea057a0-30fc-4465-ba53-d20d8addab64@group-1C3D2B2BA225-LeaderElection33: ELECTION PASSED received 1 response(s) and 0 exception(s):
2022-09-28 09:57:05,388 [125338ac-43fd-4d6a-ab02-d24e123888c3@group-1C3D2B2BA225-LeaderElection34] INFO  impl.LeaderElection (LeaderElection.java:run(231)) - 125338ac-43fd-4d6a-ab02-d24e123888c3@group-1C3D2B2BA225-LeaderElection34: skip running since this is already CLOSING
2022-09-28 09:57:05,411 [9ea057a0-30fc-4465-ba53-d20d8addab64@group-1C3D2B2BA225-LeaderElection33] INFO  impl.LeaderElection (LeaderElection.java:logAndReturn(94)) -   Response 0: 9ea057a0-30fc-4465-ba53-d20d8addab64<-125338ac-43fd-4d6a-ab02-d24e123888c3#0:OK-t2
2022-09-28 09:57:05,417 [9ea057a0-30fc-4465-ba53-d20d8addab64@group-1C3D2B2BA225-LeaderElection33] INFO  impl.LeaderElection (LeaderElection.java:askForVotes(312)) - 9ea057a0-30fc-4465-ba53-d20d8addab64@group-1C3D2B2BA225-LeaderElection33 ELECTION round 0: result PASSED
2022-09-28 09:57:05,418 [9ea057a0-30fc-4465-ba53-d20d8addab64@group-1C3D2B2BA225-LeaderElection33] INFO  impl.RoleInfo (RoleInfo.java:shutdownLeaderElection(130)) - 9ea057a0-30fc-4465-ba53-d20d8addab64: shutdown 9ea057a0-30fc-4465-ba53-d20d8addab64@group-1C3D2B2BA225-LeaderElection33
2022-09-28 09:57:05,418 [9ea057a0-30fc-4465-ba53-d20d8addab64@group-1C3D2B2BA225-LeaderElection33] INFO  server.RaftServer$Division (RaftServerImpl.java:setRole(299)) - 9ea057a0-30fc-4465-ba53-d20d8addab64@group-1C3D2B2BA225: changes role from CANDIDATE to LEADER at term 2 for changeToLeader
2022-09-28 09:57:05,418 [9ea057a0-30fc-4465-ba53-d20d8addab64@group-1C3D2B2BA225-LeaderElection33] INFO  ratis.XceiverServerRatis (XceiverServerRatis.java:handleLeaderChangedNotification(863)) - Leader change notification received for group: group-1C3D2B2BA225 with new leaderId: 9ea057a0-30fc-4465-ba53-d20d8addab64
2022-09-28 09:57:05,418 [9ea057a0-30fc-4465-ba53-d20d8addab64@group-1C3D2B2BA225-LeaderElection33] INFO  server.RaftServer$Division (ServerState.java:setLeader(287)) - 9ea057a0-30fc-4465-ba53-d20d8addab64@group-1C3D2B2BA225: change Leader from null to 9ea057a0-30fc-4465-ba53-d20d8addab64 at term 2 for becomeLeader, leader elected after 10333ms
2022-09-28 09:57:05,418 [9ea057a0-30fc-4465-ba53-d20d8addab64@group-1C3D2B2BA225-LeaderElection33] INFO  server.RaftServerConfigKeys (ConfUtils.java:logGet(46)) - raft.server.staging.catchup.gap = 1000 (default)
2022-09-28 09:57:05,418 [9ea057a0-30fc-4465-ba53-d20d8addab64@group-1C3D2B2BA225-LeaderElection33] INFO  server.RaftServerConfigKeys (ConfUtils.java:logGet(46)) - raft.server.write.element-limit = 1024 (custom)
2022-09-28 09:57:05,418 [9ea057a0-30fc-4465-ba53-d20d8addab64@group-1C3D2B2BA225-LeaderElection33] INFO  server.RaftServerConfigKeys (ConfUtils.java:logGet(46)) - raft.server.write.byte-limit = 1024 M (=1073741824) (custom)
2022-09-28 09:57:05,418 [9ea057a0-30fc-4465-ba53-d20d8addab64@group-1C3D2B2BA225-LeaderElection33] INFO  server.RaftServerConfigKeys (ConfUtils.java:logGet(46)) - raft.server.watch.timeout = 180s (custom)
2022-09-28 09:57:05,418 [9ea057a0-30fc-4465-ba53-d20d8addab64@group-1C3D2B2BA225-LeaderElection33] INFO  server.RaftServerConfigKeys (ConfUtils.java:logGet(46)) - raft.server.watch.timeout.denomination = 1s (default)
2022-09-28 09:57:05,418 [9ea057a0-30fc-4465-ba53-d20d8addab64@group-1C3D2B2BA225-LeaderElection33] INFO  server.RaftServerConfigKeys (ConfUtils.java:logGet(46)) - raft.server.watch.element-limit = 65536 (default)
2022-09-28 09:57:05,418 [9ea057a0-30fc-4465-ba53-d20d8addab64@group-1C3D2B2BA225-LeaderElection33] INFO  server.RaftServerConfigKeys (ConfUtils.java:logGet(46)) - raft.server.write.element-limit = 1024 (custom)
2022-09-28 09:57:05,418 [9ea057a0-30fc-4465-ba53-d20d8addab64@group-1C3D2B2BA225-LeaderElection33] INFO  server.RaftServerConfigKeys (ConfUtils.java:logGet(46)) - raft.server.write.follower.gap.ratio.max = -1.0 (default)
2022-09-28 09:57:05,419 [9ea057a0-30fc-4465-ba53-d20d8addab64@group-1C3D2B2BA225-LeaderElection33] INFO  server.RaftServerConfigKeys (ConfUtils.java:logGet(46)) - raft.server.log.appender.snapshot.chunk.size.max = 16MB (=16777216) (default)
2022-09-28 09:57:05,419 [9ea057a0-30fc-4465-ba53-d20d8addab64@group-1C3D2B2BA225-LeaderElection33] INFO  server.RaftServerConfigKeys (ConfUtils.java:logGet(46)) - raft.server.log.appender.buffer.byte-limit = 33554432 (custom)
2022-09-28 09:57:05,419 [9ea057a0-30fc-4465-ba53-d20d8addab64@group-1C3D2B2BA225-LeaderElection33] INFO  server.RaftServerConfigKeys (ConfUtils.java:logGet(46)) - raft.server.log.appender.buffer.element-limit = 1 (custom)
2022-09-28 09:57:05,419 [9ea057a0-30fc-4465-ba53-d20d8addab64@group-1C3D2B2BA225-LeaderElection33] INFO  grpc.GrpcConfigKeys (ConfUtils.java:logGet(46)) - raft.grpc.server.leader.outstanding.appends.max = 128 (default)
2022-09-28 09:57:05,419 [9ea057a0-30fc-4465-ba53-d20d8addab64@group-1C3D2B2BA225-LeaderElection33] INFO  server.RaftServerConfigKeys (ConfUtils.java:logGet(46)) - raft.server.rpc.request.timeout = 60s (custom)
2022-09-28 09:57:05,419 [9ea057a0-30fc-4465-ba53-d20d8addab64@group-1C3D2B2BA225-LeaderElection33] INFO  server.RaftServerConfigKeys (ConfUtils.java:logGet(46)) - raft.server.log.appender.install.snapshot.enabled = false (custom)
2022-09-28 09:57:05,420 [9ea057a0-30fc-4465-ba53-d20d8addab64@group-1C3D2B2BA225-LeaderElection33] INFO  server.RaftServerConfigKeys (ConfUtils.java:logGet(46)) - raft.server.log.appender.snapshot.chunk.size.max = 16MB (=16777216) (default)
2022-09-28 09:57:05,420 [9ea057a0-30fc-4465-ba53-d20d8addab64@group-1C3D2B2BA225-LeaderElection33] INFO  server.RaftServerConfigKeys (ConfUtils.java:logGet(46)) - raft.server.log.appender.buffer.byte-limit = 33554432 (custom)
2022-09-28 09:57:05,420 [9ea057a0-30fc-4465-ba53-d20d8addab64@group-1C3D2B2BA225-LeaderElection33] INFO  server.RaftServerConfigKeys (ConfUtils.java:logGet(46)) - raft.server.log.appender.buffer.element-limit = 1 (custom)
2022-09-28 09:57:05,420 [9ea057a0-30fc-4465-ba53-d20d8addab64@group-1C3D2B2BA225-LeaderElection33] INFO  grpc.GrpcConfigKeys (ConfUtils.java:logGet(46)) - raft.grpc.server.leader.outstanding.appends.max = 128 (default)
2022-09-28 09:57:05,420 [9ea057a0-30fc-4465-ba53-d20d8addab64@group-1C3D2B2BA225-LeaderElection33] INFO  server.RaftServerConfigKeys (ConfUtils.java:logGet(46)) - raft.server.rpc.request.timeout = 60s (custom)
2022-09-28 09:57:05,421 [9ea057a0-30fc-4465-ba53-d20d8addab64@group-1C3D2B2BA225-LeaderElection33] INFO  server.RaftServerConfigKeys (ConfUtils.java:logGet(46)) - raft.server.log.appender.install.snapshot.enabled = false (custom)
2022-09-28 09:57:05,421 [EventQueue-PipelineReportForPipelineReportHandler] INFO  pipeline.PipelineManagerImpl (PipelineManagerImpl.java:openPipeline(367)) - Pipeline Pipeline[ Id: 01486891-e71e-4231-8392-1c3d2b2ba225, Nodes: 9ea057a0-30fc-4465-ba53-d20d8addab64{ip: 10.1.1.21, host: fv-az204-790.d0ggoinxmwcejgojbuqly40l0e.cx.internal.cloudapp.net, ports: [REPLICATION=38537, RATIS=34661, RATIS_ADMIN=34661, RATIS_SERVER=34661, STANDALONE=33689], networkLocation: /default-rack, certSerialId: null, persistedOpState: IN_SERVICE, persistedOpStateExpiryEpochSec: 0}125338ac-43fd-4d6a-ab02-d24e123888c3{ip: 10.1.1.21, host: fv-az204-790.d0ggoinxmwcejgojbuqly40l0e.cx.internal.cloudapp.net, ports: [REPLICATION=41233, RATIS=41005, RATIS_ADMIN=41005, RATIS_SERVER=41005, STANDALONE=38003], networkLocation: /default-rack, certSerialId: null, persistedOpState: IN_SERVICE, persistedOpStateExpiryEpochSec: 0}81dd36da-3863-49d7-8e4a-0ce023160f67{ip: 10.1.1.21, host: fv-az204-790.d0ggoinxmwcejgojbuqly40l0e.cx.internal.cloudapp.net, ports: [REPLICATION=34573, RATIS=41931, RATIS_ADMIN=41931, RATIS_SERVER=41931, STANDALONE=42525], networkLocation: /default-rack, certSerialId: null, persistedOpState: IN_SERVICE, persistedOpStateExpiryEpochSec: 0}, ReplicationConfig: RATIS/THREE, State:ALLOCATED, leaderId:9ea057a0-30fc-4465-ba53-d20d8addab64, CreationTimestamp2022-09-28T09:56:53.702Z[Etc/UTC]] moved to OPEN state
2022-09-28 09:57:05,422 [9ea057a0-30fc-4465-ba53-d20d8addab64@group-1C3D2B2BA225-LeaderElection33] INFO  impl.RoleInfo (RoleInfo.java:updateAndGet(139)) - 9ea057a0-30fc-4465-ba53-d20d8addab64: start 9ea057a0-30fc-4465-ba53-d20d8addab64@group-1C3D2B2BA225-LeaderStateImpl
2022-09-28 09:57:05,422 [9ea057a0-30fc-4465-ba53-d20d8addab64@group-1C3D2B2BA225-LeaderElection33] INFO  segmented.SegmentedRaftLogWorker (SegmentedRaftLogWorker.java:startLogSegment(425)) - 9ea057a0-30fc-4465-ba53-d20d8addab64@group-1C3D2B2BA225-SegmentedRaftLogWorker: Starting segment from index:0
2022-09-28 09:57:05,423 [9ea057a0-30fc-4465-ba53-d20d8addab64@group-1C3D2B2BA225-SegmentedRaftLogWorker] INFO  segmented.SegmentedRaftLogWorker (SegmentedRaftLogWorker.java:execute(629)) - 9ea057a0-30fc-4465-ba53-d20d8addab64@group-1C3D2B2BA225-SegmentedRaftLogWorker: created new log segment /home/runner/work/ozone/ozone/hadoop-ozone/integration-test/target/test-dir/MiniOzoneClusterImpl-d01a16d6-de90-4827-8502-1257907892ea/datanode-1/data/ratis/01486891-e71e-4231-8392-1c3d2b2ba225/current/log_inprogress_0
2022-09-28 09:57:05,433 [9ea057a0-30fc-4465-ba53-d20d8addab64@group-1C3D2B2BA225-LeaderElection33] INFO  server.RaftServer$Division (ServerState.java:setRaftConf(393)) - 9ea057a0-30fc-4465-ba53-d20d8addab64@group-1C3D2B2BA225: set configuration 0: [81dd36da-3863-49d7-8e4a-0ce023160f67|rpc:10.1.1.21:41931|dataStream:|priority:0, 9ea057a0-30fc-4465-ba53-d20d8addab64|rpc:10.1.1.21:34661|dataStream:|priority:1, 125338ac-43fd-4d6a-ab02-d24e123888c3|rpc:10.1.1.21:41005|dataStream:|priority:0], old=null
2022-09-28 09:57:05,456 [81dd36da-3863-49d7-8e4a-0ce023160f67-server-thread1] INFO  ratis.XceiverServerRatis (XceiverServerRatis.java:handleLeaderChangedNotification(863)) - Leader change notification received for group: group-1C3D2B2BA225 with new leaderId: 9ea057a0-30fc-4465-ba53-d20d8addab64
2022-09-28 09:57:05,457 [81dd36da-3863-49d7-8e4a-0ce023160f67-server-thread1] INFO  server.RaftServer$Division (ServerState.java:setLeader(287)) - 81dd36da-3863-49d7-8e4a-0ce023160f67@group-1C3D2B2BA225: change Leader from null to 9ea057a0-30fc-4465-ba53-d20d8addab64 at term 2 for appendEntries, leader elected after 10505ms
2022-09-28 09:57:05,476 [81dd36da-3863-49d7-8e4a-0ce023160f67-server-thread1] INFO  server.RaftServer$Division (ServerState.java:setRaftConf(393)) - 81dd36da-3863-49d7-8e4a-0ce023160f67@group-1C3D2B2BA225: set configuration 0: [81dd36da-3863-49d7-8e4a-0ce023160f67|rpc:10.1.1.21:41931|dataStream:|priority:0, 9ea057a0-30fc-4465-ba53-d20d8addab64|rpc:10.1.1.21:34661|dataStream:|priority:1, 125338ac-43fd-4d6a-ab02-d24e123888c3|rpc:10.1.1.21:41005|dataStream:|priority:0], old=null
2022-09-28 09:57:05,477 [81dd36da-3863-49d7-8e4a-0ce023160f67-server-thread1] INFO  segmented.SegmentedRaftLogWorker (SegmentedRaftLogWorker.java:startLogSegment(425)) - 81dd36da-3863-49d7-8e4a-0ce023160f67@group-1C3D2B2BA225-SegmentedRaftLogWorker: Starting segment from index:0
2022-09-28 09:57:05,488 [81dd36da-3863-49d7-8e4a-0ce023160f67@group-1C3D2B2BA225-SegmentedRaftLogWorker] INFO  segmented.SegmentedRaftLogWorker (SegmentedRaftLogWorker.java:execute(629)) - 81dd36da-3863-49d7-8e4a-0ce023160f67@group-1C3D2B2BA225-SegmentedRaftLogWorker: created new log segment /home/runner/work/ozone/ozone/hadoop-ozone/integration-test/target/test-dir/MiniOzoneClusterImpl-d01a16d6-de90-4827-8502-1257907892ea/datanode-0/data/ratis/01486891-e71e-4231-8392-1c3d2b2ba225/current/log_inprogress_0
2022-09-28 09:57:05,520 [125338ac-43fd-4d6a-ab02-d24e123888c3-server-thread1] INFO  ratis.XceiverServerRatis (XceiverServerRatis.java:handleLeaderChangedNotification(863)) - Leader change notification received for group: group-1C3D2B2BA225 with new leaderId: 9ea057a0-30fc-4465-ba53-d20d8addab64
2022-09-28 09:57:05,521 [125338ac-43fd-4d6a-ab02-d24e123888c3-server-thread1] INFO  server.RaftServer$Division (ServerState.java:setLeader(287)) - 125338ac-43fd-4d6a-ab02-d24e123888c3@group-1C3D2B2BA225: change Leader from null to 9ea057a0-30fc-4465-ba53-d20d8addab64 at term 2 for appendEntries, leader elected after 10243ms
2022-09-28 09:57:05,577 [125338ac-43fd-4d6a-ab02-d24e123888c3-server-thread1] INFO  server.RaftServer$Division (ServerState.java:setRaftConf(393)) - 125338ac-43fd-4d6a-ab02-d24e123888c3@group-1C3D2B2BA225: set configuration 0: [81dd36da-3863-49d7-8e4a-0ce023160f67|rpc:10.1.1.21:41931|dataStream:|priority:0, 9ea057a0-30fc-4465-ba53-d20d8addab64|rpc:10.1.1.21:34661|dataStream:|priority:1, 125338ac-43fd-4d6a-ab02-d24e123888c3|rpc:10.1.1.21:41005|dataStream:|priority:0], old=null
2022-09-28 09:57:05,577 [125338ac-43fd-4d6a-ab02-d24e123888c3-server-thread1] INFO  segmented.SegmentedRaftLogWorker (SegmentedRaftLogWorker.java:startLogSegment(425)) - 125338ac-43fd-4d6a-ab02-d24e123888c3@group-1C3D2B2BA225-SegmentedRaftLogWorker: Starting segment from index:0
2022-09-28 09:57:05,579 [125338ac-43fd-4d6a-ab02-d24e123888c3@group-1C3D2B2BA225-SegmentedRaftLogWorker] INFO  segmented.SegmentedRaftLogWorker (SegmentedRaftLogWorker.java:execute(629)) - 125338ac-43fd-4d6a-ab02-d24e123888c3@group-1C3D2B2BA225-SegmentedRaftLogWorker: created new log segment /home/runner/work/ozone/ozone/hadoop-ozone/integration-test/target/test-dir/MiniOzoneClusterImpl-d01a16d6-de90-4827-8502-1257907892ea/datanode-2/data/ratis/01486891-e71e-4231-8392-1c3d2b2ba225/current/log_inprogress_0
]]></system-out>
  </testcase>
  <testcase name="testTrash" classname="TestOzoneFileSystem" time="2.152">
    <failure type="java.lang.AssertionError"><![CDATA[java.lang.AssertionError: expected:<1> but was:<2>
	at org.junit.Assert.fail(Assert.java:89)
	at org.junit.Assert.failNotEquals(Assert.java:835)
	at org.junit.Assert.assertEquals(Assert.java:647)
	at org.junit.Assert.assertEquals(Assert.java:633)
	at org.apache.hadoop.fs.ozone.TestOzoneFileSystem.testTrash(TestOzoneFileSystem.java:1564)
	at sun.reflect.NativeMethodAccessorImpl.invoke0(Native Method)
	at sun.reflect.NativeMethodAccessorImpl.invoke(NativeMethodAccessorImpl.java:62)
	at sun.reflect.DelegatingMethodAccessorImpl.invoke(DelegatingMethodAccessorImpl.java:43)
	at java.lang.reflect.Method.invoke(Method.java:498)
	at org.junit.runners.model.FrameworkMethod$1.runReflectiveCall(FrameworkMethod.java:59)
	at org.junit.internal.runners.model.ReflectiveCallable.run(ReflectiveCallable.java:12)
	at org.junit.runners.model.FrameworkMethod.invokeExplosively(FrameworkMethod.java:56)
	at org.junit.internal.runners.statements.InvokeMethod.evaluate(InvokeMethod.java:17)
	at org.junit.internal.runners.statements.RunAfters.evaluate(RunAfters.java:27)
	at org.junit.internal.runners.statements.FailOnTimeout$CallableStatement.call(FailOnTimeout.java:288)
	at org.junit.internal.runners.statements.FailOnTimeout$CallableStatement.call(FailOnTimeout.java:282)
	at java.util.concurrent.FutureTask.run(FutureTask.java:266)
	at java.lang.Thread.run(Thread.java:750)
]]></failure>
    <system-out><![CDATA[09:59:01.505 [IPC Server handler 5 on default port 38925] ERROR OMAudit - user=runner | ip=127.0.0.1 | op=GET_FILE_STATUS {volume=volume75139, bucket=bucket52642, key=.Trash/runner/Current/testKey2, dataSize=0, replicationConfig=null} | ret=FAILURE
org.apache.hadoop.ozone.om.exceptions.OMException: Unable to get file status: volume: volume75139 bucket: bucket52642 key: .Trash/runner/Current/testKey2
	at org.apache.hadoop.ozone.om.KeyManagerImpl.getOzoneFileStatus(KeyManagerImpl.java:1324) ~[ozone-manager-1.3.0-SNAPSHOT.jar:?]
	at org.apache.hadoop.ozone.om.KeyManagerImpl.getFileStatus(KeyManagerImpl.java:1254) ~[ozone-manager-1.3.0-SNAPSHOT.jar:?]
	at org.apache.hadoop.ozone.om.OzoneManager.getFileStatus(OzoneManager.java:3506) ~[ozone-manager-1.3.0-SNAPSHOT.jar:?]
	at org.apache.hadoop.ozone.protocolPB.OzoneManagerRequestHandler.getOzoneFileStatus(OzoneManagerRequestHandler.java:882) ~[ozone-manager-1.3.0-SNAPSHOT.jar:?]
	at org.apache.hadoop.ozone.protocolPB.OzoneManagerRequestHandler.handleReadRequest(OzoneManagerRequestHandler.java:228) ~[ozone-manager-1.3.0-SNAPSHOT.jar:?]
	at org.apache.hadoop.ozone.protocolPB.OzoneManagerProtocolServerSideTranslatorPB.submitRequestDirectlyToOM(OzoneManagerProtocolServerSideTranslatorPB.java:276) ~[ozone-manager-1.3.0-SNAPSHOT.jar:?]
	at org.apache.hadoop.ozone.protocolPB.OzoneManagerProtocolServerSideTranslatorPB.processRequest(OzoneManagerProtocolServerSideTranslatorPB.java:205) ~[ozone-manager-1.3.0-SNAPSHOT.jar:?]
	at org.apache.hadoop.hdds.server.OzoneProtocolMessageDispatcher.processRequest(OzoneProtocolMessageDispatcher.java:87) [hdds-server-framework-1.3.0-SNAPSHOT.jar:?]
	at org.apache.hadoop.ozone.protocolPB.OzoneManagerProtocolServerSideTranslatorPB.submitRequest(OzoneManagerProtocolServerSideTranslatorPB.java:147) [ozone-manager-1.3.0-SNAPSHOT.jar:?]
	at org.apache.hadoop.ozone.protocol.proto.OzoneManagerProtocolProtos$OzoneManagerService$2.callBlockingMethod(OzoneManagerProtocolProtos.java) [ozone-interface-client-1.3.0-SNAPSHOT.jar:?]
	at org.apache.hadoop.ipc.ProtobufRpcEngine$Server.processCall(ProtobufRpcEngine.java:466) [hadoop-common-3.3.1.jar:?]
	at org.apache.hadoop.ipc.ProtobufRpcEngine2$Server$ProtoBufRpcInvoker.call(ProtobufRpcEngine2.java:574) [hadoop-common-3.3.1.jar:?]
	at org.apache.hadoop.ipc.ProtobufRpcEngine2$Server$ProtoBufRpcInvoker.call(ProtobufRpcEngine2.java:552) [hadoop-common-3.3.1.jar:?]
	at org.apache.hadoop.ipc.RPC$Server.call(RPC.java:1093) [hadoop-common-3.3.1.jar:?]
	at org.apache.hadoop.ipc.Server$RpcCall.run(Server.java:1035) [hadoop-common-3.3.1.jar:?]
	at org.apache.hadoop.ipc.Server$RpcCall.run(Server.java:963) [hadoop-common-3.3.1.jar:?]
	at java.security.AccessController.doPrivileged(Native Method) ~[?:1.8.0_345]
	at javax.security.auth.Subject.doAs(Subject.java:422) [?:1.8.0_345]
	at org.apache.hadoop.security.UserGroupInformation.doAs(UserGroupInformation.java:1878) [hadoop-common-3.3.1.jar:?]
	at org.apache.hadoop.ipc.Server$Handler.run(Server.java:2966) [hadoop-common-3.3.1.jar:?]
2022-09-28 09:59:01,528 [Time-limited test] WARN  ozone.BasicOzoneFileSystem (BasicOzoneFileSystem.java:getFileStatus(765)) - GetFileStatus failed for path /.Trash/runner/Current/testKey2
java.io.FileNotFoundException: .Trash/runner/Current/testKey2: No such file or directory!
	at org.apache.hadoop.fs.ozone.BasicOzoneClientAdapterImpl.getFileStatus(BasicOzoneClientAdapterImpl.java:369)
	at org.apache.hadoop.fs.ozone.BasicOzoneFileSystem.getFileStatus(BasicOzoneFileSystem.java:757)
	at org.apache.hadoop.fs.FileSystem.exists(FileSystem.java:1760)
	at org.apache.hadoop.fs.ozone.BasicOzoneFileSystem.exists(BasicOzoneFileSystem.java:804)
	at org.apache.hadoop.fs.TrashPolicyDefault.moveToTrash(TrashPolicyDefault.java:181)
	at org.apache.hadoop.fs.Trash.moveToTrash(Trash.java:110)
	at org.apache.hadoop.fs.ozone.TestOzoneFileSystem.testTrash(TestOzoneFileSystem.java:1543)
	at sun.reflect.NativeMethodAccessorImpl.invoke0(Native Method)
	at sun.reflect.NativeMethodAccessorImpl.invoke(NativeMethodAccessorImpl.java:62)
	at sun.reflect.DelegatingMethodAccessorImpl.invoke(DelegatingMethodAccessorImpl.java:43)
	at java.lang.reflect.Method.invoke(Method.java:498)
	at org.junit.runners.model.FrameworkMethod$1.runReflectiveCall(FrameworkMethod.java:59)
	at org.junit.internal.runners.model.ReflectiveCallable.run(ReflectiveCallable.java:12)
	at org.junit.runners.model.FrameworkMethod.invokeExplosively(FrameworkMethod.java:56)
	at org.junit.internal.runners.statements.InvokeMethod.evaluate(InvokeMethod.java:17)
	at org.junit.internal.runners.statements.RunAfters.evaluate(RunAfters.java:27)
	at org.junit.internal.runners.statements.FailOnTimeout$CallableStatement.call(FailOnTimeout.java:288)
	at org.junit.internal.runners.statements.FailOnTimeout$CallableStatement.call(FailOnTimeout.java:282)
	at java.util.concurrent.FutureTask.run(FutureTask.java:266)
	at java.lang.Thread.run(Thread.java:750)
09:59:01.532 [IPC Server handler 11 on default port 38925] ERROR OMAudit - user=runner | ip=127.0.0.1 | op=GET_FILE_STATUS {volume=volume75139, bucket=bucket52642, key=.Trash/runner/Current/testKey2, dataSize=0, replicationConfig=null} | ret=FAILURE
org.apache.hadoop.ozone.om.exceptions.OMException: Unable to get file status: volume: volume75139 bucket: bucket52642 key: .Trash/runner/Current/testKey2
	at org.apache.hadoop.ozone.om.KeyManagerImpl.getOzoneFileStatus(KeyManagerImpl.java:1324) ~[ozone-manager-1.3.0-SNAPSHOT.jar:?]
	at org.apache.hadoop.ozone.om.KeyManagerImpl.getFileStatus(KeyManagerImpl.java:1254) ~[ozone-manager-1.3.0-SNAPSHOT.jar:?]
	at org.apache.hadoop.ozone.om.OzoneManager.getFileStatus(OzoneManager.java:3506) ~[ozone-manager-1.3.0-SNAPSHOT.jar:?]
	at org.apache.hadoop.ozone.protocolPB.OzoneManagerRequestHandler.getOzoneFileStatus(OzoneManagerRequestHandler.java:882) ~[ozone-manager-1.3.0-SNAPSHOT.jar:?]
	at org.apache.hadoop.ozone.protocolPB.OzoneManagerRequestHandler.handleReadRequest(OzoneManagerRequestHandler.java:228) ~[ozone-manager-1.3.0-SNAPSHOT.jar:?]
	at org.apache.hadoop.ozone.protocolPB.OzoneManagerProtocolServerSideTranslatorPB.submitRequestDirectlyToOM(OzoneManagerProtocolServerSideTranslatorPB.java:276) ~[ozone-manager-1.3.0-SNAPSHOT.jar:?]
	at org.apache.hadoop.ozone.protocolPB.OzoneManagerProtocolServerSideTranslatorPB.processRequest(OzoneManagerProtocolServerSideTranslatorPB.java:205) ~[ozone-manager-1.3.0-SNAPSHOT.jar:?]
	at org.apache.hadoop.hdds.server.OzoneProtocolMessageDispatcher.processRequest(OzoneProtocolMessageDispatcher.java:87) [hdds-server-framework-1.3.0-SNAPSHOT.jar:?]
	at org.apache.hadoop.ozone.protocolPB.OzoneManagerProtocolServerSideTranslatorPB.submitRequest(OzoneManagerProtocolServerSideTranslatorPB.java:147) [ozone-manager-1.3.0-SNAPSHOT.jar:?]
	at org.apache.hadoop.ozone.protocol.proto.OzoneManagerProtocolProtos$OzoneManagerService$2.callBlockingMethod(OzoneManagerProtocolProtos.java) [ozone-interface-client-1.3.0-SNAPSHOT.jar:?]
	at org.apache.hadoop.ipc.ProtobufRpcEngine$Server.processCall(ProtobufRpcEngine.java:466) [hadoop-common-3.3.1.jar:?]
	at org.apache.hadoop.ipc.ProtobufRpcEngine2$Server$ProtoBufRpcInvoker.call(ProtobufRpcEngine2.java:574) [hadoop-common-3.3.1.jar:?]
	at org.apache.hadoop.ipc.ProtobufRpcEngine2$Server$ProtoBufRpcInvoker.call(ProtobufRpcEngine2.java:552) [hadoop-common-3.3.1.jar:?]
	at org.apache.hadoop.ipc.RPC$Server.call(RPC.java:1093) [hadoop-common-3.3.1.jar:?]
	at org.apache.hadoop.ipc.Server$RpcCall.run(Server.java:1035) [hadoop-common-3.3.1.jar:?]
	at org.apache.hadoop.ipc.Server$RpcCall.run(Server.java:963) [hadoop-common-3.3.1.jar:?]
	at java.security.AccessController.doPrivileged(Native Method) ~[?:1.8.0_345]
	at javax.security.auth.Subject.doAs(Subject.java:422) [?:1.8.0_345]
	at org.apache.hadoop.security.UserGroupInformation.doAs(UserGroupInformation.java:1878) [hadoop-common-3.3.1.jar:?]
	at org.apache.hadoop.ipc.Server$Handler.run(Server.java:2966) [hadoop-common-3.3.1.jar:?]
2022-09-28 09:59:01,533 [Time-limited test] WARN  ozone.BasicOzoneFileSystem (BasicOzoneFileSystem.java:getFileStatus(765)) - GetFileStatus failed for path /.Trash/runner/Current/testKey2
java.io.FileNotFoundException: .Trash/runner/Current/testKey2: No such file or directory!
	at org.apache.hadoop.fs.ozone.BasicOzoneClientAdapterImpl.getFileStatus(BasicOzoneClientAdapterImpl.java:369)
	at org.apache.hadoop.fs.ozone.BasicOzoneFileSystem.getFileStatus(BasicOzoneFileSystem.java:757)
	at org.apache.hadoop.fs.ozone.BasicOzoneFileSystem.rename(BasicOzoneFileSystem.java:357)
	at org.apache.hadoop.fs.ozone.BasicOzoneFileSystem.rename(BasicOzoneFileSystem.java:454)
	at org.apache.hadoop.fs.TrashPolicyDefault.moveToTrash(TrashPolicyDefault.java:186)
	at org.apache.hadoop.fs.Trash.moveToTrash(Trash.java:110)
	at org.apache.hadoop.fs.ozone.TestOzoneFileSystem.testTrash(TestOzoneFileSystem.java:1543)
	at sun.reflect.NativeMethodAccessorImpl.invoke0(Native Method)
	at sun.reflect.NativeMethodAccessorImpl.invoke(NativeMethodAccessorImpl.java:62)
	at sun.reflect.DelegatingMethodAccessorImpl.invoke(DelegatingMethodAccessorImpl.java:43)
	at java.lang.reflect.Method.invoke(Method.java:498)
	at org.junit.runners.model.FrameworkMethod$1.runReflectiveCall(FrameworkMethod.java:59)
	at org.junit.internal.runners.model.ReflectiveCallable.run(ReflectiveCallable.java:12)
	at org.junit.runners.model.FrameworkMethod.invokeExplosively(FrameworkMethod.java:56)
	at org.junit.internal.runners.statements.InvokeMethod.evaluate(InvokeMethod.java:17)
	at org.junit.internal.runners.statements.RunAfters.evaluate(RunAfters.java:27)
	at org.junit.internal.runners.statements.FailOnTimeout$CallableStatement.call(FailOnTimeout.java:288)
	at org.junit.internal.runners.statements.FailOnTimeout$CallableStatement.call(FailOnTimeout.java:282)
	at java.util.concurrent.FutureTask.run(FutureTask.java:266)
	at java.lang.Thread.run(Thread.java:750)
09:59:01.533 [IPC Server handler 15 on default port 38925] ERROR OMAudit - user=runner | ip=127.0.0.1 | op=GET_FILE_STATUS {volume=volume75139, bucket=bucket52642, key=.Trash/runner/Current, dataSize=0, replicationConfig=null} | ret=FAILURE
org.apache.hadoop.ozone.om.exceptions.OMException: Unable to get file status: volume: volume75139 bucket: bucket52642 key: .Trash/runner/Current
	at org.apache.hadoop.ozone.om.KeyManagerImpl.getOzoneFileStatus(KeyManagerImpl.java:1324) ~[ozone-manager-1.3.0-SNAPSHOT.jar:?]
	at org.apache.hadoop.ozone.om.KeyManagerImpl.getFileStatus(KeyManagerImpl.java:1254) ~[ozone-manager-1.3.0-SNAPSHOT.jar:?]
	at org.apache.hadoop.ozone.om.OzoneManager.getFileStatus(OzoneManager.java:3506) ~[ozone-manager-1.3.0-SNAPSHOT.jar:?]
	at org.apache.hadoop.ozone.protocolPB.OzoneManagerRequestHandler.getOzoneFileStatus(OzoneManagerRequestHandler.java:882) ~[ozone-manager-1.3.0-SNAPSHOT.jar:?]
	at org.apache.hadoop.ozone.protocolPB.OzoneManagerRequestHandler.handleReadRequest(OzoneManagerRequestHandler.java:228) ~[ozone-manager-1.3.0-SNAPSHOT.jar:?]
	at org.apache.hadoop.ozone.protocolPB.OzoneManagerProtocolServerSideTranslatorPB.submitRequestDirectlyToOM(OzoneManagerProtocolServerSideTranslatorPB.java:276) ~[ozone-manager-1.3.0-SNAPSHOT.jar:?]
	at org.apache.hadoop.ozone.protocolPB.OzoneManagerProtocolServerSideTranslatorPB.processRequest(OzoneManagerProtocolServerSideTranslatorPB.java:205) ~[ozone-manager-1.3.0-SNAPSHOT.jar:?]
	at org.apache.hadoop.hdds.server.OzoneProtocolMessageDispatcher.processRequest(OzoneProtocolMessageDispatcher.java:87) [hdds-server-framework-1.3.0-SNAPSHOT.jar:?]
	at org.apache.hadoop.ozone.protocolPB.OzoneManagerProtocolServerSideTranslatorPB.submitRequest(OzoneManagerProtocolServerSideTranslatorPB.java:147) [ozone-manager-1.3.0-SNAPSHOT.jar:?]
	at org.apache.hadoop.ozone.protocol.proto.OzoneManagerProtocolProtos$OzoneManagerService$2.callBlockingMethod(OzoneManagerProtocolProtos.java) [ozone-interface-client-1.3.0-SNAPSHOT.jar:?]
	at org.apache.hadoop.ipc.ProtobufRpcEngine$Server.processCall(ProtobufRpcEngine.java:466) [hadoop-common-3.3.1.jar:?]
	at org.apache.hadoop.ipc.ProtobufRpcEngine2$Server$ProtoBufRpcInvoker.call(ProtobufRpcEngine2.java:574) [hadoop-common-3.3.1.jar:?]
	at org.apache.hadoop.ipc.ProtobufRpcEngine2$Server$ProtoBufRpcInvoker.call(ProtobufRpcEngine2.java:552) [hadoop-common-3.3.1.jar:?]
	at org.apache.hadoop.ipc.RPC$Server.call(RPC.java:1093) [hadoop-common-3.3.1.jar:?]
	at org.apache.hadoop.ipc.Server$RpcCall.run(Server.java:1035) [hadoop-common-3.3.1.jar:?]
	at org.apache.hadoop.ipc.Server$RpcCall.run(Server.java:963) [hadoop-common-3.3.1.jar:?]
	at java.security.AccessController.doPrivileged(Native Method) ~[?:1.8.0_345]
	at javax.security.auth.Subject.doAs(Subject.java:422) [?:1.8.0_345]
	at org.apache.hadoop.security.UserGroupInformation.doAs(UserGroupInformation.java:1878) [hadoop-common-3.3.1.jar:?]
	at org.apache.hadoop.ipc.Server$Handler.run(Server.java:2966) [hadoop-common-3.3.1.jar:?]
2022-09-28 09:59:01,552 [Time-limited test] WARN  ozone.BasicOzoneFileSystem (BasicOzoneFileSystem.java:getFileStatus(765)) - GetFileStatus failed for path /.Trash/runner/Current
java.io.FileNotFoundException: .Trash/runner/Current: No such file or directory!
	at org.apache.hadoop.fs.ozone.BasicOzoneClientAdapterImpl.getFileStatus(BasicOzoneClientAdapterImpl.java:369)
	at org.apache.hadoop.fs.ozone.BasicOzoneFileSystem.getFileStatus(BasicOzoneFileSystem.java:757)
	at org.apache.hadoop.fs.ozone.BasicOzoneFileSystem.rename(BasicOzoneFileSystem.java:365)
	at org.apache.hadoop.fs.ozone.BasicOzoneFileSystem.rename(BasicOzoneFileSystem.java:454)
	at org.apache.hadoop.fs.TrashPolicyDefault.moveToTrash(TrashPolicyDefault.java:186)
	at org.apache.hadoop.fs.Trash.moveToTrash(Trash.java:110)
	at org.apache.hadoop.fs.ozone.TestOzoneFileSystem.testTrash(TestOzoneFileSystem.java:1543)
	at sun.reflect.NativeMethodAccessorImpl.invoke0(Native Method)
	at sun.reflect.NativeMethodAccessorImpl.invoke(NativeMethodAccessorImpl.java:62)
	at sun.reflect.DelegatingMethodAccessorImpl.invoke(DelegatingMethodAccessorImpl.java:43)
	at java.lang.reflect.Method.invoke(Method.java:498)
	at org.junit.runners.model.FrameworkMethod$1.runReflectiveCall(FrameworkMethod.java:59)
	at org.junit.internal.runners.model.ReflectiveCallable.run(ReflectiveCallable.java:12)
	at org.junit.runners.model.FrameworkMethod.invokeExplosively(FrameworkMethod.java:56)
	at org.junit.internal.runners.statements.InvokeMethod.evaluate(InvokeMethod.java:17)
	at org.junit.internal.runners.statements.RunAfters.evaluate(RunAfters.java:27)
	at org.junit.internal.runners.statements.FailOnTimeout$CallableStatement.call(FailOnTimeout.java:288)
	at org.junit.internal.runners.statements.FailOnTimeout$CallableStatement.call(FailOnTimeout.java:282)
	at java.util.concurrent.FutureTask.run(FutureTask.java:266)
	at java.lang.Thread.run(Thread.java:750)
09:59:01.555 [IPC Server handler 16 on default port 38925] ERROR OMAudit - user=runner | ip=127.0.0.1 | op=GET_FILE_STATUS {volume=volume75139, bucket=bucket52642, key=.Trash/runner/Current/testKey2, dataSize=0, replicationConfig=null} | ret=FAILURE
org.apache.hadoop.ozone.om.exceptions.OMException: Unable to get file status: volume: volume75139 bucket: bucket52642 key: .Trash/runner/Current/testKey2
	at org.apache.hadoop.ozone.om.KeyManagerImpl.getOzoneFileStatus(KeyManagerImpl.java:1324) ~[ozone-manager-1.3.0-SNAPSHOT.jar:?]
	at org.apache.hadoop.ozone.om.KeyManagerImpl.getFileStatus(KeyManagerImpl.java:1254) ~[ozone-manager-1.3.0-SNAPSHOT.jar:?]
	at org.apache.hadoop.ozone.om.OzoneManager.getFileStatus(OzoneManager.java:3506) ~[ozone-manager-1.3.0-SNAPSHOT.jar:?]
	at org.apache.hadoop.ozone.protocolPB.OzoneManagerRequestHandler.getOzoneFileStatus(OzoneManagerRequestHandler.java:882) ~[ozone-manager-1.3.0-SNAPSHOT.jar:?]
	at org.apache.hadoop.ozone.protocolPB.OzoneManagerRequestHandler.handleReadRequest(OzoneManagerRequestHandler.java:228) ~[ozone-manager-1.3.0-SNAPSHOT.jar:?]
	at org.apache.hadoop.ozone.protocolPB.OzoneManagerProtocolServerSideTranslatorPB.submitRequestDirectlyToOM(OzoneManagerProtocolServerSideTranslatorPB.java:276) ~[ozone-manager-1.3.0-SNAPSHOT.jar:?]
	at org.apache.hadoop.ozone.protocolPB.OzoneManagerProtocolServerSideTranslatorPB.processRequest(OzoneManagerProtocolServerSideTranslatorPB.java:205) ~[ozone-manager-1.3.0-SNAPSHOT.jar:?]
	at org.apache.hadoop.hdds.server.OzoneProtocolMessageDispatcher.processRequest(OzoneProtocolMessageDispatcher.java:87) [hdds-server-framework-1.3.0-SNAPSHOT.jar:?]
	at org.apache.hadoop.ozone.protocolPB.OzoneManagerProtocolServerSideTranslatorPB.submitRequest(OzoneManagerProtocolServerSideTranslatorPB.java:147) [ozone-manager-1.3.0-SNAPSHOT.jar:?]
	at org.apache.hadoop.ozone.protocol.proto.OzoneManagerProtocolProtos$OzoneManagerService$2.callBlockingMethod(OzoneManagerProtocolProtos.java) [ozone-interface-client-1.3.0-SNAPSHOT.jar:?]
	at org.apache.hadoop.ipc.ProtobufRpcEngine$Server.processCall(ProtobufRpcEngine.java:466) [hadoop-common-3.3.1.jar:?]
	at org.apache.hadoop.ipc.ProtobufRpcEngine2$Server$ProtoBufRpcInvoker.call(ProtobufRpcEngine2.java:574) [hadoop-common-3.3.1.jar:?]
	at org.apache.hadoop.ipc.ProtobufRpcEngine2$Server$ProtoBufRpcInvoker.call(ProtobufRpcEngine2.java:552) [hadoop-common-3.3.1.jar:?]
	at org.apache.hadoop.ipc.RPC$Server.call(RPC.java:1093) [hadoop-common-3.3.1.jar:?]
	at org.apache.hadoop.ipc.Server$RpcCall.run(Server.java:1035) [hadoop-common-3.3.1.jar:?]
	at org.apache.hadoop.ipc.Server$RpcCall.run(Server.java:963) [hadoop-common-3.3.1.jar:?]
	at java.security.AccessController.doPrivileged(Native Method) ~[?:1.8.0_345]
	at javax.security.auth.Subject.doAs(Subject.java:422) [?:1.8.0_345]
	at org.apache.hadoop.security.UserGroupInformation.doAs(UserGroupInformation.java:1878) [hadoop-common-3.3.1.jar:?]
	at org.apache.hadoop.ipc.Server$Handler.run(Server.java:2966) [hadoop-common-3.3.1.jar:?]
2022-09-28 09:59:01,555 [Time-limited test] WARN  ozone.BasicOzoneFileSystem (BasicOzoneFileSystem.java:getFileStatus(765)) - GetFileStatus failed for path /.Trash/runner/Current/testKey2
java.io.FileNotFoundException: .Trash/runner/Current/testKey2: No such file or directory!
	at org.apache.hadoop.fs.ozone.BasicOzoneClientAdapterImpl.getFileStatus(BasicOzoneClientAdapterImpl.java:369)
	at org.apache.hadoop.fs.ozone.BasicOzoneFileSystem.getFileStatus(BasicOzoneFileSystem.java:757)
	at org.apache.hadoop.fs.FileSystem.exists(FileSystem.java:1760)
	at org.apache.hadoop.fs.ozone.BasicOzoneFileSystem.exists(BasicOzoneFileSystem.java:804)
	at org.apache.hadoop.fs.TrashPolicyDefault.moveToTrash(TrashPolicyDefault.java:181)
	at org.apache.hadoop.fs.Trash.moveToTrash(Trash.java:110)
	at org.apache.hadoop.fs.ozone.TestOzoneFileSystem.testTrash(TestOzoneFileSystem.java:1543)
	at sun.reflect.NativeMethodAccessorImpl.invoke0(Native Method)
	at sun.reflect.NativeMethodAccessorImpl.invoke(NativeMethodAccessorImpl.java:62)
	at sun.reflect.DelegatingMethodAccessorImpl.invoke(DelegatingMethodAccessorImpl.java:43)
	at java.lang.reflect.Method.invoke(Method.java:498)
	at org.junit.runners.model.FrameworkMethod$1.runReflectiveCall(FrameworkMethod.java:59)
	at org.junit.internal.runners.model.ReflectiveCallable.run(ReflectiveCallable.java:12)
	at org.junit.runners.model.FrameworkMethod.invokeExplosively(FrameworkMethod.java:56)
	at org.junit.internal.runners.statements.InvokeMethod.evaluate(InvokeMethod.java:17)
	at org.junit.internal.runners.statements.RunAfters.evaluate(RunAfters.java:27)
	at org.junit.internal.runners.statements.FailOnTimeout$CallableStatement.call(FailOnTimeout.java:288)
	at org.junit.internal.runners.statements.FailOnTimeout$CallableStatement.call(FailOnTimeout.java:282)
	at java.util.concurrent.FutureTask.run(FutureTask.java:266)
	at java.lang.Thread.run(Thread.java:750)
09:59:01.556 [IPC Server handler 18 on default port 38925] ERROR OMAudit - user=runner | ip=127.0.0.1 | op=GET_FILE_STATUS {volume=volume75139, bucket=bucket52642, key=.Trash/runner/Current/testKey2, dataSize=0, replicationConfig=null} | ret=FAILURE
org.apache.hadoop.ozone.om.exceptions.OMException: Unable to get file status: volume: volume75139 bucket: bucket52642 key: .Trash/runner/Current/testKey2
	at org.apache.hadoop.ozone.om.KeyManagerImpl.getOzoneFileStatus(KeyManagerImpl.java:1324) ~[ozone-manager-1.3.0-SNAPSHOT.jar:?]
	at org.apache.hadoop.ozone.om.KeyManagerImpl.getFileStatus(KeyManagerImpl.java:1254) ~[ozone-manager-1.3.0-SNAPSHOT.jar:?]
	at org.apache.hadoop.ozone.om.OzoneManager.getFileStatus(OzoneManager.java:3506) ~[ozone-manager-1.3.0-SNAPSHOT.jar:?]
	at org.apache.hadoop.ozone.protocolPB.OzoneManagerRequestHandler.getOzoneFileStatus(OzoneManagerRequestHandler.java:882) ~[ozone-manager-1.3.0-SNAPSHOT.jar:?]
	at org.apache.hadoop.ozone.protocolPB.OzoneManagerRequestHandler.handleReadRequest(OzoneManagerRequestHandler.java:228) ~[ozone-manager-1.3.0-SNAPSHOT.jar:?]
	at org.apache.hadoop.ozone.protocolPB.OzoneManagerProtocolServerSideTranslatorPB.submitRequestDirectlyToOM(OzoneManagerProtocolServerSideTranslatorPB.java:276) ~[ozone-manager-1.3.0-SNAPSHOT.jar:?]
	at org.apache.hadoop.ozone.protocolPB.OzoneManagerProtocolServerSideTranslatorPB.processRequest(OzoneManagerProtocolServerSideTranslatorPB.java:205) ~[ozone-manager-1.3.0-SNAPSHOT.jar:?]
	at org.apache.hadoop.hdds.server.OzoneProtocolMessageDispatcher.processRequest(OzoneProtocolMessageDispatcher.java:87) [hdds-server-framework-1.3.0-SNAPSHOT.jar:?]
	at org.apache.hadoop.ozone.protocolPB.OzoneManagerProtocolServerSideTranslatorPB.submitRequest(OzoneManagerProtocolServerSideTranslatorPB.java:147) [ozone-manager-1.3.0-SNAPSHOT.jar:?]
	at org.apache.hadoop.ozone.protocol.proto.OzoneManagerProtocolProtos$OzoneManagerService$2.callBlockingMethod(OzoneManagerProtocolProtos.java) [ozone-interface-client-1.3.0-SNAPSHOT.jar:?]
	at org.apache.hadoop.ipc.ProtobufRpcEngine$Server.processCall(ProtobufRpcEngine.java:466) [hadoop-common-3.3.1.jar:?]
	at org.apache.hadoop.ipc.ProtobufRpcEngine2$Server$ProtoBufRpcInvoker.call(ProtobufRpcEngine2.java:574) [hadoop-common-3.3.1.jar:?]
	at org.apache.hadoop.ipc.ProtobufRpcEngine2$Server$ProtoBufRpcInvoker.call(ProtobufRpcEngine2.java:552) [hadoop-common-3.3.1.jar:?]
	at org.apache.hadoop.ipc.RPC$Server.call(RPC.java:1093) [hadoop-common-3.3.1.jar:?]
	at org.apache.hadoop.ipc.Server$RpcCall.run(Server.java:1035) [hadoop-common-3.3.1.jar:?]
	at org.apache.hadoop.ipc.Server$RpcCall.run(Server.java:963) [hadoop-common-3.3.1.jar:?]
	at java.security.AccessController.doPrivileged(Native Method) ~[?:1.8.0_345]
	at javax.security.auth.Subject.doAs(Subject.java:422) [?:1.8.0_345]
	at org.apache.hadoop.security.UserGroupInformation.doAs(UserGroupInformation.java:1878) [hadoop-common-3.3.1.jar:?]
	at org.apache.hadoop.ipc.Server$Handler.run(Server.java:2966) [hadoop-common-3.3.1.jar:?]
2022-09-28 09:59:01,560 [Time-limited test] WARN  ozone.BasicOzoneFileSystem (BasicOzoneFileSystem.java:getFileStatus(765)) - GetFileStatus failed for path /.Trash/runner/Current/testKey2
java.io.FileNotFoundException: .Trash/runner/Current/testKey2: No such file or directory!
	at org.apache.hadoop.fs.ozone.BasicOzoneClientAdapterImpl.getFileStatus(BasicOzoneClientAdapterImpl.java:369)
	at org.apache.hadoop.fs.ozone.BasicOzoneFileSystem.getFileStatus(BasicOzoneFileSystem.java:757)
	at org.apache.hadoop.fs.ozone.BasicOzoneFileSystem.rename(BasicOzoneFileSystem.java:357)
	at org.apache.hadoop.fs.ozone.BasicOzoneFileSystem.rename(BasicOzoneFileSystem.java:454)
	at org.apache.hadoop.fs.TrashPolicyDefault.moveToTrash(TrashPolicyDefault.java:186)
	at org.apache.hadoop.fs.Trash.moveToTrash(Trash.java:110)
	at org.apache.hadoop.fs.ozone.TestOzoneFileSystem.testTrash(TestOzoneFileSystem.java:1543)
	at sun.reflect.NativeMethodAccessorImpl.invoke0(Native Method)
	at sun.reflect.NativeMethodAccessorImpl.invoke(NativeMethodAccessorImpl.java:62)
	at sun.reflect.DelegatingMethodAccessorImpl.invoke(DelegatingMethodAccessorImpl.java:43)
	at java.lang.reflect.Method.invoke(Method.java:498)
	at org.junit.runners.model.FrameworkMethod$1.runReflectiveCall(FrameworkMethod.java:59)
	at org.junit.internal.runners.model.ReflectiveCallable.run(ReflectiveCallable.java:12)
	at org.junit.runners.model.FrameworkMethod.invokeExplosively(FrameworkMethod.java:56)
	at org.junit.internal.runners.statements.InvokeMethod.evaluate(InvokeMethod.java:17)
	at org.junit.internal.runners.statements.RunAfters.evaluate(RunAfters.java:27)
	at org.junit.internal.runners.statements.FailOnTimeout$CallableStatement.call(FailOnTimeout.java:288)
	at org.junit.internal.runners.statements.FailOnTimeout$CallableStatement.call(FailOnTimeout.java:282)
	at java.util.concurrent.FutureTask.run(FutureTask.java:266)
	at java.lang.Thread.run(Thread.java:750)
2022-09-28 09:59:01,591 [Time-limited test] INFO  fs.TrashPolicyDefault (TrashPolicyDefault.java:moveToTrash(188)) - Moved: '/testKey2' to trash at: /.Trash/runner/Current/testKey2
2022-09-28 09:59:02,267 [fa5dce8c-80cb-4c43-9e0a-2a910fa20985@group-FCA6F6639A68-FollowerState] INFO  impl.FollowerState (FollowerState.java:run(143)) - fa5dce8c-80cb-4c43-9e0a-2a910fa20985@group-FCA6F6639A68-FollowerState: change to CANDIDATE, lastRpcElapsedTime:5093084232ns, electionTimeout:5044ms
2022-09-28 09:59:02,267 [fa5dce8c-80cb-4c43-9e0a-2a910fa20985@group-FCA6F6639A68-FollowerState] INFO  impl.RoleInfo (RoleInfo.java:shutdownFollowerState(110)) - fa5dce8c-80cb-4c43-9e0a-2a910fa20985: shutdown fa5dce8c-80cb-4c43-9e0a-2a910fa20985@group-FCA6F6639A68-FollowerState
2022-09-28 09:59:02,267 [fa5dce8c-80cb-4c43-9e0a-2a910fa20985@group-FCA6F6639A68-FollowerState] INFO  server.RaftServer$Division (RaftServerImpl.java:setRole(299)) - fa5dce8c-80cb-4c43-9e0a-2a910fa20985@group-FCA6F6639A68: changes role from  FOLLOWER to CANDIDATE at term 3 for changeToCandidate
2022-09-28 09:59:02,267 [fa5dce8c-80cb-4c43-9e0a-2a910fa20985@group-FCA6F6639A68-FollowerState] INFO  server.RaftServerConfigKeys (ConfUtils.java:logGet(46)) - raft.server.leaderelection.pre-vote = false (custom)
2022-09-28 09:59:02,267 [fa5dce8c-80cb-4c43-9e0a-2a910fa20985@group-FCA6F6639A68-FollowerState] INFO  impl.RoleInfo (RoleInfo.java:updateAndGet(139)) - fa5dce8c-80cb-4c43-9e0a-2a910fa20985: start fa5dce8c-80cb-4c43-9e0a-2a910fa20985@group-FCA6F6639A68-LeaderElection52
2022-09-28 09:59:02,307 [fa5dce8c-80cb-4c43-9e0a-2a910fa20985@group-FCA6F6639A68-LeaderElection52] INFO  impl.LeaderElection (LeaderElection.java:askForVotes(310)) - fa5dce8c-80cb-4c43-9e0a-2a910fa20985@group-FCA6F6639A68-LeaderElection52 ELECTION round 0: submit vote requests at term 4 for -1: [fa5dce8c-80cb-4c43-9e0a-2a910fa20985|rpc:10.1.1.21:40407|dataStream:|priority:0, 9e9c1c6a-451f-46d5-9738-b004dc1aedb2|rpc:10.1.1.21:38097|dataStream:|priority:0, 80fc50c2-999b-4282-ba04-29b80da548ab|rpc:10.1.1.21:45007|dataStream:|priority:1], old=null
2022-09-28 09:59:02,320 [9e9c1c6a-451f-46d5-9738-b004dc1aedb2@group-FCA6F6639A68-FollowerState] INFO  impl.FollowerState (FollowerState.java:run(143)) - 9e9c1c6a-451f-46d5-9738-b004dc1aedb2@group-FCA6F6639A68-FollowerState: change to CANDIDATE, lastRpcElapsedTime:5152407979ns, electionTimeout:5152ms
2022-09-28 09:59:02,320 [9e9c1c6a-451f-46d5-9738-b004dc1aedb2@group-FCA6F6639A68-FollowerState] INFO  impl.RoleInfo (RoleInfo.java:shutdownFollowerState(110)) - 9e9c1c6a-451f-46d5-9738-b004dc1aedb2: shutdown 9e9c1c6a-451f-46d5-9738-b004dc1aedb2@group-FCA6F6639A68-FollowerState
2022-09-28 09:59:02,320 [9e9c1c6a-451f-46d5-9738-b004dc1aedb2@group-FCA6F6639A68-FollowerState] INFO  server.RaftServer$Division (RaftServerImpl.java:setRole(299)) - 9e9c1c6a-451f-46d5-9738-b004dc1aedb2@group-FCA6F6639A68: changes role from  FOLLOWER to CANDIDATE at term 3 for changeToCandidate
2022-09-28 09:59:02,324 [80fc50c2-999b-4282-ba04-29b80da548ab@group-FCA6F6639A68-FollowerState] INFO  impl.FollowerState (FollowerState.java:run(143)) - 80fc50c2-999b-4282-ba04-29b80da548ab@group-FCA6F6639A68-FollowerState: change to CANDIDATE, lastRpcElapsedTime:5156999759ns, electionTimeout:5156ms
2022-09-28 09:59:02,324 [80fc50c2-999b-4282-ba04-29b80da548ab@group-FCA6F6639A68-FollowerState] INFO  impl.RoleInfo (RoleInfo.java:shutdownFollowerState(110)) - 80fc50c2-999b-4282-ba04-29b80da548ab: shutdown 80fc50c2-999b-4282-ba04-29b80da548ab@group-FCA6F6639A68-FollowerState
2022-09-28 09:59:02,324 [80fc50c2-999b-4282-ba04-29b80da548ab@group-FCA6F6639A68-FollowerState] INFO  server.RaftServer$Division (RaftServerImpl.java:setRole(299)) - 80fc50c2-999b-4282-ba04-29b80da548ab@group-FCA6F6639A68: changes role from  FOLLOWER to CANDIDATE at term 3 for changeToCandidate
2022-09-28 09:59:02,329 [9e9c1c6a-451f-46d5-9738-b004dc1aedb2@group-FCA6F6639A68-FollowerState] INFO  server.RaftServerConfigKeys (ConfUtils.java:logGet(46)) - raft.server.leaderelection.pre-vote = false (custom)
2022-09-28 09:59:02,329 [9e9c1c6a-451f-46d5-9738-b004dc1aedb2@group-FCA6F6639A68-FollowerState] INFO  impl.RoleInfo (RoleInfo.java:updateAndGet(139)) - 9e9c1c6a-451f-46d5-9738-b004dc1aedb2: start 9e9c1c6a-451f-46d5-9738-b004dc1aedb2@group-FCA6F6639A68-LeaderElection53
2022-09-28 09:59:02,345 [80fc50c2-999b-4282-ba04-29b80da548ab@group-FCA6F6639A68-FollowerState] INFO  server.RaftServerConfigKeys (ConfUtils.java:logGet(46)) - raft.server.leaderelection.pre-vote = false (custom)
2022-09-28 09:59:02,345 [80fc50c2-999b-4282-ba04-29b80da548ab@group-FCA6F6639A68-FollowerState] INFO  impl.RoleInfo (RoleInfo.java:updateAndGet(139)) - 80fc50c2-999b-4282-ba04-29b80da548ab: start 80fc50c2-999b-4282-ba04-29b80da548ab@group-FCA6F6639A68-LeaderElection54
2022-09-28 09:59:02,346 [grpc-default-executor-1] INFO  server.RaftServer$Division (RaftServerImpl.java:requestVote(1152)) - 9e9c1c6a-451f-46d5-9738-b004dc1aedb2@group-FCA6F6639A68: receive requestVote(ELECTION, fa5dce8c-80cb-4c43-9e0a-2a910fa20985, group-FCA6F6639A68, 4, (t:0, i:0))
2022-09-28 09:59:02,346 [grpc-default-executor-1] INFO  impl.VoteContext (VoteContext.java:log(48)) - 9e9c1c6a-451f-46d5-9738-b004dc1aedb2@group-FCA6F6639A68-CANDIDATE: accept ELECTION from fa5dce8c-80cb-4c43-9e0a-2a910fa20985: our priority 0 <= candidate's priority 0
2022-09-28 09:59:02,346 [grpc-default-executor-1] INFO  server.RaftServer$Division (RaftServerImpl.java:setRole(299)) - 9e9c1c6a-451f-46d5-9738-b004dc1aedb2@group-FCA6F6639A68: changes role from CANDIDATE to FOLLOWER at term 4 for candidate:fa5dce8c-80cb-4c43-9e0a-2a910fa20985
2022-09-28 09:59:02,346 [grpc-default-executor-1] INFO  impl.RoleInfo (RoleInfo.java:shutdownLeaderElection(130)) - 9e9c1c6a-451f-46d5-9738-b004dc1aedb2: shutdown 9e9c1c6a-451f-46d5-9738-b004dc1aedb2@group-FCA6F6639A68-LeaderElection53
2022-09-28 09:59:02,346 [grpc-default-executor-3] INFO  server.RaftServer$Division (RaftServerImpl.java:requestVote(1152)) - 80fc50c2-999b-4282-ba04-29b80da548ab@group-FCA6F6639A68: receive requestVote(ELECTION, fa5dce8c-80cb-4c43-9e0a-2a910fa20985, group-FCA6F6639A68, 4, (t:0, i:0))
2022-09-28 09:59:02,346 [grpc-default-executor-3] INFO  impl.VoteContext (VoteContext.java:log(48)) - 80fc50c2-999b-4282-ba04-29b80da548ab@group-FCA6F6639A68-CANDIDATE: reject ELECTION from fa5dce8c-80cb-4c43-9e0a-2a910fa20985: our priority 1 > candidate's priority 0
2022-09-28 09:59:02,346 [grpc-default-executor-3] INFO  server.RaftServer$Division (RaftServerImpl.java:setRole(299)) - 80fc50c2-999b-4282-ba04-29b80da548ab@group-FCA6F6639A68: changes role from CANDIDATE to FOLLOWER at term 4 for candidate:fa5dce8c-80cb-4c43-9e0a-2a910fa20985
2022-09-28 09:59:02,346 [grpc-default-executor-3] INFO  impl.RoleInfo (RoleInfo.java:shutdownLeaderElection(130)) - 80fc50c2-999b-4282-ba04-29b80da548ab: shutdown 80fc50c2-999b-4282-ba04-29b80da548ab@group-FCA6F6639A68-LeaderElection54
2022-09-28 09:59:02,346 [grpc-default-executor-3] INFO  impl.RoleInfo (RoleInfo.java:updateAndGet(139)) - 80fc50c2-999b-4282-ba04-29b80da548ab: start 80fc50c2-999b-4282-ba04-29b80da548ab@group-FCA6F6639A68-FollowerState
2022-09-28 09:59:02,346 [80fc50c2-999b-4282-ba04-29b80da548ab@group-FCA6F6639A68-LeaderElection54] INFO  impl.LeaderElection (LeaderElection.java:run(231)) - 80fc50c2-999b-4282-ba04-29b80da548ab@group-FCA6F6639A68-LeaderElection54: skip running since this is already CLOSING
2022-09-28 09:59:02,347 [grpc-default-executor-3] INFO  server.RaftServer$Division (RaftServerImpl.java:requestVote(1184)) - 80fc50c2-999b-4282-ba04-29b80da548ab@group-FCA6F6639A68 replies to ELECTION vote request: fa5dce8c-80cb-4c43-9e0a-2a910fa20985<-80fc50c2-999b-4282-ba04-29b80da548ab#0:FAIL-t4. Peer's state: 80fc50c2-999b-4282-ba04-29b80da548ab@group-FCA6F6639A68:t4, leader=null, voted=null, raftlog=80fc50c2-999b-4282-ba04-29b80da548ab@group-FCA6F6639A68-SegmentedRaftLog:OPENED:c-1, conf=-1: [fa5dce8c-80cb-4c43-9e0a-2a910fa20985|rpc:10.1.1.21:40407|dataStream:|priority:0, 9e9c1c6a-451f-46d5-9738-b004dc1aedb2|rpc:10.1.1.21:38097|dataStream:|priority:0, 80fc50c2-999b-4282-ba04-29b80da548ab|rpc:10.1.1.21:45007|dataStream:|priority:1], old=null
2022-09-28 09:59:02,348 [fa5dce8c-80cb-4c43-9e0a-2a910fa20985@group-FCA6F6639A68-LeaderElection52] INFO  impl.LeaderElection (LeaderElection.java:logAndReturn(90)) - fa5dce8c-80cb-4c43-9e0a-2a910fa20985@group-FCA6F6639A68-LeaderElection52: ELECTION REJECTED received 1 response(s) and 0 exception(s):
2022-09-28 09:59:02,348 [fa5dce8c-80cb-4c43-9e0a-2a910fa20985@group-FCA6F6639A68-LeaderElection52] INFO  impl.LeaderElection (LeaderElection.java:logAndReturn(94)) -   Response 0: fa5dce8c-80cb-4c43-9e0a-2a910fa20985<-80fc50c2-999b-4282-ba04-29b80da548ab#0:FAIL-t4
2022-09-28 09:59:02,348 [fa5dce8c-80cb-4c43-9e0a-2a910fa20985@group-FCA6F6639A68-LeaderElection52] INFO  impl.LeaderElection (LeaderElection.java:askForVotes(312)) - fa5dce8c-80cb-4c43-9e0a-2a910fa20985@group-FCA6F6639A68-LeaderElection52 ELECTION round 0: result REJECTED
2022-09-28 09:59:02,348 [fa5dce8c-80cb-4c43-9e0a-2a910fa20985@group-FCA6F6639A68-LeaderElection52] INFO  server.RaftServer$Division (RaftServerImpl.java:setRole(299)) - fa5dce8c-80cb-4c43-9e0a-2a910fa20985@group-FCA6F6639A68: changes role from CANDIDATE to FOLLOWER at term 4 for REJECTED
2022-09-28 09:59:02,348 [fa5dce8c-80cb-4c43-9e0a-2a910fa20985@group-FCA6F6639A68-LeaderElection52] INFO  impl.RoleInfo (RoleInfo.java:shutdownLeaderElection(130)) - fa5dce8c-80cb-4c43-9e0a-2a910fa20985: shutdown fa5dce8c-80cb-4c43-9e0a-2a910fa20985@group-FCA6F6639A68-LeaderElection52
2022-09-28 09:59:02,348 [fa5dce8c-80cb-4c43-9e0a-2a910fa20985@group-FCA6F6639A68-LeaderElection52] INFO  impl.RoleInfo (RoleInfo.java:updateAndGet(139)) - fa5dce8c-80cb-4c43-9e0a-2a910fa20985: start fa5dce8c-80cb-4c43-9e0a-2a910fa20985@group-FCA6F6639A68-FollowerState
2022-09-28 09:59:02,364 [9e9c1c6a-451f-46d5-9738-b004dc1aedb2@group-FCA6F6639A68-LeaderElection53] INFO  impl.LeaderElection (LeaderElection.java:run(231)) - 9e9c1c6a-451f-46d5-9738-b004dc1aedb2@group-FCA6F6639A68-LeaderElection53: skip running since this is already CLOSING
2022-09-28 09:59:02,380 [grpc-default-executor-1] INFO  impl.RoleInfo (RoleInfo.java:updateAndGet(139)) - 9e9c1c6a-451f-46d5-9738-b004dc1aedb2: start 9e9c1c6a-451f-46d5-9738-b004dc1aedb2@group-FCA6F6639A68-FollowerState
2022-09-28 09:59:02,397 [grpc-default-executor-1] INFO  server.RaftServer$Division (RaftServerImpl.java:requestVote(1184)) - 9e9c1c6a-451f-46d5-9738-b004dc1aedb2@group-FCA6F6639A68 replies to ELECTION vote request: fa5dce8c-80cb-4c43-9e0a-2a910fa20985<-9e9c1c6a-451f-46d5-9738-b004dc1aedb2#0:OK-t4. Peer's state: 9e9c1c6a-451f-46d5-9738-b004dc1aedb2@group-FCA6F6639A68:t4, leader=null, voted=fa5dce8c-80cb-4c43-9e0a-2a910fa20985, raftlog=9e9c1c6a-451f-46d5-9738-b004dc1aedb2@group-FCA6F6639A68-SegmentedRaftLog:OPENED:c-1, conf=-1: [fa5dce8c-80cb-4c43-9e0a-2a910fa20985|rpc:10.1.1.21:40407|priority:0, 9e9c1c6a-451f-46d5-9738-b004dc1aedb2|rpc:10.1.1.21:38097|priority:0, 80fc50c2-999b-4282-ba04-29b80da548ab|rpc:10.1.1.21:45007|priority:1], old=null
09:59:03.597 [IPC Server handler 0 on default port 38925] ERROR OMAudit - user=runner | ip=127.0.0.1 | op=GET_FILE_STATUS {volume=volume75139, bucket=bucket52642, key=.Trash/runner/Current/testKey2, dataSize=0, replicationConfig=null} | ret=FAILURE
org.apache.hadoop.ozone.om.exceptions.OMException: Unable to get file status: volume: volume75139 bucket: bucket52642 key: .Trash/runner/Current/testKey2
	at org.apache.hadoop.ozone.om.KeyManagerImpl.getOzoneFileStatus(KeyManagerImpl.java:1324) ~[ozone-manager-1.3.0-SNAPSHOT.jar:?]
	at org.apache.hadoop.ozone.om.KeyManagerImpl.getFileStatus(KeyManagerImpl.java:1254) ~[ozone-manager-1.3.0-SNAPSHOT.jar:?]
	at org.apache.hadoop.ozone.om.OzoneManager.getFileStatus(OzoneManager.java:3506) ~[ozone-manager-1.3.0-SNAPSHOT.jar:?]
	at org.apache.hadoop.ozone.protocolPB.OzoneManagerRequestHandler.getOzoneFileStatus(OzoneManagerRequestHandler.java:882) ~[ozone-manager-1.3.0-SNAPSHOT.jar:?]
	at org.apache.hadoop.ozone.protocolPB.OzoneManagerRequestHandler.handleReadRequest(OzoneManagerRequestHandler.java:228) ~[ozone-manager-1.3.0-SNAPSHOT.jar:?]
	at org.apache.hadoop.ozone.protocolPB.OzoneManagerProtocolServerSideTranslatorPB.submitRequestDirectlyToOM(OzoneManagerProtocolServerSideTranslatorPB.java:276) ~[ozone-manager-1.3.0-SNAPSHOT.jar:?]
	at org.apache.hadoop.ozone.protocolPB.OzoneManagerProtocolServerSideTranslatorPB.processRequest(OzoneManagerProtocolServerSideTranslatorPB.java:205) ~[ozone-manager-1.3.0-SNAPSHOT.jar:?]
	at org.apache.hadoop.hdds.server.OzoneProtocolMessageDispatcher.processRequest(OzoneProtocolMessageDispatcher.java:87) [hdds-server-framework-1.3.0-SNAPSHOT.jar:?]
	at org.apache.hadoop.ozone.protocolPB.OzoneManagerProtocolServerSideTranslatorPB.submitRequest(OzoneManagerProtocolServerSideTranslatorPB.java:147) [ozone-manager-1.3.0-SNAPSHOT.jar:?]
	at org.apache.hadoop.ozone.protocol.proto.OzoneManagerProtocolProtos$OzoneManagerService$2.callBlockingMethod(OzoneManagerProtocolProtos.java) [ozone-interface-client-1.3.0-SNAPSHOT.jar:?]
	at org.apache.hadoop.ipc.ProtobufRpcEngine$Server.processCall(ProtobufRpcEngine.java:466) [hadoop-common-3.3.1.jar:?]
	at org.apache.hadoop.ipc.ProtobufRpcEngine2$Server$ProtoBufRpcInvoker.call(ProtobufRpcEngine2.java:574) [hadoop-common-3.3.1.jar:?]
	at org.apache.hadoop.ipc.ProtobufRpcEngine2$Server$ProtoBufRpcInvoker.call(ProtobufRpcEngine2.java:552) [hadoop-common-3.3.1.jar:?]
	at org.apache.hadoop.ipc.RPC$Server.call(RPC.java:1093) [hadoop-common-3.3.1.jar:?]
	at org.apache.hadoop.ipc.Server$RpcCall.run(Server.java:1035) [hadoop-common-3.3.1.jar:?]
	at org.apache.hadoop.ipc.Server$RpcCall.run(Server.java:963) [hadoop-common-3.3.1.jar:?]
	at java.security.AccessController.doPrivileged(Native Method) ~[?:1.8.0_345]
	at javax.security.auth.Subject.doAs(Subject.java:422) [?:1.8.0_345]
	at org.apache.hadoop.security.UserGroupInformation.doAs(UserGroupInformation.java:1878) [hadoop-common-3.3.1.jar:?]
	at org.apache.hadoop.ipc.Server$Handler.run(Server.java:2966) [hadoop-common-3.3.1.jar:?]
2022-09-28 09:59:03,597 [Time-limited test] WARN  ozone.BasicOzoneFileSystem (BasicOzoneFileSystem.java:getFileStatus(765)) - GetFileStatus failed for path /.Trash/runner/Current/testKey2
java.io.FileNotFoundException: .Trash/runner/Current/testKey2: No such file or directory!
	at org.apache.hadoop.fs.ozone.BasicOzoneClientAdapterImpl.getFileStatus(BasicOzoneClientAdapterImpl.java:369)
	at org.apache.hadoop.fs.ozone.BasicOzoneFileSystem.getFileStatus(BasicOzoneFileSystem.java:757)
	at org.apache.hadoop.fs.FileSystem.exists(FileSystem.java:1760)
	at org.apache.hadoop.fs.ozone.BasicOzoneFileSystem.exists(BasicOzoneFileSystem.java:804)
	at org.apache.hadoop.fs.ozone.TestOzoneFileSystem.lambda$testTrash$5(TestOzoneFileSystem.java:1555)
	at org.apache.ozone.test.GenericTestUtils.waitFor(GenericTestUtils.java:218)
	at org.apache.hadoop.fs.ozone.TestOzoneFileSystem.testTrash(TestOzoneFileSystem.java:1553)
	at sun.reflect.NativeMethodAccessorImpl.invoke0(Native Method)
	at sun.reflect.NativeMethodAccessorImpl.invoke(NativeMethodAccessorImpl.java:62)
	at sun.reflect.DelegatingMethodAccessorImpl.invoke(DelegatingMethodAccessorImpl.java:43)
	at java.lang.reflect.Method.invoke(Method.java:498)
	at org.junit.runners.model.FrameworkMethod$1.runReflectiveCall(FrameworkMethod.java:59)
	at org.junit.internal.runners.model.ReflectiveCallable.run(ReflectiveCallable.java:12)
	at org.junit.runners.model.FrameworkMethod.invokeExplosively(FrameworkMethod.java:56)
	at org.junit.internal.runners.statements.InvokeMethod.evaluate(InvokeMethod.java:17)
	at org.junit.internal.runners.statements.RunAfters.evaluate(RunAfters.java:27)
	at org.junit.internal.runners.statements.FailOnTimeout$CallableStatement.call(FailOnTimeout.java:288)
	at org.junit.internal.runners.statements.FailOnTimeout$CallableStatement.call(FailOnTimeout.java:282)
	at java.util.concurrent.FutureTask.run(FutureTask.java:266)
	at java.lang.Thread.run(Thread.java:750)
]]></system-out>
  </testcase>
  <testcase name="testRenameDestinationParentDoesntExist" classname="TestOzoneFileSystem" time="0.054">
    <system-out><![CDATA[09:54:21.859 [IPC Server handler 13 on default port 33915] ERROR OMAudit - user=runner | ip=127.0.0.1 | op=GET_FILE_STATUS {volume=volume02959, bucket=bucket36363, key=root_dir/b/c, dataSize=0, replicationConfig=null} | ret=FAILURE
org.apache.hadoop.ozone.om.exceptions.OMException: Unable to get file status: volume: volume02959 bucket: bucket36363 key: root_dir/b/c
	at org.apache.hadoop.ozone.om.KeyManagerImpl.getOzoneFileStatus(KeyManagerImpl.java:1324) ~[ozone-manager-1.3.0-SNAPSHOT.jar:?]
	at org.apache.hadoop.ozone.om.KeyManagerImpl.getFileStatus(KeyManagerImpl.java:1254) ~[ozone-manager-1.3.0-SNAPSHOT.jar:?]
	at org.apache.hadoop.ozone.om.OzoneManager.getFileStatus(OzoneManager.java:3506) ~[ozone-manager-1.3.0-SNAPSHOT.jar:?]
	at org.apache.hadoop.ozone.protocolPB.OzoneManagerRequestHandler.getOzoneFileStatus(OzoneManagerRequestHandler.java:882) ~[ozone-manager-1.3.0-SNAPSHOT.jar:?]
	at org.apache.hadoop.ozone.protocolPB.OzoneManagerRequestHandler.handleReadRequest(OzoneManagerRequestHandler.java:228) ~[ozone-manager-1.3.0-SNAPSHOT.jar:?]
	at org.apache.hadoop.ozone.protocolPB.OzoneManagerProtocolServerSideTranslatorPB.submitReadRequestToOM(OzoneManagerProtocolServerSideTranslatorPB.java:226) ~[ozone-manager-1.3.0-SNAPSHOT.jar:?]
	at org.apache.hadoop.ozone.protocolPB.OzoneManagerProtocolServerSideTranslatorPB.processRequest(OzoneManagerProtocolServerSideTranslatorPB.java:175) ~[ozone-manager-1.3.0-SNAPSHOT.jar:?]
	at org.apache.hadoop.hdds.server.OzoneProtocolMessageDispatcher.processRequest(OzoneProtocolMessageDispatcher.java:87) [hdds-server-framework-1.3.0-SNAPSHOT.jar:?]
	at org.apache.hadoop.ozone.protocolPB.OzoneManagerProtocolServerSideTranslatorPB.submitRequest(OzoneManagerProtocolServerSideTranslatorPB.java:147) [ozone-manager-1.3.0-SNAPSHOT.jar:?]
	at org.apache.hadoop.ozone.protocol.proto.OzoneManagerProtocolProtos$OzoneManagerService$2.callBlockingMethod(OzoneManagerProtocolProtos.java) [ozone-interface-client-1.3.0-SNAPSHOT.jar:?]
	at org.apache.hadoop.ipc.ProtobufRpcEngine$Server.processCall(ProtobufRpcEngine.java:466) [hadoop-common-3.3.1.jar:?]
	at org.apache.hadoop.ipc.ProtobufRpcEngine2$Server$ProtoBufRpcInvoker.call(ProtobufRpcEngine2.java:574) [hadoop-common-3.3.1.jar:?]
	at org.apache.hadoop.ipc.ProtobufRpcEngine2$Server$ProtoBufRpcInvoker.call(ProtobufRpcEngine2.java:552) [hadoop-common-3.3.1.jar:?]
	at org.apache.hadoop.ipc.RPC$Server.call(RPC.java:1093) [hadoop-common-3.3.1.jar:?]
	at org.apache.hadoop.ipc.Server$RpcCall.run(Server.java:1035) [hadoop-common-3.3.1.jar:?]
	at org.apache.hadoop.ipc.Server$RpcCall.run(Server.java:963) [hadoop-common-3.3.1.jar:?]
	at java.security.AccessController.doPrivileged(Native Method) ~[?:1.8.0_345]
	at javax.security.auth.Subject.doAs(Subject.java:422) [?:1.8.0_345]
	at org.apache.hadoop.security.UserGroupInformation.doAs(UserGroupInformation.java:1878) [hadoop-common-3.3.1.jar:?]
	at org.apache.hadoop.ipc.Server$Handler.run(Server.java:2966) [hadoop-common-3.3.1.jar:?]
2022-09-28 09:54:21,860 [Time-limited test] WARN  ozone.BasicOzoneFileSystem (BasicOzoneFileSystem.java:getFileStatus(765)) - GetFileStatus failed for path o3fs://bucket36363.volume02959/root_dir/b/c
java.io.FileNotFoundException: root_dir/b/c: No such file or directory!
	at org.apache.hadoop.fs.ozone.BasicOzoneClientAdapterImpl.getFileStatus(BasicOzoneClientAdapterImpl.java:369)
	at org.apache.hadoop.fs.ozone.BasicOzoneFileSystem.getFileStatus(BasicOzoneFileSystem.java:757)
	at org.apache.hadoop.fs.ozone.BasicOzoneFileSystem.rename(BasicOzoneFileSystem.java:357)
	at org.apache.hadoop.fs.ozone.TestOzoneFileSystem.testRenameDestinationParentDoesntExist(TestOzoneFileSystem.java:1254)
	at sun.reflect.NativeMethodAccessorImpl.invoke0(Native Method)
	at sun.reflect.NativeMethodAccessorImpl.invoke(NativeMethodAccessorImpl.java:62)
	at sun.reflect.DelegatingMethodAccessorImpl.invoke(DelegatingMethodAccessorImpl.java:43)
	at java.lang.reflect.Method.invoke(Method.java:498)
	at org.junit.runners.model.FrameworkMethod$1.runReflectiveCall(FrameworkMethod.java:59)
	at org.junit.internal.runners.model.ReflectiveCallable.run(ReflectiveCallable.java:12)
	at org.junit.runners.model.FrameworkMethod.invokeExplosively(FrameworkMethod.java:56)
	at org.junit.internal.runners.statements.InvokeMethod.evaluate(InvokeMethod.java:17)
	at org.junit.internal.runners.statements.RunAfters.evaluate(RunAfters.java:27)
	at org.junit.internal.runners.statements.FailOnTimeout$CallableStatement.call(FailOnTimeout.java:288)
	at org.junit.internal.runners.statements.FailOnTimeout$CallableStatement.call(FailOnTimeout.java:282)
	at java.util.concurrent.FutureTask.run(FutureTask.java:266)
	at java.lang.Thread.run(Thread.java:750)
09:54:21.861 [IPC Server handler 7 on default port 33915] ERROR OMAudit - user=runner | ip=127.0.0.1 | op=GET_FILE_STATUS {volume=volume02959, bucket=bucket36363, key=root_dir/b, dataSize=0, replicationConfig=null} | ret=FAILURE
org.apache.hadoop.ozone.om.exceptions.OMException: Unable to get file status: volume: volume02959 bucket: bucket36363 key: root_dir/b
	at org.apache.hadoop.ozone.om.KeyManagerImpl.getOzoneFileStatus(KeyManagerImpl.java:1324) ~[ozone-manager-1.3.0-SNAPSHOT.jar:?]
	at org.apache.hadoop.ozone.om.KeyManagerImpl.getFileStatus(KeyManagerImpl.java:1254) ~[ozone-manager-1.3.0-SNAPSHOT.jar:?]
	at org.apache.hadoop.ozone.om.OzoneManager.getFileStatus(OzoneManager.java:3506) ~[ozone-manager-1.3.0-SNAPSHOT.jar:?]
	at org.apache.hadoop.ozone.protocolPB.OzoneManagerRequestHandler.getOzoneFileStatus(OzoneManagerRequestHandler.java:882) ~[ozone-manager-1.3.0-SNAPSHOT.jar:?]
	at org.apache.hadoop.ozone.protocolPB.OzoneManagerRequestHandler.handleReadRequest(OzoneManagerRequestHandler.java:228) ~[ozone-manager-1.3.0-SNAPSHOT.jar:?]
	at org.apache.hadoop.ozone.protocolPB.OzoneManagerProtocolServerSideTranslatorPB.submitReadRequestToOM(OzoneManagerProtocolServerSideTranslatorPB.java:226) ~[ozone-manager-1.3.0-SNAPSHOT.jar:?]
	at org.apache.hadoop.ozone.protocolPB.OzoneManagerProtocolServerSideTranslatorPB.processRequest(OzoneManagerProtocolServerSideTranslatorPB.java:175) ~[ozone-manager-1.3.0-SNAPSHOT.jar:?]
	at org.apache.hadoop.hdds.server.OzoneProtocolMessageDispatcher.processRequest(OzoneProtocolMessageDispatcher.java:87) [hdds-server-framework-1.3.0-SNAPSHOT.jar:?]
	at org.apache.hadoop.ozone.protocolPB.OzoneManagerProtocolServerSideTranslatorPB.submitRequest(OzoneManagerProtocolServerSideTranslatorPB.java:147) [ozone-manager-1.3.0-SNAPSHOT.jar:?]
	at org.apache.hadoop.ozone.protocol.proto.OzoneManagerProtocolProtos$OzoneManagerService$2.callBlockingMethod(OzoneManagerProtocolProtos.java) [ozone-interface-client-1.3.0-SNAPSHOT.jar:?]
	at org.apache.hadoop.ipc.ProtobufRpcEngine$Server.processCall(ProtobufRpcEngine.java:466) [hadoop-common-3.3.1.jar:?]
	at org.apache.hadoop.ipc.ProtobufRpcEngine2$Server$ProtoBufRpcInvoker.call(ProtobufRpcEngine2.java:574) [hadoop-common-3.3.1.jar:?]
	at org.apache.hadoop.ipc.ProtobufRpcEngine2$Server$ProtoBufRpcInvoker.call(ProtobufRpcEngine2.java:552) [hadoop-common-3.3.1.jar:?]
	at org.apache.hadoop.ipc.RPC$Server.call(RPC.java:1093) [hadoop-common-3.3.1.jar:?]
	at org.apache.hadoop.ipc.Server$RpcCall.run(Server.java:1035) [hadoop-common-3.3.1.jar:?]
	at org.apache.hadoop.ipc.Server$RpcCall.run(Server.java:963) [hadoop-common-3.3.1.jar:?]
	at java.security.AccessController.doPrivileged(Native Method) ~[?:1.8.0_345]
	at javax.security.auth.Subject.doAs(Subject.java:422) [?:1.8.0_345]
	at org.apache.hadoop.security.UserGroupInformation.doAs(UserGroupInformation.java:1878) [hadoop-common-3.3.1.jar:?]
	at org.apache.hadoop.ipc.Server$Handler.run(Server.java:2966) [hadoop-common-3.3.1.jar:?]
2022-09-28 09:54:21,862 [Time-limited test] WARN  ozone.BasicOzoneFileSystem (BasicOzoneFileSystem.java:getFileStatus(765)) - GetFileStatus failed for path o3fs://bucket36363.volume02959/root_dir/b
java.io.FileNotFoundException: root_dir/b: No such file or directory!
	at org.apache.hadoop.fs.ozone.BasicOzoneClientAdapterImpl.getFileStatus(BasicOzoneClientAdapterImpl.java:369)
	at org.apache.hadoop.fs.ozone.BasicOzoneFileSystem.getFileStatus(BasicOzoneFileSystem.java:757)
	at org.apache.hadoop.fs.ozone.BasicOzoneFileSystem.rename(BasicOzoneFileSystem.java:365)
	at org.apache.hadoop.fs.ozone.TestOzoneFileSystem.testRenameDestinationParentDoesntExist(TestOzoneFileSystem.java:1254)
	at sun.reflect.NativeMethodAccessorImpl.invoke0(Native Method)
	at sun.reflect.NativeMethodAccessorImpl.invoke(NativeMethodAccessorImpl.java:62)
	at sun.reflect.DelegatingMethodAccessorImpl.invoke(DelegatingMethodAccessorImpl.java:43)
	at java.lang.reflect.Method.invoke(Method.java:498)
	at org.junit.runners.model.FrameworkMethod$1.runReflectiveCall(FrameworkMethod.java:59)
	at org.junit.internal.runners.model.ReflectiveCallable.run(ReflectiveCallable.java:12)
	at org.junit.runners.model.FrameworkMethod.invokeExplosively(FrameworkMethod.java:56)
	at org.junit.internal.runners.statements.InvokeMethod.evaluate(InvokeMethod.java:17)
	at org.junit.internal.runners.statements.RunAfters.evaluate(RunAfters.java:27)
	at org.junit.internal.runners.statements.FailOnTimeout$CallableStatement.call(FailOnTimeout.java:288)
	at org.junit.internal.runners.statements.FailOnTimeout$CallableStatement.call(FailOnTimeout.java:282)
	at java.util.concurrent.FutureTask.run(FutureTask.java:266)
	at java.lang.Thread.run(Thread.java:750)
09:54:21.878 [IPC Server handler 16 on default port 33915] ERROR OMAudit - user=runner | ip=127.0.0.1 | op=GET_FILE_STATUS {volume=volume02959, bucket=bucket36363, key=root_dir/file1/c, dataSize=0, replicationConfig=null} | ret=FAILURE
org.apache.hadoop.ozone.om.exceptions.OMException: Unable to get file status: volume: volume02959 bucket: bucket36363 key: root_dir/file1/c
	at org.apache.hadoop.ozone.om.KeyManagerImpl.getOzoneFileStatus(KeyManagerImpl.java:1324) ~[ozone-manager-1.3.0-SNAPSHOT.jar:?]
	at org.apache.hadoop.ozone.om.KeyManagerImpl.getFileStatus(KeyManagerImpl.java:1254) ~[ozone-manager-1.3.0-SNAPSHOT.jar:?]
	at org.apache.hadoop.ozone.om.OzoneManager.getFileStatus(OzoneManager.java:3506) ~[ozone-manager-1.3.0-SNAPSHOT.jar:?]
	at org.apache.hadoop.ozone.protocolPB.OzoneManagerRequestHandler.getOzoneFileStatus(OzoneManagerRequestHandler.java:882) ~[ozone-manager-1.3.0-SNAPSHOT.jar:?]
	at org.apache.hadoop.ozone.protocolPB.OzoneManagerRequestHandler.handleReadRequest(OzoneManagerRequestHandler.java:228) ~[ozone-manager-1.3.0-SNAPSHOT.jar:?]
	at org.apache.hadoop.ozone.protocolPB.OzoneManagerProtocolServerSideTranslatorPB.submitReadRequestToOM(OzoneManagerProtocolServerSideTranslatorPB.java:226) ~[ozone-manager-1.3.0-SNAPSHOT.jar:?]
	at org.apache.hadoop.ozone.protocolPB.OzoneManagerProtocolServerSideTranslatorPB.processRequest(OzoneManagerProtocolServerSideTranslatorPB.java:175) ~[ozone-manager-1.3.0-SNAPSHOT.jar:?]
	at org.apache.hadoop.hdds.server.OzoneProtocolMessageDispatcher.processRequest(OzoneProtocolMessageDispatcher.java:87) [hdds-server-framework-1.3.0-SNAPSHOT.jar:?]
	at org.apache.hadoop.ozone.protocolPB.OzoneManagerProtocolServerSideTranslatorPB.submitRequest(OzoneManagerProtocolServerSideTranslatorPB.java:147) [ozone-manager-1.3.0-SNAPSHOT.jar:?]
	at org.apache.hadoop.ozone.protocol.proto.OzoneManagerProtocolProtos$OzoneManagerService$2.callBlockingMethod(OzoneManagerProtocolProtos.java) [ozone-interface-client-1.3.0-SNAPSHOT.jar:?]
	at org.apache.hadoop.ipc.ProtobufRpcEngine$Server.processCall(ProtobufRpcEngine.java:466) [hadoop-common-3.3.1.jar:?]
	at org.apache.hadoop.ipc.ProtobufRpcEngine2$Server$ProtoBufRpcInvoker.call(ProtobufRpcEngine2.java:574) [hadoop-common-3.3.1.jar:?]
	at org.apache.hadoop.ipc.ProtobufRpcEngine2$Server$ProtoBufRpcInvoker.call(ProtobufRpcEngine2.java:552) [hadoop-common-3.3.1.jar:?]
	at org.apache.hadoop.ipc.RPC$Server.call(RPC.java:1093) [hadoop-common-3.3.1.jar:?]
	at org.apache.hadoop.ipc.Server$RpcCall.run(Server.java:1035) [hadoop-common-3.3.1.jar:?]
	at org.apache.hadoop.ipc.Server$RpcCall.run(Server.java:963) [hadoop-common-3.3.1.jar:?]
	at java.security.AccessController.doPrivileged(Native Method) ~[?:1.8.0_345]
	at javax.security.auth.Subject.doAs(Subject.java:422) [?:1.8.0_345]
	at org.apache.hadoop.security.UserGroupInformation.doAs(UserGroupInformation.java:1878) [hadoop-common-3.3.1.jar:?]
	at org.apache.hadoop.ipc.Server$Handler.run(Server.java:2966) [hadoop-common-3.3.1.jar:?]
2022-09-28 09:54:21,879 [Time-limited test] WARN  ozone.BasicOzoneFileSystem (BasicOzoneFileSystem.java:getFileStatus(765)) - GetFileStatus failed for path o3fs://bucket36363.volume02959/root_dir/file1/c
java.io.FileNotFoundException: root_dir/file1/c: No such file or directory!
	at org.apache.hadoop.fs.ozone.BasicOzoneClientAdapterImpl.getFileStatus(BasicOzoneClientAdapterImpl.java:369)
	at org.apache.hadoop.fs.ozone.BasicOzoneFileSystem.getFileStatus(BasicOzoneFileSystem.java:757)
	at org.apache.hadoop.fs.ozone.BasicOzoneFileSystem.rename(BasicOzoneFileSystem.java:357)
	at org.apache.hadoop.fs.ozone.TestOzoneFileSystem.testRenameDestinationParentDoesntExist(TestOzoneFileSystem.java:1266)
	at sun.reflect.NativeMethodAccessorImpl.invoke0(Native Method)
	at sun.reflect.NativeMethodAccessorImpl.invoke(NativeMethodAccessorImpl.java:62)
	at sun.reflect.DelegatingMethodAccessorImpl.invoke(DelegatingMethodAccessorImpl.java:43)
	at java.lang.reflect.Method.invoke(Method.java:498)
	at org.junit.runners.model.FrameworkMethod$1.runReflectiveCall(FrameworkMethod.java:59)
	at org.junit.internal.runners.model.ReflectiveCallable.run(ReflectiveCallable.java:12)
	at org.junit.runners.model.FrameworkMethod.invokeExplosively(FrameworkMethod.java:56)
	at org.junit.internal.runners.statements.InvokeMethod.evaluate(InvokeMethod.java:17)
	at org.junit.internal.runners.statements.RunAfters.evaluate(RunAfters.java:27)
	at org.junit.internal.runners.statements.FailOnTimeout$CallableStatement.call(FailOnTimeout.java:288)
	at org.junit.internal.runners.statements.FailOnTimeout$CallableStatement.call(FailOnTimeout.java:282)
	at java.util.concurrent.FutureTask.run(FutureTask.java:266)
	at java.lang.Thread.run(Thread.java:750)
]]></system-out>
  </testcase>
  <testcase name="testRenameDestinationParentDoesntExist" classname="TestOzoneFileSystem" time="0.028">
    <system-out><![CDATA[09:55:46.603 [IPC Server handler 17 on default port 43879] ERROR OMAudit - user=runner | ip=127.0.0.1 | op=GET_FILE_STATUS {volume=volume99279, bucket=bucket29095, key=root_dir/b/c, dataSize=0, replicationConfig=null} | ret=FAILURE
org.apache.hadoop.ozone.om.exceptions.OMException: Unable to get file status: volume: volume99279 bucket: bucket29095 key: root_dir/b/c
	at org.apache.hadoop.ozone.om.KeyManagerImpl.getOzoneFileStatus(KeyManagerImpl.java:1324) ~[ozone-manager-1.3.0-SNAPSHOT.jar:?]
	at org.apache.hadoop.ozone.om.KeyManagerImpl.getFileStatus(KeyManagerImpl.java:1254) ~[ozone-manager-1.3.0-SNAPSHOT.jar:?]
	at org.apache.hadoop.ozone.om.OzoneManager.getFileStatus(OzoneManager.java:3506) ~[ozone-manager-1.3.0-SNAPSHOT.jar:?]
	at org.apache.hadoop.ozone.protocolPB.OzoneManagerRequestHandler.getOzoneFileStatus(OzoneManagerRequestHandler.java:882) ~[ozone-manager-1.3.0-SNAPSHOT.jar:?]
	at org.apache.hadoop.ozone.protocolPB.OzoneManagerRequestHandler.handleReadRequest(OzoneManagerRequestHandler.java:228) ~[ozone-manager-1.3.0-SNAPSHOT.jar:?]
	at org.apache.hadoop.ozone.protocolPB.OzoneManagerProtocolServerSideTranslatorPB.submitRequestDirectlyToOM(OzoneManagerProtocolServerSideTranslatorPB.java:276) ~[ozone-manager-1.3.0-SNAPSHOT.jar:?]
	at org.apache.hadoop.ozone.protocolPB.OzoneManagerProtocolServerSideTranslatorPB.processRequest(OzoneManagerProtocolServerSideTranslatorPB.java:205) ~[ozone-manager-1.3.0-SNAPSHOT.jar:?]
	at org.apache.hadoop.hdds.server.OzoneProtocolMessageDispatcher.processRequest(OzoneProtocolMessageDispatcher.java:87) [hdds-server-framework-1.3.0-SNAPSHOT.jar:?]
	at org.apache.hadoop.ozone.protocolPB.OzoneManagerProtocolServerSideTranslatorPB.submitRequest(OzoneManagerProtocolServerSideTranslatorPB.java:147) [ozone-manager-1.3.0-SNAPSHOT.jar:?]
	at org.apache.hadoop.ozone.protocol.proto.OzoneManagerProtocolProtos$OzoneManagerService$2.callBlockingMethod(OzoneManagerProtocolProtos.java) [ozone-interface-client-1.3.0-SNAPSHOT.jar:?]
	at org.apache.hadoop.ipc.ProtobufRpcEngine$Server.processCall(ProtobufRpcEngine.java:466) [hadoop-common-3.3.1.jar:?]
	at org.apache.hadoop.ipc.ProtobufRpcEngine2$Server$ProtoBufRpcInvoker.call(ProtobufRpcEngine2.java:574) [hadoop-common-3.3.1.jar:?]
	at org.apache.hadoop.ipc.ProtobufRpcEngine2$Server$ProtoBufRpcInvoker.call(ProtobufRpcEngine2.java:552) [hadoop-common-3.3.1.jar:?]
	at org.apache.hadoop.ipc.RPC$Server.call(RPC.java:1093) [hadoop-common-3.3.1.jar:?]
	at org.apache.hadoop.ipc.Server$RpcCall.run(Server.java:1035) [hadoop-common-3.3.1.jar:?]
	at org.apache.hadoop.ipc.Server$RpcCall.run(Server.java:963) [hadoop-common-3.3.1.jar:?]
	at java.security.AccessController.doPrivileged(Native Method) ~[?:1.8.0_345]
	at javax.security.auth.Subject.doAs(Subject.java:422) [?:1.8.0_345]
	at org.apache.hadoop.security.UserGroupInformation.doAs(UserGroupInformation.java:1878) [hadoop-common-3.3.1.jar:?]
	at org.apache.hadoop.ipc.Server$Handler.run(Server.java:2966) [hadoop-common-3.3.1.jar:?]
2022-09-28 09:55:46,603 [Time-limited test] WARN  ozone.BasicOzoneFileSystem (BasicOzoneFileSystem.java:getFileStatus(765)) - GetFileStatus failed for path o3fs://bucket29095.volume99279/root_dir/b/c
java.io.FileNotFoundException: root_dir/b/c: No such file or directory!
	at org.apache.hadoop.fs.ozone.BasicOzoneClientAdapterImpl.getFileStatus(BasicOzoneClientAdapterImpl.java:369)
	at org.apache.hadoop.fs.ozone.BasicOzoneFileSystem.getFileStatus(BasicOzoneFileSystem.java:757)
	at org.apache.hadoop.fs.ozone.BasicOzoneFileSystem.rename(BasicOzoneFileSystem.java:357)
	at org.apache.hadoop.fs.ozone.TestOzoneFileSystem.testRenameDestinationParentDoesntExist(TestOzoneFileSystem.java:1254)
	at sun.reflect.NativeMethodAccessorImpl.invoke0(Native Method)
	at sun.reflect.NativeMethodAccessorImpl.invoke(NativeMethodAccessorImpl.java:62)
	at sun.reflect.DelegatingMethodAccessorImpl.invoke(DelegatingMethodAccessorImpl.java:43)
	at java.lang.reflect.Method.invoke(Method.java:498)
	at org.junit.runners.model.FrameworkMethod$1.runReflectiveCall(FrameworkMethod.java:59)
	at org.junit.internal.runners.model.ReflectiveCallable.run(ReflectiveCallable.java:12)
	at org.junit.runners.model.FrameworkMethod.invokeExplosively(FrameworkMethod.java:56)
	at org.junit.internal.runners.statements.InvokeMethod.evaluate(InvokeMethod.java:17)
	at org.junit.internal.runners.statements.RunAfters.evaluate(RunAfters.java:27)
	at org.junit.internal.runners.statements.FailOnTimeout$CallableStatement.call(FailOnTimeout.java:288)
	at org.junit.internal.runners.statements.FailOnTimeout$CallableStatement.call(FailOnTimeout.java:282)
	at java.util.concurrent.FutureTask.run(FutureTask.java:266)
	at java.lang.Thread.run(Thread.java:750)
09:55:46.612 [IPC Server handler 19 on default port 43879] ERROR OMAudit - user=runner | ip=127.0.0.1 | op=GET_FILE_STATUS {volume=volume99279, bucket=bucket29095, key=root_dir/b, dataSize=0, replicationConfig=null} | ret=FAILURE
org.apache.hadoop.ozone.om.exceptions.OMException: Unable to get file status: volume: volume99279 bucket: bucket29095 key: root_dir/b
	at org.apache.hadoop.ozone.om.KeyManagerImpl.getOzoneFileStatus(KeyManagerImpl.java:1324) ~[ozone-manager-1.3.0-SNAPSHOT.jar:?]
	at org.apache.hadoop.ozone.om.KeyManagerImpl.getFileStatus(KeyManagerImpl.java:1254) ~[ozone-manager-1.3.0-SNAPSHOT.jar:?]
	at org.apache.hadoop.ozone.om.OzoneManager.getFileStatus(OzoneManager.java:3506) ~[ozone-manager-1.3.0-SNAPSHOT.jar:?]
	at org.apache.hadoop.ozone.protocolPB.OzoneManagerRequestHandler.getOzoneFileStatus(OzoneManagerRequestHandler.java:882) ~[ozone-manager-1.3.0-SNAPSHOT.jar:?]
	at org.apache.hadoop.ozone.protocolPB.OzoneManagerRequestHandler.handleReadRequest(OzoneManagerRequestHandler.java:228) ~[ozone-manager-1.3.0-SNAPSHOT.jar:?]
	at org.apache.hadoop.ozone.protocolPB.OzoneManagerProtocolServerSideTranslatorPB.submitRequestDirectlyToOM(OzoneManagerProtocolServerSideTranslatorPB.java:276) ~[ozone-manager-1.3.0-SNAPSHOT.jar:?]
	at org.apache.hadoop.ozone.protocolPB.OzoneManagerProtocolServerSideTranslatorPB.processRequest(OzoneManagerProtocolServerSideTranslatorPB.java:205) ~[ozone-manager-1.3.0-SNAPSHOT.jar:?]
	at org.apache.hadoop.hdds.server.OzoneProtocolMessageDispatcher.processRequest(OzoneProtocolMessageDispatcher.java:87) [hdds-server-framework-1.3.0-SNAPSHOT.jar:?]
	at org.apache.hadoop.ozone.protocolPB.OzoneManagerProtocolServerSideTranslatorPB.submitRequest(OzoneManagerProtocolServerSideTranslatorPB.java:147) [ozone-manager-1.3.0-SNAPSHOT.jar:?]
	at org.apache.hadoop.ozone.protocol.proto.OzoneManagerProtocolProtos$OzoneManagerService$2.callBlockingMethod(OzoneManagerProtocolProtos.java) [ozone-interface-client-1.3.0-SNAPSHOT.jar:?]
	at org.apache.hadoop.ipc.ProtobufRpcEngine$Server.processCall(ProtobufRpcEngine.java:466) [hadoop-common-3.3.1.jar:?]
	at org.apache.hadoop.ipc.ProtobufRpcEngine2$Server$ProtoBufRpcInvoker.call(ProtobufRpcEngine2.java:574) [hadoop-common-3.3.1.jar:?]
	at org.apache.hadoop.ipc.ProtobufRpcEngine2$Server$ProtoBufRpcInvoker.call(ProtobufRpcEngine2.java:552) [hadoop-common-3.3.1.jar:?]
	at org.apache.hadoop.ipc.RPC$Server.call(RPC.java:1093) [hadoop-common-3.3.1.jar:?]
	at org.apache.hadoop.ipc.Server$RpcCall.run(Server.java:1035) [hadoop-common-3.3.1.jar:?]
	at org.apache.hadoop.ipc.Server$RpcCall.run(Server.java:963) [hadoop-common-3.3.1.jar:?]
	at java.security.AccessController.doPrivileged(Native Method) ~[?:1.8.0_345]
	at javax.security.auth.Subject.doAs(Subject.java:422) [?:1.8.0_345]
	at org.apache.hadoop.security.UserGroupInformation.doAs(UserGroupInformation.java:1878) [hadoop-common-3.3.1.jar:?]
	at org.apache.hadoop.ipc.Server$Handler.run(Server.java:2966) [hadoop-common-3.3.1.jar:?]
2022-09-28 09:55:46,613 [Time-limited test] WARN  ozone.BasicOzoneFileSystem (BasicOzoneFileSystem.java:getFileStatus(765)) - GetFileStatus failed for path o3fs://bucket29095.volume99279/root_dir/b
java.io.FileNotFoundException: root_dir/b: No such file or directory!
	at org.apache.hadoop.fs.ozone.BasicOzoneClientAdapterImpl.getFileStatus(BasicOzoneClientAdapterImpl.java:369)
	at org.apache.hadoop.fs.ozone.BasicOzoneFileSystem.getFileStatus(BasicOzoneFileSystem.java:757)
	at org.apache.hadoop.fs.ozone.BasicOzoneFileSystem.rename(BasicOzoneFileSystem.java:365)
	at org.apache.hadoop.fs.ozone.TestOzoneFileSystem.testRenameDestinationParentDoesntExist(TestOzoneFileSystem.java:1254)
	at sun.reflect.NativeMethodAccessorImpl.invoke0(Native Method)
	at sun.reflect.NativeMethodAccessorImpl.invoke(NativeMethodAccessorImpl.java:62)
	at sun.reflect.DelegatingMethodAccessorImpl.invoke(DelegatingMethodAccessorImpl.java:43)
	at java.lang.reflect.Method.invoke(Method.java:498)
	at org.junit.runners.model.FrameworkMethod$1.runReflectiveCall(FrameworkMethod.java:59)
	at org.junit.internal.runners.model.ReflectiveCallable.run(ReflectiveCallable.java:12)
	at org.junit.runners.model.FrameworkMethod.invokeExplosively(FrameworkMethod.java:56)
	at org.junit.internal.runners.statements.InvokeMethod.evaluate(InvokeMethod.java:17)
	at org.junit.internal.runners.statements.RunAfters.evaluate(RunAfters.java:27)
	at org.junit.internal.runners.statements.FailOnTimeout$CallableStatement.call(FailOnTimeout.java:288)
	at org.junit.internal.runners.statements.FailOnTimeout$CallableStatement.call(FailOnTimeout.java:282)
	at java.util.concurrent.FutureTask.run(FutureTask.java:266)
	at java.lang.Thread.run(Thread.java:750)
09:55:46.621 [IPC Server handler 12 on default port 43879] ERROR OMAudit - user=runner | ip=127.0.0.1 | op=GET_FILE_STATUS {volume=volume99279, bucket=bucket29095, key=root_dir/file1/c, dataSize=0, replicationConfig=null} | ret=FAILURE
org.apache.hadoop.ozone.om.exceptions.OMException: Unable to get file status: volume: volume99279 bucket: bucket29095 key: root_dir/file1/c
	at org.apache.hadoop.ozone.om.KeyManagerImpl.getOzoneFileStatus(KeyManagerImpl.java:1324) ~[ozone-manager-1.3.0-SNAPSHOT.jar:?]
	at org.apache.hadoop.ozone.om.KeyManagerImpl.getFileStatus(KeyManagerImpl.java:1254) ~[ozone-manager-1.3.0-SNAPSHOT.jar:?]
	at org.apache.hadoop.ozone.om.OzoneManager.getFileStatus(OzoneManager.java:3506) ~[ozone-manager-1.3.0-SNAPSHOT.jar:?]
	at org.apache.hadoop.ozone.protocolPB.OzoneManagerRequestHandler.getOzoneFileStatus(OzoneManagerRequestHandler.java:882) ~[ozone-manager-1.3.0-SNAPSHOT.jar:?]
	at org.apache.hadoop.ozone.protocolPB.OzoneManagerRequestHandler.handleReadRequest(OzoneManagerRequestHandler.java:228) ~[ozone-manager-1.3.0-SNAPSHOT.jar:?]
	at org.apache.hadoop.ozone.protocolPB.OzoneManagerProtocolServerSideTranslatorPB.submitRequestDirectlyToOM(OzoneManagerProtocolServerSideTranslatorPB.java:276) ~[ozone-manager-1.3.0-SNAPSHOT.jar:?]
	at org.apache.hadoop.ozone.protocolPB.OzoneManagerProtocolServerSideTranslatorPB.processRequest(OzoneManagerProtocolServerSideTranslatorPB.java:205) ~[ozone-manager-1.3.0-SNAPSHOT.jar:?]
	at org.apache.hadoop.hdds.server.OzoneProtocolMessageDispatcher.processRequest(OzoneProtocolMessageDispatcher.java:87) [hdds-server-framework-1.3.0-SNAPSHOT.jar:?]
	at org.apache.hadoop.ozone.protocolPB.OzoneManagerProtocolServerSideTranslatorPB.submitRequest(OzoneManagerProtocolServerSideTranslatorPB.java:147) [ozone-manager-1.3.0-SNAPSHOT.jar:?]
	at org.apache.hadoop.ozone.protocol.proto.OzoneManagerProtocolProtos$OzoneManagerService$2.callBlockingMethod(OzoneManagerProtocolProtos.java) [ozone-interface-client-1.3.0-SNAPSHOT.jar:?]
	at org.apache.hadoop.ipc.ProtobufRpcEngine$Server.processCall(ProtobufRpcEngine.java:466) [hadoop-common-3.3.1.jar:?]
	at org.apache.hadoop.ipc.ProtobufRpcEngine2$Server$ProtoBufRpcInvoker.call(ProtobufRpcEngine2.java:574) [hadoop-common-3.3.1.jar:?]
	at org.apache.hadoop.ipc.ProtobufRpcEngine2$Server$ProtoBufRpcInvoker.call(ProtobufRpcEngine2.java:552) [hadoop-common-3.3.1.jar:?]
	at org.apache.hadoop.ipc.RPC$Server.call(RPC.java:1093) [hadoop-common-3.3.1.jar:?]
	at org.apache.hadoop.ipc.Server$RpcCall.run(Server.java:1035) [hadoop-common-3.3.1.jar:?]
	at org.apache.hadoop.ipc.Server$RpcCall.run(Server.java:963) [hadoop-common-3.3.1.jar:?]
	at java.security.AccessController.doPrivileged(Native Method) ~[?:1.8.0_345]
	at javax.security.auth.Subject.doAs(Subject.java:422) [?:1.8.0_345]
	at org.apache.hadoop.security.UserGroupInformation.doAs(UserGroupInformation.java:1878) [hadoop-common-3.3.1.jar:?]
	at org.apache.hadoop.ipc.Server$Handler.run(Server.java:2966) [hadoop-common-3.3.1.jar:?]
2022-09-28 09:55:46,621 [Time-limited test] WARN  ozone.BasicOzoneFileSystem (BasicOzoneFileSystem.java:getFileStatus(765)) - GetFileStatus failed for path o3fs://bucket29095.volume99279/root_dir/file1/c
java.io.FileNotFoundException: root_dir/file1/c: No such file or directory!
	at org.apache.hadoop.fs.ozone.BasicOzoneClientAdapterImpl.getFileStatus(BasicOzoneClientAdapterImpl.java:369)
	at org.apache.hadoop.fs.ozone.BasicOzoneFileSystem.getFileStatus(BasicOzoneFileSystem.java:757)
	at org.apache.hadoop.fs.ozone.BasicOzoneFileSystem.rename(BasicOzoneFileSystem.java:357)
	at org.apache.hadoop.fs.ozone.TestOzoneFileSystem.testRenameDestinationParentDoesntExist(TestOzoneFileSystem.java:1266)
	at sun.reflect.NativeMethodAccessorImpl.invoke0(Native Method)
	at sun.reflect.NativeMethodAccessorImpl.invoke(NativeMethodAccessorImpl.java:62)
	at sun.reflect.DelegatingMethodAccessorImpl.invoke(DelegatingMethodAccessorImpl.java:43)
	at java.lang.reflect.Method.invoke(Method.java:498)
	at org.junit.runners.model.FrameworkMethod$1.runReflectiveCall(FrameworkMethod.java:59)
	at org.junit.internal.runners.model.ReflectiveCallable.run(ReflectiveCallable.java:12)
	at org.junit.runners.model.FrameworkMethod.invokeExplosively(FrameworkMethod.java:56)
	at org.junit.internal.runners.statements.InvokeMethod.evaluate(InvokeMethod.java:17)
	at org.junit.internal.runners.statements.RunAfters.evaluate(RunAfters.java:27)
	at org.junit.internal.runners.statements.FailOnTimeout$CallableStatement.call(FailOnTimeout.java:288)
	at org.junit.internal.runners.statements.FailOnTimeout$CallableStatement.call(FailOnTimeout.java:282)
	at java.util.concurrent.FutureTask.run(FutureTask.java:266)
	at java.lang.Thread.run(Thread.java:750)
]]></system-out>
  </testcase>
  <testcase name="testRenameDestinationParentDoesntExist" classname="TestOzoneFileSystem" time="0.051">
    <system-out><![CDATA[09:57:07.788 [IPC Server handler 9 on default port 44537] ERROR OMAudit - user=runner | ip=127.0.0.1 | op=GET_FILE_STATUS {volume=volume16412, bucket=bucket93813, key=root_dir/b/c, dataSize=0, replicationConfig=null} | ret=FAILURE
org.apache.hadoop.ozone.om.exceptions.OMException: Unable to get file status: volume: volume16412 bucket: bucket93813 key: root_dir/b/c
	at org.apache.hadoop.ozone.om.KeyManagerImpl.getOzoneFileStatus(KeyManagerImpl.java:1324) ~[ozone-manager-1.3.0-SNAPSHOT.jar:?]
	at org.apache.hadoop.ozone.om.KeyManagerImpl.getFileStatus(KeyManagerImpl.java:1254) ~[ozone-manager-1.3.0-SNAPSHOT.jar:?]
	at org.apache.hadoop.ozone.om.OzoneManager.getFileStatus(OzoneManager.java:3506) ~[ozone-manager-1.3.0-SNAPSHOT.jar:?]
	at org.apache.hadoop.ozone.protocolPB.OzoneManagerRequestHandler.getOzoneFileStatus(OzoneManagerRequestHandler.java:882) ~[ozone-manager-1.3.0-SNAPSHOT.jar:?]
	at org.apache.hadoop.ozone.protocolPB.OzoneManagerRequestHandler.handleReadRequest(OzoneManagerRequestHandler.java:228) ~[ozone-manager-1.3.0-SNAPSHOT.jar:?]
	at org.apache.hadoop.ozone.protocolPB.OzoneManagerProtocolServerSideTranslatorPB.submitReadRequestToOM(OzoneManagerProtocolServerSideTranslatorPB.java:226) ~[ozone-manager-1.3.0-SNAPSHOT.jar:?]
	at org.apache.hadoop.ozone.protocolPB.OzoneManagerProtocolServerSideTranslatorPB.processRequest(OzoneManagerProtocolServerSideTranslatorPB.java:175) ~[ozone-manager-1.3.0-SNAPSHOT.jar:?]
	at org.apache.hadoop.hdds.server.OzoneProtocolMessageDispatcher.processRequest(OzoneProtocolMessageDispatcher.java:87) [hdds-server-framework-1.3.0-SNAPSHOT.jar:?]
	at org.apache.hadoop.ozone.protocolPB.OzoneManagerProtocolServerSideTranslatorPB.submitRequest(OzoneManagerProtocolServerSideTranslatorPB.java:147) [ozone-manager-1.3.0-SNAPSHOT.jar:?]
	at org.apache.hadoop.ozone.protocol.proto.OzoneManagerProtocolProtos$OzoneManagerService$2.callBlockingMethod(OzoneManagerProtocolProtos.java) [ozone-interface-client-1.3.0-SNAPSHOT.jar:?]
	at org.apache.hadoop.ipc.ProtobufRpcEngine$Server.processCall(ProtobufRpcEngine.java:466) [hadoop-common-3.3.1.jar:?]
	at org.apache.hadoop.ipc.ProtobufRpcEngine2$Server$ProtoBufRpcInvoker.call(ProtobufRpcEngine2.java:574) [hadoop-common-3.3.1.jar:?]
	at org.apache.hadoop.ipc.ProtobufRpcEngine2$Server$ProtoBufRpcInvoker.call(ProtobufRpcEngine2.java:552) [hadoop-common-3.3.1.jar:?]
	at org.apache.hadoop.ipc.RPC$Server.call(RPC.java:1093) [hadoop-common-3.3.1.jar:?]
	at org.apache.hadoop.ipc.Server$RpcCall.run(Server.java:1035) [hadoop-common-3.3.1.jar:?]
	at org.apache.hadoop.ipc.Server$RpcCall.run(Server.java:963) [hadoop-common-3.3.1.jar:?]
	at java.security.AccessController.doPrivileged(Native Method) ~[?:1.8.0_345]
	at javax.security.auth.Subject.doAs(Subject.java:422) [?:1.8.0_345]
	at org.apache.hadoop.security.UserGroupInformation.doAs(UserGroupInformation.java:1878) [hadoop-common-3.3.1.jar:?]
	at org.apache.hadoop.ipc.Server$Handler.run(Server.java:2966) [hadoop-common-3.3.1.jar:?]
2022-09-28 09:57:07,788 [Time-limited test] WARN  ozone.BasicOzoneFileSystem (BasicOzoneFileSystem.java:getFileStatus(765)) - GetFileStatus failed for path o3fs://bucket93813.volume16412/root_dir/b/c
java.io.FileNotFoundException: root_dir/b/c: No such file or directory!
	at org.apache.hadoop.fs.ozone.BasicOzoneClientAdapterImpl.getFileStatus(BasicOzoneClientAdapterImpl.java:369)
	at org.apache.hadoop.fs.ozone.BasicOzoneFileSystem.getFileStatus(BasicOzoneFileSystem.java:757)
	at org.apache.hadoop.fs.ozone.BasicOzoneFileSystem.rename(BasicOzoneFileSystem.java:357)
	at org.apache.hadoop.fs.ozone.TestOzoneFileSystem.testRenameDestinationParentDoesntExist(TestOzoneFileSystem.java:1254)
	at sun.reflect.NativeMethodAccessorImpl.invoke0(Native Method)
	at sun.reflect.NativeMethodAccessorImpl.invoke(NativeMethodAccessorImpl.java:62)
	at sun.reflect.DelegatingMethodAccessorImpl.invoke(DelegatingMethodAccessorImpl.java:43)
	at java.lang.reflect.Method.invoke(Method.java:498)
	at org.junit.runners.model.FrameworkMethod$1.runReflectiveCall(FrameworkMethod.java:59)
	at org.junit.internal.runners.model.ReflectiveCallable.run(ReflectiveCallable.java:12)
	at org.junit.runners.model.FrameworkMethod.invokeExplosively(FrameworkMethod.java:56)
	at org.junit.internal.runners.statements.InvokeMethod.evaluate(InvokeMethod.java:17)
	at org.junit.internal.runners.statements.RunAfters.evaluate(RunAfters.java:27)
	at org.junit.internal.runners.statements.FailOnTimeout$CallableStatement.call(FailOnTimeout.java:288)
	at org.junit.internal.runners.statements.FailOnTimeout$CallableStatement.call(FailOnTimeout.java:282)
	at java.util.concurrent.FutureTask.run(FutureTask.java:266)
	at java.lang.Thread.run(Thread.java:750)
09:57:07.789 [IPC Server handler 14 on default port 44537] ERROR OMAudit - user=runner | ip=127.0.0.1 | op=GET_FILE_STATUS {volume=volume16412, bucket=bucket93813, key=root_dir/b, dataSize=0, replicationConfig=null} | ret=FAILURE
org.apache.hadoop.ozone.om.exceptions.OMException: Unable to get file status: volume: volume16412 bucket: bucket93813 key: root_dir/b
	at org.apache.hadoop.ozone.om.KeyManagerImpl.getOzoneFileStatus(KeyManagerImpl.java:1324) ~[ozone-manager-1.3.0-SNAPSHOT.jar:?]
	at org.apache.hadoop.ozone.om.KeyManagerImpl.getFileStatus(KeyManagerImpl.java:1254) ~[ozone-manager-1.3.0-SNAPSHOT.jar:?]
	at org.apache.hadoop.ozone.om.OzoneManager.getFileStatus(OzoneManager.java:3506) ~[ozone-manager-1.3.0-SNAPSHOT.jar:?]
	at org.apache.hadoop.ozone.protocolPB.OzoneManagerRequestHandler.getOzoneFileStatus(OzoneManagerRequestHandler.java:882) ~[ozone-manager-1.3.0-SNAPSHOT.jar:?]
	at org.apache.hadoop.ozone.protocolPB.OzoneManagerRequestHandler.handleReadRequest(OzoneManagerRequestHandler.java:228) ~[ozone-manager-1.3.0-SNAPSHOT.jar:?]
	at org.apache.hadoop.ozone.protocolPB.OzoneManagerProtocolServerSideTranslatorPB.submitReadRequestToOM(OzoneManagerProtocolServerSideTranslatorPB.java:226) ~[ozone-manager-1.3.0-SNAPSHOT.jar:?]
	at org.apache.hadoop.ozone.protocolPB.OzoneManagerProtocolServerSideTranslatorPB.processRequest(OzoneManagerProtocolServerSideTranslatorPB.java:175) ~[ozone-manager-1.3.0-SNAPSHOT.jar:?]
	at org.apache.hadoop.hdds.server.OzoneProtocolMessageDispatcher.processRequest(OzoneProtocolMessageDispatcher.java:87) [hdds-server-framework-1.3.0-SNAPSHOT.jar:?]
	at org.apache.hadoop.ozone.protocolPB.OzoneManagerProtocolServerSideTranslatorPB.submitRequest(OzoneManagerProtocolServerSideTranslatorPB.java:147) [ozone-manager-1.3.0-SNAPSHOT.jar:?]
	at org.apache.hadoop.ozone.protocol.proto.OzoneManagerProtocolProtos$OzoneManagerService$2.callBlockingMethod(OzoneManagerProtocolProtos.java) [ozone-interface-client-1.3.0-SNAPSHOT.jar:?]
	at org.apache.hadoop.ipc.ProtobufRpcEngine$Server.processCall(ProtobufRpcEngine.java:466) [hadoop-common-3.3.1.jar:?]
	at org.apache.hadoop.ipc.ProtobufRpcEngine2$Server$ProtoBufRpcInvoker.call(ProtobufRpcEngine2.java:574) [hadoop-common-3.3.1.jar:?]
	at org.apache.hadoop.ipc.ProtobufRpcEngine2$Server$ProtoBufRpcInvoker.call(ProtobufRpcEngine2.java:552) [hadoop-common-3.3.1.jar:?]
	at org.apache.hadoop.ipc.RPC$Server.call(RPC.java:1093) [hadoop-common-3.3.1.jar:?]
	at org.apache.hadoop.ipc.Server$RpcCall.run(Server.java:1035) [hadoop-common-3.3.1.jar:?]
	at org.apache.hadoop.ipc.Server$RpcCall.run(Server.java:963) [hadoop-common-3.3.1.jar:?]
	at java.security.AccessController.doPrivileged(Native Method) ~[?:1.8.0_345]
	at javax.security.auth.Subject.doAs(Subject.java:422) [?:1.8.0_345]
	at org.apache.hadoop.security.UserGroupInformation.doAs(UserGroupInformation.java:1878) [hadoop-common-3.3.1.jar:?]
	at org.apache.hadoop.ipc.Server$Handler.run(Server.java:2966) [hadoop-common-3.3.1.jar:?]
2022-09-28 09:57:07,792 [Time-limited test] WARN  ozone.BasicOzoneFileSystem (BasicOzoneFileSystem.java:getFileStatus(765)) - GetFileStatus failed for path o3fs://bucket93813.volume16412/root_dir/b
java.io.FileNotFoundException: root_dir/b: No such file or directory!
	at org.apache.hadoop.fs.ozone.BasicOzoneClientAdapterImpl.getFileStatus(BasicOzoneClientAdapterImpl.java:369)
	at org.apache.hadoop.fs.ozone.BasicOzoneFileSystem.getFileStatus(BasicOzoneFileSystem.java:757)
	at org.apache.hadoop.fs.ozone.BasicOzoneFileSystem.rename(BasicOzoneFileSystem.java:365)
	at org.apache.hadoop.fs.ozone.TestOzoneFileSystem.testRenameDestinationParentDoesntExist(TestOzoneFileSystem.java:1254)
	at sun.reflect.NativeMethodAccessorImpl.invoke0(Native Method)
	at sun.reflect.NativeMethodAccessorImpl.invoke(NativeMethodAccessorImpl.java:62)
	at sun.reflect.DelegatingMethodAccessorImpl.invoke(DelegatingMethodAccessorImpl.java:43)
	at java.lang.reflect.Method.invoke(Method.java:498)
	at org.junit.runners.model.FrameworkMethod$1.runReflectiveCall(FrameworkMethod.java:59)
	at org.junit.internal.runners.model.ReflectiveCallable.run(ReflectiveCallable.java:12)
	at org.junit.runners.model.FrameworkMethod.invokeExplosively(FrameworkMethod.java:56)
	at org.junit.internal.runners.statements.InvokeMethod.evaluate(InvokeMethod.java:17)
	at org.junit.internal.runners.statements.RunAfters.evaluate(RunAfters.java:27)
	at org.junit.internal.runners.statements.FailOnTimeout$CallableStatement.call(FailOnTimeout.java:288)
	at org.junit.internal.runners.statements.FailOnTimeout$CallableStatement.call(FailOnTimeout.java:282)
	at java.util.concurrent.FutureTask.run(FutureTask.java:266)
	at java.lang.Thread.run(Thread.java:750)
09:57:07.799 [IPC Server handler 12 on default port 44537] ERROR OMAudit - user=runner | ip=127.0.0.1 | op=GET_FILE_STATUS {volume=volume16412, bucket=bucket93813, key=root_dir/file1/c, dataSize=0, replicationConfig=null} | ret=FAILURE
org.apache.hadoop.ozone.om.exceptions.OMException: Unable to get file status: volume: volume16412 bucket: bucket93813 key: root_dir/file1/c
	at org.apache.hadoop.ozone.om.KeyManagerImpl.getOzoneFileStatus(KeyManagerImpl.java:1324) ~[ozone-manager-1.3.0-SNAPSHOT.jar:?]
	at org.apache.hadoop.ozone.om.KeyManagerImpl.getFileStatus(KeyManagerImpl.java:1254) ~[ozone-manager-1.3.0-SNAPSHOT.jar:?]
	at org.apache.hadoop.ozone.om.OzoneManager.getFileStatus(OzoneManager.java:3506) ~[ozone-manager-1.3.0-SNAPSHOT.jar:?]
	at org.apache.hadoop.ozone.protocolPB.OzoneManagerRequestHandler.getOzoneFileStatus(OzoneManagerRequestHandler.java:882) ~[ozone-manager-1.3.0-SNAPSHOT.jar:?]
	at org.apache.hadoop.ozone.protocolPB.OzoneManagerRequestHandler.handleReadRequest(OzoneManagerRequestHandler.java:228) ~[ozone-manager-1.3.0-SNAPSHOT.jar:?]
	at org.apache.hadoop.ozone.protocolPB.OzoneManagerProtocolServerSideTranslatorPB.submitReadRequestToOM(OzoneManagerProtocolServerSideTranslatorPB.java:226) ~[ozone-manager-1.3.0-SNAPSHOT.jar:?]
	at org.apache.hadoop.ozone.protocolPB.OzoneManagerProtocolServerSideTranslatorPB.processRequest(OzoneManagerProtocolServerSideTranslatorPB.java:175) ~[ozone-manager-1.3.0-SNAPSHOT.jar:?]
	at org.apache.hadoop.hdds.server.OzoneProtocolMessageDispatcher.processRequest(OzoneProtocolMessageDispatcher.java:87) [hdds-server-framework-1.3.0-SNAPSHOT.jar:?]
	at org.apache.hadoop.ozone.protocolPB.OzoneManagerProtocolServerSideTranslatorPB.submitRequest(OzoneManagerProtocolServerSideTranslatorPB.java:147) [ozone-manager-1.3.0-SNAPSHOT.jar:?]
	at org.apache.hadoop.ozone.protocol.proto.OzoneManagerProtocolProtos$OzoneManagerService$2.callBlockingMethod(OzoneManagerProtocolProtos.java) [ozone-interface-client-1.3.0-SNAPSHOT.jar:?]
	at org.apache.hadoop.ipc.ProtobufRpcEngine$Server.processCall(ProtobufRpcEngine.java:466) [hadoop-common-3.3.1.jar:?]
	at org.apache.hadoop.ipc.ProtobufRpcEngine2$Server$ProtoBufRpcInvoker.call(ProtobufRpcEngine2.java:574) [hadoop-common-3.3.1.jar:?]
	at org.apache.hadoop.ipc.ProtobufRpcEngine2$Server$ProtoBufRpcInvoker.call(ProtobufRpcEngine2.java:552) [hadoop-common-3.3.1.jar:?]
	at org.apache.hadoop.ipc.RPC$Server.call(RPC.java:1093) [hadoop-common-3.3.1.jar:?]
	at org.apache.hadoop.ipc.Server$RpcCall.run(Server.java:1035) [hadoop-common-3.3.1.jar:?]
	at org.apache.hadoop.ipc.Server$RpcCall.run(Server.java:963) [hadoop-common-3.3.1.jar:?]
	at java.security.AccessController.doPrivileged(Native Method) ~[?:1.8.0_345]
	at javax.security.auth.Subject.doAs(Subject.java:422) [?:1.8.0_345]
	at org.apache.hadoop.security.UserGroupInformation.doAs(UserGroupInformation.java:1878) [hadoop-common-3.3.1.jar:?]
	at org.apache.hadoop.ipc.Server$Handler.run(Server.java:2966) [hadoop-common-3.3.1.jar:?]
2022-09-28 09:57:07,799 [Time-limited test] WARN  ozone.BasicOzoneFileSystem (BasicOzoneFileSystem.java:getFileStatus(765)) - GetFileStatus failed for path o3fs://bucket93813.volume16412/root_dir/file1/c
java.io.FileNotFoundException: root_dir/file1/c: No such file or directory!
	at org.apache.hadoop.fs.ozone.BasicOzoneClientAdapterImpl.getFileStatus(BasicOzoneClientAdapterImpl.java:369)
	at org.apache.hadoop.fs.ozone.BasicOzoneFileSystem.getFileStatus(BasicOzoneFileSystem.java:757)
	at org.apache.hadoop.fs.ozone.BasicOzoneFileSystem.rename(BasicOzoneFileSystem.java:357)
	at org.apache.hadoop.fs.ozone.TestOzoneFileSystem.testRenameDestinationParentDoesntExist(TestOzoneFileSystem.java:1266)
	at sun.reflect.NativeMethodAccessorImpl.invoke0(Native Method)
	at sun.reflect.NativeMethodAccessorImpl.invoke(NativeMethodAccessorImpl.java:62)
	at sun.reflect.DelegatingMethodAccessorImpl.invoke(DelegatingMethodAccessorImpl.java:43)
	at java.lang.reflect.Method.invoke(Method.java:498)
	at org.junit.runners.model.FrameworkMethod$1.runReflectiveCall(FrameworkMethod.java:59)
	at org.junit.internal.runners.model.ReflectiveCallable.run(ReflectiveCallable.java:12)
	at org.junit.runners.model.FrameworkMethod.invokeExplosively(FrameworkMethod.java:56)
	at org.junit.internal.runners.statements.InvokeMethod.evaluate(InvokeMethod.java:17)
	at org.junit.internal.runners.statements.RunAfters.evaluate(RunAfters.java:27)
	at org.junit.internal.runners.statements.FailOnTimeout$CallableStatement.call(FailOnTimeout.java:288)
	at org.junit.internal.runners.statements.FailOnTimeout$CallableStatement.call(FailOnTimeout.java:282)
	at java.util.concurrent.FutureTask.run(FutureTask.java:266)
	at java.lang.Thread.run(Thread.java:750)
]]></system-out>
  </testcase>
  <testcase name="testRenameDestinationParentDoesntExist" classname="TestOzoneFileSystem" time="0.059">
    <system-out><![CDATA[09:59:03.648 [IPC Server handler 16 on default port 38925] ERROR OMAudit - user=runner | ip=127.0.0.1 | op=GET_FILE_STATUS {volume=volume75139, bucket=bucket52642, key=root_dir/b/c, dataSize=0, replicationConfig=null} | ret=FAILURE
org.apache.hadoop.ozone.om.exceptions.OMException: Unable to get file status: volume: volume75139 bucket: bucket52642 key: root_dir/b/c
	at org.apache.hadoop.ozone.om.KeyManagerImpl.getOzoneFileStatus(KeyManagerImpl.java:1324) ~[ozone-manager-1.3.0-SNAPSHOT.jar:?]
	at org.apache.hadoop.ozone.om.KeyManagerImpl.getFileStatus(KeyManagerImpl.java:1254) ~[ozone-manager-1.3.0-SNAPSHOT.jar:?]
	at org.apache.hadoop.ozone.om.OzoneManager.getFileStatus(OzoneManager.java:3506) ~[ozone-manager-1.3.0-SNAPSHOT.jar:?]
	at org.apache.hadoop.ozone.protocolPB.OzoneManagerRequestHandler.getOzoneFileStatus(OzoneManagerRequestHandler.java:882) ~[ozone-manager-1.3.0-SNAPSHOT.jar:?]
	at org.apache.hadoop.ozone.protocolPB.OzoneManagerRequestHandler.handleReadRequest(OzoneManagerRequestHandler.java:228) ~[ozone-manager-1.3.0-SNAPSHOT.jar:?]
	at org.apache.hadoop.ozone.protocolPB.OzoneManagerProtocolServerSideTranslatorPB.submitRequestDirectlyToOM(OzoneManagerProtocolServerSideTranslatorPB.java:276) ~[ozone-manager-1.3.0-SNAPSHOT.jar:?]
	at org.apache.hadoop.ozone.protocolPB.OzoneManagerProtocolServerSideTranslatorPB.processRequest(OzoneManagerProtocolServerSideTranslatorPB.java:205) ~[ozone-manager-1.3.0-SNAPSHOT.jar:?]
	at org.apache.hadoop.hdds.server.OzoneProtocolMessageDispatcher.processRequest(OzoneProtocolMessageDispatcher.java:87) [hdds-server-framework-1.3.0-SNAPSHOT.jar:?]
	at org.apache.hadoop.ozone.protocolPB.OzoneManagerProtocolServerSideTranslatorPB.submitRequest(OzoneManagerProtocolServerSideTranslatorPB.java:147) [ozone-manager-1.3.0-SNAPSHOT.jar:?]
	at org.apache.hadoop.ozone.protocol.proto.OzoneManagerProtocolProtos$OzoneManagerService$2.callBlockingMethod(OzoneManagerProtocolProtos.java) [ozone-interface-client-1.3.0-SNAPSHOT.jar:?]
	at org.apache.hadoop.ipc.ProtobufRpcEngine$Server.processCall(ProtobufRpcEngine.java:466) [hadoop-common-3.3.1.jar:?]
	at org.apache.hadoop.ipc.ProtobufRpcEngine2$Server$ProtoBufRpcInvoker.call(ProtobufRpcEngine2.java:574) [hadoop-common-3.3.1.jar:?]
	at org.apache.hadoop.ipc.ProtobufRpcEngine2$Server$ProtoBufRpcInvoker.call(ProtobufRpcEngine2.java:552) [hadoop-common-3.3.1.jar:?]
	at org.apache.hadoop.ipc.RPC$Server.call(RPC.java:1093) [hadoop-common-3.3.1.jar:?]
	at org.apache.hadoop.ipc.Server$RpcCall.run(Server.java:1035) [hadoop-common-3.3.1.jar:?]
	at org.apache.hadoop.ipc.Server$RpcCall.run(Server.java:963) [hadoop-common-3.3.1.jar:?]
	at java.security.AccessController.doPrivileged(Native Method) ~[?:1.8.0_345]
	at javax.security.auth.Subject.doAs(Subject.java:422) [?:1.8.0_345]
	at org.apache.hadoop.security.UserGroupInformation.doAs(UserGroupInformation.java:1878) [hadoop-common-3.3.1.jar:?]
	at org.apache.hadoop.ipc.Server$Handler.run(Server.java:2966) [hadoop-common-3.3.1.jar:?]
2022-09-28 09:59:03,648 [Time-limited test] WARN  ozone.BasicOzoneFileSystem (BasicOzoneFileSystem.java:getFileStatus(765)) - GetFileStatus failed for path o3fs://bucket52642.volume75139/root_dir/b/c
java.io.FileNotFoundException: root_dir/b/c: No such file or directory!
	at org.apache.hadoop.fs.ozone.BasicOzoneClientAdapterImpl.getFileStatus(BasicOzoneClientAdapterImpl.java:369)
	at org.apache.hadoop.fs.ozone.BasicOzoneFileSystem.getFileStatus(BasicOzoneFileSystem.java:757)
	at org.apache.hadoop.fs.ozone.BasicOzoneFileSystem.rename(BasicOzoneFileSystem.java:357)
	at org.apache.hadoop.fs.ozone.TestOzoneFileSystem.testRenameDestinationParentDoesntExist(TestOzoneFileSystem.java:1254)
	at sun.reflect.NativeMethodAccessorImpl.invoke0(Native Method)
	at sun.reflect.NativeMethodAccessorImpl.invoke(NativeMethodAccessorImpl.java:62)
	at sun.reflect.DelegatingMethodAccessorImpl.invoke(DelegatingMethodAccessorImpl.java:43)
	at java.lang.reflect.Method.invoke(Method.java:498)
	at org.junit.runners.model.FrameworkMethod$1.runReflectiveCall(FrameworkMethod.java:59)
	at org.junit.internal.runners.model.ReflectiveCallable.run(ReflectiveCallable.java:12)
	at org.junit.runners.model.FrameworkMethod.invokeExplosively(FrameworkMethod.java:56)
	at org.junit.internal.runners.statements.InvokeMethod.evaluate(InvokeMethod.java:17)
	at org.junit.internal.runners.statements.RunAfters.evaluate(RunAfters.java:27)
	at org.junit.internal.runners.statements.FailOnTimeout$CallableStatement.call(FailOnTimeout.java:288)
	at org.junit.internal.runners.statements.FailOnTimeout$CallableStatement.call(FailOnTimeout.java:282)
	at java.util.concurrent.FutureTask.run(FutureTask.java:266)
	at java.lang.Thread.run(Thread.java:750)
09:59:03.652 [IPC Server handler 13 on default port 38925] ERROR OMAudit - user=runner | ip=127.0.0.1 | op=GET_FILE_STATUS {volume=volume75139, bucket=bucket52642, key=root_dir/b, dataSize=0, replicationConfig=null} | ret=FAILURE
org.apache.hadoop.ozone.om.exceptions.OMException: Unable to get file status: volume: volume75139 bucket: bucket52642 key: root_dir/b
	at org.apache.hadoop.ozone.om.KeyManagerImpl.getOzoneFileStatus(KeyManagerImpl.java:1324) ~[ozone-manager-1.3.0-SNAPSHOT.jar:?]
	at org.apache.hadoop.ozone.om.KeyManagerImpl.getFileStatus(KeyManagerImpl.java:1254) ~[ozone-manager-1.3.0-SNAPSHOT.jar:?]
	at org.apache.hadoop.ozone.om.OzoneManager.getFileStatus(OzoneManager.java:3506) ~[ozone-manager-1.3.0-SNAPSHOT.jar:?]
	at org.apache.hadoop.ozone.protocolPB.OzoneManagerRequestHandler.getOzoneFileStatus(OzoneManagerRequestHandler.java:882) ~[ozone-manager-1.3.0-SNAPSHOT.jar:?]
	at org.apache.hadoop.ozone.protocolPB.OzoneManagerRequestHandler.handleReadRequest(OzoneManagerRequestHandler.java:228) ~[ozone-manager-1.3.0-SNAPSHOT.jar:?]
	at org.apache.hadoop.ozone.protocolPB.OzoneManagerProtocolServerSideTranslatorPB.submitRequestDirectlyToOM(OzoneManagerProtocolServerSideTranslatorPB.java:276) ~[ozone-manager-1.3.0-SNAPSHOT.jar:?]
	at org.apache.hadoop.ozone.protocolPB.OzoneManagerProtocolServerSideTranslatorPB.processRequest(OzoneManagerProtocolServerSideTranslatorPB.java:205) ~[ozone-manager-1.3.0-SNAPSHOT.jar:?]
	at org.apache.hadoop.hdds.server.OzoneProtocolMessageDispatcher.processRequest(OzoneProtocolMessageDispatcher.java:87) [hdds-server-framework-1.3.0-SNAPSHOT.jar:?]
	at org.apache.hadoop.ozone.protocolPB.OzoneManagerProtocolServerSideTranslatorPB.submitRequest(OzoneManagerProtocolServerSideTranslatorPB.java:147) [ozone-manager-1.3.0-SNAPSHOT.jar:?]
	at org.apache.hadoop.ozone.protocol.proto.OzoneManagerProtocolProtos$OzoneManagerService$2.callBlockingMethod(OzoneManagerProtocolProtos.java) [ozone-interface-client-1.3.0-SNAPSHOT.jar:?]
	at org.apache.hadoop.ipc.ProtobufRpcEngine$Server.processCall(ProtobufRpcEngine.java:466) [hadoop-common-3.3.1.jar:?]
	at org.apache.hadoop.ipc.ProtobufRpcEngine2$Server$ProtoBufRpcInvoker.call(ProtobufRpcEngine2.java:574) [hadoop-common-3.3.1.jar:?]
	at org.apache.hadoop.ipc.ProtobufRpcEngine2$Server$ProtoBufRpcInvoker.call(ProtobufRpcEngine2.java:552) [hadoop-common-3.3.1.jar:?]
	at org.apache.hadoop.ipc.RPC$Server.call(RPC.java:1093) [hadoop-common-3.3.1.jar:?]
	at org.apache.hadoop.ipc.Server$RpcCall.run(Server.java:1035) [hadoop-common-3.3.1.jar:?]
	at org.apache.hadoop.ipc.Server$RpcCall.run(Server.java:963) [hadoop-common-3.3.1.jar:?]
	at java.security.AccessController.doPrivileged(Native Method) ~[?:1.8.0_345]
	at javax.security.auth.Subject.doAs(Subject.java:422) [?:1.8.0_345]
	at org.apache.hadoop.security.UserGroupInformation.doAs(UserGroupInformation.java:1878) [hadoop-common-3.3.1.jar:?]
	at org.apache.hadoop.ipc.Server$Handler.run(Server.java:2966) [hadoop-common-3.3.1.jar:?]
2022-09-28 09:59:03,660 [Time-limited test] WARN  ozone.BasicOzoneFileSystem (BasicOzoneFileSystem.java:getFileStatus(765)) - GetFileStatus failed for path o3fs://bucket52642.volume75139/root_dir/b
java.io.FileNotFoundException: root_dir/b: No such file or directory!
	at org.apache.hadoop.fs.ozone.BasicOzoneClientAdapterImpl.getFileStatus(BasicOzoneClientAdapterImpl.java:369)
	at org.apache.hadoop.fs.ozone.BasicOzoneFileSystem.getFileStatus(BasicOzoneFileSystem.java:757)
	at org.apache.hadoop.fs.ozone.BasicOzoneFileSystem.rename(BasicOzoneFileSystem.java:365)
	at org.apache.hadoop.fs.ozone.TestOzoneFileSystem.testRenameDestinationParentDoesntExist(TestOzoneFileSystem.java:1254)
	at sun.reflect.NativeMethodAccessorImpl.invoke0(Native Method)
	at sun.reflect.NativeMethodAccessorImpl.invoke(NativeMethodAccessorImpl.java:62)
	at sun.reflect.DelegatingMethodAccessorImpl.invoke(DelegatingMethodAccessorImpl.java:43)
	at java.lang.reflect.Method.invoke(Method.java:498)
	at org.junit.runners.model.FrameworkMethod$1.runReflectiveCall(FrameworkMethod.java:59)
	at org.junit.internal.runners.model.ReflectiveCallable.run(ReflectiveCallable.java:12)
	at org.junit.runners.model.FrameworkMethod.invokeExplosively(FrameworkMethod.java:56)
	at org.junit.internal.runners.statements.InvokeMethod.evaluate(InvokeMethod.java:17)
	at org.junit.internal.runners.statements.RunAfters.evaluate(RunAfters.java:27)
	at org.junit.internal.runners.statements.FailOnTimeout$CallableStatement.call(FailOnTimeout.java:288)
	at org.junit.internal.runners.statements.FailOnTimeout$CallableStatement.call(FailOnTimeout.java:282)
	at java.util.concurrent.FutureTask.run(FutureTask.java:266)
	at java.lang.Thread.run(Thread.java:750)
09:59:03.668 [IPC Server handler 10 on default port 38925] ERROR OMAudit - user=runner | ip=127.0.0.1 | op=GET_FILE_STATUS {volume=volume75139, bucket=bucket52642, key=root_dir/file1/c, dataSize=0, replicationConfig=null} | ret=FAILURE
org.apache.hadoop.ozone.om.exceptions.OMException: Unable to get file status: volume: volume75139 bucket: bucket52642 key: root_dir/file1/c
	at org.apache.hadoop.ozone.om.KeyManagerImpl.getOzoneFileStatus(KeyManagerImpl.java:1324) ~[ozone-manager-1.3.0-SNAPSHOT.jar:?]
	at org.apache.hadoop.ozone.om.KeyManagerImpl.getFileStatus(KeyManagerImpl.java:1254) ~[ozone-manager-1.3.0-SNAPSHOT.jar:?]
	at org.apache.hadoop.ozone.om.OzoneManager.getFileStatus(OzoneManager.java:3506) ~[ozone-manager-1.3.0-SNAPSHOT.jar:?]
	at org.apache.hadoop.ozone.protocolPB.OzoneManagerRequestHandler.getOzoneFileStatus(OzoneManagerRequestHandler.java:882) ~[ozone-manager-1.3.0-SNAPSHOT.jar:?]
	at org.apache.hadoop.ozone.protocolPB.OzoneManagerRequestHandler.handleReadRequest(OzoneManagerRequestHandler.java:228) ~[ozone-manager-1.3.0-SNAPSHOT.jar:?]
	at org.apache.hadoop.ozone.protocolPB.OzoneManagerProtocolServerSideTranslatorPB.submitRequestDirectlyToOM(OzoneManagerProtocolServerSideTranslatorPB.java:276) ~[ozone-manager-1.3.0-SNAPSHOT.jar:?]
	at org.apache.hadoop.ozone.protocolPB.OzoneManagerProtocolServerSideTranslatorPB.processRequest(OzoneManagerProtocolServerSideTranslatorPB.java:205) ~[ozone-manager-1.3.0-SNAPSHOT.jar:?]
	at org.apache.hadoop.hdds.server.OzoneProtocolMessageDispatcher.processRequest(OzoneProtocolMessageDispatcher.java:87) [hdds-server-framework-1.3.0-SNAPSHOT.jar:?]
	at org.apache.hadoop.ozone.protocolPB.OzoneManagerProtocolServerSideTranslatorPB.submitRequest(OzoneManagerProtocolServerSideTranslatorPB.java:147) [ozone-manager-1.3.0-SNAPSHOT.jar:?]
	at org.apache.hadoop.ozone.protocol.proto.OzoneManagerProtocolProtos$OzoneManagerService$2.callBlockingMethod(OzoneManagerProtocolProtos.java) [ozone-interface-client-1.3.0-SNAPSHOT.jar:?]
	at org.apache.hadoop.ipc.ProtobufRpcEngine$Server.processCall(ProtobufRpcEngine.java:466) [hadoop-common-3.3.1.jar:?]
	at org.apache.hadoop.ipc.ProtobufRpcEngine2$Server$ProtoBufRpcInvoker.call(ProtobufRpcEngine2.java:574) [hadoop-common-3.3.1.jar:?]
	at org.apache.hadoop.ipc.ProtobufRpcEngine2$Server$ProtoBufRpcInvoker.call(ProtobufRpcEngine2.java:552) [hadoop-common-3.3.1.jar:?]
	at org.apache.hadoop.ipc.RPC$Server.call(RPC.java:1093) [hadoop-common-3.3.1.jar:?]
	at org.apache.hadoop.ipc.Server$RpcCall.run(Server.java:1035) [hadoop-common-3.3.1.jar:?]
	at org.apache.hadoop.ipc.Server$RpcCall.run(Server.java:963) [hadoop-common-3.3.1.jar:?]
	at java.security.AccessController.doPrivileged(Native Method) ~[?:1.8.0_345]
	at javax.security.auth.Subject.doAs(Subject.java:422) [?:1.8.0_345]
	at org.apache.hadoop.security.UserGroupInformation.doAs(UserGroupInformation.java:1878) [hadoop-common-3.3.1.jar:?]
	at org.apache.hadoop.ipc.Server$Handler.run(Server.java:2966) [hadoop-common-3.3.1.jar:?]
2022-09-28 09:59:03,673 [Time-limited test] WARN  ozone.BasicOzoneFileSystem (BasicOzoneFileSystem.java:getFileStatus(765)) - GetFileStatus failed for path o3fs://bucket52642.volume75139/root_dir/file1/c
java.io.FileNotFoundException: root_dir/file1/c: No such file or directory!
	at org.apache.hadoop.fs.ozone.BasicOzoneClientAdapterImpl.getFileStatus(BasicOzoneClientAdapterImpl.java:369)
	at org.apache.hadoop.fs.ozone.BasicOzoneFileSystem.getFileStatus(BasicOzoneFileSystem.java:757)
	at org.apache.hadoop.fs.ozone.BasicOzoneFileSystem.rename(BasicOzoneFileSystem.java:357)
	at org.apache.hadoop.fs.ozone.TestOzoneFileSystem.testRenameDestinationParentDoesntExist(TestOzoneFileSystem.java:1266)
	at sun.reflect.NativeMethodAccessorImpl.invoke0(Native Method)
	at sun.reflect.NativeMethodAccessorImpl.invoke(NativeMethodAccessorImpl.java:62)
	at sun.reflect.DelegatingMethodAccessorImpl.invoke(DelegatingMethodAccessorImpl.java:43)
	at java.lang.reflect.Method.invoke(Method.java:498)
	at org.junit.runners.model.FrameworkMethod$1.runReflectiveCall(FrameworkMethod.java:59)
	at org.junit.internal.runners.model.ReflectiveCallable.run(ReflectiveCallable.java:12)
	at org.junit.runners.model.FrameworkMethod.invokeExplosively(FrameworkMethod.java:56)
	at org.junit.internal.runners.statements.InvokeMethod.evaluate(InvokeMethod.java:17)
	at org.junit.internal.runners.statements.RunAfters.evaluate(RunAfters.java:27)
	at org.junit.internal.runners.statements.FailOnTimeout$CallableStatement.call(FailOnTimeout.java:288)
	at org.junit.internal.runners.statements.FailOnTimeout$CallableStatement.call(FailOnTimeout.java:282)
	at java.util.concurrent.FutureTask.run(FutureTask.java:266)
	at java.lang.Thread.run(Thread.java:750)
]]></system-out>
  </testcase>
  <testcase name="testCreateWithInvalidPaths" classname="TestOzoneFileSystem" time="0.003"/>
  <testcase name="testCreateWithInvalidPaths" classname="TestOzoneFileSystem" time="0.014"/>
  <testcase name="testCreateWithInvalidPaths" classname="TestOzoneFileSystem" time="0.005"/>
  <testcase name="testCreateWithInvalidPaths" classname="TestOzoneFileSystem" time="0.055"/>
  <testcase name="testListStatusOnRoot" classname="TestOzoneFileSystem" time="0.028"/>
  <testcase name="testListStatusOnRoot" classname="TestOzoneFileSystem" time="0.01"/>
  <testcase name="testListStatusOnRoot" classname="TestOzoneFileSystem" time="0.045"/>
  <testcase name="testListStatusOnRoot" classname="TestOzoneFileSystem" time="0.03"/>
  <testcase name="testRenameWithNonExistentSource" classname="TestOzoneFileSystem" time="0.015">
    <system-out><![CDATA[2022-09-28 09:54:21,938 [Time-limited test] INFO  ozone.TestOzoneFileSystem (TestOzoneFileSystem.java:testRenameWithNonExistentSource(1055)) - Created destin dir: o3fs://bucket36363.volume02959/root/dir2
2022-09-28 09:54:21,938 [Time-limited test] INFO  ozone.TestOzoneFileSystem (TestOzoneFileSystem.java:testRenameWithNonExistentSource(1057)) - Rename op-> source:o3fs://bucket36363.volume02959/root/dir1 to destin:o3fs://bucket36363.volume02959/root/dir2}
09:54:21.939 [IPC Server handler 8 on default port 33915] ERROR OMAudit - user=runner | ip=127.0.0.1 | op=GET_FILE_STATUS {volume=volume02959, bucket=bucket36363, key=root/dir1, dataSize=0, replicationConfig=null} | ret=FAILURE
org.apache.hadoop.ozone.om.exceptions.OMException: Unable to get file status: volume: volume02959 bucket: bucket36363 key: root/dir1
	at org.apache.hadoop.ozone.om.KeyManagerImpl.getOzoneFileStatus(KeyManagerImpl.java:1324) ~[ozone-manager-1.3.0-SNAPSHOT.jar:?]
	at org.apache.hadoop.ozone.om.KeyManagerImpl.getFileStatus(KeyManagerImpl.java:1254) ~[ozone-manager-1.3.0-SNAPSHOT.jar:?]
	at org.apache.hadoop.ozone.om.OzoneManager.getFileStatus(OzoneManager.java:3506) ~[ozone-manager-1.3.0-SNAPSHOT.jar:?]
	at org.apache.hadoop.ozone.protocolPB.OzoneManagerRequestHandler.getOzoneFileStatus(OzoneManagerRequestHandler.java:882) ~[ozone-manager-1.3.0-SNAPSHOT.jar:?]
	at org.apache.hadoop.ozone.protocolPB.OzoneManagerRequestHandler.handleReadRequest(OzoneManagerRequestHandler.java:228) ~[ozone-manager-1.3.0-SNAPSHOT.jar:?]
	at org.apache.hadoop.ozone.protocolPB.OzoneManagerProtocolServerSideTranslatorPB.submitReadRequestToOM(OzoneManagerProtocolServerSideTranslatorPB.java:226) ~[ozone-manager-1.3.0-SNAPSHOT.jar:?]
	at org.apache.hadoop.ozone.protocolPB.OzoneManagerProtocolServerSideTranslatorPB.processRequest(OzoneManagerProtocolServerSideTranslatorPB.java:175) ~[ozone-manager-1.3.0-SNAPSHOT.jar:?]
	at org.apache.hadoop.hdds.server.OzoneProtocolMessageDispatcher.processRequest(OzoneProtocolMessageDispatcher.java:87) [hdds-server-framework-1.3.0-SNAPSHOT.jar:?]
	at org.apache.hadoop.ozone.protocolPB.OzoneManagerProtocolServerSideTranslatorPB.submitRequest(OzoneManagerProtocolServerSideTranslatorPB.java:147) [ozone-manager-1.3.0-SNAPSHOT.jar:?]
	at org.apache.hadoop.ozone.protocol.proto.OzoneManagerProtocolProtos$OzoneManagerService$2.callBlockingMethod(OzoneManagerProtocolProtos.java) [ozone-interface-client-1.3.0-SNAPSHOT.jar:?]
	at org.apache.hadoop.ipc.ProtobufRpcEngine$Server.processCall(ProtobufRpcEngine.java:466) [hadoop-common-3.3.1.jar:?]
	at org.apache.hadoop.ipc.ProtobufRpcEngine2$Server$ProtoBufRpcInvoker.call(ProtobufRpcEngine2.java:574) [hadoop-common-3.3.1.jar:?]
	at org.apache.hadoop.ipc.ProtobufRpcEngine2$Server$ProtoBufRpcInvoker.call(ProtobufRpcEngine2.java:552) [hadoop-common-3.3.1.jar:?]
	at org.apache.hadoop.ipc.RPC$Server.call(RPC.java:1093) [hadoop-common-3.3.1.jar:?]
	at org.apache.hadoop.ipc.Server$RpcCall.run(Server.java:1035) [hadoop-common-3.3.1.jar:?]
	at org.apache.hadoop.ipc.Server$RpcCall.run(Server.java:963) [hadoop-common-3.3.1.jar:?]
	at java.security.AccessController.doPrivileged(Native Method) ~[?:1.8.0_345]
	at javax.security.auth.Subject.doAs(Subject.java:422) [?:1.8.0_345]
	at org.apache.hadoop.security.UserGroupInformation.doAs(UserGroupInformation.java:1878) [hadoop-common-3.3.1.jar:?]
	at org.apache.hadoop.ipc.Server$Handler.run(Server.java:2966) [hadoop-common-3.3.1.jar:?]
2022-09-28 09:54:21,940 [Time-limited test] WARN  ozone.BasicOzoneFileSystem (BasicOzoneFileSystem.java:getFileStatus(765)) - GetFileStatus failed for path o3fs://bucket36363.volume02959/root/dir1
java.io.FileNotFoundException: root/dir1: No such file or directory!
	at org.apache.hadoop.fs.ozone.BasicOzoneClientAdapterImpl.getFileStatus(BasicOzoneClientAdapterImpl.java:369)
	at org.apache.hadoop.fs.ozone.BasicOzoneFileSystem.getFileStatus(BasicOzoneFileSystem.java:757)
	at org.apache.hadoop.fs.ozone.BasicOzoneFileSystem.rename(BasicOzoneFileSystem.java:339)
	at org.apache.hadoop.fs.ozone.TestOzoneFileSystem.testRenameWithNonExistentSource(TestOzoneFileSystem.java:1059)
	at sun.reflect.NativeMethodAccessorImpl.invoke0(Native Method)
	at sun.reflect.NativeMethodAccessorImpl.invoke(NativeMethodAccessorImpl.java:62)
	at sun.reflect.DelegatingMethodAccessorImpl.invoke(DelegatingMethodAccessorImpl.java:43)
	at java.lang.reflect.Method.invoke(Method.java:498)
	at org.junit.runners.model.FrameworkMethod$1.runReflectiveCall(FrameworkMethod.java:59)
	at org.junit.internal.runners.model.ReflectiveCallable.run(ReflectiveCallable.java:12)
	at org.junit.runners.model.FrameworkMethod.invokeExplosively(FrameworkMethod.java:56)
	at org.junit.internal.runners.statements.InvokeMethod.evaluate(InvokeMethod.java:17)
	at org.junit.internal.runners.statements.RunAfters.evaluate(RunAfters.java:27)
	at org.junit.internal.runners.statements.FailOnTimeout$CallableStatement.call(FailOnTimeout.java:288)
	at org.junit.internal.runners.statements.FailOnTimeout$CallableStatement.call(FailOnTimeout.java:282)
	at java.util.concurrent.FutureTask.run(FutureTask.java:266)
	at java.lang.Thread.run(Thread.java:750)
]]></system-out>
  </testcase>
  <testcase name="testRenameWithNonExistentSource" classname="TestOzoneFileSystem" time="0.01">
    <system-out><![CDATA[2022-09-28 09:55:46,654 [Time-limited test] INFO  ozone.TestOzoneFileSystem (TestOzoneFileSystem.java:testRenameWithNonExistentSource(1055)) - Created destin dir: o3fs://bucket29095.volume99279/root/dir2
2022-09-28 09:55:46,654 [Time-limited test] INFO  ozone.TestOzoneFileSystem (TestOzoneFileSystem.java:testRenameWithNonExistentSource(1057)) - Rename op-> source:o3fs://bucket29095.volume99279/root/dir1 to destin:o3fs://bucket29095.volume99279/root/dir2}
09:55:46.654 [IPC Server handler 13 on default port 43879] ERROR OMAudit - user=runner | ip=127.0.0.1 | op=GET_FILE_STATUS {volume=volume99279, bucket=bucket29095, key=root/dir1, dataSize=0, replicationConfig=null} | ret=FAILURE
org.apache.hadoop.ozone.om.exceptions.OMException: Unable to get file status: volume: volume99279 bucket: bucket29095 key: root/dir1
	at org.apache.hadoop.ozone.om.KeyManagerImpl.getOzoneFileStatus(KeyManagerImpl.java:1324) ~[ozone-manager-1.3.0-SNAPSHOT.jar:?]
	at org.apache.hadoop.ozone.om.KeyManagerImpl.getFileStatus(KeyManagerImpl.java:1254) ~[ozone-manager-1.3.0-SNAPSHOT.jar:?]
	at org.apache.hadoop.ozone.om.OzoneManager.getFileStatus(OzoneManager.java:3506) ~[ozone-manager-1.3.0-SNAPSHOT.jar:?]
	at org.apache.hadoop.ozone.protocolPB.OzoneManagerRequestHandler.getOzoneFileStatus(OzoneManagerRequestHandler.java:882) ~[ozone-manager-1.3.0-SNAPSHOT.jar:?]
	at org.apache.hadoop.ozone.protocolPB.OzoneManagerRequestHandler.handleReadRequest(OzoneManagerRequestHandler.java:228) ~[ozone-manager-1.3.0-SNAPSHOT.jar:?]
	at org.apache.hadoop.ozone.protocolPB.OzoneManagerProtocolServerSideTranslatorPB.submitRequestDirectlyToOM(OzoneManagerProtocolServerSideTranslatorPB.java:276) ~[ozone-manager-1.3.0-SNAPSHOT.jar:?]
	at org.apache.hadoop.ozone.protocolPB.OzoneManagerProtocolServerSideTranslatorPB.processRequest(OzoneManagerProtocolServerSideTranslatorPB.java:205) ~[ozone-manager-1.3.0-SNAPSHOT.jar:?]
	at org.apache.hadoop.hdds.server.OzoneProtocolMessageDispatcher.processRequest(OzoneProtocolMessageDispatcher.java:87) [hdds-server-framework-1.3.0-SNAPSHOT.jar:?]
	at org.apache.hadoop.ozone.protocolPB.OzoneManagerProtocolServerSideTranslatorPB.submitRequest(OzoneManagerProtocolServerSideTranslatorPB.java:147) [ozone-manager-1.3.0-SNAPSHOT.jar:?]
	at org.apache.hadoop.ozone.protocol.proto.OzoneManagerProtocolProtos$OzoneManagerService$2.callBlockingMethod(OzoneManagerProtocolProtos.java) [ozone-interface-client-1.3.0-SNAPSHOT.jar:?]
	at org.apache.hadoop.ipc.ProtobufRpcEngine$Server.processCall(ProtobufRpcEngine.java:466) [hadoop-common-3.3.1.jar:?]
	at org.apache.hadoop.ipc.ProtobufRpcEngine2$Server$ProtoBufRpcInvoker.call(ProtobufRpcEngine2.java:574) [hadoop-common-3.3.1.jar:?]
	at org.apache.hadoop.ipc.ProtobufRpcEngine2$Server$ProtoBufRpcInvoker.call(ProtobufRpcEngine2.java:552) [hadoop-common-3.3.1.jar:?]
	at org.apache.hadoop.ipc.RPC$Server.call(RPC.java:1093) [hadoop-common-3.3.1.jar:?]
	at org.apache.hadoop.ipc.Server$RpcCall.run(Server.java:1035) [hadoop-common-3.3.1.jar:?]
	at org.apache.hadoop.ipc.Server$RpcCall.run(Server.java:963) [hadoop-common-3.3.1.jar:?]
	at java.security.AccessController.doPrivileged(Native Method) ~[?:1.8.0_345]
	at javax.security.auth.Subject.doAs(Subject.java:422) [?:1.8.0_345]
	at org.apache.hadoop.security.UserGroupInformation.doAs(UserGroupInformation.java:1878) [hadoop-common-3.3.1.jar:?]
	at org.apache.hadoop.ipc.Server$Handler.run(Server.java:2966) [hadoop-common-3.3.1.jar:?]
2022-09-28 09:55:46,655 [Time-limited test] WARN  ozone.BasicOzoneFileSystem (BasicOzoneFileSystem.java:getFileStatus(765)) - GetFileStatus failed for path o3fs://bucket29095.volume99279/root/dir1
java.io.FileNotFoundException: root/dir1: No such file or directory!
	at org.apache.hadoop.fs.ozone.BasicOzoneClientAdapterImpl.getFileStatus(BasicOzoneClientAdapterImpl.java:369)
	at org.apache.hadoop.fs.ozone.BasicOzoneFileSystem.getFileStatus(BasicOzoneFileSystem.java:757)
	at org.apache.hadoop.fs.ozone.BasicOzoneFileSystem.rename(BasicOzoneFileSystem.java:339)
	at org.apache.hadoop.fs.ozone.TestOzoneFileSystem.testRenameWithNonExistentSource(TestOzoneFileSystem.java:1059)
	at sun.reflect.NativeMethodAccessorImpl.invoke0(Native Method)
	at sun.reflect.NativeMethodAccessorImpl.invoke(NativeMethodAccessorImpl.java:62)
	at sun.reflect.DelegatingMethodAccessorImpl.invoke(DelegatingMethodAccessorImpl.java:43)
	at java.lang.reflect.Method.invoke(Method.java:498)
	at org.junit.runners.model.FrameworkMethod$1.runReflectiveCall(FrameworkMethod.java:59)
	at org.junit.internal.runners.model.ReflectiveCallable.run(ReflectiveCallable.java:12)
	at org.junit.runners.model.FrameworkMethod.invokeExplosively(FrameworkMethod.java:56)
	at org.junit.internal.runners.statements.InvokeMethod.evaluate(InvokeMethod.java:17)
	at org.junit.internal.runners.statements.RunAfters.evaluate(RunAfters.java:27)
	at org.junit.internal.runners.statements.FailOnTimeout$CallableStatement.call(FailOnTimeout.java:288)
	at org.junit.internal.runners.statements.FailOnTimeout$CallableStatement.call(FailOnTimeout.java:282)
	at java.util.concurrent.FutureTask.run(FutureTask.java:266)
	at java.lang.Thread.run(Thread.java:750)
]]></system-out>
  </testcase>
  <testcase name="testRenameWithNonExistentSource" classname="TestOzoneFileSystem" time="0.044">
    <system-out><![CDATA[2022-09-28 09:57:07,892 [Time-limited test] INFO  ozone.TestOzoneFileSystem (TestOzoneFileSystem.java:testRenameWithNonExistentSource(1055)) - Created destin dir: o3fs://bucket93813.volume16412/root/dir2
2022-09-28 09:57:07,892 [Time-limited test] INFO  ozone.TestOzoneFileSystem (TestOzoneFileSystem.java:testRenameWithNonExistentSource(1057)) - Rename op-> source:o3fs://bucket93813.volume16412/root/dir1 to destin:o3fs://bucket93813.volume16412/root/dir2}
09:57:07.893 [IPC Server handler 2 on default port 44537] ERROR OMAudit - user=runner | ip=127.0.0.1 | op=GET_FILE_STATUS {volume=volume16412, bucket=bucket93813, key=root/dir1, dataSize=0, replicationConfig=null} | ret=FAILURE
org.apache.hadoop.ozone.om.exceptions.OMException: Unable to get file status: volume: volume16412 bucket: bucket93813 key: root/dir1
	at org.apache.hadoop.ozone.om.KeyManagerImpl.getOzoneFileStatus(KeyManagerImpl.java:1324) ~[ozone-manager-1.3.0-SNAPSHOT.jar:?]
	at org.apache.hadoop.ozone.om.KeyManagerImpl.getFileStatus(KeyManagerImpl.java:1254) ~[ozone-manager-1.3.0-SNAPSHOT.jar:?]
	at org.apache.hadoop.ozone.om.OzoneManager.getFileStatus(OzoneManager.java:3506) ~[ozone-manager-1.3.0-SNAPSHOT.jar:?]
	at org.apache.hadoop.ozone.protocolPB.OzoneManagerRequestHandler.getOzoneFileStatus(OzoneManagerRequestHandler.java:882) ~[ozone-manager-1.3.0-SNAPSHOT.jar:?]
	at org.apache.hadoop.ozone.protocolPB.OzoneManagerRequestHandler.handleReadRequest(OzoneManagerRequestHandler.java:228) ~[ozone-manager-1.3.0-SNAPSHOT.jar:?]
	at org.apache.hadoop.ozone.protocolPB.OzoneManagerProtocolServerSideTranslatorPB.submitReadRequestToOM(OzoneManagerProtocolServerSideTranslatorPB.java:226) ~[ozone-manager-1.3.0-SNAPSHOT.jar:?]
	at org.apache.hadoop.ozone.protocolPB.OzoneManagerProtocolServerSideTranslatorPB.processRequest(OzoneManagerProtocolServerSideTranslatorPB.java:175) ~[ozone-manager-1.3.0-SNAPSHOT.jar:?]
	at org.apache.hadoop.hdds.server.OzoneProtocolMessageDispatcher.processRequest(OzoneProtocolMessageDispatcher.java:87) [hdds-server-framework-1.3.0-SNAPSHOT.jar:?]
	at org.apache.hadoop.ozone.protocolPB.OzoneManagerProtocolServerSideTranslatorPB.submitRequest(OzoneManagerProtocolServerSideTranslatorPB.java:147) [ozone-manager-1.3.0-SNAPSHOT.jar:?]
	at org.apache.hadoop.ozone.protocol.proto.OzoneManagerProtocolProtos$OzoneManagerService$2.callBlockingMethod(OzoneManagerProtocolProtos.java) [ozone-interface-client-1.3.0-SNAPSHOT.jar:?]
	at org.apache.hadoop.ipc.ProtobufRpcEngine$Server.processCall(ProtobufRpcEngine.java:466) [hadoop-common-3.3.1.jar:?]
	at org.apache.hadoop.ipc.ProtobufRpcEngine2$Server$ProtoBufRpcInvoker.call(ProtobufRpcEngine2.java:574) [hadoop-common-3.3.1.jar:?]
	at org.apache.hadoop.ipc.ProtobufRpcEngine2$Server$ProtoBufRpcInvoker.call(ProtobufRpcEngine2.java:552) [hadoop-common-3.3.1.jar:?]
	at org.apache.hadoop.ipc.RPC$Server.call(RPC.java:1093) [hadoop-common-3.3.1.jar:?]
	at org.apache.hadoop.ipc.Server$RpcCall.run(Server.java:1035) [hadoop-common-3.3.1.jar:?]
	at org.apache.hadoop.ipc.Server$RpcCall.run(Server.java:963) [hadoop-common-3.3.1.jar:?]
	at java.security.AccessController.doPrivileged(Native Method) ~[?:1.8.0_345]
	at javax.security.auth.Subject.doAs(Subject.java:422) [?:1.8.0_345]
	at org.apache.hadoop.security.UserGroupInformation.doAs(UserGroupInformation.java:1878) [hadoop-common-3.3.1.jar:?]
	at org.apache.hadoop.ipc.Server$Handler.run(Server.java:2966) [hadoop-common-3.3.1.jar:?]
2022-09-28 09:57:07,899 [Time-limited test] WARN  ozone.BasicOzoneFileSystem (BasicOzoneFileSystem.java:getFileStatus(765)) - GetFileStatus failed for path o3fs://bucket93813.volume16412/root/dir1
java.io.FileNotFoundException: root/dir1: No such file or directory!
	at org.apache.hadoop.fs.ozone.BasicOzoneClientAdapterImpl.getFileStatus(BasicOzoneClientAdapterImpl.java:369)
	at org.apache.hadoop.fs.ozone.BasicOzoneFileSystem.getFileStatus(BasicOzoneFileSystem.java:757)
	at org.apache.hadoop.fs.ozone.BasicOzoneFileSystem.rename(BasicOzoneFileSystem.java:339)
	at org.apache.hadoop.fs.ozone.TestOzoneFileSystem.testRenameWithNonExistentSource(TestOzoneFileSystem.java:1059)
	at sun.reflect.NativeMethodAccessorImpl.invoke0(Native Method)
	at sun.reflect.NativeMethodAccessorImpl.invoke(NativeMethodAccessorImpl.java:62)
	at sun.reflect.DelegatingMethodAccessorImpl.invoke(DelegatingMethodAccessorImpl.java:43)
	at java.lang.reflect.Method.invoke(Method.java:498)
	at org.junit.runners.model.FrameworkMethod$1.runReflectiveCall(FrameworkMethod.java:59)
	at org.junit.internal.runners.model.ReflectiveCallable.run(ReflectiveCallable.java:12)
	at org.junit.runners.model.FrameworkMethod.invokeExplosively(FrameworkMethod.java:56)
	at org.junit.internal.runners.statements.InvokeMethod.evaluate(InvokeMethod.java:17)
	at org.junit.internal.runners.statements.RunAfters.evaluate(RunAfters.java:27)
	at org.junit.internal.runners.statements.FailOnTimeout$CallableStatement.call(FailOnTimeout.java:288)
	at org.junit.internal.runners.statements.FailOnTimeout$CallableStatement.call(FailOnTimeout.java:282)
	at java.util.concurrent.FutureTask.run(FutureTask.java:266)
	at java.lang.Thread.run(Thread.java:750)
]]></system-out>
  </testcase>
  <testcase name="testRenameWithNonExistentSource" classname="TestOzoneFileSystem" time="0.055">
    <system-out><![CDATA[2022-09-28 09:59:03,806 [Time-limited test] INFO  ozone.TestOzoneFileSystem (TestOzoneFileSystem.java:testRenameWithNonExistentSource(1055)) - Created destin dir: o3fs://bucket52642.volume75139/root/dir2
2022-09-28 09:59:03,807 [Time-limited test] INFO  ozone.TestOzoneFileSystem (TestOzoneFileSystem.java:testRenameWithNonExistentSource(1057)) - Rename op-> source:o3fs://bucket52642.volume75139/root/dir1 to destin:o3fs://bucket52642.volume75139/root/dir2}
09:59:03.807 [IPC Server handler 4 on default port 38925] ERROR OMAudit - user=runner | ip=127.0.0.1 | op=GET_FILE_STATUS {volume=volume75139, bucket=bucket52642, key=root/dir1, dataSize=0, replicationConfig=null} | ret=FAILURE
org.apache.hadoop.ozone.om.exceptions.OMException: Unable to get file status: volume: volume75139 bucket: bucket52642 key: root/dir1
	at org.apache.hadoop.ozone.om.KeyManagerImpl.getOzoneFileStatus(KeyManagerImpl.java:1324) ~[ozone-manager-1.3.0-SNAPSHOT.jar:?]
	at org.apache.hadoop.ozone.om.KeyManagerImpl.getFileStatus(KeyManagerImpl.java:1254) ~[ozone-manager-1.3.0-SNAPSHOT.jar:?]
	at org.apache.hadoop.ozone.om.OzoneManager.getFileStatus(OzoneManager.java:3506) ~[ozone-manager-1.3.0-SNAPSHOT.jar:?]
	at org.apache.hadoop.ozone.protocolPB.OzoneManagerRequestHandler.getOzoneFileStatus(OzoneManagerRequestHandler.java:882) ~[ozone-manager-1.3.0-SNAPSHOT.jar:?]
	at org.apache.hadoop.ozone.protocolPB.OzoneManagerRequestHandler.handleReadRequest(OzoneManagerRequestHandler.java:228) ~[ozone-manager-1.3.0-SNAPSHOT.jar:?]
	at org.apache.hadoop.ozone.protocolPB.OzoneManagerProtocolServerSideTranslatorPB.submitRequestDirectlyToOM(OzoneManagerProtocolServerSideTranslatorPB.java:276) ~[ozone-manager-1.3.0-SNAPSHOT.jar:?]
	at org.apache.hadoop.ozone.protocolPB.OzoneManagerProtocolServerSideTranslatorPB.processRequest(OzoneManagerProtocolServerSideTranslatorPB.java:205) ~[ozone-manager-1.3.0-SNAPSHOT.jar:?]
	at org.apache.hadoop.hdds.server.OzoneProtocolMessageDispatcher.processRequest(OzoneProtocolMessageDispatcher.java:87) [hdds-server-framework-1.3.0-SNAPSHOT.jar:?]
	at org.apache.hadoop.ozone.protocolPB.OzoneManagerProtocolServerSideTranslatorPB.submitRequest(OzoneManagerProtocolServerSideTranslatorPB.java:147) [ozone-manager-1.3.0-SNAPSHOT.jar:?]
	at org.apache.hadoop.ozone.protocol.proto.OzoneManagerProtocolProtos$OzoneManagerService$2.callBlockingMethod(OzoneManagerProtocolProtos.java) [ozone-interface-client-1.3.0-SNAPSHOT.jar:?]
	at org.apache.hadoop.ipc.ProtobufRpcEngine$Server.processCall(ProtobufRpcEngine.java:466) [hadoop-common-3.3.1.jar:?]
	at org.apache.hadoop.ipc.ProtobufRpcEngine2$Server$ProtoBufRpcInvoker.call(ProtobufRpcEngine2.java:574) [hadoop-common-3.3.1.jar:?]
	at org.apache.hadoop.ipc.ProtobufRpcEngine2$Server$ProtoBufRpcInvoker.call(ProtobufRpcEngine2.java:552) [hadoop-common-3.3.1.jar:?]
	at org.apache.hadoop.ipc.RPC$Server.call(RPC.java:1093) [hadoop-common-3.3.1.jar:?]
	at org.apache.hadoop.ipc.Server$RpcCall.run(Server.java:1035) [hadoop-common-3.3.1.jar:?]
	at org.apache.hadoop.ipc.Server$RpcCall.run(Server.java:963) [hadoop-common-3.3.1.jar:?]
	at java.security.AccessController.doPrivileged(Native Method) ~[?:1.8.0_345]
	at javax.security.auth.Subject.doAs(Subject.java:422) [?:1.8.0_345]
	at org.apache.hadoop.security.UserGroupInformation.doAs(UserGroupInformation.java:1878) [hadoop-common-3.3.1.jar:?]
	at org.apache.hadoop.ipc.Server$Handler.run(Server.java:2966) [hadoop-common-3.3.1.jar:?]
2022-09-28 09:59:03,815 [Time-limited test] WARN  ozone.BasicOzoneFileSystem (BasicOzoneFileSystem.java:getFileStatus(765)) - GetFileStatus failed for path o3fs://bucket52642.volume75139/root/dir1
java.io.FileNotFoundException: root/dir1: No such file or directory!
	at org.apache.hadoop.fs.ozone.BasicOzoneClientAdapterImpl.getFileStatus(BasicOzoneClientAdapterImpl.java:369)
	at org.apache.hadoop.fs.ozone.BasicOzoneFileSystem.getFileStatus(BasicOzoneFileSystem.java:757)
	at org.apache.hadoop.fs.ozone.BasicOzoneFileSystem.rename(BasicOzoneFileSystem.java:339)
	at org.apache.hadoop.fs.ozone.TestOzoneFileSystem.testRenameWithNonExistentSource(TestOzoneFileSystem.java:1059)
	at sun.reflect.NativeMethodAccessorImpl.invoke0(Native Method)
	at sun.reflect.NativeMethodAccessorImpl.invoke(NativeMethodAccessorImpl.java:62)
	at sun.reflect.DelegatingMethodAccessorImpl.invoke(DelegatingMethodAccessorImpl.java:43)
	at java.lang.reflect.Method.invoke(Method.java:498)
	at org.junit.runners.model.FrameworkMethod$1.runReflectiveCall(FrameworkMethod.java:59)
	at org.junit.internal.runners.model.ReflectiveCallable.run(ReflectiveCallable.java:12)
	at org.junit.runners.model.FrameworkMethod.invokeExplosively(FrameworkMethod.java:56)
	at org.junit.internal.runners.statements.InvokeMethod.evaluate(InvokeMethod.java:17)
	at org.junit.internal.runners.statements.RunAfters.evaluate(RunAfters.java:27)
	at org.junit.internal.runners.statements.FailOnTimeout$CallableStatement.call(FailOnTimeout.java:288)
	at org.junit.internal.runners.statements.FailOnTimeout$CallableStatement.call(FailOnTimeout.java:282)
	at java.util.concurrent.FutureTask.run(FutureTask.java:266)
	at java.lang.Thread.run(Thread.java:750)
]]></system-out>
  </testcase>
  <testcase name="testRenameToParentDir" classname="TestOzoneFileSystem" time="0.055">
    <system-out><![CDATA[09:54:21.966 [IPC Server handler 7 on default port 33915] ERROR OMAudit - user=runner | ip=127.0.0.1 | op=LIST_STATUS {volume=volume02959, bucket=bucket36363, key=root_dir/dir2, dataSize=0, replicationConfig=null} | ret=FAILURE
org.apache.hadoop.ozone.om.exceptions.OMException: Unable to get file status: volume: volume02959 bucket: bucket36363 key: root_dir/dir2
	at org.apache.hadoop.ozone.om.KeyManagerImpl.getOzoneFileStatus(KeyManagerImpl.java:1324) ~[ozone-manager-1.3.0-SNAPSHOT.jar:?]
	at org.apache.hadoop.ozone.om.KeyManagerImpl.getFileStatus(KeyManagerImpl.java:1254) ~[ozone-manager-1.3.0-SNAPSHOT.jar:?]
	at org.apache.hadoop.ozone.om.KeyManagerImpl.listStatus(KeyManagerImpl.java:1578) ~[ozone-manager-1.3.0-SNAPSHOT.jar:?]
	at org.apache.hadoop.ozone.om.OzoneManager.listStatus(OzoneManager.java:3584) ~[ozone-manager-1.3.0-SNAPSHOT.jar:?]
	at org.apache.hadoop.ozone.protocolPB.OzoneManagerRequestHandler.listStatus(OzoneManagerRequestHandler.java:1072) ~[ozone-manager-1.3.0-SNAPSHOT.jar:?]
	at org.apache.hadoop.ozone.protocolPB.OzoneManagerRequestHandler.handleReadRequest(OzoneManagerRequestHandler.java:239) ~[ozone-manager-1.3.0-SNAPSHOT.jar:?]
	at org.apache.hadoop.ozone.protocolPB.OzoneManagerProtocolServerSideTranslatorPB.submitReadRequestToOM(OzoneManagerProtocolServerSideTranslatorPB.java:226) ~[ozone-manager-1.3.0-SNAPSHOT.jar:?]
	at org.apache.hadoop.ozone.protocolPB.OzoneManagerProtocolServerSideTranslatorPB.processRequest(OzoneManagerProtocolServerSideTranslatorPB.java:175) ~[ozone-manager-1.3.0-SNAPSHOT.jar:?]
	at org.apache.hadoop.hdds.server.OzoneProtocolMessageDispatcher.processRequest(OzoneProtocolMessageDispatcher.java:87) [hdds-server-framework-1.3.0-SNAPSHOT.jar:?]
	at org.apache.hadoop.ozone.protocolPB.OzoneManagerProtocolServerSideTranslatorPB.submitRequest(OzoneManagerProtocolServerSideTranslatorPB.java:147) [ozone-manager-1.3.0-SNAPSHOT.jar:?]
	at org.apache.hadoop.ozone.protocol.proto.OzoneManagerProtocolProtos$OzoneManagerService$2.callBlockingMethod(OzoneManagerProtocolProtos.java) [ozone-interface-client-1.3.0-SNAPSHOT.jar:?]
	at org.apache.hadoop.ipc.ProtobufRpcEngine$Server.processCall(ProtobufRpcEngine.java:466) [hadoop-common-3.3.1.jar:?]
	at org.apache.hadoop.ipc.ProtobufRpcEngine2$Server$ProtoBufRpcInvoker.call(ProtobufRpcEngine2.java:574) [hadoop-common-3.3.1.jar:?]
	at org.apache.hadoop.ipc.ProtobufRpcEngine2$Server$ProtoBufRpcInvoker.call(ProtobufRpcEngine2.java:552) [hadoop-common-3.3.1.jar:?]
	at org.apache.hadoop.ipc.RPC$Server.call(RPC.java:1093) [hadoop-common-3.3.1.jar:?]
	at org.apache.hadoop.ipc.Server$RpcCall.run(Server.java:1035) [hadoop-common-3.3.1.jar:?]
	at org.apache.hadoop.ipc.Server$RpcCall.run(Server.java:963) [hadoop-common-3.3.1.jar:?]
	at java.security.AccessController.doPrivileged(Native Method) ~[?:1.8.0_345]
	at javax.security.auth.Subject.doAs(Subject.java:422) [?:1.8.0_345]
	at org.apache.hadoop.security.UserGroupInformation.doAs(UserGroupInformation.java:1878) [hadoop-common-3.3.1.jar:?]
	at org.apache.hadoop.ipc.Server$Handler.run(Server.java:2966) [hadoop-common-3.3.1.jar:?]
09:54:21.983 [IPC Server handler 0 on default port 33915] ERROR OMAudit - user=runner | ip=127.0.0.1 | op=LIST_STATUS {volume=volume02959, bucket=bucket36363, key=root_dir/file2, dataSize=0, replicationConfig=null} | ret=FAILURE
org.apache.hadoop.ozone.om.exceptions.OMException: Unable to get file status: volume: volume02959 bucket: bucket36363 key: root_dir/file2
	at org.apache.hadoop.ozone.om.KeyManagerImpl.getOzoneFileStatus(KeyManagerImpl.java:1324) ~[ozone-manager-1.3.0-SNAPSHOT.jar:?]
	at org.apache.hadoop.ozone.om.KeyManagerImpl.getFileStatus(KeyManagerImpl.java:1254) ~[ozone-manager-1.3.0-SNAPSHOT.jar:?]
	at org.apache.hadoop.ozone.om.KeyManagerImpl.listStatus(KeyManagerImpl.java:1578) ~[ozone-manager-1.3.0-SNAPSHOT.jar:?]
	at org.apache.hadoop.ozone.om.OzoneManager.listStatus(OzoneManager.java:3584) ~[ozone-manager-1.3.0-SNAPSHOT.jar:?]
	at org.apache.hadoop.ozone.protocolPB.OzoneManagerRequestHandler.listStatus(OzoneManagerRequestHandler.java:1072) ~[ozone-manager-1.3.0-SNAPSHOT.jar:?]
	at org.apache.hadoop.ozone.protocolPB.OzoneManagerRequestHandler.handleReadRequest(OzoneManagerRequestHandler.java:239) ~[ozone-manager-1.3.0-SNAPSHOT.jar:?]
	at org.apache.hadoop.ozone.protocolPB.OzoneManagerProtocolServerSideTranslatorPB.submitReadRequestToOM(OzoneManagerProtocolServerSideTranslatorPB.java:226) ~[ozone-manager-1.3.0-SNAPSHOT.jar:?]
	at org.apache.hadoop.ozone.protocolPB.OzoneManagerProtocolServerSideTranslatorPB.processRequest(OzoneManagerProtocolServerSideTranslatorPB.java:175) ~[ozone-manager-1.3.0-SNAPSHOT.jar:?]
	at org.apache.hadoop.hdds.server.OzoneProtocolMessageDispatcher.processRequest(OzoneProtocolMessageDispatcher.java:87) [hdds-server-framework-1.3.0-SNAPSHOT.jar:?]
	at org.apache.hadoop.ozone.protocolPB.OzoneManagerProtocolServerSideTranslatorPB.submitRequest(OzoneManagerProtocolServerSideTranslatorPB.java:147) [ozone-manager-1.3.0-SNAPSHOT.jar:?]
	at org.apache.hadoop.ozone.protocol.proto.OzoneManagerProtocolProtos$OzoneManagerService$2.callBlockingMethod(OzoneManagerProtocolProtos.java) [ozone-interface-client-1.3.0-SNAPSHOT.jar:?]
	at org.apache.hadoop.ipc.ProtobufRpcEngine$Server.processCall(ProtobufRpcEngine.java:466) [hadoop-common-3.3.1.jar:?]
	at org.apache.hadoop.ipc.ProtobufRpcEngine2$Server$ProtoBufRpcInvoker.call(ProtobufRpcEngine2.java:574) [hadoop-common-3.3.1.jar:?]
	at org.apache.hadoop.ipc.ProtobufRpcEngine2$Server$ProtoBufRpcInvoker.call(ProtobufRpcEngine2.java:552) [hadoop-common-3.3.1.jar:?]
	at org.apache.hadoop.ipc.RPC$Server.call(RPC.java:1093) [hadoop-common-3.3.1.jar:?]
	at org.apache.hadoop.ipc.Server$RpcCall.run(Server.java:1035) [hadoop-common-3.3.1.jar:?]
	at org.apache.hadoop.ipc.Server$RpcCall.run(Server.java:963) [hadoop-common-3.3.1.jar:?]
	at java.security.AccessController.doPrivileged(Native Method) ~[?:1.8.0_345]
	at javax.security.auth.Subject.doAs(Subject.java:422) [?:1.8.0_345]
	at org.apache.hadoop.security.UserGroupInformation.doAs(UserGroupInformation.java:1878) [hadoop-common-3.3.1.jar:?]
	at org.apache.hadoop.ipc.Server$Handler.run(Server.java:2966) [hadoop-common-3.3.1.jar:?]
]]></system-out>
  </testcase>
  <testcase name="testRenameToParentDir" classname="TestOzoneFileSystem" time="0.018">
    <system-out><![CDATA[09:55:46.668 [IPC Server handler 19 on default port 43879] ERROR OMAudit - user=runner | ip=127.0.0.1 | op=LIST_STATUS {volume=volume99279, bucket=bucket29095, key=root_dir/dir2, dataSize=0, replicationConfig=null} | ret=FAILURE
org.apache.hadoop.ozone.om.exceptions.OMException: Unable to get file status: volume: volume99279 bucket: bucket29095 key: root_dir/dir2
	at org.apache.hadoop.ozone.om.KeyManagerImpl.getOzoneFileStatus(KeyManagerImpl.java:1324) ~[ozone-manager-1.3.0-SNAPSHOT.jar:?]
	at org.apache.hadoop.ozone.om.KeyManagerImpl.getFileStatus(KeyManagerImpl.java:1254) ~[ozone-manager-1.3.0-SNAPSHOT.jar:?]
	at org.apache.hadoop.ozone.om.KeyManagerImpl.listStatus(KeyManagerImpl.java:1578) ~[ozone-manager-1.3.0-SNAPSHOT.jar:?]
	at org.apache.hadoop.ozone.om.OzoneManager.listStatus(OzoneManager.java:3584) ~[ozone-manager-1.3.0-SNAPSHOT.jar:?]
	at org.apache.hadoop.ozone.protocolPB.OzoneManagerRequestHandler.listStatus(OzoneManagerRequestHandler.java:1072) ~[ozone-manager-1.3.0-SNAPSHOT.jar:?]
	at org.apache.hadoop.ozone.protocolPB.OzoneManagerRequestHandler.handleReadRequest(OzoneManagerRequestHandler.java:239) ~[ozone-manager-1.3.0-SNAPSHOT.jar:?]
	at org.apache.hadoop.ozone.protocolPB.OzoneManagerProtocolServerSideTranslatorPB.submitRequestDirectlyToOM(OzoneManagerProtocolServerSideTranslatorPB.java:276) ~[ozone-manager-1.3.0-SNAPSHOT.jar:?]
	at org.apache.hadoop.ozone.protocolPB.OzoneManagerProtocolServerSideTranslatorPB.processRequest(OzoneManagerProtocolServerSideTranslatorPB.java:205) ~[ozone-manager-1.3.0-SNAPSHOT.jar:?]
	at org.apache.hadoop.hdds.server.OzoneProtocolMessageDispatcher.processRequest(OzoneProtocolMessageDispatcher.java:87) [hdds-server-framework-1.3.0-SNAPSHOT.jar:?]
	at org.apache.hadoop.ozone.protocolPB.OzoneManagerProtocolServerSideTranslatorPB.submitRequest(OzoneManagerProtocolServerSideTranslatorPB.java:147) [ozone-manager-1.3.0-SNAPSHOT.jar:?]
	at org.apache.hadoop.ozone.protocol.proto.OzoneManagerProtocolProtos$OzoneManagerService$2.callBlockingMethod(OzoneManagerProtocolProtos.java) [ozone-interface-client-1.3.0-SNAPSHOT.jar:?]
	at org.apache.hadoop.ipc.ProtobufRpcEngine$Server.processCall(ProtobufRpcEngine.java:466) [hadoop-common-3.3.1.jar:?]
	at org.apache.hadoop.ipc.ProtobufRpcEngine2$Server$ProtoBufRpcInvoker.call(ProtobufRpcEngine2.java:574) [hadoop-common-3.3.1.jar:?]
	at org.apache.hadoop.ipc.ProtobufRpcEngine2$Server$ProtoBufRpcInvoker.call(ProtobufRpcEngine2.java:552) [hadoop-common-3.3.1.jar:?]
	at org.apache.hadoop.ipc.RPC$Server.call(RPC.java:1093) [hadoop-common-3.3.1.jar:?]
	at org.apache.hadoop.ipc.Server$RpcCall.run(Server.java:1035) [hadoop-common-3.3.1.jar:?]
	at org.apache.hadoop.ipc.Server$RpcCall.run(Server.java:963) [hadoop-common-3.3.1.jar:?]
	at java.security.AccessController.doPrivileged(Native Method) ~[?:1.8.0_345]
	at javax.security.auth.Subject.doAs(Subject.java:422) [?:1.8.0_345]
	at org.apache.hadoop.security.UserGroupInformation.doAs(UserGroupInformation.java:1878) [hadoop-common-3.3.1.jar:?]
	at org.apache.hadoop.ipc.Server$Handler.run(Server.java:2966) [hadoop-common-3.3.1.jar:?]
09:55:46.671 [IPC Server handler 14 on default port 43879] ERROR OMAudit - user=runner | ip=127.0.0.1 | op=LIST_STATUS {volume=volume99279, bucket=bucket29095, key=root_dir/file2, dataSize=0, replicationConfig=null} | ret=FAILURE
org.apache.hadoop.ozone.om.exceptions.OMException: Unable to get file status: volume: volume99279 bucket: bucket29095 key: root_dir/file2
	at org.apache.hadoop.ozone.om.KeyManagerImpl.getOzoneFileStatus(KeyManagerImpl.java:1324) ~[ozone-manager-1.3.0-SNAPSHOT.jar:?]
	at org.apache.hadoop.ozone.om.KeyManagerImpl.getFileStatus(KeyManagerImpl.java:1254) ~[ozone-manager-1.3.0-SNAPSHOT.jar:?]
	at org.apache.hadoop.ozone.om.KeyManagerImpl.listStatus(KeyManagerImpl.java:1578) ~[ozone-manager-1.3.0-SNAPSHOT.jar:?]
	at org.apache.hadoop.ozone.om.OzoneManager.listStatus(OzoneManager.java:3584) ~[ozone-manager-1.3.0-SNAPSHOT.jar:?]
	at org.apache.hadoop.ozone.protocolPB.OzoneManagerRequestHandler.listStatus(OzoneManagerRequestHandler.java:1072) ~[ozone-manager-1.3.0-SNAPSHOT.jar:?]
	at org.apache.hadoop.ozone.protocolPB.OzoneManagerRequestHandler.handleReadRequest(OzoneManagerRequestHandler.java:239) ~[ozone-manager-1.3.0-SNAPSHOT.jar:?]
	at org.apache.hadoop.ozone.protocolPB.OzoneManagerProtocolServerSideTranslatorPB.submitRequestDirectlyToOM(OzoneManagerProtocolServerSideTranslatorPB.java:276) ~[ozone-manager-1.3.0-SNAPSHOT.jar:?]
	at org.apache.hadoop.ozone.protocolPB.OzoneManagerProtocolServerSideTranslatorPB.processRequest(OzoneManagerProtocolServerSideTranslatorPB.java:205) ~[ozone-manager-1.3.0-SNAPSHOT.jar:?]
	at org.apache.hadoop.hdds.server.OzoneProtocolMessageDispatcher.processRequest(OzoneProtocolMessageDispatcher.java:87) [hdds-server-framework-1.3.0-SNAPSHOT.jar:?]
	at org.apache.hadoop.ozone.protocolPB.OzoneManagerProtocolServerSideTranslatorPB.submitRequest(OzoneManagerProtocolServerSideTranslatorPB.java:147) [ozone-manager-1.3.0-SNAPSHOT.jar:?]
	at org.apache.hadoop.ozone.protocol.proto.OzoneManagerProtocolProtos$OzoneManagerService$2.callBlockingMethod(OzoneManagerProtocolProtos.java) [ozone-interface-client-1.3.0-SNAPSHOT.jar:?]
	at org.apache.hadoop.ipc.ProtobufRpcEngine$Server.processCall(ProtobufRpcEngine.java:466) [hadoop-common-3.3.1.jar:?]
	at org.apache.hadoop.ipc.ProtobufRpcEngine2$Server$ProtoBufRpcInvoker.call(ProtobufRpcEngine2.java:574) [hadoop-common-3.3.1.jar:?]
	at org.apache.hadoop.ipc.ProtobufRpcEngine2$Server$ProtoBufRpcInvoker.call(ProtobufRpcEngine2.java:552) [hadoop-common-3.3.1.jar:?]
	at org.apache.hadoop.ipc.RPC$Server.call(RPC.java:1093) [hadoop-common-3.3.1.jar:?]
	at org.apache.hadoop.ipc.Server$RpcCall.run(Server.java:1035) [hadoop-common-3.3.1.jar:?]
	at org.apache.hadoop.ipc.Server$RpcCall.run(Server.java:963) [hadoop-common-3.3.1.jar:?]
	at java.security.AccessController.doPrivileged(Native Method) ~[?:1.8.0_345]
	at javax.security.auth.Subject.doAs(Subject.java:422) [?:1.8.0_345]
	at org.apache.hadoop.security.UserGroupInformation.doAs(UserGroupInformation.java:1878) [hadoop-common-3.3.1.jar:?]
	at org.apache.hadoop.ipc.Server$Handler.run(Server.java:2966) [hadoop-common-3.3.1.jar:?]
]]></system-out>
  </testcase>
  <testcase name="testRenameToParentDir" classname="TestOzoneFileSystem" time="0.073">
    <system-out><![CDATA[09:57:07.951 [IPC Server handler 14 on default port 44537] ERROR OMAudit - user=runner | ip=127.0.0.1 | op=LIST_STATUS {volume=volume16412, bucket=bucket93813, key=root_dir/dir2, dataSize=0, replicationConfig=null} | ret=FAILURE
org.apache.hadoop.ozone.om.exceptions.OMException: Unable to get file status: volume: volume16412 bucket: bucket93813 key: root_dir/dir2
	at org.apache.hadoop.ozone.om.KeyManagerImpl.getOzoneFileStatus(KeyManagerImpl.java:1324) ~[ozone-manager-1.3.0-SNAPSHOT.jar:?]
	at org.apache.hadoop.ozone.om.KeyManagerImpl.getFileStatus(KeyManagerImpl.java:1254) ~[ozone-manager-1.3.0-SNAPSHOT.jar:?]
	at org.apache.hadoop.ozone.om.KeyManagerImpl.listStatus(KeyManagerImpl.java:1578) ~[ozone-manager-1.3.0-SNAPSHOT.jar:?]
	at org.apache.hadoop.ozone.om.OzoneManager.listStatus(OzoneManager.java:3584) ~[ozone-manager-1.3.0-SNAPSHOT.jar:?]
	at org.apache.hadoop.ozone.protocolPB.OzoneManagerRequestHandler.listStatus(OzoneManagerRequestHandler.java:1072) ~[ozone-manager-1.3.0-SNAPSHOT.jar:?]
	at org.apache.hadoop.ozone.protocolPB.OzoneManagerRequestHandler.handleReadRequest(OzoneManagerRequestHandler.java:239) ~[ozone-manager-1.3.0-SNAPSHOT.jar:?]
	at org.apache.hadoop.ozone.protocolPB.OzoneManagerProtocolServerSideTranslatorPB.submitReadRequestToOM(OzoneManagerProtocolServerSideTranslatorPB.java:226) ~[ozone-manager-1.3.0-SNAPSHOT.jar:?]
	at org.apache.hadoop.ozone.protocolPB.OzoneManagerProtocolServerSideTranslatorPB.processRequest(OzoneManagerProtocolServerSideTranslatorPB.java:175) ~[ozone-manager-1.3.0-SNAPSHOT.jar:?]
	at org.apache.hadoop.hdds.server.OzoneProtocolMessageDispatcher.processRequest(OzoneProtocolMessageDispatcher.java:87) [hdds-server-framework-1.3.0-SNAPSHOT.jar:?]
	at org.apache.hadoop.ozone.protocolPB.OzoneManagerProtocolServerSideTranslatorPB.submitRequest(OzoneManagerProtocolServerSideTranslatorPB.java:147) [ozone-manager-1.3.0-SNAPSHOT.jar:?]
	at org.apache.hadoop.ozone.protocol.proto.OzoneManagerProtocolProtos$OzoneManagerService$2.callBlockingMethod(OzoneManagerProtocolProtos.java) [ozone-interface-client-1.3.0-SNAPSHOT.jar:?]
	at org.apache.hadoop.ipc.ProtobufRpcEngine$Server.processCall(ProtobufRpcEngine.java:466) [hadoop-common-3.3.1.jar:?]
	at org.apache.hadoop.ipc.ProtobufRpcEngine2$Server$ProtoBufRpcInvoker.call(ProtobufRpcEngine2.java:574) [hadoop-common-3.3.1.jar:?]
	at org.apache.hadoop.ipc.ProtobufRpcEngine2$Server$ProtoBufRpcInvoker.call(ProtobufRpcEngine2.java:552) [hadoop-common-3.3.1.jar:?]
	at org.apache.hadoop.ipc.RPC$Server.call(RPC.java:1093) [hadoop-common-3.3.1.jar:?]
	at org.apache.hadoop.ipc.Server$RpcCall.run(Server.java:1035) [hadoop-common-3.3.1.jar:?]
	at org.apache.hadoop.ipc.Server$RpcCall.run(Server.java:963) [hadoop-common-3.3.1.jar:?]
	at java.security.AccessController.doPrivileged(Native Method) ~[?:1.8.0_345]
	at javax.security.auth.Subject.doAs(Subject.java:422) [?:1.8.0_345]
	at org.apache.hadoop.security.UserGroupInformation.doAs(UserGroupInformation.java:1878) [hadoop-common-3.3.1.jar:?]
	at org.apache.hadoop.ipc.Server$Handler.run(Server.java:2966) [hadoop-common-3.3.1.jar:?]
09:57:07.965 [IPC Server handler 19 on default port 44537] ERROR OMAudit - user=runner | ip=127.0.0.1 | op=LIST_STATUS {volume=volume16412, bucket=bucket93813, key=root_dir/file2, dataSize=0, replicationConfig=null} | ret=FAILURE
org.apache.hadoop.ozone.om.exceptions.OMException: Unable to get file status: volume: volume16412 bucket: bucket93813 key: root_dir/file2
	at org.apache.hadoop.ozone.om.KeyManagerImpl.getOzoneFileStatus(KeyManagerImpl.java:1324) ~[ozone-manager-1.3.0-SNAPSHOT.jar:?]
	at org.apache.hadoop.ozone.om.KeyManagerImpl.getFileStatus(KeyManagerImpl.java:1254) ~[ozone-manager-1.3.0-SNAPSHOT.jar:?]
	at org.apache.hadoop.ozone.om.KeyManagerImpl.listStatus(KeyManagerImpl.java:1578) ~[ozone-manager-1.3.0-SNAPSHOT.jar:?]
	at org.apache.hadoop.ozone.om.OzoneManager.listStatus(OzoneManager.java:3584) ~[ozone-manager-1.3.0-SNAPSHOT.jar:?]
	at org.apache.hadoop.ozone.protocolPB.OzoneManagerRequestHandler.listStatus(OzoneManagerRequestHandler.java:1072) ~[ozone-manager-1.3.0-SNAPSHOT.jar:?]
	at org.apache.hadoop.ozone.protocolPB.OzoneManagerRequestHandler.handleReadRequest(OzoneManagerRequestHandler.java:239) ~[ozone-manager-1.3.0-SNAPSHOT.jar:?]
	at org.apache.hadoop.ozone.protocolPB.OzoneManagerProtocolServerSideTranslatorPB.submitReadRequestToOM(OzoneManagerProtocolServerSideTranslatorPB.java:226) ~[ozone-manager-1.3.0-SNAPSHOT.jar:?]
	at org.apache.hadoop.ozone.protocolPB.OzoneManagerProtocolServerSideTranslatorPB.processRequest(OzoneManagerProtocolServerSideTranslatorPB.java:175) ~[ozone-manager-1.3.0-SNAPSHOT.jar:?]
	at org.apache.hadoop.hdds.server.OzoneProtocolMessageDispatcher.processRequest(OzoneProtocolMessageDispatcher.java:87) [hdds-server-framework-1.3.0-SNAPSHOT.jar:?]
	at org.apache.hadoop.ozone.protocolPB.OzoneManagerProtocolServerSideTranslatorPB.submitRequest(OzoneManagerProtocolServerSideTranslatorPB.java:147) [ozone-manager-1.3.0-SNAPSHOT.jar:?]
	at org.apache.hadoop.ozone.protocol.proto.OzoneManagerProtocolProtos$OzoneManagerService$2.callBlockingMethod(OzoneManagerProtocolProtos.java) [ozone-interface-client-1.3.0-SNAPSHOT.jar:?]
	at org.apache.hadoop.ipc.ProtobufRpcEngine$Server.processCall(ProtobufRpcEngine.java:466) [hadoop-common-3.3.1.jar:?]
	at org.apache.hadoop.ipc.ProtobufRpcEngine2$Server$ProtoBufRpcInvoker.call(ProtobufRpcEngine2.java:574) [hadoop-common-3.3.1.jar:?]
	at org.apache.hadoop.ipc.ProtobufRpcEngine2$Server$ProtoBufRpcInvoker.call(ProtobufRpcEngine2.java:552) [hadoop-common-3.3.1.jar:?]
	at org.apache.hadoop.ipc.RPC$Server.call(RPC.java:1093) [hadoop-common-3.3.1.jar:?]
	at org.apache.hadoop.ipc.Server$RpcCall.run(Server.java:1035) [hadoop-common-3.3.1.jar:?]
	at org.apache.hadoop.ipc.Server$RpcCall.run(Server.java:963) [hadoop-common-3.3.1.jar:?]
	at java.security.AccessController.doPrivileged(Native Method) ~[?:1.8.0_345]
	at javax.security.auth.Subject.doAs(Subject.java:422) [?:1.8.0_345]
	at org.apache.hadoop.security.UserGroupInformation.doAs(UserGroupInformation.java:1878) [hadoop-common-3.3.1.jar:?]
	at org.apache.hadoop.ipc.Server$Handler.run(Server.java:2966) [hadoop-common-3.3.1.jar:?]
]]></system-out>
  </testcase>
  <testcase name="testRenameToParentDir" classname="TestOzoneFileSystem" time="0.066">
    <system-out><![CDATA[09:59:03.878 [IPC Server handler 13 on default port 38925] ERROR OMAudit - user=runner | ip=127.0.0.1 | op=LIST_STATUS {volume=volume75139, bucket=bucket52642, key=root_dir/dir2, dataSize=0, replicationConfig=null} | ret=FAILURE
org.apache.hadoop.ozone.om.exceptions.OMException: Unable to get file status: volume: volume75139 bucket: bucket52642 key: root_dir/dir2
	at org.apache.hadoop.ozone.om.KeyManagerImpl.getOzoneFileStatus(KeyManagerImpl.java:1324) ~[ozone-manager-1.3.0-SNAPSHOT.jar:?]
	at org.apache.hadoop.ozone.om.KeyManagerImpl.getFileStatus(KeyManagerImpl.java:1254) ~[ozone-manager-1.3.0-SNAPSHOT.jar:?]
	at org.apache.hadoop.ozone.om.KeyManagerImpl.listStatus(KeyManagerImpl.java:1578) ~[ozone-manager-1.3.0-SNAPSHOT.jar:?]
	at org.apache.hadoop.ozone.om.OzoneManager.listStatus(OzoneManager.java:3584) ~[ozone-manager-1.3.0-SNAPSHOT.jar:?]
	at org.apache.hadoop.ozone.protocolPB.OzoneManagerRequestHandler.listStatus(OzoneManagerRequestHandler.java:1072) ~[ozone-manager-1.3.0-SNAPSHOT.jar:?]
	at org.apache.hadoop.ozone.protocolPB.OzoneManagerRequestHandler.handleReadRequest(OzoneManagerRequestHandler.java:239) ~[ozone-manager-1.3.0-SNAPSHOT.jar:?]
	at org.apache.hadoop.ozone.protocolPB.OzoneManagerProtocolServerSideTranslatorPB.submitRequestDirectlyToOM(OzoneManagerProtocolServerSideTranslatorPB.java:276) ~[ozone-manager-1.3.0-SNAPSHOT.jar:?]
	at org.apache.hadoop.ozone.protocolPB.OzoneManagerProtocolServerSideTranslatorPB.processRequest(OzoneManagerProtocolServerSideTranslatorPB.java:205) ~[ozone-manager-1.3.0-SNAPSHOT.jar:?]
	at org.apache.hadoop.hdds.server.OzoneProtocolMessageDispatcher.processRequest(OzoneProtocolMessageDispatcher.java:87) [hdds-server-framework-1.3.0-SNAPSHOT.jar:?]
	at org.apache.hadoop.ozone.protocolPB.OzoneManagerProtocolServerSideTranslatorPB.submitRequest(OzoneManagerProtocolServerSideTranslatorPB.java:147) [ozone-manager-1.3.0-SNAPSHOT.jar:?]
	at org.apache.hadoop.ozone.protocol.proto.OzoneManagerProtocolProtos$OzoneManagerService$2.callBlockingMethod(OzoneManagerProtocolProtos.java) [ozone-interface-client-1.3.0-SNAPSHOT.jar:?]
	at org.apache.hadoop.ipc.ProtobufRpcEngine$Server.processCall(ProtobufRpcEngine.java:466) [hadoop-common-3.3.1.jar:?]
	at org.apache.hadoop.ipc.ProtobufRpcEngine2$Server$ProtoBufRpcInvoker.call(ProtobufRpcEngine2.java:574) [hadoop-common-3.3.1.jar:?]
	at org.apache.hadoop.ipc.ProtobufRpcEngine2$Server$ProtoBufRpcInvoker.call(ProtobufRpcEngine2.java:552) [hadoop-common-3.3.1.jar:?]
	at org.apache.hadoop.ipc.RPC$Server.call(RPC.java:1093) [hadoop-common-3.3.1.jar:?]
	at org.apache.hadoop.ipc.Server$RpcCall.run(Server.java:1035) [hadoop-common-3.3.1.jar:?]
	at org.apache.hadoop.ipc.Server$RpcCall.run(Server.java:963) [hadoop-common-3.3.1.jar:?]
	at java.security.AccessController.doPrivileged(Native Method) ~[?:1.8.0_345]
	at javax.security.auth.Subject.doAs(Subject.java:422) [?:1.8.0_345]
	at org.apache.hadoop.security.UserGroupInformation.doAs(UserGroupInformation.java:1878) [hadoop-common-3.3.1.jar:?]
	at org.apache.hadoop.ipc.Server$Handler.run(Server.java:2966) [hadoop-common-3.3.1.jar:?]
09:59:03.887 [IPC Server handler 0 on default port 38925] ERROR OMAudit - user=runner | ip=127.0.0.1 | op=LIST_STATUS {volume=volume75139, bucket=bucket52642, key=root_dir/file2, dataSize=0, replicationConfig=null} | ret=FAILURE
org.apache.hadoop.ozone.om.exceptions.OMException: Unable to get file status: volume: volume75139 bucket: bucket52642 key: root_dir/file2
	at org.apache.hadoop.ozone.om.KeyManagerImpl.getOzoneFileStatus(KeyManagerImpl.java:1324) ~[ozone-manager-1.3.0-SNAPSHOT.jar:?]
	at org.apache.hadoop.ozone.om.KeyManagerImpl.getFileStatus(KeyManagerImpl.java:1254) ~[ozone-manager-1.3.0-SNAPSHOT.jar:?]
	at org.apache.hadoop.ozone.om.KeyManagerImpl.listStatus(KeyManagerImpl.java:1578) ~[ozone-manager-1.3.0-SNAPSHOT.jar:?]
	at org.apache.hadoop.ozone.om.OzoneManager.listStatus(OzoneManager.java:3584) ~[ozone-manager-1.3.0-SNAPSHOT.jar:?]
	at org.apache.hadoop.ozone.protocolPB.OzoneManagerRequestHandler.listStatus(OzoneManagerRequestHandler.java:1072) ~[ozone-manager-1.3.0-SNAPSHOT.jar:?]
	at org.apache.hadoop.ozone.protocolPB.OzoneManagerRequestHandler.handleReadRequest(OzoneManagerRequestHandler.java:239) ~[ozone-manager-1.3.0-SNAPSHOT.jar:?]
	at org.apache.hadoop.ozone.protocolPB.OzoneManagerProtocolServerSideTranslatorPB.submitRequestDirectlyToOM(OzoneManagerProtocolServerSideTranslatorPB.java:276) ~[ozone-manager-1.3.0-SNAPSHOT.jar:?]
	at org.apache.hadoop.ozone.protocolPB.OzoneManagerProtocolServerSideTranslatorPB.processRequest(OzoneManagerProtocolServerSideTranslatorPB.java:205) ~[ozone-manager-1.3.0-SNAPSHOT.jar:?]
	at org.apache.hadoop.hdds.server.OzoneProtocolMessageDispatcher.processRequest(OzoneProtocolMessageDispatcher.java:87) [hdds-server-framework-1.3.0-SNAPSHOT.jar:?]
	at org.apache.hadoop.ozone.protocolPB.OzoneManagerProtocolServerSideTranslatorPB.submitRequest(OzoneManagerProtocolServerSideTranslatorPB.java:147) [ozone-manager-1.3.0-SNAPSHOT.jar:?]
	at org.apache.hadoop.ozone.protocol.proto.OzoneManagerProtocolProtos$OzoneManagerService$2.callBlockingMethod(OzoneManagerProtocolProtos.java) [ozone-interface-client-1.3.0-SNAPSHOT.jar:?]
	at org.apache.hadoop.ipc.ProtobufRpcEngine$Server.processCall(ProtobufRpcEngine.java:466) [hadoop-common-3.3.1.jar:?]
	at org.apache.hadoop.ipc.ProtobufRpcEngine2$Server$ProtoBufRpcInvoker.call(ProtobufRpcEngine2.java:574) [hadoop-common-3.3.1.jar:?]
	at org.apache.hadoop.ipc.ProtobufRpcEngine2$Server$ProtoBufRpcInvoker.call(ProtobufRpcEngine2.java:552) [hadoop-common-3.3.1.jar:?]
	at org.apache.hadoop.ipc.RPC$Server.call(RPC.java:1093) [hadoop-common-3.3.1.jar:?]
	at org.apache.hadoop.ipc.Server$RpcCall.run(Server.java:1035) [hadoop-common-3.3.1.jar:?]
	at org.apache.hadoop.ipc.Server$RpcCall.run(Server.java:963) [hadoop-common-3.3.1.jar:?]
	at java.security.AccessController.doPrivileged(Native Method) ~[?:1.8.0_345]
	at javax.security.auth.Subject.doAs(Subject.java:422) [?:1.8.0_345]
	at org.apache.hadoop.security.UserGroupInformation.doAs(UserGroupInformation.java:1878) [hadoop-common-3.3.1.jar:?]
	at org.apache.hadoop.ipc.Server$Handler.run(Server.java:2966) [hadoop-common-3.3.1.jar:?]
]]></system-out>
  </testcase>
  <testcase name="testListStatusOnSubDirs" classname="TestOzoneFileSystem" time="0.039"/>
  <testcase name="testListStatusOnSubDirs" classname="TestOzoneFileSystem" time="0.023"/>
  <testcase name="testListStatusOnSubDirs" classname="TestOzoneFileSystem" time="0.06"/>
  <testcase name="testListStatusOnSubDirs" classname="TestOzoneFileSystem" time="0.059"/>
  <testcase name="testListStatus" classname="TestOzoneFileSystem" time="0.064"/>
  <testcase name="testListStatus" classname="TestOzoneFileSystem" time="0.027"/>
  <testcase name="testListStatus" classname="TestOzoneFileSystem" time="0.067"/>
  <testcase name="testListStatus" classname="TestOzoneFileSystem" time="0.069"/>
  <testcase name="testRecursiveDelete" classname="TestOzoneFileSystem" time="0.259">
    <system-out><![CDATA[09:54:22.220 [IPC Server handler 9 on default port 33915] ERROR OMAudit - user=runner | ip=127.0.0.1 | op=GET_FILE_STATUS {volume=volume02959, bucket=bucket36363, key=gdir1, dataSize=0, replicationConfig=null} | ret=FAILURE
org.apache.hadoop.ozone.om.exceptions.OMException: Unable to get file status: volume: volume02959 bucket: bucket36363 key: gdir1
	at org.apache.hadoop.ozone.om.KeyManagerImpl.getOzoneFileStatus(KeyManagerImpl.java:1324) ~[ozone-manager-1.3.0-SNAPSHOT.jar:?]
	at org.apache.hadoop.ozone.om.KeyManagerImpl.getFileStatus(KeyManagerImpl.java:1254) ~[ozone-manager-1.3.0-SNAPSHOT.jar:?]
	at org.apache.hadoop.ozone.om.OzoneManager.getFileStatus(OzoneManager.java:3506) ~[ozone-manager-1.3.0-SNAPSHOT.jar:?]
	at org.apache.hadoop.ozone.protocolPB.OzoneManagerRequestHandler.getOzoneFileStatus(OzoneManagerRequestHandler.java:882) ~[ozone-manager-1.3.0-SNAPSHOT.jar:?]
	at org.apache.hadoop.ozone.protocolPB.OzoneManagerRequestHandler.handleReadRequest(OzoneManagerRequestHandler.java:228) ~[ozone-manager-1.3.0-SNAPSHOT.jar:?]
	at org.apache.hadoop.ozone.protocolPB.OzoneManagerProtocolServerSideTranslatorPB.submitReadRequestToOM(OzoneManagerProtocolServerSideTranslatorPB.java:226) ~[ozone-manager-1.3.0-SNAPSHOT.jar:?]
	at org.apache.hadoop.ozone.protocolPB.OzoneManagerProtocolServerSideTranslatorPB.processRequest(OzoneManagerProtocolServerSideTranslatorPB.java:175) ~[ozone-manager-1.3.0-SNAPSHOT.jar:?]
	at org.apache.hadoop.hdds.server.OzoneProtocolMessageDispatcher.processRequest(OzoneProtocolMessageDispatcher.java:87) [hdds-server-framework-1.3.0-SNAPSHOT.jar:?]
	at org.apache.hadoop.ozone.protocolPB.OzoneManagerProtocolServerSideTranslatorPB.submitRequest(OzoneManagerProtocolServerSideTranslatorPB.java:147) [ozone-manager-1.3.0-SNAPSHOT.jar:?]
	at org.apache.hadoop.ozone.protocol.proto.OzoneManagerProtocolProtos$OzoneManagerService$2.callBlockingMethod(OzoneManagerProtocolProtos.java) [ozone-interface-client-1.3.0-SNAPSHOT.jar:?]
	at org.apache.hadoop.ipc.ProtobufRpcEngine$Server.processCall(ProtobufRpcEngine.java:466) [hadoop-common-3.3.1.jar:?]
	at org.apache.hadoop.ipc.ProtobufRpcEngine2$Server$ProtoBufRpcInvoker.call(ProtobufRpcEngine2.java:574) [hadoop-common-3.3.1.jar:?]
	at org.apache.hadoop.ipc.ProtobufRpcEngine2$Server$ProtoBufRpcInvoker.call(ProtobufRpcEngine2.java:552) [hadoop-common-3.3.1.jar:?]
	at org.apache.hadoop.ipc.RPC$Server.call(RPC.java:1093) [hadoop-common-3.3.1.jar:?]
	at org.apache.hadoop.ipc.Server$RpcCall.run(Server.java:1035) [hadoop-common-3.3.1.jar:?]
	at org.apache.hadoop.ipc.Server$RpcCall.run(Server.java:963) [hadoop-common-3.3.1.jar:?]
	at java.security.AccessController.doPrivileged(Native Method) ~[?:1.8.0_345]
	at javax.security.auth.Subject.doAs(Subject.java:422) [?:1.8.0_345]
	at org.apache.hadoop.security.UserGroupInformation.doAs(UserGroupInformation.java:1878) [hadoop-common-3.3.1.jar:?]
	at org.apache.hadoop.ipc.Server$Handler.run(Server.java:2966) [hadoop-common-3.3.1.jar:?]
2022-09-28 09:54:22,220 [Time-limited test] WARN  ozone.BasicOzoneFileSystem (BasicOzoneFileSystem.java:getFileStatus(765)) - GetFileStatus failed for path /gdir1
java.io.FileNotFoundException: gdir1: No such file or directory!
	at org.apache.hadoop.fs.ozone.BasicOzoneClientAdapterImpl.getFileStatus(BasicOzoneClientAdapterImpl.java:369)
	at org.apache.hadoop.fs.ozone.BasicOzoneFileSystem.getFileStatus(BasicOzoneFileSystem.java:757)
	at org.apache.hadoop.fs.ozone.TestOzoneFileSystem.checkPath(TestOzoneFileSystem.java:504)
	at org.apache.hadoop.fs.ozone.TestOzoneFileSystem.testRecursiveDelete(TestOzoneFileSystem.java:454)
	at sun.reflect.NativeMethodAccessorImpl.invoke0(Native Method)
	at sun.reflect.NativeMethodAccessorImpl.invoke(NativeMethodAccessorImpl.java:62)
	at sun.reflect.DelegatingMethodAccessorImpl.invoke(DelegatingMethodAccessorImpl.java:43)
	at java.lang.reflect.Method.invoke(Method.java:498)
	at org.junit.runners.model.FrameworkMethod$1.runReflectiveCall(FrameworkMethod.java:59)
	at org.junit.internal.runners.model.ReflectiveCallable.run(ReflectiveCallable.java:12)
	at org.junit.runners.model.FrameworkMethod.invokeExplosively(FrameworkMethod.java:56)
	at org.junit.internal.runners.statements.InvokeMethod.evaluate(InvokeMethod.java:17)
	at org.junit.internal.runners.statements.RunAfters.evaluate(RunAfters.java:27)
	at org.junit.internal.runners.statements.FailOnTimeout$CallableStatement.call(FailOnTimeout.java:288)
	at org.junit.internal.runners.statements.FailOnTimeout$CallableStatement.call(FailOnTimeout.java:282)
	at java.util.concurrent.FutureTask.run(FutureTask.java:266)
	at java.lang.Thread.run(Thread.java:750)
09:54:22.221 [IPC Server handler 11 on default port 33915] ERROR OMAudit - user=runner | ip=127.0.0.1 | op=GET_FILE_STATUS {volume=volume02959, bucket=bucket36363, key=gdir1/dir1, dataSize=0, replicationConfig=null} | ret=FAILURE
org.apache.hadoop.ozone.om.exceptions.OMException: Unable to get file status: volume: volume02959 bucket: bucket36363 key: gdir1/dir1
	at org.apache.hadoop.ozone.om.KeyManagerImpl.getOzoneFileStatus(KeyManagerImpl.java:1324) ~[ozone-manager-1.3.0-SNAPSHOT.jar:?]
	at org.apache.hadoop.ozone.om.KeyManagerImpl.getFileStatus(KeyManagerImpl.java:1254) ~[ozone-manager-1.3.0-SNAPSHOT.jar:?]
	at org.apache.hadoop.ozone.om.OzoneManager.getFileStatus(OzoneManager.java:3506) ~[ozone-manager-1.3.0-SNAPSHOT.jar:?]
	at org.apache.hadoop.ozone.protocolPB.OzoneManagerRequestHandler.getOzoneFileStatus(OzoneManagerRequestHandler.java:882) ~[ozone-manager-1.3.0-SNAPSHOT.jar:?]
	at org.apache.hadoop.ozone.protocolPB.OzoneManagerRequestHandler.handleReadRequest(OzoneManagerRequestHandler.java:228) ~[ozone-manager-1.3.0-SNAPSHOT.jar:?]
	at org.apache.hadoop.ozone.protocolPB.OzoneManagerProtocolServerSideTranslatorPB.submitReadRequestToOM(OzoneManagerProtocolServerSideTranslatorPB.java:226) ~[ozone-manager-1.3.0-SNAPSHOT.jar:?]
	at org.apache.hadoop.ozone.protocolPB.OzoneManagerProtocolServerSideTranslatorPB.processRequest(OzoneManagerProtocolServerSideTranslatorPB.java:175) ~[ozone-manager-1.3.0-SNAPSHOT.jar:?]
	at org.apache.hadoop.hdds.server.OzoneProtocolMessageDispatcher.processRequest(OzoneProtocolMessageDispatcher.java:87) [hdds-server-framework-1.3.0-SNAPSHOT.jar:?]
	at org.apache.hadoop.ozone.protocolPB.OzoneManagerProtocolServerSideTranslatorPB.submitRequest(OzoneManagerProtocolServerSideTranslatorPB.java:147) [ozone-manager-1.3.0-SNAPSHOT.jar:?]
	at org.apache.hadoop.ozone.protocol.proto.OzoneManagerProtocolProtos$OzoneManagerService$2.callBlockingMethod(OzoneManagerProtocolProtos.java) [ozone-interface-client-1.3.0-SNAPSHOT.jar:?]
	at org.apache.hadoop.ipc.ProtobufRpcEngine$Server.processCall(ProtobufRpcEngine.java:466) [hadoop-common-3.3.1.jar:?]
	at org.apache.hadoop.ipc.ProtobufRpcEngine2$Server$ProtoBufRpcInvoker.call(ProtobufRpcEngine2.java:574) [hadoop-common-3.3.1.jar:?]
	at org.apache.hadoop.ipc.ProtobufRpcEngine2$Server$ProtoBufRpcInvoker.call(ProtobufRpcEngine2.java:552) [hadoop-common-3.3.1.jar:?]
	at org.apache.hadoop.ipc.RPC$Server.call(RPC.java:1093) [hadoop-common-3.3.1.jar:?]
	at org.apache.hadoop.ipc.Server$RpcCall.run(Server.java:1035) [hadoop-common-3.3.1.jar:?]
	at org.apache.hadoop.ipc.Server$RpcCall.run(Server.java:963) [hadoop-common-3.3.1.jar:?]
	at java.security.AccessController.doPrivileged(Native Method) ~[?:1.8.0_345]
	at javax.security.auth.Subject.doAs(Subject.java:422) [?:1.8.0_345]
	at org.apache.hadoop.security.UserGroupInformation.doAs(UserGroupInformation.java:1878) [hadoop-common-3.3.1.jar:?]
	at org.apache.hadoop.ipc.Server$Handler.run(Server.java:2966) [hadoop-common-3.3.1.jar:?]
2022-09-28 09:54:22,222 [Time-limited test] WARN  ozone.BasicOzoneFileSystem (BasicOzoneFileSystem.java:getFileStatus(765)) - GetFileStatus failed for path /gdir1/dir1
java.io.FileNotFoundException: gdir1/dir1: No such file or directory!
	at org.apache.hadoop.fs.ozone.BasicOzoneClientAdapterImpl.getFileStatus(BasicOzoneClientAdapterImpl.java:369)
	at org.apache.hadoop.fs.ozone.BasicOzoneFileSystem.getFileStatus(BasicOzoneFileSystem.java:757)
	at org.apache.hadoop.fs.ozone.TestOzoneFileSystem.checkPath(TestOzoneFileSystem.java:504)
	at org.apache.hadoop.fs.ozone.TestOzoneFileSystem.testRecursiveDelete(TestOzoneFileSystem.java:459)
	at sun.reflect.NativeMethodAccessorImpl.invoke0(Native Method)
	at sun.reflect.NativeMethodAccessorImpl.invoke(NativeMethodAccessorImpl.java:62)
	at sun.reflect.DelegatingMethodAccessorImpl.invoke(DelegatingMethodAccessorImpl.java:43)
	at java.lang.reflect.Method.invoke(Method.java:498)
	at org.junit.runners.model.FrameworkMethod$1.runReflectiveCall(FrameworkMethod.java:59)
	at org.junit.internal.runners.model.ReflectiveCallable.run(ReflectiveCallable.java:12)
	at org.junit.runners.model.FrameworkMethod.invokeExplosively(FrameworkMethod.java:56)
	at org.junit.internal.runners.statements.InvokeMethod.evaluate(InvokeMethod.java:17)
	at org.junit.internal.runners.statements.RunAfters.evaluate(RunAfters.java:27)
	at org.junit.internal.runners.statements.FailOnTimeout$CallableStatement.call(FailOnTimeout.java:288)
	at org.junit.internal.runners.statements.FailOnTimeout$CallableStatement.call(FailOnTimeout.java:282)
	at java.util.concurrent.FutureTask.run(FutureTask.java:266)
	at java.lang.Thread.run(Thread.java:750)
09:54:22.223 [IPC Server handler 5 on default port 33915] ERROR OMAudit - user=runner | ip=127.0.0.1 | op=GET_FILE_STATUS {volume=volume02959, bucket=bucket36363, key=gdir1/dir1/child, dataSize=0, replicationConfig=null} | ret=FAILURE
org.apache.hadoop.ozone.om.exceptions.OMException: Unable to get file status: volume: volume02959 bucket: bucket36363 key: gdir1/dir1/child
	at org.apache.hadoop.ozone.om.KeyManagerImpl.getOzoneFileStatus(KeyManagerImpl.java:1324) ~[ozone-manager-1.3.0-SNAPSHOT.jar:?]
	at org.apache.hadoop.ozone.om.KeyManagerImpl.getFileStatus(KeyManagerImpl.java:1254) ~[ozone-manager-1.3.0-SNAPSHOT.jar:?]
	at org.apache.hadoop.ozone.om.OzoneManager.getFileStatus(OzoneManager.java:3506) ~[ozone-manager-1.3.0-SNAPSHOT.jar:?]
	at org.apache.hadoop.ozone.protocolPB.OzoneManagerRequestHandler.getOzoneFileStatus(OzoneManagerRequestHandler.java:882) ~[ozone-manager-1.3.0-SNAPSHOT.jar:?]
	at org.apache.hadoop.ozone.protocolPB.OzoneManagerRequestHandler.handleReadRequest(OzoneManagerRequestHandler.java:228) ~[ozone-manager-1.3.0-SNAPSHOT.jar:?]
	at org.apache.hadoop.ozone.protocolPB.OzoneManagerProtocolServerSideTranslatorPB.submitReadRequestToOM(OzoneManagerProtocolServerSideTranslatorPB.java:226) ~[ozone-manager-1.3.0-SNAPSHOT.jar:?]
	at org.apache.hadoop.ozone.protocolPB.OzoneManagerProtocolServerSideTranslatorPB.processRequest(OzoneManagerProtocolServerSideTranslatorPB.java:175) ~[ozone-manager-1.3.0-SNAPSHOT.jar:?]
	at org.apache.hadoop.hdds.server.OzoneProtocolMessageDispatcher.processRequest(OzoneProtocolMessageDispatcher.java:87) [hdds-server-framework-1.3.0-SNAPSHOT.jar:?]
	at org.apache.hadoop.ozone.protocolPB.OzoneManagerProtocolServerSideTranslatorPB.submitRequest(OzoneManagerProtocolServerSideTranslatorPB.java:147) [ozone-manager-1.3.0-SNAPSHOT.jar:?]
	at org.apache.hadoop.ozone.protocol.proto.OzoneManagerProtocolProtos$OzoneManagerService$2.callBlockingMethod(OzoneManagerProtocolProtos.java) [ozone-interface-client-1.3.0-SNAPSHOT.jar:?]
	at org.apache.hadoop.ipc.ProtobufRpcEngine$Server.processCall(ProtobufRpcEngine.java:466) [hadoop-common-3.3.1.jar:?]
	at org.apache.hadoop.ipc.ProtobufRpcEngine2$Server$ProtoBufRpcInvoker.call(ProtobufRpcEngine2.java:574) [hadoop-common-3.3.1.jar:?]
	at org.apache.hadoop.ipc.ProtobufRpcEngine2$Server$ProtoBufRpcInvoker.call(ProtobufRpcEngine2.java:552) [hadoop-common-3.3.1.jar:?]
	at org.apache.hadoop.ipc.RPC$Server.call(RPC.java:1093) [hadoop-common-3.3.1.jar:?]
	at org.apache.hadoop.ipc.Server$RpcCall.run(Server.java:1035) [hadoop-common-3.3.1.jar:?]
	at org.apache.hadoop.ipc.Server$RpcCall.run(Server.java:963) [hadoop-common-3.3.1.jar:?]
	at java.security.AccessController.doPrivileged(Native Method) ~[?:1.8.0_345]
	at javax.security.auth.Subject.doAs(Subject.java:422) [?:1.8.0_345]
	at org.apache.hadoop.security.UserGroupInformation.doAs(UserGroupInformation.java:1878) [hadoop-common-3.3.1.jar:?]
	at org.apache.hadoop.ipc.Server$Handler.run(Server.java:2966) [hadoop-common-3.3.1.jar:?]
2022-09-28 09:54:22,223 [Time-limited test] WARN  ozone.BasicOzoneFileSystem (BasicOzoneFileSystem.java:getFileStatus(765)) - GetFileStatus failed for path /gdir1/dir1/child
java.io.FileNotFoundException: gdir1/dir1/child: No such file or directory!
	at org.apache.hadoop.fs.ozone.BasicOzoneClientAdapterImpl.getFileStatus(BasicOzoneClientAdapterImpl.java:369)
	at org.apache.hadoop.fs.ozone.BasicOzoneFileSystem.getFileStatus(BasicOzoneFileSystem.java:757)
	at org.apache.hadoop.fs.ozone.TestOzoneFileSystem.checkPath(TestOzoneFileSystem.java:504)
	at org.apache.hadoop.fs.ozone.TestOzoneFileSystem.testRecursiveDelete(TestOzoneFileSystem.java:460)
	at sun.reflect.NativeMethodAccessorImpl.invoke0(Native Method)
	at sun.reflect.NativeMethodAccessorImpl.invoke(NativeMethodAccessorImpl.java:62)
	at sun.reflect.DelegatingMethodAccessorImpl.invoke(DelegatingMethodAccessorImpl.java:43)
	at java.lang.reflect.Method.invoke(Method.java:498)
	at org.junit.runners.model.FrameworkMethod$1.runReflectiveCall(FrameworkMethod.java:59)
	at org.junit.internal.runners.model.ReflectiveCallable.run(ReflectiveCallable.java:12)
	at org.junit.runners.model.FrameworkMethod.invokeExplosively(FrameworkMethod.java:56)
	at org.junit.internal.runners.statements.InvokeMethod.evaluate(InvokeMethod.java:17)
	at org.junit.internal.runners.statements.RunAfters.evaluate(RunAfters.java:27)
	at org.junit.internal.runners.statements.FailOnTimeout$CallableStatement.call(FailOnTimeout.java:288)
	at org.junit.internal.runners.statements.FailOnTimeout$CallableStatement.call(FailOnTimeout.java:282)
	at java.util.concurrent.FutureTask.run(FutureTask.java:266)
	at java.lang.Thread.run(Thread.java:750)
09:54:22.224 [IPC Server handler 10 on default port 33915] ERROR OMAudit - user=runner | ip=127.0.0.1 | op=GET_FILE_STATUS {volume=volume02959, bucket=bucket36363, key=gdir1/dir2, dataSize=0, replicationConfig=null} | ret=FAILURE
org.apache.hadoop.ozone.om.exceptions.OMException: Unable to get file status: volume: volume02959 bucket: bucket36363 key: gdir1/dir2
	at org.apache.hadoop.ozone.om.KeyManagerImpl.getOzoneFileStatus(KeyManagerImpl.java:1324) ~[ozone-manager-1.3.0-SNAPSHOT.jar:?]
	at org.apache.hadoop.ozone.om.KeyManagerImpl.getFileStatus(KeyManagerImpl.java:1254) ~[ozone-manager-1.3.0-SNAPSHOT.jar:?]
	at org.apache.hadoop.ozone.om.OzoneManager.getFileStatus(OzoneManager.java:3506) ~[ozone-manager-1.3.0-SNAPSHOT.jar:?]
	at org.apache.hadoop.ozone.protocolPB.OzoneManagerRequestHandler.getOzoneFileStatus(OzoneManagerRequestHandler.java:882) ~[ozone-manager-1.3.0-SNAPSHOT.jar:?]
	at org.apache.hadoop.ozone.protocolPB.OzoneManagerRequestHandler.handleReadRequest(OzoneManagerRequestHandler.java:228) ~[ozone-manager-1.3.0-SNAPSHOT.jar:?]
	at org.apache.hadoop.ozone.protocolPB.OzoneManagerProtocolServerSideTranslatorPB.submitReadRequestToOM(OzoneManagerProtocolServerSideTranslatorPB.java:226) ~[ozone-manager-1.3.0-SNAPSHOT.jar:?]
	at org.apache.hadoop.ozone.protocolPB.OzoneManagerProtocolServerSideTranslatorPB.processRequest(OzoneManagerProtocolServerSideTranslatorPB.java:175) ~[ozone-manager-1.3.0-SNAPSHOT.jar:?]
	at org.apache.hadoop.hdds.server.OzoneProtocolMessageDispatcher.processRequest(OzoneProtocolMessageDispatcher.java:87) [hdds-server-framework-1.3.0-SNAPSHOT.jar:?]
	at org.apache.hadoop.ozone.protocolPB.OzoneManagerProtocolServerSideTranslatorPB.submitRequest(OzoneManagerProtocolServerSideTranslatorPB.java:147) [ozone-manager-1.3.0-SNAPSHOT.jar:?]
	at org.apache.hadoop.ozone.protocol.proto.OzoneManagerProtocolProtos$OzoneManagerService$2.callBlockingMethod(OzoneManagerProtocolProtos.java) [ozone-interface-client-1.3.0-SNAPSHOT.jar:?]
	at org.apache.hadoop.ipc.ProtobufRpcEngine$Server.processCall(ProtobufRpcEngine.java:466) [hadoop-common-3.3.1.jar:?]
	at org.apache.hadoop.ipc.ProtobufRpcEngine2$Server$ProtoBufRpcInvoker.call(ProtobufRpcEngine2.java:574) [hadoop-common-3.3.1.jar:?]
	at org.apache.hadoop.ipc.ProtobufRpcEngine2$Server$ProtoBufRpcInvoker.call(ProtobufRpcEngine2.java:552) [hadoop-common-3.3.1.jar:?]
	at org.apache.hadoop.ipc.RPC$Server.call(RPC.java:1093) [hadoop-common-3.3.1.jar:?]
	at org.apache.hadoop.ipc.Server$RpcCall.run(Server.java:1035) [hadoop-common-3.3.1.jar:?]
	at org.apache.hadoop.ipc.Server$RpcCall.run(Server.java:963) [hadoop-common-3.3.1.jar:?]
	at java.security.AccessController.doPrivileged(Native Method) ~[?:1.8.0_345]
	at javax.security.auth.Subject.doAs(Subject.java:422) [?:1.8.0_345]
	at org.apache.hadoop.security.UserGroupInformation.doAs(UserGroupInformation.java:1878) [hadoop-common-3.3.1.jar:?]
	at org.apache.hadoop.ipc.Server$Handler.run(Server.java:2966) [hadoop-common-3.3.1.jar:?]
2022-09-28 09:54:22,225 [Time-limited test] WARN  ozone.BasicOzoneFileSystem (BasicOzoneFileSystem.java:getFileStatus(765)) - GetFileStatus failed for path /gdir1/dir2
java.io.FileNotFoundException: gdir1/dir2: No such file or directory!
	at org.apache.hadoop.fs.ozone.BasicOzoneClientAdapterImpl.getFileStatus(BasicOzoneClientAdapterImpl.java:369)
	at org.apache.hadoop.fs.ozone.BasicOzoneFileSystem.getFileStatus(BasicOzoneFileSystem.java:757)
	at org.apache.hadoop.fs.ozone.TestOzoneFileSystem.checkPath(TestOzoneFileSystem.java:504)
	at org.apache.hadoop.fs.ozone.TestOzoneFileSystem.testRecursiveDelete(TestOzoneFileSystem.java:459)
	at sun.reflect.NativeMethodAccessorImpl.invoke0(Native Method)
	at sun.reflect.NativeMethodAccessorImpl.invoke(NativeMethodAccessorImpl.java:62)
	at sun.reflect.DelegatingMethodAccessorImpl.invoke(DelegatingMethodAccessorImpl.java:43)
	at java.lang.reflect.Method.invoke(Method.java:498)
	at org.junit.runners.model.FrameworkMethod$1.runReflectiveCall(FrameworkMethod.java:59)
	at org.junit.internal.runners.model.ReflectiveCallable.run(ReflectiveCallable.java:12)
	at org.junit.runners.model.FrameworkMethod.invokeExplosively(FrameworkMethod.java:56)
	at org.junit.internal.runners.statements.InvokeMethod.evaluate(InvokeMethod.java:17)
	at org.junit.internal.runners.statements.RunAfters.evaluate(RunAfters.java:27)
	at org.junit.internal.runners.statements.FailOnTimeout$CallableStatement.call(FailOnTimeout.java:288)
	at org.junit.internal.runners.statements.FailOnTimeout$CallableStatement.call(FailOnTimeout.java:282)
	at java.util.concurrent.FutureTask.run(FutureTask.java:266)
	at java.lang.Thread.run(Thread.java:750)
09:54:22.226 [IPC Server handler 13 on default port 33915] ERROR OMAudit - user=runner | ip=127.0.0.1 | op=GET_FILE_STATUS {volume=volume02959, bucket=bucket36363, key=gdir1/dir2/child, dataSize=0, replicationConfig=null} | ret=FAILURE
org.apache.hadoop.ozone.om.exceptions.OMException: Unable to get file status: volume: volume02959 bucket: bucket36363 key: gdir1/dir2/child
	at org.apache.hadoop.ozone.om.KeyManagerImpl.getOzoneFileStatus(KeyManagerImpl.java:1324) ~[ozone-manager-1.3.0-SNAPSHOT.jar:?]
	at org.apache.hadoop.ozone.om.KeyManagerImpl.getFileStatus(KeyManagerImpl.java:1254) ~[ozone-manager-1.3.0-SNAPSHOT.jar:?]
	at org.apache.hadoop.ozone.om.OzoneManager.getFileStatus(OzoneManager.java:3506) ~[ozone-manager-1.3.0-SNAPSHOT.jar:?]
	at org.apache.hadoop.ozone.protocolPB.OzoneManagerRequestHandler.getOzoneFileStatus(OzoneManagerRequestHandler.java:882) ~[ozone-manager-1.3.0-SNAPSHOT.jar:?]
	at org.apache.hadoop.ozone.protocolPB.OzoneManagerRequestHandler.handleReadRequest(OzoneManagerRequestHandler.java:228) ~[ozone-manager-1.3.0-SNAPSHOT.jar:?]
	at org.apache.hadoop.ozone.protocolPB.OzoneManagerProtocolServerSideTranslatorPB.submitReadRequestToOM(OzoneManagerProtocolServerSideTranslatorPB.java:226) ~[ozone-manager-1.3.0-SNAPSHOT.jar:?]
	at org.apache.hadoop.ozone.protocolPB.OzoneManagerProtocolServerSideTranslatorPB.processRequest(OzoneManagerProtocolServerSideTranslatorPB.java:175) ~[ozone-manager-1.3.0-SNAPSHOT.jar:?]
	at org.apache.hadoop.hdds.server.OzoneProtocolMessageDispatcher.processRequest(OzoneProtocolMessageDispatcher.java:87) [hdds-server-framework-1.3.0-SNAPSHOT.jar:?]
	at org.apache.hadoop.ozone.protocolPB.OzoneManagerProtocolServerSideTranslatorPB.submitRequest(OzoneManagerProtocolServerSideTranslatorPB.java:147) [ozone-manager-1.3.0-SNAPSHOT.jar:?]
	at org.apache.hadoop.ozone.protocol.proto.OzoneManagerProtocolProtos$OzoneManagerService$2.callBlockingMethod(OzoneManagerProtocolProtos.java) [ozone-interface-client-1.3.0-SNAPSHOT.jar:?]
	at org.apache.hadoop.ipc.ProtobufRpcEngine$Server.processCall(ProtobufRpcEngine.java:466) [hadoop-common-3.3.1.jar:?]
	at org.apache.hadoop.ipc.ProtobufRpcEngine2$Server$ProtoBufRpcInvoker.call(ProtobufRpcEngine2.java:574) [hadoop-common-3.3.1.jar:?]
	at org.apache.hadoop.ipc.ProtobufRpcEngine2$Server$ProtoBufRpcInvoker.call(ProtobufRpcEngine2.java:552) [hadoop-common-3.3.1.jar:?]
	at org.apache.hadoop.ipc.RPC$Server.call(RPC.java:1093) [hadoop-common-3.3.1.jar:?]
	at org.apache.hadoop.ipc.Server$RpcCall.run(Server.java:1035) [hadoop-common-3.3.1.jar:?]
	at org.apache.hadoop.ipc.Server$RpcCall.run(Server.java:963) [hadoop-common-3.3.1.jar:?]
	at java.security.AccessController.doPrivileged(Native Method) ~[?:1.8.0_345]
	at javax.security.auth.Subject.doAs(Subject.java:422) [?:1.8.0_345]
	at org.apache.hadoop.security.UserGroupInformation.doAs(UserGroupInformation.java:1878) [hadoop-common-3.3.1.jar:?]
	at org.apache.hadoop.ipc.Server$Handler.run(Server.java:2966) [hadoop-common-3.3.1.jar:?]
2022-09-28 09:54:22,226 [Time-limited test] WARN  ozone.BasicOzoneFileSystem (BasicOzoneFileSystem.java:getFileStatus(765)) - GetFileStatus failed for path /gdir1/dir2/child
java.io.FileNotFoundException: gdir1/dir2/child: No such file or directory!
	at org.apache.hadoop.fs.ozone.BasicOzoneClientAdapterImpl.getFileStatus(BasicOzoneClientAdapterImpl.java:369)
	at org.apache.hadoop.fs.ozone.BasicOzoneFileSystem.getFileStatus(BasicOzoneFileSystem.java:757)
	at org.apache.hadoop.fs.ozone.TestOzoneFileSystem.checkPath(TestOzoneFileSystem.java:504)
	at org.apache.hadoop.fs.ozone.TestOzoneFileSystem.testRecursiveDelete(TestOzoneFileSystem.java:460)
	at sun.reflect.NativeMethodAccessorImpl.invoke0(Native Method)
	at sun.reflect.NativeMethodAccessorImpl.invoke(NativeMethodAccessorImpl.java:62)
	at sun.reflect.DelegatingMethodAccessorImpl.invoke(DelegatingMethodAccessorImpl.java:43)
	at java.lang.reflect.Method.invoke(Method.java:498)
	at org.junit.runners.model.FrameworkMethod$1.runReflectiveCall(FrameworkMethod.java:59)
	at org.junit.internal.runners.model.ReflectiveCallable.run(ReflectiveCallable.java:12)
	at org.junit.runners.model.FrameworkMethod.invokeExplosively(FrameworkMethod.java:56)
	at org.junit.internal.runners.statements.InvokeMethod.evaluate(InvokeMethod.java:17)
	at org.junit.internal.runners.statements.RunAfters.evaluate(RunAfters.java:27)
	at org.junit.internal.runners.statements.FailOnTimeout$CallableStatement.call(FailOnTimeout.java:288)
	at org.junit.internal.runners.statements.FailOnTimeout$CallableStatement.call(FailOnTimeout.java:282)
	at java.util.concurrent.FutureTask.run(FutureTask.java:266)
	at java.lang.Thread.run(Thread.java:750)
09:54:22.227 [IPC Server handler 7 on default port 33915] ERROR OMAudit - user=runner | ip=127.0.0.1 | op=GET_FILE_STATUS {volume=volume02959, bucket=bucket36363, key=gdir1/dir3, dataSize=0, replicationConfig=null} | ret=FAILURE
org.apache.hadoop.ozone.om.exceptions.OMException: Unable to get file status: volume: volume02959 bucket: bucket36363 key: gdir1/dir3
	at org.apache.hadoop.ozone.om.KeyManagerImpl.getOzoneFileStatus(KeyManagerImpl.java:1324) ~[ozone-manager-1.3.0-SNAPSHOT.jar:?]
	at org.apache.hadoop.ozone.om.KeyManagerImpl.getFileStatus(KeyManagerImpl.java:1254) ~[ozone-manager-1.3.0-SNAPSHOT.jar:?]
	at org.apache.hadoop.ozone.om.OzoneManager.getFileStatus(OzoneManager.java:3506) ~[ozone-manager-1.3.0-SNAPSHOT.jar:?]
	at org.apache.hadoop.ozone.protocolPB.OzoneManagerRequestHandler.getOzoneFileStatus(OzoneManagerRequestHandler.java:882) ~[ozone-manager-1.3.0-SNAPSHOT.jar:?]
	at org.apache.hadoop.ozone.protocolPB.OzoneManagerRequestHandler.handleReadRequest(OzoneManagerRequestHandler.java:228) ~[ozone-manager-1.3.0-SNAPSHOT.jar:?]
	at org.apache.hadoop.ozone.protocolPB.OzoneManagerProtocolServerSideTranslatorPB.submitReadRequestToOM(OzoneManagerProtocolServerSideTranslatorPB.java:226) ~[ozone-manager-1.3.0-SNAPSHOT.jar:?]
	at org.apache.hadoop.ozone.protocolPB.OzoneManagerProtocolServerSideTranslatorPB.processRequest(OzoneManagerProtocolServerSideTranslatorPB.java:175) ~[ozone-manager-1.3.0-SNAPSHOT.jar:?]
	at org.apache.hadoop.hdds.server.OzoneProtocolMessageDispatcher.processRequest(OzoneProtocolMessageDispatcher.java:87) [hdds-server-framework-1.3.0-SNAPSHOT.jar:?]
	at org.apache.hadoop.ozone.protocolPB.OzoneManagerProtocolServerSideTranslatorPB.submitRequest(OzoneManagerProtocolServerSideTranslatorPB.java:147) [ozone-manager-1.3.0-SNAPSHOT.jar:?]
	at org.apache.hadoop.ozone.protocol.proto.OzoneManagerProtocolProtos$OzoneManagerService$2.callBlockingMethod(OzoneManagerProtocolProtos.java) [ozone-interface-client-1.3.0-SNAPSHOT.jar:?]
	at org.apache.hadoop.ipc.ProtobufRpcEngine$Server.processCall(ProtobufRpcEngine.java:466) [hadoop-common-3.3.1.jar:?]
	at org.apache.hadoop.ipc.ProtobufRpcEngine2$Server$ProtoBufRpcInvoker.call(ProtobufRpcEngine2.java:574) [hadoop-common-3.3.1.jar:?]
	at org.apache.hadoop.ipc.ProtobufRpcEngine2$Server$ProtoBufRpcInvoker.call(ProtobufRpcEngine2.java:552) [hadoop-common-3.3.1.jar:?]
	at org.apache.hadoop.ipc.RPC$Server.call(RPC.java:1093) [hadoop-common-3.3.1.jar:?]
	at org.apache.hadoop.ipc.Server$RpcCall.run(Server.java:1035) [hadoop-common-3.3.1.jar:?]
	at org.apache.hadoop.ipc.Server$RpcCall.run(Server.java:963) [hadoop-common-3.3.1.jar:?]
	at java.security.AccessController.doPrivileged(Native Method) ~[?:1.8.0_345]
	at javax.security.auth.Subject.doAs(Subject.java:422) [?:1.8.0_345]
	at org.apache.hadoop.security.UserGroupInformation.doAs(UserGroupInformation.java:1878) [hadoop-common-3.3.1.jar:?]
	at org.apache.hadoop.ipc.Server$Handler.run(Server.java:2966) [hadoop-common-3.3.1.jar:?]
2022-09-28 09:54:22,227 [Time-limited test] WARN  ozone.BasicOzoneFileSystem (BasicOzoneFileSystem.java:getFileStatus(765)) - GetFileStatus failed for path /gdir1/dir3
java.io.FileNotFoundException: gdir1/dir3: No such file or directory!
	at org.apache.hadoop.fs.ozone.BasicOzoneClientAdapterImpl.getFileStatus(BasicOzoneClientAdapterImpl.java:369)
	at org.apache.hadoop.fs.ozone.BasicOzoneFileSystem.getFileStatus(BasicOzoneFileSystem.java:757)
	at org.apache.hadoop.fs.ozone.TestOzoneFileSystem.checkPath(TestOzoneFileSystem.java:504)
	at org.apache.hadoop.fs.ozone.TestOzoneFileSystem.testRecursiveDelete(TestOzoneFileSystem.java:459)
	at sun.reflect.NativeMethodAccessorImpl.invoke0(Native Method)
	at sun.reflect.NativeMethodAccessorImpl.invoke(NativeMethodAccessorImpl.java:62)
	at sun.reflect.DelegatingMethodAccessorImpl.invoke(DelegatingMethodAccessorImpl.java:43)
	at java.lang.reflect.Method.invoke(Method.java:498)
	at org.junit.runners.model.FrameworkMethod$1.runReflectiveCall(FrameworkMethod.java:59)
	at org.junit.internal.runners.model.ReflectiveCallable.run(ReflectiveCallable.java:12)
	at org.junit.runners.model.FrameworkMethod.invokeExplosively(FrameworkMethod.java:56)
	at org.junit.internal.runners.statements.InvokeMethod.evaluate(InvokeMethod.java:17)
	at org.junit.internal.runners.statements.RunAfters.evaluate(RunAfters.java:27)
	at org.junit.internal.runners.statements.FailOnTimeout$CallableStatement.call(FailOnTimeout.java:288)
	at org.junit.internal.runners.statements.FailOnTimeout$CallableStatement.call(FailOnTimeout.java:282)
	at java.util.concurrent.FutureTask.run(FutureTask.java:266)
	at java.lang.Thread.run(Thread.java:750)
09:54:22.228 [IPC Server handler 6 on default port 33915] ERROR OMAudit - user=runner | ip=127.0.0.1 | op=GET_FILE_STATUS {volume=volume02959, bucket=bucket36363, key=gdir1/dir3/child, dataSize=0, replicationConfig=null} | ret=FAILURE
org.apache.hadoop.ozone.om.exceptions.OMException: Unable to get file status: volume: volume02959 bucket: bucket36363 key: gdir1/dir3/child
	at org.apache.hadoop.ozone.om.KeyManagerImpl.getOzoneFileStatus(KeyManagerImpl.java:1324) ~[ozone-manager-1.3.0-SNAPSHOT.jar:?]
	at org.apache.hadoop.ozone.om.KeyManagerImpl.getFileStatus(KeyManagerImpl.java:1254) ~[ozone-manager-1.3.0-SNAPSHOT.jar:?]
	at org.apache.hadoop.ozone.om.OzoneManager.getFileStatus(OzoneManager.java:3506) ~[ozone-manager-1.3.0-SNAPSHOT.jar:?]
	at org.apache.hadoop.ozone.protocolPB.OzoneManagerRequestHandler.getOzoneFileStatus(OzoneManagerRequestHandler.java:882) ~[ozone-manager-1.3.0-SNAPSHOT.jar:?]
	at org.apache.hadoop.ozone.protocolPB.OzoneManagerRequestHandler.handleReadRequest(OzoneManagerRequestHandler.java:228) ~[ozone-manager-1.3.0-SNAPSHOT.jar:?]
	at org.apache.hadoop.ozone.protocolPB.OzoneManagerProtocolServerSideTranslatorPB.submitReadRequestToOM(OzoneManagerProtocolServerSideTranslatorPB.java:226) ~[ozone-manager-1.3.0-SNAPSHOT.jar:?]
	at org.apache.hadoop.ozone.protocolPB.OzoneManagerProtocolServerSideTranslatorPB.processRequest(OzoneManagerProtocolServerSideTranslatorPB.java:175) ~[ozone-manager-1.3.0-SNAPSHOT.jar:?]
	at org.apache.hadoop.hdds.server.OzoneProtocolMessageDispatcher.processRequest(OzoneProtocolMessageDispatcher.java:87) [hdds-server-framework-1.3.0-SNAPSHOT.jar:?]
	at org.apache.hadoop.ozone.protocolPB.OzoneManagerProtocolServerSideTranslatorPB.submitRequest(OzoneManagerProtocolServerSideTranslatorPB.java:147) [ozone-manager-1.3.0-SNAPSHOT.jar:?]
	at org.apache.hadoop.ozone.protocol.proto.OzoneManagerProtocolProtos$OzoneManagerService$2.callBlockingMethod(OzoneManagerProtocolProtos.java) [ozone-interface-client-1.3.0-SNAPSHOT.jar:?]
	at org.apache.hadoop.ipc.ProtobufRpcEngine$Server.processCall(ProtobufRpcEngine.java:466) [hadoop-common-3.3.1.jar:?]
	at org.apache.hadoop.ipc.ProtobufRpcEngine2$Server$ProtoBufRpcInvoker.call(ProtobufRpcEngine2.java:574) [hadoop-common-3.3.1.jar:?]
	at org.apache.hadoop.ipc.ProtobufRpcEngine2$Server$ProtoBufRpcInvoker.call(ProtobufRpcEngine2.java:552) [hadoop-common-3.3.1.jar:?]
	at org.apache.hadoop.ipc.RPC$Server.call(RPC.java:1093) [hadoop-common-3.3.1.jar:?]
	at org.apache.hadoop.ipc.Server$RpcCall.run(Server.java:1035) [hadoop-common-3.3.1.jar:?]
	at org.apache.hadoop.ipc.Server$RpcCall.run(Server.java:963) [hadoop-common-3.3.1.jar:?]
	at java.security.AccessController.doPrivileged(Native Method) ~[?:1.8.0_345]
	at javax.security.auth.Subject.doAs(Subject.java:422) [?:1.8.0_345]
	at org.apache.hadoop.security.UserGroupInformation.doAs(UserGroupInformation.java:1878) [hadoop-common-3.3.1.jar:?]
	at org.apache.hadoop.ipc.Server$Handler.run(Server.java:2966) [hadoop-common-3.3.1.jar:?]
2022-09-28 09:54:22,229 [Time-limited test] WARN  ozone.BasicOzoneFileSystem (BasicOzoneFileSystem.java:getFileStatus(765)) - GetFileStatus failed for path /gdir1/dir3/child
java.io.FileNotFoundException: gdir1/dir3/child: No such file or directory!
	at org.apache.hadoop.fs.ozone.BasicOzoneClientAdapterImpl.getFileStatus(BasicOzoneClientAdapterImpl.java:369)
	at org.apache.hadoop.fs.ozone.BasicOzoneFileSystem.getFileStatus(BasicOzoneFileSystem.java:757)
	at org.apache.hadoop.fs.ozone.TestOzoneFileSystem.checkPath(TestOzoneFileSystem.java:504)
	at org.apache.hadoop.fs.ozone.TestOzoneFileSystem.testRecursiveDelete(TestOzoneFileSystem.java:460)
	at sun.reflect.NativeMethodAccessorImpl.invoke0(Native Method)
	at sun.reflect.NativeMethodAccessorImpl.invoke(NativeMethodAccessorImpl.java:62)
	at sun.reflect.DelegatingMethodAccessorImpl.invoke(DelegatingMethodAccessorImpl.java:43)
	at java.lang.reflect.Method.invoke(Method.java:498)
	at org.junit.runners.model.FrameworkMethod$1.runReflectiveCall(FrameworkMethod.java:59)
	at org.junit.internal.runners.model.ReflectiveCallable.run(ReflectiveCallable.java:12)
	at org.junit.runners.model.FrameworkMethod.invokeExplosively(FrameworkMethod.java:56)
	at org.junit.internal.runners.statements.InvokeMethod.evaluate(InvokeMethod.java:17)
	at org.junit.internal.runners.statements.RunAfters.evaluate(RunAfters.java:27)
	at org.junit.internal.runners.statements.FailOnTimeout$CallableStatement.call(FailOnTimeout.java:288)
	at org.junit.internal.runners.statements.FailOnTimeout$CallableStatement.call(FailOnTimeout.java:282)
	at java.util.concurrent.FutureTask.run(FutureTask.java:266)
	at java.lang.Thread.run(Thread.java:750)
09:54:22.230 [IPC Server handler 17 on default port 33915] ERROR OMAudit - user=runner | ip=127.0.0.1 | op=GET_FILE_STATUS {volume=volume02959, bucket=bucket36363, key=gdir1/dir4, dataSize=0, replicationConfig=null} | ret=FAILURE
org.apache.hadoop.ozone.om.exceptions.OMException: Unable to get file status: volume: volume02959 bucket: bucket36363 key: gdir1/dir4
	at org.apache.hadoop.ozone.om.KeyManagerImpl.getOzoneFileStatus(KeyManagerImpl.java:1324) ~[ozone-manager-1.3.0-SNAPSHOT.jar:?]
	at org.apache.hadoop.ozone.om.KeyManagerImpl.getFileStatus(KeyManagerImpl.java:1254) ~[ozone-manager-1.3.0-SNAPSHOT.jar:?]
	at org.apache.hadoop.ozone.om.OzoneManager.getFileStatus(OzoneManager.java:3506) ~[ozone-manager-1.3.0-SNAPSHOT.jar:?]
	at org.apache.hadoop.ozone.protocolPB.OzoneManagerRequestHandler.getOzoneFileStatus(OzoneManagerRequestHandler.java:882) ~[ozone-manager-1.3.0-SNAPSHOT.jar:?]
	at org.apache.hadoop.ozone.protocolPB.OzoneManagerRequestHandler.handleReadRequest(OzoneManagerRequestHandler.java:228) ~[ozone-manager-1.3.0-SNAPSHOT.jar:?]
	at org.apache.hadoop.ozone.protocolPB.OzoneManagerProtocolServerSideTranslatorPB.submitReadRequestToOM(OzoneManagerProtocolServerSideTranslatorPB.java:226) ~[ozone-manager-1.3.0-SNAPSHOT.jar:?]
	at org.apache.hadoop.ozone.protocolPB.OzoneManagerProtocolServerSideTranslatorPB.processRequest(OzoneManagerProtocolServerSideTranslatorPB.java:175) ~[ozone-manager-1.3.0-SNAPSHOT.jar:?]
	at org.apache.hadoop.hdds.server.OzoneProtocolMessageDispatcher.processRequest(OzoneProtocolMessageDispatcher.java:87) [hdds-server-framework-1.3.0-SNAPSHOT.jar:?]
	at org.apache.hadoop.ozone.protocolPB.OzoneManagerProtocolServerSideTranslatorPB.submitRequest(OzoneManagerProtocolServerSideTranslatorPB.java:147) [ozone-manager-1.3.0-SNAPSHOT.jar:?]
	at org.apache.hadoop.ozone.protocol.proto.OzoneManagerProtocolProtos$OzoneManagerService$2.callBlockingMethod(OzoneManagerProtocolProtos.java) [ozone-interface-client-1.3.0-SNAPSHOT.jar:?]
	at org.apache.hadoop.ipc.ProtobufRpcEngine$Server.processCall(ProtobufRpcEngine.java:466) [hadoop-common-3.3.1.jar:?]
	at org.apache.hadoop.ipc.ProtobufRpcEngine2$Server$ProtoBufRpcInvoker.call(ProtobufRpcEngine2.java:574) [hadoop-common-3.3.1.jar:?]
	at org.apache.hadoop.ipc.ProtobufRpcEngine2$Server$ProtoBufRpcInvoker.call(ProtobufRpcEngine2.java:552) [hadoop-common-3.3.1.jar:?]
	at org.apache.hadoop.ipc.RPC$Server.call(RPC.java:1093) [hadoop-common-3.3.1.jar:?]
	at org.apache.hadoop.ipc.Server$RpcCall.run(Server.java:1035) [hadoop-common-3.3.1.jar:?]
	at org.apache.hadoop.ipc.Server$RpcCall.run(Server.java:963) [hadoop-common-3.3.1.jar:?]
	at java.security.AccessController.doPrivileged(Native Method) ~[?:1.8.0_345]
	at javax.security.auth.Subject.doAs(Subject.java:422) [?:1.8.0_345]
	at org.apache.hadoop.security.UserGroupInformation.doAs(UserGroupInformation.java:1878) [hadoop-common-3.3.1.jar:?]
	at org.apache.hadoop.ipc.Server$Handler.run(Server.java:2966) [hadoop-common-3.3.1.jar:?]
2022-09-28 09:54:22,230 [Time-limited test] WARN  ozone.BasicOzoneFileSystem (BasicOzoneFileSystem.java:getFileStatus(765)) - GetFileStatus failed for path /gdir1/dir4
java.io.FileNotFoundException: gdir1/dir4: No such file or directory!
	at org.apache.hadoop.fs.ozone.BasicOzoneClientAdapterImpl.getFileStatus(BasicOzoneClientAdapterImpl.java:369)
	at org.apache.hadoop.fs.ozone.BasicOzoneFileSystem.getFileStatus(BasicOzoneFileSystem.java:757)
	at org.apache.hadoop.fs.ozone.TestOzoneFileSystem.checkPath(TestOzoneFileSystem.java:504)
	at org.apache.hadoop.fs.ozone.TestOzoneFileSystem.testRecursiveDelete(TestOzoneFileSystem.java:459)
	at sun.reflect.NativeMethodAccessorImpl.invoke0(Native Method)
	at sun.reflect.NativeMethodAccessorImpl.invoke(NativeMethodAccessorImpl.java:62)
	at sun.reflect.DelegatingMethodAccessorImpl.invoke(DelegatingMethodAccessorImpl.java:43)
	at java.lang.reflect.Method.invoke(Method.java:498)
	at org.junit.runners.model.FrameworkMethod$1.runReflectiveCall(FrameworkMethod.java:59)
	at org.junit.internal.runners.model.ReflectiveCallable.run(ReflectiveCallable.java:12)
	at org.junit.runners.model.FrameworkMethod.invokeExplosively(FrameworkMethod.java:56)
	at org.junit.internal.runners.statements.InvokeMethod.evaluate(InvokeMethod.java:17)
	at org.junit.internal.runners.statements.RunAfters.evaluate(RunAfters.java:27)
	at org.junit.internal.runners.statements.FailOnTimeout$CallableStatement.call(FailOnTimeout.java:288)
	at org.junit.internal.runners.statements.FailOnTimeout$CallableStatement.call(FailOnTimeout.java:282)
	at java.util.concurrent.FutureTask.run(FutureTask.java:266)
	at java.lang.Thread.run(Thread.java:750)
09:54:22.231 [IPC Server handler 18 on default port 33915] ERROR OMAudit - user=runner | ip=127.0.0.1 | op=GET_FILE_STATUS {volume=volume02959, bucket=bucket36363, key=gdir1/dir4/child, dataSize=0, replicationConfig=null} | ret=FAILURE
org.apache.hadoop.ozone.om.exceptions.OMException: Unable to get file status: volume: volume02959 bucket: bucket36363 key: gdir1/dir4/child
	at org.apache.hadoop.ozone.om.KeyManagerImpl.getOzoneFileStatus(KeyManagerImpl.java:1324) ~[ozone-manager-1.3.0-SNAPSHOT.jar:?]
	at org.apache.hadoop.ozone.om.KeyManagerImpl.getFileStatus(KeyManagerImpl.java:1254) ~[ozone-manager-1.3.0-SNAPSHOT.jar:?]
	at org.apache.hadoop.ozone.om.OzoneManager.getFileStatus(OzoneManager.java:3506) ~[ozone-manager-1.3.0-SNAPSHOT.jar:?]
	at org.apache.hadoop.ozone.protocolPB.OzoneManagerRequestHandler.getOzoneFileStatus(OzoneManagerRequestHandler.java:882) ~[ozone-manager-1.3.0-SNAPSHOT.jar:?]
	at org.apache.hadoop.ozone.protocolPB.OzoneManagerRequestHandler.handleReadRequest(OzoneManagerRequestHandler.java:228) ~[ozone-manager-1.3.0-SNAPSHOT.jar:?]
	at org.apache.hadoop.ozone.protocolPB.OzoneManagerProtocolServerSideTranslatorPB.submitReadRequestToOM(OzoneManagerProtocolServerSideTranslatorPB.java:226) ~[ozone-manager-1.3.0-SNAPSHOT.jar:?]
	at org.apache.hadoop.ozone.protocolPB.OzoneManagerProtocolServerSideTranslatorPB.processRequest(OzoneManagerProtocolServerSideTranslatorPB.java:175) ~[ozone-manager-1.3.0-SNAPSHOT.jar:?]
	at org.apache.hadoop.hdds.server.OzoneProtocolMessageDispatcher.processRequest(OzoneProtocolMessageDispatcher.java:87) [hdds-server-framework-1.3.0-SNAPSHOT.jar:?]
	at org.apache.hadoop.ozone.protocolPB.OzoneManagerProtocolServerSideTranslatorPB.submitRequest(OzoneManagerProtocolServerSideTranslatorPB.java:147) [ozone-manager-1.3.0-SNAPSHOT.jar:?]
	at org.apache.hadoop.ozone.protocol.proto.OzoneManagerProtocolProtos$OzoneManagerService$2.callBlockingMethod(OzoneManagerProtocolProtos.java) [ozone-interface-client-1.3.0-SNAPSHOT.jar:?]
	at org.apache.hadoop.ipc.ProtobufRpcEngine$Server.processCall(ProtobufRpcEngine.java:466) [hadoop-common-3.3.1.jar:?]
	at org.apache.hadoop.ipc.ProtobufRpcEngine2$Server$ProtoBufRpcInvoker.call(ProtobufRpcEngine2.java:574) [hadoop-common-3.3.1.jar:?]
	at org.apache.hadoop.ipc.ProtobufRpcEngine2$Server$ProtoBufRpcInvoker.call(ProtobufRpcEngine2.java:552) [hadoop-common-3.3.1.jar:?]
	at org.apache.hadoop.ipc.RPC$Server.call(RPC.java:1093) [hadoop-common-3.3.1.jar:?]
	at org.apache.hadoop.ipc.Server$RpcCall.run(Server.java:1035) [hadoop-common-3.3.1.jar:?]
	at org.apache.hadoop.ipc.Server$RpcCall.run(Server.java:963) [hadoop-common-3.3.1.jar:?]
	at java.security.AccessController.doPrivileged(Native Method) ~[?:1.8.0_345]
	at javax.security.auth.Subject.doAs(Subject.java:422) [?:1.8.0_345]
	at org.apache.hadoop.security.UserGroupInformation.doAs(UserGroupInformation.java:1878) [hadoop-common-3.3.1.jar:?]
	at org.apache.hadoop.ipc.Server$Handler.run(Server.java:2966) [hadoop-common-3.3.1.jar:?]
2022-09-28 09:54:22,231 [Time-limited test] WARN  ozone.BasicOzoneFileSystem (BasicOzoneFileSystem.java:getFileStatus(765)) - GetFileStatus failed for path /gdir1/dir4/child
java.io.FileNotFoundException: gdir1/dir4/child: No such file or directory!
	at org.apache.hadoop.fs.ozone.BasicOzoneClientAdapterImpl.getFileStatus(BasicOzoneClientAdapterImpl.java:369)
	at org.apache.hadoop.fs.ozone.BasicOzoneFileSystem.getFileStatus(BasicOzoneFileSystem.java:757)
	at org.apache.hadoop.fs.ozone.TestOzoneFileSystem.checkPath(TestOzoneFileSystem.java:504)
	at org.apache.hadoop.fs.ozone.TestOzoneFileSystem.testRecursiveDelete(TestOzoneFileSystem.java:460)
	at sun.reflect.NativeMethodAccessorImpl.invoke0(Native Method)
	at sun.reflect.NativeMethodAccessorImpl.invoke(NativeMethodAccessorImpl.java:62)
	at sun.reflect.DelegatingMethodAccessorImpl.invoke(DelegatingMethodAccessorImpl.java:43)
	at java.lang.reflect.Method.invoke(Method.java:498)
	at org.junit.runners.model.FrameworkMethod$1.runReflectiveCall(FrameworkMethod.java:59)
	at org.junit.internal.runners.model.ReflectiveCallable.run(ReflectiveCallable.java:12)
	at org.junit.runners.model.FrameworkMethod.invokeExplosively(FrameworkMethod.java:56)
	at org.junit.internal.runners.statements.InvokeMethod.evaluate(InvokeMethod.java:17)
	at org.junit.internal.runners.statements.RunAfters.evaluate(RunAfters.java:27)
	at org.junit.internal.runners.statements.FailOnTimeout$CallableStatement.call(FailOnTimeout.java:288)
	at org.junit.internal.runners.statements.FailOnTimeout$CallableStatement.call(FailOnTimeout.java:282)
	at java.util.concurrent.FutureTask.run(FutureTask.java:266)
	at java.lang.Thread.run(Thread.java:750)
09:54:22.232 [IPC Server handler 16 on default port 33915] ERROR OMAudit - user=runner | ip=127.0.0.1 | op=GET_FILE_STATUS {volume=volume02959, bucket=bucket36363, key=gdir1/dir5, dataSize=0, replicationConfig=null} | ret=FAILURE
org.apache.hadoop.ozone.om.exceptions.OMException: Unable to get file status: volume: volume02959 bucket: bucket36363 key: gdir1/dir5
	at org.apache.hadoop.ozone.om.KeyManagerImpl.getOzoneFileStatus(KeyManagerImpl.java:1324) ~[ozone-manager-1.3.0-SNAPSHOT.jar:?]
	at org.apache.hadoop.ozone.om.KeyManagerImpl.getFileStatus(KeyManagerImpl.java:1254) ~[ozone-manager-1.3.0-SNAPSHOT.jar:?]
	at org.apache.hadoop.ozone.om.OzoneManager.getFileStatus(OzoneManager.java:3506) ~[ozone-manager-1.3.0-SNAPSHOT.jar:?]
	at org.apache.hadoop.ozone.protocolPB.OzoneManagerRequestHandler.getOzoneFileStatus(OzoneManagerRequestHandler.java:882) ~[ozone-manager-1.3.0-SNAPSHOT.jar:?]
	at org.apache.hadoop.ozone.protocolPB.OzoneManagerRequestHandler.handleReadRequest(OzoneManagerRequestHandler.java:228) ~[ozone-manager-1.3.0-SNAPSHOT.jar:?]
	at org.apache.hadoop.ozone.protocolPB.OzoneManagerProtocolServerSideTranslatorPB.submitReadRequestToOM(OzoneManagerProtocolServerSideTranslatorPB.java:226) ~[ozone-manager-1.3.0-SNAPSHOT.jar:?]
	at org.apache.hadoop.ozone.protocolPB.OzoneManagerProtocolServerSideTranslatorPB.processRequest(OzoneManagerProtocolServerSideTranslatorPB.java:175) ~[ozone-manager-1.3.0-SNAPSHOT.jar:?]
	at org.apache.hadoop.hdds.server.OzoneProtocolMessageDispatcher.processRequest(OzoneProtocolMessageDispatcher.java:87) [hdds-server-framework-1.3.0-SNAPSHOT.jar:?]
	at org.apache.hadoop.ozone.protocolPB.OzoneManagerProtocolServerSideTranslatorPB.submitRequest(OzoneManagerProtocolServerSideTranslatorPB.java:147) [ozone-manager-1.3.0-SNAPSHOT.jar:?]
	at org.apache.hadoop.ozone.protocol.proto.OzoneManagerProtocolProtos$OzoneManagerService$2.callBlockingMethod(OzoneManagerProtocolProtos.java) [ozone-interface-client-1.3.0-SNAPSHOT.jar:?]
	at org.apache.hadoop.ipc.ProtobufRpcEngine$Server.processCall(ProtobufRpcEngine.java:466) [hadoop-common-3.3.1.jar:?]
	at org.apache.hadoop.ipc.ProtobufRpcEngine2$Server$ProtoBufRpcInvoker.call(ProtobufRpcEngine2.java:574) [hadoop-common-3.3.1.jar:?]
	at org.apache.hadoop.ipc.ProtobufRpcEngine2$Server$ProtoBufRpcInvoker.call(ProtobufRpcEngine2.java:552) [hadoop-common-3.3.1.jar:?]
	at org.apache.hadoop.ipc.RPC$Server.call(RPC.java:1093) [hadoop-common-3.3.1.jar:?]
	at org.apache.hadoop.ipc.Server$RpcCall.run(Server.java:1035) [hadoop-common-3.3.1.jar:?]
	at org.apache.hadoop.ipc.Server$RpcCall.run(Server.java:963) [hadoop-common-3.3.1.jar:?]
	at java.security.AccessController.doPrivileged(Native Method) ~[?:1.8.0_345]
	at javax.security.auth.Subject.doAs(Subject.java:422) [?:1.8.0_345]
	at org.apache.hadoop.security.UserGroupInformation.doAs(UserGroupInformation.java:1878) [hadoop-common-3.3.1.jar:?]
	at org.apache.hadoop.ipc.Server$Handler.run(Server.java:2966) [hadoop-common-3.3.1.jar:?]
2022-09-28 09:54:22,233 [Time-limited test] WARN  ozone.BasicOzoneFileSystem (BasicOzoneFileSystem.java:getFileStatus(765)) - GetFileStatus failed for path /gdir1/dir5
java.io.FileNotFoundException: gdir1/dir5: No such file or directory!
	at org.apache.hadoop.fs.ozone.BasicOzoneClientAdapterImpl.getFileStatus(BasicOzoneClientAdapterImpl.java:369)
	at org.apache.hadoop.fs.ozone.BasicOzoneFileSystem.getFileStatus(BasicOzoneFileSystem.java:757)
	at org.apache.hadoop.fs.ozone.TestOzoneFileSystem.checkPath(TestOzoneFileSystem.java:504)
	at org.apache.hadoop.fs.ozone.TestOzoneFileSystem.testRecursiveDelete(TestOzoneFileSystem.java:459)
	at sun.reflect.NativeMethodAccessorImpl.invoke0(Native Method)
	at sun.reflect.NativeMethodAccessorImpl.invoke(NativeMethodAccessorImpl.java:62)
	at sun.reflect.DelegatingMethodAccessorImpl.invoke(DelegatingMethodAccessorImpl.java:43)
	at java.lang.reflect.Method.invoke(Method.java:498)
	at org.junit.runners.model.FrameworkMethod$1.runReflectiveCall(FrameworkMethod.java:59)
	at org.junit.internal.runners.model.ReflectiveCallable.run(ReflectiveCallable.java:12)
	at org.junit.runners.model.FrameworkMethod.invokeExplosively(FrameworkMethod.java:56)
	at org.junit.internal.runners.statements.InvokeMethod.evaluate(InvokeMethod.java:17)
	at org.junit.internal.runners.statements.RunAfters.evaluate(RunAfters.java:27)
	at org.junit.internal.runners.statements.FailOnTimeout$CallableStatement.call(FailOnTimeout.java:288)
	at org.junit.internal.runners.statements.FailOnTimeout$CallableStatement.call(FailOnTimeout.java:282)
	at java.util.concurrent.FutureTask.run(FutureTask.java:266)
	at java.lang.Thread.run(Thread.java:750)
09:54:22.234 [IPC Server handler 15 on default port 33915] ERROR OMAudit - user=runner | ip=127.0.0.1 | op=GET_FILE_STATUS {volume=volume02959, bucket=bucket36363, key=gdir1/dir5/child, dataSize=0, replicationConfig=null} | ret=FAILURE
org.apache.hadoop.ozone.om.exceptions.OMException: Unable to get file status: volume: volume02959 bucket: bucket36363 key: gdir1/dir5/child
	at org.apache.hadoop.ozone.om.KeyManagerImpl.getOzoneFileStatus(KeyManagerImpl.java:1324) ~[ozone-manager-1.3.0-SNAPSHOT.jar:?]
	at org.apache.hadoop.ozone.om.KeyManagerImpl.getFileStatus(KeyManagerImpl.java:1254) ~[ozone-manager-1.3.0-SNAPSHOT.jar:?]
	at org.apache.hadoop.ozone.om.OzoneManager.getFileStatus(OzoneManager.java:3506) ~[ozone-manager-1.3.0-SNAPSHOT.jar:?]
	at org.apache.hadoop.ozone.protocolPB.OzoneManagerRequestHandler.getOzoneFileStatus(OzoneManagerRequestHandler.java:882) ~[ozone-manager-1.3.0-SNAPSHOT.jar:?]
	at org.apache.hadoop.ozone.protocolPB.OzoneManagerRequestHandler.handleReadRequest(OzoneManagerRequestHandler.java:228) ~[ozone-manager-1.3.0-SNAPSHOT.jar:?]
	at org.apache.hadoop.ozone.protocolPB.OzoneManagerProtocolServerSideTranslatorPB.submitReadRequestToOM(OzoneManagerProtocolServerSideTranslatorPB.java:226) ~[ozone-manager-1.3.0-SNAPSHOT.jar:?]
	at org.apache.hadoop.ozone.protocolPB.OzoneManagerProtocolServerSideTranslatorPB.processRequest(OzoneManagerProtocolServerSideTranslatorPB.java:175) ~[ozone-manager-1.3.0-SNAPSHOT.jar:?]
	at org.apache.hadoop.hdds.server.OzoneProtocolMessageDispatcher.processRequest(OzoneProtocolMessageDispatcher.java:87) [hdds-server-framework-1.3.0-SNAPSHOT.jar:?]
	at org.apache.hadoop.ozone.protocolPB.OzoneManagerProtocolServerSideTranslatorPB.submitRequest(OzoneManagerProtocolServerSideTranslatorPB.java:147) [ozone-manager-1.3.0-SNAPSHOT.jar:?]
	at org.apache.hadoop.ozone.protocol.proto.OzoneManagerProtocolProtos$OzoneManagerService$2.callBlockingMethod(OzoneManagerProtocolProtos.java) [ozone-interface-client-1.3.0-SNAPSHOT.jar:?]
	at org.apache.hadoop.ipc.ProtobufRpcEngine$Server.processCall(ProtobufRpcEngine.java:466) [hadoop-common-3.3.1.jar:?]
	at org.apache.hadoop.ipc.ProtobufRpcEngine2$Server$ProtoBufRpcInvoker.call(ProtobufRpcEngine2.java:574) [hadoop-common-3.3.1.jar:?]
	at org.apache.hadoop.ipc.ProtobufRpcEngine2$Server$ProtoBufRpcInvoker.call(ProtobufRpcEngine2.java:552) [hadoop-common-3.3.1.jar:?]
	at org.apache.hadoop.ipc.RPC$Server.call(RPC.java:1093) [hadoop-common-3.3.1.jar:?]
	at org.apache.hadoop.ipc.Server$RpcCall.run(Server.java:1035) [hadoop-common-3.3.1.jar:?]
	at org.apache.hadoop.ipc.Server$RpcCall.run(Server.java:963) [hadoop-common-3.3.1.jar:?]
	at java.security.AccessController.doPrivileged(Native Method) ~[?:1.8.0_345]
	at javax.security.auth.Subject.doAs(Subject.java:422) [?:1.8.0_345]
	at org.apache.hadoop.security.UserGroupInformation.doAs(UserGroupInformation.java:1878) [hadoop-common-3.3.1.jar:?]
	at org.apache.hadoop.ipc.Server$Handler.run(Server.java:2966) [hadoop-common-3.3.1.jar:?]
2022-09-28 09:54:22,235 [Time-limited test] WARN  ozone.BasicOzoneFileSystem (BasicOzoneFileSystem.java:getFileStatus(765)) - GetFileStatus failed for path /gdir1/dir5/child
java.io.FileNotFoundException: gdir1/dir5/child: No such file or directory!
	at org.apache.hadoop.fs.ozone.BasicOzoneClientAdapterImpl.getFileStatus(BasicOzoneClientAdapterImpl.java:369)
	at org.apache.hadoop.fs.ozone.BasicOzoneFileSystem.getFileStatus(BasicOzoneFileSystem.java:757)
	at org.apache.hadoop.fs.ozone.TestOzoneFileSystem.checkPath(TestOzoneFileSystem.java:504)
	at org.apache.hadoop.fs.ozone.TestOzoneFileSystem.testRecursiveDelete(TestOzoneFileSystem.java:460)
	at sun.reflect.NativeMethodAccessorImpl.invoke0(Native Method)
	at sun.reflect.NativeMethodAccessorImpl.invoke(NativeMethodAccessorImpl.java:62)
	at sun.reflect.DelegatingMethodAccessorImpl.invoke(DelegatingMethodAccessorImpl.java:43)
	at java.lang.reflect.Method.invoke(Method.java:498)
	at org.junit.runners.model.FrameworkMethod$1.runReflectiveCall(FrameworkMethod.java:59)
	at org.junit.internal.runners.model.ReflectiveCallable.run(ReflectiveCallable.java:12)
	at org.junit.runners.model.FrameworkMethod.invokeExplosively(FrameworkMethod.java:56)
	at org.junit.internal.runners.statements.InvokeMethod.evaluate(InvokeMethod.java:17)
	at org.junit.internal.runners.statements.RunAfters.evaluate(RunAfters.java:27)
	at org.junit.internal.runners.statements.FailOnTimeout$CallableStatement.call(FailOnTimeout.java:288)
	at org.junit.internal.runners.statements.FailOnTimeout$CallableStatement.call(FailOnTimeout.java:282)
	at java.util.concurrent.FutureTask.run(FutureTask.java:266)
	at java.lang.Thread.run(Thread.java:750)
09:54:22.238 [IPC Server handler 14 on default port 33915] ERROR OMAudit - user=runner | ip=127.0.0.1 | op=GET_FILE_STATUS {volume=volume02959, bucket=bucket36363, key=gdir1/dir6, dataSize=0, replicationConfig=null} | ret=FAILURE
org.apache.hadoop.ozone.om.exceptions.OMException: Unable to get file status: volume: volume02959 bucket: bucket36363 key: gdir1/dir6
	at org.apache.hadoop.ozone.om.KeyManagerImpl.getOzoneFileStatus(KeyManagerImpl.java:1324) ~[ozone-manager-1.3.0-SNAPSHOT.jar:?]
	at org.apache.hadoop.ozone.om.KeyManagerImpl.getFileStatus(KeyManagerImpl.java:1254) ~[ozone-manager-1.3.0-SNAPSHOT.jar:?]
	at org.apache.hadoop.ozone.om.OzoneManager.getFileStatus(OzoneManager.java:3506) ~[ozone-manager-1.3.0-SNAPSHOT.jar:?]
	at org.apache.hadoop.ozone.protocolPB.OzoneManagerRequestHandler.getOzoneFileStatus(OzoneManagerRequestHandler.java:882) ~[ozone-manager-1.3.0-SNAPSHOT.jar:?]
	at org.apache.hadoop.ozone.protocolPB.OzoneManagerRequestHandler.handleReadRequest(OzoneManagerRequestHandler.java:228) ~[ozone-manager-1.3.0-SNAPSHOT.jar:?]
	at org.apache.hadoop.ozone.protocolPB.OzoneManagerProtocolServerSideTranslatorPB.submitReadRequestToOM(OzoneManagerProtocolServerSideTranslatorPB.java:226) ~[ozone-manager-1.3.0-SNAPSHOT.jar:?]
	at org.apache.hadoop.ozone.protocolPB.OzoneManagerProtocolServerSideTranslatorPB.processRequest(OzoneManagerProtocolServerSideTranslatorPB.java:175) ~[ozone-manager-1.3.0-SNAPSHOT.jar:?]
	at org.apache.hadoop.hdds.server.OzoneProtocolMessageDispatcher.processRequest(OzoneProtocolMessageDispatcher.java:87) [hdds-server-framework-1.3.0-SNAPSHOT.jar:?]
	at org.apache.hadoop.ozone.protocolPB.OzoneManagerProtocolServerSideTranslatorPB.submitRequest(OzoneManagerProtocolServerSideTranslatorPB.java:147) [ozone-manager-1.3.0-SNAPSHOT.jar:?]
	at org.apache.hadoop.ozone.protocol.proto.OzoneManagerProtocolProtos$OzoneManagerService$2.callBlockingMethod(OzoneManagerProtocolProtos.java) [ozone-interface-client-1.3.0-SNAPSHOT.jar:?]
	at org.apache.hadoop.ipc.ProtobufRpcEngine$Server.processCall(ProtobufRpcEngine.java:466) [hadoop-common-3.3.1.jar:?]
	at org.apache.hadoop.ipc.ProtobufRpcEngine2$Server$ProtoBufRpcInvoker.call(ProtobufRpcEngine2.java:574) [hadoop-common-3.3.1.jar:?]
	at org.apache.hadoop.ipc.ProtobufRpcEngine2$Server$ProtoBufRpcInvoker.call(ProtobufRpcEngine2.java:552) [hadoop-common-3.3.1.jar:?]
	at org.apache.hadoop.ipc.RPC$Server.call(RPC.java:1093) [hadoop-common-3.3.1.jar:?]
	at org.apache.hadoop.ipc.Server$RpcCall.run(Server.java:1035) [hadoop-common-3.3.1.jar:?]
	at org.apache.hadoop.ipc.Server$RpcCall.run(Server.java:963) [hadoop-common-3.3.1.jar:?]
	at java.security.AccessController.doPrivileged(Native Method) ~[?:1.8.0_345]
	at javax.security.auth.Subject.doAs(Subject.java:422) [?:1.8.0_345]
	at org.apache.hadoop.security.UserGroupInformation.doAs(UserGroupInformation.java:1878) [hadoop-common-3.3.1.jar:?]
	at org.apache.hadoop.ipc.Server$Handler.run(Server.java:2966) [hadoop-common-3.3.1.jar:?]
2022-09-28 09:54:22,238 [Time-limited test] WARN  ozone.BasicOzoneFileSystem (BasicOzoneFileSystem.java:getFileStatus(765)) - GetFileStatus failed for path /gdir1/dir6
java.io.FileNotFoundException: gdir1/dir6: No such file or directory!
	at org.apache.hadoop.fs.ozone.BasicOzoneClientAdapterImpl.getFileStatus(BasicOzoneClientAdapterImpl.java:369)
	at org.apache.hadoop.fs.ozone.BasicOzoneFileSystem.getFileStatus(BasicOzoneFileSystem.java:757)
	at org.apache.hadoop.fs.ozone.TestOzoneFileSystem.checkPath(TestOzoneFileSystem.java:504)
	at org.apache.hadoop.fs.ozone.TestOzoneFileSystem.testRecursiveDelete(TestOzoneFileSystem.java:459)
	at sun.reflect.NativeMethodAccessorImpl.invoke0(Native Method)
	at sun.reflect.NativeMethodAccessorImpl.invoke(NativeMethodAccessorImpl.java:62)
	at sun.reflect.DelegatingMethodAccessorImpl.invoke(DelegatingMethodAccessorImpl.java:43)
	at java.lang.reflect.Method.invoke(Method.java:498)
	at org.junit.runners.model.FrameworkMethod$1.runReflectiveCall(FrameworkMethod.java:59)
	at org.junit.internal.runners.model.ReflectiveCallable.run(ReflectiveCallable.java:12)
	at org.junit.runners.model.FrameworkMethod.invokeExplosively(FrameworkMethod.java:56)
	at org.junit.internal.runners.statements.InvokeMethod.evaluate(InvokeMethod.java:17)
	at org.junit.internal.runners.statements.RunAfters.evaluate(RunAfters.java:27)
	at org.junit.internal.runners.statements.FailOnTimeout$CallableStatement.call(FailOnTimeout.java:288)
	at org.junit.internal.runners.statements.FailOnTimeout$CallableStatement.call(FailOnTimeout.java:282)
	at java.util.concurrent.FutureTask.run(FutureTask.java:266)
	at java.lang.Thread.run(Thread.java:750)
09:54:22.239 [IPC Server handler 19 on default port 33915] ERROR OMAudit - user=runner | ip=127.0.0.1 | op=GET_FILE_STATUS {volume=volume02959, bucket=bucket36363, key=gdir1/dir6/child, dataSize=0, replicationConfig=null} | ret=FAILURE
org.apache.hadoop.ozone.om.exceptions.OMException: Unable to get file status: volume: volume02959 bucket: bucket36363 key: gdir1/dir6/child
	at org.apache.hadoop.ozone.om.KeyManagerImpl.getOzoneFileStatus(KeyManagerImpl.java:1324) ~[ozone-manager-1.3.0-SNAPSHOT.jar:?]
	at org.apache.hadoop.ozone.om.KeyManagerImpl.getFileStatus(KeyManagerImpl.java:1254) ~[ozone-manager-1.3.0-SNAPSHOT.jar:?]
	at org.apache.hadoop.ozone.om.OzoneManager.getFileStatus(OzoneManager.java:3506) ~[ozone-manager-1.3.0-SNAPSHOT.jar:?]
	at org.apache.hadoop.ozone.protocolPB.OzoneManagerRequestHandler.getOzoneFileStatus(OzoneManagerRequestHandler.java:882) ~[ozone-manager-1.3.0-SNAPSHOT.jar:?]
	at org.apache.hadoop.ozone.protocolPB.OzoneManagerRequestHandler.handleReadRequest(OzoneManagerRequestHandler.java:228) ~[ozone-manager-1.3.0-SNAPSHOT.jar:?]
	at org.apache.hadoop.ozone.protocolPB.OzoneManagerProtocolServerSideTranslatorPB.submitReadRequestToOM(OzoneManagerProtocolServerSideTranslatorPB.java:226) ~[ozone-manager-1.3.0-SNAPSHOT.jar:?]
	at org.apache.hadoop.ozone.protocolPB.OzoneManagerProtocolServerSideTranslatorPB.processRequest(OzoneManagerProtocolServerSideTranslatorPB.java:175) ~[ozone-manager-1.3.0-SNAPSHOT.jar:?]
	at org.apache.hadoop.hdds.server.OzoneProtocolMessageDispatcher.processRequest(OzoneProtocolMessageDispatcher.java:87) [hdds-server-framework-1.3.0-SNAPSHOT.jar:?]
	at org.apache.hadoop.ozone.protocolPB.OzoneManagerProtocolServerSideTranslatorPB.submitRequest(OzoneManagerProtocolServerSideTranslatorPB.java:147) [ozone-manager-1.3.0-SNAPSHOT.jar:?]
	at org.apache.hadoop.ozone.protocol.proto.OzoneManagerProtocolProtos$OzoneManagerService$2.callBlockingMethod(OzoneManagerProtocolProtos.java) [ozone-interface-client-1.3.0-SNAPSHOT.jar:?]
	at org.apache.hadoop.ipc.ProtobufRpcEngine$Server.processCall(ProtobufRpcEngine.java:466) [hadoop-common-3.3.1.jar:?]
	at org.apache.hadoop.ipc.ProtobufRpcEngine2$Server$ProtoBufRpcInvoker.call(ProtobufRpcEngine2.java:574) [hadoop-common-3.3.1.jar:?]
	at org.apache.hadoop.ipc.ProtobufRpcEngine2$Server$ProtoBufRpcInvoker.call(ProtobufRpcEngine2.java:552) [hadoop-common-3.3.1.jar:?]
	at org.apache.hadoop.ipc.RPC$Server.call(RPC.java:1093) [hadoop-common-3.3.1.jar:?]
	at org.apache.hadoop.ipc.Server$RpcCall.run(Server.java:1035) [hadoop-common-3.3.1.jar:?]
	at org.apache.hadoop.ipc.Server$RpcCall.run(Server.java:963) [hadoop-common-3.3.1.jar:?]
	at java.security.AccessController.doPrivileged(Native Method) ~[?:1.8.0_345]
	at javax.security.auth.Subject.doAs(Subject.java:422) [?:1.8.0_345]
	at org.apache.hadoop.security.UserGroupInformation.doAs(UserGroupInformation.java:1878) [hadoop-common-3.3.1.jar:?]
	at org.apache.hadoop.ipc.Server$Handler.run(Server.java:2966) [hadoop-common-3.3.1.jar:?]
2022-09-28 09:54:22,239 [Time-limited test] WARN  ozone.BasicOzoneFileSystem (BasicOzoneFileSystem.java:getFileStatus(765)) - GetFileStatus failed for path /gdir1/dir6/child
java.io.FileNotFoundException: gdir1/dir6/child: No such file or directory!
	at org.apache.hadoop.fs.ozone.BasicOzoneClientAdapterImpl.getFileStatus(BasicOzoneClientAdapterImpl.java:369)
	at org.apache.hadoop.fs.ozone.BasicOzoneFileSystem.getFileStatus(BasicOzoneFileSystem.java:757)
	at org.apache.hadoop.fs.ozone.TestOzoneFileSystem.checkPath(TestOzoneFileSystem.java:504)
	at org.apache.hadoop.fs.ozone.TestOzoneFileSystem.testRecursiveDelete(TestOzoneFileSystem.java:460)
	at sun.reflect.NativeMethodAccessorImpl.invoke0(Native Method)
	at sun.reflect.NativeMethodAccessorImpl.invoke(NativeMethodAccessorImpl.java:62)
	at sun.reflect.DelegatingMethodAccessorImpl.invoke(DelegatingMethodAccessorImpl.java:43)
	at java.lang.reflect.Method.invoke(Method.java:498)
	at org.junit.runners.model.FrameworkMethod$1.runReflectiveCall(FrameworkMethod.java:59)
	at org.junit.internal.runners.model.ReflectiveCallable.run(ReflectiveCallable.java:12)
	at org.junit.runners.model.FrameworkMethod.invokeExplosively(FrameworkMethod.java:56)
	at org.junit.internal.runners.statements.InvokeMethod.evaluate(InvokeMethod.java:17)
	at org.junit.internal.runners.statements.RunAfters.evaluate(RunAfters.java:27)
	at org.junit.internal.runners.statements.FailOnTimeout$CallableStatement.call(FailOnTimeout.java:288)
	at org.junit.internal.runners.statements.FailOnTimeout$CallableStatement.call(FailOnTimeout.java:282)
	at java.util.concurrent.FutureTask.run(FutureTask.java:266)
	at java.lang.Thread.run(Thread.java:750)
09:54:22.240 [IPC Server handler 8 on default port 33915] ERROR OMAudit - user=runner | ip=127.0.0.1 | op=GET_FILE_STATUS {volume=volume02959, bucket=bucket36363, key=gdir1/dir7, dataSize=0, replicationConfig=null} | ret=FAILURE
org.apache.hadoop.ozone.om.exceptions.OMException: Unable to get file status: volume: volume02959 bucket: bucket36363 key: gdir1/dir7
	at org.apache.hadoop.ozone.om.KeyManagerImpl.getOzoneFileStatus(KeyManagerImpl.java:1324) ~[ozone-manager-1.3.0-SNAPSHOT.jar:?]
	at org.apache.hadoop.ozone.om.KeyManagerImpl.getFileStatus(KeyManagerImpl.java:1254) ~[ozone-manager-1.3.0-SNAPSHOT.jar:?]
	at org.apache.hadoop.ozone.om.OzoneManager.getFileStatus(OzoneManager.java:3506) ~[ozone-manager-1.3.0-SNAPSHOT.jar:?]
	at org.apache.hadoop.ozone.protocolPB.OzoneManagerRequestHandler.getOzoneFileStatus(OzoneManagerRequestHandler.java:882) ~[ozone-manager-1.3.0-SNAPSHOT.jar:?]
	at org.apache.hadoop.ozone.protocolPB.OzoneManagerRequestHandler.handleReadRequest(OzoneManagerRequestHandler.java:228) ~[ozone-manager-1.3.0-SNAPSHOT.jar:?]
	at org.apache.hadoop.ozone.protocolPB.OzoneManagerProtocolServerSideTranslatorPB.submitReadRequestToOM(OzoneManagerProtocolServerSideTranslatorPB.java:226) ~[ozone-manager-1.3.0-SNAPSHOT.jar:?]
	at org.apache.hadoop.ozone.protocolPB.OzoneManagerProtocolServerSideTranslatorPB.processRequest(OzoneManagerProtocolServerSideTranslatorPB.java:175) ~[ozone-manager-1.3.0-SNAPSHOT.jar:?]
	at org.apache.hadoop.hdds.server.OzoneProtocolMessageDispatcher.processRequest(OzoneProtocolMessageDispatcher.java:87) [hdds-server-framework-1.3.0-SNAPSHOT.jar:?]
	at org.apache.hadoop.ozone.protocolPB.OzoneManagerProtocolServerSideTranslatorPB.submitRequest(OzoneManagerProtocolServerSideTranslatorPB.java:147) [ozone-manager-1.3.0-SNAPSHOT.jar:?]
	at org.apache.hadoop.ozone.protocol.proto.OzoneManagerProtocolProtos$OzoneManagerService$2.callBlockingMethod(OzoneManagerProtocolProtos.java) [ozone-interface-client-1.3.0-SNAPSHOT.jar:?]
	at org.apache.hadoop.ipc.ProtobufRpcEngine$Server.processCall(ProtobufRpcEngine.java:466) [hadoop-common-3.3.1.jar:?]
	at org.apache.hadoop.ipc.ProtobufRpcEngine2$Server$ProtoBufRpcInvoker.call(ProtobufRpcEngine2.java:574) [hadoop-common-3.3.1.jar:?]
	at org.apache.hadoop.ipc.ProtobufRpcEngine2$Server$ProtoBufRpcInvoker.call(ProtobufRpcEngine2.java:552) [hadoop-common-3.3.1.jar:?]
	at org.apache.hadoop.ipc.RPC$Server.call(RPC.java:1093) [hadoop-common-3.3.1.jar:?]
	at org.apache.hadoop.ipc.Server$RpcCall.run(Server.java:1035) [hadoop-common-3.3.1.jar:?]
	at org.apache.hadoop.ipc.Server$RpcCall.run(Server.java:963) [hadoop-common-3.3.1.jar:?]
	at java.security.AccessController.doPrivileged(Native Method) ~[?:1.8.0_345]
	at javax.security.auth.Subject.doAs(Subject.java:422) [?:1.8.0_345]
	at org.apache.hadoop.security.UserGroupInformation.doAs(UserGroupInformation.java:1878) [hadoop-common-3.3.1.jar:?]
	at org.apache.hadoop.ipc.Server$Handler.run(Server.java:2966) [hadoop-common-3.3.1.jar:?]
2022-09-28 09:54:22,241 [Time-limited test] WARN  ozone.BasicOzoneFileSystem (BasicOzoneFileSystem.java:getFileStatus(765)) - GetFileStatus failed for path /gdir1/dir7
java.io.FileNotFoundException: gdir1/dir7: No such file or directory!
	at org.apache.hadoop.fs.ozone.BasicOzoneClientAdapterImpl.getFileStatus(BasicOzoneClientAdapterImpl.java:369)
	at org.apache.hadoop.fs.ozone.BasicOzoneFileSystem.getFileStatus(BasicOzoneFileSystem.java:757)
	at org.apache.hadoop.fs.ozone.TestOzoneFileSystem.checkPath(TestOzoneFileSystem.java:504)
	at org.apache.hadoop.fs.ozone.TestOzoneFileSystem.testRecursiveDelete(TestOzoneFileSystem.java:459)
	at sun.reflect.NativeMethodAccessorImpl.invoke0(Native Method)
	at sun.reflect.NativeMethodAccessorImpl.invoke(NativeMethodAccessorImpl.java:62)
	at sun.reflect.DelegatingMethodAccessorImpl.invoke(DelegatingMethodAccessorImpl.java:43)
	at java.lang.reflect.Method.invoke(Method.java:498)
	at org.junit.runners.model.FrameworkMethod$1.runReflectiveCall(FrameworkMethod.java:59)
	at org.junit.internal.runners.model.ReflectiveCallable.run(ReflectiveCallable.java:12)
	at org.junit.runners.model.FrameworkMethod.invokeExplosively(FrameworkMethod.java:56)
	at org.junit.internal.runners.statements.InvokeMethod.evaluate(InvokeMethod.java:17)
	at org.junit.internal.runners.statements.RunAfters.evaluate(RunAfters.java:27)
	at org.junit.internal.runners.statements.FailOnTimeout$CallableStatement.call(FailOnTimeout.java:288)
	at org.junit.internal.runners.statements.FailOnTimeout$CallableStatement.call(FailOnTimeout.java:282)
	at java.util.concurrent.FutureTask.run(FutureTask.java:266)
	at java.lang.Thread.run(Thread.java:750)
09:54:22.242 [IPC Server handler 0 on default port 33915] ERROR OMAudit - user=runner | ip=127.0.0.1 | op=GET_FILE_STATUS {volume=volume02959, bucket=bucket36363, key=gdir1/dir7/child, dataSize=0, replicationConfig=null} | ret=FAILURE
org.apache.hadoop.ozone.om.exceptions.OMException: Unable to get file status: volume: volume02959 bucket: bucket36363 key: gdir1/dir7/child
	at org.apache.hadoop.ozone.om.KeyManagerImpl.getOzoneFileStatus(KeyManagerImpl.java:1324) ~[ozone-manager-1.3.0-SNAPSHOT.jar:?]
	at org.apache.hadoop.ozone.om.KeyManagerImpl.getFileStatus(KeyManagerImpl.java:1254) ~[ozone-manager-1.3.0-SNAPSHOT.jar:?]
	at org.apache.hadoop.ozone.om.OzoneManager.getFileStatus(OzoneManager.java:3506) ~[ozone-manager-1.3.0-SNAPSHOT.jar:?]
	at org.apache.hadoop.ozone.protocolPB.OzoneManagerRequestHandler.getOzoneFileStatus(OzoneManagerRequestHandler.java:882) ~[ozone-manager-1.3.0-SNAPSHOT.jar:?]
	at org.apache.hadoop.ozone.protocolPB.OzoneManagerRequestHandler.handleReadRequest(OzoneManagerRequestHandler.java:228) ~[ozone-manager-1.3.0-SNAPSHOT.jar:?]
	at org.apache.hadoop.ozone.protocolPB.OzoneManagerProtocolServerSideTranslatorPB.submitReadRequestToOM(OzoneManagerProtocolServerSideTranslatorPB.java:226) ~[ozone-manager-1.3.0-SNAPSHOT.jar:?]
	at org.apache.hadoop.ozone.protocolPB.OzoneManagerProtocolServerSideTranslatorPB.processRequest(OzoneManagerProtocolServerSideTranslatorPB.java:175) ~[ozone-manager-1.3.0-SNAPSHOT.jar:?]
	at org.apache.hadoop.hdds.server.OzoneProtocolMessageDispatcher.processRequest(OzoneProtocolMessageDispatcher.java:87) [hdds-server-framework-1.3.0-SNAPSHOT.jar:?]
	at org.apache.hadoop.ozone.protocolPB.OzoneManagerProtocolServerSideTranslatorPB.submitRequest(OzoneManagerProtocolServerSideTranslatorPB.java:147) [ozone-manager-1.3.0-SNAPSHOT.jar:?]
	at org.apache.hadoop.ozone.protocol.proto.OzoneManagerProtocolProtos$OzoneManagerService$2.callBlockingMethod(OzoneManagerProtocolProtos.java) [ozone-interface-client-1.3.0-SNAPSHOT.jar:?]
	at org.apache.hadoop.ipc.ProtobufRpcEngine$Server.processCall(ProtobufRpcEngine.java:466) [hadoop-common-3.3.1.jar:?]
	at org.apache.hadoop.ipc.ProtobufRpcEngine2$Server$ProtoBufRpcInvoker.call(ProtobufRpcEngine2.java:574) [hadoop-common-3.3.1.jar:?]
	at org.apache.hadoop.ipc.ProtobufRpcEngine2$Server$ProtoBufRpcInvoker.call(ProtobufRpcEngine2.java:552) [hadoop-common-3.3.1.jar:?]
	at org.apache.hadoop.ipc.RPC$Server.call(RPC.java:1093) [hadoop-common-3.3.1.jar:?]
	at org.apache.hadoop.ipc.Server$RpcCall.run(Server.java:1035) [hadoop-common-3.3.1.jar:?]
	at org.apache.hadoop.ipc.Server$RpcCall.run(Server.java:963) [hadoop-common-3.3.1.jar:?]
	at java.security.AccessController.doPrivileged(Native Method) ~[?:1.8.0_345]
	at javax.security.auth.Subject.doAs(Subject.java:422) [?:1.8.0_345]
	at org.apache.hadoop.security.UserGroupInformation.doAs(UserGroupInformation.java:1878) [hadoop-common-3.3.1.jar:?]
	at org.apache.hadoop.ipc.Server$Handler.run(Server.java:2966) [hadoop-common-3.3.1.jar:?]
2022-09-28 09:54:22,242 [Time-limited test] WARN  ozone.BasicOzoneFileSystem (BasicOzoneFileSystem.java:getFileStatus(765)) - GetFileStatus failed for path /gdir1/dir7/child
java.io.FileNotFoundException: gdir1/dir7/child: No such file or directory!
	at org.apache.hadoop.fs.ozone.BasicOzoneClientAdapterImpl.getFileStatus(BasicOzoneClientAdapterImpl.java:369)
	at org.apache.hadoop.fs.ozone.BasicOzoneFileSystem.getFileStatus(BasicOzoneFileSystem.java:757)
	at org.apache.hadoop.fs.ozone.TestOzoneFileSystem.checkPath(TestOzoneFileSystem.java:504)
	at org.apache.hadoop.fs.ozone.TestOzoneFileSystem.testRecursiveDelete(TestOzoneFileSystem.java:460)
	at sun.reflect.NativeMethodAccessorImpl.invoke0(Native Method)
	at sun.reflect.NativeMethodAccessorImpl.invoke(NativeMethodAccessorImpl.java:62)
	at sun.reflect.DelegatingMethodAccessorImpl.invoke(DelegatingMethodAccessorImpl.java:43)
	at java.lang.reflect.Method.invoke(Method.java:498)
	at org.junit.runners.model.FrameworkMethod$1.runReflectiveCall(FrameworkMethod.java:59)
	at org.junit.internal.runners.model.ReflectiveCallable.run(ReflectiveCallable.java:12)
	at org.junit.runners.model.FrameworkMethod.invokeExplosively(FrameworkMethod.java:56)
	at org.junit.internal.runners.statements.InvokeMethod.evaluate(InvokeMethod.java:17)
	at org.junit.internal.runners.statements.RunAfters.evaluate(RunAfters.java:27)
	at org.junit.internal.runners.statements.FailOnTimeout$CallableStatement.call(FailOnTimeout.java:288)
	at org.junit.internal.runners.statements.FailOnTimeout$CallableStatement.call(FailOnTimeout.java:282)
	at java.util.concurrent.FutureTask.run(FutureTask.java:266)
	at java.lang.Thread.run(Thread.java:750)
09:54:22.243 [IPC Server handler 1 on default port 33915] ERROR OMAudit - user=runner | ip=127.0.0.1 | op=GET_FILE_STATUS {volume=volume02959, bucket=bucket36363, key=gdir1/dir8, dataSize=0, replicationConfig=null} | ret=FAILURE
org.apache.hadoop.ozone.om.exceptions.OMException: Unable to get file status: volume: volume02959 bucket: bucket36363 key: gdir1/dir8
	at org.apache.hadoop.ozone.om.KeyManagerImpl.getOzoneFileStatus(KeyManagerImpl.java:1324) ~[ozone-manager-1.3.0-SNAPSHOT.jar:?]
	at org.apache.hadoop.ozone.om.KeyManagerImpl.getFileStatus(KeyManagerImpl.java:1254) ~[ozone-manager-1.3.0-SNAPSHOT.jar:?]
	at org.apache.hadoop.ozone.om.OzoneManager.getFileStatus(OzoneManager.java:3506) ~[ozone-manager-1.3.0-SNAPSHOT.jar:?]
	at org.apache.hadoop.ozone.protocolPB.OzoneManagerRequestHandler.getOzoneFileStatus(OzoneManagerRequestHandler.java:882) ~[ozone-manager-1.3.0-SNAPSHOT.jar:?]
	at org.apache.hadoop.ozone.protocolPB.OzoneManagerRequestHandler.handleReadRequest(OzoneManagerRequestHandler.java:228) ~[ozone-manager-1.3.0-SNAPSHOT.jar:?]
	at org.apache.hadoop.ozone.protocolPB.OzoneManagerProtocolServerSideTranslatorPB.submitReadRequestToOM(OzoneManagerProtocolServerSideTranslatorPB.java:226) ~[ozone-manager-1.3.0-SNAPSHOT.jar:?]
	at org.apache.hadoop.ozone.protocolPB.OzoneManagerProtocolServerSideTranslatorPB.processRequest(OzoneManagerProtocolServerSideTranslatorPB.java:175) ~[ozone-manager-1.3.0-SNAPSHOT.jar:?]
	at org.apache.hadoop.hdds.server.OzoneProtocolMessageDispatcher.processRequest(OzoneProtocolMessageDispatcher.java:87) [hdds-server-framework-1.3.0-SNAPSHOT.jar:?]
	at org.apache.hadoop.ozone.protocolPB.OzoneManagerProtocolServerSideTranslatorPB.submitRequest(OzoneManagerProtocolServerSideTranslatorPB.java:147) [ozone-manager-1.3.0-SNAPSHOT.jar:?]
	at org.apache.hadoop.ozone.protocol.proto.OzoneManagerProtocolProtos$OzoneManagerService$2.callBlockingMethod(OzoneManagerProtocolProtos.java) [ozone-interface-client-1.3.0-SNAPSHOT.jar:?]
	at org.apache.hadoop.ipc.ProtobufRpcEngine$Server.processCall(ProtobufRpcEngine.java:466) [hadoop-common-3.3.1.jar:?]
	at org.apache.hadoop.ipc.ProtobufRpcEngine2$Server$ProtoBufRpcInvoker.call(ProtobufRpcEngine2.java:574) [hadoop-common-3.3.1.jar:?]
	at org.apache.hadoop.ipc.ProtobufRpcEngine2$Server$ProtoBufRpcInvoker.call(ProtobufRpcEngine2.java:552) [hadoop-common-3.3.1.jar:?]
	at org.apache.hadoop.ipc.RPC$Server.call(RPC.java:1093) [hadoop-common-3.3.1.jar:?]
	at org.apache.hadoop.ipc.Server$RpcCall.run(Server.java:1035) [hadoop-common-3.3.1.jar:?]
	at org.apache.hadoop.ipc.Server$RpcCall.run(Server.java:963) [hadoop-common-3.3.1.jar:?]
	at java.security.AccessController.doPrivileged(Native Method) ~[?:1.8.0_345]
	at javax.security.auth.Subject.doAs(Subject.java:422) [?:1.8.0_345]
	at org.apache.hadoop.security.UserGroupInformation.doAs(UserGroupInformation.java:1878) [hadoop-common-3.3.1.jar:?]
	at org.apache.hadoop.ipc.Server$Handler.run(Server.java:2966) [hadoop-common-3.3.1.jar:?]
2022-09-28 09:54:22,243 [Time-limited test] WARN  ozone.BasicOzoneFileSystem (BasicOzoneFileSystem.java:getFileStatus(765)) - GetFileStatus failed for path /gdir1/dir8
java.io.FileNotFoundException: gdir1/dir8: No such file or directory!
	at org.apache.hadoop.fs.ozone.BasicOzoneClientAdapterImpl.getFileStatus(BasicOzoneClientAdapterImpl.java:369)
	at org.apache.hadoop.fs.ozone.BasicOzoneFileSystem.getFileStatus(BasicOzoneFileSystem.java:757)
	at org.apache.hadoop.fs.ozone.TestOzoneFileSystem.checkPath(TestOzoneFileSystem.java:504)
	at org.apache.hadoop.fs.ozone.TestOzoneFileSystem.testRecursiveDelete(TestOzoneFileSystem.java:459)
	at sun.reflect.NativeMethodAccessorImpl.invoke0(Native Method)
	at sun.reflect.NativeMethodAccessorImpl.invoke(NativeMethodAccessorImpl.java:62)
	at sun.reflect.DelegatingMethodAccessorImpl.invoke(DelegatingMethodAccessorImpl.java:43)
	at java.lang.reflect.Method.invoke(Method.java:498)
	at org.junit.runners.model.FrameworkMethod$1.runReflectiveCall(FrameworkMethod.java:59)
	at org.junit.internal.runners.model.ReflectiveCallable.run(ReflectiveCallable.java:12)
	at org.junit.runners.model.FrameworkMethod.invokeExplosively(FrameworkMethod.java:56)
	at org.junit.internal.runners.statements.InvokeMethod.evaluate(InvokeMethod.java:17)
	at org.junit.internal.runners.statements.RunAfters.evaluate(RunAfters.java:27)
	at org.junit.internal.runners.statements.FailOnTimeout$CallableStatement.call(FailOnTimeout.java:288)
	at org.junit.internal.runners.statements.FailOnTimeout$CallableStatement.call(FailOnTimeout.java:282)
	at java.util.concurrent.FutureTask.run(FutureTask.java:266)
	at java.lang.Thread.run(Thread.java:750)
09:54:22.244 [IPC Server handler 2 on default port 33915] ERROR OMAudit - user=runner | ip=127.0.0.1 | op=GET_FILE_STATUS {volume=volume02959, bucket=bucket36363, key=gdir1/dir8/child, dataSize=0, replicationConfig=null} | ret=FAILURE
org.apache.hadoop.ozone.om.exceptions.OMException: Unable to get file status: volume: volume02959 bucket: bucket36363 key: gdir1/dir8/child
	at org.apache.hadoop.ozone.om.KeyManagerImpl.getOzoneFileStatus(KeyManagerImpl.java:1324) ~[ozone-manager-1.3.0-SNAPSHOT.jar:?]
	at org.apache.hadoop.ozone.om.KeyManagerImpl.getFileStatus(KeyManagerImpl.java:1254) ~[ozone-manager-1.3.0-SNAPSHOT.jar:?]
	at org.apache.hadoop.ozone.om.OzoneManager.getFileStatus(OzoneManager.java:3506) ~[ozone-manager-1.3.0-SNAPSHOT.jar:?]
	at org.apache.hadoop.ozone.protocolPB.OzoneManagerRequestHandler.getOzoneFileStatus(OzoneManagerRequestHandler.java:882) ~[ozone-manager-1.3.0-SNAPSHOT.jar:?]
	at org.apache.hadoop.ozone.protocolPB.OzoneManagerRequestHandler.handleReadRequest(OzoneManagerRequestHandler.java:228) ~[ozone-manager-1.3.0-SNAPSHOT.jar:?]
	at org.apache.hadoop.ozone.protocolPB.OzoneManagerProtocolServerSideTranslatorPB.submitReadRequestToOM(OzoneManagerProtocolServerSideTranslatorPB.java:226) ~[ozone-manager-1.3.0-SNAPSHOT.jar:?]
	at org.apache.hadoop.ozone.protocolPB.OzoneManagerProtocolServerSideTranslatorPB.processRequest(OzoneManagerProtocolServerSideTranslatorPB.java:175) ~[ozone-manager-1.3.0-SNAPSHOT.jar:?]
	at org.apache.hadoop.hdds.server.OzoneProtocolMessageDispatcher.processRequest(OzoneProtocolMessageDispatcher.java:87) [hdds-server-framework-1.3.0-SNAPSHOT.jar:?]
	at org.apache.hadoop.ozone.protocolPB.OzoneManagerProtocolServerSideTranslatorPB.submitRequest(OzoneManagerProtocolServerSideTranslatorPB.java:147) [ozone-manager-1.3.0-SNAPSHOT.jar:?]
	at org.apache.hadoop.ozone.protocol.proto.OzoneManagerProtocolProtos$OzoneManagerService$2.callBlockingMethod(OzoneManagerProtocolProtos.java) [ozone-interface-client-1.3.0-SNAPSHOT.jar:?]
	at org.apache.hadoop.ipc.ProtobufRpcEngine$Server.processCall(ProtobufRpcEngine.java:466) [hadoop-common-3.3.1.jar:?]
	at org.apache.hadoop.ipc.ProtobufRpcEngine2$Server$ProtoBufRpcInvoker.call(ProtobufRpcEngine2.java:574) [hadoop-common-3.3.1.jar:?]
	at org.apache.hadoop.ipc.ProtobufRpcEngine2$Server$ProtoBufRpcInvoker.call(ProtobufRpcEngine2.java:552) [hadoop-common-3.3.1.jar:?]
	at org.apache.hadoop.ipc.RPC$Server.call(RPC.java:1093) [hadoop-common-3.3.1.jar:?]
	at org.apache.hadoop.ipc.Server$RpcCall.run(Server.java:1035) [hadoop-common-3.3.1.jar:?]
	at org.apache.hadoop.ipc.Server$RpcCall.run(Server.java:963) [hadoop-common-3.3.1.jar:?]
	at java.security.AccessController.doPrivileged(Native Method) ~[?:1.8.0_345]
	at javax.security.auth.Subject.doAs(Subject.java:422) [?:1.8.0_345]
	at org.apache.hadoop.security.UserGroupInformation.doAs(UserGroupInformation.java:1878) [hadoop-common-3.3.1.jar:?]
	at org.apache.hadoop.ipc.Server$Handler.run(Server.java:2966) [hadoop-common-3.3.1.jar:?]
2022-09-28 09:54:22,245 [Time-limited test] WARN  ozone.BasicOzoneFileSystem (BasicOzoneFileSystem.java:getFileStatus(765)) - GetFileStatus failed for path /gdir1/dir8/child
java.io.FileNotFoundException: gdir1/dir8/child: No such file or directory!
	at org.apache.hadoop.fs.ozone.BasicOzoneClientAdapterImpl.getFileStatus(BasicOzoneClientAdapterImpl.java:369)
	at org.apache.hadoop.fs.ozone.BasicOzoneFileSystem.getFileStatus(BasicOzoneFileSystem.java:757)
	at org.apache.hadoop.fs.ozone.TestOzoneFileSystem.checkPath(TestOzoneFileSystem.java:504)
	at org.apache.hadoop.fs.ozone.TestOzoneFileSystem.testRecursiveDelete(TestOzoneFileSystem.java:460)
	at sun.reflect.NativeMethodAccessorImpl.invoke0(Native Method)
	at sun.reflect.NativeMethodAccessorImpl.invoke(NativeMethodAccessorImpl.java:62)
	at sun.reflect.DelegatingMethodAccessorImpl.invoke(DelegatingMethodAccessorImpl.java:43)
	at java.lang.reflect.Method.invoke(Method.java:498)
	at org.junit.runners.model.FrameworkMethod$1.runReflectiveCall(FrameworkMethod.java:59)
	at org.junit.internal.runners.model.ReflectiveCallable.run(ReflectiveCallable.java:12)
	at org.junit.runners.model.FrameworkMethod.invokeExplosively(FrameworkMethod.java:56)
	at org.junit.internal.runners.statements.InvokeMethod.evaluate(InvokeMethod.java:17)
	at org.junit.internal.runners.statements.RunAfters.evaluate(RunAfters.java:27)
	at org.junit.internal.runners.statements.FailOnTimeout$CallableStatement.call(FailOnTimeout.java:288)
	at org.junit.internal.runners.statements.FailOnTimeout$CallableStatement.call(FailOnTimeout.java:282)
	at java.util.concurrent.FutureTask.run(FutureTask.java:266)
	at java.lang.Thread.run(Thread.java:750)
09:54:22.245 [IPC Server handler 4 on default port 33915] ERROR OMAudit - user=runner | ip=127.0.0.1 | op=GET_FILE_STATUS {volume=volume02959, bucket=bucket36363, key=gdir1/dir9, dataSize=0, replicationConfig=null} | ret=FAILURE
org.apache.hadoop.ozone.om.exceptions.OMException: Unable to get file status: volume: volume02959 bucket: bucket36363 key: gdir1/dir9
	at org.apache.hadoop.ozone.om.KeyManagerImpl.getOzoneFileStatus(KeyManagerImpl.java:1324) ~[ozone-manager-1.3.0-SNAPSHOT.jar:?]
	at org.apache.hadoop.ozone.om.KeyManagerImpl.getFileStatus(KeyManagerImpl.java:1254) ~[ozone-manager-1.3.0-SNAPSHOT.jar:?]
	at org.apache.hadoop.ozone.om.OzoneManager.getFileStatus(OzoneManager.java:3506) ~[ozone-manager-1.3.0-SNAPSHOT.jar:?]
	at org.apache.hadoop.ozone.protocolPB.OzoneManagerRequestHandler.getOzoneFileStatus(OzoneManagerRequestHandler.java:882) ~[ozone-manager-1.3.0-SNAPSHOT.jar:?]
	at org.apache.hadoop.ozone.protocolPB.OzoneManagerRequestHandler.handleReadRequest(OzoneManagerRequestHandler.java:228) ~[ozone-manager-1.3.0-SNAPSHOT.jar:?]
	at org.apache.hadoop.ozone.protocolPB.OzoneManagerProtocolServerSideTranslatorPB.submitReadRequestToOM(OzoneManagerProtocolServerSideTranslatorPB.java:226) ~[ozone-manager-1.3.0-SNAPSHOT.jar:?]
	at org.apache.hadoop.ozone.protocolPB.OzoneManagerProtocolServerSideTranslatorPB.processRequest(OzoneManagerProtocolServerSideTranslatorPB.java:175) ~[ozone-manager-1.3.0-SNAPSHOT.jar:?]
	at org.apache.hadoop.hdds.server.OzoneProtocolMessageDispatcher.processRequest(OzoneProtocolMessageDispatcher.java:87) [hdds-server-framework-1.3.0-SNAPSHOT.jar:?]
	at org.apache.hadoop.ozone.protocolPB.OzoneManagerProtocolServerSideTranslatorPB.submitRequest(OzoneManagerProtocolServerSideTranslatorPB.java:147) [ozone-manager-1.3.0-SNAPSHOT.jar:?]
	at org.apache.hadoop.ozone.protocol.proto.OzoneManagerProtocolProtos$OzoneManagerService$2.callBlockingMethod(OzoneManagerProtocolProtos.java) [ozone-interface-client-1.3.0-SNAPSHOT.jar:?]
	at org.apache.hadoop.ipc.ProtobufRpcEngine$Server.processCall(ProtobufRpcEngine.java:466) [hadoop-common-3.3.1.jar:?]
	at org.apache.hadoop.ipc.ProtobufRpcEngine2$Server$ProtoBufRpcInvoker.call(ProtobufRpcEngine2.java:574) [hadoop-common-3.3.1.jar:?]
	at org.apache.hadoop.ipc.ProtobufRpcEngine2$Server$ProtoBufRpcInvoker.call(ProtobufRpcEngine2.java:552) [hadoop-common-3.3.1.jar:?]
	at org.apache.hadoop.ipc.RPC$Server.call(RPC.java:1093) [hadoop-common-3.3.1.jar:?]
	at org.apache.hadoop.ipc.Server$RpcCall.run(Server.java:1035) [hadoop-common-3.3.1.jar:?]
	at org.apache.hadoop.ipc.Server$RpcCall.run(Server.java:963) [hadoop-common-3.3.1.jar:?]
	at java.security.AccessController.doPrivileged(Native Method) ~[?:1.8.0_345]
	at javax.security.auth.Subject.doAs(Subject.java:422) [?:1.8.0_345]
	at org.apache.hadoop.security.UserGroupInformation.doAs(UserGroupInformation.java:1878) [hadoop-common-3.3.1.jar:?]
	at org.apache.hadoop.ipc.Server$Handler.run(Server.java:2966) [hadoop-common-3.3.1.jar:?]
2022-09-28 09:54:22,246 [Time-limited test] WARN  ozone.BasicOzoneFileSystem (BasicOzoneFileSystem.java:getFileStatus(765)) - GetFileStatus failed for path /gdir1/dir9
java.io.FileNotFoundException: gdir1/dir9: No such file or directory!
	at org.apache.hadoop.fs.ozone.BasicOzoneClientAdapterImpl.getFileStatus(BasicOzoneClientAdapterImpl.java:369)
	at org.apache.hadoop.fs.ozone.BasicOzoneFileSystem.getFileStatus(BasicOzoneFileSystem.java:757)
	at org.apache.hadoop.fs.ozone.TestOzoneFileSystem.checkPath(TestOzoneFileSystem.java:504)
	at org.apache.hadoop.fs.ozone.TestOzoneFileSystem.testRecursiveDelete(TestOzoneFileSystem.java:459)
	at sun.reflect.NativeMethodAccessorImpl.invoke0(Native Method)
	at sun.reflect.NativeMethodAccessorImpl.invoke(NativeMethodAccessorImpl.java:62)
	at sun.reflect.DelegatingMethodAccessorImpl.invoke(DelegatingMethodAccessorImpl.java:43)
	at java.lang.reflect.Method.invoke(Method.java:498)
	at org.junit.runners.model.FrameworkMethod$1.runReflectiveCall(FrameworkMethod.java:59)
	at org.junit.internal.runners.model.ReflectiveCallable.run(ReflectiveCallable.java:12)
	at org.junit.runners.model.FrameworkMethod.invokeExplosively(FrameworkMethod.java:56)
	at org.junit.internal.runners.statements.InvokeMethod.evaluate(InvokeMethod.java:17)
	at org.junit.internal.runners.statements.RunAfters.evaluate(RunAfters.java:27)
	at org.junit.internal.runners.statements.FailOnTimeout$CallableStatement.call(FailOnTimeout.java:288)
	at org.junit.internal.runners.statements.FailOnTimeout$CallableStatement.call(FailOnTimeout.java:282)
	at java.util.concurrent.FutureTask.run(FutureTask.java:266)
	at java.lang.Thread.run(Thread.java:750)
09:54:22.247 [IPC Server handler 12 on default port 33915] ERROR OMAudit - user=runner | ip=127.0.0.1 | op=GET_FILE_STATUS {volume=volume02959, bucket=bucket36363, key=gdir1/dir9/child, dataSize=0, replicationConfig=null} | ret=FAILURE
org.apache.hadoop.ozone.om.exceptions.OMException: Unable to get file status: volume: volume02959 bucket: bucket36363 key: gdir1/dir9/child
	at org.apache.hadoop.ozone.om.KeyManagerImpl.getOzoneFileStatus(KeyManagerImpl.java:1324) ~[ozone-manager-1.3.0-SNAPSHOT.jar:?]
	at org.apache.hadoop.ozone.om.KeyManagerImpl.getFileStatus(KeyManagerImpl.java:1254) ~[ozone-manager-1.3.0-SNAPSHOT.jar:?]
	at org.apache.hadoop.ozone.om.OzoneManager.getFileStatus(OzoneManager.java:3506) ~[ozone-manager-1.3.0-SNAPSHOT.jar:?]
	at org.apache.hadoop.ozone.protocolPB.OzoneManagerRequestHandler.getOzoneFileStatus(OzoneManagerRequestHandler.java:882) ~[ozone-manager-1.3.0-SNAPSHOT.jar:?]
	at org.apache.hadoop.ozone.protocolPB.OzoneManagerRequestHandler.handleReadRequest(OzoneManagerRequestHandler.java:228) ~[ozone-manager-1.3.0-SNAPSHOT.jar:?]
	at org.apache.hadoop.ozone.protocolPB.OzoneManagerProtocolServerSideTranslatorPB.submitReadRequestToOM(OzoneManagerProtocolServerSideTranslatorPB.java:226) ~[ozone-manager-1.3.0-SNAPSHOT.jar:?]
	at org.apache.hadoop.ozone.protocolPB.OzoneManagerProtocolServerSideTranslatorPB.processRequest(OzoneManagerProtocolServerSideTranslatorPB.java:175) ~[ozone-manager-1.3.0-SNAPSHOT.jar:?]
	at org.apache.hadoop.hdds.server.OzoneProtocolMessageDispatcher.processRequest(OzoneProtocolMessageDispatcher.java:87) [hdds-server-framework-1.3.0-SNAPSHOT.jar:?]
	at org.apache.hadoop.ozone.protocolPB.OzoneManagerProtocolServerSideTranslatorPB.submitRequest(OzoneManagerProtocolServerSideTranslatorPB.java:147) [ozone-manager-1.3.0-SNAPSHOT.jar:?]
	at org.apache.hadoop.ozone.protocol.proto.OzoneManagerProtocolProtos$OzoneManagerService$2.callBlockingMethod(OzoneManagerProtocolProtos.java) [ozone-interface-client-1.3.0-SNAPSHOT.jar:?]
	at org.apache.hadoop.ipc.ProtobufRpcEngine$Server.processCall(ProtobufRpcEngine.java:466) [hadoop-common-3.3.1.jar:?]
	at org.apache.hadoop.ipc.ProtobufRpcEngine2$Server$ProtoBufRpcInvoker.call(ProtobufRpcEngine2.java:574) [hadoop-common-3.3.1.jar:?]
	at org.apache.hadoop.ipc.ProtobufRpcEngine2$Server$ProtoBufRpcInvoker.call(ProtobufRpcEngine2.java:552) [hadoop-common-3.3.1.jar:?]
	at org.apache.hadoop.ipc.RPC$Server.call(RPC.java:1093) [hadoop-common-3.3.1.jar:?]
	at org.apache.hadoop.ipc.Server$RpcCall.run(Server.java:1035) [hadoop-common-3.3.1.jar:?]
	at org.apache.hadoop.ipc.Server$RpcCall.run(Server.java:963) [hadoop-common-3.3.1.jar:?]
	at java.security.AccessController.doPrivileged(Native Method) ~[?:1.8.0_345]
	at javax.security.auth.Subject.doAs(Subject.java:422) [?:1.8.0_345]
	at org.apache.hadoop.security.UserGroupInformation.doAs(UserGroupInformation.java:1878) [hadoop-common-3.3.1.jar:?]
	at org.apache.hadoop.ipc.Server$Handler.run(Server.java:2966) [hadoop-common-3.3.1.jar:?]
2022-09-28 09:54:22,247 [Time-limited test] WARN  ozone.BasicOzoneFileSystem (BasicOzoneFileSystem.java:getFileStatus(765)) - GetFileStatus failed for path /gdir1/dir9/child
java.io.FileNotFoundException: gdir1/dir9/child: No such file or directory!
	at org.apache.hadoop.fs.ozone.BasicOzoneClientAdapterImpl.getFileStatus(BasicOzoneClientAdapterImpl.java:369)
	at org.apache.hadoop.fs.ozone.BasicOzoneFileSystem.getFileStatus(BasicOzoneFileSystem.java:757)
	at org.apache.hadoop.fs.ozone.TestOzoneFileSystem.checkPath(TestOzoneFileSystem.java:504)
	at org.apache.hadoop.fs.ozone.TestOzoneFileSystem.testRecursiveDelete(TestOzoneFileSystem.java:460)
	at sun.reflect.NativeMethodAccessorImpl.invoke0(Native Method)
	at sun.reflect.NativeMethodAccessorImpl.invoke(NativeMethodAccessorImpl.java:62)
	at sun.reflect.DelegatingMethodAccessorImpl.invoke(DelegatingMethodAccessorImpl.java:43)
	at java.lang.reflect.Method.invoke(Method.java:498)
	at org.junit.runners.model.FrameworkMethod$1.runReflectiveCall(FrameworkMethod.java:59)
	at org.junit.internal.runners.model.ReflectiveCallable.run(ReflectiveCallable.java:12)
	at org.junit.runners.model.FrameworkMethod.invokeExplosively(FrameworkMethod.java:56)
	at org.junit.internal.runners.statements.InvokeMethod.evaluate(InvokeMethod.java:17)
	at org.junit.internal.runners.statements.RunAfters.evaluate(RunAfters.java:27)
	at org.junit.internal.runners.statements.FailOnTimeout$CallableStatement.call(FailOnTimeout.java:288)
	at org.junit.internal.runners.statements.FailOnTimeout$CallableStatement.call(FailOnTimeout.java:282)
	at java.util.concurrent.FutureTask.run(FutureTask.java:266)
	at java.lang.Thread.run(Thread.java:750)
09:54:22.248 [IPC Server handler 3 on default port 33915] ERROR OMAudit - user=runner | ip=127.0.0.1 | op=GET_FILE_STATUS {volume=volume02959, bucket=bucket36363, key=gdir1/dir10, dataSize=0, replicationConfig=null} | ret=FAILURE
org.apache.hadoop.ozone.om.exceptions.OMException: Unable to get file status: volume: volume02959 bucket: bucket36363 key: gdir1/dir10
	at org.apache.hadoop.ozone.om.KeyManagerImpl.getOzoneFileStatus(KeyManagerImpl.java:1324) ~[ozone-manager-1.3.0-SNAPSHOT.jar:?]
	at org.apache.hadoop.ozone.om.KeyManagerImpl.getFileStatus(KeyManagerImpl.java:1254) ~[ozone-manager-1.3.0-SNAPSHOT.jar:?]
	at org.apache.hadoop.ozone.om.OzoneManager.getFileStatus(OzoneManager.java:3506) ~[ozone-manager-1.3.0-SNAPSHOT.jar:?]
	at org.apache.hadoop.ozone.protocolPB.OzoneManagerRequestHandler.getOzoneFileStatus(OzoneManagerRequestHandler.java:882) ~[ozone-manager-1.3.0-SNAPSHOT.jar:?]
	at org.apache.hadoop.ozone.protocolPB.OzoneManagerRequestHandler.handleReadRequest(OzoneManagerRequestHandler.java:228) ~[ozone-manager-1.3.0-SNAPSHOT.jar:?]
	at org.apache.hadoop.ozone.protocolPB.OzoneManagerProtocolServerSideTranslatorPB.submitReadRequestToOM(OzoneManagerProtocolServerSideTranslatorPB.java:226) ~[ozone-manager-1.3.0-SNAPSHOT.jar:?]
	at org.apache.hadoop.ozone.protocolPB.OzoneManagerProtocolServerSideTranslatorPB.processRequest(OzoneManagerProtocolServerSideTranslatorPB.java:175) ~[ozone-manager-1.3.0-SNAPSHOT.jar:?]
	at org.apache.hadoop.hdds.server.OzoneProtocolMessageDispatcher.processRequest(OzoneProtocolMessageDispatcher.java:87) [hdds-server-framework-1.3.0-SNAPSHOT.jar:?]
	at org.apache.hadoop.ozone.protocolPB.OzoneManagerProtocolServerSideTranslatorPB.submitRequest(OzoneManagerProtocolServerSideTranslatorPB.java:147) [ozone-manager-1.3.0-SNAPSHOT.jar:?]
	at org.apache.hadoop.ozone.protocol.proto.OzoneManagerProtocolProtos$OzoneManagerService$2.callBlockingMethod(OzoneManagerProtocolProtos.java) [ozone-interface-client-1.3.0-SNAPSHOT.jar:?]
	at org.apache.hadoop.ipc.ProtobufRpcEngine$Server.processCall(ProtobufRpcEngine.java:466) [hadoop-common-3.3.1.jar:?]
	at org.apache.hadoop.ipc.ProtobufRpcEngine2$Server$ProtoBufRpcInvoker.call(ProtobufRpcEngine2.java:574) [hadoop-common-3.3.1.jar:?]
	at org.apache.hadoop.ipc.ProtobufRpcEngine2$Server$ProtoBufRpcInvoker.call(ProtobufRpcEngine2.java:552) [hadoop-common-3.3.1.jar:?]
	at org.apache.hadoop.ipc.RPC$Server.call(RPC.java:1093) [hadoop-common-3.3.1.jar:?]
	at org.apache.hadoop.ipc.Server$RpcCall.run(Server.java:1035) [hadoop-common-3.3.1.jar:?]
	at org.apache.hadoop.ipc.Server$RpcCall.run(Server.java:963) [hadoop-common-3.3.1.jar:?]
	at java.security.AccessController.doPrivileged(Native Method) ~[?:1.8.0_345]
	at javax.security.auth.Subject.doAs(Subject.java:422) [?:1.8.0_345]
	at org.apache.hadoop.security.UserGroupInformation.doAs(UserGroupInformation.java:1878) [hadoop-common-3.3.1.jar:?]
	at org.apache.hadoop.ipc.Server$Handler.run(Server.java:2966) [hadoop-common-3.3.1.jar:?]
2022-09-28 09:54:22,248 [Time-limited test] WARN  ozone.BasicOzoneFileSystem (BasicOzoneFileSystem.java:getFileStatus(765)) - GetFileStatus failed for path /gdir1/dir10
java.io.FileNotFoundException: gdir1/dir10: No such file or directory!
	at org.apache.hadoop.fs.ozone.BasicOzoneClientAdapterImpl.getFileStatus(BasicOzoneClientAdapterImpl.java:369)
	at org.apache.hadoop.fs.ozone.BasicOzoneFileSystem.getFileStatus(BasicOzoneFileSystem.java:757)
	at org.apache.hadoop.fs.ozone.TestOzoneFileSystem.checkPath(TestOzoneFileSystem.java:504)
	at org.apache.hadoop.fs.ozone.TestOzoneFileSystem.testRecursiveDelete(TestOzoneFileSystem.java:459)
	at sun.reflect.NativeMethodAccessorImpl.invoke0(Native Method)
	at sun.reflect.NativeMethodAccessorImpl.invoke(NativeMethodAccessorImpl.java:62)
	at sun.reflect.DelegatingMethodAccessorImpl.invoke(DelegatingMethodAccessorImpl.java:43)
	at java.lang.reflect.Method.invoke(Method.java:498)
	at org.junit.runners.model.FrameworkMethod$1.runReflectiveCall(FrameworkMethod.java:59)
	at org.junit.internal.runners.model.ReflectiveCallable.run(ReflectiveCallable.java:12)
	at org.junit.runners.model.FrameworkMethod.invokeExplosively(FrameworkMethod.java:56)
	at org.junit.internal.runners.statements.InvokeMethod.evaluate(InvokeMethod.java:17)
	at org.junit.internal.runners.statements.RunAfters.evaluate(RunAfters.java:27)
	at org.junit.internal.runners.statements.FailOnTimeout$CallableStatement.call(FailOnTimeout.java:288)
	at org.junit.internal.runners.statements.FailOnTimeout$CallableStatement.call(FailOnTimeout.java:282)
	at java.util.concurrent.FutureTask.run(FutureTask.java:266)
	at java.lang.Thread.run(Thread.java:750)
09:54:22.249 [IPC Server handler 9 on default port 33915] ERROR OMAudit - user=runner | ip=127.0.0.1 | op=GET_FILE_STATUS {volume=volume02959, bucket=bucket36363, key=gdir1/dir10/child, dataSize=0, replicationConfig=null} | ret=FAILURE
org.apache.hadoop.ozone.om.exceptions.OMException: Unable to get file status: volume: volume02959 bucket: bucket36363 key: gdir1/dir10/child
	at org.apache.hadoop.ozone.om.KeyManagerImpl.getOzoneFileStatus(KeyManagerImpl.java:1324) ~[ozone-manager-1.3.0-SNAPSHOT.jar:?]
	at org.apache.hadoop.ozone.om.KeyManagerImpl.getFileStatus(KeyManagerImpl.java:1254) ~[ozone-manager-1.3.0-SNAPSHOT.jar:?]
	at org.apache.hadoop.ozone.om.OzoneManager.getFileStatus(OzoneManager.java:3506) ~[ozone-manager-1.3.0-SNAPSHOT.jar:?]
	at org.apache.hadoop.ozone.protocolPB.OzoneManagerRequestHandler.getOzoneFileStatus(OzoneManagerRequestHandler.java:882) ~[ozone-manager-1.3.0-SNAPSHOT.jar:?]
	at org.apache.hadoop.ozone.protocolPB.OzoneManagerRequestHandler.handleReadRequest(OzoneManagerRequestHandler.java:228) ~[ozone-manager-1.3.0-SNAPSHOT.jar:?]
	at org.apache.hadoop.ozone.protocolPB.OzoneManagerProtocolServerSideTranslatorPB.submitReadRequestToOM(OzoneManagerProtocolServerSideTranslatorPB.java:226) ~[ozone-manager-1.3.0-SNAPSHOT.jar:?]
	at org.apache.hadoop.ozone.protocolPB.OzoneManagerProtocolServerSideTranslatorPB.processRequest(OzoneManagerProtocolServerSideTranslatorPB.java:175) ~[ozone-manager-1.3.0-SNAPSHOT.jar:?]
	at org.apache.hadoop.hdds.server.OzoneProtocolMessageDispatcher.processRequest(OzoneProtocolMessageDispatcher.java:87) [hdds-server-framework-1.3.0-SNAPSHOT.jar:?]
	at org.apache.hadoop.ozone.protocolPB.OzoneManagerProtocolServerSideTranslatorPB.submitRequest(OzoneManagerProtocolServerSideTranslatorPB.java:147) [ozone-manager-1.3.0-SNAPSHOT.jar:?]
	at org.apache.hadoop.ozone.protocol.proto.OzoneManagerProtocolProtos$OzoneManagerService$2.callBlockingMethod(OzoneManagerProtocolProtos.java) [ozone-interface-client-1.3.0-SNAPSHOT.jar:?]
	at org.apache.hadoop.ipc.ProtobufRpcEngine$Server.processCall(ProtobufRpcEngine.java:466) [hadoop-common-3.3.1.jar:?]
	at org.apache.hadoop.ipc.ProtobufRpcEngine2$Server$ProtoBufRpcInvoker.call(ProtobufRpcEngine2.java:574) [hadoop-common-3.3.1.jar:?]
	at org.apache.hadoop.ipc.ProtobufRpcEngine2$Server$ProtoBufRpcInvoker.call(ProtobufRpcEngine2.java:552) [hadoop-common-3.3.1.jar:?]
	at org.apache.hadoop.ipc.RPC$Server.call(RPC.java:1093) [hadoop-common-3.3.1.jar:?]
	at org.apache.hadoop.ipc.Server$RpcCall.run(Server.java:1035) [hadoop-common-3.3.1.jar:?]
	at org.apache.hadoop.ipc.Server$RpcCall.run(Server.java:963) [hadoop-common-3.3.1.jar:?]
	at java.security.AccessController.doPrivileged(Native Method) ~[?:1.8.0_345]
	at javax.security.auth.Subject.doAs(Subject.java:422) [?:1.8.0_345]
	at org.apache.hadoop.security.UserGroupInformation.doAs(UserGroupInformation.java:1878) [hadoop-common-3.3.1.jar:?]
	at org.apache.hadoop.ipc.Server$Handler.run(Server.java:2966) [hadoop-common-3.3.1.jar:?]
2022-09-28 09:54:22,251 [Time-limited test] WARN  ozone.BasicOzoneFileSystem (BasicOzoneFileSystem.java:getFileStatus(765)) - GetFileStatus failed for path /gdir1/dir10/child
java.io.FileNotFoundException: gdir1/dir10/child: No such file or directory!
	at org.apache.hadoop.fs.ozone.BasicOzoneClientAdapterImpl.getFileStatus(BasicOzoneClientAdapterImpl.java:369)
	at org.apache.hadoop.fs.ozone.BasicOzoneFileSystem.getFileStatus(BasicOzoneFileSystem.java:757)
	at org.apache.hadoop.fs.ozone.TestOzoneFileSystem.checkPath(TestOzoneFileSystem.java:504)
	at org.apache.hadoop.fs.ozone.TestOzoneFileSystem.testRecursiveDelete(TestOzoneFileSystem.java:460)
	at sun.reflect.NativeMethodAccessorImpl.invoke0(Native Method)
	at sun.reflect.NativeMethodAccessorImpl.invoke(NativeMethodAccessorImpl.java:62)
	at sun.reflect.DelegatingMethodAccessorImpl.invoke(DelegatingMethodAccessorImpl.java:43)
	at java.lang.reflect.Method.invoke(Method.java:498)
	at org.junit.runners.model.FrameworkMethod$1.runReflectiveCall(FrameworkMethod.java:59)
	at org.junit.internal.runners.model.ReflectiveCallable.run(ReflectiveCallable.java:12)
	at org.junit.runners.model.FrameworkMethod.invokeExplosively(FrameworkMethod.java:56)
	at org.junit.internal.runners.statements.InvokeMethod.evaluate(InvokeMethod.java:17)
	at org.junit.internal.runners.statements.RunAfters.evaluate(RunAfters.java:27)
	at org.junit.internal.runners.statements.FailOnTimeout$CallableStatement.call(FailOnTimeout.java:288)
	at org.junit.internal.runners.statements.FailOnTimeout$CallableStatement.call(FailOnTimeout.java:282)
	at java.util.concurrent.FutureTask.run(FutureTask.java:266)
	at java.lang.Thread.run(Thread.java:750)
09:54:22.347 [IPC Server handler 0 on default port 33915] ERROR OMAudit - user=runner | ip=127.0.0.1 | op=GET_FILE_STATUS {volume=volume02959, bucket=bucket36363, key=level0, dataSize=0, replicationConfig=null} | ret=FAILURE
org.apache.hadoop.ozone.om.exceptions.OMException: Unable to get file status: volume: volume02959 bucket: bucket36363 key: level0
	at org.apache.hadoop.ozone.om.KeyManagerImpl.getOzoneFileStatus(KeyManagerImpl.java:1324) ~[ozone-manager-1.3.0-SNAPSHOT.jar:?]
	at org.apache.hadoop.ozone.om.KeyManagerImpl.getFileStatus(KeyManagerImpl.java:1254) ~[ozone-manager-1.3.0-SNAPSHOT.jar:?]
	at org.apache.hadoop.ozone.om.OzoneManager.getFileStatus(OzoneManager.java:3506) ~[ozone-manager-1.3.0-SNAPSHOT.jar:?]
	at org.apache.hadoop.ozone.protocolPB.OzoneManagerRequestHandler.getOzoneFileStatus(OzoneManagerRequestHandler.java:882) ~[ozone-manager-1.3.0-SNAPSHOT.jar:?]
	at org.apache.hadoop.ozone.protocolPB.OzoneManagerRequestHandler.handleReadRequest(OzoneManagerRequestHandler.java:228) ~[ozone-manager-1.3.0-SNAPSHOT.jar:?]
	at org.apache.hadoop.ozone.protocolPB.OzoneManagerProtocolServerSideTranslatorPB.submitReadRequestToOM(OzoneManagerProtocolServerSideTranslatorPB.java:226) ~[ozone-manager-1.3.0-SNAPSHOT.jar:?]
	at org.apache.hadoop.ozone.protocolPB.OzoneManagerProtocolServerSideTranslatorPB.processRequest(OzoneManagerProtocolServerSideTranslatorPB.java:175) ~[ozone-manager-1.3.0-SNAPSHOT.jar:?]
	at org.apache.hadoop.hdds.server.OzoneProtocolMessageDispatcher.processRequest(OzoneProtocolMessageDispatcher.java:87) [hdds-server-framework-1.3.0-SNAPSHOT.jar:?]
	at org.apache.hadoop.ozone.protocolPB.OzoneManagerProtocolServerSideTranslatorPB.submitRequest(OzoneManagerProtocolServerSideTranslatorPB.java:147) [ozone-manager-1.3.0-SNAPSHOT.jar:?]
	at org.apache.hadoop.ozone.protocol.proto.OzoneManagerProtocolProtos$OzoneManagerService$2.callBlockingMethod(OzoneManagerProtocolProtos.java) [ozone-interface-client-1.3.0-SNAPSHOT.jar:?]
	at org.apache.hadoop.ipc.ProtobufRpcEngine$Server.processCall(ProtobufRpcEngine.java:466) [hadoop-common-3.3.1.jar:?]
	at org.apache.hadoop.ipc.ProtobufRpcEngine2$Server$ProtoBufRpcInvoker.call(ProtobufRpcEngine2.java:574) [hadoop-common-3.3.1.jar:?]
	at org.apache.hadoop.ipc.ProtobufRpcEngine2$Server$ProtoBufRpcInvoker.call(ProtobufRpcEngine2.java:552) [hadoop-common-3.3.1.jar:?]
	at org.apache.hadoop.ipc.RPC$Server.call(RPC.java:1093) [hadoop-common-3.3.1.jar:?]
	at org.apache.hadoop.ipc.Server$RpcCall.run(Server.java:1035) [hadoop-common-3.3.1.jar:?]
	at org.apache.hadoop.ipc.Server$RpcCall.run(Server.java:963) [hadoop-common-3.3.1.jar:?]
	at java.security.AccessController.doPrivileged(Native Method) ~[?:1.8.0_345]
	at javax.security.auth.Subject.doAs(Subject.java:422) [?:1.8.0_345]
	at org.apache.hadoop.security.UserGroupInformation.doAs(UserGroupInformation.java:1878) [hadoop-common-3.3.1.jar:?]
	at org.apache.hadoop.ipc.Server$Handler.run(Server.java:2966) [hadoop-common-3.3.1.jar:?]
2022-09-28 09:54:22,347 [Time-limited test] WARN  ozone.BasicOzoneFileSystem (BasicOzoneFileSystem.java:getFileStatus(765)) - GetFileStatus failed for path /level0
java.io.FileNotFoundException: level0: No such file or directory!
	at org.apache.hadoop.fs.ozone.BasicOzoneClientAdapterImpl.getFileStatus(BasicOzoneClientAdapterImpl.java:369)
	at org.apache.hadoop.fs.ozone.BasicOzoneFileSystem.getFileStatus(BasicOzoneFileSystem.java:757)
	at org.apache.hadoop.fs.ozone.TestOzoneFileSystem.checkPath(TestOzoneFileSystem.java:504)
	at org.apache.hadoop.fs.ozone.TestOzoneFileSystem.testRecursiveDelete(TestOzoneFileSystem.java:488)
	at sun.reflect.NativeMethodAccessorImpl.invoke0(Native Method)
	at sun.reflect.NativeMethodAccessorImpl.invoke(NativeMethodAccessorImpl.java:62)
	at sun.reflect.DelegatingMethodAccessorImpl.invoke(DelegatingMethodAccessorImpl.java:43)
	at java.lang.reflect.Method.invoke(Method.java:498)
	at org.junit.runners.model.FrameworkMethod$1.runReflectiveCall(FrameworkMethod.java:59)
	at org.junit.internal.runners.model.ReflectiveCallable.run(ReflectiveCallable.java:12)
	at org.junit.runners.model.FrameworkMethod.invokeExplosively(FrameworkMethod.java:56)
	at org.junit.internal.runners.statements.InvokeMethod.evaluate(InvokeMethod.java:17)
	at org.junit.internal.runners.statements.RunAfters.evaluate(RunAfters.java:27)
	at org.junit.internal.runners.statements.FailOnTimeout$CallableStatement.call(FailOnTimeout.java:288)
	at org.junit.internal.runners.statements.FailOnTimeout$CallableStatement.call(FailOnTimeout.java:282)
	at java.util.concurrent.FutureTask.run(FutureTask.java:266)
	at java.lang.Thread.run(Thread.java:750)
09:54:22.348 [IPC Server handler 1 on default port 33915] ERROR OMAudit - user=runner | ip=127.0.0.1 | op=GET_FILE_STATUS {volume=volume02959, bucket=bucket36363, key=level0/level1, dataSize=0, replicationConfig=null} | ret=FAILURE
org.apache.hadoop.ozone.om.exceptions.OMException: Unable to get file status: volume: volume02959 bucket: bucket36363 key: level0/level1
	at org.apache.hadoop.ozone.om.KeyManagerImpl.getOzoneFileStatus(KeyManagerImpl.java:1324) ~[ozone-manager-1.3.0-SNAPSHOT.jar:?]
	at org.apache.hadoop.ozone.om.KeyManagerImpl.getFileStatus(KeyManagerImpl.java:1254) ~[ozone-manager-1.3.0-SNAPSHOT.jar:?]
	at org.apache.hadoop.ozone.om.OzoneManager.getFileStatus(OzoneManager.java:3506) ~[ozone-manager-1.3.0-SNAPSHOT.jar:?]
	at org.apache.hadoop.ozone.protocolPB.OzoneManagerRequestHandler.getOzoneFileStatus(OzoneManagerRequestHandler.java:882) ~[ozone-manager-1.3.0-SNAPSHOT.jar:?]
	at org.apache.hadoop.ozone.protocolPB.OzoneManagerRequestHandler.handleReadRequest(OzoneManagerRequestHandler.java:228) ~[ozone-manager-1.3.0-SNAPSHOT.jar:?]
	at org.apache.hadoop.ozone.protocolPB.OzoneManagerProtocolServerSideTranslatorPB.submitReadRequestToOM(OzoneManagerProtocolServerSideTranslatorPB.java:226) ~[ozone-manager-1.3.0-SNAPSHOT.jar:?]
	at org.apache.hadoop.ozone.protocolPB.OzoneManagerProtocolServerSideTranslatorPB.processRequest(OzoneManagerProtocolServerSideTranslatorPB.java:175) ~[ozone-manager-1.3.0-SNAPSHOT.jar:?]
	at org.apache.hadoop.hdds.server.OzoneProtocolMessageDispatcher.processRequest(OzoneProtocolMessageDispatcher.java:87) [hdds-server-framework-1.3.0-SNAPSHOT.jar:?]
	at org.apache.hadoop.ozone.protocolPB.OzoneManagerProtocolServerSideTranslatorPB.submitRequest(OzoneManagerProtocolServerSideTranslatorPB.java:147) [ozone-manager-1.3.0-SNAPSHOT.jar:?]
	at org.apache.hadoop.ozone.protocol.proto.OzoneManagerProtocolProtos$OzoneManagerService$2.callBlockingMethod(OzoneManagerProtocolProtos.java) [ozone-interface-client-1.3.0-SNAPSHOT.jar:?]
	at org.apache.hadoop.ipc.ProtobufRpcEngine$Server.processCall(ProtobufRpcEngine.java:466) [hadoop-common-3.3.1.jar:?]
	at org.apache.hadoop.ipc.ProtobufRpcEngine2$Server$ProtoBufRpcInvoker.call(ProtobufRpcEngine2.java:574) [hadoop-common-3.3.1.jar:?]
	at org.apache.hadoop.ipc.ProtobufRpcEngine2$Server$ProtoBufRpcInvoker.call(ProtobufRpcEngine2.java:552) [hadoop-common-3.3.1.jar:?]
	at org.apache.hadoop.ipc.RPC$Server.call(RPC.java:1093) [hadoop-common-3.3.1.jar:?]
	at org.apache.hadoop.ipc.Server$RpcCall.run(Server.java:1035) [hadoop-common-3.3.1.jar:?]
	at org.apache.hadoop.ipc.Server$RpcCall.run(Server.java:963) [hadoop-common-3.3.1.jar:?]
	at java.security.AccessController.doPrivileged(Native Method) ~[?:1.8.0_345]
	at javax.security.auth.Subject.doAs(Subject.java:422) [?:1.8.0_345]
	at org.apache.hadoop.security.UserGroupInformation.doAs(UserGroupInformation.java:1878) [hadoop-common-3.3.1.jar:?]
	at org.apache.hadoop.ipc.Server$Handler.run(Server.java:2966) [hadoop-common-3.3.1.jar:?]
2022-09-28 09:54:22,349 [Time-limited test] WARN  ozone.BasicOzoneFileSystem (BasicOzoneFileSystem.java:getFileStatus(765)) - GetFileStatus failed for path /level0/level1
java.io.FileNotFoundException: level0/level1: No such file or directory!
	at org.apache.hadoop.fs.ozone.BasicOzoneClientAdapterImpl.getFileStatus(BasicOzoneClientAdapterImpl.java:369)
	at org.apache.hadoop.fs.ozone.BasicOzoneFileSystem.getFileStatus(BasicOzoneFileSystem.java:757)
	at org.apache.hadoop.fs.ozone.TestOzoneFileSystem.checkPath(TestOzoneFileSystem.java:504)
	at org.apache.hadoop.fs.ozone.TestOzoneFileSystem.testRecursiveDelete(TestOzoneFileSystem.java:495)
	at sun.reflect.NativeMethodAccessorImpl.invoke0(Native Method)
	at sun.reflect.NativeMethodAccessorImpl.invoke(NativeMethodAccessorImpl.java:62)
	at sun.reflect.DelegatingMethodAccessorImpl.invoke(DelegatingMethodAccessorImpl.java:43)
	at java.lang.reflect.Method.invoke(Method.java:498)
	at org.junit.runners.model.FrameworkMethod$1.runReflectiveCall(FrameworkMethod.java:59)
	at org.junit.internal.runners.model.ReflectiveCallable.run(ReflectiveCallable.java:12)
	at org.junit.runners.model.FrameworkMethod.invokeExplosively(FrameworkMethod.java:56)
	at org.junit.internal.runners.statements.InvokeMethod.evaluate(InvokeMethod.java:17)
	at org.junit.internal.runners.statements.RunAfters.evaluate(RunAfters.java:27)
	at org.junit.internal.runners.statements.FailOnTimeout$CallableStatement.call(FailOnTimeout.java:288)
	at org.junit.internal.runners.statements.FailOnTimeout$CallableStatement.call(FailOnTimeout.java:282)
	at java.util.concurrent.FutureTask.run(FutureTask.java:266)
	at java.lang.Thread.run(Thread.java:750)
09:54:22.349 [IPC Server handler 2 on default port 33915] ERROR OMAudit - user=runner | ip=127.0.0.1 | op=GET_FILE_STATUS {volume=volume02959, bucket=bucket36363, key=level0/level1/level1, dataSize=0, replicationConfig=null} | ret=FAILURE
org.apache.hadoop.ozone.om.exceptions.OMException: Unable to get file status: volume: volume02959 bucket: bucket36363 key: level0/level1/level1
	at org.apache.hadoop.ozone.om.KeyManagerImpl.getOzoneFileStatus(KeyManagerImpl.java:1324) ~[ozone-manager-1.3.0-SNAPSHOT.jar:?]
	at org.apache.hadoop.ozone.om.KeyManagerImpl.getFileStatus(KeyManagerImpl.java:1254) ~[ozone-manager-1.3.0-SNAPSHOT.jar:?]
	at org.apache.hadoop.ozone.om.OzoneManager.getFileStatus(OzoneManager.java:3506) ~[ozone-manager-1.3.0-SNAPSHOT.jar:?]
	at org.apache.hadoop.ozone.protocolPB.OzoneManagerRequestHandler.getOzoneFileStatus(OzoneManagerRequestHandler.java:882) ~[ozone-manager-1.3.0-SNAPSHOT.jar:?]
	at org.apache.hadoop.ozone.protocolPB.OzoneManagerRequestHandler.handleReadRequest(OzoneManagerRequestHandler.java:228) ~[ozone-manager-1.3.0-SNAPSHOT.jar:?]
	at org.apache.hadoop.ozone.protocolPB.OzoneManagerProtocolServerSideTranslatorPB.submitReadRequestToOM(OzoneManagerProtocolServerSideTranslatorPB.java:226) ~[ozone-manager-1.3.0-SNAPSHOT.jar:?]
	at org.apache.hadoop.ozone.protocolPB.OzoneManagerProtocolServerSideTranslatorPB.processRequest(OzoneManagerProtocolServerSideTranslatorPB.java:175) ~[ozone-manager-1.3.0-SNAPSHOT.jar:?]
	at org.apache.hadoop.hdds.server.OzoneProtocolMessageDispatcher.processRequest(OzoneProtocolMessageDispatcher.java:87) [hdds-server-framework-1.3.0-SNAPSHOT.jar:?]
	at org.apache.hadoop.ozone.protocolPB.OzoneManagerProtocolServerSideTranslatorPB.submitRequest(OzoneManagerProtocolServerSideTranslatorPB.java:147) [ozone-manager-1.3.0-SNAPSHOT.jar:?]
	at org.apache.hadoop.ozone.protocol.proto.OzoneManagerProtocolProtos$OzoneManagerService$2.callBlockingMethod(OzoneManagerProtocolProtos.java) [ozone-interface-client-1.3.0-SNAPSHOT.jar:?]
	at org.apache.hadoop.ipc.ProtobufRpcEngine$Server.processCall(ProtobufRpcEngine.java:466) [hadoop-common-3.3.1.jar:?]
	at org.apache.hadoop.ipc.ProtobufRpcEngine2$Server$ProtoBufRpcInvoker.call(ProtobufRpcEngine2.java:574) [hadoop-common-3.3.1.jar:?]
	at org.apache.hadoop.ipc.ProtobufRpcEngine2$Server$ProtoBufRpcInvoker.call(ProtobufRpcEngine2.java:552) [hadoop-common-3.3.1.jar:?]
	at org.apache.hadoop.ipc.RPC$Server.call(RPC.java:1093) [hadoop-common-3.3.1.jar:?]
	at org.apache.hadoop.ipc.Server$RpcCall.run(Server.java:1035) [hadoop-common-3.3.1.jar:?]
	at org.apache.hadoop.ipc.Server$RpcCall.run(Server.java:963) [hadoop-common-3.3.1.jar:?]
	at java.security.AccessController.doPrivileged(Native Method) ~[?:1.8.0_345]
	at javax.security.auth.Subject.doAs(Subject.java:422) [?:1.8.0_345]
	at org.apache.hadoop.security.UserGroupInformation.doAs(UserGroupInformation.java:1878) [hadoop-common-3.3.1.jar:?]
	at org.apache.hadoop.ipc.Server$Handler.run(Server.java:2966) [hadoop-common-3.3.1.jar:?]
2022-09-28 09:54:22,350 [Time-limited test] WARN  ozone.BasicOzoneFileSystem (BasicOzoneFileSystem.java:getFileStatus(765)) - GetFileStatus failed for path /level0/level1/level1
java.io.FileNotFoundException: level0/level1/level1: No such file or directory!
	at org.apache.hadoop.fs.ozone.BasicOzoneClientAdapterImpl.getFileStatus(BasicOzoneClientAdapterImpl.java:369)
	at org.apache.hadoop.fs.ozone.BasicOzoneFileSystem.getFileStatus(BasicOzoneFileSystem.java:757)
	at org.apache.hadoop.fs.ozone.TestOzoneFileSystem.checkPath(TestOzoneFileSystem.java:504)
	at org.apache.hadoop.fs.ozone.TestOzoneFileSystem.testRecursiveDelete(TestOzoneFileSystem.java:496)
	at sun.reflect.NativeMethodAccessorImpl.invoke0(Native Method)
	at sun.reflect.NativeMethodAccessorImpl.invoke(NativeMethodAccessorImpl.java:62)
	at sun.reflect.DelegatingMethodAccessorImpl.invoke(DelegatingMethodAccessorImpl.java:43)
	at java.lang.reflect.Method.invoke(Method.java:498)
	at org.junit.runners.model.FrameworkMethod$1.runReflectiveCall(FrameworkMethod.java:59)
	at org.junit.internal.runners.model.ReflectiveCallable.run(ReflectiveCallable.java:12)
	at org.junit.runners.model.FrameworkMethod.invokeExplosively(FrameworkMethod.java:56)
	at org.junit.internal.runners.statements.InvokeMethod.evaluate(InvokeMethod.java:17)
	at org.junit.internal.runners.statements.RunAfters.evaluate(RunAfters.java:27)
	at org.junit.internal.runners.statements.FailOnTimeout$CallableStatement.call(FailOnTimeout.java:288)
	at org.junit.internal.runners.statements.FailOnTimeout$CallableStatement.call(FailOnTimeout.java:282)
	at java.util.concurrent.FutureTask.run(FutureTask.java:266)
	at java.lang.Thread.run(Thread.java:750)
09:54:22.351 [IPC Server handler 4 on default port 33915] ERROR OMAudit - user=runner | ip=127.0.0.1 | op=GET_FILE_STATUS {volume=volume02959, bucket=bucket36363, key=level0/level1/file1, dataSize=0, replicationConfig=null} | ret=FAILURE
org.apache.hadoop.ozone.om.exceptions.OMException: Unable to get file status: volume: volume02959 bucket: bucket36363 key: level0/level1/file1
	at org.apache.hadoop.ozone.om.KeyManagerImpl.getOzoneFileStatus(KeyManagerImpl.java:1324) ~[ozone-manager-1.3.0-SNAPSHOT.jar:?]
	at org.apache.hadoop.ozone.om.KeyManagerImpl.getFileStatus(KeyManagerImpl.java:1254) ~[ozone-manager-1.3.0-SNAPSHOT.jar:?]
	at org.apache.hadoop.ozone.om.OzoneManager.getFileStatus(OzoneManager.java:3506) ~[ozone-manager-1.3.0-SNAPSHOT.jar:?]
	at org.apache.hadoop.ozone.protocolPB.OzoneManagerRequestHandler.getOzoneFileStatus(OzoneManagerRequestHandler.java:882) ~[ozone-manager-1.3.0-SNAPSHOT.jar:?]
	at org.apache.hadoop.ozone.protocolPB.OzoneManagerRequestHandler.handleReadRequest(OzoneManagerRequestHandler.java:228) ~[ozone-manager-1.3.0-SNAPSHOT.jar:?]
	at org.apache.hadoop.ozone.protocolPB.OzoneManagerProtocolServerSideTranslatorPB.submitReadRequestToOM(OzoneManagerProtocolServerSideTranslatorPB.java:226) ~[ozone-manager-1.3.0-SNAPSHOT.jar:?]
	at org.apache.hadoop.ozone.protocolPB.OzoneManagerProtocolServerSideTranslatorPB.processRequest(OzoneManagerProtocolServerSideTranslatorPB.java:175) ~[ozone-manager-1.3.0-SNAPSHOT.jar:?]
	at org.apache.hadoop.hdds.server.OzoneProtocolMessageDispatcher.processRequest(OzoneProtocolMessageDispatcher.java:87) [hdds-server-framework-1.3.0-SNAPSHOT.jar:?]
	at org.apache.hadoop.ozone.protocolPB.OzoneManagerProtocolServerSideTranslatorPB.submitRequest(OzoneManagerProtocolServerSideTranslatorPB.java:147) [ozone-manager-1.3.0-SNAPSHOT.jar:?]
	at org.apache.hadoop.ozone.protocol.proto.OzoneManagerProtocolProtos$OzoneManagerService$2.callBlockingMethod(OzoneManagerProtocolProtos.java) [ozone-interface-client-1.3.0-SNAPSHOT.jar:?]
	at org.apache.hadoop.ipc.ProtobufRpcEngine$Server.processCall(ProtobufRpcEngine.java:466) [hadoop-common-3.3.1.jar:?]
	at org.apache.hadoop.ipc.ProtobufRpcEngine2$Server$ProtoBufRpcInvoker.call(ProtobufRpcEngine2.java:574) [hadoop-common-3.3.1.jar:?]
	at org.apache.hadoop.ipc.ProtobufRpcEngine2$Server$ProtoBufRpcInvoker.call(ProtobufRpcEngine2.java:552) [hadoop-common-3.3.1.jar:?]
	at org.apache.hadoop.ipc.RPC$Server.call(RPC.java:1093) [hadoop-common-3.3.1.jar:?]
	at org.apache.hadoop.ipc.Server$RpcCall.run(Server.java:1035) [hadoop-common-3.3.1.jar:?]
	at org.apache.hadoop.ipc.Server$RpcCall.run(Server.java:963) [hadoop-common-3.3.1.jar:?]
	at java.security.AccessController.doPrivileged(Native Method) ~[?:1.8.0_345]
	at javax.security.auth.Subject.doAs(Subject.java:422) [?:1.8.0_345]
	at org.apache.hadoop.security.UserGroupInformation.doAs(UserGroupInformation.java:1878) [hadoop-common-3.3.1.jar:?]
	at org.apache.hadoop.ipc.Server$Handler.run(Server.java:2966) [hadoop-common-3.3.1.jar:?]
2022-09-28 09:54:22,351 [Time-limited test] WARN  ozone.BasicOzoneFileSystem (BasicOzoneFileSystem.java:getFileStatus(765)) - GetFileStatus failed for path /level0/level1/file1
java.io.FileNotFoundException: level0/level1/file1: No such file or directory!
	at org.apache.hadoop.fs.ozone.BasicOzoneClientAdapterImpl.getFileStatus(BasicOzoneClientAdapterImpl.java:369)
	at org.apache.hadoop.fs.ozone.BasicOzoneFileSystem.getFileStatus(BasicOzoneFileSystem.java:757)
	at org.apache.hadoop.fs.ozone.TestOzoneFileSystem.checkPath(TestOzoneFileSystem.java:504)
	at org.apache.hadoop.fs.ozone.TestOzoneFileSystem.testRecursiveDelete(TestOzoneFileSystem.java:497)
	at sun.reflect.NativeMethodAccessorImpl.invoke0(Native Method)
	at sun.reflect.NativeMethodAccessorImpl.invoke(NativeMethodAccessorImpl.java:62)
	at sun.reflect.DelegatingMethodAccessorImpl.invoke(DelegatingMethodAccessorImpl.java:43)
	at java.lang.reflect.Method.invoke(Method.java:498)
	at org.junit.runners.model.FrameworkMethod$1.runReflectiveCall(FrameworkMethod.java:59)
	at org.junit.internal.runners.model.ReflectiveCallable.run(ReflectiveCallable.java:12)
	at org.junit.runners.model.FrameworkMethod.invokeExplosively(FrameworkMethod.java:56)
	at org.junit.internal.runners.statements.InvokeMethod.evaluate(InvokeMethod.java:17)
	at org.junit.internal.runners.statements.RunAfters.evaluate(RunAfters.java:27)
	at org.junit.internal.runners.statements.FailOnTimeout$CallableStatement.call(FailOnTimeout.java:288)
	at org.junit.internal.runners.statements.FailOnTimeout$CallableStatement.call(FailOnTimeout.java:282)
	at java.util.concurrent.FutureTask.run(FutureTask.java:266)
	at java.lang.Thread.run(Thread.java:750)
09:54:22.352 [IPC Server handler 12 on default port 33915] ERROR OMAudit - user=runner | ip=127.0.0.1 | op=GET_FILE_STATUS {volume=volume02959, bucket=bucket36363, key=level0/level1/level1/file1, dataSize=0, replicationConfig=null} | ret=FAILURE
org.apache.hadoop.ozone.om.exceptions.OMException: Unable to get file status: volume: volume02959 bucket: bucket36363 key: level0/level1/level1/file1
	at org.apache.hadoop.ozone.om.KeyManagerImpl.getOzoneFileStatus(KeyManagerImpl.java:1324) ~[ozone-manager-1.3.0-SNAPSHOT.jar:?]
	at org.apache.hadoop.ozone.om.KeyManagerImpl.getFileStatus(KeyManagerImpl.java:1254) ~[ozone-manager-1.3.0-SNAPSHOT.jar:?]
	at org.apache.hadoop.ozone.om.OzoneManager.getFileStatus(OzoneManager.java:3506) ~[ozone-manager-1.3.0-SNAPSHOT.jar:?]
	at org.apache.hadoop.ozone.protocolPB.OzoneManagerRequestHandler.getOzoneFileStatus(OzoneManagerRequestHandler.java:882) ~[ozone-manager-1.3.0-SNAPSHOT.jar:?]
	at org.apache.hadoop.ozone.protocolPB.OzoneManagerRequestHandler.handleReadRequest(OzoneManagerRequestHandler.java:228) ~[ozone-manager-1.3.0-SNAPSHOT.jar:?]
	at org.apache.hadoop.ozone.protocolPB.OzoneManagerProtocolServerSideTranslatorPB.submitReadRequestToOM(OzoneManagerProtocolServerSideTranslatorPB.java:226) ~[ozone-manager-1.3.0-SNAPSHOT.jar:?]
	at org.apache.hadoop.ozone.protocolPB.OzoneManagerProtocolServerSideTranslatorPB.processRequest(OzoneManagerProtocolServerSideTranslatorPB.java:175) ~[ozone-manager-1.3.0-SNAPSHOT.jar:?]
	at org.apache.hadoop.hdds.server.OzoneProtocolMessageDispatcher.processRequest(OzoneProtocolMessageDispatcher.java:87) [hdds-server-framework-1.3.0-SNAPSHOT.jar:?]
	at org.apache.hadoop.ozone.protocolPB.OzoneManagerProtocolServerSideTranslatorPB.submitRequest(OzoneManagerProtocolServerSideTranslatorPB.java:147) [ozone-manager-1.3.0-SNAPSHOT.jar:?]
	at org.apache.hadoop.ozone.protocol.proto.OzoneManagerProtocolProtos$OzoneManagerService$2.callBlockingMethod(OzoneManagerProtocolProtos.java) [ozone-interface-client-1.3.0-SNAPSHOT.jar:?]
	at org.apache.hadoop.ipc.ProtobufRpcEngine$Server.processCall(ProtobufRpcEngine.java:466) [hadoop-common-3.3.1.jar:?]
	at org.apache.hadoop.ipc.ProtobufRpcEngine2$Server$ProtoBufRpcInvoker.call(ProtobufRpcEngine2.java:574) [hadoop-common-3.3.1.jar:?]
	at org.apache.hadoop.ipc.ProtobufRpcEngine2$Server$ProtoBufRpcInvoker.call(ProtobufRpcEngine2.java:552) [hadoop-common-3.3.1.jar:?]
	at org.apache.hadoop.ipc.RPC$Server.call(RPC.java:1093) [hadoop-common-3.3.1.jar:?]
	at org.apache.hadoop.ipc.Server$RpcCall.run(Server.java:1035) [hadoop-common-3.3.1.jar:?]
	at org.apache.hadoop.ipc.Server$RpcCall.run(Server.java:963) [hadoop-common-3.3.1.jar:?]
	at java.security.AccessController.doPrivileged(Native Method) ~[?:1.8.0_345]
	at javax.security.auth.Subject.doAs(Subject.java:422) [?:1.8.0_345]
	at org.apache.hadoop.security.UserGroupInformation.doAs(UserGroupInformation.java:1878) [hadoop-common-3.3.1.jar:?]
	at org.apache.hadoop.ipc.Server$Handler.run(Server.java:2966) [hadoop-common-3.3.1.jar:?]
2022-09-28 09:54:22,352 [Time-limited test] WARN  ozone.BasicOzoneFileSystem (BasicOzoneFileSystem.java:getFileStatus(765)) - GetFileStatus failed for path /level0/level1/level1/file1
java.io.FileNotFoundException: level0/level1/level1/file1: No such file or directory!
	at org.apache.hadoop.fs.ozone.BasicOzoneClientAdapterImpl.getFileStatus(BasicOzoneClientAdapterImpl.java:369)
	at org.apache.hadoop.fs.ozone.BasicOzoneFileSystem.getFileStatus(BasicOzoneFileSystem.java:757)
	at org.apache.hadoop.fs.ozone.TestOzoneFileSystem.checkPath(TestOzoneFileSystem.java:504)
	at org.apache.hadoop.fs.ozone.TestOzoneFileSystem.testRecursiveDelete(TestOzoneFileSystem.java:498)
	at sun.reflect.NativeMethodAccessorImpl.invoke0(Native Method)
	at sun.reflect.NativeMethodAccessorImpl.invoke(NativeMethodAccessorImpl.java:62)
	at sun.reflect.DelegatingMethodAccessorImpl.invoke(DelegatingMethodAccessorImpl.java:43)
	at java.lang.reflect.Method.invoke(Method.java:498)
	at org.junit.runners.model.FrameworkMethod$1.runReflectiveCall(FrameworkMethod.java:59)
	at org.junit.internal.runners.model.ReflectiveCallable.run(ReflectiveCallable.java:12)
	at org.junit.runners.model.FrameworkMethod.invokeExplosively(FrameworkMethod.java:56)
	at org.junit.internal.runners.statements.InvokeMethod.evaluate(InvokeMethod.java:17)
	at org.junit.internal.runners.statements.RunAfters.evaluate(RunAfters.java:27)
	at org.junit.internal.runners.statements.FailOnTimeout$CallableStatement.call(FailOnTimeout.java:288)
	at org.junit.internal.runners.statements.FailOnTimeout$CallableStatement.call(FailOnTimeout.java:282)
	at java.util.concurrent.FutureTask.run(FutureTask.java:266)
	at java.lang.Thread.run(Thread.java:750)
09:54:22.353 [IPC Server handler 3 on default port 33915] ERROR OMAudit - user=runner | ip=127.0.0.1 | op=GET_FILE_STATUS {volume=volume02959, bucket=bucket36363, key=level0/level2, dataSize=0, replicationConfig=null} | ret=FAILURE
org.apache.hadoop.ozone.om.exceptions.OMException: Unable to get file status: volume: volume02959 bucket: bucket36363 key: level0/level2
	at org.apache.hadoop.ozone.om.KeyManagerImpl.getOzoneFileStatus(KeyManagerImpl.java:1324) ~[ozone-manager-1.3.0-SNAPSHOT.jar:?]
	at org.apache.hadoop.ozone.om.KeyManagerImpl.getFileStatus(KeyManagerImpl.java:1254) ~[ozone-manager-1.3.0-SNAPSHOT.jar:?]
	at org.apache.hadoop.ozone.om.OzoneManager.getFileStatus(OzoneManager.java:3506) ~[ozone-manager-1.3.0-SNAPSHOT.jar:?]
	at org.apache.hadoop.ozone.protocolPB.OzoneManagerRequestHandler.getOzoneFileStatus(OzoneManagerRequestHandler.java:882) ~[ozone-manager-1.3.0-SNAPSHOT.jar:?]
	at org.apache.hadoop.ozone.protocolPB.OzoneManagerRequestHandler.handleReadRequest(OzoneManagerRequestHandler.java:228) ~[ozone-manager-1.3.0-SNAPSHOT.jar:?]
	at org.apache.hadoop.ozone.protocolPB.OzoneManagerProtocolServerSideTranslatorPB.submitReadRequestToOM(OzoneManagerProtocolServerSideTranslatorPB.java:226) ~[ozone-manager-1.3.0-SNAPSHOT.jar:?]
	at org.apache.hadoop.ozone.protocolPB.OzoneManagerProtocolServerSideTranslatorPB.processRequest(OzoneManagerProtocolServerSideTranslatorPB.java:175) ~[ozone-manager-1.3.0-SNAPSHOT.jar:?]
	at org.apache.hadoop.hdds.server.OzoneProtocolMessageDispatcher.processRequest(OzoneProtocolMessageDispatcher.java:87) [hdds-server-framework-1.3.0-SNAPSHOT.jar:?]
	at org.apache.hadoop.ozone.protocolPB.OzoneManagerProtocolServerSideTranslatorPB.submitRequest(OzoneManagerProtocolServerSideTranslatorPB.java:147) [ozone-manager-1.3.0-SNAPSHOT.jar:?]
	at org.apache.hadoop.ozone.protocol.proto.OzoneManagerProtocolProtos$OzoneManagerService$2.callBlockingMethod(OzoneManagerProtocolProtos.java) [ozone-interface-client-1.3.0-SNAPSHOT.jar:?]
	at org.apache.hadoop.ipc.ProtobufRpcEngine$Server.processCall(ProtobufRpcEngine.java:466) [hadoop-common-3.3.1.jar:?]
	at org.apache.hadoop.ipc.ProtobufRpcEngine2$Server$ProtoBufRpcInvoker.call(ProtobufRpcEngine2.java:574) [hadoop-common-3.3.1.jar:?]
	at org.apache.hadoop.ipc.ProtobufRpcEngine2$Server$ProtoBufRpcInvoker.call(ProtobufRpcEngine2.java:552) [hadoop-common-3.3.1.jar:?]
	at org.apache.hadoop.ipc.RPC$Server.call(RPC.java:1093) [hadoop-common-3.3.1.jar:?]
	at org.apache.hadoop.ipc.Server$RpcCall.run(Server.java:1035) [hadoop-common-3.3.1.jar:?]
	at org.apache.hadoop.ipc.Server$RpcCall.run(Server.java:963) [hadoop-common-3.3.1.jar:?]
	at java.security.AccessController.doPrivileged(Native Method) ~[?:1.8.0_345]
	at javax.security.auth.Subject.doAs(Subject.java:422) [?:1.8.0_345]
	at org.apache.hadoop.security.UserGroupInformation.doAs(UserGroupInformation.java:1878) [hadoop-common-3.3.1.jar:?]
	at org.apache.hadoop.ipc.Server$Handler.run(Server.java:2966) [hadoop-common-3.3.1.jar:?]
2022-09-28 09:54:22,354 [Time-limited test] WARN  ozone.BasicOzoneFileSystem (BasicOzoneFileSystem.java:getFileStatus(765)) - GetFileStatus failed for path /level0/level2
java.io.FileNotFoundException: level0/level2: No such file or directory!
	at org.apache.hadoop.fs.ozone.BasicOzoneClientAdapterImpl.getFileStatus(BasicOzoneClientAdapterImpl.java:369)
	at org.apache.hadoop.fs.ozone.BasicOzoneFileSystem.getFileStatus(BasicOzoneFileSystem.java:757)
	at org.apache.hadoop.fs.ozone.TestOzoneFileSystem.checkPath(TestOzoneFileSystem.java:504)
	at org.apache.hadoop.fs.ozone.TestOzoneFileSystem.testRecursiveDelete(TestOzoneFileSystem.java:495)
	at sun.reflect.NativeMethodAccessorImpl.invoke0(Native Method)
	at sun.reflect.NativeMethodAccessorImpl.invoke(NativeMethodAccessorImpl.java:62)
	at sun.reflect.DelegatingMethodAccessorImpl.invoke(DelegatingMethodAccessorImpl.java:43)
	at java.lang.reflect.Method.invoke(Method.java:498)
	at org.junit.runners.model.FrameworkMethod$1.runReflectiveCall(FrameworkMethod.java:59)
	at org.junit.internal.runners.model.ReflectiveCallable.run(ReflectiveCallable.java:12)
	at org.junit.runners.model.FrameworkMethod.invokeExplosively(FrameworkMethod.java:56)
	at org.junit.internal.runners.statements.InvokeMethod.evaluate(InvokeMethod.java:17)
	at org.junit.internal.runners.statements.RunAfters.evaluate(RunAfters.java:27)
	at org.junit.internal.runners.statements.FailOnTimeout$CallableStatement.call(FailOnTimeout.java:288)
	at org.junit.internal.runners.statements.FailOnTimeout$CallableStatement.call(FailOnTimeout.java:282)
	at java.util.concurrent.FutureTask.run(FutureTask.java:266)
	at java.lang.Thread.run(Thread.java:750)
09:54:22.354 [IPC Server handler 9 on default port 33915] ERROR OMAudit - user=runner | ip=127.0.0.1 | op=GET_FILE_STATUS {volume=volume02959, bucket=bucket36363, key=level0/level2/level2, dataSize=0, replicationConfig=null} | ret=FAILURE
org.apache.hadoop.ozone.om.exceptions.OMException: Unable to get file status: volume: volume02959 bucket: bucket36363 key: level0/level2/level2
	at org.apache.hadoop.ozone.om.KeyManagerImpl.getOzoneFileStatus(KeyManagerImpl.java:1324) ~[ozone-manager-1.3.0-SNAPSHOT.jar:?]
	at org.apache.hadoop.ozone.om.KeyManagerImpl.getFileStatus(KeyManagerImpl.java:1254) ~[ozone-manager-1.3.0-SNAPSHOT.jar:?]
	at org.apache.hadoop.ozone.om.OzoneManager.getFileStatus(OzoneManager.java:3506) ~[ozone-manager-1.3.0-SNAPSHOT.jar:?]
	at org.apache.hadoop.ozone.protocolPB.OzoneManagerRequestHandler.getOzoneFileStatus(OzoneManagerRequestHandler.java:882) ~[ozone-manager-1.3.0-SNAPSHOT.jar:?]
	at org.apache.hadoop.ozone.protocolPB.OzoneManagerRequestHandler.handleReadRequest(OzoneManagerRequestHandler.java:228) ~[ozone-manager-1.3.0-SNAPSHOT.jar:?]
	at org.apache.hadoop.ozone.protocolPB.OzoneManagerProtocolServerSideTranslatorPB.submitReadRequestToOM(OzoneManagerProtocolServerSideTranslatorPB.java:226) ~[ozone-manager-1.3.0-SNAPSHOT.jar:?]
	at org.apache.hadoop.ozone.protocolPB.OzoneManagerProtocolServerSideTranslatorPB.processRequest(OzoneManagerProtocolServerSideTranslatorPB.java:175) ~[ozone-manager-1.3.0-SNAPSHOT.jar:?]
	at org.apache.hadoop.hdds.server.OzoneProtocolMessageDispatcher.processRequest(OzoneProtocolMessageDispatcher.java:87) [hdds-server-framework-1.3.0-SNAPSHOT.jar:?]
	at org.apache.hadoop.ozone.protocolPB.OzoneManagerProtocolServerSideTranslatorPB.submitRequest(OzoneManagerProtocolServerSideTranslatorPB.java:147) [ozone-manager-1.3.0-SNAPSHOT.jar:?]
	at org.apache.hadoop.ozone.protocol.proto.OzoneManagerProtocolProtos$OzoneManagerService$2.callBlockingMethod(OzoneManagerProtocolProtos.java) [ozone-interface-client-1.3.0-SNAPSHOT.jar:?]
	at org.apache.hadoop.ipc.ProtobufRpcEngine$Server.processCall(ProtobufRpcEngine.java:466) [hadoop-common-3.3.1.jar:?]
	at org.apache.hadoop.ipc.ProtobufRpcEngine2$Server$ProtoBufRpcInvoker.call(ProtobufRpcEngine2.java:574) [hadoop-common-3.3.1.jar:?]
	at org.apache.hadoop.ipc.ProtobufRpcEngine2$Server$ProtoBufRpcInvoker.call(ProtobufRpcEngine2.java:552) [hadoop-common-3.3.1.jar:?]
	at org.apache.hadoop.ipc.RPC$Server.call(RPC.java:1093) [hadoop-common-3.3.1.jar:?]
	at org.apache.hadoop.ipc.Server$RpcCall.run(Server.java:1035) [hadoop-common-3.3.1.jar:?]
	at org.apache.hadoop.ipc.Server$RpcCall.run(Server.java:963) [hadoop-common-3.3.1.jar:?]
	at java.security.AccessController.doPrivileged(Native Method) ~[?:1.8.0_345]
	at javax.security.auth.Subject.doAs(Subject.java:422) [?:1.8.0_345]
	at org.apache.hadoop.security.UserGroupInformation.doAs(UserGroupInformation.java:1878) [hadoop-common-3.3.1.jar:?]
	at org.apache.hadoop.ipc.Server$Handler.run(Server.java:2966) [hadoop-common-3.3.1.jar:?]
2022-09-28 09:54:22,355 [Time-limited test] WARN  ozone.BasicOzoneFileSystem (BasicOzoneFileSystem.java:getFileStatus(765)) - GetFileStatus failed for path /level0/level2/level2
java.io.FileNotFoundException: level0/level2/level2: No such file or directory!
	at org.apache.hadoop.fs.ozone.BasicOzoneClientAdapterImpl.getFileStatus(BasicOzoneClientAdapterImpl.java:369)
	at org.apache.hadoop.fs.ozone.BasicOzoneFileSystem.getFileStatus(BasicOzoneFileSystem.java:757)
	at org.apache.hadoop.fs.ozone.TestOzoneFileSystem.checkPath(TestOzoneFileSystem.java:504)
	at org.apache.hadoop.fs.ozone.TestOzoneFileSystem.testRecursiveDelete(TestOzoneFileSystem.java:496)
	at sun.reflect.NativeMethodAccessorImpl.invoke0(Native Method)
	at sun.reflect.NativeMethodAccessorImpl.invoke(NativeMethodAccessorImpl.java:62)
	at sun.reflect.DelegatingMethodAccessorImpl.invoke(DelegatingMethodAccessorImpl.java:43)
	at java.lang.reflect.Method.invoke(Method.java:498)
	at org.junit.runners.model.FrameworkMethod$1.runReflectiveCall(FrameworkMethod.java:59)
	at org.junit.internal.runners.model.ReflectiveCallable.run(ReflectiveCallable.java:12)
	at org.junit.runners.model.FrameworkMethod.invokeExplosively(FrameworkMethod.java:56)
	at org.junit.internal.runners.statements.InvokeMethod.evaluate(InvokeMethod.java:17)
	at org.junit.internal.runners.statements.RunAfters.evaluate(RunAfters.java:27)
	at org.junit.internal.runners.statements.FailOnTimeout$CallableStatement.call(FailOnTimeout.java:288)
	at org.junit.internal.runners.statements.FailOnTimeout$CallableStatement.call(FailOnTimeout.java:282)
	at java.util.concurrent.FutureTask.run(FutureTask.java:266)
	at java.lang.Thread.run(Thread.java:750)
09:54:22.356 [IPC Server handler 11 on default port 33915] ERROR OMAudit - user=runner | ip=127.0.0.1 | op=GET_FILE_STATUS {volume=volume02959, bucket=bucket36363, key=level0/level2/file1, dataSize=0, replicationConfig=null} | ret=FAILURE
org.apache.hadoop.ozone.om.exceptions.OMException: Unable to get file status: volume: volume02959 bucket: bucket36363 key: level0/level2/file1
	at org.apache.hadoop.ozone.om.KeyManagerImpl.getOzoneFileStatus(KeyManagerImpl.java:1324) ~[ozone-manager-1.3.0-SNAPSHOT.jar:?]
	at org.apache.hadoop.ozone.om.KeyManagerImpl.getFileStatus(KeyManagerImpl.java:1254) ~[ozone-manager-1.3.0-SNAPSHOT.jar:?]
	at org.apache.hadoop.ozone.om.OzoneManager.getFileStatus(OzoneManager.java:3506) ~[ozone-manager-1.3.0-SNAPSHOT.jar:?]
	at org.apache.hadoop.ozone.protocolPB.OzoneManagerRequestHandler.getOzoneFileStatus(OzoneManagerRequestHandler.java:882) ~[ozone-manager-1.3.0-SNAPSHOT.jar:?]
	at org.apache.hadoop.ozone.protocolPB.OzoneManagerRequestHandler.handleReadRequest(OzoneManagerRequestHandler.java:228) ~[ozone-manager-1.3.0-SNAPSHOT.jar:?]
	at org.apache.hadoop.ozone.protocolPB.OzoneManagerProtocolServerSideTranslatorPB.submitReadRequestToOM(OzoneManagerProtocolServerSideTranslatorPB.java:226) ~[ozone-manager-1.3.0-SNAPSHOT.jar:?]
	at org.apache.hadoop.ozone.protocolPB.OzoneManagerProtocolServerSideTranslatorPB.processRequest(OzoneManagerProtocolServerSideTranslatorPB.java:175) ~[ozone-manager-1.3.0-SNAPSHOT.jar:?]
	at org.apache.hadoop.hdds.server.OzoneProtocolMessageDispatcher.processRequest(OzoneProtocolMessageDispatcher.java:87) [hdds-server-framework-1.3.0-SNAPSHOT.jar:?]
	at org.apache.hadoop.ozone.protocolPB.OzoneManagerProtocolServerSideTranslatorPB.submitRequest(OzoneManagerProtocolServerSideTranslatorPB.java:147) [ozone-manager-1.3.0-SNAPSHOT.jar:?]
	at org.apache.hadoop.ozone.protocol.proto.OzoneManagerProtocolProtos$OzoneManagerService$2.callBlockingMethod(OzoneManagerProtocolProtos.java) [ozone-interface-client-1.3.0-SNAPSHOT.jar:?]
	at org.apache.hadoop.ipc.ProtobufRpcEngine$Server.processCall(ProtobufRpcEngine.java:466) [hadoop-common-3.3.1.jar:?]
	at org.apache.hadoop.ipc.ProtobufRpcEngine2$Server$ProtoBufRpcInvoker.call(ProtobufRpcEngine2.java:574) [hadoop-common-3.3.1.jar:?]
	at org.apache.hadoop.ipc.ProtobufRpcEngine2$Server$ProtoBufRpcInvoker.call(ProtobufRpcEngine2.java:552) [hadoop-common-3.3.1.jar:?]
	at org.apache.hadoop.ipc.RPC$Server.call(RPC.java:1093) [hadoop-common-3.3.1.jar:?]
	at org.apache.hadoop.ipc.Server$RpcCall.run(Server.java:1035) [hadoop-common-3.3.1.jar:?]
	at org.apache.hadoop.ipc.Server$RpcCall.run(Server.java:963) [hadoop-common-3.3.1.jar:?]
	at java.security.AccessController.doPrivileged(Native Method) ~[?:1.8.0_345]
	at javax.security.auth.Subject.doAs(Subject.java:422) [?:1.8.0_345]
	at org.apache.hadoop.security.UserGroupInformation.doAs(UserGroupInformation.java:1878) [hadoop-common-3.3.1.jar:?]
	at org.apache.hadoop.ipc.Server$Handler.run(Server.java:2966) [hadoop-common-3.3.1.jar:?]
2022-09-28 09:54:22,356 [Time-limited test] WARN  ozone.BasicOzoneFileSystem (BasicOzoneFileSystem.java:getFileStatus(765)) - GetFileStatus failed for path /level0/level2/file1
java.io.FileNotFoundException: level0/level2/file1: No such file or directory!
	at org.apache.hadoop.fs.ozone.BasicOzoneClientAdapterImpl.getFileStatus(BasicOzoneClientAdapterImpl.java:369)
	at org.apache.hadoop.fs.ozone.BasicOzoneFileSystem.getFileStatus(BasicOzoneFileSystem.java:757)
	at org.apache.hadoop.fs.ozone.TestOzoneFileSystem.checkPath(TestOzoneFileSystem.java:504)
	at org.apache.hadoop.fs.ozone.TestOzoneFileSystem.testRecursiveDelete(TestOzoneFileSystem.java:497)
	at sun.reflect.NativeMethodAccessorImpl.invoke0(Native Method)
	at sun.reflect.NativeMethodAccessorImpl.invoke(NativeMethodAccessorImpl.java:62)
	at sun.reflect.DelegatingMethodAccessorImpl.invoke(DelegatingMethodAccessorImpl.java:43)
	at java.lang.reflect.Method.invoke(Method.java:498)
	at org.junit.runners.model.FrameworkMethod$1.runReflectiveCall(FrameworkMethod.java:59)
	at org.junit.internal.runners.model.ReflectiveCallable.run(ReflectiveCallable.java:12)
	at org.junit.runners.model.FrameworkMethod.invokeExplosively(FrameworkMethod.java:56)
	at org.junit.internal.runners.statements.InvokeMethod.evaluate(InvokeMethod.java:17)
	at org.junit.internal.runners.statements.RunAfters.evaluate(RunAfters.java:27)
	at org.junit.internal.runners.statements.FailOnTimeout$CallableStatement.call(FailOnTimeout.java:288)
	at org.junit.internal.runners.statements.FailOnTimeout$CallableStatement.call(FailOnTimeout.java:282)
	at java.util.concurrent.FutureTask.run(FutureTask.java:266)
	at java.lang.Thread.run(Thread.java:750)
09:54:22.357 [IPC Server handler 5 on default port 33915] ERROR OMAudit - user=runner | ip=127.0.0.1 | op=GET_FILE_STATUS {volume=volume02959, bucket=bucket36363, key=level0/level2/level2/file1, dataSize=0, replicationConfig=null} | ret=FAILURE
org.apache.hadoop.ozone.om.exceptions.OMException: Unable to get file status: volume: volume02959 bucket: bucket36363 key: level0/level2/level2/file1
	at org.apache.hadoop.ozone.om.KeyManagerImpl.getOzoneFileStatus(KeyManagerImpl.java:1324) ~[ozone-manager-1.3.0-SNAPSHOT.jar:?]
	at org.apache.hadoop.ozone.om.KeyManagerImpl.getFileStatus(KeyManagerImpl.java:1254) ~[ozone-manager-1.3.0-SNAPSHOT.jar:?]
	at org.apache.hadoop.ozone.om.OzoneManager.getFileStatus(OzoneManager.java:3506) ~[ozone-manager-1.3.0-SNAPSHOT.jar:?]
	at org.apache.hadoop.ozone.protocolPB.OzoneManagerRequestHandler.getOzoneFileStatus(OzoneManagerRequestHandler.java:882) ~[ozone-manager-1.3.0-SNAPSHOT.jar:?]
	at org.apache.hadoop.ozone.protocolPB.OzoneManagerRequestHandler.handleReadRequest(OzoneManagerRequestHandler.java:228) ~[ozone-manager-1.3.0-SNAPSHOT.jar:?]
	at org.apache.hadoop.ozone.protocolPB.OzoneManagerProtocolServerSideTranslatorPB.submitReadRequestToOM(OzoneManagerProtocolServerSideTranslatorPB.java:226) ~[ozone-manager-1.3.0-SNAPSHOT.jar:?]
	at org.apache.hadoop.ozone.protocolPB.OzoneManagerProtocolServerSideTranslatorPB.processRequest(OzoneManagerProtocolServerSideTranslatorPB.java:175) ~[ozone-manager-1.3.0-SNAPSHOT.jar:?]
	at org.apache.hadoop.hdds.server.OzoneProtocolMessageDispatcher.processRequest(OzoneProtocolMessageDispatcher.java:87) [hdds-server-framework-1.3.0-SNAPSHOT.jar:?]
	at org.apache.hadoop.ozone.protocolPB.OzoneManagerProtocolServerSideTranslatorPB.submitRequest(OzoneManagerProtocolServerSideTranslatorPB.java:147) [ozone-manager-1.3.0-SNAPSHOT.jar:?]
	at org.apache.hadoop.ozone.protocol.proto.OzoneManagerProtocolProtos$OzoneManagerService$2.callBlockingMethod(OzoneManagerProtocolProtos.java) [ozone-interface-client-1.3.0-SNAPSHOT.jar:?]
	at org.apache.hadoop.ipc.ProtobufRpcEngine$Server.processCall(ProtobufRpcEngine.java:466) [hadoop-common-3.3.1.jar:?]
	at org.apache.hadoop.ipc.ProtobufRpcEngine2$Server$ProtoBufRpcInvoker.call(ProtobufRpcEngine2.java:574) [hadoop-common-3.3.1.jar:?]
	at org.apache.hadoop.ipc.ProtobufRpcEngine2$Server$ProtoBufRpcInvoker.call(ProtobufRpcEngine2.java:552) [hadoop-common-3.3.1.jar:?]
	at org.apache.hadoop.ipc.RPC$Server.call(RPC.java:1093) [hadoop-common-3.3.1.jar:?]
	at org.apache.hadoop.ipc.Server$RpcCall.run(Server.java:1035) [hadoop-common-3.3.1.jar:?]
	at org.apache.hadoop.ipc.Server$RpcCall.run(Server.java:963) [hadoop-common-3.3.1.jar:?]
	at java.security.AccessController.doPrivileged(Native Method) ~[?:1.8.0_345]
	at javax.security.auth.Subject.doAs(Subject.java:422) [?:1.8.0_345]
	at org.apache.hadoop.security.UserGroupInformation.doAs(UserGroupInformation.java:1878) [hadoop-common-3.3.1.jar:?]
	at org.apache.hadoop.ipc.Server$Handler.run(Server.java:2966) [hadoop-common-3.3.1.jar:?]
2022-09-28 09:54:22,357 [Time-limited test] WARN  ozone.BasicOzoneFileSystem (BasicOzoneFileSystem.java:getFileStatus(765)) - GetFileStatus failed for path /level0/level2/level2/file1
java.io.FileNotFoundException: level0/level2/level2/file1: No such file or directory!
	at org.apache.hadoop.fs.ozone.BasicOzoneClientAdapterImpl.getFileStatus(BasicOzoneClientAdapterImpl.java:369)
	at org.apache.hadoop.fs.ozone.BasicOzoneFileSystem.getFileStatus(BasicOzoneFileSystem.java:757)
	at org.apache.hadoop.fs.ozone.TestOzoneFileSystem.checkPath(TestOzoneFileSystem.java:504)
	at org.apache.hadoop.fs.ozone.TestOzoneFileSystem.testRecursiveDelete(TestOzoneFileSystem.java:498)
	at sun.reflect.NativeMethodAccessorImpl.invoke0(Native Method)
	at sun.reflect.NativeMethodAccessorImpl.invoke(NativeMethodAccessorImpl.java:62)
	at sun.reflect.DelegatingMethodAccessorImpl.invoke(DelegatingMethodAccessorImpl.java:43)
	at java.lang.reflect.Method.invoke(Method.java:498)
	at org.junit.runners.model.FrameworkMethod$1.runReflectiveCall(FrameworkMethod.java:59)
	at org.junit.internal.runners.model.ReflectiveCallable.run(ReflectiveCallable.java:12)
	at org.junit.runners.model.FrameworkMethod.invokeExplosively(FrameworkMethod.java:56)
	at org.junit.internal.runners.statements.InvokeMethod.evaluate(InvokeMethod.java:17)
	at org.junit.internal.runners.statements.RunAfters.evaluate(RunAfters.java:27)
	at org.junit.internal.runners.statements.FailOnTimeout$CallableStatement.call(FailOnTimeout.java:288)
	at org.junit.internal.runners.statements.FailOnTimeout$CallableStatement.call(FailOnTimeout.java:282)
	at java.util.concurrent.FutureTask.run(FutureTask.java:266)
	at java.lang.Thread.run(Thread.java:750)
09:54:22.359 [IPC Server handler 10 on default port 33915] ERROR OMAudit - user=runner | ip=127.0.0.1 | op=GET_FILE_STATUS {volume=volume02959, bucket=bucket36363, key=level0/level3, dataSize=0, replicationConfig=null} | ret=FAILURE
org.apache.hadoop.ozone.om.exceptions.OMException: Unable to get file status: volume: volume02959 bucket: bucket36363 key: level0/level3
	at org.apache.hadoop.ozone.om.KeyManagerImpl.getOzoneFileStatus(KeyManagerImpl.java:1324) ~[ozone-manager-1.3.0-SNAPSHOT.jar:?]
	at org.apache.hadoop.ozone.om.KeyManagerImpl.getFileStatus(KeyManagerImpl.java:1254) ~[ozone-manager-1.3.0-SNAPSHOT.jar:?]
	at org.apache.hadoop.ozone.om.OzoneManager.getFileStatus(OzoneManager.java:3506) ~[ozone-manager-1.3.0-SNAPSHOT.jar:?]
	at org.apache.hadoop.ozone.protocolPB.OzoneManagerRequestHandler.getOzoneFileStatus(OzoneManagerRequestHandler.java:882) ~[ozone-manager-1.3.0-SNAPSHOT.jar:?]
	at org.apache.hadoop.ozone.protocolPB.OzoneManagerRequestHandler.handleReadRequest(OzoneManagerRequestHandler.java:228) ~[ozone-manager-1.3.0-SNAPSHOT.jar:?]
	at org.apache.hadoop.ozone.protocolPB.OzoneManagerProtocolServerSideTranslatorPB.submitReadRequestToOM(OzoneManagerProtocolServerSideTranslatorPB.java:226) ~[ozone-manager-1.3.0-SNAPSHOT.jar:?]
	at org.apache.hadoop.ozone.protocolPB.OzoneManagerProtocolServerSideTranslatorPB.processRequest(OzoneManagerProtocolServerSideTranslatorPB.java:175) ~[ozone-manager-1.3.0-SNAPSHOT.jar:?]
	at org.apache.hadoop.hdds.server.OzoneProtocolMessageDispatcher.processRequest(OzoneProtocolMessageDispatcher.java:87) [hdds-server-framework-1.3.0-SNAPSHOT.jar:?]
	at org.apache.hadoop.ozone.protocolPB.OzoneManagerProtocolServerSideTranslatorPB.submitRequest(OzoneManagerProtocolServerSideTranslatorPB.java:147) [ozone-manager-1.3.0-SNAPSHOT.jar:?]
	at org.apache.hadoop.ozone.protocol.proto.OzoneManagerProtocolProtos$OzoneManagerService$2.callBlockingMethod(OzoneManagerProtocolProtos.java) [ozone-interface-client-1.3.0-SNAPSHOT.jar:?]
	at org.apache.hadoop.ipc.ProtobufRpcEngine$Server.processCall(ProtobufRpcEngine.java:466) [hadoop-common-3.3.1.jar:?]
	at org.apache.hadoop.ipc.ProtobufRpcEngine2$Server$ProtoBufRpcInvoker.call(ProtobufRpcEngine2.java:574) [hadoop-common-3.3.1.jar:?]
	at org.apache.hadoop.ipc.ProtobufRpcEngine2$Server$ProtoBufRpcInvoker.call(ProtobufRpcEngine2.java:552) [hadoop-common-3.3.1.jar:?]
	at org.apache.hadoop.ipc.RPC$Server.call(RPC.java:1093) [hadoop-common-3.3.1.jar:?]
	at org.apache.hadoop.ipc.Server$RpcCall.run(Server.java:1035) [hadoop-common-3.3.1.jar:?]
	at org.apache.hadoop.ipc.Server$RpcCall.run(Server.java:963) [hadoop-common-3.3.1.jar:?]
	at java.security.AccessController.doPrivileged(Native Method) ~[?:1.8.0_345]
	at javax.security.auth.Subject.doAs(Subject.java:422) [?:1.8.0_345]
	at org.apache.hadoop.security.UserGroupInformation.doAs(UserGroupInformation.java:1878) [hadoop-common-3.3.1.jar:?]
	at org.apache.hadoop.ipc.Server$Handler.run(Server.java:2966) [hadoop-common-3.3.1.jar:?]
2022-09-28 09:54:22,361 [Time-limited test] WARN  ozone.BasicOzoneFileSystem (BasicOzoneFileSystem.java:getFileStatus(765)) - GetFileStatus failed for path /level0/level3
java.io.FileNotFoundException: level0/level3: No such file or directory!
	at org.apache.hadoop.fs.ozone.BasicOzoneClientAdapterImpl.getFileStatus(BasicOzoneClientAdapterImpl.java:369)
	at org.apache.hadoop.fs.ozone.BasicOzoneFileSystem.getFileStatus(BasicOzoneFileSystem.java:757)
	at org.apache.hadoop.fs.ozone.TestOzoneFileSystem.checkPath(TestOzoneFileSystem.java:504)
	at org.apache.hadoop.fs.ozone.TestOzoneFileSystem.testRecursiveDelete(TestOzoneFileSystem.java:495)
	at sun.reflect.NativeMethodAccessorImpl.invoke0(Native Method)
	at sun.reflect.NativeMethodAccessorImpl.invoke(NativeMethodAccessorImpl.java:62)
	at sun.reflect.DelegatingMethodAccessorImpl.invoke(DelegatingMethodAccessorImpl.java:43)
	at java.lang.reflect.Method.invoke(Method.java:498)
	at org.junit.runners.model.FrameworkMethod$1.runReflectiveCall(FrameworkMethod.java:59)
	at org.junit.internal.runners.model.ReflectiveCallable.run(ReflectiveCallable.java:12)
	at org.junit.runners.model.FrameworkMethod.invokeExplosively(FrameworkMethod.java:56)
	at org.junit.internal.runners.statements.InvokeMethod.evaluate(InvokeMethod.java:17)
	at org.junit.internal.runners.statements.RunAfters.evaluate(RunAfters.java:27)
	at org.junit.internal.runners.statements.FailOnTimeout$CallableStatement.call(FailOnTimeout.java:288)
	at org.junit.internal.runners.statements.FailOnTimeout$CallableStatement.call(FailOnTimeout.java:282)
	at java.util.concurrent.FutureTask.run(FutureTask.java:266)
	at java.lang.Thread.run(Thread.java:750)
09:54:22.363 [IPC Server handler 13 on default port 33915] ERROR OMAudit - user=runner | ip=127.0.0.1 | op=GET_FILE_STATUS {volume=volume02959, bucket=bucket36363, key=level0/level3/level3, dataSize=0, replicationConfig=null} | ret=FAILURE
org.apache.hadoop.ozone.om.exceptions.OMException: Unable to get file status: volume: volume02959 bucket: bucket36363 key: level0/level3/level3
	at org.apache.hadoop.ozone.om.KeyManagerImpl.getOzoneFileStatus(KeyManagerImpl.java:1324) ~[ozone-manager-1.3.0-SNAPSHOT.jar:?]
	at org.apache.hadoop.ozone.om.KeyManagerImpl.getFileStatus(KeyManagerImpl.java:1254) ~[ozone-manager-1.3.0-SNAPSHOT.jar:?]
	at org.apache.hadoop.ozone.om.OzoneManager.getFileStatus(OzoneManager.java:3506) ~[ozone-manager-1.3.0-SNAPSHOT.jar:?]
	at org.apache.hadoop.ozone.protocolPB.OzoneManagerRequestHandler.getOzoneFileStatus(OzoneManagerRequestHandler.java:882) ~[ozone-manager-1.3.0-SNAPSHOT.jar:?]
	at org.apache.hadoop.ozone.protocolPB.OzoneManagerRequestHandler.handleReadRequest(OzoneManagerRequestHandler.java:228) ~[ozone-manager-1.3.0-SNAPSHOT.jar:?]
	at org.apache.hadoop.ozone.protocolPB.OzoneManagerProtocolServerSideTranslatorPB.submitReadRequestToOM(OzoneManagerProtocolServerSideTranslatorPB.java:226) ~[ozone-manager-1.3.0-SNAPSHOT.jar:?]
	at org.apache.hadoop.ozone.protocolPB.OzoneManagerProtocolServerSideTranslatorPB.processRequest(OzoneManagerProtocolServerSideTranslatorPB.java:175) ~[ozone-manager-1.3.0-SNAPSHOT.jar:?]
	at org.apache.hadoop.hdds.server.OzoneProtocolMessageDispatcher.processRequest(OzoneProtocolMessageDispatcher.java:87) [hdds-server-framework-1.3.0-SNAPSHOT.jar:?]
	at org.apache.hadoop.ozone.protocolPB.OzoneManagerProtocolServerSideTranslatorPB.submitRequest(OzoneManagerProtocolServerSideTranslatorPB.java:147) [ozone-manager-1.3.0-SNAPSHOT.jar:?]
	at org.apache.hadoop.ozone.protocol.proto.OzoneManagerProtocolProtos$OzoneManagerService$2.callBlockingMethod(OzoneManagerProtocolProtos.java) [ozone-interface-client-1.3.0-SNAPSHOT.jar:?]
	at org.apache.hadoop.ipc.ProtobufRpcEngine$Server.processCall(ProtobufRpcEngine.java:466) [hadoop-common-3.3.1.jar:?]
	at org.apache.hadoop.ipc.ProtobufRpcEngine2$Server$ProtoBufRpcInvoker.call(ProtobufRpcEngine2.java:574) [hadoop-common-3.3.1.jar:?]
	at org.apache.hadoop.ipc.ProtobufRpcEngine2$Server$ProtoBufRpcInvoker.call(ProtobufRpcEngine2.java:552) [hadoop-common-3.3.1.jar:?]
	at org.apache.hadoop.ipc.RPC$Server.call(RPC.java:1093) [hadoop-common-3.3.1.jar:?]
	at org.apache.hadoop.ipc.Server$RpcCall.run(Server.java:1035) [hadoop-common-3.3.1.jar:?]
	at org.apache.hadoop.ipc.Server$RpcCall.run(Server.java:963) [hadoop-common-3.3.1.jar:?]
	at java.security.AccessController.doPrivileged(Native Method) ~[?:1.8.0_345]
	at javax.security.auth.Subject.doAs(Subject.java:422) [?:1.8.0_345]
	at org.apache.hadoop.security.UserGroupInformation.doAs(UserGroupInformation.java:1878) [hadoop-common-3.3.1.jar:?]
	at org.apache.hadoop.ipc.Server$Handler.run(Server.java:2966) [hadoop-common-3.3.1.jar:?]
2022-09-28 09:54:22,364 [Time-limited test] WARN  ozone.BasicOzoneFileSystem (BasicOzoneFileSystem.java:getFileStatus(765)) - GetFileStatus failed for path /level0/level3/level3
java.io.FileNotFoundException: level0/level3/level3: No such file or directory!
	at org.apache.hadoop.fs.ozone.BasicOzoneClientAdapterImpl.getFileStatus(BasicOzoneClientAdapterImpl.java:369)
	at org.apache.hadoop.fs.ozone.BasicOzoneFileSystem.getFileStatus(BasicOzoneFileSystem.java:757)
	at org.apache.hadoop.fs.ozone.TestOzoneFileSystem.checkPath(TestOzoneFileSystem.java:504)
	at org.apache.hadoop.fs.ozone.TestOzoneFileSystem.testRecursiveDelete(TestOzoneFileSystem.java:496)
	at sun.reflect.NativeMethodAccessorImpl.invoke0(Native Method)
	at sun.reflect.NativeMethodAccessorImpl.invoke(NativeMethodAccessorImpl.java:62)
	at sun.reflect.DelegatingMethodAccessorImpl.invoke(DelegatingMethodAccessorImpl.java:43)
	at java.lang.reflect.Method.invoke(Method.java:498)
	at org.junit.runners.model.FrameworkMethod$1.runReflectiveCall(FrameworkMethod.java:59)
	at org.junit.internal.runners.model.ReflectiveCallable.run(ReflectiveCallable.java:12)
	at org.junit.runners.model.FrameworkMethod.invokeExplosively(FrameworkMethod.java:56)
	at org.junit.internal.runners.statements.InvokeMethod.evaluate(InvokeMethod.java:17)
	at org.junit.internal.runners.statements.RunAfters.evaluate(RunAfters.java:27)
	at org.junit.internal.runners.statements.FailOnTimeout$CallableStatement.call(FailOnTimeout.java:288)
	at org.junit.internal.runners.statements.FailOnTimeout$CallableStatement.call(FailOnTimeout.java:282)
	at java.util.concurrent.FutureTask.run(FutureTask.java:266)
	at java.lang.Thread.run(Thread.java:750)
09:54:22.365 [IPC Server handler 7 on default port 33915] ERROR OMAudit - user=runner | ip=127.0.0.1 | op=GET_FILE_STATUS {volume=volume02959, bucket=bucket36363, key=level0/level3/file1, dataSize=0, replicationConfig=null} | ret=FAILURE
org.apache.hadoop.ozone.om.exceptions.OMException: Unable to get file status: volume: volume02959 bucket: bucket36363 key: level0/level3/file1
	at org.apache.hadoop.ozone.om.KeyManagerImpl.getOzoneFileStatus(KeyManagerImpl.java:1324) ~[ozone-manager-1.3.0-SNAPSHOT.jar:?]
	at org.apache.hadoop.ozone.om.KeyManagerImpl.getFileStatus(KeyManagerImpl.java:1254) ~[ozone-manager-1.3.0-SNAPSHOT.jar:?]
	at org.apache.hadoop.ozone.om.OzoneManager.getFileStatus(OzoneManager.java:3506) ~[ozone-manager-1.3.0-SNAPSHOT.jar:?]
	at org.apache.hadoop.ozone.protocolPB.OzoneManagerRequestHandler.getOzoneFileStatus(OzoneManagerRequestHandler.java:882) ~[ozone-manager-1.3.0-SNAPSHOT.jar:?]
	at org.apache.hadoop.ozone.protocolPB.OzoneManagerRequestHandler.handleReadRequest(OzoneManagerRequestHandler.java:228) ~[ozone-manager-1.3.0-SNAPSHOT.jar:?]
	at org.apache.hadoop.ozone.protocolPB.OzoneManagerProtocolServerSideTranslatorPB.submitReadRequestToOM(OzoneManagerProtocolServerSideTranslatorPB.java:226) ~[ozone-manager-1.3.0-SNAPSHOT.jar:?]
	at org.apache.hadoop.ozone.protocolPB.OzoneManagerProtocolServerSideTranslatorPB.processRequest(OzoneManagerProtocolServerSideTranslatorPB.java:175) ~[ozone-manager-1.3.0-SNAPSHOT.jar:?]
	at org.apache.hadoop.hdds.server.OzoneProtocolMessageDispatcher.processRequest(OzoneProtocolMessageDispatcher.java:87) [hdds-server-framework-1.3.0-SNAPSHOT.jar:?]
	at org.apache.hadoop.ozone.protocolPB.OzoneManagerProtocolServerSideTranslatorPB.submitRequest(OzoneManagerProtocolServerSideTranslatorPB.java:147) [ozone-manager-1.3.0-SNAPSHOT.jar:?]
	at org.apache.hadoop.ozone.protocol.proto.OzoneManagerProtocolProtos$OzoneManagerService$2.callBlockingMethod(OzoneManagerProtocolProtos.java) [ozone-interface-client-1.3.0-SNAPSHOT.jar:?]
	at org.apache.hadoop.ipc.ProtobufRpcEngine$Server.processCall(ProtobufRpcEngine.java:466) [hadoop-common-3.3.1.jar:?]
	at org.apache.hadoop.ipc.ProtobufRpcEngine2$Server$ProtoBufRpcInvoker.call(ProtobufRpcEngine2.java:574) [hadoop-common-3.3.1.jar:?]
	at org.apache.hadoop.ipc.ProtobufRpcEngine2$Server$ProtoBufRpcInvoker.call(ProtobufRpcEngine2.java:552) [hadoop-common-3.3.1.jar:?]
	at org.apache.hadoop.ipc.RPC$Server.call(RPC.java:1093) [hadoop-common-3.3.1.jar:?]
	at org.apache.hadoop.ipc.Server$RpcCall.run(Server.java:1035) [hadoop-common-3.3.1.jar:?]
	at org.apache.hadoop.ipc.Server$RpcCall.run(Server.java:963) [hadoop-common-3.3.1.jar:?]
	at java.security.AccessController.doPrivileged(Native Method) ~[?:1.8.0_345]
	at javax.security.auth.Subject.doAs(Subject.java:422) [?:1.8.0_345]
	at org.apache.hadoop.security.UserGroupInformation.doAs(UserGroupInformation.java:1878) [hadoop-common-3.3.1.jar:?]
	at org.apache.hadoop.ipc.Server$Handler.run(Server.java:2966) [hadoop-common-3.3.1.jar:?]
2022-09-28 09:54:22,365 [Time-limited test] WARN  ozone.BasicOzoneFileSystem (BasicOzoneFileSystem.java:getFileStatus(765)) - GetFileStatus failed for path /level0/level3/file1
java.io.FileNotFoundException: level0/level3/file1: No such file or directory!
	at org.apache.hadoop.fs.ozone.BasicOzoneClientAdapterImpl.getFileStatus(BasicOzoneClientAdapterImpl.java:369)
	at org.apache.hadoop.fs.ozone.BasicOzoneFileSystem.getFileStatus(BasicOzoneFileSystem.java:757)
	at org.apache.hadoop.fs.ozone.TestOzoneFileSystem.checkPath(TestOzoneFileSystem.java:504)
	at org.apache.hadoop.fs.ozone.TestOzoneFileSystem.testRecursiveDelete(TestOzoneFileSystem.java:497)
	at sun.reflect.NativeMethodAccessorImpl.invoke0(Native Method)
	at sun.reflect.NativeMethodAccessorImpl.invoke(NativeMethodAccessorImpl.java:62)
	at sun.reflect.DelegatingMethodAccessorImpl.invoke(DelegatingMethodAccessorImpl.java:43)
	at java.lang.reflect.Method.invoke(Method.java:498)
	at org.junit.runners.model.FrameworkMethod$1.runReflectiveCall(FrameworkMethod.java:59)
	at org.junit.internal.runners.model.ReflectiveCallable.run(ReflectiveCallable.java:12)
	at org.junit.runners.model.FrameworkMethod.invokeExplosively(FrameworkMethod.java:56)
	at org.junit.internal.runners.statements.InvokeMethod.evaluate(InvokeMethod.java:17)
	at org.junit.internal.runners.statements.RunAfters.evaluate(RunAfters.java:27)
	at org.junit.internal.runners.statements.FailOnTimeout$CallableStatement.call(FailOnTimeout.java:288)
	at org.junit.internal.runners.statements.FailOnTimeout$CallableStatement.call(FailOnTimeout.java:282)
	at java.util.concurrent.FutureTask.run(FutureTask.java:266)
	at java.lang.Thread.run(Thread.java:750)
09:54:22.366 [IPC Server handler 6 on default port 33915] ERROR OMAudit - user=runner | ip=127.0.0.1 | op=GET_FILE_STATUS {volume=volume02959, bucket=bucket36363, key=level0/level3/level3/file1, dataSize=0, replicationConfig=null} | ret=FAILURE
org.apache.hadoop.ozone.om.exceptions.OMException: Unable to get file status: volume: volume02959 bucket: bucket36363 key: level0/level3/level3/file1
	at org.apache.hadoop.ozone.om.KeyManagerImpl.getOzoneFileStatus(KeyManagerImpl.java:1324) ~[ozone-manager-1.3.0-SNAPSHOT.jar:?]
	at org.apache.hadoop.ozone.om.KeyManagerImpl.getFileStatus(KeyManagerImpl.java:1254) ~[ozone-manager-1.3.0-SNAPSHOT.jar:?]
	at org.apache.hadoop.ozone.om.OzoneManager.getFileStatus(OzoneManager.java:3506) ~[ozone-manager-1.3.0-SNAPSHOT.jar:?]
	at org.apache.hadoop.ozone.protocolPB.OzoneManagerRequestHandler.getOzoneFileStatus(OzoneManagerRequestHandler.java:882) ~[ozone-manager-1.3.0-SNAPSHOT.jar:?]
	at org.apache.hadoop.ozone.protocolPB.OzoneManagerRequestHandler.handleReadRequest(OzoneManagerRequestHandler.java:228) ~[ozone-manager-1.3.0-SNAPSHOT.jar:?]
	at org.apache.hadoop.ozone.protocolPB.OzoneManagerProtocolServerSideTranslatorPB.submitReadRequestToOM(OzoneManagerProtocolServerSideTranslatorPB.java:226) ~[ozone-manager-1.3.0-SNAPSHOT.jar:?]
	at org.apache.hadoop.ozone.protocolPB.OzoneManagerProtocolServerSideTranslatorPB.processRequest(OzoneManagerProtocolServerSideTranslatorPB.java:175) ~[ozone-manager-1.3.0-SNAPSHOT.jar:?]
	at org.apache.hadoop.hdds.server.OzoneProtocolMessageDispatcher.processRequest(OzoneProtocolMessageDispatcher.java:87) [hdds-server-framework-1.3.0-SNAPSHOT.jar:?]
	at org.apache.hadoop.ozone.protocolPB.OzoneManagerProtocolServerSideTranslatorPB.submitRequest(OzoneManagerProtocolServerSideTranslatorPB.java:147) [ozone-manager-1.3.0-SNAPSHOT.jar:?]
	at org.apache.hadoop.ozone.protocol.proto.OzoneManagerProtocolProtos$OzoneManagerService$2.callBlockingMethod(OzoneManagerProtocolProtos.java) [ozone-interface-client-1.3.0-SNAPSHOT.jar:?]
	at org.apache.hadoop.ipc.ProtobufRpcEngine$Server.processCall(ProtobufRpcEngine.java:466) [hadoop-common-3.3.1.jar:?]
	at org.apache.hadoop.ipc.ProtobufRpcEngine2$Server$ProtoBufRpcInvoker.call(ProtobufRpcEngine2.java:574) [hadoop-common-3.3.1.jar:?]
	at org.apache.hadoop.ipc.ProtobufRpcEngine2$Server$ProtoBufRpcInvoker.call(ProtobufRpcEngine2.java:552) [hadoop-common-3.3.1.jar:?]
	at org.apache.hadoop.ipc.RPC$Server.call(RPC.java:1093) [hadoop-common-3.3.1.jar:?]
	at org.apache.hadoop.ipc.Server$RpcCall.run(Server.java:1035) [hadoop-common-3.3.1.jar:?]
	at org.apache.hadoop.ipc.Server$RpcCall.run(Server.java:963) [hadoop-common-3.3.1.jar:?]
	at java.security.AccessController.doPrivileged(Native Method) ~[?:1.8.0_345]
	at javax.security.auth.Subject.doAs(Subject.java:422) [?:1.8.0_345]
	at org.apache.hadoop.security.UserGroupInformation.doAs(UserGroupInformation.java:1878) [hadoop-common-3.3.1.jar:?]
	at org.apache.hadoop.ipc.Server$Handler.run(Server.java:2966) [hadoop-common-3.3.1.jar:?]
2022-09-28 09:54:22,366 [Time-limited test] WARN  ozone.BasicOzoneFileSystem (BasicOzoneFileSystem.java:getFileStatus(765)) - GetFileStatus failed for path /level0/level3/level3/file1
java.io.FileNotFoundException: level0/level3/level3/file1: No such file or directory!
	at org.apache.hadoop.fs.ozone.BasicOzoneClientAdapterImpl.getFileStatus(BasicOzoneClientAdapterImpl.java:369)
	at org.apache.hadoop.fs.ozone.BasicOzoneFileSystem.getFileStatus(BasicOzoneFileSystem.java:757)
	at org.apache.hadoop.fs.ozone.TestOzoneFileSystem.checkPath(TestOzoneFileSystem.java:504)
	at org.apache.hadoop.fs.ozone.TestOzoneFileSystem.testRecursiveDelete(TestOzoneFileSystem.java:498)
	at sun.reflect.NativeMethodAccessorImpl.invoke0(Native Method)
	at sun.reflect.NativeMethodAccessorImpl.invoke(NativeMethodAccessorImpl.java:62)
	at sun.reflect.DelegatingMethodAccessorImpl.invoke(DelegatingMethodAccessorImpl.java:43)
	at java.lang.reflect.Method.invoke(Method.java:498)
	at org.junit.runners.model.FrameworkMethod$1.runReflectiveCall(FrameworkMethod.java:59)
	at org.junit.internal.runners.model.ReflectiveCallable.run(ReflectiveCallable.java:12)
	at org.junit.runners.model.FrameworkMethod.invokeExplosively(FrameworkMethod.java:56)
	at org.junit.internal.runners.statements.InvokeMethod.evaluate(InvokeMethod.java:17)
	at org.junit.internal.runners.statements.RunAfters.evaluate(RunAfters.java:27)
	at org.junit.internal.runners.statements.FailOnTimeout$CallableStatement.call(FailOnTimeout.java:288)
	at org.junit.internal.runners.statements.FailOnTimeout$CallableStatement.call(FailOnTimeout.java:282)
	at java.util.concurrent.FutureTask.run(FutureTask.java:266)
	at java.lang.Thread.run(Thread.java:750)
]]></system-out>
  </testcase>
  <testcase name="testRecursiveDelete" classname="TestOzoneFileSystem" time="0.158">
    <system-out><![CDATA[09:55:46.792 [IPC Server handler 11 on default port 43879] ERROR OMAudit - user=runner | ip=127.0.0.1 | op=GET_FILE_STATUS {volume=volume99279, bucket=bucket29095, key=gdir1, dataSize=0, replicationConfig=null} | ret=FAILURE
org.apache.hadoop.ozone.om.exceptions.OMException: Unable to get file status: volume: volume99279 bucket: bucket29095 key: gdir1
	at org.apache.hadoop.ozone.om.KeyManagerImpl.getOzoneFileStatus(KeyManagerImpl.java:1324) ~[ozone-manager-1.3.0-SNAPSHOT.jar:?]
	at org.apache.hadoop.ozone.om.KeyManagerImpl.getFileStatus(KeyManagerImpl.java:1254) ~[ozone-manager-1.3.0-SNAPSHOT.jar:?]
	at org.apache.hadoop.ozone.om.OzoneManager.getFileStatus(OzoneManager.java:3506) ~[ozone-manager-1.3.0-SNAPSHOT.jar:?]
	at org.apache.hadoop.ozone.protocolPB.OzoneManagerRequestHandler.getOzoneFileStatus(OzoneManagerRequestHandler.java:882) ~[ozone-manager-1.3.0-SNAPSHOT.jar:?]
	at org.apache.hadoop.ozone.protocolPB.OzoneManagerRequestHandler.handleReadRequest(OzoneManagerRequestHandler.java:228) ~[ozone-manager-1.3.0-SNAPSHOT.jar:?]
	at org.apache.hadoop.ozone.protocolPB.OzoneManagerProtocolServerSideTranslatorPB.submitRequestDirectlyToOM(OzoneManagerProtocolServerSideTranslatorPB.java:276) ~[ozone-manager-1.3.0-SNAPSHOT.jar:?]
	at org.apache.hadoop.ozone.protocolPB.OzoneManagerProtocolServerSideTranslatorPB.processRequest(OzoneManagerProtocolServerSideTranslatorPB.java:205) ~[ozone-manager-1.3.0-SNAPSHOT.jar:?]
	at org.apache.hadoop.hdds.server.OzoneProtocolMessageDispatcher.processRequest(OzoneProtocolMessageDispatcher.java:87) [hdds-server-framework-1.3.0-SNAPSHOT.jar:?]
	at org.apache.hadoop.ozone.protocolPB.OzoneManagerProtocolServerSideTranslatorPB.submitRequest(OzoneManagerProtocolServerSideTranslatorPB.java:147) [ozone-manager-1.3.0-SNAPSHOT.jar:?]
	at org.apache.hadoop.ozone.protocol.proto.OzoneManagerProtocolProtos$OzoneManagerService$2.callBlockingMethod(OzoneManagerProtocolProtos.java) [ozone-interface-client-1.3.0-SNAPSHOT.jar:?]
	at org.apache.hadoop.ipc.ProtobufRpcEngine$Server.processCall(ProtobufRpcEngine.java:466) [hadoop-common-3.3.1.jar:?]
	at org.apache.hadoop.ipc.ProtobufRpcEngine2$Server$ProtoBufRpcInvoker.call(ProtobufRpcEngine2.java:574) [hadoop-common-3.3.1.jar:?]
	at org.apache.hadoop.ipc.ProtobufRpcEngine2$Server$ProtoBufRpcInvoker.call(ProtobufRpcEngine2.java:552) [hadoop-common-3.3.1.jar:?]
	at org.apache.hadoop.ipc.RPC$Server.call(RPC.java:1093) [hadoop-common-3.3.1.jar:?]
	at org.apache.hadoop.ipc.Server$RpcCall.run(Server.java:1035) [hadoop-common-3.3.1.jar:?]
	at org.apache.hadoop.ipc.Server$RpcCall.run(Server.java:963) [hadoop-common-3.3.1.jar:?]
	at java.security.AccessController.doPrivileged(Native Method) ~[?:1.8.0_345]
	at javax.security.auth.Subject.doAs(Subject.java:422) [?:1.8.0_345]
	at org.apache.hadoop.security.UserGroupInformation.doAs(UserGroupInformation.java:1878) [hadoop-common-3.3.1.jar:?]
	at org.apache.hadoop.ipc.Server$Handler.run(Server.java:2966) [hadoop-common-3.3.1.jar:?]
2022-09-28 09:55:46,793 [Time-limited test] WARN  ozone.BasicOzoneFileSystem (BasicOzoneFileSystem.java:getFileStatus(765)) - GetFileStatus failed for path /gdir1
java.io.FileNotFoundException: gdir1: No such file or directory!
	at org.apache.hadoop.fs.ozone.BasicOzoneClientAdapterImpl.getFileStatus(BasicOzoneClientAdapterImpl.java:369)
	at org.apache.hadoop.fs.ozone.BasicOzoneFileSystem.getFileStatus(BasicOzoneFileSystem.java:757)
	at org.apache.hadoop.fs.ozone.TestOzoneFileSystem.checkPath(TestOzoneFileSystem.java:504)
	at org.apache.hadoop.fs.ozone.TestOzoneFileSystem.testRecursiveDelete(TestOzoneFileSystem.java:454)
	at sun.reflect.NativeMethodAccessorImpl.invoke0(Native Method)
	at sun.reflect.NativeMethodAccessorImpl.invoke(NativeMethodAccessorImpl.java:62)
	at sun.reflect.DelegatingMethodAccessorImpl.invoke(DelegatingMethodAccessorImpl.java:43)
	at java.lang.reflect.Method.invoke(Method.java:498)
	at org.junit.runners.model.FrameworkMethod$1.runReflectiveCall(FrameworkMethod.java:59)
	at org.junit.internal.runners.model.ReflectiveCallable.run(ReflectiveCallable.java:12)
	at org.junit.runners.model.FrameworkMethod.invokeExplosively(FrameworkMethod.java:56)
	at org.junit.internal.runners.statements.InvokeMethod.evaluate(InvokeMethod.java:17)
	at org.junit.internal.runners.statements.RunAfters.evaluate(RunAfters.java:27)
	at org.junit.internal.runners.statements.FailOnTimeout$CallableStatement.call(FailOnTimeout.java:288)
	at org.junit.internal.runners.statements.FailOnTimeout$CallableStatement.call(FailOnTimeout.java:282)
	at java.util.concurrent.FutureTask.run(FutureTask.java:266)
	at java.lang.Thread.run(Thread.java:750)
09:55:46.793 [IPC Server handler 18 on default port 43879] ERROR OMAudit - user=runner | ip=127.0.0.1 | op=GET_FILE_STATUS {volume=volume99279, bucket=bucket29095, key=gdir1/dir1, dataSize=0, replicationConfig=null} | ret=FAILURE
org.apache.hadoop.ozone.om.exceptions.OMException: Unable to get file status: volume: volume99279 bucket: bucket29095 key: gdir1/dir1
	at org.apache.hadoop.ozone.om.KeyManagerImpl.getOzoneFileStatus(KeyManagerImpl.java:1324) ~[ozone-manager-1.3.0-SNAPSHOT.jar:?]
	at org.apache.hadoop.ozone.om.KeyManagerImpl.getFileStatus(KeyManagerImpl.java:1254) ~[ozone-manager-1.3.0-SNAPSHOT.jar:?]
	at org.apache.hadoop.ozone.om.OzoneManager.getFileStatus(OzoneManager.java:3506) ~[ozone-manager-1.3.0-SNAPSHOT.jar:?]
	at org.apache.hadoop.ozone.protocolPB.OzoneManagerRequestHandler.getOzoneFileStatus(OzoneManagerRequestHandler.java:882) ~[ozone-manager-1.3.0-SNAPSHOT.jar:?]
	at org.apache.hadoop.ozone.protocolPB.OzoneManagerRequestHandler.handleReadRequest(OzoneManagerRequestHandler.java:228) ~[ozone-manager-1.3.0-SNAPSHOT.jar:?]
	at org.apache.hadoop.ozone.protocolPB.OzoneManagerProtocolServerSideTranslatorPB.submitRequestDirectlyToOM(OzoneManagerProtocolServerSideTranslatorPB.java:276) ~[ozone-manager-1.3.0-SNAPSHOT.jar:?]
	at org.apache.hadoop.ozone.protocolPB.OzoneManagerProtocolServerSideTranslatorPB.processRequest(OzoneManagerProtocolServerSideTranslatorPB.java:205) ~[ozone-manager-1.3.0-SNAPSHOT.jar:?]
	at org.apache.hadoop.hdds.server.OzoneProtocolMessageDispatcher.processRequest(OzoneProtocolMessageDispatcher.java:87) [hdds-server-framework-1.3.0-SNAPSHOT.jar:?]
	at org.apache.hadoop.ozone.protocolPB.OzoneManagerProtocolServerSideTranslatorPB.submitRequest(OzoneManagerProtocolServerSideTranslatorPB.java:147) [ozone-manager-1.3.0-SNAPSHOT.jar:?]
	at org.apache.hadoop.ozone.protocol.proto.OzoneManagerProtocolProtos$OzoneManagerService$2.callBlockingMethod(OzoneManagerProtocolProtos.java) [ozone-interface-client-1.3.0-SNAPSHOT.jar:?]
	at org.apache.hadoop.ipc.ProtobufRpcEngine$Server.processCall(ProtobufRpcEngine.java:466) [hadoop-common-3.3.1.jar:?]
	at org.apache.hadoop.ipc.ProtobufRpcEngine2$Server$ProtoBufRpcInvoker.call(ProtobufRpcEngine2.java:574) [hadoop-common-3.3.1.jar:?]
	at org.apache.hadoop.ipc.ProtobufRpcEngine2$Server$ProtoBufRpcInvoker.call(ProtobufRpcEngine2.java:552) [hadoop-common-3.3.1.jar:?]
	at org.apache.hadoop.ipc.RPC$Server.call(RPC.java:1093) [hadoop-common-3.3.1.jar:?]
	at org.apache.hadoop.ipc.Server$RpcCall.run(Server.java:1035) [hadoop-common-3.3.1.jar:?]
	at org.apache.hadoop.ipc.Server$RpcCall.run(Server.java:963) [hadoop-common-3.3.1.jar:?]
	at java.security.AccessController.doPrivileged(Native Method) ~[?:1.8.0_345]
	at javax.security.auth.Subject.doAs(Subject.java:422) [?:1.8.0_345]
	at org.apache.hadoop.security.UserGroupInformation.doAs(UserGroupInformation.java:1878) [hadoop-common-3.3.1.jar:?]
	at org.apache.hadoop.ipc.Server$Handler.run(Server.java:2966) [hadoop-common-3.3.1.jar:?]
2022-09-28 09:55:46,794 [Time-limited test] WARN  ozone.BasicOzoneFileSystem (BasicOzoneFileSystem.java:getFileStatus(765)) - GetFileStatus failed for path /gdir1/dir1
java.io.FileNotFoundException: gdir1/dir1: No such file or directory!
	at org.apache.hadoop.fs.ozone.BasicOzoneClientAdapterImpl.getFileStatus(BasicOzoneClientAdapterImpl.java:369)
	at org.apache.hadoop.fs.ozone.BasicOzoneFileSystem.getFileStatus(BasicOzoneFileSystem.java:757)
	at org.apache.hadoop.fs.ozone.TestOzoneFileSystem.checkPath(TestOzoneFileSystem.java:504)
	at org.apache.hadoop.fs.ozone.TestOzoneFileSystem.testRecursiveDelete(TestOzoneFileSystem.java:459)
	at sun.reflect.NativeMethodAccessorImpl.invoke0(Native Method)
	at sun.reflect.NativeMethodAccessorImpl.invoke(NativeMethodAccessorImpl.java:62)
	at sun.reflect.DelegatingMethodAccessorImpl.invoke(DelegatingMethodAccessorImpl.java:43)
	at java.lang.reflect.Method.invoke(Method.java:498)
	at org.junit.runners.model.FrameworkMethod$1.runReflectiveCall(FrameworkMethod.java:59)
	at org.junit.internal.runners.model.ReflectiveCallable.run(ReflectiveCallable.java:12)
	at org.junit.runners.model.FrameworkMethod.invokeExplosively(FrameworkMethod.java:56)
	at org.junit.internal.runners.statements.InvokeMethod.evaluate(InvokeMethod.java:17)
	at org.junit.internal.runners.statements.RunAfters.evaluate(RunAfters.java:27)
	at org.junit.internal.runners.statements.FailOnTimeout$CallableStatement.call(FailOnTimeout.java:288)
	at org.junit.internal.runners.statements.FailOnTimeout$CallableStatement.call(FailOnTimeout.java:282)
	at java.util.concurrent.FutureTask.run(FutureTask.java:266)
	at java.lang.Thread.run(Thread.java:750)
09:55:46.794 [IPC Server handler 16 on default port 43879] ERROR OMAudit - user=runner | ip=127.0.0.1 | op=GET_FILE_STATUS {volume=volume99279, bucket=bucket29095, key=gdir1/dir1/child, dataSize=0, replicationConfig=null} | ret=FAILURE
org.apache.hadoop.ozone.om.exceptions.OMException: Unable to get file status: volume: volume99279 bucket: bucket29095 key: gdir1/dir1/child
	at org.apache.hadoop.ozone.om.KeyManagerImpl.getOzoneFileStatus(KeyManagerImpl.java:1324) ~[ozone-manager-1.3.0-SNAPSHOT.jar:?]
	at org.apache.hadoop.ozone.om.KeyManagerImpl.getFileStatus(KeyManagerImpl.java:1254) ~[ozone-manager-1.3.0-SNAPSHOT.jar:?]
	at org.apache.hadoop.ozone.om.OzoneManager.getFileStatus(OzoneManager.java:3506) ~[ozone-manager-1.3.0-SNAPSHOT.jar:?]
	at org.apache.hadoop.ozone.protocolPB.OzoneManagerRequestHandler.getOzoneFileStatus(OzoneManagerRequestHandler.java:882) ~[ozone-manager-1.3.0-SNAPSHOT.jar:?]
	at org.apache.hadoop.ozone.protocolPB.OzoneManagerRequestHandler.handleReadRequest(OzoneManagerRequestHandler.java:228) ~[ozone-manager-1.3.0-SNAPSHOT.jar:?]
	at org.apache.hadoop.ozone.protocolPB.OzoneManagerProtocolServerSideTranslatorPB.submitRequestDirectlyToOM(OzoneManagerProtocolServerSideTranslatorPB.java:276) ~[ozone-manager-1.3.0-SNAPSHOT.jar:?]
	at org.apache.hadoop.ozone.protocolPB.OzoneManagerProtocolServerSideTranslatorPB.processRequest(OzoneManagerProtocolServerSideTranslatorPB.java:205) ~[ozone-manager-1.3.0-SNAPSHOT.jar:?]
	at org.apache.hadoop.hdds.server.OzoneProtocolMessageDispatcher.processRequest(OzoneProtocolMessageDispatcher.java:87) [hdds-server-framework-1.3.0-SNAPSHOT.jar:?]
	at org.apache.hadoop.ozone.protocolPB.OzoneManagerProtocolServerSideTranslatorPB.submitRequest(OzoneManagerProtocolServerSideTranslatorPB.java:147) [ozone-manager-1.3.0-SNAPSHOT.jar:?]
	at org.apache.hadoop.ozone.protocol.proto.OzoneManagerProtocolProtos$OzoneManagerService$2.callBlockingMethod(OzoneManagerProtocolProtos.java) [ozone-interface-client-1.3.0-SNAPSHOT.jar:?]
	at org.apache.hadoop.ipc.ProtobufRpcEngine$Server.processCall(ProtobufRpcEngine.java:466) [hadoop-common-3.3.1.jar:?]
	at org.apache.hadoop.ipc.ProtobufRpcEngine2$Server$ProtoBufRpcInvoker.call(ProtobufRpcEngine2.java:574) [hadoop-common-3.3.1.jar:?]
	at org.apache.hadoop.ipc.ProtobufRpcEngine2$Server$ProtoBufRpcInvoker.call(ProtobufRpcEngine2.java:552) [hadoop-common-3.3.1.jar:?]
	at org.apache.hadoop.ipc.RPC$Server.call(RPC.java:1093) [hadoop-common-3.3.1.jar:?]
	at org.apache.hadoop.ipc.Server$RpcCall.run(Server.java:1035) [hadoop-common-3.3.1.jar:?]
	at org.apache.hadoop.ipc.Server$RpcCall.run(Server.java:963) [hadoop-common-3.3.1.jar:?]
	at java.security.AccessController.doPrivileged(Native Method) ~[?:1.8.0_345]
	at javax.security.auth.Subject.doAs(Subject.java:422) [?:1.8.0_345]
	at org.apache.hadoop.security.UserGroupInformation.doAs(UserGroupInformation.java:1878) [hadoop-common-3.3.1.jar:?]
	at org.apache.hadoop.ipc.Server$Handler.run(Server.java:2966) [hadoop-common-3.3.1.jar:?]
2022-09-28 09:55:46,794 [Time-limited test] WARN  ozone.BasicOzoneFileSystem (BasicOzoneFileSystem.java:getFileStatus(765)) - GetFileStatus failed for path /gdir1/dir1/child
java.io.FileNotFoundException: gdir1/dir1/child: No such file or directory!
	at org.apache.hadoop.fs.ozone.BasicOzoneClientAdapterImpl.getFileStatus(BasicOzoneClientAdapterImpl.java:369)
	at org.apache.hadoop.fs.ozone.BasicOzoneFileSystem.getFileStatus(BasicOzoneFileSystem.java:757)
	at org.apache.hadoop.fs.ozone.TestOzoneFileSystem.checkPath(TestOzoneFileSystem.java:504)
	at org.apache.hadoop.fs.ozone.TestOzoneFileSystem.testRecursiveDelete(TestOzoneFileSystem.java:460)
	at sun.reflect.NativeMethodAccessorImpl.invoke0(Native Method)
	at sun.reflect.NativeMethodAccessorImpl.invoke(NativeMethodAccessorImpl.java:62)
	at sun.reflect.DelegatingMethodAccessorImpl.invoke(DelegatingMethodAccessorImpl.java:43)
	at java.lang.reflect.Method.invoke(Method.java:498)
	at org.junit.runners.model.FrameworkMethod$1.runReflectiveCall(FrameworkMethod.java:59)
	at org.junit.internal.runners.model.ReflectiveCallable.run(ReflectiveCallable.java:12)
	at org.junit.runners.model.FrameworkMethod.invokeExplosively(FrameworkMethod.java:56)
	at org.junit.internal.runners.statements.InvokeMethod.evaluate(InvokeMethod.java:17)
	at org.junit.internal.runners.statements.RunAfters.evaluate(RunAfters.java:27)
	at org.junit.internal.runners.statements.FailOnTimeout$CallableStatement.call(FailOnTimeout.java:288)
	at org.junit.internal.runners.statements.FailOnTimeout$CallableStatement.call(FailOnTimeout.java:282)
	at java.util.concurrent.FutureTask.run(FutureTask.java:266)
	at java.lang.Thread.run(Thread.java:750)
09:55:46.795 [IPC Server handler 8 on default port 43879] ERROR OMAudit - user=runner | ip=127.0.0.1 | op=GET_FILE_STATUS {volume=volume99279, bucket=bucket29095, key=gdir1/dir2, dataSize=0, replicationConfig=null} | ret=FAILURE
org.apache.hadoop.ozone.om.exceptions.OMException: Unable to get file status: volume: volume99279 bucket: bucket29095 key: gdir1/dir2
	at org.apache.hadoop.ozone.om.KeyManagerImpl.getOzoneFileStatus(KeyManagerImpl.java:1324) ~[ozone-manager-1.3.0-SNAPSHOT.jar:?]
	at org.apache.hadoop.ozone.om.KeyManagerImpl.getFileStatus(KeyManagerImpl.java:1254) ~[ozone-manager-1.3.0-SNAPSHOT.jar:?]
	at org.apache.hadoop.ozone.om.OzoneManager.getFileStatus(OzoneManager.java:3506) ~[ozone-manager-1.3.0-SNAPSHOT.jar:?]
	at org.apache.hadoop.ozone.protocolPB.OzoneManagerRequestHandler.getOzoneFileStatus(OzoneManagerRequestHandler.java:882) ~[ozone-manager-1.3.0-SNAPSHOT.jar:?]
	at org.apache.hadoop.ozone.protocolPB.OzoneManagerRequestHandler.handleReadRequest(OzoneManagerRequestHandler.java:228) ~[ozone-manager-1.3.0-SNAPSHOT.jar:?]
	at org.apache.hadoop.ozone.protocolPB.OzoneManagerProtocolServerSideTranslatorPB.submitRequestDirectlyToOM(OzoneManagerProtocolServerSideTranslatorPB.java:276) ~[ozone-manager-1.3.0-SNAPSHOT.jar:?]
	at org.apache.hadoop.ozone.protocolPB.OzoneManagerProtocolServerSideTranslatorPB.processRequest(OzoneManagerProtocolServerSideTranslatorPB.java:205) ~[ozone-manager-1.3.0-SNAPSHOT.jar:?]
	at org.apache.hadoop.hdds.server.OzoneProtocolMessageDispatcher.processRequest(OzoneProtocolMessageDispatcher.java:87) [hdds-server-framework-1.3.0-SNAPSHOT.jar:?]
	at org.apache.hadoop.ozone.protocolPB.OzoneManagerProtocolServerSideTranslatorPB.submitRequest(OzoneManagerProtocolServerSideTranslatorPB.java:147) [ozone-manager-1.3.0-SNAPSHOT.jar:?]
	at org.apache.hadoop.ozone.protocol.proto.OzoneManagerProtocolProtos$OzoneManagerService$2.callBlockingMethod(OzoneManagerProtocolProtos.java) [ozone-interface-client-1.3.0-SNAPSHOT.jar:?]
	at org.apache.hadoop.ipc.ProtobufRpcEngine$Server.processCall(ProtobufRpcEngine.java:466) [hadoop-common-3.3.1.jar:?]
	at org.apache.hadoop.ipc.ProtobufRpcEngine2$Server$ProtoBufRpcInvoker.call(ProtobufRpcEngine2.java:574) [hadoop-common-3.3.1.jar:?]
	at org.apache.hadoop.ipc.ProtobufRpcEngine2$Server$ProtoBufRpcInvoker.call(ProtobufRpcEngine2.java:552) [hadoop-common-3.3.1.jar:?]
	at org.apache.hadoop.ipc.RPC$Server.call(RPC.java:1093) [hadoop-common-3.3.1.jar:?]
	at org.apache.hadoop.ipc.Server$RpcCall.run(Server.java:1035) [hadoop-common-3.3.1.jar:?]
	at org.apache.hadoop.ipc.Server$RpcCall.run(Server.java:963) [hadoop-common-3.3.1.jar:?]
	at java.security.AccessController.doPrivileged(Native Method) ~[?:1.8.0_345]
	at javax.security.auth.Subject.doAs(Subject.java:422) [?:1.8.0_345]
	at org.apache.hadoop.security.UserGroupInformation.doAs(UserGroupInformation.java:1878) [hadoop-common-3.3.1.jar:?]
	at org.apache.hadoop.ipc.Server$Handler.run(Server.java:2966) [hadoop-common-3.3.1.jar:?]
2022-09-28 09:55:46,795 [Time-limited test] WARN  ozone.BasicOzoneFileSystem (BasicOzoneFileSystem.java:getFileStatus(765)) - GetFileStatus failed for path /gdir1/dir2
java.io.FileNotFoundException: gdir1/dir2: No such file or directory!
	at org.apache.hadoop.fs.ozone.BasicOzoneClientAdapterImpl.getFileStatus(BasicOzoneClientAdapterImpl.java:369)
	at org.apache.hadoop.fs.ozone.BasicOzoneFileSystem.getFileStatus(BasicOzoneFileSystem.java:757)
	at org.apache.hadoop.fs.ozone.TestOzoneFileSystem.checkPath(TestOzoneFileSystem.java:504)
	at org.apache.hadoop.fs.ozone.TestOzoneFileSystem.testRecursiveDelete(TestOzoneFileSystem.java:459)
	at sun.reflect.NativeMethodAccessorImpl.invoke0(Native Method)
	at sun.reflect.NativeMethodAccessorImpl.invoke(NativeMethodAccessorImpl.java:62)
	at sun.reflect.DelegatingMethodAccessorImpl.invoke(DelegatingMethodAccessorImpl.java:43)
	at java.lang.reflect.Method.invoke(Method.java:498)
	at org.junit.runners.model.FrameworkMethod$1.runReflectiveCall(FrameworkMethod.java:59)
	at org.junit.internal.runners.model.ReflectiveCallable.run(ReflectiveCallable.java:12)
	at org.junit.runners.model.FrameworkMethod.invokeExplosively(FrameworkMethod.java:56)
	at org.junit.internal.runners.statements.InvokeMethod.evaluate(InvokeMethod.java:17)
	at org.junit.internal.runners.statements.RunAfters.evaluate(RunAfters.java:27)
	at org.junit.internal.runners.statements.FailOnTimeout$CallableStatement.call(FailOnTimeout.java:288)
	at org.junit.internal.runners.statements.FailOnTimeout$CallableStatement.call(FailOnTimeout.java:282)
	at java.util.concurrent.FutureTask.run(FutureTask.java:266)
	at java.lang.Thread.run(Thread.java:750)
09:55:46.795 [IPC Server handler 17 on default port 43879] ERROR OMAudit - user=runner | ip=127.0.0.1 | op=GET_FILE_STATUS {volume=volume99279, bucket=bucket29095, key=gdir1/dir2/child, dataSize=0, replicationConfig=null} | ret=FAILURE
org.apache.hadoop.ozone.om.exceptions.OMException: Unable to get file status: volume: volume99279 bucket: bucket29095 key: gdir1/dir2/child
	at org.apache.hadoop.ozone.om.KeyManagerImpl.getOzoneFileStatus(KeyManagerImpl.java:1324) ~[ozone-manager-1.3.0-SNAPSHOT.jar:?]
	at org.apache.hadoop.ozone.om.KeyManagerImpl.getFileStatus(KeyManagerImpl.java:1254) ~[ozone-manager-1.3.0-SNAPSHOT.jar:?]
	at org.apache.hadoop.ozone.om.OzoneManager.getFileStatus(OzoneManager.java:3506) ~[ozone-manager-1.3.0-SNAPSHOT.jar:?]
	at org.apache.hadoop.ozone.protocolPB.OzoneManagerRequestHandler.getOzoneFileStatus(OzoneManagerRequestHandler.java:882) ~[ozone-manager-1.3.0-SNAPSHOT.jar:?]
	at org.apache.hadoop.ozone.protocolPB.OzoneManagerRequestHandler.handleReadRequest(OzoneManagerRequestHandler.java:228) ~[ozone-manager-1.3.0-SNAPSHOT.jar:?]
	at org.apache.hadoop.ozone.protocolPB.OzoneManagerProtocolServerSideTranslatorPB.submitRequestDirectlyToOM(OzoneManagerProtocolServerSideTranslatorPB.java:276) ~[ozone-manager-1.3.0-SNAPSHOT.jar:?]
	at org.apache.hadoop.ozone.protocolPB.OzoneManagerProtocolServerSideTranslatorPB.processRequest(OzoneManagerProtocolServerSideTranslatorPB.java:205) ~[ozone-manager-1.3.0-SNAPSHOT.jar:?]
	at org.apache.hadoop.hdds.server.OzoneProtocolMessageDispatcher.processRequest(OzoneProtocolMessageDispatcher.java:87) [hdds-server-framework-1.3.0-SNAPSHOT.jar:?]
	at org.apache.hadoop.ozone.protocolPB.OzoneManagerProtocolServerSideTranslatorPB.submitRequest(OzoneManagerProtocolServerSideTranslatorPB.java:147) [ozone-manager-1.3.0-SNAPSHOT.jar:?]
	at org.apache.hadoop.ozone.protocol.proto.OzoneManagerProtocolProtos$OzoneManagerService$2.callBlockingMethod(OzoneManagerProtocolProtos.java) [ozone-interface-client-1.3.0-SNAPSHOT.jar:?]
	at org.apache.hadoop.ipc.ProtobufRpcEngine$Server.processCall(ProtobufRpcEngine.java:466) [hadoop-common-3.3.1.jar:?]
	at org.apache.hadoop.ipc.ProtobufRpcEngine2$Server$ProtoBufRpcInvoker.call(ProtobufRpcEngine2.java:574) [hadoop-common-3.3.1.jar:?]
	at org.apache.hadoop.ipc.ProtobufRpcEngine2$Server$ProtoBufRpcInvoker.call(ProtobufRpcEngine2.java:552) [hadoop-common-3.3.1.jar:?]
	at org.apache.hadoop.ipc.RPC$Server.call(RPC.java:1093) [hadoop-common-3.3.1.jar:?]
	at org.apache.hadoop.ipc.Server$RpcCall.run(Server.java:1035) [hadoop-common-3.3.1.jar:?]
	at org.apache.hadoop.ipc.Server$RpcCall.run(Server.java:963) [hadoop-common-3.3.1.jar:?]
	at java.security.AccessController.doPrivileged(Native Method) ~[?:1.8.0_345]
	at javax.security.auth.Subject.doAs(Subject.java:422) [?:1.8.0_345]
	at org.apache.hadoop.security.UserGroupInformation.doAs(UserGroupInformation.java:1878) [hadoop-common-3.3.1.jar:?]
	at org.apache.hadoop.ipc.Server$Handler.run(Server.java:2966) [hadoop-common-3.3.1.jar:?]
2022-09-28 09:55:46,796 [Time-limited test] WARN  ozone.BasicOzoneFileSystem (BasicOzoneFileSystem.java:getFileStatus(765)) - GetFileStatus failed for path /gdir1/dir2/child
java.io.FileNotFoundException: gdir1/dir2/child: No such file or directory!
	at org.apache.hadoop.fs.ozone.BasicOzoneClientAdapterImpl.getFileStatus(BasicOzoneClientAdapterImpl.java:369)
	at org.apache.hadoop.fs.ozone.BasicOzoneFileSystem.getFileStatus(BasicOzoneFileSystem.java:757)
	at org.apache.hadoop.fs.ozone.TestOzoneFileSystem.checkPath(TestOzoneFileSystem.java:504)
	at org.apache.hadoop.fs.ozone.TestOzoneFileSystem.testRecursiveDelete(TestOzoneFileSystem.java:460)
	at sun.reflect.NativeMethodAccessorImpl.invoke0(Native Method)
	at sun.reflect.NativeMethodAccessorImpl.invoke(NativeMethodAccessorImpl.java:62)
	at sun.reflect.DelegatingMethodAccessorImpl.invoke(DelegatingMethodAccessorImpl.java:43)
	at java.lang.reflect.Method.invoke(Method.java:498)
	at org.junit.runners.model.FrameworkMethod$1.runReflectiveCall(FrameworkMethod.java:59)
	at org.junit.internal.runners.model.ReflectiveCallable.run(ReflectiveCallable.java:12)
	at org.junit.runners.model.FrameworkMethod.invokeExplosively(FrameworkMethod.java:56)
	at org.junit.internal.runners.statements.InvokeMethod.evaluate(InvokeMethod.java:17)
	at org.junit.internal.runners.statements.RunAfters.evaluate(RunAfters.java:27)
	at org.junit.internal.runners.statements.FailOnTimeout$CallableStatement.call(FailOnTimeout.java:288)
	at org.junit.internal.runners.statements.FailOnTimeout$CallableStatement.call(FailOnTimeout.java:282)
	at java.util.concurrent.FutureTask.run(FutureTask.java:266)
	at java.lang.Thread.run(Thread.java:750)
09:55:46.796 [IPC Server handler 19 on default port 43879] ERROR OMAudit - user=runner | ip=127.0.0.1 | op=GET_FILE_STATUS {volume=volume99279, bucket=bucket29095, key=gdir1/dir3, dataSize=0, replicationConfig=null} | ret=FAILURE
org.apache.hadoop.ozone.om.exceptions.OMException: Unable to get file status: volume: volume99279 bucket: bucket29095 key: gdir1/dir3
	at org.apache.hadoop.ozone.om.KeyManagerImpl.getOzoneFileStatus(KeyManagerImpl.java:1324) ~[ozone-manager-1.3.0-SNAPSHOT.jar:?]
	at org.apache.hadoop.ozone.om.KeyManagerImpl.getFileStatus(KeyManagerImpl.java:1254) ~[ozone-manager-1.3.0-SNAPSHOT.jar:?]
	at org.apache.hadoop.ozone.om.OzoneManager.getFileStatus(OzoneManager.java:3506) ~[ozone-manager-1.3.0-SNAPSHOT.jar:?]
	at org.apache.hadoop.ozone.protocolPB.OzoneManagerRequestHandler.getOzoneFileStatus(OzoneManagerRequestHandler.java:882) ~[ozone-manager-1.3.0-SNAPSHOT.jar:?]
	at org.apache.hadoop.ozone.protocolPB.OzoneManagerRequestHandler.handleReadRequest(OzoneManagerRequestHandler.java:228) ~[ozone-manager-1.3.0-SNAPSHOT.jar:?]
	at org.apache.hadoop.ozone.protocolPB.OzoneManagerProtocolServerSideTranslatorPB.submitRequestDirectlyToOM(OzoneManagerProtocolServerSideTranslatorPB.java:276) ~[ozone-manager-1.3.0-SNAPSHOT.jar:?]
	at org.apache.hadoop.ozone.protocolPB.OzoneManagerProtocolServerSideTranslatorPB.processRequest(OzoneManagerProtocolServerSideTranslatorPB.java:205) ~[ozone-manager-1.3.0-SNAPSHOT.jar:?]
	at org.apache.hadoop.hdds.server.OzoneProtocolMessageDispatcher.processRequest(OzoneProtocolMessageDispatcher.java:87) [hdds-server-framework-1.3.0-SNAPSHOT.jar:?]
	at org.apache.hadoop.ozone.protocolPB.OzoneManagerProtocolServerSideTranslatorPB.submitRequest(OzoneManagerProtocolServerSideTranslatorPB.java:147) [ozone-manager-1.3.0-SNAPSHOT.jar:?]
	at org.apache.hadoop.ozone.protocol.proto.OzoneManagerProtocolProtos$OzoneManagerService$2.callBlockingMethod(OzoneManagerProtocolProtos.java) [ozone-interface-client-1.3.0-SNAPSHOT.jar:?]
	at org.apache.hadoop.ipc.ProtobufRpcEngine$Server.processCall(ProtobufRpcEngine.java:466) [hadoop-common-3.3.1.jar:?]
	at org.apache.hadoop.ipc.ProtobufRpcEngine2$Server$ProtoBufRpcInvoker.call(ProtobufRpcEngine2.java:574) [hadoop-common-3.3.1.jar:?]
	at org.apache.hadoop.ipc.ProtobufRpcEngine2$Server$ProtoBufRpcInvoker.call(ProtobufRpcEngine2.java:552) [hadoop-common-3.3.1.jar:?]
	at org.apache.hadoop.ipc.RPC$Server.call(RPC.java:1093) [hadoop-common-3.3.1.jar:?]
	at org.apache.hadoop.ipc.Server$RpcCall.run(Server.java:1035) [hadoop-common-3.3.1.jar:?]
	at org.apache.hadoop.ipc.Server$RpcCall.run(Server.java:963) [hadoop-common-3.3.1.jar:?]
	at java.security.AccessController.doPrivileged(Native Method) ~[?:1.8.0_345]
	at javax.security.auth.Subject.doAs(Subject.java:422) [?:1.8.0_345]
	at org.apache.hadoop.security.UserGroupInformation.doAs(UserGroupInformation.java:1878) [hadoop-common-3.3.1.jar:?]
	at org.apache.hadoop.ipc.Server$Handler.run(Server.java:2966) [hadoop-common-3.3.1.jar:?]
2022-09-28 09:55:46,797 [Time-limited test] WARN  ozone.BasicOzoneFileSystem (BasicOzoneFileSystem.java:getFileStatus(765)) - GetFileStatus failed for path /gdir1/dir3
java.io.FileNotFoundException: gdir1/dir3: No such file or directory!
	at org.apache.hadoop.fs.ozone.BasicOzoneClientAdapterImpl.getFileStatus(BasicOzoneClientAdapterImpl.java:369)
	at org.apache.hadoop.fs.ozone.BasicOzoneFileSystem.getFileStatus(BasicOzoneFileSystem.java:757)
	at org.apache.hadoop.fs.ozone.TestOzoneFileSystem.checkPath(TestOzoneFileSystem.java:504)
	at org.apache.hadoop.fs.ozone.TestOzoneFileSystem.testRecursiveDelete(TestOzoneFileSystem.java:459)
	at sun.reflect.NativeMethodAccessorImpl.invoke0(Native Method)
	at sun.reflect.NativeMethodAccessorImpl.invoke(NativeMethodAccessorImpl.java:62)
	at sun.reflect.DelegatingMethodAccessorImpl.invoke(DelegatingMethodAccessorImpl.java:43)
	at java.lang.reflect.Method.invoke(Method.java:498)
	at org.junit.runners.model.FrameworkMethod$1.runReflectiveCall(FrameworkMethod.java:59)
	at org.junit.internal.runners.model.ReflectiveCallable.run(ReflectiveCallable.java:12)
	at org.junit.runners.model.FrameworkMethod.invokeExplosively(FrameworkMethod.java:56)
	at org.junit.internal.runners.statements.InvokeMethod.evaluate(InvokeMethod.java:17)
	at org.junit.internal.runners.statements.RunAfters.evaluate(RunAfters.java:27)
	at org.junit.internal.runners.statements.FailOnTimeout$CallableStatement.call(FailOnTimeout.java:288)
	at org.junit.internal.runners.statements.FailOnTimeout$CallableStatement.call(FailOnTimeout.java:282)
	at java.util.concurrent.FutureTask.run(FutureTask.java:266)
	at java.lang.Thread.run(Thread.java:750)
09:55:46.797 [IPC Server handler 0 on default port 43879] ERROR OMAudit - user=runner | ip=127.0.0.1 | op=GET_FILE_STATUS {volume=volume99279, bucket=bucket29095, key=gdir1/dir3/child, dataSize=0, replicationConfig=null} | ret=FAILURE
org.apache.hadoop.ozone.om.exceptions.OMException: Unable to get file status: volume: volume99279 bucket: bucket29095 key: gdir1/dir3/child
	at org.apache.hadoop.ozone.om.KeyManagerImpl.getOzoneFileStatus(KeyManagerImpl.java:1324) ~[ozone-manager-1.3.0-SNAPSHOT.jar:?]
	at org.apache.hadoop.ozone.om.KeyManagerImpl.getFileStatus(KeyManagerImpl.java:1254) ~[ozone-manager-1.3.0-SNAPSHOT.jar:?]
	at org.apache.hadoop.ozone.om.OzoneManager.getFileStatus(OzoneManager.java:3506) ~[ozone-manager-1.3.0-SNAPSHOT.jar:?]
	at org.apache.hadoop.ozone.protocolPB.OzoneManagerRequestHandler.getOzoneFileStatus(OzoneManagerRequestHandler.java:882) ~[ozone-manager-1.3.0-SNAPSHOT.jar:?]
	at org.apache.hadoop.ozone.protocolPB.OzoneManagerRequestHandler.handleReadRequest(OzoneManagerRequestHandler.java:228) ~[ozone-manager-1.3.0-SNAPSHOT.jar:?]
	at org.apache.hadoop.ozone.protocolPB.OzoneManagerProtocolServerSideTranslatorPB.submitRequestDirectlyToOM(OzoneManagerProtocolServerSideTranslatorPB.java:276) ~[ozone-manager-1.3.0-SNAPSHOT.jar:?]
	at org.apache.hadoop.ozone.protocolPB.OzoneManagerProtocolServerSideTranslatorPB.processRequest(OzoneManagerProtocolServerSideTranslatorPB.java:205) ~[ozone-manager-1.3.0-SNAPSHOT.jar:?]
	at org.apache.hadoop.hdds.server.OzoneProtocolMessageDispatcher.processRequest(OzoneProtocolMessageDispatcher.java:87) [hdds-server-framework-1.3.0-SNAPSHOT.jar:?]
	at org.apache.hadoop.ozone.protocolPB.OzoneManagerProtocolServerSideTranslatorPB.submitRequest(OzoneManagerProtocolServerSideTranslatorPB.java:147) [ozone-manager-1.3.0-SNAPSHOT.jar:?]
	at org.apache.hadoop.ozone.protocol.proto.OzoneManagerProtocolProtos$OzoneManagerService$2.callBlockingMethod(OzoneManagerProtocolProtos.java) [ozone-interface-client-1.3.0-SNAPSHOT.jar:?]
	at org.apache.hadoop.ipc.ProtobufRpcEngine$Server.processCall(ProtobufRpcEngine.java:466) [hadoop-common-3.3.1.jar:?]
	at org.apache.hadoop.ipc.ProtobufRpcEngine2$Server$ProtoBufRpcInvoker.call(ProtobufRpcEngine2.java:574) [hadoop-common-3.3.1.jar:?]
	at org.apache.hadoop.ipc.ProtobufRpcEngine2$Server$ProtoBufRpcInvoker.call(ProtobufRpcEngine2.java:552) [hadoop-common-3.3.1.jar:?]
	at org.apache.hadoop.ipc.RPC$Server.call(RPC.java:1093) [hadoop-common-3.3.1.jar:?]
	at org.apache.hadoop.ipc.Server$RpcCall.run(Server.java:1035) [hadoop-common-3.3.1.jar:?]
	at org.apache.hadoop.ipc.Server$RpcCall.run(Server.java:963) [hadoop-common-3.3.1.jar:?]
	at java.security.AccessController.doPrivileged(Native Method) ~[?:1.8.0_345]
	at javax.security.auth.Subject.doAs(Subject.java:422) [?:1.8.0_345]
	at org.apache.hadoop.security.UserGroupInformation.doAs(UserGroupInformation.java:1878) [hadoop-common-3.3.1.jar:?]
	at org.apache.hadoop.ipc.Server$Handler.run(Server.java:2966) [hadoop-common-3.3.1.jar:?]
2022-09-28 09:55:46,797 [Time-limited test] WARN  ozone.BasicOzoneFileSystem (BasicOzoneFileSystem.java:getFileStatus(765)) - GetFileStatus failed for path /gdir1/dir3/child
java.io.FileNotFoundException: gdir1/dir3/child: No such file or directory!
	at org.apache.hadoop.fs.ozone.BasicOzoneClientAdapterImpl.getFileStatus(BasicOzoneClientAdapterImpl.java:369)
	at org.apache.hadoop.fs.ozone.BasicOzoneFileSystem.getFileStatus(BasicOzoneFileSystem.java:757)
	at org.apache.hadoop.fs.ozone.TestOzoneFileSystem.checkPath(TestOzoneFileSystem.java:504)
	at org.apache.hadoop.fs.ozone.TestOzoneFileSystem.testRecursiveDelete(TestOzoneFileSystem.java:460)
	at sun.reflect.NativeMethodAccessorImpl.invoke0(Native Method)
	at sun.reflect.NativeMethodAccessorImpl.invoke(NativeMethodAccessorImpl.java:62)
	at sun.reflect.DelegatingMethodAccessorImpl.invoke(DelegatingMethodAccessorImpl.java:43)
	at java.lang.reflect.Method.invoke(Method.java:498)
	at org.junit.runners.model.FrameworkMethod$1.runReflectiveCall(FrameworkMethod.java:59)
	at org.junit.internal.runners.model.ReflectiveCallable.run(ReflectiveCallable.java:12)
	at org.junit.runners.model.FrameworkMethod.invokeExplosively(FrameworkMethod.java:56)
	at org.junit.internal.runners.statements.InvokeMethod.evaluate(InvokeMethod.java:17)
	at org.junit.internal.runners.statements.RunAfters.evaluate(RunAfters.java:27)
	at org.junit.internal.runners.statements.FailOnTimeout$CallableStatement.call(FailOnTimeout.java:288)
	at org.junit.internal.runners.statements.FailOnTimeout$CallableStatement.call(FailOnTimeout.java:282)
	at java.util.concurrent.FutureTask.run(FutureTask.java:266)
	at java.lang.Thread.run(Thread.java:750)
09:55:46.798 [IPC Server handler 2 on default port 43879] ERROR OMAudit - user=runner | ip=127.0.0.1 | op=GET_FILE_STATUS {volume=volume99279, bucket=bucket29095, key=gdir1/dir4, dataSize=0, replicationConfig=null} | ret=FAILURE
org.apache.hadoop.ozone.om.exceptions.OMException: Unable to get file status: volume: volume99279 bucket: bucket29095 key: gdir1/dir4
	at org.apache.hadoop.ozone.om.KeyManagerImpl.getOzoneFileStatus(KeyManagerImpl.java:1324) ~[ozone-manager-1.3.0-SNAPSHOT.jar:?]
	at org.apache.hadoop.ozone.om.KeyManagerImpl.getFileStatus(KeyManagerImpl.java:1254) ~[ozone-manager-1.3.0-SNAPSHOT.jar:?]
	at org.apache.hadoop.ozone.om.OzoneManager.getFileStatus(OzoneManager.java:3506) ~[ozone-manager-1.3.0-SNAPSHOT.jar:?]
	at org.apache.hadoop.ozone.protocolPB.OzoneManagerRequestHandler.getOzoneFileStatus(OzoneManagerRequestHandler.java:882) ~[ozone-manager-1.3.0-SNAPSHOT.jar:?]
	at org.apache.hadoop.ozone.protocolPB.OzoneManagerRequestHandler.handleReadRequest(OzoneManagerRequestHandler.java:228) ~[ozone-manager-1.3.0-SNAPSHOT.jar:?]
	at org.apache.hadoop.ozone.protocolPB.OzoneManagerProtocolServerSideTranslatorPB.submitRequestDirectlyToOM(OzoneManagerProtocolServerSideTranslatorPB.java:276) ~[ozone-manager-1.3.0-SNAPSHOT.jar:?]
	at org.apache.hadoop.ozone.protocolPB.OzoneManagerProtocolServerSideTranslatorPB.processRequest(OzoneManagerProtocolServerSideTranslatorPB.java:205) ~[ozone-manager-1.3.0-SNAPSHOT.jar:?]
	at org.apache.hadoop.hdds.server.OzoneProtocolMessageDispatcher.processRequest(OzoneProtocolMessageDispatcher.java:87) [hdds-server-framework-1.3.0-SNAPSHOT.jar:?]
	at org.apache.hadoop.ozone.protocolPB.OzoneManagerProtocolServerSideTranslatorPB.submitRequest(OzoneManagerProtocolServerSideTranslatorPB.java:147) [ozone-manager-1.3.0-SNAPSHOT.jar:?]
	at org.apache.hadoop.ozone.protocol.proto.OzoneManagerProtocolProtos$OzoneManagerService$2.callBlockingMethod(OzoneManagerProtocolProtos.java) [ozone-interface-client-1.3.0-SNAPSHOT.jar:?]
	at org.apache.hadoop.ipc.ProtobufRpcEngine$Server.processCall(ProtobufRpcEngine.java:466) [hadoop-common-3.3.1.jar:?]
	at org.apache.hadoop.ipc.ProtobufRpcEngine2$Server$ProtoBufRpcInvoker.call(ProtobufRpcEngine2.java:574) [hadoop-common-3.3.1.jar:?]
	at org.apache.hadoop.ipc.ProtobufRpcEngine2$Server$ProtoBufRpcInvoker.call(ProtobufRpcEngine2.java:552) [hadoop-common-3.3.1.jar:?]
	at org.apache.hadoop.ipc.RPC$Server.call(RPC.java:1093) [hadoop-common-3.3.1.jar:?]
	at org.apache.hadoop.ipc.Server$RpcCall.run(Server.java:1035) [hadoop-common-3.3.1.jar:?]
	at org.apache.hadoop.ipc.Server$RpcCall.run(Server.java:963) [hadoop-common-3.3.1.jar:?]
	at java.security.AccessController.doPrivileged(Native Method) ~[?:1.8.0_345]
	at javax.security.auth.Subject.doAs(Subject.java:422) [?:1.8.0_345]
	at org.apache.hadoop.security.UserGroupInformation.doAs(UserGroupInformation.java:1878) [hadoop-common-3.3.1.jar:?]
	at org.apache.hadoop.ipc.Server$Handler.run(Server.java:2966) [hadoop-common-3.3.1.jar:?]
2022-09-28 09:55:46,798 [Time-limited test] WARN  ozone.BasicOzoneFileSystem (BasicOzoneFileSystem.java:getFileStatus(765)) - GetFileStatus failed for path /gdir1/dir4
java.io.FileNotFoundException: gdir1/dir4: No such file or directory!
	at org.apache.hadoop.fs.ozone.BasicOzoneClientAdapterImpl.getFileStatus(BasicOzoneClientAdapterImpl.java:369)
	at org.apache.hadoop.fs.ozone.BasicOzoneFileSystem.getFileStatus(BasicOzoneFileSystem.java:757)
	at org.apache.hadoop.fs.ozone.TestOzoneFileSystem.checkPath(TestOzoneFileSystem.java:504)
	at org.apache.hadoop.fs.ozone.TestOzoneFileSystem.testRecursiveDelete(TestOzoneFileSystem.java:459)
	at sun.reflect.NativeMethodAccessorImpl.invoke0(Native Method)
	at sun.reflect.NativeMethodAccessorImpl.invoke(NativeMethodAccessorImpl.java:62)
	at sun.reflect.DelegatingMethodAccessorImpl.invoke(DelegatingMethodAccessorImpl.java:43)
	at java.lang.reflect.Method.invoke(Method.java:498)
	at org.junit.runners.model.FrameworkMethod$1.runReflectiveCall(FrameworkMethod.java:59)
	at org.junit.internal.runners.model.ReflectiveCallable.run(ReflectiveCallable.java:12)
	at org.junit.runners.model.FrameworkMethod.invokeExplosively(FrameworkMethod.java:56)
	at org.junit.internal.runners.statements.InvokeMethod.evaluate(InvokeMethod.java:17)
	at org.junit.internal.runners.statements.RunAfters.evaluate(RunAfters.java:27)
	at org.junit.internal.runners.statements.FailOnTimeout$CallableStatement.call(FailOnTimeout.java:288)
	at org.junit.internal.runners.statements.FailOnTimeout$CallableStatement.call(FailOnTimeout.java:282)
	at java.util.concurrent.FutureTask.run(FutureTask.java:266)
	at java.lang.Thread.run(Thread.java:750)
09:55:46.798 [IPC Server handler 5 on default port 43879] ERROR OMAudit - user=runner | ip=127.0.0.1 | op=GET_FILE_STATUS {volume=volume99279, bucket=bucket29095, key=gdir1/dir4/child, dataSize=0, replicationConfig=null} | ret=FAILURE
org.apache.hadoop.ozone.om.exceptions.OMException: Unable to get file status: volume: volume99279 bucket: bucket29095 key: gdir1/dir4/child
	at org.apache.hadoop.ozone.om.KeyManagerImpl.getOzoneFileStatus(KeyManagerImpl.java:1324) ~[ozone-manager-1.3.0-SNAPSHOT.jar:?]
	at org.apache.hadoop.ozone.om.KeyManagerImpl.getFileStatus(KeyManagerImpl.java:1254) ~[ozone-manager-1.3.0-SNAPSHOT.jar:?]
	at org.apache.hadoop.ozone.om.OzoneManager.getFileStatus(OzoneManager.java:3506) ~[ozone-manager-1.3.0-SNAPSHOT.jar:?]
	at org.apache.hadoop.ozone.protocolPB.OzoneManagerRequestHandler.getOzoneFileStatus(OzoneManagerRequestHandler.java:882) ~[ozone-manager-1.3.0-SNAPSHOT.jar:?]
	at org.apache.hadoop.ozone.protocolPB.OzoneManagerRequestHandler.handleReadRequest(OzoneManagerRequestHandler.java:228) ~[ozone-manager-1.3.0-SNAPSHOT.jar:?]
	at org.apache.hadoop.ozone.protocolPB.OzoneManagerProtocolServerSideTranslatorPB.submitRequestDirectlyToOM(OzoneManagerProtocolServerSideTranslatorPB.java:276) ~[ozone-manager-1.3.0-SNAPSHOT.jar:?]
	at org.apache.hadoop.ozone.protocolPB.OzoneManagerProtocolServerSideTranslatorPB.processRequest(OzoneManagerProtocolServerSideTranslatorPB.java:205) ~[ozone-manager-1.3.0-SNAPSHOT.jar:?]
	at org.apache.hadoop.hdds.server.OzoneProtocolMessageDispatcher.processRequest(OzoneProtocolMessageDispatcher.java:87) [hdds-server-framework-1.3.0-SNAPSHOT.jar:?]
	at org.apache.hadoop.ozone.protocolPB.OzoneManagerProtocolServerSideTranslatorPB.submitRequest(OzoneManagerProtocolServerSideTranslatorPB.java:147) [ozone-manager-1.3.0-SNAPSHOT.jar:?]
	at org.apache.hadoop.ozone.protocol.proto.OzoneManagerProtocolProtos$OzoneManagerService$2.callBlockingMethod(OzoneManagerProtocolProtos.java) [ozone-interface-client-1.3.0-SNAPSHOT.jar:?]
	at org.apache.hadoop.ipc.ProtobufRpcEngine$Server.processCall(ProtobufRpcEngine.java:466) [hadoop-common-3.3.1.jar:?]
	at org.apache.hadoop.ipc.ProtobufRpcEngine2$Server$ProtoBufRpcInvoker.call(ProtobufRpcEngine2.java:574) [hadoop-common-3.3.1.jar:?]
	at org.apache.hadoop.ipc.ProtobufRpcEngine2$Server$ProtoBufRpcInvoker.call(ProtobufRpcEngine2.java:552) [hadoop-common-3.3.1.jar:?]
	at org.apache.hadoop.ipc.RPC$Server.call(RPC.java:1093) [hadoop-common-3.3.1.jar:?]
	at org.apache.hadoop.ipc.Server$RpcCall.run(Server.java:1035) [hadoop-common-3.3.1.jar:?]
	at org.apache.hadoop.ipc.Server$RpcCall.run(Server.java:963) [hadoop-common-3.3.1.jar:?]
	at java.security.AccessController.doPrivileged(Native Method) ~[?:1.8.0_345]
	at javax.security.auth.Subject.doAs(Subject.java:422) [?:1.8.0_345]
	at org.apache.hadoop.security.UserGroupInformation.doAs(UserGroupInformation.java:1878) [hadoop-common-3.3.1.jar:?]
	at org.apache.hadoop.ipc.Server$Handler.run(Server.java:2966) [hadoop-common-3.3.1.jar:?]
2022-09-28 09:55:46,799 [Time-limited test] WARN  ozone.BasicOzoneFileSystem (BasicOzoneFileSystem.java:getFileStatus(765)) - GetFileStatus failed for path /gdir1/dir4/child
java.io.FileNotFoundException: gdir1/dir4/child: No such file or directory!
	at org.apache.hadoop.fs.ozone.BasicOzoneClientAdapterImpl.getFileStatus(BasicOzoneClientAdapterImpl.java:369)
	at org.apache.hadoop.fs.ozone.BasicOzoneFileSystem.getFileStatus(BasicOzoneFileSystem.java:757)
	at org.apache.hadoop.fs.ozone.TestOzoneFileSystem.checkPath(TestOzoneFileSystem.java:504)
	at org.apache.hadoop.fs.ozone.TestOzoneFileSystem.testRecursiveDelete(TestOzoneFileSystem.java:460)
	at sun.reflect.NativeMethodAccessorImpl.invoke0(Native Method)
	at sun.reflect.NativeMethodAccessorImpl.invoke(NativeMethodAccessorImpl.java:62)
	at sun.reflect.DelegatingMethodAccessorImpl.invoke(DelegatingMethodAccessorImpl.java:43)
	at java.lang.reflect.Method.invoke(Method.java:498)
	at org.junit.runners.model.FrameworkMethod$1.runReflectiveCall(FrameworkMethod.java:59)
	at org.junit.internal.runners.model.ReflectiveCallable.run(ReflectiveCallable.java:12)
	at org.junit.runners.model.FrameworkMethod.invokeExplosively(FrameworkMethod.java:56)
	at org.junit.internal.runners.statements.InvokeMethod.evaluate(InvokeMethod.java:17)
	at org.junit.internal.runners.statements.RunAfters.evaluate(RunAfters.java:27)
	at org.junit.internal.runners.statements.FailOnTimeout$CallableStatement.call(FailOnTimeout.java:288)
	at org.junit.internal.runners.statements.FailOnTimeout$CallableStatement.call(FailOnTimeout.java:282)
	at java.util.concurrent.FutureTask.run(FutureTask.java:266)
	at java.lang.Thread.run(Thread.java:750)
09:55:46.799 [IPC Server handler 12 on default port 43879] ERROR OMAudit - user=runner | ip=127.0.0.1 | op=GET_FILE_STATUS {volume=volume99279, bucket=bucket29095, key=gdir1/dir5, dataSize=0, replicationConfig=null} | ret=FAILURE
org.apache.hadoop.ozone.om.exceptions.OMException: Unable to get file status: volume: volume99279 bucket: bucket29095 key: gdir1/dir5
	at org.apache.hadoop.ozone.om.KeyManagerImpl.getOzoneFileStatus(KeyManagerImpl.java:1324) ~[ozone-manager-1.3.0-SNAPSHOT.jar:?]
	at org.apache.hadoop.ozone.om.KeyManagerImpl.getFileStatus(KeyManagerImpl.java:1254) ~[ozone-manager-1.3.0-SNAPSHOT.jar:?]
	at org.apache.hadoop.ozone.om.OzoneManager.getFileStatus(OzoneManager.java:3506) ~[ozone-manager-1.3.0-SNAPSHOT.jar:?]
	at org.apache.hadoop.ozone.protocolPB.OzoneManagerRequestHandler.getOzoneFileStatus(OzoneManagerRequestHandler.java:882) ~[ozone-manager-1.3.0-SNAPSHOT.jar:?]
	at org.apache.hadoop.ozone.protocolPB.OzoneManagerRequestHandler.handleReadRequest(OzoneManagerRequestHandler.java:228) ~[ozone-manager-1.3.0-SNAPSHOT.jar:?]
	at org.apache.hadoop.ozone.protocolPB.OzoneManagerProtocolServerSideTranslatorPB.submitRequestDirectlyToOM(OzoneManagerProtocolServerSideTranslatorPB.java:276) ~[ozone-manager-1.3.0-SNAPSHOT.jar:?]
	at org.apache.hadoop.ozone.protocolPB.OzoneManagerProtocolServerSideTranslatorPB.processRequest(OzoneManagerProtocolServerSideTranslatorPB.java:205) ~[ozone-manager-1.3.0-SNAPSHOT.jar:?]
	at org.apache.hadoop.hdds.server.OzoneProtocolMessageDispatcher.processRequest(OzoneProtocolMessageDispatcher.java:87) [hdds-server-framework-1.3.0-SNAPSHOT.jar:?]
	at org.apache.hadoop.ozone.protocolPB.OzoneManagerProtocolServerSideTranslatorPB.submitRequest(OzoneManagerProtocolServerSideTranslatorPB.java:147) [ozone-manager-1.3.0-SNAPSHOT.jar:?]
	at org.apache.hadoop.ozone.protocol.proto.OzoneManagerProtocolProtos$OzoneManagerService$2.callBlockingMethod(OzoneManagerProtocolProtos.java) [ozone-interface-client-1.3.0-SNAPSHOT.jar:?]
	at org.apache.hadoop.ipc.ProtobufRpcEngine$Server.processCall(ProtobufRpcEngine.java:466) [hadoop-common-3.3.1.jar:?]
	at org.apache.hadoop.ipc.ProtobufRpcEngine2$Server$ProtoBufRpcInvoker.call(ProtobufRpcEngine2.java:574) [hadoop-common-3.3.1.jar:?]
	at org.apache.hadoop.ipc.ProtobufRpcEngine2$Server$ProtoBufRpcInvoker.call(ProtobufRpcEngine2.java:552) [hadoop-common-3.3.1.jar:?]
	at org.apache.hadoop.ipc.RPC$Server.call(RPC.java:1093) [hadoop-common-3.3.1.jar:?]
	at org.apache.hadoop.ipc.Server$RpcCall.run(Server.java:1035) [hadoop-common-3.3.1.jar:?]
	at org.apache.hadoop.ipc.Server$RpcCall.run(Server.java:963) [hadoop-common-3.3.1.jar:?]
	at java.security.AccessController.doPrivileged(Native Method) ~[?:1.8.0_345]
	at javax.security.auth.Subject.doAs(Subject.java:422) [?:1.8.0_345]
	at org.apache.hadoop.security.UserGroupInformation.doAs(UserGroupInformation.java:1878) [hadoop-common-3.3.1.jar:?]
	at org.apache.hadoop.ipc.Server$Handler.run(Server.java:2966) [hadoop-common-3.3.1.jar:?]
2022-09-28 09:55:46,799 [Time-limited test] WARN  ozone.BasicOzoneFileSystem (BasicOzoneFileSystem.java:getFileStatus(765)) - GetFileStatus failed for path /gdir1/dir5
java.io.FileNotFoundException: gdir1/dir5: No such file or directory!
	at org.apache.hadoop.fs.ozone.BasicOzoneClientAdapterImpl.getFileStatus(BasicOzoneClientAdapterImpl.java:369)
	at org.apache.hadoop.fs.ozone.BasicOzoneFileSystem.getFileStatus(BasicOzoneFileSystem.java:757)
	at org.apache.hadoop.fs.ozone.TestOzoneFileSystem.checkPath(TestOzoneFileSystem.java:504)
	at org.apache.hadoop.fs.ozone.TestOzoneFileSystem.testRecursiveDelete(TestOzoneFileSystem.java:459)
	at sun.reflect.NativeMethodAccessorImpl.invoke0(Native Method)
	at sun.reflect.NativeMethodAccessorImpl.invoke(NativeMethodAccessorImpl.java:62)
	at sun.reflect.DelegatingMethodAccessorImpl.invoke(DelegatingMethodAccessorImpl.java:43)
	at java.lang.reflect.Method.invoke(Method.java:498)
	at org.junit.runners.model.FrameworkMethod$1.runReflectiveCall(FrameworkMethod.java:59)
	at org.junit.internal.runners.model.ReflectiveCallable.run(ReflectiveCallable.java:12)
	at org.junit.runners.model.FrameworkMethod.invokeExplosively(FrameworkMethod.java:56)
	at org.junit.internal.runners.statements.InvokeMethod.evaluate(InvokeMethod.java:17)
	at org.junit.internal.runners.statements.RunAfters.evaluate(RunAfters.java:27)
	at org.junit.internal.runners.statements.FailOnTimeout$CallableStatement.call(FailOnTimeout.java:288)
	at org.junit.internal.runners.statements.FailOnTimeout$CallableStatement.call(FailOnTimeout.java:282)
	at java.util.concurrent.FutureTask.run(FutureTask.java:266)
	at java.lang.Thread.run(Thread.java:750)
09:55:46.799 [IPC Server handler 3 on default port 43879] ERROR OMAudit - user=runner | ip=127.0.0.1 | op=GET_FILE_STATUS {volume=volume99279, bucket=bucket29095, key=gdir1/dir5/child, dataSize=0, replicationConfig=null} | ret=FAILURE
org.apache.hadoop.ozone.om.exceptions.OMException: Unable to get file status: volume: volume99279 bucket: bucket29095 key: gdir1/dir5/child
	at org.apache.hadoop.ozone.om.KeyManagerImpl.getOzoneFileStatus(KeyManagerImpl.java:1324) ~[ozone-manager-1.3.0-SNAPSHOT.jar:?]
	at org.apache.hadoop.ozone.om.KeyManagerImpl.getFileStatus(KeyManagerImpl.java:1254) ~[ozone-manager-1.3.0-SNAPSHOT.jar:?]
	at org.apache.hadoop.ozone.om.OzoneManager.getFileStatus(OzoneManager.java:3506) ~[ozone-manager-1.3.0-SNAPSHOT.jar:?]
	at org.apache.hadoop.ozone.protocolPB.OzoneManagerRequestHandler.getOzoneFileStatus(OzoneManagerRequestHandler.java:882) ~[ozone-manager-1.3.0-SNAPSHOT.jar:?]
	at org.apache.hadoop.ozone.protocolPB.OzoneManagerRequestHandler.handleReadRequest(OzoneManagerRequestHandler.java:228) ~[ozone-manager-1.3.0-SNAPSHOT.jar:?]
	at org.apache.hadoop.ozone.protocolPB.OzoneManagerProtocolServerSideTranslatorPB.submitRequestDirectlyToOM(OzoneManagerProtocolServerSideTranslatorPB.java:276) ~[ozone-manager-1.3.0-SNAPSHOT.jar:?]
	at org.apache.hadoop.ozone.protocolPB.OzoneManagerProtocolServerSideTranslatorPB.processRequest(OzoneManagerProtocolServerSideTranslatorPB.java:205) ~[ozone-manager-1.3.0-SNAPSHOT.jar:?]
	at org.apache.hadoop.hdds.server.OzoneProtocolMessageDispatcher.processRequest(OzoneProtocolMessageDispatcher.java:87) [hdds-server-framework-1.3.0-SNAPSHOT.jar:?]
	at org.apache.hadoop.ozone.protocolPB.OzoneManagerProtocolServerSideTranslatorPB.submitRequest(OzoneManagerProtocolServerSideTranslatorPB.java:147) [ozone-manager-1.3.0-SNAPSHOT.jar:?]
	at org.apache.hadoop.ozone.protocol.proto.OzoneManagerProtocolProtos$OzoneManagerService$2.callBlockingMethod(OzoneManagerProtocolProtos.java) [ozone-interface-client-1.3.0-SNAPSHOT.jar:?]
	at org.apache.hadoop.ipc.ProtobufRpcEngine$Server.processCall(ProtobufRpcEngine.java:466) [hadoop-common-3.3.1.jar:?]
	at org.apache.hadoop.ipc.ProtobufRpcEngine2$Server$ProtoBufRpcInvoker.call(ProtobufRpcEngine2.java:574) [hadoop-common-3.3.1.jar:?]
	at org.apache.hadoop.ipc.ProtobufRpcEngine2$Server$ProtoBufRpcInvoker.call(ProtobufRpcEngine2.java:552) [hadoop-common-3.3.1.jar:?]
	at org.apache.hadoop.ipc.RPC$Server.call(RPC.java:1093) [hadoop-common-3.3.1.jar:?]
	at org.apache.hadoop.ipc.Server$RpcCall.run(Server.java:1035) [hadoop-common-3.3.1.jar:?]
	at org.apache.hadoop.ipc.Server$RpcCall.run(Server.java:963) [hadoop-common-3.3.1.jar:?]
	at java.security.AccessController.doPrivileged(Native Method) ~[?:1.8.0_345]
	at javax.security.auth.Subject.doAs(Subject.java:422) [?:1.8.0_345]
	at org.apache.hadoop.security.UserGroupInformation.doAs(UserGroupInformation.java:1878) [hadoop-common-3.3.1.jar:?]
	at org.apache.hadoop.ipc.Server$Handler.run(Server.java:2966) [hadoop-common-3.3.1.jar:?]
2022-09-28 09:55:46,801 [Time-limited test] WARN  ozone.BasicOzoneFileSystem (BasicOzoneFileSystem.java:getFileStatus(765)) - GetFileStatus failed for path /gdir1/dir5/child
java.io.FileNotFoundException: gdir1/dir5/child: No such file or directory!
	at org.apache.hadoop.fs.ozone.BasicOzoneClientAdapterImpl.getFileStatus(BasicOzoneClientAdapterImpl.java:369)
	at org.apache.hadoop.fs.ozone.BasicOzoneFileSystem.getFileStatus(BasicOzoneFileSystem.java:757)
	at org.apache.hadoop.fs.ozone.TestOzoneFileSystem.checkPath(TestOzoneFileSystem.java:504)
	at org.apache.hadoop.fs.ozone.TestOzoneFileSystem.testRecursiveDelete(TestOzoneFileSystem.java:460)
	at sun.reflect.NativeMethodAccessorImpl.invoke0(Native Method)
	at sun.reflect.NativeMethodAccessorImpl.invoke(NativeMethodAccessorImpl.java:62)
	at sun.reflect.DelegatingMethodAccessorImpl.invoke(DelegatingMethodAccessorImpl.java:43)
	at java.lang.reflect.Method.invoke(Method.java:498)
	at org.junit.runners.model.FrameworkMethod$1.runReflectiveCall(FrameworkMethod.java:59)
	at org.junit.internal.runners.model.ReflectiveCallable.run(ReflectiveCallable.java:12)
	at org.junit.runners.model.FrameworkMethod.invokeExplosively(FrameworkMethod.java:56)
	at org.junit.internal.runners.statements.InvokeMethod.evaluate(InvokeMethod.java:17)
	at org.junit.internal.runners.statements.RunAfters.evaluate(RunAfters.java:27)
	at org.junit.internal.runners.statements.FailOnTimeout$CallableStatement.call(FailOnTimeout.java:288)
	at org.junit.internal.runners.statements.FailOnTimeout$CallableStatement.call(FailOnTimeout.java:282)
	at java.util.concurrent.FutureTask.run(FutureTask.java:266)
	at java.lang.Thread.run(Thread.java:750)
09:55:46.801 [IPC Server handler 4 on default port 43879] ERROR OMAudit - user=runner | ip=127.0.0.1 | op=GET_FILE_STATUS {volume=volume99279, bucket=bucket29095, key=gdir1/dir6, dataSize=0, replicationConfig=null} | ret=FAILURE
org.apache.hadoop.ozone.om.exceptions.OMException: Unable to get file status: volume: volume99279 bucket: bucket29095 key: gdir1/dir6
	at org.apache.hadoop.ozone.om.KeyManagerImpl.getOzoneFileStatus(KeyManagerImpl.java:1324) ~[ozone-manager-1.3.0-SNAPSHOT.jar:?]
	at org.apache.hadoop.ozone.om.KeyManagerImpl.getFileStatus(KeyManagerImpl.java:1254) ~[ozone-manager-1.3.0-SNAPSHOT.jar:?]
	at org.apache.hadoop.ozone.om.OzoneManager.getFileStatus(OzoneManager.java:3506) ~[ozone-manager-1.3.0-SNAPSHOT.jar:?]
	at org.apache.hadoop.ozone.protocolPB.OzoneManagerRequestHandler.getOzoneFileStatus(OzoneManagerRequestHandler.java:882) ~[ozone-manager-1.3.0-SNAPSHOT.jar:?]
	at org.apache.hadoop.ozone.protocolPB.OzoneManagerRequestHandler.handleReadRequest(OzoneManagerRequestHandler.java:228) ~[ozone-manager-1.3.0-SNAPSHOT.jar:?]
	at org.apache.hadoop.ozone.protocolPB.OzoneManagerProtocolServerSideTranslatorPB.submitRequestDirectlyToOM(OzoneManagerProtocolServerSideTranslatorPB.java:276) ~[ozone-manager-1.3.0-SNAPSHOT.jar:?]
	at org.apache.hadoop.ozone.protocolPB.OzoneManagerProtocolServerSideTranslatorPB.processRequest(OzoneManagerProtocolServerSideTranslatorPB.java:205) ~[ozone-manager-1.3.0-SNAPSHOT.jar:?]
	at org.apache.hadoop.hdds.server.OzoneProtocolMessageDispatcher.processRequest(OzoneProtocolMessageDispatcher.java:87) [hdds-server-framework-1.3.0-SNAPSHOT.jar:?]
	at org.apache.hadoop.ozone.protocolPB.OzoneManagerProtocolServerSideTranslatorPB.submitRequest(OzoneManagerProtocolServerSideTranslatorPB.java:147) [ozone-manager-1.3.0-SNAPSHOT.jar:?]
	at org.apache.hadoop.ozone.protocol.proto.OzoneManagerProtocolProtos$OzoneManagerService$2.callBlockingMethod(OzoneManagerProtocolProtos.java) [ozone-interface-client-1.3.0-SNAPSHOT.jar:?]
	at org.apache.hadoop.ipc.ProtobufRpcEngine$Server.processCall(ProtobufRpcEngine.java:466) [hadoop-common-3.3.1.jar:?]
	at org.apache.hadoop.ipc.ProtobufRpcEngine2$Server$ProtoBufRpcInvoker.call(ProtobufRpcEngine2.java:574) [hadoop-common-3.3.1.jar:?]
	at org.apache.hadoop.ipc.ProtobufRpcEngine2$Server$ProtoBufRpcInvoker.call(ProtobufRpcEngine2.java:552) [hadoop-common-3.3.1.jar:?]
	at org.apache.hadoop.ipc.RPC$Server.call(RPC.java:1093) [hadoop-common-3.3.1.jar:?]
	at org.apache.hadoop.ipc.Server$RpcCall.run(Server.java:1035) [hadoop-common-3.3.1.jar:?]
	at org.apache.hadoop.ipc.Server$RpcCall.run(Server.java:963) [hadoop-common-3.3.1.jar:?]
	at java.security.AccessController.doPrivileged(Native Method) ~[?:1.8.0_345]
	at javax.security.auth.Subject.doAs(Subject.java:422) [?:1.8.0_345]
	at org.apache.hadoop.security.UserGroupInformation.doAs(UserGroupInformation.java:1878) [hadoop-common-3.3.1.jar:?]
	at org.apache.hadoop.ipc.Server$Handler.run(Server.java:2966) [hadoop-common-3.3.1.jar:?]
2022-09-28 09:55:46,803 [Time-limited test] WARN  ozone.BasicOzoneFileSystem (BasicOzoneFileSystem.java:getFileStatus(765)) - GetFileStatus failed for path /gdir1/dir6
java.io.FileNotFoundException: gdir1/dir6: No such file or directory!
	at org.apache.hadoop.fs.ozone.BasicOzoneClientAdapterImpl.getFileStatus(BasicOzoneClientAdapterImpl.java:369)
	at org.apache.hadoop.fs.ozone.BasicOzoneFileSystem.getFileStatus(BasicOzoneFileSystem.java:757)
	at org.apache.hadoop.fs.ozone.TestOzoneFileSystem.checkPath(TestOzoneFileSystem.java:504)
	at org.apache.hadoop.fs.ozone.TestOzoneFileSystem.testRecursiveDelete(TestOzoneFileSystem.java:459)
	at sun.reflect.NativeMethodAccessorImpl.invoke0(Native Method)
	at sun.reflect.NativeMethodAccessorImpl.invoke(NativeMethodAccessorImpl.java:62)
	at sun.reflect.DelegatingMethodAccessorImpl.invoke(DelegatingMethodAccessorImpl.java:43)
	at java.lang.reflect.Method.invoke(Method.java:498)
	at org.junit.runners.model.FrameworkMethod$1.runReflectiveCall(FrameworkMethod.java:59)
	at org.junit.internal.runners.model.ReflectiveCallable.run(ReflectiveCallable.java:12)
	at org.junit.runners.model.FrameworkMethod.invokeExplosively(FrameworkMethod.java:56)
	at org.junit.internal.runners.statements.InvokeMethod.evaluate(InvokeMethod.java:17)
	at org.junit.internal.runners.statements.RunAfters.evaluate(RunAfters.java:27)
	at org.junit.internal.runners.statements.FailOnTimeout$CallableStatement.call(FailOnTimeout.java:288)
	at org.junit.internal.runners.statements.FailOnTimeout$CallableStatement.call(FailOnTimeout.java:282)
	at java.util.concurrent.FutureTask.run(FutureTask.java:266)
	at java.lang.Thread.run(Thread.java:750)
09:55:46.803 [IPC Server handler 1 on default port 43879] ERROR OMAudit - user=runner | ip=127.0.0.1 | op=GET_FILE_STATUS {volume=volume99279, bucket=bucket29095, key=gdir1/dir6/child, dataSize=0, replicationConfig=null} | ret=FAILURE
org.apache.hadoop.ozone.om.exceptions.OMException: Unable to get file status: volume: volume99279 bucket: bucket29095 key: gdir1/dir6/child
	at org.apache.hadoop.ozone.om.KeyManagerImpl.getOzoneFileStatus(KeyManagerImpl.java:1324) ~[ozone-manager-1.3.0-SNAPSHOT.jar:?]
	at org.apache.hadoop.ozone.om.KeyManagerImpl.getFileStatus(KeyManagerImpl.java:1254) ~[ozone-manager-1.3.0-SNAPSHOT.jar:?]
	at org.apache.hadoop.ozone.om.OzoneManager.getFileStatus(OzoneManager.java:3506) ~[ozone-manager-1.3.0-SNAPSHOT.jar:?]
	at org.apache.hadoop.ozone.protocolPB.OzoneManagerRequestHandler.getOzoneFileStatus(OzoneManagerRequestHandler.java:882) ~[ozone-manager-1.3.0-SNAPSHOT.jar:?]
	at org.apache.hadoop.ozone.protocolPB.OzoneManagerRequestHandler.handleReadRequest(OzoneManagerRequestHandler.java:228) ~[ozone-manager-1.3.0-SNAPSHOT.jar:?]
	at org.apache.hadoop.ozone.protocolPB.OzoneManagerProtocolServerSideTranslatorPB.submitRequestDirectlyToOM(OzoneManagerProtocolServerSideTranslatorPB.java:276) ~[ozone-manager-1.3.0-SNAPSHOT.jar:?]
	at org.apache.hadoop.ozone.protocolPB.OzoneManagerProtocolServerSideTranslatorPB.processRequest(OzoneManagerProtocolServerSideTranslatorPB.java:205) ~[ozone-manager-1.3.0-SNAPSHOT.jar:?]
	at org.apache.hadoop.hdds.server.OzoneProtocolMessageDispatcher.processRequest(OzoneProtocolMessageDispatcher.java:87) [hdds-server-framework-1.3.0-SNAPSHOT.jar:?]
	at org.apache.hadoop.ozone.protocolPB.OzoneManagerProtocolServerSideTranslatorPB.submitRequest(OzoneManagerProtocolServerSideTranslatorPB.java:147) [ozone-manager-1.3.0-SNAPSHOT.jar:?]
	at org.apache.hadoop.ozone.protocol.proto.OzoneManagerProtocolProtos$OzoneManagerService$2.callBlockingMethod(OzoneManagerProtocolProtos.java) [ozone-interface-client-1.3.0-SNAPSHOT.jar:?]
	at org.apache.hadoop.ipc.ProtobufRpcEngine$Server.processCall(ProtobufRpcEngine.java:466) [hadoop-common-3.3.1.jar:?]
	at org.apache.hadoop.ipc.ProtobufRpcEngine2$Server$ProtoBufRpcInvoker.call(ProtobufRpcEngine2.java:574) [hadoop-common-3.3.1.jar:?]
	at org.apache.hadoop.ipc.ProtobufRpcEngine2$Server$ProtoBufRpcInvoker.call(ProtobufRpcEngine2.java:552) [hadoop-common-3.3.1.jar:?]
	at org.apache.hadoop.ipc.RPC$Server.call(RPC.java:1093) [hadoop-common-3.3.1.jar:?]
	at org.apache.hadoop.ipc.Server$RpcCall.run(Server.java:1035) [hadoop-common-3.3.1.jar:?]
	at org.apache.hadoop.ipc.Server$RpcCall.run(Server.java:963) [hadoop-common-3.3.1.jar:?]
	at java.security.AccessController.doPrivileged(Native Method) ~[?:1.8.0_345]
	at javax.security.auth.Subject.doAs(Subject.java:422) [?:1.8.0_345]
	at org.apache.hadoop.security.UserGroupInformation.doAs(UserGroupInformation.java:1878) [hadoop-common-3.3.1.jar:?]
	at org.apache.hadoop.ipc.Server$Handler.run(Server.java:2966) [hadoop-common-3.3.1.jar:?]
2022-09-28 09:55:46,803 [Time-limited test] WARN  ozone.BasicOzoneFileSystem (BasicOzoneFileSystem.java:getFileStatus(765)) - GetFileStatus failed for path /gdir1/dir6/child
java.io.FileNotFoundException: gdir1/dir6/child: No such file or directory!
	at org.apache.hadoop.fs.ozone.BasicOzoneClientAdapterImpl.getFileStatus(BasicOzoneClientAdapterImpl.java:369)
	at org.apache.hadoop.fs.ozone.BasicOzoneFileSystem.getFileStatus(BasicOzoneFileSystem.java:757)
	at org.apache.hadoop.fs.ozone.TestOzoneFileSystem.checkPath(TestOzoneFileSystem.java:504)
	at org.apache.hadoop.fs.ozone.TestOzoneFileSystem.testRecursiveDelete(TestOzoneFileSystem.java:460)
	at sun.reflect.NativeMethodAccessorImpl.invoke0(Native Method)
	at sun.reflect.NativeMethodAccessorImpl.invoke(NativeMethodAccessorImpl.java:62)
	at sun.reflect.DelegatingMethodAccessorImpl.invoke(DelegatingMethodAccessorImpl.java:43)
	at java.lang.reflect.Method.invoke(Method.java:498)
	at org.junit.runners.model.FrameworkMethod$1.runReflectiveCall(FrameworkMethod.java:59)
	at org.junit.internal.runners.model.ReflectiveCallable.run(ReflectiveCallable.java:12)
	at org.junit.runners.model.FrameworkMethod.invokeExplosively(FrameworkMethod.java:56)
	at org.junit.internal.runners.statements.InvokeMethod.evaluate(InvokeMethod.java:17)
	at org.junit.internal.runners.statements.RunAfters.evaluate(RunAfters.java:27)
	at org.junit.internal.runners.statements.FailOnTimeout$CallableStatement.call(FailOnTimeout.java:288)
	at org.junit.internal.runners.statements.FailOnTimeout$CallableStatement.call(FailOnTimeout.java:282)
	at java.util.concurrent.FutureTask.run(FutureTask.java:266)
	at java.lang.Thread.run(Thread.java:750)
09:55:46.804 [IPC Server handler 13 on default port 43879] ERROR OMAudit - user=runner | ip=127.0.0.1 | op=GET_FILE_STATUS {volume=volume99279, bucket=bucket29095, key=gdir1/dir7, dataSize=0, replicationConfig=null} | ret=FAILURE
org.apache.hadoop.ozone.om.exceptions.OMException: Unable to get file status: volume: volume99279 bucket: bucket29095 key: gdir1/dir7
	at org.apache.hadoop.ozone.om.KeyManagerImpl.getOzoneFileStatus(KeyManagerImpl.java:1324) ~[ozone-manager-1.3.0-SNAPSHOT.jar:?]
	at org.apache.hadoop.ozone.om.KeyManagerImpl.getFileStatus(KeyManagerImpl.java:1254) ~[ozone-manager-1.3.0-SNAPSHOT.jar:?]
	at org.apache.hadoop.ozone.om.OzoneManager.getFileStatus(OzoneManager.java:3506) ~[ozone-manager-1.3.0-SNAPSHOT.jar:?]
	at org.apache.hadoop.ozone.protocolPB.OzoneManagerRequestHandler.getOzoneFileStatus(OzoneManagerRequestHandler.java:882) ~[ozone-manager-1.3.0-SNAPSHOT.jar:?]
	at org.apache.hadoop.ozone.protocolPB.OzoneManagerRequestHandler.handleReadRequest(OzoneManagerRequestHandler.java:228) ~[ozone-manager-1.3.0-SNAPSHOT.jar:?]
	at org.apache.hadoop.ozone.protocolPB.OzoneManagerProtocolServerSideTranslatorPB.submitRequestDirectlyToOM(OzoneManagerProtocolServerSideTranslatorPB.java:276) ~[ozone-manager-1.3.0-SNAPSHOT.jar:?]
	at org.apache.hadoop.ozone.protocolPB.OzoneManagerProtocolServerSideTranslatorPB.processRequest(OzoneManagerProtocolServerSideTranslatorPB.java:205) ~[ozone-manager-1.3.0-SNAPSHOT.jar:?]
	at org.apache.hadoop.hdds.server.OzoneProtocolMessageDispatcher.processRequest(OzoneProtocolMessageDispatcher.java:87) [hdds-server-framework-1.3.0-SNAPSHOT.jar:?]
	at org.apache.hadoop.ozone.protocolPB.OzoneManagerProtocolServerSideTranslatorPB.submitRequest(OzoneManagerProtocolServerSideTranslatorPB.java:147) [ozone-manager-1.3.0-SNAPSHOT.jar:?]
	at org.apache.hadoop.ozone.protocol.proto.OzoneManagerProtocolProtos$OzoneManagerService$2.callBlockingMethod(OzoneManagerProtocolProtos.java) [ozone-interface-client-1.3.0-SNAPSHOT.jar:?]
	at org.apache.hadoop.ipc.ProtobufRpcEngine$Server.processCall(ProtobufRpcEngine.java:466) [hadoop-common-3.3.1.jar:?]
	at org.apache.hadoop.ipc.ProtobufRpcEngine2$Server$ProtoBufRpcInvoker.call(ProtobufRpcEngine2.java:574) [hadoop-common-3.3.1.jar:?]
	at org.apache.hadoop.ipc.ProtobufRpcEngine2$Server$ProtoBufRpcInvoker.call(ProtobufRpcEngine2.java:552) [hadoop-common-3.3.1.jar:?]
	at org.apache.hadoop.ipc.RPC$Server.call(RPC.java:1093) [hadoop-common-3.3.1.jar:?]
	at org.apache.hadoop.ipc.Server$RpcCall.run(Server.java:1035) [hadoop-common-3.3.1.jar:?]
	at org.apache.hadoop.ipc.Server$RpcCall.run(Server.java:963) [hadoop-common-3.3.1.jar:?]
	at java.security.AccessController.doPrivileged(Native Method) ~[?:1.8.0_345]
	at javax.security.auth.Subject.doAs(Subject.java:422) [?:1.8.0_345]
	at org.apache.hadoop.security.UserGroupInformation.doAs(UserGroupInformation.java:1878) [hadoop-common-3.3.1.jar:?]
	at org.apache.hadoop.ipc.Server$Handler.run(Server.java:2966) [hadoop-common-3.3.1.jar:?]
2022-09-28 09:55:46,805 [Time-limited test] WARN  ozone.BasicOzoneFileSystem (BasicOzoneFileSystem.java:getFileStatus(765)) - GetFileStatus failed for path /gdir1/dir7
java.io.FileNotFoundException: gdir1/dir7: No such file or directory!
	at org.apache.hadoop.fs.ozone.BasicOzoneClientAdapterImpl.getFileStatus(BasicOzoneClientAdapterImpl.java:369)
	at org.apache.hadoop.fs.ozone.BasicOzoneFileSystem.getFileStatus(BasicOzoneFileSystem.java:757)
	at org.apache.hadoop.fs.ozone.TestOzoneFileSystem.checkPath(TestOzoneFileSystem.java:504)
	at org.apache.hadoop.fs.ozone.TestOzoneFileSystem.testRecursiveDelete(TestOzoneFileSystem.java:459)
	at sun.reflect.NativeMethodAccessorImpl.invoke0(Native Method)
	at sun.reflect.NativeMethodAccessorImpl.invoke(NativeMethodAccessorImpl.java:62)
	at sun.reflect.DelegatingMethodAccessorImpl.invoke(DelegatingMethodAccessorImpl.java:43)
	at java.lang.reflect.Method.invoke(Method.java:498)
	at org.junit.runners.model.FrameworkMethod$1.runReflectiveCall(FrameworkMethod.java:59)
	at org.junit.internal.runners.model.ReflectiveCallable.run(ReflectiveCallable.java:12)
	at org.junit.runners.model.FrameworkMethod.invokeExplosively(FrameworkMethod.java:56)
	at org.junit.internal.runners.statements.InvokeMethod.evaluate(InvokeMethod.java:17)
	at org.junit.internal.runners.statements.RunAfters.evaluate(RunAfters.java:27)
	at org.junit.internal.runners.statements.FailOnTimeout$CallableStatement.call(FailOnTimeout.java:288)
	at org.junit.internal.runners.statements.FailOnTimeout$CallableStatement.call(FailOnTimeout.java:282)
	at java.util.concurrent.FutureTask.run(FutureTask.java:266)
	at java.lang.Thread.run(Thread.java:750)
09:55:46.805 [IPC Server handler 14 on default port 43879] ERROR OMAudit - user=runner | ip=127.0.0.1 | op=GET_FILE_STATUS {volume=volume99279, bucket=bucket29095, key=gdir1/dir7/child, dataSize=0, replicationConfig=null} | ret=FAILURE
org.apache.hadoop.ozone.om.exceptions.OMException: Unable to get file status: volume: volume99279 bucket: bucket29095 key: gdir1/dir7/child
	at org.apache.hadoop.ozone.om.KeyManagerImpl.getOzoneFileStatus(KeyManagerImpl.java:1324) ~[ozone-manager-1.3.0-SNAPSHOT.jar:?]
	at org.apache.hadoop.ozone.om.KeyManagerImpl.getFileStatus(KeyManagerImpl.java:1254) ~[ozone-manager-1.3.0-SNAPSHOT.jar:?]
	at org.apache.hadoop.ozone.om.OzoneManager.getFileStatus(OzoneManager.java:3506) ~[ozone-manager-1.3.0-SNAPSHOT.jar:?]
	at org.apache.hadoop.ozone.protocolPB.OzoneManagerRequestHandler.getOzoneFileStatus(OzoneManagerRequestHandler.java:882) ~[ozone-manager-1.3.0-SNAPSHOT.jar:?]
	at org.apache.hadoop.ozone.protocolPB.OzoneManagerRequestHandler.handleReadRequest(OzoneManagerRequestHandler.java:228) ~[ozone-manager-1.3.0-SNAPSHOT.jar:?]
	at org.apache.hadoop.ozone.protocolPB.OzoneManagerProtocolServerSideTranslatorPB.submitRequestDirectlyToOM(OzoneManagerProtocolServerSideTranslatorPB.java:276) ~[ozone-manager-1.3.0-SNAPSHOT.jar:?]
	at org.apache.hadoop.ozone.protocolPB.OzoneManagerProtocolServerSideTranslatorPB.processRequest(OzoneManagerProtocolServerSideTranslatorPB.java:205) ~[ozone-manager-1.3.0-SNAPSHOT.jar:?]
	at org.apache.hadoop.hdds.server.OzoneProtocolMessageDispatcher.processRequest(OzoneProtocolMessageDispatcher.java:87) [hdds-server-framework-1.3.0-SNAPSHOT.jar:?]
	at org.apache.hadoop.ozone.protocolPB.OzoneManagerProtocolServerSideTranslatorPB.submitRequest(OzoneManagerProtocolServerSideTranslatorPB.java:147) [ozone-manager-1.3.0-SNAPSHOT.jar:?]
	at org.apache.hadoop.ozone.protocol.proto.OzoneManagerProtocolProtos$OzoneManagerService$2.callBlockingMethod(OzoneManagerProtocolProtos.java) [ozone-interface-client-1.3.0-SNAPSHOT.jar:?]
	at org.apache.hadoop.ipc.ProtobufRpcEngine$Server.processCall(ProtobufRpcEngine.java:466) [hadoop-common-3.3.1.jar:?]
	at org.apache.hadoop.ipc.ProtobufRpcEngine2$Server$ProtoBufRpcInvoker.call(ProtobufRpcEngine2.java:574) [hadoop-common-3.3.1.jar:?]
	at org.apache.hadoop.ipc.ProtobufRpcEngine2$Server$ProtoBufRpcInvoker.call(ProtobufRpcEngine2.java:552) [hadoop-common-3.3.1.jar:?]
	at org.apache.hadoop.ipc.RPC$Server.call(RPC.java:1093) [hadoop-common-3.3.1.jar:?]
	at org.apache.hadoop.ipc.Server$RpcCall.run(Server.java:1035) [hadoop-common-3.3.1.jar:?]
	at org.apache.hadoop.ipc.Server$RpcCall.run(Server.java:963) [hadoop-common-3.3.1.jar:?]
	at java.security.AccessController.doPrivileged(Native Method) ~[?:1.8.0_345]
	at javax.security.auth.Subject.doAs(Subject.java:422) [?:1.8.0_345]
	at org.apache.hadoop.security.UserGroupInformation.doAs(UserGroupInformation.java:1878) [hadoop-common-3.3.1.jar:?]
	at org.apache.hadoop.ipc.Server$Handler.run(Server.java:2966) [hadoop-common-3.3.1.jar:?]
2022-09-28 09:55:46,806 [Time-limited test] WARN  ozone.BasicOzoneFileSystem (BasicOzoneFileSystem.java:getFileStatus(765)) - GetFileStatus failed for path /gdir1/dir7/child
java.io.FileNotFoundException: gdir1/dir7/child: No such file or directory!
	at org.apache.hadoop.fs.ozone.BasicOzoneClientAdapterImpl.getFileStatus(BasicOzoneClientAdapterImpl.java:369)
	at org.apache.hadoop.fs.ozone.BasicOzoneFileSystem.getFileStatus(BasicOzoneFileSystem.java:757)
	at org.apache.hadoop.fs.ozone.TestOzoneFileSystem.checkPath(TestOzoneFileSystem.java:504)
	at org.apache.hadoop.fs.ozone.TestOzoneFileSystem.testRecursiveDelete(TestOzoneFileSystem.java:460)
	at sun.reflect.NativeMethodAccessorImpl.invoke0(Native Method)
	at sun.reflect.NativeMethodAccessorImpl.invoke(NativeMethodAccessorImpl.java:62)
	at sun.reflect.DelegatingMethodAccessorImpl.invoke(DelegatingMethodAccessorImpl.java:43)
	at java.lang.reflect.Method.invoke(Method.java:498)
	at org.junit.runners.model.FrameworkMethod$1.runReflectiveCall(FrameworkMethod.java:59)
	at org.junit.internal.runners.model.ReflectiveCallable.run(ReflectiveCallable.java:12)
	at org.junit.runners.model.FrameworkMethod.invokeExplosively(FrameworkMethod.java:56)
	at org.junit.internal.runners.statements.InvokeMethod.evaluate(InvokeMethod.java:17)
	at org.junit.internal.runners.statements.RunAfters.evaluate(RunAfters.java:27)
	at org.junit.internal.runners.statements.FailOnTimeout$CallableStatement.call(FailOnTimeout.java:288)
	at org.junit.internal.runners.statements.FailOnTimeout$CallableStatement.call(FailOnTimeout.java:282)
	at java.util.concurrent.FutureTask.run(FutureTask.java:266)
	at java.lang.Thread.run(Thread.java:750)
09:55:46.807 [IPC Server handler 15 on default port 43879] ERROR OMAudit - user=runner | ip=127.0.0.1 | op=GET_FILE_STATUS {volume=volume99279, bucket=bucket29095, key=gdir1/dir8, dataSize=0, replicationConfig=null} | ret=FAILURE
org.apache.hadoop.ozone.om.exceptions.OMException: Unable to get file status: volume: volume99279 bucket: bucket29095 key: gdir1/dir8
	at org.apache.hadoop.ozone.om.KeyManagerImpl.getOzoneFileStatus(KeyManagerImpl.java:1324) ~[ozone-manager-1.3.0-SNAPSHOT.jar:?]
	at org.apache.hadoop.ozone.om.KeyManagerImpl.getFileStatus(KeyManagerImpl.java:1254) ~[ozone-manager-1.3.0-SNAPSHOT.jar:?]
	at org.apache.hadoop.ozone.om.OzoneManager.getFileStatus(OzoneManager.java:3506) ~[ozone-manager-1.3.0-SNAPSHOT.jar:?]
	at org.apache.hadoop.ozone.protocolPB.OzoneManagerRequestHandler.getOzoneFileStatus(OzoneManagerRequestHandler.java:882) ~[ozone-manager-1.3.0-SNAPSHOT.jar:?]
	at org.apache.hadoop.ozone.protocolPB.OzoneManagerRequestHandler.handleReadRequest(OzoneManagerRequestHandler.java:228) ~[ozone-manager-1.3.0-SNAPSHOT.jar:?]
	at org.apache.hadoop.ozone.protocolPB.OzoneManagerProtocolServerSideTranslatorPB.submitRequestDirectlyToOM(OzoneManagerProtocolServerSideTranslatorPB.java:276) ~[ozone-manager-1.3.0-SNAPSHOT.jar:?]
	at org.apache.hadoop.ozone.protocolPB.OzoneManagerProtocolServerSideTranslatorPB.processRequest(OzoneManagerProtocolServerSideTranslatorPB.java:205) ~[ozone-manager-1.3.0-SNAPSHOT.jar:?]
	at org.apache.hadoop.hdds.server.OzoneProtocolMessageDispatcher.processRequest(OzoneProtocolMessageDispatcher.java:87) [hdds-server-framework-1.3.0-SNAPSHOT.jar:?]
	at org.apache.hadoop.ozone.protocolPB.OzoneManagerProtocolServerSideTranslatorPB.submitRequest(OzoneManagerProtocolServerSideTranslatorPB.java:147) [ozone-manager-1.3.0-SNAPSHOT.jar:?]
	at org.apache.hadoop.ozone.protocol.proto.OzoneManagerProtocolProtos$OzoneManagerService$2.callBlockingMethod(OzoneManagerProtocolProtos.java) [ozone-interface-client-1.3.0-SNAPSHOT.jar:?]
	at org.apache.hadoop.ipc.ProtobufRpcEngine$Server.processCall(ProtobufRpcEngine.java:466) [hadoop-common-3.3.1.jar:?]
	at org.apache.hadoop.ipc.ProtobufRpcEngine2$Server$ProtoBufRpcInvoker.call(ProtobufRpcEngine2.java:574) [hadoop-common-3.3.1.jar:?]
	at org.apache.hadoop.ipc.ProtobufRpcEngine2$Server$ProtoBufRpcInvoker.call(ProtobufRpcEngine2.java:552) [hadoop-common-3.3.1.jar:?]
	at org.apache.hadoop.ipc.RPC$Server.call(RPC.java:1093) [hadoop-common-3.3.1.jar:?]
	at org.apache.hadoop.ipc.Server$RpcCall.run(Server.java:1035) [hadoop-common-3.3.1.jar:?]
	at org.apache.hadoop.ipc.Server$RpcCall.run(Server.java:963) [hadoop-common-3.3.1.jar:?]
	at java.security.AccessController.doPrivileged(Native Method) ~[?:1.8.0_345]
	at javax.security.auth.Subject.doAs(Subject.java:422) [?:1.8.0_345]
	at org.apache.hadoop.security.UserGroupInformation.doAs(UserGroupInformation.java:1878) [hadoop-common-3.3.1.jar:?]
	at org.apache.hadoop.ipc.Server$Handler.run(Server.java:2966) [hadoop-common-3.3.1.jar:?]
2022-09-28 09:55:46,809 [Time-limited test] WARN  ozone.BasicOzoneFileSystem (BasicOzoneFileSystem.java:getFileStatus(765)) - GetFileStatus failed for path /gdir1/dir8
java.io.FileNotFoundException: gdir1/dir8: No such file or directory!
	at org.apache.hadoop.fs.ozone.BasicOzoneClientAdapterImpl.getFileStatus(BasicOzoneClientAdapterImpl.java:369)
	at org.apache.hadoop.fs.ozone.BasicOzoneFileSystem.getFileStatus(BasicOzoneFileSystem.java:757)
	at org.apache.hadoop.fs.ozone.TestOzoneFileSystem.checkPath(TestOzoneFileSystem.java:504)
	at org.apache.hadoop.fs.ozone.TestOzoneFileSystem.testRecursiveDelete(TestOzoneFileSystem.java:459)
	at sun.reflect.NativeMethodAccessorImpl.invoke0(Native Method)
	at sun.reflect.NativeMethodAccessorImpl.invoke(NativeMethodAccessorImpl.java:62)
	at sun.reflect.DelegatingMethodAccessorImpl.invoke(DelegatingMethodAccessorImpl.java:43)
	at java.lang.reflect.Method.invoke(Method.java:498)
	at org.junit.runners.model.FrameworkMethod$1.runReflectiveCall(FrameworkMethod.java:59)
	at org.junit.internal.runners.model.ReflectiveCallable.run(ReflectiveCallable.java:12)
	at org.junit.runners.model.FrameworkMethod.invokeExplosively(FrameworkMethod.java:56)
	at org.junit.internal.runners.statements.InvokeMethod.evaluate(InvokeMethod.java:17)
	at org.junit.internal.runners.statements.RunAfters.evaluate(RunAfters.java:27)
	at org.junit.internal.runners.statements.FailOnTimeout$CallableStatement.call(FailOnTimeout.java:288)
	at org.junit.internal.runners.statements.FailOnTimeout$CallableStatement.call(FailOnTimeout.java:282)
	at java.util.concurrent.FutureTask.run(FutureTask.java:266)
	at java.lang.Thread.run(Thread.java:750)
09:55:46.809 [IPC Server handler 7 on default port 43879] ERROR OMAudit - user=runner | ip=127.0.0.1 | op=GET_FILE_STATUS {volume=volume99279, bucket=bucket29095, key=gdir1/dir8/child, dataSize=0, replicationConfig=null} | ret=FAILURE
org.apache.hadoop.ozone.om.exceptions.OMException: Unable to get file status: volume: volume99279 bucket: bucket29095 key: gdir1/dir8/child
	at org.apache.hadoop.ozone.om.KeyManagerImpl.getOzoneFileStatus(KeyManagerImpl.java:1324) ~[ozone-manager-1.3.0-SNAPSHOT.jar:?]
	at org.apache.hadoop.ozone.om.KeyManagerImpl.getFileStatus(KeyManagerImpl.java:1254) ~[ozone-manager-1.3.0-SNAPSHOT.jar:?]
	at org.apache.hadoop.ozone.om.OzoneManager.getFileStatus(OzoneManager.java:3506) ~[ozone-manager-1.3.0-SNAPSHOT.jar:?]
	at org.apache.hadoop.ozone.protocolPB.OzoneManagerRequestHandler.getOzoneFileStatus(OzoneManagerRequestHandler.java:882) ~[ozone-manager-1.3.0-SNAPSHOT.jar:?]
	at org.apache.hadoop.ozone.protocolPB.OzoneManagerRequestHandler.handleReadRequest(OzoneManagerRequestHandler.java:228) ~[ozone-manager-1.3.0-SNAPSHOT.jar:?]
	at org.apache.hadoop.ozone.protocolPB.OzoneManagerProtocolServerSideTranslatorPB.submitRequestDirectlyToOM(OzoneManagerProtocolServerSideTranslatorPB.java:276) ~[ozone-manager-1.3.0-SNAPSHOT.jar:?]
	at org.apache.hadoop.ozone.protocolPB.OzoneManagerProtocolServerSideTranslatorPB.processRequest(OzoneManagerProtocolServerSideTranslatorPB.java:205) ~[ozone-manager-1.3.0-SNAPSHOT.jar:?]
	at org.apache.hadoop.hdds.server.OzoneProtocolMessageDispatcher.processRequest(OzoneProtocolMessageDispatcher.java:87) [hdds-server-framework-1.3.0-SNAPSHOT.jar:?]
	at org.apache.hadoop.ozone.protocolPB.OzoneManagerProtocolServerSideTranslatorPB.submitRequest(OzoneManagerProtocolServerSideTranslatorPB.java:147) [ozone-manager-1.3.0-SNAPSHOT.jar:?]
	at org.apache.hadoop.ozone.protocol.proto.OzoneManagerProtocolProtos$OzoneManagerService$2.callBlockingMethod(OzoneManagerProtocolProtos.java) [ozone-interface-client-1.3.0-SNAPSHOT.jar:?]
	at org.apache.hadoop.ipc.ProtobufRpcEngine$Server.processCall(ProtobufRpcEngine.java:466) [hadoop-common-3.3.1.jar:?]
	at org.apache.hadoop.ipc.ProtobufRpcEngine2$Server$ProtoBufRpcInvoker.call(ProtobufRpcEngine2.java:574) [hadoop-common-3.3.1.jar:?]
	at org.apache.hadoop.ipc.ProtobufRpcEngine2$Server$ProtoBufRpcInvoker.call(ProtobufRpcEngine2.java:552) [hadoop-common-3.3.1.jar:?]
	at org.apache.hadoop.ipc.RPC$Server.call(RPC.java:1093) [hadoop-common-3.3.1.jar:?]
	at org.apache.hadoop.ipc.Server$RpcCall.run(Server.java:1035) [hadoop-common-3.3.1.jar:?]
	at org.apache.hadoop.ipc.Server$RpcCall.run(Server.java:963) [hadoop-common-3.3.1.jar:?]
	at java.security.AccessController.doPrivileged(Native Method) ~[?:1.8.0_345]
	at javax.security.auth.Subject.doAs(Subject.java:422) [?:1.8.0_345]
	at org.apache.hadoop.security.UserGroupInformation.doAs(UserGroupInformation.java:1878) [hadoop-common-3.3.1.jar:?]
	at org.apache.hadoop.ipc.Server$Handler.run(Server.java:2966) [hadoop-common-3.3.1.jar:?]
2022-09-28 09:55:46,810 [Time-limited test] WARN  ozone.BasicOzoneFileSystem (BasicOzoneFileSystem.java:getFileStatus(765)) - GetFileStatus failed for path /gdir1/dir8/child
java.io.FileNotFoundException: gdir1/dir8/child: No such file or directory!
	at org.apache.hadoop.fs.ozone.BasicOzoneClientAdapterImpl.getFileStatus(BasicOzoneClientAdapterImpl.java:369)
	at org.apache.hadoop.fs.ozone.BasicOzoneFileSystem.getFileStatus(BasicOzoneFileSystem.java:757)
	at org.apache.hadoop.fs.ozone.TestOzoneFileSystem.checkPath(TestOzoneFileSystem.java:504)
	at org.apache.hadoop.fs.ozone.TestOzoneFileSystem.testRecursiveDelete(TestOzoneFileSystem.java:460)
	at sun.reflect.NativeMethodAccessorImpl.invoke0(Native Method)
	at sun.reflect.NativeMethodAccessorImpl.invoke(NativeMethodAccessorImpl.java:62)
	at sun.reflect.DelegatingMethodAccessorImpl.invoke(DelegatingMethodAccessorImpl.java:43)
	at java.lang.reflect.Method.invoke(Method.java:498)
	at org.junit.runners.model.FrameworkMethod$1.runReflectiveCall(FrameworkMethod.java:59)
	at org.junit.internal.runners.model.ReflectiveCallable.run(ReflectiveCallable.java:12)
	at org.junit.runners.model.FrameworkMethod.invokeExplosively(FrameworkMethod.java:56)
	at org.junit.internal.runners.statements.InvokeMethod.evaluate(InvokeMethod.java:17)
	at org.junit.internal.runners.statements.RunAfters.evaluate(RunAfters.java:27)
	at org.junit.internal.runners.statements.FailOnTimeout$CallableStatement.call(FailOnTimeout.java:288)
	at org.junit.internal.runners.statements.FailOnTimeout$CallableStatement.call(FailOnTimeout.java:282)
	at java.util.concurrent.FutureTask.run(FutureTask.java:266)
	at java.lang.Thread.run(Thread.java:750)
09:55:46.811 [IPC Server handler 9 on default port 43879] ERROR OMAudit - user=runner | ip=127.0.0.1 | op=GET_FILE_STATUS {volume=volume99279, bucket=bucket29095, key=gdir1/dir9, dataSize=0, replicationConfig=null} | ret=FAILURE
org.apache.hadoop.ozone.om.exceptions.OMException: Unable to get file status: volume: volume99279 bucket: bucket29095 key: gdir1/dir9
	at org.apache.hadoop.ozone.om.KeyManagerImpl.getOzoneFileStatus(KeyManagerImpl.java:1324) ~[ozone-manager-1.3.0-SNAPSHOT.jar:?]
	at org.apache.hadoop.ozone.om.KeyManagerImpl.getFileStatus(KeyManagerImpl.java:1254) ~[ozone-manager-1.3.0-SNAPSHOT.jar:?]
	at org.apache.hadoop.ozone.om.OzoneManager.getFileStatus(OzoneManager.java:3506) ~[ozone-manager-1.3.0-SNAPSHOT.jar:?]
	at org.apache.hadoop.ozone.protocolPB.OzoneManagerRequestHandler.getOzoneFileStatus(OzoneManagerRequestHandler.java:882) ~[ozone-manager-1.3.0-SNAPSHOT.jar:?]
	at org.apache.hadoop.ozone.protocolPB.OzoneManagerRequestHandler.handleReadRequest(OzoneManagerRequestHandler.java:228) ~[ozone-manager-1.3.0-SNAPSHOT.jar:?]
	at org.apache.hadoop.ozone.protocolPB.OzoneManagerProtocolServerSideTranslatorPB.submitRequestDirectlyToOM(OzoneManagerProtocolServerSideTranslatorPB.java:276) ~[ozone-manager-1.3.0-SNAPSHOT.jar:?]
	at org.apache.hadoop.ozone.protocolPB.OzoneManagerProtocolServerSideTranslatorPB.processRequest(OzoneManagerProtocolServerSideTranslatorPB.java:205) ~[ozone-manager-1.3.0-SNAPSHOT.jar:?]
	at org.apache.hadoop.hdds.server.OzoneProtocolMessageDispatcher.processRequest(OzoneProtocolMessageDispatcher.java:87) [hdds-server-framework-1.3.0-SNAPSHOT.jar:?]
	at org.apache.hadoop.ozone.protocolPB.OzoneManagerProtocolServerSideTranslatorPB.submitRequest(OzoneManagerProtocolServerSideTranslatorPB.java:147) [ozone-manager-1.3.0-SNAPSHOT.jar:?]
	at org.apache.hadoop.ozone.protocol.proto.OzoneManagerProtocolProtos$OzoneManagerService$2.callBlockingMethod(OzoneManagerProtocolProtos.java) [ozone-interface-client-1.3.0-SNAPSHOT.jar:?]
	at org.apache.hadoop.ipc.ProtobufRpcEngine$Server.processCall(ProtobufRpcEngine.java:466) [hadoop-common-3.3.1.jar:?]
	at org.apache.hadoop.ipc.ProtobufRpcEngine2$Server$ProtoBufRpcInvoker.call(ProtobufRpcEngine2.java:574) [hadoop-common-3.3.1.jar:?]
	at org.apache.hadoop.ipc.ProtobufRpcEngine2$Server$ProtoBufRpcInvoker.call(ProtobufRpcEngine2.java:552) [hadoop-common-3.3.1.jar:?]
	at org.apache.hadoop.ipc.RPC$Server.call(RPC.java:1093) [hadoop-common-3.3.1.jar:?]
	at org.apache.hadoop.ipc.Server$RpcCall.run(Server.java:1035) [hadoop-common-3.3.1.jar:?]
	at org.apache.hadoop.ipc.Server$RpcCall.run(Server.java:963) [hadoop-common-3.3.1.jar:?]
	at java.security.AccessController.doPrivileged(Native Method) ~[?:1.8.0_345]
	at javax.security.auth.Subject.doAs(Subject.java:422) [?:1.8.0_345]
	at org.apache.hadoop.security.UserGroupInformation.doAs(UserGroupInformation.java:1878) [hadoop-common-3.3.1.jar:?]
	at org.apache.hadoop.ipc.Server$Handler.run(Server.java:2966) [hadoop-common-3.3.1.jar:?]
2022-09-28 09:55:46,812 [Time-limited test] WARN  ozone.BasicOzoneFileSystem (BasicOzoneFileSystem.java:getFileStatus(765)) - GetFileStatus failed for path /gdir1/dir9
java.io.FileNotFoundException: gdir1/dir9: No such file or directory!
	at org.apache.hadoop.fs.ozone.BasicOzoneClientAdapterImpl.getFileStatus(BasicOzoneClientAdapterImpl.java:369)
	at org.apache.hadoop.fs.ozone.BasicOzoneFileSystem.getFileStatus(BasicOzoneFileSystem.java:757)
	at org.apache.hadoop.fs.ozone.TestOzoneFileSystem.checkPath(TestOzoneFileSystem.java:504)
	at org.apache.hadoop.fs.ozone.TestOzoneFileSystem.testRecursiveDelete(TestOzoneFileSystem.java:459)
	at sun.reflect.NativeMethodAccessorImpl.invoke0(Native Method)
	at sun.reflect.NativeMethodAccessorImpl.invoke(NativeMethodAccessorImpl.java:62)
	at sun.reflect.DelegatingMethodAccessorImpl.invoke(DelegatingMethodAccessorImpl.java:43)
	at java.lang.reflect.Method.invoke(Method.java:498)
	at org.junit.runners.model.FrameworkMethod$1.runReflectiveCall(FrameworkMethod.java:59)
	at org.junit.internal.runners.model.ReflectiveCallable.run(ReflectiveCallable.java:12)
	at org.junit.runners.model.FrameworkMethod.invokeExplosively(FrameworkMethod.java:56)
	at org.junit.internal.runners.statements.InvokeMethod.evaluate(InvokeMethod.java:17)
	at org.junit.internal.runners.statements.RunAfters.evaluate(RunAfters.java:27)
	at org.junit.internal.runners.statements.FailOnTimeout$CallableStatement.call(FailOnTimeout.java:288)
	at org.junit.internal.runners.statements.FailOnTimeout$CallableStatement.call(FailOnTimeout.java:282)
	at java.util.concurrent.FutureTask.run(FutureTask.java:266)
	at java.lang.Thread.run(Thread.java:750)
09:55:46.812 [IPC Server handler 6 on default port 43879] ERROR OMAudit - user=runner | ip=127.0.0.1 | op=GET_FILE_STATUS {volume=volume99279, bucket=bucket29095, key=gdir1/dir9/child, dataSize=0, replicationConfig=null} | ret=FAILURE
org.apache.hadoop.ozone.om.exceptions.OMException: Unable to get file status: volume: volume99279 bucket: bucket29095 key: gdir1/dir9/child
	at org.apache.hadoop.ozone.om.KeyManagerImpl.getOzoneFileStatus(KeyManagerImpl.java:1324) ~[ozone-manager-1.3.0-SNAPSHOT.jar:?]
	at org.apache.hadoop.ozone.om.KeyManagerImpl.getFileStatus(KeyManagerImpl.java:1254) ~[ozone-manager-1.3.0-SNAPSHOT.jar:?]
	at org.apache.hadoop.ozone.om.OzoneManager.getFileStatus(OzoneManager.java:3506) ~[ozone-manager-1.3.0-SNAPSHOT.jar:?]
	at org.apache.hadoop.ozone.protocolPB.OzoneManagerRequestHandler.getOzoneFileStatus(OzoneManagerRequestHandler.java:882) ~[ozone-manager-1.3.0-SNAPSHOT.jar:?]
	at org.apache.hadoop.ozone.protocolPB.OzoneManagerRequestHandler.handleReadRequest(OzoneManagerRequestHandler.java:228) ~[ozone-manager-1.3.0-SNAPSHOT.jar:?]
	at org.apache.hadoop.ozone.protocolPB.OzoneManagerProtocolServerSideTranslatorPB.submitRequestDirectlyToOM(OzoneManagerProtocolServerSideTranslatorPB.java:276) ~[ozone-manager-1.3.0-SNAPSHOT.jar:?]
	at org.apache.hadoop.ozone.protocolPB.OzoneManagerProtocolServerSideTranslatorPB.processRequest(OzoneManagerProtocolServerSideTranslatorPB.java:205) ~[ozone-manager-1.3.0-SNAPSHOT.jar:?]
	at org.apache.hadoop.hdds.server.OzoneProtocolMessageDispatcher.processRequest(OzoneProtocolMessageDispatcher.java:87) [hdds-server-framework-1.3.0-SNAPSHOT.jar:?]
	at org.apache.hadoop.ozone.protocolPB.OzoneManagerProtocolServerSideTranslatorPB.submitRequest(OzoneManagerProtocolServerSideTranslatorPB.java:147) [ozone-manager-1.3.0-SNAPSHOT.jar:?]
	at org.apache.hadoop.ozone.protocol.proto.OzoneManagerProtocolProtos$OzoneManagerService$2.callBlockingMethod(OzoneManagerProtocolProtos.java) [ozone-interface-client-1.3.0-SNAPSHOT.jar:?]
	at org.apache.hadoop.ipc.ProtobufRpcEngine$Server.processCall(ProtobufRpcEngine.java:466) [hadoop-common-3.3.1.jar:?]
	at org.apache.hadoop.ipc.ProtobufRpcEngine2$Server$ProtoBufRpcInvoker.call(ProtobufRpcEngine2.java:574) [hadoop-common-3.3.1.jar:?]
	at org.apache.hadoop.ipc.ProtobufRpcEngine2$Server$ProtoBufRpcInvoker.call(ProtobufRpcEngine2.java:552) [hadoop-common-3.3.1.jar:?]
	at org.apache.hadoop.ipc.RPC$Server.call(RPC.java:1093) [hadoop-common-3.3.1.jar:?]
	at org.apache.hadoop.ipc.Server$RpcCall.run(Server.java:1035) [hadoop-common-3.3.1.jar:?]
	at org.apache.hadoop.ipc.Server$RpcCall.run(Server.java:963) [hadoop-common-3.3.1.jar:?]
	at java.security.AccessController.doPrivileged(Native Method) ~[?:1.8.0_345]
	at javax.security.auth.Subject.doAs(Subject.java:422) [?:1.8.0_345]
	at org.apache.hadoop.security.UserGroupInformation.doAs(UserGroupInformation.java:1878) [hadoop-common-3.3.1.jar:?]
	at org.apache.hadoop.ipc.Server$Handler.run(Server.java:2966) [hadoop-common-3.3.1.jar:?]
2022-09-28 09:55:46,813 [Time-limited test] WARN  ozone.BasicOzoneFileSystem (BasicOzoneFileSystem.java:getFileStatus(765)) - GetFileStatus failed for path /gdir1/dir9/child
java.io.FileNotFoundException: gdir1/dir9/child: No such file or directory!
	at org.apache.hadoop.fs.ozone.BasicOzoneClientAdapterImpl.getFileStatus(BasicOzoneClientAdapterImpl.java:369)
	at org.apache.hadoop.fs.ozone.BasicOzoneFileSystem.getFileStatus(BasicOzoneFileSystem.java:757)
	at org.apache.hadoop.fs.ozone.TestOzoneFileSystem.checkPath(TestOzoneFileSystem.java:504)
	at org.apache.hadoop.fs.ozone.TestOzoneFileSystem.testRecursiveDelete(TestOzoneFileSystem.java:460)
	at sun.reflect.NativeMethodAccessorImpl.invoke0(Native Method)
	at sun.reflect.NativeMethodAccessorImpl.invoke(NativeMethodAccessorImpl.java:62)
	at sun.reflect.DelegatingMethodAccessorImpl.invoke(DelegatingMethodAccessorImpl.java:43)
	at java.lang.reflect.Method.invoke(Method.java:498)
	at org.junit.runners.model.FrameworkMethod$1.runReflectiveCall(FrameworkMethod.java:59)
	at org.junit.internal.runners.model.ReflectiveCallable.run(ReflectiveCallable.java:12)
	at org.junit.runners.model.FrameworkMethod.invokeExplosively(FrameworkMethod.java:56)
	at org.junit.internal.runners.statements.InvokeMethod.evaluate(InvokeMethod.java:17)
	at org.junit.internal.runners.statements.RunAfters.evaluate(RunAfters.java:27)
	at org.junit.internal.runners.statements.FailOnTimeout$CallableStatement.call(FailOnTimeout.java:288)
	at org.junit.internal.runners.statements.FailOnTimeout$CallableStatement.call(FailOnTimeout.java:282)
	at java.util.concurrent.FutureTask.run(FutureTask.java:266)
	at java.lang.Thread.run(Thread.java:750)
09:55:46.813 [IPC Server handler 10 on default port 43879] ERROR OMAudit - user=runner | ip=127.0.0.1 | op=GET_FILE_STATUS {volume=volume99279, bucket=bucket29095, key=gdir1/dir10, dataSize=0, replicationConfig=null} | ret=FAILURE
org.apache.hadoop.ozone.om.exceptions.OMException: Unable to get file status: volume: volume99279 bucket: bucket29095 key: gdir1/dir10
	at org.apache.hadoop.ozone.om.KeyManagerImpl.getOzoneFileStatus(KeyManagerImpl.java:1324) ~[ozone-manager-1.3.0-SNAPSHOT.jar:?]
	at org.apache.hadoop.ozone.om.KeyManagerImpl.getFileStatus(KeyManagerImpl.java:1254) ~[ozone-manager-1.3.0-SNAPSHOT.jar:?]
	at org.apache.hadoop.ozone.om.OzoneManager.getFileStatus(OzoneManager.java:3506) ~[ozone-manager-1.3.0-SNAPSHOT.jar:?]
	at org.apache.hadoop.ozone.protocolPB.OzoneManagerRequestHandler.getOzoneFileStatus(OzoneManagerRequestHandler.java:882) ~[ozone-manager-1.3.0-SNAPSHOT.jar:?]
	at org.apache.hadoop.ozone.protocolPB.OzoneManagerRequestHandler.handleReadRequest(OzoneManagerRequestHandler.java:228) ~[ozone-manager-1.3.0-SNAPSHOT.jar:?]
	at org.apache.hadoop.ozone.protocolPB.OzoneManagerProtocolServerSideTranslatorPB.submitRequestDirectlyToOM(OzoneManagerProtocolServerSideTranslatorPB.java:276) ~[ozone-manager-1.3.0-SNAPSHOT.jar:?]
	at org.apache.hadoop.ozone.protocolPB.OzoneManagerProtocolServerSideTranslatorPB.processRequest(OzoneManagerProtocolServerSideTranslatorPB.java:205) ~[ozone-manager-1.3.0-SNAPSHOT.jar:?]
	at org.apache.hadoop.hdds.server.OzoneProtocolMessageDispatcher.processRequest(OzoneProtocolMessageDispatcher.java:87) [hdds-server-framework-1.3.0-SNAPSHOT.jar:?]
	at org.apache.hadoop.ozone.protocolPB.OzoneManagerProtocolServerSideTranslatorPB.submitRequest(OzoneManagerProtocolServerSideTranslatorPB.java:147) [ozone-manager-1.3.0-SNAPSHOT.jar:?]
	at org.apache.hadoop.ozone.protocol.proto.OzoneManagerProtocolProtos$OzoneManagerService$2.callBlockingMethod(OzoneManagerProtocolProtos.java) [ozone-interface-client-1.3.0-SNAPSHOT.jar:?]
	at org.apache.hadoop.ipc.ProtobufRpcEngine$Server.processCall(ProtobufRpcEngine.java:466) [hadoop-common-3.3.1.jar:?]
	at org.apache.hadoop.ipc.ProtobufRpcEngine2$Server$ProtoBufRpcInvoker.call(ProtobufRpcEngine2.java:574) [hadoop-common-3.3.1.jar:?]
	at org.apache.hadoop.ipc.ProtobufRpcEngine2$Server$ProtoBufRpcInvoker.call(ProtobufRpcEngine2.java:552) [hadoop-common-3.3.1.jar:?]
	at org.apache.hadoop.ipc.RPC$Server.call(RPC.java:1093) [hadoop-common-3.3.1.jar:?]
	at org.apache.hadoop.ipc.Server$RpcCall.run(Server.java:1035) [hadoop-common-3.3.1.jar:?]
	at org.apache.hadoop.ipc.Server$RpcCall.run(Server.java:963) [hadoop-common-3.3.1.jar:?]
	at java.security.AccessController.doPrivileged(Native Method) ~[?:1.8.0_345]
	at javax.security.auth.Subject.doAs(Subject.java:422) [?:1.8.0_345]
	at org.apache.hadoop.security.UserGroupInformation.doAs(UserGroupInformation.java:1878) [hadoop-common-3.3.1.jar:?]
	at org.apache.hadoop.ipc.Server$Handler.run(Server.java:2966) [hadoop-common-3.3.1.jar:?]
2022-09-28 09:55:46,814 [Time-limited test] WARN  ozone.BasicOzoneFileSystem (BasicOzoneFileSystem.java:getFileStatus(765)) - GetFileStatus failed for path /gdir1/dir10
java.io.FileNotFoundException: gdir1/dir10: No such file or directory!
	at org.apache.hadoop.fs.ozone.BasicOzoneClientAdapterImpl.getFileStatus(BasicOzoneClientAdapterImpl.java:369)
	at org.apache.hadoop.fs.ozone.BasicOzoneFileSystem.getFileStatus(BasicOzoneFileSystem.java:757)
	at org.apache.hadoop.fs.ozone.TestOzoneFileSystem.checkPath(TestOzoneFileSystem.java:504)
	at org.apache.hadoop.fs.ozone.TestOzoneFileSystem.testRecursiveDelete(TestOzoneFileSystem.java:459)
	at sun.reflect.NativeMethodAccessorImpl.invoke0(Native Method)
	at sun.reflect.NativeMethodAccessorImpl.invoke(NativeMethodAccessorImpl.java:62)
	at sun.reflect.DelegatingMethodAccessorImpl.invoke(DelegatingMethodAccessorImpl.java:43)
	at java.lang.reflect.Method.invoke(Method.java:498)
	at org.junit.runners.model.FrameworkMethod$1.runReflectiveCall(FrameworkMethod.java:59)
	at org.junit.internal.runners.model.ReflectiveCallable.run(ReflectiveCallable.java:12)
	at org.junit.runners.model.FrameworkMethod.invokeExplosively(FrameworkMethod.java:56)
	at org.junit.internal.runners.statements.InvokeMethod.evaluate(InvokeMethod.java:17)
	at org.junit.internal.runners.statements.RunAfters.evaluate(RunAfters.java:27)
	at org.junit.internal.runners.statements.FailOnTimeout$CallableStatement.call(FailOnTimeout.java:288)
	at org.junit.internal.runners.statements.FailOnTimeout$CallableStatement.call(FailOnTimeout.java:282)
	at java.util.concurrent.FutureTask.run(FutureTask.java:266)
	at java.lang.Thread.run(Thread.java:750)
09:55:46.814 [IPC Server handler 11 on default port 43879] ERROR OMAudit - user=runner | ip=127.0.0.1 | op=GET_FILE_STATUS {volume=volume99279, bucket=bucket29095, key=gdir1/dir10/child, dataSize=0, replicationConfig=null} | ret=FAILURE
org.apache.hadoop.ozone.om.exceptions.OMException: Unable to get file status: volume: volume99279 bucket: bucket29095 key: gdir1/dir10/child
	at org.apache.hadoop.ozone.om.KeyManagerImpl.getOzoneFileStatus(KeyManagerImpl.java:1324) ~[ozone-manager-1.3.0-SNAPSHOT.jar:?]
	at org.apache.hadoop.ozone.om.KeyManagerImpl.getFileStatus(KeyManagerImpl.java:1254) ~[ozone-manager-1.3.0-SNAPSHOT.jar:?]
	at org.apache.hadoop.ozone.om.OzoneManager.getFileStatus(OzoneManager.java:3506) ~[ozone-manager-1.3.0-SNAPSHOT.jar:?]
	at org.apache.hadoop.ozone.protocolPB.OzoneManagerRequestHandler.getOzoneFileStatus(OzoneManagerRequestHandler.java:882) ~[ozone-manager-1.3.0-SNAPSHOT.jar:?]
	at org.apache.hadoop.ozone.protocolPB.OzoneManagerRequestHandler.handleReadRequest(OzoneManagerRequestHandler.java:228) ~[ozone-manager-1.3.0-SNAPSHOT.jar:?]
	at org.apache.hadoop.ozone.protocolPB.OzoneManagerProtocolServerSideTranslatorPB.submitRequestDirectlyToOM(OzoneManagerProtocolServerSideTranslatorPB.java:276) ~[ozone-manager-1.3.0-SNAPSHOT.jar:?]
	at org.apache.hadoop.ozone.protocolPB.OzoneManagerProtocolServerSideTranslatorPB.processRequest(OzoneManagerProtocolServerSideTranslatorPB.java:205) ~[ozone-manager-1.3.0-SNAPSHOT.jar:?]
	at org.apache.hadoop.hdds.server.OzoneProtocolMessageDispatcher.processRequest(OzoneProtocolMessageDispatcher.java:87) [hdds-server-framework-1.3.0-SNAPSHOT.jar:?]
	at org.apache.hadoop.ozone.protocolPB.OzoneManagerProtocolServerSideTranslatorPB.submitRequest(OzoneManagerProtocolServerSideTranslatorPB.java:147) [ozone-manager-1.3.0-SNAPSHOT.jar:?]
	at org.apache.hadoop.ozone.protocol.proto.OzoneManagerProtocolProtos$OzoneManagerService$2.callBlockingMethod(OzoneManagerProtocolProtos.java) [ozone-interface-client-1.3.0-SNAPSHOT.jar:?]
	at org.apache.hadoop.ipc.ProtobufRpcEngine$Server.processCall(ProtobufRpcEngine.java:466) [hadoop-common-3.3.1.jar:?]
	at org.apache.hadoop.ipc.ProtobufRpcEngine2$Server$ProtoBufRpcInvoker.call(ProtobufRpcEngine2.java:574) [hadoop-common-3.3.1.jar:?]
	at org.apache.hadoop.ipc.ProtobufRpcEngine2$Server$ProtoBufRpcInvoker.call(ProtobufRpcEngine2.java:552) [hadoop-common-3.3.1.jar:?]
	at org.apache.hadoop.ipc.RPC$Server.call(RPC.java:1093) [hadoop-common-3.3.1.jar:?]
	at org.apache.hadoop.ipc.Server$RpcCall.run(Server.java:1035) [hadoop-common-3.3.1.jar:?]
	at org.apache.hadoop.ipc.Server$RpcCall.run(Server.java:963) [hadoop-common-3.3.1.jar:?]
	at java.security.AccessController.doPrivileged(Native Method) ~[?:1.8.0_345]
	at javax.security.auth.Subject.doAs(Subject.java:422) [?:1.8.0_345]
	at org.apache.hadoop.security.UserGroupInformation.doAs(UserGroupInformation.java:1878) [hadoop-common-3.3.1.jar:?]
	at org.apache.hadoop.ipc.Server$Handler.run(Server.java:2966) [hadoop-common-3.3.1.jar:?]
2022-09-28 09:55:46,816 [Time-limited test] WARN  ozone.BasicOzoneFileSystem (BasicOzoneFileSystem.java:getFileStatus(765)) - GetFileStatus failed for path /gdir1/dir10/child
java.io.FileNotFoundException: gdir1/dir10/child: No such file or directory!
	at org.apache.hadoop.fs.ozone.BasicOzoneClientAdapterImpl.getFileStatus(BasicOzoneClientAdapterImpl.java:369)
	at org.apache.hadoop.fs.ozone.BasicOzoneFileSystem.getFileStatus(BasicOzoneFileSystem.java:757)
	at org.apache.hadoop.fs.ozone.TestOzoneFileSystem.checkPath(TestOzoneFileSystem.java:504)
	at org.apache.hadoop.fs.ozone.TestOzoneFileSystem.testRecursiveDelete(TestOzoneFileSystem.java:460)
	at sun.reflect.NativeMethodAccessorImpl.invoke0(Native Method)
	at sun.reflect.NativeMethodAccessorImpl.invoke(NativeMethodAccessorImpl.java:62)
	at sun.reflect.DelegatingMethodAccessorImpl.invoke(DelegatingMethodAccessorImpl.java:43)
	at java.lang.reflect.Method.invoke(Method.java:498)
	at org.junit.runners.model.FrameworkMethod$1.runReflectiveCall(FrameworkMethod.java:59)
	at org.junit.internal.runners.model.ReflectiveCallable.run(ReflectiveCallable.java:12)
	at org.junit.runners.model.FrameworkMethod.invokeExplosively(FrameworkMethod.java:56)
	at org.junit.internal.runners.statements.InvokeMethod.evaluate(InvokeMethod.java:17)
	at org.junit.internal.runners.statements.RunAfters.evaluate(RunAfters.java:27)
	at org.junit.internal.runners.statements.FailOnTimeout$CallableStatement.call(FailOnTimeout.java:288)
	at org.junit.internal.runners.statements.FailOnTimeout$CallableStatement.call(FailOnTimeout.java:282)
	at java.util.concurrent.FutureTask.run(FutureTask.java:266)
	at java.lang.Thread.run(Thread.java:750)
09:55:46.865 [IPC Server handler 14 on default port 43879] ERROR OMAudit - user=runner | ip=127.0.0.1 | op=GET_FILE_STATUS {volume=volume99279, bucket=bucket29095, key=level0, dataSize=0, replicationConfig=null} | ret=FAILURE
org.apache.hadoop.ozone.om.exceptions.OMException: Unable to get file status: volume: volume99279 bucket: bucket29095 key: level0
	at org.apache.hadoop.ozone.om.KeyManagerImpl.getOzoneFileStatus(KeyManagerImpl.java:1324) ~[ozone-manager-1.3.0-SNAPSHOT.jar:?]
	at org.apache.hadoop.ozone.om.KeyManagerImpl.getFileStatus(KeyManagerImpl.java:1254) ~[ozone-manager-1.3.0-SNAPSHOT.jar:?]
	at org.apache.hadoop.ozone.om.OzoneManager.getFileStatus(OzoneManager.java:3506) ~[ozone-manager-1.3.0-SNAPSHOT.jar:?]
	at org.apache.hadoop.ozone.protocolPB.OzoneManagerRequestHandler.getOzoneFileStatus(OzoneManagerRequestHandler.java:882) ~[ozone-manager-1.3.0-SNAPSHOT.jar:?]
	at org.apache.hadoop.ozone.protocolPB.OzoneManagerRequestHandler.handleReadRequest(OzoneManagerRequestHandler.java:228) ~[ozone-manager-1.3.0-SNAPSHOT.jar:?]
	at org.apache.hadoop.ozone.protocolPB.OzoneManagerProtocolServerSideTranslatorPB.submitRequestDirectlyToOM(OzoneManagerProtocolServerSideTranslatorPB.java:276) ~[ozone-manager-1.3.0-SNAPSHOT.jar:?]
	at org.apache.hadoop.ozone.protocolPB.OzoneManagerProtocolServerSideTranslatorPB.processRequest(OzoneManagerProtocolServerSideTranslatorPB.java:205) ~[ozone-manager-1.3.0-SNAPSHOT.jar:?]
	at org.apache.hadoop.hdds.server.OzoneProtocolMessageDispatcher.processRequest(OzoneProtocolMessageDispatcher.java:87) [hdds-server-framework-1.3.0-SNAPSHOT.jar:?]
	at org.apache.hadoop.ozone.protocolPB.OzoneManagerProtocolServerSideTranslatorPB.submitRequest(OzoneManagerProtocolServerSideTranslatorPB.java:147) [ozone-manager-1.3.0-SNAPSHOT.jar:?]
	at org.apache.hadoop.ozone.protocol.proto.OzoneManagerProtocolProtos$OzoneManagerService$2.callBlockingMethod(OzoneManagerProtocolProtos.java) [ozone-interface-client-1.3.0-SNAPSHOT.jar:?]
	at org.apache.hadoop.ipc.ProtobufRpcEngine$Server.processCall(ProtobufRpcEngine.java:466) [hadoop-common-3.3.1.jar:?]
	at org.apache.hadoop.ipc.ProtobufRpcEngine2$Server$ProtoBufRpcInvoker.call(ProtobufRpcEngine2.java:574) [hadoop-common-3.3.1.jar:?]
	at org.apache.hadoop.ipc.ProtobufRpcEngine2$Server$ProtoBufRpcInvoker.call(ProtobufRpcEngine2.java:552) [hadoop-common-3.3.1.jar:?]
	at org.apache.hadoop.ipc.RPC$Server.call(RPC.java:1093) [hadoop-common-3.3.1.jar:?]
	at org.apache.hadoop.ipc.Server$RpcCall.run(Server.java:1035) [hadoop-common-3.3.1.jar:?]
	at org.apache.hadoop.ipc.Server$RpcCall.run(Server.java:963) [hadoop-common-3.3.1.jar:?]
	at java.security.AccessController.doPrivileged(Native Method) ~[?:1.8.0_345]
	at javax.security.auth.Subject.doAs(Subject.java:422) [?:1.8.0_345]
	at org.apache.hadoop.security.UserGroupInformation.doAs(UserGroupInformation.java:1878) [hadoop-common-3.3.1.jar:?]
	at org.apache.hadoop.ipc.Server$Handler.run(Server.java:2966) [hadoop-common-3.3.1.jar:?]
2022-09-28 09:55:46,866 [Time-limited test] WARN  ozone.BasicOzoneFileSystem (BasicOzoneFileSystem.java:getFileStatus(765)) - GetFileStatus failed for path /level0
java.io.FileNotFoundException: level0: No such file or directory!
	at org.apache.hadoop.fs.ozone.BasicOzoneClientAdapterImpl.getFileStatus(BasicOzoneClientAdapterImpl.java:369)
	at org.apache.hadoop.fs.ozone.BasicOzoneFileSystem.getFileStatus(BasicOzoneFileSystem.java:757)
	at org.apache.hadoop.fs.ozone.TestOzoneFileSystem.checkPath(TestOzoneFileSystem.java:504)
	at org.apache.hadoop.fs.ozone.TestOzoneFileSystem.testRecursiveDelete(TestOzoneFileSystem.java:488)
	at sun.reflect.NativeMethodAccessorImpl.invoke0(Native Method)
	at sun.reflect.NativeMethodAccessorImpl.invoke(NativeMethodAccessorImpl.java:62)
	at sun.reflect.DelegatingMethodAccessorImpl.invoke(DelegatingMethodAccessorImpl.java:43)
	at java.lang.reflect.Method.invoke(Method.java:498)
	at org.junit.runners.model.FrameworkMethod$1.runReflectiveCall(FrameworkMethod.java:59)
	at org.junit.internal.runners.model.ReflectiveCallable.run(ReflectiveCallable.java:12)
	at org.junit.runners.model.FrameworkMethod.invokeExplosively(FrameworkMethod.java:56)
	at org.junit.internal.runners.statements.InvokeMethod.evaluate(InvokeMethod.java:17)
	at org.junit.internal.runners.statements.RunAfters.evaluate(RunAfters.java:27)
	at org.junit.internal.runners.statements.FailOnTimeout$CallableStatement.call(FailOnTimeout.java:288)
	at org.junit.internal.runners.statements.FailOnTimeout$CallableStatement.call(FailOnTimeout.java:282)
	at java.util.concurrent.FutureTask.run(FutureTask.java:266)
	at java.lang.Thread.run(Thread.java:750)
09:55:46.872 [IPC Server handler 15 on default port 43879] ERROR OMAudit - user=runner | ip=127.0.0.1 | op=GET_FILE_STATUS {volume=volume99279, bucket=bucket29095, key=level0/level1, dataSize=0, replicationConfig=null} | ret=FAILURE
org.apache.hadoop.ozone.om.exceptions.OMException: Unable to get file status: volume: volume99279 bucket: bucket29095 key: level0/level1
	at org.apache.hadoop.ozone.om.KeyManagerImpl.getOzoneFileStatus(KeyManagerImpl.java:1324) ~[ozone-manager-1.3.0-SNAPSHOT.jar:?]
	at org.apache.hadoop.ozone.om.KeyManagerImpl.getFileStatus(KeyManagerImpl.java:1254) ~[ozone-manager-1.3.0-SNAPSHOT.jar:?]
	at org.apache.hadoop.ozone.om.OzoneManager.getFileStatus(OzoneManager.java:3506) ~[ozone-manager-1.3.0-SNAPSHOT.jar:?]
	at org.apache.hadoop.ozone.protocolPB.OzoneManagerRequestHandler.getOzoneFileStatus(OzoneManagerRequestHandler.java:882) ~[ozone-manager-1.3.0-SNAPSHOT.jar:?]
	at org.apache.hadoop.ozone.protocolPB.OzoneManagerRequestHandler.handleReadRequest(OzoneManagerRequestHandler.java:228) ~[ozone-manager-1.3.0-SNAPSHOT.jar:?]
	at org.apache.hadoop.ozone.protocolPB.OzoneManagerProtocolServerSideTranslatorPB.submitRequestDirectlyToOM(OzoneManagerProtocolServerSideTranslatorPB.java:276) ~[ozone-manager-1.3.0-SNAPSHOT.jar:?]
	at org.apache.hadoop.ozone.protocolPB.OzoneManagerProtocolServerSideTranslatorPB.processRequest(OzoneManagerProtocolServerSideTranslatorPB.java:205) ~[ozone-manager-1.3.0-SNAPSHOT.jar:?]
	at org.apache.hadoop.hdds.server.OzoneProtocolMessageDispatcher.processRequest(OzoneProtocolMessageDispatcher.java:87) [hdds-server-framework-1.3.0-SNAPSHOT.jar:?]
	at org.apache.hadoop.ozone.protocolPB.OzoneManagerProtocolServerSideTranslatorPB.submitRequest(OzoneManagerProtocolServerSideTranslatorPB.java:147) [ozone-manager-1.3.0-SNAPSHOT.jar:?]
	at org.apache.hadoop.ozone.protocol.proto.OzoneManagerProtocolProtos$OzoneManagerService$2.callBlockingMethod(OzoneManagerProtocolProtos.java) [ozone-interface-client-1.3.0-SNAPSHOT.jar:?]
	at org.apache.hadoop.ipc.ProtobufRpcEngine$Server.processCall(ProtobufRpcEngine.java:466) [hadoop-common-3.3.1.jar:?]
	at org.apache.hadoop.ipc.ProtobufRpcEngine2$Server$ProtoBufRpcInvoker.call(ProtobufRpcEngine2.java:574) [hadoop-common-3.3.1.jar:?]
	at org.apache.hadoop.ipc.ProtobufRpcEngine2$Server$ProtoBufRpcInvoker.call(ProtobufRpcEngine2.java:552) [hadoop-common-3.3.1.jar:?]
	at org.apache.hadoop.ipc.RPC$Server.call(RPC.java:1093) [hadoop-common-3.3.1.jar:?]
	at org.apache.hadoop.ipc.Server$RpcCall.run(Server.java:1035) [hadoop-common-3.3.1.jar:?]
	at org.apache.hadoop.ipc.Server$RpcCall.run(Server.java:963) [hadoop-common-3.3.1.jar:?]
	at java.security.AccessController.doPrivileged(Native Method) ~[?:1.8.0_345]
	at javax.security.auth.Subject.doAs(Subject.java:422) [?:1.8.0_345]
	at org.apache.hadoop.security.UserGroupInformation.doAs(UserGroupInformation.java:1878) [hadoop-common-3.3.1.jar:?]
	at org.apache.hadoop.ipc.Server$Handler.run(Server.java:2966) [hadoop-common-3.3.1.jar:?]
2022-09-28 09:55:46,872 [Time-limited test] WARN  ozone.BasicOzoneFileSystem (BasicOzoneFileSystem.java:getFileStatus(765)) - GetFileStatus failed for path /level0/level1
java.io.FileNotFoundException: level0/level1: No such file or directory!
	at org.apache.hadoop.fs.ozone.BasicOzoneClientAdapterImpl.getFileStatus(BasicOzoneClientAdapterImpl.java:369)
	at org.apache.hadoop.fs.ozone.BasicOzoneFileSystem.getFileStatus(BasicOzoneFileSystem.java:757)
	at org.apache.hadoop.fs.ozone.TestOzoneFileSystem.checkPath(TestOzoneFileSystem.java:504)
	at org.apache.hadoop.fs.ozone.TestOzoneFileSystem.testRecursiveDelete(TestOzoneFileSystem.java:495)
	at sun.reflect.NativeMethodAccessorImpl.invoke0(Native Method)
	at sun.reflect.NativeMethodAccessorImpl.invoke(NativeMethodAccessorImpl.java:62)
	at sun.reflect.DelegatingMethodAccessorImpl.invoke(DelegatingMethodAccessorImpl.java:43)
	at java.lang.reflect.Method.invoke(Method.java:498)
	at org.junit.runners.model.FrameworkMethod$1.runReflectiveCall(FrameworkMethod.java:59)
	at org.junit.internal.runners.model.ReflectiveCallable.run(ReflectiveCallable.java:12)
	at org.junit.runners.model.FrameworkMethod.invokeExplosively(FrameworkMethod.java:56)
	at org.junit.internal.runners.statements.InvokeMethod.evaluate(InvokeMethod.java:17)
	at org.junit.internal.runners.statements.RunAfters.evaluate(RunAfters.java:27)
	at org.junit.internal.runners.statements.FailOnTimeout$CallableStatement.call(FailOnTimeout.java:288)
	at org.junit.internal.runners.statements.FailOnTimeout$CallableStatement.call(FailOnTimeout.java:282)
	at java.util.concurrent.FutureTask.run(FutureTask.java:266)
	at java.lang.Thread.run(Thread.java:750)
09:55:46.873 [IPC Server handler 7 on default port 43879] ERROR OMAudit - user=runner | ip=127.0.0.1 | op=GET_FILE_STATUS {volume=volume99279, bucket=bucket29095, key=level0/level1/level1, dataSize=0, replicationConfig=null} | ret=FAILURE
org.apache.hadoop.ozone.om.exceptions.OMException: Unable to get file status: volume: volume99279 bucket: bucket29095 key: level0/level1/level1
	at org.apache.hadoop.ozone.om.KeyManagerImpl.getOzoneFileStatus(KeyManagerImpl.java:1324) ~[ozone-manager-1.3.0-SNAPSHOT.jar:?]
	at org.apache.hadoop.ozone.om.KeyManagerImpl.getFileStatus(KeyManagerImpl.java:1254) ~[ozone-manager-1.3.0-SNAPSHOT.jar:?]
	at org.apache.hadoop.ozone.om.OzoneManager.getFileStatus(OzoneManager.java:3506) ~[ozone-manager-1.3.0-SNAPSHOT.jar:?]
	at org.apache.hadoop.ozone.protocolPB.OzoneManagerRequestHandler.getOzoneFileStatus(OzoneManagerRequestHandler.java:882) ~[ozone-manager-1.3.0-SNAPSHOT.jar:?]
	at org.apache.hadoop.ozone.protocolPB.OzoneManagerRequestHandler.handleReadRequest(OzoneManagerRequestHandler.java:228) ~[ozone-manager-1.3.0-SNAPSHOT.jar:?]
	at org.apache.hadoop.ozone.protocolPB.OzoneManagerProtocolServerSideTranslatorPB.submitRequestDirectlyToOM(OzoneManagerProtocolServerSideTranslatorPB.java:276) ~[ozone-manager-1.3.0-SNAPSHOT.jar:?]
	at org.apache.hadoop.ozone.protocolPB.OzoneManagerProtocolServerSideTranslatorPB.processRequest(OzoneManagerProtocolServerSideTranslatorPB.java:205) ~[ozone-manager-1.3.0-SNAPSHOT.jar:?]
	at org.apache.hadoop.hdds.server.OzoneProtocolMessageDispatcher.processRequest(OzoneProtocolMessageDispatcher.java:87) [hdds-server-framework-1.3.0-SNAPSHOT.jar:?]
	at org.apache.hadoop.ozone.protocolPB.OzoneManagerProtocolServerSideTranslatorPB.submitRequest(OzoneManagerProtocolServerSideTranslatorPB.java:147) [ozone-manager-1.3.0-SNAPSHOT.jar:?]
	at org.apache.hadoop.ozone.protocol.proto.OzoneManagerProtocolProtos$OzoneManagerService$2.callBlockingMethod(OzoneManagerProtocolProtos.java) [ozone-interface-client-1.3.0-SNAPSHOT.jar:?]
	at org.apache.hadoop.ipc.ProtobufRpcEngine$Server.processCall(ProtobufRpcEngine.java:466) [hadoop-common-3.3.1.jar:?]
	at org.apache.hadoop.ipc.ProtobufRpcEngine2$Server$ProtoBufRpcInvoker.call(ProtobufRpcEngine2.java:574) [hadoop-common-3.3.1.jar:?]
	at org.apache.hadoop.ipc.ProtobufRpcEngine2$Server$ProtoBufRpcInvoker.call(ProtobufRpcEngine2.java:552) [hadoop-common-3.3.1.jar:?]
	at org.apache.hadoop.ipc.RPC$Server.call(RPC.java:1093) [hadoop-common-3.3.1.jar:?]
	at org.apache.hadoop.ipc.Server$RpcCall.run(Server.java:1035) [hadoop-common-3.3.1.jar:?]
	at org.apache.hadoop.ipc.Server$RpcCall.run(Server.java:963) [hadoop-common-3.3.1.jar:?]
	at java.security.AccessController.doPrivileged(Native Method) ~[?:1.8.0_345]
	at javax.security.auth.Subject.doAs(Subject.java:422) [?:1.8.0_345]
	at org.apache.hadoop.security.UserGroupInformation.doAs(UserGroupInformation.java:1878) [hadoop-common-3.3.1.jar:?]
	at org.apache.hadoop.ipc.Server$Handler.run(Server.java:2966) [hadoop-common-3.3.1.jar:?]
2022-09-28 09:55:46,873 [Time-limited test] WARN  ozone.BasicOzoneFileSystem (BasicOzoneFileSystem.java:getFileStatus(765)) - GetFileStatus failed for path /level0/level1/level1
java.io.FileNotFoundException: level0/level1/level1: No such file or directory!
	at org.apache.hadoop.fs.ozone.BasicOzoneClientAdapterImpl.getFileStatus(BasicOzoneClientAdapterImpl.java:369)
	at org.apache.hadoop.fs.ozone.BasicOzoneFileSystem.getFileStatus(BasicOzoneFileSystem.java:757)
	at org.apache.hadoop.fs.ozone.TestOzoneFileSystem.checkPath(TestOzoneFileSystem.java:504)
	at org.apache.hadoop.fs.ozone.TestOzoneFileSystem.testRecursiveDelete(TestOzoneFileSystem.java:496)
	at sun.reflect.NativeMethodAccessorImpl.invoke0(Native Method)
	at sun.reflect.NativeMethodAccessorImpl.invoke(NativeMethodAccessorImpl.java:62)
	at sun.reflect.DelegatingMethodAccessorImpl.invoke(DelegatingMethodAccessorImpl.java:43)
	at java.lang.reflect.Method.invoke(Method.java:498)
	at org.junit.runners.model.FrameworkMethod$1.runReflectiveCall(FrameworkMethod.java:59)
	at org.junit.internal.runners.model.ReflectiveCallable.run(ReflectiveCallable.java:12)
	at org.junit.runners.model.FrameworkMethod.invokeExplosively(FrameworkMethod.java:56)
	at org.junit.internal.runners.statements.InvokeMethod.evaluate(InvokeMethod.java:17)
	at org.junit.internal.runners.statements.RunAfters.evaluate(RunAfters.java:27)
	at org.junit.internal.runners.statements.FailOnTimeout$CallableStatement.call(FailOnTimeout.java:288)
	at org.junit.internal.runners.statements.FailOnTimeout$CallableStatement.call(FailOnTimeout.java:282)
	at java.util.concurrent.FutureTask.run(FutureTask.java:266)
	at java.lang.Thread.run(Thread.java:750)
09:55:46.873 [IPC Server handler 9 on default port 43879] ERROR OMAudit - user=runner | ip=127.0.0.1 | op=GET_FILE_STATUS {volume=volume99279, bucket=bucket29095, key=level0/level1/file1, dataSize=0, replicationConfig=null} | ret=FAILURE
org.apache.hadoop.ozone.om.exceptions.OMException: Unable to get file status: volume: volume99279 bucket: bucket29095 key: level0/level1/file1
	at org.apache.hadoop.ozone.om.KeyManagerImpl.getOzoneFileStatus(KeyManagerImpl.java:1324) ~[ozone-manager-1.3.0-SNAPSHOT.jar:?]
	at org.apache.hadoop.ozone.om.KeyManagerImpl.getFileStatus(KeyManagerImpl.java:1254) ~[ozone-manager-1.3.0-SNAPSHOT.jar:?]
	at org.apache.hadoop.ozone.om.OzoneManager.getFileStatus(OzoneManager.java:3506) ~[ozone-manager-1.3.0-SNAPSHOT.jar:?]
	at org.apache.hadoop.ozone.protocolPB.OzoneManagerRequestHandler.getOzoneFileStatus(OzoneManagerRequestHandler.java:882) ~[ozone-manager-1.3.0-SNAPSHOT.jar:?]
	at org.apache.hadoop.ozone.protocolPB.OzoneManagerRequestHandler.handleReadRequest(OzoneManagerRequestHandler.java:228) ~[ozone-manager-1.3.0-SNAPSHOT.jar:?]
	at org.apache.hadoop.ozone.protocolPB.OzoneManagerProtocolServerSideTranslatorPB.submitRequestDirectlyToOM(OzoneManagerProtocolServerSideTranslatorPB.java:276) ~[ozone-manager-1.3.0-SNAPSHOT.jar:?]
	at org.apache.hadoop.ozone.protocolPB.OzoneManagerProtocolServerSideTranslatorPB.processRequest(OzoneManagerProtocolServerSideTranslatorPB.java:205) ~[ozone-manager-1.3.0-SNAPSHOT.jar:?]
	at org.apache.hadoop.hdds.server.OzoneProtocolMessageDispatcher.processRequest(OzoneProtocolMessageDispatcher.java:87) [hdds-server-framework-1.3.0-SNAPSHOT.jar:?]
	at org.apache.hadoop.ozone.protocolPB.OzoneManagerProtocolServerSideTranslatorPB.submitRequest(OzoneManagerProtocolServerSideTranslatorPB.java:147) [ozone-manager-1.3.0-SNAPSHOT.jar:?]
	at org.apache.hadoop.ozone.protocol.proto.OzoneManagerProtocolProtos$OzoneManagerService$2.callBlockingMethod(OzoneManagerProtocolProtos.java) [ozone-interface-client-1.3.0-SNAPSHOT.jar:?]
	at org.apache.hadoop.ipc.ProtobufRpcEngine$Server.processCall(ProtobufRpcEngine.java:466) [hadoop-common-3.3.1.jar:?]
	at org.apache.hadoop.ipc.ProtobufRpcEngine2$Server$ProtoBufRpcInvoker.call(ProtobufRpcEngine2.java:574) [hadoop-common-3.3.1.jar:?]
	at org.apache.hadoop.ipc.ProtobufRpcEngine2$Server$ProtoBufRpcInvoker.call(ProtobufRpcEngine2.java:552) [hadoop-common-3.3.1.jar:?]
	at org.apache.hadoop.ipc.RPC$Server.call(RPC.java:1093) [hadoop-common-3.3.1.jar:?]
	at org.apache.hadoop.ipc.Server$RpcCall.run(Server.java:1035) [hadoop-common-3.3.1.jar:?]
	at org.apache.hadoop.ipc.Server$RpcCall.run(Server.java:963) [hadoop-common-3.3.1.jar:?]
	at java.security.AccessController.doPrivileged(Native Method) ~[?:1.8.0_345]
	at javax.security.auth.Subject.doAs(Subject.java:422) [?:1.8.0_345]
	at org.apache.hadoop.security.UserGroupInformation.doAs(UserGroupInformation.java:1878) [hadoop-common-3.3.1.jar:?]
	at org.apache.hadoop.ipc.Server$Handler.run(Server.java:2966) [hadoop-common-3.3.1.jar:?]
2022-09-28 09:55:46,874 [Time-limited test] WARN  ozone.BasicOzoneFileSystem (BasicOzoneFileSystem.java:getFileStatus(765)) - GetFileStatus failed for path /level0/level1/file1
java.io.FileNotFoundException: level0/level1/file1: No such file or directory!
	at org.apache.hadoop.fs.ozone.BasicOzoneClientAdapterImpl.getFileStatus(BasicOzoneClientAdapterImpl.java:369)
	at org.apache.hadoop.fs.ozone.BasicOzoneFileSystem.getFileStatus(BasicOzoneFileSystem.java:757)
	at org.apache.hadoop.fs.ozone.TestOzoneFileSystem.checkPath(TestOzoneFileSystem.java:504)
	at org.apache.hadoop.fs.ozone.TestOzoneFileSystem.testRecursiveDelete(TestOzoneFileSystem.java:497)
	at sun.reflect.NativeMethodAccessorImpl.invoke0(Native Method)
	at sun.reflect.NativeMethodAccessorImpl.invoke(NativeMethodAccessorImpl.java:62)
	at sun.reflect.DelegatingMethodAccessorImpl.invoke(DelegatingMethodAccessorImpl.java:43)
	at java.lang.reflect.Method.invoke(Method.java:498)
	at org.junit.runners.model.FrameworkMethod$1.runReflectiveCall(FrameworkMethod.java:59)
	at org.junit.internal.runners.model.ReflectiveCallable.run(ReflectiveCallable.java:12)
	at org.junit.runners.model.FrameworkMethod.invokeExplosively(FrameworkMethod.java:56)
	at org.junit.internal.runners.statements.InvokeMethod.evaluate(InvokeMethod.java:17)
	at org.junit.internal.runners.statements.RunAfters.evaluate(RunAfters.java:27)
	at org.junit.internal.runners.statements.FailOnTimeout$CallableStatement.call(FailOnTimeout.java:288)
	at org.junit.internal.runners.statements.FailOnTimeout$CallableStatement.call(FailOnTimeout.java:282)
	at java.util.concurrent.FutureTask.run(FutureTask.java:266)
	at java.lang.Thread.run(Thread.java:750)
09:55:46.874 [IPC Server handler 6 on default port 43879] ERROR OMAudit - user=runner | ip=127.0.0.1 | op=GET_FILE_STATUS {volume=volume99279, bucket=bucket29095, key=level0/level1/level1/file1, dataSize=0, replicationConfig=null} | ret=FAILURE
org.apache.hadoop.ozone.om.exceptions.OMException: Unable to get file status: volume: volume99279 bucket: bucket29095 key: level0/level1/level1/file1
	at org.apache.hadoop.ozone.om.KeyManagerImpl.getOzoneFileStatus(KeyManagerImpl.java:1324) ~[ozone-manager-1.3.0-SNAPSHOT.jar:?]
	at org.apache.hadoop.ozone.om.KeyManagerImpl.getFileStatus(KeyManagerImpl.java:1254) ~[ozone-manager-1.3.0-SNAPSHOT.jar:?]
	at org.apache.hadoop.ozone.om.OzoneManager.getFileStatus(OzoneManager.java:3506) ~[ozone-manager-1.3.0-SNAPSHOT.jar:?]
	at org.apache.hadoop.ozone.protocolPB.OzoneManagerRequestHandler.getOzoneFileStatus(OzoneManagerRequestHandler.java:882) ~[ozone-manager-1.3.0-SNAPSHOT.jar:?]
	at org.apache.hadoop.ozone.protocolPB.OzoneManagerRequestHandler.handleReadRequest(OzoneManagerRequestHandler.java:228) ~[ozone-manager-1.3.0-SNAPSHOT.jar:?]
	at org.apache.hadoop.ozone.protocolPB.OzoneManagerProtocolServerSideTranslatorPB.submitRequestDirectlyToOM(OzoneManagerProtocolServerSideTranslatorPB.java:276) ~[ozone-manager-1.3.0-SNAPSHOT.jar:?]
	at org.apache.hadoop.ozone.protocolPB.OzoneManagerProtocolServerSideTranslatorPB.processRequest(OzoneManagerProtocolServerSideTranslatorPB.java:205) ~[ozone-manager-1.3.0-SNAPSHOT.jar:?]
	at org.apache.hadoop.hdds.server.OzoneProtocolMessageDispatcher.processRequest(OzoneProtocolMessageDispatcher.java:87) [hdds-server-framework-1.3.0-SNAPSHOT.jar:?]
	at org.apache.hadoop.ozone.protocolPB.OzoneManagerProtocolServerSideTranslatorPB.submitRequest(OzoneManagerProtocolServerSideTranslatorPB.java:147) [ozone-manager-1.3.0-SNAPSHOT.jar:?]
	at org.apache.hadoop.ozone.protocol.proto.OzoneManagerProtocolProtos$OzoneManagerService$2.callBlockingMethod(OzoneManagerProtocolProtos.java) [ozone-interface-client-1.3.0-SNAPSHOT.jar:?]
	at org.apache.hadoop.ipc.ProtobufRpcEngine$Server.processCall(ProtobufRpcEngine.java:466) [hadoop-common-3.3.1.jar:?]
	at org.apache.hadoop.ipc.ProtobufRpcEngine2$Server$ProtoBufRpcInvoker.call(ProtobufRpcEngine2.java:574) [hadoop-common-3.3.1.jar:?]
	at org.apache.hadoop.ipc.ProtobufRpcEngine2$Server$ProtoBufRpcInvoker.call(ProtobufRpcEngine2.java:552) [hadoop-common-3.3.1.jar:?]
	at org.apache.hadoop.ipc.RPC$Server.call(RPC.java:1093) [hadoop-common-3.3.1.jar:?]
	at org.apache.hadoop.ipc.Server$RpcCall.run(Server.java:1035) [hadoop-common-3.3.1.jar:?]
	at org.apache.hadoop.ipc.Server$RpcCall.run(Server.java:963) [hadoop-common-3.3.1.jar:?]
	at java.security.AccessController.doPrivileged(Native Method) ~[?:1.8.0_345]
	at javax.security.auth.Subject.doAs(Subject.java:422) [?:1.8.0_345]
	at org.apache.hadoop.security.UserGroupInformation.doAs(UserGroupInformation.java:1878) [hadoop-common-3.3.1.jar:?]
	at org.apache.hadoop.ipc.Server$Handler.run(Server.java:2966) [hadoop-common-3.3.1.jar:?]
2022-09-28 09:55:46,874 [Time-limited test] WARN  ozone.BasicOzoneFileSystem (BasicOzoneFileSystem.java:getFileStatus(765)) - GetFileStatus failed for path /level0/level1/level1/file1
java.io.FileNotFoundException: level0/level1/level1/file1: No such file or directory!
	at org.apache.hadoop.fs.ozone.BasicOzoneClientAdapterImpl.getFileStatus(BasicOzoneClientAdapterImpl.java:369)
	at org.apache.hadoop.fs.ozone.BasicOzoneFileSystem.getFileStatus(BasicOzoneFileSystem.java:757)
	at org.apache.hadoop.fs.ozone.TestOzoneFileSystem.checkPath(TestOzoneFileSystem.java:504)
	at org.apache.hadoop.fs.ozone.TestOzoneFileSystem.testRecursiveDelete(TestOzoneFileSystem.java:498)
	at sun.reflect.NativeMethodAccessorImpl.invoke0(Native Method)
	at sun.reflect.NativeMethodAccessorImpl.invoke(NativeMethodAccessorImpl.java:62)
	at sun.reflect.DelegatingMethodAccessorImpl.invoke(DelegatingMethodAccessorImpl.java:43)
	at java.lang.reflect.Method.invoke(Method.java:498)
	at org.junit.runners.model.FrameworkMethod$1.runReflectiveCall(FrameworkMethod.java:59)
	at org.junit.internal.runners.model.ReflectiveCallable.run(ReflectiveCallable.java:12)
	at org.junit.runners.model.FrameworkMethod.invokeExplosively(FrameworkMethod.java:56)
	at org.junit.internal.runners.statements.InvokeMethod.evaluate(InvokeMethod.java:17)
	at org.junit.internal.runners.statements.RunAfters.evaluate(RunAfters.java:27)
	at org.junit.internal.runners.statements.FailOnTimeout$CallableStatement.call(FailOnTimeout.java:288)
	at org.junit.internal.runners.statements.FailOnTimeout$CallableStatement.call(FailOnTimeout.java:282)
	at java.util.concurrent.FutureTask.run(FutureTask.java:266)
	at java.lang.Thread.run(Thread.java:750)
09:55:46.875 [IPC Server handler 10 on default port 43879] ERROR OMAudit - user=runner | ip=127.0.0.1 | op=GET_FILE_STATUS {volume=volume99279, bucket=bucket29095, key=level0/level2, dataSize=0, replicationConfig=null} | ret=FAILURE
org.apache.hadoop.ozone.om.exceptions.OMException: Unable to get file status: volume: volume99279 bucket: bucket29095 key: level0/level2
	at org.apache.hadoop.ozone.om.KeyManagerImpl.getOzoneFileStatus(KeyManagerImpl.java:1324) ~[ozone-manager-1.3.0-SNAPSHOT.jar:?]
	at org.apache.hadoop.ozone.om.KeyManagerImpl.getFileStatus(KeyManagerImpl.java:1254) ~[ozone-manager-1.3.0-SNAPSHOT.jar:?]
	at org.apache.hadoop.ozone.om.OzoneManager.getFileStatus(OzoneManager.java:3506) ~[ozone-manager-1.3.0-SNAPSHOT.jar:?]
	at org.apache.hadoop.ozone.protocolPB.OzoneManagerRequestHandler.getOzoneFileStatus(OzoneManagerRequestHandler.java:882) ~[ozone-manager-1.3.0-SNAPSHOT.jar:?]
	at org.apache.hadoop.ozone.protocolPB.OzoneManagerRequestHandler.handleReadRequest(OzoneManagerRequestHandler.java:228) ~[ozone-manager-1.3.0-SNAPSHOT.jar:?]
	at org.apache.hadoop.ozone.protocolPB.OzoneManagerProtocolServerSideTranslatorPB.submitRequestDirectlyToOM(OzoneManagerProtocolServerSideTranslatorPB.java:276) ~[ozone-manager-1.3.0-SNAPSHOT.jar:?]
	at org.apache.hadoop.ozone.protocolPB.OzoneManagerProtocolServerSideTranslatorPB.processRequest(OzoneManagerProtocolServerSideTranslatorPB.java:205) ~[ozone-manager-1.3.0-SNAPSHOT.jar:?]
	at org.apache.hadoop.hdds.server.OzoneProtocolMessageDispatcher.processRequest(OzoneProtocolMessageDispatcher.java:87) [hdds-server-framework-1.3.0-SNAPSHOT.jar:?]
	at org.apache.hadoop.ozone.protocolPB.OzoneManagerProtocolServerSideTranslatorPB.submitRequest(OzoneManagerProtocolServerSideTranslatorPB.java:147) [ozone-manager-1.3.0-SNAPSHOT.jar:?]
	at org.apache.hadoop.ozone.protocol.proto.OzoneManagerProtocolProtos$OzoneManagerService$2.callBlockingMethod(OzoneManagerProtocolProtos.java) [ozone-interface-client-1.3.0-SNAPSHOT.jar:?]
	at org.apache.hadoop.ipc.ProtobufRpcEngine$Server.processCall(ProtobufRpcEngine.java:466) [hadoop-common-3.3.1.jar:?]
	at org.apache.hadoop.ipc.ProtobufRpcEngine2$Server$ProtoBufRpcInvoker.call(ProtobufRpcEngine2.java:574) [hadoop-common-3.3.1.jar:?]
	at org.apache.hadoop.ipc.ProtobufRpcEngine2$Server$ProtoBufRpcInvoker.call(ProtobufRpcEngine2.java:552) [hadoop-common-3.3.1.jar:?]
	at org.apache.hadoop.ipc.RPC$Server.call(RPC.java:1093) [hadoop-common-3.3.1.jar:?]
	at org.apache.hadoop.ipc.Server$RpcCall.run(Server.java:1035) [hadoop-common-3.3.1.jar:?]
	at org.apache.hadoop.ipc.Server$RpcCall.run(Server.java:963) [hadoop-common-3.3.1.jar:?]
	at java.security.AccessController.doPrivileged(Native Method) ~[?:1.8.0_345]
	at javax.security.auth.Subject.doAs(Subject.java:422) [?:1.8.0_345]
	at org.apache.hadoop.security.UserGroupInformation.doAs(UserGroupInformation.java:1878) [hadoop-common-3.3.1.jar:?]
	at org.apache.hadoop.ipc.Server$Handler.run(Server.java:2966) [hadoop-common-3.3.1.jar:?]
2022-09-28 09:55:46,875 [Time-limited test] WARN  ozone.BasicOzoneFileSystem (BasicOzoneFileSystem.java:getFileStatus(765)) - GetFileStatus failed for path /level0/level2
java.io.FileNotFoundException: level0/level2: No such file or directory!
	at org.apache.hadoop.fs.ozone.BasicOzoneClientAdapterImpl.getFileStatus(BasicOzoneClientAdapterImpl.java:369)
	at org.apache.hadoop.fs.ozone.BasicOzoneFileSystem.getFileStatus(BasicOzoneFileSystem.java:757)
	at org.apache.hadoop.fs.ozone.TestOzoneFileSystem.checkPath(TestOzoneFileSystem.java:504)
	at org.apache.hadoop.fs.ozone.TestOzoneFileSystem.testRecursiveDelete(TestOzoneFileSystem.java:495)
	at sun.reflect.NativeMethodAccessorImpl.invoke0(Native Method)
	at sun.reflect.NativeMethodAccessorImpl.invoke(NativeMethodAccessorImpl.java:62)
	at sun.reflect.DelegatingMethodAccessorImpl.invoke(DelegatingMethodAccessorImpl.java:43)
	at java.lang.reflect.Method.invoke(Method.java:498)
	at org.junit.runners.model.FrameworkMethod$1.runReflectiveCall(FrameworkMethod.java:59)
	at org.junit.internal.runners.model.ReflectiveCallable.run(ReflectiveCallable.java:12)
	at org.junit.runners.model.FrameworkMethod.invokeExplosively(FrameworkMethod.java:56)
	at org.junit.internal.runners.statements.InvokeMethod.evaluate(InvokeMethod.java:17)
	at org.junit.internal.runners.statements.RunAfters.evaluate(RunAfters.java:27)
	at org.junit.internal.runners.statements.FailOnTimeout$CallableStatement.call(FailOnTimeout.java:288)
	at org.junit.internal.runners.statements.FailOnTimeout$CallableStatement.call(FailOnTimeout.java:282)
	at java.util.concurrent.FutureTask.run(FutureTask.java:266)
	at java.lang.Thread.run(Thread.java:750)
09:55:46.875 [IPC Server handler 11 on default port 43879] ERROR OMAudit - user=runner | ip=127.0.0.1 | op=GET_FILE_STATUS {volume=volume99279, bucket=bucket29095, key=level0/level2/level2, dataSize=0, replicationConfig=null} | ret=FAILURE
org.apache.hadoop.ozone.om.exceptions.OMException: Unable to get file status: volume: volume99279 bucket: bucket29095 key: level0/level2/level2
	at org.apache.hadoop.ozone.om.KeyManagerImpl.getOzoneFileStatus(KeyManagerImpl.java:1324) ~[ozone-manager-1.3.0-SNAPSHOT.jar:?]
	at org.apache.hadoop.ozone.om.KeyManagerImpl.getFileStatus(KeyManagerImpl.java:1254) ~[ozone-manager-1.3.0-SNAPSHOT.jar:?]
	at org.apache.hadoop.ozone.om.OzoneManager.getFileStatus(OzoneManager.java:3506) ~[ozone-manager-1.3.0-SNAPSHOT.jar:?]
	at org.apache.hadoop.ozone.protocolPB.OzoneManagerRequestHandler.getOzoneFileStatus(OzoneManagerRequestHandler.java:882) ~[ozone-manager-1.3.0-SNAPSHOT.jar:?]
	at org.apache.hadoop.ozone.protocolPB.OzoneManagerRequestHandler.handleReadRequest(OzoneManagerRequestHandler.java:228) ~[ozone-manager-1.3.0-SNAPSHOT.jar:?]
	at org.apache.hadoop.ozone.protocolPB.OzoneManagerProtocolServerSideTranslatorPB.submitRequestDirectlyToOM(OzoneManagerProtocolServerSideTranslatorPB.java:276) ~[ozone-manager-1.3.0-SNAPSHOT.jar:?]
	at org.apache.hadoop.ozone.protocolPB.OzoneManagerProtocolServerSideTranslatorPB.processRequest(OzoneManagerProtocolServerSideTranslatorPB.java:205) ~[ozone-manager-1.3.0-SNAPSHOT.jar:?]
	at org.apache.hadoop.hdds.server.OzoneProtocolMessageDispatcher.processRequest(OzoneProtocolMessageDispatcher.java:87) [hdds-server-framework-1.3.0-SNAPSHOT.jar:?]
	at org.apache.hadoop.ozone.protocolPB.OzoneManagerProtocolServerSideTranslatorPB.submitRequest(OzoneManagerProtocolServerSideTranslatorPB.java:147) [ozone-manager-1.3.0-SNAPSHOT.jar:?]
	at org.apache.hadoop.ozone.protocol.proto.OzoneManagerProtocolProtos$OzoneManagerService$2.callBlockingMethod(OzoneManagerProtocolProtos.java) [ozone-interface-client-1.3.0-SNAPSHOT.jar:?]
	at org.apache.hadoop.ipc.ProtobufRpcEngine$Server.processCall(ProtobufRpcEngine.java:466) [hadoop-common-3.3.1.jar:?]
	at org.apache.hadoop.ipc.ProtobufRpcEngine2$Server$ProtoBufRpcInvoker.call(ProtobufRpcEngine2.java:574) [hadoop-common-3.3.1.jar:?]
	at org.apache.hadoop.ipc.ProtobufRpcEngine2$Server$ProtoBufRpcInvoker.call(ProtobufRpcEngine2.java:552) [hadoop-common-3.3.1.jar:?]
	at org.apache.hadoop.ipc.RPC$Server.call(RPC.java:1093) [hadoop-common-3.3.1.jar:?]
	at org.apache.hadoop.ipc.Server$RpcCall.run(Server.java:1035) [hadoop-common-3.3.1.jar:?]
	at org.apache.hadoop.ipc.Server$RpcCall.run(Server.java:963) [hadoop-common-3.3.1.jar:?]
	at java.security.AccessController.doPrivileged(Native Method) ~[?:1.8.0_345]
	at javax.security.auth.Subject.doAs(Subject.java:422) [?:1.8.0_345]
	at org.apache.hadoop.security.UserGroupInformation.doAs(UserGroupInformation.java:1878) [hadoop-common-3.3.1.jar:?]
	at org.apache.hadoop.ipc.Server$Handler.run(Server.java:2966) [hadoop-common-3.3.1.jar:?]
2022-09-28 09:55:46,876 [Time-limited test] WARN  ozone.BasicOzoneFileSystem (BasicOzoneFileSystem.java:getFileStatus(765)) - GetFileStatus failed for path /level0/level2/level2
java.io.FileNotFoundException: level0/level2/level2: No such file or directory!
	at org.apache.hadoop.fs.ozone.BasicOzoneClientAdapterImpl.getFileStatus(BasicOzoneClientAdapterImpl.java:369)
	at org.apache.hadoop.fs.ozone.BasicOzoneFileSystem.getFileStatus(BasicOzoneFileSystem.java:757)
	at org.apache.hadoop.fs.ozone.TestOzoneFileSystem.checkPath(TestOzoneFileSystem.java:504)
	at org.apache.hadoop.fs.ozone.TestOzoneFileSystem.testRecursiveDelete(TestOzoneFileSystem.java:496)
	at sun.reflect.NativeMethodAccessorImpl.invoke0(Native Method)
	at sun.reflect.NativeMethodAccessorImpl.invoke(NativeMethodAccessorImpl.java:62)
	at sun.reflect.DelegatingMethodAccessorImpl.invoke(DelegatingMethodAccessorImpl.java:43)
	at java.lang.reflect.Method.invoke(Method.java:498)
	at org.junit.runners.model.FrameworkMethod$1.runReflectiveCall(FrameworkMethod.java:59)
	at org.junit.internal.runners.model.ReflectiveCallable.run(ReflectiveCallable.java:12)
	at org.junit.runners.model.FrameworkMethod.invokeExplosively(FrameworkMethod.java:56)
	at org.junit.internal.runners.statements.InvokeMethod.evaluate(InvokeMethod.java:17)
	at org.junit.internal.runners.statements.RunAfters.evaluate(RunAfters.java:27)
	at org.junit.internal.runners.statements.FailOnTimeout$CallableStatement.call(FailOnTimeout.java:288)
	at org.junit.internal.runners.statements.FailOnTimeout$CallableStatement.call(FailOnTimeout.java:282)
	at java.util.concurrent.FutureTask.run(FutureTask.java:266)
	at java.lang.Thread.run(Thread.java:750)
09:55:46.876 [IPC Server handler 18 on default port 43879] ERROR OMAudit - user=runner | ip=127.0.0.1 | op=GET_FILE_STATUS {volume=volume99279, bucket=bucket29095, key=level0/level2/file1, dataSize=0, replicationConfig=null} | ret=FAILURE
org.apache.hadoop.ozone.om.exceptions.OMException: Unable to get file status: volume: volume99279 bucket: bucket29095 key: level0/level2/file1
	at org.apache.hadoop.ozone.om.KeyManagerImpl.getOzoneFileStatus(KeyManagerImpl.java:1324) ~[ozone-manager-1.3.0-SNAPSHOT.jar:?]
	at org.apache.hadoop.ozone.om.KeyManagerImpl.getFileStatus(KeyManagerImpl.java:1254) ~[ozone-manager-1.3.0-SNAPSHOT.jar:?]
	at org.apache.hadoop.ozone.om.OzoneManager.getFileStatus(OzoneManager.java:3506) ~[ozone-manager-1.3.0-SNAPSHOT.jar:?]
	at org.apache.hadoop.ozone.protocolPB.OzoneManagerRequestHandler.getOzoneFileStatus(OzoneManagerRequestHandler.java:882) ~[ozone-manager-1.3.0-SNAPSHOT.jar:?]
	at org.apache.hadoop.ozone.protocolPB.OzoneManagerRequestHandler.handleReadRequest(OzoneManagerRequestHandler.java:228) ~[ozone-manager-1.3.0-SNAPSHOT.jar:?]
	at org.apache.hadoop.ozone.protocolPB.OzoneManagerProtocolServerSideTranslatorPB.submitRequestDirectlyToOM(OzoneManagerProtocolServerSideTranslatorPB.java:276) ~[ozone-manager-1.3.0-SNAPSHOT.jar:?]
	at org.apache.hadoop.ozone.protocolPB.OzoneManagerProtocolServerSideTranslatorPB.processRequest(OzoneManagerProtocolServerSideTranslatorPB.java:205) ~[ozone-manager-1.3.0-SNAPSHOT.jar:?]
	at org.apache.hadoop.hdds.server.OzoneProtocolMessageDispatcher.processRequest(OzoneProtocolMessageDispatcher.java:87) [hdds-server-framework-1.3.0-SNAPSHOT.jar:?]
	at org.apache.hadoop.ozone.protocolPB.OzoneManagerProtocolServerSideTranslatorPB.submitRequest(OzoneManagerProtocolServerSideTranslatorPB.java:147) [ozone-manager-1.3.0-SNAPSHOT.jar:?]
	at org.apache.hadoop.ozone.protocol.proto.OzoneManagerProtocolProtos$OzoneManagerService$2.callBlockingMethod(OzoneManagerProtocolProtos.java) [ozone-interface-client-1.3.0-SNAPSHOT.jar:?]
	at org.apache.hadoop.ipc.ProtobufRpcEngine$Server.processCall(ProtobufRpcEngine.java:466) [hadoop-common-3.3.1.jar:?]
	at org.apache.hadoop.ipc.ProtobufRpcEngine2$Server$ProtoBufRpcInvoker.call(ProtobufRpcEngine2.java:574) [hadoop-common-3.3.1.jar:?]
	at org.apache.hadoop.ipc.ProtobufRpcEngine2$Server$ProtoBufRpcInvoker.call(ProtobufRpcEngine2.java:552) [hadoop-common-3.3.1.jar:?]
	at org.apache.hadoop.ipc.RPC$Server.call(RPC.java:1093) [hadoop-common-3.3.1.jar:?]
	at org.apache.hadoop.ipc.Server$RpcCall.run(Server.java:1035) [hadoop-common-3.3.1.jar:?]
	at org.apache.hadoop.ipc.Server$RpcCall.run(Server.java:963) [hadoop-common-3.3.1.jar:?]
	at java.security.AccessController.doPrivileged(Native Method) ~[?:1.8.0_345]
	at javax.security.auth.Subject.doAs(Subject.java:422) [?:1.8.0_345]
	at org.apache.hadoop.security.UserGroupInformation.doAs(UserGroupInformation.java:1878) [hadoop-common-3.3.1.jar:?]
	at org.apache.hadoop.ipc.Server$Handler.run(Server.java:2966) [hadoop-common-3.3.1.jar:?]
2022-09-28 09:55:46,876 [Time-limited test] WARN  ozone.BasicOzoneFileSystem (BasicOzoneFileSystem.java:getFileStatus(765)) - GetFileStatus failed for path /level0/level2/file1
java.io.FileNotFoundException: level0/level2/file1: No such file or directory!
	at org.apache.hadoop.fs.ozone.BasicOzoneClientAdapterImpl.getFileStatus(BasicOzoneClientAdapterImpl.java:369)
	at org.apache.hadoop.fs.ozone.BasicOzoneFileSystem.getFileStatus(BasicOzoneFileSystem.java:757)
	at org.apache.hadoop.fs.ozone.TestOzoneFileSystem.checkPath(TestOzoneFileSystem.java:504)
	at org.apache.hadoop.fs.ozone.TestOzoneFileSystem.testRecursiveDelete(TestOzoneFileSystem.java:497)
	at sun.reflect.NativeMethodAccessorImpl.invoke0(Native Method)
	at sun.reflect.NativeMethodAccessorImpl.invoke(NativeMethodAccessorImpl.java:62)
	at sun.reflect.DelegatingMethodAccessorImpl.invoke(DelegatingMethodAccessorImpl.java:43)
	at java.lang.reflect.Method.invoke(Method.java:498)
	at org.junit.runners.model.FrameworkMethod$1.runReflectiveCall(FrameworkMethod.java:59)
	at org.junit.internal.runners.model.ReflectiveCallable.run(ReflectiveCallable.java:12)
	at org.junit.runners.model.FrameworkMethod.invokeExplosively(FrameworkMethod.java:56)
	at org.junit.internal.runners.statements.InvokeMethod.evaluate(InvokeMethod.java:17)
	at org.junit.internal.runners.statements.RunAfters.evaluate(RunAfters.java:27)
	at org.junit.internal.runners.statements.FailOnTimeout$CallableStatement.call(FailOnTimeout.java:288)
	at org.junit.internal.runners.statements.FailOnTimeout$CallableStatement.call(FailOnTimeout.java:282)
	at java.util.concurrent.FutureTask.run(FutureTask.java:266)
	at java.lang.Thread.run(Thread.java:750)
09:55:46.877 [IPC Server handler 16 on default port 43879] ERROR OMAudit - user=runner | ip=127.0.0.1 | op=GET_FILE_STATUS {volume=volume99279, bucket=bucket29095, key=level0/level2/level2/file1, dataSize=0, replicationConfig=null} | ret=FAILURE
org.apache.hadoop.ozone.om.exceptions.OMException: Unable to get file status: volume: volume99279 bucket: bucket29095 key: level0/level2/level2/file1
	at org.apache.hadoop.ozone.om.KeyManagerImpl.getOzoneFileStatus(KeyManagerImpl.java:1324) ~[ozone-manager-1.3.0-SNAPSHOT.jar:?]
	at org.apache.hadoop.ozone.om.KeyManagerImpl.getFileStatus(KeyManagerImpl.java:1254) ~[ozone-manager-1.3.0-SNAPSHOT.jar:?]
	at org.apache.hadoop.ozone.om.OzoneManager.getFileStatus(OzoneManager.java:3506) ~[ozone-manager-1.3.0-SNAPSHOT.jar:?]
	at org.apache.hadoop.ozone.protocolPB.OzoneManagerRequestHandler.getOzoneFileStatus(OzoneManagerRequestHandler.java:882) ~[ozone-manager-1.3.0-SNAPSHOT.jar:?]
	at org.apache.hadoop.ozone.protocolPB.OzoneManagerRequestHandler.handleReadRequest(OzoneManagerRequestHandler.java:228) ~[ozone-manager-1.3.0-SNAPSHOT.jar:?]
	at org.apache.hadoop.ozone.protocolPB.OzoneManagerProtocolServerSideTranslatorPB.submitRequestDirectlyToOM(OzoneManagerProtocolServerSideTranslatorPB.java:276) ~[ozone-manager-1.3.0-SNAPSHOT.jar:?]
	at org.apache.hadoop.ozone.protocolPB.OzoneManagerProtocolServerSideTranslatorPB.processRequest(OzoneManagerProtocolServerSideTranslatorPB.java:205) ~[ozone-manager-1.3.0-SNAPSHOT.jar:?]
	at org.apache.hadoop.hdds.server.OzoneProtocolMessageDispatcher.processRequest(OzoneProtocolMessageDispatcher.java:87) [hdds-server-framework-1.3.0-SNAPSHOT.jar:?]
	at org.apache.hadoop.ozone.protocolPB.OzoneManagerProtocolServerSideTranslatorPB.submitRequest(OzoneManagerProtocolServerSideTranslatorPB.java:147) [ozone-manager-1.3.0-SNAPSHOT.jar:?]
	at org.apache.hadoop.ozone.protocol.proto.OzoneManagerProtocolProtos$OzoneManagerService$2.callBlockingMethod(OzoneManagerProtocolProtos.java) [ozone-interface-client-1.3.0-SNAPSHOT.jar:?]
	at org.apache.hadoop.ipc.ProtobufRpcEngine$Server.processCall(ProtobufRpcEngine.java:466) [hadoop-common-3.3.1.jar:?]
	at org.apache.hadoop.ipc.ProtobufRpcEngine2$Server$ProtoBufRpcInvoker.call(ProtobufRpcEngine2.java:574) [hadoop-common-3.3.1.jar:?]
	at org.apache.hadoop.ipc.ProtobufRpcEngine2$Server$ProtoBufRpcInvoker.call(ProtobufRpcEngine2.java:552) [hadoop-common-3.3.1.jar:?]
	at org.apache.hadoop.ipc.RPC$Server.call(RPC.java:1093) [hadoop-common-3.3.1.jar:?]
	at org.apache.hadoop.ipc.Server$RpcCall.run(Server.java:1035) [hadoop-common-3.3.1.jar:?]
	at org.apache.hadoop.ipc.Server$RpcCall.run(Server.java:963) [hadoop-common-3.3.1.jar:?]
	at java.security.AccessController.doPrivileged(Native Method) ~[?:1.8.0_345]
	at javax.security.auth.Subject.doAs(Subject.java:422) [?:1.8.0_345]
	at org.apache.hadoop.security.UserGroupInformation.doAs(UserGroupInformation.java:1878) [hadoop-common-3.3.1.jar:?]
	at org.apache.hadoop.ipc.Server$Handler.run(Server.java:2966) [hadoop-common-3.3.1.jar:?]
2022-09-28 09:55:46,877 [Time-limited test] WARN  ozone.BasicOzoneFileSystem (BasicOzoneFileSystem.java:getFileStatus(765)) - GetFileStatus failed for path /level0/level2/level2/file1
java.io.FileNotFoundException: level0/level2/level2/file1: No such file or directory!
	at org.apache.hadoop.fs.ozone.BasicOzoneClientAdapterImpl.getFileStatus(BasicOzoneClientAdapterImpl.java:369)
	at org.apache.hadoop.fs.ozone.BasicOzoneFileSystem.getFileStatus(BasicOzoneFileSystem.java:757)
	at org.apache.hadoop.fs.ozone.TestOzoneFileSystem.checkPath(TestOzoneFileSystem.java:504)
	at org.apache.hadoop.fs.ozone.TestOzoneFileSystem.testRecursiveDelete(TestOzoneFileSystem.java:498)
	at sun.reflect.NativeMethodAccessorImpl.invoke0(Native Method)
	at sun.reflect.NativeMethodAccessorImpl.invoke(NativeMethodAccessorImpl.java:62)
	at sun.reflect.DelegatingMethodAccessorImpl.invoke(DelegatingMethodAccessorImpl.java:43)
	at java.lang.reflect.Method.invoke(Method.java:498)
	at org.junit.runners.model.FrameworkMethod$1.runReflectiveCall(FrameworkMethod.java:59)
	at org.junit.internal.runners.model.ReflectiveCallable.run(ReflectiveCallable.java:12)
	at org.junit.runners.model.FrameworkMethod.invokeExplosively(FrameworkMethod.java:56)
	at org.junit.internal.runners.statements.InvokeMethod.evaluate(InvokeMethod.java:17)
	at org.junit.internal.runners.statements.RunAfters.evaluate(RunAfters.java:27)
	at org.junit.internal.runners.statements.FailOnTimeout$CallableStatement.call(FailOnTimeout.java:288)
	at org.junit.internal.runners.statements.FailOnTimeout$CallableStatement.call(FailOnTimeout.java:282)
	at java.util.concurrent.FutureTask.run(FutureTask.java:266)
	at java.lang.Thread.run(Thread.java:750)
09:55:46.878 [IPC Server handler 8 on default port 43879] ERROR OMAudit - user=runner | ip=127.0.0.1 | op=GET_FILE_STATUS {volume=volume99279, bucket=bucket29095, key=level0/level3, dataSize=0, replicationConfig=null} | ret=FAILURE
org.apache.hadoop.ozone.om.exceptions.OMException: Unable to get file status: volume: volume99279 bucket: bucket29095 key: level0/level3
	at org.apache.hadoop.ozone.om.KeyManagerImpl.getOzoneFileStatus(KeyManagerImpl.java:1324) ~[ozone-manager-1.3.0-SNAPSHOT.jar:?]
	at org.apache.hadoop.ozone.om.KeyManagerImpl.getFileStatus(KeyManagerImpl.java:1254) ~[ozone-manager-1.3.0-SNAPSHOT.jar:?]
	at org.apache.hadoop.ozone.om.OzoneManager.getFileStatus(OzoneManager.java:3506) ~[ozone-manager-1.3.0-SNAPSHOT.jar:?]
	at org.apache.hadoop.ozone.protocolPB.OzoneManagerRequestHandler.getOzoneFileStatus(OzoneManagerRequestHandler.java:882) ~[ozone-manager-1.3.0-SNAPSHOT.jar:?]
	at org.apache.hadoop.ozone.protocolPB.OzoneManagerRequestHandler.handleReadRequest(OzoneManagerRequestHandler.java:228) ~[ozone-manager-1.3.0-SNAPSHOT.jar:?]
	at org.apache.hadoop.ozone.protocolPB.OzoneManagerProtocolServerSideTranslatorPB.submitRequestDirectlyToOM(OzoneManagerProtocolServerSideTranslatorPB.java:276) ~[ozone-manager-1.3.0-SNAPSHOT.jar:?]
	at org.apache.hadoop.ozone.protocolPB.OzoneManagerProtocolServerSideTranslatorPB.processRequest(OzoneManagerProtocolServerSideTranslatorPB.java:205) ~[ozone-manager-1.3.0-SNAPSHOT.jar:?]
	at org.apache.hadoop.hdds.server.OzoneProtocolMessageDispatcher.processRequest(OzoneProtocolMessageDispatcher.java:87) [hdds-server-framework-1.3.0-SNAPSHOT.jar:?]
	at org.apache.hadoop.ozone.protocolPB.OzoneManagerProtocolServerSideTranslatorPB.submitRequest(OzoneManagerProtocolServerSideTranslatorPB.java:147) [ozone-manager-1.3.0-SNAPSHOT.jar:?]
	at org.apache.hadoop.ozone.protocol.proto.OzoneManagerProtocolProtos$OzoneManagerService$2.callBlockingMethod(OzoneManagerProtocolProtos.java) [ozone-interface-client-1.3.0-SNAPSHOT.jar:?]
	at org.apache.hadoop.ipc.ProtobufRpcEngine$Server.processCall(ProtobufRpcEngine.java:466) [hadoop-common-3.3.1.jar:?]
	at org.apache.hadoop.ipc.ProtobufRpcEngine2$Server$ProtoBufRpcInvoker.call(ProtobufRpcEngine2.java:574) [hadoop-common-3.3.1.jar:?]
	at org.apache.hadoop.ipc.ProtobufRpcEngine2$Server$ProtoBufRpcInvoker.call(ProtobufRpcEngine2.java:552) [hadoop-common-3.3.1.jar:?]
	at org.apache.hadoop.ipc.RPC$Server.call(RPC.java:1093) [hadoop-common-3.3.1.jar:?]
	at org.apache.hadoop.ipc.Server$RpcCall.run(Server.java:1035) [hadoop-common-3.3.1.jar:?]
	at org.apache.hadoop.ipc.Server$RpcCall.run(Server.java:963) [hadoop-common-3.3.1.jar:?]
	at java.security.AccessController.doPrivileged(Native Method) ~[?:1.8.0_345]
	at javax.security.auth.Subject.doAs(Subject.java:422) [?:1.8.0_345]
	at org.apache.hadoop.security.UserGroupInformation.doAs(UserGroupInformation.java:1878) [hadoop-common-3.3.1.jar:?]
	at org.apache.hadoop.ipc.Server$Handler.run(Server.java:2966) [hadoop-common-3.3.1.jar:?]
2022-09-28 09:55:46,879 [Time-limited test] WARN  ozone.BasicOzoneFileSystem (BasicOzoneFileSystem.java:getFileStatus(765)) - GetFileStatus failed for path /level0/level3
java.io.FileNotFoundException: level0/level3: No such file or directory!
	at org.apache.hadoop.fs.ozone.BasicOzoneClientAdapterImpl.getFileStatus(BasicOzoneClientAdapterImpl.java:369)
	at org.apache.hadoop.fs.ozone.BasicOzoneFileSystem.getFileStatus(BasicOzoneFileSystem.java:757)
	at org.apache.hadoop.fs.ozone.TestOzoneFileSystem.checkPath(TestOzoneFileSystem.java:504)
	at org.apache.hadoop.fs.ozone.TestOzoneFileSystem.testRecursiveDelete(TestOzoneFileSystem.java:495)
	at sun.reflect.NativeMethodAccessorImpl.invoke0(Native Method)
	at sun.reflect.NativeMethodAccessorImpl.invoke(NativeMethodAccessorImpl.java:62)
	at sun.reflect.DelegatingMethodAccessorImpl.invoke(DelegatingMethodAccessorImpl.java:43)
	at java.lang.reflect.Method.invoke(Method.java:498)
	at org.junit.runners.model.FrameworkMethod$1.runReflectiveCall(FrameworkMethod.java:59)
	at org.junit.internal.runners.model.ReflectiveCallable.run(ReflectiveCallable.java:12)
	at org.junit.runners.model.FrameworkMethod.invokeExplosively(FrameworkMethod.java:56)
	at org.junit.internal.runners.statements.InvokeMethod.evaluate(InvokeMethod.java:17)
	at org.junit.internal.runners.statements.RunAfters.evaluate(RunAfters.java:27)
	at org.junit.internal.runners.statements.FailOnTimeout$CallableStatement.call(FailOnTimeout.java:288)
	at org.junit.internal.runners.statements.FailOnTimeout$CallableStatement.call(FailOnTimeout.java:282)
	at java.util.concurrent.FutureTask.run(FutureTask.java:266)
	at java.lang.Thread.run(Thread.java:750)
09:55:46.880 [IPC Server handler 17 on default port 43879] ERROR OMAudit - user=runner | ip=127.0.0.1 | op=GET_FILE_STATUS {volume=volume99279, bucket=bucket29095, key=level0/level3/level3, dataSize=0, replicationConfig=null} | ret=FAILURE
org.apache.hadoop.ozone.om.exceptions.OMException: Unable to get file status: volume: volume99279 bucket: bucket29095 key: level0/level3/level3
	at org.apache.hadoop.ozone.om.KeyManagerImpl.getOzoneFileStatus(KeyManagerImpl.java:1324) ~[ozone-manager-1.3.0-SNAPSHOT.jar:?]
	at org.apache.hadoop.ozone.om.KeyManagerImpl.getFileStatus(KeyManagerImpl.java:1254) ~[ozone-manager-1.3.0-SNAPSHOT.jar:?]
	at org.apache.hadoop.ozone.om.OzoneManager.getFileStatus(OzoneManager.java:3506) ~[ozone-manager-1.3.0-SNAPSHOT.jar:?]
	at org.apache.hadoop.ozone.protocolPB.OzoneManagerRequestHandler.getOzoneFileStatus(OzoneManagerRequestHandler.java:882) ~[ozone-manager-1.3.0-SNAPSHOT.jar:?]
	at org.apache.hadoop.ozone.protocolPB.OzoneManagerRequestHandler.handleReadRequest(OzoneManagerRequestHandler.java:228) ~[ozone-manager-1.3.0-SNAPSHOT.jar:?]
	at org.apache.hadoop.ozone.protocolPB.OzoneManagerProtocolServerSideTranslatorPB.submitRequestDirectlyToOM(OzoneManagerProtocolServerSideTranslatorPB.java:276) ~[ozone-manager-1.3.0-SNAPSHOT.jar:?]
	at org.apache.hadoop.ozone.protocolPB.OzoneManagerProtocolServerSideTranslatorPB.processRequest(OzoneManagerProtocolServerSideTranslatorPB.java:205) ~[ozone-manager-1.3.0-SNAPSHOT.jar:?]
	at org.apache.hadoop.hdds.server.OzoneProtocolMessageDispatcher.processRequest(OzoneProtocolMessageDispatcher.java:87) [hdds-server-framework-1.3.0-SNAPSHOT.jar:?]
	at org.apache.hadoop.ozone.protocolPB.OzoneManagerProtocolServerSideTranslatorPB.submitRequest(OzoneManagerProtocolServerSideTranslatorPB.java:147) [ozone-manager-1.3.0-SNAPSHOT.jar:?]
	at org.apache.hadoop.ozone.protocol.proto.OzoneManagerProtocolProtos$OzoneManagerService$2.callBlockingMethod(OzoneManagerProtocolProtos.java) [ozone-interface-client-1.3.0-SNAPSHOT.jar:?]
	at org.apache.hadoop.ipc.ProtobufRpcEngine$Server.processCall(ProtobufRpcEngine.java:466) [hadoop-common-3.3.1.jar:?]
	at org.apache.hadoop.ipc.ProtobufRpcEngine2$Server$ProtoBufRpcInvoker.call(ProtobufRpcEngine2.java:574) [hadoop-common-3.3.1.jar:?]
	at org.apache.hadoop.ipc.ProtobufRpcEngine2$Server$ProtoBufRpcInvoker.call(ProtobufRpcEngine2.java:552) [hadoop-common-3.3.1.jar:?]
	at org.apache.hadoop.ipc.RPC$Server.call(RPC.java:1093) [hadoop-common-3.3.1.jar:?]
	at org.apache.hadoop.ipc.Server$RpcCall.run(Server.java:1035) [hadoop-common-3.3.1.jar:?]
	at org.apache.hadoop.ipc.Server$RpcCall.run(Server.java:963) [hadoop-common-3.3.1.jar:?]
	at java.security.AccessController.doPrivileged(Native Method) ~[?:1.8.0_345]
	at javax.security.auth.Subject.doAs(Subject.java:422) [?:1.8.0_345]
	at org.apache.hadoop.security.UserGroupInformation.doAs(UserGroupInformation.java:1878) [hadoop-common-3.3.1.jar:?]
	at org.apache.hadoop.ipc.Server$Handler.run(Server.java:2966) [hadoop-common-3.3.1.jar:?]
2022-09-28 09:55:46,880 [Time-limited test] WARN  ozone.BasicOzoneFileSystem (BasicOzoneFileSystem.java:getFileStatus(765)) - GetFileStatus failed for path /level0/level3/level3
java.io.FileNotFoundException: level0/level3/level3: No such file or directory!
	at org.apache.hadoop.fs.ozone.BasicOzoneClientAdapterImpl.getFileStatus(BasicOzoneClientAdapterImpl.java:369)
	at org.apache.hadoop.fs.ozone.BasicOzoneFileSystem.getFileStatus(BasicOzoneFileSystem.java:757)
	at org.apache.hadoop.fs.ozone.TestOzoneFileSystem.checkPath(TestOzoneFileSystem.java:504)
	at org.apache.hadoop.fs.ozone.TestOzoneFileSystem.testRecursiveDelete(TestOzoneFileSystem.java:496)
	at sun.reflect.NativeMethodAccessorImpl.invoke0(Native Method)
	at sun.reflect.NativeMethodAccessorImpl.invoke(NativeMethodAccessorImpl.java:62)
	at sun.reflect.DelegatingMethodAccessorImpl.invoke(DelegatingMethodAccessorImpl.java:43)
	at java.lang.reflect.Method.invoke(Method.java:498)
	at org.junit.runners.model.FrameworkMethod$1.runReflectiveCall(FrameworkMethod.java:59)
	at org.junit.internal.runners.model.ReflectiveCallable.run(ReflectiveCallable.java:12)
	at org.junit.runners.model.FrameworkMethod.invokeExplosively(FrameworkMethod.java:56)
	at org.junit.internal.runners.statements.InvokeMethod.evaluate(InvokeMethod.java:17)
	at org.junit.internal.runners.statements.RunAfters.evaluate(RunAfters.java:27)
	at org.junit.internal.runners.statements.FailOnTimeout$CallableStatement.call(FailOnTimeout.java:288)
	at org.junit.internal.runners.statements.FailOnTimeout$CallableStatement.call(FailOnTimeout.java:282)
	at java.util.concurrent.FutureTask.run(FutureTask.java:266)
	at java.lang.Thread.run(Thread.java:750)
09:55:46.880 [IPC Server handler 19 on default port 43879] ERROR OMAudit - user=runner | ip=127.0.0.1 | op=GET_FILE_STATUS {volume=volume99279, bucket=bucket29095, key=level0/level3/file1, dataSize=0, replicationConfig=null} | ret=FAILURE
org.apache.hadoop.ozone.om.exceptions.OMException: Unable to get file status: volume: volume99279 bucket: bucket29095 key: level0/level3/file1
	at org.apache.hadoop.ozone.om.KeyManagerImpl.getOzoneFileStatus(KeyManagerImpl.java:1324) ~[ozone-manager-1.3.0-SNAPSHOT.jar:?]
	at org.apache.hadoop.ozone.om.KeyManagerImpl.getFileStatus(KeyManagerImpl.java:1254) ~[ozone-manager-1.3.0-SNAPSHOT.jar:?]
	at org.apache.hadoop.ozone.om.OzoneManager.getFileStatus(OzoneManager.java:3506) ~[ozone-manager-1.3.0-SNAPSHOT.jar:?]
	at org.apache.hadoop.ozone.protocolPB.OzoneManagerRequestHandler.getOzoneFileStatus(OzoneManagerRequestHandler.java:882) ~[ozone-manager-1.3.0-SNAPSHOT.jar:?]
	at org.apache.hadoop.ozone.protocolPB.OzoneManagerRequestHandler.handleReadRequest(OzoneManagerRequestHandler.java:228) ~[ozone-manager-1.3.0-SNAPSHOT.jar:?]
	at org.apache.hadoop.ozone.protocolPB.OzoneManagerProtocolServerSideTranslatorPB.submitRequestDirectlyToOM(OzoneManagerProtocolServerSideTranslatorPB.java:276) ~[ozone-manager-1.3.0-SNAPSHOT.jar:?]
	at org.apache.hadoop.ozone.protocolPB.OzoneManagerProtocolServerSideTranslatorPB.processRequest(OzoneManagerProtocolServerSideTranslatorPB.java:205) ~[ozone-manager-1.3.0-SNAPSHOT.jar:?]
	at org.apache.hadoop.hdds.server.OzoneProtocolMessageDispatcher.processRequest(OzoneProtocolMessageDispatcher.java:87) [hdds-server-framework-1.3.0-SNAPSHOT.jar:?]
	at org.apache.hadoop.ozone.protocolPB.OzoneManagerProtocolServerSideTranslatorPB.submitRequest(OzoneManagerProtocolServerSideTranslatorPB.java:147) [ozone-manager-1.3.0-SNAPSHOT.jar:?]
	at org.apache.hadoop.ozone.protocol.proto.OzoneManagerProtocolProtos$OzoneManagerService$2.callBlockingMethod(OzoneManagerProtocolProtos.java) [ozone-interface-client-1.3.0-SNAPSHOT.jar:?]
	at org.apache.hadoop.ipc.ProtobufRpcEngine$Server.processCall(ProtobufRpcEngine.java:466) [hadoop-common-3.3.1.jar:?]
	at org.apache.hadoop.ipc.ProtobufRpcEngine2$Server$ProtoBufRpcInvoker.call(ProtobufRpcEngine2.java:574) [hadoop-common-3.3.1.jar:?]
	at org.apache.hadoop.ipc.ProtobufRpcEngine2$Server$ProtoBufRpcInvoker.call(ProtobufRpcEngine2.java:552) [hadoop-common-3.3.1.jar:?]
	at org.apache.hadoop.ipc.RPC$Server.call(RPC.java:1093) [hadoop-common-3.3.1.jar:?]
	at org.apache.hadoop.ipc.Server$RpcCall.run(Server.java:1035) [hadoop-common-3.3.1.jar:?]
	at org.apache.hadoop.ipc.Server$RpcCall.run(Server.java:963) [hadoop-common-3.3.1.jar:?]
	at java.security.AccessController.doPrivileged(Native Method) ~[?:1.8.0_345]
	at javax.security.auth.Subject.doAs(Subject.java:422) [?:1.8.0_345]
	at org.apache.hadoop.security.UserGroupInformation.doAs(UserGroupInformation.java:1878) [hadoop-common-3.3.1.jar:?]
	at org.apache.hadoop.ipc.Server$Handler.run(Server.java:2966) [hadoop-common-3.3.1.jar:?]
2022-09-28 09:55:46,881 [Time-limited test] WARN  ozone.BasicOzoneFileSystem (BasicOzoneFileSystem.java:getFileStatus(765)) - GetFileStatus failed for path /level0/level3/file1
java.io.FileNotFoundException: level0/level3/file1: No such file or directory!
	at org.apache.hadoop.fs.ozone.BasicOzoneClientAdapterImpl.getFileStatus(BasicOzoneClientAdapterImpl.java:369)
	at org.apache.hadoop.fs.ozone.BasicOzoneFileSystem.getFileStatus(BasicOzoneFileSystem.java:757)
	at org.apache.hadoop.fs.ozone.TestOzoneFileSystem.checkPath(TestOzoneFileSystem.java:504)
	at org.apache.hadoop.fs.ozone.TestOzoneFileSystem.testRecursiveDelete(TestOzoneFileSystem.java:497)
	at sun.reflect.NativeMethodAccessorImpl.invoke0(Native Method)
	at sun.reflect.NativeMethodAccessorImpl.invoke(NativeMethodAccessorImpl.java:62)
	at sun.reflect.DelegatingMethodAccessorImpl.invoke(DelegatingMethodAccessorImpl.java:43)
	at java.lang.reflect.Method.invoke(Method.java:498)
	at org.junit.runners.model.FrameworkMethod$1.runReflectiveCall(FrameworkMethod.java:59)
	at org.junit.internal.runners.model.ReflectiveCallable.run(ReflectiveCallable.java:12)
	at org.junit.runners.model.FrameworkMethod.invokeExplosively(FrameworkMethod.java:56)
	at org.junit.internal.runners.statements.InvokeMethod.evaluate(InvokeMethod.java:17)
	at org.junit.internal.runners.statements.RunAfters.evaluate(RunAfters.java:27)
	at org.junit.internal.runners.statements.FailOnTimeout$CallableStatement.call(FailOnTimeout.java:288)
	at org.junit.internal.runners.statements.FailOnTimeout$CallableStatement.call(FailOnTimeout.java:282)
	at java.util.concurrent.FutureTask.run(FutureTask.java:266)
	at java.lang.Thread.run(Thread.java:750)
09:55:46.881 [IPC Server handler 0 on default port 43879] ERROR OMAudit - user=runner | ip=127.0.0.1 | op=GET_FILE_STATUS {volume=volume99279, bucket=bucket29095, key=level0/level3/level3/file1, dataSize=0, replicationConfig=null} | ret=FAILURE
org.apache.hadoop.ozone.om.exceptions.OMException: Unable to get file status: volume: volume99279 bucket: bucket29095 key: level0/level3/level3/file1
	at org.apache.hadoop.ozone.om.KeyManagerImpl.getOzoneFileStatus(KeyManagerImpl.java:1324) ~[ozone-manager-1.3.0-SNAPSHOT.jar:?]
	at org.apache.hadoop.ozone.om.KeyManagerImpl.getFileStatus(KeyManagerImpl.java:1254) ~[ozone-manager-1.3.0-SNAPSHOT.jar:?]
	at org.apache.hadoop.ozone.om.OzoneManager.getFileStatus(OzoneManager.java:3506) ~[ozone-manager-1.3.0-SNAPSHOT.jar:?]
	at org.apache.hadoop.ozone.protocolPB.OzoneManagerRequestHandler.getOzoneFileStatus(OzoneManagerRequestHandler.java:882) ~[ozone-manager-1.3.0-SNAPSHOT.jar:?]
	at org.apache.hadoop.ozone.protocolPB.OzoneManagerRequestHandler.handleReadRequest(OzoneManagerRequestHandler.java:228) ~[ozone-manager-1.3.0-SNAPSHOT.jar:?]
	at org.apache.hadoop.ozone.protocolPB.OzoneManagerProtocolServerSideTranslatorPB.submitRequestDirectlyToOM(OzoneManagerProtocolServerSideTranslatorPB.java:276) ~[ozone-manager-1.3.0-SNAPSHOT.jar:?]
	at org.apache.hadoop.ozone.protocolPB.OzoneManagerProtocolServerSideTranslatorPB.processRequest(OzoneManagerProtocolServerSideTranslatorPB.java:205) ~[ozone-manager-1.3.0-SNAPSHOT.jar:?]
	at org.apache.hadoop.hdds.server.OzoneProtocolMessageDispatcher.processRequest(OzoneProtocolMessageDispatcher.java:87) [hdds-server-framework-1.3.0-SNAPSHOT.jar:?]
	at org.apache.hadoop.ozone.protocolPB.OzoneManagerProtocolServerSideTranslatorPB.submitRequest(OzoneManagerProtocolServerSideTranslatorPB.java:147) [ozone-manager-1.3.0-SNAPSHOT.jar:?]
	at org.apache.hadoop.ozone.protocol.proto.OzoneManagerProtocolProtos$OzoneManagerService$2.callBlockingMethod(OzoneManagerProtocolProtos.java) [ozone-interface-client-1.3.0-SNAPSHOT.jar:?]
	at org.apache.hadoop.ipc.ProtobufRpcEngine$Server.processCall(ProtobufRpcEngine.java:466) [hadoop-common-3.3.1.jar:?]
	at org.apache.hadoop.ipc.ProtobufRpcEngine2$Server$ProtoBufRpcInvoker.call(ProtobufRpcEngine2.java:574) [hadoop-common-3.3.1.jar:?]
	at org.apache.hadoop.ipc.ProtobufRpcEngine2$Server$ProtoBufRpcInvoker.call(ProtobufRpcEngine2.java:552) [hadoop-common-3.3.1.jar:?]
	at org.apache.hadoop.ipc.RPC$Server.call(RPC.java:1093) [hadoop-common-3.3.1.jar:?]
	at org.apache.hadoop.ipc.Server$RpcCall.run(Server.java:1035) [hadoop-common-3.3.1.jar:?]
	at org.apache.hadoop.ipc.Server$RpcCall.run(Server.java:963) [hadoop-common-3.3.1.jar:?]
	at java.security.AccessController.doPrivileged(Native Method) ~[?:1.8.0_345]
	at javax.security.auth.Subject.doAs(Subject.java:422) [?:1.8.0_345]
	at org.apache.hadoop.security.UserGroupInformation.doAs(UserGroupInformation.java:1878) [hadoop-common-3.3.1.jar:?]
	at org.apache.hadoop.ipc.Server$Handler.run(Server.java:2966) [hadoop-common-3.3.1.jar:?]
2022-09-28 09:55:46,882 [Time-limited test] WARN  ozone.BasicOzoneFileSystem (BasicOzoneFileSystem.java:getFileStatus(765)) - GetFileStatus failed for path /level0/level3/level3/file1
java.io.FileNotFoundException: level0/level3/level3/file1: No such file or directory!
	at org.apache.hadoop.fs.ozone.BasicOzoneClientAdapterImpl.getFileStatus(BasicOzoneClientAdapterImpl.java:369)
	at org.apache.hadoop.fs.ozone.BasicOzoneFileSystem.getFileStatus(BasicOzoneFileSystem.java:757)
	at org.apache.hadoop.fs.ozone.TestOzoneFileSystem.checkPath(TestOzoneFileSystem.java:504)
	at org.apache.hadoop.fs.ozone.TestOzoneFileSystem.testRecursiveDelete(TestOzoneFileSystem.java:498)
	at sun.reflect.NativeMethodAccessorImpl.invoke0(Native Method)
	at sun.reflect.NativeMethodAccessorImpl.invoke(NativeMethodAccessorImpl.java:62)
	at sun.reflect.DelegatingMethodAccessorImpl.invoke(DelegatingMethodAccessorImpl.java:43)
	at java.lang.reflect.Method.invoke(Method.java:498)
	at org.junit.runners.model.FrameworkMethod$1.runReflectiveCall(FrameworkMethod.java:59)
	at org.junit.internal.runners.model.ReflectiveCallable.run(ReflectiveCallable.java:12)
	at org.junit.runners.model.FrameworkMethod.invokeExplosively(FrameworkMethod.java:56)
	at org.junit.internal.runners.statements.InvokeMethod.evaluate(InvokeMethod.java:17)
	at org.junit.internal.runners.statements.RunAfters.evaluate(RunAfters.java:27)
	at org.junit.internal.runners.statements.FailOnTimeout$CallableStatement.call(FailOnTimeout.java:288)
	at org.junit.internal.runners.statements.FailOnTimeout$CallableStatement.call(FailOnTimeout.java:282)
	at java.util.concurrent.FutureTask.run(FutureTask.java:266)
	at java.lang.Thread.run(Thread.java:750)
]]></system-out>
  </testcase>
  <testcase name="testRecursiveDelete" classname="TestOzoneFileSystem" time="0.193">
    <system-out><![CDATA[09:57:08.183 [IPC Server handler 0 on default port 44537] ERROR OMAudit - user=runner | ip=127.0.0.1 | op=GET_FILE_STATUS {volume=volume16412, bucket=bucket93813, key=gdir1, dataSize=0, replicationConfig=null} | ret=FAILURE
org.apache.hadoop.ozone.om.exceptions.OMException: Unable to get file status: volume: volume16412 bucket: bucket93813 key: gdir1
	at org.apache.hadoop.ozone.om.KeyManagerImpl.getOzoneFileStatus(KeyManagerImpl.java:1324) ~[ozone-manager-1.3.0-SNAPSHOT.jar:?]
	at org.apache.hadoop.ozone.om.KeyManagerImpl.getFileStatus(KeyManagerImpl.java:1254) ~[ozone-manager-1.3.0-SNAPSHOT.jar:?]
	at org.apache.hadoop.ozone.om.OzoneManager.getFileStatus(OzoneManager.java:3506) ~[ozone-manager-1.3.0-SNAPSHOT.jar:?]
	at org.apache.hadoop.ozone.protocolPB.OzoneManagerRequestHandler.getOzoneFileStatus(OzoneManagerRequestHandler.java:882) ~[ozone-manager-1.3.0-SNAPSHOT.jar:?]
	at org.apache.hadoop.ozone.protocolPB.OzoneManagerRequestHandler.handleReadRequest(OzoneManagerRequestHandler.java:228) ~[ozone-manager-1.3.0-SNAPSHOT.jar:?]
	at org.apache.hadoop.ozone.protocolPB.OzoneManagerProtocolServerSideTranslatorPB.submitReadRequestToOM(OzoneManagerProtocolServerSideTranslatorPB.java:226) ~[ozone-manager-1.3.0-SNAPSHOT.jar:?]
	at org.apache.hadoop.ozone.protocolPB.OzoneManagerProtocolServerSideTranslatorPB.processRequest(OzoneManagerProtocolServerSideTranslatorPB.java:175) ~[ozone-manager-1.3.0-SNAPSHOT.jar:?]
	at org.apache.hadoop.hdds.server.OzoneProtocolMessageDispatcher.processRequest(OzoneProtocolMessageDispatcher.java:87) [hdds-server-framework-1.3.0-SNAPSHOT.jar:?]
	at org.apache.hadoop.ozone.protocolPB.OzoneManagerProtocolServerSideTranslatorPB.submitRequest(OzoneManagerProtocolServerSideTranslatorPB.java:147) [ozone-manager-1.3.0-SNAPSHOT.jar:?]
	at org.apache.hadoop.ozone.protocol.proto.OzoneManagerProtocolProtos$OzoneManagerService$2.callBlockingMethod(OzoneManagerProtocolProtos.java) [ozone-interface-client-1.3.0-SNAPSHOT.jar:?]
	at org.apache.hadoop.ipc.ProtobufRpcEngine$Server.processCall(ProtobufRpcEngine.java:466) [hadoop-common-3.3.1.jar:?]
	at org.apache.hadoop.ipc.ProtobufRpcEngine2$Server$ProtoBufRpcInvoker.call(ProtobufRpcEngine2.java:574) [hadoop-common-3.3.1.jar:?]
	at org.apache.hadoop.ipc.ProtobufRpcEngine2$Server$ProtoBufRpcInvoker.call(ProtobufRpcEngine2.java:552) [hadoop-common-3.3.1.jar:?]
	at org.apache.hadoop.ipc.RPC$Server.call(RPC.java:1093) [hadoop-common-3.3.1.jar:?]
	at org.apache.hadoop.ipc.Server$RpcCall.run(Server.java:1035) [hadoop-common-3.3.1.jar:?]
	at org.apache.hadoop.ipc.Server$RpcCall.run(Server.java:963) [hadoop-common-3.3.1.jar:?]
	at java.security.AccessController.doPrivileged(Native Method) ~[?:1.8.0_345]
	at javax.security.auth.Subject.doAs(Subject.java:422) [?:1.8.0_345]
	at org.apache.hadoop.security.UserGroupInformation.doAs(UserGroupInformation.java:1878) [hadoop-common-3.3.1.jar:?]
	at org.apache.hadoop.ipc.Server$Handler.run(Server.java:2966) [hadoop-common-3.3.1.jar:?]
2022-09-28 09:57:08,184 [Time-limited test] WARN  ozone.BasicOzoneFileSystem (BasicOzoneFileSystem.java:getFileStatus(765)) - GetFileStatus failed for path /gdir1
java.io.FileNotFoundException: gdir1: No such file or directory!
	at org.apache.hadoop.fs.ozone.BasicOzoneClientAdapterImpl.getFileStatus(BasicOzoneClientAdapterImpl.java:369)
	at org.apache.hadoop.fs.ozone.BasicOzoneFileSystem.getFileStatus(BasicOzoneFileSystem.java:757)
	at org.apache.hadoop.fs.ozone.TestOzoneFileSystem.checkPath(TestOzoneFileSystem.java:504)
	at org.apache.hadoop.fs.ozone.TestOzoneFileSystem.testRecursiveDelete(TestOzoneFileSystem.java:454)
	at sun.reflect.NativeMethodAccessorImpl.invoke0(Native Method)
	at sun.reflect.NativeMethodAccessorImpl.invoke(NativeMethodAccessorImpl.java:62)
	at sun.reflect.DelegatingMethodAccessorImpl.invoke(DelegatingMethodAccessorImpl.java:43)
	at java.lang.reflect.Method.invoke(Method.java:498)
	at org.junit.runners.model.FrameworkMethod$1.runReflectiveCall(FrameworkMethod.java:59)
	at org.junit.internal.runners.model.ReflectiveCallable.run(ReflectiveCallable.java:12)
	at org.junit.runners.model.FrameworkMethod.invokeExplosively(FrameworkMethod.java:56)
	at org.junit.internal.runners.statements.InvokeMethod.evaluate(InvokeMethod.java:17)
	at org.junit.internal.runners.statements.RunAfters.evaluate(RunAfters.java:27)
	at org.junit.internal.runners.statements.FailOnTimeout$CallableStatement.call(FailOnTimeout.java:288)
	at org.junit.internal.runners.statements.FailOnTimeout$CallableStatement.call(FailOnTimeout.java:282)
	at java.util.concurrent.FutureTask.run(FutureTask.java:266)
	at java.lang.Thread.run(Thread.java:750)
09:57:08.184 [IPC Server handler 11 on default port 44537] ERROR OMAudit - user=runner | ip=127.0.0.1 | op=GET_FILE_STATUS {volume=volume16412, bucket=bucket93813, key=gdir1/dir1, dataSize=0, replicationConfig=null} | ret=FAILURE
org.apache.hadoop.ozone.om.exceptions.OMException: Unable to get file status: volume: volume16412 bucket: bucket93813 key: gdir1/dir1
	at org.apache.hadoop.ozone.om.KeyManagerImpl.getOzoneFileStatus(KeyManagerImpl.java:1324) ~[ozone-manager-1.3.0-SNAPSHOT.jar:?]
	at org.apache.hadoop.ozone.om.KeyManagerImpl.getFileStatus(KeyManagerImpl.java:1254) ~[ozone-manager-1.3.0-SNAPSHOT.jar:?]
	at org.apache.hadoop.ozone.om.OzoneManager.getFileStatus(OzoneManager.java:3506) ~[ozone-manager-1.3.0-SNAPSHOT.jar:?]
	at org.apache.hadoop.ozone.protocolPB.OzoneManagerRequestHandler.getOzoneFileStatus(OzoneManagerRequestHandler.java:882) ~[ozone-manager-1.3.0-SNAPSHOT.jar:?]
	at org.apache.hadoop.ozone.protocolPB.OzoneManagerRequestHandler.handleReadRequest(OzoneManagerRequestHandler.java:228) ~[ozone-manager-1.3.0-SNAPSHOT.jar:?]
	at org.apache.hadoop.ozone.protocolPB.OzoneManagerProtocolServerSideTranslatorPB.submitReadRequestToOM(OzoneManagerProtocolServerSideTranslatorPB.java:226) ~[ozone-manager-1.3.0-SNAPSHOT.jar:?]
	at org.apache.hadoop.ozone.protocolPB.OzoneManagerProtocolServerSideTranslatorPB.processRequest(OzoneManagerProtocolServerSideTranslatorPB.java:175) ~[ozone-manager-1.3.0-SNAPSHOT.jar:?]
	at org.apache.hadoop.hdds.server.OzoneProtocolMessageDispatcher.processRequest(OzoneProtocolMessageDispatcher.java:87) [hdds-server-framework-1.3.0-SNAPSHOT.jar:?]
	at org.apache.hadoop.ozone.protocolPB.OzoneManagerProtocolServerSideTranslatorPB.submitRequest(OzoneManagerProtocolServerSideTranslatorPB.java:147) [ozone-manager-1.3.0-SNAPSHOT.jar:?]
	at org.apache.hadoop.ozone.protocol.proto.OzoneManagerProtocolProtos$OzoneManagerService$2.callBlockingMethod(OzoneManagerProtocolProtos.java) [ozone-interface-client-1.3.0-SNAPSHOT.jar:?]
	at org.apache.hadoop.ipc.ProtobufRpcEngine$Server.processCall(ProtobufRpcEngine.java:466) [hadoop-common-3.3.1.jar:?]
	at org.apache.hadoop.ipc.ProtobufRpcEngine2$Server$ProtoBufRpcInvoker.call(ProtobufRpcEngine2.java:574) [hadoop-common-3.3.1.jar:?]
	at org.apache.hadoop.ipc.ProtobufRpcEngine2$Server$ProtoBufRpcInvoker.call(ProtobufRpcEngine2.java:552) [hadoop-common-3.3.1.jar:?]
	at org.apache.hadoop.ipc.RPC$Server.call(RPC.java:1093) [hadoop-common-3.3.1.jar:?]
	at org.apache.hadoop.ipc.Server$RpcCall.run(Server.java:1035) [hadoop-common-3.3.1.jar:?]
	at org.apache.hadoop.ipc.Server$RpcCall.run(Server.java:963) [hadoop-common-3.3.1.jar:?]
	at java.security.AccessController.doPrivileged(Native Method) ~[?:1.8.0_345]
	at javax.security.auth.Subject.doAs(Subject.java:422) [?:1.8.0_345]
	at org.apache.hadoop.security.UserGroupInformation.doAs(UserGroupInformation.java:1878) [hadoop-common-3.3.1.jar:?]
	at org.apache.hadoop.ipc.Server$Handler.run(Server.java:2966) [hadoop-common-3.3.1.jar:?]
2022-09-28 09:57:08,185 [Time-limited test] WARN  ozone.BasicOzoneFileSystem (BasicOzoneFileSystem.java:getFileStatus(765)) - GetFileStatus failed for path /gdir1/dir1
java.io.FileNotFoundException: gdir1/dir1: No such file or directory!
	at org.apache.hadoop.fs.ozone.BasicOzoneClientAdapterImpl.getFileStatus(BasicOzoneClientAdapterImpl.java:369)
	at org.apache.hadoop.fs.ozone.BasicOzoneFileSystem.getFileStatus(BasicOzoneFileSystem.java:757)
	at org.apache.hadoop.fs.ozone.TestOzoneFileSystem.checkPath(TestOzoneFileSystem.java:504)
	at org.apache.hadoop.fs.ozone.TestOzoneFileSystem.testRecursiveDelete(TestOzoneFileSystem.java:459)
	at sun.reflect.NativeMethodAccessorImpl.invoke0(Native Method)
	at sun.reflect.NativeMethodAccessorImpl.invoke(NativeMethodAccessorImpl.java:62)
	at sun.reflect.DelegatingMethodAccessorImpl.invoke(DelegatingMethodAccessorImpl.java:43)
	at java.lang.reflect.Method.invoke(Method.java:498)
	at org.junit.runners.model.FrameworkMethod$1.runReflectiveCall(FrameworkMethod.java:59)
	at org.junit.internal.runners.model.ReflectiveCallable.run(ReflectiveCallable.java:12)
	at org.junit.runners.model.FrameworkMethod.invokeExplosively(FrameworkMethod.java:56)
	at org.junit.internal.runners.statements.InvokeMethod.evaluate(InvokeMethod.java:17)
	at org.junit.internal.runners.statements.RunAfters.evaluate(RunAfters.java:27)
	at org.junit.internal.runners.statements.FailOnTimeout$CallableStatement.call(FailOnTimeout.java:288)
	at org.junit.internal.runners.statements.FailOnTimeout$CallableStatement.call(FailOnTimeout.java:282)
	at java.util.concurrent.FutureTask.run(FutureTask.java:266)
	at java.lang.Thread.run(Thread.java:750)
09:57:08.185 [IPC Server handler 13 on default port 44537] ERROR OMAudit - user=runner | ip=127.0.0.1 | op=GET_FILE_STATUS {volume=volume16412, bucket=bucket93813, key=gdir1/dir1/child, dataSize=0, replicationConfig=null} | ret=FAILURE
org.apache.hadoop.ozone.om.exceptions.OMException: Unable to get file status: volume: volume16412 bucket: bucket93813 key: gdir1/dir1/child
	at org.apache.hadoop.ozone.om.KeyManagerImpl.getOzoneFileStatus(KeyManagerImpl.java:1324) ~[ozone-manager-1.3.0-SNAPSHOT.jar:?]
	at org.apache.hadoop.ozone.om.KeyManagerImpl.getFileStatus(KeyManagerImpl.java:1254) ~[ozone-manager-1.3.0-SNAPSHOT.jar:?]
	at org.apache.hadoop.ozone.om.OzoneManager.getFileStatus(OzoneManager.java:3506) ~[ozone-manager-1.3.0-SNAPSHOT.jar:?]
	at org.apache.hadoop.ozone.protocolPB.OzoneManagerRequestHandler.getOzoneFileStatus(OzoneManagerRequestHandler.java:882) ~[ozone-manager-1.3.0-SNAPSHOT.jar:?]
	at org.apache.hadoop.ozone.protocolPB.OzoneManagerRequestHandler.handleReadRequest(OzoneManagerRequestHandler.java:228) ~[ozone-manager-1.3.0-SNAPSHOT.jar:?]
	at org.apache.hadoop.ozone.protocolPB.OzoneManagerProtocolServerSideTranslatorPB.submitReadRequestToOM(OzoneManagerProtocolServerSideTranslatorPB.java:226) ~[ozone-manager-1.3.0-SNAPSHOT.jar:?]
	at org.apache.hadoop.ozone.protocolPB.OzoneManagerProtocolServerSideTranslatorPB.processRequest(OzoneManagerProtocolServerSideTranslatorPB.java:175) ~[ozone-manager-1.3.0-SNAPSHOT.jar:?]
	at org.apache.hadoop.hdds.server.OzoneProtocolMessageDispatcher.processRequest(OzoneProtocolMessageDispatcher.java:87) [hdds-server-framework-1.3.0-SNAPSHOT.jar:?]
	at org.apache.hadoop.ozone.protocolPB.OzoneManagerProtocolServerSideTranslatorPB.submitRequest(OzoneManagerProtocolServerSideTranslatorPB.java:147) [ozone-manager-1.3.0-SNAPSHOT.jar:?]
	at org.apache.hadoop.ozone.protocol.proto.OzoneManagerProtocolProtos$OzoneManagerService$2.callBlockingMethod(OzoneManagerProtocolProtos.java) [ozone-interface-client-1.3.0-SNAPSHOT.jar:?]
	at org.apache.hadoop.ipc.ProtobufRpcEngine$Server.processCall(ProtobufRpcEngine.java:466) [hadoop-common-3.3.1.jar:?]
	at org.apache.hadoop.ipc.ProtobufRpcEngine2$Server$ProtoBufRpcInvoker.call(ProtobufRpcEngine2.java:574) [hadoop-common-3.3.1.jar:?]
	at org.apache.hadoop.ipc.ProtobufRpcEngine2$Server$ProtoBufRpcInvoker.call(ProtobufRpcEngine2.java:552) [hadoop-common-3.3.1.jar:?]
	at org.apache.hadoop.ipc.RPC$Server.call(RPC.java:1093) [hadoop-common-3.3.1.jar:?]
	at org.apache.hadoop.ipc.Server$RpcCall.run(Server.java:1035) [hadoop-common-3.3.1.jar:?]
	at org.apache.hadoop.ipc.Server$RpcCall.run(Server.java:963) [hadoop-common-3.3.1.jar:?]
	at java.security.AccessController.doPrivileged(Native Method) ~[?:1.8.0_345]
	at javax.security.auth.Subject.doAs(Subject.java:422) [?:1.8.0_345]
	at org.apache.hadoop.security.UserGroupInformation.doAs(UserGroupInformation.java:1878) [hadoop-common-3.3.1.jar:?]
	at org.apache.hadoop.ipc.Server$Handler.run(Server.java:2966) [hadoop-common-3.3.1.jar:?]
2022-09-28 09:57:08,185 [Time-limited test] WARN  ozone.BasicOzoneFileSystem (BasicOzoneFileSystem.java:getFileStatus(765)) - GetFileStatus failed for path /gdir1/dir1/child
java.io.FileNotFoundException: gdir1/dir1/child: No such file or directory!
	at org.apache.hadoop.fs.ozone.BasicOzoneClientAdapterImpl.getFileStatus(BasicOzoneClientAdapterImpl.java:369)
	at org.apache.hadoop.fs.ozone.BasicOzoneFileSystem.getFileStatus(BasicOzoneFileSystem.java:757)
	at org.apache.hadoop.fs.ozone.TestOzoneFileSystem.checkPath(TestOzoneFileSystem.java:504)
	at org.apache.hadoop.fs.ozone.TestOzoneFileSystem.testRecursiveDelete(TestOzoneFileSystem.java:460)
	at sun.reflect.NativeMethodAccessorImpl.invoke0(Native Method)
	at sun.reflect.NativeMethodAccessorImpl.invoke(NativeMethodAccessorImpl.java:62)
	at sun.reflect.DelegatingMethodAccessorImpl.invoke(DelegatingMethodAccessorImpl.java:43)
	at java.lang.reflect.Method.invoke(Method.java:498)
	at org.junit.runners.model.FrameworkMethod$1.runReflectiveCall(FrameworkMethod.java:59)
	at org.junit.internal.runners.model.ReflectiveCallable.run(ReflectiveCallable.java:12)
	at org.junit.runners.model.FrameworkMethod.invokeExplosively(FrameworkMethod.java:56)
	at org.junit.internal.runners.statements.InvokeMethod.evaluate(InvokeMethod.java:17)
	at org.junit.internal.runners.statements.RunAfters.evaluate(RunAfters.java:27)
	at org.junit.internal.runners.statements.FailOnTimeout$CallableStatement.call(FailOnTimeout.java:288)
	at org.junit.internal.runners.statements.FailOnTimeout$CallableStatement.call(FailOnTimeout.java:282)
	at java.util.concurrent.FutureTask.run(FutureTask.java:266)
	at java.lang.Thread.run(Thread.java:750)
09:57:08.186 [IPC Server handler 7 on default port 44537] ERROR OMAudit - user=runner | ip=127.0.0.1 | op=GET_FILE_STATUS {volume=volume16412, bucket=bucket93813, key=gdir1/dir2, dataSize=0, replicationConfig=null} | ret=FAILURE
org.apache.hadoop.ozone.om.exceptions.OMException: Unable to get file status: volume: volume16412 bucket: bucket93813 key: gdir1/dir2
	at org.apache.hadoop.ozone.om.KeyManagerImpl.getOzoneFileStatus(KeyManagerImpl.java:1324) ~[ozone-manager-1.3.0-SNAPSHOT.jar:?]
	at org.apache.hadoop.ozone.om.KeyManagerImpl.getFileStatus(KeyManagerImpl.java:1254) ~[ozone-manager-1.3.0-SNAPSHOT.jar:?]
	at org.apache.hadoop.ozone.om.OzoneManager.getFileStatus(OzoneManager.java:3506) ~[ozone-manager-1.3.0-SNAPSHOT.jar:?]
	at org.apache.hadoop.ozone.protocolPB.OzoneManagerRequestHandler.getOzoneFileStatus(OzoneManagerRequestHandler.java:882) ~[ozone-manager-1.3.0-SNAPSHOT.jar:?]
	at org.apache.hadoop.ozone.protocolPB.OzoneManagerRequestHandler.handleReadRequest(OzoneManagerRequestHandler.java:228) ~[ozone-manager-1.3.0-SNAPSHOT.jar:?]
	at org.apache.hadoop.ozone.protocolPB.OzoneManagerProtocolServerSideTranslatorPB.submitReadRequestToOM(OzoneManagerProtocolServerSideTranslatorPB.java:226) ~[ozone-manager-1.3.0-SNAPSHOT.jar:?]
	at org.apache.hadoop.ozone.protocolPB.OzoneManagerProtocolServerSideTranslatorPB.processRequest(OzoneManagerProtocolServerSideTranslatorPB.java:175) ~[ozone-manager-1.3.0-SNAPSHOT.jar:?]
	at org.apache.hadoop.hdds.server.OzoneProtocolMessageDispatcher.processRequest(OzoneProtocolMessageDispatcher.java:87) [hdds-server-framework-1.3.0-SNAPSHOT.jar:?]
	at org.apache.hadoop.ozone.protocolPB.OzoneManagerProtocolServerSideTranslatorPB.submitRequest(OzoneManagerProtocolServerSideTranslatorPB.java:147) [ozone-manager-1.3.0-SNAPSHOT.jar:?]
	at org.apache.hadoop.ozone.protocol.proto.OzoneManagerProtocolProtos$OzoneManagerService$2.callBlockingMethod(OzoneManagerProtocolProtos.java) [ozone-interface-client-1.3.0-SNAPSHOT.jar:?]
	at org.apache.hadoop.ipc.ProtobufRpcEngine$Server.processCall(ProtobufRpcEngine.java:466) [hadoop-common-3.3.1.jar:?]
	at org.apache.hadoop.ipc.ProtobufRpcEngine2$Server$ProtoBufRpcInvoker.call(ProtobufRpcEngine2.java:574) [hadoop-common-3.3.1.jar:?]
	at org.apache.hadoop.ipc.ProtobufRpcEngine2$Server$ProtoBufRpcInvoker.call(ProtobufRpcEngine2.java:552) [hadoop-common-3.3.1.jar:?]
	at org.apache.hadoop.ipc.RPC$Server.call(RPC.java:1093) [hadoop-common-3.3.1.jar:?]
	at org.apache.hadoop.ipc.Server$RpcCall.run(Server.java:1035) [hadoop-common-3.3.1.jar:?]
	at org.apache.hadoop.ipc.Server$RpcCall.run(Server.java:963) [hadoop-common-3.3.1.jar:?]
	at java.security.AccessController.doPrivileged(Native Method) ~[?:1.8.0_345]
	at javax.security.auth.Subject.doAs(Subject.java:422) [?:1.8.0_345]
	at org.apache.hadoop.security.UserGroupInformation.doAs(UserGroupInformation.java:1878) [hadoop-common-3.3.1.jar:?]
	at org.apache.hadoop.ipc.Server$Handler.run(Server.java:2966) [hadoop-common-3.3.1.jar:?]
2022-09-28 09:57:08,186 [Time-limited test] WARN  ozone.BasicOzoneFileSystem (BasicOzoneFileSystem.java:getFileStatus(765)) - GetFileStatus failed for path /gdir1/dir2
java.io.FileNotFoundException: gdir1/dir2: No such file or directory!
	at org.apache.hadoop.fs.ozone.BasicOzoneClientAdapterImpl.getFileStatus(BasicOzoneClientAdapterImpl.java:369)
	at org.apache.hadoop.fs.ozone.BasicOzoneFileSystem.getFileStatus(BasicOzoneFileSystem.java:757)
	at org.apache.hadoop.fs.ozone.TestOzoneFileSystem.checkPath(TestOzoneFileSystem.java:504)
	at org.apache.hadoop.fs.ozone.TestOzoneFileSystem.testRecursiveDelete(TestOzoneFileSystem.java:459)
	at sun.reflect.NativeMethodAccessorImpl.invoke0(Native Method)
	at sun.reflect.NativeMethodAccessorImpl.invoke(NativeMethodAccessorImpl.java:62)
	at sun.reflect.DelegatingMethodAccessorImpl.invoke(DelegatingMethodAccessorImpl.java:43)
	at java.lang.reflect.Method.invoke(Method.java:498)
	at org.junit.runners.model.FrameworkMethod$1.runReflectiveCall(FrameworkMethod.java:59)
	at org.junit.internal.runners.model.ReflectiveCallable.run(ReflectiveCallable.java:12)
	at org.junit.runners.model.FrameworkMethod.invokeExplosively(FrameworkMethod.java:56)
	at org.junit.internal.runners.statements.InvokeMethod.evaluate(InvokeMethod.java:17)
	at org.junit.internal.runners.statements.RunAfters.evaluate(RunAfters.java:27)
	at org.junit.internal.runners.statements.FailOnTimeout$CallableStatement.call(FailOnTimeout.java:288)
	at org.junit.internal.runners.statements.FailOnTimeout$CallableStatement.call(FailOnTimeout.java:282)
	at java.util.concurrent.FutureTask.run(FutureTask.java:266)
	at java.lang.Thread.run(Thread.java:750)
09:57:08.186 [IPC Server handler 9 on default port 44537] ERROR OMAudit - user=runner | ip=127.0.0.1 | op=GET_FILE_STATUS {volume=volume16412, bucket=bucket93813, key=gdir1/dir2/child, dataSize=0, replicationConfig=null} | ret=FAILURE
org.apache.hadoop.ozone.om.exceptions.OMException: Unable to get file status: volume: volume16412 bucket: bucket93813 key: gdir1/dir2/child
	at org.apache.hadoop.ozone.om.KeyManagerImpl.getOzoneFileStatus(KeyManagerImpl.java:1324) ~[ozone-manager-1.3.0-SNAPSHOT.jar:?]
	at org.apache.hadoop.ozone.om.KeyManagerImpl.getFileStatus(KeyManagerImpl.java:1254) ~[ozone-manager-1.3.0-SNAPSHOT.jar:?]
	at org.apache.hadoop.ozone.om.OzoneManager.getFileStatus(OzoneManager.java:3506) ~[ozone-manager-1.3.0-SNAPSHOT.jar:?]
	at org.apache.hadoop.ozone.protocolPB.OzoneManagerRequestHandler.getOzoneFileStatus(OzoneManagerRequestHandler.java:882) ~[ozone-manager-1.3.0-SNAPSHOT.jar:?]
	at org.apache.hadoop.ozone.protocolPB.OzoneManagerRequestHandler.handleReadRequest(OzoneManagerRequestHandler.java:228) ~[ozone-manager-1.3.0-SNAPSHOT.jar:?]
	at org.apache.hadoop.ozone.protocolPB.OzoneManagerProtocolServerSideTranslatorPB.submitReadRequestToOM(OzoneManagerProtocolServerSideTranslatorPB.java:226) ~[ozone-manager-1.3.0-SNAPSHOT.jar:?]
	at org.apache.hadoop.ozone.protocolPB.OzoneManagerProtocolServerSideTranslatorPB.processRequest(OzoneManagerProtocolServerSideTranslatorPB.java:175) ~[ozone-manager-1.3.0-SNAPSHOT.jar:?]
	at org.apache.hadoop.hdds.server.OzoneProtocolMessageDispatcher.processRequest(OzoneProtocolMessageDispatcher.java:87) [hdds-server-framework-1.3.0-SNAPSHOT.jar:?]
	at org.apache.hadoop.ozone.protocolPB.OzoneManagerProtocolServerSideTranslatorPB.submitRequest(OzoneManagerProtocolServerSideTranslatorPB.java:147) [ozone-manager-1.3.0-SNAPSHOT.jar:?]
	at org.apache.hadoop.ozone.protocol.proto.OzoneManagerProtocolProtos$OzoneManagerService$2.callBlockingMethod(OzoneManagerProtocolProtos.java) [ozone-interface-client-1.3.0-SNAPSHOT.jar:?]
	at org.apache.hadoop.ipc.ProtobufRpcEngine$Server.processCall(ProtobufRpcEngine.java:466) [hadoop-common-3.3.1.jar:?]
	at org.apache.hadoop.ipc.ProtobufRpcEngine2$Server$ProtoBufRpcInvoker.call(ProtobufRpcEngine2.java:574) [hadoop-common-3.3.1.jar:?]
	at org.apache.hadoop.ipc.ProtobufRpcEngine2$Server$ProtoBufRpcInvoker.call(ProtobufRpcEngine2.java:552) [hadoop-common-3.3.1.jar:?]
	at org.apache.hadoop.ipc.RPC$Server.call(RPC.java:1093) [hadoop-common-3.3.1.jar:?]
	at org.apache.hadoop.ipc.Server$RpcCall.run(Server.java:1035) [hadoop-common-3.3.1.jar:?]
	at org.apache.hadoop.ipc.Server$RpcCall.run(Server.java:963) [hadoop-common-3.3.1.jar:?]
	at java.security.AccessController.doPrivileged(Native Method) ~[?:1.8.0_345]
	at javax.security.auth.Subject.doAs(Subject.java:422) [?:1.8.0_345]
	at org.apache.hadoop.security.UserGroupInformation.doAs(UserGroupInformation.java:1878) [hadoop-common-3.3.1.jar:?]
	at org.apache.hadoop.ipc.Server$Handler.run(Server.java:2966) [hadoop-common-3.3.1.jar:?]
2022-09-28 09:57:08,186 [Time-limited test] WARN  ozone.BasicOzoneFileSystem (BasicOzoneFileSystem.java:getFileStatus(765)) - GetFileStatus failed for path /gdir1/dir2/child
java.io.FileNotFoundException: gdir1/dir2/child: No such file or directory!
	at org.apache.hadoop.fs.ozone.BasicOzoneClientAdapterImpl.getFileStatus(BasicOzoneClientAdapterImpl.java:369)
	at org.apache.hadoop.fs.ozone.BasicOzoneFileSystem.getFileStatus(BasicOzoneFileSystem.java:757)
	at org.apache.hadoop.fs.ozone.TestOzoneFileSystem.checkPath(TestOzoneFileSystem.java:504)
	at org.apache.hadoop.fs.ozone.TestOzoneFileSystem.testRecursiveDelete(TestOzoneFileSystem.java:460)
	at sun.reflect.NativeMethodAccessorImpl.invoke0(Native Method)
	at sun.reflect.NativeMethodAccessorImpl.invoke(NativeMethodAccessorImpl.java:62)
	at sun.reflect.DelegatingMethodAccessorImpl.invoke(DelegatingMethodAccessorImpl.java:43)
	at java.lang.reflect.Method.invoke(Method.java:498)
	at org.junit.runners.model.FrameworkMethod$1.runReflectiveCall(FrameworkMethod.java:59)
	at org.junit.internal.runners.model.ReflectiveCallable.run(ReflectiveCallable.java:12)
	at org.junit.runners.model.FrameworkMethod.invokeExplosively(FrameworkMethod.java:56)
	at org.junit.internal.runners.statements.InvokeMethod.evaluate(InvokeMethod.java:17)
	at org.junit.internal.runners.statements.RunAfters.evaluate(RunAfters.java:27)
	at org.junit.internal.runners.statements.FailOnTimeout$CallableStatement.call(FailOnTimeout.java:288)
	at org.junit.internal.runners.statements.FailOnTimeout$CallableStatement.call(FailOnTimeout.java:282)
	at java.util.concurrent.FutureTask.run(FutureTask.java:266)
	at java.lang.Thread.run(Thread.java:750)
09:57:08.187 [IPC Server handler 14 on default port 44537] ERROR OMAudit - user=runner | ip=127.0.0.1 | op=GET_FILE_STATUS {volume=volume16412, bucket=bucket93813, key=gdir1/dir3, dataSize=0, replicationConfig=null} | ret=FAILURE
org.apache.hadoop.ozone.om.exceptions.OMException: Unable to get file status: volume: volume16412 bucket: bucket93813 key: gdir1/dir3
	at org.apache.hadoop.ozone.om.KeyManagerImpl.getOzoneFileStatus(KeyManagerImpl.java:1324) ~[ozone-manager-1.3.0-SNAPSHOT.jar:?]
	at org.apache.hadoop.ozone.om.KeyManagerImpl.getFileStatus(KeyManagerImpl.java:1254) ~[ozone-manager-1.3.0-SNAPSHOT.jar:?]
	at org.apache.hadoop.ozone.om.OzoneManager.getFileStatus(OzoneManager.java:3506) ~[ozone-manager-1.3.0-SNAPSHOT.jar:?]
	at org.apache.hadoop.ozone.protocolPB.OzoneManagerRequestHandler.getOzoneFileStatus(OzoneManagerRequestHandler.java:882) ~[ozone-manager-1.3.0-SNAPSHOT.jar:?]
	at org.apache.hadoop.ozone.protocolPB.OzoneManagerRequestHandler.handleReadRequest(OzoneManagerRequestHandler.java:228) ~[ozone-manager-1.3.0-SNAPSHOT.jar:?]
	at org.apache.hadoop.ozone.protocolPB.OzoneManagerProtocolServerSideTranslatorPB.submitReadRequestToOM(OzoneManagerProtocolServerSideTranslatorPB.java:226) ~[ozone-manager-1.3.0-SNAPSHOT.jar:?]
	at org.apache.hadoop.ozone.protocolPB.OzoneManagerProtocolServerSideTranslatorPB.processRequest(OzoneManagerProtocolServerSideTranslatorPB.java:175) ~[ozone-manager-1.3.0-SNAPSHOT.jar:?]
	at org.apache.hadoop.hdds.server.OzoneProtocolMessageDispatcher.processRequest(OzoneProtocolMessageDispatcher.java:87) [hdds-server-framework-1.3.0-SNAPSHOT.jar:?]
	at org.apache.hadoop.ozone.protocolPB.OzoneManagerProtocolServerSideTranslatorPB.submitRequest(OzoneManagerProtocolServerSideTranslatorPB.java:147) [ozone-manager-1.3.0-SNAPSHOT.jar:?]
	at org.apache.hadoop.ozone.protocol.proto.OzoneManagerProtocolProtos$OzoneManagerService$2.callBlockingMethod(OzoneManagerProtocolProtos.java) [ozone-interface-client-1.3.0-SNAPSHOT.jar:?]
	at org.apache.hadoop.ipc.ProtobufRpcEngine$Server.processCall(ProtobufRpcEngine.java:466) [hadoop-common-3.3.1.jar:?]
	at org.apache.hadoop.ipc.ProtobufRpcEngine2$Server$ProtoBufRpcInvoker.call(ProtobufRpcEngine2.java:574) [hadoop-common-3.3.1.jar:?]
	at org.apache.hadoop.ipc.ProtobufRpcEngine2$Server$ProtoBufRpcInvoker.call(ProtobufRpcEngine2.java:552) [hadoop-common-3.3.1.jar:?]
	at org.apache.hadoop.ipc.RPC$Server.call(RPC.java:1093) [hadoop-common-3.3.1.jar:?]
	at org.apache.hadoop.ipc.Server$RpcCall.run(Server.java:1035) [hadoop-common-3.3.1.jar:?]
	at org.apache.hadoop.ipc.Server$RpcCall.run(Server.java:963) [hadoop-common-3.3.1.jar:?]
	at java.security.AccessController.doPrivileged(Native Method) ~[?:1.8.0_345]
	at javax.security.auth.Subject.doAs(Subject.java:422) [?:1.8.0_345]
	at org.apache.hadoop.security.UserGroupInformation.doAs(UserGroupInformation.java:1878) [hadoop-common-3.3.1.jar:?]
	at org.apache.hadoop.ipc.Server$Handler.run(Server.java:2966) [hadoop-common-3.3.1.jar:?]
2022-09-28 09:57:08,187 [Time-limited test] WARN  ozone.BasicOzoneFileSystem (BasicOzoneFileSystem.java:getFileStatus(765)) - GetFileStatus failed for path /gdir1/dir3
java.io.FileNotFoundException: gdir1/dir3: No such file or directory!
	at org.apache.hadoop.fs.ozone.BasicOzoneClientAdapterImpl.getFileStatus(BasicOzoneClientAdapterImpl.java:369)
	at org.apache.hadoop.fs.ozone.BasicOzoneFileSystem.getFileStatus(BasicOzoneFileSystem.java:757)
	at org.apache.hadoop.fs.ozone.TestOzoneFileSystem.checkPath(TestOzoneFileSystem.java:504)
	at org.apache.hadoop.fs.ozone.TestOzoneFileSystem.testRecursiveDelete(TestOzoneFileSystem.java:459)
	at sun.reflect.NativeMethodAccessorImpl.invoke0(Native Method)
	at sun.reflect.NativeMethodAccessorImpl.invoke(NativeMethodAccessorImpl.java:62)
	at sun.reflect.DelegatingMethodAccessorImpl.invoke(DelegatingMethodAccessorImpl.java:43)
	at java.lang.reflect.Method.invoke(Method.java:498)
	at org.junit.runners.model.FrameworkMethod$1.runReflectiveCall(FrameworkMethod.java:59)
	at org.junit.internal.runners.model.ReflectiveCallable.run(ReflectiveCallable.java:12)
	at org.junit.runners.model.FrameworkMethod.invokeExplosively(FrameworkMethod.java:56)
	at org.junit.internal.runners.statements.InvokeMethod.evaluate(InvokeMethod.java:17)
	at org.junit.internal.runners.statements.RunAfters.evaluate(RunAfters.java:27)
	at org.junit.internal.runners.statements.FailOnTimeout$CallableStatement.call(FailOnTimeout.java:288)
	at org.junit.internal.runners.statements.FailOnTimeout$CallableStatement.call(FailOnTimeout.java:282)
	at java.util.concurrent.FutureTask.run(FutureTask.java:266)
	at java.lang.Thread.run(Thread.java:750)
09:57:08.187 [IPC Server handler 6 on default port 44537] ERROR OMAudit - user=runner | ip=127.0.0.1 | op=GET_FILE_STATUS {volume=volume16412, bucket=bucket93813, key=gdir1/dir3/child, dataSize=0, replicationConfig=null} | ret=FAILURE
org.apache.hadoop.ozone.om.exceptions.OMException: Unable to get file status: volume: volume16412 bucket: bucket93813 key: gdir1/dir3/child
	at org.apache.hadoop.ozone.om.KeyManagerImpl.getOzoneFileStatus(KeyManagerImpl.java:1324) ~[ozone-manager-1.3.0-SNAPSHOT.jar:?]
	at org.apache.hadoop.ozone.om.KeyManagerImpl.getFileStatus(KeyManagerImpl.java:1254) ~[ozone-manager-1.3.0-SNAPSHOT.jar:?]
	at org.apache.hadoop.ozone.om.OzoneManager.getFileStatus(OzoneManager.java:3506) ~[ozone-manager-1.3.0-SNAPSHOT.jar:?]
	at org.apache.hadoop.ozone.protocolPB.OzoneManagerRequestHandler.getOzoneFileStatus(OzoneManagerRequestHandler.java:882) ~[ozone-manager-1.3.0-SNAPSHOT.jar:?]
	at org.apache.hadoop.ozone.protocolPB.OzoneManagerRequestHandler.handleReadRequest(OzoneManagerRequestHandler.java:228) ~[ozone-manager-1.3.0-SNAPSHOT.jar:?]
	at org.apache.hadoop.ozone.protocolPB.OzoneManagerProtocolServerSideTranslatorPB.submitReadRequestToOM(OzoneManagerProtocolServerSideTranslatorPB.java:226) ~[ozone-manager-1.3.0-SNAPSHOT.jar:?]
	at org.apache.hadoop.ozone.protocolPB.OzoneManagerProtocolServerSideTranslatorPB.processRequest(OzoneManagerProtocolServerSideTranslatorPB.java:175) ~[ozone-manager-1.3.0-SNAPSHOT.jar:?]
	at org.apache.hadoop.hdds.server.OzoneProtocolMessageDispatcher.processRequest(OzoneProtocolMessageDispatcher.java:87) [hdds-server-framework-1.3.0-SNAPSHOT.jar:?]
	at org.apache.hadoop.ozone.protocolPB.OzoneManagerProtocolServerSideTranslatorPB.submitRequest(OzoneManagerProtocolServerSideTranslatorPB.java:147) [ozone-manager-1.3.0-SNAPSHOT.jar:?]
	at org.apache.hadoop.ozone.protocol.proto.OzoneManagerProtocolProtos$OzoneManagerService$2.callBlockingMethod(OzoneManagerProtocolProtos.java) [ozone-interface-client-1.3.0-SNAPSHOT.jar:?]
	at org.apache.hadoop.ipc.ProtobufRpcEngine$Server.processCall(ProtobufRpcEngine.java:466) [hadoop-common-3.3.1.jar:?]
	at org.apache.hadoop.ipc.ProtobufRpcEngine2$Server$ProtoBufRpcInvoker.call(ProtobufRpcEngine2.java:574) [hadoop-common-3.3.1.jar:?]
	at org.apache.hadoop.ipc.ProtobufRpcEngine2$Server$ProtoBufRpcInvoker.call(ProtobufRpcEngine2.java:552) [hadoop-common-3.3.1.jar:?]
	at org.apache.hadoop.ipc.RPC$Server.call(RPC.java:1093) [hadoop-common-3.3.1.jar:?]
	at org.apache.hadoop.ipc.Server$RpcCall.run(Server.java:1035) [hadoop-common-3.3.1.jar:?]
	at org.apache.hadoop.ipc.Server$RpcCall.run(Server.java:963) [hadoop-common-3.3.1.jar:?]
	at java.security.AccessController.doPrivileged(Native Method) ~[?:1.8.0_345]
	at javax.security.auth.Subject.doAs(Subject.java:422) [?:1.8.0_345]
	at org.apache.hadoop.security.UserGroupInformation.doAs(UserGroupInformation.java:1878) [hadoop-common-3.3.1.jar:?]
	at org.apache.hadoop.ipc.Server$Handler.run(Server.java:2966) [hadoop-common-3.3.1.jar:?]
2022-09-28 09:57:08,188 [Time-limited test] WARN  ozone.BasicOzoneFileSystem (BasicOzoneFileSystem.java:getFileStatus(765)) - GetFileStatus failed for path /gdir1/dir3/child
java.io.FileNotFoundException: gdir1/dir3/child: No such file or directory!
	at org.apache.hadoop.fs.ozone.BasicOzoneClientAdapterImpl.getFileStatus(BasicOzoneClientAdapterImpl.java:369)
	at org.apache.hadoop.fs.ozone.BasicOzoneFileSystem.getFileStatus(BasicOzoneFileSystem.java:757)
	at org.apache.hadoop.fs.ozone.TestOzoneFileSystem.checkPath(TestOzoneFileSystem.java:504)
	at org.apache.hadoop.fs.ozone.TestOzoneFileSystem.testRecursiveDelete(TestOzoneFileSystem.java:460)
	at sun.reflect.NativeMethodAccessorImpl.invoke0(Native Method)
	at sun.reflect.NativeMethodAccessorImpl.invoke(NativeMethodAccessorImpl.java:62)
	at sun.reflect.DelegatingMethodAccessorImpl.invoke(DelegatingMethodAccessorImpl.java:43)
	at java.lang.reflect.Method.invoke(Method.java:498)
	at org.junit.runners.model.FrameworkMethod$1.runReflectiveCall(FrameworkMethod.java:59)
	at org.junit.internal.runners.model.ReflectiveCallable.run(ReflectiveCallable.java:12)
	at org.junit.runners.model.FrameworkMethod.invokeExplosively(FrameworkMethod.java:56)
	at org.junit.internal.runners.statements.InvokeMethod.evaluate(InvokeMethod.java:17)
	at org.junit.internal.runners.statements.RunAfters.evaluate(RunAfters.java:27)
	at org.junit.internal.runners.statements.FailOnTimeout$CallableStatement.call(FailOnTimeout.java:288)
	at org.junit.internal.runners.statements.FailOnTimeout$CallableStatement.call(FailOnTimeout.java:282)
	at java.util.concurrent.FutureTask.run(FutureTask.java:266)
	at java.lang.Thread.run(Thread.java:750)
09:57:08.188 [IPC Server handler 8 on default port 44537] ERROR OMAudit - user=runner | ip=127.0.0.1 | op=GET_FILE_STATUS {volume=volume16412, bucket=bucket93813, key=gdir1/dir4, dataSize=0, replicationConfig=null} | ret=FAILURE
org.apache.hadoop.ozone.om.exceptions.OMException: Unable to get file status: volume: volume16412 bucket: bucket93813 key: gdir1/dir4
	at org.apache.hadoop.ozone.om.KeyManagerImpl.getOzoneFileStatus(KeyManagerImpl.java:1324) ~[ozone-manager-1.3.0-SNAPSHOT.jar:?]
	at org.apache.hadoop.ozone.om.KeyManagerImpl.getFileStatus(KeyManagerImpl.java:1254) ~[ozone-manager-1.3.0-SNAPSHOT.jar:?]
	at org.apache.hadoop.ozone.om.OzoneManager.getFileStatus(OzoneManager.java:3506) ~[ozone-manager-1.3.0-SNAPSHOT.jar:?]
	at org.apache.hadoop.ozone.protocolPB.OzoneManagerRequestHandler.getOzoneFileStatus(OzoneManagerRequestHandler.java:882) ~[ozone-manager-1.3.0-SNAPSHOT.jar:?]
	at org.apache.hadoop.ozone.protocolPB.OzoneManagerRequestHandler.handleReadRequest(OzoneManagerRequestHandler.java:228) ~[ozone-manager-1.3.0-SNAPSHOT.jar:?]
	at org.apache.hadoop.ozone.protocolPB.OzoneManagerProtocolServerSideTranslatorPB.submitReadRequestToOM(OzoneManagerProtocolServerSideTranslatorPB.java:226) ~[ozone-manager-1.3.0-SNAPSHOT.jar:?]
	at org.apache.hadoop.ozone.protocolPB.OzoneManagerProtocolServerSideTranslatorPB.processRequest(OzoneManagerProtocolServerSideTranslatorPB.java:175) ~[ozone-manager-1.3.0-SNAPSHOT.jar:?]
	at org.apache.hadoop.hdds.server.OzoneProtocolMessageDispatcher.processRequest(OzoneProtocolMessageDispatcher.java:87) [hdds-server-framework-1.3.0-SNAPSHOT.jar:?]
	at org.apache.hadoop.ozone.protocolPB.OzoneManagerProtocolServerSideTranslatorPB.submitRequest(OzoneManagerProtocolServerSideTranslatorPB.java:147) [ozone-manager-1.3.0-SNAPSHOT.jar:?]
	at org.apache.hadoop.ozone.protocol.proto.OzoneManagerProtocolProtos$OzoneManagerService$2.callBlockingMethod(OzoneManagerProtocolProtos.java) [ozone-interface-client-1.3.0-SNAPSHOT.jar:?]
	at org.apache.hadoop.ipc.ProtobufRpcEngine$Server.processCall(ProtobufRpcEngine.java:466) [hadoop-common-3.3.1.jar:?]
	at org.apache.hadoop.ipc.ProtobufRpcEngine2$Server$ProtoBufRpcInvoker.call(ProtobufRpcEngine2.java:574) [hadoop-common-3.3.1.jar:?]
	at org.apache.hadoop.ipc.ProtobufRpcEngine2$Server$ProtoBufRpcInvoker.call(ProtobufRpcEngine2.java:552) [hadoop-common-3.3.1.jar:?]
	at org.apache.hadoop.ipc.RPC$Server.call(RPC.java:1093) [hadoop-common-3.3.1.jar:?]
	at org.apache.hadoop.ipc.Server$RpcCall.run(Server.java:1035) [hadoop-common-3.3.1.jar:?]
	at org.apache.hadoop.ipc.Server$RpcCall.run(Server.java:963) [hadoop-common-3.3.1.jar:?]
	at java.security.AccessController.doPrivileged(Native Method) ~[?:1.8.0_345]
	at javax.security.auth.Subject.doAs(Subject.java:422) [?:1.8.0_345]
	at org.apache.hadoop.security.UserGroupInformation.doAs(UserGroupInformation.java:1878) [hadoop-common-3.3.1.jar:?]
	at org.apache.hadoop.ipc.Server$Handler.run(Server.java:2966) [hadoop-common-3.3.1.jar:?]
2022-09-28 09:57:08,188 [Time-limited test] WARN  ozone.BasicOzoneFileSystem (BasicOzoneFileSystem.java:getFileStatus(765)) - GetFileStatus failed for path /gdir1/dir4
java.io.FileNotFoundException: gdir1/dir4: No such file or directory!
	at org.apache.hadoop.fs.ozone.BasicOzoneClientAdapterImpl.getFileStatus(BasicOzoneClientAdapterImpl.java:369)
	at org.apache.hadoop.fs.ozone.BasicOzoneFileSystem.getFileStatus(BasicOzoneFileSystem.java:757)
	at org.apache.hadoop.fs.ozone.TestOzoneFileSystem.checkPath(TestOzoneFileSystem.java:504)
	at org.apache.hadoop.fs.ozone.TestOzoneFileSystem.testRecursiveDelete(TestOzoneFileSystem.java:459)
	at sun.reflect.NativeMethodAccessorImpl.invoke0(Native Method)
	at sun.reflect.NativeMethodAccessorImpl.invoke(NativeMethodAccessorImpl.java:62)
	at sun.reflect.DelegatingMethodAccessorImpl.invoke(DelegatingMethodAccessorImpl.java:43)
	at java.lang.reflect.Method.invoke(Method.java:498)
	at org.junit.runners.model.FrameworkMethod$1.runReflectiveCall(FrameworkMethod.java:59)
	at org.junit.internal.runners.model.ReflectiveCallable.run(ReflectiveCallable.java:12)
	at org.junit.runners.model.FrameworkMethod.invokeExplosively(FrameworkMethod.java:56)
	at org.junit.internal.runners.statements.InvokeMethod.evaluate(InvokeMethod.java:17)
	at org.junit.internal.runners.statements.RunAfters.evaluate(RunAfters.java:27)
	at org.junit.internal.runners.statements.FailOnTimeout$CallableStatement.call(FailOnTimeout.java:288)
	at org.junit.internal.runners.statements.FailOnTimeout$CallableStatement.call(FailOnTimeout.java:282)
	at java.util.concurrent.FutureTask.run(FutureTask.java:266)
	at java.lang.Thread.run(Thread.java:750)
09:57:08.188 [IPC Server handler 10 on default port 44537] ERROR OMAudit - user=runner | ip=127.0.0.1 | op=GET_FILE_STATUS {volume=volume16412, bucket=bucket93813, key=gdir1/dir4/child, dataSize=0, replicationConfig=null} | ret=FAILURE
org.apache.hadoop.ozone.om.exceptions.OMException: Unable to get file status: volume: volume16412 bucket: bucket93813 key: gdir1/dir4/child
	at org.apache.hadoop.ozone.om.KeyManagerImpl.getOzoneFileStatus(KeyManagerImpl.java:1324) ~[ozone-manager-1.3.0-SNAPSHOT.jar:?]
	at org.apache.hadoop.ozone.om.KeyManagerImpl.getFileStatus(KeyManagerImpl.java:1254) ~[ozone-manager-1.3.0-SNAPSHOT.jar:?]
	at org.apache.hadoop.ozone.om.OzoneManager.getFileStatus(OzoneManager.java:3506) ~[ozone-manager-1.3.0-SNAPSHOT.jar:?]
	at org.apache.hadoop.ozone.protocolPB.OzoneManagerRequestHandler.getOzoneFileStatus(OzoneManagerRequestHandler.java:882) ~[ozone-manager-1.3.0-SNAPSHOT.jar:?]
	at org.apache.hadoop.ozone.protocolPB.OzoneManagerRequestHandler.handleReadRequest(OzoneManagerRequestHandler.java:228) ~[ozone-manager-1.3.0-SNAPSHOT.jar:?]
	at org.apache.hadoop.ozone.protocolPB.OzoneManagerProtocolServerSideTranslatorPB.submitReadRequestToOM(OzoneManagerProtocolServerSideTranslatorPB.java:226) ~[ozone-manager-1.3.0-SNAPSHOT.jar:?]
	at org.apache.hadoop.ozone.protocolPB.OzoneManagerProtocolServerSideTranslatorPB.processRequest(OzoneManagerProtocolServerSideTranslatorPB.java:175) ~[ozone-manager-1.3.0-SNAPSHOT.jar:?]
	at org.apache.hadoop.hdds.server.OzoneProtocolMessageDispatcher.processRequest(OzoneProtocolMessageDispatcher.java:87) [hdds-server-framework-1.3.0-SNAPSHOT.jar:?]
	at org.apache.hadoop.ozone.protocolPB.OzoneManagerProtocolServerSideTranslatorPB.submitRequest(OzoneManagerProtocolServerSideTranslatorPB.java:147) [ozone-manager-1.3.0-SNAPSHOT.jar:?]
	at org.apache.hadoop.ozone.protocol.proto.OzoneManagerProtocolProtos$OzoneManagerService$2.callBlockingMethod(OzoneManagerProtocolProtos.java) [ozone-interface-client-1.3.0-SNAPSHOT.jar:?]
	at org.apache.hadoop.ipc.ProtobufRpcEngine$Server.processCall(ProtobufRpcEngine.java:466) [hadoop-common-3.3.1.jar:?]
	at org.apache.hadoop.ipc.ProtobufRpcEngine2$Server$ProtoBufRpcInvoker.call(ProtobufRpcEngine2.java:574) [hadoop-common-3.3.1.jar:?]
	at org.apache.hadoop.ipc.ProtobufRpcEngine2$Server$ProtoBufRpcInvoker.call(ProtobufRpcEngine2.java:552) [hadoop-common-3.3.1.jar:?]
	at org.apache.hadoop.ipc.RPC$Server.call(RPC.java:1093) [hadoop-common-3.3.1.jar:?]
	at org.apache.hadoop.ipc.Server$RpcCall.run(Server.java:1035) [hadoop-common-3.3.1.jar:?]
	at org.apache.hadoop.ipc.Server$RpcCall.run(Server.java:963) [hadoop-common-3.3.1.jar:?]
	at java.security.AccessController.doPrivileged(Native Method) ~[?:1.8.0_345]
	at javax.security.auth.Subject.doAs(Subject.java:422) [?:1.8.0_345]
	at org.apache.hadoop.security.UserGroupInformation.doAs(UserGroupInformation.java:1878) [hadoop-common-3.3.1.jar:?]
	at org.apache.hadoop.ipc.Server$Handler.run(Server.java:2966) [hadoop-common-3.3.1.jar:?]
2022-09-28 09:57:08,189 [Time-limited test] WARN  ozone.BasicOzoneFileSystem (BasicOzoneFileSystem.java:getFileStatus(765)) - GetFileStatus failed for path /gdir1/dir4/child
java.io.FileNotFoundException: gdir1/dir4/child: No such file or directory!
	at org.apache.hadoop.fs.ozone.BasicOzoneClientAdapterImpl.getFileStatus(BasicOzoneClientAdapterImpl.java:369)
	at org.apache.hadoop.fs.ozone.BasicOzoneFileSystem.getFileStatus(BasicOzoneFileSystem.java:757)
	at org.apache.hadoop.fs.ozone.TestOzoneFileSystem.checkPath(TestOzoneFileSystem.java:504)
	at org.apache.hadoop.fs.ozone.TestOzoneFileSystem.testRecursiveDelete(TestOzoneFileSystem.java:460)
	at sun.reflect.NativeMethodAccessorImpl.invoke0(Native Method)
	at sun.reflect.NativeMethodAccessorImpl.invoke(NativeMethodAccessorImpl.java:62)
	at sun.reflect.DelegatingMethodAccessorImpl.invoke(DelegatingMethodAccessorImpl.java:43)
	at java.lang.reflect.Method.invoke(Method.java:498)
	at org.junit.runners.model.FrameworkMethod$1.runReflectiveCall(FrameworkMethod.java:59)
	at org.junit.internal.runners.model.ReflectiveCallable.run(ReflectiveCallable.java:12)
	at org.junit.runners.model.FrameworkMethod.invokeExplosively(FrameworkMethod.java:56)
	at org.junit.internal.runners.statements.InvokeMethod.evaluate(InvokeMethod.java:17)
	at org.junit.internal.runners.statements.RunAfters.evaluate(RunAfters.java:27)
	at org.junit.internal.runners.statements.FailOnTimeout$CallableStatement.call(FailOnTimeout.java:288)
	at org.junit.internal.runners.statements.FailOnTimeout$CallableStatement.call(FailOnTimeout.java:282)
	at java.util.concurrent.FutureTask.run(FutureTask.java:266)
	at java.lang.Thread.run(Thread.java:750)
09:57:08.189 [IPC Server handler 12 on default port 44537] ERROR OMAudit - user=runner | ip=127.0.0.1 | op=GET_FILE_STATUS {volume=volume16412, bucket=bucket93813, key=gdir1/dir5, dataSize=0, replicationConfig=null} | ret=FAILURE
org.apache.hadoop.ozone.om.exceptions.OMException: Unable to get file status: volume: volume16412 bucket: bucket93813 key: gdir1/dir5
	at org.apache.hadoop.ozone.om.KeyManagerImpl.getOzoneFileStatus(KeyManagerImpl.java:1324) ~[ozone-manager-1.3.0-SNAPSHOT.jar:?]
	at org.apache.hadoop.ozone.om.KeyManagerImpl.getFileStatus(KeyManagerImpl.java:1254) ~[ozone-manager-1.3.0-SNAPSHOT.jar:?]
	at org.apache.hadoop.ozone.om.OzoneManager.getFileStatus(OzoneManager.java:3506) ~[ozone-manager-1.3.0-SNAPSHOT.jar:?]
	at org.apache.hadoop.ozone.protocolPB.OzoneManagerRequestHandler.getOzoneFileStatus(OzoneManagerRequestHandler.java:882) ~[ozone-manager-1.3.0-SNAPSHOT.jar:?]
	at org.apache.hadoop.ozone.protocolPB.OzoneManagerRequestHandler.handleReadRequest(OzoneManagerRequestHandler.java:228) ~[ozone-manager-1.3.0-SNAPSHOT.jar:?]
	at org.apache.hadoop.ozone.protocolPB.OzoneManagerProtocolServerSideTranslatorPB.submitReadRequestToOM(OzoneManagerProtocolServerSideTranslatorPB.java:226) ~[ozone-manager-1.3.0-SNAPSHOT.jar:?]
	at org.apache.hadoop.ozone.protocolPB.OzoneManagerProtocolServerSideTranslatorPB.processRequest(OzoneManagerProtocolServerSideTranslatorPB.java:175) ~[ozone-manager-1.3.0-SNAPSHOT.jar:?]
	at org.apache.hadoop.hdds.server.OzoneProtocolMessageDispatcher.processRequest(OzoneProtocolMessageDispatcher.java:87) [hdds-server-framework-1.3.0-SNAPSHOT.jar:?]
	at org.apache.hadoop.ozone.protocolPB.OzoneManagerProtocolServerSideTranslatorPB.submitRequest(OzoneManagerProtocolServerSideTranslatorPB.java:147) [ozone-manager-1.3.0-SNAPSHOT.jar:?]
	at org.apache.hadoop.ozone.protocol.proto.OzoneManagerProtocolProtos$OzoneManagerService$2.callBlockingMethod(OzoneManagerProtocolProtos.java) [ozone-interface-client-1.3.0-SNAPSHOT.jar:?]
	at org.apache.hadoop.ipc.ProtobufRpcEngine$Server.processCall(ProtobufRpcEngine.java:466) [hadoop-common-3.3.1.jar:?]
	at org.apache.hadoop.ipc.ProtobufRpcEngine2$Server$ProtoBufRpcInvoker.call(ProtobufRpcEngine2.java:574) [hadoop-common-3.3.1.jar:?]
	at org.apache.hadoop.ipc.ProtobufRpcEngine2$Server$ProtoBufRpcInvoker.call(ProtobufRpcEngine2.java:552) [hadoop-common-3.3.1.jar:?]
	at org.apache.hadoop.ipc.RPC$Server.call(RPC.java:1093) [hadoop-common-3.3.1.jar:?]
	at org.apache.hadoop.ipc.Server$RpcCall.run(Server.java:1035) [hadoop-common-3.3.1.jar:?]
	at org.apache.hadoop.ipc.Server$RpcCall.run(Server.java:963) [hadoop-common-3.3.1.jar:?]
	at java.security.AccessController.doPrivileged(Native Method) ~[?:1.8.0_345]
	at javax.security.auth.Subject.doAs(Subject.java:422) [?:1.8.0_345]
	at org.apache.hadoop.security.UserGroupInformation.doAs(UserGroupInformation.java:1878) [hadoop-common-3.3.1.jar:?]
	at org.apache.hadoop.ipc.Server$Handler.run(Server.java:2966) [hadoop-common-3.3.1.jar:?]
2022-09-28 09:57:08,189 [Time-limited test] WARN  ozone.BasicOzoneFileSystem (BasicOzoneFileSystem.java:getFileStatus(765)) - GetFileStatus failed for path /gdir1/dir5
java.io.FileNotFoundException: gdir1/dir5: No such file or directory!
	at org.apache.hadoop.fs.ozone.BasicOzoneClientAdapterImpl.getFileStatus(BasicOzoneClientAdapterImpl.java:369)
	at org.apache.hadoop.fs.ozone.BasicOzoneFileSystem.getFileStatus(BasicOzoneFileSystem.java:757)
	at org.apache.hadoop.fs.ozone.TestOzoneFileSystem.checkPath(TestOzoneFileSystem.java:504)
	at org.apache.hadoop.fs.ozone.TestOzoneFileSystem.testRecursiveDelete(TestOzoneFileSystem.java:459)
	at sun.reflect.NativeMethodAccessorImpl.invoke0(Native Method)
	at sun.reflect.NativeMethodAccessorImpl.invoke(NativeMethodAccessorImpl.java:62)
	at sun.reflect.DelegatingMethodAccessorImpl.invoke(DelegatingMethodAccessorImpl.java:43)
	at java.lang.reflect.Method.invoke(Method.java:498)
	at org.junit.runners.model.FrameworkMethod$1.runReflectiveCall(FrameworkMethod.java:59)
	at org.junit.internal.runners.model.ReflectiveCallable.run(ReflectiveCallable.java:12)
	at org.junit.runners.model.FrameworkMethod.invokeExplosively(FrameworkMethod.java:56)
	at org.junit.internal.runners.statements.InvokeMethod.evaluate(InvokeMethod.java:17)
	at org.junit.internal.runners.statements.RunAfters.evaluate(RunAfters.java:27)
	at org.junit.internal.runners.statements.FailOnTimeout$CallableStatement.call(FailOnTimeout.java:288)
	at org.junit.internal.runners.statements.FailOnTimeout$CallableStatement.call(FailOnTimeout.java:282)
	at java.util.concurrent.FutureTask.run(FutureTask.java:266)
	at java.lang.Thread.run(Thread.java:750)
09:57:08.190 [IPC Server handler 17 on default port 44537] ERROR OMAudit - user=runner | ip=127.0.0.1 | op=GET_FILE_STATUS {volume=volume16412, bucket=bucket93813, key=gdir1/dir5/child, dataSize=0, replicationConfig=null} | ret=FAILURE
org.apache.hadoop.ozone.om.exceptions.OMException: Unable to get file status: volume: volume16412 bucket: bucket93813 key: gdir1/dir5/child
	at org.apache.hadoop.ozone.om.KeyManagerImpl.getOzoneFileStatus(KeyManagerImpl.java:1324) ~[ozone-manager-1.3.0-SNAPSHOT.jar:?]
	at org.apache.hadoop.ozone.om.KeyManagerImpl.getFileStatus(KeyManagerImpl.java:1254) ~[ozone-manager-1.3.0-SNAPSHOT.jar:?]
	at org.apache.hadoop.ozone.om.OzoneManager.getFileStatus(OzoneManager.java:3506) ~[ozone-manager-1.3.0-SNAPSHOT.jar:?]
	at org.apache.hadoop.ozone.protocolPB.OzoneManagerRequestHandler.getOzoneFileStatus(OzoneManagerRequestHandler.java:882) ~[ozone-manager-1.3.0-SNAPSHOT.jar:?]
	at org.apache.hadoop.ozone.protocolPB.OzoneManagerRequestHandler.handleReadRequest(OzoneManagerRequestHandler.java:228) ~[ozone-manager-1.3.0-SNAPSHOT.jar:?]
	at org.apache.hadoop.ozone.protocolPB.OzoneManagerProtocolServerSideTranslatorPB.submitReadRequestToOM(OzoneManagerProtocolServerSideTranslatorPB.java:226) ~[ozone-manager-1.3.0-SNAPSHOT.jar:?]
	at org.apache.hadoop.ozone.protocolPB.OzoneManagerProtocolServerSideTranslatorPB.processRequest(OzoneManagerProtocolServerSideTranslatorPB.java:175) ~[ozone-manager-1.3.0-SNAPSHOT.jar:?]
	at org.apache.hadoop.hdds.server.OzoneProtocolMessageDispatcher.processRequest(OzoneProtocolMessageDispatcher.java:87) [hdds-server-framework-1.3.0-SNAPSHOT.jar:?]
	at org.apache.hadoop.ozone.protocolPB.OzoneManagerProtocolServerSideTranslatorPB.submitRequest(OzoneManagerProtocolServerSideTranslatorPB.java:147) [ozone-manager-1.3.0-SNAPSHOT.jar:?]
	at org.apache.hadoop.ozone.protocol.proto.OzoneManagerProtocolProtos$OzoneManagerService$2.callBlockingMethod(OzoneManagerProtocolProtos.java) [ozone-interface-client-1.3.0-SNAPSHOT.jar:?]
	at org.apache.hadoop.ipc.ProtobufRpcEngine$Server.processCall(ProtobufRpcEngine.java:466) [hadoop-common-3.3.1.jar:?]
	at org.apache.hadoop.ipc.ProtobufRpcEngine2$Server$ProtoBufRpcInvoker.call(ProtobufRpcEngine2.java:574) [hadoop-common-3.3.1.jar:?]
	at org.apache.hadoop.ipc.ProtobufRpcEngine2$Server$ProtoBufRpcInvoker.call(ProtobufRpcEngine2.java:552) [hadoop-common-3.3.1.jar:?]
	at org.apache.hadoop.ipc.RPC$Server.call(RPC.java:1093) [hadoop-common-3.3.1.jar:?]
	at org.apache.hadoop.ipc.Server$RpcCall.run(Server.java:1035) [hadoop-common-3.3.1.jar:?]
	at org.apache.hadoop.ipc.Server$RpcCall.run(Server.java:963) [hadoop-common-3.3.1.jar:?]
	at java.security.AccessController.doPrivileged(Native Method) ~[?:1.8.0_345]
	at javax.security.auth.Subject.doAs(Subject.java:422) [?:1.8.0_345]
	at org.apache.hadoop.security.UserGroupInformation.doAs(UserGroupInformation.java:1878) [hadoop-common-3.3.1.jar:?]
	at org.apache.hadoop.ipc.Server$Handler.run(Server.java:2966) [hadoop-common-3.3.1.jar:?]
2022-09-28 09:57:08,191 [Time-limited test] WARN  ozone.BasicOzoneFileSystem (BasicOzoneFileSystem.java:getFileStatus(765)) - GetFileStatus failed for path /gdir1/dir5/child
java.io.FileNotFoundException: gdir1/dir5/child: No such file or directory!
	at org.apache.hadoop.fs.ozone.BasicOzoneClientAdapterImpl.getFileStatus(BasicOzoneClientAdapterImpl.java:369)
	at org.apache.hadoop.fs.ozone.BasicOzoneFileSystem.getFileStatus(BasicOzoneFileSystem.java:757)
	at org.apache.hadoop.fs.ozone.TestOzoneFileSystem.checkPath(TestOzoneFileSystem.java:504)
	at org.apache.hadoop.fs.ozone.TestOzoneFileSystem.testRecursiveDelete(TestOzoneFileSystem.java:460)
	at sun.reflect.NativeMethodAccessorImpl.invoke0(Native Method)
	at sun.reflect.NativeMethodAccessorImpl.invoke(NativeMethodAccessorImpl.java:62)
	at sun.reflect.DelegatingMethodAccessorImpl.invoke(DelegatingMethodAccessorImpl.java:43)
	at java.lang.reflect.Method.invoke(Method.java:498)
	at org.junit.runners.model.FrameworkMethod$1.runReflectiveCall(FrameworkMethod.java:59)
	at org.junit.internal.runners.model.ReflectiveCallable.run(ReflectiveCallable.java:12)
	at org.junit.runners.model.FrameworkMethod.invokeExplosively(FrameworkMethod.java:56)
	at org.junit.internal.runners.statements.InvokeMethod.evaluate(InvokeMethod.java:17)
	at org.junit.internal.runners.statements.RunAfters.evaluate(RunAfters.java:27)
	at org.junit.internal.runners.statements.FailOnTimeout$CallableStatement.call(FailOnTimeout.java:288)
	at org.junit.internal.runners.statements.FailOnTimeout$CallableStatement.call(FailOnTimeout.java:282)
	at java.util.concurrent.FutureTask.run(FutureTask.java:266)
	at java.lang.Thread.run(Thread.java:750)
09:57:08.191 [IPC Server handler 16 on default port 44537] ERROR OMAudit - user=runner | ip=127.0.0.1 | op=GET_FILE_STATUS {volume=volume16412, bucket=bucket93813, key=gdir1/dir6, dataSize=0, replicationConfig=null} | ret=FAILURE
org.apache.hadoop.ozone.om.exceptions.OMException: Unable to get file status: volume: volume16412 bucket: bucket93813 key: gdir1/dir6
	at org.apache.hadoop.ozone.om.KeyManagerImpl.getOzoneFileStatus(KeyManagerImpl.java:1324) ~[ozone-manager-1.3.0-SNAPSHOT.jar:?]
	at org.apache.hadoop.ozone.om.KeyManagerImpl.getFileStatus(KeyManagerImpl.java:1254) ~[ozone-manager-1.3.0-SNAPSHOT.jar:?]
	at org.apache.hadoop.ozone.om.OzoneManager.getFileStatus(OzoneManager.java:3506) ~[ozone-manager-1.3.0-SNAPSHOT.jar:?]
	at org.apache.hadoop.ozone.protocolPB.OzoneManagerRequestHandler.getOzoneFileStatus(OzoneManagerRequestHandler.java:882) ~[ozone-manager-1.3.0-SNAPSHOT.jar:?]
	at org.apache.hadoop.ozone.protocolPB.OzoneManagerRequestHandler.handleReadRequest(OzoneManagerRequestHandler.java:228) ~[ozone-manager-1.3.0-SNAPSHOT.jar:?]
	at org.apache.hadoop.ozone.protocolPB.OzoneManagerProtocolServerSideTranslatorPB.submitReadRequestToOM(OzoneManagerProtocolServerSideTranslatorPB.java:226) ~[ozone-manager-1.3.0-SNAPSHOT.jar:?]
	at org.apache.hadoop.ozone.protocolPB.OzoneManagerProtocolServerSideTranslatorPB.processRequest(OzoneManagerProtocolServerSideTranslatorPB.java:175) ~[ozone-manager-1.3.0-SNAPSHOT.jar:?]
	at org.apache.hadoop.hdds.server.OzoneProtocolMessageDispatcher.processRequest(OzoneProtocolMessageDispatcher.java:87) [hdds-server-framework-1.3.0-SNAPSHOT.jar:?]
	at org.apache.hadoop.ozone.protocolPB.OzoneManagerProtocolServerSideTranslatorPB.submitRequest(OzoneManagerProtocolServerSideTranslatorPB.java:147) [ozone-manager-1.3.0-SNAPSHOT.jar:?]
	at org.apache.hadoop.ozone.protocol.proto.OzoneManagerProtocolProtos$OzoneManagerService$2.callBlockingMethod(OzoneManagerProtocolProtos.java) [ozone-interface-client-1.3.0-SNAPSHOT.jar:?]
	at org.apache.hadoop.ipc.ProtobufRpcEngine$Server.processCall(ProtobufRpcEngine.java:466) [hadoop-common-3.3.1.jar:?]
	at org.apache.hadoop.ipc.ProtobufRpcEngine2$Server$ProtoBufRpcInvoker.call(ProtobufRpcEngine2.java:574) [hadoop-common-3.3.1.jar:?]
	at org.apache.hadoop.ipc.ProtobufRpcEngine2$Server$ProtoBufRpcInvoker.call(ProtobufRpcEngine2.java:552) [hadoop-common-3.3.1.jar:?]
	at org.apache.hadoop.ipc.RPC$Server.call(RPC.java:1093) [hadoop-common-3.3.1.jar:?]
	at org.apache.hadoop.ipc.Server$RpcCall.run(Server.java:1035) [hadoop-common-3.3.1.jar:?]
	at org.apache.hadoop.ipc.Server$RpcCall.run(Server.java:963) [hadoop-common-3.3.1.jar:?]
	at java.security.AccessController.doPrivileged(Native Method) ~[?:1.8.0_345]
	at javax.security.auth.Subject.doAs(Subject.java:422) [?:1.8.0_345]
	at org.apache.hadoop.security.UserGroupInformation.doAs(UserGroupInformation.java:1878) [hadoop-common-3.3.1.jar:?]
	at org.apache.hadoop.ipc.Server$Handler.run(Server.java:2966) [hadoop-common-3.3.1.jar:?]
2022-09-28 09:57:08,192 [Time-limited test] WARN  ozone.BasicOzoneFileSystem (BasicOzoneFileSystem.java:getFileStatus(765)) - GetFileStatus failed for path /gdir1/dir6
java.io.FileNotFoundException: gdir1/dir6: No such file or directory!
	at org.apache.hadoop.fs.ozone.BasicOzoneClientAdapterImpl.getFileStatus(BasicOzoneClientAdapterImpl.java:369)
	at org.apache.hadoop.fs.ozone.BasicOzoneFileSystem.getFileStatus(BasicOzoneFileSystem.java:757)
	at org.apache.hadoop.fs.ozone.TestOzoneFileSystem.checkPath(TestOzoneFileSystem.java:504)
	at org.apache.hadoop.fs.ozone.TestOzoneFileSystem.testRecursiveDelete(TestOzoneFileSystem.java:459)
	at sun.reflect.NativeMethodAccessorImpl.invoke0(Native Method)
	at sun.reflect.NativeMethodAccessorImpl.invoke(NativeMethodAccessorImpl.java:62)
	at sun.reflect.DelegatingMethodAccessorImpl.invoke(DelegatingMethodAccessorImpl.java:43)
	at java.lang.reflect.Method.invoke(Method.java:498)
	at org.junit.runners.model.FrameworkMethod$1.runReflectiveCall(FrameworkMethod.java:59)
	at org.junit.internal.runners.model.ReflectiveCallable.run(ReflectiveCallable.java:12)
	at org.junit.runners.model.FrameworkMethod.invokeExplosively(FrameworkMethod.java:56)
	at org.junit.internal.runners.statements.InvokeMethod.evaluate(InvokeMethod.java:17)
	at org.junit.internal.runners.statements.RunAfters.evaluate(RunAfters.java:27)
	at org.junit.internal.runners.statements.FailOnTimeout$CallableStatement.call(FailOnTimeout.java:288)
	at org.junit.internal.runners.statements.FailOnTimeout$CallableStatement.call(FailOnTimeout.java:282)
	at java.util.concurrent.FutureTask.run(FutureTask.java:266)
	at java.lang.Thread.run(Thread.java:750)
09:57:08.192 [IPC Server handler 15 on default port 44537] ERROR OMAudit - user=runner | ip=127.0.0.1 | op=GET_FILE_STATUS {volume=volume16412, bucket=bucket93813, key=gdir1/dir6/child, dataSize=0, replicationConfig=null} | ret=FAILURE
org.apache.hadoop.ozone.om.exceptions.OMException: Unable to get file status: volume: volume16412 bucket: bucket93813 key: gdir1/dir6/child
	at org.apache.hadoop.ozone.om.KeyManagerImpl.getOzoneFileStatus(KeyManagerImpl.java:1324) ~[ozone-manager-1.3.0-SNAPSHOT.jar:?]
	at org.apache.hadoop.ozone.om.KeyManagerImpl.getFileStatus(KeyManagerImpl.java:1254) ~[ozone-manager-1.3.0-SNAPSHOT.jar:?]
	at org.apache.hadoop.ozone.om.OzoneManager.getFileStatus(OzoneManager.java:3506) ~[ozone-manager-1.3.0-SNAPSHOT.jar:?]
	at org.apache.hadoop.ozone.protocolPB.OzoneManagerRequestHandler.getOzoneFileStatus(OzoneManagerRequestHandler.java:882) ~[ozone-manager-1.3.0-SNAPSHOT.jar:?]
	at org.apache.hadoop.ozone.protocolPB.OzoneManagerRequestHandler.handleReadRequest(OzoneManagerRequestHandler.java:228) ~[ozone-manager-1.3.0-SNAPSHOT.jar:?]
	at org.apache.hadoop.ozone.protocolPB.OzoneManagerProtocolServerSideTranslatorPB.submitReadRequestToOM(OzoneManagerProtocolServerSideTranslatorPB.java:226) ~[ozone-manager-1.3.0-SNAPSHOT.jar:?]
	at org.apache.hadoop.ozone.protocolPB.OzoneManagerProtocolServerSideTranslatorPB.processRequest(OzoneManagerProtocolServerSideTranslatorPB.java:175) ~[ozone-manager-1.3.0-SNAPSHOT.jar:?]
	at org.apache.hadoop.hdds.server.OzoneProtocolMessageDispatcher.processRequest(OzoneProtocolMessageDispatcher.java:87) [hdds-server-framework-1.3.0-SNAPSHOT.jar:?]
	at org.apache.hadoop.ozone.protocolPB.OzoneManagerProtocolServerSideTranslatorPB.submitRequest(OzoneManagerProtocolServerSideTranslatorPB.java:147) [ozone-manager-1.3.0-SNAPSHOT.jar:?]
	at org.apache.hadoop.ozone.protocol.proto.OzoneManagerProtocolProtos$OzoneManagerService$2.callBlockingMethod(OzoneManagerProtocolProtos.java) [ozone-interface-client-1.3.0-SNAPSHOT.jar:?]
	at org.apache.hadoop.ipc.ProtobufRpcEngine$Server.processCall(ProtobufRpcEngine.java:466) [hadoop-common-3.3.1.jar:?]
	at org.apache.hadoop.ipc.ProtobufRpcEngine2$Server$ProtoBufRpcInvoker.call(ProtobufRpcEngine2.java:574) [hadoop-common-3.3.1.jar:?]
	at org.apache.hadoop.ipc.ProtobufRpcEngine2$Server$ProtoBufRpcInvoker.call(ProtobufRpcEngine2.java:552) [hadoop-common-3.3.1.jar:?]
	at org.apache.hadoop.ipc.RPC$Server.call(RPC.java:1093) [hadoop-common-3.3.1.jar:?]
	at org.apache.hadoop.ipc.Server$RpcCall.run(Server.java:1035) [hadoop-common-3.3.1.jar:?]
	at org.apache.hadoop.ipc.Server$RpcCall.run(Server.java:963) [hadoop-common-3.3.1.jar:?]
	at java.security.AccessController.doPrivileged(Native Method) ~[?:1.8.0_345]
	at javax.security.auth.Subject.doAs(Subject.java:422) [?:1.8.0_345]
	at org.apache.hadoop.security.UserGroupInformation.doAs(UserGroupInformation.java:1878) [hadoop-common-3.3.1.jar:?]
	at org.apache.hadoop.ipc.Server$Handler.run(Server.java:2966) [hadoop-common-3.3.1.jar:?]
2022-09-28 09:57:08,192 [Time-limited test] WARN  ozone.BasicOzoneFileSystem (BasicOzoneFileSystem.java:getFileStatus(765)) - GetFileStatus failed for path /gdir1/dir6/child
java.io.FileNotFoundException: gdir1/dir6/child: No such file or directory!
	at org.apache.hadoop.fs.ozone.BasicOzoneClientAdapterImpl.getFileStatus(BasicOzoneClientAdapterImpl.java:369)
	at org.apache.hadoop.fs.ozone.BasicOzoneFileSystem.getFileStatus(BasicOzoneFileSystem.java:757)
	at org.apache.hadoop.fs.ozone.TestOzoneFileSystem.checkPath(TestOzoneFileSystem.java:504)
	at org.apache.hadoop.fs.ozone.TestOzoneFileSystem.testRecursiveDelete(TestOzoneFileSystem.java:460)
	at sun.reflect.NativeMethodAccessorImpl.invoke0(Native Method)
	at sun.reflect.NativeMethodAccessorImpl.invoke(NativeMethodAccessorImpl.java:62)
	at sun.reflect.DelegatingMethodAccessorImpl.invoke(DelegatingMethodAccessorImpl.java:43)
	at java.lang.reflect.Method.invoke(Method.java:498)
	at org.junit.runners.model.FrameworkMethod$1.runReflectiveCall(FrameworkMethod.java:59)
	at org.junit.internal.runners.model.ReflectiveCallable.run(ReflectiveCallable.java:12)
	at org.junit.runners.model.FrameworkMethod.invokeExplosively(FrameworkMethod.java:56)
	at org.junit.internal.runners.statements.InvokeMethod.evaluate(InvokeMethod.java:17)
	at org.junit.internal.runners.statements.RunAfters.evaluate(RunAfters.java:27)
	at org.junit.internal.runners.statements.FailOnTimeout$CallableStatement.call(FailOnTimeout.java:288)
	at org.junit.internal.runners.statements.FailOnTimeout$CallableStatement.call(FailOnTimeout.java:282)
	at java.util.concurrent.FutureTask.run(FutureTask.java:266)
	at java.lang.Thread.run(Thread.java:750)
09:57:08.193 [IPC Server handler 2 on default port 44537] ERROR OMAudit - user=runner | ip=127.0.0.1 | op=GET_FILE_STATUS {volume=volume16412, bucket=bucket93813, key=gdir1/dir7, dataSize=0, replicationConfig=null} | ret=FAILURE
org.apache.hadoop.ozone.om.exceptions.OMException: Unable to get file status: volume: volume16412 bucket: bucket93813 key: gdir1/dir7
	at org.apache.hadoop.ozone.om.KeyManagerImpl.getOzoneFileStatus(KeyManagerImpl.java:1324) ~[ozone-manager-1.3.0-SNAPSHOT.jar:?]
	at org.apache.hadoop.ozone.om.KeyManagerImpl.getFileStatus(KeyManagerImpl.java:1254) ~[ozone-manager-1.3.0-SNAPSHOT.jar:?]
	at org.apache.hadoop.ozone.om.OzoneManager.getFileStatus(OzoneManager.java:3506) ~[ozone-manager-1.3.0-SNAPSHOT.jar:?]
	at org.apache.hadoop.ozone.protocolPB.OzoneManagerRequestHandler.getOzoneFileStatus(OzoneManagerRequestHandler.java:882) ~[ozone-manager-1.3.0-SNAPSHOT.jar:?]
	at org.apache.hadoop.ozone.protocolPB.OzoneManagerRequestHandler.handleReadRequest(OzoneManagerRequestHandler.java:228) ~[ozone-manager-1.3.0-SNAPSHOT.jar:?]
	at org.apache.hadoop.ozone.protocolPB.OzoneManagerProtocolServerSideTranslatorPB.submitReadRequestToOM(OzoneManagerProtocolServerSideTranslatorPB.java:226) ~[ozone-manager-1.3.0-SNAPSHOT.jar:?]
	at org.apache.hadoop.ozone.protocolPB.OzoneManagerProtocolServerSideTranslatorPB.processRequest(OzoneManagerProtocolServerSideTranslatorPB.java:175) ~[ozone-manager-1.3.0-SNAPSHOT.jar:?]
	at org.apache.hadoop.hdds.server.OzoneProtocolMessageDispatcher.processRequest(OzoneProtocolMessageDispatcher.java:87) [hdds-server-framework-1.3.0-SNAPSHOT.jar:?]
	at org.apache.hadoop.ozone.protocolPB.OzoneManagerProtocolServerSideTranslatorPB.submitRequest(OzoneManagerProtocolServerSideTranslatorPB.java:147) [ozone-manager-1.3.0-SNAPSHOT.jar:?]
	at org.apache.hadoop.ozone.protocol.proto.OzoneManagerProtocolProtos$OzoneManagerService$2.callBlockingMethod(OzoneManagerProtocolProtos.java) [ozone-interface-client-1.3.0-SNAPSHOT.jar:?]
	at org.apache.hadoop.ipc.ProtobufRpcEngine$Server.processCall(ProtobufRpcEngine.java:466) [hadoop-common-3.3.1.jar:?]
	at org.apache.hadoop.ipc.ProtobufRpcEngine2$Server$ProtoBufRpcInvoker.call(ProtobufRpcEngine2.java:574) [hadoop-common-3.3.1.jar:?]
	at org.apache.hadoop.ipc.ProtobufRpcEngine2$Server$ProtoBufRpcInvoker.call(ProtobufRpcEngine2.java:552) [hadoop-common-3.3.1.jar:?]
	at org.apache.hadoop.ipc.RPC$Server.call(RPC.java:1093) [hadoop-common-3.3.1.jar:?]
	at org.apache.hadoop.ipc.Server$RpcCall.run(Server.java:1035) [hadoop-common-3.3.1.jar:?]
	at org.apache.hadoop.ipc.Server$RpcCall.run(Server.java:963) [hadoop-common-3.3.1.jar:?]
	at java.security.AccessController.doPrivileged(Native Method) ~[?:1.8.0_345]
	at javax.security.auth.Subject.doAs(Subject.java:422) [?:1.8.0_345]
	at org.apache.hadoop.security.UserGroupInformation.doAs(UserGroupInformation.java:1878) [hadoop-common-3.3.1.jar:?]
	at org.apache.hadoop.ipc.Server$Handler.run(Server.java:2966) [hadoop-common-3.3.1.jar:?]
2022-09-28 09:57:08,193 [Time-limited test] WARN  ozone.BasicOzoneFileSystem (BasicOzoneFileSystem.java:getFileStatus(765)) - GetFileStatus failed for path /gdir1/dir7
java.io.FileNotFoundException: gdir1/dir7: No such file or directory!
	at org.apache.hadoop.fs.ozone.BasicOzoneClientAdapterImpl.getFileStatus(BasicOzoneClientAdapterImpl.java:369)
	at org.apache.hadoop.fs.ozone.BasicOzoneFileSystem.getFileStatus(BasicOzoneFileSystem.java:757)
	at org.apache.hadoop.fs.ozone.TestOzoneFileSystem.checkPath(TestOzoneFileSystem.java:504)
	at org.apache.hadoop.fs.ozone.TestOzoneFileSystem.testRecursiveDelete(TestOzoneFileSystem.java:459)
	at sun.reflect.NativeMethodAccessorImpl.invoke0(Native Method)
	at sun.reflect.NativeMethodAccessorImpl.invoke(NativeMethodAccessorImpl.java:62)
	at sun.reflect.DelegatingMethodAccessorImpl.invoke(DelegatingMethodAccessorImpl.java:43)
	at java.lang.reflect.Method.invoke(Method.java:498)
	at org.junit.runners.model.FrameworkMethod$1.runReflectiveCall(FrameworkMethod.java:59)
	at org.junit.internal.runners.model.ReflectiveCallable.run(ReflectiveCallable.java:12)
	at org.junit.runners.model.FrameworkMethod.invokeExplosively(FrameworkMethod.java:56)
	at org.junit.internal.runners.statements.InvokeMethod.evaluate(InvokeMethod.java:17)
	at org.junit.internal.runners.statements.RunAfters.evaluate(RunAfters.java:27)
	at org.junit.internal.runners.statements.FailOnTimeout$CallableStatement.call(FailOnTimeout.java:288)
	at org.junit.internal.runners.statements.FailOnTimeout$CallableStatement.call(FailOnTimeout.java:282)
	at java.util.concurrent.FutureTask.run(FutureTask.java:266)
	at java.lang.Thread.run(Thread.java:750)
09:57:08.193 [IPC Server handler 19 on default port 44537] ERROR OMAudit - user=runner | ip=127.0.0.1 | op=GET_FILE_STATUS {volume=volume16412, bucket=bucket93813, key=gdir1/dir7/child, dataSize=0, replicationConfig=null} | ret=FAILURE
org.apache.hadoop.ozone.om.exceptions.OMException: Unable to get file status: volume: volume16412 bucket: bucket93813 key: gdir1/dir7/child
	at org.apache.hadoop.ozone.om.KeyManagerImpl.getOzoneFileStatus(KeyManagerImpl.java:1324) ~[ozone-manager-1.3.0-SNAPSHOT.jar:?]
	at org.apache.hadoop.ozone.om.KeyManagerImpl.getFileStatus(KeyManagerImpl.java:1254) ~[ozone-manager-1.3.0-SNAPSHOT.jar:?]
	at org.apache.hadoop.ozone.om.OzoneManager.getFileStatus(OzoneManager.java:3506) ~[ozone-manager-1.3.0-SNAPSHOT.jar:?]
	at org.apache.hadoop.ozone.protocolPB.OzoneManagerRequestHandler.getOzoneFileStatus(OzoneManagerRequestHandler.java:882) ~[ozone-manager-1.3.0-SNAPSHOT.jar:?]
	at org.apache.hadoop.ozone.protocolPB.OzoneManagerRequestHandler.handleReadRequest(OzoneManagerRequestHandler.java:228) ~[ozone-manager-1.3.0-SNAPSHOT.jar:?]
	at org.apache.hadoop.ozone.protocolPB.OzoneManagerProtocolServerSideTranslatorPB.submitReadRequestToOM(OzoneManagerProtocolServerSideTranslatorPB.java:226) ~[ozone-manager-1.3.0-SNAPSHOT.jar:?]
	at org.apache.hadoop.ozone.protocolPB.OzoneManagerProtocolServerSideTranslatorPB.processRequest(OzoneManagerProtocolServerSideTranslatorPB.java:175) ~[ozone-manager-1.3.0-SNAPSHOT.jar:?]
	at org.apache.hadoop.hdds.server.OzoneProtocolMessageDispatcher.processRequest(OzoneProtocolMessageDispatcher.java:87) [hdds-server-framework-1.3.0-SNAPSHOT.jar:?]
	at org.apache.hadoop.ozone.protocolPB.OzoneManagerProtocolServerSideTranslatorPB.submitRequest(OzoneManagerProtocolServerSideTranslatorPB.java:147) [ozone-manager-1.3.0-SNAPSHOT.jar:?]
	at org.apache.hadoop.ozone.protocol.proto.OzoneManagerProtocolProtos$OzoneManagerService$2.callBlockingMethod(OzoneManagerProtocolProtos.java) [ozone-interface-client-1.3.0-SNAPSHOT.jar:?]
	at org.apache.hadoop.ipc.ProtobufRpcEngine$Server.processCall(ProtobufRpcEngine.java:466) [hadoop-common-3.3.1.jar:?]
	at org.apache.hadoop.ipc.ProtobufRpcEngine2$Server$ProtoBufRpcInvoker.call(ProtobufRpcEngine2.java:574) [hadoop-common-3.3.1.jar:?]
	at org.apache.hadoop.ipc.ProtobufRpcEngine2$Server$ProtoBufRpcInvoker.call(ProtobufRpcEngine2.java:552) [hadoop-common-3.3.1.jar:?]
	at org.apache.hadoop.ipc.RPC$Server.call(RPC.java:1093) [hadoop-common-3.3.1.jar:?]
	at org.apache.hadoop.ipc.Server$RpcCall.run(Server.java:1035) [hadoop-common-3.3.1.jar:?]
	at org.apache.hadoop.ipc.Server$RpcCall.run(Server.java:963) [hadoop-common-3.3.1.jar:?]
	at java.security.AccessController.doPrivileged(Native Method) ~[?:1.8.0_345]
	at javax.security.auth.Subject.doAs(Subject.java:422) [?:1.8.0_345]
	at org.apache.hadoop.security.UserGroupInformation.doAs(UserGroupInformation.java:1878) [hadoop-common-3.3.1.jar:?]
	at org.apache.hadoop.ipc.Server$Handler.run(Server.java:2966) [hadoop-common-3.3.1.jar:?]
2022-09-28 09:57:08,193 [Time-limited test] WARN  ozone.BasicOzoneFileSystem (BasicOzoneFileSystem.java:getFileStatus(765)) - GetFileStatus failed for path /gdir1/dir7/child
java.io.FileNotFoundException: gdir1/dir7/child: No such file or directory!
	at org.apache.hadoop.fs.ozone.BasicOzoneClientAdapterImpl.getFileStatus(BasicOzoneClientAdapterImpl.java:369)
	at org.apache.hadoop.fs.ozone.BasicOzoneFileSystem.getFileStatus(BasicOzoneFileSystem.java:757)
	at org.apache.hadoop.fs.ozone.TestOzoneFileSystem.checkPath(TestOzoneFileSystem.java:504)
	at org.apache.hadoop.fs.ozone.TestOzoneFileSystem.testRecursiveDelete(TestOzoneFileSystem.java:460)
	at sun.reflect.NativeMethodAccessorImpl.invoke0(Native Method)
	at sun.reflect.NativeMethodAccessorImpl.invoke(NativeMethodAccessorImpl.java:62)
	at sun.reflect.DelegatingMethodAccessorImpl.invoke(DelegatingMethodAccessorImpl.java:43)
	at java.lang.reflect.Method.invoke(Method.java:498)
	at org.junit.runners.model.FrameworkMethod$1.runReflectiveCall(FrameworkMethod.java:59)
	at org.junit.internal.runners.model.ReflectiveCallable.run(ReflectiveCallable.java:12)
	at org.junit.runners.model.FrameworkMethod.invokeExplosively(FrameworkMethod.java:56)
	at org.junit.internal.runners.statements.InvokeMethod.evaluate(InvokeMethod.java:17)
	at org.junit.internal.runners.statements.RunAfters.evaluate(RunAfters.java:27)
	at org.junit.internal.runners.statements.FailOnTimeout$CallableStatement.call(FailOnTimeout.java:288)
	at org.junit.internal.runners.statements.FailOnTimeout$CallableStatement.call(FailOnTimeout.java:282)
	at java.util.concurrent.FutureTask.run(FutureTask.java:266)
	at java.lang.Thread.run(Thread.java:750)
09:57:08.194 [IPC Server handler 18 on default port 44537] ERROR OMAudit - user=runner | ip=127.0.0.1 | op=GET_FILE_STATUS {volume=volume16412, bucket=bucket93813, key=gdir1/dir8, dataSize=0, replicationConfig=null} | ret=FAILURE
org.apache.hadoop.ozone.om.exceptions.OMException: Unable to get file status: volume: volume16412 bucket: bucket93813 key: gdir1/dir8
	at org.apache.hadoop.ozone.om.KeyManagerImpl.getOzoneFileStatus(KeyManagerImpl.java:1324) ~[ozone-manager-1.3.0-SNAPSHOT.jar:?]
	at org.apache.hadoop.ozone.om.KeyManagerImpl.getFileStatus(KeyManagerImpl.java:1254) ~[ozone-manager-1.3.0-SNAPSHOT.jar:?]
	at org.apache.hadoop.ozone.om.OzoneManager.getFileStatus(OzoneManager.java:3506) ~[ozone-manager-1.3.0-SNAPSHOT.jar:?]
	at org.apache.hadoop.ozone.protocolPB.OzoneManagerRequestHandler.getOzoneFileStatus(OzoneManagerRequestHandler.java:882) ~[ozone-manager-1.3.0-SNAPSHOT.jar:?]
	at org.apache.hadoop.ozone.protocolPB.OzoneManagerRequestHandler.handleReadRequest(OzoneManagerRequestHandler.java:228) ~[ozone-manager-1.3.0-SNAPSHOT.jar:?]
	at org.apache.hadoop.ozone.protocolPB.OzoneManagerProtocolServerSideTranslatorPB.submitReadRequestToOM(OzoneManagerProtocolServerSideTranslatorPB.java:226) ~[ozone-manager-1.3.0-SNAPSHOT.jar:?]
	at org.apache.hadoop.ozone.protocolPB.OzoneManagerProtocolServerSideTranslatorPB.processRequest(OzoneManagerProtocolServerSideTranslatorPB.java:175) ~[ozone-manager-1.3.0-SNAPSHOT.jar:?]
	at org.apache.hadoop.hdds.server.OzoneProtocolMessageDispatcher.processRequest(OzoneProtocolMessageDispatcher.java:87) [hdds-server-framework-1.3.0-SNAPSHOT.jar:?]
	at org.apache.hadoop.ozone.protocolPB.OzoneManagerProtocolServerSideTranslatorPB.submitRequest(OzoneManagerProtocolServerSideTranslatorPB.java:147) [ozone-manager-1.3.0-SNAPSHOT.jar:?]
	at org.apache.hadoop.ozone.protocol.proto.OzoneManagerProtocolProtos$OzoneManagerService$2.callBlockingMethod(OzoneManagerProtocolProtos.java) [ozone-interface-client-1.3.0-SNAPSHOT.jar:?]
	at org.apache.hadoop.ipc.ProtobufRpcEngine$Server.processCall(ProtobufRpcEngine.java:466) [hadoop-common-3.3.1.jar:?]
	at org.apache.hadoop.ipc.ProtobufRpcEngine2$Server$ProtoBufRpcInvoker.call(ProtobufRpcEngine2.java:574) [hadoop-common-3.3.1.jar:?]
	at org.apache.hadoop.ipc.ProtobufRpcEngine2$Server$ProtoBufRpcInvoker.call(ProtobufRpcEngine2.java:552) [hadoop-common-3.3.1.jar:?]
	at org.apache.hadoop.ipc.RPC$Server.call(RPC.java:1093) [hadoop-common-3.3.1.jar:?]
	at org.apache.hadoop.ipc.Server$RpcCall.run(Server.java:1035) [hadoop-common-3.3.1.jar:?]
	at org.apache.hadoop.ipc.Server$RpcCall.run(Server.java:963) [hadoop-common-3.3.1.jar:?]
	at java.security.AccessController.doPrivileged(Native Method) ~[?:1.8.0_345]
	at javax.security.auth.Subject.doAs(Subject.java:422) [?:1.8.0_345]
	at org.apache.hadoop.security.UserGroupInformation.doAs(UserGroupInformation.java:1878) [hadoop-common-3.3.1.jar:?]
	at org.apache.hadoop.ipc.Server$Handler.run(Server.java:2966) [hadoop-common-3.3.1.jar:?]
2022-09-28 09:57:08,194 [Time-limited test] WARN  ozone.BasicOzoneFileSystem (BasicOzoneFileSystem.java:getFileStatus(765)) - GetFileStatus failed for path /gdir1/dir8
java.io.FileNotFoundException: gdir1/dir8: No such file or directory!
	at org.apache.hadoop.fs.ozone.BasicOzoneClientAdapterImpl.getFileStatus(BasicOzoneClientAdapterImpl.java:369)
	at org.apache.hadoop.fs.ozone.BasicOzoneFileSystem.getFileStatus(BasicOzoneFileSystem.java:757)
	at org.apache.hadoop.fs.ozone.TestOzoneFileSystem.checkPath(TestOzoneFileSystem.java:504)
	at org.apache.hadoop.fs.ozone.TestOzoneFileSystem.testRecursiveDelete(TestOzoneFileSystem.java:459)
	at sun.reflect.NativeMethodAccessorImpl.invoke0(Native Method)
	at sun.reflect.NativeMethodAccessorImpl.invoke(NativeMethodAccessorImpl.java:62)
	at sun.reflect.DelegatingMethodAccessorImpl.invoke(DelegatingMethodAccessorImpl.java:43)
	at java.lang.reflect.Method.invoke(Method.java:498)
	at org.junit.runners.model.FrameworkMethod$1.runReflectiveCall(FrameworkMethod.java:59)
	at org.junit.internal.runners.model.ReflectiveCallable.run(ReflectiveCallable.java:12)
	at org.junit.runners.model.FrameworkMethod.invokeExplosively(FrameworkMethod.java:56)
	at org.junit.internal.runners.statements.InvokeMethod.evaluate(InvokeMethod.java:17)
	at org.junit.internal.runners.statements.RunAfters.evaluate(RunAfters.java:27)
	at org.junit.internal.runners.statements.FailOnTimeout$CallableStatement.call(FailOnTimeout.java:288)
	at org.junit.internal.runners.statements.FailOnTimeout$CallableStatement.call(FailOnTimeout.java:282)
	at java.util.concurrent.FutureTask.run(FutureTask.java:266)
	at java.lang.Thread.run(Thread.java:750)
09:57:08.194 [IPC Server handler 1 on default port 44537] ERROR OMAudit - user=runner | ip=127.0.0.1 | op=GET_FILE_STATUS {volume=volume16412, bucket=bucket93813, key=gdir1/dir8/child, dataSize=0, replicationConfig=null} | ret=FAILURE
org.apache.hadoop.ozone.om.exceptions.OMException: Unable to get file status: volume: volume16412 bucket: bucket93813 key: gdir1/dir8/child
	at org.apache.hadoop.ozone.om.KeyManagerImpl.getOzoneFileStatus(KeyManagerImpl.java:1324) ~[ozone-manager-1.3.0-SNAPSHOT.jar:?]
	at org.apache.hadoop.ozone.om.KeyManagerImpl.getFileStatus(KeyManagerImpl.java:1254) ~[ozone-manager-1.3.0-SNAPSHOT.jar:?]
	at org.apache.hadoop.ozone.om.OzoneManager.getFileStatus(OzoneManager.java:3506) ~[ozone-manager-1.3.0-SNAPSHOT.jar:?]
	at org.apache.hadoop.ozone.protocolPB.OzoneManagerRequestHandler.getOzoneFileStatus(OzoneManagerRequestHandler.java:882) ~[ozone-manager-1.3.0-SNAPSHOT.jar:?]
	at org.apache.hadoop.ozone.protocolPB.OzoneManagerRequestHandler.handleReadRequest(OzoneManagerRequestHandler.java:228) ~[ozone-manager-1.3.0-SNAPSHOT.jar:?]
	at org.apache.hadoop.ozone.protocolPB.OzoneManagerProtocolServerSideTranslatorPB.submitReadRequestToOM(OzoneManagerProtocolServerSideTranslatorPB.java:226) ~[ozone-manager-1.3.0-SNAPSHOT.jar:?]
	at org.apache.hadoop.ozone.protocolPB.OzoneManagerProtocolServerSideTranslatorPB.processRequest(OzoneManagerProtocolServerSideTranslatorPB.java:175) ~[ozone-manager-1.3.0-SNAPSHOT.jar:?]
	at org.apache.hadoop.hdds.server.OzoneProtocolMessageDispatcher.processRequest(OzoneProtocolMessageDispatcher.java:87) [hdds-server-framework-1.3.0-SNAPSHOT.jar:?]
	at org.apache.hadoop.ozone.protocolPB.OzoneManagerProtocolServerSideTranslatorPB.submitRequest(OzoneManagerProtocolServerSideTranslatorPB.java:147) [ozone-manager-1.3.0-SNAPSHOT.jar:?]
	at org.apache.hadoop.ozone.protocol.proto.OzoneManagerProtocolProtos$OzoneManagerService$2.callBlockingMethod(OzoneManagerProtocolProtos.java) [ozone-interface-client-1.3.0-SNAPSHOT.jar:?]
	at org.apache.hadoop.ipc.ProtobufRpcEngine$Server.processCall(ProtobufRpcEngine.java:466) [hadoop-common-3.3.1.jar:?]
	at org.apache.hadoop.ipc.ProtobufRpcEngine2$Server$ProtoBufRpcInvoker.call(ProtobufRpcEngine2.java:574) [hadoop-common-3.3.1.jar:?]
	at org.apache.hadoop.ipc.ProtobufRpcEngine2$Server$ProtoBufRpcInvoker.call(ProtobufRpcEngine2.java:552) [hadoop-common-3.3.1.jar:?]
	at org.apache.hadoop.ipc.RPC$Server.call(RPC.java:1093) [hadoop-common-3.3.1.jar:?]
	at org.apache.hadoop.ipc.Server$RpcCall.run(Server.java:1035) [hadoop-common-3.3.1.jar:?]
	at org.apache.hadoop.ipc.Server$RpcCall.run(Server.java:963) [hadoop-common-3.3.1.jar:?]
	at java.security.AccessController.doPrivileged(Native Method) ~[?:1.8.0_345]
	at javax.security.auth.Subject.doAs(Subject.java:422) [?:1.8.0_345]
	at org.apache.hadoop.security.UserGroupInformation.doAs(UserGroupInformation.java:1878) [hadoop-common-3.3.1.jar:?]
	at org.apache.hadoop.ipc.Server$Handler.run(Server.java:2966) [hadoop-common-3.3.1.jar:?]
2022-09-28 09:57:08,195 [Time-limited test] WARN  ozone.BasicOzoneFileSystem (BasicOzoneFileSystem.java:getFileStatus(765)) - GetFileStatus failed for path /gdir1/dir8/child
java.io.FileNotFoundException: gdir1/dir8/child: No such file or directory!
	at org.apache.hadoop.fs.ozone.BasicOzoneClientAdapterImpl.getFileStatus(BasicOzoneClientAdapterImpl.java:369)
	at org.apache.hadoop.fs.ozone.BasicOzoneFileSystem.getFileStatus(BasicOzoneFileSystem.java:757)
	at org.apache.hadoop.fs.ozone.TestOzoneFileSystem.checkPath(TestOzoneFileSystem.java:504)
	at org.apache.hadoop.fs.ozone.TestOzoneFileSystem.testRecursiveDelete(TestOzoneFileSystem.java:460)
	at sun.reflect.NativeMethodAccessorImpl.invoke0(Native Method)
	at sun.reflect.NativeMethodAccessorImpl.invoke(NativeMethodAccessorImpl.java:62)
	at sun.reflect.DelegatingMethodAccessorImpl.invoke(DelegatingMethodAccessorImpl.java:43)
	at java.lang.reflect.Method.invoke(Method.java:498)
	at org.junit.runners.model.FrameworkMethod$1.runReflectiveCall(FrameworkMethod.java:59)
	at org.junit.internal.runners.model.ReflectiveCallable.run(ReflectiveCallable.java:12)
	at org.junit.runners.model.FrameworkMethod.invokeExplosively(FrameworkMethod.java:56)
	at org.junit.internal.runners.statements.InvokeMethod.evaluate(InvokeMethod.java:17)
	at org.junit.internal.runners.statements.RunAfters.evaluate(RunAfters.java:27)
	at org.junit.internal.runners.statements.FailOnTimeout$CallableStatement.call(FailOnTimeout.java:288)
	at org.junit.internal.runners.statements.FailOnTimeout$CallableStatement.call(FailOnTimeout.java:282)
	at java.util.concurrent.FutureTask.run(FutureTask.java:266)
	at java.lang.Thread.run(Thread.java:750)
09:57:08.195 [IPC Server handler 3 on default port 44537] ERROR OMAudit - user=runner | ip=127.0.0.1 | op=GET_FILE_STATUS {volume=volume16412, bucket=bucket93813, key=gdir1/dir9, dataSize=0, replicationConfig=null} | ret=FAILURE
org.apache.hadoop.ozone.om.exceptions.OMException: Unable to get file status: volume: volume16412 bucket: bucket93813 key: gdir1/dir9
	at org.apache.hadoop.ozone.om.KeyManagerImpl.getOzoneFileStatus(KeyManagerImpl.java:1324) ~[ozone-manager-1.3.0-SNAPSHOT.jar:?]
	at org.apache.hadoop.ozone.om.KeyManagerImpl.getFileStatus(KeyManagerImpl.java:1254) ~[ozone-manager-1.3.0-SNAPSHOT.jar:?]
	at org.apache.hadoop.ozone.om.OzoneManager.getFileStatus(OzoneManager.java:3506) ~[ozone-manager-1.3.0-SNAPSHOT.jar:?]
	at org.apache.hadoop.ozone.protocolPB.OzoneManagerRequestHandler.getOzoneFileStatus(OzoneManagerRequestHandler.java:882) ~[ozone-manager-1.3.0-SNAPSHOT.jar:?]
	at org.apache.hadoop.ozone.protocolPB.OzoneManagerRequestHandler.handleReadRequest(OzoneManagerRequestHandler.java:228) ~[ozone-manager-1.3.0-SNAPSHOT.jar:?]
	at org.apache.hadoop.ozone.protocolPB.OzoneManagerProtocolServerSideTranslatorPB.submitReadRequestToOM(OzoneManagerProtocolServerSideTranslatorPB.java:226) ~[ozone-manager-1.3.0-SNAPSHOT.jar:?]
	at org.apache.hadoop.ozone.protocolPB.OzoneManagerProtocolServerSideTranslatorPB.processRequest(OzoneManagerProtocolServerSideTranslatorPB.java:175) ~[ozone-manager-1.3.0-SNAPSHOT.jar:?]
	at org.apache.hadoop.hdds.server.OzoneProtocolMessageDispatcher.processRequest(OzoneProtocolMessageDispatcher.java:87) [hdds-server-framework-1.3.0-SNAPSHOT.jar:?]
	at org.apache.hadoop.ozone.protocolPB.OzoneManagerProtocolServerSideTranslatorPB.submitRequest(OzoneManagerProtocolServerSideTranslatorPB.java:147) [ozone-manager-1.3.0-SNAPSHOT.jar:?]
	at org.apache.hadoop.ozone.protocol.proto.OzoneManagerProtocolProtos$OzoneManagerService$2.callBlockingMethod(OzoneManagerProtocolProtos.java) [ozone-interface-client-1.3.0-SNAPSHOT.jar:?]
	at org.apache.hadoop.ipc.ProtobufRpcEngine$Server.processCall(ProtobufRpcEngine.java:466) [hadoop-common-3.3.1.jar:?]
	at org.apache.hadoop.ipc.ProtobufRpcEngine2$Server$ProtoBufRpcInvoker.call(ProtobufRpcEngine2.java:574) [hadoop-common-3.3.1.jar:?]
	at org.apache.hadoop.ipc.ProtobufRpcEngine2$Server$ProtoBufRpcInvoker.call(ProtobufRpcEngine2.java:552) [hadoop-common-3.3.1.jar:?]
	at org.apache.hadoop.ipc.RPC$Server.call(RPC.java:1093) [hadoop-common-3.3.1.jar:?]
	at org.apache.hadoop.ipc.Server$RpcCall.run(Server.java:1035) [hadoop-common-3.3.1.jar:?]
	at org.apache.hadoop.ipc.Server$RpcCall.run(Server.java:963) [hadoop-common-3.3.1.jar:?]
	at java.security.AccessController.doPrivileged(Native Method) ~[?:1.8.0_345]
	at javax.security.auth.Subject.doAs(Subject.java:422) [?:1.8.0_345]
	at org.apache.hadoop.security.UserGroupInformation.doAs(UserGroupInformation.java:1878) [hadoop-common-3.3.1.jar:?]
	at org.apache.hadoop.ipc.Server$Handler.run(Server.java:2966) [hadoop-common-3.3.1.jar:?]
2022-09-28 09:57:08,195 [Time-limited test] WARN  ozone.BasicOzoneFileSystem (BasicOzoneFileSystem.java:getFileStatus(765)) - GetFileStatus failed for path /gdir1/dir9
java.io.FileNotFoundException: gdir1/dir9: No such file or directory!
	at org.apache.hadoop.fs.ozone.BasicOzoneClientAdapterImpl.getFileStatus(BasicOzoneClientAdapterImpl.java:369)
	at org.apache.hadoop.fs.ozone.BasicOzoneFileSystem.getFileStatus(BasicOzoneFileSystem.java:757)
	at org.apache.hadoop.fs.ozone.TestOzoneFileSystem.checkPath(TestOzoneFileSystem.java:504)
	at org.apache.hadoop.fs.ozone.TestOzoneFileSystem.testRecursiveDelete(TestOzoneFileSystem.java:459)
	at sun.reflect.NativeMethodAccessorImpl.invoke0(Native Method)
	at sun.reflect.NativeMethodAccessorImpl.invoke(NativeMethodAccessorImpl.java:62)
	at sun.reflect.DelegatingMethodAccessorImpl.invoke(DelegatingMethodAccessorImpl.java:43)
	at java.lang.reflect.Method.invoke(Method.java:498)
	at org.junit.runners.model.FrameworkMethod$1.runReflectiveCall(FrameworkMethod.java:59)
	at org.junit.internal.runners.model.ReflectiveCallable.run(ReflectiveCallable.java:12)
	at org.junit.runners.model.FrameworkMethod.invokeExplosively(FrameworkMethod.java:56)
	at org.junit.internal.runners.statements.InvokeMethod.evaluate(InvokeMethod.java:17)
	at org.junit.internal.runners.statements.RunAfters.evaluate(RunAfters.java:27)
	at org.junit.internal.runners.statements.FailOnTimeout$CallableStatement.call(FailOnTimeout.java:288)
	at org.junit.internal.runners.statements.FailOnTimeout$CallableStatement.call(FailOnTimeout.java:282)
	at java.util.concurrent.FutureTask.run(FutureTask.java:266)
	at java.lang.Thread.run(Thread.java:750)
09:57:08.195 [IPC Server handler 4 on default port 44537] ERROR OMAudit - user=runner | ip=127.0.0.1 | op=GET_FILE_STATUS {volume=volume16412, bucket=bucket93813, key=gdir1/dir9/child, dataSize=0, replicationConfig=null} | ret=FAILURE
org.apache.hadoop.ozone.om.exceptions.OMException: Unable to get file status: volume: volume16412 bucket: bucket93813 key: gdir1/dir9/child
	at org.apache.hadoop.ozone.om.KeyManagerImpl.getOzoneFileStatus(KeyManagerImpl.java:1324) ~[ozone-manager-1.3.0-SNAPSHOT.jar:?]
	at org.apache.hadoop.ozone.om.KeyManagerImpl.getFileStatus(KeyManagerImpl.java:1254) ~[ozone-manager-1.3.0-SNAPSHOT.jar:?]
	at org.apache.hadoop.ozone.om.OzoneManager.getFileStatus(OzoneManager.java:3506) ~[ozone-manager-1.3.0-SNAPSHOT.jar:?]
	at org.apache.hadoop.ozone.protocolPB.OzoneManagerRequestHandler.getOzoneFileStatus(OzoneManagerRequestHandler.java:882) ~[ozone-manager-1.3.0-SNAPSHOT.jar:?]
	at org.apache.hadoop.ozone.protocolPB.OzoneManagerRequestHandler.handleReadRequest(OzoneManagerRequestHandler.java:228) ~[ozone-manager-1.3.0-SNAPSHOT.jar:?]
	at org.apache.hadoop.ozone.protocolPB.OzoneManagerProtocolServerSideTranslatorPB.submitReadRequestToOM(OzoneManagerProtocolServerSideTranslatorPB.java:226) ~[ozone-manager-1.3.0-SNAPSHOT.jar:?]
	at org.apache.hadoop.ozone.protocolPB.OzoneManagerProtocolServerSideTranslatorPB.processRequest(OzoneManagerProtocolServerSideTranslatorPB.java:175) ~[ozone-manager-1.3.0-SNAPSHOT.jar:?]
	at org.apache.hadoop.hdds.server.OzoneProtocolMessageDispatcher.processRequest(OzoneProtocolMessageDispatcher.java:87) [hdds-server-framework-1.3.0-SNAPSHOT.jar:?]
	at org.apache.hadoop.ozone.protocolPB.OzoneManagerProtocolServerSideTranslatorPB.submitRequest(OzoneManagerProtocolServerSideTranslatorPB.java:147) [ozone-manager-1.3.0-SNAPSHOT.jar:?]
	at org.apache.hadoop.ozone.protocol.proto.OzoneManagerProtocolProtos$OzoneManagerService$2.callBlockingMethod(OzoneManagerProtocolProtos.java) [ozone-interface-client-1.3.0-SNAPSHOT.jar:?]
	at org.apache.hadoop.ipc.ProtobufRpcEngine$Server.processCall(ProtobufRpcEngine.java:466) [hadoop-common-3.3.1.jar:?]
	at org.apache.hadoop.ipc.ProtobufRpcEngine2$Server$ProtoBufRpcInvoker.call(ProtobufRpcEngine2.java:574) [hadoop-common-3.3.1.jar:?]
	at org.apache.hadoop.ipc.ProtobufRpcEngine2$Server$ProtoBufRpcInvoker.call(ProtobufRpcEngine2.java:552) [hadoop-common-3.3.1.jar:?]
	at org.apache.hadoop.ipc.RPC$Server.call(RPC.java:1093) [hadoop-common-3.3.1.jar:?]
	at org.apache.hadoop.ipc.Server$RpcCall.run(Server.java:1035) [hadoop-common-3.3.1.jar:?]
	at org.apache.hadoop.ipc.Server$RpcCall.run(Server.java:963) [hadoop-common-3.3.1.jar:?]
	at java.security.AccessController.doPrivileged(Native Method) ~[?:1.8.0_345]
	at javax.security.auth.Subject.doAs(Subject.java:422) [?:1.8.0_345]
	at org.apache.hadoop.security.UserGroupInformation.doAs(UserGroupInformation.java:1878) [hadoop-common-3.3.1.jar:?]
	at org.apache.hadoop.ipc.Server$Handler.run(Server.java:2966) [hadoop-common-3.3.1.jar:?]
2022-09-28 09:57:08,196 [Time-limited test] WARN  ozone.BasicOzoneFileSystem (BasicOzoneFileSystem.java:getFileStatus(765)) - GetFileStatus failed for path /gdir1/dir9/child
java.io.FileNotFoundException: gdir1/dir9/child: No such file or directory!
	at org.apache.hadoop.fs.ozone.BasicOzoneClientAdapterImpl.getFileStatus(BasicOzoneClientAdapterImpl.java:369)
	at org.apache.hadoop.fs.ozone.BasicOzoneFileSystem.getFileStatus(BasicOzoneFileSystem.java:757)
	at org.apache.hadoop.fs.ozone.TestOzoneFileSystem.checkPath(TestOzoneFileSystem.java:504)
	at org.apache.hadoop.fs.ozone.TestOzoneFileSystem.testRecursiveDelete(TestOzoneFileSystem.java:460)
	at sun.reflect.NativeMethodAccessorImpl.invoke0(Native Method)
	at sun.reflect.NativeMethodAccessorImpl.invoke(NativeMethodAccessorImpl.java:62)
	at sun.reflect.DelegatingMethodAccessorImpl.invoke(DelegatingMethodAccessorImpl.java:43)
	at java.lang.reflect.Method.invoke(Method.java:498)
	at org.junit.runners.model.FrameworkMethod$1.runReflectiveCall(FrameworkMethod.java:59)
	at org.junit.internal.runners.model.ReflectiveCallable.run(ReflectiveCallable.java:12)
	at org.junit.runners.model.FrameworkMethod.invokeExplosively(FrameworkMethod.java:56)
	at org.junit.internal.runners.statements.InvokeMethod.evaluate(InvokeMethod.java:17)
	at org.junit.internal.runners.statements.RunAfters.evaluate(RunAfters.java:27)
	at org.junit.internal.runners.statements.FailOnTimeout$CallableStatement.call(FailOnTimeout.java:288)
	at org.junit.internal.runners.statements.FailOnTimeout$CallableStatement.call(FailOnTimeout.java:282)
	at java.util.concurrent.FutureTask.run(FutureTask.java:266)
	at java.lang.Thread.run(Thread.java:750)
09:57:08.196 [IPC Server handler 5 on default port 44537] ERROR OMAudit - user=runner | ip=127.0.0.1 | op=GET_FILE_STATUS {volume=volume16412, bucket=bucket93813, key=gdir1/dir10, dataSize=0, replicationConfig=null} | ret=FAILURE
org.apache.hadoop.ozone.om.exceptions.OMException: Unable to get file status: volume: volume16412 bucket: bucket93813 key: gdir1/dir10
	at org.apache.hadoop.ozone.om.KeyManagerImpl.getOzoneFileStatus(KeyManagerImpl.java:1324) ~[ozone-manager-1.3.0-SNAPSHOT.jar:?]
	at org.apache.hadoop.ozone.om.KeyManagerImpl.getFileStatus(KeyManagerImpl.java:1254) ~[ozone-manager-1.3.0-SNAPSHOT.jar:?]
	at org.apache.hadoop.ozone.om.OzoneManager.getFileStatus(OzoneManager.java:3506) ~[ozone-manager-1.3.0-SNAPSHOT.jar:?]
	at org.apache.hadoop.ozone.protocolPB.OzoneManagerRequestHandler.getOzoneFileStatus(OzoneManagerRequestHandler.java:882) ~[ozone-manager-1.3.0-SNAPSHOT.jar:?]
	at org.apache.hadoop.ozone.protocolPB.OzoneManagerRequestHandler.handleReadRequest(OzoneManagerRequestHandler.java:228) ~[ozone-manager-1.3.0-SNAPSHOT.jar:?]
	at org.apache.hadoop.ozone.protocolPB.OzoneManagerProtocolServerSideTranslatorPB.submitReadRequestToOM(OzoneManagerProtocolServerSideTranslatorPB.java:226) ~[ozone-manager-1.3.0-SNAPSHOT.jar:?]
	at org.apache.hadoop.ozone.protocolPB.OzoneManagerProtocolServerSideTranslatorPB.processRequest(OzoneManagerProtocolServerSideTranslatorPB.java:175) ~[ozone-manager-1.3.0-SNAPSHOT.jar:?]
	at org.apache.hadoop.hdds.server.OzoneProtocolMessageDispatcher.processRequest(OzoneProtocolMessageDispatcher.java:87) [hdds-server-framework-1.3.0-SNAPSHOT.jar:?]
	at org.apache.hadoop.ozone.protocolPB.OzoneManagerProtocolServerSideTranslatorPB.submitRequest(OzoneManagerProtocolServerSideTranslatorPB.java:147) [ozone-manager-1.3.0-SNAPSHOT.jar:?]
	at org.apache.hadoop.ozone.protocol.proto.OzoneManagerProtocolProtos$OzoneManagerService$2.callBlockingMethod(OzoneManagerProtocolProtos.java) [ozone-interface-client-1.3.0-SNAPSHOT.jar:?]
	at org.apache.hadoop.ipc.ProtobufRpcEngine$Server.processCall(ProtobufRpcEngine.java:466) [hadoop-common-3.3.1.jar:?]
	at org.apache.hadoop.ipc.ProtobufRpcEngine2$Server$ProtoBufRpcInvoker.call(ProtobufRpcEngine2.java:574) [hadoop-common-3.3.1.jar:?]
	at org.apache.hadoop.ipc.ProtobufRpcEngine2$Server$ProtoBufRpcInvoker.call(ProtobufRpcEngine2.java:552) [hadoop-common-3.3.1.jar:?]
	at org.apache.hadoop.ipc.RPC$Server.call(RPC.java:1093) [hadoop-common-3.3.1.jar:?]
	at org.apache.hadoop.ipc.Server$RpcCall.run(Server.java:1035) [hadoop-common-3.3.1.jar:?]
	at org.apache.hadoop.ipc.Server$RpcCall.run(Server.java:963) [hadoop-common-3.3.1.jar:?]
	at java.security.AccessController.doPrivileged(Native Method) ~[?:1.8.0_345]
	at javax.security.auth.Subject.doAs(Subject.java:422) [?:1.8.0_345]
	at org.apache.hadoop.security.UserGroupInformation.doAs(UserGroupInformation.java:1878) [hadoop-common-3.3.1.jar:?]
	at org.apache.hadoop.ipc.Server$Handler.run(Server.java:2966) [hadoop-common-3.3.1.jar:?]
2022-09-28 09:57:08,196 [Time-limited test] WARN  ozone.BasicOzoneFileSystem (BasicOzoneFileSystem.java:getFileStatus(765)) - GetFileStatus failed for path /gdir1/dir10
java.io.FileNotFoundException: gdir1/dir10: No such file or directory!
	at org.apache.hadoop.fs.ozone.BasicOzoneClientAdapterImpl.getFileStatus(BasicOzoneClientAdapterImpl.java:369)
	at org.apache.hadoop.fs.ozone.BasicOzoneFileSystem.getFileStatus(BasicOzoneFileSystem.java:757)
	at org.apache.hadoop.fs.ozone.TestOzoneFileSystem.checkPath(TestOzoneFileSystem.java:504)
	at org.apache.hadoop.fs.ozone.TestOzoneFileSystem.testRecursiveDelete(TestOzoneFileSystem.java:459)
	at sun.reflect.NativeMethodAccessorImpl.invoke0(Native Method)
	at sun.reflect.NativeMethodAccessorImpl.invoke(NativeMethodAccessorImpl.java:62)
	at sun.reflect.DelegatingMethodAccessorImpl.invoke(DelegatingMethodAccessorImpl.java:43)
	at java.lang.reflect.Method.invoke(Method.java:498)
	at org.junit.runners.model.FrameworkMethod$1.runReflectiveCall(FrameworkMethod.java:59)
	at org.junit.internal.runners.model.ReflectiveCallable.run(ReflectiveCallable.java:12)
	at org.junit.runners.model.FrameworkMethod.invokeExplosively(FrameworkMethod.java:56)
	at org.junit.internal.runners.statements.InvokeMethod.evaluate(InvokeMethod.java:17)
	at org.junit.internal.runners.statements.RunAfters.evaluate(RunAfters.java:27)
	at org.junit.internal.runners.statements.FailOnTimeout$CallableStatement.call(FailOnTimeout.java:288)
	at org.junit.internal.runners.statements.FailOnTimeout$CallableStatement.call(FailOnTimeout.java:282)
	at java.util.concurrent.FutureTask.run(FutureTask.java:266)
	at java.lang.Thread.run(Thread.java:750)
09:57:08.197 [IPC Server handler 0 on default port 44537] ERROR OMAudit - user=runner | ip=127.0.0.1 | op=GET_FILE_STATUS {volume=volume16412, bucket=bucket93813, key=gdir1/dir10/child, dataSize=0, replicationConfig=null} | ret=FAILURE
org.apache.hadoop.ozone.om.exceptions.OMException: Unable to get file status: volume: volume16412 bucket: bucket93813 key: gdir1/dir10/child
	at org.apache.hadoop.ozone.om.KeyManagerImpl.getOzoneFileStatus(KeyManagerImpl.java:1324) ~[ozone-manager-1.3.0-SNAPSHOT.jar:?]
	at org.apache.hadoop.ozone.om.KeyManagerImpl.getFileStatus(KeyManagerImpl.java:1254) ~[ozone-manager-1.3.0-SNAPSHOT.jar:?]
	at org.apache.hadoop.ozone.om.OzoneManager.getFileStatus(OzoneManager.java:3506) ~[ozone-manager-1.3.0-SNAPSHOT.jar:?]
	at org.apache.hadoop.ozone.protocolPB.OzoneManagerRequestHandler.getOzoneFileStatus(OzoneManagerRequestHandler.java:882) ~[ozone-manager-1.3.0-SNAPSHOT.jar:?]
	at org.apache.hadoop.ozone.protocolPB.OzoneManagerRequestHandler.handleReadRequest(OzoneManagerRequestHandler.java:228) ~[ozone-manager-1.3.0-SNAPSHOT.jar:?]
	at org.apache.hadoop.ozone.protocolPB.OzoneManagerProtocolServerSideTranslatorPB.submitReadRequestToOM(OzoneManagerProtocolServerSideTranslatorPB.java:226) ~[ozone-manager-1.3.0-SNAPSHOT.jar:?]
	at org.apache.hadoop.ozone.protocolPB.OzoneManagerProtocolServerSideTranslatorPB.processRequest(OzoneManagerProtocolServerSideTranslatorPB.java:175) ~[ozone-manager-1.3.0-SNAPSHOT.jar:?]
	at org.apache.hadoop.hdds.server.OzoneProtocolMessageDispatcher.processRequest(OzoneProtocolMessageDispatcher.java:87) [hdds-server-framework-1.3.0-SNAPSHOT.jar:?]
	at org.apache.hadoop.ozone.protocolPB.OzoneManagerProtocolServerSideTranslatorPB.submitRequest(OzoneManagerProtocolServerSideTranslatorPB.java:147) [ozone-manager-1.3.0-SNAPSHOT.jar:?]
	at org.apache.hadoop.ozone.protocol.proto.OzoneManagerProtocolProtos$OzoneManagerService$2.callBlockingMethod(OzoneManagerProtocolProtos.java) [ozone-interface-client-1.3.0-SNAPSHOT.jar:?]
	at org.apache.hadoop.ipc.ProtobufRpcEngine$Server.processCall(ProtobufRpcEngine.java:466) [hadoop-common-3.3.1.jar:?]
	at org.apache.hadoop.ipc.ProtobufRpcEngine2$Server$ProtoBufRpcInvoker.call(ProtobufRpcEngine2.java:574) [hadoop-common-3.3.1.jar:?]
	at org.apache.hadoop.ipc.ProtobufRpcEngine2$Server$ProtoBufRpcInvoker.call(ProtobufRpcEngine2.java:552) [hadoop-common-3.3.1.jar:?]
	at org.apache.hadoop.ipc.RPC$Server.call(RPC.java:1093) [hadoop-common-3.3.1.jar:?]
	at org.apache.hadoop.ipc.Server$RpcCall.run(Server.java:1035) [hadoop-common-3.3.1.jar:?]
	at org.apache.hadoop.ipc.Server$RpcCall.run(Server.java:963) [hadoop-common-3.3.1.jar:?]
	at java.security.AccessController.doPrivileged(Native Method) ~[?:1.8.0_345]
	at javax.security.auth.Subject.doAs(Subject.java:422) [?:1.8.0_345]
	at org.apache.hadoop.security.UserGroupInformation.doAs(UserGroupInformation.java:1878) [hadoop-common-3.3.1.jar:?]
	at org.apache.hadoop.ipc.Server$Handler.run(Server.java:2966) [hadoop-common-3.3.1.jar:?]
2022-09-28 09:57:08,198 [Time-limited test] WARN  ozone.BasicOzoneFileSystem (BasicOzoneFileSystem.java:getFileStatus(765)) - GetFileStatus failed for path /gdir1/dir10/child
java.io.FileNotFoundException: gdir1/dir10/child: No such file or directory!
	at org.apache.hadoop.fs.ozone.BasicOzoneClientAdapterImpl.getFileStatus(BasicOzoneClientAdapterImpl.java:369)
	at org.apache.hadoop.fs.ozone.BasicOzoneFileSystem.getFileStatus(BasicOzoneFileSystem.java:757)
	at org.apache.hadoop.fs.ozone.TestOzoneFileSystem.checkPath(TestOzoneFileSystem.java:504)
	at org.apache.hadoop.fs.ozone.TestOzoneFileSystem.testRecursiveDelete(TestOzoneFileSystem.java:460)
	at sun.reflect.NativeMethodAccessorImpl.invoke0(Native Method)
	at sun.reflect.NativeMethodAccessorImpl.invoke(NativeMethodAccessorImpl.java:62)
	at sun.reflect.DelegatingMethodAccessorImpl.invoke(DelegatingMethodAccessorImpl.java:43)
	at java.lang.reflect.Method.invoke(Method.java:498)
	at org.junit.runners.model.FrameworkMethod$1.runReflectiveCall(FrameworkMethod.java:59)
	at org.junit.internal.runners.model.ReflectiveCallable.run(ReflectiveCallable.java:12)
	at org.junit.runners.model.FrameworkMethod.invokeExplosively(FrameworkMethod.java:56)
	at org.junit.internal.runners.statements.InvokeMethod.evaluate(InvokeMethod.java:17)
	at org.junit.internal.runners.statements.RunAfters.evaluate(RunAfters.java:27)
	at org.junit.internal.runners.statements.FailOnTimeout$CallableStatement.call(FailOnTimeout.java:288)
	at org.junit.internal.runners.statements.FailOnTimeout$CallableStatement.call(FailOnTimeout.java:282)
	at java.util.concurrent.FutureTask.run(FutureTask.java:266)
	at java.lang.Thread.run(Thread.java:750)
09:57:08.268 [IPC Server handler 19 on default port 44537] ERROR OMAudit - user=runner | ip=127.0.0.1 | op=GET_FILE_STATUS {volume=volume16412, bucket=bucket93813, key=level0, dataSize=0, replicationConfig=null} | ret=FAILURE
org.apache.hadoop.ozone.om.exceptions.OMException: Unable to get file status: volume: volume16412 bucket: bucket93813 key: level0
	at org.apache.hadoop.ozone.om.KeyManagerImpl.getOzoneFileStatus(KeyManagerImpl.java:1324) ~[ozone-manager-1.3.0-SNAPSHOT.jar:?]
	at org.apache.hadoop.ozone.om.KeyManagerImpl.getFileStatus(KeyManagerImpl.java:1254) ~[ozone-manager-1.3.0-SNAPSHOT.jar:?]
	at org.apache.hadoop.ozone.om.OzoneManager.getFileStatus(OzoneManager.java:3506) ~[ozone-manager-1.3.0-SNAPSHOT.jar:?]
	at org.apache.hadoop.ozone.protocolPB.OzoneManagerRequestHandler.getOzoneFileStatus(OzoneManagerRequestHandler.java:882) ~[ozone-manager-1.3.0-SNAPSHOT.jar:?]
	at org.apache.hadoop.ozone.protocolPB.OzoneManagerRequestHandler.handleReadRequest(OzoneManagerRequestHandler.java:228) ~[ozone-manager-1.3.0-SNAPSHOT.jar:?]
	at org.apache.hadoop.ozone.protocolPB.OzoneManagerProtocolServerSideTranslatorPB.submitReadRequestToOM(OzoneManagerProtocolServerSideTranslatorPB.java:226) ~[ozone-manager-1.3.0-SNAPSHOT.jar:?]
	at org.apache.hadoop.ozone.protocolPB.OzoneManagerProtocolServerSideTranslatorPB.processRequest(OzoneManagerProtocolServerSideTranslatorPB.java:175) ~[ozone-manager-1.3.0-SNAPSHOT.jar:?]
	at org.apache.hadoop.hdds.server.OzoneProtocolMessageDispatcher.processRequest(OzoneProtocolMessageDispatcher.java:87) [hdds-server-framework-1.3.0-SNAPSHOT.jar:?]
	at org.apache.hadoop.ozone.protocolPB.OzoneManagerProtocolServerSideTranslatorPB.submitRequest(OzoneManagerProtocolServerSideTranslatorPB.java:147) [ozone-manager-1.3.0-SNAPSHOT.jar:?]
	at org.apache.hadoop.ozone.protocol.proto.OzoneManagerProtocolProtos$OzoneManagerService$2.callBlockingMethod(OzoneManagerProtocolProtos.java) [ozone-interface-client-1.3.0-SNAPSHOT.jar:?]
	at org.apache.hadoop.ipc.ProtobufRpcEngine$Server.processCall(ProtobufRpcEngine.java:466) [hadoop-common-3.3.1.jar:?]
	at org.apache.hadoop.ipc.ProtobufRpcEngine2$Server$ProtoBufRpcInvoker.call(ProtobufRpcEngine2.java:574) [hadoop-common-3.3.1.jar:?]
	at org.apache.hadoop.ipc.ProtobufRpcEngine2$Server$ProtoBufRpcInvoker.call(ProtobufRpcEngine2.java:552) [hadoop-common-3.3.1.jar:?]
	at org.apache.hadoop.ipc.RPC$Server.call(RPC.java:1093) [hadoop-common-3.3.1.jar:?]
	at org.apache.hadoop.ipc.Server$RpcCall.run(Server.java:1035) [hadoop-common-3.3.1.jar:?]
	at org.apache.hadoop.ipc.Server$RpcCall.run(Server.java:963) [hadoop-common-3.3.1.jar:?]
	at java.security.AccessController.doPrivileged(Native Method) ~[?:1.8.0_345]
	at javax.security.auth.Subject.doAs(Subject.java:422) [?:1.8.0_345]
	at org.apache.hadoop.security.UserGroupInformation.doAs(UserGroupInformation.java:1878) [hadoop-common-3.3.1.jar:?]
	at org.apache.hadoop.ipc.Server$Handler.run(Server.java:2966) [hadoop-common-3.3.1.jar:?]
2022-09-28 09:57:08,270 [Time-limited test] WARN  ozone.BasicOzoneFileSystem (BasicOzoneFileSystem.java:getFileStatus(765)) - GetFileStatus failed for path /level0
java.io.FileNotFoundException: level0: No such file or directory!
	at org.apache.hadoop.fs.ozone.BasicOzoneClientAdapterImpl.getFileStatus(BasicOzoneClientAdapterImpl.java:369)
	at org.apache.hadoop.fs.ozone.BasicOzoneFileSystem.getFileStatus(BasicOzoneFileSystem.java:757)
	at org.apache.hadoop.fs.ozone.TestOzoneFileSystem.checkPath(TestOzoneFileSystem.java:504)
	at org.apache.hadoop.fs.ozone.TestOzoneFileSystem.testRecursiveDelete(TestOzoneFileSystem.java:488)
	at sun.reflect.NativeMethodAccessorImpl.invoke0(Native Method)
	at sun.reflect.NativeMethodAccessorImpl.invoke(NativeMethodAccessorImpl.java:62)
	at sun.reflect.DelegatingMethodAccessorImpl.invoke(DelegatingMethodAccessorImpl.java:43)
	at java.lang.reflect.Method.invoke(Method.java:498)
	at org.junit.runners.model.FrameworkMethod$1.runReflectiveCall(FrameworkMethod.java:59)
	at org.junit.internal.runners.model.ReflectiveCallable.run(ReflectiveCallable.java:12)
	at org.junit.runners.model.FrameworkMethod.invokeExplosively(FrameworkMethod.java:56)
	at org.junit.internal.runners.statements.InvokeMethod.evaluate(InvokeMethod.java:17)
	at org.junit.internal.runners.statements.RunAfters.evaluate(RunAfters.java:27)
	at org.junit.internal.runners.statements.FailOnTimeout$CallableStatement.call(FailOnTimeout.java:288)
	at org.junit.internal.runners.statements.FailOnTimeout$CallableStatement.call(FailOnTimeout.java:282)
	at java.util.concurrent.FutureTask.run(FutureTask.java:266)
	at java.lang.Thread.run(Thread.java:750)
09:57:08.270 [IPC Server handler 18 on default port 44537] ERROR OMAudit - user=runner | ip=127.0.0.1 | op=GET_FILE_STATUS {volume=volume16412, bucket=bucket93813, key=level0/level1, dataSize=0, replicationConfig=null} | ret=FAILURE
org.apache.hadoop.ozone.om.exceptions.OMException: Unable to get file status: volume: volume16412 bucket: bucket93813 key: level0/level1
	at org.apache.hadoop.ozone.om.KeyManagerImpl.getOzoneFileStatus(KeyManagerImpl.java:1324) ~[ozone-manager-1.3.0-SNAPSHOT.jar:?]
	at org.apache.hadoop.ozone.om.KeyManagerImpl.getFileStatus(KeyManagerImpl.java:1254) ~[ozone-manager-1.3.0-SNAPSHOT.jar:?]
	at org.apache.hadoop.ozone.om.OzoneManager.getFileStatus(OzoneManager.java:3506) ~[ozone-manager-1.3.0-SNAPSHOT.jar:?]
	at org.apache.hadoop.ozone.protocolPB.OzoneManagerRequestHandler.getOzoneFileStatus(OzoneManagerRequestHandler.java:882) ~[ozone-manager-1.3.0-SNAPSHOT.jar:?]
	at org.apache.hadoop.ozone.protocolPB.OzoneManagerRequestHandler.handleReadRequest(OzoneManagerRequestHandler.java:228) ~[ozone-manager-1.3.0-SNAPSHOT.jar:?]
	at org.apache.hadoop.ozone.protocolPB.OzoneManagerProtocolServerSideTranslatorPB.submitReadRequestToOM(OzoneManagerProtocolServerSideTranslatorPB.java:226) ~[ozone-manager-1.3.0-SNAPSHOT.jar:?]
	at org.apache.hadoop.ozone.protocolPB.OzoneManagerProtocolServerSideTranslatorPB.processRequest(OzoneManagerProtocolServerSideTranslatorPB.java:175) ~[ozone-manager-1.3.0-SNAPSHOT.jar:?]
	at org.apache.hadoop.hdds.server.OzoneProtocolMessageDispatcher.processRequest(OzoneProtocolMessageDispatcher.java:87) [hdds-server-framework-1.3.0-SNAPSHOT.jar:?]
	at org.apache.hadoop.ozone.protocolPB.OzoneManagerProtocolServerSideTranslatorPB.submitRequest(OzoneManagerProtocolServerSideTranslatorPB.java:147) [ozone-manager-1.3.0-SNAPSHOT.jar:?]
	at org.apache.hadoop.ozone.protocol.proto.OzoneManagerProtocolProtos$OzoneManagerService$2.callBlockingMethod(OzoneManagerProtocolProtos.java) [ozone-interface-client-1.3.0-SNAPSHOT.jar:?]
	at org.apache.hadoop.ipc.ProtobufRpcEngine$Server.processCall(ProtobufRpcEngine.java:466) [hadoop-common-3.3.1.jar:?]
	at org.apache.hadoop.ipc.ProtobufRpcEngine2$Server$ProtoBufRpcInvoker.call(ProtobufRpcEngine2.java:574) [hadoop-common-3.3.1.jar:?]
	at org.apache.hadoop.ipc.ProtobufRpcEngine2$Server$ProtoBufRpcInvoker.call(ProtobufRpcEngine2.java:552) [hadoop-common-3.3.1.jar:?]
	at org.apache.hadoop.ipc.RPC$Server.call(RPC.java:1093) [hadoop-common-3.3.1.jar:?]
	at org.apache.hadoop.ipc.Server$RpcCall.run(Server.java:1035) [hadoop-common-3.3.1.jar:?]
	at org.apache.hadoop.ipc.Server$RpcCall.run(Server.java:963) [hadoop-common-3.3.1.jar:?]
	at java.security.AccessController.doPrivileged(Native Method) ~[?:1.8.0_345]
	at javax.security.auth.Subject.doAs(Subject.java:422) [?:1.8.0_345]
	at org.apache.hadoop.security.UserGroupInformation.doAs(UserGroupInformation.java:1878) [hadoop-common-3.3.1.jar:?]
	at org.apache.hadoop.ipc.Server$Handler.run(Server.java:2966) [hadoop-common-3.3.1.jar:?]
2022-09-28 09:57:08,272 [Time-limited test] WARN  ozone.BasicOzoneFileSystem (BasicOzoneFileSystem.java:getFileStatus(765)) - GetFileStatus failed for path /level0/level1
java.io.FileNotFoundException: level0/level1: No such file or directory!
	at org.apache.hadoop.fs.ozone.BasicOzoneClientAdapterImpl.getFileStatus(BasicOzoneClientAdapterImpl.java:369)
	at org.apache.hadoop.fs.ozone.BasicOzoneFileSystem.getFileStatus(BasicOzoneFileSystem.java:757)
	at org.apache.hadoop.fs.ozone.TestOzoneFileSystem.checkPath(TestOzoneFileSystem.java:504)
	at org.apache.hadoop.fs.ozone.TestOzoneFileSystem.testRecursiveDelete(TestOzoneFileSystem.java:495)
	at sun.reflect.NativeMethodAccessorImpl.invoke0(Native Method)
	at sun.reflect.NativeMethodAccessorImpl.invoke(NativeMethodAccessorImpl.java:62)
	at sun.reflect.DelegatingMethodAccessorImpl.invoke(DelegatingMethodAccessorImpl.java:43)
	at java.lang.reflect.Method.invoke(Method.java:498)
	at org.junit.runners.model.FrameworkMethod$1.runReflectiveCall(FrameworkMethod.java:59)
	at org.junit.internal.runners.model.ReflectiveCallable.run(ReflectiveCallable.java:12)
	at org.junit.runners.model.FrameworkMethod.invokeExplosively(FrameworkMethod.java:56)
	at org.junit.internal.runners.statements.InvokeMethod.evaluate(InvokeMethod.java:17)
	at org.junit.internal.runners.statements.RunAfters.evaluate(RunAfters.java:27)
	at org.junit.internal.runners.statements.FailOnTimeout$CallableStatement.call(FailOnTimeout.java:288)
	at org.junit.internal.runners.statements.FailOnTimeout$CallableStatement.call(FailOnTimeout.java:282)
	at java.util.concurrent.FutureTask.run(FutureTask.java:266)
	at java.lang.Thread.run(Thread.java:750)
09:57:08.273 [IPC Server handler 1 on default port 44537] ERROR OMAudit - user=runner | ip=127.0.0.1 | op=GET_FILE_STATUS {volume=volume16412, bucket=bucket93813, key=level0/level1/level1, dataSize=0, replicationConfig=null} | ret=FAILURE
org.apache.hadoop.ozone.om.exceptions.OMException: Unable to get file status: volume: volume16412 bucket: bucket93813 key: level0/level1/level1
	at org.apache.hadoop.ozone.om.KeyManagerImpl.getOzoneFileStatus(KeyManagerImpl.java:1324) ~[ozone-manager-1.3.0-SNAPSHOT.jar:?]
	at org.apache.hadoop.ozone.om.KeyManagerImpl.getFileStatus(KeyManagerImpl.java:1254) ~[ozone-manager-1.3.0-SNAPSHOT.jar:?]
	at org.apache.hadoop.ozone.om.OzoneManager.getFileStatus(OzoneManager.java:3506) ~[ozone-manager-1.3.0-SNAPSHOT.jar:?]
	at org.apache.hadoop.ozone.protocolPB.OzoneManagerRequestHandler.getOzoneFileStatus(OzoneManagerRequestHandler.java:882) ~[ozone-manager-1.3.0-SNAPSHOT.jar:?]
	at org.apache.hadoop.ozone.protocolPB.OzoneManagerRequestHandler.handleReadRequest(OzoneManagerRequestHandler.java:228) ~[ozone-manager-1.3.0-SNAPSHOT.jar:?]
	at org.apache.hadoop.ozone.protocolPB.OzoneManagerProtocolServerSideTranslatorPB.submitReadRequestToOM(OzoneManagerProtocolServerSideTranslatorPB.java:226) ~[ozone-manager-1.3.0-SNAPSHOT.jar:?]
	at org.apache.hadoop.ozone.protocolPB.OzoneManagerProtocolServerSideTranslatorPB.processRequest(OzoneManagerProtocolServerSideTranslatorPB.java:175) ~[ozone-manager-1.3.0-SNAPSHOT.jar:?]
	at org.apache.hadoop.hdds.server.OzoneProtocolMessageDispatcher.processRequest(OzoneProtocolMessageDispatcher.java:87) [hdds-server-framework-1.3.0-SNAPSHOT.jar:?]
	at org.apache.hadoop.ozone.protocolPB.OzoneManagerProtocolServerSideTranslatorPB.submitRequest(OzoneManagerProtocolServerSideTranslatorPB.java:147) [ozone-manager-1.3.0-SNAPSHOT.jar:?]
	at org.apache.hadoop.ozone.protocol.proto.OzoneManagerProtocolProtos$OzoneManagerService$2.callBlockingMethod(OzoneManagerProtocolProtos.java) [ozone-interface-client-1.3.0-SNAPSHOT.jar:?]
	at org.apache.hadoop.ipc.ProtobufRpcEngine$Server.processCall(ProtobufRpcEngine.java:466) [hadoop-common-3.3.1.jar:?]
	at org.apache.hadoop.ipc.ProtobufRpcEngine2$Server$ProtoBufRpcInvoker.call(ProtobufRpcEngine2.java:574) [hadoop-common-3.3.1.jar:?]
	at org.apache.hadoop.ipc.ProtobufRpcEngine2$Server$ProtoBufRpcInvoker.call(ProtobufRpcEngine2.java:552) [hadoop-common-3.3.1.jar:?]
	at org.apache.hadoop.ipc.RPC$Server.call(RPC.java:1093) [hadoop-common-3.3.1.jar:?]
	at org.apache.hadoop.ipc.Server$RpcCall.run(Server.java:1035) [hadoop-common-3.3.1.jar:?]
	at org.apache.hadoop.ipc.Server$RpcCall.run(Server.java:963) [hadoop-common-3.3.1.jar:?]
	at java.security.AccessController.doPrivileged(Native Method) ~[?:1.8.0_345]
	at javax.security.auth.Subject.doAs(Subject.java:422) [?:1.8.0_345]
	at org.apache.hadoop.security.UserGroupInformation.doAs(UserGroupInformation.java:1878) [hadoop-common-3.3.1.jar:?]
	at org.apache.hadoop.ipc.Server$Handler.run(Server.java:2966) [hadoop-common-3.3.1.jar:?]
2022-09-28 09:57:08,273 [Time-limited test] WARN  ozone.BasicOzoneFileSystem (BasicOzoneFileSystem.java:getFileStatus(765)) - GetFileStatus failed for path /level0/level1/level1
java.io.FileNotFoundException: level0/level1/level1: No such file or directory!
	at org.apache.hadoop.fs.ozone.BasicOzoneClientAdapterImpl.getFileStatus(BasicOzoneClientAdapterImpl.java:369)
	at org.apache.hadoop.fs.ozone.BasicOzoneFileSystem.getFileStatus(BasicOzoneFileSystem.java:757)
	at org.apache.hadoop.fs.ozone.TestOzoneFileSystem.checkPath(TestOzoneFileSystem.java:504)
	at org.apache.hadoop.fs.ozone.TestOzoneFileSystem.testRecursiveDelete(TestOzoneFileSystem.java:496)
	at sun.reflect.NativeMethodAccessorImpl.invoke0(Native Method)
	at sun.reflect.NativeMethodAccessorImpl.invoke(NativeMethodAccessorImpl.java:62)
	at sun.reflect.DelegatingMethodAccessorImpl.invoke(DelegatingMethodAccessorImpl.java:43)
	at java.lang.reflect.Method.invoke(Method.java:498)
	at org.junit.runners.model.FrameworkMethod$1.runReflectiveCall(FrameworkMethod.java:59)
	at org.junit.internal.runners.model.ReflectiveCallable.run(ReflectiveCallable.java:12)
	at org.junit.runners.model.FrameworkMethod.invokeExplosively(FrameworkMethod.java:56)
	at org.junit.internal.runners.statements.InvokeMethod.evaluate(InvokeMethod.java:17)
	at org.junit.internal.runners.statements.RunAfters.evaluate(RunAfters.java:27)
	at org.junit.internal.runners.statements.FailOnTimeout$CallableStatement.call(FailOnTimeout.java:288)
	at org.junit.internal.runners.statements.FailOnTimeout$CallableStatement.call(FailOnTimeout.java:282)
	at java.util.concurrent.FutureTask.run(FutureTask.java:266)
	at java.lang.Thread.run(Thread.java:750)
09:57:08.273 [IPC Server handler 3 on default port 44537] ERROR OMAudit - user=runner | ip=127.0.0.1 | op=GET_FILE_STATUS {volume=volume16412, bucket=bucket93813, key=level0/level1/file1, dataSize=0, replicationConfig=null} | ret=FAILURE
org.apache.hadoop.ozone.om.exceptions.OMException: Unable to get file status: volume: volume16412 bucket: bucket93813 key: level0/level1/file1
	at org.apache.hadoop.ozone.om.KeyManagerImpl.getOzoneFileStatus(KeyManagerImpl.java:1324) ~[ozone-manager-1.3.0-SNAPSHOT.jar:?]
	at org.apache.hadoop.ozone.om.KeyManagerImpl.getFileStatus(KeyManagerImpl.java:1254) ~[ozone-manager-1.3.0-SNAPSHOT.jar:?]
	at org.apache.hadoop.ozone.om.OzoneManager.getFileStatus(OzoneManager.java:3506) ~[ozone-manager-1.3.0-SNAPSHOT.jar:?]
	at org.apache.hadoop.ozone.protocolPB.OzoneManagerRequestHandler.getOzoneFileStatus(OzoneManagerRequestHandler.java:882) ~[ozone-manager-1.3.0-SNAPSHOT.jar:?]
	at org.apache.hadoop.ozone.protocolPB.OzoneManagerRequestHandler.handleReadRequest(OzoneManagerRequestHandler.java:228) ~[ozone-manager-1.3.0-SNAPSHOT.jar:?]
	at org.apache.hadoop.ozone.protocolPB.OzoneManagerProtocolServerSideTranslatorPB.submitReadRequestToOM(OzoneManagerProtocolServerSideTranslatorPB.java:226) ~[ozone-manager-1.3.0-SNAPSHOT.jar:?]
	at org.apache.hadoop.ozone.protocolPB.OzoneManagerProtocolServerSideTranslatorPB.processRequest(OzoneManagerProtocolServerSideTranslatorPB.java:175) ~[ozone-manager-1.3.0-SNAPSHOT.jar:?]
	at org.apache.hadoop.hdds.server.OzoneProtocolMessageDispatcher.processRequest(OzoneProtocolMessageDispatcher.java:87) [hdds-server-framework-1.3.0-SNAPSHOT.jar:?]
	at org.apache.hadoop.ozone.protocolPB.OzoneManagerProtocolServerSideTranslatorPB.submitRequest(OzoneManagerProtocolServerSideTranslatorPB.java:147) [ozone-manager-1.3.0-SNAPSHOT.jar:?]
	at org.apache.hadoop.ozone.protocol.proto.OzoneManagerProtocolProtos$OzoneManagerService$2.callBlockingMethod(OzoneManagerProtocolProtos.java) [ozone-interface-client-1.3.0-SNAPSHOT.jar:?]
	at org.apache.hadoop.ipc.ProtobufRpcEngine$Server.processCall(ProtobufRpcEngine.java:466) [hadoop-common-3.3.1.jar:?]
	at org.apache.hadoop.ipc.ProtobufRpcEngine2$Server$ProtoBufRpcInvoker.call(ProtobufRpcEngine2.java:574) [hadoop-common-3.3.1.jar:?]
	at org.apache.hadoop.ipc.ProtobufRpcEngine2$Server$ProtoBufRpcInvoker.call(ProtobufRpcEngine2.java:552) [hadoop-common-3.3.1.jar:?]
	at org.apache.hadoop.ipc.RPC$Server.call(RPC.java:1093) [hadoop-common-3.3.1.jar:?]
	at org.apache.hadoop.ipc.Server$RpcCall.run(Server.java:1035) [hadoop-common-3.3.1.jar:?]
	at org.apache.hadoop.ipc.Server$RpcCall.run(Server.java:963) [hadoop-common-3.3.1.jar:?]
	at java.security.AccessController.doPrivileged(Native Method) ~[?:1.8.0_345]
	at javax.security.auth.Subject.doAs(Subject.java:422) [?:1.8.0_345]
	at org.apache.hadoop.security.UserGroupInformation.doAs(UserGroupInformation.java:1878) [hadoop-common-3.3.1.jar:?]
	at org.apache.hadoop.ipc.Server$Handler.run(Server.java:2966) [hadoop-common-3.3.1.jar:?]
2022-09-28 09:57:08,274 [Time-limited test] WARN  ozone.BasicOzoneFileSystem (BasicOzoneFileSystem.java:getFileStatus(765)) - GetFileStatus failed for path /level0/level1/file1
java.io.FileNotFoundException: level0/level1/file1: No such file or directory!
	at org.apache.hadoop.fs.ozone.BasicOzoneClientAdapterImpl.getFileStatus(BasicOzoneClientAdapterImpl.java:369)
	at org.apache.hadoop.fs.ozone.BasicOzoneFileSystem.getFileStatus(BasicOzoneFileSystem.java:757)
	at org.apache.hadoop.fs.ozone.TestOzoneFileSystem.checkPath(TestOzoneFileSystem.java:504)
	at org.apache.hadoop.fs.ozone.TestOzoneFileSystem.testRecursiveDelete(TestOzoneFileSystem.java:497)
	at sun.reflect.NativeMethodAccessorImpl.invoke0(Native Method)
	at sun.reflect.NativeMethodAccessorImpl.invoke(NativeMethodAccessorImpl.java:62)
	at sun.reflect.DelegatingMethodAccessorImpl.invoke(DelegatingMethodAccessorImpl.java:43)
	at java.lang.reflect.Method.invoke(Method.java:498)
	at org.junit.runners.model.FrameworkMethod$1.runReflectiveCall(FrameworkMethod.java:59)
	at org.junit.internal.runners.model.ReflectiveCallable.run(ReflectiveCallable.java:12)
	at org.junit.runners.model.FrameworkMethod.invokeExplosively(FrameworkMethod.java:56)
	at org.junit.internal.runners.statements.InvokeMethod.evaluate(InvokeMethod.java:17)
	at org.junit.internal.runners.statements.RunAfters.evaluate(RunAfters.java:27)
	at org.junit.internal.runners.statements.FailOnTimeout$CallableStatement.call(FailOnTimeout.java:288)
	at org.junit.internal.runners.statements.FailOnTimeout$CallableStatement.call(FailOnTimeout.java:282)
	at java.util.concurrent.FutureTask.run(FutureTask.java:266)
	at java.lang.Thread.run(Thread.java:750)
09:57:08.274 [IPC Server handler 4 on default port 44537] ERROR OMAudit - user=runner | ip=127.0.0.1 | op=GET_FILE_STATUS {volume=volume16412, bucket=bucket93813, key=level0/level1/level1/file1, dataSize=0, replicationConfig=null} | ret=FAILURE
org.apache.hadoop.ozone.om.exceptions.OMException: Unable to get file status: volume: volume16412 bucket: bucket93813 key: level0/level1/level1/file1
	at org.apache.hadoop.ozone.om.KeyManagerImpl.getOzoneFileStatus(KeyManagerImpl.java:1324) ~[ozone-manager-1.3.0-SNAPSHOT.jar:?]
	at org.apache.hadoop.ozone.om.KeyManagerImpl.getFileStatus(KeyManagerImpl.java:1254) ~[ozone-manager-1.3.0-SNAPSHOT.jar:?]
	at org.apache.hadoop.ozone.om.OzoneManager.getFileStatus(OzoneManager.java:3506) ~[ozone-manager-1.3.0-SNAPSHOT.jar:?]
	at org.apache.hadoop.ozone.protocolPB.OzoneManagerRequestHandler.getOzoneFileStatus(OzoneManagerRequestHandler.java:882) ~[ozone-manager-1.3.0-SNAPSHOT.jar:?]
	at org.apache.hadoop.ozone.protocolPB.OzoneManagerRequestHandler.handleReadRequest(OzoneManagerRequestHandler.java:228) ~[ozone-manager-1.3.0-SNAPSHOT.jar:?]
	at org.apache.hadoop.ozone.protocolPB.OzoneManagerProtocolServerSideTranslatorPB.submitReadRequestToOM(OzoneManagerProtocolServerSideTranslatorPB.java:226) ~[ozone-manager-1.3.0-SNAPSHOT.jar:?]
	at org.apache.hadoop.ozone.protocolPB.OzoneManagerProtocolServerSideTranslatorPB.processRequest(OzoneManagerProtocolServerSideTranslatorPB.java:175) ~[ozone-manager-1.3.0-SNAPSHOT.jar:?]
	at org.apache.hadoop.hdds.server.OzoneProtocolMessageDispatcher.processRequest(OzoneProtocolMessageDispatcher.java:87) [hdds-server-framework-1.3.0-SNAPSHOT.jar:?]
	at org.apache.hadoop.ozone.protocolPB.OzoneManagerProtocolServerSideTranslatorPB.submitRequest(OzoneManagerProtocolServerSideTranslatorPB.java:147) [ozone-manager-1.3.0-SNAPSHOT.jar:?]
	at org.apache.hadoop.ozone.protocol.proto.OzoneManagerProtocolProtos$OzoneManagerService$2.callBlockingMethod(OzoneManagerProtocolProtos.java) [ozone-interface-client-1.3.0-SNAPSHOT.jar:?]
	at org.apache.hadoop.ipc.ProtobufRpcEngine$Server.processCall(ProtobufRpcEngine.java:466) [hadoop-common-3.3.1.jar:?]
	at org.apache.hadoop.ipc.ProtobufRpcEngine2$Server$ProtoBufRpcInvoker.call(ProtobufRpcEngine2.java:574) [hadoop-common-3.3.1.jar:?]
	at org.apache.hadoop.ipc.ProtobufRpcEngine2$Server$ProtoBufRpcInvoker.call(ProtobufRpcEngine2.java:552) [hadoop-common-3.3.1.jar:?]
	at org.apache.hadoop.ipc.RPC$Server.call(RPC.java:1093) [hadoop-common-3.3.1.jar:?]
	at org.apache.hadoop.ipc.Server$RpcCall.run(Server.java:1035) [hadoop-common-3.3.1.jar:?]
	at org.apache.hadoop.ipc.Server$RpcCall.run(Server.java:963) [hadoop-common-3.3.1.jar:?]
	at java.security.AccessController.doPrivileged(Native Method) ~[?:1.8.0_345]
	at javax.security.auth.Subject.doAs(Subject.java:422) [?:1.8.0_345]
	at org.apache.hadoop.security.UserGroupInformation.doAs(UserGroupInformation.java:1878) [hadoop-common-3.3.1.jar:?]
	at org.apache.hadoop.ipc.Server$Handler.run(Server.java:2966) [hadoop-common-3.3.1.jar:?]
2022-09-28 09:57:08,276 [Time-limited test] WARN  ozone.BasicOzoneFileSystem (BasicOzoneFileSystem.java:getFileStatus(765)) - GetFileStatus failed for path /level0/level1/level1/file1
java.io.FileNotFoundException: level0/level1/level1/file1: No such file or directory!
	at org.apache.hadoop.fs.ozone.BasicOzoneClientAdapterImpl.getFileStatus(BasicOzoneClientAdapterImpl.java:369)
	at org.apache.hadoop.fs.ozone.BasicOzoneFileSystem.getFileStatus(BasicOzoneFileSystem.java:757)
	at org.apache.hadoop.fs.ozone.TestOzoneFileSystem.checkPath(TestOzoneFileSystem.java:504)
	at org.apache.hadoop.fs.ozone.TestOzoneFileSystem.testRecursiveDelete(TestOzoneFileSystem.java:498)
	at sun.reflect.NativeMethodAccessorImpl.invoke0(Native Method)
	at sun.reflect.NativeMethodAccessorImpl.invoke(NativeMethodAccessorImpl.java:62)
	at sun.reflect.DelegatingMethodAccessorImpl.invoke(DelegatingMethodAccessorImpl.java:43)
	at java.lang.reflect.Method.invoke(Method.java:498)
	at org.junit.runners.model.FrameworkMethod$1.runReflectiveCall(FrameworkMethod.java:59)
	at org.junit.internal.runners.model.ReflectiveCallable.run(ReflectiveCallable.java:12)
	at org.junit.runners.model.FrameworkMethod.invokeExplosively(FrameworkMethod.java:56)
	at org.junit.internal.runners.statements.InvokeMethod.evaluate(InvokeMethod.java:17)
	at org.junit.internal.runners.statements.RunAfters.evaluate(RunAfters.java:27)
	at org.junit.internal.runners.statements.FailOnTimeout$CallableStatement.call(FailOnTimeout.java:288)
	at org.junit.internal.runners.statements.FailOnTimeout$CallableStatement.call(FailOnTimeout.java:282)
	at java.util.concurrent.FutureTask.run(FutureTask.java:266)
	at java.lang.Thread.run(Thread.java:750)
09:57:08.277 [IPC Server handler 5 on default port 44537] ERROR OMAudit - user=runner | ip=127.0.0.1 | op=GET_FILE_STATUS {volume=volume16412, bucket=bucket93813, key=level0/level2, dataSize=0, replicationConfig=null} | ret=FAILURE
org.apache.hadoop.ozone.om.exceptions.OMException: Unable to get file status: volume: volume16412 bucket: bucket93813 key: level0/level2
	at org.apache.hadoop.ozone.om.KeyManagerImpl.getOzoneFileStatus(KeyManagerImpl.java:1324) ~[ozone-manager-1.3.0-SNAPSHOT.jar:?]
	at org.apache.hadoop.ozone.om.KeyManagerImpl.getFileStatus(KeyManagerImpl.java:1254) ~[ozone-manager-1.3.0-SNAPSHOT.jar:?]
	at org.apache.hadoop.ozone.om.OzoneManager.getFileStatus(OzoneManager.java:3506) ~[ozone-manager-1.3.0-SNAPSHOT.jar:?]
	at org.apache.hadoop.ozone.protocolPB.OzoneManagerRequestHandler.getOzoneFileStatus(OzoneManagerRequestHandler.java:882) ~[ozone-manager-1.3.0-SNAPSHOT.jar:?]
	at org.apache.hadoop.ozone.protocolPB.OzoneManagerRequestHandler.handleReadRequest(OzoneManagerRequestHandler.java:228) ~[ozone-manager-1.3.0-SNAPSHOT.jar:?]
	at org.apache.hadoop.ozone.protocolPB.OzoneManagerProtocolServerSideTranslatorPB.submitReadRequestToOM(OzoneManagerProtocolServerSideTranslatorPB.java:226) ~[ozone-manager-1.3.0-SNAPSHOT.jar:?]
	at org.apache.hadoop.ozone.protocolPB.OzoneManagerProtocolServerSideTranslatorPB.processRequest(OzoneManagerProtocolServerSideTranslatorPB.java:175) ~[ozone-manager-1.3.0-SNAPSHOT.jar:?]
	at org.apache.hadoop.hdds.server.OzoneProtocolMessageDispatcher.processRequest(OzoneProtocolMessageDispatcher.java:87) [hdds-server-framework-1.3.0-SNAPSHOT.jar:?]
	at org.apache.hadoop.ozone.protocolPB.OzoneManagerProtocolServerSideTranslatorPB.submitRequest(OzoneManagerProtocolServerSideTranslatorPB.java:147) [ozone-manager-1.3.0-SNAPSHOT.jar:?]
	at org.apache.hadoop.ozone.protocol.proto.OzoneManagerProtocolProtos$OzoneManagerService$2.callBlockingMethod(OzoneManagerProtocolProtos.java) [ozone-interface-client-1.3.0-SNAPSHOT.jar:?]
	at org.apache.hadoop.ipc.ProtobufRpcEngine$Server.processCall(ProtobufRpcEngine.java:466) [hadoop-common-3.3.1.jar:?]
	at org.apache.hadoop.ipc.ProtobufRpcEngine2$Server$ProtoBufRpcInvoker.call(ProtobufRpcEngine2.java:574) [hadoop-common-3.3.1.jar:?]
	at org.apache.hadoop.ipc.ProtobufRpcEngine2$Server$ProtoBufRpcInvoker.call(ProtobufRpcEngine2.java:552) [hadoop-common-3.3.1.jar:?]
	at org.apache.hadoop.ipc.RPC$Server.call(RPC.java:1093) [hadoop-common-3.3.1.jar:?]
	at org.apache.hadoop.ipc.Server$RpcCall.run(Server.java:1035) [hadoop-common-3.3.1.jar:?]
	at org.apache.hadoop.ipc.Server$RpcCall.run(Server.java:963) [hadoop-common-3.3.1.jar:?]
	at java.security.AccessController.doPrivileged(Native Method) ~[?:1.8.0_345]
	at javax.security.auth.Subject.doAs(Subject.java:422) [?:1.8.0_345]
	at org.apache.hadoop.security.UserGroupInformation.doAs(UserGroupInformation.java:1878) [hadoop-common-3.3.1.jar:?]
	at org.apache.hadoop.ipc.Server$Handler.run(Server.java:2966) [hadoop-common-3.3.1.jar:?]
2022-09-28 09:57:08,277 [Time-limited test] WARN  ozone.BasicOzoneFileSystem (BasicOzoneFileSystem.java:getFileStatus(765)) - GetFileStatus failed for path /level0/level2
java.io.FileNotFoundException: level0/level2: No such file or directory!
	at org.apache.hadoop.fs.ozone.BasicOzoneClientAdapterImpl.getFileStatus(BasicOzoneClientAdapterImpl.java:369)
	at org.apache.hadoop.fs.ozone.BasicOzoneFileSystem.getFileStatus(BasicOzoneFileSystem.java:757)
	at org.apache.hadoop.fs.ozone.TestOzoneFileSystem.checkPath(TestOzoneFileSystem.java:504)
	at org.apache.hadoop.fs.ozone.TestOzoneFileSystem.testRecursiveDelete(TestOzoneFileSystem.java:495)
	at sun.reflect.NativeMethodAccessorImpl.invoke0(Native Method)
	at sun.reflect.NativeMethodAccessorImpl.invoke(NativeMethodAccessorImpl.java:62)
	at sun.reflect.DelegatingMethodAccessorImpl.invoke(DelegatingMethodAccessorImpl.java:43)
	at java.lang.reflect.Method.invoke(Method.java:498)
	at org.junit.runners.model.FrameworkMethod$1.runReflectiveCall(FrameworkMethod.java:59)
	at org.junit.internal.runners.model.ReflectiveCallable.run(ReflectiveCallable.java:12)
	at org.junit.runners.model.FrameworkMethod.invokeExplosively(FrameworkMethod.java:56)
	at org.junit.internal.runners.statements.InvokeMethod.evaluate(InvokeMethod.java:17)
	at org.junit.internal.runners.statements.RunAfters.evaluate(RunAfters.java:27)
	at org.junit.internal.runners.statements.FailOnTimeout$CallableStatement.call(FailOnTimeout.java:288)
	at org.junit.internal.runners.statements.FailOnTimeout$CallableStatement.call(FailOnTimeout.java:282)
	at java.util.concurrent.FutureTask.run(FutureTask.java:266)
	at java.lang.Thread.run(Thread.java:750)
09:57:08.277 [IPC Server handler 0 on default port 44537] ERROR OMAudit - user=runner | ip=127.0.0.1 | op=GET_FILE_STATUS {volume=volume16412, bucket=bucket93813, key=level0/level2/level2, dataSize=0, replicationConfig=null} | ret=FAILURE
org.apache.hadoop.ozone.om.exceptions.OMException: Unable to get file status: volume: volume16412 bucket: bucket93813 key: level0/level2/level2
	at org.apache.hadoop.ozone.om.KeyManagerImpl.getOzoneFileStatus(KeyManagerImpl.java:1324) ~[ozone-manager-1.3.0-SNAPSHOT.jar:?]
	at org.apache.hadoop.ozone.om.KeyManagerImpl.getFileStatus(KeyManagerImpl.java:1254) ~[ozone-manager-1.3.0-SNAPSHOT.jar:?]
	at org.apache.hadoop.ozone.om.OzoneManager.getFileStatus(OzoneManager.java:3506) ~[ozone-manager-1.3.0-SNAPSHOT.jar:?]
	at org.apache.hadoop.ozone.protocolPB.OzoneManagerRequestHandler.getOzoneFileStatus(OzoneManagerRequestHandler.java:882) ~[ozone-manager-1.3.0-SNAPSHOT.jar:?]
	at org.apache.hadoop.ozone.protocolPB.OzoneManagerRequestHandler.handleReadRequest(OzoneManagerRequestHandler.java:228) ~[ozone-manager-1.3.0-SNAPSHOT.jar:?]
	at org.apache.hadoop.ozone.protocolPB.OzoneManagerProtocolServerSideTranslatorPB.submitReadRequestToOM(OzoneManagerProtocolServerSideTranslatorPB.java:226) ~[ozone-manager-1.3.0-SNAPSHOT.jar:?]
	at org.apache.hadoop.ozone.protocolPB.OzoneManagerProtocolServerSideTranslatorPB.processRequest(OzoneManagerProtocolServerSideTranslatorPB.java:175) ~[ozone-manager-1.3.0-SNAPSHOT.jar:?]
	at org.apache.hadoop.hdds.server.OzoneProtocolMessageDispatcher.processRequest(OzoneProtocolMessageDispatcher.java:87) [hdds-server-framework-1.3.0-SNAPSHOT.jar:?]
	at org.apache.hadoop.ozone.protocolPB.OzoneManagerProtocolServerSideTranslatorPB.submitRequest(OzoneManagerProtocolServerSideTranslatorPB.java:147) [ozone-manager-1.3.0-SNAPSHOT.jar:?]
	at org.apache.hadoop.ozone.protocol.proto.OzoneManagerProtocolProtos$OzoneManagerService$2.callBlockingMethod(OzoneManagerProtocolProtos.java) [ozone-interface-client-1.3.0-SNAPSHOT.jar:?]
	at org.apache.hadoop.ipc.ProtobufRpcEngine$Server.processCall(ProtobufRpcEngine.java:466) [hadoop-common-3.3.1.jar:?]
	at org.apache.hadoop.ipc.ProtobufRpcEngine2$Server$ProtoBufRpcInvoker.call(ProtobufRpcEngine2.java:574) [hadoop-common-3.3.1.jar:?]
	at org.apache.hadoop.ipc.ProtobufRpcEngine2$Server$ProtoBufRpcInvoker.call(ProtobufRpcEngine2.java:552) [hadoop-common-3.3.1.jar:?]
	at org.apache.hadoop.ipc.RPC$Server.call(RPC.java:1093) [hadoop-common-3.3.1.jar:?]
	at org.apache.hadoop.ipc.Server$RpcCall.run(Server.java:1035) [hadoop-common-3.3.1.jar:?]
	at org.apache.hadoop.ipc.Server$RpcCall.run(Server.java:963) [hadoop-common-3.3.1.jar:?]
	at java.security.AccessController.doPrivileged(Native Method) ~[?:1.8.0_345]
	at javax.security.auth.Subject.doAs(Subject.java:422) [?:1.8.0_345]
	at org.apache.hadoop.security.UserGroupInformation.doAs(UserGroupInformation.java:1878) [hadoop-common-3.3.1.jar:?]
	at org.apache.hadoop.ipc.Server$Handler.run(Server.java:2966) [hadoop-common-3.3.1.jar:?]
2022-09-28 09:57:08,277 [Time-limited test] WARN  ozone.BasicOzoneFileSystem (BasicOzoneFileSystem.java:getFileStatus(765)) - GetFileStatus failed for path /level0/level2/level2
java.io.FileNotFoundException: level0/level2/level2: No such file or directory!
	at org.apache.hadoop.fs.ozone.BasicOzoneClientAdapterImpl.getFileStatus(BasicOzoneClientAdapterImpl.java:369)
	at org.apache.hadoop.fs.ozone.BasicOzoneFileSystem.getFileStatus(BasicOzoneFileSystem.java:757)
	at org.apache.hadoop.fs.ozone.TestOzoneFileSystem.checkPath(TestOzoneFileSystem.java:504)
	at org.apache.hadoop.fs.ozone.TestOzoneFileSystem.testRecursiveDelete(TestOzoneFileSystem.java:496)
	at sun.reflect.NativeMethodAccessorImpl.invoke0(Native Method)
	at sun.reflect.NativeMethodAccessorImpl.invoke(NativeMethodAccessorImpl.java:62)
	at sun.reflect.DelegatingMethodAccessorImpl.invoke(DelegatingMethodAccessorImpl.java:43)
	at java.lang.reflect.Method.invoke(Method.java:498)
	at org.junit.runners.model.FrameworkMethod$1.runReflectiveCall(FrameworkMethod.java:59)
	at org.junit.internal.runners.model.ReflectiveCallable.run(ReflectiveCallable.java:12)
	at org.junit.runners.model.FrameworkMethod.invokeExplosively(FrameworkMethod.java:56)
	at org.junit.internal.runners.statements.InvokeMethod.evaluate(InvokeMethod.java:17)
	at org.junit.internal.runners.statements.RunAfters.evaluate(RunAfters.java:27)
	at org.junit.internal.runners.statements.FailOnTimeout$CallableStatement.call(FailOnTimeout.java:288)
	at org.junit.internal.runners.statements.FailOnTimeout$CallableStatement.call(FailOnTimeout.java:282)
	at java.util.concurrent.FutureTask.run(FutureTask.java:266)
	at java.lang.Thread.run(Thread.java:750)
09:57:08.278 [IPC Server handler 11 on default port 44537] ERROR OMAudit - user=runner | ip=127.0.0.1 | op=GET_FILE_STATUS {volume=volume16412, bucket=bucket93813, key=level0/level2/file1, dataSize=0, replicationConfig=null} | ret=FAILURE
org.apache.hadoop.ozone.om.exceptions.OMException: Unable to get file status: volume: volume16412 bucket: bucket93813 key: level0/level2/file1
	at org.apache.hadoop.ozone.om.KeyManagerImpl.getOzoneFileStatus(KeyManagerImpl.java:1324) ~[ozone-manager-1.3.0-SNAPSHOT.jar:?]
	at org.apache.hadoop.ozone.om.KeyManagerImpl.getFileStatus(KeyManagerImpl.java:1254) ~[ozone-manager-1.3.0-SNAPSHOT.jar:?]
	at org.apache.hadoop.ozone.om.OzoneManager.getFileStatus(OzoneManager.java:3506) ~[ozone-manager-1.3.0-SNAPSHOT.jar:?]
	at org.apache.hadoop.ozone.protocolPB.OzoneManagerRequestHandler.getOzoneFileStatus(OzoneManagerRequestHandler.java:882) ~[ozone-manager-1.3.0-SNAPSHOT.jar:?]
	at org.apache.hadoop.ozone.protocolPB.OzoneManagerRequestHandler.handleReadRequest(OzoneManagerRequestHandler.java:228) ~[ozone-manager-1.3.0-SNAPSHOT.jar:?]
	at org.apache.hadoop.ozone.protocolPB.OzoneManagerProtocolServerSideTranslatorPB.submitReadRequestToOM(OzoneManagerProtocolServerSideTranslatorPB.java:226) ~[ozone-manager-1.3.0-SNAPSHOT.jar:?]
	at org.apache.hadoop.ozone.protocolPB.OzoneManagerProtocolServerSideTranslatorPB.processRequest(OzoneManagerProtocolServerSideTranslatorPB.java:175) ~[ozone-manager-1.3.0-SNAPSHOT.jar:?]
	at org.apache.hadoop.hdds.server.OzoneProtocolMessageDispatcher.processRequest(OzoneProtocolMessageDispatcher.java:87) [hdds-server-framework-1.3.0-SNAPSHOT.jar:?]
	at org.apache.hadoop.ozone.protocolPB.OzoneManagerProtocolServerSideTranslatorPB.submitRequest(OzoneManagerProtocolServerSideTranslatorPB.java:147) [ozone-manager-1.3.0-SNAPSHOT.jar:?]
	at org.apache.hadoop.ozone.protocol.proto.OzoneManagerProtocolProtos$OzoneManagerService$2.callBlockingMethod(OzoneManagerProtocolProtos.java) [ozone-interface-client-1.3.0-SNAPSHOT.jar:?]
	at org.apache.hadoop.ipc.ProtobufRpcEngine$Server.processCall(ProtobufRpcEngine.java:466) [hadoop-common-3.3.1.jar:?]
	at org.apache.hadoop.ipc.ProtobufRpcEngine2$Server$ProtoBufRpcInvoker.call(ProtobufRpcEngine2.java:574) [hadoop-common-3.3.1.jar:?]
	at org.apache.hadoop.ipc.ProtobufRpcEngine2$Server$ProtoBufRpcInvoker.call(ProtobufRpcEngine2.java:552) [hadoop-common-3.3.1.jar:?]
	at org.apache.hadoop.ipc.RPC$Server.call(RPC.java:1093) [hadoop-common-3.3.1.jar:?]
	at org.apache.hadoop.ipc.Server$RpcCall.run(Server.java:1035) [hadoop-common-3.3.1.jar:?]
	at org.apache.hadoop.ipc.Server$RpcCall.run(Server.java:963) [hadoop-common-3.3.1.jar:?]
	at java.security.AccessController.doPrivileged(Native Method) ~[?:1.8.0_345]
	at javax.security.auth.Subject.doAs(Subject.java:422) [?:1.8.0_345]
	at org.apache.hadoop.security.UserGroupInformation.doAs(UserGroupInformation.java:1878) [hadoop-common-3.3.1.jar:?]
	at org.apache.hadoop.ipc.Server$Handler.run(Server.java:2966) [hadoop-common-3.3.1.jar:?]
2022-09-28 09:57:08,278 [Time-limited test] WARN  ozone.BasicOzoneFileSystem (BasicOzoneFileSystem.java:getFileStatus(765)) - GetFileStatus failed for path /level0/level2/file1
java.io.FileNotFoundException: level0/level2/file1: No such file or directory!
	at org.apache.hadoop.fs.ozone.BasicOzoneClientAdapterImpl.getFileStatus(BasicOzoneClientAdapterImpl.java:369)
	at org.apache.hadoop.fs.ozone.BasicOzoneFileSystem.getFileStatus(BasicOzoneFileSystem.java:757)
	at org.apache.hadoop.fs.ozone.TestOzoneFileSystem.checkPath(TestOzoneFileSystem.java:504)
	at org.apache.hadoop.fs.ozone.TestOzoneFileSystem.testRecursiveDelete(TestOzoneFileSystem.java:497)
	at sun.reflect.NativeMethodAccessorImpl.invoke0(Native Method)
	at sun.reflect.NativeMethodAccessorImpl.invoke(NativeMethodAccessorImpl.java:62)
	at sun.reflect.DelegatingMethodAccessorImpl.invoke(DelegatingMethodAccessorImpl.java:43)
	at java.lang.reflect.Method.invoke(Method.java:498)
	at org.junit.runners.model.FrameworkMethod$1.runReflectiveCall(FrameworkMethod.java:59)
	at org.junit.internal.runners.model.ReflectiveCallable.run(ReflectiveCallable.java:12)
	at org.junit.runners.model.FrameworkMethod.invokeExplosively(FrameworkMethod.java:56)
	at org.junit.internal.runners.statements.InvokeMethod.evaluate(InvokeMethod.java:17)
	at org.junit.internal.runners.statements.RunAfters.evaluate(RunAfters.java:27)
	at org.junit.internal.runners.statements.FailOnTimeout$CallableStatement.call(FailOnTimeout.java:288)
	at org.junit.internal.runners.statements.FailOnTimeout$CallableStatement.call(FailOnTimeout.java:282)
	at java.util.concurrent.FutureTask.run(FutureTask.java:266)
	at java.lang.Thread.run(Thread.java:750)
09:57:08.278 [IPC Server handler 13 on default port 44537] ERROR OMAudit - user=runner | ip=127.0.0.1 | op=GET_FILE_STATUS {volume=volume16412, bucket=bucket93813, key=level0/level2/level2/file1, dataSize=0, replicationConfig=null} | ret=FAILURE
org.apache.hadoop.ozone.om.exceptions.OMException: Unable to get file status: volume: volume16412 bucket: bucket93813 key: level0/level2/level2/file1
	at org.apache.hadoop.ozone.om.KeyManagerImpl.getOzoneFileStatus(KeyManagerImpl.java:1324) ~[ozone-manager-1.3.0-SNAPSHOT.jar:?]
	at org.apache.hadoop.ozone.om.KeyManagerImpl.getFileStatus(KeyManagerImpl.java:1254) ~[ozone-manager-1.3.0-SNAPSHOT.jar:?]
	at org.apache.hadoop.ozone.om.OzoneManager.getFileStatus(OzoneManager.java:3506) ~[ozone-manager-1.3.0-SNAPSHOT.jar:?]
	at org.apache.hadoop.ozone.protocolPB.OzoneManagerRequestHandler.getOzoneFileStatus(OzoneManagerRequestHandler.java:882) ~[ozone-manager-1.3.0-SNAPSHOT.jar:?]
	at org.apache.hadoop.ozone.protocolPB.OzoneManagerRequestHandler.handleReadRequest(OzoneManagerRequestHandler.java:228) ~[ozone-manager-1.3.0-SNAPSHOT.jar:?]
	at org.apache.hadoop.ozone.protocolPB.OzoneManagerProtocolServerSideTranslatorPB.submitReadRequestToOM(OzoneManagerProtocolServerSideTranslatorPB.java:226) ~[ozone-manager-1.3.0-SNAPSHOT.jar:?]
	at org.apache.hadoop.ozone.protocolPB.OzoneManagerProtocolServerSideTranslatorPB.processRequest(OzoneManagerProtocolServerSideTranslatorPB.java:175) ~[ozone-manager-1.3.0-SNAPSHOT.jar:?]
	at org.apache.hadoop.hdds.server.OzoneProtocolMessageDispatcher.processRequest(OzoneProtocolMessageDispatcher.java:87) [hdds-server-framework-1.3.0-SNAPSHOT.jar:?]
	at org.apache.hadoop.ozone.protocolPB.OzoneManagerProtocolServerSideTranslatorPB.submitRequest(OzoneManagerProtocolServerSideTranslatorPB.java:147) [ozone-manager-1.3.0-SNAPSHOT.jar:?]
	at org.apache.hadoop.ozone.protocol.proto.OzoneManagerProtocolProtos$OzoneManagerService$2.callBlockingMethod(OzoneManagerProtocolProtos.java) [ozone-interface-client-1.3.0-SNAPSHOT.jar:?]
	at org.apache.hadoop.ipc.ProtobufRpcEngine$Server.processCall(ProtobufRpcEngine.java:466) [hadoop-common-3.3.1.jar:?]
	at org.apache.hadoop.ipc.ProtobufRpcEngine2$Server$ProtoBufRpcInvoker.call(ProtobufRpcEngine2.java:574) [hadoop-common-3.3.1.jar:?]
	at org.apache.hadoop.ipc.ProtobufRpcEngine2$Server$ProtoBufRpcInvoker.call(ProtobufRpcEngine2.java:552) [hadoop-common-3.3.1.jar:?]
	at org.apache.hadoop.ipc.RPC$Server.call(RPC.java:1093) [hadoop-common-3.3.1.jar:?]
	at org.apache.hadoop.ipc.Server$RpcCall.run(Server.java:1035) [hadoop-common-3.3.1.jar:?]
	at org.apache.hadoop.ipc.Server$RpcCall.run(Server.java:963) [hadoop-common-3.3.1.jar:?]
	at java.security.AccessController.doPrivileged(Native Method) ~[?:1.8.0_345]
	at javax.security.auth.Subject.doAs(Subject.java:422) [?:1.8.0_345]
	at org.apache.hadoop.security.UserGroupInformation.doAs(UserGroupInformation.java:1878) [hadoop-common-3.3.1.jar:?]
	at org.apache.hadoop.ipc.Server$Handler.run(Server.java:2966) [hadoop-common-3.3.1.jar:?]
2022-09-28 09:57:08,279 [Time-limited test] WARN  ozone.BasicOzoneFileSystem (BasicOzoneFileSystem.java:getFileStatus(765)) - GetFileStatus failed for path /level0/level2/level2/file1
java.io.FileNotFoundException: level0/level2/level2/file1: No such file or directory!
	at org.apache.hadoop.fs.ozone.BasicOzoneClientAdapterImpl.getFileStatus(BasicOzoneClientAdapterImpl.java:369)
	at org.apache.hadoop.fs.ozone.BasicOzoneFileSystem.getFileStatus(BasicOzoneFileSystem.java:757)
	at org.apache.hadoop.fs.ozone.TestOzoneFileSystem.checkPath(TestOzoneFileSystem.java:504)
	at org.apache.hadoop.fs.ozone.TestOzoneFileSystem.testRecursiveDelete(TestOzoneFileSystem.java:498)
	at sun.reflect.NativeMethodAccessorImpl.invoke0(Native Method)
	at sun.reflect.NativeMethodAccessorImpl.invoke(NativeMethodAccessorImpl.java:62)
	at sun.reflect.DelegatingMethodAccessorImpl.invoke(DelegatingMethodAccessorImpl.java:43)
	at java.lang.reflect.Method.invoke(Method.java:498)
	at org.junit.runners.model.FrameworkMethod$1.runReflectiveCall(FrameworkMethod.java:59)
	at org.junit.internal.runners.model.ReflectiveCallable.run(ReflectiveCallable.java:12)
	at org.junit.runners.model.FrameworkMethod.invokeExplosively(FrameworkMethod.java:56)
	at org.junit.internal.runners.statements.InvokeMethod.evaluate(InvokeMethod.java:17)
	at org.junit.internal.runners.statements.RunAfters.evaluate(RunAfters.java:27)
	at org.junit.internal.runners.statements.FailOnTimeout$CallableStatement.call(FailOnTimeout.java:288)
	at org.junit.internal.runners.statements.FailOnTimeout$CallableStatement.call(FailOnTimeout.java:282)
	at java.util.concurrent.FutureTask.run(FutureTask.java:266)
	at java.lang.Thread.run(Thread.java:750)
09:57:08.279 [IPC Server handler 7 on default port 44537] ERROR OMAudit - user=runner | ip=127.0.0.1 | op=GET_FILE_STATUS {volume=volume16412, bucket=bucket93813, key=level0/level3, dataSize=0, replicationConfig=null} | ret=FAILURE
org.apache.hadoop.ozone.om.exceptions.OMException: Unable to get file status: volume: volume16412 bucket: bucket93813 key: level0/level3
	at org.apache.hadoop.ozone.om.KeyManagerImpl.getOzoneFileStatus(KeyManagerImpl.java:1324) ~[ozone-manager-1.3.0-SNAPSHOT.jar:?]
	at org.apache.hadoop.ozone.om.KeyManagerImpl.getFileStatus(KeyManagerImpl.java:1254) ~[ozone-manager-1.3.0-SNAPSHOT.jar:?]
	at org.apache.hadoop.ozone.om.OzoneManager.getFileStatus(OzoneManager.java:3506) ~[ozone-manager-1.3.0-SNAPSHOT.jar:?]
	at org.apache.hadoop.ozone.protocolPB.OzoneManagerRequestHandler.getOzoneFileStatus(OzoneManagerRequestHandler.java:882) ~[ozone-manager-1.3.0-SNAPSHOT.jar:?]
	at org.apache.hadoop.ozone.protocolPB.OzoneManagerRequestHandler.handleReadRequest(OzoneManagerRequestHandler.java:228) ~[ozone-manager-1.3.0-SNAPSHOT.jar:?]
	at org.apache.hadoop.ozone.protocolPB.OzoneManagerProtocolServerSideTranslatorPB.submitReadRequestToOM(OzoneManagerProtocolServerSideTranslatorPB.java:226) ~[ozone-manager-1.3.0-SNAPSHOT.jar:?]
	at org.apache.hadoop.ozone.protocolPB.OzoneManagerProtocolServerSideTranslatorPB.processRequest(OzoneManagerProtocolServerSideTranslatorPB.java:175) ~[ozone-manager-1.3.0-SNAPSHOT.jar:?]
	at org.apache.hadoop.hdds.server.OzoneProtocolMessageDispatcher.processRequest(OzoneProtocolMessageDispatcher.java:87) [hdds-server-framework-1.3.0-SNAPSHOT.jar:?]
	at org.apache.hadoop.ozone.protocolPB.OzoneManagerProtocolServerSideTranslatorPB.submitRequest(OzoneManagerProtocolServerSideTranslatorPB.java:147) [ozone-manager-1.3.0-SNAPSHOT.jar:?]
	at org.apache.hadoop.ozone.protocol.proto.OzoneManagerProtocolProtos$OzoneManagerService$2.callBlockingMethod(OzoneManagerProtocolProtos.java) [ozone-interface-client-1.3.0-SNAPSHOT.jar:?]
	at org.apache.hadoop.ipc.ProtobufRpcEngine$Server.processCall(ProtobufRpcEngine.java:466) [hadoop-common-3.3.1.jar:?]
	at org.apache.hadoop.ipc.ProtobufRpcEngine2$Server$ProtoBufRpcInvoker.call(ProtobufRpcEngine2.java:574) [hadoop-common-3.3.1.jar:?]
	at org.apache.hadoop.ipc.ProtobufRpcEngine2$Server$ProtoBufRpcInvoker.call(ProtobufRpcEngine2.java:552) [hadoop-common-3.3.1.jar:?]
	at org.apache.hadoop.ipc.RPC$Server.call(RPC.java:1093) [hadoop-common-3.3.1.jar:?]
	at org.apache.hadoop.ipc.Server$RpcCall.run(Server.java:1035) [hadoop-common-3.3.1.jar:?]
	at org.apache.hadoop.ipc.Server$RpcCall.run(Server.java:963) [hadoop-common-3.3.1.jar:?]
	at java.security.AccessController.doPrivileged(Native Method) ~[?:1.8.0_345]
	at javax.security.auth.Subject.doAs(Subject.java:422) [?:1.8.0_345]
	at org.apache.hadoop.security.UserGroupInformation.doAs(UserGroupInformation.java:1878) [hadoop-common-3.3.1.jar:?]
	at org.apache.hadoop.ipc.Server$Handler.run(Server.java:2966) [hadoop-common-3.3.1.jar:?]
2022-09-28 09:57:08,280 [Time-limited test] WARN  ozone.BasicOzoneFileSystem (BasicOzoneFileSystem.java:getFileStatus(765)) - GetFileStatus failed for path /level0/level3
java.io.FileNotFoundException: level0/level3: No such file or directory!
	at org.apache.hadoop.fs.ozone.BasicOzoneClientAdapterImpl.getFileStatus(BasicOzoneClientAdapterImpl.java:369)
	at org.apache.hadoop.fs.ozone.BasicOzoneFileSystem.getFileStatus(BasicOzoneFileSystem.java:757)
	at org.apache.hadoop.fs.ozone.TestOzoneFileSystem.checkPath(TestOzoneFileSystem.java:504)
	at org.apache.hadoop.fs.ozone.TestOzoneFileSystem.testRecursiveDelete(TestOzoneFileSystem.java:495)
	at sun.reflect.NativeMethodAccessorImpl.invoke0(Native Method)
	at sun.reflect.NativeMethodAccessorImpl.invoke(NativeMethodAccessorImpl.java:62)
	at sun.reflect.DelegatingMethodAccessorImpl.invoke(DelegatingMethodAccessorImpl.java:43)
	at java.lang.reflect.Method.invoke(Method.java:498)
	at org.junit.runners.model.FrameworkMethod$1.runReflectiveCall(FrameworkMethod.java:59)
	at org.junit.internal.runners.model.ReflectiveCallable.run(ReflectiveCallable.java:12)
	at org.junit.runners.model.FrameworkMethod.invokeExplosively(FrameworkMethod.java:56)
	at org.junit.internal.runners.statements.InvokeMethod.evaluate(InvokeMethod.java:17)
	at org.junit.internal.runners.statements.RunAfters.evaluate(RunAfters.java:27)
	at org.junit.internal.runners.statements.FailOnTimeout$CallableStatement.call(FailOnTimeout.java:288)
	at org.junit.internal.runners.statements.FailOnTimeout$CallableStatement.call(FailOnTimeout.java:282)
	at java.util.concurrent.FutureTask.run(FutureTask.java:266)
	at java.lang.Thread.run(Thread.java:750)
09:57:08.281 [IPC Server handler 9 on default port 44537] ERROR OMAudit - user=runner | ip=127.0.0.1 | op=GET_FILE_STATUS {volume=volume16412, bucket=bucket93813, key=level0/level3/level3, dataSize=0, replicationConfig=null} | ret=FAILURE
org.apache.hadoop.ozone.om.exceptions.OMException: Unable to get file status: volume: volume16412 bucket: bucket93813 key: level0/level3/level3
	at org.apache.hadoop.ozone.om.KeyManagerImpl.getOzoneFileStatus(KeyManagerImpl.java:1324) ~[ozone-manager-1.3.0-SNAPSHOT.jar:?]
	at org.apache.hadoop.ozone.om.KeyManagerImpl.getFileStatus(KeyManagerImpl.java:1254) ~[ozone-manager-1.3.0-SNAPSHOT.jar:?]
	at org.apache.hadoop.ozone.om.OzoneManager.getFileStatus(OzoneManager.java:3506) ~[ozone-manager-1.3.0-SNAPSHOT.jar:?]
	at org.apache.hadoop.ozone.protocolPB.OzoneManagerRequestHandler.getOzoneFileStatus(OzoneManagerRequestHandler.java:882) ~[ozone-manager-1.3.0-SNAPSHOT.jar:?]
	at org.apache.hadoop.ozone.protocolPB.OzoneManagerRequestHandler.handleReadRequest(OzoneManagerRequestHandler.java:228) ~[ozone-manager-1.3.0-SNAPSHOT.jar:?]
	at org.apache.hadoop.ozone.protocolPB.OzoneManagerProtocolServerSideTranslatorPB.submitReadRequestToOM(OzoneManagerProtocolServerSideTranslatorPB.java:226) ~[ozone-manager-1.3.0-SNAPSHOT.jar:?]
	at org.apache.hadoop.ozone.protocolPB.OzoneManagerProtocolServerSideTranslatorPB.processRequest(OzoneManagerProtocolServerSideTranslatorPB.java:175) ~[ozone-manager-1.3.0-SNAPSHOT.jar:?]
	at org.apache.hadoop.hdds.server.OzoneProtocolMessageDispatcher.processRequest(OzoneProtocolMessageDispatcher.java:87) [hdds-server-framework-1.3.0-SNAPSHOT.jar:?]
	at org.apache.hadoop.ozone.protocolPB.OzoneManagerProtocolServerSideTranslatorPB.submitRequest(OzoneManagerProtocolServerSideTranslatorPB.java:147) [ozone-manager-1.3.0-SNAPSHOT.jar:?]
	at org.apache.hadoop.ozone.protocol.proto.OzoneManagerProtocolProtos$OzoneManagerService$2.callBlockingMethod(OzoneManagerProtocolProtos.java) [ozone-interface-client-1.3.0-SNAPSHOT.jar:?]
	at org.apache.hadoop.ipc.ProtobufRpcEngine$Server.processCall(ProtobufRpcEngine.java:466) [hadoop-common-3.3.1.jar:?]
	at org.apache.hadoop.ipc.ProtobufRpcEngine2$Server$ProtoBufRpcInvoker.call(ProtobufRpcEngine2.java:574) [hadoop-common-3.3.1.jar:?]
	at org.apache.hadoop.ipc.ProtobufRpcEngine2$Server$ProtoBufRpcInvoker.call(ProtobufRpcEngine2.java:552) [hadoop-common-3.3.1.jar:?]
	at org.apache.hadoop.ipc.RPC$Server.call(RPC.java:1093) [hadoop-common-3.3.1.jar:?]
	at org.apache.hadoop.ipc.Server$RpcCall.run(Server.java:1035) [hadoop-common-3.3.1.jar:?]
	at org.apache.hadoop.ipc.Server$RpcCall.run(Server.java:963) [hadoop-common-3.3.1.jar:?]
	at java.security.AccessController.doPrivileged(Native Method) ~[?:1.8.0_345]
	at javax.security.auth.Subject.doAs(Subject.java:422) [?:1.8.0_345]
	at org.apache.hadoop.security.UserGroupInformation.doAs(UserGroupInformation.java:1878) [hadoop-common-3.3.1.jar:?]
	at org.apache.hadoop.ipc.Server$Handler.run(Server.java:2966) [hadoop-common-3.3.1.jar:?]
2022-09-28 09:57:08,288 [Time-limited test] WARN  ozone.BasicOzoneFileSystem (BasicOzoneFileSystem.java:getFileStatus(765)) - GetFileStatus failed for path /level0/level3/level3
java.io.FileNotFoundException: level0/level3/level3: No such file or directory!
	at org.apache.hadoop.fs.ozone.BasicOzoneClientAdapterImpl.getFileStatus(BasicOzoneClientAdapterImpl.java:369)
	at org.apache.hadoop.fs.ozone.BasicOzoneFileSystem.getFileStatus(BasicOzoneFileSystem.java:757)
	at org.apache.hadoop.fs.ozone.TestOzoneFileSystem.checkPath(TestOzoneFileSystem.java:504)
	at org.apache.hadoop.fs.ozone.TestOzoneFileSystem.testRecursiveDelete(TestOzoneFileSystem.java:496)
	at sun.reflect.NativeMethodAccessorImpl.invoke0(Native Method)
	at sun.reflect.NativeMethodAccessorImpl.invoke(NativeMethodAccessorImpl.java:62)
	at sun.reflect.DelegatingMethodAccessorImpl.invoke(DelegatingMethodAccessorImpl.java:43)
	at java.lang.reflect.Method.invoke(Method.java:498)
	at org.junit.runners.model.FrameworkMethod$1.runReflectiveCall(FrameworkMethod.java:59)
	at org.junit.internal.runners.model.ReflectiveCallable.run(ReflectiveCallable.java:12)
	at org.junit.runners.model.FrameworkMethod.invokeExplosively(FrameworkMethod.java:56)
	at org.junit.internal.runners.statements.InvokeMethod.evaluate(InvokeMethod.java:17)
	at org.junit.internal.runners.statements.RunAfters.evaluate(RunAfters.java:27)
	at org.junit.internal.runners.statements.FailOnTimeout$CallableStatement.call(FailOnTimeout.java:288)
	at org.junit.internal.runners.statements.FailOnTimeout$CallableStatement.call(FailOnTimeout.java:282)
	at java.util.concurrent.FutureTask.run(FutureTask.java:266)
	at java.lang.Thread.run(Thread.java:750)
09:57:08.289 [IPC Server handler 14 on default port 44537] ERROR OMAudit - user=runner | ip=127.0.0.1 | op=GET_FILE_STATUS {volume=volume16412, bucket=bucket93813, key=level0/level3/file1, dataSize=0, replicationConfig=null} | ret=FAILURE
org.apache.hadoop.ozone.om.exceptions.OMException: Unable to get file status: volume: volume16412 bucket: bucket93813 key: level0/level3/file1
	at org.apache.hadoop.ozone.om.KeyManagerImpl.getOzoneFileStatus(KeyManagerImpl.java:1324) ~[ozone-manager-1.3.0-SNAPSHOT.jar:?]
	at org.apache.hadoop.ozone.om.KeyManagerImpl.getFileStatus(KeyManagerImpl.java:1254) ~[ozone-manager-1.3.0-SNAPSHOT.jar:?]
	at org.apache.hadoop.ozone.om.OzoneManager.getFileStatus(OzoneManager.java:3506) ~[ozone-manager-1.3.0-SNAPSHOT.jar:?]
	at org.apache.hadoop.ozone.protocolPB.OzoneManagerRequestHandler.getOzoneFileStatus(OzoneManagerRequestHandler.java:882) ~[ozone-manager-1.3.0-SNAPSHOT.jar:?]
	at org.apache.hadoop.ozone.protocolPB.OzoneManagerRequestHandler.handleReadRequest(OzoneManagerRequestHandler.java:228) ~[ozone-manager-1.3.0-SNAPSHOT.jar:?]
	at org.apache.hadoop.ozone.protocolPB.OzoneManagerProtocolServerSideTranslatorPB.submitReadRequestToOM(OzoneManagerProtocolServerSideTranslatorPB.java:226) ~[ozone-manager-1.3.0-SNAPSHOT.jar:?]
	at org.apache.hadoop.ozone.protocolPB.OzoneManagerProtocolServerSideTranslatorPB.processRequest(OzoneManagerProtocolServerSideTranslatorPB.java:175) ~[ozone-manager-1.3.0-SNAPSHOT.jar:?]
	at org.apache.hadoop.hdds.server.OzoneProtocolMessageDispatcher.processRequest(OzoneProtocolMessageDispatcher.java:87) [hdds-server-framework-1.3.0-SNAPSHOT.jar:?]
	at org.apache.hadoop.ozone.protocolPB.OzoneManagerProtocolServerSideTranslatorPB.submitRequest(OzoneManagerProtocolServerSideTranslatorPB.java:147) [ozone-manager-1.3.0-SNAPSHOT.jar:?]
	at org.apache.hadoop.ozone.protocol.proto.OzoneManagerProtocolProtos$OzoneManagerService$2.callBlockingMethod(OzoneManagerProtocolProtos.java) [ozone-interface-client-1.3.0-SNAPSHOT.jar:?]
	at org.apache.hadoop.ipc.ProtobufRpcEngine$Server.processCall(ProtobufRpcEngine.java:466) [hadoop-common-3.3.1.jar:?]
	at org.apache.hadoop.ipc.ProtobufRpcEngine2$Server$ProtoBufRpcInvoker.call(ProtobufRpcEngine2.java:574) [hadoop-common-3.3.1.jar:?]
	at org.apache.hadoop.ipc.ProtobufRpcEngine2$Server$ProtoBufRpcInvoker.call(ProtobufRpcEngine2.java:552) [hadoop-common-3.3.1.jar:?]
	at org.apache.hadoop.ipc.RPC$Server.call(RPC.java:1093) [hadoop-common-3.3.1.jar:?]
	at org.apache.hadoop.ipc.Server$RpcCall.run(Server.java:1035) [hadoop-common-3.3.1.jar:?]
	at org.apache.hadoop.ipc.Server$RpcCall.run(Server.java:963) [hadoop-common-3.3.1.jar:?]
	at java.security.AccessController.doPrivileged(Native Method) ~[?:1.8.0_345]
	at javax.security.auth.Subject.doAs(Subject.java:422) [?:1.8.0_345]
	at org.apache.hadoop.security.UserGroupInformation.doAs(UserGroupInformation.java:1878) [hadoop-common-3.3.1.jar:?]
	at org.apache.hadoop.ipc.Server$Handler.run(Server.java:2966) [hadoop-common-3.3.1.jar:?]
2022-09-28 09:57:08,289 [Time-limited test] WARN  ozone.BasicOzoneFileSystem (BasicOzoneFileSystem.java:getFileStatus(765)) - GetFileStatus failed for path /level0/level3/file1
java.io.FileNotFoundException: level0/level3/file1: No such file or directory!
	at org.apache.hadoop.fs.ozone.BasicOzoneClientAdapterImpl.getFileStatus(BasicOzoneClientAdapterImpl.java:369)
	at org.apache.hadoop.fs.ozone.BasicOzoneFileSystem.getFileStatus(BasicOzoneFileSystem.java:757)
	at org.apache.hadoop.fs.ozone.TestOzoneFileSystem.checkPath(TestOzoneFileSystem.java:504)
	at org.apache.hadoop.fs.ozone.TestOzoneFileSystem.testRecursiveDelete(TestOzoneFileSystem.java:497)
	at sun.reflect.NativeMethodAccessorImpl.invoke0(Native Method)
	at sun.reflect.NativeMethodAccessorImpl.invoke(NativeMethodAccessorImpl.java:62)
	at sun.reflect.DelegatingMethodAccessorImpl.invoke(DelegatingMethodAccessorImpl.java:43)
	at java.lang.reflect.Method.invoke(Method.java:498)
	at org.junit.runners.model.FrameworkMethod$1.runReflectiveCall(FrameworkMethod.java:59)
	at org.junit.internal.runners.model.ReflectiveCallable.run(ReflectiveCallable.java:12)
	at org.junit.runners.model.FrameworkMethod.invokeExplosively(FrameworkMethod.java:56)
	at org.junit.internal.runners.statements.InvokeMethod.evaluate(InvokeMethod.java:17)
	at org.junit.internal.runners.statements.RunAfters.evaluate(RunAfters.java:27)
	at org.junit.internal.runners.statements.FailOnTimeout$CallableStatement.call(FailOnTimeout.java:288)
	at org.junit.internal.runners.statements.FailOnTimeout$CallableStatement.call(FailOnTimeout.java:282)
	at java.util.concurrent.FutureTask.run(FutureTask.java:266)
	at java.lang.Thread.run(Thread.java:750)
09:57:08.289 [IPC Server handler 6 on default port 44537] ERROR OMAudit - user=runner | ip=127.0.0.1 | op=GET_FILE_STATUS {volume=volume16412, bucket=bucket93813, key=level0/level3/level3/file1, dataSize=0, replicationConfig=null} | ret=FAILURE
org.apache.hadoop.ozone.om.exceptions.OMException: Unable to get file status: volume: volume16412 bucket: bucket93813 key: level0/level3/level3/file1
	at org.apache.hadoop.ozone.om.KeyManagerImpl.getOzoneFileStatus(KeyManagerImpl.java:1324) ~[ozone-manager-1.3.0-SNAPSHOT.jar:?]
	at org.apache.hadoop.ozone.om.KeyManagerImpl.getFileStatus(KeyManagerImpl.java:1254) ~[ozone-manager-1.3.0-SNAPSHOT.jar:?]
	at org.apache.hadoop.ozone.om.OzoneManager.getFileStatus(OzoneManager.java:3506) ~[ozone-manager-1.3.0-SNAPSHOT.jar:?]
	at org.apache.hadoop.ozone.protocolPB.OzoneManagerRequestHandler.getOzoneFileStatus(OzoneManagerRequestHandler.java:882) ~[ozone-manager-1.3.0-SNAPSHOT.jar:?]
	at org.apache.hadoop.ozone.protocolPB.OzoneManagerRequestHandler.handleReadRequest(OzoneManagerRequestHandler.java:228) ~[ozone-manager-1.3.0-SNAPSHOT.jar:?]
	at org.apache.hadoop.ozone.protocolPB.OzoneManagerProtocolServerSideTranslatorPB.submitReadRequestToOM(OzoneManagerProtocolServerSideTranslatorPB.java:226) ~[ozone-manager-1.3.0-SNAPSHOT.jar:?]
	at org.apache.hadoop.ozone.protocolPB.OzoneManagerProtocolServerSideTranslatorPB.processRequest(OzoneManagerProtocolServerSideTranslatorPB.java:175) ~[ozone-manager-1.3.0-SNAPSHOT.jar:?]
	at org.apache.hadoop.hdds.server.OzoneProtocolMessageDispatcher.processRequest(OzoneProtocolMessageDispatcher.java:87) [hdds-server-framework-1.3.0-SNAPSHOT.jar:?]
	at org.apache.hadoop.ozone.protocolPB.OzoneManagerProtocolServerSideTranslatorPB.submitRequest(OzoneManagerProtocolServerSideTranslatorPB.java:147) [ozone-manager-1.3.0-SNAPSHOT.jar:?]
	at org.apache.hadoop.ozone.protocol.proto.OzoneManagerProtocolProtos$OzoneManagerService$2.callBlockingMethod(OzoneManagerProtocolProtos.java) [ozone-interface-client-1.3.0-SNAPSHOT.jar:?]
	at org.apache.hadoop.ipc.ProtobufRpcEngine$Server.processCall(ProtobufRpcEngine.java:466) [hadoop-common-3.3.1.jar:?]
	at org.apache.hadoop.ipc.ProtobufRpcEngine2$Server$ProtoBufRpcInvoker.call(ProtobufRpcEngine2.java:574) [hadoop-common-3.3.1.jar:?]
	at org.apache.hadoop.ipc.ProtobufRpcEngine2$Server$ProtoBufRpcInvoker.call(ProtobufRpcEngine2.java:552) [hadoop-common-3.3.1.jar:?]
	at org.apache.hadoop.ipc.RPC$Server.call(RPC.java:1093) [hadoop-common-3.3.1.jar:?]
	at org.apache.hadoop.ipc.Server$RpcCall.run(Server.java:1035) [hadoop-common-3.3.1.jar:?]
	at org.apache.hadoop.ipc.Server$RpcCall.run(Server.java:963) [hadoop-common-3.3.1.jar:?]
	at java.security.AccessController.doPrivileged(Native Method) ~[?:1.8.0_345]
	at javax.security.auth.Subject.doAs(Subject.java:422) [?:1.8.0_345]
	at org.apache.hadoop.security.UserGroupInformation.doAs(UserGroupInformation.java:1878) [hadoop-common-3.3.1.jar:?]
	at org.apache.hadoop.ipc.Server$Handler.run(Server.java:2966) [hadoop-common-3.3.1.jar:?]
2022-09-28 09:57:08,292 [Time-limited test] WARN  ozone.BasicOzoneFileSystem (BasicOzoneFileSystem.java:getFileStatus(765)) - GetFileStatus failed for path /level0/level3/level3/file1
java.io.FileNotFoundException: level0/level3/level3/file1: No such file or directory!
	at org.apache.hadoop.fs.ozone.BasicOzoneClientAdapterImpl.getFileStatus(BasicOzoneClientAdapterImpl.java:369)
	at org.apache.hadoop.fs.ozone.BasicOzoneFileSystem.getFileStatus(BasicOzoneFileSystem.java:757)
	at org.apache.hadoop.fs.ozone.TestOzoneFileSystem.checkPath(TestOzoneFileSystem.java:504)
	at org.apache.hadoop.fs.ozone.TestOzoneFileSystem.testRecursiveDelete(TestOzoneFileSystem.java:498)
	at sun.reflect.NativeMethodAccessorImpl.invoke0(Native Method)
	at sun.reflect.NativeMethodAccessorImpl.invoke(NativeMethodAccessorImpl.java:62)
	at sun.reflect.DelegatingMethodAccessorImpl.invoke(DelegatingMethodAccessorImpl.java:43)
	at java.lang.reflect.Method.invoke(Method.java:498)
	at org.junit.runners.model.FrameworkMethod$1.runReflectiveCall(FrameworkMethod.java:59)
	at org.junit.internal.runners.model.ReflectiveCallable.run(ReflectiveCallable.java:12)
	at org.junit.runners.model.FrameworkMethod.invokeExplosively(FrameworkMethod.java:56)
	at org.junit.internal.runners.statements.InvokeMethod.evaluate(InvokeMethod.java:17)
	at org.junit.internal.runners.statements.RunAfters.evaluate(RunAfters.java:27)
	at org.junit.internal.runners.statements.FailOnTimeout$CallableStatement.call(FailOnTimeout.java:288)
	at org.junit.internal.runners.statements.FailOnTimeout$CallableStatement.call(FailOnTimeout.java:282)
	at java.util.concurrent.FutureTask.run(FutureTask.java:266)
	at java.lang.Thread.run(Thread.java:750)
]]></system-out>
  </testcase>
  <testcase name="testRecursiveDelete" classname="TestOzoneFileSystem" time="0.194">
    <system-out><![CDATA[09:59:04.109 [IPC Server handler 5 on default port 38925] ERROR OMAudit - user=runner | ip=127.0.0.1 | op=GET_FILE_STATUS {volume=volume75139, bucket=bucket52642, key=gdir1, dataSize=0, replicationConfig=null} | ret=FAILURE
org.apache.hadoop.ozone.om.exceptions.OMException: Unable to get file status: volume: volume75139 bucket: bucket52642 key: gdir1
	at org.apache.hadoop.ozone.om.KeyManagerImpl.getOzoneFileStatus(KeyManagerImpl.java:1324) ~[ozone-manager-1.3.0-SNAPSHOT.jar:?]
	at org.apache.hadoop.ozone.om.KeyManagerImpl.getFileStatus(KeyManagerImpl.java:1254) ~[ozone-manager-1.3.0-SNAPSHOT.jar:?]
	at org.apache.hadoop.ozone.om.OzoneManager.getFileStatus(OzoneManager.java:3506) ~[ozone-manager-1.3.0-SNAPSHOT.jar:?]
	at org.apache.hadoop.ozone.protocolPB.OzoneManagerRequestHandler.getOzoneFileStatus(OzoneManagerRequestHandler.java:882) ~[ozone-manager-1.3.0-SNAPSHOT.jar:?]
	at org.apache.hadoop.ozone.protocolPB.OzoneManagerRequestHandler.handleReadRequest(OzoneManagerRequestHandler.java:228) ~[ozone-manager-1.3.0-SNAPSHOT.jar:?]
	at org.apache.hadoop.ozone.protocolPB.OzoneManagerProtocolServerSideTranslatorPB.submitRequestDirectlyToOM(OzoneManagerProtocolServerSideTranslatorPB.java:276) ~[ozone-manager-1.3.0-SNAPSHOT.jar:?]
	at org.apache.hadoop.ozone.protocolPB.OzoneManagerProtocolServerSideTranslatorPB.processRequest(OzoneManagerProtocolServerSideTranslatorPB.java:205) ~[ozone-manager-1.3.0-SNAPSHOT.jar:?]
	at org.apache.hadoop.hdds.server.OzoneProtocolMessageDispatcher.processRequest(OzoneProtocolMessageDispatcher.java:87) [hdds-server-framework-1.3.0-SNAPSHOT.jar:?]
	at org.apache.hadoop.ozone.protocolPB.OzoneManagerProtocolServerSideTranslatorPB.submitRequest(OzoneManagerProtocolServerSideTranslatorPB.java:147) [ozone-manager-1.3.0-SNAPSHOT.jar:?]
	at org.apache.hadoop.ozone.protocol.proto.OzoneManagerProtocolProtos$OzoneManagerService$2.callBlockingMethod(OzoneManagerProtocolProtos.java) [ozone-interface-client-1.3.0-SNAPSHOT.jar:?]
	at org.apache.hadoop.ipc.ProtobufRpcEngine$Server.processCall(ProtobufRpcEngine.java:466) [hadoop-common-3.3.1.jar:?]
	at org.apache.hadoop.ipc.ProtobufRpcEngine2$Server$ProtoBufRpcInvoker.call(ProtobufRpcEngine2.java:574) [hadoop-common-3.3.1.jar:?]
	at org.apache.hadoop.ipc.ProtobufRpcEngine2$Server$ProtoBufRpcInvoker.call(ProtobufRpcEngine2.java:552) [hadoop-common-3.3.1.jar:?]
	at org.apache.hadoop.ipc.RPC$Server.call(RPC.java:1093) [hadoop-common-3.3.1.jar:?]
	at org.apache.hadoop.ipc.Server$RpcCall.run(Server.java:1035) [hadoop-common-3.3.1.jar:?]
	at org.apache.hadoop.ipc.Server$RpcCall.run(Server.java:963) [hadoop-common-3.3.1.jar:?]
	at java.security.AccessController.doPrivileged(Native Method) ~[?:1.8.0_345]
	at javax.security.auth.Subject.doAs(Subject.java:422) [?:1.8.0_345]
	at org.apache.hadoop.security.UserGroupInformation.doAs(UserGroupInformation.java:1878) [hadoop-common-3.3.1.jar:?]
	at org.apache.hadoop.ipc.Server$Handler.run(Server.java:2966) [hadoop-common-3.3.1.jar:?]
2022-09-28 09:59:04,109 [Time-limited test] WARN  ozone.BasicOzoneFileSystem (BasicOzoneFileSystem.java:getFileStatus(765)) - GetFileStatus failed for path /gdir1
java.io.FileNotFoundException: gdir1: No such file or directory!
	at org.apache.hadoop.fs.ozone.BasicOzoneClientAdapterImpl.getFileStatus(BasicOzoneClientAdapterImpl.java:369)
	at org.apache.hadoop.fs.ozone.BasicOzoneFileSystem.getFileStatus(BasicOzoneFileSystem.java:757)
	at org.apache.hadoop.fs.ozone.TestOzoneFileSystem.checkPath(TestOzoneFileSystem.java:504)
	at org.apache.hadoop.fs.ozone.TestOzoneFileSystem.testRecursiveDelete(TestOzoneFileSystem.java:454)
	at sun.reflect.NativeMethodAccessorImpl.invoke0(Native Method)
	at sun.reflect.NativeMethodAccessorImpl.invoke(NativeMethodAccessorImpl.java:62)
	at sun.reflect.DelegatingMethodAccessorImpl.invoke(DelegatingMethodAccessorImpl.java:43)
	at java.lang.reflect.Method.invoke(Method.java:498)
	at org.junit.runners.model.FrameworkMethod$1.runReflectiveCall(FrameworkMethod.java:59)
	at org.junit.internal.runners.model.ReflectiveCallable.run(ReflectiveCallable.java:12)
	at org.junit.runners.model.FrameworkMethod.invokeExplosively(FrameworkMethod.java:56)
	at org.junit.internal.runners.statements.InvokeMethod.evaluate(InvokeMethod.java:17)
	at org.junit.internal.runners.statements.RunAfters.evaluate(RunAfters.java:27)
	at org.junit.internal.runners.statements.FailOnTimeout$CallableStatement.call(FailOnTimeout.java:288)
	at org.junit.internal.runners.statements.FailOnTimeout$CallableStatement.call(FailOnTimeout.java:282)
	at java.util.concurrent.FutureTask.run(FutureTask.java:266)
	at java.lang.Thread.run(Thread.java:750)
09:59:04.109 [IPC Server handler 12 on default port 38925] ERROR OMAudit - user=runner | ip=127.0.0.1 | op=GET_FILE_STATUS {volume=volume75139, bucket=bucket52642, key=gdir1/dir1, dataSize=0, replicationConfig=null} | ret=FAILURE
org.apache.hadoop.ozone.om.exceptions.OMException: Unable to get file status: volume: volume75139 bucket: bucket52642 key: gdir1/dir1
	at org.apache.hadoop.ozone.om.KeyManagerImpl.getOzoneFileStatus(KeyManagerImpl.java:1324) ~[ozone-manager-1.3.0-SNAPSHOT.jar:?]
	at org.apache.hadoop.ozone.om.KeyManagerImpl.getFileStatus(KeyManagerImpl.java:1254) ~[ozone-manager-1.3.0-SNAPSHOT.jar:?]
	at org.apache.hadoop.ozone.om.OzoneManager.getFileStatus(OzoneManager.java:3506) ~[ozone-manager-1.3.0-SNAPSHOT.jar:?]
	at org.apache.hadoop.ozone.protocolPB.OzoneManagerRequestHandler.getOzoneFileStatus(OzoneManagerRequestHandler.java:882) ~[ozone-manager-1.3.0-SNAPSHOT.jar:?]
	at org.apache.hadoop.ozone.protocolPB.OzoneManagerRequestHandler.handleReadRequest(OzoneManagerRequestHandler.java:228) ~[ozone-manager-1.3.0-SNAPSHOT.jar:?]
	at org.apache.hadoop.ozone.protocolPB.OzoneManagerProtocolServerSideTranslatorPB.submitRequestDirectlyToOM(OzoneManagerProtocolServerSideTranslatorPB.java:276) ~[ozone-manager-1.3.0-SNAPSHOT.jar:?]
	at org.apache.hadoop.ozone.protocolPB.OzoneManagerProtocolServerSideTranslatorPB.processRequest(OzoneManagerProtocolServerSideTranslatorPB.java:205) ~[ozone-manager-1.3.0-SNAPSHOT.jar:?]
	at org.apache.hadoop.hdds.server.OzoneProtocolMessageDispatcher.processRequest(OzoneProtocolMessageDispatcher.java:87) [hdds-server-framework-1.3.0-SNAPSHOT.jar:?]
	at org.apache.hadoop.ozone.protocolPB.OzoneManagerProtocolServerSideTranslatorPB.submitRequest(OzoneManagerProtocolServerSideTranslatorPB.java:147) [ozone-manager-1.3.0-SNAPSHOT.jar:?]
	at org.apache.hadoop.ozone.protocol.proto.OzoneManagerProtocolProtos$OzoneManagerService$2.callBlockingMethod(OzoneManagerProtocolProtos.java) [ozone-interface-client-1.3.0-SNAPSHOT.jar:?]
	at org.apache.hadoop.ipc.ProtobufRpcEngine$Server.processCall(ProtobufRpcEngine.java:466) [hadoop-common-3.3.1.jar:?]
	at org.apache.hadoop.ipc.ProtobufRpcEngine2$Server$ProtoBufRpcInvoker.call(ProtobufRpcEngine2.java:574) [hadoop-common-3.3.1.jar:?]
	at org.apache.hadoop.ipc.ProtobufRpcEngine2$Server$ProtoBufRpcInvoker.call(ProtobufRpcEngine2.java:552) [hadoop-common-3.3.1.jar:?]
	at org.apache.hadoop.ipc.RPC$Server.call(RPC.java:1093) [hadoop-common-3.3.1.jar:?]
	at org.apache.hadoop.ipc.Server$RpcCall.run(Server.java:1035) [hadoop-common-3.3.1.jar:?]
	at org.apache.hadoop.ipc.Server$RpcCall.run(Server.java:963) [hadoop-common-3.3.1.jar:?]
	at java.security.AccessController.doPrivileged(Native Method) ~[?:1.8.0_345]
	at javax.security.auth.Subject.doAs(Subject.java:422) [?:1.8.0_345]
	at org.apache.hadoop.security.UserGroupInformation.doAs(UserGroupInformation.java:1878) [hadoop-common-3.3.1.jar:?]
	at org.apache.hadoop.ipc.Server$Handler.run(Server.java:2966) [hadoop-common-3.3.1.jar:?]
2022-09-28 09:59:04,110 [Time-limited test] WARN  ozone.BasicOzoneFileSystem (BasicOzoneFileSystem.java:getFileStatus(765)) - GetFileStatus failed for path /gdir1/dir1
java.io.FileNotFoundException: gdir1/dir1: No such file or directory!
	at org.apache.hadoop.fs.ozone.BasicOzoneClientAdapterImpl.getFileStatus(BasicOzoneClientAdapterImpl.java:369)
	at org.apache.hadoop.fs.ozone.BasicOzoneFileSystem.getFileStatus(BasicOzoneFileSystem.java:757)
	at org.apache.hadoop.fs.ozone.TestOzoneFileSystem.checkPath(TestOzoneFileSystem.java:504)
	at org.apache.hadoop.fs.ozone.TestOzoneFileSystem.testRecursiveDelete(TestOzoneFileSystem.java:459)
	at sun.reflect.NativeMethodAccessorImpl.invoke0(Native Method)
	at sun.reflect.NativeMethodAccessorImpl.invoke(NativeMethodAccessorImpl.java:62)
	at sun.reflect.DelegatingMethodAccessorImpl.invoke(DelegatingMethodAccessorImpl.java:43)
	at java.lang.reflect.Method.invoke(Method.java:498)
	at org.junit.runners.model.FrameworkMethod$1.runReflectiveCall(FrameworkMethod.java:59)
	at org.junit.internal.runners.model.ReflectiveCallable.run(ReflectiveCallable.java:12)
	at org.junit.runners.model.FrameworkMethod.invokeExplosively(FrameworkMethod.java:56)
	at org.junit.internal.runners.statements.InvokeMethod.evaluate(InvokeMethod.java:17)
	at org.junit.internal.runners.statements.RunAfters.evaluate(RunAfters.java:27)
	at org.junit.internal.runners.statements.FailOnTimeout$CallableStatement.call(FailOnTimeout.java:288)
	at org.junit.internal.runners.statements.FailOnTimeout$CallableStatement.call(FailOnTimeout.java:282)
	at java.util.concurrent.FutureTask.run(FutureTask.java:266)
	at java.lang.Thread.run(Thread.java:750)
09:59:04.110 [IPC Server handler 11 on default port 38925] ERROR OMAudit - user=runner | ip=127.0.0.1 | op=GET_FILE_STATUS {volume=volume75139, bucket=bucket52642, key=gdir1/dir1/child, dataSize=0, replicationConfig=null} | ret=FAILURE
org.apache.hadoop.ozone.om.exceptions.OMException: Unable to get file status: volume: volume75139 bucket: bucket52642 key: gdir1/dir1/child
	at org.apache.hadoop.ozone.om.KeyManagerImpl.getOzoneFileStatus(KeyManagerImpl.java:1324) ~[ozone-manager-1.3.0-SNAPSHOT.jar:?]
	at org.apache.hadoop.ozone.om.KeyManagerImpl.getFileStatus(KeyManagerImpl.java:1254) ~[ozone-manager-1.3.0-SNAPSHOT.jar:?]
	at org.apache.hadoop.ozone.om.OzoneManager.getFileStatus(OzoneManager.java:3506) ~[ozone-manager-1.3.0-SNAPSHOT.jar:?]
	at org.apache.hadoop.ozone.protocolPB.OzoneManagerRequestHandler.getOzoneFileStatus(OzoneManagerRequestHandler.java:882) ~[ozone-manager-1.3.0-SNAPSHOT.jar:?]
	at org.apache.hadoop.ozone.protocolPB.OzoneManagerRequestHandler.handleReadRequest(OzoneManagerRequestHandler.java:228) ~[ozone-manager-1.3.0-SNAPSHOT.jar:?]
	at org.apache.hadoop.ozone.protocolPB.OzoneManagerProtocolServerSideTranslatorPB.submitRequestDirectlyToOM(OzoneManagerProtocolServerSideTranslatorPB.java:276) ~[ozone-manager-1.3.0-SNAPSHOT.jar:?]
	at org.apache.hadoop.ozone.protocolPB.OzoneManagerProtocolServerSideTranslatorPB.processRequest(OzoneManagerProtocolServerSideTranslatorPB.java:205) ~[ozone-manager-1.3.0-SNAPSHOT.jar:?]
	at org.apache.hadoop.hdds.server.OzoneProtocolMessageDispatcher.processRequest(OzoneProtocolMessageDispatcher.java:87) [hdds-server-framework-1.3.0-SNAPSHOT.jar:?]
	at org.apache.hadoop.ozone.protocolPB.OzoneManagerProtocolServerSideTranslatorPB.submitRequest(OzoneManagerProtocolServerSideTranslatorPB.java:147) [ozone-manager-1.3.0-SNAPSHOT.jar:?]
	at org.apache.hadoop.ozone.protocol.proto.OzoneManagerProtocolProtos$OzoneManagerService$2.callBlockingMethod(OzoneManagerProtocolProtos.java) [ozone-interface-client-1.3.0-SNAPSHOT.jar:?]
	at org.apache.hadoop.ipc.ProtobufRpcEngine$Server.processCall(ProtobufRpcEngine.java:466) [hadoop-common-3.3.1.jar:?]
	at org.apache.hadoop.ipc.ProtobufRpcEngine2$Server$ProtoBufRpcInvoker.call(ProtobufRpcEngine2.java:574) [hadoop-common-3.3.1.jar:?]
	at org.apache.hadoop.ipc.ProtobufRpcEngine2$Server$ProtoBufRpcInvoker.call(ProtobufRpcEngine2.java:552) [hadoop-common-3.3.1.jar:?]
	at org.apache.hadoop.ipc.RPC$Server.call(RPC.java:1093) [hadoop-common-3.3.1.jar:?]
	at org.apache.hadoop.ipc.Server$RpcCall.run(Server.java:1035) [hadoop-common-3.3.1.jar:?]
	at org.apache.hadoop.ipc.Server$RpcCall.run(Server.java:963) [hadoop-common-3.3.1.jar:?]
	at java.security.AccessController.doPrivileged(Native Method) ~[?:1.8.0_345]
	at javax.security.auth.Subject.doAs(Subject.java:422) [?:1.8.0_345]
	at org.apache.hadoop.security.UserGroupInformation.doAs(UserGroupInformation.java:1878) [hadoop-common-3.3.1.jar:?]
	at org.apache.hadoop.ipc.Server$Handler.run(Server.java:2966) [hadoop-common-3.3.1.jar:?]
2022-09-28 09:59:04,110 [Time-limited test] WARN  ozone.BasicOzoneFileSystem (BasicOzoneFileSystem.java:getFileStatus(765)) - GetFileStatus failed for path /gdir1/dir1/child
java.io.FileNotFoundException: gdir1/dir1/child: No such file or directory!
	at org.apache.hadoop.fs.ozone.BasicOzoneClientAdapterImpl.getFileStatus(BasicOzoneClientAdapterImpl.java:369)
	at org.apache.hadoop.fs.ozone.BasicOzoneFileSystem.getFileStatus(BasicOzoneFileSystem.java:757)
	at org.apache.hadoop.fs.ozone.TestOzoneFileSystem.checkPath(TestOzoneFileSystem.java:504)
	at org.apache.hadoop.fs.ozone.TestOzoneFileSystem.testRecursiveDelete(TestOzoneFileSystem.java:460)
	at sun.reflect.NativeMethodAccessorImpl.invoke0(Native Method)
	at sun.reflect.NativeMethodAccessorImpl.invoke(NativeMethodAccessorImpl.java:62)
	at sun.reflect.DelegatingMethodAccessorImpl.invoke(DelegatingMethodAccessorImpl.java:43)
	at java.lang.reflect.Method.invoke(Method.java:498)
	at org.junit.runners.model.FrameworkMethod$1.runReflectiveCall(FrameworkMethod.java:59)
	at org.junit.internal.runners.model.ReflectiveCallable.run(ReflectiveCallable.java:12)
	at org.junit.runners.model.FrameworkMethod.invokeExplosively(FrameworkMethod.java:56)
	at org.junit.internal.runners.statements.InvokeMethod.evaluate(InvokeMethod.java:17)
	at org.junit.internal.runners.statements.RunAfters.evaluate(RunAfters.java:27)
	at org.junit.internal.runners.statements.FailOnTimeout$CallableStatement.call(FailOnTimeout.java:288)
	at org.junit.internal.runners.statements.FailOnTimeout$CallableStatement.call(FailOnTimeout.java:282)
	at java.util.concurrent.FutureTask.run(FutureTask.java:266)
	at java.lang.Thread.run(Thread.java:750)
09:59:04.111 [IPC Server handler 15 on default port 38925] ERROR OMAudit - user=runner | ip=127.0.0.1 | op=GET_FILE_STATUS {volume=volume75139, bucket=bucket52642, key=gdir1/dir2, dataSize=0, replicationConfig=null} | ret=FAILURE
org.apache.hadoop.ozone.om.exceptions.OMException: Unable to get file status: volume: volume75139 bucket: bucket52642 key: gdir1/dir2
	at org.apache.hadoop.ozone.om.KeyManagerImpl.getOzoneFileStatus(KeyManagerImpl.java:1324) ~[ozone-manager-1.3.0-SNAPSHOT.jar:?]
	at org.apache.hadoop.ozone.om.KeyManagerImpl.getFileStatus(KeyManagerImpl.java:1254) ~[ozone-manager-1.3.0-SNAPSHOT.jar:?]
	at org.apache.hadoop.ozone.om.OzoneManager.getFileStatus(OzoneManager.java:3506) ~[ozone-manager-1.3.0-SNAPSHOT.jar:?]
	at org.apache.hadoop.ozone.protocolPB.OzoneManagerRequestHandler.getOzoneFileStatus(OzoneManagerRequestHandler.java:882) ~[ozone-manager-1.3.0-SNAPSHOT.jar:?]
	at org.apache.hadoop.ozone.protocolPB.OzoneManagerRequestHandler.handleReadRequest(OzoneManagerRequestHandler.java:228) ~[ozone-manager-1.3.0-SNAPSHOT.jar:?]
	at org.apache.hadoop.ozone.protocolPB.OzoneManagerProtocolServerSideTranslatorPB.submitRequestDirectlyToOM(OzoneManagerProtocolServerSideTranslatorPB.java:276) ~[ozone-manager-1.3.0-SNAPSHOT.jar:?]
	at org.apache.hadoop.ozone.protocolPB.OzoneManagerProtocolServerSideTranslatorPB.processRequest(OzoneManagerProtocolServerSideTranslatorPB.java:205) ~[ozone-manager-1.3.0-SNAPSHOT.jar:?]
	at org.apache.hadoop.hdds.server.OzoneProtocolMessageDispatcher.processRequest(OzoneProtocolMessageDispatcher.java:87) [hdds-server-framework-1.3.0-SNAPSHOT.jar:?]
	at org.apache.hadoop.ozone.protocolPB.OzoneManagerProtocolServerSideTranslatorPB.submitRequest(OzoneManagerProtocolServerSideTranslatorPB.java:147) [ozone-manager-1.3.0-SNAPSHOT.jar:?]
	at org.apache.hadoop.ozone.protocol.proto.OzoneManagerProtocolProtos$OzoneManagerService$2.callBlockingMethod(OzoneManagerProtocolProtos.java) [ozone-interface-client-1.3.0-SNAPSHOT.jar:?]
	at org.apache.hadoop.ipc.ProtobufRpcEngine$Server.processCall(ProtobufRpcEngine.java:466) [hadoop-common-3.3.1.jar:?]
	at org.apache.hadoop.ipc.ProtobufRpcEngine2$Server$ProtoBufRpcInvoker.call(ProtobufRpcEngine2.java:574) [hadoop-common-3.3.1.jar:?]
	at org.apache.hadoop.ipc.ProtobufRpcEngine2$Server$ProtoBufRpcInvoker.call(ProtobufRpcEngine2.java:552) [hadoop-common-3.3.1.jar:?]
	at org.apache.hadoop.ipc.RPC$Server.call(RPC.java:1093) [hadoop-common-3.3.1.jar:?]
	at org.apache.hadoop.ipc.Server$RpcCall.run(Server.java:1035) [hadoop-common-3.3.1.jar:?]
	at org.apache.hadoop.ipc.Server$RpcCall.run(Server.java:963) [hadoop-common-3.3.1.jar:?]
	at java.security.AccessController.doPrivileged(Native Method) ~[?:1.8.0_345]
	at javax.security.auth.Subject.doAs(Subject.java:422) [?:1.8.0_345]
	at org.apache.hadoop.security.UserGroupInformation.doAs(UserGroupInformation.java:1878) [hadoop-common-3.3.1.jar:?]
	at org.apache.hadoop.ipc.Server$Handler.run(Server.java:2966) [hadoop-common-3.3.1.jar:?]
2022-09-28 09:59:04,111 [Time-limited test] WARN  ozone.BasicOzoneFileSystem (BasicOzoneFileSystem.java:getFileStatus(765)) - GetFileStatus failed for path /gdir1/dir2
java.io.FileNotFoundException: gdir1/dir2: No such file or directory!
	at org.apache.hadoop.fs.ozone.BasicOzoneClientAdapterImpl.getFileStatus(BasicOzoneClientAdapterImpl.java:369)
	at org.apache.hadoop.fs.ozone.BasicOzoneFileSystem.getFileStatus(BasicOzoneFileSystem.java:757)
	at org.apache.hadoop.fs.ozone.TestOzoneFileSystem.checkPath(TestOzoneFileSystem.java:504)
	at org.apache.hadoop.fs.ozone.TestOzoneFileSystem.testRecursiveDelete(TestOzoneFileSystem.java:459)
	at sun.reflect.NativeMethodAccessorImpl.invoke0(Native Method)
	at sun.reflect.NativeMethodAccessorImpl.invoke(NativeMethodAccessorImpl.java:62)
	at sun.reflect.DelegatingMethodAccessorImpl.invoke(DelegatingMethodAccessorImpl.java:43)
	at java.lang.reflect.Method.invoke(Method.java:498)
	at org.junit.runners.model.FrameworkMethod$1.runReflectiveCall(FrameworkMethod.java:59)
	at org.junit.internal.runners.model.ReflectiveCallable.run(ReflectiveCallable.java:12)
	at org.junit.runners.model.FrameworkMethod.invokeExplosively(FrameworkMethod.java:56)
	at org.junit.internal.runners.statements.InvokeMethod.evaluate(InvokeMethod.java:17)
	at org.junit.internal.runners.statements.RunAfters.evaluate(RunAfters.java:27)
	at org.junit.internal.runners.statements.FailOnTimeout$CallableStatement.call(FailOnTimeout.java:288)
	at org.junit.internal.runners.statements.FailOnTimeout$CallableStatement.call(FailOnTimeout.java:282)
	at java.util.concurrent.FutureTask.run(FutureTask.java:266)
	at java.lang.Thread.run(Thread.java:750)
09:59:04.111 [IPC Server handler 16 on default port 38925] ERROR OMAudit - user=runner | ip=127.0.0.1 | op=GET_FILE_STATUS {volume=volume75139, bucket=bucket52642, key=gdir1/dir2/child, dataSize=0, replicationConfig=null} | ret=FAILURE
org.apache.hadoop.ozone.om.exceptions.OMException: Unable to get file status: volume: volume75139 bucket: bucket52642 key: gdir1/dir2/child
	at org.apache.hadoop.ozone.om.KeyManagerImpl.getOzoneFileStatus(KeyManagerImpl.java:1324) ~[ozone-manager-1.3.0-SNAPSHOT.jar:?]
	at org.apache.hadoop.ozone.om.KeyManagerImpl.getFileStatus(KeyManagerImpl.java:1254) ~[ozone-manager-1.3.0-SNAPSHOT.jar:?]
	at org.apache.hadoop.ozone.om.OzoneManager.getFileStatus(OzoneManager.java:3506) ~[ozone-manager-1.3.0-SNAPSHOT.jar:?]
	at org.apache.hadoop.ozone.protocolPB.OzoneManagerRequestHandler.getOzoneFileStatus(OzoneManagerRequestHandler.java:882) ~[ozone-manager-1.3.0-SNAPSHOT.jar:?]
	at org.apache.hadoop.ozone.protocolPB.OzoneManagerRequestHandler.handleReadRequest(OzoneManagerRequestHandler.java:228) ~[ozone-manager-1.3.0-SNAPSHOT.jar:?]
	at org.apache.hadoop.ozone.protocolPB.OzoneManagerProtocolServerSideTranslatorPB.submitRequestDirectlyToOM(OzoneManagerProtocolServerSideTranslatorPB.java:276) ~[ozone-manager-1.3.0-SNAPSHOT.jar:?]
	at org.apache.hadoop.ozone.protocolPB.OzoneManagerProtocolServerSideTranslatorPB.processRequest(OzoneManagerProtocolServerSideTranslatorPB.java:205) ~[ozone-manager-1.3.0-SNAPSHOT.jar:?]
	at org.apache.hadoop.hdds.server.OzoneProtocolMessageDispatcher.processRequest(OzoneProtocolMessageDispatcher.java:87) [hdds-server-framework-1.3.0-SNAPSHOT.jar:?]
	at org.apache.hadoop.ozone.protocolPB.OzoneManagerProtocolServerSideTranslatorPB.submitRequest(OzoneManagerProtocolServerSideTranslatorPB.java:147) [ozone-manager-1.3.0-SNAPSHOT.jar:?]
	at org.apache.hadoop.ozone.protocol.proto.OzoneManagerProtocolProtos$OzoneManagerService$2.callBlockingMethod(OzoneManagerProtocolProtos.java) [ozone-interface-client-1.3.0-SNAPSHOT.jar:?]
	at org.apache.hadoop.ipc.ProtobufRpcEngine$Server.processCall(ProtobufRpcEngine.java:466) [hadoop-common-3.3.1.jar:?]
	at org.apache.hadoop.ipc.ProtobufRpcEngine2$Server$ProtoBufRpcInvoker.call(ProtobufRpcEngine2.java:574) [hadoop-common-3.3.1.jar:?]
	at org.apache.hadoop.ipc.ProtobufRpcEngine2$Server$ProtoBufRpcInvoker.call(ProtobufRpcEngine2.java:552) [hadoop-common-3.3.1.jar:?]
	at org.apache.hadoop.ipc.RPC$Server.call(RPC.java:1093) [hadoop-common-3.3.1.jar:?]
	at org.apache.hadoop.ipc.Server$RpcCall.run(Server.java:1035) [hadoop-common-3.3.1.jar:?]
	at org.apache.hadoop.ipc.Server$RpcCall.run(Server.java:963) [hadoop-common-3.3.1.jar:?]
	at java.security.AccessController.doPrivileged(Native Method) ~[?:1.8.0_345]
	at javax.security.auth.Subject.doAs(Subject.java:422) [?:1.8.0_345]
	at org.apache.hadoop.security.UserGroupInformation.doAs(UserGroupInformation.java:1878) [hadoop-common-3.3.1.jar:?]
	at org.apache.hadoop.ipc.Server$Handler.run(Server.java:2966) [hadoop-common-3.3.1.jar:?]
2022-09-28 09:59:04,111 [Time-limited test] WARN  ozone.BasicOzoneFileSystem (BasicOzoneFileSystem.java:getFileStatus(765)) - GetFileStatus failed for path /gdir1/dir2/child
java.io.FileNotFoundException: gdir1/dir2/child: No such file or directory!
	at org.apache.hadoop.fs.ozone.BasicOzoneClientAdapterImpl.getFileStatus(BasicOzoneClientAdapterImpl.java:369)
	at org.apache.hadoop.fs.ozone.BasicOzoneFileSystem.getFileStatus(BasicOzoneFileSystem.java:757)
	at org.apache.hadoop.fs.ozone.TestOzoneFileSystem.checkPath(TestOzoneFileSystem.java:504)
	at org.apache.hadoop.fs.ozone.TestOzoneFileSystem.testRecursiveDelete(TestOzoneFileSystem.java:460)
	at sun.reflect.NativeMethodAccessorImpl.invoke0(Native Method)
	at sun.reflect.NativeMethodAccessorImpl.invoke(NativeMethodAccessorImpl.java:62)
	at sun.reflect.DelegatingMethodAccessorImpl.invoke(DelegatingMethodAccessorImpl.java:43)
	at java.lang.reflect.Method.invoke(Method.java:498)
	at org.junit.runners.model.FrameworkMethod$1.runReflectiveCall(FrameworkMethod.java:59)
	at org.junit.internal.runners.model.ReflectiveCallable.run(ReflectiveCallable.java:12)
	at org.junit.runners.model.FrameworkMethod.invokeExplosively(FrameworkMethod.java:56)
	at org.junit.internal.runners.statements.InvokeMethod.evaluate(InvokeMethod.java:17)
	at org.junit.internal.runners.statements.RunAfters.evaluate(RunAfters.java:27)
	at org.junit.internal.runners.statements.FailOnTimeout$CallableStatement.call(FailOnTimeout.java:288)
	at org.junit.internal.runners.statements.FailOnTimeout$CallableStatement.call(FailOnTimeout.java:282)
	at java.util.concurrent.FutureTask.run(FutureTask.java:266)
	at java.lang.Thread.run(Thread.java:750)
09:59:04.112 [IPC Server handler 13 on default port 38925] ERROR OMAudit - user=runner | ip=127.0.0.1 | op=GET_FILE_STATUS {volume=volume75139, bucket=bucket52642, key=gdir1/dir3, dataSize=0, replicationConfig=null} | ret=FAILURE
org.apache.hadoop.ozone.om.exceptions.OMException: Unable to get file status: volume: volume75139 bucket: bucket52642 key: gdir1/dir3
	at org.apache.hadoop.ozone.om.KeyManagerImpl.getOzoneFileStatus(KeyManagerImpl.java:1324) ~[ozone-manager-1.3.0-SNAPSHOT.jar:?]
	at org.apache.hadoop.ozone.om.KeyManagerImpl.getFileStatus(KeyManagerImpl.java:1254) ~[ozone-manager-1.3.0-SNAPSHOT.jar:?]
	at org.apache.hadoop.ozone.om.OzoneManager.getFileStatus(OzoneManager.java:3506) ~[ozone-manager-1.3.0-SNAPSHOT.jar:?]
	at org.apache.hadoop.ozone.protocolPB.OzoneManagerRequestHandler.getOzoneFileStatus(OzoneManagerRequestHandler.java:882) ~[ozone-manager-1.3.0-SNAPSHOT.jar:?]
	at org.apache.hadoop.ozone.protocolPB.OzoneManagerRequestHandler.handleReadRequest(OzoneManagerRequestHandler.java:228) ~[ozone-manager-1.3.0-SNAPSHOT.jar:?]
	at org.apache.hadoop.ozone.protocolPB.OzoneManagerProtocolServerSideTranslatorPB.submitRequestDirectlyToOM(OzoneManagerProtocolServerSideTranslatorPB.java:276) ~[ozone-manager-1.3.0-SNAPSHOT.jar:?]
	at org.apache.hadoop.ozone.protocolPB.OzoneManagerProtocolServerSideTranslatorPB.processRequest(OzoneManagerProtocolServerSideTranslatorPB.java:205) ~[ozone-manager-1.3.0-SNAPSHOT.jar:?]
	at org.apache.hadoop.hdds.server.OzoneProtocolMessageDispatcher.processRequest(OzoneProtocolMessageDispatcher.java:87) [hdds-server-framework-1.3.0-SNAPSHOT.jar:?]
	at org.apache.hadoop.ozone.protocolPB.OzoneManagerProtocolServerSideTranslatorPB.submitRequest(OzoneManagerProtocolServerSideTranslatorPB.java:147) [ozone-manager-1.3.0-SNAPSHOT.jar:?]
	at org.apache.hadoop.ozone.protocol.proto.OzoneManagerProtocolProtos$OzoneManagerService$2.callBlockingMethod(OzoneManagerProtocolProtos.java) [ozone-interface-client-1.3.0-SNAPSHOT.jar:?]
	at org.apache.hadoop.ipc.ProtobufRpcEngine$Server.processCall(ProtobufRpcEngine.java:466) [hadoop-common-3.3.1.jar:?]
	at org.apache.hadoop.ipc.ProtobufRpcEngine2$Server$ProtoBufRpcInvoker.call(ProtobufRpcEngine2.java:574) [hadoop-common-3.3.1.jar:?]
	at org.apache.hadoop.ipc.ProtobufRpcEngine2$Server$ProtoBufRpcInvoker.call(ProtobufRpcEngine2.java:552) [hadoop-common-3.3.1.jar:?]
	at org.apache.hadoop.ipc.RPC$Server.call(RPC.java:1093) [hadoop-common-3.3.1.jar:?]
	at org.apache.hadoop.ipc.Server$RpcCall.run(Server.java:1035) [hadoop-common-3.3.1.jar:?]
	at org.apache.hadoop.ipc.Server$RpcCall.run(Server.java:963) [hadoop-common-3.3.1.jar:?]
	at java.security.AccessController.doPrivileged(Native Method) ~[?:1.8.0_345]
	at javax.security.auth.Subject.doAs(Subject.java:422) [?:1.8.0_345]
	at org.apache.hadoop.security.UserGroupInformation.doAs(UserGroupInformation.java:1878) [hadoop-common-3.3.1.jar:?]
	at org.apache.hadoop.ipc.Server$Handler.run(Server.java:2966) [hadoop-common-3.3.1.jar:?]
2022-09-28 09:59:04,112 [Time-limited test] WARN  ozone.BasicOzoneFileSystem (BasicOzoneFileSystem.java:getFileStatus(765)) - GetFileStatus failed for path /gdir1/dir3
java.io.FileNotFoundException: gdir1/dir3: No such file or directory!
	at org.apache.hadoop.fs.ozone.BasicOzoneClientAdapterImpl.getFileStatus(BasicOzoneClientAdapterImpl.java:369)
	at org.apache.hadoop.fs.ozone.BasicOzoneFileSystem.getFileStatus(BasicOzoneFileSystem.java:757)
	at org.apache.hadoop.fs.ozone.TestOzoneFileSystem.checkPath(TestOzoneFileSystem.java:504)
	at org.apache.hadoop.fs.ozone.TestOzoneFileSystem.testRecursiveDelete(TestOzoneFileSystem.java:459)
	at sun.reflect.NativeMethodAccessorImpl.invoke0(Native Method)
	at sun.reflect.NativeMethodAccessorImpl.invoke(NativeMethodAccessorImpl.java:62)
	at sun.reflect.DelegatingMethodAccessorImpl.invoke(DelegatingMethodAccessorImpl.java:43)
	at java.lang.reflect.Method.invoke(Method.java:498)
	at org.junit.runners.model.FrameworkMethod$1.runReflectiveCall(FrameworkMethod.java:59)
	at org.junit.internal.runners.model.ReflectiveCallable.run(ReflectiveCallable.java:12)
	at org.junit.runners.model.FrameworkMethod.invokeExplosively(FrameworkMethod.java:56)
	at org.junit.internal.runners.statements.InvokeMethod.evaluate(InvokeMethod.java:17)
	at org.junit.internal.runners.statements.RunAfters.evaluate(RunAfters.java:27)
	at org.junit.internal.runners.statements.FailOnTimeout$CallableStatement.call(FailOnTimeout.java:288)
	at org.junit.internal.runners.statements.FailOnTimeout$CallableStatement.call(FailOnTimeout.java:282)
	at java.util.concurrent.FutureTask.run(FutureTask.java:266)
	at java.lang.Thread.run(Thread.java:750)
09:59:04.112 [IPC Server handler 17 on default port 38925] ERROR OMAudit - user=runner | ip=127.0.0.1 | op=GET_FILE_STATUS {volume=volume75139, bucket=bucket52642, key=gdir1/dir3/child, dataSize=0, replicationConfig=null} | ret=FAILURE
org.apache.hadoop.ozone.om.exceptions.OMException: Unable to get file status: volume: volume75139 bucket: bucket52642 key: gdir1/dir3/child
	at org.apache.hadoop.ozone.om.KeyManagerImpl.getOzoneFileStatus(KeyManagerImpl.java:1324) ~[ozone-manager-1.3.0-SNAPSHOT.jar:?]
	at org.apache.hadoop.ozone.om.KeyManagerImpl.getFileStatus(KeyManagerImpl.java:1254) ~[ozone-manager-1.3.0-SNAPSHOT.jar:?]
	at org.apache.hadoop.ozone.om.OzoneManager.getFileStatus(OzoneManager.java:3506) ~[ozone-manager-1.3.0-SNAPSHOT.jar:?]
	at org.apache.hadoop.ozone.protocolPB.OzoneManagerRequestHandler.getOzoneFileStatus(OzoneManagerRequestHandler.java:882) ~[ozone-manager-1.3.0-SNAPSHOT.jar:?]
	at org.apache.hadoop.ozone.protocolPB.OzoneManagerRequestHandler.handleReadRequest(OzoneManagerRequestHandler.java:228) ~[ozone-manager-1.3.0-SNAPSHOT.jar:?]
	at org.apache.hadoop.ozone.protocolPB.OzoneManagerProtocolServerSideTranslatorPB.submitRequestDirectlyToOM(OzoneManagerProtocolServerSideTranslatorPB.java:276) ~[ozone-manager-1.3.0-SNAPSHOT.jar:?]
	at org.apache.hadoop.ozone.protocolPB.OzoneManagerProtocolServerSideTranslatorPB.processRequest(OzoneManagerProtocolServerSideTranslatorPB.java:205) ~[ozone-manager-1.3.0-SNAPSHOT.jar:?]
	at org.apache.hadoop.hdds.server.OzoneProtocolMessageDispatcher.processRequest(OzoneProtocolMessageDispatcher.java:87) [hdds-server-framework-1.3.0-SNAPSHOT.jar:?]
	at org.apache.hadoop.ozone.protocolPB.OzoneManagerProtocolServerSideTranslatorPB.submitRequest(OzoneManagerProtocolServerSideTranslatorPB.java:147) [ozone-manager-1.3.0-SNAPSHOT.jar:?]
	at org.apache.hadoop.ozone.protocol.proto.OzoneManagerProtocolProtos$OzoneManagerService$2.callBlockingMethod(OzoneManagerProtocolProtos.java) [ozone-interface-client-1.3.0-SNAPSHOT.jar:?]
	at org.apache.hadoop.ipc.ProtobufRpcEngine$Server.processCall(ProtobufRpcEngine.java:466) [hadoop-common-3.3.1.jar:?]
	at org.apache.hadoop.ipc.ProtobufRpcEngine2$Server$ProtoBufRpcInvoker.call(ProtobufRpcEngine2.java:574) [hadoop-common-3.3.1.jar:?]
	at org.apache.hadoop.ipc.ProtobufRpcEngine2$Server$ProtoBufRpcInvoker.call(ProtobufRpcEngine2.java:552) [hadoop-common-3.3.1.jar:?]
	at org.apache.hadoop.ipc.RPC$Server.call(RPC.java:1093) [hadoop-common-3.3.1.jar:?]
	at org.apache.hadoop.ipc.Server$RpcCall.run(Server.java:1035) [hadoop-common-3.3.1.jar:?]
	at org.apache.hadoop.ipc.Server$RpcCall.run(Server.java:963) [hadoop-common-3.3.1.jar:?]
	at java.security.AccessController.doPrivileged(Native Method) ~[?:1.8.0_345]
	at javax.security.auth.Subject.doAs(Subject.java:422) [?:1.8.0_345]
	at org.apache.hadoop.security.UserGroupInformation.doAs(UserGroupInformation.java:1878) [hadoop-common-3.3.1.jar:?]
	at org.apache.hadoop.ipc.Server$Handler.run(Server.java:2966) [hadoop-common-3.3.1.jar:?]
2022-09-28 09:59:04,113 [Time-limited test] WARN  ozone.BasicOzoneFileSystem (BasicOzoneFileSystem.java:getFileStatus(765)) - GetFileStatus failed for path /gdir1/dir3/child
java.io.FileNotFoundException: gdir1/dir3/child: No such file or directory!
	at org.apache.hadoop.fs.ozone.BasicOzoneClientAdapterImpl.getFileStatus(BasicOzoneClientAdapterImpl.java:369)
	at org.apache.hadoop.fs.ozone.BasicOzoneFileSystem.getFileStatus(BasicOzoneFileSystem.java:757)
	at org.apache.hadoop.fs.ozone.TestOzoneFileSystem.checkPath(TestOzoneFileSystem.java:504)
	at org.apache.hadoop.fs.ozone.TestOzoneFileSystem.testRecursiveDelete(TestOzoneFileSystem.java:460)
	at sun.reflect.NativeMethodAccessorImpl.invoke0(Native Method)
	at sun.reflect.NativeMethodAccessorImpl.invoke(NativeMethodAccessorImpl.java:62)
	at sun.reflect.DelegatingMethodAccessorImpl.invoke(DelegatingMethodAccessorImpl.java:43)
	at java.lang.reflect.Method.invoke(Method.java:498)
	at org.junit.runners.model.FrameworkMethod$1.runReflectiveCall(FrameworkMethod.java:59)
	at org.junit.internal.runners.model.ReflectiveCallable.run(ReflectiveCallable.java:12)
	at org.junit.runners.model.FrameworkMethod.invokeExplosively(FrameworkMethod.java:56)
	at org.junit.internal.runners.statements.InvokeMethod.evaluate(InvokeMethod.java:17)
	at org.junit.internal.runners.statements.RunAfters.evaluate(RunAfters.java:27)
	at org.junit.internal.runners.statements.FailOnTimeout$CallableStatement.call(FailOnTimeout.java:288)
	at org.junit.internal.runners.statements.FailOnTimeout$CallableStatement.call(FailOnTimeout.java:282)
	at java.util.concurrent.FutureTask.run(FutureTask.java:266)
	at java.lang.Thread.run(Thread.java:750)
09:59:04.113 [IPC Server handler 18 on default port 38925] ERROR OMAudit - user=runner | ip=127.0.0.1 | op=GET_FILE_STATUS {volume=volume75139, bucket=bucket52642, key=gdir1/dir4, dataSize=0, replicationConfig=null} | ret=FAILURE
org.apache.hadoop.ozone.om.exceptions.OMException: Unable to get file status: volume: volume75139 bucket: bucket52642 key: gdir1/dir4
	at org.apache.hadoop.ozone.om.KeyManagerImpl.getOzoneFileStatus(KeyManagerImpl.java:1324) ~[ozone-manager-1.3.0-SNAPSHOT.jar:?]
	at org.apache.hadoop.ozone.om.KeyManagerImpl.getFileStatus(KeyManagerImpl.java:1254) ~[ozone-manager-1.3.0-SNAPSHOT.jar:?]
	at org.apache.hadoop.ozone.om.OzoneManager.getFileStatus(OzoneManager.java:3506) ~[ozone-manager-1.3.0-SNAPSHOT.jar:?]
	at org.apache.hadoop.ozone.protocolPB.OzoneManagerRequestHandler.getOzoneFileStatus(OzoneManagerRequestHandler.java:882) ~[ozone-manager-1.3.0-SNAPSHOT.jar:?]
	at org.apache.hadoop.ozone.protocolPB.OzoneManagerRequestHandler.handleReadRequest(OzoneManagerRequestHandler.java:228) ~[ozone-manager-1.3.0-SNAPSHOT.jar:?]
	at org.apache.hadoop.ozone.protocolPB.OzoneManagerProtocolServerSideTranslatorPB.submitRequestDirectlyToOM(OzoneManagerProtocolServerSideTranslatorPB.java:276) ~[ozone-manager-1.3.0-SNAPSHOT.jar:?]
	at org.apache.hadoop.ozone.protocolPB.OzoneManagerProtocolServerSideTranslatorPB.processRequest(OzoneManagerProtocolServerSideTranslatorPB.java:205) ~[ozone-manager-1.3.0-SNAPSHOT.jar:?]
	at org.apache.hadoop.hdds.server.OzoneProtocolMessageDispatcher.processRequest(OzoneProtocolMessageDispatcher.java:87) [hdds-server-framework-1.3.0-SNAPSHOT.jar:?]
	at org.apache.hadoop.ozone.protocolPB.OzoneManagerProtocolServerSideTranslatorPB.submitRequest(OzoneManagerProtocolServerSideTranslatorPB.java:147) [ozone-manager-1.3.0-SNAPSHOT.jar:?]
	at org.apache.hadoop.ozone.protocol.proto.OzoneManagerProtocolProtos$OzoneManagerService$2.callBlockingMethod(OzoneManagerProtocolProtos.java) [ozone-interface-client-1.3.0-SNAPSHOT.jar:?]
	at org.apache.hadoop.ipc.ProtobufRpcEngine$Server.processCall(ProtobufRpcEngine.java:466) [hadoop-common-3.3.1.jar:?]
	at org.apache.hadoop.ipc.ProtobufRpcEngine2$Server$ProtoBufRpcInvoker.call(ProtobufRpcEngine2.java:574) [hadoop-common-3.3.1.jar:?]
	at org.apache.hadoop.ipc.ProtobufRpcEngine2$Server$ProtoBufRpcInvoker.call(ProtobufRpcEngine2.java:552) [hadoop-common-3.3.1.jar:?]
	at org.apache.hadoop.ipc.RPC$Server.call(RPC.java:1093) [hadoop-common-3.3.1.jar:?]
	at org.apache.hadoop.ipc.Server$RpcCall.run(Server.java:1035) [hadoop-common-3.3.1.jar:?]
	at org.apache.hadoop.ipc.Server$RpcCall.run(Server.java:963) [hadoop-common-3.3.1.jar:?]
	at java.security.AccessController.doPrivileged(Native Method) ~[?:1.8.0_345]
	at javax.security.auth.Subject.doAs(Subject.java:422) [?:1.8.0_345]
	at org.apache.hadoop.security.UserGroupInformation.doAs(UserGroupInformation.java:1878) [hadoop-common-3.3.1.jar:?]
	at org.apache.hadoop.ipc.Server$Handler.run(Server.java:2966) [hadoop-common-3.3.1.jar:?]
2022-09-28 09:59:04,113 [Time-limited test] WARN  ozone.BasicOzoneFileSystem (BasicOzoneFileSystem.java:getFileStatus(765)) - GetFileStatus failed for path /gdir1/dir4
java.io.FileNotFoundException: gdir1/dir4: No such file or directory!
	at org.apache.hadoop.fs.ozone.BasicOzoneClientAdapterImpl.getFileStatus(BasicOzoneClientAdapterImpl.java:369)
	at org.apache.hadoop.fs.ozone.BasicOzoneFileSystem.getFileStatus(BasicOzoneFileSystem.java:757)
	at org.apache.hadoop.fs.ozone.TestOzoneFileSystem.checkPath(TestOzoneFileSystem.java:504)
	at org.apache.hadoop.fs.ozone.TestOzoneFileSystem.testRecursiveDelete(TestOzoneFileSystem.java:459)
	at sun.reflect.NativeMethodAccessorImpl.invoke0(Native Method)
	at sun.reflect.NativeMethodAccessorImpl.invoke(NativeMethodAccessorImpl.java:62)
	at sun.reflect.DelegatingMethodAccessorImpl.invoke(DelegatingMethodAccessorImpl.java:43)
	at java.lang.reflect.Method.invoke(Method.java:498)
	at org.junit.runners.model.FrameworkMethod$1.runReflectiveCall(FrameworkMethod.java:59)
	at org.junit.internal.runners.model.ReflectiveCallable.run(ReflectiveCallable.java:12)
	at org.junit.runners.model.FrameworkMethod.invokeExplosively(FrameworkMethod.java:56)
	at org.junit.internal.runners.statements.InvokeMethod.evaluate(InvokeMethod.java:17)
	at org.junit.internal.runners.statements.RunAfters.evaluate(RunAfters.java:27)
	at org.junit.internal.runners.statements.FailOnTimeout$CallableStatement.call(FailOnTimeout.java:288)
	at org.junit.internal.runners.statements.FailOnTimeout$CallableStatement.call(FailOnTimeout.java:282)
	at java.util.concurrent.FutureTask.run(FutureTask.java:266)
	at java.lang.Thread.run(Thread.java:750)
09:59:04.113 [IPC Server handler 19 on default port 38925] ERROR OMAudit - user=runner | ip=127.0.0.1 | op=GET_FILE_STATUS {volume=volume75139, bucket=bucket52642, key=gdir1/dir4/child, dataSize=0, replicationConfig=null} | ret=FAILURE
org.apache.hadoop.ozone.om.exceptions.OMException: Unable to get file status: volume: volume75139 bucket: bucket52642 key: gdir1/dir4/child
	at org.apache.hadoop.ozone.om.KeyManagerImpl.getOzoneFileStatus(KeyManagerImpl.java:1324) ~[ozone-manager-1.3.0-SNAPSHOT.jar:?]
	at org.apache.hadoop.ozone.om.KeyManagerImpl.getFileStatus(KeyManagerImpl.java:1254) ~[ozone-manager-1.3.0-SNAPSHOT.jar:?]
	at org.apache.hadoop.ozone.om.OzoneManager.getFileStatus(OzoneManager.java:3506) ~[ozone-manager-1.3.0-SNAPSHOT.jar:?]
	at org.apache.hadoop.ozone.protocolPB.OzoneManagerRequestHandler.getOzoneFileStatus(OzoneManagerRequestHandler.java:882) ~[ozone-manager-1.3.0-SNAPSHOT.jar:?]
	at org.apache.hadoop.ozone.protocolPB.OzoneManagerRequestHandler.handleReadRequest(OzoneManagerRequestHandler.java:228) ~[ozone-manager-1.3.0-SNAPSHOT.jar:?]
	at org.apache.hadoop.ozone.protocolPB.OzoneManagerProtocolServerSideTranslatorPB.submitRequestDirectlyToOM(OzoneManagerProtocolServerSideTranslatorPB.java:276) ~[ozone-manager-1.3.0-SNAPSHOT.jar:?]
	at org.apache.hadoop.ozone.protocolPB.OzoneManagerProtocolServerSideTranslatorPB.processRequest(OzoneManagerProtocolServerSideTranslatorPB.java:205) ~[ozone-manager-1.3.0-SNAPSHOT.jar:?]
	at org.apache.hadoop.hdds.server.OzoneProtocolMessageDispatcher.processRequest(OzoneProtocolMessageDispatcher.java:87) [hdds-server-framework-1.3.0-SNAPSHOT.jar:?]
	at org.apache.hadoop.ozone.protocolPB.OzoneManagerProtocolServerSideTranslatorPB.submitRequest(OzoneManagerProtocolServerSideTranslatorPB.java:147) [ozone-manager-1.3.0-SNAPSHOT.jar:?]
	at org.apache.hadoop.ozone.protocol.proto.OzoneManagerProtocolProtos$OzoneManagerService$2.callBlockingMethod(OzoneManagerProtocolProtos.java) [ozone-interface-client-1.3.0-SNAPSHOT.jar:?]
	at org.apache.hadoop.ipc.ProtobufRpcEngine$Server.processCall(ProtobufRpcEngine.java:466) [hadoop-common-3.3.1.jar:?]
	at org.apache.hadoop.ipc.ProtobufRpcEngine2$Server$ProtoBufRpcInvoker.call(ProtobufRpcEngine2.java:574) [hadoop-common-3.3.1.jar:?]
	at org.apache.hadoop.ipc.ProtobufRpcEngine2$Server$ProtoBufRpcInvoker.call(ProtobufRpcEngine2.java:552) [hadoop-common-3.3.1.jar:?]
	at org.apache.hadoop.ipc.RPC$Server.call(RPC.java:1093) [hadoop-common-3.3.1.jar:?]
	at org.apache.hadoop.ipc.Server$RpcCall.run(Server.java:1035) [hadoop-common-3.3.1.jar:?]
	at org.apache.hadoop.ipc.Server$RpcCall.run(Server.java:963) [hadoop-common-3.3.1.jar:?]
	at java.security.AccessController.doPrivileged(Native Method) ~[?:1.8.0_345]
	at javax.security.auth.Subject.doAs(Subject.java:422) [?:1.8.0_345]
	at org.apache.hadoop.security.UserGroupInformation.doAs(UserGroupInformation.java:1878) [hadoop-common-3.3.1.jar:?]
	at org.apache.hadoop.ipc.Server$Handler.run(Server.java:2966) [hadoop-common-3.3.1.jar:?]
2022-09-28 09:59:04,114 [Time-limited test] WARN  ozone.BasicOzoneFileSystem (BasicOzoneFileSystem.java:getFileStatus(765)) - GetFileStatus failed for path /gdir1/dir4/child
java.io.FileNotFoundException: gdir1/dir4/child: No such file or directory!
	at org.apache.hadoop.fs.ozone.BasicOzoneClientAdapterImpl.getFileStatus(BasicOzoneClientAdapterImpl.java:369)
	at org.apache.hadoop.fs.ozone.BasicOzoneFileSystem.getFileStatus(BasicOzoneFileSystem.java:757)
	at org.apache.hadoop.fs.ozone.TestOzoneFileSystem.checkPath(TestOzoneFileSystem.java:504)
	at org.apache.hadoop.fs.ozone.TestOzoneFileSystem.testRecursiveDelete(TestOzoneFileSystem.java:460)
	at sun.reflect.NativeMethodAccessorImpl.invoke0(Native Method)
	at sun.reflect.NativeMethodAccessorImpl.invoke(NativeMethodAccessorImpl.java:62)
	at sun.reflect.DelegatingMethodAccessorImpl.invoke(DelegatingMethodAccessorImpl.java:43)
	at java.lang.reflect.Method.invoke(Method.java:498)
	at org.junit.runners.model.FrameworkMethod$1.runReflectiveCall(FrameworkMethod.java:59)
	at org.junit.internal.runners.model.ReflectiveCallable.run(ReflectiveCallable.java:12)
	at org.junit.runners.model.FrameworkMethod.invokeExplosively(FrameworkMethod.java:56)
	at org.junit.internal.runners.statements.InvokeMethod.evaluate(InvokeMethod.java:17)
	at org.junit.internal.runners.statements.RunAfters.evaluate(RunAfters.java:27)
	at org.junit.internal.runners.statements.FailOnTimeout$CallableStatement.call(FailOnTimeout.java:288)
	at org.junit.internal.runners.statements.FailOnTimeout$CallableStatement.call(FailOnTimeout.java:282)
	at java.util.concurrent.FutureTask.run(FutureTask.java:266)
	at java.lang.Thread.run(Thread.java:750)
09:59:04.114 [IPC Server handler 10 on default port 38925] ERROR OMAudit - user=runner | ip=127.0.0.1 | op=GET_FILE_STATUS {volume=volume75139, bucket=bucket52642, key=gdir1/dir5, dataSize=0, replicationConfig=null} | ret=FAILURE
org.apache.hadoop.ozone.om.exceptions.OMException: Unable to get file status: volume: volume75139 bucket: bucket52642 key: gdir1/dir5
	at org.apache.hadoop.ozone.om.KeyManagerImpl.getOzoneFileStatus(KeyManagerImpl.java:1324) ~[ozone-manager-1.3.0-SNAPSHOT.jar:?]
	at org.apache.hadoop.ozone.om.KeyManagerImpl.getFileStatus(KeyManagerImpl.java:1254) ~[ozone-manager-1.3.0-SNAPSHOT.jar:?]
	at org.apache.hadoop.ozone.om.OzoneManager.getFileStatus(OzoneManager.java:3506) ~[ozone-manager-1.3.0-SNAPSHOT.jar:?]
	at org.apache.hadoop.ozone.protocolPB.OzoneManagerRequestHandler.getOzoneFileStatus(OzoneManagerRequestHandler.java:882) ~[ozone-manager-1.3.0-SNAPSHOT.jar:?]
	at org.apache.hadoop.ozone.protocolPB.OzoneManagerRequestHandler.handleReadRequest(OzoneManagerRequestHandler.java:228) ~[ozone-manager-1.3.0-SNAPSHOT.jar:?]
	at org.apache.hadoop.ozone.protocolPB.OzoneManagerProtocolServerSideTranslatorPB.submitRequestDirectlyToOM(OzoneManagerProtocolServerSideTranslatorPB.java:276) ~[ozone-manager-1.3.0-SNAPSHOT.jar:?]
	at org.apache.hadoop.ozone.protocolPB.OzoneManagerProtocolServerSideTranslatorPB.processRequest(OzoneManagerProtocolServerSideTranslatorPB.java:205) ~[ozone-manager-1.3.0-SNAPSHOT.jar:?]
	at org.apache.hadoop.hdds.server.OzoneProtocolMessageDispatcher.processRequest(OzoneProtocolMessageDispatcher.java:87) [hdds-server-framework-1.3.0-SNAPSHOT.jar:?]
	at org.apache.hadoop.ozone.protocolPB.OzoneManagerProtocolServerSideTranslatorPB.submitRequest(OzoneManagerProtocolServerSideTranslatorPB.java:147) [ozone-manager-1.3.0-SNAPSHOT.jar:?]
	at org.apache.hadoop.ozone.protocol.proto.OzoneManagerProtocolProtos$OzoneManagerService$2.callBlockingMethod(OzoneManagerProtocolProtos.java) [ozone-interface-client-1.3.0-SNAPSHOT.jar:?]
	at org.apache.hadoop.ipc.ProtobufRpcEngine$Server.processCall(ProtobufRpcEngine.java:466) [hadoop-common-3.3.1.jar:?]
	at org.apache.hadoop.ipc.ProtobufRpcEngine2$Server$ProtoBufRpcInvoker.call(ProtobufRpcEngine2.java:574) [hadoop-common-3.3.1.jar:?]
	at org.apache.hadoop.ipc.ProtobufRpcEngine2$Server$ProtoBufRpcInvoker.call(ProtobufRpcEngine2.java:552) [hadoop-common-3.3.1.jar:?]
	at org.apache.hadoop.ipc.RPC$Server.call(RPC.java:1093) [hadoop-common-3.3.1.jar:?]
	at org.apache.hadoop.ipc.Server$RpcCall.run(Server.java:1035) [hadoop-common-3.3.1.jar:?]
	at org.apache.hadoop.ipc.Server$RpcCall.run(Server.java:963) [hadoop-common-3.3.1.jar:?]
	at java.security.AccessController.doPrivileged(Native Method) ~[?:1.8.0_345]
	at javax.security.auth.Subject.doAs(Subject.java:422) [?:1.8.0_345]
	at org.apache.hadoop.security.UserGroupInformation.doAs(UserGroupInformation.java:1878) [hadoop-common-3.3.1.jar:?]
	at org.apache.hadoop.ipc.Server$Handler.run(Server.java:2966) [hadoop-common-3.3.1.jar:?]
2022-09-28 09:59:04,114 [Time-limited test] WARN  ozone.BasicOzoneFileSystem (BasicOzoneFileSystem.java:getFileStatus(765)) - GetFileStatus failed for path /gdir1/dir5
java.io.FileNotFoundException: gdir1/dir5: No such file or directory!
	at org.apache.hadoop.fs.ozone.BasicOzoneClientAdapterImpl.getFileStatus(BasicOzoneClientAdapterImpl.java:369)
	at org.apache.hadoop.fs.ozone.BasicOzoneFileSystem.getFileStatus(BasicOzoneFileSystem.java:757)
	at org.apache.hadoop.fs.ozone.TestOzoneFileSystem.checkPath(TestOzoneFileSystem.java:504)
	at org.apache.hadoop.fs.ozone.TestOzoneFileSystem.testRecursiveDelete(TestOzoneFileSystem.java:459)
	at sun.reflect.NativeMethodAccessorImpl.invoke0(Native Method)
	at sun.reflect.NativeMethodAccessorImpl.invoke(NativeMethodAccessorImpl.java:62)
	at sun.reflect.DelegatingMethodAccessorImpl.invoke(DelegatingMethodAccessorImpl.java:43)
	at java.lang.reflect.Method.invoke(Method.java:498)
	at org.junit.runners.model.FrameworkMethod$1.runReflectiveCall(FrameworkMethod.java:59)
	at org.junit.internal.runners.model.ReflectiveCallable.run(ReflectiveCallable.java:12)
	at org.junit.runners.model.FrameworkMethod.invokeExplosively(FrameworkMethod.java:56)
	at org.junit.internal.runners.statements.InvokeMethod.evaluate(InvokeMethod.java:17)
	at org.junit.internal.runners.statements.RunAfters.evaluate(RunAfters.java:27)
	at org.junit.internal.runners.statements.FailOnTimeout$CallableStatement.call(FailOnTimeout.java:288)
	at org.junit.internal.runners.statements.FailOnTimeout$CallableStatement.call(FailOnTimeout.java:282)
	at java.util.concurrent.FutureTask.run(FutureTask.java:266)
	at java.lang.Thread.run(Thread.java:750)
09:59:04.114 [IPC Server handler 3 on default port 38925] ERROR OMAudit - user=runner | ip=127.0.0.1 | op=GET_FILE_STATUS {volume=volume75139, bucket=bucket52642, key=gdir1/dir5/child, dataSize=0, replicationConfig=null} | ret=FAILURE
org.apache.hadoop.ozone.om.exceptions.OMException: Unable to get file status: volume: volume75139 bucket: bucket52642 key: gdir1/dir5/child
	at org.apache.hadoop.ozone.om.KeyManagerImpl.getOzoneFileStatus(KeyManagerImpl.java:1324) ~[ozone-manager-1.3.0-SNAPSHOT.jar:?]
	at org.apache.hadoop.ozone.om.KeyManagerImpl.getFileStatus(KeyManagerImpl.java:1254) ~[ozone-manager-1.3.0-SNAPSHOT.jar:?]
	at org.apache.hadoop.ozone.om.OzoneManager.getFileStatus(OzoneManager.java:3506) ~[ozone-manager-1.3.0-SNAPSHOT.jar:?]
	at org.apache.hadoop.ozone.protocolPB.OzoneManagerRequestHandler.getOzoneFileStatus(OzoneManagerRequestHandler.java:882) ~[ozone-manager-1.3.0-SNAPSHOT.jar:?]
	at org.apache.hadoop.ozone.protocolPB.OzoneManagerRequestHandler.handleReadRequest(OzoneManagerRequestHandler.java:228) ~[ozone-manager-1.3.0-SNAPSHOT.jar:?]
	at org.apache.hadoop.ozone.protocolPB.OzoneManagerProtocolServerSideTranslatorPB.submitRequestDirectlyToOM(OzoneManagerProtocolServerSideTranslatorPB.java:276) ~[ozone-manager-1.3.0-SNAPSHOT.jar:?]
	at org.apache.hadoop.ozone.protocolPB.OzoneManagerProtocolServerSideTranslatorPB.processRequest(OzoneManagerProtocolServerSideTranslatorPB.java:205) ~[ozone-manager-1.3.0-SNAPSHOT.jar:?]
	at org.apache.hadoop.hdds.server.OzoneProtocolMessageDispatcher.processRequest(OzoneProtocolMessageDispatcher.java:87) [hdds-server-framework-1.3.0-SNAPSHOT.jar:?]
	at org.apache.hadoop.ozone.protocolPB.OzoneManagerProtocolServerSideTranslatorPB.submitRequest(OzoneManagerProtocolServerSideTranslatorPB.java:147) [ozone-manager-1.3.0-SNAPSHOT.jar:?]
	at org.apache.hadoop.ozone.protocol.proto.OzoneManagerProtocolProtos$OzoneManagerService$2.callBlockingMethod(OzoneManagerProtocolProtos.java) [ozone-interface-client-1.3.0-SNAPSHOT.jar:?]
	at org.apache.hadoop.ipc.ProtobufRpcEngine$Server.processCall(ProtobufRpcEngine.java:466) [hadoop-common-3.3.1.jar:?]
	at org.apache.hadoop.ipc.ProtobufRpcEngine2$Server$ProtoBufRpcInvoker.call(ProtobufRpcEngine2.java:574) [hadoop-common-3.3.1.jar:?]
	at org.apache.hadoop.ipc.ProtobufRpcEngine2$Server$ProtoBufRpcInvoker.call(ProtobufRpcEngine2.java:552) [hadoop-common-3.3.1.jar:?]
	at org.apache.hadoop.ipc.RPC$Server.call(RPC.java:1093) [hadoop-common-3.3.1.jar:?]
	at org.apache.hadoop.ipc.Server$RpcCall.run(Server.java:1035) [hadoop-common-3.3.1.jar:?]
	at org.apache.hadoop.ipc.Server$RpcCall.run(Server.java:963) [hadoop-common-3.3.1.jar:?]
	at java.security.AccessController.doPrivileged(Native Method) ~[?:1.8.0_345]
	at javax.security.auth.Subject.doAs(Subject.java:422) [?:1.8.0_345]
	at org.apache.hadoop.security.UserGroupInformation.doAs(UserGroupInformation.java:1878) [hadoop-common-3.3.1.jar:?]
	at org.apache.hadoop.ipc.Server$Handler.run(Server.java:2966) [hadoop-common-3.3.1.jar:?]
2022-09-28 09:59:04,115 [Time-limited test] WARN  ozone.BasicOzoneFileSystem (BasicOzoneFileSystem.java:getFileStatus(765)) - GetFileStatus failed for path /gdir1/dir5/child
java.io.FileNotFoundException: gdir1/dir5/child: No such file or directory!
	at org.apache.hadoop.fs.ozone.BasicOzoneClientAdapterImpl.getFileStatus(BasicOzoneClientAdapterImpl.java:369)
	at org.apache.hadoop.fs.ozone.BasicOzoneFileSystem.getFileStatus(BasicOzoneFileSystem.java:757)
	at org.apache.hadoop.fs.ozone.TestOzoneFileSystem.checkPath(TestOzoneFileSystem.java:504)
	at org.apache.hadoop.fs.ozone.TestOzoneFileSystem.testRecursiveDelete(TestOzoneFileSystem.java:460)
	at sun.reflect.NativeMethodAccessorImpl.invoke0(Native Method)
	at sun.reflect.NativeMethodAccessorImpl.invoke(NativeMethodAccessorImpl.java:62)
	at sun.reflect.DelegatingMethodAccessorImpl.invoke(DelegatingMethodAccessorImpl.java:43)
	at java.lang.reflect.Method.invoke(Method.java:498)
	at org.junit.runners.model.FrameworkMethod$1.runReflectiveCall(FrameworkMethod.java:59)
	at org.junit.internal.runners.model.ReflectiveCallable.run(ReflectiveCallable.java:12)
	at org.junit.runners.model.FrameworkMethod.invokeExplosively(FrameworkMethod.java:56)
	at org.junit.internal.runners.statements.InvokeMethod.evaluate(InvokeMethod.java:17)
	at org.junit.internal.runners.statements.RunAfters.evaluate(RunAfters.java:27)
	at org.junit.internal.runners.statements.FailOnTimeout$CallableStatement.call(FailOnTimeout.java:288)
	at org.junit.internal.runners.statements.FailOnTimeout$CallableStatement.call(FailOnTimeout.java:282)
	at java.util.concurrent.FutureTask.run(FutureTask.java:266)
	at java.lang.Thread.run(Thread.java:750)
09:59:04.116 [IPC Server handler 1 on default port 38925] ERROR OMAudit - user=runner | ip=127.0.0.1 | op=GET_FILE_STATUS {volume=volume75139, bucket=bucket52642, key=gdir1/dir6, dataSize=0, replicationConfig=null} | ret=FAILURE
org.apache.hadoop.ozone.om.exceptions.OMException: Unable to get file status: volume: volume75139 bucket: bucket52642 key: gdir1/dir6
	at org.apache.hadoop.ozone.om.KeyManagerImpl.getOzoneFileStatus(KeyManagerImpl.java:1324) ~[ozone-manager-1.3.0-SNAPSHOT.jar:?]
	at org.apache.hadoop.ozone.om.KeyManagerImpl.getFileStatus(KeyManagerImpl.java:1254) ~[ozone-manager-1.3.0-SNAPSHOT.jar:?]
	at org.apache.hadoop.ozone.om.OzoneManager.getFileStatus(OzoneManager.java:3506) ~[ozone-manager-1.3.0-SNAPSHOT.jar:?]
	at org.apache.hadoop.ozone.protocolPB.OzoneManagerRequestHandler.getOzoneFileStatus(OzoneManagerRequestHandler.java:882) ~[ozone-manager-1.3.0-SNAPSHOT.jar:?]
	at org.apache.hadoop.ozone.protocolPB.OzoneManagerRequestHandler.handleReadRequest(OzoneManagerRequestHandler.java:228) ~[ozone-manager-1.3.0-SNAPSHOT.jar:?]
	at org.apache.hadoop.ozone.protocolPB.OzoneManagerProtocolServerSideTranslatorPB.submitRequestDirectlyToOM(OzoneManagerProtocolServerSideTranslatorPB.java:276) ~[ozone-manager-1.3.0-SNAPSHOT.jar:?]
	at org.apache.hadoop.ozone.protocolPB.OzoneManagerProtocolServerSideTranslatorPB.processRequest(OzoneManagerProtocolServerSideTranslatorPB.java:205) ~[ozone-manager-1.3.0-SNAPSHOT.jar:?]
	at org.apache.hadoop.hdds.server.OzoneProtocolMessageDispatcher.processRequest(OzoneProtocolMessageDispatcher.java:87) [hdds-server-framework-1.3.0-SNAPSHOT.jar:?]
	at org.apache.hadoop.ozone.protocolPB.OzoneManagerProtocolServerSideTranslatorPB.submitRequest(OzoneManagerProtocolServerSideTranslatorPB.java:147) [ozone-manager-1.3.0-SNAPSHOT.jar:?]
	at org.apache.hadoop.ozone.protocol.proto.OzoneManagerProtocolProtos$OzoneManagerService$2.callBlockingMethod(OzoneManagerProtocolProtos.java) [ozone-interface-client-1.3.0-SNAPSHOT.jar:?]
	at org.apache.hadoop.ipc.ProtobufRpcEngine$Server.processCall(ProtobufRpcEngine.java:466) [hadoop-common-3.3.1.jar:?]
	at org.apache.hadoop.ipc.ProtobufRpcEngine2$Server$ProtoBufRpcInvoker.call(ProtobufRpcEngine2.java:574) [hadoop-common-3.3.1.jar:?]
	at org.apache.hadoop.ipc.ProtobufRpcEngine2$Server$ProtoBufRpcInvoker.call(ProtobufRpcEngine2.java:552) [hadoop-common-3.3.1.jar:?]
	at org.apache.hadoop.ipc.RPC$Server.call(RPC.java:1093) [hadoop-common-3.3.1.jar:?]
	at org.apache.hadoop.ipc.Server$RpcCall.run(Server.java:1035) [hadoop-common-3.3.1.jar:?]
	at org.apache.hadoop.ipc.Server$RpcCall.run(Server.java:963) [hadoop-common-3.3.1.jar:?]
	at java.security.AccessController.doPrivileged(Native Method) ~[?:1.8.0_345]
	at javax.security.auth.Subject.doAs(Subject.java:422) [?:1.8.0_345]
	at org.apache.hadoop.security.UserGroupInformation.doAs(UserGroupInformation.java:1878) [hadoop-common-3.3.1.jar:?]
	at org.apache.hadoop.ipc.Server$Handler.run(Server.java:2966) [hadoop-common-3.3.1.jar:?]
2022-09-28 09:59:04,116 [Time-limited test] WARN  ozone.BasicOzoneFileSystem (BasicOzoneFileSystem.java:getFileStatus(765)) - GetFileStatus failed for path /gdir1/dir6
java.io.FileNotFoundException: gdir1/dir6: No such file or directory!
	at org.apache.hadoop.fs.ozone.BasicOzoneClientAdapterImpl.getFileStatus(BasicOzoneClientAdapterImpl.java:369)
	at org.apache.hadoop.fs.ozone.BasicOzoneFileSystem.getFileStatus(BasicOzoneFileSystem.java:757)
	at org.apache.hadoop.fs.ozone.TestOzoneFileSystem.checkPath(TestOzoneFileSystem.java:504)
	at org.apache.hadoop.fs.ozone.TestOzoneFileSystem.testRecursiveDelete(TestOzoneFileSystem.java:459)
	at sun.reflect.NativeMethodAccessorImpl.invoke0(Native Method)
	at sun.reflect.NativeMethodAccessorImpl.invoke(NativeMethodAccessorImpl.java:62)
	at sun.reflect.DelegatingMethodAccessorImpl.invoke(DelegatingMethodAccessorImpl.java:43)
	at java.lang.reflect.Method.invoke(Method.java:498)
	at org.junit.runners.model.FrameworkMethod$1.runReflectiveCall(FrameworkMethod.java:59)
	at org.junit.internal.runners.model.ReflectiveCallable.run(ReflectiveCallable.java:12)
	at org.junit.runners.model.FrameworkMethod.invokeExplosively(FrameworkMethod.java:56)
	at org.junit.internal.runners.statements.InvokeMethod.evaluate(InvokeMethod.java:17)
	at org.junit.internal.runners.statements.RunAfters.evaluate(RunAfters.java:27)
	at org.junit.internal.runners.statements.FailOnTimeout$CallableStatement.call(FailOnTimeout.java:288)
	at org.junit.internal.runners.statements.FailOnTimeout$CallableStatement.call(FailOnTimeout.java:282)
	at java.util.concurrent.FutureTask.run(FutureTask.java:266)
	at java.lang.Thread.run(Thread.java:750)
09:59:04.116 [IPC Server handler 2 on default port 38925] ERROR OMAudit - user=runner | ip=127.0.0.1 | op=GET_FILE_STATUS {volume=volume75139, bucket=bucket52642, key=gdir1/dir6/child, dataSize=0, replicationConfig=null} | ret=FAILURE
org.apache.hadoop.ozone.om.exceptions.OMException: Unable to get file status: volume: volume75139 bucket: bucket52642 key: gdir1/dir6/child
	at org.apache.hadoop.ozone.om.KeyManagerImpl.getOzoneFileStatus(KeyManagerImpl.java:1324) ~[ozone-manager-1.3.0-SNAPSHOT.jar:?]
	at org.apache.hadoop.ozone.om.KeyManagerImpl.getFileStatus(KeyManagerImpl.java:1254) ~[ozone-manager-1.3.0-SNAPSHOT.jar:?]
	at org.apache.hadoop.ozone.om.OzoneManager.getFileStatus(OzoneManager.java:3506) ~[ozone-manager-1.3.0-SNAPSHOT.jar:?]
	at org.apache.hadoop.ozone.protocolPB.OzoneManagerRequestHandler.getOzoneFileStatus(OzoneManagerRequestHandler.java:882) ~[ozone-manager-1.3.0-SNAPSHOT.jar:?]
	at org.apache.hadoop.ozone.protocolPB.OzoneManagerRequestHandler.handleReadRequest(OzoneManagerRequestHandler.java:228) ~[ozone-manager-1.3.0-SNAPSHOT.jar:?]
	at org.apache.hadoop.ozone.protocolPB.OzoneManagerProtocolServerSideTranslatorPB.submitRequestDirectlyToOM(OzoneManagerProtocolServerSideTranslatorPB.java:276) ~[ozone-manager-1.3.0-SNAPSHOT.jar:?]
	at org.apache.hadoop.ozone.protocolPB.OzoneManagerProtocolServerSideTranslatorPB.processRequest(OzoneManagerProtocolServerSideTranslatorPB.java:205) ~[ozone-manager-1.3.0-SNAPSHOT.jar:?]
	at org.apache.hadoop.hdds.server.OzoneProtocolMessageDispatcher.processRequest(OzoneProtocolMessageDispatcher.java:87) [hdds-server-framework-1.3.0-SNAPSHOT.jar:?]
	at org.apache.hadoop.ozone.protocolPB.OzoneManagerProtocolServerSideTranslatorPB.submitRequest(OzoneManagerProtocolServerSideTranslatorPB.java:147) [ozone-manager-1.3.0-SNAPSHOT.jar:?]
	at org.apache.hadoop.ozone.protocol.proto.OzoneManagerProtocolProtos$OzoneManagerService$2.callBlockingMethod(OzoneManagerProtocolProtos.java) [ozone-interface-client-1.3.0-SNAPSHOT.jar:?]
	at org.apache.hadoop.ipc.ProtobufRpcEngine$Server.processCall(ProtobufRpcEngine.java:466) [hadoop-common-3.3.1.jar:?]
	at org.apache.hadoop.ipc.ProtobufRpcEngine2$Server$ProtoBufRpcInvoker.call(ProtobufRpcEngine2.java:574) [hadoop-common-3.3.1.jar:?]
	at org.apache.hadoop.ipc.ProtobufRpcEngine2$Server$ProtoBufRpcInvoker.call(ProtobufRpcEngine2.java:552) [hadoop-common-3.3.1.jar:?]
	at org.apache.hadoop.ipc.RPC$Server.call(RPC.java:1093) [hadoop-common-3.3.1.jar:?]
	at org.apache.hadoop.ipc.Server$RpcCall.run(Server.java:1035) [hadoop-common-3.3.1.jar:?]
	at org.apache.hadoop.ipc.Server$RpcCall.run(Server.java:963) [hadoop-common-3.3.1.jar:?]
	at java.security.AccessController.doPrivileged(Native Method) ~[?:1.8.0_345]
	at javax.security.auth.Subject.doAs(Subject.java:422) [?:1.8.0_345]
	at org.apache.hadoop.security.UserGroupInformation.doAs(UserGroupInformation.java:1878) [hadoop-common-3.3.1.jar:?]
	at org.apache.hadoop.ipc.Server$Handler.run(Server.java:2966) [hadoop-common-3.3.1.jar:?]
2022-09-28 09:59:04,117 [Time-limited test] WARN  ozone.BasicOzoneFileSystem (BasicOzoneFileSystem.java:getFileStatus(765)) - GetFileStatus failed for path /gdir1/dir6/child
java.io.FileNotFoundException: gdir1/dir6/child: No such file or directory!
	at org.apache.hadoop.fs.ozone.BasicOzoneClientAdapterImpl.getFileStatus(BasicOzoneClientAdapterImpl.java:369)
	at org.apache.hadoop.fs.ozone.BasicOzoneFileSystem.getFileStatus(BasicOzoneFileSystem.java:757)
	at org.apache.hadoop.fs.ozone.TestOzoneFileSystem.checkPath(TestOzoneFileSystem.java:504)
	at org.apache.hadoop.fs.ozone.TestOzoneFileSystem.testRecursiveDelete(TestOzoneFileSystem.java:460)
	at sun.reflect.NativeMethodAccessorImpl.invoke0(Native Method)
	at sun.reflect.NativeMethodAccessorImpl.invoke(NativeMethodAccessorImpl.java:62)
	at sun.reflect.DelegatingMethodAccessorImpl.invoke(DelegatingMethodAccessorImpl.java:43)
	at java.lang.reflect.Method.invoke(Method.java:498)
	at org.junit.runners.model.FrameworkMethod$1.runReflectiveCall(FrameworkMethod.java:59)
	at org.junit.internal.runners.model.ReflectiveCallable.run(ReflectiveCallable.java:12)
	at org.junit.runners.model.FrameworkMethod.invokeExplosively(FrameworkMethod.java:56)
	at org.junit.internal.runners.statements.InvokeMethod.evaluate(InvokeMethod.java:17)
	at org.junit.internal.runners.statements.RunAfters.evaluate(RunAfters.java:27)
	at org.junit.internal.runners.statements.FailOnTimeout$CallableStatement.call(FailOnTimeout.java:288)
	at org.junit.internal.runners.statements.FailOnTimeout$CallableStatement.call(FailOnTimeout.java:282)
	at java.util.concurrent.FutureTask.run(FutureTask.java:266)
	at java.lang.Thread.run(Thread.java:750)
09:59:04.117 [IPC Server handler 4 on default port 38925] ERROR OMAudit - user=runner | ip=127.0.0.1 | op=GET_FILE_STATUS {volume=volume75139, bucket=bucket52642, key=gdir1/dir7, dataSize=0, replicationConfig=null} | ret=FAILURE
org.apache.hadoop.ozone.om.exceptions.OMException: Unable to get file status: volume: volume75139 bucket: bucket52642 key: gdir1/dir7
	at org.apache.hadoop.ozone.om.KeyManagerImpl.getOzoneFileStatus(KeyManagerImpl.java:1324) ~[ozone-manager-1.3.0-SNAPSHOT.jar:?]
	at org.apache.hadoop.ozone.om.KeyManagerImpl.getFileStatus(KeyManagerImpl.java:1254) ~[ozone-manager-1.3.0-SNAPSHOT.jar:?]
	at org.apache.hadoop.ozone.om.OzoneManager.getFileStatus(OzoneManager.java:3506) ~[ozone-manager-1.3.0-SNAPSHOT.jar:?]
	at org.apache.hadoop.ozone.protocolPB.OzoneManagerRequestHandler.getOzoneFileStatus(OzoneManagerRequestHandler.java:882) ~[ozone-manager-1.3.0-SNAPSHOT.jar:?]
	at org.apache.hadoop.ozone.protocolPB.OzoneManagerRequestHandler.handleReadRequest(OzoneManagerRequestHandler.java:228) ~[ozone-manager-1.3.0-SNAPSHOT.jar:?]
	at org.apache.hadoop.ozone.protocolPB.OzoneManagerProtocolServerSideTranslatorPB.submitRequestDirectlyToOM(OzoneManagerProtocolServerSideTranslatorPB.java:276) ~[ozone-manager-1.3.0-SNAPSHOT.jar:?]
	at org.apache.hadoop.ozone.protocolPB.OzoneManagerProtocolServerSideTranslatorPB.processRequest(OzoneManagerProtocolServerSideTranslatorPB.java:205) ~[ozone-manager-1.3.0-SNAPSHOT.jar:?]
	at org.apache.hadoop.hdds.server.OzoneProtocolMessageDispatcher.processRequest(OzoneProtocolMessageDispatcher.java:87) [hdds-server-framework-1.3.0-SNAPSHOT.jar:?]
	at org.apache.hadoop.ozone.protocolPB.OzoneManagerProtocolServerSideTranslatorPB.submitRequest(OzoneManagerProtocolServerSideTranslatorPB.java:147) [ozone-manager-1.3.0-SNAPSHOT.jar:?]
	at org.apache.hadoop.ozone.protocol.proto.OzoneManagerProtocolProtos$OzoneManagerService$2.callBlockingMethod(OzoneManagerProtocolProtos.java) [ozone-interface-client-1.3.0-SNAPSHOT.jar:?]
	at org.apache.hadoop.ipc.ProtobufRpcEngine$Server.processCall(ProtobufRpcEngine.java:466) [hadoop-common-3.3.1.jar:?]
	at org.apache.hadoop.ipc.ProtobufRpcEngine2$Server$ProtoBufRpcInvoker.call(ProtobufRpcEngine2.java:574) [hadoop-common-3.3.1.jar:?]
	at org.apache.hadoop.ipc.ProtobufRpcEngine2$Server$ProtoBufRpcInvoker.call(ProtobufRpcEngine2.java:552) [hadoop-common-3.3.1.jar:?]
	at org.apache.hadoop.ipc.RPC$Server.call(RPC.java:1093) [hadoop-common-3.3.1.jar:?]
	at org.apache.hadoop.ipc.Server$RpcCall.run(Server.java:1035) [hadoop-common-3.3.1.jar:?]
	at org.apache.hadoop.ipc.Server$RpcCall.run(Server.java:963) [hadoop-common-3.3.1.jar:?]
	at java.security.AccessController.doPrivileged(Native Method) ~[?:1.8.0_345]
	at javax.security.auth.Subject.doAs(Subject.java:422) [?:1.8.0_345]
	at org.apache.hadoop.security.UserGroupInformation.doAs(UserGroupInformation.java:1878) [hadoop-common-3.3.1.jar:?]
	at org.apache.hadoop.ipc.Server$Handler.run(Server.java:2966) [hadoop-common-3.3.1.jar:?]
2022-09-28 09:59:04,117 [Time-limited test] WARN  ozone.BasicOzoneFileSystem (BasicOzoneFileSystem.java:getFileStatus(765)) - GetFileStatus failed for path /gdir1/dir7
java.io.FileNotFoundException: gdir1/dir7: No such file or directory!
	at org.apache.hadoop.fs.ozone.BasicOzoneClientAdapterImpl.getFileStatus(BasicOzoneClientAdapterImpl.java:369)
	at org.apache.hadoop.fs.ozone.BasicOzoneFileSystem.getFileStatus(BasicOzoneFileSystem.java:757)
	at org.apache.hadoop.fs.ozone.TestOzoneFileSystem.checkPath(TestOzoneFileSystem.java:504)
	at org.apache.hadoop.fs.ozone.TestOzoneFileSystem.testRecursiveDelete(TestOzoneFileSystem.java:459)
	at sun.reflect.NativeMethodAccessorImpl.invoke0(Native Method)
	at sun.reflect.NativeMethodAccessorImpl.invoke(NativeMethodAccessorImpl.java:62)
	at sun.reflect.DelegatingMethodAccessorImpl.invoke(DelegatingMethodAccessorImpl.java:43)
	at java.lang.reflect.Method.invoke(Method.java:498)
	at org.junit.runners.model.FrameworkMethod$1.runReflectiveCall(FrameworkMethod.java:59)
	at org.junit.internal.runners.model.ReflectiveCallable.run(ReflectiveCallable.java:12)
	at org.junit.runners.model.FrameworkMethod.invokeExplosively(FrameworkMethod.java:56)
	at org.junit.internal.runners.statements.InvokeMethod.evaluate(InvokeMethod.java:17)
	at org.junit.internal.runners.statements.RunAfters.evaluate(RunAfters.java:27)
	at org.junit.internal.runners.statements.FailOnTimeout$CallableStatement.call(FailOnTimeout.java:288)
	at org.junit.internal.runners.statements.FailOnTimeout$CallableStatement.call(FailOnTimeout.java:282)
	at java.util.concurrent.FutureTask.run(FutureTask.java:266)
	at java.lang.Thread.run(Thread.java:750)
09:59:04.118 [IPC Server handler 0 on default port 38925] ERROR OMAudit - user=runner | ip=127.0.0.1 | op=GET_FILE_STATUS {volume=volume75139, bucket=bucket52642, key=gdir1/dir7/child, dataSize=0, replicationConfig=null} | ret=FAILURE
org.apache.hadoop.ozone.om.exceptions.OMException: Unable to get file status: volume: volume75139 bucket: bucket52642 key: gdir1/dir7/child
	at org.apache.hadoop.ozone.om.KeyManagerImpl.getOzoneFileStatus(KeyManagerImpl.java:1324) ~[ozone-manager-1.3.0-SNAPSHOT.jar:?]
	at org.apache.hadoop.ozone.om.KeyManagerImpl.getFileStatus(KeyManagerImpl.java:1254) ~[ozone-manager-1.3.0-SNAPSHOT.jar:?]
	at org.apache.hadoop.ozone.om.OzoneManager.getFileStatus(OzoneManager.java:3506) ~[ozone-manager-1.3.0-SNAPSHOT.jar:?]
	at org.apache.hadoop.ozone.protocolPB.OzoneManagerRequestHandler.getOzoneFileStatus(OzoneManagerRequestHandler.java:882) ~[ozone-manager-1.3.0-SNAPSHOT.jar:?]
	at org.apache.hadoop.ozone.protocolPB.OzoneManagerRequestHandler.handleReadRequest(OzoneManagerRequestHandler.java:228) ~[ozone-manager-1.3.0-SNAPSHOT.jar:?]
	at org.apache.hadoop.ozone.protocolPB.OzoneManagerProtocolServerSideTranslatorPB.submitRequestDirectlyToOM(OzoneManagerProtocolServerSideTranslatorPB.java:276) ~[ozone-manager-1.3.0-SNAPSHOT.jar:?]
	at org.apache.hadoop.ozone.protocolPB.OzoneManagerProtocolServerSideTranslatorPB.processRequest(OzoneManagerProtocolServerSideTranslatorPB.java:205) ~[ozone-manager-1.3.0-SNAPSHOT.jar:?]
	at org.apache.hadoop.hdds.server.OzoneProtocolMessageDispatcher.processRequest(OzoneProtocolMessageDispatcher.java:87) [hdds-server-framework-1.3.0-SNAPSHOT.jar:?]
	at org.apache.hadoop.ozone.protocolPB.OzoneManagerProtocolServerSideTranslatorPB.submitRequest(OzoneManagerProtocolServerSideTranslatorPB.java:147) [ozone-manager-1.3.0-SNAPSHOT.jar:?]
	at org.apache.hadoop.ozone.protocol.proto.OzoneManagerProtocolProtos$OzoneManagerService$2.callBlockingMethod(OzoneManagerProtocolProtos.java) [ozone-interface-client-1.3.0-SNAPSHOT.jar:?]
	at org.apache.hadoop.ipc.ProtobufRpcEngine$Server.processCall(ProtobufRpcEngine.java:466) [hadoop-common-3.3.1.jar:?]
	at org.apache.hadoop.ipc.ProtobufRpcEngine2$Server$ProtoBufRpcInvoker.call(ProtobufRpcEngine2.java:574) [hadoop-common-3.3.1.jar:?]
	at org.apache.hadoop.ipc.ProtobufRpcEngine2$Server$ProtoBufRpcInvoker.call(ProtobufRpcEngine2.java:552) [hadoop-common-3.3.1.jar:?]
	at org.apache.hadoop.ipc.RPC$Server.call(RPC.java:1093) [hadoop-common-3.3.1.jar:?]
	at org.apache.hadoop.ipc.Server$RpcCall.run(Server.java:1035) [hadoop-common-3.3.1.jar:?]
	at org.apache.hadoop.ipc.Server$RpcCall.run(Server.java:963) [hadoop-common-3.3.1.jar:?]
	at java.security.AccessController.doPrivileged(Native Method) ~[?:1.8.0_345]
	at javax.security.auth.Subject.doAs(Subject.java:422) [?:1.8.0_345]
	at org.apache.hadoop.security.UserGroupInformation.doAs(UserGroupInformation.java:1878) [hadoop-common-3.3.1.jar:?]
	at org.apache.hadoop.ipc.Server$Handler.run(Server.java:2966) [hadoop-common-3.3.1.jar:?]
2022-09-28 09:59:04,118 [Time-limited test] WARN  ozone.BasicOzoneFileSystem (BasicOzoneFileSystem.java:getFileStatus(765)) - GetFileStatus failed for path /gdir1/dir7/child
java.io.FileNotFoundException: gdir1/dir7/child: No such file or directory!
	at org.apache.hadoop.fs.ozone.BasicOzoneClientAdapterImpl.getFileStatus(BasicOzoneClientAdapterImpl.java:369)
	at org.apache.hadoop.fs.ozone.BasicOzoneFileSystem.getFileStatus(BasicOzoneFileSystem.java:757)
	at org.apache.hadoop.fs.ozone.TestOzoneFileSystem.checkPath(TestOzoneFileSystem.java:504)
	at org.apache.hadoop.fs.ozone.TestOzoneFileSystem.testRecursiveDelete(TestOzoneFileSystem.java:460)
	at sun.reflect.NativeMethodAccessorImpl.invoke0(Native Method)
	at sun.reflect.NativeMethodAccessorImpl.invoke(NativeMethodAccessorImpl.java:62)
	at sun.reflect.DelegatingMethodAccessorImpl.invoke(DelegatingMethodAccessorImpl.java:43)
	at java.lang.reflect.Method.invoke(Method.java:498)
	at org.junit.runners.model.FrameworkMethod$1.runReflectiveCall(FrameworkMethod.java:59)
	at org.junit.internal.runners.model.ReflectiveCallable.run(ReflectiveCallable.java:12)
	at org.junit.runners.model.FrameworkMethod.invokeExplosively(FrameworkMethod.java:56)
	at org.junit.internal.runners.statements.InvokeMethod.evaluate(InvokeMethod.java:17)
	at org.junit.internal.runners.statements.RunAfters.evaluate(RunAfters.java:27)
	at org.junit.internal.runners.statements.FailOnTimeout$CallableStatement.call(FailOnTimeout.java:288)
	at org.junit.internal.runners.statements.FailOnTimeout$CallableStatement.call(FailOnTimeout.java:282)
	at java.util.concurrent.FutureTask.run(FutureTask.java:266)
	at java.lang.Thread.run(Thread.java:750)
09:59:04.118 [IPC Server handler 8 on default port 38925] ERROR OMAudit - user=runner | ip=127.0.0.1 | op=GET_FILE_STATUS {volume=volume75139, bucket=bucket52642, key=gdir1/dir8, dataSize=0, replicationConfig=null} | ret=FAILURE
org.apache.hadoop.ozone.om.exceptions.OMException: Unable to get file status: volume: volume75139 bucket: bucket52642 key: gdir1/dir8
	at org.apache.hadoop.ozone.om.KeyManagerImpl.getOzoneFileStatus(KeyManagerImpl.java:1324) ~[ozone-manager-1.3.0-SNAPSHOT.jar:?]
	at org.apache.hadoop.ozone.om.KeyManagerImpl.getFileStatus(KeyManagerImpl.java:1254) ~[ozone-manager-1.3.0-SNAPSHOT.jar:?]
	at org.apache.hadoop.ozone.om.OzoneManager.getFileStatus(OzoneManager.java:3506) ~[ozone-manager-1.3.0-SNAPSHOT.jar:?]
	at org.apache.hadoop.ozone.protocolPB.OzoneManagerRequestHandler.getOzoneFileStatus(OzoneManagerRequestHandler.java:882) ~[ozone-manager-1.3.0-SNAPSHOT.jar:?]
	at org.apache.hadoop.ozone.protocolPB.OzoneManagerRequestHandler.handleReadRequest(OzoneManagerRequestHandler.java:228) ~[ozone-manager-1.3.0-SNAPSHOT.jar:?]
	at org.apache.hadoop.ozone.protocolPB.OzoneManagerProtocolServerSideTranslatorPB.submitRequestDirectlyToOM(OzoneManagerProtocolServerSideTranslatorPB.java:276) ~[ozone-manager-1.3.0-SNAPSHOT.jar:?]
	at org.apache.hadoop.ozone.protocolPB.OzoneManagerProtocolServerSideTranslatorPB.processRequest(OzoneManagerProtocolServerSideTranslatorPB.java:205) ~[ozone-manager-1.3.0-SNAPSHOT.jar:?]
	at org.apache.hadoop.hdds.server.OzoneProtocolMessageDispatcher.processRequest(OzoneProtocolMessageDispatcher.java:87) [hdds-server-framework-1.3.0-SNAPSHOT.jar:?]
	at org.apache.hadoop.ozone.protocolPB.OzoneManagerProtocolServerSideTranslatorPB.submitRequest(OzoneManagerProtocolServerSideTranslatorPB.java:147) [ozone-manager-1.3.0-SNAPSHOT.jar:?]
	at org.apache.hadoop.ozone.protocol.proto.OzoneManagerProtocolProtos$OzoneManagerService$2.callBlockingMethod(OzoneManagerProtocolProtos.java) [ozone-interface-client-1.3.0-SNAPSHOT.jar:?]
	at org.apache.hadoop.ipc.ProtobufRpcEngine$Server.processCall(ProtobufRpcEngine.java:466) [hadoop-common-3.3.1.jar:?]
	at org.apache.hadoop.ipc.ProtobufRpcEngine2$Server$ProtoBufRpcInvoker.call(ProtobufRpcEngine2.java:574) [hadoop-common-3.3.1.jar:?]
	at org.apache.hadoop.ipc.ProtobufRpcEngine2$Server$ProtoBufRpcInvoker.call(ProtobufRpcEngine2.java:552) [hadoop-common-3.3.1.jar:?]
	at org.apache.hadoop.ipc.RPC$Server.call(RPC.java:1093) [hadoop-common-3.3.1.jar:?]
	at org.apache.hadoop.ipc.Server$RpcCall.run(Server.java:1035) [hadoop-common-3.3.1.jar:?]
	at org.apache.hadoop.ipc.Server$RpcCall.run(Server.java:963) [hadoop-common-3.3.1.jar:?]
	at java.security.AccessController.doPrivileged(Native Method) ~[?:1.8.0_345]
	at javax.security.auth.Subject.doAs(Subject.java:422) [?:1.8.0_345]
	at org.apache.hadoop.security.UserGroupInformation.doAs(UserGroupInformation.java:1878) [hadoop-common-3.3.1.jar:?]
	at org.apache.hadoop.ipc.Server$Handler.run(Server.java:2966) [hadoop-common-3.3.1.jar:?]
2022-09-28 09:59:04,136 [Time-limited test] WARN  ozone.BasicOzoneFileSystem (BasicOzoneFileSystem.java:getFileStatus(765)) - GetFileStatus failed for path /gdir1/dir8
java.io.FileNotFoundException: gdir1/dir8: No such file or directory!
	at org.apache.hadoop.fs.ozone.BasicOzoneClientAdapterImpl.getFileStatus(BasicOzoneClientAdapterImpl.java:369)
	at org.apache.hadoop.fs.ozone.BasicOzoneFileSystem.getFileStatus(BasicOzoneFileSystem.java:757)
	at org.apache.hadoop.fs.ozone.TestOzoneFileSystem.checkPath(TestOzoneFileSystem.java:504)
	at org.apache.hadoop.fs.ozone.TestOzoneFileSystem.testRecursiveDelete(TestOzoneFileSystem.java:459)
	at sun.reflect.NativeMethodAccessorImpl.invoke0(Native Method)
	at sun.reflect.NativeMethodAccessorImpl.invoke(NativeMethodAccessorImpl.java:62)
	at sun.reflect.DelegatingMethodAccessorImpl.invoke(DelegatingMethodAccessorImpl.java:43)
	at java.lang.reflect.Method.invoke(Method.java:498)
	at org.junit.runners.model.FrameworkMethod$1.runReflectiveCall(FrameworkMethod.java:59)
	at org.junit.internal.runners.model.ReflectiveCallable.run(ReflectiveCallable.java:12)
	at org.junit.runners.model.FrameworkMethod.invokeExplosively(FrameworkMethod.java:56)
	at org.junit.internal.runners.statements.InvokeMethod.evaluate(InvokeMethod.java:17)
	at org.junit.internal.runners.statements.RunAfters.evaluate(RunAfters.java:27)
	at org.junit.internal.runners.statements.FailOnTimeout$CallableStatement.call(FailOnTimeout.java:288)
	at org.junit.internal.runners.statements.FailOnTimeout$CallableStatement.call(FailOnTimeout.java:282)
	at java.util.concurrent.FutureTask.run(FutureTask.java:266)
	at java.lang.Thread.run(Thread.java:750)
09:59:04.137 [IPC Server handler 7 on default port 38925] ERROR OMAudit - user=runner | ip=127.0.0.1 | op=GET_FILE_STATUS {volume=volume75139, bucket=bucket52642, key=gdir1/dir8/child, dataSize=0, replicationConfig=null} | ret=FAILURE
org.apache.hadoop.ozone.om.exceptions.OMException: Unable to get file status: volume: volume75139 bucket: bucket52642 key: gdir1/dir8/child
	at org.apache.hadoop.ozone.om.KeyManagerImpl.getOzoneFileStatus(KeyManagerImpl.java:1324) ~[ozone-manager-1.3.0-SNAPSHOT.jar:?]
	at org.apache.hadoop.ozone.om.KeyManagerImpl.getFileStatus(KeyManagerImpl.java:1254) ~[ozone-manager-1.3.0-SNAPSHOT.jar:?]
	at org.apache.hadoop.ozone.om.OzoneManager.getFileStatus(OzoneManager.java:3506) ~[ozone-manager-1.3.0-SNAPSHOT.jar:?]
	at org.apache.hadoop.ozone.protocolPB.OzoneManagerRequestHandler.getOzoneFileStatus(OzoneManagerRequestHandler.java:882) ~[ozone-manager-1.3.0-SNAPSHOT.jar:?]
	at org.apache.hadoop.ozone.protocolPB.OzoneManagerRequestHandler.handleReadRequest(OzoneManagerRequestHandler.java:228) ~[ozone-manager-1.3.0-SNAPSHOT.jar:?]
	at org.apache.hadoop.ozone.protocolPB.OzoneManagerProtocolServerSideTranslatorPB.submitRequestDirectlyToOM(OzoneManagerProtocolServerSideTranslatorPB.java:276) ~[ozone-manager-1.3.0-SNAPSHOT.jar:?]
	at org.apache.hadoop.ozone.protocolPB.OzoneManagerProtocolServerSideTranslatorPB.processRequest(OzoneManagerProtocolServerSideTranslatorPB.java:205) ~[ozone-manager-1.3.0-SNAPSHOT.jar:?]
	at org.apache.hadoop.hdds.server.OzoneProtocolMessageDispatcher.processRequest(OzoneProtocolMessageDispatcher.java:87) [hdds-server-framework-1.3.0-SNAPSHOT.jar:?]
	at org.apache.hadoop.ozone.protocolPB.OzoneManagerProtocolServerSideTranslatorPB.submitRequest(OzoneManagerProtocolServerSideTranslatorPB.java:147) [ozone-manager-1.3.0-SNAPSHOT.jar:?]
	at org.apache.hadoop.ozone.protocol.proto.OzoneManagerProtocolProtos$OzoneManagerService$2.callBlockingMethod(OzoneManagerProtocolProtos.java) [ozone-interface-client-1.3.0-SNAPSHOT.jar:?]
	at org.apache.hadoop.ipc.ProtobufRpcEngine$Server.processCall(ProtobufRpcEngine.java:466) [hadoop-common-3.3.1.jar:?]
	at org.apache.hadoop.ipc.ProtobufRpcEngine2$Server$ProtoBufRpcInvoker.call(ProtobufRpcEngine2.java:574) [hadoop-common-3.3.1.jar:?]
	at org.apache.hadoop.ipc.ProtobufRpcEngine2$Server$ProtoBufRpcInvoker.call(ProtobufRpcEngine2.java:552) [hadoop-common-3.3.1.jar:?]
	at org.apache.hadoop.ipc.RPC$Server.call(RPC.java:1093) [hadoop-common-3.3.1.jar:?]
	at org.apache.hadoop.ipc.Server$RpcCall.run(Server.java:1035) [hadoop-common-3.3.1.jar:?]
	at org.apache.hadoop.ipc.Server$RpcCall.run(Server.java:963) [hadoop-common-3.3.1.jar:?]
	at java.security.AccessController.doPrivileged(Native Method) ~[?:1.8.0_345]
	at javax.security.auth.Subject.doAs(Subject.java:422) [?:1.8.0_345]
	at org.apache.hadoop.security.UserGroupInformation.doAs(UserGroupInformation.java:1878) [hadoop-common-3.3.1.jar:?]
	at org.apache.hadoop.ipc.Server$Handler.run(Server.java:2966) [hadoop-common-3.3.1.jar:?]
2022-09-28 09:59:04,137 [Time-limited test] WARN  ozone.BasicOzoneFileSystem (BasicOzoneFileSystem.java:getFileStatus(765)) - GetFileStatus failed for path /gdir1/dir8/child
java.io.FileNotFoundException: gdir1/dir8/child: No such file or directory!
	at org.apache.hadoop.fs.ozone.BasicOzoneClientAdapterImpl.getFileStatus(BasicOzoneClientAdapterImpl.java:369)
	at org.apache.hadoop.fs.ozone.BasicOzoneFileSystem.getFileStatus(BasicOzoneFileSystem.java:757)
	at org.apache.hadoop.fs.ozone.TestOzoneFileSystem.checkPath(TestOzoneFileSystem.java:504)
	at org.apache.hadoop.fs.ozone.TestOzoneFileSystem.testRecursiveDelete(TestOzoneFileSystem.java:460)
	at sun.reflect.NativeMethodAccessorImpl.invoke0(Native Method)
	at sun.reflect.NativeMethodAccessorImpl.invoke(NativeMethodAccessorImpl.java:62)
	at sun.reflect.DelegatingMethodAccessorImpl.invoke(DelegatingMethodAccessorImpl.java:43)
	at java.lang.reflect.Method.invoke(Method.java:498)
	at org.junit.runners.model.FrameworkMethod$1.runReflectiveCall(FrameworkMethod.java:59)
	at org.junit.internal.runners.model.ReflectiveCallable.run(ReflectiveCallable.java:12)
	at org.junit.runners.model.FrameworkMethod.invokeExplosively(FrameworkMethod.java:56)
	at org.junit.internal.runners.statements.InvokeMethod.evaluate(InvokeMethod.java:17)
	at org.junit.internal.runners.statements.RunAfters.evaluate(RunAfters.java:27)
	at org.junit.internal.runners.statements.FailOnTimeout$CallableStatement.call(FailOnTimeout.java:288)
	at org.junit.internal.runners.statements.FailOnTimeout$CallableStatement.call(FailOnTimeout.java:282)
	at java.util.concurrent.FutureTask.run(FutureTask.java:266)
	at java.lang.Thread.run(Thread.java:750)
09:59:04.137 [IPC Server handler 9 on default port 38925] ERROR OMAudit - user=runner | ip=127.0.0.1 | op=GET_FILE_STATUS {volume=volume75139, bucket=bucket52642, key=gdir1/dir9, dataSize=0, replicationConfig=null} | ret=FAILURE
org.apache.hadoop.ozone.om.exceptions.OMException: Unable to get file status: volume: volume75139 bucket: bucket52642 key: gdir1/dir9
	at org.apache.hadoop.ozone.om.KeyManagerImpl.getOzoneFileStatus(KeyManagerImpl.java:1324) ~[ozone-manager-1.3.0-SNAPSHOT.jar:?]
	at org.apache.hadoop.ozone.om.KeyManagerImpl.getFileStatus(KeyManagerImpl.java:1254) ~[ozone-manager-1.3.0-SNAPSHOT.jar:?]
	at org.apache.hadoop.ozone.om.OzoneManager.getFileStatus(OzoneManager.java:3506) ~[ozone-manager-1.3.0-SNAPSHOT.jar:?]
	at org.apache.hadoop.ozone.protocolPB.OzoneManagerRequestHandler.getOzoneFileStatus(OzoneManagerRequestHandler.java:882) ~[ozone-manager-1.3.0-SNAPSHOT.jar:?]
	at org.apache.hadoop.ozone.protocolPB.OzoneManagerRequestHandler.handleReadRequest(OzoneManagerRequestHandler.java:228) ~[ozone-manager-1.3.0-SNAPSHOT.jar:?]
	at org.apache.hadoop.ozone.protocolPB.OzoneManagerProtocolServerSideTranslatorPB.submitRequestDirectlyToOM(OzoneManagerProtocolServerSideTranslatorPB.java:276) ~[ozone-manager-1.3.0-SNAPSHOT.jar:?]
	at org.apache.hadoop.ozone.protocolPB.OzoneManagerProtocolServerSideTranslatorPB.processRequest(OzoneManagerProtocolServerSideTranslatorPB.java:205) ~[ozone-manager-1.3.0-SNAPSHOT.jar:?]
	at org.apache.hadoop.hdds.server.OzoneProtocolMessageDispatcher.processRequest(OzoneProtocolMessageDispatcher.java:87) [hdds-server-framework-1.3.0-SNAPSHOT.jar:?]
	at org.apache.hadoop.ozone.protocolPB.OzoneManagerProtocolServerSideTranslatorPB.submitRequest(OzoneManagerProtocolServerSideTranslatorPB.java:147) [ozone-manager-1.3.0-SNAPSHOT.jar:?]
	at org.apache.hadoop.ozone.protocol.proto.OzoneManagerProtocolProtos$OzoneManagerService$2.callBlockingMethod(OzoneManagerProtocolProtos.java) [ozone-interface-client-1.3.0-SNAPSHOT.jar:?]
	at org.apache.hadoop.ipc.ProtobufRpcEngine$Server.processCall(ProtobufRpcEngine.java:466) [hadoop-common-3.3.1.jar:?]
	at org.apache.hadoop.ipc.ProtobufRpcEngine2$Server$ProtoBufRpcInvoker.call(ProtobufRpcEngine2.java:574) [hadoop-common-3.3.1.jar:?]
	at org.apache.hadoop.ipc.ProtobufRpcEngine2$Server$ProtoBufRpcInvoker.call(ProtobufRpcEngine2.java:552) [hadoop-common-3.3.1.jar:?]
	at org.apache.hadoop.ipc.RPC$Server.call(RPC.java:1093) [hadoop-common-3.3.1.jar:?]
	at org.apache.hadoop.ipc.Server$RpcCall.run(Server.java:1035) [hadoop-common-3.3.1.jar:?]
	at org.apache.hadoop.ipc.Server$RpcCall.run(Server.java:963) [hadoop-common-3.3.1.jar:?]
	at java.security.AccessController.doPrivileged(Native Method) ~[?:1.8.0_345]
	at javax.security.auth.Subject.doAs(Subject.java:422) [?:1.8.0_345]
	at org.apache.hadoop.security.UserGroupInformation.doAs(UserGroupInformation.java:1878) [hadoop-common-3.3.1.jar:?]
	at org.apache.hadoop.ipc.Server$Handler.run(Server.java:2966) [hadoop-common-3.3.1.jar:?]
2022-09-28 09:59:04,140 [Time-limited test] WARN  ozone.BasicOzoneFileSystem (BasicOzoneFileSystem.java:getFileStatus(765)) - GetFileStatus failed for path /gdir1/dir9
java.io.FileNotFoundException: gdir1/dir9: No such file or directory!
	at org.apache.hadoop.fs.ozone.BasicOzoneClientAdapterImpl.getFileStatus(BasicOzoneClientAdapterImpl.java:369)
	at org.apache.hadoop.fs.ozone.BasicOzoneFileSystem.getFileStatus(BasicOzoneFileSystem.java:757)
	at org.apache.hadoop.fs.ozone.TestOzoneFileSystem.checkPath(TestOzoneFileSystem.java:504)
	at org.apache.hadoop.fs.ozone.TestOzoneFileSystem.testRecursiveDelete(TestOzoneFileSystem.java:459)
	at sun.reflect.NativeMethodAccessorImpl.invoke0(Native Method)
	at sun.reflect.NativeMethodAccessorImpl.invoke(NativeMethodAccessorImpl.java:62)
	at sun.reflect.DelegatingMethodAccessorImpl.invoke(DelegatingMethodAccessorImpl.java:43)
	at java.lang.reflect.Method.invoke(Method.java:498)
	at org.junit.runners.model.FrameworkMethod$1.runReflectiveCall(FrameworkMethod.java:59)
	at org.junit.internal.runners.model.ReflectiveCallable.run(ReflectiveCallable.java:12)
	at org.junit.runners.model.FrameworkMethod.invokeExplosively(FrameworkMethod.java:56)
	at org.junit.internal.runners.statements.InvokeMethod.evaluate(InvokeMethod.java:17)
	at org.junit.internal.runners.statements.RunAfters.evaluate(RunAfters.java:27)
	at org.junit.internal.runners.statements.FailOnTimeout$CallableStatement.call(FailOnTimeout.java:288)
	at org.junit.internal.runners.statements.FailOnTimeout$CallableStatement.call(FailOnTimeout.java:282)
	at java.util.concurrent.FutureTask.run(FutureTask.java:266)
	at java.lang.Thread.run(Thread.java:750)
09:59:04.141 [IPC Server handler 6 on default port 38925] ERROR OMAudit - user=runner | ip=127.0.0.1 | op=GET_FILE_STATUS {volume=volume75139, bucket=bucket52642, key=gdir1/dir9/child, dataSize=0, replicationConfig=null} | ret=FAILURE
org.apache.hadoop.ozone.om.exceptions.OMException: Unable to get file status: volume: volume75139 bucket: bucket52642 key: gdir1/dir9/child
	at org.apache.hadoop.ozone.om.KeyManagerImpl.getOzoneFileStatus(KeyManagerImpl.java:1324) ~[ozone-manager-1.3.0-SNAPSHOT.jar:?]
	at org.apache.hadoop.ozone.om.KeyManagerImpl.getFileStatus(KeyManagerImpl.java:1254) ~[ozone-manager-1.3.0-SNAPSHOT.jar:?]
	at org.apache.hadoop.ozone.om.OzoneManager.getFileStatus(OzoneManager.java:3506) ~[ozone-manager-1.3.0-SNAPSHOT.jar:?]
	at org.apache.hadoop.ozone.protocolPB.OzoneManagerRequestHandler.getOzoneFileStatus(OzoneManagerRequestHandler.java:882) ~[ozone-manager-1.3.0-SNAPSHOT.jar:?]
	at org.apache.hadoop.ozone.protocolPB.OzoneManagerRequestHandler.handleReadRequest(OzoneManagerRequestHandler.java:228) ~[ozone-manager-1.3.0-SNAPSHOT.jar:?]
	at org.apache.hadoop.ozone.protocolPB.OzoneManagerProtocolServerSideTranslatorPB.submitRequestDirectlyToOM(OzoneManagerProtocolServerSideTranslatorPB.java:276) ~[ozone-manager-1.3.0-SNAPSHOT.jar:?]
	at org.apache.hadoop.ozone.protocolPB.OzoneManagerProtocolServerSideTranslatorPB.processRequest(OzoneManagerProtocolServerSideTranslatorPB.java:205) ~[ozone-manager-1.3.0-SNAPSHOT.jar:?]
	at org.apache.hadoop.hdds.server.OzoneProtocolMessageDispatcher.processRequest(OzoneProtocolMessageDispatcher.java:87) [hdds-server-framework-1.3.0-SNAPSHOT.jar:?]
	at org.apache.hadoop.ozone.protocolPB.OzoneManagerProtocolServerSideTranslatorPB.submitRequest(OzoneManagerProtocolServerSideTranslatorPB.java:147) [ozone-manager-1.3.0-SNAPSHOT.jar:?]
	at org.apache.hadoop.ozone.protocol.proto.OzoneManagerProtocolProtos$OzoneManagerService$2.callBlockingMethod(OzoneManagerProtocolProtos.java) [ozone-interface-client-1.3.0-SNAPSHOT.jar:?]
	at org.apache.hadoop.ipc.ProtobufRpcEngine$Server.processCall(ProtobufRpcEngine.java:466) [hadoop-common-3.3.1.jar:?]
	at org.apache.hadoop.ipc.ProtobufRpcEngine2$Server$ProtoBufRpcInvoker.call(ProtobufRpcEngine2.java:574) [hadoop-common-3.3.1.jar:?]
	at org.apache.hadoop.ipc.ProtobufRpcEngine2$Server$ProtoBufRpcInvoker.call(ProtobufRpcEngine2.java:552) [hadoop-common-3.3.1.jar:?]
	at org.apache.hadoop.ipc.RPC$Server.call(RPC.java:1093) [hadoop-common-3.3.1.jar:?]
	at org.apache.hadoop.ipc.Server$RpcCall.run(Server.java:1035) [hadoop-common-3.3.1.jar:?]
	at org.apache.hadoop.ipc.Server$RpcCall.run(Server.java:963) [hadoop-common-3.3.1.jar:?]
	at java.security.AccessController.doPrivileged(Native Method) ~[?:1.8.0_345]
	at javax.security.auth.Subject.doAs(Subject.java:422) [?:1.8.0_345]
	at org.apache.hadoop.security.UserGroupInformation.doAs(UserGroupInformation.java:1878) [hadoop-common-3.3.1.jar:?]
	at org.apache.hadoop.ipc.Server$Handler.run(Server.java:2966) [hadoop-common-3.3.1.jar:?]
2022-09-28 09:59:04,142 [Time-limited test] WARN  ozone.BasicOzoneFileSystem (BasicOzoneFileSystem.java:getFileStatus(765)) - GetFileStatus failed for path /gdir1/dir9/child
java.io.FileNotFoundException: gdir1/dir9/child: No such file or directory!
	at org.apache.hadoop.fs.ozone.BasicOzoneClientAdapterImpl.getFileStatus(BasicOzoneClientAdapterImpl.java:369)
	at org.apache.hadoop.fs.ozone.BasicOzoneFileSystem.getFileStatus(BasicOzoneFileSystem.java:757)
	at org.apache.hadoop.fs.ozone.TestOzoneFileSystem.checkPath(TestOzoneFileSystem.java:504)
	at org.apache.hadoop.fs.ozone.TestOzoneFileSystem.testRecursiveDelete(TestOzoneFileSystem.java:460)
	at sun.reflect.NativeMethodAccessorImpl.invoke0(Native Method)
	at sun.reflect.NativeMethodAccessorImpl.invoke(NativeMethodAccessorImpl.java:62)
	at sun.reflect.DelegatingMethodAccessorImpl.invoke(DelegatingMethodAccessorImpl.java:43)
	at java.lang.reflect.Method.invoke(Method.java:498)
	at org.junit.runners.model.FrameworkMethod$1.runReflectiveCall(FrameworkMethod.java:59)
	at org.junit.internal.runners.model.ReflectiveCallable.run(ReflectiveCallable.java:12)
	at org.junit.runners.model.FrameworkMethod.invokeExplosively(FrameworkMethod.java:56)
	at org.junit.internal.runners.statements.InvokeMethod.evaluate(InvokeMethod.java:17)
	at org.junit.internal.runners.statements.RunAfters.evaluate(RunAfters.java:27)
	at org.junit.internal.runners.statements.FailOnTimeout$CallableStatement.call(FailOnTimeout.java:288)
	at org.junit.internal.runners.statements.FailOnTimeout$CallableStatement.call(FailOnTimeout.java:282)
	at java.util.concurrent.FutureTask.run(FutureTask.java:266)
	at java.lang.Thread.run(Thread.java:750)
09:59:04.142 [IPC Server handler 14 on default port 38925] ERROR OMAudit - user=runner | ip=127.0.0.1 | op=GET_FILE_STATUS {volume=volume75139, bucket=bucket52642, key=gdir1/dir10, dataSize=0, replicationConfig=null} | ret=FAILURE
org.apache.hadoop.ozone.om.exceptions.OMException: Unable to get file status: volume: volume75139 bucket: bucket52642 key: gdir1/dir10
	at org.apache.hadoop.ozone.om.KeyManagerImpl.getOzoneFileStatus(KeyManagerImpl.java:1324) ~[ozone-manager-1.3.0-SNAPSHOT.jar:?]
	at org.apache.hadoop.ozone.om.KeyManagerImpl.getFileStatus(KeyManagerImpl.java:1254) ~[ozone-manager-1.3.0-SNAPSHOT.jar:?]
	at org.apache.hadoop.ozone.om.OzoneManager.getFileStatus(OzoneManager.java:3506) ~[ozone-manager-1.3.0-SNAPSHOT.jar:?]
	at org.apache.hadoop.ozone.protocolPB.OzoneManagerRequestHandler.getOzoneFileStatus(OzoneManagerRequestHandler.java:882) ~[ozone-manager-1.3.0-SNAPSHOT.jar:?]
	at org.apache.hadoop.ozone.protocolPB.OzoneManagerRequestHandler.handleReadRequest(OzoneManagerRequestHandler.java:228) ~[ozone-manager-1.3.0-SNAPSHOT.jar:?]
	at org.apache.hadoop.ozone.protocolPB.OzoneManagerProtocolServerSideTranslatorPB.submitRequestDirectlyToOM(OzoneManagerProtocolServerSideTranslatorPB.java:276) ~[ozone-manager-1.3.0-SNAPSHOT.jar:?]
	at org.apache.hadoop.ozone.protocolPB.OzoneManagerProtocolServerSideTranslatorPB.processRequest(OzoneManagerProtocolServerSideTranslatorPB.java:205) ~[ozone-manager-1.3.0-SNAPSHOT.jar:?]
	at org.apache.hadoop.hdds.server.OzoneProtocolMessageDispatcher.processRequest(OzoneProtocolMessageDispatcher.java:87) [hdds-server-framework-1.3.0-SNAPSHOT.jar:?]
	at org.apache.hadoop.ozone.protocolPB.OzoneManagerProtocolServerSideTranslatorPB.submitRequest(OzoneManagerProtocolServerSideTranslatorPB.java:147) [ozone-manager-1.3.0-SNAPSHOT.jar:?]
	at org.apache.hadoop.ozone.protocol.proto.OzoneManagerProtocolProtos$OzoneManagerService$2.callBlockingMethod(OzoneManagerProtocolProtos.java) [ozone-interface-client-1.3.0-SNAPSHOT.jar:?]
	at org.apache.hadoop.ipc.ProtobufRpcEngine$Server.processCall(ProtobufRpcEngine.java:466) [hadoop-common-3.3.1.jar:?]
	at org.apache.hadoop.ipc.ProtobufRpcEngine2$Server$ProtoBufRpcInvoker.call(ProtobufRpcEngine2.java:574) [hadoop-common-3.3.1.jar:?]
	at org.apache.hadoop.ipc.ProtobufRpcEngine2$Server$ProtoBufRpcInvoker.call(ProtobufRpcEngine2.java:552) [hadoop-common-3.3.1.jar:?]
	at org.apache.hadoop.ipc.RPC$Server.call(RPC.java:1093) [hadoop-common-3.3.1.jar:?]
	at org.apache.hadoop.ipc.Server$RpcCall.run(Server.java:1035) [hadoop-common-3.3.1.jar:?]
	at org.apache.hadoop.ipc.Server$RpcCall.run(Server.java:963) [hadoop-common-3.3.1.jar:?]
	at java.security.AccessController.doPrivileged(Native Method) ~[?:1.8.0_345]
	at javax.security.auth.Subject.doAs(Subject.java:422) [?:1.8.0_345]
	at org.apache.hadoop.security.UserGroupInformation.doAs(UserGroupInformation.java:1878) [hadoop-common-3.3.1.jar:?]
	at org.apache.hadoop.ipc.Server$Handler.run(Server.java:2966) [hadoop-common-3.3.1.jar:?]
2022-09-28 09:59:04,144 [Time-limited test] WARN  ozone.BasicOzoneFileSystem (BasicOzoneFileSystem.java:getFileStatus(765)) - GetFileStatus failed for path /gdir1/dir10
java.io.FileNotFoundException: gdir1/dir10: No such file or directory!
	at org.apache.hadoop.fs.ozone.BasicOzoneClientAdapterImpl.getFileStatus(BasicOzoneClientAdapterImpl.java:369)
	at org.apache.hadoop.fs.ozone.BasicOzoneFileSystem.getFileStatus(BasicOzoneFileSystem.java:757)
	at org.apache.hadoop.fs.ozone.TestOzoneFileSystem.checkPath(TestOzoneFileSystem.java:504)
	at org.apache.hadoop.fs.ozone.TestOzoneFileSystem.testRecursiveDelete(TestOzoneFileSystem.java:459)
	at sun.reflect.NativeMethodAccessorImpl.invoke0(Native Method)
	at sun.reflect.NativeMethodAccessorImpl.invoke(NativeMethodAccessorImpl.java:62)
	at sun.reflect.DelegatingMethodAccessorImpl.invoke(DelegatingMethodAccessorImpl.java:43)
	at java.lang.reflect.Method.invoke(Method.java:498)
	at org.junit.runners.model.FrameworkMethod$1.runReflectiveCall(FrameworkMethod.java:59)
	at org.junit.internal.runners.model.ReflectiveCallable.run(ReflectiveCallable.java:12)
	at org.junit.runners.model.FrameworkMethod.invokeExplosively(FrameworkMethod.java:56)
	at org.junit.internal.runners.statements.InvokeMethod.evaluate(InvokeMethod.java:17)
	at org.junit.internal.runners.statements.RunAfters.evaluate(RunAfters.java:27)
	at org.junit.internal.runners.statements.FailOnTimeout$CallableStatement.call(FailOnTimeout.java:288)
	at org.junit.internal.runners.statements.FailOnTimeout$CallableStatement.call(FailOnTimeout.java:282)
	at java.util.concurrent.FutureTask.run(FutureTask.java:266)
	at java.lang.Thread.run(Thread.java:750)
09:59:04.145 [IPC Server handler 5 on default port 38925] ERROR OMAudit - user=runner | ip=127.0.0.1 | op=GET_FILE_STATUS {volume=volume75139, bucket=bucket52642, key=gdir1/dir10/child, dataSize=0, replicationConfig=null} | ret=FAILURE
org.apache.hadoop.ozone.om.exceptions.OMException: Unable to get file status: volume: volume75139 bucket: bucket52642 key: gdir1/dir10/child
	at org.apache.hadoop.ozone.om.KeyManagerImpl.getOzoneFileStatus(KeyManagerImpl.java:1324) ~[ozone-manager-1.3.0-SNAPSHOT.jar:?]
	at org.apache.hadoop.ozone.om.KeyManagerImpl.getFileStatus(KeyManagerImpl.java:1254) ~[ozone-manager-1.3.0-SNAPSHOT.jar:?]
	at org.apache.hadoop.ozone.om.OzoneManager.getFileStatus(OzoneManager.java:3506) ~[ozone-manager-1.3.0-SNAPSHOT.jar:?]
	at org.apache.hadoop.ozone.protocolPB.OzoneManagerRequestHandler.getOzoneFileStatus(OzoneManagerRequestHandler.java:882) ~[ozone-manager-1.3.0-SNAPSHOT.jar:?]
	at org.apache.hadoop.ozone.protocolPB.OzoneManagerRequestHandler.handleReadRequest(OzoneManagerRequestHandler.java:228) ~[ozone-manager-1.3.0-SNAPSHOT.jar:?]
	at org.apache.hadoop.ozone.protocolPB.OzoneManagerProtocolServerSideTranslatorPB.submitRequestDirectlyToOM(OzoneManagerProtocolServerSideTranslatorPB.java:276) ~[ozone-manager-1.3.0-SNAPSHOT.jar:?]
	at org.apache.hadoop.ozone.protocolPB.OzoneManagerProtocolServerSideTranslatorPB.processRequest(OzoneManagerProtocolServerSideTranslatorPB.java:205) ~[ozone-manager-1.3.0-SNAPSHOT.jar:?]
	at org.apache.hadoop.hdds.server.OzoneProtocolMessageDispatcher.processRequest(OzoneProtocolMessageDispatcher.java:87) [hdds-server-framework-1.3.0-SNAPSHOT.jar:?]
	at org.apache.hadoop.ozone.protocolPB.OzoneManagerProtocolServerSideTranslatorPB.submitRequest(OzoneManagerProtocolServerSideTranslatorPB.java:147) [ozone-manager-1.3.0-SNAPSHOT.jar:?]
	at org.apache.hadoop.ozone.protocol.proto.OzoneManagerProtocolProtos$OzoneManagerService$2.callBlockingMethod(OzoneManagerProtocolProtos.java) [ozone-interface-client-1.3.0-SNAPSHOT.jar:?]
	at org.apache.hadoop.ipc.ProtobufRpcEngine$Server.processCall(ProtobufRpcEngine.java:466) [hadoop-common-3.3.1.jar:?]
	at org.apache.hadoop.ipc.ProtobufRpcEngine2$Server$ProtoBufRpcInvoker.call(ProtobufRpcEngine2.java:574) [hadoop-common-3.3.1.jar:?]
	at org.apache.hadoop.ipc.ProtobufRpcEngine2$Server$ProtoBufRpcInvoker.call(ProtobufRpcEngine2.java:552) [hadoop-common-3.3.1.jar:?]
	at org.apache.hadoop.ipc.RPC$Server.call(RPC.java:1093) [hadoop-common-3.3.1.jar:?]
	at org.apache.hadoop.ipc.Server$RpcCall.run(Server.java:1035) [hadoop-common-3.3.1.jar:?]
	at org.apache.hadoop.ipc.Server$RpcCall.run(Server.java:963) [hadoop-common-3.3.1.jar:?]
	at java.security.AccessController.doPrivileged(Native Method) ~[?:1.8.0_345]
	at javax.security.auth.Subject.doAs(Subject.java:422) [?:1.8.0_345]
	at org.apache.hadoop.security.UserGroupInformation.doAs(UserGroupInformation.java:1878) [hadoop-common-3.3.1.jar:?]
	at org.apache.hadoop.ipc.Server$Handler.run(Server.java:2966) [hadoop-common-3.3.1.jar:?]
2022-09-28 09:59:04,145 [Time-limited test] WARN  ozone.BasicOzoneFileSystem (BasicOzoneFileSystem.java:getFileStatus(765)) - GetFileStatus failed for path /gdir1/dir10/child
java.io.FileNotFoundException: gdir1/dir10/child: No such file or directory!
	at org.apache.hadoop.fs.ozone.BasicOzoneClientAdapterImpl.getFileStatus(BasicOzoneClientAdapterImpl.java:369)
	at org.apache.hadoop.fs.ozone.BasicOzoneFileSystem.getFileStatus(BasicOzoneFileSystem.java:757)
	at org.apache.hadoop.fs.ozone.TestOzoneFileSystem.checkPath(TestOzoneFileSystem.java:504)
	at org.apache.hadoop.fs.ozone.TestOzoneFileSystem.testRecursiveDelete(TestOzoneFileSystem.java:460)
	at sun.reflect.NativeMethodAccessorImpl.invoke0(Native Method)
	at sun.reflect.NativeMethodAccessorImpl.invoke(NativeMethodAccessorImpl.java:62)
	at sun.reflect.DelegatingMethodAccessorImpl.invoke(DelegatingMethodAccessorImpl.java:43)
	at java.lang.reflect.Method.invoke(Method.java:498)
	at org.junit.runners.model.FrameworkMethod$1.runReflectiveCall(FrameworkMethod.java:59)
	at org.junit.internal.runners.model.ReflectiveCallable.run(ReflectiveCallable.java:12)
	at org.junit.runners.model.FrameworkMethod.invokeExplosively(FrameworkMethod.java:56)
	at org.junit.internal.runners.statements.InvokeMethod.evaluate(InvokeMethod.java:17)
	at org.junit.internal.runners.statements.RunAfters.evaluate(RunAfters.java:27)
	at org.junit.internal.runners.statements.FailOnTimeout$CallableStatement.call(FailOnTimeout.java:288)
	at org.junit.internal.runners.statements.FailOnTimeout$CallableStatement.call(FailOnTimeout.java:282)
	at java.util.concurrent.FutureTask.run(FutureTask.java:266)
	at java.lang.Thread.run(Thread.java:750)
09:59:04.180 [IPC Server handler 0 on default port 38925] ERROR OMAudit - user=runner | ip=127.0.0.1 | op=GET_FILE_STATUS {volume=volume75139, bucket=bucket52642, key=level0, dataSize=0, replicationConfig=null} | ret=FAILURE
org.apache.hadoop.ozone.om.exceptions.OMException: Unable to get file status: volume: volume75139 bucket: bucket52642 key: level0
	at org.apache.hadoop.ozone.om.KeyManagerImpl.getOzoneFileStatus(KeyManagerImpl.java:1324) ~[ozone-manager-1.3.0-SNAPSHOT.jar:?]
	at org.apache.hadoop.ozone.om.KeyManagerImpl.getFileStatus(KeyManagerImpl.java:1254) ~[ozone-manager-1.3.0-SNAPSHOT.jar:?]
	at org.apache.hadoop.ozone.om.OzoneManager.getFileStatus(OzoneManager.java:3506) ~[ozone-manager-1.3.0-SNAPSHOT.jar:?]
	at org.apache.hadoop.ozone.protocolPB.OzoneManagerRequestHandler.getOzoneFileStatus(OzoneManagerRequestHandler.java:882) ~[ozone-manager-1.3.0-SNAPSHOT.jar:?]
	at org.apache.hadoop.ozone.protocolPB.OzoneManagerRequestHandler.handleReadRequest(OzoneManagerRequestHandler.java:228) ~[ozone-manager-1.3.0-SNAPSHOT.jar:?]
	at org.apache.hadoop.ozone.protocolPB.OzoneManagerProtocolServerSideTranslatorPB.submitRequestDirectlyToOM(OzoneManagerProtocolServerSideTranslatorPB.java:276) ~[ozone-manager-1.3.0-SNAPSHOT.jar:?]
	at org.apache.hadoop.ozone.protocolPB.OzoneManagerProtocolServerSideTranslatorPB.processRequest(OzoneManagerProtocolServerSideTranslatorPB.java:205) ~[ozone-manager-1.3.0-SNAPSHOT.jar:?]
	at org.apache.hadoop.hdds.server.OzoneProtocolMessageDispatcher.processRequest(OzoneProtocolMessageDispatcher.java:87) [hdds-server-framework-1.3.0-SNAPSHOT.jar:?]
	at org.apache.hadoop.ozone.protocolPB.OzoneManagerProtocolServerSideTranslatorPB.submitRequest(OzoneManagerProtocolServerSideTranslatorPB.java:147) [ozone-manager-1.3.0-SNAPSHOT.jar:?]
	at org.apache.hadoop.ozone.protocol.proto.OzoneManagerProtocolProtos$OzoneManagerService$2.callBlockingMethod(OzoneManagerProtocolProtos.java) [ozone-interface-client-1.3.0-SNAPSHOT.jar:?]
	at org.apache.hadoop.ipc.ProtobufRpcEngine$Server.processCall(ProtobufRpcEngine.java:466) [hadoop-common-3.3.1.jar:?]
	at org.apache.hadoop.ipc.ProtobufRpcEngine2$Server$ProtoBufRpcInvoker.call(ProtobufRpcEngine2.java:574) [hadoop-common-3.3.1.jar:?]
	at org.apache.hadoop.ipc.ProtobufRpcEngine2$Server$ProtoBufRpcInvoker.call(ProtobufRpcEngine2.java:552) [hadoop-common-3.3.1.jar:?]
	at org.apache.hadoop.ipc.RPC$Server.call(RPC.java:1093) [hadoop-common-3.3.1.jar:?]
	at org.apache.hadoop.ipc.Server$RpcCall.run(Server.java:1035) [hadoop-common-3.3.1.jar:?]
	at org.apache.hadoop.ipc.Server$RpcCall.run(Server.java:963) [hadoop-common-3.3.1.jar:?]
	at java.security.AccessController.doPrivileged(Native Method) ~[?:1.8.0_345]
	at javax.security.auth.Subject.doAs(Subject.java:422) [?:1.8.0_345]
	at org.apache.hadoop.security.UserGroupInformation.doAs(UserGroupInformation.java:1878) [hadoop-common-3.3.1.jar:?]
	at org.apache.hadoop.ipc.Server$Handler.run(Server.java:2966) [hadoop-common-3.3.1.jar:?]
2022-09-28 09:59:04,180 [Time-limited test] WARN  ozone.BasicOzoneFileSystem (BasicOzoneFileSystem.java:getFileStatus(765)) - GetFileStatus failed for path /level0
java.io.FileNotFoundException: level0: No such file or directory!
	at org.apache.hadoop.fs.ozone.BasicOzoneClientAdapterImpl.getFileStatus(BasicOzoneClientAdapterImpl.java:369)
	at org.apache.hadoop.fs.ozone.BasicOzoneFileSystem.getFileStatus(BasicOzoneFileSystem.java:757)
	at org.apache.hadoop.fs.ozone.TestOzoneFileSystem.checkPath(TestOzoneFileSystem.java:504)
	at org.apache.hadoop.fs.ozone.TestOzoneFileSystem.testRecursiveDelete(TestOzoneFileSystem.java:488)
	at sun.reflect.NativeMethodAccessorImpl.invoke0(Native Method)
	at sun.reflect.NativeMethodAccessorImpl.invoke(NativeMethodAccessorImpl.java:62)
	at sun.reflect.DelegatingMethodAccessorImpl.invoke(DelegatingMethodAccessorImpl.java:43)
	at java.lang.reflect.Method.invoke(Method.java:498)
	at org.junit.runners.model.FrameworkMethod$1.runReflectiveCall(FrameworkMethod.java:59)
	at org.junit.internal.runners.model.ReflectiveCallable.run(ReflectiveCallable.java:12)
	at org.junit.runners.model.FrameworkMethod.invokeExplosively(FrameworkMethod.java:56)
	at org.junit.internal.runners.statements.InvokeMethod.evaluate(InvokeMethod.java:17)
	at org.junit.internal.runners.statements.RunAfters.evaluate(RunAfters.java:27)
	at org.junit.internal.runners.statements.FailOnTimeout$CallableStatement.call(FailOnTimeout.java:288)
	at org.junit.internal.runners.statements.FailOnTimeout$CallableStatement.call(FailOnTimeout.java:282)
	at java.util.concurrent.FutureTask.run(FutureTask.java:266)
	at java.lang.Thread.run(Thread.java:750)
09:59:04.181 [IPC Server handler 8 on default port 38925] ERROR OMAudit - user=runner | ip=127.0.0.1 | op=GET_FILE_STATUS {volume=volume75139, bucket=bucket52642, key=level0/level1, dataSize=0, replicationConfig=null} | ret=FAILURE
org.apache.hadoop.ozone.om.exceptions.OMException: Unable to get file status: volume: volume75139 bucket: bucket52642 key: level0/level1
	at org.apache.hadoop.ozone.om.KeyManagerImpl.getOzoneFileStatus(KeyManagerImpl.java:1324) ~[ozone-manager-1.3.0-SNAPSHOT.jar:?]
	at org.apache.hadoop.ozone.om.KeyManagerImpl.getFileStatus(KeyManagerImpl.java:1254) ~[ozone-manager-1.3.0-SNAPSHOT.jar:?]
	at org.apache.hadoop.ozone.om.OzoneManager.getFileStatus(OzoneManager.java:3506) ~[ozone-manager-1.3.0-SNAPSHOT.jar:?]
	at org.apache.hadoop.ozone.protocolPB.OzoneManagerRequestHandler.getOzoneFileStatus(OzoneManagerRequestHandler.java:882) ~[ozone-manager-1.3.0-SNAPSHOT.jar:?]
	at org.apache.hadoop.ozone.protocolPB.OzoneManagerRequestHandler.handleReadRequest(OzoneManagerRequestHandler.java:228) ~[ozone-manager-1.3.0-SNAPSHOT.jar:?]
	at org.apache.hadoop.ozone.protocolPB.OzoneManagerProtocolServerSideTranslatorPB.submitRequestDirectlyToOM(OzoneManagerProtocolServerSideTranslatorPB.java:276) ~[ozone-manager-1.3.0-SNAPSHOT.jar:?]
	at org.apache.hadoop.ozone.protocolPB.OzoneManagerProtocolServerSideTranslatorPB.processRequest(OzoneManagerProtocolServerSideTranslatorPB.java:205) ~[ozone-manager-1.3.0-SNAPSHOT.jar:?]
	at org.apache.hadoop.hdds.server.OzoneProtocolMessageDispatcher.processRequest(OzoneProtocolMessageDispatcher.java:87) [hdds-server-framework-1.3.0-SNAPSHOT.jar:?]
	at org.apache.hadoop.ozone.protocolPB.OzoneManagerProtocolServerSideTranslatorPB.submitRequest(OzoneManagerProtocolServerSideTranslatorPB.java:147) [ozone-manager-1.3.0-SNAPSHOT.jar:?]
	at org.apache.hadoop.ozone.protocol.proto.OzoneManagerProtocolProtos$OzoneManagerService$2.callBlockingMethod(OzoneManagerProtocolProtos.java) [ozone-interface-client-1.3.0-SNAPSHOT.jar:?]
	at org.apache.hadoop.ipc.ProtobufRpcEngine$Server.processCall(ProtobufRpcEngine.java:466) [hadoop-common-3.3.1.jar:?]
	at org.apache.hadoop.ipc.ProtobufRpcEngine2$Server$ProtoBufRpcInvoker.call(ProtobufRpcEngine2.java:574) [hadoop-common-3.3.1.jar:?]
	at org.apache.hadoop.ipc.ProtobufRpcEngine2$Server$ProtoBufRpcInvoker.call(ProtobufRpcEngine2.java:552) [hadoop-common-3.3.1.jar:?]
	at org.apache.hadoop.ipc.RPC$Server.call(RPC.java:1093) [hadoop-common-3.3.1.jar:?]
	at org.apache.hadoop.ipc.Server$RpcCall.run(Server.java:1035) [hadoop-common-3.3.1.jar:?]
	at org.apache.hadoop.ipc.Server$RpcCall.run(Server.java:963) [hadoop-common-3.3.1.jar:?]
	at java.security.AccessController.doPrivileged(Native Method) ~[?:1.8.0_345]
	at javax.security.auth.Subject.doAs(Subject.java:422) [?:1.8.0_345]
	at org.apache.hadoop.security.UserGroupInformation.doAs(UserGroupInformation.java:1878) [hadoop-common-3.3.1.jar:?]
	at org.apache.hadoop.ipc.Server$Handler.run(Server.java:2966) [hadoop-common-3.3.1.jar:?]
2022-09-28 09:59:04,181 [Time-limited test] WARN  ozone.BasicOzoneFileSystem (BasicOzoneFileSystem.java:getFileStatus(765)) - GetFileStatus failed for path /level0/level1
java.io.FileNotFoundException: level0/level1: No such file or directory!
	at org.apache.hadoop.fs.ozone.BasicOzoneClientAdapterImpl.getFileStatus(BasicOzoneClientAdapterImpl.java:369)
	at org.apache.hadoop.fs.ozone.BasicOzoneFileSystem.getFileStatus(BasicOzoneFileSystem.java:757)
	at org.apache.hadoop.fs.ozone.TestOzoneFileSystem.checkPath(TestOzoneFileSystem.java:504)
	at org.apache.hadoop.fs.ozone.TestOzoneFileSystem.testRecursiveDelete(TestOzoneFileSystem.java:495)
	at sun.reflect.NativeMethodAccessorImpl.invoke0(Native Method)
	at sun.reflect.NativeMethodAccessorImpl.invoke(NativeMethodAccessorImpl.java:62)
	at sun.reflect.DelegatingMethodAccessorImpl.invoke(DelegatingMethodAccessorImpl.java:43)
	at java.lang.reflect.Method.invoke(Method.java:498)
	at org.junit.runners.model.FrameworkMethod$1.runReflectiveCall(FrameworkMethod.java:59)
	at org.junit.internal.runners.model.ReflectiveCallable.run(ReflectiveCallable.java:12)
	at org.junit.runners.model.FrameworkMethod.invokeExplosively(FrameworkMethod.java:56)
	at org.junit.internal.runners.statements.InvokeMethod.evaluate(InvokeMethod.java:17)
	at org.junit.internal.runners.statements.RunAfters.evaluate(RunAfters.java:27)
	at org.junit.internal.runners.statements.FailOnTimeout$CallableStatement.call(FailOnTimeout.java:288)
	at org.junit.internal.runners.statements.FailOnTimeout$CallableStatement.call(FailOnTimeout.java:282)
	at java.util.concurrent.FutureTask.run(FutureTask.java:266)
	at java.lang.Thread.run(Thread.java:750)
09:59:04.181 [IPC Server handler 7 on default port 38925] ERROR OMAudit - user=runner | ip=127.0.0.1 | op=GET_FILE_STATUS {volume=volume75139, bucket=bucket52642, key=level0/level1/level1, dataSize=0, replicationConfig=null} | ret=FAILURE
org.apache.hadoop.ozone.om.exceptions.OMException: Unable to get file status: volume: volume75139 bucket: bucket52642 key: level0/level1/level1
	at org.apache.hadoop.ozone.om.KeyManagerImpl.getOzoneFileStatus(KeyManagerImpl.java:1324) ~[ozone-manager-1.3.0-SNAPSHOT.jar:?]
	at org.apache.hadoop.ozone.om.KeyManagerImpl.getFileStatus(KeyManagerImpl.java:1254) ~[ozone-manager-1.3.0-SNAPSHOT.jar:?]
	at org.apache.hadoop.ozone.om.OzoneManager.getFileStatus(OzoneManager.java:3506) ~[ozone-manager-1.3.0-SNAPSHOT.jar:?]
	at org.apache.hadoop.ozone.protocolPB.OzoneManagerRequestHandler.getOzoneFileStatus(OzoneManagerRequestHandler.java:882) ~[ozone-manager-1.3.0-SNAPSHOT.jar:?]
	at org.apache.hadoop.ozone.protocolPB.OzoneManagerRequestHandler.handleReadRequest(OzoneManagerRequestHandler.java:228) ~[ozone-manager-1.3.0-SNAPSHOT.jar:?]
	at org.apache.hadoop.ozone.protocolPB.OzoneManagerProtocolServerSideTranslatorPB.submitRequestDirectlyToOM(OzoneManagerProtocolServerSideTranslatorPB.java:276) ~[ozone-manager-1.3.0-SNAPSHOT.jar:?]
	at org.apache.hadoop.ozone.protocolPB.OzoneManagerProtocolServerSideTranslatorPB.processRequest(OzoneManagerProtocolServerSideTranslatorPB.java:205) ~[ozone-manager-1.3.0-SNAPSHOT.jar:?]
	at org.apache.hadoop.hdds.server.OzoneProtocolMessageDispatcher.processRequest(OzoneProtocolMessageDispatcher.java:87) [hdds-server-framework-1.3.0-SNAPSHOT.jar:?]
	at org.apache.hadoop.ozone.protocolPB.OzoneManagerProtocolServerSideTranslatorPB.submitRequest(OzoneManagerProtocolServerSideTranslatorPB.java:147) [ozone-manager-1.3.0-SNAPSHOT.jar:?]
	at org.apache.hadoop.ozone.protocol.proto.OzoneManagerProtocolProtos$OzoneManagerService$2.callBlockingMethod(OzoneManagerProtocolProtos.java) [ozone-interface-client-1.3.0-SNAPSHOT.jar:?]
	at org.apache.hadoop.ipc.ProtobufRpcEngine$Server.processCall(ProtobufRpcEngine.java:466) [hadoop-common-3.3.1.jar:?]
	at org.apache.hadoop.ipc.ProtobufRpcEngine2$Server$ProtoBufRpcInvoker.call(ProtobufRpcEngine2.java:574) [hadoop-common-3.3.1.jar:?]
	at org.apache.hadoop.ipc.ProtobufRpcEngine2$Server$ProtoBufRpcInvoker.call(ProtobufRpcEngine2.java:552) [hadoop-common-3.3.1.jar:?]
	at org.apache.hadoop.ipc.RPC$Server.call(RPC.java:1093) [hadoop-common-3.3.1.jar:?]
	at org.apache.hadoop.ipc.Server$RpcCall.run(Server.java:1035) [hadoop-common-3.3.1.jar:?]
	at org.apache.hadoop.ipc.Server$RpcCall.run(Server.java:963) [hadoop-common-3.3.1.jar:?]
	at java.security.AccessController.doPrivileged(Native Method) ~[?:1.8.0_345]
	at javax.security.auth.Subject.doAs(Subject.java:422) [?:1.8.0_345]
	at org.apache.hadoop.security.UserGroupInformation.doAs(UserGroupInformation.java:1878) [hadoop-common-3.3.1.jar:?]
	at org.apache.hadoop.ipc.Server$Handler.run(Server.java:2966) [hadoop-common-3.3.1.jar:?]
2022-09-28 09:59:04,182 [Time-limited test] WARN  ozone.BasicOzoneFileSystem (BasicOzoneFileSystem.java:getFileStatus(765)) - GetFileStatus failed for path /level0/level1/level1
java.io.FileNotFoundException: level0/level1/level1: No such file or directory!
	at org.apache.hadoop.fs.ozone.BasicOzoneClientAdapterImpl.getFileStatus(BasicOzoneClientAdapterImpl.java:369)
	at org.apache.hadoop.fs.ozone.BasicOzoneFileSystem.getFileStatus(BasicOzoneFileSystem.java:757)
	at org.apache.hadoop.fs.ozone.TestOzoneFileSystem.checkPath(TestOzoneFileSystem.java:504)
	at org.apache.hadoop.fs.ozone.TestOzoneFileSystem.testRecursiveDelete(TestOzoneFileSystem.java:496)
	at sun.reflect.NativeMethodAccessorImpl.invoke0(Native Method)
	at sun.reflect.NativeMethodAccessorImpl.invoke(NativeMethodAccessorImpl.java:62)
	at sun.reflect.DelegatingMethodAccessorImpl.invoke(DelegatingMethodAccessorImpl.java:43)
	at java.lang.reflect.Method.invoke(Method.java:498)
	at org.junit.runners.model.FrameworkMethod$1.runReflectiveCall(FrameworkMethod.java:59)
	at org.junit.internal.runners.model.ReflectiveCallable.run(ReflectiveCallable.java:12)
	at org.junit.runners.model.FrameworkMethod.invokeExplosively(FrameworkMethod.java:56)
	at org.junit.internal.runners.statements.InvokeMethod.evaluate(InvokeMethod.java:17)
	at org.junit.internal.runners.statements.RunAfters.evaluate(RunAfters.java:27)
	at org.junit.internal.runners.statements.FailOnTimeout$CallableStatement.call(FailOnTimeout.java:288)
	at org.junit.internal.runners.statements.FailOnTimeout$CallableStatement.call(FailOnTimeout.java:282)
	at java.util.concurrent.FutureTask.run(FutureTask.java:266)
	at java.lang.Thread.run(Thread.java:750)
09:59:04.182 [IPC Server handler 9 on default port 38925] ERROR OMAudit - user=runner | ip=127.0.0.1 | op=GET_FILE_STATUS {volume=volume75139, bucket=bucket52642, key=level0/level1/file1, dataSize=0, replicationConfig=null} | ret=FAILURE
org.apache.hadoop.ozone.om.exceptions.OMException: Unable to get file status: volume: volume75139 bucket: bucket52642 key: level0/level1/file1
	at org.apache.hadoop.ozone.om.KeyManagerImpl.getOzoneFileStatus(KeyManagerImpl.java:1324) ~[ozone-manager-1.3.0-SNAPSHOT.jar:?]
	at org.apache.hadoop.ozone.om.KeyManagerImpl.getFileStatus(KeyManagerImpl.java:1254) ~[ozone-manager-1.3.0-SNAPSHOT.jar:?]
	at org.apache.hadoop.ozone.om.OzoneManager.getFileStatus(OzoneManager.java:3506) ~[ozone-manager-1.3.0-SNAPSHOT.jar:?]
	at org.apache.hadoop.ozone.protocolPB.OzoneManagerRequestHandler.getOzoneFileStatus(OzoneManagerRequestHandler.java:882) ~[ozone-manager-1.3.0-SNAPSHOT.jar:?]
	at org.apache.hadoop.ozone.protocolPB.OzoneManagerRequestHandler.handleReadRequest(OzoneManagerRequestHandler.java:228) ~[ozone-manager-1.3.0-SNAPSHOT.jar:?]
	at org.apache.hadoop.ozone.protocolPB.OzoneManagerProtocolServerSideTranslatorPB.submitRequestDirectlyToOM(OzoneManagerProtocolServerSideTranslatorPB.java:276) ~[ozone-manager-1.3.0-SNAPSHOT.jar:?]
	at org.apache.hadoop.ozone.protocolPB.OzoneManagerProtocolServerSideTranslatorPB.processRequest(OzoneManagerProtocolServerSideTranslatorPB.java:205) ~[ozone-manager-1.3.0-SNAPSHOT.jar:?]
	at org.apache.hadoop.hdds.server.OzoneProtocolMessageDispatcher.processRequest(OzoneProtocolMessageDispatcher.java:87) [hdds-server-framework-1.3.0-SNAPSHOT.jar:?]
	at org.apache.hadoop.ozone.protocolPB.OzoneManagerProtocolServerSideTranslatorPB.submitRequest(OzoneManagerProtocolServerSideTranslatorPB.java:147) [ozone-manager-1.3.0-SNAPSHOT.jar:?]
	at org.apache.hadoop.ozone.protocol.proto.OzoneManagerProtocolProtos$OzoneManagerService$2.callBlockingMethod(OzoneManagerProtocolProtos.java) [ozone-interface-client-1.3.0-SNAPSHOT.jar:?]
	at org.apache.hadoop.ipc.ProtobufRpcEngine$Server.processCall(ProtobufRpcEngine.java:466) [hadoop-common-3.3.1.jar:?]
	at org.apache.hadoop.ipc.ProtobufRpcEngine2$Server$ProtoBufRpcInvoker.call(ProtobufRpcEngine2.java:574) [hadoop-common-3.3.1.jar:?]
	at org.apache.hadoop.ipc.ProtobufRpcEngine2$Server$ProtoBufRpcInvoker.call(ProtobufRpcEngine2.java:552) [hadoop-common-3.3.1.jar:?]
	at org.apache.hadoop.ipc.RPC$Server.call(RPC.java:1093) [hadoop-common-3.3.1.jar:?]
	at org.apache.hadoop.ipc.Server$RpcCall.run(Server.java:1035) [hadoop-common-3.3.1.jar:?]
	at org.apache.hadoop.ipc.Server$RpcCall.run(Server.java:963) [hadoop-common-3.3.1.jar:?]
	at java.security.AccessController.doPrivileged(Native Method) ~[?:1.8.0_345]
	at javax.security.auth.Subject.doAs(Subject.java:422) [?:1.8.0_345]
	at org.apache.hadoop.security.UserGroupInformation.doAs(UserGroupInformation.java:1878) [hadoop-common-3.3.1.jar:?]
	at org.apache.hadoop.ipc.Server$Handler.run(Server.java:2966) [hadoop-common-3.3.1.jar:?]
2022-09-28 09:59:04,182 [Time-limited test] WARN  ozone.BasicOzoneFileSystem (BasicOzoneFileSystem.java:getFileStatus(765)) - GetFileStatus failed for path /level0/level1/file1
java.io.FileNotFoundException: level0/level1/file1: No such file or directory!
	at org.apache.hadoop.fs.ozone.BasicOzoneClientAdapterImpl.getFileStatus(BasicOzoneClientAdapterImpl.java:369)
	at org.apache.hadoop.fs.ozone.BasicOzoneFileSystem.getFileStatus(BasicOzoneFileSystem.java:757)
	at org.apache.hadoop.fs.ozone.TestOzoneFileSystem.checkPath(TestOzoneFileSystem.java:504)
	at org.apache.hadoop.fs.ozone.TestOzoneFileSystem.testRecursiveDelete(TestOzoneFileSystem.java:497)
	at sun.reflect.NativeMethodAccessorImpl.invoke0(Native Method)
	at sun.reflect.NativeMethodAccessorImpl.invoke(NativeMethodAccessorImpl.java:62)
	at sun.reflect.DelegatingMethodAccessorImpl.invoke(DelegatingMethodAccessorImpl.java:43)
	at java.lang.reflect.Method.invoke(Method.java:498)
	at org.junit.runners.model.FrameworkMethod$1.runReflectiveCall(FrameworkMethod.java:59)
	at org.junit.internal.runners.model.ReflectiveCallable.run(ReflectiveCallable.java:12)
	at org.junit.runners.model.FrameworkMethod.invokeExplosively(FrameworkMethod.java:56)
	at org.junit.internal.runners.statements.InvokeMethod.evaluate(InvokeMethod.java:17)
	at org.junit.internal.runners.statements.RunAfters.evaluate(RunAfters.java:27)
	at org.junit.internal.runners.statements.FailOnTimeout$CallableStatement.call(FailOnTimeout.java:288)
	at org.junit.internal.runners.statements.FailOnTimeout$CallableStatement.call(FailOnTimeout.java:282)
	at java.util.concurrent.FutureTask.run(FutureTask.java:266)
	at java.lang.Thread.run(Thread.java:750)
09:59:04.183 [IPC Server handler 6 on default port 38925] ERROR OMAudit - user=runner | ip=127.0.0.1 | op=GET_FILE_STATUS {volume=volume75139, bucket=bucket52642, key=level0/level1/level1/file1, dataSize=0, replicationConfig=null} | ret=FAILURE
org.apache.hadoop.ozone.om.exceptions.OMException: Unable to get file status: volume: volume75139 bucket: bucket52642 key: level0/level1/level1/file1
	at org.apache.hadoop.ozone.om.KeyManagerImpl.getOzoneFileStatus(KeyManagerImpl.java:1324) ~[ozone-manager-1.3.0-SNAPSHOT.jar:?]
	at org.apache.hadoop.ozone.om.KeyManagerImpl.getFileStatus(KeyManagerImpl.java:1254) ~[ozone-manager-1.3.0-SNAPSHOT.jar:?]
	at org.apache.hadoop.ozone.om.OzoneManager.getFileStatus(OzoneManager.java:3506) ~[ozone-manager-1.3.0-SNAPSHOT.jar:?]
	at org.apache.hadoop.ozone.protocolPB.OzoneManagerRequestHandler.getOzoneFileStatus(OzoneManagerRequestHandler.java:882) ~[ozone-manager-1.3.0-SNAPSHOT.jar:?]
	at org.apache.hadoop.ozone.protocolPB.OzoneManagerRequestHandler.handleReadRequest(OzoneManagerRequestHandler.java:228) ~[ozone-manager-1.3.0-SNAPSHOT.jar:?]
	at org.apache.hadoop.ozone.protocolPB.OzoneManagerProtocolServerSideTranslatorPB.submitRequestDirectlyToOM(OzoneManagerProtocolServerSideTranslatorPB.java:276) ~[ozone-manager-1.3.0-SNAPSHOT.jar:?]
	at org.apache.hadoop.ozone.protocolPB.OzoneManagerProtocolServerSideTranslatorPB.processRequest(OzoneManagerProtocolServerSideTranslatorPB.java:205) ~[ozone-manager-1.3.0-SNAPSHOT.jar:?]
	at org.apache.hadoop.hdds.server.OzoneProtocolMessageDispatcher.processRequest(OzoneProtocolMessageDispatcher.java:87) [hdds-server-framework-1.3.0-SNAPSHOT.jar:?]
	at org.apache.hadoop.ozone.protocolPB.OzoneManagerProtocolServerSideTranslatorPB.submitRequest(OzoneManagerProtocolServerSideTranslatorPB.java:147) [ozone-manager-1.3.0-SNAPSHOT.jar:?]
	at org.apache.hadoop.ozone.protocol.proto.OzoneManagerProtocolProtos$OzoneManagerService$2.callBlockingMethod(OzoneManagerProtocolProtos.java) [ozone-interface-client-1.3.0-SNAPSHOT.jar:?]
	at org.apache.hadoop.ipc.ProtobufRpcEngine$Server.processCall(ProtobufRpcEngine.java:466) [hadoop-common-3.3.1.jar:?]
	at org.apache.hadoop.ipc.ProtobufRpcEngine2$Server$ProtoBufRpcInvoker.call(ProtobufRpcEngine2.java:574) [hadoop-common-3.3.1.jar:?]
	at org.apache.hadoop.ipc.ProtobufRpcEngine2$Server$ProtoBufRpcInvoker.call(ProtobufRpcEngine2.java:552) [hadoop-common-3.3.1.jar:?]
	at org.apache.hadoop.ipc.RPC$Server.call(RPC.java:1093) [hadoop-common-3.3.1.jar:?]
	at org.apache.hadoop.ipc.Server$RpcCall.run(Server.java:1035) [hadoop-common-3.3.1.jar:?]
	at org.apache.hadoop.ipc.Server$RpcCall.run(Server.java:963) [hadoop-common-3.3.1.jar:?]
	at java.security.AccessController.doPrivileged(Native Method) ~[?:1.8.0_345]
	at javax.security.auth.Subject.doAs(Subject.java:422) [?:1.8.0_345]
	at org.apache.hadoop.security.UserGroupInformation.doAs(UserGroupInformation.java:1878) [hadoop-common-3.3.1.jar:?]
	at org.apache.hadoop.ipc.Server$Handler.run(Server.java:2966) [hadoop-common-3.3.1.jar:?]
2022-09-28 09:59:04,183 [Time-limited test] WARN  ozone.BasicOzoneFileSystem (BasicOzoneFileSystem.java:getFileStatus(765)) - GetFileStatus failed for path /level0/level1/level1/file1
java.io.FileNotFoundException: level0/level1/level1/file1: No such file or directory!
	at org.apache.hadoop.fs.ozone.BasicOzoneClientAdapterImpl.getFileStatus(BasicOzoneClientAdapterImpl.java:369)
	at org.apache.hadoop.fs.ozone.BasicOzoneFileSystem.getFileStatus(BasicOzoneFileSystem.java:757)
	at org.apache.hadoop.fs.ozone.TestOzoneFileSystem.checkPath(TestOzoneFileSystem.java:504)
	at org.apache.hadoop.fs.ozone.TestOzoneFileSystem.testRecursiveDelete(TestOzoneFileSystem.java:498)
	at sun.reflect.NativeMethodAccessorImpl.invoke0(Native Method)
	at sun.reflect.NativeMethodAccessorImpl.invoke(NativeMethodAccessorImpl.java:62)
	at sun.reflect.DelegatingMethodAccessorImpl.invoke(DelegatingMethodAccessorImpl.java:43)
	at java.lang.reflect.Method.invoke(Method.java:498)
	at org.junit.runners.model.FrameworkMethod$1.runReflectiveCall(FrameworkMethod.java:59)
	at org.junit.internal.runners.model.ReflectiveCallable.run(ReflectiveCallable.java:12)
	at org.junit.runners.model.FrameworkMethod.invokeExplosively(FrameworkMethod.java:56)
	at org.junit.internal.runners.statements.InvokeMethod.evaluate(InvokeMethod.java:17)
	at org.junit.internal.runners.statements.RunAfters.evaluate(RunAfters.java:27)
	at org.junit.internal.runners.statements.FailOnTimeout$CallableStatement.call(FailOnTimeout.java:288)
	at org.junit.internal.runners.statements.FailOnTimeout$CallableStatement.call(FailOnTimeout.java:282)
	at java.util.concurrent.FutureTask.run(FutureTask.java:266)
	at java.lang.Thread.run(Thread.java:750)
09:59:04.183 [IPC Server handler 14 on default port 38925] ERROR OMAudit - user=runner | ip=127.0.0.1 | op=GET_FILE_STATUS {volume=volume75139, bucket=bucket52642, key=level0/level2, dataSize=0, replicationConfig=null} | ret=FAILURE
org.apache.hadoop.ozone.om.exceptions.OMException: Unable to get file status: volume: volume75139 bucket: bucket52642 key: level0/level2
	at org.apache.hadoop.ozone.om.KeyManagerImpl.getOzoneFileStatus(KeyManagerImpl.java:1324) ~[ozone-manager-1.3.0-SNAPSHOT.jar:?]
	at org.apache.hadoop.ozone.om.KeyManagerImpl.getFileStatus(KeyManagerImpl.java:1254) ~[ozone-manager-1.3.0-SNAPSHOT.jar:?]
	at org.apache.hadoop.ozone.om.OzoneManager.getFileStatus(OzoneManager.java:3506) ~[ozone-manager-1.3.0-SNAPSHOT.jar:?]
	at org.apache.hadoop.ozone.protocolPB.OzoneManagerRequestHandler.getOzoneFileStatus(OzoneManagerRequestHandler.java:882) ~[ozone-manager-1.3.0-SNAPSHOT.jar:?]
	at org.apache.hadoop.ozone.protocolPB.OzoneManagerRequestHandler.handleReadRequest(OzoneManagerRequestHandler.java:228) ~[ozone-manager-1.3.0-SNAPSHOT.jar:?]
	at org.apache.hadoop.ozone.protocolPB.OzoneManagerProtocolServerSideTranslatorPB.submitRequestDirectlyToOM(OzoneManagerProtocolServerSideTranslatorPB.java:276) ~[ozone-manager-1.3.0-SNAPSHOT.jar:?]
	at org.apache.hadoop.ozone.protocolPB.OzoneManagerProtocolServerSideTranslatorPB.processRequest(OzoneManagerProtocolServerSideTranslatorPB.java:205) ~[ozone-manager-1.3.0-SNAPSHOT.jar:?]
	at org.apache.hadoop.hdds.server.OzoneProtocolMessageDispatcher.processRequest(OzoneProtocolMessageDispatcher.java:87) [hdds-server-framework-1.3.0-SNAPSHOT.jar:?]
	at org.apache.hadoop.ozone.protocolPB.OzoneManagerProtocolServerSideTranslatorPB.submitRequest(OzoneManagerProtocolServerSideTranslatorPB.java:147) [ozone-manager-1.3.0-SNAPSHOT.jar:?]
	at org.apache.hadoop.ozone.protocol.proto.OzoneManagerProtocolProtos$OzoneManagerService$2.callBlockingMethod(OzoneManagerProtocolProtos.java) [ozone-interface-client-1.3.0-SNAPSHOT.jar:?]
	at org.apache.hadoop.ipc.ProtobufRpcEngine$Server.processCall(ProtobufRpcEngine.java:466) [hadoop-common-3.3.1.jar:?]
	at org.apache.hadoop.ipc.ProtobufRpcEngine2$Server$ProtoBufRpcInvoker.call(ProtobufRpcEngine2.java:574) [hadoop-common-3.3.1.jar:?]
	at org.apache.hadoop.ipc.ProtobufRpcEngine2$Server$ProtoBufRpcInvoker.call(ProtobufRpcEngine2.java:552) [hadoop-common-3.3.1.jar:?]
	at org.apache.hadoop.ipc.RPC$Server.call(RPC.java:1093) [hadoop-common-3.3.1.jar:?]
	at org.apache.hadoop.ipc.Server$RpcCall.run(Server.java:1035) [hadoop-common-3.3.1.jar:?]
	at org.apache.hadoop.ipc.Server$RpcCall.run(Server.java:963) [hadoop-common-3.3.1.jar:?]
	at java.security.AccessController.doPrivileged(Native Method) ~[?:1.8.0_345]
	at javax.security.auth.Subject.doAs(Subject.java:422) [?:1.8.0_345]
	at org.apache.hadoop.security.UserGroupInformation.doAs(UserGroupInformation.java:1878) [hadoop-common-3.3.1.jar:?]
	at org.apache.hadoop.ipc.Server$Handler.run(Server.java:2966) [hadoop-common-3.3.1.jar:?]
2022-09-28 09:59:04,183 [Time-limited test] WARN  ozone.BasicOzoneFileSystem (BasicOzoneFileSystem.java:getFileStatus(765)) - GetFileStatus failed for path /level0/level2
java.io.FileNotFoundException: level0/level2: No such file or directory!
	at org.apache.hadoop.fs.ozone.BasicOzoneClientAdapterImpl.getFileStatus(BasicOzoneClientAdapterImpl.java:369)
	at org.apache.hadoop.fs.ozone.BasicOzoneFileSystem.getFileStatus(BasicOzoneFileSystem.java:757)
	at org.apache.hadoop.fs.ozone.TestOzoneFileSystem.checkPath(TestOzoneFileSystem.java:504)
	at org.apache.hadoop.fs.ozone.TestOzoneFileSystem.testRecursiveDelete(TestOzoneFileSystem.java:495)
	at sun.reflect.NativeMethodAccessorImpl.invoke0(Native Method)
	at sun.reflect.NativeMethodAccessorImpl.invoke(NativeMethodAccessorImpl.java:62)
	at sun.reflect.DelegatingMethodAccessorImpl.invoke(DelegatingMethodAccessorImpl.java:43)
	at java.lang.reflect.Method.invoke(Method.java:498)
	at org.junit.runners.model.FrameworkMethod$1.runReflectiveCall(FrameworkMethod.java:59)
	at org.junit.internal.runners.model.ReflectiveCallable.run(ReflectiveCallable.java:12)
	at org.junit.runners.model.FrameworkMethod.invokeExplosively(FrameworkMethod.java:56)
	at org.junit.internal.runners.statements.InvokeMethod.evaluate(InvokeMethod.java:17)
	at org.junit.internal.runners.statements.RunAfters.evaluate(RunAfters.java:27)
	at org.junit.internal.runners.statements.FailOnTimeout$CallableStatement.call(FailOnTimeout.java:288)
	at org.junit.internal.runners.statements.FailOnTimeout$CallableStatement.call(FailOnTimeout.java:282)
	at java.util.concurrent.FutureTask.run(FutureTask.java:266)
	at java.lang.Thread.run(Thread.java:750)
09:59:04.185 [IPC Server handler 5 on default port 38925] ERROR OMAudit - user=runner | ip=127.0.0.1 | op=GET_FILE_STATUS {volume=volume75139, bucket=bucket52642, key=level0/level2/level2, dataSize=0, replicationConfig=null} | ret=FAILURE
org.apache.hadoop.ozone.om.exceptions.OMException: Unable to get file status: volume: volume75139 bucket: bucket52642 key: level0/level2/level2
	at org.apache.hadoop.ozone.om.KeyManagerImpl.getOzoneFileStatus(KeyManagerImpl.java:1324) ~[ozone-manager-1.3.0-SNAPSHOT.jar:?]
	at org.apache.hadoop.ozone.om.KeyManagerImpl.getFileStatus(KeyManagerImpl.java:1254) ~[ozone-manager-1.3.0-SNAPSHOT.jar:?]
	at org.apache.hadoop.ozone.om.OzoneManager.getFileStatus(OzoneManager.java:3506) ~[ozone-manager-1.3.0-SNAPSHOT.jar:?]
	at org.apache.hadoop.ozone.protocolPB.OzoneManagerRequestHandler.getOzoneFileStatus(OzoneManagerRequestHandler.java:882) ~[ozone-manager-1.3.0-SNAPSHOT.jar:?]
	at org.apache.hadoop.ozone.protocolPB.OzoneManagerRequestHandler.handleReadRequest(OzoneManagerRequestHandler.java:228) ~[ozone-manager-1.3.0-SNAPSHOT.jar:?]
	at org.apache.hadoop.ozone.protocolPB.OzoneManagerProtocolServerSideTranslatorPB.submitRequestDirectlyToOM(OzoneManagerProtocolServerSideTranslatorPB.java:276) ~[ozone-manager-1.3.0-SNAPSHOT.jar:?]
	at org.apache.hadoop.ozone.protocolPB.OzoneManagerProtocolServerSideTranslatorPB.processRequest(OzoneManagerProtocolServerSideTranslatorPB.java:205) ~[ozone-manager-1.3.0-SNAPSHOT.jar:?]
	at org.apache.hadoop.hdds.server.OzoneProtocolMessageDispatcher.processRequest(OzoneProtocolMessageDispatcher.java:87) [hdds-server-framework-1.3.0-SNAPSHOT.jar:?]
	at org.apache.hadoop.ozone.protocolPB.OzoneManagerProtocolServerSideTranslatorPB.submitRequest(OzoneManagerProtocolServerSideTranslatorPB.java:147) [ozone-manager-1.3.0-SNAPSHOT.jar:?]
	at org.apache.hadoop.ozone.protocol.proto.OzoneManagerProtocolProtos$OzoneManagerService$2.callBlockingMethod(OzoneManagerProtocolProtos.java) [ozone-interface-client-1.3.0-SNAPSHOT.jar:?]
	at org.apache.hadoop.ipc.ProtobufRpcEngine$Server.processCall(ProtobufRpcEngine.java:466) [hadoop-common-3.3.1.jar:?]
	at org.apache.hadoop.ipc.ProtobufRpcEngine2$Server$ProtoBufRpcInvoker.call(ProtobufRpcEngine2.java:574) [hadoop-common-3.3.1.jar:?]
	at org.apache.hadoop.ipc.ProtobufRpcEngine2$Server$ProtoBufRpcInvoker.call(ProtobufRpcEngine2.java:552) [hadoop-common-3.3.1.jar:?]
	at org.apache.hadoop.ipc.RPC$Server.call(RPC.java:1093) [hadoop-common-3.3.1.jar:?]
	at org.apache.hadoop.ipc.Server$RpcCall.run(Server.java:1035) [hadoop-common-3.3.1.jar:?]
	at org.apache.hadoop.ipc.Server$RpcCall.run(Server.java:963) [hadoop-common-3.3.1.jar:?]
	at java.security.AccessController.doPrivileged(Native Method) ~[?:1.8.0_345]
	at javax.security.auth.Subject.doAs(Subject.java:422) [?:1.8.0_345]
	at org.apache.hadoop.security.UserGroupInformation.doAs(UserGroupInformation.java:1878) [hadoop-common-3.3.1.jar:?]
	at org.apache.hadoop.ipc.Server$Handler.run(Server.java:2966) [hadoop-common-3.3.1.jar:?]
2022-09-28 09:59:04,185 [Time-limited test] WARN  ozone.BasicOzoneFileSystem (BasicOzoneFileSystem.java:getFileStatus(765)) - GetFileStatus failed for path /level0/level2/level2
java.io.FileNotFoundException: level0/level2/level2: No such file or directory!
	at org.apache.hadoop.fs.ozone.BasicOzoneClientAdapterImpl.getFileStatus(BasicOzoneClientAdapterImpl.java:369)
	at org.apache.hadoop.fs.ozone.BasicOzoneFileSystem.getFileStatus(BasicOzoneFileSystem.java:757)
	at org.apache.hadoop.fs.ozone.TestOzoneFileSystem.checkPath(TestOzoneFileSystem.java:504)
	at org.apache.hadoop.fs.ozone.TestOzoneFileSystem.testRecursiveDelete(TestOzoneFileSystem.java:496)
	at sun.reflect.NativeMethodAccessorImpl.invoke0(Native Method)
	at sun.reflect.NativeMethodAccessorImpl.invoke(NativeMethodAccessorImpl.java:62)
	at sun.reflect.DelegatingMethodAccessorImpl.invoke(DelegatingMethodAccessorImpl.java:43)
	at java.lang.reflect.Method.invoke(Method.java:498)
	at org.junit.runners.model.FrameworkMethod$1.runReflectiveCall(FrameworkMethod.java:59)
	at org.junit.internal.runners.model.ReflectiveCallable.run(ReflectiveCallable.java:12)
	at org.junit.runners.model.FrameworkMethod.invokeExplosively(FrameworkMethod.java:56)
	at org.junit.internal.runners.statements.InvokeMethod.evaluate(InvokeMethod.java:17)
	at org.junit.internal.runners.statements.RunAfters.evaluate(RunAfters.java:27)
	at org.junit.internal.runners.statements.FailOnTimeout$CallableStatement.call(FailOnTimeout.java:288)
	at org.junit.internal.runners.statements.FailOnTimeout$CallableStatement.call(FailOnTimeout.java:282)
	at java.util.concurrent.FutureTask.run(FutureTask.java:266)
	at java.lang.Thread.run(Thread.java:750)
09:59:04.185 [IPC Server handler 12 on default port 38925] ERROR OMAudit - user=runner | ip=127.0.0.1 | op=GET_FILE_STATUS {volume=volume75139, bucket=bucket52642, key=level0/level2/file1, dataSize=0, replicationConfig=null} | ret=FAILURE
org.apache.hadoop.ozone.om.exceptions.OMException: Unable to get file status: volume: volume75139 bucket: bucket52642 key: level0/level2/file1
	at org.apache.hadoop.ozone.om.KeyManagerImpl.getOzoneFileStatus(KeyManagerImpl.java:1324) ~[ozone-manager-1.3.0-SNAPSHOT.jar:?]
	at org.apache.hadoop.ozone.om.KeyManagerImpl.getFileStatus(KeyManagerImpl.java:1254) ~[ozone-manager-1.3.0-SNAPSHOT.jar:?]
	at org.apache.hadoop.ozone.om.OzoneManager.getFileStatus(OzoneManager.java:3506) ~[ozone-manager-1.3.0-SNAPSHOT.jar:?]
	at org.apache.hadoop.ozone.protocolPB.OzoneManagerRequestHandler.getOzoneFileStatus(OzoneManagerRequestHandler.java:882) ~[ozone-manager-1.3.0-SNAPSHOT.jar:?]
	at org.apache.hadoop.ozone.protocolPB.OzoneManagerRequestHandler.handleReadRequest(OzoneManagerRequestHandler.java:228) ~[ozone-manager-1.3.0-SNAPSHOT.jar:?]
	at org.apache.hadoop.ozone.protocolPB.OzoneManagerProtocolServerSideTranslatorPB.submitRequestDirectlyToOM(OzoneManagerProtocolServerSideTranslatorPB.java:276) ~[ozone-manager-1.3.0-SNAPSHOT.jar:?]
	at org.apache.hadoop.ozone.protocolPB.OzoneManagerProtocolServerSideTranslatorPB.processRequest(OzoneManagerProtocolServerSideTranslatorPB.java:205) ~[ozone-manager-1.3.0-SNAPSHOT.jar:?]
	at org.apache.hadoop.hdds.server.OzoneProtocolMessageDispatcher.processRequest(OzoneProtocolMessageDispatcher.java:87) [hdds-server-framework-1.3.0-SNAPSHOT.jar:?]
	at org.apache.hadoop.ozone.protocolPB.OzoneManagerProtocolServerSideTranslatorPB.submitRequest(OzoneManagerProtocolServerSideTranslatorPB.java:147) [ozone-manager-1.3.0-SNAPSHOT.jar:?]
	at org.apache.hadoop.ozone.protocol.proto.OzoneManagerProtocolProtos$OzoneManagerService$2.callBlockingMethod(OzoneManagerProtocolProtos.java) [ozone-interface-client-1.3.0-SNAPSHOT.jar:?]
	at org.apache.hadoop.ipc.ProtobufRpcEngine$Server.processCall(ProtobufRpcEngine.java:466) [hadoop-common-3.3.1.jar:?]
	at org.apache.hadoop.ipc.ProtobufRpcEngine2$Server$ProtoBufRpcInvoker.call(ProtobufRpcEngine2.java:574) [hadoop-common-3.3.1.jar:?]
	at org.apache.hadoop.ipc.ProtobufRpcEngine2$Server$ProtoBufRpcInvoker.call(ProtobufRpcEngine2.java:552) [hadoop-common-3.3.1.jar:?]
	at org.apache.hadoop.ipc.RPC$Server.call(RPC.java:1093) [hadoop-common-3.3.1.jar:?]
	at org.apache.hadoop.ipc.Server$RpcCall.run(Server.java:1035) [hadoop-common-3.3.1.jar:?]
	at org.apache.hadoop.ipc.Server$RpcCall.run(Server.java:963) [hadoop-common-3.3.1.jar:?]
	at java.security.AccessController.doPrivileged(Native Method) ~[?:1.8.0_345]
	at javax.security.auth.Subject.doAs(Subject.java:422) [?:1.8.0_345]
	at org.apache.hadoop.security.UserGroupInformation.doAs(UserGroupInformation.java:1878) [hadoop-common-3.3.1.jar:?]
	at org.apache.hadoop.ipc.Server$Handler.run(Server.java:2966) [hadoop-common-3.3.1.jar:?]
2022-09-28 09:59:04,186 [Time-limited test] WARN  ozone.BasicOzoneFileSystem (BasicOzoneFileSystem.java:getFileStatus(765)) - GetFileStatus failed for path /level0/level2/file1
java.io.FileNotFoundException: level0/level2/file1: No such file or directory!
	at org.apache.hadoop.fs.ozone.BasicOzoneClientAdapterImpl.getFileStatus(BasicOzoneClientAdapterImpl.java:369)
	at org.apache.hadoop.fs.ozone.BasicOzoneFileSystem.getFileStatus(BasicOzoneFileSystem.java:757)
	at org.apache.hadoop.fs.ozone.TestOzoneFileSystem.checkPath(TestOzoneFileSystem.java:504)
	at org.apache.hadoop.fs.ozone.TestOzoneFileSystem.testRecursiveDelete(TestOzoneFileSystem.java:497)
	at sun.reflect.NativeMethodAccessorImpl.invoke0(Native Method)
	at sun.reflect.NativeMethodAccessorImpl.invoke(NativeMethodAccessorImpl.java:62)
	at sun.reflect.DelegatingMethodAccessorImpl.invoke(DelegatingMethodAccessorImpl.java:43)
	at java.lang.reflect.Method.invoke(Method.java:498)
	at org.junit.runners.model.FrameworkMethod$1.runReflectiveCall(FrameworkMethod.java:59)
	at org.junit.internal.runners.model.ReflectiveCallable.run(ReflectiveCallable.java:12)
	at org.junit.runners.model.FrameworkMethod.invokeExplosively(FrameworkMethod.java:56)
	at org.junit.internal.runners.statements.InvokeMethod.evaluate(InvokeMethod.java:17)
	at org.junit.internal.runners.statements.RunAfters.evaluate(RunAfters.java:27)
	at org.junit.internal.runners.statements.FailOnTimeout$CallableStatement.call(FailOnTimeout.java:288)
	at org.junit.internal.runners.statements.FailOnTimeout$CallableStatement.call(FailOnTimeout.java:282)
	at java.util.concurrent.FutureTask.run(FutureTask.java:266)
	at java.lang.Thread.run(Thread.java:750)
09:59:04.208 [IPC Server handler 11 on default port 38925] ERROR OMAudit - user=runner | ip=127.0.0.1 | op=GET_FILE_STATUS {volume=volume75139, bucket=bucket52642, key=level0/level2/level2/file1, dataSize=0, replicationConfig=null} | ret=FAILURE
org.apache.hadoop.ozone.om.exceptions.OMException: Unable to get file status: volume: volume75139 bucket: bucket52642 key: level0/level2/level2/file1
	at org.apache.hadoop.ozone.om.KeyManagerImpl.getOzoneFileStatus(KeyManagerImpl.java:1324) ~[ozone-manager-1.3.0-SNAPSHOT.jar:?]
	at org.apache.hadoop.ozone.om.KeyManagerImpl.getFileStatus(KeyManagerImpl.java:1254) ~[ozone-manager-1.3.0-SNAPSHOT.jar:?]
	at org.apache.hadoop.ozone.om.OzoneManager.getFileStatus(OzoneManager.java:3506) ~[ozone-manager-1.3.0-SNAPSHOT.jar:?]
	at org.apache.hadoop.ozone.protocolPB.OzoneManagerRequestHandler.getOzoneFileStatus(OzoneManagerRequestHandler.java:882) ~[ozone-manager-1.3.0-SNAPSHOT.jar:?]
	at org.apache.hadoop.ozone.protocolPB.OzoneManagerRequestHandler.handleReadRequest(OzoneManagerRequestHandler.java:228) ~[ozone-manager-1.3.0-SNAPSHOT.jar:?]
	at org.apache.hadoop.ozone.protocolPB.OzoneManagerProtocolServerSideTranslatorPB.submitRequestDirectlyToOM(OzoneManagerProtocolServerSideTranslatorPB.java:276) ~[ozone-manager-1.3.0-SNAPSHOT.jar:?]
	at org.apache.hadoop.ozone.protocolPB.OzoneManagerProtocolServerSideTranslatorPB.processRequest(OzoneManagerProtocolServerSideTranslatorPB.java:205) ~[ozone-manager-1.3.0-SNAPSHOT.jar:?]
	at org.apache.hadoop.hdds.server.OzoneProtocolMessageDispatcher.processRequest(OzoneProtocolMessageDispatcher.java:87) [hdds-server-framework-1.3.0-SNAPSHOT.jar:?]
	at org.apache.hadoop.ozone.protocolPB.OzoneManagerProtocolServerSideTranslatorPB.submitRequest(OzoneManagerProtocolServerSideTranslatorPB.java:147) [ozone-manager-1.3.0-SNAPSHOT.jar:?]
	at org.apache.hadoop.ozone.protocol.proto.OzoneManagerProtocolProtos$OzoneManagerService$2.callBlockingMethod(OzoneManagerProtocolProtos.java) [ozone-interface-client-1.3.0-SNAPSHOT.jar:?]
	at org.apache.hadoop.ipc.ProtobufRpcEngine$Server.processCall(ProtobufRpcEngine.java:466) [hadoop-common-3.3.1.jar:?]
	at org.apache.hadoop.ipc.ProtobufRpcEngine2$Server$ProtoBufRpcInvoker.call(ProtobufRpcEngine2.java:574) [hadoop-common-3.3.1.jar:?]
	at org.apache.hadoop.ipc.ProtobufRpcEngine2$Server$ProtoBufRpcInvoker.call(ProtobufRpcEngine2.java:552) [hadoop-common-3.3.1.jar:?]
	at org.apache.hadoop.ipc.RPC$Server.call(RPC.java:1093) [hadoop-common-3.3.1.jar:?]
	at org.apache.hadoop.ipc.Server$RpcCall.run(Server.java:1035) [hadoop-common-3.3.1.jar:?]
	at org.apache.hadoop.ipc.Server$RpcCall.run(Server.java:963) [hadoop-common-3.3.1.jar:?]
	at java.security.AccessController.doPrivileged(Native Method) ~[?:1.8.0_345]
	at javax.security.auth.Subject.doAs(Subject.java:422) [?:1.8.0_345]
	at org.apache.hadoop.security.UserGroupInformation.doAs(UserGroupInformation.java:1878) [hadoop-common-3.3.1.jar:?]
	at org.apache.hadoop.ipc.Server$Handler.run(Server.java:2966) [hadoop-common-3.3.1.jar:?]
2022-09-28 09:59:04,209 [Time-limited test] WARN  ozone.BasicOzoneFileSystem (BasicOzoneFileSystem.java:getFileStatus(765)) - GetFileStatus failed for path /level0/level2/level2/file1
java.io.FileNotFoundException: level0/level2/level2/file1: No such file or directory!
	at org.apache.hadoop.fs.ozone.BasicOzoneClientAdapterImpl.getFileStatus(BasicOzoneClientAdapterImpl.java:369)
	at org.apache.hadoop.fs.ozone.BasicOzoneFileSystem.getFileStatus(BasicOzoneFileSystem.java:757)
	at org.apache.hadoop.fs.ozone.TestOzoneFileSystem.checkPath(TestOzoneFileSystem.java:504)
	at org.apache.hadoop.fs.ozone.TestOzoneFileSystem.testRecursiveDelete(TestOzoneFileSystem.java:498)
	at sun.reflect.NativeMethodAccessorImpl.invoke0(Native Method)
	at sun.reflect.NativeMethodAccessorImpl.invoke(NativeMethodAccessorImpl.java:62)
	at sun.reflect.DelegatingMethodAccessorImpl.invoke(DelegatingMethodAccessorImpl.java:43)
	at java.lang.reflect.Method.invoke(Method.java:498)
	at org.junit.runners.model.FrameworkMethod$1.runReflectiveCall(FrameworkMethod.java:59)
	at org.junit.internal.runners.model.ReflectiveCallable.run(ReflectiveCallable.java:12)
	at org.junit.runners.model.FrameworkMethod.invokeExplosively(FrameworkMethod.java:56)
	at org.junit.internal.runners.statements.InvokeMethod.evaluate(InvokeMethod.java:17)
	at org.junit.internal.runners.statements.RunAfters.evaluate(RunAfters.java:27)
	at org.junit.internal.runners.statements.FailOnTimeout$CallableStatement.call(FailOnTimeout.java:288)
	at org.junit.internal.runners.statements.FailOnTimeout$CallableStatement.call(FailOnTimeout.java:282)
	at java.util.concurrent.FutureTask.run(FutureTask.java:266)
	at java.lang.Thread.run(Thread.java:750)
09:59:04.209 [IPC Server handler 15 on default port 38925] ERROR OMAudit - user=runner | ip=127.0.0.1 | op=GET_FILE_STATUS {volume=volume75139, bucket=bucket52642, key=level0/level3, dataSize=0, replicationConfig=null} | ret=FAILURE
org.apache.hadoop.ozone.om.exceptions.OMException: Unable to get file status: volume: volume75139 bucket: bucket52642 key: level0/level3
	at org.apache.hadoop.ozone.om.KeyManagerImpl.getOzoneFileStatus(KeyManagerImpl.java:1324) ~[ozone-manager-1.3.0-SNAPSHOT.jar:?]
	at org.apache.hadoop.ozone.om.KeyManagerImpl.getFileStatus(KeyManagerImpl.java:1254) ~[ozone-manager-1.3.0-SNAPSHOT.jar:?]
	at org.apache.hadoop.ozone.om.OzoneManager.getFileStatus(OzoneManager.java:3506) ~[ozone-manager-1.3.0-SNAPSHOT.jar:?]
	at org.apache.hadoop.ozone.protocolPB.OzoneManagerRequestHandler.getOzoneFileStatus(OzoneManagerRequestHandler.java:882) ~[ozone-manager-1.3.0-SNAPSHOT.jar:?]
	at org.apache.hadoop.ozone.protocolPB.OzoneManagerRequestHandler.handleReadRequest(OzoneManagerRequestHandler.java:228) ~[ozone-manager-1.3.0-SNAPSHOT.jar:?]
	at org.apache.hadoop.ozone.protocolPB.OzoneManagerProtocolServerSideTranslatorPB.submitRequestDirectlyToOM(OzoneManagerProtocolServerSideTranslatorPB.java:276) ~[ozone-manager-1.3.0-SNAPSHOT.jar:?]
	at org.apache.hadoop.ozone.protocolPB.OzoneManagerProtocolServerSideTranslatorPB.processRequest(OzoneManagerProtocolServerSideTranslatorPB.java:205) ~[ozone-manager-1.3.0-SNAPSHOT.jar:?]
	at org.apache.hadoop.hdds.server.OzoneProtocolMessageDispatcher.processRequest(OzoneProtocolMessageDispatcher.java:87) [hdds-server-framework-1.3.0-SNAPSHOT.jar:?]
	at org.apache.hadoop.ozone.protocolPB.OzoneManagerProtocolServerSideTranslatorPB.submitRequest(OzoneManagerProtocolServerSideTranslatorPB.java:147) [ozone-manager-1.3.0-SNAPSHOT.jar:?]
	at org.apache.hadoop.ozone.protocol.proto.OzoneManagerProtocolProtos$OzoneManagerService$2.callBlockingMethod(OzoneManagerProtocolProtos.java) [ozone-interface-client-1.3.0-SNAPSHOT.jar:?]
	at org.apache.hadoop.ipc.ProtobufRpcEngine$Server.processCall(ProtobufRpcEngine.java:466) [hadoop-common-3.3.1.jar:?]
	at org.apache.hadoop.ipc.ProtobufRpcEngine2$Server$ProtoBufRpcInvoker.call(ProtobufRpcEngine2.java:574) [hadoop-common-3.3.1.jar:?]
	at org.apache.hadoop.ipc.ProtobufRpcEngine2$Server$ProtoBufRpcInvoker.call(ProtobufRpcEngine2.java:552) [hadoop-common-3.3.1.jar:?]
	at org.apache.hadoop.ipc.RPC$Server.call(RPC.java:1093) [hadoop-common-3.3.1.jar:?]
	at org.apache.hadoop.ipc.Server$RpcCall.run(Server.java:1035) [hadoop-common-3.3.1.jar:?]
	at org.apache.hadoop.ipc.Server$RpcCall.run(Server.java:963) [hadoop-common-3.3.1.jar:?]
	at java.security.AccessController.doPrivileged(Native Method) ~[?:1.8.0_345]
	at javax.security.auth.Subject.doAs(Subject.java:422) [?:1.8.0_345]
	at org.apache.hadoop.security.UserGroupInformation.doAs(UserGroupInformation.java:1878) [hadoop-common-3.3.1.jar:?]
	at org.apache.hadoop.ipc.Server$Handler.run(Server.java:2966) [hadoop-common-3.3.1.jar:?]
2022-09-28 09:59:04,209 [Time-limited test] WARN  ozone.BasicOzoneFileSystem (BasicOzoneFileSystem.java:getFileStatus(765)) - GetFileStatus failed for path /level0/level3
java.io.FileNotFoundException: level0/level3: No such file or directory!
	at org.apache.hadoop.fs.ozone.BasicOzoneClientAdapterImpl.getFileStatus(BasicOzoneClientAdapterImpl.java:369)
	at org.apache.hadoop.fs.ozone.BasicOzoneFileSystem.getFileStatus(BasicOzoneFileSystem.java:757)
	at org.apache.hadoop.fs.ozone.TestOzoneFileSystem.checkPath(TestOzoneFileSystem.java:504)
	at org.apache.hadoop.fs.ozone.TestOzoneFileSystem.testRecursiveDelete(TestOzoneFileSystem.java:495)
	at sun.reflect.NativeMethodAccessorImpl.invoke0(Native Method)
	at sun.reflect.NativeMethodAccessorImpl.invoke(NativeMethodAccessorImpl.java:62)
	at sun.reflect.DelegatingMethodAccessorImpl.invoke(DelegatingMethodAccessorImpl.java:43)
	at java.lang.reflect.Method.invoke(Method.java:498)
	at org.junit.runners.model.FrameworkMethod$1.runReflectiveCall(FrameworkMethod.java:59)
	at org.junit.internal.runners.model.ReflectiveCallable.run(ReflectiveCallable.java:12)
	at org.junit.runners.model.FrameworkMethod.invokeExplosively(FrameworkMethod.java:56)
	at org.junit.internal.runners.statements.InvokeMethod.evaluate(InvokeMethod.java:17)
	at org.junit.internal.runners.statements.RunAfters.evaluate(RunAfters.java:27)
	at org.junit.internal.runners.statements.FailOnTimeout$CallableStatement.call(FailOnTimeout.java:288)
	at org.junit.internal.runners.statements.FailOnTimeout$CallableStatement.call(FailOnTimeout.java:282)
	at java.util.concurrent.FutureTask.run(FutureTask.java:266)
	at java.lang.Thread.run(Thread.java:750)
09:59:04.210 [IPC Server handler 16 on default port 38925] ERROR OMAudit - user=runner | ip=127.0.0.1 | op=GET_FILE_STATUS {volume=volume75139, bucket=bucket52642, key=level0/level3/level3, dataSize=0, replicationConfig=null} | ret=FAILURE
org.apache.hadoop.ozone.om.exceptions.OMException: Unable to get file status: volume: volume75139 bucket: bucket52642 key: level0/level3/level3
	at org.apache.hadoop.ozone.om.KeyManagerImpl.getOzoneFileStatus(KeyManagerImpl.java:1324) ~[ozone-manager-1.3.0-SNAPSHOT.jar:?]
	at org.apache.hadoop.ozone.om.KeyManagerImpl.getFileStatus(KeyManagerImpl.java:1254) ~[ozone-manager-1.3.0-SNAPSHOT.jar:?]
	at org.apache.hadoop.ozone.om.OzoneManager.getFileStatus(OzoneManager.java:3506) ~[ozone-manager-1.3.0-SNAPSHOT.jar:?]
	at org.apache.hadoop.ozone.protocolPB.OzoneManagerRequestHandler.getOzoneFileStatus(OzoneManagerRequestHandler.java:882) ~[ozone-manager-1.3.0-SNAPSHOT.jar:?]
	at org.apache.hadoop.ozone.protocolPB.OzoneManagerRequestHandler.handleReadRequest(OzoneManagerRequestHandler.java:228) ~[ozone-manager-1.3.0-SNAPSHOT.jar:?]
	at org.apache.hadoop.ozone.protocolPB.OzoneManagerProtocolServerSideTranslatorPB.submitRequestDirectlyToOM(OzoneManagerProtocolServerSideTranslatorPB.java:276) ~[ozone-manager-1.3.0-SNAPSHOT.jar:?]
	at org.apache.hadoop.ozone.protocolPB.OzoneManagerProtocolServerSideTranslatorPB.processRequest(OzoneManagerProtocolServerSideTranslatorPB.java:205) ~[ozone-manager-1.3.0-SNAPSHOT.jar:?]
	at org.apache.hadoop.hdds.server.OzoneProtocolMessageDispatcher.processRequest(OzoneProtocolMessageDispatcher.java:87) [hdds-server-framework-1.3.0-SNAPSHOT.jar:?]
	at org.apache.hadoop.ozone.protocolPB.OzoneManagerProtocolServerSideTranslatorPB.submitRequest(OzoneManagerProtocolServerSideTranslatorPB.java:147) [ozone-manager-1.3.0-SNAPSHOT.jar:?]
	at org.apache.hadoop.ozone.protocol.proto.OzoneManagerProtocolProtos$OzoneManagerService$2.callBlockingMethod(OzoneManagerProtocolProtos.java) [ozone-interface-client-1.3.0-SNAPSHOT.jar:?]
	at org.apache.hadoop.ipc.ProtobufRpcEngine$Server.processCall(ProtobufRpcEngine.java:466) [hadoop-common-3.3.1.jar:?]
	at org.apache.hadoop.ipc.ProtobufRpcEngine2$Server$ProtoBufRpcInvoker.call(ProtobufRpcEngine2.java:574) [hadoop-common-3.3.1.jar:?]
	at org.apache.hadoop.ipc.ProtobufRpcEngine2$Server$ProtoBufRpcInvoker.call(ProtobufRpcEngine2.java:552) [hadoop-common-3.3.1.jar:?]
	at org.apache.hadoop.ipc.RPC$Server.call(RPC.java:1093) [hadoop-common-3.3.1.jar:?]
	at org.apache.hadoop.ipc.Server$RpcCall.run(Server.java:1035) [hadoop-common-3.3.1.jar:?]
	at org.apache.hadoop.ipc.Server$RpcCall.run(Server.java:963) [hadoop-common-3.3.1.jar:?]
	at java.security.AccessController.doPrivileged(Native Method) ~[?:1.8.0_345]
	at javax.security.auth.Subject.doAs(Subject.java:422) [?:1.8.0_345]
	at org.apache.hadoop.security.UserGroupInformation.doAs(UserGroupInformation.java:1878) [hadoop-common-3.3.1.jar:?]
	at org.apache.hadoop.ipc.Server$Handler.run(Server.java:2966) [hadoop-common-3.3.1.jar:?]
2022-09-28 09:59:04,210 [Time-limited test] WARN  ozone.BasicOzoneFileSystem (BasicOzoneFileSystem.java:getFileStatus(765)) - GetFileStatus failed for path /level0/level3/level3
java.io.FileNotFoundException: level0/level3/level3: No such file or directory!
	at org.apache.hadoop.fs.ozone.BasicOzoneClientAdapterImpl.getFileStatus(BasicOzoneClientAdapterImpl.java:369)
	at org.apache.hadoop.fs.ozone.BasicOzoneFileSystem.getFileStatus(BasicOzoneFileSystem.java:757)
	at org.apache.hadoop.fs.ozone.TestOzoneFileSystem.checkPath(TestOzoneFileSystem.java:504)
	at org.apache.hadoop.fs.ozone.TestOzoneFileSystem.testRecursiveDelete(TestOzoneFileSystem.java:496)
	at sun.reflect.NativeMethodAccessorImpl.invoke0(Native Method)
	at sun.reflect.NativeMethodAccessorImpl.invoke(NativeMethodAccessorImpl.java:62)
	at sun.reflect.DelegatingMethodAccessorImpl.invoke(DelegatingMethodAccessorImpl.java:43)
	at java.lang.reflect.Method.invoke(Method.java:498)
	at org.junit.runners.model.FrameworkMethod$1.runReflectiveCall(FrameworkMethod.java:59)
	at org.junit.internal.runners.model.ReflectiveCallable.run(ReflectiveCallable.java:12)
	at org.junit.runners.model.FrameworkMethod.invokeExplosively(FrameworkMethod.java:56)
	at org.junit.internal.runners.statements.InvokeMethod.evaluate(InvokeMethod.java:17)
	at org.junit.internal.runners.statements.RunAfters.evaluate(RunAfters.java:27)
	at org.junit.internal.runners.statements.FailOnTimeout$CallableStatement.call(FailOnTimeout.java:288)
	at org.junit.internal.runners.statements.FailOnTimeout$CallableStatement.call(FailOnTimeout.java:282)
	at java.util.concurrent.FutureTask.run(FutureTask.java:266)
	at java.lang.Thread.run(Thread.java:750)
09:59:04.210 [IPC Server handler 13 on default port 38925] ERROR OMAudit - user=runner | ip=127.0.0.1 | op=GET_FILE_STATUS {volume=volume75139, bucket=bucket52642, key=level0/level3/file1, dataSize=0, replicationConfig=null} | ret=FAILURE
org.apache.hadoop.ozone.om.exceptions.OMException: Unable to get file status: volume: volume75139 bucket: bucket52642 key: level0/level3/file1
	at org.apache.hadoop.ozone.om.KeyManagerImpl.getOzoneFileStatus(KeyManagerImpl.java:1324) ~[ozone-manager-1.3.0-SNAPSHOT.jar:?]
	at org.apache.hadoop.ozone.om.KeyManagerImpl.getFileStatus(KeyManagerImpl.java:1254) ~[ozone-manager-1.3.0-SNAPSHOT.jar:?]
	at org.apache.hadoop.ozone.om.OzoneManager.getFileStatus(OzoneManager.java:3506) ~[ozone-manager-1.3.0-SNAPSHOT.jar:?]
	at org.apache.hadoop.ozone.protocolPB.OzoneManagerRequestHandler.getOzoneFileStatus(OzoneManagerRequestHandler.java:882) ~[ozone-manager-1.3.0-SNAPSHOT.jar:?]
	at org.apache.hadoop.ozone.protocolPB.OzoneManagerRequestHandler.handleReadRequest(OzoneManagerRequestHandler.java:228) ~[ozone-manager-1.3.0-SNAPSHOT.jar:?]
	at org.apache.hadoop.ozone.protocolPB.OzoneManagerProtocolServerSideTranslatorPB.submitRequestDirectlyToOM(OzoneManagerProtocolServerSideTranslatorPB.java:276) ~[ozone-manager-1.3.0-SNAPSHOT.jar:?]
	at org.apache.hadoop.ozone.protocolPB.OzoneManagerProtocolServerSideTranslatorPB.processRequest(OzoneManagerProtocolServerSideTranslatorPB.java:205) ~[ozone-manager-1.3.0-SNAPSHOT.jar:?]
	at org.apache.hadoop.hdds.server.OzoneProtocolMessageDispatcher.processRequest(OzoneProtocolMessageDispatcher.java:87) [hdds-server-framework-1.3.0-SNAPSHOT.jar:?]
	at org.apache.hadoop.ozone.protocolPB.OzoneManagerProtocolServerSideTranslatorPB.submitRequest(OzoneManagerProtocolServerSideTranslatorPB.java:147) [ozone-manager-1.3.0-SNAPSHOT.jar:?]
	at org.apache.hadoop.ozone.protocol.proto.OzoneManagerProtocolProtos$OzoneManagerService$2.callBlockingMethod(OzoneManagerProtocolProtos.java) [ozone-interface-client-1.3.0-SNAPSHOT.jar:?]
	at org.apache.hadoop.ipc.ProtobufRpcEngine$Server.processCall(ProtobufRpcEngine.java:466) [hadoop-common-3.3.1.jar:?]
	at org.apache.hadoop.ipc.ProtobufRpcEngine2$Server$ProtoBufRpcInvoker.call(ProtobufRpcEngine2.java:574) [hadoop-common-3.3.1.jar:?]
	at org.apache.hadoop.ipc.ProtobufRpcEngine2$Server$ProtoBufRpcInvoker.call(ProtobufRpcEngine2.java:552) [hadoop-common-3.3.1.jar:?]
	at org.apache.hadoop.ipc.RPC$Server.call(RPC.java:1093) [hadoop-common-3.3.1.jar:?]
	at org.apache.hadoop.ipc.Server$RpcCall.run(Server.java:1035) [hadoop-common-3.3.1.jar:?]
	at org.apache.hadoop.ipc.Server$RpcCall.run(Server.java:963) [hadoop-common-3.3.1.jar:?]
	at java.security.AccessController.doPrivileged(Native Method) ~[?:1.8.0_345]
	at javax.security.auth.Subject.doAs(Subject.java:422) [?:1.8.0_345]
	at org.apache.hadoop.security.UserGroupInformation.doAs(UserGroupInformation.java:1878) [hadoop-common-3.3.1.jar:?]
	at org.apache.hadoop.ipc.Server$Handler.run(Server.java:2966) [hadoop-common-3.3.1.jar:?]
2022-09-28 09:59:04,210 [Time-limited test] WARN  ozone.BasicOzoneFileSystem (BasicOzoneFileSystem.java:getFileStatus(765)) - GetFileStatus failed for path /level0/level3/file1
java.io.FileNotFoundException: level0/level3/file1: No such file or directory!
	at org.apache.hadoop.fs.ozone.BasicOzoneClientAdapterImpl.getFileStatus(BasicOzoneClientAdapterImpl.java:369)
	at org.apache.hadoop.fs.ozone.BasicOzoneFileSystem.getFileStatus(BasicOzoneFileSystem.java:757)
	at org.apache.hadoop.fs.ozone.TestOzoneFileSystem.checkPath(TestOzoneFileSystem.java:504)
	at org.apache.hadoop.fs.ozone.TestOzoneFileSystem.testRecursiveDelete(TestOzoneFileSystem.java:497)
	at sun.reflect.NativeMethodAccessorImpl.invoke0(Native Method)
	at sun.reflect.NativeMethodAccessorImpl.invoke(NativeMethodAccessorImpl.java:62)
	at sun.reflect.DelegatingMethodAccessorImpl.invoke(DelegatingMethodAccessorImpl.java:43)
	at java.lang.reflect.Method.invoke(Method.java:498)
	at org.junit.runners.model.FrameworkMethod$1.runReflectiveCall(FrameworkMethod.java:59)
	at org.junit.internal.runners.model.ReflectiveCallable.run(ReflectiveCallable.java:12)
	at org.junit.runners.model.FrameworkMethod.invokeExplosively(FrameworkMethod.java:56)
	at org.junit.internal.runners.statements.InvokeMethod.evaluate(InvokeMethod.java:17)
	at org.junit.internal.runners.statements.RunAfters.evaluate(RunAfters.java:27)
	at org.junit.internal.runners.statements.FailOnTimeout$CallableStatement.call(FailOnTimeout.java:288)
	at org.junit.internal.runners.statements.FailOnTimeout$CallableStatement.call(FailOnTimeout.java:282)
	at java.util.concurrent.FutureTask.run(FutureTask.java:266)
	at java.lang.Thread.run(Thread.java:750)
09:59:04.211 [IPC Server handler 17 on default port 38925] ERROR OMAudit - user=runner | ip=127.0.0.1 | op=GET_FILE_STATUS {volume=volume75139, bucket=bucket52642, key=level0/level3/level3/file1, dataSize=0, replicationConfig=null} | ret=FAILURE
org.apache.hadoop.ozone.om.exceptions.OMException: Unable to get file status: volume: volume75139 bucket: bucket52642 key: level0/level3/level3/file1
	at org.apache.hadoop.ozone.om.KeyManagerImpl.getOzoneFileStatus(KeyManagerImpl.java:1324) ~[ozone-manager-1.3.0-SNAPSHOT.jar:?]
	at org.apache.hadoop.ozone.om.KeyManagerImpl.getFileStatus(KeyManagerImpl.java:1254) ~[ozone-manager-1.3.0-SNAPSHOT.jar:?]
	at org.apache.hadoop.ozone.om.OzoneManager.getFileStatus(OzoneManager.java:3506) ~[ozone-manager-1.3.0-SNAPSHOT.jar:?]
	at org.apache.hadoop.ozone.protocolPB.OzoneManagerRequestHandler.getOzoneFileStatus(OzoneManagerRequestHandler.java:882) ~[ozone-manager-1.3.0-SNAPSHOT.jar:?]
	at org.apache.hadoop.ozone.protocolPB.OzoneManagerRequestHandler.handleReadRequest(OzoneManagerRequestHandler.java:228) ~[ozone-manager-1.3.0-SNAPSHOT.jar:?]
	at org.apache.hadoop.ozone.protocolPB.OzoneManagerProtocolServerSideTranslatorPB.submitRequestDirectlyToOM(OzoneManagerProtocolServerSideTranslatorPB.java:276) ~[ozone-manager-1.3.0-SNAPSHOT.jar:?]
	at org.apache.hadoop.ozone.protocolPB.OzoneManagerProtocolServerSideTranslatorPB.processRequest(OzoneManagerProtocolServerSideTranslatorPB.java:205) ~[ozone-manager-1.3.0-SNAPSHOT.jar:?]
	at org.apache.hadoop.hdds.server.OzoneProtocolMessageDispatcher.processRequest(OzoneProtocolMessageDispatcher.java:87) [hdds-server-framework-1.3.0-SNAPSHOT.jar:?]
	at org.apache.hadoop.ozone.protocolPB.OzoneManagerProtocolServerSideTranslatorPB.submitRequest(OzoneManagerProtocolServerSideTranslatorPB.java:147) [ozone-manager-1.3.0-SNAPSHOT.jar:?]
	at org.apache.hadoop.ozone.protocol.proto.OzoneManagerProtocolProtos$OzoneManagerService$2.callBlockingMethod(OzoneManagerProtocolProtos.java) [ozone-interface-client-1.3.0-SNAPSHOT.jar:?]
	at org.apache.hadoop.ipc.ProtobufRpcEngine$Server.processCall(ProtobufRpcEngine.java:466) [hadoop-common-3.3.1.jar:?]
	at org.apache.hadoop.ipc.ProtobufRpcEngine2$Server$ProtoBufRpcInvoker.call(ProtobufRpcEngine2.java:574) [hadoop-common-3.3.1.jar:?]
	at org.apache.hadoop.ipc.ProtobufRpcEngine2$Server$ProtoBufRpcInvoker.call(ProtobufRpcEngine2.java:552) [hadoop-common-3.3.1.jar:?]
	at org.apache.hadoop.ipc.RPC$Server.call(RPC.java:1093) [hadoop-common-3.3.1.jar:?]
	at org.apache.hadoop.ipc.Server$RpcCall.run(Server.java:1035) [hadoop-common-3.3.1.jar:?]
	at org.apache.hadoop.ipc.Server$RpcCall.run(Server.java:963) [hadoop-common-3.3.1.jar:?]
	at java.security.AccessController.doPrivileged(Native Method) ~[?:1.8.0_345]
	at javax.security.auth.Subject.doAs(Subject.java:422) [?:1.8.0_345]
	at org.apache.hadoop.security.UserGroupInformation.doAs(UserGroupInformation.java:1878) [hadoop-common-3.3.1.jar:?]
	at org.apache.hadoop.ipc.Server$Handler.run(Server.java:2966) [hadoop-common-3.3.1.jar:?]
2022-09-28 09:59:04,213 [Time-limited test] WARN  ozone.BasicOzoneFileSystem (BasicOzoneFileSystem.java:getFileStatus(765)) - GetFileStatus failed for path /level0/level3/level3/file1
java.io.FileNotFoundException: level0/level3/level3/file1: No such file or directory!
	at org.apache.hadoop.fs.ozone.BasicOzoneClientAdapterImpl.getFileStatus(BasicOzoneClientAdapterImpl.java:369)
	at org.apache.hadoop.fs.ozone.BasicOzoneFileSystem.getFileStatus(BasicOzoneFileSystem.java:757)
	at org.apache.hadoop.fs.ozone.TestOzoneFileSystem.checkPath(TestOzoneFileSystem.java:504)
	at org.apache.hadoop.fs.ozone.TestOzoneFileSystem.testRecursiveDelete(TestOzoneFileSystem.java:498)
	at sun.reflect.NativeMethodAccessorImpl.invoke0(Native Method)
	at sun.reflect.NativeMethodAccessorImpl.invoke(NativeMethodAccessorImpl.java:62)
	at sun.reflect.DelegatingMethodAccessorImpl.invoke(DelegatingMethodAccessorImpl.java:43)
	at java.lang.reflect.Method.invoke(Method.java:498)
	at org.junit.runners.model.FrameworkMethod$1.runReflectiveCall(FrameworkMethod.java:59)
	at org.junit.internal.runners.model.ReflectiveCallable.run(ReflectiveCallable.java:12)
	at org.junit.runners.model.FrameworkMethod.invokeExplosively(FrameworkMethod.java:56)
	at org.junit.internal.runners.statements.InvokeMethod.evaluate(InvokeMethod.java:17)
	at org.junit.internal.runners.statements.RunAfters.evaluate(RunAfters.java:27)
	at org.junit.internal.runners.statements.FailOnTimeout$CallableStatement.call(FailOnTimeout.java:288)
	at org.junit.internal.runners.statements.FailOnTimeout$CallableStatement.call(FailOnTimeout.java:282)
	at java.util.concurrent.FutureTask.run(FutureTask.java:266)
	at java.lang.Thread.run(Thread.java:750)
]]></system-out>
  </testcase>
  <testcase name="testGetTrashRoots" classname="TestOzoneFileSystem" time="0.058">
    <system-out><![CDATA[09:54:22.373 [IPC Server handler 18 on default port 33915] ERROR OMAudit - user=runner | ip=127.0.0.1 | op=GET_FILE_STATUS {volume=volume02959, bucket=bucket36363, key=.Trash/runner, dataSize=0, replicationConfig=null} | ret=FAILURE
org.apache.hadoop.ozone.om.exceptions.OMException: Unable to get file status: volume: volume02959 bucket: bucket36363 key: .Trash/runner
	at org.apache.hadoop.ozone.om.KeyManagerImpl.getOzoneFileStatus(KeyManagerImpl.java:1324) ~[ozone-manager-1.3.0-SNAPSHOT.jar:?]
	at org.apache.hadoop.ozone.om.KeyManagerImpl.getFileStatus(KeyManagerImpl.java:1254) ~[ozone-manager-1.3.0-SNAPSHOT.jar:?]
	at org.apache.hadoop.ozone.om.OzoneManager.getFileStatus(OzoneManager.java:3506) ~[ozone-manager-1.3.0-SNAPSHOT.jar:?]
	at org.apache.hadoop.ozone.protocolPB.OzoneManagerRequestHandler.getOzoneFileStatus(OzoneManagerRequestHandler.java:882) ~[ozone-manager-1.3.0-SNAPSHOT.jar:?]
	at org.apache.hadoop.ozone.protocolPB.OzoneManagerRequestHandler.handleReadRequest(OzoneManagerRequestHandler.java:228) ~[ozone-manager-1.3.0-SNAPSHOT.jar:?]
	at org.apache.hadoop.ozone.protocolPB.OzoneManagerProtocolServerSideTranslatorPB.submitReadRequestToOM(OzoneManagerProtocolServerSideTranslatorPB.java:226) ~[ozone-manager-1.3.0-SNAPSHOT.jar:?]
	at org.apache.hadoop.ozone.protocolPB.OzoneManagerProtocolServerSideTranslatorPB.processRequest(OzoneManagerProtocolServerSideTranslatorPB.java:175) ~[ozone-manager-1.3.0-SNAPSHOT.jar:?]
	at org.apache.hadoop.hdds.server.OzoneProtocolMessageDispatcher.processRequest(OzoneProtocolMessageDispatcher.java:87) [hdds-server-framework-1.3.0-SNAPSHOT.jar:?]
	at org.apache.hadoop.ozone.protocolPB.OzoneManagerProtocolServerSideTranslatorPB.submitRequest(OzoneManagerProtocolServerSideTranslatorPB.java:147) [ozone-manager-1.3.0-SNAPSHOT.jar:?]
	at org.apache.hadoop.ozone.protocol.proto.OzoneManagerProtocolProtos$OzoneManagerService$2.callBlockingMethod(OzoneManagerProtocolProtos.java) [ozone-interface-client-1.3.0-SNAPSHOT.jar:?]
	at org.apache.hadoop.ipc.ProtobufRpcEngine$Server.processCall(ProtobufRpcEngine.java:466) [hadoop-common-3.3.1.jar:?]
	at org.apache.hadoop.ipc.ProtobufRpcEngine2$Server$ProtoBufRpcInvoker.call(ProtobufRpcEngine2.java:574) [hadoop-common-3.3.1.jar:?]
	at org.apache.hadoop.ipc.ProtobufRpcEngine2$Server$ProtoBufRpcInvoker.call(ProtobufRpcEngine2.java:552) [hadoop-common-3.3.1.jar:?]
	at org.apache.hadoop.ipc.RPC$Server.call(RPC.java:1093) [hadoop-common-3.3.1.jar:?]
	at org.apache.hadoop.ipc.Server$RpcCall.run(Server.java:1035) [hadoop-common-3.3.1.jar:?]
	at org.apache.hadoop.ipc.Server$RpcCall.run(Server.java:963) [hadoop-common-3.3.1.jar:?]
	at java.security.AccessController.doPrivileged(Native Method) ~[?:1.8.0_345]
	at javax.security.auth.Subject.doAs(Subject.java:422) [?:1.8.0_345]
	at org.apache.hadoop.security.UserGroupInformation.doAs(UserGroupInformation.java:1878) [hadoop-common-3.3.1.jar:?]
	at org.apache.hadoop.ipc.Server$Handler.run(Server.java:2966) [hadoop-common-3.3.1.jar:?]
2022-09-28 09:54:22,374 [Time-limited test] WARN  ozone.BasicOzoneFileSystem (BasicOzoneFileSystem.java:getFileStatus(765)) - GetFileStatus failed for path /.Trash/runner
java.io.FileNotFoundException: .Trash/runner: No such file or directory!
	at org.apache.hadoop.fs.ozone.BasicOzoneClientAdapterImpl.getFileStatus(BasicOzoneClientAdapterImpl.java:369)
	at org.apache.hadoop.fs.ozone.BasicOzoneFileSystem.getFileStatus(BasicOzoneFileSystem.java:757)
	at org.apache.hadoop.fs.FileSystem.exists(FileSystem.java:1760)
	at org.apache.hadoop.fs.ozone.BasicOzoneFileSystem.exists(BasicOzoneFileSystem.java:804)
	at org.apache.hadoop.fs.ozone.BasicOzoneFileSystem.getTrashRoots(BasicOzoneFileSystem.java:700)
	at org.apache.hadoop.fs.ozone.TestOzoneFileSystem.testGetTrashRoots(TestOzoneFileSystem.java:1466)
	at sun.reflect.NativeMethodAccessorImpl.invoke0(Native Method)
	at sun.reflect.NativeMethodAccessorImpl.invoke(NativeMethodAccessorImpl.java:62)
	at sun.reflect.DelegatingMethodAccessorImpl.invoke(DelegatingMethodAccessorImpl.java:43)
	at java.lang.reflect.Method.invoke(Method.java:498)
	at org.junit.runners.model.FrameworkMethod$1.runReflectiveCall(FrameworkMethod.java:59)
	at org.junit.internal.runners.model.ReflectiveCallable.run(ReflectiveCallable.java:12)
	at org.junit.runners.model.FrameworkMethod.invokeExplosively(FrameworkMethod.java:56)
	at org.junit.internal.runners.statements.InvokeMethod.evaluate(InvokeMethod.java:17)
	at org.junit.internal.runners.statements.RunAfters.evaluate(RunAfters.java:27)
	at org.junit.internal.runners.statements.FailOnTimeout$CallableStatement.call(FailOnTimeout.java:288)
	at org.junit.internal.runners.statements.FailOnTimeout$CallableStatement.call(FailOnTimeout.java:282)
	at java.util.concurrent.FutureTask.run(FutureTask.java:266)
	at java.lang.Thread.run(Thread.java:750)
]]></system-out>
  </testcase>
  <testcase name="testGetTrashRoots" classname="TestOzoneFileSystem" time="0.035">
    <system-out><![CDATA[09:55:46.897 [IPC Server handler 5 on default port 43879] ERROR OMAudit - user=runner | ip=127.0.0.1 | op=GET_FILE_STATUS {volume=volume99279, bucket=bucket29095, key=.Trash/runner, dataSize=0, replicationConfig=null} | ret=FAILURE
org.apache.hadoop.ozone.om.exceptions.OMException: Unable to get file status: volume: volume99279 bucket: bucket29095 key: .Trash/runner
	at org.apache.hadoop.ozone.om.KeyManagerImpl.getOzoneFileStatus(KeyManagerImpl.java:1324) ~[ozone-manager-1.3.0-SNAPSHOT.jar:?]
	at org.apache.hadoop.ozone.om.KeyManagerImpl.getFileStatus(KeyManagerImpl.java:1254) ~[ozone-manager-1.3.0-SNAPSHOT.jar:?]
	at org.apache.hadoop.ozone.om.OzoneManager.getFileStatus(OzoneManager.java:3506) ~[ozone-manager-1.3.0-SNAPSHOT.jar:?]
	at org.apache.hadoop.ozone.protocolPB.OzoneManagerRequestHandler.getOzoneFileStatus(OzoneManagerRequestHandler.java:882) ~[ozone-manager-1.3.0-SNAPSHOT.jar:?]
	at org.apache.hadoop.ozone.protocolPB.OzoneManagerRequestHandler.handleReadRequest(OzoneManagerRequestHandler.java:228) ~[ozone-manager-1.3.0-SNAPSHOT.jar:?]
	at org.apache.hadoop.ozone.protocolPB.OzoneManagerProtocolServerSideTranslatorPB.submitRequestDirectlyToOM(OzoneManagerProtocolServerSideTranslatorPB.java:276) ~[ozone-manager-1.3.0-SNAPSHOT.jar:?]
	at org.apache.hadoop.ozone.protocolPB.OzoneManagerProtocolServerSideTranslatorPB.processRequest(OzoneManagerProtocolServerSideTranslatorPB.java:205) ~[ozone-manager-1.3.0-SNAPSHOT.jar:?]
	at org.apache.hadoop.hdds.server.OzoneProtocolMessageDispatcher.processRequest(OzoneProtocolMessageDispatcher.java:87) [hdds-server-framework-1.3.0-SNAPSHOT.jar:?]
	at org.apache.hadoop.ozone.protocolPB.OzoneManagerProtocolServerSideTranslatorPB.submitRequest(OzoneManagerProtocolServerSideTranslatorPB.java:147) [ozone-manager-1.3.0-SNAPSHOT.jar:?]
	at org.apache.hadoop.ozone.protocol.proto.OzoneManagerProtocolProtos$OzoneManagerService$2.callBlockingMethod(OzoneManagerProtocolProtos.java) [ozone-interface-client-1.3.0-SNAPSHOT.jar:?]
	at org.apache.hadoop.ipc.ProtobufRpcEngine$Server.processCall(ProtobufRpcEngine.java:466) [hadoop-common-3.3.1.jar:?]
	at org.apache.hadoop.ipc.ProtobufRpcEngine2$Server$ProtoBufRpcInvoker.call(ProtobufRpcEngine2.java:574) [hadoop-common-3.3.1.jar:?]
	at org.apache.hadoop.ipc.ProtobufRpcEngine2$Server$ProtoBufRpcInvoker.call(ProtobufRpcEngine2.java:552) [hadoop-common-3.3.1.jar:?]
	at org.apache.hadoop.ipc.RPC$Server.call(RPC.java:1093) [hadoop-common-3.3.1.jar:?]
	at org.apache.hadoop.ipc.Server$RpcCall.run(Server.java:1035) [hadoop-common-3.3.1.jar:?]
	at org.apache.hadoop.ipc.Server$RpcCall.run(Server.java:963) [hadoop-common-3.3.1.jar:?]
	at java.security.AccessController.doPrivileged(Native Method) ~[?:1.8.0_345]
	at javax.security.auth.Subject.doAs(Subject.java:422) [?:1.8.0_345]
	at org.apache.hadoop.security.UserGroupInformation.doAs(UserGroupInformation.java:1878) [hadoop-common-3.3.1.jar:?]
	at org.apache.hadoop.ipc.Server$Handler.run(Server.java:2966) [hadoop-common-3.3.1.jar:?]
2022-09-28 09:55:46,900 [Time-limited test] WARN  ozone.BasicOzoneFileSystem (BasicOzoneFileSystem.java:getFileStatus(765)) - GetFileStatus failed for path /.Trash/runner
java.io.FileNotFoundException: .Trash/runner: No such file or directory!
	at org.apache.hadoop.fs.ozone.BasicOzoneClientAdapterImpl.getFileStatus(BasicOzoneClientAdapterImpl.java:369)
	at org.apache.hadoop.fs.ozone.BasicOzoneFileSystem.getFileStatus(BasicOzoneFileSystem.java:757)
	at org.apache.hadoop.fs.FileSystem.exists(FileSystem.java:1760)
	at org.apache.hadoop.fs.ozone.BasicOzoneFileSystem.exists(BasicOzoneFileSystem.java:804)
	at org.apache.hadoop.fs.ozone.BasicOzoneFileSystem.getTrashRoots(BasicOzoneFileSystem.java:700)
	at org.apache.hadoop.fs.ozone.TestOzoneFileSystem.testGetTrashRoots(TestOzoneFileSystem.java:1466)
	at sun.reflect.NativeMethodAccessorImpl.invoke0(Native Method)
	at sun.reflect.NativeMethodAccessorImpl.invoke(NativeMethodAccessorImpl.java:62)
	at sun.reflect.DelegatingMethodAccessorImpl.invoke(DelegatingMethodAccessorImpl.java:43)
	at java.lang.reflect.Method.invoke(Method.java:498)
	at org.junit.runners.model.FrameworkMethod$1.runReflectiveCall(FrameworkMethod.java:59)
	at org.junit.internal.runners.model.ReflectiveCallable.run(ReflectiveCallable.java:12)
	at org.junit.runners.model.FrameworkMethod.invokeExplosively(FrameworkMethod.java:56)
	at org.junit.internal.runners.statements.InvokeMethod.evaluate(InvokeMethod.java:17)
	at org.junit.internal.runners.statements.RunAfters.evaluate(RunAfters.java:27)
	at org.junit.internal.runners.statements.FailOnTimeout$CallableStatement.call(FailOnTimeout.java:288)
	at org.junit.internal.runners.statements.FailOnTimeout$CallableStatement.call(FailOnTimeout.java:282)
	at java.util.concurrent.FutureTask.run(FutureTask.java:266)
	at java.lang.Thread.run(Thread.java:750)
]]></system-out>
  </testcase>
  <testcase name="testGetTrashRoots" classname="TestOzoneFileSystem" time="0.059">
    <system-out><![CDATA[09:57:08.301 [IPC Server handler 10 on default port 44537] ERROR OMAudit - user=runner | ip=127.0.0.1 | op=GET_FILE_STATUS {volume=volume16412, bucket=bucket93813, key=.Trash/runner, dataSize=0, replicationConfig=null} | ret=FAILURE
org.apache.hadoop.ozone.om.exceptions.OMException: Unable to get file status: volume: volume16412 bucket: bucket93813 key: .Trash/runner
	at org.apache.hadoop.ozone.om.KeyManagerImpl.getOzoneFileStatus(KeyManagerImpl.java:1324) ~[ozone-manager-1.3.0-SNAPSHOT.jar:?]
	at org.apache.hadoop.ozone.om.KeyManagerImpl.getFileStatus(KeyManagerImpl.java:1254) ~[ozone-manager-1.3.0-SNAPSHOT.jar:?]
	at org.apache.hadoop.ozone.om.OzoneManager.getFileStatus(OzoneManager.java:3506) ~[ozone-manager-1.3.0-SNAPSHOT.jar:?]
	at org.apache.hadoop.ozone.protocolPB.OzoneManagerRequestHandler.getOzoneFileStatus(OzoneManagerRequestHandler.java:882) ~[ozone-manager-1.3.0-SNAPSHOT.jar:?]
	at org.apache.hadoop.ozone.protocolPB.OzoneManagerRequestHandler.handleReadRequest(OzoneManagerRequestHandler.java:228) ~[ozone-manager-1.3.0-SNAPSHOT.jar:?]
	at org.apache.hadoop.ozone.protocolPB.OzoneManagerProtocolServerSideTranslatorPB.submitReadRequestToOM(OzoneManagerProtocolServerSideTranslatorPB.java:226) ~[ozone-manager-1.3.0-SNAPSHOT.jar:?]
	at org.apache.hadoop.ozone.protocolPB.OzoneManagerProtocolServerSideTranslatorPB.processRequest(OzoneManagerProtocolServerSideTranslatorPB.java:175) ~[ozone-manager-1.3.0-SNAPSHOT.jar:?]
	at org.apache.hadoop.hdds.server.OzoneProtocolMessageDispatcher.processRequest(OzoneProtocolMessageDispatcher.java:87) [hdds-server-framework-1.3.0-SNAPSHOT.jar:?]
	at org.apache.hadoop.ozone.protocolPB.OzoneManagerProtocolServerSideTranslatorPB.submitRequest(OzoneManagerProtocolServerSideTranslatorPB.java:147) [ozone-manager-1.3.0-SNAPSHOT.jar:?]
	at org.apache.hadoop.ozone.protocol.proto.OzoneManagerProtocolProtos$OzoneManagerService$2.callBlockingMethod(OzoneManagerProtocolProtos.java) [ozone-interface-client-1.3.0-SNAPSHOT.jar:?]
	at org.apache.hadoop.ipc.ProtobufRpcEngine$Server.processCall(ProtobufRpcEngine.java:466) [hadoop-common-3.3.1.jar:?]
	at org.apache.hadoop.ipc.ProtobufRpcEngine2$Server$ProtoBufRpcInvoker.call(ProtobufRpcEngine2.java:574) [hadoop-common-3.3.1.jar:?]
	at org.apache.hadoop.ipc.ProtobufRpcEngine2$Server$ProtoBufRpcInvoker.call(ProtobufRpcEngine2.java:552) [hadoop-common-3.3.1.jar:?]
	at org.apache.hadoop.ipc.RPC$Server.call(RPC.java:1093) [hadoop-common-3.3.1.jar:?]
	at org.apache.hadoop.ipc.Server$RpcCall.run(Server.java:1035) [hadoop-common-3.3.1.jar:?]
	at org.apache.hadoop.ipc.Server$RpcCall.run(Server.java:963) [hadoop-common-3.3.1.jar:?]
	at java.security.AccessController.doPrivileged(Native Method) ~[?:1.8.0_345]
	at javax.security.auth.Subject.doAs(Subject.java:422) [?:1.8.0_345]
	at org.apache.hadoop.security.UserGroupInformation.doAs(UserGroupInformation.java:1878) [hadoop-common-3.3.1.jar:?]
	at org.apache.hadoop.ipc.Server$Handler.run(Server.java:2966) [hadoop-common-3.3.1.jar:?]
2022-09-28 09:57:08,304 [Time-limited test] WARN  ozone.BasicOzoneFileSystem (BasicOzoneFileSystem.java:getFileStatus(765)) - GetFileStatus failed for path /.Trash/runner
java.io.FileNotFoundException: .Trash/runner: No such file or directory!
	at org.apache.hadoop.fs.ozone.BasicOzoneClientAdapterImpl.getFileStatus(BasicOzoneClientAdapterImpl.java:369)
	at org.apache.hadoop.fs.ozone.BasicOzoneFileSystem.getFileStatus(BasicOzoneFileSystem.java:757)
	at org.apache.hadoop.fs.FileSystem.exists(FileSystem.java:1760)
	at org.apache.hadoop.fs.ozone.BasicOzoneFileSystem.exists(BasicOzoneFileSystem.java:804)
	at org.apache.hadoop.fs.ozone.BasicOzoneFileSystem.getTrashRoots(BasicOzoneFileSystem.java:700)
	at org.apache.hadoop.fs.ozone.TestOzoneFileSystem.testGetTrashRoots(TestOzoneFileSystem.java:1466)
	at sun.reflect.NativeMethodAccessorImpl.invoke0(Native Method)
	at sun.reflect.NativeMethodAccessorImpl.invoke(NativeMethodAccessorImpl.java:62)
	at sun.reflect.DelegatingMethodAccessorImpl.invoke(DelegatingMethodAccessorImpl.java:43)
	at java.lang.reflect.Method.invoke(Method.java:498)
	at org.junit.runners.model.FrameworkMethod$1.runReflectiveCall(FrameworkMethod.java:59)
	at org.junit.internal.runners.model.ReflectiveCallable.run(ReflectiveCallable.java:12)
	at org.junit.runners.model.FrameworkMethod.invokeExplosively(FrameworkMethod.java:56)
	at org.junit.internal.runners.statements.InvokeMethod.evaluate(InvokeMethod.java:17)
	at org.junit.internal.runners.statements.RunAfters.evaluate(RunAfters.java:27)
	at org.junit.internal.runners.statements.FailOnTimeout$CallableStatement.call(FailOnTimeout.java:288)
	at org.junit.internal.runners.statements.FailOnTimeout$CallableStatement.call(FailOnTimeout.java:282)
	at java.util.concurrent.FutureTask.run(FutureTask.java:266)
	at java.lang.Thread.run(Thread.java:750)
]]></system-out>
  </testcase>
  <testcase name="testGetTrashRoots" classname="TestOzoneFileSystem" time="0.052">
    <system-out><![CDATA[09:59:04.248 [IPC Server handler 19 on default port 38925] ERROR OMAudit - user=runner | ip=127.0.0.1 | op=GET_FILE_STATUS {volume=volume75139, bucket=bucket52642, key=.Trash/runner, dataSize=0, replicationConfig=null} | ret=FAILURE
org.apache.hadoop.ozone.om.exceptions.OMException: Unable to get file status: volume: volume75139 bucket: bucket52642 key: .Trash/runner
	at org.apache.hadoop.ozone.om.KeyManagerImpl.getOzoneFileStatus(KeyManagerImpl.java:1324) ~[ozone-manager-1.3.0-SNAPSHOT.jar:?]
	at org.apache.hadoop.ozone.om.KeyManagerImpl.getFileStatus(KeyManagerImpl.java:1254) ~[ozone-manager-1.3.0-SNAPSHOT.jar:?]
	at org.apache.hadoop.ozone.om.OzoneManager.getFileStatus(OzoneManager.java:3506) ~[ozone-manager-1.3.0-SNAPSHOT.jar:?]
	at org.apache.hadoop.ozone.protocolPB.OzoneManagerRequestHandler.getOzoneFileStatus(OzoneManagerRequestHandler.java:882) ~[ozone-manager-1.3.0-SNAPSHOT.jar:?]
	at org.apache.hadoop.ozone.protocolPB.OzoneManagerRequestHandler.handleReadRequest(OzoneManagerRequestHandler.java:228) ~[ozone-manager-1.3.0-SNAPSHOT.jar:?]
	at org.apache.hadoop.ozone.protocolPB.OzoneManagerProtocolServerSideTranslatorPB.submitRequestDirectlyToOM(OzoneManagerProtocolServerSideTranslatorPB.java:276) ~[ozone-manager-1.3.0-SNAPSHOT.jar:?]
	at org.apache.hadoop.ozone.protocolPB.OzoneManagerProtocolServerSideTranslatorPB.processRequest(OzoneManagerProtocolServerSideTranslatorPB.java:205) ~[ozone-manager-1.3.0-SNAPSHOT.jar:?]
	at org.apache.hadoop.hdds.server.OzoneProtocolMessageDispatcher.processRequest(OzoneProtocolMessageDispatcher.java:87) [hdds-server-framework-1.3.0-SNAPSHOT.jar:?]
	at org.apache.hadoop.ozone.protocolPB.OzoneManagerProtocolServerSideTranslatorPB.submitRequest(OzoneManagerProtocolServerSideTranslatorPB.java:147) [ozone-manager-1.3.0-SNAPSHOT.jar:?]
	at org.apache.hadoop.ozone.protocol.proto.OzoneManagerProtocolProtos$OzoneManagerService$2.callBlockingMethod(OzoneManagerProtocolProtos.java) [ozone-interface-client-1.3.0-SNAPSHOT.jar:?]
	at org.apache.hadoop.ipc.ProtobufRpcEngine$Server.processCall(ProtobufRpcEngine.java:466) [hadoop-common-3.3.1.jar:?]
	at org.apache.hadoop.ipc.ProtobufRpcEngine2$Server$ProtoBufRpcInvoker.call(ProtobufRpcEngine2.java:574) [hadoop-common-3.3.1.jar:?]
	at org.apache.hadoop.ipc.ProtobufRpcEngine2$Server$ProtoBufRpcInvoker.call(ProtobufRpcEngine2.java:552) [hadoop-common-3.3.1.jar:?]
	at org.apache.hadoop.ipc.RPC$Server.call(RPC.java:1093) [hadoop-common-3.3.1.jar:?]
	at org.apache.hadoop.ipc.Server$RpcCall.run(Server.java:1035) [hadoop-common-3.3.1.jar:?]
	at org.apache.hadoop.ipc.Server$RpcCall.run(Server.java:963) [hadoop-common-3.3.1.jar:?]
	at java.security.AccessController.doPrivileged(Native Method) ~[?:1.8.0_345]
	at javax.security.auth.Subject.doAs(Subject.java:422) [?:1.8.0_345]
	at org.apache.hadoop.security.UserGroupInformation.doAs(UserGroupInformation.java:1878) [hadoop-common-3.3.1.jar:?]
	at org.apache.hadoop.ipc.Server$Handler.run(Server.java:2966) [hadoop-common-3.3.1.jar:?]
2022-09-28 09:59:04,248 [Time-limited test] WARN  ozone.BasicOzoneFileSystem (BasicOzoneFileSystem.java:getFileStatus(765)) - GetFileStatus failed for path /.Trash/runner
java.io.FileNotFoundException: .Trash/runner: No such file or directory!
	at org.apache.hadoop.fs.ozone.BasicOzoneClientAdapterImpl.getFileStatus(BasicOzoneClientAdapterImpl.java:369)
	at org.apache.hadoop.fs.ozone.BasicOzoneFileSystem.getFileStatus(BasicOzoneFileSystem.java:757)
	at org.apache.hadoop.fs.FileSystem.exists(FileSystem.java:1760)
	at org.apache.hadoop.fs.ozone.BasicOzoneFileSystem.exists(BasicOzoneFileSystem.java:804)
	at org.apache.hadoop.fs.ozone.BasicOzoneFileSystem.getTrashRoots(BasicOzoneFileSystem.java:700)
	at org.apache.hadoop.fs.ozone.TestOzoneFileSystem.testGetTrashRoots(TestOzoneFileSystem.java:1466)
	at sun.reflect.NativeMethodAccessorImpl.invoke0(Native Method)
	at sun.reflect.NativeMethodAccessorImpl.invoke(NativeMethodAccessorImpl.java:62)
	at sun.reflect.DelegatingMethodAccessorImpl.invoke(DelegatingMethodAccessorImpl.java:43)
	at java.lang.reflect.Method.invoke(Method.java:498)
	at org.junit.runners.model.FrameworkMethod$1.runReflectiveCall(FrameworkMethod.java:59)
	at org.junit.internal.runners.model.ReflectiveCallable.run(ReflectiveCallable.java:12)
	at org.junit.runners.model.FrameworkMethod.invokeExplosively(FrameworkMethod.java:56)
	at org.junit.internal.runners.statements.InvokeMethod.evaluate(InvokeMethod.java:17)
	at org.junit.internal.runners.statements.RunAfters.evaluate(RunAfters.java:27)
	at org.junit.internal.runners.statements.FailOnTimeout$CallableStatement.call(FailOnTimeout.java:288)
	at org.junit.internal.runners.statements.FailOnTimeout$CallableStatement.call(FailOnTimeout.java:282)
	at java.util.concurrent.FutureTask.run(FutureTask.java:266)
	at java.lang.Thread.run(Thread.java:750)
]]></system-out>
  </testcase>
  <testcase name="testCreateDoesNotAddParentDirKeys" classname="TestOzoneFileSystem" time="0.051">
    <system-out><![CDATA[09:54:22.466 [IPC Server handler 5 on default port 33915] ERROR OMAudit - user=runner | ip=127.0.0.1 | op=READ_KEY {volume=volume02959, bucket=bucket36363, key=testCreateDoesNotAddParentDirKeys/parent/, dataSize=0, replicationConfig=null} | ret=FAILURE
org.apache.hadoop.ozone.om.exceptions.OMException: Key:testCreateDoesNotAddParentDirKeys/parent not found
	at org.apache.hadoop.ozone.om.KeyManagerImpl.lookupKey(KeyManagerImpl.java:407) ~[ozone-manager-1.3.0-SNAPSHOT.jar:?]
	at org.apache.hadoop.ozone.om.OzoneManager.lookupKey(OzoneManager.java:2835) ~[ozone-manager-1.3.0-SNAPSHOT.jar:?]
	at org.apache.hadoop.ozone.protocolPB.OzoneManagerRequestHandler.lookupKey(OzoneManagerRequestHandler.java:495) ~[ozone-manager-1.3.0-SNAPSHOT.jar:?]
	at org.apache.hadoop.ozone.protocolPB.OzoneManagerRequestHandler.handleReadRequest(OzoneManagerRequestHandler.java:188) ~[ozone-manager-1.3.0-SNAPSHOT.jar:?]
	at org.apache.hadoop.ozone.protocolPB.OzoneManagerProtocolServerSideTranslatorPB.submitReadRequestToOM(OzoneManagerProtocolServerSideTranslatorPB.java:226) ~[ozone-manager-1.3.0-SNAPSHOT.jar:?]
	at org.apache.hadoop.ozone.protocolPB.OzoneManagerProtocolServerSideTranslatorPB.processRequest(OzoneManagerProtocolServerSideTranslatorPB.java:175) ~[ozone-manager-1.3.0-SNAPSHOT.jar:?]
	at org.apache.hadoop.hdds.server.OzoneProtocolMessageDispatcher.processRequest(OzoneProtocolMessageDispatcher.java:87) [hdds-server-framework-1.3.0-SNAPSHOT.jar:?]
	at org.apache.hadoop.ozone.protocolPB.OzoneManagerProtocolServerSideTranslatorPB.submitRequest(OzoneManagerProtocolServerSideTranslatorPB.java:147) [ozone-manager-1.3.0-SNAPSHOT.jar:?]
	at org.apache.hadoop.ozone.protocol.proto.OzoneManagerProtocolProtos$OzoneManagerService$2.callBlockingMethod(OzoneManagerProtocolProtos.java) [ozone-interface-client-1.3.0-SNAPSHOT.jar:?]
	at org.apache.hadoop.ipc.ProtobufRpcEngine$Server.processCall(ProtobufRpcEngine.java:466) [hadoop-common-3.3.1.jar:?]
	at org.apache.hadoop.ipc.ProtobufRpcEngine2$Server$ProtoBufRpcInvoker.call(ProtobufRpcEngine2.java:574) [hadoop-common-3.3.1.jar:?]
	at org.apache.hadoop.ipc.ProtobufRpcEngine2$Server$ProtoBufRpcInvoker.call(ProtobufRpcEngine2.java:552) [hadoop-common-3.3.1.jar:?]
	at org.apache.hadoop.ipc.RPC$Server.call(RPC.java:1093) [hadoop-common-3.3.1.jar:?]
	at org.apache.hadoop.ipc.Server$RpcCall.run(Server.java:1035) [hadoop-common-3.3.1.jar:?]
	at org.apache.hadoop.ipc.Server$RpcCall.run(Server.java:963) [hadoop-common-3.3.1.jar:?]
	at java.security.AccessController.doPrivileged(Native Method) ~[?:1.8.0_345]
	at javax.security.auth.Subject.doAs(Subject.java:422) [?:1.8.0_345]
	at org.apache.hadoop.security.UserGroupInformation.doAs(UserGroupInformation.java:1878) [hadoop-common-3.3.1.jar:?]
	at org.apache.hadoop.ipc.Server$Handler.run(Server.java:2966) [hadoop-common-3.3.1.jar:?]
]]></system-out>
  </testcase>
  <testcase name="testCreateDoesNotAddParentDirKeys" classname="TestOzoneFileSystem" time="0.088">
    <system-out><![CDATA[09:55:46.996 [IPC Server handler 16 on default port 43879] ERROR OMAudit - user=runner | ip=127.0.0.1 | op=READ_KEY {volume=volume99279, bucket=bucket29095, key=testCreateDoesNotAddParentDirKeys/parent/, dataSize=0, replicationConfig=null} | ret=FAILURE
org.apache.hadoop.ozone.om.exceptions.OMException: Key:testCreateDoesNotAddParentDirKeys/parent not found
	at org.apache.hadoop.ozone.om.KeyManagerImpl.lookupKey(KeyManagerImpl.java:407) ~[ozone-manager-1.3.0-SNAPSHOT.jar:?]
	at org.apache.hadoop.ozone.om.OzoneManager.lookupKey(OzoneManager.java:2835) ~[ozone-manager-1.3.0-SNAPSHOT.jar:?]
	at org.apache.hadoop.ozone.protocolPB.OzoneManagerRequestHandler.lookupKey(OzoneManagerRequestHandler.java:495) ~[ozone-manager-1.3.0-SNAPSHOT.jar:?]
	at org.apache.hadoop.ozone.protocolPB.OzoneManagerRequestHandler.handleReadRequest(OzoneManagerRequestHandler.java:188) ~[ozone-manager-1.3.0-SNAPSHOT.jar:?]
	at org.apache.hadoop.ozone.protocolPB.OzoneManagerProtocolServerSideTranslatorPB.submitRequestDirectlyToOM(OzoneManagerProtocolServerSideTranslatorPB.java:276) ~[ozone-manager-1.3.0-SNAPSHOT.jar:?]
	at org.apache.hadoop.ozone.protocolPB.OzoneManagerProtocolServerSideTranslatorPB.processRequest(OzoneManagerProtocolServerSideTranslatorPB.java:205) ~[ozone-manager-1.3.0-SNAPSHOT.jar:?]
	at org.apache.hadoop.hdds.server.OzoneProtocolMessageDispatcher.processRequest(OzoneProtocolMessageDispatcher.java:87) [hdds-server-framework-1.3.0-SNAPSHOT.jar:?]
	at org.apache.hadoop.ozone.protocolPB.OzoneManagerProtocolServerSideTranslatorPB.submitRequest(OzoneManagerProtocolServerSideTranslatorPB.java:147) [ozone-manager-1.3.0-SNAPSHOT.jar:?]
	at org.apache.hadoop.ozone.protocol.proto.OzoneManagerProtocolProtos$OzoneManagerService$2.callBlockingMethod(OzoneManagerProtocolProtos.java) [ozone-interface-client-1.3.0-SNAPSHOT.jar:?]
	at org.apache.hadoop.ipc.ProtobufRpcEngine$Server.processCall(ProtobufRpcEngine.java:466) [hadoop-common-3.3.1.jar:?]
	at org.apache.hadoop.ipc.ProtobufRpcEngine2$Server$ProtoBufRpcInvoker.call(ProtobufRpcEngine2.java:574) [hadoop-common-3.3.1.jar:?]
	at org.apache.hadoop.ipc.ProtobufRpcEngine2$Server$ProtoBufRpcInvoker.call(ProtobufRpcEngine2.java:552) [hadoop-common-3.3.1.jar:?]
	at org.apache.hadoop.ipc.RPC$Server.call(RPC.java:1093) [hadoop-common-3.3.1.jar:?]
	at org.apache.hadoop.ipc.Server$RpcCall.run(Server.java:1035) [hadoop-common-3.3.1.jar:?]
	at org.apache.hadoop.ipc.Server$RpcCall.run(Server.java:963) [hadoop-common-3.3.1.jar:?]
	at java.security.AccessController.doPrivileged(Native Method) ~[?:1.8.0_345]
	at javax.security.auth.Subject.doAs(Subject.java:422) [?:1.8.0_345]
	at org.apache.hadoop.security.UserGroupInformation.doAs(UserGroupInformation.java:1878) [hadoop-common-3.3.1.jar:?]
	at org.apache.hadoop.ipc.Server$Handler.run(Server.java:2966) [hadoop-common-3.3.1.jar:?]
]]></system-out>
  </testcase>
  <testcase name="testCreateDoesNotAddParentDirKeys" classname="TestOzoneFileSystem" time="0.213"/>
  <testcase name="testCreateDoesNotAddParentDirKeys" classname="TestOzoneFileSystem" time="0.199"/>
  <testcase name="testDeleteCreatesFakeParentDir" classname="TestOzoneFileSystem" time="0.036">
    <system-out><![CDATA[09:54:22.499 [IPC Server handler 2 on default port 33915] ERROR OMAudit - user=runner | ip=127.0.0.1 | op=READ_KEY {volume=volume02959, bucket=bucket36363, key=testDeleteCreatesFakeParentDir/parent/, dataSize=0, replicationConfig=null} | ret=FAILURE
org.apache.hadoop.ozone.om.exceptions.OMException: Key:testDeleteCreatesFakeParentDir/parent not found
	at org.apache.hadoop.ozone.om.KeyManagerImpl.lookupKey(KeyManagerImpl.java:407) ~[ozone-manager-1.3.0-SNAPSHOT.jar:?]
	at org.apache.hadoop.ozone.om.OzoneManager.lookupKey(OzoneManager.java:2835) ~[ozone-manager-1.3.0-SNAPSHOT.jar:?]
	at org.apache.hadoop.ozone.protocolPB.OzoneManagerRequestHandler.lookupKey(OzoneManagerRequestHandler.java:495) ~[ozone-manager-1.3.0-SNAPSHOT.jar:?]
	at org.apache.hadoop.ozone.protocolPB.OzoneManagerRequestHandler.handleReadRequest(OzoneManagerRequestHandler.java:188) ~[ozone-manager-1.3.0-SNAPSHOT.jar:?]
	at org.apache.hadoop.ozone.protocolPB.OzoneManagerProtocolServerSideTranslatorPB.submitReadRequestToOM(OzoneManagerProtocolServerSideTranslatorPB.java:226) ~[ozone-manager-1.3.0-SNAPSHOT.jar:?]
	at org.apache.hadoop.ozone.protocolPB.OzoneManagerProtocolServerSideTranslatorPB.processRequest(OzoneManagerProtocolServerSideTranslatorPB.java:175) ~[ozone-manager-1.3.0-SNAPSHOT.jar:?]
	at org.apache.hadoop.hdds.server.OzoneProtocolMessageDispatcher.processRequest(OzoneProtocolMessageDispatcher.java:87) [hdds-server-framework-1.3.0-SNAPSHOT.jar:?]
	at org.apache.hadoop.ozone.protocolPB.OzoneManagerProtocolServerSideTranslatorPB.submitRequest(OzoneManagerProtocolServerSideTranslatorPB.java:147) [ozone-manager-1.3.0-SNAPSHOT.jar:?]
	at org.apache.hadoop.ozone.protocol.proto.OzoneManagerProtocolProtos$OzoneManagerService$2.callBlockingMethod(OzoneManagerProtocolProtos.java) [ozone-interface-client-1.3.0-SNAPSHOT.jar:?]
	at org.apache.hadoop.ipc.ProtobufRpcEngine$Server.processCall(ProtobufRpcEngine.java:466) [hadoop-common-3.3.1.jar:?]
	at org.apache.hadoop.ipc.ProtobufRpcEngine2$Server$ProtoBufRpcInvoker.call(ProtobufRpcEngine2.java:574) [hadoop-common-3.3.1.jar:?]
	at org.apache.hadoop.ipc.ProtobufRpcEngine2$Server$ProtoBufRpcInvoker.call(ProtobufRpcEngine2.java:552) [hadoop-common-3.3.1.jar:?]
	at org.apache.hadoop.ipc.RPC$Server.call(RPC.java:1093) [hadoop-common-3.3.1.jar:?]
	at org.apache.hadoop.ipc.Server$RpcCall.run(Server.java:1035) [hadoop-common-3.3.1.jar:?]
	at org.apache.hadoop.ipc.Server$RpcCall.run(Server.java:963) [hadoop-common-3.3.1.jar:?]
	at java.security.AccessController.doPrivileged(Native Method) ~[?:1.8.0_345]
	at javax.security.auth.Subject.doAs(Subject.java:422) [?:1.8.0_345]
	at org.apache.hadoop.security.UserGroupInformation.doAs(UserGroupInformation.java:1878) [hadoop-common-3.3.1.jar:?]
	at org.apache.hadoop.ipc.Server$Handler.run(Server.java:2966) [hadoop-common-3.3.1.jar:?]
]]></system-out>
  </testcase>
  <testcase name="testDeleteCreatesFakeParentDir" classname="TestOzoneFileSystem" time="0.122">
    <system-out><![CDATA[09:55:47.110 [IPC Server handler 7 on default port 43879] ERROR OMAudit - user=runner | ip=127.0.0.1 | op=READ_KEY {volume=volume99279, bucket=bucket29095, key=testDeleteCreatesFakeParentDir/parent/, dataSize=0, replicationConfig=null} | ret=FAILURE
org.apache.hadoop.ozone.om.exceptions.OMException: Key:testDeleteCreatesFakeParentDir/parent not found
	at org.apache.hadoop.ozone.om.KeyManagerImpl.lookupKey(KeyManagerImpl.java:407) ~[ozone-manager-1.3.0-SNAPSHOT.jar:?]
	at org.apache.hadoop.ozone.om.OzoneManager.lookupKey(OzoneManager.java:2835) ~[ozone-manager-1.3.0-SNAPSHOT.jar:?]
	at org.apache.hadoop.ozone.protocolPB.OzoneManagerRequestHandler.lookupKey(OzoneManagerRequestHandler.java:495) ~[ozone-manager-1.3.0-SNAPSHOT.jar:?]
	at org.apache.hadoop.ozone.protocolPB.OzoneManagerRequestHandler.handleReadRequest(OzoneManagerRequestHandler.java:188) ~[ozone-manager-1.3.0-SNAPSHOT.jar:?]
	at org.apache.hadoop.ozone.protocolPB.OzoneManagerProtocolServerSideTranslatorPB.submitRequestDirectlyToOM(OzoneManagerProtocolServerSideTranslatorPB.java:276) ~[ozone-manager-1.3.0-SNAPSHOT.jar:?]
	at org.apache.hadoop.ozone.protocolPB.OzoneManagerProtocolServerSideTranslatorPB.processRequest(OzoneManagerProtocolServerSideTranslatorPB.java:205) ~[ozone-manager-1.3.0-SNAPSHOT.jar:?]
	at org.apache.hadoop.hdds.server.OzoneProtocolMessageDispatcher.processRequest(OzoneProtocolMessageDispatcher.java:87) [hdds-server-framework-1.3.0-SNAPSHOT.jar:?]
	at org.apache.hadoop.ozone.protocolPB.OzoneManagerProtocolServerSideTranslatorPB.submitRequest(OzoneManagerProtocolServerSideTranslatorPB.java:147) [ozone-manager-1.3.0-SNAPSHOT.jar:?]
	at org.apache.hadoop.ozone.protocol.proto.OzoneManagerProtocolProtos$OzoneManagerService$2.callBlockingMethod(OzoneManagerProtocolProtos.java) [ozone-interface-client-1.3.0-SNAPSHOT.jar:?]
	at org.apache.hadoop.ipc.ProtobufRpcEngine$Server.processCall(ProtobufRpcEngine.java:466) [hadoop-common-3.3.1.jar:?]
	at org.apache.hadoop.ipc.ProtobufRpcEngine2$Server$ProtoBufRpcInvoker.call(ProtobufRpcEngine2.java:574) [hadoop-common-3.3.1.jar:?]
	at org.apache.hadoop.ipc.ProtobufRpcEngine2$Server$ProtoBufRpcInvoker.call(ProtobufRpcEngine2.java:552) [hadoop-common-3.3.1.jar:?]
	at org.apache.hadoop.ipc.RPC$Server.call(RPC.java:1093) [hadoop-common-3.3.1.jar:?]
	at org.apache.hadoop.ipc.Server$RpcCall.run(Server.java:1035) [hadoop-common-3.3.1.jar:?]
	at org.apache.hadoop.ipc.Server$RpcCall.run(Server.java:963) [hadoop-common-3.3.1.jar:?]
	at java.security.AccessController.doPrivileged(Native Method) ~[?:1.8.0_345]
	at javax.security.auth.Subject.doAs(Subject.java:422) [?:1.8.0_345]
	at org.apache.hadoop.security.UserGroupInformation.doAs(UserGroupInformation.java:1878) [hadoop-common-3.3.1.jar:?]
	at org.apache.hadoop.ipc.Server$Handler.run(Server.java:2966) [hadoop-common-3.3.1.jar:?]
]]></system-out>
  </testcase>
  <testcase name="testDeleteCreatesFakeParentDir" classname="TestOzoneFileSystem" time="0.147"/>
  <testcase name="testDeleteCreatesFakeParentDir" classname="TestOzoneFileSystem" time="0.121"/>
  <testcase name="testNonExplicitlyCreatedPathExistsAfterItsLeafsWereRemoved" classname="TestOzoneFileSystem" time="0.042">
    <system-out><![CDATA[09:54:22.526 [IPC Server handler 14 on default port 33915] ERROR OMAudit - user=runner | ip=127.0.0.1 | op=GET_FILE_STATUS {volume=volume02959, bucket=bucket36363, key=target/leaf, dataSize=0, replicationConfig=null} | ret=FAILURE
org.apache.hadoop.ozone.om.exceptions.OMException: Unable to get file status: volume: volume02959 bucket: bucket36363 key: target/leaf
	at org.apache.hadoop.ozone.om.KeyManagerImpl.getOzoneFileStatus(KeyManagerImpl.java:1324) ~[ozone-manager-1.3.0-SNAPSHOT.jar:?]
	at org.apache.hadoop.ozone.om.KeyManagerImpl.getFileStatus(KeyManagerImpl.java:1254) ~[ozone-manager-1.3.0-SNAPSHOT.jar:?]
	at org.apache.hadoop.ozone.om.OzoneManager.getFileStatus(OzoneManager.java:3506) ~[ozone-manager-1.3.0-SNAPSHOT.jar:?]
	at org.apache.hadoop.ozone.protocolPB.OzoneManagerRequestHandler.getOzoneFileStatus(OzoneManagerRequestHandler.java:882) ~[ozone-manager-1.3.0-SNAPSHOT.jar:?]
	at org.apache.hadoop.ozone.protocolPB.OzoneManagerRequestHandler.handleReadRequest(OzoneManagerRequestHandler.java:228) ~[ozone-manager-1.3.0-SNAPSHOT.jar:?]
	at org.apache.hadoop.ozone.protocolPB.OzoneManagerProtocolServerSideTranslatorPB.submitReadRequestToOM(OzoneManagerProtocolServerSideTranslatorPB.java:226) ~[ozone-manager-1.3.0-SNAPSHOT.jar:?]
	at org.apache.hadoop.ozone.protocolPB.OzoneManagerProtocolServerSideTranslatorPB.processRequest(OzoneManagerProtocolServerSideTranslatorPB.java:175) ~[ozone-manager-1.3.0-SNAPSHOT.jar:?]
	at org.apache.hadoop.hdds.server.OzoneProtocolMessageDispatcher.processRequest(OzoneProtocolMessageDispatcher.java:87) [hdds-server-framework-1.3.0-SNAPSHOT.jar:?]
	at org.apache.hadoop.ozone.protocolPB.OzoneManagerProtocolServerSideTranslatorPB.submitRequest(OzoneManagerProtocolServerSideTranslatorPB.java:147) [ozone-manager-1.3.0-SNAPSHOT.jar:?]
	at org.apache.hadoop.ozone.protocol.proto.OzoneManagerProtocolProtos$OzoneManagerService$2.callBlockingMethod(OzoneManagerProtocolProtos.java) [ozone-interface-client-1.3.0-SNAPSHOT.jar:?]
	at org.apache.hadoop.ipc.ProtobufRpcEngine$Server.processCall(ProtobufRpcEngine.java:466) [hadoop-common-3.3.1.jar:?]
	at org.apache.hadoop.ipc.ProtobufRpcEngine2$Server$ProtoBufRpcInvoker.call(ProtobufRpcEngine2.java:574) [hadoop-common-3.3.1.jar:?]
	at org.apache.hadoop.ipc.ProtobufRpcEngine2$Server$ProtoBufRpcInvoker.call(ProtobufRpcEngine2.java:552) [hadoop-common-3.3.1.jar:?]
	at org.apache.hadoop.ipc.RPC$Server.call(RPC.java:1093) [hadoop-common-3.3.1.jar:?]
	at org.apache.hadoop.ipc.Server$RpcCall.run(Server.java:1035) [hadoop-common-3.3.1.jar:?]
	at org.apache.hadoop.ipc.Server$RpcCall.run(Server.java:963) [hadoop-common-3.3.1.jar:?]
	at java.security.AccessController.doPrivileged(Native Method) ~[?:1.8.0_345]
	at javax.security.auth.Subject.doAs(Subject.java:422) [?:1.8.0_345]
	at org.apache.hadoop.security.UserGroupInformation.doAs(UserGroupInformation.java:1878) [hadoop-common-3.3.1.jar:?]
	at org.apache.hadoop.ipc.Server$Handler.run(Server.java:2966) [hadoop-common-3.3.1.jar:?]
2022-09-28 09:54:22,527 [Time-limited test] WARN  ozone.BasicOzoneFileSystem (BasicOzoneFileSystem.java:getFileStatus(765)) - GetFileStatus failed for path /target/leaf
java.io.FileNotFoundException: target/leaf: No such file or directory!
	at org.apache.hadoop.fs.ozone.BasicOzoneClientAdapterImpl.getFileStatus(BasicOzoneClientAdapterImpl.java:369)
	at org.apache.hadoop.fs.ozone.BasicOzoneFileSystem.getFileStatus(BasicOzoneFileSystem.java:757)
	at org.apache.hadoop.fs.ozone.BasicOzoneFileSystem.rename(BasicOzoneFileSystem.java:357)
	at org.apache.hadoop.fs.ozone.TestOzoneFileSystem.testNonExplicitlyCreatedPathExistsAfterItsLeafsWereRemoved(TestOzoneFileSystem.java:1030)
	at sun.reflect.NativeMethodAccessorImpl.invoke0(Native Method)
	at sun.reflect.NativeMethodAccessorImpl.invoke(NativeMethodAccessorImpl.java:62)
	at sun.reflect.DelegatingMethodAccessorImpl.invoke(DelegatingMethodAccessorImpl.java:43)
	at java.lang.reflect.Method.invoke(Method.java:498)
	at org.junit.runners.model.FrameworkMethod$1.runReflectiveCall(FrameworkMethod.java:59)
	at org.junit.internal.runners.model.ReflectiveCallable.run(ReflectiveCallable.java:12)
	at org.junit.runners.model.FrameworkMethod.invokeExplosively(FrameworkMethod.java:56)
	at org.junit.internal.runners.statements.InvokeMethod.evaluate(InvokeMethod.java:17)
	at org.junit.internal.runners.statements.RunAfters.evaluate(RunAfters.java:27)
	at org.junit.internal.runners.statements.FailOnTimeout$CallableStatement.call(FailOnTimeout.java:288)
	at org.junit.internal.runners.statements.FailOnTimeout$CallableStatement.call(FailOnTimeout.java:282)
	at java.util.concurrent.FutureTask.run(FutureTask.java:266)
	at java.lang.Thread.run(Thread.java:750)
]]></system-out>
  </testcase>
  <testcase name="testNonExplicitlyCreatedPathExistsAfterItsLeafsWereRemoved" classname="TestOzoneFileSystem" time="0.03">
    <system-out><![CDATA[09:55:47.149 [IPC Server handler 4 on default port 43879] ERROR OMAudit - user=runner | ip=127.0.0.1 | op=GET_FILE_STATUS {volume=volume99279, bucket=bucket29095, key=target/leaf, dataSize=0, replicationConfig=null} | ret=FAILURE
org.apache.hadoop.ozone.om.exceptions.OMException: Unable to get file status: volume: volume99279 bucket: bucket29095 key: target/leaf
	at org.apache.hadoop.ozone.om.KeyManagerImpl.getOzoneFileStatus(KeyManagerImpl.java:1324) ~[ozone-manager-1.3.0-SNAPSHOT.jar:?]
	at org.apache.hadoop.ozone.om.KeyManagerImpl.getFileStatus(KeyManagerImpl.java:1254) ~[ozone-manager-1.3.0-SNAPSHOT.jar:?]
	at org.apache.hadoop.ozone.om.OzoneManager.getFileStatus(OzoneManager.java:3506) ~[ozone-manager-1.3.0-SNAPSHOT.jar:?]
	at org.apache.hadoop.ozone.protocolPB.OzoneManagerRequestHandler.getOzoneFileStatus(OzoneManagerRequestHandler.java:882) ~[ozone-manager-1.3.0-SNAPSHOT.jar:?]
	at org.apache.hadoop.ozone.protocolPB.OzoneManagerRequestHandler.handleReadRequest(OzoneManagerRequestHandler.java:228) ~[ozone-manager-1.3.0-SNAPSHOT.jar:?]
	at org.apache.hadoop.ozone.protocolPB.OzoneManagerProtocolServerSideTranslatorPB.submitRequestDirectlyToOM(OzoneManagerProtocolServerSideTranslatorPB.java:276) ~[ozone-manager-1.3.0-SNAPSHOT.jar:?]
	at org.apache.hadoop.ozone.protocolPB.OzoneManagerProtocolServerSideTranslatorPB.processRequest(OzoneManagerProtocolServerSideTranslatorPB.java:205) ~[ozone-manager-1.3.0-SNAPSHOT.jar:?]
	at org.apache.hadoop.hdds.server.OzoneProtocolMessageDispatcher.processRequest(OzoneProtocolMessageDispatcher.java:87) [hdds-server-framework-1.3.0-SNAPSHOT.jar:?]
	at org.apache.hadoop.ozone.protocolPB.OzoneManagerProtocolServerSideTranslatorPB.submitRequest(OzoneManagerProtocolServerSideTranslatorPB.java:147) [ozone-manager-1.3.0-SNAPSHOT.jar:?]
	at org.apache.hadoop.ozone.protocol.proto.OzoneManagerProtocolProtos$OzoneManagerService$2.callBlockingMethod(OzoneManagerProtocolProtos.java) [ozone-interface-client-1.3.0-SNAPSHOT.jar:?]
	at org.apache.hadoop.ipc.ProtobufRpcEngine$Server.processCall(ProtobufRpcEngine.java:466) [hadoop-common-3.3.1.jar:?]
	at org.apache.hadoop.ipc.ProtobufRpcEngine2$Server$ProtoBufRpcInvoker.call(ProtobufRpcEngine2.java:574) [hadoop-common-3.3.1.jar:?]
	at org.apache.hadoop.ipc.ProtobufRpcEngine2$Server$ProtoBufRpcInvoker.call(ProtobufRpcEngine2.java:552) [hadoop-common-3.3.1.jar:?]
	at org.apache.hadoop.ipc.RPC$Server.call(RPC.java:1093) [hadoop-common-3.3.1.jar:?]
	at org.apache.hadoop.ipc.Server$RpcCall.run(Server.java:1035) [hadoop-common-3.3.1.jar:?]
	at org.apache.hadoop.ipc.Server$RpcCall.run(Server.java:963) [hadoop-common-3.3.1.jar:?]
	at java.security.AccessController.doPrivileged(Native Method) ~[?:1.8.0_345]
	at javax.security.auth.Subject.doAs(Subject.java:422) [?:1.8.0_345]
	at org.apache.hadoop.security.UserGroupInformation.doAs(UserGroupInformation.java:1878) [hadoop-common-3.3.1.jar:?]
	at org.apache.hadoop.ipc.Server$Handler.run(Server.java:2966) [hadoop-common-3.3.1.jar:?]
2022-09-28 09:55:47,150 [Time-limited test] WARN  ozone.BasicOzoneFileSystem (BasicOzoneFileSystem.java:getFileStatus(765)) - GetFileStatus failed for path /target/leaf
java.io.FileNotFoundException: target/leaf: No such file or directory!
	at org.apache.hadoop.fs.ozone.BasicOzoneClientAdapterImpl.getFileStatus(BasicOzoneClientAdapterImpl.java:369)
	at org.apache.hadoop.fs.ozone.BasicOzoneFileSystem.getFileStatus(BasicOzoneFileSystem.java:757)
	at org.apache.hadoop.fs.ozone.BasicOzoneFileSystem.rename(BasicOzoneFileSystem.java:357)
	at org.apache.hadoop.fs.ozone.TestOzoneFileSystem.testNonExplicitlyCreatedPathExistsAfterItsLeafsWereRemoved(TestOzoneFileSystem.java:1030)
	at sun.reflect.NativeMethodAccessorImpl.invoke0(Native Method)
	at sun.reflect.NativeMethodAccessorImpl.invoke(NativeMethodAccessorImpl.java:62)
	at sun.reflect.DelegatingMethodAccessorImpl.invoke(DelegatingMethodAccessorImpl.java:43)
	at java.lang.reflect.Method.invoke(Method.java:498)
	at org.junit.runners.model.FrameworkMethod$1.runReflectiveCall(FrameworkMethod.java:59)
	at org.junit.internal.runners.model.ReflectiveCallable.run(ReflectiveCallable.java:12)
	at org.junit.runners.model.FrameworkMethod.invokeExplosively(FrameworkMethod.java:56)
	at org.junit.internal.runners.statements.InvokeMethod.evaluate(InvokeMethod.java:17)
	at org.junit.internal.runners.statements.RunAfters.evaluate(RunAfters.java:27)
	at org.junit.internal.runners.statements.FailOnTimeout$CallableStatement.call(FailOnTimeout.java:288)
	at org.junit.internal.runners.statements.FailOnTimeout$CallableStatement.call(FailOnTimeout.java:282)
	at java.util.concurrent.FutureTask.run(FutureTask.java:266)
	at java.lang.Thread.run(Thread.java:750)
]]></system-out>
  </testcase>
  <testcase name="testNonExplicitlyCreatedPathExistsAfterItsLeafsWereRemoved" classname="TestOzoneFileSystem" time="0.096">
    <system-out><![CDATA[09:57:08.780 [IPC Server handler 16 on default port 44537] ERROR OMAudit - user=runner | ip=127.0.0.1 | op=GET_FILE_STATUS {volume=volume16412, bucket=bucket93813, key=target/leaf, dataSize=0, replicationConfig=null} | ret=FAILURE
org.apache.hadoop.ozone.om.exceptions.OMException: Unable to get file status: volume: volume16412 bucket: bucket93813 key: target/leaf
	at org.apache.hadoop.ozone.om.KeyManagerImpl.getOzoneFileStatus(KeyManagerImpl.java:1324) ~[ozone-manager-1.3.0-SNAPSHOT.jar:?]
	at org.apache.hadoop.ozone.om.KeyManagerImpl.getFileStatus(KeyManagerImpl.java:1254) ~[ozone-manager-1.3.0-SNAPSHOT.jar:?]
	at org.apache.hadoop.ozone.om.OzoneManager.getFileStatus(OzoneManager.java:3506) ~[ozone-manager-1.3.0-SNAPSHOT.jar:?]
	at org.apache.hadoop.ozone.protocolPB.OzoneManagerRequestHandler.getOzoneFileStatus(OzoneManagerRequestHandler.java:882) ~[ozone-manager-1.3.0-SNAPSHOT.jar:?]
	at org.apache.hadoop.ozone.protocolPB.OzoneManagerRequestHandler.handleReadRequest(OzoneManagerRequestHandler.java:228) ~[ozone-manager-1.3.0-SNAPSHOT.jar:?]
	at org.apache.hadoop.ozone.protocolPB.OzoneManagerProtocolServerSideTranslatorPB.submitReadRequestToOM(OzoneManagerProtocolServerSideTranslatorPB.java:226) ~[ozone-manager-1.3.0-SNAPSHOT.jar:?]
	at org.apache.hadoop.ozone.protocolPB.OzoneManagerProtocolServerSideTranslatorPB.processRequest(OzoneManagerProtocolServerSideTranslatorPB.java:175) ~[ozone-manager-1.3.0-SNAPSHOT.jar:?]
	at org.apache.hadoop.hdds.server.OzoneProtocolMessageDispatcher.processRequest(OzoneProtocolMessageDispatcher.java:87) [hdds-server-framework-1.3.0-SNAPSHOT.jar:?]
	at org.apache.hadoop.ozone.protocolPB.OzoneManagerProtocolServerSideTranslatorPB.submitRequest(OzoneManagerProtocolServerSideTranslatorPB.java:147) [ozone-manager-1.3.0-SNAPSHOT.jar:?]
	at org.apache.hadoop.ozone.protocol.proto.OzoneManagerProtocolProtos$OzoneManagerService$2.callBlockingMethod(OzoneManagerProtocolProtos.java) [ozone-interface-client-1.3.0-SNAPSHOT.jar:?]
	at org.apache.hadoop.ipc.ProtobufRpcEngine$Server.processCall(ProtobufRpcEngine.java:466) [hadoop-common-3.3.1.jar:?]
	at org.apache.hadoop.ipc.ProtobufRpcEngine2$Server$ProtoBufRpcInvoker.call(ProtobufRpcEngine2.java:574) [hadoop-common-3.3.1.jar:?]
	at org.apache.hadoop.ipc.ProtobufRpcEngine2$Server$ProtoBufRpcInvoker.call(ProtobufRpcEngine2.java:552) [hadoop-common-3.3.1.jar:?]
	at org.apache.hadoop.ipc.RPC$Server.call(RPC.java:1093) [hadoop-common-3.3.1.jar:?]
	at org.apache.hadoop.ipc.Server$RpcCall.run(Server.java:1035) [hadoop-common-3.3.1.jar:?]
	at org.apache.hadoop.ipc.Server$RpcCall.run(Server.java:963) [hadoop-common-3.3.1.jar:?]
	at java.security.AccessController.doPrivileged(Native Method) ~[?:1.8.0_345]
	at javax.security.auth.Subject.doAs(Subject.java:422) [?:1.8.0_345]
	at org.apache.hadoop.security.UserGroupInformation.doAs(UserGroupInformation.java:1878) [hadoop-common-3.3.1.jar:?]
	at org.apache.hadoop.ipc.Server$Handler.run(Server.java:2966) [hadoop-common-3.3.1.jar:?]
2022-09-28 09:57:08,784 [Time-limited test] WARN  ozone.BasicOzoneFileSystem (BasicOzoneFileSystem.java:getFileStatus(765)) - GetFileStatus failed for path /target/leaf
java.io.FileNotFoundException: target/leaf: No such file or directory!
	at org.apache.hadoop.fs.ozone.BasicOzoneClientAdapterImpl.getFileStatus(BasicOzoneClientAdapterImpl.java:369)
	at org.apache.hadoop.fs.ozone.BasicOzoneFileSystem.getFileStatus(BasicOzoneFileSystem.java:757)
	at org.apache.hadoop.fs.ozone.BasicOzoneFileSystem.rename(BasicOzoneFileSystem.java:357)
	at org.apache.hadoop.fs.ozone.TestOzoneFileSystem.testNonExplicitlyCreatedPathExistsAfterItsLeafsWereRemoved(TestOzoneFileSystem.java:1030)
	at sun.reflect.NativeMethodAccessorImpl.invoke0(Native Method)
	at sun.reflect.NativeMethodAccessorImpl.invoke(NativeMethodAccessorImpl.java:62)
	at sun.reflect.DelegatingMethodAccessorImpl.invoke(DelegatingMethodAccessorImpl.java:43)
	at java.lang.reflect.Method.invoke(Method.java:498)
	at org.junit.runners.model.FrameworkMethod$1.runReflectiveCall(FrameworkMethod.java:59)
	at org.junit.internal.runners.model.ReflectiveCallable.run(ReflectiveCallable.java:12)
	at org.junit.runners.model.FrameworkMethod.invokeExplosively(FrameworkMethod.java:56)
	at org.junit.internal.runners.statements.InvokeMethod.evaluate(InvokeMethod.java:17)
	at org.junit.internal.runners.statements.RunAfters.evaluate(RunAfters.java:27)
	at org.junit.internal.runners.statements.FailOnTimeout$CallableStatement.call(FailOnTimeout.java:288)
	at org.junit.internal.runners.statements.FailOnTimeout$CallableStatement.call(FailOnTimeout.java:282)
	at java.util.concurrent.FutureTask.run(FutureTask.java:266)
	at java.lang.Thread.run(Thread.java:750)
]]></system-out>
  </testcase>
  <testcase name="testNonExplicitlyCreatedPathExistsAfterItsLeafsWereRemoved" classname="TestOzoneFileSystem" time="0.063">
    <system-out><![CDATA[09:59:04.621 [IPC Server handler 1 on default port 38925] ERROR OMAudit - user=runner | ip=127.0.0.1 | op=GET_FILE_STATUS {volume=volume75139, bucket=bucket52642, key=target/leaf, dataSize=0, replicationConfig=null} | ret=FAILURE
org.apache.hadoop.ozone.om.exceptions.OMException: Unable to get file status: volume: volume75139 bucket: bucket52642 key: target/leaf
	at org.apache.hadoop.ozone.om.KeyManagerImpl.getOzoneFileStatus(KeyManagerImpl.java:1324) ~[ozone-manager-1.3.0-SNAPSHOT.jar:?]
	at org.apache.hadoop.ozone.om.KeyManagerImpl.getFileStatus(KeyManagerImpl.java:1254) ~[ozone-manager-1.3.0-SNAPSHOT.jar:?]
	at org.apache.hadoop.ozone.om.OzoneManager.getFileStatus(OzoneManager.java:3506) ~[ozone-manager-1.3.0-SNAPSHOT.jar:?]
	at org.apache.hadoop.ozone.protocolPB.OzoneManagerRequestHandler.getOzoneFileStatus(OzoneManagerRequestHandler.java:882) ~[ozone-manager-1.3.0-SNAPSHOT.jar:?]
	at org.apache.hadoop.ozone.protocolPB.OzoneManagerRequestHandler.handleReadRequest(OzoneManagerRequestHandler.java:228) ~[ozone-manager-1.3.0-SNAPSHOT.jar:?]
	at org.apache.hadoop.ozone.protocolPB.OzoneManagerProtocolServerSideTranslatorPB.submitRequestDirectlyToOM(OzoneManagerProtocolServerSideTranslatorPB.java:276) ~[ozone-manager-1.3.0-SNAPSHOT.jar:?]
	at org.apache.hadoop.ozone.protocolPB.OzoneManagerProtocolServerSideTranslatorPB.processRequest(OzoneManagerProtocolServerSideTranslatorPB.java:205) ~[ozone-manager-1.3.0-SNAPSHOT.jar:?]
	at org.apache.hadoop.hdds.server.OzoneProtocolMessageDispatcher.processRequest(OzoneProtocolMessageDispatcher.java:87) [hdds-server-framework-1.3.0-SNAPSHOT.jar:?]
	at org.apache.hadoop.ozone.protocolPB.OzoneManagerProtocolServerSideTranslatorPB.submitRequest(OzoneManagerProtocolServerSideTranslatorPB.java:147) [ozone-manager-1.3.0-SNAPSHOT.jar:?]
	at org.apache.hadoop.ozone.protocol.proto.OzoneManagerProtocolProtos$OzoneManagerService$2.callBlockingMethod(OzoneManagerProtocolProtos.java) [ozone-interface-client-1.3.0-SNAPSHOT.jar:?]
	at org.apache.hadoop.ipc.ProtobufRpcEngine$Server.processCall(ProtobufRpcEngine.java:466) [hadoop-common-3.3.1.jar:?]
	at org.apache.hadoop.ipc.ProtobufRpcEngine2$Server$ProtoBufRpcInvoker.call(ProtobufRpcEngine2.java:574) [hadoop-common-3.3.1.jar:?]
	at org.apache.hadoop.ipc.ProtobufRpcEngine2$Server$ProtoBufRpcInvoker.call(ProtobufRpcEngine2.java:552) [hadoop-common-3.3.1.jar:?]
	at org.apache.hadoop.ipc.RPC$Server.call(RPC.java:1093) [hadoop-common-3.3.1.jar:?]
	at org.apache.hadoop.ipc.Server$RpcCall.run(Server.java:1035) [hadoop-common-3.3.1.jar:?]
	at org.apache.hadoop.ipc.Server$RpcCall.run(Server.java:963) [hadoop-common-3.3.1.jar:?]
	at java.security.AccessController.doPrivileged(Native Method) ~[?:1.8.0_345]
	at javax.security.auth.Subject.doAs(Subject.java:422) [?:1.8.0_345]
	at org.apache.hadoop.security.UserGroupInformation.doAs(UserGroupInformation.java:1878) [hadoop-common-3.3.1.jar:?]
	at org.apache.hadoop.ipc.Server$Handler.run(Server.java:2966) [hadoop-common-3.3.1.jar:?]
2022-09-28 09:59:04,624 [Time-limited test] WARN  ozone.BasicOzoneFileSystem (BasicOzoneFileSystem.java:getFileStatus(765)) - GetFileStatus failed for path /target/leaf
java.io.FileNotFoundException: target/leaf: No such file or directory!
	at org.apache.hadoop.fs.ozone.BasicOzoneClientAdapterImpl.getFileStatus(BasicOzoneClientAdapterImpl.java:369)
	at org.apache.hadoop.fs.ozone.BasicOzoneFileSystem.getFileStatus(BasicOzoneFileSystem.java:757)
	at org.apache.hadoop.fs.ozone.BasicOzoneFileSystem.rename(BasicOzoneFileSystem.java:357)
	at org.apache.hadoop.fs.ozone.TestOzoneFileSystem.testNonExplicitlyCreatedPathExistsAfterItsLeafsWereRemoved(TestOzoneFileSystem.java:1030)
	at sun.reflect.NativeMethodAccessorImpl.invoke0(Native Method)
	at sun.reflect.NativeMethodAccessorImpl.invoke(NativeMethodAccessorImpl.java:62)
	at sun.reflect.DelegatingMethodAccessorImpl.invoke(DelegatingMethodAccessorImpl.java:43)
	at java.lang.reflect.Method.invoke(Method.java:498)
	at org.junit.runners.model.FrameworkMethod$1.runReflectiveCall(FrameworkMethod.java:59)
	at org.junit.internal.runners.model.ReflectiveCallable.run(ReflectiveCallable.java:12)
	at org.junit.runners.model.FrameworkMethod.invokeExplosively(FrameworkMethod.java:56)
	at org.junit.internal.runners.statements.InvokeMethod.evaluate(InvokeMethod.java:17)
	at org.junit.internal.runners.statements.RunAfters.evaluate(RunAfters.java:27)
	at org.junit.internal.runners.statements.FailOnTimeout$CallableStatement.call(FailOnTimeout.java:288)
	at org.junit.internal.runners.statements.FailOnTimeout$CallableStatement.call(FailOnTimeout.java:282)
	at java.util.concurrent.FutureTask.run(FutureTask.java:266)
	at java.lang.Thread.run(Thread.java:750)
]]></system-out>
  </testcase>
  <testcase name="testCreateFileShouldCheckExistenceOfDirWithSameName" classname="TestOzoneFileSystem" time="0.045">
    <system-out><![CDATA[09:54:22.573 [OM StateMachine ApplyTransaction Thread - 0] ERROR OMAudit - user=runner | ip=127.0.0.1 | op=CREATE_FILE {volume=volume02959, bucket=bucket36363, key=d1/d2/d3/d4/key2, dataSize=4194304, replicationType=RATIS, replicationFactor=THREE} | ret=FAILURE
org.apache.hadoop.ozone.om.exceptions.OMException: Can not write to directory: d1/d2/d3/d4/key2
	at org.apache.hadoop.ozone.om.request.file.OMFileCreateRequest.checkDirectoryResult(OMFileCreateRequest.java:364) ~[ozone-manager-1.3.0-SNAPSHOT.jar:?]
	at org.apache.hadoop.ozone.om.request.file.OMFileCreateRequest.validateAndUpdateCache(OMFileCreateRequest.java:240) ~[ozone-manager-1.3.0-SNAPSHOT.jar:?]
	at org.apache.hadoop.ozone.protocolPB.OzoneManagerRequestHandler.handleWriteRequest(OzoneManagerRequestHandler.java:304) ~[ozone-manager-1.3.0-SNAPSHOT.jar:?]
	at org.apache.hadoop.ozone.om.ratis.OzoneManagerStateMachine.runCommand(OzoneManagerStateMachine.java:529) ~[ozone-manager-1.3.0-SNAPSHOT.jar:?]
	at org.apache.hadoop.ozone.om.ratis.OzoneManagerStateMachine.lambda$1(OzoneManagerStateMachine.java:324) ~[ozone-manager-1.3.0-SNAPSHOT.jar:?]
	at java.util.concurrent.CompletableFuture$AsyncSupply.run(CompletableFuture.java:1604) [?:1.8.0_345]
	at java.util.concurrent.ThreadPoolExecutor.runWorker(ThreadPoolExecutor.java:1149) [?:1.8.0_345]
	at java.util.concurrent.ThreadPoolExecutor$Worker.run(ThreadPoolExecutor.java:624) [?:1.8.0_345]
	at java.lang.Thread.run(Thread.java:750) [?:1.8.0_345]
2022-09-28 09:54:22,573 [OM StateMachine ApplyTransaction Thread - 0] ERROR file.OMFileCreateRequest (OMFileCreateRequest.java:validateAndUpdateCache(337)) - File create failed. Volume:volume02959, Bucket:bucket36363, Keyd1/d2/d3/d4/key2.
NOT_A_FILE org.apache.hadoop.ozone.om.exceptions.OMException: Can not write to directory: d1/d2/d3/d4/key2
	at org.apache.hadoop.ozone.om.request.file.OMFileCreateRequest.checkDirectoryResult(OMFileCreateRequest.java:364)
	at org.apache.hadoop.ozone.om.request.file.OMFileCreateRequest.validateAndUpdateCache(OMFileCreateRequest.java:240)
	at org.apache.hadoop.ozone.protocolPB.OzoneManagerRequestHandler.handleWriteRequest(OzoneManagerRequestHandler.java:304)
	at org.apache.hadoop.ozone.om.ratis.OzoneManagerStateMachine.runCommand(OzoneManagerStateMachine.java:529)
	at org.apache.hadoop.ozone.om.ratis.OzoneManagerStateMachine.lambda$1(OzoneManagerStateMachine.java:324)
	at java.util.concurrent.CompletableFuture$AsyncSupply.run(CompletableFuture.java:1604)
	at java.util.concurrent.ThreadPoolExecutor.runWorker(ThreadPoolExecutor.java:1149)
	at java.util.concurrent.ThreadPoolExecutor$Worker.run(ThreadPoolExecutor.java:624)
	at java.lang.Thread.run(Thread.java:750)
09:54:22.582 [OM StateMachine ApplyTransaction Thread - 0] ERROR OMAudit - user=runner | ip=127.0.0.1 | op=CREATE_DIRECTORY {volume=volume02959, bucket=bucket36363, key=d1/d2/d3/d4/key3, dataSize=0, replicationType=NONE, replicationFactor=ZERO} | ret=FAILURE
org.apache.hadoop.ozone.om.exceptions.OMException: Unable to create directory: d1/d2/d3/d4/key3 in volume/bucket: volume02959/bucket36363
	at org.apache.hadoop.ozone.om.request.file.OMDirectoryCreateRequest.validateAndUpdateCache(OMDirectoryCreateRequest.java:198) ~[ozone-manager-1.3.0-SNAPSHOT.jar:?]
	at org.apache.hadoop.ozone.protocolPB.OzoneManagerRequestHandler.handleWriteRequest(OzoneManagerRequestHandler.java:304) ~[ozone-manager-1.3.0-SNAPSHOT.jar:?]
	at org.apache.hadoop.ozone.om.ratis.OzoneManagerStateMachine.runCommand(OzoneManagerStateMachine.java:529) ~[ozone-manager-1.3.0-SNAPSHOT.jar:?]
	at org.apache.hadoop.ozone.om.ratis.OzoneManagerStateMachine.lambda$1(OzoneManagerStateMachine.java:324) ~[ozone-manager-1.3.0-SNAPSHOT.jar:?]
	at java.util.concurrent.CompletableFuture$AsyncSupply.run(CompletableFuture.java:1604) [?:1.8.0_345]
	at java.util.concurrent.ThreadPoolExecutor.runWorker(ThreadPoolExecutor.java:1149) [?:1.8.0_345]
	at java.util.concurrent.ThreadPoolExecutor$Worker.run(ThreadPoolExecutor.java:624) [?:1.8.0_345]
	at java.lang.Thread.run(Thread.java:750) [?:1.8.0_345]
2022-09-28 09:54:22,582 [OM StateMachine ApplyTransaction Thread - 0] ERROR file.OMDirectoryCreateRequest (OMDirectoryCreateRequest.java:logResult(331)) - Directory creation failed. Volume:volume02959, Bucket:bucket36363, Keyd1/d2/d3/d4/key3. Exception:{}
FILE_ALREADY_EXISTS org.apache.hadoop.ozone.om.exceptions.OMException: Unable to create directory: d1/d2/d3/d4/key3 in volume/bucket: volume02959/bucket36363
	at org.apache.hadoop.ozone.om.request.file.OMDirectoryCreateRequest.validateAndUpdateCache(OMDirectoryCreateRequest.java:198)
	at org.apache.hadoop.ozone.protocolPB.OzoneManagerRequestHandler.handleWriteRequest(OzoneManagerRequestHandler.java:304)
	at org.apache.hadoop.ozone.om.ratis.OzoneManagerStateMachine.runCommand(OzoneManagerStateMachine.java:529)
	at org.apache.hadoop.ozone.om.ratis.OzoneManagerStateMachine.lambda$1(OzoneManagerStateMachine.java:324)
	at java.util.concurrent.CompletableFuture$AsyncSupply.run(CompletableFuture.java:1604)
	at java.util.concurrent.ThreadPoolExecutor.runWorker(ThreadPoolExecutor.java:1149)
	at java.util.concurrent.ThreadPoolExecutor$Worker.run(ThreadPoolExecutor.java:624)
	at java.lang.Thread.run(Thread.java:750)
09:54:22.586 [OM StateMachine ApplyTransaction Thread - 0] ERROR OMAudit - user=runner | ip=127.0.0.1 | op=CREATE_FILE {volume=volume02959, bucket=bucket36363, key=d1/d2/d3, dataSize=4194304, replicationType=RATIS, replicationFactor=THREE} | ret=FAILURE
org.apache.hadoop.ozone.om.exceptions.OMException: Can not write to directory: d1/d2/d3
	at org.apache.hadoop.ozone.om.request.file.OMFileCreateRequest.checkDirectoryResult(OMFileCreateRequest.java:364) ~[ozone-manager-1.3.0-SNAPSHOT.jar:?]
	at org.apache.hadoop.ozone.om.request.file.OMFileCreateRequest.validateAndUpdateCache(OMFileCreateRequest.java:240) ~[ozone-manager-1.3.0-SNAPSHOT.jar:?]
	at org.apache.hadoop.ozone.protocolPB.OzoneManagerRequestHandler.handleWriteRequest(OzoneManagerRequestHandler.java:304) ~[ozone-manager-1.3.0-SNAPSHOT.jar:?]
	at org.apache.hadoop.ozone.om.ratis.OzoneManagerStateMachine.runCommand(OzoneManagerStateMachine.java:529) ~[ozone-manager-1.3.0-SNAPSHOT.jar:?]
	at org.apache.hadoop.ozone.om.ratis.OzoneManagerStateMachine.lambda$1(OzoneManagerStateMachine.java:324) ~[ozone-manager-1.3.0-SNAPSHOT.jar:?]
	at java.util.concurrent.CompletableFuture$AsyncSupply.run(CompletableFuture.java:1604) [?:1.8.0_345]
	at java.util.concurrent.ThreadPoolExecutor.runWorker(ThreadPoolExecutor.java:1149) [?:1.8.0_345]
	at java.util.concurrent.ThreadPoolExecutor$Worker.run(ThreadPoolExecutor.java:624) [?:1.8.0_345]
	at java.lang.Thread.run(Thread.java:750) [?:1.8.0_345]
2022-09-28 09:54:22,586 [OM StateMachine ApplyTransaction Thread - 0] ERROR file.OMFileCreateRequest (OMFileCreateRequest.java:validateAndUpdateCache(337)) - File create failed. Volume:volume02959, Bucket:bucket36363, Keyd1/d2/d3.
NOT_A_FILE org.apache.hadoop.ozone.om.exceptions.OMException: Can not write to directory: d1/d2/d3
	at org.apache.hadoop.ozone.om.request.file.OMFileCreateRequest.checkDirectoryResult(OMFileCreateRequest.java:364)
	at org.apache.hadoop.ozone.om.request.file.OMFileCreateRequest.validateAndUpdateCache(OMFileCreateRequest.java:240)
	at org.apache.hadoop.ozone.protocolPB.OzoneManagerRequestHandler.handleWriteRequest(OzoneManagerRequestHandler.java:304)
	at org.apache.hadoop.ozone.om.ratis.OzoneManagerStateMachine.runCommand(OzoneManagerStateMachine.java:529)
	at org.apache.hadoop.ozone.om.ratis.OzoneManagerStateMachine.lambda$1(OzoneManagerStateMachine.java:324)
	at java.util.concurrent.CompletableFuture$AsyncSupply.run(CompletableFuture.java:1604)
	at java.util.concurrent.ThreadPoolExecutor.runWorker(ThreadPoolExecutor.java:1149)
	at java.util.concurrent.ThreadPoolExecutor$Worker.run(ThreadPoolExecutor.java:624)
	at java.lang.Thread.run(Thread.java:750)
09:54:22.588 [IPC Server handler 9 on default port 33915] ERROR OMAudit - user=runner | ip=127.0.0.1 | op=GET_FILE_STATUS {volume=volume02959, bucket=bucket36363, key=d1/d2/d3/d4/key3/invalid, dataSize=0, replicationConfig=null} | ret=FAILURE
org.apache.hadoop.ozone.om.exceptions.OMException: Unable to get file status: volume: volume02959 bucket: bucket36363 key: d1/d2/d3/d4/key3/invalid
	at org.apache.hadoop.ozone.om.KeyManagerImpl.getOzoneFileStatus(KeyManagerImpl.java:1324) ~[ozone-manager-1.3.0-SNAPSHOT.jar:?]
	at org.apache.hadoop.ozone.om.KeyManagerImpl.getFileStatus(KeyManagerImpl.java:1254) ~[ozone-manager-1.3.0-SNAPSHOT.jar:?]
	at org.apache.hadoop.ozone.om.OzoneManager.getFileStatus(OzoneManager.java:3506) ~[ozone-manager-1.3.0-SNAPSHOT.jar:?]
	at org.apache.hadoop.ozone.protocolPB.OzoneManagerRequestHandler.getOzoneFileStatus(OzoneManagerRequestHandler.java:882) ~[ozone-manager-1.3.0-SNAPSHOT.jar:?]
	at org.apache.hadoop.ozone.protocolPB.OzoneManagerRequestHandler.handleReadRequest(OzoneManagerRequestHandler.java:228) ~[ozone-manager-1.3.0-SNAPSHOT.jar:?]
	at org.apache.hadoop.ozone.protocolPB.OzoneManagerProtocolServerSideTranslatorPB.submitReadRequestToOM(OzoneManagerProtocolServerSideTranslatorPB.java:226) ~[ozone-manager-1.3.0-SNAPSHOT.jar:?]
	at org.apache.hadoop.ozone.protocolPB.OzoneManagerProtocolServerSideTranslatorPB.processRequest(OzoneManagerProtocolServerSideTranslatorPB.java:175) ~[ozone-manager-1.3.0-SNAPSHOT.jar:?]
	at org.apache.hadoop.hdds.server.OzoneProtocolMessageDispatcher.processRequest(OzoneProtocolMessageDispatcher.java:87) [hdds-server-framework-1.3.0-SNAPSHOT.jar:?]
	at org.apache.hadoop.ozone.protocolPB.OzoneManagerProtocolServerSideTranslatorPB.submitRequest(OzoneManagerProtocolServerSideTranslatorPB.java:147) [ozone-manager-1.3.0-SNAPSHOT.jar:?]
	at org.apache.hadoop.ozone.protocol.proto.OzoneManagerProtocolProtos$OzoneManagerService$2.callBlockingMethod(OzoneManagerProtocolProtos.java) [ozone-interface-client-1.3.0-SNAPSHOT.jar:?]
	at org.apache.hadoop.ipc.ProtobufRpcEngine$Server.processCall(ProtobufRpcEngine.java:466) [hadoop-common-3.3.1.jar:?]
	at org.apache.hadoop.ipc.ProtobufRpcEngine2$Server$ProtoBufRpcInvoker.call(ProtobufRpcEngine2.java:574) [hadoop-common-3.3.1.jar:?]
	at org.apache.hadoop.ipc.ProtobufRpcEngine2$Server$ProtoBufRpcInvoker.call(ProtobufRpcEngine2.java:552) [hadoop-common-3.3.1.jar:?]
	at org.apache.hadoop.ipc.RPC$Server.call(RPC.java:1093) [hadoop-common-3.3.1.jar:?]
	at org.apache.hadoop.ipc.Server$RpcCall.run(Server.java:1035) [hadoop-common-3.3.1.jar:?]
	at org.apache.hadoop.ipc.Server$RpcCall.run(Server.java:963) [hadoop-common-3.3.1.jar:?]
	at java.security.AccessController.doPrivileged(Native Method) ~[?:1.8.0_345]
	at javax.security.auth.Subject.doAs(Subject.java:422) [?:1.8.0_345]
	at org.apache.hadoop.security.UserGroupInformation.doAs(UserGroupInformation.java:1878) [hadoop-common-3.3.1.jar:?]
	at org.apache.hadoop.ipc.Server$Handler.run(Server.java:2966) [hadoop-common-3.3.1.jar:?]
2022-09-28 09:54:22,588 [Time-limited test] WARN  ozone.BasicOzoneFileSystem (BasicOzoneFileSystem.java:getFileStatus(765)) - GetFileStatus failed for path /d1/d2/d3/d4/key3/invalid
java.io.FileNotFoundException: d1/d2/d3/d4/key3/invalid: No such file or directory!
	at org.apache.hadoop.fs.ozone.BasicOzoneClientAdapterImpl.getFileStatus(BasicOzoneClientAdapterImpl.java:369)
	at org.apache.hadoop.fs.ozone.BasicOzoneFileSystem.getFileStatus(BasicOzoneFileSystem.java:757)
	at org.apache.hadoop.fs.ozone.TestOzoneFileSystem.testCreateFileShouldCheckExistenceOfDirWithSameName(TestOzoneFileSystem.java:303)
	at sun.reflect.NativeMethodAccessorImpl.invoke0(Native Method)
	at sun.reflect.NativeMethodAccessorImpl.invoke(NativeMethodAccessorImpl.java:62)
	at sun.reflect.DelegatingMethodAccessorImpl.invoke(DelegatingMethodAccessorImpl.java:43)
	at java.lang.reflect.Method.invoke(Method.java:498)
	at org.junit.runners.model.FrameworkMethod$1.runReflectiveCall(FrameworkMethod.java:59)
	at org.junit.internal.runners.model.ReflectiveCallable.run(ReflectiveCallable.java:12)
	at org.junit.runners.model.FrameworkMethod.invokeExplosively(FrameworkMethod.java:56)
	at org.junit.internal.runners.statements.InvokeMethod.evaluate(InvokeMethod.java:17)
	at org.junit.internal.runners.statements.RunAfters.evaluate(RunAfters.java:27)
	at org.junit.internal.runners.statements.FailOnTimeout$CallableStatement.call(FailOnTimeout.java:288)
	at org.junit.internal.runners.statements.FailOnTimeout$CallableStatement.call(FailOnTimeout.java:282)
	at java.util.concurrent.FutureTask.run(FutureTask.java:266)
	at java.lang.Thread.run(Thread.java:750)
09:54:22.589 [IPC Server handler 11 on default port 33915] ERROR OMAudit - user=runner | ip=127.0.0.1 | op=GET_FILE_STATUS {volume=volume02959, bucket=bucket36363, key=d1/d2/d3/d4/invalidkey, dataSize=0, replicationConfig=null} | ret=FAILURE
org.apache.hadoop.ozone.om.exceptions.OMException: Unable to get file status: volume: volume02959 bucket: bucket36363 key: d1/d2/d3/d4/invalidkey
	at org.apache.hadoop.ozone.om.KeyManagerImpl.getOzoneFileStatus(KeyManagerImpl.java:1324) ~[ozone-manager-1.3.0-SNAPSHOT.jar:?]
	at org.apache.hadoop.ozone.om.KeyManagerImpl.getFileStatus(KeyManagerImpl.java:1254) ~[ozone-manager-1.3.0-SNAPSHOT.jar:?]
	at org.apache.hadoop.ozone.om.OzoneManager.getFileStatus(OzoneManager.java:3506) ~[ozone-manager-1.3.0-SNAPSHOT.jar:?]
	at org.apache.hadoop.ozone.protocolPB.OzoneManagerRequestHandler.getOzoneFileStatus(OzoneManagerRequestHandler.java:882) ~[ozone-manager-1.3.0-SNAPSHOT.jar:?]
	at org.apache.hadoop.ozone.protocolPB.OzoneManagerRequestHandler.handleReadRequest(OzoneManagerRequestHandler.java:228) ~[ozone-manager-1.3.0-SNAPSHOT.jar:?]
	at org.apache.hadoop.ozone.protocolPB.OzoneManagerProtocolServerSideTranslatorPB.submitReadRequestToOM(OzoneManagerProtocolServerSideTranslatorPB.java:226) ~[ozone-manager-1.3.0-SNAPSHOT.jar:?]
	at org.apache.hadoop.ozone.protocolPB.OzoneManagerProtocolServerSideTranslatorPB.processRequest(OzoneManagerProtocolServerSideTranslatorPB.java:175) ~[ozone-manager-1.3.0-SNAPSHOT.jar:?]
	at org.apache.hadoop.hdds.server.OzoneProtocolMessageDispatcher.processRequest(OzoneProtocolMessageDispatcher.java:87) [hdds-server-framework-1.3.0-SNAPSHOT.jar:?]
	at org.apache.hadoop.ozone.protocolPB.OzoneManagerProtocolServerSideTranslatorPB.submitRequest(OzoneManagerProtocolServerSideTranslatorPB.java:147) [ozone-manager-1.3.0-SNAPSHOT.jar:?]
	at org.apache.hadoop.ozone.protocol.proto.OzoneManagerProtocolProtos$OzoneManagerService$2.callBlockingMethod(OzoneManagerProtocolProtos.java) [ozone-interface-client-1.3.0-SNAPSHOT.jar:?]
	at org.apache.hadoop.ipc.ProtobufRpcEngine$Server.processCall(ProtobufRpcEngine.java:466) [hadoop-common-3.3.1.jar:?]
	at org.apache.hadoop.ipc.ProtobufRpcEngine2$Server$ProtoBufRpcInvoker.call(ProtobufRpcEngine2.java:574) [hadoop-common-3.3.1.jar:?]
	at org.apache.hadoop.ipc.ProtobufRpcEngine2$Server$ProtoBufRpcInvoker.call(ProtobufRpcEngine2.java:552) [hadoop-common-3.3.1.jar:?]
	at org.apache.hadoop.ipc.RPC$Server.call(RPC.java:1093) [hadoop-common-3.3.1.jar:?]
	at org.apache.hadoop.ipc.Server$RpcCall.run(Server.java:1035) [hadoop-common-3.3.1.jar:?]
	at org.apache.hadoop.ipc.Server$RpcCall.run(Server.java:963) [hadoop-common-3.3.1.jar:?]
	at java.security.AccessController.doPrivileged(Native Method) ~[?:1.8.0_345]
	at javax.security.auth.Subject.doAs(Subject.java:422) [?:1.8.0_345]
	at org.apache.hadoop.security.UserGroupInformation.doAs(UserGroupInformation.java:1878) [hadoop-common-3.3.1.jar:?]
	at org.apache.hadoop.ipc.Server$Handler.run(Server.java:2966) [hadoop-common-3.3.1.jar:?]
2022-09-28 09:54:22,590 [Time-limited test] WARN  ozone.BasicOzoneFileSystem (BasicOzoneFileSystem.java:getFileStatus(765)) - GetFileStatus failed for path /d1/d2/d3/d4/invalidkey
java.io.FileNotFoundException: d1/d2/d3/d4/invalidkey: No such file or directory!
	at org.apache.hadoop.fs.ozone.BasicOzoneClientAdapterImpl.getFileStatus(BasicOzoneClientAdapterImpl.java:369)
	at org.apache.hadoop.fs.ozone.BasicOzoneFileSystem.getFileStatus(BasicOzoneFileSystem.java:757)
	at org.apache.hadoop.fs.ozone.TestOzoneFileSystem.testCreateFileShouldCheckExistenceOfDirWithSameName(TestOzoneFileSystem.java:310)
	at sun.reflect.NativeMethodAccessorImpl.invoke0(Native Method)
	at sun.reflect.NativeMethodAccessorImpl.invoke(NativeMethodAccessorImpl.java:62)
	at sun.reflect.DelegatingMethodAccessorImpl.invoke(DelegatingMethodAccessorImpl.java:43)
	at java.lang.reflect.Method.invoke(Method.java:498)
	at org.junit.runners.model.FrameworkMethod$1.runReflectiveCall(FrameworkMethod.java:59)
	at org.junit.internal.runners.model.ReflectiveCallable.run(ReflectiveCallable.java:12)
	at org.junit.runners.model.FrameworkMethod.invokeExplosively(FrameworkMethod.java:56)
	at org.junit.internal.runners.statements.InvokeMethod.evaluate(InvokeMethod.java:17)
	at org.junit.internal.runners.statements.RunAfters.evaluate(RunAfters.java:27)
	at org.junit.internal.runners.statements.FailOnTimeout$CallableStatement.call(FailOnTimeout.java:288)
	at org.junit.internal.runners.statements.FailOnTimeout$CallableStatement.call(FailOnTimeout.java:282)
	at java.util.concurrent.FutureTask.run(FutureTask.java:266)
	at java.lang.Thread.run(Thread.java:750)
]]></system-out>
  </testcase>
  <testcase name="testCreateFileShouldCheckExistenceOfDirWithSameName" classname="TestOzoneFileSystem" time="0.052">
    <system-out><![CDATA[09:55:47.181 [IPC Server handler 14 on default port 43879] ERROR OMAudit - user=runner | ip=127.0.0.1 | op=CREATE_FILE {volume=volume99279, bucket=bucket29095, key=d1/d2/d3/d4/key2, dataSize=4194304, replicationType=RATIS, replicationFactor=THREE} | ret=FAILURE
org.apache.hadoop.ozone.om.exceptions.OMException: Can not write to directory: d1/d2/d3/d4/key2
	at org.apache.hadoop.ozone.om.request.file.OMFileCreateRequest.checkDirectoryResult(OMFileCreateRequest.java:364) ~[ozone-manager-1.3.0-SNAPSHOT.jar:?]
	at org.apache.hadoop.ozone.om.request.file.OMFileCreateRequest.validateAndUpdateCache(OMFileCreateRequest.java:240) ~[ozone-manager-1.3.0-SNAPSHOT.jar:?]
	at org.apache.hadoop.ozone.protocolPB.OzoneManagerRequestHandler.handleWriteRequest(OzoneManagerRequestHandler.java:304) ~[ozone-manager-1.3.0-SNAPSHOT.jar:?]
	at org.apache.hadoop.ozone.protocolPB.OzoneManagerProtocolServerSideTranslatorPB.submitRequestDirectlyToOM(OzoneManagerProtocolServerSideTranslatorPB.java:282) ~[ozone-manager-1.3.0-SNAPSHOT.jar:?]
	at org.apache.hadoop.ozone.protocolPB.OzoneManagerProtocolServerSideTranslatorPB.processRequest(OzoneManagerProtocolServerSideTranslatorPB.java:205) ~[ozone-manager-1.3.0-SNAPSHOT.jar:?]
	at org.apache.hadoop.hdds.server.OzoneProtocolMessageDispatcher.processRequest(OzoneProtocolMessageDispatcher.java:87) [hdds-server-framework-1.3.0-SNAPSHOT.jar:?]
	at org.apache.hadoop.ozone.protocolPB.OzoneManagerProtocolServerSideTranslatorPB.submitRequest(OzoneManagerProtocolServerSideTranslatorPB.java:147) [ozone-manager-1.3.0-SNAPSHOT.jar:?]
	at org.apache.hadoop.ozone.protocol.proto.OzoneManagerProtocolProtos$OzoneManagerService$2.callBlockingMethod(OzoneManagerProtocolProtos.java) [ozone-interface-client-1.3.0-SNAPSHOT.jar:?]
	at org.apache.hadoop.ipc.ProtobufRpcEngine$Server.processCall(ProtobufRpcEngine.java:466) [hadoop-common-3.3.1.jar:?]
	at org.apache.hadoop.ipc.ProtobufRpcEngine2$Server$ProtoBufRpcInvoker.call(ProtobufRpcEngine2.java:574) [hadoop-common-3.3.1.jar:?]
	at org.apache.hadoop.ipc.ProtobufRpcEngine2$Server$ProtoBufRpcInvoker.call(ProtobufRpcEngine2.java:552) [hadoop-common-3.3.1.jar:?]
	at org.apache.hadoop.ipc.RPC$Server.call(RPC.java:1093) [hadoop-common-3.3.1.jar:?]
	at org.apache.hadoop.ipc.Server$RpcCall.run(Server.java:1035) [hadoop-common-3.3.1.jar:?]
	at org.apache.hadoop.ipc.Server$RpcCall.run(Server.java:963) [hadoop-common-3.3.1.jar:?]
	at java.security.AccessController.doPrivileged(Native Method) ~[?:1.8.0_345]
	at javax.security.auth.Subject.doAs(Subject.java:422) [?:1.8.0_345]
	at org.apache.hadoop.security.UserGroupInformation.doAs(UserGroupInformation.java:1878) [hadoop-common-3.3.1.jar:?]
	at org.apache.hadoop.ipc.Server$Handler.run(Server.java:2966) [hadoop-common-3.3.1.jar:?]
2022-09-28 09:55:47,181 [IPC Server handler 14 on default port 43879] ERROR file.OMFileCreateRequest (OMFileCreateRequest.java:validateAndUpdateCache(337)) - File create failed. Volume:volume99279, Bucket:bucket29095, Keyd1/d2/d3/d4/key2.
NOT_A_FILE org.apache.hadoop.ozone.om.exceptions.OMException: Can not write to directory: d1/d2/d3/d4/key2
	at org.apache.hadoop.ozone.om.request.file.OMFileCreateRequest.checkDirectoryResult(OMFileCreateRequest.java:364)
	at org.apache.hadoop.ozone.om.request.file.OMFileCreateRequest.validateAndUpdateCache(OMFileCreateRequest.java:240)
	at org.apache.hadoop.ozone.protocolPB.OzoneManagerRequestHandler.handleWriteRequest(OzoneManagerRequestHandler.java:304)
	at org.apache.hadoop.ozone.protocolPB.OzoneManagerProtocolServerSideTranslatorPB.submitRequestDirectlyToOM(OzoneManagerProtocolServerSideTranslatorPB.java:282)
	at org.apache.hadoop.ozone.protocolPB.OzoneManagerProtocolServerSideTranslatorPB.processRequest(OzoneManagerProtocolServerSideTranslatorPB.java:205)
	at org.apache.hadoop.hdds.server.OzoneProtocolMessageDispatcher.processRequest(OzoneProtocolMessageDispatcher.java:87)
	at org.apache.hadoop.ozone.protocolPB.OzoneManagerProtocolServerSideTranslatorPB.submitRequest(OzoneManagerProtocolServerSideTranslatorPB.java:147)
	at org.apache.hadoop.ozone.protocol.proto.OzoneManagerProtocolProtos$OzoneManagerService$2.callBlockingMethod(OzoneManagerProtocolProtos.java)
	at org.apache.hadoop.ipc.ProtobufRpcEngine$Server.processCall(ProtobufRpcEngine.java:466)
	at org.apache.hadoop.ipc.ProtobufRpcEngine2$Server$ProtoBufRpcInvoker.call(ProtobufRpcEngine2.java:574)
	at org.apache.hadoop.ipc.ProtobufRpcEngine2$Server$ProtoBufRpcInvoker.call(ProtobufRpcEngine2.java:552)
	at org.apache.hadoop.ipc.RPC$Server.call(RPC.java:1093)
	at org.apache.hadoop.ipc.Server$RpcCall.run(Server.java:1035)
	at org.apache.hadoop.ipc.Server$RpcCall.run(Server.java:963)
	at java.security.AccessController.doPrivileged(Native Method)
	at javax.security.auth.Subject.doAs(Subject.java:422)
	at org.apache.hadoop.security.UserGroupInformation.doAs(UserGroupInformation.java:1878)
	at org.apache.hadoop.ipc.Server$Handler.run(Server.java:2966)
09:55:47.192 [IPC Server handler 9 on default port 43879] ERROR OMAudit - user=runner | ip=127.0.0.1 | op=CREATE_DIRECTORY {volume=volume99279, bucket=bucket29095, key=d1/d2/d3/d4/key3, dataSize=0, replicationType=NONE, replicationFactor=ZERO} | ret=FAILURE
org.apache.hadoop.ozone.om.exceptions.OMException: Unable to create directory: d1/d2/d3/d4/key3 in volume/bucket: volume99279/bucket29095
	at org.apache.hadoop.ozone.om.request.file.OMDirectoryCreateRequest.validateAndUpdateCache(OMDirectoryCreateRequest.java:198) ~[ozone-manager-1.3.0-SNAPSHOT.jar:?]
	at org.apache.hadoop.ozone.protocolPB.OzoneManagerRequestHandler.handleWriteRequest(OzoneManagerRequestHandler.java:304) ~[ozone-manager-1.3.0-SNAPSHOT.jar:?]
	at org.apache.hadoop.ozone.protocolPB.OzoneManagerProtocolServerSideTranslatorPB.submitRequestDirectlyToOM(OzoneManagerProtocolServerSideTranslatorPB.java:282) ~[ozone-manager-1.3.0-SNAPSHOT.jar:?]
	at org.apache.hadoop.ozone.protocolPB.OzoneManagerProtocolServerSideTranslatorPB.processRequest(OzoneManagerProtocolServerSideTranslatorPB.java:205) ~[ozone-manager-1.3.0-SNAPSHOT.jar:?]
	at org.apache.hadoop.hdds.server.OzoneProtocolMessageDispatcher.processRequest(OzoneProtocolMessageDispatcher.java:87) [hdds-server-framework-1.3.0-SNAPSHOT.jar:?]
	at org.apache.hadoop.ozone.protocolPB.OzoneManagerProtocolServerSideTranslatorPB.submitRequest(OzoneManagerProtocolServerSideTranslatorPB.java:147) [ozone-manager-1.3.0-SNAPSHOT.jar:?]
	at org.apache.hadoop.ozone.protocol.proto.OzoneManagerProtocolProtos$OzoneManagerService$2.callBlockingMethod(OzoneManagerProtocolProtos.java) [ozone-interface-client-1.3.0-SNAPSHOT.jar:?]
	at org.apache.hadoop.ipc.ProtobufRpcEngine$Server.processCall(ProtobufRpcEngine.java:466) [hadoop-common-3.3.1.jar:?]
	at org.apache.hadoop.ipc.ProtobufRpcEngine2$Server$ProtoBufRpcInvoker.call(ProtobufRpcEngine2.java:574) [hadoop-common-3.3.1.jar:?]
	at org.apache.hadoop.ipc.ProtobufRpcEngine2$Server$ProtoBufRpcInvoker.call(ProtobufRpcEngine2.java:552) [hadoop-common-3.3.1.jar:?]
	at org.apache.hadoop.ipc.RPC$Server.call(RPC.java:1093) [hadoop-common-3.3.1.jar:?]
	at org.apache.hadoop.ipc.Server$RpcCall.run(Server.java:1035) [hadoop-common-3.3.1.jar:?]
	at org.apache.hadoop.ipc.Server$RpcCall.run(Server.java:963) [hadoop-common-3.3.1.jar:?]
	at java.security.AccessController.doPrivileged(Native Method) ~[?:1.8.0_345]
	at javax.security.auth.Subject.doAs(Subject.java:422) [?:1.8.0_345]
	at org.apache.hadoop.security.UserGroupInformation.doAs(UserGroupInformation.java:1878) [hadoop-common-3.3.1.jar:?]
	at org.apache.hadoop.ipc.Server$Handler.run(Server.java:2966) [hadoop-common-3.3.1.jar:?]
2022-09-28 09:55:47,193 [IPC Server handler 9 on default port 43879] ERROR file.OMDirectoryCreateRequest (OMDirectoryCreateRequest.java:logResult(331)) - Directory creation failed. Volume:volume99279, Bucket:bucket29095, Keyd1/d2/d3/d4/key3. Exception:{}
FILE_ALREADY_EXISTS org.apache.hadoop.ozone.om.exceptions.OMException: Unable to create directory: d1/d2/d3/d4/key3 in volume/bucket: volume99279/bucket29095
	at org.apache.hadoop.ozone.om.request.file.OMDirectoryCreateRequest.validateAndUpdateCache(OMDirectoryCreateRequest.java:198)
	at org.apache.hadoop.ozone.protocolPB.OzoneManagerRequestHandler.handleWriteRequest(OzoneManagerRequestHandler.java:304)
	at org.apache.hadoop.ozone.protocolPB.OzoneManagerProtocolServerSideTranslatorPB.submitRequestDirectlyToOM(OzoneManagerProtocolServerSideTranslatorPB.java:282)
	at org.apache.hadoop.ozone.protocolPB.OzoneManagerProtocolServerSideTranslatorPB.processRequest(OzoneManagerProtocolServerSideTranslatorPB.java:205)
	at org.apache.hadoop.hdds.server.OzoneProtocolMessageDispatcher.processRequest(OzoneProtocolMessageDispatcher.java:87)
	at org.apache.hadoop.ozone.protocolPB.OzoneManagerProtocolServerSideTranslatorPB.submitRequest(OzoneManagerProtocolServerSideTranslatorPB.java:147)
	at org.apache.hadoop.ozone.protocol.proto.OzoneManagerProtocolProtos$OzoneManagerService$2.callBlockingMethod(OzoneManagerProtocolProtos.java)
	at org.apache.hadoop.ipc.ProtobufRpcEngine$Server.processCall(ProtobufRpcEngine.java:466)
	at org.apache.hadoop.ipc.ProtobufRpcEngine2$Server$ProtoBufRpcInvoker.call(ProtobufRpcEngine2.java:574)
	at org.apache.hadoop.ipc.ProtobufRpcEngine2$Server$ProtoBufRpcInvoker.call(ProtobufRpcEngine2.java:552)
	at org.apache.hadoop.ipc.RPC$Server.call(RPC.java:1093)
	at org.apache.hadoop.ipc.Server$RpcCall.run(Server.java:1035)
	at org.apache.hadoop.ipc.Server$RpcCall.run(Server.java:963)
	at java.security.AccessController.doPrivileged(Native Method)
	at javax.security.auth.Subject.doAs(Subject.java:422)
	at org.apache.hadoop.security.UserGroupInformation.doAs(UserGroupInformation.java:1878)
	at org.apache.hadoop.ipc.Server$Handler.run(Server.java:2966)
09:55:47.195 [IPC Server handler 6 on default port 43879] ERROR OMAudit - user=runner | ip=127.0.0.1 | op=CREATE_FILE {volume=volume99279, bucket=bucket29095, key=d1/d2/d3, dataSize=4194304, replicationType=RATIS, replicationFactor=THREE} | ret=FAILURE
org.apache.hadoop.ozone.om.exceptions.OMException: Can not write to directory: d1/d2/d3
	at org.apache.hadoop.ozone.om.request.file.OMFileCreateRequest.checkDirectoryResult(OMFileCreateRequest.java:364) ~[ozone-manager-1.3.0-SNAPSHOT.jar:?]
	at org.apache.hadoop.ozone.om.request.file.OMFileCreateRequest.validateAndUpdateCache(OMFileCreateRequest.java:240) ~[ozone-manager-1.3.0-SNAPSHOT.jar:?]
	at org.apache.hadoop.ozone.protocolPB.OzoneManagerRequestHandler.handleWriteRequest(OzoneManagerRequestHandler.java:304) ~[ozone-manager-1.3.0-SNAPSHOT.jar:?]
	at org.apache.hadoop.ozone.protocolPB.OzoneManagerProtocolServerSideTranslatorPB.submitRequestDirectlyToOM(OzoneManagerProtocolServerSideTranslatorPB.java:282) ~[ozone-manager-1.3.0-SNAPSHOT.jar:?]
	at org.apache.hadoop.ozone.protocolPB.OzoneManagerProtocolServerSideTranslatorPB.processRequest(OzoneManagerProtocolServerSideTranslatorPB.java:205) ~[ozone-manager-1.3.0-SNAPSHOT.jar:?]
	at org.apache.hadoop.hdds.server.OzoneProtocolMessageDispatcher.processRequest(OzoneProtocolMessageDispatcher.java:87) [hdds-server-framework-1.3.0-SNAPSHOT.jar:?]
	at org.apache.hadoop.ozone.protocolPB.OzoneManagerProtocolServerSideTranslatorPB.submitRequest(OzoneManagerProtocolServerSideTranslatorPB.java:147) [ozone-manager-1.3.0-SNAPSHOT.jar:?]
	at org.apache.hadoop.ozone.protocol.proto.OzoneManagerProtocolProtos$OzoneManagerService$2.callBlockingMethod(OzoneManagerProtocolProtos.java) [ozone-interface-client-1.3.0-SNAPSHOT.jar:?]
	at org.apache.hadoop.ipc.ProtobufRpcEngine$Server.processCall(ProtobufRpcEngine.java:466) [hadoop-common-3.3.1.jar:?]
	at org.apache.hadoop.ipc.ProtobufRpcEngine2$Server$ProtoBufRpcInvoker.call(ProtobufRpcEngine2.java:574) [hadoop-common-3.3.1.jar:?]
	at org.apache.hadoop.ipc.ProtobufRpcEngine2$Server$ProtoBufRpcInvoker.call(ProtobufRpcEngine2.java:552) [hadoop-common-3.3.1.jar:?]
	at org.apache.hadoop.ipc.RPC$Server.call(RPC.java:1093) [hadoop-common-3.3.1.jar:?]
	at org.apache.hadoop.ipc.Server$RpcCall.run(Server.java:1035) [hadoop-common-3.3.1.jar:?]
	at org.apache.hadoop.ipc.Server$RpcCall.run(Server.java:963) [hadoop-common-3.3.1.jar:?]
	at java.security.AccessController.doPrivileged(Native Method) ~[?:1.8.0_345]
	at javax.security.auth.Subject.doAs(Subject.java:422) [?:1.8.0_345]
	at org.apache.hadoop.security.UserGroupInformation.doAs(UserGroupInformation.java:1878) [hadoop-common-3.3.1.jar:?]
	at org.apache.hadoop.ipc.Server$Handler.run(Server.java:2966) [hadoop-common-3.3.1.jar:?]
2022-09-28 09:55:47,195 [IPC Server handler 6 on default port 43879] ERROR file.OMFileCreateRequest (OMFileCreateRequest.java:validateAndUpdateCache(337)) - File create failed. Volume:volume99279, Bucket:bucket29095, Keyd1/d2/d3.
NOT_A_FILE org.apache.hadoop.ozone.om.exceptions.OMException: Can not write to directory: d1/d2/d3
	at org.apache.hadoop.ozone.om.request.file.OMFileCreateRequest.checkDirectoryResult(OMFileCreateRequest.java:364)
	at org.apache.hadoop.ozone.om.request.file.OMFileCreateRequest.validateAndUpdateCache(OMFileCreateRequest.java:240)
	at org.apache.hadoop.ozone.protocolPB.OzoneManagerRequestHandler.handleWriteRequest(OzoneManagerRequestHandler.java:304)
	at org.apache.hadoop.ozone.protocolPB.OzoneManagerProtocolServerSideTranslatorPB.submitRequestDirectlyToOM(OzoneManagerProtocolServerSideTranslatorPB.java:282)
	at org.apache.hadoop.ozone.protocolPB.OzoneManagerProtocolServerSideTranslatorPB.processRequest(OzoneManagerProtocolServerSideTranslatorPB.java:205)
	at org.apache.hadoop.hdds.server.OzoneProtocolMessageDispatcher.processRequest(OzoneProtocolMessageDispatcher.java:87)
	at org.apache.hadoop.ozone.protocolPB.OzoneManagerProtocolServerSideTranslatorPB.submitRequest(OzoneManagerProtocolServerSideTranslatorPB.java:147)
	at org.apache.hadoop.ozone.protocol.proto.OzoneManagerProtocolProtos$OzoneManagerService$2.callBlockingMethod(OzoneManagerProtocolProtos.java)
	at org.apache.hadoop.ipc.ProtobufRpcEngine$Server.processCall(ProtobufRpcEngine.java:466)
	at org.apache.hadoop.ipc.ProtobufRpcEngine2$Server$ProtoBufRpcInvoker.call(ProtobufRpcEngine2.java:574)
	at org.apache.hadoop.ipc.ProtobufRpcEngine2$Server$ProtoBufRpcInvoker.call(ProtobufRpcEngine2.java:552)
	at org.apache.hadoop.ipc.RPC$Server.call(RPC.java:1093)
	at org.apache.hadoop.ipc.Server$RpcCall.run(Server.java:1035)
	at org.apache.hadoop.ipc.Server$RpcCall.run(Server.java:963)
	at java.security.AccessController.doPrivileged(Native Method)
	at javax.security.auth.Subject.doAs(Subject.java:422)
	at org.apache.hadoop.security.UserGroupInformation.doAs(UserGroupInformation.java:1878)
	at org.apache.hadoop.ipc.Server$Handler.run(Server.java:2966)
09:55:47.196 [IPC Server handler 11 on default port 43879] ERROR OMAudit - user=runner | ip=127.0.0.1 | op=GET_FILE_STATUS {volume=volume99279, bucket=bucket29095, key=d1/d2/d3/d4/key3/invalid, dataSize=0, replicationConfig=null} | ret=FAILURE
org.apache.hadoop.ozone.om.exceptions.OMException: Unable to get file status: volume: volume99279 bucket: bucket29095 key: d1/d2/d3/d4/key3/invalid
	at org.apache.hadoop.ozone.om.KeyManagerImpl.getOzoneFileStatus(KeyManagerImpl.java:1324) ~[ozone-manager-1.3.0-SNAPSHOT.jar:?]
	at org.apache.hadoop.ozone.om.KeyManagerImpl.getFileStatus(KeyManagerImpl.java:1254) ~[ozone-manager-1.3.0-SNAPSHOT.jar:?]
	at org.apache.hadoop.ozone.om.OzoneManager.getFileStatus(OzoneManager.java:3506) ~[ozone-manager-1.3.0-SNAPSHOT.jar:?]
	at org.apache.hadoop.ozone.protocolPB.OzoneManagerRequestHandler.getOzoneFileStatus(OzoneManagerRequestHandler.java:882) ~[ozone-manager-1.3.0-SNAPSHOT.jar:?]
	at org.apache.hadoop.ozone.protocolPB.OzoneManagerRequestHandler.handleReadRequest(OzoneManagerRequestHandler.java:228) ~[ozone-manager-1.3.0-SNAPSHOT.jar:?]
	at org.apache.hadoop.ozone.protocolPB.OzoneManagerProtocolServerSideTranslatorPB.submitRequestDirectlyToOM(OzoneManagerProtocolServerSideTranslatorPB.java:276) ~[ozone-manager-1.3.0-SNAPSHOT.jar:?]
	at org.apache.hadoop.ozone.protocolPB.OzoneManagerProtocolServerSideTranslatorPB.processRequest(OzoneManagerProtocolServerSideTranslatorPB.java:205) ~[ozone-manager-1.3.0-SNAPSHOT.jar:?]
	at org.apache.hadoop.hdds.server.OzoneProtocolMessageDispatcher.processRequest(OzoneProtocolMessageDispatcher.java:87) [hdds-server-framework-1.3.0-SNAPSHOT.jar:?]
	at org.apache.hadoop.ozone.protocolPB.OzoneManagerProtocolServerSideTranslatorPB.submitRequest(OzoneManagerProtocolServerSideTranslatorPB.java:147) [ozone-manager-1.3.0-SNAPSHOT.jar:?]
	at org.apache.hadoop.ozone.protocol.proto.OzoneManagerProtocolProtos$OzoneManagerService$2.callBlockingMethod(OzoneManagerProtocolProtos.java) [ozone-interface-client-1.3.0-SNAPSHOT.jar:?]
	at org.apache.hadoop.ipc.ProtobufRpcEngine$Server.processCall(ProtobufRpcEngine.java:466) [hadoop-common-3.3.1.jar:?]
	at org.apache.hadoop.ipc.ProtobufRpcEngine2$Server$ProtoBufRpcInvoker.call(ProtobufRpcEngine2.java:574) [hadoop-common-3.3.1.jar:?]
	at org.apache.hadoop.ipc.ProtobufRpcEngine2$Server$ProtoBufRpcInvoker.call(ProtobufRpcEngine2.java:552) [hadoop-common-3.3.1.jar:?]
	at org.apache.hadoop.ipc.RPC$Server.call(RPC.java:1093) [hadoop-common-3.3.1.jar:?]
	at org.apache.hadoop.ipc.Server$RpcCall.run(Server.java:1035) [hadoop-common-3.3.1.jar:?]
	at org.apache.hadoop.ipc.Server$RpcCall.run(Server.java:963) [hadoop-common-3.3.1.jar:?]
	at java.security.AccessController.doPrivileged(Native Method) ~[?:1.8.0_345]
	at javax.security.auth.Subject.doAs(Subject.java:422) [?:1.8.0_345]
	at org.apache.hadoop.security.UserGroupInformation.doAs(UserGroupInformation.java:1878) [hadoop-common-3.3.1.jar:?]
	at org.apache.hadoop.ipc.Server$Handler.run(Server.java:2966) [hadoop-common-3.3.1.jar:?]
2022-09-28 09:55:47,196 [Time-limited test] WARN  ozone.BasicOzoneFileSystem (BasicOzoneFileSystem.java:getFileStatus(765)) - GetFileStatus failed for path /d1/d2/d3/d4/key3/invalid
java.io.FileNotFoundException: d1/d2/d3/d4/key3/invalid: No such file or directory!
	at org.apache.hadoop.fs.ozone.BasicOzoneClientAdapterImpl.getFileStatus(BasicOzoneClientAdapterImpl.java:369)
	at org.apache.hadoop.fs.ozone.BasicOzoneFileSystem.getFileStatus(BasicOzoneFileSystem.java:757)
	at org.apache.hadoop.fs.ozone.TestOzoneFileSystem.testCreateFileShouldCheckExistenceOfDirWithSameName(TestOzoneFileSystem.java:303)
	at sun.reflect.NativeMethodAccessorImpl.invoke0(Native Method)
	at sun.reflect.NativeMethodAccessorImpl.invoke(NativeMethodAccessorImpl.java:62)
	at sun.reflect.DelegatingMethodAccessorImpl.invoke(DelegatingMethodAccessorImpl.java:43)
	at java.lang.reflect.Method.invoke(Method.java:498)
	at org.junit.runners.model.FrameworkMethod$1.runReflectiveCall(FrameworkMethod.java:59)
	at org.junit.internal.runners.model.ReflectiveCallable.run(ReflectiveCallable.java:12)
	at org.junit.runners.model.FrameworkMethod.invokeExplosively(FrameworkMethod.java:56)
	at org.junit.internal.runners.statements.InvokeMethod.evaluate(InvokeMethod.java:17)
	at org.junit.internal.runners.statements.RunAfters.evaluate(RunAfters.java:27)
	at org.junit.internal.runners.statements.FailOnTimeout$CallableStatement.call(FailOnTimeout.java:288)
	at org.junit.internal.runners.statements.FailOnTimeout$CallableStatement.call(FailOnTimeout.java:282)
	at java.util.concurrent.FutureTask.run(FutureTask.java:266)
	at java.lang.Thread.run(Thread.java:750)
09:55:47.197 [IPC Server handler 18 on default port 43879] ERROR OMAudit - user=runner | ip=127.0.0.1 | op=GET_FILE_STATUS {volume=volume99279, bucket=bucket29095, key=d1/d2/d3/d4/invalidkey, dataSize=0, replicationConfig=null} | ret=FAILURE
org.apache.hadoop.ozone.om.exceptions.OMException: Unable to get file status: volume: volume99279 bucket: bucket29095 key: d1/d2/d3/d4/invalidkey
	at org.apache.hadoop.ozone.om.KeyManagerImpl.getOzoneFileStatus(KeyManagerImpl.java:1324) ~[ozone-manager-1.3.0-SNAPSHOT.jar:?]
	at org.apache.hadoop.ozone.om.KeyManagerImpl.getFileStatus(KeyManagerImpl.java:1254) ~[ozone-manager-1.3.0-SNAPSHOT.jar:?]
	at org.apache.hadoop.ozone.om.OzoneManager.getFileStatus(OzoneManager.java:3506) ~[ozone-manager-1.3.0-SNAPSHOT.jar:?]
	at org.apache.hadoop.ozone.protocolPB.OzoneManagerRequestHandler.getOzoneFileStatus(OzoneManagerRequestHandler.java:882) ~[ozone-manager-1.3.0-SNAPSHOT.jar:?]
	at org.apache.hadoop.ozone.protocolPB.OzoneManagerRequestHandler.handleReadRequest(OzoneManagerRequestHandler.java:228) ~[ozone-manager-1.3.0-SNAPSHOT.jar:?]
	at org.apache.hadoop.ozone.protocolPB.OzoneManagerProtocolServerSideTranslatorPB.submitRequestDirectlyToOM(OzoneManagerProtocolServerSideTranslatorPB.java:276) ~[ozone-manager-1.3.0-SNAPSHOT.jar:?]
	at org.apache.hadoop.ozone.protocolPB.OzoneManagerProtocolServerSideTranslatorPB.processRequest(OzoneManagerProtocolServerSideTranslatorPB.java:205) ~[ozone-manager-1.3.0-SNAPSHOT.jar:?]
	at org.apache.hadoop.hdds.server.OzoneProtocolMessageDispatcher.processRequest(OzoneProtocolMessageDispatcher.java:87) [hdds-server-framework-1.3.0-SNAPSHOT.jar:?]
	at org.apache.hadoop.ozone.protocolPB.OzoneManagerProtocolServerSideTranslatorPB.submitRequest(OzoneManagerProtocolServerSideTranslatorPB.java:147) [ozone-manager-1.3.0-SNAPSHOT.jar:?]
	at org.apache.hadoop.ozone.protocol.proto.OzoneManagerProtocolProtos$OzoneManagerService$2.callBlockingMethod(OzoneManagerProtocolProtos.java) [ozone-interface-client-1.3.0-SNAPSHOT.jar:?]
	at org.apache.hadoop.ipc.ProtobufRpcEngine$Server.processCall(ProtobufRpcEngine.java:466) [hadoop-common-3.3.1.jar:?]
	at org.apache.hadoop.ipc.ProtobufRpcEngine2$Server$ProtoBufRpcInvoker.call(ProtobufRpcEngine2.java:574) [hadoop-common-3.3.1.jar:?]
	at org.apache.hadoop.ipc.ProtobufRpcEngine2$Server$ProtoBufRpcInvoker.call(ProtobufRpcEngine2.java:552) [hadoop-common-3.3.1.jar:?]
	at org.apache.hadoop.ipc.RPC$Server.call(RPC.java:1093) [hadoop-common-3.3.1.jar:?]
	at org.apache.hadoop.ipc.Server$RpcCall.run(Server.java:1035) [hadoop-common-3.3.1.jar:?]
	at org.apache.hadoop.ipc.Server$RpcCall.run(Server.java:963) [hadoop-common-3.3.1.jar:?]
	at java.security.AccessController.doPrivileged(Native Method) ~[?:1.8.0_345]
	at javax.security.auth.Subject.doAs(Subject.java:422) [?:1.8.0_345]
	at org.apache.hadoop.security.UserGroupInformation.doAs(UserGroupInformation.java:1878) [hadoop-common-3.3.1.jar:?]
	at org.apache.hadoop.ipc.Server$Handler.run(Server.java:2966) [hadoop-common-3.3.1.jar:?]
2022-09-28 09:55:47,197 [Time-limited test] WARN  ozone.BasicOzoneFileSystem (BasicOzoneFileSystem.java:getFileStatus(765)) - GetFileStatus failed for path /d1/d2/d3/d4/invalidkey
java.io.FileNotFoundException: d1/d2/d3/d4/invalidkey: No such file or directory!
	at org.apache.hadoop.fs.ozone.BasicOzoneClientAdapterImpl.getFileStatus(BasicOzoneClientAdapterImpl.java:369)
	at org.apache.hadoop.fs.ozone.BasicOzoneFileSystem.getFileStatus(BasicOzoneFileSystem.java:757)
	at org.apache.hadoop.fs.ozone.TestOzoneFileSystem.testCreateFileShouldCheckExistenceOfDirWithSameName(TestOzoneFileSystem.java:310)
	at sun.reflect.NativeMethodAccessorImpl.invoke0(Native Method)
	at sun.reflect.NativeMethodAccessorImpl.invoke(NativeMethodAccessorImpl.java:62)
	at sun.reflect.DelegatingMethodAccessorImpl.invoke(DelegatingMethodAccessorImpl.java:43)
	at java.lang.reflect.Method.invoke(Method.java:498)
	at org.junit.runners.model.FrameworkMethod$1.runReflectiveCall(FrameworkMethod.java:59)
	at org.junit.internal.runners.model.ReflectiveCallable.run(ReflectiveCallable.java:12)
	at org.junit.runners.model.FrameworkMethod.invokeExplosively(FrameworkMethod.java:56)
	at org.junit.internal.runners.statements.InvokeMethod.evaluate(InvokeMethod.java:17)
	at org.junit.internal.runners.statements.RunAfters.evaluate(RunAfters.java:27)
	at org.junit.internal.runners.statements.FailOnTimeout$CallableStatement.call(FailOnTimeout.java:288)
	at org.junit.internal.runners.statements.FailOnTimeout$CallableStatement.call(FailOnTimeout.java:282)
	at java.util.concurrent.FutureTask.run(FutureTask.java:266)
	at java.lang.Thread.run(Thread.java:750)
]]></system-out>
  </testcase>
  <testcase name="testCreateFileShouldCheckExistenceOfDirWithSameName" classname="TestOzoneFileSystem" time="0.059">
    <system-out><![CDATA[09:57:08.842 [OM StateMachine ApplyTransaction Thread - 0] ERROR OMAudit - user=runner | ip=127.0.0.1 | op=CREATE_FILE {volume=volume16412, bucket=bucket93813, key=d1/d2/d3/d4/key2, dataSize=4194304, replicationType=RATIS, replicationFactor=THREE} | ret=FAILURE
org.apache.hadoop.ozone.om.exceptions.OMException: Can not write to directory: d1/d2/d3/d4/key2
	at org.apache.hadoop.ozone.om.request.file.OMFileCreateRequest.checkDirectoryResult(OMFileCreateRequest.java:364) ~[ozone-manager-1.3.0-SNAPSHOT.jar:?]
	at org.apache.hadoop.ozone.om.request.file.OMFileCreateRequest.validateAndUpdateCache(OMFileCreateRequest.java:240) ~[ozone-manager-1.3.0-SNAPSHOT.jar:?]
	at org.apache.hadoop.ozone.protocolPB.OzoneManagerRequestHandler.handleWriteRequest(OzoneManagerRequestHandler.java:304) ~[ozone-manager-1.3.0-SNAPSHOT.jar:?]
	at org.apache.hadoop.ozone.om.ratis.OzoneManagerStateMachine.runCommand(OzoneManagerStateMachine.java:529) ~[ozone-manager-1.3.0-SNAPSHOT.jar:?]
	at org.apache.hadoop.ozone.om.ratis.OzoneManagerStateMachine.lambda$1(OzoneManagerStateMachine.java:324) ~[ozone-manager-1.3.0-SNAPSHOT.jar:?]
	at java.util.concurrent.CompletableFuture$AsyncSupply.run(CompletableFuture.java:1604) [?:1.8.0_345]
	at java.util.concurrent.ThreadPoolExecutor.runWorker(ThreadPoolExecutor.java:1149) [?:1.8.0_345]
	at java.util.concurrent.ThreadPoolExecutor$Worker.run(ThreadPoolExecutor.java:624) [?:1.8.0_345]
	at java.lang.Thread.run(Thread.java:750) [?:1.8.0_345]
2022-09-28 09:57:08,842 [OM StateMachine ApplyTransaction Thread - 0] ERROR file.OMFileCreateRequest (OMFileCreateRequest.java:validateAndUpdateCache(337)) - File create failed. Volume:volume16412, Bucket:bucket93813, Keyd1/d2/d3/d4/key2.
NOT_A_FILE org.apache.hadoop.ozone.om.exceptions.OMException: Can not write to directory: d1/d2/d3/d4/key2
	at org.apache.hadoop.ozone.om.request.file.OMFileCreateRequest.checkDirectoryResult(OMFileCreateRequest.java:364)
	at org.apache.hadoop.ozone.om.request.file.OMFileCreateRequest.validateAndUpdateCache(OMFileCreateRequest.java:240)
	at org.apache.hadoop.ozone.protocolPB.OzoneManagerRequestHandler.handleWriteRequest(OzoneManagerRequestHandler.java:304)
	at org.apache.hadoop.ozone.om.ratis.OzoneManagerStateMachine.runCommand(OzoneManagerStateMachine.java:529)
	at org.apache.hadoop.ozone.om.ratis.OzoneManagerStateMachine.lambda$1(OzoneManagerStateMachine.java:324)
	at java.util.concurrent.CompletableFuture$AsyncSupply.run(CompletableFuture.java:1604)
	at java.util.concurrent.ThreadPoolExecutor.runWorker(ThreadPoolExecutor.java:1149)
	at java.util.concurrent.ThreadPoolExecutor$Worker.run(ThreadPoolExecutor.java:624)
	at java.lang.Thread.run(Thread.java:750)
09:57:08.849 [OM StateMachine ApplyTransaction Thread - 0] ERROR OMAudit - user=runner | ip=127.0.0.1 | op=CREATE_DIRECTORY {volume=volume16412, bucket=bucket93813, key=d1/d2/d3/d4/key3, dataSize=0, replicationType=NONE, replicationFactor=ZERO} | ret=FAILURE
org.apache.hadoop.ozone.om.exceptions.OMException: Unable to create directory: d1/d2/d3/d4/key3 in volume/bucket: volume16412/bucket93813
	at org.apache.hadoop.ozone.om.request.file.OMDirectoryCreateRequest.validateAndUpdateCache(OMDirectoryCreateRequest.java:198) ~[ozone-manager-1.3.0-SNAPSHOT.jar:?]
	at org.apache.hadoop.ozone.protocolPB.OzoneManagerRequestHandler.handleWriteRequest(OzoneManagerRequestHandler.java:304) ~[ozone-manager-1.3.0-SNAPSHOT.jar:?]
	at org.apache.hadoop.ozone.om.ratis.OzoneManagerStateMachine.runCommand(OzoneManagerStateMachine.java:529) ~[ozone-manager-1.3.0-SNAPSHOT.jar:?]
	at org.apache.hadoop.ozone.om.ratis.OzoneManagerStateMachine.lambda$1(OzoneManagerStateMachine.java:324) ~[ozone-manager-1.3.0-SNAPSHOT.jar:?]
	at java.util.concurrent.CompletableFuture$AsyncSupply.run(CompletableFuture.java:1604) [?:1.8.0_345]
	at java.util.concurrent.ThreadPoolExecutor.runWorker(ThreadPoolExecutor.java:1149) [?:1.8.0_345]
	at java.util.concurrent.ThreadPoolExecutor$Worker.run(ThreadPoolExecutor.java:624) [?:1.8.0_345]
	at java.lang.Thread.run(Thread.java:750) [?:1.8.0_345]
2022-09-28 09:57:08,849 [OM StateMachine ApplyTransaction Thread - 0] ERROR file.OMDirectoryCreateRequest (OMDirectoryCreateRequest.java:logResult(331)) - Directory creation failed. Volume:volume16412, Bucket:bucket93813, Keyd1/d2/d3/d4/key3. Exception:{}
FILE_ALREADY_EXISTS org.apache.hadoop.ozone.om.exceptions.OMException: Unable to create directory: d1/d2/d3/d4/key3 in volume/bucket: volume16412/bucket93813
	at org.apache.hadoop.ozone.om.request.file.OMDirectoryCreateRequest.validateAndUpdateCache(OMDirectoryCreateRequest.java:198)
	at org.apache.hadoop.ozone.protocolPB.OzoneManagerRequestHandler.handleWriteRequest(OzoneManagerRequestHandler.java:304)
	at org.apache.hadoop.ozone.om.ratis.OzoneManagerStateMachine.runCommand(OzoneManagerStateMachine.java:529)
	at org.apache.hadoop.ozone.om.ratis.OzoneManagerStateMachine.lambda$1(OzoneManagerStateMachine.java:324)
	at java.util.concurrent.CompletableFuture$AsyncSupply.run(CompletableFuture.java:1604)
	at java.util.concurrent.ThreadPoolExecutor.runWorker(ThreadPoolExecutor.java:1149)
	at java.util.concurrent.ThreadPoolExecutor$Worker.run(ThreadPoolExecutor.java:624)
	at java.lang.Thread.run(Thread.java:750)
09:57:08.851 [OM StateMachine ApplyTransaction Thread - 0] ERROR OMAudit - user=runner | ip=127.0.0.1 | op=CREATE_FILE {volume=volume16412, bucket=bucket93813, key=d1/d2/d3, dataSize=4194304, replicationType=RATIS, replicationFactor=THREE} | ret=FAILURE
org.apache.hadoop.ozone.om.exceptions.OMException: Can not write to directory: d1/d2/d3
	at org.apache.hadoop.ozone.om.request.file.OMFileCreateRequest.checkDirectoryResult(OMFileCreateRequest.java:364) ~[ozone-manager-1.3.0-SNAPSHOT.jar:?]
	at org.apache.hadoop.ozone.om.request.file.OMFileCreateRequest.validateAndUpdateCache(OMFileCreateRequest.java:240) ~[ozone-manager-1.3.0-SNAPSHOT.jar:?]
	at org.apache.hadoop.ozone.protocolPB.OzoneManagerRequestHandler.handleWriteRequest(OzoneManagerRequestHandler.java:304) ~[ozone-manager-1.3.0-SNAPSHOT.jar:?]
	at org.apache.hadoop.ozone.om.ratis.OzoneManagerStateMachine.runCommand(OzoneManagerStateMachine.java:529) ~[ozone-manager-1.3.0-SNAPSHOT.jar:?]
	at org.apache.hadoop.ozone.om.ratis.OzoneManagerStateMachine.lambda$1(OzoneManagerStateMachine.java:324) ~[ozone-manager-1.3.0-SNAPSHOT.jar:?]
	at java.util.concurrent.CompletableFuture$AsyncSupply.run(CompletableFuture.java:1604) [?:1.8.0_345]
	at java.util.concurrent.ThreadPoolExecutor.runWorker(ThreadPoolExecutor.java:1149) [?:1.8.0_345]
	at java.util.concurrent.ThreadPoolExecutor$Worker.run(ThreadPoolExecutor.java:624) [?:1.8.0_345]
	at java.lang.Thread.run(Thread.java:750) [?:1.8.0_345]
2022-09-28 09:57:08,851 [OM StateMachine ApplyTransaction Thread - 0] ERROR file.OMFileCreateRequest (OMFileCreateRequest.java:validateAndUpdateCache(337)) - File create failed. Volume:volume16412, Bucket:bucket93813, Keyd1/d2/d3.
NOT_A_FILE org.apache.hadoop.ozone.om.exceptions.OMException: Can not write to directory: d1/d2/d3
	at org.apache.hadoop.ozone.om.request.file.OMFileCreateRequest.checkDirectoryResult(OMFileCreateRequest.java:364)
	at org.apache.hadoop.ozone.om.request.file.OMFileCreateRequest.validateAndUpdateCache(OMFileCreateRequest.java:240)
	at org.apache.hadoop.ozone.protocolPB.OzoneManagerRequestHandler.handleWriteRequest(OzoneManagerRequestHandler.java:304)
	at org.apache.hadoop.ozone.om.ratis.OzoneManagerStateMachine.runCommand(OzoneManagerStateMachine.java:529)
	at org.apache.hadoop.ozone.om.ratis.OzoneManagerStateMachine.lambda$1(OzoneManagerStateMachine.java:324)
	at java.util.concurrent.CompletableFuture$AsyncSupply.run(CompletableFuture.java:1604)
	at java.util.concurrent.ThreadPoolExecutor.runWorker(ThreadPoolExecutor.java:1149)
	at java.util.concurrent.ThreadPoolExecutor$Worker.run(ThreadPoolExecutor.java:624)
	at java.lang.Thread.run(Thread.java:750)
09:57:08.852 [IPC Server handler 0 on default port 44537] ERROR OMAudit - user=runner | ip=127.0.0.1 | op=GET_FILE_STATUS {volume=volume16412, bucket=bucket93813, key=d1/d2/d3/d4/key3/invalid, dataSize=0, replicationConfig=null} | ret=FAILURE
org.apache.hadoop.ozone.om.exceptions.OMException: Unable to get file status: volume: volume16412 bucket: bucket93813 key: d1/d2/d3/d4/key3/invalid
	at org.apache.hadoop.ozone.om.KeyManagerImpl.getOzoneFileStatus(KeyManagerImpl.java:1324) ~[ozone-manager-1.3.0-SNAPSHOT.jar:?]
	at org.apache.hadoop.ozone.om.KeyManagerImpl.getFileStatus(KeyManagerImpl.java:1254) ~[ozone-manager-1.3.0-SNAPSHOT.jar:?]
	at org.apache.hadoop.ozone.om.OzoneManager.getFileStatus(OzoneManager.java:3506) ~[ozone-manager-1.3.0-SNAPSHOT.jar:?]
	at org.apache.hadoop.ozone.protocolPB.OzoneManagerRequestHandler.getOzoneFileStatus(OzoneManagerRequestHandler.java:882) ~[ozone-manager-1.3.0-SNAPSHOT.jar:?]
	at org.apache.hadoop.ozone.protocolPB.OzoneManagerRequestHandler.handleReadRequest(OzoneManagerRequestHandler.java:228) ~[ozone-manager-1.3.0-SNAPSHOT.jar:?]
	at org.apache.hadoop.ozone.protocolPB.OzoneManagerProtocolServerSideTranslatorPB.submitReadRequestToOM(OzoneManagerProtocolServerSideTranslatorPB.java:226) ~[ozone-manager-1.3.0-SNAPSHOT.jar:?]
	at org.apache.hadoop.ozone.protocolPB.OzoneManagerProtocolServerSideTranslatorPB.processRequest(OzoneManagerProtocolServerSideTranslatorPB.java:175) ~[ozone-manager-1.3.0-SNAPSHOT.jar:?]
	at org.apache.hadoop.hdds.server.OzoneProtocolMessageDispatcher.processRequest(OzoneProtocolMessageDispatcher.java:87) [hdds-server-framework-1.3.0-SNAPSHOT.jar:?]
	at org.apache.hadoop.ozone.protocolPB.OzoneManagerProtocolServerSideTranslatorPB.submitRequest(OzoneManagerProtocolServerSideTranslatorPB.java:147) [ozone-manager-1.3.0-SNAPSHOT.jar:?]
	at org.apache.hadoop.ozone.protocol.proto.OzoneManagerProtocolProtos$OzoneManagerService$2.callBlockingMethod(OzoneManagerProtocolProtos.java) [ozone-interface-client-1.3.0-SNAPSHOT.jar:?]
	at org.apache.hadoop.ipc.ProtobufRpcEngine$Server.processCall(ProtobufRpcEngine.java:466) [hadoop-common-3.3.1.jar:?]
	at org.apache.hadoop.ipc.ProtobufRpcEngine2$Server$ProtoBufRpcInvoker.call(ProtobufRpcEngine2.java:574) [hadoop-common-3.3.1.jar:?]
	at org.apache.hadoop.ipc.ProtobufRpcEngine2$Server$ProtoBufRpcInvoker.call(ProtobufRpcEngine2.java:552) [hadoop-common-3.3.1.jar:?]
	at org.apache.hadoop.ipc.RPC$Server.call(RPC.java:1093) [hadoop-common-3.3.1.jar:?]
	at org.apache.hadoop.ipc.Server$RpcCall.run(Server.java:1035) [hadoop-common-3.3.1.jar:?]
	at org.apache.hadoop.ipc.Server$RpcCall.run(Server.java:963) [hadoop-common-3.3.1.jar:?]
	at java.security.AccessController.doPrivileged(Native Method) ~[?:1.8.0_345]
	at javax.security.auth.Subject.doAs(Subject.java:422) [?:1.8.0_345]
	at org.apache.hadoop.security.UserGroupInformation.doAs(UserGroupInformation.java:1878) [hadoop-common-3.3.1.jar:?]
	at org.apache.hadoop.ipc.Server$Handler.run(Server.java:2966) [hadoop-common-3.3.1.jar:?]
2022-09-28 09:57:08,852 [Time-limited test] WARN  ozone.BasicOzoneFileSystem (BasicOzoneFileSystem.java:getFileStatus(765)) - GetFileStatus failed for path /d1/d2/d3/d4/key3/invalid
java.io.FileNotFoundException: d1/d2/d3/d4/key3/invalid: No such file or directory!
	at org.apache.hadoop.fs.ozone.BasicOzoneClientAdapterImpl.getFileStatus(BasicOzoneClientAdapterImpl.java:369)
	at org.apache.hadoop.fs.ozone.BasicOzoneFileSystem.getFileStatus(BasicOzoneFileSystem.java:757)
	at org.apache.hadoop.fs.ozone.TestOzoneFileSystem.testCreateFileShouldCheckExistenceOfDirWithSameName(TestOzoneFileSystem.java:303)
	at sun.reflect.NativeMethodAccessorImpl.invoke0(Native Method)
	at sun.reflect.NativeMethodAccessorImpl.invoke(NativeMethodAccessorImpl.java:62)
	at sun.reflect.DelegatingMethodAccessorImpl.invoke(DelegatingMethodAccessorImpl.java:43)
	at java.lang.reflect.Method.invoke(Method.java:498)
	at org.junit.runners.model.FrameworkMethod$1.runReflectiveCall(FrameworkMethod.java:59)
	at org.junit.internal.runners.model.ReflectiveCallable.run(ReflectiveCallable.java:12)
	at org.junit.runners.model.FrameworkMethod.invokeExplosively(FrameworkMethod.java:56)
	at org.junit.internal.runners.statements.InvokeMethod.evaluate(InvokeMethod.java:17)
	at org.junit.internal.runners.statements.RunAfters.evaluate(RunAfters.java:27)
	at org.junit.internal.runners.statements.FailOnTimeout$CallableStatement.call(FailOnTimeout.java:288)
	at org.junit.internal.runners.statements.FailOnTimeout$CallableStatement.call(FailOnTimeout.java:282)
	at java.util.concurrent.FutureTask.run(FutureTask.java:266)
	at java.lang.Thread.run(Thread.java:750)
09:57:08.852 [IPC Server handler 11 on default port 44537] ERROR OMAudit - user=runner | ip=127.0.0.1 | op=GET_FILE_STATUS {volume=volume16412, bucket=bucket93813, key=d1/d2/d3/d4/invalidkey, dataSize=0, replicationConfig=null} | ret=FAILURE
org.apache.hadoop.ozone.om.exceptions.OMException: Unable to get file status: volume: volume16412 bucket: bucket93813 key: d1/d2/d3/d4/invalidkey
	at org.apache.hadoop.ozone.om.KeyManagerImpl.getOzoneFileStatus(KeyManagerImpl.java:1324) ~[ozone-manager-1.3.0-SNAPSHOT.jar:?]
	at org.apache.hadoop.ozone.om.KeyManagerImpl.getFileStatus(KeyManagerImpl.java:1254) ~[ozone-manager-1.3.0-SNAPSHOT.jar:?]
	at org.apache.hadoop.ozone.om.OzoneManager.getFileStatus(OzoneManager.java:3506) ~[ozone-manager-1.3.0-SNAPSHOT.jar:?]
	at org.apache.hadoop.ozone.protocolPB.OzoneManagerRequestHandler.getOzoneFileStatus(OzoneManagerRequestHandler.java:882) ~[ozone-manager-1.3.0-SNAPSHOT.jar:?]
	at org.apache.hadoop.ozone.protocolPB.OzoneManagerRequestHandler.handleReadRequest(OzoneManagerRequestHandler.java:228) ~[ozone-manager-1.3.0-SNAPSHOT.jar:?]
	at org.apache.hadoop.ozone.protocolPB.OzoneManagerProtocolServerSideTranslatorPB.submitReadRequestToOM(OzoneManagerProtocolServerSideTranslatorPB.java:226) ~[ozone-manager-1.3.0-SNAPSHOT.jar:?]
	at org.apache.hadoop.ozone.protocolPB.OzoneManagerProtocolServerSideTranslatorPB.processRequest(OzoneManagerProtocolServerSideTranslatorPB.java:175) ~[ozone-manager-1.3.0-SNAPSHOT.jar:?]
	at org.apache.hadoop.hdds.server.OzoneProtocolMessageDispatcher.processRequest(OzoneProtocolMessageDispatcher.java:87) [hdds-server-framework-1.3.0-SNAPSHOT.jar:?]
	at org.apache.hadoop.ozone.protocolPB.OzoneManagerProtocolServerSideTranslatorPB.submitRequest(OzoneManagerProtocolServerSideTranslatorPB.java:147) [ozone-manager-1.3.0-SNAPSHOT.jar:?]
	at org.apache.hadoop.ozone.protocol.proto.OzoneManagerProtocolProtos$OzoneManagerService$2.callBlockingMethod(OzoneManagerProtocolProtos.java) [ozone-interface-client-1.3.0-SNAPSHOT.jar:?]
	at org.apache.hadoop.ipc.ProtobufRpcEngine$Server.processCall(ProtobufRpcEngine.java:466) [hadoop-common-3.3.1.jar:?]
	at org.apache.hadoop.ipc.ProtobufRpcEngine2$Server$ProtoBufRpcInvoker.call(ProtobufRpcEngine2.java:574) [hadoop-common-3.3.1.jar:?]
	at org.apache.hadoop.ipc.ProtobufRpcEngine2$Server$ProtoBufRpcInvoker.call(ProtobufRpcEngine2.java:552) [hadoop-common-3.3.1.jar:?]
	at org.apache.hadoop.ipc.RPC$Server.call(RPC.java:1093) [hadoop-common-3.3.1.jar:?]
	at org.apache.hadoop.ipc.Server$RpcCall.run(Server.java:1035) [hadoop-common-3.3.1.jar:?]
	at org.apache.hadoop.ipc.Server$RpcCall.run(Server.java:963) [hadoop-common-3.3.1.jar:?]
	at java.security.AccessController.doPrivileged(Native Method) ~[?:1.8.0_345]
	at javax.security.auth.Subject.doAs(Subject.java:422) [?:1.8.0_345]
	at org.apache.hadoop.security.UserGroupInformation.doAs(UserGroupInformation.java:1878) [hadoop-common-3.3.1.jar:?]
	at org.apache.hadoop.ipc.Server$Handler.run(Server.java:2966) [hadoop-common-3.3.1.jar:?]
2022-09-28 09:57:08,853 [Time-limited test] WARN  ozone.BasicOzoneFileSystem (BasicOzoneFileSystem.java:getFileStatus(765)) - GetFileStatus failed for path /d1/d2/d3/d4/invalidkey
java.io.FileNotFoundException: d1/d2/d3/d4/invalidkey: No such file or directory!
	at org.apache.hadoop.fs.ozone.BasicOzoneClientAdapterImpl.getFileStatus(BasicOzoneClientAdapterImpl.java:369)
	at org.apache.hadoop.fs.ozone.BasicOzoneFileSystem.getFileStatus(BasicOzoneFileSystem.java:757)
	at org.apache.hadoop.fs.ozone.TestOzoneFileSystem.testCreateFileShouldCheckExistenceOfDirWithSameName(TestOzoneFileSystem.java:310)
	at sun.reflect.NativeMethodAccessorImpl.invoke0(Native Method)
	at sun.reflect.NativeMethodAccessorImpl.invoke(NativeMethodAccessorImpl.java:62)
	at sun.reflect.DelegatingMethodAccessorImpl.invoke(DelegatingMethodAccessorImpl.java:43)
	at java.lang.reflect.Method.invoke(Method.java:498)
	at org.junit.runners.model.FrameworkMethod$1.runReflectiveCall(FrameworkMethod.java:59)
	at org.junit.internal.runners.model.ReflectiveCallable.run(ReflectiveCallable.java:12)
	at org.junit.runners.model.FrameworkMethod.invokeExplosively(FrameworkMethod.java:56)
	at org.junit.internal.runners.statements.InvokeMethod.evaluate(InvokeMethod.java:17)
	at org.junit.internal.runners.statements.RunAfters.evaluate(RunAfters.java:27)
	at org.junit.internal.runners.statements.FailOnTimeout$CallableStatement.call(FailOnTimeout.java:288)
	at org.junit.internal.runners.statements.FailOnTimeout$CallableStatement.call(FailOnTimeout.java:282)
	at java.util.concurrent.FutureTask.run(FutureTask.java:266)
	at java.lang.Thread.run(Thread.java:750)
]]></system-out>
  </testcase>
  <testcase name="testCreateFileShouldCheckExistenceOfDirWithSameName" classname="TestOzoneFileSystem" time="0.038">
    <system-out><![CDATA[09:59:04.667 [IPC Server handler 0 on default port 38925] ERROR OMAudit - user=runner | ip=127.0.0.1 | op=CREATE_FILE {volume=volume75139, bucket=bucket52642, key=d1/d2/d3/d4/key2, dataSize=4194304, replicationType=RATIS, replicationFactor=THREE} | ret=FAILURE
org.apache.hadoop.ozone.om.exceptions.OMException: Can not write to directory: d1/d2/d3/d4/key2
	at org.apache.hadoop.ozone.om.request.file.OMFileCreateRequest.checkDirectoryResult(OMFileCreateRequest.java:364) ~[ozone-manager-1.3.0-SNAPSHOT.jar:?]
	at org.apache.hadoop.ozone.om.request.file.OMFileCreateRequest.validateAndUpdateCache(OMFileCreateRequest.java:240) ~[ozone-manager-1.3.0-SNAPSHOT.jar:?]
	at org.apache.hadoop.ozone.protocolPB.OzoneManagerRequestHandler.handleWriteRequest(OzoneManagerRequestHandler.java:304) ~[ozone-manager-1.3.0-SNAPSHOT.jar:?]
	at org.apache.hadoop.ozone.protocolPB.OzoneManagerProtocolServerSideTranslatorPB.submitRequestDirectlyToOM(OzoneManagerProtocolServerSideTranslatorPB.java:282) ~[ozone-manager-1.3.0-SNAPSHOT.jar:?]
	at org.apache.hadoop.ozone.protocolPB.OzoneManagerProtocolServerSideTranslatorPB.processRequest(OzoneManagerProtocolServerSideTranslatorPB.java:205) ~[ozone-manager-1.3.0-SNAPSHOT.jar:?]
	at org.apache.hadoop.hdds.server.OzoneProtocolMessageDispatcher.processRequest(OzoneProtocolMessageDispatcher.java:87) [hdds-server-framework-1.3.0-SNAPSHOT.jar:?]
	at org.apache.hadoop.ozone.protocolPB.OzoneManagerProtocolServerSideTranslatorPB.submitRequest(OzoneManagerProtocolServerSideTranslatorPB.java:147) [ozone-manager-1.3.0-SNAPSHOT.jar:?]
	at org.apache.hadoop.ozone.protocol.proto.OzoneManagerProtocolProtos$OzoneManagerService$2.callBlockingMethod(OzoneManagerProtocolProtos.java) [ozone-interface-client-1.3.0-SNAPSHOT.jar:?]
	at org.apache.hadoop.ipc.ProtobufRpcEngine$Server.processCall(ProtobufRpcEngine.java:466) [hadoop-common-3.3.1.jar:?]
	at org.apache.hadoop.ipc.ProtobufRpcEngine2$Server$ProtoBufRpcInvoker.call(ProtobufRpcEngine2.java:574) [hadoop-common-3.3.1.jar:?]
	at org.apache.hadoop.ipc.ProtobufRpcEngine2$Server$ProtoBufRpcInvoker.call(ProtobufRpcEngine2.java:552) [hadoop-common-3.3.1.jar:?]
	at org.apache.hadoop.ipc.RPC$Server.call(RPC.java:1093) [hadoop-common-3.3.1.jar:?]
	at org.apache.hadoop.ipc.Server$RpcCall.run(Server.java:1035) [hadoop-common-3.3.1.jar:?]
	at org.apache.hadoop.ipc.Server$RpcCall.run(Server.java:963) [hadoop-common-3.3.1.jar:?]
	at java.security.AccessController.doPrivileged(Native Method) ~[?:1.8.0_345]
	at javax.security.auth.Subject.doAs(Subject.java:422) [?:1.8.0_345]
	at org.apache.hadoop.security.UserGroupInformation.doAs(UserGroupInformation.java:1878) [hadoop-common-3.3.1.jar:?]
	at org.apache.hadoop.ipc.Server$Handler.run(Server.java:2966) [hadoop-common-3.3.1.jar:?]
2022-09-28 09:59:04,668 [IPC Server handler 0 on default port 38925] ERROR file.OMFileCreateRequest (OMFileCreateRequest.java:validateAndUpdateCache(337)) - File create failed. Volume:volume75139, Bucket:bucket52642, Keyd1/d2/d3/d4/key2.
NOT_A_FILE org.apache.hadoop.ozone.om.exceptions.OMException: Can not write to directory: d1/d2/d3/d4/key2
	at org.apache.hadoop.ozone.om.request.file.OMFileCreateRequest.checkDirectoryResult(OMFileCreateRequest.java:364)
	at org.apache.hadoop.ozone.om.request.file.OMFileCreateRequest.validateAndUpdateCache(OMFileCreateRequest.java:240)
	at org.apache.hadoop.ozone.protocolPB.OzoneManagerRequestHandler.handleWriteRequest(OzoneManagerRequestHandler.java:304)
	at org.apache.hadoop.ozone.protocolPB.OzoneManagerProtocolServerSideTranslatorPB.submitRequestDirectlyToOM(OzoneManagerProtocolServerSideTranslatorPB.java:282)
	at org.apache.hadoop.ozone.protocolPB.OzoneManagerProtocolServerSideTranslatorPB.processRequest(OzoneManagerProtocolServerSideTranslatorPB.java:205)
	at org.apache.hadoop.hdds.server.OzoneProtocolMessageDispatcher.processRequest(OzoneProtocolMessageDispatcher.java:87)
	at org.apache.hadoop.ozone.protocolPB.OzoneManagerProtocolServerSideTranslatorPB.submitRequest(OzoneManagerProtocolServerSideTranslatorPB.java:147)
	at org.apache.hadoop.ozone.protocol.proto.OzoneManagerProtocolProtos$OzoneManagerService$2.callBlockingMethod(OzoneManagerProtocolProtos.java)
	at org.apache.hadoop.ipc.ProtobufRpcEngine$Server.processCall(ProtobufRpcEngine.java:466)
	at org.apache.hadoop.ipc.ProtobufRpcEngine2$Server$ProtoBufRpcInvoker.call(ProtobufRpcEngine2.java:574)
	at org.apache.hadoop.ipc.ProtobufRpcEngine2$Server$ProtoBufRpcInvoker.call(ProtobufRpcEngine2.java:552)
	at org.apache.hadoop.ipc.RPC$Server.call(RPC.java:1093)
	at org.apache.hadoop.ipc.Server$RpcCall.run(Server.java:1035)
	at org.apache.hadoop.ipc.Server$RpcCall.run(Server.java:963)
	at java.security.AccessController.doPrivileged(Native Method)
	at javax.security.auth.Subject.doAs(Subject.java:422)
	at org.apache.hadoop.security.UserGroupInformation.doAs(UserGroupInformation.java:1878)
	at org.apache.hadoop.ipc.Server$Handler.run(Server.java:2966)
09:59:04.681 [IPC Server handler 9 on default port 38925] ERROR OMAudit - user=runner | ip=127.0.0.1 | op=CREATE_DIRECTORY {volume=volume75139, bucket=bucket52642, key=d1/d2/d3/d4/key3, dataSize=0, replicationType=NONE, replicationFactor=ZERO} | ret=FAILURE
org.apache.hadoop.ozone.om.exceptions.OMException: Unable to create directory: d1/d2/d3/d4/key3 in volume/bucket: volume75139/bucket52642
	at org.apache.hadoop.ozone.om.request.file.OMDirectoryCreateRequest.validateAndUpdateCache(OMDirectoryCreateRequest.java:198) ~[ozone-manager-1.3.0-SNAPSHOT.jar:?]
	at org.apache.hadoop.ozone.protocolPB.OzoneManagerRequestHandler.handleWriteRequest(OzoneManagerRequestHandler.java:304) ~[ozone-manager-1.3.0-SNAPSHOT.jar:?]
	at org.apache.hadoop.ozone.protocolPB.OzoneManagerProtocolServerSideTranslatorPB.submitRequestDirectlyToOM(OzoneManagerProtocolServerSideTranslatorPB.java:282) ~[ozone-manager-1.3.0-SNAPSHOT.jar:?]
	at org.apache.hadoop.ozone.protocolPB.OzoneManagerProtocolServerSideTranslatorPB.processRequest(OzoneManagerProtocolServerSideTranslatorPB.java:205) ~[ozone-manager-1.3.0-SNAPSHOT.jar:?]
	at org.apache.hadoop.hdds.server.OzoneProtocolMessageDispatcher.processRequest(OzoneProtocolMessageDispatcher.java:87) [hdds-server-framework-1.3.0-SNAPSHOT.jar:?]
	at org.apache.hadoop.ozone.protocolPB.OzoneManagerProtocolServerSideTranslatorPB.submitRequest(OzoneManagerProtocolServerSideTranslatorPB.java:147) [ozone-manager-1.3.0-SNAPSHOT.jar:?]
	at org.apache.hadoop.ozone.protocol.proto.OzoneManagerProtocolProtos$OzoneManagerService$2.callBlockingMethod(OzoneManagerProtocolProtos.java) [ozone-interface-client-1.3.0-SNAPSHOT.jar:?]
	at org.apache.hadoop.ipc.ProtobufRpcEngine$Server.processCall(ProtobufRpcEngine.java:466) [hadoop-common-3.3.1.jar:?]
	at org.apache.hadoop.ipc.ProtobufRpcEngine2$Server$ProtoBufRpcInvoker.call(ProtobufRpcEngine2.java:574) [hadoop-common-3.3.1.jar:?]
	at org.apache.hadoop.ipc.ProtobufRpcEngine2$Server$ProtoBufRpcInvoker.call(ProtobufRpcEngine2.java:552) [hadoop-common-3.3.1.jar:?]
	at org.apache.hadoop.ipc.RPC$Server.call(RPC.java:1093) [hadoop-common-3.3.1.jar:?]
	at org.apache.hadoop.ipc.Server$RpcCall.run(Server.java:1035) [hadoop-common-3.3.1.jar:?]
	at org.apache.hadoop.ipc.Server$RpcCall.run(Server.java:963) [hadoop-common-3.3.1.jar:?]
	at java.security.AccessController.doPrivileged(Native Method) ~[?:1.8.0_345]
	at javax.security.auth.Subject.doAs(Subject.java:422) [?:1.8.0_345]
	at org.apache.hadoop.security.UserGroupInformation.doAs(UserGroupInformation.java:1878) [hadoop-common-3.3.1.jar:?]
	at org.apache.hadoop.ipc.Server$Handler.run(Server.java:2966) [hadoop-common-3.3.1.jar:?]
2022-09-28 09:59:04,681 [IPC Server handler 9 on default port 38925] ERROR file.OMDirectoryCreateRequest (OMDirectoryCreateRequest.java:logResult(331)) - Directory creation failed. Volume:volume75139, Bucket:bucket52642, Keyd1/d2/d3/d4/key3. Exception:{}
FILE_ALREADY_EXISTS org.apache.hadoop.ozone.om.exceptions.OMException: Unable to create directory: d1/d2/d3/d4/key3 in volume/bucket: volume75139/bucket52642
	at org.apache.hadoop.ozone.om.request.file.OMDirectoryCreateRequest.validateAndUpdateCache(OMDirectoryCreateRequest.java:198)
	at org.apache.hadoop.ozone.protocolPB.OzoneManagerRequestHandler.handleWriteRequest(OzoneManagerRequestHandler.java:304)
	at org.apache.hadoop.ozone.protocolPB.OzoneManagerProtocolServerSideTranslatorPB.submitRequestDirectlyToOM(OzoneManagerProtocolServerSideTranslatorPB.java:282)
	at org.apache.hadoop.ozone.protocolPB.OzoneManagerProtocolServerSideTranslatorPB.processRequest(OzoneManagerProtocolServerSideTranslatorPB.java:205)
	at org.apache.hadoop.hdds.server.OzoneProtocolMessageDispatcher.processRequest(OzoneProtocolMessageDispatcher.java:87)
	at org.apache.hadoop.ozone.protocolPB.OzoneManagerProtocolServerSideTranslatorPB.submitRequest(OzoneManagerProtocolServerSideTranslatorPB.java:147)
	at org.apache.hadoop.ozone.protocol.proto.OzoneManagerProtocolProtos$OzoneManagerService$2.callBlockingMethod(OzoneManagerProtocolProtos.java)
	at org.apache.hadoop.ipc.ProtobufRpcEngine$Server.processCall(ProtobufRpcEngine.java:466)
	at org.apache.hadoop.ipc.ProtobufRpcEngine2$Server$ProtoBufRpcInvoker.call(ProtobufRpcEngine2.java:574)
	at org.apache.hadoop.ipc.ProtobufRpcEngine2$Server$ProtoBufRpcInvoker.call(ProtobufRpcEngine2.java:552)
	at org.apache.hadoop.ipc.RPC$Server.call(RPC.java:1093)
	at org.apache.hadoop.ipc.Server$RpcCall.run(Server.java:1035)
	at org.apache.hadoop.ipc.Server$RpcCall.run(Server.java:963)
	at java.security.AccessController.doPrivileged(Native Method)
	at javax.security.auth.Subject.doAs(Subject.java:422)
	at org.apache.hadoop.security.UserGroupInformation.doAs(UserGroupInformation.java:1878)
	at org.apache.hadoop.ipc.Server$Handler.run(Server.java:2966)
09:59:04.682 [IPC Server handler 6 on default port 38925] ERROR OMAudit - user=runner | ip=127.0.0.1 | op=CREATE_FILE {volume=volume75139, bucket=bucket52642, key=d1/d2/d3, dataSize=4194304, replicationType=RATIS, replicationFactor=THREE} | ret=FAILURE
org.apache.hadoop.ozone.om.exceptions.OMException: Can not write to directory: d1/d2/d3
	at org.apache.hadoop.ozone.om.request.file.OMFileCreateRequest.checkDirectoryResult(OMFileCreateRequest.java:364) ~[ozone-manager-1.3.0-SNAPSHOT.jar:?]
	at org.apache.hadoop.ozone.om.request.file.OMFileCreateRequest.validateAndUpdateCache(OMFileCreateRequest.java:240) ~[ozone-manager-1.3.0-SNAPSHOT.jar:?]
	at org.apache.hadoop.ozone.protocolPB.OzoneManagerRequestHandler.handleWriteRequest(OzoneManagerRequestHandler.java:304) ~[ozone-manager-1.3.0-SNAPSHOT.jar:?]
	at org.apache.hadoop.ozone.protocolPB.OzoneManagerProtocolServerSideTranslatorPB.submitRequestDirectlyToOM(OzoneManagerProtocolServerSideTranslatorPB.java:282) ~[ozone-manager-1.3.0-SNAPSHOT.jar:?]
	at org.apache.hadoop.ozone.protocolPB.OzoneManagerProtocolServerSideTranslatorPB.processRequest(OzoneManagerProtocolServerSideTranslatorPB.java:205) ~[ozone-manager-1.3.0-SNAPSHOT.jar:?]
	at org.apache.hadoop.hdds.server.OzoneProtocolMessageDispatcher.processRequest(OzoneProtocolMessageDispatcher.java:87) [hdds-server-framework-1.3.0-SNAPSHOT.jar:?]
	at org.apache.hadoop.ozone.protocolPB.OzoneManagerProtocolServerSideTranslatorPB.submitRequest(OzoneManagerProtocolServerSideTranslatorPB.java:147) [ozone-manager-1.3.0-SNAPSHOT.jar:?]
	at org.apache.hadoop.ozone.protocol.proto.OzoneManagerProtocolProtos$OzoneManagerService$2.callBlockingMethod(OzoneManagerProtocolProtos.java) [ozone-interface-client-1.3.0-SNAPSHOT.jar:?]
	at org.apache.hadoop.ipc.ProtobufRpcEngine$Server.processCall(ProtobufRpcEngine.java:466) [hadoop-common-3.3.1.jar:?]
	at org.apache.hadoop.ipc.ProtobufRpcEngine2$Server$ProtoBufRpcInvoker.call(ProtobufRpcEngine2.java:574) [hadoop-common-3.3.1.jar:?]
	at org.apache.hadoop.ipc.ProtobufRpcEngine2$Server$ProtoBufRpcInvoker.call(ProtobufRpcEngine2.java:552) [hadoop-common-3.3.1.jar:?]
	at org.apache.hadoop.ipc.RPC$Server.call(RPC.java:1093) [hadoop-common-3.3.1.jar:?]
	at org.apache.hadoop.ipc.Server$RpcCall.run(Server.java:1035) [hadoop-common-3.3.1.jar:?]
	at org.apache.hadoop.ipc.Server$RpcCall.run(Server.java:963) [hadoop-common-3.3.1.jar:?]
	at java.security.AccessController.doPrivileged(Native Method) ~[?:1.8.0_345]
	at javax.security.auth.Subject.doAs(Subject.java:422) [?:1.8.0_345]
	at org.apache.hadoop.security.UserGroupInformation.doAs(UserGroupInformation.java:1878) [hadoop-common-3.3.1.jar:?]
	at org.apache.hadoop.ipc.Server$Handler.run(Server.java:2966) [hadoop-common-3.3.1.jar:?]
2022-09-28 09:59:04,682 [IPC Server handler 6 on default port 38925] ERROR file.OMFileCreateRequest (OMFileCreateRequest.java:validateAndUpdateCache(337)) - File create failed. Volume:volume75139, Bucket:bucket52642, Keyd1/d2/d3.
NOT_A_FILE org.apache.hadoop.ozone.om.exceptions.OMException: Can not write to directory: d1/d2/d3
	at org.apache.hadoop.ozone.om.request.file.OMFileCreateRequest.checkDirectoryResult(OMFileCreateRequest.java:364)
	at org.apache.hadoop.ozone.om.request.file.OMFileCreateRequest.validateAndUpdateCache(OMFileCreateRequest.java:240)
	at org.apache.hadoop.ozone.protocolPB.OzoneManagerRequestHandler.handleWriteRequest(OzoneManagerRequestHandler.java:304)
	at org.apache.hadoop.ozone.protocolPB.OzoneManagerProtocolServerSideTranslatorPB.submitRequestDirectlyToOM(OzoneManagerProtocolServerSideTranslatorPB.java:282)
	at org.apache.hadoop.ozone.protocolPB.OzoneManagerProtocolServerSideTranslatorPB.processRequest(OzoneManagerProtocolServerSideTranslatorPB.java:205)
	at org.apache.hadoop.hdds.server.OzoneProtocolMessageDispatcher.processRequest(OzoneProtocolMessageDispatcher.java:87)
	at org.apache.hadoop.ozone.protocolPB.OzoneManagerProtocolServerSideTranslatorPB.submitRequest(OzoneManagerProtocolServerSideTranslatorPB.java:147)
	at org.apache.hadoop.ozone.protocol.proto.OzoneManagerProtocolProtos$OzoneManagerService$2.callBlockingMethod(OzoneManagerProtocolProtos.java)
	at org.apache.hadoop.ipc.ProtobufRpcEngine$Server.processCall(ProtobufRpcEngine.java:466)
	at org.apache.hadoop.ipc.ProtobufRpcEngine2$Server$ProtoBufRpcInvoker.call(ProtobufRpcEngine2.java:574)
	at org.apache.hadoop.ipc.ProtobufRpcEngine2$Server$ProtoBufRpcInvoker.call(ProtobufRpcEngine2.java:552)
	at org.apache.hadoop.ipc.RPC$Server.call(RPC.java:1093)
	at org.apache.hadoop.ipc.Server$RpcCall.run(Server.java:1035)
	at org.apache.hadoop.ipc.Server$RpcCall.run(Server.java:963)
	at java.security.AccessController.doPrivileged(Native Method)
	at javax.security.auth.Subject.doAs(Subject.java:422)
	at org.apache.hadoop.security.UserGroupInformation.doAs(UserGroupInformation.java:1878)
	at org.apache.hadoop.ipc.Server$Handler.run(Server.java:2966)
09:59:04.683 [IPC Server handler 5 on default port 38925] ERROR OMAudit - user=runner | ip=127.0.0.1 | op=GET_FILE_STATUS {volume=volume75139, bucket=bucket52642, key=d1/d2/d3/d4/key3/invalid, dataSize=0, replicationConfig=null} | ret=FAILURE
org.apache.hadoop.ozone.om.exceptions.OMException: Unable to get file status: volume: volume75139 bucket: bucket52642 key: d1/d2/d3/d4/key3/invalid
	at org.apache.hadoop.ozone.om.KeyManagerImpl.getOzoneFileStatus(KeyManagerImpl.java:1324) ~[ozone-manager-1.3.0-SNAPSHOT.jar:?]
	at org.apache.hadoop.ozone.om.KeyManagerImpl.getFileStatus(KeyManagerImpl.java:1254) ~[ozone-manager-1.3.0-SNAPSHOT.jar:?]
	at org.apache.hadoop.ozone.om.OzoneManager.getFileStatus(OzoneManager.java:3506) ~[ozone-manager-1.3.0-SNAPSHOT.jar:?]
	at org.apache.hadoop.ozone.protocolPB.OzoneManagerRequestHandler.getOzoneFileStatus(OzoneManagerRequestHandler.java:882) ~[ozone-manager-1.3.0-SNAPSHOT.jar:?]
	at org.apache.hadoop.ozone.protocolPB.OzoneManagerRequestHandler.handleReadRequest(OzoneManagerRequestHandler.java:228) ~[ozone-manager-1.3.0-SNAPSHOT.jar:?]
	at org.apache.hadoop.ozone.protocolPB.OzoneManagerProtocolServerSideTranslatorPB.submitRequestDirectlyToOM(OzoneManagerProtocolServerSideTranslatorPB.java:276) ~[ozone-manager-1.3.0-SNAPSHOT.jar:?]
	at org.apache.hadoop.ozone.protocolPB.OzoneManagerProtocolServerSideTranslatorPB.processRequest(OzoneManagerProtocolServerSideTranslatorPB.java:205) ~[ozone-manager-1.3.0-SNAPSHOT.jar:?]
	at org.apache.hadoop.hdds.server.OzoneProtocolMessageDispatcher.processRequest(OzoneProtocolMessageDispatcher.java:87) [hdds-server-framework-1.3.0-SNAPSHOT.jar:?]
	at org.apache.hadoop.ozone.protocolPB.OzoneManagerProtocolServerSideTranslatorPB.submitRequest(OzoneManagerProtocolServerSideTranslatorPB.java:147) [ozone-manager-1.3.0-SNAPSHOT.jar:?]
	at org.apache.hadoop.ozone.protocol.proto.OzoneManagerProtocolProtos$OzoneManagerService$2.callBlockingMethod(OzoneManagerProtocolProtos.java) [ozone-interface-client-1.3.0-SNAPSHOT.jar:?]
	at org.apache.hadoop.ipc.ProtobufRpcEngine$Server.processCall(ProtobufRpcEngine.java:466) [hadoop-common-3.3.1.jar:?]
	at org.apache.hadoop.ipc.ProtobufRpcEngine2$Server$ProtoBufRpcInvoker.call(ProtobufRpcEngine2.java:574) [hadoop-common-3.3.1.jar:?]
	at org.apache.hadoop.ipc.ProtobufRpcEngine2$Server$ProtoBufRpcInvoker.call(ProtobufRpcEngine2.java:552) [hadoop-common-3.3.1.jar:?]
	at org.apache.hadoop.ipc.RPC$Server.call(RPC.java:1093) [hadoop-common-3.3.1.jar:?]
	at org.apache.hadoop.ipc.Server$RpcCall.run(Server.java:1035) [hadoop-common-3.3.1.jar:?]
	at org.apache.hadoop.ipc.Server$RpcCall.run(Server.java:963) [hadoop-common-3.3.1.jar:?]
	at java.security.AccessController.doPrivileged(Native Method) ~[?:1.8.0_345]
	at javax.security.auth.Subject.doAs(Subject.java:422) [?:1.8.0_345]
	at org.apache.hadoop.security.UserGroupInformation.doAs(UserGroupInformation.java:1878) [hadoop-common-3.3.1.jar:?]
	at org.apache.hadoop.ipc.Server$Handler.run(Server.java:2966) [hadoop-common-3.3.1.jar:?]
2022-09-28 09:59:04,683 [Time-limited test] WARN  ozone.BasicOzoneFileSystem (BasicOzoneFileSystem.java:getFileStatus(765)) - GetFileStatus failed for path /d1/d2/d3/d4/key3/invalid
java.io.FileNotFoundException: d1/d2/d3/d4/key3/invalid: No such file or directory!
	at org.apache.hadoop.fs.ozone.BasicOzoneClientAdapterImpl.getFileStatus(BasicOzoneClientAdapterImpl.java:369)
	at org.apache.hadoop.fs.ozone.BasicOzoneFileSystem.getFileStatus(BasicOzoneFileSystem.java:757)
	at org.apache.hadoop.fs.ozone.TestOzoneFileSystem.testCreateFileShouldCheckExistenceOfDirWithSameName(TestOzoneFileSystem.java:303)
	at sun.reflect.NativeMethodAccessorImpl.invoke0(Native Method)
	at sun.reflect.NativeMethodAccessorImpl.invoke(NativeMethodAccessorImpl.java:62)
	at sun.reflect.DelegatingMethodAccessorImpl.invoke(DelegatingMethodAccessorImpl.java:43)
	at java.lang.reflect.Method.invoke(Method.java:498)
	at org.junit.runners.model.FrameworkMethod$1.runReflectiveCall(FrameworkMethod.java:59)
	at org.junit.internal.runners.model.ReflectiveCallable.run(ReflectiveCallable.java:12)
	at org.junit.runners.model.FrameworkMethod.invokeExplosively(FrameworkMethod.java:56)
	at org.junit.internal.runners.statements.InvokeMethod.evaluate(InvokeMethod.java:17)
	at org.junit.internal.runners.statements.RunAfters.evaluate(RunAfters.java:27)
	at org.junit.internal.runners.statements.FailOnTimeout$CallableStatement.call(FailOnTimeout.java:288)
	at org.junit.internal.runners.statements.FailOnTimeout$CallableStatement.call(FailOnTimeout.java:282)
	at java.util.concurrent.FutureTask.run(FutureTask.java:266)
	at java.lang.Thread.run(Thread.java:750)
09:59:04.684 [IPC Server handler 12 on default port 38925] ERROR OMAudit - user=runner | ip=127.0.0.1 | op=GET_FILE_STATUS {volume=volume75139, bucket=bucket52642, key=d1/d2/d3/d4/invalidkey, dataSize=0, replicationConfig=null} | ret=FAILURE
org.apache.hadoop.ozone.om.exceptions.OMException: Unable to get file status: volume: volume75139 bucket: bucket52642 key: d1/d2/d3/d4/invalidkey
	at org.apache.hadoop.ozone.om.KeyManagerImpl.getOzoneFileStatus(KeyManagerImpl.java:1324) ~[ozone-manager-1.3.0-SNAPSHOT.jar:?]
	at org.apache.hadoop.ozone.om.KeyManagerImpl.getFileStatus(KeyManagerImpl.java:1254) ~[ozone-manager-1.3.0-SNAPSHOT.jar:?]
	at org.apache.hadoop.ozone.om.OzoneManager.getFileStatus(OzoneManager.java:3506) ~[ozone-manager-1.3.0-SNAPSHOT.jar:?]
	at org.apache.hadoop.ozone.protocolPB.OzoneManagerRequestHandler.getOzoneFileStatus(OzoneManagerRequestHandler.java:882) ~[ozone-manager-1.3.0-SNAPSHOT.jar:?]
	at org.apache.hadoop.ozone.protocolPB.OzoneManagerRequestHandler.handleReadRequest(OzoneManagerRequestHandler.java:228) ~[ozone-manager-1.3.0-SNAPSHOT.jar:?]
	at org.apache.hadoop.ozone.protocolPB.OzoneManagerProtocolServerSideTranslatorPB.submitRequestDirectlyToOM(OzoneManagerProtocolServerSideTranslatorPB.java:276) ~[ozone-manager-1.3.0-SNAPSHOT.jar:?]
	at org.apache.hadoop.ozone.protocolPB.OzoneManagerProtocolServerSideTranslatorPB.processRequest(OzoneManagerProtocolServerSideTranslatorPB.java:205) ~[ozone-manager-1.3.0-SNAPSHOT.jar:?]
	at org.apache.hadoop.hdds.server.OzoneProtocolMessageDispatcher.processRequest(OzoneProtocolMessageDispatcher.java:87) [hdds-server-framework-1.3.0-SNAPSHOT.jar:?]
	at org.apache.hadoop.ozone.protocolPB.OzoneManagerProtocolServerSideTranslatorPB.submitRequest(OzoneManagerProtocolServerSideTranslatorPB.java:147) [ozone-manager-1.3.0-SNAPSHOT.jar:?]
	at org.apache.hadoop.ozone.protocol.proto.OzoneManagerProtocolProtos$OzoneManagerService$2.callBlockingMethod(OzoneManagerProtocolProtos.java) [ozone-interface-client-1.3.0-SNAPSHOT.jar:?]
	at org.apache.hadoop.ipc.ProtobufRpcEngine$Server.processCall(ProtobufRpcEngine.java:466) [hadoop-common-3.3.1.jar:?]
	at org.apache.hadoop.ipc.ProtobufRpcEngine2$Server$ProtoBufRpcInvoker.call(ProtobufRpcEngine2.java:574) [hadoop-common-3.3.1.jar:?]
	at org.apache.hadoop.ipc.ProtobufRpcEngine2$Server$ProtoBufRpcInvoker.call(ProtobufRpcEngine2.java:552) [hadoop-common-3.3.1.jar:?]
	at org.apache.hadoop.ipc.RPC$Server.call(RPC.java:1093) [hadoop-common-3.3.1.jar:?]
	at org.apache.hadoop.ipc.Server$RpcCall.run(Server.java:1035) [hadoop-common-3.3.1.jar:?]
	at org.apache.hadoop.ipc.Server$RpcCall.run(Server.java:963) [hadoop-common-3.3.1.jar:?]
	at java.security.AccessController.doPrivileged(Native Method) ~[?:1.8.0_345]
	at javax.security.auth.Subject.doAs(Subject.java:422) [?:1.8.0_345]
	at org.apache.hadoop.security.UserGroupInformation.doAs(UserGroupInformation.java:1878) [hadoop-common-3.3.1.jar:?]
	at org.apache.hadoop.ipc.Server$Handler.run(Server.java:2966) [hadoop-common-3.3.1.jar:?]
2022-09-28 09:59:04,684 [Time-limited test] WARN  ozone.BasicOzoneFileSystem (BasicOzoneFileSystem.java:getFileStatus(765)) - GetFileStatus failed for path /d1/d2/d3/d4/invalidkey
java.io.FileNotFoundException: d1/d2/d3/d4/invalidkey: No such file or directory!
	at org.apache.hadoop.fs.ozone.BasicOzoneClientAdapterImpl.getFileStatus(BasicOzoneClientAdapterImpl.java:369)
	at org.apache.hadoop.fs.ozone.BasicOzoneFileSystem.getFileStatus(BasicOzoneFileSystem.java:757)
	at org.apache.hadoop.fs.ozone.TestOzoneFileSystem.testCreateFileShouldCheckExistenceOfDirWithSameName(TestOzoneFileSystem.java:310)
	at sun.reflect.NativeMethodAccessorImpl.invoke0(Native Method)
	at sun.reflect.NativeMethodAccessorImpl.invoke(NativeMethodAccessorImpl.java:62)
	at sun.reflect.DelegatingMethodAccessorImpl.invoke(DelegatingMethodAccessorImpl.java:43)
	at java.lang.reflect.Method.invoke(Method.java:498)
	at org.junit.runners.model.FrameworkMethod$1.runReflectiveCall(FrameworkMethod.java:59)
	at org.junit.internal.runners.model.ReflectiveCallable.run(ReflectiveCallable.java:12)
	at org.junit.runners.model.FrameworkMethod.invokeExplosively(FrameworkMethod.java:56)
	at org.junit.internal.runners.statements.InvokeMethod.evaluate(InvokeMethod.java:17)
	at org.junit.internal.runners.statements.RunAfters.evaluate(RunAfters.java:27)
	at org.junit.internal.runners.statements.FailOnTimeout$CallableStatement.call(FailOnTimeout.java:288)
	at org.junit.internal.runners.statements.FailOnTimeout$CallableStatement.call(FailOnTimeout.java:282)
	at java.util.concurrent.FutureTask.run(FutureTask.java:266)
	at java.lang.Thread.run(Thread.java:750)
]]></system-out>
  </testcase>
  <testcase name="testFileDelete" classname="TestOzoneFileSystem" time="0.159">
    <system-out><![CDATA[09:54:22.736 [IPC Server handler 19 on default port 33915] ERROR OMAudit - user=runner | ip=127.0.0.1 | op=GET_FILE_STATUS {volume=volume02959, bucket=bucket36363, key=testBatchDelete, dataSize=0, replicationConfig=null} | ret=FAILURE
org.apache.hadoop.ozone.om.exceptions.OMException: Unable to get file status: volume: volume02959 bucket: bucket36363 key: testBatchDelete
	at org.apache.hadoop.ozone.om.KeyManagerImpl.getOzoneFileStatus(KeyManagerImpl.java:1324) ~[ozone-manager-1.3.0-SNAPSHOT.jar:?]
	at org.apache.hadoop.ozone.om.KeyManagerImpl.getFileStatus(KeyManagerImpl.java:1254) ~[ozone-manager-1.3.0-SNAPSHOT.jar:?]
	at org.apache.hadoop.ozone.om.OzoneManager.getFileStatus(OzoneManager.java:3506) ~[ozone-manager-1.3.0-SNAPSHOT.jar:?]
	at org.apache.hadoop.ozone.protocolPB.OzoneManagerRequestHandler.getOzoneFileStatus(OzoneManagerRequestHandler.java:882) ~[ozone-manager-1.3.0-SNAPSHOT.jar:?]
	at org.apache.hadoop.ozone.protocolPB.OzoneManagerRequestHandler.handleReadRequest(OzoneManagerRequestHandler.java:228) ~[ozone-manager-1.3.0-SNAPSHOT.jar:?]
	at org.apache.hadoop.ozone.protocolPB.OzoneManagerProtocolServerSideTranslatorPB.submitReadRequestToOM(OzoneManagerProtocolServerSideTranslatorPB.java:226) ~[ozone-manager-1.3.0-SNAPSHOT.jar:?]
	at org.apache.hadoop.ozone.protocolPB.OzoneManagerProtocolServerSideTranslatorPB.processRequest(OzoneManagerProtocolServerSideTranslatorPB.java:175) ~[ozone-manager-1.3.0-SNAPSHOT.jar:?]
	at org.apache.hadoop.hdds.server.OzoneProtocolMessageDispatcher.processRequest(OzoneProtocolMessageDispatcher.java:87) [hdds-server-framework-1.3.0-SNAPSHOT.jar:?]
	at org.apache.hadoop.ozone.protocolPB.OzoneManagerProtocolServerSideTranslatorPB.submitRequest(OzoneManagerProtocolServerSideTranslatorPB.java:147) [ozone-manager-1.3.0-SNAPSHOT.jar:?]
	at org.apache.hadoop.ozone.protocol.proto.OzoneManagerProtocolProtos$OzoneManagerService$2.callBlockingMethod(OzoneManagerProtocolProtos.java) [ozone-interface-client-1.3.0-SNAPSHOT.jar:?]
	at org.apache.hadoop.ipc.ProtobufRpcEngine$Server.processCall(ProtobufRpcEngine.java:466) [hadoop-common-3.3.1.jar:?]
	at org.apache.hadoop.ipc.ProtobufRpcEngine2$Server$ProtoBufRpcInvoker.call(ProtobufRpcEngine2.java:574) [hadoop-common-3.3.1.jar:?]
	at org.apache.hadoop.ipc.ProtobufRpcEngine2$Server$ProtoBufRpcInvoker.call(ProtobufRpcEngine2.java:552) [hadoop-common-3.3.1.jar:?]
	at org.apache.hadoop.ipc.RPC$Server.call(RPC.java:1093) [hadoop-common-3.3.1.jar:?]
	at org.apache.hadoop.ipc.Server$RpcCall.run(Server.java:1035) [hadoop-common-3.3.1.jar:?]
	at org.apache.hadoop.ipc.Server$RpcCall.run(Server.java:963) [hadoop-common-3.3.1.jar:?]
	at java.security.AccessController.doPrivileged(Native Method) ~[?:1.8.0_345]
	at javax.security.auth.Subject.doAs(Subject.java:422) [?:1.8.0_345]
	at org.apache.hadoop.security.UserGroupInformation.doAs(UserGroupInformation.java:1878) [hadoop-common-3.3.1.jar:?]
	at org.apache.hadoop.ipc.Server$Handler.run(Server.java:2966) [hadoop-common-3.3.1.jar:?]
2022-09-28 09:54:22,736 [Time-limited test] WARN  ozone.BasicOzoneFileSystem (BasicOzoneFileSystem.java:getFileStatus(765)) - GetFileStatus failed for path /testBatchDelete
java.io.FileNotFoundException: testBatchDelete: No such file or directory!
	at org.apache.hadoop.fs.ozone.BasicOzoneClientAdapterImpl.getFileStatus(BasicOzoneClientAdapterImpl.java:369)
	at org.apache.hadoop.fs.ozone.BasicOzoneFileSystem.getFileStatus(BasicOzoneFileSystem.java:757)
	at org.apache.hadoop.fs.FileSystem.exists(FileSystem.java:1760)
	at org.apache.hadoop.fs.ozone.BasicOzoneFileSystem.exists(BasicOzoneFileSystem.java:804)
	at org.apache.hadoop.fs.ozone.TestOzoneFileSystem.testFileDelete(TestOzoneFileSystem.java:532)
	at sun.reflect.NativeMethodAccessorImpl.invoke0(Native Method)
	at sun.reflect.NativeMethodAccessorImpl.invoke(NativeMethodAccessorImpl.java:62)
	at sun.reflect.DelegatingMethodAccessorImpl.invoke(DelegatingMethodAccessorImpl.java:43)
	at java.lang.reflect.Method.invoke(Method.java:498)
	at org.junit.runners.model.FrameworkMethod$1.runReflectiveCall(FrameworkMethod.java:59)
	at org.junit.internal.runners.model.ReflectiveCallable.run(ReflectiveCallable.java:12)
	at org.junit.runners.model.FrameworkMethod.invokeExplosively(FrameworkMethod.java:56)
	at org.junit.internal.runners.statements.InvokeMethod.evaluate(InvokeMethod.java:17)
	at org.junit.internal.runners.statements.RunAfters.evaluate(RunAfters.java:27)
	at org.junit.internal.runners.statements.FailOnTimeout$CallableStatement.call(FailOnTimeout.java:288)
	at org.junit.internal.runners.statements.FailOnTimeout$CallableStatement.call(FailOnTimeout.java:282)
	at java.util.concurrent.FutureTask.run(FutureTask.java:266)
	at java.lang.Thread.run(Thread.java:750)
09:54:22.737 [IPC Server handler 8 on default port 33915] ERROR OMAudit - user=runner | ip=127.0.0.1 | op=GET_FILE_STATUS {volume=volume02959, bucket=bucket36363, key=testBatchDelete/parent/child0, dataSize=0, replicationConfig=null} | ret=FAILURE
org.apache.hadoop.ozone.om.exceptions.OMException: Unable to get file status: volume: volume02959 bucket: bucket36363 key: testBatchDelete/parent/child0
	at org.apache.hadoop.ozone.om.KeyManagerImpl.getOzoneFileStatus(KeyManagerImpl.java:1324) ~[ozone-manager-1.3.0-SNAPSHOT.jar:?]
	at org.apache.hadoop.ozone.om.KeyManagerImpl.getFileStatus(KeyManagerImpl.java:1254) ~[ozone-manager-1.3.0-SNAPSHOT.jar:?]
	at org.apache.hadoop.ozone.om.OzoneManager.getFileStatus(OzoneManager.java:3506) ~[ozone-manager-1.3.0-SNAPSHOT.jar:?]
	at org.apache.hadoop.ozone.protocolPB.OzoneManagerRequestHandler.getOzoneFileStatus(OzoneManagerRequestHandler.java:882) ~[ozone-manager-1.3.0-SNAPSHOT.jar:?]
	at org.apache.hadoop.ozone.protocolPB.OzoneManagerRequestHandler.handleReadRequest(OzoneManagerRequestHandler.java:228) ~[ozone-manager-1.3.0-SNAPSHOT.jar:?]
	at org.apache.hadoop.ozone.protocolPB.OzoneManagerProtocolServerSideTranslatorPB.submitReadRequestToOM(OzoneManagerProtocolServerSideTranslatorPB.java:226) ~[ozone-manager-1.3.0-SNAPSHOT.jar:?]
	at org.apache.hadoop.ozone.protocolPB.OzoneManagerProtocolServerSideTranslatorPB.processRequest(OzoneManagerProtocolServerSideTranslatorPB.java:175) ~[ozone-manager-1.3.0-SNAPSHOT.jar:?]
	at org.apache.hadoop.hdds.server.OzoneProtocolMessageDispatcher.processRequest(OzoneProtocolMessageDispatcher.java:87) [hdds-server-framework-1.3.0-SNAPSHOT.jar:?]
	at org.apache.hadoop.ozone.protocolPB.OzoneManagerProtocolServerSideTranslatorPB.submitRequest(OzoneManagerProtocolServerSideTranslatorPB.java:147) [ozone-manager-1.3.0-SNAPSHOT.jar:?]
	at org.apache.hadoop.ozone.protocol.proto.OzoneManagerProtocolProtos$OzoneManagerService$2.callBlockingMethod(OzoneManagerProtocolProtos.java) [ozone-interface-client-1.3.0-SNAPSHOT.jar:?]
	at org.apache.hadoop.ipc.ProtobufRpcEngine$Server.processCall(ProtobufRpcEngine.java:466) [hadoop-common-3.3.1.jar:?]
	at org.apache.hadoop.ipc.ProtobufRpcEngine2$Server$ProtoBufRpcInvoker.call(ProtobufRpcEngine2.java:574) [hadoop-common-3.3.1.jar:?]
	at org.apache.hadoop.ipc.ProtobufRpcEngine2$Server$ProtoBufRpcInvoker.call(ProtobufRpcEngine2.java:552) [hadoop-common-3.3.1.jar:?]
	at org.apache.hadoop.ipc.RPC$Server.call(RPC.java:1093) [hadoop-common-3.3.1.jar:?]
	at org.apache.hadoop.ipc.Server$RpcCall.run(Server.java:1035) [hadoop-common-3.3.1.jar:?]
	at org.apache.hadoop.ipc.Server$RpcCall.run(Server.java:963) [hadoop-common-3.3.1.jar:?]
	at java.security.AccessController.doPrivileged(Native Method) ~[?:1.8.0_345]
	at javax.security.auth.Subject.doAs(Subject.java:422) [?:1.8.0_345]
	at org.apache.hadoop.security.UserGroupInformation.doAs(UserGroupInformation.java:1878) [hadoop-common-3.3.1.jar:?]
	at org.apache.hadoop.ipc.Server$Handler.run(Server.java:2966) [hadoop-common-3.3.1.jar:?]
2022-09-28 09:54:22,738 [Time-limited test] WARN  ozone.BasicOzoneFileSystem (BasicOzoneFileSystem.java:getFileStatus(765)) - GetFileStatus failed for path /testBatchDelete/parent/child0
java.io.FileNotFoundException: testBatchDelete/parent/child0: No such file or directory!
	at org.apache.hadoop.fs.ozone.BasicOzoneClientAdapterImpl.getFileStatus(BasicOzoneClientAdapterImpl.java:369)
	at org.apache.hadoop.fs.ozone.BasicOzoneFileSystem.getFileStatus(BasicOzoneFileSystem.java:757)
	at org.apache.hadoop.fs.FileSystem.exists(FileSystem.java:1760)
	at org.apache.hadoop.fs.ozone.BasicOzoneFileSystem.exists(BasicOzoneFileSystem.java:804)
	at org.apache.hadoop.fs.ozone.TestOzoneFileSystem.testFileDelete(TestOzoneFileSystem.java:536)
	at sun.reflect.NativeMethodAccessorImpl.invoke0(Native Method)
	at sun.reflect.NativeMethodAccessorImpl.invoke(NativeMethodAccessorImpl.java:62)
	at sun.reflect.DelegatingMethodAccessorImpl.invoke(DelegatingMethodAccessorImpl.java:43)
	at java.lang.reflect.Method.invoke(Method.java:498)
	at org.junit.runners.model.FrameworkMethod$1.runReflectiveCall(FrameworkMethod.java:59)
	at org.junit.internal.runners.model.ReflectiveCallable.run(ReflectiveCallable.java:12)
	at org.junit.runners.model.FrameworkMethod.invokeExplosively(FrameworkMethod.java:56)
	at org.junit.internal.runners.statements.InvokeMethod.evaluate(InvokeMethod.java:17)
	at org.junit.internal.runners.statements.RunAfters.evaluate(RunAfters.java:27)
	at org.junit.internal.runners.statements.FailOnTimeout$CallableStatement.call(FailOnTimeout.java:288)
	at org.junit.internal.runners.statements.FailOnTimeout$CallableStatement.call(FailOnTimeout.java:282)
	at java.util.concurrent.FutureTask.run(FutureTask.java:266)
	at java.lang.Thread.run(Thread.java:750)
09:54:22.738 [IPC Server handler 0 on default port 33915] ERROR OMAudit - user=runner | ip=127.0.0.1 | op=GET_FILE_STATUS {volume=volume02959, bucket=bucket36363, key=testBatchDelete/parent/childFolder/child0, dataSize=0, replicationConfig=null} | ret=FAILURE
org.apache.hadoop.ozone.om.exceptions.OMException: Unable to get file status: volume: volume02959 bucket: bucket36363 key: testBatchDelete/parent/childFolder/child0
	at org.apache.hadoop.ozone.om.KeyManagerImpl.getOzoneFileStatus(KeyManagerImpl.java:1324) ~[ozone-manager-1.3.0-SNAPSHOT.jar:?]
	at org.apache.hadoop.ozone.om.KeyManagerImpl.getFileStatus(KeyManagerImpl.java:1254) ~[ozone-manager-1.3.0-SNAPSHOT.jar:?]
	at org.apache.hadoop.ozone.om.OzoneManager.getFileStatus(OzoneManager.java:3506) ~[ozone-manager-1.3.0-SNAPSHOT.jar:?]
	at org.apache.hadoop.ozone.protocolPB.OzoneManagerRequestHandler.getOzoneFileStatus(OzoneManagerRequestHandler.java:882) ~[ozone-manager-1.3.0-SNAPSHOT.jar:?]
	at org.apache.hadoop.ozone.protocolPB.OzoneManagerRequestHandler.handleReadRequest(OzoneManagerRequestHandler.java:228) ~[ozone-manager-1.3.0-SNAPSHOT.jar:?]
	at org.apache.hadoop.ozone.protocolPB.OzoneManagerProtocolServerSideTranslatorPB.submitReadRequestToOM(OzoneManagerProtocolServerSideTranslatorPB.java:226) ~[ozone-manager-1.3.0-SNAPSHOT.jar:?]
	at org.apache.hadoop.ozone.protocolPB.OzoneManagerProtocolServerSideTranslatorPB.processRequest(OzoneManagerProtocolServerSideTranslatorPB.java:175) ~[ozone-manager-1.3.0-SNAPSHOT.jar:?]
	at org.apache.hadoop.hdds.server.OzoneProtocolMessageDispatcher.processRequest(OzoneProtocolMessageDispatcher.java:87) [hdds-server-framework-1.3.0-SNAPSHOT.jar:?]
	at org.apache.hadoop.ozone.protocolPB.OzoneManagerProtocolServerSideTranslatorPB.submitRequest(OzoneManagerProtocolServerSideTranslatorPB.java:147) [ozone-manager-1.3.0-SNAPSHOT.jar:?]
	at org.apache.hadoop.ozone.protocol.proto.OzoneManagerProtocolProtos$OzoneManagerService$2.callBlockingMethod(OzoneManagerProtocolProtos.java) [ozone-interface-client-1.3.0-SNAPSHOT.jar:?]
	at org.apache.hadoop.ipc.ProtobufRpcEngine$Server.processCall(ProtobufRpcEngine.java:466) [hadoop-common-3.3.1.jar:?]
	at org.apache.hadoop.ipc.ProtobufRpcEngine2$Server$ProtoBufRpcInvoker.call(ProtobufRpcEngine2.java:574) [hadoop-common-3.3.1.jar:?]
	at org.apache.hadoop.ipc.ProtobufRpcEngine2$Server$ProtoBufRpcInvoker.call(ProtobufRpcEngine2.java:552) [hadoop-common-3.3.1.jar:?]
	at org.apache.hadoop.ipc.RPC$Server.call(RPC.java:1093) [hadoop-common-3.3.1.jar:?]
	at org.apache.hadoop.ipc.Server$RpcCall.run(Server.java:1035) [hadoop-common-3.3.1.jar:?]
	at org.apache.hadoop.ipc.Server$RpcCall.run(Server.java:963) [hadoop-common-3.3.1.jar:?]
	at java.security.AccessController.doPrivileged(Native Method) ~[?:1.8.0_345]
	at javax.security.auth.Subject.doAs(Subject.java:422) [?:1.8.0_345]
	at org.apache.hadoop.security.UserGroupInformation.doAs(UserGroupInformation.java:1878) [hadoop-common-3.3.1.jar:?]
	at org.apache.hadoop.ipc.Server$Handler.run(Server.java:2966) [hadoop-common-3.3.1.jar:?]
2022-09-28 09:54:22,739 [Time-limited test] WARN  ozone.BasicOzoneFileSystem (BasicOzoneFileSystem.java:getFileStatus(765)) - GetFileStatus failed for path /testBatchDelete/parent/childFolder/child0
java.io.FileNotFoundException: testBatchDelete/parent/childFolder/child0: No such file or directory!
	at org.apache.hadoop.fs.ozone.BasicOzoneClientAdapterImpl.getFileStatus(BasicOzoneClientAdapterImpl.java:369)
	at org.apache.hadoop.fs.ozone.BasicOzoneFileSystem.getFileStatus(BasicOzoneFileSystem.java:757)
	at org.apache.hadoop.fs.FileSystem.exists(FileSystem.java:1760)
	at org.apache.hadoop.fs.ozone.BasicOzoneFileSystem.exists(BasicOzoneFileSystem.java:804)
	at org.apache.hadoop.fs.ozone.TestOzoneFileSystem.testFileDelete(TestOzoneFileSystem.java:541)
	at sun.reflect.NativeMethodAccessorImpl.invoke0(Native Method)
	at sun.reflect.NativeMethodAccessorImpl.invoke(NativeMethodAccessorImpl.java:62)
	at sun.reflect.DelegatingMethodAccessorImpl.invoke(DelegatingMethodAccessorImpl.java:43)
	at java.lang.reflect.Method.invoke(Method.java:498)
	at org.junit.runners.model.FrameworkMethod$1.runReflectiveCall(FrameworkMethod.java:59)
	at org.junit.internal.runners.model.ReflectiveCallable.run(ReflectiveCallable.java:12)
	at org.junit.runners.model.FrameworkMethod.invokeExplosively(FrameworkMethod.java:56)
	at org.junit.internal.runners.statements.InvokeMethod.evaluate(InvokeMethod.java:17)
	at org.junit.internal.runners.statements.RunAfters.evaluate(RunAfters.java:27)
	at org.junit.internal.runners.statements.FailOnTimeout$CallableStatement.call(FailOnTimeout.java:288)
	at org.junit.internal.runners.statements.FailOnTimeout$CallableStatement.call(FailOnTimeout.java:282)
	at java.util.concurrent.FutureTask.run(FutureTask.java:266)
	at java.lang.Thread.run(Thread.java:750)
09:54:22.739 [IPC Server handler 1 on default port 33915] ERROR OMAudit - user=runner | ip=127.0.0.1 | op=GET_FILE_STATUS {volume=volume02959, bucket=bucket36363, key=testBatchDelete/parent/child1, dataSize=0, replicationConfig=null} | ret=FAILURE
org.apache.hadoop.ozone.om.exceptions.OMException: Unable to get file status: volume: volume02959 bucket: bucket36363 key: testBatchDelete/parent/child1
	at org.apache.hadoop.ozone.om.KeyManagerImpl.getOzoneFileStatus(KeyManagerImpl.java:1324) ~[ozone-manager-1.3.0-SNAPSHOT.jar:?]
	at org.apache.hadoop.ozone.om.KeyManagerImpl.getFileStatus(KeyManagerImpl.java:1254) ~[ozone-manager-1.3.0-SNAPSHOT.jar:?]
	at org.apache.hadoop.ozone.om.OzoneManager.getFileStatus(OzoneManager.java:3506) ~[ozone-manager-1.3.0-SNAPSHOT.jar:?]
	at org.apache.hadoop.ozone.protocolPB.OzoneManagerRequestHandler.getOzoneFileStatus(OzoneManagerRequestHandler.java:882) ~[ozone-manager-1.3.0-SNAPSHOT.jar:?]
	at org.apache.hadoop.ozone.protocolPB.OzoneManagerRequestHandler.handleReadRequest(OzoneManagerRequestHandler.java:228) ~[ozone-manager-1.3.0-SNAPSHOT.jar:?]
	at org.apache.hadoop.ozone.protocolPB.OzoneManagerProtocolServerSideTranslatorPB.submitReadRequestToOM(OzoneManagerProtocolServerSideTranslatorPB.java:226) ~[ozone-manager-1.3.0-SNAPSHOT.jar:?]
	at org.apache.hadoop.ozone.protocolPB.OzoneManagerProtocolServerSideTranslatorPB.processRequest(OzoneManagerProtocolServerSideTranslatorPB.java:175) ~[ozone-manager-1.3.0-SNAPSHOT.jar:?]
	at org.apache.hadoop.hdds.server.OzoneProtocolMessageDispatcher.processRequest(OzoneProtocolMessageDispatcher.java:87) [hdds-server-framework-1.3.0-SNAPSHOT.jar:?]
	at org.apache.hadoop.ozone.protocolPB.OzoneManagerProtocolServerSideTranslatorPB.submitRequest(OzoneManagerProtocolServerSideTranslatorPB.java:147) [ozone-manager-1.3.0-SNAPSHOT.jar:?]
	at org.apache.hadoop.ozone.protocol.proto.OzoneManagerProtocolProtos$OzoneManagerService$2.callBlockingMethod(OzoneManagerProtocolProtos.java) [ozone-interface-client-1.3.0-SNAPSHOT.jar:?]
	at org.apache.hadoop.ipc.ProtobufRpcEngine$Server.processCall(ProtobufRpcEngine.java:466) [hadoop-common-3.3.1.jar:?]
	at org.apache.hadoop.ipc.ProtobufRpcEngine2$Server$ProtoBufRpcInvoker.call(ProtobufRpcEngine2.java:574) [hadoop-common-3.3.1.jar:?]
	at org.apache.hadoop.ipc.ProtobufRpcEngine2$Server$ProtoBufRpcInvoker.call(ProtobufRpcEngine2.java:552) [hadoop-common-3.3.1.jar:?]
	at org.apache.hadoop.ipc.RPC$Server.call(RPC.java:1093) [hadoop-common-3.3.1.jar:?]
	at org.apache.hadoop.ipc.Server$RpcCall.run(Server.java:1035) [hadoop-common-3.3.1.jar:?]
	at org.apache.hadoop.ipc.Server$RpcCall.run(Server.java:963) [hadoop-common-3.3.1.jar:?]
	at java.security.AccessController.doPrivileged(Native Method) ~[?:1.8.0_345]
	at javax.security.auth.Subject.doAs(Subject.java:422) [?:1.8.0_345]
	at org.apache.hadoop.security.UserGroupInformation.doAs(UserGroupInformation.java:1878) [hadoop-common-3.3.1.jar:?]
	at org.apache.hadoop.ipc.Server$Handler.run(Server.java:2966) [hadoop-common-3.3.1.jar:?]
2022-09-28 09:54:22,740 [Time-limited test] WARN  ozone.BasicOzoneFileSystem (BasicOzoneFileSystem.java:getFileStatus(765)) - GetFileStatus failed for path /testBatchDelete/parent/child1
java.io.FileNotFoundException: testBatchDelete/parent/child1: No such file or directory!
	at org.apache.hadoop.fs.ozone.BasicOzoneClientAdapterImpl.getFileStatus(BasicOzoneClientAdapterImpl.java:369)
	at org.apache.hadoop.fs.ozone.BasicOzoneFileSystem.getFileStatus(BasicOzoneFileSystem.java:757)
	at org.apache.hadoop.fs.FileSystem.exists(FileSystem.java:1760)
	at org.apache.hadoop.fs.ozone.BasicOzoneFileSystem.exists(BasicOzoneFileSystem.java:804)
	at org.apache.hadoop.fs.ozone.TestOzoneFileSystem.testFileDelete(TestOzoneFileSystem.java:536)
	at sun.reflect.NativeMethodAccessorImpl.invoke0(Native Method)
	at sun.reflect.NativeMethodAccessorImpl.invoke(NativeMethodAccessorImpl.java:62)
	at sun.reflect.DelegatingMethodAccessorImpl.invoke(DelegatingMethodAccessorImpl.java:43)
	at java.lang.reflect.Method.invoke(Method.java:498)
	at org.junit.runners.model.FrameworkMethod$1.runReflectiveCall(FrameworkMethod.java:59)
	at org.junit.internal.runners.model.ReflectiveCallable.run(ReflectiveCallable.java:12)
	at org.junit.runners.model.FrameworkMethod.invokeExplosively(FrameworkMethod.java:56)
	at org.junit.internal.runners.statements.InvokeMethod.evaluate(InvokeMethod.java:17)
	at org.junit.internal.runners.statements.RunAfters.evaluate(RunAfters.java:27)
	at org.junit.internal.runners.statements.FailOnTimeout$CallableStatement.call(FailOnTimeout.java:288)
	at org.junit.internal.runners.statements.FailOnTimeout$CallableStatement.call(FailOnTimeout.java:282)
	at java.util.concurrent.FutureTask.run(FutureTask.java:266)
	at java.lang.Thread.run(Thread.java:750)
09:54:22.741 [IPC Server handler 2 on default port 33915] ERROR OMAudit - user=runner | ip=127.0.0.1 | op=GET_FILE_STATUS {volume=volume02959, bucket=bucket36363, key=testBatchDelete/parent/childFolder/child1, dataSize=0, replicationConfig=null} | ret=FAILURE
org.apache.hadoop.ozone.om.exceptions.OMException: Unable to get file status: volume: volume02959 bucket: bucket36363 key: testBatchDelete/parent/childFolder/child1
	at org.apache.hadoop.ozone.om.KeyManagerImpl.getOzoneFileStatus(KeyManagerImpl.java:1324) ~[ozone-manager-1.3.0-SNAPSHOT.jar:?]
	at org.apache.hadoop.ozone.om.KeyManagerImpl.getFileStatus(KeyManagerImpl.java:1254) ~[ozone-manager-1.3.0-SNAPSHOT.jar:?]
	at org.apache.hadoop.ozone.om.OzoneManager.getFileStatus(OzoneManager.java:3506) ~[ozone-manager-1.3.0-SNAPSHOT.jar:?]
	at org.apache.hadoop.ozone.protocolPB.OzoneManagerRequestHandler.getOzoneFileStatus(OzoneManagerRequestHandler.java:882) ~[ozone-manager-1.3.0-SNAPSHOT.jar:?]
	at org.apache.hadoop.ozone.protocolPB.OzoneManagerRequestHandler.handleReadRequest(OzoneManagerRequestHandler.java:228) ~[ozone-manager-1.3.0-SNAPSHOT.jar:?]
	at org.apache.hadoop.ozone.protocolPB.OzoneManagerProtocolServerSideTranslatorPB.submitReadRequestToOM(OzoneManagerProtocolServerSideTranslatorPB.java:226) ~[ozone-manager-1.3.0-SNAPSHOT.jar:?]
	at org.apache.hadoop.ozone.protocolPB.OzoneManagerProtocolServerSideTranslatorPB.processRequest(OzoneManagerProtocolServerSideTranslatorPB.java:175) ~[ozone-manager-1.3.0-SNAPSHOT.jar:?]
	at org.apache.hadoop.hdds.server.OzoneProtocolMessageDispatcher.processRequest(OzoneProtocolMessageDispatcher.java:87) [hdds-server-framework-1.3.0-SNAPSHOT.jar:?]
	at org.apache.hadoop.ozone.protocolPB.OzoneManagerProtocolServerSideTranslatorPB.submitRequest(OzoneManagerProtocolServerSideTranslatorPB.java:147) [ozone-manager-1.3.0-SNAPSHOT.jar:?]
	at org.apache.hadoop.ozone.protocol.proto.OzoneManagerProtocolProtos$OzoneManagerService$2.callBlockingMethod(OzoneManagerProtocolProtos.java) [ozone-interface-client-1.3.0-SNAPSHOT.jar:?]
	at org.apache.hadoop.ipc.ProtobufRpcEngine$Server.processCall(ProtobufRpcEngine.java:466) [hadoop-common-3.3.1.jar:?]
	at org.apache.hadoop.ipc.ProtobufRpcEngine2$Server$ProtoBufRpcInvoker.call(ProtobufRpcEngine2.java:574) [hadoop-common-3.3.1.jar:?]
	at org.apache.hadoop.ipc.ProtobufRpcEngine2$Server$ProtoBufRpcInvoker.call(ProtobufRpcEngine2.java:552) [hadoop-common-3.3.1.jar:?]
	at org.apache.hadoop.ipc.RPC$Server.call(RPC.java:1093) [hadoop-common-3.3.1.jar:?]
	at org.apache.hadoop.ipc.Server$RpcCall.run(Server.java:1035) [hadoop-common-3.3.1.jar:?]
	at org.apache.hadoop.ipc.Server$RpcCall.run(Server.java:963) [hadoop-common-3.3.1.jar:?]
	at java.security.AccessController.doPrivileged(Native Method) ~[?:1.8.0_345]
	at javax.security.auth.Subject.doAs(Subject.java:422) [?:1.8.0_345]
	at org.apache.hadoop.security.UserGroupInformation.doAs(UserGroupInformation.java:1878) [hadoop-common-3.3.1.jar:?]
	at org.apache.hadoop.ipc.Server$Handler.run(Server.java:2966) [hadoop-common-3.3.1.jar:?]
2022-09-28 09:54:22,741 [Time-limited test] WARN  ozone.BasicOzoneFileSystem (BasicOzoneFileSystem.java:getFileStatus(765)) - GetFileStatus failed for path /testBatchDelete/parent/childFolder/child1
java.io.FileNotFoundException: testBatchDelete/parent/childFolder/child1: No such file or directory!
	at org.apache.hadoop.fs.ozone.BasicOzoneClientAdapterImpl.getFileStatus(BasicOzoneClientAdapterImpl.java:369)
	at org.apache.hadoop.fs.ozone.BasicOzoneFileSystem.getFileStatus(BasicOzoneFileSystem.java:757)
	at org.apache.hadoop.fs.FileSystem.exists(FileSystem.java:1760)
	at org.apache.hadoop.fs.ozone.BasicOzoneFileSystem.exists(BasicOzoneFileSystem.java:804)
	at org.apache.hadoop.fs.ozone.TestOzoneFileSystem.testFileDelete(TestOzoneFileSystem.java:541)
	at sun.reflect.NativeMethodAccessorImpl.invoke0(Native Method)
	at sun.reflect.NativeMethodAccessorImpl.invoke(NativeMethodAccessorImpl.java:62)
	at sun.reflect.DelegatingMethodAccessorImpl.invoke(DelegatingMethodAccessorImpl.java:43)
	at java.lang.reflect.Method.invoke(Method.java:498)
	at org.junit.runners.model.FrameworkMethod$1.runReflectiveCall(FrameworkMethod.java:59)
	at org.junit.internal.runners.model.ReflectiveCallable.run(ReflectiveCallable.java:12)
	at org.junit.runners.model.FrameworkMethod.invokeExplosively(FrameworkMethod.java:56)
	at org.junit.internal.runners.statements.InvokeMethod.evaluate(InvokeMethod.java:17)
	at org.junit.internal.runners.statements.RunAfters.evaluate(RunAfters.java:27)
	at org.junit.internal.runners.statements.FailOnTimeout$CallableStatement.call(FailOnTimeout.java:288)
	at org.junit.internal.runners.statements.FailOnTimeout$CallableStatement.call(FailOnTimeout.java:282)
	at java.util.concurrent.FutureTask.run(FutureTask.java:266)
	at java.lang.Thread.run(Thread.java:750)
09:54:22.742 [IPC Server handler 4 on default port 33915] ERROR OMAudit - user=runner | ip=127.0.0.1 | op=GET_FILE_STATUS {volume=volume02959, bucket=bucket36363, key=testBatchDelete/parent/child2, dataSize=0, replicationConfig=null} | ret=FAILURE
org.apache.hadoop.ozone.om.exceptions.OMException: Unable to get file status: volume: volume02959 bucket: bucket36363 key: testBatchDelete/parent/child2
	at org.apache.hadoop.ozone.om.KeyManagerImpl.getOzoneFileStatus(KeyManagerImpl.java:1324) ~[ozone-manager-1.3.0-SNAPSHOT.jar:?]
	at org.apache.hadoop.ozone.om.KeyManagerImpl.getFileStatus(KeyManagerImpl.java:1254) ~[ozone-manager-1.3.0-SNAPSHOT.jar:?]
	at org.apache.hadoop.ozone.om.OzoneManager.getFileStatus(OzoneManager.java:3506) ~[ozone-manager-1.3.0-SNAPSHOT.jar:?]
	at org.apache.hadoop.ozone.protocolPB.OzoneManagerRequestHandler.getOzoneFileStatus(OzoneManagerRequestHandler.java:882) ~[ozone-manager-1.3.0-SNAPSHOT.jar:?]
	at org.apache.hadoop.ozone.protocolPB.OzoneManagerRequestHandler.handleReadRequest(OzoneManagerRequestHandler.java:228) ~[ozone-manager-1.3.0-SNAPSHOT.jar:?]
	at org.apache.hadoop.ozone.protocolPB.OzoneManagerProtocolServerSideTranslatorPB.submitReadRequestToOM(OzoneManagerProtocolServerSideTranslatorPB.java:226) ~[ozone-manager-1.3.0-SNAPSHOT.jar:?]
	at org.apache.hadoop.ozone.protocolPB.OzoneManagerProtocolServerSideTranslatorPB.processRequest(OzoneManagerProtocolServerSideTranslatorPB.java:175) ~[ozone-manager-1.3.0-SNAPSHOT.jar:?]
	at org.apache.hadoop.hdds.server.OzoneProtocolMessageDispatcher.processRequest(OzoneProtocolMessageDispatcher.java:87) [hdds-server-framework-1.3.0-SNAPSHOT.jar:?]
	at org.apache.hadoop.ozone.protocolPB.OzoneManagerProtocolServerSideTranslatorPB.submitRequest(OzoneManagerProtocolServerSideTranslatorPB.java:147) [ozone-manager-1.3.0-SNAPSHOT.jar:?]
	at org.apache.hadoop.ozone.protocol.proto.OzoneManagerProtocolProtos$OzoneManagerService$2.callBlockingMethod(OzoneManagerProtocolProtos.java) [ozone-interface-client-1.3.0-SNAPSHOT.jar:?]
	at org.apache.hadoop.ipc.ProtobufRpcEngine$Server.processCall(ProtobufRpcEngine.java:466) [hadoop-common-3.3.1.jar:?]
	at org.apache.hadoop.ipc.ProtobufRpcEngine2$Server$ProtoBufRpcInvoker.call(ProtobufRpcEngine2.java:574) [hadoop-common-3.3.1.jar:?]
	at org.apache.hadoop.ipc.ProtobufRpcEngine2$Server$ProtoBufRpcInvoker.call(ProtobufRpcEngine2.java:552) [hadoop-common-3.3.1.jar:?]
	at org.apache.hadoop.ipc.RPC$Server.call(RPC.java:1093) [hadoop-common-3.3.1.jar:?]
	at org.apache.hadoop.ipc.Server$RpcCall.run(Server.java:1035) [hadoop-common-3.3.1.jar:?]
	at org.apache.hadoop.ipc.Server$RpcCall.run(Server.java:963) [hadoop-common-3.3.1.jar:?]
	at java.security.AccessController.doPrivileged(Native Method) ~[?:1.8.0_345]
	at javax.security.auth.Subject.doAs(Subject.java:422) [?:1.8.0_345]
	at org.apache.hadoop.security.UserGroupInformation.doAs(UserGroupInformation.java:1878) [hadoop-common-3.3.1.jar:?]
	at org.apache.hadoop.ipc.Server$Handler.run(Server.java:2966) [hadoop-common-3.3.1.jar:?]
2022-09-28 09:54:22,742 [Time-limited test] WARN  ozone.BasicOzoneFileSystem (BasicOzoneFileSystem.java:getFileStatus(765)) - GetFileStatus failed for path /testBatchDelete/parent/child2
java.io.FileNotFoundException: testBatchDelete/parent/child2: No such file or directory!
	at org.apache.hadoop.fs.ozone.BasicOzoneClientAdapterImpl.getFileStatus(BasicOzoneClientAdapterImpl.java:369)
	at org.apache.hadoop.fs.ozone.BasicOzoneFileSystem.getFileStatus(BasicOzoneFileSystem.java:757)
	at org.apache.hadoop.fs.FileSystem.exists(FileSystem.java:1760)
	at org.apache.hadoop.fs.ozone.BasicOzoneFileSystem.exists(BasicOzoneFileSystem.java:804)
	at org.apache.hadoop.fs.ozone.TestOzoneFileSystem.testFileDelete(TestOzoneFileSystem.java:536)
	at sun.reflect.NativeMethodAccessorImpl.invoke0(Native Method)
	at sun.reflect.NativeMethodAccessorImpl.invoke(NativeMethodAccessorImpl.java:62)
	at sun.reflect.DelegatingMethodAccessorImpl.invoke(DelegatingMethodAccessorImpl.java:43)
	at java.lang.reflect.Method.invoke(Method.java:498)
	at org.junit.runners.model.FrameworkMethod$1.runReflectiveCall(FrameworkMethod.java:59)
	at org.junit.internal.runners.model.ReflectiveCallable.run(ReflectiveCallable.java:12)
	at org.junit.runners.model.FrameworkMethod.invokeExplosively(FrameworkMethod.java:56)
	at org.junit.internal.runners.statements.InvokeMethod.evaluate(InvokeMethod.java:17)
	at org.junit.internal.runners.statements.RunAfters.evaluate(RunAfters.java:27)
	at org.junit.internal.runners.statements.FailOnTimeout$CallableStatement.call(FailOnTimeout.java:288)
	at org.junit.internal.runners.statements.FailOnTimeout$CallableStatement.call(FailOnTimeout.java:282)
	at java.util.concurrent.FutureTask.run(FutureTask.java:266)
	at java.lang.Thread.run(Thread.java:750)
09:54:22.743 [IPC Server handler 12 on default port 33915] ERROR OMAudit - user=runner | ip=127.0.0.1 | op=GET_FILE_STATUS {volume=volume02959, bucket=bucket36363, key=testBatchDelete/parent/childFolder/child2, dataSize=0, replicationConfig=null} | ret=FAILURE
org.apache.hadoop.ozone.om.exceptions.OMException: Unable to get file status: volume: volume02959 bucket: bucket36363 key: testBatchDelete/parent/childFolder/child2
	at org.apache.hadoop.ozone.om.KeyManagerImpl.getOzoneFileStatus(KeyManagerImpl.java:1324) ~[ozone-manager-1.3.0-SNAPSHOT.jar:?]
	at org.apache.hadoop.ozone.om.KeyManagerImpl.getFileStatus(KeyManagerImpl.java:1254) ~[ozone-manager-1.3.0-SNAPSHOT.jar:?]
	at org.apache.hadoop.ozone.om.OzoneManager.getFileStatus(OzoneManager.java:3506) ~[ozone-manager-1.3.0-SNAPSHOT.jar:?]
	at org.apache.hadoop.ozone.protocolPB.OzoneManagerRequestHandler.getOzoneFileStatus(OzoneManagerRequestHandler.java:882) ~[ozone-manager-1.3.0-SNAPSHOT.jar:?]
	at org.apache.hadoop.ozone.protocolPB.OzoneManagerRequestHandler.handleReadRequest(OzoneManagerRequestHandler.java:228) ~[ozone-manager-1.3.0-SNAPSHOT.jar:?]
	at org.apache.hadoop.ozone.protocolPB.OzoneManagerProtocolServerSideTranslatorPB.submitReadRequestToOM(OzoneManagerProtocolServerSideTranslatorPB.java:226) ~[ozone-manager-1.3.0-SNAPSHOT.jar:?]
	at org.apache.hadoop.ozone.protocolPB.OzoneManagerProtocolServerSideTranslatorPB.processRequest(OzoneManagerProtocolServerSideTranslatorPB.java:175) ~[ozone-manager-1.3.0-SNAPSHOT.jar:?]
	at org.apache.hadoop.hdds.server.OzoneProtocolMessageDispatcher.processRequest(OzoneProtocolMessageDispatcher.java:87) [hdds-server-framework-1.3.0-SNAPSHOT.jar:?]
	at org.apache.hadoop.ozone.protocolPB.OzoneManagerProtocolServerSideTranslatorPB.submitRequest(OzoneManagerProtocolServerSideTranslatorPB.java:147) [ozone-manager-1.3.0-SNAPSHOT.jar:?]
	at org.apache.hadoop.ozone.protocol.proto.OzoneManagerProtocolProtos$OzoneManagerService$2.callBlockingMethod(OzoneManagerProtocolProtos.java) [ozone-interface-client-1.3.0-SNAPSHOT.jar:?]
	at org.apache.hadoop.ipc.ProtobufRpcEngine$Server.processCall(ProtobufRpcEngine.java:466) [hadoop-common-3.3.1.jar:?]
	at org.apache.hadoop.ipc.ProtobufRpcEngine2$Server$ProtoBufRpcInvoker.call(ProtobufRpcEngine2.java:574) [hadoop-common-3.3.1.jar:?]
	at org.apache.hadoop.ipc.ProtobufRpcEngine2$Server$ProtoBufRpcInvoker.call(ProtobufRpcEngine2.java:552) [hadoop-common-3.3.1.jar:?]
	at org.apache.hadoop.ipc.RPC$Server.call(RPC.java:1093) [hadoop-common-3.3.1.jar:?]
	at org.apache.hadoop.ipc.Server$RpcCall.run(Server.java:1035) [hadoop-common-3.3.1.jar:?]
	at org.apache.hadoop.ipc.Server$RpcCall.run(Server.java:963) [hadoop-common-3.3.1.jar:?]
	at java.security.AccessController.doPrivileged(Native Method) ~[?:1.8.0_345]
	at javax.security.auth.Subject.doAs(Subject.java:422) [?:1.8.0_345]
	at org.apache.hadoop.security.UserGroupInformation.doAs(UserGroupInformation.java:1878) [hadoop-common-3.3.1.jar:?]
	at org.apache.hadoop.ipc.Server$Handler.run(Server.java:2966) [hadoop-common-3.3.1.jar:?]
2022-09-28 09:54:22,743 [Time-limited test] WARN  ozone.BasicOzoneFileSystem (BasicOzoneFileSystem.java:getFileStatus(765)) - GetFileStatus failed for path /testBatchDelete/parent/childFolder/child2
java.io.FileNotFoundException: testBatchDelete/parent/childFolder/child2: No such file or directory!
	at org.apache.hadoop.fs.ozone.BasicOzoneClientAdapterImpl.getFileStatus(BasicOzoneClientAdapterImpl.java:369)
	at org.apache.hadoop.fs.ozone.BasicOzoneFileSystem.getFileStatus(BasicOzoneFileSystem.java:757)
	at org.apache.hadoop.fs.FileSystem.exists(FileSystem.java:1760)
	at org.apache.hadoop.fs.ozone.BasicOzoneFileSystem.exists(BasicOzoneFileSystem.java:804)
	at org.apache.hadoop.fs.ozone.TestOzoneFileSystem.testFileDelete(TestOzoneFileSystem.java:541)
	at sun.reflect.NativeMethodAccessorImpl.invoke0(Native Method)
	at sun.reflect.NativeMethodAccessorImpl.invoke(NativeMethodAccessorImpl.java:62)
	at sun.reflect.DelegatingMethodAccessorImpl.invoke(DelegatingMethodAccessorImpl.java:43)
	at java.lang.reflect.Method.invoke(Method.java:498)
	at org.junit.runners.model.FrameworkMethod$1.runReflectiveCall(FrameworkMethod.java:59)
	at org.junit.internal.runners.model.ReflectiveCallable.run(ReflectiveCallable.java:12)
	at org.junit.runners.model.FrameworkMethod.invokeExplosively(FrameworkMethod.java:56)
	at org.junit.internal.runners.statements.InvokeMethod.evaluate(InvokeMethod.java:17)
	at org.junit.internal.runners.statements.RunAfters.evaluate(RunAfters.java:27)
	at org.junit.internal.runners.statements.FailOnTimeout$CallableStatement.call(FailOnTimeout.java:288)
	at org.junit.internal.runners.statements.FailOnTimeout$CallableStatement.call(FailOnTimeout.java:282)
	at java.util.concurrent.FutureTask.run(FutureTask.java:266)
	at java.lang.Thread.run(Thread.java:750)
09:54:22.744 [IPC Server handler 3 on default port 33915] ERROR OMAudit - user=runner | ip=127.0.0.1 | op=GET_FILE_STATUS {volume=volume02959, bucket=bucket36363, key=testBatchDelete/parent/child3, dataSize=0, replicationConfig=null} | ret=FAILURE
org.apache.hadoop.ozone.om.exceptions.OMException: Unable to get file status: volume: volume02959 bucket: bucket36363 key: testBatchDelete/parent/child3
	at org.apache.hadoop.ozone.om.KeyManagerImpl.getOzoneFileStatus(KeyManagerImpl.java:1324) ~[ozone-manager-1.3.0-SNAPSHOT.jar:?]
	at org.apache.hadoop.ozone.om.KeyManagerImpl.getFileStatus(KeyManagerImpl.java:1254) ~[ozone-manager-1.3.0-SNAPSHOT.jar:?]
	at org.apache.hadoop.ozone.om.OzoneManager.getFileStatus(OzoneManager.java:3506) ~[ozone-manager-1.3.0-SNAPSHOT.jar:?]
	at org.apache.hadoop.ozone.protocolPB.OzoneManagerRequestHandler.getOzoneFileStatus(OzoneManagerRequestHandler.java:882) ~[ozone-manager-1.3.0-SNAPSHOT.jar:?]
	at org.apache.hadoop.ozone.protocolPB.OzoneManagerRequestHandler.handleReadRequest(OzoneManagerRequestHandler.java:228) ~[ozone-manager-1.3.0-SNAPSHOT.jar:?]
	at org.apache.hadoop.ozone.protocolPB.OzoneManagerProtocolServerSideTranslatorPB.submitReadRequestToOM(OzoneManagerProtocolServerSideTranslatorPB.java:226) ~[ozone-manager-1.3.0-SNAPSHOT.jar:?]
	at org.apache.hadoop.ozone.protocolPB.OzoneManagerProtocolServerSideTranslatorPB.processRequest(OzoneManagerProtocolServerSideTranslatorPB.java:175) ~[ozone-manager-1.3.0-SNAPSHOT.jar:?]
	at org.apache.hadoop.hdds.server.OzoneProtocolMessageDispatcher.processRequest(OzoneProtocolMessageDispatcher.java:87) [hdds-server-framework-1.3.0-SNAPSHOT.jar:?]
	at org.apache.hadoop.ozone.protocolPB.OzoneManagerProtocolServerSideTranslatorPB.submitRequest(OzoneManagerProtocolServerSideTranslatorPB.java:147) [ozone-manager-1.3.0-SNAPSHOT.jar:?]
	at org.apache.hadoop.ozone.protocol.proto.OzoneManagerProtocolProtos$OzoneManagerService$2.callBlockingMethod(OzoneManagerProtocolProtos.java) [ozone-interface-client-1.3.0-SNAPSHOT.jar:?]
	at org.apache.hadoop.ipc.ProtobufRpcEngine$Server.processCall(ProtobufRpcEngine.java:466) [hadoop-common-3.3.1.jar:?]
	at org.apache.hadoop.ipc.ProtobufRpcEngine2$Server$ProtoBufRpcInvoker.call(ProtobufRpcEngine2.java:574) [hadoop-common-3.3.1.jar:?]
	at org.apache.hadoop.ipc.ProtobufRpcEngine2$Server$ProtoBufRpcInvoker.call(ProtobufRpcEngine2.java:552) [hadoop-common-3.3.1.jar:?]
	at org.apache.hadoop.ipc.RPC$Server.call(RPC.java:1093) [hadoop-common-3.3.1.jar:?]
	at org.apache.hadoop.ipc.Server$RpcCall.run(Server.java:1035) [hadoop-common-3.3.1.jar:?]
	at org.apache.hadoop.ipc.Server$RpcCall.run(Server.java:963) [hadoop-common-3.3.1.jar:?]
	at java.security.AccessController.doPrivileged(Native Method) ~[?:1.8.0_345]
	at javax.security.auth.Subject.doAs(Subject.java:422) [?:1.8.0_345]
	at org.apache.hadoop.security.UserGroupInformation.doAs(UserGroupInformation.java:1878) [hadoop-common-3.3.1.jar:?]
	at org.apache.hadoop.ipc.Server$Handler.run(Server.java:2966) [hadoop-common-3.3.1.jar:?]
2022-09-28 09:54:22,744 [Time-limited test] WARN  ozone.BasicOzoneFileSystem (BasicOzoneFileSystem.java:getFileStatus(765)) - GetFileStatus failed for path /testBatchDelete/parent/child3
java.io.FileNotFoundException: testBatchDelete/parent/child3: No such file or directory!
	at org.apache.hadoop.fs.ozone.BasicOzoneClientAdapterImpl.getFileStatus(BasicOzoneClientAdapterImpl.java:369)
	at org.apache.hadoop.fs.ozone.BasicOzoneFileSystem.getFileStatus(BasicOzoneFileSystem.java:757)
	at org.apache.hadoop.fs.FileSystem.exists(FileSystem.java:1760)
	at org.apache.hadoop.fs.ozone.BasicOzoneFileSystem.exists(BasicOzoneFileSystem.java:804)
	at org.apache.hadoop.fs.ozone.TestOzoneFileSystem.testFileDelete(TestOzoneFileSystem.java:536)
	at sun.reflect.NativeMethodAccessorImpl.invoke0(Native Method)
	at sun.reflect.NativeMethodAccessorImpl.invoke(NativeMethodAccessorImpl.java:62)
	at sun.reflect.DelegatingMethodAccessorImpl.invoke(DelegatingMethodAccessorImpl.java:43)
	at java.lang.reflect.Method.invoke(Method.java:498)
	at org.junit.runners.model.FrameworkMethod$1.runReflectiveCall(FrameworkMethod.java:59)
	at org.junit.internal.runners.model.ReflectiveCallable.run(ReflectiveCallable.java:12)
	at org.junit.runners.model.FrameworkMethod.invokeExplosively(FrameworkMethod.java:56)
	at org.junit.internal.runners.statements.InvokeMethod.evaluate(InvokeMethod.java:17)
	at org.junit.internal.runners.statements.RunAfters.evaluate(RunAfters.java:27)
	at org.junit.internal.runners.statements.FailOnTimeout$CallableStatement.call(FailOnTimeout.java:288)
	at org.junit.internal.runners.statements.FailOnTimeout$CallableStatement.call(FailOnTimeout.java:282)
	at java.util.concurrent.FutureTask.run(FutureTask.java:266)
	at java.lang.Thread.run(Thread.java:750)
09:54:22.745 [IPC Server handler 9 on default port 33915] ERROR OMAudit - user=runner | ip=127.0.0.1 | op=GET_FILE_STATUS {volume=volume02959, bucket=bucket36363, key=testBatchDelete/parent/childFolder/child3, dataSize=0, replicationConfig=null} | ret=FAILURE
org.apache.hadoop.ozone.om.exceptions.OMException: Unable to get file status: volume: volume02959 bucket: bucket36363 key: testBatchDelete/parent/childFolder/child3
	at org.apache.hadoop.ozone.om.KeyManagerImpl.getOzoneFileStatus(KeyManagerImpl.java:1324) ~[ozone-manager-1.3.0-SNAPSHOT.jar:?]
	at org.apache.hadoop.ozone.om.KeyManagerImpl.getFileStatus(KeyManagerImpl.java:1254) ~[ozone-manager-1.3.0-SNAPSHOT.jar:?]
	at org.apache.hadoop.ozone.om.OzoneManager.getFileStatus(OzoneManager.java:3506) ~[ozone-manager-1.3.0-SNAPSHOT.jar:?]
	at org.apache.hadoop.ozone.protocolPB.OzoneManagerRequestHandler.getOzoneFileStatus(OzoneManagerRequestHandler.java:882) ~[ozone-manager-1.3.0-SNAPSHOT.jar:?]
	at org.apache.hadoop.ozone.protocolPB.OzoneManagerRequestHandler.handleReadRequest(OzoneManagerRequestHandler.java:228) ~[ozone-manager-1.3.0-SNAPSHOT.jar:?]
	at org.apache.hadoop.ozone.protocolPB.OzoneManagerProtocolServerSideTranslatorPB.submitReadRequestToOM(OzoneManagerProtocolServerSideTranslatorPB.java:226) ~[ozone-manager-1.3.0-SNAPSHOT.jar:?]
	at org.apache.hadoop.ozone.protocolPB.OzoneManagerProtocolServerSideTranslatorPB.processRequest(OzoneManagerProtocolServerSideTranslatorPB.java:175) ~[ozone-manager-1.3.0-SNAPSHOT.jar:?]
	at org.apache.hadoop.hdds.server.OzoneProtocolMessageDispatcher.processRequest(OzoneProtocolMessageDispatcher.java:87) [hdds-server-framework-1.3.0-SNAPSHOT.jar:?]
	at org.apache.hadoop.ozone.protocolPB.OzoneManagerProtocolServerSideTranslatorPB.submitRequest(OzoneManagerProtocolServerSideTranslatorPB.java:147) [ozone-manager-1.3.0-SNAPSHOT.jar:?]
	at org.apache.hadoop.ozone.protocol.proto.OzoneManagerProtocolProtos$OzoneManagerService$2.callBlockingMethod(OzoneManagerProtocolProtos.java) [ozone-interface-client-1.3.0-SNAPSHOT.jar:?]
	at org.apache.hadoop.ipc.ProtobufRpcEngine$Server.processCall(ProtobufRpcEngine.java:466) [hadoop-common-3.3.1.jar:?]
	at org.apache.hadoop.ipc.ProtobufRpcEngine2$Server$ProtoBufRpcInvoker.call(ProtobufRpcEngine2.java:574) [hadoop-common-3.3.1.jar:?]
	at org.apache.hadoop.ipc.ProtobufRpcEngine2$Server$ProtoBufRpcInvoker.call(ProtobufRpcEngine2.java:552) [hadoop-common-3.3.1.jar:?]
	at org.apache.hadoop.ipc.RPC$Server.call(RPC.java:1093) [hadoop-common-3.3.1.jar:?]
	at org.apache.hadoop.ipc.Server$RpcCall.run(Server.java:1035) [hadoop-common-3.3.1.jar:?]
	at org.apache.hadoop.ipc.Server$RpcCall.run(Server.java:963) [hadoop-common-3.3.1.jar:?]
	at java.security.AccessController.doPrivileged(Native Method) ~[?:1.8.0_345]
	at javax.security.auth.Subject.doAs(Subject.java:422) [?:1.8.0_345]
	at org.apache.hadoop.security.UserGroupInformation.doAs(UserGroupInformation.java:1878) [hadoop-common-3.3.1.jar:?]
	at org.apache.hadoop.ipc.Server$Handler.run(Server.java:2966) [hadoop-common-3.3.1.jar:?]
2022-09-28 09:54:22,745 [Time-limited test] WARN  ozone.BasicOzoneFileSystem (BasicOzoneFileSystem.java:getFileStatus(765)) - GetFileStatus failed for path /testBatchDelete/parent/childFolder/child3
java.io.FileNotFoundException: testBatchDelete/parent/childFolder/child3: No such file or directory!
	at org.apache.hadoop.fs.ozone.BasicOzoneClientAdapterImpl.getFileStatus(BasicOzoneClientAdapterImpl.java:369)
	at org.apache.hadoop.fs.ozone.BasicOzoneFileSystem.getFileStatus(BasicOzoneFileSystem.java:757)
	at org.apache.hadoop.fs.FileSystem.exists(FileSystem.java:1760)
	at org.apache.hadoop.fs.ozone.BasicOzoneFileSystem.exists(BasicOzoneFileSystem.java:804)
	at org.apache.hadoop.fs.ozone.TestOzoneFileSystem.testFileDelete(TestOzoneFileSystem.java:541)
	at sun.reflect.NativeMethodAccessorImpl.invoke0(Native Method)
	at sun.reflect.NativeMethodAccessorImpl.invoke(NativeMethodAccessorImpl.java:62)
	at sun.reflect.DelegatingMethodAccessorImpl.invoke(DelegatingMethodAccessorImpl.java:43)
	at java.lang.reflect.Method.invoke(Method.java:498)
	at org.junit.runners.model.FrameworkMethod$1.runReflectiveCall(FrameworkMethod.java:59)
	at org.junit.internal.runners.model.ReflectiveCallable.run(ReflectiveCallable.java:12)
	at org.junit.runners.model.FrameworkMethod.invokeExplosively(FrameworkMethod.java:56)
	at org.junit.internal.runners.statements.InvokeMethod.evaluate(InvokeMethod.java:17)
	at org.junit.internal.runners.statements.RunAfters.evaluate(RunAfters.java:27)
	at org.junit.internal.runners.statements.FailOnTimeout$CallableStatement.call(FailOnTimeout.java:288)
	at org.junit.internal.runners.statements.FailOnTimeout$CallableStatement.call(FailOnTimeout.java:282)
	at java.util.concurrent.FutureTask.run(FutureTask.java:266)
	at java.lang.Thread.run(Thread.java:750)
09:54:22.746 [IPC Server handler 11 on default port 33915] ERROR OMAudit - user=runner | ip=127.0.0.1 | op=GET_FILE_STATUS {volume=volume02959, bucket=bucket36363, key=testBatchDelete/parent/child4, dataSize=0, replicationConfig=null} | ret=FAILURE
org.apache.hadoop.ozone.om.exceptions.OMException: Unable to get file status: volume: volume02959 bucket: bucket36363 key: testBatchDelete/parent/child4
	at org.apache.hadoop.ozone.om.KeyManagerImpl.getOzoneFileStatus(KeyManagerImpl.java:1324) ~[ozone-manager-1.3.0-SNAPSHOT.jar:?]
	at org.apache.hadoop.ozone.om.KeyManagerImpl.getFileStatus(KeyManagerImpl.java:1254) ~[ozone-manager-1.3.0-SNAPSHOT.jar:?]
	at org.apache.hadoop.ozone.om.OzoneManager.getFileStatus(OzoneManager.java:3506) ~[ozone-manager-1.3.0-SNAPSHOT.jar:?]
	at org.apache.hadoop.ozone.protocolPB.OzoneManagerRequestHandler.getOzoneFileStatus(OzoneManagerRequestHandler.java:882) ~[ozone-manager-1.3.0-SNAPSHOT.jar:?]
	at org.apache.hadoop.ozone.protocolPB.OzoneManagerRequestHandler.handleReadRequest(OzoneManagerRequestHandler.java:228) ~[ozone-manager-1.3.0-SNAPSHOT.jar:?]
	at org.apache.hadoop.ozone.protocolPB.OzoneManagerProtocolServerSideTranslatorPB.submitReadRequestToOM(OzoneManagerProtocolServerSideTranslatorPB.java:226) ~[ozone-manager-1.3.0-SNAPSHOT.jar:?]
	at org.apache.hadoop.ozone.protocolPB.OzoneManagerProtocolServerSideTranslatorPB.processRequest(OzoneManagerProtocolServerSideTranslatorPB.java:175) ~[ozone-manager-1.3.0-SNAPSHOT.jar:?]
	at org.apache.hadoop.hdds.server.OzoneProtocolMessageDispatcher.processRequest(OzoneProtocolMessageDispatcher.java:87) [hdds-server-framework-1.3.0-SNAPSHOT.jar:?]
	at org.apache.hadoop.ozone.protocolPB.OzoneManagerProtocolServerSideTranslatorPB.submitRequest(OzoneManagerProtocolServerSideTranslatorPB.java:147) [ozone-manager-1.3.0-SNAPSHOT.jar:?]
	at org.apache.hadoop.ozone.protocol.proto.OzoneManagerProtocolProtos$OzoneManagerService$2.callBlockingMethod(OzoneManagerProtocolProtos.java) [ozone-interface-client-1.3.0-SNAPSHOT.jar:?]
	at org.apache.hadoop.ipc.ProtobufRpcEngine$Server.processCall(ProtobufRpcEngine.java:466) [hadoop-common-3.3.1.jar:?]
	at org.apache.hadoop.ipc.ProtobufRpcEngine2$Server$ProtoBufRpcInvoker.call(ProtobufRpcEngine2.java:574) [hadoop-common-3.3.1.jar:?]
	at org.apache.hadoop.ipc.ProtobufRpcEngine2$Server$ProtoBufRpcInvoker.call(ProtobufRpcEngine2.java:552) [hadoop-common-3.3.1.jar:?]
	at org.apache.hadoop.ipc.RPC$Server.call(RPC.java:1093) [hadoop-common-3.3.1.jar:?]
	at org.apache.hadoop.ipc.Server$RpcCall.run(Server.java:1035) [hadoop-common-3.3.1.jar:?]
	at org.apache.hadoop.ipc.Server$RpcCall.run(Server.java:963) [hadoop-common-3.3.1.jar:?]
	at java.security.AccessController.doPrivileged(Native Method) ~[?:1.8.0_345]
	at javax.security.auth.Subject.doAs(Subject.java:422) [?:1.8.0_345]
	at org.apache.hadoop.security.UserGroupInformation.doAs(UserGroupInformation.java:1878) [hadoop-common-3.3.1.jar:?]
	at org.apache.hadoop.ipc.Server$Handler.run(Server.java:2966) [hadoop-common-3.3.1.jar:?]
2022-09-28 09:54:22,747 [Time-limited test] WARN  ozone.BasicOzoneFileSystem (BasicOzoneFileSystem.java:getFileStatus(765)) - GetFileStatus failed for path /testBatchDelete/parent/child4
java.io.FileNotFoundException: testBatchDelete/parent/child4: No such file or directory!
	at org.apache.hadoop.fs.ozone.BasicOzoneClientAdapterImpl.getFileStatus(BasicOzoneClientAdapterImpl.java:369)
	at org.apache.hadoop.fs.ozone.BasicOzoneFileSystem.getFileStatus(BasicOzoneFileSystem.java:757)
	at org.apache.hadoop.fs.FileSystem.exists(FileSystem.java:1760)
	at org.apache.hadoop.fs.ozone.BasicOzoneFileSystem.exists(BasicOzoneFileSystem.java:804)
	at org.apache.hadoop.fs.ozone.TestOzoneFileSystem.testFileDelete(TestOzoneFileSystem.java:536)
	at sun.reflect.NativeMethodAccessorImpl.invoke0(Native Method)
	at sun.reflect.NativeMethodAccessorImpl.invoke(NativeMethodAccessorImpl.java:62)
	at sun.reflect.DelegatingMethodAccessorImpl.invoke(DelegatingMethodAccessorImpl.java:43)
	at java.lang.reflect.Method.invoke(Method.java:498)
	at org.junit.runners.model.FrameworkMethod$1.runReflectiveCall(FrameworkMethod.java:59)
	at org.junit.internal.runners.model.ReflectiveCallable.run(ReflectiveCallable.java:12)
	at org.junit.runners.model.FrameworkMethod.invokeExplosively(FrameworkMethod.java:56)
	at org.junit.internal.runners.statements.InvokeMethod.evaluate(InvokeMethod.java:17)
	at org.junit.internal.runners.statements.RunAfters.evaluate(RunAfters.java:27)
	at org.junit.internal.runners.statements.FailOnTimeout$CallableStatement.call(FailOnTimeout.java:288)
	at org.junit.internal.runners.statements.FailOnTimeout$CallableStatement.call(FailOnTimeout.java:282)
	at java.util.concurrent.FutureTask.run(FutureTask.java:266)
	at java.lang.Thread.run(Thread.java:750)
09:54:22.747 [IPC Server handler 5 on default port 33915] ERROR OMAudit - user=runner | ip=127.0.0.1 | op=GET_FILE_STATUS {volume=volume02959, bucket=bucket36363, key=testBatchDelete/parent/childFolder/child4, dataSize=0, replicationConfig=null} | ret=FAILURE
org.apache.hadoop.ozone.om.exceptions.OMException: Unable to get file status: volume: volume02959 bucket: bucket36363 key: testBatchDelete/parent/childFolder/child4
	at org.apache.hadoop.ozone.om.KeyManagerImpl.getOzoneFileStatus(KeyManagerImpl.java:1324) ~[ozone-manager-1.3.0-SNAPSHOT.jar:?]
	at org.apache.hadoop.ozone.om.KeyManagerImpl.getFileStatus(KeyManagerImpl.java:1254) ~[ozone-manager-1.3.0-SNAPSHOT.jar:?]
	at org.apache.hadoop.ozone.om.OzoneManager.getFileStatus(OzoneManager.java:3506) ~[ozone-manager-1.3.0-SNAPSHOT.jar:?]
	at org.apache.hadoop.ozone.protocolPB.OzoneManagerRequestHandler.getOzoneFileStatus(OzoneManagerRequestHandler.java:882) ~[ozone-manager-1.3.0-SNAPSHOT.jar:?]
	at org.apache.hadoop.ozone.protocolPB.OzoneManagerRequestHandler.handleReadRequest(OzoneManagerRequestHandler.java:228) ~[ozone-manager-1.3.0-SNAPSHOT.jar:?]
	at org.apache.hadoop.ozone.protocolPB.OzoneManagerProtocolServerSideTranslatorPB.submitReadRequestToOM(OzoneManagerProtocolServerSideTranslatorPB.java:226) ~[ozone-manager-1.3.0-SNAPSHOT.jar:?]
	at org.apache.hadoop.ozone.protocolPB.OzoneManagerProtocolServerSideTranslatorPB.processRequest(OzoneManagerProtocolServerSideTranslatorPB.java:175) ~[ozone-manager-1.3.0-SNAPSHOT.jar:?]
	at org.apache.hadoop.hdds.server.OzoneProtocolMessageDispatcher.processRequest(OzoneProtocolMessageDispatcher.java:87) [hdds-server-framework-1.3.0-SNAPSHOT.jar:?]
	at org.apache.hadoop.ozone.protocolPB.OzoneManagerProtocolServerSideTranslatorPB.submitRequest(OzoneManagerProtocolServerSideTranslatorPB.java:147) [ozone-manager-1.3.0-SNAPSHOT.jar:?]
	at org.apache.hadoop.ozone.protocol.proto.OzoneManagerProtocolProtos$OzoneManagerService$2.callBlockingMethod(OzoneManagerProtocolProtos.java) [ozone-interface-client-1.3.0-SNAPSHOT.jar:?]
	at org.apache.hadoop.ipc.ProtobufRpcEngine$Server.processCall(ProtobufRpcEngine.java:466) [hadoop-common-3.3.1.jar:?]
	at org.apache.hadoop.ipc.ProtobufRpcEngine2$Server$ProtoBufRpcInvoker.call(ProtobufRpcEngine2.java:574) [hadoop-common-3.3.1.jar:?]
	at org.apache.hadoop.ipc.ProtobufRpcEngine2$Server$ProtoBufRpcInvoker.call(ProtobufRpcEngine2.java:552) [hadoop-common-3.3.1.jar:?]
	at org.apache.hadoop.ipc.RPC$Server.call(RPC.java:1093) [hadoop-common-3.3.1.jar:?]
	at org.apache.hadoop.ipc.Server$RpcCall.run(Server.java:1035) [hadoop-common-3.3.1.jar:?]
	at org.apache.hadoop.ipc.Server$RpcCall.run(Server.java:963) [hadoop-common-3.3.1.jar:?]
	at java.security.AccessController.doPrivileged(Native Method) ~[?:1.8.0_345]
	at javax.security.auth.Subject.doAs(Subject.java:422) [?:1.8.0_345]
	at org.apache.hadoop.security.UserGroupInformation.doAs(UserGroupInformation.java:1878) [hadoop-common-3.3.1.jar:?]
	at org.apache.hadoop.ipc.Server$Handler.run(Server.java:2966) [hadoop-common-3.3.1.jar:?]
2022-09-28 09:54:22,749 [Time-limited test] WARN  ozone.BasicOzoneFileSystem (BasicOzoneFileSystem.java:getFileStatus(765)) - GetFileStatus failed for path /testBatchDelete/parent/childFolder/child4
java.io.FileNotFoundException: testBatchDelete/parent/childFolder/child4: No such file or directory!
	at org.apache.hadoop.fs.ozone.BasicOzoneClientAdapterImpl.getFileStatus(BasicOzoneClientAdapterImpl.java:369)
	at org.apache.hadoop.fs.ozone.BasicOzoneFileSystem.getFileStatus(BasicOzoneFileSystem.java:757)
	at org.apache.hadoop.fs.FileSystem.exists(FileSystem.java:1760)
	at org.apache.hadoop.fs.ozone.BasicOzoneFileSystem.exists(BasicOzoneFileSystem.java:804)
	at org.apache.hadoop.fs.ozone.TestOzoneFileSystem.testFileDelete(TestOzoneFileSystem.java:541)
	at sun.reflect.NativeMethodAccessorImpl.invoke0(Native Method)
	at sun.reflect.NativeMethodAccessorImpl.invoke(NativeMethodAccessorImpl.java:62)
	at sun.reflect.DelegatingMethodAccessorImpl.invoke(DelegatingMethodAccessorImpl.java:43)
	at java.lang.reflect.Method.invoke(Method.java:498)
	at org.junit.runners.model.FrameworkMethod$1.runReflectiveCall(FrameworkMethod.java:59)
	at org.junit.internal.runners.model.ReflectiveCallable.run(ReflectiveCallable.java:12)
	at org.junit.runners.model.FrameworkMethod.invokeExplosively(FrameworkMethod.java:56)
	at org.junit.internal.runners.statements.InvokeMethod.evaluate(InvokeMethod.java:17)
	at org.junit.internal.runners.statements.RunAfters.evaluate(RunAfters.java:27)
	at org.junit.internal.runners.statements.FailOnTimeout$CallableStatement.call(FailOnTimeout.java:288)
	at org.junit.internal.runners.statements.FailOnTimeout$CallableStatement.call(FailOnTimeout.java:282)
	at java.util.concurrent.FutureTask.run(FutureTask.java:266)
	at java.lang.Thread.run(Thread.java:750)
09:54:22.750 [IPC Server handler 10 on default port 33915] ERROR OMAudit - user=runner | ip=127.0.0.1 | op=GET_FILE_STATUS {volume=volume02959, bucket=bucket36363, key=testBatchDelete/parent/child5, dataSize=0, replicationConfig=null} | ret=FAILURE
org.apache.hadoop.ozone.om.exceptions.OMException: Unable to get file status: volume: volume02959 bucket: bucket36363 key: testBatchDelete/parent/child5
	at org.apache.hadoop.ozone.om.KeyManagerImpl.getOzoneFileStatus(KeyManagerImpl.java:1324) ~[ozone-manager-1.3.0-SNAPSHOT.jar:?]
	at org.apache.hadoop.ozone.om.KeyManagerImpl.getFileStatus(KeyManagerImpl.java:1254) ~[ozone-manager-1.3.0-SNAPSHOT.jar:?]
	at org.apache.hadoop.ozone.om.OzoneManager.getFileStatus(OzoneManager.java:3506) ~[ozone-manager-1.3.0-SNAPSHOT.jar:?]
	at org.apache.hadoop.ozone.protocolPB.OzoneManagerRequestHandler.getOzoneFileStatus(OzoneManagerRequestHandler.java:882) ~[ozone-manager-1.3.0-SNAPSHOT.jar:?]
	at org.apache.hadoop.ozone.protocolPB.OzoneManagerRequestHandler.handleReadRequest(OzoneManagerRequestHandler.java:228) ~[ozone-manager-1.3.0-SNAPSHOT.jar:?]
	at org.apache.hadoop.ozone.protocolPB.OzoneManagerProtocolServerSideTranslatorPB.submitReadRequestToOM(OzoneManagerProtocolServerSideTranslatorPB.java:226) ~[ozone-manager-1.3.0-SNAPSHOT.jar:?]
	at org.apache.hadoop.ozone.protocolPB.OzoneManagerProtocolServerSideTranslatorPB.processRequest(OzoneManagerProtocolServerSideTranslatorPB.java:175) ~[ozone-manager-1.3.0-SNAPSHOT.jar:?]
	at org.apache.hadoop.hdds.server.OzoneProtocolMessageDispatcher.processRequest(OzoneProtocolMessageDispatcher.java:87) [hdds-server-framework-1.3.0-SNAPSHOT.jar:?]
	at org.apache.hadoop.ozone.protocolPB.OzoneManagerProtocolServerSideTranslatorPB.submitRequest(OzoneManagerProtocolServerSideTranslatorPB.java:147) [ozone-manager-1.3.0-SNAPSHOT.jar:?]
	at org.apache.hadoop.ozone.protocol.proto.OzoneManagerProtocolProtos$OzoneManagerService$2.callBlockingMethod(OzoneManagerProtocolProtos.java) [ozone-interface-client-1.3.0-SNAPSHOT.jar:?]
	at org.apache.hadoop.ipc.ProtobufRpcEngine$Server.processCall(ProtobufRpcEngine.java:466) [hadoop-common-3.3.1.jar:?]
	at org.apache.hadoop.ipc.ProtobufRpcEngine2$Server$ProtoBufRpcInvoker.call(ProtobufRpcEngine2.java:574) [hadoop-common-3.3.1.jar:?]
	at org.apache.hadoop.ipc.ProtobufRpcEngine2$Server$ProtoBufRpcInvoker.call(ProtobufRpcEngine2.java:552) [hadoop-common-3.3.1.jar:?]
	at org.apache.hadoop.ipc.RPC$Server.call(RPC.java:1093) [hadoop-common-3.3.1.jar:?]
	at org.apache.hadoop.ipc.Server$RpcCall.run(Server.java:1035) [hadoop-common-3.3.1.jar:?]
	at org.apache.hadoop.ipc.Server$RpcCall.run(Server.java:963) [hadoop-common-3.3.1.jar:?]
	at java.security.AccessController.doPrivileged(Native Method) ~[?:1.8.0_345]
	at javax.security.auth.Subject.doAs(Subject.java:422) [?:1.8.0_345]
	at org.apache.hadoop.security.UserGroupInformation.doAs(UserGroupInformation.java:1878) [hadoop-common-3.3.1.jar:?]
	at org.apache.hadoop.ipc.Server$Handler.run(Server.java:2966) [hadoop-common-3.3.1.jar:?]
2022-09-28 09:54:22,750 [Time-limited test] WARN  ozone.BasicOzoneFileSystem (BasicOzoneFileSystem.java:getFileStatus(765)) - GetFileStatus failed for path /testBatchDelete/parent/child5
java.io.FileNotFoundException: testBatchDelete/parent/child5: No such file or directory!
	at org.apache.hadoop.fs.ozone.BasicOzoneClientAdapterImpl.getFileStatus(BasicOzoneClientAdapterImpl.java:369)
	at org.apache.hadoop.fs.ozone.BasicOzoneFileSystem.getFileStatus(BasicOzoneFileSystem.java:757)
	at org.apache.hadoop.fs.FileSystem.exists(FileSystem.java:1760)
	at org.apache.hadoop.fs.ozone.BasicOzoneFileSystem.exists(BasicOzoneFileSystem.java:804)
	at org.apache.hadoop.fs.ozone.TestOzoneFileSystem.testFileDelete(TestOzoneFileSystem.java:536)
	at sun.reflect.NativeMethodAccessorImpl.invoke0(Native Method)
	at sun.reflect.NativeMethodAccessorImpl.invoke(NativeMethodAccessorImpl.java:62)
	at sun.reflect.DelegatingMethodAccessorImpl.invoke(DelegatingMethodAccessorImpl.java:43)
	at java.lang.reflect.Method.invoke(Method.java:498)
	at org.junit.runners.model.FrameworkMethod$1.runReflectiveCall(FrameworkMethod.java:59)
	at org.junit.internal.runners.model.ReflectiveCallable.run(ReflectiveCallable.java:12)
	at org.junit.runners.model.FrameworkMethod.invokeExplosively(FrameworkMethod.java:56)
	at org.junit.internal.runners.statements.InvokeMethod.evaluate(InvokeMethod.java:17)
	at org.junit.internal.runners.statements.RunAfters.evaluate(RunAfters.java:27)
	at org.junit.internal.runners.statements.FailOnTimeout$CallableStatement.call(FailOnTimeout.java:288)
	at org.junit.internal.runners.statements.FailOnTimeout$CallableStatement.call(FailOnTimeout.java:282)
	at java.util.concurrent.FutureTask.run(FutureTask.java:266)
	at java.lang.Thread.run(Thread.java:750)
09:54:22.751 [IPC Server handler 13 on default port 33915] ERROR OMAudit - user=runner | ip=127.0.0.1 | op=GET_FILE_STATUS {volume=volume02959, bucket=bucket36363, key=testBatchDelete/parent/childFolder/child5, dataSize=0, replicationConfig=null} | ret=FAILURE
org.apache.hadoop.ozone.om.exceptions.OMException: Unable to get file status: volume: volume02959 bucket: bucket36363 key: testBatchDelete/parent/childFolder/child5
	at org.apache.hadoop.ozone.om.KeyManagerImpl.getOzoneFileStatus(KeyManagerImpl.java:1324) ~[ozone-manager-1.3.0-SNAPSHOT.jar:?]
	at org.apache.hadoop.ozone.om.KeyManagerImpl.getFileStatus(KeyManagerImpl.java:1254) ~[ozone-manager-1.3.0-SNAPSHOT.jar:?]
	at org.apache.hadoop.ozone.om.OzoneManager.getFileStatus(OzoneManager.java:3506) ~[ozone-manager-1.3.0-SNAPSHOT.jar:?]
	at org.apache.hadoop.ozone.protocolPB.OzoneManagerRequestHandler.getOzoneFileStatus(OzoneManagerRequestHandler.java:882) ~[ozone-manager-1.3.0-SNAPSHOT.jar:?]
	at org.apache.hadoop.ozone.protocolPB.OzoneManagerRequestHandler.handleReadRequest(OzoneManagerRequestHandler.java:228) ~[ozone-manager-1.3.0-SNAPSHOT.jar:?]
	at org.apache.hadoop.ozone.protocolPB.OzoneManagerProtocolServerSideTranslatorPB.submitReadRequestToOM(OzoneManagerProtocolServerSideTranslatorPB.java:226) ~[ozone-manager-1.3.0-SNAPSHOT.jar:?]
	at org.apache.hadoop.ozone.protocolPB.OzoneManagerProtocolServerSideTranslatorPB.processRequest(OzoneManagerProtocolServerSideTranslatorPB.java:175) ~[ozone-manager-1.3.0-SNAPSHOT.jar:?]
	at org.apache.hadoop.hdds.server.OzoneProtocolMessageDispatcher.processRequest(OzoneProtocolMessageDispatcher.java:87) [hdds-server-framework-1.3.0-SNAPSHOT.jar:?]
	at org.apache.hadoop.ozone.protocolPB.OzoneManagerProtocolServerSideTranslatorPB.submitRequest(OzoneManagerProtocolServerSideTranslatorPB.java:147) [ozone-manager-1.3.0-SNAPSHOT.jar:?]
	at org.apache.hadoop.ozone.protocol.proto.OzoneManagerProtocolProtos$OzoneManagerService$2.callBlockingMethod(OzoneManagerProtocolProtos.java) [ozone-interface-client-1.3.0-SNAPSHOT.jar:?]
	at org.apache.hadoop.ipc.ProtobufRpcEngine$Server.processCall(ProtobufRpcEngine.java:466) [hadoop-common-3.3.1.jar:?]
	at org.apache.hadoop.ipc.ProtobufRpcEngine2$Server$ProtoBufRpcInvoker.call(ProtobufRpcEngine2.java:574) [hadoop-common-3.3.1.jar:?]
	at org.apache.hadoop.ipc.ProtobufRpcEngine2$Server$ProtoBufRpcInvoker.call(ProtobufRpcEngine2.java:552) [hadoop-common-3.3.1.jar:?]
	at org.apache.hadoop.ipc.RPC$Server.call(RPC.java:1093) [hadoop-common-3.3.1.jar:?]
	at org.apache.hadoop.ipc.Server$RpcCall.run(Server.java:1035) [hadoop-common-3.3.1.jar:?]
	at org.apache.hadoop.ipc.Server$RpcCall.run(Server.java:963) [hadoop-common-3.3.1.jar:?]
	at java.security.AccessController.doPrivileged(Native Method) ~[?:1.8.0_345]
	at javax.security.auth.Subject.doAs(Subject.java:422) [?:1.8.0_345]
	at org.apache.hadoop.security.UserGroupInformation.doAs(UserGroupInformation.java:1878) [hadoop-common-3.3.1.jar:?]
	at org.apache.hadoop.ipc.Server$Handler.run(Server.java:2966) [hadoop-common-3.3.1.jar:?]
2022-09-28 09:54:22,751 [Time-limited test] WARN  ozone.BasicOzoneFileSystem (BasicOzoneFileSystem.java:getFileStatus(765)) - GetFileStatus failed for path /testBatchDelete/parent/childFolder/child5
java.io.FileNotFoundException: testBatchDelete/parent/childFolder/child5: No such file or directory!
	at org.apache.hadoop.fs.ozone.BasicOzoneClientAdapterImpl.getFileStatus(BasicOzoneClientAdapterImpl.java:369)
	at org.apache.hadoop.fs.ozone.BasicOzoneFileSystem.getFileStatus(BasicOzoneFileSystem.java:757)
	at org.apache.hadoop.fs.FileSystem.exists(FileSystem.java:1760)
	at org.apache.hadoop.fs.ozone.BasicOzoneFileSystem.exists(BasicOzoneFileSystem.java:804)
	at org.apache.hadoop.fs.ozone.TestOzoneFileSystem.testFileDelete(TestOzoneFileSystem.java:541)
	at sun.reflect.NativeMethodAccessorImpl.invoke0(Native Method)
	at sun.reflect.NativeMethodAccessorImpl.invoke(NativeMethodAccessorImpl.java:62)
	at sun.reflect.DelegatingMethodAccessorImpl.invoke(DelegatingMethodAccessorImpl.java:43)
	at java.lang.reflect.Method.invoke(Method.java:498)
	at org.junit.runners.model.FrameworkMethod$1.runReflectiveCall(FrameworkMethod.java:59)
	at org.junit.internal.runners.model.ReflectiveCallable.run(ReflectiveCallable.java:12)
	at org.junit.runners.model.FrameworkMethod.invokeExplosively(FrameworkMethod.java:56)
	at org.junit.internal.runners.statements.InvokeMethod.evaluate(InvokeMethod.java:17)
	at org.junit.internal.runners.statements.RunAfters.evaluate(RunAfters.java:27)
	at org.junit.internal.runners.statements.FailOnTimeout$CallableStatement.call(FailOnTimeout.java:288)
	at org.junit.internal.runners.statements.FailOnTimeout$CallableStatement.call(FailOnTimeout.java:282)
	at java.util.concurrent.FutureTask.run(FutureTask.java:266)
	at java.lang.Thread.run(Thread.java:750)
09:54:22.752 [IPC Server handler 7 on default port 33915] ERROR OMAudit - user=runner | ip=127.0.0.1 | op=GET_FILE_STATUS {volume=volume02959, bucket=bucket36363, key=testBatchDelete/parent/child6, dataSize=0, replicationConfig=null} | ret=FAILURE
org.apache.hadoop.ozone.om.exceptions.OMException: Unable to get file status: volume: volume02959 bucket: bucket36363 key: testBatchDelete/parent/child6
	at org.apache.hadoop.ozone.om.KeyManagerImpl.getOzoneFileStatus(KeyManagerImpl.java:1324) ~[ozone-manager-1.3.0-SNAPSHOT.jar:?]
	at org.apache.hadoop.ozone.om.KeyManagerImpl.getFileStatus(KeyManagerImpl.java:1254) ~[ozone-manager-1.3.0-SNAPSHOT.jar:?]
	at org.apache.hadoop.ozone.om.OzoneManager.getFileStatus(OzoneManager.java:3506) ~[ozone-manager-1.3.0-SNAPSHOT.jar:?]
	at org.apache.hadoop.ozone.protocolPB.OzoneManagerRequestHandler.getOzoneFileStatus(OzoneManagerRequestHandler.java:882) ~[ozone-manager-1.3.0-SNAPSHOT.jar:?]
	at org.apache.hadoop.ozone.protocolPB.OzoneManagerRequestHandler.handleReadRequest(OzoneManagerRequestHandler.java:228) ~[ozone-manager-1.3.0-SNAPSHOT.jar:?]
	at org.apache.hadoop.ozone.protocolPB.OzoneManagerProtocolServerSideTranslatorPB.submitReadRequestToOM(OzoneManagerProtocolServerSideTranslatorPB.java:226) ~[ozone-manager-1.3.0-SNAPSHOT.jar:?]
	at org.apache.hadoop.ozone.protocolPB.OzoneManagerProtocolServerSideTranslatorPB.processRequest(OzoneManagerProtocolServerSideTranslatorPB.java:175) ~[ozone-manager-1.3.0-SNAPSHOT.jar:?]
	at org.apache.hadoop.hdds.server.OzoneProtocolMessageDispatcher.processRequest(OzoneProtocolMessageDispatcher.java:87) [hdds-server-framework-1.3.0-SNAPSHOT.jar:?]
	at org.apache.hadoop.ozone.protocolPB.OzoneManagerProtocolServerSideTranslatorPB.submitRequest(OzoneManagerProtocolServerSideTranslatorPB.java:147) [ozone-manager-1.3.0-SNAPSHOT.jar:?]
	at org.apache.hadoop.ozone.protocol.proto.OzoneManagerProtocolProtos$OzoneManagerService$2.callBlockingMethod(OzoneManagerProtocolProtos.java) [ozone-interface-client-1.3.0-SNAPSHOT.jar:?]
	at org.apache.hadoop.ipc.ProtobufRpcEngine$Server.processCall(ProtobufRpcEngine.java:466) [hadoop-common-3.3.1.jar:?]
	at org.apache.hadoop.ipc.ProtobufRpcEngine2$Server$ProtoBufRpcInvoker.call(ProtobufRpcEngine2.java:574) [hadoop-common-3.3.1.jar:?]
	at org.apache.hadoop.ipc.ProtobufRpcEngine2$Server$ProtoBufRpcInvoker.call(ProtobufRpcEngine2.java:552) [hadoop-common-3.3.1.jar:?]
	at org.apache.hadoop.ipc.RPC$Server.call(RPC.java:1093) [hadoop-common-3.3.1.jar:?]
	at org.apache.hadoop.ipc.Server$RpcCall.run(Server.java:1035) [hadoop-common-3.3.1.jar:?]
	at org.apache.hadoop.ipc.Server$RpcCall.run(Server.java:963) [hadoop-common-3.3.1.jar:?]
	at java.security.AccessController.doPrivileged(Native Method) ~[?:1.8.0_345]
	at javax.security.auth.Subject.doAs(Subject.java:422) [?:1.8.0_345]
	at org.apache.hadoop.security.UserGroupInformation.doAs(UserGroupInformation.java:1878) [hadoop-common-3.3.1.jar:?]
	at org.apache.hadoop.ipc.Server$Handler.run(Server.java:2966) [hadoop-common-3.3.1.jar:?]
2022-09-28 09:54:22,752 [Time-limited test] WARN  ozone.BasicOzoneFileSystem (BasicOzoneFileSystem.java:getFileStatus(765)) - GetFileStatus failed for path /testBatchDelete/parent/child6
java.io.FileNotFoundException: testBatchDelete/parent/child6: No such file or directory!
	at org.apache.hadoop.fs.ozone.BasicOzoneClientAdapterImpl.getFileStatus(BasicOzoneClientAdapterImpl.java:369)
	at org.apache.hadoop.fs.ozone.BasicOzoneFileSystem.getFileStatus(BasicOzoneFileSystem.java:757)
	at org.apache.hadoop.fs.FileSystem.exists(FileSystem.java:1760)
	at org.apache.hadoop.fs.ozone.BasicOzoneFileSystem.exists(BasicOzoneFileSystem.java:804)
	at org.apache.hadoop.fs.ozone.TestOzoneFileSystem.testFileDelete(TestOzoneFileSystem.java:536)
	at sun.reflect.NativeMethodAccessorImpl.invoke0(Native Method)
	at sun.reflect.NativeMethodAccessorImpl.invoke(NativeMethodAccessorImpl.java:62)
	at sun.reflect.DelegatingMethodAccessorImpl.invoke(DelegatingMethodAccessorImpl.java:43)
	at java.lang.reflect.Method.invoke(Method.java:498)
	at org.junit.runners.model.FrameworkMethod$1.runReflectiveCall(FrameworkMethod.java:59)
	at org.junit.internal.runners.model.ReflectiveCallable.run(ReflectiveCallable.java:12)
	at org.junit.runners.model.FrameworkMethod.invokeExplosively(FrameworkMethod.java:56)
	at org.junit.internal.runners.statements.InvokeMethod.evaluate(InvokeMethod.java:17)
	at org.junit.internal.runners.statements.RunAfters.evaluate(RunAfters.java:27)
	at org.junit.internal.runners.statements.FailOnTimeout$CallableStatement.call(FailOnTimeout.java:288)
	at org.junit.internal.runners.statements.FailOnTimeout$CallableStatement.call(FailOnTimeout.java:282)
	at java.util.concurrent.FutureTask.run(FutureTask.java:266)
	at java.lang.Thread.run(Thread.java:750)
09:54:22.753 [IPC Server handler 6 on default port 33915] ERROR OMAudit - user=runner | ip=127.0.0.1 | op=GET_FILE_STATUS {volume=volume02959, bucket=bucket36363, key=testBatchDelete/parent/childFolder/child6, dataSize=0, replicationConfig=null} | ret=FAILURE
org.apache.hadoop.ozone.om.exceptions.OMException: Unable to get file status: volume: volume02959 bucket: bucket36363 key: testBatchDelete/parent/childFolder/child6
	at org.apache.hadoop.ozone.om.KeyManagerImpl.getOzoneFileStatus(KeyManagerImpl.java:1324) ~[ozone-manager-1.3.0-SNAPSHOT.jar:?]
	at org.apache.hadoop.ozone.om.KeyManagerImpl.getFileStatus(KeyManagerImpl.java:1254) ~[ozone-manager-1.3.0-SNAPSHOT.jar:?]
	at org.apache.hadoop.ozone.om.OzoneManager.getFileStatus(OzoneManager.java:3506) ~[ozone-manager-1.3.0-SNAPSHOT.jar:?]
	at org.apache.hadoop.ozone.protocolPB.OzoneManagerRequestHandler.getOzoneFileStatus(OzoneManagerRequestHandler.java:882) ~[ozone-manager-1.3.0-SNAPSHOT.jar:?]
	at org.apache.hadoop.ozone.protocolPB.OzoneManagerRequestHandler.handleReadRequest(OzoneManagerRequestHandler.java:228) ~[ozone-manager-1.3.0-SNAPSHOT.jar:?]
	at org.apache.hadoop.ozone.protocolPB.OzoneManagerProtocolServerSideTranslatorPB.submitReadRequestToOM(OzoneManagerProtocolServerSideTranslatorPB.java:226) ~[ozone-manager-1.3.0-SNAPSHOT.jar:?]
	at org.apache.hadoop.ozone.protocolPB.OzoneManagerProtocolServerSideTranslatorPB.processRequest(OzoneManagerProtocolServerSideTranslatorPB.java:175) ~[ozone-manager-1.3.0-SNAPSHOT.jar:?]
	at org.apache.hadoop.hdds.server.OzoneProtocolMessageDispatcher.processRequest(OzoneProtocolMessageDispatcher.java:87) [hdds-server-framework-1.3.0-SNAPSHOT.jar:?]
	at org.apache.hadoop.ozone.protocolPB.OzoneManagerProtocolServerSideTranslatorPB.submitRequest(OzoneManagerProtocolServerSideTranslatorPB.java:147) [ozone-manager-1.3.0-SNAPSHOT.jar:?]
	at org.apache.hadoop.ozone.protocol.proto.OzoneManagerProtocolProtos$OzoneManagerService$2.callBlockingMethod(OzoneManagerProtocolProtos.java) [ozone-interface-client-1.3.0-SNAPSHOT.jar:?]
	at org.apache.hadoop.ipc.ProtobufRpcEngine$Server.processCall(ProtobufRpcEngine.java:466) [hadoop-common-3.3.1.jar:?]
	at org.apache.hadoop.ipc.ProtobufRpcEngine2$Server$ProtoBufRpcInvoker.call(ProtobufRpcEngine2.java:574) [hadoop-common-3.3.1.jar:?]
	at org.apache.hadoop.ipc.ProtobufRpcEngine2$Server$ProtoBufRpcInvoker.call(ProtobufRpcEngine2.java:552) [hadoop-common-3.3.1.jar:?]
	at org.apache.hadoop.ipc.RPC$Server.call(RPC.java:1093) [hadoop-common-3.3.1.jar:?]
	at org.apache.hadoop.ipc.Server$RpcCall.run(Server.java:1035) [hadoop-common-3.3.1.jar:?]
	at org.apache.hadoop.ipc.Server$RpcCall.run(Server.java:963) [hadoop-common-3.3.1.jar:?]
	at java.security.AccessController.doPrivileged(Native Method) ~[?:1.8.0_345]
	at javax.security.auth.Subject.doAs(Subject.java:422) [?:1.8.0_345]
	at org.apache.hadoop.security.UserGroupInformation.doAs(UserGroupInformation.java:1878) [hadoop-common-3.3.1.jar:?]
	at org.apache.hadoop.ipc.Server$Handler.run(Server.java:2966) [hadoop-common-3.3.1.jar:?]
2022-09-28 09:54:22,754 [Time-limited test] WARN  ozone.BasicOzoneFileSystem (BasicOzoneFileSystem.java:getFileStatus(765)) - GetFileStatus failed for path /testBatchDelete/parent/childFolder/child6
java.io.FileNotFoundException: testBatchDelete/parent/childFolder/child6: No such file or directory!
	at org.apache.hadoop.fs.ozone.BasicOzoneClientAdapterImpl.getFileStatus(BasicOzoneClientAdapterImpl.java:369)
	at org.apache.hadoop.fs.ozone.BasicOzoneFileSystem.getFileStatus(BasicOzoneFileSystem.java:757)
	at org.apache.hadoop.fs.FileSystem.exists(FileSystem.java:1760)
	at org.apache.hadoop.fs.ozone.BasicOzoneFileSystem.exists(BasicOzoneFileSystem.java:804)
	at org.apache.hadoop.fs.ozone.TestOzoneFileSystem.testFileDelete(TestOzoneFileSystem.java:541)
	at sun.reflect.NativeMethodAccessorImpl.invoke0(Native Method)
	at sun.reflect.NativeMethodAccessorImpl.invoke(NativeMethodAccessorImpl.java:62)
	at sun.reflect.DelegatingMethodAccessorImpl.invoke(DelegatingMethodAccessorImpl.java:43)
	at java.lang.reflect.Method.invoke(Method.java:498)
	at org.junit.runners.model.FrameworkMethod$1.runReflectiveCall(FrameworkMethod.java:59)
	at org.junit.internal.runners.model.ReflectiveCallable.run(ReflectiveCallable.java:12)
	at org.junit.runners.model.FrameworkMethod.invokeExplosively(FrameworkMethod.java:56)
	at org.junit.internal.runners.statements.InvokeMethod.evaluate(InvokeMethod.java:17)
	at org.junit.internal.runners.statements.RunAfters.evaluate(RunAfters.java:27)
	at org.junit.internal.runners.statements.FailOnTimeout$CallableStatement.call(FailOnTimeout.java:288)
	at org.junit.internal.runners.statements.FailOnTimeout$CallableStatement.call(FailOnTimeout.java:282)
	at java.util.concurrent.FutureTask.run(FutureTask.java:266)
	at java.lang.Thread.run(Thread.java:750)
09:54:22.754 [IPC Server handler 17 on default port 33915] ERROR OMAudit - user=runner | ip=127.0.0.1 | op=GET_FILE_STATUS {volume=volume02959, bucket=bucket36363, key=testBatchDelete/parent/child7, dataSize=0, replicationConfig=null} | ret=FAILURE
org.apache.hadoop.ozone.om.exceptions.OMException: Unable to get file status: volume: volume02959 bucket: bucket36363 key: testBatchDelete/parent/child7
	at org.apache.hadoop.ozone.om.KeyManagerImpl.getOzoneFileStatus(KeyManagerImpl.java:1324) ~[ozone-manager-1.3.0-SNAPSHOT.jar:?]
	at org.apache.hadoop.ozone.om.KeyManagerImpl.getFileStatus(KeyManagerImpl.java:1254) ~[ozone-manager-1.3.0-SNAPSHOT.jar:?]
	at org.apache.hadoop.ozone.om.OzoneManager.getFileStatus(OzoneManager.java:3506) ~[ozone-manager-1.3.0-SNAPSHOT.jar:?]
	at org.apache.hadoop.ozone.protocolPB.OzoneManagerRequestHandler.getOzoneFileStatus(OzoneManagerRequestHandler.java:882) ~[ozone-manager-1.3.0-SNAPSHOT.jar:?]
	at org.apache.hadoop.ozone.protocolPB.OzoneManagerRequestHandler.handleReadRequest(OzoneManagerRequestHandler.java:228) ~[ozone-manager-1.3.0-SNAPSHOT.jar:?]
	at org.apache.hadoop.ozone.protocolPB.OzoneManagerProtocolServerSideTranslatorPB.submitReadRequestToOM(OzoneManagerProtocolServerSideTranslatorPB.java:226) ~[ozone-manager-1.3.0-SNAPSHOT.jar:?]
	at org.apache.hadoop.ozone.protocolPB.OzoneManagerProtocolServerSideTranslatorPB.processRequest(OzoneManagerProtocolServerSideTranslatorPB.java:175) ~[ozone-manager-1.3.0-SNAPSHOT.jar:?]
	at org.apache.hadoop.hdds.server.OzoneProtocolMessageDispatcher.processRequest(OzoneProtocolMessageDispatcher.java:87) [hdds-server-framework-1.3.0-SNAPSHOT.jar:?]
	at org.apache.hadoop.ozone.protocolPB.OzoneManagerProtocolServerSideTranslatorPB.submitRequest(OzoneManagerProtocolServerSideTranslatorPB.java:147) [ozone-manager-1.3.0-SNAPSHOT.jar:?]
	at org.apache.hadoop.ozone.protocol.proto.OzoneManagerProtocolProtos$OzoneManagerService$2.callBlockingMethod(OzoneManagerProtocolProtos.java) [ozone-interface-client-1.3.0-SNAPSHOT.jar:?]
	at org.apache.hadoop.ipc.ProtobufRpcEngine$Server.processCall(ProtobufRpcEngine.java:466) [hadoop-common-3.3.1.jar:?]
	at org.apache.hadoop.ipc.ProtobufRpcEngine2$Server$ProtoBufRpcInvoker.call(ProtobufRpcEngine2.java:574) [hadoop-common-3.3.1.jar:?]
	at org.apache.hadoop.ipc.ProtobufRpcEngine2$Server$ProtoBufRpcInvoker.call(ProtobufRpcEngine2.java:552) [hadoop-common-3.3.1.jar:?]
	at org.apache.hadoop.ipc.RPC$Server.call(RPC.java:1093) [hadoop-common-3.3.1.jar:?]
	at org.apache.hadoop.ipc.Server$RpcCall.run(Server.java:1035) [hadoop-common-3.3.1.jar:?]
	at org.apache.hadoop.ipc.Server$RpcCall.run(Server.java:963) [hadoop-common-3.3.1.jar:?]
	at java.security.AccessController.doPrivileged(Native Method) ~[?:1.8.0_345]
	at javax.security.auth.Subject.doAs(Subject.java:422) [?:1.8.0_345]
	at org.apache.hadoop.security.UserGroupInformation.doAs(UserGroupInformation.java:1878) [hadoop-common-3.3.1.jar:?]
	at org.apache.hadoop.ipc.Server$Handler.run(Server.java:2966) [hadoop-common-3.3.1.jar:?]
2022-09-28 09:54:22,755 [Time-limited test] WARN  ozone.BasicOzoneFileSystem (BasicOzoneFileSystem.java:getFileStatus(765)) - GetFileStatus failed for path /testBatchDelete/parent/child7
java.io.FileNotFoundException: testBatchDelete/parent/child7: No such file or directory!
	at org.apache.hadoop.fs.ozone.BasicOzoneClientAdapterImpl.getFileStatus(BasicOzoneClientAdapterImpl.java:369)
	at org.apache.hadoop.fs.ozone.BasicOzoneFileSystem.getFileStatus(BasicOzoneFileSystem.java:757)
	at org.apache.hadoop.fs.FileSystem.exists(FileSystem.java:1760)
	at org.apache.hadoop.fs.ozone.BasicOzoneFileSystem.exists(BasicOzoneFileSystem.java:804)
	at org.apache.hadoop.fs.ozone.TestOzoneFileSystem.testFileDelete(TestOzoneFileSystem.java:536)
	at sun.reflect.NativeMethodAccessorImpl.invoke0(Native Method)
	at sun.reflect.NativeMethodAccessorImpl.invoke(NativeMethodAccessorImpl.java:62)
	at sun.reflect.DelegatingMethodAccessorImpl.invoke(DelegatingMethodAccessorImpl.java:43)
	at java.lang.reflect.Method.invoke(Method.java:498)
	at org.junit.runners.model.FrameworkMethod$1.runReflectiveCall(FrameworkMethod.java:59)
	at org.junit.internal.runners.model.ReflectiveCallable.run(ReflectiveCallable.java:12)
	at org.junit.runners.model.FrameworkMethod.invokeExplosively(FrameworkMethod.java:56)
	at org.junit.internal.runners.statements.InvokeMethod.evaluate(InvokeMethod.java:17)
	at org.junit.internal.runners.statements.RunAfters.evaluate(RunAfters.java:27)
	at org.junit.internal.runners.statements.FailOnTimeout$CallableStatement.call(FailOnTimeout.java:288)
	at org.junit.internal.runners.statements.FailOnTimeout$CallableStatement.call(FailOnTimeout.java:282)
	at java.util.concurrent.FutureTask.run(FutureTask.java:266)
	at java.lang.Thread.run(Thread.java:750)
09:54:22.755 [IPC Server handler 18 on default port 33915] ERROR OMAudit - user=runner | ip=127.0.0.1 | op=GET_FILE_STATUS {volume=volume02959, bucket=bucket36363, key=testBatchDelete/parent/childFolder/child7, dataSize=0, replicationConfig=null} | ret=FAILURE
org.apache.hadoop.ozone.om.exceptions.OMException: Unable to get file status: volume: volume02959 bucket: bucket36363 key: testBatchDelete/parent/childFolder/child7
	at org.apache.hadoop.ozone.om.KeyManagerImpl.getOzoneFileStatus(KeyManagerImpl.java:1324) ~[ozone-manager-1.3.0-SNAPSHOT.jar:?]
	at org.apache.hadoop.ozone.om.KeyManagerImpl.getFileStatus(KeyManagerImpl.java:1254) ~[ozone-manager-1.3.0-SNAPSHOT.jar:?]
	at org.apache.hadoop.ozone.om.OzoneManager.getFileStatus(OzoneManager.java:3506) ~[ozone-manager-1.3.0-SNAPSHOT.jar:?]
	at org.apache.hadoop.ozone.protocolPB.OzoneManagerRequestHandler.getOzoneFileStatus(OzoneManagerRequestHandler.java:882) ~[ozone-manager-1.3.0-SNAPSHOT.jar:?]
	at org.apache.hadoop.ozone.protocolPB.OzoneManagerRequestHandler.handleReadRequest(OzoneManagerRequestHandler.java:228) ~[ozone-manager-1.3.0-SNAPSHOT.jar:?]
	at org.apache.hadoop.ozone.protocolPB.OzoneManagerProtocolServerSideTranslatorPB.submitReadRequestToOM(OzoneManagerProtocolServerSideTranslatorPB.java:226) ~[ozone-manager-1.3.0-SNAPSHOT.jar:?]
	at org.apache.hadoop.ozone.protocolPB.OzoneManagerProtocolServerSideTranslatorPB.processRequest(OzoneManagerProtocolServerSideTranslatorPB.java:175) ~[ozone-manager-1.3.0-SNAPSHOT.jar:?]
	at org.apache.hadoop.hdds.server.OzoneProtocolMessageDispatcher.processRequest(OzoneProtocolMessageDispatcher.java:87) [hdds-server-framework-1.3.0-SNAPSHOT.jar:?]
	at org.apache.hadoop.ozone.protocolPB.OzoneManagerProtocolServerSideTranslatorPB.submitRequest(OzoneManagerProtocolServerSideTranslatorPB.java:147) [ozone-manager-1.3.0-SNAPSHOT.jar:?]
	at org.apache.hadoop.ozone.protocol.proto.OzoneManagerProtocolProtos$OzoneManagerService$2.callBlockingMethod(OzoneManagerProtocolProtos.java) [ozone-interface-client-1.3.0-SNAPSHOT.jar:?]
	at org.apache.hadoop.ipc.ProtobufRpcEngine$Server.processCall(ProtobufRpcEngine.java:466) [hadoop-common-3.3.1.jar:?]
	at org.apache.hadoop.ipc.ProtobufRpcEngine2$Server$ProtoBufRpcInvoker.call(ProtobufRpcEngine2.java:574) [hadoop-common-3.3.1.jar:?]
	at org.apache.hadoop.ipc.ProtobufRpcEngine2$Server$ProtoBufRpcInvoker.call(ProtobufRpcEngine2.java:552) [hadoop-common-3.3.1.jar:?]
	at org.apache.hadoop.ipc.RPC$Server.call(RPC.java:1093) [hadoop-common-3.3.1.jar:?]
	at org.apache.hadoop.ipc.Server$RpcCall.run(Server.java:1035) [hadoop-common-3.3.1.jar:?]
	at org.apache.hadoop.ipc.Server$RpcCall.run(Server.java:963) [hadoop-common-3.3.1.jar:?]
	at java.security.AccessController.doPrivileged(Native Method) ~[?:1.8.0_345]
	at javax.security.auth.Subject.doAs(Subject.java:422) [?:1.8.0_345]
	at org.apache.hadoop.security.UserGroupInformation.doAs(UserGroupInformation.java:1878) [hadoop-common-3.3.1.jar:?]
	at org.apache.hadoop.ipc.Server$Handler.run(Server.java:2966) [hadoop-common-3.3.1.jar:?]
2022-09-28 09:54:22,756 [Time-limited test] WARN  ozone.BasicOzoneFileSystem (BasicOzoneFileSystem.java:getFileStatus(765)) - GetFileStatus failed for path /testBatchDelete/parent/childFolder/child7
java.io.FileNotFoundException: testBatchDelete/parent/childFolder/child7: No such file or directory!
	at org.apache.hadoop.fs.ozone.BasicOzoneClientAdapterImpl.getFileStatus(BasicOzoneClientAdapterImpl.java:369)
	at org.apache.hadoop.fs.ozone.BasicOzoneFileSystem.getFileStatus(BasicOzoneFileSystem.java:757)
	at org.apache.hadoop.fs.FileSystem.exists(FileSystem.java:1760)
	at org.apache.hadoop.fs.ozone.BasicOzoneFileSystem.exists(BasicOzoneFileSystem.java:804)
	at org.apache.hadoop.fs.ozone.TestOzoneFileSystem.testFileDelete(TestOzoneFileSystem.java:541)
	at sun.reflect.NativeMethodAccessorImpl.invoke0(Native Method)
	at sun.reflect.NativeMethodAccessorImpl.invoke(NativeMethodAccessorImpl.java:62)
	at sun.reflect.DelegatingMethodAccessorImpl.invoke(DelegatingMethodAccessorImpl.java:43)
	at java.lang.reflect.Method.invoke(Method.java:498)
	at org.junit.runners.model.FrameworkMethod$1.runReflectiveCall(FrameworkMethod.java:59)
	at org.junit.internal.runners.model.ReflectiveCallable.run(ReflectiveCallable.java:12)
	at org.junit.runners.model.FrameworkMethod.invokeExplosively(FrameworkMethod.java:56)
	at org.junit.internal.runners.statements.InvokeMethod.evaluate(InvokeMethod.java:17)
	at org.junit.internal.runners.statements.RunAfters.evaluate(RunAfters.java:27)
	at org.junit.internal.runners.statements.FailOnTimeout$CallableStatement.call(FailOnTimeout.java:288)
	at org.junit.internal.runners.statements.FailOnTimeout$CallableStatement.call(FailOnTimeout.java:282)
	at java.util.concurrent.FutureTask.run(FutureTask.java:266)
	at java.lang.Thread.run(Thread.java:750)
09:54:22.756 [IPC Server handler 16 on default port 33915] ERROR OMAudit - user=runner | ip=127.0.0.1 | op=GET_FILE_STATUS {volume=volume02959, bucket=bucket36363, key=testBatchDelete/parent, dataSize=0, replicationConfig=null} | ret=FAILURE
org.apache.hadoop.ozone.om.exceptions.OMException: Unable to get file status: volume: volume02959 bucket: bucket36363 key: testBatchDelete/parent
	at org.apache.hadoop.ozone.om.KeyManagerImpl.getOzoneFileStatus(KeyManagerImpl.java:1324) ~[ozone-manager-1.3.0-SNAPSHOT.jar:?]
	at org.apache.hadoop.ozone.om.KeyManagerImpl.getFileStatus(KeyManagerImpl.java:1254) ~[ozone-manager-1.3.0-SNAPSHOT.jar:?]
	at org.apache.hadoop.ozone.om.OzoneManager.getFileStatus(OzoneManager.java:3506) ~[ozone-manager-1.3.0-SNAPSHOT.jar:?]
	at org.apache.hadoop.ozone.protocolPB.OzoneManagerRequestHandler.getOzoneFileStatus(OzoneManagerRequestHandler.java:882) ~[ozone-manager-1.3.0-SNAPSHOT.jar:?]
	at org.apache.hadoop.ozone.protocolPB.OzoneManagerRequestHandler.handleReadRequest(OzoneManagerRequestHandler.java:228) ~[ozone-manager-1.3.0-SNAPSHOT.jar:?]
	at org.apache.hadoop.ozone.protocolPB.OzoneManagerProtocolServerSideTranslatorPB.submitReadRequestToOM(OzoneManagerProtocolServerSideTranslatorPB.java:226) ~[ozone-manager-1.3.0-SNAPSHOT.jar:?]
	at org.apache.hadoop.ozone.protocolPB.OzoneManagerProtocolServerSideTranslatorPB.processRequest(OzoneManagerProtocolServerSideTranslatorPB.java:175) ~[ozone-manager-1.3.0-SNAPSHOT.jar:?]
	at org.apache.hadoop.hdds.server.OzoneProtocolMessageDispatcher.processRequest(OzoneProtocolMessageDispatcher.java:87) [hdds-server-framework-1.3.0-SNAPSHOT.jar:?]
	at org.apache.hadoop.ozone.protocolPB.OzoneManagerProtocolServerSideTranslatorPB.submitRequest(OzoneManagerProtocolServerSideTranslatorPB.java:147) [ozone-manager-1.3.0-SNAPSHOT.jar:?]
	at org.apache.hadoop.ozone.protocol.proto.OzoneManagerProtocolProtos$OzoneManagerService$2.callBlockingMethod(OzoneManagerProtocolProtos.java) [ozone-interface-client-1.3.0-SNAPSHOT.jar:?]
	at org.apache.hadoop.ipc.ProtobufRpcEngine$Server.processCall(ProtobufRpcEngine.java:466) [hadoop-common-3.3.1.jar:?]
	at org.apache.hadoop.ipc.ProtobufRpcEngine2$Server$ProtoBufRpcInvoker.call(ProtobufRpcEngine2.java:574) [hadoop-common-3.3.1.jar:?]
	at org.apache.hadoop.ipc.ProtobufRpcEngine2$Server$ProtoBufRpcInvoker.call(ProtobufRpcEngine2.java:552) [hadoop-common-3.3.1.jar:?]
	at org.apache.hadoop.ipc.RPC$Server.call(RPC.java:1093) [hadoop-common-3.3.1.jar:?]
	at org.apache.hadoop.ipc.Server$RpcCall.run(Server.java:1035) [hadoop-common-3.3.1.jar:?]
	at org.apache.hadoop.ipc.Server$RpcCall.run(Server.java:963) [hadoop-common-3.3.1.jar:?]
	at java.security.AccessController.doPrivileged(Native Method) ~[?:1.8.0_345]
	at javax.security.auth.Subject.doAs(Subject.java:422) [?:1.8.0_345]
	at org.apache.hadoop.security.UserGroupInformation.doAs(UserGroupInformation.java:1878) [hadoop-common-3.3.1.jar:?]
	at org.apache.hadoop.ipc.Server$Handler.run(Server.java:2966) [hadoop-common-3.3.1.jar:?]
2022-09-28 09:54:22,757 [Time-limited test] WARN  ozone.BasicOzoneFileSystem (BasicOzoneFileSystem.java:getFileStatus(765)) - GetFileStatus failed for path /testBatchDelete/parent
java.io.FileNotFoundException: testBatchDelete/parent: No such file or directory!
	at org.apache.hadoop.fs.ozone.BasicOzoneClientAdapterImpl.getFileStatus(BasicOzoneClientAdapterImpl.java:369)
	at org.apache.hadoop.fs.ozone.BasicOzoneFileSystem.getFileStatus(BasicOzoneFileSystem.java:757)
	at org.apache.hadoop.fs.ozone.BasicOzoneFileSystem.delete(BasicOzoneFileSystem.java:530)
	at org.apache.hadoop.fs.ozone.TestOzoneFileSystem.testFileDelete(TestOzoneFileSystem.java:545)
	at sun.reflect.NativeMethodAccessorImpl.invoke0(Native Method)
	at sun.reflect.NativeMethodAccessorImpl.invoke(NativeMethodAccessorImpl.java:62)
	at sun.reflect.DelegatingMethodAccessorImpl.invoke(DelegatingMethodAccessorImpl.java:43)
	at java.lang.reflect.Method.invoke(Method.java:498)
	at org.junit.runners.model.FrameworkMethod$1.runReflectiveCall(FrameworkMethod.java:59)
	at org.junit.internal.runners.model.ReflectiveCallable.run(ReflectiveCallable.java:12)
	at org.junit.runners.model.FrameworkMethod.invokeExplosively(FrameworkMethod.java:56)
	at org.junit.internal.runners.statements.InvokeMethod.evaluate(InvokeMethod.java:17)
	at org.junit.internal.runners.statements.RunAfters.evaluate(RunAfters.java:27)
	at org.junit.internal.runners.statements.FailOnTimeout$CallableStatement.call(FailOnTimeout.java:288)
	at org.junit.internal.runners.statements.FailOnTimeout$CallableStatement.call(FailOnTimeout.java:282)
	at java.util.concurrent.FutureTask.run(FutureTask.java:266)
	at java.lang.Thread.run(Thread.java:750)
2022-09-28 09:54:22,757 [Time-limited test] WARN  ozone.BasicOzoneFileSystem (BasicOzoneFileSystem.java:delete(532)) - delete: Path does not exist: /testBatchDelete/parent
]]></system-out>
  </testcase>
  <testcase name="testFileDelete" classname="TestOzoneFileSystem" time="0.078">
    <system-out><![CDATA[09:55:47.276 [IPC Server handler 1 on default port 43879] ERROR OMAudit - user=runner | ip=127.0.0.1 | op=GET_FILE_STATUS {volume=volume99279, bucket=bucket29095, key=testBatchDelete, dataSize=0, replicationConfig=null} | ret=FAILURE
org.apache.hadoop.ozone.om.exceptions.OMException: Unable to get file status: volume: volume99279 bucket: bucket29095 key: testBatchDelete
	at org.apache.hadoop.ozone.om.KeyManagerImpl.getOzoneFileStatus(KeyManagerImpl.java:1324) ~[ozone-manager-1.3.0-SNAPSHOT.jar:?]
	at org.apache.hadoop.ozone.om.KeyManagerImpl.getFileStatus(KeyManagerImpl.java:1254) ~[ozone-manager-1.3.0-SNAPSHOT.jar:?]
	at org.apache.hadoop.ozone.om.OzoneManager.getFileStatus(OzoneManager.java:3506) ~[ozone-manager-1.3.0-SNAPSHOT.jar:?]
	at org.apache.hadoop.ozone.protocolPB.OzoneManagerRequestHandler.getOzoneFileStatus(OzoneManagerRequestHandler.java:882) ~[ozone-manager-1.3.0-SNAPSHOT.jar:?]
	at org.apache.hadoop.ozone.protocolPB.OzoneManagerRequestHandler.handleReadRequest(OzoneManagerRequestHandler.java:228) ~[ozone-manager-1.3.0-SNAPSHOT.jar:?]
	at org.apache.hadoop.ozone.protocolPB.OzoneManagerProtocolServerSideTranslatorPB.submitRequestDirectlyToOM(OzoneManagerProtocolServerSideTranslatorPB.java:276) ~[ozone-manager-1.3.0-SNAPSHOT.jar:?]
	at org.apache.hadoop.ozone.protocolPB.OzoneManagerProtocolServerSideTranslatorPB.processRequest(OzoneManagerProtocolServerSideTranslatorPB.java:205) ~[ozone-manager-1.3.0-SNAPSHOT.jar:?]
	at org.apache.hadoop.hdds.server.OzoneProtocolMessageDispatcher.processRequest(OzoneProtocolMessageDispatcher.java:87) [hdds-server-framework-1.3.0-SNAPSHOT.jar:?]
	at org.apache.hadoop.ozone.protocolPB.OzoneManagerProtocolServerSideTranslatorPB.submitRequest(OzoneManagerProtocolServerSideTranslatorPB.java:147) [ozone-manager-1.3.0-SNAPSHOT.jar:?]
	at org.apache.hadoop.ozone.protocol.proto.OzoneManagerProtocolProtos$OzoneManagerService$2.callBlockingMethod(OzoneManagerProtocolProtos.java) [ozone-interface-client-1.3.0-SNAPSHOT.jar:?]
	at org.apache.hadoop.ipc.ProtobufRpcEngine$Server.processCall(ProtobufRpcEngine.java:466) [hadoop-common-3.3.1.jar:?]
	at org.apache.hadoop.ipc.ProtobufRpcEngine2$Server$ProtoBufRpcInvoker.call(ProtobufRpcEngine2.java:574) [hadoop-common-3.3.1.jar:?]
	at org.apache.hadoop.ipc.ProtobufRpcEngine2$Server$ProtoBufRpcInvoker.call(ProtobufRpcEngine2.java:552) [hadoop-common-3.3.1.jar:?]
	at org.apache.hadoop.ipc.RPC$Server.call(RPC.java:1093) [hadoop-common-3.3.1.jar:?]
	at org.apache.hadoop.ipc.Server$RpcCall.run(Server.java:1035) [hadoop-common-3.3.1.jar:?]
	at org.apache.hadoop.ipc.Server$RpcCall.run(Server.java:963) [hadoop-common-3.3.1.jar:?]
	at java.security.AccessController.doPrivileged(Native Method) ~[?:1.8.0_345]
	at javax.security.auth.Subject.doAs(Subject.java:422) [?:1.8.0_345]
	at org.apache.hadoop.security.UserGroupInformation.doAs(UserGroupInformation.java:1878) [hadoop-common-3.3.1.jar:?]
	at org.apache.hadoop.ipc.Server$Handler.run(Server.java:2966) [hadoop-common-3.3.1.jar:?]
2022-09-28 09:55:47,277 [Time-limited test] WARN  ozone.BasicOzoneFileSystem (BasicOzoneFileSystem.java:getFileStatus(765)) - GetFileStatus failed for path /testBatchDelete
java.io.FileNotFoundException: testBatchDelete: No such file or directory!
	at org.apache.hadoop.fs.ozone.BasicOzoneClientAdapterImpl.getFileStatus(BasicOzoneClientAdapterImpl.java:369)
	at org.apache.hadoop.fs.ozone.BasicOzoneFileSystem.getFileStatus(BasicOzoneFileSystem.java:757)
	at org.apache.hadoop.fs.FileSystem.exists(FileSystem.java:1760)
	at org.apache.hadoop.fs.ozone.BasicOzoneFileSystem.exists(BasicOzoneFileSystem.java:804)
	at org.apache.hadoop.fs.ozone.TestOzoneFileSystem.testFileDelete(TestOzoneFileSystem.java:532)
	at sun.reflect.NativeMethodAccessorImpl.invoke0(Native Method)
	at sun.reflect.NativeMethodAccessorImpl.invoke(NativeMethodAccessorImpl.java:62)
	at sun.reflect.DelegatingMethodAccessorImpl.invoke(DelegatingMethodAccessorImpl.java:43)
	at java.lang.reflect.Method.invoke(Method.java:498)
	at org.junit.runners.model.FrameworkMethod$1.runReflectiveCall(FrameworkMethod.java:59)
	at org.junit.internal.runners.model.ReflectiveCallable.run(ReflectiveCallable.java:12)
	at org.junit.runners.model.FrameworkMethod.invokeExplosively(FrameworkMethod.java:56)
	at org.junit.internal.runners.statements.InvokeMethod.evaluate(InvokeMethod.java:17)
	at org.junit.internal.runners.statements.RunAfters.evaluate(RunAfters.java:27)
	at org.junit.internal.runners.statements.FailOnTimeout$CallableStatement.call(FailOnTimeout.java:288)
	at org.junit.internal.runners.statements.FailOnTimeout$CallableStatement.call(FailOnTimeout.java:282)
	at java.util.concurrent.FutureTask.run(FutureTask.java:266)
	at java.lang.Thread.run(Thread.java:750)
09:55:47.277 [IPC Server handler 13 on default port 43879] ERROR OMAudit - user=runner | ip=127.0.0.1 | op=GET_FILE_STATUS {volume=volume99279, bucket=bucket29095, key=testBatchDelete/parent/child0, dataSize=0, replicationConfig=null} | ret=FAILURE
org.apache.hadoop.ozone.om.exceptions.OMException: Unable to get file status: volume: volume99279 bucket: bucket29095 key: testBatchDelete/parent/child0
	at org.apache.hadoop.ozone.om.KeyManagerImpl.getOzoneFileStatus(KeyManagerImpl.java:1324) ~[ozone-manager-1.3.0-SNAPSHOT.jar:?]
	at org.apache.hadoop.ozone.om.KeyManagerImpl.getFileStatus(KeyManagerImpl.java:1254) ~[ozone-manager-1.3.0-SNAPSHOT.jar:?]
	at org.apache.hadoop.ozone.om.OzoneManager.getFileStatus(OzoneManager.java:3506) ~[ozone-manager-1.3.0-SNAPSHOT.jar:?]
	at org.apache.hadoop.ozone.protocolPB.OzoneManagerRequestHandler.getOzoneFileStatus(OzoneManagerRequestHandler.java:882) ~[ozone-manager-1.3.0-SNAPSHOT.jar:?]
	at org.apache.hadoop.ozone.protocolPB.OzoneManagerRequestHandler.handleReadRequest(OzoneManagerRequestHandler.java:228) ~[ozone-manager-1.3.0-SNAPSHOT.jar:?]
	at org.apache.hadoop.ozone.protocolPB.OzoneManagerProtocolServerSideTranslatorPB.submitRequestDirectlyToOM(OzoneManagerProtocolServerSideTranslatorPB.java:276) ~[ozone-manager-1.3.0-SNAPSHOT.jar:?]
	at org.apache.hadoop.ozone.protocolPB.OzoneManagerProtocolServerSideTranslatorPB.processRequest(OzoneManagerProtocolServerSideTranslatorPB.java:205) ~[ozone-manager-1.3.0-SNAPSHOT.jar:?]
	at org.apache.hadoop.hdds.server.OzoneProtocolMessageDispatcher.processRequest(OzoneProtocolMessageDispatcher.java:87) [hdds-server-framework-1.3.0-SNAPSHOT.jar:?]
	at org.apache.hadoop.ozone.protocolPB.OzoneManagerProtocolServerSideTranslatorPB.submitRequest(OzoneManagerProtocolServerSideTranslatorPB.java:147) [ozone-manager-1.3.0-SNAPSHOT.jar:?]
	at org.apache.hadoop.ozone.protocol.proto.OzoneManagerProtocolProtos$OzoneManagerService$2.callBlockingMethod(OzoneManagerProtocolProtos.java) [ozone-interface-client-1.3.0-SNAPSHOT.jar:?]
	at org.apache.hadoop.ipc.ProtobufRpcEngine$Server.processCall(ProtobufRpcEngine.java:466) [hadoop-common-3.3.1.jar:?]
	at org.apache.hadoop.ipc.ProtobufRpcEngine2$Server$ProtoBufRpcInvoker.call(ProtobufRpcEngine2.java:574) [hadoop-common-3.3.1.jar:?]
	at org.apache.hadoop.ipc.ProtobufRpcEngine2$Server$ProtoBufRpcInvoker.call(ProtobufRpcEngine2.java:552) [hadoop-common-3.3.1.jar:?]
	at org.apache.hadoop.ipc.RPC$Server.call(RPC.java:1093) [hadoop-common-3.3.1.jar:?]
	at org.apache.hadoop.ipc.Server$RpcCall.run(Server.java:1035) [hadoop-common-3.3.1.jar:?]
	at org.apache.hadoop.ipc.Server$RpcCall.run(Server.java:963) [hadoop-common-3.3.1.jar:?]
	at java.security.AccessController.doPrivileged(Native Method) ~[?:1.8.0_345]
	at javax.security.auth.Subject.doAs(Subject.java:422) [?:1.8.0_345]
	at org.apache.hadoop.security.UserGroupInformation.doAs(UserGroupInformation.java:1878) [hadoop-common-3.3.1.jar:?]
	at org.apache.hadoop.ipc.Server$Handler.run(Server.java:2966) [hadoop-common-3.3.1.jar:?]
2022-09-28 09:55:47,278 [Time-limited test] WARN  ozone.BasicOzoneFileSystem (BasicOzoneFileSystem.java:getFileStatus(765)) - GetFileStatus failed for path /testBatchDelete/parent/child0
java.io.FileNotFoundException: testBatchDelete/parent/child0: No such file or directory!
	at org.apache.hadoop.fs.ozone.BasicOzoneClientAdapterImpl.getFileStatus(BasicOzoneClientAdapterImpl.java:369)
	at org.apache.hadoop.fs.ozone.BasicOzoneFileSystem.getFileStatus(BasicOzoneFileSystem.java:757)
	at org.apache.hadoop.fs.FileSystem.exists(FileSystem.java:1760)
	at org.apache.hadoop.fs.ozone.BasicOzoneFileSystem.exists(BasicOzoneFileSystem.java:804)
	at org.apache.hadoop.fs.ozone.TestOzoneFileSystem.testFileDelete(TestOzoneFileSystem.java:536)
	at sun.reflect.NativeMethodAccessorImpl.invoke0(Native Method)
	at sun.reflect.NativeMethodAccessorImpl.invoke(NativeMethodAccessorImpl.java:62)
	at sun.reflect.DelegatingMethodAccessorImpl.invoke(DelegatingMethodAccessorImpl.java:43)
	at java.lang.reflect.Method.invoke(Method.java:498)
	at org.junit.runners.model.FrameworkMethod$1.runReflectiveCall(FrameworkMethod.java:59)
	at org.junit.internal.runners.model.ReflectiveCallable.run(ReflectiveCallable.java:12)
	at org.junit.runners.model.FrameworkMethod.invokeExplosively(FrameworkMethod.java:56)
	at org.junit.internal.runners.statements.InvokeMethod.evaluate(InvokeMethod.java:17)
	at org.junit.internal.runners.statements.RunAfters.evaluate(RunAfters.java:27)
	at org.junit.internal.runners.statements.FailOnTimeout$CallableStatement.call(FailOnTimeout.java:288)
	at org.junit.internal.runners.statements.FailOnTimeout$CallableStatement.call(FailOnTimeout.java:282)
	at java.util.concurrent.FutureTask.run(FutureTask.java:266)
	at java.lang.Thread.run(Thread.java:750)
09:55:47.278 [IPC Server handler 14 on default port 43879] ERROR OMAudit - user=runner | ip=127.0.0.1 | op=GET_FILE_STATUS {volume=volume99279, bucket=bucket29095, key=testBatchDelete/parent/childFolder/child0, dataSize=0, replicationConfig=null} | ret=FAILURE
org.apache.hadoop.ozone.om.exceptions.OMException: Unable to get file status: volume: volume99279 bucket: bucket29095 key: testBatchDelete/parent/childFolder/child0
	at org.apache.hadoop.ozone.om.KeyManagerImpl.getOzoneFileStatus(KeyManagerImpl.java:1324) ~[ozone-manager-1.3.0-SNAPSHOT.jar:?]
	at org.apache.hadoop.ozone.om.KeyManagerImpl.getFileStatus(KeyManagerImpl.java:1254) ~[ozone-manager-1.3.0-SNAPSHOT.jar:?]
	at org.apache.hadoop.ozone.om.OzoneManager.getFileStatus(OzoneManager.java:3506) ~[ozone-manager-1.3.0-SNAPSHOT.jar:?]
	at org.apache.hadoop.ozone.protocolPB.OzoneManagerRequestHandler.getOzoneFileStatus(OzoneManagerRequestHandler.java:882) ~[ozone-manager-1.3.0-SNAPSHOT.jar:?]
	at org.apache.hadoop.ozone.protocolPB.OzoneManagerRequestHandler.handleReadRequest(OzoneManagerRequestHandler.java:228) ~[ozone-manager-1.3.0-SNAPSHOT.jar:?]
	at org.apache.hadoop.ozone.protocolPB.OzoneManagerProtocolServerSideTranslatorPB.submitRequestDirectlyToOM(OzoneManagerProtocolServerSideTranslatorPB.java:276) ~[ozone-manager-1.3.0-SNAPSHOT.jar:?]
	at org.apache.hadoop.ozone.protocolPB.OzoneManagerProtocolServerSideTranslatorPB.processRequest(OzoneManagerProtocolServerSideTranslatorPB.java:205) ~[ozone-manager-1.3.0-SNAPSHOT.jar:?]
	at org.apache.hadoop.hdds.server.OzoneProtocolMessageDispatcher.processRequest(OzoneProtocolMessageDispatcher.java:87) [hdds-server-framework-1.3.0-SNAPSHOT.jar:?]
	at org.apache.hadoop.ozone.protocolPB.OzoneManagerProtocolServerSideTranslatorPB.submitRequest(OzoneManagerProtocolServerSideTranslatorPB.java:147) [ozone-manager-1.3.0-SNAPSHOT.jar:?]
	at org.apache.hadoop.ozone.protocol.proto.OzoneManagerProtocolProtos$OzoneManagerService$2.callBlockingMethod(OzoneManagerProtocolProtos.java) [ozone-interface-client-1.3.0-SNAPSHOT.jar:?]
	at org.apache.hadoop.ipc.ProtobufRpcEngine$Server.processCall(ProtobufRpcEngine.java:466) [hadoop-common-3.3.1.jar:?]
	at org.apache.hadoop.ipc.ProtobufRpcEngine2$Server$ProtoBufRpcInvoker.call(ProtobufRpcEngine2.java:574) [hadoop-common-3.3.1.jar:?]
	at org.apache.hadoop.ipc.ProtobufRpcEngine2$Server$ProtoBufRpcInvoker.call(ProtobufRpcEngine2.java:552) [hadoop-common-3.3.1.jar:?]
	at org.apache.hadoop.ipc.RPC$Server.call(RPC.java:1093) [hadoop-common-3.3.1.jar:?]
	at org.apache.hadoop.ipc.Server$RpcCall.run(Server.java:1035) [hadoop-common-3.3.1.jar:?]
	at org.apache.hadoop.ipc.Server$RpcCall.run(Server.java:963) [hadoop-common-3.3.1.jar:?]
	at java.security.AccessController.doPrivileged(Native Method) ~[?:1.8.0_345]
	at javax.security.auth.Subject.doAs(Subject.java:422) [?:1.8.0_345]
	at org.apache.hadoop.security.UserGroupInformation.doAs(UserGroupInformation.java:1878) [hadoop-common-3.3.1.jar:?]
	at org.apache.hadoop.ipc.Server$Handler.run(Server.java:2966) [hadoop-common-3.3.1.jar:?]
2022-09-28 09:55:47,279 [Time-limited test] WARN  ozone.BasicOzoneFileSystem (BasicOzoneFileSystem.java:getFileStatus(765)) - GetFileStatus failed for path /testBatchDelete/parent/childFolder/child0
java.io.FileNotFoundException: testBatchDelete/parent/childFolder/child0: No such file or directory!
	at org.apache.hadoop.fs.ozone.BasicOzoneClientAdapterImpl.getFileStatus(BasicOzoneClientAdapterImpl.java:369)
	at org.apache.hadoop.fs.ozone.BasicOzoneFileSystem.getFileStatus(BasicOzoneFileSystem.java:757)
	at org.apache.hadoop.fs.FileSystem.exists(FileSystem.java:1760)
	at org.apache.hadoop.fs.ozone.BasicOzoneFileSystem.exists(BasicOzoneFileSystem.java:804)
	at org.apache.hadoop.fs.ozone.TestOzoneFileSystem.testFileDelete(TestOzoneFileSystem.java:541)
	at sun.reflect.NativeMethodAccessorImpl.invoke0(Native Method)
	at sun.reflect.NativeMethodAccessorImpl.invoke(NativeMethodAccessorImpl.java:62)
	at sun.reflect.DelegatingMethodAccessorImpl.invoke(DelegatingMethodAccessorImpl.java:43)
	at java.lang.reflect.Method.invoke(Method.java:498)
	at org.junit.runners.model.FrameworkMethod$1.runReflectiveCall(FrameworkMethod.java:59)
	at org.junit.internal.runners.model.ReflectiveCallable.run(ReflectiveCallable.java:12)
	at org.junit.runners.model.FrameworkMethod.invokeExplosively(FrameworkMethod.java:56)
	at org.junit.internal.runners.statements.InvokeMethod.evaluate(InvokeMethod.java:17)
	at org.junit.internal.runners.statements.RunAfters.evaluate(RunAfters.java:27)
	at org.junit.internal.runners.statements.FailOnTimeout$CallableStatement.call(FailOnTimeout.java:288)
	at org.junit.internal.runners.statements.FailOnTimeout$CallableStatement.call(FailOnTimeout.java:282)
	at java.util.concurrent.FutureTask.run(FutureTask.java:266)
	at java.lang.Thread.run(Thread.java:750)
09:55:47.279 [IPC Server handler 15 on default port 43879] ERROR OMAudit - user=runner | ip=127.0.0.1 | op=GET_FILE_STATUS {volume=volume99279, bucket=bucket29095, key=testBatchDelete/parent/child1, dataSize=0, replicationConfig=null} | ret=FAILURE
org.apache.hadoop.ozone.om.exceptions.OMException: Unable to get file status: volume: volume99279 bucket: bucket29095 key: testBatchDelete/parent/child1
	at org.apache.hadoop.ozone.om.KeyManagerImpl.getOzoneFileStatus(KeyManagerImpl.java:1324) ~[ozone-manager-1.3.0-SNAPSHOT.jar:?]
	at org.apache.hadoop.ozone.om.KeyManagerImpl.getFileStatus(KeyManagerImpl.java:1254) ~[ozone-manager-1.3.0-SNAPSHOT.jar:?]
	at org.apache.hadoop.ozone.om.OzoneManager.getFileStatus(OzoneManager.java:3506) ~[ozone-manager-1.3.0-SNAPSHOT.jar:?]
	at org.apache.hadoop.ozone.protocolPB.OzoneManagerRequestHandler.getOzoneFileStatus(OzoneManagerRequestHandler.java:882) ~[ozone-manager-1.3.0-SNAPSHOT.jar:?]
	at org.apache.hadoop.ozone.protocolPB.OzoneManagerRequestHandler.handleReadRequest(OzoneManagerRequestHandler.java:228) ~[ozone-manager-1.3.0-SNAPSHOT.jar:?]
	at org.apache.hadoop.ozone.protocolPB.OzoneManagerProtocolServerSideTranslatorPB.submitRequestDirectlyToOM(OzoneManagerProtocolServerSideTranslatorPB.java:276) ~[ozone-manager-1.3.0-SNAPSHOT.jar:?]
	at org.apache.hadoop.ozone.protocolPB.OzoneManagerProtocolServerSideTranslatorPB.processRequest(OzoneManagerProtocolServerSideTranslatorPB.java:205) ~[ozone-manager-1.3.0-SNAPSHOT.jar:?]
	at org.apache.hadoop.hdds.server.OzoneProtocolMessageDispatcher.processRequest(OzoneProtocolMessageDispatcher.java:87) [hdds-server-framework-1.3.0-SNAPSHOT.jar:?]
	at org.apache.hadoop.ozone.protocolPB.OzoneManagerProtocolServerSideTranslatorPB.submitRequest(OzoneManagerProtocolServerSideTranslatorPB.java:147) [ozone-manager-1.3.0-SNAPSHOT.jar:?]
	at org.apache.hadoop.ozone.protocol.proto.OzoneManagerProtocolProtos$OzoneManagerService$2.callBlockingMethod(OzoneManagerProtocolProtos.java) [ozone-interface-client-1.3.0-SNAPSHOT.jar:?]
	at org.apache.hadoop.ipc.ProtobufRpcEngine$Server.processCall(ProtobufRpcEngine.java:466) [hadoop-common-3.3.1.jar:?]
	at org.apache.hadoop.ipc.ProtobufRpcEngine2$Server$ProtoBufRpcInvoker.call(ProtobufRpcEngine2.java:574) [hadoop-common-3.3.1.jar:?]
	at org.apache.hadoop.ipc.ProtobufRpcEngine2$Server$ProtoBufRpcInvoker.call(ProtobufRpcEngine2.java:552) [hadoop-common-3.3.1.jar:?]
	at org.apache.hadoop.ipc.RPC$Server.call(RPC.java:1093) [hadoop-common-3.3.1.jar:?]
	at org.apache.hadoop.ipc.Server$RpcCall.run(Server.java:1035) [hadoop-common-3.3.1.jar:?]
	at org.apache.hadoop.ipc.Server$RpcCall.run(Server.java:963) [hadoop-common-3.3.1.jar:?]
	at java.security.AccessController.doPrivileged(Native Method) ~[?:1.8.0_345]
	at javax.security.auth.Subject.doAs(Subject.java:422) [?:1.8.0_345]
	at org.apache.hadoop.security.UserGroupInformation.doAs(UserGroupInformation.java:1878) [hadoop-common-3.3.1.jar:?]
	at org.apache.hadoop.ipc.Server$Handler.run(Server.java:2966) [hadoop-common-3.3.1.jar:?]
2022-09-28 09:55:47,279 [Time-limited test] WARN  ozone.BasicOzoneFileSystem (BasicOzoneFileSystem.java:getFileStatus(765)) - GetFileStatus failed for path /testBatchDelete/parent/child1
java.io.FileNotFoundException: testBatchDelete/parent/child1: No such file or directory!
	at org.apache.hadoop.fs.ozone.BasicOzoneClientAdapterImpl.getFileStatus(BasicOzoneClientAdapterImpl.java:369)
	at org.apache.hadoop.fs.ozone.BasicOzoneFileSystem.getFileStatus(BasicOzoneFileSystem.java:757)
	at org.apache.hadoop.fs.FileSystem.exists(FileSystem.java:1760)
	at org.apache.hadoop.fs.ozone.BasicOzoneFileSystem.exists(BasicOzoneFileSystem.java:804)
	at org.apache.hadoop.fs.ozone.TestOzoneFileSystem.testFileDelete(TestOzoneFileSystem.java:536)
	at sun.reflect.NativeMethodAccessorImpl.invoke0(Native Method)
	at sun.reflect.NativeMethodAccessorImpl.invoke(NativeMethodAccessorImpl.java:62)
	at sun.reflect.DelegatingMethodAccessorImpl.invoke(DelegatingMethodAccessorImpl.java:43)
	at java.lang.reflect.Method.invoke(Method.java:498)
	at org.junit.runners.model.FrameworkMethod$1.runReflectiveCall(FrameworkMethod.java:59)
	at org.junit.internal.runners.model.ReflectiveCallable.run(ReflectiveCallable.java:12)
	at org.junit.runners.model.FrameworkMethod.invokeExplosively(FrameworkMethod.java:56)
	at org.junit.internal.runners.statements.InvokeMethod.evaluate(InvokeMethod.java:17)
	at org.junit.internal.runners.statements.RunAfters.evaluate(RunAfters.java:27)
	at org.junit.internal.runners.statements.FailOnTimeout$CallableStatement.call(FailOnTimeout.java:288)
	at org.junit.internal.runners.statements.FailOnTimeout$CallableStatement.call(FailOnTimeout.java:282)
	at java.util.concurrent.FutureTask.run(FutureTask.java:266)
	at java.lang.Thread.run(Thread.java:750)
09:55:47.280 [IPC Server handler 7 on default port 43879] ERROR OMAudit - user=runner | ip=127.0.0.1 | op=GET_FILE_STATUS {volume=volume99279, bucket=bucket29095, key=testBatchDelete/parent/childFolder/child1, dataSize=0, replicationConfig=null} | ret=FAILURE
org.apache.hadoop.ozone.om.exceptions.OMException: Unable to get file status: volume: volume99279 bucket: bucket29095 key: testBatchDelete/parent/childFolder/child1
	at org.apache.hadoop.ozone.om.KeyManagerImpl.getOzoneFileStatus(KeyManagerImpl.java:1324) ~[ozone-manager-1.3.0-SNAPSHOT.jar:?]
	at org.apache.hadoop.ozone.om.KeyManagerImpl.getFileStatus(KeyManagerImpl.java:1254) ~[ozone-manager-1.3.0-SNAPSHOT.jar:?]
	at org.apache.hadoop.ozone.om.OzoneManager.getFileStatus(OzoneManager.java:3506) ~[ozone-manager-1.3.0-SNAPSHOT.jar:?]
	at org.apache.hadoop.ozone.protocolPB.OzoneManagerRequestHandler.getOzoneFileStatus(OzoneManagerRequestHandler.java:882) ~[ozone-manager-1.3.0-SNAPSHOT.jar:?]
	at org.apache.hadoop.ozone.protocolPB.OzoneManagerRequestHandler.handleReadRequest(OzoneManagerRequestHandler.java:228) ~[ozone-manager-1.3.0-SNAPSHOT.jar:?]
	at org.apache.hadoop.ozone.protocolPB.OzoneManagerProtocolServerSideTranslatorPB.submitRequestDirectlyToOM(OzoneManagerProtocolServerSideTranslatorPB.java:276) ~[ozone-manager-1.3.0-SNAPSHOT.jar:?]
	at org.apache.hadoop.ozone.protocolPB.OzoneManagerProtocolServerSideTranslatorPB.processRequest(OzoneManagerProtocolServerSideTranslatorPB.java:205) ~[ozone-manager-1.3.0-SNAPSHOT.jar:?]
	at org.apache.hadoop.hdds.server.OzoneProtocolMessageDispatcher.processRequest(OzoneProtocolMessageDispatcher.java:87) [hdds-server-framework-1.3.0-SNAPSHOT.jar:?]
	at org.apache.hadoop.ozone.protocolPB.OzoneManagerProtocolServerSideTranslatorPB.submitRequest(OzoneManagerProtocolServerSideTranslatorPB.java:147) [ozone-manager-1.3.0-SNAPSHOT.jar:?]
	at org.apache.hadoop.ozone.protocol.proto.OzoneManagerProtocolProtos$OzoneManagerService$2.callBlockingMethod(OzoneManagerProtocolProtos.java) [ozone-interface-client-1.3.0-SNAPSHOT.jar:?]
	at org.apache.hadoop.ipc.ProtobufRpcEngine$Server.processCall(ProtobufRpcEngine.java:466) [hadoop-common-3.3.1.jar:?]
	at org.apache.hadoop.ipc.ProtobufRpcEngine2$Server$ProtoBufRpcInvoker.call(ProtobufRpcEngine2.java:574) [hadoop-common-3.3.1.jar:?]
	at org.apache.hadoop.ipc.ProtobufRpcEngine2$Server$ProtoBufRpcInvoker.call(ProtobufRpcEngine2.java:552) [hadoop-common-3.3.1.jar:?]
	at org.apache.hadoop.ipc.RPC$Server.call(RPC.java:1093) [hadoop-common-3.3.1.jar:?]
	at org.apache.hadoop.ipc.Server$RpcCall.run(Server.java:1035) [hadoop-common-3.3.1.jar:?]
	at org.apache.hadoop.ipc.Server$RpcCall.run(Server.java:963) [hadoop-common-3.3.1.jar:?]
	at java.security.AccessController.doPrivileged(Native Method) ~[?:1.8.0_345]
	at javax.security.auth.Subject.doAs(Subject.java:422) [?:1.8.0_345]
	at org.apache.hadoop.security.UserGroupInformation.doAs(UserGroupInformation.java:1878) [hadoop-common-3.3.1.jar:?]
	at org.apache.hadoop.ipc.Server$Handler.run(Server.java:2966) [hadoop-common-3.3.1.jar:?]
2022-09-28 09:55:47,280 [Time-limited test] WARN  ozone.BasicOzoneFileSystem (BasicOzoneFileSystem.java:getFileStatus(765)) - GetFileStatus failed for path /testBatchDelete/parent/childFolder/child1
java.io.FileNotFoundException: testBatchDelete/parent/childFolder/child1: No such file or directory!
	at org.apache.hadoop.fs.ozone.BasicOzoneClientAdapterImpl.getFileStatus(BasicOzoneClientAdapterImpl.java:369)
	at org.apache.hadoop.fs.ozone.BasicOzoneFileSystem.getFileStatus(BasicOzoneFileSystem.java:757)
	at org.apache.hadoop.fs.FileSystem.exists(FileSystem.java:1760)
	at org.apache.hadoop.fs.ozone.BasicOzoneFileSystem.exists(BasicOzoneFileSystem.java:804)
	at org.apache.hadoop.fs.ozone.TestOzoneFileSystem.testFileDelete(TestOzoneFileSystem.java:541)
	at sun.reflect.NativeMethodAccessorImpl.invoke0(Native Method)
	at sun.reflect.NativeMethodAccessorImpl.invoke(NativeMethodAccessorImpl.java:62)
	at sun.reflect.DelegatingMethodAccessorImpl.invoke(DelegatingMethodAccessorImpl.java:43)
	at java.lang.reflect.Method.invoke(Method.java:498)
	at org.junit.runners.model.FrameworkMethod$1.runReflectiveCall(FrameworkMethod.java:59)
	at org.junit.internal.runners.model.ReflectiveCallable.run(ReflectiveCallable.java:12)
	at org.junit.runners.model.FrameworkMethod.invokeExplosively(FrameworkMethod.java:56)
	at org.junit.internal.runners.statements.InvokeMethod.evaluate(InvokeMethod.java:17)
	at org.junit.internal.runners.statements.RunAfters.evaluate(RunAfters.java:27)
	at org.junit.internal.runners.statements.FailOnTimeout$CallableStatement.call(FailOnTimeout.java:288)
	at org.junit.internal.runners.statements.FailOnTimeout$CallableStatement.call(FailOnTimeout.java:282)
	at java.util.concurrent.FutureTask.run(FutureTask.java:266)
	at java.lang.Thread.run(Thread.java:750)
09:55:47.280 [IPC Server handler 9 on default port 43879] ERROR OMAudit - user=runner | ip=127.0.0.1 | op=GET_FILE_STATUS {volume=volume99279, bucket=bucket29095, key=testBatchDelete/parent/child2, dataSize=0, replicationConfig=null} | ret=FAILURE
org.apache.hadoop.ozone.om.exceptions.OMException: Unable to get file status: volume: volume99279 bucket: bucket29095 key: testBatchDelete/parent/child2
	at org.apache.hadoop.ozone.om.KeyManagerImpl.getOzoneFileStatus(KeyManagerImpl.java:1324) ~[ozone-manager-1.3.0-SNAPSHOT.jar:?]
	at org.apache.hadoop.ozone.om.KeyManagerImpl.getFileStatus(KeyManagerImpl.java:1254) ~[ozone-manager-1.3.0-SNAPSHOT.jar:?]
	at org.apache.hadoop.ozone.om.OzoneManager.getFileStatus(OzoneManager.java:3506) ~[ozone-manager-1.3.0-SNAPSHOT.jar:?]
	at org.apache.hadoop.ozone.protocolPB.OzoneManagerRequestHandler.getOzoneFileStatus(OzoneManagerRequestHandler.java:882) ~[ozone-manager-1.3.0-SNAPSHOT.jar:?]
	at org.apache.hadoop.ozone.protocolPB.OzoneManagerRequestHandler.handleReadRequest(OzoneManagerRequestHandler.java:228) ~[ozone-manager-1.3.0-SNAPSHOT.jar:?]
	at org.apache.hadoop.ozone.protocolPB.OzoneManagerProtocolServerSideTranslatorPB.submitRequestDirectlyToOM(OzoneManagerProtocolServerSideTranslatorPB.java:276) ~[ozone-manager-1.3.0-SNAPSHOT.jar:?]
	at org.apache.hadoop.ozone.protocolPB.OzoneManagerProtocolServerSideTranslatorPB.processRequest(OzoneManagerProtocolServerSideTranslatorPB.java:205) ~[ozone-manager-1.3.0-SNAPSHOT.jar:?]
	at org.apache.hadoop.hdds.server.OzoneProtocolMessageDispatcher.processRequest(OzoneProtocolMessageDispatcher.java:87) [hdds-server-framework-1.3.0-SNAPSHOT.jar:?]
	at org.apache.hadoop.ozone.protocolPB.OzoneManagerProtocolServerSideTranslatorPB.submitRequest(OzoneManagerProtocolServerSideTranslatorPB.java:147) [ozone-manager-1.3.0-SNAPSHOT.jar:?]
	at org.apache.hadoop.ozone.protocol.proto.OzoneManagerProtocolProtos$OzoneManagerService$2.callBlockingMethod(OzoneManagerProtocolProtos.java) [ozone-interface-client-1.3.0-SNAPSHOT.jar:?]
	at org.apache.hadoop.ipc.ProtobufRpcEngine$Server.processCall(ProtobufRpcEngine.java:466) [hadoop-common-3.3.1.jar:?]
	at org.apache.hadoop.ipc.ProtobufRpcEngine2$Server$ProtoBufRpcInvoker.call(ProtobufRpcEngine2.java:574) [hadoop-common-3.3.1.jar:?]
	at org.apache.hadoop.ipc.ProtobufRpcEngine2$Server$ProtoBufRpcInvoker.call(ProtobufRpcEngine2.java:552) [hadoop-common-3.3.1.jar:?]
	at org.apache.hadoop.ipc.RPC$Server.call(RPC.java:1093) [hadoop-common-3.3.1.jar:?]
	at org.apache.hadoop.ipc.Server$RpcCall.run(Server.java:1035) [hadoop-common-3.3.1.jar:?]
	at org.apache.hadoop.ipc.Server$RpcCall.run(Server.java:963) [hadoop-common-3.3.1.jar:?]
	at java.security.AccessController.doPrivileged(Native Method) ~[?:1.8.0_345]
	at javax.security.auth.Subject.doAs(Subject.java:422) [?:1.8.0_345]
	at org.apache.hadoop.security.UserGroupInformation.doAs(UserGroupInformation.java:1878) [hadoop-common-3.3.1.jar:?]
	at org.apache.hadoop.ipc.Server$Handler.run(Server.java:2966) [hadoop-common-3.3.1.jar:?]
2022-09-28 09:55:47,281 [Time-limited test] WARN  ozone.BasicOzoneFileSystem (BasicOzoneFileSystem.java:getFileStatus(765)) - GetFileStatus failed for path /testBatchDelete/parent/child2
java.io.FileNotFoundException: testBatchDelete/parent/child2: No such file or directory!
	at org.apache.hadoop.fs.ozone.BasicOzoneClientAdapterImpl.getFileStatus(BasicOzoneClientAdapterImpl.java:369)
	at org.apache.hadoop.fs.ozone.BasicOzoneFileSystem.getFileStatus(BasicOzoneFileSystem.java:757)
	at org.apache.hadoop.fs.FileSystem.exists(FileSystem.java:1760)
	at org.apache.hadoop.fs.ozone.BasicOzoneFileSystem.exists(BasicOzoneFileSystem.java:804)
	at org.apache.hadoop.fs.ozone.TestOzoneFileSystem.testFileDelete(TestOzoneFileSystem.java:536)
	at sun.reflect.NativeMethodAccessorImpl.invoke0(Native Method)
	at sun.reflect.NativeMethodAccessorImpl.invoke(NativeMethodAccessorImpl.java:62)
	at sun.reflect.DelegatingMethodAccessorImpl.invoke(DelegatingMethodAccessorImpl.java:43)
	at java.lang.reflect.Method.invoke(Method.java:498)
	at org.junit.runners.model.FrameworkMethod$1.runReflectiveCall(FrameworkMethod.java:59)
	at org.junit.internal.runners.model.ReflectiveCallable.run(ReflectiveCallable.java:12)
	at org.junit.runners.model.FrameworkMethod.invokeExplosively(FrameworkMethod.java:56)
	at org.junit.internal.runners.statements.InvokeMethod.evaluate(InvokeMethod.java:17)
	at org.junit.internal.runners.statements.RunAfters.evaluate(RunAfters.java:27)
	at org.junit.internal.runners.statements.FailOnTimeout$CallableStatement.call(FailOnTimeout.java:288)
	at org.junit.internal.runners.statements.FailOnTimeout$CallableStatement.call(FailOnTimeout.java:282)
	at java.util.concurrent.FutureTask.run(FutureTask.java:266)
	at java.lang.Thread.run(Thread.java:750)
09:55:47.281 [IPC Server handler 6 on default port 43879] ERROR OMAudit - user=runner | ip=127.0.0.1 | op=GET_FILE_STATUS {volume=volume99279, bucket=bucket29095, key=testBatchDelete/parent/childFolder/child2, dataSize=0, replicationConfig=null} | ret=FAILURE
org.apache.hadoop.ozone.om.exceptions.OMException: Unable to get file status: volume: volume99279 bucket: bucket29095 key: testBatchDelete/parent/childFolder/child2
	at org.apache.hadoop.ozone.om.KeyManagerImpl.getOzoneFileStatus(KeyManagerImpl.java:1324) ~[ozone-manager-1.3.0-SNAPSHOT.jar:?]
	at org.apache.hadoop.ozone.om.KeyManagerImpl.getFileStatus(KeyManagerImpl.java:1254) ~[ozone-manager-1.3.0-SNAPSHOT.jar:?]
	at org.apache.hadoop.ozone.om.OzoneManager.getFileStatus(OzoneManager.java:3506) ~[ozone-manager-1.3.0-SNAPSHOT.jar:?]
	at org.apache.hadoop.ozone.protocolPB.OzoneManagerRequestHandler.getOzoneFileStatus(OzoneManagerRequestHandler.java:882) ~[ozone-manager-1.3.0-SNAPSHOT.jar:?]
	at org.apache.hadoop.ozone.protocolPB.OzoneManagerRequestHandler.handleReadRequest(OzoneManagerRequestHandler.java:228) ~[ozone-manager-1.3.0-SNAPSHOT.jar:?]
	at org.apache.hadoop.ozone.protocolPB.OzoneManagerProtocolServerSideTranslatorPB.submitRequestDirectlyToOM(OzoneManagerProtocolServerSideTranslatorPB.java:276) ~[ozone-manager-1.3.0-SNAPSHOT.jar:?]
	at org.apache.hadoop.ozone.protocolPB.OzoneManagerProtocolServerSideTranslatorPB.processRequest(OzoneManagerProtocolServerSideTranslatorPB.java:205) ~[ozone-manager-1.3.0-SNAPSHOT.jar:?]
	at org.apache.hadoop.hdds.server.OzoneProtocolMessageDispatcher.processRequest(OzoneProtocolMessageDispatcher.java:87) [hdds-server-framework-1.3.0-SNAPSHOT.jar:?]
	at org.apache.hadoop.ozone.protocolPB.OzoneManagerProtocolServerSideTranslatorPB.submitRequest(OzoneManagerProtocolServerSideTranslatorPB.java:147) [ozone-manager-1.3.0-SNAPSHOT.jar:?]
	at org.apache.hadoop.ozone.protocol.proto.OzoneManagerProtocolProtos$OzoneManagerService$2.callBlockingMethod(OzoneManagerProtocolProtos.java) [ozone-interface-client-1.3.0-SNAPSHOT.jar:?]
	at org.apache.hadoop.ipc.ProtobufRpcEngine$Server.processCall(ProtobufRpcEngine.java:466) [hadoop-common-3.3.1.jar:?]
	at org.apache.hadoop.ipc.ProtobufRpcEngine2$Server$ProtoBufRpcInvoker.call(ProtobufRpcEngine2.java:574) [hadoop-common-3.3.1.jar:?]
	at org.apache.hadoop.ipc.ProtobufRpcEngine2$Server$ProtoBufRpcInvoker.call(ProtobufRpcEngine2.java:552) [hadoop-common-3.3.1.jar:?]
	at org.apache.hadoop.ipc.RPC$Server.call(RPC.java:1093) [hadoop-common-3.3.1.jar:?]
	at org.apache.hadoop.ipc.Server$RpcCall.run(Server.java:1035) [hadoop-common-3.3.1.jar:?]
	at org.apache.hadoop.ipc.Server$RpcCall.run(Server.java:963) [hadoop-common-3.3.1.jar:?]
	at java.security.AccessController.doPrivileged(Native Method) ~[?:1.8.0_345]
	at javax.security.auth.Subject.doAs(Subject.java:422) [?:1.8.0_345]
	at org.apache.hadoop.security.UserGroupInformation.doAs(UserGroupInformation.java:1878) [hadoop-common-3.3.1.jar:?]
	at org.apache.hadoop.ipc.Server$Handler.run(Server.java:2966) [hadoop-common-3.3.1.jar:?]
2022-09-28 09:55:47,281 [Time-limited test] WARN  ozone.BasicOzoneFileSystem (BasicOzoneFileSystem.java:getFileStatus(765)) - GetFileStatus failed for path /testBatchDelete/parent/childFolder/child2
java.io.FileNotFoundException: testBatchDelete/parent/childFolder/child2: No such file or directory!
	at org.apache.hadoop.fs.ozone.BasicOzoneClientAdapterImpl.getFileStatus(BasicOzoneClientAdapterImpl.java:369)
	at org.apache.hadoop.fs.ozone.BasicOzoneFileSystem.getFileStatus(BasicOzoneFileSystem.java:757)
	at org.apache.hadoop.fs.FileSystem.exists(FileSystem.java:1760)
	at org.apache.hadoop.fs.ozone.BasicOzoneFileSystem.exists(BasicOzoneFileSystem.java:804)
	at org.apache.hadoop.fs.ozone.TestOzoneFileSystem.testFileDelete(TestOzoneFileSystem.java:541)
	at sun.reflect.NativeMethodAccessorImpl.invoke0(Native Method)
	at sun.reflect.NativeMethodAccessorImpl.invoke(NativeMethodAccessorImpl.java:62)
	at sun.reflect.DelegatingMethodAccessorImpl.invoke(DelegatingMethodAccessorImpl.java:43)
	at java.lang.reflect.Method.invoke(Method.java:498)
	at org.junit.runners.model.FrameworkMethod$1.runReflectiveCall(FrameworkMethod.java:59)
	at org.junit.internal.runners.model.ReflectiveCallable.run(ReflectiveCallable.java:12)
	at org.junit.runners.model.FrameworkMethod.invokeExplosively(FrameworkMethod.java:56)
	at org.junit.internal.runners.statements.InvokeMethod.evaluate(InvokeMethod.java:17)
	at org.junit.internal.runners.statements.RunAfters.evaluate(RunAfters.java:27)
	at org.junit.internal.runners.statements.FailOnTimeout$CallableStatement.call(FailOnTimeout.java:288)
	at org.junit.internal.runners.statements.FailOnTimeout$CallableStatement.call(FailOnTimeout.java:282)
	at java.util.concurrent.FutureTask.run(FutureTask.java:266)
	at java.lang.Thread.run(Thread.java:750)
09:55:47.282 [IPC Server handler 10 on default port 43879] ERROR OMAudit - user=runner | ip=127.0.0.1 | op=GET_FILE_STATUS {volume=volume99279, bucket=bucket29095, key=testBatchDelete/parent/child3, dataSize=0, replicationConfig=null} | ret=FAILURE
org.apache.hadoop.ozone.om.exceptions.OMException: Unable to get file status: volume: volume99279 bucket: bucket29095 key: testBatchDelete/parent/child3
	at org.apache.hadoop.ozone.om.KeyManagerImpl.getOzoneFileStatus(KeyManagerImpl.java:1324) ~[ozone-manager-1.3.0-SNAPSHOT.jar:?]
	at org.apache.hadoop.ozone.om.KeyManagerImpl.getFileStatus(KeyManagerImpl.java:1254) ~[ozone-manager-1.3.0-SNAPSHOT.jar:?]
	at org.apache.hadoop.ozone.om.OzoneManager.getFileStatus(OzoneManager.java:3506) ~[ozone-manager-1.3.0-SNAPSHOT.jar:?]
	at org.apache.hadoop.ozone.protocolPB.OzoneManagerRequestHandler.getOzoneFileStatus(OzoneManagerRequestHandler.java:882) ~[ozone-manager-1.3.0-SNAPSHOT.jar:?]
	at org.apache.hadoop.ozone.protocolPB.OzoneManagerRequestHandler.handleReadRequest(OzoneManagerRequestHandler.java:228) ~[ozone-manager-1.3.0-SNAPSHOT.jar:?]
	at org.apache.hadoop.ozone.protocolPB.OzoneManagerProtocolServerSideTranslatorPB.submitRequestDirectlyToOM(OzoneManagerProtocolServerSideTranslatorPB.java:276) ~[ozone-manager-1.3.0-SNAPSHOT.jar:?]
	at org.apache.hadoop.ozone.protocolPB.OzoneManagerProtocolServerSideTranslatorPB.processRequest(OzoneManagerProtocolServerSideTranslatorPB.java:205) ~[ozone-manager-1.3.0-SNAPSHOT.jar:?]
	at org.apache.hadoop.hdds.server.OzoneProtocolMessageDispatcher.processRequest(OzoneProtocolMessageDispatcher.java:87) [hdds-server-framework-1.3.0-SNAPSHOT.jar:?]
	at org.apache.hadoop.ozone.protocolPB.OzoneManagerProtocolServerSideTranslatorPB.submitRequest(OzoneManagerProtocolServerSideTranslatorPB.java:147) [ozone-manager-1.3.0-SNAPSHOT.jar:?]
	at org.apache.hadoop.ozone.protocol.proto.OzoneManagerProtocolProtos$OzoneManagerService$2.callBlockingMethod(OzoneManagerProtocolProtos.java) [ozone-interface-client-1.3.0-SNAPSHOT.jar:?]
	at org.apache.hadoop.ipc.ProtobufRpcEngine$Server.processCall(ProtobufRpcEngine.java:466) [hadoop-common-3.3.1.jar:?]
	at org.apache.hadoop.ipc.ProtobufRpcEngine2$Server$ProtoBufRpcInvoker.call(ProtobufRpcEngine2.java:574) [hadoop-common-3.3.1.jar:?]
	at org.apache.hadoop.ipc.ProtobufRpcEngine2$Server$ProtoBufRpcInvoker.call(ProtobufRpcEngine2.java:552) [hadoop-common-3.3.1.jar:?]
	at org.apache.hadoop.ipc.RPC$Server.call(RPC.java:1093) [hadoop-common-3.3.1.jar:?]
	at org.apache.hadoop.ipc.Server$RpcCall.run(Server.java:1035) [hadoop-common-3.3.1.jar:?]
	at org.apache.hadoop.ipc.Server$RpcCall.run(Server.java:963) [hadoop-common-3.3.1.jar:?]
	at java.security.AccessController.doPrivileged(Native Method) ~[?:1.8.0_345]
	at javax.security.auth.Subject.doAs(Subject.java:422) [?:1.8.0_345]
	at org.apache.hadoop.security.UserGroupInformation.doAs(UserGroupInformation.java:1878) [hadoop-common-3.3.1.jar:?]
	at org.apache.hadoop.ipc.Server$Handler.run(Server.java:2966) [hadoop-common-3.3.1.jar:?]
2022-09-28 09:55:47,282 [Time-limited test] WARN  ozone.BasicOzoneFileSystem (BasicOzoneFileSystem.java:getFileStatus(765)) - GetFileStatus failed for path /testBatchDelete/parent/child3
java.io.FileNotFoundException: testBatchDelete/parent/child3: No such file or directory!
	at org.apache.hadoop.fs.ozone.BasicOzoneClientAdapterImpl.getFileStatus(BasicOzoneClientAdapterImpl.java:369)
	at org.apache.hadoop.fs.ozone.BasicOzoneFileSystem.getFileStatus(BasicOzoneFileSystem.java:757)
	at org.apache.hadoop.fs.FileSystem.exists(FileSystem.java:1760)
	at org.apache.hadoop.fs.ozone.BasicOzoneFileSystem.exists(BasicOzoneFileSystem.java:804)
	at org.apache.hadoop.fs.ozone.TestOzoneFileSystem.testFileDelete(TestOzoneFileSystem.java:536)
	at sun.reflect.NativeMethodAccessorImpl.invoke0(Native Method)
	at sun.reflect.NativeMethodAccessorImpl.invoke(NativeMethodAccessorImpl.java:62)
	at sun.reflect.DelegatingMethodAccessorImpl.invoke(DelegatingMethodAccessorImpl.java:43)
	at java.lang.reflect.Method.invoke(Method.java:498)
	at org.junit.runners.model.FrameworkMethod$1.runReflectiveCall(FrameworkMethod.java:59)
	at org.junit.internal.runners.model.ReflectiveCallable.run(ReflectiveCallable.java:12)
	at org.junit.runners.model.FrameworkMethod.invokeExplosively(FrameworkMethod.java:56)
	at org.junit.internal.runners.statements.InvokeMethod.evaluate(InvokeMethod.java:17)
	at org.junit.internal.runners.statements.RunAfters.evaluate(RunAfters.java:27)
	at org.junit.internal.runners.statements.FailOnTimeout$CallableStatement.call(FailOnTimeout.java:288)
	at org.junit.internal.runners.statements.FailOnTimeout$CallableStatement.call(FailOnTimeout.java:282)
	at java.util.concurrent.FutureTask.run(FutureTask.java:266)
	at java.lang.Thread.run(Thread.java:750)
09:55:47.282 [IPC Server handler 11 on default port 43879] ERROR OMAudit - user=runner | ip=127.0.0.1 | op=GET_FILE_STATUS {volume=volume99279, bucket=bucket29095, key=testBatchDelete/parent/childFolder/child3, dataSize=0, replicationConfig=null} | ret=FAILURE
org.apache.hadoop.ozone.om.exceptions.OMException: Unable to get file status: volume: volume99279 bucket: bucket29095 key: testBatchDelete/parent/childFolder/child3
	at org.apache.hadoop.ozone.om.KeyManagerImpl.getOzoneFileStatus(KeyManagerImpl.java:1324) ~[ozone-manager-1.3.0-SNAPSHOT.jar:?]
	at org.apache.hadoop.ozone.om.KeyManagerImpl.getFileStatus(KeyManagerImpl.java:1254) ~[ozone-manager-1.3.0-SNAPSHOT.jar:?]
	at org.apache.hadoop.ozone.om.OzoneManager.getFileStatus(OzoneManager.java:3506) ~[ozone-manager-1.3.0-SNAPSHOT.jar:?]
	at org.apache.hadoop.ozone.protocolPB.OzoneManagerRequestHandler.getOzoneFileStatus(OzoneManagerRequestHandler.java:882) ~[ozone-manager-1.3.0-SNAPSHOT.jar:?]
	at org.apache.hadoop.ozone.protocolPB.OzoneManagerRequestHandler.handleReadRequest(OzoneManagerRequestHandler.java:228) ~[ozone-manager-1.3.0-SNAPSHOT.jar:?]
	at org.apache.hadoop.ozone.protocolPB.OzoneManagerProtocolServerSideTranslatorPB.submitRequestDirectlyToOM(OzoneManagerProtocolServerSideTranslatorPB.java:276) ~[ozone-manager-1.3.0-SNAPSHOT.jar:?]
	at org.apache.hadoop.ozone.protocolPB.OzoneManagerProtocolServerSideTranslatorPB.processRequest(OzoneManagerProtocolServerSideTranslatorPB.java:205) ~[ozone-manager-1.3.0-SNAPSHOT.jar:?]
	at org.apache.hadoop.hdds.server.OzoneProtocolMessageDispatcher.processRequest(OzoneProtocolMessageDispatcher.java:87) [hdds-server-framework-1.3.0-SNAPSHOT.jar:?]
	at org.apache.hadoop.ozone.protocolPB.OzoneManagerProtocolServerSideTranslatorPB.submitRequest(OzoneManagerProtocolServerSideTranslatorPB.java:147) [ozone-manager-1.3.0-SNAPSHOT.jar:?]
	at org.apache.hadoop.ozone.protocol.proto.OzoneManagerProtocolProtos$OzoneManagerService$2.callBlockingMethod(OzoneManagerProtocolProtos.java) [ozone-interface-client-1.3.0-SNAPSHOT.jar:?]
	at org.apache.hadoop.ipc.ProtobufRpcEngine$Server.processCall(ProtobufRpcEngine.java:466) [hadoop-common-3.3.1.jar:?]
	at org.apache.hadoop.ipc.ProtobufRpcEngine2$Server$ProtoBufRpcInvoker.call(ProtobufRpcEngine2.java:574) [hadoop-common-3.3.1.jar:?]
	at org.apache.hadoop.ipc.ProtobufRpcEngine2$Server$ProtoBufRpcInvoker.call(ProtobufRpcEngine2.java:552) [hadoop-common-3.3.1.jar:?]
	at org.apache.hadoop.ipc.RPC$Server.call(RPC.java:1093) [hadoop-common-3.3.1.jar:?]
	at org.apache.hadoop.ipc.Server$RpcCall.run(Server.java:1035) [hadoop-common-3.3.1.jar:?]
	at org.apache.hadoop.ipc.Server$RpcCall.run(Server.java:963) [hadoop-common-3.3.1.jar:?]
	at java.security.AccessController.doPrivileged(Native Method) ~[?:1.8.0_345]
	at javax.security.auth.Subject.doAs(Subject.java:422) [?:1.8.0_345]
	at org.apache.hadoop.security.UserGroupInformation.doAs(UserGroupInformation.java:1878) [hadoop-common-3.3.1.jar:?]
	at org.apache.hadoop.ipc.Server$Handler.run(Server.java:2966) [hadoop-common-3.3.1.jar:?]
2022-09-28 09:55:47,283 [Time-limited test] WARN  ozone.BasicOzoneFileSystem (BasicOzoneFileSystem.java:getFileStatus(765)) - GetFileStatus failed for path /testBatchDelete/parent/childFolder/child3
java.io.FileNotFoundException: testBatchDelete/parent/childFolder/child3: No such file or directory!
	at org.apache.hadoop.fs.ozone.BasicOzoneClientAdapterImpl.getFileStatus(BasicOzoneClientAdapterImpl.java:369)
	at org.apache.hadoop.fs.ozone.BasicOzoneFileSystem.getFileStatus(BasicOzoneFileSystem.java:757)
	at org.apache.hadoop.fs.FileSystem.exists(FileSystem.java:1760)
	at org.apache.hadoop.fs.ozone.BasicOzoneFileSystem.exists(BasicOzoneFileSystem.java:804)
	at org.apache.hadoop.fs.ozone.TestOzoneFileSystem.testFileDelete(TestOzoneFileSystem.java:541)
	at sun.reflect.NativeMethodAccessorImpl.invoke0(Native Method)
	at sun.reflect.NativeMethodAccessorImpl.invoke(NativeMethodAccessorImpl.java:62)
	at sun.reflect.DelegatingMethodAccessorImpl.invoke(DelegatingMethodAccessorImpl.java:43)
	at java.lang.reflect.Method.invoke(Method.java:498)
	at org.junit.runners.model.FrameworkMethod$1.runReflectiveCall(FrameworkMethod.java:59)
	at org.junit.internal.runners.model.ReflectiveCallable.run(ReflectiveCallable.java:12)
	at org.junit.runners.model.FrameworkMethod.invokeExplosively(FrameworkMethod.java:56)
	at org.junit.internal.runners.statements.InvokeMethod.evaluate(InvokeMethod.java:17)
	at org.junit.internal.runners.statements.RunAfters.evaluate(RunAfters.java:27)
	at org.junit.internal.runners.statements.FailOnTimeout$CallableStatement.call(FailOnTimeout.java:288)
	at org.junit.internal.runners.statements.FailOnTimeout$CallableStatement.call(FailOnTimeout.java:282)
	at java.util.concurrent.FutureTask.run(FutureTask.java:266)
	at java.lang.Thread.run(Thread.java:750)
09:55:47.283 [IPC Server handler 18 on default port 43879] ERROR OMAudit - user=runner | ip=127.0.0.1 | op=GET_FILE_STATUS {volume=volume99279, bucket=bucket29095, key=testBatchDelete/parent/child4, dataSize=0, replicationConfig=null} | ret=FAILURE
org.apache.hadoop.ozone.om.exceptions.OMException: Unable to get file status: volume: volume99279 bucket: bucket29095 key: testBatchDelete/parent/child4
	at org.apache.hadoop.ozone.om.KeyManagerImpl.getOzoneFileStatus(KeyManagerImpl.java:1324) ~[ozone-manager-1.3.0-SNAPSHOT.jar:?]
	at org.apache.hadoop.ozone.om.KeyManagerImpl.getFileStatus(KeyManagerImpl.java:1254) ~[ozone-manager-1.3.0-SNAPSHOT.jar:?]
	at org.apache.hadoop.ozone.om.OzoneManager.getFileStatus(OzoneManager.java:3506) ~[ozone-manager-1.3.0-SNAPSHOT.jar:?]
	at org.apache.hadoop.ozone.protocolPB.OzoneManagerRequestHandler.getOzoneFileStatus(OzoneManagerRequestHandler.java:882) ~[ozone-manager-1.3.0-SNAPSHOT.jar:?]
	at org.apache.hadoop.ozone.protocolPB.OzoneManagerRequestHandler.handleReadRequest(OzoneManagerRequestHandler.java:228) ~[ozone-manager-1.3.0-SNAPSHOT.jar:?]
	at org.apache.hadoop.ozone.protocolPB.OzoneManagerProtocolServerSideTranslatorPB.submitRequestDirectlyToOM(OzoneManagerProtocolServerSideTranslatorPB.java:276) ~[ozone-manager-1.3.0-SNAPSHOT.jar:?]
	at org.apache.hadoop.ozone.protocolPB.OzoneManagerProtocolServerSideTranslatorPB.processRequest(OzoneManagerProtocolServerSideTranslatorPB.java:205) ~[ozone-manager-1.3.0-SNAPSHOT.jar:?]
	at org.apache.hadoop.hdds.server.OzoneProtocolMessageDispatcher.processRequest(OzoneProtocolMessageDispatcher.java:87) [hdds-server-framework-1.3.0-SNAPSHOT.jar:?]
	at org.apache.hadoop.ozone.protocolPB.OzoneManagerProtocolServerSideTranslatorPB.submitRequest(OzoneManagerProtocolServerSideTranslatorPB.java:147) [ozone-manager-1.3.0-SNAPSHOT.jar:?]
	at org.apache.hadoop.ozone.protocol.proto.OzoneManagerProtocolProtos$OzoneManagerService$2.callBlockingMethod(OzoneManagerProtocolProtos.java) [ozone-interface-client-1.3.0-SNAPSHOT.jar:?]
	at org.apache.hadoop.ipc.ProtobufRpcEngine$Server.processCall(ProtobufRpcEngine.java:466) [hadoop-common-3.3.1.jar:?]
	at org.apache.hadoop.ipc.ProtobufRpcEngine2$Server$ProtoBufRpcInvoker.call(ProtobufRpcEngine2.java:574) [hadoop-common-3.3.1.jar:?]
	at org.apache.hadoop.ipc.ProtobufRpcEngine2$Server$ProtoBufRpcInvoker.call(ProtobufRpcEngine2.java:552) [hadoop-common-3.3.1.jar:?]
	at org.apache.hadoop.ipc.RPC$Server.call(RPC.java:1093) [hadoop-common-3.3.1.jar:?]
	at org.apache.hadoop.ipc.Server$RpcCall.run(Server.java:1035) [hadoop-common-3.3.1.jar:?]
	at org.apache.hadoop.ipc.Server$RpcCall.run(Server.java:963) [hadoop-common-3.3.1.jar:?]
	at java.security.AccessController.doPrivileged(Native Method) ~[?:1.8.0_345]
	at javax.security.auth.Subject.doAs(Subject.java:422) [?:1.8.0_345]
	at org.apache.hadoop.security.UserGroupInformation.doAs(UserGroupInformation.java:1878) [hadoop-common-3.3.1.jar:?]
	at org.apache.hadoop.ipc.Server$Handler.run(Server.java:2966) [hadoop-common-3.3.1.jar:?]
2022-09-28 09:55:47,283 [Time-limited test] WARN  ozone.BasicOzoneFileSystem (BasicOzoneFileSystem.java:getFileStatus(765)) - GetFileStatus failed for path /testBatchDelete/parent/child4
java.io.FileNotFoundException: testBatchDelete/parent/child4: No such file or directory!
	at org.apache.hadoop.fs.ozone.BasicOzoneClientAdapterImpl.getFileStatus(BasicOzoneClientAdapterImpl.java:369)
	at org.apache.hadoop.fs.ozone.BasicOzoneFileSystem.getFileStatus(BasicOzoneFileSystem.java:757)
	at org.apache.hadoop.fs.FileSystem.exists(FileSystem.java:1760)
	at org.apache.hadoop.fs.ozone.BasicOzoneFileSystem.exists(BasicOzoneFileSystem.java:804)
	at org.apache.hadoop.fs.ozone.TestOzoneFileSystem.testFileDelete(TestOzoneFileSystem.java:536)
	at sun.reflect.NativeMethodAccessorImpl.invoke0(Native Method)
	at sun.reflect.NativeMethodAccessorImpl.invoke(NativeMethodAccessorImpl.java:62)
	at sun.reflect.DelegatingMethodAccessorImpl.invoke(DelegatingMethodAccessorImpl.java:43)
	at java.lang.reflect.Method.invoke(Method.java:498)
	at org.junit.runners.model.FrameworkMethod$1.runReflectiveCall(FrameworkMethod.java:59)
	at org.junit.internal.runners.model.ReflectiveCallable.run(ReflectiveCallable.java:12)
	at org.junit.runners.model.FrameworkMethod.invokeExplosively(FrameworkMethod.java:56)
	at org.junit.internal.runners.statements.InvokeMethod.evaluate(InvokeMethod.java:17)
	at org.junit.internal.runners.statements.RunAfters.evaluate(RunAfters.java:27)
	at org.junit.internal.runners.statements.FailOnTimeout$CallableStatement.call(FailOnTimeout.java:288)
	at org.junit.internal.runners.statements.FailOnTimeout$CallableStatement.call(FailOnTimeout.java:282)
	at java.util.concurrent.FutureTask.run(FutureTask.java:266)
	at java.lang.Thread.run(Thread.java:750)
09:55:47.284 [IPC Server handler 16 on default port 43879] ERROR OMAudit - user=runner | ip=127.0.0.1 | op=GET_FILE_STATUS {volume=volume99279, bucket=bucket29095, key=testBatchDelete/parent/childFolder/child4, dataSize=0, replicationConfig=null} | ret=FAILURE
org.apache.hadoop.ozone.om.exceptions.OMException: Unable to get file status: volume: volume99279 bucket: bucket29095 key: testBatchDelete/parent/childFolder/child4
	at org.apache.hadoop.ozone.om.KeyManagerImpl.getOzoneFileStatus(KeyManagerImpl.java:1324) ~[ozone-manager-1.3.0-SNAPSHOT.jar:?]
	at org.apache.hadoop.ozone.om.KeyManagerImpl.getFileStatus(KeyManagerImpl.java:1254) ~[ozone-manager-1.3.0-SNAPSHOT.jar:?]
	at org.apache.hadoop.ozone.om.OzoneManager.getFileStatus(OzoneManager.java:3506) ~[ozone-manager-1.3.0-SNAPSHOT.jar:?]
	at org.apache.hadoop.ozone.protocolPB.OzoneManagerRequestHandler.getOzoneFileStatus(OzoneManagerRequestHandler.java:882) ~[ozone-manager-1.3.0-SNAPSHOT.jar:?]
	at org.apache.hadoop.ozone.protocolPB.OzoneManagerRequestHandler.handleReadRequest(OzoneManagerRequestHandler.java:228) ~[ozone-manager-1.3.0-SNAPSHOT.jar:?]
	at org.apache.hadoop.ozone.protocolPB.OzoneManagerProtocolServerSideTranslatorPB.submitRequestDirectlyToOM(OzoneManagerProtocolServerSideTranslatorPB.java:276) ~[ozone-manager-1.3.0-SNAPSHOT.jar:?]
	at org.apache.hadoop.ozone.protocolPB.OzoneManagerProtocolServerSideTranslatorPB.processRequest(OzoneManagerProtocolServerSideTranslatorPB.java:205) ~[ozone-manager-1.3.0-SNAPSHOT.jar:?]
	at org.apache.hadoop.hdds.server.OzoneProtocolMessageDispatcher.processRequest(OzoneProtocolMessageDispatcher.java:87) [hdds-server-framework-1.3.0-SNAPSHOT.jar:?]
	at org.apache.hadoop.ozone.protocolPB.OzoneManagerProtocolServerSideTranslatorPB.submitRequest(OzoneManagerProtocolServerSideTranslatorPB.java:147) [ozone-manager-1.3.0-SNAPSHOT.jar:?]
	at org.apache.hadoop.ozone.protocol.proto.OzoneManagerProtocolProtos$OzoneManagerService$2.callBlockingMethod(OzoneManagerProtocolProtos.java) [ozone-interface-client-1.3.0-SNAPSHOT.jar:?]
	at org.apache.hadoop.ipc.ProtobufRpcEngine$Server.processCall(ProtobufRpcEngine.java:466) [hadoop-common-3.3.1.jar:?]
	at org.apache.hadoop.ipc.ProtobufRpcEngine2$Server$ProtoBufRpcInvoker.call(ProtobufRpcEngine2.java:574) [hadoop-common-3.3.1.jar:?]
	at org.apache.hadoop.ipc.ProtobufRpcEngine2$Server$ProtoBufRpcInvoker.call(ProtobufRpcEngine2.java:552) [hadoop-common-3.3.1.jar:?]
	at org.apache.hadoop.ipc.RPC$Server.call(RPC.java:1093) [hadoop-common-3.3.1.jar:?]
	at org.apache.hadoop.ipc.Server$RpcCall.run(Server.java:1035) [hadoop-common-3.3.1.jar:?]
	at org.apache.hadoop.ipc.Server$RpcCall.run(Server.java:963) [hadoop-common-3.3.1.jar:?]
	at java.security.AccessController.doPrivileged(Native Method) ~[?:1.8.0_345]
	at javax.security.auth.Subject.doAs(Subject.java:422) [?:1.8.0_345]
	at org.apache.hadoop.security.UserGroupInformation.doAs(UserGroupInformation.java:1878) [hadoop-common-3.3.1.jar:?]
	at org.apache.hadoop.ipc.Server$Handler.run(Server.java:2966) [hadoop-common-3.3.1.jar:?]
2022-09-28 09:55:47,285 [Time-limited test] WARN  ozone.BasicOzoneFileSystem (BasicOzoneFileSystem.java:getFileStatus(765)) - GetFileStatus failed for path /testBatchDelete/parent/childFolder/child4
java.io.FileNotFoundException: testBatchDelete/parent/childFolder/child4: No such file or directory!
	at org.apache.hadoop.fs.ozone.BasicOzoneClientAdapterImpl.getFileStatus(BasicOzoneClientAdapterImpl.java:369)
	at org.apache.hadoop.fs.ozone.BasicOzoneFileSystem.getFileStatus(BasicOzoneFileSystem.java:757)
	at org.apache.hadoop.fs.FileSystem.exists(FileSystem.java:1760)
	at org.apache.hadoop.fs.ozone.BasicOzoneFileSystem.exists(BasicOzoneFileSystem.java:804)
	at org.apache.hadoop.fs.ozone.TestOzoneFileSystem.testFileDelete(TestOzoneFileSystem.java:541)
	at sun.reflect.NativeMethodAccessorImpl.invoke0(Native Method)
	at sun.reflect.NativeMethodAccessorImpl.invoke(NativeMethodAccessorImpl.java:62)
	at sun.reflect.DelegatingMethodAccessorImpl.invoke(DelegatingMethodAccessorImpl.java:43)
	at java.lang.reflect.Method.invoke(Method.java:498)
	at org.junit.runners.model.FrameworkMethod$1.runReflectiveCall(FrameworkMethod.java:59)
	at org.junit.internal.runners.model.ReflectiveCallable.run(ReflectiveCallable.java:12)
	at org.junit.runners.model.FrameworkMethod.invokeExplosively(FrameworkMethod.java:56)
	at org.junit.internal.runners.statements.InvokeMethod.evaluate(InvokeMethod.java:17)
	at org.junit.internal.runners.statements.RunAfters.evaluate(RunAfters.java:27)
	at org.junit.internal.runners.statements.FailOnTimeout$CallableStatement.call(FailOnTimeout.java:288)
	at org.junit.internal.runners.statements.FailOnTimeout$CallableStatement.call(FailOnTimeout.java:282)
	at java.util.concurrent.FutureTask.run(FutureTask.java:266)
	at java.lang.Thread.run(Thread.java:750)
09:55:47.286 [IPC Server handler 8 on default port 43879] ERROR OMAudit - user=runner | ip=127.0.0.1 | op=GET_FILE_STATUS {volume=volume99279, bucket=bucket29095, key=testBatchDelete/parent/child5, dataSize=0, replicationConfig=null} | ret=FAILURE
org.apache.hadoop.ozone.om.exceptions.OMException: Unable to get file status: volume: volume99279 bucket: bucket29095 key: testBatchDelete/parent/child5
	at org.apache.hadoop.ozone.om.KeyManagerImpl.getOzoneFileStatus(KeyManagerImpl.java:1324) ~[ozone-manager-1.3.0-SNAPSHOT.jar:?]
	at org.apache.hadoop.ozone.om.KeyManagerImpl.getFileStatus(KeyManagerImpl.java:1254) ~[ozone-manager-1.3.0-SNAPSHOT.jar:?]
	at org.apache.hadoop.ozone.om.OzoneManager.getFileStatus(OzoneManager.java:3506) ~[ozone-manager-1.3.0-SNAPSHOT.jar:?]
	at org.apache.hadoop.ozone.protocolPB.OzoneManagerRequestHandler.getOzoneFileStatus(OzoneManagerRequestHandler.java:882) ~[ozone-manager-1.3.0-SNAPSHOT.jar:?]
	at org.apache.hadoop.ozone.protocolPB.OzoneManagerRequestHandler.handleReadRequest(OzoneManagerRequestHandler.java:228) ~[ozone-manager-1.3.0-SNAPSHOT.jar:?]
	at org.apache.hadoop.ozone.protocolPB.OzoneManagerProtocolServerSideTranslatorPB.submitRequestDirectlyToOM(OzoneManagerProtocolServerSideTranslatorPB.java:276) ~[ozone-manager-1.3.0-SNAPSHOT.jar:?]
	at org.apache.hadoop.ozone.protocolPB.OzoneManagerProtocolServerSideTranslatorPB.processRequest(OzoneManagerProtocolServerSideTranslatorPB.java:205) ~[ozone-manager-1.3.0-SNAPSHOT.jar:?]
	at org.apache.hadoop.hdds.server.OzoneProtocolMessageDispatcher.processRequest(OzoneProtocolMessageDispatcher.java:87) [hdds-server-framework-1.3.0-SNAPSHOT.jar:?]
	at org.apache.hadoop.ozone.protocolPB.OzoneManagerProtocolServerSideTranslatorPB.submitRequest(OzoneManagerProtocolServerSideTranslatorPB.java:147) [ozone-manager-1.3.0-SNAPSHOT.jar:?]
	at org.apache.hadoop.ozone.protocol.proto.OzoneManagerProtocolProtos$OzoneManagerService$2.callBlockingMethod(OzoneManagerProtocolProtos.java) [ozone-interface-client-1.3.0-SNAPSHOT.jar:?]
	at org.apache.hadoop.ipc.ProtobufRpcEngine$Server.processCall(ProtobufRpcEngine.java:466) [hadoop-common-3.3.1.jar:?]
	at org.apache.hadoop.ipc.ProtobufRpcEngine2$Server$ProtoBufRpcInvoker.call(ProtobufRpcEngine2.java:574) [hadoop-common-3.3.1.jar:?]
	at org.apache.hadoop.ipc.ProtobufRpcEngine2$Server$ProtoBufRpcInvoker.call(ProtobufRpcEngine2.java:552) [hadoop-common-3.3.1.jar:?]
	at org.apache.hadoop.ipc.RPC$Server.call(RPC.java:1093) [hadoop-common-3.3.1.jar:?]
	at org.apache.hadoop.ipc.Server$RpcCall.run(Server.java:1035) [hadoop-common-3.3.1.jar:?]
	at org.apache.hadoop.ipc.Server$RpcCall.run(Server.java:963) [hadoop-common-3.3.1.jar:?]
	at java.security.AccessController.doPrivileged(Native Method) ~[?:1.8.0_345]
	at javax.security.auth.Subject.doAs(Subject.java:422) [?:1.8.0_345]
	at org.apache.hadoop.security.UserGroupInformation.doAs(UserGroupInformation.java:1878) [hadoop-common-3.3.1.jar:?]
	at org.apache.hadoop.ipc.Server$Handler.run(Server.java:2966) [hadoop-common-3.3.1.jar:?]
2022-09-28 09:55:47,286 [Time-limited test] WARN  ozone.BasicOzoneFileSystem (BasicOzoneFileSystem.java:getFileStatus(765)) - GetFileStatus failed for path /testBatchDelete/parent/child5
java.io.FileNotFoundException: testBatchDelete/parent/child5: No such file or directory!
	at org.apache.hadoop.fs.ozone.BasicOzoneClientAdapterImpl.getFileStatus(BasicOzoneClientAdapterImpl.java:369)
	at org.apache.hadoop.fs.ozone.BasicOzoneFileSystem.getFileStatus(BasicOzoneFileSystem.java:757)
	at org.apache.hadoop.fs.FileSystem.exists(FileSystem.java:1760)
	at org.apache.hadoop.fs.ozone.BasicOzoneFileSystem.exists(BasicOzoneFileSystem.java:804)
	at org.apache.hadoop.fs.ozone.TestOzoneFileSystem.testFileDelete(TestOzoneFileSystem.java:536)
	at sun.reflect.NativeMethodAccessorImpl.invoke0(Native Method)
	at sun.reflect.NativeMethodAccessorImpl.invoke(NativeMethodAccessorImpl.java:62)
	at sun.reflect.DelegatingMethodAccessorImpl.invoke(DelegatingMethodAccessorImpl.java:43)
	at java.lang.reflect.Method.invoke(Method.java:498)
	at org.junit.runners.model.FrameworkMethod$1.runReflectiveCall(FrameworkMethod.java:59)
	at org.junit.internal.runners.model.ReflectiveCallable.run(ReflectiveCallable.java:12)
	at org.junit.runners.model.FrameworkMethod.invokeExplosively(FrameworkMethod.java:56)
	at org.junit.internal.runners.statements.InvokeMethod.evaluate(InvokeMethod.java:17)
	at org.junit.internal.runners.statements.RunAfters.evaluate(RunAfters.java:27)
	at org.junit.internal.runners.statements.FailOnTimeout$CallableStatement.call(FailOnTimeout.java:288)
	at org.junit.internal.runners.statements.FailOnTimeout$CallableStatement.call(FailOnTimeout.java:282)
	at java.util.concurrent.FutureTask.run(FutureTask.java:266)
	at java.lang.Thread.run(Thread.java:750)
09:55:47.286 [IPC Server handler 17 on default port 43879] ERROR OMAudit - user=runner | ip=127.0.0.1 | op=GET_FILE_STATUS {volume=volume99279, bucket=bucket29095, key=testBatchDelete/parent/childFolder/child5, dataSize=0, replicationConfig=null} | ret=FAILURE
org.apache.hadoop.ozone.om.exceptions.OMException: Unable to get file status: volume: volume99279 bucket: bucket29095 key: testBatchDelete/parent/childFolder/child5
	at org.apache.hadoop.ozone.om.KeyManagerImpl.getOzoneFileStatus(KeyManagerImpl.java:1324) ~[ozone-manager-1.3.0-SNAPSHOT.jar:?]
	at org.apache.hadoop.ozone.om.KeyManagerImpl.getFileStatus(KeyManagerImpl.java:1254) ~[ozone-manager-1.3.0-SNAPSHOT.jar:?]
	at org.apache.hadoop.ozone.om.OzoneManager.getFileStatus(OzoneManager.java:3506) ~[ozone-manager-1.3.0-SNAPSHOT.jar:?]
	at org.apache.hadoop.ozone.protocolPB.OzoneManagerRequestHandler.getOzoneFileStatus(OzoneManagerRequestHandler.java:882) ~[ozone-manager-1.3.0-SNAPSHOT.jar:?]
	at org.apache.hadoop.ozone.protocolPB.OzoneManagerRequestHandler.handleReadRequest(OzoneManagerRequestHandler.java:228) ~[ozone-manager-1.3.0-SNAPSHOT.jar:?]
	at org.apache.hadoop.ozone.protocolPB.OzoneManagerProtocolServerSideTranslatorPB.submitRequestDirectlyToOM(OzoneManagerProtocolServerSideTranslatorPB.java:276) ~[ozone-manager-1.3.0-SNAPSHOT.jar:?]
	at org.apache.hadoop.ozone.protocolPB.OzoneManagerProtocolServerSideTranslatorPB.processRequest(OzoneManagerProtocolServerSideTranslatorPB.java:205) ~[ozone-manager-1.3.0-SNAPSHOT.jar:?]
	at org.apache.hadoop.hdds.server.OzoneProtocolMessageDispatcher.processRequest(OzoneProtocolMessageDispatcher.java:87) [hdds-server-framework-1.3.0-SNAPSHOT.jar:?]
	at org.apache.hadoop.ozone.protocolPB.OzoneManagerProtocolServerSideTranslatorPB.submitRequest(OzoneManagerProtocolServerSideTranslatorPB.java:147) [ozone-manager-1.3.0-SNAPSHOT.jar:?]
	at org.apache.hadoop.ozone.protocol.proto.OzoneManagerProtocolProtos$OzoneManagerService$2.callBlockingMethod(OzoneManagerProtocolProtos.java) [ozone-interface-client-1.3.0-SNAPSHOT.jar:?]
	at org.apache.hadoop.ipc.ProtobufRpcEngine$Server.processCall(ProtobufRpcEngine.java:466) [hadoop-common-3.3.1.jar:?]
	at org.apache.hadoop.ipc.ProtobufRpcEngine2$Server$ProtoBufRpcInvoker.call(ProtobufRpcEngine2.java:574) [hadoop-common-3.3.1.jar:?]
	at org.apache.hadoop.ipc.ProtobufRpcEngine2$Server$ProtoBufRpcInvoker.call(ProtobufRpcEngine2.java:552) [hadoop-common-3.3.1.jar:?]
	at org.apache.hadoop.ipc.RPC$Server.call(RPC.java:1093) [hadoop-common-3.3.1.jar:?]
	at org.apache.hadoop.ipc.Server$RpcCall.run(Server.java:1035) [hadoop-common-3.3.1.jar:?]
	at org.apache.hadoop.ipc.Server$RpcCall.run(Server.java:963) [hadoop-common-3.3.1.jar:?]
	at java.security.AccessController.doPrivileged(Native Method) ~[?:1.8.0_345]
	at javax.security.auth.Subject.doAs(Subject.java:422) [?:1.8.0_345]
	at org.apache.hadoop.security.UserGroupInformation.doAs(UserGroupInformation.java:1878) [hadoop-common-3.3.1.jar:?]
	at org.apache.hadoop.ipc.Server$Handler.run(Server.java:2966) [hadoop-common-3.3.1.jar:?]
2022-09-28 09:55:47,287 [Time-limited test] WARN  ozone.BasicOzoneFileSystem (BasicOzoneFileSystem.java:getFileStatus(765)) - GetFileStatus failed for path /testBatchDelete/parent/childFolder/child5
java.io.FileNotFoundException: testBatchDelete/parent/childFolder/child5: No such file or directory!
	at org.apache.hadoop.fs.ozone.BasicOzoneClientAdapterImpl.getFileStatus(BasicOzoneClientAdapterImpl.java:369)
	at org.apache.hadoop.fs.ozone.BasicOzoneFileSystem.getFileStatus(BasicOzoneFileSystem.java:757)
	at org.apache.hadoop.fs.FileSystem.exists(FileSystem.java:1760)
	at org.apache.hadoop.fs.ozone.BasicOzoneFileSystem.exists(BasicOzoneFileSystem.java:804)
	at org.apache.hadoop.fs.ozone.TestOzoneFileSystem.testFileDelete(TestOzoneFileSystem.java:541)
	at sun.reflect.NativeMethodAccessorImpl.invoke0(Native Method)
	at sun.reflect.NativeMethodAccessorImpl.invoke(NativeMethodAccessorImpl.java:62)
	at sun.reflect.DelegatingMethodAccessorImpl.invoke(DelegatingMethodAccessorImpl.java:43)
	at java.lang.reflect.Method.invoke(Method.java:498)
	at org.junit.runners.model.FrameworkMethod$1.runReflectiveCall(FrameworkMethod.java:59)
	at org.junit.internal.runners.model.ReflectiveCallable.run(ReflectiveCallable.java:12)
	at org.junit.runners.model.FrameworkMethod.invokeExplosively(FrameworkMethod.java:56)
	at org.junit.internal.runners.statements.InvokeMethod.evaluate(InvokeMethod.java:17)
	at org.junit.internal.runners.statements.RunAfters.evaluate(RunAfters.java:27)
	at org.junit.internal.runners.statements.FailOnTimeout$CallableStatement.call(FailOnTimeout.java:288)
	at org.junit.internal.runners.statements.FailOnTimeout$CallableStatement.call(FailOnTimeout.java:282)
	at java.util.concurrent.FutureTask.run(FutureTask.java:266)
	at java.lang.Thread.run(Thread.java:750)
09:55:47.287 [IPC Server handler 19 on default port 43879] ERROR OMAudit - user=runner | ip=127.0.0.1 | op=GET_FILE_STATUS {volume=volume99279, bucket=bucket29095, key=testBatchDelete/parent/child6, dataSize=0, replicationConfig=null} | ret=FAILURE
org.apache.hadoop.ozone.om.exceptions.OMException: Unable to get file status: volume: volume99279 bucket: bucket29095 key: testBatchDelete/parent/child6
	at org.apache.hadoop.ozone.om.KeyManagerImpl.getOzoneFileStatus(KeyManagerImpl.java:1324) ~[ozone-manager-1.3.0-SNAPSHOT.jar:?]
	at org.apache.hadoop.ozone.om.KeyManagerImpl.getFileStatus(KeyManagerImpl.java:1254) ~[ozone-manager-1.3.0-SNAPSHOT.jar:?]
	at org.apache.hadoop.ozone.om.OzoneManager.getFileStatus(OzoneManager.java:3506) ~[ozone-manager-1.3.0-SNAPSHOT.jar:?]
	at org.apache.hadoop.ozone.protocolPB.OzoneManagerRequestHandler.getOzoneFileStatus(OzoneManagerRequestHandler.java:882) ~[ozone-manager-1.3.0-SNAPSHOT.jar:?]
	at org.apache.hadoop.ozone.protocolPB.OzoneManagerRequestHandler.handleReadRequest(OzoneManagerRequestHandler.java:228) ~[ozone-manager-1.3.0-SNAPSHOT.jar:?]
	at org.apache.hadoop.ozone.protocolPB.OzoneManagerProtocolServerSideTranslatorPB.submitRequestDirectlyToOM(OzoneManagerProtocolServerSideTranslatorPB.java:276) ~[ozone-manager-1.3.0-SNAPSHOT.jar:?]
	at org.apache.hadoop.ozone.protocolPB.OzoneManagerProtocolServerSideTranslatorPB.processRequest(OzoneManagerProtocolServerSideTranslatorPB.java:205) ~[ozone-manager-1.3.0-SNAPSHOT.jar:?]
	at org.apache.hadoop.hdds.server.OzoneProtocolMessageDispatcher.processRequest(OzoneProtocolMessageDispatcher.java:87) [hdds-server-framework-1.3.0-SNAPSHOT.jar:?]
	at org.apache.hadoop.ozone.protocolPB.OzoneManagerProtocolServerSideTranslatorPB.submitRequest(OzoneManagerProtocolServerSideTranslatorPB.java:147) [ozone-manager-1.3.0-SNAPSHOT.jar:?]
	at org.apache.hadoop.ozone.protocol.proto.OzoneManagerProtocolProtos$OzoneManagerService$2.callBlockingMethod(OzoneManagerProtocolProtos.java) [ozone-interface-client-1.3.0-SNAPSHOT.jar:?]
	at org.apache.hadoop.ipc.ProtobufRpcEngine$Server.processCall(ProtobufRpcEngine.java:466) [hadoop-common-3.3.1.jar:?]
	at org.apache.hadoop.ipc.ProtobufRpcEngine2$Server$ProtoBufRpcInvoker.call(ProtobufRpcEngine2.java:574) [hadoop-common-3.3.1.jar:?]
	at org.apache.hadoop.ipc.ProtobufRpcEngine2$Server$ProtoBufRpcInvoker.call(ProtobufRpcEngine2.java:552) [hadoop-common-3.3.1.jar:?]
	at org.apache.hadoop.ipc.RPC$Server.call(RPC.java:1093) [hadoop-common-3.3.1.jar:?]
	at org.apache.hadoop.ipc.Server$RpcCall.run(Server.java:1035) [hadoop-common-3.3.1.jar:?]
	at org.apache.hadoop.ipc.Server$RpcCall.run(Server.java:963) [hadoop-common-3.3.1.jar:?]
	at java.security.AccessController.doPrivileged(Native Method) ~[?:1.8.0_345]
	at javax.security.auth.Subject.doAs(Subject.java:422) [?:1.8.0_345]
	at org.apache.hadoop.security.UserGroupInformation.doAs(UserGroupInformation.java:1878) [hadoop-common-3.3.1.jar:?]
	at org.apache.hadoop.ipc.Server$Handler.run(Server.java:2966) [hadoop-common-3.3.1.jar:?]
2022-09-28 09:55:47,287 [Time-limited test] WARN  ozone.BasicOzoneFileSystem (BasicOzoneFileSystem.java:getFileStatus(765)) - GetFileStatus failed for path /testBatchDelete/parent/child6
java.io.FileNotFoundException: testBatchDelete/parent/child6: No such file or directory!
	at org.apache.hadoop.fs.ozone.BasicOzoneClientAdapterImpl.getFileStatus(BasicOzoneClientAdapterImpl.java:369)
	at org.apache.hadoop.fs.ozone.BasicOzoneFileSystem.getFileStatus(BasicOzoneFileSystem.java:757)
	at org.apache.hadoop.fs.FileSystem.exists(FileSystem.java:1760)
	at org.apache.hadoop.fs.ozone.BasicOzoneFileSystem.exists(BasicOzoneFileSystem.java:804)
	at org.apache.hadoop.fs.ozone.TestOzoneFileSystem.testFileDelete(TestOzoneFileSystem.java:536)
	at sun.reflect.NativeMethodAccessorImpl.invoke0(Native Method)
	at sun.reflect.NativeMethodAccessorImpl.invoke(NativeMethodAccessorImpl.java:62)
	at sun.reflect.DelegatingMethodAccessorImpl.invoke(DelegatingMethodAccessorImpl.java:43)
	at java.lang.reflect.Method.invoke(Method.java:498)
	at org.junit.runners.model.FrameworkMethod$1.runReflectiveCall(FrameworkMethod.java:59)
	at org.junit.internal.runners.model.ReflectiveCallable.run(ReflectiveCallable.java:12)
	at org.junit.runners.model.FrameworkMethod.invokeExplosively(FrameworkMethod.java:56)
	at org.junit.internal.runners.statements.InvokeMethod.evaluate(InvokeMethod.java:17)
	at org.junit.internal.runners.statements.RunAfters.evaluate(RunAfters.java:27)
	at org.junit.internal.runners.statements.FailOnTimeout$CallableStatement.call(FailOnTimeout.java:288)
	at org.junit.internal.runners.statements.FailOnTimeout$CallableStatement.call(FailOnTimeout.java:282)
	at java.util.concurrent.FutureTask.run(FutureTask.java:266)
	at java.lang.Thread.run(Thread.java:750)
09:55:47.287 [IPC Server handler 0 on default port 43879] ERROR OMAudit - user=runner | ip=127.0.0.1 | op=GET_FILE_STATUS {volume=volume99279, bucket=bucket29095, key=testBatchDelete/parent/childFolder/child6, dataSize=0, replicationConfig=null} | ret=FAILURE
org.apache.hadoop.ozone.om.exceptions.OMException: Unable to get file status: volume: volume99279 bucket: bucket29095 key: testBatchDelete/parent/childFolder/child6
	at org.apache.hadoop.ozone.om.KeyManagerImpl.getOzoneFileStatus(KeyManagerImpl.java:1324) ~[ozone-manager-1.3.0-SNAPSHOT.jar:?]
	at org.apache.hadoop.ozone.om.KeyManagerImpl.getFileStatus(KeyManagerImpl.java:1254) ~[ozone-manager-1.3.0-SNAPSHOT.jar:?]
	at org.apache.hadoop.ozone.om.OzoneManager.getFileStatus(OzoneManager.java:3506) ~[ozone-manager-1.3.0-SNAPSHOT.jar:?]
	at org.apache.hadoop.ozone.protocolPB.OzoneManagerRequestHandler.getOzoneFileStatus(OzoneManagerRequestHandler.java:882) ~[ozone-manager-1.3.0-SNAPSHOT.jar:?]
	at org.apache.hadoop.ozone.protocolPB.OzoneManagerRequestHandler.handleReadRequest(OzoneManagerRequestHandler.java:228) ~[ozone-manager-1.3.0-SNAPSHOT.jar:?]
	at org.apache.hadoop.ozone.protocolPB.OzoneManagerProtocolServerSideTranslatorPB.submitRequestDirectlyToOM(OzoneManagerProtocolServerSideTranslatorPB.java:276) ~[ozone-manager-1.3.0-SNAPSHOT.jar:?]
	at org.apache.hadoop.ozone.protocolPB.OzoneManagerProtocolServerSideTranslatorPB.processRequest(OzoneManagerProtocolServerSideTranslatorPB.java:205) ~[ozone-manager-1.3.0-SNAPSHOT.jar:?]
	at org.apache.hadoop.hdds.server.OzoneProtocolMessageDispatcher.processRequest(OzoneProtocolMessageDispatcher.java:87) [hdds-server-framework-1.3.0-SNAPSHOT.jar:?]
	at org.apache.hadoop.ozone.protocolPB.OzoneManagerProtocolServerSideTranslatorPB.submitRequest(OzoneManagerProtocolServerSideTranslatorPB.java:147) [ozone-manager-1.3.0-SNAPSHOT.jar:?]
	at org.apache.hadoop.ozone.protocol.proto.OzoneManagerProtocolProtos$OzoneManagerService$2.callBlockingMethod(OzoneManagerProtocolProtos.java) [ozone-interface-client-1.3.0-SNAPSHOT.jar:?]
	at org.apache.hadoop.ipc.ProtobufRpcEngine$Server.processCall(ProtobufRpcEngine.java:466) [hadoop-common-3.3.1.jar:?]
	at org.apache.hadoop.ipc.ProtobufRpcEngine2$Server$ProtoBufRpcInvoker.call(ProtobufRpcEngine2.java:574) [hadoop-common-3.3.1.jar:?]
	at org.apache.hadoop.ipc.ProtobufRpcEngine2$Server$ProtoBufRpcInvoker.call(ProtobufRpcEngine2.java:552) [hadoop-common-3.3.1.jar:?]
	at org.apache.hadoop.ipc.RPC$Server.call(RPC.java:1093) [hadoop-common-3.3.1.jar:?]
	at org.apache.hadoop.ipc.Server$RpcCall.run(Server.java:1035) [hadoop-common-3.3.1.jar:?]
	at org.apache.hadoop.ipc.Server$RpcCall.run(Server.java:963) [hadoop-common-3.3.1.jar:?]
	at java.security.AccessController.doPrivileged(Native Method) ~[?:1.8.0_345]
	at javax.security.auth.Subject.doAs(Subject.java:422) [?:1.8.0_345]
	at org.apache.hadoop.security.UserGroupInformation.doAs(UserGroupInformation.java:1878) [hadoop-common-3.3.1.jar:?]
	at org.apache.hadoop.ipc.Server$Handler.run(Server.java:2966) [hadoop-common-3.3.1.jar:?]
2022-09-28 09:55:47,288 [Time-limited test] WARN  ozone.BasicOzoneFileSystem (BasicOzoneFileSystem.java:getFileStatus(765)) - GetFileStatus failed for path /testBatchDelete/parent/childFolder/child6
java.io.FileNotFoundException: testBatchDelete/parent/childFolder/child6: No such file or directory!
	at org.apache.hadoop.fs.ozone.BasicOzoneClientAdapterImpl.getFileStatus(BasicOzoneClientAdapterImpl.java:369)
	at org.apache.hadoop.fs.ozone.BasicOzoneFileSystem.getFileStatus(BasicOzoneFileSystem.java:757)
	at org.apache.hadoop.fs.FileSystem.exists(FileSystem.java:1760)
	at org.apache.hadoop.fs.ozone.BasicOzoneFileSystem.exists(BasicOzoneFileSystem.java:804)
	at org.apache.hadoop.fs.ozone.TestOzoneFileSystem.testFileDelete(TestOzoneFileSystem.java:541)
	at sun.reflect.NativeMethodAccessorImpl.invoke0(Native Method)
	at sun.reflect.NativeMethodAccessorImpl.invoke(NativeMethodAccessorImpl.java:62)
	at sun.reflect.DelegatingMethodAccessorImpl.invoke(DelegatingMethodAccessorImpl.java:43)
	at java.lang.reflect.Method.invoke(Method.java:498)
	at org.junit.runners.model.FrameworkMethod$1.runReflectiveCall(FrameworkMethod.java:59)
	at org.junit.internal.runners.model.ReflectiveCallable.run(ReflectiveCallable.java:12)
	at org.junit.runners.model.FrameworkMethod.invokeExplosively(FrameworkMethod.java:56)
	at org.junit.internal.runners.statements.InvokeMethod.evaluate(InvokeMethod.java:17)
	at org.junit.internal.runners.statements.RunAfters.evaluate(RunAfters.java:27)
	at org.junit.internal.runners.statements.FailOnTimeout$CallableStatement.call(FailOnTimeout.java:288)
	at org.junit.internal.runners.statements.FailOnTimeout$CallableStatement.call(FailOnTimeout.java:282)
	at java.util.concurrent.FutureTask.run(FutureTask.java:266)
	at java.lang.Thread.run(Thread.java:750)
09:55:47.288 [IPC Server handler 2 on default port 43879] ERROR OMAudit - user=runner | ip=127.0.0.1 | op=GET_FILE_STATUS {volume=volume99279, bucket=bucket29095, key=testBatchDelete/parent/child7, dataSize=0, replicationConfig=null} | ret=FAILURE
org.apache.hadoop.ozone.om.exceptions.OMException: Unable to get file status: volume: volume99279 bucket: bucket29095 key: testBatchDelete/parent/child7
	at org.apache.hadoop.ozone.om.KeyManagerImpl.getOzoneFileStatus(KeyManagerImpl.java:1324) ~[ozone-manager-1.3.0-SNAPSHOT.jar:?]
	at org.apache.hadoop.ozone.om.KeyManagerImpl.getFileStatus(KeyManagerImpl.java:1254) ~[ozone-manager-1.3.0-SNAPSHOT.jar:?]
	at org.apache.hadoop.ozone.om.OzoneManager.getFileStatus(OzoneManager.java:3506) ~[ozone-manager-1.3.0-SNAPSHOT.jar:?]
	at org.apache.hadoop.ozone.protocolPB.OzoneManagerRequestHandler.getOzoneFileStatus(OzoneManagerRequestHandler.java:882) ~[ozone-manager-1.3.0-SNAPSHOT.jar:?]
	at org.apache.hadoop.ozone.protocolPB.OzoneManagerRequestHandler.handleReadRequest(OzoneManagerRequestHandler.java:228) ~[ozone-manager-1.3.0-SNAPSHOT.jar:?]
	at org.apache.hadoop.ozone.protocolPB.OzoneManagerProtocolServerSideTranslatorPB.submitRequestDirectlyToOM(OzoneManagerProtocolServerSideTranslatorPB.java:276) ~[ozone-manager-1.3.0-SNAPSHOT.jar:?]
	at org.apache.hadoop.ozone.protocolPB.OzoneManagerProtocolServerSideTranslatorPB.processRequest(OzoneManagerProtocolServerSideTranslatorPB.java:205) ~[ozone-manager-1.3.0-SNAPSHOT.jar:?]
	at org.apache.hadoop.hdds.server.OzoneProtocolMessageDispatcher.processRequest(OzoneProtocolMessageDispatcher.java:87) [hdds-server-framework-1.3.0-SNAPSHOT.jar:?]
	at org.apache.hadoop.ozone.protocolPB.OzoneManagerProtocolServerSideTranslatorPB.submitRequest(OzoneManagerProtocolServerSideTranslatorPB.java:147) [ozone-manager-1.3.0-SNAPSHOT.jar:?]
	at org.apache.hadoop.ozone.protocol.proto.OzoneManagerProtocolProtos$OzoneManagerService$2.callBlockingMethod(OzoneManagerProtocolProtos.java) [ozone-interface-client-1.3.0-SNAPSHOT.jar:?]
	at org.apache.hadoop.ipc.ProtobufRpcEngine$Server.processCall(ProtobufRpcEngine.java:466) [hadoop-common-3.3.1.jar:?]
	at org.apache.hadoop.ipc.ProtobufRpcEngine2$Server$ProtoBufRpcInvoker.call(ProtobufRpcEngine2.java:574) [hadoop-common-3.3.1.jar:?]
	at org.apache.hadoop.ipc.ProtobufRpcEngine2$Server$ProtoBufRpcInvoker.call(ProtobufRpcEngine2.java:552) [hadoop-common-3.3.1.jar:?]
	at org.apache.hadoop.ipc.RPC$Server.call(RPC.java:1093) [hadoop-common-3.3.1.jar:?]
	at org.apache.hadoop.ipc.Server$RpcCall.run(Server.java:1035) [hadoop-common-3.3.1.jar:?]
	at org.apache.hadoop.ipc.Server$RpcCall.run(Server.java:963) [hadoop-common-3.3.1.jar:?]
	at java.security.AccessController.doPrivileged(Native Method) ~[?:1.8.0_345]
	at javax.security.auth.Subject.doAs(Subject.java:422) [?:1.8.0_345]
	at org.apache.hadoop.security.UserGroupInformation.doAs(UserGroupInformation.java:1878) [hadoop-common-3.3.1.jar:?]
	at org.apache.hadoop.ipc.Server$Handler.run(Server.java:2966) [hadoop-common-3.3.1.jar:?]
2022-09-28 09:55:47,288 [Time-limited test] WARN  ozone.BasicOzoneFileSystem (BasicOzoneFileSystem.java:getFileStatus(765)) - GetFileStatus failed for path /testBatchDelete/parent/child7
java.io.FileNotFoundException: testBatchDelete/parent/child7: No such file or directory!
	at org.apache.hadoop.fs.ozone.BasicOzoneClientAdapterImpl.getFileStatus(BasicOzoneClientAdapterImpl.java:369)
	at org.apache.hadoop.fs.ozone.BasicOzoneFileSystem.getFileStatus(BasicOzoneFileSystem.java:757)
	at org.apache.hadoop.fs.FileSystem.exists(FileSystem.java:1760)
	at org.apache.hadoop.fs.ozone.BasicOzoneFileSystem.exists(BasicOzoneFileSystem.java:804)
	at org.apache.hadoop.fs.ozone.TestOzoneFileSystem.testFileDelete(TestOzoneFileSystem.java:536)
	at sun.reflect.NativeMethodAccessorImpl.invoke0(Native Method)
	at sun.reflect.NativeMethodAccessorImpl.invoke(NativeMethodAccessorImpl.java:62)
	at sun.reflect.DelegatingMethodAccessorImpl.invoke(DelegatingMethodAccessorImpl.java:43)
	at java.lang.reflect.Method.invoke(Method.java:498)
	at org.junit.runners.model.FrameworkMethod$1.runReflectiveCall(FrameworkMethod.java:59)
	at org.junit.internal.runners.model.ReflectiveCallable.run(ReflectiveCallable.java:12)
	at org.junit.runners.model.FrameworkMethod.invokeExplosively(FrameworkMethod.java:56)
	at org.junit.internal.runners.statements.InvokeMethod.evaluate(InvokeMethod.java:17)
	at org.junit.internal.runners.statements.RunAfters.evaluate(RunAfters.java:27)
	at org.junit.internal.runners.statements.FailOnTimeout$CallableStatement.call(FailOnTimeout.java:288)
	at org.junit.internal.runners.statements.FailOnTimeout$CallableStatement.call(FailOnTimeout.java:282)
	at java.util.concurrent.FutureTask.run(FutureTask.java:266)
	at java.lang.Thread.run(Thread.java:750)
09:55:47.289 [IPC Server handler 5 on default port 43879] ERROR OMAudit - user=runner | ip=127.0.0.1 | op=GET_FILE_STATUS {volume=volume99279, bucket=bucket29095, key=testBatchDelete/parent/childFolder/child7, dataSize=0, replicationConfig=null} | ret=FAILURE
org.apache.hadoop.ozone.om.exceptions.OMException: Unable to get file status: volume: volume99279 bucket: bucket29095 key: testBatchDelete/parent/childFolder/child7
	at org.apache.hadoop.ozone.om.KeyManagerImpl.getOzoneFileStatus(KeyManagerImpl.java:1324) ~[ozone-manager-1.3.0-SNAPSHOT.jar:?]
	at org.apache.hadoop.ozone.om.KeyManagerImpl.getFileStatus(KeyManagerImpl.java:1254) ~[ozone-manager-1.3.0-SNAPSHOT.jar:?]
	at org.apache.hadoop.ozone.om.OzoneManager.getFileStatus(OzoneManager.java:3506) ~[ozone-manager-1.3.0-SNAPSHOT.jar:?]
	at org.apache.hadoop.ozone.protocolPB.OzoneManagerRequestHandler.getOzoneFileStatus(OzoneManagerRequestHandler.java:882) ~[ozone-manager-1.3.0-SNAPSHOT.jar:?]
	at org.apache.hadoop.ozone.protocolPB.OzoneManagerRequestHandler.handleReadRequest(OzoneManagerRequestHandler.java:228) ~[ozone-manager-1.3.0-SNAPSHOT.jar:?]
	at org.apache.hadoop.ozone.protocolPB.OzoneManagerProtocolServerSideTranslatorPB.submitRequestDirectlyToOM(OzoneManagerProtocolServerSideTranslatorPB.java:276) ~[ozone-manager-1.3.0-SNAPSHOT.jar:?]
	at org.apache.hadoop.ozone.protocolPB.OzoneManagerProtocolServerSideTranslatorPB.processRequest(OzoneManagerProtocolServerSideTranslatorPB.java:205) ~[ozone-manager-1.3.0-SNAPSHOT.jar:?]
	at org.apache.hadoop.hdds.server.OzoneProtocolMessageDispatcher.processRequest(OzoneProtocolMessageDispatcher.java:87) [hdds-server-framework-1.3.0-SNAPSHOT.jar:?]
	at org.apache.hadoop.ozone.protocolPB.OzoneManagerProtocolServerSideTranslatorPB.submitRequest(OzoneManagerProtocolServerSideTranslatorPB.java:147) [ozone-manager-1.3.0-SNAPSHOT.jar:?]
	at org.apache.hadoop.ozone.protocol.proto.OzoneManagerProtocolProtos$OzoneManagerService$2.callBlockingMethod(OzoneManagerProtocolProtos.java) [ozone-interface-client-1.3.0-SNAPSHOT.jar:?]
	at org.apache.hadoop.ipc.ProtobufRpcEngine$Server.processCall(ProtobufRpcEngine.java:466) [hadoop-common-3.3.1.jar:?]
	at org.apache.hadoop.ipc.ProtobufRpcEngine2$Server$ProtoBufRpcInvoker.call(ProtobufRpcEngine2.java:574) [hadoop-common-3.3.1.jar:?]
	at org.apache.hadoop.ipc.ProtobufRpcEngine2$Server$ProtoBufRpcInvoker.call(ProtobufRpcEngine2.java:552) [hadoop-common-3.3.1.jar:?]
	at org.apache.hadoop.ipc.RPC$Server.call(RPC.java:1093) [hadoop-common-3.3.1.jar:?]
	at org.apache.hadoop.ipc.Server$RpcCall.run(Server.java:1035) [hadoop-common-3.3.1.jar:?]
	at org.apache.hadoop.ipc.Server$RpcCall.run(Server.java:963) [hadoop-common-3.3.1.jar:?]
	at java.security.AccessController.doPrivileged(Native Method) ~[?:1.8.0_345]
	at javax.security.auth.Subject.doAs(Subject.java:422) [?:1.8.0_345]
	at org.apache.hadoop.security.UserGroupInformation.doAs(UserGroupInformation.java:1878) [hadoop-common-3.3.1.jar:?]
	at org.apache.hadoop.ipc.Server$Handler.run(Server.java:2966) [hadoop-common-3.3.1.jar:?]
2022-09-28 09:55:47,289 [Time-limited test] WARN  ozone.BasicOzoneFileSystem (BasicOzoneFileSystem.java:getFileStatus(765)) - GetFileStatus failed for path /testBatchDelete/parent/childFolder/child7
java.io.FileNotFoundException: testBatchDelete/parent/childFolder/child7: No such file or directory!
	at org.apache.hadoop.fs.ozone.BasicOzoneClientAdapterImpl.getFileStatus(BasicOzoneClientAdapterImpl.java:369)
	at org.apache.hadoop.fs.ozone.BasicOzoneFileSystem.getFileStatus(BasicOzoneFileSystem.java:757)
	at org.apache.hadoop.fs.FileSystem.exists(FileSystem.java:1760)
	at org.apache.hadoop.fs.ozone.BasicOzoneFileSystem.exists(BasicOzoneFileSystem.java:804)
	at org.apache.hadoop.fs.ozone.TestOzoneFileSystem.testFileDelete(TestOzoneFileSystem.java:541)
	at sun.reflect.NativeMethodAccessorImpl.invoke0(Native Method)
	at sun.reflect.NativeMethodAccessorImpl.invoke(NativeMethodAccessorImpl.java:62)
	at sun.reflect.DelegatingMethodAccessorImpl.invoke(DelegatingMethodAccessorImpl.java:43)
	at java.lang.reflect.Method.invoke(Method.java:498)
	at org.junit.runners.model.FrameworkMethod$1.runReflectiveCall(FrameworkMethod.java:59)
	at org.junit.internal.runners.model.ReflectiveCallable.run(ReflectiveCallable.java:12)
	at org.junit.runners.model.FrameworkMethod.invokeExplosively(FrameworkMethod.java:56)
	at org.junit.internal.runners.statements.InvokeMethod.evaluate(InvokeMethod.java:17)
	at org.junit.internal.runners.statements.RunAfters.evaluate(RunAfters.java:27)
	at org.junit.internal.runners.statements.FailOnTimeout$CallableStatement.call(FailOnTimeout.java:288)
	at org.junit.internal.runners.statements.FailOnTimeout$CallableStatement.call(FailOnTimeout.java:282)
	at java.util.concurrent.FutureTask.run(FutureTask.java:266)
	at java.lang.Thread.run(Thread.java:750)
09:55:47.289 [IPC Server handler 12 on default port 43879] ERROR OMAudit - user=runner | ip=127.0.0.1 | op=GET_FILE_STATUS {volume=volume99279, bucket=bucket29095, key=testBatchDelete/parent, dataSize=0, replicationConfig=null} | ret=FAILURE
org.apache.hadoop.ozone.om.exceptions.OMException: Unable to get file status: volume: volume99279 bucket: bucket29095 key: testBatchDelete/parent
	at org.apache.hadoop.ozone.om.KeyManagerImpl.getOzoneFileStatus(KeyManagerImpl.java:1324) ~[ozone-manager-1.3.0-SNAPSHOT.jar:?]
	at org.apache.hadoop.ozone.om.KeyManagerImpl.getFileStatus(KeyManagerImpl.java:1254) ~[ozone-manager-1.3.0-SNAPSHOT.jar:?]
	at org.apache.hadoop.ozone.om.OzoneManager.getFileStatus(OzoneManager.java:3506) ~[ozone-manager-1.3.0-SNAPSHOT.jar:?]
	at org.apache.hadoop.ozone.protocolPB.OzoneManagerRequestHandler.getOzoneFileStatus(OzoneManagerRequestHandler.java:882) ~[ozone-manager-1.3.0-SNAPSHOT.jar:?]
	at org.apache.hadoop.ozone.protocolPB.OzoneManagerRequestHandler.handleReadRequest(OzoneManagerRequestHandler.java:228) ~[ozone-manager-1.3.0-SNAPSHOT.jar:?]
	at org.apache.hadoop.ozone.protocolPB.OzoneManagerProtocolServerSideTranslatorPB.submitRequestDirectlyToOM(OzoneManagerProtocolServerSideTranslatorPB.java:276) ~[ozone-manager-1.3.0-SNAPSHOT.jar:?]
	at org.apache.hadoop.ozone.protocolPB.OzoneManagerProtocolServerSideTranslatorPB.processRequest(OzoneManagerProtocolServerSideTranslatorPB.java:205) ~[ozone-manager-1.3.0-SNAPSHOT.jar:?]
	at org.apache.hadoop.hdds.server.OzoneProtocolMessageDispatcher.processRequest(OzoneProtocolMessageDispatcher.java:87) [hdds-server-framework-1.3.0-SNAPSHOT.jar:?]
	at org.apache.hadoop.ozone.protocolPB.OzoneManagerProtocolServerSideTranslatorPB.submitRequest(OzoneManagerProtocolServerSideTranslatorPB.java:147) [ozone-manager-1.3.0-SNAPSHOT.jar:?]
	at org.apache.hadoop.ozone.protocol.proto.OzoneManagerProtocolProtos$OzoneManagerService$2.callBlockingMethod(OzoneManagerProtocolProtos.java) [ozone-interface-client-1.3.0-SNAPSHOT.jar:?]
	at org.apache.hadoop.ipc.ProtobufRpcEngine$Server.processCall(ProtobufRpcEngine.java:466) [hadoop-common-3.3.1.jar:?]
	at org.apache.hadoop.ipc.ProtobufRpcEngine2$Server$ProtoBufRpcInvoker.call(ProtobufRpcEngine2.java:574) [hadoop-common-3.3.1.jar:?]
	at org.apache.hadoop.ipc.ProtobufRpcEngine2$Server$ProtoBufRpcInvoker.call(ProtobufRpcEngine2.java:552) [hadoop-common-3.3.1.jar:?]
	at org.apache.hadoop.ipc.RPC$Server.call(RPC.java:1093) [hadoop-common-3.3.1.jar:?]
	at org.apache.hadoop.ipc.Server$RpcCall.run(Server.java:1035) [hadoop-common-3.3.1.jar:?]
	at org.apache.hadoop.ipc.Server$RpcCall.run(Server.java:963) [hadoop-common-3.3.1.jar:?]
	at java.security.AccessController.doPrivileged(Native Method) ~[?:1.8.0_345]
	at javax.security.auth.Subject.doAs(Subject.java:422) [?:1.8.0_345]
	at org.apache.hadoop.security.UserGroupInformation.doAs(UserGroupInformation.java:1878) [hadoop-common-3.3.1.jar:?]
	at org.apache.hadoop.ipc.Server$Handler.run(Server.java:2966) [hadoop-common-3.3.1.jar:?]
2022-09-28 09:55:47,290 [Time-limited test] WARN  ozone.BasicOzoneFileSystem (BasicOzoneFileSystem.java:getFileStatus(765)) - GetFileStatus failed for path /testBatchDelete/parent
java.io.FileNotFoundException: testBatchDelete/parent: No such file or directory!
	at org.apache.hadoop.fs.ozone.BasicOzoneClientAdapterImpl.getFileStatus(BasicOzoneClientAdapterImpl.java:369)
	at org.apache.hadoop.fs.ozone.BasicOzoneFileSystem.getFileStatus(BasicOzoneFileSystem.java:757)
	at org.apache.hadoop.fs.ozone.BasicOzoneFileSystem.delete(BasicOzoneFileSystem.java:530)
	at org.apache.hadoop.fs.ozone.TestOzoneFileSystem.testFileDelete(TestOzoneFileSystem.java:545)
	at sun.reflect.NativeMethodAccessorImpl.invoke0(Native Method)
	at sun.reflect.NativeMethodAccessorImpl.invoke(NativeMethodAccessorImpl.java:62)
	at sun.reflect.DelegatingMethodAccessorImpl.invoke(DelegatingMethodAccessorImpl.java:43)
	at java.lang.reflect.Method.invoke(Method.java:498)
	at org.junit.runners.model.FrameworkMethod$1.runReflectiveCall(FrameworkMethod.java:59)
	at org.junit.internal.runners.model.ReflectiveCallable.run(ReflectiveCallable.java:12)
	at org.junit.runners.model.FrameworkMethod.invokeExplosively(FrameworkMethod.java:56)
	at org.junit.internal.runners.statements.InvokeMethod.evaluate(InvokeMethod.java:17)
	at org.junit.internal.runners.statements.RunAfters.evaluate(RunAfters.java:27)
	at org.junit.internal.runners.statements.FailOnTimeout$CallableStatement.call(FailOnTimeout.java:288)
	at org.junit.internal.runners.statements.FailOnTimeout$CallableStatement.call(FailOnTimeout.java:282)
	at java.util.concurrent.FutureTask.run(FutureTask.java:266)
	at java.lang.Thread.run(Thread.java:750)
2022-09-28 09:55:47,290 [Time-limited test] WARN  ozone.BasicOzoneFileSystem (BasicOzoneFileSystem.java:delete(532)) - delete: Path does not exist: /testBatchDelete/parent
]]></system-out>
  </testcase>
  <testcase name="testFileDelete" classname="TestOzoneFileSystem" time="0.142">
    <system-out><![CDATA[09:57:08.991 [IPC Server handler 15 on default port 44537] ERROR OMAudit - user=runner | ip=127.0.0.1 | op=GET_FILE_STATUS {volume=volume16412, bucket=bucket93813, key=testBatchDelete, dataSize=0, replicationConfig=null} | ret=FAILURE
org.apache.hadoop.ozone.om.exceptions.OMException: Unable to get file status: volume: volume16412 bucket: bucket93813 key: testBatchDelete
	at org.apache.hadoop.ozone.om.KeyManagerImpl.getOzoneFileStatus(KeyManagerImpl.java:1324) ~[ozone-manager-1.3.0-SNAPSHOT.jar:?]
	at org.apache.hadoop.ozone.om.KeyManagerImpl.getFileStatus(KeyManagerImpl.java:1254) ~[ozone-manager-1.3.0-SNAPSHOT.jar:?]
	at org.apache.hadoop.ozone.om.OzoneManager.getFileStatus(OzoneManager.java:3506) ~[ozone-manager-1.3.0-SNAPSHOT.jar:?]
	at org.apache.hadoop.ozone.protocolPB.OzoneManagerRequestHandler.getOzoneFileStatus(OzoneManagerRequestHandler.java:882) ~[ozone-manager-1.3.0-SNAPSHOT.jar:?]
	at org.apache.hadoop.ozone.protocolPB.OzoneManagerRequestHandler.handleReadRequest(OzoneManagerRequestHandler.java:228) ~[ozone-manager-1.3.0-SNAPSHOT.jar:?]
	at org.apache.hadoop.ozone.protocolPB.OzoneManagerProtocolServerSideTranslatorPB.submitReadRequestToOM(OzoneManagerProtocolServerSideTranslatorPB.java:226) ~[ozone-manager-1.3.0-SNAPSHOT.jar:?]
	at org.apache.hadoop.ozone.protocolPB.OzoneManagerProtocolServerSideTranslatorPB.processRequest(OzoneManagerProtocolServerSideTranslatorPB.java:175) ~[ozone-manager-1.3.0-SNAPSHOT.jar:?]
	at org.apache.hadoop.hdds.server.OzoneProtocolMessageDispatcher.processRequest(OzoneProtocolMessageDispatcher.java:87) [hdds-server-framework-1.3.0-SNAPSHOT.jar:?]
	at org.apache.hadoop.ozone.protocolPB.OzoneManagerProtocolServerSideTranslatorPB.submitRequest(OzoneManagerProtocolServerSideTranslatorPB.java:147) [ozone-manager-1.3.0-SNAPSHOT.jar:?]
	at org.apache.hadoop.ozone.protocol.proto.OzoneManagerProtocolProtos$OzoneManagerService$2.callBlockingMethod(OzoneManagerProtocolProtos.java) [ozone-interface-client-1.3.0-SNAPSHOT.jar:?]
	at org.apache.hadoop.ipc.ProtobufRpcEngine$Server.processCall(ProtobufRpcEngine.java:466) [hadoop-common-3.3.1.jar:?]
	at org.apache.hadoop.ipc.ProtobufRpcEngine2$Server$ProtoBufRpcInvoker.call(ProtobufRpcEngine2.java:574) [hadoop-common-3.3.1.jar:?]
	at org.apache.hadoop.ipc.ProtobufRpcEngine2$Server$ProtoBufRpcInvoker.call(ProtobufRpcEngine2.java:552) [hadoop-common-3.3.1.jar:?]
	at org.apache.hadoop.ipc.RPC$Server.call(RPC.java:1093) [hadoop-common-3.3.1.jar:?]
	at org.apache.hadoop.ipc.Server$RpcCall.run(Server.java:1035) [hadoop-common-3.3.1.jar:?]
	at org.apache.hadoop.ipc.Server$RpcCall.run(Server.java:963) [hadoop-common-3.3.1.jar:?]
	at java.security.AccessController.doPrivileged(Native Method) ~[?:1.8.0_345]
	at javax.security.auth.Subject.doAs(Subject.java:422) [?:1.8.0_345]
	at org.apache.hadoop.security.UserGroupInformation.doAs(UserGroupInformation.java:1878) [hadoop-common-3.3.1.jar:?]
	at org.apache.hadoop.ipc.Server$Handler.run(Server.java:2966) [hadoop-common-3.3.1.jar:?]
2022-09-28 09:57:08,992 [Time-limited test] WARN  ozone.BasicOzoneFileSystem (BasicOzoneFileSystem.java:getFileStatus(765)) - GetFileStatus failed for path /testBatchDelete
java.io.FileNotFoundException: testBatchDelete: No such file or directory!
	at org.apache.hadoop.fs.ozone.BasicOzoneClientAdapterImpl.getFileStatus(BasicOzoneClientAdapterImpl.java:369)
	at org.apache.hadoop.fs.ozone.BasicOzoneFileSystem.getFileStatus(BasicOzoneFileSystem.java:757)
	at org.apache.hadoop.fs.FileSystem.exists(FileSystem.java:1760)
	at org.apache.hadoop.fs.ozone.BasicOzoneFileSystem.exists(BasicOzoneFileSystem.java:804)
	at org.apache.hadoop.fs.ozone.TestOzoneFileSystem.testFileDelete(TestOzoneFileSystem.java:532)
	at sun.reflect.NativeMethodAccessorImpl.invoke0(Native Method)
	at sun.reflect.NativeMethodAccessorImpl.invoke(NativeMethodAccessorImpl.java:62)
	at sun.reflect.DelegatingMethodAccessorImpl.invoke(DelegatingMethodAccessorImpl.java:43)
	at java.lang.reflect.Method.invoke(Method.java:498)
	at org.junit.runners.model.FrameworkMethod$1.runReflectiveCall(FrameworkMethod.java:59)
	at org.junit.internal.runners.model.ReflectiveCallable.run(ReflectiveCallable.java:12)
	at org.junit.runners.model.FrameworkMethod.invokeExplosively(FrameworkMethod.java:56)
	at org.junit.internal.runners.statements.InvokeMethod.evaluate(InvokeMethod.java:17)
	at org.junit.internal.runners.statements.RunAfters.evaluate(RunAfters.java:27)
	at org.junit.internal.runners.statements.FailOnTimeout$CallableStatement.call(FailOnTimeout.java:288)
	at org.junit.internal.runners.statements.FailOnTimeout$CallableStatement.call(FailOnTimeout.java:282)
	at java.util.concurrent.FutureTask.run(FutureTask.java:266)
	at java.lang.Thread.run(Thread.java:750)
09:57:08.992 [IPC Server handler 2 on default port 44537] ERROR OMAudit - user=runner | ip=127.0.0.1 | op=GET_FILE_STATUS {volume=volume16412, bucket=bucket93813, key=testBatchDelete/parent/child0, dataSize=0, replicationConfig=null} | ret=FAILURE
org.apache.hadoop.ozone.om.exceptions.OMException: Unable to get file status: volume: volume16412 bucket: bucket93813 key: testBatchDelete/parent/child0
	at org.apache.hadoop.ozone.om.KeyManagerImpl.getOzoneFileStatus(KeyManagerImpl.java:1324) ~[ozone-manager-1.3.0-SNAPSHOT.jar:?]
	at org.apache.hadoop.ozone.om.KeyManagerImpl.getFileStatus(KeyManagerImpl.java:1254) ~[ozone-manager-1.3.0-SNAPSHOT.jar:?]
	at org.apache.hadoop.ozone.om.OzoneManager.getFileStatus(OzoneManager.java:3506) ~[ozone-manager-1.3.0-SNAPSHOT.jar:?]
	at org.apache.hadoop.ozone.protocolPB.OzoneManagerRequestHandler.getOzoneFileStatus(OzoneManagerRequestHandler.java:882) ~[ozone-manager-1.3.0-SNAPSHOT.jar:?]
	at org.apache.hadoop.ozone.protocolPB.OzoneManagerRequestHandler.handleReadRequest(OzoneManagerRequestHandler.java:228) ~[ozone-manager-1.3.0-SNAPSHOT.jar:?]
	at org.apache.hadoop.ozone.protocolPB.OzoneManagerProtocolServerSideTranslatorPB.submitReadRequestToOM(OzoneManagerProtocolServerSideTranslatorPB.java:226) ~[ozone-manager-1.3.0-SNAPSHOT.jar:?]
	at org.apache.hadoop.ozone.protocolPB.OzoneManagerProtocolServerSideTranslatorPB.processRequest(OzoneManagerProtocolServerSideTranslatorPB.java:175) ~[ozone-manager-1.3.0-SNAPSHOT.jar:?]
	at org.apache.hadoop.hdds.server.OzoneProtocolMessageDispatcher.processRequest(OzoneProtocolMessageDispatcher.java:87) [hdds-server-framework-1.3.0-SNAPSHOT.jar:?]
	at org.apache.hadoop.ozone.protocolPB.OzoneManagerProtocolServerSideTranslatorPB.submitRequest(OzoneManagerProtocolServerSideTranslatorPB.java:147) [ozone-manager-1.3.0-SNAPSHOT.jar:?]
	at org.apache.hadoop.ozone.protocol.proto.OzoneManagerProtocolProtos$OzoneManagerService$2.callBlockingMethod(OzoneManagerProtocolProtos.java) [ozone-interface-client-1.3.0-SNAPSHOT.jar:?]
	at org.apache.hadoop.ipc.ProtobufRpcEngine$Server.processCall(ProtobufRpcEngine.java:466) [hadoop-common-3.3.1.jar:?]
	at org.apache.hadoop.ipc.ProtobufRpcEngine2$Server$ProtoBufRpcInvoker.call(ProtobufRpcEngine2.java:574) [hadoop-common-3.3.1.jar:?]
	at org.apache.hadoop.ipc.ProtobufRpcEngine2$Server$ProtoBufRpcInvoker.call(ProtobufRpcEngine2.java:552) [hadoop-common-3.3.1.jar:?]
	at org.apache.hadoop.ipc.RPC$Server.call(RPC.java:1093) [hadoop-common-3.3.1.jar:?]
	at org.apache.hadoop.ipc.Server$RpcCall.run(Server.java:1035) [hadoop-common-3.3.1.jar:?]
	at org.apache.hadoop.ipc.Server$RpcCall.run(Server.java:963) [hadoop-common-3.3.1.jar:?]
	at java.security.AccessController.doPrivileged(Native Method) ~[?:1.8.0_345]
	at javax.security.auth.Subject.doAs(Subject.java:422) [?:1.8.0_345]
	at org.apache.hadoop.security.UserGroupInformation.doAs(UserGroupInformation.java:1878) [hadoop-common-3.3.1.jar:?]
	at org.apache.hadoop.ipc.Server$Handler.run(Server.java:2966) [hadoop-common-3.3.1.jar:?]
2022-09-28 09:57:08,992 [Time-limited test] WARN  ozone.BasicOzoneFileSystem (BasicOzoneFileSystem.java:getFileStatus(765)) - GetFileStatus failed for path /testBatchDelete/parent/child0
java.io.FileNotFoundException: testBatchDelete/parent/child0: No such file or directory!
	at org.apache.hadoop.fs.ozone.BasicOzoneClientAdapterImpl.getFileStatus(BasicOzoneClientAdapterImpl.java:369)
	at org.apache.hadoop.fs.ozone.BasicOzoneFileSystem.getFileStatus(BasicOzoneFileSystem.java:757)
	at org.apache.hadoop.fs.FileSystem.exists(FileSystem.java:1760)
	at org.apache.hadoop.fs.ozone.BasicOzoneFileSystem.exists(BasicOzoneFileSystem.java:804)
	at org.apache.hadoop.fs.ozone.TestOzoneFileSystem.testFileDelete(TestOzoneFileSystem.java:536)
	at sun.reflect.NativeMethodAccessorImpl.invoke0(Native Method)
	at sun.reflect.NativeMethodAccessorImpl.invoke(NativeMethodAccessorImpl.java:62)
	at sun.reflect.DelegatingMethodAccessorImpl.invoke(DelegatingMethodAccessorImpl.java:43)
	at java.lang.reflect.Method.invoke(Method.java:498)
	at org.junit.runners.model.FrameworkMethod$1.runReflectiveCall(FrameworkMethod.java:59)
	at org.junit.internal.runners.model.ReflectiveCallable.run(ReflectiveCallable.java:12)
	at org.junit.runners.model.FrameworkMethod.invokeExplosively(FrameworkMethod.java:56)
	at org.junit.internal.runners.statements.InvokeMethod.evaluate(InvokeMethod.java:17)
	at org.junit.internal.runners.statements.RunAfters.evaluate(RunAfters.java:27)
	at org.junit.internal.runners.statements.FailOnTimeout$CallableStatement.call(FailOnTimeout.java:288)
	at org.junit.internal.runners.statements.FailOnTimeout$CallableStatement.call(FailOnTimeout.java:282)
	at java.util.concurrent.FutureTask.run(FutureTask.java:266)
	at java.lang.Thread.run(Thread.java:750)
09:57:08.993 [IPC Server handler 19 on default port 44537] ERROR OMAudit - user=runner | ip=127.0.0.1 | op=GET_FILE_STATUS {volume=volume16412, bucket=bucket93813, key=testBatchDelete/parent/childFolder/child0, dataSize=0, replicationConfig=null} | ret=FAILURE
org.apache.hadoop.ozone.om.exceptions.OMException: Unable to get file status: volume: volume16412 bucket: bucket93813 key: testBatchDelete/parent/childFolder/child0
	at org.apache.hadoop.ozone.om.KeyManagerImpl.getOzoneFileStatus(KeyManagerImpl.java:1324) ~[ozone-manager-1.3.0-SNAPSHOT.jar:?]
	at org.apache.hadoop.ozone.om.KeyManagerImpl.getFileStatus(KeyManagerImpl.java:1254) ~[ozone-manager-1.3.0-SNAPSHOT.jar:?]
	at org.apache.hadoop.ozone.om.OzoneManager.getFileStatus(OzoneManager.java:3506) ~[ozone-manager-1.3.0-SNAPSHOT.jar:?]
	at org.apache.hadoop.ozone.protocolPB.OzoneManagerRequestHandler.getOzoneFileStatus(OzoneManagerRequestHandler.java:882) ~[ozone-manager-1.3.0-SNAPSHOT.jar:?]
	at org.apache.hadoop.ozone.protocolPB.OzoneManagerRequestHandler.handleReadRequest(OzoneManagerRequestHandler.java:228) ~[ozone-manager-1.3.0-SNAPSHOT.jar:?]
	at org.apache.hadoop.ozone.protocolPB.OzoneManagerProtocolServerSideTranslatorPB.submitReadRequestToOM(OzoneManagerProtocolServerSideTranslatorPB.java:226) ~[ozone-manager-1.3.0-SNAPSHOT.jar:?]
	at org.apache.hadoop.ozone.protocolPB.OzoneManagerProtocolServerSideTranslatorPB.processRequest(OzoneManagerProtocolServerSideTranslatorPB.java:175) ~[ozone-manager-1.3.0-SNAPSHOT.jar:?]
	at org.apache.hadoop.hdds.server.OzoneProtocolMessageDispatcher.processRequest(OzoneProtocolMessageDispatcher.java:87) [hdds-server-framework-1.3.0-SNAPSHOT.jar:?]
	at org.apache.hadoop.ozone.protocolPB.OzoneManagerProtocolServerSideTranslatorPB.submitRequest(OzoneManagerProtocolServerSideTranslatorPB.java:147) [ozone-manager-1.3.0-SNAPSHOT.jar:?]
	at org.apache.hadoop.ozone.protocol.proto.OzoneManagerProtocolProtos$OzoneManagerService$2.callBlockingMethod(OzoneManagerProtocolProtos.java) [ozone-interface-client-1.3.0-SNAPSHOT.jar:?]
	at org.apache.hadoop.ipc.ProtobufRpcEngine$Server.processCall(ProtobufRpcEngine.java:466) [hadoop-common-3.3.1.jar:?]
	at org.apache.hadoop.ipc.ProtobufRpcEngine2$Server$ProtoBufRpcInvoker.call(ProtobufRpcEngine2.java:574) [hadoop-common-3.3.1.jar:?]
	at org.apache.hadoop.ipc.ProtobufRpcEngine2$Server$ProtoBufRpcInvoker.call(ProtobufRpcEngine2.java:552) [hadoop-common-3.3.1.jar:?]
	at org.apache.hadoop.ipc.RPC$Server.call(RPC.java:1093) [hadoop-common-3.3.1.jar:?]
	at org.apache.hadoop.ipc.Server$RpcCall.run(Server.java:1035) [hadoop-common-3.3.1.jar:?]
	at org.apache.hadoop.ipc.Server$RpcCall.run(Server.java:963) [hadoop-common-3.3.1.jar:?]
	at java.security.AccessController.doPrivileged(Native Method) ~[?:1.8.0_345]
	at javax.security.auth.Subject.doAs(Subject.java:422) [?:1.8.0_345]
	at org.apache.hadoop.security.UserGroupInformation.doAs(UserGroupInformation.java:1878) [hadoop-common-3.3.1.jar:?]
	at org.apache.hadoop.ipc.Server$Handler.run(Server.java:2966) [hadoop-common-3.3.1.jar:?]
2022-09-28 09:57:08,993 [Time-limited test] WARN  ozone.BasicOzoneFileSystem (BasicOzoneFileSystem.java:getFileStatus(765)) - GetFileStatus failed for path /testBatchDelete/parent/childFolder/child0
java.io.FileNotFoundException: testBatchDelete/parent/childFolder/child0: No such file or directory!
	at org.apache.hadoop.fs.ozone.BasicOzoneClientAdapterImpl.getFileStatus(BasicOzoneClientAdapterImpl.java:369)
	at org.apache.hadoop.fs.ozone.BasicOzoneFileSystem.getFileStatus(BasicOzoneFileSystem.java:757)
	at org.apache.hadoop.fs.FileSystem.exists(FileSystem.java:1760)
	at org.apache.hadoop.fs.ozone.BasicOzoneFileSystem.exists(BasicOzoneFileSystem.java:804)
	at org.apache.hadoop.fs.ozone.TestOzoneFileSystem.testFileDelete(TestOzoneFileSystem.java:541)
	at sun.reflect.NativeMethodAccessorImpl.invoke0(Native Method)
	at sun.reflect.NativeMethodAccessorImpl.invoke(NativeMethodAccessorImpl.java:62)
	at sun.reflect.DelegatingMethodAccessorImpl.invoke(DelegatingMethodAccessorImpl.java:43)
	at java.lang.reflect.Method.invoke(Method.java:498)
	at org.junit.runners.model.FrameworkMethod$1.runReflectiveCall(FrameworkMethod.java:59)
	at org.junit.internal.runners.model.ReflectiveCallable.run(ReflectiveCallable.java:12)
	at org.junit.runners.model.FrameworkMethod.invokeExplosively(FrameworkMethod.java:56)
	at org.junit.internal.runners.statements.InvokeMethod.evaluate(InvokeMethod.java:17)
	at org.junit.internal.runners.statements.RunAfters.evaluate(RunAfters.java:27)
	at org.junit.internal.runners.statements.FailOnTimeout$CallableStatement.call(FailOnTimeout.java:288)
	at org.junit.internal.runners.statements.FailOnTimeout$CallableStatement.call(FailOnTimeout.java:282)
	at java.util.concurrent.FutureTask.run(FutureTask.java:266)
	at java.lang.Thread.run(Thread.java:750)
09:57:08.993 [IPC Server handler 18 on default port 44537] ERROR OMAudit - user=runner | ip=127.0.0.1 | op=GET_FILE_STATUS {volume=volume16412, bucket=bucket93813, key=testBatchDelete/parent/child1, dataSize=0, replicationConfig=null} | ret=FAILURE
org.apache.hadoop.ozone.om.exceptions.OMException: Unable to get file status: volume: volume16412 bucket: bucket93813 key: testBatchDelete/parent/child1
	at org.apache.hadoop.ozone.om.KeyManagerImpl.getOzoneFileStatus(KeyManagerImpl.java:1324) ~[ozone-manager-1.3.0-SNAPSHOT.jar:?]
	at org.apache.hadoop.ozone.om.KeyManagerImpl.getFileStatus(KeyManagerImpl.java:1254) ~[ozone-manager-1.3.0-SNAPSHOT.jar:?]
	at org.apache.hadoop.ozone.om.OzoneManager.getFileStatus(OzoneManager.java:3506) ~[ozone-manager-1.3.0-SNAPSHOT.jar:?]
	at org.apache.hadoop.ozone.protocolPB.OzoneManagerRequestHandler.getOzoneFileStatus(OzoneManagerRequestHandler.java:882) ~[ozone-manager-1.3.0-SNAPSHOT.jar:?]
	at org.apache.hadoop.ozone.protocolPB.OzoneManagerRequestHandler.handleReadRequest(OzoneManagerRequestHandler.java:228) ~[ozone-manager-1.3.0-SNAPSHOT.jar:?]
	at org.apache.hadoop.ozone.protocolPB.OzoneManagerProtocolServerSideTranslatorPB.submitReadRequestToOM(OzoneManagerProtocolServerSideTranslatorPB.java:226) ~[ozone-manager-1.3.0-SNAPSHOT.jar:?]
	at org.apache.hadoop.ozone.protocolPB.OzoneManagerProtocolServerSideTranslatorPB.processRequest(OzoneManagerProtocolServerSideTranslatorPB.java:175) ~[ozone-manager-1.3.0-SNAPSHOT.jar:?]
	at org.apache.hadoop.hdds.server.OzoneProtocolMessageDispatcher.processRequest(OzoneProtocolMessageDispatcher.java:87) [hdds-server-framework-1.3.0-SNAPSHOT.jar:?]
	at org.apache.hadoop.ozone.protocolPB.OzoneManagerProtocolServerSideTranslatorPB.submitRequest(OzoneManagerProtocolServerSideTranslatorPB.java:147) [ozone-manager-1.3.0-SNAPSHOT.jar:?]
	at org.apache.hadoop.ozone.protocol.proto.OzoneManagerProtocolProtos$OzoneManagerService$2.callBlockingMethod(OzoneManagerProtocolProtos.java) [ozone-interface-client-1.3.0-SNAPSHOT.jar:?]
	at org.apache.hadoop.ipc.ProtobufRpcEngine$Server.processCall(ProtobufRpcEngine.java:466) [hadoop-common-3.3.1.jar:?]
	at org.apache.hadoop.ipc.ProtobufRpcEngine2$Server$ProtoBufRpcInvoker.call(ProtobufRpcEngine2.java:574) [hadoop-common-3.3.1.jar:?]
	at org.apache.hadoop.ipc.ProtobufRpcEngine2$Server$ProtoBufRpcInvoker.call(ProtobufRpcEngine2.java:552) [hadoop-common-3.3.1.jar:?]
	at org.apache.hadoop.ipc.RPC$Server.call(RPC.java:1093) [hadoop-common-3.3.1.jar:?]
	at org.apache.hadoop.ipc.Server$RpcCall.run(Server.java:1035) [hadoop-common-3.3.1.jar:?]
	at org.apache.hadoop.ipc.Server$RpcCall.run(Server.java:963) [hadoop-common-3.3.1.jar:?]
	at java.security.AccessController.doPrivileged(Native Method) ~[?:1.8.0_345]
	at javax.security.auth.Subject.doAs(Subject.java:422) [?:1.8.0_345]
	at org.apache.hadoop.security.UserGroupInformation.doAs(UserGroupInformation.java:1878) [hadoop-common-3.3.1.jar:?]
	at org.apache.hadoop.ipc.Server$Handler.run(Server.java:2966) [hadoop-common-3.3.1.jar:?]
2022-09-28 09:57:08,993 [Time-limited test] WARN  ozone.BasicOzoneFileSystem (BasicOzoneFileSystem.java:getFileStatus(765)) - GetFileStatus failed for path /testBatchDelete/parent/child1
java.io.FileNotFoundException: testBatchDelete/parent/child1: No such file or directory!
	at org.apache.hadoop.fs.ozone.BasicOzoneClientAdapterImpl.getFileStatus(BasicOzoneClientAdapterImpl.java:369)
	at org.apache.hadoop.fs.ozone.BasicOzoneFileSystem.getFileStatus(BasicOzoneFileSystem.java:757)
	at org.apache.hadoop.fs.FileSystem.exists(FileSystem.java:1760)
	at org.apache.hadoop.fs.ozone.BasicOzoneFileSystem.exists(BasicOzoneFileSystem.java:804)
	at org.apache.hadoop.fs.ozone.TestOzoneFileSystem.testFileDelete(TestOzoneFileSystem.java:536)
	at sun.reflect.NativeMethodAccessorImpl.invoke0(Native Method)
	at sun.reflect.NativeMethodAccessorImpl.invoke(NativeMethodAccessorImpl.java:62)
	at sun.reflect.DelegatingMethodAccessorImpl.invoke(DelegatingMethodAccessorImpl.java:43)
	at java.lang.reflect.Method.invoke(Method.java:498)
	at org.junit.runners.model.FrameworkMethod$1.runReflectiveCall(FrameworkMethod.java:59)
	at org.junit.internal.runners.model.ReflectiveCallable.run(ReflectiveCallable.java:12)
	at org.junit.runners.model.FrameworkMethod.invokeExplosively(FrameworkMethod.java:56)
	at org.junit.internal.runners.statements.InvokeMethod.evaluate(InvokeMethod.java:17)
	at org.junit.internal.runners.statements.RunAfters.evaluate(RunAfters.java:27)
	at org.junit.internal.runners.statements.FailOnTimeout$CallableStatement.call(FailOnTimeout.java:288)
	at org.junit.internal.runners.statements.FailOnTimeout$CallableStatement.call(FailOnTimeout.java:282)
	at java.util.concurrent.FutureTask.run(FutureTask.java:266)
	at java.lang.Thread.run(Thread.java:750)
09:57:08.994 [IPC Server handler 1 on default port 44537] ERROR OMAudit - user=runner | ip=127.0.0.1 | op=GET_FILE_STATUS {volume=volume16412, bucket=bucket93813, key=testBatchDelete/parent/childFolder/child1, dataSize=0, replicationConfig=null} | ret=FAILURE
org.apache.hadoop.ozone.om.exceptions.OMException: Unable to get file status: volume: volume16412 bucket: bucket93813 key: testBatchDelete/parent/childFolder/child1
	at org.apache.hadoop.ozone.om.KeyManagerImpl.getOzoneFileStatus(KeyManagerImpl.java:1324) ~[ozone-manager-1.3.0-SNAPSHOT.jar:?]
	at org.apache.hadoop.ozone.om.KeyManagerImpl.getFileStatus(KeyManagerImpl.java:1254) ~[ozone-manager-1.3.0-SNAPSHOT.jar:?]
	at org.apache.hadoop.ozone.om.OzoneManager.getFileStatus(OzoneManager.java:3506) ~[ozone-manager-1.3.0-SNAPSHOT.jar:?]
	at org.apache.hadoop.ozone.protocolPB.OzoneManagerRequestHandler.getOzoneFileStatus(OzoneManagerRequestHandler.java:882) ~[ozone-manager-1.3.0-SNAPSHOT.jar:?]
	at org.apache.hadoop.ozone.protocolPB.OzoneManagerRequestHandler.handleReadRequest(OzoneManagerRequestHandler.java:228) ~[ozone-manager-1.3.0-SNAPSHOT.jar:?]
	at org.apache.hadoop.ozone.protocolPB.OzoneManagerProtocolServerSideTranslatorPB.submitReadRequestToOM(OzoneManagerProtocolServerSideTranslatorPB.java:226) ~[ozone-manager-1.3.0-SNAPSHOT.jar:?]
	at org.apache.hadoop.ozone.protocolPB.OzoneManagerProtocolServerSideTranslatorPB.processRequest(OzoneManagerProtocolServerSideTranslatorPB.java:175) ~[ozone-manager-1.3.0-SNAPSHOT.jar:?]
	at org.apache.hadoop.hdds.server.OzoneProtocolMessageDispatcher.processRequest(OzoneProtocolMessageDispatcher.java:87) [hdds-server-framework-1.3.0-SNAPSHOT.jar:?]
	at org.apache.hadoop.ozone.protocolPB.OzoneManagerProtocolServerSideTranslatorPB.submitRequest(OzoneManagerProtocolServerSideTranslatorPB.java:147) [ozone-manager-1.3.0-SNAPSHOT.jar:?]
	at org.apache.hadoop.ozone.protocol.proto.OzoneManagerProtocolProtos$OzoneManagerService$2.callBlockingMethod(OzoneManagerProtocolProtos.java) [ozone-interface-client-1.3.0-SNAPSHOT.jar:?]
	at org.apache.hadoop.ipc.ProtobufRpcEngine$Server.processCall(ProtobufRpcEngine.java:466) [hadoop-common-3.3.1.jar:?]
	at org.apache.hadoop.ipc.ProtobufRpcEngine2$Server$ProtoBufRpcInvoker.call(ProtobufRpcEngine2.java:574) [hadoop-common-3.3.1.jar:?]
	at org.apache.hadoop.ipc.ProtobufRpcEngine2$Server$ProtoBufRpcInvoker.call(ProtobufRpcEngine2.java:552) [hadoop-common-3.3.1.jar:?]
	at org.apache.hadoop.ipc.RPC$Server.call(RPC.java:1093) [hadoop-common-3.3.1.jar:?]
	at org.apache.hadoop.ipc.Server$RpcCall.run(Server.java:1035) [hadoop-common-3.3.1.jar:?]
	at org.apache.hadoop.ipc.Server$RpcCall.run(Server.java:963) [hadoop-common-3.3.1.jar:?]
	at java.security.AccessController.doPrivileged(Native Method) ~[?:1.8.0_345]
	at javax.security.auth.Subject.doAs(Subject.java:422) [?:1.8.0_345]
	at org.apache.hadoop.security.UserGroupInformation.doAs(UserGroupInformation.java:1878) [hadoop-common-3.3.1.jar:?]
	at org.apache.hadoop.ipc.Server$Handler.run(Server.java:2966) [hadoop-common-3.3.1.jar:?]
2022-09-28 09:57:08,994 [Time-limited test] WARN  ozone.BasicOzoneFileSystem (BasicOzoneFileSystem.java:getFileStatus(765)) - GetFileStatus failed for path /testBatchDelete/parent/childFolder/child1
java.io.FileNotFoundException: testBatchDelete/parent/childFolder/child1: No such file or directory!
	at org.apache.hadoop.fs.ozone.BasicOzoneClientAdapterImpl.getFileStatus(BasicOzoneClientAdapterImpl.java:369)
	at org.apache.hadoop.fs.ozone.BasicOzoneFileSystem.getFileStatus(BasicOzoneFileSystem.java:757)
	at org.apache.hadoop.fs.FileSystem.exists(FileSystem.java:1760)
	at org.apache.hadoop.fs.ozone.BasicOzoneFileSystem.exists(BasicOzoneFileSystem.java:804)
	at org.apache.hadoop.fs.ozone.TestOzoneFileSystem.testFileDelete(TestOzoneFileSystem.java:541)
	at sun.reflect.NativeMethodAccessorImpl.invoke0(Native Method)
	at sun.reflect.NativeMethodAccessorImpl.invoke(NativeMethodAccessorImpl.java:62)
	at sun.reflect.DelegatingMethodAccessorImpl.invoke(DelegatingMethodAccessorImpl.java:43)
	at java.lang.reflect.Method.invoke(Method.java:498)
	at org.junit.runners.model.FrameworkMethod$1.runReflectiveCall(FrameworkMethod.java:59)
	at org.junit.internal.runners.model.ReflectiveCallable.run(ReflectiveCallable.java:12)
	at org.junit.runners.model.FrameworkMethod.invokeExplosively(FrameworkMethod.java:56)
	at org.junit.internal.runners.statements.InvokeMethod.evaluate(InvokeMethod.java:17)
	at org.junit.internal.runners.statements.RunAfters.evaluate(RunAfters.java:27)
	at org.junit.internal.runners.statements.FailOnTimeout$CallableStatement.call(FailOnTimeout.java:288)
	at org.junit.internal.runners.statements.FailOnTimeout$CallableStatement.call(FailOnTimeout.java:282)
	at java.util.concurrent.FutureTask.run(FutureTask.java:266)
	at java.lang.Thread.run(Thread.java:750)
09:57:08.994 [IPC Server handler 3 on default port 44537] ERROR OMAudit - user=runner | ip=127.0.0.1 | op=GET_FILE_STATUS {volume=volume16412, bucket=bucket93813, key=testBatchDelete/parent/child2, dataSize=0, replicationConfig=null} | ret=FAILURE
org.apache.hadoop.ozone.om.exceptions.OMException: Unable to get file status: volume: volume16412 bucket: bucket93813 key: testBatchDelete/parent/child2
	at org.apache.hadoop.ozone.om.KeyManagerImpl.getOzoneFileStatus(KeyManagerImpl.java:1324) ~[ozone-manager-1.3.0-SNAPSHOT.jar:?]
	at org.apache.hadoop.ozone.om.KeyManagerImpl.getFileStatus(KeyManagerImpl.java:1254) ~[ozone-manager-1.3.0-SNAPSHOT.jar:?]
	at org.apache.hadoop.ozone.om.OzoneManager.getFileStatus(OzoneManager.java:3506) ~[ozone-manager-1.3.0-SNAPSHOT.jar:?]
	at org.apache.hadoop.ozone.protocolPB.OzoneManagerRequestHandler.getOzoneFileStatus(OzoneManagerRequestHandler.java:882) ~[ozone-manager-1.3.0-SNAPSHOT.jar:?]
	at org.apache.hadoop.ozone.protocolPB.OzoneManagerRequestHandler.handleReadRequest(OzoneManagerRequestHandler.java:228) ~[ozone-manager-1.3.0-SNAPSHOT.jar:?]
	at org.apache.hadoop.ozone.protocolPB.OzoneManagerProtocolServerSideTranslatorPB.submitReadRequestToOM(OzoneManagerProtocolServerSideTranslatorPB.java:226) ~[ozone-manager-1.3.0-SNAPSHOT.jar:?]
	at org.apache.hadoop.ozone.protocolPB.OzoneManagerProtocolServerSideTranslatorPB.processRequest(OzoneManagerProtocolServerSideTranslatorPB.java:175) ~[ozone-manager-1.3.0-SNAPSHOT.jar:?]
	at org.apache.hadoop.hdds.server.OzoneProtocolMessageDispatcher.processRequest(OzoneProtocolMessageDispatcher.java:87) [hdds-server-framework-1.3.0-SNAPSHOT.jar:?]
	at org.apache.hadoop.ozone.protocolPB.OzoneManagerProtocolServerSideTranslatorPB.submitRequest(OzoneManagerProtocolServerSideTranslatorPB.java:147) [ozone-manager-1.3.0-SNAPSHOT.jar:?]
	at org.apache.hadoop.ozone.protocol.proto.OzoneManagerProtocolProtos$OzoneManagerService$2.callBlockingMethod(OzoneManagerProtocolProtos.java) [ozone-interface-client-1.3.0-SNAPSHOT.jar:?]
	at org.apache.hadoop.ipc.ProtobufRpcEngine$Server.processCall(ProtobufRpcEngine.java:466) [hadoop-common-3.3.1.jar:?]
	at org.apache.hadoop.ipc.ProtobufRpcEngine2$Server$ProtoBufRpcInvoker.call(ProtobufRpcEngine2.java:574) [hadoop-common-3.3.1.jar:?]
	at org.apache.hadoop.ipc.ProtobufRpcEngine2$Server$ProtoBufRpcInvoker.call(ProtobufRpcEngine2.java:552) [hadoop-common-3.3.1.jar:?]
	at org.apache.hadoop.ipc.RPC$Server.call(RPC.java:1093) [hadoop-common-3.3.1.jar:?]
	at org.apache.hadoop.ipc.Server$RpcCall.run(Server.java:1035) [hadoop-common-3.3.1.jar:?]
	at org.apache.hadoop.ipc.Server$RpcCall.run(Server.java:963) [hadoop-common-3.3.1.jar:?]
	at java.security.AccessController.doPrivileged(Native Method) ~[?:1.8.0_345]
	at javax.security.auth.Subject.doAs(Subject.java:422) [?:1.8.0_345]
	at org.apache.hadoop.security.UserGroupInformation.doAs(UserGroupInformation.java:1878) [hadoop-common-3.3.1.jar:?]
	at org.apache.hadoop.ipc.Server$Handler.run(Server.java:2966) [hadoop-common-3.3.1.jar:?]
2022-09-28 09:57:08,995 [Time-limited test] WARN  ozone.BasicOzoneFileSystem (BasicOzoneFileSystem.java:getFileStatus(765)) - GetFileStatus failed for path /testBatchDelete/parent/child2
java.io.FileNotFoundException: testBatchDelete/parent/child2: No such file or directory!
	at org.apache.hadoop.fs.ozone.BasicOzoneClientAdapterImpl.getFileStatus(BasicOzoneClientAdapterImpl.java:369)
	at org.apache.hadoop.fs.ozone.BasicOzoneFileSystem.getFileStatus(BasicOzoneFileSystem.java:757)
	at org.apache.hadoop.fs.FileSystem.exists(FileSystem.java:1760)
	at org.apache.hadoop.fs.ozone.BasicOzoneFileSystem.exists(BasicOzoneFileSystem.java:804)
	at org.apache.hadoop.fs.ozone.TestOzoneFileSystem.testFileDelete(TestOzoneFileSystem.java:536)
	at sun.reflect.NativeMethodAccessorImpl.invoke0(Native Method)
	at sun.reflect.NativeMethodAccessorImpl.invoke(NativeMethodAccessorImpl.java:62)
	at sun.reflect.DelegatingMethodAccessorImpl.invoke(DelegatingMethodAccessorImpl.java:43)
	at java.lang.reflect.Method.invoke(Method.java:498)
	at org.junit.runners.model.FrameworkMethod$1.runReflectiveCall(FrameworkMethod.java:59)
	at org.junit.internal.runners.model.ReflectiveCallable.run(ReflectiveCallable.java:12)
	at org.junit.runners.model.FrameworkMethod.invokeExplosively(FrameworkMethod.java:56)
	at org.junit.internal.runners.statements.InvokeMethod.evaluate(InvokeMethod.java:17)
	at org.junit.internal.runners.statements.RunAfters.evaluate(RunAfters.java:27)
	at org.junit.internal.runners.statements.FailOnTimeout$CallableStatement.call(FailOnTimeout.java:288)
	at org.junit.internal.runners.statements.FailOnTimeout$CallableStatement.call(FailOnTimeout.java:282)
	at java.util.concurrent.FutureTask.run(FutureTask.java:266)
	at java.lang.Thread.run(Thread.java:750)
09:57:08.995 [IPC Server handler 4 on default port 44537] ERROR OMAudit - user=runner | ip=127.0.0.1 | op=GET_FILE_STATUS {volume=volume16412, bucket=bucket93813, key=testBatchDelete/parent/childFolder/child2, dataSize=0, replicationConfig=null} | ret=FAILURE
org.apache.hadoop.ozone.om.exceptions.OMException: Unable to get file status: volume: volume16412 bucket: bucket93813 key: testBatchDelete/parent/childFolder/child2
	at org.apache.hadoop.ozone.om.KeyManagerImpl.getOzoneFileStatus(KeyManagerImpl.java:1324) ~[ozone-manager-1.3.0-SNAPSHOT.jar:?]
	at org.apache.hadoop.ozone.om.KeyManagerImpl.getFileStatus(KeyManagerImpl.java:1254) ~[ozone-manager-1.3.0-SNAPSHOT.jar:?]
	at org.apache.hadoop.ozone.om.OzoneManager.getFileStatus(OzoneManager.java:3506) ~[ozone-manager-1.3.0-SNAPSHOT.jar:?]
	at org.apache.hadoop.ozone.protocolPB.OzoneManagerRequestHandler.getOzoneFileStatus(OzoneManagerRequestHandler.java:882) ~[ozone-manager-1.3.0-SNAPSHOT.jar:?]
	at org.apache.hadoop.ozone.protocolPB.OzoneManagerRequestHandler.handleReadRequest(OzoneManagerRequestHandler.java:228) ~[ozone-manager-1.3.0-SNAPSHOT.jar:?]
	at org.apache.hadoop.ozone.protocolPB.OzoneManagerProtocolServerSideTranslatorPB.submitReadRequestToOM(OzoneManagerProtocolServerSideTranslatorPB.java:226) ~[ozone-manager-1.3.0-SNAPSHOT.jar:?]
	at org.apache.hadoop.ozone.protocolPB.OzoneManagerProtocolServerSideTranslatorPB.processRequest(OzoneManagerProtocolServerSideTranslatorPB.java:175) ~[ozone-manager-1.3.0-SNAPSHOT.jar:?]
	at org.apache.hadoop.hdds.server.OzoneProtocolMessageDispatcher.processRequest(OzoneProtocolMessageDispatcher.java:87) [hdds-server-framework-1.3.0-SNAPSHOT.jar:?]
	at org.apache.hadoop.ozone.protocolPB.OzoneManagerProtocolServerSideTranslatorPB.submitRequest(OzoneManagerProtocolServerSideTranslatorPB.java:147) [ozone-manager-1.3.0-SNAPSHOT.jar:?]
	at org.apache.hadoop.ozone.protocol.proto.OzoneManagerProtocolProtos$OzoneManagerService$2.callBlockingMethod(OzoneManagerProtocolProtos.java) [ozone-interface-client-1.3.0-SNAPSHOT.jar:?]
	at org.apache.hadoop.ipc.ProtobufRpcEngine$Server.processCall(ProtobufRpcEngine.java:466) [hadoop-common-3.3.1.jar:?]
	at org.apache.hadoop.ipc.ProtobufRpcEngine2$Server$ProtoBufRpcInvoker.call(ProtobufRpcEngine2.java:574) [hadoop-common-3.3.1.jar:?]
	at org.apache.hadoop.ipc.ProtobufRpcEngine2$Server$ProtoBufRpcInvoker.call(ProtobufRpcEngine2.java:552) [hadoop-common-3.3.1.jar:?]
	at org.apache.hadoop.ipc.RPC$Server.call(RPC.java:1093) [hadoop-common-3.3.1.jar:?]
	at org.apache.hadoop.ipc.Server$RpcCall.run(Server.java:1035) [hadoop-common-3.3.1.jar:?]
	at org.apache.hadoop.ipc.Server$RpcCall.run(Server.java:963) [hadoop-common-3.3.1.jar:?]
	at java.security.AccessController.doPrivileged(Native Method) ~[?:1.8.0_345]
	at javax.security.auth.Subject.doAs(Subject.java:422) [?:1.8.0_345]
	at org.apache.hadoop.security.UserGroupInformation.doAs(UserGroupInformation.java:1878) [hadoop-common-3.3.1.jar:?]
	at org.apache.hadoop.ipc.Server$Handler.run(Server.java:2966) [hadoop-common-3.3.1.jar:?]
2022-09-28 09:57:08,995 [Time-limited test] WARN  ozone.BasicOzoneFileSystem (BasicOzoneFileSystem.java:getFileStatus(765)) - GetFileStatus failed for path /testBatchDelete/parent/childFolder/child2
java.io.FileNotFoundException: testBatchDelete/parent/childFolder/child2: No such file or directory!
	at org.apache.hadoop.fs.ozone.BasicOzoneClientAdapterImpl.getFileStatus(BasicOzoneClientAdapterImpl.java:369)
	at org.apache.hadoop.fs.ozone.BasicOzoneFileSystem.getFileStatus(BasicOzoneFileSystem.java:757)
	at org.apache.hadoop.fs.FileSystem.exists(FileSystem.java:1760)
	at org.apache.hadoop.fs.ozone.BasicOzoneFileSystem.exists(BasicOzoneFileSystem.java:804)
	at org.apache.hadoop.fs.ozone.TestOzoneFileSystem.testFileDelete(TestOzoneFileSystem.java:541)
	at sun.reflect.NativeMethodAccessorImpl.invoke0(Native Method)
	at sun.reflect.NativeMethodAccessorImpl.invoke(NativeMethodAccessorImpl.java:62)
	at sun.reflect.DelegatingMethodAccessorImpl.invoke(DelegatingMethodAccessorImpl.java:43)
	at java.lang.reflect.Method.invoke(Method.java:498)
	at org.junit.runners.model.FrameworkMethod$1.runReflectiveCall(FrameworkMethod.java:59)
	at org.junit.internal.runners.model.ReflectiveCallable.run(ReflectiveCallable.java:12)
	at org.junit.runners.model.FrameworkMethod.invokeExplosively(FrameworkMethod.java:56)
	at org.junit.internal.runners.statements.InvokeMethod.evaluate(InvokeMethod.java:17)
	at org.junit.internal.runners.statements.RunAfters.evaluate(RunAfters.java:27)
	at org.junit.internal.runners.statements.FailOnTimeout$CallableStatement.call(FailOnTimeout.java:288)
	at org.junit.internal.runners.statements.FailOnTimeout$CallableStatement.call(FailOnTimeout.java:282)
	at java.util.concurrent.FutureTask.run(FutureTask.java:266)
	at java.lang.Thread.run(Thread.java:750)
09:57:08.995 [IPC Server handler 5 on default port 44537] ERROR OMAudit - user=runner | ip=127.0.0.1 | op=GET_FILE_STATUS {volume=volume16412, bucket=bucket93813, key=testBatchDelete/parent/child3, dataSize=0, replicationConfig=null} | ret=FAILURE
org.apache.hadoop.ozone.om.exceptions.OMException: Unable to get file status: volume: volume16412 bucket: bucket93813 key: testBatchDelete/parent/child3
	at org.apache.hadoop.ozone.om.KeyManagerImpl.getOzoneFileStatus(KeyManagerImpl.java:1324) ~[ozone-manager-1.3.0-SNAPSHOT.jar:?]
	at org.apache.hadoop.ozone.om.KeyManagerImpl.getFileStatus(KeyManagerImpl.java:1254) ~[ozone-manager-1.3.0-SNAPSHOT.jar:?]
	at org.apache.hadoop.ozone.om.OzoneManager.getFileStatus(OzoneManager.java:3506) ~[ozone-manager-1.3.0-SNAPSHOT.jar:?]
	at org.apache.hadoop.ozone.protocolPB.OzoneManagerRequestHandler.getOzoneFileStatus(OzoneManagerRequestHandler.java:882) ~[ozone-manager-1.3.0-SNAPSHOT.jar:?]
	at org.apache.hadoop.ozone.protocolPB.OzoneManagerRequestHandler.handleReadRequest(OzoneManagerRequestHandler.java:228) ~[ozone-manager-1.3.0-SNAPSHOT.jar:?]
	at org.apache.hadoop.ozone.protocolPB.OzoneManagerProtocolServerSideTranslatorPB.submitReadRequestToOM(OzoneManagerProtocolServerSideTranslatorPB.java:226) ~[ozone-manager-1.3.0-SNAPSHOT.jar:?]
	at org.apache.hadoop.ozone.protocolPB.OzoneManagerProtocolServerSideTranslatorPB.processRequest(OzoneManagerProtocolServerSideTranslatorPB.java:175) ~[ozone-manager-1.3.0-SNAPSHOT.jar:?]
	at org.apache.hadoop.hdds.server.OzoneProtocolMessageDispatcher.processRequest(OzoneProtocolMessageDispatcher.java:87) [hdds-server-framework-1.3.0-SNAPSHOT.jar:?]
	at org.apache.hadoop.ozone.protocolPB.OzoneManagerProtocolServerSideTranslatorPB.submitRequest(OzoneManagerProtocolServerSideTranslatorPB.java:147) [ozone-manager-1.3.0-SNAPSHOT.jar:?]
	at org.apache.hadoop.ozone.protocol.proto.OzoneManagerProtocolProtos$OzoneManagerService$2.callBlockingMethod(OzoneManagerProtocolProtos.java) [ozone-interface-client-1.3.0-SNAPSHOT.jar:?]
	at org.apache.hadoop.ipc.ProtobufRpcEngine$Server.processCall(ProtobufRpcEngine.java:466) [hadoop-common-3.3.1.jar:?]
	at org.apache.hadoop.ipc.ProtobufRpcEngine2$Server$ProtoBufRpcInvoker.call(ProtobufRpcEngine2.java:574) [hadoop-common-3.3.1.jar:?]
	at org.apache.hadoop.ipc.ProtobufRpcEngine2$Server$ProtoBufRpcInvoker.call(ProtobufRpcEngine2.java:552) [hadoop-common-3.3.1.jar:?]
	at org.apache.hadoop.ipc.RPC$Server.call(RPC.java:1093) [hadoop-common-3.3.1.jar:?]
	at org.apache.hadoop.ipc.Server$RpcCall.run(Server.java:1035) [hadoop-common-3.3.1.jar:?]
	at org.apache.hadoop.ipc.Server$RpcCall.run(Server.java:963) [hadoop-common-3.3.1.jar:?]
	at java.security.AccessController.doPrivileged(Native Method) ~[?:1.8.0_345]
	at javax.security.auth.Subject.doAs(Subject.java:422) [?:1.8.0_345]
	at org.apache.hadoop.security.UserGroupInformation.doAs(UserGroupInformation.java:1878) [hadoop-common-3.3.1.jar:?]
	at org.apache.hadoop.ipc.Server$Handler.run(Server.java:2966) [hadoop-common-3.3.1.jar:?]
2022-09-28 09:57:08,996 [Time-limited test] WARN  ozone.BasicOzoneFileSystem (BasicOzoneFileSystem.java:getFileStatus(765)) - GetFileStatus failed for path /testBatchDelete/parent/child3
java.io.FileNotFoundException: testBatchDelete/parent/child3: No such file or directory!
	at org.apache.hadoop.fs.ozone.BasicOzoneClientAdapterImpl.getFileStatus(BasicOzoneClientAdapterImpl.java:369)
	at org.apache.hadoop.fs.ozone.BasicOzoneFileSystem.getFileStatus(BasicOzoneFileSystem.java:757)
	at org.apache.hadoop.fs.FileSystem.exists(FileSystem.java:1760)
	at org.apache.hadoop.fs.ozone.BasicOzoneFileSystem.exists(BasicOzoneFileSystem.java:804)
	at org.apache.hadoop.fs.ozone.TestOzoneFileSystem.testFileDelete(TestOzoneFileSystem.java:536)
	at sun.reflect.NativeMethodAccessorImpl.invoke0(Native Method)
	at sun.reflect.NativeMethodAccessorImpl.invoke(NativeMethodAccessorImpl.java:62)
	at sun.reflect.DelegatingMethodAccessorImpl.invoke(DelegatingMethodAccessorImpl.java:43)
	at java.lang.reflect.Method.invoke(Method.java:498)
	at org.junit.runners.model.FrameworkMethod$1.runReflectiveCall(FrameworkMethod.java:59)
	at org.junit.internal.runners.model.ReflectiveCallable.run(ReflectiveCallable.java:12)
	at org.junit.runners.model.FrameworkMethod.invokeExplosively(FrameworkMethod.java:56)
	at org.junit.internal.runners.statements.InvokeMethod.evaluate(InvokeMethod.java:17)
	at org.junit.internal.runners.statements.RunAfters.evaluate(RunAfters.java:27)
	at org.junit.internal.runners.statements.FailOnTimeout$CallableStatement.call(FailOnTimeout.java:288)
	at org.junit.internal.runners.statements.FailOnTimeout$CallableStatement.call(FailOnTimeout.java:282)
	at java.util.concurrent.FutureTask.run(FutureTask.java:266)
	at java.lang.Thread.run(Thread.java:750)
09:57:08.996 [IPC Server handler 0 on default port 44537] ERROR OMAudit - user=runner | ip=127.0.0.1 | op=GET_FILE_STATUS {volume=volume16412, bucket=bucket93813, key=testBatchDelete/parent/childFolder/child3, dataSize=0, replicationConfig=null} | ret=FAILURE
org.apache.hadoop.ozone.om.exceptions.OMException: Unable to get file status: volume: volume16412 bucket: bucket93813 key: testBatchDelete/parent/childFolder/child3
	at org.apache.hadoop.ozone.om.KeyManagerImpl.getOzoneFileStatus(KeyManagerImpl.java:1324) ~[ozone-manager-1.3.0-SNAPSHOT.jar:?]
	at org.apache.hadoop.ozone.om.KeyManagerImpl.getFileStatus(KeyManagerImpl.java:1254) ~[ozone-manager-1.3.0-SNAPSHOT.jar:?]
	at org.apache.hadoop.ozone.om.OzoneManager.getFileStatus(OzoneManager.java:3506) ~[ozone-manager-1.3.0-SNAPSHOT.jar:?]
	at org.apache.hadoop.ozone.protocolPB.OzoneManagerRequestHandler.getOzoneFileStatus(OzoneManagerRequestHandler.java:882) ~[ozone-manager-1.3.0-SNAPSHOT.jar:?]
	at org.apache.hadoop.ozone.protocolPB.OzoneManagerRequestHandler.handleReadRequest(OzoneManagerRequestHandler.java:228) ~[ozone-manager-1.3.0-SNAPSHOT.jar:?]
	at org.apache.hadoop.ozone.protocolPB.OzoneManagerProtocolServerSideTranslatorPB.submitReadRequestToOM(OzoneManagerProtocolServerSideTranslatorPB.java:226) ~[ozone-manager-1.3.0-SNAPSHOT.jar:?]
	at org.apache.hadoop.ozone.protocolPB.OzoneManagerProtocolServerSideTranslatorPB.processRequest(OzoneManagerProtocolServerSideTranslatorPB.java:175) ~[ozone-manager-1.3.0-SNAPSHOT.jar:?]
	at org.apache.hadoop.hdds.server.OzoneProtocolMessageDispatcher.processRequest(OzoneProtocolMessageDispatcher.java:87) [hdds-server-framework-1.3.0-SNAPSHOT.jar:?]
	at org.apache.hadoop.ozone.protocolPB.OzoneManagerProtocolServerSideTranslatorPB.submitRequest(OzoneManagerProtocolServerSideTranslatorPB.java:147) [ozone-manager-1.3.0-SNAPSHOT.jar:?]
	at org.apache.hadoop.ozone.protocol.proto.OzoneManagerProtocolProtos$OzoneManagerService$2.callBlockingMethod(OzoneManagerProtocolProtos.java) [ozone-interface-client-1.3.0-SNAPSHOT.jar:?]
	at org.apache.hadoop.ipc.ProtobufRpcEngine$Server.processCall(ProtobufRpcEngine.java:466) [hadoop-common-3.3.1.jar:?]
	at org.apache.hadoop.ipc.ProtobufRpcEngine2$Server$ProtoBufRpcInvoker.call(ProtobufRpcEngine2.java:574) [hadoop-common-3.3.1.jar:?]
	at org.apache.hadoop.ipc.ProtobufRpcEngine2$Server$ProtoBufRpcInvoker.call(ProtobufRpcEngine2.java:552) [hadoop-common-3.3.1.jar:?]
	at org.apache.hadoop.ipc.RPC$Server.call(RPC.java:1093) [hadoop-common-3.3.1.jar:?]
	at org.apache.hadoop.ipc.Server$RpcCall.run(Server.java:1035) [hadoop-common-3.3.1.jar:?]
	at org.apache.hadoop.ipc.Server$RpcCall.run(Server.java:963) [hadoop-common-3.3.1.jar:?]
	at java.security.AccessController.doPrivileged(Native Method) ~[?:1.8.0_345]
	at javax.security.auth.Subject.doAs(Subject.java:422) [?:1.8.0_345]
	at org.apache.hadoop.security.UserGroupInformation.doAs(UserGroupInformation.java:1878) [hadoop-common-3.3.1.jar:?]
	at org.apache.hadoop.ipc.Server$Handler.run(Server.java:2966) [hadoop-common-3.3.1.jar:?]
2022-09-28 09:57:08,996 [Time-limited test] WARN  ozone.BasicOzoneFileSystem (BasicOzoneFileSystem.java:getFileStatus(765)) - GetFileStatus failed for path /testBatchDelete/parent/childFolder/child3
java.io.FileNotFoundException: testBatchDelete/parent/childFolder/child3: No such file or directory!
	at org.apache.hadoop.fs.ozone.BasicOzoneClientAdapterImpl.getFileStatus(BasicOzoneClientAdapterImpl.java:369)
	at org.apache.hadoop.fs.ozone.BasicOzoneFileSystem.getFileStatus(BasicOzoneFileSystem.java:757)
	at org.apache.hadoop.fs.FileSystem.exists(FileSystem.java:1760)
	at org.apache.hadoop.fs.ozone.BasicOzoneFileSystem.exists(BasicOzoneFileSystem.java:804)
	at org.apache.hadoop.fs.ozone.TestOzoneFileSystem.testFileDelete(TestOzoneFileSystem.java:541)
	at sun.reflect.NativeMethodAccessorImpl.invoke0(Native Method)
	at sun.reflect.NativeMethodAccessorImpl.invoke(NativeMethodAccessorImpl.java:62)
	at sun.reflect.DelegatingMethodAccessorImpl.invoke(DelegatingMethodAccessorImpl.java:43)
	at java.lang.reflect.Method.invoke(Method.java:498)
	at org.junit.runners.model.FrameworkMethod$1.runReflectiveCall(FrameworkMethod.java:59)
	at org.junit.internal.runners.model.ReflectiveCallable.run(ReflectiveCallable.java:12)
	at org.junit.runners.model.FrameworkMethod.invokeExplosively(FrameworkMethod.java:56)
	at org.junit.internal.runners.statements.InvokeMethod.evaluate(InvokeMethod.java:17)
	at org.junit.internal.runners.statements.RunAfters.evaluate(RunAfters.java:27)
	at org.junit.internal.runners.statements.FailOnTimeout$CallableStatement.call(FailOnTimeout.java:288)
	at org.junit.internal.runners.statements.FailOnTimeout$CallableStatement.call(FailOnTimeout.java:282)
	at java.util.concurrent.FutureTask.run(FutureTask.java:266)
	at java.lang.Thread.run(Thread.java:750)
09:57:08.996 [IPC Server handler 11 on default port 44537] ERROR OMAudit - user=runner | ip=127.0.0.1 | op=GET_FILE_STATUS {volume=volume16412, bucket=bucket93813, key=testBatchDelete/parent/child4, dataSize=0, replicationConfig=null} | ret=FAILURE
org.apache.hadoop.ozone.om.exceptions.OMException: Unable to get file status: volume: volume16412 bucket: bucket93813 key: testBatchDelete/parent/child4
	at org.apache.hadoop.ozone.om.KeyManagerImpl.getOzoneFileStatus(KeyManagerImpl.java:1324) ~[ozone-manager-1.3.0-SNAPSHOT.jar:?]
	at org.apache.hadoop.ozone.om.KeyManagerImpl.getFileStatus(KeyManagerImpl.java:1254) ~[ozone-manager-1.3.0-SNAPSHOT.jar:?]
	at org.apache.hadoop.ozone.om.OzoneManager.getFileStatus(OzoneManager.java:3506) ~[ozone-manager-1.3.0-SNAPSHOT.jar:?]
	at org.apache.hadoop.ozone.protocolPB.OzoneManagerRequestHandler.getOzoneFileStatus(OzoneManagerRequestHandler.java:882) ~[ozone-manager-1.3.0-SNAPSHOT.jar:?]
	at org.apache.hadoop.ozone.protocolPB.OzoneManagerRequestHandler.handleReadRequest(OzoneManagerRequestHandler.java:228) ~[ozone-manager-1.3.0-SNAPSHOT.jar:?]
	at org.apache.hadoop.ozone.protocolPB.OzoneManagerProtocolServerSideTranslatorPB.submitReadRequestToOM(OzoneManagerProtocolServerSideTranslatorPB.java:226) ~[ozone-manager-1.3.0-SNAPSHOT.jar:?]
	at org.apache.hadoop.ozone.protocolPB.OzoneManagerProtocolServerSideTranslatorPB.processRequest(OzoneManagerProtocolServerSideTranslatorPB.java:175) ~[ozone-manager-1.3.0-SNAPSHOT.jar:?]
	at org.apache.hadoop.hdds.server.OzoneProtocolMessageDispatcher.processRequest(OzoneProtocolMessageDispatcher.java:87) [hdds-server-framework-1.3.0-SNAPSHOT.jar:?]
	at org.apache.hadoop.ozone.protocolPB.OzoneManagerProtocolServerSideTranslatorPB.submitRequest(OzoneManagerProtocolServerSideTranslatorPB.java:147) [ozone-manager-1.3.0-SNAPSHOT.jar:?]
	at org.apache.hadoop.ozone.protocol.proto.OzoneManagerProtocolProtos$OzoneManagerService$2.callBlockingMethod(OzoneManagerProtocolProtos.java) [ozone-interface-client-1.3.0-SNAPSHOT.jar:?]
	at org.apache.hadoop.ipc.ProtobufRpcEngine$Server.processCall(ProtobufRpcEngine.java:466) [hadoop-common-3.3.1.jar:?]
	at org.apache.hadoop.ipc.ProtobufRpcEngine2$Server$ProtoBufRpcInvoker.call(ProtobufRpcEngine2.java:574) [hadoop-common-3.3.1.jar:?]
	at org.apache.hadoop.ipc.ProtobufRpcEngine2$Server$ProtoBufRpcInvoker.call(ProtobufRpcEngine2.java:552) [hadoop-common-3.3.1.jar:?]
	at org.apache.hadoop.ipc.RPC$Server.call(RPC.java:1093) [hadoop-common-3.3.1.jar:?]
	at org.apache.hadoop.ipc.Server$RpcCall.run(Server.java:1035) [hadoop-common-3.3.1.jar:?]
	at org.apache.hadoop.ipc.Server$RpcCall.run(Server.java:963) [hadoop-common-3.3.1.jar:?]
	at java.security.AccessController.doPrivileged(Native Method) ~[?:1.8.0_345]
	at javax.security.auth.Subject.doAs(Subject.java:422) [?:1.8.0_345]
	at org.apache.hadoop.security.UserGroupInformation.doAs(UserGroupInformation.java:1878) [hadoop-common-3.3.1.jar:?]
	at org.apache.hadoop.ipc.Server$Handler.run(Server.java:2966) [hadoop-common-3.3.1.jar:?]
2022-09-28 09:57:08,997 [Time-limited test] WARN  ozone.BasicOzoneFileSystem (BasicOzoneFileSystem.java:getFileStatus(765)) - GetFileStatus failed for path /testBatchDelete/parent/child4
java.io.FileNotFoundException: testBatchDelete/parent/child4: No such file or directory!
	at org.apache.hadoop.fs.ozone.BasicOzoneClientAdapterImpl.getFileStatus(BasicOzoneClientAdapterImpl.java:369)
	at org.apache.hadoop.fs.ozone.BasicOzoneFileSystem.getFileStatus(BasicOzoneFileSystem.java:757)
	at org.apache.hadoop.fs.FileSystem.exists(FileSystem.java:1760)
	at org.apache.hadoop.fs.ozone.BasicOzoneFileSystem.exists(BasicOzoneFileSystem.java:804)
	at org.apache.hadoop.fs.ozone.TestOzoneFileSystem.testFileDelete(TestOzoneFileSystem.java:536)
	at sun.reflect.NativeMethodAccessorImpl.invoke0(Native Method)
	at sun.reflect.NativeMethodAccessorImpl.invoke(NativeMethodAccessorImpl.java:62)
	at sun.reflect.DelegatingMethodAccessorImpl.invoke(DelegatingMethodAccessorImpl.java:43)
	at java.lang.reflect.Method.invoke(Method.java:498)
	at org.junit.runners.model.FrameworkMethod$1.runReflectiveCall(FrameworkMethod.java:59)
	at org.junit.internal.runners.model.ReflectiveCallable.run(ReflectiveCallable.java:12)
	at org.junit.runners.model.FrameworkMethod.invokeExplosively(FrameworkMethod.java:56)
	at org.junit.internal.runners.statements.InvokeMethod.evaluate(InvokeMethod.java:17)
	at org.junit.internal.runners.statements.RunAfters.evaluate(RunAfters.java:27)
	at org.junit.internal.runners.statements.FailOnTimeout$CallableStatement.call(FailOnTimeout.java:288)
	at org.junit.internal.runners.statements.FailOnTimeout$CallableStatement.call(FailOnTimeout.java:282)
	at java.util.concurrent.FutureTask.run(FutureTask.java:266)
	at java.lang.Thread.run(Thread.java:750)
09:57:08.997 [IPC Server handler 13 on default port 44537] ERROR OMAudit - user=runner | ip=127.0.0.1 | op=GET_FILE_STATUS {volume=volume16412, bucket=bucket93813, key=testBatchDelete/parent/childFolder/child4, dataSize=0, replicationConfig=null} | ret=FAILURE
org.apache.hadoop.ozone.om.exceptions.OMException: Unable to get file status: volume: volume16412 bucket: bucket93813 key: testBatchDelete/parent/childFolder/child4
	at org.apache.hadoop.ozone.om.KeyManagerImpl.getOzoneFileStatus(KeyManagerImpl.java:1324) ~[ozone-manager-1.3.0-SNAPSHOT.jar:?]
	at org.apache.hadoop.ozone.om.KeyManagerImpl.getFileStatus(KeyManagerImpl.java:1254) ~[ozone-manager-1.3.0-SNAPSHOT.jar:?]
	at org.apache.hadoop.ozone.om.OzoneManager.getFileStatus(OzoneManager.java:3506) ~[ozone-manager-1.3.0-SNAPSHOT.jar:?]
	at org.apache.hadoop.ozone.protocolPB.OzoneManagerRequestHandler.getOzoneFileStatus(OzoneManagerRequestHandler.java:882) ~[ozone-manager-1.3.0-SNAPSHOT.jar:?]
	at org.apache.hadoop.ozone.protocolPB.OzoneManagerRequestHandler.handleReadRequest(OzoneManagerRequestHandler.java:228) ~[ozone-manager-1.3.0-SNAPSHOT.jar:?]
	at org.apache.hadoop.ozone.protocolPB.OzoneManagerProtocolServerSideTranslatorPB.submitReadRequestToOM(OzoneManagerProtocolServerSideTranslatorPB.java:226) ~[ozone-manager-1.3.0-SNAPSHOT.jar:?]
	at org.apache.hadoop.ozone.protocolPB.OzoneManagerProtocolServerSideTranslatorPB.processRequest(OzoneManagerProtocolServerSideTranslatorPB.java:175) ~[ozone-manager-1.3.0-SNAPSHOT.jar:?]
	at org.apache.hadoop.hdds.server.OzoneProtocolMessageDispatcher.processRequest(OzoneProtocolMessageDispatcher.java:87) [hdds-server-framework-1.3.0-SNAPSHOT.jar:?]
	at org.apache.hadoop.ozone.protocolPB.OzoneManagerProtocolServerSideTranslatorPB.submitRequest(OzoneManagerProtocolServerSideTranslatorPB.java:147) [ozone-manager-1.3.0-SNAPSHOT.jar:?]
	at org.apache.hadoop.ozone.protocol.proto.OzoneManagerProtocolProtos$OzoneManagerService$2.callBlockingMethod(OzoneManagerProtocolProtos.java) [ozone-interface-client-1.3.0-SNAPSHOT.jar:?]
	at org.apache.hadoop.ipc.ProtobufRpcEngine$Server.processCall(ProtobufRpcEngine.java:466) [hadoop-common-3.3.1.jar:?]
	at org.apache.hadoop.ipc.ProtobufRpcEngine2$Server$ProtoBufRpcInvoker.call(ProtobufRpcEngine2.java:574) [hadoop-common-3.3.1.jar:?]
	at org.apache.hadoop.ipc.ProtobufRpcEngine2$Server$ProtoBufRpcInvoker.call(ProtobufRpcEngine2.java:552) [hadoop-common-3.3.1.jar:?]
	at org.apache.hadoop.ipc.RPC$Server.call(RPC.java:1093) [hadoop-common-3.3.1.jar:?]
	at org.apache.hadoop.ipc.Server$RpcCall.run(Server.java:1035) [hadoop-common-3.3.1.jar:?]
	at org.apache.hadoop.ipc.Server$RpcCall.run(Server.java:963) [hadoop-common-3.3.1.jar:?]
	at java.security.AccessController.doPrivileged(Native Method) ~[?:1.8.0_345]
	at javax.security.auth.Subject.doAs(Subject.java:422) [?:1.8.0_345]
	at org.apache.hadoop.security.UserGroupInformation.doAs(UserGroupInformation.java:1878) [hadoop-common-3.3.1.jar:?]
	at org.apache.hadoop.ipc.Server$Handler.run(Server.java:2966) [hadoop-common-3.3.1.jar:?]
2022-09-28 09:57:08,997 [Time-limited test] WARN  ozone.BasicOzoneFileSystem (BasicOzoneFileSystem.java:getFileStatus(765)) - GetFileStatus failed for path /testBatchDelete/parent/childFolder/child4
java.io.FileNotFoundException: testBatchDelete/parent/childFolder/child4: No such file or directory!
	at org.apache.hadoop.fs.ozone.BasicOzoneClientAdapterImpl.getFileStatus(BasicOzoneClientAdapterImpl.java:369)
	at org.apache.hadoop.fs.ozone.BasicOzoneFileSystem.getFileStatus(BasicOzoneFileSystem.java:757)
	at org.apache.hadoop.fs.FileSystem.exists(FileSystem.java:1760)
	at org.apache.hadoop.fs.ozone.BasicOzoneFileSystem.exists(BasicOzoneFileSystem.java:804)
	at org.apache.hadoop.fs.ozone.TestOzoneFileSystem.testFileDelete(TestOzoneFileSystem.java:541)
	at sun.reflect.NativeMethodAccessorImpl.invoke0(Native Method)
	at sun.reflect.NativeMethodAccessorImpl.invoke(NativeMethodAccessorImpl.java:62)
	at sun.reflect.DelegatingMethodAccessorImpl.invoke(DelegatingMethodAccessorImpl.java:43)
	at java.lang.reflect.Method.invoke(Method.java:498)
	at org.junit.runners.model.FrameworkMethod$1.runReflectiveCall(FrameworkMethod.java:59)
	at org.junit.internal.runners.model.ReflectiveCallable.run(ReflectiveCallable.java:12)
	at org.junit.runners.model.FrameworkMethod.invokeExplosively(FrameworkMethod.java:56)
	at org.junit.internal.runners.statements.InvokeMethod.evaluate(InvokeMethod.java:17)
	at org.junit.internal.runners.statements.RunAfters.evaluate(RunAfters.java:27)
	at org.junit.internal.runners.statements.FailOnTimeout$CallableStatement.call(FailOnTimeout.java:288)
	at org.junit.internal.runners.statements.FailOnTimeout$CallableStatement.call(FailOnTimeout.java:282)
	at java.util.concurrent.FutureTask.run(FutureTask.java:266)
	at java.lang.Thread.run(Thread.java:750)
09:57:08.998 [IPC Server handler 7 on default port 44537] ERROR OMAudit - user=runner | ip=127.0.0.1 | op=GET_FILE_STATUS {volume=volume16412, bucket=bucket93813, key=testBatchDelete/parent/child5, dataSize=0, replicationConfig=null} | ret=FAILURE
org.apache.hadoop.ozone.om.exceptions.OMException: Unable to get file status: volume: volume16412 bucket: bucket93813 key: testBatchDelete/parent/child5
	at org.apache.hadoop.ozone.om.KeyManagerImpl.getOzoneFileStatus(KeyManagerImpl.java:1324) ~[ozone-manager-1.3.0-SNAPSHOT.jar:?]
	at org.apache.hadoop.ozone.om.KeyManagerImpl.getFileStatus(KeyManagerImpl.java:1254) ~[ozone-manager-1.3.0-SNAPSHOT.jar:?]
	at org.apache.hadoop.ozone.om.OzoneManager.getFileStatus(OzoneManager.java:3506) ~[ozone-manager-1.3.0-SNAPSHOT.jar:?]
	at org.apache.hadoop.ozone.protocolPB.OzoneManagerRequestHandler.getOzoneFileStatus(OzoneManagerRequestHandler.java:882) ~[ozone-manager-1.3.0-SNAPSHOT.jar:?]
	at org.apache.hadoop.ozone.protocolPB.OzoneManagerRequestHandler.handleReadRequest(OzoneManagerRequestHandler.java:228) ~[ozone-manager-1.3.0-SNAPSHOT.jar:?]
	at org.apache.hadoop.ozone.protocolPB.OzoneManagerProtocolServerSideTranslatorPB.submitReadRequestToOM(OzoneManagerProtocolServerSideTranslatorPB.java:226) ~[ozone-manager-1.3.0-SNAPSHOT.jar:?]
	at org.apache.hadoop.ozone.protocolPB.OzoneManagerProtocolServerSideTranslatorPB.processRequest(OzoneManagerProtocolServerSideTranslatorPB.java:175) ~[ozone-manager-1.3.0-SNAPSHOT.jar:?]
	at org.apache.hadoop.hdds.server.OzoneProtocolMessageDispatcher.processRequest(OzoneProtocolMessageDispatcher.java:87) [hdds-server-framework-1.3.0-SNAPSHOT.jar:?]
	at org.apache.hadoop.ozone.protocolPB.OzoneManagerProtocolServerSideTranslatorPB.submitRequest(OzoneManagerProtocolServerSideTranslatorPB.java:147) [ozone-manager-1.3.0-SNAPSHOT.jar:?]
	at org.apache.hadoop.ozone.protocol.proto.OzoneManagerProtocolProtos$OzoneManagerService$2.callBlockingMethod(OzoneManagerProtocolProtos.java) [ozone-interface-client-1.3.0-SNAPSHOT.jar:?]
	at org.apache.hadoop.ipc.ProtobufRpcEngine$Server.processCall(ProtobufRpcEngine.java:466) [hadoop-common-3.3.1.jar:?]
	at org.apache.hadoop.ipc.ProtobufRpcEngine2$Server$ProtoBufRpcInvoker.call(ProtobufRpcEngine2.java:574) [hadoop-common-3.3.1.jar:?]
	at org.apache.hadoop.ipc.ProtobufRpcEngine2$Server$ProtoBufRpcInvoker.call(ProtobufRpcEngine2.java:552) [hadoop-common-3.3.1.jar:?]
	at org.apache.hadoop.ipc.RPC$Server.call(RPC.java:1093) [hadoop-common-3.3.1.jar:?]
	at org.apache.hadoop.ipc.Server$RpcCall.run(Server.java:1035) [hadoop-common-3.3.1.jar:?]
	at org.apache.hadoop.ipc.Server$RpcCall.run(Server.java:963) [hadoop-common-3.3.1.jar:?]
	at java.security.AccessController.doPrivileged(Native Method) ~[?:1.8.0_345]
	at javax.security.auth.Subject.doAs(Subject.java:422) [?:1.8.0_345]
	at org.apache.hadoop.security.UserGroupInformation.doAs(UserGroupInformation.java:1878) [hadoop-common-3.3.1.jar:?]
	at org.apache.hadoop.ipc.Server$Handler.run(Server.java:2966) [hadoop-common-3.3.1.jar:?]
2022-09-28 09:57:08,998 [Time-limited test] WARN  ozone.BasicOzoneFileSystem (BasicOzoneFileSystem.java:getFileStatus(765)) - GetFileStatus failed for path /testBatchDelete/parent/child5
java.io.FileNotFoundException: testBatchDelete/parent/child5: No such file or directory!
	at org.apache.hadoop.fs.ozone.BasicOzoneClientAdapterImpl.getFileStatus(BasicOzoneClientAdapterImpl.java:369)
	at org.apache.hadoop.fs.ozone.BasicOzoneFileSystem.getFileStatus(BasicOzoneFileSystem.java:757)
	at org.apache.hadoop.fs.FileSystem.exists(FileSystem.java:1760)
	at org.apache.hadoop.fs.ozone.BasicOzoneFileSystem.exists(BasicOzoneFileSystem.java:804)
	at org.apache.hadoop.fs.ozone.TestOzoneFileSystem.testFileDelete(TestOzoneFileSystem.java:536)
	at sun.reflect.NativeMethodAccessorImpl.invoke0(Native Method)
	at sun.reflect.NativeMethodAccessorImpl.invoke(NativeMethodAccessorImpl.java:62)
	at sun.reflect.DelegatingMethodAccessorImpl.invoke(DelegatingMethodAccessorImpl.java:43)
	at java.lang.reflect.Method.invoke(Method.java:498)
	at org.junit.runners.model.FrameworkMethod$1.runReflectiveCall(FrameworkMethod.java:59)
	at org.junit.internal.runners.model.ReflectiveCallable.run(ReflectiveCallable.java:12)
	at org.junit.runners.model.FrameworkMethod.invokeExplosively(FrameworkMethod.java:56)
	at org.junit.internal.runners.statements.InvokeMethod.evaluate(InvokeMethod.java:17)
	at org.junit.internal.runners.statements.RunAfters.evaluate(RunAfters.java:27)
	at org.junit.internal.runners.statements.FailOnTimeout$CallableStatement.call(FailOnTimeout.java:288)
	at org.junit.internal.runners.statements.FailOnTimeout$CallableStatement.call(FailOnTimeout.java:282)
	at java.util.concurrent.FutureTask.run(FutureTask.java:266)
	at java.lang.Thread.run(Thread.java:750)
09:57:08.999 [IPC Server handler 9 on default port 44537] ERROR OMAudit - user=runner | ip=127.0.0.1 | op=GET_FILE_STATUS {volume=volume16412, bucket=bucket93813, key=testBatchDelete/parent/childFolder/child5, dataSize=0, replicationConfig=null} | ret=FAILURE
org.apache.hadoop.ozone.om.exceptions.OMException: Unable to get file status: volume: volume16412 bucket: bucket93813 key: testBatchDelete/parent/childFolder/child5
	at org.apache.hadoop.ozone.om.KeyManagerImpl.getOzoneFileStatus(KeyManagerImpl.java:1324) ~[ozone-manager-1.3.0-SNAPSHOT.jar:?]
	at org.apache.hadoop.ozone.om.KeyManagerImpl.getFileStatus(KeyManagerImpl.java:1254) ~[ozone-manager-1.3.0-SNAPSHOT.jar:?]
	at org.apache.hadoop.ozone.om.OzoneManager.getFileStatus(OzoneManager.java:3506) ~[ozone-manager-1.3.0-SNAPSHOT.jar:?]
	at org.apache.hadoop.ozone.protocolPB.OzoneManagerRequestHandler.getOzoneFileStatus(OzoneManagerRequestHandler.java:882) ~[ozone-manager-1.3.0-SNAPSHOT.jar:?]
	at org.apache.hadoop.ozone.protocolPB.OzoneManagerRequestHandler.handleReadRequest(OzoneManagerRequestHandler.java:228) ~[ozone-manager-1.3.0-SNAPSHOT.jar:?]
	at org.apache.hadoop.ozone.protocolPB.OzoneManagerProtocolServerSideTranslatorPB.submitReadRequestToOM(OzoneManagerProtocolServerSideTranslatorPB.java:226) ~[ozone-manager-1.3.0-SNAPSHOT.jar:?]
	at org.apache.hadoop.ozone.protocolPB.OzoneManagerProtocolServerSideTranslatorPB.processRequest(OzoneManagerProtocolServerSideTranslatorPB.java:175) ~[ozone-manager-1.3.0-SNAPSHOT.jar:?]
	at org.apache.hadoop.hdds.server.OzoneProtocolMessageDispatcher.processRequest(OzoneProtocolMessageDispatcher.java:87) [hdds-server-framework-1.3.0-SNAPSHOT.jar:?]
	at org.apache.hadoop.ozone.protocolPB.OzoneManagerProtocolServerSideTranslatorPB.submitRequest(OzoneManagerProtocolServerSideTranslatorPB.java:147) [ozone-manager-1.3.0-SNAPSHOT.jar:?]
	at org.apache.hadoop.ozone.protocol.proto.OzoneManagerProtocolProtos$OzoneManagerService$2.callBlockingMethod(OzoneManagerProtocolProtos.java) [ozone-interface-client-1.3.0-SNAPSHOT.jar:?]
	at org.apache.hadoop.ipc.ProtobufRpcEngine$Server.processCall(ProtobufRpcEngine.java:466) [hadoop-common-3.3.1.jar:?]
	at org.apache.hadoop.ipc.ProtobufRpcEngine2$Server$ProtoBufRpcInvoker.call(ProtobufRpcEngine2.java:574) [hadoop-common-3.3.1.jar:?]
	at org.apache.hadoop.ipc.ProtobufRpcEngine2$Server$ProtoBufRpcInvoker.call(ProtobufRpcEngine2.java:552) [hadoop-common-3.3.1.jar:?]
	at org.apache.hadoop.ipc.RPC$Server.call(RPC.java:1093) [hadoop-common-3.3.1.jar:?]
	at org.apache.hadoop.ipc.Server$RpcCall.run(Server.java:1035) [hadoop-common-3.3.1.jar:?]
	at org.apache.hadoop.ipc.Server$RpcCall.run(Server.java:963) [hadoop-common-3.3.1.jar:?]
	at java.security.AccessController.doPrivileged(Native Method) ~[?:1.8.0_345]
	at javax.security.auth.Subject.doAs(Subject.java:422) [?:1.8.0_345]
	at org.apache.hadoop.security.UserGroupInformation.doAs(UserGroupInformation.java:1878) [hadoop-common-3.3.1.jar:?]
	at org.apache.hadoop.ipc.Server$Handler.run(Server.java:2966) [hadoop-common-3.3.1.jar:?]
2022-09-28 09:57:08,999 [Time-limited test] WARN  ozone.BasicOzoneFileSystem (BasicOzoneFileSystem.java:getFileStatus(765)) - GetFileStatus failed for path /testBatchDelete/parent/childFolder/child5
java.io.FileNotFoundException: testBatchDelete/parent/childFolder/child5: No such file or directory!
	at org.apache.hadoop.fs.ozone.BasicOzoneClientAdapterImpl.getFileStatus(BasicOzoneClientAdapterImpl.java:369)
	at org.apache.hadoop.fs.ozone.BasicOzoneFileSystem.getFileStatus(BasicOzoneFileSystem.java:757)
	at org.apache.hadoop.fs.FileSystem.exists(FileSystem.java:1760)
	at org.apache.hadoop.fs.ozone.BasicOzoneFileSystem.exists(BasicOzoneFileSystem.java:804)
	at org.apache.hadoop.fs.ozone.TestOzoneFileSystem.testFileDelete(TestOzoneFileSystem.java:541)
	at sun.reflect.NativeMethodAccessorImpl.invoke0(Native Method)
	at sun.reflect.NativeMethodAccessorImpl.invoke(NativeMethodAccessorImpl.java:62)
	at sun.reflect.DelegatingMethodAccessorImpl.invoke(DelegatingMethodAccessorImpl.java:43)
	at java.lang.reflect.Method.invoke(Method.java:498)
	at org.junit.runners.model.FrameworkMethod$1.runReflectiveCall(FrameworkMethod.java:59)
	at org.junit.internal.runners.model.ReflectiveCallable.run(ReflectiveCallable.java:12)
	at org.junit.runners.model.FrameworkMethod.invokeExplosively(FrameworkMethod.java:56)
	at org.junit.internal.runners.statements.InvokeMethod.evaluate(InvokeMethod.java:17)
	at org.junit.internal.runners.statements.RunAfters.evaluate(RunAfters.java:27)
	at org.junit.internal.runners.statements.FailOnTimeout$CallableStatement.call(FailOnTimeout.java:288)
	at org.junit.internal.runners.statements.FailOnTimeout$CallableStatement.call(FailOnTimeout.java:282)
	at java.util.concurrent.FutureTask.run(FutureTask.java:266)
	at java.lang.Thread.run(Thread.java:750)
09:57:08.999 [IPC Server handler 14 on default port 44537] ERROR OMAudit - user=runner | ip=127.0.0.1 | op=GET_FILE_STATUS {volume=volume16412, bucket=bucket93813, key=testBatchDelete/parent/child6, dataSize=0, replicationConfig=null} | ret=FAILURE
org.apache.hadoop.ozone.om.exceptions.OMException: Unable to get file status: volume: volume16412 bucket: bucket93813 key: testBatchDelete/parent/child6
	at org.apache.hadoop.ozone.om.KeyManagerImpl.getOzoneFileStatus(KeyManagerImpl.java:1324) ~[ozone-manager-1.3.0-SNAPSHOT.jar:?]
	at org.apache.hadoop.ozone.om.KeyManagerImpl.getFileStatus(KeyManagerImpl.java:1254) ~[ozone-manager-1.3.0-SNAPSHOT.jar:?]
	at org.apache.hadoop.ozone.om.OzoneManager.getFileStatus(OzoneManager.java:3506) ~[ozone-manager-1.3.0-SNAPSHOT.jar:?]
	at org.apache.hadoop.ozone.protocolPB.OzoneManagerRequestHandler.getOzoneFileStatus(OzoneManagerRequestHandler.java:882) ~[ozone-manager-1.3.0-SNAPSHOT.jar:?]
	at org.apache.hadoop.ozone.protocolPB.OzoneManagerRequestHandler.handleReadRequest(OzoneManagerRequestHandler.java:228) ~[ozone-manager-1.3.0-SNAPSHOT.jar:?]
	at org.apache.hadoop.ozone.protocolPB.OzoneManagerProtocolServerSideTranslatorPB.submitReadRequestToOM(OzoneManagerProtocolServerSideTranslatorPB.java:226) ~[ozone-manager-1.3.0-SNAPSHOT.jar:?]
	at org.apache.hadoop.ozone.protocolPB.OzoneManagerProtocolServerSideTranslatorPB.processRequest(OzoneManagerProtocolServerSideTranslatorPB.java:175) ~[ozone-manager-1.3.0-SNAPSHOT.jar:?]
	at org.apache.hadoop.hdds.server.OzoneProtocolMessageDispatcher.processRequest(OzoneProtocolMessageDispatcher.java:87) [hdds-server-framework-1.3.0-SNAPSHOT.jar:?]
	at org.apache.hadoop.ozone.protocolPB.OzoneManagerProtocolServerSideTranslatorPB.submitRequest(OzoneManagerProtocolServerSideTranslatorPB.java:147) [ozone-manager-1.3.0-SNAPSHOT.jar:?]
	at org.apache.hadoop.ozone.protocol.proto.OzoneManagerProtocolProtos$OzoneManagerService$2.callBlockingMethod(OzoneManagerProtocolProtos.java) [ozone-interface-client-1.3.0-SNAPSHOT.jar:?]
	at org.apache.hadoop.ipc.ProtobufRpcEngine$Server.processCall(ProtobufRpcEngine.java:466) [hadoop-common-3.3.1.jar:?]
	at org.apache.hadoop.ipc.ProtobufRpcEngine2$Server$ProtoBufRpcInvoker.call(ProtobufRpcEngine2.java:574) [hadoop-common-3.3.1.jar:?]
	at org.apache.hadoop.ipc.ProtobufRpcEngine2$Server$ProtoBufRpcInvoker.call(ProtobufRpcEngine2.java:552) [hadoop-common-3.3.1.jar:?]
	at org.apache.hadoop.ipc.RPC$Server.call(RPC.java:1093) [hadoop-common-3.3.1.jar:?]
	at org.apache.hadoop.ipc.Server$RpcCall.run(Server.java:1035) [hadoop-common-3.3.1.jar:?]
	at org.apache.hadoop.ipc.Server$RpcCall.run(Server.java:963) [hadoop-common-3.3.1.jar:?]
	at java.security.AccessController.doPrivileged(Native Method) ~[?:1.8.0_345]
	at javax.security.auth.Subject.doAs(Subject.java:422) [?:1.8.0_345]
	at org.apache.hadoop.security.UserGroupInformation.doAs(UserGroupInformation.java:1878) [hadoop-common-3.3.1.jar:?]
	at org.apache.hadoop.ipc.Server$Handler.run(Server.java:2966) [hadoop-common-3.3.1.jar:?]
2022-09-28 09:57:08,999 [Time-limited test] WARN  ozone.BasicOzoneFileSystem (BasicOzoneFileSystem.java:getFileStatus(765)) - GetFileStatus failed for path /testBatchDelete/parent/child6
java.io.FileNotFoundException: testBatchDelete/parent/child6: No such file or directory!
	at org.apache.hadoop.fs.ozone.BasicOzoneClientAdapterImpl.getFileStatus(BasicOzoneClientAdapterImpl.java:369)
	at org.apache.hadoop.fs.ozone.BasicOzoneFileSystem.getFileStatus(BasicOzoneFileSystem.java:757)
	at org.apache.hadoop.fs.FileSystem.exists(FileSystem.java:1760)
	at org.apache.hadoop.fs.ozone.BasicOzoneFileSystem.exists(BasicOzoneFileSystem.java:804)
	at org.apache.hadoop.fs.ozone.TestOzoneFileSystem.testFileDelete(TestOzoneFileSystem.java:536)
	at sun.reflect.NativeMethodAccessorImpl.invoke0(Native Method)
	at sun.reflect.NativeMethodAccessorImpl.invoke(NativeMethodAccessorImpl.java:62)
	at sun.reflect.DelegatingMethodAccessorImpl.invoke(DelegatingMethodAccessorImpl.java:43)
	at java.lang.reflect.Method.invoke(Method.java:498)
	at org.junit.runners.model.FrameworkMethod$1.runReflectiveCall(FrameworkMethod.java:59)
	at org.junit.internal.runners.model.ReflectiveCallable.run(ReflectiveCallable.java:12)
	at org.junit.runners.model.FrameworkMethod.invokeExplosively(FrameworkMethod.java:56)
	at org.junit.internal.runners.statements.InvokeMethod.evaluate(InvokeMethod.java:17)
	at org.junit.internal.runners.statements.RunAfters.evaluate(RunAfters.java:27)
	at org.junit.internal.runners.statements.FailOnTimeout$CallableStatement.call(FailOnTimeout.java:288)
	at org.junit.internal.runners.statements.FailOnTimeout$CallableStatement.call(FailOnTimeout.java:282)
	at java.util.concurrent.FutureTask.run(FutureTask.java:266)
	at java.lang.Thread.run(Thread.java:750)
09:57:09.000 [IPC Server handler 6 on default port 44537] ERROR OMAudit - user=runner | ip=127.0.0.1 | op=GET_FILE_STATUS {volume=volume16412, bucket=bucket93813, key=testBatchDelete/parent/childFolder/child6, dataSize=0, replicationConfig=null} | ret=FAILURE
org.apache.hadoop.ozone.om.exceptions.OMException: Unable to get file status: volume: volume16412 bucket: bucket93813 key: testBatchDelete/parent/childFolder/child6
	at org.apache.hadoop.ozone.om.KeyManagerImpl.getOzoneFileStatus(KeyManagerImpl.java:1324) ~[ozone-manager-1.3.0-SNAPSHOT.jar:?]
	at org.apache.hadoop.ozone.om.KeyManagerImpl.getFileStatus(KeyManagerImpl.java:1254) ~[ozone-manager-1.3.0-SNAPSHOT.jar:?]
	at org.apache.hadoop.ozone.om.OzoneManager.getFileStatus(OzoneManager.java:3506) ~[ozone-manager-1.3.0-SNAPSHOT.jar:?]
	at org.apache.hadoop.ozone.protocolPB.OzoneManagerRequestHandler.getOzoneFileStatus(OzoneManagerRequestHandler.java:882) ~[ozone-manager-1.3.0-SNAPSHOT.jar:?]
	at org.apache.hadoop.ozone.protocolPB.OzoneManagerRequestHandler.handleReadRequest(OzoneManagerRequestHandler.java:228) ~[ozone-manager-1.3.0-SNAPSHOT.jar:?]
	at org.apache.hadoop.ozone.protocolPB.OzoneManagerProtocolServerSideTranslatorPB.submitReadRequestToOM(OzoneManagerProtocolServerSideTranslatorPB.java:226) ~[ozone-manager-1.3.0-SNAPSHOT.jar:?]
	at org.apache.hadoop.ozone.protocolPB.OzoneManagerProtocolServerSideTranslatorPB.processRequest(OzoneManagerProtocolServerSideTranslatorPB.java:175) ~[ozone-manager-1.3.0-SNAPSHOT.jar:?]
	at org.apache.hadoop.hdds.server.OzoneProtocolMessageDispatcher.processRequest(OzoneProtocolMessageDispatcher.java:87) [hdds-server-framework-1.3.0-SNAPSHOT.jar:?]
	at org.apache.hadoop.ozone.protocolPB.OzoneManagerProtocolServerSideTranslatorPB.submitRequest(OzoneManagerProtocolServerSideTranslatorPB.java:147) [ozone-manager-1.3.0-SNAPSHOT.jar:?]
	at org.apache.hadoop.ozone.protocol.proto.OzoneManagerProtocolProtos$OzoneManagerService$2.callBlockingMethod(OzoneManagerProtocolProtos.java) [ozone-interface-client-1.3.0-SNAPSHOT.jar:?]
	at org.apache.hadoop.ipc.ProtobufRpcEngine$Server.processCall(ProtobufRpcEngine.java:466) [hadoop-common-3.3.1.jar:?]
	at org.apache.hadoop.ipc.ProtobufRpcEngine2$Server$ProtoBufRpcInvoker.call(ProtobufRpcEngine2.java:574) [hadoop-common-3.3.1.jar:?]
	at org.apache.hadoop.ipc.ProtobufRpcEngine2$Server$ProtoBufRpcInvoker.call(ProtobufRpcEngine2.java:552) [hadoop-common-3.3.1.jar:?]
	at org.apache.hadoop.ipc.RPC$Server.call(RPC.java:1093) [hadoop-common-3.3.1.jar:?]
	at org.apache.hadoop.ipc.Server$RpcCall.run(Server.java:1035) [hadoop-common-3.3.1.jar:?]
	at org.apache.hadoop.ipc.Server$RpcCall.run(Server.java:963) [hadoop-common-3.3.1.jar:?]
	at java.security.AccessController.doPrivileged(Native Method) ~[?:1.8.0_345]
	at javax.security.auth.Subject.doAs(Subject.java:422) [?:1.8.0_345]
	at org.apache.hadoop.security.UserGroupInformation.doAs(UserGroupInformation.java:1878) [hadoop-common-3.3.1.jar:?]
	at org.apache.hadoop.ipc.Server$Handler.run(Server.java:2966) [hadoop-common-3.3.1.jar:?]
2022-09-28 09:57:09,000 [Time-limited test] WARN  ozone.BasicOzoneFileSystem (BasicOzoneFileSystem.java:getFileStatus(765)) - GetFileStatus failed for path /testBatchDelete/parent/childFolder/child6
java.io.FileNotFoundException: testBatchDelete/parent/childFolder/child6: No such file or directory!
	at org.apache.hadoop.fs.ozone.BasicOzoneClientAdapterImpl.getFileStatus(BasicOzoneClientAdapterImpl.java:369)
	at org.apache.hadoop.fs.ozone.BasicOzoneFileSystem.getFileStatus(BasicOzoneFileSystem.java:757)
	at org.apache.hadoop.fs.FileSystem.exists(FileSystem.java:1760)
	at org.apache.hadoop.fs.ozone.BasicOzoneFileSystem.exists(BasicOzoneFileSystem.java:804)
	at org.apache.hadoop.fs.ozone.TestOzoneFileSystem.testFileDelete(TestOzoneFileSystem.java:541)
	at sun.reflect.NativeMethodAccessorImpl.invoke0(Native Method)
	at sun.reflect.NativeMethodAccessorImpl.invoke(NativeMethodAccessorImpl.java:62)
	at sun.reflect.DelegatingMethodAccessorImpl.invoke(DelegatingMethodAccessorImpl.java:43)
	at java.lang.reflect.Method.invoke(Method.java:498)
	at org.junit.runners.model.FrameworkMethod$1.runReflectiveCall(FrameworkMethod.java:59)
	at org.junit.internal.runners.model.ReflectiveCallable.run(ReflectiveCallable.java:12)
	at org.junit.runners.model.FrameworkMethod.invokeExplosively(FrameworkMethod.java:56)
	at org.junit.internal.runners.statements.InvokeMethod.evaluate(InvokeMethod.java:17)
	at org.junit.internal.runners.statements.RunAfters.evaluate(RunAfters.java:27)
	at org.junit.internal.runners.statements.FailOnTimeout$CallableStatement.call(FailOnTimeout.java:288)
	at org.junit.internal.runners.statements.FailOnTimeout$CallableStatement.call(FailOnTimeout.java:282)
	at java.util.concurrent.FutureTask.run(FutureTask.java:266)
	at java.lang.Thread.run(Thread.java:750)
09:57:09.001 [IPC Server handler 8 on default port 44537] ERROR OMAudit - user=runner | ip=127.0.0.1 | op=GET_FILE_STATUS {volume=volume16412, bucket=bucket93813, key=testBatchDelete/parent/child7, dataSize=0, replicationConfig=null} | ret=FAILURE
org.apache.hadoop.ozone.om.exceptions.OMException: Unable to get file status: volume: volume16412 bucket: bucket93813 key: testBatchDelete/parent/child7
	at org.apache.hadoop.ozone.om.KeyManagerImpl.getOzoneFileStatus(KeyManagerImpl.java:1324) ~[ozone-manager-1.3.0-SNAPSHOT.jar:?]
	at org.apache.hadoop.ozone.om.KeyManagerImpl.getFileStatus(KeyManagerImpl.java:1254) ~[ozone-manager-1.3.0-SNAPSHOT.jar:?]
	at org.apache.hadoop.ozone.om.OzoneManager.getFileStatus(OzoneManager.java:3506) ~[ozone-manager-1.3.0-SNAPSHOT.jar:?]
	at org.apache.hadoop.ozone.protocolPB.OzoneManagerRequestHandler.getOzoneFileStatus(OzoneManagerRequestHandler.java:882) ~[ozone-manager-1.3.0-SNAPSHOT.jar:?]
	at org.apache.hadoop.ozone.protocolPB.OzoneManagerRequestHandler.handleReadRequest(OzoneManagerRequestHandler.java:228) ~[ozone-manager-1.3.0-SNAPSHOT.jar:?]
	at org.apache.hadoop.ozone.protocolPB.OzoneManagerProtocolServerSideTranslatorPB.submitReadRequestToOM(OzoneManagerProtocolServerSideTranslatorPB.java:226) ~[ozone-manager-1.3.0-SNAPSHOT.jar:?]
	at org.apache.hadoop.ozone.protocolPB.OzoneManagerProtocolServerSideTranslatorPB.processRequest(OzoneManagerProtocolServerSideTranslatorPB.java:175) ~[ozone-manager-1.3.0-SNAPSHOT.jar:?]
	at org.apache.hadoop.hdds.server.OzoneProtocolMessageDispatcher.processRequest(OzoneProtocolMessageDispatcher.java:87) [hdds-server-framework-1.3.0-SNAPSHOT.jar:?]
	at org.apache.hadoop.ozone.protocolPB.OzoneManagerProtocolServerSideTranslatorPB.submitRequest(OzoneManagerProtocolServerSideTranslatorPB.java:147) [ozone-manager-1.3.0-SNAPSHOT.jar:?]
	at org.apache.hadoop.ozone.protocol.proto.OzoneManagerProtocolProtos$OzoneManagerService$2.callBlockingMethod(OzoneManagerProtocolProtos.java) [ozone-interface-client-1.3.0-SNAPSHOT.jar:?]
	at org.apache.hadoop.ipc.ProtobufRpcEngine$Server.processCall(ProtobufRpcEngine.java:466) [hadoop-common-3.3.1.jar:?]
	at org.apache.hadoop.ipc.ProtobufRpcEngine2$Server$ProtoBufRpcInvoker.call(ProtobufRpcEngine2.java:574) [hadoop-common-3.3.1.jar:?]
	at org.apache.hadoop.ipc.ProtobufRpcEngine2$Server$ProtoBufRpcInvoker.call(ProtobufRpcEngine2.java:552) [hadoop-common-3.3.1.jar:?]
	at org.apache.hadoop.ipc.RPC$Server.call(RPC.java:1093) [hadoop-common-3.3.1.jar:?]
	at org.apache.hadoop.ipc.Server$RpcCall.run(Server.java:1035) [hadoop-common-3.3.1.jar:?]
	at org.apache.hadoop.ipc.Server$RpcCall.run(Server.java:963) [hadoop-common-3.3.1.jar:?]
	at java.security.AccessController.doPrivileged(Native Method) ~[?:1.8.0_345]
	at javax.security.auth.Subject.doAs(Subject.java:422) [?:1.8.0_345]
	at org.apache.hadoop.security.UserGroupInformation.doAs(UserGroupInformation.java:1878) [hadoop-common-3.3.1.jar:?]
	at org.apache.hadoop.ipc.Server$Handler.run(Server.java:2966) [hadoop-common-3.3.1.jar:?]
2022-09-28 09:57:09,004 [Time-limited test] WARN  ozone.BasicOzoneFileSystem (BasicOzoneFileSystem.java:getFileStatus(765)) - GetFileStatus failed for path /testBatchDelete/parent/child7
java.io.FileNotFoundException: testBatchDelete/parent/child7: No such file or directory!
	at org.apache.hadoop.fs.ozone.BasicOzoneClientAdapterImpl.getFileStatus(BasicOzoneClientAdapterImpl.java:369)
	at org.apache.hadoop.fs.ozone.BasicOzoneFileSystem.getFileStatus(BasicOzoneFileSystem.java:757)
	at org.apache.hadoop.fs.FileSystem.exists(FileSystem.java:1760)
	at org.apache.hadoop.fs.ozone.BasicOzoneFileSystem.exists(BasicOzoneFileSystem.java:804)
	at org.apache.hadoop.fs.ozone.TestOzoneFileSystem.testFileDelete(TestOzoneFileSystem.java:536)
	at sun.reflect.NativeMethodAccessorImpl.invoke0(Native Method)
	at sun.reflect.NativeMethodAccessorImpl.invoke(NativeMethodAccessorImpl.java:62)
	at sun.reflect.DelegatingMethodAccessorImpl.invoke(DelegatingMethodAccessorImpl.java:43)
	at java.lang.reflect.Method.invoke(Method.java:498)
	at org.junit.runners.model.FrameworkMethod$1.runReflectiveCall(FrameworkMethod.java:59)
	at org.junit.internal.runners.model.ReflectiveCallable.run(ReflectiveCallable.java:12)
	at org.junit.runners.model.FrameworkMethod.invokeExplosively(FrameworkMethod.java:56)
	at org.junit.internal.runners.statements.InvokeMethod.evaluate(InvokeMethod.java:17)
	at org.junit.internal.runners.statements.RunAfters.evaluate(RunAfters.java:27)
	at org.junit.internal.runners.statements.FailOnTimeout$CallableStatement.call(FailOnTimeout.java:288)
	at org.junit.internal.runners.statements.FailOnTimeout$CallableStatement.call(FailOnTimeout.java:282)
	at java.util.concurrent.FutureTask.run(FutureTask.java:266)
	at java.lang.Thread.run(Thread.java:750)
09:57:09.004 [IPC Server handler 10 on default port 44537] ERROR OMAudit - user=runner | ip=127.0.0.1 | op=GET_FILE_STATUS {volume=volume16412, bucket=bucket93813, key=testBatchDelete/parent/childFolder/child7, dataSize=0, replicationConfig=null} | ret=FAILURE
org.apache.hadoop.ozone.om.exceptions.OMException: Unable to get file status: volume: volume16412 bucket: bucket93813 key: testBatchDelete/parent/childFolder/child7
	at org.apache.hadoop.ozone.om.KeyManagerImpl.getOzoneFileStatus(KeyManagerImpl.java:1324) ~[ozone-manager-1.3.0-SNAPSHOT.jar:?]
	at org.apache.hadoop.ozone.om.KeyManagerImpl.getFileStatus(KeyManagerImpl.java:1254) ~[ozone-manager-1.3.0-SNAPSHOT.jar:?]
	at org.apache.hadoop.ozone.om.OzoneManager.getFileStatus(OzoneManager.java:3506) ~[ozone-manager-1.3.0-SNAPSHOT.jar:?]
	at org.apache.hadoop.ozone.protocolPB.OzoneManagerRequestHandler.getOzoneFileStatus(OzoneManagerRequestHandler.java:882) ~[ozone-manager-1.3.0-SNAPSHOT.jar:?]
	at org.apache.hadoop.ozone.protocolPB.OzoneManagerRequestHandler.handleReadRequest(OzoneManagerRequestHandler.java:228) ~[ozone-manager-1.3.0-SNAPSHOT.jar:?]
	at org.apache.hadoop.ozone.protocolPB.OzoneManagerProtocolServerSideTranslatorPB.submitReadRequestToOM(OzoneManagerProtocolServerSideTranslatorPB.java:226) ~[ozone-manager-1.3.0-SNAPSHOT.jar:?]
	at org.apache.hadoop.ozone.protocolPB.OzoneManagerProtocolServerSideTranslatorPB.processRequest(OzoneManagerProtocolServerSideTranslatorPB.java:175) ~[ozone-manager-1.3.0-SNAPSHOT.jar:?]
	at org.apache.hadoop.hdds.server.OzoneProtocolMessageDispatcher.processRequest(OzoneProtocolMessageDispatcher.java:87) [hdds-server-framework-1.3.0-SNAPSHOT.jar:?]
	at org.apache.hadoop.ozone.protocolPB.OzoneManagerProtocolServerSideTranslatorPB.submitRequest(OzoneManagerProtocolServerSideTranslatorPB.java:147) [ozone-manager-1.3.0-SNAPSHOT.jar:?]
	at org.apache.hadoop.ozone.protocol.proto.OzoneManagerProtocolProtos$OzoneManagerService$2.callBlockingMethod(OzoneManagerProtocolProtos.java) [ozone-interface-client-1.3.0-SNAPSHOT.jar:?]
	at org.apache.hadoop.ipc.ProtobufRpcEngine$Server.processCall(ProtobufRpcEngine.java:466) [hadoop-common-3.3.1.jar:?]
	at org.apache.hadoop.ipc.ProtobufRpcEngine2$Server$ProtoBufRpcInvoker.call(ProtobufRpcEngine2.java:574) [hadoop-common-3.3.1.jar:?]
	at org.apache.hadoop.ipc.ProtobufRpcEngine2$Server$ProtoBufRpcInvoker.call(ProtobufRpcEngine2.java:552) [hadoop-common-3.3.1.jar:?]
	at org.apache.hadoop.ipc.RPC$Server.call(RPC.java:1093) [hadoop-common-3.3.1.jar:?]
	at org.apache.hadoop.ipc.Server$RpcCall.run(Server.java:1035) [hadoop-common-3.3.1.jar:?]
	at org.apache.hadoop.ipc.Server$RpcCall.run(Server.java:963) [hadoop-common-3.3.1.jar:?]
	at java.security.AccessController.doPrivileged(Native Method) ~[?:1.8.0_345]
	at javax.security.auth.Subject.doAs(Subject.java:422) [?:1.8.0_345]
	at org.apache.hadoop.security.UserGroupInformation.doAs(UserGroupInformation.java:1878) [hadoop-common-3.3.1.jar:?]
	at org.apache.hadoop.ipc.Server$Handler.run(Server.java:2966) [hadoop-common-3.3.1.jar:?]
2022-09-28 09:57:09,005 [Time-limited test] WARN  ozone.BasicOzoneFileSystem (BasicOzoneFileSystem.java:getFileStatus(765)) - GetFileStatus failed for path /testBatchDelete/parent/childFolder/child7
java.io.FileNotFoundException: testBatchDelete/parent/childFolder/child7: No such file or directory!
	at org.apache.hadoop.fs.ozone.BasicOzoneClientAdapterImpl.getFileStatus(BasicOzoneClientAdapterImpl.java:369)
	at org.apache.hadoop.fs.ozone.BasicOzoneFileSystem.getFileStatus(BasicOzoneFileSystem.java:757)
	at org.apache.hadoop.fs.FileSystem.exists(FileSystem.java:1760)
	at org.apache.hadoop.fs.ozone.BasicOzoneFileSystem.exists(BasicOzoneFileSystem.java:804)
	at org.apache.hadoop.fs.ozone.TestOzoneFileSystem.testFileDelete(TestOzoneFileSystem.java:541)
	at sun.reflect.NativeMethodAccessorImpl.invoke0(Native Method)
	at sun.reflect.NativeMethodAccessorImpl.invoke(NativeMethodAccessorImpl.java:62)
	at sun.reflect.DelegatingMethodAccessorImpl.invoke(DelegatingMethodAccessorImpl.java:43)
	at java.lang.reflect.Method.invoke(Method.java:498)
	at org.junit.runners.model.FrameworkMethod$1.runReflectiveCall(FrameworkMethod.java:59)
	at org.junit.internal.runners.model.ReflectiveCallable.run(ReflectiveCallable.java:12)
	at org.junit.runners.model.FrameworkMethod.invokeExplosively(FrameworkMethod.java:56)
	at org.junit.internal.runners.statements.InvokeMethod.evaluate(InvokeMethod.java:17)
	at org.junit.internal.runners.statements.RunAfters.evaluate(RunAfters.java:27)
	at org.junit.internal.runners.statements.FailOnTimeout$CallableStatement.call(FailOnTimeout.java:288)
	at org.junit.internal.runners.statements.FailOnTimeout$CallableStatement.call(FailOnTimeout.java:282)
	at java.util.concurrent.FutureTask.run(FutureTask.java:266)
	at java.lang.Thread.run(Thread.java:750)
09:57:09.005 [IPC Server handler 12 on default port 44537] ERROR OMAudit - user=runner | ip=127.0.0.1 | op=GET_FILE_STATUS {volume=volume16412, bucket=bucket93813, key=testBatchDelete/parent, dataSize=0, replicationConfig=null} | ret=FAILURE
org.apache.hadoop.ozone.om.exceptions.OMException: Unable to get file status: volume: volume16412 bucket: bucket93813 key: testBatchDelete/parent
	at org.apache.hadoop.ozone.om.KeyManagerImpl.getOzoneFileStatus(KeyManagerImpl.java:1324) ~[ozone-manager-1.3.0-SNAPSHOT.jar:?]
	at org.apache.hadoop.ozone.om.KeyManagerImpl.getFileStatus(KeyManagerImpl.java:1254) ~[ozone-manager-1.3.0-SNAPSHOT.jar:?]
	at org.apache.hadoop.ozone.om.OzoneManager.getFileStatus(OzoneManager.java:3506) ~[ozone-manager-1.3.0-SNAPSHOT.jar:?]
	at org.apache.hadoop.ozone.protocolPB.OzoneManagerRequestHandler.getOzoneFileStatus(OzoneManagerRequestHandler.java:882) ~[ozone-manager-1.3.0-SNAPSHOT.jar:?]
	at org.apache.hadoop.ozone.protocolPB.OzoneManagerRequestHandler.handleReadRequest(OzoneManagerRequestHandler.java:228) ~[ozone-manager-1.3.0-SNAPSHOT.jar:?]
	at org.apache.hadoop.ozone.protocolPB.OzoneManagerProtocolServerSideTranslatorPB.submitReadRequestToOM(OzoneManagerProtocolServerSideTranslatorPB.java:226) ~[ozone-manager-1.3.0-SNAPSHOT.jar:?]
	at org.apache.hadoop.ozone.protocolPB.OzoneManagerProtocolServerSideTranslatorPB.processRequest(OzoneManagerProtocolServerSideTranslatorPB.java:175) ~[ozone-manager-1.3.0-SNAPSHOT.jar:?]
	at org.apache.hadoop.hdds.server.OzoneProtocolMessageDispatcher.processRequest(OzoneProtocolMessageDispatcher.java:87) [hdds-server-framework-1.3.0-SNAPSHOT.jar:?]
	at org.apache.hadoop.ozone.protocolPB.OzoneManagerProtocolServerSideTranslatorPB.submitRequest(OzoneManagerProtocolServerSideTranslatorPB.java:147) [ozone-manager-1.3.0-SNAPSHOT.jar:?]
	at org.apache.hadoop.ozone.protocol.proto.OzoneManagerProtocolProtos$OzoneManagerService$2.callBlockingMethod(OzoneManagerProtocolProtos.java) [ozone-interface-client-1.3.0-SNAPSHOT.jar:?]
	at org.apache.hadoop.ipc.ProtobufRpcEngine$Server.processCall(ProtobufRpcEngine.java:466) [hadoop-common-3.3.1.jar:?]
	at org.apache.hadoop.ipc.ProtobufRpcEngine2$Server$ProtoBufRpcInvoker.call(ProtobufRpcEngine2.java:574) [hadoop-common-3.3.1.jar:?]
	at org.apache.hadoop.ipc.ProtobufRpcEngine2$Server$ProtoBufRpcInvoker.call(ProtobufRpcEngine2.java:552) [hadoop-common-3.3.1.jar:?]
	at org.apache.hadoop.ipc.RPC$Server.call(RPC.java:1093) [hadoop-common-3.3.1.jar:?]
	at org.apache.hadoop.ipc.Server$RpcCall.run(Server.java:1035) [hadoop-common-3.3.1.jar:?]
	at org.apache.hadoop.ipc.Server$RpcCall.run(Server.java:963) [hadoop-common-3.3.1.jar:?]
	at java.security.AccessController.doPrivileged(Native Method) ~[?:1.8.0_345]
	at javax.security.auth.Subject.doAs(Subject.java:422) [?:1.8.0_345]
	at org.apache.hadoop.security.UserGroupInformation.doAs(UserGroupInformation.java:1878) [hadoop-common-3.3.1.jar:?]
	at org.apache.hadoop.ipc.Server$Handler.run(Server.java:2966) [hadoop-common-3.3.1.jar:?]
2022-09-28 09:57:09,008 [Time-limited test] WARN  ozone.BasicOzoneFileSystem (BasicOzoneFileSystem.java:getFileStatus(765)) - GetFileStatus failed for path /testBatchDelete/parent
java.io.FileNotFoundException: testBatchDelete/parent: No such file or directory!
	at org.apache.hadoop.fs.ozone.BasicOzoneClientAdapterImpl.getFileStatus(BasicOzoneClientAdapterImpl.java:369)
	at org.apache.hadoop.fs.ozone.BasicOzoneFileSystem.getFileStatus(BasicOzoneFileSystem.java:757)
	at org.apache.hadoop.fs.ozone.BasicOzoneFileSystem.delete(BasicOzoneFileSystem.java:530)
	at org.apache.hadoop.fs.ozone.TestOzoneFileSystem.testFileDelete(TestOzoneFileSystem.java:545)
	at sun.reflect.NativeMethodAccessorImpl.invoke0(Native Method)
	at sun.reflect.NativeMethodAccessorImpl.invoke(NativeMethodAccessorImpl.java:62)
	at sun.reflect.DelegatingMethodAccessorImpl.invoke(DelegatingMethodAccessorImpl.java:43)
	at java.lang.reflect.Method.invoke(Method.java:498)
	at org.junit.runners.model.FrameworkMethod$1.runReflectiveCall(FrameworkMethod.java:59)
	at org.junit.internal.runners.model.ReflectiveCallable.run(ReflectiveCallable.java:12)
	at org.junit.runners.model.FrameworkMethod.invokeExplosively(FrameworkMethod.java:56)
	at org.junit.internal.runners.statements.InvokeMethod.evaluate(InvokeMethod.java:17)
	at org.junit.internal.runners.statements.RunAfters.evaluate(RunAfters.java:27)
	at org.junit.internal.runners.statements.FailOnTimeout$CallableStatement.call(FailOnTimeout.java:288)
	at org.junit.internal.runners.statements.FailOnTimeout$CallableStatement.call(FailOnTimeout.java:282)
	at java.util.concurrent.FutureTask.run(FutureTask.java:266)
	at java.lang.Thread.run(Thread.java:750)
2022-09-28 09:57:09,012 [Time-limited test] WARN  ozone.BasicOzoneFileSystem (BasicOzoneFileSystem.java:delete(532)) - delete: Path does not exist: /testBatchDelete/parent
]]></system-out>
  </testcase>
  <testcase name="testFileDelete" classname="TestOzoneFileSystem" time="0.233">
    <system-out><![CDATA[09:59:04.864 [IPC Server handler 2 on default port 38925] ERROR OMAudit - user=runner | ip=127.0.0.1 | op=GET_FILE_STATUS {volume=volume75139, bucket=bucket52642, key=testBatchDelete, dataSize=0, replicationConfig=null} | ret=FAILURE
org.apache.hadoop.ozone.om.exceptions.OMException: Unable to get file status: volume: volume75139 bucket: bucket52642 key: testBatchDelete
	at org.apache.hadoop.ozone.om.KeyManagerImpl.getOzoneFileStatus(KeyManagerImpl.java:1324) ~[ozone-manager-1.3.0-SNAPSHOT.jar:?]
	at org.apache.hadoop.ozone.om.KeyManagerImpl.getFileStatus(KeyManagerImpl.java:1254) ~[ozone-manager-1.3.0-SNAPSHOT.jar:?]
	at org.apache.hadoop.ozone.om.OzoneManager.getFileStatus(OzoneManager.java:3506) ~[ozone-manager-1.3.0-SNAPSHOT.jar:?]
	at org.apache.hadoop.ozone.protocolPB.OzoneManagerRequestHandler.getOzoneFileStatus(OzoneManagerRequestHandler.java:882) ~[ozone-manager-1.3.0-SNAPSHOT.jar:?]
	at org.apache.hadoop.ozone.protocolPB.OzoneManagerRequestHandler.handleReadRequest(OzoneManagerRequestHandler.java:228) ~[ozone-manager-1.3.0-SNAPSHOT.jar:?]
	at org.apache.hadoop.ozone.protocolPB.OzoneManagerProtocolServerSideTranslatorPB.submitRequestDirectlyToOM(OzoneManagerProtocolServerSideTranslatorPB.java:276) ~[ozone-manager-1.3.0-SNAPSHOT.jar:?]
	at org.apache.hadoop.ozone.protocolPB.OzoneManagerProtocolServerSideTranslatorPB.processRequest(OzoneManagerProtocolServerSideTranslatorPB.java:205) ~[ozone-manager-1.3.0-SNAPSHOT.jar:?]
	at org.apache.hadoop.hdds.server.OzoneProtocolMessageDispatcher.processRequest(OzoneProtocolMessageDispatcher.java:87) [hdds-server-framework-1.3.0-SNAPSHOT.jar:?]
	at org.apache.hadoop.ozone.protocolPB.OzoneManagerProtocolServerSideTranslatorPB.submitRequest(OzoneManagerProtocolServerSideTranslatorPB.java:147) [ozone-manager-1.3.0-SNAPSHOT.jar:?]
	at org.apache.hadoop.ozone.protocol.proto.OzoneManagerProtocolProtos$OzoneManagerService$2.callBlockingMethod(OzoneManagerProtocolProtos.java) [ozone-interface-client-1.3.0-SNAPSHOT.jar:?]
	at org.apache.hadoop.ipc.ProtobufRpcEngine$Server.processCall(ProtobufRpcEngine.java:466) [hadoop-common-3.3.1.jar:?]
	at org.apache.hadoop.ipc.ProtobufRpcEngine2$Server$ProtoBufRpcInvoker.call(ProtobufRpcEngine2.java:574) [hadoop-common-3.3.1.jar:?]
	at org.apache.hadoop.ipc.ProtobufRpcEngine2$Server$ProtoBufRpcInvoker.call(ProtobufRpcEngine2.java:552) [hadoop-common-3.3.1.jar:?]
	at org.apache.hadoop.ipc.RPC$Server.call(RPC.java:1093) [hadoop-common-3.3.1.jar:?]
	at org.apache.hadoop.ipc.Server$RpcCall.run(Server.java:1035) [hadoop-common-3.3.1.jar:?]
	at org.apache.hadoop.ipc.Server$RpcCall.run(Server.java:963) [hadoop-common-3.3.1.jar:?]
	at java.security.AccessController.doPrivileged(Native Method) ~[?:1.8.0_345]
	at javax.security.auth.Subject.doAs(Subject.java:422) [?:1.8.0_345]
	at org.apache.hadoop.security.UserGroupInformation.doAs(UserGroupInformation.java:1878) [hadoop-common-3.3.1.jar:?]
	at org.apache.hadoop.ipc.Server$Handler.run(Server.java:2966) [hadoop-common-3.3.1.jar:?]
2022-09-28 09:59:04,864 [Time-limited test] WARN  ozone.BasicOzoneFileSystem (BasicOzoneFileSystem.java:getFileStatus(765)) - GetFileStatus failed for path /testBatchDelete
java.io.FileNotFoundException: testBatchDelete: No such file or directory!
	at org.apache.hadoop.fs.ozone.BasicOzoneClientAdapterImpl.getFileStatus(BasicOzoneClientAdapterImpl.java:369)
	at org.apache.hadoop.fs.ozone.BasicOzoneFileSystem.getFileStatus(BasicOzoneFileSystem.java:757)
	at org.apache.hadoop.fs.FileSystem.exists(FileSystem.java:1760)
	at org.apache.hadoop.fs.ozone.BasicOzoneFileSystem.exists(BasicOzoneFileSystem.java:804)
	at org.apache.hadoop.fs.ozone.TestOzoneFileSystem.testFileDelete(TestOzoneFileSystem.java:532)
	at sun.reflect.NativeMethodAccessorImpl.invoke0(Native Method)
	at sun.reflect.NativeMethodAccessorImpl.invoke(NativeMethodAccessorImpl.java:62)
	at sun.reflect.DelegatingMethodAccessorImpl.invoke(DelegatingMethodAccessorImpl.java:43)
	at java.lang.reflect.Method.invoke(Method.java:498)
	at org.junit.runners.model.FrameworkMethod$1.runReflectiveCall(FrameworkMethod.java:59)
	at org.junit.internal.runners.model.ReflectiveCallable.run(ReflectiveCallable.java:12)
	at org.junit.runners.model.FrameworkMethod.invokeExplosively(FrameworkMethod.java:56)
	at org.junit.internal.runners.statements.InvokeMethod.evaluate(InvokeMethod.java:17)
	at org.junit.internal.runners.statements.RunAfters.evaluate(RunAfters.java:27)
	at org.junit.internal.runners.statements.FailOnTimeout$CallableStatement.call(FailOnTimeout.java:288)
	at org.junit.internal.runners.statements.FailOnTimeout$CallableStatement.call(FailOnTimeout.java:282)
	at java.util.concurrent.FutureTask.run(FutureTask.java:266)
	at java.lang.Thread.run(Thread.java:750)
09:59:04.865 [IPC Server handler 4 on default port 38925] ERROR OMAudit - user=runner | ip=127.0.0.1 | op=GET_FILE_STATUS {volume=volume75139, bucket=bucket52642, key=testBatchDelete/parent/child0, dataSize=0, replicationConfig=null} | ret=FAILURE
org.apache.hadoop.ozone.om.exceptions.OMException: Unable to get file status: volume: volume75139 bucket: bucket52642 key: testBatchDelete/parent/child0
	at org.apache.hadoop.ozone.om.KeyManagerImpl.getOzoneFileStatus(KeyManagerImpl.java:1324) ~[ozone-manager-1.3.0-SNAPSHOT.jar:?]
	at org.apache.hadoop.ozone.om.KeyManagerImpl.getFileStatus(KeyManagerImpl.java:1254) ~[ozone-manager-1.3.0-SNAPSHOT.jar:?]
	at org.apache.hadoop.ozone.om.OzoneManager.getFileStatus(OzoneManager.java:3506) ~[ozone-manager-1.3.0-SNAPSHOT.jar:?]
	at org.apache.hadoop.ozone.protocolPB.OzoneManagerRequestHandler.getOzoneFileStatus(OzoneManagerRequestHandler.java:882) ~[ozone-manager-1.3.0-SNAPSHOT.jar:?]
	at org.apache.hadoop.ozone.protocolPB.OzoneManagerRequestHandler.handleReadRequest(OzoneManagerRequestHandler.java:228) ~[ozone-manager-1.3.0-SNAPSHOT.jar:?]
	at org.apache.hadoop.ozone.protocolPB.OzoneManagerProtocolServerSideTranslatorPB.submitRequestDirectlyToOM(OzoneManagerProtocolServerSideTranslatorPB.java:276) ~[ozone-manager-1.3.0-SNAPSHOT.jar:?]
	at org.apache.hadoop.ozone.protocolPB.OzoneManagerProtocolServerSideTranslatorPB.processRequest(OzoneManagerProtocolServerSideTranslatorPB.java:205) ~[ozone-manager-1.3.0-SNAPSHOT.jar:?]
	at org.apache.hadoop.hdds.server.OzoneProtocolMessageDispatcher.processRequest(OzoneProtocolMessageDispatcher.java:87) [hdds-server-framework-1.3.0-SNAPSHOT.jar:?]
	at org.apache.hadoop.ozone.protocolPB.OzoneManagerProtocolServerSideTranslatorPB.submitRequest(OzoneManagerProtocolServerSideTranslatorPB.java:147) [ozone-manager-1.3.0-SNAPSHOT.jar:?]
	at org.apache.hadoop.ozone.protocol.proto.OzoneManagerProtocolProtos$OzoneManagerService$2.callBlockingMethod(OzoneManagerProtocolProtos.java) [ozone-interface-client-1.3.0-SNAPSHOT.jar:?]
	at org.apache.hadoop.ipc.ProtobufRpcEngine$Server.processCall(ProtobufRpcEngine.java:466) [hadoop-common-3.3.1.jar:?]
	at org.apache.hadoop.ipc.ProtobufRpcEngine2$Server$ProtoBufRpcInvoker.call(ProtobufRpcEngine2.java:574) [hadoop-common-3.3.1.jar:?]
	at org.apache.hadoop.ipc.ProtobufRpcEngine2$Server$ProtoBufRpcInvoker.call(ProtobufRpcEngine2.java:552) [hadoop-common-3.3.1.jar:?]
	at org.apache.hadoop.ipc.RPC$Server.call(RPC.java:1093) [hadoop-common-3.3.1.jar:?]
	at org.apache.hadoop.ipc.Server$RpcCall.run(Server.java:1035) [hadoop-common-3.3.1.jar:?]
	at org.apache.hadoop.ipc.Server$RpcCall.run(Server.java:963) [hadoop-common-3.3.1.jar:?]
	at java.security.AccessController.doPrivileged(Native Method) ~[?:1.8.0_345]
	at javax.security.auth.Subject.doAs(Subject.java:422) [?:1.8.0_345]
	at org.apache.hadoop.security.UserGroupInformation.doAs(UserGroupInformation.java:1878) [hadoop-common-3.3.1.jar:?]
	at org.apache.hadoop.ipc.Server$Handler.run(Server.java:2966) [hadoop-common-3.3.1.jar:?]
2022-09-28 09:59:04,865 [Time-limited test] WARN  ozone.BasicOzoneFileSystem (BasicOzoneFileSystem.java:getFileStatus(765)) - GetFileStatus failed for path /testBatchDelete/parent/child0
java.io.FileNotFoundException: testBatchDelete/parent/child0: No such file or directory!
	at org.apache.hadoop.fs.ozone.BasicOzoneClientAdapterImpl.getFileStatus(BasicOzoneClientAdapterImpl.java:369)
	at org.apache.hadoop.fs.ozone.BasicOzoneFileSystem.getFileStatus(BasicOzoneFileSystem.java:757)
	at org.apache.hadoop.fs.FileSystem.exists(FileSystem.java:1760)
	at org.apache.hadoop.fs.ozone.BasicOzoneFileSystem.exists(BasicOzoneFileSystem.java:804)
	at org.apache.hadoop.fs.ozone.TestOzoneFileSystem.testFileDelete(TestOzoneFileSystem.java:536)
	at sun.reflect.NativeMethodAccessorImpl.invoke0(Native Method)
	at sun.reflect.NativeMethodAccessorImpl.invoke(NativeMethodAccessorImpl.java:62)
	at sun.reflect.DelegatingMethodAccessorImpl.invoke(DelegatingMethodAccessorImpl.java:43)
	at java.lang.reflect.Method.invoke(Method.java:498)
	at org.junit.runners.model.FrameworkMethod$1.runReflectiveCall(FrameworkMethod.java:59)
	at org.junit.internal.runners.model.ReflectiveCallable.run(ReflectiveCallable.java:12)
	at org.junit.runners.model.FrameworkMethod.invokeExplosively(FrameworkMethod.java:56)
	at org.junit.internal.runners.statements.InvokeMethod.evaluate(InvokeMethod.java:17)
	at org.junit.internal.runners.statements.RunAfters.evaluate(RunAfters.java:27)
	at org.junit.internal.runners.statements.FailOnTimeout$CallableStatement.call(FailOnTimeout.java:288)
	at org.junit.internal.runners.statements.FailOnTimeout$CallableStatement.call(FailOnTimeout.java:282)
	at java.util.concurrent.FutureTask.run(FutureTask.java:266)
	at java.lang.Thread.run(Thread.java:750)
09:59:04.865 [IPC Server handler 0 on default port 38925] ERROR OMAudit - user=runner | ip=127.0.0.1 | op=GET_FILE_STATUS {volume=volume75139, bucket=bucket52642, key=testBatchDelete/parent/childFolder/child0, dataSize=0, replicationConfig=null} | ret=FAILURE
org.apache.hadoop.ozone.om.exceptions.OMException: Unable to get file status: volume: volume75139 bucket: bucket52642 key: testBatchDelete/parent/childFolder/child0
	at org.apache.hadoop.ozone.om.KeyManagerImpl.getOzoneFileStatus(KeyManagerImpl.java:1324) ~[ozone-manager-1.3.0-SNAPSHOT.jar:?]
	at org.apache.hadoop.ozone.om.KeyManagerImpl.getFileStatus(KeyManagerImpl.java:1254) ~[ozone-manager-1.3.0-SNAPSHOT.jar:?]
	at org.apache.hadoop.ozone.om.OzoneManager.getFileStatus(OzoneManager.java:3506) ~[ozone-manager-1.3.0-SNAPSHOT.jar:?]
	at org.apache.hadoop.ozone.protocolPB.OzoneManagerRequestHandler.getOzoneFileStatus(OzoneManagerRequestHandler.java:882) ~[ozone-manager-1.3.0-SNAPSHOT.jar:?]
	at org.apache.hadoop.ozone.protocolPB.OzoneManagerRequestHandler.handleReadRequest(OzoneManagerRequestHandler.java:228) ~[ozone-manager-1.3.0-SNAPSHOT.jar:?]
	at org.apache.hadoop.ozone.protocolPB.OzoneManagerProtocolServerSideTranslatorPB.submitRequestDirectlyToOM(OzoneManagerProtocolServerSideTranslatorPB.java:276) ~[ozone-manager-1.3.0-SNAPSHOT.jar:?]
	at org.apache.hadoop.ozone.protocolPB.OzoneManagerProtocolServerSideTranslatorPB.processRequest(OzoneManagerProtocolServerSideTranslatorPB.java:205) ~[ozone-manager-1.3.0-SNAPSHOT.jar:?]
	at org.apache.hadoop.hdds.server.OzoneProtocolMessageDispatcher.processRequest(OzoneProtocolMessageDispatcher.java:87) [hdds-server-framework-1.3.0-SNAPSHOT.jar:?]
	at org.apache.hadoop.ozone.protocolPB.OzoneManagerProtocolServerSideTranslatorPB.submitRequest(OzoneManagerProtocolServerSideTranslatorPB.java:147) [ozone-manager-1.3.0-SNAPSHOT.jar:?]
	at org.apache.hadoop.ozone.protocol.proto.OzoneManagerProtocolProtos$OzoneManagerService$2.callBlockingMethod(OzoneManagerProtocolProtos.java) [ozone-interface-client-1.3.0-SNAPSHOT.jar:?]
	at org.apache.hadoop.ipc.ProtobufRpcEngine$Server.processCall(ProtobufRpcEngine.java:466) [hadoop-common-3.3.1.jar:?]
	at org.apache.hadoop.ipc.ProtobufRpcEngine2$Server$ProtoBufRpcInvoker.call(ProtobufRpcEngine2.java:574) [hadoop-common-3.3.1.jar:?]
	at org.apache.hadoop.ipc.ProtobufRpcEngine2$Server$ProtoBufRpcInvoker.call(ProtobufRpcEngine2.java:552) [hadoop-common-3.3.1.jar:?]
	at org.apache.hadoop.ipc.RPC$Server.call(RPC.java:1093) [hadoop-common-3.3.1.jar:?]
	at org.apache.hadoop.ipc.Server$RpcCall.run(Server.java:1035) [hadoop-common-3.3.1.jar:?]
	at org.apache.hadoop.ipc.Server$RpcCall.run(Server.java:963) [hadoop-common-3.3.1.jar:?]
	at java.security.AccessController.doPrivileged(Native Method) ~[?:1.8.0_345]
	at javax.security.auth.Subject.doAs(Subject.java:422) [?:1.8.0_345]
	at org.apache.hadoop.security.UserGroupInformation.doAs(UserGroupInformation.java:1878) [hadoop-common-3.3.1.jar:?]
	at org.apache.hadoop.ipc.Server$Handler.run(Server.java:2966) [hadoop-common-3.3.1.jar:?]
2022-09-28 09:59:04,866 [Time-limited test] WARN  ozone.BasicOzoneFileSystem (BasicOzoneFileSystem.java:getFileStatus(765)) - GetFileStatus failed for path /testBatchDelete/parent/childFolder/child0
java.io.FileNotFoundException: testBatchDelete/parent/childFolder/child0: No such file or directory!
	at org.apache.hadoop.fs.ozone.BasicOzoneClientAdapterImpl.getFileStatus(BasicOzoneClientAdapterImpl.java:369)
	at org.apache.hadoop.fs.ozone.BasicOzoneFileSystem.getFileStatus(BasicOzoneFileSystem.java:757)
	at org.apache.hadoop.fs.FileSystem.exists(FileSystem.java:1760)
	at org.apache.hadoop.fs.ozone.BasicOzoneFileSystem.exists(BasicOzoneFileSystem.java:804)
	at org.apache.hadoop.fs.ozone.TestOzoneFileSystem.testFileDelete(TestOzoneFileSystem.java:541)
	at sun.reflect.NativeMethodAccessorImpl.invoke0(Native Method)
	at sun.reflect.NativeMethodAccessorImpl.invoke(NativeMethodAccessorImpl.java:62)
	at sun.reflect.DelegatingMethodAccessorImpl.invoke(DelegatingMethodAccessorImpl.java:43)
	at java.lang.reflect.Method.invoke(Method.java:498)
	at org.junit.runners.model.FrameworkMethod$1.runReflectiveCall(FrameworkMethod.java:59)
	at org.junit.internal.runners.model.ReflectiveCallable.run(ReflectiveCallable.java:12)
	at org.junit.runners.model.FrameworkMethod.invokeExplosively(FrameworkMethod.java:56)
	at org.junit.internal.runners.statements.InvokeMethod.evaluate(InvokeMethod.java:17)
	at org.junit.internal.runners.statements.RunAfters.evaluate(RunAfters.java:27)
	at org.junit.internal.runners.statements.FailOnTimeout$CallableStatement.call(FailOnTimeout.java:288)
	at org.junit.internal.runners.statements.FailOnTimeout$CallableStatement.call(FailOnTimeout.java:282)
	at java.util.concurrent.FutureTask.run(FutureTask.java:266)
	at java.lang.Thread.run(Thread.java:750)
09:59:04.866 [IPC Server handler 8 on default port 38925] ERROR OMAudit - user=runner | ip=127.0.0.1 | op=GET_FILE_STATUS {volume=volume75139, bucket=bucket52642, key=testBatchDelete/parent/child1, dataSize=0, replicationConfig=null} | ret=FAILURE
org.apache.hadoop.ozone.om.exceptions.OMException: Unable to get file status: volume: volume75139 bucket: bucket52642 key: testBatchDelete/parent/child1
	at org.apache.hadoop.ozone.om.KeyManagerImpl.getOzoneFileStatus(KeyManagerImpl.java:1324) ~[ozone-manager-1.3.0-SNAPSHOT.jar:?]
	at org.apache.hadoop.ozone.om.KeyManagerImpl.getFileStatus(KeyManagerImpl.java:1254) ~[ozone-manager-1.3.0-SNAPSHOT.jar:?]
	at org.apache.hadoop.ozone.om.OzoneManager.getFileStatus(OzoneManager.java:3506) ~[ozone-manager-1.3.0-SNAPSHOT.jar:?]
	at org.apache.hadoop.ozone.protocolPB.OzoneManagerRequestHandler.getOzoneFileStatus(OzoneManagerRequestHandler.java:882) ~[ozone-manager-1.3.0-SNAPSHOT.jar:?]
	at org.apache.hadoop.ozone.protocolPB.OzoneManagerRequestHandler.handleReadRequest(OzoneManagerRequestHandler.java:228) ~[ozone-manager-1.3.0-SNAPSHOT.jar:?]
	at org.apache.hadoop.ozone.protocolPB.OzoneManagerProtocolServerSideTranslatorPB.submitRequestDirectlyToOM(OzoneManagerProtocolServerSideTranslatorPB.java:276) ~[ozone-manager-1.3.0-SNAPSHOT.jar:?]
	at org.apache.hadoop.ozone.protocolPB.OzoneManagerProtocolServerSideTranslatorPB.processRequest(OzoneManagerProtocolServerSideTranslatorPB.java:205) ~[ozone-manager-1.3.0-SNAPSHOT.jar:?]
	at org.apache.hadoop.hdds.server.OzoneProtocolMessageDispatcher.processRequest(OzoneProtocolMessageDispatcher.java:87) [hdds-server-framework-1.3.0-SNAPSHOT.jar:?]
	at org.apache.hadoop.ozone.protocolPB.OzoneManagerProtocolServerSideTranslatorPB.submitRequest(OzoneManagerProtocolServerSideTranslatorPB.java:147) [ozone-manager-1.3.0-SNAPSHOT.jar:?]
	at org.apache.hadoop.ozone.protocol.proto.OzoneManagerProtocolProtos$OzoneManagerService$2.callBlockingMethod(OzoneManagerProtocolProtos.java) [ozone-interface-client-1.3.0-SNAPSHOT.jar:?]
	at org.apache.hadoop.ipc.ProtobufRpcEngine$Server.processCall(ProtobufRpcEngine.java:466) [hadoop-common-3.3.1.jar:?]
	at org.apache.hadoop.ipc.ProtobufRpcEngine2$Server$ProtoBufRpcInvoker.call(ProtobufRpcEngine2.java:574) [hadoop-common-3.3.1.jar:?]
	at org.apache.hadoop.ipc.ProtobufRpcEngine2$Server$ProtoBufRpcInvoker.call(ProtobufRpcEngine2.java:552) [hadoop-common-3.3.1.jar:?]
	at org.apache.hadoop.ipc.RPC$Server.call(RPC.java:1093) [hadoop-common-3.3.1.jar:?]
	at org.apache.hadoop.ipc.Server$RpcCall.run(Server.java:1035) [hadoop-common-3.3.1.jar:?]
	at org.apache.hadoop.ipc.Server$RpcCall.run(Server.java:963) [hadoop-common-3.3.1.jar:?]
	at java.security.AccessController.doPrivileged(Native Method) ~[?:1.8.0_345]
	at javax.security.auth.Subject.doAs(Subject.java:422) [?:1.8.0_345]
	at org.apache.hadoop.security.UserGroupInformation.doAs(UserGroupInformation.java:1878) [hadoop-common-3.3.1.jar:?]
	at org.apache.hadoop.ipc.Server$Handler.run(Server.java:2966) [hadoop-common-3.3.1.jar:?]
2022-09-28 09:59:04,866 [Time-limited test] WARN  ozone.BasicOzoneFileSystem (BasicOzoneFileSystem.java:getFileStatus(765)) - GetFileStatus failed for path /testBatchDelete/parent/child1
java.io.FileNotFoundException: testBatchDelete/parent/child1: No such file or directory!
	at org.apache.hadoop.fs.ozone.BasicOzoneClientAdapterImpl.getFileStatus(BasicOzoneClientAdapterImpl.java:369)
	at org.apache.hadoop.fs.ozone.BasicOzoneFileSystem.getFileStatus(BasicOzoneFileSystem.java:757)
	at org.apache.hadoop.fs.FileSystem.exists(FileSystem.java:1760)
	at org.apache.hadoop.fs.ozone.BasicOzoneFileSystem.exists(BasicOzoneFileSystem.java:804)
	at org.apache.hadoop.fs.ozone.TestOzoneFileSystem.testFileDelete(TestOzoneFileSystem.java:536)
	at sun.reflect.NativeMethodAccessorImpl.invoke0(Native Method)
	at sun.reflect.NativeMethodAccessorImpl.invoke(NativeMethodAccessorImpl.java:62)
	at sun.reflect.DelegatingMethodAccessorImpl.invoke(DelegatingMethodAccessorImpl.java:43)
	at java.lang.reflect.Method.invoke(Method.java:498)
	at org.junit.runners.model.FrameworkMethod$1.runReflectiveCall(FrameworkMethod.java:59)
	at org.junit.internal.runners.model.ReflectiveCallable.run(ReflectiveCallable.java:12)
	at org.junit.runners.model.FrameworkMethod.invokeExplosively(FrameworkMethod.java:56)
	at org.junit.internal.runners.statements.InvokeMethod.evaluate(InvokeMethod.java:17)
	at org.junit.internal.runners.statements.RunAfters.evaluate(RunAfters.java:27)
	at org.junit.internal.runners.statements.FailOnTimeout$CallableStatement.call(FailOnTimeout.java:288)
	at org.junit.internal.runners.statements.FailOnTimeout$CallableStatement.call(FailOnTimeout.java:282)
	at java.util.concurrent.FutureTask.run(FutureTask.java:266)
	at java.lang.Thread.run(Thread.java:750)
09:59:04.867 [IPC Server handler 7 on default port 38925] ERROR OMAudit - user=runner | ip=127.0.0.1 | op=GET_FILE_STATUS {volume=volume75139, bucket=bucket52642, key=testBatchDelete/parent/childFolder/child1, dataSize=0, replicationConfig=null} | ret=FAILURE
org.apache.hadoop.ozone.om.exceptions.OMException: Unable to get file status: volume: volume75139 bucket: bucket52642 key: testBatchDelete/parent/childFolder/child1
	at org.apache.hadoop.ozone.om.KeyManagerImpl.getOzoneFileStatus(KeyManagerImpl.java:1324) ~[ozone-manager-1.3.0-SNAPSHOT.jar:?]
	at org.apache.hadoop.ozone.om.KeyManagerImpl.getFileStatus(KeyManagerImpl.java:1254) ~[ozone-manager-1.3.0-SNAPSHOT.jar:?]
	at org.apache.hadoop.ozone.om.OzoneManager.getFileStatus(OzoneManager.java:3506) ~[ozone-manager-1.3.0-SNAPSHOT.jar:?]
	at org.apache.hadoop.ozone.protocolPB.OzoneManagerRequestHandler.getOzoneFileStatus(OzoneManagerRequestHandler.java:882) ~[ozone-manager-1.3.0-SNAPSHOT.jar:?]
	at org.apache.hadoop.ozone.protocolPB.OzoneManagerRequestHandler.handleReadRequest(OzoneManagerRequestHandler.java:228) ~[ozone-manager-1.3.0-SNAPSHOT.jar:?]
	at org.apache.hadoop.ozone.protocolPB.OzoneManagerProtocolServerSideTranslatorPB.submitRequestDirectlyToOM(OzoneManagerProtocolServerSideTranslatorPB.java:276) ~[ozone-manager-1.3.0-SNAPSHOT.jar:?]
	at org.apache.hadoop.ozone.protocolPB.OzoneManagerProtocolServerSideTranslatorPB.processRequest(OzoneManagerProtocolServerSideTranslatorPB.java:205) ~[ozone-manager-1.3.0-SNAPSHOT.jar:?]
	at org.apache.hadoop.hdds.server.OzoneProtocolMessageDispatcher.processRequest(OzoneProtocolMessageDispatcher.java:87) [hdds-server-framework-1.3.0-SNAPSHOT.jar:?]
	at org.apache.hadoop.ozone.protocolPB.OzoneManagerProtocolServerSideTranslatorPB.submitRequest(OzoneManagerProtocolServerSideTranslatorPB.java:147) [ozone-manager-1.3.0-SNAPSHOT.jar:?]
	at org.apache.hadoop.ozone.protocol.proto.OzoneManagerProtocolProtos$OzoneManagerService$2.callBlockingMethod(OzoneManagerProtocolProtos.java) [ozone-interface-client-1.3.0-SNAPSHOT.jar:?]
	at org.apache.hadoop.ipc.ProtobufRpcEngine$Server.processCall(ProtobufRpcEngine.java:466) [hadoop-common-3.3.1.jar:?]
	at org.apache.hadoop.ipc.ProtobufRpcEngine2$Server$ProtoBufRpcInvoker.call(ProtobufRpcEngine2.java:574) [hadoop-common-3.3.1.jar:?]
	at org.apache.hadoop.ipc.ProtobufRpcEngine2$Server$ProtoBufRpcInvoker.call(ProtobufRpcEngine2.java:552) [hadoop-common-3.3.1.jar:?]
	at org.apache.hadoop.ipc.RPC$Server.call(RPC.java:1093) [hadoop-common-3.3.1.jar:?]
	at org.apache.hadoop.ipc.Server$RpcCall.run(Server.java:1035) [hadoop-common-3.3.1.jar:?]
	at org.apache.hadoop.ipc.Server$RpcCall.run(Server.java:963) [hadoop-common-3.3.1.jar:?]
	at java.security.AccessController.doPrivileged(Native Method) ~[?:1.8.0_345]
	at javax.security.auth.Subject.doAs(Subject.java:422) [?:1.8.0_345]
	at org.apache.hadoop.security.UserGroupInformation.doAs(UserGroupInformation.java:1878) [hadoop-common-3.3.1.jar:?]
	at org.apache.hadoop.ipc.Server$Handler.run(Server.java:2966) [hadoop-common-3.3.1.jar:?]
2022-09-28 09:59:04,867 [Time-limited test] WARN  ozone.BasicOzoneFileSystem (BasicOzoneFileSystem.java:getFileStatus(765)) - GetFileStatus failed for path /testBatchDelete/parent/childFolder/child1
java.io.FileNotFoundException: testBatchDelete/parent/childFolder/child1: No such file or directory!
	at org.apache.hadoop.fs.ozone.BasicOzoneClientAdapterImpl.getFileStatus(BasicOzoneClientAdapterImpl.java:369)
	at org.apache.hadoop.fs.ozone.BasicOzoneFileSystem.getFileStatus(BasicOzoneFileSystem.java:757)
	at org.apache.hadoop.fs.FileSystem.exists(FileSystem.java:1760)
	at org.apache.hadoop.fs.ozone.BasicOzoneFileSystem.exists(BasicOzoneFileSystem.java:804)
	at org.apache.hadoop.fs.ozone.TestOzoneFileSystem.testFileDelete(TestOzoneFileSystem.java:541)
	at sun.reflect.NativeMethodAccessorImpl.invoke0(Native Method)
	at sun.reflect.NativeMethodAccessorImpl.invoke(NativeMethodAccessorImpl.java:62)
	at sun.reflect.DelegatingMethodAccessorImpl.invoke(DelegatingMethodAccessorImpl.java:43)
	at java.lang.reflect.Method.invoke(Method.java:498)
	at org.junit.runners.model.FrameworkMethod$1.runReflectiveCall(FrameworkMethod.java:59)
	at org.junit.internal.runners.model.ReflectiveCallable.run(ReflectiveCallable.java:12)
	at org.junit.runners.model.FrameworkMethod.invokeExplosively(FrameworkMethod.java:56)
	at org.junit.internal.runners.statements.InvokeMethod.evaluate(InvokeMethod.java:17)
	at org.junit.internal.runners.statements.RunAfters.evaluate(RunAfters.java:27)
	at org.junit.internal.runners.statements.FailOnTimeout$CallableStatement.call(FailOnTimeout.java:288)
	at org.junit.internal.runners.statements.FailOnTimeout$CallableStatement.call(FailOnTimeout.java:282)
	at java.util.concurrent.FutureTask.run(FutureTask.java:266)
	at java.lang.Thread.run(Thread.java:750)
09:59:04.867 [IPC Server handler 9 on default port 38925] ERROR OMAudit - user=runner | ip=127.0.0.1 | op=GET_FILE_STATUS {volume=volume75139, bucket=bucket52642, key=testBatchDelete/parent/child2, dataSize=0, replicationConfig=null} | ret=FAILURE
org.apache.hadoop.ozone.om.exceptions.OMException: Unable to get file status: volume: volume75139 bucket: bucket52642 key: testBatchDelete/parent/child2
	at org.apache.hadoop.ozone.om.KeyManagerImpl.getOzoneFileStatus(KeyManagerImpl.java:1324) ~[ozone-manager-1.3.0-SNAPSHOT.jar:?]
	at org.apache.hadoop.ozone.om.KeyManagerImpl.getFileStatus(KeyManagerImpl.java:1254) ~[ozone-manager-1.3.0-SNAPSHOT.jar:?]
	at org.apache.hadoop.ozone.om.OzoneManager.getFileStatus(OzoneManager.java:3506) ~[ozone-manager-1.3.0-SNAPSHOT.jar:?]
	at org.apache.hadoop.ozone.protocolPB.OzoneManagerRequestHandler.getOzoneFileStatus(OzoneManagerRequestHandler.java:882) ~[ozone-manager-1.3.0-SNAPSHOT.jar:?]
	at org.apache.hadoop.ozone.protocolPB.OzoneManagerRequestHandler.handleReadRequest(OzoneManagerRequestHandler.java:228) ~[ozone-manager-1.3.0-SNAPSHOT.jar:?]
	at org.apache.hadoop.ozone.protocolPB.OzoneManagerProtocolServerSideTranslatorPB.submitRequestDirectlyToOM(OzoneManagerProtocolServerSideTranslatorPB.java:276) ~[ozone-manager-1.3.0-SNAPSHOT.jar:?]
	at org.apache.hadoop.ozone.protocolPB.OzoneManagerProtocolServerSideTranslatorPB.processRequest(OzoneManagerProtocolServerSideTranslatorPB.java:205) ~[ozone-manager-1.3.0-SNAPSHOT.jar:?]
	at org.apache.hadoop.hdds.server.OzoneProtocolMessageDispatcher.processRequest(OzoneProtocolMessageDispatcher.java:87) [hdds-server-framework-1.3.0-SNAPSHOT.jar:?]
	at org.apache.hadoop.ozone.protocolPB.OzoneManagerProtocolServerSideTranslatorPB.submitRequest(OzoneManagerProtocolServerSideTranslatorPB.java:147) [ozone-manager-1.3.0-SNAPSHOT.jar:?]
	at org.apache.hadoop.ozone.protocol.proto.OzoneManagerProtocolProtos$OzoneManagerService$2.callBlockingMethod(OzoneManagerProtocolProtos.java) [ozone-interface-client-1.3.0-SNAPSHOT.jar:?]
	at org.apache.hadoop.ipc.ProtobufRpcEngine$Server.processCall(ProtobufRpcEngine.java:466) [hadoop-common-3.3.1.jar:?]
	at org.apache.hadoop.ipc.ProtobufRpcEngine2$Server$ProtoBufRpcInvoker.call(ProtobufRpcEngine2.java:574) [hadoop-common-3.3.1.jar:?]
	at org.apache.hadoop.ipc.ProtobufRpcEngine2$Server$ProtoBufRpcInvoker.call(ProtobufRpcEngine2.java:552) [hadoop-common-3.3.1.jar:?]
	at org.apache.hadoop.ipc.RPC$Server.call(RPC.java:1093) [hadoop-common-3.3.1.jar:?]
	at org.apache.hadoop.ipc.Server$RpcCall.run(Server.java:1035) [hadoop-common-3.3.1.jar:?]
	at org.apache.hadoop.ipc.Server$RpcCall.run(Server.java:963) [hadoop-common-3.3.1.jar:?]
	at java.security.AccessController.doPrivileged(Native Method) ~[?:1.8.0_345]
	at javax.security.auth.Subject.doAs(Subject.java:422) [?:1.8.0_345]
	at org.apache.hadoop.security.UserGroupInformation.doAs(UserGroupInformation.java:1878) [hadoop-common-3.3.1.jar:?]
	at org.apache.hadoop.ipc.Server$Handler.run(Server.java:2966) [hadoop-common-3.3.1.jar:?]
2022-09-28 09:59:04,867 [Time-limited test] WARN  ozone.BasicOzoneFileSystem (BasicOzoneFileSystem.java:getFileStatus(765)) - GetFileStatus failed for path /testBatchDelete/parent/child2
java.io.FileNotFoundException: testBatchDelete/parent/child2: No such file or directory!
	at org.apache.hadoop.fs.ozone.BasicOzoneClientAdapterImpl.getFileStatus(BasicOzoneClientAdapterImpl.java:369)
	at org.apache.hadoop.fs.ozone.BasicOzoneFileSystem.getFileStatus(BasicOzoneFileSystem.java:757)
	at org.apache.hadoop.fs.FileSystem.exists(FileSystem.java:1760)
	at org.apache.hadoop.fs.ozone.BasicOzoneFileSystem.exists(BasicOzoneFileSystem.java:804)
	at org.apache.hadoop.fs.ozone.TestOzoneFileSystem.testFileDelete(TestOzoneFileSystem.java:536)
	at sun.reflect.NativeMethodAccessorImpl.invoke0(Native Method)
	at sun.reflect.NativeMethodAccessorImpl.invoke(NativeMethodAccessorImpl.java:62)
	at sun.reflect.DelegatingMethodAccessorImpl.invoke(DelegatingMethodAccessorImpl.java:43)
	at java.lang.reflect.Method.invoke(Method.java:498)
	at org.junit.runners.model.FrameworkMethod$1.runReflectiveCall(FrameworkMethod.java:59)
	at org.junit.internal.runners.model.ReflectiveCallable.run(ReflectiveCallable.java:12)
	at org.junit.runners.model.FrameworkMethod.invokeExplosively(FrameworkMethod.java:56)
	at org.junit.internal.runners.statements.InvokeMethod.evaluate(InvokeMethod.java:17)
	at org.junit.internal.runners.statements.RunAfters.evaluate(RunAfters.java:27)
	at org.junit.internal.runners.statements.FailOnTimeout$CallableStatement.call(FailOnTimeout.java:288)
	at org.junit.internal.runners.statements.FailOnTimeout$CallableStatement.call(FailOnTimeout.java:282)
	at java.util.concurrent.FutureTask.run(FutureTask.java:266)
	at java.lang.Thread.run(Thread.java:750)
09:59:04.868 [IPC Server handler 6 on default port 38925] ERROR OMAudit - user=runner | ip=127.0.0.1 | op=GET_FILE_STATUS {volume=volume75139, bucket=bucket52642, key=testBatchDelete/parent/childFolder/child2, dataSize=0, replicationConfig=null} | ret=FAILURE
org.apache.hadoop.ozone.om.exceptions.OMException: Unable to get file status: volume: volume75139 bucket: bucket52642 key: testBatchDelete/parent/childFolder/child2
	at org.apache.hadoop.ozone.om.KeyManagerImpl.getOzoneFileStatus(KeyManagerImpl.java:1324) ~[ozone-manager-1.3.0-SNAPSHOT.jar:?]
	at org.apache.hadoop.ozone.om.KeyManagerImpl.getFileStatus(KeyManagerImpl.java:1254) ~[ozone-manager-1.3.0-SNAPSHOT.jar:?]
	at org.apache.hadoop.ozone.om.OzoneManager.getFileStatus(OzoneManager.java:3506) ~[ozone-manager-1.3.0-SNAPSHOT.jar:?]
	at org.apache.hadoop.ozone.protocolPB.OzoneManagerRequestHandler.getOzoneFileStatus(OzoneManagerRequestHandler.java:882) ~[ozone-manager-1.3.0-SNAPSHOT.jar:?]
	at org.apache.hadoop.ozone.protocolPB.OzoneManagerRequestHandler.handleReadRequest(OzoneManagerRequestHandler.java:228) ~[ozone-manager-1.3.0-SNAPSHOT.jar:?]
	at org.apache.hadoop.ozone.protocolPB.OzoneManagerProtocolServerSideTranslatorPB.submitRequestDirectlyToOM(OzoneManagerProtocolServerSideTranslatorPB.java:276) ~[ozone-manager-1.3.0-SNAPSHOT.jar:?]
	at org.apache.hadoop.ozone.protocolPB.OzoneManagerProtocolServerSideTranslatorPB.processRequest(OzoneManagerProtocolServerSideTranslatorPB.java:205) ~[ozone-manager-1.3.0-SNAPSHOT.jar:?]
	at org.apache.hadoop.hdds.server.OzoneProtocolMessageDispatcher.processRequest(OzoneProtocolMessageDispatcher.java:87) [hdds-server-framework-1.3.0-SNAPSHOT.jar:?]
	at org.apache.hadoop.ozone.protocolPB.OzoneManagerProtocolServerSideTranslatorPB.submitRequest(OzoneManagerProtocolServerSideTranslatorPB.java:147) [ozone-manager-1.3.0-SNAPSHOT.jar:?]
	at org.apache.hadoop.ozone.protocol.proto.OzoneManagerProtocolProtos$OzoneManagerService$2.callBlockingMethod(OzoneManagerProtocolProtos.java) [ozone-interface-client-1.3.0-SNAPSHOT.jar:?]
	at org.apache.hadoop.ipc.ProtobufRpcEngine$Server.processCall(ProtobufRpcEngine.java:466) [hadoop-common-3.3.1.jar:?]
	at org.apache.hadoop.ipc.ProtobufRpcEngine2$Server$ProtoBufRpcInvoker.call(ProtobufRpcEngine2.java:574) [hadoop-common-3.3.1.jar:?]
	at org.apache.hadoop.ipc.ProtobufRpcEngine2$Server$ProtoBufRpcInvoker.call(ProtobufRpcEngine2.java:552) [hadoop-common-3.3.1.jar:?]
	at org.apache.hadoop.ipc.RPC$Server.call(RPC.java:1093) [hadoop-common-3.3.1.jar:?]
	at org.apache.hadoop.ipc.Server$RpcCall.run(Server.java:1035) [hadoop-common-3.3.1.jar:?]
	at org.apache.hadoop.ipc.Server$RpcCall.run(Server.java:963) [hadoop-common-3.3.1.jar:?]
	at java.security.AccessController.doPrivileged(Native Method) ~[?:1.8.0_345]
	at javax.security.auth.Subject.doAs(Subject.java:422) [?:1.8.0_345]
	at org.apache.hadoop.security.UserGroupInformation.doAs(UserGroupInformation.java:1878) [hadoop-common-3.3.1.jar:?]
	at org.apache.hadoop.ipc.Server$Handler.run(Server.java:2966) [hadoop-common-3.3.1.jar:?]
2022-09-28 09:59:04,872 [Time-limited test] WARN  ozone.BasicOzoneFileSystem (BasicOzoneFileSystem.java:getFileStatus(765)) - GetFileStatus failed for path /testBatchDelete/parent/childFolder/child2
java.io.FileNotFoundException: testBatchDelete/parent/childFolder/child2: No such file or directory!
	at org.apache.hadoop.fs.ozone.BasicOzoneClientAdapterImpl.getFileStatus(BasicOzoneClientAdapterImpl.java:369)
	at org.apache.hadoop.fs.ozone.BasicOzoneFileSystem.getFileStatus(BasicOzoneFileSystem.java:757)
	at org.apache.hadoop.fs.FileSystem.exists(FileSystem.java:1760)
	at org.apache.hadoop.fs.ozone.BasicOzoneFileSystem.exists(BasicOzoneFileSystem.java:804)
	at org.apache.hadoop.fs.ozone.TestOzoneFileSystem.testFileDelete(TestOzoneFileSystem.java:541)
	at sun.reflect.NativeMethodAccessorImpl.invoke0(Native Method)
	at sun.reflect.NativeMethodAccessorImpl.invoke(NativeMethodAccessorImpl.java:62)
	at sun.reflect.DelegatingMethodAccessorImpl.invoke(DelegatingMethodAccessorImpl.java:43)
	at java.lang.reflect.Method.invoke(Method.java:498)
	at org.junit.runners.model.FrameworkMethod$1.runReflectiveCall(FrameworkMethod.java:59)
	at org.junit.internal.runners.model.ReflectiveCallable.run(ReflectiveCallable.java:12)
	at org.junit.runners.model.FrameworkMethod.invokeExplosively(FrameworkMethod.java:56)
	at org.junit.internal.runners.statements.InvokeMethod.evaluate(InvokeMethod.java:17)
	at org.junit.internal.runners.statements.RunAfters.evaluate(RunAfters.java:27)
	at org.junit.internal.runners.statements.FailOnTimeout$CallableStatement.call(FailOnTimeout.java:288)
	at org.junit.internal.runners.statements.FailOnTimeout$CallableStatement.call(FailOnTimeout.java:282)
	at java.util.concurrent.FutureTask.run(FutureTask.java:266)
	at java.lang.Thread.run(Thread.java:750)
09:59:04.876 [IPC Server handler 14 on default port 38925] ERROR OMAudit - user=runner | ip=127.0.0.1 | op=GET_FILE_STATUS {volume=volume75139, bucket=bucket52642, key=testBatchDelete/parent/child3, dataSize=0, replicationConfig=null} | ret=FAILURE
org.apache.hadoop.ozone.om.exceptions.OMException: Unable to get file status: volume: volume75139 bucket: bucket52642 key: testBatchDelete/parent/child3
	at org.apache.hadoop.ozone.om.KeyManagerImpl.getOzoneFileStatus(KeyManagerImpl.java:1324) ~[ozone-manager-1.3.0-SNAPSHOT.jar:?]
	at org.apache.hadoop.ozone.om.KeyManagerImpl.getFileStatus(KeyManagerImpl.java:1254) ~[ozone-manager-1.3.0-SNAPSHOT.jar:?]
	at org.apache.hadoop.ozone.om.OzoneManager.getFileStatus(OzoneManager.java:3506) ~[ozone-manager-1.3.0-SNAPSHOT.jar:?]
	at org.apache.hadoop.ozone.protocolPB.OzoneManagerRequestHandler.getOzoneFileStatus(OzoneManagerRequestHandler.java:882) ~[ozone-manager-1.3.0-SNAPSHOT.jar:?]
	at org.apache.hadoop.ozone.protocolPB.OzoneManagerRequestHandler.handleReadRequest(OzoneManagerRequestHandler.java:228) ~[ozone-manager-1.3.0-SNAPSHOT.jar:?]
	at org.apache.hadoop.ozone.protocolPB.OzoneManagerProtocolServerSideTranslatorPB.submitRequestDirectlyToOM(OzoneManagerProtocolServerSideTranslatorPB.java:276) ~[ozone-manager-1.3.0-SNAPSHOT.jar:?]
	at org.apache.hadoop.ozone.protocolPB.OzoneManagerProtocolServerSideTranslatorPB.processRequest(OzoneManagerProtocolServerSideTranslatorPB.java:205) ~[ozone-manager-1.3.0-SNAPSHOT.jar:?]
	at org.apache.hadoop.hdds.server.OzoneProtocolMessageDispatcher.processRequest(OzoneProtocolMessageDispatcher.java:87) [hdds-server-framework-1.3.0-SNAPSHOT.jar:?]
	at org.apache.hadoop.ozone.protocolPB.OzoneManagerProtocolServerSideTranslatorPB.submitRequest(OzoneManagerProtocolServerSideTranslatorPB.java:147) [ozone-manager-1.3.0-SNAPSHOT.jar:?]
	at org.apache.hadoop.ozone.protocol.proto.OzoneManagerProtocolProtos$OzoneManagerService$2.callBlockingMethod(OzoneManagerProtocolProtos.java) [ozone-interface-client-1.3.0-SNAPSHOT.jar:?]
	at org.apache.hadoop.ipc.ProtobufRpcEngine$Server.processCall(ProtobufRpcEngine.java:466) [hadoop-common-3.3.1.jar:?]
	at org.apache.hadoop.ipc.ProtobufRpcEngine2$Server$ProtoBufRpcInvoker.call(ProtobufRpcEngine2.java:574) [hadoop-common-3.3.1.jar:?]
	at org.apache.hadoop.ipc.ProtobufRpcEngine2$Server$ProtoBufRpcInvoker.call(ProtobufRpcEngine2.java:552) [hadoop-common-3.3.1.jar:?]
	at org.apache.hadoop.ipc.RPC$Server.call(RPC.java:1093) [hadoop-common-3.3.1.jar:?]
	at org.apache.hadoop.ipc.Server$RpcCall.run(Server.java:1035) [hadoop-common-3.3.1.jar:?]
	at org.apache.hadoop.ipc.Server$RpcCall.run(Server.java:963) [hadoop-common-3.3.1.jar:?]
	at java.security.AccessController.doPrivileged(Native Method) ~[?:1.8.0_345]
	at javax.security.auth.Subject.doAs(Subject.java:422) [?:1.8.0_345]
	at org.apache.hadoop.security.UserGroupInformation.doAs(UserGroupInformation.java:1878) [hadoop-common-3.3.1.jar:?]
	at org.apache.hadoop.ipc.Server$Handler.run(Server.java:2966) [hadoop-common-3.3.1.jar:?]
2022-09-28 09:59:04,888 [Time-limited test] WARN  ozone.BasicOzoneFileSystem (BasicOzoneFileSystem.java:getFileStatus(765)) - GetFileStatus failed for path /testBatchDelete/parent/child3
java.io.FileNotFoundException: testBatchDelete/parent/child3: No such file or directory!
	at org.apache.hadoop.fs.ozone.BasicOzoneClientAdapterImpl.getFileStatus(BasicOzoneClientAdapterImpl.java:369)
	at org.apache.hadoop.fs.ozone.BasicOzoneFileSystem.getFileStatus(BasicOzoneFileSystem.java:757)
	at org.apache.hadoop.fs.FileSystem.exists(FileSystem.java:1760)
	at org.apache.hadoop.fs.ozone.BasicOzoneFileSystem.exists(BasicOzoneFileSystem.java:804)
	at org.apache.hadoop.fs.ozone.TestOzoneFileSystem.testFileDelete(TestOzoneFileSystem.java:536)
	at sun.reflect.NativeMethodAccessorImpl.invoke0(Native Method)
	at sun.reflect.NativeMethodAccessorImpl.invoke(NativeMethodAccessorImpl.java:62)
	at sun.reflect.DelegatingMethodAccessorImpl.invoke(DelegatingMethodAccessorImpl.java:43)
	at java.lang.reflect.Method.invoke(Method.java:498)
	at org.junit.runners.model.FrameworkMethod$1.runReflectiveCall(FrameworkMethod.java:59)
	at org.junit.internal.runners.model.ReflectiveCallable.run(ReflectiveCallable.java:12)
	at org.junit.runners.model.FrameworkMethod.invokeExplosively(FrameworkMethod.java:56)
	at org.junit.internal.runners.statements.InvokeMethod.evaluate(InvokeMethod.java:17)
	at org.junit.internal.runners.statements.RunAfters.evaluate(RunAfters.java:27)
	at org.junit.internal.runners.statements.FailOnTimeout$CallableStatement.call(FailOnTimeout.java:288)
	at org.junit.internal.runners.statements.FailOnTimeout$CallableStatement.call(FailOnTimeout.java:282)
	at java.util.concurrent.FutureTask.run(FutureTask.java:266)
	at java.lang.Thread.run(Thread.java:750)
09:59:04.892 [IPC Server handler 5 on default port 38925] ERROR OMAudit - user=runner | ip=127.0.0.1 | op=GET_FILE_STATUS {volume=volume75139, bucket=bucket52642, key=testBatchDelete/parent/childFolder/child3, dataSize=0, replicationConfig=null} | ret=FAILURE
org.apache.hadoop.ozone.om.exceptions.OMException: Unable to get file status: volume: volume75139 bucket: bucket52642 key: testBatchDelete/parent/childFolder/child3
	at org.apache.hadoop.ozone.om.KeyManagerImpl.getOzoneFileStatus(KeyManagerImpl.java:1324) ~[ozone-manager-1.3.0-SNAPSHOT.jar:?]
	at org.apache.hadoop.ozone.om.KeyManagerImpl.getFileStatus(KeyManagerImpl.java:1254) ~[ozone-manager-1.3.0-SNAPSHOT.jar:?]
	at org.apache.hadoop.ozone.om.OzoneManager.getFileStatus(OzoneManager.java:3506) ~[ozone-manager-1.3.0-SNAPSHOT.jar:?]
	at org.apache.hadoop.ozone.protocolPB.OzoneManagerRequestHandler.getOzoneFileStatus(OzoneManagerRequestHandler.java:882) ~[ozone-manager-1.3.0-SNAPSHOT.jar:?]
	at org.apache.hadoop.ozone.protocolPB.OzoneManagerRequestHandler.handleReadRequest(OzoneManagerRequestHandler.java:228) ~[ozone-manager-1.3.0-SNAPSHOT.jar:?]
	at org.apache.hadoop.ozone.protocolPB.OzoneManagerProtocolServerSideTranslatorPB.submitRequestDirectlyToOM(OzoneManagerProtocolServerSideTranslatorPB.java:276) ~[ozone-manager-1.3.0-SNAPSHOT.jar:?]
	at org.apache.hadoop.ozone.protocolPB.OzoneManagerProtocolServerSideTranslatorPB.processRequest(OzoneManagerProtocolServerSideTranslatorPB.java:205) ~[ozone-manager-1.3.0-SNAPSHOT.jar:?]
	at org.apache.hadoop.hdds.server.OzoneProtocolMessageDispatcher.processRequest(OzoneProtocolMessageDispatcher.java:87) [hdds-server-framework-1.3.0-SNAPSHOT.jar:?]
	at org.apache.hadoop.ozone.protocolPB.OzoneManagerProtocolServerSideTranslatorPB.submitRequest(OzoneManagerProtocolServerSideTranslatorPB.java:147) [ozone-manager-1.3.0-SNAPSHOT.jar:?]
	at org.apache.hadoop.ozone.protocol.proto.OzoneManagerProtocolProtos$OzoneManagerService$2.callBlockingMethod(OzoneManagerProtocolProtos.java) [ozone-interface-client-1.3.0-SNAPSHOT.jar:?]
	at org.apache.hadoop.ipc.ProtobufRpcEngine$Server.processCall(ProtobufRpcEngine.java:466) [hadoop-common-3.3.1.jar:?]
	at org.apache.hadoop.ipc.ProtobufRpcEngine2$Server$ProtoBufRpcInvoker.call(ProtobufRpcEngine2.java:574) [hadoop-common-3.3.1.jar:?]
	at org.apache.hadoop.ipc.ProtobufRpcEngine2$Server$ProtoBufRpcInvoker.call(ProtobufRpcEngine2.java:552) [hadoop-common-3.3.1.jar:?]
	at org.apache.hadoop.ipc.RPC$Server.call(RPC.java:1093) [hadoop-common-3.3.1.jar:?]
	at org.apache.hadoop.ipc.Server$RpcCall.run(Server.java:1035) [hadoop-common-3.3.1.jar:?]
	at org.apache.hadoop.ipc.Server$RpcCall.run(Server.java:963) [hadoop-common-3.3.1.jar:?]
	at java.security.AccessController.doPrivileged(Native Method) ~[?:1.8.0_345]
	at javax.security.auth.Subject.doAs(Subject.java:422) [?:1.8.0_345]
	at org.apache.hadoop.security.UserGroupInformation.doAs(UserGroupInformation.java:1878) [hadoop-common-3.3.1.jar:?]
	at org.apache.hadoop.ipc.Server$Handler.run(Server.java:2966) [hadoop-common-3.3.1.jar:?]
2022-09-28 09:59:04,893 [Time-limited test] WARN  ozone.BasicOzoneFileSystem (BasicOzoneFileSystem.java:getFileStatus(765)) - GetFileStatus failed for path /testBatchDelete/parent/childFolder/child3
java.io.FileNotFoundException: testBatchDelete/parent/childFolder/child3: No such file or directory!
	at org.apache.hadoop.fs.ozone.BasicOzoneClientAdapterImpl.getFileStatus(BasicOzoneClientAdapterImpl.java:369)
	at org.apache.hadoop.fs.ozone.BasicOzoneFileSystem.getFileStatus(BasicOzoneFileSystem.java:757)
	at org.apache.hadoop.fs.FileSystem.exists(FileSystem.java:1760)
	at org.apache.hadoop.fs.ozone.BasicOzoneFileSystem.exists(BasicOzoneFileSystem.java:804)
	at org.apache.hadoop.fs.ozone.TestOzoneFileSystem.testFileDelete(TestOzoneFileSystem.java:541)
	at sun.reflect.NativeMethodAccessorImpl.invoke0(Native Method)
	at sun.reflect.NativeMethodAccessorImpl.invoke(NativeMethodAccessorImpl.java:62)
	at sun.reflect.DelegatingMethodAccessorImpl.invoke(DelegatingMethodAccessorImpl.java:43)
	at java.lang.reflect.Method.invoke(Method.java:498)
	at org.junit.runners.model.FrameworkMethod$1.runReflectiveCall(FrameworkMethod.java:59)
	at org.junit.internal.runners.model.ReflectiveCallable.run(ReflectiveCallable.java:12)
	at org.junit.runners.model.FrameworkMethod.invokeExplosively(FrameworkMethod.java:56)
	at org.junit.internal.runners.statements.InvokeMethod.evaluate(InvokeMethod.java:17)
	at org.junit.internal.runners.statements.RunAfters.evaluate(RunAfters.java:27)
	at org.junit.internal.runners.statements.FailOnTimeout$CallableStatement.call(FailOnTimeout.java:288)
	at org.junit.internal.runners.statements.FailOnTimeout$CallableStatement.call(FailOnTimeout.java:282)
	at java.util.concurrent.FutureTask.run(FutureTask.java:266)
	at java.lang.Thread.run(Thread.java:750)
09:59:04.893 [IPC Server handler 12 on default port 38925] ERROR OMAudit - user=runner | ip=127.0.0.1 | op=GET_FILE_STATUS {volume=volume75139, bucket=bucket52642, key=testBatchDelete/parent/child4, dataSize=0, replicationConfig=null} | ret=FAILURE
org.apache.hadoop.ozone.om.exceptions.OMException: Unable to get file status: volume: volume75139 bucket: bucket52642 key: testBatchDelete/parent/child4
	at org.apache.hadoop.ozone.om.KeyManagerImpl.getOzoneFileStatus(KeyManagerImpl.java:1324) ~[ozone-manager-1.3.0-SNAPSHOT.jar:?]
	at org.apache.hadoop.ozone.om.KeyManagerImpl.getFileStatus(KeyManagerImpl.java:1254) ~[ozone-manager-1.3.0-SNAPSHOT.jar:?]
	at org.apache.hadoop.ozone.om.OzoneManager.getFileStatus(OzoneManager.java:3506) ~[ozone-manager-1.3.0-SNAPSHOT.jar:?]
	at org.apache.hadoop.ozone.protocolPB.OzoneManagerRequestHandler.getOzoneFileStatus(OzoneManagerRequestHandler.java:882) ~[ozone-manager-1.3.0-SNAPSHOT.jar:?]
	at org.apache.hadoop.ozone.protocolPB.OzoneManagerRequestHandler.handleReadRequest(OzoneManagerRequestHandler.java:228) ~[ozone-manager-1.3.0-SNAPSHOT.jar:?]
	at org.apache.hadoop.ozone.protocolPB.OzoneManagerProtocolServerSideTranslatorPB.submitRequestDirectlyToOM(OzoneManagerProtocolServerSideTranslatorPB.java:276) ~[ozone-manager-1.3.0-SNAPSHOT.jar:?]
	at org.apache.hadoop.ozone.protocolPB.OzoneManagerProtocolServerSideTranslatorPB.processRequest(OzoneManagerProtocolServerSideTranslatorPB.java:205) ~[ozone-manager-1.3.0-SNAPSHOT.jar:?]
	at org.apache.hadoop.hdds.server.OzoneProtocolMessageDispatcher.processRequest(OzoneProtocolMessageDispatcher.java:87) [hdds-server-framework-1.3.0-SNAPSHOT.jar:?]
	at org.apache.hadoop.ozone.protocolPB.OzoneManagerProtocolServerSideTranslatorPB.submitRequest(OzoneManagerProtocolServerSideTranslatorPB.java:147) [ozone-manager-1.3.0-SNAPSHOT.jar:?]
	at org.apache.hadoop.ozone.protocol.proto.OzoneManagerProtocolProtos$OzoneManagerService$2.callBlockingMethod(OzoneManagerProtocolProtos.java) [ozone-interface-client-1.3.0-SNAPSHOT.jar:?]
	at org.apache.hadoop.ipc.ProtobufRpcEngine$Server.processCall(ProtobufRpcEngine.java:466) [hadoop-common-3.3.1.jar:?]
	at org.apache.hadoop.ipc.ProtobufRpcEngine2$Server$ProtoBufRpcInvoker.call(ProtobufRpcEngine2.java:574) [hadoop-common-3.3.1.jar:?]
	at org.apache.hadoop.ipc.ProtobufRpcEngine2$Server$ProtoBufRpcInvoker.call(ProtobufRpcEngine2.java:552) [hadoop-common-3.3.1.jar:?]
	at org.apache.hadoop.ipc.RPC$Server.call(RPC.java:1093) [hadoop-common-3.3.1.jar:?]
	at org.apache.hadoop.ipc.Server$RpcCall.run(Server.java:1035) [hadoop-common-3.3.1.jar:?]
	at org.apache.hadoop.ipc.Server$RpcCall.run(Server.java:963) [hadoop-common-3.3.1.jar:?]
	at java.security.AccessController.doPrivileged(Native Method) ~[?:1.8.0_345]
	at javax.security.auth.Subject.doAs(Subject.java:422) [?:1.8.0_345]
	at org.apache.hadoop.security.UserGroupInformation.doAs(UserGroupInformation.java:1878) [hadoop-common-3.3.1.jar:?]
	at org.apache.hadoop.ipc.Server$Handler.run(Server.java:2966) [hadoop-common-3.3.1.jar:?]
2022-09-28 09:59:04,893 [Time-limited test] WARN  ozone.BasicOzoneFileSystem (BasicOzoneFileSystem.java:getFileStatus(765)) - GetFileStatus failed for path /testBatchDelete/parent/child4
java.io.FileNotFoundException: testBatchDelete/parent/child4: No such file or directory!
	at org.apache.hadoop.fs.ozone.BasicOzoneClientAdapterImpl.getFileStatus(BasicOzoneClientAdapterImpl.java:369)
	at org.apache.hadoop.fs.ozone.BasicOzoneFileSystem.getFileStatus(BasicOzoneFileSystem.java:757)
	at org.apache.hadoop.fs.FileSystem.exists(FileSystem.java:1760)
	at org.apache.hadoop.fs.ozone.BasicOzoneFileSystem.exists(BasicOzoneFileSystem.java:804)
	at org.apache.hadoop.fs.ozone.TestOzoneFileSystem.testFileDelete(TestOzoneFileSystem.java:536)
	at sun.reflect.NativeMethodAccessorImpl.invoke0(Native Method)
	at sun.reflect.NativeMethodAccessorImpl.invoke(NativeMethodAccessorImpl.java:62)
	at sun.reflect.DelegatingMethodAccessorImpl.invoke(DelegatingMethodAccessorImpl.java:43)
	at java.lang.reflect.Method.invoke(Method.java:498)
	at org.junit.runners.model.FrameworkMethod$1.runReflectiveCall(FrameworkMethod.java:59)
	at org.junit.internal.runners.model.ReflectiveCallable.run(ReflectiveCallable.java:12)
	at org.junit.runners.model.FrameworkMethod.invokeExplosively(FrameworkMethod.java:56)
	at org.junit.internal.runners.statements.InvokeMethod.evaluate(InvokeMethod.java:17)
	at org.junit.internal.runners.statements.RunAfters.evaluate(RunAfters.java:27)
	at org.junit.internal.runners.statements.FailOnTimeout$CallableStatement.call(FailOnTimeout.java:288)
	at org.junit.internal.runners.statements.FailOnTimeout$CallableStatement.call(FailOnTimeout.java:282)
	at java.util.concurrent.FutureTask.run(FutureTask.java:266)
	at java.lang.Thread.run(Thread.java:750)
09:59:04.894 [IPC Server handler 11 on default port 38925] ERROR OMAudit - user=runner | ip=127.0.0.1 | op=GET_FILE_STATUS {volume=volume75139, bucket=bucket52642, key=testBatchDelete/parent/childFolder/child4, dataSize=0, replicationConfig=null} | ret=FAILURE
org.apache.hadoop.ozone.om.exceptions.OMException: Unable to get file status: volume: volume75139 bucket: bucket52642 key: testBatchDelete/parent/childFolder/child4
	at org.apache.hadoop.ozone.om.KeyManagerImpl.getOzoneFileStatus(KeyManagerImpl.java:1324) ~[ozone-manager-1.3.0-SNAPSHOT.jar:?]
	at org.apache.hadoop.ozone.om.KeyManagerImpl.getFileStatus(KeyManagerImpl.java:1254) ~[ozone-manager-1.3.0-SNAPSHOT.jar:?]
	at org.apache.hadoop.ozone.om.OzoneManager.getFileStatus(OzoneManager.java:3506) ~[ozone-manager-1.3.0-SNAPSHOT.jar:?]
	at org.apache.hadoop.ozone.protocolPB.OzoneManagerRequestHandler.getOzoneFileStatus(OzoneManagerRequestHandler.java:882) ~[ozone-manager-1.3.0-SNAPSHOT.jar:?]
	at org.apache.hadoop.ozone.protocolPB.OzoneManagerRequestHandler.handleReadRequest(OzoneManagerRequestHandler.java:228) ~[ozone-manager-1.3.0-SNAPSHOT.jar:?]
	at org.apache.hadoop.ozone.protocolPB.OzoneManagerProtocolServerSideTranslatorPB.submitRequestDirectlyToOM(OzoneManagerProtocolServerSideTranslatorPB.java:276) ~[ozone-manager-1.3.0-SNAPSHOT.jar:?]
	at org.apache.hadoop.ozone.protocolPB.OzoneManagerProtocolServerSideTranslatorPB.processRequest(OzoneManagerProtocolServerSideTranslatorPB.java:205) ~[ozone-manager-1.3.0-SNAPSHOT.jar:?]
	at org.apache.hadoop.hdds.server.OzoneProtocolMessageDispatcher.processRequest(OzoneProtocolMessageDispatcher.java:87) [hdds-server-framework-1.3.0-SNAPSHOT.jar:?]
	at org.apache.hadoop.ozone.protocolPB.OzoneManagerProtocolServerSideTranslatorPB.submitRequest(OzoneManagerProtocolServerSideTranslatorPB.java:147) [ozone-manager-1.3.0-SNAPSHOT.jar:?]
	at org.apache.hadoop.ozone.protocol.proto.OzoneManagerProtocolProtos$OzoneManagerService$2.callBlockingMethod(OzoneManagerProtocolProtos.java) [ozone-interface-client-1.3.0-SNAPSHOT.jar:?]
	at org.apache.hadoop.ipc.ProtobufRpcEngine$Server.processCall(ProtobufRpcEngine.java:466) [hadoop-common-3.3.1.jar:?]
	at org.apache.hadoop.ipc.ProtobufRpcEngine2$Server$ProtoBufRpcInvoker.call(ProtobufRpcEngine2.java:574) [hadoop-common-3.3.1.jar:?]
	at org.apache.hadoop.ipc.ProtobufRpcEngine2$Server$ProtoBufRpcInvoker.call(ProtobufRpcEngine2.java:552) [hadoop-common-3.3.1.jar:?]
	at org.apache.hadoop.ipc.RPC$Server.call(RPC.java:1093) [hadoop-common-3.3.1.jar:?]
	at org.apache.hadoop.ipc.Server$RpcCall.run(Server.java:1035) [hadoop-common-3.3.1.jar:?]
	at org.apache.hadoop.ipc.Server$RpcCall.run(Server.java:963) [hadoop-common-3.3.1.jar:?]
	at java.security.AccessController.doPrivileged(Native Method) ~[?:1.8.0_345]
	at javax.security.auth.Subject.doAs(Subject.java:422) [?:1.8.0_345]
	at org.apache.hadoop.security.UserGroupInformation.doAs(UserGroupInformation.java:1878) [hadoop-common-3.3.1.jar:?]
	at org.apache.hadoop.ipc.Server$Handler.run(Server.java:2966) [hadoop-common-3.3.1.jar:?]
2022-09-28 09:59:04,895 [Time-limited test] WARN  ozone.BasicOzoneFileSystem (BasicOzoneFileSystem.java:getFileStatus(765)) - GetFileStatus failed for path /testBatchDelete/parent/childFolder/child4
java.io.FileNotFoundException: testBatchDelete/parent/childFolder/child4: No such file or directory!
	at org.apache.hadoop.fs.ozone.BasicOzoneClientAdapterImpl.getFileStatus(BasicOzoneClientAdapterImpl.java:369)
	at org.apache.hadoop.fs.ozone.BasicOzoneFileSystem.getFileStatus(BasicOzoneFileSystem.java:757)
	at org.apache.hadoop.fs.FileSystem.exists(FileSystem.java:1760)
	at org.apache.hadoop.fs.ozone.BasicOzoneFileSystem.exists(BasicOzoneFileSystem.java:804)
	at org.apache.hadoop.fs.ozone.TestOzoneFileSystem.testFileDelete(TestOzoneFileSystem.java:541)
	at sun.reflect.NativeMethodAccessorImpl.invoke0(Native Method)
	at sun.reflect.NativeMethodAccessorImpl.invoke(NativeMethodAccessorImpl.java:62)
	at sun.reflect.DelegatingMethodAccessorImpl.invoke(DelegatingMethodAccessorImpl.java:43)
	at java.lang.reflect.Method.invoke(Method.java:498)
	at org.junit.runners.model.FrameworkMethod$1.runReflectiveCall(FrameworkMethod.java:59)
	at org.junit.internal.runners.model.ReflectiveCallable.run(ReflectiveCallable.java:12)
	at org.junit.runners.model.FrameworkMethod.invokeExplosively(FrameworkMethod.java:56)
	at org.junit.internal.runners.statements.InvokeMethod.evaluate(InvokeMethod.java:17)
	at org.junit.internal.runners.statements.RunAfters.evaluate(RunAfters.java:27)
	at org.junit.internal.runners.statements.FailOnTimeout$CallableStatement.call(FailOnTimeout.java:288)
	at org.junit.internal.runners.statements.FailOnTimeout$CallableStatement.call(FailOnTimeout.java:282)
	at java.util.concurrent.FutureTask.run(FutureTask.java:266)
	at java.lang.Thread.run(Thread.java:750)
09:59:04.895 [IPC Server handler 15 on default port 38925] ERROR OMAudit - user=runner | ip=127.0.0.1 | op=GET_FILE_STATUS {volume=volume75139, bucket=bucket52642, key=testBatchDelete/parent/child5, dataSize=0, replicationConfig=null} | ret=FAILURE
org.apache.hadoop.ozone.om.exceptions.OMException: Unable to get file status: volume: volume75139 bucket: bucket52642 key: testBatchDelete/parent/child5
	at org.apache.hadoop.ozone.om.KeyManagerImpl.getOzoneFileStatus(KeyManagerImpl.java:1324) ~[ozone-manager-1.3.0-SNAPSHOT.jar:?]
	at org.apache.hadoop.ozone.om.KeyManagerImpl.getFileStatus(KeyManagerImpl.java:1254) ~[ozone-manager-1.3.0-SNAPSHOT.jar:?]
	at org.apache.hadoop.ozone.om.OzoneManager.getFileStatus(OzoneManager.java:3506) ~[ozone-manager-1.3.0-SNAPSHOT.jar:?]
	at org.apache.hadoop.ozone.protocolPB.OzoneManagerRequestHandler.getOzoneFileStatus(OzoneManagerRequestHandler.java:882) ~[ozone-manager-1.3.0-SNAPSHOT.jar:?]
	at org.apache.hadoop.ozone.protocolPB.OzoneManagerRequestHandler.handleReadRequest(OzoneManagerRequestHandler.java:228) ~[ozone-manager-1.3.0-SNAPSHOT.jar:?]
	at org.apache.hadoop.ozone.protocolPB.OzoneManagerProtocolServerSideTranslatorPB.submitRequestDirectlyToOM(OzoneManagerProtocolServerSideTranslatorPB.java:276) ~[ozone-manager-1.3.0-SNAPSHOT.jar:?]
	at org.apache.hadoop.ozone.protocolPB.OzoneManagerProtocolServerSideTranslatorPB.processRequest(OzoneManagerProtocolServerSideTranslatorPB.java:205) ~[ozone-manager-1.3.0-SNAPSHOT.jar:?]
	at org.apache.hadoop.hdds.server.OzoneProtocolMessageDispatcher.processRequest(OzoneProtocolMessageDispatcher.java:87) [hdds-server-framework-1.3.0-SNAPSHOT.jar:?]
	at org.apache.hadoop.ozone.protocolPB.OzoneManagerProtocolServerSideTranslatorPB.submitRequest(OzoneManagerProtocolServerSideTranslatorPB.java:147) [ozone-manager-1.3.0-SNAPSHOT.jar:?]
	at org.apache.hadoop.ozone.protocol.proto.OzoneManagerProtocolProtos$OzoneManagerService$2.callBlockingMethod(OzoneManagerProtocolProtos.java) [ozone-interface-client-1.3.0-SNAPSHOT.jar:?]
	at org.apache.hadoop.ipc.ProtobufRpcEngine$Server.processCall(ProtobufRpcEngine.java:466) [hadoop-common-3.3.1.jar:?]
	at org.apache.hadoop.ipc.ProtobufRpcEngine2$Server$ProtoBufRpcInvoker.call(ProtobufRpcEngine2.java:574) [hadoop-common-3.3.1.jar:?]
	at org.apache.hadoop.ipc.ProtobufRpcEngine2$Server$ProtoBufRpcInvoker.call(ProtobufRpcEngine2.java:552) [hadoop-common-3.3.1.jar:?]
	at org.apache.hadoop.ipc.RPC$Server.call(RPC.java:1093) [hadoop-common-3.3.1.jar:?]
	at org.apache.hadoop.ipc.Server$RpcCall.run(Server.java:1035) [hadoop-common-3.3.1.jar:?]
	at org.apache.hadoop.ipc.Server$RpcCall.run(Server.java:963) [hadoop-common-3.3.1.jar:?]
	at java.security.AccessController.doPrivileged(Native Method) ~[?:1.8.0_345]
	at javax.security.auth.Subject.doAs(Subject.java:422) [?:1.8.0_345]
	at org.apache.hadoop.security.UserGroupInformation.doAs(UserGroupInformation.java:1878) [hadoop-common-3.3.1.jar:?]
	at org.apache.hadoop.ipc.Server$Handler.run(Server.java:2966) [hadoop-common-3.3.1.jar:?]
2022-09-28 09:59:04,896 [Time-limited test] WARN  ozone.BasicOzoneFileSystem (BasicOzoneFileSystem.java:getFileStatus(765)) - GetFileStatus failed for path /testBatchDelete/parent/child5
java.io.FileNotFoundException: testBatchDelete/parent/child5: No such file or directory!
	at org.apache.hadoop.fs.ozone.BasicOzoneClientAdapterImpl.getFileStatus(BasicOzoneClientAdapterImpl.java:369)
	at org.apache.hadoop.fs.ozone.BasicOzoneFileSystem.getFileStatus(BasicOzoneFileSystem.java:757)
	at org.apache.hadoop.fs.FileSystem.exists(FileSystem.java:1760)
	at org.apache.hadoop.fs.ozone.BasicOzoneFileSystem.exists(BasicOzoneFileSystem.java:804)
	at org.apache.hadoop.fs.ozone.TestOzoneFileSystem.testFileDelete(TestOzoneFileSystem.java:536)
	at sun.reflect.NativeMethodAccessorImpl.invoke0(Native Method)
	at sun.reflect.NativeMethodAccessorImpl.invoke(NativeMethodAccessorImpl.java:62)
	at sun.reflect.DelegatingMethodAccessorImpl.invoke(DelegatingMethodAccessorImpl.java:43)
	at java.lang.reflect.Method.invoke(Method.java:498)
	at org.junit.runners.model.FrameworkMethod$1.runReflectiveCall(FrameworkMethod.java:59)
	at org.junit.internal.runners.model.ReflectiveCallable.run(ReflectiveCallable.java:12)
	at org.junit.runners.model.FrameworkMethod.invokeExplosively(FrameworkMethod.java:56)
	at org.junit.internal.runners.statements.InvokeMethod.evaluate(InvokeMethod.java:17)
	at org.junit.internal.runners.statements.RunAfters.evaluate(RunAfters.java:27)
	at org.junit.internal.runners.statements.FailOnTimeout$CallableStatement.call(FailOnTimeout.java:288)
	at org.junit.internal.runners.statements.FailOnTimeout$CallableStatement.call(FailOnTimeout.java:282)
	at java.util.concurrent.FutureTask.run(FutureTask.java:266)
	at java.lang.Thread.run(Thread.java:750)
09:59:04.896 [IPC Server handler 16 on default port 38925] ERROR OMAudit - user=runner | ip=127.0.0.1 | op=GET_FILE_STATUS {volume=volume75139, bucket=bucket52642, key=testBatchDelete/parent/childFolder/child5, dataSize=0, replicationConfig=null} | ret=FAILURE
org.apache.hadoop.ozone.om.exceptions.OMException: Unable to get file status: volume: volume75139 bucket: bucket52642 key: testBatchDelete/parent/childFolder/child5
	at org.apache.hadoop.ozone.om.KeyManagerImpl.getOzoneFileStatus(KeyManagerImpl.java:1324) ~[ozone-manager-1.3.0-SNAPSHOT.jar:?]
	at org.apache.hadoop.ozone.om.KeyManagerImpl.getFileStatus(KeyManagerImpl.java:1254) ~[ozone-manager-1.3.0-SNAPSHOT.jar:?]
	at org.apache.hadoop.ozone.om.OzoneManager.getFileStatus(OzoneManager.java:3506) ~[ozone-manager-1.3.0-SNAPSHOT.jar:?]
	at org.apache.hadoop.ozone.protocolPB.OzoneManagerRequestHandler.getOzoneFileStatus(OzoneManagerRequestHandler.java:882) ~[ozone-manager-1.3.0-SNAPSHOT.jar:?]
	at org.apache.hadoop.ozone.protocolPB.OzoneManagerRequestHandler.handleReadRequest(OzoneManagerRequestHandler.java:228) ~[ozone-manager-1.3.0-SNAPSHOT.jar:?]
	at org.apache.hadoop.ozone.protocolPB.OzoneManagerProtocolServerSideTranslatorPB.submitRequestDirectlyToOM(OzoneManagerProtocolServerSideTranslatorPB.java:276) ~[ozone-manager-1.3.0-SNAPSHOT.jar:?]
	at org.apache.hadoop.ozone.protocolPB.OzoneManagerProtocolServerSideTranslatorPB.processRequest(OzoneManagerProtocolServerSideTranslatorPB.java:205) ~[ozone-manager-1.3.0-SNAPSHOT.jar:?]
	at org.apache.hadoop.hdds.server.OzoneProtocolMessageDispatcher.processRequest(OzoneProtocolMessageDispatcher.java:87) [hdds-server-framework-1.3.0-SNAPSHOT.jar:?]
	at org.apache.hadoop.ozone.protocolPB.OzoneManagerProtocolServerSideTranslatorPB.submitRequest(OzoneManagerProtocolServerSideTranslatorPB.java:147) [ozone-manager-1.3.0-SNAPSHOT.jar:?]
	at org.apache.hadoop.ozone.protocol.proto.OzoneManagerProtocolProtos$OzoneManagerService$2.callBlockingMethod(OzoneManagerProtocolProtos.java) [ozone-interface-client-1.3.0-SNAPSHOT.jar:?]
	at org.apache.hadoop.ipc.ProtobufRpcEngine$Server.processCall(ProtobufRpcEngine.java:466) [hadoop-common-3.3.1.jar:?]
	at org.apache.hadoop.ipc.ProtobufRpcEngine2$Server$ProtoBufRpcInvoker.call(ProtobufRpcEngine2.java:574) [hadoop-common-3.3.1.jar:?]
	at org.apache.hadoop.ipc.ProtobufRpcEngine2$Server$ProtoBufRpcInvoker.call(ProtobufRpcEngine2.java:552) [hadoop-common-3.3.1.jar:?]
	at org.apache.hadoop.ipc.RPC$Server.call(RPC.java:1093) [hadoop-common-3.3.1.jar:?]
	at org.apache.hadoop.ipc.Server$RpcCall.run(Server.java:1035) [hadoop-common-3.3.1.jar:?]
	at org.apache.hadoop.ipc.Server$RpcCall.run(Server.java:963) [hadoop-common-3.3.1.jar:?]
	at java.security.AccessController.doPrivileged(Native Method) ~[?:1.8.0_345]
	at javax.security.auth.Subject.doAs(Subject.java:422) [?:1.8.0_345]
	at org.apache.hadoop.security.UserGroupInformation.doAs(UserGroupInformation.java:1878) [hadoop-common-3.3.1.jar:?]
	at org.apache.hadoop.ipc.Server$Handler.run(Server.java:2966) [hadoop-common-3.3.1.jar:?]
2022-09-28 09:59:04,896 [Time-limited test] WARN  ozone.BasicOzoneFileSystem (BasicOzoneFileSystem.java:getFileStatus(765)) - GetFileStatus failed for path /testBatchDelete/parent/childFolder/child5
java.io.FileNotFoundException: testBatchDelete/parent/childFolder/child5: No such file or directory!
	at org.apache.hadoop.fs.ozone.BasicOzoneClientAdapterImpl.getFileStatus(BasicOzoneClientAdapterImpl.java:369)
	at org.apache.hadoop.fs.ozone.BasicOzoneFileSystem.getFileStatus(BasicOzoneFileSystem.java:757)
	at org.apache.hadoop.fs.FileSystem.exists(FileSystem.java:1760)
	at org.apache.hadoop.fs.ozone.BasicOzoneFileSystem.exists(BasicOzoneFileSystem.java:804)
	at org.apache.hadoop.fs.ozone.TestOzoneFileSystem.testFileDelete(TestOzoneFileSystem.java:541)
	at sun.reflect.NativeMethodAccessorImpl.invoke0(Native Method)
	at sun.reflect.NativeMethodAccessorImpl.invoke(NativeMethodAccessorImpl.java:62)
	at sun.reflect.DelegatingMethodAccessorImpl.invoke(DelegatingMethodAccessorImpl.java:43)
	at java.lang.reflect.Method.invoke(Method.java:498)
	at org.junit.runners.model.FrameworkMethod$1.runReflectiveCall(FrameworkMethod.java:59)
	at org.junit.internal.runners.model.ReflectiveCallable.run(ReflectiveCallable.java:12)
	at org.junit.runners.model.FrameworkMethod.invokeExplosively(FrameworkMethod.java:56)
	at org.junit.internal.runners.statements.InvokeMethod.evaluate(InvokeMethod.java:17)
	at org.junit.internal.runners.statements.RunAfters.evaluate(RunAfters.java:27)
	at org.junit.internal.runners.statements.FailOnTimeout$CallableStatement.call(FailOnTimeout.java:288)
	at org.junit.internal.runners.statements.FailOnTimeout$CallableStatement.call(FailOnTimeout.java:282)
	at java.util.concurrent.FutureTask.run(FutureTask.java:266)
	at java.lang.Thread.run(Thread.java:750)
09:59:04.904 [IPC Server handler 13 on default port 38925] ERROR OMAudit - user=runner | ip=127.0.0.1 | op=GET_FILE_STATUS {volume=volume75139, bucket=bucket52642, key=testBatchDelete/parent/child6, dataSize=0, replicationConfig=null} | ret=FAILURE
org.apache.hadoop.ozone.om.exceptions.OMException: Unable to get file status: volume: volume75139 bucket: bucket52642 key: testBatchDelete/parent/child6
	at org.apache.hadoop.ozone.om.KeyManagerImpl.getOzoneFileStatus(KeyManagerImpl.java:1324) ~[ozone-manager-1.3.0-SNAPSHOT.jar:?]
	at org.apache.hadoop.ozone.om.KeyManagerImpl.getFileStatus(KeyManagerImpl.java:1254) ~[ozone-manager-1.3.0-SNAPSHOT.jar:?]
	at org.apache.hadoop.ozone.om.OzoneManager.getFileStatus(OzoneManager.java:3506) ~[ozone-manager-1.3.0-SNAPSHOT.jar:?]
	at org.apache.hadoop.ozone.protocolPB.OzoneManagerRequestHandler.getOzoneFileStatus(OzoneManagerRequestHandler.java:882) ~[ozone-manager-1.3.0-SNAPSHOT.jar:?]
	at org.apache.hadoop.ozone.protocolPB.OzoneManagerRequestHandler.handleReadRequest(OzoneManagerRequestHandler.java:228) ~[ozone-manager-1.3.0-SNAPSHOT.jar:?]
	at org.apache.hadoop.ozone.protocolPB.OzoneManagerProtocolServerSideTranslatorPB.submitRequestDirectlyToOM(OzoneManagerProtocolServerSideTranslatorPB.java:276) ~[ozone-manager-1.3.0-SNAPSHOT.jar:?]
	at org.apache.hadoop.ozone.protocolPB.OzoneManagerProtocolServerSideTranslatorPB.processRequest(OzoneManagerProtocolServerSideTranslatorPB.java:205) ~[ozone-manager-1.3.0-SNAPSHOT.jar:?]
	at org.apache.hadoop.hdds.server.OzoneProtocolMessageDispatcher.processRequest(OzoneProtocolMessageDispatcher.java:87) [hdds-server-framework-1.3.0-SNAPSHOT.jar:?]
	at org.apache.hadoop.ozone.protocolPB.OzoneManagerProtocolServerSideTranslatorPB.submitRequest(OzoneManagerProtocolServerSideTranslatorPB.java:147) [ozone-manager-1.3.0-SNAPSHOT.jar:?]
	at org.apache.hadoop.ozone.protocol.proto.OzoneManagerProtocolProtos$OzoneManagerService$2.callBlockingMethod(OzoneManagerProtocolProtos.java) [ozone-interface-client-1.3.0-SNAPSHOT.jar:?]
	at org.apache.hadoop.ipc.ProtobufRpcEngine$Server.processCall(ProtobufRpcEngine.java:466) [hadoop-common-3.3.1.jar:?]
	at org.apache.hadoop.ipc.ProtobufRpcEngine2$Server$ProtoBufRpcInvoker.call(ProtobufRpcEngine2.java:574) [hadoop-common-3.3.1.jar:?]
	at org.apache.hadoop.ipc.ProtobufRpcEngine2$Server$ProtoBufRpcInvoker.call(ProtobufRpcEngine2.java:552) [hadoop-common-3.3.1.jar:?]
	at org.apache.hadoop.ipc.RPC$Server.call(RPC.java:1093) [hadoop-common-3.3.1.jar:?]
	at org.apache.hadoop.ipc.Server$RpcCall.run(Server.java:1035) [hadoop-common-3.3.1.jar:?]
	at org.apache.hadoop.ipc.Server$RpcCall.run(Server.java:963) [hadoop-common-3.3.1.jar:?]
	at java.security.AccessController.doPrivileged(Native Method) ~[?:1.8.0_345]
	at javax.security.auth.Subject.doAs(Subject.java:422) [?:1.8.0_345]
	at org.apache.hadoop.security.UserGroupInformation.doAs(UserGroupInformation.java:1878) [hadoop-common-3.3.1.jar:?]
	at org.apache.hadoop.ipc.Server$Handler.run(Server.java:2966) [hadoop-common-3.3.1.jar:?]
2022-09-28 09:59:04,908 [Time-limited test] WARN  ozone.BasicOzoneFileSystem (BasicOzoneFileSystem.java:getFileStatus(765)) - GetFileStatus failed for path /testBatchDelete/parent/child6
java.io.FileNotFoundException: testBatchDelete/parent/child6: No such file or directory!
	at org.apache.hadoop.fs.ozone.BasicOzoneClientAdapterImpl.getFileStatus(BasicOzoneClientAdapterImpl.java:369)
	at org.apache.hadoop.fs.ozone.BasicOzoneFileSystem.getFileStatus(BasicOzoneFileSystem.java:757)
	at org.apache.hadoop.fs.FileSystem.exists(FileSystem.java:1760)
	at org.apache.hadoop.fs.ozone.BasicOzoneFileSystem.exists(BasicOzoneFileSystem.java:804)
	at org.apache.hadoop.fs.ozone.TestOzoneFileSystem.testFileDelete(TestOzoneFileSystem.java:536)
	at sun.reflect.NativeMethodAccessorImpl.invoke0(Native Method)
	at sun.reflect.NativeMethodAccessorImpl.invoke(NativeMethodAccessorImpl.java:62)
	at sun.reflect.DelegatingMethodAccessorImpl.invoke(DelegatingMethodAccessorImpl.java:43)
	at java.lang.reflect.Method.invoke(Method.java:498)
	at org.junit.runners.model.FrameworkMethod$1.runReflectiveCall(FrameworkMethod.java:59)
	at org.junit.internal.runners.model.ReflectiveCallable.run(ReflectiveCallable.java:12)
	at org.junit.runners.model.FrameworkMethod.invokeExplosively(FrameworkMethod.java:56)
	at org.junit.internal.runners.statements.InvokeMethod.evaluate(InvokeMethod.java:17)
	at org.junit.internal.runners.statements.RunAfters.evaluate(RunAfters.java:27)
	at org.junit.internal.runners.statements.FailOnTimeout$CallableStatement.call(FailOnTimeout.java:288)
	at org.junit.internal.runners.statements.FailOnTimeout$CallableStatement.call(FailOnTimeout.java:282)
	at java.util.concurrent.FutureTask.run(FutureTask.java:266)
	at java.lang.Thread.run(Thread.java:750)
09:59:04.909 [IPC Server handler 17 on default port 38925] ERROR OMAudit - user=runner | ip=127.0.0.1 | op=GET_FILE_STATUS {volume=volume75139, bucket=bucket52642, key=testBatchDelete/parent/childFolder/child6, dataSize=0, replicationConfig=null} | ret=FAILURE
org.apache.hadoop.ozone.om.exceptions.OMException: Unable to get file status: volume: volume75139 bucket: bucket52642 key: testBatchDelete/parent/childFolder/child6
	at org.apache.hadoop.ozone.om.KeyManagerImpl.getOzoneFileStatus(KeyManagerImpl.java:1324) ~[ozone-manager-1.3.0-SNAPSHOT.jar:?]
	at org.apache.hadoop.ozone.om.KeyManagerImpl.getFileStatus(KeyManagerImpl.java:1254) ~[ozone-manager-1.3.0-SNAPSHOT.jar:?]
	at org.apache.hadoop.ozone.om.OzoneManager.getFileStatus(OzoneManager.java:3506) ~[ozone-manager-1.3.0-SNAPSHOT.jar:?]
	at org.apache.hadoop.ozone.protocolPB.OzoneManagerRequestHandler.getOzoneFileStatus(OzoneManagerRequestHandler.java:882) ~[ozone-manager-1.3.0-SNAPSHOT.jar:?]
	at org.apache.hadoop.ozone.protocolPB.OzoneManagerRequestHandler.handleReadRequest(OzoneManagerRequestHandler.java:228) ~[ozone-manager-1.3.0-SNAPSHOT.jar:?]
	at org.apache.hadoop.ozone.protocolPB.OzoneManagerProtocolServerSideTranslatorPB.submitRequestDirectlyToOM(OzoneManagerProtocolServerSideTranslatorPB.java:276) ~[ozone-manager-1.3.0-SNAPSHOT.jar:?]
	at org.apache.hadoop.ozone.protocolPB.OzoneManagerProtocolServerSideTranslatorPB.processRequest(OzoneManagerProtocolServerSideTranslatorPB.java:205) ~[ozone-manager-1.3.0-SNAPSHOT.jar:?]
	at org.apache.hadoop.hdds.server.OzoneProtocolMessageDispatcher.processRequest(OzoneProtocolMessageDispatcher.java:87) [hdds-server-framework-1.3.0-SNAPSHOT.jar:?]
	at org.apache.hadoop.ozone.protocolPB.OzoneManagerProtocolServerSideTranslatorPB.submitRequest(OzoneManagerProtocolServerSideTranslatorPB.java:147) [ozone-manager-1.3.0-SNAPSHOT.jar:?]
	at org.apache.hadoop.ozone.protocol.proto.OzoneManagerProtocolProtos$OzoneManagerService$2.callBlockingMethod(OzoneManagerProtocolProtos.java) [ozone-interface-client-1.3.0-SNAPSHOT.jar:?]
	at org.apache.hadoop.ipc.ProtobufRpcEngine$Server.processCall(ProtobufRpcEngine.java:466) [hadoop-common-3.3.1.jar:?]
	at org.apache.hadoop.ipc.ProtobufRpcEngine2$Server$ProtoBufRpcInvoker.call(ProtobufRpcEngine2.java:574) [hadoop-common-3.3.1.jar:?]
	at org.apache.hadoop.ipc.ProtobufRpcEngine2$Server$ProtoBufRpcInvoker.call(ProtobufRpcEngine2.java:552) [hadoop-common-3.3.1.jar:?]
	at org.apache.hadoop.ipc.RPC$Server.call(RPC.java:1093) [hadoop-common-3.3.1.jar:?]
	at org.apache.hadoop.ipc.Server$RpcCall.run(Server.java:1035) [hadoop-common-3.3.1.jar:?]
	at org.apache.hadoop.ipc.Server$RpcCall.run(Server.java:963) [hadoop-common-3.3.1.jar:?]
	at java.security.AccessController.doPrivileged(Native Method) ~[?:1.8.0_345]
	at javax.security.auth.Subject.doAs(Subject.java:422) [?:1.8.0_345]
	at org.apache.hadoop.security.UserGroupInformation.doAs(UserGroupInformation.java:1878) [hadoop-common-3.3.1.jar:?]
	at org.apache.hadoop.ipc.Server$Handler.run(Server.java:2966) [hadoop-common-3.3.1.jar:?]
2022-09-28 09:59:04,912 [Time-limited test] WARN  ozone.BasicOzoneFileSystem (BasicOzoneFileSystem.java:getFileStatus(765)) - GetFileStatus failed for path /testBatchDelete/parent/childFolder/child6
java.io.FileNotFoundException: testBatchDelete/parent/childFolder/child6: No such file or directory!
	at org.apache.hadoop.fs.ozone.BasicOzoneClientAdapterImpl.getFileStatus(BasicOzoneClientAdapterImpl.java:369)
	at org.apache.hadoop.fs.ozone.BasicOzoneFileSystem.getFileStatus(BasicOzoneFileSystem.java:757)
	at org.apache.hadoop.fs.FileSystem.exists(FileSystem.java:1760)
	at org.apache.hadoop.fs.ozone.BasicOzoneFileSystem.exists(BasicOzoneFileSystem.java:804)
	at org.apache.hadoop.fs.ozone.TestOzoneFileSystem.testFileDelete(TestOzoneFileSystem.java:541)
	at sun.reflect.NativeMethodAccessorImpl.invoke0(Native Method)
	at sun.reflect.NativeMethodAccessorImpl.invoke(NativeMethodAccessorImpl.java:62)
	at sun.reflect.DelegatingMethodAccessorImpl.invoke(DelegatingMethodAccessorImpl.java:43)
	at java.lang.reflect.Method.invoke(Method.java:498)
	at org.junit.runners.model.FrameworkMethod$1.runReflectiveCall(FrameworkMethod.java:59)
	at org.junit.internal.runners.model.ReflectiveCallable.run(ReflectiveCallable.java:12)
	at org.junit.runners.model.FrameworkMethod.invokeExplosively(FrameworkMethod.java:56)
	at org.junit.internal.runners.statements.InvokeMethod.evaluate(InvokeMethod.java:17)
	at org.junit.internal.runners.statements.RunAfters.evaluate(RunAfters.java:27)
	at org.junit.internal.runners.statements.FailOnTimeout$CallableStatement.call(FailOnTimeout.java:288)
	at org.junit.internal.runners.statements.FailOnTimeout$CallableStatement.call(FailOnTimeout.java:282)
	at java.util.concurrent.FutureTask.run(FutureTask.java:266)
	at java.lang.Thread.run(Thread.java:750)
09:59:04.916 [IPC Server handler 18 on default port 38925] ERROR OMAudit - user=runner | ip=127.0.0.1 | op=GET_FILE_STATUS {volume=volume75139, bucket=bucket52642, key=testBatchDelete/parent/child7, dataSize=0, replicationConfig=null} | ret=FAILURE
org.apache.hadoop.ozone.om.exceptions.OMException: Unable to get file status: volume: volume75139 bucket: bucket52642 key: testBatchDelete/parent/child7
	at org.apache.hadoop.ozone.om.KeyManagerImpl.getOzoneFileStatus(KeyManagerImpl.java:1324) ~[ozone-manager-1.3.0-SNAPSHOT.jar:?]
	at org.apache.hadoop.ozone.om.KeyManagerImpl.getFileStatus(KeyManagerImpl.java:1254) ~[ozone-manager-1.3.0-SNAPSHOT.jar:?]
	at org.apache.hadoop.ozone.om.OzoneManager.getFileStatus(OzoneManager.java:3506) ~[ozone-manager-1.3.0-SNAPSHOT.jar:?]
	at org.apache.hadoop.ozone.protocolPB.OzoneManagerRequestHandler.getOzoneFileStatus(OzoneManagerRequestHandler.java:882) ~[ozone-manager-1.3.0-SNAPSHOT.jar:?]
	at org.apache.hadoop.ozone.protocolPB.OzoneManagerRequestHandler.handleReadRequest(OzoneManagerRequestHandler.java:228) ~[ozone-manager-1.3.0-SNAPSHOT.jar:?]
	at org.apache.hadoop.ozone.protocolPB.OzoneManagerProtocolServerSideTranslatorPB.submitRequestDirectlyToOM(OzoneManagerProtocolServerSideTranslatorPB.java:276) ~[ozone-manager-1.3.0-SNAPSHOT.jar:?]
	at org.apache.hadoop.ozone.protocolPB.OzoneManagerProtocolServerSideTranslatorPB.processRequest(OzoneManagerProtocolServerSideTranslatorPB.java:205) ~[ozone-manager-1.3.0-SNAPSHOT.jar:?]
	at org.apache.hadoop.hdds.server.OzoneProtocolMessageDispatcher.processRequest(OzoneProtocolMessageDispatcher.java:87) [hdds-server-framework-1.3.0-SNAPSHOT.jar:?]
	at org.apache.hadoop.ozone.protocolPB.OzoneManagerProtocolServerSideTranslatorPB.submitRequest(OzoneManagerProtocolServerSideTranslatorPB.java:147) [ozone-manager-1.3.0-SNAPSHOT.jar:?]
	at org.apache.hadoop.ozone.protocol.proto.OzoneManagerProtocolProtos$OzoneManagerService$2.callBlockingMethod(OzoneManagerProtocolProtos.java) [ozone-interface-client-1.3.0-SNAPSHOT.jar:?]
	at org.apache.hadoop.ipc.ProtobufRpcEngine$Server.processCall(ProtobufRpcEngine.java:466) [hadoop-common-3.3.1.jar:?]
	at org.apache.hadoop.ipc.ProtobufRpcEngine2$Server$ProtoBufRpcInvoker.call(ProtobufRpcEngine2.java:574) [hadoop-common-3.3.1.jar:?]
	at org.apache.hadoop.ipc.ProtobufRpcEngine2$Server$ProtoBufRpcInvoker.call(ProtobufRpcEngine2.java:552) [hadoop-common-3.3.1.jar:?]
	at org.apache.hadoop.ipc.RPC$Server.call(RPC.java:1093) [hadoop-common-3.3.1.jar:?]
	at org.apache.hadoop.ipc.Server$RpcCall.run(Server.java:1035) [hadoop-common-3.3.1.jar:?]
	at org.apache.hadoop.ipc.Server$RpcCall.run(Server.java:963) [hadoop-common-3.3.1.jar:?]
	at java.security.AccessController.doPrivileged(Native Method) ~[?:1.8.0_345]
	at javax.security.auth.Subject.doAs(Subject.java:422) [?:1.8.0_345]
	at org.apache.hadoop.security.UserGroupInformation.doAs(UserGroupInformation.java:1878) [hadoop-common-3.3.1.jar:?]
	at org.apache.hadoop.ipc.Server$Handler.run(Server.java:2966) [hadoop-common-3.3.1.jar:?]
2022-09-28 09:59:04,917 [Time-limited test] WARN  ozone.BasicOzoneFileSystem (BasicOzoneFileSystem.java:getFileStatus(765)) - GetFileStatus failed for path /testBatchDelete/parent/child7
java.io.FileNotFoundException: testBatchDelete/parent/child7: No such file or directory!
	at org.apache.hadoop.fs.ozone.BasicOzoneClientAdapterImpl.getFileStatus(BasicOzoneClientAdapterImpl.java:369)
	at org.apache.hadoop.fs.ozone.BasicOzoneFileSystem.getFileStatus(BasicOzoneFileSystem.java:757)
	at org.apache.hadoop.fs.FileSystem.exists(FileSystem.java:1760)
	at org.apache.hadoop.fs.ozone.BasicOzoneFileSystem.exists(BasicOzoneFileSystem.java:804)
	at org.apache.hadoop.fs.ozone.TestOzoneFileSystem.testFileDelete(TestOzoneFileSystem.java:536)
	at sun.reflect.NativeMethodAccessorImpl.invoke0(Native Method)
	at sun.reflect.NativeMethodAccessorImpl.invoke(NativeMethodAccessorImpl.java:62)
	at sun.reflect.DelegatingMethodAccessorImpl.invoke(DelegatingMethodAccessorImpl.java:43)
	at java.lang.reflect.Method.invoke(Method.java:498)
	at org.junit.runners.model.FrameworkMethod$1.runReflectiveCall(FrameworkMethod.java:59)
	at org.junit.internal.runners.model.ReflectiveCallable.run(ReflectiveCallable.java:12)
	at org.junit.runners.model.FrameworkMethod.invokeExplosively(FrameworkMethod.java:56)
	at org.junit.internal.runners.statements.InvokeMethod.evaluate(InvokeMethod.java:17)
	at org.junit.internal.runners.statements.RunAfters.evaluate(RunAfters.java:27)
	at org.junit.internal.runners.statements.FailOnTimeout$CallableStatement.call(FailOnTimeout.java:288)
	at org.junit.internal.runners.statements.FailOnTimeout$CallableStatement.call(FailOnTimeout.java:282)
	at java.util.concurrent.FutureTask.run(FutureTask.java:266)
	at java.lang.Thread.run(Thread.java:750)
09:59:04.919 [IPC Server handler 19 on default port 38925] ERROR OMAudit - user=runner | ip=127.0.0.1 | op=GET_FILE_STATUS {volume=volume75139, bucket=bucket52642, key=testBatchDelete/parent/childFolder/child7, dataSize=0, replicationConfig=null} | ret=FAILURE
org.apache.hadoop.ozone.om.exceptions.OMException: Unable to get file status: volume: volume75139 bucket: bucket52642 key: testBatchDelete/parent/childFolder/child7
	at org.apache.hadoop.ozone.om.KeyManagerImpl.getOzoneFileStatus(KeyManagerImpl.java:1324) ~[ozone-manager-1.3.0-SNAPSHOT.jar:?]
	at org.apache.hadoop.ozone.om.KeyManagerImpl.getFileStatus(KeyManagerImpl.java:1254) ~[ozone-manager-1.3.0-SNAPSHOT.jar:?]
	at org.apache.hadoop.ozone.om.OzoneManager.getFileStatus(OzoneManager.java:3506) ~[ozone-manager-1.3.0-SNAPSHOT.jar:?]
	at org.apache.hadoop.ozone.protocolPB.OzoneManagerRequestHandler.getOzoneFileStatus(OzoneManagerRequestHandler.java:882) ~[ozone-manager-1.3.0-SNAPSHOT.jar:?]
	at org.apache.hadoop.ozone.protocolPB.OzoneManagerRequestHandler.handleReadRequest(OzoneManagerRequestHandler.java:228) ~[ozone-manager-1.3.0-SNAPSHOT.jar:?]
	at org.apache.hadoop.ozone.protocolPB.OzoneManagerProtocolServerSideTranslatorPB.submitRequestDirectlyToOM(OzoneManagerProtocolServerSideTranslatorPB.java:276) ~[ozone-manager-1.3.0-SNAPSHOT.jar:?]
	at org.apache.hadoop.ozone.protocolPB.OzoneManagerProtocolServerSideTranslatorPB.processRequest(OzoneManagerProtocolServerSideTranslatorPB.java:205) ~[ozone-manager-1.3.0-SNAPSHOT.jar:?]
	at org.apache.hadoop.hdds.server.OzoneProtocolMessageDispatcher.processRequest(OzoneProtocolMessageDispatcher.java:87) [hdds-server-framework-1.3.0-SNAPSHOT.jar:?]
	at org.apache.hadoop.ozone.protocolPB.OzoneManagerProtocolServerSideTranslatorPB.submitRequest(OzoneManagerProtocolServerSideTranslatorPB.java:147) [ozone-manager-1.3.0-SNAPSHOT.jar:?]
	at org.apache.hadoop.ozone.protocol.proto.OzoneManagerProtocolProtos$OzoneManagerService$2.callBlockingMethod(OzoneManagerProtocolProtos.java) [ozone-interface-client-1.3.0-SNAPSHOT.jar:?]
	at org.apache.hadoop.ipc.ProtobufRpcEngine$Server.processCall(ProtobufRpcEngine.java:466) [hadoop-common-3.3.1.jar:?]
	at org.apache.hadoop.ipc.ProtobufRpcEngine2$Server$ProtoBufRpcInvoker.call(ProtobufRpcEngine2.java:574) [hadoop-common-3.3.1.jar:?]
	at org.apache.hadoop.ipc.ProtobufRpcEngine2$Server$ProtoBufRpcInvoker.call(ProtobufRpcEngine2.java:552) [hadoop-common-3.3.1.jar:?]
	at org.apache.hadoop.ipc.RPC$Server.call(RPC.java:1093) [hadoop-common-3.3.1.jar:?]
	at org.apache.hadoop.ipc.Server$RpcCall.run(Server.java:1035) [hadoop-common-3.3.1.jar:?]
	at org.apache.hadoop.ipc.Server$RpcCall.run(Server.java:963) [hadoop-common-3.3.1.jar:?]
	at java.security.AccessController.doPrivileged(Native Method) ~[?:1.8.0_345]
	at javax.security.auth.Subject.doAs(Subject.java:422) [?:1.8.0_345]
	at org.apache.hadoop.security.UserGroupInformation.doAs(UserGroupInformation.java:1878) [hadoop-common-3.3.1.jar:?]
	at org.apache.hadoop.ipc.Server$Handler.run(Server.java:2966) [hadoop-common-3.3.1.jar:?]
2022-09-28 09:59:04,919 [Time-limited test] WARN  ozone.BasicOzoneFileSystem (BasicOzoneFileSystem.java:getFileStatus(765)) - GetFileStatus failed for path /testBatchDelete/parent/childFolder/child7
java.io.FileNotFoundException: testBatchDelete/parent/childFolder/child7: No such file or directory!
	at org.apache.hadoop.fs.ozone.BasicOzoneClientAdapterImpl.getFileStatus(BasicOzoneClientAdapterImpl.java:369)
	at org.apache.hadoop.fs.ozone.BasicOzoneFileSystem.getFileStatus(BasicOzoneFileSystem.java:757)
	at org.apache.hadoop.fs.FileSystem.exists(FileSystem.java:1760)
	at org.apache.hadoop.fs.ozone.BasicOzoneFileSystem.exists(BasicOzoneFileSystem.java:804)
	at org.apache.hadoop.fs.ozone.TestOzoneFileSystem.testFileDelete(TestOzoneFileSystem.java:541)
	at sun.reflect.NativeMethodAccessorImpl.invoke0(Native Method)
	at sun.reflect.NativeMethodAccessorImpl.invoke(NativeMethodAccessorImpl.java:62)
	at sun.reflect.DelegatingMethodAccessorImpl.invoke(DelegatingMethodAccessorImpl.java:43)
	at java.lang.reflect.Method.invoke(Method.java:498)
	at org.junit.runners.model.FrameworkMethod$1.runReflectiveCall(FrameworkMethod.java:59)
	at org.junit.internal.runners.model.ReflectiveCallable.run(ReflectiveCallable.java:12)
	at org.junit.runners.model.FrameworkMethod.invokeExplosively(FrameworkMethod.java:56)
	at org.junit.internal.runners.statements.InvokeMethod.evaluate(InvokeMethod.java:17)
	at org.junit.internal.runners.statements.RunAfters.evaluate(RunAfters.java:27)
	at org.junit.internal.runners.statements.FailOnTimeout$CallableStatement.call(FailOnTimeout.java:288)
	at org.junit.internal.runners.statements.FailOnTimeout$CallableStatement.call(FailOnTimeout.java:282)
	at java.util.concurrent.FutureTask.run(FutureTask.java:266)
	at java.lang.Thread.run(Thread.java:750)
09:59:04.919 [IPC Server handler 10 on default port 38925] ERROR OMAudit - user=runner | ip=127.0.0.1 | op=GET_FILE_STATUS {volume=volume75139, bucket=bucket52642, key=testBatchDelete/parent, dataSize=0, replicationConfig=null} | ret=FAILURE
org.apache.hadoop.ozone.om.exceptions.OMException: Unable to get file status: volume: volume75139 bucket: bucket52642 key: testBatchDelete/parent
	at org.apache.hadoop.ozone.om.KeyManagerImpl.getOzoneFileStatus(KeyManagerImpl.java:1324) ~[ozone-manager-1.3.0-SNAPSHOT.jar:?]
	at org.apache.hadoop.ozone.om.KeyManagerImpl.getFileStatus(KeyManagerImpl.java:1254) ~[ozone-manager-1.3.0-SNAPSHOT.jar:?]
	at org.apache.hadoop.ozone.om.OzoneManager.getFileStatus(OzoneManager.java:3506) ~[ozone-manager-1.3.0-SNAPSHOT.jar:?]
	at org.apache.hadoop.ozone.protocolPB.OzoneManagerRequestHandler.getOzoneFileStatus(OzoneManagerRequestHandler.java:882) ~[ozone-manager-1.3.0-SNAPSHOT.jar:?]
	at org.apache.hadoop.ozone.protocolPB.OzoneManagerRequestHandler.handleReadRequest(OzoneManagerRequestHandler.java:228) ~[ozone-manager-1.3.0-SNAPSHOT.jar:?]
	at org.apache.hadoop.ozone.protocolPB.OzoneManagerProtocolServerSideTranslatorPB.submitRequestDirectlyToOM(OzoneManagerProtocolServerSideTranslatorPB.java:276) ~[ozone-manager-1.3.0-SNAPSHOT.jar:?]
	at org.apache.hadoop.ozone.protocolPB.OzoneManagerProtocolServerSideTranslatorPB.processRequest(OzoneManagerProtocolServerSideTranslatorPB.java:205) ~[ozone-manager-1.3.0-SNAPSHOT.jar:?]
	at org.apache.hadoop.hdds.server.OzoneProtocolMessageDispatcher.processRequest(OzoneProtocolMessageDispatcher.java:87) [hdds-server-framework-1.3.0-SNAPSHOT.jar:?]
	at org.apache.hadoop.ozone.protocolPB.OzoneManagerProtocolServerSideTranslatorPB.submitRequest(OzoneManagerProtocolServerSideTranslatorPB.java:147) [ozone-manager-1.3.0-SNAPSHOT.jar:?]
	at org.apache.hadoop.ozone.protocol.proto.OzoneManagerProtocolProtos$OzoneManagerService$2.callBlockingMethod(OzoneManagerProtocolProtos.java) [ozone-interface-client-1.3.0-SNAPSHOT.jar:?]
	at org.apache.hadoop.ipc.ProtobufRpcEngine$Server.processCall(ProtobufRpcEngine.java:466) [hadoop-common-3.3.1.jar:?]
	at org.apache.hadoop.ipc.ProtobufRpcEngine2$Server$ProtoBufRpcInvoker.call(ProtobufRpcEngine2.java:574) [hadoop-common-3.3.1.jar:?]
	at org.apache.hadoop.ipc.ProtobufRpcEngine2$Server$ProtoBufRpcInvoker.call(ProtobufRpcEngine2.java:552) [hadoop-common-3.3.1.jar:?]
	at org.apache.hadoop.ipc.RPC$Server.call(RPC.java:1093) [hadoop-common-3.3.1.jar:?]
	at org.apache.hadoop.ipc.Server$RpcCall.run(Server.java:1035) [hadoop-common-3.3.1.jar:?]
	at org.apache.hadoop.ipc.Server$RpcCall.run(Server.java:963) [hadoop-common-3.3.1.jar:?]
	at java.security.AccessController.doPrivileged(Native Method) ~[?:1.8.0_345]
	at javax.security.auth.Subject.doAs(Subject.java:422) [?:1.8.0_345]
	at org.apache.hadoop.security.UserGroupInformation.doAs(UserGroupInformation.java:1878) [hadoop-common-3.3.1.jar:?]
	at org.apache.hadoop.ipc.Server$Handler.run(Server.java:2966) [hadoop-common-3.3.1.jar:?]
2022-09-28 09:59:04,919 [Time-limited test] WARN  ozone.BasicOzoneFileSystem (BasicOzoneFileSystem.java:getFileStatus(765)) - GetFileStatus failed for path /testBatchDelete/parent
java.io.FileNotFoundException: testBatchDelete/parent: No such file or directory!
	at org.apache.hadoop.fs.ozone.BasicOzoneClientAdapterImpl.getFileStatus(BasicOzoneClientAdapterImpl.java:369)
	at org.apache.hadoop.fs.ozone.BasicOzoneFileSystem.getFileStatus(BasicOzoneFileSystem.java:757)
	at org.apache.hadoop.fs.ozone.BasicOzoneFileSystem.delete(BasicOzoneFileSystem.java:530)
	at org.apache.hadoop.fs.ozone.TestOzoneFileSystem.testFileDelete(TestOzoneFileSystem.java:545)
	at sun.reflect.NativeMethodAccessorImpl.invoke0(Native Method)
	at sun.reflect.NativeMethodAccessorImpl.invoke(NativeMethodAccessorImpl.java:62)
	at sun.reflect.DelegatingMethodAccessorImpl.invoke(DelegatingMethodAccessorImpl.java:43)
	at java.lang.reflect.Method.invoke(Method.java:498)
	at org.junit.runners.model.FrameworkMethod$1.runReflectiveCall(FrameworkMethod.java:59)
	at org.junit.internal.runners.model.ReflectiveCallable.run(ReflectiveCallable.java:12)
	at org.junit.runners.model.FrameworkMethod.invokeExplosively(FrameworkMethod.java:56)
	at org.junit.internal.runners.statements.InvokeMethod.evaluate(InvokeMethod.java:17)
	at org.junit.internal.runners.statements.RunAfters.evaluate(RunAfters.java:27)
	at org.junit.internal.runners.statements.FailOnTimeout$CallableStatement.call(FailOnTimeout.java:288)
	at org.junit.internal.runners.statements.FailOnTimeout$CallableStatement.call(FailOnTimeout.java:282)
	at java.util.concurrent.FutureTask.run(FutureTask.java:266)
	at java.lang.Thread.run(Thread.java:750)
2022-09-28 09:59:04,920 [Time-limited test] WARN  ozone.BasicOzoneFileSystem (BasicOzoneFileSystem.java:delete(532)) - delete: Path does not exist: /testBatchDelete/parent
]]></system-out>
  </testcase>
  <testcase name="testListStatusIteratorOnPageSize" classname="TestOzoneFileSystem" time="22.831">
    <system-out><![CDATA[2022-09-28 09:54:28,383 [Under Replicated Processor] INFO  replication.UnderReplicatedProcessor (UnderReplicatedProcessor.java:processAll(92)) - Processed 0 under replicated containers, failed processing 0
2022-09-28 09:54:28,392 [Over Replicated Processor] INFO  replication.OverReplicatedProcessor (OverReplicatedProcessor.java:processAll(90)) - Processed 0 over replicated containers, failed processing 0
]]></system-out>
  </testcase>
  <testcase name="testListStatusIteratorOnPageSize" classname="TestOzoneFileSystem" time="18.074">
    <system-out><![CDATA[2022-09-28 09:55:53,987 [Over Replicated Processor] INFO  replication.OverReplicatedProcessor (OverReplicatedProcessor.java:processAll(90)) - Processed 0 over replicated containers, failed processing 0
2022-09-28 09:55:54,013 [Under Replicated Processor] INFO  replication.UnderReplicatedProcessor (UnderReplicatedProcessor.java:processAll(92)) - Processed 0 under replicated containers, failed processing 0
]]></system-out>
  </testcase>
  <testcase name="testListStatusIteratorOnPageSize" classname="TestOzoneFileSystem" time="32.319">
    <system-out><![CDATA[2022-09-28 09:57:12,827 [Under Replicated Processor] INFO  replication.UnderReplicatedProcessor (UnderReplicatedProcessor.java:processAll(92)) - Processed 0 under replicated containers, failed processing 0
2022-09-28 09:57:12,836 [Over Replicated Processor] INFO  replication.OverReplicatedProcessor (OverReplicatedProcessor.java:processAll(90)) - Processed 0 over replicated containers, failed processing 0
]]></system-out>
  </testcase>
  <testcase name="testListStatusIteratorOnPageSize" classname="TestOzoneFileSystem" time="37.309">
    <system-out><![CDATA[2022-09-28 09:59:07,368 [80fc50c2-999b-4282-ba04-29b80da548ab@group-FCA6F6639A68-FollowerState] INFO  impl.FollowerState (FollowerState.java:run(143)) - 80fc50c2-999b-4282-ba04-29b80da548ab@group-FCA6F6639A68-FollowerState: change to CANDIDATE, lastRpcElapsedTime:5022165641ns, electionTimeout:5015ms
2022-09-28 09:59:07,368 [80fc50c2-999b-4282-ba04-29b80da548ab@group-FCA6F6639A68-FollowerState] INFO  impl.RoleInfo (RoleInfo.java:shutdownFollowerState(110)) - 80fc50c2-999b-4282-ba04-29b80da548ab: shutdown 80fc50c2-999b-4282-ba04-29b80da548ab@group-FCA6F6639A68-FollowerState
2022-09-28 09:59:07,368 [80fc50c2-999b-4282-ba04-29b80da548ab@group-FCA6F6639A68-FollowerState] INFO  server.RaftServer$Division (RaftServerImpl.java:setRole(299)) - 80fc50c2-999b-4282-ba04-29b80da548ab@group-FCA6F6639A68: changes role from  FOLLOWER to CANDIDATE at term 4 for changeToCandidate
2022-09-28 09:59:07,368 [80fc50c2-999b-4282-ba04-29b80da548ab@group-FCA6F6639A68-FollowerState] INFO  server.RaftServerConfigKeys (ConfUtils.java:logGet(46)) - raft.server.leaderelection.pre-vote = false (custom)
2022-09-28 09:59:07,368 [80fc50c2-999b-4282-ba04-29b80da548ab@group-FCA6F6639A68-FollowerState] INFO  impl.RoleInfo (RoleInfo.java:updateAndGet(139)) - 80fc50c2-999b-4282-ba04-29b80da548ab: start 80fc50c2-999b-4282-ba04-29b80da548ab@group-FCA6F6639A68-LeaderElection55
2022-09-28 09:59:07,420 [80fc50c2-999b-4282-ba04-29b80da548ab@group-FCA6F6639A68-LeaderElection55] INFO  impl.LeaderElection (LeaderElection.java:askForVotes(310)) - 80fc50c2-999b-4282-ba04-29b80da548ab@group-FCA6F6639A68-LeaderElection55 ELECTION round 0: submit vote requests at term 5 for -1: [fa5dce8c-80cb-4c43-9e0a-2a910fa20985|rpc:10.1.1.21:40407|dataStream:|priority:0, 9e9c1c6a-451f-46d5-9738-b004dc1aedb2|rpc:10.1.1.21:38097|dataStream:|priority:0, 80fc50c2-999b-4282-ba04-29b80da548ab|rpc:10.1.1.21:45007|dataStream:|priority:1], old=null
2022-09-28 09:59:07,475 [grpc-default-executor-1] INFO  server.RaftServer$Division (RaftServerImpl.java:requestVote(1152)) - fa5dce8c-80cb-4c43-9e0a-2a910fa20985@group-FCA6F6639A68: receive requestVote(ELECTION, 80fc50c2-999b-4282-ba04-29b80da548ab, group-FCA6F6639A68, 5, (t:0, i:0))
2022-09-28 09:59:07,475 [grpc-default-executor-1] INFO  impl.VoteContext (VoteContext.java:log(48)) - fa5dce8c-80cb-4c43-9e0a-2a910fa20985@group-FCA6F6639A68-FOLLOWER: accept ELECTION from 80fc50c2-999b-4282-ba04-29b80da548ab: our priority 0 <= candidate's priority 1
2022-09-28 09:59:07,476 [grpc-default-executor-1] INFO  server.RaftServer$Division (RaftServerImpl.java:setRole(299)) - fa5dce8c-80cb-4c43-9e0a-2a910fa20985@group-FCA6F6639A68: changes role from  FOLLOWER to FOLLOWER at term 5 for candidate:80fc50c2-999b-4282-ba04-29b80da548ab
2022-09-28 09:59:07,476 [grpc-default-executor-1] INFO  impl.RoleInfo (RoleInfo.java:shutdownFollowerState(110)) - fa5dce8c-80cb-4c43-9e0a-2a910fa20985: shutdown fa5dce8c-80cb-4c43-9e0a-2a910fa20985@group-FCA6F6639A68-FollowerState
2022-09-28 09:59:07,476 [grpc-default-executor-1] INFO  impl.RoleInfo (RoleInfo.java:updateAndGet(139)) - fa5dce8c-80cb-4c43-9e0a-2a910fa20985: start fa5dce8c-80cb-4c43-9e0a-2a910fa20985@group-FCA6F6639A68-FollowerState
2022-09-28 09:59:07,476 [fa5dce8c-80cb-4c43-9e0a-2a910fa20985@group-FCA6F6639A68-FollowerState] INFO  impl.FollowerState (FollowerState.java:run(152)) - fa5dce8c-80cb-4c43-9e0a-2a910fa20985@group-FCA6F6639A68-FollowerState was interrupted
2022-09-28 09:59:07,488 [grpc-default-executor-1] INFO  server.RaftServer$Division (RaftServerImpl.java:requestVote(1184)) - fa5dce8c-80cb-4c43-9e0a-2a910fa20985@group-FCA6F6639A68 replies to ELECTION vote request: 80fc50c2-999b-4282-ba04-29b80da548ab<-fa5dce8c-80cb-4c43-9e0a-2a910fa20985#0:OK-t5. Peer's state: fa5dce8c-80cb-4c43-9e0a-2a910fa20985@group-FCA6F6639A68:t5, leader=null, voted=80fc50c2-999b-4282-ba04-29b80da548ab, raftlog=fa5dce8c-80cb-4c43-9e0a-2a910fa20985@group-FCA6F6639A68-SegmentedRaftLog:OPENED:c-1, conf=-1: [fa5dce8c-80cb-4c43-9e0a-2a910fa20985|rpc:10.1.1.21:40407|dataStream:|priority:0, 9e9c1c6a-451f-46d5-9738-b004dc1aedb2|rpc:10.1.1.21:38097|dataStream:|priority:0, 80fc50c2-999b-4282-ba04-29b80da548ab|rpc:10.1.1.21:45007|dataStream:|priority:1], old=null
2022-09-28 09:59:07,491 [80fc50c2-999b-4282-ba04-29b80da548ab@group-FCA6F6639A68-LeaderElection55] INFO  impl.LeaderElection (LeaderElection.java:logAndReturn(90)) - 80fc50c2-999b-4282-ba04-29b80da548ab@group-FCA6F6639A68-LeaderElection55: ELECTION PASSED received 1 response(s) and 0 exception(s):
2022-09-28 09:59:07,491 [80fc50c2-999b-4282-ba04-29b80da548ab@group-FCA6F6639A68-LeaderElection55] INFO  impl.LeaderElection (LeaderElection.java:logAndReturn(94)) -   Response 0: 80fc50c2-999b-4282-ba04-29b80da548ab<-fa5dce8c-80cb-4c43-9e0a-2a910fa20985#0:OK-t5
2022-09-28 09:59:07,491 [80fc50c2-999b-4282-ba04-29b80da548ab@group-FCA6F6639A68-LeaderElection55] INFO  impl.LeaderElection (LeaderElection.java:askForVotes(312)) - 80fc50c2-999b-4282-ba04-29b80da548ab@group-FCA6F6639A68-LeaderElection55 ELECTION round 0: result PASSED
2022-09-28 09:59:07,491 [80fc50c2-999b-4282-ba04-29b80da548ab@group-FCA6F6639A68-LeaderElection55] INFO  impl.RoleInfo (RoleInfo.java:shutdownLeaderElection(130)) - 80fc50c2-999b-4282-ba04-29b80da548ab: shutdown 80fc50c2-999b-4282-ba04-29b80da548ab@group-FCA6F6639A68-LeaderElection55
2022-09-28 09:59:07,491 [80fc50c2-999b-4282-ba04-29b80da548ab@group-FCA6F6639A68-LeaderElection55] INFO  server.RaftServer$Division (RaftServerImpl.java:setRole(299)) - 80fc50c2-999b-4282-ba04-29b80da548ab@group-FCA6F6639A68: changes role from CANDIDATE to LEADER at term 5 for changeToLeader
2022-09-28 09:59:07,491 [80fc50c2-999b-4282-ba04-29b80da548ab@group-FCA6F6639A68-LeaderElection55] INFO  ratis.XceiverServerRatis (XceiverServerRatis.java:handleLeaderChangedNotification(863)) - Leader change notification received for group: group-FCA6F6639A68 with new leaderId: 80fc50c2-999b-4282-ba04-29b80da548ab
2022-09-28 09:59:07,491 [80fc50c2-999b-4282-ba04-29b80da548ab@group-FCA6F6639A68-LeaderElection55] INFO  server.RaftServer$Division (ServerState.java:setLeader(287)) - 80fc50c2-999b-4282-ba04-29b80da548ab@group-FCA6F6639A68: change Leader from null to 80fc50c2-999b-4282-ba04-29b80da548ab at term 5 for becomeLeader, leader elected after 26494ms
2022-09-28 09:59:07,491 [80fc50c2-999b-4282-ba04-29b80da548ab@group-FCA6F6639A68-LeaderElection55] INFO  server.RaftServerConfigKeys (ConfUtils.java:logGet(46)) - raft.server.staging.catchup.gap = 1000 (default)
2022-09-28 09:59:07,491 [80fc50c2-999b-4282-ba04-29b80da548ab@group-FCA6F6639A68-LeaderElection55] INFO  server.RaftServerConfigKeys (ConfUtils.java:logGet(46)) - raft.server.write.element-limit = 1024 (custom)
2022-09-28 09:59:07,491 [80fc50c2-999b-4282-ba04-29b80da548ab@group-FCA6F6639A68-LeaderElection55] INFO  server.RaftServerConfigKeys (ConfUtils.java:logGet(46)) - raft.server.write.byte-limit = 1024 M (=1073741824) (custom)
2022-09-28 09:59:07,492 [80fc50c2-999b-4282-ba04-29b80da548ab@group-FCA6F6639A68-LeaderElection55] INFO  server.RaftServerConfigKeys (ConfUtils.java:logGet(46)) - raft.server.watch.timeout = 180s (custom)
2022-09-28 09:59:07,492 [80fc50c2-999b-4282-ba04-29b80da548ab@group-FCA6F6639A68-LeaderElection55] INFO  server.RaftServerConfigKeys (ConfUtils.java:logGet(46)) - raft.server.watch.timeout.denomination = 1s (default)
2022-09-28 09:59:07,492 [80fc50c2-999b-4282-ba04-29b80da548ab@group-FCA6F6639A68-LeaderElection55] INFO  server.RaftServerConfigKeys (ConfUtils.java:logGet(46)) - raft.server.watch.element-limit = 65536 (default)
2022-09-28 09:59:07,492 [80fc50c2-999b-4282-ba04-29b80da548ab@group-FCA6F6639A68-LeaderElection55] INFO  server.RaftServerConfigKeys (ConfUtils.java:logGet(46)) - raft.server.write.element-limit = 1024 (custom)
2022-09-28 09:59:07,492 [80fc50c2-999b-4282-ba04-29b80da548ab@group-FCA6F6639A68-LeaderElection55] INFO  server.RaftServerConfigKeys (ConfUtils.java:logGet(46)) - raft.server.write.follower.gap.ratio.max = -1.0 (default)
2022-09-28 09:59:07,493 [80fc50c2-999b-4282-ba04-29b80da548ab@group-FCA6F6639A68-LeaderElection55] INFO  server.RaftServerConfigKeys (ConfUtils.java:logGet(46)) - raft.server.log.appender.snapshot.chunk.size.max = 16MB (=16777216) (default)
2022-09-28 09:59:07,493 [80fc50c2-999b-4282-ba04-29b80da548ab@group-FCA6F6639A68-LeaderElection55] INFO  server.RaftServerConfigKeys (ConfUtils.java:logGet(46)) - raft.server.log.appender.buffer.byte-limit = 33554432 (custom)
2022-09-28 09:59:07,493 [80fc50c2-999b-4282-ba04-29b80da548ab@group-FCA6F6639A68-LeaderElection55] INFO  server.RaftServerConfigKeys (ConfUtils.java:logGet(46)) - raft.server.log.appender.buffer.element-limit = 1 (custom)
2022-09-28 09:59:07,493 [80fc50c2-999b-4282-ba04-29b80da548ab@group-FCA6F6639A68-LeaderElection55] INFO  grpc.GrpcConfigKeys (ConfUtils.java:logGet(46)) - raft.grpc.server.leader.outstanding.appends.max = 128 (default)
2022-09-28 09:59:07,493 [80fc50c2-999b-4282-ba04-29b80da548ab@group-FCA6F6639A68-LeaderElection55] INFO  server.RaftServerConfigKeys (ConfUtils.java:logGet(46)) - raft.server.rpc.request.timeout = 60s (custom)
2022-09-28 09:59:07,493 [80fc50c2-999b-4282-ba04-29b80da548ab@group-FCA6F6639A68-LeaderElection55] INFO  server.RaftServerConfigKeys (ConfUtils.java:logGet(46)) - raft.server.log.appender.install.snapshot.enabled = false (custom)
2022-09-28 09:59:07,494 [80fc50c2-999b-4282-ba04-29b80da548ab@group-FCA6F6639A68-LeaderElection55] INFO  server.RaftServerConfigKeys (ConfUtils.java:logGet(46)) - raft.server.log.appender.snapshot.chunk.size.max = 16MB (=16777216) (default)
2022-09-28 09:59:07,494 [80fc50c2-999b-4282-ba04-29b80da548ab@group-FCA6F6639A68-LeaderElection55] INFO  server.RaftServerConfigKeys (ConfUtils.java:logGet(46)) - raft.server.log.appender.buffer.byte-limit = 33554432 (custom)
2022-09-28 09:59:07,494 [80fc50c2-999b-4282-ba04-29b80da548ab@group-FCA6F6639A68-LeaderElection55] INFO  server.RaftServerConfigKeys (ConfUtils.java:logGet(46)) - raft.server.log.appender.buffer.element-limit = 1 (custom)
2022-09-28 09:59:07,494 [80fc50c2-999b-4282-ba04-29b80da548ab@group-FCA6F6639A68-LeaderElection55] INFO  grpc.GrpcConfigKeys (ConfUtils.java:logGet(46)) - raft.grpc.server.leader.outstanding.appends.max = 128 (default)
2022-09-28 09:59:07,494 [80fc50c2-999b-4282-ba04-29b80da548ab@group-FCA6F6639A68-LeaderElection55] INFO  server.RaftServerConfigKeys (ConfUtils.java:logGet(46)) - raft.server.rpc.request.timeout = 60s (custom)
2022-09-28 09:59:07,494 [80fc50c2-999b-4282-ba04-29b80da548ab@group-FCA6F6639A68-LeaderElection55] INFO  server.RaftServerConfigKeys (ConfUtils.java:logGet(46)) - raft.server.log.appender.install.snapshot.enabled = false (custom)
2022-09-28 09:59:07,494 [80fc50c2-999b-4282-ba04-29b80da548ab@group-FCA6F6639A68-LeaderElection55] INFO  impl.RoleInfo (RoleInfo.java:updateAndGet(139)) - 80fc50c2-999b-4282-ba04-29b80da548ab: start 80fc50c2-999b-4282-ba04-29b80da548ab@group-FCA6F6639A68-LeaderStateImpl
2022-09-28 09:59:07,495 [80fc50c2-999b-4282-ba04-29b80da548ab@group-FCA6F6639A68-LeaderElection55] INFO  segmented.SegmentedRaftLogWorker (SegmentedRaftLogWorker.java:startLogSegment(425)) - 80fc50c2-999b-4282-ba04-29b80da548ab@group-FCA6F6639A68-SegmentedRaftLogWorker: Starting segment from index:0
2022-09-28 09:59:07,496 [80fc50c2-999b-4282-ba04-29b80da548ab@group-FCA6F6639A68-SegmentedRaftLogWorker] INFO  segmented.SegmentedRaftLogWorker (SegmentedRaftLogWorker.java:execute(629)) - 80fc50c2-999b-4282-ba04-29b80da548ab@group-FCA6F6639A68-SegmentedRaftLogWorker: created new log segment /home/runner/work/ozone/ozone/hadoop-ozone/integration-test/target/test-dir/MiniOzoneClusterImpl-010780ea-650b-44a2-9cb2-deec812f3cdf/datanode-0/data/ratis/a67a74ce-c061-484f-9227-fca6f6639a68/current/log_inprogress_0
2022-09-28 09:59:07,538 [80fc50c2-999b-4282-ba04-29b80da548ab@group-FCA6F6639A68-LeaderElection55] INFO  server.RaftServer$Division (ServerState.java:setRaftConf(393)) - 80fc50c2-999b-4282-ba04-29b80da548ab@group-FCA6F6639A68: set configuration 0: [fa5dce8c-80cb-4c43-9e0a-2a910fa20985|rpc:10.1.1.21:40407|dataStream:|priority:0, 9e9c1c6a-451f-46d5-9738-b004dc1aedb2|rpc:10.1.1.21:38097|dataStream:|priority:0, 80fc50c2-999b-4282-ba04-29b80da548ab|rpc:10.1.1.21:45007|dataStream:|priority:1], old=null
2022-09-28 09:59:07,553 [EventQueue-PipelineReportForPipelineReportHandler] INFO  pipeline.PipelineManagerImpl (PipelineManagerImpl.java:openPipeline(367)) - Pipeline Pipeline[ Id: a67a74ce-c061-484f-9227-fca6f6639a68, Nodes: 80fc50c2-999b-4282-ba04-29b80da548ab{ip: 10.1.1.21, host: fv-az204-790.d0ggoinxmwcejgojbuqly40l0e.cx.internal.cloudapp.net, ports: [REPLICATION=35443, RATIS=45007, RATIS_ADMIN=45007, RATIS_SERVER=45007, STANDALONE=35327], networkLocation: /default-rack, certSerialId: null, persistedOpState: IN_SERVICE, persistedOpStateExpiryEpochSec: 0}fa5dce8c-80cb-4c43-9e0a-2a910fa20985{ip: 10.1.1.21, host: fv-az204-790.d0ggoinxmwcejgojbuqly40l0e.cx.internal.cloudapp.net, ports: [REPLICATION=37109, RATIS=40407, RATIS_ADMIN=40407, RATIS_SERVER=40407, STANDALONE=41339], networkLocation: /default-rack, certSerialId: null, persistedOpState: IN_SERVICE, persistedOpStateExpiryEpochSec: 0}9e9c1c6a-451f-46d5-9738-b004dc1aedb2{ip: 10.1.1.21, host: fv-az204-790.d0ggoinxmwcejgojbuqly40l0e.cx.internal.cloudapp.net, ports: [REPLICATION=44767, RATIS=38097, RATIS_ADMIN=38097, RATIS_SERVER=38097, STANDALONE=34747], networkLocation: /default-rack, certSerialId: null, persistedOpState: IN_SERVICE, persistedOpStateExpiryEpochSec: 0}, ReplicationConfig: RATIS/THREE, State:ALLOCATED, leaderId:80fc50c2-999b-4282-ba04-29b80da548ab, CreationTimestamp2022-09-28T09:58:39.606Z[Etc/UTC]] moved to OPEN state
2022-09-28 09:59:07,616 [grpc-default-executor-4] INFO  server.RaftServer$Division (RaftServerImpl.java:requestVote(1152)) - 9e9c1c6a-451f-46d5-9738-b004dc1aedb2@group-FCA6F6639A68: receive requestVote(ELECTION, 80fc50c2-999b-4282-ba04-29b80da548ab, group-FCA6F6639A68, 5, (t:0, i:0))
2022-09-28 09:59:07,617 [grpc-default-executor-4] INFO  impl.VoteContext (VoteContext.java:log(48)) - 9e9c1c6a-451f-46d5-9738-b004dc1aedb2@group-FCA6F6639A68-FOLLOWER: accept ELECTION from 80fc50c2-999b-4282-ba04-29b80da548ab: our priority 0 <= candidate's priority 1
2022-09-28 09:59:07,617 [grpc-default-executor-4] INFO  server.RaftServer$Division (RaftServerImpl.java:setRole(299)) - 9e9c1c6a-451f-46d5-9738-b004dc1aedb2@group-FCA6F6639A68: changes role from  FOLLOWER to FOLLOWER at term 5 for candidate:80fc50c2-999b-4282-ba04-29b80da548ab
2022-09-28 09:59:07,617 [grpc-default-executor-4] INFO  impl.RoleInfo (RoleInfo.java:shutdownFollowerState(110)) - 9e9c1c6a-451f-46d5-9738-b004dc1aedb2: shutdown 9e9c1c6a-451f-46d5-9738-b004dc1aedb2@group-FCA6F6639A68-FollowerState
2022-09-28 09:59:07,617 [grpc-default-executor-4] INFO  impl.RoleInfo (RoleInfo.java:updateAndGet(139)) - 9e9c1c6a-451f-46d5-9738-b004dc1aedb2: start 9e9c1c6a-451f-46d5-9738-b004dc1aedb2@group-FCA6F6639A68-FollowerState
2022-09-28 09:59:07,617 [9e9c1c6a-451f-46d5-9738-b004dc1aedb2@group-FCA6F6639A68-FollowerState] INFO  impl.FollowerState (FollowerState.java:run(152)) - 9e9c1c6a-451f-46d5-9738-b004dc1aedb2@group-FCA6F6639A68-FollowerState was interrupted
2022-09-28 09:59:07,634 [grpc-default-executor-4] INFO  server.RaftServer$Division (RaftServerImpl.java:requestVote(1184)) - 9e9c1c6a-451f-46d5-9738-b004dc1aedb2@group-FCA6F6639A68 replies to ELECTION vote request: 80fc50c2-999b-4282-ba04-29b80da548ab<-9e9c1c6a-451f-46d5-9738-b004dc1aedb2#0:OK-t5. Peer's state: 9e9c1c6a-451f-46d5-9738-b004dc1aedb2@group-FCA6F6639A68:t5, leader=null, voted=80fc50c2-999b-4282-ba04-29b80da548ab, raftlog=9e9c1c6a-451f-46d5-9738-b004dc1aedb2@group-FCA6F6639A68-SegmentedRaftLog:OPENED:c-1, conf=-1: [fa5dce8c-80cb-4c43-9e0a-2a910fa20985|rpc:10.1.1.21:40407|priority:0, 9e9c1c6a-451f-46d5-9738-b004dc1aedb2|rpc:10.1.1.21:38097|priority:0, 80fc50c2-999b-4282-ba04-29b80da548ab|rpc:10.1.1.21:45007|priority:1], old=null
2022-09-28 09:59:07,651 [fa5dce8c-80cb-4c43-9e0a-2a910fa20985-server-thread1] INFO  ratis.XceiverServerRatis (XceiverServerRatis.java:handleLeaderChangedNotification(863)) - Leader change notification received for group: group-FCA6F6639A68 with new leaderId: 80fc50c2-999b-4282-ba04-29b80da548ab
2022-09-28 09:59:07,651 [fa5dce8c-80cb-4c43-9e0a-2a910fa20985-server-thread1] INFO  server.RaftServer$Division (ServerState.java:setLeader(287)) - fa5dce8c-80cb-4c43-9e0a-2a910fa20985@group-FCA6F6639A68: change Leader from null to 80fc50c2-999b-4282-ba04-29b80da548ab at term 5 for appendEntries, leader elected after 26514ms
2022-09-28 09:59:07,701 [9e9c1c6a-451f-46d5-9738-b004dc1aedb2-server-thread1] INFO  ratis.XceiverServerRatis (XceiverServerRatis.java:handleLeaderChangedNotification(863)) - Leader change notification received for group: group-FCA6F6639A68 with new leaderId: 80fc50c2-999b-4282-ba04-29b80da548ab
2022-09-28 09:59:07,701 [9e9c1c6a-451f-46d5-9738-b004dc1aedb2-server-thread1] INFO  server.RaftServer$Division (ServerState.java:setLeader(287)) - 9e9c1c6a-451f-46d5-9738-b004dc1aedb2@group-FCA6F6639A68: change Leader from null to 80fc50c2-999b-4282-ba04-29b80da548ab at term 5 for appendEntries, leader elected after 26888ms
2022-09-28 09:59:07,713 [fa5dce8c-80cb-4c43-9e0a-2a910fa20985-server-thread1] INFO  server.RaftServer$Division (ServerState.java:setRaftConf(393)) - fa5dce8c-80cb-4c43-9e0a-2a910fa20985@group-FCA6F6639A68: set configuration 0: [fa5dce8c-80cb-4c43-9e0a-2a910fa20985|rpc:10.1.1.21:40407|dataStream:|priority:0, 9e9c1c6a-451f-46d5-9738-b004dc1aedb2|rpc:10.1.1.21:38097|dataStream:|priority:0, 80fc50c2-999b-4282-ba04-29b80da548ab|rpc:10.1.1.21:45007|dataStream:|priority:1], old=null
2022-09-28 09:59:07,714 [fa5dce8c-80cb-4c43-9e0a-2a910fa20985-server-thread1] INFO  segmented.SegmentedRaftLogWorker (SegmentedRaftLogWorker.java:startLogSegment(425)) - fa5dce8c-80cb-4c43-9e0a-2a910fa20985@group-FCA6F6639A68-SegmentedRaftLogWorker: Starting segment from index:0
2022-09-28 09:59:07,715 [9e9c1c6a-451f-46d5-9738-b004dc1aedb2-server-thread1] INFO  server.RaftServer$Division (ServerState.java:setRaftConf(393)) - 9e9c1c6a-451f-46d5-9738-b004dc1aedb2@group-FCA6F6639A68: set configuration 0: [fa5dce8c-80cb-4c43-9e0a-2a910fa20985|rpc:10.1.1.21:40407|dataStream:|priority:0, 9e9c1c6a-451f-46d5-9738-b004dc1aedb2|rpc:10.1.1.21:38097|dataStream:|priority:0, 80fc50c2-999b-4282-ba04-29b80da548ab|rpc:10.1.1.21:45007|dataStream:|priority:1], old=null
2022-09-28 09:59:07,715 [9e9c1c6a-451f-46d5-9738-b004dc1aedb2-server-thread1] INFO  segmented.SegmentedRaftLogWorker (SegmentedRaftLogWorker.java:startLogSegment(425)) - 9e9c1c6a-451f-46d5-9738-b004dc1aedb2@group-FCA6F6639A68-SegmentedRaftLogWorker: Starting segment from index:0
2022-09-28 09:59:07,717 [9e9c1c6a-451f-46d5-9738-b004dc1aedb2@group-FCA6F6639A68-SegmentedRaftLogWorker] INFO  segmented.SegmentedRaftLogWorker (SegmentedRaftLogWorker.java:execute(629)) - 9e9c1c6a-451f-46d5-9738-b004dc1aedb2@group-FCA6F6639A68-SegmentedRaftLogWorker: created new log segment /home/runner/work/ozone/ozone/hadoop-ozone/integration-test/target/test-dir/MiniOzoneClusterImpl-010780ea-650b-44a2-9cb2-deec812f3cdf/datanode-1/data/ratis/a67a74ce-c061-484f-9227-fca6f6639a68/current/log_inprogress_0
2022-09-28 09:59:07,717 [fa5dce8c-80cb-4c43-9e0a-2a910fa20985@group-FCA6F6639A68-SegmentedRaftLogWorker] INFO  segmented.SegmentedRaftLogWorker (SegmentedRaftLogWorker.java:execute(629)) - fa5dce8c-80cb-4c43-9e0a-2a910fa20985@group-FCA6F6639A68-SegmentedRaftLogWorker: created new log segment /home/runner/work/ozone/ozone/hadoop-ozone/integration-test/target/test-dir/MiniOzoneClusterImpl-010780ea-650b-44a2-9cb2-deec812f3cdf/datanode-2/data/ratis/a67a74ce-c061-484f-9227-fca6f6639a68/current/log_inprogress_0
2022-09-28 09:59:26,524 [Under Replicated Processor] INFO  replication.UnderReplicatedProcessor (UnderReplicatedProcessor.java:processAll(92)) - Processed 0 under replicated containers, failed processing 0
2022-09-28 09:59:26,557 [Over Replicated Processor] INFO  replication.OverReplicatedProcessor (OverReplicatedProcessor.java:processAll(90)) - Processed 0 over replicated containers, failed processing 0
2022-09-28 09:59:30,449 [IPC Server handler 8 on default port 40695] INFO  ha.SequenceIdGenerator (SequenceIdGenerator.java:getNextId(128)) - Allocate a batch for delTxnId, change lastId from 0 to 1000.
]]></system-out>
  </testcase>
  <testcase name="testRenameToTrashEnabled" classname="TestOzoneFileSystem" time="0.128">
    <system-out><![CDATA[09:54:45.700 [IPC Server handler 19 on default port 33915] ERROR OMAudit - user=runner | ip=127.0.0.1 | op=GET_FILE_STATUS {volume=volume02959, bucket=bucket36363, key=.Trash/runner/Current/testKey1, dataSize=0, replicationConfig=null} | ret=FAILURE
org.apache.hadoop.ozone.om.exceptions.OMException: Unable to get file status: volume: volume02959 bucket: bucket36363 key: .Trash/runner/Current/testKey1
	at org.apache.hadoop.ozone.om.KeyManagerImpl.getOzoneFileStatus(KeyManagerImpl.java:1324) ~[ozone-manager-1.3.0-SNAPSHOT.jar:?]
	at org.apache.hadoop.ozone.om.KeyManagerImpl.getFileStatus(KeyManagerImpl.java:1254) ~[ozone-manager-1.3.0-SNAPSHOT.jar:?]
	at org.apache.hadoop.ozone.om.OzoneManager.getFileStatus(OzoneManager.java:3506) ~[ozone-manager-1.3.0-SNAPSHOT.jar:?]
	at org.apache.hadoop.ozone.protocolPB.OzoneManagerRequestHandler.getOzoneFileStatus(OzoneManagerRequestHandler.java:882) ~[ozone-manager-1.3.0-SNAPSHOT.jar:?]
	at org.apache.hadoop.ozone.protocolPB.OzoneManagerRequestHandler.handleReadRequest(OzoneManagerRequestHandler.java:228) ~[ozone-manager-1.3.0-SNAPSHOT.jar:?]
	at org.apache.hadoop.ozone.protocolPB.OzoneManagerProtocolServerSideTranslatorPB.submitReadRequestToOM(OzoneManagerProtocolServerSideTranslatorPB.java:226) ~[ozone-manager-1.3.0-SNAPSHOT.jar:?]
	at org.apache.hadoop.ozone.protocolPB.OzoneManagerProtocolServerSideTranslatorPB.processRequest(OzoneManagerProtocolServerSideTranslatorPB.java:175) ~[ozone-manager-1.3.0-SNAPSHOT.jar:?]
	at org.apache.hadoop.hdds.server.OzoneProtocolMessageDispatcher.processRequest(OzoneProtocolMessageDispatcher.java:87) [hdds-server-framework-1.3.0-SNAPSHOT.jar:?]
	at org.apache.hadoop.ozone.protocolPB.OzoneManagerProtocolServerSideTranslatorPB.submitRequest(OzoneManagerProtocolServerSideTranslatorPB.java:147) [ozone-manager-1.3.0-SNAPSHOT.jar:?]
	at org.apache.hadoop.ozone.protocol.proto.OzoneManagerProtocolProtos$OzoneManagerService$2.callBlockingMethod(OzoneManagerProtocolProtos.java) [ozone-interface-client-1.3.0-SNAPSHOT.jar:?]
	at org.apache.hadoop.ipc.ProtobufRpcEngine$Server.processCall(ProtobufRpcEngine.java:466) [hadoop-common-3.3.1.jar:?]
	at org.apache.hadoop.ipc.ProtobufRpcEngine2$Server$ProtoBufRpcInvoker.call(ProtobufRpcEngine2.java:574) [hadoop-common-3.3.1.jar:?]
	at org.apache.hadoop.ipc.ProtobufRpcEngine2$Server$ProtoBufRpcInvoker.call(ProtobufRpcEngine2.java:552) [hadoop-common-3.3.1.jar:?]
	at org.apache.hadoop.ipc.RPC$Server.call(RPC.java:1093) [hadoop-common-3.3.1.jar:?]
	at org.apache.hadoop.ipc.Server$RpcCall.run(Server.java:1035) [hadoop-common-3.3.1.jar:?]
	at org.apache.hadoop.ipc.Server$RpcCall.run(Server.java:963) [hadoop-common-3.3.1.jar:?]
	at java.security.AccessController.doPrivileged(Native Method) ~[?:1.8.0_345]
	at javax.security.auth.Subject.doAs(Subject.java:422) [?:1.8.0_345]
	at org.apache.hadoop.security.UserGroupInformation.doAs(UserGroupInformation.java:1878) [hadoop-common-3.3.1.jar:?]
	at org.apache.hadoop.ipc.Server$Handler.run(Server.java:2966) [hadoop-common-3.3.1.jar:?]
2022-09-28 09:54:45,701 [Time-limited test] WARN  ozone.BasicOzoneFileSystem (BasicOzoneFileSystem.java:getFileStatus(765)) - GetFileStatus failed for path /.Trash/runner/Current/testKey1
java.io.FileNotFoundException: .Trash/runner/Current/testKey1: No such file or directory!
	at org.apache.hadoop.fs.ozone.BasicOzoneClientAdapterImpl.getFileStatus(BasicOzoneClientAdapterImpl.java:369)
	at org.apache.hadoop.fs.ozone.BasicOzoneFileSystem.getFileStatus(BasicOzoneFileSystem.java:757)
	at org.apache.hadoop.fs.FileSystem.exists(FileSystem.java:1760)
	at org.apache.hadoop.fs.ozone.BasicOzoneFileSystem.exists(BasicOzoneFileSystem.java:804)
	at org.apache.hadoop.fs.TrashPolicyDefault.moveToTrash(TrashPolicyDefault.java:181)
	at org.apache.hadoop.fs.Trash.moveToTrash(Trash.java:110)
	at org.apache.hadoop.fs.ozone.TestOzoneFileSystem.testRenameToTrashEnabled(TestOzoneFileSystem.java:1512)
	at sun.reflect.NativeMethodAccessorImpl.invoke0(Native Method)
	at sun.reflect.NativeMethodAccessorImpl.invoke(NativeMethodAccessorImpl.java:62)
	at sun.reflect.DelegatingMethodAccessorImpl.invoke(DelegatingMethodAccessorImpl.java:43)
	at java.lang.reflect.Method.invoke(Method.java:498)
	at org.junit.runners.model.FrameworkMethod$1.runReflectiveCall(FrameworkMethod.java:59)
	at org.junit.internal.runners.model.ReflectiveCallable.run(ReflectiveCallable.java:12)
	at org.junit.runners.model.FrameworkMethod.invokeExplosively(FrameworkMethod.java:56)
	at org.junit.internal.runners.statements.InvokeMethod.evaluate(InvokeMethod.java:17)
	at org.junit.internal.runners.statements.RunAfters.evaluate(RunAfters.java:27)
	at org.junit.internal.runners.statements.FailOnTimeout$CallableStatement.call(FailOnTimeout.java:288)
	at org.junit.internal.runners.statements.FailOnTimeout$CallableStatement.call(FailOnTimeout.java:282)
	at java.util.concurrent.FutureTask.run(FutureTask.java:266)
	at java.lang.Thread.run(Thread.java:750)
09:54:45.703 [IPC Server handler 0 on default port 33915] ERROR OMAudit - user=runner | ip=127.0.0.1 | op=GET_FILE_STATUS {volume=volume02959, bucket=bucket36363, key=.Trash/runner/Current/testKey1, dataSize=0, replicationConfig=null} | ret=FAILURE
org.apache.hadoop.ozone.om.exceptions.OMException: Unable to get file status: volume: volume02959 bucket: bucket36363 key: .Trash/runner/Current/testKey1
	at org.apache.hadoop.ozone.om.KeyManagerImpl.getOzoneFileStatus(KeyManagerImpl.java:1324) ~[ozone-manager-1.3.0-SNAPSHOT.jar:?]
	at org.apache.hadoop.ozone.om.KeyManagerImpl.getFileStatus(KeyManagerImpl.java:1254) ~[ozone-manager-1.3.0-SNAPSHOT.jar:?]
	at org.apache.hadoop.ozone.om.OzoneManager.getFileStatus(OzoneManager.java:3506) ~[ozone-manager-1.3.0-SNAPSHOT.jar:?]
	at org.apache.hadoop.ozone.protocolPB.OzoneManagerRequestHandler.getOzoneFileStatus(OzoneManagerRequestHandler.java:882) ~[ozone-manager-1.3.0-SNAPSHOT.jar:?]
	at org.apache.hadoop.ozone.protocolPB.OzoneManagerRequestHandler.handleReadRequest(OzoneManagerRequestHandler.java:228) ~[ozone-manager-1.3.0-SNAPSHOT.jar:?]
	at org.apache.hadoop.ozone.protocolPB.OzoneManagerProtocolServerSideTranslatorPB.submitReadRequestToOM(OzoneManagerProtocolServerSideTranslatorPB.java:226) ~[ozone-manager-1.3.0-SNAPSHOT.jar:?]
	at org.apache.hadoop.ozone.protocolPB.OzoneManagerProtocolServerSideTranslatorPB.processRequest(OzoneManagerProtocolServerSideTranslatorPB.java:175) ~[ozone-manager-1.3.0-SNAPSHOT.jar:?]
	at org.apache.hadoop.hdds.server.OzoneProtocolMessageDispatcher.processRequest(OzoneProtocolMessageDispatcher.java:87) [hdds-server-framework-1.3.0-SNAPSHOT.jar:?]
	at org.apache.hadoop.ozone.protocolPB.OzoneManagerProtocolServerSideTranslatorPB.submitRequest(OzoneManagerProtocolServerSideTranslatorPB.java:147) [ozone-manager-1.3.0-SNAPSHOT.jar:?]
	at org.apache.hadoop.ozone.protocol.proto.OzoneManagerProtocolProtos$OzoneManagerService$2.callBlockingMethod(OzoneManagerProtocolProtos.java) [ozone-interface-client-1.3.0-SNAPSHOT.jar:?]
	at org.apache.hadoop.ipc.ProtobufRpcEngine$Server.processCall(ProtobufRpcEngine.java:466) [hadoop-common-3.3.1.jar:?]
	at org.apache.hadoop.ipc.ProtobufRpcEngine2$Server$ProtoBufRpcInvoker.call(ProtobufRpcEngine2.java:574) [hadoop-common-3.3.1.jar:?]
	at org.apache.hadoop.ipc.ProtobufRpcEngine2$Server$ProtoBufRpcInvoker.call(ProtobufRpcEngine2.java:552) [hadoop-common-3.3.1.jar:?]
	at org.apache.hadoop.ipc.RPC$Server.call(RPC.java:1093) [hadoop-common-3.3.1.jar:?]
	at org.apache.hadoop.ipc.Server$RpcCall.run(Server.java:1035) [hadoop-common-3.3.1.jar:?]
	at org.apache.hadoop.ipc.Server$RpcCall.run(Server.java:963) [hadoop-common-3.3.1.jar:?]
	at java.security.AccessController.doPrivileged(Native Method) ~[?:1.8.0_345]
	at javax.security.auth.Subject.doAs(Subject.java:422) [?:1.8.0_345]
	at org.apache.hadoop.security.UserGroupInformation.doAs(UserGroupInformation.java:1878) [hadoop-common-3.3.1.jar:?]
	at org.apache.hadoop.ipc.Server$Handler.run(Server.java:2966) [hadoop-common-3.3.1.jar:?]
2022-09-28 09:54:45,703 [Time-limited test] WARN  ozone.BasicOzoneFileSystem (BasicOzoneFileSystem.java:getFileStatus(765)) - GetFileStatus failed for path /.Trash/runner/Current/testKey1
java.io.FileNotFoundException: .Trash/runner/Current/testKey1: No such file or directory!
	at org.apache.hadoop.fs.ozone.BasicOzoneClientAdapterImpl.getFileStatus(BasicOzoneClientAdapterImpl.java:369)
	at org.apache.hadoop.fs.ozone.BasicOzoneFileSystem.getFileStatus(BasicOzoneFileSystem.java:757)
	at org.apache.hadoop.fs.ozone.BasicOzoneFileSystem.rename(BasicOzoneFileSystem.java:357)
	at org.apache.hadoop.fs.ozone.BasicOzoneFileSystem.rename(BasicOzoneFileSystem.java:454)
	at org.apache.hadoop.fs.TrashPolicyDefault.moveToTrash(TrashPolicyDefault.java:186)
	at org.apache.hadoop.fs.Trash.moveToTrash(Trash.java:110)
	at org.apache.hadoop.fs.ozone.TestOzoneFileSystem.testRenameToTrashEnabled(TestOzoneFileSystem.java:1512)
	at sun.reflect.NativeMethodAccessorImpl.invoke0(Native Method)
	at sun.reflect.NativeMethodAccessorImpl.invoke(NativeMethodAccessorImpl.java:62)
	at sun.reflect.DelegatingMethodAccessorImpl.invoke(DelegatingMethodAccessorImpl.java:43)
	at java.lang.reflect.Method.invoke(Method.java:498)
	at org.junit.runners.model.FrameworkMethod$1.runReflectiveCall(FrameworkMethod.java:59)
	at org.junit.internal.runners.model.ReflectiveCallable.run(ReflectiveCallable.java:12)
	at org.junit.runners.model.FrameworkMethod.invokeExplosively(FrameworkMethod.java:56)
	at org.junit.internal.runners.statements.InvokeMethod.evaluate(InvokeMethod.java:17)
	at org.junit.internal.runners.statements.RunAfters.evaluate(RunAfters.java:27)
	at org.junit.internal.runners.statements.FailOnTimeout$CallableStatement.call(FailOnTimeout.java:288)
	at org.junit.internal.runners.statements.FailOnTimeout$CallableStatement.call(FailOnTimeout.java:282)
	at java.util.concurrent.FutureTask.run(FutureTask.java:266)
	at java.lang.Thread.run(Thread.java:750)
2022-09-28 09:54:45,709 [Time-limited test] INFO  fs.TrashPolicyDefault (TrashPolicyDefault.java:moveToTrash(188)) - Moved: '/testKey1' to trash at: /.Trash/runner/Current/testKey1
]]></system-out>
  </testcase>
  <testcase name="testRenameToTrashEnabled" classname="TestOzoneFileSystem" time="0.573">
    <system-out><![CDATA[09:56:05.898 [IPC Server handler 4 on default port 43879] ERROR OMAudit - user=runner | ip=127.0.0.1 | op=GET_FILE_STATUS {volume=volume99279, bucket=bucket29095, key=.Trash/runner/Current/testKey1, dataSize=0, replicationConfig=null} | ret=FAILURE
org.apache.hadoop.ozone.om.exceptions.OMException: Unable to get file status: volume: volume99279 bucket: bucket29095 key: .Trash/runner/Current/testKey1
	at org.apache.hadoop.ozone.om.KeyManagerImpl.getOzoneFileStatus(KeyManagerImpl.java:1324) ~[ozone-manager-1.3.0-SNAPSHOT.jar:?]
	at org.apache.hadoop.ozone.om.KeyManagerImpl.getFileStatus(KeyManagerImpl.java:1254) ~[ozone-manager-1.3.0-SNAPSHOT.jar:?]
	at org.apache.hadoop.ozone.om.OzoneManager.getFileStatus(OzoneManager.java:3506) ~[ozone-manager-1.3.0-SNAPSHOT.jar:?]
	at org.apache.hadoop.ozone.protocolPB.OzoneManagerRequestHandler.getOzoneFileStatus(OzoneManagerRequestHandler.java:882) ~[ozone-manager-1.3.0-SNAPSHOT.jar:?]
	at org.apache.hadoop.ozone.protocolPB.OzoneManagerRequestHandler.handleReadRequest(OzoneManagerRequestHandler.java:228) ~[ozone-manager-1.3.0-SNAPSHOT.jar:?]
	at org.apache.hadoop.ozone.protocolPB.OzoneManagerProtocolServerSideTranslatorPB.submitRequestDirectlyToOM(OzoneManagerProtocolServerSideTranslatorPB.java:276) ~[ozone-manager-1.3.0-SNAPSHOT.jar:?]
	at org.apache.hadoop.ozone.protocolPB.OzoneManagerProtocolServerSideTranslatorPB.processRequest(OzoneManagerProtocolServerSideTranslatorPB.java:205) ~[ozone-manager-1.3.0-SNAPSHOT.jar:?]
	at org.apache.hadoop.hdds.server.OzoneProtocolMessageDispatcher.processRequest(OzoneProtocolMessageDispatcher.java:87) [hdds-server-framework-1.3.0-SNAPSHOT.jar:?]
	at org.apache.hadoop.ozone.protocolPB.OzoneManagerProtocolServerSideTranslatorPB.submitRequest(OzoneManagerProtocolServerSideTranslatorPB.java:147) [ozone-manager-1.3.0-SNAPSHOT.jar:?]
	at org.apache.hadoop.ozone.protocol.proto.OzoneManagerProtocolProtos$OzoneManagerService$2.callBlockingMethod(OzoneManagerProtocolProtos.java) [ozone-interface-client-1.3.0-SNAPSHOT.jar:?]
	at org.apache.hadoop.ipc.ProtobufRpcEngine$Server.processCall(ProtobufRpcEngine.java:466) [hadoop-common-3.3.1.jar:?]
	at org.apache.hadoop.ipc.ProtobufRpcEngine2$Server$ProtoBufRpcInvoker.call(ProtobufRpcEngine2.java:574) [hadoop-common-3.3.1.jar:?]
	at org.apache.hadoop.ipc.ProtobufRpcEngine2$Server$ProtoBufRpcInvoker.call(ProtobufRpcEngine2.java:552) [hadoop-common-3.3.1.jar:?]
	at org.apache.hadoop.ipc.RPC$Server.call(RPC.java:1093) [hadoop-common-3.3.1.jar:?]
	at org.apache.hadoop.ipc.Server$RpcCall.run(Server.java:1035) [hadoop-common-3.3.1.jar:?]
	at org.apache.hadoop.ipc.Server$RpcCall.run(Server.java:963) [hadoop-common-3.3.1.jar:?]
	at java.security.AccessController.doPrivileged(Native Method) ~[?:1.8.0_345]
	at javax.security.auth.Subject.doAs(Subject.java:422) [?:1.8.0_345]
	at org.apache.hadoop.security.UserGroupInformation.doAs(UserGroupInformation.java:1878) [hadoop-common-3.3.1.jar:?]
	at org.apache.hadoop.ipc.Server$Handler.run(Server.java:2966) [hadoop-common-3.3.1.jar:?]
2022-09-28 09:56:05,899 [Time-limited test] WARN  ozone.BasicOzoneFileSystem (BasicOzoneFileSystem.java:getFileStatus(765)) - GetFileStatus failed for path /.Trash/runner/Current/testKey1
java.io.FileNotFoundException: .Trash/runner/Current/testKey1: No such file or directory!
	at org.apache.hadoop.fs.ozone.BasicOzoneClientAdapterImpl.getFileStatus(BasicOzoneClientAdapterImpl.java:369)
	at org.apache.hadoop.fs.ozone.BasicOzoneFileSystem.getFileStatus(BasicOzoneFileSystem.java:757)
	at org.apache.hadoop.fs.FileSystem.exists(FileSystem.java:1760)
	at org.apache.hadoop.fs.ozone.BasicOzoneFileSystem.exists(BasicOzoneFileSystem.java:804)
	at org.apache.hadoop.fs.TrashPolicyDefault.moveToTrash(TrashPolicyDefault.java:181)
	at org.apache.hadoop.fs.Trash.moveToTrash(Trash.java:110)
	at org.apache.hadoop.fs.ozone.TestOzoneFileSystem.testRenameToTrashEnabled(TestOzoneFileSystem.java:1512)
	at sun.reflect.NativeMethodAccessorImpl.invoke0(Native Method)
	at sun.reflect.NativeMethodAccessorImpl.invoke(NativeMethodAccessorImpl.java:62)
	at sun.reflect.DelegatingMethodAccessorImpl.invoke(DelegatingMethodAccessorImpl.java:43)
	at java.lang.reflect.Method.invoke(Method.java:498)
	at org.junit.runners.model.FrameworkMethod$1.runReflectiveCall(FrameworkMethod.java:59)
	at org.junit.internal.runners.model.ReflectiveCallable.run(ReflectiveCallable.java:12)
	at org.junit.runners.model.FrameworkMethod.invokeExplosively(FrameworkMethod.java:56)
	at org.junit.internal.runners.statements.InvokeMethod.evaluate(InvokeMethod.java:17)
	at org.junit.internal.runners.statements.RunAfters.evaluate(RunAfters.java:27)
	at org.junit.internal.runners.statements.FailOnTimeout$CallableStatement.call(FailOnTimeout.java:288)
	at org.junit.internal.runners.statements.FailOnTimeout$CallableStatement.call(FailOnTimeout.java:282)
	at java.util.concurrent.FutureTask.run(FutureTask.java:266)
	at java.lang.Thread.run(Thread.java:750)
09:56:05.913 [IPC Server handler 14 on default port 43879] ERROR OMAudit - user=runner | ip=127.0.0.1 | op=GET_FILE_STATUS {volume=volume99279, bucket=bucket29095, key=.Trash/runner/Current/testKey1, dataSize=0, replicationConfig=null} | ret=FAILURE
org.apache.hadoop.ozone.om.exceptions.OMException: Unable to get file status: volume: volume99279 bucket: bucket29095 key: .Trash/runner/Current/testKey1
	at org.apache.hadoop.ozone.om.KeyManagerImpl.getOzoneFileStatus(KeyManagerImpl.java:1324) ~[ozone-manager-1.3.0-SNAPSHOT.jar:?]
	at org.apache.hadoop.ozone.om.KeyManagerImpl.getFileStatus(KeyManagerImpl.java:1254) ~[ozone-manager-1.3.0-SNAPSHOT.jar:?]
	at org.apache.hadoop.ozone.om.OzoneManager.getFileStatus(OzoneManager.java:3506) ~[ozone-manager-1.3.0-SNAPSHOT.jar:?]
	at org.apache.hadoop.ozone.protocolPB.OzoneManagerRequestHandler.getOzoneFileStatus(OzoneManagerRequestHandler.java:882) ~[ozone-manager-1.3.0-SNAPSHOT.jar:?]
	at org.apache.hadoop.ozone.protocolPB.OzoneManagerRequestHandler.handleReadRequest(OzoneManagerRequestHandler.java:228) ~[ozone-manager-1.3.0-SNAPSHOT.jar:?]
	at org.apache.hadoop.ozone.protocolPB.OzoneManagerProtocolServerSideTranslatorPB.submitRequestDirectlyToOM(OzoneManagerProtocolServerSideTranslatorPB.java:276) ~[ozone-manager-1.3.0-SNAPSHOT.jar:?]
	at org.apache.hadoop.ozone.protocolPB.OzoneManagerProtocolServerSideTranslatorPB.processRequest(OzoneManagerProtocolServerSideTranslatorPB.java:205) ~[ozone-manager-1.3.0-SNAPSHOT.jar:?]
	at org.apache.hadoop.hdds.server.OzoneProtocolMessageDispatcher.processRequest(OzoneProtocolMessageDispatcher.java:87) [hdds-server-framework-1.3.0-SNAPSHOT.jar:?]
	at org.apache.hadoop.ozone.protocolPB.OzoneManagerProtocolServerSideTranslatorPB.submitRequest(OzoneManagerProtocolServerSideTranslatorPB.java:147) [ozone-manager-1.3.0-SNAPSHOT.jar:?]
	at org.apache.hadoop.ozone.protocol.proto.OzoneManagerProtocolProtos$OzoneManagerService$2.callBlockingMethod(OzoneManagerProtocolProtos.java) [ozone-interface-client-1.3.0-SNAPSHOT.jar:?]
	at org.apache.hadoop.ipc.ProtobufRpcEngine$Server.processCall(ProtobufRpcEngine.java:466) [hadoop-common-3.3.1.jar:?]
	at org.apache.hadoop.ipc.ProtobufRpcEngine2$Server$ProtoBufRpcInvoker.call(ProtobufRpcEngine2.java:574) [hadoop-common-3.3.1.jar:?]
	at org.apache.hadoop.ipc.ProtobufRpcEngine2$Server$ProtoBufRpcInvoker.call(ProtobufRpcEngine2.java:552) [hadoop-common-3.3.1.jar:?]
	at org.apache.hadoop.ipc.RPC$Server.call(RPC.java:1093) [hadoop-common-3.3.1.jar:?]
	at org.apache.hadoop.ipc.Server$RpcCall.run(Server.java:1035) [hadoop-common-3.3.1.jar:?]
	at org.apache.hadoop.ipc.Server$RpcCall.run(Server.java:963) [hadoop-common-3.3.1.jar:?]
	at java.security.AccessController.doPrivileged(Native Method) ~[?:1.8.0_345]
	at javax.security.auth.Subject.doAs(Subject.java:422) [?:1.8.0_345]
	at org.apache.hadoop.security.UserGroupInformation.doAs(UserGroupInformation.java:1878) [hadoop-common-3.3.1.jar:?]
	at org.apache.hadoop.ipc.Server$Handler.run(Server.java:2966) [hadoop-common-3.3.1.jar:?]
2022-09-28 09:56:05,916 [Time-limited test] WARN  ozone.BasicOzoneFileSystem (BasicOzoneFileSystem.java:getFileStatus(765)) - GetFileStatus failed for path /.Trash/runner/Current/testKey1
java.io.FileNotFoundException: .Trash/runner/Current/testKey1: No such file or directory!
	at org.apache.hadoop.fs.ozone.BasicOzoneClientAdapterImpl.getFileStatus(BasicOzoneClientAdapterImpl.java:369)
	at org.apache.hadoop.fs.ozone.BasicOzoneFileSystem.getFileStatus(BasicOzoneFileSystem.java:757)
	at org.apache.hadoop.fs.ozone.BasicOzoneFileSystem.rename(BasicOzoneFileSystem.java:357)
	at org.apache.hadoop.fs.ozone.BasicOzoneFileSystem.rename(BasicOzoneFileSystem.java:454)
	at org.apache.hadoop.fs.TrashPolicyDefault.moveToTrash(TrashPolicyDefault.java:186)
	at org.apache.hadoop.fs.Trash.moveToTrash(Trash.java:110)
	at org.apache.hadoop.fs.ozone.TestOzoneFileSystem.testRenameToTrashEnabled(TestOzoneFileSystem.java:1512)
	at sun.reflect.NativeMethodAccessorImpl.invoke0(Native Method)
	at sun.reflect.NativeMethodAccessorImpl.invoke(NativeMethodAccessorImpl.java:62)
	at sun.reflect.DelegatingMethodAccessorImpl.invoke(DelegatingMethodAccessorImpl.java:43)
	at java.lang.reflect.Method.invoke(Method.java:498)
	at org.junit.runners.model.FrameworkMethod$1.runReflectiveCall(FrameworkMethod.java:59)
	at org.junit.internal.runners.model.ReflectiveCallable.run(ReflectiveCallable.java:12)
	at org.junit.runners.model.FrameworkMethod.invokeExplosively(FrameworkMethod.java:56)
	at org.junit.internal.runners.statements.InvokeMethod.evaluate(InvokeMethod.java:17)
	at org.junit.internal.runners.statements.RunAfters.evaluate(RunAfters.java:27)
	at org.junit.internal.runners.statements.FailOnTimeout$CallableStatement.call(FailOnTimeout.java:288)
	at org.junit.internal.runners.statements.FailOnTimeout$CallableStatement.call(FailOnTimeout.java:282)
	at java.util.concurrent.FutureTask.run(FutureTask.java:266)
	at java.lang.Thread.run(Thread.java:750)
2022-09-28 09:56:05,923 [Time-limited test] INFO  fs.TrashPolicyDefault (TrashPolicyDefault.java:moveToTrash(188)) - Moved: '/testKey1' to trash at: /.Trash/runner/Current/testKey1
]]></system-out>
  </testcase>
  <testcase name="testRenameToTrashEnabled" classname="TestOzoneFileSystem" time="0.676">
    <system-out><![CDATA[09:57:41.985 [IPC Server handler 2 on default port 44537] ERROR OMAudit - user=runner | ip=127.0.0.1 | op=GET_FILE_STATUS {volume=volume16412, bucket=bucket93813, key=.Trash/runner/Current/testKey1, dataSize=0, replicationConfig=null} | ret=FAILURE
org.apache.hadoop.ozone.om.exceptions.OMException: Unable to get file status: volume: volume16412 bucket: bucket93813 key: .Trash/runner/Current/testKey1
	at org.apache.hadoop.ozone.om.KeyManagerImpl.getOzoneFileStatus(KeyManagerImpl.java:1324) ~[ozone-manager-1.3.0-SNAPSHOT.jar:?]
	at org.apache.hadoop.ozone.om.KeyManagerImpl.getFileStatus(KeyManagerImpl.java:1254) ~[ozone-manager-1.3.0-SNAPSHOT.jar:?]
	at org.apache.hadoop.ozone.om.OzoneManager.getFileStatus(OzoneManager.java:3506) ~[ozone-manager-1.3.0-SNAPSHOT.jar:?]
	at org.apache.hadoop.ozone.protocolPB.OzoneManagerRequestHandler.getOzoneFileStatus(OzoneManagerRequestHandler.java:882) ~[ozone-manager-1.3.0-SNAPSHOT.jar:?]
	at org.apache.hadoop.ozone.protocolPB.OzoneManagerRequestHandler.handleReadRequest(OzoneManagerRequestHandler.java:228) ~[ozone-manager-1.3.0-SNAPSHOT.jar:?]
	at org.apache.hadoop.ozone.protocolPB.OzoneManagerProtocolServerSideTranslatorPB.submitReadRequestToOM(OzoneManagerProtocolServerSideTranslatorPB.java:226) ~[ozone-manager-1.3.0-SNAPSHOT.jar:?]
	at org.apache.hadoop.ozone.protocolPB.OzoneManagerProtocolServerSideTranslatorPB.processRequest(OzoneManagerProtocolServerSideTranslatorPB.java:175) ~[ozone-manager-1.3.0-SNAPSHOT.jar:?]
	at org.apache.hadoop.hdds.server.OzoneProtocolMessageDispatcher.processRequest(OzoneProtocolMessageDispatcher.java:87) [hdds-server-framework-1.3.0-SNAPSHOT.jar:?]
	at org.apache.hadoop.ozone.protocolPB.OzoneManagerProtocolServerSideTranslatorPB.submitRequest(OzoneManagerProtocolServerSideTranslatorPB.java:147) [ozone-manager-1.3.0-SNAPSHOT.jar:?]
	at org.apache.hadoop.ozone.protocol.proto.OzoneManagerProtocolProtos$OzoneManagerService$2.callBlockingMethod(OzoneManagerProtocolProtos.java) [ozone-interface-client-1.3.0-SNAPSHOT.jar:?]
	at org.apache.hadoop.ipc.ProtobufRpcEngine$Server.processCall(ProtobufRpcEngine.java:466) [hadoop-common-3.3.1.jar:?]
	at org.apache.hadoop.ipc.ProtobufRpcEngine2$Server$ProtoBufRpcInvoker.call(ProtobufRpcEngine2.java:574) [hadoop-common-3.3.1.jar:?]
	at org.apache.hadoop.ipc.ProtobufRpcEngine2$Server$ProtoBufRpcInvoker.call(ProtobufRpcEngine2.java:552) [hadoop-common-3.3.1.jar:?]
	at org.apache.hadoop.ipc.RPC$Server.call(RPC.java:1093) [hadoop-common-3.3.1.jar:?]
	at org.apache.hadoop.ipc.Server$RpcCall.run(Server.java:1035) [hadoop-common-3.3.1.jar:?]
	at org.apache.hadoop.ipc.Server$RpcCall.run(Server.java:963) [hadoop-common-3.3.1.jar:?]
	at java.security.AccessController.doPrivileged(Native Method) ~[?:1.8.0_345]
	at javax.security.auth.Subject.doAs(Subject.java:422) [?:1.8.0_345]
	at org.apache.hadoop.security.UserGroupInformation.doAs(UserGroupInformation.java:1878) [hadoop-common-3.3.1.jar:?]
	at org.apache.hadoop.ipc.Server$Handler.run(Server.java:2966) [hadoop-common-3.3.1.jar:?]
2022-09-28 09:57:41,988 [Time-limited test] WARN  ozone.BasicOzoneFileSystem (BasicOzoneFileSystem.java:getFileStatus(765)) - GetFileStatus failed for path /.Trash/runner/Current/testKey1
java.io.FileNotFoundException: .Trash/runner/Current/testKey1: No such file or directory!
	at org.apache.hadoop.fs.ozone.BasicOzoneClientAdapterImpl.getFileStatus(BasicOzoneClientAdapterImpl.java:369)
	at org.apache.hadoop.fs.ozone.BasicOzoneFileSystem.getFileStatus(BasicOzoneFileSystem.java:757)
	at org.apache.hadoop.fs.FileSystem.exists(FileSystem.java:1760)
	at org.apache.hadoop.fs.ozone.BasicOzoneFileSystem.exists(BasicOzoneFileSystem.java:804)
	at org.apache.hadoop.fs.TrashPolicyDefault.moveToTrash(TrashPolicyDefault.java:181)
	at org.apache.hadoop.fs.Trash.moveToTrash(Trash.java:110)
	at org.apache.hadoop.fs.ozone.TestOzoneFileSystem.testRenameToTrashEnabled(TestOzoneFileSystem.java:1512)
	at sun.reflect.NativeMethodAccessorImpl.invoke0(Native Method)
	at sun.reflect.NativeMethodAccessorImpl.invoke(NativeMethodAccessorImpl.java:62)
	at sun.reflect.DelegatingMethodAccessorImpl.invoke(DelegatingMethodAccessorImpl.java:43)
	at java.lang.reflect.Method.invoke(Method.java:498)
	at org.junit.runners.model.FrameworkMethod$1.runReflectiveCall(FrameworkMethod.java:59)
	at org.junit.internal.runners.model.ReflectiveCallable.run(ReflectiveCallable.java:12)
	at org.junit.runners.model.FrameworkMethod.invokeExplosively(FrameworkMethod.java:56)
	at org.junit.internal.runners.statements.InvokeMethod.evaluate(InvokeMethod.java:17)
	at org.junit.internal.runners.statements.RunAfters.evaluate(RunAfters.java:27)
	at org.junit.internal.runners.statements.FailOnTimeout$CallableStatement.call(FailOnTimeout.java:288)
	at org.junit.internal.runners.statements.FailOnTimeout$CallableStatement.call(FailOnTimeout.java:282)
	at java.util.concurrent.FutureTask.run(FutureTask.java:266)
	at java.lang.Thread.run(Thread.java:750)
09:57:41.991 [IPC Server handler 18 on default port 44537] ERROR OMAudit - user=runner | ip=127.0.0.1 | op=GET_FILE_STATUS {volume=volume16412, bucket=bucket93813, key=.Trash/runner/Current/testKey1, dataSize=0, replicationConfig=null} | ret=FAILURE
org.apache.hadoop.ozone.om.exceptions.OMException: Unable to get file status: volume: volume16412 bucket: bucket93813 key: .Trash/runner/Current/testKey1
	at org.apache.hadoop.ozone.om.KeyManagerImpl.getOzoneFileStatus(KeyManagerImpl.java:1324) ~[ozone-manager-1.3.0-SNAPSHOT.jar:?]
	at org.apache.hadoop.ozone.om.KeyManagerImpl.getFileStatus(KeyManagerImpl.java:1254) ~[ozone-manager-1.3.0-SNAPSHOT.jar:?]
	at org.apache.hadoop.ozone.om.OzoneManager.getFileStatus(OzoneManager.java:3506) ~[ozone-manager-1.3.0-SNAPSHOT.jar:?]
	at org.apache.hadoop.ozone.protocolPB.OzoneManagerRequestHandler.getOzoneFileStatus(OzoneManagerRequestHandler.java:882) ~[ozone-manager-1.3.0-SNAPSHOT.jar:?]
	at org.apache.hadoop.ozone.protocolPB.OzoneManagerRequestHandler.handleReadRequest(OzoneManagerRequestHandler.java:228) ~[ozone-manager-1.3.0-SNAPSHOT.jar:?]
	at org.apache.hadoop.ozone.protocolPB.OzoneManagerProtocolServerSideTranslatorPB.submitReadRequestToOM(OzoneManagerProtocolServerSideTranslatorPB.java:226) ~[ozone-manager-1.3.0-SNAPSHOT.jar:?]
	at org.apache.hadoop.ozone.protocolPB.OzoneManagerProtocolServerSideTranslatorPB.processRequest(OzoneManagerProtocolServerSideTranslatorPB.java:175) ~[ozone-manager-1.3.0-SNAPSHOT.jar:?]
	at org.apache.hadoop.hdds.server.OzoneProtocolMessageDispatcher.processRequest(OzoneProtocolMessageDispatcher.java:87) [hdds-server-framework-1.3.0-SNAPSHOT.jar:?]
	at org.apache.hadoop.ozone.protocolPB.OzoneManagerProtocolServerSideTranslatorPB.submitRequest(OzoneManagerProtocolServerSideTranslatorPB.java:147) [ozone-manager-1.3.0-SNAPSHOT.jar:?]
	at org.apache.hadoop.ozone.protocol.proto.OzoneManagerProtocolProtos$OzoneManagerService$2.callBlockingMethod(OzoneManagerProtocolProtos.java) [ozone-interface-client-1.3.0-SNAPSHOT.jar:?]
	at org.apache.hadoop.ipc.ProtobufRpcEngine$Server.processCall(ProtobufRpcEngine.java:466) [hadoop-common-3.3.1.jar:?]
	at org.apache.hadoop.ipc.ProtobufRpcEngine2$Server$ProtoBufRpcInvoker.call(ProtobufRpcEngine2.java:574) [hadoop-common-3.3.1.jar:?]
	at org.apache.hadoop.ipc.ProtobufRpcEngine2$Server$ProtoBufRpcInvoker.call(ProtobufRpcEngine2.java:552) [hadoop-common-3.3.1.jar:?]
	at org.apache.hadoop.ipc.RPC$Server.call(RPC.java:1093) [hadoop-common-3.3.1.jar:?]
	at org.apache.hadoop.ipc.Server$RpcCall.run(Server.java:1035) [hadoop-common-3.3.1.jar:?]
	at org.apache.hadoop.ipc.Server$RpcCall.run(Server.java:963) [hadoop-common-3.3.1.jar:?]
	at java.security.AccessController.doPrivileged(Native Method) ~[?:1.8.0_345]
	at javax.security.auth.Subject.doAs(Subject.java:422) [?:1.8.0_345]
	at org.apache.hadoop.security.UserGroupInformation.doAs(UserGroupInformation.java:1878) [hadoop-common-3.3.1.jar:?]
	at org.apache.hadoop.ipc.Server$Handler.run(Server.java:2966) [hadoop-common-3.3.1.jar:?]
2022-09-28 09:57:41,991 [Time-limited test] WARN  ozone.BasicOzoneFileSystem (BasicOzoneFileSystem.java:getFileStatus(765)) - GetFileStatus failed for path /.Trash/runner/Current/testKey1
java.io.FileNotFoundException: .Trash/runner/Current/testKey1: No such file or directory!
	at org.apache.hadoop.fs.ozone.BasicOzoneClientAdapterImpl.getFileStatus(BasicOzoneClientAdapterImpl.java:369)
	at org.apache.hadoop.fs.ozone.BasicOzoneFileSystem.getFileStatus(BasicOzoneFileSystem.java:757)
	at org.apache.hadoop.fs.ozone.BasicOzoneFileSystem.rename(BasicOzoneFileSystem.java:357)
	at org.apache.hadoop.fs.ozone.BasicOzoneFileSystem.rename(BasicOzoneFileSystem.java:454)
	at org.apache.hadoop.fs.TrashPolicyDefault.moveToTrash(TrashPolicyDefault.java:186)
	at org.apache.hadoop.fs.Trash.moveToTrash(Trash.java:110)
	at org.apache.hadoop.fs.ozone.TestOzoneFileSystem.testRenameToTrashEnabled(TestOzoneFileSystem.java:1512)
	at sun.reflect.NativeMethodAccessorImpl.invoke0(Native Method)
	at sun.reflect.NativeMethodAccessorImpl.invoke(NativeMethodAccessorImpl.java:62)
	at sun.reflect.DelegatingMethodAccessorImpl.invoke(DelegatingMethodAccessorImpl.java:43)
	at java.lang.reflect.Method.invoke(Method.java:498)
	at org.junit.runners.model.FrameworkMethod$1.runReflectiveCall(FrameworkMethod.java:59)
	at org.junit.internal.runners.model.ReflectiveCallable.run(ReflectiveCallable.java:12)
	at org.junit.runners.model.FrameworkMethod.invokeExplosively(FrameworkMethod.java:56)
	at org.junit.internal.runners.statements.InvokeMethod.evaluate(InvokeMethod.java:17)
	at org.junit.internal.runners.statements.RunAfters.evaluate(RunAfters.java:27)
	at org.junit.internal.runners.statements.FailOnTimeout$CallableStatement.call(FailOnTimeout.java:288)
	at org.junit.internal.runners.statements.FailOnTimeout$CallableStatement.call(FailOnTimeout.java:282)
	at java.util.concurrent.FutureTask.run(FutureTask.java:266)
	at java.lang.Thread.run(Thread.java:750)
2022-09-28 09:57:41,996 [Time-limited test] INFO  fs.TrashPolicyDefault (TrashPolicyDefault.java:moveToTrash(188)) - Moved: '/testKey1' to trash at: /.Trash/runner/Current/testKey1
]]></system-out>
  </testcase>
  <testcase name="testRenameToTrashEnabled" classname="TestOzoneFileSystem" time="0.676">
    <system-out><![CDATA[09:59:42.872 [IPC Server handler 4 on default port 38925] ERROR OMAudit - user=runner | ip=127.0.0.1 | op=GET_FILE_STATUS {volume=volume75139, bucket=bucket52642, key=.Trash/runner/Current/testKey1, dataSize=0, replicationConfig=null} | ret=FAILURE
org.apache.hadoop.ozone.om.exceptions.OMException: Unable to get file status: volume: volume75139 bucket: bucket52642 key: .Trash/runner/Current/testKey1
	at org.apache.hadoop.ozone.om.KeyManagerImpl.getOzoneFileStatus(KeyManagerImpl.java:1324) ~[ozone-manager-1.3.0-SNAPSHOT.jar:?]
	at org.apache.hadoop.ozone.om.KeyManagerImpl.getFileStatus(KeyManagerImpl.java:1254) ~[ozone-manager-1.3.0-SNAPSHOT.jar:?]
	at org.apache.hadoop.ozone.om.OzoneManager.getFileStatus(OzoneManager.java:3506) ~[ozone-manager-1.3.0-SNAPSHOT.jar:?]
	at org.apache.hadoop.ozone.protocolPB.OzoneManagerRequestHandler.getOzoneFileStatus(OzoneManagerRequestHandler.java:882) ~[ozone-manager-1.3.0-SNAPSHOT.jar:?]
	at org.apache.hadoop.ozone.protocolPB.OzoneManagerRequestHandler.handleReadRequest(OzoneManagerRequestHandler.java:228) ~[ozone-manager-1.3.0-SNAPSHOT.jar:?]
	at org.apache.hadoop.ozone.protocolPB.OzoneManagerProtocolServerSideTranslatorPB.submitRequestDirectlyToOM(OzoneManagerProtocolServerSideTranslatorPB.java:276) ~[ozone-manager-1.3.0-SNAPSHOT.jar:?]
	at org.apache.hadoop.ozone.protocolPB.OzoneManagerProtocolServerSideTranslatorPB.processRequest(OzoneManagerProtocolServerSideTranslatorPB.java:205) ~[ozone-manager-1.3.0-SNAPSHOT.jar:?]
	at org.apache.hadoop.hdds.server.OzoneProtocolMessageDispatcher.processRequest(OzoneProtocolMessageDispatcher.java:87) [hdds-server-framework-1.3.0-SNAPSHOT.jar:?]
	at org.apache.hadoop.ozone.protocolPB.OzoneManagerProtocolServerSideTranslatorPB.submitRequest(OzoneManagerProtocolServerSideTranslatorPB.java:147) [ozone-manager-1.3.0-SNAPSHOT.jar:?]
	at org.apache.hadoop.ozone.protocol.proto.OzoneManagerProtocolProtos$OzoneManagerService$2.callBlockingMethod(OzoneManagerProtocolProtos.java) [ozone-interface-client-1.3.0-SNAPSHOT.jar:?]
	at org.apache.hadoop.ipc.ProtobufRpcEngine$Server.processCall(ProtobufRpcEngine.java:466) [hadoop-common-3.3.1.jar:?]
	at org.apache.hadoop.ipc.ProtobufRpcEngine2$Server$ProtoBufRpcInvoker.call(ProtobufRpcEngine2.java:574) [hadoop-common-3.3.1.jar:?]
	at org.apache.hadoop.ipc.ProtobufRpcEngine2$Server$ProtoBufRpcInvoker.call(ProtobufRpcEngine2.java:552) [hadoop-common-3.3.1.jar:?]
	at org.apache.hadoop.ipc.RPC$Server.call(RPC.java:1093) [hadoop-common-3.3.1.jar:?]
	at org.apache.hadoop.ipc.Server$RpcCall.run(Server.java:1035) [hadoop-common-3.3.1.jar:?]
	at org.apache.hadoop.ipc.Server$RpcCall.run(Server.java:963) [hadoop-common-3.3.1.jar:?]
	at java.security.AccessController.doPrivileged(Native Method) ~[?:1.8.0_345]
	at javax.security.auth.Subject.doAs(Subject.java:422) [?:1.8.0_345]
	at org.apache.hadoop.security.UserGroupInformation.doAs(UserGroupInformation.java:1878) [hadoop-common-3.3.1.jar:?]
	at org.apache.hadoop.ipc.Server$Handler.run(Server.java:2966) [hadoop-common-3.3.1.jar:?]
2022-09-28 09:59:42,873 [Time-limited test] WARN  ozone.BasicOzoneFileSystem (BasicOzoneFileSystem.java:getFileStatus(765)) - GetFileStatus failed for path /.Trash/runner/Current/testKey1
java.io.FileNotFoundException: .Trash/runner/Current/testKey1: No such file or directory!
	at org.apache.hadoop.fs.ozone.BasicOzoneClientAdapterImpl.getFileStatus(BasicOzoneClientAdapterImpl.java:369)
	at org.apache.hadoop.fs.ozone.BasicOzoneFileSystem.getFileStatus(BasicOzoneFileSystem.java:757)
	at org.apache.hadoop.fs.FileSystem.exists(FileSystem.java:1760)
	at org.apache.hadoop.fs.ozone.BasicOzoneFileSystem.exists(BasicOzoneFileSystem.java:804)
	at org.apache.hadoop.fs.TrashPolicyDefault.moveToTrash(TrashPolicyDefault.java:181)
	at org.apache.hadoop.fs.Trash.moveToTrash(Trash.java:110)
	at org.apache.hadoop.fs.ozone.TestOzoneFileSystem.testRenameToTrashEnabled(TestOzoneFileSystem.java:1512)
	at sun.reflect.NativeMethodAccessorImpl.invoke0(Native Method)
	at sun.reflect.NativeMethodAccessorImpl.invoke(NativeMethodAccessorImpl.java:62)
	at sun.reflect.DelegatingMethodAccessorImpl.invoke(DelegatingMethodAccessorImpl.java:43)
	at java.lang.reflect.Method.invoke(Method.java:498)
	at org.junit.runners.model.FrameworkMethod$1.runReflectiveCall(FrameworkMethod.java:59)
	at org.junit.internal.runners.model.ReflectiveCallable.run(ReflectiveCallable.java:12)
	at org.junit.runners.model.FrameworkMethod.invokeExplosively(FrameworkMethod.java:56)
	at org.junit.internal.runners.statements.InvokeMethod.evaluate(InvokeMethod.java:17)
	at org.junit.internal.runners.statements.RunAfters.evaluate(RunAfters.java:27)
	at org.junit.internal.runners.statements.FailOnTimeout$CallableStatement.call(FailOnTimeout.java:288)
	at org.junit.internal.runners.statements.FailOnTimeout$CallableStatement.call(FailOnTimeout.java:282)
	at java.util.concurrent.FutureTask.run(FutureTask.java:266)
	at java.lang.Thread.run(Thread.java:750)
09:59:42.884 [IPC Server handler 8 on default port 38925] ERROR OMAudit - user=runner | ip=127.0.0.1 | op=GET_FILE_STATUS {volume=volume75139, bucket=bucket52642, key=.Trash/runner/Current/testKey1, dataSize=0, replicationConfig=null} | ret=FAILURE
org.apache.hadoop.ozone.om.exceptions.OMException: Unable to get file status: volume: volume75139 bucket: bucket52642 key: .Trash/runner/Current/testKey1
	at org.apache.hadoop.ozone.om.KeyManagerImpl.getOzoneFileStatus(KeyManagerImpl.java:1324) ~[ozone-manager-1.3.0-SNAPSHOT.jar:?]
	at org.apache.hadoop.ozone.om.KeyManagerImpl.getFileStatus(KeyManagerImpl.java:1254) ~[ozone-manager-1.3.0-SNAPSHOT.jar:?]
	at org.apache.hadoop.ozone.om.OzoneManager.getFileStatus(OzoneManager.java:3506) ~[ozone-manager-1.3.0-SNAPSHOT.jar:?]
	at org.apache.hadoop.ozone.protocolPB.OzoneManagerRequestHandler.getOzoneFileStatus(OzoneManagerRequestHandler.java:882) ~[ozone-manager-1.3.0-SNAPSHOT.jar:?]
	at org.apache.hadoop.ozone.protocolPB.OzoneManagerRequestHandler.handleReadRequest(OzoneManagerRequestHandler.java:228) ~[ozone-manager-1.3.0-SNAPSHOT.jar:?]
	at org.apache.hadoop.ozone.protocolPB.OzoneManagerProtocolServerSideTranslatorPB.submitRequestDirectlyToOM(OzoneManagerProtocolServerSideTranslatorPB.java:276) ~[ozone-manager-1.3.0-SNAPSHOT.jar:?]
	at org.apache.hadoop.ozone.protocolPB.OzoneManagerProtocolServerSideTranslatorPB.processRequest(OzoneManagerProtocolServerSideTranslatorPB.java:205) ~[ozone-manager-1.3.0-SNAPSHOT.jar:?]
	at org.apache.hadoop.hdds.server.OzoneProtocolMessageDispatcher.processRequest(OzoneProtocolMessageDispatcher.java:87) [hdds-server-framework-1.3.0-SNAPSHOT.jar:?]
	at org.apache.hadoop.ozone.protocolPB.OzoneManagerProtocolServerSideTranslatorPB.submitRequest(OzoneManagerProtocolServerSideTranslatorPB.java:147) [ozone-manager-1.3.0-SNAPSHOT.jar:?]
	at org.apache.hadoop.ozone.protocol.proto.OzoneManagerProtocolProtos$OzoneManagerService$2.callBlockingMethod(OzoneManagerProtocolProtos.java) [ozone-interface-client-1.3.0-SNAPSHOT.jar:?]
	at org.apache.hadoop.ipc.ProtobufRpcEngine$Server.processCall(ProtobufRpcEngine.java:466) [hadoop-common-3.3.1.jar:?]
	at org.apache.hadoop.ipc.ProtobufRpcEngine2$Server$ProtoBufRpcInvoker.call(ProtobufRpcEngine2.java:574) [hadoop-common-3.3.1.jar:?]
	at org.apache.hadoop.ipc.ProtobufRpcEngine2$Server$ProtoBufRpcInvoker.call(ProtobufRpcEngine2.java:552) [hadoop-common-3.3.1.jar:?]
	at org.apache.hadoop.ipc.RPC$Server.call(RPC.java:1093) [hadoop-common-3.3.1.jar:?]
	at org.apache.hadoop.ipc.Server$RpcCall.run(Server.java:1035) [hadoop-common-3.3.1.jar:?]
	at org.apache.hadoop.ipc.Server$RpcCall.run(Server.java:963) [hadoop-common-3.3.1.jar:?]
	at java.security.AccessController.doPrivileged(Native Method) ~[?:1.8.0_345]
	at javax.security.auth.Subject.doAs(Subject.java:422) [?:1.8.0_345]
	at org.apache.hadoop.security.UserGroupInformation.doAs(UserGroupInformation.java:1878) [hadoop-common-3.3.1.jar:?]
	at org.apache.hadoop.ipc.Server$Handler.run(Server.java:2966) [hadoop-common-3.3.1.jar:?]
2022-09-28 09:59:42,885 [Time-limited test] WARN  ozone.BasicOzoneFileSystem (BasicOzoneFileSystem.java:getFileStatus(765)) - GetFileStatus failed for path /.Trash/runner/Current/testKey1
java.io.FileNotFoundException: .Trash/runner/Current/testKey1: No such file or directory!
	at org.apache.hadoop.fs.ozone.BasicOzoneClientAdapterImpl.getFileStatus(BasicOzoneClientAdapterImpl.java:369)
	at org.apache.hadoop.fs.ozone.BasicOzoneFileSystem.getFileStatus(BasicOzoneFileSystem.java:757)
	at org.apache.hadoop.fs.ozone.BasicOzoneFileSystem.rename(BasicOzoneFileSystem.java:357)
	at org.apache.hadoop.fs.ozone.BasicOzoneFileSystem.rename(BasicOzoneFileSystem.java:454)
	at org.apache.hadoop.fs.TrashPolicyDefault.moveToTrash(TrashPolicyDefault.java:186)
	at org.apache.hadoop.fs.Trash.moveToTrash(Trash.java:110)
	at org.apache.hadoop.fs.ozone.TestOzoneFileSystem.testRenameToTrashEnabled(TestOzoneFileSystem.java:1512)
	at sun.reflect.NativeMethodAccessorImpl.invoke0(Native Method)
	at sun.reflect.NativeMethodAccessorImpl.invoke(NativeMethodAccessorImpl.java:62)
	at sun.reflect.DelegatingMethodAccessorImpl.invoke(DelegatingMethodAccessorImpl.java:43)
	at java.lang.reflect.Method.invoke(Method.java:498)
	at org.junit.runners.model.FrameworkMethod$1.runReflectiveCall(FrameworkMethod.java:59)
	at org.junit.internal.runners.model.ReflectiveCallable.run(ReflectiveCallable.java:12)
	at org.junit.runners.model.FrameworkMethod.invokeExplosively(FrameworkMethod.java:56)
	at org.junit.internal.runners.statements.InvokeMethod.evaluate(InvokeMethod.java:17)
	at org.junit.internal.runners.statements.RunAfters.evaluate(RunAfters.java:27)
	at org.junit.internal.runners.statements.FailOnTimeout$CallableStatement.call(FailOnTimeout.java:288)
	at org.junit.internal.runners.statements.FailOnTimeout$CallableStatement.call(FailOnTimeout.java:282)
	at java.util.concurrent.FutureTask.run(FutureTask.java:266)
	at java.lang.Thread.run(Thread.java:750)
2022-09-28 09:59:42,890 [Time-limited test] INFO  fs.TrashPolicyDefault (TrashPolicyDefault.java:moveToTrash(188)) - Moved: '/testKey1' to trash at: /.Trash/runner/Current/testKey1
]]></system-out>
  </testcase>
  <testcase name="testListStatusWithIntermediateDir" classname="TestOzoneFileSystem" time="0.048">
    <system-out><![CDATA[2022-09-28 09:54:45,738 [IPC Server handler 14 on default port 46299] INFO  pipeline.PipelineStateManagerImpl (PipelineStateManagerImpl.java:addPipeline(103)) - Created pipeline Pipeline[ Id: b29847bd-5ad5-4ad5-abcc-5564df1f57b4, Nodes: 2d845149-fded-4749-8bc2-118586f6e1d8{ip: 10.1.1.21, host: fv-az204-790.d0ggoinxmwcejgojbuqly40l0e.cx.internal.cloudapp.net, ports: [REPLICATION=33257, RATIS=44611, RATIS_ADMIN=44611, RATIS_SERVER=44611, STANDALONE=42467], networkLocation: /default-rack, certSerialId: null, persistedOpState: IN_SERVICE, persistedOpStateExpiryEpochSec: 0}, ReplicationConfig: STANDALONE/ONE, State:OPEN, leaderId:, CreationTimestamp2022-09-28T09:54:45.737Z[Etc/UTC]].
]]></system-out>
  </testcase>
  <testcase name="testListStatusWithIntermediateDir" classname="TestOzoneFileSystem" time="0.081">
    <system-out><![CDATA[2022-09-28 09:56:05,962 [IPC Server handler 7 on default port 39545] INFO  pipeline.PipelineStateManagerImpl (PipelineStateManagerImpl.java:addPipeline(103)) - Created pipeline Pipeline[ Id: fe45339d-9a4b-4b33-be76-1702f815e248, Nodes: 1b053f0e-6c50-44bd-8a3e-e6e9059b4658{ip: 10.1.1.21, host: fv-az204-790.d0ggoinxmwcejgojbuqly40l0e.cx.internal.cloudapp.net, ports: [REPLICATION=45325, RATIS=37401, RATIS_ADMIN=37401, RATIS_SERVER=37401, STANDALONE=42393], networkLocation: /default-rack, certSerialId: null, persistedOpState: IN_SERVICE, persistedOpStateExpiryEpochSec: 0}, ReplicationConfig: STANDALONE/ONE, State:OPEN, leaderId:, CreationTimestamp2022-09-28T09:56:05.961Z[Etc/UTC]].
]]></system-out>
  </testcase>
  <testcase name="testListStatusWithIntermediateDir" classname="TestOzoneFileSystem" time="0.165">
    <system-out><![CDATA[09:57:42.033 [pool-544-thread-4] ERROR OMAudit - user=null | ip=null | op=LIST_STATUS {volume=volume16412, bucket=bucket93813, key=.Trash/runner, dataSize=0, replicationConfig=null} | ret=FAILURE
org.apache.hadoop.ozone.om.exceptions.OMException: Unable to get file status: volume: volume16412 bucket: bucket93813 key: .Trash/runner
	at org.apache.hadoop.ozone.om.KeyManagerImpl.getOzoneFileStatus(KeyManagerImpl.java:1324) ~[ozone-manager-1.3.0-SNAPSHOT.jar:?]
	at org.apache.hadoop.ozone.om.KeyManagerImpl.getFileStatus(KeyManagerImpl.java:1254) ~[ozone-manager-1.3.0-SNAPSHOT.jar:?]
	at org.apache.hadoop.ozone.om.KeyManagerImpl.listStatus(KeyManagerImpl.java:1578) ~[ozone-manager-1.3.0-SNAPSHOT.jar:?]
	at org.apache.hadoop.ozone.om.OzoneManager.listStatus(OzoneManager.java:3584) ~[ozone-manager-1.3.0-SNAPSHOT.jar:?]
	at org.apache.hadoop.ozone.om.OzoneManager.listStatus(OzoneManager.java:3563) ~[ozone-manager-1.3.0-SNAPSHOT.jar:?]
	at org.apache.hadoop.ozone.om.TrashOzoneFileSystem.listStatus(TrashOzoneFileSystem.java:227) ~[ozone-manager-1.3.0-SNAPSHOT.jar:?]
	at org.apache.hadoop.ozone.om.TrashPolicyOzone.deleteCheckpoint(TrashPolicyOzone.java:303) ~[ozone-manager-1.3.0-SNAPSHOT.jar:?]
	at org.apache.hadoop.ozone.om.TrashPolicyOzone.access$4(TrashPolicyOzone.java:296) ~[ozone-manager-1.3.0-SNAPSHOT.jar:?]
	at org.apache.hadoop.ozone.om.TrashPolicyOzone$Emptier.lambda$0(TrashPolicyOzone.java:225) ~[ozone-manager-1.3.0-SNAPSHOT.jar:?]
	at java.util.concurrent.Executors$RunnableAdapter.call(Executors.java:511) [?:1.8.0_345]
	at java.util.concurrent.FutureTask.run(FutureTask.java:266) [?:1.8.0_345]
	at java.util.concurrent.ThreadPoolExecutor.runWorker(ThreadPoolExecutor.java:1149) [?:1.8.0_345]
	at java.util.concurrent.ThreadPoolExecutor$Worker.run(ThreadPoolExecutor.java:624) [?:1.8.0_345]
	at java.lang.Thread.run(Thread.java:750) [?:1.8.0_345]
2022-09-28 09:57:42,033 [pool-544-thread-4] ERROR om.TrashPolicyOzone (TrashPolicyOzone.java:lambda$0(230)) - Unable to checkpoint:/volume16412/bucket93813/.Trash/runner
FILE_NOT_FOUND org.apache.hadoop.ozone.om.exceptions.OMException: Unable to get file status: volume: volume16412 bucket: bucket93813 key: .Trash/runner
	at org.apache.hadoop.ozone.om.KeyManagerImpl.getOzoneFileStatus(KeyManagerImpl.java:1324)
	at org.apache.hadoop.ozone.om.KeyManagerImpl.getFileStatus(KeyManagerImpl.java:1254)
	at org.apache.hadoop.ozone.om.KeyManagerImpl.listStatus(KeyManagerImpl.java:1578)
	at org.apache.hadoop.ozone.om.OzoneManager.listStatus(OzoneManager.java:3584)
	at org.apache.hadoop.ozone.om.OzoneManager.listStatus(OzoneManager.java:3563)
	at org.apache.hadoop.ozone.om.TrashOzoneFileSystem.listStatus(TrashOzoneFileSystem.java:227)
	at org.apache.hadoop.ozone.om.TrashPolicyOzone.deleteCheckpoint(TrashPolicyOzone.java:303)
	at org.apache.hadoop.ozone.om.TrashPolicyOzone.access$4(TrashPolicyOzone.java:296)
	at org.apache.hadoop.ozone.om.TrashPolicyOzone$Emptier.lambda$0(TrashPolicyOzone.java:225)
	at java.util.concurrent.Executors$RunnableAdapter.call(Executors.java:511)
	at java.util.concurrent.FutureTask.run(FutureTask.java:266)
	at java.util.concurrent.ThreadPoolExecutor.runWorker(ThreadPoolExecutor.java:1149)
	at java.util.concurrent.ThreadPoolExecutor$Worker.run(ThreadPoolExecutor.java:624)
	at java.lang.Thread.run(Thread.java:750)
2022-09-28 09:57:42,081 [IPC Server handler 2 on default port 33631] INFO  pipeline.PipelineStateManagerImpl (PipelineStateManagerImpl.java:addPipeline(103)) - Created pipeline Pipeline[ Id: 2e14604f-a745-486f-b011-5c528c35e990, Nodes: acee90ba-6a36-4d19-a884-4d9c08123ee0{ip: 10.1.1.21, host: fv-az204-790.d0ggoinxmwcejgojbuqly40l0e.cx.internal.cloudapp.net, ports: [REPLICATION=41927, RATIS=36911, RATIS_ADMIN=36911, RATIS_SERVER=36911, STANDALONE=35683], networkLocation: /default-rack, certSerialId: null, persistedOpState: IN_SERVICE, persistedOpStateExpiryEpochSec: 0}, ReplicationConfig: STANDALONE/ONE, State:OPEN, leaderId:, CreationTimestamp2022-09-28T09:57:42.077Z[Etc/UTC]].
]]></system-out>
  </testcase>
  <testcase name="testListStatusWithIntermediateDir" classname="TestOzoneFileSystem" time="0.112">
    <system-out><![CDATA[2022-09-28 09:59:42,973 [IPC Server handler 8 on default port 40695] INFO  pipeline.PipelineStateManagerImpl (PipelineStateManagerImpl.java:addPipeline(103)) - Created pipeline Pipeline[ Id: 5acf5844-ea37-481f-9ed4-e0cc38c7e9d4, Nodes: 80fc50c2-999b-4282-ba04-29b80da548ab{ip: 10.1.1.21, host: fv-az204-790.d0ggoinxmwcejgojbuqly40l0e.cx.internal.cloudapp.net, ports: [REPLICATION=35443, RATIS=45007, RATIS_ADMIN=45007, RATIS_SERVER=45007, STANDALONE=35327], networkLocation: /default-rack, certSerialId: null, persistedOpState: IN_SERVICE, persistedOpStateExpiryEpochSec: 0}, ReplicationConfig: STANDALONE/ONE, State:OPEN, leaderId:, CreationTimestamp2022-09-28T09:59:42.953Z[Etc/UTC]].
]]></system-out>
  </testcase>
  <testcase name="testRenameSourceAndDestinAreSame" classname="TestOzoneFileSystem" time="0.023"/>
  <testcase name="testRenameSourceAndDestinAreSame" classname="TestOzoneFileSystem" time="0.025"/>
  <testcase name="testRenameSourceAndDestinAreSame" classname="TestOzoneFileSystem" time="0.074"/>
  <testcase name="testRenameSourceAndDestinAreSame" classname="TestOzoneFileSystem" time="0.087"/>
  <testcase name="testListStatusIteratorWithDir" classname="TestOzoneFileSystem" time="0.054"/>
  <testcase name="testListStatusIteratorWithDir" classname="TestOzoneFileSystem" time="0.045"/>
  <testcase name="testListStatusIteratorWithDir" classname="TestOzoneFileSystem" time="0.056"/>
  <testcase name="testListStatusIteratorWithDir" classname="TestOzoneFileSystem" time="0.065"/>
  <testcase name="testListStatusOnLargeDirectory" classname="TestOzoneFileSystem" time="4.476"/>
  <testcase name="testListStatusOnLargeDirectory" classname="TestOzoneFileSystem" time="3.471"/>
  <testcase name="testListStatusOnLargeDirectory" classname="TestOzoneFileSystem" time="6.673">
    <system-out><![CDATA[2022-09-28 09:57:42,827 [Under Replicated Processor] INFO  replication.UnderReplicatedProcessor (UnderReplicatedProcessor.java:processAll(92)) - Processed 0 under replicated containers, failed processing 0
2022-09-28 09:57:42,836 [Over Replicated Processor] INFO  replication.OverReplicatedProcessor (OverReplicatedProcessor.java:processAll(90)) - Processed 0 over replicated containers, failed processing 0
2022-09-28 09:57:45,592 [IPC Server handler 18 on default port 33631] INFO  ha.SequenceIdGenerator (SequenceIdGenerator.java:getNextId(128)) - Allocate a batch for delTxnId, change lastId from 0 to 1000.
]]></system-out>
  </testcase>
  <testcase name="testListStatusOnLargeDirectory" classname="TestOzoneFileSystem" time="7.542"/>
  <testcase name="testCreateKeyShouldUseRefreshedBucketReplicationConfig" classname="TestOzoneFileSystem" time="0.258">
    <system-out><![CDATA[2022-09-28 09:54:50,339 [Time-limited test] INFO  rpc.RpcClient (RpcClient.java:createVolume(471)) - Creating Volume: volume27359, with user10410 as owner and space quota set to -1 bytes, counts quota set to -1
2022-09-28 09:54:50,340 [OM StateMachine ApplyTransaction Thread - 0] INFO  volume.OMVolumeCreateRequest (OMVolumeCreateRequest.java:validateAndUpdateCache(195)) - created volume:volume27359 for user:user10410
2022-09-28 09:54:50,343 [Time-limited test] INFO  rpc.RpcClient (RpcClient.java:createBucket(674)) - Creating Bucket: volume27359/bucket74130, with bucket layout LEGACY, runner as owner, Versioning false, Storage Type set to DISK and Encryption set to false 
2022-09-28 09:54:50,344 [OM StateMachine ApplyTransaction Thread - 0] INFO  bucket.OMBucketCreateRequest (OMBucketCreateRequest.java:validateAndUpdateCache(260)) - created bucket: bucket74130 of layout LEGACY in volume: volume27359
2022-09-28 09:54:50,405 [IPC Server handler 13 on default port 46299] INFO  pipeline.PipelineStateManagerImpl (PipelineStateManagerImpl.java:addPipeline(103)) - Created pipeline Pipeline[ Id: 9b4bcf3a-3439-4de3-972f-d48682552a78, Nodes: 4506141d-17d3-4eb5-a98c-bf02fab83d7c{ip: 10.1.1.21, host: fv-az204-790.d0ggoinxmwcejgojbuqly40l0e.cx.internal.cloudapp.net, ports: [REPLICATION=32879, RATIS=41277, RATIS_ADMIN=41277, RATIS_SERVER=41277, STANDALONE=41095], networkLocation: /default-rack, certSerialId: null, persistedOpState: null, persistedOpStateExpiryEpochSec: 0}2d845149-fded-4749-8bc2-118586f6e1d8{ip: 10.1.1.21, host: fv-az204-790.d0ggoinxmwcejgojbuqly40l0e.cx.internal.cloudapp.net, ports: [REPLICATION=33257, RATIS=44611, RATIS_ADMIN=44611, RATIS_SERVER=44611, STANDALONE=42467], networkLocation: /default-rack, certSerialId: null, persistedOpState: null, persistedOpStateExpiryEpochSec: 0}6e0ecbc9-7476-4900-ba73-72d2d77f3b59{ip: 10.1.1.21, host: fv-az204-790.d0ggoinxmwcejgojbuqly40l0e.cx.internal.cloudapp.net, ports: [REPLICATION=46225, RATIS=33835, RATIS_ADMIN=33835, RATIS_SERVER=33835, STANDALONE=38193], networkLocation: /default-rack, certSerialId: null, persistedOpState: null, persistedOpStateExpiryEpochSec: 0}73e45c1e-2154-45e4-89cc-96be25ad3181{ip: 10.1.1.21, host: fv-az204-790.d0ggoinxmwcejgojbuqly40l0e.cx.internal.cloudapp.net, ports: [REPLICATION=35763, RATIS=33171, RATIS_ADMIN=33171, RATIS_SERVER=33171, STANDALONE=35373], networkLocation: /default-rack, certSerialId: null, persistedOpState: null, persistedOpStateExpiryEpochSec: 0}20e90031-3f6f-4112-85ad-1ad3a95fac96{ip: 10.1.1.21, host: fv-az204-790.d0ggoinxmwcejgojbuqly40l0e.cx.internal.cloudapp.net, ports: [REPLICATION=36827, RATIS=38353, RATIS_ADMIN=38353, RATIS_SERVER=38353, STANDALONE=35379], networkLocation: /default-rack, certSerialId: null, persistedOpState: null, persistedOpStateExpiryEpochSec: 0}, ReplicationConfig: EC/ECReplicationConfig{data=3, parity=2, ecChunkSize=1048576, codec=rs}, State:ALLOCATED, leaderId:, CreationTimestamp2022-09-28T09:54:50.404Z[Etc/UTC]].
2022-09-28 09:54:50,405 [IPC Server handler 13 on default port 46299] INFO  pipeline.PipelineManagerImpl (PipelineManagerImpl.java:openPipeline(367)) - Pipeline Pipeline[ Id: 9b4bcf3a-3439-4de3-972f-d48682552a78, Nodes: 4506141d-17d3-4eb5-a98c-bf02fab83d7c{ip: 10.1.1.21, host: fv-az204-790.d0ggoinxmwcejgojbuqly40l0e.cx.internal.cloudapp.net, ports: [REPLICATION=32879, RATIS=41277, RATIS_ADMIN=41277, RATIS_SERVER=41277, STANDALONE=41095], networkLocation: /default-rack, certSerialId: null, persistedOpState: null, persistedOpStateExpiryEpochSec: 0}2d845149-fded-4749-8bc2-118586f6e1d8{ip: 10.1.1.21, host: fv-az204-790.d0ggoinxmwcejgojbuqly40l0e.cx.internal.cloudapp.net, ports: [REPLICATION=33257, RATIS=44611, RATIS_ADMIN=44611, RATIS_SERVER=44611, STANDALONE=42467], networkLocation: /default-rack, certSerialId: null, persistedOpState: null, persistedOpStateExpiryEpochSec: 0}6e0ecbc9-7476-4900-ba73-72d2d77f3b59{ip: 10.1.1.21, host: fv-az204-790.d0ggoinxmwcejgojbuqly40l0e.cx.internal.cloudapp.net, ports: [REPLICATION=46225, RATIS=33835, RATIS_ADMIN=33835, RATIS_SERVER=33835, STANDALONE=38193], networkLocation: /default-rack, certSerialId: null, persistedOpState: null, persistedOpStateExpiryEpochSec: 0}73e45c1e-2154-45e4-89cc-96be25ad3181{ip: 10.1.1.21, host: fv-az204-790.d0ggoinxmwcejgojbuqly40l0e.cx.internal.cloudapp.net, ports: [REPLICATION=35763, RATIS=33171, RATIS_ADMIN=33171, RATIS_SERVER=33171, STANDALONE=35373], networkLocation: /default-rack, certSerialId: null, persistedOpState: null, persistedOpStateExpiryEpochSec: 0}20e90031-3f6f-4112-85ad-1ad3a95fac96{ip: 10.1.1.21, host: fv-az204-790.d0ggoinxmwcejgojbuqly40l0e.cx.internal.cloudapp.net, ports: [REPLICATION=36827, RATIS=38353, RATIS_ADMIN=38353, RATIS_SERVER=38353, STANDALONE=35379], networkLocation: /default-rack, certSerialId: null, persistedOpState: null, persistedOpStateExpiryEpochSec: 0}, ReplicationConfig: EC/ECReplicationConfig{data=3, parity=2, ecChunkSize=1048576, codec=rs}, State:ALLOCATED, leaderId:, CreationTimestamp2022-09-28T09:54:50.404Z[Etc/UTC]] moved to OPEN state
2022-09-28 09:54:50,443 [Time-limited test] WARN  erasurecode.ErasureCodeNative (ErasureCodeNative.java:<clinit>(55)) - ISA-L support is not available in your platform... using builtin-java codec where applicable
2022-09-28 09:54:50,544 [IPC Server handler 1 on default port 46299] INFO  pipeline.PipelineStateManagerImpl (PipelineStateManagerImpl.java:addPipeline(103)) - Created pipeline Pipeline[ Id: 1a438e37-3700-414d-a197-f39214a9eea9, Nodes: 6e0ecbc9-7476-4900-ba73-72d2d77f3b59{ip: 10.1.1.21, host: fv-az204-790.d0ggoinxmwcejgojbuqly40l0e.cx.internal.cloudapp.net, ports: [REPLICATION=46225, RATIS=33835, RATIS_ADMIN=33835, RATIS_SERVER=33835, STANDALONE=38193], networkLocation: /default-rack, certSerialId: null, persistedOpState: null, persistedOpStateExpiryEpochSec: 0}73e45c1e-2154-45e4-89cc-96be25ad3181{ip: 10.1.1.21, host: fv-az204-790.d0ggoinxmwcejgojbuqly40l0e.cx.internal.cloudapp.net, ports: [REPLICATION=35763, RATIS=33171, RATIS_ADMIN=33171, RATIS_SERVER=33171, STANDALONE=35373], networkLocation: /default-rack, certSerialId: null, persistedOpState: null, persistedOpStateExpiryEpochSec: 0}2d845149-fded-4749-8bc2-118586f6e1d8{ip: 10.1.1.21, host: fv-az204-790.d0ggoinxmwcejgojbuqly40l0e.cx.internal.cloudapp.net, ports: [REPLICATION=33257, RATIS=44611, RATIS_ADMIN=44611, RATIS_SERVER=44611, STANDALONE=42467], networkLocation: /default-rack, certSerialId: null, persistedOpState: null, persistedOpStateExpiryEpochSec: 0}20e90031-3f6f-4112-85ad-1ad3a95fac96{ip: 10.1.1.21, host: fv-az204-790.d0ggoinxmwcejgojbuqly40l0e.cx.internal.cloudapp.net, ports: [REPLICATION=36827, RATIS=38353, RATIS_ADMIN=38353, RATIS_SERVER=38353, STANDALONE=35379], networkLocation: /default-rack, certSerialId: null, persistedOpState: null, persistedOpStateExpiryEpochSec: 0}4506141d-17d3-4eb5-a98c-bf02fab83d7c{ip: 10.1.1.21, host: fv-az204-790.d0ggoinxmwcejgojbuqly40l0e.cx.internal.cloudapp.net, ports: [REPLICATION=32879, RATIS=41277, RATIS_ADMIN=41277, RATIS_SERVER=41277, STANDALONE=41095], networkLocation: /default-rack, certSerialId: null, persistedOpState: null, persistedOpStateExpiryEpochSec: 0}, ReplicationConfig: EC/ECReplicationConfig{data=3, parity=2, ecChunkSize=1048576, codec=rs}, State:ALLOCATED, leaderId:, CreationTimestamp2022-09-28T09:54:50.544Z[Etc/UTC]].
2022-09-28 09:54:50,546 [IPC Server handler 1 on default port 46299] INFO  pipeline.PipelineManagerImpl (PipelineManagerImpl.java:openPipeline(367)) - Pipeline Pipeline[ Id: 1a438e37-3700-414d-a197-f39214a9eea9, Nodes: 6e0ecbc9-7476-4900-ba73-72d2d77f3b59{ip: 10.1.1.21, host: fv-az204-790.d0ggoinxmwcejgojbuqly40l0e.cx.internal.cloudapp.net, ports: [REPLICATION=46225, RATIS=33835, RATIS_ADMIN=33835, RATIS_SERVER=33835, STANDALONE=38193], networkLocation: /default-rack, certSerialId: null, persistedOpState: null, persistedOpStateExpiryEpochSec: 0}73e45c1e-2154-45e4-89cc-96be25ad3181{ip: 10.1.1.21, host: fv-az204-790.d0ggoinxmwcejgojbuqly40l0e.cx.internal.cloudapp.net, ports: [REPLICATION=35763, RATIS=33171, RATIS_ADMIN=33171, RATIS_SERVER=33171, STANDALONE=35373], networkLocation: /default-rack, certSerialId: null, persistedOpState: null, persistedOpStateExpiryEpochSec: 0}2d845149-fded-4749-8bc2-118586f6e1d8{ip: 10.1.1.21, host: fv-az204-790.d0ggoinxmwcejgojbuqly40l0e.cx.internal.cloudapp.net, ports: [REPLICATION=33257, RATIS=44611, RATIS_ADMIN=44611, RATIS_SERVER=44611, STANDALONE=42467], networkLocation: /default-rack, certSerialId: null, persistedOpState: null, persistedOpStateExpiryEpochSec: 0}20e90031-3f6f-4112-85ad-1ad3a95fac96{ip: 10.1.1.21, host: fv-az204-790.d0ggoinxmwcejgojbuqly40l0e.cx.internal.cloudapp.net, ports: [REPLICATION=36827, RATIS=38353, RATIS_ADMIN=38353, RATIS_SERVER=38353, STANDALONE=35379], networkLocation: /default-rack, certSerialId: null, persistedOpState: null, persistedOpStateExpiryEpochSec: 0}4506141d-17d3-4eb5-a98c-bf02fab83d7c{ip: 10.1.1.21, host: fv-az204-790.d0ggoinxmwcejgojbuqly40l0e.cx.internal.cloudapp.net, ports: [REPLICATION=32879, RATIS=41277, RATIS_ADMIN=41277, RATIS_SERVER=41277, STANDALONE=41095], networkLocation: /default-rack, certSerialId: null, persistedOpState: null, persistedOpStateExpiryEpochSec: 0}, ReplicationConfig: EC/ECReplicationConfig{data=3, parity=2, ecChunkSize=1048576, codec=rs}, State:ALLOCATED, leaderId:, CreationTimestamp2022-09-28T09:54:50.544Z[Etc/UTC]] moved to OPEN state
]]></system-out>
  </testcase>
  <testcase name="testCreateKeyShouldUseRefreshedBucketReplicationConfig" classname="TestOzoneFileSystem" time="0.367">
    <system-out><![CDATA[2022-09-28 09:56:09,662 [Time-limited test] INFO  rpc.RpcClient (RpcClient.java:createVolume(471)) - Creating Volume: volume17744, with user47931 as owner and space quota set to -1 bytes, counts quota set to -1
2022-09-28 09:56:09,663 [IPC Server handler 12 on default port 43879] INFO  volume.OMVolumeCreateRequest (OMVolumeCreateRequest.java:validateAndUpdateCache(195)) - created volume:volume17744 for user:user47931
2022-09-28 09:56:09,673 [Time-limited test] INFO  rpc.RpcClient (RpcClient.java:createBucket(674)) - Creating Bucket: volume17744/bucket87245, with bucket layout LEGACY, runner as owner, Versioning false, Storage Type set to DISK and Encryption set to false 
2022-09-28 09:56:09,673 [IPC Server handler 3 on default port 43879] INFO  bucket.OMBucketCreateRequest (OMBucketCreateRequest.java:validateAndUpdateCache(260)) - created bucket: bucket87245 of layout LEGACY in volume: volume17744
2022-09-28 09:56:09,795 [IPC Server handler 10 on default port 39545] INFO  pipeline.PipelineStateManagerImpl (PipelineStateManagerImpl.java:addPipeline(103)) - Created pipeline Pipeline[ Id: 9180f483-7621-4c82-a89c-08bf50542834, Nodes: ec4a64e7-ce22-4d24-87ce-b09328d2691b{ip: 10.1.1.21, host: fv-az204-790.d0ggoinxmwcejgojbuqly40l0e.cx.internal.cloudapp.net, ports: [REPLICATION=35943, RATIS=44059, RATIS_ADMIN=44059, RATIS_SERVER=44059, STANDALONE=35265], networkLocation: /default-rack, certSerialId: null, persistedOpState: null, persistedOpStateExpiryEpochSec: 0}1b053f0e-6c50-44bd-8a3e-e6e9059b4658{ip: 10.1.1.21, host: fv-az204-790.d0ggoinxmwcejgojbuqly40l0e.cx.internal.cloudapp.net, ports: [REPLICATION=45325, RATIS=37401, RATIS_ADMIN=37401, RATIS_SERVER=37401, STANDALONE=42393], networkLocation: /default-rack, certSerialId: null, persistedOpState: null, persistedOpStateExpiryEpochSec: 0}95d95f87-bef6-4afe-b94c-79128d6ebe0d{ip: 10.1.1.21, host: fv-az204-790.d0ggoinxmwcejgojbuqly40l0e.cx.internal.cloudapp.net, ports: [REPLICATION=35005, RATIS=33103, RATIS_ADMIN=33103, RATIS_SERVER=33103, STANDALONE=39779], networkLocation: /default-rack, certSerialId: null, persistedOpState: null, persistedOpStateExpiryEpochSec: 0}2152fb0b-d20f-4f54-8933-ac8d98653da6{ip: 10.1.1.21, host: fv-az204-790.d0ggoinxmwcejgojbuqly40l0e.cx.internal.cloudapp.net, ports: [REPLICATION=39739, RATIS=35785, RATIS_ADMIN=35785, RATIS_SERVER=35785, STANDALONE=41765], networkLocation: /default-rack, certSerialId: null, persistedOpState: null, persistedOpStateExpiryEpochSec: 0}f6366748-b663-4af7-9537-447b2f8f9c55{ip: 10.1.1.21, host: fv-az204-790.d0ggoinxmwcejgojbuqly40l0e.cx.internal.cloudapp.net, ports: [REPLICATION=36235, RATIS=38099, RATIS_ADMIN=38099, RATIS_SERVER=38099, STANDALONE=35329], networkLocation: /default-rack, certSerialId: null, persistedOpState: null, persistedOpStateExpiryEpochSec: 0}, ReplicationConfig: EC/ECReplicationConfig{data=3, parity=2, ecChunkSize=1048576, codec=rs}, State:ALLOCATED, leaderId:, CreationTimestamp2022-09-28T09:56:09.795Z[Etc/UTC]].
2022-09-28 09:56:09,796 [IPC Server handler 10 on default port 39545] INFO  pipeline.PipelineManagerImpl (PipelineManagerImpl.java:openPipeline(367)) - Pipeline Pipeline[ Id: 9180f483-7621-4c82-a89c-08bf50542834, Nodes: ec4a64e7-ce22-4d24-87ce-b09328d2691b{ip: 10.1.1.21, host: fv-az204-790.d0ggoinxmwcejgojbuqly40l0e.cx.internal.cloudapp.net, ports: [REPLICATION=35943, RATIS=44059, RATIS_ADMIN=44059, RATIS_SERVER=44059, STANDALONE=35265], networkLocation: /default-rack, certSerialId: null, persistedOpState: null, persistedOpStateExpiryEpochSec: 0}1b053f0e-6c50-44bd-8a3e-e6e9059b4658{ip: 10.1.1.21, host: fv-az204-790.d0ggoinxmwcejgojbuqly40l0e.cx.internal.cloudapp.net, ports: [REPLICATION=45325, RATIS=37401, RATIS_ADMIN=37401, RATIS_SERVER=37401, STANDALONE=42393], networkLocation: /default-rack, certSerialId: null, persistedOpState: null, persistedOpStateExpiryEpochSec: 0}95d95f87-bef6-4afe-b94c-79128d6ebe0d{ip: 10.1.1.21, host: fv-az204-790.d0ggoinxmwcejgojbuqly40l0e.cx.internal.cloudapp.net, ports: [REPLICATION=35005, RATIS=33103, RATIS_ADMIN=33103, RATIS_SERVER=33103, STANDALONE=39779], networkLocation: /default-rack, certSerialId: null, persistedOpState: null, persistedOpStateExpiryEpochSec: 0}2152fb0b-d20f-4f54-8933-ac8d98653da6{ip: 10.1.1.21, host: fv-az204-790.d0ggoinxmwcejgojbuqly40l0e.cx.internal.cloudapp.net, ports: [REPLICATION=39739, RATIS=35785, RATIS_ADMIN=35785, RATIS_SERVER=35785, STANDALONE=41765], networkLocation: /default-rack, certSerialId: null, persistedOpState: null, persistedOpStateExpiryEpochSec: 0}f6366748-b663-4af7-9537-447b2f8f9c55{ip: 10.1.1.21, host: fv-az204-790.d0ggoinxmwcejgojbuqly40l0e.cx.internal.cloudapp.net, ports: [REPLICATION=36235, RATIS=38099, RATIS_ADMIN=38099, RATIS_SERVER=38099, STANDALONE=35329], networkLocation: /default-rack, certSerialId: null, persistedOpState: null, persistedOpStateExpiryEpochSec: 0}, ReplicationConfig: EC/ECReplicationConfig{data=3, parity=2, ecChunkSize=1048576, codec=rs}, State:ALLOCATED, leaderId:, CreationTimestamp2022-09-28T09:56:09.795Z[Etc/UTC]] moved to OPEN state
2022-09-28 09:56:09,865 [IPC Server handler 11 on default port 39545] INFO  pipeline.PipelineStateManagerImpl (PipelineStateManagerImpl.java:addPipeline(103)) - Created pipeline Pipeline[ Id: 9e076f41-cdd4-47b4-ae91-6998496a095f, Nodes: ec4a64e7-ce22-4d24-87ce-b09328d2691b{ip: 10.1.1.21, host: fv-az204-790.d0ggoinxmwcejgojbuqly40l0e.cx.internal.cloudapp.net, ports: [REPLICATION=35943, RATIS=44059, RATIS_ADMIN=44059, RATIS_SERVER=44059, STANDALONE=35265], networkLocation: /default-rack, certSerialId: null, persistedOpState: null, persistedOpStateExpiryEpochSec: 0}f6366748-b663-4af7-9537-447b2f8f9c55{ip: 10.1.1.21, host: fv-az204-790.d0ggoinxmwcejgojbuqly40l0e.cx.internal.cloudapp.net, ports: [REPLICATION=36235, RATIS=38099, RATIS_ADMIN=38099, RATIS_SERVER=38099, STANDALONE=35329], networkLocation: /default-rack, certSerialId: null, persistedOpState: null, persistedOpStateExpiryEpochSec: 0}1b053f0e-6c50-44bd-8a3e-e6e9059b4658{ip: 10.1.1.21, host: fv-az204-790.d0ggoinxmwcejgojbuqly40l0e.cx.internal.cloudapp.net, ports: [REPLICATION=45325, RATIS=37401, RATIS_ADMIN=37401, RATIS_SERVER=37401, STANDALONE=42393], networkLocation: /default-rack, certSerialId: null, persistedOpState: null, persistedOpStateExpiryEpochSec: 0}95d95f87-bef6-4afe-b94c-79128d6ebe0d{ip: 10.1.1.21, host: fv-az204-790.d0ggoinxmwcejgojbuqly40l0e.cx.internal.cloudapp.net, ports: [REPLICATION=35005, RATIS=33103, RATIS_ADMIN=33103, RATIS_SERVER=33103, STANDALONE=39779], networkLocation: /default-rack, certSerialId: null, persistedOpState: null, persistedOpStateExpiryEpochSec: 0}2152fb0b-d20f-4f54-8933-ac8d98653da6{ip: 10.1.1.21, host: fv-az204-790.d0ggoinxmwcejgojbuqly40l0e.cx.internal.cloudapp.net, ports: [REPLICATION=39739, RATIS=35785, RATIS_ADMIN=35785, RATIS_SERVER=35785, STANDALONE=41765], networkLocation: /default-rack, certSerialId: null, persistedOpState: null, persistedOpStateExpiryEpochSec: 0}, ReplicationConfig: EC/ECReplicationConfig{data=3, parity=2, ecChunkSize=1048576, codec=rs}, State:ALLOCATED, leaderId:, CreationTimestamp2022-09-28T09:56:09.865Z[Etc/UTC]].
2022-09-28 09:56:09,868 [IPC Server handler 11 on default port 39545] INFO  pipeline.PipelineManagerImpl (PipelineManagerImpl.java:openPipeline(367)) - Pipeline Pipeline[ Id: 9e076f41-cdd4-47b4-ae91-6998496a095f, Nodes: ec4a64e7-ce22-4d24-87ce-b09328d2691b{ip: 10.1.1.21, host: fv-az204-790.d0ggoinxmwcejgojbuqly40l0e.cx.internal.cloudapp.net, ports: [REPLICATION=35943, RATIS=44059, RATIS_ADMIN=44059, RATIS_SERVER=44059, STANDALONE=35265], networkLocation: /default-rack, certSerialId: null, persistedOpState: null, persistedOpStateExpiryEpochSec: 0}f6366748-b663-4af7-9537-447b2f8f9c55{ip: 10.1.1.21, host: fv-az204-790.d0ggoinxmwcejgojbuqly40l0e.cx.internal.cloudapp.net, ports: [REPLICATION=36235, RATIS=38099, RATIS_ADMIN=38099, RATIS_SERVER=38099, STANDALONE=35329], networkLocation: /default-rack, certSerialId: null, persistedOpState: null, persistedOpStateExpiryEpochSec: 0}1b053f0e-6c50-44bd-8a3e-e6e9059b4658{ip: 10.1.1.21, host: fv-az204-790.d0ggoinxmwcejgojbuqly40l0e.cx.internal.cloudapp.net, ports: [REPLICATION=45325, RATIS=37401, RATIS_ADMIN=37401, RATIS_SERVER=37401, STANDALONE=42393], networkLocation: /default-rack, certSerialId: null, persistedOpState: null, persistedOpStateExpiryEpochSec: 0}95d95f87-bef6-4afe-b94c-79128d6ebe0d{ip: 10.1.1.21, host: fv-az204-790.d0ggoinxmwcejgojbuqly40l0e.cx.internal.cloudapp.net, ports: [REPLICATION=35005, RATIS=33103, RATIS_ADMIN=33103, RATIS_SERVER=33103, STANDALONE=39779], networkLocation: /default-rack, certSerialId: null, persistedOpState: null, persistedOpStateExpiryEpochSec: 0}2152fb0b-d20f-4f54-8933-ac8d98653da6{ip: 10.1.1.21, host: fv-az204-790.d0ggoinxmwcejgojbuqly40l0e.cx.internal.cloudapp.net, ports: [REPLICATION=39739, RATIS=35785, RATIS_ADMIN=35785, RATIS_SERVER=35785, STANDALONE=41765], networkLocation: /default-rack, certSerialId: null, persistedOpState: null, persistedOpStateExpiryEpochSec: 0}, ReplicationConfig: EC/ECReplicationConfig{data=3, parity=2, ecChunkSize=1048576, codec=rs}, State:ALLOCATED, leaderId:, CreationTimestamp2022-09-28T09:56:09.865Z[Etc/UTC]] moved to OPEN state
]]></system-out>
  </testcase>
  <testcase name="testCreateKeyShouldUseRefreshedBucketReplicationConfig" classname="TestOzoneFileSystem" time="0.551">
    <system-out><![CDATA[2022-09-28 09:57:49,137 [Time-limited test] INFO  rpc.RpcClient (RpcClient.java:createVolume(471)) - Creating Volume: volume50812, with user13885 as owner and space quota set to -1 bytes, counts quota set to -1
2022-09-28 09:57:49,148 [OM StateMachine ApplyTransaction Thread - 0] INFO  volume.OMVolumeCreateRequest (OMVolumeCreateRequest.java:validateAndUpdateCache(195)) - created volume:volume50812 for user:user13885
2022-09-28 09:57:49,150 [Time-limited test] INFO  rpc.RpcClient (RpcClient.java:createBucket(674)) - Creating Bucket: volume50812/bucket40154, with bucket layout LEGACY, runner as owner, Versioning false, Storage Type set to DISK and Encryption set to false 
2022-09-28 09:57:49,151 [OM StateMachine ApplyTransaction Thread - 0] INFO  bucket.OMBucketCreateRequest (OMBucketCreateRequest.java:validateAndUpdateCache(260)) - created bucket: bucket40154 of layout LEGACY in volume: volume50812
2022-09-28 09:57:49,240 [IPC Server handler 17 on default port 33631] INFO  pipeline.PipelineStateManagerImpl (PipelineStateManagerImpl.java:addPipeline(103)) - Created pipeline Pipeline[ Id: caf8f9d1-aca2-4eea-84c7-69039c6165bc, Nodes: 3b57bdd7-9f20-481e-9079-9bba3cbb79ed{ip: 10.1.1.21, host: fv-az204-790.d0ggoinxmwcejgojbuqly40l0e.cx.internal.cloudapp.net, ports: [REPLICATION=32857, RATIS=44439, RATIS_ADMIN=44439, RATIS_SERVER=44439, STANDALONE=46693], networkLocation: /default-rack, certSerialId: null, persistedOpState: null, persistedOpStateExpiryEpochSec: 0}9ea057a0-30fc-4465-ba53-d20d8addab64{ip: 10.1.1.21, host: fv-az204-790.d0ggoinxmwcejgojbuqly40l0e.cx.internal.cloudapp.net, ports: [REPLICATION=38537, RATIS=34661, RATIS_ADMIN=34661, RATIS_SERVER=34661, STANDALONE=33689], networkLocation: /default-rack, certSerialId: null, persistedOpState: null, persistedOpStateExpiryEpochSec: 0}acee90ba-6a36-4d19-a884-4d9c08123ee0{ip: 10.1.1.21, host: fv-az204-790.d0ggoinxmwcejgojbuqly40l0e.cx.internal.cloudapp.net, ports: [REPLICATION=41927, RATIS=36911, RATIS_ADMIN=36911, RATIS_SERVER=36911, STANDALONE=35683], networkLocation: /default-rack, certSerialId: null, persistedOpState: null, persistedOpStateExpiryEpochSec: 0}81dd36da-3863-49d7-8e4a-0ce023160f67{ip: 10.1.1.21, host: fv-az204-790.d0ggoinxmwcejgojbuqly40l0e.cx.internal.cloudapp.net, ports: [REPLICATION=34573, RATIS=41931, RATIS_ADMIN=41931, RATIS_SERVER=41931, STANDALONE=42525], networkLocation: /default-rack, certSerialId: null, persistedOpState: null, persistedOpStateExpiryEpochSec: 0}125338ac-43fd-4d6a-ab02-d24e123888c3{ip: 10.1.1.21, host: fv-az204-790.d0ggoinxmwcejgojbuqly40l0e.cx.internal.cloudapp.net, ports: [REPLICATION=41233, RATIS=41005, RATIS_ADMIN=41005, RATIS_SERVER=41005, STANDALONE=38003], networkLocation: /default-rack, certSerialId: null, persistedOpState: null, persistedOpStateExpiryEpochSec: 0}, ReplicationConfig: EC/ECReplicationConfig{data=3, parity=2, ecChunkSize=1048576, codec=rs}, State:ALLOCATED, leaderId:, CreationTimestamp2022-09-28T09:57:49.240Z[Etc/UTC]].
2022-09-28 09:57:49,241 [IPC Server handler 17 on default port 33631] INFO  pipeline.PipelineManagerImpl (PipelineManagerImpl.java:openPipeline(367)) - Pipeline Pipeline[ Id: caf8f9d1-aca2-4eea-84c7-69039c6165bc, Nodes: 3b57bdd7-9f20-481e-9079-9bba3cbb79ed{ip: 10.1.1.21, host: fv-az204-790.d0ggoinxmwcejgojbuqly40l0e.cx.internal.cloudapp.net, ports: [REPLICATION=32857, RATIS=44439, RATIS_ADMIN=44439, RATIS_SERVER=44439, STANDALONE=46693], networkLocation: /default-rack, certSerialId: null, persistedOpState: null, persistedOpStateExpiryEpochSec: 0}9ea057a0-30fc-4465-ba53-d20d8addab64{ip: 10.1.1.21, host: fv-az204-790.d0ggoinxmwcejgojbuqly40l0e.cx.internal.cloudapp.net, ports: [REPLICATION=38537, RATIS=34661, RATIS_ADMIN=34661, RATIS_SERVER=34661, STANDALONE=33689], networkLocation: /default-rack, certSerialId: null, persistedOpState: null, persistedOpStateExpiryEpochSec: 0}acee90ba-6a36-4d19-a884-4d9c08123ee0{ip: 10.1.1.21, host: fv-az204-790.d0ggoinxmwcejgojbuqly40l0e.cx.internal.cloudapp.net, ports: [REPLICATION=41927, RATIS=36911, RATIS_ADMIN=36911, RATIS_SERVER=36911, STANDALONE=35683], networkLocation: /default-rack, certSerialId: null, persistedOpState: null, persistedOpStateExpiryEpochSec: 0}81dd36da-3863-49d7-8e4a-0ce023160f67{ip: 10.1.1.21, host: fv-az204-790.d0ggoinxmwcejgojbuqly40l0e.cx.internal.cloudapp.net, ports: [REPLICATION=34573, RATIS=41931, RATIS_ADMIN=41931, RATIS_SERVER=41931, STANDALONE=42525], networkLocation: /default-rack, certSerialId: null, persistedOpState: null, persistedOpStateExpiryEpochSec: 0}125338ac-43fd-4d6a-ab02-d24e123888c3{ip: 10.1.1.21, host: fv-az204-790.d0ggoinxmwcejgojbuqly40l0e.cx.internal.cloudapp.net, ports: [REPLICATION=41233, RATIS=41005, RATIS_ADMIN=41005, RATIS_SERVER=41005, STANDALONE=38003], networkLocation: /default-rack, certSerialId: null, persistedOpState: null, persistedOpStateExpiryEpochSec: 0}, ReplicationConfig: EC/ECReplicationConfig{data=3, parity=2, ecChunkSize=1048576, codec=rs}, State:ALLOCATED, leaderId:, CreationTimestamp2022-09-28T09:57:49.240Z[Etc/UTC]] moved to OPEN state
2022-09-28 09:57:49,411 [IPC Server handler 18 on default port 33631] INFO  pipeline.PipelineStateManagerImpl (PipelineStateManagerImpl.java:addPipeline(103)) - Created pipeline Pipeline[ Id: de5971df-8802-411e-88c6-cb770cb5d2db, Nodes: 3b57bdd7-9f20-481e-9079-9bba3cbb79ed{ip: 10.1.1.21, host: fv-az204-790.d0ggoinxmwcejgojbuqly40l0e.cx.internal.cloudapp.net, ports: [REPLICATION=32857, RATIS=44439, RATIS_ADMIN=44439, RATIS_SERVER=44439, STANDALONE=46693], networkLocation: /default-rack, certSerialId: null, persistedOpState: null, persistedOpStateExpiryEpochSec: 0}125338ac-43fd-4d6a-ab02-d24e123888c3{ip: 10.1.1.21, host: fv-az204-790.d0ggoinxmwcejgojbuqly40l0e.cx.internal.cloudapp.net, ports: [REPLICATION=41233, RATIS=41005, RATIS_ADMIN=41005, RATIS_SERVER=41005, STANDALONE=38003], networkLocation: /default-rack, certSerialId: null, persistedOpState: null, persistedOpStateExpiryEpochSec: 0}9ea057a0-30fc-4465-ba53-d20d8addab64{ip: 10.1.1.21, host: fv-az204-790.d0ggoinxmwcejgojbuqly40l0e.cx.internal.cloudapp.net, ports: [REPLICATION=38537, RATIS=34661, RATIS_ADMIN=34661, RATIS_SERVER=34661, STANDALONE=33689], networkLocation: /default-rack, certSerialId: null, persistedOpState: null, persistedOpStateExpiryEpochSec: 0}acee90ba-6a36-4d19-a884-4d9c08123ee0{ip: 10.1.1.21, host: fv-az204-790.d0ggoinxmwcejgojbuqly40l0e.cx.internal.cloudapp.net, ports: [REPLICATION=41927, RATIS=36911, RATIS_ADMIN=36911, RATIS_SERVER=36911, STANDALONE=35683], networkLocation: /default-rack, certSerialId: null, persistedOpState: null, persistedOpStateExpiryEpochSec: 0}81dd36da-3863-49d7-8e4a-0ce023160f67{ip: 10.1.1.21, host: fv-az204-790.d0ggoinxmwcejgojbuqly40l0e.cx.internal.cloudapp.net, ports: [REPLICATION=34573, RATIS=41931, RATIS_ADMIN=41931, RATIS_SERVER=41931, STANDALONE=42525], networkLocation: /default-rack, certSerialId: null, persistedOpState: null, persistedOpStateExpiryEpochSec: 0}, ReplicationConfig: EC/ECReplicationConfig{data=3, parity=2, ecChunkSize=1048576, codec=rs}, State:ALLOCATED, leaderId:, CreationTimestamp2022-09-28T09:57:49.411Z[Etc/UTC]].
2022-09-28 09:57:49,412 [IPC Server handler 18 on default port 33631] INFO  pipeline.PipelineManagerImpl (PipelineManagerImpl.java:openPipeline(367)) - Pipeline Pipeline[ Id: de5971df-8802-411e-88c6-cb770cb5d2db, Nodes: 3b57bdd7-9f20-481e-9079-9bba3cbb79ed{ip: 10.1.1.21, host: fv-az204-790.d0ggoinxmwcejgojbuqly40l0e.cx.internal.cloudapp.net, ports: [REPLICATION=32857, RATIS=44439, RATIS_ADMIN=44439, RATIS_SERVER=44439, STANDALONE=46693], networkLocation: /default-rack, certSerialId: null, persistedOpState: null, persistedOpStateExpiryEpochSec: 0}125338ac-43fd-4d6a-ab02-d24e123888c3{ip: 10.1.1.21, host: fv-az204-790.d0ggoinxmwcejgojbuqly40l0e.cx.internal.cloudapp.net, ports: [REPLICATION=41233, RATIS=41005, RATIS_ADMIN=41005, RATIS_SERVER=41005, STANDALONE=38003], networkLocation: /default-rack, certSerialId: null, persistedOpState: null, persistedOpStateExpiryEpochSec: 0}9ea057a0-30fc-4465-ba53-d20d8addab64{ip: 10.1.1.21, host: fv-az204-790.d0ggoinxmwcejgojbuqly40l0e.cx.internal.cloudapp.net, ports: [REPLICATION=38537, RATIS=34661, RATIS_ADMIN=34661, RATIS_SERVER=34661, STANDALONE=33689], networkLocation: /default-rack, certSerialId: null, persistedOpState: null, persistedOpStateExpiryEpochSec: 0}acee90ba-6a36-4d19-a884-4d9c08123ee0{ip: 10.1.1.21, host: fv-az204-790.d0ggoinxmwcejgojbuqly40l0e.cx.internal.cloudapp.net, ports: [REPLICATION=41927, RATIS=36911, RATIS_ADMIN=36911, RATIS_SERVER=36911, STANDALONE=35683], networkLocation: /default-rack, certSerialId: null, persistedOpState: null, persistedOpStateExpiryEpochSec: 0}81dd36da-3863-49d7-8e4a-0ce023160f67{ip: 10.1.1.21, host: fv-az204-790.d0ggoinxmwcejgojbuqly40l0e.cx.internal.cloudapp.net, ports: [REPLICATION=34573, RATIS=41931, RATIS_ADMIN=41931, RATIS_SERVER=41931, STANDALONE=42525], networkLocation: /default-rack, certSerialId: null, persistedOpState: null, persistedOpStateExpiryEpochSec: 0}, ReplicationConfig: EC/ECReplicationConfig{data=3, parity=2, ecChunkSize=1048576, codec=rs}, State:ALLOCATED, leaderId:, CreationTimestamp2022-09-28T09:57:49.411Z[Etc/UTC]] moved to OPEN state
]]></system-out>
  </testcase>
  <testcase name="testCreateKeyShouldUseRefreshedBucketReplicationConfig" classname="TestOzoneFileSystem" time="0.503">
    <system-out><![CDATA[2022-09-28 09:59:50,805 [Time-limited test] INFO  rpc.RpcClient (RpcClient.java:createVolume(471)) - Creating Volume: volume70801, with user91677 as owner and space quota set to -1 bytes, counts quota set to -1
2022-09-28 09:59:50,848 [IPC Server handler 13 on default port 38925] INFO  volume.OMVolumeCreateRequest (OMVolumeCreateRequest.java:validateAndUpdateCache(195)) - created volume:volume70801 for user:user91677
2022-09-28 09:59:50,851 [Time-limited test] INFO  rpc.RpcClient (RpcClient.java:createBucket(674)) - Creating Bucket: volume70801/bucket82955, with bucket layout LEGACY, runner as owner, Versioning false, Storage Type set to DISK and Encryption set to false 
2022-09-28 09:59:50,851 [IPC Server handler 19 on default port 38925] INFO  bucket.OMBucketCreateRequest (OMBucketCreateRequest.java:validateAndUpdateCache(260)) - created bucket: bucket82955 of layout LEGACY in volume: volume70801
2022-09-28 09:59:50,994 [IPC Server handler 10 on default port 40695] INFO  pipeline.PipelineStateManagerImpl (PipelineStateManagerImpl.java:addPipeline(103)) - Created pipeline Pipeline[ Id: f697c8f8-ec47-452b-8e65-b5f9ee709f01, Nodes: 9e9c1c6a-451f-46d5-9738-b004dc1aedb2{ip: 10.1.1.21, host: fv-az204-790.d0ggoinxmwcejgojbuqly40l0e.cx.internal.cloudapp.net, ports: [REPLICATION=44767, RATIS=38097, RATIS_ADMIN=38097, RATIS_SERVER=38097, STANDALONE=34747], networkLocation: /default-rack, certSerialId: null, persistedOpState: null, persistedOpStateExpiryEpochSec: 0}80fc50c2-999b-4282-ba04-29b80da548ab{ip: 10.1.1.21, host: fv-az204-790.d0ggoinxmwcejgojbuqly40l0e.cx.internal.cloudapp.net, ports: [REPLICATION=35443, RATIS=45007, RATIS_ADMIN=45007, RATIS_SERVER=45007, STANDALONE=35327], networkLocation: /default-rack, certSerialId: null, persistedOpState: null, persistedOpStateExpiryEpochSec: 0}fa5dce8c-80cb-4c43-9e0a-2a910fa20985{ip: 10.1.1.21, host: fv-az204-790.d0ggoinxmwcejgojbuqly40l0e.cx.internal.cloudapp.net, ports: [REPLICATION=37109, RATIS=40407, RATIS_ADMIN=40407, RATIS_SERVER=40407, STANDALONE=41339], networkLocation: /default-rack, certSerialId: null, persistedOpState: null, persistedOpStateExpiryEpochSec: 0}44e4ad90-3045-4837-8321-a98dd49203be{ip: 10.1.1.21, host: fv-az204-790.d0ggoinxmwcejgojbuqly40l0e.cx.internal.cloudapp.net, ports: [REPLICATION=35305, RATIS=45577, RATIS_ADMIN=45577, RATIS_SERVER=45577, STANDALONE=34865], networkLocation: /default-rack, certSerialId: null, persistedOpState: null, persistedOpStateExpiryEpochSec: 0}cc7744e9-0de8-45fb-8568-4a259232bd8e{ip: 10.1.1.21, host: fv-az204-790.d0ggoinxmwcejgojbuqly40l0e.cx.internal.cloudapp.net, ports: [REPLICATION=43229, RATIS=39329, RATIS_ADMIN=39329, RATIS_SERVER=39329, STANDALONE=40963], networkLocation: /default-rack, certSerialId: null, persistedOpState: null, persistedOpStateExpiryEpochSec: 0}, ReplicationConfig: EC/ECReplicationConfig{data=3, parity=2, ecChunkSize=1048576, codec=rs}, State:ALLOCATED, leaderId:, CreationTimestamp2022-09-28T09:59:50.994Z[Etc/UTC]].
2022-09-28 09:59:50,994 [IPC Server handler 10 on default port 40695] INFO  pipeline.PipelineManagerImpl (PipelineManagerImpl.java:openPipeline(367)) - Pipeline Pipeline[ Id: f697c8f8-ec47-452b-8e65-b5f9ee709f01, Nodes: 9e9c1c6a-451f-46d5-9738-b004dc1aedb2{ip: 10.1.1.21, host: fv-az204-790.d0ggoinxmwcejgojbuqly40l0e.cx.internal.cloudapp.net, ports: [REPLICATION=44767, RATIS=38097, RATIS_ADMIN=38097, RATIS_SERVER=38097, STANDALONE=34747], networkLocation: /default-rack, certSerialId: null, persistedOpState: null, persistedOpStateExpiryEpochSec: 0}80fc50c2-999b-4282-ba04-29b80da548ab{ip: 10.1.1.21, host: fv-az204-790.d0ggoinxmwcejgojbuqly40l0e.cx.internal.cloudapp.net, ports: [REPLICATION=35443, RATIS=45007, RATIS_ADMIN=45007, RATIS_SERVER=45007, STANDALONE=35327], networkLocation: /default-rack, certSerialId: null, persistedOpState: null, persistedOpStateExpiryEpochSec: 0}fa5dce8c-80cb-4c43-9e0a-2a910fa20985{ip: 10.1.1.21, host: fv-az204-790.d0ggoinxmwcejgojbuqly40l0e.cx.internal.cloudapp.net, ports: [REPLICATION=37109, RATIS=40407, RATIS_ADMIN=40407, RATIS_SERVER=40407, STANDALONE=41339], networkLocation: /default-rack, certSerialId: null, persistedOpState: null, persistedOpStateExpiryEpochSec: 0}44e4ad90-3045-4837-8321-a98dd49203be{ip: 10.1.1.21, host: fv-az204-790.d0ggoinxmwcejgojbuqly40l0e.cx.internal.cloudapp.net, ports: [REPLICATION=35305, RATIS=45577, RATIS_ADMIN=45577, RATIS_SERVER=45577, STANDALONE=34865], networkLocation: /default-rack, certSerialId: null, persistedOpState: null, persistedOpStateExpiryEpochSec: 0}cc7744e9-0de8-45fb-8568-4a259232bd8e{ip: 10.1.1.21, host: fv-az204-790.d0ggoinxmwcejgojbuqly40l0e.cx.internal.cloudapp.net, ports: [REPLICATION=43229, RATIS=39329, RATIS_ADMIN=39329, RATIS_SERVER=39329, STANDALONE=40963], networkLocation: /default-rack, certSerialId: null, persistedOpState: null, persistedOpStateExpiryEpochSec: 0}, ReplicationConfig: EC/ECReplicationConfig{data=3, parity=2, ecChunkSize=1048576, codec=rs}, State:ALLOCATED, leaderId:, CreationTimestamp2022-09-28T09:59:50.994Z[Etc/UTC]] moved to OPEN state
2022-09-28 09:59:51,106 [IPC Server handler 7 on default port 40695] INFO  pipeline.PipelineStateManagerImpl (PipelineStateManagerImpl.java:addPipeline(103)) - Created pipeline Pipeline[ Id: 15845482-f7f6-4fee-a555-5071272f819a, Nodes: cc7744e9-0de8-45fb-8568-4a259232bd8e{ip: 10.1.1.21, host: fv-az204-790.d0ggoinxmwcejgojbuqly40l0e.cx.internal.cloudapp.net, ports: [REPLICATION=43229, RATIS=39329, RATIS_ADMIN=39329, RATIS_SERVER=39329, STANDALONE=40963], networkLocation: /default-rack, certSerialId: null, persistedOpState: null, persistedOpStateExpiryEpochSec: 0}80fc50c2-999b-4282-ba04-29b80da548ab{ip: 10.1.1.21, host: fv-az204-790.d0ggoinxmwcejgojbuqly40l0e.cx.internal.cloudapp.net, ports: [REPLICATION=35443, RATIS=45007, RATIS_ADMIN=45007, RATIS_SERVER=45007, STANDALONE=35327], networkLocation: /default-rack, certSerialId: null, persistedOpState: null, persistedOpStateExpiryEpochSec: 0}fa5dce8c-80cb-4c43-9e0a-2a910fa20985{ip: 10.1.1.21, host: fv-az204-790.d0ggoinxmwcejgojbuqly40l0e.cx.internal.cloudapp.net, ports: [REPLICATION=37109, RATIS=40407, RATIS_ADMIN=40407, RATIS_SERVER=40407, STANDALONE=41339], networkLocation: /default-rack, certSerialId: null, persistedOpState: null, persistedOpStateExpiryEpochSec: 0}9e9c1c6a-451f-46d5-9738-b004dc1aedb2{ip: 10.1.1.21, host: fv-az204-790.d0ggoinxmwcejgojbuqly40l0e.cx.internal.cloudapp.net, ports: [REPLICATION=44767, RATIS=38097, RATIS_ADMIN=38097, RATIS_SERVER=38097, STANDALONE=34747], networkLocation: /default-rack, certSerialId: null, persistedOpState: null, persistedOpStateExpiryEpochSec: 0}44e4ad90-3045-4837-8321-a98dd49203be{ip: 10.1.1.21, host: fv-az204-790.d0ggoinxmwcejgojbuqly40l0e.cx.internal.cloudapp.net, ports: [REPLICATION=35305, RATIS=45577, RATIS_ADMIN=45577, RATIS_SERVER=45577, STANDALONE=34865], networkLocation: /default-rack, certSerialId: null, persistedOpState: null, persistedOpStateExpiryEpochSec: 0}, ReplicationConfig: EC/ECReplicationConfig{data=3, parity=2, ecChunkSize=1048576, codec=rs}, State:ALLOCATED, leaderId:, CreationTimestamp2022-09-28T09:59:51.106Z[Etc/UTC]].
2022-09-28 09:59:51,106 [IPC Server handler 7 on default port 40695] INFO  pipeline.PipelineManagerImpl (PipelineManagerImpl.java:openPipeline(367)) - Pipeline Pipeline[ Id: 15845482-f7f6-4fee-a555-5071272f819a, Nodes: cc7744e9-0de8-45fb-8568-4a259232bd8e{ip: 10.1.1.21, host: fv-az204-790.d0ggoinxmwcejgojbuqly40l0e.cx.internal.cloudapp.net, ports: [REPLICATION=43229, RATIS=39329, RATIS_ADMIN=39329, RATIS_SERVER=39329, STANDALONE=40963], networkLocation: /default-rack, certSerialId: null, persistedOpState: null, persistedOpStateExpiryEpochSec: 0}80fc50c2-999b-4282-ba04-29b80da548ab{ip: 10.1.1.21, host: fv-az204-790.d0ggoinxmwcejgojbuqly40l0e.cx.internal.cloudapp.net, ports: [REPLICATION=35443, RATIS=45007, RATIS_ADMIN=45007, RATIS_SERVER=45007, STANDALONE=35327], networkLocation: /default-rack, certSerialId: null, persistedOpState: null, persistedOpStateExpiryEpochSec: 0}fa5dce8c-80cb-4c43-9e0a-2a910fa20985{ip: 10.1.1.21, host: fv-az204-790.d0ggoinxmwcejgojbuqly40l0e.cx.internal.cloudapp.net, ports: [REPLICATION=37109, RATIS=40407, RATIS_ADMIN=40407, RATIS_SERVER=40407, STANDALONE=41339], networkLocation: /default-rack, certSerialId: null, persistedOpState: null, persistedOpStateExpiryEpochSec: 0}9e9c1c6a-451f-46d5-9738-b004dc1aedb2{ip: 10.1.1.21, host: fv-az204-790.d0ggoinxmwcejgojbuqly40l0e.cx.internal.cloudapp.net, ports: [REPLICATION=44767, RATIS=38097, RATIS_ADMIN=38097, RATIS_SERVER=38097, STANDALONE=34747], networkLocation: /default-rack, certSerialId: null, persistedOpState: null, persistedOpStateExpiryEpochSec: 0}44e4ad90-3045-4837-8321-a98dd49203be{ip: 10.1.1.21, host: fv-az204-790.d0ggoinxmwcejgojbuqly40l0e.cx.internal.cloudapp.net, ports: [REPLICATION=35305, RATIS=45577, RATIS_ADMIN=45577, RATIS_SERVER=45577, STANDALONE=34865], networkLocation: /default-rack, certSerialId: null, persistedOpState: null, persistedOpStateExpiryEpochSec: 0}, ReplicationConfig: EC/ECReplicationConfig{data=3, parity=2, ecChunkSize=1048576, codec=rs}, State:ALLOCATED, leaderId:, CreationTimestamp2022-09-28T09:59:51.106Z[Etc/UTC]] moved to OPEN state
]]></system-out>
  </testcase>
  <testcase name="testListStatusIteratorOnRoot" classname="TestOzoneFileSystem" time="0.026"/>
  <testcase name="testListStatusIteratorOnRoot" classname="TestOzoneFileSystem" time="0.033"/>
  <testcase name="testListStatusIteratorOnRoot" classname="TestOzoneFileSystem" time="0.066"/>
  <testcase name="testListStatusIteratorOnRoot" classname="TestOzoneFileSystem" time="0.048"/>
  <testcase name="testRenameDirToFile" classname="TestOzoneFileSystem" time="0.03">
    <system-out><![CDATA[2022-09-28 09:54:50,622 [Time-limited test] WARN  ozone.BasicOzoneFileSystem (BasicOzoneFileSystem.java:rename(396)) - Failed to rename o3fs://bucket36363.volume02959/a/b/c to o3fs://bucket36363.volume02959/root/file1, file already exists!
]]></system-out>
  </testcase>
  <testcase name="testRenameDirToFile" classname="TestOzoneFileSystem" time="0.028">
    <system-out><![CDATA[2022-09-28 09:56:09,973 [Time-limited test] WARN  ozone.BasicOzoneFileSystem (BasicOzoneFileSystem.java:rename(396)) - Failed to rename o3fs://bucket29095.volume99279/a/b/c to o3fs://bucket29095.volume99279/root/file1, file already exists!
]]></system-out>
  </testcase>
  <testcase name="testRenameDirToFile" classname="TestOzoneFileSystem" time="0.08">
    <system-out><![CDATA[2022-09-28 09:57:49,658 [Time-limited test] WARN  ozone.BasicOzoneFileSystem (BasicOzoneFileSystem.java:rename(396)) - Failed to rename o3fs://bucket93813.volume16412/a/b/c to o3fs://bucket93813.volume16412/root/file1, file already exists!
]]></system-out>
  </testcase>
  <testcase name="testRenameDirToFile" classname="TestOzoneFileSystem" time="0.126">
    <system-out><![CDATA[2022-09-28 09:59:51,345 [Time-limited test] WARN  ozone.BasicOzoneFileSystem (BasicOzoneFileSystem.java:rename(396)) - Failed to rename o3fs://bucket52642.volume75139/a/b/c to o3fs://bucket52642.volume75139/root/file1, file already exists!
]]></system-out>
  </testcase>
  <testcase name="testRenameToNewSubDirShouldNotExist" classname="TestOzoneFileSystem" time="0.037">
    <system-out><![CDATA[2022-09-28 09:54:50,646 [Time-limited test] WARN  ozone.BasicOzoneFileSystem (BasicOzoneFileSystem.java:rename(390)) - Failed to rename o3fs://bucket36363.volume02959/a to o3fs://bucket36363.volume02959/b/a, file already exists or not empty!
2022-09-28 09:54:50,660 [Time-limited test] WARN  ozone.BasicOzoneFileSystem (BasicOzoneFileSystem.java:rename(390)) - Failed to rename o3fs://bucket36363.volume02959/file1 to o3fs://bucket36363.volume02959/a/file1, file already exists or not empty!
]]></system-out>
  </testcase>
  <testcase name="testRenameToNewSubDirShouldNotExist" classname="TestOzoneFileSystem" time="0.031">
    <system-out><![CDATA[2022-09-28 09:56:10,002 [Time-limited test] WARN  ozone.BasicOzoneFileSystem (BasicOzoneFileSystem.java:rename(390)) - Failed to rename o3fs://bucket29095.volume99279/a to o3fs://bucket29095.volume99279/b/a, file already exists or not empty!
2022-09-28 09:56:10,010 [Time-limited test] WARN  ozone.BasicOzoneFileSystem (BasicOzoneFileSystem.java:rename(390)) - Failed to rename o3fs://bucket29095.volume99279/file1 to o3fs://bucket29095.volume99279/a/file1, file already exists or not empty!
]]></system-out>
  </testcase>
  <testcase name="testRenameToNewSubDirShouldNotExist" classname="TestOzoneFileSystem" time="0.079">
    <system-out><![CDATA[2022-09-28 09:57:49,690 [Time-limited test] WARN  ozone.BasicOzoneFileSystem (BasicOzoneFileSystem.java:rename(390)) - Failed to rename o3fs://bucket93813.volume16412/a to o3fs://bucket93813.volume16412/b/a, file already exists or not empty!
2022-09-28 09:57:49,739 [Time-limited test] WARN  ozone.BasicOzoneFileSystem (BasicOzoneFileSystem.java:rename(390)) - Failed to rename o3fs://bucket93813.volume16412/file1 to o3fs://bucket93813.volume16412/a/file1, file already exists or not empty!
]]></system-out>
  </testcase>
  <testcase name="testRenameToNewSubDirShouldNotExist" classname="TestOzoneFileSystem" time="0.033">
    <system-out><![CDATA[2022-09-28 09:59:51,396 [Time-limited test] WARN  ozone.BasicOzoneFileSystem (BasicOzoneFileSystem.java:rename(390)) - Failed to rename o3fs://bucket52642.volume75139/a to o3fs://bucket52642.volume75139/b/a, file already exists or not empty!
2022-09-28 09:59:51,406 [Time-limited test] WARN  ozone.BasicOzoneFileSystem (BasicOzoneFileSystem.java:rename(390)) - Failed to rename o3fs://bucket52642.volume75139/file1 to o3fs://bucket52642.volume75139/a/file1, file already exists or not empty!
]]></system-out>
  </testcase>
  <testcase name="testListStatusOnLargeDirectoryForACLCheck" classname="TestOzoneFileSystem" time="1.982">
    <system-out><![CDATA[2022-09-28 09:54:52,630 [om1-client-thread1] INFO  segmented.SegmentedRaftLogWorker (SegmentedRaftLogWorker.java:rollLogSegment(430)) - om1@group-C5BA1605619E-SegmentedRaftLogWorker: Rolling segment log-0_36922 to index:36922
2022-09-28 09:54:52,631 [om1@group-C5BA1605619E-SegmentedRaftLogWorker] INFO  segmented.SegmentedRaftLogWorker (SegmentedRaftLogWorker.java:execute(586)) - om1@group-C5BA1605619E-SegmentedRaftLogWorker: Rolled log segment from /home/runner/work/ozone/ozone/hadoop-ozone/integration-test/target/test-dir/MiniOzoneClusterImpl-f38c25ab-2440-4177-af3f-c722ecf984ff/ozone-meta/ratis/bf265839-605b-3f16-9796-c5ba1605619e/current/log_inprogress_0 to /home/runner/work/ozone/ozone/hadoop-ozone/integration-test/target/test-dir/MiniOzoneClusterImpl-f38c25ab-2440-4177-af3f-c722ecf984ff/ozone-meta/ratis/bf265839-605b-3f16-9796-c5ba1605619e/current/log_0-36922
2022-09-28 09:54:52,639 [om1@group-C5BA1605619E-SegmentedRaftLogWorker] INFO  segmented.SegmentedRaftLogWorker (SegmentedRaftLogWorker.java:execute(629)) - om1@group-C5BA1605619E-SegmentedRaftLogWorker: created new log segment /home/runner/work/ozone/ozone/hadoop-ozone/integration-test/target/test-dir/MiniOzoneClusterImpl-f38c25ab-2440-4177-af3f-c722ecf984ff/ozone-meta/ratis/bf265839-605b-3f16-9796-c5ba1605619e/current/log_inprogress_36923
]]></system-out>
  </testcase>
  <testcase name="testListStatusOnLargeDirectoryForACLCheck" classname="TestOzoneFileSystem" time="1.251"/>
  <testcase name="testListStatusOnLargeDirectoryForACLCheck" classname="TestOzoneFileSystem" time="4.203">
    <system-out><![CDATA[2022-09-28 09:57:53,860 [om1-client-thread1] INFO  segmented.SegmentedRaftLogWorker (SegmentedRaftLogWorker.java:rollLogSegment(430)) - om1@group-C5BA1605619E-SegmentedRaftLogWorker: Rolling segment log-0_36896 to index:36896
2022-09-28 09:57:53,890 [om1@group-C5BA1605619E-SegmentedRaftLogWorker] INFO  segmented.SegmentedRaftLogWorker (SegmentedRaftLogWorker.java:execute(586)) - om1@group-C5BA1605619E-SegmentedRaftLogWorker: Rolled log segment from /home/runner/work/ozone/ozone/hadoop-ozone/integration-test/target/test-dir/MiniOzoneClusterImpl-d01a16d6-de90-4827-8502-1257907892ea/ozone-meta/ratis/bf265839-605b-3f16-9796-c5ba1605619e/current/log_inprogress_0 to /home/runner/work/ozone/ozone/hadoop-ozone/integration-test/target/test-dir/MiniOzoneClusterImpl-d01a16d6-de90-4827-8502-1257907892ea/ozone-meta/ratis/bf265839-605b-3f16-9796-c5ba1605619e/current/log_0-36896
2022-09-28 09:57:53,919 [om1@group-C5BA1605619E-SegmentedRaftLogWorker] INFO  segmented.SegmentedRaftLogWorker (SegmentedRaftLogWorker.java:execute(629)) - om1@group-C5BA1605619E-SegmentedRaftLogWorker: created new log segment /home/runner/work/ozone/ozone/hadoop-ozone/integration-test/target/test-dir/MiniOzoneClusterImpl-d01a16d6-de90-4827-8502-1257907892ea/ozone-meta/ratis/bf265839-605b-3f16-9796-c5ba1605619e/current/log_inprogress_36897
]]></system-out>
  </testcase>
  <testcase name="testListStatusOnLargeDirectoryForACLCheck" classname="TestOzoneFileSystem" time="2.78"/>
  <testcase name="testRenameFileToDir" classname="TestOzoneFileSystem" time="0.042">
    <system-out><![CDATA[09:54:52.674 [IPC Server handler 14 on default port 33915] ERROR OMAudit - user=runner | ip=127.0.0.1 | op=LIST_STATUS {volume=volume02959, bucket=bucket36363, key=a/b/c/file1, dataSize=0, replicationConfig=null} | ret=FAILURE
org.apache.hadoop.ozone.om.exceptions.OMException: Unable to get file status: volume: volume02959 bucket: bucket36363 key: a/b/c/file1
	at org.apache.hadoop.ozone.om.KeyManagerImpl.getOzoneFileStatus(KeyManagerImpl.java:1324) ~[ozone-manager-1.3.0-SNAPSHOT.jar:?]
	at org.apache.hadoop.ozone.om.KeyManagerImpl.getFileStatus(KeyManagerImpl.java:1254) ~[ozone-manager-1.3.0-SNAPSHOT.jar:?]
	at org.apache.hadoop.ozone.om.KeyManagerImpl.listStatus(KeyManagerImpl.java:1578) ~[ozone-manager-1.3.0-SNAPSHOT.jar:?]
	at org.apache.hadoop.ozone.om.OzoneManager.listStatus(OzoneManager.java:3584) ~[ozone-manager-1.3.0-SNAPSHOT.jar:?]
	at org.apache.hadoop.ozone.protocolPB.OzoneManagerRequestHandler.listStatus(OzoneManagerRequestHandler.java:1072) ~[ozone-manager-1.3.0-SNAPSHOT.jar:?]
	at org.apache.hadoop.ozone.protocolPB.OzoneManagerRequestHandler.handleReadRequest(OzoneManagerRequestHandler.java:239) ~[ozone-manager-1.3.0-SNAPSHOT.jar:?]
	at org.apache.hadoop.ozone.protocolPB.OzoneManagerProtocolServerSideTranslatorPB.submitReadRequestToOM(OzoneManagerProtocolServerSideTranslatorPB.java:226) ~[ozone-manager-1.3.0-SNAPSHOT.jar:?]
	at org.apache.hadoop.ozone.protocolPB.OzoneManagerProtocolServerSideTranslatorPB.processRequest(OzoneManagerProtocolServerSideTranslatorPB.java:175) ~[ozone-manager-1.3.0-SNAPSHOT.jar:?]
	at org.apache.hadoop.hdds.server.OzoneProtocolMessageDispatcher.processRequest(OzoneProtocolMessageDispatcher.java:87) [hdds-server-framework-1.3.0-SNAPSHOT.jar:?]
	at org.apache.hadoop.ozone.protocolPB.OzoneManagerProtocolServerSideTranslatorPB.submitRequest(OzoneManagerProtocolServerSideTranslatorPB.java:147) [ozone-manager-1.3.0-SNAPSHOT.jar:?]
	at org.apache.hadoop.ozone.protocol.proto.OzoneManagerProtocolProtos$OzoneManagerService$2.callBlockingMethod(OzoneManagerProtocolProtos.java) [ozone-interface-client-1.3.0-SNAPSHOT.jar:?]
	at org.apache.hadoop.ipc.ProtobufRpcEngine$Server.processCall(ProtobufRpcEngine.java:466) [hadoop-common-3.3.1.jar:?]
	at org.apache.hadoop.ipc.ProtobufRpcEngine2$Server$ProtoBufRpcInvoker.call(ProtobufRpcEngine2.java:574) [hadoop-common-3.3.1.jar:?]
	at org.apache.hadoop.ipc.ProtobufRpcEngine2$Server$ProtoBufRpcInvoker.call(ProtobufRpcEngine2.java:552) [hadoop-common-3.3.1.jar:?]
	at org.apache.hadoop.ipc.RPC$Server.call(RPC.java:1093) [hadoop-common-3.3.1.jar:?]
	at org.apache.hadoop.ipc.Server$RpcCall.run(Server.java:1035) [hadoop-common-3.3.1.jar:?]
	at org.apache.hadoop.ipc.Server$RpcCall.run(Server.java:963) [hadoop-common-3.3.1.jar:?]
	at java.security.AccessController.doPrivileged(Native Method) ~[?:1.8.0_345]
	at javax.security.auth.Subject.doAs(Subject.java:422) [?:1.8.0_345]
	at org.apache.hadoop.security.UserGroupInformation.doAs(UserGroupInformation.java:1878) [hadoop-common-3.3.1.jar:?]
	at org.apache.hadoop.ipc.Server$Handler.run(Server.java:2966) [hadoop-common-3.3.1.jar:?]
]]></system-out>
  </testcase>
  <testcase name="testRenameFileToDir" classname="TestOzoneFileSystem" time="0.035">
    <system-out><![CDATA[09:56:11.287 [IPC Server handler 13 on default port 43879] ERROR OMAudit - user=runner | ip=127.0.0.1 | op=LIST_STATUS {volume=volume99279, bucket=bucket29095, key=a/b/c/file1, dataSize=0, replicationConfig=null} | ret=FAILURE
org.apache.hadoop.ozone.om.exceptions.OMException: Unable to get file status: volume: volume99279 bucket: bucket29095 key: a/b/c/file1
	at org.apache.hadoop.ozone.om.KeyManagerImpl.getOzoneFileStatus(KeyManagerImpl.java:1324) ~[ozone-manager-1.3.0-SNAPSHOT.jar:?]
	at org.apache.hadoop.ozone.om.KeyManagerImpl.getFileStatus(KeyManagerImpl.java:1254) ~[ozone-manager-1.3.0-SNAPSHOT.jar:?]
	at org.apache.hadoop.ozone.om.KeyManagerImpl.listStatus(KeyManagerImpl.java:1578) ~[ozone-manager-1.3.0-SNAPSHOT.jar:?]
	at org.apache.hadoop.ozone.om.OzoneManager.listStatus(OzoneManager.java:3584) ~[ozone-manager-1.3.0-SNAPSHOT.jar:?]
	at org.apache.hadoop.ozone.protocolPB.OzoneManagerRequestHandler.listStatus(OzoneManagerRequestHandler.java:1072) ~[ozone-manager-1.3.0-SNAPSHOT.jar:?]
	at org.apache.hadoop.ozone.protocolPB.OzoneManagerRequestHandler.handleReadRequest(OzoneManagerRequestHandler.java:239) ~[ozone-manager-1.3.0-SNAPSHOT.jar:?]
	at org.apache.hadoop.ozone.protocolPB.OzoneManagerProtocolServerSideTranslatorPB.submitRequestDirectlyToOM(OzoneManagerProtocolServerSideTranslatorPB.java:276) ~[ozone-manager-1.3.0-SNAPSHOT.jar:?]
	at org.apache.hadoop.ozone.protocolPB.OzoneManagerProtocolServerSideTranslatorPB.processRequest(OzoneManagerProtocolServerSideTranslatorPB.java:205) ~[ozone-manager-1.3.0-SNAPSHOT.jar:?]
	at org.apache.hadoop.hdds.server.OzoneProtocolMessageDispatcher.processRequest(OzoneProtocolMessageDispatcher.java:87) [hdds-server-framework-1.3.0-SNAPSHOT.jar:?]
	at org.apache.hadoop.ozone.protocolPB.OzoneManagerProtocolServerSideTranslatorPB.submitRequest(OzoneManagerProtocolServerSideTranslatorPB.java:147) [ozone-manager-1.3.0-SNAPSHOT.jar:?]
	at org.apache.hadoop.ozone.protocol.proto.OzoneManagerProtocolProtos$OzoneManagerService$2.callBlockingMethod(OzoneManagerProtocolProtos.java) [ozone-interface-client-1.3.0-SNAPSHOT.jar:?]
	at org.apache.hadoop.ipc.ProtobufRpcEngine$Server.processCall(ProtobufRpcEngine.java:466) [hadoop-common-3.3.1.jar:?]
	at org.apache.hadoop.ipc.ProtobufRpcEngine2$Server$ProtoBufRpcInvoker.call(ProtobufRpcEngine2.java:574) [hadoop-common-3.3.1.jar:?]
	at org.apache.hadoop.ipc.ProtobufRpcEngine2$Server$ProtoBufRpcInvoker.call(ProtobufRpcEngine2.java:552) [hadoop-common-3.3.1.jar:?]
	at org.apache.hadoop.ipc.RPC$Server.call(RPC.java:1093) [hadoop-common-3.3.1.jar:?]
	at org.apache.hadoop.ipc.Server$RpcCall.run(Server.java:1035) [hadoop-common-3.3.1.jar:?]
	at org.apache.hadoop.ipc.Server$RpcCall.run(Server.java:963) [hadoop-common-3.3.1.jar:?]
	at java.security.AccessController.doPrivileged(Native Method) ~[?:1.8.0_345]
	at javax.security.auth.Subject.doAs(Subject.java:422) [?:1.8.0_345]
	at org.apache.hadoop.security.UserGroupInformation.doAs(UserGroupInformation.java:1878) [hadoop-common-3.3.1.jar:?]
	at org.apache.hadoop.ipc.Server$Handler.run(Server.java:2966) [hadoop-common-3.3.1.jar:?]
]]></system-out>
  </testcase>
  <testcase name="testRenameFileToDir" classname="TestOzoneFileSystem" time="0.098">
    <system-out><![CDATA[09:57:53.985 [IPC Server handler 8 on default port 44537] ERROR OMAudit - user=runner | ip=127.0.0.1 | op=LIST_STATUS {volume=volume16412, bucket=bucket93813, key=a/b/c/file1, dataSize=0, replicationConfig=null} | ret=FAILURE
org.apache.hadoop.ozone.om.exceptions.OMException: Unable to get file status: volume: volume16412 bucket: bucket93813 key: a/b/c/file1
	at org.apache.hadoop.ozone.om.KeyManagerImpl.getOzoneFileStatus(KeyManagerImpl.java:1324) ~[ozone-manager-1.3.0-SNAPSHOT.jar:?]
	at org.apache.hadoop.ozone.om.KeyManagerImpl.getFileStatus(KeyManagerImpl.java:1254) ~[ozone-manager-1.3.0-SNAPSHOT.jar:?]
	at org.apache.hadoop.ozone.om.KeyManagerImpl.listStatus(KeyManagerImpl.java:1578) ~[ozone-manager-1.3.0-SNAPSHOT.jar:?]
	at org.apache.hadoop.ozone.om.OzoneManager.listStatus(OzoneManager.java:3584) ~[ozone-manager-1.3.0-SNAPSHOT.jar:?]
	at org.apache.hadoop.ozone.protocolPB.OzoneManagerRequestHandler.listStatus(OzoneManagerRequestHandler.java:1072) ~[ozone-manager-1.3.0-SNAPSHOT.jar:?]
	at org.apache.hadoop.ozone.protocolPB.OzoneManagerRequestHandler.handleReadRequest(OzoneManagerRequestHandler.java:239) ~[ozone-manager-1.3.0-SNAPSHOT.jar:?]
	at org.apache.hadoop.ozone.protocolPB.OzoneManagerProtocolServerSideTranslatorPB.submitReadRequestToOM(OzoneManagerProtocolServerSideTranslatorPB.java:226) ~[ozone-manager-1.3.0-SNAPSHOT.jar:?]
	at org.apache.hadoop.ozone.protocolPB.OzoneManagerProtocolServerSideTranslatorPB.processRequest(OzoneManagerProtocolServerSideTranslatorPB.java:175) ~[ozone-manager-1.3.0-SNAPSHOT.jar:?]
	at org.apache.hadoop.hdds.server.OzoneProtocolMessageDispatcher.processRequest(OzoneProtocolMessageDispatcher.java:87) [hdds-server-framework-1.3.0-SNAPSHOT.jar:?]
	at org.apache.hadoop.ozone.protocolPB.OzoneManagerProtocolServerSideTranslatorPB.submitRequest(OzoneManagerProtocolServerSideTranslatorPB.java:147) [ozone-manager-1.3.0-SNAPSHOT.jar:?]
	at org.apache.hadoop.ozone.protocol.proto.OzoneManagerProtocolProtos$OzoneManagerService$2.callBlockingMethod(OzoneManagerProtocolProtos.java) [ozone-interface-client-1.3.0-SNAPSHOT.jar:?]
	at org.apache.hadoop.ipc.ProtobufRpcEngine$Server.processCall(ProtobufRpcEngine.java:466) [hadoop-common-3.3.1.jar:?]
	at org.apache.hadoop.ipc.ProtobufRpcEngine2$Server$ProtoBufRpcInvoker.call(ProtobufRpcEngine2.java:574) [hadoop-common-3.3.1.jar:?]
	at org.apache.hadoop.ipc.ProtobufRpcEngine2$Server$ProtoBufRpcInvoker.call(ProtobufRpcEngine2.java:552) [hadoop-common-3.3.1.jar:?]
	at org.apache.hadoop.ipc.RPC$Server.call(RPC.java:1093) [hadoop-common-3.3.1.jar:?]
	at org.apache.hadoop.ipc.Server$RpcCall.run(Server.java:1035) [hadoop-common-3.3.1.jar:?]
	at org.apache.hadoop.ipc.Server$RpcCall.run(Server.java:963) [hadoop-common-3.3.1.jar:?]
	at java.security.AccessController.doPrivileged(Native Method) ~[?:1.8.0_345]
	at javax.security.auth.Subject.doAs(Subject.java:422) [?:1.8.0_345]
	at org.apache.hadoop.security.UserGroupInformation.doAs(UserGroupInformation.java:1878) [hadoop-common-3.3.1.jar:?]
	at org.apache.hadoop.ipc.Server$Handler.run(Server.java:2966) [hadoop-common-3.3.1.jar:?]
]]></system-out>
  </testcase>
  <testcase name="testRenameFileToDir" classname="TestOzoneFileSystem" time="0.102">
    <system-out><![CDATA[09:59:54.273 [IPC Server handler 19 on default port 38925] ERROR OMAudit - user=runner | ip=127.0.0.1 | op=LIST_STATUS {volume=volume75139, bucket=bucket52642, key=a/b/c/file1, dataSize=0, replicationConfig=null} | ret=FAILURE
org.apache.hadoop.ozone.om.exceptions.OMException: Unable to get file status: volume: volume75139 bucket: bucket52642 key: a/b/c/file1
	at org.apache.hadoop.ozone.om.KeyManagerImpl.getOzoneFileStatus(KeyManagerImpl.java:1324) ~[ozone-manager-1.3.0-SNAPSHOT.jar:?]
	at org.apache.hadoop.ozone.om.KeyManagerImpl.getFileStatus(KeyManagerImpl.java:1254) ~[ozone-manager-1.3.0-SNAPSHOT.jar:?]
	at org.apache.hadoop.ozone.om.KeyManagerImpl.listStatus(KeyManagerImpl.java:1578) ~[ozone-manager-1.3.0-SNAPSHOT.jar:?]
	at org.apache.hadoop.ozone.om.OzoneManager.listStatus(OzoneManager.java:3584) ~[ozone-manager-1.3.0-SNAPSHOT.jar:?]
	at org.apache.hadoop.ozone.protocolPB.OzoneManagerRequestHandler.listStatus(OzoneManagerRequestHandler.java:1072) ~[ozone-manager-1.3.0-SNAPSHOT.jar:?]
	at org.apache.hadoop.ozone.protocolPB.OzoneManagerRequestHandler.handleReadRequest(OzoneManagerRequestHandler.java:239) ~[ozone-manager-1.3.0-SNAPSHOT.jar:?]
	at org.apache.hadoop.ozone.protocolPB.OzoneManagerProtocolServerSideTranslatorPB.submitRequestDirectlyToOM(OzoneManagerProtocolServerSideTranslatorPB.java:276) ~[ozone-manager-1.3.0-SNAPSHOT.jar:?]
	at org.apache.hadoop.ozone.protocolPB.OzoneManagerProtocolServerSideTranslatorPB.processRequest(OzoneManagerProtocolServerSideTranslatorPB.java:205) ~[ozone-manager-1.3.0-SNAPSHOT.jar:?]
	at org.apache.hadoop.hdds.server.OzoneProtocolMessageDispatcher.processRequest(OzoneProtocolMessageDispatcher.java:87) [hdds-server-framework-1.3.0-SNAPSHOT.jar:?]
	at org.apache.hadoop.ozone.protocolPB.OzoneManagerProtocolServerSideTranslatorPB.submitRequest(OzoneManagerProtocolServerSideTranslatorPB.java:147) [ozone-manager-1.3.0-SNAPSHOT.jar:?]
	at org.apache.hadoop.ozone.protocol.proto.OzoneManagerProtocolProtos$OzoneManagerService$2.callBlockingMethod(OzoneManagerProtocolProtos.java) [ozone-interface-client-1.3.0-SNAPSHOT.jar:?]
	at org.apache.hadoop.ipc.ProtobufRpcEngine$Server.processCall(ProtobufRpcEngine.java:466) [hadoop-common-3.3.1.jar:?]
	at org.apache.hadoop.ipc.ProtobufRpcEngine2$Server$ProtoBufRpcInvoker.call(ProtobufRpcEngine2.java:574) [hadoop-common-3.3.1.jar:?]
	at org.apache.hadoop.ipc.ProtobufRpcEngine2$Server$ProtoBufRpcInvoker.call(ProtobufRpcEngine2.java:552) [hadoop-common-3.3.1.jar:?]
	at org.apache.hadoop.ipc.RPC$Server.call(RPC.java:1093) [hadoop-common-3.3.1.jar:?]
	at org.apache.hadoop.ipc.Server$RpcCall.run(Server.java:1035) [hadoop-common-3.3.1.jar:?]
	at org.apache.hadoop.ipc.Server$RpcCall.run(Server.java:963) [hadoop-common-3.3.1.jar:?]
	at java.security.AccessController.doPrivileged(Native Method) ~[?:1.8.0_345]
	at javax.security.auth.Subject.doAs(Subject.java:422) [?:1.8.0_345]
	at org.apache.hadoop.security.UserGroupInformation.doAs(UserGroupInformation.java:1878) [hadoop-common-3.3.1.jar:?]
	at org.apache.hadoop.ipc.Server$Handler.run(Server.java:2966) [hadoop-common-3.3.1.jar:?]
]]></system-out>
  </testcase>
  <testcase name="testMakeDirsWithAnExistingDirectoryPath" classname="TestOzoneFileSystem" time="0.02"/>
  <testcase name="testMakeDirsWithAnExistingDirectoryPath" classname="TestOzoneFileSystem" time="0.024"/>
  <testcase name="testMakeDirsWithAnExistingDirectoryPath" classname="TestOzoneFileSystem" time="0.062"/>
  <testcase name="testMakeDirsWithAnExistingDirectoryPath" classname="TestOzoneFileSystem" time="0.086"/>
</testsuite>