<?xml version="1.0" encoding="UTF-8"?>
<testsuite xmlns:xsi="http://www.w3.org/2001/XMLSchema-instance" xsi:noNamespaceSchemaLocation="https://maven.apache.org/surefire/maven-surefire-plugin/xsd/surefire-test-report-3.0.xsd" version="3.0" name="org.apache.hadoop.ozone.parser.TestOzoneHARatisLogParser" time="74.961" tests="1" errors="1" skipped="0" failures="0">
  <properties>
    <property name="awt.toolkit" value="sun.awt.X11.XToolkit"/>
    <property name="file.encoding.pkg" value="sun.io"/>
    <property name="java.specification.version" value="1.8"/>
    <property name="sun.cpu.isalist" value=""/>
    <property name="sun.jnu.encoding" value="UTF-8"/>
    <property name="java.class.path" value="/home/runner/work/ozone/ozone/hadoop-ozone/integration-test/target/test-classes:/home/runner/work/ozone/ozone/hadoop-ozone/integration-test/target/classes:/home/runner/.m2/repository/org/apache/ozone/ozone-common/1.3.0-SNAPSHOT/ozone-common-1.3.0-SNAPSHOT.jar:/home/runner/.m2/repository/io/grpc/grpc-netty/1.44.0/grpc-netty-1.44.0.jar:/home/runner/.m2/repository/io/grpc/grpc-core/1.44.0/grpc-core-1.44.0.jar:/home/runner/.m2/repository/com/google/android/annotations/4.1.1.4/annotations-4.1.1.4.jar:/home/runner/.m2/repository/org/codehaus/mojo/animal-sniffer-annotations/1.19/animal-sniffer-annotations-1.19.jar:/home/runner/.m2/repository/com/google/errorprone/error_prone_annotations/2.2.0/error_prone_annotations-2.2.0.jar:/home/runner/.m2/repository/io/perfmark/perfmark-api/0.23.0/perfmark-api-0.23.0.jar:/home/runner/.m2/repository/io/netty/netty-codec-http2/4.1.74.Final/netty-codec-http2-4.1.74.Final.jar:/home/runner/.m2/repository/io/netty/netty-common/4.1.74.Final/netty-common-4.1.74.Final.jar:/home/runner/.m2/repository/io/netty/netty-buffer/4.1.74.Final/netty-buffer-4.1.74.Final.jar:/home/runner/.m2/repository/io/netty/netty-codec-http/4.1.74.Final/netty-codec-http-4.1.74.Final.jar:/home/runner/.m2/repository/io/netty/netty-handler-proxy/4.1.74.Final/netty-handler-proxy-4.1.74.Final.jar:/home/runner/.m2/repository/io/netty/netty-codec-socks/4.1.74.Final/netty-codec-socks-4.1.74.Final.jar:/home/runner/.m2/repository/io/netty/netty-tcnative-boringssl-static/2.0.48.Final/netty-tcnative-boringssl-static-2.0.48.Final.jar:/home/runner/.m2/repository/io/netty/netty-tcnative-classes/2.0.48.Final/netty-tcnative-classes-2.0.48.Final.jar:/home/runner/.m2/repository/org/apache/commons/commons-compress/1.21/commons-compress-1.21.jar:/home/runner/.m2/repository/org/apache/ozone/hdds-common/1.3.0-SNAPSHOT/hdds-common-1.3.0-SNAPSHOT.jar:/home/runner/.m2/repository/org/apache/ozone/hdds-client/1.3.0-SNAPSHOT/hdds-client-1.3.0-SNAPSHOT.jar:/home/runner/.m2/repository/org/apache/ozone/ozone-interface-client/1.3.0-SNAPSHOT/ozone-interface-client-1.3.0-SNAPSHOT.jar:/home/runner/.m2/repository/org/apache/ozone/hdds-test-utils/1.3.0-SNAPSHOT/hdds-test-utils-1.3.0-SNAPSHOT.jar:/home/runner/.m2/repository/com/google/guava/guava/31.1-jre/guava-31.1-jre.jar:/home/runner/.m2/repository/com/google/guava/failureaccess/1.0.1/failureaccess-1.0.1.jar:/home/runner/.m2/repository/com/google/guava/listenablefuture/9999.0-empty-to-avoid-conflict-with-guava/listenablefuture-9999.0-empty-to-avoid-conflict-with-guava.jar:/home/runner/.m2/repository/com/google/code/findbugs/jsr305/3.0.0/jsr305-3.0.0.jar:/home/runner/.m2/repository/org/checkerframework/checker-qual/3.12.0/checker-qual-3.12.0.jar:/home/runner/.m2/repository/com/google/j2objc/j2objc-annotations/1.3/j2objc-annotations-1.3.jar:/home/runner/.m2/repository/commons-io/commons-io/2.11.0/commons-io-2.11.0.jar:/home/runner/.m2/repository/commons-logging/commons-logging/1.2/commons-logging-1.2.jar:/home/runner/.m2/repository/log4j/log4j/1.2.17/log4j-1.2.17.jar:/home/runner/.m2/repository/org/slf4j/slf4j-api/1.7.30/slf4j-api-1.7.30.jar:/home/runner/.m2/repository/org/apache/ozone/hdds-server-scm/1.3.0-SNAPSHOT/hdds-server-scm-1.3.0-SNAPSHOT.jar:/home/runner/.m2/repository/org/apache/ozone/hdds-container-service/1.3.0-SNAPSHOT/hdds-container-service-1.3.0-SNAPSHOT.jar:/home/runner/.m2/repository/org/apache/ozone/hdds-hadoop-dependency-server/1.3.0-SNAPSHOT/hdds-hadoop-dependency-server-1.3.0-SNAPSHOT.jar:/home/runner/.m2/repository/org/apache/hadoop/hadoop-hdfs/3.3.1/hadoop-hdfs-3.3.1.jar:/home/runner/.m2/repository/org/apache/ozone/hdds-server-framework/1.3.0-SNAPSHOT/hdds-server-framework-1.3.0-SNAPSHOT.jar:/home/runner/.m2/repository/org/apache/ozone/hdds-interface-server/1.3.0-SNAPSHOT/hdds-interface-server-1.3.0-SNAPSHOT.jar:/home/runner/.m2/repository/org/apache/logging/log4j/log4j-core/2.17.1/log4j-core-2.17.1.jar:/home/runner/.m2/repository/com/lmax/disruptor/3.4.2/disruptor-3.4.2.jar:/home/runner/.m2/repository/org/eclipse/jetty/jetty-servlet/9.4.43.v20210629/jetty-servlet-9.4.43.v20210629.jar:/home/runner/.m2/repository/org/eclipse/jetty/jetty-security/9.4.43.v20210629/jetty-security-9.4.43.v20210629.jar:/home/runner/.m2/repository/org/rocksdb/rocksdbjni/6.29.5/rocksdbjni-6.29.5.jar:/home/runner/.m2/repository/io/prometheus/simpleclient_dropwizard/0.7.0/simpleclient_dropwizard-0.7.0.jar:/home/runner/.m2/repository/io/prometheus/simpleclient/0.7.0/simpleclient-0.7.0.jar:/home/runner/.m2/repository/io/prometheus/simpleclient_common/0.7.0/simpleclient_common-0.7.0.jar:/home/runner/.m2/repository/io/dropwizard/metrics/metrics-core/3.2.4/metrics-core-3.2.4.jar:/home/runner/.m2/repository/org/apache/hadoop/hadoop-hdfs-client/3.3.1/hadoop-hdfs-client-3.3.1.jar:/home/runner/.m2/repository/org/bouncycastle/bcprov-jdk15on/1.67/bcprov-jdk15on-1.67.jar:/home/runner/.m2/repository/com/google/protobuf/protobuf-java/2.5.0/protobuf-java-2.5.0.jar:/home/runner/.m2/repository/org/apache/ozone/ozone-manager/1.3.0-SNAPSHOT/ozone-manager-1.3.0-SNAPSHOT.jar:/home/runner/.m2/repository/org/aspectj/aspectjrt/1.9.7/aspectjrt-1.9.7.jar:/home/runner/.m2/repository/org/aspectj/aspectjweaver/1.9.7/aspectjweaver-1.9.7.jar:/home/runner/.m2/repository/org/apache/ozone/hdds-interface-client/1.3.0-SNAPSHOT/hdds-interface-client-1.3.0-SNAPSHOT.jar:/home/runner/.m2/repository/org/apache/hadoop/thirdparty/hadoop-shaded-protobuf_3_7/1.1.1/hadoop-shaded-protobuf_3_7-1.1.1.jar:/home/runner/.m2/repository/org/apache/ozone/ozone-interface-storage/1.3.0-SNAPSHOT/ozone-interface-storage-1.3.0-SNAPSHOT.jar:/home/runner/.m2/repository/org/reflections/reflections/0.9.11/reflections-0.9.11.jar:/home/runner/.m2/repository/com/sun/jersey/jersey-client/1.19/jersey-client-1.19.jar:/home/runner/.m2/repository/org/apache/ranger/ranger-intg/2.3.0/ranger-intg-2.3.0.jar:/home/runner/.m2/repository/org/apache/ranger/ranger-plugins-common/2.3.0/ranger-plugins-common-2.3.0.jar:/home/runner/.m2/repository/commons-lang/commons-lang/2.6/commons-lang-2.6.jar:/home/runner/.m2/repository/org/codehaus/jackson/jackson-jaxrs/1.9.13/jackson-jaxrs-1.9.13.jar:/home/runner/.m2/repository/org/apache/ranger/ranger-plugins-cred/2.3.0/ranger-plugins-cred-2.3.0.jar:/home/runner/.m2/repository/org/apache/ranger/ranger-plugins-audit/2.3.0/ranger-plugins-audit-2.3.0.jar:/home/runner/.m2/repository/org/apache/kafka/kafka-clients/2.8.1/kafka-clients-2.8.1.jar:/home/runner/.m2/repository/com/github/luben/zstd-jni/1.4.9-1/zstd-jni-1.4.9-1.jar:/home/runner/.m2/repository/org/apache/solr/solr-solrj/8.6.3/solr-solrj-8.6.3.jar:/home/runner/.m2/repository/org/slf4j/jcl-over-slf4j/1.7.24/jcl-over-slf4j-1.7.24.jar:/home/runner/.m2/repository/org/eclipse/jetty/jetty-client/9.4.31.v20200723/jetty-client-9.4.31.v20200723.jar:/home/runner/.m2/repository/org/apache/httpcomponents/httpmime/4.5.6/httpmime-4.5.6.jar:/home/runner/.m2/repository/org/apache/httpcomponents/httpcore-nio/4.4.6/httpcore-nio-4.4.6.jar:/home/runner/.m2/repository/org/apache/httpcomponents/httpasyncclient/4.1.3/httpasyncclient-4.1.3.jar:/home/runner/.m2/repository/com/carrotsearch/hppc/0.8.0/hppc-0.8.0.jar:/home/runner/.m2/repository/org/apache/hive/hive-storage-api/2.7.2/hive-storage-api-2.7.2.jar:/home/runner/.m2/repository/org/apache/orc/orc-core/1.5.8/orc-core-1.5.8.jar:/home/runner/.m2/repository/com/amazonaws/aws-java-sdk-bundle/1.12.125/aws-java-sdk-bundle-1.12.125.jar:/home/runner/.m2/repository/net/java/dev/jna/jna/5.2.0/jna-5.2.0.jar:/home/runner/.m2/repository/net/java/dev/jna/jna-platform/5.2.0/jna-platform-5.2.0.jar:/home/runner/.m2/repository/com/kstruct/gethostname4j/0.0.2/gethostname4j-0.0.2.jar:/home/runner/.m2/repository/org/apache/ranger/ranger-plugin-classloader/2.3.0/ranger-plugin-classloader-2.3.0.jar:/home/runner/.m2/repository/org/apache/hadoop/hadoop-minikdc/3.3.1/hadoop-minikdc-3.3.1.jar:/home/runner/.m2/repository/org/apache/kerby/kerb-simplekdc/1.0.1/kerb-simplekdc-1.0.1.jar:/home/runner/.m2/repository/org/apache/kerby/kerb-client/1.0.1/kerb-client-1.0.1.jar:/home/runner/.m2/repository/org/apache/kerby/kerby-config/1.0.1/kerby-config-1.0.1.jar:/home/runner/.m2/repository/org/apache/kerby/kerb-common/1.0.1/kerb-common-1.0.1.jar:/home/runner/.m2/repository/org/apache/kerby/kerb-crypto/1.0.1/kerb-crypto-1.0.1.jar:/home/runner/.m2/repository/org/apache/kerby/kerb-util/1.0.1/kerb-util-1.0.1.jar:/home/runner/.m2/repository/org/apache/kerby/token-provider/1.0.1/token-provider-1.0.1.jar:/home/runner/.m2/repository/org/apache/kerby/kerb-admin/1.0.1/kerb-admin-1.0.1.jar:/home/runner/.m2/repository/org/apache/kerby/kerb-server/1.0.1/kerb-server-1.0.1.jar:/home/runner/.m2/repository/org/apache/kerby/kerb-identity/1.0.1/kerb-identity-1.0.1.jar:/home/runner/.m2/repository/org/apache/kerby/kerby-xdr/1.0.1/kerby-xdr-1.0.1.jar:/home/runner/.m2/repository/org/slf4j/slf4j-log4j12/1.7.30/slf4j-log4j12-1.7.30.jar:/home/runner/.m2/repository/org/apache/ozone/ozone-s3gateway/1.3.0-SNAPSHOT/ozone-s3gateway-1.3.0-SNAPSHOT.jar:/home/runner/.m2/repository/org/javassist/javassist/3.21.0-GA/javassist-3.21.0-GA.jar:/home/runner/.m2/repository/org/jboss/weld/servlet/weld-servlet/2.4.7.Final/weld-servlet-2.4.7.Final.jar:/home/runner/.m2/repository/org/glassfish/jersey/containers/jersey-container-servlet-core/2.33/jersey-container-servlet-core-2.33.jar:/home/runner/.m2/repository/org/glassfish/hk2/external/jakarta.inject/2.6.1/jakarta.inject-2.6.1.jar:/home/runner/.m2/repository/org/glassfish/jersey/core/jersey-common/2.33/jersey-common-2.33.jar:/home/runner/.m2/repository/jakarta/ws/rs/jakarta.ws.rs-api/2.1.6/jakarta.ws.rs-api-2.1.6.jar:/home/runner/.m2/repository/org/glassfish/jersey/ext/cdi/jersey-cdi1x/2.33/jersey-cdi1x-2.33.jar:/home/runner/.m2/repository/org/glassfish/jersey/inject/jersey-hk2/2.33/jersey-hk2-2.33.jar:/home/runner/.m2/repository/org/glassfish/hk2/hk2-locator/2.6.1/hk2-locator-2.6.1.jar:/home/runner/.m2/repository/org/glassfish/jersey/media/jersey-media-jaxb/2.33/jersey-media-jaxb-2.33.jar:/home/runner/.m2/repository/org/glassfish/hk2/osgi-resource-locator/1.0.3/osgi-resource-locator-1.0.3.jar:/home/runner/.m2/repository/org/glassfish/hk2/hk2-api/2.5.0/hk2-api-2.5.0.jar:/home/runner/.m2/repository/org/glassfish/hk2/hk2-utils/2.5.0/hk2-utils-2.5.0.jar:/home/runner/.m2/repository/org/glassfish/hk2/external/aopalliance-repackaged/2.5.0/aopalliance-repackaged-2.5.0.jar:/home/runner/.m2/repository/com/fasterxml/jackson/dataformat/jackson-dataformat-xml/2.13.2/jackson-dataformat-xml-2.13.2.jar:/home/runner/.m2/repository/com/fasterxml/jackson/core/jackson-core/2.13.2/jackson-core-2.13.2.jar:/home/runner/.m2/repository/org/codehaus/woodstox/stax2-api/3.1.4/stax2-api-3.1.4.jar:/home/runner/.m2/repository/com/fasterxml/woodstox/woodstox-core/5.0.3/woodstox-core-5.0.3.jar:/home/runner/.m2/repository/com/fasterxml/jackson/module/jackson-module-jaxb-annotations/2.13.2/jackson-module-jaxb-annotations-2.13.2.jar:/home/runner/.m2/repository/jakarta/xml/bind/jakarta.xml.bind-api/2.3.3/jakarta.xml.bind-api-2.3.3.jar:/home/runner/.m2/repository/jakarta/activation/jakarta.activation-api/1.2.1/jakarta.activation-api-1.2.1.jar:/home/runner/.m2/repository/javax/enterprise/cdi-api/1.2/cdi-api-1.2.jar:/home/runner/.m2/repository/javax/el/javax.el-api/3.0.0/javax.el-api-3.0.0.jar:/home/runner/.m2/repository/javax/interceptor/javax.interceptor-api/1.2/javax.interceptor-api-1.2.jar:/home/runner/.m2/repository/javax/inject/javax.inject/1/javax.inject-1.jar:/home/runner/.m2/repository/javax/xml/bind/jaxb-api/2.3.0/jaxb-api-2.3.0.jar:/home/runner/.m2/repository/org/glassfish/jaxb/jaxb-runtime/2.3.0.1/jaxb-runtime-2.3.0.1.jar:/home/runner/.m2/repository/org/glassfish/jaxb/jaxb-core/2.3.0.1/jaxb-core-2.3.0.1.jar:/home/runner/.m2/repository/org/glassfish/jaxb/txw2/2.3.0.1/txw2-2.3.0.1.jar:/home/runner/.m2/repository/com/sun/istack/istack-commons-runtime/3.0.5/istack-commons-runtime-3.0.5.jar:/home/runner/.m2/repository/org/jvnet/staxex/stax-ex/1.7.8/stax-ex-1.7.8.jar:/home/runner/.m2/repository/com/sun/xml/fastinfoset/FastInfoset/1.2.13/FastInfoset-1.2.13.jar:/home/runner/.m2/repository/javax/activation/activation/1.1.1/activation-1.1.1.jar:/home/runner/.m2/repository/io/grpc/grpc-protobuf/1.44.0/grpc-protobuf-1.44.0.jar:/home/runner/.m2/repository/io/grpc/grpc-api/1.44.0/grpc-api-1.44.0.jar:/home/runner/.m2/repository/io/grpc/grpc-context/1.44.0/grpc-context-1.44.0.jar:/home/runner/.m2/repository/com/google/api/grpc/proto-google-common-protos/2.0.1/proto-google-common-protos-2.0.1.jar:/home/runner/.m2/repository/io/grpc/grpc-protobuf-lite/1.44.0/grpc-protobuf-lite-1.44.0.jar:/home/runner/.m2/repository/io/grpc/grpc-stub/1.44.0/grpc-stub-1.44.0.jar:/home/runner/.m2/repository/io/netty/netty-transport/4.1.74.Final/netty-transport-4.1.74.Final.jar:/home/runner/.m2/repository/io/netty/netty-resolver/4.1.74.Final/netty-resolver-4.1.74.Final.jar:/home/runner/.m2/repository/org/apache/ozone/ozone-csi/1.3.0-SNAPSHOT/ozone-csi-1.3.0-SNAPSHOT.jar:/home/runner/.m2/repository/com/google/protobuf/protobuf-java-util/3.19.2/protobuf-java-util-3.19.2.jar:/home/runner/.m2/repository/com/google/code/gson/gson/2.9.0/gson-2.9.0.jar:/home/runner/.m2/repository/org/apache/ozone/hdds-config/1.3.0-SNAPSHOT/hdds-config-1.3.0-SNAPSHOT.jar:/home/runner/.m2/repository/io/netty/netty-transport-native-epoll/4.1.74.Final/netty-transport-native-epoll-4.1.74.Final-linux-x86_64.jar:/home/runner/.m2/repository/io/netty/netty-transport-classes-epoll/4.1.74.Final/netty-transport-classes-epoll-4.1.74.Final.jar:/home/runner/.m2/repository/io/netty/netty-transport-native-unix-common/4.1.74.Final/netty-transport-native-unix-common-4.1.74.Final.jar:/home/runner/.m2/repository/org/apache/ozone/ozone-recon/1.3.0-SNAPSHOT/ozone-recon-1.3.0-SNAPSHOT.jar:/home/runner/.m2/repository/org/apache/ozone/ozone-reconcodegen/1.3.0-SNAPSHOT/ozone-reconcodegen-1.3.0-SNAPSHOT.jar:/home/runner/.m2/repository/com/google/inject/extensions/guice-multibindings/4.0/guice-multibindings-4.0.jar:/home/runner/.m2/repository/com/google/inject/guice/4.0/guice-4.0.jar:/home/runner/.m2/repository/aopalliance/aopalliance/1.0/aopalliance-1.0.jar:/home/runner/.m2/repository/com/google/inject/extensions/guice-assistedinject/4.0/guice-assistedinject-4.0.jar:/home/runner/.m2/repository/com/google/inject/extensions/guice-servlet/4.0/guice-servlet-4.0.jar:/home/runner/.m2/repository/org/glassfish/jersey/containers/jersey-container-servlet/2.33/jersey-container-servlet-2.33.jar:/home/runner/.m2/repository/org/glassfish/hk2/guice-bridge/2.5.0/guice-bridge-2.5.0.jar:/home/runner/.m2/repository/org/glassfish/jersey/core/jersey-server/2.33/jersey-server-2.33.jar:/home/runner/.m2/repository/org/glassfish/jersey/core/jersey-client/2.33/jersey-client-2.33.jar:/home/runner/.m2/repository/jakarta/annotation/jakarta.annotation-api/1.3.5/jakarta.annotation-api-1.3.5.jar:/home/runner/.m2/repository/jakarta/validation/jakarta.validation-api/2.0.2/jakarta.validation-api-2.0.2.jar:/home/runner/.m2/repository/org/glassfish/jersey/media/jersey-media-json-jackson/2.33/jersey-media-json-jackson-2.33.jar:/home/runner/.m2/repository/org/glassfish/jersey/ext/jersey-entity-filtering/2.33/jersey-entity-filtering-2.33.jar:/home/runner/.m2/repository/org/jooq/jooq/3.11.10/jooq-3.11.10.jar:/home/runner/.m2/repository/org/jooq/jooq-meta/3.11.10/jooq-meta-3.11.10.jar:/home/runner/.m2/repository/org/jooq/jooq-codegen/3.11.10/jooq-codegen-3.11.10.jar:/home/runner/.m2/repository/com/jolbox/bonecp/0.8.0.RELEASE/bonecp-0.8.0.RELEASE.jar:/home/runner/.m2/repository/org/apache/derby/derby/10.14.2.0/derby-10.14.2.0.jar:/home/runner/.m2/repository/org/xerial/sqlite-jdbc/3.25.2/sqlite-jdbc-3.25.2.jar:/home/runner/.m2/repository/org/springframework/spring-jdbc/5.2.20.RELEASE/spring-jdbc-5.2.20.RELEASE.jar:/home/runner/.m2/repository/org/springframework/spring-beans/5.2.20.RELEASE/spring-beans-5.2.20.RELEASE.jar:/home/runner/.m2/repository/org/springframework/spring-core/5.2.20.RELEASE/spring-core-5.2.20.RELEASE.jar:/home/runner/.m2/repository/org/springframework/spring-jcl/5.2.20.RELEASE/spring-jcl-5.2.20.RELEASE.jar:/home/runner/.m2/repository/org/springframework/spring-tx/5.2.20.RELEASE/spring-tx-5.2.20.RELEASE.jar:/home/runner/.m2/repository/org/apache/ozone/ozone-client/1.3.0-SNAPSHOT/ozone-client-1.3.0-SNAPSHOT.jar:/home/runner/.m2/repository/org/apache/ozone/hdds-erasurecode/1.3.0-SNAPSHOT/hdds-erasurecode-1.3.0-SNAPSHOT.jar:/home/runner/.m2/repository/com/github/spotbugs/spotbugs-annotations/3.1.12/spotbugs-annotations-3.1.12.jar:/home/runner/.m2/repository/org/apache/ozone/ozone-filesystem/1.3.0-SNAPSHOT/ozone-filesystem-1.3.0-SNAPSHOT.jar:/home/runner/.m2/repository/org/apache/ozone/ozone-filesystem-common/1.3.0-SNAPSHOT/ozone-filesystem-common-1.3.0-SNAPSHOT.jar:/home/runner/.m2/repository/org/apache/ozone/ozone-tools/1.3.0-SNAPSHOT/ozone-tools-1.3.0-SNAPSHOT.jar:/home/runner/.m2/repository/org/apache/ratis/ratis-tools/2.3.0/ratis-tools-2.3.0.jar:/home/runner/.m2/repository/com/amazonaws/aws-java-sdk-core/1.12.261/aws-java-sdk-core-1.12.261.jar:/home/runner/.m2/repository/org/apache/httpcomponents/httpclient/4.5.13/httpclient-4.5.13.jar:/home/runner/.m2/repository/org/apache/httpcomponents/httpcore/4.4.13/httpcore-4.4.13.jar:/home/runner/.m2/repository/software/amazon/ion/ion-java/1.0.2/ion-java-1.0.2.jar:/home/runner/.m2/repository/com/fasterxml/jackson/dataformat/jackson-dataformat-cbor/2.13.2/jackson-dataformat-cbor-2.13.2.jar:/home/runner/.m2/repository/joda-time/joda-time/2.8.1/joda-time-2.8.1.jar:/home/runner/.m2/repository/com/amazonaws/aws-java-sdk-s3/1.12.261/aws-java-sdk-s3-1.12.261.jar:/home/runner/.m2/repository/com/amazonaws/aws-java-sdk-kms/1.12.261/aws-java-sdk-kms-1.12.261.jar:/home/runner/.m2/repository/com/amazonaws/jmespath-java/1.12.261/jmespath-java-1.12.261.jar:/home/runner/.m2/repository/org/kohsuke/metainf-services/metainf-services/1.8/metainf-services-1.8.jar:/home/runner/.m2/repository/org/apache/ozone/hdds-tools/1.3.0-SNAPSHOT/hdds-tools-1.3.0-SNAPSHOT.jar:/home/runner/.m2/repository/commons-cli/commons-cli/1.2/commons-cli-1.2.jar:/home/runner/.m2/repository/org/apache/commons/commons-lang3/3.7/commons-lang3-3.7.jar:/home/runner/.m2/repository/org/apache/ozone/ozone-manager/1.3.0-SNAPSHOT/ozone-manager-1.3.0-SNAPSHOT-tests.jar:/home/runner/.m2/repository/org/apache/ozone/hdds-common/1.3.0-SNAPSHOT/hdds-common-1.3.0-SNAPSHOT-tests.jar:/home/runner/.m2/repository/org/apache/ozone/hdds-hadoop-dependency-client/1.3.0-SNAPSHOT/hdds-hadoop-dependency-client-1.3.0-SNAPSHOT.jar:/home/runner/.m2/repository/info/picocli/picocli/4.6.1/picocli-4.6.1.jar:/home/runner/.m2/repository/com/fasterxml/jackson/core/jackson-annotations/2.13.2/jackson-annotations-2.13.2.jar:/home/runner/.m2/repository/com/fasterxml/jackson/datatype/jackson-datatype-jsr310/2.13.2/jackson-datatype-jsr310-2.13.2.jar:/home/runner/.m2/repository/javax/annotation/javax.annotation-api/1.2/javax.annotation-api-1.2.jar:/home/runner/.m2/repository/org/apache/ratis/ratis-server/2.3.0/ratis-server-2.3.0.jar:/home/runner/.m2/repository/org/apache/ratis/ratis-client/2.3.0/ratis-client-2.3.0.jar:/home/runner/.m2/repository/org/apache/ratis/ratis-server-api/2.3.0/ratis-server-api-2.3.0.jar:/home/runner/.m2/repository/org/apache/ratis/ratis-metrics/2.3.0/ratis-metrics-2.3.0.jar:/home/runner/.m2/repository/org/apache/ratis/ratis-netty/2.3.0/ratis-netty-2.3.0.jar:/home/runner/.m2/repository/org/apache/ratis/ratis-grpc/2.3.0/ratis-grpc-2.3.0.jar:/home/runner/.m2/repository/org/apache/logging/log4j/log4j-api/2.17.1/log4j-api-2.17.1.jar:/home/runner/.m2/repository/org/apache/commons/commons-pool2/2.6.0/commons-pool2-2.6.0.jar:/home/runner/.m2/repository/org/bouncycastle/bcpkix-jdk15on/1.67/bcpkix-jdk15on-1.67.jar:/home/runner/.m2/repository/commons-validator/commons-validator/1.6/commons-validator-1.6.jar:/home/runner/.m2/repository/commons-beanutils/commons-beanutils/1.9.4/commons-beanutils-1.9.4.jar:/home/runner/.m2/repository/commons-digester/commons-digester/1.8.1/commons-digester-1.8.1.jar:/home/runner/.m2/repository/commons-collections/commons-collections/3.2.2/commons-collections-3.2.2.jar:/home/runner/.m2/repository/io/jaegertracing/jaeger-client/1.6.0/jaeger-client-1.6.0.jar:/home/runner/.m2/repository/io/jaegertracing/jaeger-thrift/1.6.0/jaeger-thrift-1.6.0.jar:/home/runner/.m2/repository/org/apache/thrift/libthrift/0.14.1/libthrift-0.14.1.jar:/home/runner/.m2/repository/com/squareup/okhttp3/okhttp/4.9.0/okhttp-4.9.0.jar:/home/runner/.m2/repository/com/squareup/okio/okio/2.8.0/okio-2.8.0.jar:/home/runner/.m2/repository/io/jaegertracing/jaeger-core/1.6.0/jaeger-core-1.6.0.jar:/home/runner/.m2/repository/io/jaegertracing/jaeger-tracerresolver/1.6.0/jaeger-tracerresolver-1.6.0.jar:/home/runner/.m2/repository/io/opentracing/contrib/opentracing-tracerresolver/0.1.8/opentracing-tracerresolver-0.1.8.jar:/home/runner/.m2/repository/org/jetbrains/kotlin/kotlin-stdlib/1.6.21/kotlin-stdlib-1.6.21.jar:/home/runner/.m2/repository/org/jetbrains/kotlin/kotlin-stdlib-common/1.6.21/kotlin-stdlib-common-1.6.21.jar:/home/runner/.m2/repository/org/jetbrains/annotations/13.0/annotations-13.0.jar:/home/runner/.m2/repository/io/opentracing/opentracing-util/0.33.0/opentracing-util-0.33.0.jar:/home/runner/.m2/repository/io/opentracing/opentracing-api/0.33.0/opentracing-api-0.33.0.jar:/home/runner/.m2/repository/io/opentracing/opentracing-noop/0.33.0/opentracing-noop-0.33.0.jar:/home/runner/.m2/repository/org/yaml/snakeyaml/1.26/snakeyaml-1.26.jar:/home/runner/.m2/repository/org/apache/ozone/hdds-interface-admin/1.3.0-SNAPSHOT/hdds-interface-admin-1.3.0-SNAPSHOT.jar:/home/runner/.m2/repository/junit/junit/4.13.1/junit-4.13.1.jar:/home/runner/.m2/repository/org/hamcrest/hamcrest-core/1.3/hamcrest-core-1.3.jar:/home/runner/.m2/repository/org/junit/jupiter/junit-jupiter-api/5.8.2/junit-jupiter-api-5.8.2.jar:/home/runner/.m2/repository/org/opentest4j/opentest4j/1.2.0/opentest4j-1.2.0.jar:/home/runner/.m2/repository/org/junit/platform/junit-platform-commons/1.8.2/junit-platform-commons-1.8.2.jar:/home/runner/.m2/repository/org/apiguardian/apiguardian-api/1.1.2/apiguardian-api-1.1.2.jar:/home/runner/.m2/repository/org/junit/jupiter/junit-jupiter-params/5.8.2/junit-jupiter-params-5.8.2.jar:/home/runner/.m2/repository/org/junit/jupiter/junit-jupiter-migrationsupport/5.8.2/junit-jupiter-migrationsupport-5.8.2.jar:/home/runner/.m2/repository/org/junit/jupiter/junit-jupiter-engine/5.8.2/junit-jupiter-engine-5.8.2.jar:/home/runner/.m2/repository/org/junit/platform/junit-platform-engine/1.8.2/junit-platform-engine-1.8.2.jar:/home/runner/.m2/repository/org/junit/vintage/junit-vintage-engine/5.8.2/junit-vintage-engine-5.8.2.jar:/home/runner/.m2/repository/org/junit/platform/junit-platform-launcher/1.8.2/junit-platform-launcher-1.8.2.jar:/home/runner/.m2/repository/org/mockito/mockito-core/2.28.2/mockito-core-2.28.2.jar:/home/runner/.m2/repository/net/bytebuddy/byte-buddy/1.9.10/byte-buddy-1.9.10.jar:/home/runner/.m2/repository/net/bytebuddy/byte-buddy-agent/1.9.10/byte-buddy-agent-1.9.10.jar:/home/runner/.m2/repository/org/objenesis/objenesis/1.0/objenesis-1.0.jar:/home/runner/.m2/repository/org/apache/hadoop/hadoop-kms/3.3.1/hadoop-kms-3.3.1.jar:/home/runner/.m2/repository/org/apache/hadoop/hadoop-auth/3.3.1/hadoop-auth-3.3.1.jar:/home/runner/.m2/repository/com/nimbusds/nimbus-jose-jwt/7.9/nimbus-jose-jwt-7.9.jar:/home/runner/.m2/repository/com/github/stephenc/jcip/jcip-annotations/1.0-1/jcip-annotations-1.0-1.jar:/home/runner/.m2/repository/net/minidev/json-smart/2.4.7/json-smart-2.4.7.jar:/home/runner/.m2/repository/net/minidev/accessors-smart/2.4.7/accessors-smart-2.4.7.jar:/home/runner/.m2/repository/org/ow2/asm/asm/5.0.4/asm-5.0.4.jar:/home/runner/.m2/repository/org/apache/zookeeper/zookeeper/3.5.6/zookeeper-3.5.6.jar:/home/runner/.m2/repository/org/apache/zookeeper/zookeeper-jute/3.5.6/zookeeper-jute-3.5.6.jar:/home/runner/.m2/repository/org/apache/yetus/audience-annotations/0.5.0/audience-annotations-0.5.0.jar:/home/runner/.m2/repository/org/apache/curator/curator-framework/4.2.0/curator-framework-4.2.0.jar:/home/runner/.m2/repository/org/apache/hadoop/thirdparty/hadoop-shaded-guava/1.1.1/hadoop-shaded-guava-1.1.1.jar:/home/runner/.m2/repository/com/sun/jersey/jersey-core/1.19/jersey-core-1.19.jar:/home/runner/.m2/repository/javax/ws/rs/jsr311-api/1.1.1/jsr311-api-1.1.1.jar:/home/runner/.m2/repository/com/sun/jersey/jersey-server/1.19/jersey-server-1.19.jar:/home/runner/.m2/repository/javax/servlet/javax.servlet-api/3.1.0/javax.servlet-api-3.1.0.jar:/home/runner/.m2/repository/org/eclipse/jetty/jetty-server/9.4.43.v20210629/jetty-server-9.4.43.v20210629.jar:/home/runner/.m2/repository/org/eclipse/jetty/jetty-http/9.4.43.v20210629/jetty-http-9.4.43.v20210629.jar:/home/runner/.m2/repository/org/eclipse/jetty/jetty-io/9.4.43.v20210629/jetty-io-9.4.43.v20210629.jar:/home/runner/.m2/repository/org/eclipse/jetty/jetty-webapp/9.4.43.v20210629/jetty-webapp-9.4.43.v20210629.jar:/home/runner/.m2/repository/org/eclipse/jetty/jetty-xml/9.4.43.v20210629/jetty-xml-9.4.43.v20210629.jar:/home/runner/.m2/repository/org/apache/hadoop/hadoop-common/3.3.1/hadoop-common-3.3.1.jar:/home/runner/.m2/repository/org/apache/commons/commons-math3/3.1.1/commons-math3-3.1.1.jar:/home/runner/.m2/repository/commons-net/commons-net/3.6/commons-net-3.6.jar:/home/runner/.m2/repository/com/sun/jersey/jersey-servlet/1.19/jersey-servlet-1.19.jar:/home/runner/.m2/repository/com/sun/jersey/jersey-json/1.19/jersey-json-1.19.jar:/home/runner/.m2/repository/org/codehaus/jettison/jettison/1.1/jettison-1.1.jar:/home/runner/.m2/repository/com/sun/xml/bind/jaxb-impl/2.2.3-1/jaxb-impl-2.2.3-1.jar:/home/runner/.m2/repository/org/codehaus/jackson/jackson-xc/1.9.2/jackson-xc-1.9.2.jar:/home/runner/.m2/repository/org/apache/commons/commons-configuration2/2.1.1/commons-configuration2-2.1.1.jar:/home/runner/.m2/repository/org/apache/commons/commons-text/1.4/commons-text-1.4.jar:/home/runner/.m2/repository/com/google/re2j/re2j/1.1/re2j-1.1.jar:/home/runner/.m2/repository/com/jcraft/jsch/0.1.54/jsch-0.1.54.jar:/home/runner/.m2/repository/org/apache/curator/curator-client/4.2.0/curator-client-4.2.0.jar:/home/runner/.m2/repository/org/apache/curator/curator-recipes/4.2.0/curator-recipes-4.2.0.jar:/home/runner/.m2/repository/org/apache/kerby/kerb-core/1.0.1/kerb-core-1.0.1.jar:/home/runner/.m2/repository/org/apache/kerby/kerby-pkix/1.0.1/kerby-pkix-1.0.1.jar:/home/runner/.m2/repository/org/apache/kerby/kerby-asn1/1.0.1/kerby-asn1-1.0.1.jar:/home/runner/.m2/repository/org/apache/kerby/kerby-util/1.0.1/kerby-util-1.0.1.jar:/home/runner/.m2/repository/dnsjava/dnsjava/2.1.7/dnsjava-2.1.7.jar:/home/runner/.m2/repository/org/xerial/snappy/snappy-java/1.1.8.2/snappy-java-1.1.8.2.jar:/home/runner/.m2/repository/org/slf4j/jul-to-slf4j/1.7.30/jul-to-slf4j-1.7.30.jar:/home/runner/.m2/repository/org/eclipse/jetty/jetty-util/9.4.43.v20210629/jetty-util-9.4.43.v20210629.jar:/home/runner/.m2/repository/com/fasterxml/jackson/core/jackson-databind/2.13.2.2/jackson-databind-2.13.2.2.jar:/home/runner/.m2/repository/org/apache/hadoop/hadoop-kms/3.3.1/hadoop-kms-3.3.1-tests.jar:/home/runner/.m2/repository/org/apache/ozone/hdds-server-scm/1.3.0-SNAPSHOT/hdds-server-scm-1.3.0-SNAPSHOT-tests.jar:/home/runner/.m2/repository/org/apache/ozone/hdds-container-service/1.3.0-SNAPSHOT/hdds-container-service-1.3.0-SNAPSHOT-tests.jar:/home/runner/.m2/repository/commons-codec/commons-codec/1.11/commons-codec-1.11.jar:/home/runner/.m2/repository/io/netty/netty-codec/4.1.74.Final/netty-codec-4.1.74.Final.jar:/home/runner/.m2/repository/io/netty/netty-handler/4.1.74.Final/netty-handler-4.1.74.Final.jar:/home/runner/.m2/repository/org/apache/ozone/hdds-hadoop-dependency-test/1.3.0-SNAPSHOT/hdds-hadoop-dependency-test-1.3.0-SNAPSHOT.jar:/home/runner/.m2/repository/org/apache/hadoop/hadoop-common/3.3.1/hadoop-common-3.3.1-tests.jar:/home/runner/.m2/repository/org/assertj/assertj-core/3.12.2/assertj-core-3.12.2.jar:/home/runner/.m2/repository/org/apache/hadoop/hadoop-hdfs/3.3.1/hadoop-hdfs-3.3.1-tests.jar:/home/runner/.m2/repository/org/eclipse/jetty/jetty-util-ajax/9.4.43.v20210629/jetty-util-ajax-9.4.43.v20210629.jar:/home/runner/.m2/repository/commons-daemon/commons-daemon/1.0.13/commons-daemon-1.0.13.jar:/home/runner/.m2/repository/io/netty/netty/3.10.6.Final/netty-3.10.6.Final.jar:/home/runner/.m2/repository/io/netty/netty-all/4.1.74.Final/netty-all-4.1.74.Final.jar:/home/runner/.m2/repository/io/netty/netty-codec-dns/4.1.74.Final/netty-codec-dns-4.1.74.Final.jar:/home/runner/.m2/repository/io/netty/netty-codec-haproxy/4.1.74.Final/netty-codec-haproxy-4.1.74.Final.jar:/home/runner/.m2/repository/io/netty/netty-codec-memcache/4.1.74.Final/netty-codec-memcache-4.1.74.Final.jar:/home/runner/.m2/repository/io/netty/netty-codec-mqtt/4.1.74.Final/netty-codec-mqtt-4.1.74.Final.jar:/home/runner/.m2/repository/io/netty/netty-codec-redis/4.1.74.Final/netty-codec-redis-4.1.74.Final.jar:/home/runner/.m2/repository/io/netty/netty-codec-smtp/4.1.74.Final/netty-codec-smtp-4.1.74.Final.jar:/home/runner/.m2/repository/io/netty/netty-codec-stomp/4.1.74.Final/netty-codec-stomp-4.1.74.Final.jar:/home/runner/.m2/repository/io/netty/netty-codec-xml/4.1.74.Final/netty-codec-xml-4.1.74.Final.jar:/home/runner/.m2/repository/io/netty/netty-resolver-dns/4.1.74.Final/netty-resolver-dns-4.1.74.Final.jar:/home/runner/.m2/repository/io/netty/netty-transport-rxtx/4.1.74.Final/netty-transport-rxtx-4.1.74.Final.jar:/home/runner/.m2/repository/io/netty/netty-transport-sctp/4.1.74.Final/netty-transport-sctp-4.1.74.Final.jar:/home/runner/.m2/repository/io/netty/netty-transport-udt/4.1.74.Final/netty-transport-udt-4.1.74.Final.jar:/home/runner/.m2/repository/io/netty/netty-transport-classes-kqueue/4.1.74.Final/netty-transport-classes-kqueue-4.1.74.Final.jar:/home/runner/.m2/repository/io/netty/netty-resolver-dns-classes-macos/4.1.74.Final/netty-resolver-dns-classes-macos-4.1.74.Final.jar:/home/runner/.m2/repository/io/netty/netty-transport-native-epoll/4.1.74.Final/netty-transport-native-epoll-4.1.74.Final-linux-aarch_64.jar:/home/runner/.m2/repository/io/netty/netty-transport-native-kqueue/4.1.74.Final/netty-transport-native-kqueue-4.1.74.Final-osx-x86_64.jar:/home/runner/.m2/repository/io/netty/netty-transport-native-kqueue/4.1.74.Final/netty-transport-native-kqueue-4.1.74.Final-osx-aarch_64.jar:/home/runner/.m2/repository/io/netty/netty-resolver-dns-native-macos/4.1.74.Final/netty-resolver-dns-native-macos-4.1.74.Final-osx-x86_64.jar:/home/runner/.m2/repository/io/netty/netty-resolver-dns-native-macos/4.1.74.Final/netty-resolver-dns-native-macos-4.1.74.Final-osx-aarch_64.jar:/home/runner/.m2/repository/org/apache/htrace/htrace-core4/4.1.0-incubating/htrace-core4-4.1.0-incubating.jar:/home/runner/.m2/repository/org/fusesource/leveldbjni/leveldbjni-all/1.8/leveldbjni-all-1.8.jar:/home/runner/.m2/repository/org/apache/hadoop/hadoop-distcp/3.3.1/hadoop-distcp-3.3.1.jar:/home/runner/.m2/repository/org/apache/hadoop/hadoop-mapreduce-client-jobclient/3.3.1/hadoop-mapreduce-client-jobclient-3.3.1.jar:/home/runner/.m2/repository/org/apache/hadoop/hadoop-mapreduce-client-common/3.3.1/hadoop-mapreduce-client-common-3.3.1.jar:/home/runner/.m2/repository/org/apache/hadoop/hadoop-yarn-common/3.3.1/hadoop-yarn-common-3.3.1.jar:/home/runner/.m2/repository/org/apache/hadoop/hadoop-yarn-api/3.3.1/hadoop-yarn-api-3.3.1.jar:/home/runner/.m2/repository/com/sun/jersey/contribs/jersey-guice/1.19/jersey-guice-1.19.jar:/home/runner/.m2/repository/com/fasterxml/jackson/jaxrs/jackson-jaxrs-json-provider/2.13.2/jackson-jaxrs-json-provider-2.13.2.jar:/home/runner/.m2/repository/com/fasterxml/jackson/jaxrs/jackson-jaxrs-base/2.13.2/jackson-jaxrs-base-2.13.2.jar:/home/runner/.m2/repository/org/apache/hadoop/hadoop-yarn-client/3.3.1/hadoop-yarn-client-3.3.1.jar:/home/runner/.m2/repository/org/eclipse/jetty/websocket/websocket-client/9.4.40.v20210413/websocket-client-9.4.40.v20210413.jar:/home/runner/.m2/repository/org/eclipse/jetty/websocket/websocket-common/9.4.40.v20210413/websocket-common-9.4.40.v20210413.jar:/home/runner/.m2/repository/org/eclipse/jetty/websocket/websocket-api/9.4.40.v20210413/websocket-api-9.4.40.v20210413.jar:/home/runner/.m2/repository/org/jline/jline/3.9.0/jline-3.9.0.jar:/home/runner/.m2/repository/org/apache/hadoop/hadoop-mapreduce-client-core/3.3.1/hadoop-mapreduce-client-core-3.3.1.jar:/home/runner/.m2/repository/org/apache/avro/avro/1.7.7/avro-1.7.7.jar:/home/runner/.m2/repository/org/codehaus/jackson/jackson-core-asl/1.9.13/jackson-core-asl-1.9.13.jar:/home/runner/.m2/repository/org/codehaus/jackson/jackson-mapper-asl/1.9.13/jackson-mapper-asl-1.9.13.jar:/home/runner/.m2/repository/com/thoughtworks/paranamer/paranamer/2.3/paranamer-2.3.jar:/home/runner/.m2/repository/org/apache/hadoop/hadoop-annotations/3.3.1/hadoop-annotations-3.3.1.jar:/usr/lib/jvm/temurin-8-jdk-amd64/jre/../lib/tools.jar:/home/runner/.m2/repository/org/apache/hadoop/hadoop-distcp/3.3.1/hadoop-distcp-3.3.1-tests.jar:/home/runner/.m2/repository/org/apache/ratis/ratis-common/2.3.0/ratis-common-2.3.0.jar:/home/runner/.m2/repository/org/apache/ratis/ratis-thirdparty-misc/1.0.0/ratis-thirdparty-misc-1.0.0.jar:/home/runner/.m2/repository/org/apache/ratis/ratis-proto/2.3.0/ratis-proto-2.3.0.jar:/home/runner/.m2/repository/org/apache/ozone/ozone-annotation-processing/1.3.0-SNAPSHOT/ozone-annotation-processing-1.3.0-SNAPSHOT.jar:"/>
    <property name="java.vm.vendor" value="Temurin"/>
    <property name="sun.arch.data.model" value="64"/>
    <property name="test.build.dir" value="/home/runner/work/ozone/ozone/hadoop-ozone/integration-test/target/test-dir"/>
    <property name="test.cache.data" value=""/>
    <property name="java.vendor.url" value="https://adoptium.net/"/>
    <property name="user.timezone" value="Etc/UTC"/>
    <property name="java.vm.specification.version" value="1.8"/>
    <property name="os.name" value="Linux"/>
    <property name="test.build.data" value="/home/runner/work/ozone/ozone/hadoop-ozone/integration-test/target/test-dir"/>
    <property name="sun.java.launcher" value="SUN_STANDARD"/>
    <property name="sun.boot.library.path" value="/usr/lib/jvm/temurin-8-jdk-amd64/jre/lib/amd64"/>
    <property name="sun.java.command" value="/home/runner/work/ozone/ozone/hadoop-ozone/integration-test/target/surefire/surefirebooter8835710751042712875.jar /home/runner/work/ozone/ozone/hadoop-ozone/integration-test/target/surefire 2022-07-21T17-36-59_921-jvmRun1 surefire6664760956496514464tmp surefire_422590113393511401192tmp"/>
    <property name="surefire.test.class.path" value="/home/runner/work/ozone/ozone/hadoop-ozone/integration-test/target/test-classes:/home/runner/work/ozone/ozone/hadoop-ozone/integration-test/target/classes:/home/runner/.m2/repository/org/apache/ozone/ozone-common/1.3.0-SNAPSHOT/ozone-common-1.3.0-SNAPSHOT.jar:/home/runner/.m2/repository/io/grpc/grpc-netty/1.44.0/grpc-netty-1.44.0.jar:/home/runner/.m2/repository/io/grpc/grpc-core/1.44.0/grpc-core-1.44.0.jar:/home/runner/.m2/repository/com/google/android/annotations/4.1.1.4/annotations-4.1.1.4.jar:/home/runner/.m2/repository/org/codehaus/mojo/animal-sniffer-annotations/1.19/animal-sniffer-annotations-1.19.jar:/home/runner/.m2/repository/com/google/errorprone/error_prone_annotations/2.2.0/error_prone_annotations-2.2.0.jar:/home/runner/.m2/repository/io/perfmark/perfmark-api/0.23.0/perfmark-api-0.23.0.jar:/home/runner/.m2/repository/io/netty/netty-codec-http2/4.1.74.Final/netty-codec-http2-4.1.74.Final.jar:/home/runner/.m2/repository/io/netty/netty-common/4.1.74.Final/netty-common-4.1.74.Final.jar:/home/runner/.m2/repository/io/netty/netty-buffer/4.1.74.Final/netty-buffer-4.1.74.Final.jar:/home/runner/.m2/repository/io/netty/netty-codec-http/4.1.74.Final/netty-codec-http-4.1.74.Final.jar:/home/runner/.m2/repository/io/netty/netty-handler-proxy/4.1.74.Final/netty-handler-proxy-4.1.74.Final.jar:/home/runner/.m2/repository/io/netty/netty-codec-socks/4.1.74.Final/netty-codec-socks-4.1.74.Final.jar:/home/runner/.m2/repository/io/netty/netty-tcnative-boringssl-static/2.0.48.Final/netty-tcnative-boringssl-static-2.0.48.Final.jar:/home/runner/.m2/repository/io/netty/netty-tcnative-classes/2.0.48.Final/netty-tcnative-classes-2.0.48.Final.jar:/home/runner/.m2/repository/org/apache/commons/commons-compress/1.21/commons-compress-1.21.jar:/home/runner/.m2/repository/org/apache/ozone/hdds-common/1.3.0-SNAPSHOT/hdds-common-1.3.0-SNAPSHOT.jar:/home/runner/.m2/repository/org/apache/ozone/hdds-client/1.3.0-SNAPSHOT/hdds-client-1.3.0-SNAPSHOT.jar:/home/runner/.m2/repository/org/apache/ozone/ozone-interface-client/1.3.0-SNAPSHOT/ozone-interface-client-1.3.0-SNAPSHOT.jar:/home/runner/.m2/repository/org/apache/ozone/hdds-test-utils/1.3.0-SNAPSHOT/hdds-test-utils-1.3.0-SNAPSHOT.jar:/home/runner/.m2/repository/com/google/guava/guava/31.1-jre/guava-31.1-jre.jar:/home/runner/.m2/repository/com/google/guava/failureaccess/1.0.1/failureaccess-1.0.1.jar:/home/runner/.m2/repository/com/google/guava/listenablefuture/9999.0-empty-to-avoid-conflict-with-guava/listenablefuture-9999.0-empty-to-avoid-conflict-with-guava.jar:/home/runner/.m2/repository/com/google/code/findbugs/jsr305/3.0.0/jsr305-3.0.0.jar:/home/runner/.m2/repository/org/checkerframework/checker-qual/3.12.0/checker-qual-3.12.0.jar:/home/runner/.m2/repository/com/google/j2objc/j2objc-annotations/1.3/j2objc-annotations-1.3.jar:/home/runner/.m2/repository/commons-io/commons-io/2.11.0/commons-io-2.11.0.jar:/home/runner/.m2/repository/commons-logging/commons-logging/1.2/commons-logging-1.2.jar:/home/runner/.m2/repository/log4j/log4j/1.2.17/log4j-1.2.17.jar:/home/runner/.m2/repository/org/slf4j/slf4j-api/1.7.30/slf4j-api-1.7.30.jar:/home/runner/.m2/repository/org/apache/ozone/hdds-server-scm/1.3.0-SNAPSHOT/hdds-server-scm-1.3.0-SNAPSHOT.jar:/home/runner/.m2/repository/org/apache/ozone/hdds-container-service/1.3.0-SNAPSHOT/hdds-container-service-1.3.0-SNAPSHOT.jar:/home/runner/.m2/repository/org/apache/ozone/hdds-hadoop-dependency-server/1.3.0-SNAPSHOT/hdds-hadoop-dependency-server-1.3.0-SNAPSHOT.jar:/home/runner/.m2/repository/org/apache/hadoop/hadoop-hdfs/3.3.1/hadoop-hdfs-3.3.1.jar:/home/runner/.m2/repository/org/apache/ozone/hdds-server-framework/1.3.0-SNAPSHOT/hdds-server-framework-1.3.0-SNAPSHOT.jar:/home/runner/.m2/repository/org/apache/ozone/hdds-interface-server/1.3.0-SNAPSHOT/hdds-interface-server-1.3.0-SNAPSHOT.jar:/home/runner/.m2/repository/org/apache/logging/log4j/log4j-core/2.17.1/log4j-core-2.17.1.jar:/home/runner/.m2/repository/com/lmax/disruptor/3.4.2/disruptor-3.4.2.jar:/home/runner/.m2/repository/org/eclipse/jetty/jetty-servlet/9.4.43.v20210629/jetty-servlet-9.4.43.v20210629.jar:/home/runner/.m2/repository/org/eclipse/jetty/jetty-security/9.4.43.v20210629/jetty-security-9.4.43.v20210629.jar:/home/runner/.m2/repository/org/rocksdb/rocksdbjni/6.29.5/rocksdbjni-6.29.5.jar:/home/runner/.m2/repository/io/prometheus/simpleclient_dropwizard/0.7.0/simpleclient_dropwizard-0.7.0.jar:/home/runner/.m2/repository/io/prometheus/simpleclient/0.7.0/simpleclient-0.7.0.jar:/home/runner/.m2/repository/io/prometheus/simpleclient_common/0.7.0/simpleclient_common-0.7.0.jar:/home/runner/.m2/repository/io/dropwizard/metrics/metrics-core/3.2.4/metrics-core-3.2.4.jar:/home/runner/.m2/repository/org/apache/hadoop/hadoop-hdfs-client/3.3.1/hadoop-hdfs-client-3.3.1.jar:/home/runner/.m2/repository/org/bouncycastle/bcprov-jdk15on/1.67/bcprov-jdk15on-1.67.jar:/home/runner/.m2/repository/com/google/protobuf/protobuf-java/2.5.0/protobuf-java-2.5.0.jar:/home/runner/.m2/repository/org/apache/ozone/ozone-manager/1.3.0-SNAPSHOT/ozone-manager-1.3.0-SNAPSHOT.jar:/home/runner/.m2/repository/org/aspectj/aspectjrt/1.9.7/aspectjrt-1.9.7.jar:/home/runner/.m2/repository/org/aspectj/aspectjweaver/1.9.7/aspectjweaver-1.9.7.jar:/home/runner/.m2/repository/org/apache/ozone/hdds-interface-client/1.3.0-SNAPSHOT/hdds-interface-client-1.3.0-SNAPSHOT.jar:/home/runner/.m2/repository/org/apache/hadoop/thirdparty/hadoop-shaded-protobuf_3_7/1.1.1/hadoop-shaded-protobuf_3_7-1.1.1.jar:/home/runner/.m2/repository/org/apache/ozone/ozone-interface-storage/1.3.0-SNAPSHOT/ozone-interface-storage-1.3.0-SNAPSHOT.jar:/home/runner/.m2/repository/org/reflections/reflections/0.9.11/reflections-0.9.11.jar:/home/runner/.m2/repository/com/sun/jersey/jersey-client/1.19/jersey-client-1.19.jar:/home/runner/.m2/repository/org/apache/ranger/ranger-intg/2.3.0/ranger-intg-2.3.0.jar:/home/runner/.m2/repository/org/apache/ranger/ranger-plugins-common/2.3.0/ranger-plugins-common-2.3.0.jar:/home/runner/.m2/repository/commons-lang/commons-lang/2.6/commons-lang-2.6.jar:/home/runner/.m2/repository/org/codehaus/jackson/jackson-jaxrs/1.9.13/jackson-jaxrs-1.9.13.jar:/home/runner/.m2/repository/org/apache/ranger/ranger-plugins-cred/2.3.0/ranger-plugins-cred-2.3.0.jar:/home/runner/.m2/repository/org/apache/ranger/ranger-plugins-audit/2.3.0/ranger-plugins-audit-2.3.0.jar:/home/runner/.m2/repository/org/apache/kafka/kafka-clients/2.8.1/kafka-clients-2.8.1.jar:/home/runner/.m2/repository/com/github/luben/zstd-jni/1.4.9-1/zstd-jni-1.4.9-1.jar:/home/runner/.m2/repository/org/apache/solr/solr-solrj/8.6.3/solr-solrj-8.6.3.jar:/home/runner/.m2/repository/org/slf4j/jcl-over-slf4j/1.7.24/jcl-over-slf4j-1.7.24.jar:/home/runner/.m2/repository/org/eclipse/jetty/jetty-client/9.4.31.v20200723/jetty-client-9.4.31.v20200723.jar:/home/runner/.m2/repository/org/apache/httpcomponents/httpmime/4.5.6/httpmime-4.5.6.jar:/home/runner/.m2/repository/org/apache/httpcomponents/httpcore-nio/4.4.6/httpcore-nio-4.4.6.jar:/home/runner/.m2/repository/org/apache/httpcomponents/httpasyncclient/4.1.3/httpasyncclient-4.1.3.jar:/home/runner/.m2/repository/com/carrotsearch/hppc/0.8.0/hppc-0.8.0.jar:/home/runner/.m2/repository/org/apache/hive/hive-storage-api/2.7.2/hive-storage-api-2.7.2.jar:/home/runner/.m2/repository/org/apache/orc/orc-core/1.5.8/orc-core-1.5.8.jar:/home/runner/.m2/repository/com/amazonaws/aws-java-sdk-bundle/1.12.125/aws-java-sdk-bundle-1.12.125.jar:/home/runner/.m2/repository/net/java/dev/jna/jna/5.2.0/jna-5.2.0.jar:/home/runner/.m2/repository/net/java/dev/jna/jna-platform/5.2.0/jna-platform-5.2.0.jar:/home/runner/.m2/repository/com/kstruct/gethostname4j/0.0.2/gethostname4j-0.0.2.jar:/home/runner/.m2/repository/org/apache/ranger/ranger-plugin-classloader/2.3.0/ranger-plugin-classloader-2.3.0.jar:/home/runner/.m2/repository/org/apache/hadoop/hadoop-minikdc/3.3.1/hadoop-minikdc-3.3.1.jar:/home/runner/.m2/repository/org/apache/kerby/kerb-simplekdc/1.0.1/kerb-simplekdc-1.0.1.jar:/home/runner/.m2/repository/org/apache/kerby/kerb-client/1.0.1/kerb-client-1.0.1.jar:/home/runner/.m2/repository/org/apache/kerby/kerby-config/1.0.1/kerby-config-1.0.1.jar:/home/runner/.m2/repository/org/apache/kerby/kerb-common/1.0.1/kerb-common-1.0.1.jar:/home/runner/.m2/repository/org/apache/kerby/kerb-crypto/1.0.1/kerb-crypto-1.0.1.jar:/home/runner/.m2/repository/org/apache/kerby/kerb-util/1.0.1/kerb-util-1.0.1.jar:/home/runner/.m2/repository/org/apache/kerby/token-provider/1.0.1/token-provider-1.0.1.jar:/home/runner/.m2/repository/org/apache/kerby/kerb-admin/1.0.1/kerb-admin-1.0.1.jar:/home/runner/.m2/repository/org/apache/kerby/kerb-server/1.0.1/kerb-server-1.0.1.jar:/home/runner/.m2/repository/org/apache/kerby/kerb-identity/1.0.1/kerb-identity-1.0.1.jar:/home/runner/.m2/repository/org/apache/kerby/kerby-xdr/1.0.1/kerby-xdr-1.0.1.jar:/home/runner/.m2/repository/org/slf4j/slf4j-log4j12/1.7.30/slf4j-log4j12-1.7.30.jar:/home/runner/.m2/repository/org/apache/ozone/ozone-s3gateway/1.3.0-SNAPSHOT/ozone-s3gateway-1.3.0-SNAPSHOT.jar:/home/runner/.m2/repository/org/javassist/javassist/3.21.0-GA/javassist-3.21.0-GA.jar:/home/runner/.m2/repository/org/jboss/weld/servlet/weld-servlet/2.4.7.Final/weld-servlet-2.4.7.Final.jar:/home/runner/.m2/repository/org/glassfish/jersey/containers/jersey-container-servlet-core/2.33/jersey-container-servlet-core-2.33.jar:/home/runner/.m2/repository/org/glassfish/hk2/external/jakarta.inject/2.6.1/jakarta.inject-2.6.1.jar:/home/runner/.m2/repository/org/glassfish/jersey/core/jersey-common/2.33/jersey-common-2.33.jar:/home/runner/.m2/repository/jakarta/ws/rs/jakarta.ws.rs-api/2.1.6/jakarta.ws.rs-api-2.1.6.jar:/home/runner/.m2/repository/org/glassfish/jersey/ext/cdi/jersey-cdi1x/2.33/jersey-cdi1x-2.33.jar:/home/runner/.m2/repository/org/glassfish/jersey/inject/jersey-hk2/2.33/jersey-hk2-2.33.jar:/home/runner/.m2/repository/org/glassfish/hk2/hk2-locator/2.6.1/hk2-locator-2.6.1.jar:/home/runner/.m2/repository/org/glassfish/jersey/media/jersey-media-jaxb/2.33/jersey-media-jaxb-2.33.jar:/home/runner/.m2/repository/org/glassfish/hk2/osgi-resource-locator/1.0.3/osgi-resource-locator-1.0.3.jar:/home/runner/.m2/repository/org/glassfish/hk2/hk2-api/2.5.0/hk2-api-2.5.0.jar:/home/runner/.m2/repository/org/glassfish/hk2/hk2-utils/2.5.0/hk2-utils-2.5.0.jar:/home/runner/.m2/repository/org/glassfish/hk2/external/aopalliance-repackaged/2.5.0/aopalliance-repackaged-2.5.0.jar:/home/runner/.m2/repository/com/fasterxml/jackson/dataformat/jackson-dataformat-xml/2.13.2/jackson-dataformat-xml-2.13.2.jar:/home/runner/.m2/repository/com/fasterxml/jackson/core/jackson-core/2.13.2/jackson-core-2.13.2.jar:/home/runner/.m2/repository/org/codehaus/woodstox/stax2-api/3.1.4/stax2-api-3.1.4.jar:/home/runner/.m2/repository/com/fasterxml/woodstox/woodstox-core/5.0.3/woodstox-core-5.0.3.jar:/home/runner/.m2/repository/com/fasterxml/jackson/module/jackson-module-jaxb-annotations/2.13.2/jackson-module-jaxb-annotations-2.13.2.jar:/home/runner/.m2/repository/jakarta/xml/bind/jakarta.xml.bind-api/2.3.3/jakarta.xml.bind-api-2.3.3.jar:/home/runner/.m2/repository/jakarta/activation/jakarta.activation-api/1.2.1/jakarta.activation-api-1.2.1.jar:/home/runner/.m2/repository/javax/enterprise/cdi-api/1.2/cdi-api-1.2.jar:/home/runner/.m2/repository/javax/el/javax.el-api/3.0.0/javax.el-api-3.0.0.jar:/home/runner/.m2/repository/javax/interceptor/javax.interceptor-api/1.2/javax.interceptor-api-1.2.jar:/home/runner/.m2/repository/javax/inject/javax.inject/1/javax.inject-1.jar:/home/runner/.m2/repository/javax/xml/bind/jaxb-api/2.3.0/jaxb-api-2.3.0.jar:/home/runner/.m2/repository/org/glassfish/jaxb/jaxb-runtime/2.3.0.1/jaxb-runtime-2.3.0.1.jar:/home/runner/.m2/repository/org/glassfish/jaxb/jaxb-core/2.3.0.1/jaxb-core-2.3.0.1.jar:/home/runner/.m2/repository/org/glassfish/jaxb/txw2/2.3.0.1/txw2-2.3.0.1.jar:/home/runner/.m2/repository/com/sun/istack/istack-commons-runtime/3.0.5/istack-commons-runtime-3.0.5.jar:/home/runner/.m2/repository/org/jvnet/staxex/stax-ex/1.7.8/stax-ex-1.7.8.jar:/home/runner/.m2/repository/com/sun/xml/fastinfoset/FastInfoset/1.2.13/FastInfoset-1.2.13.jar:/home/runner/.m2/repository/javax/activation/activation/1.1.1/activation-1.1.1.jar:/home/runner/.m2/repository/io/grpc/grpc-protobuf/1.44.0/grpc-protobuf-1.44.0.jar:/home/runner/.m2/repository/io/grpc/grpc-api/1.44.0/grpc-api-1.44.0.jar:/home/runner/.m2/repository/io/grpc/grpc-context/1.44.0/grpc-context-1.44.0.jar:/home/runner/.m2/repository/com/google/api/grpc/proto-google-common-protos/2.0.1/proto-google-common-protos-2.0.1.jar:/home/runner/.m2/repository/io/grpc/grpc-protobuf-lite/1.44.0/grpc-protobuf-lite-1.44.0.jar:/home/runner/.m2/repository/io/grpc/grpc-stub/1.44.0/grpc-stub-1.44.0.jar:/home/runner/.m2/repository/io/netty/netty-transport/4.1.74.Final/netty-transport-4.1.74.Final.jar:/home/runner/.m2/repository/io/netty/netty-resolver/4.1.74.Final/netty-resolver-4.1.74.Final.jar:/home/runner/.m2/repository/org/apache/ozone/ozone-csi/1.3.0-SNAPSHOT/ozone-csi-1.3.0-SNAPSHOT.jar:/home/runner/.m2/repository/com/google/protobuf/protobuf-java-util/3.19.2/protobuf-java-util-3.19.2.jar:/home/runner/.m2/repository/com/google/code/gson/gson/2.9.0/gson-2.9.0.jar:/home/runner/.m2/repository/org/apache/ozone/hdds-config/1.3.0-SNAPSHOT/hdds-config-1.3.0-SNAPSHOT.jar:/home/runner/.m2/repository/io/netty/netty-transport-native-epoll/4.1.74.Final/netty-transport-native-epoll-4.1.74.Final-linux-x86_64.jar:/home/runner/.m2/repository/io/netty/netty-transport-classes-epoll/4.1.74.Final/netty-transport-classes-epoll-4.1.74.Final.jar:/home/runner/.m2/repository/io/netty/netty-transport-native-unix-common/4.1.74.Final/netty-transport-native-unix-common-4.1.74.Final.jar:/home/runner/.m2/repository/org/apache/ozone/ozone-recon/1.3.0-SNAPSHOT/ozone-recon-1.3.0-SNAPSHOT.jar:/home/runner/.m2/repository/org/apache/ozone/ozone-reconcodegen/1.3.0-SNAPSHOT/ozone-reconcodegen-1.3.0-SNAPSHOT.jar:/home/runner/.m2/repository/com/google/inject/extensions/guice-multibindings/4.0/guice-multibindings-4.0.jar:/home/runner/.m2/repository/com/google/inject/guice/4.0/guice-4.0.jar:/home/runner/.m2/repository/aopalliance/aopalliance/1.0/aopalliance-1.0.jar:/home/runner/.m2/repository/com/google/inject/extensions/guice-assistedinject/4.0/guice-assistedinject-4.0.jar:/home/runner/.m2/repository/com/google/inject/extensions/guice-servlet/4.0/guice-servlet-4.0.jar:/home/runner/.m2/repository/org/glassfish/jersey/containers/jersey-container-servlet/2.33/jersey-container-servlet-2.33.jar:/home/runner/.m2/repository/org/glassfish/hk2/guice-bridge/2.5.0/guice-bridge-2.5.0.jar:/home/runner/.m2/repository/org/glassfish/jersey/core/jersey-server/2.33/jersey-server-2.33.jar:/home/runner/.m2/repository/org/glassfish/jersey/core/jersey-client/2.33/jersey-client-2.33.jar:/home/runner/.m2/repository/jakarta/annotation/jakarta.annotation-api/1.3.5/jakarta.annotation-api-1.3.5.jar:/home/runner/.m2/repository/jakarta/validation/jakarta.validation-api/2.0.2/jakarta.validation-api-2.0.2.jar:/home/runner/.m2/repository/org/glassfish/jersey/media/jersey-media-json-jackson/2.33/jersey-media-json-jackson-2.33.jar:/home/runner/.m2/repository/org/glassfish/jersey/ext/jersey-entity-filtering/2.33/jersey-entity-filtering-2.33.jar:/home/runner/.m2/repository/org/jooq/jooq/3.11.10/jooq-3.11.10.jar:/home/runner/.m2/repository/org/jooq/jooq-meta/3.11.10/jooq-meta-3.11.10.jar:/home/runner/.m2/repository/org/jooq/jooq-codegen/3.11.10/jooq-codegen-3.11.10.jar:/home/runner/.m2/repository/com/jolbox/bonecp/0.8.0.RELEASE/bonecp-0.8.0.RELEASE.jar:/home/runner/.m2/repository/org/apache/derby/derby/10.14.2.0/derby-10.14.2.0.jar:/home/runner/.m2/repository/org/xerial/sqlite-jdbc/3.25.2/sqlite-jdbc-3.25.2.jar:/home/runner/.m2/repository/org/springframework/spring-jdbc/5.2.20.RELEASE/spring-jdbc-5.2.20.RELEASE.jar:/home/runner/.m2/repository/org/springframework/spring-beans/5.2.20.RELEASE/spring-beans-5.2.20.RELEASE.jar:/home/runner/.m2/repository/org/springframework/spring-core/5.2.20.RELEASE/spring-core-5.2.20.RELEASE.jar:/home/runner/.m2/repository/org/springframework/spring-jcl/5.2.20.RELEASE/spring-jcl-5.2.20.RELEASE.jar:/home/runner/.m2/repository/org/springframework/spring-tx/5.2.20.RELEASE/spring-tx-5.2.20.RELEASE.jar:/home/runner/.m2/repository/org/apache/ozone/ozone-client/1.3.0-SNAPSHOT/ozone-client-1.3.0-SNAPSHOT.jar:/home/runner/.m2/repository/org/apache/ozone/hdds-erasurecode/1.3.0-SNAPSHOT/hdds-erasurecode-1.3.0-SNAPSHOT.jar:/home/runner/.m2/repository/com/github/spotbugs/spotbugs-annotations/3.1.12/spotbugs-annotations-3.1.12.jar:/home/runner/.m2/repository/org/apache/ozone/ozone-filesystem/1.3.0-SNAPSHOT/ozone-filesystem-1.3.0-SNAPSHOT.jar:/home/runner/.m2/repository/org/apache/ozone/ozone-filesystem-common/1.3.0-SNAPSHOT/ozone-filesystem-common-1.3.0-SNAPSHOT.jar:/home/runner/.m2/repository/org/apache/ozone/ozone-tools/1.3.0-SNAPSHOT/ozone-tools-1.3.0-SNAPSHOT.jar:/home/runner/.m2/repository/org/apache/ratis/ratis-tools/2.3.0/ratis-tools-2.3.0.jar:/home/runner/.m2/repository/com/amazonaws/aws-java-sdk-core/1.12.261/aws-java-sdk-core-1.12.261.jar:/home/runner/.m2/repository/org/apache/httpcomponents/httpclient/4.5.13/httpclient-4.5.13.jar:/home/runner/.m2/repository/org/apache/httpcomponents/httpcore/4.4.13/httpcore-4.4.13.jar:/home/runner/.m2/repository/software/amazon/ion/ion-java/1.0.2/ion-java-1.0.2.jar:/home/runner/.m2/repository/com/fasterxml/jackson/dataformat/jackson-dataformat-cbor/2.13.2/jackson-dataformat-cbor-2.13.2.jar:/home/runner/.m2/repository/joda-time/joda-time/2.8.1/joda-time-2.8.1.jar:/home/runner/.m2/repository/com/amazonaws/aws-java-sdk-s3/1.12.261/aws-java-sdk-s3-1.12.261.jar:/home/runner/.m2/repository/com/amazonaws/aws-java-sdk-kms/1.12.261/aws-java-sdk-kms-1.12.261.jar:/home/runner/.m2/repository/com/amazonaws/jmespath-java/1.12.261/jmespath-java-1.12.261.jar:/home/runner/.m2/repository/org/kohsuke/metainf-services/metainf-services/1.8/metainf-services-1.8.jar:/home/runner/.m2/repository/org/apache/ozone/hdds-tools/1.3.0-SNAPSHOT/hdds-tools-1.3.0-SNAPSHOT.jar:/home/runner/.m2/repository/commons-cli/commons-cli/1.2/commons-cli-1.2.jar:/home/runner/.m2/repository/org/apache/commons/commons-lang3/3.7/commons-lang3-3.7.jar:/home/runner/.m2/repository/org/apache/ozone/ozone-manager/1.3.0-SNAPSHOT/ozone-manager-1.3.0-SNAPSHOT-tests.jar:/home/runner/.m2/repository/org/apache/ozone/hdds-common/1.3.0-SNAPSHOT/hdds-common-1.3.0-SNAPSHOT-tests.jar:/home/runner/.m2/repository/org/apache/ozone/hdds-hadoop-dependency-client/1.3.0-SNAPSHOT/hdds-hadoop-dependency-client-1.3.0-SNAPSHOT.jar:/home/runner/.m2/repository/info/picocli/picocli/4.6.1/picocli-4.6.1.jar:/home/runner/.m2/repository/com/fasterxml/jackson/core/jackson-annotations/2.13.2/jackson-annotations-2.13.2.jar:/home/runner/.m2/repository/com/fasterxml/jackson/datatype/jackson-datatype-jsr310/2.13.2/jackson-datatype-jsr310-2.13.2.jar:/home/runner/.m2/repository/javax/annotation/javax.annotation-api/1.2/javax.annotation-api-1.2.jar:/home/runner/.m2/repository/org/apache/ratis/ratis-server/2.3.0/ratis-server-2.3.0.jar:/home/runner/.m2/repository/org/apache/ratis/ratis-client/2.3.0/ratis-client-2.3.0.jar:/home/runner/.m2/repository/org/apache/ratis/ratis-server-api/2.3.0/ratis-server-api-2.3.0.jar:/home/runner/.m2/repository/org/apache/ratis/ratis-metrics/2.3.0/ratis-metrics-2.3.0.jar:/home/runner/.m2/repository/org/apache/ratis/ratis-netty/2.3.0/ratis-netty-2.3.0.jar:/home/runner/.m2/repository/org/apache/ratis/ratis-grpc/2.3.0/ratis-grpc-2.3.0.jar:/home/runner/.m2/repository/org/apache/logging/log4j/log4j-api/2.17.1/log4j-api-2.17.1.jar:/home/runner/.m2/repository/org/apache/commons/commons-pool2/2.6.0/commons-pool2-2.6.0.jar:/home/runner/.m2/repository/org/bouncycastle/bcpkix-jdk15on/1.67/bcpkix-jdk15on-1.67.jar:/home/runner/.m2/repository/commons-validator/commons-validator/1.6/commons-validator-1.6.jar:/home/runner/.m2/repository/commons-beanutils/commons-beanutils/1.9.4/commons-beanutils-1.9.4.jar:/home/runner/.m2/repository/commons-digester/commons-digester/1.8.1/commons-digester-1.8.1.jar:/home/runner/.m2/repository/commons-collections/commons-collections/3.2.2/commons-collections-3.2.2.jar:/home/runner/.m2/repository/io/jaegertracing/jaeger-client/1.6.0/jaeger-client-1.6.0.jar:/home/runner/.m2/repository/io/jaegertracing/jaeger-thrift/1.6.0/jaeger-thrift-1.6.0.jar:/home/runner/.m2/repository/org/apache/thrift/libthrift/0.14.1/libthrift-0.14.1.jar:/home/runner/.m2/repository/com/squareup/okhttp3/okhttp/4.9.0/okhttp-4.9.0.jar:/home/runner/.m2/repository/com/squareup/okio/okio/2.8.0/okio-2.8.0.jar:/home/runner/.m2/repository/io/jaegertracing/jaeger-core/1.6.0/jaeger-core-1.6.0.jar:/home/runner/.m2/repository/io/jaegertracing/jaeger-tracerresolver/1.6.0/jaeger-tracerresolver-1.6.0.jar:/home/runner/.m2/repository/io/opentracing/contrib/opentracing-tracerresolver/0.1.8/opentracing-tracerresolver-0.1.8.jar:/home/runner/.m2/repository/org/jetbrains/kotlin/kotlin-stdlib/1.6.21/kotlin-stdlib-1.6.21.jar:/home/runner/.m2/repository/org/jetbrains/kotlin/kotlin-stdlib-common/1.6.21/kotlin-stdlib-common-1.6.21.jar:/home/runner/.m2/repository/org/jetbrains/annotations/13.0/annotations-13.0.jar:/home/runner/.m2/repository/io/opentracing/opentracing-util/0.33.0/opentracing-util-0.33.0.jar:/home/runner/.m2/repository/io/opentracing/opentracing-api/0.33.0/opentracing-api-0.33.0.jar:/home/runner/.m2/repository/io/opentracing/opentracing-noop/0.33.0/opentracing-noop-0.33.0.jar:/home/runner/.m2/repository/org/yaml/snakeyaml/1.26/snakeyaml-1.26.jar:/home/runner/.m2/repository/org/apache/ozone/hdds-interface-admin/1.3.0-SNAPSHOT/hdds-interface-admin-1.3.0-SNAPSHOT.jar:/home/runner/.m2/repository/junit/junit/4.13.1/junit-4.13.1.jar:/home/runner/.m2/repository/org/hamcrest/hamcrest-core/1.3/hamcrest-core-1.3.jar:/home/runner/.m2/repository/org/junit/jupiter/junit-jupiter-api/5.8.2/junit-jupiter-api-5.8.2.jar:/home/runner/.m2/repository/org/opentest4j/opentest4j/1.2.0/opentest4j-1.2.0.jar:/home/runner/.m2/repository/org/junit/platform/junit-platform-commons/1.8.2/junit-platform-commons-1.8.2.jar:/home/runner/.m2/repository/org/apiguardian/apiguardian-api/1.1.2/apiguardian-api-1.1.2.jar:/home/runner/.m2/repository/org/junit/jupiter/junit-jupiter-params/5.8.2/junit-jupiter-params-5.8.2.jar:/home/runner/.m2/repository/org/junit/jupiter/junit-jupiter-migrationsupport/5.8.2/junit-jupiter-migrationsupport-5.8.2.jar:/home/runner/.m2/repository/org/junit/jupiter/junit-jupiter-engine/5.8.2/junit-jupiter-engine-5.8.2.jar:/home/runner/.m2/repository/org/junit/platform/junit-platform-engine/1.8.2/junit-platform-engine-1.8.2.jar:/home/runner/.m2/repository/org/junit/vintage/junit-vintage-engine/5.8.2/junit-vintage-engine-5.8.2.jar:/home/runner/.m2/repository/org/junit/platform/junit-platform-launcher/1.8.2/junit-platform-launcher-1.8.2.jar:/home/runner/.m2/repository/org/mockito/mockito-core/2.28.2/mockito-core-2.28.2.jar:/home/runner/.m2/repository/net/bytebuddy/byte-buddy/1.9.10/byte-buddy-1.9.10.jar:/home/runner/.m2/repository/net/bytebuddy/byte-buddy-agent/1.9.10/byte-buddy-agent-1.9.10.jar:/home/runner/.m2/repository/org/objenesis/objenesis/1.0/objenesis-1.0.jar:/home/runner/.m2/repository/org/apache/hadoop/hadoop-kms/3.3.1/hadoop-kms-3.3.1.jar:/home/runner/.m2/repository/org/apache/hadoop/hadoop-auth/3.3.1/hadoop-auth-3.3.1.jar:/home/runner/.m2/repository/com/nimbusds/nimbus-jose-jwt/7.9/nimbus-jose-jwt-7.9.jar:/home/runner/.m2/repository/com/github/stephenc/jcip/jcip-annotations/1.0-1/jcip-annotations-1.0-1.jar:/home/runner/.m2/repository/net/minidev/json-smart/2.4.7/json-smart-2.4.7.jar:/home/runner/.m2/repository/net/minidev/accessors-smart/2.4.7/accessors-smart-2.4.7.jar:/home/runner/.m2/repository/org/ow2/asm/asm/5.0.4/asm-5.0.4.jar:/home/runner/.m2/repository/org/apache/zookeeper/zookeeper/3.5.6/zookeeper-3.5.6.jar:/home/runner/.m2/repository/org/apache/zookeeper/zookeeper-jute/3.5.6/zookeeper-jute-3.5.6.jar:/home/runner/.m2/repository/org/apache/yetus/audience-annotations/0.5.0/audience-annotations-0.5.0.jar:/home/runner/.m2/repository/org/apache/curator/curator-framework/4.2.0/curator-framework-4.2.0.jar:/home/runner/.m2/repository/org/apache/hadoop/thirdparty/hadoop-shaded-guava/1.1.1/hadoop-shaded-guava-1.1.1.jar:/home/runner/.m2/repository/com/sun/jersey/jersey-core/1.19/jersey-core-1.19.jar:/home/runner/.m2/repository/javax/ws/rs/jsr311-api/1.1.1/jsr311-api-1.1.1.jar:/home/runner/.m2/repository/com/sun/jersey/jersey-server/1.19/jersey-server-1.19.jar:/home/runner/.m2/repository/javax/servlet/javax.servlet-api/3.1.0/javax.servlet-api-3.1.0.jar:/home/runner/.m2/repository/org/eclipse/jetty/jetty-server/9.4.43.v20210629/jetty-server-9.4.43.v20210629.jar:/home/runner/.m2/repository/org/eclipse/jetty/jetty-http/9.4.43.v20210629/jetty-http-9.4.43.v20210629.jar:/home/runner/.m2/repository/org/eclipse/jetty/jetty-io/9.4.43.v20210629/jetty-io-9.4.43.v20210629.jar:/home/runner/.m2/repository/org/eclipse/jetty/jetty-webapp/9.4.43.v20210629/jetty-webapp-9.4.43.v20210629.jar:/home/runner/.m2/repository/org/eclipse/jetty/jetty-xml/9.4.43.v20210629/jetty-xml-9.4.43.v20210629.jar:/home/runner/.m2/repository/org/apache/hadoop/hadoop-common/3.3.1/hadoop-common-3.3.1.jar:/home/runner/.m2/repository/org/apache/commons/commons-math3/3.1.1/commons-math3-3.1.1.jar:/home/runner/.m2/repository/commons-net/commons-net/3.6/commons-net-3.6.jar:/home/runner/.m2/repository/com/sun/jersey/jersey-servlet/1.19/jersey-servlet-1.19.jar:/home/runner/.m2/repository/com/sun/jersey/jersey-json/1.19/jersey-json-1.19.jar:/home/runner/.m2/repository/org/codehaus/jettison/jettison/1.1/jettison-1.1.jar:/home/runner/.m2/repository/com/sun/xml/bind/jaxb-impl/2.2.3-1/jaxb-impl-2.2.3-1.jar:/home/runner/.m2/repository/org/codehaus/jackson/jackson-xc/1.9.2/jackson-xc-1.9.2.jar:/home/runner/.m2/repository/org/apache/commons/commons-configuration2/2.1.1/commons-configuration2-2.1.1.jar:/home/runner/.m2/repository/org/apache/commons/commons-text/1.4/commons-text-1.4.jar:/home/runner/.m2/repository/com/google/re2j/re2j/1.1/re2j-1.1.jar:/home/runner/.m2/repository/com/jcraft/jsch/0.1.54/jsch-0.1.54.jar:/home/runner/.m2/repository/org/apache/curator/curator-client/4.2.0/curator-client-4.2.0.jar:/home/runner/.m2/repository/org/apache/curator/curator-recipes/4.2.0/curator-recipes-4.2.0.jar:/home/runner/.m2/repository/org/apache/kerby/kerb-core/1.0.1/kerb-core-1.0.1.jar:/home/runner/.m2/repository/org/apache/kerby/kerby-pkix/1.0.1/kerby-pkix-1.0.1.jar:/home/runner/.m2/repository/org/apache/kerby/kerby-asn1/1.0.1/kerby-asn1-1.0.1.jar:/home/runner/.m2/repository/org/apache/kerby/kerby-util/1.0.1/kerby-util-1.0.1.jar:/home/runner/.m2/repository/dnsjava/dnsjava/2.1.7/dnsjava-2.1.7.jar:/home/runner/.m2/repository/org/xerial/snappy/snappy-java/1.1.8.2/snappy-java-1.1.8.2.jar:/home/runner/.m2/repository/org/slf4j/jul-to-slf4j/1.7.30/jul-to-slf4j-1.7.30.jar:/home/runner/.m2/repository/org/eclipse/jetty/jetty-util/9.4.43.v20210629/jetty-util-9.4.43.v20210629.jar:/home/runner/.m2/repository/com/fasterxml/jackson/core/jackson-databind/2.13.2.2/jackson-databind-2.13.2.2.jar:/home/runner/.m2/repository/org/apache/hadoop/hadoop-kms/3.3.1/hadoop-kms-3.3.1-tests.jar:/home/runner/.m2/repository/org/apache/ozone/hdds-server-scm/1.3.0-SNAPSHOT/hdds-server-scm-1.3.0-SNAPSHOT-tests.jar:/home/runner/.m2/repository/org/apache/ozone/hdds-container-service/1.3.0-SNAPSHOT/hdds-container-service-1.3.0-SNAPSHOT-tests.jar:/home/runner/.m2/repository/commons-codec/commons-codec/1.11/commons-codec-1.11.jar:/home/runner/.m2/repository/io/netty/netty-codec/4.1.74.Final/netty-codec-4.1.74.Final.jar:/home/runner/.m2/repository/io/netty/netty-handler/4.1.74.Final/netty-handler-4.1.74.Final.jar:/home/runner/.m2/repository/org/apache/ozone/hdds-hadoop-dependency-test/1.3.0-SNAPSHOT/hdds-hadoop-dependency-test-1.3.0-SNAPSHOT.jar:/home/runner/.m2/repository/org/apache/hadoop/hadoop-common/3.3.1/hadoop-common-3.3.1-tests.jar:/home/runner/.m2/repository/org/assertj/assertj-core/3.12.2/assertj-core-3.12.2.jar:/home/runner/.m2/repository/org/apache/hadoop/hadoop-hdfs/3.3.1/hadoop-hdfs-3.3.1-tests.jar:/home/runner/.m2/repository/org/eclipse/jetty/jetty-util-ajax/9.4.43.v20210629/jetty-util-ajax-9.4.43.v20210629.jar:/home/runner/.m2/repository/commons-daemon/commons-daemon/1.0.13/commons-daemon-1.0.13.jar:/home/runner/.m2/repository/io/netty/netty/3.10.6.Final/netty-3.10.6.Final.jar:/home/runner/.m2/repository/io/netty/netty-all/4.1.74.Final/netty-all-4.1.74.Final.jar:/home/runner/.m2/repository/io/netty/netty-codec-dns/4.1.74.Final/netty-codec-dns-4.1.74.Final.jar:/home/runner/.m2/repository/io/netty/netty-codec-haproxy/4.1.74.Final/netty-codec-haproxy-4.1.74.Final.jar:/home/runner/.m2/repository/io/netty/netty-codec-memcache/4.1.74.Final/netty-codec-memcache-4.1.74.Final.jar:/home/runner/.m2/repository/io/netty/netty-codec-mqtt/4.1.74.Final/netty-codec-mqtt-4.1.74.Final.jar:/home/runner/.m2/repository/io/netty/netty-codec-redis/4.1.74.Final/netty-codec-redis-4.1.74.Final.jar:/home/runner/.m2/repository/io/netty/netty-codec-smtp/4.1.74.Final/netty-codec-smtp-4.1.74.Final.jar:/home/runner/.m2/repository/io/netty/netty-codec-stomp/4.1.74.Final/netty-codec-stomp-4.1.74.Final.jar:/home/runner/.m2/repository/io/netty/netty-codec-xml/4.1.74.Final/netty-codec-xml-4.1.74.Final.jar:/home/runner/.m2/repository/io/netty/netty-resolver-dns/4.1.74.Final/netty-resolver-dns-4.1.74.Final.jar:/home/runner/.m2/repository/io/netty/netty-transport-rxtx/4.1.74.Final/netty-transport-rxtx-4.1.74.Final.jar:/home/runner/.m2/repository/io/netty/netty-transport-sctp/4.1.74.Final/netty-transport-sctp-4.1.74.Final.jar:/home/runner/.m2/repository/io/netty/netty-transport-udt/4.1.74.Final/netty-transport-udt-4.1.74.Final.jar:/home/runner/.m2/repository/io/netty/netty-transport-classes-kqueue/4.1.74.Final/netty-transport-classes-kqueue-4.1.74.Final.jar:/home/runner/.m2/repository/io/netty/netty-resolver-dns-classes-macos/4.1.74.Final/netty-resolver-dns-classes-macos-4.1.74.Final.jar:/home/runner/.m2/repository/io/netty/netty-transport-native-epoll/4.1.74.Final/netty-transport-native-epoll-4.1.74.Final-linux-aarch_64.jar:/home/runner/.m2/repository/io/netty/netty-transport-native-kqueue/4.1.74.Final/netty-transport-native-kqueue-4.1.74.Final-osx-x86_64.jar:/home/runner/.m2/repository/io/netty/netty-transport-native-kqueue/4.1.74.Final/netty-transport-native-kqueue-4.1.74.Final-osx-aarch_64.jar:/home/runner/.m2/repository/io/netty/netty-resolver-dns-native-macos/4.1.74.Final/netty-resolver-dns-native-macos-4.1.74.Final-osx-x86_64.jar:/home/runner/.m2/repository/io/netty/netty-resolver-dns-native-macos/4.1.74.Final/netty-resolver-dns-native-macos-4.1.74.Final-osx-aarch_64.jar:/home/runner/.m2/repository/org/apache/htrace/htrace-core4/4.1.0-incubating/htrace-core4-4.1.0-incubating.jar:/home/runner/.m2/repository/org/fusesource/leveldbjni/leveldbjni-all/1.8/leveldbjni-all-1.8.jar:/home/runner/.m2/repository/org/apache/hadoop/hadoop-distcp/3.3.1/hadoop-distcp-3.3.1.jar:/home/runner/.m2/repository/org/apache/hadoop/hadoop-mapreduce-client-jobclient/3.3.1/hadoop-mapreduce-client-jobclient-3.3.1.jar:/home/runner/.m2/repository/org/apache/hadoop/hadoop-mapreduce-client-common/3.3.1/hadoop-mapreduce-client-common-3.3.1.jar:/home/runner/.m2/repository/org/apache/hadoop/hadoop-yarn-common/3.3.1/hadoop-yarn-common-3.3.1.jar:/home/runner/.m2/repository/org/apache/hadoop/hadoop-yarn-api/3.3.1/hadoop-yarn-api-3.3.1.jar:/home/runner/.m2/repository/com/sun/jersey/contribs/jersey-guice/1.19/jersey-guice-1.19.jar:/home/runner/.m2/repository/com/fasterxml/jackson/jaxrs/jackson-jaxrs-json-provider/2.13.2/jackson-jaxrs-json-provider-2.13.2.jar:/home/runner/.m2/repository/com/fasterxml/jackson/jaxrs/jackson-jaxrs-base/2.13.2/jackson-jaxrs-base-2.13.2.jar:/home/runner/.m2/repository/org/apache/hadoop/hadoop-yarn-client/3.3.1/hadoop-yarn-client-3.3.1.jar:/home/runner/.m2/repository/org/eclipse/jetty/websocket/websocket-client/9.4.40.v20210413/websocket-client-9.4.40.v20210413.jar:/home/runner/.m2/repository/org/eclipse/jetty/websocket/websocket-common/9.4.40.v20210413/websocket-common-9.4.40.v20210413.jar:/home/runner/.m2/repository/org/eclipse/jetty/websocket/websocket-api/9.4.40.v20210413/websocket-api-9.4.40.v20210413.jar:/home/runner/.m2/repository/org/jline/jline/3.9.0/jline-3.9.0.jar:/home/runner/.m2/repository/org/apache/hadoop/hadoop-mapreduce-client-core/3.3.1/hadoop-mapreduce-client-core-3.3.1.jar:/home/runner/.m2/repository/org/apache/avro/avro/1.7.7/avro-1.7.7.jar:/home/runner/.m2/repository/org/codehaus/jackson/jackson-core-asl/1.9.13/jackson-core-asl-1.9.13.jar:/home/runner/.m2/repository/org/codehaus/jackson/jackson-mapper-asl/1.9.13/jackson-mapper-asl-1.9.13.jar:/home/runner/.m2/repository/com/thoughtworks/paranamer/paranamer/2.3/paranamer-2.3.jar:/home/runner/.m2/repository/org/apache/hadoop/hadoop-annotations/3.3.1/hadoop-annotations-3.3.1.jar:/usr/lib/jvm/temurin-8-jdk-amd64/jre/../lib/tools.jar:/home/runner/.m2/repository/org/apache/hadoop/hadoop-distcp/3.3.1/hadoop-distcp-3.3.1-tests.jar:/home/runner/.m2/repository/org/apache/ratis/ratis-common/2.3.0/ratis-common-2.3.0.jar:/home/runner/.m2/repository/org/apache/ratis/ratis-thirdparty-misc/1.0.0/ratis-thirdparty-misc-1.0.0.jar:/home/runner/.m2/repository/org/apache/ratis/ratis-proto/2.3.0/ratis-proto-2.3.0.jar:/home/runner/.m2/repository/org/apache/ozone/ozone-annotation-processing/1.3.0-SNAPSHOT/ozone-annotation-processing-1.3.0-SNAPSHOT.jar:"/>
    <property name="sun.cpu.endian" value="little"/>
    <property name="user.home" value="/home/runner"/>
    <property name="user.language" value="en"/>
    <property name="java.specification.vendor" value="Oracle Corporation"/>
    <property name="java.home" value="/usr/lib/jvm/temurin-8-jdk-amd64/jre"/>
    <property name="java.security.krb5.conf" value="/home/runner/work/ozone/ozone/hadoop-ozone/integration-test/target/test-classes/krb5.conf"/>
    <property name="basedir" value="/home/runner/work/ozone/ozone/hadoop-ozone/integration-test"/>
    <property name="file.separator" value="/"/>
    <property name="line.separator" value="&#10;"/>
    <property name="java.vm.specification.vendor" value="Oracle Corporation"/>
    <property name="java.specification.name" value="Java Platform API Specification"/>
    <property name="java.awt.graphicsenv" value="sun.awt.X11GraphicsEnvironment"/>
    <property name="skip.installnpx" value="true"/>
    <property name="surefire.real.class.path" value="/home/runner/work/ozone/ozone/hadoop-ozone/integration-test/target/surefire/surefirebooter8835710751042712875.jar:/home/runner/.m2/repository/org/jacoco/org.jacoco.agent/0.8.5/org.jacoco.agent-0.8.5-runtime.jar"/>
    <property name="hadoop.log.dir" value="/home/runner/work/ozone/ozone/hadoop-ozone/integration-test/target/log"/>
    <property name="sun.boot.class.path" value="/usr/lib/jvm/temurin-8-jdk-amd64/jre/lib/resources.jar:/usr/lib/jvm/temurin-8-jdk-amd64/jre/lib/rt.jar:/usr/lib/jvm/temurin-8-jdk-amd64/jre/lib/sunrsasign.jar:/usr/lib/jvm/temurin-8-jdk-amd64/jre/lib/jsse.jar:/usr/lib/jvm/temurin-8-jdk-amd64/jre/lib/jce.jar:/usr/lib/jvm/temurin-8-jdk-amd64/jre/lib/charsets.jar:/usr/lib/jvm/temurin-8-jdk-amd64/jre/lib/jfr.jar:/usr/lib/jvm/temurin-8-jdk-amd64/jre/classes"/>
    <property name="sun.management.compiler" value="HotSpot 64-Bit Tiered Compilers"/>
    <property name="skip.npx" value="true"/>
    <property name="java.runtime.version" value="1.8.0_332-b09"/>
    <property name="java.net.preferIPv4Stack" value="true"/>
    <property name="user.name" value="runner"/>
    <property name="path.separator" value=":"/>
    <property name="java.security.egd" value="file:///dev/urandom"/>
    <property name="os.version" value="5.4.0-1086-azure"/>
    <property name="java.endorsed.dirs" value="/usr/lib/jvm/temurin-8-jdk-amd64/jre/lib/endorsed"/>
    <property name="java.runtime.name" value="OpenJDK Runtime Environment"/>
    <property name="file.encoding" value="UTF-8"/>
    <property name="java.vm.name" value="OpenJDK 64-Bit Server VM"/>
    <property name="test.build.webapps" value=""/>
    <property name="localRepository" value="/home/runner/.m2/repository"/>
    <property name="jetty.git.hash" value="526006ecfa3af7f1a27ef3a288e2bef7ea9dd7e8"/>
    <property name="java.vendor.url.bug" value="https://github.com/adoptium/adoptium-support/issues"/>
    <property name="java.io.tmpdir" value="/tmp"/>
    <property name="require.test.libhadoop" value=""/>
    <property name="java.version" value="1.8.0_332"/>
    <property name="user.dir" value="/home/runner/work/ozone/ozone/hadoop-ozone/integration-test"/>
    <property name="os.arch" value="amd64"/>
    <property name="java.vm.specification.name" value="Java Virtual Machine Specification"/>
    <property name="test.build.classes" value="/home/runner/work/ozone/ozone/hadoop-ozone/integration-test/target/test-classes"/>
    <property name="java.awt.printerjob" value="sun.print.PSPrinterJob"/>
    <property name="sun.os.patch.level" value="unknown"/>
    <property name="hadoop.tmp.dir" value="/home/runner/work/ozone/ozone/hadoop-ozone/integration-test/target/tmp"/>
    <property name="java.library.path" value="/usr/java/packages/lib/amd64:/usr/lib64:/lib64:/lib:/usr/lib"/>
    <property name="java.vm.info" value="mixed mode"/>
    <property name="java.vendor" value="Temurin"/>
    <property name="java.vm.version" value="25.332-b09"/>
    <property name="java.ext.dirs" value="/usr/lib/jvm/temurin-8-jdk-amd64/jre/lib/ext:/usr/java/packages/lib/ext"/>
    <property name="sun.io.unicode.encoding" value="UnicodeLittle"/>
    <property name="java.class.version" value="52.0"/>
  </properties>
  <testcase name="testRatisLogParsing" classname="org.apache.hadoop.ozone.parser.TestOzoneHARatisLogParser" time="74.888">
    <error type="java.util.concurrent.TimeoutException"><![CDATA[java.util.concurrent.TimeoutException: 
Timed out waiting for condition. Thread diagnostics:
Timestamp: 2022-07-21 06:25:23,525

"Datanode ReportManager Thread - 3" daemon prio=5 tid=870 in Object.wait()
java.lang.Thread.State: WAITING (on object monitor)
        at sun.misc.Unsafe.park(Native Method)
        at java.util.concurrent.locks.LockSupport.park(LockSupport.java:175)
        at java.util.concurrent.locks.AbstractQueuedSynchronizer$ConditionObject.await(AbstractQueuedSynchronizer.java:2039)
        at java.util.concurrent.ScheduledThreadPoolExecutor$DelayedWorkQueue.take(ScheduledThreadPoolExecutor.java:1088)
        at java.util.concurrent.ScheduledThreadPoolExecutor$DelayedWorkQueue.take(ScheduledThreadPoolExecutor.java:809)
        at java.util.concurrent.ThreadPoolExecutor.getTask(ThreadPoolExecutor.java:1074)
        at java.util.concurrent.ThreadPoolExecutor.runWorker(ThreadPoolExecutor.java:1134)
        at java.util.concurrent.ThreadPoolExecutor$Worker.run(ThreadPoolExecutor.java:624)
        at java.lang.Thread.run(Thread.java:750)
"ExpiredContainerReplicaOpScrubberThread" daemon prio=5 tid=385 timed_waiting
java.lang.Thread.State: TIMED_WAITING
        at java.lang.Object.wait(Native Method)
        at org.apache.hadoop.hdds.scm.ha.BackgroundSCMService.run(BackgroundSCMService.java:105)
        at org.apache.hadoop.hdds.scm.ha.BackgroundSCMService$$Lambda$668/1691551744.run(Unknown Source)
        at java.lang.Thread.run(Thread.java:750)
"Datanode ReportManager Thread - 0" daemon prio=5 tid=841 timed_waiting
java.lang.Thread.State: TIMED_WAITING
        at sun.misc.Unsafe.park(Native Method)
        at java.util.concurrent.locks.LockSupport.parkNanos(LockSupport.java:215)
        at java.util.concurrent.locks.AbstractQueuedSynchronizer$ConditionObject.awaitNanos(AbstractQueuedSynchronizer.java:2078)
        at java.util.concurrent.ScheduledThreadPoolExecutor$DelayedWorkQueue.take(ScheduledThreadPoolExecutor.java:1093)
        at java.util.concurrent.ScheduledThreadPoolExecutor$DelayedWorkQueue.take(ScheduledThreadPoolExecutor.java:809)
        at java.util.concurrent.ThreadPoolExecutor.getTask(ThreadPoolExecutor.java:1074)
        at java.util.concurrent.ThreadPoolExecutor.runWorker(ThreadPoolExecutor.java:1134)
        at java.util.concurrent.ThreadPoolExecutor$Worker.run(ThreadPoolExecutor.java:624)
        at java.lang.Thread.run(Thread.java:750)
"process reaper" daemon prio=10 tid=13 timed_waiting
java.lang.Thread.State: TIMED_WAITING
        at sun.misc.Unsafe.park(Native Method)
        at java.util.concurrent.locks.LockSupport.parkNanos(LockSupport.java:215)
        at java.util.concurrent.SynchronousQueue$TransferStack.awaitFulfill(SynchronousQueue.java:460)
        at java.util.concurrent.SynchronousQueue$TransferStack.transfer(SynchronousQueue.java:362)
        at java.util.concurrent.SynchronousQueue.poll(SynchronousQueue.java:941)
        at java.util.concurrent.ThreadPoolExecutor.getTask(ThreadPoolExecutor.java:1073)
        at java.util.concurrent.ThreadPoolExecutor.runWorker(ThreadPoolExecutor.java:1134)
        at java.util.concurrent.ThreadPoolExecutor$Worker.run(ThreadPoolExecutor.java:624)
        at java.lang.Thread.run(Thread.java:750)
"EndpointStateMachine task thread for /127.0.0.1:40299 - 0 "  prio=5 tid=922 blocked
java.lang.Thread.State: BLOCKED
        at org.apache.hadoop.ipc.Client$Connection.addCall(Client.java:522)
        at org.apache.hadoop.ipc.Client$Connection.access$3700(Client.java:414)
        at org.apache.hadoop.ipc.Client.getConnection(Client.java:1634)
        at org.apache.hadoop.ipc.Client.call(Client.java:1463)
        at org.apache.hadoop.ipc.Client.call(Client.java:1416)
        at org.apache.hadoop.ipc.ProtobufRpcEngine$Invoker.invoke(ProtobufRpcEngine.java:236)
        at org.apache.hadoop.ipc.ProtobufRpcEngine$Invoker.invoke(ProtobufRpcEngine.java:123)
        at com.sun.proxy.$Proxy51.submitRequest(Unknown Source)
        at org.apache.hadoop.ozone.protocolPB.StorageContainerDatanodeProtocolClientSideTranslatorPB.submitRequest(StorageContainerDatanodeProtocolClientSideTranslatorPB.java:117)
        at org.apache.hadoop.ozone.protocolPB.StorageContainerDatanodeProtocolClientSideTranslatorPB.sendHeartbeat(StorageContainerDatanodeProtocolClientSideTranslatorPB.java:149)
        at org.apache.hadoop.ozone.container.common.states.endpoint.HeartbeatEndpointTask.call(HeartbeatEndpointTask.java:185)
        at org.apache.hadoop.ozone.container.common.states.endpoint.HeartbeatEndpointTask.call(HeartbeatEndpointTask.java:87)
        at java.util.concurrent.FutureTask.run(FutureTask.java:266)
        at java.util.concurrent.ThreadPoolExecutor.runWorker(ThreadPoolExecutor.java:1149)
        at java.util.concurrent.ThreadPoolExecutor$Worker.run(ThreadPoolExecutor.java:624)
        at java.lang.Thread.run(Thread.java:750)
"Datanode ReportManager Thread - 1" daemon prio=5 tid=842 in Object.wait()
java.lang.Thread.State: WAITING (on object monitor)
        at sun.misc.Unsafe.park(Native Method)
        at java.util.concurrent.locks.LockSupport.park(LockSupport.java:175)
        at java.util.concurrent.locks.AbstractQueuedSynchronizer$ConditionObject.await(AbstractQueuedSynchronizer.java:2039)
        at java.util.concurrent.ScheduledThreadPoolExecutor$DelayedWorkQueue.take(ScheduledThreadPoolExecutor.java:1088)
        at java.util.concurrent.ScheduledThreadPoolExecutor$DelayedWorkQueue.take(ScheduledThreadPoolExecutor.java:809)
        at java.util.concurrent.ThreadPoolExecutor.getTask(ThreadPoolExecutor.java:1074)
        at java.util.concurrent.ThreadPoolExecutor.runWorker(ThreadPoolExecutor.java:1134)
        at java.util.concurrent.ThreadPoolExecutor$Worker.run(ThreadPoolExecutor.java:624)
        at java.lang.Thread.run(Thread.java:750)
"Datanode ReportManager Thread - 0" daemon prio=5 tid=809 timed_waiting
java.lang.Thread.State: TIMED_WAITING
        at sun.misc.Unsafe.park(Native Method)
        at java.util.concurrent.locks.LockSupport.parkNanos(LockSupport.java:215)
        at java.util.concurrent.locks.AbstractQueuedSynchronizer$ConditionObject.awaitNanos(AbstractQueuedSynchronizer.java:2078)
        at java.util.concurrent.ScheduledThreadPoolExecutor$DelayedWorkQueue.take(ScheduledThreadPoolExecutor.java:1093)
        at java.util.concurrent.ScheduledThreadPoolExecutor$DelayedWorkQueue.take(ScheduledThreadPoolExecutor.java:809)
        at java.util.concurrent.ThreadPoolExecutor.getTask(ThreadPoolExecutor.java:1074)
        at java.util.concurrent.ThreadPoolExecutor.runWorker(ThreadPoolExecutor.java:1134)
        at java.util.concurrent.ThreadPoolExecutor$Worker.run(ThreadPoolExecutor.java:624)
        at java.lang.Thread.run(Thread.java:750)
"EndpointStateMachine task thread for /127.0.0.1:40299 - 0 "  prio=5 tid=940 blocked
java.lang.Thread.State: BLOCKED
        at org.apache.hadoop.ipc.Client$Connection.addCall(Client.java:522)
        at org.apache.hadoop.ipc.Client$Connection.access$3700(Client.java:414)
        at org.apache.hadoop.ipc.Client.getConnection(Client.java:1634)
        at org.apache.hadoop.ipc.Client.call(Client.java:1463)
        at org.apache.hadoop.ipc.Client.call(Client.java:1416)
        at org.apache.hadoop.ipc.ProtobufRpcEngine$Invoker.invoke(ProtobufRpcEngine.java:236)
        at org.apache.hadoop.ipc.ProtobufRpcEngine$Invoker.invoke(ProtobufRpcEngine.java:123)
        at com.sun.proxy.$Proxy51.submitRequest(Unknown Source)
        at org.apache.hadoop.ozone.protocolPB.StorageContainerDatanodeProtocolClientSideTranslatorPB.submitRequest(StorageContainerDatanodeProtocolClientSideTranslatorPB.java:117)
        at org.apache.hadoop.ozone.protocolPB.StorageContainerDatanodeProtocolClientSideTranslatorPB.sendHeartbeat(StorageContainerDatanodeProtocolClientSideTranslatorPB.java:149)
        at org.apache.hadoop.ozone.container.common.states.endpoint.HeartbeatEndpointTask.call(HeartbeatEndpointTask.java:185)
        at org.apache.hadoop.ozone.container.common.states.endpoint.HeartbeatEndpointTask.call(HeartbeatEndpointTask.java:87)
        at java.util.concurrent.FutureTask.run(FutureTask.java:266)
        at java.util.concurrent.ThreadPoolExecutor.runWorker(ThreadPoolExecutor.java:1149)
        at java.util.concurrent.ThreadPoolExecutor$Worker.run(ThreadPoolExecutor.java:624)
        at java.lang.Thread.run(Thread.java:750)
"org.apache.hadoop.ozone.container.common.statemachine.commandhandler.DeleteBlocksCommandHandler$DeleteCmdWorker@1e267249" daemon prio=5 tid=829 runnable
java.lang.Thread.State: RUNNABLE
        at java.lang.Thread.sleep(Native Method)
        at org.apache.hadoop.ozone.container.common.statemachine.commandhandler.DeleteBlocksCommandHandler$DeleteCmdWorker.run(DeleteBlocksCommandHandler.java:185)
        at java.lang.Thread.run(Thread.java:750)
"Datanode ReportManager Thread - 3" daemon prio=5 tid=844 in Object.wait()
java.lang.Thread.State: WAITING (on object monitor)
        at sun.misc.Unsafe.park(Native Method)
        at java.util.concurrent.locks.LockSupport.park(LockSupport.java:175)
        at java.util.concurrent.locks.AbstractQueuedSynchronizer$ConditionObject.await(AbstractQueuedSynchronizer.java:2039)
        at java.util.concurrent.ScheduledThreadPoolExecutor$DelayedWorkQueue.take(ScheduledThreadPoolExecutor.java:1088)
        at java.util.concurrent.ScheduledThreadPoolExecutor$DelayedWorkQueue.take(ScheduledThreadPoolExecutor.java:809)
        at java.util.concurrent.ThreadPoolExecutor.getTask(ThreadPoolExecutor.java:1074)
        at java.util.concurrent.ThreadPoolExecutor.runWorker(ThreadPoolExecutor.java:1134)
        at java.util.concurrent.ThreadPoolExecutor$Worker.run(ThreadPoolExecutor.java:624)
        at java.lang.Thread.run(Thread.java:750)
"IPC Parameter Sending Thread #0" daemon prio=5 tid=273 timed_waiting
java.lang.Thread.State: TIMED_WAITING
        at sun.misc.Unsafe.park(Native Method)
        at java.util.concurrent.locks.LockSupport.parkNanos(LockSupport.java:215)
        at java.util.concurrent.SynchronousQueue$TransferStack.awaitFulfill(SynchronousQueue.java:460)
        at java.util.concurrent.SynchronousQueue$TransferStack.transfer(SynchronousQueue.java:362)
        at java.util.concurrent.SynchronousQueue.poll(SynchronousQueue.java:941)
        at java.util.concurrent.ThreadPoolExecutor.getTask(ThreadPoolExecutor.java:1073)
        at java.util.concurrent.ThreadPoolExecutor.runWorker(ThreadPoolExecutor.java:1134)
        at java.util.concurrent.ThreadPoolExecutor$Worker.run(ThreadPoolExecutor.java:624)
        at java.lang.Thread.run(Thread.java:750)
"Datanode ReportManager Thread - 2" daemon prio=5 tid=843 in Object.wait()
java.lang.Thread.State: WAITING (on object monitor)
        at sun.misc.Unsafe.park(Native Method)
        at java.util.concurrent.locks.LockSupport.park(LockSupport.java:175)
        at java.util.concurrent.locks.AbstractQueuedSynchronizer$ConditionObject.await(AbstractQueuedSynchronizer.java:2039)
        at java.util.concurrent.ScheduledThreadPoolExecutor$DelayedWorkQueue.take(ScheduledThreadPoolExecutor.java:1088)
        at java.util.concurrent.ScheduledThreadPoolExecutor$DelayedWorkQueue.take(ScheduledThreadPoolExecutor.java:809)
        at java.util.concurrent.ThreadPoolExecutor.getTask(ThreadPoolExecutor.java:1074)
        at java.util.concurrent.ThreadPoolExecutor.runWorker(ThreadPoolExecutor.java:1134)
        at java.util.concurrent.ThreadPoolExecutor$Worker.run(ThreadPoolExecutor.java:624)
        at java.lang.Thread.run(Thread.java:750)
"Datanode ReportManager Thread - 2" daemon prio=5 tid=811 in Object.wait()
java.lang.Thread.State: WAITING (on object monitor)
        at sun.misc.Unsafe.park(Native Method)
        at java.util.concurrent.locks.LockSupport.park(LockSupport.java:175)
        at java.util.concurrent.locks.AbstractQueuedSynchronizer$ConditionObject.await(AbstractQueuedSynchronizer.java:2039)
        at java.util.concurrent.ScheduledThreadPoolExecutor$DelayedWorkQueue.take(ScheduledThreadPoolExecutor.java:1088)
        at java.util.concurrent.ScheduledThreadPoolExecutor$DelayedWorkQueue.take(ScheduledThreadPoolExecutor.java:809)
        at java.util.concurrent.ThreadPoolExecutor.getTask(ThreadPoolExecutor.java:1074)
        at java.util.concurrent.ThreadPoolExecutor.runWorker(ThreadPoolExecutor.java:1134)
        at java.util.concurrent.ThreadPoolExecutor$Worker.run(ThreadPoolExecutor.java:624)
        at java.lang.Thread.run(Thread.java:750)
"SSL Certificates Store Monitor" daemon prio=5 tid=609 in Object.wait()
java.lang.Thread.State: WAITING (on object monitor)
        at java.lang.Object.wait(Native Method)
        at java.lang.Object.wait(Object.java:502)
        at java.util.TimerThread.mainLoop(Timer.java:526)
        at java.util.TimerThread.run(Timer.java:505)
"EndpointStateMachine task thread for /127.0.0.1:44825 - 0 "  prio=5 tid=921 blocked
java.lang.Thread.State: BLOCKED
        at org.apache.hadoop.ipc.Client$Connection.addCall(Client.java:522)
        at org.apache.hadoop.ipc.Client$Connection.access$3700(Client.java:414)
        at org.apache.hadoop.ipc.Client.getConnection(Client.java:1634)
        at org.apache.hadoop.ipc.Client.call(Client.java:1463)
        at org.apache.hadoop.ipc.Client.call(Client.java:1416)
        at org.apache.hadoop.ipc.ProtobufRpcEngine$Invoker.invoke(ProtobufRpcEngine.java:236)
        at org.apache.hadoop.ipc.ProtobufRpcEngine$Invoker.invoke(ProtobufRpcEngine.java:123)
        at com.sun.proxy.$Proxy51.submitRequest(Unknown Source)
        at org.apache.hadoop.ozone.protocolPB.StorageContainerDatanodeProtocolClientSideTranslatorPB.submitRequest(StorageContainerDatanodeProtocolClientSideTranslatorPB.java:117)
        at org.apache.hadoop.ozone.protocolPB.StorageContainerDatanodeProtocolClientSideTranslatorPB.sendHeartbeat(StorageContainerDatanodeProtocolClientSideTranslatorPB.java:149)
        at org.apache.hadoop.ozone.container.common.states.endpoint.HeartbeatEndpointTask.call(HeartbeatEndpointTask.java:185)
        at org.apache.hadoop.ozone.container.common.states.endpoint.HeartbeatEndpointTask.call(HeartbeatEndpointTask.java:87)
        at java.util.concurrent.FutureTask.run(FutureTask.java:266)
        at java.util.concurrent.ThreadPoolExecutor.runWorker(ThreadPoolExecutor.java:1149)
        at java.util.concurrent.ThreadPoolExecutor$Worker.run(ThreadPoolExecutor.java:624)
        at java.lang.Thread.run(Thread.java:750)
"SSL Certificates Store Monitor" daemon prio=5 tid=722 in Object.wait()
java.lang.Thread.State: WAITING (on object monitor)
        at java.lang.Object.wait(Native Method)
        at java.lang.Object.wait(Object.java:502)
        at java.util.TimerThread.mainLoop(Timer.java:526)
        at java.util.TimerThread.run(Timer.java:505)
"Signal Dispatcher" daemon prio=9 tid=4 runnable
java.lang.Thread.State: RUNNABLE
"Reference Handler" daemon prio=10 tid=2 in Object.wait()
java.lang.Thread.State: WAITING (on object monitor)
        at java.lang.Object.wait(Native Method)
        at java.lang.Object.wait(Object.java:502)
        at java.lang.ref.Reference.tryHandlePending(Reference.java:191)
        at java.lang.ref.Reference$ReferenceHandler.run(Reference.java:153)
"FullTableCache Cleanup Thread - 0" daemon prio=5 tid=1142 in Object.wait()
java.lang.Thread.State: WAITING (on object monitor)
        at sun.misc.Unsafe.park(Native Method)
        at java.util.concurrent.locks.LockSupport.park(LockSupport.java:175)
        at java.util.concurrent.locks.AbstractQueuedSynchronizer$ConditionObject.await(AbstractQueuedSynchronizer.java:2039)
        at java.util.concurrent.LinkedBlockingQueue.take(LinkedBlockingQueue.java:442)
        at java.util.concurrent.ThreadPoolExecutor.getTask(ThreadPoolExecutor.java:1074)
        at java.util.concurrent.ThreadPoolExecutor.runWorker(ThreadPoolExecutor.java:1134)
        at java.util.concurrent.ThreadPoolExecutor$Worker.run(ThreadPoolExecutor.java:624)
        at java.lang.Thread.run(Thread.java:750)
"EndpointStateMachine task thread for /127.0.0.1:40299 - 0 "  prio=5 tid=897 timed_waiting
java.lang.Thread.State: TIMED_WAITING
        at java.lang.Thread.sleep(Native Method)
        at org.apache.hadoop.ipc.Client$Connection.handleConnectionFailure(Client.java:972)
        at org.apache.hadoop.ipc.Client$Connection.setupConnection(Client.java:724)
        at org.apache.hadoop.ipc.Client$Connection.setupIOstreams(Client.java:822)
        at org.apache.hadoop.ipc.Client$Connection.access$3800(Client.java:414)
        at org.apache.hadoop.ipc.Client.getConnection(Client.java:1647)
        at org.apache.hadoop.ipc.Client.call(Client.java:1463)
        at org.apache.hadoop.ipc.Client.call(Client.java:1416)
        at org.apache.hadoop.ipc.ProtobufRpcEngine$Invoker.invoke(ProtobufRpcEngine.java:236)
        at org.apache.hadoop.ipc.ProtobufRpcEngine$Invoker.invoke(ProtobufRpcEngine.java:123)
        at com.sun.proxy.$Proxy51.submitRequest(Unknown Source)
        at org.apache.hadoop.ozone.protocolPB.StorageContainerDatanodeProtocolClientSideTranslatorPB.submitRequest(StorageContainerDatanodeProtocolClientSideTranslatorPB.java:117)
        at org.apache.hadoop.ozone.protocolPB.StorageContainerDatanodeProtocolClientSideTranslatorPB.sendHeartbeat(StorageContainerDatanodeProtocolClientSideTranslatorPB.java:149)
        at org.apache.hadoop.ozone.container.common.states.endpoint.HeartbeatEndpointTask.call(HeartbeatEndpointTask.java:185)
        at org.apache.hadoop.ozone.container.common.states.endpoint.HeartbeatEndpointTask.call(HeartbeatEndpointTask.java:87)
        at java.util.concurrent.FutureTask.run(FutureTask.java:266)
        at java.util.concurrent.ThreadPoolExecutor.runWorker(ThreadPoolExecutor.java:1149)
        at java.util.concurrent.ThreadPoolExecutor$Worker.run(ThreadPoolExecutor.java:624)
        at java.lang.Thread.run(Thread.java:750)
"Datanode ReportManager Thread - 4" daemon prio=5 tid=845 in Object.wait()
java.lang.Thread.State: WAITING (on object monitor)
        at sun.misc.Unsafe.park(Native Method)
        at java.util.concurrent.locks.LockSupport.park(LockSupport.java:175)
        at java.util.concurrent.locks.AbstractQueuedSynchronizer$ConditionObject.await(AbstractQueuedSynchronizer.java:2039)
        at java.util.concurrent.ScheduledThreadPoolExecutor$DelayedWorkQueue.take(ScheduledThreadPoolExecutor.java:1088)
        at java.util.concurrent.ScheduledThreadPoolExecutor$DelayedWorkQueue.take(ScheduledThreadPoolExecutor.java:809)
        at java.util.concurrent.ThreadPoolExecutor.getTask(ThreadPoolExecutor.java:1074)
        at java.util.concurrent.ThreadPoolExecutor.runWorker(ThreadPoolExecutor.java:1134)
        at java.util.concurrent.ThreadPoolExecutor$Worker.run(ThreadPoolExecutor.java:624)
        at java.lang.Thread.run(Thread.java:750)
"surefire-forkedjvm-command-thread" daemon prio=5 tid=10 runnable
java.lang.Thread.State: RUNNABLE
        at java.io.FileInputStream.readBytes(Native Method)
        at java.io.FileInputStream.read(FileInputStream.java:255)
        at java.io.BufferedInputStream.read1(BufferedInputStream.java:284)
        at java.io.BufferedInputStream.read(BufferedInputStream.java:345)
        at java.io.BufferedInputStream.fill(BufferedInputStream.java:246)
        at java.io.BufferedInputStream.read1(BufferedInputStream.java:286)
        at java.io.BufferedInputStream.read(BufferedInputStream.java:345)
        at org.apache.maven.surefire.api.util.internal.Channels$3.readImpl(Channels.java:214)
        at org.apache.maven.surefire.api.util.internal.AbstractNoninterruptibleReadableChannel.read(AbstractNoninterruptibleReadableChannel.java:54)
        at org.apache.maven.surefire.booter.spi.LegacyMasterProcessChannelDecoder.decode(LegacyMasterProcessChannelDecoder.java:80)
        at org.apache.maven.surefire.booter.CommandReader$CommandRunnable.run(CommandReader.java:343)
        at java.lang.Thread.run(Thread.java:750)
"FullTableCache Cleanup Thread - 0" daemon prio=5 tid=1143 in Object.wait()
java.lang.Thread.State: WAITING (on object monitor)
        at sun.misc.Unsafe.park(Native Method)
        at java.util.concurrent.locks.LockSupport.park(LockSupport.java:175)
        at java.util.concurrent.locks.AbstractQueuedSynchronizer$ConditionObject.await(AbstractQueuedSynchronizer.java:2039)
        at java.util.concurrent.LinkedBlockingQueue.take(LinkedBlockingQueue.java:442)
        at java.util.concurrent.ThreadPoolExecutor.getTask(ThreadPoolExecutor.java:1074)
        at java.util.concurrent.ThreadPoolExecutor.runWorker(ThreadPoolExecutor.java:1134)
        at java.util.concurrent.ThreadPoolExecutor$Worker.run(ThreadPoolExecutor.java:624)
        at java.lang.Thread.run(Thread.java:750)
"ExpiredContainerReplicaOpScrubberThread" daemon prio=5 tid=499 timed_waiting
java.lang.Thread.State: TIMED_WAITING
        at java.lang.Object.wait(Native Method)
        at org.apache.hadoop.hdds.scm.ha.BackgroundSCMService.run(BackgroundSCMService.java:105)
        at org.apache.hadoop.hdds.scm.ha.BackgroundSCMService$$Lambda$668/1691551744.run(Unknown Source)
        at java.lang.Thread.run(Thread.java:750)
"ExpiredContainerReplicaOpScrubberThread" daemon prio=5 tid=36 timed_waiting
java.lang.Thread.State: TIMED_WAITING
        at java.lang.Object.wait(Native Method)
        at org.apache.hadoop.hdds.scm.ha.BackgroundSCMService.run(BackgroundSCMService.java:105)
        at org.apache.hadoop.hdds.scm.ha.BackgroundSCMService$$Lambda$668/1691551744.run(Unknown Source)
        at java.lang.Thread.run(Thread.java:750)
"IPC Parameter Sending Thread #2" daemon prio=5 tid=902 timed_waiting
java.lang.Thread.State: TIMED_WAITING
        at sun.misc.Unsafe.park(Native Method)
        at java.util.concurrent.locks.LockSupport.parkNanos(LockSupport.java:215)
        at java.util.concurrent.SynchronousQueue$TransferStack.awaitFulfill(SynchronousQueue.java:460)
        at java.util.concurrent.SynchronousQueue$TransferStack.transfer(SynchronousQueue.java:362)
        at java.util.concurrent.SynchronousQueue.poll(SynchronousQueue.java:941)
        at java.util.concurrent.ThreadPoolExecutor.getTask(ThreadPoolExecutor.java:1073)
        at java.util.concurrent.ThreadPoolExecutor.runWorker(ThreadPoolExecutor.java:1134)
        at java.util.concurrent.ThreadPoolExecutor$Worker.run(ThreadPoolExecutor.java:624)
        at java.lang.Thread.run(Thread.java:750)
"Datanode ReportManager Thread - 3" daemon prio=5 tid=812 in Object.wait()
java.lang.Thread.State: WAITING (on object monitor)
        at sun.misc.Unsafe.park(Native Method)
        at java.util.concurrent.locks.LockSupport.park(LockSupport.java:175)
        at java.util.concurrent.locks.AbstractQueuedSynchronizer$ConditionObject.await(AbstractQueuedSynchronizer.java:2039)
        at java.util.concurrent.ScheduledThreadPoolExecutor$DelayedWorkQueue.take(ScheduledThreadPoolExecutor.java:1088)
        at java.util.concurrent.ScheduledThreadPoolExecutor$DelayedWorkQueue.take(ScheduledThreadPoolExecutor.java:809)
        at java.util.concurrent.ThreadPoolExecutor.getTask(ThreadPoolExecutor.java:1074)
        at java.util.concurrent.ThreadPoolExecutor.runWorker(ThreadPoolExecutor.java:1134)
        at java.util.concurrent.ThreadPoolExecutor$Worker.run(ThreadPoolExecutor.java:624)
        at java.lang.Thread.run(Thread.java:750)
"org.apache.hadoop.ozone.container.common.statemachine.commandhandler.DeleteBlocksCommandHandler$DeleteCmdWorker@6a251aca" daemon prio=5 tid=797 runnable
java.lang.Thread.State: RUNNABLE
        at java.lang.Thread.sleep(Native Method)
        at org.apache.hadoop.ozone.container.common.statemachine.commandhandler.DeleteBlocksCommandHandler$DeleteCmdWorker.run(DeleteBlocksCommandHandler.java:185)
        at java.lang.Thread.run(Thread.java:750)
"main"  prio=5 tid=1 timed_waiting
java.lang.Thread.State: TIMED_WAITING
        at sun.misc.Unsafe.park(Native Method)
        at java.util.concurrent.locks.LockSupport.parkNanos(LockSupport.java:215)
        at java.util.concurrent.FutureTask.awaitDone(FutureTask.java:426)
        at java.util.concurrent.FutureTask.get(FutureTask.java:204)
        at org.junit.internal.runners.statements.FailOnTimeout.getResult(FailOnTimeout.java:156)
        at org.junit.internal.runners.statements.FailOnTimeout.evaluate(FailOnTimeout.java:129)
        at org.junit.runners.ParentRunner$3.evaluate(ParentRunner.java:306)
        at org.junit.runners.BlockJUnit4ClassRunner$1.evaluate(BlockJUnit4ClassRunner.java:100)
        at org.junit.runners.ParentRunner.runLeaf(ParentRunner.java:366)
        at org.junit.runners.BlockJUnit4ClassRunner.runChild(BlockJUnit4ClassRunner.java:103)
        at org.junit.runners.BlockJUnit4ClassRunner.runChild(BlockJUnit4ClassRunner.java:63)
        at org.junit.runners.ParentRunner$4.run(ParentRunner.java:331)
        at org.junit.runners.ParentRunner$1.schedule(ParentRunner.java:79)
        at org.junit.runners.ParentRunner.runChildren(ParentRunner.java:329)
        at org.junit.runners.ParentRunner.access$100(ParentRunner.java:66)
        at org.junit.runners.ParentRunner$2.evaluate(ParentRunner.java:293)
        at org.junit.runners.ParentRunner$3.evaluate(ParentRunner.java:306)
        at org.junit.runners.ParentRunner.run(ParentRunner.java:413)
        at org.junit.runner.JUnitCore.run(JUnitCore.java:137)
        at org.junit.runner.JUnitCore.run(JUnitCore.java:115)
        at org.junit.vintage.engine.execution.RunnerExecutor.execute(RunnerExecutor.java:42)
        at org.junit.vintage.engine.VintageTestEngine.executeAllChildren(VintageTestEngine.java:80)
        at org.junit.vintage.engine.VintageTestEngine.execute(VintageTestEngine.java:72)
        at org.junit.platform.launcher.core.EngineExecutionOrchestrator.execute(EngineExecutionOrchestrator.java:107)
        at org.junit.platform.launcher.core.EngineExecutionOrchestrator.execute(EngineExecutionOrchestrator.java:88)
        at org.junit.platform.launcher.core.EngineExecutionOrchestrator.lambda$execute$0(EngineExecutionOrchestrator.java:54)
        at org.junit.platform.launcher.core.EngineExecutionOrchestrator$$Lambda$188/896644936.accept(Unknown Source)
        at org.junit.platform.launcher.core.EngineExecutionOrchestrator.withInterceptedStreams(EngineExecutionOrchestrator.java:67)
        at org.junit.platform.launcher.core.EngineExecutionOrchestrator.execute(EngineExecutionOrchestrator.java:52)
        at org.junit.platform.launcher.core.DefaultLauncher.execute(DefaultLauncher.java:114)
        at org.junit.platform.launcher.core.DefaultLauncher.execute(DefaultLauncher.java:86)
        at org.junit.platform.launcher.core.DefaultLauncherSession$DelegatingLauncher.execute(DefaultLauncherSession.java:86)
        at org.junit.platform.launcher.core.SessionPerRequestLauncher.execute(SessionPerRequestLauncher.java:53)
        at org.apache.maven.surefire.junitplatform.JUnitPlatformProvider.execute(JUnitPlatformProvider.java:188)
        at org.apache.maven.surefire.junitplatform.JUnitPlatformProvider.invokeAllTests(JUnitPlatformProvider.java:154)
        at org.apache.maven.surefire.junitplatform.JUnitPlatformProvider.invoke(JUnitPlatformProvider.java:124)
        at org.apache.maven.surefire.booter.ForkedBooter.runSuitesInProcess(ForkedBooter.java:428)
        at org.apache.maven.surefire.booter.ForkedBooter.execute(ForkedBooter.java:162)
        at org.apache.maven.surefire.booter.ForkedBooter.run(ForkedBooter.java:562)
        at org.apache.maven.surefire.booter.ForkedBooter.main(ForkedBooter.java:548)
"UnderReplicatedQueueThreadThread" daemon prio=5 tid=501 timed_waiting
java.lang.Thread.State: TIMED_WAITING
        at java.lang.Object.wait(Native Method)
        at org.apache.hadoop.hdds.scm.ha.BackgroundSCMService.run(BackgroundSCMService.java:105)
        at org.apache.hadoop.hdds.scm.ha.BackgroundSCMService$$Lambda$668/1691551744.run(Unknown Source)
        at java.lang.Thread.run(Thread.java:750)
"Datanode ReportManager Thread - 0" daemon prio=5 tid=867 timed_waiting
java.lang.Thread.State: TIMED_WAITING
        at sun.misc.Unsafe.park(Native Method)
        at java.util.concurrent.locks.LockSupport.parkNanos(LockSupport.java:215)
        at java.util.concurrent.locks.AbstractQueuedSynchronizer$ConditionObject.awaitNanos(AbstractQueuedSynchronizer.java:2078)
        at java.util.concurrent.ScheduledThreadPoolExecutor$DelayedWorkQueue.take(ScheduledThreadPoolExecutor.java:1093)
        at java.util.concurrent.ScheduledThreadPoolExecutor$DelayedWorkQueue.take(ScheduledThreadPoolExecutor.java:809)
        at java.util.concurrent.ThreadPoolExecutor.getTask(ThreadPoolExecutor.java:1074)
        at java.util.concurrent.ThreadPoolExecutor.runWorker(ThreadPoolExecutor.java:1134)
        at java.util.concurrent.ThreadPoolExecutor$Worker.run(ThreadPoolExecutor.java:624)
        at java.lang.Thread.run(Thread.java:750)
"org.apache.hadoop.ozone.container.common.statemachine.commandhandler.DeleteBlocksCommandHandler$DeleteCmdWorker@2e75b942" daemon prio=5 tid=855 runnable
java.lang.Thread.State: RUNNABLE
        at java.lang.Thread.sleep(Native Method)
        at org.apache.hadoop.ozone.container.common.statemachine.commandhandler.DeleteBlocksCommandHandler$DeleteCmdWorker.run(DeleteBlocksCommandHandler.java:185)
        at java.lang.Thread.run(Thread.java:750)
"java.util.concurrent.ThreadPoolExecutor$Worker@47bcd7a6[State = -1, empty queue]" daemon prio=5 tid=1065 timed_waiting
java.lang.Thread.State: TIMED_WAITING
        at sun.misc.Unsafe.park(Native Method)
        at java.util.concurrent.locks.LockSupport.parkNanos(LockSupport.java:215)
        at java.util.concurrent.locks.AbstractQueuedSynchronizer$ConditionObject.awaitNanos(AbstractQueuedSynchronizer.java:2078)
        at java.util.concurrent.ScheduledThreadPoolExecutor$DelayedWorkQueue.take(ScheduledThreadPoolExecutor.java:1093)
        at java.util.concurrent.ScheduledThreadPoolExecutor$DelayedWorkQueue.take(ScheduledThreadPoolExecutor.java:809)
        at java.util.concurrent.ThreadPoolExecutor.getTask(ThreadPoolExecutor.java:1074)
        at java.util.concurrent.ThreadPoolExecutor.runWorker(ThreadPoolExecutor.java:1134)
        at java.util.concurrent.ThreadPoolExecutor$Worker.run(ThreadPoolExecutor.java:624)
        at java.lang.Thread.run(Thread.java:750)
"UnderReplicatedQueueThreadThread" daemon prio=5 tid=38 timed_waiting
java.lang.Thread.State: TIMED_WAITING
        at java.lang.Object.wait(Native Method)
        at org.apache.hadoop.hdds.scm.ha.BackgroundSCMService.run(BackgroundSCMService.java:105)
        at org.apache.hadoop.hdds.scm.ha.BackgroundSCMService$$Lambda$668/1691551744.run(Unknown Source)
        at java.lang.Thread.run(Thread.java:750)
"IPC Parameter Sending Thread #1" daemon prio=5 tid=901 timed_waiting
java.lang.Thread.State: TIMED_WAITING
        at sun.misc.Unsafe.park(Native Method)
        at java.util.concurrent.locks.LockSupport.parkNanos(LockSupport.java:215)
        at java.util.concurrent.SynchronousQueue$TransferStack.awaitFulfill(SynchronousQueue.java:460)
        at java.util.concurrent.SynchronousQueue$TransferStack.transfer(SynchronousQueue.java:362)
        at java.util.concurrent.SynchronousQueue.poll(SynchronousQueue.java:941)
        at java.util.concurrent.ThreadPoolExecutor.getTask(ThreadPoolExecutor.java:1073)
        at java.util.concurrent.ThreadPoolExecutor.runWorker(ThreadPoolExecutor.java:1134)
        at java.util.concurrent.ThreadPoolExecutor$Worker.run(ThreadPoolExecutor.java:624)
        at java.lang.Thread.run(Thread.java:750)
"Datanode ReportManager Thread - 4" daemon prio=5 tid=813 in Object.wait()
java.lang.Thread.State: WAITING (on object monitor)
        at sun.misc.Unsafe.park(Native Method)
        at java.util.concurrent.locks.LockSupport.park(LockSupport.java:175)
        at java.util.concurrent.locks.AbstractQueuedSynchronizer$ConditionObject.await(AbstractQueuedSynchronizer.java:2039)
        at java.util.concurrent.ScheduledThreadPoolExecutor$DelayedWorkQueue.take(ScheduledThreadPoolExecutor.java:1088)
        at java.util.concurrent.ScheduledThreadPoolExecutor$DelayedWorkQueue.take(ScheduledThreadPoolExecutor.java:809)
        at java.util.concurrent.ThreadPoolExecutor.getTask(ThreadPoolExecutor.java:1074)
        at java.util.concurrent.ThreadPoolExecutor.runWorker(ThreadPoolExecutor.java:1134)
        at java.util.concurrent.ThreadPoolExecutor$Worker.run(ThreadPoolExecutor.java:624)
        at java.lang.Thread.run(Thread.java:750)
"FullTableCache Cleanup Thread - 0" daemon prio=5 tid=1141 in Object.wait()
java.lang.Thread.State: WAITING (on object monitor)
        at sun.misc.Unsafe.park(Native Method)
        at java.util.concurrent.locks.LockSupport.park(LockSupport.java:175)
        at java.util.concurrent.locks.AbstractQueuedSynchronizer$ConditionObject.await(AbstractQueuedSynchronizer.java:2039)
        at java.util.concurrent.LinkedBlockingQueue.take(LinkedBlockingQueue.java:442)
        at java.util.concurrent.ThreadPoolExecutor.getTask(ThreadPoolExecutor.java:1074)
        at java.util.concurrent.ThreadPoolExecutor.runWorker(ThreadPoolExecutor.java:1134)
        at java.util.concurrent.ThreadPoolExecutor$Worker.run(ThreadPoolExecutor.java:624)
        at java.lang.Thread.run(Thread.java:750)
"EndpointStateMachine task thread for /127.0.0.1:44825 - 0 "  prio=5 tid=939 blocked
java.lang.Thread.State: BLOCKED
        at org.apache.hadoop.ipc.Client$Connection.addCall(Client.java:522)
        at org.apache.hadoop.ipc.Client$Connection.access$3700(Client.java:414)
        at org.apache.hadoop.ipc.Client.getConnection(Client.java:1634)
        at org.apache.hadoop.ipc.Client.call(Client.java:1463)
        at org.apache.hadoop.ipc.Client.call(Client.java:1416)
        at org.apache.hadoop.ipc.ProtobufRpcEngine$Invoker.invoke(ProtobufRpcEngine.java:236)
        at org.apache.hadoop.ipc.ProtobufRpcEngine$Invoker.invoke(ProtobufRpcEngine.java:123)
        at com.sun.proxy.$Proxy51.submitRequest(Unknown Source)
        at org.apache.hadoop.ozone.protocolPB.StorageContainerDatanodeProtocolClientSideTranslatorPB.submitRequest(StorageContainerDatanodeProtocolClientSideTranslatorPB.java:117)
        at org.apache.hadoop.ozone.protocolPB.StorageContainerDatanodeProtocolClientSideTranslatorPB.sendHeartbeat(StorageContainerDatanodeProtocolClientSideTranslatorPB.java:149)
        at org.apache.hadoop.ozone.container.common.states.endpoint.HeartbeatEndpointTask.call(HeartbeatEndpointTask.java:185)
        at org.apache.hadoop.ozone.container.common.states.endpoint.HeartbeatEndpointTask.call(HeartbeatEndpointTask.java:87)
        at java.util.concurrent.FutureTask.run(FutureTask.java:266)
        at java.util.concurrent.ThreadPoolExecutor.runWorker(ThreadPoolExecutor.java:1149)
        at java.util.concurrent.ThreadPoolExecutor$Worker.run(ThreadPoolExecutor.java:624)
        at java.lang.Thread.run(Thread.java:750)
"Datanode ReportManager Thread - 4" daemon prio=5 tid=871 in Object.wait()
java.lang.Thread.State: WAITING (on object monitor)
        at sun.misc.Unsafe.park(Native Method)
        at java.util.concurrent.locks.LockSupport.park(LockSupport.java:175)
        at java.util.concurrent.locks.AbstractQueuedSynchronizer$ConditionObject.await(AbstractQueuedSynchronizer.java:2039)
        at java.util.concurrent.ScheduledThreadPoolExecutor$DelayedWorkQueue.take(ScheduledThreadPoolExecutor.java:1088)
        at java.util.concurrent.ScheduledThreadPoolExecutor$DelayedWorkQueue.take(ScheduledThreadPoolExecutor.java:809)
        at java.util.concurrent.ThreadPoolExecutor.getTask(ThreadPoolExecutor.java:1074)
        at java.util.concurrent.ThreadPoolExecutor.runWorker(ThreadPoolExecutor.java:1134)
        at java.util.concurrent.ThreadPoolExecutor$Worker.run(ThreadPoolExecutor.java:624)
        at java.lang.Thread.run(Thread.java:750)
"Listener at 127.0.0.1/34741" daemon prio=5 tid=12 runnable
java.lang.Thread.State: RUNNABLE
        at java.lang.Thread.dumpThreads(Native Method)
        at java.lang.Thread.getAllStackTraces(Thread.java:1615)
        at org.apache.ozone.test.TimedOutTestsListener.buildThreadDump(TimedOutTestsListener.java:93)
        at org.apache.ozone.test.TimedOutTestsListener.buildThreadDiagnosticString(TimedOutTestsListener.java:79)
        at org.apache.ozone.test.GenericTestUtils.waitFor(GenericTestUtils.java:224)
        at org.apache.hadoop.ozone.parser.TestOzoneHARatisLogParser.testRatisLogParsing(TestOzoneHARatisLogParser.java:129)
        at sun.reflect.NativeMethodAccessorImpl.invoke0(Native Method)
        at sun.reflect.NativeMethodAccessorImpl.invoke(NativeMethodAccessorImpl.java:62)
        at sun.reflect.DelegatingMethodAccessorImpl.invoke(DelegatingMethodAccessorImpl.java:43)
        at java.lang.reflect.Method.invoke(Method.java:498)
        at org.junit.runners.model.FrameworkMethod$1.runReflectiveCall(FrameworkMethod.java:59)
        at org.junit.internal.runners.model.ReflectiveCallable.run(ReflectiveCallable.java:12)
        at org.junit.runners.model.FrameworkMethod.invokeExplosively(FrameworkMethod.java:56)
        at org.junit.internal.runners.statements.InvokeMethod.evaluate(InvokeMethod.java:17)
        at org.junit.internal.runners.statements.RunBefores.evaluate(RunBefores.java:26)
        at org.junit.internal.runners.statements.RunAfters.evaluate(RunAfters.java:27)
        at org.junit.internal.runners.statements.FailOnTimeout$CallableStatement.call(FailOnTimeout.java:288)
        at org.junit.internal.runners.statements.FailOnTimeout$CallableStatement.call(FailOnTimeout.java:282)
        at java.util.concurrent.FutureTask.run(FutureTask.java:266)
        at java.lang.Thread.run(Thread.java:750)
"Datanode ReportManager Thread - 2" daemon prio=5 tid=869 in Object.wait()
java.lang.Thread.State: WAITING (on object monitor)
        at sun.misc.Unsafe.park(Native Method)
        at java.util.concurrent.locks.LockSupport.park(LockSupport.java:175)
        at java.util.concurrent.locks.AbstractQueuedSynchronizer$ConditionObject.await(AbstractQueuedSynchronizer.java:2039)
        at java.util.concurrent.ScheduledThreadPoolExecutor$DelayedWorkQueue.take(ScheduledThreadPoolExecutor.java:1088)
        at java.util.concurrent.ScheduledThreadPoolExecutor$DelayedWorkQueue.take(ScheduledThreadPoolExecutor.java:809)
        at java.util.concurrent.ThreadPoolExecutor.getTask(ThreadPoolExecutor.java:1074)
        at java.util.concurrent.ThreadPoolExecutor.runWorker(ThreadPoolExecutor.java:1134)
        at java.util.concurrent.ThreadPoolExecutor$Worker.run(ThreadPoolExecutor.java:624)
        at java.lang.Thread.run(Thread.java:750)
"UnderReplicatedQueueThreadThread" daemon prio=5 tid=387 timed_waiting
java.lang.Thread.State: TIMED_WAITING
        at java.lang.Object.wait(Native Method)
        at org.apache.hadoop.hdds.scm.ha.BackgroundSCMService.run(BackgroundSCMService.java:105)
        at org.apache.hadoop.hdds.scm.ha.BackgroundSCMService$$Lambda$668/1691551744.run(Unknown Source)
        at java.lang.Thread.run(Thread.java:750)
"OverReplicatedQueueThreadThread" daemon prio=5 tid=388 timed_waiting
java.lang.Thread.State: TIMED_WAITING
        at java.lang.Object.wait(Native Method)
        at org.apache.hadoop.hdds.scm.ha.BackgroundSCMService.run(BackgroundSCMService.java:105)
        at org.apache.hadoop.hdds.scm.ha.BackgroundSCMService$$Lambda$668/1691551744.run(Unknown Source)
        at java.lang.Thread.run(Thread.java:750)
"EndpointStateMachine task thread for /127.0.0.1:38303 - 0 "  prio=5 tid=937 blocked
java.lang.Thread.State: BLOCKED
        at org.apache.hadoop.ipc.Client$Connection.addCall(Client.java:522)
        at org.apache.hadoop.ipc.Client$Connection.access$3700(Client.java:414)
        at org.apache.hadoop.ipc.Client.getConnection(Client.java:1634)
        at org.apache.hadoop.ipc.Client.call(Client.java:1463)
        at org.apache.hadoop.ipc.Client.call(Client.java:1416)
        at org.apache.hadoop.ipc.ProtobufRpcEngine$Invoker.invoke(ProtobufRpcEngine.java:236)
        at org.apache.hadoop.ipc.ProtobufRpcEngine$Invoker.invoke(ProtobufRpcEngine.java:123)
        at com.sun.proxy.$Proxy51.submitRequest(Unknown Source)
        at org.apache.hadoop.ozone.protocolPB.StorageContainerDatanodeProtocolClientSideTranslatorPB.submitRequest(StorageContainerDatanodeProtocolClientSideTranslatorPB.java:117)
        at org.apache.hadoop.ozone.protocolPB.StorageContainerDatanodeProtocolClientSideTranslatorPB.sendHeartbeat(StorageContainerDatanodeProtocolClientSideTranslatorPB.java:149)
        at org.apache.hadoop.ozone.container.common.states.endpoint.HeartbeatEndpointTask.call(HeartbeatEndpointTask.java:185)
        at org.apache.hadoop.ozone.container.common.states.endpoint.HeartbeatEndpointTask.call(HeartbeatEndpointTask.java:87)
        at java.util.concurrent.FutureTask.run(FutureTask.java:266)
        at java.util.concurrent.ThreadPoolExecutor.runWorker(ThreadPoolExecutor.java:1149)
        at java.util.concurrent.ThreadPoolExecutor$Worker.run(ThreadPoolExecutor.java:624)
        at java.lang.Thread.run(Thread.java:750)
"FullTableCache Cleanup Thread - 0" daemon prio=5 tid=1149 in Object.wait()
java.lang.Thread.State: WAITING (on object monitor)
        at sun.misc.Unsafe.park(Native Method)
        at java.util.concurrent.locks.LockSupport.park(LockSupport.java:175)
        at java.util.concurrent.locks.AbstractQueuedSynchronizer$ConditionObject.await(AbstractQueuedSynchronizer.java:2039)
        at java.util.concurrent.LinkedBlockingQueue.take(LinkedBlockingQueue.java:442)
        at java.util.concurrent.ThreadPoolExecutor.getTask(ThreadPoolExecutor.java:1074)
        at java.util.concurrent.ThreadPoolExecutor.runWorker(ThreadPoolExecutor.java:1134)
        at java.util.concurrent.ThreadPoolExecutor$Worker.run(ThreadPoolExecutor.java:624)
        at java.lang.Thread.run(Thread.java:750)
"EndpointStateMachine task thread for /127.0.0.1:44825 - 0 "  prio=5 tid=896 timed_waiting
java.lang.Thread.State: TIMED_WAITING
        at java.lang.Thread.sleep(Native Method)
        at org.apache.hadoop.ipc.Client$Connection.handleConnectionFailure(Client.java:972)
        at org.apache.hadoop.ipc.Client$Connection.setupConnection(Client.java:724)
        at org.apache.hadoop.ipc.Client$Connection.setupIOstreams(Client.java:822)
        at org.apache.hadoop.ipc.Client$Connection.access$3800(Client.java:414)
        at org.apache.hadoop.ipc.Client.getConnection(Client.java:1647)
        at org.apache.hadoop.ipc.Client.call(Client.java:1463)
        at org.apache.hadoop.ipc.Client.call(Client.java:1416)
        at org.apache.hadoop.ipc.ProtobufRpcEngine$Invoker.invoke(ProtobufRpcEngine.java:236)
        at org.apache.hadoop.ipc.ProtobufRpcEngine$Invoker.invoke(ProtobufRpcEngine.java:123)
        at com.sun.proxy.$Proxy51.submitRequest(Unknown Source)
        at org.apache.hadoop.ozone.protocolPB.StorageContainerDatanodeProtocolClientSideTranslatorPB.submitRequest(StorageContainerDatanodeProtocolClientSideTranslatorPB.java:117)
        at org.apache.hadoop.ozone.protocolPB.StorageContainerDatanodeProtocolClientSideTranslatorPB.sendHeartbeat(StorageContainerDatanodeProtocolClientSideTranslatorPB.java:149)
        at org.apache.hadoop.ozone.container.common.states.endpoint.HeartbeatEndpointTask.call(HeartbeatEndpointTask.java:185)
        at org.apache.hadoop.ozone.container.common.states.endpoint.HeartbeatEndpointTask.call(HeartbeatEndpointTask.java:87)
        at java.util.concurrent.FutureTask.run(FutureTask.java:266)
        at java.util.concurrent.ThreadPoolExecutor.runWorker(ThreadPoolExecutor.java:1149)
        at java.util.concurrent.ThreadPoolExecutor$Worker.run(ThreadPoolExecutor.java:624)
        at java.lang.Thread.run(Thread.java:750)
"OverReplicatedQueueThreadThread" daemon prio=5 tid=39 timed_waiting
java.lang.Thread.State: TIMED_WAITING
        at java.lang.Object.wait(Native Method)
        at org.apache.hadoop.hdds.scm.ha.BackgroundSCMService.run(BackgroundSCMService.java:105)
        at org.apache.hadoop.hdds.scm.ha.BackgroundSCMService$$Lambda$668/1691551744.run(Unknown Source)
        at java.lang.Thread.run(Thread.java:750)
"Finalizer" daemon prio=8 tid=3 in Object.wait()
java.lang.Thread.State: WAITING (on object monitor)
        at java.lang.Object.wait(Native Method)
        at java.lang.ref.ReferenceQueue.remove(ReferenceQueue.java:144)
        at java.lang.ref.ReferenceQueue.remove(ReferenceQueue.java:165)
        at java.lang.ref.Finalizer$FinalizerThread.run(Finalizer.java:216)
"FullTableCache Cleanup Thread - 0" daemon prio=5 tid=1147 in Object.wait()
java.lang.Thread.State: WAITING (on object monitor)
        at sun.misc.Unsafe.park(Native Method)
        at java.util.concurrent.locks.LockSupport.park(LockSupport.java:175)
        at java.util.concurrent.locks.AbstractQueuedSynchronizer$ConditionObject.await(AbstractQueuedSynchronizer.java:2039)
        at java.util.concurrent.LinkedBlockingQueue.take(LinkedBlockingQueue.java:442)
        at java.util.concurrent.ThreadPoolExecutor.getTask(ThreadPoolExecutor.java:1074)
        at java.util.concurrent.ThreadPoolExecutor.runWorker(ThreadPoolExecutor.java:1134)
        at java.util.concurrent.ThreadPoolExecutor$Worker.run(ThreadPoolExecutor.java:624)
        at java.lang.Thread.run(Thread.java:750)
"EndpointStateMachine task thread for /127.0.0.1:38303 - 0 "  prio=5 tid=895 timed_waiting
java.lang.Thread.State: TIMED_WAITING
        at java.lang.Thread.sleep(Native Method)
        at org.apache.hadoop.ipc.Client$Connection.handleConnectionFailure(Client.java:972)
        at org.apache.hadoop.ipc.Client$Connection.setupConnection(Client.java:724)
        at org.apache.hadoop.ipc.Client$Connection.setupIOstreams(Client.java:822)
        at org.apache.hadoop.ipc.Client$Connection.access$3800(Client.java:414)
        at org.apache.hadoop.ipc.Client.getConnection(Client.java:1647)
        at org.apache.hadoop.ipc.Client.call(Client.java:1463)
        at org.apache.hadoop.ipc.Client.call(Client.java:1416)
        at org.apache.hadoop.ipc.ProtobufRpcEngine$Invoker.invoke(ProtobufRpcEngine.java:236)
        at org.apache.hadoop.ipc.ProtobufRpcEngine$Invoker.invoke(ProtobufRpcEngine.java:123)
        at com.sun.proxy.$Proxy51.submitRequest(Unknown Source)
        at org.apache.hadoop.ozone.protocolPB.StorageContainerDatanodeProtocolClientSideTranslatorPB.submitRequest(StorageContainerDatanodeProtocolClientSideTranslatorPB.java:117)
        at org.apache.hadoop.ozone.protocolPB.StorageContainerDatanodeProtocolClientSideTranslatorPB.sendHeartbeat(StorageContainerDatanodeProtocolClientSideTranslatorPB.java:149)
        at org.apache.hadoop.ozone.container.common.states.endpoint.HeartbeatEndpointTask.call(HeartbeatEndpointTask.java:185)
        at org.apache.hadoop.ozone.container.common.states.endpoint.HeartbeatEndpointTask.call(HeartbeatEndpointTask.java:87)
        at java.util.concurrent.FutureTask.run(FutureTask.java:266)
        at java.util.concurrent.ThreadPoolExecutor.runWorker(ThreadPoolExecutor.java:1149)
        at java.util.concurrent.ThreadPoolExecutor$Worker.run(ThreadPoolExecutor.java:624)
        at java.lang.Thread.run(Thread.java:750)
"Datanode ReportManager Thread - 1" daemon prio=5 tid=810 in Object.wait()
java.lang.Thread.State: WAITING (on object monitor)
        at sun.misc.Unsafe.park(Native Method)
        at java.util.concurrent.locks.LockSupport.park(LockSupport.java:175)
        at java.util.concurrent.locks.AbstractQueuedSynchronizer$ConditionObject.await(AbstractQueuedSynchronizer.java:2039)
        at java.util.concurrent.ScheduledThreadPoolExecutor$DelayedWorkQueue.take(ScheduledThreadPoolExecutor.java:1088)
        at java.util.concurrent.ScheduledThreadPoolExecutor$DelayedWorkQueue.take(ScheduledThreadPoolExecutor.java:809)
        at java.util.concurrent.ThreadPoolExecutor.getTask(ThreadPoolExecutor.java:1074)
        at java.util.concurrent.ThreadPoolExecutor.runWorker(ThreadPoolExecutor.java:1134)
        at java.util.concurrent.ThreadPoolExecutor$Worker.run(ThreadPoolExecutor.java:624)
        at java.lang.Thread.run(Thread.java:750)
"SSL Certificates Store Monitor" daemon prio=5 tid=665 in Object.wait()
java.lang.Thread.State: WAITING (on object monitor)
        at java.lang.Object.wait(Native Method)
        at java.lang.Object.wait(Object.java:502)
        at java.util.TimerThread.mainLoop(Timer.java:526)
        at java.util.TimerThread.run(Timer.java:505)
"OverReplicatedQueueThreadThread" daemon prio=5 tid=502 timed_waiting
java.lang.Thread.State: TIMED_WAITING
        at java.lang.Object.wait(Native Method)
        at org.apache.hadoop.hdds.scm.ha.BackgroundSCMService.run(BackgroundSCMService.java:105)
        at org.apache.hadoop.hdds.scm.ha.BackgroundSCMService$$Lambda$668/1691551744.run(Unknown Source)
        at java.lang.Thread.run(Thread.java:750)
"Datanode ReportManager Thread - 1" daemon prio=5 tid=868 in Object.wait()
java.lang.Thread.State: WAITING (on object monitor)
        at sun.misc.Unsafe.park(Native Method)
        at java.util.concurrent.locks.LockSupport.park(LockSupport.java:175)
        at java.util.concurrent.locks.AbstractQueuedSynchronizer$ConditionObject.await(AbstractQueuedSynchronizer.java:2039)
        at java.util.concurrent.ScheduledThreadPoolExecutor$DelayedWorkQueue.take(ScheduledThreadPoolExecutor.java:1088)
        at java.util.concurrent.ScheduledThreadPoolExecutor$DelayedWorkQueue.take(ScheduledThreadPoolExecutor.java:809)
        at java.util.concurrent.ThreadPoolExecutor.getTask(ThreadPoolExecutor.java:1074)
        at java.util.concurrent.ThreadPoolExecutor.runWorker(ThreadPoolExecutor.java:1134)
        at java.util.concurrent.ThreadPoolExecutor$Worker.run(ThreadPoolExecutor.java:624)
        at java.lang.Thread.run(Thread.java:750)
"EndpointStateMachine task thread for /127.0.0.1:38303 - 0 "  prio=5 tid=920 blocked
java.lang.Thread.State: BLOCKED
        at org.apache.hadoop.ipc.Client$Connection.addCall(Client.java:522)
        at org.apache.hadoop.ipc.Client$Connection.access$3700(Client.java:414)
        at org.apache.hadoop.ipc.Client.getConnection(Client.java:1634)
        at org.apache.hadoop.ipc.Client.call(Client.java:1463)
        at org.apache.hadoop.ipc.Client.call(Client.java:1416)
        at org.apache.hadoop.ipc.ProtobufRpcEngine$Invoker.invoke(ProtobufRpcEngine.java:236)
        at org.apache.hadoop.ipc.ProtobufRpcEngine$Invoker.invoke(ProtobufRpcEngine.java:123)
        at com.sun.proxy.$Proxy51.submitRequest(Unknown Source)
        at org.apache.hadoop.ozone.protocolPB.StorageContainerDatanodeProtocolClientSideTranslatorPB.submitRequest(StorageContainerDatanodeProtocolClientSideTranslatorPB.java:117)
        at org.apache.hadoop.ozone.protocolPB.StorageContainerDatanodeProtocolClientSideTranslatorPB.sendHeartbeat(StorageContainerDatanodeProtocolClientSideTranslatorPB.java:149)
        at org.apache.hadoop.ozone.container.common.states.endpoint.HeartbeatEndpointTask.call(HeartbeatEndpointTask.java:185)
        at org.apache.hadoop.ozone.container.common.states.endpoint.HeartbeatEndpointTask.call(HeartbeatEndpointTask.java:87)
        at java.util.concurrent.FutureTask.run(FutureTask.java:266)
        at java.util.concurrent.ThreadPoolExecutor.runWorker(ThreadPoolExecutor.java:1149)
        at java.util.concurrent.ThreadPoolExecutor$Worker.run(ThreadPoolExecutor.java:624)
        at java.lang.Thread.run(Thread.java:750)


	at org.apache.ozone.test.GenericTestUtils.waitFor(GenericTestUtils.java:224)
	at org.apache.hadoop.ozone.parser.TestOzoneHARatisLogParser.testRatisLogParsing(TestOzoneHARatisLogParser.java:129)
	at sun.reflect.NativeMethodAccessorImpl.invoke0(Native Method)
	at sun.reflect.NativeMethodAccessorImpl.invoke(NativeMethodAccessorImpl.java:62)
	at sun.reflect.DelegatingMethodAccessorImpl.invoke(DelegatingMethodAccessorImpl.java:43)
	at java.lang.reflect.Method.invoke(Method.java:498)
	at org.junit.runners.model.FrameworkMethod$1.runReflectiveCall(FrameworkMethod.java:59)
	at org.junit.internal.runners.model.ReflectiveCallable.run(ReflectiveCallable.java:12)
	at org.junit.runners.model.FrameworkMethod.invokeExplosively(FrameworkMethod.java:56)
	at org.junit.internal.runners.statements.InvokeMethod.evaluate(InvokeMethod.java:17)
	at org.junit.internal.runners.statements.RunBefores.evaluate(RunBefores.java:26)
	at org.junit.internal.runners.statements.RunAfters.evaluate(RunAfters.java:27)
	at org.junit.internal.runners.statements.FailOnTimeout$CallableStatement.call(FailOnTimeout.java:288)
	at org.junit.internal.runners.statements.FailOnTimeout$CallableStatement.call(FailOnTimeout.java:282)
	at java.util.concurrent.FutureTask.run(FutureTask.java:266)
	at java.lang.Thread.run(Thread.java:750)
]]></error>
    <system-out><![CDATA[2022-07-21 18:24:09,403 [Time-limited test] WARN  server.ServerUtils (ServerUtils.java:getScmDbDir(148)) - ozone.scm.db.dirs is not configured. We recommend adding this setting. Falling back to ozone.metadata.dirs instead.
2022-07-21 18:24:09,435 [Time-limited test] INFO  ha.SCMHANodeDetails (SCMHANodeDetails.java:loadSCMHAConfig(209)) - ServiceID for StorageContainerManager is scmServiceId
2022-07-21 18:24:09,445 [Time-limited test] INFO  ha.SCMHANodeDetails (SCMHANodeDetails.java:loadSCMHAConfig(220)) - ServiceID for StorageContainerManager is scmServiceId
2022-07-21 18:24:09,514 [Time-limited test] WARN  scm.ScmUtils (ScmUtils.java:logWarn(179)) - ConfigKey ozone.scm.block.client.address is deprecated, For configuring different ports for each SCM use PortConfigKey ozone.scm.block.client.port appended with serviceId and nodeId. If want to configure same port configure ozone.scm.block.client.port
2022-07-21 18:24:09,515 [Time-limited test] WARN  scm.ScmUtils (ScmUtils.java:logWarn(179)) - ConfigKey ozone.scm.client.address is deprecated, For configuring different ports for each SCM use PortConfigKey ozone.scm.client.port appended with serviceId and nodeId. If want to configure same port configure ozone.scm.client.port
2022-07-21 18:24:09,516 [Time-limited test] WARN  scm.ScmUtils (ScmUtils.java:logWarn(179)) - ConfigKey ozone.scm.datanode.address is deprecated, For configuring different ports for each SCM use PortConfigKey ozone.scm.datanode.port appended with serviceId and nodeId. If want to configure same port configure ozone.scm.datanode.port
2022-07-21 18:24:09,518 [Time-limited test] WARN  scm.ScmUtils (ScmUtils.java:logWarn(179)) - ConfigKey ozone.scm.block.client.address is deprecated, For configuring different ports for each SCM use PortConfigKey ozone.scm.block.client.port appended with serviceId and nodeId. If want to configure same port configure ozone.scm.block.client.port
2022-07-21 18:24:09,518 [Time-limited test] WARN  scm.ScmUtils (ScmUtils.java:logWarn(179)) - ConfigKey ozone.scm.client.address is deprecated, For configuring different ports for each SCM use PortConfigKey ozone.scm.client.port appended with serviceId and nodeId. If want to configure same port configure ozone.scm.client.port
2022-07-21 18:24:09,519 [Time-limited test] WARN  scm.ScmUtils (ScmUtils.java:logWarn(179)) - ConfigKey ozone.scm.datanode.address is deprecated, For configuring different ports for each SCM use PortConfigKey ozone.scm.datanode.port appended with serviceId and nodeId. If want to configure same port configure ozone.scm.datanode.port
2022-07-21 18:24:09,519 [Time-limited test] INFO  ha.SCMHANodeDetails (SCMHANodeDetails.java:loadSCMHAConfig(307)) - Found matching SCM address with SCMServiceId: scmServiceId, SCMNodeId: scmNode-1, RPC Address: localhost:35447 and Ratis port: 35447
2022-07-21 18:24:09,519 [Time-limited test] INFO  ha.SCMHANodeDetails (ConfUtils.java:setNodeSpecificConfigs(97)) - Setting configuration key ozone.scm.datanode.address with value of key ozone.scm.datanode.address.scmServiceId.scmNode-1: 127.0.0.1:44825
2022-07-21 18:24:09,519 [Time-limited test] INFO  ha.SCMHANodeDetails (ConfUtils.java:setNodeSpecificConfigs(97)) - Setting configuration key ozone.scm.block.client.address with value of key ozone.scm.block.client.address.scmServiceId.scmNode-1: 127.0.0.1:37887
2022-07-21 18:24:09,520 [Time-limited test] INFO  ha.SCMHANodeDetails (ConfUtils.java:setNodeSpecificConfigs(97)) - Setting configuration key ozone.scm.client.address with value of key ozone.scm.client.address.scmServiceId.scmNode-1: 127.0.0.1:46107
2022-07-21 18:24:09,520 [Time-limited test] INFO  ha.SCMHANodeDetails (ConfUtils.java:setNodeSpecificConfigs(97)) - Setting configuration key ozone.scm.ratis.port with value of key ozone.scm.ratis.port.scmServiceId.scmNode-1: 35447
2022-07-21 18:24:09,520 [Time-limited test] INFO  ha.SCMHANodeDetails (ConfUtils.java:setNodeSpecificConfigs(97)) - Setting configuration key ozone.scm.grpc.port with value of key ozone.scm.grpc.port.scmServiceId.scmNode-1: 33725
2022-07-21 18:24:09,520 [Time-limited test] INFO  ha.SCMHANodeDetails (ConfUtils.java:setNodeSpecificConfigs(97)) - Setting configuration key ozone.scm.http-address with value of key ozone.scm.http-address.scmServiceId.scmNode-1: 127.0.0.1:44819
2022-07-21 18:24:09,521 [Time-limited test] INFO  ha.SCMHANodeDetails (ConfUtils.java:setNodeSpecificConfigs(97)) - Setting configuration key ozone.scm.https-address with value of key ozone.scm.https-address.scmServiceId.scmNode-1: 127.0.0.1:37745
2022-07-21 18:24:09,522 [Time-limited test] INFO  ha.SCMHANodeDetails (ConfUtils.java:setNodeSpecificConfigs(97)) - Setting configuration key ozone.scm.address with value of key ozone.scm.address.scmServiceId.scmNode-1: 127.0.0.1
2022-07-21 18:24:09,522 [Time-limited test] WARN  scm.ScmUtils (ScmUtils.java:logWarn(179)) - ConfigKey ozone.scm.block.client.address is deprecated, For configuring different ports for each SCM use PortConfigKey ozone.scm.block.client.port appended with serviceId and nodeId. If want to configure same port configure ozone.scm.block.client.port
2022-07-21 18:24:09,522 [Time-limited test] WARN  scm.ScmUtils (ScmUtils.java:logWarn(179)) - ConfigKey ozone.scm.client.address is deprecated, For configuring different ports for each SCM use PortConfigKey ozone.scm.client.port appended with serviceId and nodeId. If want to configure same port configure ozone.scm.client.port
2022-07-21 18:24:09,522 [Time-limited test] WARN  scm.ScmUtils (ScmUtils.java:logWarn(179)) - ConfigKey ozone.scm.datanode.address is deprecated, For configuring different ports for each SCM use PortConfigKey ozone.scm.datanode.port appended with serviceId and nodeId. If want to configure same port configure ozone.scm.datanode.port
2022-07-21 18:24:09,607 [Time-limited test] INFO  server.RaftServer (ConfUtils.java:logGet(46)) - raft.rpc.type = GRPC (default)
2022-07-21 18:24:09,700 [Time-limited test] INFO  grpc.GrpcFactory (GrpcFactory.java:checkPooledByteBufAllocatorUseCacheForAllThreads(48)) - PERFORMANCE WARNING: useCacheForAllThreads is true that may cause Netty to create a lot garbage objects and, as a result, trigger GC.
	It is recommended to disable useCacheForAllThreads by setting -Dorg.apache.ratis.thirdparty.io.netty.allocator.useCacheForAllThreads=false in command line.
2022-07-21 18:24:09,704 [Time-limited test] INFO  grpc.GrpcConfigKeys (ConfUtils.java:logGet(46)) - raft.grpc.admin.port = -1 (default)
2022-07-21 18:24:09,705 [Time-limited test] INFO  grpc.GrpcConfigKeys (ConfUtils.java:logGet(46)) - raft.grpc.server.port = 35447 (custom)
2022-07-21 18:24:09,705 [Time-limited test] INFO  grpc.GrpcConfigKeys (ConfUtils.java:logGet(46)) - raft.grpc.client.port = -1 (default)
2022-07-21 18:24:09,705 [Time-limited test] INFO  grpc.GrpcConfigKeys (ConfUtils.java:logGet(46)) - raft.grpc.server.port = 35447 (custom)
2022-07-21 18:24:09,706 [Time-limited test] INFO  grpc.GrpcConfigKeys (ConfUtils.java:logGet(46)) - raft.grpc.server.port = 35447 (custom)
2022-07-21 18:24:09,707 [Time-limited test] INFO  server.GrpcService (ConfUtils.java:logGet(46)) - raft.grpc.message.size.max = 32m (=33554432) (custom)
2022-07-21 18:24:09,708 [Time-limited test] INFO  server.RaftServerConfigKeys (ConfUtils.java:logGet(46)) - raft.server.log.appender.buffer.byte-limit = 33554432 (custom)
2022-07-21 18:24:09,709 [Time-limited test] INFO  server.GrpcService (ConfUtils.java:logGet(46)) - raft.grpc.flow.control.window = 1MB (=1048576) (default)
2022-07-21 18:24:09,710 [Time-limited test] INFO  server.RaftServerConfigKeys (ConfUtils.java:logGet(46)) - raft.server.rpc.request.timeout = 30000ms (custom)
2022-07-21 18:24:09,735 [Time-limited test] INFO  grpc.GrpcConfigKeys (ConfUtils.java:logGet(46)) - raft.grpc.server.async.request.thread.pool.cached = true (default)
2022-07-21 18:24:09,736 [Time-limited test] INFO  grpc.GrpcConfigKeys (ConfUtils.java:logGet(46)) - raft.grpc.server.async.request.thread.pool.size = 32 (default)
2022-07-21 18:24:10,107 [Time-limited test] INFO  impl.DataStreamServerImpl (ConfUtils.java:logGet(46)) - raft.datastream.type = DISABLED (default)
2022-07-21 18:24:10,110 [Time-limited test] INFO  server.RaftServerConfigKeys (ConfUtils.java:logGet(46)) - raft.server.threadpool.proxy.cached = true (default)
2022-07-21 18:24:10,111 [Time-limited test] INFO  server.RaftServerConfigKeys (ConfUtils.java:logGet(46)) - raft.server.threadpool.proxy.size = 0 (default)
2022-07-21 18:24:10,111 [Time-limited test] INFO  server.RaftServerConfigKeys (ConfUtils.java:logGet(46)) - raft.server.rpc.slowness.timeout = 120000ms (custom)
2022-07-21 18:24:10,111 [Time-limited test] INFO  server.RaftServerConfigKeys (ConfUtils.java:logGet(46)) - raft.server.leaderelection.leader.step-down.wait-time = 10s (default)
2022-07-21 18:24:10,115 [Time-limited test] INFO  server.RaftServerConfigKeys (ConfUtils.java:logGet(46)) - raft.server.storage.dir = [/home/runner/work/ozone/ozone/hadoop-ozone/integration-test/target/test-dir/MiniOzoneClusterImpl-c56c5c68-8a55-4647-89a4-dc8bb834fa26/scmNode-1/scm-ha] (custom)
2022-07-21 18:24:10,128 [Time-limited test] INFO  server.RaftServer (RaftServerProxy.java:addNew(96)) - 6c219fae-6e05-4936-867a-162ef996a9c6: addNew group-DC8BB834FA26:[6c219fae-6e05-4936-867a-162ef996a9c6|rpc:localhost:35447|priority:0] returns group-DC8BB834FA26:java.util.concurrent.CompletableFuture@3fa351e4[Not completed]
2022-07-21 18:24:10,149 [pool-2-thread-1] INFO  server.RaftServer$Division (RaftServerImpl.java:<init>(190)) - 6c219fae-6e05-4936-867a-162ef996a9c6: new RaftServerImpl for group-DC8BB834FA26:[6c219fae-6e05-4936-867a-162ef996a9c6|rpc:localhost:35447|priority:0] with SCMStateMachine:uninitialized
2022-07-21 18:24:10,151 [pool-2-thread-1] INFO  server.RaftServerConfigKeys (ConfUtils.java:logGet(46)) - raft.server.rpc.timeout.min = 5000ms (custom)
2022-07-21 18:24:10,151 [pool-2-thread-1] INFO  server.RaftServerConfigKeys (ConfUtils.java:logGet(46)) - raft.server.rpc.timeout.max = 5200ms (custom)
2022-07-21 18:24:10,151 [pool-2-thread-1] INFO  server.RaftServerConfigKeys (ConfUtils.java:logGet(46)) - raft.server.rpc.sleep.time = 25ms (default)
2022-07-21 18:24:10,152 [pool-2-thread-1] INFO  server.RaftServerConfigKeys (ConfUtils.java:logGet(46)) - raft.server.rpc.slowness.timeout = 120000ms (custom)
2022-07-21 18:24:10,152 [pool-2-thread-1] INFO  server.RaftServerConfigKeys (ConfUtils.java:logGet(46)) - raft.server.leaderelection.leader.step-down.wait-time = 10s (default)
2022-07-21 18:24:10,152 [pool-2-thread-1] INFO  server.RaftServerConfigKeys (ConfUtils.java:logGet(46)) - raft.server.sleep.deviation.threshold = 300ms (default)
2022-07-21 18:24:10,160 [pool-2-thread-1] INFO  server.RaftServer$Division (ServerState.java:<init>(107)) - 6c219fae-6e05-4936-867a-162ef996a9c6@group-DC8BB834FA26: ConfigurationManager, init=-1: [6c219fae-6e05-4936-867a-162ef996a9c6|rpc:localhost:35447|priority:0], old=null, confs=<EMPTY_MAP>
2022-07-21 18:24:10,160 [pool-2-thread-1] INFO  server.RaftServerConfigKeys (ConfUtils.java:logGet(46)) - raft.server.storage.dir = [/home/runner/work/ozone/ozone/hadoop-ozone/integration-test/target/test-dir/MiniOzoneClusterImpl-c56c5c68-8a55-4647-89a4-dc8bb834fa26/scmNode-1/scm-ha] (custom)
2022-07-21 18:24:10,165 [pool-2-thread-1] INFO  server.RaftServerConfigKeys (ConfUtils.java:logGet(46)) - raft.server.log.corruption.policy = EXCEPTION (default)
2022-07-21 18:24:10,165 [pool-2-thread-1] INFO  server.RaftServerConfigKeys (ConfUtils.java:logGet(46)) - raft.server.storage.free-space.min = 0MB (=0) (default)
2022-07-21 18:24:10,175 [pool-2-thread-1] INFO  storage.RaftStorageDirectory (RaftStorageDirectoryImpl.java:analyzeStorage(135)) - The storage directory /home/runner/work/ozone/ozone/hadoop-ozone/integration-test/target/test-dir/MiniOzoneClusterImpl-c56c5c68-8a55-4647-89a4-dc8bb834fa26/scmNode-1/scm-ha/c56c5c68-8a55-4647-89a4-dc8bb834fa26 does not exist. Creating ...
2022-07-21 18:24:10,182 [pool-2-thread-1] INFO  storage.RaftStorageDirectory (RaftStorageDirectoryImpl.java:tryLock(230)) - Lock on /home/runner/work/ozone/ozone/hadoop-ozone/integration-test/target/test-dir/MiniOzoneClusterImpl-c56c5c68-8a55-4647-89a4-dc8bb834fa26/scmNode-1/scm-ha/c56c5c68-8a55-4647-89a4-dc8bb834fa26/in_use.lock acquired by nodename 21952@fv-az378-305
2022-07-21 18:24:10,198 [pool-2-thread-1] INFO  storage.RaftStorage (RaftStorageImpl.java:format(89)) - Storage directory /home/runner/work/ozone/ozone/hadoop-ozone/integration-test/target/test-dir/MiniOzoneClusterImpl-c56c5c68-8a55-4647-89a4-dc8bb834fa26/scmNode-1/scm-ha/c56c5c68-8a55-4647-89a4-dc8bb834fa26 has been successfully formatted.
2022-07-21 18:24:10,202 [pool-2-thread-1] INFO  server.RaftServerConfigKeys (ConfUtils.java:logGet(46)) - raft.server.notification.no-leader.timeout = 60s (default)
2022-07-21 18:24:10,204 [pool-2-thread-1] INFO  server.RaftServerConfigKeys (ConfUtils.java:logGet(46)) - raft.server.log.use.memory = false (default)
2022-07-21 18:24:10,212 [pool-2-thread-1] INFO  server.RaftServerConfigKeys (ConfUtils.java:logGet(46)) - raft.server.log.purge.gap = 1000000 (custom)
2022-07-21 18:24:10,212 [pool-2-thread-1] INFO  server.RaftServerConfigKeys (ConfUtils.java:logGet(46)) - raft.server.log.appender.buffer.byte-limit = 33554432 (custom)
2022-07-21 18:24:10,214 [pool-2-thread-1] INFO  server.RaftServerConfigKeys (ConfUtils.java:logGet(46)) - raft.server.log.statemachine.data.read.timeout = 1000ms (default)
2022-07-21 18:24:10,221 [pool-2-thread-1] INFO  metrics.MetricRegistries (MetricRegistriesLoader.java:load(64)) - Loaded MetricRegistries class org.apache.ratis.metrics.impl.MetricRegistriesImpl
2022-07-21 18:24:10,309 [pool-2-thread-1] INFO  server.RaftServerConfigKeys (ConfUtils.java:logGet(46)) - raft.server.log.segment.size.max = 4194304 (custom)
2022-07-21 18:24:10,326 [pool-2-thread-1] INFO  server.RaftServerConfigKeys (ConfUtils.java:logGet(46)) - raft.server.log.segment.cache.num.max = 2 (custom)
2022-07-21 18:24:10,330 [pool-2-thread-1] INFO  server.RaftServerConfigKeys (ConfUtils.java:logGet(46)) - raft.server.log.segment.cache.size.max = 200MB (=209715200) (default)
2022-07-21 18:24:10,337 [pool-2-thread-1] INFO  segmented.SegmentedRaftLogWorker (SegmentedRaftLogWorker.java:<init>(187)) - new 6c219fae-6e05-4936-867a-162ef996a9c6@group-DC8BB834FA26-SegmentedRaftLogWorker for RaftStorageImpl:Storage Directory /home/runner/work/ozone/ozone/hadoop-ozone/integration-test/target/test-dir/MiniOzoneClusterImpl-c56c5c68-8a55-4647-89a4-dc8bb834fa26/scmNode-1/scm-ha/c56c5c68-8a55-4647-89a4-dc8bb834fa26
2022-07-21 18:24:10,337 [pool-2-thread-1] INFO  server.RaftServerConfigKeys (ConfUtils.java:logGet(46)) - raft.server.log.queue.byte-limit = 64MB (=67108864) (default)
2022-07-21 18:24:10,338 [pool-2-thread-1] INFO  server.RaftServerConfigKeys (ConfUtils.java:logGet(46)) - raft.server.log.queue.element-limit = 4096 (default)
2022-07-21 18:24:10,339 [pool-2-thread-1] INFO  server.RaftServerConfigKeys (ConfUtils.java:logGet(46)) - raft.server.log.segment.size.max = 4194304 (custom)
2022-07-21 18:24:10,339 [pool-2-thread-1] INFO  server.RaftServerConfigKeys (ConfUtils.java:logGet(46)) - raft.server.log.preallocated.size = 4194304 (custom)
2022-07-21 18:24:10,340 [pool-2-thread-1] INFO  server.RaftServerConfigKeys (ConfUtils.java:logGet(46)) - raft.server.log.force.sync.num = 128 (default)
2022-07-21 18:24:10,341 [pool-2-thread-1] INFO  server.RaftServerConfigKeys (ConfUtils.java:logGet(46)) - raft.server.log.statemachine.data.sync = true (default)
2022-07-21 18:24:10,341 [pool-2-thread-1] INFO  server.RaftServerConfigKeys (ConfUtils.java:logGet(46)) - raft.server.log.statemachine.data.sync.timeout = 10s (default)
2022-07-21 18:24:10,342 [pool-2-thread-1] INFO  server.RaftServerConfigKeys (ConfUtils.java:logGet(46)) - raft.server.log.statemachine.data.sync.timeout.retry = -1 (default)
2022-07-21 18:24:10,353 [pool-2-thread-1] INFO  server.RaftServerConfigKeys (ConfUtils.java:logGet(46)) - raft.server.log.write.buffer.size = 64KB (=65536) (default)
2022-07-21 18:24:10,354 [pool-2-thread-1] INFO  server.RaftServerConfigKeys (ConfUtils.java:logGet(46)) - raft.server.log.unsafe-flush.enabled = false (default)
2022-07-21 18:24:10,354 [pool-2-thread-1] INFO  server.RaftServerConfigKeys (ConfUtils.java:logGet(46)) - raft.server.log.statemachine.data.caching.enabled = false (default)
2022-07-21 18:24:10,363 [pool-2-thread-1] INFO  segmented.SegmentedRaftLogWorker (SegmentedRaftLogWorker.java:lambda$new$0(135)) - 6c219fae-6e05-4936-867a-162ef996a9c6@group-DC8BB834FA26-SegmentedRaftLogWorker: flushIndex: setUnconditionally 0 -> -1
2022-07-21 18:24:10,363 [pool-2-thread-1] INFO  segmented.SegmentedRaftLogWorker (SegmentedRaftLogWorker.java:lambda$new$0(135)) - 6c219fae-6e05-4936-867a-162ef996a9c6@group-DC8BB834FA26-SegmentedRaftLogWorker: safeCacheEvictIndex: setUnconditionally 0 -> -1
2022-07-21 18:24:10,379 [pool-2-thread-1] INFO  server.RaftServerConfigKeys (ConfUtils.java:logGet(46)) - raft.server.snapshot.auto.trigger.enabled = true (custom)
2022-07-21 18:24:10,380 [pool-2-thread-1] INFO  server.RaftServerConfigKeys (ConfUtils.java:logGet(46)) - raft.server.snapshot.auto.trigger.threshold = 1000 (custom)
2022-07-21 18:24:10,384 [pool-2-thread-1] INFO  server.RaftServerConfigKeys (ConfUtils.java:logGet(46)) - raft.server.snapshot.retention.file.num = -1 (default)
2022-07-21 18:24:10,385 [pool-2-thread-1] INFO  server.RaftServerConfigKeys (ConfUtils.java:logGet(46)) - raft.server.log.purge.upto.snapshot.index = false (default)
2022-07-21 18:24:10,387 [pool-2-thread-1] INFO  server.RaftServerConfigKeys (ConfUtils.java:logGet(46)) - raft.server.retrycache.expirytime = 60000ms (default)
2022-07-21 18:24:10,387 [pool-2-thread-1] INFO  server.RaftServerConfigKeys (ConfUtils.java:logGet(46)) - raft.server.retrycache.statistics.expirytime = 100μs (default)
2022-07-21 18:24:10,445 [pool-2-thread-1] INFO  server.RaftServerConfigKeys (ConfUtils.java:logGet(46)) - raft.server.log.appender.install.snapshot.enabled = false (custom)
2022-07-21 18:24:10,446 [pool-2-thread-1] INFO  server.RaftServerConfigKeys (ConfUtils.java:logGet(46)) - raft.server.threadpool.server.cached = true (default)
2022-07-21 18:24:10,448 [pool-2-thread-1] INFO  server.RaftServerConfigKeys (ConfUtils.java:logGet(46)) - raft.server.threadpool.server.size = 0 (default)
2022-07-21 18:24:10,448 [pool-2-thread-1] INFO  server.RaftServerConfigKeys (ConfUtils.java:logGet(46)) - raft.server.threadpool.client.cached = true (default)
2022-07-21 18:24:10,449 [pool-2-thread-1] INFO  server.RaftServerConfigKeys (ConfUtils.java:logGet(46)) - raft.server.threadpool.client.size = 0 (default)
2022-07-21 18:24:10,450 [6c219fae-6e05-4936-867a-162ef996a9c6-impl-thread1] INFO  server.RaftServer$Division (RaftServerImpl.java:start(310)) - 6c219fae-6e05-4936-867a-162ef996a9c6@group-DC8BB834FA26: start as a follower, conf=-1: [6c219fae-6e05-4936-867a-162ef996a9c6|rpc:localhost:35447|priority:0], old=null
2022-07-21 18:24:10,451 [6c219fae-6e05-4936-867a-162ef996a9c6-impl-thread1] INFO  server.RaftServer$Division (RaftServerImpl.java:setRole(299)) - 6c219fae-6e05-4936-867a-162ef996a9c6@group-DC8BB834FA26: changes role from      null to FOLLOWER at term 0 for startAsFollower
2022-07-21 18:24:10,452 [6c219fae-6e05-4936-867a-162ef996a9c6-impl-thread1] INFO  impl.RoleInfo (RoleInfo.java:updateAndGet(139)) - 6c219fae-6e05-4936-867a-162ef996a9c6: start 6c219fae-6e05-4936-867a-162ef996a9c6@group-DC8BB834FA26-FollowerState
2022-07-21 18:24:10,454 [6c219fae-6e05-4936-867a-162ef996a9c6-impl-thread1] INFO  util.JmxRegister (JmxRegister.java:tryRegister(44)) - Successfully registered JMX Bean with object name Ratis:service=RaftServer,group=group-DC8BB834FA26,id=6c219fae-6e05-4936-867a-162ef996a9c6
2022-07-21 18:24:10,466 [Time-limited test] INFO  server.RaftServer (RaftServerProxy.java:lambda$start$6(382)) - 6c219fae-6e05-4936-867a-162ef996a9c6: start RPC server
2022-07-21 18:24:10,556 [Time-limited test] INFO  server.GrpcService (GrpcService.java:startImpl(260)) - 6c219fae-6e05-4936-867a-162ef996a9c6: GrpcService started, listening on 35447
2022-07-21 18:24:10,568 [org.apache.ratis.util.JvmPauseMonitor$$Lambda$519/1846153014@78a8c3ad] INFO  util.JvmPauseMonitor (JvmPauseMonitor.java:run(103)) - JvmPauseMonitor-6c219fae-6e05-4936-867a-162ef996a9c6: Started
2022-07-21 18:24:15,528 [6c219fae-6e05-4936-867a-162ef996a9c6@group-DC8BB834FA26-FollowerState] INFO  impl.FollowerState (FollowerState.java:run(143)) - 6c219fae-6e05-4936-867a-162ef996a9c6@group-DC8BB834FA26-FollowerState: change to CANDIDATE, lastRpcElapsedTime:5076075076ns, electionTimeout:5069ms
2022-07-21 18:24:15,529 [6c219fae-6e05-4936-867a-162ef996a9c6@group-DC8BB834FA26-FollowerState] INFO  impl.RoleInfo (RoleInfo.java:shutdownFollowerState(110)) - 6c219fae-6e05-4936-867a-162ef996a9c6: shutdown 6c219fae-6e05-4936-867a-162ef996a9c6@group-DC8BB834FA26-FollowerState
2022-07-21 18:24:15,529 [6c219fae-6e05-4936-867a-162ef996a9c6@group-DC8BB834FA26-FollowerState] INFO  server.RaftServer$Division (RaftServerImpl.java:setRole(299)) - 6c219fae-6e05-4936-867a-162ef996a9c6@group-DC8BB834FA26: changes role from  FOLLOWER to CANDIDATE at term 0 for changeToCandidate
2022-07-21 18:24:15,533 [6c219fae-6e05-4936-867a-162ef996a9c6@group-DC8BB834FA26-FollowerState] INFO  server.RaftServerConfigKeys (ConfUtils.java:logGet(46)) - raft.server.leaderelection.pre-vote = false (custom)
2022-07-21 18:24:15,533 [6c219fae-6e05-4936-867a-162ef996a9c6@group-DC8BB834FA26-FollowerState] INFO  impl.RoleInfo (RoleInfo.java:updateAndGet(139)) - 6c219fae-6e05-4936-867a-162ef996a9c6: start 6c219fae-6e05-4936-867a-162ef996a9c6@group-DC8BB834FA26-LeaderElection1
2022-07-21 18:24:15,539 [6c219fae-6e05-4936-867a-162ef996a9c6@group-DC8BB834FA26-LeaderElection1] INFO  impl.LeaderElection (LeaderElection.java:askForVotes(310)) - 6c219fae-6e05-4936-867a-162ef996a9c6@group-DC8BB834FA26-LeaderElection1 ELECTION round 0: submit vote requests at term 1 for -1: [6c219fae-6e05-4936-867a-162ef996a9c6|rpc:localhost:35447|priority:0], old=null
2022-07-21 18:24:15,540 [6c219fae-6e05-4936-867a-162ef996a9c6@group-DC8BB834FA26-LeaderElection1] INFO  impl.LeaderElection (LeaderElection.java:askForVotes(312)) - 6c219fae-6e05-4936-867a-162ef996a9c6@group-DC8BB834FA26-LeaderElection1 ELECTION round 0: result PASSED (term=1)
2022-07-21 18:24:15,540 [6c219fae-6e05-4936-867a-162ef996a9c6@group-DC8BB834FA26-LeaderElection1] INFO  impl.RoleInfo (RoleInfo.java:shutdownLeaderElection(130)) - 6c219fae-6e05-4936-867a-162ef996a9c6: shutdown 6c219fae-6e05-4936-867a-162ef996a9c6@group-DC8BB834FA26-LeaderElection1
2022-07-21 18:24:15,541 [6c219fae-6e05-4936-867a-162ef996a9c6@group-DC8BB834FA26-LeaderElection1] INFO  server.RaftServer$Division (RaftServerImpl.java:setRole(299)) - 6c219fae-6e05-4936-867a-162ef996a9c6@group-DC8BB834FA26: changes role from CANDIDATE to LEADER at term 1 for changeToLeader
2022-07-21 18:24:15,541 [6c219fae-6e05-4936-867a-162ef996a9c6@group-DC8BB834FA26-LeaderElection1] INFO  server.RaftServer$Division (ServerState.java:setLeader(287)) - 6c219fae-6e05-4936-867a-162ef996a9c6@group-DC8BB834FA26: change Leader from null to 6c219fae-6e05-4936-867a-162ef996a9c6 at term 1 for becomeLeader, leader elected after 5340ms
2022-07-21 18:24:15,547 [6c219fae-6e05-4936-867a-162ef996a9c6@group-DC8BB834FA26-LeaderElection1] INFO  server.RaftServerConfigKeys (ConfUtils.java:logGet(46)) - raft.server.staging.catchup.gap = 1000 (default)
2022-07-21 18:24:15,552 [6c219fae-6e05-4936-867a-162ef996a9c6@group-DC8BB834FA26-LeaderElection1] INFO  server.RaftServerConfigKeys (ConfUtils.java:logGet(46)) - raft.server.write.element-limit = 4096 (default)
2022-07-21 18:24:15,553 [6c219fae-6e05-4936-867a-162ef996a9c6@group-DC8BB834FA26-LeaderElection1] INFO  server.RaftServerConfigKeys (ConfUtils.java:logGet(46)) - raft.server.write.byte-limit = 64MB (=67108864) (default)
2022-07-21 18:24:15,560 [6c219fae-6e05-4936-867a-162ef996a9c6@group-DC8BB834FA26-LeaderElection1] INFO  server.RaftServerConfigKeys (ConfUtils.java:logGet(46)) - raft.server.watch.timeout = 10s (default)
2022-07-21 18:24:15,561 [6c219fae-6e05-4936-867a-162ef996a9c6@group-DC8BB834FA26-LeaderElection1] INFO  server.RaftServerConfigKeys (ConfUtils.java:logGet(46)) - raft.server.watch.timeout.denomination = 1s (default)
2022-07-21 18:24:15,561 [6c219fae-6e05-4936-867a-162ef996a9c6@group-DC8BB834FA26-LeaderElection1] INFO  server.RaftServerConfigKeys (ConfUtils.java:logGet(46)) - raft.server.watch.element-limit = 65536 (default)
2022-07-21 18:24:15,566 [6c219fae-6e05-4936-867a-162ef996a9c6@group-DC8BB834FA26-LeaderElection1] INFO  server.RaftServerConfigKeys (ConfUtils.java:logGet(46)) - raft.server.write.element-limit = 4096 (default)
2022-07-21 18:24:15,568 [6c219fae-6e05-4936-867a-162ef996a9c6@group-DC8BB834FA26-LeaderElection1] INFO  server.RaftServerConfigKeys (ConfUtils.java:logGet(46)) - raft.server.write.follower.gap.ratio.max = -1.0 (default)
2022-07-21 18:24:15,571 [6c219fae-6e05-4936-867a-162ef996a9c6@group-DC8BB834FA26-LeaderElection1] INFO  impl.RoleInfo (RoleInfo.java:updateAndGet(139)) - 6c219fae-6e05-4936-867a-162ef996a9c6: start 6c219fae-6e05-4936-867a-162ef996a9c6@group-DC8BB834FA26-LeaderStateImpl
2022-07-21 18:24:15,597 [6c219fae-6e05-4936-867a-162ef996a9c6@group-DC8BB834FA26-LeaderElection1] INFO  segmented.SegmentedRaftLogWorker (SegmentedRaftLogWorker.java:startLogSegment(425)) - 6c219fae-6e05-4936-867a-162ef996a9c6@group-DC8BB834FA26-SegmentedRaftLogWorker: Starting segment from index:0
2022-07-21 18:24:15,640 [6c219fae-6e05-4936-867a-162ef996a9c6@group-DC8BB834FA26-LeaderElection1] INFO  server.RaftServer$Division (ServerState.java:setRaftConf(393)) - 6c219fae-6e05-4936-867a-162ef996a9c6@group-DC8BB834FA26: set configuration 0: [6c219fae-6e05-4936-867a-162ef996a9c6|rpc:localhost:35447|admin:|client:|dataStream:|priority:0], old=null
2022-07-21 18:24:15,681 [6c219fae-6e05-4936-867a-162ef996a9c6@group-DC8BB834FA26-SegmentedRaftLogWorker] INFO  segmented.SegmentedRaftLogWorker (SegmentedRaftLogWorker.java:execute(629)) - 6c219fae-6e05-4936-867a-162ef996a9c6@group-DC8BB834FA26-SegmentedRaftLogWorker: created new log segment /home/runner/work/ozone/ozone/hadoop-ozone/integration-test/target/test-dir/MiniOzoneClusterImpl-c56c5c68-8a55-4647-89a4-dc8bb834fa26/scmNode-1/scm-ha/c56c5c68-8a55-4647-89a4-dc8bb834fa26/current/log_inprogress_0
2022-07-21 18:24:16,565 [Time-limited test] INFO  server.RaftServer (RaftServerProxy.java:lambda$close$7(398)) - 6c219fae-6e05-4936-867a-162ef996a9c6: close
2022-07-21 18:24:16,567 [Time-limited test] INFO  server.RaftServer$Division (RaftServerImpl.java:lambda$close$4(434)) - 6c219fae-6e05-4936-867a-162ef996a9c6@group-DC8BB834FA26: shutdown
2022-07-21 18:24:16,568 [Time-limited test] INFO  util.JmxRegister (JmxRegister.java:unregister(73)) - Successfully un-registered JMX Bean with object name Ratis:service=RaftServer,group=group-DC8BB834FA26,id=6c219fae-6e05-4936-867a-162ef996a9c6
2022-07-21 18:24:16,568 [Time-limited test] INFO  impl.RoleInfo (RoleInfo.java:shutdownLeaderState(93)) - 6c219fae-6e05-4936-867a-162ef996a9c6: shutdown 6c219fae-6e05-4936-867a-162ef996a9c6@group-DC8BB834FA26-LeaderStateImpl
2022-07-21 18:24:16,577 [Time-limited test] INFO  impl.PendingRequests (PendingRequests.java:sendNotLeaderResponses(282)) - 6c219fae-6e05-4936-867a-162ef996a9c6@group-DC8BB834FA26-PendingRequests: sendNotLeaderResponses
2022-07-21 18:24:16,579 [Time-limited test] INFO  impl.StateMachineUpdater (StateMachineUpdater.java:stopAndJoin(153)) - 6c219fae-6e05-4936-867a-162ef996a9c6@group-DC8BB834FA26-StateMachineUpdater: set stopIndex = 0
2022-07-21 18:24:16,581 [6c219fae-6e05-4936-867a-162ef996a9c6@group-DC8BB834FA26-StateMachineUpdater] INFO  impl.StateMachineUpdater (StateMachineUpdater.java:takeSnapshot(287)) - 6c219fae-6e05-4936-867a-162ef996a9c6@group-DC8BB834FA26-StateMachineUpdater: Took a snapshot at index 0
2022-07-21 18:24:16,581 [6c219fae-6e05-4936-867a-162ef996a9c6@group-DC8BB834FA26-StateMachineUpdater] INFO  impl.StateMachineUpdater (StateMachineUpdater.java:lambda$new$0(92)) - 6c219fae-6e05-4936-867a-162ef996a9c6@group-DC8BB834FA26-StateMachineUpdater: snapshotIndex: updateIncreasingly -1 -> 0
2022-07-21 18:24:16,584 [Time-limited test] INFO  server.RaftServer$Division (ServerState.java:close(429)) - 6c219fae-6e05-4936-867a-162ef996a9c6@group-DC8BB834FA26: closes. applyIndex: 0
2022-07-21 18:24:16,586 [6c219fae-6e05-4936-867a-162ef996a9c6@group-DC8BB834FA26-SegmentedRaftLogWorker] INFO  segmented.SegmentedRaftLogWorker (SegmentedRaftLogWorker.java:run(336)) - 6c219fae-6e05-4936-867a-162ef996a9c6@group-DC8BB834FA26-SegmentedRaftLogWorker was interrupted, exiting. There are 0 tasks remaining in the queue.
2022-07-21 18:24:16,591 [Time-limited test] INFO  segmented.SegmentedRaftLogWorker (SegmentedRaftLogWorker.java:close(246)) - 6c219fae-6e05-4936-867a-162ef996a9c6@group-DC8BB834FA26-SegmentedRaftLogWorker close()
2022-07-21 18:24:16,592 [Time-limited test] INFO  server.GrpcService (GrpcService.java:closeImpl(269)) - 6c219fae-6e05-4936-867a-162ef996a9c6: shutdown server with port 35447 now
2022-07-21 18:24:16,612 [Time-limited test] INFO  server.GrpcService (GrpcService.java:closeImpl(278)) - 6c219fae-6e05-4936-867a-162ef996a9c6: shutdown server with port 35447 successfully
2022-07-21 18:24:16,612 [org.apache.ratis.util.JvmPauseMonitor$$Lambda$519/1846153014@78a8c3ad] INFO  util.JvmPauseMonitor (JvmPauseMonitor.java:run(109)) - JvmPauseMonitor-6c219fae-6e05-4936-867a-162ef996a9c6: Stopped
2022-07-21 18:24:16,613 [Time-limited test] WARN  server.ServerUtils (ServerUtils.java:getScmDbDir(148)) - ozone.scm.db.dirs is not configured. We recommend adding this setting. Falling back to ozone.metadata.dirs instead.
2022-07-21 18:24:16,616 [Time-limited test] INFO  server.StorageContainerManager (StorageContainerManager.java:scmInit(1232)) - SCM initialization succeeded. Current cluster id for sd=/home/runner/work/ozone/ozone/hadoop-ozone/integration-test/target/test-dir/MiniOzoneClusterImpl-c56c5c68-8a55-4647-89a4-dc8bb834fa26/scmNode-1/scm; cid=c56c5c68-8a55-4647-89a4-dc8bb834fa26; layoutVersion=4; scmId=6c219fae-6e05-4936-867a-162ef996a9c6
2022-07-21 18:24:16,627 [Time-limited test] WARN  server.ServerUtils (ServerUtils.java:getScmDbDir(148)) - ozone.scm.db.dirs is not configured. We recommend adding this setting. Falling back to ozone.metadata.dirs instead.
2022-07-21 18:24:16,627 [Time-limited test] INFO  ha.SCMHANodeDetails (SCMHANodeDetails.java:loadSCMHAConfig(209)) - ServiceID for StorageContainerManager is scmServiceId
2022-07-21 18:24:16,627 [Time-limited test] INFO  ha.SCMHANodeDetails (SCMHANodeDetails.java:loadSCMHAConfig(220)) - ServiceID for StorageContainerManager is scmServiceId
2022-07-21 18:24:16,628 [Time-limited test] WARN  scm.ScmUtils (ScmUtils.java:logWarn(179)) - ConfigKey ozone.scm.block.client.address is deprecated, For configuring different ports for each SCM use PortConfigKey ozone.scm.block.client.port appended with serviceId and nodeId. If want to configure same port configure ozone.scm.block.client.port
2022-07-21 18:24:16,628 [Time-limited test] WARN  scm.ScmUtils (ScmUtils.java:logWarn(179)) - ConfigKey ozone.scm.client.address is deprecated, For configuring different ports for each SCM use PortConfigKey ozone.scm.client.port appended with serviceId and nodeId. If want to configure same port configure ozone.scm.client.port
2022-07-21 18:24:16,628 [Time-limited test] WARN  scm.ScmUtils (ScmUtils.java:logWarn(179)) - ConfigKey ozone.scm.datanode.address is deprecated, For configuring different ports for each SCM use PortConfigKey ozone.scm.datanode.port appended with serviceId and nodeId. If want to configure same port configure ozone.scm.datanode.port
2022-07-21 18:24:16,629 [Time-limited test] WARN  scm.ScmUtils (ScmUtils.java:logWarn(179)) - ConfigKey ozone.scm.block.client.address is deprecated, For configuring different ports for each SCM use PortConfigKey ozone.scm.block.client.port appended with serviceId and nodeId. If want to configure same port configure ozone.scm.block.client.port
2022-07-21 18:24:16,629 [Time-limited test] WARN  scm.ScmUtils (ScmUtils.java:logWarn(179)) - ConfigKey ozone.scm.client.address is deprecated, For configuring different ports for each SCM use PortConfigKey ozone.scm.client.port appended with serviceId and nodeId. If want to configure same port configure ozone.scm.client.port
2022-07-21 18:24:16,629 [Time-limited test] WARN  scm.ScmUtils (ScmUtils.java:logWarn(179)) - ConfigKey ozone.scm.datanode.address is deprecated, For configuring different ports for each SCM use PortConfigKey ozone.scm.datanode.port appended with serviceId and nodeId. If want to configure same port configure ozone.scm.datanode.port
2022-07-21 18:24:16,629 [Time-limited test] INFO  ha.SCMHANodeDetails (SCMHANodeDetails.java:loadSCMHAConfig(307)) - Found matching SCM address with SCMServiceId: scmServiceId, SCMNodeId: scmNode-1, RPC Address: localhost:35447 and Ratis port: 35447
2022-07-21 18:24:16,630 [Time-limited test] INFO  ha.SCMHANodeDetails (ConfUtils.java:setNodeSpecificConfigs(97)) - Setting configuration key ozone.scm.datanode.address with value of key ozone.scm.datanode.address.scmServiceId.scmNode-1: 127.0.0.1:44825
2022-07-21 18:24:16,630 [Time-limited test] INFO  ha.SCMHANodeDetails (ConfUtils.java:setNodeSpecificConfigs(97)) - Setting configuration key ozone.scm.block.client.address with value of key ozone.scm.block.client.address.scmServiceId.scmNode-1: 127.0.0.1:37887
2022-07-21 18:24:16,630 [Time-limited test] INFO  ha.SCMHANodeDetails (ConfUtils.java:setNodeSpecificConfigs(97)) - Setting configuration key ozone.scm.client.address with value of key ozone.scm.client.address.scmServiceId.scmNode-1: 127.0.0.1:46107
2022-07-21 18:24:16,630 [Time-limited test] INFO  ha.SCMHANodeDetails (ConfUtils.java:setNodeSpecificConfigs(97)) - Setting configuration key ozone.scm.ratis.port with value of key ozone.scm.ratis.port.scmServiceId.scmNode-1: 35447
2022-07-21 18:24:16,630 [Time-limited test] INFO  ha.SCMHANodeDetails (ConfUtils.java:setNodeSpecificConfigs(97)) - Setting configuration key ozone.scm.grpc.port with value of key ozone.scm.grpc.port.scmServiceId.scmNode-1: 33725
2022-07-21 18:24:16,631 [Time-limited test] INFO  ha.SCMHANodeDetails (ConfUtils.java:setNodeSpecificConfigs(97)) - Setting configuration key ozone.scm.http-address with value of key ozone.scm.http-address.scmServiceId.scmNode-1: 127.0.0.1:44819
2022-07-21 18:24:16,631 [Time-limited test] INFO  ha.SCMHANodeDetails (ConfUtils.java:setNodeSpecificConfigs(97)) - Setting configuration key ozone.scm.https-address with value of key ozone.scm.https-address.scmServiceId.scmNode-1: 127.0.0.1:37745
2022-07-21 18:24:16,631 [Time-limited test] INFO  ha.SCMHANodeDetails (ConfUtils.java:setNodeSpecificConfigs(97)) - Setting configuration key ozone.scm.address with value of key ozone.scm.address.scmServiceId.scmNode-1: 127.0.0.1
2022-07-21 18:24:16,631 [Time-limited test] WARN  scm.ScmUtils (ScmUtils.java:logWarn(179)) - ConfigKey ozone.scm.block.client.address is deprecated, For configuring different ports for each SCM use PortConfigKey ozone.scm.block.client.port appended with serviceId and nodeId. If want to configure same port configure ozone.scm.block.client.port
2022-07-21 18:24:16,631 [Time-limited test] WARN  scm.ScmUtils (ScmUtils.java:logWarn(179)) - ConfigKey ozone.scm.client.address is deprecated, For configuring different ports for each SCM use PortConfigKey ozone.scm.client.port appended with serviceId and nodeId. If want to configure same port configure ozone.scm.client.port
2022-07-21 18:24:16,631 [Time-limited test] WARN  scm.ScmUtils (ScmUtils.java:logWarn(179)) - ConfigKey ozone.scm.datanode.address is deprecated, For configuring different ports for each SCM use PortConfigKey ozone.scm.datanode.port appended with serviceId and nodeId. If want to configure same port configure ozone.scm.datanode.port
2022-07-21 18:24:17,072 [Time-limited test] WARN  utils.HAUtils (HAUtils.java:getMetaDir(342)) - ozone.scm.db.dirs is not configured. We recommend adding this setting. Falling back to ozone.metadata.dirs instead.
2022-07-21 18:24:17,241 [Time-limited test] WARN  db.DBStoreBuilder (DBStoreBuilder.java:applyDBDefinition(145)) - ozone.scm.db.dirs is not configured. We recommend adding this setting. Falling back to ozone.metadata.dirs instead.
2022-07-21 18:24:17,553 [Time-limited test] INFO  net.NodeSchemaLoader (NodeSchemaLoader.java:loadSchemaFromFile(129)) - Loading schema from [jar:file:/home/runner/.m2/repository/org/apache/ozone/hdds-common/1.3.0-SNAPSHOT/hdds-common-1.3.0-SNAPSHOT.jar!/network-topology-default.xml]
2022-07-21 18:24:17,555 [Time-limited test] INFO  net.NodeSchemaLoader (NodeSchemaLoader.java:loadSchema(176)) - Loading network topology layer schema file
2022-07-21 18:24:17,611 [Time-limited test] INFO  ha.SCMRatisServerImpl (SCMRatisServerImpl.java:<init>(88)) - starting Raft server for scm:6c219fae-6e05-4936-867a-162ef996a9c6
2022-07-21 18:24:17,616 [Time-limited test] INFO  server.RaftServer (ConfUtils.java:logGet(46)) - raft.rpc.type = GRPC (default)
2022-07-21 18:24:17,616 [Time-limited test] INFO  grpc.GrpcFactory (GrpcFactory.java:checkPooledByteBufAllocatorUseCacheForAllThreads(48)) - PERFORMANCE WARNING: useCacheForAllThreads is true that may cause Netty to create a lot garbage objects and, as a result, trigger GC.
	It is recommended to disable useCacheForAllThreads by setting -Dorg.apache.ratis.thirdparty.io.netty.allocator.useCacheForAllThreads=false in command line.
2022-07-21 18:24:17,616 [Time-limited test] INFO  grpc.GrpcConfigKeys (ConfUtils.java:logGet(46)) - raft.grpc.admin.port = -1 (default)
2022-07-21 18:24:17,616 [Time-limited test] INFO  grpc.GrpcConfigKeys (ConfUtils.java:logGet(46)) - raft.grpc.server.port = 35447 (custom)
2022-07-21 18:24:17,617 [Time-limited test] INFO  grpc.GrpcConfigKeys (ConfUtils.java:logGet(46)) - raft.grpc.client.port = -1 (default)
2022-07-21 18:24:17,617 [Time-limited test] INFO  grpc.GrpcConfigKeys (ConfUtils.java:logGet(46)) - raft.grpc.server.port = 35447 (custom)
2022-07-21 18:24:17,617 [Time-limited test] INFO  grpc.GrpcConfigKeys (ConfUtils.java:logGet(46)) - raft.grpc.server.port = 35447 (custom)
2022-07-21 18:24:17,617 [Time-limited test] INFO  server.GrpcService (ConfUtils.java:logGet(46)) - raft.grpc.message.size.max = 32m (=33554432) (custom)
2022-07-21 18:24:17,617 [Time-limited test] INFO  server.RaftServerConfigKeys (ConfUtils.java:logGet(46)) - raft.server.log.appender.buffer.byte-limit = 33554432 (custom)
2022-07-21 18:24:17,617 [Time-limited test] INFO  server.GrpcService (ConfUtils.java:logGet(46)) - raft.grpc.flow.control.window = 1MB (=1048576) (default)
2022-07-21 18:24:17,618 [Time-limited test] INFO  server.RaftServerConfigKeys (ConfUtils.java:logGet(46)) - raft.server.rpc.request.timeout = 30000ms (custom)
2022-07-21 18:24:17,618 [Time-limited test] INFO  grpc.GrpcConfigKeys (ConfUtils.java:logGet(46)) - raft.grpc.server.async.request.thread.pool.cached = true (default)
2022-07-21 18:24:17,618 [Time-limited test] INFO  grpc.GrpcConfigKeys (ConfUtils.java:logGet(46)) - raft.grpc.server.async.request.thread.pool.size = 32 (default)
2022-07-21 18:24:17,626 [Time-limited test] INFO  impl.DataStreamServerImpl (ConfUtils.java:logGet(46)) - raft.datastream.type = DISABLED (default)
2022-07-21 18:24:17,627 [Time-limited test] INFO  server.RaftServerConfigKeys (ConfUtils.java:logGet(46)) - raft.server.threadpool.proxy.cached = true (default)
2022-07-21 18:24:17,627 [Time-limited test] INFO  server.RaftServerConfigKeys (ConfUtils.java:logGet(46)) - raft.server.threadpool.proxy.size = 0 (default)
2022-07-21 18:24:17,627 [Time-limited test] INFO  server.RaftServerConfigKeys (ConfUtils.java:logGet(46)) - raft.server.rpc.slowness.timeout = 120000ms (custom)
2022-07-21 18:24:17,627 [Time-limited test] INFO  server.RaftServerConfigKeys (ConfUtils.java:logGet(46)) - raft.server.leaderelection.leader.step-down.wait-time = 10s (default)
2022-07-21 18:24:17,628 [Time-limited test] INFO  server.RaftServerConfigKeys (ConfUtils.java:logGet(46)) - raft.server.storage.dir = [/home/runner/work/ozone/ozone/hadoop-ozone/integration-test/target/test-dir/MiniOzoneClusterImpl-c56c5c68-8a55-4647-89a4-dc8bb834fa26/scmNode-1/scm-ha] (custom)
2022-07-21 18:24:17,638 [6c219fae-6e05-4936-867a-162ef996a9c6-impl-thread1] INFO  server.RaftServer (RaftServerProxy.java:initGroupDir(247)) - 6c219fae-6e05-4936-867a-162ef996a9c6: found a subdirectory /home/runner/work/ozone/ozone/hadoop-ozone/integration-test/target/test-dir/MiniOzoneClusterImpl-c56c5c68-8a55-4647-89a4-dc8bb834fa26/scmNode-1/scm-ha/c56c5c68-8a55-4647-89a4-dc8bb834fa26
2022-07-21 18:24:17,646 [Time-limited test] INFO  server.RaftServer (RaftServerProxy.java:addNew(96)) - 6c219fae-6e05-4936-867a-162ef996a9c6: addNew group-DC8BB834FA26:[] returns group-DC8BB834FA26:java.util.concurrent.CompletableFuture@17e63d00[Not completed]
2022-07-21 18:24:17,655 [pool-19-thread-1] INFO  server.RaftServer$Division (RaftServerImpl.java:<init>(190)) - 6c219fae-6e05-4936-867a-162ef996a9c6: new RaftServerImpl for group-DC8BB834FA26:[] with SCMStateMachine:uninitialized
2022-07-21 18:24:17,655 [pool-19-thread-1] INFO  server.RaftServerConfigKeys (ConfUtils.java:logGet(46)) - raft.server.rpc.timeout.min = 5000ms (custom)
2022-07-21 18:24:17,655 [pool-19-thread-1] INFO  server.RaftServerConfigKeys (ConfUtils.java:logGet(46)) - raft.server.rpc.timeout.max = 5200ms (custom)
2022-07-21 18:24:17,655 [pool-19-thread-1] INFO  server.RaftServerConfigKeys (ConfUtils.java:logGet(46)) - raft.server.rpc.sleep.time = 25ms (default)
2022-07-21 18:24:17,655 [pool-19-thread-1] INFO  server.RaftServerConfigKeys (ConfUtils.java:logGet(46)) - raft.server.rpc.slowness.timeout = 120000ms (custom)
2022-07-21 18:24:17,655 [pool-19-thread-1] INFO  server.RaftServerConfigKeys (ConfUtils.java:logGet(46)) - raft.server.leaderelection.leader.step-down.wait-time = 10s (default)
2022-07-21 18:24:17,656 [pool-19-thread-1] INFO  server.RaftServerConfigKeys (ConfUtils.java:logGet(46)) - raft.server.sleep.deviation.threshold = 300ms (default)
2022-07-21 18:24:17,656 [pool-19-thread-1] INFO  server.RaftServer$Division (ServerState.java:<init>(107)) - 6c219fae-6e05-4936-867a-162ef996a9c6@group-DC8BB834FA26: ConfigurationManager, init=-1: [], old=null, confs=<EMPTY_MAP>
2022-07-21 18:24:17,656 [pool-19-thread-1] INFO  server.RaftServerConfigKeys (ConfUtils.java:logGet(46)) - raft.server.storage.dir = [/home/runner/work/ozone/ozone/hadoop-ozone/integration-test/target/test-dir/MiniOzoneClusterImpl-c56c5c68-8a55-4647-89a4-dc8bb834fa26/scmNode-1/scm-ha] (custom)
2022-07-21 18:24:17,656 [pool-19-thread-1] INFO  server.RaftServerConfigKeys (ConfUtils.java:logGet(46)) - raft.server.log.corruption.policy = EXCEPTION (default)
2022-07-21 18:24:17,656 [pool-19-thread-1] INFO  server.RaftServerConfigKeys (ConfUtils.java:logGet(46)) - raft.server.storage.free-space.min = 0MB (=0) (default)
2022-07-21 18:24:17,663 [pool-19-thread-1] INFO  storage.RaftStorageDirectory (RaftStorageDirectoryImpl.java:tryLock(230)) - Lock on /home/runner/work/ozone/ozone/hadoop-ozone/integration-test/target/test-dir/MiniOzoneClusterImpl-c56c5c68-8a55-4647-89a4-dc8bb834fa26/scmNode-1/scm-ha/c56c5c68-8a55-4647-89a4-dc8bb834fa26/in_use.lock acquired by nodename 21952@fv-az378-305
2022-07-21 18:24:17,664 [pool-19-thread-1] INFO  storage.RaftStorage (RaftStorageImpl.java:analyzeAndRecoverStorage(110)) - Read RaftStorageMetadata{term=1, votedFor=6c219fae-6e05-4936-867a-162ef996a9c6} from /home/runner/work/ozone/ozone/hadoop-ozone/integration-test/target/test-dir/MiniOzoneClusterImpl-c56c5c68-8a55-4647-89a4-dc8bb834fa26/scmNode-1/scm-ha/c56c5c68-8a55-4647-89a4-dc8bb834fa26/current/raft-meta
2022-07-21 18:24:17,674 [pool-19-thread-1] INFO  server.RaftServer$Division (ServerState.java:setRaftConf(393)) - 6c219fae-6e05-4936-867a-162ef996a9c6@group-DC8BB834FA26: set configuration 0: [6c219fae-6e05-4936-867a-162ef996a9c6|rpc:localhost:35447|admin:|client:|dataStream:|priority:0], old=null
2022-07-21 18:24:17,674 [pool-19-thread-1] INFO  server.RaftServerConfigKeys (ConfUtils.java:logGet(46)) - raft.server.notification.no-leader.timeout = 60s (default)
2022-07-21 18:24:17,674 [pool-19-thread-1] INFO  server.RaftServerConfigKeys (ConfUtils.java:logGet(46)) - raft.server.log.use.memory = false (default)
2022-07-21 18:24:17,674 [pool-19-thread-1] INFO  server.RaftServerConfigKeys (ConfUtils.java:logGet(46)) - raft.server.log.purge.gap = 1000000 (custom)
2022-07-21 18:24:17,674 [pool-19-thread-1] INFO  server.RaftServerConfigKeys (ConfUtils.java:logGet(46)) - raft.server.log.appender.buffer.byte-limit = 33554432 (custom)
2022-07-21 18:24:17,674 [pool-19-thread-1] INFO  server.RaftServerConfigKeys (ConfUtils.java:logGet(46)) - raft.server.log.statemachine.data.read.timeout = 1000ms (default)
2022-07-21 18:24:17,677 [pool-19-thread-1] INFO  server.RaftServerConfigKeys (ConfUtils.java:logGet(46)) - raft.server.log.segment.size.max = 4194304 (custom)
2022-07-21 18:24:17,678 [pool-19-thread-1] INFO  server.RaftServerConfigKeys (ConfUtils.java:logGet(46)) - raft.server.log.segment.cache.num.max = 2 (custom)
2022-07-21 18:24:17,678 [pool-19-thread-1] INFO  server.RaftServerConfigKeys (ConfUtils.java:logGet(46)) - raft.server.log.segment.cache.size.max = 200MB (=209715200) (default)
2022-07-21 18:24:17,678 [pool-19-thread-1] INFO  segmented.SegmentedRaftLogWorker (SegmentedRaftLogWorker.java:<init>(187)) - new 6c219fae-6e05-4936-867a-162ef996a9c6@group-DC8BB834FA26-SegmentedRaftLogWorker for RaftStorageImpl:Storage Directory /home/runner/work/ozone/ozone/hadoop-ozone/integration-test/target/test-dir/MiniOzoneClusterImpl-c56c5c68-8a55-4647-89a4-dc8bb834fa26/scmNode-1/scm-ha/c56c5c68-8a55-4647-89a4-dc8bb834fa26
2022-07-21 18:24:17,678 [pool-19-thread-1] INFO  server.RaftServerConfigKeys (ConfUtils.java:logGet(46)) - raft.server.log.queue.byte-limit = 64MB (=67108864) (default)
2022-07-21 18:24:17,678 [pool-19-thread-1] INFO  server.RaftServerConfigKeys (ConfUtils.java:logGet(46)) - raft.server.log.queue.element-limit = 4096 (default)
2022-07-21 18:24:17,679 [pool-19-thread-1] INFO  server.RaftServerConfigKeys (ConfUtils.java:logGet(46)) - raft.server.log.segment.size.max = 4194304 (custom)
2022-07-21 18:24:17,679 [pool-19-thread-1] INFO  server.RaftServerConfigKeys (ConfUtils.java:logGet(46)) - raft.server.log.preallocated.size = 4194304 (custom)
2022-07-21 18:24:17,679 [pool-19-thread-1] INFO  server.RaftServerConfigKeys (ConfUtils.java:logGet(46)) - raft.server.log.force.sync.num = 128 (default)
2022-07-21 18:24:17,679 [pool-19-thread-1] INFO  server.RaftServerConfigKeys (ConfUtils.java:logGet(46)) - raft.server.log.statemachine.data.sync = true (default)
2022-07-21 18:24:17,680 [pool-19-thread-1] INFO  server.RaftServerConfigKeys (ConfUtils.java:logGet(46)) - raft.server.log.statemachine.data.sync.timeout = 10s (default)
2022-07-21 18:24:17,681 [pool-19-thread-1] INFO  server.RaftServerConfigKeys (ConfUtils.java:logGet(46)) - raft.server.log.statemachine.data.sync.timeout.retry = -1 (default)
2022-07-21 18:24:17,682 [pool-19-thread-1] INFO  server.RaftServerConfigKeys (ConfUtils.java:logGet(46)) - raft.server.log.write.buffer.size = 64KB (=65536) (default)
2022-07-21 18:24:17,684 [pool-19-thread-1] INFO  server.RaftServerConfigKeys (ConfUtils.java:logGet(46)) - raft.server.log.unsafe-flush.enabled = false (default)
2022-07-21 18:24:17,684 [pool-19-thread-1] INFO  server.RaftServerConfigKeys (ConfUtils.java:logGet(46)) - raft.server.log.statemachine.data.caching.enabled = false (default)
2022-07-21 18:24:17,692 [pool-19-thread-1] INFO  server.RaftServer$Division (ServerState.java:setRaftConf(393)) - 6c219fae-6e05-4936-867a-162ef996a9c6@group-DC8BB834FA26: set configuration 0: [6c219fae-6e05-4936-867a-162ef996a9c6|rpc:localhost:35447|admin:|client:|dataStream:|priority:0], old=null
2022-07-21 18:24:17,692 [pool-19-thread-1] INFO  segmented.LogSegment (LogSegment.java:loadSegment(173)) - Successfully read 1 entries from segment file /home/runner/work/ozone/ozone/hadoop-ozone/integration-test/target/test-dir/MiniOzoneClusterImpl-c56c5c68-8a55-4647-89a4-dc8bb834fa26/scmNode-1/scm-ha/c56c5c68-8a55-4647-89a4-dc8bb834fa26/current/log_inprogress_0
2022-07-21 18:24:17,692 [pool-19-thread-1] INFO  segmented.SegmentedRaftLogWorker (SegmentedRaftLogWorker.java:lambda$new$0(135)) - 6c219fae-6e05-4936-867a-162ef996a9c6@group-DC8BB834FA26-SegmentedRaftLogWorker: flushIndex: setUnconditionally 0 -> 0
2022-07-21 18:24:17,693 [pool-19-thread-1] INFO  segmented.SegmentedRaftLogWorker (SegmentedRaftLogWorker.java:lambda$new$0(135)) - 6c219fae-6e05-4936-867a-162ef996a9c6@group-DC8BB834FA26-SegmentedRaftLogWorker: safeCacheEvictIndex: setUnconditionally 0 -> -1
2022-07-21 18:24:17,693 [pool-19-thread-1] INFO  server.RaftServerConfigKeys (ConfUtils.java:logGet(46)) - raft.server.snapshot.auto.trigger.enabled = true (custom)
2022-07-21 18:24:17,693 [pool-19-thread-1] INFO  server.RaftServerConfigKeys (ConfUtils.java:logGet(46)) - raft.server.snapshot.auto.trigger.threshold = 1000 (custom)
2022-07-21 18:24:17,693 [pool-19-thread-1] INFO  server.RaftServerConfigKeys (ConfUtils.java:logGet(46)) - raft.server.snapshot.retention.file.num = -1 (default)
2022-07-21 18:24:17,693 [pool-19-thread-1] INFO  server.RaftServerConfigKeys (ConfUtils.java:logGet(46)) - raft.server.log.purge.upto.snapshot.index = false (default)
2022-07-21 18:24:17,693 [pool-19-thread-1] INFO  server.RaftServerConfigKeys (ConfUtils.java:logGet(46)) - raft.server.retrycache.expirytime = 60000ms (default)
2022-07-21 18:24:17,694 [pool-19-thread-1] INFO  server.RaftServerConfigKeys (ConfUtils.java:logGet(46)) - raft.server.retrycache.statistics.expirytime = 100μs (default)
2022-07-21 18:24:17,695 [pool-19-thread-1] INFO  server.RaftServerConfigKeys (ConfUtils.java:logGet(46)) - raft.server.log.appender.install.snapshot.enabled = false (custom)
2022-07-21 18:24:17,695 [pool-19-thread-1] INFO  server.RaftServerConfigKeys (ConfUtils.java:logGet(46)) - raft.server.threadpool.server.cached = true (default)
2022-07-21 18:24:17,695 [pool-19-thread-1] INFO  server.RaftServerConfigKeys (ConfUtils.java:logGet(46)) - raft.server.threadpool.server.size = 0 (default)
2022-07-21 18:24:17,695 [pool-19-thread-1] INFO  server.RaftServerConfigKeys (ConfUtils.java:logGet(46)) - raft.server.threadpool.client.cached = true (default)
2022-07-21 18:24:17,695 [pool-19-thread-1] INFO  server.RaftServerConfigKeys (ConfUtils.java:logGet(46)) - raft.server.threadpool.client.size = 0 (default)
2022-07-21 18:24:17,697 [Time-limited test] INFO  ha.SCMSnapshotProvider (SCMSnapshotProvider.java:<init>(66)) - Initializing SCM Snapshot Provider
2022-07-21 18:24:17,697 [Time-limited test] WARN  server.ServerUtils (ServerUtils.java:getDefaultRatisDirectory(237)) - Storage directory for Ratis is not configured. It is a good idea to map this to an SSD disk. Falling back to ozone.metadata.dirs
2022-07-21 18:24:17,697 [Time-limited test] WARN  ha.SCMHAUtils (SCMHAUtils.java:getSCMRatisSnapshotDirectory(153)) - SCM snapshot dir is not configured. Falling back to ozone.metadata.dirs config
2022-07-21 18:24:17,800 [Time-limited test] INFO  upgrade.AbstractLayoutVersionManager (AbstractLayoutVersionManager.java:init(83)) - Initializing Layout version manager with metadata layout = DATANODE_SCHEMA_V3 (version = 4), software layout = DATANODE_SCHEMA_V3 (version = 4)
2022-07-21 18:24:17,993 [Time-limited test] INFO  reflections.Reflections (Reflections.java:scan(232)) - Reflections took 163 ms to scan 7 urls, producing 132 keys and 321 values 
2022-07-21 18:24:18,097 [Time-limited test] INFO  ha.SequenceIdGenerator (SequenceIdGenerator.java:upgradeToSequenceId(349)) - upgrade localId to 109611004723200000
2022-07-21 18:24:18,097 [Time-limited test] INFO  ha.SequenceIdGenerator (SequenceIdGenerator.java:upgradeToSequenceId(359)) - upgrade delTxnId to 0
2022-07-21 18:24:18,101 [Time-limited test] INFO  ha.SequenceIdGenerator (SequenceIdGenerator.java:upgradeToSequenceId(376)) - upgrade containerId to 0
2022-07-21 18:24:18,103 [Time-limited test] INFO  ha.SequenceIdGenerator (SequenceIdGenerator.java:<init>(220)) - Init the HA SequenceIdGenerator.
2022-07-21 18:24:18,159 [Time-limited test] INFO  node.SCMNodeManager (SCMNodeManager.java:<init>(149)) - Entering startup safe mode.
2022-07-21 18:24:18,234 [Time-limited test] INFO  algorithms.ContainerPlacementPolicyFactory (ContainerPlacementPolicyFactory.java:getPolicyInternal(86)) - Create container placement policy of type org.apache.hadoop.hdds.scm.container.placement.algorithms.SCMContainerPlacementRandom
2022-07-21 18:24:18,242 [Time-limited test] INFO  pipeline.PipelineStateManagerImpl (PipelineStateManagerImpl.java:initialize(78)) - No pipeline exists in current db
2022-07-21 18:24:18,277 [Time-limited test] INFO  algorithms.LeaderChoosePolicyFactory (LeaderChoosePolicyFactory.java:getPolicy(57)) - Create leader choose policy of type org.apache.hadoop.hdds.scm.pipeline.leader.choose.algorithms.MinLeaderCountChoosePolicy
2022-07-21 18:24:18,279 [Time-limited test] INFO  algorithms.ContainerPlacementPolicyFactory (ContainerPlacementPolicyFactory.java:getPolicyInternal(86)) - Create container placement policy of type org.apache.hadoop.hdds.scm.container.placement.algorithms.SCMContainerPlacementRackScatter
2022-07-21 18:24:18,286 [Time-limited test] INFO  ha.SCMServiceManager (SCMServiceManager.java:register(42)) - Registering service BackgroundPipelineCreator.
2022-07-21 18:24:18,286 [Time-limited test] INFO  pipeline.BackgroundPipelineCreator (BackgroundPipelineCreator.java:start(124)) - Starting RatisPipelineUtilsThread.
2022-07-21 18:24:18,289 [Time-limited test] INFO  BackgroundPipelineScrubber (BackgroundSCMService.java:start(68)) - Starting BackgroundPipelineScrubber Service.
2022-07-21 18:24:18,298 [Time-limited test] INFO  ha.SCMServiceManager (SCMServiceManager.java:register(42)) - Registering service BackgroundPipelineScrubber.
2022-07-21 18:24:18,304 [Time-limited test] INFO  ExpiredContainerReplicaOpScrubber (BackgroundSCMService.java:start(68)) - Starting ExpiredContainerReplicaOpScrubber Service.
2022-07-21 18:24:18,305 [Time-limited test] INFO  ha.SCMServiceManager (SCMServiceManager.java:register(42)) - Registering service ExpiredContainerReplicaOpScrubber.
2022-07-21 18:24:18,338 [Time-limited test] INFO  algorithms.PipelineChoosePolicyFactory (PipelineChoosePolicyFactory.java:createPipelineChoosePolicyFromClass(73)) - Create pipeline choose policy of type org.apache.hadoop.hdds.scm.pipeline.choose.algorithms.RandomPipelineChoosePolicy
2022-07-21 18:24:18,358 [Time-limited test] INFO  ha.SCMServiceManager (SCMServiceManager.java:register(42)) - Registering service SCMBlockDeletingService.
2022-07-21 18:24:18,413 [Time-limited test] INFO  replication.ReplicationManager (ReplicationManager.java:start(200)) - Starting Replication Monitor Thread.
2022-07-21 18:24:18,435 [ReplicationMonitor] INFO  replication.ReplicationManager (ReplicationManager.java:processAll(249)) - Replication Manager is not ready to run until 300000ms after safemode exit
2022-07-21 18:24:18,442 [Time-limited test] INFO  UnderReplicatedQueueThread (BackgroundSCMService.java:start(68)) - Starting UnderReplicatedQueueThread Service.
2022-07-21 18:24:18,446 [Time-limited test] INFO  ha.SCMServiceManager (SCMServiceManager.java:register(42)) - Registering service UnderReplicatedQueueThread.
2022-07-21 18:24:18,448 [Time-limited test] INFO  OverReplicatedQueueThread (BackgroundSCMService.java:start(68)) - Starting OverReplicatedQueueThread Service.
2022-07-21 18:24:18,454 [Time-limited test] INFO  ha.SCMServiceManager (SCMServiceManager.java:register(42)) - Registering service OverReplicatedQueueThread.
2022-07-21 18:24:18,454 [Time-limited test] INFO  ha.SCMServiceManager (SCMServiceManager.java:register(42)) - Registering service ReplicationManager.
2022-07-21 18:24:18,471 [Time-limited test] INFO  safemode.ContainerSafeModeRule (ContainerSafeModeRule.java:<init>(89)) - containers with one replica threshold count 0
2022-07-21 18:24:18,475 [Time-limited test] INFO  safemode.HealthyPipelineSafeModeRule (HealthyPipelineSafeModeRule.java:initializeRule(169)) - Total pipeline count is 0, healthy pipeline threshold count is 1
2022-07-21 18:24:18,477 [Time-limited test] INFO  safemode.OneReplicaPipelineSafeModeRule (OneReplicaPipelineSafeModeRule.java:initializeRule(180)) - Total pipeline count is 0, pipeline's with at least one datanode reported threshold count is 0
2022-07-21 18:24:18,845 [Time-limited test] INFO  audit.AuditLogger (AuditLogger.java:refreshDebugCmdSet(126)) - Refresh DebugCmdSet for SCMAudit to [].
2022-07-21 18:24:18,881 [Time-limited test] INFO  ipc.CallQueueManager (CallQueueManager.java:<init>(90)) - Using callQueue: class java.util.concurrent.LinkedBlockingQueue, queueCapacity: 10000, scheduler: class org.apache.hadoop.ipc.DefaultRpcScheduler, ipcBackoff: false.
2022-07-21 18:24:18,921 [Socket Reader #1 for port 44825] INFO  ipc.Server (Server.java:run(1265)) - Starting Socket Reader #1 for port 44825
2022-07-21 18:24:18,979 [Listener at 0.0.0.0/44825] INFO  audit.AuditLogger (AuditLogger.java:refreshDebugCmdSet(126)) - Refresh DebugCmdSet for SCMAudit to [].
2022-07-21 18:24:18,985 [Listener at 0.0.0.0/44825] INFO  ipc.CallQueueManager (CallQueueManager.java:<init>(90)) - Using callQueue: class java.util.concurrent.LinkedBlockingQueue, queueCapacity: 10000, scheduler: class org.apache.hadoop.ipc.DefaultRpcScheduler, ipcBackoff: false.
2022-07-21 18:24:18,986 [Socket Reader #1 for port 37887] INFO  ipc.Server (Server.java:run(1265)) - Starting Socket Reader #1 for port 37887
2022-07-21 18:24:19,018 [Listener at 0.0.0.0/37887] INFO  audit.AuditLogger (AuditLogger.java:refreshDebugCmdSet(126)) - Refresh DebugCmdSet for SCMAudit to [].
2022-07-21 18:24:19,028 [Listener at 0.0.0.0/37887] INFO  ipc.CallQueueManager (CallQueueManager.java:<init>(90)) - Using callQueue: class java.util.concurrent.LinkedBlockingQueue, queueCapacity: 10000, scheduler: class org.apache.hadoop.ipc.DefaultRpcScheduler, ipcBackoff: false.
2022-07-21 18:24:19,030 [Socket Reader #1 for port 46107] INFO  ipc.Server (Server.java:run(1265)) - Starting Socket Reader #1 for port 46107
2022-07-21 18:24:19,118 [Listener at 0.0.0.0/46107] INFO  ha.SCMServiceManager (SCMServiceManager.java:register(42)) - Registering service ContainerBalancer.
2022-07-21 18:24:19,119 [Listener at 0.0.0.0/46107] INFO  server.StorageContainerManager (StorageContainerManager.java:<init>(403)) - 
Container Balancer status:
Key                            Value
Running                        false
Container Balancer Configuration values:
Key                                                Value
Threshold                                          10
Max Datanodes to Involve per Iteration(percent)    20
Max Size to Move per Iteration                     500GB
Max Size Entering Target per Iteration             26GB
Max Size Leaving Source per Iteration              26GB

2022-07-21 18:24:19,119 [Listener at 0.0.0.0/46107] WARN  events.EventQueue (EventQueue.java:fireEvent(216)) - No event handler registered for event TypedEvent{payloadType=SafeModeStatus, name='Safe mode status'}
2022-07-21 18:24:19,119 [Listener at 0.0.0.0/46107] INFO  ha.SCMContext (SCMContext.java:updateSafeModeStatus(228)) - Update SafeModeStatus from SafeModeStatus{safeModeStatus=true, preCheckPassed=false} to SafeModeStatus{safeModeStatus=true, preCheckPassed=false}.
2022-07-21 18:24:19,130 [Listener at 0.0.0.0/46107] INFO  server.StorageContainerManager (StorageContainerManager.java:start(1452)) - StorageContainerLocationProtocol RPC server is listening at /0.0.0.0:46107
2022-07-21 18:24:19,131 [Listener at 0.0.0.0/46107] INFO  ha.SCMRatisServerImpl (SCMRatisServerImpl.java:start(179)) - starting ratis server 0.0.0.0:35447
2022-07-21 18:24:19,131 [6c219fae-6e05-4936-867a-162ef996a9c6-impl-thread1] INFO  server.RaftServer$Division (RaftServerImpl.java:start(310)) - 6c219fae-6e05-4936-867a-162ef996a9c6@group-DC8BB834FA26: start as a follower, conf=0: [6c219fae-6e05-4936-867a-162ef996a9c6|rpc:localhost:35447|admin:|client:|dataStream:|priority:0], old=null
2022-07-21 18:24:19,132 [6c219fae-6e05-4936-867a-162ef996a9c6-impl-thread1] INFO  server.RaftServer$Division (RaftServerImpl.java:setRole(299)) - 6c219fae-6e05-4936-867a-162ef996a9c6@group-DC8BB834FA26: changes role from      null to FOLLOWER at term 1 for startAsFollower
2022-07-21 18:24:19,132 [6c219fae-6e05-4936-867a-162ef996a9c6-impl-thread1] INFO  impl.RoleInfo (RoleInfo.java:updateAndGet(139)) - 6c219fae-6e05-4936-867a-162ef996a9c6: start 6c219fae-6e05-4936-867a-162ef996a9c6@group-DC8BB834FA26-FollowerState
2022-07-21 18:24:19,132 [6c219fae-6e05-4936-867a-162ef996a9c6-impl-thread1] INFO  util.JmxRegister (JmxRegister.java:tryRegister(44)) - Successfully registered JMX Bean with object name Ratis:service=RaftServer,group=group-DC8BB834FA26,id=6c219fae-6e05-4936-867a-162ef996a9c6
2022-07-21 18:24:19,138 [Listener at 0.0.0.0/46107] INFO  server.RaftServer (RaftServerProxy.java:lambda$start$6(382)) - 6c219fae-6e05-4936-867a-162ef996a9c6: start RPC server
2022-07-21 18:24:19,143 [Listener at 0.0.0.0/46107] INFO  server.GrpcService (GrpcService.java:startImpl(260)) - 6c219fae-6e05-4936-867a-162ef996a9c6: GrpcService started, listening on 35447
2022-07-21 18:24:19,145 [Listener at 0.0.0.0/46107] INFO  ha.SCMHAManagerImpl (SCMHAManagerImpl.java:start(121)) -  scm role is FOLLOWER peers [6c219fae-6e05-4936-867a-162ef996a9c6|rpc:localhost:35447|admin:|client:|dataStream:|priority:0]
2022-07-21 18:24:19,145 [org.apache.ratis.util.JvmPauseMonitor$$Lambda$519/1846153014@4423045] INFO  util.JvmPauseMonitor (JvmPauseMonitor.java:run(103)) - JvmPauseMonitor-6c219fae-6e05-4936-867a-162ef996a9c6: Started
2022-07-21 18:24:19,145 [Listener at 0.0.0.0/46107] INFO  ha.InterSCMGrpcService (InterSCMGrpcProtocolService.java:start(94)) - Starting SCM Grpc Service at port 33725
2022-07-21 18:24:19,212 [Listener at 0.0.0.0/46107] WARN  impl.MetricsConfig (MetricsConfig.java:loadFirst(136)) - Cannot locate configuration: tried hadoop-metrics2-storagecontainermanager.properties,hadoop-metrics2.properties
2022-07-21 18:24:19,230 [Listener at 0.0.0.0/46107] INFO  impl.MetricsSystemImpl (MetricsSystemImpl.java:startTimer(378)) - Scheduled Metric snapshot period at 10 second(s).
2022-07-21 18:24:19,230 [Listener at 0.0.0.0/46107] INFO  impl.MetricsSystemImpl (MetricsSystemImpl.java:start(191)) - StorageContainerManager metrics system started
2022-07-21 18:24:19,500 [Listener at 0.0.0.0/46107] INFO  server.SCMClientProtocolServer (SCMClientProtocolServer.java:start(170)) - RPC server for Client  is listening at /0.0.0.0:46107
2022-07-21 18:24:19,502 [IPC Server Responder] INFO  ipc.Server (Server.java:run(1507)) - IPC Server Responder: starting
2022-07-21 18:24:19,512 [IPC Server listener on 46107] INFO  ipc.Server (Server.java:run(1344)) - IPC Server listener on 46107: starting
2022-07-21 18:24:19,574 [Listener at 0.0.0.0/46107] INFO  server.StorageContainerManager (StorageContainerManager.java:start(1467)) - ScmBlockLocationProtocol RPC server is listening at /0.0.0.0:37887
2022-07-21 18:24:19,575 [Listener at 0.0.0.0/46107] INFO  server.SCMBlockProtocolServer (SCMBlockProtocolServer.java:start(152)) - RPC server for Block Protocol is listening at /0.0.0.0:37887
2022-07-21 18:24:19,576 [IPC Server Responder] INFO  ipc.Server (Server.java:run(1507)) - IPC Server Responder: starting
2022-07-21 18:24:19,577 [IPC Server listener on 37887] INFO  ipc.Server (Server.java:run(1344)) - IPC Server listener on 37887: starting
2022-07-21 18:24:19,642 [org.apache.hadoop.util.JvmPauseMonitor$Monitor@62b0d226] INFO  util.JvmPauseMonitor (JvmPauseMonitor.java:run(188)) - Starting JVM pause monitor
2022-07-21 18:24:19,659 [Listener at 0.0.0.0/46107] INFO  http.BaseHttpServer (BaseHttpServer.java:newHttpServer2BuilderForOzone(209)) - Starting Web-server for scm at: http://0.0.0.0:44819
2022-07-21 18:24:19,659 [Listener at 0.0.0.0/46107] INFO  http.BaseHttpServer (BaseHttpServer.java:<init>(107)) - Hadoop Security Enabled: false Ozone Security Enabled: false Ozone HTTP Security Enabled: false 
2022-07-21 18:24:19,686 [Listener at 0.0.0.0/46107] INFO  util.log (Log.java:initialized(170)) - Logging initialized @12005ms to org.eclipse.jetty.util.log.Slf4jLog
2022-07-21 18:24:19,794 [Listener at 0.0.0.0/46107] INFO  server.AuthenticationFilter (AuthenticationFilter.java:constructSecretProvider(240)) - Unable to initialize FileSignerSecretProvider, falling back to use random secrets.
2022-07-21 18:24:19,799 [Listener at 0.0.0.0/46107] WARN  http.HttpRequestLog (HttpRequestLog.java:getRequestLog(103)) - Jetty request log can only be enabled using Log4j
2022-07-21 18:24:19,805 [Listener at 0.0.0.0/46107] INFO  http.HttpServer2 (HttpServer2.java:addGlobalFilter(1029)) - Added global filter 'safety' (class=org.apache.hadoop.hdds.server.http.HttpServer2$QuotingInputFilter)
2022-07-21 18:24:19,808 [Listener at 0.0.0.0/46107] INFO  http.HttpServer2 (HttpServer2.java:addFilter(1005)) - Added filter static_user_filter (class=org.apache.hadoop.http.lib.StaticUserWebFilter$StaticUserFilter) to context scm
2022-07-21 18:24:19,808 [Listener at 0.0.0.0/46107] INFO  http.HttpServer2 (HttpServer2.java:addFilter(1013)) - Added filter static_user_filter (class=org.apache.hadoop.http.lib.StaticUserWebFilter$StaticUserFilter) to context logs
2022-07-21 18:24:19,809 [Listener at 0.0.0.0/46107] INFO  http.HttpServer2 (HttpServer2.java:addFilter(1013)) - Added filter static_user_filter (class=org.apache.hadoop.http.lib.StaticUserWebFilter$StaticUserFilter) to context static
2022-07-21 18:24:19,853 [Listener at 0.0.0.0/46107] INFO  http.HttpServer2 (HttpServer2.java:bindListener(1248)) - Jetty bound to port 44819
2022-07-21 18:24:19,855 [Listener at 0.0.0.0/46107] INFO  server.Server (Server.java:doStart(375)) - jetty-9.4.43.v20210629; built: 2021-06-30T11:07:22.254Z; git: 526006ecfa3af7f1a27ef3a288e2bef7ea9dd7e8; jvm 1.8.0_332-b09
2022-07-21 18:24:19,905 [Listener at 0.0.0.0/46107] INFO  server.session (DefaultSessionIdManager.java:doStart(334)) - DefaultSessionIdManager workerName=node0
2022-07-21 18:24:19,905 [Listener at 0.0.0.0/46107] INFO  server.session (DefaultSessionIdManager.java:doStart(339)) - No SessionScavenger set, using defaults
2022-07-21 18:24:19,909 [Listener at 0.0.0.0/46107] INFO  server.session (HouseKeeper.java:startScavenging(132)) - node0 Scavenging every 660000ms
2022-07-21 18:24:19,922 [Listener at 0.0.0.0/46107] INFO  handler.ContextHandler (ContextHandler.java:doStart(915)) - Started o.e.j.s.ServletContextHandler@5b16a315{logs,/logs,file:///home/runner/work/ozone/ozone/hadoop-ozone/integration-test/target/log,AVAILABLE}
2022-07-21 18:24:19,922 [Listener at 0.0.0.0/46107] INFO  handler.ContextHandler (ContextHandler.java:doStart(915)) - Started o.e.j.s.ServletContextHandler@5f04f84d{static,/static,file:///home/runner/work/ozone/ozone/hadoop-ozone/integration-test/target/test-classes/webapps/static,AVAILABLE}
2022-07-21 18:24:19,970 [Listener at 0.0.0.0/46107] INFO  handler.ContextHandler (ContextHandler.java:doStart(915)) - Started o.e.j.w.WebAppContext@786888{scm,/,file:///home/runner/work/ozone/ozone/hadoop-ozone/integration-test/target/test-classes/webapps/scm/,AVAILABLE}{file:/home/runner/work/ozone/ozone/hadoop-ozone/integration-test/target/test-classes/webapps/scm}
2022-07-21 18:24:19,981 [Listener at 0.0.0.0/46107] INFO  server.AbstractConnector (AbstractConnector.java:doStart(331)) - Started ServerConnector@3d6fd002{HTTP/1.1, (http/1.1)}{0.0.0.0:44819}
2022-07-21 18:24:19,981 [Listener at 0.0.0.0/46107] INFO  server.Server (Server.java:doStart(415)) - Started @12300ms
2022-07-21 18:24:19,983 [Listener at 0.0.0.0/46107] INFO  impl.MetricsSinkAdapter (MetricsSinkAdapter.java:start(204)) - Sink prometheus started
2022-07-21 18:24:19,983 [Listener at 0.0.0.0/46107] INFO  impl.MetricsSystemImpl (MetricsSystemImpl.java:registerSink(305)) - Registered sink prometheus
2022-07-21 18:24:19,984 [Listener at 0.0.0.0/46107] INFO  http.BaseHttpServer (BaseHttpServer.java:updateConnectorAddress(329)) - HTTP server of scm listening at http://0.0.0.0:44819
2022-07-21 18:24:19,985 [Listener at 0.0.0.0/46107] INFO  ozone.MiniOzoneHAClusterImpl (MiniOzoneHAClusterImpl.java:createSCMService(606)) - Started SCM RPC server at /0.0.0.0:46107
2022-07-21 18:24:20,005 [Listener at 0.0.0.0/46107] WARN  server.ServerUtils (ServerUtils.java:getScmDbDir(148)) - ozone.scm.db.dirs is not configured. We recommend adding this setting. Falling back to ozone.metadata.dirs instead.
2022-07-21 18:24:20,005 [Listener at 0.0.0.0/46107] INFO  ha.SCMHANodeDetails (SCMHANodeDetails.java:loadSCMHAConfig(209)) - ServiceID for StorageContainerManager is scmServiceId
2022-07-21 18:24:20,005 [Listener at 0.0.0.0/46107] INFO  ha.SCMHANodeDetails (SCMHANodeDetails.java:loadSCMHAConfig(220)) - ServiceID for StorageContainerManager is scmServiceId
2022-07-21 18:24:20,006 [Listener at 0.0.0.0/46107] WARN  scm.ScmUtils (ScmUtils.java:logWarn(179)) - ConfigKey ozone.scm.block.client.address is deprecated, For configuring different ports for each SCM use PortConfigKey ozone.scm.block.client.port appended with serviceId and nodeId. If want to configure same port configure ozone.scm.block.client.port
2022-07-21 18:24:20,006 [Listener at 0.0.0.0/46107] WARN  scm.ScmUtils (ScmUtils.java:logWarn(179)) - ConfigKey ozone.scm.client.address is deprecated, For configuring different ports for each SCM use PortConfigKey ozone.scm.client.port appended with serviceId and nodeId. If want to configure same port configure ozone.scm.client.port
2022-07-21 18:24:20,006 [Listener at 0.0.0.0/46107] WARN  scm.ScmUtils (ScmUtils.java:logWarn(179)) - ConfigKey ozone.scm.datanode.address is deprecated, For configuring different ports for each SCM use PortConfigKey ozone.scm.datanode.port appended with serviceId and nodeId. If want to configure same port configure ozone.scm.datanode.port
2022-07-21 18:24:20,006 [Listener at 0.0.0.0/46107] WARN  scm.ScmUtils (ScmUtils.java:logWarn(179)) - ConfigKey ozone.scm.block.client.address is deprecated, For configuring different ports for each SCM use PortConfigKey ozone.scm.block.client.port appended with serviceId and nodeId. If want to configure same port configure ozone.scm.block.client.port
2022-07-21 18:24:20,007 [Listener at 0.0.0.0/46107] WARN  scm.ScmUtils (ScmUtils.java:logWarn(179)) - ConfigKey ozone.scm.client.address is deprecated, For configuring different ports for each SCM use PortConfigKey ozone.scm.client.port appended with serviceId and nodeId. If want to configure same port configure ozone.scm.client.port
2022-07-21 18:24:20,007 [Listener at 0.0.0.0/46107] WARN  scm.ScmUtils (ScmUtils.java:logWarn(179)) - ConfigKey ozone.scm.datanode.address is deprecated, For configuring different ports for each SCM use PortConfigKey ozone.scm.datanode.port appended with serviceId and nodeId. If want to configure same port configure ozone.scm.datanode.port
2022-07-21 18:24:20,007 [Listener at 0.0.0.0/46107] INFO  ha.SCMHANodeDetails (SCMHANodeDetails.java:loadSCMHAConfig(307)) - Found matching SCM address with SCMServiceId: scmServiceId, SCMNodeId: scmNode-2, RPC Address: localhost:32791 and Ratis port: 32791
2022-07-21 18:24:20,007 [Listener at 0.0.0.0/46107] INFO  ha.SCMHANodeDetails (ConfUtils.java:setNodeSpecificConfigs(97)) - Setting configuration key ozone.scm.datanode.address with value of key ozone.scm.datanode.address.scmServiceId.scmNode-2: 127.0.0.1:40299
2022-07-21 18:24:20,007 [Listener at 0.0.0.0/46107] INFO  ha.SCMHANodeDetails (ConfUtils.java:setNodeSpecificConfigs(97)) - Setting configuration key ozone.scm.block.client.address with value of key ozone.scm.block.client.address.scmServiceId.scmNode-2: 127.0.0.1:39071
2022-07-21 18:24:20,007 [Listener at 0.0.0.0/46107] INFO  ha.SCMHANodeDetails (ConfUtils.java:setNodeSpecificConfigs(97)) - Setting configuration key ozone.scm.client.address with value of key ozone.scm.client.address.scmServiceId.scmNode-2: 127.0.0.1:34327
2022-07-21 18:24:20,007 [Listener at 0.0.0.0/46107] INFO  ha.SCMHANodeDetails (ConfUtils.java:setNodeSpecificConfigs(97)) - Setting configuration key ozone.scm.ratis.port with value of key ozone.scm.ratis.port.scmServiceId.scmNode-2: 32791
2022-07-21 18:24:20,008 [Listener at 0.0.0.0/46107] INFO  ha.SCMHANodeDetails (ConfUtils.java:setNodeSpecificConfigs(97)) - Setting configuration key ozone.scm.grpc.port with value of key ozone.scm.grpc.port.scmServiceId.scmNode-2: 45167
2022-07-21 18:24:20,008 [Listener at 0.0.0.0/46107] INFO  ha.SCMHANodeDetails (ConfUtils.java:setNodeSpecificConfigs(97)) - Setting configuration key ozone.scm.http-address with value of key ozone.scm.http-address.scmServiceId.scmNode-2: 127.0.0.1:34717
2022-07-21 18:24:20,008 [Listener at 0.0.0.0/46107] INFO  ha.SCMHANodeDetails (ConfUtils.java:setNodeSpecificConfigs(97)) - Setting configuration key ozone.scm.https-address with value of key ozone.scm.https-address.scmServiceId.scmNode-2: 127.0.0.1:45635
2022-07-21 18:24:20,008 [Listener at 0.0.0.0/46107] INFO  ha.SCMHANodeDetails (ConfUtils.java:setNodeSpecificConfigs(97)) - Setting configuration key ozone.scm.address with value of key ozone.scm.address.scmServiceId.scmNode-2: 127.0.0.1
2022-07-21 18:24:20,008 [Listener at 0.0.0.0/46107] WARN  scm.ScmUtils (ScmUtils.java:logWarn(179)) - ConfigKey ozone.scm.block.client.address is deprecated, For configuring different ports for each SCM use PortConfigKey ozone.scm.block.client.port appended with serviceId and nodeId. If want to configure same port configure ozone.scm.block.client.port
2022-07-21 18:24:20,008 [Listener at 0.0.0.0/46107] WARN  scm.ScmUtils (ScmUtils.java:logWarn(179)) - ConfigKey ozone.scm.client.address is deprecated, For configuring different ports for each SCM use PortConfigKey ozone.scm.client.port appended with serviceId and nodeId. If want to configure same port configure ozone.scm.client.port
2022-07-21 18:24:20,008 [Listener at 0.0.0.0/46107] WARN  scm.ScmUtils (ScmUtils.java:logWarn(179)) - ConfigKey ozone.scm.datanode.address is deprecated, For configuring different ports for each SCM use PortConfigKey ozone.scm.datanode.port appended with serviceId and nodeId. If want to configure same port configure ozone.scm.datanode.port
2022-07-21 18:24:20,015 [Listener at 0.0.0.0/46107] INFO  ha.SCMNodeInfo (SCMNodeInfo.java:getPort(197)) - ConfigKey ozone.scm.client.address is deprecated, For configuring different ports for each SCM use PortConfigKey ozone.scm.client.port appended with serviceId and nodeId
2022-07-21 18:24:20,015 [Listener at 0.0.0.0/46107] INFO  ha.SCMNodeInfo (SCMNodeInfo.java:getPort(197)) - ConfigKey ozone.scm.block.client.address is deprecated, For configuring different ports for each SCM use PortConfigKey ozone.scm.block.client.port appended with serviceId and nodeId
2022-07-21 18:24:20,015 [Listener at 0.0.0.0/46107] INFO  ha.SCMNodeInfo (SCMNodeInfo.java:getPort(197)) - ConfigKey ozone.scm.datanode.address is deprecated, For configuring different ports for each SCM use PortConfigKey ozone.scm.datanode.port appended with serviceId and nodeId
2022-07-21 18:24:20,016 [Listener at 0.0.0.0/46107] INFO  ha.SCMNodeInfo (SCMNodeInfo.java:getPort(197)) - ConfigKey ozone.scm.client.address is deprecated, For configuring different ports for each SCM use PortConfigKey ozone.scm.client.port appended with serviceId and nodeId
2022-07-21 18:24:20,016 [Listener at 0.0.0.0/46107] INFO  ha.SCMNodeInfo (SCMNodeInfo.java:getPort(197)) - ConfigKey ozone.scm.block.client.address is deprecated, For configuring different ports for each SCM use PortConfigKey ozone.scm.block.client.port appended with serviceId and nodeId
2022-07-21 18:24:20,016 [Listener at 0.0.0.0/46107] INFO  ha.SCMNodeInfo (SCMNodeInfo.java:getPort(197)) - ConfigKey ozone.scm.datanode.address is deprecated, For configuring different ports for each SCM use PortConfigKey ozone.scm.datanode.port appended with serviceId and nodeId
2022-07-21 18:24:20,017 [Listener at 0.0.0.0/46107] INFO  proxy.SCMBlockLocationFailoverProxyProvider (SCMBlockLocationFailoverProxyProvider.java:<init>(114)) - Created block location fail-over proxy with 2 nodes: [nodeId=scmNode-3,nodeAddress=/127.0.0.1:36325, nodeId=scmNode-1,nodeAddress=/127.0.0.1:37887]
2022-07-21 18:24:22,352 [Listener at 0.0.0.0/46107] INFO  retry.RetryInvocationHandler (RetryInvocationHandler.java:log(411)) - com.google.protobuf.ServiceException: java.net.ConnectException: Call From fv-az378-305/10.1.0.35 to localhost:36325 failed on connection exception: java.net.ConnectException: Connection refused; For more details see:  http://wiki.apache.org/hadoop/ConnectionRefused, while invoking $Proxy41.send over nodeId=scmNode-3,nodeAddress=/127.0.0.1:36325 after 1 failover attempts. Trying to failover after sleeping for 2000ms.
2022-07-21 18:24:24,294 [6c219fae-6e05-4936-867a-162ef996a9c6@group-DC8BB834FA26-FollowerState] INFO  impl.FollowerState (FollowerState.java:run(143)) - 6c219fae-6e05-4936-867a-162ef996a9c6@group-DC8BB834FA26-FollowerState: change to CANDIDATE, lastRpcElapsedTime:5162585900ns, electionTimeout:5156ms
2022-07-21 18:24:24,295 [6c219fae-6e05-4936-867a-162ef996a9c6@group-DC8BB834FA26-FollowerState] INFO  impl.RoleInfo (RoleInfo.java:shutdownFollowerState(110)) - 6c219fae-6e05-4936-867a-162ef996a9c6: shutdown 6c219fae-6e05-4936-867a-162ef996a9c6@group-DC8BB834FA26-FollowerState
2022-07-21 18:24:24,295 [6c219fae-6e05-4936-867a-162ef996a9c6@group-DC8BB834FA26-FollowerState] INFO  server.RaftServer$Division (RaftServerImpl.java:setRole(299)) - 6c219fae-6e05-4936-867a-162ef996a9c6@group-DC8BB834FA26: changes role from  FOLLOWER to CANDIDATE at term 1 for changeToCandidate
2022-07-21 18:24:24,295 [6c219fae-6e05-4936-867a-162ef996a9c6@group-DC8BB834FA26-FollowerState] INFO  server.RaftServerConfigKeys (ConfUtils.java:logGet(46)) - raft.server.leaderelection.pre-vote = false (custom)
2022-07-21 18:24:24,296 [6c219fae-6e05-4936-867a-162ef996a9c6@group-DC8BB834FA26-FollowerState] INFO  impl.RoleInfo (RoleInfo.java:updateAndGet(139)) - 6c219fae-6e05-4936-867a-162ef996a9c6: start 6c219fae-6e05-4936-867a-162ef996a9c6@group-DC8BB834FA26-LeaderElection2
2022-07-21 18:24:24,300 [6c219fae-6e05-4936-867a-162ef996a9c6@group-DC8BB834FA26-LeaderElection2] INFO  impl.LeaderElection (LeaderElection.java:askForVotes(310)) - 6c219fae-6e05-4936-867a-162ef996a9c6@group-DC8BB834FA26-LeaderElection2 ELECTION round 0: submit vote requests at term 2 for 0: [6c219fae-6e05-4936-867a-162ef996a9c6|rpc:localhost:35447|admin:|client:|dataStream:|priority:0], old=null
2022-07-21 18:24:24,301 [6c219fae-6e05-4936-867a-162ef996a9c6@group-DC8BB834FA26-LeaderElection2] INFO  impl.LeaderElection (LeaderElection.java:askForVotes(312)) - 6c219fae-6e05-4936-867a-162ef996a9c6@group-DC8BB834FA26-LeaderElection2 ELECTION round 0: result PASSED (term=2)
2022-07-21 18:24:24,301 [6c219fae-6e05-4936-867a-162ef996a9c6@group-DC8BB834FA26-LeaderElection2] INFO  impl.RoleInfo (RoleInfo.java:shutdownLeaderElection(130)) - 6c219fae-6e05-4936-867a-162ef996a9c6: shutdown 6c219fae-6e05-4936-867a-162ef996a9c6@group-DC8BB834FA26-LeaderElection2
2022-07-21 18:24:24,301 [6c219fae-6e05-4936-867a-162ef996a9c6@group-DC8BB834FA26-LeaderElection2] INFO  server.RaftServer$Division (RaftServerImpl.java:setRole(299)) - 6c219fae-6e05-4936-867a-162ef996a9c6@group-DC8BB834FA26: changes role from CANDIDATE to LEADER at term 2 for changeToLeader
2022-07-21 18:24:24,302 [6c219fae-6e05-4936-867a-162ef996a9c6@group-DC8BB834FA26-LeaderElection2] INFO  ha.SCMStateMachine (SCMStateMachine.java:notifyLeaderChanged(259)) - current SCM becomes leader of term 2.
2022-07-21 18:24:24,302 [6c219fae-6e05-4936-867a-162ef996a9c6@group-DC8BB834FA26-LeaderElection2] INFO  ha.SCMContext (SCMContext.java:updateLeaderAndTerm(99)) - update <isLeader,term> from <false,0> to <true,2>
2022-07-21 18:24:24,305 [6c219fae-6e05-4936-867a-162ef996a9c6@group-DC8BB834FA26-LeaderElection2] INFO  server.RaftServer$Division (ServerState.java:setLeader(287)) - 6c219fae-6e05-4936-867a-162ef996a9c6@group-DC8BB834FA26: change Leader from null to 6c219fae-6e05-4936-867a-162ef996a9c6 at term 2 for becomeLeader, leader elected after 6627ms
2022-07-21 18:24:24,305 [6c219fae-6e05-4936-867a-162ef996a9c6@group-DC8BB834FA26-LeaderElection2] INFO  server.RaftServerConfigKeys (ConfUtils.java:logGet(46)) - raft.server.staging.catchup.gap = 1000 (default)
2022-07-21 18:24:24,305 [6c219fae-6e05-4936-867a-162ef996a9c6@group-DC8BB834FA26-LeaderElection2] INFO  server.RaftServerConfigKeys (ConfUtils.java:logGet(46)) - raft.server.write.element-limit = 4096 (default)
2022-07-21 18:24:24,306 [6c219fae-6e05-4936-867a-162ef996a9c6@group-DC8BB834FA26-LeaderElection2] INFO  server.RaftServerConfigKeys (ConfUtils.java:logGet(46)) - raft.server.write.byte-limit = 64MB (=67108864) (default)
2022-07-21 18:24:24,306 [6c219fae-6e05-4936-867a-162ef996a9c6@group-DC8BB834FA26-LeaderElection2] INFO  server.RaftServerConfigKeys (ConfUtils.java:logGet(46)) - raft.server.watch.timeout = 10s (default)
2022-07-21 18:24:24,307 [6c219fae-6e05-4936-867a-162ef996a9c6@group-DC8BB834FA26-LeaderElection2] INFO  server.RaftServerConfigKeys (ConfUtils.java:logGet(46)) - raft.server.watch.timeout.denomination = 1s (default)
2022-07-21 18:24:24,307 [6c219fae-6e05-4936-867a-162ef996a9c6@group-DC8BB834FA26-LeaderElection2] INFO  server.RaftServerConfigKeys (ConfUtils.java:logGet(46)) - raft.server.watch.element-limit = 65536 (default)
2022-07-21 18:24:24,308 [6c219fae-6e05-4936-867a-162ef996a9c6@group-DC8BB834FA26-LeaderElection2] INFO  server.RaftServerConfigKeys (ConfUtils.java:logGet(46)) - raft.server.write.element-limit = 4096 (default)
2022-07-21 18:24:24,308 [6c219fae-6e05-4936-867a-162ef996a9c6@group-DC8BB834FA26-LeaderElection2] INFO  server.RaftServerConfigKeys (ConfUtils.java:logGet(46)) - raft.server.write.follower.gap.ratio.max = -1.0 (default)
2022-07-21 18:24:24,311 [6c219fae-6e05-4936-867a-162ef996a9c6@group-DC8BB834FA26-LeaderElection2] INFO  impl.RoleInfo (RoleInfo.java:updateAndGet(139)) - 6c219fae-6e05-4936-867a-162ef996a9c6: start 6c219fae-6e05-4936-867a-162ef996a9c6@group-DC8BB834FA26-LeaderStateImpl
2022-07-21 18:24:24,311 [6c219fae-6e05-4936-867a-162ef996a9c6@group-DC8BB834FA26-LeaderElection2] INFO  segmented.SegmentedRaftLogWorker (SegmentedRaftLogWorker.java:rollLogSegment(430)) - 6c219fae-6e05-4936-867a-162ef996a9c6@group-DC8BB834FA26-SegmentedRaftLogWorker: Rolling segment log-0_0 to index:0
2022-07-21 18:24:24,315 [6c219fae-6e05-4936-867a-162ef996a9c6@group-DC8BB834FA26-LeaderElection2] INFO  server.RaftServer$Division (ServerState.java:setRaftConf(393)) - 6c219fae-6e05-4936-867a-162ef996a9c6@group-DC8BB834FA26: set configuration 1: [6c219fae-6e05-4936-867a-162ef996a9c6|rpc:localhost:35447|admin:|client:|dataStream:|priority:0], old=null
2022-07-21 18:24:24,316 [6c219fae-6e05-4936-867a-162ef996a9c6@group-DC8BB834FA26-SegmentedRaftLogWorker] INFO  segmented.SegmentedRaftLogWorker (SegmentedRaftLogWorker.java:execute(586)) - 6c219fae-6e05-4936-867a-162ef996a9c6@group-DC8BB834FA26-SegmentedRaftLogWorker: Rolled log segment from /home/runner/work/ozone/ozone/hadoop-ozone/integration-test/target/test-dir/MiniOzoneClusterImpl-c56c5c68-8a55-4647-89a4-dc8bb834fa26/scmNode-1/scm-ha/c56c5c68-8a55-4647-89a4-dc8bb834fa26/current/log_inprogress_0 to /home/runner/work/ozone/ozone/hadoop-ozone/integration-test/target/test-dir/MiniOzoneClusterImpl-c56c5c68-8a55-4647-89a4-dc8bb834fa26/scmNode-1/scm-ha/c56c5c68-8a55-4647-89a4-dc8bb834fa26/current/log_0-0
2022-07-21 18:24:24,330 [6c219fae-6e05-4936-867a-162ef996a9c6@group-DC8BB834FA26-SegmentedRaftLogWorker] INFO  segmented.SegmentedRaftLogWorker (SegmentedRaftLogWorker.java:execute(629)) - 6c219fae-6e05-4936-867a-162ef996a9c6@group-DC8BB834FA26-SegmentedRaftLogWorker: created new log segment /home/runner/work/ozone/ozone/hadoop-ozone/integration-test/target/test-dir/MiniOzoneClusterImpl-c56c5c68-8a55-4647-89a4-dc8bb834fa26/scmNode-1/scm-ha/c56c5c68-8a55-4647-89a4-dc8bb834fa26/current/log_inprogress_1
2022-07-21 18:24:24,332 [6c219fae-6e05-4936-867a-162ef996a9c6@group-DC8BB834FA26-StateMachineUpdater] INFO  ha.SCMContext (SCMContext.java:setLeaderReady(126)) - update <isLeaderReady> from <false> to <true>
2022-07-21 18:24:24,333 [6c219fae-6e05-4936-867a-162ef996a9c6@group-DC8BB834FA26-StateMachineUpdater] INFO  pipeline.BackgroundPipelineCreator (BackgroundPipelineCreator.java:notifyStatusChanged(254)) - Service BackgroundPipelineCreator transitions to RUNNING.
2022-07-21 18:24:24,342 [6c219fae-6e05-4936-867a-162ef996a9c6@group-DC8BB834FA26-StateMachineUpdater] INFO  safemode.HealthyPipelineSafeModeRule (HealthyPipelineSafeModeRule.java:initializeRule(165)) - Refreshed total pipeline count is 0, healthy pipeline threshold count is 1
2022-07-21 18:24:24,346 [6c219fae-6e05-4936-867a-162ef996a9c6@group-DC8BB834FA26-StateMachineUpdater] INFO  safemode.ContainerSafeModeRule (ContainerSafeModeRule.java:reInitializeRule(177)) - Refreshed one replica container threshold 0, currentThreshold 0
2022-07-21 18:24:24,349 [6c219fae-6e05-4936-867a-162ef996a9c6@group-DC8BB834FA26-StateMachineUpdater] INFO  safemode.OneReplicaPipelineSafeModeRule (OneReplicaPipelineSafeModeRule.java:initializeRule(176)) - Refreshed Total pipeline count is 0, pipeline's with at least one datanode reported threshold count is 0
2022-07-21 18:24:24,350 [6c219fae-6e05-4936-867a-162ef996a9c6@group-DC8BB834FA26-StateMachineUpdater] INFO  server.SCMDatanodeProtocolServer (SCMDatanodeProtocolServer.java:start(186)) - ScmDatanodeProtocol RPC server for DataNodes is listening at /0.0.0.0:44825
2022-07-21 18:24:24,352 [IPC Server listener on 44825] INFO  ipc.Server (Server.java:run(1344)) - IPC Server listener on 44825: starting
2022-07-21 18:24:24,378 [IPC Server Responder] INFO  ipc.Server (Server.java:run(1507)) - IPC Server Responder: starting
2022-07-21 18:24:24,452 [Listener at 0.0.0.0/46107] INFO  server.StorageContainerManager (StorageContainerManager.java:scmBootstrap(1135)) - SCM BootStrap  is successful for ClusterID c56c5c68-8a55-4647-89a4-dc8bb834fa26, SCMID a989fbd8-2b6d-434f-a2fe-f7a7e8b88707
2022-07-21 18:24:24,453 [Listener at 0.0.0.0/46107] INFO  server.StorageContainerManager (StorageContainerManager.java:scmBootstrap(1137)) - Primary SCM Node ID 6c219fae-6e05-4936-867a-162ef996a9c6
2022-07-21 18:24:24,453 [Listener at 0.0.0.0/46107] WARN  server.ServerUtils (ServerUtils.java:getScmDbDir(148)) - ozone.scm.db.dirs is not configured. We recommend adding this setting. Falling back to ozone.metadata.dirs instead.
2022-07-21 18:24:24,453 [Listener at 0.0.0.0/46107] INFO  ha.SCMHANodeDetails (SCMHANodeDetails.java:loadSCMHAConfig(209)) - ServiceID for StorageContainerManager is scmServiceId
2022-07-21 18:24:24,453 [Listener at 0.0.0.0/46107] INFO  ha.SCMHANodeDetails (SCMHANodeDetails.java:loadSCMHAConfig(220)) - ServiceID for StorageContainerManager is scmServiceId
2022-07-21 18:24:24,454 [Listener at 0.0.0.0/46107] WARN  scm.ScmUtils (ScmUtils.java:logWarn(179)) - ConfigKey ozone.scm.block.client.address is deprecated, For configuring different ports for each SCM use PortConfigKey ozone.scm.block.client.port appended with serviceId and nodeId. If want to configure same port configure ozone.scm.block.client.port
2022-07-21 18:24:24,454 [Listener at 0.0.0.0/46107] WARN  scm.ScmUtils (ScmUtils.java:logWarn(179)) - ConfigKey ozone.scm.client.address is deprecated, For configuring different ports for each SCM use PortConfigKey ozone.scm.client.port appended with serviceId and nodeId. If want to configure same port configure ozone.scm.client.port
2022-07-21 18:24:24,454 [Listener at 0.0.0.0/46107] WARN  scm.ScmUtils (ScmUtils.java:logWarn(179)) - ConfigKey ozone.scm.datanode.address is deprecated, For configuring different ports for each SCM use PortConfigKey ozone.scm.datanode.port appended with serviceId and nodeId. If want to configure same port configure ozone.scm.datanode.port
2022-07-21 18:24:24,454 [Listener at 0.0.0.0/46107] WARN  scm.ScmUtils (ScmUtils.java:logWarn(179)) - ConfigKey ozone.scm.block.client.address is deprecated, For configuring different ports for each SCM use PortConfigKey ozone.scm.block.client.port appended with serviceId and nodeId. If want to configure same port configure ozone.scm.block.client.port
2022-07-21 18:24:24,455 [Listener at 0.0.0.0/46107] WARN  scm.ScmUtils (ScmUtils.java:logWarn(179)) - ConfigKey ozone.scm.client.address is deprecated, For configuring different ports for each SCM use PortConfigKey ozone.scm.client.port appended with serviceId and nodeId. If want to configure same port configure ozone.scm.client.port
2022-07-21 18:24:24,455 [Listener at 0.0.0.0/46107] WARN  scm.ScmUtils (ScmUtils.java:logWarn(179)) - ConfigKey ozone.scm.datanode.address is deprecated, For configuring different ports for each SCM use PortConfigKey ozone.scm.datanode.port appended with serviceId and nodeId. If want to configure same port configure ozone.scm.datanode.port
2022-07-21 18:24:24,455 [Listener at 0.0.0.0/46107] INFO  ha.SCMHANodeDetails (SCMHANodeDetails.java:loadSCMHAConfig(307)) - Found matching SCM address with SCMServiceId: scmServiceId, SCMNodeId: scmNode-2, RPC Address: localhost:32791 and Ratis port: 32791
2022-07-21 18:24:24,455 [Listener at 0.0.0.0/46107] INFO  ha.SCMHANodeDetails (ConfUtils.java:setNodeSpecificConfigs(97)) - Setting configuration key ozone.scm.datanode.address with value of key ozone.scm.datanode.address.scmServiceId.scmNode-2: 127.0.0.1:40299
2022-07-21 18:24:24,455 [Listener at 0.0.0.0/46107] INFO  ha.SCMHANodeDetails (ConfUtils.java:setNodeSpecificConfigs(97)) - Setting configuration key ozone.scm.block.client.address with value of key ozone.scm.block.client.address.scmServiceId.scmNode-2: 127.0.0.1:39071
2022-07-21 18:24:24,455 [Listener at 0.0.0.0/46107] INFO  ha.SCMHANodeDetails (ConfUtils.java:setNodeSpecificConfigs(97)) - Setting configuration key ozone.scm.client.address with value of key ozone.scm.client.address.scmServiceId.scmNode-2: 127.0.0.1:34327
2022-07-21 18:24:24,455 [Listener at 0.0.0.0/46107] INFO  ha.SCMHANodeDetails (ConfUtils.java:setNodeSpecificConfigs(97)) - Setting configuration key ozone.scm.ratis.port with value of key ozone.scm.ratis.port.scmServiceId.scmNode-2: 32791
2022-07-21 18:24:24,456 [Listener at 0.0.0.0/46107] INFO  ha.SCMHANodeDetails (ConfUtils.java:setNodeSpecificConfigs(97)) - Setting configuration key ozone.scm.grpc.port with value of key ozone.scm.grpc.port.scmServiceId.scmNode-2: 45167
2022-07-21 18:24:24,456 [Listener at 0.0.0.0/46107] INFO  ha.SCMHANodeDetails (ConfUtils.java:setNodeSpecificConfigs(97)) - Setting configuration key ozone.scm.http-address with value of key ozone.scm.http-address.scmServiceId.scmNode-2: 127.0.0.1:34717
2022-07-21 18:24:24,456 [Listener at 0.0.0.0/46107] INFO  ha.SCMHANodeDetails (ConfUtils.java:setNodeSpecificConfigs(97)) - Setting configuration key ozone.scm.https-address with value of key ozone.scm.https-address.scmServiceId.scmNode-2: 127.0.0.1:45635
2022-07-21 18:24:24,456 [Listener at 0.0.0.0/46107] INFO  ha.SCMHANodeDetails (ConfUtils.java:setNodeSpecificConfigs(97)) - Setting configuration key ozone.scm.address with value of key ozone.scm.address.scmServiceId.scmNode-2: 127.0.0.1
2022-07-21 18:24:24,456 [Listener at 0.0.0.0/46107] WARN  scm.ScmUtils (ScmUtils.java:logWarn(179)) - ConfigKey ozone.scm.block.client.address is deprecated, For configuring different ports for each SCM use PortConfigKey ozone.scm.block.client.port appended with serviceId and nodeId. If want to configure same port configure ozone.scm.block.client.port
2022-07-21 18:24:24,456 [Listener at 0.0.0.0/46107] WARN  scm.ScmUtils (ScmUtils.java:logWarn(179)) - ConfigKey ozone.scm.client.address is deprecated, For configuring different ports for each SCM use PortConfigKey ozone.scm.client.port appended with serviceId and nodeId. If want to configure same port configure ozone.scm.client.port
2022-07-21 18:24:24,456 [Listener at 0.0.0.0/46107] WARN  scm.ScmUtils (ScmUtils.java:logWarn(179)) - ConfigKey ozone.scm.datanode.address is deprecated, For configuring different ports for each SCM use PortConfigKey ozone.scm.datanode.port appended with serviceId and nodeId. If want to configure same port configure ozone.scm.datanode.port
2022-07-21 18:24:24,458 [Listener at 0.0.0.0/46107] WARN  utils.HAUtils (HAUtils.java:getMetaDir(342)) - ozone.scm.db.dirs is not configured. We recommend adding this setting. Falling back to ozone.metadata.dirs instead.
2022-07-21 18:24:24,466 [Listener at 0.0.0.0/46107] WARN  db.DBStoreBuilder (DBStoreBuilder.java:applyDBDefinition(145)) - ozone.scm.db.dirs is not configured. We recommend adding this setting. Falling back to ozone.metadata.dirs instead.
2022-07-21 18:24:24,604 [Listener at 0.0.0.0/46107] INFO  net.NodeSchemaLoader (NodeSchemaLoader.java:loadSchemaFromFile(129)) - Loading schema from [jar:file:/home/runner/.m2/repository/org/apache/ozone/hdds-common/1.3.0-SNAPSHOT/hdds-common-1.3.0-SNAPSHOT.jar!/network-topology-default.xml]
2022-07-21 18:24:24,605 [Listener at 0.0.0.0/46107] INFO  net.NodeSchemaLoader (NodeSchemaLoader.java:loadSchema(176)) - Loading network topology layer schema file
2022-07-21 18:24:24,607 [Listener at 0.0.0.0/46107] WARN  impl.MetricRegistriesImpl (MetricRegistriesImpl.java:addReporterRegistration(111)) - New reporters are added after registries were created. Some metrics will be missing from the reporter. Please add reporter before adding any new registry.
2022-07-21 18:24:24,607 [Listener at 0.0.0.0/46107] WARN  impl.MetricRegistriesImpl (MetricRegistriesImpl.java:addReporterRegistration(111)) - New reporters are added after registries were created. Some metrics will be missing from the reporter. Please add reporter before adding any new registry.
2022-07-21 18:24:24,608 [Listener at 0.0.0.0/46107] INFO  ha.SCMRatisServerImpl (SCMRatisServerImpl.java:<init>(88)) - starting Raft server for scm:a989fbd8-2b6d-434f-a2fe-f7a7e8b88707
2022-07-21 18:24:24,609 [Listener at 0.0.0.0/46107] INFO  server.RaftServer (ConfUtils.java:logGet(46)) - raft.rpc.type = GRPC (default)
2022-07-21 18:24:24,609 [Listener at 0.0.0.0/46107] INFO  grpc.GrpcFactory (GrpcFactory.java:checkPooledByteBufAllocatorUseCacheForAllThreads(48)) - PERFORMANCE WARNING: useCacheForAllThreads is true that may cause Netty to create a lot garbage objects and, as a result, trigger GC.
	It is recommended to disable useCacheForAllThreads by setting -Dorg.apache.ratis.thirdparty.io.netty.allocator.useCacheForAllThreads=false in command line.
2022-07-21 18:24:24,609 [Listener at 0.0.0.0/46107] INFO  grpc.GrpcConfigKeys (ConfUtils.java:logGet(46)) - raft.grpc.admin.port = -1 (default)
2022-07-21 18:24:24,609 [Listener at 0.0.0.0/46107] INFO  grpc.GrpcConfigKeys (ConfUtils.java:logGet(46)) - raft.grpc.server.port = 32791 (custom)
2022-07-21 18:24:24,609 [Listener at 0.0.0.0/46107] INFO  grpc.GrpcConfigKeys (ConfUtils.java:logGet(46)) - raft.grpc.client.port = -1 (default)
2022-07-21 18:24:24,610 [Listener at 0.0.0.0/46107] INFO  grpc.GrpcConfigKeys (ConfUtils.java:logGet(46)) - raft.grpc.server.port = 32791 (custom)
2022-07-21 18:24:24,614 [Listener at 0.0.0.0/46107] INFO  grpc.GrpcConfigKeys (ConfUtils.java:logGet(46)) - raft.grpc.server.port = 32791 (custom)
2022-07-21 18:24:24,614 [Listener at 0.0.0.0/46107] INFO  server.GrpcService (ConfUtils.java:logGet(46)) - raft.grpc.message.size.max = 32m (=33554432) (custom)
2022-07-21 18:24:24,614 [Listener at 0.0.0.0/46107] INFO  server.RaftServerConfigKeys (ConfUtils.java:logGet(46)) - raft.server.log.appender.buffer.byte-limit = 33554432 (custom)
2022-07-21 18:24:24,614 [Listener at 0.0.0.0/46107] INFO  server.GrpcService (ConfUtils.java:logGet(46)) - raft.grpc.flow.control.window = 1MB (=1048576) (default)
2022-07-21 18:24:24,614 [Listener at 0.0.0.0/46107] INFO  server.RaftServerConfigKeys (ConfUtils.java:logGet(46)) - raft.server.rpc.request.timeout = 30000ms (custom)
2022-07-21 18:24:24,614 [Listener at 0.0.0.0/46107] INFO  grpc.GrpcConfigKeys (ConfUtils.java:logGet(46)) - raft.grpc.server.async.request.thread.pool.cached = true (default)
2022-07-21 18:24:24,615 [Listener at 0.0.0.0/46107] INFO  grpc.GrpcConfigKeys (ConfUtils.java:logGet(46)) - raft.grpc.server.async.request.thread.pool.size = 32 (default)
2022-07-21 18:24:24,616 [Listener at 0.0.0.0/46107] INFO  impl.DataStreamServerImpl (ConfUtils.java:logGet(46)) - raft.datastream.type = DISABLED (default)
2022-07-21 18:24:24,616 [Listener at 0.0.0.0/46107] INFO  server.RaftServerConfigKeys (ConfUtils.java:logGet(46)) - raft.server.threadpool.proxy.cached = true (default)
2022-07-21 18:24:24,616 [Listener at 0.0.0.0/46107] INFO  server.RaftServerConfigKeys (ConfUtils.java:logGet(46)) - raft.server.threadpool.proxy.size = 0 (default)
2022-07-21 18:24:24,616 [Listener at 0.0.0.0/46107] INFO  server.RaftServerConfigKeys (ConfUtils.java:logGet(46)) - raft.server.rpc.slowness.timeout = 120000ms (custom)
2022-07-21 18:24:24,617 [Listener at 0.0.0.0/46107] INFO  server.RaftServerConfigKeys (ConfUtils.java:logGet(46)) - raft.server.leaderelection.leader.step-down.wait-time = 10s (default)
2022-07-21 18:24:24,617 [Listener at 0.0.0.0/46107] INFO  server.RaftServerConfigKeys (ConfUtils.java:logGet(46)) - raft.server.storage.dir = [/home/runner/work/ozone/ozone/hadoop-ozone/integration-test/target/test-dir/MiniOzoneClusterImpl-c56c5c68-8a55-4647-89a4-dc8bb834fa26/scmNode-2/scm-ha] (custom)
2022-07-21 18:24:24,629 [Listener at 0.0.0.0/46107] INFO  server.RaftServer (RaftServerProxy.java:addNew(96)) - a989fbd8-2b6d-434f-a2fe-f7a7e8b88707: addNew group-DC8BB834FA26:[] returns group-DC8BB834FA26:java.util.concurrent.CompletableFuture@a312d9a[Not completed]
2022-07-21 18:24:24,629 [pool-54-thread-1] INFO  server.RaftServer$Division (RaftServerImpl.java:<init>(190)) - a989fbd8-2b6d-434f-a2fe-f7a7e8b88707: new RaftServerImpl for group-DC8BB834FA26:[] with SCMStateMachine:uninitialized
2022-07-21 18:24:24,629 [pool-54-thread-1] INFO  server.RaftServerConfigKeys (ConfUtils.java:logGet(46)) - raft.server.rpc.timeout.min = 5000ms (custom)
2022-07-21 18:24:24,630 [pool-54-thread-1] INFO  server.RaftServerConfigKeys (ConfUtils.java:logGet(46)) - raft.server.rpc.timeout.max = 5200ms (custom)
2022-07-21 18:24:24,630 [pool-54-thread-1] INFO  server.RaftServerConfigKeys (ConfUtils.java:logGet(46)) - raft.server.rpc.sleep.time = 25ms (default)
2022-07-21 18:24:24,630 [pool-54-thread-1] INFO  server.RaftServerConfigKeys (ConfUtils.java:logGet(46)) - raft.server.rpc.slowness.timeout = 120000ms (custom)
2022-07-21 18:24:24,630 [pool-54-thread-1] INFO  server.RaftServerConfigKeys (ConfUtils.java:logGet(46)) - raft.server.leaderelection.leader.step-down.wait-time = 10s (default)
2022-07-21 18:24:24,630 [pool-54-thread-1] INFO  server.RaftServerConfigKeys (ConfUtils.java:logGet(46)) - raft.server.sleep.deviation.threshold = 300ms (default)
2022-07-21 18:24:24,630 [pool-54-thread-1] INFO  server.RaftServer$Division (ServerState.java:<init>(107)) - a989fbd8-2b6d-434f-a2fe-f7a7e8b88707@group-DC8BB834FA26: ConfigurationManager, init=-1: [], old=null, confs=<EMPTY_MAP>
2022-07-21 18:24:24,630 [pool-54-thread-1] INFO  server.RaftServerConfigKeys (ConfUtils.java:logGet(46)) - raft.server.storage.dir = [/home/runner/work/ozone/ozone/hadoop-ozone/integration-test/target/test-dir/MiniOzoneClusterImpl-c56c5c68-8a55-4647-89a4-dc8bb834fa26/scmNode-2/scm-ha] (custom)
2022-07-21 18:24:24,630 [pool-54-thread-1] INFO  server.RaftServerConfigKeys (ConfUtils.java:logGet(46)) - raft.server.log.corruption.policy = EXCEPTION (default)
2022-07-21 18:24:24,630 [pool-54-thread-1] INFO  server.RaftServerConfigKeys (ConfUtils.java:logGet(46)) - raft.server.storage.free-space.min = 0MB (=0) (default)
2022-07-21 18:24:24,631 [pool-54-thread-1] INFO  storage.RaftStorageDirectory (RaftStorageDirectoryImpl.java:analyzeStorage(135)) - The storage directory /home/runner/work/ozone/ozone/hadoop-ozone/integration-test/target/test-dir/MiniOzoneClusterImpl-c56c5c68-8a55-4647-89a4-dc8bb834fa26/scmNode-2/scm-ha/c56c5c68-8a55-4647-89a4-dc8bb834fa26 does not exist. Creating ...
2022-07-21 18:24:24,632 [pool-54-thread-1] INFO  storage.RaftStorageDirectory (RaftStorageDirectoryImpl.java:tryLock(230)) - Lock on /home/runner/work/ozone/ozone/hadoop-ozone/integration-test/target/test-dir/MiniOzoneClusterImpl-c56c5c68-8a55-4647-89a4-dc8bb834fa26/scmNode-2/scm-ha/c56c5c68-8a55-4647-89a4-dc8bb834fa26/in_use.lock acquired by nodename 21952@fv-az378-305
2022-07-21 18:24:24,634 [pool-54-thread-1] INFO  storage.RaftStorage (RaftStorageImpl.java:format(89)) - Storage directory /home/runner/work/ozone/ozone/hadoop-ozone/integration-test/target/test-dir/MiniOzoneClusterImpl-c56c5c68-8a55-4647-89a4-dc8bb834fa26/scmNode-2/scm-ha/c56c5c68-8a55-4647-89a4-dc8bb834fa26 has been successfully formatted.
2022-07-21 18:24:24,634 [pool-54-thread-1] INFO  server.RaftServerConfigKeys (ConfUtils.java:logGet(46)) - raft.server.notification.no-leader.timeout = 60s (default)
2022-07-21 18:24:24,634 [pool-54-thread-1] INFO  server.RaftServerConfigKeys (ConfUtils.java:logGet(46)) - raft.server.log.use.memory = false (default)
2022-07-21 18:24:24,634 [pool-54-thread-1] INFO  server.RaftServerConfigKeys (ConfUtils.java:logGet(46)) - raft.server.log.purge.gap = 1000000 (custom)
2022-07-21 18:24:24,635 [pool-54-thread-1] INFO  server.RaftServerConfigKeys (ConfUtils.java:logGet(46)) - raft.server.log.appender.buffer.byte-limit = 33554432 (custom)
2022-07-21 18:24:24,635 [pool-54-thread-1] INFO  server.RaftServerConfigKeys (ConfUtils.java:logGet(46)) - raft.server.log.statemachine.data.read.timeout = 1000ms (default)
2022-07-21 18:24:24,635 [pool-54-thread-1] INFO  server.RaftServerConfigKeys (ConfUtils.java:logGet(46)) - raft.server.log.segment.size.max = 4194304 (custom)
2022-07-21 18:24:24,636 [pool-54-thread-1] INFO  server.RaftServerConfigKeys (ConfUtils.java:logGet(46)) - raft.server.log.segment.cache.num.max = 2 (custom)
2022-07-21 18:24:24,636 [pool-54-thread-1] INFO  server.RaftServerConfigKeys (ConfUtils.java:logGet(46)) - raft.server.log.segment.cache.size.max = 200MB (=209715200) (default)
2022-07-21 18:24:24,637 [pool-54-thread-1] INFO  segmented.SegmentedRaftLogWorker (SegmentedRaftLogWorker.java:<init>(187)) - new a989fbd8-2b6d-434f-a2fe-f7a7e8b88707@group-DC8BB834FA26-SegmentedRaftLogWorker for RaftStorageImpl:Storage Directory /home/runner/work/ozone/ozone/hadoop-ozone/integration-test/target/test-dir/MiniOzoneClusterImpl-c56c5c68-8a55-4647-89a4-dc8bb834fa26/scmNode-2/scm-ha/c56c5c68-8a55-4647-89a4-dc8bb834fa26
2022-07-21 18:24:24,637 [pool-54-thread-1] INFO  server.RaftServerConfigKeys (ConfUtils.java:logGet(46)) - raft.server.log.queue.byte-limit = 64MB (=67108864) (default)
2022-07-21 18:24:24,637 [pool-54-thread-1] INFO  server.RaftServerConfigKeys (ConfUtils.java:logGet(46)) - raft.server.log.queue.element-limit = 4096 (default)
2022-07-21 18:24:24,637 [pool-54-thread-1] INFO  server.RaftServerConfigKeys (ConfUtils.java:logGet(46)) - raft.server.log.segment.size.max = 4194304 (custom)
2022-07-21 18:24:24,637 [pool-54-thread-1] INFO  server.RaftServerConfigKeys (ConfUtils.java:logGet(46)) - raft.server.log.preallocated.size = 4194304 (custom)
2022-07-21 18:24:24,637 [pool-54-thread-1] INFO  server.RaftServerConfigKeys (ConfUtils.java:logGet(46)) - raft.server.log.force.sync.num = 128 (default)
2022-07-21 18:24:24,637 [pool-54-thread-1] INFO  server.RaftServerConfigKeys (ConfUtils.java:logGet(46)) - raft.server.log.statemachine.data.sync = true (default)
2022-07-21 18:24:24,637 [pool-54-thread-1] INFO  server.RaftServerConfigKeys (ConfUtils.java:logGet(46)) - raft.server.log.statemachine.data.sync.timeout = 10s (default)
2022-07-21 18:24:24,637 [pool-54-thread-1] INFO  server.RaftServerConfigKeys (ConfUtils.java:logGet(46)) - raft.server.log.statemachine.data.sync.timeout.retry = -1 (default)
2022-07-21 18:24:24,638 [pool-54-thread-1] INFO  server.RaftServerConfigKeys (ConfUtils.java:logGet(46)) - raft.server.log.write.buffer.size = 64KB (=65536) (default)
2022-07-21 18:24:24,639 [pool-54-thread-1] INFO  server.RaftServerConfigKeys (ConfUtils.java:logGet(46)) - raft.server.log.unsafe-flush.enabled = false (default)
2022-07-21 18:24:24,639 [pool-54-thread-1] INFO  server.RaftServerConfigKeys (ConfUtils.java:logGet(46)) - raft.server.log.statemachine.data.caching.enabled = false (default)
2022-07-21 18:24:24,639 [pool-54-thread-1] INFO  segmented.SegmentedRaftLogWorker (SegmentedRaftLogWorker.java:lambda$new$0(135)) - a989fbd8-2b6d-434f-a2fe-f7a7e8b88707@group-DC8BB834FA26-SegmentedRaftLogWorker: flushIndex: setUnconditionally 0 -> -1
2022-07-21 18:24:24,639 [pool-54-thread-1] INFO  segmented.SegmentedRaftLogWorker (SegmentedRaftLogWorker.java:lambda$new$0(135)) - a989fbd8-2b6d-434f-a2fe-f7a7e8b88707@group-DC8BB834FA26-SegmentedRaftLogWorker: safeCacheEvictIndex: setUnconditionally 0 -> -1
2022-07-21 18:24:24,642 [pool-54-thread-1] INFO  server.RaftServerConfigKeys (ConfUtils.java:logGet(46)) - raft.server.snapshot.auto.trigger.enabled = true (custom)
2022-07-21 18:24:24,642 [pool-54-thread-1] INFO  server.RaftServerConfigKeys (ConfUtils.java:logGet(46)) - raft.server.snapshot.auto.trigger.threshold = 1000 (custom)
2022-07-21 18:24:24,643 [pool-54-thread-1] INFO  server.RaftServerConfigKeys (ConfUtils.java:logGet(46)) - raft.server.snapshot.retention.file.num = -1 (default)
2022-07-21 18:24:24,643 [pool-54-thread-1] INFO  server.RaftServerConfigKeys (ConfUtils.java:logGet(46)) - raft.server.log.purge.upto.snapshot.index = false (default)
2022-07-21 18:24:24,643 [pool-54-thread-1] INFO  server.RaftServerConfigKeys (ConfUtils.java:logGet(46)) - raft.server.retrycache.expirytime = 60000ms (default)
2022-07-21 18:24:24,643 [pool-54-thread-1] INFO  server.RaftServerConfigKeys (ConfUtils.java:logGet(46)) - raft.server.retrycache.statistics.expirytime = 100μs (default)
2022-07-21 18:24:24,644 [pool-54-thread-1] INFO  server.RaftServerConfigKeys (ConfUtils.java:logGet(46)) - raft.server.log.appender.install.snapshot.enabled = false (custom)
2022-07-21 18:24:24,644 [pool-54-thread-1] INFO  server.RaftServerConfigKeys (ConfUtils.java:logGet(46)) - raft.server.threadpool.server.cached = true (default)
2022-07-21 18:24:24,644 [pool-54-thread-1] INFO  server.RaftServerConfigKeys (ConfUtils.java:logGet(46)) - raft.server.threadpool.server.size = 0 (default)
2022-07-21 18:24:24,644 [pool-54-thread-1] INFO  server.RaftServerConfigKeys (ConfUtils.java:logGet(46)) - raft.server.threadpool.client.cached = true (default)
2022-07-21 18:24:24,644 [pool-54-thread-1] INFO  server.RaftServerConfigKeys (ConfUtils.java:logGet(46)) - raft.server.threadpool.client.size = 0 (default)
2022-07-21 18:24:24,645 [Listener at 0.0.0.0/46107] INFO  ha.SCMSnapshotProvider (SCMSnapshotProvider.java:<init>(66)) - Initializing SCM Snapshot Provider
2022-07-21 18:24:24,645 [Listener at 0.0.0.0/46107] WARN  server.ServerUtils (ServerUtils.java:getDefaultRatisDirectory(237)) - Storage directory for Ratis is not configured. It is a good idea to map this to an SSD disk. Falling back to ozone.metadata.dirs
2022-07-21 18:24:24,645 [Listener at 0.0.0.0/46107] WARN  ha.SCMHAUtils (SCMHAUtils.java:getSCMRatisSnapshotDirectory(153)) - SCM snapshot dir is not configured. Falling back to ozone.metadata.dirs config
2022-07-21 18:24:24,646 [Listener at 0.0.0.0/46107] INFO  upgrade.AbstractLayoutVersionManager (AbstractLayoutVersionManager.java:init(83)) - Initializing Layout version manager with metadata layout = DATANODE_SCHEMA_V3 (version = 4), software layout = DATANODE_SCHEMA_V3 (version = 4)
2022-07-21 18:24:24,706 [Listener at 0.0.0.0/46107] INFO  reflections.Reflections (Reflections.java:scan(232)) - Reflections took 58 ms to scan 7 urls, producing 132 keys and 321 values 
2022-07-21 18:24:24,708 [Listener at 0.0.0.0/46107] INFO  ha.SequenceIdGenerator (SequenceIdGenerator.java:upgradeToSequenceId(349)) - upgrade localId to 109611004723200000
2022-07-21 18:24:24,708 [Listener at 0.0.0.0/46107] INFO  ha.SequenceIdGenerator (SequenceIdGenerator.java:upgradeToSequenceId(359)) - upgrade delTxnId to 0
2022-07-21 18:24:24,709 [Listener at 0.0.0.0/46107] INFO  ha.SequenceIdGenerator (SequenceIdGenerator.java:upgradeToSequenceId(376)) - upgrade containerId to 0
2022-07-21 18:24:24,709 [Listener at 0.0.0.0/46107] INFO  ha.SequenceIdGenerator (SequenceIdGenerator.java:<init>(220)) - Init the HA SequenceIdGenerator.
2022-07-21 18:24:24,709 [Listener at 0.0.0.0/46107] WARN  server.ServerUtils (ServerUtils.java:sanitizeUserArgs(73)) - ozone.scm.stale.node.interval value = 300000 is larger than max = 100000 based on the key value of ozone.scm.heartbeat.thread.interval, reset to the max value 100000.
2022-07-21 18:24:24,709 [Listener at 0.0.0.0/46107] WARN  server.ServerUtils (ServerUtils.java:sanitizeUserArgs(73)) - ozone.scm.stale.node.interval value = 300000 is larger than max = 100000 based on the key value of ozone.scm.heartbeat.thread.interval, reset to the max value 100000.
2022-07-21 18:24:24,718 [Listener at 0.0.0.0/46107] INFO  node.SCMNodeManager (SCMNodeManager.java:<init>(149)) - Entering startup safe mode.
2022-07-21 18:24:24,740 [Listener at 0.0.0.0/46107] INFO  algorithms.ContainerPlacementPolicyFactory (ContainerPlacementPolicyFactory.java:getPolicyInternal(86)) - Create container placement policy of type org.apache.hadoop.hdds.scm.container.placement.algorithms.SCMContainerPlacementRandom
2022-07-21 18:24:24,740 [Listener at 0.0.0.0/46107] INFO  pipeline.PipelineStateManagerImpl (PipelineStateManagerImpl.java:initialize(78)) - No pipeline exists in current db
2022-07-21 18:24:24,740 [Listener at 0.0.0.0/46107] INFO  algorithms.LeaderChoosePolicyFactory (LeaderChoosePolicyFactory.java:getPolicy(57)) - Create leader choose policy of type org.apache.hadoop.hdds.scm.pipeline.leader.choose.algorithms.MinLeaderCountChoosePolicy
2022-07-21 18:24:24,740 [Listener at 0.0.0.0/46107] INFO  algorithms.ContainerPlacementPolicyFactory (ContainerPlacementPolicyFactory.java:getPolicyInternal(86)) - Create container placement policy of type org.apache.hadoop.hdds.scm.container.placement.algorithms.SCMContainerPlacementRackScatter
2022-07-21 18:24:24,741 [Listener at 0.0.0.0/46107] INFO  ha.SCMServiceManager (SCMServiceManager.java:register(42)) - Registering service BackgroundPipelineCreator.
2022-07-21 18:24:24,742 [Listener at 0.0.0.0/46107] INFO  pipeline.BackgroundPipelineCreator (BackgroundPipelineCreator.java:start(124)) - Starting RatisPipelineUtilsThread.
2022-07-21 18:24:24,742 [Listener at 0.0.0.0/46107] INFO  BackgroundPipelineScrubber (BackgroundSCMService.java:start(68)) - Starting BackgroundPipelineScrubber Service.
2022-07-21 18:24:24,742 [Listener at 0.0.0.0/46107] INFO  ha.SCMServiceManager (SCMServiceManager.java:register(42)) - Registering service BackgroundPipelineScrubber.
2022-07-21 18:24:24,742 [Listener at 0.0.0.0/46107] INFO  ExpiredContainerReplicaOpScrubber (BackgroundSCMService.java:start(68)) - Starting ExpiredContainerReplicaOpScrubber Service.
2022-07-21 18:24:24,746 [Listener at 0.0.0.0/46107] INFO  ha.SCMServiceManager (SCMServiceManager.java:register(42)) - Registering service ExpiredContainerReplicaOpScrubber.
2022-07-21 18:24:24,747 [Listener at 0.0.0.0/46107] INFO  algorithms.PipelineChoosePolicyFactory (PipelineChoosePolicyFactory.java:createPipelineChoosePolicyFromClass(73)) - Create pipeline choose policy of type org.apache.hadoop.hdds.scm.pipeline.choose.algorithms.RandomPipelineChoosePolicy
2022-07-21 18:24:24,748 [Listener at 0.0.0.0/46107] INFO  ha.SCMServiceManager (SCMServiceManager.java:register(42)) - Registering service SCMBlockDeletingService.
2022-07-21 18:24:24,748 [Listener at 0.0.0.0/46107] INFO  replication.ReplicationManager (ReplicationManager.java:start(200)) - Starting Replication Monitor Thread.
2022-07-21 18:24:24,758 [Listener at 0.0.0.0/46107] INFO  UnderReplicatedQueueThread (BackgroundSCMService.java:start(68)) - Starting UnderReplicatedQueueThread Service.
2022-07-21 18:24:24,766 [Listener at 0.0.0.0/46107] INFO  ha.SCMServiceManager (SCMServiceManager.java:register(42)) - Registering service UnderReplicatedQueueThread.
2022-07-21 18:24:24,766 [Listener at 0.0.0.0/46107] INFO  OverReplicatedQueueThread (BackgroundSCMService.java:start(68)) - Starting OverReplicatedQueueThread Service.
2022-07-21 18:24:24,767 [Listener at 0.0.0.0/46107] INFO  ha.SCMServiceManager (SCMServiceManager.java:register(42)) - Registering service OverReplicatedQueueThread.
2022-07-21 18:24:24,767 [Listener at 0.0.0.0/46107] INFO  ha.SCMServiceManager (SCMServiceManager.java:register(42)) - Registering service ReplicationManager.
2022-07-21 18:24:24,767 [Listener at 0.0.0.0/46107] INFO  safemode.ContainerSafeModeRule (ContainerSafeModeRule.java:<init>(89)) - containers with one replica threshold count 0
2022-07-21 18:24:24,768 [Listener at 0.0.0.0/46107] INFO  safemode.HealthyPipelineSafeModeRule (HealthyPipelineSafeModeRule.java:initializeRule(169)) - Total pipeline count is 0, healthy pipeline threshold count is 1
2022-07-21 18:24:24,769 [Listener at 0.0.0.0/46107] INFO  safemode.OneReplicaPipelineSafeModeRule (OneReplicaPipelineSafeModeRule.java:initializeRule(180)) - Total pipeline count is 0, pipeline's with at least one datanode reported threshold count is 0
2022-07-21 18:24:24,774 [Listener at 0.0.0.0/46107] INFO  ipc.CallQueueManager (CallQueueManager.java:<init>(90)) - Using callQueue: class java.util.concurrent.LinkedBlockingQueue, queueCapacity: 2000, scheduler: class org.apache.hadoop.ipc.DefaultRpcScheduler, ipcBackoff: false.
2022-07-21 18:24:24,775 [Socket Reader #1 for port 40299] INFO  ipc.Server (Server.java:run(1265)) - Starting Socket Reader #1 for port 40299
2022-07-21 18:24:24,777 [Listener at 0.0.0.0/40299] INFO  ipc.CallQueueManager (CallQueueManager.java:<init>(90)) - Using callQueue: class java.util.concurrent.LinkedBlockingQueue, queueCapacity: 2000, scheduler: class org.apache.hadoop.ipc.DefaultRpcScheduler, ipcBackoff: false.
2022-07-21 18:24:24,777 [Socket Reader #1 for port 39071] INFO  ipc.Server (Server.java:run(1265)) - Starting Socket Reader #1 for port 39071
2022-07-21 18:24:24,791 [Listener at 0.0.0.0/39071] INFO  ipc.CallQueueManager (CallQueueManager.java:<init>(90)) - Using callQueue: class java.util.concurrent.LinkedBlockingQueue, queueCapacity: 2000, scheduler: class org.apache.hadoop.ipc.DefaultRpcScheduler, ipcBackoff: false.
2022-07-21 18:24:24,792 [ReplicationMonitor] INFO  replication.ReplicationManager (ReplicationManager.java:processAll(249)) - Replication Manager is not ready to run until 3000ms after safemode exit
2022-07-21 18:24:24,801 [Socket Reader #1 for port 34327] INFO  ipc.Server (Server.java:run(1265)) - Starting Socket Reader #1 for port 34327
2022-07-21 18:24:24,853 [Listener at 0.0.0.0/34327] INFO  ha.SCMServiceManager (SCMServiceManager.java:register(42)) - Registering service ContainerBalancer.
2022-07-21 18:24:24,853 [Listener at 0.0.0.0/34327] INFO  server.StorageContainerManager (StorageContainerManager.java:<init>(403)) - 
Container Balancer status:
Key                            Value
Running                        false
Container Balancer Configuration values:
Key                                                Value
Threshold                                          10
Max Datanodes to Involve per Iteration(percent)    20
Max Size to Move per Iteration                     500GB
Max Size Entering Target per Iteration             26GB
Max Size Leaving Source per Iteration              26GB

2022-07-21 18:24:24,853 [Listener at 0.0.0.0/34327] WARN  events.EventQueue (EventQueue.java:fireEvent(216)) - No event handler registered for event TypedEvent{payloadType=SafeModeStatus, name='Safe mode status'}
2022-07-21 18:24:24,853 [Listener at 0.0.0.0/34327] INFO  ha.SCMContext (SCMContext.java:updateSafeModeStatus(228)) - Update SafeModeStatus from SafeModeStatus{safeModeStatus=true, preCheckPassed=false} to SafeModeStatus{safeModeStatus=true, preCheckPassed=false}.
2022-07-21 18:24:24,854 [Listener at 0.0.0.0/34327] INFO  server.StorageContainerManager (StorageContainerManager.java:start(1452)) - StorageContainerLocationProtocol RPC server is listening at /0.0.0.0:34327
2022-07-21 18:24:24,854 [Listener at 0.0.0.0/34327] INFO  ha.SCMRatisServerImpl (SCMRatisServerImpl.java:start(179)) - starting ratis server 0.0.0.0:32791
2022-07-21 18:24:24,855 [a989fbd8-2b6d-434f-a2fe-f7a7e8b88707-impl-thread1] INFO  server.RaftServer$Division (RaftServerImpl.java:start(316)) - a989fbd8-2b6d-434f-a2fe-f7a7e8b88707@group-DC8BB834FA26: start with initializing state, conf=-1: [], old=null
2022-07-21 18:24:24,856 [a989fbd8-2b6d-434f-a2fe-f7a7e8b88707-impl-thread1] INFO  server.RaftServer$Division (RaftServerImpl.java:setRole(299)) - a989fbd8-2b6d-434f-a2fe-f7a7e8b88707@group-DC8BB834FA26: changes role from      null to FOLLOWER at term 0 for startInitializing
2022-07-21 18:24:24,856 [a989fbd8-2b6d-434f-a2fe-f7a7e8b88707-impl-thread1] INFO  util.JmxRegister (JmxRegister.java:tryRegister(44)) - Successfully registered JMX Bean with object name Ratis:service=RaftServer,group=group-DC8BB834FA26,id=a989fbd8-2b6d-434f-a2fe-f7a7e8b88707
2022-07-21 18:24:24,857 [Listener at 0.0.0.0/34327] INFO  server.RaftServer (RaftServerProxy.java:lambda$start$6(382)) - a989fbd8-2b6d-434f-a2fe-f7a7e8b88707: start RPC server
2022-07-21 18:24:24,867 [Listener at 0.0.0.0/34327] INFO  server.GrpcService (GrpcService.java:startImpl(260)) - a989fbd8-2b6d-434f-a2fe-f7a7e8b88707: GrpcService started, listening on 32791
2022-07-21 18:24:24,872 [Listener at 0.0.0.0/34327] INFO  ha.SCMNodeInfo (SCMNodeInfo.java:getPort(197)) - ConfigKey ozone.scm.client.address is deprecated, For configuring different ports for each SCM use PortConfigKey ozone.scm.client.port appended with serviceId and nodeId
2022-07-21 18:24:24,872 [Listener at 0.0.0.0/34327] INFO  ha.SCMNodeInfo (SCMNodeInfo.java:getPort(197)) - ConfigKey ozone.scm.block.client.address is deprecated, For configuring different ports for each SCM use PortConfigKey ozone.scm.block.client.port appended with serviceId and nodeId
2022-07-21 18:24:24,872 [Listener at 0.0.0.0/34327] INFO  ha.SCMNodeInfo (SCMNodeInfo.java:getPort(197)) - ConfigKey ozone.scm.datanode.address is deprecated, For configuring different ports for each SCM use PortConfigKey ozone.scm.datanode.port appended with serviceId and nodeId
2022-07-21 18:24:24,873 [Listener at 0.0.0.0/34327] INFO  ha.SCMNodeInfo (SCMNodeInfo.java:getPort(197)) - ConfigKey ozone.scm.client.address is deprecated, For configuring different ports for each SCM use PortConfigKey ozone.scm.client.port appended with serviceId and nodeId
2022-07-21 18:24:24,873 [Listener at 0.0.0.0/34327] INFO  ha.SCMNodeInfo (SCMNodeInfo.java:getPort(197)) - ConfigKey ozone.scm.block.client.address is deprecated, For configuring different ports for each SCM use PortConfigKey ozone.scm.block.client.port appended with serviceId and nodeId
2022-07-21 18:24:24,873 [Listener at 0.0.0.0/34327] INFO  ha.SCMNodeInfo (SCMNodeInfo.java:getPort(197)) - ConfigKey ozone.scm.datanode.address is deprecated, For configuring different ports for each SCM use PortConfigKey ozone.scm.datanode.port appended with serviceId and nodeId
2022-07-21 18:24:24,875 [Listener at 0.0.0.0/34327] INFO  proxy.SCMBlockLocationFailoverProxyProvider (SCMBlockLocationFailoverProxyProvider.java:<init>(114)) - Created block location fail-over proxy with 2 nodes: [nodeId=scmNode-3,nodeAddress=/127.0.0.1:36325, nodeId=scmNode-1,nodeAddress=/127.0.0.1:37887]
2022-07-21 18:24:24,878 [org.apache.ratis.util.JvmPauseMonitor$$Lambda$519/1846153014@61129ad1] INFO  util.JvmPauseMonitor (JvmPauseMonitor.java:run(103)) - JvmPauseMonitor-a989fbd8-2b6d-434f-a2fe-f7a7e8b88707: Started
2022-07-21 18:24:24,892 [IPC Server handler 0 on default port 37887] INFO  ha.SCMRatisServerImpl (SCMRatisServerImpl.java:addSCM(302)) - 6c219fae-6e05-4936-867a-162ef996a9c6: Submitting SetConfiguration request to Ratis server with new SCM peers list: [6c219fae-6e05-4936-867a-162ef996a9c6|rpc:localhost:35447|admin:|client:|dataStream:|priority:0, a989fbd8-2b6d-434f-a2fe-f7a7e8b88707|rpc:localhost:32791|priority:0]
2022-07-21 18:24:24,911 [IPC Server handler 0 on default port 37887] INFO  server.RaftServer$Division (RaftServerImpl.java:setConfigurationAsync(1080)) - 6c219fae-6e05-4936-867a-162ef996a9c6@group-DC8BB834FA26: receive setConfiguration SetConfigurationRequest:client-3DE7F50A924F->6c219fae-6e05-4936-867a-162ef996a9c6@group-DC8BB834FA26, cid=0, seq=0, RW, null, peers:[6c219fae-6e05-4936-867a-162ef996a9c6|rpc:localhost:35447|admin:|client:|dataStream:|priority:0, a989fbd8-2b6d-434f-a2fe-f7a7e8b88707|rpc:localhost:32791|priority:0]
2022-07-21 18:24:24,912 [IPC Server handler 0 on default port 37887] INFO  server.RaftServer$Division (LeaderStateImpl.java:startSetConfiguration(368)) - 6c219fae-6e05-4936-867a-162ef996a9c6@group-DC8BB834FA26-LeaderStateImpl: startSetConfiguration SetConfigurationRequest:client-3DE7F50A924F->6c219fae-6e05-4936-867a-162ef996a9c6@group-DC8BB834FA26, cid=0, seq=0, RW, null, peers:[6c219fae-6e05-4936-867a-162ef996a9c6|rpc:localhost:35447|admin:|client:|dataStream:|priority:0, a989fbd8-2b6d-434f-a2fe-f7a7e8b88707|rpc:localhost:32791|priority:0]
2022-07-21 18:24:24,925 [IPC Server handler 0 on default port 37887] INFO  server.RaftServerConfigKeys (ConfUtils.java:logGet(46)) - raft.server.log.appender.snapshot.chunk.size.max = 16MB (=16777216) (default)
2022-07-21 18:24:24,925 [IPC Server handler 0 on default port 37887] INFO  server.RaftServerConfigKeys (ConfUtils.java:logGet(46)) - raft.server.log.appender.buffer.byte-limit = 33554432 (custom)
2022-07-21 18:24:24,927 [IPC Server handler 0 on default port 37887] INFO  server.RaftServerConfigKeys (ConfUtils.java:logGet(46)) - raft.server.log.appender.buffer.element-limit = 1024 (custom)
2022-07-21 18:24:24,934 [IPC Server handler 0 on default port 37887] INFO  grpc.GrpcConfigKeys (ConfUtils.java:logGet(46)) - raft.grpc.server.leader.outstanding.appends.max = 128 (default)
2022-07-21 18:24:24,934 [IPC Server handler 0 on default port 37887] INFO  server.RaftServerConfigKeys (ConfUtils.java:logGet(46)) - raft.server.rpc.request.timeout = 30000ms (custom)
2022-07-21 18:24:24,934 [IPC Server handler 0 on default port 37887] INFO  server.RaftServerConfigKeys (ConfUtils.java:logGet(46)) - raft.server.log.appender.install.snapshot.enabled = false (custom)
2022-07-21 18:24:24,942 [6c219fae-6e05-4936-867a-162ef996a9c6@group-DC8BB834FA26->a989fbd8-2b6d-434f-a2fe-f7a7e8b88707-GrpcLogAppender-LogAppenderDaemon] INFO  server.GrpcLogAppender (GrpcLogAppender.java:installSnapshot(541)) - 6c219fae-6e05-4936-867a-162ef996a9c6@group-DC8BB834FA26->a989fbd8-2b6d-434f-a2fe-f7a7e8b88707-GrpcLogAppender: followerNextIndex = 0 but logStartIndex = 0, notify follower to install snapshot-(t:1, i:0)
2022-07-21 18:24:24,977 [6c219fae-6e05-4936-867a-162ef996a9c6@group-DC8BB834FA26->a989fbd8-2b6d-434f-a2fe-f7a7e8b88707-GrpcLogAppender-LogAppenderDaemon] INFO  server.GrpcLogAppender (GrpcLogAppender.java:installSnapshot(549)) - 6c219fae-6e05-4936-867a-162ef996a9c6@group-DC8BB834FA26->a989fbd8-2b6d-434f-a2fe-f7a7e8b88707-GrpcLogAppender: send 6c219fae-6e05-4936-867a-162ef996a9c6->a989fbd8-2b6d-434f-a2fe-f7a7e8b88707#0-t2,notify:(t:1, i:0)
2022-07-21 18:24:25,615 [grpc-default-executor-0] INFO  impl.SnapshotInstallationHandler (SnapshotInstallationHandler.java:installSnapshot(84)) - a989fbd8-2b6d-434f-a2fe-f7a7e8b88707@group-DC8BB834FA26: receive installSnapshot: 6c219fae-6e05-4936-867a-162ef996a9c6->a989fbd8-2b6d-434f-a2fe-f7a7e8b88707#0-t2,notify:(t:1, i:0)
2022-07-21 18:24:25,623 [grpc-default-executor-0] INFO  ha.SCMStateMachine (SCMStateMachine.java:notifyLeaderChanged(255)) - leader changed, yet current SCM is still follower.
2022-07-21 18:24:25,623 [grpc-default-executor-0] INFO  server.RaftServer$Division (ServerState.java:setLeader(287)) - a989fbd8-2b6d-434f-a2fe-f7a7e8b88707@group-DC8BB834FA26: change Leader from null to 6c219fae-6e05-4936-867a-162ef996a9c6 at term 2 for installSnapshot, leader elected after 989ms
2022-07-21 18:24:25,625 [grpc-default-executor-0] INFO  impl.SnapshotInstallationHandler (SnapshotInstallationHandler.java:notifyStateMachineToInstallSnapshot(215)) - a989fbd8-2b6d-434f-a2fe-f7a7e8b88707@group-DC8BB834FA26: Received notification to install snapshot at index 0
2022-07-21 18:24:25,626 [grpc-default-executor-0] INFO  impl.SnapshotInstallationHandler (SnapshotInstallationHandler.java:notifyStateMachineToInstallSnapshot(224)) - a989fbd8-2b6d-434f-a2fe-f7a7e8b88707@group-DC8BB834FA26: InstallSnapshot notification result: ALREADY_INSTALLED, current snapshot index: -1
2022-07-21 18:24:25,712 [grpc-default-executor-0] INFO  impl.SnapshotInstallationHandler (SnapshotInstallationHandler.java:installSnapshotImpl(129)) - a989fbd8-2b6d-434f-a2fe-f7a7e8b88707@group-DC8BB834FA26: set new configuration index: 1
configurationEntry {
  peers {
    id: "6c219fae-6e05-4936-867a-162ef996a9c6"
    address: "localhost:35447"
  }
}
 from snapshot
2022-07-21 18:24:25,713 [grpc-default-executor-0] INFO  server.RaftServer$Division (ServerState.java:setRaftConf(393)) - a989fbd8-2b6d-434f-a2fe-f7a7e8b88707@group-DC8BB834FA26: set configuration 1: [6c219fae-6e05-4936-867a-162ef996a9c6|rpc:localhost:35447|admin:|client:|dataStream:|priority:0], old=null
2022-07-21 18:24:25,714 [grpc-default-executor-0] INFO  impl.SnapshotInstallationHandler (SnapshotInstallationHandler.java:installSnapshot(95)) - a989fbd8-2b6d-434f-a2fe-f7a7e8b88707@group-DC8BB834FA26: reply installSnapshot: 6c219fae-6e05-4936-867a-162ef996a9c6<-a989fbd8-2b6d-434f-a2fe-f7a7e8b88707#0:FAIL-t0,ALREADY_INSTALLED
2022-07-21 18:24:25,722 [grpc-default-executor-0] INFO  server.GrpcServerProtocolService (GrpcServerProtocolService.java:onCompleted(140)) - a989fbd8-2b6d-434f-a2fe-f7a7e8b88707: Completed INSTALL_SNAPSHOT, lastRequest: 6c219fae-6e05-4936-867a-162ef996a9c6->a989fbd8-2b6d-434f-a2fe-f7a7e8b88707#0-t2,notify:(t:1, i:0)
2022-07-21 18:24:25,729 [grpc-default-executor-1] INFO  server.GrpcLogAppender (GrpcLogAppender.java:onNext(403)) - 6c219fae-6e05-4936-867a-162ef996a9c6@group-DC8BB834FA26->a989fbd8-2b6d-434f-a2fe-f7a7e8b88707-InstallSnapshotResponseHandler: received the first reply 6c219fae-6e05-4936-867a-162ef996a9c6<-a989fbd8-2b6d-434f-a2fe-f7a7e8b88707#0:FAIL-t0,ALREADY_INSTALLED
2022-07-21 18:24:25,731 [grpc-default-executor-1] INFO  server.GrpcLogAppender (GrpcLogAppender.java:onNext(426)) - 6c219fae-6e05-4936-867a-162ef996a9c6@group-DC8BB834FA26->a989fbd8-2b6d-434f-a2fe-f7a7e8b88707-InstallSnapshotResponseHandler: Follower snapshot is already at index 0.
2022-07-21 18:24:25,732 [grpc-default-executor-1] INFO  leader.FollowerInfo (FollowerInfoImpl.java:lambda$new$0(48)) - 6c219fae-6e05-4936-867a-162ef996a9c6@group-DC8BB834FA26->a989fbd8-2b6d-434f-a2fe-f7a7e8b88707: snapshotIndex: setUnconditionally 0 -> 0
2022-07-21 18:24:25,732 [grpc-default-executor-1] INFO  leader.FollowerInfo (FollowerInfoImpl.java:lambda$new$0(48)) - 6c219fae-6e05-4936-867a-162ef996a9c6@group-DC8BB834FA26->a989fbd8-2b6d-434f-a2fe-f7a7e8b88707: matchIndex: setUnconditionally 0 -> 0
2022-07-21 18:24:25,732 [grpc-default-executor-1] INFO  leader.FollowerInfo (FollowerInfoImpl.java:lambda$new$0(48)) - 6c219fae-6e05-4936-867a-162ef996a9c6@group-DC8BB834FA26->a989fbd8-2b6d-434f-a2fe-f7a7e8b88707: nextIndex: setUnconditionally 0 -> 1
2022-07-21 18:24:25,732 [grpc-default-executor-1] INFO  leader.FollowerInfo (FollowerInfoImpl.java:setAttemptedToInstallSnapshot(118)) - Follower 6c219fae-6e05-4936-867a-162ef996a9c6@group-DC8BB834FA26->a989fbd8-2b6d-434f-a2fe-f7a7e8b88707 acknowledged installing snapshot
2022-07-21 18:24:25,732 [grpc-default-executor-1] INFO  leader.FollowerInfo (FollowerInfoImpl.java:lambda$new$0(48)) - 6c219fae-6e05-4936-867a-162ef996a9c6@group-DC8BB834FA26->a989fbd8-2b6d-434f-a2fe-f7a7e8b88707: nextIndex: updateToMax old=1, new=1, updated? false
2022-07-21 18:24:25,765 [a989fbd8-2b6d-434f-a2fe-f7a7e8b88707-server-thread1] INFO  impl.RoleInfo (RoleInfo.java:updateAndGet(139)) - a989fbd8-2b6d-434f-a2fe-f7a7e8b88707: start a989fbd8-2b6d-434f-a2fe-f7a7e8b88707@group-DC8BB834FA26-FollowerState
2022-07-21 18:24:25,767 [a989fbd8-2b6d-434f-a2fe-f7a7e8b88707-server-thread1] INFO  server.RaftServer$Division (RaftServerImpl.java:checkInconsistentAppendEntries(1424)) - a989fbd8-2b6d-434f-a2fe-f7a7e8b88707@group-DC8BB834FA26: Failed appendEntries as previous log entry ((t:1, i:0)) is not found
2022-07-21 18:24:25,768 [a989fbd8-2b6d-434f-a2fe-f7a7e8b88707-server-thread1] INFO  server.RaftServer$Division (RaftServerImpl.java:checkInconsistentAppendEntries(1394)) - a989fbd8-2b6d-434f-a2fe-f7a7e8b88707@group-DC8BB834FA26: inconsistency entries. Reply:6c219fae-6e05-4936-867a-162ef996a9c6<-a989fbd8-2b6d-434f-a2fe-f7a7e8b88707#0:FAIL-t2,INCONSISTENCY,nextIndex=0,followerCommit=-1
2022-07-21 18:24:25,783 [a989fbd8-2b6d-434f-a2fe-f7a7e8b88707-server-thread1] INFO  server.RaftServer$Division (RaftServerImpl.java:checkInconsistentAppendEntries(1424)) - a989fbd8-2b6d-434f-a2fe-f7a7e8b88707@group-DC8BB834FA26: Failed appendEntries as previous log entry ((t:1, i:0)) is not found
2022-07-21 18:24:25,783 [a989fbd8-2b6d-434f-a2fe-f7a7e8b88707-server-thread1] INFO  server.RaftServer$Division (RaftServerImpl.java:checkInconsistentAppendEntries(1394)) - a989fbd8-2b6d-434f-a2fe-f7a7e8b88707@group-DC8BB834FA26: inconsistency entries. Reply:6c219fae-6e05-4936-867a-162ef996a9c6<-a989fbd8-2b6d-434f-a2fe-f7a7e8b88707#1:FAIL-t2,INCONSISTENCY,nextIndex=0,followerCommit=-1
2022-07-21 18:24:25,782 [grpc-default-executor-0] INFO  leader.FollowerInfo (FollowerInfoImpl.java:lambda$new$0(48)) - 6c219fae-6e05-4936-867a-162ef996a9c6@group-DC8BB834FA26->a989fbd8-2b6d-434f-a2fe-f7a7e8b88707: nextIndex: updateUnconditionally 3 -> 0
2022-07-21 18:24:25,787 [grpc-default-executor-1] INFO  leader.FollowerInfo (FollowerInfoImpl.java:lambda$new$0(48)) - 6c219fae-6e05-4936-867a-162ef996a9c6@group-DC8BB834FA26->a989fbd8-2b6d-434f-a2fe-f7a7e8b88707: nextIndex: updateUnconditionally 3 -> 0
2022-07-21 18:24:25,789 [a989fbd8-2b6d-434f-a2fe-f7a7e8b88707-server-thread1] INFO  server.RaftServer$Division (ServerState.java:setRaftConf(393)) - a989fbd8-2b6d-434f-a2fe-f7a7e8b88707@group-DC8BB834FA26: set configuration 0: [6c219fae-6e05-4936-867a-162ef996a9c6|rpc:localhost:35447|admin:|client:|dataStream:|priority:0], old=null
2022-07-21 18:24:25,789 [a989fbd8-2b6d-434f-a2fe-f7a7e8b88707-server-thread1] INFO  server.RaftServer$Division (ServerState.java:setRaftConf(393)) - a989fbd8-2b6d-434f-a2fe-f7a7e8b88707@group-DC8BB834FA26: set configuration 1: [6c219fae-6e05-4936-867a-162ef996a9c6|rpc:localhost:35447|admin:|client:|dataStream:|priority:0], old=null
2022-07-21 18:24:25,789 [a989fbd8-2b6d-434f-a2fe-f7a7e8b88707-server-thread1] INFO  segmented.SegmentedRaftLogWorker (SegmentedRaftLogWorker.java:startLogSegment(425)) - a989fbd8-2b6d-434f-a2fe-f7a7e8b88707@group-DC8BB834FA26-SegmentedRaftLogWorker: Starting segment from index:0
2022-07-21 18:24:25,790 [a989fbd8-2b6d-434f-a2fe-f7a7e8b88707-server-thread1] INFO  segmented.SegmentedRaftLogWorker (SegmentedRaftLogWorker.java:rollLogSegment(430)) - a989fbd8-2b6d-434f-a2fe-f7a7e8b88707@group-DC8BB834FA26-SegmentedRaftLogWorker: Rolling segment log-0_0 to index:0
2022-07-21 18:24:25,797 [a989fbd8-2b6d-434f-a2fe-f7a7e8b88707-server-thread1] INFO  server.RaftServer$Division (ServerState.java:setRaftConf(393)) - a989fbd8-2b6d-434f-a2fe-f7a7e8b88707@group-DC8BB834FA26: set configuration 0: [6c219fae-6e05-4936-867a-162ef996a9c6|rpc:localhost:35447|admin:|client:|dataStream:|priority:0], old=null
2022-07-21 18:24:25,797 [a989fbd8-2b6d-434f-a2fe-f7a7e8b88707-server-thread1] INFO  server.RaftServer$Division (ServerState.java:setRaftConf(393)) - a989fbd8-2b6d-434f-a2fe-f7a7e8b88707@group-DC8BB834FA26: set configuration 1: [6c219fae-6e05-4936-867a-162ef996a9c6|rpc:localhost:35447|admin:|client:|dataStream:|priority:0], old=null
2022-07-21 18:24:25,808 [a989fbd8-2b6d-434f-a2fe-f7a7e8b88707@group-DC8BB834FA26-SegmentedRaftLogWorker] INFO  segmented.SegmentedRaftLogWorker (SegmentedRaftLogWorker.java:execute(629)) - a989fbd8-2b6d-434f-a2fe-f7a7e8b88707@group-DC8BB834FA26-SegmentedRaftLogWorker: created new log segment /home/runner/work/ozone/ozone/hadoop-ozone/integration-test/target/test-dir/MiniOzoneClusterImpl-c56c5c68-8a55-4647-89a4-dc8bb834fa26/scmNode-2/scm-ha/c56c5c68-8a55-4647-89a4-dc8bb834fa26/current/log_inprogress_0
2022-07-21 18:24:25,810 [a989fbd8-2b6d-434f-a2fe-f7a7e8b88707@group-DC8BB834FA26-SegmentedRaftLogWorker] INFO  segmented.SegmentedRaftLogWorker (SegmentedRaftLogWorker.java:execute(586)) - a989fbd8-2b6d-434f-a2fe-f7a7e8b88707@group-DC8BB834FA26-SegmentedRaftLogWorker: Rolled log segment from /home/runner/work/ozone/ozone/hadoop-ozone/integration-test/target/test-dir/MiniOzoneClusterImpl-c56c5c68-8a55-4647-89a4-dc8bb834fa26/scmNode-2/scm-ha/c56c5c68-8a55-4647-89a4-dc8bb834fa26/current/log_inprogress_0 to /home/runner/work/ozone/ozone/hadoop-ozone/integration-test/target/test-dir/MiniOzoneClusterImpl-c56c5c68-8a55-4647-89a4-dc8bb834fa26/scmNode-2/scm-ha/c56c5c68-8a55-4647-89a4-dc8bb834fa26/current/log_0-0
2022-07-21 18:24:25,821 [a989fbd8-2b6d-434f-a2fe-f7a7e8b88707@group-DC8BB834FA26-SegmentedRaftLogWorker] INFO  segmented.SegmentedRaftLogWorker (SegmentedRaftLogWorker.java:execute(629)) - a989fbd8-2b6d-434f-a2fe-f7a7e8b88707@group-DC8BB834FA26-SegmentedRaftLogWorker: created new log segment /home/runner/work/ozone/ozone/hadoop-ozone/integration-test/target/test-dir/MiniOzoneClusterImpl-c56c5c68-8a55-4647-89a4-dc8bb834fa26/scmNode-2/scm-ha/c56c5c68-8a55-4647-89a4-dc8bb834fa26/current/log_inprogress_1
2022-07-21 18:24:25,824 [a989fbd8-2b6d-434f-a2fe-f7a7e8b88707@group-DC8BB834FA26-StateMachineUpdater] INFO  safemode.HealthyPipelineSafeModeRule (HealthyPipelineSafeModeRule.java:initializeRule(165)) - Refreshed total pipeline count is 0, healthy pipeline threshold count is 1
2022-07-21 18:24:25,824 [a989fbd8-2b6d-434f-a2fe-f7a7e8b88707@group-DC8BB834FA26-StateMachineUpdater] INFO  safemode.ContainerSafeModeRule (ContainerSafeModeRule.java:reInitializeRule(177)) - Refreshed one replica container threshold 0, currentThreshold 0
2022-07-21 18:24:25,825 [a989fbd8-2b6d-434f-a2fe-f7a7e8b88707@group-DC8BB834FA26-StateMachineUpdater] INFO  safemode.OneReplicaPipelineSafeModeRule (OneReplicaPipelineSafeModeRule.java:initializeRule(176)) - Refreshed Total pipeline count is 0, pipeline's with at least one datanode reported threshold count is 0
2022-07-21 18:24:25,825 [a989fbd8-2b6d-434f-a2fe-f7a7e8b88707@group-DC8BB834FA26-StateMachineUpdater] INFO  server.SCMDatanodeProtocolServer (SCMDatanodeProtocolServer.java:start(186)) - ScmDatanodeProtocol RPC server for DataNodes is listening at /0.0.0.0:40299
2022-07-21 18:24:25,830 [6c219fae-6e05-4936-867a-162ef996a9c6@group-DC8BB834FA26-LeaderStateImpl] INFO  server.RaftServer$Division (ServerState.java:setRaftConf(393)) - 6c219fae-6e05-4936-867a-162ef996a9c6@group-DC8BB834FA26: set configuration 3: [6c219fae-6e05-4936-867a-162ef996a9c6|rpc:localhost:35447|admin:|client:|dataStream:|priority:0, a989fbd8-2b6d-434f-a2fe-f7a7e8b88707|rpc:localhost:32791|priority:0], old=[6c219fae-6e05-4936-867a-162ef996a9c6|rpc:localhost:35447|admin:|client:|dataStream:|priority:0]
2022-07-21 18:24:25,839 [IPC Server listener on 40299] INFO  ipc.Server (Server.java:run(1344)) - IPC Server listener on 40299: starting
2022-07-21 18:24:25,840 [a989fbd8-2b6d-434f-a2fe-f7a7e8b88707-server-thread1] INFO  server.RaftServer$Division (ServerState.java:setRaftConf(393)) - a989fbd8-2b6d-434f-a2fe-f7a7e8b88707@group-DC8BB834FA26: set configuration 3: [6c219fae-6e05-4936-867a-162ef996a9c6|rpc:localhost:35447|admin:|client:|dataStream:|priority:0, a989fbd8-2b6d-434f-a2fe-f7a7e8b88707|rpc:localhost:32791|admin:|client:|dataStream:|priority:0], old=[6c219fae-6e05-4936-867a-162ef996a9c6|rpc:localhost:35447|admin:|client:|dataStream:|priority:0]
2022-07-21 18:24:25,842 [IPC Server Responder] INFO  ipc.Server (Server.java:run(1507)) - IPC Server Responder: starting
2022-07-21 18:24:25,868 [6c219fae-6e05-4936-867a-162ef996a9c6@group-DC8BB834FA26-LeaderStateImpl] INFO  server.RaftServer$Division (ServerState.java:setRaftConf(393)) - 6c219fae-6e05-4936-867a-162ef996a9c6@group-DC8BB834FA26: set configuration 5: [6c219fae-6e05-4936-867a-162ef996a9c6|rpc:localhost:35447|admin:|client:|dataStream:|priority:0, a989fbd8-2b6d-434f-a2fe-f7a7e8b88707|rpc:localhost:32791|priority:0], old=null
2022-07-21 18:24:25,873 [a989fbd8-2b6d-434f-a2fe-f7a7e8b88707-server-thread1] INFO  server.RaftServer$Division (ServerState.java:setRaftConf(393)) - a989fbd8-2b6d-434f-a2fe-f7a7e8b88707@group-DC8BB834FA26: set configuration 5: [6c219fae-6e05-4936-867a-162ef996a9c6|rpc:localhost:35447|admin:|client:|dataStream:|priority:0, a989fbd8-2b6d-434f-a2fe-f7a7e8b88707|rpc:localhost:32791|admin:|client:|dataStream:|priority:0], old=null
2022-07-21 18:24:25,878 [IPC Server handler 0 on default port 37887] INFO  ha.SCMRatisServerImpl (SCMRatisServerImpl.java:addSCM(313)) - Successfully added new SCM: a989fbd8-2b6d-434f-a2fe-f7a7e8b88707.
2022-07-21 18:24:25,890 [Listener at 0.0.0.0/34327] INFO  ha.SCMHAManagerImpl (SCMHAManagerImpl.java:start(117)) - Successfully added SCM scmNode-2 to group group-DC8BB834FA26:[6c219fae-6e05-4936-867a-162ef996a9c6|rpc:localhost:35447|admin:|client:|dataStream:|priority:0, a989fbd8-2b6d-434f-a2fe-f7a7e8b88707|rpc:localhost:32791|admin:|client:|dataStream:|priority:0]
2022-07-21 18:24:25,890 [Listener at 0.0.0.0/34327] INFO  ha.InterSCMGrpcService (InterSCMGrpcProtocolService.java:start(94)) - Starting SCM Grpc Service at port 45167
2022-07-21 18:24:25,893 [Listener at 0.0.0.0/34327] INFO  impl.MetricsSystemImpl (MetricsSystemImpl.java:init(158)) - StorageContainerManager metrics system started (again)
2022-07-21 18:24:25,907 [Listener at 0.0.0.0/34327] INFO  server.SCMClientProtocolServer (SCMClientProtocolServer.java:start(170)) - RPC server for Client  is listening at /0.0.0.0:34327
2022-07-21 18:24:25,907 [IPC Server Responder] INFO  ipc.Server (Server.java:run(1507)) - IPC Server Responder: starting
2022-07-21 18:24:25,908 [IPC Server listener on 34327] INFO  ipc.Server (Server.java:run(1344)) - IPC Server listener on 34327: starting
2022-07-21 18:24:25,916 [Listener at 0.0.0.0/34327] INFO  server.StorageContainerManager (StorageContainerManager.java:start(1467)) - ScmBlockLocationProtocol RPC server is listening at /0.0.0.0:39071
2022-07-21 18:24:25,917 [Listener at 0.0.0.0/34327] INFO  server.SCMBlockProtocolServer (SCMBlockProtocolServer.java:start(152)) - RPC server for Block Protocol is listening at /0.0.0.0:39071
2022-07-21 18:24:25,919 [IPC Server Responder] INFO  ipc.Server (Server.java:run(1507)) - IPC Server Responder: starting
2022-07-21 18:24:25,919 [IPC Server listener on 39071] INFO  ipc.Server (Server.java:run(1344)) - IPC Server listener on 39071: starting
2022-07-21 18:24:25,934 [Listener at 0.0.0.0/34327] INFO  http.BaseHttpServer (BaseHttpServer.java:newHttpServer2BuilderForOzone(209)) - Starting Web-server for scm at: http://0.0.0.0:34717
2022-07-21 18:24:25,935 [Listener at 0.0.0.0/34327] INFO  http.BaseHttpServer (BaseHttpServer.java:<init>(107)) - Hadoop Security Enabled: false Ozone Security Enabled: false Ozone HTTP Security Enabled: false 
2022-07-21 18:24:25,936 [Listener at 0.0.0.0/34327] INFO  server.AuthenticationFilter (AuthenticationFilter.java:constructSecretProvider(240)) - Unable to initialize FileSignerSecretProvider, falling back to use random secrets.
2022-07-21 18:24:25,937 [Listener at 0.0.0.0/34327] WARN  http.HttpRequestLog (HttpRequestLog.java:getRequestLog(103)) - Jetty request log can only be enabled using Log4j
2022-07-21 18:24:25,939 [Listener at 0.0.0.0/34327] INFO  http.HttpServer2 (HttpServer2.java:addGlobalFilter(1029)) - Added global filter 'safety' (class=org.apache.hadoop.hdds.server.http.HttpServer2$QuotingInputFilter)
2022-07-21 18:24:25,940 [Listener at 0.0.0.0/34327] INFO  http.HttpServer2 (HttpServer2.java:addFilter(1005)) - Added filter static_user_filter (class=org.apache.hadoop.http.lib.StaticUserWebFilter$StaticUserFilter) to context scm
2022-07-21 18:24:25,940 [Listener at 0.0.0.0/34327] INFO  http.HttpServer2 (HttpServer2.java:addFilter(1013)) - Added filter static_user_filter (class=org.apache.hadoop.http.lib.StaticUserWebFilter$StaticUserFilter) to context static
2022-07-21 18:24:25,940 [Listener at 0.0.0.0/34327] INFO  http.HttpServer2 (HttpServer2.java:addFilter(1013)) - Added filter static_user_filter (class=org.apache.hadoop.http.lib.StaticUserWebFilter$StaticUserFilter) to context logs
2022-07-21 18:24:25,940 [Listener at 0.0.0.0/34327] INFO  http.HttpServer2 (HttpServer2.java:bindListener(1248)) - Jetty bound to port 34717
2022-07-21 18:24:25,941 [Listener at 0.0.0.0/34327] INFO  server.Server (Server.java:doStart(375)) - jetty-9.4.43.v20210629; built: 2021-06-30T11:07:22.254Z; git: 526006ecfa3af7f1a27ef3a288e2bef7ea9dd7e8; jvm 1.8.0_332-b09
2022-07-21 18:24:25,937 [org.apache.hadoop.util.JvmPauseMonitor$Monitor@4d144f53] INFO  util.JvmPauseMonitor (JvmPauseMonitor.java:run(188)) - Starting JVM pause monitor
2022-07-21 18:24:25,957 [Listener at 0.0.0.0/34327] INFO  server.session (DefaultSessionIdManager.java:doStart(334)) - DefaultSessionIdManager workerName=node0
2022-07-21 18:24:25,957 [Listener at 0.0.0.0/34327] INFO  server.session (DefaultSessionIdManager.java:doStart(339)) - No SessionScavenger set, using defaults
2022-07-21 18:24:25,957 [Listener at 0.0.0.0/34327] INFO  server.session (HouseKeeper.java:startScavenging(132)) - node0 Scavenging every 600000ms
2022-07-21 18:24:25,958 [Listener at 0.0.0.0/34327] INFO  handler.ContextHandler (ContextHandler.java:doStart(915)) - Started o.e.j.s.ServletContextHandler@25d4acc8{logs,/logs,file:///home/runner/work/ozone/ozone/hadoop-ozone/integration-test/target/log,AVAILABLE}
2022-07-21 18:24:25,959 [Listener at 0.0.0.0/34327] INFO  handler.ContextHandler (ContextHandler.java:doStart(915)) - Started o.e.j.s.ServletContextHandler@4ae8fea0{static,/static,file:///home/runner/work/ozone/ozone/hadoop-ozone/integration-test/target/test-classes/webapps/static,AVAILABLE}
2022-07-21 18:24:25,967 [Listener at 0.0.0.0/34327] INFO  handler.ContextHandler (ContextHandler.java:doStart(915)) - Started o.e.j.w.WebAppContext@53a0cf01{scm,/,file:///home/runner/work/ozone/ozone/hadoop-ozone/integration-test/target/test-classes/webapps/scm/,AVAILABLE}{file:/home/runner/work/ozone/ozone/hadoop-ozone/integration-test/target/test-classes/webapps/scm}
2022-07-21 18:24:25,969 [Listener at 0.0.0.0/34327] INFO  server.AbstractConnector (AbstractConnector.java:doStart(331)) - Started ServerConnector@65131932{HTTP/1.1, (http/1.1)}{0.0.0.0:34717}
2022-07-21 18:24:25,969 [Listener at 0.0.0.0/34327] INFO  server.Server (Server.java:doStart(415)) - Started @18288ms
2022-07-21 18:24:25,969 [Listener at 0.0.0.0/34327] WARN  impl.MetricsSystemImpl (MetricsSystemImpl.java:register(279)) - Sink prometheus already exists!
2022-07-21 18:24:25,969 [Listener at 0.0.0.0/34327] INFO  http.BaseHttpServer (BaseHttpServer.java:updateConnectorAddress(329)) - HTTP server of scm listening at http://0.0.0.0:34717
2022-07-21 18:24:25,969 [Listener at 0.0.0.0/34327] INFO  ozone.MiniOzoneHAClusterImpl (MiniOzoneHAClusterImpl.java:createSCMService(606)) - Started SCM RPC server at /0.0.0.0:34327
2022-07-21 18:24:25,972 [Listener at 0.0.0.0/34327] WARN  server.ServerUtils (ServerUtils.java:getScmDbDir(148)) - ozone.scm.db.dirs is not configured. We recommend adding this setting. Falling back to ozone.metadata.dirs instead.
2022-07-21 18:24:25,972 [Listener at 0.0.0.0/34327] INFO  ha.SCMHANodeDetails (SCMHANodeDetails.java:loadSCMHAConfig(209)) - ServiceID for StorageContainerManager is scmServiceId
2022-07-21 18:24:25,972 [Listener at 0.0.0.0/34327] INFO  ha.SCMHANodeDetails (SCMHANodeDetails.java:loadSCMHAConfig(220)) - ServiceID for StorageContainerManager is scmServiceId
2022-07-21 18:24:25,973 [Listener at 0.0.0.0/34327] WARN  scm.ScmUtils (ScmUtils.java:logWarn(179)) - ConfigKey ozone.scm.block.client.address is deprecated, For configuring different ports for each SCM use PortConfigKey ozone.scm.block.client.port appended with serviceId and nodeId. If want to configure same port configure ozone.scm.block.client.port
2022-07-21 18:24:25,973 [Listener at 0.0.0.0/34327] WARN  scm.ScmUtils (ScmUtils.java:logWarn(179)) - ConfigKey ozone.scm.client.address is deprecated, For configuring different ports for each SCM use PortConfigKey ozone.scm.client.port appended with serviceId and nodeId. If want to configure same port configure ozone.scm.client.port
2022-07-21 18:24:25,973 [Listener at 0.0.0.0/34327] WARN  scm.ScmUtils (ScmUtils.java:logWarn(179)) - ConfigKey ozone.scm.datanode.address is deprecated, For configuring different ports for each SCM use PortConfigKey ozone.scm.datanode.port appended with serviceId and nodeId. If want to configure same port configure ozone.scm.datanode.port
2022-07-21 18:24:25,973 [Listener at 0.0.0.0/34327] WARN  scm.ScmUtils (ScmUtils.java:logWarn(179)) - ConfigKey ozone.scm.block.client.address is deprecated, For configuring different ports for each SCM use PortConfigKey ozone.scm.block.client.port appended with serviceId and nodeId. If want to configure same port configure ozone.scm.block.client.port
2022-07-21 18:24:25,973 [Listener at 0.0.0.0/34327] WARN  scm.ScmUtils (ScmUtils.java:logWarn(179)) - ConfigKey ozone.scm.client.address is deprecated, For configuring different ports for each SCM use PortConfigKey ozone.scm.client.port appended with serviceId and nodeId. If want to configure same port configure ozone.scm.client.port
2022-07-21 18:24:25,973 [Listener at 0.0.0.0/34327] WARN  scm.ScmUtils (ScmUtils.java:logWarn(179)) - ConfigKey ozone.scm.datanode.address is deprecated, For configuring different ports for each SCM use PortConfigKey ozone.scm.datanode.port appended with serviceId and nodeId. If want to configure same port configure ozone.scm.datanode.port
2022-07-21 18:24:25,973 [Listener at 0.0.0.0/34327] INFO  ha.SCMHANodeDetails (SCMHANodeDetails.java:loadSCMHAConfig(307)) - Found matching SCM address with SCMServiceId: scmServiceId, SCMNodeId: scmNode-3, RPC Address: localhost:38265 and Ratis port: 38265
2022-07-21 18:24:25,974 [Listener at 0.0.0.0/34327] INFO  ha.SCMHANodeDetails (ConfUtils.java:setNodeSpecificConfigs(97)) - Setting configuration key ozone.scm.datanode.address with value of key ozone.scm.datanode.address.scmServiceId.scmNode-3: 127.0.0.1:38303
2022-07-21 18:24:25,974 [Listener at 0.0.0.0/34327] INFO  ha.SCMHANodeDetails (ConfUtils.java:setNodeSpecificConfigs(97)) - Setting configuration key ozone.scm.block.client.address with value of key ozone.scm.block.client.address.scmServiceId.scmNode-3: 127.0.0.1:36325
2022-07-21 18:24:25,974 [Listener at 0.0.0.0/34327] INFO  ha.SCMHANodeDetails (ConfUtils.java:setNodeSpecificConfigs(97)) - Setting configuration key ozone.scm.client.address with value of key ozone.scm.client.address.scmServiceId.scmNode-3: 127.0.0.1:39265
2022-07-21 18:24:25,974 [Listener at 0.0.0.0/34327] INFO  ha.SCMHANodeDetails (ConfUtils.java:setNodeSpecificConfigs(97)) - Setting configuration key ozone.scm.ratis.port with value of key ozone.scm.ratis.port.scmServiceId.scmNode-3: 38265
2022-07-21 18:24:25,974 [Listener at 0.0.0.0/34327] INFO  ha.SCMHANodeDetails (ConfUtils.java:setNodeSpecificConfigs(97)) - Setting configuration key ozone.scm.grpc.port with value of key ozone.scm.grpc.port.scmServiceId.scmNode-3: 46729
2022-07-21 18:24:25,974 [Listener at 0.0.0.0/34327] INFO  ha.SCMHANodeDetails (ConfUtils.java:setNodeSpecificConfigs(97)) - Setting configuration key ozone.scm.http-address with value of key ozone.scm.http-address.scmServiceId.scmNode-3: 127.0.0.1:43215
2022-07-21 18:24:25,974 [Listener at 0.0.0.0/34327] INFO  ha.SCMHANodeDetails (ConfUtils.java:setNodeSpecificConfigs(97)) - Setting configuration key ozone.scm.https-address with value of key ozone.scm.https-address.scmServiceId.scmNode-3: 127.0.0.1:34591
2022-07-21 18:24:25,974 [Listener at 0.0.0.0/34327] INFO  ha.SCMHANodeDetails (ConfUtils.java:setNodeSpecificConfigs(97)) - Setting configuration key ozone.scm.address with value of key ozone.scm.address.scmServiceId.scmNode-3: 127.0.0.1
2022-07-21 18:24:25,974 [Listener at 0.0.0.0/34327] WARN  scm.ScmUtils (ScmUtils.java:logWarn(179)) - ConfigKey ozone.scm.block.client.address is deprecated, For configuring different ports for each SCM use PortConfigKey ozone.scm.block.client.port appended with serviceId and nodeId. If want to configure same port configure ozone.scm.block.client.port
2022-07-21 18:24:25,974 [Listener at 0.0.0.0/34327] WARN  scm.ScmUtils (ScmUtils.java:logWarn(179)) - ConfigKey ozone.scm.client.address is deprecated, For configuring different ports for each SCM use PortConfigKey ozone.scm.client.port appended with serviceId and nodeId. If want to configure same port configure ozone.scm.client.port
2022-07-21 18:24:25,974 [Listener at 0.0.0.0/34327] WARN  scm.ScmUtils (ScmUtils.java:logWarn(179)) - ConfigKey ozone.scm.datanode.address is deprecated, For configuring different ports for each SCM use PortConfigKey ozone.scm.datanode.port appended with serviceId and nodeId. If want to configure same port configure ozone.scm.datanode.port
2022-07-21 18:24:25,978 [Listener at 0.0.0.0/34327] INFO  ha.SCMNodeInfo (SCMNodeInfo.java:getPort(197)) - ConfigKey ozone.scm.client.address is deprecated, For configuring different ports for each SCM use PortConfigKey ozone.scm.client.port appended with serviceId and nodeId
2022-07-21 18:24:25,978 [Listener at 0.0.0.0/34327] INFO  ha.SCMNodeInfo (SCMNodeInfo.java:getPort(197)) - ConfigKey ozone.scm.block.client.address is deprecated, For configuring different ports for each SCM use PortConfigKey ozone.scm.block.client.port appended with serviceId and nodeId
2022-07-21 18:24:25,978 [Listener at 0.0.0.0/34327] INFO  ha.SCMNodeInfo (SCMNodeInfo.java:getPort(197)) - ConfigKey ozone.scm.datanode.address is deprecated, For configuring different ports for each SCM use PortConfigKey ozone.scm.datanode.port appended with serviceId and nodeId
2022-07-21 18:24:25,978 [Listener at 0.0.0.0/34327] INFO  ha.SCMNodeInfo (SCMNodeInfo.java:getPort(197)) - ConfigKey ozone.scm.client.address is deprecated, For configuring different ports for each SCM use PortConfigKey ozone.scm.client.port appended with serviceId and nodeId
2022-07-21 18:24:25,978 [Listener at 0.0.0.0/34327] INFO  ha.SCMNodeInfo (SCMNodeInfo.java:getPort(197)) - ConfigKey ozone.scm.block.client.address is deprecated, For configuring different ports for each SCM use PortConfigKey ozone.scm.block.client.port appended with serviceId and nodeId
2022-07-21 18:24:25,978 [Listener at 0.0.0.0/34327] INFO  ha.SCMNodeInfo (SCMNodeInfo.java:getPort(197)) - ConfigKey ozone.scm.datanode.address is deprecated, For configuring different ports for each SCM use PortConfigKey ozone.scm.datanode.port appended with serviceId and nodeId
2022-07-21 18:24:25,979 [Listener at 0.0.0.0/34327] INFO  proxy.SCMBlockLocationFailoverProxyProvider (SCMBlockLocationFailoverProxyProvider.java:<init>(114)) - Created block location fail-over proxy with 2 nodes: [nodeId=scmNode-2,nodeAddress=/127.0.0.1:39071, nodeId=scmNode-1,nodeAddress=/127.0.0.1:37887]
2022-07-21 18:24:25,993 [Listener at 0.0.0.0/34327] INFO  server.StorageContainerManager (StorageContainerManager.java:scmBootstrap(1135)) - SCM BootStrap  is successful for ClusterID c56c5c68-8a55-4647-89a4-dc8bb834fa26, SCMID 1195622a-6e13-4f92-83dd-ad3d63b418dc
2022-07-21 18:24:25,993 [Listener at 0.0.0.0/34327] INFO  server.StorageContainerManager (StorageContainerManager.java:scmBootstrap(1137)) - Primary SCM Node ID 6c219fae-6e05-4936-867a-162ef996a9c6
2022-07-21 18:24:25,993 [Listener at 0.0.0.0/34327] WARN  server.ServerUtils (ServerUtils.java:getScmDbDir(148)) - ozone.scm.db.dirs is not configured. We recommend adding this setting. Falling back to ozone.metadata.dirs instead.
2022-07-21 18:24:25,993 [Listener at 0.0.0.0/34327] INFO  ha.SCMHANodeDetails (SCMHANodeDetails.java:loadSCMHAConfig(209)) - ServiceID for StorageContainerManager is scmServiceId
2022-07-21 18:24:25,993 [Listener at 0.0.0.0/34327] INFO  ha.SCMHANodeDetails (SCMHANodeDetails.java:loadSCMHAConfig(220)) - ServiceID for StorageContainerManager is scmServiceId
2022-07-21 18:24:25,993 [Listener at 0.0.0.0/34327] WARN  scm.ScmUtils (ScmUtils.java:logWarn(179)) - ConfigKey ozone.scm.block.client.address is deprecated, For configuring different ports for each SCM use PortConfigKey ozone.scm.block.client.port appended with serviceId and nodeId. If want to configure same port configure ozone.scm.block.client.port
2022-07-21 18:24:25,994 [Listener at 0.0.0.0/34327] WARN  scm.ScmUtils (ScmUtils.java:logWarn(179)) - ConfigKey ozone.scm.client.address is deprecated, For configuring different ports for each SCM use PortConfigKey ozone.scm.client.port appended with serviceId and nodeId. If want to configure same port configure ozone.scm.client.port
2022-07-21 18:24:25,994 [Listener at 0.0.0.0/34327] WARN  scm.ScmUtils (ScmUtils.java:logWarn(179)) - ConfigKey ozone.scm.datanode.address is deprecated, For configuring different ports for each SCM use PortConfigKey ozone.scm.datanode.port appended with serviceId and nodeId. If want to configure same port configure ozone.scm.datanode.port
2022-07-21 18:24:25,994 [Listener at 0.0.0.0/34327] WARN  scm.ScmUtils (ScmUtils.java:logWarn(179)) - ConfigKey ozone.scm.block.client.address is deprecated, For configuring different ports for each SCM use PortConfigKey ozone.scm.block.client.port appended with serviceId and nodeId. If want to configure same port configure ozone.scm.block.client.port
2022-07-21 18:24:25,994 [Listener at 0.0.0.0/34327] WARN  scm.ScmUtils (ScmUtils.java:logWarn(179)) - ConfigKey ozone.scm.client.address is deprecated, For configuring different ports for each SCM use PortConfigKey ozone.scm.client.port appended with serviceId and nodeId. If want to configure same port configure ozone.scm.client.port
2022-07-21 18:24:25,994 [Listener at 0.0.0.0/34327] WARN  scm.ScmUtils (ScmUtils.java:logWarn(179)) - ConfigKey ozone.scm.datanode.address is deprecated, For configuring different ports for each SCM use PortConfigKey ozone.scm.datanode.port appended with serviceId and nodeId. If want to configure same port configure ozone.scm.datanode.port
2022-07-21 18:24:25,994 [Listener at 0.0.0.0/34327] INFO  ha.SCMHANodeDetails (SCMHANodeDetails.java:loadSCMHAConfig(307)) - Found matching SCM address with SCMServiceId: scmServiceId, SCMNodeId: scmNode-3, RPC Address: localhost:38265 and Ratis port: 38265
2022-07-21 18:24:25,994 [Listener at 0.0.0.0/34327] INFO  ha.SCMHANodeDetails (ConfUtils.java:setNodeSpecificConfigs(97)) - Setting configuration key ozone.scm.datanode.address with value of key ozone.scm.datanode.address.scmServiceId.scmNode-3: 127.0.0.1:38303
2022-07-21 18:24:25,995 [Listener at 0.0.0.0/34327] INFO  ha.SCMHANodeDetails (ConfUtils.java:setNodeSpecificConfigs(97)) - Setting configuration key ozone.scm.block.client.address with value of key ozone.scm.block.client.address.scmServiceId.scmNode-3: 127.0.0.1:36325
2022-07-21 18:24:25,995 [Listener at 0.0.0.0/34327] INFO  ha.SCMHANodeDetails (ConfUtils.java:setNodeSpecificConfigs(97)) - Setting configuration key ozone.scm.client.address with value of key ozone.scm.client.address.scmServiceId.scmNode-3: 127.0.0.1:39265
2022-07-21 18:24:25,995 [Listener at 0.0.0.0/34327] INFO  ha.SCMHANodeDetails (ConfUtils.java:setNodeSpecificConfigs(97)) - Setting configuration key ozone.scm.ratis.port with value of key ozone.scm.ratis.port.scmServiceId.scmNode-3: 38265
2022-07-21 18:24:25,995 [Listener at 0.0.0.0/34327] INFO  ha.SCMHANodeDetails (ConfUtils.java:setNodeSpecificConfigs(97)) - Setting configuration key ozone.scm.grpc.port with value of key ozone.scm.grpc.port.scmServiceId.scmNode-3: 46729
2022-07-21 18:24:25,995 [Listener at 0.0.0.0/34327] INFO  ha.SCMHANodeDetails (ConfUtils.java:setNodeSpecificConfigs(97)) - Setting configuration key ozone.scm.http-address with value of key ozone.scm.http-address.scmServiceId.scmNode-3: 127.0.0.1:43215
2022-07-21 18:24:25,995 [Listener at 0.0.0.0/34327] INFO  ha.SCMHANodeDetails (ConfUtils.java:setNodeSpecificConfigs(97)) - Setting configuration key ozone.scm.https-address with value of key ozone.scm.https-address.scmServiceId.scmNode-3: 127.0.0.1:34591
2022-07-21 18:24:25,995 [Listener at 0.0.0.0/34327] INFO  ha.SCMHANodeDetails (ConfUtils.java:setNodeSpecificConfigs(97)) - Setting configuration key ozone.scm.address with value of key ozone.scm.address.scmServiceId.scmNode-3: 127.0.0.1
2022-07-21 18:24:25,995 [Listener at 0.0.0.0/34327] WARN  scm.ScmUtils (ScmUtils.java:logWarn(179)) - ConfigKey ozone.scm.block.client.address is deprecated, For configuring different ports for each SCM use PortConfigKey ozone.scm.block.client.port appended with serviceId and nodeId. If want to configure same port configure ozone.scm.block.client.port
2022-07-21 18:24:25,995 [Listener at 0.0.0.0/34327] WARN  scm.ScmUtils (ScmUtils.java:logWarn(179)) - ConfigKey ozone.scm.client.address is deprecated, For configuring different ports for each SCM use PortConfigKey ozone.scm.client.port appended with serviceId and nodeId. If want to configure same port configure ozone.scm.client.port
2022-07-21 18:24:25,995 [Listener at 0.0.0.0/34327] WARN  scm.ScmUtils (ScmUtils.java:logWarn(179)) - ConfigKey ozone.scm.datanode.address is deprecated, For configuring different ports for each SCM use PortConfigKey ozone.scm.datanode.port appended with serviceId and nodeId. If want to configure same port configure ozone.scm.datanode.port
2022-07-21 18:24:25,997 [Listener at 0.0.0.0/34327] WARN  utils.HAUtils (HAUtils.java:getMetaDir(342)) - ozone.scm.db.dirs is not configured. We recommend adding this setting. Falling back to ozone.metadata.dirs instead.
2022-07-21 18:24:25,998 [Listener at 0.0.0.0/34327] WARN  db.DBStoreBuilder (DBStoreBuilder.java:applyDBDefinition(145)) - ozone.scm.db.dirs is not configured. We recommend adding this setting. Falling back to ozone.metadata.dirs instead.
2022-07-21 18:24:26,136 [Listener at 0.0.0.0/34327] INFO  net.NodeSchemaLoader (NodeSchemaLoader.java:loadSchemaFromFile(129)) - Loading schema from [jar:file:/home/runner/.m2/repository/org/apache/ozone/hdds-common/1.3.0-SNAPSHOT/hdds-common-1.3.0-SNAPSHOT.jar!/network-topology-default.xml]
2022-07-21 18:24:26,136 [Listener at 0.0.0.0/34327] INFO  net.NodeSchemaLoader (NodeSchemaLoader.java:loadSchema(176)) - Loading network topology layer schema file
2022-07-21 18:24:26,139 [Listener at 0.0.0.0/34327] WARN  impl.MetricRegistriesImpl (MetricRegistriesImpl.java:addReporterRegistration(111)) - New reporters are added after registries were created. Some metrics will be missing from the reporter. Please add reporter before adding any new registry.
2022-07-21 18:24:26,139 [Listener at 0.0.0.0/34327] WARN  impl.MetricRegistriesImpl (MetricRegistriesImpl.java:addReporterRegistration(111)) - New reporters are added after registries were created. Some metrics will be missing from the reporter. Please add reporter before adding any new registry.
2022-07-21 18:24:26,140 [Listener at 0.0.0.0/34327] INFO  ha.SCMRatisServerImpl (SCMRatisServerImpl.java:<init>(88)) - starting Raft server for scm:1195622a-6e13-4f92-83dd-ad3d63b418dc
2022-07-21 18:24:26,140 [Listener at 0.0.0.0/34327] INFO  server.RaftServer (ConfUtils.java:logGet(46)) - raft.rpc.type = GRPC (default)
2022-07-21 18:24:26,141 [Listener at 0.0.0.0/34327] INFO  grpc.GrpcFactory (GrpcFactory.java:checkPooledByteBufAllocatorUseCacheForAllThreads(48)) - PERFORMANCE WARNING: useCacheForAllThreads is true that may cause Netty to create a lot garbage objects and, as a result, trigger GC.
	It is recommended to disable useCacheForAllThreads by setting -Dorg.apache.ratis.thirdparty.io.netty.allocator.useCacheForAllThreads=false in command line.
2022-07-21 18:24:26,141 [Listener at 0.0.0.0/34327] INFO  grpc.GrpcConfigKeys (ConfUtils.java:logGet(46)) - raft.grpc.admin.port = -1 (default)
2022-07-21 18:24:26,141 [Listener at 0.0.0.0/34327] INFO  grpc.GrpcConfigKeys (ConfUtils.java:logGet(46)) - raft.grpc.server.port = 38265 (custom)
2022-07-21 18:24:26,141 [Listener at 0.0.0.0/34327] INFO  grpc.GrpcConfigKeys (ConfUtils.java:logGet(46)) - raft.grpc.client.port = -1 (default)
2022-07-21 18:24:26,141 [Listener at 0.0.0.0/34327] INFO  grpc.GrpcConfigKeys (ConfUtils.java:logGet(46)) - raft.grpc.server.port = 38265 (custom)
2022-07-21 18:24:26,141 [Listener at 0.0.0.0/34327] INFO  grpc.GrpcConfigKeys (ConfUtils.java:logGet(46)) - raft.grpc.server.port = 38265 (custom)
2022-07-21 18:24:26,141 [Listener at 0.0.0.0/34327] INFO  server.GrpcService (ConfUtils.java:logGet(46)) - raft.grpc.message.size.max = 32m (=33554432) (custom)
2022-07-21 18:24:26,141 [Listener at 0.0.0.0/34327] INFO  server.RaftServerConfigKeys (ConfUtils.java:logGet(46)) - raft.server.log.appender.buffer.byte-limit = 33554432 (custom)
2022-07-21 18:24:26,141 [Listener at 0.0.0.0/34327] INFO  server.GrpcService (ConfUtils.java:logGet(46)) - raft.grpc.flow.control.window = 1MB (=1048576) (default)
2022-07-21 18:24:26,142 [Listener at 0.0.0.0/34327] INFO  server.RaftServerConfigKeys (ConfUtils.java:logGet(46)) - raft.server.rpc.request.timeout = 30000ms (custom)
2022-07-21 18:24:26,142 [Listener at 0.0.0.0/34327] INFO  grpc.GrpcConfigKeys (ConfUtils.java:logGet(46)) - raft.grpc.server.async.request.thread.pool.cached = true (default)
2022-07-21 18:24:26,142 [Listener at 0.0.0.0/34327] INFO  grpc.GrpcConfigKeys (ConfUtils.java:logGet(46)) - raft.grpc.server.async.request.thread.pool.size = 32 (default)
2022-07-21 18:24:26,143 [Listener at 0.0.0.0/34327] INFO  impl.DataStreamServerImpl (ConfUtils.java:logGet(46)) - raft.datastream.type = DISABLED (default)
2022-07-21 18:24:26,143 [Listener at 0.0.0.0/34327] INFO  server.RaftServerConfigKeys (ConfUtils.java:logGet(46)) - raft.server.threadpool.proxy.cached = true (default)
2022-07-21 18:24:26,143 [Listener at 0.0.0.0/34327] INFO  server.RaftServerConfigKeys (ConfUtils.java:logGet(46)) - raft.server.threadpool.proxy.size = 0 (default)
2022-07-21 18:24:26,143 [Listener at 0.0.0.0/34327] INFO  server.RaftServerConfigKeys (ConfUtils.java:logGet(46)) - raft.server.rpc.slowness.timeout = 120000ms (custom)
2022-07-21 18:24:26,144 [Listener at 0.0.0.0/34327] INFO  server.RaftServerConfigKeys (ConfUtils.java:logGet(46)) - raft.server.leaderelection.leader.step-down.wait-time = 10s (default)
2022-07-21 18:24:26,144 [Listener at 0.0.0.0/34327] INFO  server.RaftServerConfigKeys (ConfUtils.java:logGet(46)) - raft.server.storage.dir = [/home/runner/work/ozone/ozone/hadoop-ozone/integration-test/target/test-dir/MiniOzoneClusterImpl-c56c5c68-8a55-4647-89a4-dc8bb834fa26/scmNode-3/scm-ha] (custom)
2022-07-21 18:24:26,144 [Listener at 0.0.0.0/34327] INFO  server.RaftServer (RaftServerProxy.java:addNew(96)) - 1195622a-6e13-4f92-83dd-ad3d63b418dc: addNew group-DC8BB834FA26:[] returns group-DC8BB834FA26:java.util.concurrent.CompletableFuture@3be1ba03[Not completed]
2022-07-21 18:24:26,145 [pool-85-thread-1] INFO  server.RaftServer$Division (RaftServerImpl.java:<init>(190)) - 1195622a-6e13-4f92-83dd-ad3d63b418dc: new RaftServerImpl for group-DC8BB834FA26:[] with SCMStateMachine:uninitialized
2022-07-21 18:24:26,145 [pool-85-thread-1] INFO  server.RaftServerConfigKeys (ConfUtils.java:logGet(46)) - raft.server.rpc.timeout.min = 5000ms (custom)
2022-07-21 18:24:26,145 [pool-85-thread-1] INFO  server.RaftServerConfigKeys (ConfUtils.java:logGet(46)) - raft.server.rpc.timeout.max = 5200ms (custom)
2022-07-21 18:24:26,145 [pool-85-thread-1] INFO  server.RaftServerConfigKeys (ConfUtils.java:logGet(46)) - raft.server.rpc.sleep.time = 25ms (default)
2022-07-21 18:24:26,145 [pool-85-thread-1] INFO  server.RaftServerConfigKeys (ConfUtils.java:logGet(46)) - raft.server.rpc.slowness.timeout = 120000ms (custom)
2022-07-21 18:24:26,145 [pool-85-thread-1] INFO  server.RaftServerConfigKeys (ConfUtils.java:logGet(46)) - raft.server.leaderelection.leader.step-down.wait-time = 10s (default)
2022-07-21 18:24:26,145 [pool-85-thread-1] INFO  server.RaftServerConfigKeys (ConfUtils.java:logGet(46)) - raft.server.sleep.deviation.threshold = 300ms (default)
2022-07-21 18:24:26,145 [pool-85-thread-1] INFO  server.RaftServer$Division (ServerState.java:<init>(107)) - 1195622a-6e13-4f92-83dd-ad3d63b418dc@group-DC8BB834FA26: ConfigurationManager, init=-1: [], old=null, confs=<EMPTY_MAP>
2022-07-21 18:24:26,145 [pool-85-thread-1] INFO  server.RaftServerConfigKeys (ConfUtils.java:logGet(46)) - raft.server.storage.dir = [/home/runner/work/ozone/ozone/hadoop-ozone/integration-test/target/test-dir/MiniOzoneClusterImpl-c56c5c68-8a55-4647-89a4-dc8bb834fa26/scmNode-3/scm-ha] (custom)
2022-07-21 18:24:26,145 [pool-85-thread-1] INFO  server.RaftServerConfigKeys (ConfUtils.java:logGet(46)) - raft.server.log.corruption.policy = EXCEPTION (default)
2022-07-21 18:24:26,146 [pool-85-thread-1] INFO  server.RaftServerConfigKeys (ConfUtils.java:logGet(46)) - raft.server.storage.free-space.min = 0MB (=0) (default)
2022-07-21 18:24:26,146 [pool-85-thread-1] INFO  storage.RaftStorageDirectory (RaftStorageDirectoryImpl.java:analyzeStorage(135)) - The storage directory /home/runner/work/ozone/ozone/hadoop-ozone/integration-test/target/test-dir/MiniOzoneClusterImpl-c56c5c68-8a55-4647-89a4-dc8bb834fa26/scmNode-3/scm-ha/c56c5c68-8a55-4647-89a4-dc8bb834fa26 does not exist. Creating ...
2022-07-21 18:24:26,148 [pool-85-thread-1] INFO  storage.RaftStorageDirectory (RaftStorageDirectoryImpl.java:tryLock(230)) - Lock on /home/runner/work/ozone/ozone/hadoop-ozone/integration-test/target/test-dir/MiniOzoneClusterImpl-c56c5c68-8a55-4647-89a4-dc8bb834fa26/scmNode-3/scm-ha/c56c5c68-8a55-4647-89a4-dc8bb834fa26/in_use.lock acquired by nodename 21952@fv-az378-305
2022-07-21 18:24:26,150 [pool-85-thread-1] INFO  storage.RaftStorage (RaftStorageImpl.java:format(89)) - Storage directory /home/runner/work/ozone/ozone/hadoop-ozone/integration-test/target/test-dir/MiniOzoneClusterImpl-c56c5c68-8a55-4647-89a4-dc8bb834fa26/scmNode-3/scm-ha/c56c5c68-8a55-4647-89a4-dc8bb834fa26 has been successfully formatted.
2022-07-21 18:24:26,150 [pool-85-thread-1] INFO  server.RaftServerConfigKeys (ConfUtils.java:logGet(46)) - raft.server.notification.no-leader.timeout = 60s (default)
2022-07-21 18:24:26,150 [pool-85-thread-1] INFO  server.RaftServerConfigKeys (ConfUtils.java:logGet(46)) - raft.server.log.use.memory = false (default)
2022-07-21 18:24:26,150 [pool-85-thread-1] INFO  server.RaftServerConfigKeys (ConfUtils.java:logGet(46)) - raft.server.log.purge.gap = 1000000 (custom)
2022-07-21 18:24:26,151 [pool-85-thread-1] INFO  server.RaftServerConfigKeys (ConfUtils.java:logGet(46)) - raft.server.log.appender.buffer.byte-limit = 33554432 (custom)
2022-07-21 18:24:26,151 [pool-85-thread-1] INFO  server.RaftServerConfigKeys (ConfUtils.java:logGet(46)) - raft.server.log.statemachine.data.read.timeout = 1000ms (default)
2022-07-21 18:24:26,151 [pool-85-thread-1] INFO  server.RaftServerConfigKeys (ConfUtils.java:logGet(46)) - raft.server.log.segment.size.max = 4194304 (custom)
2022-07-21 18:24:26,155 [pool-85-thread-1] INFO  server.RaftServerConfigKeys (ConfUtils.java:logGet(46)) - raft.server.log.segment.cache.num.max = 2 (custom)
2022-07-21 18:24:26,155 [pool-85-thread-1] INFO  server.RaftServerConfigKeys (ConfUtils.java:logGet(46)) - raft.server.log.segment.cache.size.max = 200MB (=209715200) (default)
2022-07-21 18:24:26,155 [pool-85-thread-1] INFO  segmented.SegmentedRaftLogWorker (SegmentedRaftLogWorker.java:<init>(187)) - new 1195622a-6e13-4f92-83dd-ad3d63b418dc@group-DC8BB834FA26-SegmentedRaftLogWorker for RaftStorageImpl:Storage Directory /home/runner/work/ozone/ozone/hadoop-ozone/integration-test/target/test-dir/MiniOzoneClusterImpl-c56c5c68-8a55-4647-89a4-dc8bb834fa26/scmNode-3/scm-ha/c56c5c68-8a55-4647-89a4-dc8bb834fa26
2022-07-21 18:24:26,155 [pool-85-thread-1] INFO  server.RaftServerConfigKeys (ConfUtils.java:logGet(46)) - raft.server.log.queue.byte-limit = 64MB (=67108864) (default)
2022-07-21 18:24:26,155 [pool-85-thread-1] INFO  server.RaftServerConfigKeys (ConfUtils.java:logGet(46)) - raft.server.log.queue.element-limit = 4096 (default)
2022-07-21 18:24:26,155 [pool-85-thread-1] INFO  server.RaftServerConfigKeys (ConfUtils.java:logGet(46)) - raft.server.log.segment.size.max = 4194304 (custom)
2022-07-21 18:24:26,155 [pool-85-thread-1] INFO  server.RaftServerConfigKeys (ConfUtils.java:logGet(46)) - raft.server.log.preallocated.size = 4194304 (custom)
2022-07-21 18:24:26,157 [pool-85-thread-1] INFO  server.RaftServerConfigKeys (ConfUtils.java:logGet(46)) - raft.server.log.force.sync.num = 128 (default)
2022-07-21 18:24:26,157 [pool-85-thread-1] INFO  server.RaftServerConfigKeys (ConfUtils.java:logGet(46)) - raft.server.log.statemachine.data.sync = true (default)
2022-07-21 18:24:26,157 [pool-85-thread-1] INFO  server.RaftServerConfigKeys (ConfUtils.java:logGet(46)) - raft.server.log.statemachine.data.sync.timeout = 10s (default)
2022-07-21 18:24:26,158 [pool-85-thread-1] INFO  server.RaftServerConfigKeys (ConfUtils.java:logGet(46)) - raft.server.log.statemachine.data.sync.timeout.retry = -1 (default)
2022-07-21 18:24:26,164 [pool-85-thread-1] INFO  server.RaftServerConfigKeys (ConfUtils.java:logGet(46)) - raft.server.log.write.buffer.size = 64KB (=65536) (default)
2022-07-21 18:24:26,165 [pool-85-thread-1] INFO  server.RaftServerConfigKeys (ConfUtils.java:logGet(46)) - raft.server.log.unsafe-flush.enabled = false (default)
2022-07-21 18:24:26,165 [pool-85-thread-1] INFO  server.RaftServerConfigKeys (ConfUtils.java:logGet(46)) - raft.server.log.statemachine.data.caching.enabled = false (default)
2022-07-21 18:24:26,165 [pool-85-thread-1] INFO  segmented.SegmentedRaftLogWorker (SegmentedRaftLogWorker.java:lambda$new$0(135)) - 1195622a-6e13-4f92-83dd-ad3d63b418dc@group-DC8BB834FA26-SegmentedRaftLogWorker: flushIndex: setUnconditionally 0 -> -1
2022-07-21 18:24:26,165 [pool-85-thread-1] INFO  segmented.SegmentedRaftLogWorker (SegmentedRaftLogWorker.java:lambda$new$0(135)) - 1195622a-6e13-4f92-83dd-ad3d63b418dc@group-DC8BB834FA26-SegmentedRaftLogWorker: safeCacheEvictIndex: setUnconditionally 0 -> -1
2022-07-21 18:24:26,166 [pool-85-thread-1] INFO  server.RaftServerConfigKeys (ConfUtils.java:logGet(46)) - raft.server.snapshot.auto.trigger.enabled = true (custom)
2022-07-21 18:24:26,166 [pool-85-thread-1] INFO  server.RaftServerConfigKeys (ConfUtils.java:logGet(46)) - raft.server.snapshot.auto.trigger.threshold = 1000 (custom)
2022-07-21 18:24:26,166 [pool-85-thread-1] INFO  server.RaftServerConfigKeys (ConfUtils.java:logGet(46)) - raft.server.snapshot.retention.file.num = -1 (default)
2022-07-21 18:24:26,166 [pool-85-thread-1] INFO  server.RaftServerConfigKeys (ConfUtils.java:logGet(46)) - raft.server.log.purge.upto.snapshot.index = false (default)
2022-07-21 18:24:26,169 [pool-85-thread-1] INFO  server.RaftServerConfigKeys (ConfUtils.java:logGet(46)) - raft.server.retrycache.expirytime = 60000ms (default)
2022-07-21 18:24:26,170 [pool-85-thread-1] INFO  server.RaftServerConfigKeys (ConfUtils.java:logGet(46)) - raft.server.retrycache.statistics.expirytime = 100μs (default)
2022-07-21 18:24:26,171 [pool-85-thread-1] INFO  server.RaftServerConfigKeys (ConfUtils.java:logGet(46)) - raft.server.log.appender.install.snapshot.enabled = false (custom)
2022-07-21 18:24:26,171 [pool-85-thread-1] INFO  server.RaftServerConfigKeys (ConfUtils.java:logGet(46)) - raft.server.threadpool.server.cached = true (default)
2022-07-21 18:24:26,171 [pool-85-thread-1] INFO  server.RaftServerConfigKeys (ConfUtils.java:logGet(46)) - raft.server.threadpool.server.size = 0 (default)
2022-07-21 18:24:26,171 [pool-85-thread-1] INFO  server.RaftServerConfigKeys (ConfUtils.java:logGet(46)) - raft.server.threadpool.client.cached = true (default)
2022-07-21 18:24:26,171 [pool-85-thread-1] INFO  server.RaftServerConfigKeys (ConfUtils.java:logGet(46)) - raft.server.threadpool.client.size = 0 (default)
2022-07-21 18:24:26,171 [Listener at 0.0.0.0/34327] INFO  ha.SCMSnapshotProvider (SCMSnapshotProvider.java:<init>(66)) - Initializing SCM Snapshot Provider
2022-07-21 18:24:26,171 [Listener at 0.0.0.0/34327] WARN  server.ServerUtils (ServerUtils.java:getDefaultRatisDirectory(237)) - Storage directory for Ratis is not configured. It is a good idea to map this to an SSD disk. Falling back to ozone.metadata.dirs
2022-07-21 18:24:26,172 [Listener at 0.0.0.0/34327] WARN  ha.SCMHAUtils (SCMHAUtils.java:getSCMRatisSnapshotDirectory(153)) - SCM snapshot dir is not configured. Falling back to ozone.metadata.dirs config
2022-07-21 18:24:26,173 [Listener at 0.0.0.0/34327] INFO  upgrade.AbstractLayoutVersionManager (AbstractLayoutVersionManager.java:init(83)) - Initializing Layout version manager with metadata layout = DATANODE_SCHEMA_V3 (version = 4), software layout = DATANODE_SCHEMA_V3 (version = 4)
2022-07-21 18:24:26,232 [Listener at 0.0.0.0/34327] INFO  reflections.Reflections (Reflections.java:scan(232)) - Reflections took 58 ms to scan 7 urls, producing 132 keys and 321 values 
2022-07-21 18:24:26,239 [Listener at 0.0.0.0/34327] INFO  ha.SequenceIdGenerator (SequenceIdGenerator.java:upgradeToSequenceId(349)) - upgrade localId to 109611004723200000
2022-07-21 18:24:26,239 [Listener at 0.0.0.0/34327] INFO  ha.SequenceIdGenerator (SequenceIdGenerator.java:upgradeToSequenceId(359)) - upgrade delTxnId to 0
2022-07-21 18:24:26,239 [Listener at 0.0.0.0/34327] INFO  ha.SequenceIdGenerator (SequenceIdGenerator.java:upgradeToSequenceId(376)) - upgrade containerId to 0
2022-07-21 18:24:26,240 [Listener at 0.0.0.0/34327] INFO  ha.SequenceIdGenerator (SequenceIdGenerator.java:<init>(220)) - Init the HA SequenceIdGenerator.
2022-07-21 18:24:26,240 [Listener at 0.0.0.0/34327] WARN  server.ServerUtils (ServerUtils.java:sanitizeUserArgs(73)) - ozone.scm.stale.node.interval value = 300000 is larger than max = 100000 based on the key value of ozone.scm.heartbeat.thread.interval, reset to the max value 100000.
2022-07-21 18:24:26,240 [Listener at 0.0.0.0/34327] WARN  server.ServerUtils (ServerUtils.java:sanitizeUserArgs(73)) - ozone.scm.stale.node.interval value = 300000 is larger than max = 100000 based on the key value of ozone.scm.heartbeat.thread.interval, reset to the max value 100000.
2022-07-21 18:24:26,242 [Listener at 0.0.0.0/34327] INFO  node.SCMNodeManager (SCMNodeManager.java:<init>(149)) - Entering startup safe mode.
2022-07-21 18:24:26,243 [Listener at 0.0.0.0/34327] INFO  algorithms.ContainerPlacementPolicyFactory (ContainerPlacementPolicyFactory.java:getPolicyInternal(86)) - Create container placement policy of type org.apache.hadoop.hdds.scm.container.placement.algorithms.SCMContainerPlacementRandom
2022-07-21 18:24:26,243 [Listener at 0.0.0.0/34327] INFO  pipeline.PipelineStateManagerImpl (PipelineStateManagerImpl.java:initialize(78)) - No pipeline exists in current db
2022-07-21 18:24:26,243 [Listener at 0.0.0.0/34327] INFO  algorithms.LeaderChoosePolicyFactory (LeaderChoosePolicyFactory.java:getPolicy(57)) - Create leader choose policy of type org.apache.hadoop.hdds.scm.pipeline.leader.choose.algorithms.MinLeaderCountChoosePolicy
2022-07-21 18:24:26,243 [Listener at 0.0.0.0/34327] INFO  algorithms.ContainerPlacementPolicyFactory (ContainerPlacementPolicyFactory.java:getPolicyInternal(86)) - Create container placement policy of type org.apache.hadoop.hdds.scm.container.placement.algorithms.SCMContainerPlacementRackScatter
2022-07-21 18:24:26,244 [Listener at 0.0.0.0/34327] INFO  ha.SCMServiceManager (SCMServiceManager.java:register(42)) - Registering service BackgroundPipelineCreator.
2022-07-21 18:24:26,244 [Listener at 0.0.0.0/34327] INFO  pipeline.BackgroundPipelineCreator (BackgroundPipelineCreator.java:start(124)) - Starting RatisPipelineUtilsThread.
2022-07-21 18:24:26,246 [Listener at 0.0.0.0/34327] INFO  BackgroundPipelineScrubber (BackgroundSCMService.java:start(68)) - Starting BackgroundPipelineScrubber Service.
2022-07-21 18:24:26,250 [Listener at 0.0.0.0/34327] INFO  ha.SCMServiceManager (SCMServiceManager.java:register(42)) - Registering service BackgroundPipelineScrubber.
2022-07-21 18:24:26,250 [Listener at 0.0.0.0/34327] INFO  ExpiredContainerReplicaOpScrubber (BackgroundSCMService.java:start(68)) - Starting ExpiredContainerReplicaOpScrubber Service.
2022-07-21 18:24:26,251 [Listener at 0.0.0.0/34327] INFO  ha.SCMServiceManager (SCMServiceManager.java:register(42)) - Registering service ExpiredContainerReplicaOpScrubber.
2022-07-21 18:24:26,259 [Listener at 0.0.0.0/34327] INFO  algorithms.PipelineChoosePolicyFactory (PipelineChoosePolicyFactory.java:createPipelineChoosePolicyFromClass(73)) - Create pipeline choose policy of type org.apache.hadoop.hdds.scm.pipeline.choose.algorithms.RandomPipelineChoosePolicy
2022-07-21 18:24:26,259 [Listener at 0.0.0.0/34327] INFO  ha.SCMServiceManager (SCMServiceManager.java:register(42)) - Registering service SCMBlockDeletingService.
2022-07-21 18:24:26,260 [Listener at 0.0.0.0/34327] INFO  replication.ReplicationManager (ReplicationManager.java:start(200)) - Starting Replication Monitor Thread.
2022-07-21 18:24:26,268 [Listener at 0.0.0.0/34327] INFO  UnderReplicatedQueueThread (BackgroundSCMService.java:start(68)) - Starting UnderReplicatedQueueThread Service.
2022-07-21 18:24:26,269 [Listener at 0.0.0.0/34327] INFO  ha.SCMServiceManager (SCMServiceManager.java:register(42)) - Registering service UnderReplicatedQueueThread.
2022-07-21 18:24:26,269 [Listener at 0.0.0.0/34327] INFO  OverReplicatedQueueThread (BackgroundSCMService.java:start(68)) - Starting OverReplicatedQueueThread Service.
2022-07-21 18:24:26,278 [Listener at 0.0.0.0/34327] INFO  ha.SCMServiceManager (SCMServiceManager.java:register(42)) - Registering service OverReplicatedQueueThread.
2022-07-21 18:24:26,278 [Listener at 0.0.0.0/34327] INFO  ha.SCMServiceManager (SCMServiceManager.java:register(42)) - Registering service ReplicationManager.
2022-07-21 18:24:26,279 [Listener at 0.0.0.0/34327] INFO  safemode.ContainerSafeModeRule (ContainerSafeModeRule.java:<init>(89)) - containers with one replica threshold count 0
2022-07-21 18:24:26,279 [Listener at 0.0.0.0/34327] INFO  safemode.HealthyPipelineSafeModeRule (HealthyPipelineSafeModeRule.java:initializeRule(169)) - Total pipeline count is 0, healthy pipeline threshold count is 1
2022-07-21 18:24:26,280 [Listener at 0.0.0.0/34327] INFO  safemode.OneReplicaPipelineSafeModeRule (OneReplicaPipelineSafeModeRule.java:initializeRule(180)) - Total pipeline count is 0, pipeline's with at least one datanode reported threshold count is 0
2022-07-21 18:24:26,282 [Listener at 0.0.0.0/34327] INFO  ipc.CallQueueManager (CallQueueManager.java:<init>(90)) - Using callQueue: class java.util.concurrent.LinkedBlockingQueue, queueCapacity: 2000, scheduler: class org.apache.hadoop.ipc.DefaultRpcScheduler, ipcBackoff: false.
2022-07-21 18:24:26,283 [Socket Reader #1 for port 38303] INFO  ipc.Server (Server.java:run(1265)) - Starting Socket Reader #1 for port 38303
2022-07-21 18:24:26,284 [Listener at 0.0.0.0/38303] INFO  ipc.CallQueueManager (CallQueueManager.java:<init>(90)) - Using callQueue: class java.util.concurrent.LinkedBlockingQueue, queueCapacity: 2000, scheduler: class org.apache.hadoop.ipc.DefaultRpcScheduler, ipcBackoff: false.
2022-07-21 18:24:26,288 [Socket Reader #1 for port 36325] INFO  ipc.Server (Server.java:run(1265)) - Starting Socket Reader #1 for port 36325
2022-07-21 18:24:26,289 [Listener at 0.0.0.0/36325] INFO  ipc.CallQueueManager (CallQueueManager.java:<init>(90)) - Using callQueue: class java.util.concurrent.LinkedBlockingQueue, queueCapacity: 2000, scheduler: class org.apache.hadoop.ipc.DefaultRpcScheduler, ipcBackoff: false.
2022-07-21 18:24:26,291 [Socket Reader #1 for port 39265] INFO  ipc.Server (Server.java:run(1265)) - Starting Socket Reader #1 for port 39265
2022-07-21 18:24:26,301 [ReplicationMonitor] INFO  replication.ReplicationManager (ReplicationManager.java:processAll(249)) - Replication Manager is not ready to run until 3000ms after safemode exit
2022-07-21 18:24:26,336 [Listener at 0.0.0.0/39265] INFO  ha.SCMServiceManager (SCMServiceManager.java:register(42)) - Registering service ContainerBalancer.
2022-07-21 18:24:26,336 [Listener at 0.0.0.0/39265] INFO  server.StorageContainerManager (StorageContainerManager.java:<init>(403)) - 
Container Balancer status:
Key                            Value
Running                        false
Container Balancer Configuration values:
Key                                                Value
Threshold                                          10
Max Datanodes to Involve per Iteration(percent)    20
Max Size to Move per Iteration                     500GB
Max Size Entering Target per Iteration             26GB
Max Size Leaving Source per Iteration              26GB

2022-07-21 18:24:26,336 [Listener at 0.0.0.0/39265] WARN  events.EventQueue (EventQueue.java:fireEvent(216)) - No event handler registered for event TypedEvent{payloadType=SafeModeStatus, name='Safe mode status'}
2022-07-21 18:24:26,336 [Listener at 0.0.0.0/39265] INFO  ha.SCMContext (SCMContext.java:updateSafeModeStatus(228)) - Update SafeModeStatus from SafeModeStatus{safeModeStatus=true, preCheckPassed=false} to SafeModeStatus{safeModeStatus=true, preCheckPassed=false}.
2022-07-21 18:24:26,338 [Listener at 0.0.0.0/39265] INFO  server.StorageContainerManager (StorageContainerManager.java:start(1452)) - StorageContainerLocationProtocol RPC server is listening at /0.0.0.0:39265
2022-07-21 18:24:26,338 [Listener at 0.0.0.0/39265] INFO  ha.SCMRatisServerImpl (SCMRatisServerImpl.java:start(179)) - starting ratis server 0.0.0.0:38265
2022-07-21 18:24:26,339 [1195622a-6e13-4f92-83dd-ad3d63b418dc-impl-thread1] INFO  server.RaftServer$Division (RaftServerImpl.java:start(316)) - 1195622a-6e13-4f92-83dd-ad3d63b418dc@group-DC8BB834FA26: start with initializing state, conf=-1: [], old=null
2022-07-21 18:24:26,340 [1195622a-6e13-4f92-83dd-ad3d63b418dc-impl-thread1] INFO  server.RaftServer$Division (RaftServerImpl.java:setRole(299)) - 1195622a-6e13-4f92-83dd-ad3d63b418dc@group-DC8BB834FA26: changes role from      null to FOLLOWER at term 0 for startInitializing
2022-07-21 18:24:26,340 [1195622a-6e13-4f92-83dd-ad3d63b418dc-impl-thread1] INFO  util.JmxRegister (JmxRegister.java:tryRegister(44)) - Successfully registered JMX Bean with object name Ratis:service=RaftServer,group=group-DC8BB834FA26,id=1195622a-6e13-4f92-83dd-ad3d63b418dc
2022-07-21 18:24:26,341 [Listener at 0.0.0.0/39265] INFO  server.RaftServer (RaftServerProxy.java:lambda$start$6(382)) - 1195622a-6e13-4f92-83dd-ad3d63b418dc: start RPC server
2022-07-21 18:24:26,350 [Listener at 0.0.0.0/39265] INFO  server.GrpcService (GrpcService.java:startImpl(260)) - 1195622a-6e13-4f92-83dd-ad3d63b418dc: GrpcService started, listening on 38265
2022-07-21 18:24:26,351 [Listener at 0.0.0.0/39265] INFO  ha.SCMNodeInfo (SCMNodeInfo.java:getPort(197)) - ConfigKey ozone.scm.client.address is deprecated, For configuring different ports for each SCM use PortConfigKey ozone.scm.client.port appended with serviceId and nodeId
2022-07-21 18:24:26,351 [Listener at 0.0.0.0/39265] INFO  ha.SCMNodeInfo (SCMNodeInfo.java:getPort(197)) - ConfigKey ozone.scm.block.client.address is deprecated, For configuring different ports for each SCM use PortConfigKey ozone.scm.block.client.port appended with serviceId and nodeId
2022-07-21 18:24:26,351 [Listener at 0.0.0.0/39265] INFO  ha.SCMNodeInfo (SCMNodeInfo.java:getPort(197)) - ConfigKey ozone.scm.datanode.address is deprecated, For configuring different ports for each SCM use PortConfigKey ozone.scm.datanode.port appended with serviceId and nodeId
2022-07-21 18:24:26,351 [Listener at 0.0.0.0/39265] INFO  ha.SCMNodeInfo (SCMNodeInfo.java:getPort(197)) - ConfigKey ozone.scm.client.address is deprecated, For configuring different ports for each SCM use PortConfigKey ozone.scm.client.port appended with serviceId and nodeId
2022-07-21 18:24:26,351 [Listener at 0.0.0.0/39265] INFO  ha.SCMNodeInfo (SCMNodeInfo.java:getPort(197)) - ConfigKey ozone.scm.block.client.address is deprecated, For configuring different ports for each SCM use PortConfigKey ozone.scm.block.client.port appended with serviceId and nodeId
2022-07-21 18:24:26,352 [Listener at 0.0.0.0/39265] INFO  ha.SCMNodeInfo (SCMNodeInfo.java:getPort(197)) - ConfigKey ozone.scm.datanode.address is deprecated, For configuring different ports for each SCM use PortConfigKey ozone.scm.datanode.port appended with serviceId and nodeId
2022-07-21 18:24:26,352 [Listener at 0.0.0.0/39265] INFO  proxy.SCMBlockLocationFailoverProxyProvider (SCMBlockLocationFailoverProxyProvider.java:<init>(114)) - Created block location fail-over proxy with 2 nodes: [nodeId=scmNode-2,nodeAddress=/127.0.0.1:39071, nodeId=scmNode-1,nodeAddress=/127.0.0.1:37887]
2022-07-21 18:24:26,358 [org.apache.ratis.util.JvmPauseMonitor$$Lambda$519/1846153014@37c8aeb4] INFO  util.JvmPauseMonitor (JvmPauseMonitor.java:run(103)) - JvmPauseMonitor-1195622a-6e13-4f92-83dd-ad3d63b418dc: Started
2022-07-21 18:24:26,360 [IPC Server handler 2 on default port 37887] INFO  ha.SCMRatisServerImpl (SCMRatisServerImpl.java:addSCM(302)) - 6c219fae-6e05-4936-867a-162ef996a9c6: Submitting SetConfiguration request to Ratis server with new SCM peers list: [6c219fae-6e05-4936-867a-162ef996a9c6|rpc:localhost:35447|admin:|client:|dataStream:|priority:0, a989fbd8-2b6d-434f-a2fe-f7a7e8b88707|rpc:localhost:32791|priority:0, 1195622a-6e13-4f92-83dd-ad3d63b418dc|rpc:localhost:38265|priority:0]
2022-07-21 18:24:26,362 [IPC Server handler 2 on default port 37887] INFO  server.RaftServer$Division (RaftServerImpl.java:setConfigurationAsync(1080)) - 6c219fae-6e05-4936-867a-162ef996a9c6@group-DC8BB834FA26: receive setConfiguration SetConfigurationRequest:client-3DE7F50A924F->6c219fae-6e05-4936-867a-162ef996a9c6@group-DC8BB834FA26, cid=1, seq=0, RW, null, peers:[6c219fae-6e05-4936-867a-162ef996a9c6|rpc:localhost:35447|admin:|client:|dataStream:|priority:0, a989fbd8-2b6d-434f-a2fe-f7a7e8b88707|rpc:localhost:32791|priority:0, 1195622a-6e13-4f92-83dd-ad3d63b418dc|rpc:localhost:38265|priority:0]
2022-07-21 18:24:26,362 [IPC Server handler 2 on default port 37887] INFO  server.RaftServer$Division (LeaderStateImpl.java:startSetConfiguration(368)) - 6c219fae-6e05-4936-867a-162ef996a9c6@group-DC8BB834FA26-LeaderStateImpl: startSetConfiguration SetConfigurationRequest:client-3DE7F50A924F->6c219fae-6e05-4936-867a-162ef996a9c6@group-DC8BB834FA26, cid=1, seq=0, RW, null, peers:[6c219fae-6e05-4936-867a-162ef996a9c6|rpc:localhost:35447|admin:|client:|dataStream:|priority:0, a989fbd8-2b6d-434f-a2fe-f7a7e8b88707|rpc:localhost:32791|priority:0, 1195622a-6e13-4f92-83dd-ad3d63b418dc|rpc:localhost:38265|priority:0]
2022-07-21 18:24:26,363 [IPC Server handler 2 on default port 37887] INFO  server.RaftServerConfigKeys (ConfUtils.java:logGet(46)) - raft.server.log.appender.snapshot.chunk.size.max = 16MB (=16777216) (default)
2022-07-21 18:24:26,363 [IPC Server handler 2 on default port 37887] INFO  server.RaftServerConfigKeys (ConfUtils.java:logGet(46)) - raft.server.log.appender.buffer.byte-limit = 33554432 (custom)
2022-07-21 18:24:26,363 [IPC Server handler 2 on default port 37887] INFO  server.RaftServerConfigKeys (ConfUtils.java:logGet(46)) - raft.server.log.appender.buffer.element-limit = 1024 (custom)
2022-07-21 18:24:26,371 [IPC Server handler 2 on default port 37887] INFO  grpc.GrpcConfigKeys (ConfUtils.java:logGet(46)) - raft.grpc.server.leader.outstanding.appends.max = 128 (default)
2022-07-21 18:24:26,371 [IPC Server handler 2 on default port 37887] INFO  server.RaftServerConfigKeys (ConfUtils.java:logGet(46)) - raft.server.rpc.request.timeout = 30000ms (custom)
2022-07-21 18:24:26,371 [IPC Server handler 2 on default port 37887] INFO  server.RaftServerConfigKeys (ConfUtils.java:logGet(46)) - raft.server.log.appender.install.snapshot.enabled = false (custom)
2022-07-21 18:24:26,372 [6c219fae-6e05-4936-867a-162ef996a9c6@group-DC8BB834FA26->1195622a-6e13-4f92-83dd-ad3d63b418dc-GrpcLogAppender-LogAppenderDaemon] INFO  server.GrpcLogAppender (GrpcLogAppender.java:installSnapshot(541)) - 6c219fae-6e05-4936-867a-162ef996a9c6@group-DC8BB834FA26->1195622a-6e13-4f92-83dd-ad3d63b418dc-GrpcLogAppender: followerNextIndex = 0 but logStartIndex = 0, notify follower to install snapshot-(t:1, i:0)
2022-07-21 18:24:26,373 [6c219fae-6e05-4936-867a-162ef996a9c6@group-DC8BB834FA26->1195622a-6e13-4f92-83dd-ad3d63b418dc-GrpcLogAppender-LogAppenderDaemon] INFO  server.GrpcLogAppender (GrpcLogAppender.java:installSnapshot(549)) - 6c219fae-6e05-4936-867a-162ef996a9c6@group-DC8BB834FA26->1195622a-6e13-4f92-83dd-ad3d63b418dc-GrpcLogAppender: send 6c219fae-6e05-4936-867a-162ef996a9c6->1195622a-6e13-4f92-83dd-ad3d63b418dc#0-t2,notify:(t:1, i:0)
2022-07-21 18:24:26,384 [grpc-default-executor-0] INFO  impl.SnapshotInstallationHandler (SnapshotInstallationHandler.java:installSnapshot(84)) - 1195622a-6e13-4f92-83dd-ad3d63b418dc@group-DC8BB834FA26: receive installSnapshot: 6c219fae-6e05-4936-867a-162ef996a9c6->1195622a-6e13-4f92-83dd-ad3d63b418dc#0-t2,notify:(t:1, i:0)
2022-07-21 18:24:26,386 [grpc-default-executor-0] INFO  ha.SCMStateMachine (SCMStateMachine.java:notifyLeaderChanged(255)) - leader changed, yet current SCM is still follower.
2022-07-21 18:24:26,387 [grpc-default-executor-0] INFO  server.RaftServer$Division (ServerState.java:setLeader(287)) - 1195622a-6e13-4f92-83dd-ad3d63b418dc@group-DC8BB834FA26: change Leader from null to 6c219fae-6e05-4936-867a-162ef996a9c6 at term 2 for installSnapshot, leader elected after 236ms
2022-07-21 18:24:26,387 [grpc-default-executor-0] INFO  impl.SnapshotInstallationHandler (SnapshotInstallationHandler.java:notifyStateMachineToInstallSnapshot(215)) - 1195622a-6e13-4f92-83dd-ad3d63b418dc@group-DC8BB834FA26: Received notification to install snapshot at index 0
2022-07-21 18:24:26,387 [grpc-default-executor-0] INFO  impl.SnapshotInstallationHandler (SnapshotInstallationHandler.java:notifyStateMachineToInstallSnapshot(224)) - 1195622a-6e13-4f92-83dd-ad3d63b418dc@group-DC8BB834FA26: InstallSnapshot notification result: ALREADY_INSTALLED, current snapshot index: -1
2022-07-21 18:24:26,387 [grpc-default-executor-0] INFO  impl.SnapshotInstallationHandler (SnapshotInstallationHandler.java:installSnapshotImpl(129)) - 1195622a-6e13-4f92-83dd-ad3d63b418dc@group-DC8BB834FA26: set new configuration index: 5
configurationEntry {
  peers {
    id: "6c219fae-6e05-4936-867a-162ef996a9c6"
    address: "localhost:35447"
  }
  peers {
    id: "a989fbd8-2b6d-434f-a2fe-f7a7e8b88707"
    address: "localhost:32791"
  }
}
 from snapshot
2022-07-21 18:24:26,388 [grpc-default-executor-0] INFO  server.RaftServer$Division (ServerState.java:setRaftConf(393)) - 1195622a-6e13-4f92-83dd-ad3d63b418dc@group-DC8BB834FA26: set configuration 5: [6c219fae-6e05-4936-867a-162ef996a9c6|rpc:localhost:35447|admin:|client:|dataStream:|priority:0, a989fbd8-2b6d-434f-a2fe-f7a7e8b88707|rpc:localhost:32791|admin:|client:|dataStream:|priority:0], old=null
2022-07-21 18:24:26,388 [grpc-default-executor-0] INFO  impl.SnapshotInstallationHandler (SnapshotInstallationHandler.java:installSnapshot(95)) - 1195622a-6e13-4f92-83dd-ad3d63b418dc@group-DC8BB834FA26: reply installSnapshot: 6c219fae-6e05-4936-867a-162ef996a9c6<-1195622a-6e13-4f92-83dd-ad3d63b418dc#0:FAIL-t0,ALREADY_INSTALLED
2022-07-21 18:24:26,389 [grpc-default-executor-0] INFO  server.GrpcServerProtocolService (GrpcServerProtocolService.java:onCompleted(140)) - 1195622a-6e13-4f92-83dd-ad3d63b418dc: Completed INSTALL_SNAPSHOT, lastRequest: 6c219fae-6e05-4936-867a-162ef996a9c6->1195622a-6e13-4f92-83dd-ad3d63b418dc#0-t2,notify:(t:1, i:0)
2022-07-21 18:24:26,390 [grpc-default-executor-1] INFO  server.GrpcLogAppender (GrpcLogAppender.java:onNext(403)) - 6c219fae-6e05-4936-867a-162ef996a9c6@group-DC8BB834FA26->1195622a-6e13-4f92-83dd-ad3d63b418dc-InstallSnapshotResponseHandler: received the first reply 6c219fae-6e05-4936-867a-162ef996a9c6<-1195622a-6e13-4f92-83dd-ad3d63b418dc#0:FAIL-t0,ALREADY_INSTALLED
2022-07-21 18:24:26,390 [grpc-default-executor-1] INFO  server.GrpcLogAppender (GrpcLogAppender.java:onNext(426)) - 6c219fae-6e05-4936-867a-162ef996a9c6@group-DC8BB834FA26->1195622a-6e13-4f92-83dd-ad3d63b418dc-InstallSnapshotResponseHandler: Follower snapshot is already at index 0.
2022-07-21 18:24:26,390 [grpc-default-executor-1] INFO  leader.FollowerInfo (FollowerInfoImpl.java:lambda$new$0(48)) - 6c219fae-6e05-4936-867a-162ef996a9c6@group-DC8BB834FA26->1195622a-6e13-4f92-83dd-ad3d63b418dc: snapshotIndex: setUnconditionally 0 -> 0
2022-07-21 18:24:26,390 [grpc-default-executor-1] INFO  leader.FollowerInfo (FollowerInfoImpl.java:lambda$new$0(48)) - 6c219fae-6e05-4936-867a-162ef996a9c6@group-DC8BB834FA26->1195622a-6e13-4f92-83dd-ad3d63b418dc: matchIndex: setUnconditionally 0 -> 0
2022-07-21 18:24:26,390 [grpc-default-executor-1] INFO  leader.FollowerInfo (FollowerInfoImpl.java:lambda$new$0(48)) - 6c219fae-6e05-4936-867a-162ef996a9c6@group-DC8BB834FA26->1195622a-6e13-4f92-83dd-ad3d63b418dc: nextIndex: setUnconditionally 0 -> 1
2022-07-21 18:24:26,390 [grpc-default-executor-1] INFO  leader.FollowerInfo (FollowerInfoImpl.java:setAttemptedToInstallSnapshot(118)) - Follower 6c219fae-6e05-4936-867a-162ef996a9c6@group-DC8BB834FA26->1195622a-6e13-4f92-83dd-ad3d63b418dc acknowledged installing snapshot
2022-07-21 18:24:26,391 [grpc-default-executor-1] INFO  leader.FollowerInfo (FollowerInfoImpl.java:lambda$new$0(48)) - 6c219fae-6e05-4936-867a-162ef996a9c6@group-DC8BB834FA26->1195622a-6e13-4f92-83dd-ad3d63b418dc: nextIndex: updateToMax old=1, new=1, updated? false
2022-07-21 18:24:26,397 [1195622a-6e13-4f92-83dd-ad3d63b418dc-server-thread1] INFO  impl.RoleInfo (RoleInfo.java:updateAndGet(139)) - 1195622a-6e13-4f92-83dd-ad3d63b418dc: start 1195622a-6e13-4f92-83dd-ad3d63b418dc@group-DC8BB834FA26-FollowerState
2022-07-21 18:24:26,397 [1195622a-6e13-4f92-83dd-ad3d63b418dc-server-thread1] INFO  server.RaftServer$Division (RaftServerImpl.java:checkInconsistentAppendEntries(1424)) - 1195622a-6e13-4f92-83dd-ad3d63b418dc@group-DC8BB834FA26: Failed appendEntries as previous log entry ((t:1, i:0)) is not found
2022-07-21 18:24:26,397 [1195622a-6e13-4f92-83dd-ad3d63b418dc-server-thread1] INFO  server.RaftServer$Division (RaftServerImpl.java:checkInconsistentAppendEntries(1394)) - 1195622a-6e13-4f92-83dd-ad3d63b418dc@group-DC8BB834FA26: inconsistency entries. Reply:6c219fae-6e05-4936-867a-162ef996a9c6<-1195622a-6e13-4f92-83dd-ad3d63b418dc#0:FAIL-t2,INCONSISTENCY,nextIndex=0,followerCommit=-1
2022-07-21 18:24:26,402 [grpc-default-executor-0] INFO  leader.FollowerInfo (FollowerInfoImpl.java:lambda$new$0(48)) - 6c219fae-6e05-4936-867a-162ef996a9c6@group-DC8BB834FA26->1195622a-6e13-4f92-83dd-ad3d63b418dc: nextIndex: updateUnconditionally 7 -> 0
2022-07-21 18:24:26,402 [1195622a-6e13-4f92-83dd-ad3d63b418dc-server-thread1] INFO  server.RaftServer$Division (RaftServerImpl.java:checkInconsistentAppendEntries(1424)) - 1195622a-6e13-4f92-83dd-ad3d63b418dc@group-DC8BB834FA26: Failed appendEntries as previous log entry ((t:1, i:0)) is not found
2022-07-21 18:24:26,402 [1195622a-6e13-4f92-83dd-ad3d63b418dc-server-thread1] INFO  server.RaftServer$Division (RaftServerImpl.java:checkInconsistentAppendEntries(1394)) - 1195622a-6e13-4f92-83dd-ad3d63b418dc@group-DC8BB834FA26: inconsistency entries. Reply:6c219fae-6e05-4936-867a-162ef996a9c6<-1195622a-6e13-4f92-83dd-ad3d63b418dc#1:FAIL-t2,INCONSISTENCY,nextIndex=0,followerCommit=-1
2022-07-21 18:24:26,406 [grpc-default-executor-1] INFO  leader.FollowerInfo (FollowerInfoImpl.java:lambda$new$0(48)) - 6c219fae-6e05-4936-867a-162ef996a9c6@group-DC8BB834FA26->1195622a-6e13-4f92-83dd-ad3d63b418dc: nextIndex: updateUnconditionally 7 -> 0
2022-07-21 18:24:26,408 [1195622a-6e13-4f92-83dd-ad3d63b418dc-server-thread1] INFO  server.RaftServer$Division (ServerState.java:setRaftConf(393)) - 1195622a-6e13-4f92-83dd-ad3d63b418dc@group-DC8BB834FA26: set configuration 0: [6c219fae-6e05-4936-867a-162ef996a9c6|rpc:localhost:35447|admin:|client:|dataStream:|priority:0], old=null
2022-07-21 18:24:26,408 [1195622a-6e13-4f92-83dd-ad3d63b418dc-server-thread1] INFO  server.RaftServer$Division (ServerState.java:setRaftConf(393)) - 1195622a-6e13-4f92-83dd-ad3d63b418dc@group-DC8BB834FA26: set configuration 1: [6c219fae-6e05-4936-867a-162ef996a9c6|rpc:localhost:35447|admin:|client:|dataStream:|priority:0], old=null
2022-07-21 18:24:26,409 [1195622a-6e13-4f92-83dd-ad3d63b418dc-server-thread1] INFO  server.RaftServer$Division (ServerState.java:setRaftConf(393)) - 1195622a-6e13-4f92-83dd-ad3d63b418dc@group-DC8BB834FA26: set configuration 3: [6c219fae-6e05-4936-867a-162ef996a9c6|rpc:localhost:35447|admin:|client:|dataStream:|priority:0, a989fbd8-2b6d-434f-a2fe-f7a7e8b88707|rpc:localhost:32791|admin:|client:|dataStream:|priority:0], old=[6c219fae-6e05-4936-867a-162ef996a9c6|rpc:localhost:35447|admin:|client:|dataStream:|priority:0]
2022-07-21 18:24:26,409 [1195622a-6e13-4f92-83dd-ad3d63b418dc-server-thread1] INFO  server.RaftServer$Division (ServerState.java:setRaftConf(393)) - 1195622a-6e13-4f92-83dd-ad3d63b418dc@group-DC8BB834FA26: set configuration 5: [6c219fae-6e05-4936-867a-162ef996a9c6|rpc:localhost:35447|admin:|client:|dataStream:|priority:0, a989fbd8-2b6d-434f-a2fe-f7a7e8b88707|rpc:localhost:32791|admin:|client:|dataStream:|priority:0], old=null
2022-07-21 18:24:26,409 [1195622a-6e13-4f92-83dd-ad3d63b418dc-server-thread1] INFO  segmented.SegmentedRaftLogWorker (SegmentedRaftLogWorker.java:startLogSegment(425)) - 1195622a-6e13-4f92-83dd-ad3d63b418dc@group-DC8BB834FA26-SegmentedRaftLogWorker: Starting segment from index:0
2022-07-21 18:24:26,410 [1195622a-6e13-4f92-83dd-ad3d63b418dc-server-thread1] INFO  segmented.SegmentedRaftLogWorker (SegmentedRaftLogWorker.java:rollLogSegment(430)) - 1195622a-6e13-4f92-83dd-ad3d63b418dc@group-DC8BB834FA26-SegmentedRaftLogWorker: Rolling segment log-0_0 to index:0
2022-07-21 18:24:26,414 [1195622a-6e13-4f92-83dd-ad3d63b418dc-server-thread1] INFO  server.RaftServer$Division (ServerState.java:setRaftConf(393)) - 1195622a-6e13-4f92-83dd-ad3d63b418dc@group-DC8BB834FA26: set configuration 0: [6c219fae-6e05-4936-867a-162ef996a9c6|rpc:localhost:35447|admin:|client:|dataStream:|priority:0], old=null
2022-07-21 18:24:26,414 [1195622a-6e13-4f92-83dd-ad3d63b418dc-server-thread1] INFO  server.RaftServer$Division (ServerState.java:setRaftConf(393)) - 1195622a-6e13-4f92-83dd-ad3d63b418dc@group-DC8BB834FA26: set configuration 1: [6c219fae-6e05-4936-867a-162ef996a9c6|rpc:localhost:35447|admin:|client:|dataStream:|priority:0], old=null
2022-07-21 18:24:26,414 [1195622a-6e13-4f92-83dd-ad3d63b418dc-server-thread1] INFO  server.RaftServer$Division (ServerState.java:setRaftConf(393)) - 1195622a-6e13-4f92-83dd-ad3d63b418dc@group-DC8BB834FA26: set configuration 3: [6c219fae-6e05-4936-867a-162ef996a9c6|rpc:localhost:35447|admin:|client:|dataStream:|priority:0, a989fbd8-2b6d-434f-a2fe-f7a7e8b88707|rpc:localhost:32791|admin:|client:|dataStream:|priority:0], old=[6c219fae-6e05-4936-867a-162ef996a9c6|rpc:localhost:35447|admin:|client:|dataStream:|priority:0]
2022-07-21 18:24:26,414 [1195622a-6e13-4f92-83dd-ad3d63b418dc-server-thread1] INFO  server.RaftServer$Division (ServerState.java:setRaftConf(393)) - 1195622a-6e13-4f92-83dd-ad3d63b418dc@group-DC8BB834FA26: set configuration 5: [6c219fae-6e05-4936-867a-162ef996a9c6|rpc:localhost:35447|admin:|client:|dataStream:|priority:0, a989fbd8-2b6d-434f-a2fe-f7a7e8b88707|rpc:localhost:32791|admin:|client:|dataStream:|priority:0], old=null
2022-07-21 18:24:26,422 [1195622a-6e13-4f92-83dd-ad3d63b418dc@group-DC8BB834FA26-SegmentedRaftLogWorker] INFO  segmented.SegmentedRaftLogWorker (SegmentedRaftLogWorker.java:execute(629)) - 1195622a-6e13-4f92-83dd-ad3d63b418dc@group-DC8BB834FA26-SegmentedRaftLogWorker: created new log segment /home/runner/work/ozone/ozone/hadoop-ozone/integration-test/target/test-dir/MiniOzoneClusterImpl-c56c5c68-8a55-4647-89a4-dc8bb834fa26/scmNode-3/scm-ha/c56c5c68-8a55-4647-89a4-dc8bb834fa26/current/log_inprogress_0
2022-07-21 18:24:26,425 [1195622a-6e13-4f92-83dd-ad3d63b418dc@group-DC8BB834FA26-SegmentedRaftLogWorker] INFO  segmented.SegmentedRaftLogWorker (SegmentedRaftLogWorker.java:execute(586)) - 1195622a-6e13-4f92-83dd-ad3d63b418dc@group-DC8BB834FA26-SegmentedRaftLogWorker: Rolled log segment from /home/runner/work/ozone/ozone/hadoop-ozone/integration-test/target/test-dir/MiniOzoneClusterImpl-c56c5c68-8a55-4647-89a4-dc8bb834fa26/scmNode-3/scm-ha/c56c5c68-8a55-4647-89a4-dc8bb834fa26/current/log_inprogress_0 to /home/runner/work/ozone/ozone/hadoop-ozone/integration-test/target/test-dir/MiniOzoneClusterImpl-c56c5c68-8a55-4647-89a4-dc8bb834fa26/scmNode-3/scm-ha/c56c5c68-8a55-4647-89a4-dc8bb834fa26/current/log_0-0
2022-07-21 18:24:26,436 [1195622a-6e13-4f92-83dd-ad3d63b418dc@group-DC8BB834FA26-SegmentedRaftLogWorker] INFO  segmented.SegmentedRaftLogWorker (SegmentedRaftLogWorker.java:execute(629)) - 1195622a-6e13-4f92-83dd-ad3d63b418dc@group-DC8BB834FA26-SegmentedRaftLogWorker: created new log segment /home/runner/work/ozone/ozone/hadoop-ozone/integration-test/target/test-dir/MiniOzoneClusterImpl-c56c5c68-8a55-4647-89a4-dc8bb834fa26/scmNode-3/scm-ha/c56c5c68-8a55-4647-89a4-dc8bb834fa26/current/log_inprogress_1
2022-07-21 18:24:26,440 [1195622a-6e13-4f92-83dd-ad3d63b418dc@group-DC8BB834FA26-StateMachineUpdater] INFO  safemode.HealthyPipelineSafeModeRule (HealthyPipelineSafeModeRule.java:initializeRule(165)) - Refreshed total pipeline count is 0, healthy pipeline threshold count is 1
2022-07-21 18:24:26,441 [1195622a-6e13-4f92-83dd-ad3d63b418dc@group-DC8BB834FA26-StateMachineUpdater] INFO  safemode.ContainerSafeModeRule (ContainerSafeModeRule.java:reInitializeRule(177)) - Refreshed one replica container threshold 0, currentThreshold 0
2022-07-21 18:24:26,442 [1195622a-6e13-4f92-83dd-ad3d63b418dc@group-DC8BB834FA26-StateMachineUpdater] INFO  safemode.OneReplicaPipelineSafeModeRule (OneReplicaPipelineSafeModeRule.java:initializeRule(176)) - Refreshed Total pipeline count is 0, pipeline's with at least one datanode reported threshold count is 0
2022-07-21 18:24:26,442 [1195622a-6e13-4f92-83dd-ad3d63b418dc@group-DC8BB834FA26-StateMachineUpdater] INFO  server.SCMDatanodeProtocolServer (SCMDatanodeProtocolServer.java:start(186)) - ScmDatanodeProtocol RPC server for DataNodes is listening at /0.0.0.0:38303
2022-07-21 18:24:26,442 [6c219fae-6e05-4936-867a-162ef996a9c6@group-DC8BB834FA26-LeaderStateImpl] INFO  server.RaftServer$Division (ServerState.java:setRaftConf(393)) - 6c219fae-6e05-4936-867a-162ef996a9c6@group-DC8BB834FA26: set configuration 7: [6c219fae-6e05-4936-867a-162ef996a9c6|rpc:localhost:35447|admin:|client:|dataStream:|priority:0, 1195622a-6e13-4f92-83dd-ad3d63b418dc|rpc:localhost:38265|priority:0, a989fbd8-2b6d-434f-a2fe-f7a7e8b88707|rpc:localhost:32791|priority:0], old=[6c219fae-6e05-4936-867a-162ef996a9c6|rpc:localhost:35447|admin:|client:|dataStream:|priority:0, a989fbd8-2b6d-434f-a2fe-f7a7e8b88707|rpc:localhost:32791|priority:0]
2022-07-21 18:24:26,445 [1195622a-6e13-4f92-83dd-ad3d63b418dc-server-thread1] INFO  server.RaftServer$Division (ServerState.java:setRaftConf(393)) - 1195622a-6e13-4f92-83dd-ad3d63b418dc@group-DC8BB834FA26: set configuration 7: [6c219fae-6e05-4936-867a-162ef996a9c6|rpc:localhost:35447|admin:|client:|dataStream:|priority:0, 1195622a-6e13-4f92-83dd-ad3d63b418dc|rpc:localhost:38265|admin:|client:|dataStream:|priority:0, a989fbd8-2b6d-434f-a2fe-f7a7e8b88707|rpc:localhost:32791|admin:|client:|dataStream:|priority:0], old=[6c219fae-6e05-4936-867a-162ef996a9c6|rpc:localhost:35447|admin:|client:|dataStream:|priority:0, a989fbd8-2b6d-434f-a2fe-f7a7e8b88707|rpc:localhost:32791|admin:|client:|dataStream:|priority:0]
2022-07-21 18:24:26,447 [a989fbd8-2b6d-434f-a2fe-f7a7e8b88707-server-thread1] INFO  server.RaftServer$Division (ServerState.java:setRaftConf(393)) - a989fbd8-2b6d-434f-a2fe-f7a7e8b88707@group-DC8BB834FA26: set configuration 7: [6c219fae-6e05-4936-867a-162ef996a9c6|rpc:localhost:35447|admin:|client:|dataStream:|priority:0, 1195622a-6e13-4f92-83dd-ad3d63b418dc|rpc:localhost:38265|admin:|client:|dataStream:|priority:0, a989fbd8-2b6d-434f-a2fe-f7a7e8b88707|rpc:localhost:32791|admin:|client:|dataStream:|priority:0], old=[6c219fae-6e05-4936-867a-162ef996a9c6|rpc:localhost:35447|admin:|client:|dataStream:|priority:0, a989fbd8-2b6d-434f-a2fe-f7a7e8b88707|rpc:localhost:32791|admin:|client:|dataStream:|priority:0]
2022-07-21 18:24:26,447 [IPC Server Responder] INFO  ipc.Server (Server.java:run(1507)) - IPC Server Responder: starting
2022-07-21 18:24:26,459 [IPC Server listener on 38303] INFO  ipc.Server (Server.java:run(1344)) - IPC Server listener on 38303: starting
2022-07-21 18:24:26,466 [6c219fae-6e05-4936-867a-162ef996a9c6@group-DC8BB834FA26-LeaderStateImpl] INFO  server.RaftServer$Division (ServerState.java:setRaftConf(393)) - 6c219fae-6e05-4936-867a-162ef996a9c6@group-DC8BB834FA26: set configuration 9: [6c219fae-6e05-4936-867a-162ef996a9c6|rpc:localhost:35447|admin:|client:|dataStream:|priority:0, 1195622a-6e13-4f92-83dd-ad3d63b418dc|rpc:localhost:38265|priority:0, a989fbd8-2b6d-434f-a2fe-f7a7e8b88707|rpc:localhost:32791|priority:0], old=null
2022-07-21 18:24:26,483 [a989fbd8-2b6d-434f-a2fe-f7a7e8b88707-server-thread1] INFO  server.RaftServer$Division (ServerState.java:setRaftConf(393)) - a989fbd8-2b6d-434f-a2fe-f7a7e8b88707@group-DC8BB834FA26: set configuration 9: [6c219fae-6e05-4936-867a-162ef996a9c6|rpc:localhost:35447|admin:|client:|dataStream:|priority:0, 1195622a-6e13-4f92-83dd-ad3d63b418dc|rpc:localhost:38265|admin:|client:|dataStream:|priority:0, a989fbd8-2b6d-434f-a2fe-f7a7e8b88707|rpc:localhost:32791|admin:|client:|dataStream:|priority:0], old=null
2022-07-21 18:24:26,486 [1195622a-6e13-4f92-83dd-ad3d63b418dc-server-thread1] INFO  server.RaftServer$Division (ServerState.java:setRaftConf(393)) - 1195622a-6e13-4f92-83dd-ad3d63b418dc@group-DC8BB834FA26: set configuration 9: [6c219fae-6e05-4936-867a-162ef996a9c6|rpc:localhost:35447|admin:|client:|dataStream:|priority:0, 1195622a-6e13-4f92-83dd-ad3d63b418dc|rpc:localhost:38265|admin:|client:|dataStream:|priority:0, a989fbd8-2b6d-434f-a2fe-f7a7e8b88707|rpc:localhost:32791|admin:|client:|dataStream:|priority:0], old=null
2022-07-21 18:24:26,505 [IPC Server handler 2 on default port 37887] INFO  ha.SCMRatisServerImpl (SCMRatisServerImpl.java:addSCM(313)) - Successfully added new SCM: 1195622a-6e13-4f92-83dd-ad3d63b418dc.
2022-07-21 18:24:26,514 [Listener at 0.0.0.0/39265] INFO  ha.SCMHAManagerImpl (SCMHAManagerImpl.java:start(117)) - Successfully added SCM scmNode-3 to group group-DC8BB834FA26:[6c219fae-6e05-4936-867a-162ef996a9c6|rpc:localhost:35447|admin:|client:|dataStream:|priority:0, 1195622a-6e13-4f92-83dd-ad3d63b418dc|rpc:localhost:38265|admin:|client:|dataStream:|priority:0, a989fbd8-2b6d-434f-a2fe-f7a7e8b88707|rpc:localhost:32791|admin:|client:|dataStream:|priority:0]
2022-07-21 18:24:26,515 [Listener at 0.0.0.0/39265] INFO  ha.InterSCMGrpcService (InterSCMGrpcProtocolService.java:start(94)) - Starting SCM Grpc Service at port 46729
2022-07-21 18:24:26,519 [Listener at 0.0.0.0/39265] INFO  impl.MetricsSystemImpl (MetricsSystemImpl.java:init(158)) - StorageContainerManager metrics system started (again)
2022-07-21 18:24:26,534 [Listener at 0.0.0.0/39265] INFO  server.SCMClientProtocolServer (SCMClientProtocolServer.java:start(170)) - RPC server for Client  is listening at /0.0.0.0:39265
2022-07-21 18:24:26,541 [IPC Server Responder] INFO  ipc.Server (Server.java:run(1507)) - IPC Server Responder: starting
2022-07-21 18:24:26,542 [IPC Server listener on 39265] INFO  ipc.Server (Server.java:run(1344)) - IPC Server listener on 39265: starting
2022-07-21 18:24:26,544 [Listener at 0.0.0.0/39265] INFO  server.StorageContainerManager (StorageContainerManager.java:start(1467)) - ScmBlockLocationProtocol RPC server is listening at /0.0.0.0:36325
2022-07-21 18:24:26,545 [Listener at 0.0.0.0/39265] INFO  server.SCMBlockProtocolServer (SCMBlockProtocolServer.java:start(152)) - RPC server for Block Protocol is listening at /0.0.0.0:36325
2022-07-21 18:24:26,545 [IPC Server Responder] INFO  ipc.Server (Server.java:run(1507)) - IPC Server Responder: starting
2022-07-21 18:24:26,545 [IPC Server listener on 36325] INFO  ipc.Server (Server.java:run(1344)) - IPC Server listener on 36325: starting
2022-07-21 18:24:26,567 [org.apache.hadoop.util.JvmPauseMonitor$Monitor@4da73daf] INFO  util.JvmPauseMonitor (JvmPauseMonitor.java:run(188)) - Starting JVM pause monitor
2022-07-21 18:24:26,567 [Listener at 0.0.0.0/39265] INFO  http.BaseHttpServer (BaseHttpServer.java:newHttpServer2BuilderForOzone(209)) - Starting Web-server for scm at: http://0.0.0.0:43215
2022-07-21 18:24:26,567 [Listener at 0.0.0.0/39265] INFO  http.BaseHttpServer (BaseHttpServer.java:<init>(107)) - Hadoop Security Enabled: false Ozone Security Enabled: false Ozone HTTP Security Enabled: false 
2022-07-21 18:24:26,569 [Listener at 0.0.0.0/39265] INFO  server.AuthenticationFilter (AuthenticationFilter.java:constructSecretProvider(240)) - Unable to initialize FileSignerSecretProvider, falling back to use random secrets.
2022-07-21 18:24:26,573 [Listener at 0.0.0.0/39265] WARN  http.HttpRequestLog (HttpRequestLog.java:getRequestLog(103)) - Jetty request log can only be enabled using Log4j
2022-07-21 18:24:26,575 [Listener at 0.0.0.0/39265] INFO  http.HttpServer2 (HttpServer2.java:addGlobalFilter(1029)) - Added global filter 'safety' (class=org.apache.hadoop.hdds.server.http.HttpServer2$QuotingInputFilter)
2022-07-21 18:24:26,576 [Listener at 0.0.0.0/39265] INFO  http.HttpServer2 (HttpServer2.java:addFilter(1005)) - Added filter static_user_filter (class=org.apache.hadoop.http.lib.StaticUserWebFilter$StaticUserFilter) to context scm
2022-07-21 18:24:26,576 [Listener at 0.0.0.0/39265] INFO  http.HttpServer2 (HttpServer2.java:addFilter(1013)) - Added filter static_user_filter (class=org.apache.hadoop.http.lib.StaticUserWebFilter$StaticUserFilter) to context static
2022-07-21 18:24:26,576 [Listener at 0.0.0.0/39265] INFO  http.HttpServer2 (HttpServer2.java:addFilter(1013)) - Added filter static_user_filter (class=org.apache.hadoop.http.lib.StaticUserWebFilter$StaticUserFilter) to context logs
2022-07-21 18:24:26,577 [Listener at 0.0.0.0/39265] INFO  http.HttpServer2 (HttpServer2.java:bindListener(1248)) - Jetty bound to port 43215
2022-07-21 18:24:26,577 [Listener at 0.0.0.0/39265] INFO  server.Server (Server.java:doStart(375)) - jetty-9.4.43.v20210629; built: 2021-06-30T11:07:22.254Z; git: 526006ecfa3af7f1a27ef3a288e2bef7ea9dd7e8; jvm 1.8.0_332-b09
2022-07-21 18:24:26,584 [Listener at 0.0.0.0/39265] INFO  server.session (DefaultSessionIdManager.java:doStart(334)) - DefaultSessionIdManager workerName=node0
2022-07-21 18:24:26,584 [Listener at 0.0.0.0/39265] INFO  server.session (DefaultSessionIdManager.java:doStart(339)) - No SessionScavenger set, using defaults
2022-07-21 18:24:26,585 [Listener at 0.0.0.0/39265] INFO  server.session (HouseKeeper.java:startScavenging(132)) - node0 Scavenging every 600000ms
2022-07-21 18:24:26,586 [Listener at 0.0.0.0/39265] INFO  handler.ContextHandler (ContextHandler.java:doStart(915)) - Started o.e.j.s.ServletContextHandler@570992b{logs,/logs,file:///home/runner/work/ozone/ozone/hadoop-ozone/integration-test/target/log,AVAILABLE}
2022-07-21 18:24:26,586 [Listener at 0.0.0.0/39265] INFO  handler.ContextHandler (ContextHandler.java:doStart(915)) - Started o.e.j.s.ServletContextHandler@8575ddf{static,/static,file:///home/runner/work/ozone/ozone/hadoop-ozone/integration-test/target/test-classes/webapps/static,AVAILABLE}
2022-07-21 18:24:26,591 [Listener at 0.0.0.0/39265] INFO  handler.ContextHandler (ContextHandler.java:doStart(915)) - Started o.e.j.w.WebAppContext@2c205310{scm,/,file:///home/runner/work/ozone/ozone/hadoop-ozone/integration-test/target/test-classes/webapps/scm/,AVAILABLE}{file:/home/runner/work/ozone/ozone/hadoop-ozone/integration-test/target/test-classes/webapps/scm}
2022-07-21 18:24:26,595 [Listener at 0.0.0.0/39265] INFO  server.AbstractConnector (AbstractConnector.java:doStart(331)) - Started ServerConnector@7d4a7e32{HTTP/1.1, (http/1.1)}{0.0.0.0:43215}
2022-07-21 18:24:26,595 [Listener at 0.0.0.0/39265] INFO  server.Server (Server.java:doStart(415)) - Started @18914ms
2022-07-21 18:24:26,595 [Listener at 0.0.0.0/39265] WARN  impl.MetricsSystemImpl (MetricsSystemImpl.java:register(279)) - Sink prometheus already exists!
2022-07-21 18:24:26,595 [Listener at 0.0.0.0/39265] INFO  http.BaseHttpServer (BaseHttpServer.java:updateConnectorAddress(329)) - HTTP server of scm listening at http://0.0.0.0:43215
2022-07-21 18:24:26,595 [Listener at 0.0.0.0/39265] INFO  ozone.MiniOzoneHAClusterImpl (MiniOzoneHAClusterImpl.java:createSCMService(606)) - Started SCM RPC server at /0.0.0.0:39265
2022-07-21 18:24:26,646 [Listener at 0.0.0.0/39265] INFO  audit.AuditLogger (AuditLogger.java:refreshDebugCmdSet(126)) - Refresh DebugCmdSet for OMAudit to [].
2022-07-21 18:24:26,723 [Listener at 0.0.0.0/39265] INFO  ha.OMHANodeDetails (OMHANodeDetails.java:loadOMHAConfig(121)) - ServiceID for OzoneManager is omServiceId1
2022-07-21 18:24:26,728 [Listener at 0.0.0.0/39265] INFO  ha.OMHANodeDetails (OMHANodeDetails.java:loadOMHAConfig(201)) - Found matching OM address with OMServiceId: omServiceId1, OMNodeId: omNode-1, RPC Address: localhost:36277 and Ratis port: 41041
2022-07-21 18:24:26,728 [Listener at 0.0.0.0/39265] INFO  ha.OMHANodeDetails (ConfUtils.java:setNodeSpecificConfigs(97)) - Setting configuration key ozone.om.http-address with value of key ozone.om.http-address.omServiceId1.omNode-1: 127.0.0.1:43443
2022-07-21 18:24:26,728 [Listener at 0.0.0.0/39265] INFO  ha.OMHANodeDetails (ConfUtils.java:setNodeSpecificConfigs(97)) - Setting configuration key ozone.om.https-address with value of key ozone.om.https-address.omServiceId1.omNode-1: 127.0.0.1:46327
2022-07-21 18:24:26,728 [Listener at 0.0.0.0/39265] INFO  ha.OMHANodeDetails (ConfUtils.java:setNodeSpecificConfigs(97)) - Setting configuration key ozone.om.address with value of key ozone.om.address.omServiceId1.omNode-1: 127.0.0.1:36277
2022-07-21 18:24:26,729 [Listener at 0.0.0.0/39265] WARN  server.ServerUtils (ServerUtils.java:getDBPath(225)) - ozone.om.db.dirs is not configured. We recommend adding this setting. Falling back to ozone.metadata.dirs instead.
2022-07-21 18:24:26,733 [Listener at 0.0.0.0/39265] INFO  ha.SCMNodeInfo (SCMNodeInfo.java:getPort(197)) - ConfigKey ozone.scm.client.address is deprecated, For configuring different ports for each SCM use PortConfigKey ozone.scm.client.port appended with serviceId and nodeId
2022-07-21 18:24:26,733 [Listener at 0.0.0.0/39265] INFO  ha.SCMNodeInfo (SCMNodeInfo.java:getPort(197)) - ConfigKey ozone.scm.block.client.address is deprecated, For configuring different ports for each SCM use PortConfigKey ozone.scm.block.client.port appended with serviceId and nodeId
2022-07-21 18:24:26,733 [Listener at 0.0.0.0/39265] INFO  ha.SCMNodeInfo (SCMNodeInfo.java:getPort(197)) - ConfigKey ozone.scm.datanode.address is deprecated, For configuring different ports for each SCM use PortConfigKey ozone.scm.datanode.port appended with serviceId and nodeId
2022-07-21 18:24:26,733 [Listener at 0.0.0.0/39265] INFO  ha.SCMNodeInfo (SCMNodeInfo.java:getPort(197)) - ConfigKey ozone.scm.client.address is deprecated, For configuring different ports for each SCM use PortConfigKey ozone.scm.client.port appended with serviceId and nodeId
2022-07-21 18:24:26,733 [Listener at 0.0.0.0/39265] INFO  ha.SCMNodeInfo (SCMNodeInfo.java:getPort(197)) - ConfigKey ozone.scm.block.client.address is deprecated, For configuring different ports for each SCM use PortConfigKey ozone.scm.block.client.port appended with serviceId and nodeId
2022-07-21 18:24:26,733 [Listener at 0.0.0.0/39265] INFO  ha.SCMNodeInfo (SCMNodeInfo.java:getPort(197)) - ConfigKey ozone.scm.datanode.address is deprecated, For configuring different ports for each SCM use PortConfigKey ozone.scm.datanode.port appended with serviceId and nodeId
2022-07-21 18:24:26,733 [Listener at 0.0.0.0/39265] INFO  ha.SCMNodeInfo (SCMNodeInfo.java:getPort(197)) - ConfigKey ozone.scm.client.address is deprecated, For configuring different ports for each SCM use PortConfigKey ozone.scm.client.port appended with serviceId and nodeId
2022-07-21 18:24:26,734 [Listener at 0.0.0.0/39265] INFO  ha.SCMNodeInfo (SCMNodeInfo.java:getPort(197)) - ConfigKey ozone.scm.block.client.address is deprecated, For configuring different ports for each SCM use PortConfigKey ozone.scm.block.client.port appended with serviceId and nodeId
2022-07-21 18:24:26,734 [Listener at 0.0.0.0/39265] INFO  ha.SCMNodeInfo (SCMNodeInfo.java:getPort(197)) - ConfigKey ozone.scm.datanode.address is deprecated, For configuring different ports for each SCM use PortConfigKey ozone.scm.datanode.port appended with serviceId and nodeId
2022-07-21 18:24:26,734 [Listener at 0.0.0.0/39265] INFO  proxy.SCMBlockLocationFailoverProxyProvider (SCMBlockLocationFailoverProxyProvider.java:<init>(114)) - Created block location fail-over proxy with 3 nodes: [nodeId=scmNode-2,nodeAddress=/127.0.0.1:39071, nodeId=scmNode-3,nodeAddress=/127.0.0.1:36325, nodeId=scmNode-1,nodeAddress=/127.0.0.1:37887]
OM initialization succeeded.Current cluster id for sd=/home/runner/work/ozone/ozone/hadoop-ozone/integration-test/target/test-dir/MiniOzoneClusterImpl-c56c5c68-8a55-4647-89a4-dc8bb834fa26/omNode-1/om;cid=c56c5c68-8a55-4647-89a4-dc8bb834fa26;layoutVersion=3
2022-07-21 18:24:26,748 [Listener at 0.0.0.0/39265] INFO  ha.OMHANodeDetails (OMHANodeDetails.java:loadOMHAConfig(121)) - ServiceID for OzoneManager is omServiceId1
2022-07-21 18:24:26,751 [Listener at 0.0.0.0/39265] INFO  ha.OMHANodeDetails (OMHANodeDetails.java:loadOMHAConfig(201)) - Found matching OM address with OMServiceId: omServiceId1, OMNodeId: omNode-1, RPC Address: localhost:36277 and Ratis port: 41041
2022-07-21 18:24:26,751 [Listener at 0.0.0.0/39265] INFO  ha.OMHANodeDetails (ConfUtils.java:setNodeSpecificConfigs(97)) - Setting configuration key ozone.om.http-address with value of key ozone.om.http-address.omServiceId1.omNode-1: 127.0.0.1:43443
2022-07-21 18:24:26,752 [Listener at 0.0.0.0/39265] INFO  ha.OMHANodeDetails (ConfUtils.java:setNodeSpecificConfigs(97)) - Setting configuration key ozone.om.https-address with value of key ozone.om.https-address.omServiceId1.omNode-1: 127.0.0.1:46327
2022-07-21 18:24:26,752 [Listener at 0.0.0.0/39265] INFO  ha.OMHANodeDetails (ConfUtils.java:setNodeSpecificConfigs(97)) - Setting configuration key ozone.om.address with value of key ozone.om.address.omServiceId1.omNode-1: 127.0.0.1:36277
2022-07-21 18:24:26,752 [Listener at 0.0.0.0/39265] WARN  server.ServerUtils (ServerUtils.java:getDBPath(225)) - ozone.om.db.dirs is not configured. We recommend adding this setting. Falling back to ozone.metadata.dirs instead.
2022-07-21 18:24:26,754 [Listener at 0.0.0.0/39265] INFO  upgrade.AbstractLayoutVersionManager (AbstractLayoutVersionManager.java:init(83)) - Initializing Layout version manager with metadata layout = MULTITENANCY_SCHEMA (version = 3), software layout = MULTITENANCY_SCHEMA (version = 3)
2022-07-21 18:24:26,859 [Listener at 0.0.0.0/39265] INFO  reflections.Reflections (Reflections.java:scan(232)) - Reflections took 99 ms to scan 2 urls, producing 152 keys and 424 values [using 2 cores]
2022-07-21 18:24:26,866 [Listener at 0.0.0.0/39265] INFO  upgrade.OMLayoutVersionManager (OMLayoutVersionManager.java:lambda$0(115)) - Skipping Upgrade Action MockOmUpgradeAction since it has been finalized.
2022-07-21 18:24:26,867 [Listener at 0.0.0.0/39265] WARN  server.ServerUtils (ServerUtils.java:getDBPath(225)) - ozone.om.db.dirs is not configured. We recommend adding this setting. Falling back to ozone.metadata.dirs instead.
2022-07-21 18:24:26,888 [Listener at 0.0.0.0/39265] INFO  ha.SCMNodeInfo (SCMNodeInfo.java:getPort(197)) - ConfigKey ozone.scm.client.address is deprecated, For configuring different ports for each SCM use PortConfigKey ozone.scm.client.port appended with serviceId and nodeId
2022-07-21 18:24:26,888 [Listener at 0.0.0.0/39265] INFO  ha.SCMNodeInfo (SCMNodeInfo.java:getPort(197)) - ConfigKey ozone.scm.block.client.address is deprecated, For configuring different ports for each SCM use PortConfigKey ozone.scm.block.client.port appended with serviceId and nodeId
2022-07-21 18:24:26,889 [Listener at 0.0.0.0/39265] INFO  ha.SCMNodeInfo (SCMNodeInfo.java:getPort(197)) - ConfigKey ozone.scm.datanode.address is deprecated, For configuring different ports for each SCM use PortConfigKey ozone.scm.datanode.port appended with serviceId and nodeId
2022-07-21 18:24:26,889 [Listener at 0.0.0.0/39265] INFO  ha.SCMNodeInfo (SCMNodeInfo.java:getPort(197)) - ConfigKey ozone.scm.client.address is deprecated, For configuring different ports for each SCM use PortConfigKey ozone.scm.client.port appended with serviceId and nodeId
2022-07-21 18:24:26,889 [Listener at 0.0.0.0/39265] INFO  ha.SCMNodeInfo (SCMNodeInfo.java:getPort(197)) - ConfigKey ozone.scm.block.client.address is deprecated, For configuring different ports for each SCM use PortConfigKey ozone.scm.block.client.port appended with serviceId and nodeId
2022-07-21 18:24:26,889 [Listener at 0.0.0.0/39265] INFO  ha.SCMNodeInfo (SCMNodeInfo.java:getPort(197)) - ConfigKey ozone.scm.datanode.address is deprecated, For configuring different ports for each SCM use PortConfigKey ozone.scm.datanode.port appended with serviceId and nodeId
2022-07-21 18:24:26,889 [Listener at 0.0.0.0/39265] INFO  ha.SCMNodeInfo (SCMNodeInfo.java:getPort(197)) - ConfigKey ozone.scm.client.address is deprecated, For configuring different ports for each SCM use PortConfigKey ozone.scm.client.port appended with serviceId and nodeId
2022-07-21 18:24:26,889 [Listener at 0.0.0.0/39265] INFO  ha.SCMNodeInfo (SCMNodeInfo.java:getPort(197)) - ConfigKey ozone.scm.block.client.address is deprecated, For configuring different ports for each SCM use PortConfigKey ozone.scm.block.client.port appended with serviceId and nodeId
2022-07-21 18:24:26,889 [Listener at 0.0.0.0/39265] INFO  ha.SCMNodeInfo (SCMNodeInfo.java:getPort(197)) - ConfigKey ozone.scm.datanode.address is deprecated, For configuring different ports for each SCM use PortConfigKey ozone.scm.datanode.port appended with serviceId and nodeId
2022-07-21 18:24:27,057 [Listener at 0.0.0.0/39265] INFO  ha.SCMNodeInfo (SCMNodeInfo.java:getPort(197)) - ConfigKey ozone.scm.client.address is deprecated, For configuring different ports for each SCM use PortConfigKey ozone.scm.client.port appended with serviceId and nodeId
2022-07-21 18:24:27,057 [Listener at 0.0.0.0/39265] INFO  ha.SCMNodeInfo (SCMNodeInfo.java:getPort(197)) - ConfigKey ozone.scm.block.client.address is deprecated, For configuring different ports for each SCM use PortConfigKey ozone.scm.block.client.port appended with serviceId and nodeId
2022-07-21 18:24:27,057 [Listener at 0.0.0.0/39265] INFO  ha.SCMNodeInfo (SCMNodeInfo.java:getPort(197)) - ConfigKey ozone.scm.datanode.address is deprecated, For configuring different ports for each SCM use PortConfigKey ozone.scm.datanode.port appended with serviceId and nodeId
2022-07-21 18:24:27,057 [Listener at 0.0.0.0/39265] INFO  ha.SCMNodeInfo (SCMNodeInfo.java:getPort(197)) - ConfigKey ozone.scm.client.address is deprecated, For configuring different ports for each SCM use PortConfigKey ozone.scm.client.port appended with serviceId and nodeId
2022-07-21 18:24:27,057 [Listener at 0.0.0.0/39265] INFO  ha.SCMNodeInfo (SCMNodeInfo.java:getPort(197)) - ConfigKey ozone.scm.block.client.address is deprecated, For configuring different ports for each SCM use PortConfigKey ozone.scm.block.client.port appended with serviceId and nodeId
2022-07-21 18:24:27,057 [Listener at 0.0.0.0/39265] INFO  ha.SCMNodeInfo (SCMNodeInfo.java:getPort(197)) - ConfigKey ozone.scm.datanode.address is deprecated, For configuring different ports for each SCM use PortConfigKey ozone.scm.datanode.port appended with serviceId and nodeId
2022-07-21 18:24:27,057 [Listener at 0.0.0.0/39265] INFO  ha.SCMNodeInfo (SCMNodeInfo.java:getPort(197)) - ConfigKey ozone.scm.client.address is deprecated, For configuring different ports for each SCM use PortConfigKey ozone.scm.client.port appended with serviceId and nodeId
2022-07-21 18:24:27,059 [Listener at 0.0.0.0/39265] INFO  ha.SCMNodeInfo (SCMNodeInfo.java:getPort(197)) - ConfigKey ozone.scm.block.client.address is deprecated, For configuring different ports for each SCM use PortConfigKey ozone.scm.block.client.port appended with serviceId and nodeId
2022-07-21 18:24:27,059 [Listener at 0.0.0.0/39265] INFO  ha.SCMNodeInfo (SCMNodeInfo.java:getPort(197)) - ConfigKey ozone.scm.datanode.address is deprecated, For configuring different ports for each SCM use PortConfigKey ozone.scm.datanode.port appended with serviceId and nodeId
2022-07-21 18:24:27,060 [Listener at 0.0.0.0/39265] INFO  proxy.SCMBlockLocationFailoverProxyProvider (SCMBlockLocationFailoverProxyProvider.java:<init>(114)) - Created block location fail-over proxy with 3 nodes: [nodeId=scmNode-2,nodeAddress=/127.0.0.1:39071, nodeId=scmNode-3,nodeAddress=/127.0.0.1:36325, nodeId=scmNode-1,nodeAddress=/127.0.0.1:37887]
2022-07-21 18:24:27,063 [Listener at 0.0.0.0/39265] INFO  ha.SCMNodeInfo (SCMNodeInfo.java:getPort(197)) - ConfigKey ozone.scm.client.address is deprecated, For configuring different ports for each SCM use PortConfigKey ozone.scm.client.port appended with serviceId and nodeId
2022-07-21 18:24:27,063 [Listener at 0.0.0.0/39265] INFO  ha.SCMNodeInfo (SCMNodeInfo.java:getPort(197)) - ConfigKey ozone.scm.block.client.address is deprecated, For configuring different ports for each SCM use PortConfigKey ozone.scm.block.client.port appended with serviceId and nodeId
2022-07-21 18:24:27,063 [Listener at 0.0.0.0/39265] INFO  ha.SCMNodeInfo (SCMNodeInfo.java:getPort(197)) - ConfigKey ozone.scm.datanode.address is deprecated, For configuring different ports for each SCM use PortConfigKey ozone.scm.datanode.port appended with serviceId and nodeId
2022-07-21 18:24:27,064 [Listener at 0.0.0.0/39265] INFO  ha.SCMNodeInfo (SCMNodeInfo.java:getPort(197)) - ConfigKey ozone.scm.client.address is deprecated, For configuring different ports for each SCM use PortConfigKey ozone.scm.client.port appended with serviceId and nodeId
2022-07-21 18:24:27,064 [Listener at 0.0.0.0/39265] INFO  ha.SCMNodeInfo (SCMNodeInfo.java:getPort(197)) - ConfigKey ozone.scm.block.client.address is deprecated, For configuring different ports for each SCM use PortConfigKey ozone.scm.block.client.port appended with serviceId and nodeId
2022-07-21 18:24:27,064 [Listener at 0.0.0.0/39265] INFO  ha.SCMNodeInfo (SCMNodeInfo.java:getPort(197)) - ConfigKey ozone.scm.datanode.address is deprecated, For configuring different ports for each SCM use PortConfigKey ozone.scm.datanode.port appended with serviceId and nodeId
2022-07-21 18:24:27,064 [Listener at 0.0.0.0/39265] INFO  ha.SCMNodeInfo (SCMNodeInfo.java:getPort(197)) - ConfigKey ozone.scm.client.address is deprecated, For configuring different ports for each SCM use PortConfigKey ozone.scm.client.port appended with serviceId and nodeId
2022-07-21 18:24:27,064 [Listener at 0.0.0.0/39265] INFO  ha.SCMNodeInfo (SCMNodeInfo.java:getPort(197)) - ConfigKey ozone.scm.block.client.address is deprecated, For configuring different ports for each SCM use PortConfigKey ozone.scm.block.client.port appended with serviceId and nodeId
2022-07-21 18:24:27,064 [Listener at 0.0.0.0/39265] INFO  ha.SCMNodeInfo (SCMNodeInfo.java:getPort(197)) - ConfigKey ozone.scm.datanode.address is deprecated, For configuring different ports for each SCM use PortConfigKey ozone.scm.datanode.port appended with serviceId and nodeId
2022-07-21 18:24:27,064 [Listener at 0.0.0.0/39265] INFO  proxy.SCMBlockLocationFailoverProxyProvider (SCMBlockLocationFailoverProxyProvider.java:<init>(114)) - Created block location fail-over proxy with 3 nodes: [nodeId=scmNode-2,nodeAddress=/127.0.0.1:39071, nodeId=scmNode-3,nodeAddress=/127.0.0.1:36325, nodeId=scmNode-1,nodeAddress=/127.0.0.1:37887]
2022-07-21 18:24:27,109 [Listener at 0.0.0.0/39265] WARN  server.ServerUtils (ServerUtils.java:getDBPath(225)) - ozone.om.db.dirs is not configured. We recommend adding this setting. Falling back to ozone.metadata.dirs instead.
2022-07-21 18:24:27,121 [Listener at 0.0.0.0/39265] INFO  codec.OmKeyInfoCodec (OmKeyInfoCodec.java:<init>(49)) - OmKeyInfoCodec ignorePipeline = true
2022-07-21 18:24:27,122 [Listener at 0.0.0.0/39265] INFO  codec.RepeatedOmKeyInfoCodec (RepeatedOmKeyInfoCodec.java:<init>(41)) - RepeatedOmKeyInfoCodec ignorePipeline = true
2022-07-21 18:24:27,315 [Listener at 0.0.0.0/39265] INFO  om.OzoneManager (OzoneManager.java:instantiateServices(694)) - S3 Multi-Tenancy is disabled
2022-07-21 18:24:27,416 [Listener at 0.0.0.0/39265] INFO  om.OzoneManager (OzoneManager.java:addS3GVolumeToDB(4308)) - Created Volume s3v With Owner runner required for S3Gateway operations.
2022-07-21 18:24:27,518 [Listener at 0.0.0.0/39265] WARN  server.ServerUtils (ServerUtils.java:getDefaultRatisDirectory(237)) - Storage directory for Ratis is not configured. It is a good idea to map this to an SSD disk. Falling back to ozone.metadata.dirs
2022-07-21 18:24:27,518 [Listener at 0.0.0.0/39265] WARN  utils.OzoneManagerRatisUtils (OzoneManagerRatisUtils.java:getOMRatisSnapshotDirectory(431)) - ozone.om.ratis.snapshot.dir is not configured. Falling back to ozone.metadata.dirs config
2022-07-21 18:24:27,524 [Listener at 0.0.0.0/39265] INFO  snapshot.OzoneManagerSnapshotProvider (OzoneManagerSnapshotProvider.java:<init>(76)) - Initializing OM Snapshot Provider
2022-07-21 18:24:27,653 [Listener at 0.0.0.0/39265] WARN  impl.MetricRegistriesImpl (MetricRegistriesImpl.java:addReporterRegistration(111)) - New reporters are added after registries were created. Some metrics will be missing from the reporter. Please add reporter before adding any new registry.
2022-07-21 18:24:27,653 [Listener at 0.0.0.0/39265] WARN  impl.MetricRegistriesImpl (MetricRegistriesImpl.java:addReporterRegistration(111)) - New reporters are added after registries were created. Some metrics will be missing from the reporter. Please add reporter before adding any new registry.
2022-07-21 18:24:27,653 [Listener at 0.0.0.0/39265] WARN  server.ServerUtils (ServerUtils.java:getDefaultRatisDirectory(237)) - Storage directory for Ratis is not configured. It is a good idea to map this to an SSD disk. Falling back to ozone.metadata.dirs
2022-07-21 18:24:27,656 [Listener at 0.0.0.0/39265] INFO  ratis.OzoneManagerRatisServer (OzoneManagerRatisServer.java:<init>(159)) - Instantiating OM Ratis server with groupID: omServiceId1 and peers: localhost:41041, localhost:44469, localhost:36377
2022-07-21 18:24:27,661 [Listener at 0.0.0.0/39265] INFO  ratis.OzoneManagerStateMachine (OzoneManagerStateMachine.java:loadSnapshotInfoFromDB(632)) - LastAppliedIndex is set from TransactionInfo from OM DB as (t:0, i:~)
2022-07-21 18:24:27,703 [Listener at 0.0.0.0/39265] INFO  server.RaftServer (ConfUtils.java:logGet(46)) - raft.rpc.type = GRPC (default)
2022-07-21 18:24:27,703 [Listener at 0.0.0.0/39265] INFO  grpc.GrpcFactory (GrpcFactory.java:checkPooledByteBufAllocatorUseCacheForAllThreads(48)) - PERFORMANCE WARNING: useCacheForAllThreads is true that may cause Netty to create a lot garbage objects and, as a result, trigger GC.
	It is recommended to disable useCacheForAllThreads by setting -Dorg.apache.ratis.thirdparty.io.netty.allocator.useCacheForAllThreads=false in command line.
2022-07-21 18:24:27,703 [Listener at 0.0.0.0/39265] INFO  grpc.GrpcConfigKeys (ConfUtils.java:logGet(46)) - raft.grpc.admin.port = -1 (default)
2022-07-21 18:24:27,703 [Listener at 0.0.0.0/39265] INFO  grpc.GrpcConfigKeys (ConfUtils.java:logGet(46)) - raft.grpc.server.port = 41041 (custom)
2022-07-21 18:24:27,703 [Listener at 0.0.0.0/39265] INFO  grpc.GrpcConfigKeys (ConfUtils.java:logGet(46)) - raft.grpc.client.port = -1 (default)
2022-07-21 18:24:27,703 [Listener at 0.0.0.0/39265] INFO  grpc.GrpcConfigKeys (ConfUtils.java:logGet(46)) - raft.grpc.server.port = 41041 (custom)
2022-07-21 18:24:27,703 [Listener at 0.0.0.0/39265] INFO  grpc.GrpcConfigKeys (ConfUtils.java:logGet(46)) - raft.grpc.server.port = 41041 (custom)
2022-07-21 18:24:27,703 [Listener at 0.0.0.0/39265] INFO  server.GrpcService (ConfUtils.java:logGet(46)) - raft.grpc.message.size.max = 33554432 (custom)
2022-07-21 18:24:27,704 [Listener at 0.0.0.0/39265] INFO  server.RaftServerConfigKeys (ConfUtils.java:logGet(46)) - raft.server.log.appender.buffer.byte-limit = 33554432 (custom)
2022-07-21 18:24:27,704 [Listener at 0.0.0.0/39265] INFO  server.GrpcService (ConfUtils.java:logGet(46)) - raft.grpc.flow.control.window = 1MB (=1048576) (default)
2022-07-21 18:24:27,704 [Listener at 0.0.0.0/39265] INFO  server.RaftServerConfigKeys (ConfUtils.java:logGet(46)) - raft.server.rpc.request.timeout = 3000ms (default)
2022-07-21 18:24:27,704 [Listener at 0.0.0.0/39265] INFO  grpc.GrpcConfigKeys (ConfUtils.java:logGet(46)) - raft.grpc.server.async.request.thread.pool.cached = true (default)
2022-07-21 18:24:27,704 [Listener at 0.0.0.0/39265] INFO  grpc.GrpcConfigKeys (ConfUtils.java:logGet(46)) - raft.grpc.server.async.request.thread.pool.size = 32 (default)
2022-07-21 18:24:27,705 [Listener at 0.0.0.0/39265] INFO  impl.DataStreamServerImpl (ConfUtils.java:logGet(46)) - raft.datastream.type = DISABLED (default)
2022-07-21 18:24:27,705 [Listener at 0.0.0.0/39265] INFO  server.RaftServerConfigKeys (ConfUtils.java:logGet(46)) - raft.server.threadpool.proxy.cached = true (default)
2022-07-21 18:24:27,706 [Listener at 0.0.0.0/39265] INFO  server.RaftServerConfigKeys (ConfUtils.java:logGet(46)) - raft.server.threadpool.proxy.size = 0 (default)
2022-07-21 18:24:27,706 [Listener at 0.0.0.0/39265] INFO  server.RaftServerConfigKeys (ConfUtils.java:logGet(46)) - raft.server.rpc.slowness.timeout = 2s (custom)
2022-07-21 18:24:27,706 [Listener at 0.0.0.0/39265] INFO  server.RaftServerConfigKeys (ConfUtils.java:logGet(46)) - raft.server.leaderelection.leader.step-down.wait-time = 10s (default)
2022-07-21 18:24:27,706 [Listener at 0.0.0.0/39265] INFO  server.RaftServerConfigKeys (ConfUtils.java:logGet(46)) - raft.server.storage.dir = [/home/runner/work/ozone/ozone/hadoop-ozone/integration-test/target/test-dir/MiniOzoneClusterImpl-c56c5c68-8a55-4647-89a4-dc8bb834fa26/omNode-1/ratis] (custom)
2022-07-21 18:24:27,707 [Listener at 0.0.0.0/39265] INFO  server.RaftServer (RaftServerProxy.java:addNew(96)) - omNode-1: addNew group-6C22E66A003A:[omNode-3|rpc:localhost:44469|priority:0, omNode-1|rpc:localhost:41041|priority:0, omNode-2|rpc:localhost:36377|priority:0] returns group-6C22E66A003A:java.util.concurrent.CompletableFuture@2d8e9c28[Not completed]
2022-07-21 18:24:27,707 [Listener at 0.0.0.0/39265] INFO  om.OzoneManager (OzoneManager.java:initializeRatisServer(1963)) - OzoneManager Ratis server initialized at port 41041
2022-07-21 18:24:27,712 [pool-124-thread-1] INFO  server.RaftServer$Division (RaftServerImpl.java:<init>(190)) - omNode-1: new RaftServerImpl for group-6C22E66A003A:[omNode-3|rpc:localhost:44469|priority:0, omNode-1|rpc:localhost:41041|priority:0, omNode-2|rpc:localhost:36377|priority:0] with OzoneManagerStateMachine:uninitialized
2022-07-21 18:24:27,712 [pool-124-thread-1] INFO  server.RaftServerConfigKeys (ConfUtils.java:logGet(46)) - raft.server.rpc.timeout.min = 1s (custom)
2022-07-21 18:24:27,712 [pool-124-thread-1] INFO  server.RaftServerConfigKeys (ConfUtils.java:logGet(46)) - raft.server.rpc.timeout.max = 1200ms (custom)
2022-07-21 18:24:27,712 [pool-124-thread-1] INFO  server.RaftServerConfigKeys (ConfUtils.java:logGet(46)) - raft.server.rpc.sleep.time = 25ms (default)
2022-07-21 18:24:27,712 [pool-124-thread-1] INFO  server.RaftServerConfigKeys (ConfUtils.java:logGet(46)) - raft.server.rpc.slowness.timeout = 2s (custom)
2022-07-21 18:24:27,712 [pool-124-thread-1] INFO  server.RaftServerConfigKeys (ConfUtils.java:logGet(46)) - raft.server.leaderelection.leader.step-down.wait-time = 10s (default)
2022-07-21 18:24:27,712 [pool-124-thread-1] INFO  server.RaftServerConfigKeys (ConfUtils.java:logGet(46)) - raft.server.sleep.deviation.threshold = 300ms (default)
2022-07-21 18:24:27,713 [pool-124-thread-1] INFO  server.RaftServer$Division (ServerState.java:<init>(107)) - omNode-1@group-6C22E66A003A: ConfigurationManager, init=-1: [omNode-3|rpc:localhost:44469|priority:0, omNode-1|rpc:localhost:41041|priority:0, omNode-2|rpc:localhost:36377|priority:0], old=null, confs=<EMPTY_MAP>
2022-07-21 18:24:27,713 [pool-124-thread-1] INFO  server.RaftServerConfigKeys (ConfUtils.java:logGet(46)) - raft.server.storage.dir = [/home/runner/work/ozone/ozone/hadoop-ozone/integration-test/target/test-dir/MiniOzoneClusterImpl-c56c5c68-8a55-4647-89a4-dc8bb834fa26/omNode-1/ratis] (custom)
2022-07-21 18:24:27,713 [pool-124-thread-1] INFO  server.RaftServerConfigKeys (ConfUtils.java:logGet(46)) - raft.server.log.corruption.policy = EXCEPTION (default)
2022-07-21 18:24:27,713 [pool-124-thread-1] INFO  server.RaftServerConfigKeys (ConfUtils.java:logGet(46)) - raft.server.storage.free-space.min = 0MB (=0) (default)
2022-07-21 18:24:27,713 [pool-124-thread-1] INFO  storage.RaftStorageDirectory (RaftStorageDirectoryImpl.java:analyzeStorage(135)) - The storage directory /home/runner/work/ozone/ozone/hadoop-ozone/integration-test/target/test-dir/MiniOzoneClusterImpl-c56c5c68-8a55-4647-89a4-dc8bb834fa26/omNode-1/ratis/9c9825ce-8ba7-3ee6-a7c3-6c22e66a003a does not exist. Creating ...
2022-07-21 18:24:27,718 [Listener at 0.0.0.0/39265] INFO  om.OzoneManager (OzoneManager.java:getRpcServer(1083)) - Creating RPC Server
2022-07-21 18:24:27,730 [pool-124-thread-1] INFO  storage.RaftStorageDirectory (RaftStorageDirectoryImpl.java:tryLock(230)) - Lock on /home/runner/work/ozone/ozone/hadoop-ozone/integration-test/target/test-dir/MiniOzoneClusterImpl-c56c5c68-8a55-4647-89a4-dc8bb834fa26/omNode-1/ratis/9c9825ce-8ba7-3ee6-a7c3-6c22e66a003a/in_use.lock acquired by nodename 21952@fv-az378-305
2022-07-21 18:24:27,737 [pool-124-thread-1] INFO  storage.RaftStorage (RaftStorageImpl.java:format(89)) - Storage directory /home/runner/work/ozone/ozone/hadoop-ozone/integration-test/target/test-dir/MiniOzoneClusterImpl-c56c5c68-8a55-4647-89a4-dc8bb834fa26/omNode-1/ratis/9c9825ce-8ba7-3ee6-a7c3-6c22e66a003a has been successfully formatted.
2022-07-21 18:24:27,737 [pool-124-thread-1] INFO  server.RaftServerConfigKeys (ConfUtils.java:logGet(46)) - raft.server.notification.no-leader.timeout = 2s (custom)
2022-07-21 18:24:27,737 [pool-124-thread-1] INFO  server.RaftServerConfigKeys (ConfUtils.java:logGet(46)) - raft.server.log.use.memory = false (default)
2022-07-21 18:24:27,738 [pool-124-thread-1] INFO  server.RaftServerConfigKeys (ConfUtils.java:logGet(46)) - raft.server.log.purge.gap = 1000000 (custom)
2022-07-21 18:24:27,738 [pool-124-thread-1] INFO  server.RaftServerConfigKeys (ConfUtils.java:logGet(46)) - raft.server.log.appender.buffer.byte-limit = 33554432 (custom)
2022-07-21 18:24:27,738 [pool-124-thread-1] INFO  server.RaftServerConfigKeys (ConfUtils.java:logGet(46)) - raft.server.log.statemachine.data.read.timeout = 1000ms (default)
2022-07-21 18:24:27,738 [pool-124-thread-1] INFO  server.RaftServerConfigKeys (ConfUtils.java:logGet(46)) - raft.server.log.segment.size.max = 4194304 (custom)
2022-07-21 18:24:27,739 [pool-124-thread-1] INFO  server.RaftServerConfigKeys (ConfUtils.java:logGet(46)) - raft.server.log.segment.cache.num.max = 2 (custom)
2022-07-21 18:24:27,739 [pool-124-thread-1] INFO  server.RaftServerConfigKeys (ConfUtils.java:logGet(46)) - raft.server.log.segment.cache.size.max = 200MB (=209715200) (default)
2022-07-21 18:24:27,739 [pool-124-thread-1] INFO  segmented.SegmentedRaftLogWorker (SegmentedRaftLogWorker.java:<init>(187)) - new omNode-1@group-6C22E66A003A-SegmentedRaftLogWorker for RaftStorageImpl:Storage Directory /home/runner/work/ozone/ozone/hadoop-ozone/integration-test/target/test-dir/MiniOzoneClusterImpl-c56c5c68-8a55-4647-89a4-dc8bb834fa26/omNode-1/ratis/9c9825ce-8ba7-3ee6-a7c3-6c22e66a003a
2022-07-21 18:24:27,739 [pool-124-thread-1] INFO  server.RaftServerConfigKeys (ConfUtils.java:logGet(46)) - raft.server.log.queue.byte-limit = 64MB (=67108864) (default)
2022-07-21 18:24:27,739 [pool-124-thread-1] INFO  server.RaftServerConfigKeys (ConfUtils.java:logGet(46)) - raft.server.log.queue.element-limit = 4096 (default)
2022-07-21 18:24:27,739 [pool-124-thread-1] INFO  server.RaftServerConfigKeys (ConfUtils.java:logGet(46)) - raft.server.log.segment.size.max = 4194304 (custom)
2022-07-21 18:24:27,739 [pool-124-thread-1] INFO  server.RaftServerConfigKeys (ConfUtils.java:logGet(46)) - raft.server.log.preallocated.size = 4194304 (custom)
2022-07-21 18:24:27,739 [pool-124-thread-1] INFO  server.RaftServerConfigKeys (ConfUtils.java:logGet(46)) - raft.server.log.force.sync.num = 128 (default)
2022-07-21 18:24:27,739 [pool-124-thread-1] INFO  server.RaftServerConfigKeys (ConfUtils.java:logGet(46)) - raft.server.log.statemachine.data.sync = true (default)
2022-07-21 18:24:27,739 [pool-124-thread-1] INFO  server.RaftServerConfigKeys (ConfUtils.java:logGet(46)) - raft.server.log.statemachine.data.sync.timeout = 10s (default)
2022-07-21 18:24:27,739 [pool-124-thread-1] INFO  server.RaftServerConfigKeys (ConfUtils.java:logGet(46)) - raft.server.log.statemachine.data.sync.timeout.retry = -1 (default)
2022-07-21 18:24:27,740 [pool-124-thread-1] INFO  server.RaftServerConfigKeys (ConfUtils.java:logGet(46)) - raft.server.log.write.buffer.size = 64KB (=65536) (default)
2022-07-21 18:24:27,741 [pool-124-thread-1] INFO  server.RaftServerConfigKeys (ConfUtils.java:logGet(46)) - raft.server.log.unsafe-flush.enabled = false (default)
2022-07-21 18:24:27,741 [pool-124-thread-1] INFO  server.RaftServerConfigKeys (ConfUtils.java:logGet(46)) - raft.server.log.statemachine.data.caching.enabled = false (default)
2022-07-21 18:24:27,741 [pool-124-thread-1] INFO  segmented.SegmentedRaftLogWorker (SegmentedRaftLogWorker.java:lambda$new$0(135)) - omNode-1@group-6C22E66A003A-SegmentedRaftLogWorker: flushIndex: setUnconditionally 0 -> -1
2022-07-21 18:24:27,741 [pool-124-thread-1] INFO  segmented.SegmentedRaftLogWorker (SegmentedRaftLogWorker.java:lambda$new$0(135)) - omNode-1@group-6C22E66A003A-SegmentedRaftLogWorker: safeCacheEvictIndex: setUnconditionally 0 -> -1
2022-07-21 18:24:27,741 [pool-124-thread-1] INFO  server.RaftServerConfigKeys (ConfUtils.java:logGet(46)) - raft.server.snapshot.auto.trigger.enabled = true (custom)
2022-07-21 18:24:27,741 [pool-124-thread-1] INFO  server.RaftServerConfigKeys (ConfUtils.java:logGet(46)) - raft.server.snapshot.auto.trigger.threshold = 400000 (default)
2022-07-21 18:24:27,741 [pool-124-thread-1] INFO  server.RaftServerConfigKeys (ConfUtils.java:logGet(46)) - raft.server.snapshot.retention.file.num = -1 (default)
2022-07-21 18:24:27,741 [pool-124-thread-1] INFO  server.RaftServerConfigKeys (ConfUtils.java:logGet(46)) - raft.server.log.purge.upto.snapshot.index = true (custom)
2022-07-21 18:24:27,741 [pool-124-thread-1] INFO  server.RaftServerConfigKeys (ConfUtils.java:logGet(46)) - raft.server.retrycache.expirytime = 300s (custom)
2022-07-21 18:24:27,742 [pool-124-thread-1] INFO  server.RaftServerConfigKeys (ConfUtils.java:logGet(46)) - raft.server.retrycache.statistics.expirytime = 100μs (default)
2022-07-21 18:24:27,743 [pool-124-thread-1] INFO  server.RaftServerConfigKeys (ConfUtils.java:logGet(46)) - raft.server.log.appender.install.snapshot.enabled = false (custom)
2022-07-21 18:24:27,743 [pool-124-thread-1] INFO  server.RaftServerConfigKeys (ConfUtils.java:logGet(46)) - raft.server.threadpool.server.cached = true (default)
2022-07-21 18:24:27,743 [pool-124-thread-1] INFO  server.RaftServerConfigKeys (ConfUtils.java:logGet(46)) - raft.server.threadpool.server.size = 0 (default)
2022-07-21 18:24:27,743 [pool-124-thread-1] INFO  server.RaftServerConfigKeys (ConfUtils.java:logGet(46)) - raft.server.threadpool.client.cached = true (default)
2022-07-21 18:24:27,743 [pool-124-thread-1] INFO  server.RaftServerConfigKeys (ConfUtils.java:logGet(46)) - raft.server.threadpool.client.size = 0 (default)
2022-07-21 18:24:28,270 [Listener at 0.0.0.0/39265] INFO  reflections.Reflections (Reflections.java:scan(232)) - Reflections took 509 ms to scan 19 urls, producing 67 keys and 4134 values [using 2 cores]
2022-07-21 18:24:28,510 [org.apache.ratis.util.JvmPauseMonitor$$Lambda$519/1846153014@37c8aeb4] WARN  util.JvmPauseMonitor (JvmPauseMonitor.java:detectPause(124)) - JvmPauseMonitor-1195622a-6e13-4f92-83dd-ad3d63b418dc: Detected pause in JVM or host machine (eg GC): pause of approximately 138306681ns.
GC pool 'PS MarkSweep' had collection(s): count=1 time=104ms
GC pool 'PS Scavenge' had collection(s): count=1 time=70ms
2022-07-21 18:24:28,614 [Listener at 0.0.0.0/39265] INFO  ipc.CallQueueManager (CallQueueManager.java:<init>(90)) - Using callQueue: class java.util.concurrent.LinkedBlockingQueue, queueCapacity: 2000, scheduler: class org.apache.hadoop.ipc.DefaultRpcScheduler, ipcBackoff: false.
2022-07-21 18:24:28,614 [Socket Reader #1 for port 36277] INFO  ipc.Server (Server.java:run(1265)) - Starting Socket Reader #1 for port 36277
2022-07-21 18:24:28,652 [Listener at 127.0.0.1/36277] INFO  impl.MetricsSystemImpl (MetricsSystemImpl.java:init(158)) - OzoneManager metrics system started (again)
2022-07-21 18:24:28,661 [Listener at 127.0.0.1/36277] INFO  om.OzoneManager (OzoneManager.java:start(1467)) - OzoneManager RPC server is listening at localhost/127.0.0.1:36277
2022-07-21 18:24:28,661 [Listener at 127.0.0.1/36277] INFO  ratis.OzoneManagerRatisServer (OzoneManagerRatisServer.java:start(554)) - Starting OzoneManagerRatisServer omNode-1 at port 41041
2022-07-21 18:24:28,662 [omNode-1-impl-thread1] INFO  server.RaftServer$Division (RaftServerImpl.java:start(310)) - omNode-1@group-6C22E66A003A: start as a follower, conf=-1: [omNode-3|rpc:localhost:44469|priority:0, omNode-1|rpc:localhost:41041|priority:0, omNode-2|rpc:localhost:36377|priority:0], old=null
2022-07-21 18:24:28,662 [omNode-1-impl-thread1] INFO  server.RaftServer$Division (RaftServerImpl.java:setRole(299)) - omNode-1@group-6C22E66A003A: changes role from      null to FOLLOWER at term 0 for startAsFollower
2022-07-21 18:24:28,662 [omNode-1-impl-thread1] INFO  impl.RoleInfo (RoleInfo.java:updateAndGet(139)) - omNode-1: start omNode-1@group-6C22E66A003A-FollowerState
2022-07-21 18:24:28,662 [omNode-1-impl-thread1] INFO  util.JmxRegister (JmxRegister.java:tryRegister(44)) - Successfully registered JMX Bean with object name Ratis:service=RaftServer,group=group-6C22E66A003A,id=omNode-1
2022-07-21 18:24:28,679 [Listener at 127.0.0.1/36277] INFO  server.RaftServer (RaftServerProxy.java:lambda$start$6(382)) - omNode-1: start RPC server
2022-07-21 18:24:28,682 [Listener at 127.0.0.1/36277] INFO  server.GrpcService (GrpcService.java:startImpl(260)) - omNode-1: GrpcService started, listening on 41041
2022-07-21 18:24:28,690 [Listener at 127.0.0.1/36277] INFO  om.OzoneManager (OzoneManager.java:start(1483)) - Version File has different layout version (3) than OM DB (null). That is expected if this OM has never been finalized to a newer layout version.
2022-07-21 18:24:28,693 [org.apache.ratis.util.JvmPauseMonitor$$Lambda$519/1846153014@7a4545e0] INFO  util.JvmPauseMonitor (JvmPauseMonitor.java:run(103)) - JvmPauseMonitor-omNode-1: Started
2022-07-21 18:24:28,709 [Listener at 127.0.0.1/36277] INFO  http.BaseHttpServer (BaseHttpServer.java:newHttpServer2BuilderForOzone(209)) - Starting Web-server for ozoneManager at: http://0.0.0.0:43443
2022-07-21 18:24:28,709 [Listener at 127.0.0.1/36277] INFO  http.BaseHttpServer (BaseHttpServer.java:<init>(107)) - Hadoop Security Enabled: false Ozone Security Enabled: false Ozone HTTP Security Enabled: false 
2022-07-21 18:24:28,711 [Listener at 127.0.0.1/36277] INFO  server.AuthenticationFilter (AuthenticationFilter.java:constructSecretProvider(240)) - Unable to initialize FileSignerSecretProvider, falling back to use random secrets.
2022-07-21 18:24:28,720 [Listener at 127.0.0.1/36277] WARN  http.HttpRequestLog (HttpRequestLog.java:getRequestLog(103)) - Jetty request log can only be enabled using Log4j
2022-07-21 18:24:28,722 [Listener at 127.0.0.1/36277] INFO  http.HttpServer2 (HttpServer2.java:addGlobalFilter(1029)) - Added global filter 'safety' (class=org.apache.hadoop.hdds.server.http.HttpServer2$QuotingInputFilter)
2022-07-21 18:24:28,722 [Listener at 127.0.0.1/36277] INFO  http.HttpServer2 (HttpServer2.java:addFilter(1005)) - Added filter static_user_filter (class=org.apache.hadoop.http.lib.StaticUserWebFilter$StaticUserFilter) to context ozoneManager
2022-07-21 18:24:28,722 [Listener at 127.0.0.1/36277] INFO  http.HttpServer2 (HttpServer2.java:addFilter(1013)) - Added filter static_user_filter (class=org.apache.hadoop.http.lib.StaticUserWebFilter$StaticUserFilter) to context static
2022-07-21 18:24:28,723 [Listener at 127.0.0.1/36277] INFO  http.HttpServer2 (HttpServer2.java:addFilter(1013)) - Added filter static_user_filter (class=org.apache.hadoop.http.lib.StaticUserWebFilter$StaticUserFilter) to context logs
2022-07-21 18:24:28,724 [Listener at 127.0.0.1/36277] INFO  http.HttpServer2 (HttpServer2.java:bindListener(1248)) - Jetty bound to port 43443
2022-07-21 18:24:28,724 [Listener at 127.0.0.1/36277] INFO  server.Server (Server.java:doStart(375)) - jetty-9.4.43.v20210629; built: 2021-06-30T11:07:22.254Z; git: 526006ecfa3af7f1a27ef3a288e2bef7ea9dd7e8; jvm 1.8.0_332-b09
2022-07-21 18:24:28,731 [Listener at 127.0.0.1/36277] INFO  server.session (DefaultSessionIdManager.java:doStart(334)) - DefaultSessionIdManager workerName=node0
2022-07-21 18:24:28,731 [Listener at 127.0.0.1/36277] INFO  server.session (DefaultSessionIdManager.java:doStart(339)) - No SessionScavenger set, using defaults
2022-07-21 18:24:28,732 [Listener at 127.0.0.1/36277] INFO  server.session (HouseKeeper.java:startScavenging(132)) - node0 Scavenging every 660000ms
2022-07-21 18:24:28,734 [Listener at 127.0.0.1/36277] INFO  handler.ContextHandler (ContextHandler.java:doStart(915)) - Started o.e.j.s.ServletContextHandler@730f0a6{logs,/logs,file:///home/runner/work/ozone/ozone/hadoop-ozone/integration-test/target/log,AVAILABLE}
2022-07-21 18:24:28,735 [Listener at 127.0.0.1/36277] INFO  handler.ContextHandler (ContextHandler.java:doStart(915)) - Started o.e.j.s.ServletContextHandler@4346a0b6{static,/static,file:///home/runner/work/ozone/ozone/hadoop-ozone/integration-test/target/test-classes/webapps/static,AVAILABLE}
2022-07-21 18:24:28,739 [Listener at 127.0.0.1/36277] INFO  handler.ContextHandler (ContextHandler.java:doStart(915)) - Started o.e.j.w.WebAppContext@7108567f{ozoneManager,/,file:///home/runner/work/ozone/ozone/hadoop-ozone/integration-test/target/test-classes/webapps/ozoneManager/,AVAILABLE}{file:/home/runner/work/ozone/ozone/hadoop-ozone/integration-test/target/test-classes/webapps/ozoneManager}
2022-07-21 18:24:28,755 [Listener at 127.0.0.1/36277] INFO  server.AbstractConnector (AbstractConnector.java:doStart(331)) - Started ServerConnector@195fc149{HTTP/1.1, (http/1.1)}{0.0.0.0:43443}
2022-07-21 18:24:28,755 [Listener at 127.0.0.1/36277] INFO  server.Server (Server.java:doStart(415)) - Started @21074ms
2022-07-21 18:24:28,755 [Listener at 127.0.0.1/36277] WARN  impl.MetricsSystemImpl (MetricsSystemImpl.java:register(279)) - Sink prometheus already exists!
2022-07-21 18:24:28,756 [Listener at 127.0.0.1/36277] INFO  http.BaseHttpServer (BaseHttpServer.java:updateConnectorAddress(329)) - HTTP server of ozoneManager listening at http://0.0.0.0:43443
2022-07-21 18:24:28,765 [IPC Server Responder] INFO  ipc.Server (Server.java:run(1507)) - IPC Server Responder: starting
2022-07-21 18:24:28,765 [IPC Server listener on 36277] INFO  ipc.Server (Server.java:run(1344)) - IPC Server listener on 36277: starting
2022-07-21 18:24:28,782 [Listener at 127.0.0.1/36277] INFO  om.OzoneManager (OzoneManager.java:startTrashEmptier(1907)) - Trash Interval set to 0. Files deleted won't move to trash
2022-07-21 18:24:28,785 [Listener at 127.0.0.1/36277] INFO  ozone.MiniOzoneHAClusterImpl (MiniOzoneHAClusterImpl.java:createOMService(527)) - Started OzoneManager omNode-1 RPC server at localhost/127.0.0.1:36277
2022-07-21 18:24:28,785 [Listener at 127.0.0.1/36277] INFO  ha.OMHANodeDetails (OMHANodeDetails.java:loadOMHAConfig(121)) - ServiceID for OzoneManager is omServiceId1
2022-07-21 18:24:28,795 [Listener at 127.0.0.1/36277] INFO  ha.OMHANodeDetails (OMHANodeDetails.java:loadOMHAConfig(201)) - Found matching OM address with OMServiceId: omServiceId1, OMNodeId: omNode-2, RPC Address: localhost:43637 and Ratis port: 36377
2022-07-21 18:24:28,795 [Listener at 127.0.0.1/36277] INFO  ha.OMHANodeDetails (ConfUtils.java:setNodeSpecificConfigs(97)) - Setting configuration key ozone.om.http-address with value of key ozone.om.http-address.omServiceId1.omNode-2: 127.0.0.1:33703
2022-07-21 18:24:28,795 [Listener at 127.0.0.1/36277] INFO  ha.OMHANodeDetails (ConfUtils.java:setNodeSpecificConfigs(97)) - Setting configuration key ozone.om.https-address with value of key ozone.om.https-address.omServiceId1.omNode-2: 127.0.0.1:35351
2022-07-21 18:24:28,795 [Listener at 127.0.0.1/36277] INFO  ha.OMHANodeDetails (ConfUtils.java:setNodeSpecificConfigs(97)) - Setting configuration key ozone.om.address with value of key ozone.om.address.omServiceId1.omNode-2: 127.0.0.1:43637
2022-07-21 18:24:28,795 [Listener at 127.0.0.1/36277] WARN  server.ServerUtils (ServerUtils.java:getDBPath(225)) - ozone.om.db.dirs is not configured. We recommend adding this setting. Falling back to ozone.metadata.dirs instead.
2022-07-21 18:24:28,796 [Listener at 127.0.0.1/36277] INFO  ha.SCMNodeInfo (SCMNodeInfo.java:getPort(197)) - ConfigKey ozone.scm.client.address is deprecated, For configuring different ports for each SCM use PortConfigKey ozone.scm.client.port appended with serviceId and nodeId
2022-07-21 18:24:28,796 [Listener at 127.0.0.1/36277] INFO  ha.SCMNodeInfo (SCMNodeInfo.java:getPort(197)) - ConfigKey ozone.scm.block.client.address is deprecated, For configuring different ports for each SCM use PortConfigKey ozone.scm.block.client.port appended with serviceId and nodeId
2022-07-21 18:24:28,796 [Listener at 127.0.0.1/36277] INFO  ha.SCMNodeInfo (SCMNodeInfo.java:getPort(197)) - ConfigKey ozone.scm.datanode.address is deprecated, For configuring different ports for each SCM use PortConfigKey ozone.scm.datanode.port appended with serviceId and nodeId
2022-07-21 18:24:28,796 [Listener at 127.0.0.1/36277] INFO  ha.SCMNodeInfo (SCMNodeInfo.java:getPort(197)) - ConfigKey ozone.scm.client.address is deprecated, For configuring different ports for each SCM use PortConfigKey ozone.scm.client.port appended with serviceId and nodeId
2022-07-21 18:24:28,796 [Listener at 127.0.0.1/36277] INFO  ha.SCMNodeInfo (SCMNodeInfo.java:getPort(197)) - ConfigKey ozone.scm.block.client.address is deprecated, For configuring different ports for each SCM use PortConfigKey ozone.scm.block.client.port appended with serviceId and nodeId
2022-07-21 18:24:28,797 [Listener at 127.0.0.1/36277] INFO  ha.SCMNodeInfo (SCMNodeInfo.java:getPort(197)) - ConfigKey ozone.scm.datanode.address is deprecated, For configuring different ports for each SCM use PortConfigKey ozone.scm.datanode.port appended with serviceId and nodeId
2022-07-21 18:24:28,797 [Listener at 127.0.0.1/36277] INFO  ha.SCMNodeInfo (SCMNodeInfo.java:getPort(197)) - ConfigKey ozone.scm.client.address is deprecated, For configuring different ports for each SCM use PortConfigKey ozone.scm.client.port appended with serviceId and nodeId
2022-07-21 18:24:28,797 [Listener at 127.0.0.1/36277] INFO  ha.SCMNodeInfo (SCMNodeInfo.java:getPort(197)) - ConfigKey ozone.scm.block.client.address is deprecated, For configuring different ports for each SCM use PortConfigKey ozone.scm.block.client.port appended with serviceId and nodeId
2022-07-21 18:24:28,797 [Listener at 127.0.0.1/36277] INFO  ha.SCMNodeInfo (SCMNodeInfo.java:getPort(197)) - ConfigKey ozone.scm.datanode.address is deprecated, For configuring different ports for each SCM use PortConfigKey ozone.scm.datanode.port appended with serviceId and nodeId
2022-07-21 18:24:28,797 [Listener at 127.0.0.1/36277] INFO  proxy.SCMBlockLocationFailoverProxyProvider (SCMBlockLocationFailoverProxyProvider.java:<init>(114)) - Created block location fail-over proxy with 3 nodes: [nodeId=scmNode-2,nodeAddress=/127.0.0.1:39071, nodeId=scmNode-3,nodeAddress=/127.0.0.1:36325, nodeId=scmNode-1,nodeAddress=/127.0.0.1:37887]
2022-07-21 18:24:28,799 [org.apache.hadoop.util.JvmPauseMonitor$Monitor@6e5a60bd] INFO  util.JvmPauseMonitor (JvmPauseMonitor.java:run(188)) - Starting JVM pause monitor
OM initialization succeeded.Current cluster id for sd=/home/runner/work/ozone/ozone/hadoop-ozone/integration-test/target/test-dir/MiniOzoneClusterImpl-c56c5c68-8a55-4647-89a4-dc8bb834fa26/omNode-2/om;cid=c56c5c68-8a55-4647-89a4-dc8bb834fa26;layoutVersion=3
2022-07-21 18:24:28,816 [Listener at 127.0.0.1/36277] INFO  ha.OMHANodeDetails (OMHANodeDetails.java:loadOMHAConfig(121)) - ServiceID for OzoneManager is omServiceId1
2022-07-21 18:24:28,817 [Listener at 127.0.0.1/36277] INFO  ha.OMHANodeDetails (OMHANodeDetails.java:loadOMHAConfig(201)) - Found matching OM address with OMServiceId: omServiceId1, OMNodeId: omNode-2, RPC Address: localhost:43637 and Ratis port: 36377
2022-07-21 18:24:28,817 [Listener at 127.0.0.1/36277] INFO  ha.OMHANodeDetails (ConfUtils.java:setNodeSpecificConfigs(97)) - Setting configuration key ozone.om.http-address with value of key ozone.om.http-address.omServiceId1.omNode-2: 127.0.0.1:33703
2022-07-21 18:24:28,817 [Listener at 127.0.0.1/36277] INFO  ha.OMHANodeDetails (ConfUtils.java:setNodeSpecificConfigs(97)) - Setting configuration key ozone.om.https-address with value of key ozone.om.https-address.omServiceId1.omNode-2: 127.0.0.1:35351
2022-07-21 18:24:28,817 [Listener at 127.0.0.1/36277] INFO  ha.OMHANodeDetails (ConfUtils.java:setNodeSpecificConfigs(97)) - Setting configuration key ozone.om.address with value of key ozone.om.address.omServiceId1.omNode-2: 127.0.0.1:43637
2022-07-21 18:24:28,817 [Listener at 127.0.0.1/36277] WARN  server.ServerUtils (ServerUtils.java:getDBPath(225)) - ozone.om.db.dirs is not configured. We recommend adding this setting. Falling back to ozone.metadata.dirs instead.
2022-07-21 18:24:28,817 [Listener at 127.0.0.1/36277] INFO  upgrade.AbstractLayoutVersionManager (AbstractLayoutVersionManager.java:init(83)) - Initializing Layout version manager with metadata layout = MULTITENANCY_SCHEMA (version = 3), software layout = MULTITENANCY_SCHEMA (version = 3)
2022-07-21 18:24:28,920 [Listener at 127.0.0.1/36277] INFO  reflections.Reflections (Reflections.java:scan(232)) - Reflections took 101 ms to scan 2 urls, producing 152 keys and 424 values [using 2 cores]
2022-07-21 18:24:28,920 [Listener at 127.0.0.1/36277] INFO  upgrade.OMLayoutVersionManager (OMLayoutVersionManager.java:lambda$0(115)) - Skipping Upgrade Action MockOmUpgradeAction since it has been finalized.
2022-07-21 18:24:28,920 [Listener at 127.0.0.1/36277] WARN  server.ServerUtils (ServerUtils.java:getDBPath(225)) - ozone.om.db.dirs is not configured. We recommend adding this setting. Falling back to ozone.metadata.dirs instead.
2022-07-21 18:24:28,921 [Listener at 127.0.0.1/36277] INFO  ha.SCMNodeInfo (SCMNodeInfo.java:getPort(197)) - ConfigKey ozone.scm.client.address is deprecated, For configuring different ports for each SCM use PortConfigKey ozone.scm.client.port appended with serviceId and nodeId
2022-07-21 18:24:28,921 [Listener at 127.0.0.1/36277] INFO  ha.SCMNodeInfo (SCMNodeInfo.java:getPort(197)) - ConfigKey ozone.scm.block.client.address is deprecated, For configuring different ports for each SCM use PortConfigKey ozone.scm.block.client.port appended with serviceId and nodeId
2022-07-21 18:24:28,921 [Listener at 127.0.0.1/36277] INFO  ha.SCMNodeInfo (SCMNodeInfo.java:getPort(197)) - ConfigKey ozone.scm.datanode.address is deprecated, For configuring different ports for each SCM use PortConfigKey ozone.scm.datanode.port appended with serviceId and nodeId
2022-07-21 18:24:28,921 [Listener at 127.0.0.1/36277] INFO  ha.SCMNodeInfo (SCMNodeInfo.java:getPort(197)) - ConfigKey ozone.scm.client.address is deprecated, For configuring different ports for each SCM use PortConfigKey ozone.scm.client.port appended with serviceId and nodeId
2022-07-21 18:24:28,921 [Listener at 127.0.0.1/36277] INFO  ha.SCMNodeInfo (SCMNodeInfo.java:getPort(197)) - ConfigKey ozone.scm.block.client.address is deprecated, For configuring different ports for each SCM use PortConfigKey ozone.scm.block.client.port appended with serviceId and nodeId
2022-07-21 18:24:28,921 [Listener at 127.0.0.1/36277] INFO  ha.SCMNodeInfo (SCMNodeInfo.java:getPort(197)) - ConfigKey ozone.scm.datanode.address is deprecated, For configuring different ports for each SCM use PortConfigKey ozone.scm.datanode.port appended with serviceId and nodeId
2022-07-21 18:24:28,921 [Listener at 127.0.0.1/36277] INFO  ha.SCMNodeInfo (SCMNodeInfo.java:getPort(197)) - ConfigKey ozone.scm.client.address is deprecated, For configuring different ports for each SCM use PortConfigKey ozone.scm.client.port appended with serviceId and nodeId
2022-07-21 18:24:28,921 [Listener at 127.0.0.1/36277] INFO  ha.SCMNodeInfo (SCMNodeInfo.java:getPort(197)) - ConfigKey ozone.scm.block.client.address is deprecated, For configuring different ports for each SCM use PortConfigKey ozone.scm.block.client.port appended with serviceId and nodeId
2022-07-21 18:24:28,921 [Listener at 127.0.0.1/36277] INFO  ha.SCMNodeInfo (SCMNodeInfo.java:getPort(197)) - ConfigKey ozone.scm.datanode.address is deprecated, For configuring different ports for each SCM use PortConfigKey ozone.scm.datanode.port appended with serviceId and nodeId
2022-07-21 18:24:28,923 [Listener at 127.0.0.1/36277] INFO  ha.SCMNodeInfo (SCMNodeInfo.java:getPort(197)) - ConfigKey ozone.scm.client.address is deprecated, For configuring different ports for each SCM use PortConfigKey ozone.scm.client.port appended with serviceId and nodeId
2022-07-21 18:24:28,923 [Listener at 127.0.0.1/36277] INFO  ha.SCMNodeInfo (SCMNodeInfo.java:getPort(197)) - ConfigKey ozone.scm.block.client.address is deprecated, For configuring different ports for each SCM use PortConfigKey ozone.scm.block.client.port appended with serviceId and nodeId
2022-07-21 18:24:28,923 [Listener at 127.0.0.1/36277] INFO  ha.SCMNodeInfo (SCMNodeInfo.java:getPort(197)) - ConfigKey ozone.scm.datanode.address is deprecated, For configuring different ports for each SCM use PortConfigKey ozone.scm.datanode.port appended with serviceId and nodeId
2022-07-21 18:24:28,923 [Listener at 127.0.0.1/36277] INFO  ha.SCMNodeInfo (SCMNodeInfo.java:getPort(197)) - ConfigKey ozone.scm.client.address is deprecated, For configuring different ports for each SCM use PortConfigKey ozone.scm.client.port appended with serviceId and nodeId
2022-07-21 18:24:28,923 [Listener at 127.0.0.1/36277] INFO  ha.SCMNodeInfo (SCMNodeInfo.java:getPort(197)) - ConfigKey ozone.scm.block.client.address is deprecated, For configuring different ports for each SCM use PortConfigKey ozone.scm.block.client.port appended with serviceId and nodeId
2022-07-21 18:24:28,923 [Listener at 127.0.0.1/36277] INFO  ha.SCMNodeInfo (SCMNodeInfo.java:getPort(197)) - ConfigKey ozone.scm.datanode.address is deprecated, For configuring different ports for each SCM use PortConfigKey ozone.scm.datanode.port appended with serviceId and nodeId
2022-07-21 18:24:28,924 [Listener at 127.0.0.1/36277] INFO  ha.SCMNodeInfo (SCMNodeInfo.java:getPort(197)) - ConfigKey ozone.scm.client.address is deprecated, For configuring different ports for each SCM use PortConfigKey ozone.scm.client.port appended with serviceId and nodeId
2022-07-21 18:24:28,924 [Listener at 127.0.0.1/36277] INFO  ha.SCMNodeInfo (SCMNodeInfo.java:getPort(197)) - ConfigKey ozone.scm.block.client.address is deprecated, For configuring different ports for each SCM use PortConfigKey ozone.scm.block.client.port appended with serviceId and nodeId
2022-07-21 18:24:28,924 [Listener at 127.0.0.1/36277] INFO  ha.SCMNodeInfo (SCMNodeInfo.java:getPort(197)) - ConfigKey ozone.scm.datanode.address is deprecated, For configuring different ports for each SCM use PortConfigKey ozone.scm.datanode.port appended with serviceId and nodeId
2022-07-21 18:24:28,925 [Listener at 127.0.0.1/36277] INFO  proxy.SCMBlockLocationFailoverProxyProvider (SCMBlockLocationFailoverProxyProvider.java:<init>(114)) - Created block location fail-over proxy with 3 nodes: [nodeId=scmNode-2,nodeAddress=/127.0.0.1:39071, nodeId=scmNode-3,nodeAddress=/127.0.0.1:36325, nodeId=scmNode-1,nodeAddress=/127.0.0.1:37887]
2022-07-21 18:24:28,926 [Listener at 127.0.0.1/36277] INFO  ha.SCMNodeInfo (SCMNodeInfo.java:getPort(197)) - ConfigKey ozone.scm.client.address is deprecated, For configuring different ports for each SCM use PortConfigKey ozone.scm.client.port appended with serviceId and nodeId
2022-07-21 18:24:28,926 [Listener at 127.0.0.1/36277] INFO  ha.SCMNodeInfo (SCMNodeInfo.java:getPort(197)) - ConfigKey ozone.scm.block.client.address is deprecated, For configuring different ports for each SCM use PortConfigKey ozone.scm.block.client.port appended with serviceId and nodeId
2022-07-21 18:24:28,926 [Listener at 127.0.0.1/36277] INFO  ha.SCMNodeInfo (SCMNodeInfo.java:getPort(197)) - ConfigKey ozone.scm.datanode.address is deprecated, For configuring different ports for each SCM use PortConfigKey ozone.scm.datanode.port appended with serviceId and nodeId
2022-07-21 18:24:28,926 [Listener at 127.0.0.1/36277] INFO  ha.SCMNodeInfo (SCMNodeInfo.java:getPort(197)) - ConfigKey ozone.scm.client.address is deprecated, For configuring different ports for each SCM use PortConfigKey ozone.scm.client.port appended with serviceId and nodeId
2022-07-21 18:24:28,926 [Listener at 127.0.0.1/36277] INFO  ha.SCMNodeInfo (SCMNodeInfo.java:getPort(197)) - ConfigKey ozone.scm.block.client.address is deprecated, For configuring different ports for each SCM use PortConfigKey ozone.scm.block.client.port appended with serviceId and nodeId
2022-07-21 18:24:28,926 [Listener at 127.0.0.1/36277] INFO  ha.SCMNodeInfo (SCMNodeInfo.java:getPort(197)) - ConfigKey ozone.scm.datanode.address is deprecated, For configuring different ports for each SCM use PortConfigKey ozone.scm.datanode.port appended with serviceId and nodeId
2022-07-21 18:24:28,926 [Listener at 127.0.0.1/36277] INFO  ha.SCMNodeInfo (SCMNodeInfo.java:getPort(197)) - ConfigKey ozone.scm.client.address is deprecated, For configuring different ports for each SCM use PortConfigKey ozone.scm.client.port appended with serviceId and nodeId
2022-07-21 18:24:28,926 [Listener at 127.0.0.1/36277] INFO  ha.SCMNodeInfo (SCMNodeInfo.java:getPort(197)) - ConfigKey ozone.scm.block.client.address is deprecated, For configuring different ports for each SCM use PortConfigKey ozone.scm.block.client.port appended with serviceId and nodeId
2022-07-21 18:24:28,927 [Listener at 127.0.0.1/36277] INFO  ha.SCMNodeInfo (SCMNodeInfo.java:getPort(197)) - ConfigKey ozone.scm.datanode.address is deprecated, For configuring different ports for each SCM use PortConfigKey ozone.scm.datanode.port appended with serviceId and nodeId
2022-07-21 18:24:28,927 [Listener at 127.0.0.1/36277] INFO  proxy.SCMBlockLocationFailoverProxyProvider (SCMBlockLocationFailoverProxyProvider.java:<init>(114)) - Created block location fail-over proxy with 3 nodes: [nodeId=scmNode-2,nodeAddress=/127.0.0.1:39071, nodeId=scmNode-3,nodeAddress=/127.0.0.1:36325, nodeId=scmNode-1,nodeAddress=/127.0.0.1:37887]
2022-07-21 18:24:28,938 [Listener at 127.0.0.1/36277] WARN  server.ServerUtils (ServerUtils.java:getDBPath(225)) - ozone.om.db.dirs is not configured. We recommend adding this setting. Falling back to ozone.metadata.dirs instead.
2022-07-21 18:24:28,940 [Listener at 127.0.0.1/36277] INFO  codec.OmKeyInfoCodec (OmKeyInfoCodec.java:<init>(49)) - OmKeyInfoCodec ignorePipeline = true
2022-07-21 18:24:28,940 [Listener at 127.0.0.1/36277] INFO  codec.RepeatedOmKeyInfoCodec (RepeatedOmKeyInfoCodec.java:<init>(41)) - RepeatedOmKeyInfoCodec ignorePipeline = true
2022-07-21 18:24:29,193 [Listener at 127.0.0.1/36277] INFO  om.OzoneManager (OzoneManager.java:instantiateServices(694)) - S3 Multi-Tenancy is disabled
2022-07-21 18:24:29,194 [Listener at 127.0.0.1/36277] INFO  om.OzoneManager (OzoneManager.java:addS3GVolumeToDB(4308)) - Created Volume s3v With Owner runner required for S3Gateway operations.
2022-07-21 18:24:29,194 [Listener at 127.0.0.1/36277] WARN  server.ServerUtils (ServerUtils.java:getDefaultRatisDirectory(237)) - Storage directory for Ratis is not configured. It is a good idea to map this to an SSD disk. Falling back to ozone.metadata.dirs
2022-07-21 18:24:29,195 [Listener at 127.0.0.1/36277] WARN  utils.OzoneManagerRatisUtils (OzoneManagerRatisUtils.java:getOMRatisSnapshotDirectory(431)) - ozone.om.ratis.snapshot.dir is not configured. Falling back to ozone.metadata.dirs config
2022-07-21 18:24:29,195 [Listener at 127.0.0.1/36277] INFO  snapshot.OzoneManagerSnapshotProvider (OzoneManagerSnapshotProvider.java:<init>(76)) - Initializing OM Snapshot Provider
2022-07-21 18:24:29,196 [Listener at 127.0.0.1/36277] WARN  impl.MetricRegistriesImpl (MetricRegistriesImpl.java:addReporterRegistration(111)) - New reporters are added after registries were created. Some metrics will be missing from the reporter. Please add reporter before adding any new registry.
2022-07-21 18:24:29,196 [Listener at 127.0.0.1/36277] WARN  impl.MetricRegistriesImpl (MetricRegistriesImpl.java:addReporterRegistration(111)) - New reporters are added after registries were created. Some metrics will be missing from the reporter. Please add reporter before adding any new registry.
2022-07-21 18:24:29,196 [Listener at 127.0.0.1/36277] WARN  server.ServerUtils (ServerUtils.java:getDefaultRatisDirectory(237)) - Storage directory for Ratis is not configured. It is a good idea to map this to an SSD disk. Falling back to ozone.metadata.dirs
2022-07-21 18:24:29,198 [Listener at 127.0.0.1/36277] INFO  ratis.OzoneManagerRatisServer (OzoneManagerRatisServer.java:<init>(159)) - Instantiating OM Ratis server with groupID: omServiceId1 and peers: localhost:36377, localhost:44469, localhost:41041
2022-07-21 18:24:29,199 [Listener at 127.0.0.1/36277] INFO  ratis.OzoneManagerStateMachine (OzoneManagerStateMachine.java:loadSnapshotInfoFromDB(632)) - LastAppliedIndex is set from TransactionInfo from OM DB as (t:0, i:~)
2022-07-21 18:24:29,202 [Listener at 127.0.0.1/36277] INFO  server.RaftServer (ConfUtils.java:logGet(46)) - raft.rpc.type = GRPC (default)
2022-07-21 18:24:29,202 [Listener at 127.0.0.1/36277] INFO  grpc.GrpcFactory (GrpcFactory.java:checkPooledByteBufAllocatorUseCacheForAllThreads(48)) - PERFORMANCE WARNING: useCacheForAllThreads is true that may cause Netty to create a lot garbage objects and, as a result, trigger GC.
	It is recommended to disable useCacheForAllThreads by setting -Dorg.apache.ratis.thirdparty.io.netty.allocator.useCacheForAllThreads=false in command line.
2022-07-21 18:24:29,202 [Listener at 127.0.0.1/36277] INFO  grpc.GrpcConfigKeys (ConfUtils.java:logGet(46)) - raft.grpc.admin.port = -1 (default)
2022-07-21 18:24:29,202 [Listener at 127.0.0.1/36277] INFO  grpc.GrpcConfigKeys (ConfUtils.java:logGet(46)) - raft.grpc.server.port = 36377 (custom)
2022-07-21 18:24:29,202 [Listener at 127.0.0.1/36277] INFO  grpc.GrpcConfigKeys (ConfUtils.java:logGet(46)) - raft.grpc.client.port = -1 (default)
2022-07-21 18:24:29,203 [Listener at 127.0.0.1/36277] INFO  grpc.GrpcConfigKeys (ConfUtils.java:logGet(46)) - raft.grpc.server.port = 36377 (custom)
2022-07-21 18:24:29,203 [Listener at 127.0.0.1/36277] INFO  grpc.GrpcConfigKeys (ConfUtils.java:logGet(46)) - raft.grpc.server.port = 36377 (custom)
2022-07-21 18:24:29,203 [Listener at 127.0.0.1/36277] INFO  server.GrpcService (ConfUtils.java:logGet(46)) - raft.grpc.message.size.max = 33554432 (custom)
2022-07-21 18:24:29,203 [Listener at 127.0.0.1/36277] INFO  server.RaftServerConfigKeys (ConfUtils.java:logGet(46)) - raft.server.log.appender.buffer.byte-limit = 33554432 (custom)
2022-07-21 18:24:29,203 [Listener at 127.0.0.1/36277] INFO  server.GrpcService (ConfUtils.java:logGet(46)) - raft.grpc.flow.control.window = 1MB (=1048576) (default)
2022-07-21 18:24:29,203 [Listener at 127.0.0.1/36277] INFO  server.RaftServerConfigKeys (ConfUtils.java:logGet(46)) - raft.server.rpc.request.timeout = 3000ms (default)
2022-07-21 18:24:29,203 [Listener at 127.0.0.1/36277] INFO  grpc.GrpcConfigKeys (ConfUtils.java:logGet(46)) - raft.grpc.server.async.request.thread.pool.cached = true (default)
2022-07-21 18:24:29,203 [Listener at 127.0.0.1/36277] INFO  grpc.GrpcConfigKeys (ConfUtils.java:logGet(46)) - raft.grpc.server.async.request.thread.pool.size = 32 (default)
2022-07-21 18:24:29,205 [Listener at 127.0.0.1/36277] INFO  impl.DataStreamServerImpl (ConfUtils.java:logGet(46)) - raft.datastream.type = DISABLED (default)
2022-07-21 18:24:29,205 [Listener at 127.0.0.1/36277] INFO  server.RaftServerConfigKeys (ConfUtils.java:logGet(46)) - raft.server.threadpool.proxy.cached = true (default)
2022-07-21 18:24:29,205 [Listener at 127.0.0.1/36277] INFO  server.RaftServerConfigKeys (ConfUtils.java:logGet(46)) - raft.server.threadpool.proxy.size = 0 (default)
2022-07-21 18:24:29,205 [Listener at 127.0.0.1/36277] INFO  server.RaftServerConfigKeys (ConfUtils.java:logGet(46)) - raft.server.rpc.slowness.timeout = 2s (custom)
2022-07-21 18:24:29,205 [Listener at 127.0.0.1/36277] INFO  server.RaftServerConfigKeys (ConfUtils.java:logGet(46)) - raft.server.leaderelection.leader.step-down.wait-time = 10s (default)
2022-07-21 18:24:29,206 [Listener at 127.0.0.1/36277] INFO  server.RaftServerConfigKeys (ConfUtils.java:logGet(46)) - raft.server.storage.dir = [/home/runner/work/ozone/ozone/hadoop-ozone/integration-test/target/test-dir/MiniOzoneClusterImpl-c56c5c68-8a55-4647-89a4-dc8bb834fa26/omNode-2/ratis] (custom)
2022-07-21 18:24:29,207 [Listener at 127.0.0.1/36277] INFO  server.RaftServer (RaftServerProxy.java:addNew(96)) - omNode-2: addNew group-6C22E66A003A:[omNode-3|rpc:localhost:44469|priority:0, omNode-1|rpc:localhost:41041|priority:0, omNode-2|rpc:localhost:36377|priority:0] returns group-6C22E66A003A:java.util.concurrent.CompletableFuture@4771324b[Not completed]
2022-07-21 18:24:29,207 [Listener at 127.0.0.1/36277] INFO  om.OzoneManager (OzoneManager.java:initializeRatisServer(1963)) - OzoneManager Ratis server initialized at port 36377
2022-07-21 18:24:29,208 [Listener at 127.0.0.1/36277] INFO  om.OzoneManager (OzoneManager.java:getRpcServer(1083)) - Creating RPC Server
2022-07-21 18:24:29,210 [pool-150-thread-1] INFO  server.RaftServer$Division (RaftServerImpl.java:<init>(190)) - omNode-2: new RaftServerImpl for group-6C22E66A003A:[omNode-3|rpc:localhost:44469|priority:0, omNode-1|rpc:localhost:41041|priority:0, omNode-2|rpc:localhost:36377|priority:0] with OzoneManagerStateMachine:uninitialized
2022-07-21 18:24:29,211 [pool-150-thread-1] INFO  server.RaftServerConfigKeys (ConfUtils.java:logGet(46)) - raft.server.rpc.timeout.min = 1s (custom)
2022-07-21 18:24:29,211 [pool-150-thread-1] INFO  server.RaftServerConfigKeys (ConfUtils.java:logGet(46)) - raft.server.rpc.timeout.max = 1200ms (custom)
2022-07-21 18:24:29,211 [pool-150-thread-1] INFO  server.RaftServerConfigKeys (ConfUtils.java:logGet(46)) - raft.server.rpc.sleep.time = 25ms (default)
2022-07-21 18:24:29,211 [pool-150-thread-1] INFO  server.RaftServerConfigKeys (ConfUtils.java:logGet(46)) - raft.server.rpc.slowness.timeout = 2s (custom)
2022-07-21 18:24:29,211 [pool-150-thread-1] INFO  server.RaftServerConfigKeys (ConfUtils.java:logGet(46)) - raft.server.leaderelection.leader.step-down.wait-time = 10s (default)
2022-07-21 18:24:29,211 [pool-150-thread-1] INFO  server.RaftServerConfigKeys (ConfUtils.java:logGet(46)) - raft.server.sleep.deviation.threshold = 300ms (default)
2022-07-21 18:24:29,211 [pool-150-thread-1] INFO  server.RaftServer$Division (ServerState.java:<init>(107)) - omNode-2@group-6C22E66A003A: ConfigurationManager, init=-1: [omNode-3|rpc:localhost:44469|priority:0, omNode-1|rpc:localhost:41041|priority:0, omNode-2|rpc:localhost:36377|priority:0], old=null, confs=<EMPTY_MAP>
2022-07-21 18:24:29,211 [pool-150-thread-1] INFO  server.RaftServerConfigKeys (ConfUtils.java:logGet(46)) - raft.server.storage.dir = [/home/runner/work/ozone/ozone/hadoop-ozone/integration-test/target/test-dir/MiniOzoneClusterImpl-c56c5c68-8a55-4647-89a4-dc8bb834fa26/omNode-2/ratis] (custom)
2022-07-21 18:24:29,211 [pool-150-thread-1] INFO  server.RaftServerConfigKeys (ConfUtils.java:logGet(46)) - raft.server.log.corruption.policy = EXCEPTION (default)
2022-07-21 18:24:29,212 [pool-150-thread-1] INFO  server.RaftServerConfigKeys (ConfUtils.java:logGet(46)) - raft.server.storage.free-space.min = 0MB (=0) (default)
2022-07-21 18:24:29,212 [pool-150-thread-1] INFO  storage.RaftStorageDirectory (RaftStorageDirectoryImpl.java:analyzeStorage(135)) - The storage directory /home/runner/work/ozone/ozone/hadoop-ozone/integration-test/target/test-dir/MiniOzoneClusterImpl-c56c5c68-8a55-4647-89a4-dc8bb834fa26/omNode-2/ratis/9c9825ce-8ba7-3ee6-a7c3-6c22e66a003a does not exist. Creating ...
2022-07-21 18:24:29,221 [pool-150-thread-1] INFO  storage.RaftStorageDirectory (RaftStorageDirectoryImpl.java:tryLock(230)) - Lock on /home/runner/work/ozone/ozone/hadoop-ozone/integration-test/target/test-dir/MiniOzoneClusterImpl-c56c5c68-8a55-4647-89a4-dc8bb834fa26/omNode-2/ratis/9c9825ce-8ba7-3ee6-a7c3-6c22e66a003a/in_use.lock acquired by nodename 21952@fv-az378-305
2022-07-21 18:24:29,231 [pool-150-thread-1] INFO  storage.RaftStorage (RaftStorageImpl.java:format(89)) - Storage directory /home/runner/work/ozone/ozone/hadoop-ozone/integration-test/target/test-dir/MiniOzoneClusterImpl-c56c5c68-8a55-4647-89a4-dc8bb834fa26/omNode-2/ratis/9c9825ce-8ba7-3ee6-a7c3-6c22e66a003a has been successfully formatted.
2022-07-21 18:24:29,232 [pool-150-thread-1] INFO  server.RaftServerConfigKeys (ConfUtils.java:logGet(46)) - raft.server.notification.no-leader.timeout = 2s (custom)
2022-07-21 18:24:29,232 [pool-150-thread-1] INFO  server.RaftServerConfigKeys (ConfUtils.java:logGet(46)) - raft.server.log.use.memory = false (default)
2022-07-21 18:24:29,232 [pool-150-thread-1] INFO  server.RaftServerConfigKeys (ConfUtils.java:logGet(46)) - raft.server.log.purge.gap = 1000000 (custom)
2022-07-21 18:24:29,232 [pool-150-thread-1] INFO  server.RaftServerConfigKeys (ConfUtils.java:logGet(46)) - raft.server.log.appender.buffer.byte-limit = 33554432 (custom)
2022-07-21 18:24:29,245 [pool-150-thread-1] INFO  server.RaftServerConfigKeys (ConfUtils.java:logGet(46)) - raft.server.log.statemachine.data.read.timeout = 1000ms (default)
2022-07-21 18:24:29,255 [pool-150-thread-1] INFO  server.RaftServerConfigKeys (ConfUtils.java:logGet(46)) - raft.server.log.segment.size.max = 4194304 (custom)
2022-07-21 18:24:29,255 [pool-150-thread-1] INFO  server.RaftServerConfigKeys (ConfUtils.java:logGet(46)) - raft.server.log.segment.cache.num.max = 2 (custom)
2022-07-21 18:24:29,255 [pool-150-thread-1] INFO  server.RaftServerConfigKeys (ConfUtils.java:logGet(46)) - raft.server.log.segment.cache.size.max = 200MB (=209715200) (default)
2022-07-21 18:24:29,256 [pool-150-thread-1] INFO  segmented.SegmentedRaftLogWorker (SegmentedRaftLogWorker.java:<init>(187)) - new omNode-2@group-6C22E66A003A-SegmentedRaftLogWorker for RaftStorageImpl:Storage Directory /home/runner/work/ozone/ozone/hadoop-ozone/integration-test/target/test-dir/MiniOzoneClusterImpl-c56c5c68-8a55-4647-89a4-dc8bb834fa26/omNode-2/ratis/9c9825ce-8ba7-3ee6-a7c3-6c22e66a003a
2022-07-21 18:24:29,256 [pool-150-thread-1] INFO  server.RaftServerConfigKeys (ConfUtils.java:logGet(46)) - raft.server.log.queue.byte-limit = 64MB (=67108864) (default)
2022-07-21 18:24:29,256 [pool-150-thread-1] INFO  server.RaftServerConfigKeys (ConfUtils.java:logGet(46)) - raft.server.log.queue.element-limit = 4096 (default)
2022-07-21 18:24:29,256 [pool-150-thread-1] INFO  server.RaftServerConfigKeys (ConfUtils.java:logGet(46)) - raft.server.log.segment.size.max = 4194304 (custom)
2022-07-21 18:24:29,256 [pool-150-thread-1] INFO  server.RaftServerConfigKeys (ConfUtils.java:logGet(46)) - raft.server.log.preallocated.size = 4194304 (custom)
2022-07-21 18:24:29,256 [pool-150-thread-1] INFO  server.RaftServerConfigKeys (ConfUtils.java:logGet(46)) - raft.server.log.force.sync.num = 128 (default)
2022-07-21 18:24:29,256 [pool-150-thread-1] INFO  server.RaftServerConfigKeys (ConfUtils.java:logGet(46)) - raft.server.log.statemachine.data.sync = true (default)
2022-07-21 18:24:29,274 [pool-150-thread-1] INFO  server.RaftServerConfigKeys (ConfUtils.java:logGet(46)) - raft.server.log.statemachine.data.sync.timeout = 10s (default)
2022-07-21 18:24:29,275 [pool-150-thread-1] INFO  server.RaftServerConfigKeys (ConfUtils.java:logGet(46)) - raft.server.log.statemachine.data.sync.timeout.retry = -1 (default)
2022-07-21 18:24:29,327 [pool-150-thread-1] INFO  server.RaftServerConfigKeys (ConfUtils.java:logGet(46)) - raft.server.log.write.buffer.size = 64KB (=65536) (default)
2022-07-21 18:24:29,327 [pool-150-thread-1] INFO  server.RaftServerConfigKeys (ConfUtils.java:logGet(46)) - raft.server.log.unsafe-flush.enabled = false (default)
2022-07-21 18:24:29,327 [pool-150-thread-1] INFO  server.RaftServerConfigKeys (ConfUtils.java:logGet(46)) - raft.server.log.statemachine.data.caching.enabled = false (default)
2022-07-21 18:24:29,328 [pool-150-thread-1] INFO  segmented.SegmentedRaftLogWorker (SegmentedRaftLogWorker.java:lambda$new$0(135)) - omNode-2@group-6C22E66A003A-SegmentedRaftLogWorker: flushIndex: setUnconditionally 0 -> -1
2022-07-21 18:24:29,328 [pool-150-thread-1] INFO  segmented.SegmentedRaftLogWorker (SegmentedRaftLogWorker.java:lambda$new$0(135)) - omNode-2@group-6C22E66A003A-SegmentedRaftLogWorker: safeCacheEvictIndex: setUnconditionally 0 -> -1
2022-07-21 18:24:29,342 [pool-150-thread-1] INFO  server.RaftServerConfigKeys (ConfUtils.java:logGet(46)) - raft.server.snapshot.auto.trigger.enabled = true (custom)
2022-07-21 18:24:29,342 [pool-150-thread-1] INFO  server.RaftServerConfigKeys (ConfUtils.java:logGet(46)) - raft.server.snapshot.auto.trigger.threshold = 400000 (default)
2022-07-21 18:24:29,342 [pool-150-thread-1] INFO  server.RaftServerConfigKeys (ConfUtils.java:logGet(46)) - raft.server.snapshot.retention.file.num = -1 (default)
2022-07-21 18:24:29,342 [pool-150-thread-1] INFO  server.RaftServerConfigKeys (ConfUtils.java:logGet(46)) - raft.server.log.purge.upto.snapshot.index = true (custom)
2022-07-21 18:24:29,342 [pool-150-thread-1] INFO  server.RaftServerConfigKeys (ConfUtils.java:logGet(46)) - raft.server.retrycache.expirytime = 300s (custom)
2022-07-21 18:24:29,342 [pool-150-thread-1] INFO  server.RaftServerConfigKeys (ConfUtils.java:logGet(46)) - raft.server.retrycache.statistics.expirytime = 100μs (default)
2022-07-21 18:24:29,344 [pool-150-thread-1] INFO  server.RaftServerConfigKeys (ConfUtils.java:logGet(46)) - raft.server.log.appender.install.snapshot.enabled = false (custom)
2022-07-21 18:24:29,344 [pool-150-thread-1] INFO  server.RaftServerConfigKeys (ConfUtils.java:logGet(46)) - raft.server.threadpool.server.cached = true (default)
2022-07-21 18:24:29,344 [pool-150-thread-1] INFO  server.RaftServerConfigKeys (ConfUtils.java:logGet(46)) - raft.server.threadpool.server.size = 0 (default)
2022-07-21 18:24:29,344 [pool-150-thread-1] INFO  server.RaftServerConfigKeys (ConfUtils.java:logGet(46)) - raft.server.threadpool.client.cached = true (default)
2022-07-21 18:24:29,344 [pool-150-thread-1] INFO  server.RaftServerConfigKeys (ConfUtils.java:logGet(46)) - raft.server.threadpool.client.size = 0 (default)
2022-07-21 18:24:29,716 [omNode-1@group-6C22E66A003A-FollowerState] INFO  impl.FollowerState (FollowerState.java:run(143)) - omNode-1@group-6C22E66A003A-FollowerState: change to CANDIDATE, lastRpcElapsedTime:1054348339ns, electionTimeout:1036ms
2022-07-21 18:24:29,717 [omNode-1@group-6C22E66A003A-FollowerState] INFO  impl.RoleInfo (RoleInfo.java:shutdownFollowerState(110)) - omNode-1: shutdown omNode-1@group-6C22E66A003A-FollowerState
2022-07-21 18:24:29,717 [omNode-1@group-6C22E66A003A-FollowerState] INFO  server.RaftServer$Division (RaftServerImpl.java:setRole(299)) - omNode-1@group-6C22E66A003A: changes role from  FOLLOWER to CANDIDATE at term 0 for changeToCandidate
2022-07-21 18:24:29,717 [omNode-1@group-6C22E66A003A-FollowerState] INFO  server.RaftServerConfigKeys (ConfUtils.java:logGet(46)) - raft.server.leaderelection.pre-vote = false (custom)
2022-07-21 18:24:29,717 [omNode-1@group-6C22E66A003A-FollowerState] INFO  impl.RoleInfo (RoleInfo.java:updateAndGet(139)) - omNode-1: start omNode-1@group-6C22E66A003A-LeaderElection3
2022-07-21 18:24:29,722 [omNode-1@group-6C22E66A003A-LeaderElection3] INFO  impl.LeaderElection (LeaderElection.java:askForVotes(310)) - omNode-1@group-6C22E66A003A-LeaderElection3 ELECTION round 0: submit vote requests at term 1 for -1: [omNode-3|rpc:localhost:44469|priority:0, omNode-1|rpc:localhost:41041|priority:0, omNode-2|rpc:localhost:36377|priority:0], old=null
2022-07-21 18:24:29,768 [omNode-1@group-6C22E66A003A-LeaderElection3] INFO  impl.LeaderElection (LogUtils.java:infoOrTrace(137)) - omNode-1@group-6C22E66A003A-LeaderElection3 got exception when requesting votes: java.util.concurrent.ExecutionException: org.apache.ratis.thirdparty.io.grpc.StatusRuntimeException: UNAVAILABLE: io exception
2022-07-21 18:24:29,769 [omNode-1@group-6C22E66A003A-LeaderElection3] INFO  impl.LeaderElection (LogUtils.java:infoOrTrace(137)) - omNode-1@group-6C22E66A003A-LeaderElection3 got exception when requesting votes: java.util.concurrent.ExecutionException: org.apache.ratis.thirdparty.io.grpc.StatusRuntimeException: UNAVAILABLE: io exception
2022-07-21 18:24:29,769 [omNode-1@group-6C22E66A003A-LeaderElection3] INFO  impl.LeaderElection (LeaderElection.java:logAndReturn(90)) - omNode-1@group-6C22E66A003A-LeaderElection3: ELECTION REJECTED received 0 response(s) and 2 exception(s):
2022-07-21 18:24:29,769 [omNode-1@group-6C22E66A003A-LeaderElection3] INFO  impl.LeaderElection (LogUtils.java:infoOrTrace(137)) -   Exception 0: java.util.concurrent.ExecutionException: org.apache.ratis.thirdparty.io.grpc.StatusRuntimeException: UNAVAILABLE: io exception
2022-07-21 18:24:29,769 [omNode-1@group-6C22E66A003A-LeaderElection3] INFO  impl.LeaderElection (LogUtils.java:infoOrTrace(137)) -   Exception 1: java.util.concurrent.ExecutionException: org.apache.ratis.thirdparty.io.grpc.StatusRuntimeException: UNAVAILABLE: io exception
2022-07-21 18:24:29,769 [omNode-1@group-6C22E66A003A-LeaderElection3] INFO  impl.LeaderElection (LeaderElection.java:askForVotes(312)) - omNode-1@group-6C22E66A003A-LeaderElection3 ELECTION round 0: result REJECTED
2022-07-21 18:24:29,769 [omNode-1@group-6C22E66A003A-LeaderElection3] INFO  server.RaftServer$Division (RaftServerImpl.java:setRole(299)) - omNode-1@group-6C22E66A003A: changes role from CANDIDATE to FOLLOWER at term 1 for REJECTED
2022-07-21 18:24:29,769 [omNode-1@group-6C22E66A003A-LeaderElection3] INFO  impl.RoleInfo (RoleInfo.java:shutdownLeaderElection(130)) - omNode-1: shutdown omNode-1@group-6C22E66A003A-LeaderElection3
2022-07-21 18:24:29,769 [omNode-1@group-6C22E66A003A-LeaderElection3] INFO  impl.RoleInfo (RoleInfo.java:updateAndGet(139)) - omNode-1: start omNode-1@group-6C22E66A003A-FollowerState
2022-07-21 18:24:29,809 [Listener at 127.0.0.1/36277] INFO  reflections.Reflections (Reflections.java:scan(232)) - Reflections took 600 ms to scan 19 urls, producing 67 keys and 4134 values [using 2 cores]
2022-07-21 18:24:29,811 [Listener at 127.0.0.1/36277] INFO  ipc.CallQueueManager (CallQueueManager.java:<init>(90)) - Using callQueue: class java.util.concurrent.LinkedBlockingQueue, queueCapacity: 2000, scheduler: class org.apache.hadoop.ipc.DefaultRpcScheduler, ipcBackoff: false.
2022-07-21 18:24:29,814 [Socket Reader #1 for port 43637] INFO  ipc.Server (Server.java:run(1265)) - Starting Socket Reader #1 for port 43637
2022-07-21 18:24:29,835 [Listener at 127.0.0.1/43637] INFO  impl.MetricsSystemImpl (MetricsSystemImpl.java:init(158)) - OzoneManager metrics system started (again)
2022-07-21 18:24:29,846 [Listener at 127.0.0.1/43637] INFO  om.OzoneManager (OzoneManager.java:start(1467)) - OzoneManager RPC server is listening at localhost/127.0.0.1:43637
2022-07-21 18:24:29,846 [Listener at 127.0.0.1/43637] INFO  ratis.OzoneManagerRatisServer (OzoneManagerRatisServer.java:start(554)) - Starting OzoneManagerRatisServer omNode-2 at port 36377
2022-07-21 18:24:29,846 [omNode-2-impl-thread1] INFO  server.RaftServer$Division (RaftServerImpl.java:start(310)) - omNode-2@group-6C22E66A003A: start as a follower, conf=-1: [omNode-3|rpc:localhost:44469|priority:0, omNode-1|rpc:localhost:41041|priority:0, omNode-2|rpc:localhost:36377|priority:0], old=null
2022-07-21 18:24:29,846 [omNode-2-impl-thread1] INFO  server.RaftServer$Division (RaftServerImpl.java:setRole(299)) - omNode-2@group-6C22E66A003A: changes role from      null to FOLLOWER at term 0 for startAsFollower
2022-07-21 18:24:29,846 [omNode-2-impl-thread1] INFO  impl.RoleInfo (RoleInfo.java:updateAndGet(139)) - omNode-2: start omNode-2@group-6C22E66A003A-FollowerState
2022-07-21 18:24:29,846 [omNode-2-impl-thread1] INFO  util.JmxRegister (JmxRegister.java:tryRegister(44)) - Successfully registered JMX Bean with object name Ratis:service=RaftServer,group=group-6C22E66A003A,id=omNode-2
2022-07-21 18:24:29,855 [Listener at 127.0.0.1/43637] INFO  server.RaftServer (RaftServerProxy.java:lambda$start$6(382)) - omNode-2: start RPC server
2022-07-21 18:24:29,857 [Listener at 127.0.0.1/43637] INFO  server.GrpcService (GrpcService.java:startImpl(260)) - omNode-2: GrpcService started, listening on 36377
2022-07-21 18:24:29,857 [Listener at 127.0.0.1/43637] INFO  om.OzoneManager (OzoneManager.java:start(1483)) - Version File has different layout version (3) than OM DB (null). That is expected if this OM has never been finalized to a newer layout version.
2022-07-21 18:24:29,858 [org.apache.ratis.util.JvmPauseMonitor$$Lambda$519/1846153014@42f626b1] INFO  util.JvmPauseMonitor (JvmPauseMonitor.java:run(103)) - JvmPauseMonitor-omNode-2: Started
2022-07-21 18:24:29,876 [Listener at 127.0.0.1/43637] INFO  http.BaseHttpServer (BaseHttpServer.java:newHttpServer2BuilderForOzone(209)) - Starting Web-server for ozoneManager at: http://0.0.0.0:33703
2022-07-21 18:24:29,877 [Listener at 127.0.0.1/43637] INFO  http.BaseHttpServer (BaseHttpServer.java:<init>(107)) - Hadoop Security Enabled: false Ozone Security Enabled: false Ozone HTTP Security Enabled: false 
2022-07-21 18:24:29,878 [Listener at 127.0.0.1/43637] INFO  server.AuthenticationFilter (AuthenticationFilter.java:constructSecretProvider(240)) - Unable to initialize FileSignerSecretProvider, falling back to use random secrets.
2022-07-21 18:24:29,879 [Listener at 127.0.0.1/43637] WARN  http.HttpRequestLog (HttpRequestLog.java:getRequestLog(103)) - Jetty request log can only be enabled using Log4j
2022-07-21 18:24:29,881 [Listener at 127.0.0.1/43637] INFO  http.HttpServer2 (HttpServer2.java:addGlobalFilter(1029)) - Added global filter 'safety' (class=org.apache.hadoop.hdds.server.http.HttpServer2$QuotingInputFilter)
2022-07-21 18:24:29,882 [Listener at 127.0.0.1/43637] INFO  http.HttpServer2 (HttpServer2.java:addFilter(1005)) - Added filter static_user_filter (class=org.apache.hadoop.http.lib.StaticUserWebFilter$StaticUserFilter) to context ozoneManager
2022-07-21 18:24:29,882 [Listener at 127.0.0.1/43637] INFO  http.HttpServer2 (HttpServer2.java:addFilter(1013)) - Added filter static_user_filter (class=org.apache.hadoop.http.lib.StaticUserWebFilter$StaticUserFilter) to context static
2022-07-21 18:24:29,882 [Listener at 127.0.0.1/43637] INFO  http.HttpServer2 (HttpServer2.java:addFilter(1013)) - Added filter static_user_filter (class=org.apache.hadoop.http.lib.StaticUserWebFilter$StaticUserFilter) to context logs
2022-07-21 18:24:29,884 [Listener at 127.0.0.1/43637] INFO  http.HttpServer2 (HttpServer2.java:bindListener(1248)) - Jetty bound to port 33703
2022-07-21 18:24:29,884 [Listener at 127.0.0.1/43637] INFO  server.Server (Server.java:doStart(375)) - jetty-9.4.43.v20210629; built: 2021-06-30T11:07:22.254Z; git: 526006ecfa3af7f1a27ef3a288e2bef7ea9dd7e8; jvm 1.8.0_332-b09
2022-07-21 18:24:29,890 [Listener at 127.0.0.1/43637] INFO  server.session (DefaultSessionIdManager.java:doStart(334)) - DefaultSessionIdManager workerName=node0
2022-07-21 18:24:29,890 [Listener at 127.0.0.1/43637] INFO  server.session (DefaultSessionIdManager.java:doStart(339)) - No SessionScavenger set, using defaults
2022-07-21 18:24:29,890 [Listener at 127.0.0.1/43637] INFO  server.session (HouseKeeper.java:startScavenging(132)) - node0 Scavenging every 660000ms
2022-07-21 18:24:29,894 [Listener at 127.0.0.1/43637] INFO  handler.ContextHandler (ContextHandler.java:doStart(915)) - Started o.e.j.s.ServletContextHandler@7fcd3bf3{logs,/logs,file:///home/runner/work/ozone/ozone/hadoop-ozone/integration-test/target/log,AVAILABLE}
2022-07-21 18:24:29,895 [Listener at 127.0.0.1/43637] INFO  handler.ContextHandler (ContextHandler.java:doStart(915)) - Started o.e.j.s.ServletContextHandler@41f02e86{static,/static,file:///home/runner/work/ozone/ozone/hadoop-ozone/integration-test/target/test-classes/webapps/static,AVAILABLE}
2022-07-21 18:24:29,905 [Listener at 127.0.0.1/43637] INFO  handler.ContextHandler (ContextHandler.java:doStart(915)) - Started o.e.j.w.WebAppContext@57c19cf9{ozoneManager,/,file:///home/runner/work/ozone/ozone/hadoop-ozone/integration-test/target/test-classes/webapps/ozoneManager/,AVAILABLE}{file:/home/runner/work/ozone/ozone/hadoop-ozone/integration-test/target/test-classes/webapps/ozoneManager}
2022-07-21 18:24:29,906 [Listener at 127.0.0.1/43637] INFO  server.AbstractConnector (AbstractConnector.java:doStart(331)) - Started ServerConnector@289daea5{HTTP/1.1, (http/1.1)}{0.0.0.0:33703}
2022-07-21 18:24:29,906 [Listener at 127.0.0.1/43637] INFO  server.Server (Server.java:doStart(415)) - Started @22225ms
2022-07-21 18:24:29,906 [Listener at 127.0.0.1/43637] WARN  impl.MetricsSystemImpl (MetricsSystemImpl.java:register(279)) - Sink prometheus already exists!
2022-07-21 18:24:29,907 [Listener at 127.0.0.1/43637] INFO  http.BaseHttpServer (BaseHttpServer.java:updateConnectorAddress(329)) - HTTP server of ozoneManager listening at http://0.0.0.0:33703
2022-07-21 18:24:29,907 [IPC Server Responder] INFO  ipc.Server (Server.java:run(1507)) - IPC Server Responder: starting
2022-07-21 18:24:29,908 [IPC Server listener on 43637] INFO  ipc.Server (Server.java:run(1344)) - IPC Server listener on 43637: starting
2022-07-21 18:24:29,911 [Listener at 127.0.0.1/43637] INFO  om.OzoneManager (OzoneManager.java:startTrashEmptier(1907)) - Trash Interval set to 0. Files deleted won't move to trash
2022-07-21 18:24:29,912 [Listener at 127.0.0.1/43637] INFO  ozone.MiniOzoneHAClusterImpl (MiniOzoneHAClusterImpl.java:createOMService(527)) - Started OzoneManager omNode-2 RPC server at localhost/127.0.0.1:43637
2022-07-21 18:24:29,913 [org.apache.hadoop.util.JvmPauseMonitor$Monitor@3e96214c] INFO  util.JvmPauseMonitor (JvmPauseMonitor.java:run(188)) - Starting JVM pause monitor
2022-07-21 18:24:29,913 [Listener at 127.0.0.1/43637] INFO  ha.OMHANodeDetails (OMHANodeDetails.java:loadOMHAConfig(121)) - ServiceID for OzoneManager is omServiceId1
2022-07-21 18:24:29,914 [Listener at 127.0.0.1/43637] INFO  ha.OMHANodeDetails (OMHANodeDetails.java:loadOMHAConfig(201)) - Found matching OM address with OMServiceId: omServiceId1, OMNodeId: omNode-3, RPC Address: localhost:34741 and Ratis port: 44469
2022-07-21 18:24:29,914 [Listener at 127.0.0.1/43637] INFO  ha.OMHANodeDetails (ConfUtils.java:setNodeSpecificConfigs(97)) - Setting configuration key ozone.om.http-address with value of key ozone.om.http-address.omServiceId1.omNode-3: 127.0.0.1:33403
2022-07-21 18:24:29,914 [Listener at 127.0.0.1/43637] INFO  ha.OMHANodeDetails (ConfUtils.java:setNodeSpecificConfigs(97)) - Setting configuration key ozone.om.https-address with value of key ozone.om.https-address.omServiceId1.omNode-3: 127.0.0.1:36741
2022-07-21 18:24:29,914 [Listener at 127.0.0.1/43637] INFO  ha.OMHANodeDetails (ConfUtils.java:setNodeSpecificConfigs(97)) - Setting configuration key ozone.om.address with value of key ozone.om.address.omServiceId1.omNode-3: 127.0.0.1:34741
2022-07-21 18:24:29,914 [Listener at 127.0.0.1/43637] WARN  server.ServerUtils (ServerUtils.java:getDBPath(225)) - ozone.om.db.dirs is not configured. We recommend adding this setting. Falling back to ozone.metadata.dirs instead.
2022-07-21 18:24:29,916 [Listener at 127.0.0.1/43637] INFO  ha.SCMNodeInfo (SCMNodeInfo.java:getPort(197)) - ConfigKey ozone.scm.client.address is deprecated, For configuring different ports for each SCM use PortConfigKey ozone.scm.client.port appended with serviceId and nodeId
2022-07-21 18:24:29,916 [Listener at 127.0.0.1/43637] INFO  ha.SCMNodeInfo (SCMNodeInfo.java:getPort(197)) - ConfigKey ozone.scm.block.client.address is deprecated, For configuring different ports for each SCM use PortConfigKey ozone.scm.block.client.port appended with serviceId and nodeId
2022-07-21 18:24:29,916 [Listener at 127.0.0.1/43637] INFO  ha.SCMNodeInfo (SCMNodeInfo.java:getPort(197)) - ConfigKey ozone.scm.datanode.address is deprecated, For configuring different ports for each SCM use PortConfigKey ozone.scm.datanode.port appended with serviceId and nodeId
2022-07-21 18:24:29,916 [Listener at 127.0.0.1/43637] INFO  ha.SCMNodeInfo (SCMNodeInfo.java:getPort(197)) - ConfigKey ozone.scm.client.address is deprecated, For configuring different ports for each SCM use PortConfigKey ozone.scm.client.port appended with serviceId and nodeId
2022-07-21 18:24:29,916 [Listener at 127.0.0.1/43637] INFO  ha.SCMNodeInfo (SCMNodeInfo.java:getPort(197)) - ConfigKey ozone.scm.block.client.address is deprecated, For configuring different ports for each SCM use PortConfigKey ozone.scm.block.client.port appended with serviceId and nodeId
2022-07-21 18:24:29,916 [Listener at 127.0.0.1/43637] INFO  ha.SCMNodeInfo (SCMNodeInfo.java:getPort(197)) - ConfigKey ozone.scm.datanode.address is deprecated, For configuring different ports for each SCM use PortConfigKey ozone.scm.datanode.port appended with serviceId and nodeId
2022-07-21 18:24:29,916 [Listener at 127.0.0.1/43637] INFO  ha.SCMNodeInfo (SCMNodeInfo.java:getPort(197)) - ConfigKey ozone.scm.client.address is deprecated, For configuring different ports for each SCM use PortConfigKey ozone.scm.client.port appended with serviceId and nodeId
2022-07-21 18:24:29,916 [Listener at 127.0.0.1/43637] INFO  ha.SCMNodeInfo (SCMNodeInfo.java:getPort(197)) - ConfigKey ozone.scm.block.client.address is deprecated, For configuring different ports for each SCM use PortConfigKey ozone.scm.block.client.port appended with serviceId and nodeId
2022-07-21 18:24:29,917 [Listener at 127.0.0.1/43637] INFO  ha.SCMNodeInfo (SCMNodeInfo.java:getPort(197)) - ConfigKey ozone.scm.datanode.address is deprecated, For configuring different ports for each SCM use PortConfigKey ozone.scm.datanode.port appended with serviceId and nodeId
2022-07-21 18:24:29,917 [Listener at 127.0.0.1/43637] INFO  proxy.SCMBlockLocationFailoverProxyProvider (SCMBlockLocationFailoverProxyProvider.java:<init>(114)) - Created block location fail-over proxy with 3 nodes: [nodeId=scmNode-2,nodeAddress=/127.0.0.1:39071, nodeId=scmNode-3,nodeAddress=/127.0.0.1:36325, nodeId=scmNode-1,nodeAddress=/127.0.0.1:37887]
OM initialization succeeded.Current cluster id for sd=/home/runner/work/ozone/ozone/hadoop-ozone/integration-test/target/test-dir/MiniOzoneClusterImpl-c56c5c68-8a55-4647-89a4-dc8bb834fa26/omNode-3/om;cid=c56c5c68-8a55-4647-89a4-dc8bb834fa26;layoutVersion=3
2022-07-21 18:24:29,930 [Listener at 127.0.0.1/43637] INFO  ha.OMHANodeDetails (OMHANodeDetails.java:loadOMHAConfig(121)) - ServiceID for OzoneManager is omServiceId1
2022-07-21 18:24:29,930 [Listener at 127.0.0.1/43637] INFO  ha.OMHANodeDetails (OMHANodeDetails.java:loadOMHAConfig(201)) - Found matching OM address with OMServiceId: omServiceId1, OMNodeId: omNode-3, RPC Address: localhost:34741 and Ratis port: 44469
2022-07-21 18:24:29,930 [Listener at 127.0.0.1/43637] INFO  ha.OMHANodeDetails (ConfUtils.java:setNodeSpecificConfigs(97)) - Setting configuration key ozone.om.http-address with value of key ozone.om.http-address.omServiceId1.omNode-3: 127.0.0.1:33403
2022-07-21 18:24:29,930 [Listener at 127.0.0.1/43637] INFO  ha.OMHANodeDetails (ConfUtils.java:setNodeSpecificConfigs(97)) - Setting configuration key ozone.om.https-address with value of key ozone.om.https-address.omServiceId1.omNode-3: 127.0.0.1:36741
2022-07-21 18:24:29,930 [Listener at 127.0.0.1/43637] INFO  ha.OMHANodeDetails (ConfUtils.java:setNodeSpecificConfigs(97)) - Setting configuration key ozone.om.address with value of key ozone.om.address.omServiceId1.omNode-3: 127.0.0.1:34741
2022-07-21 18:24:29,931 [Listener at 127.0.0.1/43637] WARN  server.ServerUtils (ServerUtils.java:getDBPath(225)) - ozone.om.db.dirs is not configured. We recommend adding this setting. Falling back to ozone.metadata.dirs instead.
2022-07-21 18:24:29,931 [Listener at 127.0.0.1/43637] INFO  upgrade.AbstractLayoutVersionManager (AbstractLayoutVersionManager.java:init(83)) - Initializing Layout version manager with metadata layout = MULTITENANCY_SCHEMA (version = 3), software layout = MULTITENANCY_SCHEMA (version = 3)
2022-07-21 18:24:30,014 [Listener at 127.0.0.1/43637] INFO  reflections.Reflections (Reflections.java:scan(232)) - Reflections took 81 ms to scan 2 urls, producing 152 keys and 424 values [using 2 cores]
2022-07-21 18:24:30,014 [Listener at 127.0.0.1/43637] INFO  upgrade.OMLayoutVersionManager (OMLayoutVersionManager.java:lambda$0(115)) - Skipping Upgrade Action MockOmUpgradeAction since it has been finalized.
2022-07-21 18:24:30,014 [Listener at 127.0.0.1/43637] WARN  server.ServerUtils (ServerUtils.java:getDBPath(225)) - ozone.om.db.dirs is not configured. We recommend adding this setting. Falling back to ozone.metadata.dirs instead.
2022-07-21 18:24:30,015 [Listener at 127.0.0.1/43637] INFO  ha.SCMNodeInfo (SCMNodeInfo.java:getPort(197)) - ConfigKey ozone.scm.client.address is deprecated, For configuring different ports for each SCM use PortConfigKey ozone.scm.client.port appended with serviceId and nodeId
2022-07-21 18:24:30,015 [Listener at 127.0.0.1/43637] INFO  ha.SCMNodeInfo (SCMNodeInfo.java:getPort(197)) - ConfigKey ozone.scm.block.client.address is deprecated, For configuring different ports for each SCM use PortConfigKey ozone.scm.block.client.port appended with serviceId and nodeId
2022-07-21 18:24:30,015 [Listener at 127.0.0.1/43637] INFO  ha.SCMNodeInfo (SCMNodeInfo.java:getPort(197)) - ConfigKey ozone.scm.datanode.address is deprecated, For configuring different ports for each SCM use PortConfigKey ozone.scm.datanode.port appended with serviceId and nodeId
2022-07-21 18:24:30,015 [Listener at 127.0.0.1/43637] INFO  ha.SCMNodeInfo (SCMNodeInfo.java:getPort(197)) - ConfigKey ozone.scm.client.address is deprecated, For configuring different ports for each SCM use PortConfigKey ozone.scm.client.port appended with serviceId and nodeId
2022-07-21 18:24:30,015 [Listener at 127.0.0.1/43637] INFO  ha.SCMNodeInfo (SCMNodeInfo.java:getPort(197)) - ConfigKey ozone.scm.block.client.address is deprecated, For configuring different ports for each SCM use PortConfigKey ozone.scm.block.client.port appended with serviceId and nodeId
2022-07-21 18:24:30,015 [Listener at 127.0.0.1/43637] INFO  ha.SCMNodeInfo (SCMNodeInfo.java:getPort(197)) - ConfigKey ozone.scm.datanode.address is deprecated, For configuring different ports for each SCM use PortConfigKey ozone.scm.datanode.port appended with serviceId and nodeId
2022-07-21 18:24:30,015 [Listener at 127.0.0.1/43637] INFO  ha.SCMNodeInfo (SCMNodeInfo.java:getPort(197)) - ConfigKey ozone.scm.client.address is deprecated, For configuring different ports for each SCM use PortConfigKey ozone.scm.client.port appended with serviceId and nodeId
2022-07-21 18:24:30,015 [Listener at 127.0.0.1/43637] INFO  ha.SCMNodeInfo (SCMNodeInfo.java:getPort(197)) - ConfigKey ozone.scm.block.client.address is deprecated, For configuring different ports for each SCM use PortConfigKey ozone.scm.block.client.port appended with serviceId and nodeId
2022-07-21 18:24:30,016 [Listener at 127.0.0.1/43637] INFO  ha.SCMNodeInfo (SCMNodeInfo.java:getPort(197)) - ConfigKey ozone.scm.datanode.address is deprecated, For configuring different ports for each SCM use PortConfigKey ozone.scm.datanode.port appended with serviceId and nodeId
2022-07-21 18:24:30,016 [Listener at 127.0.0.1/43637] INFO  ha.SCMNodeInfo (SCMNodeInfo.java:getPort(197)) - ConfigKey ozone.scm.client.address is deprecated, For configuring different ports for each SCM use PortConfigKey ozone.scm.client.port appended with serviceId and nodeId
2022-07-21 18:24:30,016 [Listener at 127.0.0.1/43637] INFO  ha.SCMNodeInfo (SCMNodeInfo.java:getPort(197)) - ConfigKey ozone.scm.block.client.address is deprecated, For configuring different ports for each SCM use PortConfigKey ozone.scm.block.client.port appended with serviceId and nodeId
2022-07-21 18:24:30,016 [Listener at 127.0.0.1/43637] INFO  ha.SCMNodeInfo (SCMNodeInfo.java:getPort(197)) - ConfigKey ozone.scm.datanode.address is deprecated, For configuring different ports for each SCM use PortConfigKey ozone.scm.datanode.port appended with serviceId and nodeId
2022-07-21 18:24:30,016 [Listener at 127.0.0.1/43637] INFO  ha.SCMNodeInfo (SCMNodeInfo.java:getPort(197)) - ConfigKey ozone.scm.client.address is deprecated, For configuring different ports for each SCM use PortConfigKey ozone.scm.client.port appended with serviceId and nodeId
2022-07-21 18:24:30,016 [Listener at 127.0.0.1/43637] INFO  ha.SCMNodeInfo (SCMNodeInfo.java:getPort(197)) - ConfigKey ozone.scm.block.client.address is deprecated, For configuring different ports for each SCM use PortConfigKey ozone.scm.block.client.port appended with serviceId and nodeId
2022-07-21 18:24:30,017 [Listener at 127.0.0.1/43637] INFO  ha.SCMNodeInfo (SCMNodeInfo.java:getPort(197)) - ConfigKey ozone.scm.datanode.address is deprecated, For configuring different ports for each SCM use PortConfigKey ozone.scm.datanode.port appended with serviceId and nodeId
2022-07-21 18:24:30,017 [Listener at 127.0.0.1/43637] INFO  ha.SCMNodeInfo (SCMNodeInfo.java:getPort(197)) - ConfigKey ozone.scm.client.address is deprecated, For configuring different ports for each SCM use PortConfigKey ozone.scm.client.port appended with serviceId and nodeId
2022-07-21 18:24:30,017 [Listener at 127.0.0.1/43637] INFO  ha.SCMNodeInfo (SCMNodeInfo.java:getPort(197)) - ConfigKey ozone.scm.block.client.address is deprecated, For configuring different ports for each SCM use PortConfigKey ozone.scm.block.client.port appended with serviceId and nodeId
2022-07-21 18:24:30,017 [Listener at 127.0.0.1/43637] INFO  ha.SCMNodeInfo (SCMNodeInfo.java:getPort(197)) - ConfigKey ozone.scm.datanode.address is deprecated, For configuring different ports for each SCM use PortConfigKey ozone.scm.datanode.port appended with serviceId and nodeId
2022-07-21 18:24:30,017 [Listener at 127.0.0.1/43637] INFO  proxy.SCMBlockLocationFailoverProxyProvider (SCMBlockLocationFailoverProxyProvider.java:<init>(114)) - Created block location fail-over proxy with 3 nodes: [nodeId=scmNode-2,nodeAddress=/127.0.0.1:39071, nodeId=scmNode-3,nodeAddress=/127.0.0.1:36325, nodeId=scmNode-1,nodeAddress=/127.0.0.1:37887]
2022-07-21 18:24:30,020 [Listener at 127.0.0.1/43637] INFO  ha.SCMNodeInfo (SCMNodeInfo.java:getPort(197)) - ConfigKey ozone.scm.client.address is deprecated, For configuring different ports for each SCM use PortConfigKey ozone.scm.client.port appended with serviceId and nodeId
2022-07-21 18:24:30,020 [Listener at 127.0.0.1/43637] INFO  ha.SCMNodeInfo (SCMNodeInfo.java:getPort(197)) - ConfigKey ozone.scm.block.client.address is deprecated, For configuring different ports for each SCM use PortConfigKey ozone.scm.block.client.port appended with serviceId and nodeId
2022-07-21 18:24:30,020 [Listener at 127.0.0.1/43637] INFO  ha.SCMNodeInfo (SCMNodeInfo.java:getPort(197)) - ConfigKey ozone.scm.datanode.address is deprecated, For configuring different ports for each SCM use PortConfigKey ozone.scm.datanode.port appended with serviceId and nodeId
2022-07-21 18:24:30,020 [Listener at 127.0.0.1/43637] INFO  ha.SCMNodeInfo (SCMNodeInfo.java:getPort(197)) - ConfigKey ozone.scm.client.address is deprecated, For configuring different ports for each SCM use PortConfigKey ozone.scm.client.port appended with serviceId and nodeId
2022-07-21 18:24:30,020 [Listener at 127.0.0.1/43637] INFO  ha.SCMNodeInfo (SCMNodeInfo.java:getPort(197)) - ConfigKey ozone.scm.block.client.address is deprecated, For configuring different ports for each SCM use PortConfigKey ozone.scm.block.client.port appended with serviceId and nodeId
2022-07-21 18:24:30,020 [Listener at 127.0.0.1/43637] INFO  ha.SCMNodeInfo (SCMNodeInfo.java:getPort(197)) - ConfigKey ozone.scm.datanode.address is deprecated, For configuring different ports for each SCM use PortConfigKey ozone.scm.datanode.port appended with serviceId and nodeId
2022-07-21 18:24:30,020 [Listener at 127.0.0.1/43637] INFO  ha.SCMNodeInfo (SCMNodeInfo.java:getPort(197)) - ConfigKey ozone.scm.client.address is deprecated, For configuring different ports for each SCM use PortConfigKey ozone.scm.client.port appended with serviceId and nodeId
2022-07-21 18:24:30,021 [Listener at 127.0.0.1/43637] INFO  ha.SCMNodeInfo (SCMNodeInfo.java:getPort(197)) - ConfigKey ozone.scm.block.client.address is deprecated, For configuring different ports for each SCM use PortConfigKey ozone.scm.block.client.port appended with serviceId and nodeId
2022-07-21 18:24:30,021 [Listener at 127.0.0.1/43637] INFO  ha.SCMNodeInfo (SCMNodeInfo.java:getPort(197)) - ConfigKey ozone.scm.datanode.address is deprecated, For configuring different ports for each SCM use PortConfigKey ozone.scm.datanode.port appended with serviceId and nodeId
2022-07-21 18:24:30,021 [Listener at 127.0.0.1/43637] INFO  proxy.SCMBlockLocationFailoverProxyProvider (SCMBlockLocationFailoverProxyProvider.java:<init>(114)) - Created block location fail-over proxy with 3 nodes: [nodeId=scmNode-2,nodeAddress=/127.0.0.1:39071, nodeId=scmNode-3,nodeAddress=/127.0.0.1:36325, nodeId=scmNode-1,nodeAddress=/127.0.0.1:37887]
2022-07-21 18:24:30,031 [Listener at 127.0.0.1/43637] WARN  server.ServerUtils (ServerUtils.java:getDBPath(225)) - ozone.om.db.dirs is not configured. We recommend adding this setting. Falling back to ozone.metadata.dirs instead.
2022-07-21 18:24:30,032 [Listener at 127.0.0.1/43637] INFO  codec.OmKeyInfoCodec (OmKeyInfoCodec.java:<init>(49)) - OmKeyInfoCodec ignorePipeline = true
2022-07-21 18:24:30,032 [Listener at 127.0.0.1/43637] INFO  codec.RepeatedOmKeyInfoCodec (RepeatedOmKeyInfoCodec.java:<init>(41)) - RepeatedOmKeyInfoCodec ignorePipeline = true
2022-07-21 18:24:30,217 [Listener at 127.0.0.1/43637] INFO  om.OzoneManager (OzoneManager.java:instantiateServices(694)) - S3 Multi-Tenancy is disabled
2022-07-21 18:24:30,218 [Listener at 127.0.0.1/43637] INFO  om.OzoneManager (OzoneManager.java:addS3GVolumeToDB(4308)) - Created Volume s3v With Owner runner required for S3Gateway operations.
2022-07-21 18:24:30,218 [Listener at 127.0.0.1/43637] WARN  server.ServerUtils (ServerUtils.java:getDefaultRatisDirectory(237)) - Storage directory for Ratis is not configured. It is a good idea to map this to an SSD disk. Falling back to ozone.metadata.dirs
2022-07-21 18:24:30,218 [Listener at 127.0.0.1/43637] WARN  utils.OzoneManagerRatisUtils (OzoneManagerRatisUtils.java:getOMRatisSnapshotDirectory(431)) - ozone.om.ratis.snapshot.dir is not configured. Falling back to ozone.metadata.dirs config
2022-07-21 18:24:30,218 [Listener at 127.0.0.1/43637] INFO  snapshot.OzoneManagerSnapshotProvider (OzoneManagerSnapshotProvider.java:<init>(76)) - Initializing OM Snapshot Provider
2022-07-21 18:24:30,220 [Listener at 127.0.0.1/43637] WARN  impl.MetricRegistriesImpl (MetricRegistriesImpl.java:addReporterRegistration(111)) - New reporters are added after registries were created. Some metrics will be missing from the reporter. Please add reporter before adding any new registry.
2022-07-21 18:24:30,220 [Listener at 127.0.0.1/43637] WARN  impl.MetricRegistriesImpl (MetricRegistriesImpl.java:addReporterRegistration(111)) - New reporters are added after registries were created. Some metrics will be missing from the reporter. Please add reporter before adding any new registry.
2022-07-21 18:24:30,220 [Listener at 127.0.0.1/43637] WARN  server.ServerUtils (ServerUtils.java:getDefaultRatisDirectory(237)) - Storage directory for Ratis is not configured. It is a good idea to map this to an SSD disk. Falling back to ozone.metadata.dirs
2022-07-21 18:24:30,221 [Listener at 127.0.0.1/43637] INFO  ratis.OzoneManagerRatisServer (OzoneManagerRatisServer.java:<init>(159)) - Instantiating OM Ratis server with groupID: omServiceId1 and peers: localhost:44469, localhost:41041, localhost:36377
2022-07-21 18:24:30,222 [Listener at 127.0.0.1/43637] INFO  ratis.OzoneManagerStateMachine (OzoneManagerStateMachine.java:loadSnapshotInfoFromDB(632)) - LastAppliedIndex is set from TransactionInfo from OM DB as (t:0, i:~)
2022-07-21 18:24:30,222 [Listener at 127.0.0.1/43637] INFO  server.RaftServer (ConfUtils.java:logGet(46)) - raft.rpc.type = GRPC (default)
2022-07-21 18:24:30,222 [Listener at 127.0.0.1/43637] INFO  grpc.GrpcFactory (GrpcFactory.java:checkPooledByteBufAllocatorUseCacheForAllThreads(48)) - PERFORMANCE WARNING: useCacheForAllThreads is true that may cause Netty to create a lot garbage objects and, as a result, trigger GC.
	It is recommended to disable useCacheForAllThreads by setting -Dorg.apache.ratis.thirdparty.io.netty.allocator.useCacheForAllThreads=false in command line.
2022-07-21 18:24:30,222 [Listener at 127.0.0.1/43637] INFO  grpc.GrpcConfigKeys (ConfUtils.java:logGet(46)) - raft.grpc.admin.port = -1 (default)
2022-07-21 18:24:30,222 [Listener at 127.0.0.1/43637] INFO  grpc.GrpcConfigKeys (ConfUtils.java:logGet(46)) - raft.grpc.server.port = 44469 (custom)
2022-07-21 18:24:30,222 [Listener at 127.0.0.1/43637] INFO  grpc.GrpcConfigKeys (ConfUtils.java:logGet(46)) - raft.grpc.client.port = -1 (default)
2022-07-21 18:24:30,223 [Listener at 127.0.0.1/43637] INFO  grpc.GrpcConfigKeys (ConfUtils.java:logGet(46)) - raft.grpc.server.port = 44469 (custom)
2022-07-21 18:24:30,223 [Listener at 127.0.0.1/43637] INFO  grpc.GrpcConfigKeys (ConfUtils.java:logGet(46)) - raft.grpc.server.port = 44469 (custom)
2022-07-21 18:24:30,223 [Listener at 127.0.0.1/43637] INFO  server.GrpcService (ConfUtils.java:logGet(46)) - raft.grpc.message.size.max = 33554432 (custom)
2022-07-21 18:24:30,223 [Listener at 127.0.0.1/43637] INFO  server.RaftServerConfigKeys (ConfUtils.java:logGet(46)) - raft.server.log.appender.buffer.byte-limit = 33554432 (custom)
2022-07-21 18:24:30,223 [Listener at 127.0.0.1/43637] INFO  server.GrpcService (ConfUtils.java:logGet(46)) - raft.grpc.flow.control.window = 1MB (=1048576) (default)
2022-07-21 18:24:30,223 [Listener at 127.0.0.1/43637] INFO  server.RaftServerConfigKeys (ConfUtils.java:logGet(46)) - raft.server.rpc.request.timeout = 3000ms (default)
2022-07-21 18:24:30,223 [Listener at 127.0.0.1/43637] INFO  grpc.GrpcConfigKeys (ConfUtils.java:logGet(46)) - raft.grpc.server.async.request.thread.pool.cached = true (default)
2022-07-21 18:24:30,223 [Listener at 127.0.0.1/43637] INFO  grpc.GrpcConfigKeys (ConfUtils.java:logGet(46)) - raft.grpc.server.async.request.thread.pool.size = 32 (default)
2022-07-21 18:24:30,225 [Listener at 127.0.0.1/43637] INFO  impl.DataStreamServerImpl (ConfUtils.java:logGet(46)) - raft.datastream.type = DISABLED (default)
2022-07-21 18:24:30,225 [Listener at 127.0.0.1/43637] INFO  server.RaftServerConfigKeys (ConfUtils.java:logGet(46)) - raft.server.threadpool.proxy.cached = true (default)
2022-07-21 18:24:30,225 [Listener at 127.0.0.1/43637] INFO  server.RaftServerConfigKeys (ConfUtils.java:logGet(46)) - raft.server.threadpool.proxy.size = 0 (default)
2022-07-21 18:24:30,225 [Listener at 127.0.0.1/43637] INFO  server.RaftServerConfigKeys (ConfUtils.java:logGet(46)) - raft.server.rpc.slowness.timeout = 2s (custom)
2022-07-21 18:24:30,225 [Listener at 127.0.0.1/43637] INFO  server.RaftServerConfigKeys (ConfUtils.java:logGet(46)) - raft.server.leaderelection.leader.step-down.wait-time = 10s (default)
2022-07-21 18:24:30,225 [Listener at 127.0.0.1/43637] INFO  server.RaftServerConfigKeys (ConfUtils.java:logGet(46)) - raft.server.storage.dir = [/home/runner/work/ozone/ozone/hadoop-ozone/integration-test/target/test-dir/MiniOzoneClusterImpl-c56c5c68-8a55-4647-89a4-dc8bb834fa26/omNode-3/ratis] (custom)
2022-07-21 18:24:30,226 [Listener at 127.0.0.1/43637] INFO  server.RaftServer (RaftServerProxy.java:addNew(96)) - omNode-3: addNew group-6C22E66A003A:[omNode-3|rpc:localhost:44469|priority:0, omNode-1|rpc:localhost:41041|priority:0, omNode-2|rpc:localhost:36377|priority:0] returns group-6C22E66A003A:java.util.concurrent.CompletableFuture@45305c61[Not completed]
2022-07-21 18:24:30,226 [Listener at 127.0.0.1/43637] INFO  om.OzoneManager (OzoneManager.java:initializeRatisServer(1963)) - OzoneManager Ratis server initialized at port 44469
2022-07-21 18:24:30,226 [pool-175-thread-1] INFO  server.RaftServer$Division (RaftServerImpl.java:<init>(190)) - omNode-3: new RaftServerImpl for group-6C22E66A003A:[omNode-3|rpc:localhost:44469|priority:0, omNode-1|rpc:localhost:41041|priority:0, omNode-2|rpc:localhost:36377|priority:0] with OzoneManagerStateMachine:uninitialized
2022-07-21 18:24:30,227 [Listener at 127.0.0.1/43637] INFO  om.OzoneManager (OzoneManager.java:getRpcServer(1083)) - Creating RPC Server
2022-07-21 18:24:30,242 [pool-175-thread-1] INFO  server.RaftServerConfigKeys (ConfUtils.java:logGet(46)) - raft.server.rpc.timeout.min = 1s (custom)
2022-07-21 18:24:30,242 [pool-175-thread-1] INFO  server.RaftServerConfigKeys (ConfUtils.java:logGet(46)) - raft.server.rpc.timeout.max = 1200ms (custom)
2022-07-21 18:24:30,245 [pool-175-thread-1] INFO  server.RaftServerConfigKeys (ConfUtils.java:logGet(46)) - raft.server.rpc.sleep.time = 25ms (default)
2022-07-21 18:24:30,245 [pool-175-thread-1] INFO  server.RaftServerConfigKeys (ConfUtils.java:logGet(46)) - raft.server.rpc.slowness.timeout = 2s (custom)
2022-07-21 18:24:30,245 [pool-175-thread-1] INFO  server.RaftServerConfigKeys (ConfUtils.java:logGet(46)) - raft.server.leaderelection.leader.step-down.wait-time = 10s (default)
2022-07-21 18:24:30,245 [pool-175-thread-1] INFO  server.RaftServerConfigKeys (ConfUtils.java:logGet(46)) - raft.server.sleep.deviation.threshold = 300ms (default)
2022-07-21 18:24:30,245 [pool-175-thread-1] INFO  server.RaftServer$Division (ServerState.java:<init>(107)) - omNode-3@group-6C22E66A003A: ConfigurationManager, init=-1: [omNode-3|rpc:localhost:44469|priority:0, omNode-1|rpc:localhost:41041|priority:0, omNode-2|rpc:localhost:36377|priority:0], old=null, confs=<EMPTY_MAP>
2022-07-21 18:24:30,245 [pool-175-thread-1] INFO  server.RaftServerConfigKeys (ConfUtils.java:logGet(46)) - raft.server.storage.dir = [/home/runner/work/ozone/ozone/hadoop-ozone/integration-test/target/test-dir/MiniOzoneClusterImpl-c56c5c68-8a55-4647-89a4-dc8bb834fa26/omNode-3/ratis] (custom)
2022-07-21 18:24:30,245 [pool-175-thread-1] INFO  server.RaftServerConfigKeys (ConfUtils.java:logGet(46)) - raft.server.log.corruption.policy = EXCEPTION (default)
2022-07-21 18:24:30,246 [pool-175-thread-1] INFO  server.RaftServerConfigKeys (ConfUtils.java:logGet(46)) - raft.server.storage.free-space.min = 0MB (=0) (default)
2022-07-21 18:24:30,246 [pool-175-thread-1] INFO  storage.RaftStorageDirectory (RaftStorageDirectoryImpl.java:analyzeStorage(135)) - The storage directory /home/runner/work/ozone/ozone/hadoop-ozone/integration-test/target/test-dir/MiniOzoneClusterImpl-c56c5c68-8a55-4647-89a4-dc8bb834fa26/omNode-3/ratis/9c9825ce-8ba7-3ee6-a7c3-6c22e66a003a does not exist. Creating ...
2022-07-21 18:24:30,252 [pool-175-thread-1] INFO  storage.RaftStorageDirectory (RaftStorageDirectoryImpl.java:tryLock(230)) - Lock on /home/runner/work/ozone/ozone/hadoop-ozone/integration-test/target/test-dir/MiniOzoneClusterImpl-c56c5c68-8a55-4647-89a4-dc8bb834fa26/omNode-3/ratis/9c9825ce-8ba7-3ee6-a7c3-6c22e66a003a/in_use.lock acquired by nodename 21952@fv-az378-305
2022-07-21 18:24:30,260 [pool-175-thread-1] INFO  storage.RaftStorage (RaftStorageImpl.java:format(89)) - Storage directory /home/runner/work/ozone/ozone/hadoop-ozone/integration-test/target/test-dir/MiniOzoneClusterImpl-c56c5c68-8a55-4647-89a4-dc8bb834fa26/omNode-3/ratis/9c9825ce-8ba7-3ee6-a7c3-6c22e66a003a has been successfully formatted.
2022-07-21 18:24:30,261 [pool-175-thread-1] INFO  server.RaftServerConfigKeys (ConfUtils.java:logGet(46)) - raft.server.notification.no-leader.timeout = 2s (custom)
2022-07-21 18:24:30,261 [pool-175-thread-1] INFO  server.RaftServerConfigKeys (ConfUtils.java:logGet(46)) - raft.server.log.use.memory = false (default)
2022-07-21 18:24:30,261 [pool-175-thread-1] INFO  server.RaftServerConfigKeys (ConfUtils.java:logGet(46)) - raft.server.log.purge.gap = 1000000 (custom)
2022-07-21 18:24:30,261 [pool-175-thread-1] INFO  server.RaftServerConfigKeys (ConfUtils.java:logGet(46)) - raft.server.log.appender.buffer.byte-limit = 33554432 (custom)
2022-07-21 18:24:30,261 [pool-175-thread-1] INFO  server.RaftServerConfigKeys (ConfUtils.java:logGet(46)) - raft.server.log.statemachine.data.read.timeout = 1000ms (default)
2022-07-21 18:24:30,261 [pool-175-thread-1] INFO  server.RaftServerConfigKeys (ConfUtils.java:logGet(46)) - raft.server.log.segment.size.max = 4194304 (custom)
2022-07-21 18:24:30,262 [pool-175-thread-1] INFO  server.RaftServerConfigKeys (ConfUtils.java:logGet(46)) - raft.server.log.segment.cache.num.max = 2 (custom)
2022-07-21 18:24:30,262 [pool-175-thread-1] INFO  server.RaftServerConfigKeys (ConfUtils.java:logGet(46)) - raft.server.log.segment.cache.size.max = 200MB (=209715200) (default)
2022-07-21 18:24:30,262 [pool-175-thread-1] INFO  segmented.SegmentedRaftLogWorker (SegmentedRaftLogWorker.java:<init>(187)) - new omNode-3@group-6C22E66A003A-SegmentedRaftLogWorker for RaftStorageImpl:Storage Directory /home/runner/work/ozone/ozone/hadoop-ozone/integration-test/target/test-dir/MiniOzoneClusterImpl-c56c5c68-8a55-4647-89a4-dc8bb834fa26/omNode-3/ratis/9c9825ce-8ba7-3ee6-a7c3-6c22e66a003a
2022-07-21 18:24:30,262 [pool-175-thread-1] INFO  server.RaftServerConfigKeys (ConfUtils.java:logGet(46)) - raft.server.log.queue.byte-limit = 64MB (=67108864) (default)
2022-07-21 18:24:30,262 [pool-175-thread-1] INFO  server.RaftServerConfigKeys (ConfUtils.java:logGet(46)) - raft.server.log.queue.element-limit = 4096 (default)
2022-07-21 18:24:30,262 [pool-175-thread-1] INFO  server.RaftServerConfigKeys (ConfUtils.java:logGet(46)) - raft.server.log.segment.size.max = 4194304 (custom)
2022-07-21 18:24:30,262 [pool-175-thread-1] INFO  server.RaftServerConfigKeys (ConfUtils.java:logGet(46)) - raft.server.log.preallocated.size = 4194304 (custom)
2022-07-21 18:24:30,263 [pool-175-thread-1] INFO  server.RaftServerConfigKeys (ConfUtils.java:logGet(46)) - raft.server.log.force.sync.num = 128 (default)
2022-07-21 18:24:30,263 [pool-175-thread-1] INFO  server.RaftServerConfigKeys (ConfUtils.java:logGet(46)) - raft.server.log.statemachine.data.sync = true (default)
2022-07-21 18:24:30,263 [pool-175-thread-1] INFO  server.RaftServerConfigKeys (ConfUtils.java:logGet(46)) - raft.server.log.statemachine.data.sync.timeout = 10s (default)
2022-07-21 18:24:30,263 [pool-175-thread-1] INFO  server.RaftServerConfigKeys (ConfUtils.java:logGet(46)) - raft.server.log.statemachine.data.sync.timeout.retry = -1 (default)
2022-07-21 18:24:30,266 [pool-175-thread-1] INFO  server.RaftServerConfigKeys (ConfUtils.java:logGet(46)) - raft.server.log.write.buffer.size = 64KB (=65536) (default)
2022-07-21 18:24:30,266 [pool-175-thread-1] INFO  server.RaftServerConfigKeys (ConfUtils.java:logGet(46)) - raft.server.log.unsafe-flush.enabled = false (default)
2022-07-21 18:24:30,266 [pool-175-thread-1] INFO  server.RaftServerConfigKeys (ConfUtils.java:logGet(46)) - raft.server.log.statemachine.data.caching.enabled = false (default)
2022-07-21 18:24:30,266 [pool-175-thread-1] INFO  segmented.SegmentedRaftLogWorker (SegmentedRaftLogWorker.java:lambda$new$0(135)) - omNode-3@group-6C22E66A003A-SegmentedRaftLogWorker: flushIndex: setUnconditionally 0 -> -1
2022-07-21 18:24:30,267 [pool-175-thread-1] INFO  segmented.SegmentedRaftLogWorker (SegmentedRaftLogWorker.java:lambda$new$0(135)) - omNode-3@group-6C22E66A003A-SegmentedRaftLogWorker: safeCacheEvictIndex: setUnconditionally 0 -> -1
2022-07-21 18:24:30,280 [pool-175-thread-1] INFO  server.RaftServerConfigKeys (ConfUtils.java:logGet(46)) - raft.server.snapshot.auto.trigger.enabled = true (custom)
2022-07-21 18:24:30,280 [pool-175-thread-1] INFO  server.RaftServerConfigKeys (ConfUtils.java:logGet(46)) - raft.server.snapshot.auto.trigger.threshold = 400000 (default)
2022-07-21 18:24:30,280 [pool-175-thread-1] INFO  server.RaftServerConfigKeys (ConfUtils.java:logGet(46)) - raft.server.snapshot.retention.file.num = -1 (default)
2022-07-21 18:24:30,280 [pool-175-thread-1] INFO  server.RaftServerConfigKeys (ConfUtils.java:logGet(46)) - raft.server.log.purge.upto.snapshot.index = true (custom)
2022-07-21 18:24:30,280 [pool-175-thread-1] INFO  server.RaftServerConfigKeys (ConfUtils.java:logGet(46)) - raft.server.retrycache.expirytime = 300s (custom)
2022-07-21 18:24:30,280 [pool-175-thread-1] INFO  server.RaftServerConfigKeys (ConfUtils.java:logGet(46)) - raft.server.retrycache.statistics.expirytime = 100μs (default)
2022-07-21 18:24:30,284 [pool-175-thread-1] INFO  server.RaftServerConfigKeys (ConfUtils.java:logGet(46)) - raft.server.log.appender.install.snapshot.enabled = false (custom)
2022-07-21 18:24:30,284 [pool-175-thread-1] INFO  server.RaftServerConfigKeys (ConfUtils.java:logGet(46)) - raft.server.threadpool.server.cached = true (default)
2022-07-21 18:24:30,284 [pool-175-thread-1] INFO  server.RaftServerConfigKeys (ConfUtils.java:logGet(46)) - raft.server.threadpool.server.size = 0 (default)
2022-07-21 18:24:30,284 [pool-175-thread-1] INFO  server.RaftServerConfigKeys (ConfUtils.java:logGet(46)) - raft.server.threadpool.client.cached = true (default)
2022-07-21 18:24:30,285 [pool-175-thread-1] INFO  server.RaftServerConfigKeys (ConfUtils.java:logGet(46)) - raft.server.threadpool.client.size = 0 (default)
2022-07-21 18:24:30,496 [org.apache.ratis.util.JvmPauseMonitor$$Lambda$519/1846153014@42f626b1] WARN  util.JvmPauseMonitor (JvmPauseMonitor.java:detectPause(124)) - JvmPauseMonitor-omNode-2: Detected pause in JVM or host machine (eg GC): pause of approximately 138058182ns.
GC pool 'PS MarkSweep' had collection(s): count=1 time=113ms
GC pool 'PS Scavenge' had collection(s): count=1 time=78ms
2022-07-21 18:24:30,818 [omNode-1@group-6C22E66A003A-FollowerState] INFO  impl.FollowerState (FollowerState.java:run(143)) - omNode-1@group-6C22E66A003A-FollowerState: change to CANDIDATE, lastRpcElapsedTime:1048634121ns, electionTimeout:1043ms
2022-07-21 18:24:30,818 [omNode-1@group-6C22E66A003A-FollowerState] INFO  impl.RoleInfo (RoleInfo.java:shutdownFollowerState(110)) - omNode-1: shutdown omNode-1@group-6C22E66A003A-FollowerState
2022-07-21 18:24:30,818 [omNode-1@group-6C22E66A003A-FollowerState] INFO  server.RaftServer$Division (RaftServerImpl.java:setRole(299)) - omNode-1@group-6C22E66A003A: changes role from  FOLLOWER to CANDIDATE at term 1 for changeToCandidate
2022-07-21 18:24:30,821 [omNode-1@group-6C22E66A003A-FollowerState] INFO  server.RaftServerConfigKeys (ConfUtils.java:logGet(46)) - raft.server.leaderelection.pre-vote = false (custom)
2022-07-21 18:24:30,821 [omNode-1@group-6C22E66A003A-FollowerState] INFO  impl.RoleInfo (RoleInfo.java:updateAndGet(139)) - omNode-1: start omNode-1@group-6C22E66A003A-LeaderElection4
2022-07-21 18:24:30,845 [omNode-1@group-6C22E66A003A-LeaderElection4] INFO  impl.LeaderElection (LeaderElection.java:askForVotes(310)) - omNode-1@group-6C22E66A003A-LeaderElection4 ELECTION round 0: submit vote requests at term 2 for -1: [omNode-3|rpc:localhost:44469|priority:0, omNode-1|rpc:localhost:41041|priority:0, omNode-2|rpc:localhost:36377|priority:0], old=null
2022-07-21 18:24:30,847 [omNode-1@group-6C22E66A003A-LeaderElection4] INFO  impl.LeaderElection (LogUtils.java:infoOrTrace(137)) - omNode-1@group-6C22E66A003A-LeaderElection4 got exception when requesting votes: java.util.concurrent.ExecutionException: org.apache.ratis.thirdparty.io.grpc.StatusRuntimeException: UNAVAILABLE: io exception
2022-07-21 18:24:30,847 [omNode-1@group-6C22E66A003A-LeaderElection4] INFO  impl.LeaderElection (LogUtils.java:infoOrTrace(137)) - omNode-1@group-6C22E66A003A-LeaderElection4 got exception when requesting votes: java.util.concurrent.ExecutionException: org.apache.ratis.thirdparty.io.grpc.StatusRuntimeException: UNAVAILABLE: io exception
2022-07-21 18:24:30,847 [omNode-1@group-6C22E66A003A-LeaderElection4] INFO  impl.LeaderElection (LeaderElection.java:logAndReturn(90)) - omNode-1@group-6C22E66A003A-LeaderElection4: ELECTION REJECTED received 0 response(s) and 2 exception(s):
2022-07-21 18:24:30,847 [omNode-1@group-6C22E66A003A-LeaderElection4] INFO  impl.LeaderElection (LogUtils.java:infoOrTrace(137)) -   Exception 0: java.util.concurrent.ExecutionException: org.apache.ratis.thirdparty.io.grpc.StatusRuntimeException: UNAVAILABLE: io exception
2022-07-21 18:24:30,847 [omNode-1@group-6C22E66A003A-LeaderElection4] INFO  impl.LeaderElection (LogUtils.java:infoOrTrace(137)) -   Exception 1: java.util.concurrent.ExecutionException: org.apache.ratis.thirdparty.io.grpc.StatusRuntimeException: UNAVAILABLE: io exception
2022-07-21 18:24:30,847 [omNode-1@group-6C22E66A003A-LeaderElection4] INFO  impl.LeaderElection (LeaderElection.java:askForVotes(312)) - omNode-1@group-6C22E66A003A-LeaderElection4 ELECTION round 0: result REJECTED
2022-07-21 18:24:30,847 [omNode-1@group-6C22E66A003A-LeaderElection4] INFO  server.RaftServer$Division (RaftServerImpl.java:setRole(299)) - omNode-1@group-6C22E66A003A: changes role from CANDIDATE to FOLLOWER at term 2 for REJECTED
2022-07-21 18:24:30,847 [omNode-1@group-6C22E66A003A-LeaderElection4] INFO  impl.RoleInfo (RoleInfo.java:shutdownLeaderElection(130)) - omNode-1: shutdown omNode-1@group-6C22E66A003A-LeaderElection4
2022-07-21 18:24:30,847 [omNode-1@group-6C22E66A003A-LeaderElection4] INFO  impl.RoleInfo (RoleInfo.java:updateAndGet(139)) - omNode-1: start omNode-1@group-6C22E66A003A-FollowerState
2022-07-21 18:24:30,914 [Listener at 127.0.0.1/43637] INFO  reflections.Reflections (Reflections.java:scan(232)) - Reflections took 685 ms to scan 19 urls, producing 67 keys and 4134 values [using 2 cores]
2022-07-21 18:24:30,915 [Listener at 127.0.0.1/43637] INFO  ipc.CallQueueManager (CallQueueManager.java:<init>(90)) - Using callQueue: class java.util.concurrent.LinkedBlockingQueue, queueCapacity: 2000, scheduler: class org.apache.hadoop.ipc.DefaultRpcScheduler, ipcBackoff: false.
2022-07-21 18:24:30,920 [Socket Reader #1 for port 34741] INFO  ipc.Server (Server.java:run(1265)) - Starting Socket Reader #1 for port 34741
2022-07-21 18:24:30,951 [Listener at 127.0.0.1/34741] INFO  impl.MetricsSystemImpl (MetricsSystemImpl.java:init(158)) - OzoneManager metrics system started (again)
2022-07-21 18:24:30,960 [Listener at 127.0.0.1/34741] INFO  om.OzoneManager (OzoneManager.java:start(1467)) - OzoneManager RPC server is listening at localhost/127.0.0.1:34741
2022-07-21 18:24:30,960 [Listener at 127.0.0.1/34741] INFO  ratis.OzoneManagerRatisServer (OzoneManagerRatisServer.java:start(554)) - Starting OzoneManagerRatisServer omNode-3 at port 44469
2022-07-21 18:24:30,961 [omNode-3-impl-thread1] INFO  server.RaftServer$Division (RaftServerImpl.java:start(310)) - omNode-3@group-6C22E66A003A: start as a follower, conf=-1: [omNode-3|rpc:localhost:44469|priority:0, omNode-1|rpc:localhost:41041|priority:0, omNode-2|rpc:localhost:36377|priority:0], old=null
2022-07-21 18:24:30,961 [omNode-3-impl-thread1] INFO  server.RaftServer$Division (RaftServerImpl.java:setRole(299)) - omNode-3@group-6C22E66A003A: changes role from      null to FOLLOWER at term 0 for startAsFollower
2022-07-21 18:24:30,961 [omNode-3-impl-thread1] INFO  impl.RoleInfo (RoleInfo.java:updateAndGet(139)) - omNode-3: start omNode-3@group-6C22E66A003A-FollowerState
2022-07-21 18:24:30,961 [omNode-3-impl-thread1] INFO  util.JmxRegister (JmxRegister.java:tryRegister(44)) - Successfully registered JMX Bean with object name Ratis:service=RaftServer,group=group-6C22E66A003A,id=omNode-3
2022-07-21 18:24:30,963 [Listener at 127.0.0.1/34741] INFO  server.RaftServer (RaftServerProxy.java:lambda$start$6(382)) - omNode-3: start RPC server
2022-07-21 18:24:30,965 [Listener at 127.0.0.1/34741] INFO  server.GrpcService (GrpcService.java:startImpl(260)) - omNode-3: GrpcService started, listening on 44469
2022-07-21 18:24:30,966 [Listener at 127.0.0.1/34741] INFO  om.OzoneManager (OzoneManager.java:start(1483)) - Version File has different layout version (3) than OM DB (null). That is expected if this OM has never been finalized to a newer layout version.
2022-07-21 18:24:30,966 [org.apache.ratis.util.JvmPauseMonitor$$Lambda$519/1846153014@7e0ba4a6] INFO  util.JvmPauseMonitor (JvmPauseMonitor.java:run(103)) - JvmPauseMonitor-omNode-3: Started
2022-07-21 18:24:30,968 [Listener at 127.0.0.1/34741] INFO  http.BaseHttpServer (BaseHttpServer.java:newHttpServer2BuilderForOzone(209)) - Starting Web-server for ozoneManager at: http://0.0.0.0:33403
2022-07-21 18:24:30,968 [Listener at 127.0.0.1/34741] INFO  http.BaseHttpServer (BaseHttpServer.java:<init>(107)) - Hadoop Security Enabled: false Ozone Security Enabled: false Ozone HTTP Security Enabled: false 
2022-07-21 18:24:30,969 [Listener at 127.0.0.1/34741] INFO  server.AuthenticationFilter (AuthenticationFilter.java:constructSecretProvider(240)) - Unable to initialize FileSignerSecretProvider, falling back to use random secrets.
2022-07-21 18:24:30,970 [Listener at 127.0.0.1/34741] WARN  http.HttpRequestLog (HttpRequestLog.java:getRequestLog(103)) - Jetty request log can only be enabled using Log4j
2022-07-21 18:24:30,972 [Listener at 127.0.0.1/34741] INFO  http.HttpServer2 (HttpServer2.java:addGlobalFilter(1029)) - Added global filter 'safety' (class=org.apache.hadoop.hdds.server.http.HttpServer2$QuotingInputFilter)
2022-07-21 18:24:30,973 [Listener at 127.0.0.1/34741] INFO  http.HttpServer2 (HttpServer2.java:addFilter(1005)) - Added filter static_user_filter (class=org.apache.hadoop.http.lib.StaticUserWebFilter$StaticUserFilter) to context ozoneManager
2022-07-21 18:24:30,973 [Listener at 127.0.0.1/34741] INFO  http.HttpServer2 (HttpServer2.java:addFilter(1013)) - Added filter static_user_filter (class=org.apache.hadoop.http.lib.StaticUserWebFilter$StaticUserFilter) to context logs
2022-07-21 18:24:30,973 [Listener at 127.0.0.1/34741] INFO  http.HttpServer2 (HttpServer2.java:addFilter(1013)) - Added filter static_user_filter (class=org.apache.hadoop.http.lib.StaticUserWebFilter$StaticUserFilter) to context static
2022-07-21 18:24:30,975 [Listener at 127.0.0.1/34741] INFO  http.HttpServer2 (HttpServer2.java:bindListener(1248)) - Jetty bound to port 33403
2022-07-21 18:24:30,975 [Listener at 127.0.0.1/34741] INFO  server.Server (Server.java:doStart(375)) - jetty-9.4.43.v20210629; built: 2021-06-30T11:07:22.254Z; git: 526006ecfa3af7f1a27ef3a288e2bef7ea9dd7e8; jvm 1.8.0_332-b09
2022-07-21 18:24:30,977 [Listener at 127.0.0.1/34741] INFO  server.session (DefaultSessionIdManager.java:doStart(334)) - DefaultSessionIdManager workerName=node0
2022-07-21 18:24:30,977 [Listener at 127.0.0.1/34741] INFO  server.session (DefaultSessionIdManager.java:doStart(339)) - No SessionScavenger set, using defaults
2022-07-21 18:24:30,977 [Listener at 127.0.0.1/34741] INFO  server.session (HouseKeeper.java:startScavenging(132)) - node0 Scavenging every 600000ms
2022-07-21 18:24:30,978 [Listener at 127.0.0.1/34741] INFO  handler.ContextHandler (ContextHandler.java:doStart(915)) - Started o.e.j.s.ServletContextHandler@703d489e{logs,/logs,file:///home/runner/work/ozone/ozone/hadoop-ozone/integration-test/target/log,AVAILABLE}
2022-07-21 18:24:30,978 [Listener at 127.0.0.1/34741] INFO  handler.ContextHandler (ContextHandler.java:doStart(915)) - Started o.e.j.s.ServletContextHandler@c4c8bc1{static,/static,file:///home/runner/work/ozone/ozone/hadoop-ozone/integration-test/target/test-classes/webapps/static,AVAILABLE}
2022-07-21 18:24:30,982 [Listener at 127.0.0.1/34741] INFO  handler.ContextHandler (ContextHandler.java:doStart(915)) - Started o.e.j.w.WebAppContext@1483be5c{ozoneManager,/,file:///home/runner/work/ozone/ozone/hadoop-ozone/integration-test/target/test-classes/webapps/ozoneManager/,AVAILABLE}{file:/home/runner/work/ozone/ozone/hadoop-ozone/integration-test/target/test-classes/webapps/ozoneManager}
2022-07-21 18:24:30,983 [Listener at 127.0.0.1/34741] INFO  server.AbstractConnector (AbstractConnector.java:doStart(331)) - Started ServerConnector@50220a9{HTTP/1.1, (http/1.1)}{0.0.0.0:33403}
2022-07-21 18:24:30,983 [Listener at 127.0.0.1/34741] INFO  server.Server (Server.java:doStart(415)) - Started @23302ms
2022-07-21 18:24:30,984 [Listener at 127.0.0.1/34741] WARN  impl.MetricsSystemImpl (MetricsSystemImpl.java:register(279)) - Sink prometheus already exists!
2022-07-21 18:24:30,984 [Listener at 127.0.0.1/34741] INFO  http.BaseHttpServer (BaseHttpServer.java:updateConnectorAddress(329)) - HTTP server of ozoneManager listening at http://0.0.0.0:33403
2022-07-21 18:24:30,984 [IPC Server Responder] INFO  ipc.Server (Server.java:run(1507)) - IPC Server Responder: starting
2022-07-21 18:24:30,990 [IPC Server listener on 34741] INFO  ipc.Server (Server.java:run(1344)) - IPC Server listener on 34741: starting
2022-07-21 18:24:30,992 [Listener at 127.0.0.1/34741] INFO  om.OzoneManager (OzoneManager.java:startTrashEmptier(1907)) - Trash Interval set to 0. Files deleted won't move to trash
2022-07-21 18:24:30,993 [Listener at 127.0.0.1/34741] INFO  ozone.MiniOzoneHAClusterImpl (MiniOzoneHAClusterImpl.java:createOMService(527)) - Started OzoneManager omNode-3 RPC server at localhost/127.0.0.1:34741
2022-07-21 18:24:30,998 [org.apache.hadoop.util.JvmPauseMonitor$Monitor@462bdd7a] INFO  util.JvmPauseMonitor (JvmPauseMonitor.java:run(188)) - Starting JVM pause monitor
2022-07-21 18:24:31,022 [omNode-2@group-6C22E66A003A-FollowerState] INFO  impl.FollowerState (FollowerState.java:run(143)) - omNode-2@group-6C22E66A003A-FollowerState: change to CANDIDATE, lastRpcElapsedTime:1176149037ns, electionTimeout:1167ms
2022-07-21 18:24:31,023 [omNode-2@group-6C22E66A003A-FollowerState] INFO  impl.RoleInfo (RoleInfo.java:shutdownFollowerState(110)) - omNode-2: shutdown omNode-2@group-6C22E66A003A-FollowerState
2022-07-21 18:24:31,023 [omNode-2@group-6C22E66A003A-FollowerState] INFO  server.RaftServer$Division (RaftServerImpl.java:setRole(299)) - omNode-2@group-6C22E66A003A: changes role from  FOLLOWER to CANDIDATE at term 0 for changeToCandidate
2022-07-21 18:24:31,023 [omNode-2@group-6C22E66A003A-FollowerState] INFO  server.RaftServerConfigKeys (ConfUtils.java:logGet(46)) - raft.server.leaderelection.pre-vote = false (custom)
2022-07-21 18:24:31,023 [omNode-2@group-6C22E66A003A-FollowerState] INFO  impl.RoleInfo (RoleInfo.java:updateAndGet(139)) - omNode-2: start omNode-2@group-6C22E66A003A-LeaderElection5
2022-07-21 18:24:31,034 [omNode-2@group-6C22E66A003A-LeaderElection5] INFO  impl.LeaderElection (LeaderElection.java:askForVotes(310)) - omNode-2@group-6C22E66A003A-LeaderElection5 ELECTION round 0: submit vote requests at term 1 for -1: [omNode-3|rpc:localhost:44469|priority:0, omNode-1|rpc:localhost:41041|priority:0, omNode-2|rpc:localhost:36377|priority:0], old=null
2022-07-21 18:24:31,052 [grpc-default-executor-0] INFO  server.RaftServer$Division (RaftServerImpl.java:requestVote(1152)) - omNode-3@group-6C22E66A003A: receive requestVote(ELECTION, omNode-2, group-6C22E66A003A, 1, (t:0, i:~))
2022-07-21 18:24:31,054 [grpc-default-executor-0] INFO  impl.VoteContext (VoteContext.java:log(48)) - omNode-3@group-6C22E66A003A-FOLLOWER: accept ELECTION from omNode-2: our priority 0 <= candidate's priority 0
2022-07-21 18:24:31,055 [grpc-default-executor-0] INFO  server.RaftServer$Division (RaftServerImpl.java:setRole(299)) - omNode-3@group-6C22E66A003A: changes role from  FOLLOWER to FOLLOWER at term 1 for candidate:omNode-2
2022-07-21 18:24:31,055 [grpc-default-executor-0] INFO  impl.RoleInfo (RoleInfo.java:shutdownFollowerState(110)) - omNode-3: shutdown omNode-3@group-6C22E66A003A-FollowerState
2022-07-21 18:24:31,055 [omNode-3@group-6C22E66A003A-FollowerState] INFO  impl.FollowerState (FollowerState.java:run(152)) - omNode-3@group-6C22E66A003A-FollowerState was interrupted
2022-07-21 18:24:31,055 [grpc-default-executor-0] INFO  impl.RoleInfo (RoleInfo.java:updateAndGet(139)) - omNode-3: start omNode-3@group-6C22E66A003A-FollowerState
2022-07-21 18:24:31,071 [grpc-default-executor-2] INFO  server.RaftServer$Division (RaftServerImpl.java:requestVote(1152)) - omNode-1@group-6C22E66A003A: receive requestVote(ELECTION, omNode-2, group-6C22E66A003A, 1, (t:0, i:~))
2022-07-21 18:24:31,071 [grpc-default-executor-2] INFO  impl.VoteContext (VoteContext.java:log(48)) - omNode-1@group-6C22E66A003A-FOLLOWER: reject ELECTION from omNode-2: current term 2 > candidate's term 1
2022-07-21 18:24:31,074 [grpc-default-executor-2] INFO  server.RaftServer$Division (RaftServerImpl.java:requestVote(1184)) - omNode-1@group-6C22E66A003A replies to ELECTION vote request: omNode-2<-omNode-1#0:FAIL-t2. Peer's state: omNode-1@group-6C22E66A003A:t2, leader=null, voted=omNode-1, raftlog=omNode-1@group-6C22E66A003A-SegmentedRaftLog:OPENED:c-1, conf=-1: [omNode-3|rpc:localhost:44469|priority:0, omNode-1|rpc:localhost:41041|priority:0, omNode-2|rpc:localhost:36377|priority:0], old=null
2022-07-21 18:24:31,074 [grpc-default-executor-0] INFO  server.RaftServer$Division (RaftServerImpl.java:requestVote(1184)) - omNode-3@group-6C22E66A003A replies to ELECTION vote request: omNode-2<-omNode-3#0:OK-t1. Peer's state: omNode-3@group-6C22E66A003A:t1, leader=null, voted=omNode-2, raftlog=omNode-3@group-6C22E66A003A-SegmentedRaftLog:OPENED:c-1, conf=-1: [omNode-3|rpc:localhost:44469|priority:0, omNode-1|rpc:localhost:41041|priority:0, omNode-2|rpc:localhost:36377|priority:0], old=null
2022-07-21 18:24:31,081 [omNode-2@group-6C22E66A003A-LeaderElection5] INFO  impl.LeaderElection (LeaderElection.java:logAndReturn(90)) - omNode-2@group-6C22E66A003A-LeaderElection5: ELECTION PASSED received 1 response(s) and 0 exception(s):
2022-07-21 18:24:31,082 [omNode-2@group-6C22E66A003A-LeaderElection5] INFO  impl.LeaderElection (LeaderElection.java:logAndReturn(94)) -   Response 0: omNode-2<-omNode-3#0:OK-t1
2022-07-21 18:24:31,082 [omNode-2@group-6C22E66A003A-LeaderElection5] INFO  impl.LeaderElection (LeaderElection.java:askForVotes(312)) - omNode-2@group-6C22E66A003A-LeaderElection5 ELECTION round 0: result PASSED
2022-07-21 18:24:31,082 [omNode-2@group-6C22E66A003A-LeaderElection5] INFO  impl.RoleInfo (RoleInfo.java:shutdownLeaderElection(130)) - omNode-2: shutdown omNode-2@group-6C22E66A003A-LeaderElection5
2022-07-21 18:24:31,082 [omNode-2@group-6C22E66A003A-LeaderElection5] INFO  server.RaftServer$Division (RaftServerImpl.java:setRole(299)) - omNode-2@group-6C22E66A003A: changes role from CANDIDATE to LEADER at term 1 for changeToLeader
2022-07-21 18:24:31,082 [omNode-2@group-6C22E66A003A-LeaderElection5] INFO  server.RaftServer$Division (ServerState.java:setLeader(287)) - omNode-2@group-6C22E66A003A: change Leader from null to omNode-2 at term 1 for becomeLeader, leader elected after 1850ms
2022-07-21 18:24:31,082 [omNode-2@group-6C22E66A003A-LeaderElection5] INFO  server.RaftServerConfigKeys (ConfUtils.java:logGet(46)) - raft.server.staging.catchup.gap = 1000 (default)
2022-07-21 18:24:31,083 [omNode-2@group-6C22E66A003A-LeaderElection5] INFO  server.RaftServerConfigKeys (ConfUtils.java:logGet(46)) - raft.server.write.element-limit = 4096 (default)
2022-07-21 18:24:31,083 [omNode-2@group-6C22E66A003A-LeaderElection5] INFO  server.RaftServerConfigKeys (ConfUtils.java:logGet(46)) - raft.server.write.byte-limit = 64MB (=67108864) (default)
2022-07-21 18:24:31,084 [omNode-2@group-6C22E66A003A-LeaderElection5] INFO  server.RaftServerConfigKeys (ConfUtils.java:logGet(46)) - raft.server.watch.timeout = 10s (default)
2022-07-21 18:24:31,084 [omNode-2@group-6C22E66A003A-LeaderElection5] INFO  server.RaftServerConfigKeys (ConfUtils.java:logGet(46)) - raft.server.watch.timeout.denomination = 1s (default)
2022-07-21 18:24:31,084 [omNode-2@group-6C22E66A003A-LeaderElection5] INFO  server.RaftServerConfigKeys (ConfUtils.java:logGet(46)) - raft.server.watch.element-limit = 65536 (default)
2022-07-21 18:24:31,084 [omNode-2@group-6C22E66A003A-LeaderElection5] INFO  server.RaftServerConfigKeys (ConfUtils.java:logGet(46)) - raft.server.write.element-limit = 4096 (default)
2022-07-21 18:24:31,084 [omNode-2@group-6C22E66A003A-LeaderElection5] INFO  server.RaftServerConfigKeys (ConfUtils.java:logGet(46)) - raft.server.write.follower.gap.ratio.max = -1.0 (default)
2022-07-21 18:24:31,085 [omNode-2@group-6C22E66A003A-LeaderElection5] INFO  server.RaftServerConfigKeys (ConfUtils.java:logGet(46)) - raft.server.log.appender.snapshot.chunk.size.max = 16MB (=16777216) (default)
2022-07-21 18:24:31,085 [omNode-2@group-6C22E66A003A-LeaderElection5] INFO  server.RaftServerConfigKeys (ConfUtils.java:logGet(46)) - raft.server.log.appender.buffer.byte-limit = 33554432 (custom)
2022-07-21 18:24:31,085 [omNode-2@group-6C22E66A003A-LeaderElection5] INFO  server.RaftServerConfigKeys (ConfUtils.java:logGet(46)) - raft.server.log.appender.buffer.element-limit = 1024 (custom)
2022-07-21 18:24:31,085 [omNode-2@group-6C22E66A003A-LeaderElection5] INFO  grpc.GrpcConfigKeys (ConfUtils.java:logGet(46)) - raft.grpc.server.leader.outstanding.appends.max = 128 (default)
2022-07-21 18:24:31,085 [omNode-2@group-6C22E66A003A-LeaderElection5] INFO  server.RaftServerConfigKeys (ConfUtils.java:logGet(46)) - raft.server.rpc.request.timeout = 3000ms (default)
2022-07-21 18:24:31,085 [omNode-2@group-6C22E66A003A-LeaderElection5] INFO  server.RaftServerConfigKeys (ConfUtils.java:logGet(46)) - raft.server.log.appender.install.snapshot.enabled = false (custom)
2022-07-21 18:24:31,086 [omNode-2@group-6C22E66A003A-LeaderElection5] INFO  server.RaftServerConfigKeys (ConfUtils.java:logGet(46)) - raft.server.log.appender.snapshot.chunk.size.max = 16MB (=16777216) (default)
2022-07-21 18:24:31,086 [omNode-2@group-6C22E66A003A-LeaderElection5] INFO  server.RaftServerConfigKeys (ConfUtils.java:logGet(46)) - raft.server.log.appender.buffer.byte-limit = 33554432 (custom)
2022-07-21 18:24:31,086 [omNode-2@group-6C22E66A003A-LeaderElection5] INFO  server.RaftServerConfigKeys (ConfUtils.java:logGet(46)) - raft.server.log.appender.buffer.element-limit = 1024 (custom)
2022-07-21 18:24:31,086 [omNode-2@group-6C22E66A003A-LeaderElection5] INFO  grpc.GrpcConfigKeys (ConfUtils.java:logGet(46)) - raft.grpc.server.leader.outstanding.appends.max = 128 (default)
2022-07-21 18:24:31,093 [omNode-2@group-6C22E66A003A-LeaderElection5] INFO  server.RaftServerConfigKeys (ConfUtils.java:logGet(46)) - raft.server.rpc.request.timeout = 3000ms (default)
2022-07-21 18:24:31,093 [omNode-2@group-6C22E66A003A-LeaderElection5] INFO  server.RaftServerConfigKeys (ConfUtils.java:logGet(46)) - raft.server.log.appender.install.snapshot.enabled = false (custom)
2022-07-21 18:24:31,094 [omNode-2@group-6C22E66A003A-LeaderElection5] INFO  impl.RoleInfo (RoleInfo.java:updateAndGet(139)) - omNode-2: start omNode-2@group-6C22E66A003A-LeaderStateImpl
2022-07-21 18:24:31,094 [omNode-2@group-6C22E66A003A-LeaderElection5] INFO  segmented.SegmentedRaftLogWorker (SegmentedRaftLogWorker.java:startLogSegment(425)) - omNode-2@group-6C22E66A003A-SegmentedRaftLogWorker: Starting segment from index:0
2022-07-21 18:24:31,117 [omNode-2@group-6C22E66A003A-SegmentedRaftLogWorker] INFO  segmented.SegmentedRaftLogWorker (SegmentedRaftLogWorker.java:execute(629)) - omNode-2@group-6C22E66A003A-SegmentedRaftLogWorker: created new log segment /home/runner/work/ozone/ozone/hadoop-ozone/integration-test/target/test-dir/MiniOzoneClusterImpl-c56c5c68-8a55-4647-89a4-dc8bb834fa26/omNode-2/ratis/9c9825ce-8ba7-3ee6-a7c3-6c22e66a003a/current/log_inprogress_0
2022-07-21 18:24:31,135 [omNode-2@group-6C22E66A003A-LeaderElection5] INFO  server.RaftServer$Division (ServerState.java:setRaftConf(393)) - omNode-2@group-6C22E66A003A: set configuration 0: [omNode-3|rpc:localhost:44469|admin:|client:|dataStream:|priority:0, omNode-1|rpc:localhost:41041|admin:|client:|dataStream:|priority:0, omNode-2|rpc:localhost:36377|admin:|client:|dataStream:|priority:0], old=null
2022-07-21 18:24:31,139 [omNode-3-server-thread1] INFO  server.RaftServer$Division (ServerState.java:setLeader(287)) - omNode-3@group-6C22E66A003A: change Leader from null to omNode-2 at term 1 for appendEntries, leader elected after 878ms
2022-07-21 18:24:31,141 [omNode-2@group-6C22E66A003A-LeaderStateImpl] INFO  server.RaftServer$Division (ServerState.java:setLeader(287)) - omNode-2@group-6C22E66A003A: change Leader from omNode-2 to null at term 2 for updateCurrentTerm
2022-07-21 18:24:31,141 [omNode-2@group-6C22E66A003A-LeaderStateImpl] INFO  server.RaftServer$Division (RaftServerImpl.java:setRole(299)) - omNode-2@group-6C22E66A003A: changes role from    LEADER to FOLLOWER at term 2 for StepDownReason:HIGHER_TERM
2022-07-21 18:24:31,141 [omNode-2@group-6C22E66A003A-LeaderStateImpl] INFO  impl.RoleInfo (RoleInfo.java:shutdownLeaderState(93)) - omNode-2: shutdown omNode-2@group-6C22E66A003A-LeaderStateImpl
2022-07-21 18:24:31,145 [omNode-2@group-6C22E66A003A->omNode-3-GrpcLogAppender-LogAppenderDaemon] WARN  server.GrpcLogAppender (GrpcLogAppender.java:mayWait(171)) - omNode-2@group-6C22E66A003A->omNode-3-GrpcLogAppender: Wait interrupted by java.lang.InterruptedException
2022-07-21 18:24:31,146 [omNode-2@group-6C22E66A003A->omNode-1-GrpcLogAppender-LogAppenderDaemon] WARN  server.GrpcLogAppender (GrpcLogAppender.java:mayWait(171)) - omNode-2@group-6C22E66A003A->omNode-1-GrpcLogAppender: Wait interrupted by java.lang.InterruptedException
2022-07-21 18:24:31,136 [omNode-2@group-6C22E66A003A-StateMachineUpdater] INFO  ratis.OzoneManagerStateMachine (OzoneManagerStateMachine.java:notifyConfigurationChanged(192)) - Received Configuration change notification from Ratis. New Peer list:
[id: "omNode-3"
address: "localhost:44469"
, id: "omNode-1"
address: "localhost:41041"
, id: "omNode-2"
address: "localhost:36377"
]
2022-07-21 18:24:31,150 [grpc-default-executor-2] INFO  server.GrpcServerProtocolService (GrpcServerProtocolService.java:onCompleted(140)) - omNode-1: Completed APPEND_ENTRIES, lastRequest: omNode-2->omNode-1#1-t1,previous=(t:0, i:0),leaderCommit=-1,initializing? true,entries: size=1, first=(t:1, i:0), CONFIGURATIONENTRY
2022-07-21 18:24:31,155 [omNode-3-server-thread1] INFO  server.RaftServer$Division (ServerState.java:setRaftConf(393)) - omNode-3@group-6C22E66A003A: set configuration 0: [omNode-3|rpc:localhost:44469|admin:|client:|dataStream:|priority:0, omNode-1|rpc:localhost:41041|admin:|client:|dataStream:|priority:0, omNode-2|rpc:localhost:36377|admin:|client:|dataStream:|priority:0], old=null
2022-07-21 18:24:31,155 [omNode-3-server-thread1] INFO  segmented.SegmentedRaftLogWorker (SegmentedRaftLogWorker.java:startLogSegment(425)) - omNode-3@group-6C22E66A003A-SegmentedRaftLogWorker: Starting segment from index:0
2022-07-21 18:24:31,156 [grpc-default-executor-0] INFO  server.GrpcServerProtocolService (GrpcServerProtocolService.java:onCompleted(140)) - omNode-3: Completed APPEND_ENTRIES, lastRequest: omNode-2->omNode-3#1-t1,previous=(t:0, i:0),leaderCommit=-1,initializing? true,entries: size=1, first=(t:1, i:0), CONFIGURATIONENTRY
2022-07-21 18:24:31,158 [grpc-default-executor-2] INFO  server.GrpcLogAppender (GrpcLogAppender.java:onCompleted(339)) - omNode-2@group-6C22E66A003A->omNode-3-AppendLogResponseHandler: follower responses appendEntries COMPLETED
2022-07-21 18:24:31,160 [grpc-default-executor-2] INFO  leader.FollowerInfo (FollowerInfoImpl.java:lambda$new$0(48)) - omNode-2@group-6C22E66A003A->omNode-3: nextIndex: updateUnconditionally 1 -> 0
2022-07-21 18:24:31,169 [omNode-3@group-6C22E66A003A-SegmentedRaftLogWorker] INFO  segmented.SegmentedRaftLogWorker (SegmentedRaftLogWorker.java:execute(629)) - omNode-3@group-6C22E66A003A-SegmentedRaftLogWorker: created new log segment /home/runner/work/ozone/ozone/hadoop-ozone/integration-test/target/test-dir/MiniOzoneClusterImpl-c56c5c68-8a55-4647-89a4-dc8bb834fa26/omNode-3/ratis/9c9825ce-8ba7-3ee6-a7c3-6c22e66a003a/current/log_inprogress_0
2022-07-21 18:24:31,169 [omNode-2@group-6C22E66A003A-LeaderStateImpl] INFO  impl.PendingRequests (PendingRequests.java:sendNotLeaderResponses(282)) - omNode-2@group-6C22E66A003A-PendingRequests: sendNotLeaderResponses
2022-07-21 18:24:31,174 [omNode-2@group-6C22E66A003A-LeaderStateImpl] INFO  impl.RoleInfo (RoleInfo.java:updateAndGet(139)) - omNode-2: start omNode-2@group-6C22E66A003A-FollowerState
2022-07-21 18:24:31,191 [omNode-3@group-6C22E66A003A-StateMachineUpdater] INFO  ratis.OzoneManagerStateMachine (OzoneManagerStateMachine.java:notifyConfigurationChanged(192)) - Received Configuration change notification from Ratis. New Peer list:
[id: "omNode-3"
address: "localhost:44469"
, id: "omNode-1"
address: "localhost:41041"
, id: "omNode-2"
address: "localhost:36377"
]
2022-07-21 18:24:31,199 [grpc-default-executor-1] INFO  server.GrpcLogAppender (GrpcLogAppender.java:onCompleted(339)) - omNode-2@group-6C22E66A003A->omNode-1-AppendLogResponseHandler: follower responses appendEntries COMPLETED
2022-07-21 18:24:31,199 [grpc-default-executor-1] INFO  leader.FollowerInfo (FollowerInfoImpl.java:lambda$new$0(48)) - omNode-2@group-6C22E66A003A->omNode-1: nextIndex: updateUnconditionally 1 -> 0
2022-07-21 18:24:31,235 [Listener at 127.0.0.1/34741] WARN  impl.MetricRegistriesImpl (MetricRegistriesImpl.java:addReporterRegistration(111)) - New reporters are added after registries were created. Some metrics will be missing from the reporter. Please add reporter before adding any new registry.
2022-07-21 18:24:31,235 [Listener at 127.0.0.1/34741] WARN  impl.MetricRegistriesImpl (MetricRegistriesImpl.java:addReporterRegistration(111)) - New reporters are added after registries were created. Some metrics will be missing from the reporter. Please add reporter before adding any new registry.
2022-07-21 18:24:31,236 [Listener at 127.0.0.1/34741] INFO  impl.MetricsSystemImpl (MetricsSystemImpl.java:init(158)) - HddsDatanode metrics system started (again)
2022-07-21 18:24:31,254 [Listener at 127.0.0.1/34741] INFO  ozone.HddsDatanodeService (HddsDatanodeService.java:start(236)) - HddsDatanodeService host:fv-az378-305.ybd3ladzt0oermfo5oggoh5wqg.dx.internal.cloudapp.net ip:10.1.0.35
2022-07-21 18:24:31,303 [Listener at 127.0.0.1/34741] INFO  upgrade.AbstractLayoutVersionManager (AbstractLayoutVersionManager.java:init(83)) - Initializing Layout version manager with metadata layout = DATANODE_SCHEMA_V3 (version = 4), software layout = DATANODE_SCHEMA_V3 (version = 4)
2022-07-21 18:24:31,348 [Listener at 127.0.0.1/34741] INFO  reflections.Reflections (Reflections.java:scan(232)) - Reflections took 44 ms to scan 7 urls, producing 132 keys and 321 values 
2022-07-21 18:24:31,351 [Listener at 127.0.0.1/34741] INFO  ha.SCMNodeInfo (SCMNodeInfo.java:getPort(197)) - ConfigKey ozone.scm.client.address is deprecated, For configuring different ports for each SCM use PortConfigKey ozone.scm.client.port appended with serviceId and nodeId
2022-07-21 18:24:31,352 [Listener at 127.0.0.1/34741] INFO  ha.SCMNodeInfo (SCMNodeInfo.java:getPort(197)) - ConfigKey ozone.scm.block.client.address is deprecated, For configuring different ports for each SCM use PortConfigKey ozone.scm.block.client.port appended with serviceId and nodeId
2022-07-21 18:24:31,352 [Listener at 127.0.0.1/34741] INFO  ha.SCMNodeInfo (SCMNodeInfo.java:getPort(197)) - ConfigKey ozone.scm.datanode.address is deprecated, For configuring different ports for each SCM use PortConfigKey ozone.scm.datanode.port appended with serviceId and nodeId
2022-07-21 18:24:31,352 [Listener at 127.0.0.1/34741] INFO  ha.SCMNodeInfo (SCMNodeInfo.java:getPort(197)) - ConfigKey ozone.scm.client.address is deprecated, For configuring different ports for each SCM use PortConfigKey ozone.scm.client.port appended with serviceId and nodeId
2022-07-21 18:24:31,352 [Listener at 127.0.0.1/34741] INFO  ha.SCMNodeInfo (SCMNodeInfo.java:getPort(197)) - ConfigKey ozone.scm.block.client.address is deprecated, For configuring different ports for each SCM use PortConfigKey ozone.scm.block.client.port appended with serviceId and nodeId
2022-07-21 18:24:31,352 [Listener at 127.0.0.1/34741] INFO  ha.SCMNodeInfo (SCMNodeInfo.java:getPort(197)) - ConfigKey ozone.scm.datanode.address is deprecated, For configuring different ports for each SCM use PortConfigKey ozone.scm.datanode.port appended with serviceId and nodeId
2022-07-21 18:24:31,352 [Listener at 127.0.0.1/34741] INFO  ha.SCMNodeInfo (SCMNodeInfo.java:getPort(197)) - ConfigKey ozone.scm.client.address is deprecated, For configuring different ports for each SCM use PortConfigKey ozone.scm.client.port appended with serviceId and nodeId
2022-07-21 18:24:31,352 [Listener at 127.0.0.1/34741] INFO  ha.SCMNodeInfo (SCMNodeInfo.java:getPort(197)) - ConfigKey ozone.scm.block.client.address is deprecated, For configuring different ports for each SCM use PortConfigKey ozone.scm.block.client.port appended with serviceId and nodeId
2022-07-21 18:24:31,352 [Listener at 127.0.0.1/34741] INFO  ha.SCMNodeInfo (SCMNodeInfo.java:getPort(197)) - ConfigKey ozone.scm.datanode.address is deprecated, For configuring different ports for each SCM use PortConfigKey ozone.scm.datanode.port appended with serviceId and nodeId
2022-07-21 18:24:31,352 [Listener at 127.0.0.1/34741] INFO  statemachine.DatanodeStateMachine (DatanodeStateMachine.java:getEndPointTaskThreadPoolSize(237)) - Datanode State Machine Task Thread Pool size 4
2022-07-21 18:24:31,415 [Listener at 127.0.0.1/34741] INFO  volume.HddsVolume (HddsVolume.java:<init>(116)) - Creating HddsVolume: /home/runner/work/ozone/ozone/hadoop-ozone/integration-test/target/test-dir/MiniOzoneClusterImpl-c56c5c68-8a55-4647-89a4-dc8bb834fa26/datanode-0/data-0/containers/hdds of storage type : DISK capacity : 9223372036854775807
2022-07-21 18:24:31,417 [Listener at 127.0.0.1/34741] INFO  volume.MutableVolumeSet (MutableVolumeSet.java:initializeVolumeSet(174)) - Added Volume : /home/runner/work/ozone/ozone/hadoop-ozone/integration-test/target/test-dir/MiniOzoneClusterImpl-c56c5c68-8a55-4647-89a4-dc8bb834fa26/datanode-0/data-0/containers/hdds to VolumeSet
2022-07-21 18:24:31,418 [Listener at 127.0.0.1/34741] INFO  volume.ThrottledAsyncChecker (ThrottledAsyncChecker.java:schedule(141)) - Scheduling a check for /home/runner/work/ozone/ozone/hadoop-ozone/integration-test/target/test-dir/MiniOzoneClusterImpl-c56c5c68-8a55-4647-89a4-dc8bb834fa26/datanode-0/data-0/containers/hdds
2022-07-21 18:24:31,449 [Listener at 127.0.0.1/34741] INFO  volume.StorageVolumeChecker (StorageVolumeChecker.java:checkAllVolumes(202)) - Scheduled health check for volume /home/runner/work/ozone/ozone/hadoop-ozone/integration-test/target/test-dir/MiniOzoneClusterImpl-c56c5c68-8a55-4647-89a4-dc8bb834fa26/datanode-0/data-0/containers/hdds
2022-07-21 18:24:31,469 [Listener at 127.0.0.1/34741] INFO  volume.MutableVolumeSet (MutableVolumeSet.java:initializeVolumeSet(174)) - Added Volume : /home/runner/work/ozone/ozone/hadoop-ozone/integration-test/target/test-dir/MiniOzoneClusterImpl-c56c5c68-8a55-4647-89a4-dc8bb834fa26/datanode-0/data/ratis to VolumeSet
2022-07-21 18:24:31,470 [Listener at 127.0.0.1/34741] INFO  volume.ThrottledAsyncChecker (ThrottledAsyncChecker.java:schedule(141)) - Scheduling a check for /home/runner/work/ozone/ozone/hadoop-ozone/integration-test/target/test-dir/MiniOzoneClusterImpl-c56c5c68-8a55-4647-89a4-dc8bb834fa26/datanode-0/data/ratis
2022-07-21 18:24:31,470 [Listener at 127.0.0.1/34741] INFO  volume.StorageVolumeChecker (StorageVolumeChecker.java:checkAllVolumes(202)) - Scheduled health check for volume /home/runner/work/ozone/ozone/hadoop-ozone/integration-test/target/test-dir/MiniOzoneClusterImpl-c56c5c68-8a55-4647-89a4-dc8bb834fa26/datanode-0/data/ratis
2022-07-21 18:24:31,495 [Thread-704] INFO  ozoneimpl.ContainerReader (ContainerReader.java:readVolume(175)) - Finish verifying containers on volume /home/runner/work/ozone/ozone/hadoop-ozone/integration-test/target/test-dir/MiniOzoneClusterImpl-c56c5c68-8a55-4647-89a4-dc8bb834fa26/datanode-0/data-0/containers/hdds
2022-07-21 18:24:31,495 [Listener at 127.0.0.1/34741] INFO  ozoneimpl.OzoneContainer (OzoneContainer.java:buildContainerSet(299)) - Build ContainerSet costs 0s
2022-07-21 18:24:31,545 [Listener at 127.0.0.1/34741] INFO  audit.AuditLogger (AuditLogger.java:refreshDebugCmdSet(126)) - Refresh DebugCmdSet for DNAudit to [].
2022-07-21 18:24:31,575 [Listener at 127.0.0.1/34741] INFO  server.RaftServer (ConfUtils.java:logGet(46)) - raft.rpc.type = GRPC (default)
2022-07-21 18:24:31,576 [Listener at 127.0.0.1/34741] INFO  grpc.GrpcFactory (GrpcFactory.java:checkPooledByteBufAllocatorUseCacheForAllThreads(48)) - PERFORMANCE WARNING: useCacheForAllThreads is true that may cause Netty to create a lot garbage objects and, as a result, trigger GC.
	It is recommended to disable useCacheForAllThreads by setting -Dorg.apache.ratis.thirdparty.io.netty.allocator.useCacheForAllThreads=false in command line.
2022-07-21 18:24:31,576 [Listener at 127.0.0.1/34741] INFO  grpc.GrpcConfigKeys (ConfUtils.java:logGet(46)) - raft.grpc.admin.port = 0 (custom)
2022-07-21 18:24:31,576 [Listener at 127.0.0.1/34741] INFO  grpc.GrpcConfigKeys (ConfUtils.java:logGet(46)) - raft.grpc.client.port = 0 (custom)
2022-07-21 18:24:31,576 [Listener at 127.0.0.1/34741] INFO  grpc.GrpcConfigKeys (ConfUtils.java:logGet(46)) - raft.grpc.server.port = 0 (default)
2022-07-21 18:24:31,576 [Listener at 127.0.0.1/34741] INFO  server.GrpcService (ConfUtils.java:logGet(46)) - raft.grpc.message.size.max = 32MB (=33554432) (custom)
2022-07-21 18:24:31,576 [Listener at 127.0.0.1/34741] INFO  server.RaftServerConfigKeys (ConfUtils.java:logGet(46)) - raft.server.log.appender.buffer.byte-limit = 33554432 (custom)
2022-07-21 18:24:31,576 [Listener at 127.0.0.1/34741] INFO  server.GrpcService (ConfUtils.java:logGet(46)) - raft.grpc.flow.control.window = 5MB (=5242880) (custom)
2022-07-21 18:24:31,576 [Listener at 127.0.0.1/34741] INFO  server.RaftServerConfigKeys (ConfUtils.java:logGet(46)) - raft.server.rpc.request.timeout = 60s (custom)
2022-07-21 18:24:31,577 [Listener at 127.0.0.1/34741] INFO  grpc.GrpcConfigKeys (ConfUtils.java:logGet(46)) - raft.grpc.server.async.request.thread.pool.cached = true (default)
2022-07-21 18:24:31,577 [Listener at 127.0.0.1/34741] INFO  grpc.GrpcConfigKeys (ConfUtils.java:logGet(46)) - raft.grpc.server.async.request.thread.pool.size = 32 (default)
2022-07-21 18:24:31,578 [Listener at 127.0.0.1/34741] INFO  impl.DataStreamServerImpl (ConfUtils.java:logGet(46)) - raft.datastream.type = DISABLED (default)
2022-07-21 18:24:31,578 [Listener at 127.0.0.1/34741] INFO  server.RaftServerConfigKeys (ConfUtils.java:logGet(46)) - raft.server.threadpool.proxy.cached = true (default)
2022-07-21 18:24:31,578 [Listener at 127.0.0.1/34741] INFO  server.RaftServerConfigKeys (ConfUtils.java:logGet(46)) - raft.server.threadpool.proxy.size = 0 (default)
2022-07-21 18:24:31,578 [Listener at 127.0.0.1/34741] INFO  server.RaftServerConfigKeys (ConfUtils.java:logGet(46)) - raft.server.rpc.slowness.timeout = 300s (custom)
2022-07-21 18:24:31,578 [Listener at 127.0.0.1/34741] INFO  server.RaftServerConfigKeys (ConfUtils.java:logGet(46)) - raft.server.leaderelection.leader.step-down.wait-time = 10s (default)
2022-07-21 18:24:31,578 [Listener at 127.0.0.1/34741] INFO  server.RaftServerConfigKeys (ConfUtils.java:logGet(46)) - raft.server.storage.dir = [/home/runner/work/ozone/ozone/hadoop-ozone/integration-test/target/test-dir/MiniOzoneClusterImpl-c56c5c68-8a55-4647-89a4-dc8bb834fa26/datanode-0/data/ratis] (custom)
2022-07-21 18:24:31,608 [Listener at 127.0.0.1/34741] INFO  server.XceiverServerGrpc (XceiverServerGrpc.java:<init>(132)) - GrpcServer channel type EpollServerSocketChannel
2022-07-21 18:24:31,677 [Listener at 127.0.0.1/34741] INFO  http.BaseHttpServer (BaseHttpServer.java:newHttpServer2BuilderForOzone(209)) - Starting Web-server for hddsDatanode at: http://0.0.0.0:0
2022-07-21 18:24:31,677 [Listener at 127.0.0.1/34741] INFO  http.BaseHttpServer (BaseHttpServer.java:<init>(107)) - Hadoop Security Enabled: false Ozone Security Enabled: false Ozone HTTP Security Enabled: false 
2022-07-21 18:24:31,679 [Listener at 127.0.0.1/34741] INFO  server.AuthenticationFilter (AuthenticationFilter.java:constructSecretProvider(240)) - Unable to initialize FileSignerSecretProvider, falling back to use random secrets.
2022-07-21 18:24:31,679 [Listener at 127.0.0.1/34741] WARN  http.HttpRequestLog (HttpRequestLog.java:getRequestLog(103)) - Jetty request log can only be enabled using Log4j
2022-07-21 18:24:31,680 [Listener at 127.0.0.1/34741] INFO  http.HttpServer2 (HttpServer2.java:addGlobalFilter(1029)) - Added global filter 'safety' (class=org.apache.hadoop.hdds.server.http.HttpServer2$QuotingInputFilter)
2022-07-21 18:24:31,682 [Listener at 127.0.0.1/34741] INFO  http.HttpServer2 (HttpServer2.java:addFilter(1005)) - Added filter static_user_filter (class=org.apache.hadoop.http.lib.StaticUserWebFilter$StaticUserFilter) to context hddsDatanode
2022-07-21 18:24:31,682 [Listener at 127.0.0.1/34741] INFO  http.HttpServer2 (HttpServer2.java:addFilter(1013)) - Added filter static_user_filter (class=org.apache.hadoop.http.lib.StaticUserWebFilter$StaticUserFilter) to context logs
2022-07-21 18:24:31,683 [Listener at 127.0.0.1/34741] INFO  http.HttpServer2 (HttpServer2.java:addFilter(1013)) - Added filter static_user_filter (class=org.apache.hadoop.http.lib.StaticUserWebFilter$StaticUserFilter) to context static
2022-07-21 18:24:31,683 [Listener at 127.0.0.1/34741] INFO  http.HttpServer2 (HttpServer2.java:bindListener(1248)) - Jetty bound to port 36355
2022-07-21 18:24:31,683 [Listener at 127.0.0.1/34741] INFO  server.Server (Server.java:doStart(375)) - jetty-9.4.43.v20210629; built: 2021-06-30T11:07:22.254Z; git: 526006ecfa3af7f1a27ef3a288e2bef7ea9dd7e8; jvm 1.8.0_332-b09
2022-07-21 18:24:31,685 [Listener at 127.0.0.1/34741] INFO  server.session (DefaultSessionIdManager.java:doStart(334)) - DefaultSessionIdManager workerName=node0
2022-07-21 18:24:31,685 [Listener at 127.0.0.1/34741] INFO  server.session (DefaultSessionIdManager.java:doStart(339)) - No SessionScavenger set, using defaults
2022-07-21 18:24:31,685 [Listener at 127.0.0.1/34741] INFO  server.session (HouseKeeper.java:startScavenging(132)) - node0 Scavenging every 600000ms
2022-07-21 18:24:31,687 [Listener at 127.0.0.1/34741] INFO  handler.ContextHandler (ContextHandler.java:doStart(915)) - Started o.e.j.s.ServletContextHandler@4a6ab618{logs,/logs,file:///home/runner/work/ozone/ozone/hadoop-ozone/integration-test/target/log,AVAILABLE}
2022-07-21 18:24:31,687 [Listener at 127.0.0.1/34741] INFO  handler.ContextHandler (ContextHandler.java:doStart(915)) - Started o.e.j.s.ServletContextHandler@3d937d3b{static,/static,jar:file:/home/runner/.m2/repository/org/apache/ozone/hdds-container-service/1.3.0-SNAPSHOT/hdds-container-service-1.3.0-SNAPSHOT.jar!/webapps/static,AVAILABLE}
2022-07-21 18:24:31,906 [Listener at 127.0.0.1/34741] INFO  handler.ContextHandler (ContextHandler.java:doStart(915)) - Started o.e.j.w.WebAppContext@65276985{hddsDatanode,/,file:///tmp/jetty-0_0_0_0-36355-hdds-container-service-1_3_0-SNAPSHOT_jar-_-any-9036464827738332487/webapp/,AVAILABLE}{jar:file:/home/runner/.m2/repository/org/apache/ozone/hdds-container-service/1.3.0-SNAPSHOT/hdds-container-service-1.3.0-SNAPSHOT.jar!/webapps/hddsDatanode}
2022-07-21 18:24:31,908 [Listener at 127.0.0.1/34741] INFO  server.AbstractConnector (AbstractConnector.java:doStart(331)) - Started ServerConnector@396cc77c{HTTP/1.1, (http/1.1)}{0.0.0.0:36355}
2022-07-21 18:24:31,909 [Listener at 127.0.0.1/34741] INFO  server.Server (Server.java:doStart(415)) - Started @24228ms
2022-07-21 18:24:31,909 [Listener at 127.0.0.1/34741] WARN  impl.MetricsSystemImpl (MetricsSystemImpl.java:register(279)) - Sink prometheus already exists!
2022-07-21 18:24:31,909 [Listener at 127.0.0.1/34741] INFO  http.BaseHttpServer (BaseHttpServer.java:updateConnectorAddress(329)) - HTTP server of hddsDatanode listening at http://0.0.0.0:36355
2022-07-21 18:24:31,915 [Listener at 127.0.0.1/34741] WARN  impl.MetricRegistriesImpl (MetricRegistriesImpl.java:addReporterRegistration(111)) - New reporters are added after registries were created. Some metrics will be missing from the reporter. Please add reporter before adding any new registry.
2022-07-21 18:24:31,915 [Listener at 127.0.0.1/34741] WARN  impl.MetricRegistriesImpl (MetricRegistriesImpl.java:addReporterRegistration(111)) - New reporters are added after registries were created. Some metrics will be missing from the reporter. Please add reporter before adding any new registry.
2022-07-21 18:24:31,915 [Listener at 127.0.0.1/34741] INFO  impl.MetricsSystemImpl (MetricsSystemImpl.java:init(158)) - HddsDatanode metrics system started (again)
2022-07-21 18:24:31,913 [Datanode State Machine Daemon Thread] INFO  statemachine.DatanodeStateMachine (DatanodeStateMachine.java:lambda$startDaemon$0(492)) - Ozone container server started.
2022-07-21 18:24:31,928 [Listener at 127.0.0.1/34741] INFO  ozone.HddsDatanodeService (HddsDatanodeService.java:start(236)) - HddsDatanodeService host:fv-az378-305.ybd3ladzt0oermfo5oggoh5wqg.dx.internal.cloudapp.net ip:10.1.0.35
2022-07-21 18:24:31,950 [org.apache.hadoop.util.JvmPauseMonitor$Monitor@749eb2a0] INFO  util.JvmPauseMonitor (JvmPauseMonitor.java:run(188)) - Starting JVM pause monitor
2022-07-21 18:24:31,950 [Datanode State Machine Task Thread - 0] INFO  ha.SCMNodeInfo (SCMNodeInfo.java:getPort(197)) - ConfigKey ozone.scm.client.address is deprecated, For configuring different ports for each SCM use PortConfigKey ozone.scm.client.port appended with serviceId and nodeId
2022-07-21 18:24:31,952 [Datanode State Machine Task Thread - 0] INFO  ha.SCMNodeInfo (SCMNodeInfo.java:getPort(197)) - ConfigKey ozone.scm.block.client.address is deprecated, For configuring different ports for each SCM use PortConfigKey ozone.scm.block.client.port appended with serviceId and nodeId
2022-07-21 18:24:31,954 [Datanode State Machine Task Thread - 0] INFO  ha.SCMNodeInfo (SCMNodeInfo.java:getPort(197)) - ConfigKey ozone.scm.datanode.address is deprecated, For configuring different ports for each SCM use PortConfigKey ozone.scm.datanode.port appended with serviceId and nodeId
2022-07-21 18:24:31,954 [Datanode State Machine Task Thread - 0] INFO  ha.SCMNodeInfo (SCMNodeInfo.java:getPort(197)) - ConfigKey ozone.scm.client.address is deprecated, For configuring different ports for each SCM use PortConfigKey ozone.scm.client.port appended with serviceId and nodeId
2022-07-21 18:24:31,954 [Datanode State Machine Task Thread - 0] INFO  ha.SCMNodeInfo (SCMNodeInfo.java:getPort(197)) - ConfigKey ozone.scm.block.client.address is deprecated, For configuring different ports for each SCM use PortConfigKey ozone.scm.block.client.port appended with serviceId and nodeId
2022-07-21 18:24:31,954 [Datanode State Machine Task Thread - 0] INFO  ha.SCMNodeInfo (SCMNodeInfo.java:getPort(197)) - ConfigKey ozone.scm.datanode.address is deprecated, For configuring different ports for each SCM use PortConfigKey ozone.scm.datanode.port appended with serviceId and nodeId
2022-07-21 18:24:31,954 [Datanode State Machine Task Thread - 0] INFO  ha.SCMNodeInfo (SCMNodeInfo.java:getPort(197)) - ConfigKey ozone.scm.client.address is deprecated, For configuring different ports for each SCM use PortConfigKey ozone.scm.client.port appended with serviceId and nodeId
2022-07-21 18:24:31,954 [Datanode State Machine Task Thread - 0] INFO  ha.SCMNodeInfo (SCMNodeInfo.java:getPort(197)) - ConfigKey ozone.scm.block.client.address is deprecated, For configuring different ports for each SCM use PortConfigKey ozone.scm.block.client.port appended with serviceId and nodeId
2022-07-21 18:24:31,955 [Datanode State Machine Task Thread - 0] INFO  ha.SCMNodeInfo (SCMNodeInfo.java:getPort(197)) - ConfigKey ozone.scm.datanode.address is deprecated, For configuring different ports for each SCM use PortConfigKey ozone.scm.datanode.port appended with serviceId and nodeId
2022-07-21 18:24:31,974 [Listener at 127.0.0.1/34741] INFO  upgrade.AbstractLayoutVersionManager (AbstractLayoutVersionManager.java:init(83)) - Initializing Layout version manager with metadata layout = DATANODE_SCHEMA_V3 (version = 4), software layout = DATANODE_SCHEMA_V3 (version = 4)
2022-07-21 18:24:32,000 [omNode-1@group-6C22E66A003A-FollowerState] INFO  impl.FollowerState (FollowerState.java:run(143)) - omNode-1@group-6C22E66A003A-FollowerState: change to CANDIDATE, lastRpcElapsedTime:1152615561ns, electionTimeout:1137ms
2022-07-21 18:24:32,000 [omNode-1@group-6C22E66A003A-FollowerState] INFO  impl.RoleInfo (RoleInfo.java:shutdownFollowerState(110)) - omNode-1: shutdown omNode-1@group-6C22E66A003A-FollowerState
2022-07-21 18:24:32,000 [omNode-1@group-6C22E66A003A-FollowerState] INFO  server.RaftServer$Division (RaftServerImpl.java:setRole(299)) - omNode-1@group-6C22E66A003A: changes role from  FOLLOWER to CANDIDATE at term 2 for changeToCandidate
2022-07-21 18:24:32,000 [omNode-1@group-6C22E66A003A-FollowerState] INFO  server.RaftServerConfigKeys (ConfUtils.java:logGet(46)) - raft.server.leaderelection.pre-vote = false (custom)
2022-07-21 18:24:32,001 [omNode-1@group-6C22E66A003A-FollowerState] INFO  impl.RoleInfo (RoleInfo.java:updateAndGet(139)) - omNode-1: start omNode-1@group-6C22E66A003A-LeaderElection6
2022-07-21 18:24:32,023 [omNode-1@group-6C22E66A003A-LeaderElection6] INFO  impl.LeaderElection (LeaderElection.java:askForVotes(310)) - omNode-1@group-6C22E66A003A-LeaderElection6 ELECTION round 0: submit vote requests at term 3 for -1: [omNode-3|rpc:localhost:44469|priority:0, omNode-1|rpc:localhost:41041|priority:0, omNode-2|rpc:localhost:36377|priority:0], old=null
2022-07-21 18:24:32,053 [Listener at 127.0.0.1/34741] INFO  reflections.Reflections (Reflections.java:scan(232)) - Reflections took 78 ms to scan 7 urls, producing 132 keys and 321 values 
2022-07-21 18:24:32,054 [Listener at 127.0.0.1/34741] INFO  ha.SCMNodeInfo (SCMNodeInfo.java:getPort(197)) - ConfigKey ozone.scm.client.address is deprecated, For configuring different ports for each SCM use PortConfigKey ozone.scm.client.port appended with serviceId and nodeId
2022-07-21 18:24:32,054 [Listener at 127.0.0.1/34741] INFO  ha.SCMNodeInfo (SCMNodeInfo.java:getPort(197)) - ConfigKey ozone.scm.block.client.address is deprecated, For configuring different ports for each SCM use PortConfigKey ozone.scm.block.client.port appended with serviceId and nodeId
2022-07-21 18:24:32,054 [Listener at 127.0.0.1/34741] INFO  ha.SCMNodeInfo (SCMNodeInfo.java:getPort(197)) - ConfigKey ozone.scm.datanode.address is deprecated, For configuring different ports for each SCM use PortConfigKey ozone.scm.datanode.port appended with serviceId and nodeId
2022-07-21 18:24:32,054 [Listener at 127.0.0.1/34741] INFO  ha.SCMNodeInfo (SCMNodeInfo.java:getPort(197)) - ConfigKey ozone.scm.client.address is deprecated, For configuring different ports for each SCM use PortConfigKey ozone.scm.client.port appended with serviceId and nodeId
2022-07-21 18:24:32,054 [Listener at 127.0.0.1/34741] INFO  ha.SCMNodeInfo (SCMNodeInfo.java:getPort(197)) - ConfigKey ozone.scm.block.client.address is deprecated, For configuring different ports for each SCM use PortConfigKey ozone.scm.block.client.port appended with serviceId and nodeId
2022-07-21 18:24:32,055 [Listener at 127.0.0.1/34741] INFO  ha.SCMNodeInfo (SCMNodeInfo.java:getPort(197)) - ConfigKey ozone.scm.datanode.address is deprecated, For configuring different ports for each SCM use PortConfigKey ozone.scm.datanode.port appended with serviceId and nodeId
2022-07-21 18:24:32,055 [Listener at 127.0.0.1/34741] INFO  ha.SCMNodeInfo (SCMNodeInfo.java:getPort(197)) - ConfigKey ozone.scm.client.address is deprecated, For configuring different ports for each SCM use PortConfigKey ozone.scm.client.port appended with serviceId and nodeId
2022-07-21 18:24:32,055 [Listener at 127.0.0.1/34741] INFO  ha.SCMNodeInfo (SCMNodeInfo.java:getPort(197)) - ConfigKey ozone.scm.block.client.address is deprecated, For configuring different ports for each SCM use PortConfigKey ozone.scm.block.client.port appended with serviceId and nodeId
2022-07-21 18:24:32,055 [Listener at 127.0.0.1/34741] INFO  ha.SCMNodeInfo (SCMNodeInfo.java:getPort(197)) - ConfigKey ozone.scm.datanode.address is deprecated, For configuring different ports for each SCM use PortConfigKey ozone.scm.datanode.port appended with serviceId and nodeId
2022-07-21 18:24:32,055 [Listener at 127.0.0.1/34741] INFO  statemachine.DatanodeStateMachine (DatanodeStateMachine.java:getEndPointTaskThreadPoolSize(237)) - Datanode State Machine Task Thread Pool size 4
2022-07-21 18:24:32,069 [Listener at 127.0.0.1/34741] INFO  volume.HddsVolume (HddsVolume.java:<init>(116)) - Creating HddsVolume: /home/runner/work/ozone/ozone/hadoop-ozone/integration-test/target/test-dir/MiniOzoneClusterImpl-c56c5c68-8a55-4647-89a4-dc8bb834fa26/datanode-1/data-0/containers/hdds of storage type : DISK capacity : 9223372036854775807
2022-07-21 18:24:32,070 [Listener at 127.0.0.1/34741] INFO  volume.MutableVolumeSet (MutableVolumeSet.java:initializeVolumeSet(174)) - Added Volume : /home/runner/work/ozone/ozone/hadoop-ozone/integration-test/target/test-dir/MiniOzoneClusterImpl-c56c5c68-8a55-4647-89a4-dc8bb834fa26/datanode-1/data-0/containers/hdds to VolumeSet
2022-07-21 18:24:32,070 [Listener at 127.0.0.1/34741] INFO  volume.ThrottledAsyncChecker (ThrottledAsyncChecker.java:schedule(141)) - Scheduling a check for /home/runner/work/ozone/ozone/hadoop-ozone/integration-test/target/test-dir/MiniOzoneClusterImpl-c56c5c68-8a55-4647-89a4-dc8bb834fa26/datanode-1/data-0/containers/hdds
2022-07-21 18:24:32,070 [grpc-default-executor-0] INFO  server.RaftServer$Division (RaftServerImpl.java:requestVote(1152)) - omNode-3@group-6C22E66A003A: receive requestVote(ELECTION, omNode-1, group-6C22E66A003A, 3, (t:0, i:~))
2022-07-21 18:24:32,071 [grpc-default-executor-0] INFO  impl.VoteContext (VoteContext.java:log(48)) - omNode-3@group-6C22E66A003A-FOLLOWER: reject ELECTION from omNode-1: our last entry (t:1, i:0) > candidate's last entry (t:0, i:~)
2022-07-21 18:24:32,071 [grpc-default-executor-0] INFO  server.RaftServer$Division (ServerState.java:setLeader(287)) - omNode-3@group-6C22E66A003A: change Leader from omNode-2 to null at term 3 for updateCurrentTerm
2022-07-21 18:24:32,071 [grpc-default-executor-0] INFO  server.RaftServer$Division (RaftServerImpl.java:setRole(299)) - omNode-3@group-6C22E66A003A: changes role from  FOLLOWER to FOLLOWER at term 3 for candidate:omNode-1
2022-07-21 18:24:32,071 [grpc-default-executor-0] INFO  impl.RoleInfo (RoleInfo.java:shutdownFollowerState(110)) - omNode-3: shutdown omNode-3@group-6C22E66A003A-FollowerState
2022-07-21 18:24:32,071 [grpc-default-executor-1] INFO  server.RaftServer$Division (RaftServerImpl.java:requestVote(1152)) - omNode-2@group-6C22E66A003A: receive requestVote(ELECTION, omNode-1, group-6C22E66A003A, 3, (t:0, i:~))
2022-07-21 18:24:32,071 [grpc-default-executor-1] INFO  impl.VoteContext (VoteContext.java:log(48)) - omNode-2@group-6C22E66A003A-FOLLOWER: reject ELECTION from omNode-1: our last entry (t:1, i:0) > candidate's last entry (t:0, i:~)
2022-07-21 18:24:32,071 [grpc-default-executor-1] INFO  server.RaftServer$Division (RaftServerImpl.java:setRole(299)) - omNode-2@group-6C22E66A003A: changes role from  FOLLOWER to FOLLOWER at term 3 for candidate:omNode-1
2022-07-21 18:24:32,071 [grpc-default-executor-1] INFO  impl.RoleInfo (RoleInfo.java:shutdownFollowerState(110)) - omNode-2: shutdown omNode-2@group-6C22E66A003A-FollowerState
2022-07-21 18:24:32,088 [Listener at 127.0.0.1/34741] INFO  volume.StorageVolumeChecker (StorageVolumeChecker.java:checkAllVolumes(202)) - Scheduled health check for volume /home/runner/work/ozone/ozone/hadoop-ozone/integration-test/target/test-dir/MiniOzoneClusterImpl-c56c5c68-8a55-4647-89a4-dc8bb834fa26/datanode-1/data-0/containers/hdds
2022-07-21 18:24:32,092 [grpc-default-executor-1] INFO  impl.RoleInfo (RoleInfo.java:updateAndGet(139)) - omNode-2: start omNode-2@group-6C22E66A003A-FollowerState
2022-07-21 18:24:32,092 [grpc-default-executor-0] INFO  impl.RoleInfo (RoleInfo.java:updateAndGet(139)) - omNode-3: start omNode-3@group-6C22E66A003A-FollowerState
2022-07-21 18:24:32,092 [omNode-2@group-6C22E66A003A-FollowerState] INFO  impl.FollowerState (FollowerState.java:run(152)) - omNode-2@group-6C22E66A003A-FollowerState was interrupted
2022-07-21 18:24:32,092 [omNode-3@group-6C22E66A003A-FollowerState] INFO  impl.FollowerState (FollowerState.java:run(152)) - omNode-3@group-6C22E66A003A-FollowerState was interrupted
2022-07-21 18:24:32,101 [grpc-default-executor-1] INFO  server.RaftServer$Division (RaftServerImpl.java:requestVote(1184)) - omNode-2@group-6C22E66A003A replies to ELECTION vote request: omNode-1<-omNode-2#0:FAIL-t3. Peer's state: omNode-2@group-6C22E66A003A:t3, leader=null, voted=null, raftlog=omNode-2@group-6C22E66A003A-SegmentedRaftLog:OPENED:c0, conf=0: [omNode-3|rpc:localhost:44469|admin:|client:|dataStream:|priority:0, omNode-1|rpc:localhost:41041|admin:|client:|dataStream:|priority:0, omNode-2|rpc:localhost:36377|admin:|client:|dataStream:|priority:0], old=null
2022-07-21 18:24:32,111 [grpc-default-executor-0] INFO  server.RaftServer$Division (RaftServerImpl.java:requestVote(1184)) - omNode-3@group-6C22E66A003A replies to ELECTION vote request: omNode-1<-omNode-3#0:FAIL-t3. Peer's state: omNode-3@group-6C22E66A003A:t3, leader=null, voted=null, raftlog=omNode-3@group-6C22E66A003A-SegmentedRaftLog:OPENED:c0, conf=0: [omNode-3|rpc:localhost:44469|admin:|client:|dataStream:|priority:0, omNode-1|rpc:localhost:41041|admin:|client:|dataStream:|priority:0, omNode-2|rpc:localhost:36377|admin:|client:|dataStream:|priority:0], old=null
2022-07-21 18:24:32,113 [omNode-1@group-6C22E66A003A-LeaderElection6] INFO  impl.LeaderElection (LeaderElection.java:logAndReturn(90)) - omNode-1@group-6C22E66A003A-LeaderElection6: ELECTION REJECTED received 2 response(s) and 0 exception(s):
2022-07-21 18:24:32,134 [omNode-1@group-6C22E66A003A-LeaderElection6] INFO  impl.LeaderElection (LeaderElection.java:logAndReturn(94)) -   Response 0: omNode-1<-omNode-3#0:FAIL-t3
2022-07-21 18:24:32,134 [omNode-1@group-6C22E66A003A-LeaderElection6] INFO  impl.LeaderElection (LeaderElection.java:logAndReturn(94)) -   Response 1: omNode-1<-omNode-2#0:FAIL-t3
2022-07-21 18:24:32,134 [omNode-1@group-6C22E66A003A-LeaderElection6] INFO  impl.LeaderElection (LeaderElection.java:askForVotes(312)) - omNode-1@group-6C22E66A003A-LeaderElection6 ELECTION round 0: result REJECTED
2022-07-21 18:24:32,134 [omNode-1@group-6C22E66A003A-LeaderElection6] INFO  server.RaftServer$Division (RaftServerImpl.java:setRole(299)) - omNode-1@group-6C22E66A003A: changes role from CANDIDATE to FOLLOWER at term 3 for REJECTED
2022-07-21 18:24:32,134 [omNode-1@group-6C22E66A003A-LeaderElection6] INFO  impl.RoleInfo (RoleInfo.java:shutdownLeaderElection(130)) - omNode-1: shutdown omNode-1@group-6C22E66A003A-LeaderElection6
2022-07-21 18:24:32,134 [omNode-1@group-6C22E66A003A-LeaderElection6] INFO  impl.RoleInfo (RoleInfo.java:updateAndGet(139)) - omNode-1: start omNode-1@group-6C22E66A003A-FollowerState
2022-07-21 18:24:32,114 [Listener at 127.0.0.1/34741] INFO  volume.MutableVolumeSet (MutableVolumeSet.java:initializeVolumeSet(174)) - Added Volume : /home/runner/work/ozone/ozone/hadoop-ozone/integration-test/target/test-dir/MiniOzoneClusterImpl-c56c5c68-8a55-4647-89a4-dc8bb834fa26/datanode-1/data/ratis to VolumeSet
2022-07-21 18:24:32,156 [Listener at 127.0.0.1/34741] INFO  volume.ThrottledAsyncChecker (ThrottledAsyncChecker.java:schedule(141)) - Scheduling a check for /home/runner/work/ozone/ozone/hadoop-ozone/integration-test/target/test-dir/MiniOzoneClusterImpl-c56c5c68-8a55-4647-89a4-dc8bb834fa26/datanode-1/data/ratis
2022-07-21 18:24:32,156 [Listener at 127.0.0.1/34741] INFO  volume.StorageVolumeChecker (StorageVolumeChecker.java:checkAllVolumes(202)) - Scheduled health check for volume /home/runner/work/ozone/ozone/hadoop-ozone/integration-test/target/test-dir/MiniOzoneClusterImpl-c56c5c68-8a55-4647-89a4-dc8bb834fa26/datanode-1/data/ratis
2022-07-21 18:24:32,170 [Datanode State Machine Task Thread - 0] INFO  datanode.InitDatanodeState (InitDatanodeState.java:persistContainerDatanodeDetails(138)) - DatanodeDetails is persisted to /home/runner/work/ozone/ozone/hadoop-ozone/integration-test/target/test-dir/MiniOzoneClusterImpl-c56c5c68-8a55-4647-89a4-dc8bb834fa26/datanode-0/meta/datanode.id
2022-07-21 18:24:32,180 [Thread-725] INFO  ozoneimpl.ContainerReader (ContainerReader.java:readVolume(175)) - Finish verifying containers on volume /home/runner/work/ozone/ozone/hadoop-ozone/integration-test/target/test-dir/MiniOzoneClusterImpl-c56c5c68-8a55-4647-89a4-dc8bb834fa26/datanode-1/data-0/containers/hdds
2022-07-21 18:24:32,181 [Listener at 127.0.0.1/34741] INFO  ozoneimpl.OzoneContainer (OzoneContainer.java:buildContainerSet(299)) - Build ContainerSet costs 0s
2022-07-21 18:24:32,184 [Listener at 127.0.0.1/34741] INFO  server.RaftServer (ConfUtils.java:logGet(46)) - raft.rpc.type = GRPC (default)
2022-07-21 18:24:32,184 [Listener at 127.0.0.1/34741] INFO  grpc.GrpcFactory (GrpcFactory.java:checkPooledByteBufAllocatorUseCacheForAllThreads(48)) - PERFORMANCE WARNING: useCacheForAllThreads is true that may cause Netty to create a lot garbage objects and, as a result, trigger GC.
	It is recommended to disable useCacheForAllThreads by setting -Dorg.apache.ratis.thirdparty.io.netty.allocator.useCacheForAllThreads=false in command line.
2022-07-21 18:24:32,184 [Listener at 127.0.0.1/34741] INFO  grpc.GrpcConfigKeys (ConfUtils.java:logGet(46)) - raft.grpc.admin.port = 0 (custom)
2022-07-21 18:24:32,184 [Listener at 127.0.0.1/34741] INFO  grpc.GrpcConfigKeys (ConfUtils.java:logGet(46)) - raft.grpc.client.port = 0 (custom)
2022-07-21 18:24:32,184 [Listener at 127.0.0.1/34741] INFO  grpc.GrpcConfigKeys (ConfUtils.java:logGet(46)) - raft.grpc.server.port = 0 (default)
2022-07-21 18:24:32,184 [Listener at 127.0.0.1/34741] INFO  server.GrpcService (ConfUtils.java:logGet(46)) - raft.grpc.message.size.max = 32MB (=33554432) (custom)
2022-07-21 18:24:32,184 [Listener at 127.0.0.1/34741] INFO  server.RaftServerConfigKeys (ConfUtils.java:logGet(46)) - raft.server.log.appender.buffer.byte-limit = 33554432 (custom)
2022-07-21 18:24:32,185 [Listener at 127.0.0.1/34741] INFO  server.GrpcService (ConfUtils.java:logGet(46)) - raft.grpc.flow.control.window = 5MB (=5242880) (custom)
2022-07-21 18:24:32,185 [Listener at 127.0.0.1/34741] INFO  server.RaftServerConfigKeys (ConfUtils.java:logGet(46)) - raft.server.rpc.request.timeout = 60s (custom)
2022-07-21 18:24:32,185 [Listener at 127.0.0.1/34741] INFO  grpc.GrpcConfigKeys (ConfUtils.java:logGet(46)) - raft.grpc.server.async.request.thread.pool.cached = true (default)
2022-07-21 18:24:32,185 [Listener at 127.0.0.1/34741] INFO  grpc.GrpcConfigKeys (ConfUtils.java:logGet(46)) - raft.grpc.server.async.request.thread.pool.size = 32 (default)
2022-07-21 18:24:32,191 [Listener at 127.0.0.1/34741] INFO  impl.DataStreamServerImpl (ConfUtils.java:logGet(46)) - raft.datastream.type = DISABLED (default)
2022-07-21 18:24:32,191 [Listener at 127.0.0.1/34741] INFO  server.RaftServerConfigKeys (ConfUtils.java:logGet(46)) - raft.server.threadpool.proxy.cached = true (default)
2022-07-21 18:24:32,191 [Listener at 127.0.0.1/34741] INFO  server.RaftServerConfigKeys (ConfUtils.java:logGet(46)) - raft.server.threadpool.proxy.size = 0 (default)
2022-07-21 18:24:32,192 [Listener at 127.0.0.1/34741] INFO  server.RaftServerConfigKeys (ConfUtils.java:logGet(46)) - raft.server.rpc.slowness.timeout = 300s (custom)
2022-07-21 18:24:32,192 [Listener at 127.0.0.1/34741] INFO  server.RaftServerConfigKeys (ConfUtils.java:logGet(46)) - raft.server.leaderelection.leader.step-down.wait-time = 10s (default)
2022-07-21 18:24:32,192 [Listener at 127.0.0.1/34741] INFO  server.RaftServerConfigKeys (ConfUtils.java:logGet(46)) - raft.server.storage.dir = [/home/runner/work/ozone/ozone/hadoop-ozone/integration-test/target/test-dir/MiniOzoneClusterImpl-c56c5c68-8a55-4647-89a4-dc8bb834fa26/datanode-1/data/ratis] (custom)
2022-07-21 18:24:32,201 [Listener at 127.0.0.1/34741] INFO  server.XceiverServerGrpc (XceiverServerGrpc.java:<init>(132)) - GrpcServer channel type EpollServerSocketChannel
2022-07-21 18:24:32,213 [Listener at 127.0.0.1/34741] INFO  http.BaseHttpServer (BaseHttpServer.java:newHttpServer2BuilderForOzone(209)) - Starting Web-server for hddsDatanode at: http://0.0.0.0:0
2022-07-21 18:24:32,213 [Listener at 127.0.0.1/34741] INFO  http.BaseHttpServer (BaseHttpServer.java:<init>(107)) - Hadoop Security Enabled: false Ozone Security Enabled: false Ozone HTTP Security Enabled: false 
2022-07-21 18:24:32,214 [Listener at 127.0.0.1/34741] INFO  server.AuthenticationFilter (AuthenticationFilter.java:constructSecretProvider(240)) - Unable to initialize FileSignerSecretProvider, falling back to use random secrets.
2022-07-21 18:24:32,214 [Listener at 127.0.0.1/34741] WARN  http.HttpRequestLog (HttpRequestLog.java:getRequestLog(103)) - Jetty request log can only be enabled using Log4j
2022-07-21 18:24:32,216 [Listener at 127.0.0.1/34741] INFO  http.HttpServer2 (HttpServer2.java:addGlobalFilter(1029)) - Added global filter 'safety' (class=org.apache.hadoop.hdds.server.http.HttpServer2$QuotingInputFilter)
2022-07-21 18:24:32,216 [Listener at 127.0.0.1/34741] INFO  http.HttpServer2 (HttpServer2.java:addFilter(1005)) - Added filter static_user_filter (class=org.apache.hadoop.http.lib.StaticUserWebFilter$StaticUserFilter) to context hddsDatanode
2022-07-21 18:24:32,216 [Listener at 127.0.0.1/34741] INFO  http.HttpServer2 (HttpServer2.java:addFilter(1013)) - Added filter static_user_filter (class=org.apache.hadoop.http.lib.StaticUserWebFilter$StaticUserFilter) to context logs
2022-07-21 18:24:32,217 [Listener at 127.0.0.1/34741] INFO  http.HttpServer2 (HttpServer2.java:addFilter(1013)) - Added filter static_user_filter (class=org.apache.hadoop.http.lib.StaticUserWebFilter$StaticUserFilter) to context static
2022-07-21 18:24:32,217 [Listener at 127.0.0.1/34741] INFO  http.HttpServer2 (HttpServer2.java:bindListener(1248)) - Jetty bound to port 36881
2022-07-21 18:24:32,217 [Listener at 127.0.0.1/34741] INFO  server.Server (Server.java:doStart(375)) - jetty-9.4.43.v20210629; built: 2021-06-30T11:07:22.254Z; git: 526006ecfa3af7f1a27ef3a288e2bef7ea9dd7e8; jvm 1.8.0_332-b09
2022-07-21 18:24:32,219 [Listener at 127.0.0.1/34741] INFO  server.session (DefaultSessionIdManager.java:doStart(334)) - DefaultSessionIdManager workerName=node0
2022-07-21 18:24:32,219 [Listener at 127.0.0.1/34741] INFO  server.session (DefaultSessionIdManager.java:doStart(339)) - No SessionScavenger set, using defaults
2022-07-21 18:24:32,219 [Listener at 127.0.0.1/34741] INFO  server.session (HouseKeeper.java:startScavenging(132)) - node0 Scavenging every 600000ms
2022-07-21 18:24:32,220 [Listener at 127.0.0.1/34741] INFO  handler.ContextHandler (ContextHandler.java:doStart(915)) - Started o.e.j.s.ServletContextHandler@563ebe24{logs,/logs,file:///home/runner/work/ozone/ozone/hadoop-ozone/integration-test/target/log,AVAILABLE}
2022-07-21 18:24:32,220 [Listener at 127.0.0.1/34741] INFO  handler.ContextHandler (ContextHandler.java:doStart(915)) - Started o.e.j.s.ServletContextHandler@5517d48c{static,/static,jar:file:/home/runner/.m2/repository/org/apache/ozone/hdds-container-service/1.3.0-SNAPSHOT/hdds-container-service-1.3.0-SNAPSHOT.jar!/webapps/static,AVAILABLE}
2022-07-21 18:24:32,407 [Listener at 127.0.0.1/34741] INFO  handler.ContextHandler (ContextHandler.java:doStart(915)) - Started o.e.j.w.WebAppContext@21504e58{hddsDatanode,/,file:///tmp/jetty-0_0_0_0-36881-hdds-container-service-1_3_0-SNAPSHOT_jar-_-any-6888905070545714355/webapp/,AVAILABLE}{jar:file:/home/runner/.m2/repository/org/apache/ozone/hdds-container-service/1.3.0-SNAPSHOT/hdds-container-service-1.3.0-SNAPSHOT.jar!/webapps/hddsDatanode}
2022-07-21 18:24:32,410 [Listener at 127.0.0.1/34741] INFO  server.AbstractConnector (AbstractConnector.java:doStart(331)) - Started ServerConnector@46fcc898{HTTP/1.1, (http/1.1)}{0.0.0.0:36881}
2022-07-21 18:24:32,410 [Listener at 127.0.0.1/34741] INFO  server.Server (Server.java:doStart(415)) - Started @24729ms
2022-07-21 18:24:32,410 [Listener at 127.0.0.1/34741] WARN  impl.MetricsSystemImpl (MetricsSystemImpl.java:register(279)) - Sink prometheus already exists!
2022-07-21 18:24:32,410 [Listener at 127.0.0.1/34741] INFO  http.BaseHttpServer (BaseHttpServer.java:updateConnectorAddress(329)) - HTTP server of hddsDatanode listening at http://0.0.0.0:36881
2022-07-21 18:24:32,414 [Listener at 127.0.0.1/34741] WARN  impl.MetricRegistriesImpl (MetricRegistriesImpl.java:addReporterRegistration(111)) - New reporters are added after registries were created. Some metrics will be missing from the reporter. Please add reporter before adding any new registry.
2022-07-21 18:24:32,414 [Listener at 127.0.0.1/34741] WARN  impl.MetricRegistriesImpl (MetricRegistriesImpl.java:addReporterRegistration(111)) - New reporters are added after registries were created. Some metrics will be missing from the reporter. Please add reporter before adding any new registry.
2022-07-21 18:24:32,414 [Listener at 127.0.0.1/34741] INFO  impl.MetricsSystemImpl (MetricsSystemImpl.java:init(158)) - HddsDatanode metrics system started (again)
2022-07-21 18:24:32,419 [Datanode State Machine Daemon Thread] INFO  statemachine.DatanodeStateMachine (DatanodeStateMachine.java:lambda$startDaemon$0(492)) - Ozone container server started.
2022-07-21 18:24:32,436 [org.apache.hadoop.util.JvmPauseMonitor$Monitor@25025cd6] INFO  util.JvmPauseMonitor (JvmPauseMonitor.java:run(188)) - Starting JVM pause monitor
2022-07-21 18:24:32,440 [Datanode State Machine Task Thread - 0] INFO  ha.SCMNodeInfo (SCMNodeInfo.java:getPort(197)) - ConfigKey ozone.scm.client.address is deprecated, For configuring different ports for each SCM use PortConfigKey ozone.scm.client.port appended with serviceId and nodeId
2022-07-21 18:24:32,440 [Datanode State Machine Task Thread - 0] INFO  ha.SCMNodeInfo (SCMNodeInfo.java:getPort(197)) - ConfigKey ozone.scm.block.client.address is deprecated, For configuring different ports for each SCM use PortConfigKey ozone.scm.block.client.port appended with serviceId and nodeId
2022-07-21 18:24:32,440 [Datanode State Machine Task Thread - 0] INFO  ha.SCMNodeInfo (SCMNodeInfo.java:getPort(197)) - ConfigKey ozone.scm.datanode.address is deprecated, For configuring different ports for each SCM use PortConfigKey ozone.scm.datanode.port appended with serviceId and nodeId
2022-07-21 18:24:32,440 [Datanode State Machine Task Thread - 0] INFO  ha.SCMNodeInfo (SCMNodeInfo.java:getPort(197)) - ConfigKey ozone.scm.client.address is deprecated, For configuring different ports for each SCM use PortConfigKey ozone.scm.client.port appended with serviceId and nodeId
2022-07-21 18:24:32,440 [Datanode State Machine Task Thread - 0] INFO  ha.SCMNodeInfo (SCMNodeInfo.java:getPort(197)) - ConfigKey ozone.scm.block.client.address is deprecated, For configuring different ports for each SCM use PortConfigKey ozone.scm.block.client.port appended with serviceId and nodeId
2022-07-21 18:24:32,440 [Datanode State Machine Task Thread - 0] INFO  ha.SCMNodeInfo (SCMNodeInfo.java:getPort(197)) - ConfigKey ozone.scm.datanode.address is deprecated, For configuring different ports for each SCM use PortConfigKey ozone.scm.datanode.port appended with serviceId and nodeId
2022-07-21 18:24:32,440 [Datanode State Machine Task Thread - 0] INFO  ha.SCMNodeInfo (SCMNodeInfo.java:getPort(197)) - ConfigKey ozone.scm.client.address is deprecated, For configuring different ports for each SCM use PortConfigKey ozone.scm.client.port appended with serviceId and nodeId
2022-07-21 18:24:32,440 [Datanode State Machine Task Thread - 0] INFO  ha.SCMNodeInfo (SCMNodeInfo.java:getPort(197)) - ConfigKey ozone.scm.block.client.address is deprecated, For configuring different ports for each SCM use PortConfigKey ozone.scm.block.client.port appended with serviceId and nodeId
2022-07-21 18:24:32,440 [Datanode State Machine Task Thread - 0] INFO  ha.SCMNodeInfo (SCMNodeInfo.java:getPort(197)) - ConfigKey ozone.scm.datanode.address is deprecated, For configuring different ports for each SCM use PortConfigKey ozone.scm.datanode.port appended with serviceId and nodeId
2022-07-21 18:24:32,442 [Listener at 127.0.0.1/34741] INFO  ozone.HddsDatanodeService (HddsDatanodeService.java:start(236)) - HddsDatanodeService host:fv-az378-305.ybd3ladzt0oermfo5oggoh5wqg.dx.internal.cloudapp.net ip:10.1.0.35
2022-07-21 18:24:32,454 [Datanode State Machine Task Thread - 0] INFO  datanode.InitDatanodeState (InitDatanodeState.java:persistContainerDatanodeDetails(138)) - DatanodeDetails is persisted to /home/runner/work/ozone/ozone/hadoop-ozone/integration-test/target/test-dir/MiniOzoneClusterImpl-c56c5c68-8a55-4647-89a4-dc8bb834fa26/datanode-1/meta/datanode.id
2022-07-21 18:24:32,563 [Listener at 127.0.0.1/34741] INFO  upgrade.AbstractLayoutVersionManager (AbstractLayoutVersionManager.java:init(83)) - Initializing Layout version manager with metadata layout = DATANODE_SCHEMA_V3 (version = 4), software layout = DATANODE_SCHEMA_V3 (version = 4)
2022-07-21 18:24:32,614 [Listener at 127.0.0.1/34741] INFO  reflections.Reflections (Reflections.java:scan(232)) - Reflections took 49 ms to scan 7 urls, producing 132 keys and 321 values 
2022-07-21 18:24:32,616 [Listener at 127.0.0.1/34741] INFO  ha.SCMNodeInfo (SCMNodeInfo.java:getPort(197)) - ConfigKey ozone.scm.client.address is deprecated, For configuring different ports for each SCM use PortConfigKey ozone.scm.client.port appended with serviceId and nodeId
2022-07-21 18:24:32,616 [Listener at 127.0.0.1/34741] INFO  ha.SCMNodeInfo (SCMNodeInfo.java:getPort(197)) - ConfigKey ozone.scm.block.client.address is deprecated, For configuring different ports for each SCM use PortConfigKey ozone.scm.block.client.port appended with serviceId and nodeId
2022-07-21 18:24:32,616 [Listener at 127.0.0.1/34741] INFO  ha.SCMNodeInfo (SCMNodeInfo.java:getPort(197)) - ConfigKey ozone.scm.datanode.address is deprecated, For configuring different ports for each SCM use PortConfigKey ozone.scm.datanode.port appended with serviceId and nodeId
2022-07-21 18:24:32,616 [Listener at 127.0.0.1/34741] INFO  ha.SCMNodeInfo (SCMNodeInfo.java:getPort(197)) - ConfigKey ozone.scm.client.address is deprecated, For configuring different ports for each SCM use PortConfigKey ozone.scm.client.port appended with serviceId and nodeId
2022-07-21 18:24:32,616 [Listener at 127.0.0.1/34741] INFO  ha.SCMNodeInfo (SCMNodeInfo.java:getPort(197)) - ConfigKey ozone.scm.block.client.address is deprecated, For configuring different ports for each SCM use PortConfigKey ozone.scm.block.client.port appended with serviceId and nodeId
2022-07-21 18:24:32,616 [Listener at 127.0.0.1/34741] INFO  ha.SCMNodeInfo (SCMNodeInfo.java:getPort(197)) - ConfigKey ozone.scm.datanode.address is deprecated, For configuring different ports for each SCM use PortConfigKey ozone.scm.datanode.port appended with serviceId and nodeId
2022-07-21 18:24:32,616 [Listener at 127.0.0.1/34741] INFO  ha.SCMNodeInfo (SCMNodeInfo.java:getPort(197)) - ConfigKey ozone.scm.client.address is deprecated, For configuring different ports for each SCM use PortConfigKey ozone.scm.client.port appended with serviceId and nodeId
2022-07-21 18:24:32,616 [Listener at 127.0.0.1/34741] INFO  ha.SCMNodeInfo (SCMNodeInfo.java:getPort(197)) - ConfigKey ozone.scm.block.client.address is deprecated, For configuring different ports for each SCM use PortConfigKey ozone.scm.block.client.port appended with serviceId and nodeId
2022-07-21 18:24:32,616 [Listener at 127.0.0.1/34741] INFO  ha.SCMNodeInfo (SCMNodeInfo.java:getPort(197)) - ConfigKey ozone.scm.datanode.address is deprecated, For configuring different ports for each SCM use PortConfigKey ozone.scm.datanode.port appended with serviceId and nodeId
2022-07-21 18:24:32,616 [Listener at 127.0.0.1/34741] INFO  statemachine.DatanodeStateMachine (DatanodeStateMachine.java:getEndPointTaskThreadPoolSize(237)) - Datanode State Machine Task Thread Pool size 4
2022-07-21 18:24:32,623 [Listener at 127.0.0.1/34741] INFO  volume.HddsVolume (HddsVolume.java:<init>(116)) - Creating HddsVolume: /home/runner/work/ozone/ozone/hadoop-ozone/integration-test/target/test-dir/MiniOzoneClusterImpl-c56c5c68-8a55-4647-89a4-dc8bb834fa26/datanode-2/data-0/containers/hdds of storage type : DISK capacity : 9223372036854775807
2022-07-21 18:24:32,623 [Listener at 127.0.0.1/34741] INFO  volume.MutableVolumeSet (MutableVolumeSet.java:initializeVolumeSet(174)) - Added Volume : /home/runner/work/ozone/ozone/hadoop-ozone/integration-test/target/test-dir/MiniOzoneClusterImpl-c56c5c68-8a55-4647-89a4-dc8bb834fa26/datanode-2/data-0/containers/hdds to VolumeSet
2022-07-21 18:24:32,623 [Listener at 127.0.0.1/34741] INFO  volume.ThrottledAsyncChecker (ThrottledAsyncChecker.java:schedule(141)) - Scheduling a check for /home/runner/work/ozone/ozone/hadoop-ozone/integration-test/target/test-dir/MiniOzoneClusterImpl-c56c5c68-8a55-4647-89a4-dc8bb834fa26/datanode-2/data-0/containers/hdds
2022-07-21 18:24:32,626 [Listener at 127.0.0.1/34741] INFO  volume.StorageVolumeChecker (StorageVolumeChecker.java:checkAllVolumes(202)) - Scheduled health check for volume /home/runner/work/ozone/ozone/hadoop-ozone/integration-test/target/test-dir/MiniOzoneClusterImpl-c56c5c68-8a55-4647-89a4-dc8bb834fa26/datanode-2/data-0/containers/hdds
2022-07-21 18:24:32,637 [Listener at 127.0.0.1/34741] INFO  volume.MutableVolumeSet (MutableVolumeSet.java:initializeVolumeSet(174)) - Added Volume : /home/runner/work/ozone/ozone/hadoop-ozone/integration-test/target/test-dir/MiniOzoneClusterImpl-c56c5c68-8a55-4647-89a4-dc8bb834fa26/datanode-2/data/ratis to VolumeSet
2022-07-21 18:24:32,637 [Listener at 127.0.0.1/34741] INFO  volume.ThrottledAsyncChecker (ThrottledAsyncChecker.java:schedule(141)) - Scheduling a check for /home/runner/work/ozone/ozone/hadoop-ozone/integration-test/target/test-dir/MiniOzoneClusterImpl-c56c5c68-8a55-4647-89a4-dc8bb834fa26/datanode-2/data/ratis
2022-07-21 18:24:32,638 [Listener at 127.0.0.1/34741] INFO  volume.StorageVolumeChecker (StorageVolumeChecker.java:checkAllVolumes(202)) - Scheduled health check for volume /home/runner/work/ozone/ozone/hadoop-ozone/integration-test/target/test-dir/MiniOzoneClusterImpl-c56c5c68-8a55-4647-89a4-dc8bb834fa26/datanode-2/data/ratis
2022-07-21 18:24:32,648 [Thread-738] INFO  ozoneimpl.ContainerReader (ContainerReader.java:readVolume(175)) - Finish verifying containers on volume /home/runner/work/ozone/ozone/hadoop-ozone/integration-test/target/test-dir/MiniOzoneClusterImpl-c56c5c68-8a55-4647-89a4-dc8bb834fa26/datanode-2/data-0/containers/hdds
2022-07-21 18:24:32,648 [Listener at 127.0.0.1/34741] INFO  ozoneimpl.OzoneContainer (OzoneContainer.java:buildContainerSet(299)) - Build ContainerSet costs 0s
2022-07-21 18:24:32,652 [Listener at 127.0.0.1/34741] INFO  server.RaftServer (ConfUtils.java:logGet(46)) - raft.rpc.type = GRPC (default)
2022-07-21 18:24:32,653 [Listener at 127.0.0.1/34741] INFO  grpc.GrpcFactory (GrpcFactory.java:checkPooledByteBufAllocatorUseCacheForAllThreads(48)) - PERFORMANCE WARNING: useCacheForAllThreads is true that may cause Netty to create a lot garbage objects and, as a result, trigger GC.
	It is recommended to disable useCacheForAllThreads by setting -Dorg.apache.ratis.thirdparty.io.netty.allocator.useCacheForAllThreads=false in command line.
2022-07-21 18:24:32,653 [Listener at 127.0.0.1/34741] INFO  grpc.GrpcConfigKeys (ConfUtils.java:logGet(46)) - raft.grpc.admin.port = 0 (custom)
2022-07-21 18:24:32,653 [Listener at 127.0.0.1/34741] INFO  grpc.GrpcConfigKeys (ConfUtils.java:logGet(46)) - raft.grpc.client.port = 0 (custom)
2022-07-21 18:24:32,653 [Listener at 127.0.0.1/34741] INFO  grpc.GrpcConfigKeys (ConfUtils.java:logGet(46)) - raft.grpc.server.port = 0 (default)
2022-07-21 18:24:32,653 [Listener at 127.0.0.1/34741] INFO  server.GrpcService (ConfUtils.java:logGet(46)) - raft.grpc.message.size.max = 32MB (=33554432) (custom)
2022-07-21 18:24:32,653 [Listener at 127.0.0.1/34741] INFO  server.RaftServerConfigKeys (ConfUtils.java:logGet(46)) - raft.server.log.appender.buffer.byte-limit = 33554432 (custom)
2022-07-21 18:24:32,653 [Listener at 127.0.0.1/34741] INFO  server.GrpcService (ConfUtils.java:logGet(46)) - raft.grpc.flow.control.window = 5MB (=5242880) (custom)
2022-07-21 18:24:32,653 [Listener at 127.0.0.1/34741] INFO  server.RaftServerConfigKeys (ConfUtils.java:logGet(46)) - raft.server.rpc.request.timeout = 60s (custom)
2022-07-21 18:24:32,654 [Listener at 127.0.0.1/34741] INFO  grpc.GrpcConfigKeys (ConfUtils.java:logGet(46)) - raft.grpc.server.async.request.thread.pool.cached = true (default)
2022-07-21 18:24:32,654 [Listener at 127.0.0.1/34741] INFO  grpc.GrpcConfigKeys (ConfUtils.java:logGet(46)) - raft.grpc.server.async.request.thread.pool.size = 32 (default)
2022-07-21 18:24:32,656 [Listener at 127.0.0.1/34741] INFO  impl.DataStreamServerImpl (ConfUtils.java:logGet(46)) - raft.datastream.type = DISABLED (default)
2022-07-21 18:24:32,656 [Listener at 127.0.0.1/34741] INFO  server.RaftServerConfigKeys (ConfUtils.java:logGet(46)) - raft.server.threadpool.proxy.cached = true (default)
2022-07-21 18:24:32,656 [Listener at 127.0.0.1/34741] INFO  server.RaftServerConfigKeys (ConfUtils.java:logGet(46)) - raft.server.threadpool.proxy.size = 0 (default)
2022-07-21 18:24:32,656 [Listener at 127.0.0.1/34741] INFO  server.RaftServerConfigKeys (ConfUtils.java:logGet(46)) - raft.server.rpc.slowness.timeout = 300s (custom)
2022-07-21 18:24:32,656 [Listener at 127.0.0.1/34741] INFO  server.RaftServerConfigKeys (ConfUtils.java:logGet(46)) - raft.server.leaderelection.leader.step-down.wait-time = 10s (default)
2022-07-21 18:24:32,656 [Listener at 127.0.0.1/34741] INFO  server.RaftServerConfigKeys (ConfUtils.java:logGet(46)) - raft.server.storage.dir = [/home/runner/work/ozone/ozone/hadoop-ozone/integration-test/target/test-dir/MiniOzoneClusterImpl-c56c5c68-8a55-4647-89a4-dc8bb834fa26/datanode-2/data/ratis] (custom)
2022-07-21 18:24:32,664 [Listener at 127.0.0.1/34741] INFO  server.XceiverServerGrpc (XceiverServerGrpc.java:<init>(132)) - GrpcServer channel type EpollServerSocketChannel
2022-07-21 18:24:32,675 [Listener at 127.0.0.1/34741] INFO  http.BaseHttpServer (BaseHttpServer.java:newHttpServer2BuilderForOzone(209)) - Starting Web-server for hddsDatanode at: http://0.0.0.0:0
2022-07-21 18:24:32,675 [Listener at 127.0.0.1/34741] INFO  http.BaseHttpServer (BaseHttpServer.java:<init>(107)) - Hadoop Security Enabled: false Ozone Security Enabled: false Ozone HTTP Security Enabled: false 
2022-07-21 18:24:32,676 [Listener at 127.0.0.1/34741] INFO  server.AuthenticationFilter (AuthenticationFilter.java:constructSecretProvider(240)) - Unable to initialize FileSignerSecretProvider, falling back to use random secrets.
2022-07-21 18:24:32,680 [Listener at 127.0.0.1/34741] WARN  http.HttpRequestLog (HttpRequestLog.java:getRequestLog(103)) - Jetty request log can only be enabled using Log4j
2022-07-21 18:24:32,681 [Listener at 127.0.0.1/34741] INFO  http.HttpServer2 (HttpServer2.java:addGlobalFilter(1029)) - Added global filter 'safety' (class=org.apache.hadoop.hdds.server.http.HttpServer2$QuotingInputFilter)
2022-07-21 18:24:32,681 [Listener at 127.0.0.1/34741] INFO  http.HttpServer2 (HttpServer2.java:addFilter(1005)) - Added filter static_user_filter (class=org.apache.hadoop.http.lib.StaticUserWebFilter$StaticUserFilter) to context hddsDatanode
2022-07-21 18:24:32,682 [Listener at 127.0.0.1/34741] INFO  http.HttpServer2 (HttpServer2.java:addFilter(1013)) - Added filter static_user_filter (class=org.apache.hadoop.http.lib.StaticUserWebFilter$StaticUserFilter) to context logs
2022-07-21 18:24:32,682 [Listener at 127.0.0.1/34741] INFO  http.HttpServer2 (HttpServer2.java:addFilter(1013)) - Added filter static_user_filter (class=org.apache.hadoop.http.lib.StaticUserWebFilter$StaticUserFilter) to context static
2022-07-21 18:24:32,682 [Listener at 127.0.0.1/34741] INFO  http.HttpServer2 (HttpServer2.java:bindListener(1248)) - Jetty bound to port 40351
2022-07-21 18:24:32,682 [Listener at 127.0.0.1/34741] INFO  server.Server (Server.java:doStart(375)) - jetty-9.4.43.v20210629; built: 2021-06-30T11:07:22.254Z; git: 526006ecfa3af7f1a27ef3a288e2bef7ea9dd7e8; jvm 1.8.0_332-b09
2022-07-21 18:24:32,685 [Listener at 127.0.0.1/34741] INFO  server.session (DefaultSessionIdManager.java:doStart(334)) - DefaultSessionIdManager workerName=node0
2022-07-21 18:24:32,686 [Listener at 127.0.0.1/34741] INFO  server.session (DefaultSessionIdManager.java:doStart(339)) - No SessionScavenger set, using defaults
2022-07-21 18:24:32,686 [Listener at 127.0.0.1/34741] INFO  server.session (HouseKeeper.java:startScavenging(132)) - node0 Scavenging every 660000ms
2022-07-21 18:24:32,686 [Listener at 127.0.0.1/34741] INFO  handler.ContextHandler (ContextHandler.java:doStart(915)) - Started o.e.j.s.ServletContextHandler@474dc75e{logs,/logs,file:///home/runner/work/ozone/ozone/hadoop-ozone/integration-test/target/log,AVAILABLE}
2022-07-21 18:24:32,687 [Listener at 127.0.0.1/34741] INFO  handler.ContextHandler (ContextHandler.java:doStart(915)) - Started o.e.j.s.ServletContextHandler@6e5dfdc8{static,/static,jar:file:/home/runner/.m2/repository/org/apache/ozone/hdds-container-service/1.3.0-SNAPSHOT/hdds-container-service-1.3.0-SNAPSHOT.jar!/webapps/static,AVAILABLE}
2022-07-21 18:24:32,935 [Listener at 127.0.0.1/34741] INFO  handler.ContextHandler (ContextHandler.java:doStart(915)) - Started o.e.j.w.WebAppContext@515a5ef1{hddsDatanode,/,file:///tmp/jetty-0_0_0_0-40351-hdds-container-service-1_3_0-SNAPSHOT_jar-_-any-857582907302213849/webapp/,AVAILABLE}{jar:file:/home/runner/.m2/repository/org/apache/ozone/hdds-container-service/1.3.0-SNAPSHOT/hdds-container-service-1.3.0-SNAPSHOT.jar!/webapps/hddsDatanode}
2022-07-21 18:24:32,937 [Listener at 127.0.0.1/34741] INFO  server.AbstractConnector (AbstractConnector.java:doStart(331)) - Started ServerConnector@3de4a989{HTTP/1.1, (http/1.1)}{0.0.0.0:40351}
2022-07-21 18:24:32,937 [Listener at 127.0.0.1/34741] INFO  server.Server (Server.java:doStart(415)) - Started @25256ms
2022-07-21 18:24:32,937 [Listener at 127.0.0.1/34741] WARN  impl.MetricsSystemImpl (MetricsSystemImpl.java:register(279)) - Sink prometheus already exists!
2022-07-21 18:24:32,938 [Listener at 127.0.0.1/34741] INFO  http.BaseHttpServer (BaseHttpServer.java:updateConnectorAddress(329)) - HTTP server of hddsDatanode listening at http://0.0.0.0:40351
2022-07-21 18:24:32,939 [Datanode State Machine Daemon Thread] INFO  statemachine.DatanodeStateMachine (DatanodeStateMachine.java:lambda$startDaemon$0(492)) - Ozone container server started.
2022-07-21 18:24:32,946 [Listener at 127.0.0.1/34741] INFO  ozone.MiniOzoneClusterImpl (MiniOzoneClusterImpl.java:lambda$waitForClusterToBeReady$0(216)) - Waiting for nodes to be ready. Got 0 of 3 DN Heartbeats.
2022-07-21 18:24:32,946 [Listener at 127.0.0.1/34741] INFO  ozone.MiniOzoneClusterImpl (MiniOzoneClusterImpl.java:lambda$waitForClusterToBeReady$0(219)) - Waiting for cluster to exit safe mode
2022-07-21 18:24:32,948 [Listener at 127.0.0.1/34741] INFO  ozone.MiniOzoneClusterImpl (MiniOzoneClusterImpl.java:lambda$waitForClusterToBeReady$0(221)) - SCM became leader
2022-07-21 18:24:32,950 [org.apache.hadoop.util.JvmPauseMonitor$Monitor@454ae040] INFO  util.JvmPauseMonitor (JvmPauseMonitor.java:run(188)) - Starting JVM pause monitor
2022-07-21 18:24:32,953 [Datanode State Machine Task Thread - 0] INFO  ha.SCMNodeInfo (SCMNodeInfo.java:getPort(197)) - ConfigKey ozone.scm.client.address is deprecated, For configuring different ports for each SCM use PortConfigKey ozone.scm.client.port appended with serviceId and nodeId
2022-07-21 18:24:32,953 [Datanode State Machine Task Thread - 0] INFO  ha.SCMNodeInfo (SCMNodeInfo.java:getPort(197)) - ConfigKey ozone.scm.block.client.address is deprecated, For configuring different ports for each SCM use PortConfigKey ozone.scm.block.client.port appended with serviceId and nodeId
2022-07-21 18:24:32,953 [Datanode State Machine Task Thread - 0] INFO  ha.SCMNodeInfo (SCMNodeInfo.java:getPort(197)) - ConfigKey ozone.scm.datanode.address is deprecated, For configuring different ports for each SCM use PortConfigKey ozone.scm.datanode.port appended with serviceId and nodeId
2022-07-21 18:24:32,953 [Datanode State Machine Task Thread - 0] INFO  ha.SCMNodeInfo (SCMNodeInfo.java:getPort(197)) - ConfigKey ozone.scm.client.address is deprecated, For configuring different ports for each SCM use PortConfigKey ozone.scm.client.port appended with serviceId and nodeId
2022-07-21 18:24:32,953 [Datanode State Machine Task Thread - 0] INFO  ha.SCMNodeInfo (SCMNodeInfo.java:getPort(197)) - ConfigKey ozone.scm.block.client.address is deprecated, For configuring different ports for each SCM use PortConfigKey ozone.scm.block.client.port appended with serviceId and nodeId
2022-07-21 18:24:32,953 [Datanode State Machine Task Thread - 0] INFO  ha.SCMNodeInfo (SCMNodeInfo.java:getPort(197)) - ConfigKey ozone.scm.datanode.address is deprecated, For configuring different ports for each SCM use PortConfigKey ozone.scm.datanode.port appended with serviceId and nodeId
2022-07-21 18:24:32,953 [Datanode State Machine Task Thread - 0] INFO  ha.SCMNodeInfo (SCMNodeInfo.java:getPort(197)) - ConfigKey ozone.scm.client.address is deprecated, For configuring different ports for each SCM use PortConfigKey ozone.scm.client.port appended with serviceId and nodeId
2022-07-21 18:24:32,953 [Datanode State Machine Task Thread - 0] INFO  ha.SCMNodeInfo (SCMNodeInfo.java:getPort(197)) - ConfigKey ozone.scm.block.client.address is deprecated, For configuring different ports for each SCM use PortConfigKey ozone.scm.block.client.port appended with serviceId and nodeId
2022-07-21 18:24:32,953 [Datanode State Machine Task Thread - 0] INFO  ha.SCMNodeInfo (SCMNodeInfo.java:getPort(197)) - ConfigKey ozone.scm.datanode.address is deprecated, For configuring different ports for each SCM use PortConfigKey ozone.scm.datanode.port appended with serviceId and nodeId
2022-07-21 18:24:32,961 [Datanode State Machine Task Thread - 0] INFO  datanode.InitDatanodeState (InitDatanodeState.java:persistContainerDatanodeDetails(138)) - DatanodeDetails is persisted to /home/runner/work/ozone/ozone/hadoop-ozone/integration-test/target/test-dir/MiniOzoneClusterImpl-c56c5c68-8a55-4647-89a4-dc8bb834fa26/datanode-2/meta/datanode.id
2022-07-21 18:24:33,158 [omNode-2@group-6C22E66A003A-FollowerState] INFO  impl.FollowerState (FollowerState.java:run(143)) - omNode-2@group-6C22E66A003A-FollowerState: change to CANDIDATE, lastRpcElapsedTime:1066086080ns, electionTimeout:1048ms
2022-07-21 18:24:33,158 [omNode-2@group-6C22E66A003A-FollowerState] INFO  impl.RoleInfo (RoleInfo.java:shutdownFollowerState(110)) - omNode-2: shutdown omNode-2@group-6C22E66A003A-FollowerState
2022-07-21 18:24:33,158 [omNode-2@group-6C22E66A003A-FollowerState] INFO  server.RaftServer$Division (RaftServerImpl.java:setRole(299)) - omNode-2@group-6C22E66A003A: changes role from  FOLLOWER to CANDIDATE at term 3 for changeToCandidate
2022-07-21 18:24:33,159 [omNode-2@group-6C22E66A003A-FollowerState] INFO  server.RaftServerConfigKeys (ConfUtils.java:logGet(46)) - raft.server.leaderelection.pre-vote = false (custom)
2022-07-21 18:24:33,159 [omNode-2@group-6C22E66A003A-FollowerState] INFO  impl.RoleInfo (RoleInfo.java:updateAndGet(139)) - omNode-2: start omNode-2@group-6C22E66A003A-LeaderElection7
2022-07-21 18:24:33,164 [omNode-2@group-6C22E66A003A-LeaderElection7] INFO  impl.LeaderElection (LeaderElection.java:askForVotes(310)) - omNode-2@group-6C22E66A003A-LeaderElection7 ELECTION round 0: submit vote requests at term 4 for 0: [omNode-3|rpc:localhost:44469|admin:|client:|dataStream:|priority:0, omNode-1|rpc:localhost:41041|admin:|client:|dataStream:|priority:0, omNode-2|rpc:localhost:36377|admin:|client:|dataStream:|priority:0], old=null
2022-07-21 18:24:33,174 [grpc-default-executor-0] INFO  server.RaftServer$Division (RaftServerImpl.java:requestVote(1152)) - omNode-1@group-6C22E66A003A: receive requestVote(ELECTION, omNode-2, group-6C22E66A003A, 4, (t:1, i:0))
2022-07-21 18:24:33,174 [grpc-default-executor-0] INFO  impl.VoteContext (VoteContext.java:log(48)) - omNode-1@group-6C22E66A003A-FOLLOWER: accept ELECTION from omNode-2: our last entry (t:0, i:~) < candidate's last entry (t:1, i:0)
2022-07-21 18:24:33,174 [grpc-default-executor-0] INFO  server.RaftServer$Division (RaftServerImpl.java:setRole(299)) - omNode-1@group-6C22E66A003A: changes role from  FOLLOWER to FOLLOWER at term 4 for candidate:omNode-2
2022-07-21 18:24:33,174 [grpc-default-executor-0] INFO  impl.RoleInfo (RoleInfo.java:shutdownFollowerState(110)) - omNode-1: shutdown omNode-1@group-6C22E66A003A-FollowerState
2022-07-21 18:24:33,175 [grpc-default-executor-0] INFO  impl.RoleInfo (RoleInfo.java:updateAndGet(139)) - omNode-1: start omNode-1@group-6C22E66A003A-FollowerState
2022-07-21 18:24:33,175 [omNode-1@group-6C22E66A003A-FollowerState] INFO  impl.FollowerState (FollowerState.java:run(152)) - omNode-1@group-6C22E66A003A-FollowerState was interrupted
2022-07-21 18:24:33,180 [grpc-default-executor-1] INFO  server.RaftServer$Division (RaftServerImpl.java:requestVote(1152)) - omNode-3@group-6C22E66A003A: receive requestVote(ELECTION, omNode-2, group-6C22E66A003A, 4, (t:1, i:0))
2022-07-21 18:24:33,180 [grpc-default-executor-1] INFO  impl.VoteContext (VoteContext.java:log(48)) - omNode-3@group-6C22E66A003A-FOLLOWER: accept ELECTION from omNode-2: our priority 0 <= candidate's priority 0
2022-07-21 18:24:33,180 [grpc-default-executor-1] INFO  server.RaftServer$Division (RaftServerImpl.java:setRole(299)) - omNode-3@group-6C22E66A003A: changes role from  FOLLOWER to FOLLOWER at term 4 for candidate:omNode-2
2022-07-21 18:24:33,180 [grpc-default-executor-1] INFO  impl.RoleInfo (RoleInfo.java:shutdownFollowerState(110)) - omNode-3: shutdown omNode-3@group-6C22E66A003A-FollowerState
2022-07-21 18:24:33,181 [omNode-3@group-6C22E66A003A-FollowerState] INFO  impl.FollowerState (FollowerState.java:run(152)) - omNode-3@group-6C22E66A003A-FollowerState was interrupted
2022-07-21 18:24:33,181 [grpc-default-executor-1] INFO  impl.RoleInfo (RoleInfo.java:updateAndGet(139)) - omNode-3: start omNode-3@group-6C22E66A003A-FollowerState
2022-07-21 18:24:33,249 [grpc-default-executor-0] INFO  server.RaftServer$Division (RaftServerImpl.java:requestVote(1184)) - omNode-1@group-6C22E66A003A replies to ELECTION vote request: omNode-2<-omNode-1#0:OK-t4. Peer's state: omNode-1@group-6C22E66A003A:t4, leader=null, voted=omNode-2, raftlog=omNode-1@group-6C22E66A003A-SegmentedRaftLog:OPENED:c-1, conf=-1: [omNode-3|rpc:localhost:44469|priority:0, omNode-1|rpc:localhost:41041|priority:0, omNode-2|rpc:localhost:36377|priority:0], old=null
2022-07-21 18:24:33,251 [omNode-2@group-6C22E66A003A-LeaderElection7] INFO  impl.LeaderElection (LeaderElection.java:logAndReturn(90)) - omNode-2@group-6C22E66A003A-LeaderElection7: ELECTION PASSED received 1 response(s) and 0 exception(s):
2022-07-21 18:24:33,251 [omNode-2@group-6C22E66A003A-LeaderElection7] INFO  impl.LeaderElection (LeaderElection.java:logAndReturn(94)) -   Response 0: omNode-2<-omNode-1#0:OK-t4
2022-07-21 18:24:33,251 [omNode-2@group-6C22E66A003A-LeaderElection7] INFO  impl.LeaderElection (LeaderElection.java:askForVotes(312)) - omNode-2@group-6C22E66A003A-LeaderElection7 ELECTION round 0: result PASSED
2022-07-21 18:24:33,251 [omNode-2@group-6C22E66A003A-LeaderElection7] INFO  impl.RoleInfo (RoleInfo.java:shutdownLeaderElection(130)) - omNode-2: shutdown omNode-2@group-6C22E66A003A-LeaderElection7
2022-07-21 18:24:33,252 [omNode-2@group-6C22E66A003A-LeaderElection7] INFO  server.RaftServer$Division (RaftServerImpl.java:setRole(299)) - omNode-2@group-6C22E66A003A: changes role from CANDIDATE to LEADER at term 4 for changeToLeader
2022-07-21 18:24:33,252 [omNode-2@group-6C22E66A003A-LeaderElection7] INFO  server.RaftServer$Division (ServerState.java:setLeader(287)) - omNode-2@group-6C22E66A003A: change Leader from null to omNode-2 at term 4 for becomeLeader, leader elected after 2110ms
2022-07-21 18:24:33,252 [omNode-2@group-6C22E66A003A-LeaderElection7] INFO  server.RaftServerConfigKeys (ConfUtils.java:logGet(46)) - raft.server.staging.catchup.gap = 1000 (default)
2022-07-21 18:24:33,252 [grpc-default-executor-1] INFO  server.RaftServer$Division (RaftServerImpl.java:requestVote(1184)) - omNode-3@group-6C22E66A003A replies to ELECTION vote request: omNode-2<-omNode-3#0:OK-t4. Peer's state: omNode-3@group-6C22E66A003A:t4, leader=null, voted=omNode-2, raftlog=omNode-3@group-6C22E66A003A-SegmentedRaftLog:OPENED:c0, conf=0: [omNode-3|rpc:localhost:44469|admin:|client:|dataStream:|priority:0, omNode-1|rpc:localhost:41041|admin:|client:|dataStream:|priority:0, omNode-2|rpc:localhost:36377|admin:|client:|dataStream:|priority:0], old=null
2022-07-21 18:24:33,253 [omNode-2@group-6C22E66A003A-LeaderElection7] INFO  server.RaftServerConfigKeys (ConfUtils.java:logGet(46)) - raft.server.write.element-limit = 4096 (default)
2022-07-21 18:24:33,254 [omNode-2@group-6C22E66A003A-LeaderElection7] INFO  server.RaftServerConfigKeys (ConfUtils.java:logGet(46)) - raft.server.write.byte-limit = 64MB (=67108864) (default)
2022-07-21 18:24:33,255 [omNode-2@group-6C22E66A003A-LeaderElection7] INFO  server.RaftServerConfigKeys (ConfUtils.java:logGet(46)) - raft.server.watch.timeout = 10s (default)
2022-07-21 18:24:33,255 [omNode-2@group-6C22E66A003A-LeaderElection7] INFO  server.RaftServerConfigKeys (ConfUtils.java:logGet(46)) - raft.server.watch.timeout.denomination = 1s (default)
2022-07-21 18:24:33,255 [omNode-2@group-6C22E66A003A-LeaderElection7] INFO  server.RaftServerConfigKeys (ConfUtils.java:logGet(46)) - raft.server.watch.element-limit = 65536 (default)
2022-07-21 18:24:33,255 [omNode-2@group-6C22E66A003A-LeaderElection7] INFO  server.RaftServerConfigKeys (ConfUtils.java:logGet(46)) - raft.server.write.element-limit = 4096 (default)
2022-07-21 18:24:33,255 [omNode-2@group-6C22E66A003A-LeaderElection7] INFO  server.RaftServerConfigKeys (ConfUtils.java:logGet(46)) - raft.server.write.follower.gap.ratio.max = -1.0 (default)
2022-07-21 18:24:33,256 [omNode-2@group-6C22E66A003A-LeaderElection7] INFO  server.RaftServerConfigKeys (ConfUtils.java:logGet(46)) - raft.server.log.appender.snapshot.chunk.size.max = 16MB (=16777216) (default)
2022-07-21 18:24:33,256 [omNode-2@group-6C22E66A003A-LeaderElection7] INFO  server.RaftServerConfigKeys (ConfUtils.java:logGet(46)) - raft.server.log.appender.buffer.byte-limit = 33554432 (custom)
2022-07-21 18:24:33,256 [omNode-2@group-6C22E66A003A-LeaderElection7] INFO  server.RaftServerConfigKeys (ConfUtils.java:logGet(46)) - raft.server.log.appender.buffer.element-limit = 1024 (custom)
2022-07-21 18:24:33,256 [omNode-2@group-6C22E66A003A-LeaderElection7] INFO  grpc.GrpcConfigKeys (ConfUtils.java:logGet(46)) - raft.grpc.server.leader.outstanding.appends.max = 128 (default)
2022-07-21 18:24:33,256 [omNode-2@group-6C22E66A003A-LeaderElection7] INFO  server.RaftServerConfigKeys (ConfUtils.java:logGet(46)) - raft.server.rpc.request.timeout = 3000ms (default)
2022-07-21 18:24:33,256 [omNode-2@group-6C22E66A003A-LeaderElection7] INFO  server.RaftServerConfigKeys (ConfUtils.java:logGet(46)) - raft.server.log.appender.install.snapshot.enabled = false (custom)
2022-07-21 18:24:33,257 [omNode-2@group-6C22E66A003A-LeaderElection7] INFO  server.RaftServerConfigKeys (ConfUtils.java:logGet(46)) - raft.server.log.appender.snapshot.chunk.size.max = 16MB (=16777216) (default)
2022-07-21 18:24:33,257 [omNode-2@group-6C22E66A003A-LeaderElection7] INFO  server.RaftServerConfigKeys (ConfUtils.java:logGet(46)) - raft.server.log.appender.buffer.byte-limit = 33554432 (custom)
2022-07-21 18:24:33,257 [omNode-2@group-6C22E66A003A-LeaderElection7] INFO  server.RaftServerConfigKeys (ConfUtils.java:logGet(46)) - raft.server.log.appender.buffer.element-limit = 1024 (custom)
2022-07-21 18:24:33,258 [omNode-2@group-6C22E66A003A-LeaderElection7] INFO  grpc.GrpcConfigKeys (ConfUtils.java:logGet(46)) - raft.grpc.server.leader.outstanding.appends.max = 128 (default)
2022-07-21 18:24:33,258 [omNode-2@group-6C22E66A003A-LeaderElection7] INFO  server.RaftServerConfigKeys (ConfUtils.java:logGet(46)) - raft.server.rpc.request.timeout = 3000ms (default)
2022-07-21 18:24:33,258 [omNode-2@group-6C22E66A003A-LeaderElection7] INFO  server.RaftServerConfigKeys (ConfUtils.java:logGet(46)) - raft.server.log.appender.install.snapshot.enabled = false (custom)
2022-07-21 18:24:33,258 [omNode-2@group-6C22E66A003A-LeaderElection7] INFO  impl.RoleInfo (RoleInfo.java:updateAndGet(139)) - omNode-2: start omNode-2@group-6C22E66A003A-LeaderStateImpl
2022-07-21 18:24:33,258 [omNode-2@group-6C22E66A003A-LeaderElection7] INFO  segmented.SegmentedRaftLogWorker (SegmentedRaftLogWorker.java:rollLogSegment(430)) - omNode-2@group-6C22E66A003A-SegmentedRaftLogWorker: Rolling segment log-0_0 to index:0
2022-07-21 18:24:33,260 [omNode-2@group-6C22E66A003A-SegmentedRaftLogWorker] INFO  segmented.SegmentedRaftLogWorker (SegmentedRaftLogWorker.java:execute(586)) - omNode-2@group-6C22E66A003A-SegmentedRaftLogWorker: Rolled log segment from /home/runner/work/ozone/ozone/hadoop-ozone/integration-test/target/test-dir/MiniOzoneClusterImpl-c56c5c68-8a55-4647-89a4-dc8bb834fa26/omNode-2/ratis/9c9825ce-8ba7-3ee6-a7c3-6c22e66a003a/current/log_inprogress_0 to /home/runner/work/ozone/ozone/hadoop-ozone/integration-test/target/test-dir/MiniOzoneClusterImpl-c56c5c68-8a55-4647-89a4-dc8bb834fa26/omNode-2/ratis/9c9825ce-8ba7-3ee6-a7c3-6c22e66a003a/current/log_0-0
2022-07-21 18:24:33,269 [omNode-2@group-6C22E66A003A-LeaderElection7] INFO  server.RaftServer$Division (ServerState.java:setRaftConf(393)) - omNode-2@group-6C22E66A003A: set configuration 1: [omNode-3|rpc:localhost:44469|admin:|client:|dataStream:|priority:0, omNode-1|rpc:localhost:41041|admin:|client:|dataStream:|priority:0, omNode-2|rpc:localhost:36377|admin:|client:|dataStream:|priority:0], old=null
2022-07-21 18:24:33,276 [omNode-3-server-thread1] INFO  server.RaftServer$Division (ServerState.java:setLeader(287)) - omNode-3@group-6C22E66A003A: change Leader from null to omNode-2 at term 4 for appendEntries, leader elected after 1205ms
2022-07-21 18:24:33,284 [omNode-2@group-6C22E66A003A-SegmentedRaftLogWorker] INFO  segmented.SegmentedRaftLogWorker (SegmentedRaftLogWorker.java:execute(629)) - omNode-2@group-6C22E66A003A-SegmentedRaftLogWorker: created new log segment /home/runner/work/ozone/ozone/hadoop-ozone/integration-test/target/test-dir/MiniOzoneClusterImpl-c56c5c68-8a55-4647-89a4-dc8bb834fa26/omNode-2/ratis/9c9825ce-8ba7-3ee6-a7c3-6c22e66a003a/current/log_inprogress_1
2022-07-21 18:24:33,285 [omNode-1-server-thread1] INFO  server.RaftServer$Division (ServerState.java:setLeader(287)) - omNode-1@group-6C22E66A003A: change Leader from null to omNode-2 at term 4 for appendEntries, leader elected after 5548ms
2022-07-21 18:24:33,286 [omNode-1-server-thread1] INFO  server.RaftServer$Division (RaftServerImpl.java:checkInconsistentAppendEntries(1424)) - omNode-1@group-6C22E66A003A: Failed appendEntries as previous log entry ((t:1, i:0)) is not found
2022-07-21 18:24:33,286 [omNode-1-server-thread1] INFO  server.RaftServer$Division (RaftServerImpl.java:checkInconsistentAppendEntries(1394)) - omNode-1@group-6C22E66A003A: inconsistency entries. Reply:omNode-2<-omNode-1#0:FAIL-t4,INCONSISTENCY,nextIndex=0,followerCommit=-1
2022-07-21 18:24:33,286 [omNode-3-server-thread1] INFO  server.RaftServer$Division (ServerState.java:setRaftConf(393)) - omNode-3@group-6C22E66A003A: set configuration 1: [omNode-3|rpc:localhost:44469|admin:|client:|dataStream:|priority:0, omNode-1|rpc:localhost:41041|admin:|client:|dataStream:|priority:0, omNode-2|rpc:localhost:36377|admin:|client:|dataStream:|priority:0], old=null
2022-07-21 18:24:33,286 [omNode-3-server-thread1] INFO  segmented.SegmentedRaftLogWorker (SegmentedRaftLogWorker.java:rollLogSegment(430)) - omNode-3@group-6C22E66A003A-SegmentedRaftLogWorker: Rolling segment log-0_0 to index:0
2022-07-21 18:24:33,287 [omNode-3@group-6C22E66A003A-SegmentedRaftLogWorker] INFO  segmented.SegmentedRaftLogWorker (SegmentedRaftLogWorker.java:execute(586)) - omNode-3@group-6C22E66A003A-SegmentedRaftLogWorker: Rolled log segment from /home/runner/work/ozone/ozone/hadoop-ozone/integration-test/target/test-dir/MiniOzoneClusterImpl-c56c5c68-8a55-4647-89a4-dc8bb834fa26/omNode-3/ratis/9c9825ce-8ba7-3ee6-a7c3-6c22e66a003a/current/log_inprogress_0 to /home/runner/work/ozone/ozone/hadoop-ozone/integration-test/target/test-dir/MiniOzoneClusterImpl-c56c5c68-8a55-4647-89a4-dc8bb834fa26/omNode-3/ratis/9c9825ce-8ba7-3ee6-a7c3-6c22e66a003a/current/log_0-0
2022-07-21 18:24:33,290 [omNode-1-server-thread1] INFO  server.RaftServer$Division (RaftServerImpl.java:checkInconsistentAppendEntries(1424)) - omNode-1@group-6C22E66A003A: Failed appendEntries as previous log entry ((t:1, i:0)) is not found
2022-07-21 18:24:33,291 [omNode-1-server-thread1] INFO  server.RaftServer$Division (RaftServerImpl.java:checkInconsistentAppendEntries(1394)) - omNode-1@group-6C22E66A003A: inconsistency entries. Reply:omNode-2<-omNode-1#1:FAIL-t4,INCONSISTENCY,nextIndex=0,followerCommit=-1
2022-07-21 18:24:33,292 [grpc-default-executor-0] INFO  leader.FollowerInfo (FollowerInfoImpl.java:lambda$new$0(48)) - omNode-2@group-6C22E66A003A->omNode-1: nextIndex: updateUnconditionally 2 -> 0
2022-07-21 18:24:33,293 [omNode-1-server-thread1] INFO  server.RaftServer$Division (RaftServerImpl.java:checkInconsistentAppendEntries(1424)) - omNode-1@group-6C22E66A003A: Failed appendEntries as previous log entry ((t:4, i:1)) is not found
2022-07-21 18:24:33,295 [omNode-1-server-thread1] INFO  server.RaftServer$Division (RaftServerImpl.java:checkInconsistentAppendEntries(1394)) - omNode-1@group-6C22E66A003A: inconsistency entries. Reply:omNode-2<-omNode-1#2:FAIL-t4,INCONSISTENCY,nextIndex=0,followerCommit=-1
2022-07-21 18:24:33,295 [grpc-default-executor-0] INFO  leader.FollowerInfo (FollowerInfoImpl.java:lambda$new$0(48)) - omNode-2@group-6C22E66A003A->omNode-1: nextIndex: updateUnconditionally 2 -> 0
2022-07-21 18:24:33,299 [omNode-1-server-thread1] INFO  server.RaftServer$Division (ServerState.java:setRaftConf(393)) - omNode-1@group-6C22E66A003A: set configuration 0: [omNode-3|rpc:localhost:44469|admin:|client:|dataStream:|priority:0, omNode-1|rpc:localhost:41041|admin:|client:|dataStream:|priority:0, omNode-2|rpc:localhost:36377|admin:|client:|dataStream:|priority:0], old=null
2022-07-21 18:24:33,300 [omNode-1-server-thread1] INFO  server.RaftServer$Division (ServerState.java:setRaftConf(393)) - omNode-1@group-6C22E66A003A: set configuration 1: [omNode-3|rpc:localhost:44469|admin:|client:|dataStream:|priority:0, omNode-1|rpc:localhost:41041|admin:|client:|dataStream:|priority:0, omNode-2|rpc:localhost:36377|admin:|client:|dataStream:|priority:0], old=null
2022-07-21 18:24:33,300 [omNode-1-server-thread1] INFO  segmented.SegmentedRaftLogWorker (SegmentedRaftLogWorker.java:startLogSegment(425)) - omNode-1@group-6C22E66A003A-SegmentedRaftLogWorker: Starting segment from index:0
2022-07-21 18:24:33,300 [omNode-1-server-thread1] INFO  segmented.SegmentedRaftLogWorker (SegmentedRaftLogWorker.java:rollLogSegment(430)) - omNode-1@group-6C22E66A003A-SegmentedRaftLogWorker: Rolling segment log-0_0 to index:0
2022-07-21 18:24:33,301 [omNode-1-server-thread1] INFO  server.RaftServer$Division (ServerState.java:setRaftConf(393)) - omNode-1@group-6C22E66A003A: set configuration 0: [omNode-3|rpc:localhost:44469|admin:|client:|dataStream:|priority:0, omNode-1|rpc:localhost:41041|admin:|client:|dataStream:|priority:0, omNode-2|rpc:localhost:36377|admin:|client:|dataStream:|priority:0], old=null
2022-07-21 18:24:33,301 [omNode-1-server-thread1] INFO  server.RaftServer$Division (ServerState.java:setRaftConf(393)) - omNode-1@group-6C22E66A003A: set configuration 1: [omNode-3|rpc:localhost:44469|admin:|client:|dataStream:|priority:0, omNode-1|rpc:localhost:41041|admin:|client:|dataStream:|priority:0, omNode-2|rpc:localhost:36377|admin:|client:|dataStream:|priority:0], old=null
2022-07-21 18:24:33,302 [grpc-default-executor-0] INFO  leader.FollowerInfo (FollowerInfoImpl.java:lambda$new$0(48)) - omNode-2@group-6C22E66A003A->omNode-1: nextIndex: updateUnconditionally 2 -> 0
2022-07-21 18:24:33,303 [omNode-1-server-thread1] INFO  server.RaftServer$Division (ServerState.java:setRaftConf(393)) - omNode-1@group-6C22E66A003A: set configuration 0: [omNode-3|rpc:localhost:44469|admin:|client:|dataStream:|priority:0, omNode-1|rpc:localhost:41041|admin:|client:|dataStream:|priority:0, omNode-2|rpc:localhost:36377|admin:|client:|dataStream:|priority:0], old=null
2022-07-21 18:24:33,303 [omNode-1-server-thread1] INFO  server.RaftServer$Division (ServerState.java:setRaftConf(393)) - omNode-1@group-6C22E66A003A: set configuration 1: [omNode-3|rpc:localhost:44469|admin:|client:|dataStream:|priority:0, omNode-1|rpc:localhost:41041|admin:|client:|dataStream:|priority:0, omNode-2|rpc:localhost:36377|admin:|client:|dataStream:|priority:0], old=null
2022-07-21 18:24:33,312 [omNode-3@group-6C22E66A003A-SegmentedRaftLogWorker] INFO  segmented.SegmentedRaftLogWorker (SegmentedRaftLogWorker.java:execute(629)) - omNode-3@group-6C22E66A003A-SegmentedRaftLogWorker: created new log segment /home/runner/work/ozone/ozone/hadoop-ozone/integration-test/target/test-dir/MiniOzoneClusterImpl-c56c5c68-8a55-4647-89a4-dc8bb834fa26/omNode-3/ratis/9c9825ce-8ba7-3ee6-a7c3-6c22e66a003a/current/log_inprogress_1
2022-07-21 18:24:33,312 [omNode-1@group-6C22E66A003A-SegmentedRaftLogWorker] INFO  segmented.SegmentedRaftLogWorker (SegmentedRaftLogWorker.java:execute(629)) - omNode-1@group-6C22E66A003A-SegmentedRaftLogWorker: created new log segment /home/runner/work/ozone/ozone/hadoop-ozone/integration-test/target/test-dir/MiniOzoneClusterImpl-c56c5c68-8a55-4647-89a4-dc8bb834fa26/omNode-1/ratis/9c9825ce-8ba7-3ee6-a7c3-6c22e66a003a/current/log_inprogress_0
2022-07-21 18:24:33,316 [omNode-2@group-6C22E66A003A-StateMachineUpdater] INFO  ratis.OzoneManagerStateMachine (OzoneManagerStateMachine.java:notifyConfigurationChanged(192)) - Received Configuration change notification from Ratis. New Peer list:
[id: "omNode-3"
address: "localhost:44469"
, id: "omNode-1"
address: "localhost:41041"
, id: "omNode-2"
address: "localhost:36377"
]
2022-07-21 18:24:33,317 [omNode-1@group-6C22E66A003A-SegmentedRaftLogWorker] INFO  segmented.SegmentedRaftLogWorker (SegmentedRaftLogWorker.java:execute(586)) - omNode-1@group-6C22E66A003A-SegmentedRaftLogWorker: Rolled log segment from /home/runner/work/ozone/ozone/hadoop-ozone/integration-test/target/test-dir/MiniOzoneClusterImpl-c56c5c68-8a55-4647-89a4-dc8bb834fa26/omNode-1/ratis/9c9825ce-8ba7-3ee6-a7c3-6c22e66a003a/current/log_inprogress_0 to /home/runner/work/ozone/ozone/hadoop-ozone/integration-test/target/test-dir/MiniOzoneClusterImpl-c56c5c68-8a55-4647-89a4-dc8bb834fa26/omNode-1/ratis/9c9825ce-8ba7-3ee6-a7c3-6c22e66a003a/current/log_0-0
2022-07-21 18:24:33,322 [omNode-3@group-6C22E66A003A-StateMachineUpdater] INFO  ratis.OzoneManagerStateMachine (OzoneManagerStateMachine.java:notifyConfigurationChanged(192)) - Received Configuration change notification from Ratis. New Peer list:
[id: "omNode-3"
address: "localhost:44469"
, id: "omNode-1"
address: "localhost:41041"
, id: "omNode-2"
address: "localhost:36377"
]
2022-07-21 18:24:33,330 [omNode-1@group-6C22E66A003A-SegmentedRaftLogWorker] INFO  segmented.SegmentedRaftLogWorker (SegmentedRaftLogWorker.java:execute(629)) - omNode-1@group-6C22E66A003A-SegmentedRaftLogWorker: created new log segment /home/runner/work/ozone/ozone/hadoop-ozone/integration-test/target/test-dir/MiniOzoneClusterImpl-c56c5c68-8a55-4647-89a4-dc8bb834fa26/omNode-1/ratis/9c9825ce-8ba7-3ee6-a7c3-6c22e66a003a/current/log_inprogress_1
2022-07-21 18:24:33,336 [omNode-1@group-6C22E66A003A-StateMachineUpdater] INFO  ratis.OzoneManagerStateMachine (OzoneManagerStateMachine.java:notifyConfigurationChanged(192)) - Received Configuration change notification from Ratis. New Peer list:
[id: "omNode-3"
address: "localhost:44469"
, id: "omNode-1"
address: "localhost:41041"
, id: "omNode-2"
address: "localhost:36377"
]
2022-07-21 18:24:33,337 [omNode-1@group-6C22E66A003A-StateMachineUpdater] INFO  ratis.OzoneManagerStateMachine (OzoneManagerStateMachine.java:notifyConfigurationChanged(192)) - Received Configuration change notification from Ratis. New Peer list:
[id: "omNode-3"
address: "localhost:44469"
, id: "omNode-1"
address: "localhost:41041"
, id: "omNode-2"
address: "localhost:36377"
]
2022-07-21 18:24:33,948 [Listener at 127.0.0.1/34741] INFO  ozone.MiniOzoneClusterImpl (MiniOzoneClusterImpl.java:lambda$waitForClusterToBeReady$0(216)) - Waiting for nodes to be ready. Got 0 of 3 DN Heartbeats.
2022-07-21 18:24:33,949 [Listener at 127.0.0.1/34741] INFO  ozone.MiniOzoneClusterImpl (MiniOzoneClusterImpl.java:lambda$waitForClusterToBeReady$0(219)) - Waiting for cluster to exit safe mode
2022-07-21 18:24:33,949 [Listener at 127.0.0.1/34741] INFO  ozone.MiniOzoneClusterImpl (MiniOzoneClusterImpl.java:lambda$waitForClusterToBeReady$0(221)) - SCM became leader
2022-07-21 18:24:34,115 [EndpointStateMachine task thread for /127.0.0.1:38303 - 0 ] INFO  volume.HddsVolume (HddsVolume.java:createDbStore(309)) - SchemaV3 db is created and loaded at /home/runner/work/ozone/ozone/hadoop-ozone/integration-test/target/test-dir/MiniOzoneClusterImpl-c56c5c68-8a55-4647-89a4-dc8bb834fa26/datanode-0/data-0/containers/hdds/c56c5c68-8a55-4647-89a4-dc8bb834fa26/DS-e2fb83cd-e29f-45c5-adb7-acbbded74176/container.db for volume DS-e2fb83cd-e29f-45c5-adb7-acbbded74176
2022-07-21 18:24:34,124 [EndpointStateMachine task thread for /127.0.0.1:38303 - 0 ] INFO  volume.HddsVolume (HddsVolume.java:closeDbStore(340)) - SchemaV3 db is stopped at /home/runner/work/ozone/ozone/hadoop-ozone/integration-test/target/test-dir/MiniOzoneClusterImpl-c56c5c68-8a55-4647-89a4-dc8bb834fa26/datanode-0/data-0/containers/hdds/c56c5c68-8a55-4647-89a4-dc8bb834fa26/DS-e2fb83cd-e29f-45c5-adb7-acbbded74176/container.db for volume DS-e2fb83cd-e29f-45c5-adb7-acbbded74176
2022-07-21 18:24:34,125 [EndpointStateMachine task thread for /127.0.0.1:38303 - 0 ] INFO  ozoneimpl.OzoneContainer (OzoneContainer.java:start(377)) - Attempting to start container services.
2022-07-21 18:24:34,127 [EndpointStateMachine task thread for /127.0.0.1:38303 - 0 ] INFO  ozoneimpl.OzoneContainer (OzoneContainer.java:startContainerScrub(312)) - Background container scanner has been disabled.
2022-07-21 18:24:34,132 [EndpointStateMachine task thread for /127.0.0.1:38303 - 0 ] INFO  replication.ReplicationServer (ReplicationServer.java:start(111)) - ReplicationServer is started using port 38749
2022-07-21 18:24:34,135 [EndpointStateMachine task thread for /127.0.0.1:38303 - 0 ] INFO  ratis.XceiverServerRatis (XceiverServerRatis.java:start(481)) - Starting XceiverServerRatis 5d1fd1ad-3ffc-45d7-9cc9-017894943827
2022-07-21 18:24:34,136 [EndpointStateMachine task thread for /127.0.0.1:38303 - 0 ] INFO  server.RaftServer (RaftServerProxy.java:lambda$start$6(382)) - 5d1fd1ad-3ffc-45d7-9cc9-017894943827: start RPC server
2022-07-21 18:24:34,141 [EndpointStateMachine task thread for /127.0.0.1:38303 - 0 ] INFO  server.GrpcService (GrpcService.java:startImpl(260)) - 5d1fd1ad-3ffc-45d7-9cc9-017894943827: GrpcService started, listening on 39605
2022-07-21 18:24:34,142 [EndpointStateMachine task thread for /127.0.0.1:38303 - 0 ] INFO  ratis.XceiverServerRatis (XceiverServerRatis.java:getRealPort(502)) - XceiverServerRatis 5d1fd1ad-3ffc-45d7-9cc9-017894943827 is started using port 39605 for RATIS
2022-07-21 18:24:34,142 [EndpointStateMachine task thread for /127.0.0.1:38303 - 0 ] INFO  ratis.XceiverServerRatis (XceiverServerRatis.java:getRealPort(502)) - XceiverServerRatis 5d1fd1ad-3ffc-45d7-9cc9-017894943827 is started using port 39605 for RATIS_ADMIN
2022-07-21 18:24:34,142 [EndpointStateMachine task thread for /127.0.0.1:38303 - 0 ] INFO  ratis.XceiverServerRatis (XceiverServerRatis.java:getRealPort(502)) - XceiverServerRatis 5d1fd1ad-3ffc-45d7-9cc9-017894943827 is started using port 39605 for RATIS_SERVER
2022-07-21 18:24:34,142 [org.apache.ratis.util.JvmPauseMonitor$$Lambda$519/1846153014@33b098dc] INFO  util.JvmPauseMonitor (JvmPauseMonitor.java:run(103)) - JvmPauseMonitor-5d1fd1ad-3ffc-45d7-9cc9-017894943827: Started
2022-07-21 18:24:34,146 [EndpointStateMachine task thread for /127.0.0.1:38303 - 0 ] INFO  server.XceiverServerGrpc (XceiverServerGrpc.java:start(180)) - XceiverServerGrpc 5d1fd1ad-3ffc-45d7-9cc9-017894943827 is started using port 39517
2022-07-21 18:24:34,167 [EndpointStateMachine task thread for /127.0.0.1:40299 - 0 ] INFO  ozoneimpl.OzoneContainer (OzoneContainer.java:start(373)) - Ignore. OzoneContainer already started.
2022-07-21 18:24:34,167 [EndpointStateMachine task thread for /127.0.0.1:44825 - 0 ] INFO  ozoneimpl.OzoneContainer (OzoneContainer.java:start(373)) - Ignore. OzoneContainer already started.
2022-07-21 18:24:34,495 [EndpointStateMachine task thread for /127.0.0.1:38303 - 0 ] INFO  volume.HddsVolume (HddsVolume.java:createDbStore(309)) - SchemaV3 db is created and loaded at /home/runner/work/ozone/ozone/hadoop-ozone/integration-test/target/test-dir/MiniOzoneClusterImpl-c56c5c68-8a55-4647-89a4-dc8bb834fa26/datanode-1/data-0/containers/hdds/c56c5c68-8a55-4647-89a4-dc8bb834fa26/DS-e9f8d312-0e91-4603-aa15-33d3036c4465/container.db for volume DS-e9f8d312-0e91-4603-aa15-33d3036c4465
2022-07-21 18:24:34,496 [EndpointStateMachine task thread for /127.0.0.1:38303 - 0 ] INFO  volume.HddsVolume (HddsVolume.java:closeDbStore(340)) - SchemaV3 db is stopped at /home/runner/work/ozone/ozone/hadoop-ozone/integration-test/target/test-dir/MiniOzoneClusterImpl-c56c5c68-8a55-4647-89a4-dc8bb834fa26/datanode-1/data-0/containers/hdds/c56c5c68-8a55-4647-89a4-dc8bb834fa26/DS-e9f8d312-0e91-4603-aa15-33d3036c4465/container.db for volume DS-e9f8d312-0e91-4603-aa15-33d3036c4465
2022-07-21 18:24:34,496 [EndpointStateMachine task thread for /127.0.0.1:38303 - 0 ] INFO  ozoneimpl.OzoneContainer (OzoneContainer.java:start(377)) - Attempting to start container services.
2022-07-21 18:24:34,496 [EndpointStateMachine task thread for /127.0.0.1:38303 - 0 ] INFO  ozoneimpl.OzoneContainer (OzoneContainer.java:startContainerScrub(312)) - Background container scanner has been disabled.
2022-07-21 18:24:34,500 [EndpointStateMachine task thread for /127.0.0.1:38303 - 0 ] INFO  replication.ReplicationServer (ReplicationServer.java:start(111)) - ReplicationServer is started using port 36687
2022-07-21 18:24:34,501 [EndpointStateMachine task thread for /127.0.0.1:38303 - 0 ] INFO  ratis.XceiverServerRatis (XceiverServerRatis.java:start(481)) - Starting XceiverServerRatis 0155c29a-c486-4ab3-a60c-46cc4bf5ae0a
2022-07-21 18:24:34,503 [EndpointStateMachine task thread for /127.0.0.1:38303 - 0 ] INFO  server.RaftServer (RaftServerProxy.java:lambda$start$6(382)) - 0155c29a-c486-4ab3-a60c-46cc4bf5ae0a: start RPC server
2022-07-21 18:24:34,506 [EndpointStateMachine task thread for /127.0.0.1:38303 - 0 ] INFO  server.GrpcService (GrpcService.java:startImpl(260)) - 0155c29a-c486-4ab3-a60c-46cc4bf5ae0a: GrpcService started, listening on 39157
2022-07-21 18:24:34,506 [EndpointStateMachine task thread for /127.0.0.1:38303 - 0 ] INFO  ratis.XceiverServerRatis (XceiverServerRatis.java:getRealPort(502)) - XceiverServerRatis 0155c29a-c486-4ab3-a60c-46cc4bf5ae0a is started using port 39157 for RATIS
2022-07-21 18:24:34,506 [EndpointStateMachine task thread for /127.0.0.1:38303 - 0 ] INFO  ratis.XceiverServerRatis (XceiverServerRatis.java:getRealPort(502)) - XceiverServerRatis 0155c29a-c486-4ab3-a60c-46cc4bf5ae0a is started using port 39157 for RATIS_ADMIN
2022-07-21 18:24:34,506 [EndpointStateMachine task thread for /127.0.0.1:38303 - 0 ] INFO  ratis.XceiverServerRatis (XceiverServerRatis.java:getRealPort(502)) - XceiverServerRatis 0155c29a-c486-4ab3-a60c-46cc4bf5ae0a is started using port 39157 for RATIS_SERVER
2022-07-21 18:24:34,507 [org.apache.ratis.util.JvmPauseMonitor$$Lambda$519/1846153014@6d5846ef] INFO  util.JvmPauseMonitor (JvmPauseMonitor.java:run(103)) - JvmPauseMonitor-0155c29a-c486-4ab3-a60c-46cc4bf5ae0a: Started
2022-07-21 18:24:34,521 [EndpointStateMachine task thread for /127.0.0.1:38303 - 0 ] INFO  server.XceiverServerGrpc (XceiverServerGrpc.java:start(180)) - XceiverServerGrpc 0155c29a-c486-4ab3-a60c-46cc4bf5ae0a is started using port 35983
2022-07-21 18:24:34,524 [EndpointStateMachine task thread for /127.0.0.1:44825 - 0 ] INFO  ozoneimpl.OzoneContainer (OzoneContainer.java:start(373)) - Ignore. OzoneContainer already started.
2022-07-21 18:24:34,524 [EndpointStateMachine task thread for /127.0.0.1:40299 - 0 ] INFO  ozoneimpl.OzoneContainer (OzoneContainer.java:start(373)) - Ignore. OzoneContainer already started.
2022-07-21 18:24:34,949 [Listener at 127.0.0.1/34741] INFO  ozone.MiniOzoneClusterImpl (MiniOzoneClusterImpl.java:lambda$waitForClusterToBeReady$0(216)) - Waiting for nodes to be ready. Got 0 of 3 DN Heartbeats.
2022-07-21 18:24:34,949 [Listener at 127.0.0.1/34741] INFO  ozone.MiniOzoneClusterImpl (MiniOzoneClusterImpl.java:lambda$waitForClusterToBeReady$0(219)) - Waiting for cluster to exit safe mode
2022-07-21 18:24:34,949 [Listener at 127.0.0.1/34741] INFO  ozone.MiniOzoneClusterImpl (MiniOzoneClusterImpl.java:lambda$waitForClusterToBeReady$0(221)) - SCM became leader
2022-07-21 18:24:35,080 [EndpointStateMachine task thread for /127.0.0.1:38303 - 0 ] INFO  volume.HddsVolume (HddsVolume.java:createDbStore(309)) - SchemaV3 db is created and loaded at /home/runner/work/ozone/ozone/hadoop-ozone/integration-test/target/test-dir/MiniOzoneClusterImpl-c56c5c68-8a55-4647-89a4-dc8bb834fa26/datanode-2/data-0/containers/hdds/c56c5c68-8a55-4647-89a4-dc8bb834fa26/DS-43425327-bf2b-4707-bec2-ec9a9e7d734d/container.db for volume DS-43425327-bf2b-4707-bec2-ec9a9e7d734d
2022-07-21 18:24:35,080 [EndpointStateMachine task thread for /127.0.0.1:38303 - 0 ] INFO  volume.HddsVolume (HddsVolume.java:closeDbStore(340)) - SchemaV3 db is stopped at /home/runner/work/ozone/ozone/hadoop-ozone/integration-test/target/test-dir/MiniOzoneClusterImpl-c56c5c68-8a55-4647-89a4-dc8bb834fa26/datanode-2/data-0/containers/hdds/c56c5c68-8a55-4647-89a4-dc8bb834fa26/DS-43425327-bf2b-4707-bec2-ec9a9e7d734d/container.db for volume DS-43425327-bf2b-4707-bec2-ec9a9e7d734d
2022-07-21 18:24:35,081 [EndpointStateMachine task thread for /127.0.0.1:38303 - 0 ] INFO  ozoneimpl.OzoneContainer (OzoneContainer.java:start(377)) - Attempting to start container services.
2022-07-21 18:24:35,081 [EndpointStateMachine task thread for /127.0.0.1:38303 - 0 ] INFO  ozoneimpl.OzoneContainer (OzoneContainer.java:startContainerScrub(312)) - Background container scanner has been disabled.
2022-07-21 18:24:35,084 [EndpointStateMachine task thread for /127.0.0.1:38303 - 0 ] INFO  replication.ReplicationServer (ReplicationServer.java:start(111)) - ReplicationServer is started using port 35565
2022-07-21 18:24:35,086 [EndpointStateMachine task thread for /127.0.0.1:38303 - 0 ] INFO  ratis.XceiverServerRatis (XceiverServerRatis.java:start(481)) - Starting XceiverServerRatis e726e41b-5eae-4257-b10a-91e952b7f2e4
2022-07-21 18:24:35,087 [EndpointStateMachine task thread for /127.0.0.1:38303 - 0 ] INFO  server.RaftServer (RaftServerProxy.java:lambda$start$6(382)) - e726e41b-5eae-4257-b10a-91e952b7f2e4: start RPC server
2022-07-21 18:24:35,091 [EndpointStateMachine task thread for /127.0.0.1:38303 - 0 ] INFO  server.GrpcService (GrpcService.java:startImpl(260)) - e726e41b-5eae-4257-b10a-91e952b7f2e4: GrpcService started, listening on 33341
2022-07-21 18:24:35,091 [EndpointStateMachine task thread for /127.0.0.1:38303 - 0 ] INFO  ratis.XceiverServerRatis (XceiverServerRatis.java:getRealPort(502)) - XceiverServerRatis e726e41b-5eae-4257-b10a-91e952b7f2e4 is started using port 33341 for RATIS
2022-07-21 18:24:35,091 [org.apache.ratis.util.JvmPauseMonitor$$Lambda$519/1846153014@27fc49f9] INFO  util.JvmPauseMonitor (JvmPauseMonitor.java:run(103)) - JvmPauseMonitor-e726e41b-5eae-4257-b10a-91e952b7f2e4: Started
2022-07-21 18:24:35,091 [EndpointStateMachine task thread for /127.0.0.1:38303 - 0 ] INFO  ratis.XceiverServerRatis (XceiverServerRatis.java:getRealPort(502)) - XceiverServerRatis e726e41b-5eae-4257-b10a-91e952b7f2e4 is started using port 33341 for RATIS_ADMIN
2022-07-21 18:24:35,091 [EndpointStateMachine task thread for /127.0.0.1:38303 - 0 ] INFO  ratis.XceiverServerRatis (XceiverServerRatis.java:getRealPort(502)) - XceiverServerRatis e726e41b-5eae-4257-b10a-91e952b7f2e4 is started using port 33341 for RATIS_SERVER
2022-07-21 18:24:35,096 [EndpointStateMachine task thread for /127.0.0.1:38303 - 0 ] INFO  server.XceiverServerGrpc (XceiverServerGrpc.java:start(180)) - XceiverServerGrpc e726e41b-5eae-4257-b10a-91e952b7f2e4 is started using port 42271
2022-07-21 18:24:35,097 [EndpointStateMachine task thread for /127.0.0.1:40299 - 0 ] INFO  ozoneimpl.OzoneContainer (OzoneContainer.java:start(373)) - Ignore. OzoneContainer already started.
2022-07-21 18:24:35,099 [EndpointStateMachine task thread for /127.0.0.1:44825 - 0 ] INFO  ozoneimpl.OzoneContainer (OzoneContainer.java:start(373)) - Ignore. OzoneContainer already started.
2022-07-21 18:24:35,954 [Listener at 127.0.0.1/34741] INFO  ozone.MiniOzoneClusterImpl (MiniOzoneClusterImpl.java:lambda$waitForClusterToBeReady$0(216)) - Waiting for nodes to be ready. Got 0 of 3 DN Heartbeats.
2022-07-21 18:24:35,954 [Listener at 127.0.0.1/34741] INFO  ozone.MiniOzoneClusterImpl (MiniOzoneClusterImpl.java:lambda$waitForClusterToBeReady$0(219)) - Waiting for cluster to exit safe mode
2022-07-21 18:24:35,954 [Listener at 127.0.0.1/34741] INFO  ozone.MiniOzoneClusterImpl (MiniOzoneClusterImpl.java:lambda$waitForClusterToBeReady$0(221)) - SCM became leader
2022-07-21 18:24:35,992 [IPC Server handler 0 on default port 40299] INFO  net.NetworkTopologyImpl (NetworkTopologyImpl.java:add(112)) - Added a new node: /default-rack/5d1fd1ad-3ffc-45d7-9cc9-017894943827
2022-07-21 18:24:35,992 [IPC Server handler 13 on default port 38303] INFO  net.NetworkTopologyImpl (NetworkTopologyImpl.java:add(112)) - Added a new node: /default-rack/5d1fd1ad-3ffc-45d7-9cc9-017894943827
2022-07-21 18:24:35,996 [IPC Server handler 13 on default port 38303] INFO  node.SCMNodeManager (SCMNodeManager.java:register(397)) - Registered Data node : 5d1fd1ad-3ffc-45d7-9cc9-017894943827{ip: 127.0.0.1, host: localhost, ports: [REPLICATION=38749, RATIS=39605, RATIS_ADMIN=39605, RATIS_SERVER=39605, STANDALONE=39517], networkLocation: /default-rack, certSerialId: null, persistedOpState: null, persistedOpStateExpiryEpochSec: 0}
2022-07-21 18:24:35,996 [IPC Server handler 0 on default port 40299] INFO  node.SCMNodeManager (SCMNodeManager.java:register(397)) - Registered Data node : 5d1fd1ad-3ffc-45d7-9cc9-017894943827{ip: 127.0.0.1, host: localhost, ports: [REPLICATION=38749, RATIS=39605, RATIS_ADMIN=39605, RATIS_SERVER=39605, STANDALONE=39517], networkLocation: /default-rack, certSerialId: null, persistedOpState: null, persistedOpStateExpiryEpochSec: 0}
2022-07-21 18:24:35,998 [IPC Server handler 24 on default port 44825] INFO  net.NetworkTopologyImpl (NetworkTopologyImpl.java:add(112)) - Added a new node: /default-rack/5d1fd1ad-3ffc-45d7-9cc9-017894943827
2022-07-21 18:24:35,998 [IPC Server handler 24 on default port 44825] INFO  node.SCMNodeManager (SCMNodeManager.java:register(397)) - Registered Data node : 5d1fd1ad-3ffc-45d7-9cc9-017894943827{ip: 127.0.0.1, host: localhost, ports: [REPLICATION=38749, RATIS=39605, RATIS_ADMIN=39605, RATIS_SERVER=39605, STANDALONE=39517], networkLocation: /default-rack, certSerialId: null, persistedOpState: null, persistedOpStateExpiryEpochSec: 0}
2022-07-21 18:24:36,003 [EventQueue-NewNodeForNewNodeHandler] INFO  pipeline.BackgroundPipelineCreator (BackgroundPipelineCreator.java:notifyEventTriggered(269)) - ignore, not leader SCM.
2022-07-21 18:24:36,003 [EventQueue-NodeRegistrationContainerReportForContainerSafeModeRule] INFO  safemode.SCMSafeModeManager (SCMSafeModeManager.java:validateSafeModeExitRules(204)) - ContainerSafeModeRule rule is successfully validated
2022-07-21 18:24:36,003 [EventQueue-NodeRegistrationContainerReportForDataNodeSafeModeRule] INFO  safemode.SCMSafeModeManager (DataNodeSafeModeRule.java:process(71)) - SCM in safe mode. 1 DataNodes registered, 3 required.
2022-07-21 18:24:36,011 [EventQueue-NodeRegistrationContainerReportForDataNodeSafeModeRule] INFO  safemode.SCMSafeModeManager (DataNodeSafeModeRule.java:process(71)) - SCM in safe mode. 1 DataNodes registered, 3 required.
2022-07-21 18:24:36,011 [EventQueue-NewNodeForNewNodeHandler] INFO  pipeline.BackgroundPipelineCreator (BackgroundPipelineCreator.java:notifyEventTriggered(276)) - trigger a one-shot run on RatisPipelineUtilsThread.
2022-07-21 18:24:36,012 [EventQueue-NodeRegistrationContainerReportForDataNodeSafeModeRule] INFO  safemode.SCMSafeModeManager (DataNodeSafeModeRule.java:process(71)) - SCM in safe mode. 1 DataNodes registered, 3 required.
2022-07-21 18:24:36,019 [EventQueue-NodeRegistrationContainerReportForContainerSafeModeRule] INFO  safemode.SCMSafeModeManager (SCMSafeModeManager.java:validateSafeModeExitRules(204)) - ContainerSafeModeRule rule is successfully validated
2022-07-21 18:24:36,019 [EventQueue-NodeRegistrationContainerReportForContainerSafeModeRule] INFO  safemode.SCMSafeModeManager (SCMSafeModeManager.java:validateSafeModeExitRules(204)) - ContainerSafeModeRule rule is successfully validated
2022-07-21 18:24:36,019 [EventQueue-NewNodeForNewNodeHandler] INFO  pipeline.BackgroundPipelineCreator (BackgroundPipelineCreator.java:notifyEventTriggered(269)) - ignore, not leader SCM.
2022-07-21 18:24:36,023 [EventQueue-PipelineReportForOneReplicaPipelineSafeModeRule] INFO  safemode.SCMSafeModeManager (SCMSafeModeManager.java:validateSafeModeExitRules(204)) - AtleastOneDatanodeReportedRule rule is successfully validated
2022-07-21 18:24:36,023 [EventQueue-PipelineReportForOneReplicaPipelineSafeModeRule] INFO  safemode.SCMSafeModeManager (SCMSafeModeManager.java:validateSafeModeExitRules(204)) - AtleastOneDatanodeReportedRule rule is successfully validated
2022-07-21 18:24:36,023 [EventQueue-PipelineReportForOneReplicaPipelineSafeModeRule] INFO  safemode.SCMSafeModeManager (SCMSafeModeManager.java:validateSafeModeExitRules(204)) - AtleastOneDatanodeReportedRule rule is successfully validated
2022-07-21 18:24:36,028 [RatisPipelineUtilsThread - 0] INFO  pipeline.RatisPipelineProvider (RatisPipelineProvider.java:lambda$create$0(195)) - Sending CreatePipelineCommand for pipeline:PipelineID=210a121f-b6bd-4199-affb-3b0cb489a8c6 to datanode:5d1fd1ad-3ffc-45d7-9cc9-017894943827
2022-07-21 18:24:36,102 [6c219fae-6e05-4936-867a-162ef996a9c6@group-DC8BB834FA26-StateMachineUpdater] INFO  pipeline.PipelineStateManagerImpl (PipelineStateManagerImpl.java:addPipeline(103)) - Created pipeline Pipeline[ Id: 210a121f-b6bd-4199-affb-3b0cb489a8c6, Nodes: 5d1fd1ad-3ffc-45d7-9cc9-017894943827{ip: 127.0.0.1, host: localhost, ports: [REPLICATION=38749, RATIS=39605, RATIS_ADMIN=39605, RATIS_SERVER=39605, STANDALONE=39517], networkLocation: /default-rack, certSerialId: null, persistedOpState: IN_SERVICE, persistedOpStateExpiryEpochSec: 0}, ReplicationConfig: RATIS/ONE, State:ALLOCATED, leaderId:, CreationTimestamp2022-07-21T18:24:36.024Z[Etc/UTC]].
2022-07-21 18:24:36,104 [6c219fae-6e05-4936-867a-162ef996a9c6@group-DC8BB834FA26-StateMachineUpdater] INFO  safemode.HealthyPipelineSafeModeRule (HealthyPipelineSafeModeRule.java:initializeRule(165)) - Refreshed total pipeline count is 0, healthy pipeline threshold count is 1
2022-07-21 18:24:36,112 [1195622a-6e13-4f92-83dd-ad3d63b418dc@group-DC8BB834FA26-StateMachineUpdater] INFO  pipeline.PipelineStateManagerImpl (PipelineStateManagerImpl.java:addPipeline(103)) - Created pipeline Pipeline[ Id: 210a121f-b6bd-4199-affb-3b0cb489a8c6, Nodes: 5d1fd1ad-3ffc-45d7-9cc9-017894943827{ip: 127.0.0.1, host: localhost, ports: [REPLICATION=38749, RATIS=39605, RATIS_ADMIN=39605, RATIS_SERVER=39605, STANDALONE=39517], networkLocation: /default-rack, certSerialId: null, persistedOpState: IN_SERVICE, persistedOpStateExpiryEpochSec: 0}, ReplicationConfig: RATIS/ONE, State:ALLOCATED, leaderId:, CreationTimestamp2022-07-21T18:24:36.024Z[Etc/UTC]].
2022-07-21 18:24:36,122 [1195622a-6e13-4f92-83dd-ad3d63b418dc@group-DC8BB834FA26-StateMachineUpdater] INFO  safemode.HealthyPipelineSafeModeRule (HealthyPipelineSafeModeRule.java:initializeRule(165)) - Refreshed total pipeline count is 0, healthy pipeline threshold count is 1
2022-07-21 18:24:36,124 [a989fbd8-2b6d-434f-a2fe-f7a7e8b88707@group-DC8BB834FA26-StateMachineUpdater] INFO  pipeline.PipelineStateManagerImpl (PipelineStateManagerImpl.java:addPipeline(103)) - Created pipeline Pipeline[ Id: 210a121f-b6bd-4199-affb-3b0cb489a8c6, Nodes: 5d1fd1ad-3ffc-45d7-9cc9-017894943827{ip: 127.0.0.1, host: localhost, ports: [REPLICATION=38749, RATIS=39605, RATIS_ADMIN=39605, RATIS_SERVER=39605, STANDALONE=39517], networkLocation: /default-rack, certSerialId: null, persistedOpState: IN_SERVICE, persistedOpStateExpiryEpochSec: 0}, ReplicationConfig: RATIS/ONE, State:ALLOCATED, leaderId:, CreationTimestamp2022-07-21T18:24:36.024Z[Etc/UTC]].
2022-07-21 18:24:36,129 [a989fbd8-2b6d-434f-a2fe-f7a7e8b88707@group-DC8BB834FA26-StateMachineUpdater] INFO  safemode.HealthyPipelineSafeModeRule (HealthyPipelineSafeModeRule.java:initializeRule(165)) - Refreshed total pipeline count is 0, healthy pipeline threshold count is 1
2022-07-21 18:24:36,445 [IPC Server handler 25 on default port 44825] INFO  net.NetworkTopologyImpl (NetworkTopologyImpl.java:add(112)) - Added a new node: /default-rack/0155c29a-c486-4ab3-a60c-46cc4bf5ae0a
2022-07-21 18:24:36,446 [IPC Server handler 25 on default port 44825] INFO  node.SCMNodeManager (SCMNodeManager.java:register(397)) - Registered Data node : 0155c29a-c486-4ab3-a60c-46cc4bf5ae0a{ip: 127.0.0.1, host: localhost, ports: [REPLICATION=36687, RATIS=39157, RATIS_ADMIN=39157, RATIS_SERVER=39157, STANDALONE=35983], networkLocation: /default-rack, certSerialId: null, persistedOpState: null, persistedOpStateExpiryEpochSec: 0}
2022-07-21 18:24:36,447 [IPC Server handler 19 on default port 38303] INFO  net.NetworkTopologyImpl (NetworkTopologyImpl.java:add(112)) - Added a new node: /default-rack/0155c29a-c486-4ab3-a60c-46cc4bf5ae0a
2022-07-21 18:24:36,447 [IPC Server handler 19 on default port 38303] INFO  node.SCMNodeManager (SCMNodeManager.java:register(397)) - Registered Data node : 0155c29a-c486-4ab3-a60c-46cc4bf5ae0a{ip: 127.0.0.1, host: localhost, ports: [REPLICATION=36687, RATIS=39157, RATIS_ADMIN=39157, RATIS_SERVER=39157, STANDALONE=35983], networkLocation: /default-rack, certSerialId: null, persistedOpState: null, persistedOpStateExpiryEpochSec: 0}
2022-07-21 18:24:36,447 [EventQueue-NewNodeForNewNodeHandler] INFO  pipeline.BackgroundPipelineCreator (BackgroundPipelineCreator.java:notifyEventTriggered(276)) - trigger a one-shot run on RatisPipelineUtilsThread.
2022-07-21 18:24:36,445 [IPC Server handler 4 on default port 40299] INFO  net.NetworkTopologyImpl (NetworkTopologyImpl.java:add(112)) - Added a new node: /default-rack/0155c29a-c486-4ab3-a60c-46cc4bf5ae0a
2022-07-21 18:24:36,449 [EventQueue-NewNodeForNewNodeHandler] INFO  pipeline.BackgroundPipelineCreator (BackgroundPipelineCreator.java:notifyEventTriggered(269)) - ignore, not leader SCM.
2022-07-21 18:24:36,449 [IPC Server handler 4 on default port 40299] INFO  node.SCMNodeManager (SCMNodeManager.java:register(397)) - Registered Data node : 0155c29a-c486-4ab3-a60c-46cc4bf5ae0a{ip: 127.0.0.1, host: localhost, ports: [REPLICATION=36687, RATIS=39157, RATIS_ADMIN=39157, RATIS_SERVER=39157, STANDALONE=35983], networkLocation: /default-rack, certSerialId: null, persistedOpState: null, persistedOpStateExpiryEpochSec: 0}
2022-07-21 18:24:36,448 [RatisPipelineUtilsThread - 0] INFO  pipeline.RatisPipelineProvider (RatisPipelineProvider.java:lambda$create$0(195)) - Sending CreatePipelineCommand for pipeline:PipelineID=09d2265f-4958-4c23-87ac-9b8e17b1ddde to datanode:0155c29a-c486-4ab3-a60c-46cc4bf5ae0a
2022-07-21 18:24:36,448 [EventQueue-NodeRegistrationContainerReportForDataNodeSafeModeRule] INFO  safemode.SCMSafeModeManager (DataNodeSafeModeRule.java:process(71)) - SCM in safe mode. 2 DataNodes registered, 3 required.
2022-07-21 18:24:36,450 [EventQueue-NodeRegistrationContainerReportForDataNodeSafeModeRule] INFO  safemode.SCMSafeModeManager (DataNodeSafeModeRule.java:process(71)) - SCM in safe mode. 2 DataNodes registered, 3 required.
2022-07-21 18:24:36,450 [EventQueue-NewNodeForNewNodeHandler] INFO  pipeline.BackgroundPipelineCreator (BackgroundPipelineCreator.java:notifyEventTriggered(269)) - ignore, not leader SCM.
2022-07-21 18:24:36,458 [EventQueue-NodeRegistrationContainerReportForDataNodeSafeModeRule] INFO  safemode.SCMSafeModeManager (DataNodeSafeModeRule.java:process(71)) - SCM in safe mode. 2 DataNodes registered, 3 required.
2022-07-21 18:24:36,460 [6c219fae-6e05-4936-867a-162ef996a9c6@group-DC8BB834FA26-StateMachineUpdater] INFO  pipeline.PipelineStateManagerImpl (PipelineStateManagerImpl.java:addPipeline(103)) - Created pipeline Pipeline[ Id: 09d2265f-4958-4c23-87ac-9b8e17b1ddde, Nodes: 0155c29a-c486-4ab3-a60c-46cc4bf5ae0a{ip: 127.0.0.1, host: localhost, ports: [REPLICATION=36687, RATIS=39157, RATIS_ADMIN=39157, RATIS_SERVER=39157, STANDALONE=35983], networkLocation: /default-rack, certSerialId: null, persistedOpState: IN_SERVICE, persistedOpStateExpiryEpochSec: 0}, ReplicationConfig: RATIS/ONE, State:ALLOCATED, leaderId:, CreationTimestamp2022-07-21T18:24:36.448Z[Etc/UTC]].
2022-07-21 18:24:36,460 [6c219fae-6e05-4936-867a-162ef996a9c6@group-DC8BB834FA26-StateMachineUpdater] INFO  safemode.HealthyPipelineSafeModeRule (HealthyPipelineSafeModeRule.java:initializeRule(165)) - Refreshed total pipeline count is 0, healthy pipeline threshold count is 1
2022-07-21 18:24:36,468 [1195622a-6e13-4f92-83dd-ad3d63b418dc@group-DC8BB834FA26-StateMachineUpdater] INFO  pipeline.PipelineStateManagerImpl (PipelineStateManagerImpl.java:addPipeline(103)) - Created pipeline Pipeline[ Id: 09d2265f-4958-4c23-87ac-9b8e17b1ddde, Nodes: 0155c29a-c486-4ab3-a60c-46cc4bf5ae0a{ip: 127.0.0.1, host: localhost, ports: [REPLICATION=36687, RATIS=39157, RATIS_ADMIN=39157, RATIS_SERVER=39157, STANDALONE=35983], networkLocation: /default-rack, certSerialId: null, persistedOpState: IN_SERVICE, persistedOpStateExpiryEpochSec: 0}, ReplicationConfig: RATIS/ONE, State:ALLOCATED, leaderId:, CreationTimestamp2022-07-21T18:24:36.448Z[Etc/UTC]].
2022-07-21 18:24:36,470 [1195622a-6e13-4f92-83dd-ad3d63b418dc@group-DC8BB834FA26-StateMachineUpdater] INFO  safemode.HealthyPipelineSafeModeRule (HealthyPipelineSafeModeRule.java:initializeRule(165)) - Refreshed total pipeline count is 0, healthy pipeline threshold count is 1
2022-07-21 18:24:36,468 [a989fbd8-2b6d-434f-a2fe-f7a7e8b88707@group-DC8BB834FA26-StateMachineUpdater] INFO  pipeline.PipelineStateManagerImpl (PipelineStateManagerImpl.java:addPipeline(103)) - Created pipeline Pipeline[ Id: 09d2265f-4958-4c23-87ac-9b8e17b1ddde, Nodes: 0155c29a-c486-4ab3-a60c-46cc4bf5ae0a{ip: 127.0.0.1, host: localhost, ports: [REPLICATION=36687, RATIS=39157, RATIS_ADMIN=39157, RATIS_SERVER=39157, STANDALONE=35983], networkLocation: /default-rack, certSerialId: null, persistedOpState: IN_SERVICE, persistedOpStateExpiryEpochSec: 0}, ReplicationConfig: RATIS/ONE, State:ALLOCATED, leaderId:, CreationTimestamp2022-07-21T18:24:36.448Z[Etc/UTC]].
2022-07-21 18:24:36,472 [a989fbd8-2b6d-434f-a2fe-f7a7e8b88707@group-DC8BB834FA26-StateMachineUpdater] INFO  safemode.HealthyPipelineSafeModeRule (HealthyPipelineSafeModeRule.java:initializeRule(165)) - Refreshed total pipeline count is 0, healthy pipeline threshold count is 1
2022-07-21 18:24:36,956 [Listener at 127.0.0.1/34741] INFO  ozone.MiniOzoneClusterImpl (MiniOzoneClusterImpl.java:lambda$waitForClusterToBeReady$0(216)) - Waiting for nodes to be ready. Got 2 of 3 DN Heartbeats.
2022-07-21 18:24:36,959 [Listener at 127.0.0.1/34741] INFO  ozone.MiniOzoneClusterImpl (MiniOzoneClusterImpl.java:lambda$waitForClusterToBeReady$0(219)) - Waiting for cluster to exit safe mode
2022-07-21 18:24:36,959 [Listener at 127.0.0.1/34741] INFO  ozone.MiniOzoneClusterImpl (MiniOzoneClusterImpl.java:lambda$waitForClusterToBeReady$0(221)) - SCM became leader
2022-07-21 18:24:36,960 [IPC Server handler 26 on default port 44825] INFO  net.NetworkTopologyImpl (NetworkTopologyImpl.java:add(112)) - Added a new node: /default-rack/e726e41b-5eae-4257-b10a-91e952b7f2e4
2022-07-21 18:24:36,960 [IPC Server handler 26 on default port 44825] INFO  node.SCMNodeManager (SCMNodeManager.java:register(397)) - Registered Data node : e726e41b-5eae-4257-b10a-91e952b7f2e4{ip: 127.0.0.1, host: localhost, ports: [REPLICATION=35565, RATIS=33341, RATIS_ADMIN=33341, RATIS_SERVER=33341, STANDALONE=42271], networkLocation: /default-rack, certSerialId: null, persistedOpState: null, persistedOpStateExpiryEpochSec: 0}
2022-07-21 18:24:36,961 [EventQueue-NewNodeForNewNodeHandler] INFO  pipeline.BackgroundPipelineCreator (BackgroundPipelineCreator.java:notifyEventTriggered(276)) - trigger a one-shot run on RatisPipelineUtilsThread.
2022-07-21 18:24:36,961 [IPC Server handler 15 on default port 38303] INFO  net.NetworkTopologyImpl (NetworkTopologyImpl.java:add(112)) - Added a new node: /default-rack/e726e41b-5eae-4257-b10a-91e952b7f2e4
2022-07-21 18:24:36,961 [IPC Server handler 15 on default port 38303] INFO  node.SCMNodeManager (SCMNodeManager.java:register(397)) - Registered Data node : e726e41b-5eae-4257-b10a-91e952b7f2e4{ip: 127.0.0.1, host: localhost, ports: [REPLICATION=35565, RATIS=33341, RATIS_ADMIN=33341, RATIS_SERVER=33341, STANDALONE=42271], networkLocation: /default-rack, certSerialId: null, persistedOpState: null, persistedOpStateExpiryEpochSec: 0}
2022-07-21 18:24:36,961 [RatisPipelineUtilsThread - 0] INFO  pipeline.RatisPipelineProvider (RatisPipelineProvider.java:lambda$create$0(195)) - Sending CreatePipelineCommand for pipeline:PipelineID=2ef7edf0-900e-4989-8271-63590b95b53d to datanode:e726e41b-5eae-4257-b10a-91e952b7f2e4
2022-07-21 18:24:36,961 [EventQueue-NodeRegistrationContainerReportForDataNodeSafeModeRule] INFO  safemode.SCMSafeModeManager (DataNodeSafeModeRule.java:process(71)) - SCM in safe mode. 3 DataNodes registered, 3 required.
2022-07-21 18:24:36,962 [EventQueue-NodeRegistrationContainerReportForDataNodeSafeModeRule] INFO  safemode.SCMSafeModeManager (SCMSafeModeManager.java:validateSafeModeExitRules(204)) - DataNodeSafeModeRule rule is successfully validated
2022-07-21 18:24:36,962 [EventQueue-NodeRegistrationContainerReportForDataNodeSafeModeRule] INFO  safemode.SCMSafeModeManager (SCMSafeModeManager.java:completePreCheck(233)) - All SCM safe mode pre check rules have passed
2022-07-21 18:24:36,962 [EventQueue-NodeRegistrationContainerReportForDataNodeSafeModeRule] WARN  events.EventQueue (EventQueue.java:fireEvent(216)) - No event handler registered for event TypedEvent{payloadType=SafeModeStatus, name='Safe mode status'}
2022-07-21 18:24:36,962 [EventQueue-NodeRegistrationContainerReportForDataNodeSafeModeRule] INFO  ha.SCMContext (SCMContext.java:updateSafeModeStatus(228)) - Update SafeModeStatus from SafeModeStatus{safeModeStatus=true, preCheckPassed=false} to SafeModeStatus{safeModeStatus=true, preCheckPassed=true}.
2022-07-21 18:24:36,963 [IPC Server handler 19 on default port 40299] INFO  net.NetworkTopologyImpl (NetworkTopologyImpl.java:add(112)) - Added a new node: /default-rack/e726e41b-5eae-4257-b10a-91e952b7f2e4
2022-07-21 18:24:36,963 [IPC Server handler 19 on default port 40299] INFO  node.SCMNodeManager (SCMNodeManager.java:register(397)) - Registered Data node : e726e41b-5eae-4257-b10a-91e952b7f2e4{ip: 127.0.0.1, host: localhost, ports: [REPLICATION=35565, RATIS=33341, RATIS_ADMIN=33341, RATIS_SERVER=33341, STANDALONE=42271], networkLocation: /default-rack, certSerialId: null, persistedOpState: null, persistedOpStateExpiryEpochSec: 0}
2022-07-21 18:24:36,964 [EventQueue-NewNodeForNewNodeHandler] INFO  pipeline.BackgroundPipelineCreator (BackgroundPipelineCreator.java:notifyEventTriggered(269)) - ignore, not leader SCM.
2022-07-21 18:24:36,964 [EventQueue-NodeRegistrationContainerReportForDataNodeSafeModeRule] INFO  safemode.SCMSafeModeManager (DataNodeSafeModeRule.java:process(71)) - SCM in safe mode. 3 DataNodes registered, 3 required.
2022-07-21 18:24:36,964 [EventQueue-NodeRegistrationContainerReportForDataNodeSafeModeRule] INFO  safemode.SCMSafeModeManager (SCMSafeModeManager.java:validateSafeModeExitRules(204)) - DataNodeSafeModeRule rule is successfully validated
2022-07-21 18:24:36,964 [EventQueue-NodeRegistrationContainerReportForDataNodeSafeModeRule] INFO  safemode.SCMSafeModeManager (SCMSafeModeManager.java:completePreCheck(233)) - All SCM safe mode pre check rules have passed
2022-07-21 18:24:36,961 [EventQueue-NodeRegistrationContainerReportForDataNodeSafeModeRule] INFO  safemode.SCMSafeModeManager (DataNodeSafeModeRule.java:process(71)) - SCM in safe mode. 3 DataNodes registered, 3 required.
2022-07-21 18:24:36,964 [EventQueue-NodeRegistrationContainerReportForDataNodeSafeModeRule] INFO  safemode.SCMSafeModeManager (SCMSafeModeManager.java:validateSafeModeExitRules(204)) - DataNodeSafeModeRule rule is successfully validated
2022-07-21 18:24:36,964 [EventQueue-NodeRegistrationContainerReportForDataNodeSafeModeRule] INFO  safemode.SCMSafeModeManager (SCMSafeModeManager.java:completePreCheck(233)) - All SCM safe mode pre check rules have passed
2022-07-21 18:24:36,964 [EventQueue-NewNodeForNewNodeHandler] INFO  pipeline.BackgroundPipelineCreator (BackgroundPipelineCreator.java:notifyEventTriggered(269)) - ignore, not leader SCM.
2022-07-21 18:24:36,964 [EventQueue-NodeRegistrationContainerReportForDataNodeSafeModeRule] WARN  events.EventQueue (EventQueue.java:fireEvent(216)) - No event handler registered for event TypedEvent{payloadType=SafeModeStatus, name='Safe mode status'}
2022-07-21 18:24:36,966 [EventQueue-NodeRegistrationContainerReportForDataNodeSafeModeRule] INFO  ha.SCMContext (SCMContext.java:updateSafeModeStatus(228)) - Update SafeModeStatus from SafeModeStatus{safeModeStatus=true, preCheckPassed=false} to SafeModeStatus{safeModeStatus=true, preCheckPassed=true}.
2022-07-21 18:24:36,966 [EventQueue-NodeRegistrationContainerReportForDataNodeSafeModeRule] INFO  pipeline.BackgroundPipelineCreator (BackgroundPipelineCreator.java:notifyEventTriggered(269)) - ignore, not leader SCM.
2022-07-21 18:24:36,964 [EventQueue-NodeRegistrationContainerReportForDataNodeSafeModeRule] WARN  events.EventQueue (EventQueue.java:fireEvent(216)) - No event handler registered for event TypedEvent{payloadType=SafeModeStatus, name='Safe mode status'}
2022-07-21 18:24:36,966 [EventQueue-NodeRegistrationContainerReportForDataNodeSafeModeRule] INFO  ha.SCMContext (SCMContext.java:updateSafeModeStatus(228)) - Update SafeModeStatus from SafeModeStatus{safeModeStatus=true, preCheckPassed=false} to SafeModeStatus{safeModeStatus=true, preCheckPassed=true}.
2022-07-21 18:24:36,966 [EventQueue-NodeRegistrationContainerReportForDataNodeSafeModeRule] INFO  pipeline.BackgroundPipelineCreator (BackgroundPipelineCreator.java:notifyEventTriggered(276)) - trigger a one-shot run on RatisPipelineUtilsThread.
2022-07-21 18:24:36,967 [EventQueue-NodeRegistrationContainerReportForDataNodeSafeModeRule] INFO  pipeline.BackgroundPipelineCreator (BackgroundPipelineCreator.java:notifyEventTriggered(269)) - ignore, not leader SCM.
2022-07-21 18:24:36,973 [6c219fae-6e05-4936-867a-162ef996a9c6@group-DC8BB834FA26-StateMachineUpdater] INFO  pipeline.PipelineStateManagerImpl (PipelineStateManagerImpl.java:addPipeline(103)) - Created pipeline Pipeline[ Id: 2ef7edf0-900e-4989-8271-63590b95b53d, Nodes: e726e41b-5eae-4257-b10a-91e952b7f2e4{ip: 127.0.0.1, host: localhost, ports: [REPLICATION=35565, RATIS=33341, RATIS_ADMIN=33341, RATIS_SERVER=33341, STANDALONE=42271], networkLocation: /default-rack, certSerialId: null, persistedOpState: IN_SERVICE, persistedOpStateExpiryEpochSec: 0}, ReplicationConfig: RATIS/ONE, State:ALLOCATED, leaderId:, CreationTimestamp2022-07-21T18:24:36.961Z[Etc/UTC]].
2022-07-21 18:24:36,973 [6c219fae-6e05-4936-867a-162ef996a9c6@group-DC8BB834FA26-StateMachineUpdater] INFO  safemode.HealthyPipelineSafeModeRule (HealthyPipelineSafeModeRule.java:initializeRule(165)) - Refreshed total pipeline count is 0, healthy pipeline threshold count is 1
2022-07-21 18:24:36,977 [RatisPipelineUtilsThread - 0] INFO  pipeline.RatisPipelineProvider (RatisPipelineProvider.java:lambda$create$0(195)) - Sending CreatePipelineCommand for pipeline:PipelineID=1de811d7-30b4-40b9-ab18-1e3cd0be553d to datanode:0155c29a-c486-4ab3-a60c-46cc4bf5ae0a
2022-07-21 18:24:36,979 [RatisPipelineUtilsThread - 0] INFO  pipeline.RatisPipelineProvider (RatisPipelineProvider.java:lambda$create$0(195)) - Sending CreatePipelineCommand for pipeline:PipelineID=1de811d7-30b4-40b9-ab18-1e3cd0be553d to datanode:5d1fd1ad-3ffc-45d7-9cc9-017894943827
2022-07-21 18:24:36,979 [RatisPipelineUtilsThread - 0] INFO  pipeline.RatisPipelineProvider (RatisPipelineProvider.java:lambda$create$0(195)) - Sending CreatePipelineCommand for pipeline:PipelineID=1de811d7-30b4-40b9-ab18-1e3cd0be553d to datanode:e726e41b-5eae-4257-b10a-91e952b7f2e4
2022-07-21 18:24:36,985 [a989fbd8-2b6d-434f-a2fe-f7a7e8b88707@group-DC8BB834FA26-StateMachineUpdater] INFO  pipeline.PipelineStateManagerImpl (PipelineStateManagerImpl.java:addPipeline(103)) - Created pipeline Pipeline[ Id: 2ef7edf0-900e-4989-8271-63590b95b53d, Nodes: e726e41b-5eae-4257-b10a-91e952b7f2e4{ip: 127.0.0.1, host: localhost, ports: [REPLICATION=35565, RATIS=33341, RATIS_ADMIN=33341, RATIS_SERVER=33341, STANDALONE=42271], networkLocation: /default-rack, certSerialId: null, persistedOpState: IN_SERVICE, persistedOpStateExpiryEpochSec: 0}, ReplicationConfig: RATIS/ONE, State:ALLOCATED, leaderId:, CreationTimestamp2022-07-21T18:24:36.961Z[Etc/UTC]].
2022-07-21 18:24:36,986 [a989fbd8-2b6d-434f-a2fe-f7a7e8b88707@group-DC8BB834FA26-StateMachineUpdater] INFO  safemode.HealthyPipelineSafeModeRule (HealthyPipelineSafeModeRule.java:initializeRule(165)) - Refreshed total pipeline count is 0, healthy pipeline threshold count is 1
2022-07-21 18:24:36,988 [1195622a-6e13-4f92-83dd-ad3d63b418dc@group-DC8BB834FA26-StateMachineUpdater] INFO  pipeline.PipelineStateManagerImpl (PipelineStateManagerImpl.java:addPipeline(103)) - Created pipeline Pipeline[ Id: 2ef7edf0-900e-4989-8271-63590b95b53d, Nodes: e726e41b-5eae-4257-b10a-91e952b7f2e4{ip: 127.0.0.1, host: localhost, ports: [REPLICATION=35565, RATIS=33341, RATIS_ADMIN=33341, RATIS_SERVER=33341, STANDALONE=42271], networkLocation: /default-rack, certSerialId: null, persistedOpState: IN_SERVICE, persistedOpStateExpiryEpochSec: 0}, ReplicationConfig: RATIS/ONE, State:ALLOCATED, leaderId:, CreationTimestamp2022-07-21T18:24:36.961Z[Etc/UTC]].
2022-07-21 18:24:36,990 [1195622a-6e13-4f92-83dd-ad3d63b418dc@group-DC8BB834FA26-StateMachineUpdater] INFO  safemode.HealthyPipelineSafeModeRule (HealthyPipelineSafeModeRule.java:initializeRule(165)) - Refreshed total pipeline count is 0, healthy pipeline threshold count is 1
2022-07-21 18:24:36,991 [6c219fae-6e05-4936-867a-162ef996a9c6@group-DC8BB834FA26-StateMachineUpdater] INFO  pipeline.PipelineStateManagerImpl (PipelineStateManagerImpl.java:addPipeline(103)) - Created pipeline Pipeline[ Id: 1de811d7-30b4-40b9-ab18-1e3cd0be553d, Nodes: 0155c29a-c486-4ab3-a60c-46cc4bf5ae0a{ip: 127.0.0.1, host: localhost, ports: [REPLICATION=36687, RATIS=39157, RATIS_ADMIN=39157, RATIS_SERVER=39157, STANDALONE=35983], networkLocation: /default-rack, certSerialId: null, persistedOpState: IN_SERVICE, persistedOpStateExpiryEpochSec: 0}5d1fd1ad-3ffc-45d7-9cc9-017894943827{ip: 127.0.0.1, host: localhost, ports: [REPLICATION=38749, RATIS=39605, RATIS_ADMIN=39605, RATIS_SERVER=39605, STANDALONE=39517], networkLocation: /default-rack, certSerialId: null, persistedOpState: IN_SERVICE, persistedOpStateExpiryEpochSec: 0}e726e41b-5eae-4257-b10a-91e952b7f2e4{ip: 127.0.0.1, host: localhost, ports: [REPLICATION=35565, RATIS=33341, RATIS_ADMIN=33341, RATIS_SERVER=33341, STANDALONE=42271], networkLocation: /default-rack, certSerialId: null, persistedOpState: IN_SERVICE, persistedOpStateExpiryEpochSec: 0}, ReplicationConfig: RATIS/THREE, State:ALLOCATED, leaderId:, CreationTimestamp2022-07-21T18:24:36.977Z[Etc/UTC]].
2022-07-21 18:24:36,994 [6c219fae-6e05-4936-867a-162ef996a9c6@group-DC8BB834FA26-StateMachineUpdater] INFO  safemode.HealthyPipelineSafeModeRule (HealthyPipelineSafeModeRule.java:initializeRule(165)) - Refreshed total pipeline count is 0, healthy pipeline threshold count is 1
2022-07-21 18:24:36,995 [a989fbd8-2b6d-434f-a2fe-f7a7e8b88707@group-DC8BB834FA26-StateMachineUpdater] INFO  pipeline.PipelineStateManagerImpl (PipelineStateManagerImpl.java:addPipeline(103)) - Created pipeline Pipeline[ Id: 1de811d7-30b4-40b9-ab18-1e3cd0be553d, Nodes: 0155c29a-c486-4ab3-a60c-46cc4bf5ae0a{ip: 127.0.0.1, host: localhost, ports: [REPLICATION=36687, RATIS=39157, RATIS_ADMIN=39157, RATIS_SERVER=39157, STANDALONE=35983], networkLocation: /default-rack, certSerialId: null, persistedOpState: IN_SERVICE, persistedOpStateExpiryEpochSec: 0}5d1fd1ad-3ffc-45d7-9cc9-017894943827{ip: 127.0.0.1, host: localhost, ports: [REPLICATION=38749, RATIS=39605, RATIS_ADMIN=39605, RATIS_SERVER=39605, STANDALONE=39517], networkLocation: /default-rack, certSerialId: null, persistedOpState: IN_SERVICE, persistedOpStateExpiryEpochSec: 0}e726e41b-5eae-4257-b10a-91e952b7f2e4{ip: 127.0.0.1, host: localhost, ports: [REPLICATION=35565, RATIS=33341, RATIS_ADMIN=33341, RATIS_SERVER=33341, STANDALONE=42271], networkLocation: /default-rack, certSerialId: null, persistedOpState: IN_SERVICE, persistedOpStateExpiryEpochSec: 0}, ReplicationConfig: RATIS/THREE, State:ALLOCATED, leaderId:, CreationTimestamp2022-07-21T18:24:36.977Z[Etc/UTC]].
2022-07-21 18:24:36,995 [RatisPipelineUtilsThread - 0] INFO  pipeline.RatisPipelineProvider (RatisPipelineProvider.java:lambda$create$0(195)) - Sending CreatePipelineCommand for pipeline:PipelineID=84cd1a99-4ae3-4bd5-ab21-1c6ada7cb40d to datanode:0155c29a-c486-4ab3-a60c-46cc4bf5ae0a
2022-07-21 18:24:36,997 [RatisPipelineUtilsThread - 0] INFO  pipeline.RatisPipelineProvider (RatisPipelineProvider.java:lambda$create$0(195)) - Sending CreatePipelineCommand for pipeline:PipelineID=84cd1a99-4ae3-4bd5-ab21-1c6ada7cb40d to datanode:5d1fd1ad-3ffc-45d7-9cc9-017894943827
2022-07-21 18:24:36,997 [a989fbd8-2b6d-434f-a2fe-f7a7e8b88707@group-DC8BB834FA26-StateMachineUpdater] INFO  safemode.HealthyPipelineSafeModeRule (HealthyPipelineSafeModeRule.java:initializeRule(165)) - Refreshed total pipeline count is 0, healthy pipeline threshold count is 1
2022-07-21 18:24:36,997 [RatisPipelineUtilsThread - 0] INFO  pipeline.RatisPipelineProvider (RatisPipelineProvider.java:lambda$create$0(195)) - Sending CreatePipelineCommand for pipeline:PipelineID=84cd1a99-4ae3-4bd5-ab21-1c6ada7cb40d to datanode:e726e41b-5eae-4257-b10a-91e952b7f2e4
2022-07-21 18:24:37,014 [1195622a-6e13-4f92-83dd-ad3d63b418dc@group-DC8BB834FA26-StateMachineUpdater] INFO  pipeline.PipelineStateManagerImpl (PipelineStateManagerImpl.java:addPipeline(103)) - Created pipeline Pipeline[ Id: 1de811d7-30b4-40b9-ab18-1e3cd0be553d, Nodes: 0155c29a-c486-4ab3-a60c-46cc4bf5ae0a{ip: 127.0.0.1, host: localhost, ports: [REPLICATION=36687, RATIS=39157, RATIS_ADMIN=39157, RATIS_SERVER=39157, STANDALONE=35983], networkLocation: /default-rack, certSerialId: null, persistedOpState: IN_SERVICE, persistedOpStateExpiryEpochSec: 0}5d1fd1ad-3ffc-45d7-9cc9-017894943827{ip: 127.0.0.1, host: localhost, ports: [REPLICATION=38749, RATIS=39605, RATIS_ADMIN=39605, RATIS_SERVER=39605, STANDALONE=39517], networkLocation: /default-rack, certSerialId: null, persistedOpState: IN_SERVICE, persistedOpStateExpiryEpochSec: 0}e726e41b-5eae-4257-b10a-91e952b7f2e4{ip: 127.0.0.1, host: localhost, ports: [REPLICATION=35565, RATIS=33341, RATIS_ADMIN=33341, RATIS_SERVER=33341, STANDALONE=42271], networkLocation: /default-rack, certSerialId: null, persistedOpState: IN_SERVICE, persistedOpStateExpiryEpochSec: 0}, ReplicationConfig: RATIS/THREE, State:ALLOCATED, leaderId:, CreationTimestamp2022-07-21T18:24:36.977Z[Etc/UTC]].
2022-07-21 18:24:37,014 [1195622a-6e13-4f92-83dd-ad3d63b418dc@group-DC8BB834FA26-StateMachineUpdater] INFO  safemode.HealthyPipelineSafeModeRule (HealthyPipelineSafeModeRule.java:initializeRule(165)) - Refreshed total pipeline count is 0, healthy pipeline threshold count is 1
2022-07-21 18:24:37,016 [6c219fae-6e05-4936-867a-162ef996a9c6@group-DC8BB834FA26-StateMachineUpdater] INFO  pipeline.PipelineStateManagerImpl (PipelineStateManagerImpl.java:addPipeline(103)) - Created pipeline Pipeline[ Id: 84cd1a99-4ae3-4bd5-ab21-1c6ada7cb40d, Nodes: 0155c29a-c486-4ab3-a60c-46cc4bf5ae0a{ip: 127.0.0.1, host: localhost, ports: [REPLICATION=36687, RATIS=39157, RATIS_ADMIN=39157, RATIS_SERVER=39157, STANDALONE=35983], networkLocation: /default-rack, certSerialId: null, persistedOpState: IN_SERVICE, persistedOpStateExpiryEpochSec: 0}5d1fd1ad-3ffc-45d7-9cc9-017894943827{ip: 127.0.0.1, host: localhost, ports: [REPLICATION=38749, RATIS=39605, RATIS_ADMIN=39605, RATIS_SERVER=39605, STANDALONE=39517], networkLocation: /default-rack, certSerialId: null, persistedOpState: IN_SERVICE, persistedOpStateExpiryEpochSec: 0}e726e41b-5eae-4257-b10a-91e952b7f2e4{ip: 127.0.0.1, host: localhost, ports: [REPLICATION=35565, RATIS=33341, RATIS_ADMIN=33341, RATIS_SERVER=33341, STANDALONE=42271], networkLocation: /default-rack, certSerialId: null, persistedOpState: IN_SERVICE, persistedOpStateExpiryEpochSec: 0}, ReplicationConfig: RATIS/THREE, State:ALLOCATED, leaderId:, CreationTimestamp2022-07-21T18:24:36.995Z[Etc/UTC]].
2022-07-21 18:24:37,017 [6c219fae-6e05-4936-867a-162ef996a9c6@group-DC8BB834FA26-StateMachineUpdater] INFO  safemode.HealthyPipelineSafeModeRule (HealthyPipelineSafeModeRule.java:initializeRule(165)) - Refreshed total pipeline count is 0, healthy pipeline threshold count is 1
2022-07-21 18:24:37,018 [RatisPipelineUtilsThread - 0] INFO  pipeline.PipelineManagerImpl (PipelineManagerImpl.java:recordMetricsForPipeline(796)) - Pipeline: PipelineID=84cd1a99-4ae3-4bd5-ab21-1c6ada7cb40d contains same datanodes as previous pipelines: PipelineID=1de811d7-30b4-40b9-ab18-1e3cd0be553d nodeIds: 0155c29a-c486-4ab3-a60c-46cc4bf5ae0a, 5d1fd1ad-3ffc-45d7-9cc9-017894943827, e726e41b-5eae-4257-b10a-91e952b7f2e4
2022-07-21 18:24:37,022 [1195622a-6e13-4f92-83dd-ad3d63b418dc@group-DC8BB834FA26-StateMachineUpdater] INFO  pipeline.PipelineStateManagerImpl (PipelineStateManagerImpl.java:addPipeline(103)) - Created pipeline Pipeline[ Id: 84cd1a99-4ae3-4bd5-ab21-1c6ada7cb40d, Nodes: 0155c29a-c486-4ab3-a60c-46cc4bf5ae0a{ip: 127.0.0.1, host: localhost, ports: [REPLICATION=36687, RATIS=39157, RATIS_ADMIN=39157, RATIS_SERVER=39157, STANDALONE=35983], networkLocation: /default-rack, certSerialId: null, persistedOpState: IN_SERVICE, persistedOpStateExpiryEpochSec: 0}5d1fd1ad-3ffc-45d7-9cc9-017894943827{ip: 127.0.0.1, host: localhost, ports: [REPLICATION=38749, RATIS=39605, RATIS_ADMIN=39605, RATIS_SERVER=39605, STANDALONE=39517], networkLocation: /default-rack, certSerialId: null, persistedOpState: IN_SERVICE, persistedOpStateExpiryEpochSec: 0}e726e41b-5eae-4257-b10a-91e952b7f2e4{ip: 127.0.0.1, host: localhost, ports: [REPLICATION=35565, RATIS=33341, RATIS_ADMIN=33341, RATIS_SERVER=33341, STANDALONE=42271], networkLocation: /default-rack, certSerialId: null, persistedOpState: IN_SERVICE, persistedOpStateExpiryEpochSec: 0}, ReplicationConfig: RATIS/THREE, State:ALLOCATED, leaderId:, CreationTimestamp2022-07-21T18:24:36.995Z[Etc/UTC]].
2022-07-21 18:24:37,022 [1195622a-6e13-4f92-83dd-ad3d63b418dc@group-DC8BB834FA26-StateMachineUpdater] INFO  safemode.HealthyPipelineSafeModeRule (HealthyPipelineSafeModeRule.java:initializeRule(165)) - Refreshed total pipeline count is 0, healthy pipeline threshold count is 1
2022-07-21 18:24:37,024 [a989fbd8-2b6d-434f-a2fe-f7a7e8b88707@group-DC8BB834FA26-StateMachineUpdater] INFO  pipeline.PipelineStateManagerImpl (PipelineStateManagerImpl.java:addPipeline(103)) - Created pipeline Pipeline[ Id: 84cd1a99-4ae3-4bd5-ab21-1c6ada7cb40d, Nodes: 0155c29a-c486-4ab3-a60c-46cc4bf5ae0a{ip: 127.0.0.1, host: localhost, ports: [REPLICATION=36687, RATIS=39157, RATIS_ADMIN=39157, RATIS_SERVER=39157, STANDALONE=35983], networkLocation: /default-rack, certSerialId: null, persistedOpState: IN_SERVICE, persistedOpStateExpiryEpochSec: 0}5d1fd1ad-3ffc-45d7-9cc9-017894943827{ip: 127.0.0.1, host: localhost, ports: [REPLICATION=38749, RATIS=39605, RATIS_ADMIN=39605, RATIS_SERVER=39605, STANDALONE=39517], networkLocation: /default-rack, certSerialId: null, persistedOpState: IN_SERVICE, persistedOpStateExpiryEpochSec: 0}e726e41b-5eae-4257-b10a-91e952b7f2e4{ip: 127.0.0.1, host: localhost, ports: [REPLICATION=35565, RATIS=33341, RATIS_ADMIN=33341, RATIS_SERVER=33341, STANDALONE=42271], networkLocation: /default-rack, certSerialId: null, persistedOpState: IN_SERVICE, persistedOpStateExpiryEpochSec: 0}, ReplicationConfig: RATIS/THREE, State:ALLOCATED, leaderId:, CreationTimestamp2022-07-21T18:24:36.995Z[Etc/UTC]].
2022-07-21 18:24:37,025 [a989fbd8-2b6d-434f-a2fe-f7a7e8b88707@group-DC8BB834FA26-StateMachineUpdater] INFO  safemode.HealthyPipelineSafeModeRule (HealthyPipelineSafeModeRule.java:initializeRule(165)) - Refreshed total pipeline count is 0, healthy pipeline threshold count is 1
2022-07-21 18:24:37,960 [Listener at 127.0.0.1/34741] INFO  ozone.MiniOzoneClusterImpl (MiniOzoneClusterImpl.java:lambda$waitForClusterToBeReady$0(216)) - Nodes are ready. Got 3 of 3 DN Heartbeats.
2022-07-21 18:24:37,966 [Listener at 127.0.0.1/34741] INFO  ozone.MiniOzoneClusterImpl (MiniOzoneClusterImpl.java:lambda$waitForClusterToBeReady$0(219)) - Waiting for cluster to exit safe mode
2022-07-21 18:24:37,966 [Listener at 127.0.0.1/34741] INFO  ozone.MiniOzoneClusterImpl (MiniOzoneClusterImpl.java:lambda$waitForClusterToBeReady$0(221)) - SCM became leader
2022-07-21 18:24:38,967 [Listener at 127.0.0.1/34741] INFO  ozone.MiniOzoneClusterImpl (MiniOzoneClusterImpl.java:lambda$waitForClusterToBeReady$0(216)) - Nodes are ready. Got 3 of 3 DN Heartbeats.
2022-07-21 18:24:38,967 [Listener at 127.0.0.1/34741] INFO  ozone.MiniOzoneClusterImpl (MiniOzoneClusterImpl.java:lambda$waitForClusterToBeReady$0(219)) - Waiting for cluster to exit safe mode
2022-07-21 18:24:38,967 [Listener at 127.0.0.1/34741] INFO  ozone.MiniOzoneClusterImpl (MiniOzoneClusterImpl.java:lambda$waitForClusterToBeReady$0(221)) - SCM became leader
2022-07-21 18:24:38,990 [Command processor thread] INFO  server.RaftServer (RaftServerProxy.java:addNew(96)) - 5d1fd1ad-3ffc-45d7-9cc9-017894943827: addNew group-3B0CB489A8C6:[5d1fd1ad-3ffc-45d7-9cc9-017894943827|rpc:127.0.0.1:39605|priority:1] returns group-3B0CB489A8C6:java.util.concurrent.CompletableFuture@29189b9a[Not completed]
2022-07-21 18:24:39,003 [pool-190-thread-1] INFO  server.RaftServer$Division (RaftServerImpl.java:<init>(190)) - 5d1fd1ad-3ffc-45d7-9cc9-017894943827: new RaftServerImpl for group-3B0CB489A8C6:[5d1fd1ad-3ffc-45d7-9cc9-017894943827|rpc:127.0.0.1:39605|priority:1] with ContainerStateMachine:uninitialized
2022-07-21 18:24:39,003 [pool-190-thread-1] INFO  server.RaftServerConfigKeys (ConfUtils.java:logGet(46)) - raft.server.rpc.timeout.min = 5s (custom)
2022-07-21 18:24:39,003 [pool-190-thread-1] INFO  server.RaftServerConfigKeys (ConfUtils.java:logGet(46)) - raft.server.rpc.timeout.max = 5200ms (custom)
2022-07-21 18:24:39,004 [pool-190-thread-1] INFO  server.RaftServerConfigKeys (ConfUtils.java:logGet(46)) - raft.server.rpc.sleep.time = 25ms (default)
2022-07-21 18:24:39,004 [pool-190-thread-1] INFO  server.RaftServerConfigKeys (ConfUtils.java:logGet(46)) - raft.server.rpc.slowness.timeout = 300s (custom)
2022-07-21 18:24:39,004 [pool-190-thread-1] INFO  server.RaftServerConfigKeys (ConfUtils.java:logGet(46)) - raft.server.leaderelection.leader.step-down.wait-time = 10s (default)
2022-07-21 18:24:39,004 [pool-190-thread-1] INFO  server.RaftServerConfigKeys (ConfUtils.java:logGet(46)) - raft.server.sleep.deviation.threshold = 300ms (default)
2022-07-21 18:24:39,004 [pool-190-thread-1] INFO  server.RaftServer$Division (ServerState.java:<init>(107)) - 5d1fd1ad-3ffc-45d7-9cc9-017894943827@group-3B0CB489A8C6: ConfigurationManager, init=-1: [5d1fd1ad-3ffc-45d7-9cc9-017894943827|rpc:127.0.0.1:39605|priority:1], old=null, confs=<EMPTY_MAP>
2022-07-21 18:24:39,004 [pool-190-thread-1] INFO  server.RaftServerConfigKeys (ConfUtils.java:logGet(46)) - raft.server.storage.dir = [/home/runner/work/ozone/ozone/hadoop-ozone/integration-test/target/test-dir/MiniOzoneClusterImpl-c56c5c68-8a55-4647-89a4-dc8bb834fa26/datanode-0/data/ratis] (custom)
2022-07-21 18:24:39,004 [pool-190-thread-1] INFO  server.RaftServerConfigKeys (ConfUtils.java:logGet(46)) - raft.server.log.corruption.policy = EXCEPTION (default)
2022-07-21 18:24:39,004 [pool-190-thread-1] INFO  server.RaftServerConfigKeys (ConfUtils.java:logGet(46)) - raft.server.storage.free-space.min = 0MB (=0) (default)
2022-07-21 18:24:39,004 [pool-190-thread-1] INFO  storage.RaftStorageDirectory (RaftStorageDirectoryImpl.java:analyzeStorage(135)) - The storage directory /home/runner/work/ozone/ozone/hadoop-ozone/integration-test/target/test-dir/MiniOzoneClusterImpl-c56c5c68-8a55-4647-89a4-dc8bb834fa26/datanode-0/data/ratis/210a121f-b6bd-4199-affb-3b0cb489a8c6 does not exist. Creating ...
2022-07-21 18:24:39,007 [pool-190-thread-1] INFO  storage.RaftStorageDirectory (RaftStorageDirectoryImpl.java:tryLock(230)) - Lock on /home/runner/work/ozone/ozone/hadoop-ozone/integration-test/target/test-dir/MiniOzoneClusterImpl-c56c5c68-8a55-4647-89a4-dc8bb834fa26/datanode-0/data/ratis/210a121f-b6bd-4199-affb-3b0cb489a8c6/in_use.lock acquired by nodename 21952@fv-az378-305
2022-07-21 18:24:39,008 [pool-190-thread-1] INFO  storage.RaftStorage (RaftStorageImpl.java:format(89)) - Storage directory /home/runner/work/ozone/ozone/hadoop-ozone/integration-test/target/test-dir/MiniOzoneClusterImpl-c56c5c68-8a55-4647-89a4-dc8bb834fa26/datanode-0/data/ratis/210a121f-b6bd-4199-affb-3b0cb489a8c6 has been successfully formatted.
2022-07-21 18:24:39,024 [pool-190-thread-1] INFO  ratis.ContainerStateMachine (ContainerStateMachine.java:loadSnapshot(236)) - group-3B0CB489A8C6: The snapshot info is null. Setting the last applied indexto:(t:0, i:~)
2022-07-21 18:24:39,025 [pool-190-thread-1] INFO  server.RaftServerConfigKeys (ConfUtils.java:logGet(46)) - raft.server.notification.no-leader.timeout = 300s (custom)
2022-07-21 18:24:39,025 [pool-190-thread-1] INFO  server.RaftServerConfigKeys (ConfUtils.java:logGet(46)) - raft.server.log.use.memory = false (default)
2022-07-21 18:24:39,025 [pool-190-thread-1] INFO  server.RaftServerConfigKeys (ConfUtils.java:logGet(46)) - raft.server.log.purge.gap = 1000000 (custom)
2022-07-21 18:24:39,025 [pool-190-thread-1] INFO  server.RaftServerConfigKeys (ConfUtils.java:logGet(46)) - raft.server.log.appender.buffer.byte-limit = 33554432 (custom)
2022-07-21 18:24:39,025 [pool-190-thread-1] INFO  server.RaftServerConfigKeys (ConfUtils.java:logGet(46)) - raft.server.log.statemachine.data.read.timeout = 1000ms (default)
2022-07-21 18:24:39,026 [pool-190-thread-1] INFO  server.RaftServerConfigKeys (ConfUtils.java:logGet(46)) - raft.server.log.segment.size.max = 1048576 (custom)
2022-07-21 18:24:39,026 [pool-190-thread-1] INFO  server.RaftServerConfigKeys (ConfUtils.java:logGet(46)) - raft.server.log.segment.cache.num.max = 2 (custom)
2022-07-21 18:24:39,026 [pool-190-thread-1] INFO  server.RaftServerConfigKeys (ConfUtils.java:logGet(46)) - raft.server.log.segment.cache.size.max = 200MB (=209715200) (default)
2022-07-21 18:24:39,026 [pool-190-thread-1] INFO  segmented.SegmentedRaftLogWorker (SegmentedRaftLogWorker.java:<init>(187)) - new 5d1fd1ad-3ffc-45d7-9cc9-017894943827@group-3B0CB489A8C6-SegmentedRaftLogWorker for RaftStorageImpl:Storage Directory /home/runner/work/ozone/ozone/hadoop-ozone/integration-test/target/test-dir/MiniOzoneClusterImpl-c56c5c68-8a55-4647-89a4-dc8bb834fa26/datanode-0/data/ratis/210a121f-b6bd-4199-affb-3b0cb489a8c6
2022-07-21 18:24:39,026 [pool-190-thread-1] INFO  server.RaftServerConfigKeys (ConfUtils.java:logGet(46)) - raft.server.log.queue.byte-limit = 4294967296 (custom)
2022-07-21 18:24:39,026 [pool-190-thread-1] INFO  server.RaftServerConfigKeys (ConfUtils.java:logGet(46)) - raft.server.log.queue.element-limit = 1024 (custom)
2022-07-21 18:24:39,026 [pool-190-thread-1] INFO  server.RaftServerConfigKeys (ConfUtils.java:logGet(46)) - raft.server.log.segment.size.max = 1048576 (custom)
2022-07-21 18:24:39,027 [pool-190-thread-1] INFO  server.RaftServerConfigKeys (ConfUtils.java:logGet(46)) - raft.server.log.preallocated.size = 16384 (custom)
2022-07-21 18:24:39,027 [pool-190-thread-1] INFO  server.RaftServerConfigKeys (ConfUtils.java:logGet(46)) - raft.server.log.force.sync.num = 128 (default)
2022-07-21 18:24:39,027 [pool-190-thread-1] INFO  server.RaftServerConfigKeys (ConfUtils.java:logGet(46)) - raft.server.log.statemachine.data.sync = true (default)
2022-07-21 18:24:39,027 [pool-190-thread-1] INFO  server.RaftServerConfigKeys (ConfUtils.java:logGet(46)) - raft.server.log.statemachine.data.sync.timeout = 10s (default)
2022-07-21 18:24:39,027 [pool-190-thread-1] INFO  server.RaftServerConfigKeys (ConfUtils.java:logGet(46)) - raft.server.log.statemachine.data.sync.timeout.retry = -1 (default)
2022-07-21 18:24:39,028 [pool-190-thread-1] INFO  server.RaftServerConfigKeys (ConfUtils.java:logGet(46)) - raft.server.log.write.buffer.size = 1048576 (custom)
2022-07-21 18:24:39,028 [pool-190-thread-1] INFO  server.RaftServerConfigKeys (ConfUtils.java:logGet(46)) - raft.server.log.unsafe-flush.enabled = false (default)
2022-07-21 18:24:39,028 [pool-190-thread-1] INFO  server.RaftServerConfigKeys (ConfUtils.java:logGet(46)) - raft.server.log.statemachine.data.caching.enabled = true (custom)
2022-07-21 18:24:39,028 [pool-190-thread-1] INFO  segmented.SegmentedRaftLogWorker (SegmentedRaftLogWorker.java:lambda$new$0(135)) - 5d1fd1ad-3ffc-45d7-9cc9-017894943827@group-3B0CB489A8C6-SegmentedRaftLogWorker: flushIndex: setUnconditionally 0 -> -1
2022-07-21 18:24:39,028 [pool-190-thread-1] INFO  segmented.SegmentedRaftLogWorker (SegmentedRaftLogWorker.java:lambda$new$0(135)) - 5d1fd1ad-3ffc-45d7-9cc9-017894943827@group-3B0CB489A8C6-SegmentedRaftLogWorker: safeCacheEvictIndex: setUnconditionally 0 -> -1
2022-07-21 18:24:39,034 [pool-190-thread-1] INFO  server.RaftServerConfigKeys (ConfUtils.java:logGet(46)) - raft.server.snapshot.auto.trigger.enabled = true (custom)
2022-07-21 18:24:39,035 [pool-190-thread-1] INFO  server.RaftServerConfigKeys (ConfUtils.java:logGet(46)) - raft.server.snapshot.auto.trigger.threshold = 10000 (custom)
2022-07-21 18:24:39,037 [pool-190-thread-1] INFO  server.RaftServerConfigKeys (ConfUtils.java:logGet(46)) - raft.server.snapshot.retention.file.num = 5 (custom)
2022-07-21 18:24:39,037 [pool-190-thread-1] INFO  server.RaftServerConfigKeys (ConfUtils.java:logGet(46)) - raft.server.log.purge.upto.snapshot.index = false (default)
2022-07-21 18:24:39,037 [pool-190-thread-1] INFO  server.RaftServerConfigKeys (ConfUtils.java:logGet(46)) - raft.server.retrycache.expirytime = 600000ms (custom)
2022-07-21 18:24:39,040 [EventQueue-PipelineReportForPipelineReportHandler] INFO  pipeline.PipelineManagerImpl (PipelineManagerImpl.java:openPipeline(367)) - Pipeline Pipeline[ Id: 210a121f-b6bd-4199-affb-3b0cb489a8c6, Nodes: 5d1fd1ad-3ffc-45d7-9cc9-017894943827{ip: 127.0.0.1, host: localhost, ports: [REPLICATION=38749, RATIS=39605, RATIS_ADMIN=39605, RATIS_SERVER=39605, STANDALONE=39517], networkLocation: /default-rack, certSerialId: null, persistedOpState: IN_SERVICE, persistedOpStateExpiryEpochSec: 0}, ReplicationConfig: RATIS/ONE, State:ALLOCATED, leaderId:5d1fd1ad-3ffc-45d7-9cc9-017894943827, CreationTimestamp2022-07-21T18:24:36.024Z[Etc/UTC]] moved to OPEN state
2022-07-21 18:24:39,039 [EventQueue-PipelineReportForPipelineReportHandler] INFO  pipeline.PipelineManagerImpl (PipelineManagerImpl.java:openPipeline(367)) - Pipeline Pipeline[ Id: 210a121f-b6bd-4199-affb-3b0cb489a8c6, Nodes: 5d1fd1ad-3ffc-45d7-9cc9-017894943827{ip: 127.0.0.1, host: localhost, ports: [REPLICATION=38749, RATIS=39605, RATIS_ADMIN=39605, RATIS_SERVER=39605, STANDALONE=39517], networkLocation: /default-rack, certSerialId: null, persistedOpState: IN_SERVICE, persistedOpStateExpiryEpochSec: 0}, ReplicationConfig: RATIS/ONE, State:ALLOCATED, leaderId:5d1fd1ad-3ffc-45d7-9cc9-017894943827, CreationTimestamp2022-07-21T18:24:36.024Z[Etc/UTC]] moved to OPEN state
2022-07-21 18:24:39,037 [EventQueue-PipelineReportForPipelineReportHandler] INFO  pipeline.PipelineManagerImpl (PipelineManagerImpl.java:openPipeline(367)) - Pipeline Pipeline[ Id: 210a121f-b6bd-4199-affb-3b0cb489a8c6, Nodes: 5d1fd1ad-3ffc-45d7-9cc9-017894943827{ip: 127.0.0.1, host: localhost, ports: [REPLICATION=38749, RATIS=39605, RATIS_ADMIN=39605, RATIS_SERVER=39605, STANDALONE=39517], networkLocation: /default-rack, certSerialId: null, persistedOpState: IN_SERVICE, persistedOpStateExpiryEpochSec: 0}, ReplicationConfig: RATIS/ONE, State:ALLOCATED, leaderId:5d1fd1ad-3ffc-45d7-9cc9-017894943827, CreationTimestamp2022-07-21T18:24:36.024Z[Etc/UTC]] moved to OPEN state
2022-07-21 18:24:39,052 [pool-190-thread-1] INFO  server.RaftServerConfigKeys (ConfUtils.java:logGet(46)) - raft.server.retrycache.statistics.expirytime = 100μs (default)
2022-07-21 18:24:39,053 [pool-190-thread-1] INFO  server.RaftServerConfigKeys (ConfUtils.java:logGet(46)) - raft.server.log.appender.install.snapshot.enabled = false (custom)
2022-07-21 18:24:39,053 [pool-190-thread-1] INFO  server.RaftServerConfigKeys (ConfUtils.java:logGet(46)) - raft.server.threadpool.server.cached = true (default)
2022-07-21 18:24:39,053 [pool-190-thread-1] INFO  server.RaftServerConfigKeys (ConfUtils.java:logGet(46)) - raft.server.threadpool.server.size = 0 (default)
2022-07-21 18:24:39,053 [pool-190-thread-1] INFO  server.RaftServerConfigKeys (ConfUtils.java:logGet(46)) - raft.server.threadpool.client.cached = true (default)
2022-07-21 18:24:39,054 [pool-190-thread-1] INFO  server.RaftServerConfigKeys (ConfUtils.java:logGet(46)) - raft.server.threadpool.client.size = 0 (default)
2022-07-21 18:24:39,054 [pool-190-thread-1] INFO  server.RaftServer$Division (RaftServerImpl.java:start(310)) - 5d1fd1ad-3ffc-45d7-9cc9-017894943827@group-3B0CB489A8C6: start as a follower, conf=-1: [5d1fd1ad-3ffc-45d7-9cc9-017894943827|rpc:127.0.0.1:39605|priority:1], old=null
2022-07-21 18:24:39,054 [pool-190-thread-1] INFO  server.RaftServer$Division (RaftServerImpl.java:setRole(299)) - 5d1fd1ad-3ffc-45d7-9cc9-017894943827@group-3B0CB489A8C6: changes role from      null to FOLLOWER at term 0 for startAsFollower
2022-07-21 18:24:39,054 [pool-190-thread-1] INFO  impl.RoleInfo (RoleInfo.java:updateAndGet(139)) - 5d1fd1ad-3ffc-45d7-9cc9-017894943827: start 5d1fd1ad-3ffc-45d7-9cc9-017894943827@group-3B0CB489A8C6-FollowerState
2022-07-21 18:24:39,054 [pool-190-thread-1] INFO  util.JmxRegister (JmxRegister.java:tryRegister(44)) - Successfully registered JMX Bean with object name Ratis:service=RaftServer,group=group-3B0CB489A8C6,id=5d1fd1ad-3ffc-45d7-9cc9-017894943827
2022-07-21 18:24:39,074 [Command processor thread] INFO  ratis.XceiverServerRatis (XceiverServerRatis.java:addGroup(765)) - Created group PipelineID=210a121f-b6bd-4199-affb-3b0cb489a8c6
2022-07-21 18:24:39,074 [Command processor thread] INFO  commandhandler.CreatePipelineCommandHandler (CreatePipelineCommandHandler.java:handle(113)) - Created Pipeline RATIS ONE PipelineID=210a121f-b6bd-4199-affb-3b0cb489a8c6.
2022-07-21 18:24:39,075 [Command processor thread] INFO  server.RaftServer (RaftServerProxy.java:addNew(96)) - 5d1fd1ad-3ffc-45d7-9cc9-017894943827: addNew group-1E3CD0BE553D:[0155c29a-c486-4ab3-a60c-46cc4bf5ae0a|rpc:127.0.0.1:39157|priority:0, 5d1fd1ad-3ffc-45d7-9cc9-017894943827|rpc:127.0.0.1:39605|priority:0, e726e41b-5eae-4257-b10a-91e952b7f2e4|rpc:127.0.0.1:33341|priority:1] returns group-1E3CD0BE553D:java.util.concurrent.CompletableFuture@2749f648[Not completed]
2022-07-21 18:24:39,079 [pool-190-thread-1] INFO  server.RaftServer$Division (RaftServerImpl.java:<init>(190)) - 5d1fd1ad-3ffc-45d7-9cc9-017894943827: new RaftServerImpl for group-1E3CD0BE553D:[0155c29a-c486-4ab3-a60c-46cc4bf5ae0a|rpc:127.0.0.1:39157|priority:0, 5d1fd1ad-3ffc-45d7-9cc9-017894943827|rpc:127.0.0.1:39605|priority:0, e726e41b-5eae-4257-b10a-91e952b7f2e4|rpc:127.0.0.1:33341|priority:1] with ContainerStateMachine:uninitialized
2022-07-21 18:24:39,079 [pool-190-thread-1] INFO  server.RaftServerConfigKeys (ConfUtils.java:logGet(46)) - raft.server.rpc.timeout.min = 5s (custom)
2022-07-21 18:24:39,079 [pool-190-thread-1] INFO  server.RaftServerConfigKeys (ConfUtils.java:logGet(46)) - raft.server.rpc.timeout.max = 5200ms (custom)
2022-07-21 18:24:39,079 [pool-190-thread-1] INFO  server.RaftServerConfigKeys (ConfUtils.java:logGet(46)) - raft.server.rpc.sleep.time = 25ms (default)
2022-07-21 18:24:39,079 [pool-190-thread-1] INFO  server.RaftServerConfigKeys (ConfUtils.java:logGet(46)) - raft.server.rpc.slowness.timeout = 300s (custom)
2022-07-21 18:24:39,080 [pool-190-thread-1] INFO  server.RaftServerConfigKeys (ConfUtils.java:logGet(46)) - raft.server.leaderelection.leader.step-down.wait-time = 10s (default)
2022-07-21 18:24:39,080 [pool-190-thread-1] INFO  server.RaftServerConfigKeys (ConfUtils.java:logGet(46)) - raft.server.sleep.deviation.threshold = 300ms (default)
2022-07-21 18:24:39,080 [pool-190-thread-1] INFO  server.RaftServer$Division (ServerState.java:<init>(107)) - 5d1fd1ad-3ffc-45d7-9cc9-017894943827@group-1E3CD0BE553D: ConfigurationManager, init=-1: [0155c29a-c486-4ab3-a60c-46cc4bf5ae0a|rpc:127.0.0.1:39157|priority:0, 5d1fd1ad-3ffc-45d7-9cc9-017894943827|rpc:127.0.0.1:39605|priority:0, e726e41b-5eae-4257-b10a-91e952b7f2e4|rpc:127.0.0.1:33341|priority:1], old=null, confs=<EMPTY_MAP>
2022-07-21 18:24:39,080 [pool-190-thread-1] INFO  server.RaftServerConfigKeys (ConfUtils.java:logGet(46)) - raft.server.storage.dir = [/home/runner/work/ozone/ozone/hadoop-ozone/integration-test/target/test-dir/MiniOzoneClusterImpl-c56c5c68-8a55-4647-89a4-dc8bb834fa26/datanode-0/data/ratis] (custom)
2022-07-21 18:24:39,080 [pool-190-thread-1] INFO  server.RaftServerConfigKeys (ConfUtils.java:logGet(46)) - raft.server.log.corruption.policy = EXCEPTION (default)
2022-07-21 18:24:39,080 [pool-190-thread-1] INFO  server.RaftServerConfigKeys (ConfUtils.java:logGet(46)) - raft.server.storage.free-space.min = 0MB (=0) (default)
2022-07-21 18:24:39,080 [pool-190-thread-1] INFO  storage.RaftStorageDirectory (RaftStorageDirectoryImpl.java:analyzeStorage(135)) - The storage directory /home/runner/work/ozone/ozone/hadoop-ozone/integration-test/target/test-dir/MiniOzoneClusterImpl-c56c5c68-8a55-4647-89a4-dc8bb834fa26/datanode-0/data/ratis/1de811d7-30b4-40b9-ab18-1e3cd0be553d does not exist. Creating ...
2022-07-21 18:24:39,095 [pool-190-thread-1] INFO  storage.RaftStorageDirectory (RaftStorageDirectoryImpl.java:tryLock(230)) - Lock on /home/runner/work/ozone/ozone/hadoop-ozone/integration-test/target/test-dir/MiniOzoneClusterImpl-c56c5c68-8a55-4647-89a4-dc8bb834fa26/datanode-0/data/ratis/1de811d7-30b4-40b9-ab18-1e3cd0be553d/in_use.lock acquired by nodename 21952@fv-az378-305
2022-07-21 18:24:39,100 [pool-190-thread-1] INFO  storage.RaftStorage (RaftStorageImpl.java:format(89)) - Storage directory /home/runner/work/ozone/ozone/hadoop-ozone/integration-test/target/test-dir/MiniOzoneClusterImpl-c56c5c68-8a55-4647-89a4-dc8bb834fa26/datanode-0/data/ratis/1de811d7-30b4-40b9-ab18-1e3cd0be553d has been successfully formatted.
2022-07-21 18:24:39,100 [6c219fae-6e05-4936-867a-162ef996a9c6@group-DC8BB834FA26-StateMachineUpdater] INFO  safemode.HealthyPipelineSafeModeRule (HealthyPipelineSafeModeRule.java:initializeRule(165)) - Refreshed total pipeline count is 0, healthy pipeline threshold count is 1
2022-07-21 18:24:39,107 [pool-190-thread-1] INFO  ratis.ContainerStateMachine (ContainerStateMachine.java:loadSnapshot(236)) - group-1E3CD0BE553D: The snapshot info is null. Setting the last applied indexto:(t:0, i:~)
2022-07-21 18:24:39,108 [pool-190-thread-1] INFO  server.RaftServerConfigKeys (ConfUtils.java:logGet(46)) - raft.server.notification.no-leader.timeout = 300s (custom)
2022-07-21 18:24:39,108 [pool-190-thread-1] INFO  server.RaftServerConfigKeys (ConfUtils.java:logGet(46)) - raft.server.log.use.memory = false (default)
2022-07-21 18:24:39,108 [pool-190-thread-1] INFO  server.RaftServerConfigKeys (ConfUtils.java:logGet(46)) - raft.server.log.purge.gap = 1000000 (custom)
2022-07-21 18:24:39,108 [pool-190-thread-1] INFO  server.RaftServerConfigKeys (ConfUtils.java:logGet(46)) - raft.server.log.appender.buffer.byte-limit = 33554432 (custom)
2022-07-21 18:24:39,108 [pool-190-thread-1] INFO  server.RaftServerConfigKeys (ConfUtils.java:logGet(46)) - raft.server.log.statemachine.data.read.timeout = 1000ms (default)
2022-07-21 18:24:39,108 [pool-190-thread-1] INFO  server.RaftServerConfigKeys (ConfUtils.java:logGet(46)) - raft.server.log.segment.size.max = 1048576 (custom)
2022-07-21 18:24:39,109 [pool-190-thread-1] INFO  server.RaftServerConfigKeys (ConfUtils.java:logGet(46)) - raft.server.log.segment.cache.num.max = 2 (custom)
2022-07-21 18:24:39,109 [pool-190-thread-1] INFO  server.RaftServerConfigKeys (ConfUtils.java:logGet(46)) - raft.server.log.segment.cache.size.max = 200MB (=209715200) (default)
2022-07-21 18:24:39,109 [pool-190-thread-1] INFO  segmented.SegmentedRaftLogWorker (SegmentedRaftLogWorker.java:<init>(187)) - new 5d1fd1ad-3ffc-45d7-9cc9-017894943827@group-1E3CD0BE553D-SegmentedRaftLogWorker for RaftStorageImpl:Storage Directory /home/runner/work/ozone/ozone/hadoop-ozone/integration-test/target/test-dir/MiniOzoneClusterImpl-c56c5c68-8a55-4647-89a4-dc8bb834fa26/datanode-0/data/ratis/1de811d7-30b4-40b9-ab18-1e3cd0be553d
2022-07-21 18:24:39,109 [pool-190-thread-1] INFO  server.RaftServerConfigKeys (ConfUtils.java:logGet(46)) - raft.server.log.queue.byte-limit = 4294967296 (custom)
2022-07-21 18:24:39,109 [pool-190-thread-1] INFO  server.RaftServerConfigKeys (ConfUtils.java:logGet(46)) - raft.server.log.queue.element-limit = 1024 (custom)
2022-07-21 18:24:39,109 [pool-190-thread-1] INFO  server.RaftServerConfigKeys (ConfUtils.java:logGet(46)) - raft.server.log.segment.size.max = 1048576 (custom)
2022-07-21 18:24:39,109 [pool-190-thread-1] INFO  server.RaftServerConfigKeys (ConfUtils.java:logGet(46)) - raft.server.log.preallocated.size = 16384 (custom)
2022-07-21 18:24:39,109 [pool-190-thread-1] INFO  server.RaftServerConfigKeys (ConfUtils.java:logGet(46)) - raft.server.log.force.sync.num = 128 (default)
2022-07-21 18:24:39,110 [pool-190-thread-1] INFO  server.RaftServerConfigKeys (ConfUtils.java:logGet(46)) - raft.server.log.statemachine.data.sync = true (default)
2022-07-21 18:24:39,110 [pool-190-thread-1] INFO  server.RaftServerConfigKeys (ConfUtils.java:logGet(46)) - raft.server.log.statemachine.data.sync.timeout = 10s (default)
2022-07-21 18:24:39,110 [pool-190-thread-1] INFO  server.RaftServerConfigKeys (ConfUtils.java:logGet(46)) - raft.server.log.statemachine.data.sync.timeout.retry = -1 (default)
2022-07-21 18:24:39,116 [a989fbd8-2b6d-434f-a2fe-f7a7e8b88707@group-DC8BB834FA26-StateMachineUpdater] INFO  safemode.HealthyPipelineSafeModeRule (HealthyPipelineSafeModeRule.java:initializeRule(165)) - Refreshed total pipeline count is 0, healthy pipeline threshold count is 1
2022-07-21 18:24:39,119 [pool-190-thread-1] INFO  server.RaftServerConfigKeys (ConfUtils.java:logGet(46)) - raft.server.log.write.buffer.size = 1048576 (custom)
2022-07-21 18:24:39,119 [pool-190-thread-1] INFO  server.RaftServerConfigKeys (ConfUtils.java:logGet(46)) - raft.server.log.unsafe-flush.enabled = false (default)
2022-07-21 18:24:39,119 [pool-190-thread-1] INFO  server.RaftServerConfigKeys (ConfUtils.java:logGet(46)) - raft.server.log.statemachine.data.caching.enabled = true (custom)
2022-07-21 18:24:39,119 [pool-190-thread-1] INFO  segmented.SegmentedRaftLogWorker (SegmentedRaftLogWorker.java:lambda$new$0(135)) - 5d1fd1ad-3ffc-45d7-9cc9-017894943827@group-1E3CD0BE553D-SegmentedRaftLogWorker: flushIndex: setUnconditionally 0 -> -1
2022-07-21 18:24:39,119 [pool-190-thread-1] INFO  segmented.SegmentedRaftLogWorker (SegmentedRaftLogWorker.java:lambda$new$0(135)) - 5d1fd1ad-3ffc-45d7-9cc9-017894943827@group-1E3CD0BE553D-SegmentedRaftLogWorker: safeCacheEvictIndex: setUnconditionally 0 -> -1
2022-07-21 18:24:39,120 [EventQueue-PipelineReportForPipelineReportHandler] INFO  pipeline.PipelineManagerImpl (PipelineManagerImpl.java:openPipeline(367)) - Pipeline Pipeline[ Id: 210a121f-b6bd-4199-affb-3b0cb489a8c6, Nodes: 5d1fd1ad-3ffc-45d7-9cc9-017894943827{ip: 127.0.0.1, host: localhost, ports: [REPLICATION=38749, RATIS=39605, RATIS_ADMIN=39605, RATIS_SERVER=39605, STANDALONE=39517], networkLocation: /default-rack, certSerialId: null, persistedOpState: IN_SERVICE, persistedOpStateExpiryEpochSec: 0}, ReplicationConfig: RATIS/ONE, State:ALLOCATED, leaderId:5d1fd1ad-3ffc-45d7-9cc9-017894943827, CreationTimestamp2022-07-21T18:24:36.024Z[Etc/UTC]] moved to OPEN state
2022-07-21 18:24:39,121 [1195622a-6e13-4f92-83dd-ad3d63b418dc@group-DC8BB834FA26-StateMachineUpdater] INFO  safemode.HealthyPipelineSafeModeRule (HealthyPipelineSafeModeRule.java:initializeRule(165)) - Refreshed total pipeline count is 0, healthy pipeline threshold count is 1
2022-07-21 18:24:39,122 [EventQueue-OpenPipelineForHealthyPipelineSafeModeRule] INFO  safemode.SCMSafeModeManager (HealthyPipelineSafeModeRule.java:process(137)) - SCM in safe mode. Healthy pipelines reported count is 0, required healthy pipeline reported count is 1
2022-07-21 18:24:39,122 [EventQueue-OpenPipelineForHealthyPipelineSafeModeRule] INFO  safemode.SCMSafeModeManager (HealthyPipelineSafeModeRule.java:process(137)) - SCM in safe mode. Healthy pipelines reported count is 0, required healthy pipeline reported count is 1
2022-07-21 18:24:39,124 [EventQueue-OpenPipelineForHealthyPipelineSafeModeRule] INFO  safemode.SCMSafeModeManager (HealthyPipelineSafeModeRule.java:process(137)) - SCM in safe mode. Healthy pipelines reported count is 0, required healthy pipeline reported count is 1
2022-07-21 18:24:39,125 [pool-190-thread-1] INFO  server.RaftServerConfigKeys (ConfUtils.java:logGet(46)) - raft.server.snapshot.auto.trigger.enabled = true (custom)
2022-07-21 18:24:39,125 [pool-190-thread-1] INFO  server.RaftServerConfigKeys (ConfUtils.java:logGet(46)) - raft.server.snapshot.auto.trigger.threshold = 10000 (custom)
2022-07-21 18:24:39,125 [pool-190-thread-1] INFO  server.RaftServerConfigKeys (ConfUtils.java:logGet(46)) - raft.server.snapshot.retention.file.num = 5 (custom)
2022-07-21 18:24:39,125 [pool-190-thread-1] INFO  server.RaftServerConfigKeys (ConfUtils.java:logGet(46)) - raft.server.log.purge.upto.snapshot.index = false (default)
2022-07-21 18:24:39,125 [pool-190-thread-1] INFO  server.RaftServerConfigKeys (ConfUtils.java:logGet(46)) - raft.server.retrycache.expirytime = 600000ms (custom)
2022-07-21 18:24:39,125 [pool-190-thread-1] INFO  server.RaftServerConfigKeys (ConfUtils.java:logGet(46)) - raft.server.retrycache.statistics.expirytime = 100μs (default)
2022-07-21 18:24:39,127 [pool-190-thread-1] INFO  server.RaftServerConfigKeys (ConfUtils.java:logGet(46)) - raft.server.log.appender.install.snapshot.enabled = false (custom)
2022-07-21 18:24:39,127 [pool-190-thread-1] INFO  server.RaftServerConfigKeys (ConfUtils.java:logGet(46)) - raft.server.threadpool.server.cached = true (default)
2022-07-21 18:24:39,127 [pool-190-thread-1] INFO  server.RaftServerConfigKeys (ConfUtils.java:logGet(46)) - raft.server.threadpool.server.size = 0 (default)
2022-07-21 18:24:39,127 [pool-190-thread-1] INFO  server.RaftServerConfigKeys (ConfUtils.java:logGet(46)) - raft.server.threadpool.client.cached = true (default)
2022-07-21 18:24:39,127 [pool-190-thread-1] INFO  server.RaftServerConfigKeys (ConfUtils.java:logGet(46)) - raft.server.threadpool.client.size = 0 (default)
2022-07-21 18:24:39,127 [pool-190-thread-1] INFO  server.RaftServer$Division (RaftServerImpl.java:start(310)) - 5d1fd1ad-3ffc-45d7-9cc9-017894943827@group-1E3CD0BE553D: start as a follower, conf=-1: [0155c29a-c486-4ab3-a60c-46cc4bf5ae0a|rpc:127.0.0.1:39157|priority:0, 5d1fd1ad-3ffc-45d7-9cc9-017894943827|rpc:127.0.0.1:39605|priority:0, e726e41b-5eae-4257-b10a-91e952b7f2e4|rpc:127.0.0.1:33341|priority:1], old=null
2022-07-21 18:24:39,127 [pool-190-thread-1] INFO  server.RaftServer$Division (RaftServerImpl.java:setRole(299)) - 5d1fd1ad-3ffc-45d7-9cc9-017894943827@group-1E3CD0BE553D: changes role from      null to FOLLOWER at term 0 for startAsFollower
2022-07-21 18:24:39,128 [pool-190-thread-1] INFO  impl.RoleInfo (RoleInfo.java:updateAndGet(139)) - 5d1fd1ad-3ffc-45d7-9cc9-017894943827: start 5d1fd1ad-3ffc-45d7-9cc9-017894943827@group-1E3CD0BE553D-FollowerState
2022-07-21 18:24:39,134 [pool-190-thread-1] INFO  util.JmxRegister (JmxRegister.java:tryRegister(44)) - Successfully registered JMX Bean with object name Ratis:service=RaftServer,group=group-1E3CD0BE553D,id=5d1fd1ad-3ffc-45d7-9cc9-017894943827
2022-07-21 18:24:39,135 [Command processor thread] INFO  ratis.XceiverServerRatis (XceiverServerRatis.java:addGroup(765)) - Created group PipelineID=1de811d7-30b4-40b9-ab18-1e3cd0be553d
2022-07-21 18:24:39,289 [grpc-default-executor-3] INFO  server.RaftServer (RaftServerProxy.java:addNew(96)) - 0155c29a-c486-4ab3-a60c-46cc4bf5ae0a: addNew group-1E3CD0BE553D:[0155c29a-c486-4ab3-a60c-46cc4bf5ae0a|rpc:127.0.0.1:39157|dataStream:|priority:0, 5d1fd1ad-3ffc-45d7-9cc9-017894943827|rpc:127.0.0.1:39605|dataStream:|priority:0, e726e41b-5eae-4257-b10a-91e952b7f2e4|rpc:127.0.0.1:33341|dataStream:|priority:1] returns group-1E3CD0BE553D:java.util.concurrent.CompletableFuture@6939734d[Not completed]
2022-07-21 18:24:39,347 [pool-215-thread-1] INFO  server.RaftServer$Division (RaftServerImpl.java:<init>(190)) - 0155c29a-c486-4ab3-a60c-46cc4bf5ae0a: new RaftServerImpl for group-1E3CD0BE553D:[0155c29a-c486-4ab3-a60c-46cc4bf5ae0a|rpc:127.0.0.1:39157|dataStream:|priority:0, 5d1fd1ad-3ffc-45d7-9cc9-017894943827|rpc:127.0.0.1:39605|dataStream:|priority:0, e726e41b-5eae-4257-b10a-91e952b7f2e4|rpc:127.0.0.1:33341|dataStream:|priority:1] with ContainerStateMachine:uninitialized
2022-07-21 18:24:39,347 [pool-215-thread-1] INFO  server.RaftServerConfigKeys (ConfUtils.java:logGet(46)) - raft.server.rpc.timeout.min = 5s (custom)
2022-07-21 18:24:39,347 [pool-215-thread-1] INFO  server.RaftServerConfigKeys (ConfUtils.java:logGet(46)) - raft.server.rpc.timeout.max = 5200ms (custom)
2022-07-21 18:24:39,347 [pool-215-thread-1] INFO  server.RaftServerConfigKeys (ConfUtils.java:logGet(46)) - raft.server.rpc.sleep.time = 25ms (default)
2022-07-21 18:24:39,347 [pool-215-thread-1] INFO  server.RaftServerConfigKeys (ConfUtils.java:logGet(46)) - raft.server.rpc.slowness.timeout = 300s (custom)
2022-07-21 18:24:39,347 [pool-215-thread-1] INFO  server.RaftServerConfigKeys (ConfUtils.java:logGet(46)) - raft.server.leaderelection.leader.step-down.wait-time = 10s (default)
2022-07-21 18:24:39,347 [pool-215-thread-1] INFO  server.RaftServerConfigKeys (ConfUtils.java:logGet(46)) - raft.server.sleep.deviation.threshold = 300ms (default)
2022-07-21 18:24:39,347 [pool-215-thread-1] INFO  server.RaftServer$Division (ServerState.java:<init>(107)) - 0155c29a-c486-4ab3-a60c-46cc4bf5ae0a@group-1E3CD0BE553D: ConfigurationManager, init=-1: [0155c29a-c486-4ab3-a60c-46cc4bf5ae0a|rpc:127.0.0.1:39157|dataStream:|priority:0, 5d1fd1ad-3ffc-45d7-9cc9-017894943827|rpc:127.0.0.1:39605|dataStream:|priority:0, e726e41b-5eae-4257-b10a-91e952b7f2e4|rpc:127.0.0.1:33341|dataStream:|priority:1], old=null, confs=<EMPTY_MAP>
2022-07-21 18:24:39,347 [pool-215-thread-1] INFO  server.RaftServerConfigKeys (ConfUtils.java:logGet(46)) - raft.server.storage.dir = [/home/runner/work/ozone/ozone/hadoop-ozone/integration-test/target/test-dir/MiniOzoneClusterImpl-c56c5c68-8a55-4647-89a4-dc8bb834fa26/datanode-1/data/ratis] (custom)
2022-07-21 18:24:39,348 [pool-215-thread-1] INFO  server.RaftServerConfigKeys (ConfUtils.java:logGet(46)) - raft.server.log.corruption.policy = EXCEPTION (default)
2022-07-21 18:24:39,348 [pool-215-thread-1] INFO  server.RaftServerConfigKeys (ConfUtils.java:logGet(46)) - raft.server.storage.free-space.min = 0MB (=0) (default)
2022-07-21 18:24:39,348 [pool-215-thread-1] INFO  storage.RaftStorageDirectory (RaftStorageDirectoryImpl.java:analyzeStorage(135)) - The storage directory /home/runner/work/ozone/ozone/hadoop-ozone/integration-test/target/test-dir/MiniOzoneClusterImpl-c56c5c68-8a55-4647-89a4-dc8bb834fa26/datanode-1/data/ratis/1de811d7-30b4-40b9-ab18-1e3cd0be553d does not exist. Creating ...
2022-07-21 18:24:39,351 [pool-215-thread-1] INFO  storage.RaftStorageDirectory (RaftStorageDirectoryImpl.java:tryLock(230)) - Lock on /home/runner/work/ozone/ozone/hadoop-ozone/integration-test/target/test-dir/MiniOzoneClusterImpl-c56c5c68-8a55-4647-89a4-dc8bb834fa26/datanode-1/data/ratis/1de811d7-30b4-40b9-ab18-1e3cd0be553d/in_use.lock acquired by nodename 21952@fv-az378-305
2022-07-21 18:24:39,352 [pool-215-thread-1] INFO  storage.RaftStorage (RaftStorageImpl.java:format(89)) - Storage directory /home/runner/work/ozone/ozone/hadoop-ozone/integration-test/target/test-dir/MiniOzoneClusterImpl-c56c5c68-8a55-4647-89a4-dc8bb834fa26/datanode-1/data/ratis/1de811d7-30b4-40b9-ab18-1e3cd0be553d has been successfully formatted.
2022-07-21 18:24:39,355 [pool-215-thread-1] INFO  ratis.ContainerStateMachine (ContainerStateMachine.java:loadSnapshot(236)) - group-1E3CD0BE553D: The snapshot info is null. Setting the last applied indexto:(t:0, i:~)
2022-07-21 18:24:39,357 [pool-215-thread-1] INFO  server.RaftServerConfigKeys (ConfUtils.java:logGet(46)) - raft.server.notification.no-leader.timeout = 300s (custom)
2022-07-21 18:24:39,357 [pool-215-thread-1] INFO  server.RaftServerConfigKeys (ConfUtils.java:logGet(46)) - raft.server.log.use.memory = false (default)
2022-07-21 18:24:39,357 [pool-215-thread-1] INFO  server.RaftServerConfigKeys (ConfUtils.java:logGet(46)) - raft.server.log.purge.gap = 1000000 (custom)
2022-07-21 18:24:39,357 [pool-215-thread-1] INFO  server.RaftServerConfigKeys (ConfUtils.java:logGet(46)) - raft.server.log.appender.buffer.byte-limit = 33554432 (custom)
2022-07-21 18:24:39,358 [pool-215-thread-1] INFO  server.RaftServerConfigKeys (ConfUtils.java:logGet(46)) - raft.server.log.statemachine.data.read.timeout = 1000ms (default)
2022-07-21 18:24:39,361 [pool-215-thread-1] INFO  server.RaftServerConfigKeys (ConfUtils.java:logGet(46)) - raft.server.log.segment.size.max = 1048576 (custom)
2022-07-21 18:24:39,361 [pool-215-thread-1] INFO  server.RaftServerConfigKeys (ConfUtils.java:logGet(46)) - raft.server.log.segment.cache.num.max = 2 (custom)
2022-07-21 18:24:39,361 [pool-215-thread-1] INFO  server.RaftServerConfigKeys (ConfUtils.java:logGet(46)) - raft.server.log.segment.cache.size.max = 200MB (=209715200) (default)
2022-07-21 18:24:39,361 [pool-215-thread-1] INFO  segmented.SegmentedRaftLogWorker (SegmentedRaftLogWorker.java:<init>(187)) - new 0155c29a-c486-4ab3-a60c-46cc4bf5ae0a@group-1E3CD0BE553D-SegmentedRaftLogWorker for RaftStorageImpl:Storage Directory /home/runner/work/ozone/ozone/hadoop-ozone/integration-test/target/test-dir/MiniOzoneClusterImpl-c56c5c68-8a55-4647-89a4-dc8bb834fa26/datanode-1/data/ratis/1de811d7-30b4-40b9-ab18-1e3cd0be553d
2022-07-21 18:24:39,361 [pool-215-thread-1] INFO  server.RaftServerConfigKeys (ConfUtils.java:logGet(46)) - raft.server.log.queue.byte-limit = 4294967296 (custom)
2022-07-21 18:24:39,362 [pool-215-thread-1] INFO  server.RaftServerConfigKeys (ConfUtils.java:logGet(46)) - raft.server.log.queue.element-limit = 1024 (custom)
2022-07-21 18:24:39,362 [pool-215-thread-1] INFO  server.RaftServerConfigKeys (ConfUtils.java:logGet(46)) - raft.server.log.segment.size.max = 1048576 (custom)
2022-07-21 18:24:39,362 [pool-215-thread-1] INFO  server.RaftServerConfigKeys (ConfUtils.java:logGet(46)) - raft.server.log.preallocated.size = 16384 (custom)
2022-07-21 18:24:39,362 [pool-215-thread-1] INFO  server.RaftServerConfigKeys (ConfUtils.java:logGet(46)) - raft.server.log.force.sync.num = 128 (default)
2022-07-21 18:24:39,362 [pool-215-thread-1] INFO  server.RaftServerConfigKeys (ConfUtils.java:logGet(46)) - raft.server.log.statemachine.data.sync = true (default)
2022-07-21 18:24:39,362 [pool-215-thread-1] INFO  server.RaftServerConfigKeys (ConfUtils.java:logGet(46)) - raft.server.log.statemachine.data.sync.timeout = 10s (default)
2022-07-21 18:24:39,362 [pool-215-thread-1] INFO  server.RaftServerConfigKeys (ConfUtils.java:logGet(46)) - raft.server.log.statemachine.data.sync.timeout.retry = -1 (default)
2022-07-21 18:24:39,363 [pool-215-thread-1] INFO  server.RaftServerConfigKeys (ConfUtils.java:logGet(46)) - raft.server.log.write.buffer.size = 1048576 (custom)
2022-07-21 18:24:39,363 [pool-215-thread-1] INFO  server.RaftServerConfigKeys (ConfUtils.java:logGet(46)) - raft.server.log.unsafe-flush.enabled = false (default)
2022-07-21 18:24:39,363 [pool-215-thread-1] INFO  server.RaftServerConfigKeys (ConfUtils.java:logGet(46)) - raft.server.log.statemachine.data.caching.enabled = true (custom)
2022-07-21 18:24:39,363 [pool-215-thread-1] INFO  segmented.SegmentedRaftLogWorker (SegmentedRaftLogWorker.java:lambda$new$0(135)) - 0155c29a-c486-4ab3-a60c-46cc4bf5ae0a@group-1E3CD0BE553D-SegmentedRaftLogWorker: flushIndex: setUnconditionally 0 -> -1
2022-07-21 18:24:39,364 [pool-215-thread-1] INFO  segmented.SegmentedRaftLogWorker (SegmentedRaftLogWorker.java:lambda$new$0(135)) - 0155c29a-c486-4ab3-a60c-46cc4bf5ae0a@group-1E3CD0BE553D-SegmentedRaftLogWorker: safeCacheEvictIndex: setUnconditionally 0 -> -1
2022-07-21 18:24:39,364 [pool-215-thread-1] INFO  server.RaftServerConfigKeys (ConfUtils.java:logGet(46)) - raft.server.snapshot.auto.trigger.enabled = true (custom)
2022-07-21 18:24:39,364 [pool-215-thread-1] INFO  server.RaftServerConfigKeys (ConfUtils.java:logGet(46)) - raft.server.snapshot.auto.trigger.threshold = 10000 (custom)
2022-07-21 18:24:39,364 [pool-215-thread-1] INFO  server.RaftServerConfigKeys (ConfUtils.java:logGet(46)) - raft.server.snapshot.retention.file.num = 5 (custom)
2022-07-21 18:24:39,364 [pool-215-thread-1] INFO  server.RaftServerConfigKeys (ConfUtils.java:logGet(46)) - raft.server.log.purge.upto.snapshot.index = false (default)
2022-07-21 18:24:39,364 [pool-215-thread-1] INFO  server.RaftServerConfigKeys (ConfUtils.java:logGet(46)) - raft.server.retrycache.expirytime = 600000ms (custom)
2022-07-21 18:24:39,364 [pool-215-thread-1] INFO  server.RaftServerConfigKeys (ConfUtils.java:logGet(46)) - raft.server.retrycache.statistics.expirytime = 100μs (default)
2022-07-21 18:24:39,366 [pool-215-thread-1] INFO  server.RaftServerConfigKeys (ConfUtils.java:logGet(46)) - raft.server.log.appender.install.snapshot.enabled = false (custom)
2022-07-21 18:24:39,366 [pool-215-thread-1] INFO  server.RaftServerConfigKeys (ConfUtils.java:logGet(46)) - raft.server.threadpool.server.cached = true (default)
2022-07-21 18:24:39,366 [pool-215-thread-1] INFO  server.RaftServerConfigKeys (ConfUtils.java:logGet(46)) - raft.server.threadpool.server.size = 0 (default)
2022-07-21 18:24:39,366 [pool-215-thread-1] INFO  server.RaftServerConfigKeys (ConfUtils.java:logGet(46)) - raft.server.threadpool.client.cached = true (default)
2022-07-21 18:24:39,366 [pool-215-thread-1] INFO  server.RaftServerConfigKeys (ConfUtils.java:logGet(46)) - raft.server.threadpool.client.size = 0 (default)
2022-07-21 18:24:39,366 [pool-215-thread-1] INFO  server.RaftServer$Division (RaftServerImpl.java:start(310)) - 0155c29a-c486-4ab3-a60c-46cc4bf5ae0a@group-1E3CD0BE553D: start as a follower, conf=-1: [0155c29a-c486-4ab3-a60c-46cc4bf5ae0a|rpc:127.0.0.1:39157|dataStream:|priority:0, 5d1fd1ad-3ffc-45d7-9cc9-017894943827|rpc:127.0.0.1:39605|dataStream:|priority:0, e726e41b-5eae-4257-b10a-91e952b7f2e4|rpc:127.0.0.1:33341|dataStream:|priority:1], old=null
2022-07-21 18:24:39,366 [pool-215-thread-1] INFO  server.RaftServer$Division (RaftServerImpl.java:setRole(299)) - 0155c29a-c486-4ab3-a60c-46cc4bf5ae0a@group-1E3CD0BE553D: changes role from      null to FOLLOWER at term 0 for startAsFollower
2022-07-21 18:24:39,366 [pool-215-thread-1] INFO  impl.RoleInfo (RoleInfo.java:updateAndGet(139)) - 0155c29a-c486-4ab3-a60c-46cc4bf5ae0a: start 0155c29a-c486-4ab3-a60c-46cc4bf5ae0a@group-1E3CD0BE553D-FollowerState
2022-07-21 18:24:39,367 [pool-215-thread-1] INFO  util.JmxRegister (JmxRegister.java:tryRegister(44)) - Successfully registered JMX Bean with object name Ratis:service=RaftServer,group=group-1E3CD0BE553D,id=0155c29a-c486-4ab3-a60c-46cc4bf5ae0a
2022-07-21 18:24:39,434 [grpc-default-executor-3] INFO  server.RaftServer (RaftServerProxy.java:addNew(96)) - e726e41b-5eae-4257-b10a-91e952b7f2e4: addNew group-1E3CD0BE553D:[0155c29a-c486-4ab3-a60c-46cc4bf5ae0a|rpc:127.0.0.1:39157|dataStream:|priority:0, 5d1fd1ad-3ffc-45d7-9cc9-017894943827|rpc:127.0.0.1:39605|dataStream:|priority:0, e726e41b-5eae-4257-b10a-91e952b7f2e4|rpc:127.0.0.1:33341|dataStream:|priority:1] returns group-1E3CD0BE553D:java.util.concurrent.CompletableFuture@64e21b36[Not completed]
2022-07-21 18:24:39,436 [pool-240-thread-1] INFO  server.RaftServer$Division (RaftServerImpl.java:<init>(190)) - e726e41b-5eae-4257-b10a-91e952b7f2e4: new RaftServerImpl for group-1E3CD0BE553D:[0155c29a-c486-4ab3-a60c-46cc4bf5ae0a|rpc:127.0.0.1:39157|dataStream:|priority:0, 5d1fd1ad-3ffc-45d7-9cc9-017894943827|rpc:127.0.0.1:39605|dataStream:|priority:0, e726e41b-5eae-4257-b10a-91e952b7f2e4|rpc:127.0.0.1:33341|dataStream:|priority:1] with ContainerStateMachine:uninitialized
2022-07-21 18:24:39,436 [pool-240-thread-1] INFO  server.RaftServerConfigKeys (ConfUtils.java:logGet(46)) - raft.server.rpc.timeout.min = 5s (custom)
2022-07-21 18:24:39,436 [pool-240-thread-1] INFO  server.RaftServerConfigKeys (ConfUtils.java:logGet(46)) - raft.server.rpc.timeout.max = 5200ms (custom)
2022-07-21 18:24:39,436 [pool-240-thread-1] INFO  server.RaftServerConfigKeys (ConfUtils.java:logGet(46)) - raft.server.rpc.sleep.time = 25ms (default)
2022-07-21 18:24:39,436 [pool-240-thread-1] INFO  server.RaftServerConfigKeys (ConfUtils.java:logGet(46)) - raft.server.rpc.slowness.timeout = 300s (custom)
2022-07-21 18:24:39,436 [pool-240-thread-1] INFO  server.RaftServerConfigKeys (ConfUtils.java:logGet(46)) - raft.server.leaderelection.leader.step-down.wait-time = 10s (default)
2022-07-21 18:24:39,436 [pool-240-thread-1] INFO  server.RaftServerConfigKeys (ConfUtils.java:logGet(46)) - raft.server.sleep.deviation.threshold = 300ms (default)
2022-07-21 18:24:39,440 [Command processor thread] INFO  server.RaftServer (RaftServerProxy.java:addNew(96)) - 0155c29a-c486-4ab3-a60c-46cc4bf5ae0a: addNew group-9B8E17B1DDDE:[0155c29a-c486-4ab3-a60c-46cc4bf5ae0a|rpc:127.0.0.1:39157|priority:1] returns group-9B8E17B1DDDE:java.util.concurrent.CompletableFuture@a30bf36[Not completed]
2022-07-21 18:24:39,440 [pool-215-thread-1] INFO  server.RaftServer$Division (RaftServerImpl.java:<init>(190)) - 0155c29a-c486-4ab3-a60c-46cc4bf5ae0a: new RaftServerImpl for group-9B8E17B1DDDE:[0155c29a-c486-4ab3-a60c-46cc4bf5ae0a|rpc:127.0.0.1:39157|priority:1] with ContainerStateMachine:uninitialized
2022-07-21 18:24:39,440 [pool-215-thread-1] INFO  server.RaftServerConfigKeys (ConfUtils.java:logGet(46)) - raft.server.rpc.timeout.min = 5s (custom)
2022-07-21 18:24:39,441 [pool-215-thread-1] INFO  server.RaftServerConfigKeys (ConfUtils.java:logGet(46)) - raft.server.rpc.timeout.max = 5200ms (custom)
2022-07-21 18:24:39,441 [pool-215-thread-1] INFO  server.RaftServerConfigKeys (ConfUtils.java:logGet(46)) - raft.server.rpc.sleep.time = 25ms (default)
2022-07-21 18:24:39,441 [pool-215-thread-1] INFO  server.RaftServerConfigKeys (ConfUtils.java:logGet(46)) - raft.server.rpc.slowness.timeout = 300s (custom)
2022-07-21 18:24:39,441 [pool-215-thread-1] INFO  server.RaftServerConfigKeys (ConfUtils.java:logGet(46)) - raft.server.leaderelection.leader.step-down.wait-time = 10s (default)
2022-07-21 18:24:39,441 [pool-215-thread-1] INFO  server.RaftServerConfigKeys (ConfUtils.java:logGet(46)) - raft.server.sleep.deviation.threshold = 300ms (default)
2022-07-21 18:24:39,441 [pool-215-thread-1] INFO  server.RaftServer$Division (ServerState.java:<init>(107)) - 0155c29a-c486-4ab3-a60c-46cc4bf5ae0a@group-9B8E17B1DDDE: ConfigurationManager, init=-1: [0155c29a-c486-4ab3-a60c-46cc4bf5ae0a|rpc:127.0.0.1:39157|priority:1], old=null, confs=<EMPTY_MAP>
2022-07-21 18:24:39,441 [pool-215-thread-1] INFO  server.RaftServerConfigKeys (ConfUtils.java:logGet(46)) - raft.server.storage.dir = [/home/runner/work/ozone/ozone/hadoop-ozone/integration-test/target/test-dir/MiniOzoneClusterImpl-c56c5c68-8a55-4647-89a4-dc8bb834fa26/datanode-1/data/ratis] (custom)
2022-07-21 18:24:39,441 [pool-215-thread-1] INFO  server.RaftServerConfigKeys (ConfUtils.java:logGet(46)) - raft.server.log.corruption.policy = EXCEPTION (default)
2022-07-21 18:24:39,441 [pool-240-thread-1] INFO  server.RaftServer$Division (ServerState.java:<init>(107)) - e726e41b-5eae-4257-b10a-91e952b7f2e4@group-1E3CD0BE553D: ConfigurationManager, init=-1: [0155c29a-c486-4ab3-a60c-46cc4bf5ae0a|rpc:127.0.0.1:39157|dataStream:|priority:0, 5d1fd1ad-3ffc-45d7-9cc9-017894943827|rpc:127.0.0.1:39605|dataStream:|priority:0, e726e41b-5eae-4257-b10a-91e952b7f2e4|rpc:127.0.0.1:33341|dataStream:|priority:1], old=null, confs=<EMPTY_MAP>
2022-07-21 18:24:39,441 [pool-215-thread-1] INFO  server.RaftServerConfigKeys (ConfUtils.java:logGet(46)) - raft.server.storage.free-space.min = 0MB (=0) (default)
2022-07-21 18:24:39,441 [pool-240-thread-1] INFO  server.RaftServerConfigKeys (ConfUtils.java:logGet(46)) - raft.server.storage.dir = [/home/runner/work/ozone/ozone/hadoop-ozone/integration-test/target/test-dir/MiniOzoneClusterImpl-c56c5c68-8a55-4647-89a4-dc8bb834fa26/datanode-2/data/ratis] (custom)
2022-07-21 18:24:39,441 [pool-215-thread-1] INFO  storage.RaftStorageDirectory (RaftStorageDirectoryImpl.java:analyzeStorage(135)) - The storage directory /home/runner/work/ozone/ozone/hadoop-ozone/integration-test/target/test-dir/MiniOzoneClusterImpl-c56c5c68-8a55-4647-89a4-dc8bb834fa26/datanode-1/data/ratis/09d2265f-4958-4c23-87ac-9b8e17b1ddde does not exist. Creating ...
2022-07-21 18:24:39,442 [pool-240-thread-1] INFO  server.RaftServerConfigKeys (ConfUtils.java:logGet(46)) - raft.server.log.corruption.policy = EXCEPTION (default)
2022-07-21 18:24:39,442 [pool-240-thread-1] INFO  server.RaftServerConfigKeys (ConfUtils.java:logGet(46)) - raft.server.storage.free-space.min = 0MB (=0) (default)
2022-07-21 18:24:39,442 [pool-240-thread-1] INFO  storage.RaftStorageDirectory (RaftStorageDirectoryImpl.java:analyzeStorage(135)) - The storage directory /home/runner/work/ozone/ozone/hadoop-ozone/integration-test/target/test-dir/MiniOzoneClusterImpl-c56c5c68-8a55-4647-89a4-dc8bb834fa26/datanode-2/data/ratis/1de811d7-30b4-40b9-ab18-1e3cd0be553d does not exist. Creating ...
2022-07-21 18:24:39,443 [pool-215-thread-1] INFO  storage.RaftStorageDirectory (RaftStorageDirectoryImpl.java:tryLock(230)) - Lock on /home/runner/work/ozone/ozone/hadoop-ozone/integration-test/target/test-dir/MiniOzoneClusterImpl-c56c5c68-8a55-4647-89a4-dc8bb834fa26/datanode-1/data/ratis/09d2265f-4958-4c23-87ac-9b8e17b1ddde/in_use.lock acquired by nodename 21952@fv-az378-305
2022-07-21 18:24:39,444 [pool-240-thread-1] INFO  storage.RaftStorageDirectory (RaftStorageDirectoryImpl.java:tryLock(230)) - Lock on /home/runner/work/ozone/ozone/hadoop-ozone/integration-test/target/test-dir/MiniOzoneClusterImpl-c56c5c68-8a55-4647-89a4-dc8bb834fa26/datanode-2/data/ratis/1de811d7-30b4-40b9-ab18-1e3cd0be553d/in_use.lock acquired by nodename 21952@fv-az378-305
2022-07-21 18:24:39,446 [pool-215-thread-1] INFO  storage.RaftStorage (RaftStorageImpl.java:format(89)) - Storage directory /home/runner/work/ozone/ozone/hadoop-ozone/integration-test/target/test-dir/MiniOzoneClusterImpl-c56c5c68-8a55-4647-89a4-dc8bb834fa26/datanode-1/data/ratis/09d2265f-4958-4c23-87ac-9b8e17b1ddde has been successfully formatted.
2022-07-21 18:24:39,449 [EventQueue-PipelineReportForPipelineReportHandler] INFO  pipeline.PipelineManagerImpl (PipelineManagerImpl.java:openPipeline(367)) - Pipeline Pipeline[ Id: 09d2265f-4958-4c23-87ac-9b8e17b1ddde, Nodes: 0155c29a-c486-4ab3-a60c-46cc4bf5ae0a{ip: 127.0.0.1, host: localhost, ports: [REPLICATION=36687, RATIS=39157, RATIS_ADMIN=39157, RATIS_SERVER=39157, STANDALONE=35983], networkLocation: /default-rack, certSerialId: null, persistedOpState: IN_SERVICE, persistedOpStateExpiryEpochSec: 0}, ReplicationConfig: RATIS/ONE, State:ALLOCATED, leaderId:0155c29a-c486-4ab3-a60c-46cc4bf5ae0a, CreationTimestamp2022-07-21T18:24:36.448Z[Etc/UTC]] moved to OPEN state
2022-07-21 18:24:39,449 [EventQueue-PipelineReportForPipelineReportHandler] INFO  pipeline.PipelineManagerImpl (PipelineManagerImpl.java:openPipeline(367)) - Pipeline Pipeline[ Id: 09d2265f-4958-4c23-87ac-9b8e17b1ddde, Nodes: 0155c29a-c486-4ab3-a60c-46cc4bf5ae0a{ip: 127.0.0.1, host: localhost, ports: [REPLICATION=36687, RATIS=39157, RATIS_ADMIN=39157, RATIS_SERVER=39157, STANDALONE=35983], networkLocation: /default-rack, certSerialId: null, persistedOpState: IN_SERVICE, persistedOpStateExpiryEpochSec: 0}, ReplicationConfig: RATIS/ONE, State:ALLOCATED, leaderId:0155c29a-c486-4ab3-a60c-46cc4bf5ae0a, CreationTimestamp2022-07-21T18:24:36.448Z[Etc/UTC]] moved to OPEN state
2022-07-21 18:24:39,457 [pool-215-thread-1] INFO  ratis.ContainerStateMachine (ContainerStateMachine.java:loadSnapshot(236)) - group-9B8E17B1DDDE: The snapshot info is null. Setting the last applied indexto:(t:0, i:~)
2022-07-21 18:24:39,457 [pool-215-thread-1] INFO  server.RaftServerConfigKeys (ConfUtils.java:logGet(46)) - raft.server.notification.no-leader.timeout = 300s (custom)
2022-07-21 18:24:39,457 [pool-215-thread-1] INFO  server.RaftServerConfigKeys (ConfUtils.java:logGet(46)) - raft.server.log.use.memory = false (default)
2022-07-21 18:24:39,458 [pool-215-thread-1] INFO  server.RaftServerConfigKeys (ConfUtils.java:logGet(46)) - raft.server.log.purge.gap = 1000000 (custom)
2022-07-21 18:24:39,458 [pool-215-thread-1] INFO  server.RaftServerConfigKeys (ConfUtils.java:logGet(46)) - raft.server.log.appender.buffer.byte-limit = 33554432 (custom)
2022-07-21 18:24:39,458 [pool-215-thread-1] INFO  server.RaftServerConfigKeys (ConfUtils.java:logGet(46)) - raft.server.log.statemachine.data.read.timeout = 1000ms (default)
2022-07-21 18:24:39,458 [pool-215-thread-1] INFO  server.RaftServerConfigKeys (ConfUtils.java:logGet(46)) - raft.server.log.segment.size.max = 1048576 (custom)
2022-07-21 18:24:39,458 [pool-215-thread-1] INFO  server.RaftServerConfigKeys (ConfUtils.java:logGet(46)) - raft.server.log.segment.cache.num.max = 2 (custom)
2022-07-21 18:24:39,458 [pool-215-thread-1] INFO  server.RaftServerConfigKeys (ConfUtils.java:logGet(46)) - raft.server.log.segment.cache.size.max = 200MB (=209715200) (default)
2022-07-21 18:24:39,459 [pool-215-thread-1] INFO  segmented.SegmentedRaftLogWorker (SegmentedRaftLogWorker.java:<init>(187)) - new 0155c29a-c486-4ab3-a60c-46cc4bf5ae0a@group-9B8E17B1DDDE-SegmentedRaftLogWorker for RaftStorageImpl:Storage Directory /home/runner/work/ozone/ozone/hadoop-ozone/integration-test/target/test-dir/MiniOzoneClusterImpl-c56c5c68-8a55-4647-89a4-dc8bb834fa26/datanode-1/data/ratis/09d2265f-4958-4c23-87ac-9b8e17b1ddde
2022-07-21 18:24:39,459 [pool-215-thread-1] INFO  server.RaftServerConfigKeys (ConfUtils.java:logGet(46)) - raft.server.log.queue.byte-limit = 4294967296 (custom)
2022-07-21 18:24:39,459 [pool-215-thread-1] INFO  server.RaftServerConfigKeys (ConfUtils.java:logGet(46)) - raft.server.log.queue.element-limit = 1024 (custom)
2022-07-21 18:24:39,459 [pool-215-thread-1] INFO  server.RaftServerConfigKeys (ConfUtils.java:logGet(46)) - raft.server.log.segment.size.max = 1048576 (custom)
2022-07-21 18:24:39,459 [pool-215-thread-1] INFO  server.RaftServerConfigKeys (ConfUtils.java:logGet(46)) - raft.server.log.preallocated.size = 16384 (custom)
2022-07-21 18:24:39,459 [pool-215-thread-1] INFO  server.RaftServerConfigKeys (ConfUtils.java:logGet(46)) - raft.server.log.force.sync.num = 128 (default)
2022-07-21 18:24:39,459 [pool-215-thread-1] INFO  server.RaftServerConfigKeys (ConfUtils.java:logGet(46)) - raft.server.log.statemachine.data.sync = true (default)
2022-07-21 18:24:39,459 [pool-215-thread-1] INFO  server.RaftServerConfigKeys (ConfUtils.java:logGet(46)) - raft.server.log.statemachine.data.sync.timeout = 10s (default)
2022-07-21 18:24:39,459 [pool-215-thread-1] INFO  server.RaftServerConfigKeys (ConfUtils.java:logGet(46)) - raft.server.log.statemachine.data.sync.timeout.retry = -1 (default)
2022-07-21 18:24:39,460 [pool-215-thread-1] INFO  server.RaftServerConfigKeys (ConfUtils.java:logGet(46)) - raft.server.log.write.buffer.size = 1048576 (custom)
2022-07-21 18:24:39,460 [pool-215-thread-1] INFO  server.RaftServerConfigKeys (ConfUtils.java:logGet(46)) - raft.server.log.unsafe-flush.enabled = false (default)
2022-07-21 18:24:39,460 [pool-215-thread-1] INFO  server.RaftServerConfigKeys (ConfUtils.java:logGet(46)) - raft.server.log.statemachine.data.caching.enabled = true (custom)
2022-07-21 18:24:39,461 [pool-215-thread-1] INFO  segmented.SegmentedRaftLogWorker (SegmentedRaftLogWorker.java:lambda$new$0(135)) - 0155c29a-c486-4ab3-a60c-46cc4bf5ae0a@group-9B8E17B1DDDE-SegmentedRaftLogWorker: flushIndex: setUnconditionally 0 -> -1
2022-07-21 18:24:39,461 [pool-215-thread-1] INFO  segmented.SegmentedRaftLogWorker (SegmentedRaftLogWorker.java:lambda$new$0(135)) - 0155c29a-c486-4ab3-a60c-46cc4bf5ae0a@group-9B8E17B1DDDE-SegmentedRaftLogWorker: safeCacheEvictIndex: setUnconditionally 0 -> -1
2022-07-21 18:24:39,461 [pool-240-thread-1] INFO  storage.RaftStorage (RaftStorageImpl.java:format(89)) - Storage directory /home/runner/work/ozone/ozone/hadoop-ozone/integration-test/target/test-dir/MiniOzoneClusterImpl-c56c5c68-8a55-4647-89a4-dc8bb834fa26/datanode-2/data/ratis/1de811d7-30b4-40b9-ab18-1e3cd0be553d has been successfully formatted.
2022-07-21 18:24:39,462 [EventQueue-PipelineReportForPipelineReportHandler] INFO  pipeline.PipelineManagerImpl (PipelineManagerImpl.java:openPipeline(367)) - Pipeline Pipeline[ Id: 09d2265f-4958-4c23-87ac-9b8e17b1ddde, Nodes: 0155c29a-c486-4ab3-a60c-46cc4bf5ae0a{ip: 127.0.0.1, host: localhost, ports: [REPLICATION=36687, RATIS=39157, RATIS_ADMIN=39157, RATIS_SERVER=39157, STANDALONE=35983], networkLocation: /default-rack, certSerialId: null, persistedOpState: IN_SERVICE, persistedOpStateExpiryEpochSec: 0}, ReplicationConfig: RATIS/ONE, State:ALLOCATED, leaderId:0155c29a-c486-4ab3-a60c-46cc4bf5ae0a, CreationTimestamp2022-07-21T18:24:36.448Z[Etc/UTC]] moved to OPEN state
2022-07-21 18:24:39,467 [pool-240-thread-1] INFO  ratis.ContainerStateMachine (ContainerStateMachine.java:loadSnapshot(236)) - group-1E3CD0BE553D: The snapshot info is null. Setting the last applied indexto:(t:0, i:~)
2022-07-21 18:24:39,467 [pool-240-thread-1] INFO  server.RaftServerConfigKeys (ConfUtils.java:logGet(46)) - raft.server.notification.no-leader.timeout = 300s (custom)
2022-07-21 18:24:39,467 [pool-240-thread-1] INFO  server.RaftServerConfigKeys (ConfUtils.java:logGet(46)) - raft.server.log.use.memory = false (default)
2022-07-21 18:24:39,467 [pool-215-thread-1] INFO  server.RaftServerConfigKeys (ConfUtils.java:logGet(46)) - raft.server.snapshot.auto.trigger.enabled = true (custom)
2022-07-21 18:24:39,467 [pool-215-thread-1] INFO  server.RaftServerConfigKeys (ConfUtils.java:logGet(46)) - raft.server.snapshot.auto.trigger.threshold = 10000 (custom)
2022-07-21 18:24:39,467 [pool-240-thread-1] INFO  server.RaftServerConfigKeys (ConfUtils.java:logGet(46)) - raft.server.log.purge.gap = 1000000 (custom)
2022-07-21 18:24:39,468 [pool-240-thread-1] INFO  server.RaftServerConfigKeys (ConfUtils.java:logGet(46)) - raft.server.log.appender.buffer.byte-limit = 33554432 (custom)
2022-07-21 18:24:39,468 [pool-240-thread-1] INFO  server.RaftServerConfigKeys (ConfUtils.java:logGet(46)) - raft.server.log.statemachine.data.read.timeout = 1000ms (default)
2022-07-21 18:24:39,468 [pool-215-thread-1] INFO  server.RaftServerConfigKeys (ConfUtils.java:logGet(46)) - raft.server.snapshot.retention.file.num = 5 (custom)
2022-07-21 18:24:39,468 [pool-215-thread-1] INFO  server.RaftServerConfigKeys (ConfUtils.java:logGet(46)) - raft.server.log.purge.upto.snapshot.index = false (default)
2022-07-21 18:24:39,468 [pool-240-thread-1] INFO  server.RaftServerConfigKeys (ConfUtils.java:logGet(46)) - raft.server.log.segment.size.max = 1048576 (custom)
2022-07-21 18:24:39,469 [pool-240-thread-1] INFO  server.RaftServerConfigKeys (ConfUtils.java:logGet(46)) - raft.server.log.segment.cache.num.max = 2 (custom)
2022-07-21 18:24:39,469 [pool-240-thread-1] INFO  server.RaftServerConfigKeys (ConfUtils.java:logGet(46)) - raft.server.log.segment.cache.size.max = 200MB (=209715200) (default)
2022-07-21 18:24:39,469 [pool-240-thread-1] INFO  segmented.SegmentedRaftLogWorker (SegmentedRaftLogWorker.java:<init>(187)) - new e726e41b-5eae-4257-b10a-91e952b7f2e4@group-1E3CD0BE553D-SegmentedRaftLogWorker for RaftStorageImpl:Storage Directory /home/runner/work/ozone/ozone/hadoop-ozone/integration-test/target/test-dir/MiniOzoneClusterImpl-c56c5c68-8a55-4647-89a4-dc8bb834fa26/datanode-2/data/ratis/1de811d7-30b4-40b9-ab18-1e3cd0be553d
2022-07-21 18:24:39,469 [pool-240-thread-1] INFO  server.RaftServerConfigKeys (ConfUtils.java:logGet(46)) - raft.server.log.queue.byte-limit = 4294967296 (custom)
2022-07-21 18:24:39,469 [pool-240-thread-1] INFO  server.RaftServerConfigKeys (ConfUtils.java:logGet(46)) - raft.server.log.queue.element-limit = 1024 (custom)
2022-07-21 18:24:39,469 [pool-240-thread-1] INFO  server.RaftServerConfigKeys (ConfUtils.java:logGet(46)) - raft.server.log.segment.size.max = 1048576 (custom)
2022-07-21 18:24:39,469 [pool-240-thread-1] INFO  server.RaftServerConfigKeys (ConfUtils.java:logGet(46)) - raft.server.log.preallocated.size = 16384 (custom)
2022-07-21 18:24:39,469 [pool-240-thread-1] INFO  server.RaftServerConfigKeys (ConfUtils.java:logGet(46)) - raft.server.log.force.sync.num = 128 (default)
2022-07-21 18:24:39,469 [pool-240-thread-1] INFO  server.RaftServerConfigKeys (ConfUtils.java:logGet(46)) - raft.server.log.statemachine.data.sync = true (default)
2022-07-21 18:24:39,470 [pool-240-thread-1] INFO  server.RaftServerConfigKeys (ConfUtils.java:logGet(46)) - raft.server.log.statemachine.data.sync.timeout = 10s (default)
2022-07-21 18:24:39,470 [pool-240-thread-1] INFO  server.RaftServerConfigKeys (ConfUtils.java:logGet(46)) - raft.server.log.statemachine.data.sync.timeout.retry = -1 (default)
2022-07-21 18:24:39,471 [6c219fae-6e05-4936-867a-162ef996a9c6@group-DC8BB834FA26-StateMachineUpdater] INFO  safemode.HealthyPipelineSafeModeRule (HealthyPipelineSafeModeRule.java:initializeRule(165)) - Refreshed total pipeline count is 0, healthy pipeline threshold count is 1
2022-07-21 18:24:39,474 [pool-215-thread-1] INFO  server.RaftServerConfigKeys (ConfUtils.java:logGet(46)) - raft.server.retrycache.expirytime = 600000ms (custom)
2022-07-21 18:24:39,474 [pool-215-thread-1] INFO  server.RaftServerConfigKeys (ConfUtils.java:logGet(46)) - raft.server.retrycache.statistics.expirytime = 100μs (default)
2022-07-21 18:24:39,475 [EventQueue-OpenPipelineForHealthyPipelineSafeModeRule] INFO  safemode.SCMSafeModeManager (HealthyPipelineSafeModeRule.java:process(137)) - SCM in safe mode. Healthy pipelines reported count is 0, required healthy pipeline reported count is 1
2022-07-21 18:24:39,475 [1195622a-6e13-4f92-83dd-ad3d63b418dc@group-DC8BB834FA26-StateMachineUpdater] INFO  safemode.HealthyPipelineSafeModeRule (HealthyPipelineSafeModeRule.java:initializeRule(165)) - Refreshed total pipeline count is 0, healthy pipeline threshold count is 1
2022-07-21 18:24:39,475 [a989fbd8-2b6d-434f-a2fe-f7a7e8b88707@group-DC8BB834FA26-StateMachineUpdater] INFO  safemode.HealthyPipelineSafeModeRule (HealthyPipelineSafeModeRule.java:initializeRule(165)) - Refreshed total pipeline count is 0, healthy pipeline threshold count is 1
2022-07-21 18:24:39,480 [pool-215-thread-1] INFO  server.RaftServerConfigKeys (ConfUtils.java:logGet(46)) - raft.server.log.appender.install.snapshot.enabled = false (custom)
2022-07-21 18:24:39,480 [pool-215-thread-1] INFO  server.RaftServerConfigKeys (ConfUtils.java:logGet(46)) - raft.server.threadpool.server.cached = true (default)
2022-07-21 18:24:39,480 [pool-215-thread-1] INFO  server.RaftServerConfigKeys (ConfUtils.java:logGet(46)) - raft.server.threadpool.server.size = 0 (default)
2022-07-21 18:24:39,480 [pool-215-thread-1] INFO  server.RaftServerConfigKeys (ConfUtils.java:logGet(46)) - raft.server.threadpool.client.cached = true (default)
2022-07-21 18:24:39,480 [pool-215-thread-1] INFO  server.RaftServerConfigKeys (ConfUtils.java:logGet(46)) - raft.server.threadpool.client.size = 0 (default)
2022-07-21 18:24:39,480 [pool-215-thread-1] INFO  server.RaftServer$Division (RaftServerImpl.java:start(310)) - 0155c29a-c486-4ab3-a60c-46cc4bf5ae0a@group-9B8E17B1DDDE: start as a follower, conf=-1: [0155c29a-c486-4ab3-a60c-46cc4bf5ae0a|rpc:127.0.0.1:39157|priority:1], old=null
2022-07-21 18:24:39,480 [pool-215-thread-1] INFO  server.RaftServer$Division (RaftServerImpl.java:setRole(299)) - 0155c29a-c486-4ab3-a60c-46cc4bf5ae0a@group-9B8E17B1DDDE: changes role from      null to FOLLOWER at term 0 for startAsFollower
2022-07-21 18:24:39,480 [pool-215-thread-1] INFO  impl.RoleInfo (RoleInfo.java:updateAndGet(139)) - 0155c29a-c486-4ab3-a60c-46cc4bf5ae0a: start 0155c29a-c486-4ab3-a60c-46cc4bf5ae0a@group-9B8E17B1DDDE-FollowerState
2022-07-21 18:24:39,481 [pool-215-thread-1] INFO  util.JmxRegister (JmxRegister.java:tryRegister(44)) - Successfully registered JMX Bean with object name Ratis:service=RaftServer,group=group-9B8E17B1DDDE,id=0155c29a-c486-4ab3-a60c-46cc4bf5ae0a
2022-07-21 18:24:39,481 [Command processor thread] INFO  ratis.XceiverServerRatis (XceiverServerRatis.java:addGroup(765)) - Created group PipelineID=09d2265f-4958-4c23-87ac-9b8e17b1ddde
2022-07-21 18:24:39,481 [Command processor thread] INFO  commandhandler.CreatePipelineCommandHandler (CreatePipelineCommandHandler.java:handle(113)) - Created Pipeline RATIS ONE PipelineID=09d2265f-4958-4c23-87ac-9b8e17b1ddde.
2022-07-21 18:24:39,484 [Command processor thread] INFO  server.RaftServer (RaftServerProxy.java:addNew(96)) - 0155c29a-c486-4ab3-a60c-46cc4bf5ae0a: addNew group-1C6ADA7CB40D:[0155c29a-c486-4ab3-a60c-46cc4bf5ae0a|rpc:127.0.0.1:39157|priority:1, 5d1fd1ad-3ffc-45d7-9cc9-017894943827|rpc:127.0.0.1:39605|priority:0, e726e41b-5eae-4257-b10a-91e952b7f2e4|rpc:127.0.0.1:33341|priority:0] returns group-1C6ADA7CB40D:java.util.concurrent.CompletableFuture@4f74000[Not completed]
2022-07-21 18:24:39,484 [pool-240-thread-1] INFO  server.RaftServerConfigKeys (ConfUtils.java:logGet(46)) - raft.server.log.write.buffer.size = 1048576 (custom)
2022-07-21 18:24:39,485 [pool-240-thread-1] INFO  server.RaftServerConfigKeys (ConfUtils.java:logGet(46)) - raft.server.log.unsafe-flush.enabled = false (default)
2022-07-21 18:24:39,485 [pool-240-thread-1] INFO  server.RaftServerConfigKeys (ConfUtils.java:logGet(46)) - raft.server.log.statemachine.data.caching.enabled = true (custom)
2022-07-21 18:24:39,485 [pool-215-thread-1] INFO  server.RaftServer$Division (RaftServerImpl.java:<init>(190)) - 0155c29a-c486-4ab3-a60c-46cc4bf5ae0a: new RaftServerImpl for group-1C6ADA7CB40D:[0155c29a-c486-4ab3-a60c-46cc4bf5ae0a|rpc:127.0.0.1:39157|priority:1, 5d1fd1ad-3ffc-45d7-9cc9-017894943827|rpc:127.0.0.1:39605|priority:0, e726e41b-5eae-4257-b10a-91e952b7f2e4|rpc:127.0.0.1:33341|priority:0] with ContainerStateMachine:uninitialized
2022-07-21 18:24:39,485 [pool-215-thread-1] INFO  server.RaftServerConfigKeys (ConfUtils.java:logGet(46)) - raft.server.rpc.timeout.min = 5s (custom)
2022-07-21 18:24:39,485 [pool-240-thread-1] INFO  segmented.SegmentedRaftLogWorker (SegmentedRaftLogWorker.java:lambda$new$0(135)) - e726e41b-5eae-4257-b10a-91e952b7f2e4@group-1E3CD0BE553D-SegmentedRaftLogWorker: flushIndex: setUnconditionally 0 -> -1
2022-07-21 18:24:39,485 [pool-215-thread-1] INFO  server.RaftServerConfigKeys (ConfUtils.java:logGet(46)) - raft.server.rpc.timeout.max = 5200ms (custom)
2022-07-21 18:24:39,485 [pool-215-thread-1] INFO  server.RaftServerConfigKeys (ConfUtils.java:logGet(46)) - raft.server.rpc.sleep.time = 25ms (default)
2022-07-21 18:24:39,485 [pool-215-thread-1] INFO  server.RaftServerConfigKeys (ConfUtils.java:logGet(46)) - raft.server.rpc.slowness.timeout = 300s (custom)
2022-07-21 18:24:39,485 [pool-215-thread-1] INFO  server.RaftServerConfigKeys (ConfUtils.java:logGet(46)) - raft.server.leaderelection.leader.step-down.wait-time = 10s (default)
2022-07-21 18:24:39,485 [pool-215-thread-1] INFO  server.RaftServerConfigKeys (ConfUtils.java:logGet(46)) - raft.server.sleep.deviation.threshold = 300ms (default)
2022-07-21 18:24:39,485 [pool-215-thread-1] INFO  server.RaftServer$Division (ServerState.java:<init>(107)) - 0155c29a-c486-4ab3-a60c-46cc4bf5ae0a@group-1C6ADA7CB40D: ConfigurationManager, init=-1: [0155c29a-c486-4ab3-a60c-46cc4bf5ae0a|rpc:127.0.0.1:39157|priority:1, 5d1fd1ad-3ffc-45d7-9cc9-017894943827|rpc:127.0.0.1:39605|priority:0, e726e41b-5eae-4257-b10a-91e952b7f2e4|rpc:127.0.0.1:33341|priority:0], old=null, confs=<EMPTY_MAP>
2022-07-21 18:24:39,485 [pool-215-thread-1] INFO  server.RaftServerConfigKeys (ConfUtils.java:logGet(46)) - raft.server.storage.dir = [/home/runner/work/ozone/ozone/hadoop-ozone/integration-test/target/test-dir/MiniOzoneClusterImpl-c56c5c68-8a55-4647-89a4-dc8bb834fa26/datanode-1/data/ratis] (custom)
2022-07-21 18:24:39,486 [pool-215-thread-1] INFO  server.RaftServerConfigKeys (ConfUtils.java:logGet(46)) - raft.server.log.corruption.policy = EXCEPTION (default)
2022-07-21 18:24:39,486 [pool-215-thread-1] INFO  server.RaftServerConfigKeys (ConfUtils.java:logGet(46)) - raft.server.storage.free-space.min = 0MB (=0) (default)
2022-07-21 18:24:39,486 [pool-215-thread-1] INFO  storage.RaftStorageDirectory (RaftStorageDirectoryImpl.java:analyzeStorage(135)) - The storage directory /home/runner/work/ozone/ozone/hadoop-ozone/integration-test/target/test-dir/MiniOzoneClusterImpl-c56c5c68-8a55-4647-89a4-dc8bb834fa26/datanode-1/data/ratis/84cd1a99-4ae3-4bd5-ab21-1c6ada7cb40d does not exist. Creating ...
2022-07-21 18:24:39,485 [pool-240-thread-1] INFO  segmented.SegmentedRaftLogWorker (SegmentedRaftLogWorker.java:lambda$new$0(135)) - e726e41b-5eae-4257-b10a-91e952b7f2e4@group-1E3CD0BE553D-SegmentedRaftLogWorker: safeCacheEvictIndex: setUnconditionally 0 -> -1
2022-07-21 18:24:39,487 [pool-215-thread-1] INFO  storage.RaftStorageDirectory (RaftStorageDirectoryImpl.java:tryLock(230)) - Lock on /home/runner/work/ozone/ozone/hadoop-ozone/integration-test/target/test-dir/MiniOzoneClusterImpl-c56c5c68-8a55-4647-89a4-dc8bb834fa26/datanode-1/data/ratis/84cd1a99-4ae3-4bd5-ab21-1c6ada7cb40d/in_use.lock acquired by nodename 21952@fv-az378-305
2022-07-21 18:24:39,489 [pool-215-thread-1] INFO  storage.RaftStorage (RaftStorageImpl.java:format(89)) - Storage directory /home/runner/work/ozone/ozone/hadoop-ozone/integration-test/target/test-dir/MiniOzoneClusterImpl-c56c5c68-8a55-4647-89a4-dc8bb834fa26/datanode-1/data/ratis/84cd1a99-4ae3-4bd5-ab21-1c6ada7cb40d has been successfully formatted.
2022-07-21 18:24:39,490 [pool-215-thread-1] INFO  ratis.ContainerStateMachine (ContainerStateMachine.java:loadSnapshot(236)) - group-1C6ADA7CB40D: The snapshot info is null. Setting the last applied indexto:(t:0, i:~)
2022-07-21 18:24:39,490 [pool-215-thread-1] INFO  server.RaftServerConfigKeys (ConfUtils.java:logGet(46)) - raft.server.notification.no-leader.timeout = 300s (custom)
2022-07-21 18:24:39,490 [pool-215-thread-1] INFO  server.RaftServerConfigKeys (ConfUtils.java:logGet(46)) - raft.server.log.use.memory = false (default)
2022-07-21 18:24:39,490 [pool-215-thread-1] INFO  server.RaftServerConfigKeys (ConfUtils.java:logGet(46)) - raft.server.log.purge.gap = 1000000 (custom)
2022-07-21 18:24:39,490 [pool-215-thread-1] INFO  server.RaftServerConfigKeys (ConfUtils.java:logGet(46)) - raft.server.log.appender.buffer.byte-limit = 33554432 (custom)
2022-07-21 18:24:39,490 [pool-215-thread-1] INFO  server.RaftServerConfigKeys (ConfUtils.java:logGet(46)) - raft.server.log.statemachine.data.read.timeout = 1000ms (default)
2022-07-21 18:24:39,491 [pool-215-thread-1] INFO  server.RaftServerConfigKeys (ConfUtils.java:logGet(46)) - raft.server.log.segment.size.max = 1048576 (custom)
2022-07-21 18:24:39,491 [pool-215-thread-1] INFO  server.RaftServerConfigKeys (ConfUtils.java:logGet(46)) - raft.server.log.segment.cache.num.max = 2 (custom)
2022-07-21 18:24:39,491 [pool-215-thread-1] INFO  server.RaftServerConfigKeys (ConfUtils.java:logGet(46)) - raft.server.log.segment.cache.size.max = 200MB (=209715200) (default)
2022-07-21 18:24:39,491 [pool-215-thread-1] INFO  segmented.SegmentedRaftLogWorker (SegmentedRaftLogWorker.java:<init>(187)) - new 0155c29a-c486-4ab3-a60c-46cc4bf5ae0a@group-1C6ADA7CB40D-SegmentedRaftLogWorker for RaftStorageImpl:Storage Directory /home/runner/work/ozone/ozone/hadoop-ozone/integration-test/target/test-dir/MiniOzoneClusterImpl-c56c5c68-8a55-4647-89a4-dc8bb834fa26/datanode-1/data/ratis/84cd1a99-4ae3-4bd5-ab21-1c6ada7cb40d
2022-07-21 18:24:39,491 [pool-215-thread-1] INFO  server.RaftServerConfigKeys (ConfUtils.java:logGet(46)) - raft.server.log.queue.byte-limit = 4294967296 (custom)
2022-07-21 18:24:39,492 [pool-215-thread-1] INFO  server.RaftServerConfigKeys (ConfUtils.java:logGet(46)) - raft.server.log.queue.element-limit = 1024 (custom)
2022-07-21 18:24:39,492 [pool-215-thread-1] INFO  server.RaftServerConfigKeys (ConfUtils.java:logGet(46)) - raft.server.log.segment.size.max = 1048576 (custom)
2022-07-21 18:24:39,492 [pool-215-thread-1] INFO  server.RaftServerConfigKeys (ConfUtils.java:logGet(46)) - raft.server.log.preallocated.size = 16384 (custom)
2022-07-21 18:24:39,492 [pool-215-thread-1] INFO  server.RaftServerConfigKeys (ConfUtils.java:logGet(46)) - raft.server.log.force.sync.num = 128 (default)
2022-07-21 18:24:39,492 [pool-215-thread-1] INFO  server.RaftServerConfigKeys (ConfUtils.java:logGet(46)) - raft.server.log.statemachine.data.sync = true (default)
2022-07-21 18:24:39,492 [pool-215-thread-1] INFO  server.RaftServerConfigKeys (ConfUtils.java:logGet(46)) - raft.server.log.statemachine.data.sync.timeout = 10s (default)
2022-07-21 18:24:39,492 [pool-215-thread-1] INFO  server.RaftServerConfigKeys (ConfUtils.java:logGet(46)) - raft.server.log.statemachine.data.sync.timeout.retry = -1 (default)
2022-07-21 18:24:39,495 [EventQueue-OpenPipelineForHealthyPipelineSafeModeRule] INFO  safemode.SCMSafeModeManager (HealthyPipelineSafeModeRule.java:process(137)) - SCM in safe mode. Healthy pipelines reported count is 0, required healthy pipeline reported count is 1
2022-07-21 18:24:39,495 [pool-215-thread-1] INFO  server.RaftServerConfigKeys (ConfUtils.java:logGet(46)) - raft.server.log.write.buffer.size = 1048576 (custom)
2022-07-21 18:24:39,495 [pool-215-thread-1] INFO  server.RaftServerConfigKeys (ConfUtils.java:logGet(46)) - raft.server.log.unsafe-flush.enabled = false (default)
2022-07-21 18:24:39,495 [pool-215-thread-1] INFO  server.RaftServerConfigKeys (ConfUtils.java:logGet(46)) - raft.server.log.statemachine.data.caching.enabled = true (custom)
2022-07-21 18:24:39,496 [pool-215-thread-1] INFO  segmented.SegmentedRaftLogWorker (SegmentedRaftLogWorker.java:lambda$new$0(135)) - 0155c29a-c486-4ab3-a60c-46cc4bf5ae0a@group-1C6ADA7CB40D-SegmentedRaftLogWorker: flushIndex: setUnconditionally 0 -> -1
2022-07-21 18:24:39,496 [pool-215-thread-1] INFO  segmented.SegmentedRaftLogWorker (SegmentedRaftLogWorker.java:lambda$new$0(135)) - 0155c29a-c486-4ab3-a60c-46cc4bf5ae0a@group-1C6ADA7CB40D-SegmentedRaftLogWorker: safeCacheEvictIndex: setUnconditionally 0 -> -1
2022-07-21 18:24:39,496 [pool-240-thread-1] INFO  server.RaftServerConfigKeys (ConfUtils.java:logGet(46)) - raft.server.snapshot.auto.trigger.enabled = true (custom)
2022-07-21 18:24:39,496 [pool-240-thread-1] INFO  server.RaftServerConfigKeys (ConfUtils.java:logGet(46)) - raft.server.snapshot.auto.trigger.threshold = 10000 (custom)
2022-07-21 18:24:39,496 [pool-240-thread-1] INFO  server.RaftServerConfigKeys (ConfUtils.java:logGet(46)) - raft.server.snapshot.retention.file.num = 5 (custom)
2022-07-21 18:24:39,496 [pool-240-thread-1] INFO  server.RaftServerConfigKeys (ConfUtils.java:logGet(46)) - raft.server.log.purge.upto.snapshot.index = false (default)
2022-07-21 18:24:39,498 [pool-240-thread-1] INFO  server.RaftServerConfigKeys (ConfUtils.java:logGet(46)) - raft.server.retrycache.expirytime = 600000ms (custom)
2022-07-21 18:24:39,498 [pool-240-thread-1] INFO  server.RaftServerConfigKeys (ConfUtils.java:logGet(46)) - raft.server.retrycache.statistics.expirytime = 100μs (default)
2022-07-21 18:24:39,499 [pool-240-thread-1] INFO  server.RaftServerConfigKeys (ConfUtils.java:logGet(46)) - raft.server.log.appender.install.snapshot.enabled = false (custom)
2022-07-21 18:24:39,499 [pool-240-thread-1] INFO  server.RaftServerConfigKeys (ConfUtils.java:logGet(46)) - raft.server.threadpool.server.cached = true (default)
2022-07-21 18:24:39,500 [pool-240-thread-1] INFO  server.RaftServerConfigKeys (ConfUtils.java:logGet(46)) - raft.server.threadpool.server.size = 0 (default)
2022-07-21 18:24:39,500 [pool-240-thread-1] INFO  server.RaftServerConfigKeys (ConfUtils.java:logGet(46)) - raft.server.threadpool.client.cached = true (default)
2022-07-21 18:24:39,500 [pool-240-thread-1] INFO  server.RaftServerConfigKeys (ConfUtils.java:logGet(46)) - raft.server.threadpool.client.size = 0 (default)
2022-07-21 18:24:39,500 [pool-240-thread-1] INFO  server.RaftServer$Division (RaftServerImpl.java:start(310)) - e726e41b-5eae-4257-b10a-91e952b7f2e4@group-1E3CD0BE553D: start as a follower, conf=-1: [0155c29a-c486-4ab3-a60c-46cc4bf5ae0a|rpc:127.0.0.1:39157|dataStream:|priority:0, 5d1fd1ad-3ffc-45d7-9cc9-017894943827|rpc:127.0.0.1:39605|dataStream:|priority:0, e726e41b-5eae-4257-b10a-91e952b7f2e4|rpc:127.0.0.1:33341|dataStream:|priority:1], old=null
2022-07-21 18:24:39,500 [pool-240-thread-1] INFO  server.RaftServer$Division (RaftServerImpl.java:setRole(299)) - e726e41b-5eae-4257-b10a-91e952b7f2e4@group-1E3CD0BE553D: changes role from      null to FOLLOWER at term 0 for startAsFollower
2022-07-21 18:24:39,501 [EventQueue-OpenPipelineForHealthyPipelineSafeModeRule] INFO  safemode.SCMSafeModeManager (HealthyPipelineSafeModeRule.java:process(137)) - SCM in safe mode. Healthy pipelines reported count is 0, required healthy pipeline reported count is 1
2022-07-21 18:24:39,502 [pool-215-thread-1] INFO  server.RaftServerConfigKeys (ConfUtils.java:logGet(46)) - raft.server.snapshot.auto.trigger.enabled = true (custom)
2022-07-21 18:24:39,502 [pool-215-thread-1] INFO  server.RaftServerConfigKeys (ConfUtils.java:logGet(46)) - raft.server.snapshot.auto.trigger.threshold = 10000 (custom)
2022-07-21 18:24:39,502 [pool-215-thread-1] INFO  server.RaftServerConfigKeys (ConfUtils.java:logGet(46)) - raft.server.snapshot.retention.file.num = 5 (custom)
2022-07-21 18:24:39,502 [pool-215-thread-1] INFO  server.RaftServerConfigKeys (ConfUtils.java:logGet(46)) - raft.server.log.purge.upto.snapshot.index = false (default)
2022-07-21 18:24:39,502 [pool-215-thread-1] INFO  server.RaftServerConfigKeys (ConfUtils.java:logGet(46)) - raft.server.retrycache.expirytime = 600000ms (custom)
2022-07-21 18:24:39,502 [pool-215-thread-1] INFO  server.RaftServerConfigKeys (ConfUtils.java:logGet(46)) - raft.server.retrycache.statistics.expirytime = 100μs (default)
2022-07-21 18:24:39,503 [pool-215-thread-1] INFO  server.RaftServerConfigKeys (ConfUtils.java:logGet(46)) - raft.server.log.appender.install.snapshot.enabled = false (custom)
2022-07-21 18:24:39,504 [pool-215-thread-1] INFO  server.RaftServerConfigKeys (ConfUtils.java:logGet(46)) - raft.server.threadpool.server.cached = true (default)
2022-07-21 18:24:39,504 [pool-215-thread-1] INFO  server.RaftServerConfigKeys (ConfUtils.java:logGet(46)) - raft.server.threadpool.server.size = 0 (default)
2022-07-21 18:24:39,502 [EventQueue-OpenPipelineForHealthyPipelineSafeModeRule] INFO  safemode.SCMSafeModeManager (HealthyPipelineSafeModeRule.java:process(137)) - SCM in safe mode. Healthy pipelines reported count is 0, required healthy pipeline reported count is 1
2022-07-21 18:24:39,504 [pool-215-thread-1] INFO  server.RaftServerConfigKeys (ConfUtils.java:logGet(46)) - raft.server.threadpool.client.cached = true (default)
2022-07-21 18:24:39,504 [pool-215-thread-1] INFO  server.RaftServerConfigKeys (ConfUtils.java:logGet(46)) - raft.server.threadpool.client.size = 0 (default)
2022-07-21 18:24:39,504 [pool-215-thread-1] INFO  server.RaftServer$Division (RaftServerImpl.java:start(310)) - 0155c29a-c486-4ab3-a60c-46cc4bf5ae0a@group-1C6ADA7CB40D: start as a follower, conf=-1: [0155c29a-c486-4ab3-a60c-46cc4bf5ae0a|rpc:127.0.0.1:39157|priority:1, 5d1fd1ad-3ffc-45d7-9cc9-017894943827|rpc:127.0.0.1:39605|priority:0, e726e41b-5eae-4257-b10a-91e952b7f2e4|rpc:127.0.0.1:33341|priority:0], old=null
2022-07-21 18:24:39,504 [pool-215-thread-1] INFO  server.RaftServer$Division (RaftServerImpl.java:setRole(299)) - 0155c29a-c486-4ab3-a60c-46cc4bf5ae0a@group-1C6ADA7CB40D: changes role from      null to FOLLOWER at term 0 for startAsFollower
2022-07-21 18:24:39,504 [pool-215-thread-1] INFO  impl.RoleInfo (RoleInfo.java:updateAndGet(139)) - 0155c29a-c486-4ab3-a60c-46cc4bf5ae0a: start 0155c29a-c486-4ab3-a60c-46cc4bf5ae0a@group-1C6ADA7CB40D-FollowerState
2022-07-21 18:24:39,507 [pool-240-thread-1] INFO  impl.RoleInfo (RoleInfo.java:updateAndGet(139)) - e726e41b-5eae-4257-b10a-91e952b7f2e4: start e726e41b-5eae-4257-b10a-91e952b7f2e4@group-1E3CD0BE553D-FollowerState
2022-07-21 18:24:39,508 [pool-215-thread-1] INFO  util.JmxRegister (JmxRegister.java:tryRegister(44)) - Successfully registered JMX Bean with object name Ratis:service=RaftServer,group=group-1C6ADA7CB40D,id=0155c29a-c486-4ab3-a60c-46cc4bf5ae0a
2022-07-21 18:24:39,510 [pool-240-thread-1] INFO  util.JmxRegister (JmxRegister.java:tryRegister(44)) - Successfully registered JMX Bean with object name Ratis:service=RaftServer,group=group-1E3CD0BE553D,id=e726e41b-5eae-4257-b10a-91e952b7f2e4
2022-07-21 18:24:39,511 [Command processor thread] INFO  ratis.XceiverServerRatis (XceiverServerRatis.java:addGroup(765)) - Created group PipelineID=84cd1a99-4ae3-4bd5-ab21-1c6ada7cb40d
2022-07-21 18:24:39,535 [Command processor thread] INFO  commandhandler.CreatePipelineCommandHandler (CreatePipelineCommandHandler.java:handle(113)) - Created Pipeline RATIS THREE PipelineID=1de811d7-30b4-40b9-ab18-1e3cd0be553d.
2022-07-21 18:24:39,535 [Command processor thread] INFO  server.RaftServer (RaftServerProxy.java:addNew(96)) - 5d1fd1ad-3ffc-45d7-9cc9-017894943827: addNew group-1C6ADA7CB40D:[0155c29a-c486-4ab3-a60c-46cc4bf5ae0a|rpc:127.0.0.1:39157|priority:1, 5d1fd1ad-3ffc-45d7-9cc9-017894943827|rpc:127.0.0.1:39605|priority:0, e726e41b-5eae-4257-b10a-91e952b7f2e4|rpc:127.0.0.1:33341|priority:0] returns group-1C6ADA7CB40D:java.util.concurrent.CompletableFuture@26b909b8[Not completed]
2022-07-21 18:24:39,538 [pool-190-thread-1] INFO  server.RaftServer$Division (RaftServerImpl.java:<init>(190)) - 5d1fd1ad-3ffc-45d7-9cc9-017894943827: new RaftServerImpl for group-1C6ADA7CB40D:[0155c29a-c486-4ab3-a60c-46cc4bf5ae0a|rpc:127.0.0.1:39157|priority:1, 5d1fd1ad-3ffc-45d7-9cc9-017894943827|rpc:127.0.0.1:39605|priority:0, e726e41b-5eae-4257-b10a-91e952b7f2e4|rpc:127.0.0.1:33341|priority:0] with ContainerStateMachine:uninitialized
2022-07-21 18:24:39,538 [pool-190-thread-1] INFO  server.RaftServerConfigKeys (ConfUtils.java:logGet(46)) - raft.server.rpc.timeout.min = 5s (custom)
2022-07-21 18:24:39,538 [pool-190-thread-1] INFO  server.RaftServerConfigKeys (ConfUtils.java:logGet(46)) - raft.server.rpc.timeout.max = 5200ms (custom)
2022-07-21 18:24:39,538 [pool-190-thread-1] INFO  server.RaftServerConfigKeys (ConfUtils.java:logGet(46)) - raft.server.rpc.sleep.time = 25ms (default)
2022-07-21 18:24:39,538 [pool-190-thread-1] INFO  server.RaftServerConfigKeys (ConfUtils.java:logGet(46)) - raft.server.rpc.slowness.timeout = 300s (custom)
2022-07-21 18:24:39,538 [pool-190-thread-1] INFO  server.RaftServerConfigKeys (ConfUtils.java:logGet(46)) - raft.server.leaderelection.leader.step-down.wait-time = 10s (default)
2022-07-21 18:24:39,538 [pool-190-thread-1] INFO  server.RaftServerConfigKeys (ConfUtils.java:logGet(46)) - raft.server.sleep.deviation.threshold = 300ms (default)
2022-07-21 18:24:39,538 [pool-190-thread-1] INFO  server.RaftServer$Division (ServerState.java:<init>(107)) - 5d1fd1ad-3ffc-45d7-9cc9-017894943827@group-1C6ADA7CB40D: ConfigurationManager, init=-1: [0155c29a-c486-4ab3-a60c-46cc4bf5ae0a|rpc:127.0.0.1:39157|priority:1, 5d1fd1ad-3ffc-45d7-9cc9-017894943827|rpc:127.0.0.1:39605|priority:0, e726e41b-5eae-4257-b10a-91e952b7f2e4|rpc:127.0.0.1:33341|priority:0], old=null, confs=<EMPTY_MAP>
2022-07-21 18:24:39,538 [pool-190-thread-1] INFO  server.RaftServerConfigKeys (ConfUtils.java:logGet(46)) - raft.server.storage.dir = [/home/runner/work/ozone/ozone/hadoop-ozone/integration-test/target/test-dir/MiniOzoneClusterImpl-c56c5c68-8a55-4647-89a4-dc8bb834fa26/datanode-0/data/ratis] (custom)
2022-07-21 18:24:39,539 [pool-190-thread-1] INFO  server.RaftServerConfigKeys (ConfUtils.java:logGet(46)) - raft.server.log.corruption.policy = EXCEPTION (default)
2022-07-21 18:24:39,539 [pool-190-thread-1] INFO  server.RaftServerConfigKeys (ConfUtils.java:logGet(46)) - raft.server.storage.free-space.min = 0MB (=0) (default)
2022-07-21 18:24:39,539 [pool-190-thread-1] INFO  storage.RaftStorageDirectory (RaftStorageDirectoryImpl.java:analyzeStorage(135)) - The storage directory /home/runner/work/ozone/ozone/hadoop-ozone/integration-test/target/test-dir/MiniOzoneClusterImpl-c56c5c68-8a55-4647-89a4-dc8bb834fa26/datanode-0/data/ratis/84cd1a99-4ae3-4bd5-ab21-1c6ada7cb40d does not exist. Creating ...
2022-07-21 18:24:39,542 [pool-190-thread-1] INFO  storage.RaftStorageDirectory (RaftStorageDirectoryImpl.java:tryLock(230)) - Lock on /home/runner/work/ozone/ozone/hadoop-ozone/integration-test/target/test-dir/MiniOzoneClusterImpl-c56c5c68-8a55-4647-89a4-dc8bb834fa26/datanode-0/data/ratis/84cd1a99-4ae3-4bd5-ab21-1c6ada7cb40d/in_use.lock acquired by nodename 21952@fv-az378-305
2022-07-21 18:24:39,547 [pool-190-thread-1] INFO  storage.RaftStorage (RaftStorageImpl.java:format(89)) - Storage directory /home/runner/work/ozone/ozone/hadoop-ozone/integration-test/target/test-dir/MiniOzoneClusterImpl-c56c5c68-8a55-4647-89a4-dc8bb834fa26/datanode-0/data/ratis/84cd1a99-4ae3-4bd5-ab21-1c6ada7cb40d has been successfully formatted.
2022-07-21 18:24:39,547 [pool-190-thread-1] INFO  ratis.ContainerStateMachine (ContainerStateMachine.java:loadSnapshot(236)) - group-1C6ADA7CB40D: The snapshot info is null. Setting the last applied indexto:(t:0, i:~)
2022-07-21 18:24:39,547 [pool-190-thread-1] INFO  server.RaftServerConfigKeys (ConfUtils.java:logGet(46)) - raft.server.notification.no-leader.timeout = 300s (custom)
2022-07-21 18:24:39,547 [pool-190-thread-1] INFO  server.RaftServerConfigKeys (ConfUtils.java:logGet(46)) - raft.server.log.use.memory = false (default)
2022-07-21 18:24:39,547 [pool-190-thread-1] INFO  server.RaftServerConfigKeys (ConfUtils.java:logGet(46)) - raft.server.log.purge.gap = 1000000 (custom)
2022-07-21 18:24:39,547 [pool-190-thread-1] INFO  server.RaftServerConfigKeys (ConfUtils.java:logGet(46)) - raft.server.log.appender.buffer.byte-limit = 33554432 (custom)
2022-07-21 18:24:39,548 [pool-190-thread-1] INFO  server.RaftServerConfigKeys (ConfUtils.java:logGet(46)) - raft.server.log.statemachine.data.read.timeout = 1000ms (default)
2022-07-21 18:24:39,548 [pool-190-thread-1] INFO  server.RaftServerConfigKeys (ConfUtils.java:logGet(46)) - raft.server.log.segment.size.max = 1048576 (custom)
2022-07-21 18:24:39,548 [pool-190-thread-1] INFO  server.RaftServerConfigKeys (ConfUtils.java:logGet(46)) - raft.server.log.segment.cache.num.max = 2 (custom)
2022-07-21 18:24:39,548 [pool-190-thread-1] INFO  server.RaftServerConfigKeys (ConfUtils.java:logGet(46)) - raft.server.log.segment.cache.size.max = 200MB (=209715200) (default)
2022-07-21 18:24:39,548 [pool-190-thread-1] INFO  segmented.SegmentedRaftLogWorker (SegmentedRaftLogWorker.java:<init>(187)) - new 5d1fd1ad-3ffc-45d7-9cc9-017894943827@group-1C6ADA7CB40D-SegmentedRaftLogWorker for RaftStorageImpl:Storage Directory /home/runner/work/ozone/ozone/hadoop-ozone/integration-test/target/test-dir/MiniOzoneClusterImpl-c56c5c68-8a55-4647-89a4-dc8bb834fa26/datanode-0/data/ratis/84cd1a99-4ae3-4bd5-ab21-1c6ada7cb40d
2022-07-21 18:24:39,548 [pool-190-thread-1] INFO  server.RaftServerConfigKeys (ConfUtils.java:logGet(46)) - raft.server.log.queue.byte-limit = 4294967296 (custom)
2022-07-21 18:24:39,548 [pool-190-thread-1] INFO  server.RaftServerConfigKeys (ConfUtils.java:logGet(46)) - raft.server.log.queue.element-limit = 1024 (custom)
2022-07-21 18:24:39,549 [pool-190-thread-1] INFO  server.RaftServerConfigKeys (ConfUtils.java:logGet(46)) - raft.server.log.segment.size.max = 1048576 (custom)
2022-07-21 18:24:39,549 [pool-190-thread-1] INFO  server.RaftServerConfigKeys (ConfUtils.java:logGet(46)) - raft.server.log.preallocated.size = 16384 (custom)
2022-07-21 18:24:39,549 [pool-190-thread-1] INFO  server.RaftServerConfigKeys (ConfUtils.java:logGet(46)) - raft.server.log.force.sync.num = 128 (default)
2022-07-21 18:24:39,549 [pool-190-thread-1] INFO  server.RaftServerConfigKeys (ConfUtils.java:logGet(46)) - raft.server.log.statemachine.data.sync = true (default)
2022-07-21 18:24:39,549 [pool-190-thread-1] INFO  server.RaftServerConfigKeys (ConfUtils.java:logGet(46)) - raft.server.log.statemachine.data.sync.timeout = 10s (default)
2022-07-21 18:24:39,549 [pool-190-thread-1] INFO  server.RaftServerConfigKeys (ConfUtils.java:logGet(46)) - raft.server.log.statemachine.data.sync.timeout.retry = -1 (default)
2022-07-21 18:24:39,551 [pool-190-thread-1] INFO  server.RaftServerConfigKeys (ConfUtils.java:logGet(46)) - raft.server.log.write.buffer.size = 1048576 (custom)
2022-07-21 18:24:39,551 [pool-190-thread-1] INFO  server.RaftServerConfigKeys (ConfUtils.java:logGet(46)) - raft.server.log.unsafe-flush.enabled = false (default)
2022-07-21 18:24:39,551 [pool-190-thread-1] INFO  server.RaftServerConfigKeys (ConfUtils.java:logGet(46)) - raft.server.log.statemachine.data.caching.enabled = true (custom)
2022-07-21 18:24:39,551 [pool-190-thread-1] INFO  segmented.SegmentedRaftLogWorker (SegmentedRaftLogWorker.java:lambda$new$0(135)) - 5d1fd1ad-3ffc-45d7-9cc9-017894943827@group-1C6ADA7CB40D-SegmentedRaftLogWorker: flushIndex: setUnconditionally 0 -> -1
2022-07-21 18:24:39,552 [pool-190-thread-1] INFO  segmented.SegmentedRaftLogWorker (SegmentedRaftLogWorker.java:lambda$new$0(135)) - 5d1fd1ad-3ffc-45d7-9cc9-017894943827@group-1C6ADA7CB40D-SegmentedRaftLogWorker: safeCacheEvictIndex: setUnconditionally 0 -> -1
2022-07-21 18:24:39,554 [EventQueue-OpenPipelineForHealthyPipelineSafeModeRule] INFO  safemode.SCMSafeModeManager (HealthyPipelineSafeModeRule.java:process(137)) - SCM in safe mode. Healthy pipelines reported count is 0, required healthy pipeline reported count is 1
2022-07-21 18:24:39,554 [EventQueue-OpenPipelineForHealthyPipelineSafeModeRule] INFO  safemode.SCMSafeModeManager (HealthyPipelineSafeModeRule.java:process(137)) - SCM in safe mode. Healthy pipelines reported count is 0, required healthy pipeline reported count is 1
2022-07-21 18:24:39,556 [pool-190-thread-1] INFO  server.RaftServerConfigKeys (ConfUtils.java:logGet(46)) - raft.server.snapshot.auto.trigger.enabled = true (custom)
2022-07-21 18:24:39,556 [pool-190-thread-1] INFO  server.RaftServerConfigKeys (ConfUtils.java:logGet(46)) - raft.server.snapshot.auto.trigger.threshold = 10000 (custom)
2022-07-21 18:24:39,556 [pool-190-thread-1] INFO  server.RaftServerConfigKeys (ConfUtils.java:logGet(46)) - raft.server.snapshot.retention.file.num = 5 (custom)
2022-07-21 18:24:39,556 [pool-190-thread-1] INFO  server.RaftServerConfigKeys (ConfUtils.java:logGet(46)) - raft.server.log.purge.upto.snapshot.index = false (default)
2022-07-21 18:24:39,556 [pool-190-thread-1] INFO  server.RaftServerConfigKeys (ConfUtils.java:logGet(46)) - raft.server.retrycache.expirytime = 600000ms (custom)
2022-07-21 18:24:39,556 [pool-190-thread-1] INFO  server.RaftServerConfigKeys (ConfUtils.java:logGet(46)) - raft.server.retrycache.statistics.expirytime = 100μs (default)
2022-07-21 18:24:39,557 [pool-190-thread-1] INFO  server.RaftServerConfigKeys (ConfUtils.java:logGet(46)) - raft.server.log.appender.install.snapshot.enabled = false (custom)
2022-07-21 18:24:39,557 [pool-190-thread-1] INFO  server.RaftServerConfigKeys (ConfUtils.java:logGet(46)) - raft.server.threadpool.server.cached = true (default)
2022-07-21 18:24:39,557 [pool-190-thread-1] INFO  server.RaftServerConfigKeys (ConfUtils.java:logGet(46)) - raft.server.threadpool.server.size = 0 (default)
2022-07-21 18:24:39,558 [pool-190-thread-1] INFO  server.RaftServerConfigKeys (ConfUtils.java:logGet(46)) - raft.server.threadpool.client.cached = true (default)
2022-07-21 18:24:39,558 [pool-190-thread-1] INFO  server.RaftServerConfigKeys (ConfUtils.java:logGet(46)) - raft.server.threadpool.client.size = 0 (default)
2022-07-21 18:24:39,558 [pool-190-thread-1] INFO  server.RaftServer$Division (RaftServerImpl.java:start(310)) - 5d1fd1ad-3ffc-45d7-9cc9-017894943827@group-1C6ADA7CB40D: start as a follower, conf=-1: [0155c29a-c486-4ab3-a60c-46cc4bf5ae0a|rpc:127.0.0.1:39157|priority:1, 5d1fd1ad-3ffc-45d7-9cc9-017894943827|rpc:127.0.0.1:39605|priority:0, e726e41b-5eae-4257-b10a-91e952b7f2e4|rpc:127.0.0.1:33341|priority:0], old=null
2022-07-21 18:24:39,558 [pool-190-thread-1] INFO  server.RaftServer$Division (RaftServerImpl.java:setRole(299)) - 5d1fd1ad-3ffc-45d7-9cc9-017894943827@group-1C6ADA7CB40D: changes role from      null to FOLLOWER at term 0 for startAsFollower
2022-07-21 18:24:39,558 [pool-190-thread-1] INFO  impl.RoleInfo (RoleInfo.java:updateAndGet(139)) - 5d1fd1ad-3ffc-45d7-9cc9-017894943827: start 5d1fd1ad-3ffc-45d7-9cc9-017894943827@group-1C6ADA7CB40D-FollowerState
2022-07-21 18:24:39,577 [EventQueue-OpenPipelineForHealthyPipelineSafeModeRule] INFO  safemode.SCMSafeModeManager (HealthyPipelineSafeModeRule.java:process(137)) - SCM in safe mode. Healthy pipelines reported count is 0, required healthy pipeline reported count is 1
2022-07-21 18:24:39,582 [pool-190-thread-1] INFO  util.JmxRegister (JmxRegister.java:tryRegister(44)) - Successfully registered JMX Bean with object name Ratis:service=RaftServer,group=group-1C6ADA7CB40D,id=5d1fd1ad-3ffc-45d7-9cc9-017894943827
2022-07-21 18:24:39,584 [Command processor thread] INFO  ratis.XceiverServerRatis (XceiverServerRatis.java:addGroup(765)) - Created group PipelineID=84cd1a99-4ae3-4bd5-ab21-1c6ada7cb40d
2022-07-21 18:24:39,631 [grpc-default-executor-0] INFO  server.RaftServer (RaftServerProxy.java:addNew(96)) - e726e41b-5eae-4257-b10a-91e952b7f2e4: addNew group-1C6ADA7CB40D:[0155c29a-c486-4ab3-a60c-46cc4bf5ae0a|rpc:127.0.0.1:39157|dataStream:|priority:1, 5d1fd1ad-3ffc-45d7-9cc9-017894943827|rpc:127.0.0.1:39605|dataStream:|priority:0, e726e41b-5eae-4257-b10a-91e952b7f2e4|rpc:127.0.0.1:33341|dataStream:|priority:0] returns group-1C6ADA7CB40D:java.util.concurrent.CompletableFuture@6a21860f[Not completed]
2022-07-21 18:24:39,634 [pool-240-thread-1] INFO  server.RaftServer$Division (RaftServerImpl.java:<init>(190)) - e726e41b-5eae-4257-b10a-91e952b7f2e4: new RaftServerImpl for group-1C6ADA7CB40D:[0155c29a-c486-4ab3-a60c-46cc4bf5ae0a|rpc:127.0.0.1:39157|dataStream:|priority:1, 5d1fd1ad-3ffc-45d7-9cc9-017894943827|rpc:127.0.0.1:39605|dataStream:|priority:0, e726e41b-5eae-4257-b10a-91e952b7f2e4|rpc:127.0.0.1:33341|dataStream:|priority:0] with ContainerStateMachine:uninitialized
2022-07-21 18:24:39,635 [pool-240-thread-1] INFO  server.RaftServerConfigKeys (ConfUtils.java:logGet(46)) - raft.server.rpc.timeout.min = 5s (custom)
2022-07-21 18:24:39,635 [pool-240-thread-1] INFO  server.RaftServerConfigKeys (ConfUtils.java:logGet(46)) - raft.server.rpc.timeout.max = 5200ms (custom)
2022-07-21 18:24:39,635 [pool-240-thread-1] INFO  server.RaftServerConfigKeys (ConfUtils.java:logGet(46)) - raft.server.rpc.sleep.time = 25ms (default)
2022-07-21 18:24:39,635 [pool-240-thread-1] INFO  server.RaftServerConfigKeys (ConfUtils.java:logGet(46)) - raft.server.rpc.slowness.timeout = 300s (custom)
2022-07-21 18:24:39,635 [pool-240-thread-1] INFO  server.RaftServerConfigKeys (ConfUtils.java:logGet(46)) - raft.server.leaderelection.leader.step-down.wait-time = 10s (default)
2022-07-21 18:24:39,635 [pool-240-thread-1] INFO  server.RaftServerConfigKeys (ConfUtils.java:logGet(46)) - raft.server.sleep.deviation.threshold = 300ms (default)
2022-07-21 18:24:39,635 [pool-240-thread-1] INFO  server.RaftServer$Division (ServerState.java:<init>(107)) - e726e41b-5eae-4257-b10a-91e952b7f2e4@group-1C6ADA7CB40D: ConfigurationManager, init=-1: [0155c29a-c486-4ab3-a60c-46cc4bf5ae0a|rpc:127.0.0.1:39157|dataStream:|priority:1, 5d1fd1ad-3ffc-45d7-9cc9-017894943827|rpc:127.0.0.1:39605|dataStream:|priority:0, e726e41b-5eae-4257-b10a-91e952b7f2e4|rpc:127.0.0.1:33341|dataStream:|priority:0], old=null, confs=<EMPTY_MAP>
2022-07-21 18:24:39,635 [pool-240-thread-1] INFO  server.RaftServerConfigKeys (ConfUtils.java:logGet(46)) - raft.server.storage.dir = [/home/runner/work/ozone/ozone/hadoop-ozone/integration-test/target/test-dir/MiniOzoneClusterImpl-c56c5c68-8a55-4647-89a4-dc8bb834fa26/datanode-2/data/ratis] (custom)
2022-07-21 18:24:39,635 [pool-240-thread-1] INFO  server.RaftServerConfigKeys (ConfUtils.java:logGet(46)) - raft.server.log.corruption.policy = EXCEPTION (default)
2022-07-21 18:24:39,635 [pool-240-thread-1] INFO  server.RaftServerConfigKeys (ConfUtils.java:logGet(46)) - raft.server.storage.free-space.min = 0MB (=0) (default)
2022-07-21 18:24:39,636 [pool-240-thread-1] INFO  storage.RaftStorageDirectory (RaftStorageDirectoryImpl.java:analyzeStorage(135)) - The storage directory /home/runner/work/ozone/ozone/hadoop-ozone/integration-test/target/test-dir/MiniOzoneClusterImpl-c56c5c68-8a55-4647-89a4-dc8bb834fa26/datanode-2/data/ratis/84cd1a99-4ae3-4bd5-ab21-1c6ada7cb40d does not exist. Creating ...
2022-07-21 18:24:39,649 [pool-240-thread-1] INFO  storage.RaftStorageDirectory (RaftStorageDirectoryImpl.java:tryLock(230)) - Lock on /home/runner/work/ozone/ozone/hadoop-ozone/integration-test/target/test-dir/MiniOzoneClusterImpl-c56c5c68-8a55-4647-89a4-dc8bb834fa26/datanode-2/data/ratis/84cd1a99-4ae3-4bd5-ab21-1c6ada7cb40d/in_use.lock acquired by nodename 21952@fv-az378-305
2022-07-21 18:24:39,652 [pool-240-thread-1] INFO  storage.RaftStorage (RaftStorageImpl.java:format(89)) - Storage directory /home/runner/work/ozone/ozone/hadoop-ozone/integration-test/target/test-dir/MiniOzoneClusterImpl-c56c5c68-8a55-4647-89a4-dc8bb834fa26/datanode-2/data/ratis/84cd1a99-4ae3-4bd5-ab21-1c6ada7cb40d has been successfully formatted.
2022-07-21 18:24:39,653 [pool-240-thread-1] INFO  ratis.ContainerStateMachine (ContainerStateMachine.java:loadSnapshot(236)) - group-1C6ADA7CB40D: The snapshot info is null. Setting the last applied indexto:(t:0, i:~)
2022-07-21 18:24:39,653 [pool-240-thread-1] INFO  server.RaftServerConfigKeys (ConfUtils.java:logGet(46)) - raft.server.notification.no-leader.timeout = 300s (custom)
2022-07-21 18:24:39,653 [pool-240-thread-1] INFO  server.RaftServerConfigKeys (ConfUtils.java:logGet(46)) - raft.server.log.use.memory = false (default)
2022-07-21 18:24:39,653 [pool-240-thread-1] INFO  server.RaftServerConfigKeys (ConfUtils.java:logGet(46)) - raft.server.log.purge.gap = 1000000 (custom)
2022-07-21 18:24:39,653 [pool-240-thread-1] INFO  server.RaftServerConfigKeys (ConfUtils.java:logGet(46)) - raft.server.log.appender.buffer.byte-limit = 33554432 (custom)
2022-07-21 18:24:39,653 [pool-240-thread-1] INFO  server.RaftServerConfigKeys (ConfUtils.java:logGet(46)) - raft.server.log.statemachine.data.read.timeout = 1000ms (default)
2022-07-21 18:24:39,653 [pool-240-thread-1] INFO  server.RaftServerConfigKeys (ConfUtils.java:logGet(46)) - raft.server.log.segment.size.max = 1048576 (custom)
2022-07-21 18:24:39,654 [pool-240-thread-1] INFO  server.RaftServerConfigKeys (ConfUtils.java:logGet(46)) - raft.server.log.segment.cache.num.max = 2 (custom)
2022-07-21 18:24:39,654 [pool-240-thread-1] INFO  server.RaftServerConfigKeys (ConfUtils.java:logGet(46)) - raft.server.log.segment.cache.size.max = 200MB (=209715200) (default)
2022-07-21 18:24:39,654 [pool-240-thread-1] INFO  segmented.SegmentedRaftLogWorker (SegmentedRaftLogWorker.java:<init>(187)) - new e726e41b-5eae-4257-b10a-91e952b7f2e4@group-1C6ADA7CB40D-SegmentedRaftLogWorker for RaftStorageImpl:Storage Directory /home/runner/work/ozone/ozone/hadoop-ozone/integration-test/target/test-dir/MiniOzoneClusterImpl-c56c5c68-8a55-4647-89a4-dc8bb834fa26/datanode-2/data/ratis/84cd1a99-4ae3-4bd5-ab21-1c6ada7cb40d
2022-07-21 18:24:39,654 [pool-240-thread-1] INFO  server.RaftServerConfigKeys (ConfUtils.java:logGet(46)) - raft.server.log.queue.byte-limit = 4294967296 (custom)
2022-07-21 18:24:39,654 [pool-240-thread-1] INFO  server.RaftServerConfigKeys (ConfUtils.java:logGet(46)) - raft.server.log.queue.element-limit = 1024 (custom)
2022-07-21 18:24:39,654 [pool-240-thread-1] INFO  server.RaftServerConfigKeys (ConfUtils.java:logGet(46)) - raft.server.log.segment.size.max = 1048576 (custom)
2022-07-21 18:24:39,654 [pool-240-thread-1] INFO  server.RaftServerConfigKeys (ConfUtils.java:logGet(46)) - raft.server.log.preallocated.size = 16384 (custom)
2022-07-21 18:24:39,654 [pool-240-thread-1] INFO  server.RaftServerConfigKeys (ConfUtils.java:logGet(46)) - raft.server.log.force.sync.num = 128 (default)
2022-07-21 18:24:39,654 [pool-240-thread-1] INFO  server.RaftServerConfigKeys (ConfUtils.java:logGet(46)) - raft.server.log.statemachine.data.sync = true (default)
2022-07-21 18:24:39,654 [pool-240-thread-1] INFO  server.RaftServerConfigKeys (ConfUtils.java:logGet(46)) - raft.server.log.statemachine.data.sync.timeout = 10s (default)
2022-07-21 18:24:39,655 [pool-240-thread-1] INFO  server.RaftServerConfigKeys (ConfUtils.java:logGet(46)) - raft.server.log.statemachine.data.sync.timeout.retry = -1 (default)
2022-07-21 18:24:39,656 [Command processor thread] INFO  commandhandler.CreatePipelineCommandHandler (CreatePipelineCommandHandler.java:handle(113)) - Created Pipeline RATIS THREE PipelineID=84cd1a99-4ae3-4bd5-ab21-1c6ada7cb40d.
2022-07-21 18:24:39,658 [pool-240-thread-1] INFO  server.RaftServerConfigKeys (ConfUtils.java:logGet(46)) - raft.server.log.write.buffer.size = 1048576 (custom)
2022-07-21 18:24:39,659 [pool-240-thread-1] INFO  server.RaftServerConfigKeys (ConfUtils.java:logGet(46)) - raft.server.log.unsafe-flush.enabled = false (default)
2022-07-21 18:24:39,659 [pool-240-thread-1] INFO  server.RaftServerConfigKeys (ConfUtils.java:logGet(46)) - raft.server.log.statemachine.data.caching.enabled = true (custom)
2022-07-21 18:24:39,659 [pool-240-thread-1] INFO  segmented.SegmentedRaftLogWorker (SegmentedRaftLogWorker.java:lambda$new$0(135)) - e726e41b-5eae-4257-b10a-91e952b7f2e4@group-1C6ADA7CB40D-SegmentedRaftLogWorker: flushIndex: setUnconditionally 0 -> -1
2022-07-21 18:24:39,659 [pool-240-thread-1] INFO  segmented.SegmentedRaftLogWorker (SegmentedRaftLogWorker.java:lambda$new$0(135)) - e726e41b-5eae-4257-b10a-91e952b7f2e4@group-1C6ADA7CB40D-SegmentedRaftLogWorker: safeCacheEvictIndex: setUnconditionally 0 -> -1
2022-07-21 18:24:39,660 [pool-240-thread-1] INFO  server.RaftServerConfigKeys (ConfUtils.java:logGet(46)) - raft.server.snapshot.auto.trigger.enabled = true (custom)
2022-07-21 18:24:39,660 [pool-240-thread-1] INFO  server.RaftServerConfigKeys (ConfUtils.java:logGet(46)) - raft.server.snapshot.auto.trigger.threshold = 10000 (custom)
2022-07-21 18:24:39,660 [pool-240-thread-1] INFO  server.RaftServerConfigKeys (ConfUtils.java:logGet(46)) - raft.server.snapshot.retention.file.num = 5 (custom)
2022-07-21 18:24:39,660 [pool-240-thread-1] INFO  server.RaftServerConfigKeys (ConfUtils.java:logGet(46)) - raft.server.log.purge.upto.snapshot.index = false (default)
2022-07-21 18:24:39,660 [pool-240-thread-1] INFO  server.RaftServerConfigKeys (ConfUtils.java:logGet(46)) - raft.server.retrycache.expirytime = 600000ms (custom)
2022-07-21 18:24:39,660 [pool-240-thread-1] INFO  server.RaftServerConfigKeys (ConfUtils.java:logGet(46)) - raft.server.retrycache.statistics.expirytime = 100μs (default)
2022-07-21 18:24:39,661 [pool-240-thread-1] INFO  server.RaftServerConfigKeys (ConfUtils.java:logGet(46)) - raft.server.log.appender.install.snapshot.enabled = false (custom)
2022-07-21 18:24:39,661 [pool-240-thread-1] INFO  server.RaftServerConfigKeys (ConfUtils.java:logGet(46)) - raft.server.threadpool.server.cached = true (default)
2022-07-21 18:24:39,661 [pool-240-thread-1] INFO  server.RaftServerConfigKeys (ConfUtils.java:logGet(46)) - raft.server.threadpool.server.size = 0 (default)
2022-07-21 18:24:39,661 [pool-240-thread-1] INFO  server.RaftServerConfigKeys (ConfUtils.java:logGet(46)) - raft.server.threadpool.client.cached = true (default)
2022-07-21 18:24:39,661 [pool-240-thread-1] INFO  server.RaftServerConfigKeys (ConfUtils.java:logGet(46)) - raft.server.threadpool.client.size = 0 (default)
2022-07-21 18:24:39,661 [pool-240-thread-1] INFO  server.RaftServer$Division (RaftServerImpl.java:start(310)) - e726e41b-5eae-4257-b10a-91e952b7f2e4@group-1C6ADA7CB40D: start as a follower, conf=-1: [0155c29a-c486-4ab3-a60c-46cc4bf5ae0a|rpc:127.0.0.1:39157|dataStream:|priority:1, 5d1fd1ad-3ffc-45d7-9cc9-017894943827|rpc:127.0.0.1:39605|dataStream:|priority:0, e726e41b-5eae-4257-b10a-91e952b7f2e4|rpc:127.0.0.1:33341|dataStream:|priority:0], old=null
2022-07-21 18:24:39,661 [pool-240-thread-1] INFO  server.RaftServer$Division (RaftServerImpl.java:setRole(299)) - e726e41b-5eae-4257-b10a-91e952b7f2e4@group-1C6ADA7CB40D: changes role from      null to FOLLOWER at term 0 for startAsFollower
2022-07-21 18:24:39,662 [pool-240-thread-1] INFO  impl.RoleInfo (RoleInfo.java:updateAndGet(139)) - e726e41b-5eae-4257-b10a-91e952b7f2e4: start e726e41b-5eae-4257-b10a-91e952b7f2e4@group-1C6ADA7CB40D-FollowerState
2022-07-21 18:24:39,666 [pool-240-thread-1] INFO  util.JmxRegister (JmxRegister.java:tryRegister(44)) - Successfully registered JMX Bean with object name Ratis:service=RaftServer,group=group-1C6ADA7CB40D,id=e726e41b-5eae-4257-b10a-91e952b7f2e4
2022-07-21 18:24:39,678 [Command processor thread] INFO  commandhandler.CreatePipelineCommandHandler (CreatePipelineCommandHandler.java:handle(113)) - Created Pipeline RATIS THREE PipelineID=84cd1a99-4ae3-4bd5-ab21-1c6ada7cb40d.
2022-07-21 18:24:39,952 [Command processor thread] INFO  server.RaftServer (RaftServerProxy.java:addNew(96)) - e726e41b-5eae-4257-b10a-91e952b7f2e4: addNew group-63590B95B53D:[e726e41b-5eae-4257-b10a-91e952b7f2e4|rpc:127.0.0.1:33341|priority:1] returns group-63590B95B53D:java.util.concurrent.CompletableFuture@73e22460[Not completed]
2022-07-21 18:24:39,954 [pool-240-thread-1] INFO  server.RaftServer$Division (RaftServerImpl.java:<init>(190)) - e726e41b-5eae-4257-b10a-91e952b7f2e4: new RaftServerImpl for group-63590B95B53D:[e726e41b-5eae-4257-b10a-91e952b7f2e4|rpc:127.0.0.1:33341|priority:1] with ContainerStateMachine:uninitialized
2022-07-21 18:24:39,954 [pool-240-thread-1] INFO  server.RaftServerConfigKeys (ConfUtils.java:logGet(46)) - raft.server.rpc.timeout.min = 5s (custom)
2022-07-21 18:24:39,954 [pool-240-thread-1] INFO  server.RaftServerConfigKeys (ConfUtils.java:logGet(46)) - raft.server.rpc.timeout.max = 5200ms (custom)
2022-07-21 18:24:39,954 [pool-240-thread-1] INFO  server.RaftServerConfigKeys (ConfUtils.java:logGet(46)) - raft.server.rpc.sleep.time = 25ms (default)
2022-07-21 18:24:39,954 [pool-240-thread-1] INFO  server.RaftServerConfigKeys (ConfUtils.java:logGet(46)) - raft.server.rpc.slowness.timeout = 300s (custom)
2022-07-21 18:24:39,954 [pool-240-thread-1] INFO  server.RaftServerConfigKeys (ConfUtils.java:logGet(46)) - raft.server.leaderelection.leader.step-down.wait-time = 10s (default)
2022-07-21 18:24:39,954 [pool-240-thread-1] INFO  server.RaftServerConfigKeys (ConfUtils.java:logGet(46)) - raft.server.sleep.deviation.threshold = 300ms (default)
2022-07-21 18:24:39,955 [pool-240-thread-1] INFO  server.RaftServer$Division (ServerState.java:<init>(107)) - e726e41b-5eae-4257-b10a-91e952b7f2e4@group-63590B95B53D: ConfigurationManager, init=-1: [e726e41b-5eae-4257-b10a-91e952b7f2e4|rpc:127.0.0.1:33341|priority:1], old=null, confs=<EMPTY_MAP>
2022-07-21 18:24:39,955 [pool-240-thread-1] INFO  server.RaftServerConfigKeys (ConfUtils.java:logGet(46)) - raft.server.storage.dir = [/home/runner/work/ozone/ozone/hadoop-ozone/integration-test/target/test-dir/MiniOzoneClusterImpl-c56c5c68-8a55-4647-89a4-dc8bb834fa26/datanode-2/data/ratis] (custom)
2022-07-21 18:24:39,955 [pool-240-thread-1] INFO  server.RaftServerConfigKeys (ConfUtils.java:logGet(46)) - raft.server.log.corruption.policy = EXCEPTION (default)
2022-07-21 18:24:39,955 [pool-240-thread-1] INFO  server.RaftServerConfigKeys (ConfUtils.java:logGet(46)) - raft.server.storage.free-space.min = 0MB (=0) (default)
2022-07-21 18:24:39,955 [pool-240-thread-1] INFO  storage.RaftStorageDirectory (RaftStorageDirectoryImpl.java:analyzeStorage(135)) - The storage directory /home/runner/work/ozone/ozone/hadoop-ozone/integration-test/target/test-dir/MiniOzoneClusterImpl-c56c5c68-8a55-4647-89a4-dc8bb834fa26/datanode-2/data/ratis/2ef7edf0-900e-4989-8271-63590b95b53d does not exist. Creating ...
2022-07-21 18:24:39,957 [pool-240-thread-1] INFO  storage.RaftStorageDirectory (RaftStorageDirectoryImpl.java:tryLock(230)) - Lock on /home/runner/work/ozone/ozone/hadoop-ozone/integration-test/target/test-dir/MiniOzoneClusterImpl-c56c5c68-8a55-4647-89a4-dc8bb834fa26/datanode-2/data/ratis/2ef7edf0-900e-4989-8271-63590b95b53d/in_use.lock acquired by nodename 21952@fv-az378-305
2022-07-21 18:24:39,960 [pool-240-thread-1] INFO  storage.RaftStorage (RaftStorageImpl.java:format(89)) - Storage directory /home/runner/work/ozone/ozone/hadoop-ozone/integration-test/target/test-dir/MiniOzoneClusterImpl-c56c5c68-8a55-4647-89a4-dc8bb834fa26/datanode-2/data/ratis/2ef7edf0-900e-4989-8271-63590b95b53d has been successfully formatted.
2022-07-21 18:24:39,963 [EventQueue-PipelineReportForPipelineReportHandler] INFO  pipeline.PipelineManagerImpl (PipelineManagerImpl.java:openPipeline(367)) - Pipeline Pipeline[ Id: 2ef7edf0-900e-4989-8271-63590b95b53d, Nodes: e726e41b-5eae-4257-b10a-91e952b7f2e4{ip: 127.0.0.1, host: localhost, ports: [REPLICATION=35565, RATIS=33341, RATIS_ADMIN=33341, RATIS_SERVER=33341, STANDALONE=42271], networkLocation: /default-rack, certSerialId: null, persistedOpState: IN_SERVICE, persistedOpStateExpiryEpochSec: 0}, ReplicationConfig: RATIS/ONE, State:ALLOCATED, leaderId:e726e41b-5eae-4257-b10a-91e952b7f2e4, CreationTimestamp2022-07-21T18:24:36.961Z[Etc/UTC]] moved to OPEN state
2022-07-21 18:24:39,964 [EventQueue-PipelineReportForPipelineReportHandler] INFO  pipeline.PipelineManagerImpl (PipelineManagerImpl.java:openPipeline(367)) - Pipeline Pipeline[ Id: 2ef7edf0-900e-4989-8271-63590b95b53d, Nodes: e726e41b-5eae-4257-b10a-91e952b7f2e4{ip: 127.0.0.1, host: localhost, ports: [REPLICATION=35565, RATIS=33341, RATIS_ADMIN=33341, RATIS_SERVER=33341, STANDALONE=42271], networkLocation: /default-rack, certSerialId: null, persistedOpState: IN_SERVICE, persistedOpStateExpiryEpochSec: 0}, ReplicationConfig: RATIS/ONE, State:ALLOCATED, leaderId:e726e41b-5eae-4257-b10a-91e952b7f2e4, CreationTimestamp2022-07-21T18:24:36.961Z[Etc/UTC]] moved to OPEN state
2022-07-21 18:24:39,964 [EventQueue-PipelineReportForPipelineReportHandler] INFO  pipeline.PipelineManagerImpl (PipelineManagerImpl.java:openPipeline(367)) - Pipeline Pipeline[ Id: 2ef7edf0-900e-4989-8271-63590b95b53d, Nodes: e726e41b-5eae-4257-b10a-91e952b7f2e4{ip: 127.0.0.1, host: localhost, ports: [REPLICATION=35565, RATIS=33341, RATIS_ADMIN=33341, RATIS_SERVER=33341, STANDALONE=42271], networkLocation: /default-rack, certSerialId: null, persistedOpState: IN_SERVICE, persistedOpStateExpiryEpochSec: 0}, ReplicationConfig: RATIS/ONE, State:ALLOCATED, leaderId:e726e41b-5eae-4257-b10a-91e952b7f2e4, CreationTimestamp2022-07-21T18:24:36.961Z[Etc/UTC]] moved to OPEN state
2022-07-21 18:24:39,967 [Listener at 127.0.0.1/34741] INFO  ozone.MiniOzoneClusterImpl (MiniOzoneClusterImpl.java:lambda$waitForClusterToBeReady$0(216)) - Nodes are ready. Got 3 of 3 DN Heartbeats.
2022-07-21 18:24:39,967 [Listener at 127.0.0.1/34741] INFO  ozone.MiniOzoneClusterImpl (MiniOzoneClusterImpl.java:lambda$waitForClusterToBeReady$0(219)) - Waiting for cluster to exit safe mode
2022-07-21 18:24:39,967 [Listener at 127.0.0.1/34741] INFO  ozone.MiniOzoneClusterImpl (MiniOzoneClusterImpl.java:lambda$waitForClusterToBeReady$0(221)) - SCM became leader
2022-07-21 18:24:39,969 [pool-240-thread-1] INFO  ratis.ContainerStateMachine (ContainerStateMachine.java:loadSnapshot(236)) - group-63590B95B53D: The snapshot info is null. Setting the last applied indexto:(t:0, i:~)
2022-07-21 18:24:39,969 [pool-240-thread-1] INFO  server.RaftServerConfigKeys (ConfUtils.java:logGet(46)) - raft.server.notification.no-leader.timeout = 300s (custom)
2022-07-21 18:24:39,969 [pool-240-thread-1] INFO  server.RaftServerConfigKeys (ConfUtils.java:logGet(46)) - raft.server.log.use.memory = false (default)
2022-07-21 18:24:39,969 [pool-240-thread-1] INFO  server.RaftServerConfigKeys (ConfUtils.java:logGet(46)) - raft.server.log.purge.gap = 1000000 (custom)
2022-07-21 18:24:39,969 [pool-240-thread-1] INFO  server.RaftServerConfigKeys (ConfUtils.java:logGet(46)) - raft.server.log.appender.buffer.byte-limit = 33554432 (custom)
2022-07-21 18:24:39,969 [pool-240-thread-1] INFO  server.RaftServerConfigKeys (ConfUtils.java:logGet(46)) - raft.server.log.statemachine.data.read.timeout = 1000ms (default)
2022-07-21 18:24:39,970 [pool-240-thread-1] INFO  server.RaftServerConfigKeys (ConfUtils.java:logGet(46)) - raft.server.log.segment.size.max = 1048576 (custom)
2022-07-21 18:24:39,974 [pool-240-thread-1] INFO  server.RaftServerConfigKeys (ConfUtils.java:logGet(46)) - raft.server.log.segment.cache.num.max = 2 (custom)
2022-07-21 18:24:39,974 [pool-240-thread-1] INFO  server.RaftServerConfigKeys (ConfUtils.java:logGet(46)) - raft.server.log.segment.cache.size.max = 200MB (=209715200) (default)
2022-07-21 18:24:39,974 [pool-240-thread-1] INFO  segmented.SegmentedRaftLogWorker (SegmentedRaftLogWorker.java:<init>(187)) - new e726e41b-5eae-4257-b10a-91e952b7f2e4@group-63590B95B53D-SegmentedRaftLogWorker for RaftStorageImpl:Storage Directory /home/runner/work/ozone/ozone/hadoop-ozone/integration-test/target/test-dir/MiniOzoneClusterImpl-c56c5c68-8a55-4647-89a4-dc8bb834fa26/datanode-2/data/ratis/2ef7edf0-900e-4989-8271-63590b95b53d
2022-07-21 18:24:39,974 [pool-240-thread-1] INFO  server.RaftServerConfigKeys (ConfUtils.java:logGet(46)) - raft.server.log.queue.byte-limit = 4294967296 (custom)
2022-07-21 18:24:39,974 [pool-240-thread-1] INFO  server.RaftServerConfigKeys (ConfUtils.java:logGet(46)) - raft.server.log.queue.element-limit = 1024 (custom)
2022-07-21 18:24:39,975 [pool-240-thread-1] INFO  server.RaftServerConfigKeys (ConfUtils.java:logGet(46)) - raft.server.log.segment.size.max = 1048576 (custom)
2022-07-21 18:24:39,975 [pool-240-thread-1] INFO  server.RaftServerConfigKeys (ConfUtils.java:logGet(46)) - raft.server.log.preallocated.size = 16384 (custom)
2022-07-21 18:24:39,975 [pool-240-thread-1] INFO  server.RaftServerConfigKeys (ConfUtils.java:logGet(46)) - raft.server.log.force.sync.num = 128 (default)
2022-07-21 18:24:39,975 [pool-240-thread-1] INFO  server.RaftServerConfigKeys (ConfUtils.java:logGet(46)) - raft.server.log.statemachine.data.sync = true (default)
2022-07-21 18:24:39,975 [pool-240-thread-1] INFO  server.RaftServerConfigKeys (ConfUtils.java:logGet(46)) - raft.server.log.statemachine.data.sync.timeout = 10s (default)
2022-07-21 18:24:39,975 [pool-240-thread-1] INFO  server.RaftServerConfigKeys (ConfUtils.java:logGet(46)) - raft.server.log.statemachine.data.sync.timeout.retry = -1 (default)
2022-07-21 18:24:39,975 [6c219fae-6e05-4936-867a-162ef996a9c6@group-DC8BB834FA26-StateMachineUpdater] INFO  safemode.HealthyPipelineSafeModeRule (HealthyPipelineSafeModeRule.java:initializeRule(165)) - Refreshed total pipeline count is 0, healthy pipeline threshold count is 1
2022-07-21 18:24:39,976 [EventQueue-OpenPipelineForHealthyPipelineSafeModeRule] INFO  safemode.SCMSafeModeManager (HealthyPipelineSafeModeRule.java:process(137)) - SCM in safe mode. Healthy pipelines reported count is 0, required healthy pipeline reported count is 1
2022-07-21 18:24:39,978 [pool-240-thread-1] INFO  server.RaftServerConfigKeys (ConfUtils.java:logGet(46)) - raft.server.log.write.buffer.size = 1048576 (custom)
2022-07-21 18:24:39,979 [pool-240-thread-1] INFO  server.RaftServerConfigKeys (ConfUtils.java:logGet(46)) - raft.server.log.unsafe-flush.enabled = false (default)
2022-07-21 18:24:39,981 [a989fbd8-2b6d-434f-a2fe-f7a7e8b88707@group-DC8BB834FA26-StateMachineUpdater] INFO  safemode.HealthyPipelineSafeModeRule (HealthyPipelineSafeModeRule.java:initializeRule(165)) - Refreshed total pipeline count is 0, healthy pipeline threshold count is 1
2022-07-21 18:24:39,979 [1195622a-6e13-4f92-83dd-ad3d63b418dc@group-DC8BB834FA26-StateMachineUpdater] INFO  safemode.HealthyPipelineSafeModeRule (HealthyPipelineSafeModeRule.java:initializeRule(165)) - Refreshed total pipeline count is 0, healthy pipeline threshold count is 1
2022-07-21 18:24:39,983 [pool-240-thread-1] INFO  server.RaftServerConfigKeys (ConfUtils.java:logGet(46)) - raft.server.log.statemachine.data.caching.enabled = true (custom)
2022-07-21 18:24:39,983 [pool-240-thread-1] INFO  segmented.SegmentedRaftLogWorker (SegmentedRaftLogWorker.java:lambda$new$0(135)) - e726e41b-5eae-4257-b10a-91e952b7f2e4@group-63590B95B53D-SegmentedRaftLogWorker: flushIndex: setUnconditionally 0 -> -1
2022-07-21 18:24:39,983 [pool-240-thread-1] INFO  segmented.SegmentedRaftLogWorker (SegmentedRaftLogWorker.java:lambda$new$0(135)) - e726e41b-5eae-4257-b10a-91e952b7f2e4@group-63590B95B53D-SegmentedRaftLogWorker: safeCacheEvictIndex: setUnconditionally 0 -> -1
2022-07-21 18:24:39,985 [pool-240-thread-1] INFO  server.RaftServerConfigKeys (ConfUtils.java:logGet(46)) - raft.server.snapshot.auto.trigger.enabled = true (custom)
2022-07-21 18:24:39,985 [pool-240-thread-1] INFO  server.RaftServerConfigKeys (ConfUtils.java:logGet(46)) - raft.server.snapshot.auto.trigger.threshold = 10000 (custom)
2022-07-21 18:24:39,985 [pool-240-thread-1] INFO  server.RaftServerConfigKeys (ConfUtils.java:logGet(46)) - raft.server.snapshot.retention.file.num = 5 (custom)
2022-07-21 18:24:39,985 [pool-240-thread-1] INFO  server.RaftServerConfigKeys (ConfUtils.java:logGet(46)) - raft.server.log.purge.upto.snapshot.index = false (default)
2022-07-21 18:24:39,985 [pool-240-thread-1] INFO  server.RaftServerConfigKeys (ConfUtils.java:logGet(46)) - raft.server.retrycache.expirytime = 600000ms (custom)
2022-07-21 18:24:39,985 [pool-240-thread-1] INFO  server.RaftServerConfigKeys (ConfUtils.java:logGet(46)) - raft.server.retrycache.statistics.expirytime = 100μs (default)
2022-07-21 18:24:39,986 [pool-240-thread-1] INFO  server.RaftServerConfigKeys (ConfUtils.java:logGet(46)) - raft.server.log.appender.install.snapshot.enabled = false (custom)
2022-07-21 18:24:39,986 [pool-240-thread-1] INFO  server.RaftServerConfigKeys (ConfUtils.java:logGet(46)) - raft.server.threadpool.server.cached = true (default)
2022-07-21 18:24:39,987 [pool-240-thread-1] INFO  server.RaftServerConfigKeys (ConfUtils.java:logGet(46)) - raft.server.threadpool.server.size = 0 (default)
2022-07-21 18:24:39,987 [pool-240-thread-1] INFO  server.RaftServerConfigKeys (ConfUtils.java:logGet(46)) - raft.server.threadpool.client.cached = true (default)
2022-07-21 18:24:39,987 [pool-240-thread-1] INFO  server.RaftServerConfigKeys (ConfUtils.java:logGet(46)) - raft.server.threadpool.client.size = 0 (default)
2022-07-21 18:24:39,987 [pool-240-thread-1] INFO  server.RaftServer$Division (RaftServerImpl.java:start(310)) - e726e41b-5eae-4257-b10a-91e952b7f2e4@group-63590B95B53D: start as a follower, conf=-1: [e726e41b-5eae-4257-b10a-91e952b7f2e4|rpc:127.0.0.1:33341|priority:1], old=null
2022-07-21 18:24:39,987 [pool-240-thread-1] INFO  server.RaftServer$Division (RaftServerImpl.java:setRole(299)) - e726e41b-5eae-4257-b10a-91e952b7f2e4@group-63590B95B53D: changes role from      null to FOLLOWER at term 0 for startAsFollower
2022-07-21 18:24:39,987 [pool-240-thread-1] INFO  impl.RoleInfo (RoleInfo.java:updateAndGet(139)) - e726e41b-5eae-4257-b10a-91e952b7f2e4: start e726e41b-5eae-4257-b10a-91e952b7f2e4@group-63590B95B53D-FollowerState
2022-07-21 18:24:39,987 [pool-240-thread-1] INFO  util.JmxRegister (JmxRegister.java:tryRegister(44)) - Successfully registered JMX Bean with object name Ratis:service=RaftServer,group=group-63590B95B53D,id=e726e41b-5eae-4257-b10a-91e952b7f2e4
2022-07-21 18:24:39,988 [Command processor thread] INFO  ratis.XceiverServerRatis (XceiverServerRatis.java:addGroup(765)) - Created group PipelineID=2ef7edf0-900e-4989-8271-63590b95b53d
2022-07-21 18:24:39,988 [Command processor thread] INFO  commandhandler.CreatePipelineCommandHandler (CreatePipelineCommandHandler.java:handle(113)) - Created Pipeline RATIS ONE PipelineID=2ef7edf0-900e-4989-8271-63590b95b53d.
2022-07-21 18:24:40,968 [Listener at 127.0.0.1/34741] INFO  ozone.MiniOzoneClusterImpl (MiniOzoneClusterImpl.java:lambda$waitForClusterToBeReady$0(216)) - Nodes are ready. Got 3 of 3 DN Heartbeats.
2022-07-21 18:24:40,968 [Listener at 127.0.0.1/34741] INFO  ozone.MiniOzoneClusterImpl (MiniOzoneClusterImpl.java:lambda$waitForClusterToBeReady$0(219)) - Waiting for cluster to exit safe mode
2022-07-21 18:24:40,968 [Listener at 127.0.0.1/34741] INFO  ozone.MiniOzoneClusterImpl (MiniOzoneClusterImpl.java:lambda$waitForClusterToBeReady$0(221)) - SCM became leader
2022-07-21 18:24:41,968 [Listener at 127.0.0.1/34741] INFO  ozone.MiniOzoneClusterImpl (MiniOzoneClusterImpl.java:lambda$waitForClusterToBeReady$0(216)) - Nodes are ready. Got 3 of 3 DN Heartbeats.
2022-07-21 18:24:41,968 [Listener at 127.0.0.1/34741] INFO  ozone.MiniOzoneClusterImpl (MiniOzoneClusterImpl.java:lambda$waitForClusterToBeReady$0(219)) - Waiting for cluster to exit safe mode
2022-07-21 18:24:41,968 [Listener at 127.0.0.1/34741] INFO  ozone.MiniOzoneClusterImpl (MiniOzoneClusterImpl.java:lambda$waitForClusterToBeReady$0(221)) - SCM became leader
2022-07-21 18:24:42,969 [Listener at 127.0.0.1/34741] INFO  ozone.MiniOzoneClusterImpl (MiniOzoneClusterImpl.java:lambda$waitForClusterToBeReady$0(216)) - Nodes are ready. Got 3 of 3 DN Heartbeats.
2022-07-21 18:24:42,969 [Listener at 127.0.0.1/34741] INFO  ozone.MiniOzoneClusterImpl (MiniOzoneClusterImpl.java:lambda$waitForClusterToBeReady$0(219)) - Waiting for cluster to exit safe mode
2022-07-21 18:24:42,969 [Listener at 127.0.0.1/34741] INFO  ozone.MiniOzoneClusterImpl (MiniOzoneClusterImpl.java:lambda$waitForClusterToBeReady$0(221)) - SCM became leader
2022-07-21 18:24:43,969 [Listener at 127.0.0.1/34741] INFO  ozone.MiniOzoneClusterImpl (MiniOzoneClusterImpl.java:lambda$waitForClusterToBeReady$0(216)) - Nodes are ready. Got 3 of 3 DN Heartbeats.
2022-07-21 18:24:43,969 [Listener at 127.0.0.1/34741] INFO  ozone.MiniOzoneClusterImpl (MiniOzoneClusterImpl.java:lambda$waitForClusterToBeReady$0(219)) - Waiting for cluster to exit safe mode
2022-07-21 18:24:43,969 [Listener at 127.0.0.1/34741] INFO  ozone.MiniOzoneClusterImpl (MiniOzoneClusterImpl.java:lambda$waitForClusterToBeReady$0(221)) - SCM became leader
2022-07-21 18:24:44,060 [5d1fd1ad-3ffc-45d7-9cc9-017894943827@group-3B0CB489A8C6-FollowerState] INFO  impl.FollowerState (FollowerState.java:run(143)) - 5d1fd1ad-3ffc-45d7-9cc9-017894943827@group-3B0CB489A8C6-FollowerState: change to CANDIDATE, lastRpcElapsedTime:5005981482ns, electionTimeout:5005ms
2022-07-21 18:24:44,060 [5d1fd1ad-3ffc-45d7-9cc9-017894943827@group-3B0CB489A8C6-FollowerState] INFO  impl.RoleInfo (RoleInfo.java:shutdownFollowerState(110)) - 5d1fd1ad-3ffc-45d7-9cc9-017894943827: shutdown 5d1fd1ad-3ffc-45d7-9cc9-017894943827@group-3B0CB489A8C6-FollowerState
2022-07-21 18:24:44,060 [5d1fd1ad-3ffc-45d7-9cc9-017894943827@group-3B0CB489A8C6-FollowerState] INFO  server.RaftServer$Division (RaftServerImpl.java:setRole(299)) - 5d1fd1ad-3ffc-45d7-9cc9-017894943827@group-3B0CB489A8C6: changes role from  FOLLOWER to CANDIDATE at term 0 for changeToCandidate
2022-07-21 18:24:44,060 [5d1fd1ad-3ffc-45d7-9cc9-017894943827@group-3B0CB489A8C6-FollowerState] INFO  server.RaftServerConfigKeys (ConfUtils.java:logGet(46)) - raft.server.leaderelection.pre-vote = false (custom)
2022-07-21 18:24:44,060 [5d1fd1ad-3ffc-45d7-9cc9-017894943827@group-3B0CB489A8C6-FollowerState] INFO  impl.RoleInfo (RoleInfo.java:updateAndGet(139)) - 5d1fd1ad-3ffc-45d7-9cc9-017894943827: start 5d1fd1ad-3ffc-45d7-9cc9-017894943827@group-3B0CB489A8C6-LeaderElection8
2022-07-21 18:24:44,065 [5d1fd1ad-3ffc-45d7-9cc9-017894943827@group-3B0CB489A8C6-LeaderElection8] INFO  impl.LeaderElection (LeaderElection.java:askForVotes(310)) - 5d1fd1ad-3ffc-45d7-9cc9-017894943827@group-3B0CB489A8C6-LeaderElection8 ELECTION round 0: submit vote requests at term 1 for -1: [5d1fd1ad-3ffc-45d7-9cc9-017894943827|rpc:127.0.0.1:39605|priority:1], old=null
2022-07-21 18:24:44,065 [5d1fd1ad-3ffc-45d7-9cc9-017894943827@group-3B0CB489A8C6-LeaderElection8] INFO  impl.LeaderElection (LeaderElection.java:askForVotes(312)) - 5d1fd1ad-3ffc-45d7-9cc9-017894943827@group-3B0CB489A8C6-LeaderElection8 ELECTION round 0: result PASSED (term=1)
2022-07-21 18:24:44,065 [5d1fd1ad-3ffc-45d7-9cc9-017894943827@group-3B0CB489A8C6-LeaderElection8] INFO  impl.RoleInfo (RoleInfo.java:shutdownLeaderElection(130)) - 5d1fd1ad-3ffc-45d7-9cc9-017894943827: shutdown 5d1fd1ad-3ffc-45d7-9cc9-017894943827@group-3B0CB489A8C6-LeaderElection8
2022-07-21 18:24:44,065 [5d1fd1ad-3ffc-45d7-9cc9-017894943827@group-3B0CB489A8C6-LeaderElection8] INFO  server.RaftServer$Division (RaftServerImpl.java:setRole(299)) - 5d1fd1ad-3ffc-45d7-9cc9-017894943827@group-3B0CB489A8C6: changes role from CANDIDATE to LEADER at term 1 for changeToLeader
2022-07-21 18:24:44,066 [5d1fd1ad-3ffc-45d7-9cc9-017894943827@group-3B0CB489A8C6-LeaderElection8] INFO  ratis.XceiverServerRatis (XceiverServerRatis.java:handleLeaderChangedNotification(863)) - Leader change notification received for group: group-3B0CB489A8C6 with new leaderId: 5d1fd1ad-3ffc-45d7-9cc9-017894943827
2022-07-21 18:24:44,066 [5d1fd1ad-3ffc-45d7-9cc9-017894943827@group-3B0CB489A8C6-LeaderElection8] INFO  server.RaftServer$Division (ServerState.java:setLeader(287)) - 5d1fd1ad-3ffc-45d7-9cc9-017894943827@group-3B0CB489A8C6: change Leader from null to 5d1fd1ad-3ffc-45d7-9cc9-017894943827 at term 1 for becomeLeader, leader elected after 5040ms
2022-07-21 18:24:44,071 [EventQueue-OpenPipelineForHealthyPipelineSafeModeRule] INFO  safemode.SCMSafeModeManager (HealthyPipelineSafeModeRule.java:process(137)) - SCM in safe mode. Healthy pipelines reported count is 0, required healthy pipeline reported count is 1
2022-07-21 18:24:44,070 [EventQueue-OpenPipelineForHealthyPipelineSafeModeRule] INFO  safemode.SCMSafeModeManager (HealthyPipelineSafeModeRule.java:process(137)) - SCM in safe mode. Healthy pipelines reported count is 0, required healthy pipeline reported count is 1
2022-07-21 18:24:44,071 [5d1fd1ad-3ffc-45d7-9cc9-017894943827@group-3B0CB489A8C6-LeaderElection8] INFO  server.RaftServerConfigKeys (ConfUtils.java:logGet(46)) - raft.server.staging.catchup.gap = 1000 (default)
2022-07-21 18:24:44,070 [EventQueue-OpenPipelineForHealthyPipelineSafeModeRule] INFO  safemode.SCMSafeModeManager (HealthyPipelineSafeModeRule.java:process(137)) - SCM in safe mode. Healthy pipelines reported count is 0, required healthy pipeline reported count is 1
2022-07-21 18:24:44,071 [5d1fd1ad-3ffc-45d7-9cc9-017894943827@group-3B0CB489A8C6-LeaderElection8] INFO  server.RaftServerConfigKeys (ConfUtils.java:logGet(46)) - raft.server.write.element-limit = 1024 (custom)
2022-07-21 18:24:44,072 [5d1fd1ad-3ffc-45d7-9cc9-017894943827@group-3B0CB489A8C6-LeaderElection8] INFO  server.RaftServerConfigKeys (ConfUtils.java:logGet(46)) - raft.server.write.byte-limit = 1024 M (=1073741824) (custom)
2022-07-21 18:24:44,072 [5d1fd1ad-3ffc-45d7-9cc9-017894943827@group-3B0CB489A8C6-LeaderElection8] INFO  server.RaftServerConfigKeys (ConfUtils.java:logGet(46)) - raft.server.watch.timeout = 180s (custom)
2022-07-21 18:24:44,072 [5d1fd1ad-3ffc-45d7-9cc9-017894943827@group-3B0CB489A8C6-LeaderElection8] INFO  server.RaftServerConfigKeys (ConfUtils.java:logGet(46)) - raft.server.watch.timeout.denomination = 1s (default)
2022-07-21 18:24:44,072 [5d1fd1ad-3ffc-45d7-9cc9-017894943827@group-3B0CB489A8C6-LeaderElection8] INFO  server.RaftServerConfigKeys (ConfUtils.java:logGet(46)) - raft.server.watch.element-limit = 65536 (default)
2022-07-21 18:24:44,072 [5d1fd1ad-3ffc-45d7-9cc9-017894943827@group-3B0CB489A8C6-LeaderElection8] INFO  server.RaftServerConfigKeys (ConfUtils.java:logGet(46)) - raft.server.write.element-limit = 1024 (custom)
2022-07-21 18:24:44,072 [5d1fd1ad-3ffc-45d7-9cc9-017894943827@group-3B0CB489A8C6-LeaderElection8] INFO  server.RaftServerConfigKeys (ConfUtils.java:logGet(46)) - raft.server.write.follower.gap.ratio.max = -1.0 (default)
2022-07-21 18:24:44,072 [5d1fd1ad-3ffc-45d7-9cc9-017894943827@group-3B0CB489A8C6-LeaderElection8] INFO  impl.RoleInfo (RoleInfo.java:updateAndGet(139)) - 5d1fd1ad-3ffc-45d7-9cc9-017894943827: start 5d1fd1ad-3ffc-45d7-9cc9-017894943827@group-3B0CB489A8C6-LeaderStateImpl
2022-07-21 18:24:44,073 [5d1fd1ad-3ffc-45d7-9cc9-017894943827@group-3B0CB489A8C6-LeaderElection8] INFO  segmented.SegmentedRaftLogWorker (SegmentedRaftLogWorker.java:startLogSegment(425)) - 5d1fd1ad-3ffc-45d7-9cc9-017894943827@group-3B0CB489A8C6-SegmentedRaftLogWorker: Starting segment from index:0
2022-07-21 18:24:44,077 [5d1fd1ad-3ffc-45d7-9cc9-017894943827@group-3B0CB489A8C6-LeaderElection8] INFO  server.RaftServer$Division (ServerState.java:setRaftConf(393)) - 5d1fd1ad-3ffc-45d7-9cc9-017894943827@group-3B0CB489A8C6: set configuration 0: [5d1fd1ad-3ffc-45d7-9cc9-017894943827|rpc:127.0.0.1:39605|dataStream:|priority:1], old=null
2022-07-21 18:24:44,077 [5d1fd1ad-3ffc-45d7-9cc9-017894943827@group-3B0CB489A8C6-SegmentedRaftLogWorker] INFO  segmented.SegmentedRaftLogWorker (SegmentedRaftLogWorker.java:execute(629)) - 5d1fd1ad-3ffc-45d7-9cc9-017894943827@group-3B0CB489A8C6-SegmentedRaftLogWorker: created new log segment /home/runner/work/ozone/ozone/hadoop-ozone/integration-test/target/test-dir/MiniOzoneClusterImpl-c56c5c68-8a55-4647-89a4-dc8bb834fa26/datanode-0/data/ratis/210a121f-b6bd-4199-affb-3b0cb489a8c6/current/log_inprogress_0
2022-07-21 18:24:44,221 [5d1fd1ad-3ffc-45d7-9cc9-017894943827@group-1E3CD0BE553D-FollowerState] INFO  impl.FollowerState (FollowerState.java:run(143)) - 5d1fd1ad-3ffc-45d7-9cc9-017894943827@group-1E3CD0BE553D-FollowerState: change to CANDIDATE, lastRpcElapsedTime:5093403868ns, electionTimeout:5085ms
2022-07-21 18:24:44,221 [5d1fd1ad-3ffc-45d7-9cc9-017894943827@group-1E3CD0BE553D-FollowerState] INFO  impl.RoleInfo (RoleInfo.java:shutdownFollowerState(110)) - 5d1fd1ad-3ffc-45d7-9cc9-017894943827: shutdown 5d1fd1ad-3ffc-45d7-9cc9-017894943827@group-1E3CD0BE553D-FollowerState
2022-07-21 18:24:44,221 [5d1fd1ad-3ffc-45d7-9cc9-017894943827@group-1E3CD0BE553D-FollowerState] INFO  server.RaftServer$Division (RaftServerImpl.java:setRole(299)) - 5d1fd1ad-3ffc-45d7-9cc9-017894943827@group-1E3CD0BE553D: changes role from  FOLLOWER to CANDIDATE at term 0 for changeToCandidate
2022-07-21 18:24:44,221 [5d1fd1ad-3ffc-45d7-9cc9-017894943827@group-1E3CD0BE553D-FollowerState] INFO  server.RaftServerConfigKeys (ConfUtils.java:logGet(46)) - raft.server.leaderelection.pre-vote = false (custom)
2022-07-21 18:24:44,221 [5d1fd1ad-3ffc-45d7-9cc9-017894943827@group-1E3CD0BE553D-FollowerState] INFO  impl.RoleInfo (RoleInfo.java:updateAndGet(139)) - 5d1fd1ad-3ffc-45d7-9cc9-017894943827: start 5d1fd1ad-3ffc-45d7-9cc9-017894943827@group-1E3CD0BE553D-LeaderElection9
2022-07-21 18:24:44,228 [5d1fd1ad-3ffc-45d7-9cc9-017894943827@group-1E3CD0BE553D-LeaderElection9] INFO  impl.LeaderElection (LeaderElection.java:askForVotes(310)) - 5d1fd1ad-3ffc-45d7-9cc9-017894943827@group-1E3CD0BE553D-LeaderElection9 ELECTION round 0: submit vote requests at term 1 for -1: [0155c29a-c486-4ab3-a60c-46cc4bf5ae0a|rpc:127.0.0.1:39157|priority:0, 5d1fd1ad-3ffc-45d7-9cc9-017894943827|rpc:127.0.0.1:39605|priority:0, e726e41b-5eae-4257-b10a-91e952b7f2e4|rpc:127.0.0.1:33341|priority:1], old=null
2022-07-21 18:24:44,242 [grpc-default-executor-0] INFO  server.RaftServer$Division (RaftServerImpl.java:requestVote(1152)) - e726e41b-5eae-4257-b10a-91e952b7f2e4@group-1E3CD0BE553D: receive requestVote(ELECTION, 5d1fd1ad-3ffc-45d7-9cc9-017894943827, group-1E3CD0BE553D, 1, (t:0, i:0))
2022-07-21 18:24:44,242 [grpc-default-executor-0] INFO  impl.VoteContext (VoteContext.java:log(48)) - e726e41b-5eae-4257-b10a-91e952b7f2e4@group-1E3CD0BE553D-FOLLOWER: reject ELECTION from 5d1fd1ad-3ffc-45d7-9cc9-017894943827: our priority 1 > candidate's priority 0
2022-07-21 18:24:44,242 [grpc-default-executor-0] INFO  server.RaftServer$Division (RaftServerImpl.java:setRole(299)) - e726e41b-5eae-4257-b10a-91e952b7f2e4@group-1E3CD0BE553D: changes role from  FOLLOWER to FOLLOWER at term 1 for candidate:5d1fd1ad-3ffc-45d7-9cc9-017894943827
2022-07-21 18:24:44,242 [grpc-default-executor-0] INFO  impl.RoleInfo (RoleInfo.java:shutdownFollowerState(110)) - e726e41b-5eae-4257-b10a-91e952b7f2e4: shutdown e726e41b-5eae-4257-b10a-91e952b7f2e4@group-1E3CD0BE553D-FollowerState
2022-07-21 18:24:44,242 [grpc-default-executor-0] INFO  impl.RoleInfo (RoleInfo.java:updateAndGet(139)) - e726e41b-5eae-4257-b10a-91e952b7f2e4: start e726e41b-5eae-4257-b10a-91e952b7f2e4@group-1E3CD0BE553D-FollowerState
2022-07-21 18:24:44,243 [e726e41b-5eae-4257-b10a-91e952b7f2e4@group-1E3CD0BE553D-FollowerState] INFO  impl.FollowerState (FollowerState.java:run(152)) - e726e41b-5eae-4257-b10a-91e952b7f2e4@group-1E3CD0BE553D-FollowerState was interrupted
2022-07-21 18:24:44,248 [grpc-default-executor-0] INFO  server.RaftServer$Division (RaftServerImpl.java:requestVote(1184)) - e726e41b-5eae-4257-b10a-91e952b7f2e4@group-1E3CD0BE553D replies to ELECTION vote request: 5d1fd1ad-3ffc-45d7-9cc9-017894943827<-e726e41b-5eae-4257-b10a-91e952b7f2e4#0:FAIL-t1. Peer's state: e726e41b-5eae-4257-b10a-91e952b7f2e4@group-1E3CD0BE553D:t1, leader=null, voted=null, raftlog=e726e41b-5eae-4257-b10a-91e952b7f2e4@group-1E3CD0BE553D-SegmentedRaftLog:OPENED:c-1, conf=-1: [0155c29a-c486-4ab3-a60c-46cc4bf5ae0a|rpc:127.0.0.1:39157|dataStream:|priority:0, 5d1fd1ad-3ffc-45d7-9cc9-017894943827|rpc:127.0.0.1:39605|dataStream:|priority:0, e726e41b-5eae-4257-b10a-91e952b7f2e4|rpc:127.0.0.1:33341|dataStream:|priority:1], old=null
2022-07-21 18:24:44,249 [grpc-default-executor-3] INFO  server.RaftServer$Division (RaftServerImpl.java:requestVote(1152)) - 0155c29a-c486-4ab3-a60c-46cc4bf5ae0a@group-1E3CD0BE553D: receive requestVote(ELECTION, 5d1fd1ad-3ffc-45d7-9cc9-017894943827, group-1E3CD0BE553D, 1, (t:0, i:0))
2022-07-21 18:24:44,249 [grpc-default-executor-3] INFO  impl.VoteContext (VoteContext.java:log(48)) - 0155c29a-c486-4ab3-a60c-46cc4bf5ae0a@group-1E3CD0BE553D-FOLLOWER: accept ELECTION from 5d1fd1ad-3ffc-45d7-9cc9-017894943827: our priority 0 <= candidate's priority 0
2022-07-21 18:24:44,249 [grpc-default-executor-3] INFO  server.RaftServer$Division (RaftServerImpl.java:setRole(299)) - 0155c29a-c486-4ab3-a60c-46cc4bf5ae0a@group-1E3CD0BE553D: changes role from  FOLLOWER to FOLLOWER at term 1 for candidate:5d1fd1ad-3ffc-45d7-9cc9-017894943827
2022-07-21 18:24:44,249 [grpc-default-executor-3] INFO  impl.RoleInfo (RoleInfo.java:shutdownFollowerState(110)) - 0155c29a-c486-4ab3-a60c-46cc4bf5ae0a: shutdown 0155c29a-c486-4ab3-a60c-46cc4bf5ae0a@group-1E3CD0BE553D-FollowerState
2022-07-21 18:24:44,249 [grpc-default-executor-3] INFO  impl.RoleInfo (RoleInfo.java:updateAndGet(139)) - 0155c29a-c486-4ab3-a60c-46cc4bf5ae0a: start 0155c29a-c486-4ab3-a60c-46cc4bf5ae0a@group-1E3CD0BE553D-FollowerState
2022-07-21 18:24:44,249 [0155c29a-c486-4ab3-a60c-46cc4bf5ae0a@group-1E3CD0BE553D-FollowerState] INFO  impl.FollowerState (FollowerState.java:run(152)) - 0155c29a-c486-4ab3-a60c-46cc4bf5ae0a@group-1E3CD0BE553D-FollowerState was interrupted
2022-07-21 18:24:44,260 [5d1fd1ad-3ffc-45d7-9cc9-017894943827@group-1E3CD0BE553D-LeaderElection9] INFO  impl.LeaderElection (LeaderElection.java:logAndReturn(90)) - 5d1fd1ad-3ffc-45d7-9cc9-017894943827@group-1E3CD0BE553D-LeaderElection9: ELECTION REJECTED received 1 response(s) and 0 exception(s):
2022-07-21 18:24:44,260 [5d1fd1ad-3ffc-45d7-9cc9-017894943827@group-1E3CD0BE553D-LeaderElection9] INFO  impl.LeaderElection (LeaderElection.java:logAndReturn(94)) -   Response 0: 5d1fd1ad-3ffc-45d7-9cc9-017894943827<-e726e41b-5eae-4257-b10a-91e952b7f2e4#0:FAIL-t1
2022-07-21 18:24:44,261 [5d1fd1ad-3ffc-45d7-9cc9-017894943827@group-1E3CD0BE553D-LeaderElection9] INFO  impl.LeaderElection (LeaderElection.java:askForVotes(312)) - 5d1fd1ad-3ffc-45d7-9cc9-017894943827@group-1E3CD0BE553D-LeaderElection9 ELECTION round 0: result REJECTED
2022-07-21 18:24:44,261 [5d1fd1ad-3ffc-45d7-9cc9-017894943827@group-1E3CD0BE553D-LeaderElection9] INFO  server.RaftServer$Division (RaftServerImpl.java:setRole(299)) - 5d1fd1ad-3ffc-45d7-9cc9-017894943827@group-1E3CD0BE553D: changes role from CANDIDATE to FOLLOWER at term 1 for REJECTED
2022-07-21 18:24:44,261 [5d1fd1ad-3ffc-45d7-9cc9-017894943827@group-1E3CD0BE553D-LeaderElection9] INFO  impl.RoleInfo (RoleInfo.java:shutdownLeaderElection(130)) - 5d1fd1ad-3ffc-45d7-9cc9-017894943827: shutdown 5d1fd1ad-3ffc-45d7-9cc9-017894943827@group-1E3CD0BE553D-LeaderElection9
2022-07-21 18:24:44,261 [5d1fd1ad-3ffc-45d7-9cc9-017894943827@group-1E3CD0BE553D-LeaderElection9] INFO  impl.RoleInfo (RoleInfo.java:updateAndGet(139)) - 5d1fd1ad-3ffc-45d7-9cc9-017894943827: start 5d1fd1ad-3ffc-45d7-9cc9-017894943827@group-1E3CD0BE553D-FollowerState
2022-07-21 18:24:44,262 [grpc-default-executor-3] INFO  server.RaftServer$Division (RaftServerImpl.java:requestVote(1184)) - 0155c29a-c486-4ab3-a60c-46cc4bf5ae0a@group-1E3CD0BE553D replies to ELECTION vote request: 5d1fd1ad-3ffc-45d7-9cc9-017894943827<-0155c29a-c486-4ab3-a60c-46cc4bf5ae0a#0:OK-t1. Peer's state: 0155c29a-c486-4ab3-a60c-46cc4bf5ae0a@group-1E3CD0BE553D:t1, leader=null, voted=5d1fd1ad-3ffc-45d7-9cc9-017894943827, raftlog=0155c29a-c486-4ab3-a60c-46cc4bf5ae0a@group-1E3CD0BE553D-SegmentedRaftLog:OPENED:c-1, conf=-1: [0155c29a-c486-4ab3-a60c-46cc4bf5ae0a|rpc:127.0.0.1:39157|dataStream:|priority:0, 5d1fd1ad-3ffc-45d7-9cc9-017894943827|rpc:127.0.0.1:39605|dataStream:|priority:0, e726e41b-5eae-4257-b10a-91e952b7f2e4|rpc:127.0.0.1:33341|dataStream:|priority:1], old=null
2022-07-21 18:24:44,557 [0155c29a-c486-4ab3-a60c-46cc4bf5ae0a@group-1C6ADA7CB40D-FollowerState] INFO  impl.FollowerState (FollowerState.java:run(143)) - 0155c29a-c486-4ab3-a60c-46cc4bf5ae0a@group-1C6ADA7CB40D-FollowerState: change to CANDIDATE, lastRpcElapsedTime:5053238639ns, electionTimeout:5049ms
2022-07-21 18:24:44,558 [0155c29a-c486-4ab3-a60c-46cc4bf5ae0a@group-1C6ADA7CB40D-FollowerState] INFO  impl.RoleInfo (RoleInfo.java:shutdownFollowerState(110)) - 0155c29a-c486-4ab3-a60c-46cc4bf5ae0a: shutdown 0155c29a-c486-4ab3-a60c-46cc4bf5ae0a@group-1C6ADA7CB40D-FollowerState
2022-07-21 18:24:44,558 [0155c29a-c486-4ab3-a60c-46cc4bf5ae0a@group-1C6ADA7CB40D-FollowerState] INFO  server.RaftServer$Division (RaftServerImpl.java:setRole(299)) - 0155c29a-c486-4ab3-a60c-46cc4bf5ae0a@group-1C6ADA7CB40D: changes role from  FOLLOWER to CANDIDATE at term 0 for changeToCandidate
2022-07-21 18:24:44,558 [0155c29a-c486-4ab3-a60c-46cc4bf5ae0a@group-1C6ADA7CB40D-FollowerState] INFO  server.RaftServerConfigKeys (ConfUtils.java:logGet(46)) - raft.server.leaderelection.pre-vote = false (custom)
2022-07-21 18:24:44,558 [0155c29a-c486-4ab3-a60c-46cc4bf5ae0a@group-1C6ADA7CB40D-FollowerState] INFO  impl.RoleInfo (RoleInfo.java:updateAndGet(139)) - 0155c29a-c486-4ab3-a60c-46cc4bf5ae0a: start 0155c29a-c486-4ab3-a60c-46cc4bf5ae0a@group-1C6ADA7CB40D-LeaderElection10
2022-07-21 18:24:44,563 [0155c29a-c486-4ab3-a60c-46cc4bf5ae0a@group-1C6ADA7CB40D-LeaderElection10] INFO  impl.LeaderElection (LeaderElection.java:askForVotes(310)) - 0155c29a-c486-4ab3-a60c-46cc4bf5ae0a@group-1C6ADA7CB40D-LeaderElection10 ELECTION round 0: submit vote requests at term 1 for -1: [0155c29a-c486-4ab3-a60c-46cc4bf5ae0a|rpc:127.0.0.1:39157|priority:1, 5d1fd1ad-3ffc-45d7-9cc9-017894943827|rpc:127.0.0.1:39605|priority:0, e726e41b-5eae-4257-b10a-91e952b7f2e4|rpc:127.0.0.1:33341|priority:0], old=null
2022-07-21 18:24:44,587 [grpc-default-executor-3] INFO  server.RaftServer$Division (RaftServerImpl.java:requestVote(1152)) - 5d1fd1ad-3ffc-45d7-9cc9-017894943827@group-1C6ADA7CB40D: receive requestVote(ELECTION, 0155c29a-c486-4ab3-a60c-46cc4bf5ae0a, group-1C6ADA7CB40D, 1, (t:0, i:0))
2022-07-21 18:24:44,587 [grpc-default-executor-3] INFO  impl.VoteContext (VoteContext.java:log(48)) - 5d1fd1ad-3ffc-45d7-9cc9-017894943827@group-1C6ADA7CB40D-FOLLOWER: accept ELECTION from 0155c29a-c486-4ab3-a60c-46cc4bf5ae0a: our priority 0 <= candidate's priority 1
2022-07-21 18:24:44,588 [grpc-default-executor-0] INFO  server.RaftServer$Division (RaftServerImpl.java:requestVote(1152)) - e726e41b-5eae-4257-b10a-91e952b7f2e4@group-1C6ADA7CB40D: receive requestVote(ELECTION, 0155c29a-c486-4ab3-a60c-46cc4bf5ae0a, group-1C6ADA7CB40D, 1, (t:0, i:0))
2022-07-21 18:24:44,588 [grpc-default-executor-0] INFO  impl.VoteContext (VoteContext.java:log(48)) - e726e41b-5eae-4257-b10a-91e952b7f2e4@group-1C6ADA7CB40D-FOLLOWER: accept ELECTION from 0155c29a-c486-4ab3-a60c-46cc4bf5ae0a: our priority 0 <= candidate's priority 1
2022-07-21 18:24:44,588 [grpc-default-executor-0] INFO  server.RaftServer$Division (RaftServerImpl.java:setRole(299)) - e726e41b-5eae-4257-b10a-91e952b7f2e4@group-1C6ADA7CB40D: changes role from  FOLLOWER to FOLLOWER at term 1 for candidate:0155c29a-c486-4ab3-a60c-46cc4bf5ae0a
2022-07-21 18:24:44,588 [grpc-default-executor-0] INFO  impl.RoleInfo (RoleInfo.java:shutdownFollowerState(110)) - e726e41b-5eae-4257-b10a-91e952b7f2e4: shutdown e726e41b-5eae-4257-b10a-91e952b7f2e4@group-1C6ADA7CB40D-FollowerState
2022-07-21 18:24:44,588 [grpc-default-executor-0] INFO  impl.RoleInfo (RoleInfo.java:updateAndGet(139)) - e726e41b-5eae-4257-b10a-91e952b7f2e4: start e726e41b-5eae-4257-b10a-91e952b7f2e4@group-1C6ADA7CB40D-FollowerState
2022-07-21 18:24:44,588 [e726e41b-5eae-4257-b10a-91e952b7f2e4@group-1C6ADA7CB40D-FollowerState] INFO  impl.FollowerState (FollowerState.java:run(152)) - e726e41b-5eae-4257-b10a-91e952b7f2e4@group-1C6ADA7CB40D-FollowerState was interrupted
2022-07-21 18:24:44,589 [grpc-default-executor-3] INFO  server.RaftServer$Division (RaftServerImpl.java:setRole(299)) - 5d1fd1ad-3ffc-45d7-9cc9-017894943827@group-1C6ADA7CB40D: changes role from  FOLLOWER to FOLLOWER at term 1 for candidate:0155c29a-c486-4ab3-a60c-46cc4bf5ae0a
2022-07-21 18:24:44,589 [grpc-default-executor-3] INFO  impl.RoleInfo (RoleInfo.java:shutdownFollowerState(110)) - 5d1fd1ad-3ffc-45d7-9cc9-017894943827: shutdown 5d1fd1ad-3ffc-45d7-9cc9-017894943827@group-1C6ADA7CB40D-FollowerState
2022-07-21 18:24:44,589 [5d1fd1ad-3ffc-45d7-9cc9-017894943827@group-1C6ADA7CB40D-FollowerState] INFO  impl.FollowerState (FollowerState.java:run(152)) - 5d1fd1ad-3ffc-45d7-9cc9-017894943827@group-1C6ADA7CB40D-FollowerState was interrupted
2022-07-21 18:24:44,589 [grpc-default-executor-3] INFO  impl.RoleInfo (RoleInfo.java:updateAndGet(139)) - 5d1fd1ad-3ffc-45d7-9cc9-017894943827: start 5d1fd1ad-3ffc-45d7-9cc9-017894943827@group-1C6ADA7CB40D-FollowerState
2022-07-21 18:24:44,591 [grpc-default-executor-0] INFO  server.RaftServer$Division (RaftServerImpl.java:requestVote(1184)) - e726e41b-5eae-4257-b10a-91e952b7f2e4@group-1C6ADA7CB40D replies to ELECTION vote request: 0155c29a-c486-4ab3-a60c-46cc4bf5ae0a<-e726e41b-5eae-4257-b10a-91e952b7f2e4#0:OK-t1. Peer's state: e726e41b-5eae-4257-b10a-91e952b7f2e4@group-1C6ADA7CB40D:t1, leader=null, voted=0155c29a-c486-4ab3-a60c-46cc4bf5ae0a, raftlog=e726e41b-5eae-4257-b10a-91e952b7f2e4@group-1C6ADA7CB40D-SegmentedRaftLog:OPENED:c-1, conf=-1: [0155c29a-c486-4ab3-a60c-46cc4bf5ae0a|rpc:127.0.0.1:39157|dataStream:|priority:1, 5d1fd1ad-3ffc-45d7-9cc9-017894943827|rpc:127.0.0.1:39605|dataStream:|priority:0, e726e41b-5eae-4257-b10a-91e952b7f2e4|rpc:127.0.0.1:33341|dataStream:|priority:0], old=null
2022-07-21 18:24:44,593 [0155c29a-c486-4ab3-a60c-46cc4bf5ae0a@group-1C6ADA7CB40D-LeaderElection10] INFO  impl.LeaderElection (LeaderElection.java:logAndReturn(90)) - 0155c29a-c486-4ab3-a60c-46cc4bf5ae0a@group-1C6ADA7CB40D-LeaderElection10: ELECTION PASSED received 1 response(s) and 0 exception(s):
2022-07-21 18:24:44,593 [0155c29a-c486-4ab3-a60c-46cc4bf5ae0a@group-1C6ADA7CB40D-LeaderElection10] INFO  impl.LeaderElection (LeaderElection.java:logAndReturn(94)) -   Response 0: 0155c29a-c486-4ab3-a60c-46cc4bf5ae0a<-e726e41b-5eae-4257-b10a-91e952b7f2e4#0:OK-t1
2022-07-21 18:24:44,593 [0155c29a-c486-4ab3-a60c-46cc4bf5ae0a@group-1C6ADA7CB40D-LeaderElection10] INFO  impl.LeaderElection (LeaderElection.java:askForVotes(312)) - 0155c29a-c486-4ab3-a60c-46cc4bf5ae0a@group-1C6ADA7CB40D-LeaderElection10 ELECTION round 0: result PASSED
2022-07-21 18:24:44,594 [grpc-default-executor-3] INFO  server.RaftServer$Division (RaftServerImpl.java:requestVote(1184)) - 5d1fd1ad-3ffc-45d7-9cc9-017894943827@group-1C6ADA7CB40D replies to ELECTION vote request: 0155c29a-c486-4ab3-a60c-46cc4bf5ae0a<-5d1fd1ad-3ffc-45d7-9cc9-017894943827#0:OK-t1. Peer's state: 5d1fd1ad-3ffc-45d7-9cc9-017894943827@group-1C6ADA7CB40D:t1, leader=null, voted=0155c29a-c486-4ab3-a60c-46cc4bf5ae0a, raftlog=5d1fd1ad-3ffc-45d7-9cc9-017894943827@group-1C6ADA7CB40D-SegmentedRaftLog:OPENED:c-1, conf=-1: [0155c29a-c486-4ab3-a60c-46cc4bf5ae0a|rpc:127.0.0.1:39157|priority:1, 5d1fd1ad-3ffc-45d7-9cc9-017894943827|rpc:127.0.0.1:39605|priority:0, e726e41b-5eae-4257-b10a-91e952b7f2e4|rpc:127.0.0.1:33341|priority:0], old=null
2022-07-21 18:24:44,594 [0155c29a-c486-4ab3-a60c-46cc4bf5ae0a@group-1C6ADA7CB40D-LeaderElection10] INFO  impl.RoleInfo (RoleInfo.java:shutdownLeaderElection(130)) - 0155c29a-c486-4ab3-a60c-46cc4bf5ae0a: shutdown 0155c29a-c486-4ab3-a60c-46cc4bf5ae0a@group-1C6ADA7CB40D-LeaderElection10
2022-07-21 18:24:44,594 [0155c29a-c486-4ab3-a60c-46cc4bf5ae0a@group-1C6ADA7CB40D-LeaderElection10] INFO  server.RaftServer$Division (RaftServerImpl.java:setRole(299)) - 0155c29a-c486-4ab3-a60c-46cc4bf5ae0a@group-1C6ADA7CB40D: changes role from CANDIDATE to LEADER at term 1 for changeToLeader
2022-07-21 18:24:44,594 [0155c29a-c486-4ab3-a60c-46cc4bf5ae0a@group-1C6ADA7CB40D-LeaderElection10] INFO  ratis.XceiverServerRatis (XceiverServerRatis.java:handleLeaderChangedNotification(863)) - Leader change notification received for group: group-1C6ADA7CB40D with new leaderId: 0155c29a-c486-4ab3-a60c-46cc4bf5ae0a
2022-07-21 18:24:44,594 [0155c29a-c486-4ab3-a60c-46cc4bf5ae0a@group-1C6ADA7CB40D-LeaderElection10] INFO  server.RaftServer$Division (ServerState.java:setLeader(287)) - 0155c29a-c486-4ab3-a60c-46cc4bf5ae0a@group-1C6ADA7CB40D: change Leader from null to 0155c29a-c486-4ab3-a60c-46cc4bf5ae0a at term 1 for becomeLeader, leader elected after 5103ms
2022-07-21 18:24:44,594 [0155c29a-c486-4ab3-a60c-46cc4bf5ae0a@group-1C6ADA7CB40D-LeaderElection10] INFO  server.RaftServerConfigKeys (ConfUtils.java:logGet(46)) - raft.server.staging.catchup.gap = 1000 (default)
2022-07-21 18:24:44,594 [0155c29a-c486-4ab3-a60c-46cc4bf5ae0a@group-1C6ADA7CB40D-LeaderElection10] INFO  server.RaftServerConfigKeys (ConfUtils.java:logGet(46)) - raft.server.write.element-limit = 1024 (custom)
2022-07-21 18:24:44,594 [0155c29a-c486-4ab3-a60c-46cc4bf5ae0a@group-1C6ADA7CB40D-LeaderElection10] INFO  server.RaftServerConfigKeys (ConfUtils.java:logGet(46)) - raft.server.write.byte-limit = 1024 M (=1073741824) (custom)
2022-07-21 18:24:44,595 [0155c29a-c486-4ab3-a60c-46cc4bf5ae0a@group-1C6ADA7CB40D-LeaderElection10] INFO  server.RaftServerConfigKeys (ConfUtils.java:logGet(46)) - raft.server.watch.timeout = 180s (custom)
2022-07-21 18:24:44,595 [0155c29a-c486-4ab3-a60c-46cc4bf5ae0a@group-1C6ADA7CB40D-LeaderElection10] INFO  server.RaftServerConfigKeys (ConfUtils.java:logGet(46)) - raft.server.watch.timeout.denomination = 1s (default)
2022-07-21 18:24:44,595 [0155c29a-c486-4ab3-a60c-46cc4bf5ae0a@group-1C6ADA7CB40D-LeaderElection10] INFO  server.RaftServerConfigKeys (ConfUtils.java:logGet(46)) - raft.server.watch.element-limit = 65536 (default)
2022-07-21 18:24:44,595 [0155c29a-c486-4ab3-a60c-46cc4bf5ae0a@group-1C6ADA7CB40D-LeaderElection10] INFO  server.RaftServerConfigKeys (ConfUtils.java:logGet(46)) - raft.server.write.element-limit = 1024 (custom)
2022-07-21 18:24:44,595 [0155c29a-c486-4ab3-a60c-46cc4bf5ae0a@group-1C6ADA7CB40D-LeaderElection10] INFO  server.RaftServerConfigKeys (ConfUtils.java:logGet(46)) - raft.server.write.follower.gap.ratio.max = -1.0 (default)
2022-07-21 18:24:44,596 [0155c29a-c486-4ab3-a60c-46cc4bf5ae0a@group-1C6ADA7CB40D-LeaderElection10] INFO  server.RaftServerConfigKeys (ConfUtils.java:logGet(46)) - raft.server.log.appender.snapshot.chunk.size.max = 16MB (=16777216) (default)
2022-07-21 18:24:44,596 [0155c29a-c486-4ab3-a60c-46cc4bf5ae0a@group-1C6ADA7CB40D-LeaderElection10] INFO  server.RaftServerConfigKeys (ConfUtils.java:logGet(46)) - raft.server.log.appender.buffer.byte-limit = 33554432 (custom)
2022-07-21 18:24:44,596 [0155c29a-c486-4ab3-a60c-46cc4bf5ae0a@group-1C6ADA7CB40D-LeaderElection10] INFO  server.RaftServerConfigKeys (ConfUtils.java:logGet(46)) - raft.server.log.appender.buffer.element-limit = 1 (custom)
2022-07-21 18:24:44,596 [0155c29a-c486-4ab3-a60c-46cc4bf5ae0a@group-1C6ADA7CB40D-LeaderElection10] INFO  grpc.GrpcConfigKeys (ConfUtils.java:logGet(46)) - raft.grpc.server.leader.outstanding.appends.max = 128 (default)
2022-07-21 18:24:44,596 [0155c29a-c486-4ab3-a60c-46cc4bf5ae0a@group-1C6ADA7CB40D-LeaderElection10] INFO  server.RaftServerConfigKeys (ConfUtils.java:logGet(46)) - raft.server.rpc.request.timeout = 60s (custom)
2022-07-21 18:24:44,596 [0155c29a-c486-4ab3-a60c-46cc4bf5ae0a@group-1C6ADA7CB40D-LeaderElection10] INFO  server.RaftServerConfigKeys (ConfUtils.java:logGet(46)) - raft.server.log.appender.install.snapshot.enabled = false (custom)
2022-07-21 18:24:44,597 [0155c29a-c486-4ab3-a60c-46cc4bf5ae0a@group-1C6ADA7CB40D-LeaderElection10] INFO  server.RaftServerConfigKeys (ConfUtils.java:logGet(46)) - raft.server.log.appender.snapshot.chunk.size.max = 16MB (=16777216) (default)
2022-07-21 18:24:44,597 [0155c29a-c486-4ab3-a60c-46cc4bf5ae0a@group-1C6ADA7CB40D-LeaderElection10] INFO  server.RaftServerConfigKeys (ConfUtils.java:logGet(46)) - raft.server.log.appender.buffer.byte-limit = 33554432 (custom)
2022-07-21 18:24:44,597 [0155c29a-c486-4ab3-a60c-46cc4bf5ae0a@group-1C6ADA7CB40D-LeaderElection10] INFO  server.RaftServerConfigKeys (ConfUtils.java:logGet(46)) - raft.server.log.appender.buffer.element-limit = 1 (custom)
2022-07-21 18:24:44,597 [0155c29a-c486-4ab3-a60c-46cc4bf5ae0a@group-1C6ADA7CB40D-LeaderElection10] INFO  grpc.GrpcConfigKeys (ConfUtils.java:logGet(46)) - raft.grpc.server.leader.outstanding.appends.max = 128 (default)
2022-07-21 18:24:44,600 [EventQueue-PipelineReportForPipelineReportHandler] INFO  pipeline.PipelineManagerImpl (PipelineManagerImpl.java:openPipeline(367)) - Pipeline Pipeline[ Id: 84cd1a99-4ae3-4bd5-ab21-1c6ada7cb40d, Nodes: 0155c29a-c486-4ab3-a60c-46cc4bf5ae0a{ip: 127.0.0.1, host: localhost, ports: [REPLICATION=36687, RATIS=39157, RATIS_ADMIN=39157, RATIS_SERVER=39157, STANDALONE=35983], networkLocation: /default-rack, certSerialId: null, persistedOpState: IN_SERVICE, persistedOpStateExpiryEpochSec: 0}5d1fd1ad-3ffc-45d7-9cc9-017894943827{ip: 127.0.0.1, host: localhost, ports: [REPLICATION=38749, RATIS=39605, RATIS_ADMIN=39605, RATIS_SERVER=39605, STANDALONE=39517], networkLocation: /default-rack, certSerialId: null, persistedOpState: IN_SERVICE, persistedOpStateExpiryEpochSec: 0}e726e41b-5eae-4257-b10a-91e952b7f2e4{ip: 127.0.0.1, host: localhost, ports: [REPLICATION=35565, RATIS=33341, RATIS_ADMIN=33341, RATIS_SERVER=33341, STANDALONE=42271], networkLocation: /default-rack, certSerialId: null, persistedOpState: IN_SERVICE, persistedOpStateExpiryEpochSec: 0}, ReplicationConfig: RATIS/THREE, State:ALLOCATED, leaderId:0155c29a-c486-4ab3-a60c-46cc4bf5ae0a, CreationTimestamp2022-07-21T18:24:36.995Z[Etc/UTC]] moved to OPEN state
2022-07-21 18:24:44,600 [EventQueue-PipelineReportForPipelineReportHandler] INFO  pipeline.PipelineManagerImpl (PipelineManagerImpl.java:openPipeline(367)) - Pipeline Pipeline[ Id: 84cd1a99-4ae3-4bd5-ab21-1c6ada7cb40d, Nodes: 0155c29a-c486-4ab3-a60c-46cc4bf5ae0a{ip: 127.0.0.1, host: localhost, ports: [REPLICATION=36687, RATIS=39157, RATIS_ADMIN=39157, RATIS_SERVER=39157, STANDALONE=35983], networkLocation: /default-rack, certSerialId: null, persistedOpState: IN_SERVICE, persistedOpStateExpiryEpochSec: 0}5d1fd1ad-3ffc-45d7-9cc9-017894943827{ip: 127.0.0.1, host: localhost, ports: [REPLICATION=38749, RATIS=39605, RATIS_ADMIN=39605, RATIS_SERVER=39605, STANDALONE=39517], networkLocation: /default-rack, certSerialId: null, persistedOpState: IN_SERVICE, persistedOpStateExpiryEpochSec: 0}e726e41b-5eae-4257-b10a-91e952b7f2e4{ip: 127.0.0.1, host: localhost, ports: [REPLICATION=35565, RATIS=33341, RATIS_ADMIN=33341, RATIS_SERVER=33341, STANDALONE=42271], networkLocation: /default-rack, certSerialId: null, persistedOpState: IN_SERVICE, persistedOpStateExpiryEpochSec: 0}, ReplicationConfig: RATIS/THREE, State:ALLOCATED, leaderId:0155c29a-c486-4ab3-a60c-46cc4bf5ae0a, CreationTimestamp2022-07-21T18:24:36.995Z[Etc/UTC]] moved to OPEN state
2022-07-21 18:24:44,601 [0155c29a-c486-4ab3-a60c-46cc4bf5ae0a@group-1C6ADA7CB40D-LeaderElection10] INFO  server.RaftServerConfigKeys (ConfUtils.java:logGet(46)) - raft.server.rpc.request.timeout = 60s (custom)
2022-07-21 18:24:44,601 [0155c29a-c486-4ab3-a60c-46cc4bf5ae0a@group-1C6ADA7CB40D-LeaderElection10] INFO  server.RaftServerConfigKeys (ConfUtils.java:logGet(46)) - raft.server.log.appender.install.snapshot.enabled = false (custom)
2022-07-21 18:24:44,601 [EventQueue-OpenPipelineForHealthyPipelineSafeModeRule] INFO  safemode.SCMSafeModeManager (HealthyPipelineSafeModeRule.java:process(137)) - SCM in safe mode. Healthy pipelines reported count is 0, required healthy pipeline reported count is 1
2022-07-21 18:24:44,602 [EventQueue-OpenPipelineForHealthyPipelineSafeModeRule] INFO  safemode.SCMSafeModeManager (HealthyPipelineSafeModeRule.java:process(137)) - SCM in safe mode. Healthy pipelines reported count is 0, required healthy pipeline reported count is 1
2022-07-21 18:24:44,602 [0155c29a-c486-4ab3-a60c-46cc4bf5ae0a@group-1C6ADA7CB40D-LeaderElection10] INFO  impl.RoleInfo (RoleInfo.java:updateAndGet(139)) - 0155c29a-c486-4ab3-a60c-46cc4bf5ae0a: start 0155c29a-c486-4ab3-a60c-46cc4bf5ae0a@group-1C6ADA7CB40D-LeaderStateImpl
2022-07-21 18:24:44,603 [0155c29a-c486-4ab3-a60c-46cc4bf5ae0a@group-1C6ADA7CB40D-LeaderElection10] INFO  segmented.SegmentedRaftLogWorker (SegmentedRaftLogWorker.java:startLogSegment(425)) - 0155c29a-c486-4ab3-a60c-46cc4bf5ae0a@group-1C6ADA7CB40D-SegmentedRaftLogWorker: Starting segment from index:0
2022-07-21 18:24:44,603 [EventQueue-PipelineReportForPipelineReportHandler] INFO  pipeline.PipelineManagerImpl (PipelineManagerImpl.java:openPipeline(367)) - Pipeline Pipeline[ Id: 84cd1a99-4ae3-4bd5-ab21-1c6ada7cb40d, Nodes: 0155c29a-c486-4ab3-a60c-46cc4bf5ae0a{ip: 127.0.0.1, host: localhost, ports: [REPLICATION=36687, RATIS=39157, RATIS_ADMIN=39157, RATIS_SERVER=39157, STANDALONE=35983], networkLocation: /default-rack, certSerialId: null, persistedOpState: IN_SERVICE, persistedOpStateExpiryEpochSec: 0}5d1fd1ad-3ffc-45d7-9cc9-017894943827{ip: 127.0.0.1, host: localhost, ports: [REPLICATION=38749, RATIS=39605, RATIS_ADMIN=39605, RATIS_SERVER=39605, STANDALONE=39517], networkLocation: /default-rack, certSerialId: null, persistedOpState: IN_SERVICE, persistedOpStateExpiryEpochSec: 0}e726e41b-5eae-4257-b10a-91e952b7f2e4{ip: 127.0.0.1, host: localhost, ports: [REPLICATION=35565, RATIS=33341, RATIS_ADMIN=33341, RATIS_SERVER=33341, STANDALONE=42271], networkLocation: /default-rack, certSerialId: null, persistedOpState: IN_SERVICE, persistedOpStateExpiryEpochSec: 0}, ReplicationConfig: RATIS/THREE, State:ALLOCATED, leaderId:0155c29a-c486-4ab3-a60c-46cc4bf5ae0a, CreationTimestamp2022-07-21T18:24:36.995Z[Etc/UTC]] moved to OPEN state
2022-07-21 18:24:44,605 [0155c29a-c486-4ab3-a60c-46cc4bf5ae0a@group-1C6ADA7CB40D-SegmentedRaftLogWorker] INFO  segmented.SegmentedRaftLogWorker (SegmentedRaftLogWorker.java:execute(629)) - 0155c29a-c486-4ab3-a60c-46cc4bf5ae0a@group-1C6ADA7CB40D-SegmentedRaftLogWorker: created new log segment /home/runner/work/ozone/ozone/hadoop-ozone/integration-test/target/test-dir/MiniOzoneClusterImpl-c56c5c68-8a55-4647-89a4-dc8bb834fa26/datanode-1/data/ratis/84cd1a99-4ae3-4bd5-ab21-1c6ada7cb40d/current/log_inprogress_0
2022-07-21 18:24:44,614 [6c219fae-6e05-4936-867a-162ef996a9c6@group-DC8BB834FA26-StateMachineUpdater] INFO  safemode.HealthyPipelineSafeModeRule (HealthyPipelineSafeModeRule.java:initializeRule(165)) - Refreshed total pipeline count is 1, healthy pipeline threshold count is 1
2022-07-21 18:24:44,614 [EventQueue-OpenPipelineForHealthyPipelineSafeModeRule] INFO  safemode.SCMSafeModeManager (HealthyPipelineSafeModeRule.java:process(137)) - SCM in safe mode. Healthy pipelines reported count is 1, required healthy pipeline reported count is 1
2022-07-21 18:24:44,614 [EventQueue-OpenPipelineForHealthyPipelineSafeModeRule] INFO  safemode.SCMSafeModeManager (SCMSafeModeManager.java:validateSafeModeExitRules(204)) - HealthyPipelineSafeModeRule rule is successfully validated
2022-07-21 18:24:44,614 [EventQueue-OpenPipelineForHealthyPipelineSafeModeRule] INFO  safemode.SCMSafeModeManager (SCMSafeModeManager.java:validateSafeModeExitRules(219)) - ScmSafeModeManager, all rules are successfully validated
2022-07-21 18:24:44,614 [EventQueue-OpenPipelineForHealthyPipelineSafeModeRule] INFO  safemode.SCMSafeModeManager (SCMSafeModeManager.java:exitSafeMode(248)) - SCM exiting safe mode.
2022-07-21 18:24:44,614 [EventQueue-OpenPipelineForHealthyPipelineSafeModeRule] WARN  events.EventQueue (EventQueue.java:fireEvent(216)) - No event handler registered for event TypedEvent{payloadType=SafeModeStatus, name='Safe mode status'}
2022-07-21 18:24:44,614 [EventQueue-OpenPipelineForHealthyPipelineSafeModeRule] INFO  ha.SCMContext (SCMContext.java:updateSafeModeStatus(228)) - Update SafeModeStatus from SafeModeStatus{safeModeStatus=true, preCheckPassed=true} to SafeModeStatus{safeModeStatus=false, preCheckPassed=true}.
2022-07-21 18:24:44,614 [EventQueue-OpenPipelineForHealthyPipelineSafeModeRule] INFO  BackgroundPipelineScrubber (BackgroundSCMService.java:notifyStatusChanged(82)) - Service BackgroundPipelineScrubber transitions to RUNNING.
2022-07-21 18:24:44,615 [EventQueue-OpenPipelineForHealthyPipelineSafeModeRule] INFO  ExpiredContainerReplicaOpScrubber (BackgroundSCMService.java:notifyStatusChanged(82)) - Service ExpiredContainerReplicaOpScrubber transitions to RUNNING.
2022-07-21 18:24:44,615 [EventQueue-OpenPipelineForHealthyPipelineSafeModeRule] INFO  UnderReplicatedQueueThread (BackgroundSCMService.java:notifyStatusChanged(82)) - Service UnderReplicatedQueueThread transitions to RUNNING.
2022-07-21 18:24:44,615 [EventQueue-OpenPipelineForHealthyPipelineSafeModeRule] INFO  OverReplicatedQueueThread (BackgroundSCMService.java:notifyStatusChanged(82)) - Service OverReplicatedQueueThread transitions to RUNNING.
2022-07-21 18:24:44,615 [EventQueue-OpenPipelineForHealthyPipelineSafeModeRule] INFO  replication.ReplicationManager (ReplicationManager.java:notifyStatusChanged(642)) - Service ReplicationManager transitions to RUNNING.
2022-07-21 18:24:44,615 [EventQueue-OpenPipelineForHealthyPipelineSafeModeRule] WARN  balancer.ContainerBalancer (ContainerBalancer.java:shouldRun(903)) - Could not find persisted configuration for ContainerBalancer when checking if ContainerBalancer should run. ContainerBalancer should not run now.
2022-07-21 18:24:44,623 [0155c29a-c486-4ab3-a60c-46cc4bf5ae0a@group-1C6ADA7CB40D-LeaderElection10] INFO  server.RaftServer$Division (ServerState.java:setRaftConf(393)) - 0155c29a-c486-4ab3-a60c-46cc4bf5ae0a@group-1C6ADA7CB40D: set configuration 0: [0155c29a-c486-4ab3-a60c-46cc4bf5ae0a|rpc:127.0.0.1:39157|dataStream:|priority:1, 5d1fd1ad-3ffc-45d7-9cc9-017894943827|rpc:127.0.0.1:39605|dataStream:|priority:0, e726e41b-5eae-4257-b10a-91e952b7f2e4|rpc:127.0.0.1:33341|dataStream:|priority:0], old=null
2022-07-21 18:24:44,631 [5d1fd1ad-3ffc-45d7-9cc9-017894943827-server-thread1] INFO  ratis.XceiverServerRatis (XceiverServerRatis.java:handleLeaderChangedNotification(863)) - Leader change notification received for group: group-1C6ADA7CB40D with new leaderId: 0155c29a-c486-4ab3-a60c-46cc4bf5ae0a
2022-07-21 18:24:44,631 [5d1fd1ad-3ffc-45d7-9cc9-017894943827-server-thread1] INFO  server.RaftServer$Division (ServerState.java:setLeader(287)) - 5d1fd1ad-3ffc-45d7-9cc9-017894943827@group-1C6ADA7CB40D: change Leader from null to 0155c29a-c486-4ab3-a60c-46cc4bf5ae0a at term 1 for appendEntries, leader elected after 5083ms
2022-07-21 18:24:44,631 [a989fbd8-2b6d-434f-a2fe-f7a7e8b88707@group-DC8BB834FA26-StateMachineUpdater] INFO  safemode.HealthyPipelineSafeModeRule (HealthyPipelineSafeModeRule.java:initializeRule(165)) - Refreshed total pipeline count is 1, healthy pipeline threshold count is 1
2022-07-21 18:24:44,632 [1195622a-6e13-4f92-83dd-ad3d63b418dc@group-DC8BB834FA26-StateMachineUpdater] INFO  safemode.HealthyPipelineSafeModeRule (HealthyPipelineSafeModeRule.java:initializeRule(165)) - Refreshed total pipeline count is 1, healthy pipeline threshold count is 1
2022-07-21 18:24:44,635 [e726e41b-5eae-4257-b10a-91e952b7f2e4-server-thread1] INFO  ratis.XceiverServerRatis (XceiverServerRatis.java:handleLeaderChangedNotification(863)) - Leader change notification received for group: group-1C6ADA7CB40D with new leaderId: 0155c29a-c486-4ab3-a60c-46cc4bf5ae0a
2022-07-21 18:24:44,635 [e726e41b-5eae-4257-b10a-91e952b7f2e4-server-thread1] INFO  server.RaftServer$Division (ServerState.java:setLeader(287)) - e726e41b-5eae-4257-b10a-91e952b7f2e4@group-1C6ADA7CB40D: change Leader from null to 0155c29a-c486-4ab3-a60c-46cc4bf5ae0a at term 1 for appendEntries, leader elected after 4981ms
2022-07-21 18:24:44,638 [5d1fd1ad-3ffc-45d7-9cc9-017894943827-server-thread1] INFO  server.RaftServer$Division (ServerState.java:setRaftConf(393)) - 5d1fd1ad-3ffc-45d7-9cc9-017894943827@group-1C6ADA7CB40D: set configuration 0: [0155c29a-c486-4ab3-a60c-46cc4bf5ae0a|rpc:127.0.0.1:39157|dataStream:|priority:1, 5d1fd1ad-3ffc-45d7-9cc9-017894943827|rpc:127.0.0.1:39605|dataStream:|priority:0, e726e41b-5eae-4257-b10a-91e952b7f2e4|rpc:127.0.0.1:33341|dataStream:|priority:0], old=null
2022-07-21 18:24:44,638 [5d1fd1ad-3ffc-45d7-9cc9-017894943827-server-thread1] INFO  segmented.SegmentedRaftLogWorker (SegmentedRaftLogWorker.java:startLogSegment(425)) - 5d1fd1ad-3ffc-45d7-9cc9-017894943827@group-1C6ADA7CB40D-SegmentedRaftLogWorker: Starting segment from index:0
2022-07-21 18:24:44,643 [5d1fd1ad-3ffc-45d7-9cc9-017894943827@group-1C6ADA7CB40D-SegmentedRaftLogWorker] INFO  segmented.SegmentedRaftLogWorker (SegmentedRaftLogWorker.java:execute(629)) - 5d1fd1ad-3ffc-45d7-9cc9-017894943827@group-1C6ADA7CB40D-SegmentedRaftLogWorker: created new log segment /home/runner/work/ozone/ozone/hadoop-ozone/integration-test/target/test-dir/MiniOzoneClusterImpl-c56c5c68-8a55-4647-89a4-dc8bb834fa26/datanode-0/data/ratis/84cd1a99-4ae3-4bd5-ab21-1c6ada7cb40d/current/log_inprogress_0
2022-07-21 18:24:44,643 [e726e41b-5eae-4257-b10a-91e952b7f2e4-server-thread1] INFO  server.RaftServer$Division (ServerState.java:setRaftConf(393)) - e726e41b-5eae-4257-b10a-91e952b7f2e4@group-1C6ADA7CB40D: set configuration 0: [0155c29a-c486-4ab3-a60c-46cc4bf5ae0a|rpc:127.0.0.1:39157|dataStream:|priority:1, 5d1fd1ad-3ffc-45d7-9cc9-017894943827|rpc:127.0.0.1:39605|dataStream:|priority:0, e726e41b-5eae-4257-b10a-91e952b7f2e4|rpc:127.0.0.1:33341|dataStream:|priority:0], old=null
2022-07-21 18:24:44,643 [e726e41b-5eae-4257-b10a-91e952b7f2e4-server-thread1] INFO  segmented.SegmentedRaftLogWorker (SegmentedRaftLogWorker.java:startLogSegment(425)) - e726e41b-5eae-4257-b10a-91e952b7f2e4@group-1C6ADA7CB40D-SegmentedRaftLogWorker: Starting segment from index:0
2022-07-21 18:24:44,645 [e726e41b-5eae-4257-b10a-91e952b7f2e4@group-1C6ADA7CB40D-SegmentedRaftLogWorker] INFO  segmented.SegmentedRaftLogWorker (SegmentedRaftLogWorker.java:execute(629)) - e726e41b-5eae-4257-b10a-91e952b7f2e4@group-1C6ADA7CB40D-SegmentedRaftLogWorker: created new log segment /home/runner/work/ozone/ozone/hadoop-ozone/integration-test/target/test-dir/MiniOzoneClusterImpl-c56c5c68-8a55-4647-89a4-dc8bb834fa26/datanode-2/data/ratis/84cd1a99-4ae3-4bd5-ab21-1c6ada7cb40d/current/log_inprogress_0
2022-07-21 18:24:44,681 [0155c29a-c486-4ab3-a60c-46cc4bf5ae0a@group-9B8E17B1DDDE-FollowerState] INFO  impl.FollowerState (FollowerState.java:run(143)) - 0155c29a-c486-4ab3-a60c-46cc4bf5ae0a@group-9B8E17B1DDDE-FollowerState: change to CANDIDATE, lastRpcElapsedTime:5200882022ns, electionTimeout:5200ms
2022-07-21 18:24:44,682 [0155c29a-c486-4ab3-a60c-46cc4bf5ae0a@group-9B8E17B1DDDE-FollowerState] INFO  impl.RoleInfo (RoleInfo.java:shutdownFollowerState(110)) - 0155c29a-c486-4ab3-a60c-46cc4bf5ae0a: shutdown 0155c29a-c486-4ab3-a60c-46cc4bf5ae0a@group-9B8E17B1DDDE-FollowerState
2022-07-21 18:24:44,682 [0155c29a-c486-4ab3-a60c-46cc4bf5ae0a@group-9B8E17B1DDDE-FollowerState] INFO  server.RaftServer$Division (RaftServerImpl.java:setRole(299)) - 0155c29a-c486-4ab3-a60c-46cc4bf5ae0a@group-9B8E17B1DDDE: changes role from  FOLLOWER to CANDIDATE at term 0 for changeToCandidate
2022-07-21 18:24:44,682 [0155c29a-c486-4ab3-a60c-46cc4bf5ae0a@group-9B8E17B1DDDE-FollowerState] INFO  server.RaftServerConfigKeys (ConfUtils.java:logGet(46)) - raft.server.leaderelection.pre-vote = false (custom)
2022-07-21 18:24:44,682 [0155c29a-c486-4ab3-a60c-46cc4bf5ae0a@group-9B8E17B1DDDE-FollowerState] INFO  impl.RoleInfo (RoleInfo.java:updateAndGet(139)) - 0155c29a-c486-4ab3-a60c-46cc4bf5ae0a: start 0155c29a-c486-4ab3-a60c-46cc4bf5ae0a@group-9B8E17B1DDDE-LeaderElection11
2022-07-21 18:24:44,685 [0155c29a-c486-4ab3-a60c-46cc4bf5ae0a@group-9B8E17B1DDDE-LeaderElection11] INFO  impl.LeaderElection (LeaderElection.java:askForVotes(310)) - 0155c29a-c486-4ab3-a60c-46cc4bf5ae0a@group-9B8E17B1DDDE-LeaderElection11 ELECTION round 0: submit vote requests at term 1 for -1: [0155c29a-c486-4ab3-a60c-46cc4bf5ae0a|rpc:127.0.0.1:39157|priority:1], old=null
2022-07-21 18:24:44,685 [0155c29a-c486-4ab3-a60c-46cc4bf5ae0a@group-9B8E17B1DDDE-LeaderElection11] INFO  impl.LeaderElection (LeaderElection.java:askForVotes(312)) - 0155c29a-c486-4ab3-a60c-46cc4bf5ae0a@group-9B8E17B1DDDE-LeaderElection11 ELECTION round 0: result PASSED (term=1)
2022-07-21 18:24:44,685 [0155c29a-c486-4ab3-a60c-46cc4bf5ae0a@group-9B8E17B1DDDE-LeaderElection11] INFO  impl.RoleInfo (RoleInfo.java:shutdownLeaderElection(130)) - 0155c29a-c486-4ab3-a60c-46cc4bf5ae0a: shutdown 0155c29a-c486-4ab3-a60c-46cc4bf5ae0a@group-9B8E17B1DDDE-LeaderElection11
2022-07-21 18:24:44,685 [0155c29a-c486-4ab3-a60c-46cc4bf5ae0a@group-9B8E17B1DDDE-LeaderElection11] INFO  server.RaftServer$Division (RaftServerImpl.java:setRole(299)) - 0155c29a-c486-4ab3-a60c-46cc4bf5ae0a@group-9B8E17B1DDDE: changes role from CANDIDATE to LEADER at term 1 for changeToLeader
2022-07-21 18:24:44,685 [0155c29a-c486-4ab3-a60c-46cc4bf5ae0a@group-9B8E17B1DDDE-LeaderElection11] INFO  ratis.XceiverServerRatis (XceiverServerRatis.java:handleLeaderChangedNotification(863)) - Leader change notification received for group: group-9B8E17B1DDDE with new leaderId: 0155c29a-c486-4ab3-a60c-46cc4bf5ae0a
2022-07-21 18:24:44,685 [0155c29a-c486-4ab3-a60c-46cc4bf5ae0a@group-9B8E17B1DDDE-LeaderElection11] INFO  server.RaftServer$Division (ServerState.java:setLeader(287)) - 0155c29a-c486-4ab3-a60c-46cc4bf5ae0a@group-9B8E17B1DDDE: change Leader from null to 0155c29a-c486-4ab3-a60c-46cc4bf5ae0a at term 1 for becomeLeader, leader elected after 5227ms
2022-07-21 18:24:44,686 [0155c29a-c486-4ab3-a60c-46cc4bf5ae0a@group-9B8E17B1DDDE-LeaderElection11] INFO  server.RaftServerConfigKeys (ConfUtils.java:logGet(46)) - raft.server.staging.catchup.gap = 1000 (default)
2022-07-21 18:24:44,687 [0155c29a-c486-4ab3-a60c-46cc4bf5ae0a@group-9B8E17B1DDDE-LeaderElection11] INFO  server.RaftServerConfigKeys (ConfUtils.java:logGet(46)) - raft.server.write.element-limit = 1024 (custom)
2022-07-21 18:24:44,687 [0155c29a-c486-4ab3-a60c-46cc4bf5ae0a@group-9B8E17B1DDDE-LeaderElection11] INFO  server.RaftServerConfigKeys (ConfUtils.java:logGet(46)) - raft.server.write.byte-limit = 1024 M (=1073741824) (custom)
2022-07-21 18:24:44,687 [0155c29a-c486-4ab3-a60c-46cc4bf5ae0a@group-9B8E17B1DDDE-LeaderElection11] INFO  server.RaftServerConfigKeys (ConfUtils.java:logGet(46)) - raft.server.watch.timeout = 180s (custom)
2022-07-21 18:24:44,687 [0155c29a-c486-4ab3-a60c-46cc4bf5ae0a@group-9B8E17B1DDDE-LeaderElection11] INFO  server.RaftServerConfigKeys (ConfUtils.java:logGet(46)) - raft.server.watch.timeout.denomination = 1s (default)
2022-07-21 18:24:44,687 [0155c29a-c486-4ab3-a60c-46cc4bf5ae0a@group-9B8E17B1DDDE-LeaderElection11] INFO  server.RaftServerConfigKeys (ConfUtils.java:logGet(46)) - raft.server.watch.element-limit = 65536 (default)
2022-07-21 18:24:44,687 [0155c29a-c486-4ab3-a60c-46cc4bf5ae0a@group-9B8E17B1DDDE-LeaderElection11] INFO  server.RaftServerConfigKeys (ConfUtils.java:logGet(46)) - raft.server.write.element-limit = 1024 (custom)
2022-07-21 18:24:44,687 [0155c29a-c486-4ab3-a60c-46cc4bf5ae0a@group-9B8E17B1DDDE-LeaderElection11] INFO  server.RaftServerConfigKeys (ConfUtils.java:logGet(46)) - raft.server.write.follower.gap.ratio.max = -1.0 (default)
2022-07-21 18:24:44,687 [0155c29a-c486-4ab3-a60c-46cc4bf5ae0a@group-9B8E17B1DDDE-LeaderElection11] INFO  impl.RoleInfo (RoleInfo.java:updateAndGet(139)) - 0155c29a-c486-4ab3-a60c-46cc4bf5ae0a: start 0155c29a-c486-4ab3-a60c-46cc4bf5ae0a@group-9B8E17B1DDDE-LeaderStateImpl
2022-07-21 18:24:44,688 [0155c29a-c486-4ab3-a60c-46cc4bf5ae0a@group-9B8E17B1DDDE-LeaderElection11] INFO  segmented.SegmentedRaftLogWorker (SegmentedRaftLogWorker.java:startLogSegment(425)) - 0155c29a-c486-4ab3-a60c-46cc4bf5ae0a@group-9B8E17B1DDDE-SegmentedRaftLogWorker: Starting segment from index:0
2022-07-21 18:24:44,690 [EventQueue-OpenPipelineForHealthyPipelineSafeModeRule] INFO  safemode.SCMSafeModeManager (HealthyPipelineSafeModeRule.java:process(137)) - SCM in safe mode. Healthy pipelines reported count is 1, required healthy pipeline reported count is 1
2022-07-21 18:24:44,690 [EventQueue-OpenPipelineForHealthyPipelineSafeModeRule] INFO  safemode.SCMSafeModeManager (SCMSafeModeManager.java:validateSafeModeExitRules(204)) - HealthyPipelineSafeModeRule rule is successfully validated
2022-07-21 18:24:44,690 [EventQueue-OpenPipelineForHealthyPipelineSafeModeRule] INFO  safemode.SCMSafeModeManager (SCMSafeModeManager.java:validateSafeModeExitRules(219)) - ScmSafeModeManager, all rules are successfully validated
2022-07-21 18:24:44,690 [EventQueue-OpenPipelineForHealthyPipelineSafeModeRule] INFO  safemode.SCMSafeModeManager (SCMSafeModeManager.java:exitSafeMode(248)) - SCM exiting safe mode.
2022-07-21 18:24:44,691 [EventQueue-OpenPipelineForHealthyPipelineSafeModeRule] WARN  events.EventQueue (EventQueue.java:fireEvent(216)) - No event handler registered for event TypedEvent{payloadType=SafeModeStatus, name='Safe mode status'}
2022-07-21 18:24:44,691 [EventQueue-OpenPipelineForHealthyPipelineSafeModeRule] INFO  ha.SCMContext (SCMContext.java:updateSafeModeStatus(228)) - Update SafeModeStatus from SafeModeStatus{safeModeStatus=true, preCheckPassed=true} to SafeModeStatus{safeModeStatus=false, preCheckPassed=true}.
2022-07-21 18:24:44,695 [0155c29a-c486-4ab3-a60c-46cc4bf5ae0a@group-9B8E17B1DDDE-LeaderElection11] INFO  server.RaftServer$Division (ServerState.java:setRaftConf(393)) - 0155c29a-c486-4ab3-a60c-46cc4bf5ae0a@group-9B8E17B1DDDE: set configuration 0: [0155c29a-c486-4ab3-a60c-46cc4bf5ae0a|rpc:127.0.0.1:39157|dataStream:|priority:1], old=null
2022-07-21 18:24:44,696 [0155c29a-c486-4ab3-a60c-46cc4bf5ae0a@group-9B8E17B1DDDE-SegmentedRaftLogWorker] INFO  segmented.SegmentedRaftLogWorker (SegmentedRaftLogWorker.java:execute(629)) - 0155c29a-c486-4ab3-a60c-46cc4bf5ae0a@group-9B8E17B1DDDE-SegmentedRaftLogWorker: created new log segment /home/runner/work/ozone/ozone/hadoop-ozone/integration-test/target/test-dir/MiniOzoneClusterImpl-c56c5c68-8a55-4647-89a4-dc8bb834fa26/datanode-1/data/ratis/09d2265f-4958-4c23-87ac-9b8e17b1ddde/current/log_inprogress_0
2022-07-21 18:24:44,696 [EventQueue-OpenPipelineForHealthyPipelineSafeModeRule] INFO  safemode.SCMSafeModeManager (HealthyPipelineSafeModeRule.java:process(137)) - SCM in safe mode. Healthy pipelines reported count is 1, required healthy pipeline reported count is 1
2022-07-21 18:24:44,696 [EventQueue-OpenPipelineForHealthyPipelineSafeModeRule] INFO  safemode.SCMSafeModeManager (SCMSafeModeManager.java:validateSafeModeExitRules(204)) - HealthyPipelineSafeModeRule rule is successfully validated
2022-07-21 18:24:44,696 [EventQueue-OpenPipelineForHealthyPipelineSafeModeRule] INFO  safemode.SCMSafeModeManager (SCMSafeModeManager.java:validateSafeModeExitRules(219)) - ScmSafeModeManager, all rules are successfully validated
2022-07-21 18:24:44,696 [EventQueue-OpenPipelineForHealthyPipelineSafeModeRule] INFO  safemode.SCMSafeModeManager (SCMSafeModeManager.java:exitSafeMode(248)) - SCM exiting safe mode.
2022-07-21 18:24:44,697 [EventQueue-OpenPipelineForHealthyPipelineSafeModeRule] WARN  events.EventQueue (EventQueue.java:fireEvent(216)) - No event handler registered for event TypedEvent{payloadType=SafeModeStatus, name='Safe mode status'}
2022-07-21 18:24:44,697 [EventQueue-OpenPipelineForHealthyPipelineSafeModeRule] INFO  ha.SCMContext (SCMContext.java:updateSafeModeStatus(228)) - Update SafeModeStatus from SafeModeStatus{safeModeStatus=true, preCheckPassed=true} to SafeModeStatus{safeModeStatus=false, preCheckPassed=true}.
2022-07-21 18:24:44,970 [Listener at 127.0.0.1/34741] INFO  ozone.MiniOzoneClusterImpl (MiniOzoneClusterImpl.java:lambda$waitForClusterToBeReady$0(216)) - Nodes are ready. Got 3 of 3 DN Heartbeats.
2022-07-21 18:24:44,970 [Listener at 127.0.0.1/34741] INFO  ozone.MiniOzoneClusterImpl (MiniOzoneClusterImpl.java:lambda$waitForClusterToBeReady$0(219)) - Cluster exits safe mode
2022-07-21 18:24:44,970 [Listener at 127.0.0.1/34741] INFO  ozone.MiniOzoneClusterImpl (MiniOzoneClusterImpl.java:lambda$waitForClusterToBeReady$0(221)) - SCM became leader
2022-07-21 18:24:45,037 [e726e41b-5eae-4257-b10a-91e952b7f2e4@group-63590B95B53D-FollowerState] INFO  impl.FollowerState (FollowerState.java:run(143)) - e726e41b-5eae-4257-b10a-91e952b7f2e4@group-63590B95B53D-FollowerState: change to CANDIDATE, lastRpcElapsedTime:5049923530ns, electionTimeout:5049ms
2022-07-21 18:24:45,037 [e726e41b-5eae-4257-b10a-91e952b7f2e4@group-63590B95B53D-FollowerState] INFO  impl.RoleInfo (RoleInfo.java:shutdownFollowerState(110)) - e726e41b-5eae-4257-b10a-91e952b7f2e4: shutdown e726e41b-5eae-4257-b10a-91e952b7f2e4@group-63590B95B53D-FollowerState
2022-07-21 18:24:45,037 [e726e41b-5eae-4257-b10a-91e952b7f2e4@group-63590B95B53D-FollowerState] INFO  server.RaftServer$Division (RaftServerImpl.java:setRole(299)) - e726e41b-5eae-4257-b10a-91e952b7f2e4@group-63590B95B53D: changes role from  FOLLOWER to CANDIDATE at term 0 for changeToCandidate
2022-07-21 18:24:45,037 [e726e41b-5eae-4257-b10a-91e952b7f2e4@group-63590B95B53D-FollowerState] INFO  server.RaftServerConfigKeys (ConfUtils.java:logGet(46)) - raft.server.leaderelection.pre-vote = false (custom)
2022-07-21 18:24:45,038 [e726e41b-5eae-4257-b10a-91e952b7f2e4@group-63590B95B53D-FollowerState] INFO  impl.RoleInfo (RoleInfo.java:updateAndGet(139)) - e726e41b-5eae-4257-b10a-91e952b7f2e4: start e726e41b-5eae-4257-b10a-91e952b7f2e4@group-63590B95B53D-LeaderElection12
2022-07-21 18:24:45,075 [e726e41b-5eae-4257-b10a-91e952b7f2e4@group-63590B95B53D-LeaderElection12] INFO  impl.LeaderElection (LeaderElection.java:askForVotes(310)) - e726e41b-5eae-4257-b10a-91e952b7f2e4@group-63590B95B53D-LeaderElection12 ELECTION round 0: submit vote requests at term 1 for -1: [e726e41b-5eae-4257-b10a-91e952b7f2e4|rpc:127.0.0.1:33341|priority:1], old=null
2022-07-21 18:24:45,075 [e726e41b-5eae-4257-b10a-91e952b7f2e4@group-63590B95B53D-LeaderElection12] INFO  impl.LeaderElection (LeaderElection.java:askForVotes(312)) - e726e41b-5eae-4257-b10a-91e952b7f2e4@group-63590B95B53D-LeaderElection12 ELECTION round 0: result PASSED (term=1)
2022-07-21 18:24:45,075 [e726e41b-5eae-4257-b10a-91e952b7f2e4@group-63590B95B53D-LeaderElection12] INFO  impl.RoleInfo (RoleInfo.java:shutdownLeaderElection(130)) - e726e41b-5eae-4257-b10a-91e952b7f2e4: shutdown e726e41b-5eae-4257-b10a-91e952b7f2e4@group-63590B95B53D-LeaderElection12
2022-07-21 18:24:45,076 [e726e41b-5eae-4257-b10a-91e952b7f2e4@group-63590B95B53D-LeaderElection12] INFO  server.RaftServer$Division (RaftServerImpl.java:setRole(299)) - e726e41b-5eae-4257-b10a-91e952b7f2e4@group-63590B95B53D: changes role from CANDIDATE to LEADER at term 1 for changeToLeader
2022-07-21 18:24:45,076 [e726e41b-5eae-4257-b10a-91e952b7f2e4@group-63590B95B53D-LeaderElection12] INFO  ratis.XceiverServerRatis (XceiverServerRatis.java:handleLeaderChangedNotification(863)) - Leader change notification received for group: group-63590B95B53D with new leaderId: e726e41b-5eae-4257-b10a-91e952b7f2e4
2022-07-21 18:24:45,076 [e726e41b-5eae-4257-b10a-91e952b7f2e4@group-63590B95B53D-LeaderElection12] INFO  server.RaftServer$Division (ServerState.java:setLeader(287)) - e726e41b-5eae-4257-b10a-91e952b7f2e4@group-63590B95B53D: change Leader from null to e726e41b-5eae-4257-b10a-91e952b7f2e4 at term 1 for becomeLeader, leader elected after 5106ms
2022-07-21 18:24:45,076 [e726e41b-5eae-4257-b10a-91e952b7f2e4@group-63590B95B53D-LeaderElection12] INFO  server.RaftServerConfigKeys (ConfUtils.java:logGet(46)) - raft.server.staging.catchup.gap = 1000 (default)
2022-07-21 18:24:45,076 [e726e41b-5eae-4257-b10a-91e952b7f2e4@group-63590B95B53D-LeaderElection12] INFO  server.RaftServerConfigKeys (ConfUtils.java:logGet(46)) - raft.server.write.element-limit = 1024 (custom)
2022-07-21 18:24:45,076 [e726e41b-5eae-4257-b10a-91e952b7f2e4@group-63590B95B53D-LeaderElection12] INFO  server.RaftServerConfigKeys (ConfUtils.java:logGet(46)) - raft.server.write.byte-limit = 1024 M (=1073741824) (custom)
2022-07-21 18:24:45,077 [e726e41b-5eae-4257-b10a-91e952b7f2e4@group-63590B95B53D-LeaderElection12] INFO  server.RaftServerConfigKeys (ConfUtils.java:logGet(46)) - raft.server.watch.timeout = 180s (custom)
2022-07-21 18:24:45,077 [e726e41b-5eae-4257-b10a-91e952b7f2e4@group-63590B95B53D-LeaderElection12] INFO  server.RaftServerConfigKeys (ConfUtils.java:logGet(46)) - raft.server.watch.timeout.denomination = 1s (default)
2022-07-21 18:24:45,077 [e726e41b-5eae-4257-b10a-91e952b7f2e4@group-63590B95B53D-LeaderElection12] INFO  server.RaftServerConfigKeys (ConfUtils.java:logGet(46)) - raft.server.watch.element-limit = 65536 (default)
2022-07-21 18:24:45,077 [e726e41b-5eae-4257-b10a-91e952b7f2e4@group-63590B95B53D-LeaderElection12] INFO  server.RaftServerConfigKeys (ConfUtils.java:logGet(46)) - raft.server.write.element-limit = 1024 (custom)
2022-07-21 18:24:45,077 [e726e41b-5eae-4257-b10a-91e952b7f2e4@group-63590B95B53D-LeaderElection12] INFO  server.RaftServerConfigKeys (ConfUtils.java:logGet(46)) - raft.server.write.follower.gap.ratio.max = -1.0 (default)
2022-07-21 18:24:45,077 [e726e41b-5eae-4257-b10a-91e952b7f2e4@group-63590B95B53D-LeaderElection12] INFO  impl.RoleInfo (RoleInfo.java:updateAndGet(139)) - e726e41b-5eae-4257-b10a-91e952b7f2e4: start e726e41b-5eae-4257-b10a-91e952b7f2e4@group-63590B95B53D-LeaderStateImpl
2022-07-21 18:24:45,077 [e726e41b-5eae-4257-b10a-91e952b7f2e4@group-63590B95B53D-LeaderElection12] INFO  segmented.SegmentedRaftLogWorker (SegmentedRaftLogWorker.java:startLogSegment(425)) - e726e41b-5eae-4257-b10a-91e952b7f2e4@group-63590B95B53D-SegmentedRaftLogWorker: Starting segment from index:0
2022-07-21 18:24:45,082 [e726e41b-5eae-4257-b10a-91e952b7f2e4@group-63590B95B53D-SegmentedRaftLogWorker] INFO  segmented.SegmentedRaftLogWorker (SegmentedRaftLogWorker.java:execute(629)) - e726e41b-5eae-4257-b10a-91e952b7f2e4@group-63590B95B53D-SegmentedRaftLogWorker: created new log segment /home/runner/work/ozone/ozone/hadoop-ozone/integration-test/target/test-dir/MiniOzoneClusterImpl-c56c5c68-8a55-4647-89a4-dc8bb834fa26/datanode-2/data/ratis/2ef7edf0-900e-4989-8271-63590b95b53d/current/log_inprogress_0
2022-07-21 18:24:45,087 [e726e41b-5eae-4257-b10a-91e952b7f2e4@group-63590B95B53D-LeaderElection12] INFO  server.RaftServer$Division (ServerState.java:setRaftConf(393)) - e726e41b-5eae-4257-b10a-91e952b7f2e4@group-63590B95B53D: set configuration 0: [e726e41b-5eae-4257-b10a-91e952b7f2e4|rpc:127.0.0.1:33341|dataStream:|priority:1], old=null
2022-07-21 18:24:45,442 [IPC Server handler 1 on default port 43637] INFO  ha.SCMNodeInfo (SCMNodeInfo.java:getPort(197)) - ConfigKey ozone.scm.client.address is deprecated, For configuring different ports for each SCM use PortConfigKey ozone.scm.client.port appended with serviceId and nodeId
2022-07-21 18:24:45,442 [IPC Server handler 1 on default port 43637] INFO  ha.SCMNodeInfo (SCMNodeInfo.java:getPort(197)) - ConfigKey ozone.scm.block.client.address is deprecated, For configuring different ports for each SCM use PortConfigKey ozone.scm.block.client.port appended with serviceId and nodeId
2022-07-21 18:24:45,442 [IPC Server handler 1 on default port 43637] INFO  ha.SCMNodeInfo (SCMNodeInfo.java:getPort(197)) - ConfigKey ozone.scm.datanode.address is deprecated, For configuring different ports for each SCM use PortConfigKey ozone.scm.datanode.port appended with serviceId and nodeId
2022-07-21 18:24:45,442 [IPC Server handler 1 on default port 43637] INFO  ha.SCMNodeInfo (SCMNodeInfo.java:getPort(197)) - ConfigKey ozone.scm.client.address is deprecated, For configuring different ports for each SCM use PortConfigKey ozone.scm.client.port appended with serviceId and nodeId
2022-07-21 18:24:45,442 [IPC Server handler 1 on default port 43637] INFO  ha.SCMNodeInfo (SCMNodeInfo.java:getPort(197)) - ConfigKey ozone.scm.block.client.address is deprecated, For configuring different ports for each SCM use PortConfigKey ozone.scm.block.client.port appended with serviceId and nodeId
2022-07-21 18:24:45,442 [IPC Server handler 1 on default port 43637] INFO  ha.SCMNodeInfo (SCMNodeInfo.java:getPort(197)) - ConfigKey ozone.scm.datanode.address is deprecated, For configuring different ports for each SCM use PortConfigKey ozone.scm.datanode.port appended with serviceId and nodeId
2022-07-21 18:24:45,442 [IPC Server handler 1 on default port 43637] INFO  ha.SCMNodeInfo (SCMNodeInfo.java:getPort(197)) - ConfigKey ozone.scm.client.address is deprecated, For configuring different ports for each SCM use PortConfigKey ozone.scm.client.port appended with serviceId and nodeId
2022-07-21 18:24:45,442 [IPC Server handler 1 on default port 43637] INFO  ha.SCMNodeInfo (SCMNodeInfo.java:getPort(197)) - ConfigKey ozone.scm.block.client.address is deprecated, For configuring different ports for each SCM use PortConfigKey ozone.scm.block.client.port appended with serviceId and nodeId
2022-07-21 18:24:45,442 [IPC Server handler 1 on default port 43637] INFO  ha.SCMNodeInfo (SCMNodeInfo.java:getPort(197)) - ConfigKey ozone.scm.datanode.address is deprecated, For configuring different ports for each SCM use PortConfigKey ozone.scm.datanode.port appended with serviceId and nodeId
2022-07-21 18:24:45,455 [Listener at 127.0.0.1/34741] INFO  rpc.RpcClient (RpcClient.java:createVolume(467)) - Creating Volume: 90b305f0-5a39-4abf-8782-472e4a0eec4d, with runner as owner and space quota set to -1 bytes, counts quota set to -1
2022-07-21 18:24:45,516 [OM StateMachine ApplyTransaction Thread - 0] INFO  volume.OMVolumeCreateRequest (OMVolumeCreateRequest.java:validateAndUpdateCache(195)) - created volume:90b305f0-5a39-4abf-8782-472e4a0eec4d for user:runner
2022-07-21 18:24:45,517 [OM StateMachine ApplyTransaction Thread - 0] INFO  volume.OMVolumeCreateRequest (OMVolumeCreateRequest.java:validateAndUpdateCache(195)) - created volume:90b305f0-5a39-4abf-8782-472e4a0eec4d for user:runner
2022-07-21 18:24:45,526 [OM StateMachine ApplyTransaction Thread - 0] INFO  volume.OMVolumeCreateRequest (OMVolumeCreateRequest.java:validateAndUpdateCache(195)) - created volume:90b305f0-5a39-4abf-8782-472e4a0eec4d for user:runner
2022-07-21 18:24:45,555 [Listener at 127.0.0.1/34741] INFO  rpc.RpcClient (RpcClient.java:createBucket(670)) - Creating Bucket: 90b305f0-5a39-4abf-8782-472e4a0eec4d/d58def76-d568-4a27-98e5-239d84dd48bc, with server-side default bucket layout, runner as owner, Versioning false, Storage Type set to DISK and Encryption set to false 
2022-07-21 18:24:45,584 [OM StateMachine ApplyTransaction Thread - 0] INFO  bucket.OMBucketCreateRequest (OMBucketCreateRequest.java:validateAndUpdateCache(260)) - created bucket: d58def76-d568-4a27-98e5-239d84dd48bc of layout LEGACY in volume: 90b305f0-5a39-4abf-8782-472e4a0eec4d
2022-07-21 18:24:45,586 [Listener at 127.0.0.1/34741] INFO  ozone.MiniOzoneHAClusterImpl (MiniOzoneHAClusterImpl.java:stop(312)) - Stopping the OzoneManager omNode-3
2022-07-21 18:24:45,586 [Listener at 127.0.0.1/34741] INFO  om.OzoneManager (OzoneManager.java:stop(2022)) - omNode-3[localhost:34741]: Stopping Ozone Manager
2022-07-21 18:24:45,586 [Listener at 127.0.0.1/34741] INFO  ipc.Server (Server.java:stop(3414)) - Stopping server on 34741
2022-07-21 18:24:45,593 [IPC Server listener on 34741] INFO  ipc.Server (Server.java:run(1376)) - Stopping IPC Server listener on 34741
2022-07-21 18:24:45,593 [IPC Server Responder] INFO  ipc.Server (Server.java:run(1512)) - Stopping IPC Server Responder
2022-07-21 18:24:45,594 [Listener at 127.0.0.1/34741] INFO  server.RaftServer (RaftServerProxy.java:lambda$close$7(398)) - omNode-3: close
2022-07-21 18:24:45,594 [Listener at 127.0.0.1/34741] INFO  server.RaftServer$Division (RaftServerImpl.java:lambda$close$4(434)) - omNode-3@group-6C22E66A003A: shutdown
2022-07-21 18:24:45,594 [Listener at 127.0.0.1/34741] INFO  util.JmxRegister (JmxRegister.java:unregister(73)) - Successfully un-registered JMX Bean with object name Ratis:service=RaftServer,group=group-6C22E66A003A,id=omNode-3
2022-07-21 18:24:45,594 [Listener at 127.0.0.1/34741] INFO  impl.RoleInfo (RoleInfo.java:shutdownFollowerState(110)) - omNode-3: shutdown omNode-3@group-6C22E66A003A-FollowerState
2022-07-21 18:24:45,594 [Listener at 127.0.0.1/34741] INFO  impl.StateMachineUpdater (StateMachineUpdater.java:stopAndJoin(153)) - omNode-3@group-6C22E66A003A-StateMachineUpdater: set stopIndex = 4
2022-07-21 18:24:45,594 [omNode-3@group-6C22E66A003A-FollowerState] INFO  impl.FollowerState (FollowerState.java:run(152)) - omNode-3@group-6C22E66A003A-FollowerState was interrupted
2022-07-21 18:24:45,594 [OM StateMachine ApplyTransaction Thread - 0] INFO  bucket.OMBucketCreateRequest (OMBucketCreateRequest.java:validateAndUpdateCache(260)) - created bucket: d58def76-d568-4a27-98e5-239d84dd48bc of layout LEGACY in volume: 90b305f0-5a39-4abf-8782-472e4a0eec4d
2022-07-21 18:24:45,598 [omNode-3@group-6C22E66A003A-StateMachineUpdater] INFO  ratis.OzoneManagerStateMachine (OzoneManagerStateMachine.java:takeSnapshot(441)) - Current Snapshot Index (t:4, i:4)
2022-07-21 18:24:45,599 [omNode-3@group-6C22E66A003A-StateMachineUpdater] INFO  impl.StateMachineUpdater (StateMachineUpdater.java:takeSnapshot(287)) - omNode-3@group-6C22E66A003A-StateMachineUpdater: Took a snapshot at index 4
2022-07-21 18:24:45,599 [omNode-3@group-6C22E66A003A-StateMachineUpdater] INFO  impl.StateMachineUpdater (StateMachineUpdater.java:lambda$new$0(92)) - omNode-3@group-6C22E66A003A-StateMachineUpdater: snapshotIndex: updateIncreasingly -1 -> 4
2022-07-21 18:24:45,599 [omNode-3@group-6C22E66A003A-StateMachineUpdater] INFO  ratis.OzoneManagerStateMachine (OzoneManagerStateMachine.java:close(495)) - StateMachine has shutdown. Shutdown OzoneManager if not already shutdown.
2022-07-21 18:24:45,599 [omNode-3@group-6C22E66A003A-StateMachineUpdater] INFO  ratis.OzoneManagerDoubleBuffer (OzoneManagerDoubleBuffer.java:stop(465)) - Stopping OMDoubleBuffer flush thread
2022-07-21 18:24:45,599 [OMDoubleBufferFlushThread] INFO  ratis.OzoneManagerDoubleBuffer (OzoneManagerDoubleBuffer.java:flushTransactions(385)) - OMDoubleBuffer flush thread OMDoubleBufferFlushThread is interrupted and will exit.
2022-07-21 18:24:45,606 [Listener at 127.0.0.1/34741] INFO  server.RaftServer$Division (ServerState.java:close(429)) - omNode-3@group-6C22E66A003A: closes. applyIndex: 4
2022-07-21 18:24:45,607 [omNode-3@group-6C22E66A003A-SegmentedRaftLogWorker] INFO  segmented.SegmentedRaftLogWorker (SegmentedRaftLogWorker.java:run(336)) - omNode-3@group-6C22E66A003A-SegmentedRaftLogWorker was interrupted, exiting. There are 0 tasks remaining in the queue.
2022-07-21 18:24:45,611 [Listener at 127.0.0.1/34741] INFO  segmented.SegmentedRaftLogWorker (SegmentedRaftLogWorker.java:close(246)) - omNode-3@group-6C22E66A003A-SegmentedRaftLogWorker close()
2022-07-21 18:24:45,613 [Listener at 127.0.0.1/34741] INFO  server.GrpcService (GrpcService.java:closeImpl(269)) - omNode-3: shutdown server with port 44469 now
2022-07-21 18:24:45,620 [grpc-default-executor-1] WARN  server.GrpcServerProtocolService (LogUtils.java:warn(122)) - omNode-3: installSnapshot onError, lastRequest: omNode-2->omNode-3#90-t4,previous=(t:4, i:5),leaderCommit=5,initializing? true,entries: size=1, first=(t:4, i:6), METADATAENTRY(c:5): org.apache.ratis.thirdparty.io.grpc.StatusRuntimeException: CANCELLED: client cancelled
2022-07-21 18:24:45,623 [grpc-default-executor-1] WARN  server.GrpcLogAppender (LogUtils.java:warn(122)) - omNode-2@group-6C22E66A003A->omNode-3-AppendLogResponseHandler: Failed appendEntries: org.apache.ratis.thirdparty.io.grpc.StatusRuntimeException: CANCELLED: RST_STREAM closed stream. HTTP/2 error code: CANCEL
2022-07-21 18:24:45,623 [grpc-default-executor-1] INFO  leader.FollowerInfo (FollowerInfoImpl.java:lambda$new$0(48)) - omNode-2@group-6C22E66A003A->omNode-3: nextIndex: updateUnconditionally 7 -> 6
2022-07-21 18:24:45,624 [Listener at 127.0.0.1/34741] INFO  server.GrpcService (GrpcService.java:closeImpl(278)) - omNode-3: shutdown server with port 44469 successfully
2022-07-21 18:24:45,627 [org.apache.ratis.util.JvmPauseMonitor$$Lambda$519/1846153014@7e0ba4a6] INFO  util.JvmPauseMonitor (JvmPauseMonitor.java:run(109)) - JvmPauseMonitor-omNode-3: Stopped
2022-07-21 18:24:45,628 [Listener at 127.0.0.1/34741] INFO  ratis.OzoneManagerStateMachine (OzoneManagerStateMachine.java:close(495)) - StateMachine has shutdown. Shutdown OzoneManager if not already shutdown.
2022-07-21 18:24:45,628 [Listener at 127.0.0.1/34741] INFO  ratis.OzoneManagerDoubleBuffer (OzoneManagerDoubleBuffer.java:stop(477)) - OMDoubleBuffer flush thread is not running.
2022-07-21 18:24:45,628 [Listener at 127.0.0.1/34741] INFO  utils.BackgroundService (BackgroundService.java:shutdown(141)) - Shutting down service KeyDeletingService
2022-07-21 18:24:45,628 [Listener at 127.0.0.1/34741] INFO  utils.BackgroundService (BackgroundService.java:shutdown(141)) - Shutting down service DirectoryDeletingService
2022-07-21 18:24:45,628 [Listener at 127.0.0.1/34741] INFO  utils.BackgroundService (BackgroundService.java:shutdown(141)) - Shutting down service OpenKeyCleanupService
2022-07-21 18:24:45,630 [Listener at 127.0.0.1/34741] INFO  handler.ContextHandler (ContextHandler.java:doStop(1153)) - Stopped o.e.j.w.WebAppContext@1483be5c{ozoneManager,/,null,STOPPED}{file:/home/runner/work/ozone/ozone/hadoop-ozone/integration-test/target/test-classes/webapps/ozoneManager}
2022-07-21 18:24:45,637 [grpc-default-executor-0] WARN  server.GrpcLogAppender (LogUtils.java:warn(122)) - omNode-2@group-6C22E66A003A->omNode-3-AppendLogResponseHandler: Failed appendEntries: org.apache.ratis.thirdparty.io.grpc.StatusRuntimeException: UNAVAILABLE: io exception
2022-07-21 18:24:45,637 [grpc-default-executor-0] INFO  leader.FollowerInfo (FollowerInfoImpl.java:lambda$new$0(48)) - omNode-2@group-6C22E66A003A->omNode-3: nextIndex: updateUnconditionally 7 -> 6
2022-07-21 18:24:45,641 [Listener at 127.0.0.1/34741] INFO  server.AbstractConnector (AbstractConnector.java:doStop(381)) - Stopped ServerConnector@50220a9{HTTP/1.1, (http/1.1)}{0.0.0.0:33403}
2022-07-21 18:24:45,642 [Listener at 127.0.0.1/34741] INFO  server.session (HouseKeeper.java:stopScavenging(149)) - node0 Stopped scavenging
2022-07-21 18:24:45,642 [Listener at 127.0.0.1/34741] INFO  handler.ContextHandler (ContextHandler.java:doStop(1153)) - Stopped o.e.j.s.ServletContextHandler@c4c8bc1{static,/static,file:///home/runner/work/ozone/ozone/hadoop-ozone/integration-test/target/test-classes/webapps/static,STOPPED}
2022-07-21 18:24:45,642 [Listener at 127.0.0.1/34741] INFO  handler.ContextHandler (ContextHandler.java:doStop(1153)) - Stopped o.e.j.s.ServletContextHandler@703d489e{logs,/logs,file:///home/runner/work/ozone/ozone/hadoop-ozone/integration-test/target/log,STOPPED}
2022-07-21 18:24:45,644 [Listener at 127.0.0.1/34741] INFO  ozone.MiniOzoneHAClusterImpl (MiniOzoneHAClusterImpl.java:stop(312)) - Stopping the OzoneManager omNode-1
2022-07-21 18:24:45,644 [Listener at 127.0.0.1/34741] INFO  om.OzoneManager (OzoneManager.java:stop(2022)) - omNode-1[localhost:36277]: Stopping Ozone Manager
2022-07-21 18:24:45,645 [Listener at 127.0.0.1/34741] INFO  ipc.Server (Server.java:stop(3414)) - Stopping server on 36277
2022-07-21 18:24:45,647 [IPC Server listener on 36277] INFO  ipc.Server (Server.java:run(1376)) - Stopping IPC Server listener on 36277
2022-07-21 18:24:45,650 [IPC Server Responder] INFO  ipc.Server (Server.java:run(1512)) - Stopping IPC Server Responder
2022-07-21 18:24:45,650 [Listener at 127.0.0.1/34741] INFO  server.RaftServer (RaftServerProxy.java:lambda$close$7(398)) - omNode-1: close
2022-07-21 18:24:45,650 [Listener at 127.0.0.1/34741] INFO  server.RaftServer$Division (RaftServerImpl.java:lambda$close$4(434)) - omNode-1@group-6C22E66A003A: shutdown
2022-07-21 18:24:45,650 [Listener at 127.0.0.1/34741] INFO  util.JmxRegister (JmxRegister.java:unregister(73)) - Successfully un-registered JMX Bean with object name Ratis:service=RaftServer,group=group-6C22E66A003A,id=omNode-1
2022-07-21 18:24:45,650 [Listener at 127.0.0.1/34741] INFO  impl.RoleInfo (RoleInfo.java:shutdownFollowerState(110)) - omNode-1: shutdown omNode-1@group-6C22E66A003A-FollowerState
2022-07-21 18:24:45,650 [omNode-1@group-6C22E66A003A-FollowerState] INFO  impl.FollowerState (FollowerState.java:run(152)) - omNode-1@group-6C22E66A003A-FollowerState was interrupted
2022-07-21 18:24:45,651 [omNode-1@group-6C22E66A003A-StateMachineUpdater] INFO  ratis.OzoneManagerStateMachine (OzoneManagerStateMachine.java:takeSnapshot(441)) - Current Snapshot Index (t:4, i:5)
2022-07-21 18:24:45,651 [omNode-1@group-6C22E66A003A-StateMachineUpdater] INFO  impl.StateMachineUpdater (StateMachineUpdater.java:takeSnapshot(287)) - omNode-1@group-6C22E66A003A-StateMachineUpdater: Took a snapshot at index 5
2022-07-21 18:24:45,651 [omNode-1@group-6C22E66A003A-StateMachineUpdater] INFO  impl.StateMachineUpdater (StateMachineUpdater.java:lambda$new$0(92)) - omNode-1@group-6C22E66A003A-StateMachineUpdater: snapshotIndex: updateIncreasingly -1 -> 5
2022-07-21 18:24:45,651 [omNode-1@group-6C22E66A003A-StateMachineUpdater] INFO  ratis.OzoneManagerStateMachine (OzoneManagerStateMachine.java:close(495)) - StateMachine has shutdown. Shutdown OzoneManager if not already shutdown.
2022-07-21 18:24:45,651 [omNode-1@group-6C22E66A003A-StateMachineUpdater] INFO  ratis.OzoneManagerDoubleBuffer (OzoneManagerDoubleBuffer.java:stop(465)) - Stopping OMDoubleBuffer flush thread
2022-07-21 18:24:45,651 [OMDoubleBufferFlushThread] INFO  ratis.OzoneManagerDoubleBuffer (OzoneManagerDoubleBuffer.java:flushTransactions(385)) - OMDoubleBuffer flush thread OMDoubleBufferFlushThread is interrupted and will exit.
2022-07-21 18:24:45,652 [Listener at 127.0.0.1/34741] INFO  impl.StateMachineUpdater (StateMachineUpdater.java:stopAndJoin(153)) - omNode-1@group-6C22E66A003A-StateMachineUpdater: set stopIndex = 5
2022-07-21 18:24:45,653 [Listener at 127.0.0.1/34741] INFO  server.RaftServer$Division (ServerState.java:close(429)) - omNode-1@group-6C22E66A003A: closes. applyIndex: 5
2022-07-21 18:24:45,653 [omNode-1@group-6C22E66A003A-SegmentedRaftLogWorker] INFO  segmented.SegmentedRaftLogWorker (SegmentedRaftLogWorker.java:run(336)) - omNode-1@group-6C22E66A003A-SegmentedRaftLogWorker was interrupted, exiting. There are 0 tasks remaining in the queue.
2022-07-21 18:24:45,655 [Listener at 127.0.0.1/34741] INFO  segmented.SegmentedRaftLogWorker (SegmentedRaftLogWorker.java:close(246)) - omNode-1@group-6C22E66A003A-SegmentedRaftLogWorker close()
2022-07-21 18:24:45,657 [Listener at 127.0.0.1/34741] INFO  server.GrpcService (GrpcService.java:closeImpl(269)) - omNode-1: shutdown server with port 41041 now
2022-07-21 18:24:45,664 [grpc-default-executor-1] WARN  server.GrpcServerProtocolService (LogUtils.java:warn(122)) - omNode-1: installSnapshot onError, lastRequest: omNode-2->omNode-1#102-t4,previous=(t:4, i:5),leaderCommit=5,initializing? true,entries: size=1, first=(t:4, i:6), METADATAENTRY(c:5): org.apache.ratis.thirdparty.io.grpc.StatusRuntimeException: CANCELLED: client cancelled
2022-07-21 18:24:45,664 [grpc-default-executor-0] WARN  server.GrpcLogAppender (LogUtils.java:warn(122)) - omNode-2@group-6C22E66A003A->omNode-1-AppendLogResponseHandler: Failed appendEntries: org.apache.ratis.thirdparty.io.grpc.StatusRuntimeException: CANCELLED: RST_STREAM closed stream. HTTP/2 error code: CANCEL
2022-07-21 18:24:45,664 [grpc-default-executor-0] INFO  leader.FollowerInfo (FollowerInfoImpl.java:lambda$new$0(48)) - omNode-2@group-6C22E66A003A->omNode-1: nextIndex: updateUnconditionally 7 -> 6
2022-07-21 18:24:45,671 [Listener at 127.0.0.1/34741] INFO  server.GrpcService (GrpcService.java:closeImpl(278)) - omNode-1: shutdown server with port 41041 successfully
2022-07-21 18:24:45,671 [org.apache.ratis.util.JvmPauseMonitor$$Lambda$519/1846153014@7a4545e0] INFO  util.JvmPauseMonitor (JvmPauseMonitor.java:run(109)) - JvmPauseMonitor-omNode-1: Stopped
2022-07-21 18:24:45,672 [Listener at 127.0.0.1/34741] INFO  ratis.OzoneManagerStateMachine (OzoneManagerStateMachine.java:close(495)) - StateMachine has shutdown. Shutdown OzoneManager if not already shutdown.
2022-07-21 18:24:45,672 [Listener at 127.0.0.1/34741] INFO  ratis.OzoneManagerDoubleBuffer (OzoneManagerDoubleBuffer.java:stop(477)) - OMDoubleBuffer flush thread is not running.
2022-07-21 18:24:45,672 [Listener at 127.0.0.1/34741] INFO  utils.BackgroundService (BackgroundService.java:shutdown(141)) - Shutting down service KeyDeletingService
2022-07-21 18:24:45,672 [Listener at 127.0.0.1/34741] INFO  utils.BackgroundService (BackgroundService.java:shutdown(141)) - Shutting down service DirectoryDeletingService
2022-07-21 18:24:45,672 [Listener at 127.0.0.1/34741] INFO  utils.BackgroundService (BackgroundService.java:shutdown(141)) - Shutting down service OpenKeyCleanupService
2022-07-21 18:24:45,673 [Listener at 127.0.0.1/34741] INFO  handler.ContextHandler (ContextHandler.java:doStop(1153)) - Stopped o.e.j.w.WebAppContext@7108567f{ozoneManager,/,null,STOPPED}{file:/home/runner/work/ozone/ozone/hadoop-ozone/integration-test/target/test-classes/webapps/ozoneManager}
2022-07-21 18:24:45,674 [Listener at 127.0.0.1/34741] INFO  server.AbstractConnector (AbstractConnector.java:doStop(381)) - Stopped ServerConnector@195fc149{HTTP/1.1, (http/1.1)}{0.0.0.0:43443}
2022-07-21 18:24:45,674 [Listener at 127.0.0.1/34741] INFO  server.session (HouseKeeper.java:stopScavenging(149)) - node0 Stopped scavenging
2022-07-21 18:24:45,674 [Listener at 127.0.0.1/34741] INFO  handler.ContextHandler (ContextHandler.java:doStop(1153)) - Stopped o.e.j.s.ServletContextHandler@4346a0b6{static,/static,file:///home/runner/work/ozone/ozone/hadoop-ozone/integration-test/target/test-classes/webapps/static,STOPPED}
2022-07-21 18:24:45,674 [Listener at 127.0.0.1/34741] INFO  handler.ContextHandler (ContextHandler.java:doStop(1153)) - Stopped o.e.j.s.ServletContextHandler@730f0a6{logs,/logs,file:///home/runner/work/ozone/ozone/hadoop-ozone/integration-test/target/log,STOPPED}
2022-07-21 18:24:45,679 [Listener at 127.0.0.1/34741] INFO  ozone.MiniOzoneHAClusterImpl (MiniOzoneHAClusterImpl.java:stop(312)) - Stopping the OzoneManager omNode-2
2022-07-21 18:24:45,681 [Listener at 127.0.0.1/34741] INFO  om.OzoneManager (OzoneManager.java:stop(2022)) - omNode-2[localhost:43637]: Stopping Ozone Manager
2022-07-21 18:24:45,682 [Listener at 127.0.0.1/34741] INFO  ipc.Server (Server.java:stop(3414)) - Stopping server on 43637
2022-07-21 18:24:45,684 [grpc-default-executor-0] WARN  server.GrpcLogAppender (LogUtils.java:warn(122)) - omNode-2@group-6C22E66A003A->omNode-1-AppendLogResponseHandler: Failed appendEntries: org.apache.ratis.thirdparty.io.grpc.StatusRuntimeException: UNAVAILABLE: io exception
2022-07-21 18:24:45,684 [grpc-default-executor-0] INFO  leader.FollowerInfo (FollowerInfoImpl.java:lambda$new$0(48)) - omNode-2@group-6C22E66A003A->omNode-1: nextIndex: updateUnconditionally 7 -> 6
2022-07-21 18:24:45,689 [IPC Server listener on 43637] INFO  ipc.Server (Server.java:run(1376)) - Stopping IPC Server listener on 43637
2022-07-21 18:24:45,690 [IPC Server Responder] INFO  ipc.Server (Server.java:run(1512)) - Stopping IPC Server Responder
2022-07-21 18:24:45,691 [Listener at 127.0.0.1/34741] INFO  server.RaftServer (RaftServerProxy.java:lambda$close$7(398)) - omNode-2: close
2022-07-21 18:24:45,691 [Listener at 127.0.0.1/34741] INFO  server.RaftServer$Division (RaftServerImpl.java:lambda$close$4(434)) - omNode-2@group-6C22E66A003A: shutdown
2022-07-21 18:24:45,691 [Listener at 127.0.0.1/34741] INFO  util.JmxRegister (JmxRegister.java:unregister(73)) - Successfully un-registered JMX Bean with object name Ratis:service=RaftServer,group=group-6C22E66A003A,id=omNode-2
2022-07-21 18:24:45,691 [Listener at 127.0.0.1/34741] INFO  impl.RoleInfo (RoleInfo.java:shutdownLeaderState(93)) - omNode-2: shutdown omNode-2@group-6C22E66A003A-LeaderStateImpl
2022-07-21 18:24:45,691 [omNode-2@group-6C22E66A003A->omNode-3-GrpcLogAppender-LogAppenderDaemon] WARN  server.GrpcLogAppender (GrpcLogAppender.java:mayWait(171)) - omNode-2@group-6C22E66A003A->omNode-3-GrpcLogAppender: Wait interrupted by java.lang.InterruptedException
2022-07-21 18:24:45,691 [Listener at 127.0.0.1/34741] INFO  impl.PendingRequests (PendingRequests.java:sendNotLeaderResponses(282)) - omNode-2@group-6C22E66A003A-PendingRequests: sendNotLeaderResponses
2022-07-21 18:24:45,691 [omNode-2@group-6C22E66A003A->omNode-1-GrpcLogAppender-LogAppenderDaemon] WARN  server.GrpcLogAppender (GrpcLogAppender.java:mayWait(171)) - omNode-2@group-6C22E66A003A->omNode-1-GrpcLogAppender: Wait interrupted by java.lang.InterruptedException
2022-07-21 18:24:45,697 [Listener at 127.0.0.1/34741] INFO  impl.StateMachineUpdater (StateMachineUpdater.java:stopAndJoin(153)) - omNode-2@group-6C22E66A003A-StateMachineUpdater: set stopIndex = 6
2022-07-21 18:24:45,698 [omNode-2@group-6C22E66A003A-StateMachineUpdater] INFO  ratis.OzoneManagerStateMachine (OzoneManagerStateMachine.java:takeSnapshot(441)) - Current Snapshot Index (t:4, i:6)
2022-07-21 18:24:45,698 [omNode-2@group-6C22E66A003A-StateMachineUpdater] INFO  impl.StateMachineUpdater (StateMachineUpdater.java:takeSnapshot(287)) - omNode-2@group-6C22E66A003A-StateMachineUpdater: Took a snapshot at index 6
2022-07-21 18:24:45,698 [omNode-2@group-6C22E66A003A-StateMachineUpdater] INFO  impl.StateMachineUpdater (StateMachineUpdater.java:lambda$new$0(92)) - omNode-2@group-6C22E66A003A-StateMachineUpdater: snapshotIndex: updateIncreasingly -1 -> 6
2022-07-21 18:24:45,698 [omNode-2@group-6C22E66A003A-StateMachineUpdater] INFO  ratis.OzoneManagerStateMachine (OzoneManagerStateMachine.java:close(495)) - StateMachine has shutdown. Shutdown OzoneManager if not already shutdown.
2022-07-21 18:24:45,698 [omNode-2@group-6C22E66A003A-StateMachineUpdater] INFO  ratis.OzoneManagerDoubleBuffer (OzoneManagerDoubleBuffer.java:stop(465)) - Stopping OMDoubleBuffer flush thread
2022-07-21 18:24:45,698 [OMDoubleBufferFlushThread] INFO  ratis.OzoneManagerDoubleBuffer (OzoneManagerDoubleBuffer.java:flushTransactions(385)) - OMDoubleBuffer flush thread OMDoubleBufferFlushThread is interrupted and will exit.
2022-07-21 18:24:45,699 [Listener at 127.0.0.1/34741] INFO  server.RaftServer$Division (ServerState.java:close(429)) - omNode-2@group-6C22E66A003A: closes. applyIndex: 6
2022-07-21 18:24:45,700 [omNode-2@group-6C22E66A003A-SegmentedRaftLogWorker] INFO  segmented.SegmentedRaftLogWorker (SegmentedRaftLogWorker.java:run(336)) - omNode-2@group-6C22E66A003A-SegmentedRaftLogWorker was interrupted, exiting. There are 0 tasks remaining in the queue.
2022-07-21 18:24:45,701 [Listener at 127.0.0.1/34741] INFO  segmented.SegmentedRaftLogWorker (SegmentedRaftLogWorker.java:close(246)) - omNode-2@group-6C22E66A003A-SegmentedRaftLogWorker close()
2022-07-21 18:24:45,703 [Listener at 127.0.0.1/34741] INFO  server.GrpcService (GrpcService.java:closeImpl(269)) - omNode-2: shutdown server with port 36377 now
2022-07-21 18:24:45,706 [Listener at 127.0.0.1/34741] INFO  server.GrpcService (GrpcService.java:closeImpl(278)) - omNode-2: shutdown server with port 36377 successfully
2022-07-21 18:24:45,707 [org.apache.ratis.util.JvmPauseMonitor$$Lambda$519/1846153014@42f626b1] INFO  util.JvmPauseMonitor (JvmPauseMonitor.java:run(109)) - JvmPauseMonitor-omNode-2: Stopped
2022-07-21 18:24:45,707 [Listener at 127.0.0.1/34741] INFO  ratis.OzoneManagerStateMachine (OzoneManagerStateMachine.java:close(495)) - StateMachine has shutdown. Shutdown OzoneManager if not already shutdown.
2022-07-21 18:24:45,707 [Listener at 127.0.0.1/34741] INFO  ratis.OzoneManagerDoubleBuffer (OzoneManagerDoubleBuffer.java:stop(477)) - OMDoubleBuffer flush thread is not running.
2022-07-21 18:24:45,707 [Listener at 127.0.0.1/34741] INFO  utils.BackgroundService (BackgroundService.java:shutdown(141)) - Shutting down service KeyDeletingService
2022-07-21 18:24:45,707 [Listener at 127.0.0.1/34741] INFO  utils.BackgroundService (BackgroundService.java:shutdown(141)) - Shutting down service DirectoryDeletingService
2022-07-21 18:24:45,707 [Listener at 127.0.0.1/34741] INFO  utils.BackgroundService (BackgroundService.java:shutdown(141)) - Shutting down service OpenKeyCleanupService
2022-07-21 18:24:45,708 [Listener at 127.0.0.1/34741] INFO  handler.ContextHandler (ContextHandler.java:doStop(1153)) - Stopped o.e.j.w.WebAppContext@57c19cf9{ozoneManager,/,null,STOPPED}{file:/home/runner/work/ozone/ozone/hadoop-ozone/integration-test/target/test-classes/webapps/ozoneManager}
2022-07-21 18:24:45,709 [Listener at 127.0.0.1/34741] INFO  server.AbstractConnector (AbstractConnector.java:doStop(381)) - Stopped ServerConnector@289daea5{HTTP/1.1, (http/1.1)}{0.0.0.0:33703}
2022-07-21 18:24:45,709 [Listener at 127.0.0.1/34741] INFO  server.session (HouseKeeper.java:stopScavenging(149)) - node0 Stopped scavenging
2022-07-21 18:24:45,709 [Listener at 127.0.0.1/34741] INFO  handler.ContextHandler (ContextHandler.java:doStop(1153)) - Stopped o.e.j.s.ServletContextHandler@41f02e86{static,/static,file:///home/runner/work/ozone/ozone/hadoop-ozone/integration-test/target/test-classes/webapps/static,STOPPED}
2022-07-21 18:24:45,709 [Listener at 127.0.0.1/34741] INFO  handler.ContextHandler (ContextHandler.java:doStop(1153)) - Stopped o.e.j.s.ServletContextHandler@7fcd3bf3{logs,/logs,file:///home/runner/work/ozone/ozone/hadoop-ozone/integration-test/target/log,STOPPED}
2022-07-21 18:24:45,711 [Listener at 127.0.0.1/34741] INFO  ozone.MiniOzoneHAClusterImpl (MiniOzoneHAClusterImpl.java:stop(320)) - Stopping the StorageContainerManager a989fbd8-2b6d-434f-a2fe-f7a7e8b88707
2022-07-21 18:24:45,711 [Listener at 127.0.0.1/34741] INFO  server.StorageContainerManager (StorageContainerManager.java:stop(1544)) - Container Balancer is not running.
2022-07-21 18:24:45,711 [Listener at 127.0.0.1/34741] INFO  server.StorageContainerManager (StorageContainerManager.java:stop(1551)) - Stopping Replication Manager Service.
2022-07-21 18:24:45,711 [Listener at 127.0.0.1/34741] INFO  replication.ReplicationManager (ReplicationManager.java:stop(233)) - Stopping Replication Monitor Thread.
2022-07-21 18:24:45,711 [Listener at 127.0.0.1/34741] INFO  server.StorageContainerManager (StorageContainerManager.java:stop(1558)) - Stopping the Datanode Admin Monitor.
2022-07-21 18:24:45,711 [ReplicationMonitor] INFO  replication.ReplicationManager (ReplicationManager.java:run(466)) - Replication Monitor Thread is stopped
2022-07-21 18:24:45,711 [Listener at 127.0.0.1/34741] INFO  server.StorageContainerManager (StorageContainerManager.java:stop(1565)) - Stopping Lease Manager of the command watchers
2022-07-21 18:24:45,711 [Listener at 127.0.0.1/34741] INFO  server.StorageContainerManager (StorageContainerManager.java:stop(1572)) - Stopping datanode service RPC server
2022-07-21 18:24:45,711 [Listener at 127.0.0.1/34741] INFO  server.SCMDatanodeProtocolServer (SCMDatanodeProtocolServer.java:stop(414)) - Stopping the RPC server for DataNodes
2022-07-21 18:24:45,711 [Listener at 127.0.0.1/34741] INFO  ipc.Server (Server.java:stop(3414)) - Stopping server on 40299
2022-07-21 18:24:45,713 [IPC Server listener on 40299] INFO  ipc.Server (Server.java:run(1376)) - Stopping IPC Server listener on 40299
2022-07-21 18:24:45,714 [IPC Server Responder] INFO  ipc.Server (Server.java:run(1512)) - Stopping IPC Server Responder
2022-07-21 18:24:45,742 [SCM Heartbeat Processing Thread - 0] WARN  node.NodeStateManager (NodeStateManager.java:scheduleNextHealthCheck(870)) - Current Thread is interrupted, shutting down HB processing thread for Node Manager.
2022-07-21 18:24:45,743 [Listener at 127.0.0.1/34741] INFO  server.StorageContainerManager (StorageContainerManager.java:stop(1580)) - Stopping block service RPC server
2022-07-21 18:24:45,743 [Listener at 127.0.0.1/34741] INFO  server.SCMBlockProtocolServer (SCMBlockProtocolServer.java:stop(161)) - Stopping the RPC server for Block Protocol
2022-07-21 18:24:45,743 [Listener at 127.0.0.1/34741] INFO  ipc.Server (Server.java:stop(3414)) - Stopping server on 39071
2022-07-21 18:24:45,746 [IPC Server listener on 39071] INFO  ipc.Server (Server.java:run(1376)) - Stopping IPC Server listener on 39071
2022-07-21 18:24:45,747 [IPC Server Responder] INFO  ipc.Server (Server.java:run(1512)) - Stopping IPC Server Responder
2022-07-21 18:24:45,747 [Listener at 127.0.0.1/34741] INFO  server.StorageContainerManager (StorageContainerManager.java:stop(1587)) - Stopping the StorageContainerLocationProtocol RPC server
2022-07-21 18:24:45,747 [Listener at 127.0.0.1/34741] INFO  server.SCMClientProtocolServer (SCMClientProtocolServer.java:stop(179)) - Stopping the RPC server for Client Protocol
2022-07-21 18:24:45,750 [Listener at 127.0.0.1/34741] INFO  ipc.Server (Server.java:stop(3414)) - Stopping server on 34327
2022-07-21 18:24:45,751 [IPC Server listener on 34327] INFO  ipc.Server (Server.java:run(1376)) - Stopping IPC Server listener on 34327
2022-07-21 18:24:45,752 [Listener at 127.0.0.1/34741] INFO  server.StorageContainerManager (StorageContainerManager.java:stop(1594)) - Stopping Storage Container Manager HTTP server.
2022-07-21 18:24:45,752 [IPC Server Responder] INFO  ipc.Server (Server.java:run(1512)) - Stopping IPC Server Responder
2022-07-21 18:24:45,752 [Listener at 127.0.0.1/34741] INFO  handler.ContextHandler (ContextHandler.java:doStop(1153)) - Stopped o.e.j.w.WebAppContext@53a0cf01{scm,/,null,STOPPED}{file:/home/runner/work/ozone/ozone/hadoop-ozone/integration-test/target/test-classes/webapps/scm}
2022-07-21 18:24:45,754 [Listener at 127.0.0.1/34741] INFO  server.AbstractConnector (AbstractConnector.java:doStop(381)) - Stopped ServerConnector@65131932{HTTP/1.1, (http/1.1)}{0.0.0.0:34717}
2022-07-21 18:24:45,754 [Listener at 127.0.0.1/34741] INFO  server.session (HouseKeeper.java:stopScavenging(149)) - node0 Stopped scavenging
2022-07-21 18:24:45,755 [Listener at 127.0.0.1/34741] INFO  handler.ContextHandler (ContextHandler.java:doStop(1153)) - Stopped o.e.j.s.ServletContextHandler@4ae8fea0{static,/static,file:///home/runner/work/ozone/ozone/hadoop-ozone/integration-test/target/test-classes/webapps/static,STOPPED}
2022-07-21 18:24:45,755 [Listener at 127.0.0.1/34741] INFO  handler.ContextHandler (ContextHandler.java:doStop(1153)) - Stopped o.e.j.s.ServletContextHandler@25d4acc8{logs,/logs,file:///home/runner/work/ozone/ozone/hadoop-ozone/integration-test/target/log,STOPPED}
2022-07-21 18:24:45,756 [Listener at 127.0.0.1/34741] INFO  server.StorageContainerManager (StorageContainerManager.java:stop(1605)) - Stopping Block Manager Service.
2022-07-21 18:24:45,756 [Listener at 127.0.0.1/34741] INFO  utils.BackgroundService (BackgroundService.java:shutdown(141)) - Shutting down service SCMBlockDeletingService
2022-07-21 18:24:45,756 [Listener at 127.0.0.1/34741] INFO  utils.BackgroundService (BackgroundService.java:shutdown(141)) - Shutting down service SCMBlockDeletingService
2022-07-21 18:24:45,757 [Listener at 127.0.0.1/34741] INFO  server.StorageContainerManager (StorageContainerManager.java:stop(1632)) - Stopping SCM Event Queue.
2022-07-21 18:24:45,760 [Listener at 127.0.0.1/34741] INFO  server.StorageContainerManager (StorageContainerManager.java:stop(1643)) - Stopping SCM HA services.
2022-07-21 18:24:45,760 [Listener at 127.0.0.1/34741] INFO  ha.SCMRatisServerImpl (SCMRatisServerImpl.java:stop(238)) - stopping ratis server 0.0.0.0:32791
2022-07-21 18:24:45,760 [Listener at 127.0.0.1/34741] INFO  server.RaftServer (RaftServerProxy.java:lambda$close$7(398)) - a989fbd8-2b6d-434f-a2fe-f7a7e8b88707: close
2022-07-21 18:24:45,760 [Listener at 127.0.0.1/34741] INFO  server.RaftServer$Division (RaftServerImpl.java:lambda$close$4(434)) - a989fbd8-2b6d-434f-a2fe-f7a7e8b88707@group-DC8BB834FA26: shutdown
2022-07-21 18:24:45,760 [Listener at 127.0.0.1/34741] INFO  util.JmxRegister (JmxRegister.java:unregister(73)) - Successfully un-registered JMX Bean with object name Ratis:service=RaftServer,group=group-DC8BB834FA26,id=a989fbd8-2b6d-434f-a2fe-f7a7e8b88707
2022-07-21 18:24:45,760 [Listener at 127.0.0.1/34741] INFO  impl.RoleInfo (RoleInfo.java:shutdownFollowerState(110)) - a989fbd8-2b6d-434f-a2fe-f7a7e8b88707: shutdown a989fbd8-2b6d-434f-a2fe-f7a7e8b88707@group-DC8BB834FA26-FollowerState
2022-07-21 18:24:45,761 [Listener at 127.0.0.1/34741] INFO  impl.StateMachineUpdater (StateMachineUpdater.java:stopAndJoin(153)) - a989fbd8-2b6d-434f-a2fe-f7a7e8b88707@group-DC8BB834FA26-StateMachineUpdater: set stopIndex = 27
2022-07-21 18:24:45,761 [a989fbd8-2b6d-434f-a2fe-f7a7e8b88707@group-DC8BB834FA26-FollowerState] INFO  impl.FollowerState (FollowerState.java:run(152)) - a989fbd8-2b6d-434f-a2fe-f7a7e8b88707@group-DC8BB834FA26-FollowerState was interrupted
2022-07-21 18:24:45,761 [a989fbd8-2b6d-434f-a2fe-f7a7e8b88707@group-DC8BB834FA26-StateMachineUpdater] INFO  ha.SCMStateMachine (SCMStateMachine.java:takeSnapshot(297)) - Current Snapshot Index 27, takeSnapshot took 1 ms
2022-07-21 18:24:45,761 [a989fbd8-2b6d-434f-a2fe-f7a7e8b88707@group-DC8BB834FA26-StateMachineUpdater] INFO  impl.StateMachineUpdater (StateMachineUpdater.java:takeSnapshot(287)) - a989fbd8-2b6d-434f-a2fe-f7a7e8b88707@group-DC8BB834FA26-StateMachineUpdater: Took a snapshot at index 27
2022-07-21 18:24:45,761 [a989fbd8-2b6d-434f-a2fe-f7a7e8b88707@group-DC8BB834FA26-StateMachineUpdater] INFO  impl.StateMachineUpdater (StateMachineUpdater.java:lambda$new$0(92)) - a989fbd8-2b6d-434f-a2fe-f7a7e8b88707@group-DC8BB834FA26-StateMachineUpdater: snapshotIndex: updateIncreasingly -1 -> 27
2022-07-21 18:24:45,762 [a989fbd8-2b6d-434f-a2fe-f7a7e8b88707@group-DC8BB834FA26-StateMachineUpdater] INFO  server.StorageContainerManager (StorageContainerManager.java:stop(1544)) - Container Balancer is not running.
2022-07-21 18:24:45,762 [a989fbd8-2b6d-434f-a2fe-f7a7e8b88707@group-DC8BB834FA26-StateMachineUpdater] INFO  server.StorageContainerManager (StorageContainerManager.java:stop(1551)) - Stopping Replication Manager Service.
2022-07-21 18:24:45,762 [a989fbd8-2b6d-434f-a2fe-f7a7e8b88707@group-DC8BB834FA26-StateMachineUpdater] INFO  replication.ReplicationManager (ReplicationManager.java:stop(239)) - Replication Monitor Thread is not running.
2022-07-21 18:24:45,762 [a989fbd8-2b6d-434f-a2fe-f7a7e8b88707@group-DC8BB834FA26-StateMachineUpdater] INFO  server.StorageContainerManager (StorageContainerManager.java:stop(1558)) - Stopping the Datanode Admin Monitor.
2022-07-21 18:24:45,762 [a989fbd8-2b6d-434f-a2fe-f7a7e8b88707@group-DC8BB834FA26-StateMachineUpdater] INFO  server.StorageContainerManager (StorageContainerManager.java:stop(1565)) - Stopping Lease Manager of the command watchers
2022-07-21 18:24:45,762 [a989fbd8-2b6d-434f-a2fe-f7a7e8b88707@group-DC8BB834FA26-StateMachineUpdater] ERROR server.StorageContainerManager (StorageContainerManager.java:stop(1568)) - Lease Manager of the command watchers stop failed
2022-07-21 18:24:45,762 [a989fbd8-2b6d-434f-a2fe-f7a7e8b88707@group-DC8BB834FA26-StateMachineUpdater] INFO  server.StorageContainerManager (StorageContainerManager.java:stop(1572)) - Stopping datanode service RPC server
2022-07-21 18:24:45,762 [a989fbd8-2b6d-434f-a2fe-f7a7e8b88707@group-DC8BB834FA26-StateMachineUpdater] INFO  server.SCMDatanodeProtocolServer (SCMDatanodeProtocolServer.java:stop(414)) - Stopping the RPC server for DataNodes
2022-07-21 18:24:45,762 [a989fbd8-2b6d-434f-a2fe-f7a7e8b88707@group-DC8BB834FA26-StateMachineUpdater] INFO  ipc.Server (Server.java:stop(3414)) - Stopping server on 40299
2022-07-21 18:24:45,762 [a989fbd8-2b6d-434f-a2fe-f7a7e8b88707@group-DC8BB834FA26-StateMachineUpdater] INFO  server.StorageContainerManager (StorageContainerManager.java:stop(1580)) - Stopping block service RPC server
2022-07-21 18:24:45,762 [a989fbd8-2b6d-434f-a2fe-f7a7e8b88707@group-DC8BB834FA26-StateMachineUpdater] INFO  server.SCMBlockProtocolServer (SCMBlockProtocolServer.java:stop(161)) - Stopping the RPC server for Block Protocol
2022-07-21 18:24:45,763 [a989fbd8-2b6d-434f-a2fe-f7a7e8b88707@group-DC8BB834FA26-StateMachineUpdater] INFO  ipc.Server (Server.java:stop(3414)) - Stopping server on 39071
2022-07-21 18:24:45,763 [a989fbd8-2b6d-434f-a2fe-f7a7e8b88707@group-DC8BB834FA26-StateMachineUpdater] INFO  server.StorageContainerManager (StorageContainerManager.java:stop(1587)) - Stopping the StorageContainerLocationProtocol RPC server
2022-07-21 18:24:45,763 [a989fbd8-2b6d-434f-a2fe-f7a7e8b88707@group-DC8BB834FA26-StateMachineUpdater] INFO  server.SCMClientProtocolServer (SCMClientProtocolServer.java:stop(179)) - Stopping the RPC server for Client Protocol
2022-07-21 18:24:45,766 [a989fbd8-2b6d-434f-a2fe-f7a7e8b88707@group-DC8BB834FA26-StateMachineUpdater] INFO  ipc.Server (Server.java:stop(3414)) - Stopping server on 34327
2022-07-21 18:24:45,766 [a989fbd8-2b6d-434f-a2fe-f7a7e8b88707@group-DC8BB834FA26-StateMachineUpdater] INFO  server.StorageContainerManager (StorageContainerManager.java:stop(1594)) - Stopping Storage Container Manager HTTP server.
2022-07-21 18:24:45,767 [a989fbd8-2b6d-434f-a2fe-f7a7e8b88707@group-DC8BB834FA26-StateMachineUpdater] INFO  server.StorageContainerManager (StorageContainerManager.java:stop(1605)) - Stopping Block Manager Service.
2022-07-21 18:24:45,767 [a989fbd8-2b6d-434f-a2fe-f7a7e8b88707@group-DC8BB834FA26-StateMachineUpdater] INFO  utils.BackgroundService (BackgroundService.java:shutdown(141)) - Shutting down service SCMBlockDeletingService
2022-07-21 18:24:45,767 [a989fbd8-2b6d-434f-a2fe-f7a7e8b88707@group-DC8BB834FA26-StateMachineUpdater] INFO  utils.BackgroundService (BackgroundService.java:shutdown(141)) - Shutting down service SCMBlockDeletingService
2022-07-21 18:24:45,767 [a989fbd8-2b6d-434f-a2fe-f7a7e8b88707@group-DC8BB834FA26-StateMachineUpdater] INFO  server.StorageContainerManager (StorageContainerManager.java:stop(1632)) - Stopping SCM Event Queue.
2022-07-21 18:24:45,767 [a989fbd8-2b6d-434f-a2fe-f7a7e8b88707@group-DC8BB834FA26-StateMachineUpdater] INFO  server.StorageContainerManager (StorageContainerManager.java:stop(1643)) - Stopping SCM HA services.
2022-07-21 18:24:45,767 [a989fbd8-2b6d-434f-a2fe-f7a7e8b88707@group-DC8BB834FA26-StateMachineUpdater] INFO  ha.SCMRatisServerImpl (SCMRatisServerImpl.java:stop(238)) - stopping ratis server 0.0.0.0:32791
2022-07-21 18:24:45,767 [org.apache.ratis.util.JvmPauseMonitor$$Lambda$519/1846153014@61129ad1] INFO  util.JvmPauseMonitor (JvmPauseMonitor.java:run(109)) - JvmPauseMonitor-a989fbd8-2b6d-434f-a2fe-f7a7e8b88707: Stopped
2022-07-21 18:24:45,770 [a989fbd8-2b6d-434f-a2fe-f7a7e8b88707@group-DC8BB834FA26-StateMachineUpdater] INFO  pipeline.BackgroundPipelineCreator (BackgroundPipelineCreator.java:stop(149)) - Stopping RatisPipelineUtilsThread.
2022-07-21 18:24:45,770 [RatisPipelineUtilsThread - 0] WARN  pipeline.BackgroundPipelineCreator (BackgroundPipelineCreator.java:run(180)) - RatisPipelineUtilsThread is interrupted.
2022-07-21 18:24:45,772 [a989fbd8-2b6d-434f-a2fe-f7a7e8b88707@group-DC8BB834FA26-StateMachineUpdater] INFO  BackgroundPipelineScrubber (BackgroundSCMService.java:stop(126)) - Stopping BackgroundPipelineScrubber Service.
2022-07-21 18:24:45,772 [BackgroundPipelineScrubberThread] WARN  BackgroundPipelineScrubber (BackgroundSCMService.java:run(110)) - BackgroundPipelineScrubber is interrupted, exit
2022-07-21 18:24:45,773 [a989fbd8-2b6d-434f-a2fe-f7a7e8b88707@group-DC8BB834FA26-StateMachineUpdater] INFO  server.StorageContainerManager (StorageContainerManager.java:stop(1653)) - Stopping SCM MetadataStore.
2022-07-21 18:24:45,774 [a989fbd8-2b6d-434f-a2fe-f7a7e8b88707@group-DC8BB834FA26-StateMachineUpdater] INFO  impl.MetricsSystemImpl (MetricsSystemImpl.java:stop(210)) - Stopping HddsDatanode metrics system...
2022-07-21 18:24:45,788 [prometheus] INFO  impl.MetricsSinkAdapter (MetricsSinkAdapter.java:publishMetricsFromQueue(141)) - prometheus thread interrupted.
2022-07-21 18:24:45,789 [a989fbd8-2b6d-434f-a2fe-f7a7e8b88707@group-DC8BB834FA26-StateMachineUpdater] INFO  impl.MetricsSystemImpl (MetricsSystemImpl.java:stop(216)) - HddsDatanode metrics system stopped.
2022-07-21 18:24:45,789 [a989fbd8-2b6d-434f-a2fe-f7a7e8b88707@group-DC8BB834FA26-StateMachineUpdater] ERROR server.StorageContainerManager (ExitUtils.java:terminate(133)) - Terminating with exit status 1: scm statemachine is closed by ratis, terminate SCM
2022-07-21 18:24:45,790 [a989fbd8-2b6d-434f-a2fe-f7a7e8b88707@group-DC8BB834FA26-StateMachineUpdater] WARN  impl.StateMachineUpdater (StateMachineUpdater.java:stop(137)) - a989fbd8-2b6d-434f-a2fe-f7a7e8b88707@group-DC8BB834FA26-StateMachineUpdater: Failed to close SCMStateMachine SCMStateMachine:a989fbd8-2b6d-434f-a2fe-f7a7e8b88707:group-DC8BB834FA26
org.apache.ratis.util.ExitUtils$ExitException: scm statemachine is closed by ratis, terminate SCM
	at org.apache.ratis.util.ExitUtils.terminate(ExitUtils.java:141)
	at org.apache.ratis.util.ExitUtils.terminate(ExitUtils.java:151)
	at org.apache.ratis.util.ExitUtils.terminate(ExitUtils.java:155)
	at org.apache.hadoop.hdds.scm.server.StorageContainerManager.shutDown(StorageContainerManager.java:1669)
	at org.apache.hadoop.hdds.scm.ha.SCMStateMachine.close(SCMStateMachine.java:403)
	at org.apache.ratis.server.impl.StateMachineUpdater.stop(StateMachineUpdater.java:134)
	at org.apache.ratis.server.impl.StateMachineUpdater.run(StateMachineUpdater.java:187)
	at java.lang.Thread.run(Thread.java:750)
2022-07-21 18:24:45,791 [Listener at 127.0.0.1/34741] INFO  server.RaftServer$Division (ServerState.java:close(429)) - a989fbd8-2b6d-434f-a2fe-f7a7e8b88707@group-DC8BB834FA26: closes. applyIndex: 26
2022-07-21 18:24:45,792 [a989fbd8-2b6d-434f-a2fe-f7a7e8b88707@group-DC8BB834FA26-SegmentedRaftLogWorker] INFO  segmented.SegmentedRaftLogWorker (SegmentedRaftLogWorker.java:run(336)) - a989fbd8-2b6d-434f-a2fe-f7a7e8b88707@group-DC8BB834FA26-SegmentedRaftLogWorker was interrupted, exiting. There are 0 tasks remaining in the queue.
2022-07-21 18:24:45,793 [Listener at 127.0.0.1/34741] INFO  segmented.SegmentedRaftLogWorker (SegmentedRaftLogWorker.java:close(246)) - a989fbd8-2b6d-434f-a2fe-f7a7e8b88707@group-DC8BB834FA26-SegmentedRaftLogWorker close()
2022-07-21 18:24:45,795 [Listener at 127.0.0.1/34741] INFO  server.GrpcService (GrpcService.java:closeImpl(269)) - a989fbd8-2b6d-434f-a2fe-f7a7e8b88707: shutdown server with port 32791 now
2022-07-21 18:24:45,796 [grpc-default-executor-1] WARN  server.GrpcServerProtocolService (LogUtils.java:warn(122)) - a989fbd8-2b6d-434f-a2fe-f7a7e8b88707: installSnapshot onError, lastRequest: 6c219fae-6e05-4936-867a-162ef996a9c6->a989fbd8-2b6d-434f-a2fe-f7a7e8b88707#947-t2,previous=(t:2, i:27),leaderCommit=27,initializing? true,entries: size=1, first=(t:2, i:28), METADATAENTRY(c:27): org.apache.ratis.thirdparty.io.grpc.StatusRuntimeException: CANCELLED: client cancelled
2022-07-21 18:24:45,797 [grpc-default-executor-1] WARN  server.GrpcLogAppender (LogUtils.java:warn(122)) - 6c219fae-6e05-4936-867a-162ef996a9c6@group-DC8BB834FA26->a989fbd8-2b6d-434f-a2fe-f7a7e8b88707-AppendLogResponseHandler: Failed appendEntries: org.apache.ratis.thirdparty.io.grpc.StatusRuntimeException: CANCELLED: RST_STREAM closed stream. HTTP/2 error code: CANCEL
2022-07-21 18:24:45,797 [Listener at 127.0.0.1/34741] INFO  server.GrpcService (GrpcService.java:closeImpl(278)) - a989fbd8-2b6d-434f-a2fe-f7a7e8b88707: shutdown server with port 32791 successfully
2022-07-21 18:24:45,797 [grpc-default-executor-1] INFO  leader.FollowerInfo (FollowerInfoImpl.java:lambda$new$0(48)) - 6c219fae-6e05-4936-867a-162ef996a9c6@group-DC8BB834FA26->a989fbd8-2b6d-434f-a2fe-f7a7e8b88707: nextIndex: updateUnconditionally 29 -> 28
2022-07-21 18:24:45,798 [Listener at 127.0.0.1/34741] WARN  pipeline.BackgroundPipelineCreator (BackgroundPipelineCreator.java:stop(145)) - RatisPipelineUtilsThread is not running, just ignore.
2022-07-21 18:24:45,798 [Listener at 127.0.0.1/34741] INFO  BackgroundPipelineScrubber (BackgroundSCMService.java:stop(121)) - BackgroundPipelineScrubber Service is not running, skip stop.
2022-07-21 18:24:45,798 [Listener at 127.0.0.1/34741] INFO  server.StorageContainerManager (StorageContainerManager.java:stop(1653)) - Stopping SCM MetadataStore.
2022-07-21 18:24:45,798 [Listener at 127.0.0.1/34741] INFO  impl.MetricsSystemImpl (MetricsSystemImpl.java:stop(205)) - HddsDatanode metrics system stopped (again)
2022-07-21 18:24:45,798 [Listener at 127.0.0.1/34741] INFO  ozone.MiniOzoneHAClusterImpl (MiniOzoneHAClusterImpl.java:stop(320)) - Stopping the StorageContainerManager 1195622a-6e13-4f92-83dd-ad3d63b418dc
2022-07-21 18:24:45,798 [Listener at 127.0.0.1/34741] INFO  server.StorageContainerManager (StorageContainerManager.java:stop(1544)) - Container Balancer is not running.
2022-07-21 18:24:45,798 [Listener at 127.0.0.1/34741] INFO  server.StorageContainerManager (StorageContainerManager.java:stop(1551)) - Stopping Replication Manager Service.
2022-07-21 18:24:45,798 [Listener at 127.0.0.1/34741] INFO  replication.ReplicationManager (ReplicationManager.java:stop(233)) - Stopping Replication Monitor Thread.
2022-07-21 18:24:45,798 [Listener at 127.0.0.1/34741] INFO  server.StorageContainerManager (StorageContainerManager.java:stop(1558)) - Stopping the Datanode Admin Monitor.
2022-07-21 18:24:45,798 [ReplicationMonitor] INFO  replication.ReplicationManager (ReplicationManager.java:run(466)) - Replication Monitor Thread is stopped
2022-07-21 18:24:45,798 [Listener at 127.0.0.1/34741] INFO  server.StorageContainerManager (StorageContainerManager.java:stop(1565)) - Stopping Lease Manager of the command watchers
2022-07-21 18:24:45,798 [Listener at 127.0.0.1/34741] INFO  server.StorageContainerManager (StorageContainerManager.java:stop(1572)) - Stopping datanode service RPC server
2022-07-21 18:24:45,799 [Listener at 127.0.0.1/34741] INFO  server.SCMDatanodeProtocolServer (SCMDatanodeProtocolServer.java:stop(414)) - Stopping the RPC server for DataNodes
2022-07-21 18:24:45,799 [Listener at 127.0.0.1/34741] INFO  ipc.Server (Server.java:stop(3414)) - Stopping server on 38303
2022-07-21 18:24:45,801 [IPC Server listener on 38303] INFO  ipc.Server (Server.java:run(1376)) - Stopping IPC Server listener on 38303
2022-07-21 18:24:45,801 [IPC Server Responder] INFO  ipc.Server (Server.java:run(1512)) - Stopping IPC Server Responder
2022-07-21 18:24:45,805 [grpc-default-executor-1] WARN  server.GrpcLogAppender (LogUtils.java:warn(122)) - 6c219fae-6e05-4936-867a-162ef996a9c6@group-DC8BB834FA26->a989fbd8-2b6d-434f-a2fe-f7a7e8b88707-AppendLogResponseHandler: Failed appendEntries: org.apache.ratis.thirdparty.io.grpc.StatusRuntimeException: UNAVAILABLE: io exception
2022-07-21 18:24:45,805 [grpc-default-executor-1] INFO  leader.FollowerInfo (FollowerInfoImpl.java:lambda$new$0(48)) - 6c219fae-6e05-4936-867a-162ef996a9c6@group-DC8BB834FA26->a989fbd8-2b6d-434f-a2fe-f7a7e8b88707: nextIndex: updateUnconditionally 29 -> 28
2022-07-21 18:24:45,847 [SCM Heartbeat Processing Thread - 0] WARN  node.NodeStateManager (NodeStateManager.java:scheduleNextHealthCheck(870)) - Current Thread is interrupted, shutting down HB processing thread for Node Manager.
2022-07-21 18:24:45,847 [Listener at 127.0.0.1/34741] INFO  server.StorageContainerManager (StorageContainerManager.java:stop(1580)) - Stopping block service RPC server
2022-07-21 18:24:45,847 [Listener at 127.0.0.1/34741] INFO  server.SCMBlockProtocolServer (SCMBlockProtocolServer.java:stop(161)) - Stopping the RPC server for Block Protocol
2022-07-21 18:24:45,847 [Listener at 127.0.0.1/34741] INFO  ipc.Server (Server.java:stop(3414)) - Stopping server on 36325
2022-07-21 18:24:45,849 [Listener at 127.0.0.1/34741] INFO  server.StorageContainerManager (StorageContainerManager.java:stop(1587)) - Stopping the StorageContainerLocationProtocol RPC server
2022-07-21 18:24:45,849 [Listener at 127.0.0.1/34741] INFO  server.SCMClientProtocolServer (SCMClientProtocolServer.java:stop(179)) - Stopping the RPC server for Client Protocol
2022-07-21 18:24:45,849 [Listener at 127.0.0.1/34741] INFO  ipc.Server (Server.java:stop(3414)) - Stopping server on 39265
2022-07-21 18:24:45,849 [IPC Server Responder] INFO  ipc.Server (Server.java:run(1512)) - Stopping IPC Server Responder
2022-07-21 18:24:45,850 [IPC Server listener on 36325] INFO  ipc.Server (Server.java:run(1376)) - Stopping IPC Server listener on 36325
2022-07-21 18:24:45,854 [Listener at 127.0.0.1/34741] INFO  server.StorageContainerManager (StorageContainerManager.java:stop(1594)) - Stopping Storage Container Manager HTTP server.
2022-07-21 18:24:45,854 [IPC Server Responder] INFO  ipc.Server (Server.java:run(1512)) - Stopping IPC Server Responder
2022-07-21 18:24:45,854 [Listener at 127.0.0.1/34741] INFO  handler.ContextHandler (ContextHandler.java:doStop(1153)) - Stopped o.e.j.w.WebAppContext@2c205310{scm,/,null,STOPPED}{file:/home/runner/work/ozone/ozone/hadoop-ozone/integration-test/target/test-classes/webapps/scm}
2022-07-21 18:24:45,854 [IPC Server listener on 39265] INFO  ipc.Server (Server.java:run(1376)) - Stopping IPC Server listener on 39265
2022-07-21 18:24:45,856 [Listener at 127.0.0.1/34741] INFO  server.AbstractConnector (AbstractConnector.java:doStop(381)) - Stopped ServerConnector@7d4a7e32{HTTP/1.1, (http/1.1)}{0.0.0.0:43215}
2022-07-21 18:24:45,856 [Listener at 127.0.0.1/34741] INFO  server.session (HouseKeeper.java:stopScavenging(149)) - node0 Stopped scavenging
2022-07-21 18:24:45,856 [Listener at 127.0.0.1/34741] INFO  handler.ContextHandler (ContextHandler.java:doStop(1153)) - Stopped o.e.j.s.ServletContextHandler@8575ddf{static,/static,file:///home/runner/work/ozone/ozone/hadoop-ozone/integration-test/target/test-classes/webapps/static,STOPPED}
2022-07-21 18:24:45,856 [Listener at 127.0.0.1/34741] INFO  handler.ContextHandler (ContextHandler.java:doStop(1153)) - Stopped o.e.j.s.ServletContextHandler@570992b{logs,/logs,file:///home/runner/work/ozone/ozone/hadoop-ozone/integration-test/target/log,STOPPED}
2022-07-21 18:24:45,857 [Listener at 127.0.0.1/34741] INFO  server.StorageContainerManager (StorageContainerManager.java:stop(1605)) - Stopping Block Manager Service.
2022-07-21 18:24:45,858 [Listener at 127.0.0.1/34741] INFO  utils.BackgroundService (BackgroundService.java:shutdown(141)) - Shutting down service SCMBlockDeletingService
2022-07-21 18:24:45,858 [Listener at 127.0.0.1/34741] INFO  utils.BackgroundService (BackgroundService.java:shutdown(141)) - Shutting down service SCMBlockDeletingService
2022-07-21 18:24:45,858 [Listener at 127.0.0.1/34741] INFO  server.StorageContainerManager (StorageContainerManager.java:stop(1632)) - Stopping SCM Event Queue.
2022-07-21 18:24:45,860 [Listener at 127.0.0.1/34741] INFO  server.StorageContainerManager (StorageContainerManager.java:stop(1643)) - Stopping SCM HA services.
2022-07-21 18:24:45,860 [Listener at 127.0.0.1/34741] INFO  ha.SCMRatisServerImpl (SCMRatisServerImpl.java:stop(238)) - stopping ratis server 0.0.0.0:38265
2022-07-21 18:24:45,860 [Listener at 127.0.0.1/34741] INFO  server.RaftServer (RaftServerProxy.java:lambda$close$7(398)) - 1195622a-6e13-4f92-83dd-ad3d63b418dc: close
2022-07-21 18:24:45,860 [Listener at 127.0.0.1/34741] INFO  server.RaftServer$Division (RaftServerImpl.java:lambda$close$4(434)) - 1195622a-6e13-4f92-83dd-ad3d63b418dc@group-DC8BB834FA26: shutdown
2022-07-21 18:24:45,861 [Listener at 127.0.0.1/34741] INFO  util.JmxRegister (JmxRegister.java:unregister(73)) - Successfully un-registered JMX Bean with object name Ratis:service=RaftServer,group=group-DC8BB834FA26,id=1195622a-6e13-4f92-83dd-ad3d63b418dc
2022-07-21 18:24:45,861 [Listener at 127.0.0.1/34741] INFO  impl.RoleInfo (RoleInfo.java:shutdownFollowerState(110)) - 1195622a-6e13-4f92-83dd-ad3d63b418dc: shutdown 1195622a-6e13-4f92-83dd-ad3d63b418dc@group-DC8BB834FA26-FollowerState
2022-07-21 18:24:45,861 [1195622a-6e13-4f92-83dd-ad3d63b418dc@group-DC8BB834FA26-FollowerState] INFO  impl.FollowerState (FollowerState.java:run(152)) - 1195622a-6e13-4f92-83dd-ad3d63b418dc@group-DC8BB834FA26-FollowerState was interrupted
2022-07-21 18:24:45,861 [1195622a-6e13-4f92-83dd-ad3d63b418dc@group-DC8BB834FA26-StateMachineUpdater] INFO  ha.SCMStateMachine (SCMStateMachine.java:takeSnapshot(297)) - Current Snapshot Index 27, takeSnapshot took 1 ms
2022-07-21 18:24:45,861 [1195622a-6e13-4f92-83dd-ad3d63b418dc@group-DC8BB834FA26-StateMachineUpdater] INFO  impl.StateMachineUpdater (StateMachineUpdater.java:takeSnapshot(287)) - 1195622a-6e13-4f92-83dd-ad3d63b418dc@group-DC8BB834FA26-StateMachineUpdater: Took a snapshot at index 27
2022-07-21 18:24:45,861 [1195622a-6e13-4f92-83dd-ad3d63b418dc@group-DC8BB834FA26-StateMachineUpdater] INFO  impl.StateMachineUpdater (StateMachineUpdater.java:lambda$new$0(92)) - 1195622a-6e13-4f92-83dd-ad3d63b418dc@group-DC8BB834FA26-StateMachineUpdater: snapshotIndex: updateIncreasingly -1 -> 27
2022-07-21 18:24:45,861 [1195622a-6e13-4f92-83dd-ad3d63b418dc@group-DC8BB834FA26-StateMachineUpdater] INFO  server.StorageContainerManager (StorageContainerManager.java:stop(1544)) - Container Balancer is not running.
2022-07-21 18:24:45,861 [1195622a-6e13-4f92-83dd-ad3d63b418dc@group-DC8BB834FA26-StateMachineUpdater] INFO  server.StorageContainerManager (StorageContainerManager.java:stop(1551)) - Stopping Replication Manager Service.
2022-07-21 18:24:45,861 [1195622a-6e13-4f92-83dd-ad3d63b418dc@group-DC8BB834FA26-StateMachineUpdater] INFO  replication.ReplicationManager (ReplicationManager.java:stop(239)) - Replication Monitor Thread is not running.
2022-07-21 18:24:45,862 [1195622a-6e13-4f92-83dd-ad3d63b418dc@group-DC8BB834FA26-StateMachineUpdater] INFO  server.StorageContainerManager (StorageContainerManager.java:stop(1558)) - Stopping the Datanode Admin Monitor.
2022-07-21 18:24:45,862 [1195622a-6e13-4f92-83dd-ad3d63b418dc@group-DC8BB834FA26-StateMachineUpdater] INFO  server.StorageContainerManager (StorageContainerManager.java:stop(1565)) - Stopping Lease Manager of the command watchers
2022-07-21 18:24:45,862 [1195622a-6e13-4f92-83dd-ad3d63b418dc@group-DC8BB834FA26-StateMachineUpdater] ERROR server.StorageContainerManager (StorageContainerManager.java:stop(1568)) - Lease Manager of the command watchers stop failed
2022-07-21 18:24:45,862 [1195622a-6e13-4f92-83dd-ad3d63b418dc@group-DC8BB834FA26-StateMachineUpdater] INFO  server.StorageContainerManager (StorageContainerManager.java:stop(1572)) - Stopping datanode service RPC server
2022-07-21 18:24:45,862 [1195622a-6e13-4f92-83dd-ad3d63b418dc@group-DC8BB834FA26-StateMachineUpdater] INFO  server.SCMDatanodeProtocolServer (SCMDatanodeProtocolServer.java:stop(414)) - Stopping the RPC server for DataNodes
2022-07-21 18:24:45,862 [1195622a-6e13-4f92-83dd-ad3d63b418dc@group-DC8BB834FA26-StateMachineUpdater] INFO  ipc.Server (Server.java:stop(3414)) - Stopping server on 38303
2022-07-21 18:24:45,862 [1195622a-6e13-4f92-83dd-ad3d63b418dc@group-DC8BB834FA26-StateMachineUpdater] INFO  server.StorageContainerManager (StorageContainerManager.java:stop(1580)) - Stopping block service RPC server
2022-07-21 18:24:45,862 [1195622a-6e13-4f92-83dd-ad3d63b418dc@group-DC8BB834FA26-StateMachineUpdater] INFO  server.SCMBlockProtocolServer (SCMBlockProtocolServer.java:stop(161)) - Stopping the RPC server for Block Protocol
2022-07-21 18:24:45,862 [1195622a-6e13-4f92-83dd-ad3d63b418dc@group-DC8BB834FA26-StateMachineUpdater] INFO  ipc.Server (Server.java:stop(3414)) - Stopping server on 36325
2022-07-21 18:24:45,862 [1195622a-6e13-4f92-83dd-ad3d63b418dc@group-DC8BB834FA26-StateMachineUpdater] INFO  server.StorageContainerManager (StorageContainerManager.java:stop(1587)) - Stopping the StorageContainerLocationProtocol RPC server
2022-07-21 18:24:45,862 [1195622a-6e13-4f92-83dd-ad3d63b418dc@group-DC8BB834FA26-StateMachineUpdater] INFO  server.SCMClientProtocolServer (SCMClientProtocolServer.java:stop(179)) - Stopping the RPC server for Client Protocol
2022-07-21 18:24:45,862 [1195622a-6e13-4f92-83dd-ad3d63b418dc@group-DC8BB834FA26-StateMachineUpdater] INFO  ipc.Server (Server.java:stop(3414)) - Stopping server on 39265
2022-07-21 18:24:45,862 [1195622a-6e13-4f92-83dd-ad3d63b418dc@group-DC8BB834FA26-StateMachineUpdater] INFO  server.StorageContainerManager (StorageContainerManager.java:stop(1594)) - Stopping Storage Container Manager HTTP server.
2022-07-21 18:24:45,862 [Listener at 127.0.0.1/34741] INFO  impl.StateMachineUpdater (StateMachineUpdater.java:stopAndJoin(153)) - 1195622a-6e13-4f92-83dd-ad3d63b418dc@group-DC8BB834FA26-StateMachineUpdater: set stopIndex = 27
2022-07-21 18:24:45,863 [1195622a-6e13-4f92-83dd-ad3d63b418dc@group-DC8BB834FA26-StateMachineUpdater] INFO  server.StorageContainerManager (StorageContainerManager.java:stop(1605)) - Stopping Block Manager Service.
2022-07-21 18:24:45,863 [1195622a-6e13-4f92-83dd-ad3d63b418dc@group-DC8BB834FA26-StateMachineUpdater] INFO  utils.BackgroundService (BackgroundService.java:shutdown(141)) - Shutting down service SCMBlockDeletingService
2022-07-21 18:24:45,863 [1195622a-6e13-4f92-83dd-ad3d63b418dc@group-DC8BB834FA26-StateMachineUpdater] INFO  utils.BackgroundService (BackgroundService.java:shutdown(141)) - Shutting down service SCMBlockDeletingService
2022-07-21 18:24:45,863 [1195622a-6e13-4f92-83dd-ad3d63b418dc@group-DC8BB834FA26-StateMachineUpdater] INFO  server.StorageContainerManager (StorageContainerManager.java:stop(1632)) - Stopping SCM Event Queue.
2022-07-21 18:24:45,863 [1195622a-6e13-4f92-83dd-ad3d63b418dc@group-DC8BB834FA26-StateMachineUpdater] INFO  server.StorageContainerManager (StorageContainerManager.java:stop(1643)) - Stopping SCM HA services.
2022-07-21 18:24:45,863 [1195622a-6e13-4f92-83dd-ad3d63b418dc@group-DC8BB834FA26-StateMachineUpdater] INFO  ha.SCMRatisServerImpl (SCMRatisServerImpl.java:stop(238)) - stopping ratis server 0.0.0.0:38265
2022-07-21 18:24:45,863 [org.apache.ratis.util.JvmPauseMonitor$$Lambda$519/1846153014@37c8aeb4] INFO  util.JvmPauseMonitor (JvmPauseMonitor.java:run(109)) - JvmPauseMonitor-1195622a-6e13-4f92-83dd-ad3d63b418dc: Stopped
2022-07-21 18:24:45,864 [1195622a-6e13-4f92-83dd-ad3d63b418dc@group-DC8BB834FA26-StateMachineUpdater] INFO  pipeline.BackgroundPipelineCreator (BackgroundPipelineCreator.java:stop(149)) - Stopping RatisPipelineUtilsThread.
2022-07-21 18:24:45,864 [RatisPipelineUtilsThread - 0] WARN  pipeline.BackgroundPipelineCreator (BackgroundPipelineCreator.java:run(180)) - RatisPipelineUtilsThread is interrupted.
2022-07-21 18:24:45,864 [BackgroundPipelineScrubberThread] WARN  BackgroundPipelineScrubber (BackgroundSCMService.java:run(110)) - BackgroundPipelineScrubber is interrupted, exit
2022-07-21 18:24:45,864 [1195622a-6e13-4f92-83dd-ad3d63b418dc@group-DC8BB834FA26-StateMachineUpdater] INFO  BackgroundPipelineScrubber (BackgroundSCMService.java:stop(126)) - Stopping BackgroundPipelineScrubber Service.
2022-07-21 18:24:45,865 [1195622a-6e13-4f92-83dd-ad3d63b418dc@group-DC8BB834FA26-StateMachineUpdater] INFO  server.StorageContainerManager (StorageContainerManager.java:stop(1653)) - Stopping SCM MetadataStore.
2022-07-21 18:24:45,865 [1195622a-6e13-4f92-83dd-ad3d63b418dc@group-DC8BB834FA26-StateMachineUpdater] INFO  impl.MetricsSystemImpl (MetricsSystemImpl.java:stop(205)) - HddsDatanode metrics system stopped (again)
2022-07-21 18:24:45,865 [1195622a-6e13-4f92-83dd-ad3d63b418dc@group-DC8BB834FA26-StateMachineUpdater] ERROR server.StorageContainerManager (ExitUtils.java:terminate(133)) - Terminating with exit status 1: scm statemachine is closed by ratis, terminate SCM
2022-07-21 18:24:45,865 [1195622a-6e13-4f92-83dd-ad3d63b418dc@group-DC8BB834FA26-StateMachineUpdater] WARN  impl.StateMachineUpdater (StateMachineUpdater.java:stop(137)) - 1195622a-6e13-4f92-83dd-ad3d63b418dc@group-DC8BB834FA26-StateMachineUpdater: Failed to close SCMStateMachine SCMStateMachine:1195622a-6e13-4f92-83dd-ad3d63b418dc:group-DC8BB834FA26
org.apache.ratis.util.ExitUtils$ExitException: scm statemachine is closed by ratis, terminate SCM
	at org.apache.ratis.util.ExitUtils.terminate(ExitUtils.java:141)
	at org.apache.ratis.util.ExitUtils.terminate(ExitUtils.java:151)
	at org.apache.ratis.util.ExitUtils.terminate(ExitUtils.java:155)
	at org.apache.hadoop.hdds.scm.server.StorageContainerManager.shutDown(StorageContainerManager.java:1669)
	at org.apache.hadoop.hdds.scm.ha.SCMStateMachine.close(SCMStateMachine.java:403)
	at org.apache.ratis.server.impl.StateMachineUpdater.stop(StateMachineUpdater.java:134)
	at org.apache.ratis.server.impl.StateMachineUpdater.run(StateMachineUpdater.java:187)
	at java.lang.Thread.run(Thread.java:750)
2022-07-21 18:24:45,866 [Listener at 127.0.0.1/34741] INFO  server.RaftServer$Division (ServerState.java:close(429)) - 1195622a-6e13-4f92-83dd-ad3d63b418dc@group-DC8BB834FA26: closes. applyIndex: 26
2022-07-21 18:24:45,866 [1195622a-6e13-4f92-83dd-ad3d63b418dc@group-DC8BB834FA26-SegmentedRaftLogWorker] INFO  segmented.SegmentedRaftLogWorker (SegmentedRaftLogWorker.java:run(336)) - 1195622a-6e13-4f92-83dd-ad3d63b418dc@group-DC8BB834FA26-SegmentedRaftLogWorker was interrupted, exiting. There are 0 tasks remaining in the queue.
2022-07-21 18:24:45,867 [Listener at 127.0.0.1/34741] INFO  segmented.SegmentedRaftLogWorker (SegmentedRaftLogWorker.java:close(246)) - 1195622a-6e13-4f92-83dd-ad3d63b418dc@group-DC8BB834FA26-SegmentedRaftLogWorker close()
2022-07-21 18:24:45,869 [Listener at 127.0.0.1/34741] INFO  server.GrpcService (GrpcService.java:closeImpl(269)) - 1195622a-6e13-4f92-83dd-ad3d63b418dc: shutdown server with port 38265 now
2022-07-21 18:24:45,870 [grpc-default-executor-0] WARN  server.GrpcServerProtocolService (LogUtils.java:warn(122)) - 1195622a-6e13-4f92-83dd-ad3d63b418dc: installSnapshot onError, lastRequest: 6c219fae-6e05-4936-867a-162ef996a9c6->1195622a-6e13-4f92-83dd-ad3d63b418dc#877-t2,previous=(t:2, i:27),leaderCommit=27,initializing? true,entries: size=1, first=(t:2, i:28), METADATAENTRY(c:27): org.apache.ratis.thirdparty.io.grpc.StatusRuntimeException: CANCELLED: client cancelled
2022-07-21 18:24:45,870 [grpc-default-executor-2] WARN  server.GrpcLogAppender (LogUtils.java:warn(122)) - 6c219fae-6e05-4936-867a-162ef996a9c6@group-DC8BB834FA26->1195622a-6e13-4f92-83dd-ad3d63b418dc-AppendLogResponseHandler: Failed appendEntries: org.apache.ratis.thirdparty.io.grpc.StatusRuntimeException: CANCELLED: RST_STREAM closed stream. HTTP/2 error code: CANCEL
2022-07-21 18:24:45,871 [grpc-default-executor-2] INFO  leader.FollowerInfo (FollowerInfoImpl.java:lambda$new$0(48)) - 6c219fae-6e05-4936-867a-162ef996a9c6@group-DC8BB834FA26->1195622a-6e13-4f92-83dd-ad3d63b418dc: nextIndex: updateUnconditionally 29 -> 28
2022-07-21 18:24:45,871 [Listener at 127.0.0.1/34741] INFO  server.GrpcService (GrpcService.java:closeImpl(278)) - 1195622a-6e13-4f92-83dd-ad3d63b418dc: shutdown server with port 38265 successfully
2022-07-21 18:24:45,871 [Listener at 127.0.0.1/34741] WARN  pipeline.BackgroundPipelineCreator (BackgroundPipelineCreator.java:stop(145)) - RatisPipelineUtilsThread is not running, just ignore.
2022-07-21 18:24:45,871 [Listener at 127.0.0.1/34741] INFO  BackgroundPipelineScrubber (BackgroundSCMService.java:stop(121)) - BackgroundPipelineScrubber Service is not running, skip stop.
2022-07-21 18:24:45,872 [Listener at 127.0.0.1/34741] INFO  server.StorageContainerManager (StorageContainerManager.java:stop(1653)) - Stopping SCM MetadataStore.
2022-07-21 18:24:45,872 [Listener at 127.0.0.1/34741] INFO  impl.MetricsSystemImpl (MetricsSystemImpl.java:stop(205)) - HddsDatanode metrics system stopped (again)
2022-07-21 18:24:45,872 [Listener at 127.0.0.1/34741] INFO  ozone.MiniOzoneHAClusterImpl (MiniOzoneHAClusterImpl.java:stop(320)) - Stopping the StorageContainerManager 6c219fae-6e05-4936-867a-162ef996a9c6
2022-07-21 18:24:45,872 [Listener at 127.0.0.1/34741] INFO  server.StorageContainerManager (StorageContainerManager.java:stop(1544)) - Container Balancer is not running.
2022-07-21 18:24:45,872 [Listener at 127.0.0.1/34741] INFO  server.StorageContainerManager (StorageContainerManager.java:stop(1551)) - Stopping Replication Manager Service.
2022-07-21 18:24:45,872 [Listener at 127.0.0.1/34741] INFO  replication.ReplicationManager (ReplicationManager.java:stop(233)) - Stopping Replication Monitor Thread.
2022-07-21 18:24:45,872 [ReplicationMonitor] INFO  replication.ReplicationManager (ReplicationManager.java:run(466)) - Replication Monitor Thread is stopped
2022-07-21 18:24:45,872 [Listener at 127.0.0.1/34741] INFO  server.StorageContainerManager (StorageContainerManager.java:stop(1558)) - Stopping the Datanode Admin Monitor.
2022-07-21 18:24:45,872 [Listener at 127.0.0.1/34741] INFO  server.StorageContainerManager (StorageContainerManager.java:stop(1565)) - Stopping Lease Manager of the command watchers
2022-07-21 18:24:45,873 [Listener at 127.0.0.1/34741] INFO  server.StorageContainerManager (StorageContainerManager.java:stop(1572)) - Stopping datanode service RPC server
2022-07-21 18:24:45,873 [Listener at 127.0.0.1/34741] INFO  server.SCMDatanodeProtocolServer (SCMDatanodeProtocolServer.java:stop(414)) - Stopping the RPC server for DataNodes
2022-07-21 18:24:45,873 [Listener at 127.0.0.1/34741] INFO  ipc.Server (Server.java:stop(3414)) - Stopping server on 44825
2022-07-21 18:24:45,878 [IPC Server Responder] INFO  ipc.Server (Server.java:run(1512)) - Stopping IPC Server Responder
2022-07-21 18:24:45,879 [IPC Server listener on 44825] INFO  ipc.Server (Server.java:run(1376)) - Stopping IPC Server listener on 44825
2022-07-21 18:24:45,887 [grpc-default-executor-1] WARN  server.GrpcLogAppender (LogUtils.java:warn(122)) - 6c219fae-6e05-4936-867a-162ef996a9c6@group-DC8BB834FA26->1195622a-6e13-4f92-83dd-ad3d63b418dc-AppendLogResponseHandler: Failed appendEntries: org.apache.ratis.thirdparty.io.grpc.StatusRuntimeException: UNAVAILABLE: io exception
2022-07-21 18:24:45,888 [grpc-default-executor-1] INFO  leader.FollowerInfo (FollowerInfoImpl.java:lambda$new$0(48)) - 6c219fae-6e05-4936-867a-162ef996a9c6@group-DC8BB834FA26->1195622a-6e13-4f92-83dd-ad3d63b418dc: nextIndex: updateUnconditionally 29 -> 28
2022-07-21 18:24:46,069 [EndpointStateMachine task thread for /127.0.0.1:40299 - 0 ] WARN  statemachine.EndpointStateMachine (EndpointStateMachine.java:logIfNeeded(236)) - Unable to communicate to SCM server at localhost:40299 for past 0 seconds.
java.io.EOFException: End of File Exception between local host is: "fv-az378-305/10.1.0.35"; destination host is: "localhost":40299; : java.io.EOFException; For more details see:  http://wiki.apache.org/hadoop/EOFException
	at sun.reflect.NativeConstructorAccessorImpl.newInstance0(Native Method)
	at sun.reflect.NativeConstructorAccessorImpl.newInstance(NativeConstructorAccessorImpl.java:62)
	at sun.reflect.DelegatingConstructorAccessorImpl.newInstance(DelegatingConstructorAccessorImpl.java:45)
	at java.lang.reflect.Constructor.newInstance(Constructor.java:423)
	at org.apache.hadoop.net.NetUtils.wrapWithMessage(NetUtils.java:913)
	at org.apache.hadoop.net.NetUtils.wrapException(NetUtils.java:862)
	at org.apache.hadoop.ipc.Client.getRpcResponse(Client.java:1577)
	at org.apache.hadoop.ipc.Client.call(Client.java:1519)
	at org.apache.hadoop.ipc.Client.call(Client.java:1416)
	at org.apache.hadoop.ipc.ProtobufRpcEngine$Invoker.invoke(ProtobufRpcEngine.java:236)
	at org.apache.hadoop.ipc.ProtobufRpcEngine$Invoker.invoke(ProtobufRpcEngine.java:123)
	at com.sun.proxy.$Proxy51.submitRequest(Unknown Source)
	at org.apache.hadoop.ozone.protocolPB.StorageContainerDatanodeProtocolClientSideTranslatorPB.submitRequest(StorageContainerDatanodeProtocolClientSideTranslatorPB.java:117)
	at org.apache.hadoop.ozone.protocolPB.StorageContainerDatanodeProtocolClientSideTranslatorPB.sendHeartbeat(StorageContainerDatanodeProtocolClientSideTranslatorPB.java:149)
	at org.apache.hadoop.ozone.container.common.states.endpoint.HeartbeatEndpointTask.call(HeartbeatEndpointTask.java:185)
	at org.apache.hadoop.ozone.container.common.states.endpoint.HeartbeatEndpointTask.call(HeartbeatEndpointTask.java:87)
	at java.util.concurrent.FutureTask.run(FutureTask.java:266)
	at java.util.concurrent.ThreadPoolExecutor.runWorker(ThreadPoolExecutor.java:1149)
	at java.util.concurrent.ThreadPoolExecutor$Worker.run(ThreadPoolExecutor.java:624)
	at java.lang.Thread.run(Thread.java:750)
Caused by: java.io.EOFException
	at java.io.DataInputStream.readInt(DataInputStream.java:392)
	at org.apache.hadoop.ipc.Client$IpcStreams.readResponse(Client.java:1892)
	at org.apache.hadoop.ipc.Client$Connection.receiveRpcResponse(Client.java:1202)
	at org.apache.hadoop.ipc.Client$Connection.run(Client.java:1098)
2022-07-21 18:24:46,070 [EndpointStateMachine task thread for /127.0.0.1:44825 - 0 ] WARN  statemachine.EndpointStateMachine (EndpointStateMachine.java:logIfNeeded(236)) - Unable to communicate to SCM server at localhost:44825 for past 0 seconds.
java.io.EOFException: End of File Exception between local host is: "fv-az378-305/10.1.0.35"; destination host is: "localhost":44825; : java.io.EOFException; For more details see:  http://wiki.apache.org/hadoop/EOFException
	at sun.reflect.NativeConstructorAccessorImpl.newInstance0(Native Method)
	at sun.reflect.NativeConstructorAccessorImpl.newInstance(NativeConstructorAccessorImpl.java:62)
	at sun.reflect.DelegatingConstructorAccessorImpl.newInstance(DelegatingConstructorAccessorImpl.java:45)
	at java.lang.reflect.Constructor.newInstance(Constructor.java:423)
	at org.apache.hadoop.net.NetUtils.wrapWithMessage(NetUtils.java:913)
	at org.apache.hadoop.net.NetUtils.wrapException(NetUtils.java:862)
	at org.apache.hadoop.ipc.Client.getRpcResponse(Client.java:1577)
	at org.apache.hadoop.ipc.Client.call(Client.java:1519)
	at org.apache.hadoop.ipc.Client.call(Client.java:1416)
	at org.apache.hadoop.ipc.ProtobufRpcEngine$Invoker.invoke(ProtobufRpcEngine.java:236)
	at org.apache.hadoop.ipc.ProtobufRpcEngine$Invoker.invoke(ProtobufRpcEngine.java:123)
	at com.sun.proxy.$Proxy51.submitRequest(Unknown Source)
	at org.apache.hadoop.ozone.protocolPB.StorageContainerDatanodeProtocolClientSideTranslatorPB.submitRequest(StorageContainerDatanodeProtocolClientSideTranslatorPB.java:117)
	at org.apache.hadoop.ozone.protocolPB.StorageContainerDatanodeProtocolClientSideTranslatorPB.sendHeartbeat(StorageContainerDatanodeProtocolClientSideTranslatorPB.java:149)
	at org.apache.hadoop.ozone.container.common.states.endpoint.HeartbeatEndpointTask.call(HeartbeatEndpointTask.java:185)
	at org.apache.hadoop.ozone.container.common.states.endpoint.HeartbeatEndpointTask.call(HeartbeatEndpointTask.java:87)
	at java.util.concurrent.FutureTask.run(FutureTask.java:266)
	at java.util.concurrent.ThreadPoolExecutor.runWorker(ThreadPoolExecutor.java:1149)
	at java.util.concurrent.ThreadPoolExecutor$Worker.run(ThreadPoolExecutor.java:624)
	at java.lang.Thread.run(Thread.java:750)
Caused by: java.io.EOFException
	at java.io.DataInputStream.readInt(DataInputStream.java:392)
	at org.apache.hadoop.ipc.Client$IpcStreams.readResponse(Client.java:1892)
	at org.apache.hadoop.ipc.Client$Connection.receiveRpcResponse(Client.java:1202)
	at org.apache.hadoop.ipc.Client$Connection.run(Client.java:1098)
2022-07-21 18:24:46,069 [EndpointStateMachine task thread for /127.0.0.1:38303 - 0 ] WARN  statemachine.EndpointStateMachine (EndpointStateMachine.java:logIfNeeded(236)) - Unable to communicate to SCM server at localhost:38303 for past 0 seconds.
java.io.EOFException: End of File Exception between local host is: "fv-az378-305/10.1.0.35"; destination host is: "localhost":38303; : java.io.EOFException; For more details see:  http://wiki.apache.org/hadoop/EOFException
	at sun.reflect.NativeConstructorAccessorImpl.newInstance0(Native Method)
	at sun.reflect.NativeConstructorAccessorImpl.newInstance(NativeConstructorAccessorImpl.java:62)
	at sun.reflect.DelegatingConstructorAccessorImpl.newInstance(DelegatingConstructorAccessorImpl.java:45)
	at java.lang.reflect.Constructor.newInstance(Constructor.java:423)
	at org.apache.hadoop.net.NetUtils.wrapWithMessage(NetUtils.java:913)
	at org.apache.hadoop.net.NetUtils.wrapException(NetUtils.java:862)
	at org.apache.hadoop.ipc.Client.getRpcResponse(Client.java:1577)
	at org.apache.hadoop.ipc.Client.call(Client.java:1519)
	at org.apache.hadoop.ipc.Client.call(Client.java:1416)
	at org.apache.hadoop.ipc.ProtobufRpcEngine$Invoker.invoke(ProtobufRpcEngine.java:236)
	at org.apache.hadoop.ipc.ProtobufRpcEngine$Invoker.invoke(ProtobufRpcEngine.java:123)
	at com.sun.proxy.$Proxy51.submitRequest(Unknown Source)
	at org.apache.hadoop.ozone.protocolPB.StorageContainerDatanodeProtocolClientSideTranslatorPB.submitRequest(StorageContainerDatanodeProtocolClientSideTranslatorPB.java:117)
	at org.apache.hadoop.ozone.protocolPB.StorageContainerDatanodeProtocolClientSideTranslatorPB.sendHeartbeat(StorageContainerDatanodeProtocolClientSideTranslatorPB.java:149)
	at org.apache.hadoop.ozone.container.common.states.endpoint.HeartbeatEndpointTask.call(HeartbeatEndpointTask.java:185)
	at org.apache.hadoop.ozone.container.common.states.endpoint.HeartbeatEndpointTask.call(HeartbeatEndpointTask.java:87)
	at java.util.concurrent.FutureTask.run(FutureTask.java:266)
	at java.util.concurrent.ThreadPoolExecutor.runWorker(ThreadPoolExecutor.java:1149)
	at java.util.concurrent.ThreadPoolExecutor$Worker.run(ThreadPoolExecutor.java:624)
	at java.lang.Thread.run(Thread.java:750)
Caused by: java.io.EOFException
	at java.io.DataInputStream.readInt(DataInputStream.java:392)
	at org.apache.hadoop.ipc.Client$IpcStreams.readResponse(Client.java:1892)
	at org.apache.hadoop.ipc.Client$Connection.receiveRpcResponse(Client.java:1202)
	at org.apache.hadoop.ipc.Client$Connection.run(Client.java:1098)
2022-07-21 18:24:47,077 [EndpointStateMachine task thread for /127.0.0.1:38303 - 0 ] INFO  ipc.Client (Client.java:handleConnectionFailure(977)) - Retrying connect to server: localhost/127.0.0.1:38303. Already tried 0 time(s); retry policy is RetryUpToMaximumCountWithFixedSleep(maxRetries=15, sleepTime=1000 MILLISECONDS)
2022-07-21 18:24:47,078 [EndpointStateMachine task thread for /127.0.0.1:40299 - 0 ] INFO  ipc.Client (Client.java:handleConnectionFailure(977)) - Retrying connect to server: localhost/127.0.0.1:40299. Already tried 0 time(s); retry policy is RetryUpToMaximumCountWithFixedSleep(maxRetries=15, sleepTime=1000 MILLISECONDS)
2022-07-21 18:24:47,078 [EndpointStateMachine task thread for /127.0.0.1:44825 - 0 ] INFO  ipc.Client (Client.java:handleConnectionFailure(977)) - Retrying connect to server: localhost/127.0.0.1:44825. Already tried 0 time(s); retry policy is RetryUpToMaximumCountWithFixedSleep(maxRetries=15, sleepTime=1000 MILLISECONDS)
2022-07-21 18:24:47,133 [grpc-default-executor-1] WARN  server.GrpcLogAppender (LogUtils.java:warn(122)) - 6c219fae-6e05-4936-867a-162ef996a9c6@group-DC8BB834FA26->1195622a-6e13-4f92-83dd-ad3d63b418dc-AppendLogResponseHandler: Failed appendEntries: org.apache.ratis.thirdparty.io.grpc.StatusRuntimeException: UNAVAILABLE: io exception
2022-07-21 18:24:47,134 [grpc-default-executor-1] INFO  leader.FollowerInfo (FollowerInfoImpl.java:lambda$new$0(48)) - 6c219fae-6e05-4936-867a-162ef996a9c6@group-DC8BB834FA26->1195622a-6e13-4f92-83dd-ad3d63b418dc: nextIndex: updateUnconditionally 29 -> 28
2022-07-21 18:24:47,140 [grpc-default-executor-1] WARN  server.GrpcLogAppender (LogUtils.java:warn(122)) - 6c219fae-6e05-4936-867a-162ef996a9c6@group-DC8BB834FA26->a989fbd8-2b6d-434f-a2fe-f7a7e8b88707-AppendLogResponseHandler: Failed appendEntries: org.apache.ratis.thirdparty.io.grpc.StatusRuntimeException: UNAVAILABLE: io exception
2022-07-21 18:24:47,141 [grpc-default-executor-1] INFO  leader.FollowerInfo (FollowerInfoImpl.java:lambda$new$0(48)) - 6c219fae-6e05-4936-867a-162ef996a9c6@group-DC8BB834FA26->a989fbd8-2b6d-434f-a2fe-f7a7e8b88707: nextIndex: updateUnconditionally 29 -> 28
2022-07-21 18:24:48,078 [EndpointStateMachine task thread for /127.0.0.1:38303 - 0 ] INFO  ipc.Client (Client.java:handleConnectionFailure(977)) - Retrying connect to server: localhost/127.0.0.1:38303. Already tried 1 time(s); retry policy is RetryUpToMaximumCountWithFixedSleep(maxRetries=15, sleepTime=1000 MILLISECONDS)
2022-07-21 18:24:48,078 [EndpointStateMachine task thread for /127.0.0.1:40299 - 0 ] INFO  ipc.Client (Client.java:handleConnectionFailure(977)) - Retrying connect to server: localhost/127.0.0.1:40299. Already tried 1 time(s); retry policy is RetryUpToMaximumCountWithFixedSleep(maxRetries=15, sleepTime=1000 MILLISECONDS)
2022-07-21 18:24:48,079 [EndpointStateMachine task thread for /127.0.0.1:44825 - 0 ] INFO  ipc.Client (Client.java:handleConnectionFailure(977)) - Retrying connect to server: localhost/127.0.0.1:44825. Already tried 1 time(s); retry policy is RetryUpToMaximumCountWithFixedSleep(maxRetries=15, sleepTime=1000 MILLISECONDS)
2022-07-21 18:24:48,157 [SCM Heartbeat Processing Thread - 0] WARN  node.NodeStateManager (NodeStateManager.java:scheduleNextHealthCheck(870)) - Current Thread is interrupted, shutting down HB processing thread for Node Manager.
2022-07-21 18:24:48,157 [Listener at 127.0.0.1/34741] INFO  server.StorageContainerManager (StorageContainerManager.java:stop(1580)) - Stopping block service RPC server
2022-07-21 18:24:48,157 [Listener at 127.0.0.1/34741] INFO  server.SCMBlockProtocolServer (SCMBlockProtocolServer.java:stop(161)) - Stopping the RPC server for Block Protocol
2022-07-21 18:24:48,157 [Listener at 127.0.0.1/34741] INFO  ipc.Server (Server.java:stop(3414)) - Stopping server on 37887
2022-07-21 18:24:48,167 [IPC Server listener on 37887] INFO  ipc.Server (Server.java:run(1376)) - Stopping IPC Server listener on 37887
2022-07-21 18:24:48,168 [Listener at 127.0.0.1/34741] INFO  server.StorageContainerManager (StorageContainerManager.java:stop(1587)) - Stopping the StorageContainerLocationProtocol RPC server
2022-07-21 18:24:48,168 [Listener at 127.0.0.1/34741] INFO  server.SCMClientProtocolServer (SCMClientProtocolServer.java:stop(179)) - Stopping the RPC server for Client Protocol
2022-07-21 18:24:48,168 [Listener at 127.0.0.1/34741] INFO  ipc.Server (Server.java:stop(3414)) - Stopping server on 46107
2022-07-21 18:24:48,168 [IPC Server Responder] INFO  ipc.Server (Server.java:run(1512)) - Stopping IPC Server Responder
2022-07-21 18:24:48,181 [IPC Server listener on 46107] INFO  ipc.Server (Server.java:run(1376)) - Stopping IPC Server listener on 46107
2022-07-21 18:24:48,181 [Listener at 127.0.0.1/34741] INFO  server.StorageContainerManager (StorageContainerManager.java:stop(1594)) - Stopping Storage Container Manager HTTP server.
2022-07-21 18:24:48,182 [IPC Server Responder] INFO  ipc.Server (Server.java:run(1512)) - Stopping IPC Server Responder
2022-07-21 18:24:48,183 [Listener at 127.0.0.1/34741] INFO  handler.ContextHandler (ContextHandler.java:doStop(1153)) - Stopped o.e.j.w.WebAppContext@786888{scm,/,null,STOPPED}{file:/home/runner/work/ozone/ozone/hadoop-ozone/integration-test/target/test-classes/webapps/scm}
2022-07-21 18:24:48,185 [Listener at 127.0.0.1/34741] INFO  server.AbstractConnector (AbstractConnector.java:doStop(381)) - Stopped ServerConnector@3d6fd002{HTTP/1.1, (http/1.1)}{0.0.0.0:44819}
2022-07-21 18:24:48,185 [Listener at 127.0.0.1/34741] INFO  server.session (HouseKeeper.java:stopScavenging(149)) - node0 Stopped scavenging
2022-07-21 18:24:48,185 [Listener at 127.0.0.1/34741] INFO  handler.ContextHandler (ContextHandler.java:doStop(1153)) - Stopped o.e.j.s.ServletContextHandler@5f04f84d{static,/static,file:///home/runner/work/ozone/ozone/hadoop-ozone/integration-test/target/test-classes/webapps/static,STOPPED}
2022-07-21 18:24:48,185 [Listener at 127.0.0.1/34741] INFO  handler.ContextHandler (ContextHandler.java:doStop(1153)) - Stopped o.e.j.s.ServletContextHandler@5b16a315{logs,/logs,file:///home/runner/work/ozone/ozone/hadoop-ozone/integration-test/target/log,STOPPED}
2022-07-21 18:24:48,187 [Listener at 127.0.0.1/34741] INFO  server.StorageContainerManager (StorageContainerManager.java:stop(1605)) - Stopping Block Manager Service.
2022-07-21 18:24:48,187 [Listener at 127.0.0.1/34741] INFO  utils.BackgroundService (BackgroundService.java:shutdown(141)) - Shutting down service SCMBlockDeletingService
2022-07-21 18:24:48,187 [Listener at 127.0.0.1/34741] INFO  utils.BackgroundService (BackgroundService.java:shutdown(141)) - Shutting down service SCMBlockDeletingService
2022-07-21 18:24:48,187 [Listener at 127.0.0.1/34741] INFO  server.StorageContainerManager (StorageContainerManager.java:stop(1632)) - Stopping SCM Event Queue.
2022-07-21 18:24:48,190 [Listener at 127.0.0.1/34741] INFO  server.StorageContainerManager (StorageContainerManager.java:stop(1643)) - Stopping SCM HA services.
2022-07-21 18:24:48,190 [Listener at 127.0.0.1/34741] INFO  ha.SCMRatisServerImpl (SCMRatisServerImpl.java:stop(238)) - stopping ratis server 0.0.0.0:35447
2022-07-21 18:24:48,190 [Listener at 127.0.0.1/34741] INFO  server.RaftServer (RaftServerProxy.java:lambda$close$7(398)) - 6c219fae-6e05-4936-867a-162ef996a9c6: close
2022-07-21 18:24:48,190 [Listener at 127.0.0.1/34741] INFO  server.RaftServer$Division (RaftServerImpl.java:lambda$close$4(434)) - 6c219fae-6e05-4936-867a-162ef996a9c6@group-DC8BB834FA26: shutdown
2022-07-21 18:24:48,190 [Listener at 127.0.0.1/34741] INFO  util.JmxRegister (JmxRegister.java:unregister(73)) - Successfully un-registered JMX Bean with object name Ratis:service=RaftServer,group=group-DC8BB834FA26,id=6c219fae-6e05-4936-867a-162ef996a9c6
2022-07-21 18:24:48,190 [Listener at 127.0.0.1/34741] INFO  impl.RoleInfo (RoleInfo.java:shutdownLeaderState(93)) - 6c219fae-6e05-4936-867a-162ef996a9c6: shutdown 6c219fae-6e05-4936-867a-162ef996a9c6@group-DC8BB834FA26-LeaderStateImpl
2022-07-21 18:24:48,191 [6c219fae-6e05-4936-867a-162ef996a9c6@group-DC8BB834FA26->a989fbd8-2b6d-434f-a2fe-f7a7e8b88707-GrpcLogAppender-LogAppenderDaemon] WARN  server.GrpcLogAppender (GrpcLogAppender.java:mayWait(171)) - 6c219fae-6e05-4936-867a-162ef996a9c6@group-DC8BB834FA26->a989fbd8-2b6d-434f-a2fe-f7a7e8b88707-GrpcLogAppender: Wait interrupted by java.lang.InterruptedException
2022-07-21 18:24:48,191 [Listener at 127.0.0.1/34741] INFO  impl.PendingRequests (PendingRequests.java:sendNotLeaderResponses(282)) - 6c219fae-6e05-4936-867a-162ef996a9c6@group-DC8BB834FA26-PendingRequests: sendNotLeaderResponses
2022-07-21 18:24:48,192 [Listener at 127.0.0.1/34741] INFO  ha.SCMStateMachine (SCMStateMachine.java:notifyNotLeader(190)) - current leader SCM steps down.
2022-07-21 18:24:48,192 [Listener at 127.0.0.1/34741] INFO  ha.SCMContext (SCMContext.java:updateLeaderAndTerm(99)) - update <isLeader,term> from <true,2> to <false,0>
2022-07-21 18:24:48,192 [6c219fae-6e05-4936-867a-162ef996a9c6@group-DC8BB834FA26->1195622a-6e13-4f92-83dd-ad3d63b418dc-GrpcLogAppender-LogAppenderDaemon] WARN  server.GrpcLogAppender (GrpcLogAppender.java:mayWait(171)) - 6c219fae-6e05-4936-867a-162ef996a9c6@group-DC8BB834FA26->1195622a-6e13-4f92-83dd-ad3d63b418dc-GrpcLogAppender: Wait interrupted by java.lang.InterruptedException
2022-07-21 18:24:48,192 [Listener at 127.0.0.1/34741] INFO  ha.SCMContext (SCMContext.java:updateLeaderAndTerm(106)) - update <isLeaderReady> from <false> to <false>
2022-07-21 18:24:48,192 [Listener at 127.0.0.1/34741] INFO  BackgroundPipelineScrubber (BackgroundSCMService.java:notifyStatusChanged(88)) - Service BackgroundPipelineScrubber transitions to PAUSING.
2022-07-21 18:24:48,192 [Listener at 127.0.0.1/34741] INFO  ExpiredContainerReplicaOpScrubber (BackgroundSCMService.java:notifyStatusChanged(88)) - Service ExpiredContainerReplicaOpScrubber transitions to PAUSING.
2022-07-21 18:24:48,192 [Listener at 127.0.0.1/34741] INFO  UnderReplicatedQueueThread (BackgroundSCMService.java:notifyStatusChanged(88)) - Service UnderReplicatedQueueThread transitions to PAUSING.
2022-07-21 18:24:48,192 [Listener at 127.0.0.1/34741] INFO  OverReplicatedQueueThread (BackgroundSCMService.java:notifyStatusChanged(88)) - Service OverReplicatedQueueThread transitions to PAUSING.
2022-07-21 18:24:48,193 [Listener at 127.0.0.1/34741] INFO  impl.StateMachineUpdater (StateMachineUpdater.java:stopAndJoin(153)) - 6c219fae-6e05-4936-867a-162ef996a9c6@group-DC8BB834FA26-StateMachineUpdater: set stopIndex = 28
2022-07-21 18:24:48,194 [6c219fae-6e05-4936-867a-162ef996a9c6@group-DC8BB834FA26-StateMachineUpdater] INFO  ha.SCMStateMachine (SCMStateMachine.java:takeSnapshot(297)) - Current Snapshot Index 28, takeSnapshot took 0 ms
2022-07-21 18:24:48,194 [6c219fae-6e05-4936-867a-162ef996a9c6@group-DC8BB834FA26-StateMachineUpdater] INFO  impl.StateMachineUpdater (StateMachineUpdater.java:takeSnapshot(287)) - 6c219fae-6e05-4936-867a-162ef996a9c6@group-DC8BB834FA26-StateMachineUpdater: Took a snapshot at index 28
2022-07-21 18:24:48,194 [6c219fae-6e05-4936-867a-162ef996a9c6@group-DC8BB834FA26-StateMachineUpdater] INFO  impl.StateMachineUpdater (StateMachineUpdater.java:lambda$new$0(92)) - 6c219fae-6e05-4936-867a-162ef996a9c6@group-DC8BB834FA26-StateMachineUpdater: snapshotIndex: updateIncreasingly -1 -> 28
2022-07-21 18:24:48,194 [6c219fae-6e05-4936-867a-162ef996a9c6@group-DC8BB834FA26-StateMachineUpdater] INFO  server.StorageContainerManager (StorageContainerManager.java:stop(1544)) - Container Balancer is not running.
2022-07-21 18:24:48,194 [6c219fae-6e05-4936-867a-162ef996a9c6@group-DC8BB834FA26-StateMachineUpdater] INFO  server.StorageContainerManager (StorageContainerManager.java:stop(1551)) - Stopping Replication Manager Service.
2022-07-21 18:24:48,194 [6c219fae-6e05-4936-867a-162ef996a9c6@group-DC8BB834FA26-StateMachineUpdater] INFO  replication.ReplicationManager (ReplicationManager.java:stop(239)) - Replication Monitor Thread is not running.
2022-07-21 18:24:48,194 [6c219fae-6e05-4936-867a-162ef996a9c6@group-DC8BB834FA26-StateMachineUpdater] INFO  server.StorageContainerManager (StorageContainerManager.java:stop(1558)) - Stopping the Datanode Admin Monitor.
2022-07-21 18:24:48,194 [6c219fae-6e05-4936-867a-162ef996a9c6@group-DC8BB834FA26-StateMachineUpdater] INFO  server.StorageContainerManager (StorageContainerManager.java:stop(1565)) - Stopping Lease Manager of the command watchers
2022-07-21 18:24:48,194 [6c219fae-6e05-4936-867a-162ef996a9c6@group-DC8BB834FA26-StateMachineUpdater] ERROR server.StorageContainerManager (StorageContainerManager.java:stop(1568)) - Lease Manager of the command watchers stop failed
2022-07-21 18:24:48,194 [6c219fae-6e05-4936-867a-162ef996a9c6@group-DC8BB834FA26-StateMachineUpdater] INFO  server.StorageContainerManager (StorageContainerManager.java:stop(1572)) - Stopping datanode service RPC server
2022-07-21 18:24:48,194 [6c219fae-6e05-4936-867a-162ef996a9c6@group-DC8BB834FA26-StateMachineUpdater] INFO  server.SCMDatanodeProtocolServer (SCMDatanodeProtocolServer.java:stop(414)) - Stopping the RPC server for DataNodes
2022-07-21 18:24:48,194 [6c219fae-6e05-4936-867a-162ef996a9c6@group-DC8BB834FA26-StateMachineUpdater] INFO  ipc.Server (Server.java:stop(3414)) - Stopping server on 44825
2022-07-21 18:24:48,194 [6c219fae-6e05-4936-867a-162ef996a9c6@group-DC8BB834FA26-StateMachineUpdater] INFO  server.StorageContainerManager (StorageContainerManager.java:stop(1580)) - Stopping block service RPC server
2022-07-21 18:24:48,195 [6c219fae-6e05-4936-867a-162ef996a9c6@group-DC8BB834FA26-StateMachineUpdater] INFO  server.SCMBlockProtocolServer (SCMBlockProtocolServer.java:stop(161)) - Stopping the RPC server for Block Protocol
2022-07-21 18:24:48,195 [6c219fae-6e05-4936-867a-162ef996a9c6@group-DC8BB834FA26-StateMachineUpdater] INFO  ipc.Server (Server.java:stop(3414)) - Stopping server on 37887
2022-07-21 18:24:48,195 [6c219fae-6e05-4936-867a-162ef996a9c6@group-DC8BB834FA26-StateMachineUpdater] INFO  server.StorageContainerManager (StorageContainerManager.java:stop(1587)) - Stopping the StorageContainerLocationProtocol RPC server
2022-07-21 18:24:48,195 [6c219fae-6e05-4936-867a-162ef996a9c6@group-DC8BB834FA26-StateMachineUpdater] INFO  server.SCMClientProtocolServer (SCMClientProtocolServer.java:stop(179)) - Stopping the RPC server for Client Protocol
2022-07-21 18:24:48,195 [6c219fae-6e05-4936-867a-162ef996a9c6@group-DC8BB834FA26-StateMachineUpdater] INFO  ipc.Server (Server.java:stop(3414)) - Stopping server on 46107
2022-07-21 18:24:48,195 [6c219fae-6e05-4936-867a-162ef996a9c6@group-DC8BB834FA26-StateMachineUpdater] INFO  server.StorageContainerManager (StorageContainerManager.java:stop(1594)) - Stopping Storage Container Manager HTTP server.
2022-07-21 18:24:48,195 [6c219fae-6e05-4936-867a-162ef996a9c6@group-DC8BB834FA26-StateMachineUpdater] INFO  server.StorageContainerManager (StorageContainerManager.java:stop(1605)) - Stopping Block Manager Service.
2022-07-21 18:24:48,195 [6c219fae-6e05-4936-867a-162ef996a9c6@group-DC8BB834FA26-StateMachineUpdater] INFO  utils.BackgroundService (BackgroundService.java:shutdown(141)) - Shutting down service SCMBlockDeletingService
2022-07-21 18:24:48,195 [6c219fae-6e05-4936-867a-162ef996a9c6@group-DC8BB834FA26-StateMachineUpdater] INFO  utils.BackgroundService (BackgroundService.java:shutdown(141)) - Shutting down service SCMBlockDeletingService
2022-07-21 18:24:48,195 [6c219fae-6e05-4936-867a-162ef996a9c6@group-DC8BB834FA26-StateMachineUpdater] INFO  server.StorageContainerManager (StorageContainerManager.java:stop(1632)) - Stopping SCM Event Queue.
2022-07-21 18:24:48,195 [6c219fae-6e05-4936-867a-162ef996a9c6@group-DC8BB834FA26-StateMachineUpdater] INFO  server.StorageContainerManager (StorageContainerManager.java:stop(1643)) - Stopping SCM HA services.
2022-07-21 18:24:48,196 [6c219fae-6e05-4936-867a-162ef996a9c6@group-DC8BB834FA26-StateMachineUpdater] INFO  ha.SCMRatisServerImpl (SCMRatisServerImpl.java:stop(238)) - stopping ratis server 0.0.0.0:35447
2022-07-21 18:24:48,196 [org.apache.ratis.util.JvmPauseMonitor$$Lambda$519/1846153014@4423045] INFO  util.JvmPauseMonitor (JvmPauseMonitor.java:run(109)) - JvmPauseMonitor-6c219fae-6e05-4936-867a-162ef996a9c6: Stopped
2022-07-21 18:24:48,197 [6c219fae-6e05-4936-867a-162ef996a9c6@group-DC8BB834FA26-StateMachineUpdater] INFO  pipeline.BackgroundPipelineCreator (BackgroundPipelineCreator.java:stop(149)) - Stopping RatisPipelineUtilsThread.
2022-07-21 18:24:48,197 [RatisPipelineUtilsThread - 0] WARN  pipeline.BackgroundPipelineCreator (BackgroundPipelineCreator.java:run(180)) - RatisPipelineUtilsThread is interrupted.
2022-07-21 18:24:48,197 [6c219fae-6e05-4936-867a-162ef996a9c6@group-DC8BB834FA26-StateMachineUpdater] INFO  BackgroundPipelineScrubber (BackgroundSCMService.java:stop(126)) - Stopping BackgroundPipelineScrubber Service.
2022-07-21 18:24:48,197 [BackgroundPipelineScrubberThread] WARN  BackgroundPipelineScrubber (BackgroundSCMService.java:run(110)) - BackgroundPipelineScrubber is interrupted, exit
2022-07-21 18:24:48,197 [6c219fae-6e05-4936-867a-162ef996a9c6@group-DC8BB834FA26-StateMachineUpdater] INFO  server.StorageContainerManager (StorageContainerManager.java:stop(1653)) - Stopping SCM MetadataStore.
2022-07-21 18:24:48,198 [6c219fae-6e05-4936-867a-162ef996a9c6@group-DC8BB834FA26-StateMachineUpdater] INFO  impl.MetricsSystemImpl (MetricsSystemImpl.java:stop(205)) - HddsDatanode metrics system stopped (again)
2022-07-21 18:24:48,199 [6c219fae-6e05-4936-867a-162ef996a9c6@group-DC8BB834FA26-StateMachineUpdater] ERROR server.StorageContainerManager (ExitUtils.java:terminate(133)) - Terminating with exit status 1: scm statemachine is closed by ratis, terminate SCM
2022-07-21 18:24:48,199 [6c219fae-6e05-4936-867a-162ef996a9c6@group-DC8BB834FA26-StateMachineUpdater] WARN  impl.StateMachineUpdater (StateMachineUpdater.java:stop(137)) - 6c219fae-6e05-4936-867a-162ef996a9c6@group-DC8BB834FA26-StateMachineUpdater: Failed to close SCMStateMachine SCMStateMachine:6c219fae-6e05-4936-867a-162ef996a9c6:group-DC8BB834FA26
org.apache.ratis.util.ExitUtils$ExitException: scm statemachine is closed by ratis, terminate SCM
	at org.apache.ratis.util.ExitUtils.terminate(ExitUtils.java:141)
	at org.apache.ratis.util.ExitUtils.terminate(ExitUtils.java:151)
	at org.apache.ratis.util.ExitUtils.terminate(ExitUtils.java:155)
	at org.apache.hadoop.hdds.scm.server.StorageContainerManager.shutDown(StorageContainerManager.java:1669)
	at org.apache.hadoop.hdds.scm.ha.SCMStateMachine.close(SCMStateMachine.java:403)
	at org.apache.ratis.server.impl.StateMachineUpdater.stop(StateMachineUpdater.java:134)
	at org.apache.ratis.server.impl.StateMachineUpdater.run(StateMachineUpdater.java:187)
	at java.lang.Thread.run(Thread.java:750)
2022-07-21 18:24:48,199 [Listener at 127.0.0.1/34741] INFO  server.RaftServer$Division (ServerState.java:close(429)) - 6c219fae-6e05-4936-867a-162ef996a9c6@group-DC8BB834FA26: closes. applyIndex: 28
2022-07-21 18:24:48,199 [6c219fae-6e05-4936-867a-162ef996a9c6@group-DC8BB834FA26-SegmentedRaftLogWorker] INFO  segmented.SegmentedRaftLogWorker (SegmentedRaftLogWorker.java:run(336)) - 6c219fae-6e05-4936-867a-162ef996a9c6@group-DC8BB834FA26-SegmentedRaftLogWorker was interrupted, exiting. There are 0 tasks remaining in the queue.
2022-07-21 18:24:48,201 [Listener at 127.0.0.1/34741] INFO  segmented.SegmentedRaftLogWorker (SegmentedRaftLogWorker.java:close(246)) - 6c219fae-6e05-4936-867a-162ef996a9c6@group-DC8BB834FA26-SegmentedRaftLogWorker close()
2022-07-21 18:24:48,202 [Listener at 127.0.0.1/34741] INFO  server.GrpcService (GrpcService.java:closeImpl(269)) - 6c219fae-6e05-4936-867a-162ef996a9c6: shutdown server with port 35447 now
2022-07-21 18:24:48,204 [Listener at 127.0.0.1/34741] INFO  server.GrpcService (GrpcService.java:closeImpl(278)) - 6c219fae-6e05-4936-867a-162ef996a9c6: shutdown server with port 35447 successfully
2022-07-21 18:24:48,204 [Listener at 127.0.0.1/34741] WARN  pipeline.BackgroundPipelineCreator (BackgroundPipelineCreator.java:stop(145)) - RatisPipelineUtilsThread is not running, just ignore.
2022-07-21 18:24:48,204 [Listener at 127.0.0.1/34741] INFO  BackgroundPipelineScrubber (BackgroundSCMService.java:stop(121)) - BackgroundPipelineScrubber Service is not running, skip stop.
2022-07-21 18:24:48,204 [Listener at 127.0.0.1/34741] INFO  server.StorageContainerManager (StorageContainerManager.java:stop(1653)) - Stopping SCM MetadataStore.
2022-07-21 18:24:48,204 [Listener at 127.0.0.1/34741] INFO  impl.MetricsSystemImpl (MetricsSystemImpl.java:stop(205)) - HddsDatanode metrics system stopped (again)
2022-07-21 18:24:48,205 [Listener at 127.0.0.1/34741] INFO  ozone.MiniOzoneClusterImpl (MiniOzoneClusterImpl.java:stop(463)) - Stopping the Mini Ozone Cluster
2022-07-21 18:24:48,205 [Listener at 127.0.0.1/34741] INFO  ozone.MiniOzoneClusterImpl (MiniOzoneClusterImpl.java:stopDatanodes(522)) - Stopping the HddsDatanodes
2022-07-21 18:24:48,687 [Datanode State Machine Daemon Thread] WARN  statemachine.StateContext (StateContext.java:setState(252)) - Ignore disallowed transition from SHUTDOWN to RUNNING
2022-07-21 18:24:49,067 [Datanode State Machine Daemon Thread] WARN  statemachine.StateContext (StateContext.java:setState(252)) - Ignore disallowed transition from SHUTDOWN to RUNNING
2022-07-21 18:24:49,079 [EndpointStateMachine task thread for /127.0.0.1:38303 - 0 ] INFO  ipc.Client (Client.java:handleConnectionFailure(977)) - Retrying connect to server: localhost/127.0.0.1:38303. Already tried 2 time(s); retry policy is RetryUpToMaximumCountWithFixedSleep(maxRetries=15, sleepTime=1000 MILLISECONDS)
2022-07-21 18:24:49,079 [EndpointStateMachine task thread for /127.0.0.1:40299 - 0 ] INFO  ipc.Client (Client.java:handleConnectionFailure(977)) - Retrying connect to server: localhost/127.0.0.1:40299. Already tried 2 time(s); retry policy is RetryUpToMaximumCountWithFixedSleep(maxRetries=15, sleepTime=1000 MILLISECONDS)
2022-07-21 18:24:49,080 [EndpointStateMachine task thread for /127.0.0.1:44825 - 0 ] INFO  ipc.Client (Client.java:handleConnectionFailure(977)) - Retrying connect to server: localhost/127.0.0.1:44825. Already tried 2 time(s); retry policy is RetryUpToMaximumCountWithFixedSleep(maxRetries=15, sleepTime=1000 MILLISECONDS)
2022-07-21 18:24:49,337 [5d1fd1ad-3ffc-45d7-9cc9-017894943827@group-1E3CD0BE553D-FollowerState] INFO  impl.FollowerState (FollowerState.java:run(143)) - 5d1fd1ad-3ffc-45d7-9cc9-017894943827@group-1E3CD0BE553D-FollowerState: change to CANDIDATE, lastRpcElapsedTime:5076450737ns, electionTimeout:5076ms
2022-07-21 18:24:49,337 [5d1fd1ad-3ffc-45d7-9cc9-017894943827@group-1E3CD0BE553D-FollowerState] INFO  impl.RoleInfo (RoleInfo.java:shutdownFollowerState(110)) - 5d1fd1ad-3ffc-45d7-9cc9-017894943827: shutdown 5d1fd1ad-3ffc-45d7-9cc9-017894943827@group-1E3CD0BE553D-FollowerState
2022-07-21 18:24:49,337 [5d1fd1ad-3ffc-45d7-9cc9-017894943827@group-1E3CD0BE553D-FollowerState] INFO  server.RaftServer$Division (RaftServerImpl.java:setRole(299)) - 5d1fd1ad-3ffc-45d7-9cc9-017894943827@group-1E3CD0BE553D: changes role from  FOLLOWER to CANDIDATE at term 1 for changeToCandidate
2022-07-21 18:24:49,338 [5d1fd1ad-3ffc-45d7-9cc9-017894943827@group-1E3CD0BE553D-FollowerState] INFO  server.RaftServerConfigKeys (ConfUtils.java:logGet(46)) - raft.server.leaderelection.pre-vote = false (custom)
2022-07-21 18:24:49,338 [5d1fd1ad-3ffc-45d7-9cc9-017894943827@group-1E3CD0BE553D-FollowerState] INFO  impl.RoleInfo (RoleInfo.java:updateAndGet(139)) - 5d1fd1ad-3ffc-45d7-9cc9-017894943827: start 5d1fd1ad-3ffc-45d7-9cc9-017894943827@group-1E3CD0BE553D-LeaderElection13
2022-07-21 18:24:49,342 [5d1fd1ad-3ffc-45d7-9cc9-017894943827@group-1E3CD0BE553D-LeaderElection13] INFO  impl.LeaderElection (LeaderElection.java:askForVotes(310)) - 5d1fd1ad-3ffc-45d7-9cc9-017894943827@group-1E3CD0BE553D-LeaderElection13 ELECTION round 0: submit vote requests at term 2 for -1: [0155c29a-c486-4ab3-a60c-46cc4bf5ae0a|rpc:127.0.0.1:39157|priority:0, 5d1fd1ad-3ffc-45d7-9cc9-017894943827|rpc:127.0.0.1:39605|priority:0, e726e41b-5eae-4257-b10a-91e952b7f2e4|rpc:127.0.0.1:33341|priority:1], old=null
2022-07-21 18:24:49,355 [grpc-default-executor-1] INFO  server.RaftServer$Division (RaftServerImpl.java:requestVote(1152)) - 0155c29a-c486-4ab3-a60c-46cc4bf5ae0a@group-1E3CD0BE553D: receive requestVote(ELECTION, 5d1fd1ad-3ffc-45d7-9cc9-017894943827, group-1E3CD0BE553D, 2, (t:0, i:0))
2022-07-21 18:24:49,355 [e726e41b-5eae-4257-b10a-91e952b7f2e4@group-1E3CD0BE553D-FollowerState] INFO  impl.FollowerState (FollowerState.java:run(143)) - e726e41b-5eae-4257-b10a-91e952b7f2e4@group-1E3CD0BE553D-FollowerState: change to CANDIDATE, lastRpcElapsedTime:5112739856ns, electionTimeout:5102ms
2022-07-21 18:24:49,355 [grpc-default-executor-1] INFO  impl.VoteContext (VoteContext.java:log(48)) - 0155c29a-c486-4ab3-a60c-46cc4bf5ae0a@group-1E3CD0BE553D-FOLLOWER: accept ELECTION from 5d1fd1ad-3ffc-45d7-9cc9-017894943827: our priority 0 <= candidate's priority 0
2022-07-21 18:24:49,355 [grpc-default-executor-1] INFO  server.RaftServer$Division (RaftServerImpl.java:setRole(299)) - 0155c29a-c486-4ab3-a60c-46cc4bf5ae0a@group-1E3CD0BE553D: changes role from  FOLLOWER to FOLLOWER at term 2 for candidate:5d1fd1ad-3ffc-45d7-9cc9-017894943827
2022-07-21 18:24:49,356 [grpc-default-executor-1] INFO  impl.RoleInfo (RoleInfo.java:shutdownFollowerState(110)) - 0155c29a-c486-4ab3-a60c-46cc4bf5ae0a: shutdown 0155c29a-c486-4ab3-a60c-46cc4bf5ae0a@group-1E3CD0BE553D-FollowerState
2022-07-21 18:24:49,356 [grpc-default-executor-1] INFO  impl.RoleInfo (RoleInfo.java:updateAndGet(139)) - 0155c29a-c486-4ab3-a60c-46cc4bf5ae0a: start 0155c29a-c486-4ab3-a60c-46cc4bf5ae0a@group-1E3CD0BE553D-FollowerState
2022-07-21 18:24:49,356 [0155c29a-c486-4ab3-a60c-46cc4bf5ae0a@group-1E3CD0BE553D-FollowerState] INFO  impl.FollowerState (FollowerState.java:run(152)) - 0155c29a-c486-4ab3-a60c-46cc4bf5ae0a@group-1E3CD0BE553D-FollowerState was interrupted
2022-07-21 18:24:49,355 [e726e41b-5eae-4257-b10a-91e952b7f2e4@group-1E3CD0BE553D-FollowerState] INFO  impl.RoleInfo (RoleInfo.java:shutdownFollowerState(110)) - e726e41b-5eae-4257-b10a-91e952b7f2e4: shutdown e726e41b-5eae-4257-b10a-91e952b7f2e4@group-1E3CD0BE553D-FollowerState
2022-07-21 18:24:49,358 [e726e41b-5eae-4257-b10a-91e952b7f2e4@group-1E3CD0BE553D-FollowerState] INFO  server.RaftServer$Division (RaftServerImpl.java:setRole(299)) - e726e41b-5eae-4257-b10a-91e952b7f2e4@group-1E3CD0BE553D: changes role from  FOLLOWER to CANDIDATE at term 1 for changeToCandidate
2022-07-21 18:24:49,362 [e726e41b-5eae-4257-b10a-91e952b7f2e4@group-1E3CD0BE553D-FollowerState] INFO  server.RaftServerConfigKeys (ConfUtils.java:logGet(46)) - raft.server.leaderelection.pre-vote = false (custom)
2022-07-21 18:24:49,362 [e726e41b-5eae-4257-b10a-91e952b7f2e4@group-1E3CD0BE553D-FollowerState] INFO  impl.RoleInfo (RoleInfo.java:updateAndGet(139)) - e726e41b-5eae-4257-b10a-91e952b7f2e4: start e726e41b-5eae-4257-b10a-91e952b7f2e4@group-1E3CD0BE553D-LeaderElection14
2022-07-21 18:24:49,365 [grpc-default-executor-2] INFO  server.RaftServer$Division (RaftServerImpl.java:requestVote(1152)) - e726e41b-5eae-4257-b10a-91e952b7f2e4@group-1E3CD0BE553D: receive requestVote(ELECTION, 5d1fd1ad-3ffc-45d7-9cc9-017894943827, group-1E3CD0BE553D, 2, (t:0, i:0))
2022-07-21 18:24:49,365 [grpc-default-executor-2] INFO  impl.VoteContext (VoteContext.java:log(48)) - e726e41b-5eae-4257-b10a-91e952b7f2e4@group-1E3CD0BE553D-CANDIDATE: reject ELECTION from 5d1fd1ad-3ffc-45d7-9cc9-017894943827: our priority 1 > candidate's priority 0
2022-07-21 18:24:49,365 [grpc-default-executor-2] INFO  server.RaftServer$Division (RaftServerImpl.java:setRole(299)) - e726e41b-5eae-4257-b10a-91e952b7f2e4@group-1E3CD0BE553D: changes role from CANDIDATE to FOLLOWER at term 2 for candidate:5d1fd1ad-3ffc-45d7-9cc9-017894943827
2022-07-21 18:24:49,365 [grpc-default-executor-2] INFO  impl.RoleInfo (RoleInfo.java:shutdownLeaderElection(130)) - e726e41b-5eae-4257-b10a-91e952b7f2e4: shutdown e726e41b-5eae-4257-b10a-91e952b7f2e4@group-1E3CD0BE553D-LeaderElection14
2022-07-21 18:24:49,365 [grpc-default-executor-2] INFO  impl.RoleInfo (RoleInfo.java:updateAndGet(139)) - e726e41b-5eae-4257-b10a-91e952b7f2e4: start e726e41b-5eae-4257-b10a-91e952b7f2e4@group-1E3CD0BE553D-FollowerState
2022-07-21 18:24:49,366 [e726e41b-5eae-4257-b10a-91e952b7f2e4@group-1E3CD0BE553D-LeaderElection14] INFO  impl.LeaderElection (LeaderElection.java:run(231)) - e726e41b-5eae-4257-b10a-91e952b7f2e4@group-1E3CD0BE553D-LeaderElection14: skip running since this is already CLOSING
2022-07-21 18:24:49,367 [grpc-default-executor-1] INFO  server.RaftServer$Division (RaftServerImpl.java:requestVote(1184)) - 0155c29a-c486-4ab3-a60c-46cc4bf5ae0a@group-1E3CD0BE553D replies to ELECTION vote request: 5d1fd1ad-3ffc-45d7-9cc9-017894943827<-0155c29a-c486-4ab3-a60c-46cc4bf5ae0a#0:OK-t2. Peer's state: 0155c29a-c486-4ab3-a60c-46cc4bf5ae0a@group-1E3CD0BE553D:t2, leader=null, voted=5d1fd1ad-3ffc-45d7-9cc9-017894943827, raftlog=0155c29a-c486-4ab3-a60c-46cc4bf5ae0a@group-1E3CD0BE553D-SegmentedRaftLog:OPENED:c-1, conf=-1: [0155c29a-c486-4ab3-a60c-46cc4bf5ae0a|rpc:127.0.0.1:39157|dataStream:|priority:0, 5d1fd1ad-3ffc-45d7-9cc9-017894943827|rpc:127.0.0.1:39605|dataStream:|priority:0, e726e41b-5eae-4257-b10a-91e952b7f2e4|rpc:127.0.0.1:33341|dataStream:|priority:1], old=null
2022-07-21 18:24:49,370 [grpc-default-executor-2] INFO  server.RaftServer$Division (RaftServerImpl.java:requestVote(1184)) - e726e41b-5eae-4257-b10a-91e952b7f2e4@group-1E3CD0BE553D replies to ELECTION vote request: 5d1fd1ad-3ffc-45d7-9cc9-017894943827<-e726e41b-5eae-4257-b10a-91e952b7f2e4#0:FAIL-t2. Peer's state: e726e41b-5eae-4257-b10a-91e952b7f2e4@group-1E3CD0BE553D:t2, leader=null, voted=null, raftlog=e726e41b-5eae-4257-b10a-91e952b7f2e4@group-1E3CD0BE553D-SegmentedRaftLog:OPENED:c-1, conf=-1: [0155c29a-c486-4ab3-a60c-46cc4bf5ae0a|rpc:127.0.0.1:39157|dataStream:|priority:0, 5d1fd1ad-3ffc-45d7-9cc9-017894943827|rpc:127.0.0.1:39605|dataStream:|priority:0, e726e41b-5eae-4257-b10a-91e952b7f2e4|rpc:127.0.0.1:33341|dataStream:|priority:1], old=null
2022-07-21 18:24:49,372 [5d1fd1ad-3ffc-45d7-9cc9-017894943827@group-1E3CD0BE553D-LeaderElection13] INFO  impl.LeaderElection (LeaderElection.java:logAndReturn(90)) - 5d1fd1ad-3ffc-45d7-9cc9-017894943827@group-1E3CD0BE553D-LeaderElection13: ELECTION REJECTED received 2 response(s) and 0 exception(s):
2022-07-21 18:24:49,372 [5d1fd1ad-3ffc-45d7-9cc9-017894943827@group-1E3CD0BE553D-LeaderElection13] INFO  impl.LeaderElection (LeaderElection.java:logAndReturn(94)) -   Response 0: 5d1fd1ad-3ffc-45d7-9cc9-017894943827<-0155c29a-c486-4ab3-a60c-46cc4bf5ae0a#0:OK-t2
2022-07-21 18:24:49,372 [5d1fd1ad-3ffc-45d7-9cc9-017894943827@group-1E3CD0BE553D-LeaderElection13] INFO  impl.LeaderElection (LeaderElection.java:logAndReturn(94)) -   Response 1: 5d1fd1ad-3ffc-45d7-9cc9-017894943827<-e726e41b-5eae-4257-b10a-91e952b7f2e4#0:FAIL-t2
2022-07-21 18:24:49,372 [5d1fd1ad-3ffc-45d7-9cc9-017894943827@group-1E3CD0BE553D-LeaderElection13] INFO  impl.LeaderElection (LeaderElection.java:askForVotes(312)) - 5d1fd1ad-3ffc-45d7-9cc9-017894943827@group-1E3CD0BE553D-LeaderElection13 ELECTION round 0: result REJECTED
2022-07-21 18:24:49,372 [5d1fd1ad-3ffc-45d7-9cc9-017894943827@group-1E3CD0BE553D-LeaderElection13] INFO  server.RaftServer$Division (RaftServerImpl.java:setRole(299)) - 5d1fd1ad-3ffc-45d7-9cc9-017894943827@group-1E3CD0BE553D: changes role from CANDIDATE to FOLLOWER at term 2 for REJECTED
2022-07-21 18:24:49,372 [5d1fd1ad-3ffc-45d7-9cc9-017894943827@group-1E3CD0BE553D-LeaderElection13] INFO  impl.RoleInfo (RoleInfo.java:shutdownLeaderElection(130)) - 5d1fd1ad-3ffc-45d7-9cc9-017894943827: shutdown 5d1fd1ad-3ffc-45d7-9cc9-017894943827@group-1E3CD0BE553D-LeaderElection13
2022-07-21 18:24:49,372 [5d1fd1ad-3ffc-45d7-9cc9-017894943827@group-1E3CD0BE553D-LeaderElection13] INFO  impl.RoleInfo (RoleInfo.java:updateAndGet(139)) - 5d1fd1ad-3ffc-45d7-9cc9-017894943827: start 5d1fd1ad-3ffc-45d7-9cc9-017894943827@group-1E3CD0BE553D-FollowerState
2022-07-21 18:24:50,080 [EndpointStateMachine task thread for /127.0.0.1:38303 - 0 ] INFO  ipc.Client (Client.java:handleConnectionFailure(977)) - Retrying connect to server: localhost/127.0.0.1:38303. Already tried 3 time(s); retry policy is RetryUpToMaximumCountWithFixedSleep(maxRetries=15, sleepTime=1000 MILLISECONDS)
2022-07-21 18:24:50,080 [EndpointStateMachine task thread for /127.0.0.1:40299 - 0 ] INFO  ipc.Client (Client.java:handleConnectionFailure(977)) - Retrying connect to server: localhost/127.0.0.1:40299. Already tried 3 time(s); retry policy is RetryUpToMaximumCountWithFixedSleep(maxRetries=15, sleepTime=1000 MILLISECONDS)
2022-07-21 18:24:50,081 [EndpointStateMachine task thread for /127.0.0.1:44825 - 0 ] INFO  ipc.Client (Client.java:handleConnectionFailure(977)) - Retrying connect to server: localhost/127.0.0.1:44825. Already tried 3 time(s); retry policy is RetryUpToMaximumCountWithFixedSleep(maxRetries=15, sleepTime=1000 MILLISECONDS)
2022-07-21 18:24:51,081 [EndpointStateMachine task thread for /127.0.0.1:38303 - 0 ] INFO  ipc.Client (Client.java:handleConnectionFailure(977)) - Retrying connect to server: localhost/127.0.0.1:38303. Already tried 4 time(s); retry policy is RetryUpToMaximumCountWithFixedSleep(maxRetries=15, sleepTime=1000 MILLISECONDS)
2022-07-21 18:24:51,081 [EndpointStateMachine task thread for /127.0.0.1:40299 - 0 ] INFO  ipc.Client (Client.java:handleConnectionFailure(977)) - Retrying connect to server: localhost/127.0.0.1:40299. Already tried 4 time(s); retry policy is RetryUpToMaximumCountWithFixedSleep(maxRetries=15, sleepTime=1000 MILLISECONDS)
2022-07-21 18:24:51,081 [EndpointStateMachine task thread for /127.0.0.1:44825 - 0 ] INFO  ipc.Client (Client.java:handleConnectionFailure(977)) - Retrying connect to server: localhost/127.0.0.1:44825. Already tried 4 time(s); retry policy is RetryUpToMaximumCountWithFixedSleep(maxRetries=15, sleepTime=1000 MILLISECONDS)
2022-07-21 18:24:52,082 [EndpointStateMachine task thread for /127.0.0.1:38303 - 0 ] INFO  ipc.Client (Client.java:handleConnectionFailure(977)) - Retrying connect to server: localhost/127.0.0.1:38303. Already tried 5 time(s); retry policy is RetryUpToMaximumCountWithFixedSleep(maxRetries=15, sleepTime=1000 MILLISECONDS)
2022-07-21 18:24:52,082 [EndpointStateMachine task thread for /127.0.0.1:40299 - 0 ] INFO  ipc.Client (Client.java:handleConnectionFailure(977)) - Retrying connect to server: localhost/127.0.0.1:40299. Already tried 5 time(s); retry policy is RetryUpToMaximumCountWithFixedSleep(maxRetries=15, sleepTime=1000 MILLISECONDS)
2022-07-21 18:24:52,082 [EndpointStateMachine task thread for /127.0.0.1:44825 - 0 ] INFO  ipc.Client (Client.java:handleConnectionFailure(977)) - Retrying connect to server: localhost/127.0.0.1:44825. Already tried 5 time(s); retry policy is RetryUpToMaximumCountWithFixedSleep(maxRetries=15, sleepTime=1000 MILLISECONDS)
2022-07-21 18:24:53,083 [EndpointStateMachine task thread for /127.0.0.1:38303 - 0 ] INFO  ipc.Client (Client.java:handleConnectionFailure(977)) - Retrying connect to server: localhost/127.0.0.1:38303. Already tried 6 time(s); retry policy is RetryUpToMaximumCountWithFixedSleep(maxRetries=15, sleepTime=1000 MILLISECONDS)
2022-07-21 18:24:53,083 [EndpointStateMachine task thread for /127.0.0.1:44825 - 0 ] INFO  ipc.Client (Client.java:handleConnectionFailure(977)) - Retrying connect to server: localhost/127.0.0.1:44825. Already tried 6 time(s); retry policy is RetryUpToMaximumCountWithFixedSleep(maxRetries=15, sleepTime=1000 MILLISECONDS)
2022-07-21 18:24:53,083 [EndpointStateMachine task thread for /127.0.0.1:40299 - 0 ] INFO  ipc.Client (Client.java:handleConnectionFailure(977)) - Retrying connect to server: localhost/127.0.0.1:40299. Already tried 6 time(s); retry policy is RetryUpToMaximumCountWithFixedSleep(maxRetries=15, sleepTime=1000 MILLISECONDS)
2022-07-21 18:24:53,208 [ForkJoinPool.commonPool-worker-0] INFO  ozoneimpl.OzoneContainer (OzoneContainer.java:stop(399)) - Attempting to stop container services.
2022-07-21 18:24:53,208 [Listener at 127.0.0.1/34741] INFO  ozoneimpl.OzoneContainer (OzoneContainer.java:stop(399)) - Attempting to stop container services.
2022-07-21 18:24:53,209 [Listener at 127.0.0.1/34741] INFO  server.RaftServer (RaftServerProxy.java:lambda$close$7(398)) - 0155c29a-c486-4ab3-a60c-46cc4bf5ae0a: close
2022-07-21 18:24:53,209 [Listener at 127.0.0.1/34741] INFO  server.RaftServer$Division (RaftServerImpl.java:lambda$close$4(434)) - 0155c29a-c486-4ab3-a60c-46cc4bf5ae0a@group-1E3CD0BE553D: shutdown
2022-07-21 18:24:53,209 [ForkJoinPool.commonPool-worker-0] INFO  server.RaftServer (RaftServerProxy.java:lambda$close$7(398)) - 5d1fd1ad-3ffc-45d7-9cc9-017894943827: close
2022-07-21 18:24:53,210 [Listener at 127.0.0.1/34741] INFO  util.JmxRegister (JmxRegister.java:unregister(73)) - Successfully un-registered JMX Bean with object name Ratis:service=RaftServer,group=group-1E3CD0BE553D,id=0155c29a-c486-4ab3-a60c-46cc4bf5ae0a
2022-07-21 18:24:53,210 [ForkJoinPool.commonPool-worker-0] INFO  server.RaftServer$Division (RaftServerImpl.java:lambda$close$4(434)) - 5d1fd1ad-3ffc-45d7-9cc9-017894943827@group-1E3CD0BE553D: shutdown
2022-07-21 18:24:53,210 [Listener at 127.0.0.1/34741] INFO  impl.RoleInfo (RoleInfo.java:shutdownFollowerState(110)) - 0155c29a-c486-4ab3-a60c-46cc4bf5ae0a: shutdown 0155c29a-c486-4ab3-a60c-46cc4bf5ae0a@group-1E3CD0BE553D-FollowerState
2022-07-21 18:24:53,210 [Listener at 127.0.0.1/34741] INFO  impl.StateMachineUpdater (StateMachineUpdater.java:stopAndJoin(153)) - 0155c29a-c486-4ab3-a60c-46cc4bf5ae0a@group-1E3CD0BE553D-StateMachineUpdater: set stopIndex = -1
2022-07-21 18:24:53,211 [Listener at 127.0.0.1/34741] INFO  server.RaftServer$Division (ServerState.java:close(429)) - 0155c29a-c486-4ab3-a60c-46cc4bf5ae0a@group-1E3CD0BE553D: closes. applyIndex: -1
2022-07-21 18:24:53,210 [ForkJoinPool.commonPool-worker-0] INFO  util.JmxRegister (JmxRegister.java:unregister(73)) - Successfully un-registered JMX Bean with object name Ratis:service=RaftServer,group=group-1E3CD0BE553D,id=5d1fd1ad-3ffc-45d7-9cc9-017894943827
2022-07-21 18:24:53,211 [ForkJoinPool.commonPool-worker-0] INFO  impl.RoleInfo (RoleInfo.java:shutdownFollowerState(110)) - 5d1fd1ad-3ffc-45d7-9cc9-017894943827: shutdown 5d1fd1ad-3ffc-45d7-9cc9-017894943827@group-1E3CD0BE553D-FollowerState
2022-07-21 18:24:53,211 [0155c29a-c486-4ab3-a60c-46cc4bf5ae0a@group-1E3CD0BE553D-SegmentedRaftLogWorker] INFO  segmented.SegmentedRaftLogWorker (SegmentedRaftLogWorker.java:run(336)) - 0155c29a-c486-4ab3-a60c-46cc4bf5ae0a@group-1E3CD0BE553D-SegmentedRaftLogWorker was interrupted, exiting. There are 0 tasks remaining in the queue.
2022-07-21 18:24:53,211 [5d1fd1ad-3ffc-45d7-9cc9-017894943827@group-1E3CD0BE553D-FollowerState] INFO  impl.FollowerState (FollowerState.java:run(152)) - 5d1fd1ad-3ffc-45d7-9cc9-017894943827@group-1E3CD0BE553D-FollowerState was interrupted
2022-07-21 18:24:53,212 [Listener at 127.0.0.1/34741] INFO  segmented.SegmentedRaftLogWorker (SegmentedRaftLogWorker.java:close(246)) - 0155c29a-c486-4ab3-a60c-46cc4bf5ae0a@group-1E3CD0BE553D-SegmentedRaftLogWorker close()
2022-07-21 18:24:53,210 [0155c29a-c486-4ab3-a60c-46cc4bf5ae0a@group-1E3CD0BE553D-FollowerState] INFO  impl.FollowerState (FollowerState.java:run(152)) - 0155c29a-c486-4ab3-a60c-46cc4bf5ae0a@group-1E3CD0BE553D-FollowerState was interrupted
2022-07-21 18:24:53,213 [ForkJoinPool.commonPool-worker-0] INFO  impl.StateMachineUpdater (StateMachineUpdater.java:stopAndJoin(153)) - 5d1fd1ad-3ffc-45d7-9cc9-017894943827@group-1E3CD0BE553D-StateMachineUpdater: set stopIndex = -1
2022-07-21 18:24:53,214 [ForkJoinPool.commonPool-worker-0] INFO  server.RaftServer$Division (ServerState.java:close(429)) - 5d1fd1ad-3ffc-45d7-9cc9-017894943827@group-1E3CD0BE553D: closes. applyIndex: -1
2022-07-21 18:24:53,214 [5d1fd1ad-3ffc-45d7-9cc9-017894943827@group-1E3CD0BE553D-SegmentedRaftLogWorker] INFO  segmented.SegmentedRaftLogWorker (SegmentedRaftLogWorker.java:run(336)) - 5d1fd1ad-3ffc-45d7-9cc9-017894943827@group-1E3CD0BE553D-SegmentedRaftLogWorker was interrupted, exiting. There are 0 tasks remaining in the queue.
2022-07-21 18:24:53,215 [ForkJoinPool.commonPool-worker-0] INFO  segmented.SegmentedRaftLogWorker (SegmentedRaftLogWorker.java:close(246)) - 5d1fd1ad-3ffc-45d7-9cc9-017894943827@group-1E3CD0BE553D-SegmentedRaftLogWorker close()
2022-07-21 18:24:53,216 [Listener at 127.0.0.1/34741] INFO  server.RaftServer$Division (RaftServerImpl.java:lambda$close$4(434)) - 0155c29a-c486-4ab3-a60c-46cc4bf5ae0a@group-1C6ADA7CB40D: shutdown
2022-07-21 18:24:53,217 [Listener at 127.0.0.1/34741] INFO  util.JmxRegister (JmxRegister.java:unregister(73)) - Successfully un-registered JMX Bean with object name Ratis:service=RaftServer,group=group-1C6ADA7CB40D,id=0155c29a-c486-4ab3-a60c-46cc4bf5ae0a
2022-07-21 18:24:53,217 [Listener at 127.0.0.1/34741] INFO  impl.RoleInfo (RoleInfo.java:shutdownLeaderState(93)) - 0155c29a-c486-4ab3-a60c-46cc4bf5ae0a: shutdown 0155c29a-c486-4ab3-a60c-46cc4bf5ae0a@group-1C6ADA7CB40D-LeaderStateImpl
2022-07-21 18:24:53,217 [Listener at 127.0.0.1/34741] INFO  impl.PendingRequests (PendingRequests.java:sendNotLeaderResponses(282)) - 0155c29a-c486-4ab3-a60c-46cc4bf5ae0a@group-1C6ADA7CB40D-PendingRequests: sendNotLeaderResponses
2022-07-21 18:24:53,218 [0155c29a-c486-4ab3-a60c-46cc4bf5ae0a@group-1C6ADA7CB40D-StateMachineUpdater] INFO  ratis.ContainerStateMachine (ContainerStateMachine.java:takeSnapshot(304)) - group-1C6ADA7CB40D: Taking a snapshot at:(t:1, i:0) file /home/runner/work/ozone/ozone/hadoop-ozone/integration-test/target/test-dir/MiniOzoneClusterImpl-c56c5c68-8a55-4647-89a4-dc8bb834fa26/datanode-1/data/ratis/84cd1a99-4ae3-4bd5-ab21-1c6ada7cb40d/sm/snapshot.1_0
2022-07-21 18:24:53,219 [0155c29a-c486-4ab3-a60c-46cc4bf5ae0a@group-1C6ADA7CB40D->e726e41b-5eae-4257-b10a-91e952b7f2e4-GrpcLogAppender-LogAppenderDaemon] WARN  server.GrpcLogAppender (GrpcLogAppender.java:mayWait(171)) - 0155c29a-c486-4ab3-a60c-46cc4bf5ae0a@group-1C6ADA7CB40D->e726e41b-5eae-4257-b10a-91e952b7f2e4-GrpcLogAppender: Wait interrupted by java.lang.InterruptedException
2022-07-21 18:24:53,220 [grpc-default-executor-2] INFO  server.GrpcServerProtocolService (GrpcServerProtocolService.java:onCompleted(140)) - e726e41b-5eae-4257-b10a-91e952b7f2e4: Completed APPEND_ENTRIES, lastRequest: 0155c29a-c486-4ab3-a60c-46cc4bf5ae0a->e726e41b-5eae-4257-b10a-91e952b7f2e4#1-t1,previous=(t:0, i:0),leaderCommit=-1,initializing? true,entries: size=1, first=(t:1, i:0), CONFIGURATIONENTRY
2022-07-21 18:24:53,221 [grpc-default-executor-1] INFO  server.GrpcLogAppender (GrpcLogAppender.java:onCompleted(339)) - 0155c29a-c486-4ab3-a60c-46cc4bf5ae0a@group-1C6ADA7CB40D->e726e41b-5eae-4257-b10a-91e952b7f2e4-AppendLogResponseHandler: follower responses appendEntries COMPLETED
2022-07-21 18:24:53,221 [grpc-default-executor-1] INFO  leader.FollowerInfo (FollowerInfoImpl.java:lambda$new$0(48)) - 0155c29a-c486-4ab3-a60c-46cc4bf5ae0a@group-1C6ADA7CB40D->e726e41b-5eae-4257-b10a-91e952b7f2e4: nextIndex: updateUnconditionally 1 -> 0
2022-07-21 18:24:53,216 [ForkJoinPool.commonPool-worker-0] INFO  server.RaftServer$Division (RaftServerImpl.java:lambda$close$4(434)) - 5d1fd1ad-3ffc-45d7-9cc9-017894943827@group-1C6ADA7CB40D: shutdown
2022-07-21 18:24:53,221 [ForkJoinPool.commonPool-worker-0] INFO  util.JmxRegister (JmxRegister.java:unregister(73)) - Successfully un-registered JMX Bean with object name Ratis:service=RaftServer,group=group-1C6ADA7CB40D,id=5d1fd1ad-3ffc-45d7-9cc9-017894943827
2022-07-21 18:24:53,221 [ForkJoinPool.commonPool-worker-0] INFO  impl.RoleInfo (RoleInfo.java:shutdownFollowerState(110)) - 5d1fd1ad-3ffc-45d7-9cc9-017894943827: shutdown 5d1fd1ad-3ffc-45d7-9cc9-017894943827@group-1C6ADA7CB40D-FollowerState
2022-07-21 18:24:53,222 [ForkJoinPool.commonPool-worker-0] INFO  impl.StateMachineUpdater (StateMachineUpdater.java:stopAndJoin(153)) - 5d1fd1ad-3ffc-45d7-9cc9-017894943827@group-1C6ADA7CB40D-StateMachineUpdater: set stopIndex = 0
2022-07-21 18:24:53,222 [0155c29a-c486-4ab3-a60c-46cc4bf5ae0a@group-1C6ADA7CB40D->5d1fd1ad-3ffc-45d7-9cc9-017894943827-GrpcLogAppender-LogAppenderDaemon] WARN  server.GrpcLogAppender (GrpcLogAppender.java:mayWait(171)) - 0155c29a-c486-4ab3-a60c-46cc4bf5ae0a@group-1C6ADA7CB40D->5d1fd1ad-3ffc-45d7-9cc9-017894943827-GrpcLogAppender: Wait interrupted by java.lang.InterruptedException
2022-07-21 18:24:53,222 [5d1fd1ad-3ffc-45d7-9cc9-017894943827@group-1C6ADA7CB40D-StateMachineUpdater] INFO  ratis.ContainerStateMachine (ContainerStateMachine.java:takeSnapshot(304)) - group-1C6ADA7CB40D: Taking a snapshot at:(t:1, i:0) file /home/runner/work/ozone/ozone/hadoop-ozone/integration-test/target/test-dir/MiniOzoneClusterImpl-c56c5c68-8a55-4647-89a4-dc8bb834fa26/datanode-0/data/ratis/84cd1a99-4ae3-4bd5-ab21-1c6ada7cb40d/sm/snapshot.1_0
2022-07-21 18:24:53,222 [5d1fd1ad-3ffc-45d7-9cc9-017894943827@group-1C6ADA7CB40D-FollowerState] INFO  impl.FollowerState (FollowerState.java:run(152)) - 5d1fd1ad-3ffc-45d7-9cc9-017894943827@group-1C6ADA7CB40D-FollowerState was interrupted
2022-07-21 18:24:53,223 [grpc-default-executor-2] INFO  server.GrpcServerProtocolService (GrpcServerProtocolService.java:onCompleted(140)) - 5d1fd1ad-3ffc-45d7-9cc9-017894943827: Completed APPEND_ENTRIES, lastRequest: 0155c29a-c486-4ab3-a60c-46cc4bf5ae0a->5d1fd1ad-3ffc-45d7-9cc9-017894943827#1-t1,previous=(t:0, i:0),leaderCommit=-1,initializing? true,entries: size=1, first=(t:1, i:0), CONFIGURATIONENTRY
2022-07-21 18:24:53,224 [grpc-default-executor-1] INFO  server.GrpcLogAppender (GrpcLogAppender.java:onCompleted(339)) - 0155c29a-c486-4ab3-a60c-46cc4bf5ae0a@group-1C6ADA7CB40D->5d1fd1ad-3ffc-45d7-9cc9-017894943827-AppendLogResponseHandler: follower responses appendEntries COMPLETED
2022-07-21 18:24:53,224 [grpc-default-executor-1] INFO  leader.FollowerInfo (FollowerInfoImpl.java:lambda$new$0(48)) - 0155c29a-c486-4ab3-a60c-46cc4bf5ae0a@group-1C6ADA7CB40D->5d1fd1ad-3ffc-45d7-9cc9-017894943827: nextIndex: updateUnconditionally 1 -> 0
2022-07-21 18:24:53,234 [Listener at 127.0.0.1/34741] INFO  impl.StateMachineUpdater (StateMachineUpdater.java:stopAndJoin(153)) - 0155c29a-c486-4ab3-a60c-46cc4bf5ae0a@group-1C6ADA7CB40D-StateMachineUpdater: set stopIndex = 0
2022-07-21 18:24:53,268 [0155c29a-c486-4ab3-a60c-46cc4bf5ae0a@group-1C6ADA7CB40D-StateMachineUpdater] INFO  ratis.ContainerStateMachine (ContainerStateMachine.java:takeSnapshot(315)) - group-1C6ADA7CB40D: Finished taking a snapshot at:(t:1, i:0) file:/home/runner/work/ozone/ozone/hadoop-ozone/integration-test/target/test-dir/MiniOzoneClusterImpl-c56c5c68-8a55-4647-89a4-dc8bb834fa26/datanode-1/data/ratis/84cd1a99-4ae3-4bd5-ab21-1c6ada7cb40d/sm/snapshot.1_0 took: 49 ms
2022-07-21 18:24:53,268 [5d1fd1ad-3ffc-45d7-9cc9-017894943827@group-1C6ADA7CB40D-StateMachineUpdater] INFO  ratis.ContainerStateMachine (ContainerStateMachine.java:takeSnapshot(315)) - group-1C6ADA7CB40D: Finished taking a snapshot at:(t:1, i:0) file:/home/runner/work/ozone/ozone/hadoop-ozone/integration-test/target/test-dir/MiniOzoneClusterImpl-c56c5c68-8a55-4647-89a4-dc8bb834fa26/datanode-0/data/ratis/84cd1a99-4ae3-4bd5-ab21-1c6ada7cb40d/sm/snapshot.1_0 took: 45 ms
2022-07-21 18:24:53,270 [5d1fd1ad-3ffc-45d7-9cc9-017894943827@group-1C6ADA7CB40D-StateMachineUpdater] INFO  impl.StateMachineUpdater (StateMachineUpdater.java:takeSnapshot(287)) - 5d1fd1ad-3ffc-45d7-9cc9-017894943827@group-1C6ADA7CB40D-StateMachineUpdater: Took a snapshot at index 0
2022-07-21 18:24:53,270 [0155c29a-c486-4ab3-a60c-46cc4bf5ae0a@group-1C6ADA7CB40D-StateMachineUpdater] INFO  impl.StateMachineUpdater (StateMachineUpdater.java:takeSnapshot(287)) - 0155c29a-c486-4ab3-a60c-46cc4bf5ae0a@group-1C6ADA7CB40D-StateMachineUpdater: Took a snapshot at index 0
2022-07-21 18:24:53,271 [5d1fd1ad-3ffc-45d7-9cc9-017894943827@group-1C6ADA7CB40D-StateMachineUpdater] INFO  impl.StateMachineUpdater (StateMachineUpdater.java:lambda$new$0(92)) - 5d1fd1ad-3ffc-45d7-9cc9-017894943827@group-1C6ADA7CB40D-StateMachineUpdater: snapshotIndex: updateIncreasingly -1 -> 0
2022-07-21 18:24:53,271 [0155c29a-c486-4ab3-a60c-46cc4bf5ae0a@group-1C6ADA7CB40D-StateMachineUpdater] INFO  impl.StateMachineUpdater (StateMachineUpdater.java:lambda$new$0(92)) - 0155c29a-c486-4ab3-a60c-46cc4bf5ae0a@group-1C6ADA7CB40D-StateMachineUpdater: snapshotIndex: updateIncreasingly -1 -> 0
2022-07-21 18:24:53,271 [Listener at 127.0.0.1/34741] INFO  server.RaftServer$Division (ServerState.java:close(429)) - 0155c29a-c486-4ab3-a60c-46cc4bf5ae0a@group-1C6ADA7CB40D: closes. applyIndex: 0
2022-07-21 18:24:53,271 [ForkJoinPool.commonPool-worker-0] INFO  server.RaftServer$Division (ServerState.java:close(429)) - 5d1fd1ad-3ffc-45d7-9cc9-017894943827@group-1C6ADA7CB40D: closes. applyIndex: 0
2022-07-21 18:24:53,272 [0155c29a-c486-4ab3-a60c-46cc4bf5ae0a@group-1C6ADA7CB40D-SegmentedRaftLogWorker] INFO  segmented.SegmentedRaftLogWorker (SegmentedRaftLogWorker.java:run(336)) - 0155c29a-c486-4ab3-a60c-46cc4bf5ae0a@group-1C6ADA7CB40D-SegmentedRaftLogWorker was interrupted, exiting. There are 0 tasks remaining in the queue.
2022-07-21 18:24:53,272 [5d1fd1ad-3ffc-45d7-9cc9-017894943827@group-1C6ADA7CB40D-SegmentedRaftLogWorker] INFO  segmented.SegmentedRaftLogWorker (SegmentedRaftLogWorker.java:run(336)) - 5d1fd1ad-3ffc-45d7-9cc9-017894943827@group-1C6ADA7CB40D-SegmentedRaftLogWorker was interrupted, exiting. There are 0 tasks remaining in the queue.
2022-07-21 18:24:53,275 [Listener at 127.0.0.1/34741] INFO  segmented.SegmentedRaftLogWorker (SegmentedRaftLogWorker.java:close(246)) - 0155c29a-c486-4ab3-a60c-46cc4bf5ae0a@group-1C6ADA7CB40D-SegmentedRaftLogWorker close()
2022-07-21 18:24:53,275 [ForkJoinPool.commonPool-worker-0] INFO  segmented.SegmentedRaftLogWorker (SegmentedRaftLogWorker.java:close(246)) - 5d1fd1ad-3ffc-45d7-9cc9-017894943827@group-1C6ADA7CB40D-SegmentedRaftLogWorker close()
2022-07-21 18:24:53,280 [Listener at 127.0.0.1/34741] INFO  server.RaftServer$Division (RaftServerImpl.java:lambda$close$4(434)) - 0155c29a-c486-4ab3-a60c-46cc4bf5ae0a@group-9B8E17B1DDDE: shutdown
2022-07-21 18:24:53,281 [Listener at 127.0.0.1/34741] INFO  util.JmxRegister (JmxRegister.java:unregister(73)) - Successfully un-registered JMX Bean with object name Ratis:service=RaftServer,group=group-9B8E17B1DDDE,id=0155c29a-c486-4ab3-a60c-46cc4bf5ae0a
2022-07-21 18:24:53,281 [Listener at 127.0.0.1/34741] INFO  impl.RoleInfo (RoleInfo.java:shutdownLeaderState(93)) - 0155c29a-c486-4ab3-a60c-46cc4bf5ae0a: shutdown 0155c29a-c486-4ab3-a60c-46cc4bf5ae0a@group-9B8E17B1DDDE-LeaderStateImpl
2022-07-21 18:24:53,281 [Listener at 127.0.0.1/34741] INFO  impl.PendingRequests (PendingRequests.java:sendNotLeaderResponses(282)) - 0155c29a-c486-4ab3-a60c-46cc4bf5ae0a@group-9B8E17B1DDDE-PendingRequests: sendNotLeaderResponses
2022-07-21 18:24:53,282 [Listener at 127.0.0.1/34741] INFO  impl.StateMachineUpdater (StateMachineUpdater.java:stopAndJoin(153)) - 0155c29a-c486-4ab3-a60c-46cc4bf5ae0a@group-9B8E17B1DDDE-StateMachineUpdater: set stopIndex = 0
2022-07-21 18:24:53,284 [0155c29a-c486-4ab3-a60c-46cc4bf5ae0a@group-9B8E17B1DDDE-StateMachineUpdater] INFO  ratis.ContainerStateMachine (ContainerStateMachine.java:takeSnapshot(304)) - group-9B8E17B1DDDE: Taking a snapshot at:(t:1, i:0) file /home/runner/work/ozone/ozone/hadoop-ozone/integration-test/target/test-dir/MiniOzoneClusterImpl-c56c5c68-8a55-4647-89a4-dc8bb834fa26/datanode-1/data/ratis/09d2265f-4958-4c23-87ac-9b8e17b1ddde/sm/snapshot.1_0
2022-07-21 18:24:53,285 [ForkJoinPool.commonPool-worker-0] INFO  server.RaftServer$Division (RaftServerImpl.java:lambda$close$4(434)) - 5d1fd1ad-3ffc-45d7-9cc9-017894943827@group-3B0CB489A8C6: shutdown
2022-07-21 18:24:53,285 [ForkJoinPool.commonPool-worker-0] INFO  util.JmxRegister (JmxRegister.java:unregister(73)) - Successfully un-registered JMX Bean with object name Ratis:service=RaftServer,group=group-3B0CB489A8C6,id=5d1fd1ad-3ffc-45d7-9cc9-017894943827
2022-07-21 18:24:53,285 [ForkJoinPool.commonPool-worker-0] INFO  impl.RoleInfo (RoleInfo.java:shutdownLeaderState(93)) - 5d1fd1ad-3ffc-45d7-9cc9-017894943827: shutdown 5d1fd1ad-3ffc-45d7-9cc9-017894943827@group-3B0CB489A8C6-LeaderStateImpl
2022-07-21 18:24:53,286 [ForkJoinPool.commonPool-worker-0] INFO  impl.PendingRequests (PendingRequests.java:sendNotLeaderResponses(282)) - 5d1fd1ad-3ffc-45d7-9cc9-017894943827@group-3B0CB489A8C6-PendingRequests: sendNotLeaderResponses
2022-07-21 18:24:53,286 [ForkJoinPool.commonPool-worker-0] INFO  impl.StateMachineUpdater (StateMachineUpdater.java:stopAndJoin(153)) - 5d1fd1ad-3ffc-45d7-9cc9-017894943827@group-3B0CB489A8C6-StateMachineUpdater: set stopIndex = 0
2022-07-21 18:24:53,286 [0155c29a-c486-4ab3-a60c-46cc4bf5ae0a@group-9B8E17B1DDDE-StateMachineUpdater] INFO  ratis.ContainerStateMachine (ContainerStateMachine.java:takeSnapshot(315)) - group-9B8E17B1DDDE: Finished taking a snapshot at:(t:1, i:0) file:/home/runner/work/ozone/ozone/hadoop-ozone/integration-test/target/test-dir/MiniOzoneClusterImpl-c56c5c68-8a55-4647-89a4-dc8bb834fa26/datanode-1/data/ratis/09d2265f-4958-4c23-87ac-9b8e17b1ddde/sm/snapshot.1_0 took: 3 ms
2022-07-21 18:24:53,286 [5d1fd1ad-3ffc-45d7-9cc9-017894943827@group-3B0CB489A8C6-StateMachineUpdater] INFO  ratis.ContainerStateMachine (ContainerStateMachine.java:takeSnapshot(304)) - group-3B0CB489A8C6: Taking a snapshot at:(t:1, i:0) file /home/runner/work/ozone/ozone/hadoop-ozone/integration-test/target/test-dir/MiniOzoneClusterImpl-c56c5c68-8a55-4647-89a4-dc8bb834fa26/datanode-0/data/ratis/210a121f-b6bd-4199-affb-3b0cb489a8c6/sm/snapshot.1_0
2022-07-21 18:24:53,287 [0155c29a-c486-4ab3-a60c-46cc4bf5ae0a@group-9B8E17B1DDDE-StateMachineUpdater] INFO  impl.StateMachineUpdater (StateMachineUpdater.java:takeSnapshot(287)) - 0155c29a-c486-4ab3-a60c-46cc4bf5ae0a@group-9B8E17B1DDDE-StateMachineUpdater: Took a snapshot at index 0
2022-07-21 18:24:53,287 [0155c29a-c486-4ab3-a60c-46cc4bf5ae0a@group-9B8E17B1DDDE-StateMachineUpdater] INFO  impl.StateMachineUpdater (StateMachineUpdater.java:lambda$new$0(92)) - 0155c29a-c486-4ab3-a60c-46cc4bf5ae0a@group-9B8E17B1DDDE-StateMachineUpdater: snapshotIndex: updateIncreasingly -1 -> 0
2022-07-21 18:24:53,287 [Listener at 127.0.0.1/34741] INFO  server.RaftServer$Division (ServerState.java:close(429)) - 0155c29a-c486-4ab3-a60c-46cc4bf5ae0a@group-9B8E17B1DDDE: closes. applyIndex: 0
2022-07-21 18:24:53,287 [5d1fd1ad-3ffc-45d7-9cc9-017894943827@group-3B0CB489A8C6-StateMachineUpdater] INFO  ratis.ContainerStateMachine (ContainerStateMachine.java:takeSnapshot(315)) - group-3B0CB489A8C6: Finished taking a snapshot at:(t:1, i:0) file:/home/runner/work/ozone/ozone/hadoop-ozone/integration-test/target/test-dir/MiniOzoneClusterImpl-c56c5c68-8a55-4647-89a4-dc8bb834fa26/datanode-0/data/ratis/210a121f-b6bd-4199-affb-3b0cb489a8c6/sm/snapshot.1_0 took: 1 ms
2022-07-21 18:24:53,287 [0155c29a-c486-4ab3-a60c-46cc4bf5ae0a@group-9B8E17B1DDDE-SegmentedRaftLogWorker] INFO  segmented.SegmentedRaftLogWorker (SegmentedRaftLogWorker.java:run(336)) - 0155c29a-c486-4ab3-a60c-46cc4bf5ae0a@group-9B8E17B1DDDE-SegmentedRaftLogWorker was interrupted, exiting. There are 0 tasks remaining in the queue.
2022-07-21 18:24:53,288 [5d1fd1ad-3ffc-45d7-9cc9-017894943827@group-3B0CB489A8C6-StateMachineUpdater] INFO  impl.StateMachineUpdater (StateMachineUpdater.java:takeSnapshot(287)) - 5d1fd1ad-3ffc-45d7-9cc9-017894943827@group-3B0CB489A8C6-StateMachineUpdater: Took a snapshot at index 0
2022-07-21 18:24:53,288 [5d1fd1ad-3ffc-45d7-9cc9-017894943827@group-3B0CB489A8C6-StateMachineUpdater] INFO  impl.StateMachineUpdater (StateMachineUpdater.java:lambda$new$0(92)) - 5d1fd1ad-3ffc-45d7-9cc9-017894943827@group-3B0CB489A8C6-StateMachineUpdater: snapshotIndex: updateIncreasingly -1 -> 0
2022-07-21 18:24:53,288 [Listener at 127.0.0.1/34741] INFO  segmented.SegmentedRaftLogWorker (SegmentedRaftLogWorker.java:close(246)) - 0155c29a-c486-4ab3-a60c-46cc4bf5ae0a@group-9B8E17B1DDDE-SegmentedRaftLogWorker close()
2022-07-21 18:24:53,288 [ForkJoinPool.commonPool-worker-0] INFO  server.RaftServer$Division (ServerState.java:close(429)) - 5d1fd1ad-3ffc-45d7-9cc9-017894943827@group-3B0CB489A8C6: closes. applyIndex: 0
2022-07-21 18:24:53,288 [5d1fd1ad-3ffc-45d7-9cc9-017894943827@group-3B0CB489A8C6-SegmentedRaftLogWorker] INFO  segmented.SegmentedRaftLogWorker (SegmentedRaftLogWorker.java:run(336)) - 5d1fd1ad-3ffc-45d7-9cc9-017894943827@group-3B0CB489A8C6-SegmentedRaftLogWorker was interrupted, exiting. There are 0 tasks remaining in the queue.
2022-07-21 18:24:53,289 [ForkJoinPool.commonPool-worker-0] INFO  segmented.SegmentedRaftLogWorker (SegmentedRaftLogWorker.java:close(246)) - 5d1fd1ad-3ffc-45d7-9cc9-017894943827@group-3B0CB489A8C6-SegmentedRaftLogWorker close()
2022-07-21 18:24:53,289 [Listener at 127.0.0.1/34741] INFO  server.GrpcService (GrpcService.java:closeImpl(269)) - 0155c29a-c486-4ab3-a60c-46cc4bf5ae0a: shutdown server with port 39157 now
2022-07-21 18:24:53,290 [ForkJoinPool.commonPool-worker-0] INFO  server.GrpcService (GrpcService.java:closeImpl(269)) - 5d1fd1ad-3ffc-45d7-9cc9-017894943827: shutdown server with port 39605 now
2022-07-21 18:24:53,294 [ForkJoinPool.commonPool-worker-0] INFO  server.GrpcService (GrpcService.java:closeImpl(278)) - 5d1fd1ad-3ffc-45d7-9cc9-017894943827: shutdown server with port 39605 successfully
2022-07-21 18:24:53,294 [org.apache.ratis.util.JvmPauseMonitor$$Lambda$519/1846153014@33b098dc] INFO  util.JvmPauseMonitor (JvmPauseMonitor.java:run(109)) - JvmPauseMonitor-5d1fd1ad-3ffc-45d7-9cc9-017894943827: Stopped
2022-07-21 18:24:53,304 [Listener at 127.0.0.1/34741] INFO  server.GrpcService (GrpcService.java:closeImpl(278)) - 0155c29a-c486-4ab3-a60c-46cc4bf5ae0a: shutdown server with port 39157 successfully
2022-07-21 18:24:53,305 [org.apache.ratis.util.JvmPauseMonitor$$Lambda$519/1846153014@6d5846ef] INFO  util.JvmPauseMonitor (JvmPauseMonitor.java:run(109)) - JvmPauseMonitor-0155c29a-c486-4ab3-a60c-46cc4bf5ae0a: Stopped
2022-07-21 18:24:54,084 [EndpointStateMachine task thread for /127.0.0.1:38303 - 0 ] INFO  ipc.Client (Client.java:handleConnectionFailure(977)) - Retrying connect to server: localhost/127.0.0.1:38303. Already tried 7 time(s); retry policy is RetryUpToMaximumCountWithFixedSleep(maxRetries=15, sleepTime=1000 MILLISECONDS)
2022-07-21 18:24:54,085 [EndpointStateMachine task thread for /127.0.0.1:40299 - 0 ] INFO  ipc.Client (Client.java:handleConnectionFailure(977)) - Retrying connect to server: localhost/127.0.0.1:40299. Already tried 7 time(s); retry policy is RetryUpToMaximumCountWithFixedSleep(maxRetries=15, sleepTime=1000 MILLISECONDS)
2022-07-21 18:24:54,084 [EndpointStateMachine task thread for /127.0.0.1:44825 - 0 ] INFO  ipc.Client (Client.java:handleConnectionFailure(977)) - Retrying connect to server: localhost/127.0.0.1:44825. Already tried 7 time(s); retry policy is RetryUpToMaximumCountWithFixedSleep(maxRetries=15, sleepTime=1000 MILLISECONDS)
2022-07-21 18:24:54,476 [e726e41b-5eae-4257-b10a-91e952b7f2e4@group-1E3CD0BE553D-FollowerState] INFO  impl.FollowerState (FollowerState.java:run(143)) - e726e41b-5eae-4257-b10a-91e952b7f2e4@group-1E3CD0BE553D-FollowerState: change to CANDIDATE, lastRpcElapsedTime:5111139874ns, electionTimeout:5110ms
2022-07-21 18:24:54,477 [e726e41b-5eae-4257-b10a-91e952b7f2e4@group-1E3CD0BE553D-FollowerState] INFO  impl.RoleInfo (RoleInfo.java:shutdownFollowerState(110)) - e726e41b-5eae-4257-b10a-91e952b7f2e4: shutdown e726e41b-5eae-4257-b10a-91e952b7f2e4@group-1E3CD0BE553D-FollowerState
2022-07-21 18:24:54,477 [e726e41b-5eae-4257-b10a-91e952b7f2e4@group-1E3CD0BE553D-FollowerState] INFO  server.RaftServer$Division (RaftServerImpl.java:setRole(299)) - e726e41b-5eae-4257-b10a-91e952b7f2e4@group-1E3CD0BE553D: changes role from  FOLLOWER to CANDIDATE at term 2 for changeToCandidate
2022-07-21 18:24:54,477 [e726e41b-5eae-4257-b10a-91e952b7f2e4@group-1E3CD0BE553D-FollowerState] INFO  server.RaftServerConfigKeys (ConfUtils.java:logGet(46)) - raft.server.leaderelection.pre-vote = false (custom)
2022-07-21 18:24:54,477 [e726e41b-5eae-4257-b10a-91e952b7f2e4@group-1E3CD0BE553D-FollowerState] INFO  impl.RoleInfo (RoleInfo.java:updateAndGet(139)) - e726e41b-5eae-4257-b10a-91e952b7f2e4: start e726e41b-5eae-4257-b10a-91e952b7f2e4@group-1E3CD0BE553D-LeaderElection15
2022-07-21 18:24:54,484 [e726e41b-5eae-4257-b10a-91e952b7f2e4@group-1E3CD0BE553D-LeaderElection15] INFO  impl.LeaderElection (LeaderElection.java:askForVotes(310)) - e726e41b-5eae-4257-b10a-91e952b7f2e4@group-1E3CD0BE553D-LeaderElection15 ELECTION round 0: submit vote requests at term 3 for -1: [0155c29a-c486-4ab3-a60c-46cc4bf5ae0a|rpc:127.0.0.1:39157|dataStream:|priority:0, 5d1fd1ad-3ffc-45d7-9cc9-017894943827|rpc:127.0.0.1:39605|dataStream:|priority:0, e726e41b-5eae-4257-b10a-91e952b7f2e4|rpc:127.0.0.1:33341|dataStream:|priority:1], old=null
2022-07-21 18:24:54,494 [e726e41b-5eae-4257-b10a-91e952b7f2e4@group-1E3CD0BE553D-LeaderElection15] INFO  impl.LeaderElection (LogUtils.java:infoOrTrace(137)) - e726e41b-5eae-4257-b10a-91e952b7f2e4@group-1E3CD0BE553D-LeaderElection15 got exception when requesting votes: java.util.concurrent.ExecutionException: org.apache.ratis.thirdparty.io.grpc.StatusRuntimeException: UNAVAILABLE: io exception
2022-07-21 18:24:54,494 [e726e41b-5eae-4257-b10a-91e952b7f2e4@group-1E3CD0BE553D-LeaderElection15] INFO  impl.LeaderElection (LogUtils.java:infoOrTrace(137)) - e726e41b-5eae-4257-b10a-91e952b7f2e4@group-1E3CD0BE553D-LeaderElection15 got exception when requesting votes: java.util.concurrent.ExecutionException: org.apache.ratis.thirdparty.io.grpc.StatusRuntimeException: UNAVAILABLE: io exception
2022-07-21 18:24:54,494 [e726e41b-5eae-4257-b10a-91e952b7f2e4@group-1E3CD0BE553D-LeaderElection15] INFO  impl.LeaderElection (LeaderElection.java:logAndReturn(90)) - e726e41b-5eae-4257-b10a-91e952b7f2e4@group-1E3CD0BE553D-LeaderElection15: ELECTION REJECTED received 0 response(s) and 2 exception(s):
2022-07-21 18:24:54,495 [e726e41b-5eae-4257-b10a-91e952b7f2e4@group-1E3CD0BE553D-LeaderElection15] INFO  impl.LeaderElection (LogUtils.java:infoOrTrace(137)) -   Exception 0: java.util.concurrent.ExecutionException: org.apache.ratis.thirdparty.io.grpc.StatusRuntimeException: UNAVAILABLE: io exception
2022-07-21 18:24:54,495 [e726e41b-5eae-4257-b10a-91e952b7f2e4@group-1E3CD0BE553D-LeaderElection15] INFO  impl.LeaderElection (LogUtils.java:infoOrTrace(137)) -   Exception 1: java.util.concurrent.ExecutionException: org.apache.ratis.thirdparty.io.grpc.StatusRuntimeException: UNAVAILABLE: io exception
2022-07-21 18:24:54,495 [e726e41b-5eae-4257-b10a-91e952b7f2e4@group-1E3CD0BE553D-LeaderElection15] INFO  impl.LeaderElection (LeaderElection.java:askForVotes(312)) - e726e41b-5eae-4257-b10a-91e952b7f2e4@group-1E3CD0BE553D-LeaderElection15 ELECTION round 0: result REJECTED
2022-07-21 18:24:54,495 [e726e41b-5eae-4257-b10a-91e952b7f2e4@group-1E3CD0BE553D-LeaderElection15] INFO  server.RaftServer$Division (RaftServerImpl.java:setRole(299)) - e726e41b-5eae-4257-b10a-91e952b7f2e4@group-1E3CD0BE553D: changes role from CANDIDATE to FOLLOWER at term 3 for REJECTED
2022-07-21 18:24:54,495 [e726e41b-5eae-4257-b10a-91e952b7f2e4@group-1E3CD0BE553D-LeaderElection15] INFO  impl.RoleInfo (RoleInfo.java:shutdownLeaderElection(130)) - e726e41b-5eae-4257-b10a-91e952b7f2e4: shutdown e726e41b-5eae-4257-b10a-91e952b7f2e4@group-1E3CD0BE553D-LeaderElection15
2022-07-21 18:24:54,495 [e726e41b-5eae-4257-b10a-91e952b7f2e4@group-1E3CD0BE553D-LeaderElection15] INFO  impl.RoleInfo (RoleInfo.java:updateAndGet(139)) - e726e41b-5eae-4257-b10a-91e952b7f2e4: start e726e41b-5eae-4257-b10a-91e952b7f2e4@group-1E3CD0BE553D-FollowerState
2022-07-21 18:24:55,085 [EndpointStateMachine task thread for /127.0.0.1:38303 - 0 ] INFO  ipc.Client (Client.java:handleConnectionFailure(977)) - Retrying connect to server: localhost/127.0.0.1:38303. Already tried 8 time(s); retry policy is RetryUpToMaximumCountWithFixedSleep(maxRetries=15, sleepTime=1000 MILLISECONDS)
2022-07-21 18:24:55,085 [EndpointStateMachine task thread for /127.0.0.1:40299 - 0 ] INFO  ipc.Client (Client.java:handleConnectionFailure(977)) - Retrying connect to server: localhost/127.0.0.1:40299. Already tried 8 time(s); retry policy is RetryUpToMaximumCountWithFixedSleep(maxRetries=15, sleepTime=1000 MILLISECONDS)
2022-07-21 18:24:55,086 [EndpointStateMachine task thread for /127.0.0.1:44825 - 0 ] INFO  ipc.Client (Client.java:handleConnectionFailure(977)) - Retrying connect to server: localhost/127.0.0.1:44825. Already tried 8 time(s); retry policy is RetryUpToMaximumCountWithFixedSleep(maxRetries=15, sleepTime=1000 MILLISECONDS)
2022-07-21 18:24:55,334 [Listener at 127.0.0.1/34741] INFO  utils.BackgroundService (BackgroundService.java:shutdown(141)) - Shutting down service BlockDeletingService
2022-07-21 18:24:55,335 [ForkJoinPool.commonPool-worker-0] INFO  utils.BackgroundService (BackgroundService.java:shutdown(141)) - Shutting down service BlockDeletingService
2022-07-21 18:24:55,335 [ForkJoinPool.commonPool-worker-0] INFO  utils.BackgroundService (BackgroundService.java:shutdown(141)) - Shutting down service StaleRecoveringContainerScrubbingService
2022-07-21 18:24:55,336 [Listener at 127.0.0.1/34741] INFO  utils.BackgroundService (BackgroundService.java:shutdown(141)) - Shutting down service StaleRecoveringContainerScrubbingService
2022-07-21 18:24:56,086 [EndpointStateMachine task thread for /127.0.0.1:38303 - 0 ] INFO  ipc.Client (Client.java:handleConnectionFailure(977)) - Retrying connect to server: localhost/127.0.0.1:38303. Already tried 9 time(s); retry policy is RetryUpToMaximumCountWithFixedSleep(maxRetries=15, sleepTime=1000 MILLISECONDS)
2022-07-21 18:24:56,086 [EndpointStateMachine task thread for /127.0.0.1:44825 - 0 ] INFO  ipc.Client (Client.java:handleConnectionFailure(977)) - Retrying connect to server: localhost/127.0.0.1:44825. Already tried 9 time(s); retry policy is RetryUpToMaximumCountWithFixedSleep(maxRetries=15, sleepTime=1000 MILLISECONDS)
2022-07-21 18:24:56,087 [EndpointStateMachine task thread for /127.0.0.1:40299 - 0 ] INFO  ipc.Client (Client.java:handleConnectionFailure(977)) - Retrying connect to server: localhost/127.0.0.1:40299. Already tried 9 time(s); retry policy is RetryUpToMaximumCountWithFixedSleep(maxRetries=15, sleepTime=1000 MILLISECONDS)
2022-07-21 18:24:57,082 [Datanode State Machine Daemon Thread] ERROR datanode.RunningDatanodeState (RunningDatanodeState.java:computeNextContainerState(207)) - Error in executing end point task.
java.util.concurrent.ExecutionException: java.util.concurrent.TimeoutException
	at java.util.concurrent.FutureTask.report(FutureTask.java:122)
	at java.util.concurrent.FutureTask.get(FutureTask.java:192)
	at org.apache.hadoop.ozone.container.common.states.datanode.RunningDatanodeState.computeNextContainerState(RunningDatanodeState.java:199)
	at org.apache.hadoop.ozone.container.common.states.datanode.RunningDatanodeState.await(RunningDatanodeState.java:239)
	at org.apache.hadoop.ozone.container.common.states.datanode.RunningDatanodeState.await(RunningDatanodeState.java:50)
	at org.apache.hadoop.ozone.container.common.statemachine.StateContext.execute(StateContext.java:660)
	at org.apache.hadoop.ozone.container.common.statemachine.DatanodeStateMachine.startStateMachineThread(DatanodeStateMachine.java:298)
	at org.apache.hadoop.ozone.container.common.statemachine.DatanodeStateMachine.lambda$startDaemon$0(DatanodeStateMachine.java:493)
	at java.lang.Thread.run(Thread.java:750)
Caused by: java.util.concurrent.TimeoutException
	at java.util.concurrent.FutureTask.get(FutureTask.java:205)
	at org.apache.hadoop.ozone.container.common.states.datanode.RunningDatanodeState.lambda$execute$0(RunningDatanodeState.java:157)
	at java.util.concurrent.FutureTask.run(FutureTask.java:266)
	at java.util.concurrent.Executors$RunnableAdapter.call(Executors.java:511)
	at java.util.concurrent.FutureTask.run(FutureTask.java:266)
	at java.util.concurrent.ThreadPoolExecutor.runWorker(ThreadPoolExecutor.java:1149)
	at java.util.concurrent.ThreadPoolExecutor$Worker.run(ThreadPoolExecutor.java:624)
	... 1 more
2022-07-21 18:24:57,087 [EndpointStateMachine task thread for /127.0.0.1:44825 - 0 ] INFO  ipc.Client (Client.java:handleConnectionFailure(977)) - Retrying connect to server: localhost/127.0.0.1:44825. Already tried 10 time(s); retry policy is RetryUpToMaximumCountWithFixedSleep(maxRetries=15, sleepTime=1000 MILLISECONDS)
2022-07-21 18:24:57,087 [EndpointStateMachine task thread for /127.0.0.1:38303 - 0 ] INFO  ipc.Client (Client.java:handleConnectionFailure(977)) - Retrying connect to server: localhost/127.0.0.1:38303. Already tried 10 time(s); retry policy is RetryUpToMaximumCountWithFixedSleep(maxRetries=15, sleepTime=1000 MILLISECONDS)
2022-07-21 18:24:57,088 [EndpointStateMachine task thread for /127.0.0.1:40299 - 0 ] INFO  ipc.Client (Client.java:handleConnectionFailure(977)) - Retrying connect to server: localhost/127.0.0.1:40299. Already tried 10 time(s); retry policy is RetryUpToMaximumCountWithFixedSleep(maxRetries=15, sleepTime=1000 MILLISECONDS)
2022-07-21 18:24:58,088 [EndpointStateMachine task thread for /127.0.0.1:44825 - 0 ] INFO  ipc.Client (Client.java:handleConnectionFailure(977)) - Retrying connect to server: localhost/127.0.0.1:44825. Already tried 11 time(s); retry policy is RetryUpToMaximumCountWithFixedSleep(maxRetries=15, sleepTime=1000 MILLISECONDS)
2022-07-21 18:24:58,088 [EndpointStateMachine task thread for /127.0.0.1:38303 - 0 ] INFO  ipc.Client (Client.java:handleConnectionFailure(977)) - Retrying connect to server: localhost/127.0.0.1:38303. Already tried 11 time(s); retry policy is RetryUpToMaximumCountWithFixedSleep(maxRetries=15, sleepTime=1000 MILLISECONDS)
2022-07-21 18:24:58,089 [EndpointStateMachine task thread for /127.0.0.1:40299 - 0 ] INFO  ipc.Client (Client.java:handleConnectionFailure(977)) - Retrying connect to server: localhost/127.0.0.1:40299. Already tried 11 time(s); retry policy is RetryUpToMaximumCountWithFixedSleep(maxRetries=15, sleepTime=1000 MILLISECONDS)
2022-07-21 18:24:58,345 [Listener at 127.0.0.1/34741] INFO  statemachine.DatanodeStateMachine (DatanodeStateMachine.java:stopDaemon(580)) - Ozone container server stopped.
2022-07-21 18:24:58,349 [ForkJoinPool.commonPool-worker-0] INFO  statemachine.DatanodeStateMachine (DatanodeStateMachine.java:stopDaemon(580)) - Ozone container server stopped.
2022-07-21 18:24:58,374 [Listener at 127.0.0.1/34741] INFO  handler.ContextHandler (ContextHandler.java:doStop(1153)) - Stopped o.e.j.w.WebAppContext@21504e58{hddsDatanode,/,null,STOPPED}{jar:file:/home/runner/.m2/repository/org/apache/ozone/hdds-container-service/1.3.0-SNAPSHOT/hdds-container-service-1.3.0-SNAPSHOT.jar!/webapps/hddsDatanode}
2022-07-21 18:24:58,382 [ForkJoinPool.commonPool-worker-0] INFO  handler.ContextHandler (ContextHandler.java:doStop(1153)) - Stopped o.e.j.w.WebAppContext@65276985{hddsDatanode,/,null,STOPPED}{jar:file:/home/runner/.m2/repository/org/apache/ozone/hdds-container-service/1.3.0-SNAPSHOT/hdds-container-service-1.3.0-SNAPSHOT.jar!/webapps/hddsDatanode}
2022-07-21 18:24:58,382 [ForkJoinPool.commonPool-worker-0] INFO  server.AbstractConnector (AbstractConnector.java:doStop(381)) - Stopped ServerConnector@396cc77c{HTTP/1.1, (http/1.1)}{0.0.0.0:0}
2022-07-21 18:24:58,382 [ForkJoinPool.commonPool-worker-0] INFO  server.session (HouseKeeper.java:stopScavenging(149)) - node0 Stopped scavenging
2022-07-21 18:24:58,387 [Listener at 127.0.0.1/34741] INFO  server.AbstractConnector (AbstractConnector.java:doStop(381)) - Stopped ServerConnector@46fcc898{HTTP/1.1, (http/1.1)}{0.0.0.0:0}
2022-07-21 18:24:58,387 [Listener at 127.0.0.1/34741] INFO  server.session (HouseKeeper.java:stopScavenging(149)) - node0 Stopped scavenging
2022-07-21 18:24:58,387 [ForkJoinPool.commonPool-worker-0] INFO  handler.ContextHandler (ContextHandler.java:doStop(1153)) - Stopped o.e.j.s.ServletContextHandler@3d937d3b{static,/static,jar:file:/home/runner/.m2/repository/org/apache/ozone/hdds-container-service/1.3.0-SNAPSHOT/hdds-container-service-1.3.0-SNAPSHOT.jar!/webapps/static,STOPPED}
2022-07-21 18:24:58,388 [ForkJoinPool.commonPool-worker-0] INFO  handler.ContextHandler (ContextHandler.java:doStop(1153)) - Stopped o.e.j.s.ServletContextHandler@4a6ab618{logs,/logs,file:///home/runner/work/ozone/ozone/hadoop-ozone/integration-test/target/log,STOPPED}
2022-07-21 18:24:58,394 [Listener at 127.0.0.1/34741] INFO  handler.ContextHandler (ContextHandler.java:doStop(1153)) - Stopped o.e.j.s.ServletContextHandler@5517d48c{static,/static,jar:file:/home/runner/.m2/repository/org/apache/ozone/hdds-container-service/1.3.0-SNAPSHOT/hdds-container-service-1.3.0-SNAPSHOT.jar!/webapps/static,STOPPED}
2022-07-21 18:24:58,394 [Listener at 127.0.0.1/34741] INFO  handler.ContextHandler (ContextHandler.java:doStop(1153)) - Stopped o.e.j.s.ServletContextHandler@563ebe24{logs,/logs,file:///home/runner/work/ozone/ozone/hadoop-ozone/integration-test/target/log,STOPPED}
2022-07-21 18:24:59,087 [Datanode State Machine Daemon Thread] WARN  statemachine.StateContext (StateContext.java:setState(252)) - Ignore disallowed transition from SHUTDOWN to RUNNING
2022-07-21 18:24:59,089 [EndpointStateMachine task thread for /127.0.0.1:44825 - 0 ] INFO  ipc.Client (Client.java:handleConnectionFailure(977)) - Retrying connect to server: localhost/127.0.0.1:44825. Already tried 12 time(s); retry policy is RetryUpToMaximumCountWithFixedSleep(maxRetries=15, sleepTime=1000 MILLISECONDS)
2022-07-21 18:24:59,089 [EndpointStateMachine task thread for /127.0.0.1:38303 - 0 ] INFO  ipc.Client (Client.java:handleConnectionFailure(977)) - Retrying connect to server: localhost/127.0.0.1:38303. Already tried 12 time(s); retry policy is RetryUpToMaximumCountWithFixedSleep(maxRetries=15, sleepTime=1000 MILLISECONDS)
2022-07-21 18:24:59,089 [EndpointStateMachine task thread for /127.0.0.1:40299 - 0 ] INFO  ipc.Client (Client.java:handleConnectionFailure(977)) - Retrying connect to server: localhost/127.0.0.1:40299. Already tried 12 time(s); retry policy is RetryUpToMaximumCountWithFixedSleep(maxRetries=15, sleepTime=1000 MILLISECONDS)
2022-07-21 18:24:59,605 [e726e41b-5eae-4257-b10a-91e952b7f2e4@group-1E3CD0BE553D-FollowerState] INFO  impl.FollowerState (FollowerState.java:run(143)) - e726e41b-5eae-4257-b10a-91e952b7f2e4@group-1E3CD0BE553D-FollowerState: change to CANDIDATE, lastRpcElapsedTime:5109481391ns, electionTimeout:5109ms
2022-07-21 18:24:59,605 [e726e41b-5eae-4257-b10a-91e952b7f2e4@group-1E3CD0BE553D-FollowerState] INFO  impl.RoleInfo (RoleInfo.java:shutdownFollowerState(110)) - e726e41b-5eae-4257-b10a-91e952b7f2e4: shutdown e726e41b-5eae-4257-b10a-91e952b7f2e4@group-1E3CD0BE553D-FollowerState
2022-07-21 18:24:59,605 [e726e41b-5eae-4257-b10a-91e952b7f2e4@group-1E3CD0BE553D-FollowerState] INFO  server.RaftServer$Division (RaftServerImpl.java:setRole(299)) - e726e41b-5eae-4257-b10a-91e952b7f2e4@group-1E3CD0BE553D: changes role from  FOLLOWER to CANDIDATE at term 3 for changeToCandidate
2022-07-21 18:24:59,605 [e726e41b-5eae-4257-b10a-91e952b7f2e4@group-1E3CD0BE553D-FollowerState] INFO  server.RaftServerConfigKeys (ConfUtils.java:logGet(46)) - raft.server.leaderelection.pre-vote = false (custom)
2022-07-21 18:24:59,605 [e726e41b-5eae-4257-b10a-91e952b7f2e4@group-1E3CD0BE553D-FollowerState] INFO  impl.RoleInfo (RoleInfo.java:updateAndGet(139)) - e726e41b-5eae-4257-b10a-91e952b7f2e4: start e726e41b-5eae-4257-b10a-91e952b7f2e4@group-1E3CD0BE553D-LeaderElection16
2022-07-21 18:24:59,625 [e726e41b-5eae-4257-b10a-91e952b7f2e4@group-1E3CD0BE553D-LeaderElection16] INFO  impl.LeaderElection (LeaderElection.java:askForVotes(310)) - e726e41b-5eae-4257-b10a-91e952b7f2e4@group-1E3CD0BE553D-LeaderElection16 ELECTION round 0: submit vote requests at term 4 for -1: [0155c29a-c486-4ab3-a60c-46cc4bf5ae0a|rpc:127.0.0.1:39157|dataStream:|priority:0, 5d1fd1ad-3ffc-45d7-9cc9-017894943827|rpc:127.0.0.1:39605|dataStream:|priority:0, e726e41b-5eae-4257-b10a-91e952b7f2e4|rpc:127.0.0.1:33341|dataStream:|priority:1], old=null
2022-07-21 18:24:59,634 [e726e41b-5eae-4257-b10a-91e952b7f2e4@group-1E3CD0BE553D-LeaderElection16] INFO  impl.LeaderElection (LogUtils.java:infoOrTrace(137)) - e726e41b-5eae-4257-b10a-91e952b7f2e4@group-1E3CD0BE553D-LeaderElection16 got exception when requesting votes: java.util.concurrent.ExecutionException: org.apache.ratis.thirdparty.io.grpc.StatusRuntimeException: UNAVAILABLE: io exception
2022-07-21 18:24:59,634 [e726e41b-5eae-4257-b10a-91e952b7f2e4@group-1E3CD0BE553D-LeaderElection16] INFO  impl.LeaderElection (LogUtils.java:infoOrTrace(137)) - e726e41b-5eae-4257-b10a-91e952b7f2e4@group-1E3CD0BE553D-LeaderElection16 got exception when requesting votes: java.util.concurrent.ExecutionException: org.apache.ratis.thirdparty.io.grpc.StatusRuntimeException: UNAVAILABLE: io exception
2022-07-21 18:24:59,635 [e726e41b-5eae-4257-b10a-91e952b7f2e4@group-1E3CD0BE553D-LeaderElection16] INFO  impl.LeaderElection (LeaderElection.java:logAndReturn(90)) - e726e41b-5eae-4257-b10a-91e952b7f2e4@group-1E3CD0BE553D-LeaderElection16: ELECTION REJECTED received 0 response(s) and 2 exception(s):
2022-07-21 18:24:59,635 [e726e41b-5eae-4257-b10a-91e952b7f2e4@group-1E3CD0BE553D-LeaderElection16] INFO  impl.LeaderElection (LogUtils.java:infoOrTrace(137)) -   Exception 0: java.util.concurrent.ExecutionException: org.apache.ratis.thirdparty.io.grpc.StatusRuntimeException: UNAVAILABLE: io exception
2022-07-21 18:24:59,635 [e726e41b-5eae-4257-b10a-91e952b7f2e4@group-1E3CD0BE553D-LeaderElection16] INFO  impl.LeaderElection (LogUtils.java:infoOrTrace(137)) -   Exception 1: java.util.concurrent.ExecutionException: org.apache.ratis.thirdparty.io.grpc.StatusRuntimeException: UNAVAILABLE: io exception
2022-07-21 18:24:59,635 [e726e41b-5eae-4257-b10a-91e952b7f2e4@group-1E3CD0BE553D-LeaderElection16] INFO  impl.LeaderElection (LeaderElection.java:askForVotes(312)) - e726e41b-5eae-4257-b10a-91e952b7f2e4@group-1E3CD0BE553D-LeaderElection16 ELECTION round 0: result REJECTED
2022-07-21 18:24:59,635 [e726e41b-5eae-4257-b10a-91e952b7f2e4@group-1E3CD0BE553D-LeaderElection16] INFO  server.RaftServer$Division (RaftServerImpl.java:setRole(299)) - e726e41b-5eae-4257-b10a-91e952b7f2e4@group-1E3CD0BE553D: changes role from CANDIDATE to FOLLOWER at term 4 for REJECTED
2022-07-21 18:24:59,635 [e726e41b-5eae-4257-b10a-91e952b7f2e4@group-1E3CD0BE553D-LeaderElection16] INFO  impl.RoleInfo (RoleInfo.java:shutdownLeaderElection(130)) - e726e41b-5eae-4257-b10a-91e952b7f2e4: shutdown e726e41b-5eae-4257-b10a-91e952b7f2e4@group-1E3CD0BE553D-LeaderElection16
2022-07-21 18:24:59,635 [e726e41b-5eae-4257-b10a-91e952b7f2e4@group-1E3CD0BE553D-LeaderElection16] INFO  impl.RoleInfo (RoleInfo.java:updateAndGet(139)) - e726e41b-5eae-4257-b10a-91e952b7f2e4: start e726e41b-5eae-4257-b10a-91e952b7f2e4@group-1E3CD0BE553D-FollowerState
2022-07-21 18:25:00,053 [e726e41b-5eae-4257-b10a-91e952b7f2e4@group-1C6ADA7CB40D-FollowerState] INFO  impl.FollowerState (FollowerState.java:run(143)) - e726e41b-5eae-4257-b10a-91e952b7f2e4@group-1C6ADA7CB40D-FollowerState: change to CANDIDATE, lastRpcElapsedTime:7886838712ns, electionTimeout:5189ms
2022-07-21 18:25:00,054 [e726e41b-5eae-4257-b10a-91e952b7f2e4@group-1C6ADA7CB40D-FollowerState] INFO  impl.RoleInfo (RoleInfo.java:shutdownFollowerState(110)) - e726e41b-5eae-4257-b10a-91e952b7f2e4: shutdown e726e41b-5eae-4257-b10a-91e952b7f2e4@group-1C6ADA7CB40D-FollowerState
2022-07-21 18:25:00,054 [e726e41b-5eae-4257-b10a-91e952b7f2e4@group-1C6ADA7CB40D-FollowerState] INFO  server.RaftServer$Division (RaftServerImpl.java:setRole(299)) - e726e41b-5eae-4257-b10a-91e952b7f2e4@group-1C6ADA7CB40D: changes role from  FOLLOWER to CANDIDATE at term 1 for changeToCandidate
2022-07-21 18:25:00,054 [e726e41b-5eae-4257-b10a-91e952b7f2e4@group-1C6ADA7CB40D-FollowerState] INFO  server.RaftServerConfigKeys (ConfUtils.java:logGet(46)) - raft.server.leaderelection.pre-vote = false (custom)
2022-07-21 18:25:00,054 [e726e41b-5eae-4257-b10a-91e952b7f2e4@group-1C6ADA7CB40D-FollowerState] INFO  impl.RoleInfo (RoleInfo.java:updateAndGet(139)) - e726e41b-5eae-4257-b10a-91e952b7f2e4: start e726e41b-5eae-4257-b10a-91e952b7f2e4@group-1C6ADA7CB40D-LeaderElection17
2022-07-21 18:25:00,062 [e726e41b-5eae-4257-b10a-91e952b7f2e4@group-1C6ADA7CB40D-LeaderElection17] INFO  server.RaftServer$Division (ServerState.java:setLeader(287)) - e726e41b-5eae-4257-b10a-91e952b7f2e4@group-1C6ADA7CB40D: change Leader from 0155c29a-c486-4ab3-a60c-46cc4bf5ae0a to null at term 1 for ELECTION
2022-07-21 18:25:00,067 [e726e41b-5eae-4257-b10a-91e952b7f2e4@group-1C6ADA7CB40D-LeaderElection17] INFO  impl.LeaderElection (LeaderElection.java:askForVotes(310)) - e726e41b-5eae-4257-b10a-91e952b7f2e4@group-1C6ADA7CB40D-LeaderElection17 ELECTION round 0: submit vote requests at term 2 for 0: [0155c29a-c486-4ab3-a60c-46cc4bf5ae0a|rpc:127.0.0.1:39157|dataStream:|priority:1, 5d1fd1ad-3ffc-45d7-9cc9-017894943827|rpc:127.0.0.1:39605|dataStream:|priority:0, e726e41b-5eae-4257-b10a-91e952b7f2e4|rpc:127.0.0.1:33341|dataStream:|priority:0], old=null
2022-07-21 18:25:00,078 [e726e41b-5eae-4257-b10a-91e952b7f2e4@group-1C6ADA7CB40D-LeaderElection17] INFO  impl.LeaderElection (LogUtils.java:infoOrTrace(137)) - e726e41b-5eae-4257-b10a-91e952b7f2e4@group-1C6ADA7CB40D-LeaderElection17 got exception when requesting votes: java.util.concurrent.ExecutionException: org.apache.ratis.thirdparty.io.grpc.StatusRuntimeException: UNAVAILABLE: io exception
2022-07-21 18:25:00,079 [e726e41b-5eae-4257-b10a-91e952b7f2e4@group-1C6ADA7CB40D-LeaderElection17] INFO  impl.LeaderElection (LogUtils.java:infoOrTrace(137)) - e726e41b-5eae-4257-b10a-91e952b7f2e4@group-1C6ADA7CB40D-LeaderElection17 got exception when requesting votes: java.util.concurrent.ExecutionException: org.apache.ratis.thirdparty.io.grpc.StatusRuntimeException: UNAVAILABLE: io exception
2022-07-21 18:25:00,079 [e726e41b-5eae-4257-b10a-91e952b7f2e4@group-1C6ADA7CB40D-LeaderElection17] INFO  impl.LeaderElection (LeaderElection.java:logAndReturn(90)) - e726e41b-5eae-4257-b10a-91e952b7f2e4@group-1C6ADA7CB40D-LeaderElection17: ELECTION REJECTED received 0 response(s) and 2 exception(s):
2022-07-21 18:25:00,079 [e726e41b-5eae-4257-b10a-91e952b7f2e4@group-1C6ADA7CB40D-LeaderElection17] INFO  impl.LeaderElection (LogUtils.java:infoOrTrace(137)) -   Exception 0: java.util.concurrent.ExecutionException: org.apache.ratis.thirdparty.io.grpc.StatusRuntimeException: UNAVAILABLE: io exception
2022-07-21 18:25:00,079 [e726e41b-5eae-4257-b10a-91e952b7f2e4@group-1C6ADA7CB40D-LeaderElection17] INFO  impl.LeaderElection (LogUtils.java:infoOrTrace(137)) -   Exception 1: java.util.concurrent.ExecutionException: org.apache.ratis.thirdparty.io.grpc.StatusRuntimeException: UNAVAILABLE: io exception
2022-07-21 18:25:00,079 [e726e41b-5eae-4257-b10a-91e952b7f2e4@group-1C6ADA7CB40D-LeaderElection17] INFO  impl.LeaderElection (LeaderElection.java:askForVotes(312)) - e726e41b-5eae-4257-b10a-91e952b7f2e4@group-1C6ADA7CB40D-LeaderElection17 ELECTION round 0: result REJECTED
2022-07-21 18:25:00,080 [e726e41b-5eae-4257-b10a-91e952b7f2e4@group-1C6ADA7CB40D-LeaderElection17] INFO  server.RaftServer$Division (RaftServerImpl.java:setRole(299)) - e726e41b-5eae-4257-b10a-91e952b7f2e4@group-1C6ADA7CB40D: changes role from CANDIDATE to FOLLOWER at term 2 for REJECTED
2022-07-21 18:25:00,080 [e726e41b-5eae-4257-b10a-91e952b7f2e4@group-1C6ADA7CB40D-LeaderElection17] INFO  impl.RoleInfo (RoleInfo.java:shutdownLeaderElection(130)) - e726e41b-5eae-4257-b10a-91e952b7f2e4: shutdown e726e41b-5eae-4257-b10a-91e952b7f2e4@group-1C6ADA7CB40D-LeaderElection17
2022-07-21 18:25:00,080 [e726e41b-5eae-4257-b10a-91e952b7f2e4@group-1C6ADA7CB40D-LeaderElection17] INFO  impl.RoleInfo (RoleInfo.java:updateAndGet(139)) - e726e41b-5eae-4257-b10a-91e952b7f2e4: start e726e41b-5eae-4257-b10a-91e952b7f2e4@group-1C6ADA7CB40D-FollowerState
2022-07-21 18:25:00,089 [EndpointStateMachine task thread for /127.0.0.1:44825 - 0 ] INFO  ipc.Client (Client.java:handleConnectionFailure(977)) - Retrying connect to server: localhost/127.0.0.1:44825. Already tried 13 time(s); retry policy is RetryUpToMaximumCountWithFixedSleep(maxRetries=15, sleepTime=1000 MILLISECONDS)
2022-07-21 18:25:00,090 [EndpointStateMachine task thread for /127.0.0.1:38303 - 0 ] INFO  ipc.Client (Client.java:handleConnectionFailure(977)) - Retrying connect to server: localhost/127.0.0.1:38303. Already tried 13 time(s); retry policy is RetryUpToMaximumCountWithFixedSleep(maxRetries=15, sleepTime=1000 MILLISECONDS)
2022-07-21 18:25:00,090 [EndpointStateMachine task thread for /127.0.0.1:40299 - 0 ] INFO  ipc.Client (Client.java:handleConnectionFailure(977)) - Retrying connect to server: localhost/127.0.0.1:40299. Already tried 13 time(s); retry policy is RetryUpToMaximumCountWithFixedSleep(maxRetries=15, sleepTime=1000 MILLISECONDS)
2022-07-21 18:25:01,090 [EndpointStateMachine task thread for /127.0.0.1:44825 - 0 ] INFO  ipc.Client (Client.java:handleConnectionFailure(977)) - Retrying connect to server: localhost/127.0.0.1:44825. Already tried 14 time(s); retry policy is RetryUpToMaximumCountWithFixedSleep(maxRetries=15, sleepTime=1000 MILLISECONDS)
2022-07-21 18:25:01,090 [EndpointStateMachine task thread for /127.0.0.1:40299 - 0 ] INFO  ipc.Client (Client.java:handleConnectionFailure(977)) - Retrying connect to server: localhost/127.0.0.1:40299. Already tried 14 time(s); retry policy is RetryUpToMaximumCountWithFixedSleep(maxRetries=15, sleepTime=1000 MILLISECONDS)
2022-07-21 18:25:01,091 [EndpointStateMachine task thread for /127.0.0.1:40299 - 0 ] WARN  statemachine.EndpointStateMachine (EndpointStateMachine.java:logIfNeeded(236)) - Unable to communicate to SCM server at localhost:40299 for past 0 seconds.
java.net.ConnectException: Call From fv-az378-305/10.1.0.35 to localhost:40299 failed on connection exception: java.net.ConnectException: Connection refused; For more details see:  http://wiki.apache.org/hadoop/ConnectionRefused
	at sun.reflect.NativeConstructorAccessorImpl.newInstance0(Native Method)
	at sun.reflect.NativeConstructorAccessorImpl.newInstance(NativeConstructorAccessorImpl.java:62)
	at sun.reflect.DelegatingConstructorAccessorImpl.newInstance(DelegatingConstructorAccessorImpl.java:45)
	at java.lang.reflect.Constructor.newInstance(Constructor.java:423)
	at org.apache.hadoop.net.NetUtils.wrapWithMessage(NetUtils.java:913)
	at org.apache.hadoop.net.NetUtils.wrapException(NetUtils.java:828)
	at org.apache.hadoop.ipc.Client.getRpcResponse(Client.java:1577)
	at org.apache.hadoop.ipc.Client.call(Client.java:1519)
	at org.apache.hadoop.ipc.Client.call(Client.java:1416)
	at org.apache.hadoop.ipc.ProtobufRpcEngine$Invoker.invoke(ProtobufRpcEngine.java:236)
	at org.apache.hadoop.ipc.ProtobufRpcEngine$Invoker.invoke(ProtobufRpcEngine.java:123)
	at com.sun.proxy.$Proxy51.submitRequest(Unknown Source)
	at org.apache.hadoop.ozone.protocolPB.StorageContainerDatanodeProtocolClientSideTranslatorPB.submitRequest(StorageContainerDatanodeProtocolClientSideTranslatorPB.java:117)
	at org.apache.hadoop.ozone.protocolPB.StorageContainerDatanodeProtocolClientSideTranslatorPB.sendHeartbeat(StorageContainerDatanodeProtocolClientSideTranslatorPB.java:149)
	at org.apache.hadoop.ozone.container.common.states.endpoint.HeartbeatEndpointTask.call(HeartbeatEndpointTask.java:185)
	at org.apache.hadoop.ozone.container.common.states.endpoint.HeartbeatEndpointTask.call(HeartbeatEndpointTask.java:87)
	at java.util.concurrent.FutureTask.run(FutureTask.java:266)
	at java.util.concurrent.ThreadPoolExecutor.runWorker(ThreadPoolExecutor.java:1149)
	at java.util.concurrent.ThreadPoolExecutor$Worker.run(ThreadPoolExecutor.java:624)
	at java.lang.Thread.run(Thread.java:750)
Caused by: java.net.ConnectException: Connection refused
	at sun.nio.ch.SocketChannelImpl.checkConnect(Native Method)
	at sun.nio.ch.SocketChannelImpl.finishConnect(SocketChannelImpl.java:716)
	at org.apache.hadoop.net.SocketIOWithTimeout.connect(SocketIOWithTimeout.java:206)
	at org.apache.hadoop.net.NetUtils.connect(NetUtils.java:586)
	at org.apache.hadoop.ipc.Client$Connection.setupConnection(Client.java:701)
	at org.apache.hadoop.ipc.Client$Connection.setupIOstreams(Client.java:822)
	at org.apache.hadoop.ipc.Client$Connection.access$3800(Client.java:414)
	at org.apache.hadoop.ipc.Client.getConnection(Client.java:1647)
	at org.apache.hadoop.ipc.Client.call(Client.java:1463)
	... 12 more
2022-07-21 18:25:01,091 [EndpointStateMachine task thread for /127.0.0.1:38303 - 0 ] INFO  ipc.Client (Client.java:handleConnectionFailure(977)) - Retrying connect to server: localhost/127.0.0.1:38303. Already tried 14 time(s); retry policy is RetryUpToMaximumCountWithFixedSleep(maxRetries=15, sleepTime=1000 MILLISECONDS)
2022-07-21 18:25:01,093 [EndpointStateMachine task thread for /127.0.0.1:38303 - 0 ] WARN  statemachine.EndpointStateMachine (EndpointStateMachine.java:logIfNeeded(236)) - Unable to communicate to SCM server at localhost:38303 for past 0 seconds.
java.net.ConnectException: Call From fv-az378-305/10.1.0.35 to localhost:38303 failed on connection exception: java.net.ConnectException: Connection refused; For more details see:  http://wiki.apache.org/hadoop/ConnectionRefused
	at sun.reflect.NativeConstructorAccessorImpl.newInstance0(Native Method)
	at sun.reflect.NativeConstructorAccessorImpl.newInstance(NativeConstructorAccessorImpl.java:62)
	at sun.reflect.DelegatingConstructorAccessorImpl.newInstance(DelegatingConstructorAccessorImpl.java:45)
	at java.lang.reflect.Constructor.newInstance(Constructor.java:423)
	at org.apache.hadoop.net.NetUtils.wrapWithMessage(NetUtils.java:913)
	at org.apache.hadoop.net.NetUtils.wrapException(NetUtils.java:828)
	at org.apache.hadoop.ipc.Client.getRpcResponse(Client.java:1577)
	at org.apache.hadoop.ipc.Client.call(Client.java:1519)
	at org.apache.hadoop.ipc.Client.call(Client.java:1416)
	at org.apache.hadoop.ipc.ProtobufRpcEngine$Invoker.invoke(ProtobufRpcEngine.java:236)
	at org.apache.hadoop.ipc.ProtobufRpcEngine$Invoker.invoke(ProtobufRpcEngine.java:123)
	at com.sun.proxy.$Proxy51.submitRequest(Unknown Source)
	at org.apache.hadoop.ozone.protocolPB.StorageContainerDatanodeProtocolClientSideTranslatorPB.submitRequest(StorageContainerDatanodeProtocolClientSideTranslatorPB.java:117)
	at org.apache.hadoop.ozone.protocolPB.StorageContainerDatanodeProtocolClientSideTranslatorPB.sendHeartbeat(StorageContainerDatanodeProtocolClientSideTranslatorPB.java:149)
	at org.apache.hadoop.ozone.container.common.states.endpoint.HeartbeatEndpointTask.call(HeartbeatEndpointTask.java:185)
	at org.apache.hadoop.ozone.container.common.states.endpoint.HeartbeatEndpointTask.call(HeartbeatEndpointTask.java:87)
	at java.util.concurrent.FutureTask.run(FutureTask.java:266)
	at java.util.concurrent.ThreadPoolExecutor.runWorker(ThreadPoolExecutor.java:1149)
	at java.util.concurrent.ThreadPoolExecutor$Worker.run(ThreadPoolExecutor.java:624)
	at java.lang.Thread.run(Thread.java:750)
Caused by: java.net.ConnectException: Connection refused
	at sun.nio.ch.SocketChannelImpl.checkConnect(Native Method)
	at sun.nio.ch.SocketChannelImpl.finishConnect(SocketChannelImpl.java:716)
	at org.apache.hadoop.net.SocketIOWithTimeout.connect(SocketIOWithTimeout.java:206)
	at org.apache.hadoop.net.NetUtils.connect(NetUtils.java:586)
	at org.apache.hadoop.ipc.Client$Connection.setupConnection(Client.java:701)
	at org.apache.hadoop.ipc.Client$Connection.setupIOstreams(Client.java:822)
	at org.apache.hadoop.ipc.Client$Connection.access$3800(Client.java:414)
	at org.apache.hadoop.ipc.Client.getConnection(Client.java:1647)
	at org.apache.hadoop.ipc.Client.call(Client.java:1463)
	... 12 more
2022-07-21 18:25:01,091 [EndpointStateMachine task thread for /127.0.0.1:44825 - 0 ] WARN  statemachine.EndpointStateMachine (EndpointStateMachine.java:logIfNeeded(236)) - Unable to communicate to SCM server at localhost:44825 for past 0 seconds.
java.net.ConnectException: Call From fv-az378-305/10.1.0.35 to localhost:44825 failed on connection exception: java.net.ConnectException: Connection refused; For more details see:  http://wiki.apache.org/hadoop/ConnectionRefused
	at sun.reflect.NativeConstructorAccessorImpl.newInstance0(Native Method)
	at sun.reflect.NativeConstructorAccessorImpl.newInstance(NativeConstructorAccessorImpl.java:62)
	at sun.reflect.DelegatingConstructorAccessorImpl.newInstance(DelegatingConstructorAccessorImpl.java:45)
	at java.lang.reflect.Constructor.newInstance(Constructor.java:423)
	at org.apache.hadoop.net.NetUtils.wrapWithMessage(NetUtils.java:913)
	at org.apache.hadoop.net.NetUtils.wrapException(NetUtils.java:828)
	at org.apache.hadoop.ipc.Client.getRpcResponse(Client.java:1577)
	at org.apache.hadoop.ipc.Client.call(Client.java:1519)
	at org.apache.hadoop.ipc.Client.call(Client.java:1416)
	at org.apache.hadoop.ipc.ProtobufRpcEngine$Invoker.invoke(ProtobufRpcEngine.java:236)
	at org.apache.hadoop.ipc.ProtobufRpcEngine$Invoker.invoke(ProtobufRpcEngine.java:123)
	at com.sun.proxy.$Proxy51.submitRequest(Unknown Source)
	at org.apache.hadoop.ozone.protocolPB.StorageContainerDatanodeProtocolClientSideTranslatorPB.submitRequest(StorageContainerDatanodeProtocolClientSideTranslatorPB.java:117)
	at org.apache.hadoop.ozone.protocolPB.StorageContainerDatanodeProtocolClientSideTranslatorPB.sendHeartbeat(StorageContainerDatanodeProtocolClientSideTranslatorPB.java:149)
	at org.apache.hadoop.ozone.container.common.states.endpoint.HeartbeatEndpointTask.call(HeartbeatEndpointTask.java:185)
	at org.apache.hadoop.ozone.container.common.states.endpoint.HeartbeatEndpointTask.call(HeartbeatEndpointTask.java:87)
	at java.util.concurrent.FutureTask.run(FutureTask.java:266)
	at java.util.concurrent.ThreadPoolExecutor.runWorker(ThreadPoolExecutor.java:1149)
	at java.util.concurrent.ThreadPoolExecutor$Worker.run(ThreadPoolExecutor.java:624)
	at java.lang.Thread.run(Thread.java:750)
Caused by: java.net.ConnectException: Connection refused
	at sun.nio.ch.SocketChannelImpl.checkConnect(Native Method)
	at sun.nio.ch.SocketChannelImpl.finishConnect(SocketChannelImpl.java:716)
	at org.apache.hadoop.net.SocketIOWithTimeout.connect(SocketIOWithTimeout.java:206)
	at org.apache.hadoop.net.NetUtils.connect(NetUtils.java:586)
	at org.apache.hadoop.ipc.Client$Connection.setupConnection(Client.java:701)
	at org.apache.hadoop.ipc.Client$Connection.setupIOstreams(Client.java:822)
	at org.apache.hadoop.ipc.Client$Connection.access$3800(Client.java:414)
	at org.apache.hadoop.ipc.Client.getConnection(Client.java:1647)
	at org.apache.hadoop.ipc.Client.call(Client.java:1463)
	... 12 more
2022-07-21 18:25:02,092 [EndpointStateMachine task thread for /127.0.0.1:40299 - 0 ] INFO  ipc.Client (Client.java:handleConnectionFailure(977)) - Retrying connect to server: localhost/127.0.0.1:40299. Already tried 0 time(s); retry policy is RetryUpToMaximumCountWithFixedSleep(maxRetries=15, sleepTime=1000 MILLISECONDS)
2022-07-21 18:25:02,093 [EndpointStateMachine task thread for /127.0.0.1:44825 - 0 ] INFO  ipc.Client (Client.java:handleConnectionFailure(977)) - Retrying connect to server: localhost/127.0.0.1:44825. Already tried 0 time(s); retry policy is RetryUpToMaximumCountWithFixedSleep(maxRetries=15, sleepTime=1000 MILLISECONDS)
2022-07-21 18:25:02,094 [EndpointStateMachine task thread for /127.0.0.1:38303 - 0 ] INFO  ipc.Client (Client.java:handleConnectionFailure(977)) - Retrying connect to server: localhost/127.0.0.1:38303. Already tried 0 time(s); retry policy is RetryUpToMaximumCountWithFixedSleep(maxRetries=15, sleepTime=1000 MILLISECONDS)
2022-07-21 18:25:03,092 [EndpointStateMachine task thread for /127.0.0.1:40299 - 0 ] INFO  ipc.Client (Client.java:handleConnectionFailure(977)) - Retrying connect to server: localhost/127.0.0.1:40299. Already tried 1 time(s); retry policy is RetryUpToMaximumCountWithFixedSleep(maxRetries=15, sleepTime=1000 MILLISECONDS)
2022-07-21 18:25:03,094 [EndpointStateMachine task thread for /127.0.0.1:44825 - 0 ] INFO  ipc.Client (Client.java:handleConnectionFailure(977)) - Retrying connect to server: localhost/127.0.0.1:44825. Already tried 1 time(s); retry policy is RetryUpToMaximumCountWithFixedSleep(maxRetries=15, sleepTime=1000 MILLISECONDS)
2022-07-21 18:25:03,094 [EndpointStateMachine task thread for /127.0.0.1:38303 - 0 ] INFO  ipc.Client (Client.java:handleConnectionFailure(977)) - Retrying connect to server: localhost/127.0.0.1:38303. Already tried 1 time(s); retry policy is RetryUpToMaximumCountWithFixedSleep(maxRetries=15, sleepTime=1000 MILLISECONDS)
2022-07-21 18:25:03,397 [ForkJoinPool.commonPool-worker-0] INFO  ozoneimpl.OzoneContainer (OzoneContainer.java:stop(399)) - Attempting to stop container services.
2022-07-21 18:25:03,399 [ForkJoinPool.commonPool-worker-0] INFO  server.RaftServer (RaftServerProxy.java:lambda$close$7(398)) - e726e41b-5eae-4257-b10a-91e952b7f2e4: close
2022-07-21 18:25:03,399 [ForkJoinPool.commonPool-worker-0] INFO  server.RaftServer$Division (RaftServerImpl.java:lambda$close$4(434)) - e726e41b-5eae-4257-b10a-91e952b7f2e4@group-63590B95B53D: shutdown
2022-07-21 18:25:03,399 [ForkJoinPool.commonPool-worker-0] INFO  util.JmxRegister (JmxRegister.java:unregister(73)) - Successfully un-registered JMX Bean with object name Ratis:service=RaftServer,group=group-63590B95B53D,id=e726e41b-5eae-4257-b10a-91e952b7f2e4
2022-07-21 18:25:03,399 [ForkJoinPool.commonPool-worker-0] INFO  impl.RoleInfo (RoleInfo.java:shutdownLeaderState(93)) - e726e41b-5eae-4257-b10a-91e952b7f2e4: shutdown e726e41b-5eae-4257-b10a-91e952b7f2e4@group-63590B95B53D-LeaderStateImpl
2022-07-21 18:25:03,400 [ForkJoinPool.commonPool-worker-0] INFO  impl.PendingRequests (PendingRequests.java:sendNotLeaderResponses(282)) - e726e41b-5eae-4257-b10a-91e952b7f2e4@group-63590B95B53D-PendingRequests: sendNotLeaderResponses
2022-07-21 18:25:03,400 [ForkJoinPool.commonPool-worker-0] INFO  impl.StateMachineUpdater (StateMachineUpdater.java:stopAndJoin(153)) - e726e41b-5eae-4257-b10a-91e952b7f2e4@group-63590B95B53D-StateMachineUpdater: set stopIndex = 0
2022-07-21 18:25:03,400 [e726e41b-5eae-4257-b10a-91e952b7f2e4@group-63590B95B53D-StateMachineUpdater] INFO  ratis.ContainerStateMachine (ContainerStateMachine.java:takeSnapshot(304)) - group-63590B95B53D: Taking a snapshot at:(t:1, i:0) file /home/runner/work/ozone/ozone/hadoop-ozone/integration-test/target/test-dir/MiniOzoneClusterImpl-c56c5c68-8a55-4647-89a4-dc8bb834fa26/datanode-2/data/ratis/2ef7edf0-900e-4989-8271-63590b95b53d/sm/snapshot.1_0
2022-07-21 18:25:03,407 [e726e41b-5eae-4257-b10a-91e952b7f2e4@group-63590B95B53D-StateMachineUpdater] INFO  ratis.ContainerStateMachine (ContainerStateMachine.java:takeSnapshot(315)) - group-63590B95B53D: Finished taking a snapshot at:(t:1, i:0) file:/home/runner/work/ozone/ozone/hadoop-ozone/integration-test/target/test-dir/MiniOzoneClusterImpl-c56c5c68-8a55-4647-89a4-dc8bb834fa26/datanode-2/data/ratis/2ef7edf0-900e-4989-8271-63590b95b53d/sm/snapshot.1_0 took: 7 ms
2022-07-21 18:25:03,408 [e726e41b-5eae-4257-b10a-91e952b7f2e4@group-63590B95B53D-StateMachineUpdater] INFO  impl.StateMachineUpdater (StateMachineUpdater.java:takeSnapshot(287)) - e726e41b-5eae-4257-b10a-91e952b7f2e4@group-63590B95B53D-StateMachineUpdater: Took a snapshot at index 0
2022-07-21 18:25:03,408 [e726e41b-5eae-4257-b10a-91e952b7f2e4@group-63590B95B53D-StateMachineUpdater] INFO  impl.StateMachineUpdater (StateMachineUpdater.java:lambda$new$0(92)) - e726e41b-5eae-4257-b10a-91e952b7f2e4@group-63590B95B53D-StateMachineUpdater: snapshotIndex: updateIncreasingly -1 -> 0
2022-07-21 18:25:03,408 [ForkJoinPool.commonPool-worker-0] INFO  server.RaftServer$Division (ServerState.java:close(429)) - e726e41b-5eae-4257-b10a-91e952b7f2e4@group-63590B95B53D: closes. applyIndex: 0
2022-07-21 18:25:03,408 [e726e41b-5eae-4257-b10a-91e952b7f2e4@group-63590B95B53D-SegmentedRaftLogWorker] INFO  segmented.SegmentedRaftLogWorker (SegmentedRaftLogWorker.java:run(336)) - e726e41b-5eae-4257-b10a-91e952b7f2e4@group-63590B95B53D-SegmentedRaftLogWorker was interrupted, exiting. There are 0 tasks remaining in the queue.
2022-07-21 18:25:03,409 [ForkJoinPool.commonPool-worker-0] INFO  segmented.SegmentedRaftLogWorker (SegmentedRaftLogWorker.java:close(246)) - e726e41b-5eae-4257-b10a-91e952b7f2e4@group-63590B95B53D-SegmentedRaftLogWorker close()
2022-07-21 18:25:03,409 [ForkJoinPool.commonPool-worker-0] INFO  server.RaftServer$Division (RaftServerImpl.java:lambda$close$4(434)) - e726e41b-5eae-4257-b10a-91e952b7f2e4@group-1E3CD0BE553D: shutdown
2022-07-21 18:25:03,409 [ForkJoinPool.commonPool-worker-0] INFO  util.JmxRegister (JmxRegister.java:unregister(73)) - Successfully un-registered JMX Bean with object name Ratis:service=RaftServer,group=group-1E3CD0BE553D,id=e726e41b-5eae-4257-b10a-91e952b7f2e4
2022-07-21 18:25:03,410 [ForkJoinPool.commonPool-worker-0] INFO  impl.RoleInfo (RoleInfo.java:shutdownFollowerState(110)) - e726e41b-5eae-4257-b10a-91e952b7f2e4: shutdown e726e41b-5eae-4257-b10a-91e952b7f2e4@group-1E3CD0BE553D-FollowerState
2022-07-21 18:25:03,410 [ForkJoinPool.commonPool-worker-0] INFO  impl.StateMachineUpdater (StateMachineUpdater.java:stopAndJoin(153)) - e726e41b-5eae-4257-b10a-91e952b7f2e4@group-1E3CD0BE553D-StateMachineUpdater: set stopIndex = -1
2022-07-21 18:25:03,410 [ForkJoinPool.commonPool-worker-0] INFO  server.RaftServer$Division (ServerState.java:close(429)) - e726e41b-5eae-4257-b10a-91e952b7f2e4@group-1E3CD0BE553D: closes. applyIndex: -1
2022-07-21 18:25:03,410 [e726e41b-5eae-4257-b10a-91e952b7f2e4@group-1E3CD0BE553D-FollowerState] INFO  impl.FollowerState (FollowerState.java:run(152)) - e726e41b-5eae-4257-b10a-91e952b7f2e4@group-1E3CD0BE553D-FollowerState was interrupted
2022-07-21 18:25:03,410 [e726e41b-5eae-4257-b10a-91e952b7f2e4@group-1E3CD0BE553D-SegmentedRaftLogWorker] INFO  segmented.SegmentedRaftLogWorker (SegmentedRaftLogWorker.java:run(336)) - e726e41b-5eae-4257-b10a-91e952b7f2e4@group-1E3CD0BE553D-SegmentedRaftLogWorker was interrupted, exiting. There are 0 tasks remaining in the queue.
2022-07-21 18:25:03,410 [ForkJoinPool.commonPool-worker-0] INFO  segmented.SegmentedRaftLogWorker (SegmentedRaftLogWorker.java:close(246)) - e726e41b-5eae-4257-b10a-91e952b7f2e4@group-1E3CD0BE553D-SegmentedRaftLogWorker close()
2022-07-21 18:25:03,411 [ForkJoinPool.commonPool-worker-0] INFO  server.RaftServer$Division (RaftServerImpl.java:lambda$close$4(434)) - e726e41b-5eae-4257-b10a-91e952b7f2e4@group-1C6ADA7CB40D: shutdown
2022-07-21 18:25:03,411 [ForkJoinPool.commonPool-worker-0] INFO  util.JmxRegister (JmxRegister.java:unregister(73)) - Successfully un-registered JMX Bean with object name Ratis:service=RaftServer,group=group-1C6ADA7CB40D,id=e726e41b-5eae-4257-b10a-91e952b7f2e4
2022-07-21 18:25:03,411 [ForkJoinPool.commonPool-worker-0] INFO  impl.RoleInfo (RoleInfo.java:shutdownFollowerState(110)) - e726e41b-5eae-4257-b10a-91e952b7f2e4: shutdown e726e41b-5eae-4257-b10a-91e952b7f2e4@group-1C6ADA7CB40D-FollowerState
2022-07-21 18:25:03,411 [ForkJoinPool.commonPool-worker-0] INFO  impl.StateMachineUpdater (StateMachineUpdater.java:stopAndJoin(153)) - e726e41b-5eae-4257-b10a-91e952b7f2e4@group-1C6ADA7CB40D-StateMachineUpdater: set stopIndex = 0
2022-07-21 18:25:03,411 [e726e41b-5eae-4257-b10a-91e952b7f2e4@group-1C6ADA7CB40D-FollowerState] INFO  impl.FollowerState (FollowerState.java:run(152)) - e726e41b-5eae-4257-b10a-91e952b7f2e4@group-1C6ADA7CB40D-FollowerState was interrupted
2022-07-21 18:25:03,411 [e726e41b-5eae-4257-b10a-91e952b7f2e4@group-1C6ADA7CB40D-StateMachineUpdater] INFO  ratis.ContainerStateMachine (ContainerStateMachine.java:takeSnapshot(304)) - group-1C6ADA7CB40D: Taking a snapshot at:(t:1, i:0) file /home/runner/work/ozone/ozone/hadoop-ozone/integration-test/target/test-dir/MiniOzoneClusterImpl-c56c5c68-8a55-4647-89a4-dc8bb834fa26/datanode-2/data/ratis/84cd1a99-4ae3-4bd5-ab21-1c6ada7cb40d/sm/snapshot.1_0
2022-07-21 18:25:03,417 [e726e41b-5eae-4257-b10a-91e952b7f2e4@group-1C6ADA7CB40D-StateMachineUpdater] INFO  ratis.ContainerStateMachine (ContainerStateMachine.java:takeSnapshot(315)) - group-1C6ADA7CB40D: Finished taking a snapshot at:(t:1, i:0) file:/home/runner/work/ozone/ozone/hadoop-ozone/integration-test/target/test-dir/MiniOzoneClusterImpl-c56c5c68-8a55-4647-89a4-dc8bb834fa26/datanode-2/data/ratis/84cd1a99-4ae3-4bd5-ab21-1c6ada7cb40d/sm/snapshot.1_0 took: 5 ms
2022-07-21 18:25:03,417 [e726e41b-5eae-4257-b10a-91e952b7f2e4@group-1C6ADA7CB40D-StateMachineUpdater] INFO  impl.StateMachineUpdater (StateMachineUpdater.java:takeSnapshot(287)) - e726e41b-5eae-4257-b10a-91e952b7f2e4@group-1C6ADA7CB40D-StateMachineUpdater: Took a snapshot at index 0
2022-07-21 18:25:03,417 [e726e41b-5eae-4257-b10a-91e952b7f2e4@group-1C6ADA7CB40D-StateMachineUpdater] INFO  impl.StateMachineUpdater (StateMachineUpdater.java:lambda$new$0(92)) - e726e41b-5eae-4257-b10a-91e952b7f2e4@group-1C6ADA7CB40D-StateMachineUpdater: snapshotIndex: updateIncreasingly -1 -> 0
2022-07-21 18:25:03,419 [ForkJoinPool.commonPool-worker-0] INFO  server.RaftServer$Division (ServerState.java:close(429)) - e726e41b-5eae-4257-b10a-91e952b7f2e4@group-1C6ADA7CB40D: closes. applyIndex: 0
2022-07-21 18:25:03,419 [e726e41b-5eae-4257-b10a-91e952b7f2e4@group-1C6ADA7CB40D-SegmentedRaftLogWorker] INFO  segmented.SegmentedRaftLogWorker (SegmentedRaftLogWorker.java:run(336)) - e726e41b-5eae-4257-b10a-91e952b7f2e4@group-1C6ADA7CB40D-SegmentedRaftLogWorker was interrupted, exiting. There are 0 tasks remaining in the queue.
2022-07-21 18:25:03,419 [ForkJoinPool.commonPool-worker-0] INFO  segmented.SegmentedRaftLogWorker (SegmentedRaftLogWorker.java:close(246)) - e726e41b-5eae-4257-b10a-91e952b7f2e4@group-1C6ADA7CB40D-SegmentedRaftLogWorker close()
2022-07-21 18:25:03,423 [ForkJoinPool.commonPool-worker-0] INFO  server.GrpcService (GrpcService.java:closeImpl(269)) - e726e41b-5eae-4257-b10a-91e952b7f2e4: shutdown server with port 33341 now
2022-07-21 18:25:03,426 [ForkJoinPool.commonPool-worker-0] INFO  server.GrpcService (GrpcService.java:closeImpl(278)) - e726e41b-5eae-4257-b10a-91e952b7f2e4: shutdown server with port 33341 successfully
2022-07-21 18:25:03,427 [org.apache.ratis.util.JvmPauseMonitor$$Lambda$519/1846153014@27fc49f9] INFO  util.JvmPauseMonitor (JvmPauseMonitor.java:run(109)) - JvmPauseMonitor-e726e41b-5eae-4257-b10a-91e952b7f2e4: Stopped
2022-07-21 18:25:04,093 [EndpointStateMachine task thread for /127.0.0.1:40299 - 0 ] INFO  ipc.Client (Client.java:handleConnectionFailure(977)) - Retrying connect to server: localhost/127.0.0.1:40299. Already tried 2 time(s); retry policy is RetryUpToMaximumCountWithFixedSleep(maxRetries=15, sleepTime=1000 MILLISECONDS)
2022-07-21 18:25:04,094 [EndpointStateMachine task thread for /127.0.0.1:44825 - 0 ] INFO  ipc.Client (Client.java:handleConnectionFailure(977)) - Retrying connect to server: localhost/127.0.0.1:44825. Already tried 2 time(s); retry policy is RetryUpToMaximumCountWithFixedSleep(maxRetries=15, sleepTime=1000 MILLISECONDS)
2022-07-21 18:25:04,095 [EndpointStateMachine task thread for /127.0.0.1:38303 - 0 ] INFO  ipc.Client (Client.java:handleConnectionFailure(977)) - Retrying connect to server: localhost/127.0.0.1:38303. Already tried 2 time(s); retry policy is RetryUpToMaximumCountWithFixedSleep(maxRetries=15, sleepTime=1000 MILLISECONDS)
2022-07-21 18:25:05,095 [EndpointStateMachine task thread for /127.0.0.1:44825 - 0 ] INFO  ipc.Client (Client.java:handleConnectionFailure(977)) - Retrying connect to server: localhost/127.0.0.1:44825. Already tried 3 time(s); retry policy is RetryUpToMaximumCountWithFixedSleep(maxRetries=15, sleepTime=1000 MILLISECONDS)
2022-07-21 18:25:05,095 [EndpointStateMachine task thread for /127.0.0.1:38303 - 0 ] INFO  ipc.Client (Client.java:handleConnectionFailure(977)) - Retrying connect to server: localhost/127.0.0.1:38303. Already tried 3 time(s); retry policy is RetryUpToMaximumCountWithFixedSleep(maxRetries=15, sleepTime=1000 MILLISECONDS)
2022-07-21 18:25:05,099 [EndpointStateMachine task thread for /127.0.0.1:40299 - 0 ] INFO  ipc.Client (Client.java:handleConnectionFailure(977)) - Retrying connect to server: localhost/127.0.0.1:40299. Already tried 3 time(s); retry policy is RetryUpToMaximumCountWithFixedSleep(maxRetries=15, sleepTime=1000 MILLISECONDS)
2022-07-21 18:25:05,447 [ForkJoinPool.commonPool-worker-0] INFO  utils.BackgroundService (BackgroundService.java:shutdown(141)) - Shutting down service BlockDeletingService
2022-07-21 18:25:05,448 [ForkJoinPool.commonPool-worker-0] INFO  utils.BackgroundService (BackgroundService.java:shutdown(141)) - Shutting down service StaleRecoveringContainerScrubbingService
2022-07-21 18:25:06,095 [EndpointStateMachine task thread for /127.0.0.1:44825 - 0 ] INFO  ipc.Client (Client.java:handleConnectionFailure(977)) - Retrying connect to server: localhost/127.0.0.1:44825. Already tried 4 time(s); retry policy is RetryUpToMaximumCountWithFixedSleep(maxRetries=15, sleepTime=1000 MILLISECONDS)
2022-07-21 18:25:06,096 [EndpointStateMachine task thread for /127.0.0.1:38303 - 0 ] INFO  ipc.Client (Client.java:handleConnectionFailure(977)) - Retrying connect to server: localhost/127.0.0.1:38303. Already tried 4 time(s); retry policy is RetryUpToMaximumCountWithFixedSleep(maxRetries=15, sleepTime=1000 MILLISECONDS)
2022-07-21 18:25:06,099 [EndpointStateMachine task thread for /127.0.0.1:40299 - 0 ] INFO  ipc.Client (Client.java:handleConnectionFailure(977)) - Retrying connect to server: localhost/127.0.0.1:40299. Already tried 4 time(s); retry policy is RetryUpToMaximumCountWithFixedSleep(maxRetries=15, sleepTime=1000 MILLISECONDS)
2022-07-21 18:25:07,096 [EndpointStateMachine task thread for /127.0.0.1:44825 - 0 ] INFO  ipc.Client (Client.java:handleConnectionFailure(977)) - Retrying connect to server: localhost/127.0.0.1:44825. Already tried 5 time(s); retry policy is RetryUpToMaximumCountWithFixedSleep(maxRetries=15, sleepTime=1000 MILLISECONDS)
2022-07-21 18:25:07,097 [EndpointStateMachine task thread for /127.0.0.1:38303 - 0 ] INFO  ipc.Client (Client.java:handleConnectionFailure(977)) - Retrying connect to server: localhost/127.0.0.1:38303. Already tried 5 time(s); retry policy is RetryUpToMaximumCountWithFixedSleep(maxRetries=15, sleepTime=1000 MILLISECONDS)
2022-07-21 18:25:07,099 [EndpointStateMachine task thread for /127.0.0.1:40299 - 0 ] INFO  ipc.Client (Client.java:handleConnectionFailure(977)) - Retrying connect to server: localhost/127.0.0.1:40299. Already tried 5 time(s); retry policy is RetryUpToMaximumCountWithFixedSleep(maxRetries=15, sleepTime=1000 MILLISECONDS)
2022-07-21 18:25:08,097 [EndpointStateMachine task thread for /127.0.0.1:44825 - 0 ] INFO  ipc.Client (Client.java:handleConnectionFailure(977)) - Retrying connect to server: localhost/127.0.0.1:44825. Already tried 6 time(s); retry policy is RetryUpToMaximumCountWithFixedSleep(maxRetries=15, sleepTime=1000 MILLISECONDS)
2022-07-21 18:25:08,097 [EndpointStateMachine task thread for /127.0.0.1:38303 - 0 ] INFO  ipc.Client (Client.java:handleConnectionFailure(977)) - Retrying connect to server: localhost/127.0.0.1:38303. Already tried 6 time(s); retry policy is RetryUpToMaximumCountWithFixedSleep(maxRetries=15, sleepTime=1000 MILLISECONDS)
2022-07-21 18:25:08,100 [EndpointStateMachine task thread for /127.0.0.1:40299 - 0 ] INFO  ipc.Client (Client.java:handleConnectionFailure(977)) - Retrying connect to server: localhost/127.0.0.1:40299. Already tried 6 time(s); retry policy is RetryUpToMaximumCountWithFixedSleep(maxRetries=15, sleepTime=1000 MILLISECONDS)
2022-07-21 18:25:08,459 [ForkJoinPool.commonPool-worker-0] INFO  statemachine.DatanodeStateMachine (DatanodeStateMachine.java:stopDaemon(580)) - Ozone container server stopped.
2022-07-21 18:25:08,490 [ForkJoinPool.commonPool-worker-0] INFO  handler.ContextHandler (ContextHandler.java:doStop(1153)) - Stopped o.e.j.w.WebAppContext@515a5ef1{hddsDatanode,/,null,STOPPED}{jar:file:/home/runner/.m2/repository/org/apache/ozone/hdds-container-service/1.3.0-SNAPSHOT/hdds-container-service-1.3.0-SNAPSHOT.jar!/webapps/hddsDatanode}
2022-07-21 18:25:08,490 [ForkJoinPool.commonPool-worker-0] INFO  server.AbstractConnector (AbstractConnector.java:doStop(381)) - Stopped ServerConnector@3de4a989{HTTP/1.1, (http/1.1)}{0.0.0.0:0}
2022-07-21 18:25:08,491 [ForkJoinPool.commonPool-worker-0] INFO  server.session (HouseKeeper.java:stopScavenging(149)) - node0 Stopped scavenging
2022-07-21 18:25:08,491 [ForkJoinPool.commonPool-worker-0] INFO  handler.ContextHandler (ContextHandler.java:doStop(1153)) - Stopped o.e.j.s.ServletContextHandler@6e5dfdc8{static,/static,jar:file:/home/runner/.m2/repository/org/apache/ozone/hdds-container-service/1.3.0-SNAPSHOT/hdds-container-service-1.3.0-SNAPSHOT.jar!/webapps/static,STOPPED}
2022-07-21 18:25:08,496 [ForkJoinPool.commonPool-worker-0] INFO  handler.ContextHandler (ContextHandler.java:doStop(1153)) - Stopped o.e.j.s.ServletContextHandler@474dc75e{logs,/logs,file:///home/runner/work/ozone/ozone/hadoop-ozone/integration-test/target/log,STOPPED}
2022-07-21 18:25:09,098 [EndpointStateMachine task thread for /127.0.0.1:44825 - 0 ] INFO  ipc.Client (Client.java:handleConnectionFailure(977)) - Retrying connect to server: localhost/127.0.0.1:44825. Already tried 7 time(s); retry policy is RetryUpToMaximumCountWithFixedSleep(maxRetries=15, sleepTime=1000 MILLISECONDS)
2022-07-21 18:25:09,098 [EndpointStateMachine task thread for /127.0.0.1:38303 - 0 ] INFO  ipc.Client (Client.java:handleConnectionFailure(977)) - Retrying connect to server: localhost/127.0.0.1:38303. Already tried 7 time(s); retry policy is RetryUpToMaximumCountWithFixedSleep(maxRetries=15, sleepTime=1000 MILLISECONDS)
2022-07-21 18:25:09,100 [EndpointStateMachine task thread for /127.0.0.1:40299 - 0 ] INFO  ipc.Client (Client.java:handleConnectionFailure(977)) - Retrying connect to server: localhost/127.0.0.1:40299. Already tried 7 time(s); retry policy is RetryUpToMaximumCountWithFixedSleep(maxRetries=15, sleepTime=1000 MILLISECONDS)
2022-07-21 18:25:10,098 [EndpointStateMachine task thread for /127.0.0.1:44825 - 0 ] INFO  ipc.Client (Client.java:handleConnectionFailure(977)) - Retrying connect to server: localhost/127.0.0.1:44825. Already tried 8 time(s); retry policy is RetryUpToMaximumCountWithFixedSleep(maxRetries=15, sleepTime=1000 MILLISECONDS)
2022-07-21 18:25:10,099 [EndpointStateMachine task thread for /127.0.0.1:38303 - 0 ] INFO  ipc.Client (Client.java:handleConnectionFailure(977)) - Retrying connect to server: localhost/127.0.0.1:38303. Already tried 8 time(s); retry policy is RetryUpToMaximumCountWithFixedSleep(maxRetries=15, sleepTime=1000 MILLISECONDS)
2022-07-21 18:25:10,101 [EndpointStateMachine task thread for /127.0.0.1:40299 - 0 ] INFO  ipc.Client (Client.java:handleConnectionFailure(977)) - Retrying connect to server: localhost/127.0.0.1:40299. Already tried 8 time(s); retry policy is RetryUpToMaximumCountWithFixedSleep(maxRetries=15, sleepTime=1000 MILLISECONDS)
2022-07-21 18:25:11,099 [EndpointStateMachine task thread for /127.0.0.1:44825 - 0 ] INFO  ipc.Client (Client.java:handleConnectionFailure(977)) - Retrying connect to server: localhost/127.0.0.1:44825. Already tried 9 time(s); retry policy is RetryUpToMaximumCountWithFixedSleep(maxRetries=15, sleepTime=1000 MILLISECONDS)
2022-07-21 18:25:11,099 [EndpointStateMachine task thread for /127.0.0.1:38303 - 0 ] INFO  ipc.Client (Client.java:handleConnectionFailure(977)) - Retrying connect to server: localhost/127.0.0.1:38303. Already tried 9 time(s); retry policy is RetryUpToMaximumCountWithFixedSleep(maxRetries=15, sleepTime=1000 MILLISECONDS)
2022-07-21 18:25:11,101 [EndpointStateMachine task thread for /127.0.0.1:40299 - 0 ] INFO  ipc.Client (Client.java:handleConnectionFailure(977)) - Retrying connect to server: localhost/127.0.0.1:40299. Already tried 9 time(s); retry policy is RetryUpToMaximumCountWithFixedSleep(maxRetries=15, sleepTime=1000 MILLISECONDS)
2022-07-21 18:25:12,100 [EndpointStateMachine task thread for /127.0.0.1:38303 - 0 ] INFO  ipc.Client (Client.java:handleConnectionFailure(977)) - Retrying connect to server: localhost/127.0.0.1:38303. Already tried 10 time(s); retry policy is RetryUpToMaximumCountWithFixedSleep(maxRetries=15, sleepTime=1000 MILLISECONDS)
2022-07-21 18:25:12,101 [EndpointStateMachine task thread for /127.0.0.1:44825 - 0 ] INFO  ipc.Client (Client.java:handleConnectionFailure(977)) - Retrying connect to server: localhost/127.0.0.1:44825. Already tried 10 time(s); retry policy is RetryUpToMaximumCountWithFixedSleep(maxRetries=15, sleepTime=1000 MILLISECONDS)
2022-07-21 18:25:12,102 [EndpointStateMachine task thread for /127.0.0.1:40299 - 0 ] INFO  ipc.Client (Client.java:handleConnectionFailure(977)) - Retrying connect to server: localhost/127.0.0.1:40299. Already tried 10 time(s); retry policy is RetryUpToMaximumCountWithFixedSleep(maxRetries=15, sleepTime=1000 MILLISECONDS)
2022-07-21 18:25:13,101 [EndpointStateMachine task thread for /127.0.0.1:38303 - 0 ] INFO  ipc.Client (Client.java:handleConnectionFailure(977)) - Retrying connect to server: localhost/127.0.0.1:38303. Already tried 11 time(s); retry policy is RetryUpToMaximumCountWithFixedSleep(maxRetries=15, sleepTime=1000 MILLISECONDS)
2022-07-21 18:25:13,102 [EndpointStateMachine task thread for /127.0.0.1:44825 - 0 ] INFO  ipc.Client (Client.java:handleConnectionFailure(977)) - Retrying connect to server: localhost/127.0.0.1:44825. Already tried 11 time(s); retry policy is RetryUpToMaximumCountWithFixedSleep(maxRetries=15, sleepTime=1000 MILLISECONDS)
2022-07-21 18:25:13,102 [EndpointStateMachine task thread for /127.0.0.1:40299 - 0 ] INFO  ipc.Client (Client.java:handleConnectionFailure(977)) - Retrying connect to server: localhost/127.0.0.1:40299. Already tried 11 time(s); retry policy is RetryUpToMaximumCountWithFixedSleep(maxRetries=15, sleepTime=1000 MILLISECONDS)
2022-07-21 18:25:14,102 [EndpointStateMachine task thread for /127.0.0.1:38303 - 0 ] INFO  ipc.Client (Client.java:handleConnectionFailure(977)) - Retrying connect to server: localhost/127.0.0.1:38303. Already tried 12 time(s); retry policy is RetryUpToMaximumCountWithFixedSleep(maxRetries=15, sleepTime=1000 MILLISECONDS)
2022-07-21 18:25:14,103 [EndpointStateMachine task thread for /127.0.0.1:44825 - 0 ] INFO  ipc.Client (Client.java:handleConnectionFailure(977)) - Retrying connect to server: localhost/127.0.0.1:44825. Already tried 12 time(s); retry policy is RetryUpToMaximumCountWithFixedSleep(maxRetries=15, sleepTime=1000 MILLISECONDS)
2022-07-21 18:25:14,104 [EndpointStateMachine task thread for /127.0.0.1:40299 - 0 ] INFO  ipc.Client (Client.java:handleConnectionFailure(977)) - Retrying connect to server: localhost/127.0.0.1:40299. Already tried 12 time(s); retry policy is RetryUpToMaximumCountWithFixedSleep(maxRetries=15, sleepTime=1000 MILLISECONDS)
2022-07-21 18:25:15,103 [EndpointStateMachine task thread for /127.0.0.1:38303 - 0 ] INFO  ipc.Client (Client.java:handleConnectionFailure(977)) - Retrying connect to server: localhost/127.0.0.1:38303. Already tried 13 time(s); retry policy is RetryUpToMaximumCountWithFixedSleep(maxRetries=15, sleepTime=1000 MILLISECONDS)
2022-07-21 18:25:15,104 [EndpointStateMachine task thread for /127.0.0.1:44825 - 0 ] INFO  ipc.Client (Client.java:handleConnectionFailure(977)) - Retrying connect to server: localhost/127.0.0.1:44825. Already tried 13 time(s); retry policy is RetryUpToMaximumCountWithFixedSleep(maxRetries=15, sleepTime=1000 MILLISECONDS)
2022-07-21 18:25:15,104 [EndpointStateMachine task thread for /127.0.0.1:40299 - 0 ] INFO  ipc.Client (Client.java:handleConnectionFailure(977)) - Retrying connect to server: localhost/127.0.0.1:40299. Already tried 13 time(s); retry policy is RetryUpToMaximumCountWithFixedSleep(maxRetries=15, sleepTime=1000 MILLISECONDS)
2022-07-21 18:25:16,103 [EndpointStateMachine task thread for /127.0.0.1:38303 - 0 ] INFO  ipc.Client (Client.java:handleConnectionFailure(977)) - Retrying connect to server: localhost/127.0.0.1:38303. Already tried 14 time(s); retry policy is RetryUpToMaximumCountWithFixedSleep(maxRetries=15, sleepTime=1000 MILLISECONDS)
2022-07-21 18:25:16,104 [EndpointStateMachine task thread for /127.0.0.1:44825 - 0 ] INFO  ipc.Client (Client.java:handleConnectionFailure(977)) - Retrying connect to server: localhost/127.0.0.1:44825. Already tried 14 time(s); retry policy is RetryUpToMaximumCountWithFixedSleep(maxRetries=15, sleepTime=1000 MILLISECONDS)
2022-07-21 18:25:16,106 [EndpointStateMachine task thread for /127.0.0.1:40299 - 0 ] INFO  ipc.Client (Client.java:handleConnectionFailure(977)) - Retrying connect to server: localhost/127.0.0.1:40299. Already tried 14 time(s); retry policy is RetryUpToMaximumCountWithFixedSleep(maxRetries=15, sleepTime=1000 MILLISECONDS)
2022-07-21 18:25:17,105 [EndpointStateMachine task thread for /127.0.0.1:38303 - 0 ] INFO  ipc.Client (Client.java:handleConnectionFailure(977)) - Retrying connect to server: localhost/127.0.0.1:38303. Already tried 0 time(s); retry policy is RetryUpToMaximumCountWithFixedSleep(maxRetries=15, sleepTime=1000 MILLISECONDS)
2022-07-21 18:25:17,107 [EndpointStateMachine task thread for /127.0.0.1:40299 - 0 ] INFO  ipc.Client (Client.java:handleConnectionFailure(977)) - Retrying connect to server: localhost/127.0.0.1:40299. Already tried 0 time(s); retry policy is RetryUpToMaximumCountWithFixedSleep(maxRetries=15, sleepTime=1000 MILLISECONDS)
2022-07-21 18:25:17,108 [EndpointStateMachine task thread for /127.0.0.1:44825 - 0 ] INFO  ipc.Client (Client.java:handleConnectionFailure(977)) - Retrying connect to server: localhost/127.0.0.1:44825. Already tried 0 time(s); retry policy is RetryUpToMaximumCountWithFixedSleep(maxRetries=15, sleepTime=1000 MILLISECONDS)
2022-07-21 18:25:18,106 [EndpointStateMachine task thread for /127.0.0.1:38303 - 0 ] INFO  ipc.Client (Client.java:handleConnectionFailure(977)) - Retrying connect to server: localhost/127.0.0.1:38303. Already tried 1 time(s); retry policy is RetryUpToMaximumCountWithFixedSleep(maxRetries=15, sleepTime=1000 MILLISECONDS)
2022-07-21 18:25:18,108 [EndpointStateMachine task thread for /127.0.0.1:40299 - 0 ] INFO  ipc.Client (Client.java:handleConnectionFailure(977)) - Retrying connect to server: localhost/127.0.0.1:40299. Already tried 1 time(s); retry policy is RetryUpToMaximumCountWithFixedSleep(maxRetries=15, sleepTime=1000 MILLISECONDS)
2022-07-21 18:25:18,108 [EndpointStateMachine task thread for /127.0.0.1:44825 - 0 ] INFO  ipc.Client (Client.java:handleConnectionFailure(977)) - Retrying connect to server: localhost/127.0.0.1:44825. Already tried 1 time(s); retry policy is RetryUpToMaximumCountWithFixedSleep(maxRetries=15, sleepTime=1000 MILLISECONDS)
2022-07-21 18:25:19,106 [EndpointStateMachine task thread for /127.0.0.1:38303 - 0 ] INFO  ipc.Client (Client.java:handleConnectionFailure(977)) - Retrying connect to server: localhost/127.0.0.1:38303. Already tried 2 time(s); retry policy is RetryUpToMaximumCountWithFixedSleep(maxRetries=15, sleepTime=1000 MILLISECONDS)
2022-07-21 18:25:19,110 [EndpointStateMachine task thread for /127.0.0.1:44825 - 0 ] INFO  ipc.Client (Client.java:handleConnectionFailure(977)) - Retrying connect to server: localhost/127.0.0.1:44825. Already tried 2 time(s); retry policy is RetryUpToMaximumCountWithFixedSleep(maxRetries=15, sleepTime=1000 MILLISECONDS)
2022-07-21 18:25:19,111 [EndpointStateMachine task thread for /127.0.0.1:40299 - 0 ] INFO  ipc.Client (Client.java:handleConnectionFailure(977)) - Retrying connect to server: localhost/127.0.0.1:40299. Already tried 2 time(s); retry policy is RetryUpToMaximumCountWithFixedSleep(maxRetries=15, sleepTime=1000 MILLISECONDS)
2022-07-21 18:25:20,107 [EndpointStateMachine task thread for /127.0.0.1:38303 - 0 ] INFO  ipc.Client (Client.java:handleConnectionFailure(977)) - Retrying connect to server: localhost/127.0.0.1:38303. Already tried 3 time(s); retry policy is RetryUpToMaximumCountWithFixedSleep(maxRetries=15, sleepTime=1000 MILLISECONDS)
2022-07-21 18:25:20,111 [EndpointStateMachine task thread for /127.0.0.1:44825 - 0 ] INFO  ipc.Client (Client.java:handleConnectionFailure(977)) - Retrying connect to server: localhost/127.0.0.1:44825. Already tried 3 time(s); retry policy is RetryUpToMaximumCountWithFixedSleep(maxRetries=15, sleepTime=1000 MILLISECONDS)
2022-07-21 18:25:20,111 [EndpointStateMachine task thread for /127.0.0.1:40299 - 0 ] INFO  ipc.Client (Client.java:handleConnectionFailure(977)) - Retrying connect to server: localhost/127.0.0.1:40299. Already tried 3 time(s); retry policy is RetryUpToMaximumCountWithFixedSleep(maxRetries=15, sleepTime=1000 MILLISECONDS)
2022-07-21 18:25:21,108 [EndpointStateMachine task thread for /127.0.0.1:38303 - 0 ] INFO  ipc.Client (Client.java:handleConnectionFailure(977)) - Retrying connect to server: localhost/127.0.0.1:38303. Already tried 4 time(s); retry policy is RetryUpToMaximumCountWithFixedSleep(maxRetries=15, sleepTime=1000 MILLISECONDS)
2022-07-21 18:25:21,111 [EndpointStateMachine task thread for /127.0.0.1:44825 - 0 ] INFO  ipc.Client (Client.java:handleConnectionFailure(977)) - Retrying connect to server: localhost/127.0.0.1:44825. Already tried 4 time(s); retry policy is RetryUpToMaximumCountWithFixedSleep(maxRetries=15, sleepTime=1000 MILLISECONDS)
2022-07-21 18:25:21,111 [EndpointStateMachine task thread for /127.0.0.1:40299 - 0 ] INFO  ipc.Client (Client.java:handleConnectionFailure(977)) - Retrying connect to server: localhost/127.0.0.1:40299. Already tried 4 time(s); retry policy is RetryUpToMaximumCountWithFixedSleep(maxRetries=15, sleepTime=1000 MILLISECONDS)
2022-07-21 18:25:22,109 [EndpointStateMachine task thread for /127.0.0.1:38303 - 0 ] INFO  ipc.Client (Client.java:handleConnectionFailure(977)) - Retrying connect to server: localhost/127.0.0.1:38303. Already tried 5 time(s); retry policy is RetryUpToMaximumCountWithFixedSleep(maxRetries=15, sleepTime=1000 MILLISECONDS)
2022-07-21 18:25:22,111 [EndpointStateMachine task thread for /127.0.0.1:44825 - 0 ] INFO  ipc.Client (Client.java:handleConnectionFailure(977)) - Retrying connect to server: localhost/127.0.0.1:44825. Already tried 5 time(s); retry policy is RetryUpToMaximumCountWithFixedSleep(maxRetries=15, sleepTime=1000 MILLISECONDS)
2022-07-21 18:25:22,112 [EndpointStateMachine task thread for /127.0.0.1:40299 - 0 ] INFO  ipc.Client (Client.java:handleConnectionFailure(977)) - Retrying connect to server: localhost/127.0.0.1:40299. Already tried 5 time(s); retry policy is RetryUpToMaximumCountWithFixedSleep(maxRetries=15, sleepTime=1000 MILLISECONDS)
2022-07-21 18:25:23,109 [EndpointStateMachine task thread for /127.0.0.1:38303 - 0 ] INFO  ipc.Client (Client.java:handleConnectionFailure(977)) - Retrying connect to server: localhost/127.0.0.1:38303. Already tried 6 time(s); retry policy is RetryUpToMaximumCountWithFixedSleep(maxRetries=15, sleepTime=1000 MILLISECONDS)
2022-07-21 18:25:23,112 [EndpointStateMachine task thread for /127.0.0.1:44825 - 0 ] INFO  ipc.Client (Client.java:handleConnectionFailure(977)) - Retrying connect to server: localhost/127.0.0.1:44825. Already tried 6 time(s); retry policy is RetryUpToMaximumCountWithFixedSleep(maxRetries=15, sleepTime=1000 MILLISECONDS)
2022-07-21 18:25:23,112 [EndpointStateMachine task thread for /127.0.0.1:40299 - 0 ] INFO  ipc.Client (Client.java:handleConnectionFailure(977)) - Retrying connect to server: localhost/127.0.0.1:40299. Already tried 6 time(s); retry policy is RetryUpToMaximumCountWithFixedSleep(maxRetries=15, sleepTime=1000 MILLISECONDS)
2022-07-21 18:25:23,540 [Listener at 127.0.0.1/34741] INFO  ozone.MiniOzoneClusterImpl (MiniOzoneClusterImpl.java:shutdown(448)) - Shutting down the Mini Ozone Cluster
2022-07-21 18:25:23,541 [Listener at 127.0.0.1/34741] INFO  ozone.MiniOzoneHAClusterImpl (MiniOzoneHAClusterImpl.java:stop(312)) - Stopping the OzoneManager omNode-3
2022-07-21 18:25:23,541 [Listener at 127.0.0.1/34741] INFO  om.OzoneManager (OzoneManager.java:stop(2022)) - omNode-3[localhost:34741]: Stopping Ozone Manager
2022-07-21 18:25:23,541 [Listener at 127.0.0.1/34741] INFO  ozone.MiniOzoneHAClusterImpl (MiniOzoneHAClusterImpl.java:stop(312)) - Stopping the OzoneManager omNode-1
2022-07-21 18:25:23,541 [Listener at 127.0.0.1/34741] INFO  om.OzoneManager (OzoneManager.java:stop(2022)) - omNode-1[localhost:36277]: Stopping Ozone Manager
2022-07-21 18:25:23,541 [Listener at 127.0.0.1/34741] INFO  ozone.MiniOzoneHAClusterImpl (MiniOzoneHAClusterImpl.java:stop(312)) - Stopping the OzoneManager omNode-2
2022-07-21 18:25:23,541 [Listener at 127.0.0.1/34741] INFO  om.OzoneManager (OzoneManager.java:stop(2022)) - omNode-2[localhost:43637]: Stopping Ozone Manager
2022-07-21 18:25:23,541 [Listener at 127.0.0.1/34741] INFO  ozone.MiniOzoneHAClusterImpl (MiniOzoneHAClusterImpl.java:stop(320)) - Stopping the StorageContainerManager a989fbd8-2b6d-434f-a2fe-f7a7e8b88707
2022-07-21 18:25:23,541 [Listener at 127.0.0.1/34741] INFO  server.StorageContainerManager (StorageContainerManager.java:stop(1544)) - Container Balancer is not running.
2022-07-21 18:25:23,541 [Listener at 127.0.0.1/34741] INFO  server.StorageContainerManager (StorageContainerManager.java:stop(1551)) - Stopping Replication Manager Service.
2022-07-21 18:25:23,541 [Listener at 127.0.0.1/34741] INFO  replication.ReplicationManager (ReplicationManager.java:stop(239)) - Replication Monitor Thread is not running.
2022-07-21 18:25:23,541 [Listener at 127.0.0.1/34741] INFO  server.StorageContainerManager (StorageContainerManager.java:stop(1558)) - Stopping the Datanode Admin Monitor.
2022-07-21 18:25:23,541 [Listener at 127.0.0.1/34741] INFO  server.StorageContainerManager (StorageContainerManager.java:stop(1565)) - Stopping Lease Manager of the command watchers
2022-07-21 18:25:23,541 [Listener at 127.0.0.1/34741] ERROR server.StorageContainerManager (StorageContainerManager.java:stop(1568)) - Lease Manager of the command watchers stop failed
2022-07-21 18:25:23,541 [Listener at 127.0.0.1/34741] INFO  server.StorageContainerManager (StorageContainerManager.java:stop(1572)) - Stopping datanode service RPC server
2022-07-21 18:25:23,541 [Listener at 127.0.0.1/34741] INFO  server.SCMDatanodeProtocolServer (SCMDatanodeProtocolServer.java:stop(414)) - Stopping the RPC server for DataNodes
2022-07-21 18:25:23,541 [Listener at 127.0.0.1/34741] INFO  ipc.Server (Server.java:stop(3414)) - Stopping server on 40299
2022-07-21 18:25:23,541 [Listener at 127.0.0.1/34741] INFO  server.StorageContainerManager (StorageContainerManager.java:stop(1580)) - Stopping block service RPC server
2022-07-21 18:25:23,541 [Listener at 127.0.0.1/34741] INFO  server.SCMBlockProtocolServer (SCMBlockProtocolServer.java:stop(161)) - Stopping the RPC server for Block Protocol
2022-07-21 18:25:23,542 [Listener at 127.0.0.1/34741] INFO  ipc.Server (Server.java:stop(3414)) - Stopping server on 39071
2022-07-21 18:25:23,542 [Listener at 127.0.0.1/34741] INFO  server.StorageContainerManager (StorageContainerManager.java:stop(1587)) - Stopping the StorageContainerLocationProtocol RPC server
2022-07-21 18:25:23,542 [Listener at 127.0.0.1/34741] INFO  server.SCMClientProtocolServer (SCMClientProtocolServer.java:stop(179)) - Stopping the RPC server for Client Protocol
2022-07-21 18:25:23,542 [Listener at 127.0.0.1/34741] INFO  ipc.Server (Server.java:stop(3414)) - Stopping server on 34327
2022-07-21 18:25:23,542 [Listener at 127.0.0.1/34741] INFO  server.StorageContainerManager (StorageContainerManager.java:stop(1594)) - Stopping Storage Container Manager HTTP server.
2022-07-21 18:25:23,542 [Listener at 127.0.0.1/34741] INFO  server.StorageContainerManager (StorageContainerManager.java:stop(1605)) - Stopping Block Manager Service.
2022-07-21 18:25:23,542 [Listener at 127.0.0.1/34741] INFO  utils.BackgroundService (BackgroundService.java:shutdown(141)) - Shutting down service SCMBlockDeletingService
2022-07-21 18:25:23,542 [Listener at 127.0.0.1/34741] INFO  utils.BackgroundService (BackgroundService.java:shutdown(141)) - Shutting down service SCMBlockDeletingService
2022-07-21 18:25:23,542 [Listener at 127.0.0.1/34741] INFO  server.StorageContainerManager (StorageContainerManager.java:stop(1632)) - Stopping SCM Event Queue.
2022-07-21 18:25:23,542 [Listener at 127.0.0.1/34741] INFO  server.StorageContainerManager (StorageContainerManager.java:stop(1643)) - Stopping SCM HA services.
2022-07-21 18:25:23,542 [Listener at 127.0.0.1/34741] INFO  ha.SCMRatisServerImpl (SCMRatisServerImpl.java:stop(238)) - stopping ratis server 0.0.0.0:32791
2022-07-21 18:25:23,542 [Listener at 127.0.0.1/34741] WARN  pipeline.BackgroundPipelineCreator (BackgroundPipelineCreator.java:stop(145)) - RatisPipelineUtilsThread is not running, just ignore.
2022-07-21 18:25:23,542 [Listener at 127.0.0.1/34741] INFO  BackgroundPipelineScrubber (BackgroundSCMService.java:stop(121)) - BackgroundPipelineScrubber Service is not running, skip stop.
2022-07-21 18:25:23,543 [Listener at 127.0.0.1/34741] INFO  server.StorageContainerManager (StorageContainerManager.java:stop(1653)) - Stopping SCM MetadataStore.
2022-07-21 18:25:23,543 [Listener at 127.0.0.1/34741] INFO  impl.MetricsSystemImpl (MetricsSystemImpl.java:stop(205)) - HddsDatanode metrics system stopped (again)
2022-07-21 18:25:23,543 [Listener at 127.0.0.1/34741] INFO  ozone.MiniOzoneHAClusterImpl (MiniOzoneHAClusterImpl.java:stop(320)) - Stopping the StorageContainerManager 1195622a-6e13-4f92-83dd-ad3d63b418dc
2022-07-21 18:25:23,543 [Listener at 127.0.0.1/34741] INFO  server.StorageContainerManager (StorageContainerManager.java:stop(1544)) - Container Balancer is not running.
2022-07-21 18:25:23,543 [Listener at 127.0.0.1/34741] INFO  server.StorageContainerManager (StorageContainerManager.java:stop(1551)) - Stopping Replication Manager Service.
2022-07-21 18:25:23,543 [Listener at 127.0.0.1/34741] INFO  replication.ReplicationManager (ReplicationManager.java:stop(239)) - Replication Monitor Thread is not running.
2022-07-21 18:25:23,543 [Listener at 127.0.0.1/34741] INFO  server.StorageContainerManager (StorageContainerManager.java:stop(1558)) - Stopping the Datanode Admin Monitor.
2022-07-21 18:25:23,543 [Listener at 127.0.0.1/34741] INFO  server.StorageContainerManager (StorageContainerManager.java:stop(1565)) - Stopping Lease Manager of the command watchers
2022-07-21 18:25:23,550 [Listener at 127.0.0.1/34741] ERROR server.StorageContainerManager (StorageContainerManager.java:stop(1568)) - Lease Manager of the command watchers stop failed
2022-07-21 18:25:23,550 [Listener at 127.0.0.1/34741] INFO  server.StorageContainerManager (StorageContainerManager.java:stop(1572)) - Stopping datanode service RPC server
2022-07-21 18:25:23,550 [Listener at 127.0.0.1/34741] INFO  server.SCMDatanodeProtocolServer (SCMDatanodeProtocolServer.java:stop(414)) - Stopping the RPC server for DataNodes
2022-07-21 18:25:23,550 [Listener at 127.0.0.1/34741] INFO  ipc.Server (Server.java:stop(3414)) - Stopping server on 38303
2022-07-21 18:25:23,550 [Listener at 127.0.0.1/34741] INFO  server.StorageContainerManager (StorageContainerManager.java:stop(1580)) - Stopping block service RPC server
2022-07-21 18:25:23,550 [Listener at 127.0.0.1/34741] INFO  server.SCMBlockProtocolServer (SCMBlockProtocolServer.java:stop(161)) - Stopping the RPC server for Block Protocol
2022-07-21 18:25:23,550 [Listener at 127.0.0.1/34741] INFO  ipc.Server (Server.java:stop(3414)) - Stopping server on 36325
2022-07-21 18:25:23,550 [Listener at 127.0.0.1/34741] INFO  server.StorageContainerManager (StorageContainerManager.java:stop(1587)) - Stopping the StorageContainerLocationProtocol RPC server
2022-07-21 18:25:23,550 [Listener at 127.0.0.1/34741] INFO  server.SCMClientProtocolServer (SCMClientProtocolServer.java:stop(179)) - Stopping the RPC server for Client Protocol
2022-07-21 18:25:23,550 [Listener at 127.0.0.1/34741] INFO  ipc.Server (Server.java:stop(3414)) - Stopping server on 39265
2022-07-21 18:25:23,550 [Listener at 127.0.0.1/34741] INFO  server.StorageContainerManager (StorageContainerManager.java:stop(1594)) - Stopping Storage Container Manager HTTP server.
2022-07-21 18:25:23,550 [Listener at 127.0.0.1/34741] INFO  server.StorageContainerManager (StorageContainerManager.java:stop(1605)) - Stopping Block Manager Service.
2022-07-21 18:25:23,550 [Listener at 127.0.0.1/34741] INFO  utils.BackgroundService (BackgroundService.java:shutdown(141)) - Shutting down service SCMBlockDeletingService
2022-07-21 18:25:23,550 [Listener at 127.0.0.1/34741] INFO  utils.BackgroundService (BackgroundService.java:shutdown(141)) - Shutting down service SCMBlockDeletingService
2022-07-21 18:25:23,551 [Listener at 127.0.0.1/34741] INFO  server.StorageContainerManager (StorageContainerManager.java:stop(1632)) - Stopping SCM Event Queue.
2022-07-21 18:25:23,551 [Listener at 127.0.0.1/34741] INFO  server.StorageContainerManager (StorageContainerManager.java:stop(1643)) - Stopping SCM HA services.
2022-07-21 18:25:23,551 [Listener at 127.0.0.1/34741] INFO  ha.SCMRatisServerImpl (SCMRatisServerImpl.java:stop(238)) - stopping ratis server 0.0.0.0:38265
2022-07-21 18:25:23,551 [Listener at 127.0.0.1/34741] WARN  pipeline.BackgroundPipelineCreator (BackgroundPipelineCreator.java:stop(145)) - RatisPipelineUtilsThread is not running, just ignore.
2022-07-21 18:25:23,551 [Listener at 127.0.0.1/34741] INFO  BackgroundPipelineScrubber (BackgroundSCMService.java:stop(121)) - BackgroundPipelineScrubber Service is not running, skip stop.
2022-07-21 18:25:23,551 [Listener at 127.0.0.1/34741] INFO  server.StorageContainerManager (StorageContainerManager.java:stop(1653)) - Stopping SCM MetadataStore.
2022-07-21 18:25:23,551 [Listener at 127.0.0.1/34741] INFO  impl.MetricsSystemImpl (MetricsSystemImpl.java:stop(205)) - HddsDatanode metrics system stopped (again)
2022-07-21 18:25:23,551 [Listener at 127.0.0.1/34741] INFO  ozone.MiniOzoneHAClusterImpl (MiniOzoneHAClusterImpl.java:stop(320)) - Stopping the StorageContainerManager 6c219fae-6e05-4936-867a-162ef996a9c6
2022-07-21 18:25:23,551 [Listener at 127.0.0.1/34741] INFO  server.StorageContainerManager (StorageContainerManager.java:stop(1544)) - Container Balancer is not running.
2022-07-21 18:25:23,551 [Listener at 127.0.0.1/34741] INFO  server.StorageContainerManager (StorageContainerManager.java:stop(1551)) - Stopping Replication Manager Service.
2022-07-21 18:25:23,551 [Listener at 127.0.0.1/34741] INFO  replication.ReplicationManager (ReplicationManager.java:stop(239)) - Replication Monitor Thread is not running.
2022-07-21 18:25:23,551 [Listener at 127.0.0.1/34741] INFO  server.StorageContainerManager (StorageContainerManager.java:stop(1558)) - Stopping the Datanode Admin Monitor.
2022-07-21 18:25:23,551 [Listener at 127.0.0.1/34741] INFO  server.StorageContainerManager (StorageContainerManager.java:stop(1565)) - Stopping Lease Manager of the command watchers
2022-07-21 18:25:23,551 [Listener at 127.0.0.1/34741] ERROR server.StorageContainerManager (StorageContainerManager.java:stop(1568)) - Lease Manager of the command watchers stop failed
2022-07-21 18:25:23,551 [Listener at 127.0.0.1/34741] INFO  server.StorageContainerManager (StorageContainerManager.java:stop(1572)) - Stopping datanode service RPC server
2022-07-21 18:25:23,551 [Listener at 127.0.0.1/34741] INFO  server.SCMDatanodeProtocolServer (SCMDatanodeProtocolServer.java:stop(414)) - Stopping the RPC server for DataNodes
2022-07-21 18:25:23,552 [Listener at 127.0.0.1/34741] INFO  ipc.Server (Server.java:stop(3414)) - Stopping server on 44825
2022-07-21 18:25:23,552 [Listener at 127.0.0.1/34741] INFO  server.StorageContainerManager (StorageContainerManager.java:stop(1580)) - Stopping block service RPC server
2022-07-21 18:25:23,552 [Listener at 127.0.0.1/34741] INFO  server.SCMBlockProtocolServer (SCMBlockProtocolServer.java:stop(161)) - Stopping the RPC server for Block Protocol
2022-07-21 18:25:23,552 [Listener at 127.0.0.1/34741] INFO  ipc.Server (Server.java:stop(3414)) - Stopping server on 37887
2022-07-21 18:25:23,552 [Listener at 127.0.0.1/34741] INFO  server.StorageContainerManager (StorageContainerManager.java:stop(1587)) - Stopping the StorageContainerLocationProtocol RPC server
2022-07-21 18:25:23,552 [Listener at 127.0.0.1/34741] INFO  server.SCMClientProtocolServer (SCMClientProtocolServer.java:stop(179)) - Stopping the RPC server for Client Protocol
2022-07-21 18:25:23,552 [Listener at 127.0.0.1/34741] INFO  ipc.Server (Server.java:stop(3414)) - Stopping server on 46107
2022-07-21 18:25:23,552 [Listener at 127.0.0.1/34741] INFO  server.StorageContainerManager (StorageContainerManager.java:stop(1594)) - Stopping Storage Container Manager HTTP server.
2022-07-21 18:25:23,552 [Listener at 127.0.0.1/34741] INFO  server.StorageContainerManager (StorageContainerManager.java:stop(1605)) - Stopping Block Manager Service.
2022-07-21 18:25:23,552 [Listener at 127.0.0.1/34741] INFO  utils.BackgroundService (BackgroundService.java:shutdown(141)) - Shutting down service SCMBlockDeletingService
2022-07-21 18:25:23,552 [Listener at 127.0.0.1/34741] INFO  utils.BackgroundService (BackgroundService.java:shutdown(141)) - Shutting down service SCMBlockDeletingService
2022-07-21 18:25:23,552 [Listener at 127.0.0.1/34741] INFO  server.StorageContainerManager (StorageContainerManager.java:stop(1632)) - Stopping SCM Event Queue.
2022-07-21 18:25:23,562 [Listener at 127.0.0.1/34741] INFO  server.StorageContainerManager (StorageContainerManager.java:stop(1643)) - Stopping SCM HA services.
2022-07-21 18:25:23,563 [Listener at 127.0.0.1/34741] INFO  ha.SCMRatisServerImpl (SCMRatisServerImpl.java:stop(238)) - stopping ratis server 0.0.0.0:35447
2022-07-21 18:25:23,563 [Listener at 127.0.0.1/34741] WARN  pipeline.BackgroundPipelineCreator (BackgroundPipelineCreator.java:stop(145)) - RatisPipelineUtilsThread is not running, just ignore.
2022-07-21 18:25:23,563 [Listener at 127.0.0.1/34741] INFO  BackgroundPipelineScrubber (BackgroundSCMService.java:stop(121)) - BackgroundPipelineScrubber Service is not running, skip stop.
2022-07-21 18:25:23,563 [Listener at 127.0.0.1/34741] INFO  server.StorageContainerManager (StorageContainerManager.java:stop(1653)) - Stopping SCM MetadataStore.
2022-07-21 18:25:23,563 [Listener at 127.0.0.1/34741] INFO  impl.MetricsSystemImpl (MetricsSystemImpl.java:stop(205)) - HddsDatanode metrics system stopped (again)
2022-07-21 18:25:23,563 [Listener at 127.0.0.1/34741] INFO  ozone.MiniOzoneClusterImpl (MiniOzoneClusterImpl.java:stop(463)) - Stopping the Mini Ozone Cluster
2022-07-21 18:25:23,563 [Listener at 127.0.0.1/34741] INFO  ozone.MiniOzoneClusterImpl (MiniOzoneClusterImpl.java:stopDatanodes(522)) - Stopping the HddsDatanodes
]]></system-out>
  </testcase>
</testsuite>