<?xml version="1.0" encoding="UTF-8"?>
<testsuite xmlns:xsi="http://www.w3.org/2001/XMLSchema-instance" xsi:noNamespaceSchemaLocation="https://maven.apache.org/surefire/maven-surefire-plugin/xsd/surefire-test-report-3.0.xsd" version="3.0" name="org.apache.hadoop.ozone.parser.TestOzoneHARatisLogParser" time="77.883" tests="1" errors="1" skipped="0" failures="0">
  <properties>
    <property name="awt.toolkit" value="sun.awt.X11.XToolkit"/>
    <property name="file.encoding.pkg" value="sun.io"/>
    <property name="java.specification.version" value="1.8"/>
    <property name="sun.cpu.isalist" value=""/>
    <property name="sun.jnu.encoding" value="UTF-8"/>
    <property name="java.class.path" value="/home/runner/work/ozone/ozone/hadoop-ozone/integration-test/target/test-classes:/home/runner/work/ozone/ozone/hadoop-ozone/integration-test/target/classes:/home/runner/.m2/repository/org/apache/ozone/ozone-common/1.3.0-SNAPSHOT/ozone-common-1.3.0-SNAPSHOT.jar:/home/runner/.m2/repository/io/grpc/grpc-netty/1.48.1/grpc-netty-1.48.1.jar:/home/runner/.m2/repository/io/grpc/grpc-core/1.48.1/grpc-core-1.48.1.jar:/home/runner/.m2/repository/com/google/android/annotations/4.1.1.4/annotations-4.1.1.4.jar:/home/runner/.m2/repository/org/codehaus/mojo/animal-sniffer-annotations/1.21/animal-sniffer-annotations-1.21.jar:/home/runner/.m2/repository/com/google/errorprone/error_prone_annotations/2.2.0/error_prone_annotations-2.2.0.jar:/home/runner/.m2/repository/io/perfmark/perfmark-api/0.25.0/perfmark-api-0.25.0.jar:/home/runner/.m2/repository/io/netty/netty-codec-http2/4.1.79.Final/netty-codec-http2-4.1.79.Final.jar:/home/runner/.m2/repository/io/netty/netty-common/4.1.79.Final/netty-common-4.1.79.Final.jar:/home/runner/.m2/repository/io/netty/netty-buffer/4.1.79.Final/netty-buffer-4.1.79.Final.jar:/home/runner/.m2/repository/io/netty/netty-codec-http/4.1.79.Final/netty-codec-http-4.1.79.Final.jar:/home/runner/.m2/repository/io/netty/netty-handler-proxy/4.1.79.Final/netty-handler-proxy-4.1.79.Final.jar:/home/runner/.m2/repository/io/netty/netty-codec-socks/4.1.79.Final/netty-codec-socks-4.1.79.Final.jar:/home/runner/.m2/repository/io/netty/netty-tcnative-boringssl-static/2.0.53.Final/netty-tcnative-boringssl-static-2.0.53.Final.jar:/home/runner/.m2/repository/io/netty/netty-tcnative-classes/2.0.53.Final/netty-tcnative-classes-2.0.53.Final.jar:/home/runner/.m2/repository/io/netty/netty-tcnative-boringssl-static/2.0.53.Final/netty-tcnative-boringssl-static-2.0.53.Final-linux-x86_64.jar:/home/runner/.m2/repository/io/netty/netty-tcnative-boringssl-static/2.0.53.Final/netty-tcnative-boringssl-static-2.0.53.Final-linux-aarch_64.jar:/home/runner/.m2/repository/io/netty/netty-tcnative-boringssl-static/2.0.53.Final/netty-tcnative-boringssl-static-2.0.53.Final-osx-x86_64.jar:/home/runner/.m2/repository/io/netty/netty-tcnative-boringssl-static/2.0.53.Final/netty-tcnative-boringssl-static-2.0.53.Final-osx-aarch_64.jar:/home/runner/.m2/repository/io/netty/netty-tcnative-boringssl-static/2.0.53.Final/netty-tcnative-boringssl-static-2.0.53.Final-windows-x86_64.jar:/home/runner/.m2/repository/org/apache/commons/commons-compress/1.21/commons-compress-1.21.jar:/home/runner/.m2/repository/org/apache/ozone/hdds-common/1.3.0-SNAPSHOT/hdds-common-1.3.0-SNAPSHOT.jar:/home/runner/.m2/repository/org/apache/ozone/hdds-client/1.3.0-SNAPSHOT/hdds-client-1.3.0-SNAPSHOT.jar:/home/runner/.m2/repository/org/apache/ozone/ozone-interface-client/1.3.0-SNAPSHOT/ozone-interface-client-1.3.0-SNAPSHOT.jar:/home/runner/.m2/repository/org/apache/ozone/hdds-test-utils/1.3.0-SNAPSHOT/hdds-test-utils-1.3.0-SNAPSHOT.jar:/home/runner/.m2/repository/com/google/guava/guava/31.1-jre/guava-31.1-jre.jar:/home/runner/.m2/repository/com/google/guava/failureaccess/1.0.1/failureaccess-1.0.1.jar:/home/runner/.m2/repository/com/google/guava/listenablefuture/9999.0-empty-to-avoid-conflict-with-guava/listenablefuture-9999.0-empty-to-avoid-conflict-with-guava.jar:/home/runner/.m2/repository/com/google/code/findbugs/jsr305/3.0.0/jsr305-3.0.0.jar:/home/runner/.m2/repository/org/checkerframework/checker-qual/3.12.0/checker-qual-3.12.0.jar:/home/runner/.m2/repository/com/google/j2objc/j2objc-annotations/1.3/j2objc-annotations-1.3.jar:/home/runner/.m2/repository/commons-io/commons-io/2.11.0/commons-io-2.11.0.jar:/home/runner/.m2/repository/commons-logging/commons-logging/1.2/commons-logging-1.2.jar:/home/runner/.m2/repository/log4j/log4j/1.2.17/log4j-1.2.17.jar:/home/runner/.m2/repository/org/slf4j/slf4j-api/1.7.30/slf4j-api-1.7.30.jar:/home/runner/.m2/repository/org/apache/ozone/hdds-server-scm/1.3.0-SNAPSHOT/hdds-server-scm-1.3.0-SNAPSHOT.jar:/home/runner/.m2/repository/org/apache/ozone/hdds-container-service/1.3.0-SNAPSHOT/hdds-container-service-1.3.0-SNAPSHOT.jar:/home/runner/.m2/repository/org/apache/ozone/hdds-hadoop-dependency-server/1.3.0-SNAPSHOT/hdds-hadoop-dependency-server-1.3.0-SNAPSHOT.jar:/home/runner/.m2/repository/org/apache/hadoop/hadoop-hdfs/3.3.1/hadoop-hdfs-3.3.1.jar:/home/runner/.m2/repository/org/apache/ozone/hdds-server-framework/1.3.0-SNAPSHOT/hdds-server-framework-1.3.0-SNAPSHOT.jar:/home/runner/.m2/repository/org/apache/ozone/hdds-interface-server/1.3.0-SNAPSHOT/hdds-interface-server-1.3.0-SNAPSHOT.jar:/home/runner/.m2/repository/org/apache/logging/log4j/log4j-core/2.17.1/log4j-core-2.17.1.jar:/home/runner/.m2/repository/com/lmax/disruptor/3.4.2/disruptor-3.4.2.jar:/home/runner/.m2/repository/org/eclipse/jetty/jetty-servlet/9.4.43.v20210629/jetty-servlet-9.4.43.v20210629.jar:/home/runner/.m2/repository/org/eclipse/jetty/jetty-security/9.4.43.v20210629/jetty-security-9.4.43.v20210629.jar:/home/runner/.m2/repository/org/rocksdb/rocksdbjni/7.4.5/rocksdbjni-7.4.5.jar:/home/runner/.m2/repository/io/prometheus/simpleclient_dropwizard/0.7.0/simpleclient_dropwizard-0.7.0.jar:/home/runner/.m2/repository/io/prometheus/simpleclient/0.7.0/simpleclient-0.7.0.jar:/home/runner/.m2/repository/io/prometheus/simpleclient_common/0.7.0/simpleclient_common-0.7.0.jar:/home/runner/.m2/repository/io/dropwizard/metrics/metrics-core/3.2.4/metrics-core-3.2.4.jar:/home/runner/.m2/repository/org/apache/hadoop/hadoop-hdfs-client/3.3.1/hadoop-hdfs-client-3.3.1.jar:/home/runner/.m2/repository/org/bouncycastle/bcprov-jdk15on/1.67/bcprov-jdk15on-1.67.jar:/home/runner/.m2/repository/com/google/protobuf/protobuf-java/2.5.0/protobuf-java-2.5.0.jar:/home/runner/.m2/repository/org/apache/ozone/ozone-manager/1.3.0-SNAPSHOT/ozone-manager-1.3.0-SNAPSHOT.jar:/home/runner/.m2/repository/org/aspectj/aspectjrt/1.9.7/aspectjrt-1.9.7.jar:/home/runner/.m2/repository/org/aspectj/aspectjweaver/1.9.7/aspectjweaver-1.9.7.jar:/home/runner/.m2/repository/org/apache/ozone/hdds-interface-client/1.3.0-SNAPSHOT/hdds-interface-client-1.3.0-SNAPSHOT.jar:/home/runner/.m2/repository/org/apache/hadoop/thirdparty/hadoop-shaded-protobuf_3_7/1.1.1/hadoop-shaded-protobuf_3_7-1.1.1.jar:/home/runner/.m2/repository/org/apache/ozone/ozone-interface-storage/1.3.0-SNAPSHOT/ozone-interface-storage-1.3.0-SNAPSHOT.jar:/home/runner/.m2/repository/org/reflections/reflections/0.9.11/reflections-0.9.11.jar:/home/runner/.m2/repository/com/sun/jersey/jersey-client/1.19/jersey-client-1.19.jar:/home/runner/.m2/repository/org/apache/ranger/ranger-intg/2.3.0/ranger-intg-2.3.0.jar:/home/runner/.m2/repository/org/apache/ranger/ranger-plugins-common/2.3.0/ranger-plugins-common-2.3.0.jar:/home/runner/.m2/repository/commons-lang/commons-lang/2.6/commons-lang-2.6.jar:/home/runner/.m2/repository/org/codehaus/jackson/jackson-jaxrs/1.9.13/jackson-jaxrs-1.9.13.jar:/home/runner/.m2/repository/org/apache/ranger/ranger-plugins-cred/2.3.0/ranger-plugins-cred-2.3.0.jar:/home/runner/.m2/repository/org/apache/ranger/ranger-plugins-audit/2.3.0/ranger-plugins-audit-2.3.0.jar:/home/runner/.m2/repository/org/eclipse/jetty/jetty-client/9.4.31.v20200723/jetty-client-9.4.31.v20200723.jar:/home/runner/.m2/repository/org/apache/httpcomponents/httpmime/4.5.6/httpmime-4.5.6.jar:/home/runner/.m2/repository/org/apache/httpcomponents/httpcore-nio/4.4.6/httpcore-nio-4.4.6.jar:/home/runner/.m2/repository/org/apache/httpcomponents/httpasyncclient/4.1.3/httpasyncclient-4.1.3.jar:/home/runner/.m2/repository/com/carrotsearch/hppc/0.8.0/hppc-0.8.0.jar:/home/runner/.m2/repository/org/apache/orc/orc-core/1.5.8/orc-core-1.5.8.jar:/home/runner/.m2/repository/net/java/dev/jna/jna/5.2.0/jna-5.2.0.jar:/home/runner/.m2/repository/net/java/dev/jna/jna-platform/5.2.0/jna-platform-5.2.0.jar:/home/runner/.m2/repository/com/kstruct/gethostname4j/0.0.2/gethostname4j-0.0.2.jar:/home/runner/.m2/repository/org/apache/ranger/ranger-plugin-classloader/2.3.0/ranger-plugin-classloader-2.3.0.jar:/home/runner/.m2/repository/org/apache/hadoop/hadoop-minikdc/3.3.1/hadoop-minikdc-3.3.1.jar:/home/runner/.m2/repository/org/apache/kerby/kerb-simplekdc/1.0.1/kerb-simplekdc-1.0.1.jar:/home/runner/.m2/repository/org/apache/kerby/kerb-client/1.0.1/kerb-client-1.0.1.jar:/home/runner/.m2/repository/org/apache/kerby/kerby-config/1.0.1/kerby-config-1.0.1.jar:/home/runner/.m2/repository/org/apache/kerby/kerb-common/1.0.1/kerb-common-1.0.1.jar:/home/runner/.m2/repository/org/apache/kerby/kerb-crypto/1.0.1/kerb-crypto-1.0.1.jar:/home/runner/.m2/repository/org/apache/kerby/kerb-util/1.0.1/kerb-util-1.0.1.jar:/home/runner/.m2/repository/org/apache/kerby/token-provider/1.0.1/token-provider-1.0.1.jar:/home/runner/.m2/repository/org/apache/kerby/kerb-admin/1.0.1/kerb-admin-1.0.1.jar:/home/runner/.m2/repository/org/apache/kerby/kerb-server/1.0.1/kerb-server-1.0.1.jar:/home/runner/.m2/repository/org/apache/kerby/kerb-identity/1.0.1/kerb-identity-1.0.1.jar:/home/runner/.m2/repository/org/apache/kerby/kerby-xdr/1.0.1/kerby-xdr-1.0.1.jar:/home/runner/.m2/repository/org/slf4j/slf4j-log4j12/1.7.30/slf4j-log4j12-1.7.30.jar:/home/runner/.m2/repository/org/apache/ozone/ozone-s3gateway/1.3.0-SNAPSHOT/ozone-s3gateway-1.3.0-SNAPSHOT.jar:/home/runner/.m2/repository/org/javassist/javassist/3.21.0-GA/javassist-3.21.0-GA.jar:/home/runner/.m2/repository/org/jboss/weld/servlet/weld-servlet/2.4.7.Final/weld-servlet-2.4.7.Final.jar:/home/runner/.m2/repository/org/glassfish/jersey/containers/jersey-container-servlet-core/2.33/jersey-container-servlet-core-2.33.jar:/home/runner/.m2/repository/org/glassfish/hk2/external/jakarta.inject/2.6.1/jakarta.inject-2.6.1.jar:/home/runner/.m2/repository/org/glassfish/jersey/core/jersey-common/2.33/jersey-common-2.33.jar:/home/runner/.m2/repository/jakarta/ws/rs/jakarta.ws.rs-api/2.1.6/jakarta.ws.rs-api-2.1.6.jar:/home/runner/.m2/repository/org/glassfish/jersey/ext/cdi/jersey-cdi1x/2.33/jersey-cdi1x-2.33.jar:/home/runner/.m2/repository/org/glassfish/jersey/inject/jersey-hk2/2.33/jersey-hk2-2.33.jar:/home/runner/.m2/repository/org/glassfish/hk2/hk2-locator/2.6.1/hk2-locator-2.6.1.jar:/home/runner/.m2/repository/org/glassfish/jersey/media/jersey-media-jaxb/2.33/jersey-media-jaxb-2.33.jar:/home/runner/.m2/repository/org/glassfish/hk2/osgi-resource-locator/1.0.3/osgi-resource-locator-1.0.3.jar:/home/runner/.m2/repository/org/glassfish/hk2/hk2-api/2.5.0/hk2-api-2.5.0.jar:/home/runner/.m2/repository/org/glassfish/hk2/hk2-utils/2.5.0/hk2-utils-2.5.0.jar:/home/runner/.m2/repository/org/glassfish/hk2/external/aopalliance-repackaged/2.5.0/aopalliance-repackaged-2.5.0.jar:/home/runner/.m2/repository/com/fasterxml/jackson/dataformat/jackson-dataformat-xml/2.13.2/jackson-dataformat-xml-2.13.2.jar:/home/runner/.m2/repository/com/fasterxml/jackson/core/jackson-core/2.13.2/jackson-core-2.13.2.jar:/home/runner/.m2/repository/org/codehaus/woodstox/stax2-api/3.1.4/stax2-api-3.1.4.jar:/home/runner/.m2/repository/com/fasterxml/woodstox/woodstox-core/5.0.3/woodstox-core-5.0.3.jar:/home/runner/.m2/repository/com/fasterxml/jackson/module/jackson-module-jaxb-annotations/2.13.2/jackson-module-jaxb-annotations-2.13.2.jar:/home/runner/.m2/repository/jakarta/xml/bind/jakarta.xml.bind-api/2.3.3/jakarta.xml.bind-api-2.3.3.jar:/home/runner/.m2/repository/jakarta/activation/jakarta.activation-api/1.2.1/jakarta.activation-api-1.2.1.jar:/home/runner/.m2/repository/javax/enterprise/cdi-api/1.2/cdi-api-1.2.jar:/home/runner/.m2/repository/javax/el/javax.el-api/3.0.0/javax.el-api-3.0.0.jar:/home/runner/.m2/repository/javax/interceptor/javax.interceptor-api/1.2/javax.interceptor-api-1.2.jar:/home/runner/.m2/repository/javax/inject/javax.inject/1/javax.inject-1.jar:/home/runner/.m2/repository/javax/xml/bind/jaxb-api/2.3.0/jaxb-api-2.3.0.jar:/home/runner/.m2/repository/org/glassfish/jaxb/jaxb-runtime/2.3.0.1/jaxb-runtime-2.3.0.1.jar:/home/runner/.m2/repository/org/glassfish/jaxb/jaxb-core/2.3.0.1/jaxb-core-2.3.0.1.jar:/home/runner/.m2/repository/org/glassfish/jaxb/txw2/2.3.0.1/txw2-2.3.0.1.jar:/home/runner/.m2/repository/com/sun/istack/istack-commons-runtime/3.0.5/istack-commons-runtime-3.0.5.jar:/home/runner/.m2/repository/org/jvnet/staxex/stax-ex/1.7.8/stax-ex-1.7.8.jar:/home/runner/.m2/repository/com/sun/xml/fastinfoset/FastInfoset/1.2.13/FastInfoset-1.2.13.jar:/home/runner/.m2/repository/javax/activation/activation/1.1.1/activation-1.1.1.jar:/home/runner/.m2/repository/io/grpc/grpc-protobuf/1.48.1/grpc-protobuf-1.48.1.jar:/home/runner/.m2/repository/io/grpc/grpc-api/1.48.1/grpc-api-1.48.1.jar:/home/runner/.m2/repository/io/grpc/grpc-context/1.48.1/grpc-context-1.48.1.jar:/home/runner/.m2/repository/com/google/api/grpc/proto-google-common-protos/2.9.0/proto-google-common-protos-2.9.0.jar:/home/runner/.m2/repository/io/grpc/grpc-protobuf-lite/1.48.1/grpc-protobuf-lite-1.48.1.jar:/home/runner/.m2/repository/io/grpc/grpc-stub/1.48.1/grpc-stub-1.48.1.jar:/home/runner/.m2/repository/io/netty/netty-transport/4.1.79.Final/netty-transport-4.1.79.Final.jar:/home/runner/.m2/repository/io/netty/netty-resolver/4.1.79.Final/netty-resolver-4.1.79.Final.jar:/home/runner/.m2/repository/org/apache/ozone/ozone-csi/1.3.0-SNAPSHOT/ozone-csi-1.3.0-SNAPSHOT.jar:/home/runner/.m2/repository/com/google/protobuf/protobuf-java-util/3.19.2/protobuf-java-util-3.19.2.jar:/home/runner/.m2/repository/com/google/code/gson/gson/2.9.0/gson-2.9.0.jar:/home/runner/.m2/repository/org/apache/ozone/hdds-config/1.3.0-SNAPSHOT/hdds-config-1.3.0-SNAPSHOT.jar:/home/runner/.m2/repository/io/netty/netty-transport-native-epoll/4.1.79.Final/netty-transport-native-epoll-4.1.79.Final-linux-x86_64.jar:/home/runner/.m2/repository/io/netty/netty-transport-classes-epoll/4.1.79.Final/netty-transport-classes-epoll-4.1.79.Final.jar:/home/runner/.m2/repository/io/netty/netty-transport-native-unix-common/4.1.79.Final/netty-transport-native-unix-common-4.1.79.Final.jar:/home/runner/.m2/repository/org/apache/ozone/ozone-recon/1.3.0-SNAPSHOT/ozone-recon-1.3.0-SNAPSHOT.jar:/home/runner/.m2/repository/org/apache/ozone/ozone-reconcodegen/1.3.0-SNAPSHOT/ozone-reconcodegen-1.3.0-SNAPSHOT.jar:/home/runner/.m2/repository/com/google/inject/extensions/guice-multibindings/4.0/guice-multibindings-4.0.jar:/home/runner/.m2/repository/com/google/inject/guice/4.0/guice-4.0.jar:/home/runner/.m2/repository/aopalliance/aopalliance/1.0/aopalliance-1.0.jar:/home/runner/.m2/repository/com/google/inject/extensions/guice-assistedinject/4.0/guice-assistedinject-4.0.jar:/home/runner/.m2/repository/com/google/inject/extensions/guice-servlet/4.0/guice-servlet-4.0.jar:/home/runner/.m2/repository/org/glassfish/jersey/containers/jersey-container-servlet/2.33/jersey-container-servlet-2.33.jar:/home/runner/.m2/repository/org/glassfish/hk2/guice-bridge/2.5.0/guice-bridge-2.5.0.jar:/home/runner/.m2/repository/org/glassfish/jersey/core/jersey-server/2.33/jersey-server-2.33.jar:/home/runner/.m2/repository/org/glassfish/jersey/core/jersey-client/2.33/jersey-client-2.33.jar:/home/runner/.m2/repository/jakarta/annotation/jakarta.annotation-api/1.3.5/jakarta.annotation-api-1.3.5.jar:/home/runner/.m2/repository/jakarta/validation/jakarta.validation-api/2.0.2/jakarta.validation-api-2.0.2.jar:/home/runner/.m2/repository/org/glassfish/jersey/media/jersey-media-json-jackson/2.33/jersey-media-json-jackson-2.33.jar:/home/runner/.m2/repository/org/glassfish/jersey/ext/jersey-entity-filtering/2.33/jersey-entity-filtering-2.33.jar:/home/runner/.m2/repository/org/jooq/jooq/3.11.10/jooq-3.11.10.jar:/home/runner/.m2/repository/org/jooq/jooq-meta/3.11.10/jooq-meta-3.11.10.jar:/home/runner/.m2/repository/org/jooq/jooq-codegen/3.11.10/jooq-codegen-3.11.10.jar:/home/runner/.m2/repository/com/jolbox/bonecp/0.8.0.RELEASE/bonecp-0.8.0.RELEASE.jar:/home/runner/.m2/repository/org/apache/derby/derby/10.14.2.0/derby-10.14.2.0.jar:/home/runner/.m2/repository/org/xerial/sqlite-jdbc/3.25.2/sqlite-jdbc-3.25.2.jar:/home/runner/.m2/repository/org/springframework/spring-jdbc/5.2.20.RELEASE/spring-jdbc-5.2.20.RELEASE.jar:/home/runner/.m2/repository/org/springframework/spring-beans/5.2.20.RELEASE/spring-beans-5.2.20.RELEASE.jar:/home/runner/.m2/repository/org/springframework/spring-core/5.2.20.RELEASE/spring-core-5.2.20.RELEASE.jar:/home/runner/.m2/repository/org/springframework/spring-jcl/5.2.20.RELEASE/spring-jcl-5.2.20.RELEASE.jar:/home/runner/.m2/repository/org/springframework/spring-tx/5.2.20.RELEASE/spring-tx-5.2.20.RELEASE.jar:/home/runner/.m2/repository/org/apache/ozone/ozone-client/1.3.0-SNAPSHOT/ozone-client-1.3.0-SNAPSHOT.jar:/home/runner/.m2/repository/org/apache/ozone/hdds-erasurecode/1.3.0-SNAPSHOT/hdds-erasurecode-1.3.0-SNAPSHOT.jar:/home/runner/.m2/repository/com/github/spotbugs/spotbugs-annotations/3.1.12/spotbugs-annotations-3.1.12.jar:/home/runner/.m2/repository/org/apache/ozone/ozone-filesystem/1.3.0-SNAPSHOT/ozone-filesystem-1.3.0-SNAPSHOT.jar:/home/runner/.m2/repository/org/apache/ozone/ozone-filesystem-common/1.3.0-SNAPSHOT/ozone-filesystem-common-1.3.0-SNAPSHOT.jar:/home/runner/.m2/repository/org/apache/ozone/ozone-tools/1.3.0-SNAPSHOT/ozone-tools-1.3.0-SNAPSHOT.jar:/home/runner/.m2/repository/org/apache/ratis/ratis-tools/2.3.0/ratis-tools-2.3.0.jar:/home/runner/.m2/repository/com/amazonaws/aws-java-sdk-core/1.12.261/aws-java-sdk-core-1.12.261.jar:/home/runner/.m2/repository/org/apache/httpcomponents/httpclient/4.5.13/httpclient-4.5.13.jar:/home/runner/.m2/repository/org/apache/httpcomponents/httpcore/4.4.13/httpcore-4.4.13.jar:/home/runner/.m2/repository/software/amazon/ion/ion-java/1.0.2/ion-java-1.0.2.jar:/home/runner/.m2/repository/com/fasterxml/jackson/dataformat/jackson-dataformat-cbor/2.13.2/jackson-dataformat-cbor-2.13.2.jar:/home/runner/.m2/repository/joda-time/joda-time/2.8.1/joda-time-2.8.1.jar:/home/runner/.m2/repository/com/amazonaws/aws-java-sdk-s3/1.12.261/aws-java-sdk-s3-1.12.261.jar:/home/runner/.m2/repository/com/amazonaws/aws-java-sdk-kms/1.12.261/aws-java-sdk-kms-1.12.261.jar:/home/runner/.m2/repository/com/amazonaws/jmespath-java/1.12.261/jmespath-java-1.12.261.jar:/home/runner/.m2/repository/org/kohsuke/metainf-services/metainf-services/1.8/metainf-services-1.8.jar:/home/runner/.m2/repository/org/apache/ozone/hdds-tools/1.3.0-SNAPSHOT/hdds-tools-1.3.0-SNAPSHOT.jar:/home/runner/.m2/repository/commons-cli/commons-cli/1.2/commons-cli-1.2.jar:/home/runner/.m2/repository/org/apache/commons/commons-lang3/3.7/commons-lang3-3.7.jar:/home/runner/.m2/repository/org/apache/ozone/ozone-manager/1.3.0-SNAPSHOT/ozone-manager-1.3.0-SNAPSHOT-tests.jar:/home/runner/.m2/repository/org/apache/ozone/hdds-common/1.3.0-SNAPSHOT/hdds-common-1.3.0-SNAPSHOT-tests.jar:/home/runner/.m2/repository/org/apache/ozone/hdds-hadoop-dependency-client/1.3.0-SNAPSHOT/hdds-hadoop-dependency-client-1.3.0-SNAPSHOT.jar:/home/runner/.m2/repository/info/picocli/picocli/4.6.1/picocli-4.6.1.jar:/home/runner/.m2/repository/com/fasterxml/jackson/core/jackson-annotations/2.13.2/jackson-annotations-2.13.2.jar:/home/runner/.m2/repository/com/fasterxml/jackson/datatype/jackson-datatype-jsr310/2.13.2/jackson-datatype-jsr310-2.13.2.jar:/home/runner/.m2/repository/org/apache/ozone/hdds-annotation-processing/1.3.0-SNAPSHOT/hdds-annotation-processing-1.3.0-SNAPSHOT.jar:/home/runner/.m2/repository/javax/annotation/javax.annotation-api/1.2/javax.annotation-api-1.2.jar:/home/runner/.m2/repository/org/apache/ratis/ratis-server/2.3.0/ratis-server-2.3.0.jar:/home/runner/.m2/repository/org/apache/ratis/ratis-client/2.3.0/ratis-client-2.3.0.jar:/home/runner/.m2/repository/org/apache/ratis/ratis-server-api/2.3.0/ratis-server-api-2.3.0.jar:/home/runner/.m2/repository/org/apache/ratis/ratis-metrics/2.3.0/ratis-metrics-2.3.0.jar:/home/runner/.m2/repository/org/apache/ratis/ratis-netty/2.3.0/ratis-netty-2.3.0.jar:/home/runner/.m2/repository/org/apache/ratis/ratis-grpc/2.3.0/ratis-grpc-2.3.0.jar:/home/runner/.m2/repository/org/apache/logging/log4j/log4j-api/2.17.1/log4j-api-2.17.1.jar:/home/runner/.m2/repository/org/apache/commons/commons-pool2/2.6.0/commons-pool2-2.6.0.jar:/home/runner/.m2/repository/org/bouncycastle/bcpkix-jdk15on/1.67/bcpkix-jdk15on-1.67.jar:/home/runner/.m2/repository/commons-validator/commons-validator/1.6/commons-validator-1.6.jar:/home/runner/.m2/repository/commons-beanutils/commons-beanutils/1.9.4/commons-beanutils-1.9.4.jar:/home/runner/.m2/repository/commons-digester/commons-digester/1.8.1/commons-digester-1.8.1.jar:/home/runner/.m2/repository/commons-collections/commons-collections/3.2.2/commons-collections-3.2.2.jar:/home/runner/.m2/repository/io/jaegertracing/jaeger-client/1.6.0/jaeger-client-1.6.0.jar:/home/runner/.m2/repository/io/jaegertracing/jaeger-thrift/1.6.0/jaeger-thrift-1.6.0.jar:/home/runner/.m2/repository/org/apache/thrift/libthrift/0.14.1/libthrift-0.14.1.jar:/home/runner/.m2/repository/com/squareup/okhttp3/okhttp/4.9.0/okhttp-4.9.0.jar:/home/runner/.m2/repository/com/squareup/okio/okio/2.8.0/okio-2.8.0.jar:/home/runner/.m2/repository/io/jaegertracing/jaeger-core/1.6.0/jaeger-core-1.6.0.jar:/home/runner/.m2/repository/io/jaegertracing/jaeger-tracerresolver/1.6.0/jaeger-tracerresolver-1.6.0.jar:/home/runner/.m2/repository/io/opentracing/contrib/opentracing-tracerresolver/0.1.8/opentracing-tracerresolver-0.1.8.jar:/home/runner/.m2/repository/org/jetbrains/kotlin/kotlin-stdlib/1.6.21/kotlin-stdlib-1.6.21.jar:/home/runner/.m2/repository/org/jetbrains/kotlin/kotlin-stdlib-common/1.6.21/kotlin-stdlib-common-1.6.21.jar:/home/runner/.m2/repository/org/jetbrains/annotations/13.0/annotations-13.0.jar:/home/runner/.m2/repository/io/opentracing/opentracing-util/0.33.0/opentracing-util-0.33.0.jar:/home/runner/.m2/repository/io/opentracing/opentracing-api/0.33.0/opentracing-api-0.33.0.jar:/home/runner/.m2/repository/io/opentracing/opentracing-noop/0.33.0/opentracing-noop-0.33.0.jar:/home/runner/.m2/repository/org/yaml/snakeyaml/1.26/snakeyaml-1.26.jar:/home/runner/.m2/repository/org/apache/ozone/hdds-interface-admin/1.3.0-SNAPSHOT/hdds-interface-admin-1.3.0-SNAPSHOT.jar:/home/runner/.m2/repository/junit/junit/4.13.1/junit-4.13.1.jar:/home/runner/.m2/repository/org/hamcrest/hamcrest-core/1.3/hamcrest-core-1.3.jar:/home/runner/.m2/repository/org/junit/jupiter/junit-jupiter-api/5.8.2/junit-jupiter-api-5.8.2.jar:/home/runner/.m2/repository/org/opentest4j/opentest4j/1.2.0/opentest4j-1.2.0.jar:/home/runner/.m2/repository/org/junit/platform/junit-platform-commons/1.8.2/junit-platform-commons-1.8.2.jar:/home/runner/.m2/repository/org/apiguardian/apiguardian-api/1.1.2/apiguardian-api-1.1.2.jar:/home/runner/.m2/repository/org/junit/jupiter/junit-jupiter-params/5.8.2/junit-jupiter-params-5.8.2.jar:/home/runner/.m2/repository/org/junit/jupiter/junit-jupiter-migrationsupport/5.8.2/junit-jupiter-migrationsupport-5.8.2.jar:/home/runner/.m2/repository/org/junit/jupiter/junit-jupiter-engine/5.8.2/junit-jupiter-engine-5.8.2.jar:/home/runner/.m2/repository/org/junit/platform/junit-platform-engine/1.8.2/junit-platform-engine-1.8.2.jar:/home/runner/.m2/repository/org/junit/vintage/junit-vintage-engine/5.8.2/junit-vintage-engine-5.8.2.jar:/home/runner/.m2/repository/org/junit/platform/junit-platform-launcher/1.8.2/junit-platform-launcher-1.8.2.jar:/home/runner/.m2/repository/org/mockito/mockito-core/2.28.2/mockito-core-2.28.2.jar:/home/runner/.m2/repository/net/bytebuddy/byte-buddy/1.9.10/byte-buddy-1.9.10.jar:/home/runner/.m2/repository/net/bytebuddy/byte-buddy-agent/1.9.10/byte-buddy-agent-1.9.10.jar:/home/runner/.m2/repository/org/objenesis/objenesis/1.0/objenesis-1.0.jar:/home/runner/.m2/repository/org/apache/hadoop/hadoop-kms/3.3.1/hadoop-kms-3.3.1.jar:/home/runner/.m2/repository/org/apache/hadoop/hadoop-auth/3.3.1/hadoop-auth-3.3.1.jar:/home/runner/.m2/repository/com/nimbusds/nimbus-jose-jwt/7.9/nimbus-jose-jwt-7.9.jar:/home/runner/.m2/repository/com/github/stephenc/jcip/jcip-annotations/1.0-1/jcip-annotations-1.0-1.jar:/home/runner/.m2/repository/net/minidev/json-smart/2.4.7/json-smart-2.4.7.jar:/home/runner/.m2/repository/net/minidev/accessors-smart/2.4.7/accessors-smart-2.4.7.jar:/home/runner/.m2/repository/org/ow2/asm/asm/5.0.4/asm-5.0.4.jar:/home/runner/.m2/repository/org/apache/zookeeper/zookeeper/3.5.6/zookeeper-3.5.6.jar:/home/runner/.m2/repository/org/apache/zookeeper/zookeeper-jute/3.5.6/zookeeper-jute-3.5.6.jar:/home/runner/.m2/repository/org/apache/yetus/audience-annotations/0.5.0/audience-annotations-0.5.0.jar:/home/runner/.m2/repository/org/apache/curator/curator-framework/4.2.0/curator-framework-4.2.0.jar:/home/runner/.m2/repository/org/apache/hadoop/thirdparty/hadoop-shaded-guava/1.1.1/hadoop-shaded-guava-1.1.1.jar:/home/runner/.m2/repository/com/sun/jersey/jersey-core/1.19/jersey-core-1.19.jar:/home/runner/.m2/repository/javax/ws/rs/jsr311-api/1.1.1/jsr311-api-1.1.1.jar:/home/runner/.m2/repository/com/sun/jersey/jersey-server/1.19/jersey-server-1.19.jar:/home/runner/.m2/repository/javax/servlet/javax.servlet-api/3.1.0/javax.servlet-api-3.1.0.jar:/home/runner/.m2/repository/org/eclipse/jetty/jetty-server/9.4.43.v20210629/jetty-server-9.4.43.v20210629.jar:/home/runner/.m2/repository/org/eclipse/jetty/jetty-http/9.4.43.v20210629/jetty-http-9.4.43.v20210629.jar:/home/runner/.m2/repository/org/eclipse/jetty/jetty-io/9.4.43.v20210629/jetty-io-9.4.43.v20210629.jar:/home/runner/.m2/repository/org/eclipse/jetty/jetty-webapp/9.4.43.v20210629/jetty-webapp-9.4.43.v20210629.jar:/home/runner/.m2/repository/org/eclipse/jetty/jetty-xml/9.4.43.v20210629/jetty-xml-9.4.43.v20210629.jar:/home/runner/.m2/repository/org/apache/hadoop/hadoop-common/3.3.1/hadoop-common-3.3.1.jar:/home/runner/.m2/repository/org/apache/commons/commons-math3/3.1.1/commons-math3-3.1.1.jar:/home/runner/.m2/repository/commons-net/commons-net/3.6/commons-net-3.6.jar:/home/runner/.m2/repository/com/sun/jersey/jersey-servlet/1.19/jersey-servlet-1.19.jar:/home/runner/.m2/repository/com/sun/jersey/jersey-json/1.19/jersey-json-1.19.jar:/home/runner/.m2/repository/org/codehaus/jettison/jettison/1.1/jettison-1.1.jar:/home/runner/.m2/repository/com/sun/xml/bind/jaxb-impl/2.2.3-1/jaxb-impl-2.2.3-1.jar:/home/runner/.m2/repository/org/codehaus/jackson/jackson-xc/1.9.2/jackson-xc-1.9.2.jar:/home/runner/.m2/repository/org/apache/commons/commons-configuration2/2.1.1/commons-configuration2-2.1.1.jar:/home/runner/.m2/repository/org/apache/commons/commons-text/1.4/commons-text-1.4.jar:/home/runner/.m2/repository/com/google/re2j/re2j/1.1/re2j-1.1.jar:/home/runner/.m2/repository/com/jcraft/jsch/0.1.54/jsch-0.1.54.jar:/home/runner/.m2/repository/org/apache/curator/curator-client/4.2.0/curator-client-4.2.0.jar:/home/runner/.m2/repository/org/apache/curator/curator-recipes/4.2.0/curator-recipes-4.2.0.jar:/home/runner/.m2/repository/org/apache/kerby/kerb-core/1.0.1/kerb-core-1.0.1.jar:/home/runner/.m2/repository/org/apache/kerby/kerby-pkix/1.0.1/kerby-pkix-1.0.1.jar:/home/runner/.m2/repository/org/apache/kerby/kerby-asn1/1.0.1/kerby-asn1-1.0.1.jar:/home/runner/.m2/repository/org/apache/kerby/kerby-util/1.0.1/kerby-util-1.0.1.jar:/home/runner/.m2/repository/dnsjava/dnsjava/2.1.7/dnsjava-2.1.7.jar:/home/runner/.m2/repository/org/xerial/snappy/snappy-java/1.1.8.2/snappy-java-1.1.8.2.jar:/home/runner/.m2/repository/org/slf4j/jul-to-slf4j/1.7.30/jul-to-slf4j-1.7.30.jar:/home/runner/.m2/repository/org/eclipse/jetty/jetty-util/9.4.43.v20210629/jetty-util-9.4.43.v20210629.jar:/home/runner/.m2/repository/com/fasterxml/jackson/core/jackson-databind/2.13.2.2/jackson-databind-2.13.2.2.jar:/home/runner/.m2/repository/org/apache/hadoop/hadoop-kms/3.3.1/hadoop-kms-3.3.1-tests.jar:/home/runner/.m2/repository/org/apache/ozone/hdds-server-scm/1.3.0-SNAPSHOT/hdds-server-scm-1.3.0-SNAPSHOT-tests.jar:/home/runner/.m2/repository/org/apache/ozone/hdds-container-service/1.3.0-SNAPSHOT/hdds-container-service-1.3.0-SNAPSHOT-tests.jar:/home/runner/.m2/repository/commons-codec/commons-codec/1.11/commons-codec-1.11.jar:/home/runner/.m2/repository/io/netty/netty-codec/4.1.79.Final/netty-codec-4.1.79.Final.jar:/home/runner/.m2/repository/io/netty/netty-handler/4.1.79.Final/netty-handler-4.1.79.Final.jar:/home/runner/.m2/repository/org/apache/ozone/hdds-hadoop-dependency-test/1.3.0-SNAPSHOT/hdds-hadoop-dependency-test-1.3.0-SNAPSHOT.jar:/home/runner/.m2/repository/org/apache/hadoop/hadoop-common/3.3.1/hadoop-common-3.3.1-tests.jar:/home/runner/.m2/repository/org/assertj/assertj-core/3.12.2/assertj-core-3.12.2.jar:/home/runner/.m2/repository/org/apache/hadoop/hadoop-hdfs/3.3.1/hadoop-hdfs-3.3.1-tests.jar:/home/runner/.m2/repository/org/eclipse/jetty/jetty-util-ajax/9.4.43.v20210629/jetty-util-ajax-9.4.43.v20210629.jar:/home/runner/.m2/repository/commons-daemon/commons-daemon/1.0.13/commons-daemon-1.0.13.jar:/home/runner/.m2/repository/io/netty/netty/3.10.6.Final/netty-3.10.6.Final.jar:/home/runner/.m2/repository/io/netty/netty-all/4.1.79.Final/netty-all-4.1.79.Final.jar:/home/runner/.m2/repository/io/netty/netty-codec-dns/4.1.79.Final/netty-codec-dns-4.1.79.Final.jar:/home/runner/.m2/repository/io/netty/netty-codec-haproxy/4.1.79.Final/netty-codec-haproxy-4.1.79.Final.jar:/home/runner/.m2/repository/io/netty/netty-codec-memcache/4.1.79.Final/netty-codec-memcache-4.1.79.Final.jar:/home/runner/.m2/repository/io/netty/netty-codec-mqtt/4.1.79.Final/netty-codec-mqtt-4.1.79.Final.jar:/home/runner/.m2/repository/io/netty/netty-codec-redis/4.1.79.Final/netty-codec-redis-4.1.79.Final.jar:/home/runner/.m2/repository/io/netty/netty-codec-smtp/4.1.79.Final/netty-codec-smtp-4.1.79.Final.jar:/home/runner/.m2/repository/io/netty/netty-codec-stomp/4.1.79.Final/netty-codec-stomp-4.1.79.Final.jar:/home/runner/.m2/repository/io/netty/netty-codec-xml/4.1.79.Final/netty-codec-xml-4.1.79.Final.jar:/home/runner/.m2/repository/io/netty/netty-resolver-dns/4.1.79.Final/netty-resolver-dns-4.1.79.Final.jar:/home/runner/.m2/repository/io/netty/netty-transport-rxtx/4.1.79.Final/netty-transport-rxtx-4.1.79.Final.jar:/home/runner/.m2/repository/io/netty/netty-transport-sctp/4.1.79.Final/netty-transport-sctp-4.1.79.Final.jar:/home/runner/.m2/repository/io/netty/netty-transport-udt/4.1.79.Final/netty-transport-udt-4.1.79.Final.jar:/home/runner/.m2/repository/io/netty/netty-transport-classes-kqueue/4.1.79.Final/netty-transport-classes-kqueue-4.1.79.Final.jar:/home/runner/.m2/repository/io/netty/netty-resolver-dns-classes-macos/4.1.79.Final/netty-resolver-dns-classes-macos-4.1.79.Final.jar:/home/runner/.m2/repository/io/netty/netty-transport-native-epoll/4.1.79.Final/netty-transport-native-epoll-4.1.79.Final-linux-aarch_64.jar:/home/runner/.m2/repository/io/netty/netty-transport-native-kqueue/4.1.79.Final/netty-transport-native-kqueue-4.1.79.Final-osx-x86_64.jar:/home/runner/.m2/repository/io/netty/netty-transport-native-kqueue/4.1.79.Final/netty-transport-native-kqueue-4.1.79.Final-osx-aarch_64.jar:/home/runner/.m2/repository/io/netty/netty-resolver-dns-native-macos/4.1.79.Final/netty-resolver-dns-native-macos-4.1.79.Final-osx-x86_64.jar:/home/runner/.m2/repository/io/netty/netty-resolver-dns-native-macos/4.1.79.Final/netty-resolver-dns-native-macos-4.1.79.Final-osx-aarch_64.jar:/home/runner/.m2/repository/org/apache/htrace/htrace-core4/4.1.0-incubating/htrace-core4-4.1.0-incubating.jar:/home/runner/.m2/repository/org/fusesource/leveldbjni/leveldbjni-all/1.8/leveldbjni-all-1.8.jar:/home/runner/.m2/repository/org/apache/hadoop/hadoop-distcp/3.3.1/hadoop-distcp-3.3.1.jar:/home/runner/.m2/repository/org/apache/hadoop/hadoop-mapreduce-client-jobclient/3.3.1/hadoop-mapreduce-client-jobclient-3.3.1.jar:/home/runner/.m2/repository/org/apache/hadoop/hadoop-mapreduce-client-common/3.3.1/hadoop-mapreduce-client-common-3.3.1.jar:/home/runner/.m2/repository/org/apache/hadoop/hadoop-yarn-common/3.3.1/hadoop-yarn-common-3.3.1.jar:/home/runner/.m2/repository/org/apache/hadoop/hadoop-yarn-api/3.3.1/hadoop-yarn-api-3.3.1.jar:/home/runner/.m2/repository/com/sun/jersey/contribs/jersey-guice/1.19/jersey-guice-1.19.jar:/home/runner/.m2/repository/com/fasterxml/jackson/jaxrs/jackson-jaxrs-json-provider/2.13.2/jackson-jaxrs-json-provider-2.13.2.jar:/home/runner/.m2/repository/com/fasterxml/jackson/jaxrs/jackson-jaxrs-base/2.13.2/jackson-jaxrs-base-2.13.2.jar:/home/runner/.m2/repository/org/apache/hadoop/hadoop-yarn-client/3.3.1/hadoop-yarn-client-3.3.1.jar:/home/runner/.m2/repository/org/eclipse/jetty/websocket/websocket-client/9.4.40.v20210413/websocket-client-9.4.40.v20210413.jar:/home/runner/.m2/repository/org/eclipse/jetty/websocket/websocket-common/9.4.40.v20210413/websocket-common-9.4.40.v20210413.jar:/home/runner/.m2/repository/org/eclipse/jetty/websocket/websocket-api/9.4.40.v20210413/websocket-api-9.4.40.v20210413.jar:/home/runner/.m2/repository/org/jline/jline/3.9.0/jline-3.9.0.jar:/home/runner/.m2/repository/org/apache/hadoop/hadoop-mapreduce-client-core/3.3.1/hadoop-mapreduce-client-core-3.3.1.jar:/home/runner/.m2/repository/org/apache/avro/avro/1.7.7/avro-1.7.7.jar:/home/runner/.m2/repository/org/codehaus/jackson/jackson-core-asl/1.9.13/jackson-core-asl-1.9.13.jar:/home/runner/.m2/repository/org/codehaus/jackson/jackson-mapper-asl/1.9.13/jackson-mapper-asl-1.9.13.jar:/home/runner/.m2/repository/com/thoughtworks/paranamer/paranamer/2.3/paranamer-2.3.jar:/home/runner/.m2/repository/org/apache/hadoop/hadoop-annotations/3.3.1/hadoop-annotations-3.3.1.jar:/opt/hostedtoolcache/jdk/8.0.345/x64/jre/../lib/tools.jar:/home/runner/.m2/repository/org/apache/hadoop/hadoop-distcp/3.3.1/hadoop-distcp-3.3.1-tests.jar:/home/runner/.m2/repository/org/apache/ratis/ratis-common/2.3.0/ratis-common-2.3.0.jar:/home/runner/.m2/repository/org/apache/ratis/ratis-thirdparty-misc/1.0.0/ratis-thirdparty-misc-1.0.0.jar:/home/runner/.m2/repository/org/apache/ratis/ratis-proto/2.3.0/ratis-proto-2.3.0.jar:"/>
    <property name="java.vm.vendor" value="Azul Systems, Inc."/>
    <property name="sun.arch.data.model" value="64"/>
    <property name="test.build.dir" value="/home/runner/work/ozone/ozone/hadoop-ozone/integration-test/target/test-dir"/>
    <property name="test.cache.data" value=""/>
    <property name="java.vendor.url" value="http://www.azul.com/"/>
    <property name="user.timezone" value="Etc/UTC"/>
    <property name="java.vm.specification.version" value="1.8"/>
    <property name="os.name" value="Linux"/>
    <property name="test.build.data" value="/home/runner/work/ozone/ozone/hadoop-ozone/integration-test/target/test-dir"/>
    <property name="sun.java.launcher" value="SUN_STANDARD"/>
    <property name="sun.boot.library.path" value="/opt/hostedtoolcache/jdk/8.0.345/x64/jre/lib/amd64"/>
    <property name="sun.java.command" value="/home/runner/work/ozone/ozone/hadoop-ozone/integration-test/target/surefire/surefirebooter8540456858227339857.jar /home/runner/work/ozone/ozone/hadoop-ozone/integration-test/target/surefire 2022-09-03T00-57-51_218-jvmRun1 surefire8239903723495657950tmp surefire_128201949930832861041tmp"/>
    <property name="surefire.test.class.path" value="/home/runner/work/ozone/ozone/hadoop-ozone/integration-test/target/test-classes:/home/runner/work/ozone/ozone/hadoop-ozone/integration-test/target/classes:/home/runner/.m2/repository/org/apache/ozone/ozone-common/1.3.0-SNAPSHOT/ozone-common-1.3.0-SNAPSHOT.jar:/home/runner/.m2/repository/io/grpc/grpc-netty/1.48.1/grpc-netty-1.48.1.jar:/home/runner/.m2/repository/io/grpc/grpc-core/1.48.1/grpc-core-1.48.1.jar:/home/runner/.m2/repository/com/google/android/annotations/4.1.1.4/annotations-4.1.1.4.jar:/home/runner/.m2/repository/org/codehaus/mojo/animal-sniffer-annotations/1.21/animal-sniffer-annotations-1.21.jar:/home/runner/.m2/repository/com/google/errorprone/error_prone_annotations/2.2.0/error_prone_annotations-2.2.0.jar:/home/runner/.m2/repository/io/perfmark/perfmark-api/0.25.0/perfmark-api-0.25.0.jar:/home/runner/.m2/repository/io/netty/netty-codec-http2/4.1.79.Final/netty-codec-http2-4.1.79.Final.jar:/home/runner/.m2/repository/io/netty/netty-common/4.1.79.Final/netty-common-4.1.79.Final.jar:/home/runner/.m2/repository/io/netty/netty-buffer/4.1.79.Final/netty-buffer-4.1.79.Final.jar:/home/runner/.m2/repository/io/netty/netty-codec-http/4.1.79.Final/netty-codec-http-4.1.79.Final.jar:/home/runner/.m2/repository/io/netty/netty-handler-proxy/4.1.79.Final/netty-handler-proxy-4.1.79.Final.jar:/home/runner/.m2/repository/io/netty/netty-codec-socks/4.1.79.Final/netty-codec-socks-4.1.79.Final.jar:/home/runner/.m2/repository/io/netty/netty-tcnative-boringssl-static/2.0.53.Final/netty-tcnative-boringssl-static-2.0.53.Final.jar:/home/runner/.m2/repository/io/netty/netty-tcnative-classes/2.0.53.Final/netty-tcnative-classes-2.0.53.Final.jar:/home/runner/.m2/repository/io/netty/netty-tcnative-boringssl-static/2.0.53.Final/netty-tcnative-boringssl-static-2.0.53.Final-linux-x86_64.jar:/home/runner/.m2/repository/io/netty/netty-tcnative-boringssl-static/2.0.53.Final/netty-tcnative-boringssl-static-2.0.53.Final-linux-aarch_64.jar:/home/runner/.m2/repository/io/netty/netty-tcnative-boringssl-static/2.0.53.Final/netty-tcnative-boringssl-static-2.0.53.Final-osx-x86_64.jar:/home/runner/.m2/repository/io/netty/netty-tcnative-boringssl-static/2.0.53.Final/netty-tcnative-boringssl-static-2.0.53.Final-osx-aarch_64.jar:/home/runner/.m2/repository/io/netty/netty-tcnative-boringssl-static/2.0.53.Final/netty-tcnative-boringssl-static-2.0.53.Final-windows-x86_64.jar:/home/runner/.m2/repository/org/apache/commons/commons-compress/1.21/commons-compress-1.21.jar:/home/runner/.m2/repository/org/apache/ozone/hdds-common/1.3.0-SNAPSHOT/hdds-common-1.3.0-SNAPSHOT.jar:/home/runner/.m2/repository/org/apache/ozone/hdds-client/1.3.0-SNAPSHOT/hdds-client-1.3.0-SNAPSHOT.jar:/home/runner/.m2/repository/org/apache/ozone/ozone-interface-client/1.3.0-SNAPSHOT/ozone-interface-client-1.3.0-SNAPSHOT.jar:/home/runner/.m2/repository/org/apache/ozone/hdds-test-utils/1.3.0-SNAPSHOT/hdds-test-utils-1.3.0-SNAPSHOT.jar:/home/runner/.m2/repository/com/google/guava/guava/31.1-jre/guava-31.1-jre.jar:/home/runner/.m2/repository/com/google/guava/failureaccess/1.0.1/failureaccess-1.0.1.jar:/home/runner/.m2/repository/com/google/guava/listenablefuture/9999.0-empty-to-avoid-conflict-with-guava/listenablefuture-9999.0-empty-to-avoid-conflict-with-guava.jar:/home/runner/.m2/repository/com/google/code/findbugs/jsr305/3.0.0/jsr305-3.0.0.jar:/home/runner/.m2/repository/org/checkerframework/checker-qual/3.12.0/checker-qual-3.12.0.jar:/home/runner/.m2/repository/com/google/j2objc/j2objc-annotations/1.3/j2objc-annotations-1.3.jar:/home/runner/.m2/repository/commons-io/commons-io/2.11.0/commons-io-2.11.0.jar:/home/runner/.m2/repository/commons-logging/commons-logging/1.2/commons-logging-1.2.jar:/home/runner/.m2/repository/log4j/log4j/1.2.17/log4j-1.2.17.jar:/home/runner/.m2/repository/org/slf4j/slf4j-api/1.7.30/slf4j-api-1.7.30.jar:/home/runner/.m2/repository/org/apache/ozone/hdds-server-scm/1.3.0-SNAPSHOT/hdds-server-scm-1.3.0-SNAPSHOT.jar:/home/runner/.m2/repository/org/apache/ozone/hdds-container-service/1.3.0-SNAPSHOT/hdds-container-service-1.3.0-SNAPSHOT.jar:/home/runner/.m2/repository/org/apache/ozone/hdds-hadoop-dependency-server/1.3.0-SNAPSHOT/hdds-hadoop-dependency-server-1.3.0-SNAPSHOT.jar:/home/runner/.m2/repository/org/apache/hadoop/hadoop-hdfs/3.3.1/hadoop-hdfs-3.3.1.jar:/home/runner/.m2/repository/org/apache/ozone/hdds-server-framework/1.3.0-SNAPSHOT/hdds-server-framework-1.3.0-SNAPSHOT.jar:/home/runner/.m2/repository/org/apache/ozone/hdds-interface-server/1.3.0-SNAPSHOT/hdds-interface-server-1.3.0-SNAPSHOT.jar:/home/runner/.m2/repository/org/apache/logging/log4j/log4j-core/2.17.1/log4j-core-2.17.1.jar:/home/runner/.m2/repository/com/lmax/disruptor/3.4.2/disruptor-3.4.2.jar:/home/runner/.m2/repository/org/eclipse/jetty/jetty-servlet/9.4.43.v20210629/jetty-servlet-9.4.43.v20210629.jar:/home/runner/.m2/repository/org/eclipse/jetty/jetty-security/9.4.43.v20210629/jetty-security-9.4.43.v20210629.jar:/home/runner/.m2/repository/org/rocksdb/rocksdbjni/7.4.5/rocksdbjni-7.4.5.jar:/home/runner/.m2/repository/io/prometheus/simpleclient_dropwizard/0.7.0/simpleclient_dropwizard-0.7.0.jar:/home/runner/.m2/repository/io/prometheus/simpleclient/0.7.0/simpleclient-0.7.0.jar:/home/runner/.m2/repository/io/prometheus/simpleclient_common/0.7.0/simpleclient_common-0.7.0.jar:/home/runner/.m2/repository/io/dropwizard/metrics/metrics-core/3.2.4/metrics-core-3.2.4.jar:/home/runner/.m2/repository/org/apache/hadoop/hadoop-hdfs-client/3.3.1/hadoop-hdfs-client-3.3.1.jar:/home/runner/.m2/repository/org/bouncycastle/bcprov-jdk15on/1.67/bcprov-jdk15on-1.67.jar:/home/runner/.m2/repository/com/google/protobuf/protobuf-java/2.5.0/protobuf-java-2.5.0.jar:/home/runner/.m2/repository/org/apache/ozone/ozone-manager/1.3.0-SNAPSHOT/ozone-manager-1.3.0-SNAPSHOT.jar:/home/runner/.m2/repository/org/aspectj/aspectjrt/1.9.7/aspectjrt-1.9.7.jar:/home/runner/.m2/repository/org/aspectj/aspectjweaver/1.9.7/aspectjweaver-1.9.7.jar:/home/runner/.m2/repository/org/apache/ozone/hdds-interface-client/1.3.0-SNAPSHOT/hdds-interface-client-1.3.0-SNAPSHOT.jar:/home/runner/.m2/repository/org/apache/hadoop/thirdparty/hadoop-shaded-protobuf_3_7/1.1.1/hadoop-shaded-protobuf_3_7-1.1.1.jar:/home/runner/.m2/repository/org/apache/ozone/ozone-interface-storage/1.3.0-SNAPSHOT/ozone-interface-storage-1.3.0-SNAPSHOT.jar:/home/runner/.m2/repository/org/reflections/reflections/0.9.11/reflections-0.9.11.jar:/home/runner/.m2/repository/com/sun/jersey/jersey-client/1.19/jersey-client-1.19.jar:/home/runner/.m2/repository/org/apache/ranger/ranger-intg/2.3.0/ranger-intg-2.3.0.jar:/home/runner/.m2/repository/org/apache/ranger/ranger-plugins-common/2.3.0/ranger-plugins-common-2.3.0.jar:/home/runner/.m2/repository/commons-lang/commons-lang/2.6/commons-lang-2.6.jar:/home/runner/.m2/repository/org/codehaus/jackson/jackson-jaxrs/1.9.13/jackson-jaxrs-1.9.13.jar:/home/runner/.m2/repository/org/apache/ranger/ranger-plugins-cred/2.3.0/ranger-plugins-cred-2.3.0.jar:/home/runner/.m2/repository/org/apache/ranger/ranger-plugins-audit/2.3.0/ranger-plugins-audit-2.3.0.jar:/home/runner/.m2/repository/org/eclipse/jetty/jetty-client/9.4.31.v20200723/jetty-client-9.4.31.v20200723.jar:/home/runner/.m2/repository/org/apache/httpcomponents/httpmime/4.5.6/httpmime-4.5.6.jar:/home/runner/.m2/repository/org/apache/httpcomponents/httpcore-nio/4.4.6/httpcore-nio-4.4.6.jar:/home/runner/.m2/repository/org/apache/httpcomponents/httpasyncclient/4.1.3/httpasyncclient-4.1.3.jar:/home/runner/.m2/repository/com/carrotsearch/hppc/0.8.0/hppc-0.8.0.jar:/home/runner/.m2/repository/org/apache/orc/orc-core/1.5.8/orc-core-1.5.8.jar:/home/runner/.m2/repository/net/java/dev/jna/jna/5.2.0/jna-5.2.0.jar:/home/runner/.m2/repository/net/java/dev/jna/jna-platform/5.2.0/jna-platform-5.2.0.jar:/home/runner/.m2/repository/com/kstruct/gethostname4j/0.0.2/gethostname4j-0.0.2.jar:/home/runner/.m2/repository/org/apache/ranger/ranger-plugin-classloader/2.3.0/ranger-plugin-classloader-2.3.0.jar:/home/runner/.m2/repository/org/apache/hadoop/hadoop-minikdc/3.3.1/hadoop-minikdc-3.3.1.jar:/home/runner/.m2/repository/org/apache/kerby/kerb-simplekdc/1.0.1/kerb-simplekdc-1.0.1.jar:/home/runner/.m2/repository/org/apache/kerby/kerb-client/1.0.1/kerb-client-1.0.1.jar:/home/runner/.m2/repository/org/apache/kerby/kerby-config/1.0.1/kerby-config-1.0.1.jar:/home/runner/.m2/repository/org/apache/kerby/kerb-common/1.0.1/kerb-common-1.0.1.jar:/home/runner/.m2/repository/org/apache/kerby/kerb-crypto/1.0.1/kerb-crypto-1.0.1.jar:/home/runner/.m2/repository/org/apache/kerby/kerb-util/1.0.1/kerb-util-1.0.1.jar:/home/runner/.m2/repository/org/apache/kerby/token-provider/1.0.1/token-provider-1.0.1.jar:/home/runner/.m2/repository/org/apache/kerby/kerb-admin/1.0.1/kerb-admin-1.0.1.jar:/home/runner/.m2/repository/org/apache/kerby/kerb-server/1.0.1/kerb-server-1.0.1.jar:/home/runner/.m2/repository/org/apache/kerby/kerb-identity/1.0.1/kerb-identity-1.0.1.jar:/home/runner/.m2/repository/org/apache/kerby/kerby-xdr/1.0.1/kerby-xdr-1.0.1.jar:/home/runner/.m2/repository/org/slf4j/slf4j-log4j12/1.7.30/slf4j-log4j12-1.7.30.jar:/home/runner/.m2/repository/org/apache/ozone/ozone-s3gateway/1.3.0-SNAPSHOT/ozone-s3gateway-1.3.0-SNAPSHOT.jar:/home/runner/.m2/repository/org/javassist/javassist/3.21.0-GA/javassist-3.21.0-GA.jar:/home/runner/.m2/repository/org/jboss/weld/servlet/weld-servlet/2.4.7.Final/weld-servlet-2.4.7.Final.jar:/home/runner/.m2/repository/org/glassfish/jersey/containers/jersey-container-servlet-core/2.33/jersey-container-servlet-core-2.33.jar:/home/runner/.m2/repository/org/glassfish/hk2/external/jakarta.inject/2.6.1/jakarta.inject-2.6.1.jar:/home/runner/.m2/repository/org/glassfish/jersey/core/jersey-common/2.33/jersey-common-2.33.jar:/home/runner/.m2/repository/jakarta/ws/rs/jakarta.ws.rs-api/2.1.6/jakarta.ws.rs-api-2.1.6.jar:/home/runner/.m2/repository/org/glassfish/jersey/ext/cdi/jersey-cdi1x/2.33/jersey-cdi1x-2.33.jar:/home/runner/.m2/repository/org/glassfish/jersey/inject/jersey-hk2/2.33/jersey-hk2-2.33.jar:/home/runner/.m2/repository/org/glassfish/hk2/hk2-locator/2.6.1/hk2-locator-2.6.1.jar:/home/runner/.m2/repository/org/glassfish/jersey/media/jersey-media-jaxb/2.33/jersey-media-jaxb-2.33.jar:/home/runner/.m2/repository/org/glassfish/hk2/osgi-resource-locator/1.0.3/osgi-resource-locator-1.0.3.jar:/home/runner/.m2/repository/org/glassfish/hk2/hk2-api/2.5.0/hk2-api-2.5.0.jar:/home/runner/.m2/repository/org/glassfish/hk2/hk2-utils/2.5.0/hk2-utils-2.5.0.jar:/home/runner/.m2/repository/org/glassfish/hk2/external/aopalliance-repackaged/2.5.0/aopalliance-repackaged-2.5.0.jar:/home/runner/.m2/repository/com/fasterxml/jackson/dataformat/jackson-dataformat-xml/2.13.2/jackson-dataformat-xml-2.13.2.jar:/home/runner/.m2/repository/com/fasterxml/jackson/core/jackson-core/2.13.2/jackson-core-2.13.2.jar:/home/runner/.m2/repository/org/codehaus/woodstox/stax2-api/3.1.4/stax2-api-3.1.4.jar:/home/runner/.m2/repository/com/fasterxml/woodstox/woodstox-core/5.0.3/woodstox-core-5.0.3.jar:/home/runner/.m2/repository/com/fasterxml/jackson/module/jackson-module-jaxb-annotations/2.13.2/jackson-module-jaxb-annotations-2.13.2.jar:/home/runner/.m2/repository/jakarta/xml/bind/jakarta.xml.bind-api/2.3.3/jakarta.xml.bind-api-2.3.3.jar:/home/runner/.m2/repository/jakarta/activation/jakarta.activation-api/1.2.1/jakarta.activation-api-1.2.1.jar:/home/runner/.m2/repository/javax/enterprise/cdi-api/1.2/cdi-api-1.2.jar:/home/runner/.m2/repository/javax/el/javax.el-api/3.0.0/javax.el-api-3.0.0.jar:/home/runner/.m2/repository/javax/interceptor/javax.interceptor-api/1.2/javax.interceptor-api-1.2.jar:/home/runner/.m2/repository/javax/inject/javax.inject/1/javax.inject-1.jar:/home/runner/.m2/repository/javax/xml/bind/jaxb-api/2.3.0/jaxb-api-2.3.0.jar:/home/runner/.m2/repository/org/glassfish/jaxb/jaxb-runtime/2.3.0.1/jaxb-runtime-2.3.0.1.jar:/home/runner/.m2/repository/org/glassfish/jaxb/jaxb-core/2.3.0.1/jaxb-core-2.3.0.1.jar:/home/runner/.m2/repository/org/glassfish/jaxb/txw2/2.3.0.1/txw2-2.3.0.1.jar:/home/runner/.m2/repository/com/sun/istack/istack-commons-runtime/3.0.5/istack-commons-runtime-3.0.5.jar:/home/runner/.m2/repository/org/jvnet/staxex/stax-ex/1.7.8/stax-ex-1.7.8.jar:/home/runner/.m2/repository/com/sun/xml/fastinfoset/FastInfoset/1.2.13/FastInfoset-1.2.13.jar:/home/runner/.m2/repository/javax/activation/activation/1.1.1/activation-1.1.1.jar:/home/runner/.m2/repository/io/grpc/grpc-protobuf/1.48.1/grpc-protobuf-1.48.1.jar:/home/runner/.m2/repository/io/grpc/grpc-api/1.48.1/grpc-api-1.48.1.jar:/home/runner/.m2/repository/io/grpc/grpc-context/1.48.1/grpc-context-1.48.1.jar:/home/runner/.m2/repository/com/google/api/grpc/proto-google-common-protos/2.9.0/proto-google-common-protos-2.9.0.jar:/home/runner/.m2/repository/io/grpc/grpc-protobuf-lite/1.48.1/grpc-protobuf-lite-1.48.1.jar:/home/runner/.m2/repository/io/grpc/grpc-stub/1.48.1/grpc-stub-1.48.1.jar:/home/runner/.m2/repository/io/netty/netty-transport/4.1.79.Final/netty-transport-4.1.79.Final.jar:/home/runner/.m2/repository/io/netty/netty-resolver/4.1.79.Final/netty-resolver-4.1.79.Final.jar:/home/runner/.m2/repository/org/apache/ozone/ozone-csi/1.3.0-SNAPSHOT/ozone-csi-1.3.0-SNAPSHOT.jar:/home/runner/.m2/repository/com/google/protobuf/protobuf-java-util/3.19.2/protobuf-java-util-3.19.2.jar:/home/runner/.m2/repository/com/google/code/gson/gson/2.9.0/gson-2.9.0.jar:/home/runner/.m2/repository/org/apache/ozone/hdds-config/1.3.0-SNAPSHOT/hdds-config-1.3.0-SNAPSHOT.jar:/home/runner/.m2/repository/io/netty/netty-transport-native-epoll/4.1.79.Final/netty-transport-native-epoll-4.1.79.Final-linux-x86_64.jar:/home/runner/.m2/repository/io/netty/netty-transport-classes-epoll/4.1.79.Final/netty-transport-classes-epoll-4.1.79.Final.jar:/home/runner/.m2/repository/io/netty/netty-transport-native-unix-common/4.1.79.Final/netty-transport-native-unix-common-4.1.79.Final.jar:/home/runner/.m2/repository/org/apache/ozone/ozone-recon/1.3.0-SNAPSHOT/ozone-recon-1.3.0-SNAPSHOT.jar:/home/runner/.m2/repository/org/apache/ozone/ozone-reconcodegen/1.3.0-SNAPSHOT/ozone-reconcodegen-1.3.0-SNAPSHOT.jar:/home/runner/.m2/repository/com/google/inject/extensions/guice-multibindings/4.0/guice-multibindings-4.0.jar:/home/runner/.m2/repository/com/google/inject/guice/4.0/guice-4.0.jar:/home/runner/.m2/repository/aopalliance/aopalliance/1.0/aopalliance-1.0.jar:/home/runner/.m2/repository/com/google/inject/extensions/guice-assistedinject/4.0/guice-assistedinject-4.0.jar:/home/runner/.m2/repository/com/google/inject/extensions/guice-servlet/4.0/guice-servlet-4.0.jar:/home/runner/.m2/repository/org/glassfish/jersey/containers/jersey-container-servlet/2.33/jersey-container-servlet-2.33.jar:/home/runner/.m2/repository/org/glassfish/hk2/guice-bridge/2.5.0/guice-bridge-2.5.0.jar:/home/runner/.m2/repository/org/glassfish/jersey/core/jersey-server/2.33/jersey-server-2.33.jar:/home/runner/.m2/repository/org/glassfish/jersey/core/jersey-client/2.33/jersey-client-2.33.jar:/home/runner/.m2/repository/jakarta/annotation/jakarta.annotation-api/1.3.5/jakarta.annotation-api-1.3.5.jar:/home/runner/.m2/repository/jakarta/validation/jakarta.validation-api/2.0.2/jakarta.validation-api-2.0.2.jar:/home/runner/.m2/repository/org/glassfish/jersey/media/jersey-media-json-jackson/2.33/jersey-media-json-jackson-2.33.jar:/home/runner/.m2/repository/org/glassfish/jersey/ext/jersey-entity-filtering/2.33/jersey-entity-filtering-2.33.jar:/home/runner/.m2/repository/org/jooq/jooq/3.11.10/jooq-3.11.10.jar:/home/runner/.m2/repository/org/jooq/jooq-meta/3.11.10/jooq-meta-3.11.10.jar:/home/runner/.m2/repository/org/jooq/jooq-codegen/3.11.10/jooq-codegen-3.11.10.jar:/home/runner/.m2/repository/com/jolbox/bonecp/0.8.0.RELEASE/bonecp-0.8.0.RELEASE.jar:/home/runner/.m2/repository/org/apache/derby/derby/10.14.2.0/derby-10.14.2.0.jar:/home/runner/.m2/repository/org/xerial/sqlite-jdbc/3.25.2/sqlite-jdbc-3.25.2.jar:/home/runner/.m2/repository/org/springframework/spring-jdbc/5.2.20.RELEASE/spring-jdbc-5.2.20.RELEASE.jar:/home/runner/.m2/repository/org/springframework/spring-beans/5.2.20.RELEASE/spring-beans-5.2.20.RELEASE.jar:/home/runner/.m2/repository/org/springframework/spring-core/5.2.20.RELEASE/spring-core-5.2.20.RELEASE.jar:/home/runner/.m2/repository/org/springframework/spring-jcl/5.2.20.RELEASE/spring-jcl-5.2.20.RELEASE.jar:/home/runner/.m2/repository/org/springframework/spring-tx/5.2.20.RELEASE/spring-tx-5.2.20.RELEASE.jar:/home/runner/.m2/repository/org/apache/ozone/ozone-client/1.3.0-SNAPSHOT/ozone-client-1.3.0-SNAPSHOT.jar:/home/runner/.m2/repository/org/apache/ozone/hdds-erasurecode/1.3.0-SNAPSHOT/hdds-erasurecode-1.3.0-SNAPSHOT.jar:/home/runner/.m2/repository/com/github/spotbugs/spotbugs-annotations/3.1.12/spotbugs-annotations-3.1.12.jar:/home/runner/.m2/repository/org/apache/ozone/ozone-filesystem/1.3.0-SNAPSHOT/ozone-filesystem-1.3.0-SNAPSHOT.jar:/home/runner/.m2/repository/org/apache/ozone/ozone-filesystem-common/1.3.0-SNAPSHOT/ozone-filesystem-common-1.3.0-SNAPSHOT.jar:/home/runner/.m2/repository/org/apache/ozone/ozone-tools/1.3.0-SNAPSHOT/ozone-tools-1.3.0-SNAPSHOT.jar:/home/runner/.m2/repository/org/apache/ratis/ratis-tools/2.3.0/ratis-tools-2.3.0.jar:/home/runner/.m2/repository/com/amazonaws/aws-java-sdk-core/1.12.261/aws-java-sdk-core-1.12.261.jar:/home/runner/.m2/repository/org/apache/httpcomponents/httpclient/4.5.13/httpclient-4.5.13.jar:/home/runner/.m2/repository/org/apache/httpcomponents/httpcore/4.4.13/httpcore-4.4.13.jar:/home/runner/.m2/repository/software/amazon/ion/ion-java/1.0.2/ion-java-1.0.2.jar:/home/runner/.m2/repository/com/fasterxml/jackson/dataformat/jackson-dataformat-cbor/2.13.2/jackson-dataformat-cbor-2.13.2.jar:/home/runner/.m2/repository/joda-time/joda-time/2.8.1/joda-time-2.8.1.jar:/home/runner/.m2/repository/com/amazonaws/aws-java-sdk-s3/1.12.261/aws-java-sdk-s3-1.12.261.jar:/home/runner/.m2/repository/com/amazonaws/aws-java-sdk-kms/1.12.261/aws-java-sdk-kms-1.12.261.jar:/home/runner/.m2/repository/com/amazonaws/jmespath-java/1.12.261/jmespath-java-1.12.261.jar:/home/runner/.m2/repository/org/kohsuke/metainf-services/metainf-services/1.8/metainf-services-1.8.jar:/home/runner/.m2/repository/org/apache/ozone/hdds-tools/1.3.0-SNAPSHOT/hdds-tools-1.3.0-SNAPSHOT.jar:/home/runner/.m2/repository/commons-cli/commons-cli/1.2/commons-cli-1.2.jar:/home/runner/.m2/repository/org/apache/commons/commons-lang3/3.7/commons-lang3-3.7.jar:/home/runner/.m2/repository/org/apache/ozone/ozone-manager/1.3.0-SNAPSHOT/ozone-manager-1.3.0-SNAPSHOT-tests.jar:/home/runner/.m2/repository/org/apache/ozone/hdds-common/1.3.0-SNAPSHOT/hdds-common-1.3.0-SNAPSHOT-tests.jar:/home/runner/.m2/repository/org/apache/ozone/hdds-hadoop-dependency-client/1.3.0-SNAPSHOT/hdds-hadoop-dependency-client-1.3.0-SNAPSHOT.jar:/home/runner/.m2/repository/info/picocli/picocli/4.6.1/picocli-4.6.1.jar:/home/runner/.m2/repository/com/fasterxml/jackson/core/jackson-annotations/2.13.2/jackson-annotations-2.13.2.jar:/home/runner/.m2/repository/com/fasterxml/jackson/datatype/jackson-datatype-jsr310/2.13.2/jackson-datatype-jsr310-2.13.2.jar:/home/runner/.m2/repository/org/apache/ozone/hdds-annotation-processing/1.3.0-SNAPSHOT/hdds-annotation-processing-1.3.0-SNAPSHOT.jar:/home/runner/.m2/repository/javax/annotation/javax.annotation-api/1.2/javax.annotation-api-1.2.jar:/home/runner/.m2/repository/org/apache/ratis/ratis-server/2.3.0/ratis-server-2.3.0.jar:/home/runner/.m2/repository/org/apache/ratis/ratis-client/2.3.0/ratis-client-2.3.0.jar:/home/runner/.m2/repository/org/apache/ratis/ratis-server-api/2.3.0/ratis-server-api-2.3.0.jar:/home/runner/.m2/repository/org/apache/ratis/ratis-metrics/2.3.0/ratis-metrics-2.3.0.jar:/home/runner/.m2/repository/org/apache/ratis/ratis-netty/2.3.0/ratis-netty-2.3.0.jar:/home/runner/.m2/repository/org/apache/ratis/ratis-grpc/2.3.0/ratis-grpc-2.3.0.jar:/home/runner/.m2/repository/org/apache/logging/log4j/log4j-api/2.17.1/log4j-api-2.17.1.jar:/home/runner/.m2/repository/org/apache/commons/commons-pool2/2.6.0/commons-pool2-2.6.0.jar:/home/runner/.m2/repository/org/bouncycastle/bcpkix-jdk15on/1.67/bcpkix-jdk15on-1.67.jar:/home/runner/.m2/repository/commons-validator/commons-validator/1.6/commons-validator-1.6.jar:/home/runner/.m2/repository/commons-beanutils/commons-beanutils/1.9.4/commons-beanutils-1.9.4.jar:/home/runner/.m2/repository/commons-digester/commons-digester/1.8.1/commons-digester-1.8.1.jar:/home/runner/.m2/repository/commons-collections/commons-collections/3.2.2/commons-collections-3.2.2.jar:/home/runner/.m2/repository/io/jaegertracing/jaeger-client/1.6.0/jaeger-client-1.6.0.jar:/home/runner/.m2/repository/io/jaegertracing/jaeger-thrift/1.6.0/jaeger-thrift-1.6.0.jar:/home/runner/.m2/repository/org/apache/thrift/libthrift/0.14.1/libthrift-0.14.1.jar:/home/runner/.m2/repository/com/squareup/okhttp3/okhttp/4.9.0/okhttp-4.9.0.jar:/home/runner/.m2/repository/com/squareup/okio/okio/2.8.0/okio-2.8.0.jar:/home/runner/.m2/repository/io/jaegertracing/jaeger-core/1.6.0/jaeger-core-1.6.0.jar:/home/runner/.m2/repository/io/jaegertracing/jaeger-tracerresolver/1.6.0/jaeger-tracerresolver-1.6.0.jar:/home/runner/.m2/repository/io/opentracing/contrib/opentracing-tracerresolver/0.1.8/opentracing-tracerresolver-0.1.8.jar:/home/runner/.m2/repository/org/jetbrains/kotlin/kotlin-stdlib/1.6.21/kotlin-stdlib-1.6.21.jar:/home/runner/.m2/repository/org/jetbrains/kotlin/kotlin-stdlib-common/1.6.21/kotlin-stdlib-common-1.6.21.jar:/home/runner/.m2/repository/org/jetbrains/annotations/13.0/annotations-13.0.jar:/home/runner/.m2/repository/io/opentracing/opentracing-util/0.33.0/opentracing-util-0.33.0.jar:/home/runner/.m2/repository/io/opentracing/opentracing-api/0.33.0/opentracing-api-0.33.0.jar:/home/runner/.m2/repository/io/opentracing/opentracing-noop/0.33.0/opentracing-noop-0.33.0.jar:/home/runner/.m2/repository/org/yaml/snakeyaml/1.26/snakeyaml-1.26.jar:/home/runner/.m2/repository/org/apache/ozone/hdds-interface-admin/1.3.0-SNAPSHOT/hdds-interface-admin-1.3.0-SNAPSHOT.jar:/home/runner/.m2/repository/junit/junit/4.13.1/junit-4.13.1.jar:/home/runner/.m2/repository/org/hamcrest/hamcrest-core/1.3/hamcrest-core-1.3.jar:/home/runner/.m2/repository/org/junit/jupiter/junit-jupiter-api/5.8.2/junit-jupiter-api-5.8.2.jar:/home/runner/.m2/repository/org/opentest4j/opentest4j/1.2.0/opentest4j-1.2.0.jar:/home/runner/.m2/repository/org/junit/platform/junit-platform-commons/1.8.2/junit-platform-commons-1.8.2.jar:/home/runner/.m2/repository/org/apiguardian/apiguardian-api/1.1.2/apiguardian-api-1.1.2.jar:/home/runner/.m2/repository/org/junit/jupiter/junit-jupiter-params/5.8.2/junit-jupiter-params-5.8.2.jar:/home/runner/.m2/repository/org/junit/jupiter/junit-jupiter-migrationsupport/5.8.2/junit-jupiter-migrationsupport-5.8.2.jar:/home/runner/.m2/repository/org/junit/jupiter/junit-jupiter-engine/5.8.2/junit-jupiter-engine-5.8.2.jar:/home/runner/.m2/repository/org/junit/platform/junit-platform-engine/1.8.2/junit-platform-engine-1.8.2.jar:/home/runner/.m2/repository/org/junit/vintage/junit-vintage-engine/5.8.2/junit-vintage-engine-5.8.2.jar:/home/runner/.m2/repository/org/junit/platform/junit-platform-launcher/1.8.2/junit-platform-launcher-1.8.2.jar:/home/runner/.m2/repository/org/mockito/mockito-core/2.28.2/mockito-core-2.28.2.jar:/home/runner/.m2/repository/net/bytebuddy/byte-buddy/1.9.10/byte-buddy-1.9.10.jar:/home/runner/.m2/repository/net/bytebuddy/byte-buddy-agent/1.9.10/byte-buddy-agent-1.9.10.jar:/home/runner/.m2/repository/org/objenesis/objenesis/1.0/objenesis-1.0.jar:/home/runner/.m2/repository/org/apache/hadoop/hadoop-kms/3.3.1/hadoop-kms-3.3.1.jar:/home/runner/.m2/repository/org/apache/hadoop/hadoop-auth/3.3.1/hadoop-auth-3.3.1.jar:/home/runner/.m2/repository/com/nimbusds/nimbus-jose-jwt/7.9/nimbus-jose-jwt-7.9.jar:/home/runner/.m2/repository/com/github/stephenc/jcip/jcip-annotations/1.0-1/jcip-annotations-1.0-1.jar:/home/runner/.m2/repository/net/minidev/json-smart/2.4.7/json-smart-2.4.7.jar:/home/runner/.m2/repository/net/minidev/accessors-smart/2.4.7/accessors-smart-2.4.7.jar:/home/runner/.m2/repository/org/ow2/asm/asm/5.0.4/asm-5.0.4.jar:/home/runner/.m2/repository/org/apache/zookeeper/zookeeper/3.5.6/zookeeper-3.5.6.jar:/home/runner/.m2/repository/org/apache/zookeeper/zookeeper-jute/3.5.6/zookeeper-jute-3.5.6.jar:/home/runner/.m2/repository/org/apache/yetus/audience-annotations/0.5.0/audience-annotations-0.5.0.jar:/home/runner/.m2/repository/org/apache/curator/curator-framework/4.2.0/curator-framework-4.2.0.jar:/home/runner/.m2/repository/org/apache/hadoop/thirdparty/hadoop-shaded-guava/1.1.1/hadoop-shaded-guava-1.1.1.jar:/home/runner/.m2/repository/com/sun/jersey/jersey-core/1.19/jersey-core-1.19.jar:/home/runner/.m2/repository/javax/ws/rs/jsr311-api/1.1.1/jsr311-api-1.1.1.jar:/home/runner/.m2/repository/com/sun/jersey/jersey-server/1.19/jersey-server-1.19.jar:/home/runner/.m2/repository/javax/servlet/javax.servlet-api/3.1.0/javax.servlet-api-3.1.0.jar:/home/runner/.m2/repository/org/eclipse/jetty/jetty-server/9.4.43.v20210629/jetty-server-9.4.43.v20210629.jar:/home/runner/.m2/repository/org/eclipse/jetty/jetty-http/9.4.43.v20210629/jetty-http-9.4.43.v20210629.jar:/home/runner/.m2/repository/org/eclipse/jetty/jetty-io/9.4.43.v20210629/jetty-io-9.4.43.v20210629.jar:/home/runner/.m2/repository/org/eclipse/jetty/jetty-webapp/9.4.43.v20210629/jetty-webapp-9.4.43.v20210629.jar:/home/runner/.m2/repository/org/eclipse/jetty/jetty-xml/9.4.43.v20210629/jetty-xml-9.4.43.v20210629.jar:/home/runner/.m2/repository/org/apache/hadoop/hadoop-common/3.3.1/hadoop-common-3.3.1.jar:/home/runner/.m2/repository/org/apache/commons/commons-math3/3.1.1/commons-math3-3.1.1.jar:/home/runner/.m2/repository/commons-net/commons-net/3.6/commons-net-3.6.jar:/home/runner/.m2/repository/com/sun/jersey/jersey-servlet/1.19/jersey-servlet-1.19.jar:/home/runner/.m2/repository/com/sun/jersey/jersey-json/1.19/jersey-json-1.19.jar:/home/runner/.m2/repository/org/codehaus/jettison/jettison/1.1/jettison-1.1.jar:/home/runner/.m2/repository/com/sun/xml/bind/jaxb-impl/2.2.3-1/jaxb-impl-2.2.3-1.jar:/home/runner/.m2/repository/org/codehaus/jackson/jackson-xc/1.9.2/jackson-xc-1.9.2.jar:/home/runner/.m2/repository/org/apache/commons/commons-configuration2/2.1.1/commons-configuration2-2.1.1.jar:/home/runner/.m2/repository/org/apache/commons/commons-text/1.4/commons-text-1.4.jar:/home/runner/.m2/repository/com/google/re2j/re2j/1.1/re2j-1.1.jar:/home/runner/.m2/repository/com/jcraft/jsch/0.1.54/jsch-0.1.54.jar:/home/runner/.m2/repository/org/apache/curator/curator-client/4.2.0/curator-client-4.2.0.jar:/home/runner/.m2/repository/org/apache/curator/curator-recipes/4.2.0/curator-recipes-4.2.0.jar:/home/runner/.m2/repository/org/apache/kerby/kerb-core/1.0.1/kerb-core-1.0.1.jar:/home/runner/.m2/repository/org/apache/kerby/kerby-pkix/1.0.1/kerby-pkix-1.0.1.jar:/home/runner/.m2/repository/org/apache/kerby/kerby-asn1/1.0.1/kerby-asn1-1.0.1.jar:/home/runner/.m2/repository/org/apache/kerby/kerby-util/1.0.1/kerby-util-1.0.1.jar:/home/runner/.m2/repository/dnsjava/dnsjava/2.1.7/dnsjava-2.1.7.jar:/home/runner/.m2/repository/org/xerial/snappy/snappy-java/1.1.8.2/snappy-java-1.1.8.2.jar:/home/runner/.m2/repository/org/slf4j/jul-to-slf4j/1.7.30/jul-to-slf4j-1.7.30.jar:/home/runner/.m2/repository/org/eclipse/jetty/jetty-util/9.4.43.v20210629/jetty-util-9.4.43.v20210629.jar:/home/runner/.m2/repository/com/fasterxml/jackson/core/jackson-databind/2.13.2.2/jackson-databind-2.13.2.2.jar:/home/runner/.m2/repository/org/apache/hadoop/hadoop-kms/3.3.1/hadoop-kms-3.3.1-tests.jar:/home/runner/.m2/repository/org/apache/ozone/hdds-server-scm/1.3.0-SNAPSHOT/hdds-server-scm-1.3.0-SNAPSHOT-tests.jar:/home/runner/.m2/repository/org/apache/ozone/hdds-container-service/1.3.0-SNAPSHOT/hdds-container-service-1.3.0-SNAPSHOT-tests.jar:/home/runner/.m2/repository/commons-codec/commons-codec/1.11/commons-codec-1.11.jar:/home/runner/.m2/repository/io/netty/netty-codec/4.1.79.Final/netty-codec-4.1.79.Final.jar:/home/runner/.m2/repository/io/netty/netty-handler/4.1.79.Final/netty-handler-4.1.79.Final.jar:/home/runner/.m2/repository/org/apache/ozone/hdds-hadoop-dependency-test/1.3.0-SNAPSHOT/hdds-hadoop-dependency-test-1.3.0-SNAPSHOT.jar:/home/runner/.m2/repository/org/apache/hadoop/hadoop-common/3.3.1/hadoop-common-3.3.1-tests.jar:/home/runner/.m2/repository/org/assertj/assertj-core/3.12.2/assertj-core-3.12.2.jar:/home/runner/.m2/repository/org/apache/hadoop/hadoop-hdfs/3.3.1/hadoop-hdfs-3.3.1-tests.jar:/home/runner/.m2/repository/org/eclipse/jetty/jetty-util-ajax/9.4.43.v20210629/jetty-util-ajax-9.4.43.v20210629.jar:/home/runner/.m2/repository/commons-daemon/commons-daemon/1.0.13/commons-daemon-1.0.13.jar:/home/runner/.m2/repository/io/netty/netty/3.10.6.Final/netty-3.10.6.Final.jar:/home/runner/.m2/repository/io/netty/netty-all/4.1.79.Final/netty-all-4.1.79.Final.jar:/home/runner/.m2/repository/io/netty/netty-codec-dns/4.1.79.Final/netty-codec-dns-4.1.79.Final.jar:/home/runner/.m2/repository/io/netty/netty-codec-haproxy/4.1.79.Final/netty-codec-haproxy-4.1.79.Final.jar:/home/runner/.m2/repository/io/netty/netty-codec-memcache/4.1.79.Final/netty-codec-memcache-4.1.79.Final.jar:/home/runner/.m2/repository/io/netty/netty-codec-mqtt/4.1.79.Final/netty-codec-mqtt-4.1.79.Final.jar:/home/runner/.m2/repository/io/netty/netty-codec-redis/4.1.79.Final/netty-codec-redis-4.1.79.Final.jar:/home/runner/.m2/repository/io/netty/netty-codec-smtp/4.1.79.Final/netty-codec-smtp-4.1.79.Final.jar:/home/runner/.m2/repository/io/netty/netty-codec-stomp/4.1.79.Final/netty-codec-stomp-4.1.79.Final.jar:/home/runner/.m2/repository/io/netty/netty-codec-xml/4.1.79.Final/netty-codec-xml-4.1.79.Final.jar:/home/runner/.m2/repository/io/netty/netty-resolver-dns/4.1.79.Final/netty-resolver-dns-4.1.79.Final.jar:/home/runner/.m2/repository/io/netty/netty-transport-rxtx/4.1.79.Final/netty-transport-rxtx-4.1.79.Final.jar:/home/runner/.m2/repository/io/netty/netty-transport-sctp/4.1.79.Final/netty-transport-sctp-4.1.79.Final.jar:/home/runner/.m2/repository/io/netty/netty-transport-udt/4.1.79.Final/netty-transport-udt-4.1.79.Final.jar:/home/runner/.m2/repository/io/netty/netty-transport-classes-kqueue/4.1.79.Final/netty-transport-classes-kqueue-4.1.79.Final.jar:/home/runner/.m2/repository/io/netty/netty-resolver-dns-classes-macos/4.1.79.Final/netty-resolver-dns-classes-macos-4.1.79.Final.jar:/home/runner/.m2/repository/io/netty/netty-transport-native-epoll/4.1.79.Final/netty-transport-native-epoll-4.1.79.Final-linux-aarch_64.jar:/home/runner/.m2/repository/io/netty/netty-transport-native-kqueue/4.1.79.Final/netty-transport-native-kqueue-4.1.79.Final-osx-x86_64.jar:/home/runner/.m2/repository/io/netty/netty-transport-native-kqueue/4.1.79.Final/netty-transport-native-kqueue-4.1.79.Final-osx-aarch_64.jar:/home/runner/.m2/repository/io/netty/netty-resolver-dns-native-macos/4.1.79.Final/netty-resolver-dns-native-macos-4.1.79.Final-osx-x86_64.jar:/home/runner/.m2/repository/io/netty/netty-resolver-dns-native-macos/4.1.79.Final/netty-resolver-dns-native-macos-4.1.79.Final-osx-aarch_64.jar:/home/runner/.m2/repository/org/apache/htrace/htrace-core4/4.1.0-incubating/htrace-core4-4.1.0-incubating.jar:/home/runner/.m2/repository/org/fusesource/leveldbjni/leveldbjni-all/1.8/leveldbjni-all-1.8.jar:/home/runner/.m2/repository/org/apache/hadoop/hadoop-distcp/3.3.1/hadoop-distcp-3.3.1.jar:/home/runner/.m2/repository/org/apache/hadoop/hadoop-mapreduce-client-jobclient/3.3.1/hadoop-mapreduce-client-jobclient-3.3.1.jar:/home/runner/.m2/repository/org/apache/hadoop/hadoop-mapreduce-client-common/3.3.1/hadoop-mapreduce-client-common-3.3.1.jar:/home/runner/.m2/repository/org/apache/hadoop/hadoop-yarn-common/3.3.1/hadoop-yarn-common-3.3.1.jar:/home/runner/.m2/repository/org/apache/hadoop/hadoop-yarn-api/3.3.1/hadoop-yarn-api-3.3.1.jar:/home/runner/.m2/repository/com/sun/jersey/contribs/jersey-guice/1.19/jersey-guice-1.19.jar:/home/runner/.m2/repository/com/fasterxml/jackson/jaxrs/jackson-jaxrs-json-provider/2.13.2/jackson-jaxrs-json-provider-2.13.2.jar:/home/runner/.m2/repository/com/fasterxml/jackson/jaxrs/jackson-jaxrs-base/2.13.2/jackson-jaxrs-base-2.13.2.jar:/home/runner/.m2/repository/org/apache/hadoop/hadoop-yarn-client/3.3.1/hadoop-yarn-client-3.3.1.jar:/home/runner/.m2/repository/org/eclipse/jetty/websocket/websocket-client/9.4.40.v20210413/websocket-client-9.4.40.v20210413.jar:/home/runner/.m2/repository/org/eclipse/jetty/websocket/websocket-common/9.4.40.v20210413/websocket-common-9.4.40.v20210413.jar:/home/runner/.m2/repository/org/eclipse/jetty/websocket/websocket-api/9.4.40.v20210413/websocket-api-9.4.40.v20210413.jar:/home/runner/.m2/repository/org/jline/jline/3.9.0/jline-3.9.0.jar:/home/runner/.m2/repository/org/apache/hadoop/hadoop-mapreduce-client-core/3.3.1/hadoop-mapreduce-client-core-3.3.1.jar:/home/runner/.m2/repository/org/apache/avro/avro/1.7.7/avro-1.7.7.jar:/home/runner/.m2/repository/org/codehaus/jackson/jackson-core-asl/1.9.13/jackson-core-asl-1.9.13.jar:/home/runner/.m2/repository/org/codehaus/jackson/jackson-mapper-asl/1.9.13/jackson-mapper-asl-1.9.13.jar:/home/runner/.m2/repository/com/thoughtworks/paranamer/paranamer/2.3/paranamer-2.3.jar:/home/runner/.m2/repository/org/apache/hadoop/hadoop-annotations/3.3.1/hadoop-annotations-3.3.1.jar:/opt/hostedtoolcache/jdk/8.0.345/x64/jre/../lib/tools.jar:/home/runner/.m2/repository/org/apache/hadoop/hadoop-distcp/3.3.1/hadoop-distcp-3.3.1-tests.jar:/home/runner/.m2/repository/org/apache/ratis/ratis-common/2.3.0/ratis-common-2.3.0.jar:/home/runner/.m2/repository/org/apache/ratis/ratis-thirdparty-misc/1.0.0/ratis-thirdparty-misc-1.0.0.jar:/home/runner/.m2/repository/org/apache/ratis/ratis-proto/2.3.0/ratis-proto-2.3.0.jar:"/>
    <property name="sun.cpu.endian" value="little"/>
    <property name="user.home" value="/home/runner"/>
    <property name="user.language" value="en"/>
    <property name="java.specification.vendor" value="Oracle Corporation"/>
    <property name="java.home" value="/opt/hostedtoolcache/jdk/8.0.345/x64/jre"/>
    <property name="java.security.krb5.conf" value="/home/runner/work/ozone/ozone/hadoop-ozone/integration-test/target/test-classes/krb5.conf"/>
    <property name="basedir" value="/home/runner/work/ozone/ozone/hadoop-ozone/integration-test"/>
    <property name="file.separator" value="/"/>
    <property name="line.separator" value="&#10;"/>
    <property name="jdk.vendor.version" value="Zulu 8.64.0.19-CA-linux64"/>
    <property name="java.vm.specification.vendor" value="Oracle Corporation"/>
    <property name="java.specification.name" value="Java Platform API Specification"/>
    <property name="java.awt.graphicsenv" value="sun.awt.X11GraphicsEnvironment"/>
    <property name="skip.installnpx" value="true"/>
    <property name="surefire.real.class.path" value="/home/runner/work/ozone/ozone/hadoop-ozone/integration-test/target/surefire/surefirebooter8540456858227339857.jar:/home/runner/.m2/repository/org/jacoco/org.jacoco.agent/0.8.5/org.jacoco.agent-0.8.5-runtime.jar"/>
    <property name="hadoop.log.dir" value="/home/runner/work/ozone/ozone/hadoop-ozone/integration-test/target/log"/>
    <property name="sun.boot.class.path" value="/opt/hostedtoolcache/jdk/8.0.345/x64/jre/lib/resources.jar:/opt/hostedtoolcache/jdk/8.0.345/x64/jre/lib/rt.jar:/opt/hostedtoolcache/jdk/8.0.345/x64/jre/lib/sunrsasign.jar:/opt/hostedtoolcache/jdk/8.0.345/x64/jre/lib/jsse.jar:/opt/hostedtoolcache/jdk/8.0.345/x64/jre/lib/jce.jar:/opt/hostedtoolcache/jdk/8.0.345/x64/jre/lib/charsets.jar:/opt/hostedtoolcache/jdk/8.0.345/x64/jre/lib/jfr.jar:/opt/hostedtoolcache/jdk/8.0.345/x64/jre/lib/cat.jar:/opt/hostedtoolcache/jdk/8.0.345/x64/jre/classes"/>
    <property name="sun.management.compiler" value="HotSpot 64-Bit Tiered Compilers"/>
    <property name="skip.npx" value="true"/>
    <property name="java.runtime.version" value="1.8.0_345-b01"/>
    <property name="java.net.preferIPv4Stack" value="true"/>
    <property name="user.name" value="runner"/>
    <property name="path.separator" value=":"/>
    <property name="java.security.egd" value="file:///dev/urandom"/>
    <property name="os.version" value="5.15.0-1017-azure"/>
    <property name="java.endorsed.dirs" value="/opt/hostedtoolcache/jdk/8.0.345/x64/jre/lib/endorsed"/>
    <property name="java.runtime.name" value="OpenJDK Runtime Environment"/>
    <property name="file.encoding" value="UTF-8"/>
    <property name="java.vm.name" value="OpenJDK 64-Bit Server VM"/>
    <property name="test.build.webapps" value=""/>
    <property name="localRepository" value="/home/runner/.m2/repository"/>
    <property name="jetty.git.hash" value="526006ecfa3af7f1a27ef3a288e2bef7ea9dd7e8"/>
    <property name="java.vendor.url.bug" value="http://www.azul.com/support/"/>
    <property name="java.io.tmpdir" value="/tmp"/>
    <property name="require.test.libhadoop" value=""/>
    <property name="java.version" value="1.8.0_345"/>
    <property name="user.dir" value="/home/runner/work/ozone/ozone/hadoop-ozone/integration-test"/>
    <property name="os.arch" value="amd64"/>
    <property name="java.vm.specification.name" value="Java Virtual Machine Specification"/>
    <property name="test.build.classes" value="/home/runner/work/ozone/ozone/hadoop-ozone/integration-test/target/test-classes"/>
    <property name="java.awt.printerjob" value="sun.print.PSPrinterJob"/>
    <property name="sun.os.patch.level" value="unknown"/>
    <property name="hadoop.tmp.dir" value="/home/runner/work/ozone/ozone/hadoop-ozone/integration-test/target/tmp"/>
    <property name="java.library.path" value="/usr/java/packages/lib/amd64:/usr/lib64:/lib64:/lib:/usr/lib"/>
    <property name="java.vm.info" value="mixed mode"/>
    <property name="java.vendor" value="Azul Systems, Inc."/>
    <property name="java.vm.version" value="25.345-b01"/>
    <property name="java.ext.dirs" value="/opt/hostedtoolcache/jdk/8.0.345/x64/jre/lib/ext:/usr/java/packages/lib/ext"/>
    <property name="sun.io.unicode.encoding" value="UnicodeLittle"/>
    <property name="java.class.version" value="52.0"/>
  </properties>
  <testcase name="testRatisLogParsing" classname="org.apache.hadoop.ozone.parser.TestOzoneHARatisLogParser" time="77.835">
    <error type="java.util.concurrent.TimeoutException"><![CDATA[java.util.concurrent.TimeoutException: 
Timed out waiting for condition. Thread diagnostics:
Timestamp: 2022-09-03 01:14:24,693

"FullTableCache Cleanup Thread - 0" daemon prio=5 tid=1143 in Object.wait()
java.lang.Thread.State: WAITING (on object monitor)
        at sun.misc.Unsafe.park(Native Method)
        at java.util.concurrent.locks.LockSupport.park(LockSupport.java:175)
        at java.util.concurrent.locks.AbstractQueuedSynchronizer$ConditionObject.await(AbstractQueuedSynchronizer.java:2044)
        at java.util.concurrent.LinkedBlockingQueue.take(LinkedBlockingQueue.java:442)
        at java.util.concurrent.ThreadPoolExecutor.getTask(ThreadPoolExecutor.java:1074)
        at java.util.concurrent.ThreadPoolExecutor.runWorker(ThreadPoolExecutor.java:1134)
        at java.util.concurrent.ThreadPoolExecutor$Worker.run(ThreadPoolExecutor.java:624)
        at java.lang.Thread.run(Thread.java:750)
"EndpointStateMachine task thread for /127.0.0.1:36917 - 0 "  prio=5 tid=881 blocked
java.lang.Thread.State: BLOCKED
        at org.apache.hadoop.ipc.Client$Connection.addCall(Client.java:522)
        at org.apache.hadoop.ipc.Client$Connection.access$3700(Client.java:414)
        at org.apache.hadoop.ipc.Client.getConnection(Client.java:1634)
        at org.apache.hadoop.ipc.Client.call(Client.java:1463)
        at org.apache.hadoop.ipc.Client.call(Client.java:1416)
        at org.apache.hadoop.ipc.ProtobufRpcEngine$Invoker.invoke(ProtobufRpcEngine.java:236)
        at org.apache.hadoop.ipc.ProtobufRpcEngine$Invoker.invoke(ProtobufRpcEngine.java:123)
        at com.sun.proxy.$Proxy51.submitRequest(Unknown Source)
        at org.apache.hadoop.ozone.protocolPB.StorageContainerDatanodeProtocolClientSideTranslatorPB.submitRequest(StorageContainerDatanodeProtocolClientSideTranslatorPB.java:117)
        at org.apache.hadoop.ozone.protocolPB.StorageContainerDatanodeProtocolClientSideTranslatorPB.sendHeartbeat(StorageContainerDatanodeProtocolClientSideTranslatorPB.java:149)
        at org.apache.hadoop.ozone.container.common.states.endpoint.HeartbeatEndpointTask.call(HeartbeatEndpointTask.java:185)
        at org.apache.hadoop.ozone.container.common.states.endpoint.HeartbeatEndpointTask.call(HeartbeatEndpointTask.java:87)
        at java.util.concurrent.FutureTask.run(FutureTask.java:266)
        at java.util.concurrent.ThreadPoolExecutor.runWorker(ThreadPoolExecutor.java:1149)
        at java.util.concurrent.ThreadPoolExecutor$Worker.run(ThreadPoolExecutor.java:624)
        at java.lang.Thread.run(Thread.java:750)
"UnderReplicatedQueueThreadThread" daemon prio=5 tid=383 timed_waiting
java.lang.Thread.State: TIMED_WAITING
        at java.lang.Object.wait(Native Method)
        at org.apache.hadoop.hdds.scm.ha.BackgroundSCMService.run(BackgroundSCMService.java:110)
        at org.apache.hadoop.hdds.scm.ha.BackgroundSCMService$$Lambda$675/1119053594.run(Unknown Source)
        at java.lang.Thread.run(Thread.java:750)
"Datanode ReportManager Thread - 2" daemon prio=5 tid=839 in Object.wait()
java.lang.Thread.State: WAITING (on object monitor)
        at sun.misc.Unsafe.park(Native Method)
        at java.util.concurrent.locks.LockSupport.park(LockSupport.java:175)
        at java.util.concurrent.locks.AbstractQueuedSynchronizer$ConditionObject.await(AbstractQueuedSynchronizer.java:2044)
        at java.util.concurrent.ScheduledThreadPoolExecutor$DelayedWorkQueue.take(ScheduledThreadPoolExecutor.java:1088)
        at java.util.concurrent.ScheduledThreadPoolExecutor$DelayedWorkQueue.take(ScheduledThreadPoolExecutor.java:809)
        at java.util.concurrent.ThreadPoolExecutor.getTask(ThreadPoolExecutor.java:1074)
        at java.util.concurrent.ThreadPoolExecutor.runWorker(ThreadPoolExecutor.java:1134)
        at java.util.concurrent.ThreadPoolExecutor$Worker.run(ThreadPoolExecutor.java:624)
        at java.lang.Thread.run(Thread.java:750)
"Datanode ReportManager Thread - 1" daemon prio=5 tid=806 in Object.wait()
java.lang.Thread.State: WAITING (on object monitor)
        at sun.misc.Unsafe.park(Native Method)
        at java.util.concurrent.locks.LockSupport.park(LockSupport.java:175)
        at java.util.concurrent.locks.AbstractQueuedSynchronizer$ConditionObject.await(AbstractQueuedSynchronizer.java:2044)
        at java.util.concurrent.ScheduledThreadPoolExecutor$DelayedWorkQueue.take(ScheduledThreadPoolExecutor.java:1088)
        at java.util.concurrent.ScheduledThreadPoolExecutor$DelayedWorkQueue.take(ScheduledThreadPoolExecutor.java:809)
        at java.util.concurrent.ThreadPoolExecutor.getTask(ThreadPoolExecutor.java:1074)
        at java.util.concurrent.ThreadPoolExecutor.runWorker(ThreadPoolExecutor.java:1134)
        at java.util.concurrent.ThreadPoolExecutor$Worker.run(ThreadPoolExecutor.java:624)
        at java.lang.Thread.run(Thread.java:750)
"Datanode ReportManager Thread - 1" daemon prio=5 tid=838 in Object.wait()
java.lang.Thread.State: WAITING (on object monitor)
        at sun.misc.Unsafe.park(Native Method)
        at java.util.concurrent.locks.LockSupport.park(LockSupport.java:175)
        at java.util.concurrent.locks.AbstractQueuedSynchronizer$ConditionObject.await(AbstractQueuedSynchronizer.java:2044)
        at java.util.concurrent.ScheduledThreadPoolExecutor$DelayedWorkQueue.take(ScheduledThreadPoolExecutor.java:1088)
        at java.util.concurrent.ScheduledThreadPoolExecutor$DelayedWorkQueue.take(ScheduledThreadPoolExecutor.java:809)
        at java.util.concurrent.ThreadPoolExecutor.getTask(ThreadPoolExecutor.java:1074)
        at java.util.concurrent.ThreadPoolExecutor.runWorker(ThreadPoolExecutor.java:1134)
        at java.util.concurrent.ThreadPoolExecutor$Worker.run(ThreadPoolExecutor.java:624)
        at java.lang.Thread.run(Thread.java:750)
"SSL Certificates Store Monitor" daemon prio=5 tid=605 in Object.wait()
java.lang.Thread.State: WAITING (on object monitor)
        at java.lang.Object.wait(Native Method)
        at java.lang.Object.wait(Object.java:502)
        at java.util.TimerThread.mainLoop(Timer.java:526)
        at java.util.TimerThread.run(Timer.java:505)
"Datanode ReportManager Thread - 3" daemon prio=5 tid=840 in Object.wait()
java.lang.Thread.State: WAITING (on object monitor)
        at sun.misc.Unsafe.park(Native Method)
        at java.util.concurrent.locks.LockSupport.park(LockSupport.java:175)
        at java.util.concurrent.locks.AbstractQueuedSynchronizer$ConditionObject.await(AbstractQueuedSynchronizer.java:2044)
        at java.util.concurrent.ScheduledThreadPoolExecutor$DelayedWorkQueue.take(ScheduledThreadPoolExecutor.java:1088)
        at java.util.concurrent.ScheduledThreadPoolExecutor$DelayedWorkQueue.take(ScheduledThreadPoolExecutor.java:809)
        at java.util.concurrent.ThreadPoolExecutor.getTask(ThreadPoolExecutor.java:1074)
        at java.util.concurrent.ThreadPoolExecutor.runWorker(ThreadPoolExecutor.java:1134)
        at java.util.concurrent.ThreadPoolExecutor$Worker.run(ThreadPoolExecutor.java:624)
        at java.lang.Thread.run(Thread.java:750)
"Datanode ReportManager Thread - 1" daemon prio=5 tid=864 in Object.wait()
java.lang.Thread.State: WAITING (on object monitor)
        at sun.misc.Unsafe.park(Native Method)
        at java.util.concurrent.locks.LockSupport.park(LockSupport.java:175)
        at java.util.concurrent.locks.AbstractQueuedSynchronizer$ConditionObject.await(AbstractQueuedSynchronizer.java:2044)
        at java.util.concurrent.ScheduledThreadPoolExecutor$DelayedWorkQueue.take(ScheduledThreadPoolExecutor.java:1088)
        at java.util.concurrent.ScheduledThreadPoolExecutor$DelayedWorkQueue.take(ScheduledThreadPoolExecutor.java:809)
        at java.util.concurrent.ThreadPoolExecutor.getTask(ThreadPoolExecutor.java:1074)
        at java.util.concurrent.ThreadPoolExecutor.runWorker(ThreadPoolExecutor.java:1134)
        at java.util.concurrent.ThreadPoolExecutor$Worker.run(ThreadPoolExecutor.java:624)
        at java.lang.Thread.run(Thread.java:750)
"Datanode ReportManager Thread - 4" daemon prio=5 tid=841 in Object.wait()
java.lang.Thread.State: WAITING (on object monitor)
        at sun.misc.Unsafe.park(Native Method)
        at java.util.concurrent.locks.LockSupport.park(LockSupport.java:175)
        at java.util.concurrent.locks.AbstractQueuedSynchronizer$ConditionObject.await(AbstractQueuedSynchronizer.java:2044)
        at java.util.concurrent.ScheduledThreadPoolExecutor$DelayedWorkQueue.take(ScheduledThreadPoolExecutor.java:1088)
        at java.util.concurrent.ScheduledThreadPoolExecutor$DelayedWorkQueue.take(ScheduledThreadPoolExecutor.java:809)
        at java.util.concurrent.ThreadPoolExecutor.getTask(ThreadPoolExecutor.java:1074)
        at java.util.concurrent.ThreadPoolExecutor.runWorker(ThreadPoolExecutor.java:1134)
        at java.util.concurrent.ThreadPoolExecutor$Worker.run(ThreadPoolExecutor.java:624)
        at java.lang.Thread.run(Thread.java:750)
"UnderReplicatedQueueThreadThread" daemon prio=5 tid=34 timed_waiting
java.lang.Thread.State: TIMED_WAITING
        at java.lang.Object.wait(Native Method)
        at org.apache.hadoop.hdds.scm.ha.BackgroundSCMService.run(BackgroundSCMService.java:110)
        at org.apache.hadoop.hdds.scm.ha.BackgroundSCMService$$Lambda$675/1119053594.run(Unknown Source)
        at java.lang.Thread.run(Thread.java:750)
"org.apache.hadoop.ozone.container.common.statemachine.commandhandler.DeleteBlocksCommandHandler$DeleteCmdWorker@e88c943" daemon prio=5 tid=819 runnable
java.lang.Thread.State: RUNNABLE
        at java.lang.Thread.sleep(Native Method)
        at org.apache.hadoop.ozone.container.common.statemachine.commandhandler.DeleteBlocksCommandHandler$DeleteCmdWorker.run(DeleteBlocksCommandHandler.java:185)
        at java.lang.Thread.run(Thread.java:750)
"OverReplicatedQueueThreadThread" daemon prio=5 tid=499 timed_waiting
java.lang.Thread.State: TIMED_WAITING
        at java.lang.Object.wait(Native Method)
        at org.apache.hadoop.hdds.scm.ha.BackgroundSCMService.run(BackgroundSCMService.java:110)
        at org.apache.hadoop.hdds.scm.ha.BackgroundSCMService$$Lambda$675/1119053594.run(Unknown Source)
        at java.lang.Thread.run(Thread.java:750)
"ExpiredContainerReplicaOpScrubberThread" daemon prio=5 tid=32 timed_waiting
java.lang.Thread.State: TIMED_WAITING
        at java.lang.Object.wait(Native Method)
        at org.apache.hadoop.hdds.scm.ha.BackgroundSCMService.run(BackgroundSCMService.java:110)
        at org.apache.hadoop.hdds.scm.ha.BackgroundSCMService$$Lambda$675/1119053594.run(Unknown Source)
        at java.lang.Thread.run(Thread.java:750)
"EndpointStateMachine task thread for /127.0.0.1:36917 - 0 "  prio=5 tid=904 timed_waiting
java.lang.Thread.State: TIMED_WAITING
        at java.lang.Thread.sleep(Native Method)
        at org.apache.hadoop.ipc.Client$Connection.handleConnectionFailure(Client.java:972)
        at org.apache.hadoop.ipc.Client$Connection.setupConnection(Client.java:724)
        at org.apache.hadoop.ipc.Client$Connection.setupIOstreams(Client.java:822)
        at org.apache.hadoop.ipc.Client$Connection.access$3800(Client.java:414)
        at org.apache.hadoop.ipc.Client.getConnection(Client.java:1647)
        at org.apache.hadoop.ipc.Client.call(Client.java:1463)
        at org.apache.hadoop.ipc.Client.call(Client.java:1416)
        at org.apache.hadoop.ipc.ProtobufRpcEngine$Invoker.invoke(ProtobufRpcEngine.java:236)
        at org.apache.hadoop.ipc.ProtobufRpcEngine$Invoker.invoke(ProtobufRpcEngine.java:123)
        at com.sun.proxy.$Proxy51.submitRequest(Unknown Source)
        at org.apache.hadoop.ozone.protocolPB.StorageContainerDatanodeProtocolClientSideTranslatorPB.submitRequest(StorageContainerDatanodeProtocolClientSideTranslatorPB.java:117)
        at org.apache.hadoop.ozone.protocolPB.StorageContainerDatanodeProtocolClientSideTranslatorPB.sendHeartbeat(StorageContainerDatanodeProtocolClientSideTranslatorPB.java:149)
        at org.apache.hadoop.ozone.container.common.states.endpoint.HeartbeatEndpointTask.call(HeartbeatEndpointTask.java:185)
        at org.apache.hadoop.ozone.container.common.states.endpoint.HeartbeatEndpointTask.call(HeartbeatEndpointTask.java:87)
        at java.util.concurrent.FutureTask.run(FutureTask.java:266)
        at java.util.concurrent.ThreadPoolExecutor.runWorker(ThreadPoolExecutor.java:1149)
        at java.util.concurrent.ThreadPoolExecutor$Worker.run(ThreadPoolExecutor.java:624)
        at java.lang.Thread.run(Thread.java:750)
"OverReplicatedQueueThreadThread" daemon prio=5 tid=384 timed_waiting
java.lang.Thread.State: TIMED_WAITING
        at java.lang.Object.wait(Native Method)
        at org.apache.hadoop.hdds.scm.ha.BackgroundSCMService.run(BackgroundSCMService.java:110)
        at org.apache.hadoop.hdds.scm.ha.BackgroundSCMService$$Lambda$675/1119053594.run(Unknown Source)
        at java.lang.Thread.run(Thread.java:750)
"Reference Handler" daemon prio=10 tid=2 in Object.wait()
java.lang.Thread.State: WAITING (on object monitor)
        at java.lang.Object.wait(Native Method)
        at java.lang.Object.wait(Object.java:502)
        at java.lang.ref.Reference.tryHandlePending(Reference.java:191)
        at java.lang.ref.Reference$ReferenceHandler.run(Reference.java:153)
"Listener at 127.0.0.1/44253" daemon prio=5 tid=12 runnable
java.lang.Thread.State: RUNNABLE
        at java.lang.Thread.dumpThreads(Native Method)
        at java.lang.Thread.getAllStackTraces(Thread.java:1615)
        at org.apache.ozone.test.TimedOutTestsListener.buildThreadDump(TimedOutTestsListener.java:93)
        at org.apache.ozone.test.TimedOutTestsListener.buildThreadDiagnosticString(TimedOutTestsListener.java:79)
        at org.apache.ozone.test.GenericTestUtils.waitFor(GenericTestUtils.java:224)
        at org.apache.hadoop.ozone.parser.TestOzoneHARatisLogParser.testRatisLogParsing(TestOzoneHARatisLogParser.java:129)
        at sun.reflect.NativeMethodAccessorImpl.invoke0(Native Method)
        at sun.reflect.NativeMethodAccessorImpl.invoke(NativeMethodAccessorImpl.java:62)
        at sun.reflect.DelegatingMethodAccessorImpl.invoke(DelegatingMethodAccessorImpl.java:43)
        at java.lang.reflect.Method.invoke(Method.java:498)
        at org.junit.runners.model.FrameworkMethod$1.runReflectiveCall(FrameworkMethod.java:59)
        at org.junit.internal.runners.model.ReflectiveCallable.run(ReflectiveCallable.java:12)
        at org.junit.runners.model.FrameworkMethod.invokeExplosively(FrameworkMethod.java:56)
        at org.junit.internal.runners.statements.InvokeMethod.evaluate(InvokeMethod.java:17)
        at org.junit.internal.runners.statements.RunBefores.evaluate(RunBefores.java:26)
        at org.junit.internal.runners.statements.RunAfters.evaluate(RunAfters.java:27)
        at org.junit.internal.runners.statements.FailOnTimeout$CallableStatement.call(FailOnTimeout.java:288)
        at org.junit.internal.runners.statements.FailOnTimeout$CallableStatement.call(FailOnTimeout.java:282)
        at java.util.concurrent.FutureTask.run(FutureTask.java:266)
        at java.lang.Thread.run(Thread.java:750)
"Datanode ReportManager Thread - 0" daemon prio=5 tid=805 timed_waiting
java.lang.Thread.State: TIMED_WAITING
        at sun.misc.Unsafe.park(Native Method)
        at java.util.concurrent.locks.LockSupport.parkNanos(LockSupport.java:215)
        at java.util.concurrent.locks.AbstractQueuedSynchronizer$ConditionObject.awaitNanos(AbstractQueuedSynchronizer.java:2083)
        at java.util.concurrent.ScheduledThreadPoolExecutor$DelayedWorkQueue.take(ScheduledThreadPoolExecutor.java:1093)
        at java.util.concurrent.ScheduledThreadPoolExecutor$DelayedWorkQueue.take(ScheduledThreadPoolExecutor.java:809)
        at java.util.concurrent.ThreadPoolExecutor.getTask(ThreadPoolExecutor.java:1074)
        at java.util.concurrent.ThreadPoolExecutor.runWorker(ThreadPoolExecutor.java:1134)
        at java.util.concurrent.ThreadPoolExecutor$Worker.run(ThreadPoolExecutor.java:624)
        at java.lang.Thread.run(Thread.java:750)
"UnderReplicatedQueueThreadThread" daemon prio=5 tid=498 timed_waiting
java.lang.Thread.State: TIMED_WAITING
        at java.lang.Object.wait(Native Method)
        at org.apache.hadoop.hdds.scm.ha.BackgroundSCMService.run(BackgroundSCMService.java:110)
        at org.apache.hadoop.hdds.scm.ha.BackgroundSCMService$$Lambda$675/1119053594.run(Unknown Source)
        at java.lang.Thread.run(Thread.java:750)
"FullTableCache Cleanup Thread - 0" daemon prio=5 tid=1141 in Object.wait()
java.lang.Thread.State: WAITING (on object monitor)
        at sun.misc.Unsafe.park(Native Method)
        at java.util.concurrent.locks.LockSupport.park(LockSupport.java:175)
        at java.util.concurrent.locks.AbstractQueuedSynchronizer$ConditionObject.await(AbstractQueuedSynchronizer.java:2044)
        at java.util.concurrent.LinkedBlockingQueue.take(LinkedBlockingQueue.java:442)
        at java.util.concurrent.ThreadPoolExecutor.getTask(ThreadPoolExecutor.java:1074)
        at java.util.concurrent.ThreadPoolExecutor.runWorker(ThreadPoolExecutor.java:1134)
        at java.util.concurrent.ThreadPoolExecutor$Worker.run(ThreadPoolExecutor.java:624)
        at java.lang.Thread.run(Thread.java:750)
"surefire-forkedjvm-command-thread" daemon prio=5 tid=10 runnable
java.lang.Thread.State: RUNNABLE
        at java.io.FileInputStream.readBytes(Native Method)
        at java.io.FileInputStream.read(FileInputStream.java:255)
        at java.io.BufferedInputStream.read1(BufferedInputStream.java:284)
        at java.io.BufferedInputStream.read(BufferedInputStream.java:345)
        at java.io.BufferedInputStream.fill(BufferedInputStream.java:246)
        at java.io.BufferedInputStream.read1(BufferedInputStream.java:286)
        at java.io.BufferedInputStream.read(BufferedInputStream.java:345)
        at org.apache.maven.surefire.api.util.internal.Channels$3.readImpl(Channels.java:214)
        at org.apache.maven.surefire.api.util.internal.AbstractNoninterruptibleReadableChannel.read(AbstractNoninterruptibleReadableChannel.java:54)
        at org.apache.maven.surefire.booter.spi.LegacyMasterProcessChannelDecoder.decode(LegacyMasterProcessChannelDecoder.java:80)
        at org.apache.maven.surefire.booter.CommandReader$CommandRunnable.run(CommandReader.java:343)
        at java.lang.Thread.run(Thread.java:750)
"Datanode ReportManager Thread - 4" daemon prio=5 tid=809 in Object.wait()
java.lang.Thread.State: WAITING (on object monitor)
        at sun.misc.Unsafe.park(Native Method)
        at java.util.concurrent.locks.LockSupport.park(LockSupport.java:175)
        at java.util.concurrent.locks.AbstractQueuedSynchronizer$ConditionObject.await(AbstractQueuedSynchronizer.java:2044)
        at java.util.concurrent.ScheduledThreadPoolExecutor$DelayedWorkQueue.take(ScheduledThreadPoolExecutor.java:1088)
        at java.util.concurrent.ScheduledThreadPoolExecutor$DelayedWorkQueue.take(ScheduledThreadPoolExecutor.java:809)
        at java.util.concurrent.ThreadPoolExecutor.getTask(ThreadPoolExecutor.java:1074)
        at java.util.concurrent.ThreadPoolExecutor.runWorker(ThreadPoolExecutor.java:1134)
        at java.util.concurrent.ThreadPoolExecutor$Worker.run(ThreadPoolExecutor.java:624)
        at java.lang.Thread.run(Thread.java:750)
"IPC Parameter Sending Thread #2" daemon prio=5 tid=887 timed_waiting
java.lang.Thread.State: TIMED_WAITING
        at sun.misc.Unsafe.park(Native Method)
        at java.util.concurrent.locks.LockSupport.parkNanos(LockSupport.java:215)
        at java.util.concurrent.SynchronousQueue$TransferStack.awaitFulfill(SynchronousQueue.java:460)
        at java.util.concurrent.SynchronousQueue$TransferStack.transfer(SynchronousQueue.java:362)
        at java.util.concurrent.SynchronousQueue.poll(SynchronousQueue.java:941)
        at java.util.concurrent.ThreadPoolExecutor.getTask(ThreadPoolExecutor.java:1073)
        at java.util.concurrent.ThreadPoolExecutor.runWorker(ThreadPoolExecutor.java:1134)
        at java.util.concurrent.ThreadPoolExecutor$Worker.run(ThreadPoolExecutor.java:624)
        at java.lang.Thread.run(Thread.java:750)
"ExpiredContainerReplicaOpScrubberThread" daemon prio=5 tid=496 timed_waiting
java.lang.Thread.State: TIMED_WAITING
        at java.lang.Object.wait(Native Method)
        at org.apache.hadoop.hdds.scm.ha.BackgroundSCMService.run(BackgroundSCMService.java:110)
        at org.apache.hadoop.hdds.scm.ha.BackgroundSCMService$$Lambda$675/1119053594.run(Unknown Source)
        at java.lang.Thread.run(Thread.java:750)
"Datanode ReportManager Thread - 3" daemon prio=5 tid=808 in Object.wait()
java.lang.Thread.State: WAITING (on object monitor)
        at sun.misc.Unsafe.park(Native Method)
        at java.util.concurrent.locks.LockSupport.park(LockSupport.java:175)
        at java.util.concurrent.locks.AbstractQueuedSynchronizer$ConditionObject.await(AbstractQueuedSynchronizer.java:2044)
        at java.util.concurrent.ScheduledThreadPoolExecutor$DelayedWorkQueue.take(ScheduledThreadPoolExecutor.java:1088)
        at java.util.concurrent.ScheduledThreadPoolExecutor$DelayedWorkQueue.take(ScheduledThreadPoolExecutor.java:809)
        at java.util.concurrent.ThreadPoolExecutor.getTask(ThreadPoolExecutor.java:1074)
        at java.util.concurrent.ThreadPoolExecutor.runWorker(ThreadPoolExecutor.java:1134)
        at java.util.concurrent.ThreadPoolExecutor$Worker.run(ThreadPoolExecutor.java:624)
        at java.lang.Thread.run(Thread.java:750)
"FullTableCache Cleanup Thread - 0" daemon prio=5 tid=1136 in Object.wait()
java.lang.Thread.State: WAITING (on object monitor)
        at sun.misc.Unsafe.park(Native Method)
        at java.util.concurrent.locks.LockSupport.park(LockSupport.java:175)
        at java.util.concurrent.locks.AbstractQueuedSynchronizer$ConditionObject.await(AbstractQueuedSynchronizer.java:2044)
        at java.util.concurrent.LinkedBlockingQueue.take(LinkedBlockingQueue.java:442)
        at java.util.concurrent.ThreadPoolExecutor.getTask(ThreadPoolExecutor.java:1074)
        at java.util.concurrent.ThreadPoolExecutor.runWorker(ThreadPoolExecutor.java:1134)
        at java.util.concurrent.ThreadPoolExecutor$Worker.run(ThreadPoolExecutor.java:624)
        at java.lang.Thread.run(Thread.java:750)
"EndpointStateMachine task thread for /127.0.0.1:44975 - 0 "  prio=5 tid=933 timed_waiting
java.lang.Thread.State: TIMED_WAITING
        at java.lang.Thread.sleep(Native Method)
        at org.apache.hadoop.ipc.Client$Connection.handleConnectionFailure(Client.java:972)
        at org.apache.hadoop.ipc.Client$Connection.setupConnection(Client.java:724)
        at org.apache.hadoop.ipc.Client$Connection.setupIOstreams(Client.java:822)
        at org.apache.hadoop.ipc.Client$Connection.access$3800(Client.java:414)
        at org.apache.hadoop.ipc.Client.getConnection(Client.java:1647)
        at org.apache.hadoop.ipc.Client.call(Client.java:1463)
        at org.apache.hadoop.ipc.Client.call(Client.java:1416)
        at org.apache.hadoop.ipc.ProtobufRpcEngine$Invoker.invoke(ProtobufRpcEngine.java:236)
        at org.apache.hadoop.ipc.ProtobufRpcEngine$Invoker.invoke(ProtobufRpcEngine.java:123)
        at com.sun.proxy.$Proxy51.submitRequest(Unknown Source)
        at org.apache.hadoop.ozone.protocolPB.StorageContainerDatanodeProtocolClientSideTranslatorPB.submitRequest(StorageContainerDatanodeProtocolClientSideTranslatorPB.java:117)
        at org.apache.hadoop.ozone.protocolPB.StorageContainerDatanodeProtocolClientSideTranslatorPB.sendHeartbeat(StorageContainerDatanodeProtocolClientSideTranslatorPB.java:149)
        at org.apache.hadoop.ozone.container.common.states.endpoint.HeartbeatEndpointTask.call(HeartbeatEndpointTask.java:185)
        at org.apache.hadoop.ozone.container.common.states.endpoint.HeartbeatEndpointTask.call(HeartbeatEndpointTask.java:87)
        at java.util.concurrent.FutureTask.run(FutureTask.java:266)
        at java.util.concurrent.ThreadPoolExecutor.runWorker(ThreadPoolExecutor.java:1149)
        at java.util.concurrent.ThreadPoolExecutor$Worker.run(ThreadPoolExecutor.java:624)
        at java.lang.Thread.run(Thread.java:750)
"EndpointStateMachine task thread for /127.0.0.1:41659 - 0 "  prio=5 tid=935 blocked
java.lang.Thread.State: BLOCKED
        at org.apache.hadoop.ipc.Client$Connection.addCall(Client.java:522)
        at org.apache.hadoop.ipc.Client$Connection.access$3700(Client.java:414)
        at org.apache.hadoop.ipc.Client.getConnection(Client.java:1634)
        at org.apache.hadoop.ipc.Client.call(Client.java:1463)
        at org.apache.hadoop.ipc.Client.call(Client.java:1416)
        at org.apache.hadoop.ipc.ProtobufRpcEngine$Invoker.invoke(ProtobufRpcEngine.java:236)
        at org.apache.hadoop.ipc.ProtobufRpcEngine$Invoker.invoke(ProtobufRpcEngine.java:123)
        at com.sun.proxy.$Proxy51.submitRequest(Unknown Source)
        at org.apache.hadoop.ozone.protocolPB.StorageContainerDatanodeProtocolClientSideTranslatorPB.submitRequest(StorageContainerDatanodeProtocolClientSideTranslatorPB.java:117)
        at org.apache.hadoop.ozone.protocolPB.StorageContainerDatanodeProtocolClientSideTranslatorPB.sendHeartbeat(StorageContainerDatanodeProtocolClientSideTranslatorPB.java:149)
        at org.apache.hadoop.ozone.container.common.states.endpoint.HeartbeatEndpointTask.call(HeartbeatEndpointTask.java:185)
        at org.apache.hadoop.ozone.container.common.states.endpoint.HeartbeatEndpointTask.call(HeartbeatEndpointTask.java:87)
        at java.util.concurrent.FutureTask.run(FutureTask.java:266)
        at java.util.concurrent.ThreadPoolExecutor.runWorker(ThreadPoolExecutor.java:1149)
        at java.util.concurrent.ThreadPoolExecutor$Worker.run(ThreadPoolExecutor.java:624)
        at java.lang.Thread.run(Thread.java:750)
"OverReplicatedQueueThreadThread" daemon prio=5 tid=35 timed_waiting
java.lang.Thread.State: TIMED_WAITING
        at java.lang.Object.wait(Native Method)
        at org.apache.hadoop.hdds.scm.ha.BackgroundSCMService.run(BackgroundSCMService.java:110)
        at org.apache.hadoop.hdds.scm.ha.BackgroundSCMService$$Lambda$675/1119053594.run(Unknown Source)
        at java.lang.Thread.run(Thread.java:750)
"java.util.concurrent.ThreadPoolExecutor$Worker@1f51ae7[State = -1, empty queue]" daemon prio=5 tid=1053 timed_waiting
java.lang.Thread.State: TIMED_WAITING
        at sun.misc.Unsafe.park(Native Method)
        at java.util.concurrent.locks.LockSupport.parkNanos(LockSupport.java:215)
        at java.util.concurrent.locks.AbstractQueuedSynchronizer$ConditionObject.awaitNanos(AbstractQueuedSynchronizer.java:2083)
        at java.util.concurrent.ScheduledThreadPoolExecutor$DelayedWorkQueue.take(ScheduledThreadPoolExecutor.java:1093)
        at java.util.concurrent.ScheduledThreadPoolExecutor$DelayedWorkQueue.take(ScheduledThreadPoolExecutor.java:809)
        at java.util.concurrent.ThreadPoolExecutor.getTask(ThreadPoolExecutor.java:1074)
        at java.util.concurrent.ThreadPoolExecutor.runWorker(ThreadPoolExecutor.java:1134)
        at java.util.concurrent.ThreadPoolExecutor$Worker.run(ThreadPoolExecutor.java:624)
        at java.lang.Thread.run(Thread.java:750)
"EndpointStateMachine task thread for /127.0.0.1:41659 - 0 "  prio=5 tid=905 blocked
java.lang.Thread.State: BLOCKED
        at org.apache.hadoop.ipc.Client$Connection.addCall(Client.java:522)
        at org.apache.hadoop.ipc.Client$Connection.access$3700(Client.java:414)
        at org.apache.hadoop.ipc.Client.getConnection(Client.java:1634)
        at org.apache.hadoop.ipc.Client.call(Client.java:1463)
        at org.apache.hadoop.ipc.Client.call(Client.java:1416)
        at org.apache.hadoop.ipc.ProtobufRpcEngine$Invoker.invoke(ProtobufRpcEngine.java:236)
        at org.apache.hadoop.ipc.ProtobufRpcEngine$Invoker.invoke(ProtobufRpcEngine.java:123)
        at com.sun.proxy.$Proxy51.submitRequest(Unknown Source)
        at org.apache.hadoop.ozone.protocolPB.StorageContainerDatanodeProtocolClientSideTranslatorPB.submitRequest(StorageContainerDatanodeProtocolClientSideTranslatorPB.java:117)
        at org.apache.hadoop.ozone.protocolPB.StorageContainerDatanodeProtocolClientSideTranslatorPB.sendHeartbeat(StorageContainerDatanodeProtocolClientSideTranslatorPB.java:149)
        at org.apache.hadoop.ozone.container.common.states.endpoint.HeartbeatEndpointTask.call(HeartbeatEndpointTask.java:185)
        at org.apache.hadoop.ozone.container.common.states.endpoint.HeartbeatEndpointTask.call(HeartbeatEndpointTask.java:87)
        at java.util.concurrent.FutureTask.run(FutureTask.java:266)
        at java.util.concurrent.ThreadPoolExecutor.runWorker(ThreadPoolExecutor.java:1149)
        at java.util.concurrent.ThreadPoolExecutor$Worker.run(ThreadPoolExecutor.java:624)
        at java.lang.Thread.run(Thread.java:750)
"Datanode ReportManager Thread - 2" daemon prio=5 tid=865 in Object.wait()
java.lang.Thread.State: WAITING (on object monitor)
        at sun.misc.Unsafe.park(Native Method)
        at java.util.concurrent.locks.LockSupport.park(LockSupport.java:175)
        at java.util.concurrent.locks.AbstractQueuedSynchronizer$ConditionObject.await(AbstractQueuedSynchronizer.java:2044)
        at java.util.concurrent.ScheduledThreadPoolExecutor$DelayedWorkQueue.take(ScheduledThreadPoolExecutor.java:1088)
        at java.util.concurrent.ScheduledThreadPoolExecutor$DelayedWorkQueue.take(ScheduledThreadPoolExecutor.java:809)
        at java.util.concurrent.ThreadPoolExecutor.getTask(ThreadPoolExecutor.java:1074)
        at java.util.concurrent.ThreadPoolExecutor.runWorker(ThreadPoolExecutor.java:1134)
        at java.util.concurrent.ThreadPoolExecutor$Worker.run(ThreadPoolExecutor.java:624)
        at java.lang.Thread.run(Thread.java:750)
"IPC Parameter Sending Thread #0" daemon prio=5 tid=268 timed_waiting
java.lang.Thread.State: TIMED_WAITING
        at sun.misc.Unsafe.park(Native Method)
        at java.util.concurrent.locks.LockSupport.parkNanos(LockSupport.java:215)
        at java.util.concurrent.SynchronousQueue$TransferStack.awaitFulfill(SynchronousQueue.java:460)
        at java.util.concurrent.SynchronousQueue$TransferStack.transfer(SynchronousQueue.java:362)
        at java.util.concurrent.SynchronousQueue.poll(SynchronousQueue.java:941)
        at java.util.concurrent.ThreadPoolExecutor.getTask(ThreadPoolExecutor.java:1073)
        at java.util.concurrent.ThreadPoolExecutor.runWorker(ThreadPoolExecutor.java:1134)
        at java.util.concurrent.ThreadPoolExecutor$Worker.run(ThreadPoolExecutor.java:624)
        at java.lang.Thread.run(Thread.java:750)
"Finalizer" daemon prio=8 tid=3 in Object.wait()
java.lang.Thread.State: WAITING (on object monitor)
        at java.lang.Object.wait(Native Method)
        at java.lang.ref.ReferenceQueue.remove(ReferenceQueue.java:144)
        at java.lang.ref.ReferenceQueue.remove(ReferenceQueue.java:165)
        at java.lang.ref.Finalizer$FinalizerThread.run(Finalizer.java:216)
"FullTableCache Cleanup Thread - 0" daemon prio=5 tid=1135 in Object.wait()
java.lang.Thread.State: WAITING (on object monitor)
        at sun.misc.Unsafe.park(Native Method)
        at java.util.concurrent.locks.LockSupport.park(LockSupport.java:175)
        at java.util.concurrent.locks.AbstractQueuedSynchronizer$ConditionObject.await(AbstractQueuedSynchronizer.java:2044)
        at java.util.concurrent.LinkedBlockingQueue.take(LinkedBlockingQueue.java:442)
        at java.util.concurrent.ThreadPoolExecutor.getTask(ThreadPoolExecutor.java:1074)
        at java.util.concurrent.ThreadPoolExecutor.runWorker(ThreadPoolExecutor.java:1134)
        at java.util.concurrent.ThreadPoolExecutor$Worker.run(ThreadPoolExecutor.java:624)
        at java.lang.Thread.run(Thread.java:750)
"Signal Dispatcher" daemon prio=9 tid=4 runnable
java.lang.Thread.State: RUNNABLE
"EndpointStateMachine task thread for /127.0.0.1:44975 - 0 "  prio=5 tid=903 blocked
java.lang.Thread.State: BLOCKED
        at org.apache.hadoop.ipc.Client$Connection.addCall(Client.java:522)
        at org.apache.hadoop.ipc.Client$Connection.access$3700(Client.java:414)
        at org.apache.hadoop.ipc.Client.getConnection(Client.java:1634)
        at org.apache.hadoop.ipc.Client.call(Client.java:1463)
        at org.apache.hadoop.ipc.Client.call(Client.java:1416)
        at org.apache.hadoop.ipc.ProtobufRpcEngine$Invoker.invoke(ProtobufRpcEngine.java:236)
        at org.apache.hadoop.ipc.ProtobufRpcEngine$Invoker.invoke(ProtobufRpcEngine.java:123)
        at com.sun.proxy.$Proxy51.submitRequest(Unknown Source)
        at org.apache.hadoop.ozone.protocolPB.StorageContainerDatanodeProtocolClientSideTranslatorPB.submitRequest(StorageContainerDatanodeProtocolClientSideTranslatorPB.java:117)
        at org.apache.hadoop.ozone.protocolPB.StorageContainerDatanodeProtocolClientSideTranslatorPB.sendHeartbeat(StorageContainerDatanodeProtocolClientSideTranslatorPB.java:149)
        at org.apache.hadoop.ozone.container.common.states.endpoint.HeartbeatEndpointTask.call(HeartbeatEndpointTask.java:185)
        at org.apache.hadoop.ozone.container.common.states.endpoint.HeartbeatEndpointTask.call(HeartbeatEndpointTask.java:87)
        at java.util.concurrent.FutureTask.run(FutureTask.java:266)
        at java.util.concurrent.ThreadPoolExecutor.runWorker(ThreadPoolExecutor.java:1149)
        at java.util.concurrent.ThreadPoolExecutor$Worker.run(ThreadPoolExecutor.java:624)
        at java.lang.Thread.run(Thread.java:750)
"FullTableCache Cleanup Thread - 0" daemon prio=5 tid=1137 in Object.wait()
java.lang.Thread.State: WAITING (on object monitor)
        at sun.misc.Unsafe.park(Native Method)
        at java.util.concurrent.locks.LockSupport.park(LockSupport.java:175)
        at java.util.concurrent.locks.AbstractQueuedSynchronizer$ConditionObject.await(AbstractQueuedSynchronizer.java:2044)
        at java.util.concurrent.LinkedBlockingQueue.take(LinkedBlockingQueue.java:442)
        at java.util.concurrent.ThreadPoolExecutor.getTask(ThreadPoolExecutor.java:1074)
        at java.util.concurrent.ThreadPoolExecutor.runWorker(ThreadPoolExecutor.java:1134)
        at java.util.concurrent.ThreadPoolExecutor$Worker.run(ThreadPoolExecutor.java:624)
        at java.lang.Thread.run(Thread.java:750)
"process reaper" daemon prio=10 tid=13 timed_waiting
java.lang.Thread.State: TIMED_WAITING
        at sun.misc.Unsafe.park(Native Method)
        at java.util.concurrent.locks.LockSupport.parkNanos(LockSupport.java:215)
        at java.util.concurrent.SynchronousQueue$TransferStack.awaitFulfill(SynchronousQueue.java:460)
        at java.util.concurrent.SynchronousQueue$TransferStack.transfer(SynchronousQueue.java:362)
        at java.util.concurrent.SynchronousQueue.poll(SynchronousQueue.java:941)
        at java.util.concurrent.ThreadPoolExecutor.getTask(ThreadPoolExecutor.java:1073)
        at java.util.concurrent.ThreadPoolExecutor.runWorker(ThreadPoolExecutor.java:1134)
        at java.util.concurrent.ThreadPoolExecutor$Worker.run(ThreadPoolExecutor.java:624)
        at java.lang.Thread.run(Thread.java:750)
"org.apache.hadoop.ozone.container.common.statemachine.commandhandler.DeleteBlocksCommandHandler$DeleteCmdWorker@83379be" daemon prio=5 tid=793 runnable
java.lang.Thread.State: RUNNABLE
        at java.lang.Thread.sleep(Native Method)
        at org.apache.hadoop.ozone.container.common.statemachine.commandhandler.DeleteBlocksCommandHandler$DeleteCmdWorker.run(DeleteBlocksCommandHandler.java:185)
        at java.lang.Thread.run(Thread.java:750)
"main"  prio=5 tid=1 timed_waiting
java.lang.Thread.State: TIMED_WAITING
        at sun.misc.Unsafe.park(Native Method)
        at java.util.concurrent.locks.LockSupport.parkNanos(LockSupport.java:215)
        at java.util.concurrent.FutureTask.awaitDone(FutureTask.java:426)
        at java.util.concurrent.FutureTask.get(FutureTask.java:204)
        at org.junit.internal.runners.statements.FailOnTimeout.getResult(FailOnTimeout.java:156)
        at org.junit.internal.runners.statements.FailOnTimeout.evaluate(FailOnTimeout.java:129)
        at org.junit.runners.ParentRunner$3.evaluate(ParentRunner.java:306)
        at org.junit.runners.BlockJUnit4ClassRunner$1.evaluate(BlockJUnit4ClassRunner.java:100)
        at org.junit.runners.ParentRunner.runLeaf(ParentRunner.java:366)
        at org.junit.runners.BlockJUnit4ClassRunner.runChild(BlockJUnit4ClassRunner.java:103)
        at org.junit.runners.BlockJUnit4ClassRunner.runChild(BlockJUnit4ClassRunner.java:63)
        at org.junit.runners.ParentRunner$4.run(ParentRunner.java:331)
        at org.junit.runners.ParentRunner$1.schedule(ParentRunner.java:79)
        at org.junit.runners.ParentRunner.runChildren(ParentRunner.java:329)
        at org.junit.runners.ParentRunner.access$100(ParentRunner.java:66)
        at org.junit.runners.ParentRunner$2.evaluate(ParentRunner.java:293)
        at org.junit.runners.ParentRunner$3.evaluate(ParentRunner.java:306)
        at org.junit.runners.ParentRunner.run(ParentRunner.java:413)
        at org.junit.runner.JUnitCore.run(JUnitCore.java:137)
        at org.junit.runner.JUnitCore.run(JUnitCore.java:115)
        at org.junit.vintage.engine.execution.RunnerExecutor.execute(RunnerExecutor.java:42)
        at org.junit.vintage.engine.VintageTestEngine.executeAllChildren(VintageTestEngine.java:80)
        at org.junit.vintage.engine.VintageTestEngine.execute(VintageTestEngine.java:72)
        at org.junit.platform.launcher.core.EngineExecutionOrchestrator.execute(EngineExecutionOrchestrator.java:107)
        at org.junit.platform.launcher.core.EngineExecutionOrchestrator.execute(EngineExecutionOrchestrator.java:88)
        at org.junit.platform.launcher.core.EngineExecutionOrchestrator.lambda$execute$0(EngineExecutionOrchestrator.java:54)
        at org.junit.platform.launcher.core.EngineExecutionOrchestrator$$Lambda$188/726379593.accept(Unknown Source)
        at org.junit.platform.launcher.core.EngineExecutionOrchestrator.withInterceptedStreams(EngineExecutionOrchestrator.java:67)
        at org.junit.platform.launcher.core.EngineExecutionOrchestrator.execute(EngineExecutionOrchestrator.java:52)
        at org.junit.platform.launcher.core.DefaultLauncher.execute(DefaultLauncher.java:114)
        at org.junit.platform.launcher.core.DefaultLauncher.execute(DefaultLauncher.java:86)
        at org.junit.platform.launcher.core.DefaultLauncherSession$DelegatingLauncher.execute(DefaultLauncherSession.java:86)
        at org.junit.platform.launcher.core.SessionPerRequestLauncher.execute(SessionPerRequestLauncher.java:53)
        at org.apache.maven.surefire.junitplatform.JUnitPlatformProvider.execute(JUnitPlatformProvider.java:188)
        at org.apache.maven.surefire.junitplatform.JUnitPlatformProvider.invokeAllTests(JUnitPlatformProvider.java:154)
        at org.apache.maven.surefire.junitplatform.JUnitPlatformProvider.invoke(JUnitPlatformProvider.java:124)
        at org.apache.maven.surefire.booter.ForkedBooter.runSuitesInProcess(ForkedBooter.java:428)
        at org.apache.maven.surefire.booter.ForkedBooter.execute(ForkedBooter.java:162)
        at org.apache.maven.surefire.booter.ForkedBooter.run(ForkedBooter.java:562)
        at org.apache.maven.surefire.booter.ForkedBooter.main(ForkedBooter.java:548)
"EndpointStateMachine task thread for /127.0.0.1:36917 - 0 "  prio=5 tid=934 blocked
java.lang.Thread.State: BLOCKED
        at org.apache.hadoop.ipc.Client$Connection.addCall(Client.java:522)
        at org.apache.hadoop.ipc.Client$Connection.access$3700(Client.java:414)
        at org.apache.hadoop.ipc.Client.getConnection(Client.java:1634)
        at org.apache.hadoop.ipc.Client.call(Client.java:1463)
        at org.apache.hadoop.ipc.Client.call(Client.java:1416)
        at org.apache.hadoop.ipc.ProtobufRpcEngine$Invoker.invoke(ProtobufRpcEngine.java:236)
        at org.apache.hadoop.ipc.ProtobufRpcEngine$Invoker.invoke(ProtobufRpcEngine.java:123)
        at com.sun.proxy.$Proxy51.submitRequest(Unknown Source)
        at org.apache.hadoop.ozone.protocolPB.StorageContainerDatanodeProtocolClientSideTranslatorPB.submitRequest(StorageContainerDatanodeProtocolClientSideTranslatorPB.java:117)
        at org.apache.hadoop.ozone.protocolPB.StorageContainerDatanodeProtocolClientSideTranslatorPB.sendHeartbeat(StorageContainerDatanodeProtocolClientSideTranslatorPB.java:149)
        at org.apache.hadoop.ozone.container.common.states.endpoint.HeartbeatEndpointTask.call(HeartbeatEndpointTask.java:185)
        at org.apache.hadoop.ozone.container.common.states.endpoint.HeartbeatEndpointTask.call(HeartbeatEndpointTask.java:87)
        at java.util.concurrent.FutureTask.run(FutureTask.java:266)
        at java.util.concurrent.ThreadPoolExecutor.runWorker(ThreadPoolExecutor.java:1149)
        at java.util.concurrent.ThreadPoolExecutor$Worker.run(ThreadPoolExecutor.java:624)
        at java.lang.Thread.run(Thread.java:750)
"Datanode ReportManager Thread - 4" daemon prio=5 tid=867 in Object.wait()
java.lang.Thread.State: WAITING (on object monitor)
        at sun.misc.Unsafe.park(Native Method)
        at java.util.concurrent.locks.LockSupport.park(LockSupport.java:175)
        at java.util.concurrent.locks.AbstractQueuedSynchronizer$ConditionObject.await(AbstractQueuedSynchronizer.java:2044)
        at java.util.concurrent.ScheduledThreadPoolExecutor$DelayedWorkQueue.take(ScheduledThreadPoolExecutor.java:1088)
        at java.util.concurrent.ScheduledThreadPoolExecutor$DelayedWorkQueue.take(ScheduledThreadPoolExecutor.java:809)
        at java.util.concurrent.ThreadPoolExecutor.getTask(ThreadPoolExecutor.java:1074)
        at java.util.concurrent.ThreadPoolExecutor.runWorker(ThreadPoolExecutor.java:1134)
        at java.util.concurrent.ThreadPoolExecutor$Worker.run(ThreadPoolExecutor.java:624)
        at java.lang.Thread.run(Thread.java:750)
"Datanode ReportManager Thread - 0" daemon prio=5 tid=863 timed_waiting
java.lang.Thread.State: TIMED_WAITING
        at sun.misc.Unsafe.park(Native Method)
        at java.util.concurrent.locks.LockSupport.parkNanos(LockSupport.java:215)
        at java.util.concurrent.locks.AbstractQueuedSynchronizer$ConditionObject.awaitNanos(AbstractQueuedSynchronizer.java:2083)
        at java.util.concurrent.ScheduledThreadPoolExecutor$DelayedWorkQueue.take(ScheduledThreadPoolExecutor.java:1093)
        at java.util.concurrent.ScheduledThreadPoolExecutor$DelayedWorkQueue.take(ScheduledThreadPoolExecutor.java:809)
        at java.util.concurrent.ThreadPoolExecutor.getTask(ThreadPoolExecutor.java:1074)
        at java.util.concurrent.ThreadPoolExecutor.runWorker(ThreadPoolExecutor.java:1134)
        at java.util.concurrent.ThreadPoolExecutor$Worker.run(ThreadPoolExecutor.java:624)
        at java.lang.Thread.run(Thread.java:750)
"EndpointStateMachine task thread for /127.0.0.1:44975 - 0 "  prio=5 tid=880 blocked
java.lang.Thread.State: BLOCKED
        at org.apache.hadoop.ipc.Client$Connection.addCall(Client.java:522)
        at org.apache.hadoop.ipc.Client$Connection.access$3700(Client.java:414)
        at org.apache.hadoop.ipc.Client.getConnection(Client.java:1634)
        at org.apache.hadoop.ipc.Client.call(Client.java:1463)
        at org.apache.hadoop.ipc.Client.call(Client.java:1416)
        at org.apache.hadoop.ipc.ProtobufRpcEngine$Invoker.invoke(ProtobufRpcEngine.java:236)
        at org.apache.hadoop.ipc.ProtobufRpcEngine$Invoker.invoke(ProtobufRpcEngine.java:123)
        at com.sun.proxy.$Proxy51.submitRequest(Unknown Source)
        at org.apache.hadoop.ozone.protocolPB.StorageContainerDatanodeProtocolClientSideTranslatorPB.submitRequest(StorageContainerDatanodeProtocolClientSideTranslatorPB.java:117)
        at org.apache.hadoop.ozone.protocolPB.StorageContainerDatanodeProtocolClientSideTranslatorPB.sendHeartbeat(StorageContainerDatanodeProtocolClientSideTranslatorPB.java:149)
        at org.apache.hadoop.ozone.container.common.states.endpoint.HeartbeatEndpointTask.call(HeartbeatEndpointTask.java:185)
        at org.apache.hadoop.ozone.container.common.states.endpoint.HeartbeatEndpointTask.call(HeartbeatEndpointTask.java:87)
        at java.util.concurrent.FutureTask.run(FutureTask.java:266)
        at java.util.concurrent.ThreadPoolExecutor.runWorker(ThreadPoolExecutor.java:1149)
        at java.util.concurrent.ThreadPoolExecutor$Worker.run(ThreadPoolExecutor.java:624)
        at java.lang.Thread.run(Thread.java:750)
"FullTableCache Cleanup Thread - 0" daemon prio=5 tid=1144 in Object.wait()
java.lang.Thread.State: WAITING (on object monitor)
        at sun.misc.Unsafe.park(Native Method)
        at java.util.concurrent.locks.LockSupport.park(LockSupport.java:175)
        at java.util.concurrent.locks.AbstractQueuedSynchronizer$ConditionObject.await(AbstractQueuedSynchronizer.java:2044)
        at java.util.concurrent.LinkedBlockingQueue.take(LinkedBlockingQueue.java:442)
        at java.util.concurrent.ThreadPoolExecutor.getTask(ThreadPoolExecutor.java:1074)
        at java.util.concurrent.ThreadPoolExecutor.runWorker(ThreadPoolExecutor.java:1134)
        at java.util.concurrent.ThreadPoolExecutor$Worker.run(ThreadPoolExecutor.java:624)
        at java.lang.Thread.run(Thread.java:750)
"EndpointStateMachine task thread for /127.0.0.1:41659 - 0 "  prio=5 tid=882 timed_waiting
java.lang.Thread.State: TIMED_WAITING
        at java.lang.Thread.sleep(Native Method)
        at org.apache.hadoop.ipc.Client$Connection.handleConnectionFailure(Client.java:972)
        at org.apache.hadoop.ipc.Client$Connection.setupConnection(Client.java:724)
        at org.apache.hadoop.ipc.Client$Connection.setupIOstreams(Client.java:822)
        at org.apache.hadoop.ipc.Client$Connection.access$3800(Client.java:414)
        at org.apache.hadoop.ipc.Client.getConnection(Client.java:1647)
        at org.apache.hadoop.ipc.Client.call(Client.java:1463)
        at org.apache.hadoop.ipc.Client.call(Client.java:1416)
        at org.apache.hadoop.ipc.ProtobufRpcEngine$Invoker.invoke(ProtobufRpcEngine.java:236)
        at org.apache.hadoop.ipc.ProtobufRpcEngine$Invoker.invoke(ProtobufRpcEngine.java:123)
        at com.sun.proxy.$Proxy51.submitRequest(Unknown Source)
        at org.apache.hadoop.ozone.protocolPB.StorageContainerDatanodeProtocolClientSideTranslatorPB.submitRequest(StorageContainerDatanodeProtocolClientSideTranslatorPB.java:117)
        at org.apache.hadoop.ozone.protocolPB.StorageContainerDatanodeProtocolClientSideTranslatorPB.sendHeartbeat(StorageContainerDatanodeProtocolClientSideTranslatorPB.java:149)
        at org.apache.hadoop.ozone.container.common.states.endpoint.HeartbeatEndpointTask.call(HeartbeatEndpointTask.java:185)
        at org.apache.hadoop.ozone.container.common.states.endpoint.HeartbeatEndpointTask.call(HeartbeatEndpointTask.java:87)
        at java.util.concurrent.FutureTask.run(FutureTask.java:266)
        at java.util.concurrent.ThreadPoolExecutor.runWorker(ThreadPoolExecutor.java:1149)
        at java.util.concurrent.ThreadPoolExecutor$Worker.run(ThreadPoolExecutor.java:624)
        at java.lang.Thread.run(Thread.java:750)
"Datanode ReportManager Thread - 2" daemon prio=5 tid=807 in Object.wait()
java.lang.Thread.State: WAITING (on object monitor)
        at sun.misc.Unsafe.park(Native Method)
        at java.util.concurrent.locks.LockSupport.park(LockSupport.java:175)
        at java.util.concurrent.locks.AbstractQueuedSynchronizer$ConditionObject.await(AbstractQueuedSynchronizer.java:2044)
        at java.util.concurrent.ScheduledThreadPoolExecutor$DelayedWorkQueue.take(ScheduledThreadPoolExecutor.java:1088)
        at java.util.concurrent.ScheduledThreadPoolExecutor$DelayedWorkQueue.take(ScheduledThreadPoolExecutor.java:809)
        at java.util.concurrent.ThreadPoolExecutor.getTask(ThreadPoolExecutor.java:1074)
        at java.util.concurrent.ThreadPoolExecutor.runWorker(ThreadPoolExecutor.java:1134)
        at java.util.concurrent.ThreadPoolExecutor$Worker.run(ThreadPoolExecutor.java:624)
        at java.lang.Thread.run(Thread.java:750)
"org.apache.hadoop.ozone.container.common.statemachine.commandhandler.DeleteBlocksCommandHandler$DeleteCmdWorker@49d6415f" daemon prio=5 tid=851 runnable
java.lang.Thread.State: RUNNABLE
        at java.lang.Thread.sleep(Native Method)
        at org.apache.hadoop.ozone.container.common.statemachine.commandhandler.DeleteBlocksCommandHandler$DeleteCmdWorker.run(DeleteBlocksCommandHandler.java:185)
        at java.lang.Thread.run(Thread.java:750)
"Datanode ReportManager Thread - 0" daemon prio=5 tid=837 timed_waiting
java.lang.Thread.State: TIMED_WAITING
        at sun.misc.Unsafe.park(Native Method)
        at java.util.concurrent.locks.LockSupport.parkNanos(LockSupport.java:215)
        at java.util.concurrent.locks.AbstractQueuedSynchronizer$ConditionObject.awaitNanos(AbstractQueuedSynchronizer.java:2083)
        at java.util.concurrent.ScheduledThreadPoolExecutor$DelayedWorkQueue.take(ScheduledThreadPoolExecutor.java:1093)
        at java.util.concurrent.ScheduledThreadPoolExecutor$DelayedWorkQueue.take(ScheduledThreadPoolExecutor.java:809)
        at java.util.concurrent.ThreadPoolExecutor.getTask(ThreadPoolExecutor.java:1074)
        at java.util.concurrent.ThreadPoolExecutor.runWorker(ThreadPoolExecutor.java:1134)
        at java.util.concurrent.ThreadPoolExecutor$Worker.run(ThreadPoolExecutor.java:624)
        at java.lang.Thread.run(Thread.java:750)
"ExpiredContainerReplicaOpScrubberThread" daemon prio=5 tid=381 timed_waiting
java.lang.Thread.State: TIMED_WAITING
        at java.lang.Object.wait(Native Method)
        at org.apache.hadoop.hdds.scm.ha.BackgroundSCMService.run(BackgroundSCMService.java:110)
        at org.apache.hadoop.hdds.scm.ha.BackgroundSCMService$$Lambda$675/1119053594.run(Unknown Source)
        at java.lang.Thread.run(Thread.java:750)
"Datanode ReportManager Thread - 3" daemon prio=5 tid=866 in Object.wait()
java.lang.Thread.State: WAITING (on object monitor)
        at sun.misc.Unsafe.park(Native Method)
        at java.util.concurrent.locks.LockSupport.park(LockSupport.java:175)
        at java.util.concurrent.locks.AbstractQueuedSynchronizer$ConditionObject.await(AbstractQueuedSynchronizer.java:2044)
        at java.util.concurrent.ScheduledThreadPoolExecutor$DelayedWorkQueue.take(ScheduledThreadPoolExecutor.java:1088)
        at java.util.concurrent.ScheduledThreadPoolExecutor$DelayedWorkQueue.take(ScheduledThreadPoolExecutor.java:809)
        at java.util.concurrent.ThreadPoolExecutor.getTask(ThreadPoolExecutor.java:1074)
        at java.util.concurrent.ThreadPoolExecutor.runWorker(ThreadPoolExecutor.java:1134)
        at java.util.concurrent.ThreadPoolExecutor$Worker.run(ThreadPoolExecutor.java:624)
        at java.lang.Thread.run(Thread.java:750)
"SSL Certificates Store Monitor" daemon prio=5 tid=661 in Object.wait()
java.lang.Thread.State: WAITING (on object monitor)
        at java.lang.Object.wait(Native Method)
        at java.lang.Object.wait(Object.java:502)
        at java.util.TimerThread.mainLoop(Timer.java:526)
        at java.util.TimerThread.run(Timer.java:505)
"IPC Parameter Sending Thread #1" daemon prio=5 tid=886 timed_waiting
java.lang.Thread.State: TIMED_WAITING
        at sun.misc.Unsafe.park(Native Method)
        at java.util.concurrent.locks.LockSupport.parkNanos(LockSupport.java:215)
        at java.util.concurrent.SynchronousQueue$TransferStack.awaitFulfill(SynchronousQueue.java:460)
        at java.util.concurrent.SynchronousQueue$TransferStack.transfer(SynchronousQueue.java:362)
        at java.util.concurrent.SynchronousQueue.poll(SynchronousQueue.java:941)
        at java.util.concurrent.ThreadPoolExecutor.getTask(ThreadPoolExecutor.java:1073)
        at java.util.concurrent.ThreadPoolExecutor.runWorker(ThreadPoolExecutor.java:1134)
        at java.util.concurrent.ThreadPoolExecutor$Worker.run(ThreadPoolExecutor.java:624)
        at java.lang.Thread.run(Thread.java:750)
"SSL Certificates Store Monitor" daemon prio=5 tid=718 in Object.wait()
java.lang.Thread.State: WAITING (on object monitor)
        at java.lang.Object.wait(Native Method)
        at java.lang.Object.wait(Object.java:502)
        at java.util.TimerThread.mainLoop(Timer.java:526)
        at java.util.TimerThread.run(Timer.java:505)


	at org.apache.ozone.test.GenericTestUtils.waitFor(GenericTestUtils.java:224)
	at org.apache.hadoop.ozone.parser.TestOzoneHARatisLogParser.testRatisLogParsing(TestOzoneHARatisLogParser.java:129)
	at sun.reflect.NativeMethodAccessorImpl.invoke0(Native Method)
	at sun.reflect.NativeMethodAccessorImpl.invoke(NativeMethodAccessorImpl.java:62)
	at sun.reflect.DelegatingMethodAccessorImpl.invoke(DelegatingMethodAccessorImpl.java:43)
	at java.lang.reflect.Method.invoke(Method.java:498)
	at org.junit.runners.model.FrameworkMethod$1.runReflectiveCall(FrameworkMethod.java:59)
	at org.junit.internal.runners.model.ReflectiveCallable.run(ReflectiveCallable.java:12)
	at org.junit.runners.model.FrameworkMethod.invokeExplosively(FrameworkMethod.java:56)
	at org.junit.internal.runners.statements.InvokeMethod.evaluate(InvokeMethod.java:17)
	at org.junit.internal.runners.statements.RunBefores.evaluate(RunBefores.java:26)
	at org.junit.internal.runners.statements.RunAfters.evaluate(RunAfters.java:27)
	at org.junit.internal.runners.statements.FailOnTimeout$CallableStatement.call(FailOnTimeout.java:288)
	at org.junit.internal.runners.statements.FailOnTimeout$CallableStatement.call(FailOnTimeout.java:282)
	at java.util.concurrent.FutureTask.run(FutureTask.java:266)
	at java.lang.Thread.run(Thread.java:750)
]]></error>
    <system-out><![CDATA[2022-09-03 01:13:07,535 [Time-limited test] WARN  server.ServerUtils (ServerUtils.java:getScmDbDir(148)) - ozone.scm.db.dirs is not configured. We recommend adding this setting. Falling back to ozone.metadata.dirs instead.
2022-09-03 01:13:07,588 [Time-limited test] INFO  ha.SCMHANodeDetails (SCMHANodeDetails.java:loadSCMHAConfig(209)) - ServiceID for StorageContainerManager is scmServiceId
2022-09-03 01:13:07,599 [Time-limited test] INFO  ha.SCMHANodeDetails (SCMHANodeDetails.java:loadSCMHAConfig(220)) - ServiceID for StorageContainerManager is scmServiceId
2022-09-03 01:13:07,694 [Time-limited test] WARN  scm.ScmUtils (ScmUtils.java:logWarn(179)) - ConfigKey ozone.scm.block.client.address is deprecated, For configuring different ports for each SCM use PortConfigKey ozone.scm.block.client.port appended with serviceId and nodeId. If want to configure same port configure ozone.scm.block.client.port
2022-09-03 01:13:07,694 [Time-limited test] WARN  scm.ScmUtils (ScmUtils.java:logWarn(179)) - ConfigKey ozone.scm.client.address is deprecated, For configuring different ports for each SCM use PortConfigKey ozone.scm.client.port appended with serviceId and nodeId. If want to configure same port configure ozone.scm.client.port
2022-09-03 01:13:07,695 [Time-limited test] WARN  scm.ScmUtils (ScmUtils.java:logWarn(179)) - ConfigKey ozone.scm.datanode.address is deprecated, For configuring different ports for each SCM use PortConfigKey ozone.scm.datanode.port appended with serviceId and nodeId. If want to configure same port configure ozone.scm.datanode.port
2022-09-03 01:13:07,697 [Time-limited test] WARN  scm.ScmUtils (ScmUtils.java:logWarn(179)) - ConfigKey ozone.scm.block.client.address is deprecated, For configuring different ports for each SCM use PortConfigKey ozone.scm.block.client.port appended with serviceId and nodeId. If want to configure same port configure ozone.scm.block.client.port
2022-09-03 01:13:07,698 [Time-limited test] WARN  scm.ScmUtils (ScmUtils.java:logWarn(179)) - ConfigKey ozone.scm.client.address is deprecated, For configuring different ports for each SCM use PortConfigKey ozone.scm.client.port appended with serviceId and nodeId. If want to configure same port configure ozone.scm.client.port
2022-09-03 01:13:07,698 [Time-limited test] WARN  scm.ScmUtils (ScmUtils.java:logWarn(179)) - ConfigKey ozone.scm.datanode.address is deprecated, For configuring different ports for each SCM use PortConfigKey ozone.scm.datanode.port appended with serviceId and nodeId. If want to configure same port configure ozone.scm.datanode.port
2022-09-03 01:13:07,699 [Time-limited test] INFO  ha.SCMHANodeDetails (SCMHANodeDetails.java:loadSCMHAConfig(307)) - Found matching SCM address with SCMServiceId: scmServiceId, SCMNodeId: scmNode-1, RPC Address: localhost:37097 and Ratis port: 37097
2022-09-03 01:13:07,699 [Time-limited test] INFO  ha.SCMHANodeDetails (ConfUtils.java:setNodeSpecificConfigs(97)) - Setting configuration key ozone.scm.datanode.address with value of key ozone.scm.datanode.address.scmServiceId.scmNode-1: 127.0.0.1:36917
2022-09-03 01:13:07,700 [Time-limited test] INFO  ha.SCMHANodeDetails (ConfUtils.java:setNodeSpecificConfigs(97)) - Setting configuration key ozone.scm.block.client.address with value of key ozone.scm.block.client.address.scmServiceId.scmNode-1: 127.0.0.1:41665
2022-09-03 01:13:07,700 [Time-limited test] INFO  ha.SCMHANodeDetails (ConfUtils.java:setNodeSpecificConfigs(97)) - Setting configuration key ozone.scm.client.address with value of key ozone.scm.client.address.scmServiceId.scmNode-1: 127.0.0.1:35673
2022-09-03 01:13:07,701 [Time-limited test] INFO  ha.SCMHANodeDetails (ConfUtils.java:setNodeSpecificConfigs(97)) - Setting configuration key ozone.scm.ratis.port with value of key ozone.scm.ratis.port.scmServiceId.scmNode-1: 37097
2022-09-03 01:13:07,701 [Time-limited test] INFO  ha.SCMHANodeDetails (ConfUtils.java:setNodeSpecificConfigs(97)) - Setting configuration key ozone.scm.grpc.port with value of key ozone.scm.grpc.port.scmServiceId.scmNode-1: 38017
2022-09-03 01:13:07,702 [Time-limited test] INFO  ha.SCMHANodeDetails (ConfUtils.java:setNodeSpecificConfigs(97)) - Setting configuration key ozone.scm.http-address with value of key ozone.scm.http-address.scmServiceId.scmNode-1: 127.0.0.1:46645
2022-09-03 01:13:07,704 [Time-limited test] INFO  ha.SCMHANodeDetails (ConfUtils.java:setNodeSpecificConfigs(97)) - Setting configuration key ozone.scm.https-address with value of key ozone.scm.https-address.scmServiceId.scmNode-1: 127.0.0.1:36319
2022-09-03 01:13:07,704 [Time-limited test] INFO  ha.SCMHANodeDetails (ConfUtils.java:setNodeSpecificConfigs(97)) - Setting configuration key ozone.scm.address with value of key ozone.scm.address.scmServiceId.scmNode-1: 127.0.0.1
2022-09-03 01:13:07,704 [Time-limited test] WARN  scm.ScmUtils (ScmUtils.java:logWarn(179)) - ConfigKey ozone.scm.block.client.address is deprecated, For configuring different ports for each SCM use PortConfigKey ozone.scm.block.client.port appended with serviceId and nodeId. If want to configure same port configure ozone.scm.block.client.port
2022-09-03 01:13:07,705 [Time-limited test] WARN  scm.ScmUtils (ScmUtils.java:logWarn(179)) - ConfigKey ozone.scm.client.address is deprecated, For configuring different ports for each SCM use PortConfigKey ozone.scm.client.port appended with serviceId and nodeId. If want to configure same port configure ozone.scm.client.port
2022-09-03 01:13:07,706 [Time-limited test] WARN  scm.ScmUtils (ScmUtils.java:logWarn(179)) - ConfigKey ozone.scm.datanode.address is deprecated, For configuring different ports for each SCM use PortConfigKey ozone.scm.datanode.port appended with serviceId and nodeId. If want to configure same port configure ozone.scm.datanode.port
2022-09-03 01:13:07,824 [Time-limited test] INFO  server.RaftServer (ConfUtils.java:logGet(46)) - raft.rpc.type = GRPC (default)
2022-09-03 01:13:07,933 [Time-limited test] INFO  grpc.GrpcFactory (GrpcFactory.java:checkPooledByteBufAllocatorUseCacheForAllThreads(48)) - PERFORMANCE WARNING: useCacheForAllThreads is true that may cause Netty to create a lot garbage objects and, as a result, trigger GC.
	It is recommended to disable useCacheForAllThreads by setting -Dorg.apache.ratis.thirdparty.io.netty.allocator.useCacheForAllThreads=false in command line.
2022-09-03 01:13:07,938 [Time-limited test] INFO  grpc.GrpcConfigKeys (ConfUtils.java:logGet(46)) - raft.grpc.admin.port = -1 (default)
2022-09-03 01:13:07,939 [Time-limited test] INFO  grpc.GrpcConfigKeys (ConfUtils.java:logGet(46)) - raft.grpc.server.port = 37097 (custom)
2022-09-03 01:13:07,940 [Time-limited test] INFO  grpc.GrpcConfigKeys (ConfUtils.java:logGet(46)) - raft.grpc.client.port = -1 (default)
2022-09-03 01:13:07,940 [Time-limited test] INFO  grpc.GrpcConfigKeys (ConfUtils.java:logGet(46)) - raft.grpc.server.port = 37097 (custom)
2022-09-03 01:13:07,940 [Time-limited test] INFO  grpc.GrpcConfigKeys (ConfUtils.java:logGet(46)) - raft.grpc.server.port = 37097 (custom)
2022-09-03 01:13:07,942 [Time-limited test] INFO  server.GrpcService (ConfUtils.java:logGet(46)) - raft.grpc.message.size.max = 32m (=33554432) (custom)
2022-09-03 01:13:07,944 [Time-limited test] INFO  server.RaftServerConfigKeys (ConfUtils.java:logGet(46)) - raft.server.log.appender.buffer.byte-limit = 33554432 (custom)
2022-09-03 01:13:07,945 [Time-limited test] INFO  server.GrpcService (ConfUtils.java:logGet(46)) - raft.grpc.flow.control.window = 1MB (=1048576) (default)
2022-09-03 01:13:07,945 [Time-limited test] INFO  server.RaftServerConfigKeys (ConfUtils.java:logGet(46)) - raft.server.rpc.request.timeout = 30000ms (custom)
2022-09-03 01:13:07,983 [Time-limited test] INFO  grpc.GrpcConfigKeys (ConfUtils.java:logGet(46)) - raft.grpc.server.async.request.thread.pool.cached = true (default)
2022-09-03 01:13:07,984 [Time-limited test] INFO  grpc.GrpcConfigKeys (ConfUtils.java:logGet(46)) - raft.grpc.server.async.request.thread.pool.size = 32 (default)
2022-09-03 01:13:08,397 [Time-limited test] INFO  impl.DataStreamServerImpl (ConfUtils.java:logGet(46)) - raft.datastream.type = DISABLED (default)
2022-09-03 01:13:08,401 [Time-limited test] INFO  server.RaftServerConfigKeys (ConfUtils.java:logGet(46)) - raft.server.threadpool.proxy.cached = true (default)
2022-09-03 01:13:08,401 [Time-limited test] INFO  server.RaftServerConfigKeys (ConfUtils.java:logGet(46)) - raft.server.threadpool.proxy.size = 0 (default)
2022-09-03 01:13:08,402 [Time-limited test] INFO  server.RaftServerConfigKeys (ConfUtils.java:logGet(46)) - raft.server.rpc.slowness.timeout = 120000ms (custom)
2022-09-03 01:13:08,402 [Time-limited test] INFO  server.RaftServerConfigKeys (ConfUtils.java:logGet(46)) - raft.server.leaderelection.leader.step-down.wait-time = 10s (default)
2022-09-03 01:13:08,405 [Time-limited test] INFO  server.RaftServerConfigKeys (ConfUtils.java:logGet(46)) - raft.server.storage.dir = [/home/runner/work/ozone/ozone/hadoop-ozone/integration-test/target/test-dir/MiniOzoneClusterImpl-b7bb7c95-97ac-4743-8c58-bec42c492c64/scmNode-1/scm-ha] (custom)
2022-09-03 01:13:08,414 [Time-limited test] INFO  server.RaftServer (RaftServerProxy.java:addNew(96)) - 5abf6683-c399-417c-b48d-34ddeee7dd89: addNew group-BEC42C492C64:[5abf6683-c399-417c-b48d-34ddeee7dd89|rpc:localhost:37097|priority:0] returns group-BEC42C492C64:java.util.concurrent.CompletableFuture@4c5872cd[Not completed]
2022-09-03 01:13:08,439 [pool-2-thread-1] INFO  server.RaftServer$Division (RaftServerImpl.java:<init>(190)) - 5abf6683-c399-417c-b48d-34ddeee7dd89: new RaftServerImpl for group-BEC42C492C64:[5abf6683-c399-417c-b48d-34ddeee7dd89|rpc:localhost:37097|priority:0] with SCMStateMachine:uninitialized
2022-09-03 01:13:08,442 [pool-2-thread-1] INFO  server.RaftServerConfigKeys (ConfUtils.java:logGet(46)) - raft.server.rpc.timeout.min = 5000ms (custom)
2022-09-03 01:13:08,442 [pool-2-thread-1] INFO  server.RaftServerConfigKeys (ConfUtils.java:logGet(46)) - raft.server.rpc.timeout.max = 5200ms (custom)
2022-09-03 01:13:08,442 [pool-2-thread-1] INFO  server.RaftServerConfigKeys (ConfUtils.java:logGet(46)) - raft.server.rpc.sleep.time = 25ms (default)
2022-09-03 01:13:08,442 [pool-2-thread-1] INFO  server.RaftServerConfigKeys (ConfUtils.java:logGet(46)) - raft.server.rpc.slowness.timeout = 120000ms (custom)
2022-09-03 01:13:08,443 [pool-2-thread-1] INFO  server.RaftServerConfigKeys (ConfUtils.java:logGet(46)) - raft.server.leaderelection.leader.step-down.wait-time = 10s (default)
2022-09-03 01:13:08,443 [pool-2-thread-1] INFO  server.RaftServerConfigKeys (ConfUtils.java:logGet(46)) - raft.server.sleep.deviation.threshold = 300ms (default)
2022-09-03 01:13:08,450 [pool-2-thread-1] INFO  server.RaftServer$Division (ServerState.java:<init>(107)) - 5abf6683-c399-417c-b48d-34ddeee7dd89@group-BEC42C492C64: ConfigurationManager, init=-1: [5abf6683-c399-417c-b48d-34ddeee7dd89|rpc:localhost:37097|priority:0], old=null, confs=<EMPTY_MAP>
2022-09-03 01:13:08,450 [pool-2-thread-1] INFO  server.RaftServerConfigKeys (ConfUtils.java:logGet(46)) - raft.server.storage.dir = [/home/runner/work/ozone/ozone/hadoop-ozone/integration-test/target/test-dir/MiniOzoneClusterImpl-b7bb7c95-97ac-4743-8c58-bec42c492c64/scmNode-1/scm-ha] (custom)
2022-09-03 01:13:08,461 [pool-2-thread-1] INFO  server.RaftServerConfigKeys (ConfUtils.java:logGet(46)) - raft.server.log.corruption.policy = EXCEPTION (default)
2022-09-03 01:13:08,461 [pool-2-thread-1] INFO  server.RaftServerConfigKeys (ConfUtils.java:logGet(46)) - raft.server.storage.free-space.min = 0MB (=0) (default)
2022-09-03 01:13:08,463 [pool-2-thread-1] INFO  storage.RaftStorageDirectory (RaftStorageDirectoryImpl.java:analyzeStorage(135)) - The storage directory /home/runner/work/ozone/ozone/hadoop-ozone/integration-test/target/test-dir/MiniOzoneClusterImpl-b7bb7c95-97ac-4743-8c58-bec42c492c64/scmNode-1/scm-ha/b7bb7c95-97ac-4743-8c58-bec42c492c64 does not exist. Creating ...
2022-09-03 01:13:08,470 [pool-2-thread-1] INFO  storage.RaftStorageDirectory (RaftStorageDirectoryImpl.java:tryLock(230)) - Lock on /home/runner/work/ozone/ozone/hadoop-ozone/integration-test/target/test-dir/MiniOzoneClusterImpl-b7bb7c95-97ac-4743-8c58-bec42c492c64/scmNode-1/scm-ha/b7bb7c95-97ac-4743-8c58-bec42c492c64/in_use.lock acquired by nodename 24955@fv-az504-37
2022-09-03 01:13:08,483 [pool-2-thread-1] INFO  storage.RaftStorage (RaftStorageImpl.java:format(89)) - Storage directory /home/runner/work/ozone/ozone/hadoop-ozone/integration-test/target/test-dir/MiniOzoneClusterImpl-b7bb7c95-97ac-4743-8c58-bec42c492c64/scmNode-1/scm-ha/b7bb7c95-97ac-4743-8c58-bec42c492c64 has been successfully formatted.
2022-09-03 01:13:08,490 [pool-2-thread-1] INFO  server.RaftServerConfigKeys (ConfUtils.java:logGet(46)) - raft.server.notification.no-leader.timeout = 60s (default)
2022-09-03 01:13:08,492 [pool-2-thread-1] INFO  server.RaftServerConfigKeys (ConfUtils.java:logGet(46)) - raft.server.log.use.memory = false (default)
2022-09-03 01:13:08,503 [pool-2-thread-1] INFO  server.RaftServerConfigKeys (ConfUtils.java:logGet(46)) - raft.server.log.purge.gap = 1000000 (custom)
2022-09-03 01:13:08,503 [pool-2-thread-1] INFO  server.RaftServerConfigKeys (ConfUtils.java:logGet(46)) - raft.server.log.appender.buffer.byte-limit = 33554432 (custom)
2022-09-03 01:13:08,505 [pool-2-thread-1] INFO  server.RaftServerConfigKeys (ConfUtils.java:logGet(46)) - raft.server.log.statemachine.data.read.timeout = 1000ms (default)
2022-09-03 01:13:08,512 [pool-2-thread-1] INFO  metrics.MetricRegistries (MetricRegistriesLoader.java:load(64)) - Loaded MetricRegistries class org.apache.ratis.metrics.impl.MetricRegistriesImpl
2022-09-03 01:13:08,604 [pool-2-thread-1] INFO  server.RaftServerConfigKeys (ConfUtils.java:logGet(46)) - raft.server.log.segment.size.max = 4194304 (custom)
2022-09-03 01:13:08,612 [pool-2-thread-1] INFO  server.RaftServerConfigKeys (ConfUtils.java:logGet(46)) - raft.server.log.segment.cache.num.max = 2 (custom)
2022-09-03 01:13:08,612 [pool-2-thread-1] INFO  server.RaftServerConfigKeys (ConfUtils.java:logGet(46)) - raft.server.log.segment.cache.size.max = 200MB (=209715200) (default)
2022-09-03 01:13:08,619 [pool-2-thread-1] INFO  segmented.SegmentedRaftLogWorker (SegmentedRaftLogWorker.java:<init>(187)) - new 5abf6683-c399-417c-b48d-34ddeee7dd89@group-BEC42C492C64-SegmentedRaftLogWorker for RaftStorageImpl:Storage Directory /home/runner/work/ozone/ozone/hadoop-ozone/integration-test/target/test-dir/MiniOzoneClusterImpl-b7bb7c95-97ac-4743-8c58-bec42c492c64/scmNode-1/scm-ha/b7bb7c95-97ac-4743-8c58-bec42c492c64
2022-09-03 01:13:08,619 [pool-2-thread-1] INFO  server.RaftServerConfigKeys (ConfUtils.java:logGet(46)) - raft.server.log.queue.byte-limit = 64MB (=67108864) (default)
2022-09-03 01:13:08,620 [pool-2-thread-1] INFO  server.RaftServerConfigKeys (ConfUtils.java:logGet(46)) - raft.server.log.queue.element-limit = 4096 (default)
2022-09-03 01:13:08,621 [pool-2-thread-1] INFO  server.RaftServerConfigKeys (ConfUtils.java:logGet(46)) - raft.server.log.segment.size.max = 4194304 (custom)
2022-09-03 01:13:08,621 [pool-2-thread-1] INFO  server.RaftServerConfigKeys (ConfUtils.java:logGet(46)) - raft.server.log.preallocated.size = 4194304 (custom)
2022-09-03 01:13:08,622 [pool-2-thread-1] INFO  server.RaftServerConfigKeys (ConfUtils.java:logGet(46)) - raft.server.log.force.sync.num = 128 (default)
2022-09-03 01:13:08,623 [pool-2-thread-1] INFO  server.RaftServerConfigKeys (ConfUtils.java:logGet(46)) - raft.server.log.statemachine.data.sync = true (default)
2022-09-03 01:13:08,623 [pool-2-thread-1] INFO  server.RaftServerConfigKeys (ConfUtils.java:logGet(46)) - raft.server.log.statemachine.data.sync.timeout = 10s (default)
2022-09-03 01:13:08,624 [pool-2-thread-1] INFO  server.RaftServerConfigKeys (ConfUtils.java:logGet(46)) - raft.server.log.statemachine.data.sync.timeout.retry = -1 (default)
2022-09-03 01:13:08,637 [pool-2-thread-1] INFO  server.RaftServerConfigKeys (ConfUtils.java:logGet(46)) - raft.server.log.write.buffer.size = 64KB (=65536) (default)
2022-09-03 01:13:08,637 [pool-2-thread-1] INFO  server.RaftServerConfigKeys (ConfUtils.java:logGet(46)) - raft.server.log.unsafe-flush.enabled = false (default)
2022-09-03 01:13:08,638 [pool-2-thread-1] INFO  server.RaftServerConfigKeys (ConfUtils.java:logGet(46)) - raft.server.log.statemachine.data.caching.enabled = false (default)
2022-09-03 01:13:08,645 [pool-2-thread-1] INFO  segmented.SegmentedRaftLogWorker (SegmentedRaftLogWorker.java:lambda$new$0(135)) - 5abf6683-c399-417c-b48d-34ddeee7dd89@group-BEC42C492C64-SegmentedRaftLogWorker: flushIndex: setUnconditionally 0 -> -1
2022-09-03 01:13:08,645 [pool-2-thread-1] INFO  segmented.SegmentedRaftLogWorker (SegmentedRaftLogWorker.java:lambda$new$0(135)) - 5abf6683-c399-417c-b48d-34ddeee7dd89@group-BEC42C492C64-SegmentedRaftLogWorker: safeCacheEvictIndex: setUnconditionally 0 -> -1
2022-09-03 01:13:08,652 [pool-2-thread-1] INFO  server.RaftServerConfigKeys (ConfUtils.java:logGet(46)) - raft.server.snapshot.auto.trigger.enabled = true (custom)
2022-09-03 01:13:08,653 [pool-2-thread-1] INFO  server.RaftServerConfigKeys (ConfUtils.java:logGet(46)) - raft.server.snapshot.auto.trigger.threshold = 1000 (custom)
2022-09-03 01:13:08,654 [pool-2-thread-1] INFO  server.RaftServerConfigKeys (ConfUtils.java:logGet(46)) - raft.server.snapshot.retention.file.num = -1 (default)
2022-09-03 01:13:08,655 [pool-2-thread-1] INFO  server.RaftServerConfigKeys (ConfUtils.java:logGet(46)) - raft.server.log.purge.upto.snapshot.index = false (default)
2022-09-03 01:13:08,657 [pool-2-thread-1] INFO  server.RaftServerConfigKeys (ConfUtils.java:logGet(46)) - raft.server.retrycache.expirytime = 60000ms (default)
2022-09-03 01:13:08,657 [pool-2-thread-1] INFO  server.RaftServerConfigKeys (ConfUtils.java:logGet(46)) - raft.server.retrycache.statistics.expirytime = 100μs (default)
2022-09-03 01:13:08,713 [pool-2-thread-1] INFO  server.RaftServerConfigKeys (ConfUtils.java:logGet(46)) - raft.server.log.appender.install.snapshot.enabled = false (custom)
2022-09-03 01:13:08,714 [pool-2-thread-1] INFO  server.RaftServerConfigKeys (ConfUtils.java:logGet(46)) - raft.server.threadpool.server.cached = true (default)
2022-09-03 01:13:08,716 [pool-2-thread-1] INFO  server.RaftServerConfigKeys (ConfUtils.java:logGet(46)) - raft.server.threadpool.server.size = 0 (default)
2022-09-03 01:13:08,716 [pool-2-thread-1] INFO  server.RaftServerConfigKeys (ConfUtils.java:logGet(46)) - raft.server.threadpool.client.cached = true (default)
2022-09-03 01:13:08,716 [pool-2-thread-1] INFO  server.RaftServerConfigKeys (ConfUtils.java:logGet(46)) - raft.server.threadpool.client.size = 0 (default)
2022-09-03 01:13:08,718 [5abf6683-c399-417c-b48d-34ddeee7dd89-impl-thread1] INFO  server.RaftServer$Division (RaftServerImpl.java:start(310)) - 5abf6683-c399-417c-b48d-34ddeee7dd89@group-BEC42C492C64: start as a follower, conf=-1: [5abf6683-c399-417c-b48d-34ddeee7dd89|rpc:localhost:37097|priority:0], old=null
2022-09-03 01:13:08,718 [5abf6683-c399-417c-b48d-34ddeee7dd89-impl-thread1] INFO  server.RaftServer$Division (RaftServerImpl.java:setRole(299)) - 5abf6683-c399-417c-b48d-34ddeee7dd89@group-BEC42C492C64: changes role from      null to FOLLOWER at term 0 for startAsFollower
2022-09-03 01:13:08,720 [5abf6683-c399-417c-b48d-34ddeee7dd89-impl-thread1] INFO  impl.RoleInfo (RoleInfo.java:updateAndGet(139)) - 5abf6683-c399-417c-b48d-34ddeee7dd89: start 5abf6683-c399-417c-b48d-34ddeee7dd89@group-BEC42C492C64-FollowerState
2022-09-03 01:13:08,722 [5abf6683-c399-417c-b48d-34ddeee7dd89-impl-thread1] INFO  util.JmxRegister (JmxRegister.java:tryRegister(44)) - Successfully registered JMX Bean with object name Ratis:service=RaftServer,group=group-BEC42C492C64,id=5abf6683-c399-417c-b48d-34ddeee7dd89
2022-09-03 01:13:08,728 [Time-limited test] INFO  server.RaftServer (RaftServerProxy.java:lambda$start$6(382)) - 5abf6683-c399-417c-b48d-34ddeee7dd89: start RPC server
2022-09-03 01:13:08,812 [Time-limited test] INFO  server.GrpcService (GrpcService.java:startImpl(260)) - 5abf6683-c399-417c-b48d-34ddeee7dd89: GrpcService started, listening on 37097
2022-09-03 01:13:08,815 [org.apache.ratis.util.JvmPauseMonitor$$Lambda$519/503118660@2eda13b8] INFO  util.JvmPauseMonitor (JvmPauseMonitor.java:run(103)) - JvmPauseMonitor-5abf6683-c399-417c-b48d-34ddeee7dd89: Started
2022-09-03 01:13:13,872 [5abf6683-c399-417c-b48d-34ddeee7dd89@group-BEC42C492C64-FollowerState] INFO  impl.FollowerState (FollowerState.java:run(143)) - 5abf6683-c399-417c-b48d-34ddeee7dd89@group-BEC42C492C64-FollowerState: change to CANDIDATE, lastRpcElapsedTime:5152244249ns, electionTimeout:5139ms
2022-09-03 01:13:13,873 [5abf6683-c399-417c-b48d-34ddeee7dd89@group-BEC42C492C64-FollowerState] INFO  impl.RoleInfo (RoleInfo.java:shutdownFollowerState(110)) - 5abf6683-c399-417c-b48d-34ddeee7dd89: shutdown 5abf6683-c399-417c-b48d-34ddeee7dd89@group-BEC42C492C64-FollowerState
2022-09-03 01:13:13,873 [5abf6683-c399-417c-b48d-34ddeee7dd89@group-BEC42C492C64-FollowerState] INFO  server.RaftServer$Division (RaftServerImpl.java:setRole(299)) - 5abf6683-c399-417c-b48d-34ddeee7dd89@group-BEC42C492C64: changes role from  FOLLOWER to CANDIDATE at term 0 for changeToCandidate
2022-09-03 01:13:13,877 [5abf6683-c399-417c-b48d-34ddeee7dd89@group-BEC42C492C64-FollowerState] INFO  server.RaftServerConfigKeys (ConfUtils.java:logGet(46)) - raft.server.leaderelection.pre-vote = false (custom)
2022-09-03 01:13:13,877 [5abf6683-c399-417c-b48d-34ddeee7dd89@group-BEC42C492C64-FollowerState] INFO  impl.RoleInfo (RoleInfo.java:updateAndGet(139)) - 5abf6683-c399-417c-b48d-34ddeee7dd89: start 5abf6683-c399-417c-b48d-34ddeee7dd89@group-BEC42C492C64-LeaderElection1
2022-09-03 01:13:13,882 [5abf6683-c399-417c-b48d-34ddeee7dd89@group-BEC42C492C64-LeaderElection1] INFO  impl.LeaderElection (LeaderElection.java:askForVotes(310)) - 5abf6683-c399-417c-b48d-34ddeee7dd89@group-BEC42C492C64-LeaderElection1 ELECTION round 0: submit vote requests at term 1 for -1: [5abf6683-c399-417c-b48d-34ddeee7dd89|rpc:localhost:37097|priority:0], old=null
2022-09-03 01:13:13,883 [5abf6683-c399-417c-b48d-34ddeee7dd89@group-BEC42C492C64-LeaderElection1] INFO  impl.LeaderElection (LeaderElection.java:askForVotes(312)) - 5abf6683-c399-417c-b48d-34ddeee7dd89@group-BEC42C492C64-LeaderElection1 ELECTION round 0: result PASSED (term=1)
2022-09-03 01:13:13,883 [5abf6683-c399-417c-b48d-34ddeee7dd89@group-BEC42C492C64-LeaderElection1] INFO  impl.RoleInfo (RoleInfo.java:shutdownLeaderElection(130)) - 5abf6683-c399-417c-b48d-34ddeee7dd89: shutdown 5abf6683-c399-417c-b48d-34ddeee7dd89@group-BEC42C492C64-LeaderElection1
2022-09-03 01:13:13,884 [5abf6683-c399-417c-b48d-34ddeee7dd89@group-BEC42C492C64-LeaderElection1] INFO  server.RaftServer$Division (RaftServerImpl.java:setRole(299)) - 5abf6683-c399-417c-b48d-34ddeee7dd89@group-BEC42C492C64: changes role from CANDIDATE to LEADER at term 1 for changeToLeader
2022-09-03 01:13:13,884 [5abf6683-c399-417c-b48d-34ddeee7dd89@group-BEC42C492C64-LeaderElection1] INFO  server.RaftServer$Division (ServerState.java:setLeader(287)) - 5abf6683-c399-417c-b48d-34ddeee7dd89@group-BEC42C492C64: change Leader from null to 5abf6683-c399-417c-b48d-34ddeee7dd89 at term 1 for becomeLeader, leader elected after 5398ms
2022-09-03 01:13:13,891 [5abf6683-c399-417c-b48d-34ddeee7dd89@group-BEC42C492C64-LeaderElection1] INFO  server.RaftServerConfigKeys (ConfUtils.java:logGet(46)) - raft.server.staging.catchup.gap = 1000 (default)
2022-09-03 01:13:13,896 [5abf6683-c399-417c-b48d-34ddeee7dd89@group-BEC42C492C64-LeaderElection1] INFO  server.RaftServerConfigKeys (ConfUtils.java:logGet(46)) - raft.server.write.element-limit = 4096 (default)
2022-09-03 01:13:13,897 [5abf6683-c399-417c-b48d-34ddeee7dd89@group-BEC42C492C64-LeaderElection1] INFO  server.RaftServerConfigKeys (ConfUtils.java:logGet(46)) - raft.server.write.byte-limit = 64MB (=67108864) (default)
2022-09-03 01:13:13,905 [5abf6683-c399-417c-b48d-34ddeee7dd89@group-BEC42C492C64-LeaderElection1] INFO  server.RaftServerConfigKeys (ConfUtils.java:logGet(46)) - raft.server.watch.timeout = 10s (default)
2022-09-03 01:13:13,905 [5abf6683-c399-417c-b48d-34ddeee7dd89@group-BEC42C492C64-LeaderElection1] INFO  server.RaftServerConfigKeys (ConfUtils.java:logGet(46)) - raft.server.watch.timeout.denomination = 1s (default)
2022-09-03 01:13:13,906 [5abf6683-c399-417c-b48d-34ddeee7dd89@group-BEC42C492C64-LeaderElection1] INFO  server.RaftServerConfigKeys (ConfUtils.java:logGet(46)) - raft.server.watch.element-limit = 65536 (default)
2022-09-03 01:13:13,911 [5abf6683-c399-417c-b48d-34ddeee7dd89@group-BEC42C492C64-LeaderElection1] INFO  server.RaftServerConfigKeys (ConfUtils.java:logGet(46)) - raft.server.write.element-limit = 4096 (default)
2022-09-03 01:13:13,913 [5abf6683-c399-417c-b48d-34ddeee7dd89@group-BEC42C492C64-LeaderElection1] INFO  server.RaftServerConfigKeys (ConfUtils.java:logGet(46)) - raft.server.write.follower.gap.ratio.max = -1.0 (default)
2022-09-03 01:13:13,916 [5abf6683-c399-417c-b48d-34ddeee7dd89@group-BEC42C492C64-LeaderElection1] INFO  impl.RoleInfo (RoleInfo.java:updateAndGet(139)) - 5abf6683-c399-417c-b48d-34ddeee7dd89: start 5abf6683-c399-417c-b48d-34ddeee7dd89@group-BEC42C492C64-LeaderStateImpl
2022-09-03 01:13:13,945 [5abf6683-c399-417c-b48d-34ddeee7dd89@group-BEC42C492C64-LeaderElection1] INFO  segmented.SegmentedRaftLogWorker (SegmentedRaftLogWorker.java:startLogSegment(425)) - 5abf6683-c399-417c-b48d-34ddeee7dd89@group-BEC42C492C64-SegmentedRaftLogWorker: Starting segment from index:0
2022-09-03 01:13:13,978 [5abf6683-c399-417c-b48d-34ddeee7dd89@group-BEC42C492C64-LeaderElection1] INFO  server.RaftServer$Division (ServerState.java:setRaftConf(393)) - 5abf6683-c399-417c-b48d-34ddeee7dd89@group-BEC42C492C64: set configuration 0: [5abf6683-c399-417c-b48d-34ddeee7dd89|rpc:localhost:37097|admin:|client:|dataStream:|priority:0], old=null
2022-09-03 01:13:14,051 [5abf6683-c399-417c-b48d-34ddeee7dd89@group-BEC42C492C64-SegmentedRaftLogWorker] INFO  segmented.SegmentedRaftLogWorker (SegmentedRaftLogWorker.java:execute(629)) - 5abf6683-c399-417c-b48d-34ddeee7dd89@group-BEC42C492C64-SegmentedRaftLogWorker: created new log segment /home/runner/work/ozone/ozone/hadoop-ozone/integration-test/target/test-dir/MiniOzoneClusterImpl-b7bb7c95-97ac-4743-8c58-bec42c492c64/scmNode-1/scm-ha/b7bb7c95-97ac-4743-8c58-bec42c492c64/current/log_inprogress_0
2022-09-03 01:13:14,818 [Time-limited test] INFO  server.RaftServer (RaftServerProxy.java:lambda$close$7(398)) - 5abf6683-c399-417c-b48d-34ddeee7dd89: close
2022-09-03 01:13:14,821 [Time-limited test] INFO  server.RaftServer$Division (RaftServerImpl.java:lambda$close$4(434)) - 5abf6683-c399-417c-b48d-34ddeee7dd89@group-BEC42C492C64: shutdown
2022-09-03 01:13:14,821 [Time-limited test] INFO  util.JmxRegister (JmxRegister.java:unregister(73)) - Successfully un-registered JMX Bean with object name Ratis:service=RaftServer,group=group-BEC42C492C64,id=5abf6683-c399-417c-b48d-34ddeee7dd89
2022-09-03 01:13:14,822 [Time-limited test] INFO  impl.RoleInfo (RoleInfo.java:shutdownLeaderState(93)) - 5abf6683-c399-417c-b48d-34ddeee7dd89: shutdown 5abf6683-c399-417c-b48d-34ddeee7dd89@group-BEC42C492C64-LeaderStateImpl
2022-09-03 01:13:14,831 [Time-limited test] INFO  impl.PendingRequests (PendingRequests.java:sendNotLeaderResponses(282)) - 5abf6683-c399-417c-b48d-34ddeee7dd89@group-BEC42C492C64-PendingRequests: sendNotLeaderResponses
2022-09-03 01:13:14,835 [Time-limited test] INFO  impl.StateMachineUpdater (StateMachineUpdater.java:stopAndJoin(153)) - 5abf6683-c399-417c-b48d-34ddeee7dd89@group-BEC42C492C64-StateMachineUpdater: set stopIndex = 0
2022-09-03 01:13:14,839 [5abf6683-c399-417c-b48d-34ddeee7dd89@group-BEC42C492C64-StateMachineUpdater] INFO  impl.StateMachineUpdater (StateMachineUpdater.java:takeSnapshot(287)) - 5abf6683-c399-417c-b48d-34ddeee7dd89@group-BEC42C492C64-StateMachineUpdater: Took a snapshot at index 0
2022-09-03 01:13:14,839 [5abf6683-c399-417c-b48d-34ddeee7dd89@group-BEC42C492C64-StateMachineUpdater] INFO  impl.StateMachineUpdater (StateMachineUpdater.java:lambda$new$0(92)) - 5abf6683-c399-417c-b48d-34ddeee7dd89@group-BEC42C492C64-StateMachineUpdater: snapshotIndex: updateIncreasingly -1 -> 0
2022-09-03 01:13:14,842 [Time-limited test] INFO  server.RaftServer$Division (ServerState.java:close(429)) - 5abf6683-c399-417c-b48d-34ddeee7dd89@group-BEC42C492C64: closes. applyIndex: 0
2022-09-03 01:13:14,845 [5abf6683-c399-417c-b48d-34ddeee7dd89@group-BEC42C492C64-SegmentedRaftLogWorker] INFO  segmented.SegmentedRaftLogWorker (SegmentedRaftLogWorker.java:run(336)) - 5abf6683-c399-417c-b48d-34ddeee7dd89@group-BEC42C492C64-SegmentedRaftLogWorker was interrupted, exiting. There are 0 tasks remaining in the queue.
2022-09-03 01:13:14,854 [Time-limited test] INFO  segmented.SegmentedRaftLogWorker (SegmentedRaftLogWorker.java:close(246)) - 5abf6683-c399-417c-b48d-34ddeee7dd89@group-BEC42C492C64-SegmentedRaftLogWorker close()
2022-09-03 01:13:14,857 [Time-limited test] INFO  server.GrpcService (GrpcService.java:closeImpl(269)) - 5abf6683-c399-417c-b48d-34ddeee7dd89: shutdown server with port 37097 now
2022-09-03 01:13:14,878 [Time-limited test] INFO  server.GrpcService (GrpcService.java:closeImpl(278)) - 5abf6683-c399-417c-b48d-34ddeee7dd89: shutdown server with port 37097 successfully
2022-09-03 01:13:14,878 [org.apache.ratis.util.JvmPauseMonitor$$Lambda$519/503118660@2eda13b8] INFO  util.JvmPauseMonitor (JvmPauseMonitor.java:run(109)) - JvmPauseMonitor-5abf6683-c399-417c-b48d-34ddeee7dd89: Stopped
2022-09-03 01:13:14,879 [Time-limited test] WARN  server.ServerUtils (ServerUtils.java:getScmDbDir(148)) - ozone.scm.db.dirs is not configured. We recommend adding this setting. Falling back to ozone.metadata.dirs instead.
2022-09-03 01:13:14,882 [Time-limited test] INFO  server.StorageContainerManager (StorageContainerManager.java:scmInit(1246)) - SCM initialization succeeded. Current cluster id for sd=/home/runner/work/ozone/ozone/hadoop-ozone/integration-test/target/test-dir/MiniOzoneClusterImpl-b7bb7c95-97ac-4743-8c58-bec42c492c64/scmNode-1/scm; cid=b7bb7c95-97ac-4743-8c58-bec42c492c64; layoutVersion=4; scmId=5abf6683-c399-417c-b48d-34ddeee7dd89
2022-09-03 01:13:14,893 [Time-limited test] WARN  server.ServerUtils (ServerUtils.java:getScmDbDir(148)) - ozone.scm.db.dirs is not configured. We recommend adding this setting. Falling back to ozone.metadata.dirs instead.
2022-09-03 01:13:14,893 [Time-limited test] INFO  ha.SCMHANodeDetails (SCMHANodeDetails.java:loadSCMHAConfig(209)) - ServiceID for StorageContainerManager is scmServiceId
2022-09-03 01:13:14,893 [Time-limited test] INFO  ha.SCMHANodeDetails (SCMHANodeDetails.java:loadSCMHAConfig(220)) - ServiceID for StorageContainerManager is scmServiceId
2022-09-03 01:13:14,894 [Time-limited test] WARN  scm.ScmUtils (ScmUtils.java:logWarn(179)) - ConfigKey ozone.scm.block.client.address is deprecated, For configuring different ports for each SCM use PortConfigKey ozone.scm.block.client.port appended with serviceId and nodeId. If want to configure same port configure ozone.scm.block.client.port
2022-09-03 01:13:14,894 [Time-limited test] WARN  scm.ScmUtils (ScmUtils.java:logWarn(179)) - ConfigKey ozone.scm.client.address is deprecated, For configuring different ports for each SCM use PortConfigKey ozone.scm.client.port appended with serviceId and nodeId. If want to configure same port configure ozone.scm.client.port
2022-09-03 01:13:14,894 [Time-limited test] WARN  scm.ScmUtils (ScmUtils.java:logWarn(179)) - ConfigKey ozone.scm.datanode.address is deprecated, For configuring different ports for each SCM use PortConfigKey ozone.scm.datanode.port appended with serviceId and nodeId. If want to configure same port configure ozone.scm.datanode.port
2022-09-03 01:13:14,895 [Time-limited test] WARN  scm.ScmUtils (ScmUtils.java:logWarn(179)) - ConfigKey ozone.scm.block.client.address is deprecated, For configuring different ports for each SCM use PortConfigKey ozone.scm.block.client.port appended with serviceId and nodeId. If want to configure same port configure ozone.scm.block.client.port
2022-09-03 01:13:14,895 [Time-limited test] WARN  scm.ScmUtils (ScmUtils.java:logWarn(179)) - ConfigKey ozone.scm.client.address is deprecated, For configuring different ports for each SCM use PortConfigKey ozone.scm.client.port appended with serviceId and nodeId. If want to configure same port configure ozone.scm.client.port
2022-09-03 01:13:14,897 [Time-limited test] WARN  scm.ScmUtils (ScmUtils.java:logWarn(179)) - ConfigKey ozone.scm.datanode.address is deprecated, For configuring different ports for each SCM use PortConfigKey ozone.scm.datanode.port appended with serviceId and nodeId. If want to configure same port configure ozone.scm.datanode.port
2022-09-03 01:13:14,898 [Time-limited test] INFO  ha.SCMHANodeDetails (SCMHANodeDetails.java:loadSCMHAConfig(307)) - Found matching SCM address with SCMServiceId: scmServiceId, SCMNodeId: scmNode-1, RPC Address: localhost:37097 and Ratis port: 37097
2022-09-03 01:13:14,898 [Time-limited test] INFO  ha.SCMHANodeDetails (ConfUtils.java:setNodeSpecificConfigs(97)) - Setting configuration key ozone.scm.datanode.address with value of key ozone.scm.datanode.address.scmServiceId.scmNode-1: 127.0.0.1:36917
2022-09-03 01:13:14,898 [Time-limited test] INFO  ha.SCMHANodeDetails (ConfUtils.java:setNodeSpecificConfigs(97)) - Setting configuration key ozone.scm.block.client.address with value of key ozone.scm.block.client.address.scmServiceId.scmNode-1: 127.0.0.1:41665
2022-09-03 01:13:14,898 [Time-limited test] INFO  ha.SCMHANodeDetails (ConfUtils.java:setNodeSpecificConfigs(97)) - Setting configuration key ozone.scm.client.address with value of key ozone.scm.client.address.scmServiceId.scmNode-1: 127.0.0.1:35673
2022-09-03 01:13:14,899 [Time-limited test] INFO  ha.SCMHANodeDetails (ConfUtils.java:setNodeSpecificConfigs(97)) - Setting configuration key ozone.scm.ratis.port with value of key ozone.scm.ratis.port.scmServiceId.scmNode-1: 37097
2022-09-03 01:13:14,902 [Time-limited test] INFO  ha.SCMHANodeDetails (ConfUtils.java:setNodeSpecificConfigs(97)) - Setting configuration key ozone.scm.grpc.port with value of key ozone.scm.grpc.port.scmServiceId.scmNode-1: 38017
2022-09-03 01:13:14,902 [Time-limited test] INFO  ha.SCMHANodeDetails (ConfUtils.java:setNodeSpecificConfigs(97)) - Setting configuration key ozone.scm.http-address with value of key ozone.scm.http-address.scmServiceId.scmNode-1: 127.0.0.1:46645
2022-09-03 01:13:14,903 [Time-limited test] INFO  ha.SCMHANodeDetails (ConfUtils.java:setNodeSpecificConfigs(97)) - Setting configuration key ozone.scm.https-address with value of key ozone.scm.https-address.scmServiceId.scmNode-1: 127.0.0.1:36319
2022-09-03 01:13:14,903 [Time-limited test] INFO  ha.SCMHANodeDetails (ConfUtils.java:setNodeSpecificConfigs(97)) - Setting configuration key ozone.scm.address with value of key ozone.scm.address.scmServiceId.scmNode-1: 127.0.0.1
2022-09-03 01:13:14,903 [Time-limited test] WARN  scm.ScmUtils (ScmUtils.java:logWarn(179)) - ConfigKey ozone.scm.block.client.address is deprecated, For configuring different ports for each SCM use PortConfigKey ozone.scm.block.client.port appended with serviceId and nodeId. If want to configure same port configure ozone.scm.block.client.port
2022-09-03 01:13:14,903 [Time-limited test] WARN  scm.ScmUtils (ScmUtils.java:logWarn(179)) - ConfigKey ozone.scm.client.address is deprecated, For configuring different ports for each SCM use PortConfigKey ozone.scm.client.port appended with serviceId and nodeId. If want to configure same port configure ozone.scm.client.port
2022-09-03 01:13:14,903 [Time-limited test] WARN  scm.ScmUtils (ScmUtils.java:logWarn(179)) - ConfigKey ozone.scm.datanode.address is deprecated, For configuring different ports for each SCM use PortConfigKey ozone.scm.datanode.port appended with serviceId and nodeId. If want to configure same port configure ozone.scm.datanode.port
2022-09-03 01:13:15,353 [Time-limited test] WARN  utils.HAUtils (HAUtils.java:getMetaDir(342)) - ozone.scm.db.dirs is not configured. We recommend adding this setting. Falling back to ozone.metadata.dirs instead.
2022-09-03 01:13:15,491 [Time-limited test] WARN  db.DBStoreBuilder (DBStoreBuilder.java:applyDBDefinition(143)) - ozone.scm.db.dirs is not configured. We recommend adding this setting. Falling back to ozone.metadata.dirs instead.
2022-09-03 01:13:15,716 [Time-limited test] INFO  net.NodeSchemaLoader (NodeSchemaLoader.java:loadSchemaFromFile(129)) - Loading schema from [jar:file:/home/runner/.m2/repository/org/apache/ozone/hdds-common/1.3.0-SNAPSHOT/hdds-common-1.3.0-SNAPSHOT.jar!/network-topology-default.xml]
2022-09-03 01:13:15,718 [Time-limited test] INFO  net.NodeSchemaLoader (NodeSchemaLoader.java:loadSchema(176)) - Loading network topology layer schema file
2022-09-03 01:13:15,857 [Time-limited test] INFO  ha.SCMRatisServerImpl (SCMRatisServerImpl.java:<init>(87)) - starting Raft server for scm:5abf6683-c399-417c-b48d-34ddeee7dd89
2022-09-03 01:13:15,861 [Time-limited test] INFO  server.RaftServer (ConfUtils.java:logGet(46)) - raft.rpc.type = GRPC (default)
2022-09-03 01:13:15,861 [Time-limited test] INFO  grpc.GrpcFactory (GrpcFactory.java:checkPooledByteBufAllocatorUseCacheForAllThreads(48)) - PERFORMANCE WARNING: useCacheForAllThreads is true that may cause Netty to create a lot garbage objects and, as a result, trigger GC.
	It is recommended to disable useCacheForAllThreads by setting -Dorg.apache.ratis.thirdparty.io.netty.allocator.useCacheForAllThreads=false in command line.
2022-09-03 01:13:15,862 [Time-limited test] INFO  grpc.GrpcConfigKeys (ConfUtils.java:logGet(46)) - raft.grpc.admin.port = -1 (default)
2022-09-03 01:13:15,862 [Time-limited test] INFO  grpc.GrpcConfigKeys (ConfUtils.java:logGet(46)) - raft.grpc.server.port = 37097 (custom)
2022-09-03 01:13:15,862 [Time-limited test] INFO  grpc.GrpcConfigKeys (ConfUtils.java:logGet(46)) - raft.grpc.client.port = -1 (default)
2022-09-03 01:13:15,862 [Time-limited test] INFO  grpc.GrpcConfigKeys (ConfUtils.java:logGet(46)) - raft.grpc.server.port = 37097 (custom)
2022-09-03 01:13:15,862 [Time-limited test] INFO  grpc.GrpcConfigKeys (ConfUtils.java:logGet(46)) - raft.grpc.server.port = 37097 (custom)
2022-09-03 01:13:15,862 [Time-limited test] INFO  server.GrpcService (ConfUtils.java:logGet(46)) - raft.grpc.message.size.max = 32m (=33554432) (custom)
2022-09-03 01:13:15,863 [Time-limited test] INFO  server.RaftServerConfigKeys (ConfUtils.java:logGet(46)) - raft.server.log.appender.buffer.byte-limit = 33554432 (custom)
2022-09-03 01:13:15,863 [Time-limited test] INFO  server.GrpcService (ConfUtils.java:logGet(46)) - raft.grpc.flow.control.window = 1MB (=1048576) (default)
2022-09-03 01:13:15,863 [Time-limited test] INFO  server.RaftServerConfigKeys (ConfUtils.java:logGet(46)) - raft.server.rpc.request.timeout = 30000ms (custom)
2022-09-03 01:13:15,863 [Time-limited test] INFO  grpc.GrpcConfigKeys (ConfUtils.java:logGet(46)) - raft.grpc.server.async.request.thread.pool.cached = true (default)
2022-09-03 01:13:15,863 [Time-limited test] INFO  grpc.GrpcConfigKeys (ConfUtils.java:logGet(46)) - raft.grpc.server.async.request.thread.pool.size = 32 (default)
2022-09-03 01:13:15,864 [Time-limited test] INFO  impl.DataStreamServerImpl (ConfUtils.java:logGet(46)) - raft.datastream.type = DISABLED (default)
2022-09-03 01:13:15,865 [Time-limited test] INFO  server.RaftServerConfigKeys (ConfUtils.java:logGet(46)) - raft.server.threadpool.proxy.cached = true (default)
2022-09-03 01:13:15,865 [Time-limited test] INFO  server.RaftServerConfigKeys (ConfUtils.java:logGet(46)) - raft.server.threadpool.proxy.size = 0 (default)
2022-09-03 01:13:15,865 [Time-limited test] INFO  server.RaftServerConfigKeys (ConfUtils.java:logGet(46)) - raft.server.rpc.slowness.timeout = 120000ms (custom)
2022-09-03 01:13:15,865 [Time-limited test] INFO  server.RaftServerConfigKeys (ConfUtils.java:logGet(46)) - raft.server.leaderelection.leader.step-down.wait-time = 10s (default)
2022-09-03 01:13:15,866 [Time-limited test] INFO  server.RaftServerConfigKeys (ConfUtils.java:logGet(46)) - raft.server.storage.dir = [/home/runner/work/ozone/ozone/hadoop-ozone/integration-test/target/test-dir/MiniOzoneClusterImpl-b7bb7c95-97ac-4743-8c58-bec42c492c64/scmNode-1/scm-ha] (custom)
2022-09-03 01:13:15,867 [5abf6683-c399-417c-b48d-34ddeee7dd89-impl-thread1] INFO  server.RaftServer (RaftServerProxy.java:initGroupDir(247)) - 5abf6683-c399-417c-b48d-34ddeee7dd89: found a subdirectory /home/runner/work/ozone/ozone/hadoop-ozone/integration-test/target/test-dir/MiniOzoneClusterImpl-b7bb7c95-97ac-4743-8c58-bec42c492c64/scmNode-1/scm-ha/b7bb7c95-97ac-4743-8c58-bec42c492c64
2022-09-03 01:13:15,868 [Time-limited test] INFO  server.RaftServer (RaftServerProxy.java:addNew(96)) - 5abf6683-c399-417c-b48d-34ddeee7dd89: addNew group-BEC42C492C64:[] returns group-BEC42C492C64:java.util.concurrent.CompletableFuture@21aef759[Not completed]
2022-09-03 01:13:15,871 [pool-19-thread-1] INFO  server.RaftServer$Division (RaftServerImpl.java:<init>(190)) - 5abf6683-c399-417c-b48d-34ddeee7dd89: new RaftServerImpl for group-BEC42C492C64:[] with SCMStateMachine:uninitialized
2022-09-03 01:13:15,871 [pool-19-thread-1] INFO  server.RaftServerConfigKeys (ConfUtils.java:logGet(46)) - raft.server.rpc.timeout.min = 5000ms (custom)
2022-09-03 01:13:15,871 [pool-19-thread-1] INFO  server.RaftServerConfigKeys (ConfUtils.java:logGet(46)) - raft.server.rpc.timeout.max = 5200ms (custom)
2022-09-03 01:13:15,872 [pool-19-thread-1] INFO  server.RaftServerConfigKeys (ConfUtils.java:logGet(46)) - raft.server.rpc.sleep.time = 25ms (default)
2022-09-03 01:13:15,872 [pool-19-thread-1] INFO  server.RaftServerConfigKeys (ConfUtils.java:logGet(46)) - raft.server.rpc.slowness.timeout = 120000ms (custom)
2022-09-03 01:13:15,872 [pool-19-thread-1] INFO  server.RaftServerConfigKeys (ConfUtils.java:logGet(46)) - raft.server.leaderelection.leader.step-down.wait-time = 10s (default)
2022-09-03 01:13:15,872 [pool-19-thread-1] INFO  server.RaftServerConfigKeys (ConfUtils.java:logGet(46)) - raft.server.sleep.deviation.threshold = 300ms (default)
2022-09-03 01:13:15,872 [pool-19-thread-1] INFO  server.RaftServer$Division (ServerState.java:<init>(107)) - 5abf6683-c399-417c-b48d-34ddeee7dd89@group-BEC42C492C64: ConfigurationManager, init=-1: [], old=null, confs=<EMPTY_MAP>
2022-09-03 01:13:15,872 [pool-19-thread-1] INFO  server.RaftServerConfigKeys (ConfUtils.java:logGet(46)) - raft.server.storage.dir = [/home/runner/work/ozone/ozone/hadoop-ozone/integration-test/target/test-dir/MiniOzoneClusterImpl-b7bb7c95-97ac-4743-8c58-bec42c492c64/scmNode-1/scm-ha] (custom)
2022-09-03 01:13:15,872 [pool-19-thread-1] INFO  server.RaftServerConfigKeys (ConfUtils.java:logGet(46)) - raft.server.log.corruption.policy = EXCEPTION (default)
2022-09-03 01:13:15,873 [pool-19-thread-1] INFO  server.RaftServerConfigKeys (ConfUtils.java:logGet(46)) - raft.server.storage.free-space.min = 0MB (=0) (default)
2022-09-03 01:13:15,876 [pool-19-thread-1] INFO  storage.RaftStorageDirectory (RaftStorageDirectoryImpl.java:tryLock(230)) - Lock on /home/runner/work/ozone/ozone/hadoop-ozone/integration-test/target/test-dir/MiniOzoneClusterImpl-b7bb7c95-97ac-4743-8c58-bec42c492c64/scmNode-1/scm-ha/b7bb7c95-97ac-4743-8c58-bec42c492c64/in_use.lock acquired by nodename 24955@fv-az504-37
2022-09-03 01:13:15,877 [pool-19-thread-1] INFO  storage.RaftStorage (RaftStorageImpl.java:analyzeAndRecoverStorage(110)) - Read RaftStorageMetadata{term=1, votedFor=5abf6683-c399-417c-b48d-34ddeee7dd89} from /home/runner/work/ozone/ozone/hadoop-ozone/integration-test/target/test-dir/MiniOzoneClusterImpl-b7bb7c95-97ac-4743-8c58-bec42c492c64/scmNode-1/scm-ha/b7bb7c95-97ac-4743-8c58-bec42c492c64/current/raft-meta
2022-09-03 01:13:15,884 [pool-19-thread-1] INFO  server.RaftServer$Division (ServerState.java:setRaftConf(393)) - 5abf6683-c399-417c-b48d-34ddeee7dd89@group-BEC42C492C64: set configuration 0: [5abf6683-c399-417c-b48d-34ddeee7dd89|rpc:localhost:37097|admin:|client:|dataStream:|priority:0], old=null
2022-09-03 01:13:15,884 [pool-19-thread-1] INFO  server.RaftServerConfigKeys (ConfUtils.java:logGet(46)) - raft.server.notification.no-leader.timeout = 60s (default)
2022-09-03 01:13:15,885 [pool-19-thread-1] INFO  server.RaftServerConfigKeys (ConfUtils.java:logGet(46)) - raft.server.log.use.memory = false (default)
2022-09-03 01:13:15,885 [pool-19-thread-1] INFO  server.RaftServerConfigKeys (ConfUtils.java:logGet(46)) - raft.server.log.purge.gap = 1000000 (custom)
2022-09-03 01:13:15,885 [pool-19-thread-1] INFO  server.RaftServerConfigKeys (ConfUtils.java:logGet(46)) - raft.server.log.appender.buffer.byte-limit = 33554432 (custom)
2022-09-03 01:13:15,885 [pool-19-thread-1] INFO  server.RaftServerConfigKeys (ConfUtils.java:logGet(46)) - raft.server.log.statemachine.data.read.timeout = 1000ms (default)
2022-09-03 01:13:15,888 [pool-19-thread-1] INFO  server.RaftServerConfigKeys (ConfUtils.java:logGet(46)) - raft.server.log.segment.size.max = 4194304 (custom)
2022-09-03 01:13:15,888 [pool-19-thread-1] INFO  server.RaftServerConfigKeys (ConfUtils.java:logGet(46)) - raft.server.log.segment.cache.num.max = 2 (custom)
2022-09-03 01:13:15,889 [pool-19-thread-1] INFO  server.RaftServerConfigKeys (ConfUtils.java:logGet(46)) - raft.server.log.segment.cache.size.max = 200MB (=209715200) (default)
2022-09-03 01:13:15,889 [pool-19-thread-1] INFO  segmented.SegmentedRaftLogWorker (SegmentedRaftLogWorker.java:<init>(187)) - new 5abf6683-c399-417c-b48d-34ddeee7dd89@group-BEC42C492C64-SegmentedRaftLogWorker for RaftStorageImpl:Storage Directory /home/runner/work/ozone/ozone/hadoop-ozone/integration-test/target/test-dir/MiniOzoneClusterImpl-b7bb7c95-97ac-4743-8c58-bec42c492c64/scmNode-1/scm-ha/b7bb7c95-97ac-4743-8c58-bec42c492c64
2022-09-03 01:13:15,889 [pool-19-thread-1] INFO  server.RaftServerConfigKeys (ConfUtils.java:logGet(46)) - raft.server.log.queue.byte-limit = 64MB (=67108864) (default)
2022-09-03 01:13:15,889 [pool-19-thread-1] INFO  server.RaftServerConfigKeys (ConfUtils.java:logGet(46)) - raft.server.log.queue.element-limit = 4096 (default)
2022-09-03 01:13:15,889 [pool-19-thread-1] INFO  server.RaftServerConfigKeys (ConfUtils.java:logGet(46)) - raft.server.log.segment.size.max = 4194304 (custom)
2022-09-03 01:13:15,889 [pool-19-thread-1] INFO  server.RaftServerConfigKeys (ConfUtils.java:logGet(46)) - raft.server.log.preallocated.size = 4194304 (custom)
2022-09-03 01:13:15,889 [pool-19-thread-1] INFO  server.RaftServerConfigKeys (ConfUtils.java:logGet(46)) - raft.server.log.force.sync.num = 128 (default)
2022-09-03 01:13:15,889 [pool-19-thread-1] INFO  server.RaftServerConfigKeys (ConfUtils.java:logGet(46)) - raft.server.log.statemachine.data.sync = true (default)
2022-09-03 01:13:15,890 [pool-19-thread-1] INFO  server.RaftServerConfigKeys (ConfUtils.java:logGet(46)) - raft.server.log.statemachine.data.sync.timeout = 10s (default)
2022-09-03 01:13:15,890 [pool-19-thread-1] INFO  server.RaftServerConfigKeys (ConfUtils.java:logGet(46)) - raft.server.log.statemachine.data.sync.timeout.retry = -1 (default)
2022-09-03 01:13:15,891 [pool-19-thread-1] INFO  server.RaftServerConfigKeys (ConfUtils.java:logGet(46)) - raft.server.log.write.buffer.size = 64KB (=65536) (default)
2022-09-03 01:13:15,891 [pool-19-thread-1] INFO  server.RaftServerConfigKeys (ConfUtils.java:logGet(46)) - raft.server.log.unsafe-flush.enabled = false (default)
2022-09-03 01:13:15,891 [pool-19-thread-1] INFO  server.RaftServerConfigKeys (ConfUtils.java:logGet(46)) - raft.server.log.statemachine.data.caching.enabled = false (default)
2022-09-03 01:13:15,897 [pool-19-thread-1] INFO  server.RaftServer$Division (ServerState.java:setRaftConf(393)) - 5abf6683-c399-417c-b48d-34ddeee7dd89@group-BEC42C492C64: set configuration 0: [5abf6683-c399-417c-b48d-34ddeee7dd89|rpc:localhost:37097|admin:|client:|dataStream:|priority:0], old=null
2022-09-03 01:13:15,897 [pool-19-thread-1] INFO  segmented.LogSegment (LogSegment.java:loadSegment(173)) - Successfully read 1 entries from segment file /home/runner/work/ozone/ozone/hadoop-ozone/integration-test/target/test-dir/MiniOzoneClusterImpl-b7bb7c95-97ac-4743-8c58-bec42c492c64/scmNode-1/scm-ha/b7bb7c95-97ac-4743-8c58-bec42c492c64/current/log_inprogress_0
2022-09-03 01:13:15,898 [pool-19-thread-1] INFO  segmented.SegmentedRaftLogWorker (SegmentedRaftLogWorker.java:lambda$new$0(135)) - 5abf6683-c399-417c-b48d-34ddeee7dd89@group-BEC42C492C64-SegmentedRaftLogWorker: flushIndex: setUnconditionally 0 -> 0
2022-09-03 01:13:15,898 [pool-19-thread-1] INFO  segmented.SegmentedRaftLogWorker (SegmentedRaftLogWorker.java:lambda$new$0(135)) - 5abf6683-c399-417c-b48d-34ddeee7dd89@group-BEC42C492C64-SegmentedRaftLogWorker: safeCacheEvictIndex: setUnconditionally 0 -> -1
2022-09-03 01:13:15,898 [pool-19-thread-1] INFO  server.RaftServerConfigKeys (ConfUtils.java:logGet(46)) - raft.server.snapshot.auto.trigger.enabled = true (custom)
2022-09-03 01:13:15,898 [pool-19-thread-1] INFO  server.RaftServerConfigKeys (ConfUtils.java:logGet(46)) - raft.server.snapshot.auto.trigger.threshold = 1000 (custom)
2022-09-03 01:13:15,899 [pool-19-thread-1] INFO  server.RaftServerConfigKeys (ConfUtils.java:logGet(46)) - raft.server.snapshot.retention.file.num = -1 (default)
2022-09-03 01:13:15,899 [pool-19-thread-1] INFO  server.RaftServerConfigKeys (ConfUtils.java:logGet(46)) - raft.server.log.purge.upto.snapshot.index = false (default)
2022-09-03 01:13:15,899 [pool-19-thread-1] INFO  server.RaftServerConfigKeys (ConfUtils.java:logGet(46)) - raft.server.retrycache.expirytime = 60000ms (default)
2022-09-03 01:13:15,899 [pool-19-thread-1] INFO  server.RaftServerConfigKeys (ConfUtils.java:logGet(46)) - raft.server.retrycache.statistics.expirytime = 100μs (default)
2022-09-03 01:13:15,901 [pool-19-thread-1] INFO  server.RaftServerConfigKeys (ConfUtils.java:logGet(46)) - raft.server.log.appender.install.snapshot.enabled = false (custom)
2022-09-03 01:13:15,901 [pool-19-thread-1] INFO  server.RaftServerConfigKeys (ConfUtils.java:logGet(46)) - raft.server.threadpool.server.cached = true (default)
2022-09-03 01:13:15,901 [pool-19-thread-1] INFO  server.RaftServerConfigKeys (ConfUtils.java:logGet(46)) - raft.server.threadpool.server.size = 0 (default)
2022-09-03 01:13:15,901 [pool-19-thread-1] INFO  server.RaftServerConfigKeys (ConfUtils.java:logGet(46)) - raft.server.threadpool.client.cached = true (default)
2022-09-03 01:13:15,901 [pool-19-thread-1] INFO  server.RaftServerConfigKeys (ConfUtils.java:logGet(46)) - raft.server.threadpool.client.size = 0 (default)
2022-09-03 01:13:15,903 [Time-limited test] INFO  ha.SCMSnapshotProvider (SCMSnapshotProvider.java:<init>(66)) - Initializing SCM Snapshot Provider
2022-09-03 01:13:15,904 [Time-limited test] WARN  server.ServerUtils (ServerUtils.java:getDefaultRatisDirectory(237)) - Storage directory for Ratis is not configured. It is a good idea to map this to an SSD disk. Falling back to ozone.metadata.dirs
2022-09-03 01:13:15,904 [Time-limited test] WARN  ha.SCMHAUtils (SCMHAUtils.java:getSCMRatisSnapshotDirectory(153)) - SCM snapshot dir is not configured. Falling back to ozone.metadata.dirs config
2022-09-03 01:13:15,928 [Time-limited test] INFO  upgrade.AbstractLayoutVersionManager (AbstractLayoutVersionManager.java:init(83)) - Initializing Layout version manager with metadata layout = DATANODE_SCHEMA_V3 (version = 4), software layout = DATANODE_SCHEMA_V3 (version = 4)
2022-09-03 01:13:16,077 [Time-limited test] INFO  reflections.Reflections (Reflections.java:scan(232)) - Reflections took 121 ms to scan 7 urls, producing 133 keys and 322 values 
2022-09-03 01:13:16,178 [Time-limited test] INFO  ha.SequenceIdGenerator (SequenceIdGenerator.java:upgradeToSequenceId(349)) - upgrade localId to 109611004723200000
2022-09-03 01:13:16,179 [Time-limited test] INFO  ha.SequenceIdGenerator (SequenceIdGenerator.java:upgradeToSequenceId(359)) - upgrade delTxnId to 0
2022-09-03 01:13:16,183 [Time-limited test] INFO  ha.SequenceIdGenerator (SequenceIdGenerator.java:upgradeToSequenceId(376)) - upgrade containerId to 0
2022-09-03 01:13:16,185 [Time-limited test] INFO  ha.SequenceIdGenerator (SequenceIdGenerator.java:<init>(220)) - Init the HA SequenceIdGenerator.
2022-09-03 01:13:16,240 [Time-limited test] INFO  node.SCMNodeManager (SCMNodeManager.java:<init>(149)) - Entering startup safe mode.
2022-09-03 01:13:16,305 [Time-limited test] INFO  algorithms.ContainerPlacementPolicyFactory (ContainerPlacementPolicyFactory.java:getPolicyInternal(86)) - Create container placement policy of type org.apache.hadoop.hdds.scm.container.placement.algorithms.SCMContainerPlacementRandom
2022-09-03 01:13:16,306 [Time-limited test] INFO  algorithms.ContainerPlacementPolicyFactory (ContainerPlacementPolicyFactory.java:getPolicyInternal(86)) - Create container placement policy of type org.apache.hadoop.hdds.scm.container.placement.algorithms.SCMContainerPlacementRackScatter
2022-09-03 01:13:16,315 [Time-limited test] INFO  pipeline.PipelineStateManagerImpl (PipelineStateManagerImpl.java:initialize(78)) - No pipeline exists in current db
2022-09-03 01:13:16,352 [Time-limited test] INFO  algorithms.LeaderChoosePolicyFactory (LeaderChoosePolicyFactory.java:getPolicy(57)) - Create leader choose policy of type org.apache.hadoop.hdds.scm.pipeline.leader.choose.algorithms.MinLeaderCountChoosePolicy
2022-09-03 01:13:16,353 [Time-limited test] INFO  algorithms.ContainerPlacementPolicyFactory (ContainerPlacementPolicyFactory.java:getPolicyInternal(86)) - Create container placement policy of type org.apache.hadoop.hdds.scm.container.placement.algorithms.SCMContainerPlacementRackScatter
2022-09-03 01:13:16,359 [Time-limited test] INFO  ha.SCMServiceManager (SCMServiceManager.java:register(42)) - Registering service BackgroundPipelineCreator.
2022-09-03 01:13:16,359 [Time-limited test] INFO  pipeline.BackgroundPipelineCreator (BackgroundPipelineCreator.java:start(124)) - Starting RatisPipelineUtilsThread.
2022-09-03 01:13:16,362 [Time-limited test] INFO  BackgroundPipelineScrubber (BackgroundSCMService.java:start(68)) - Starting BackgroundPipelineScrubber Service.
2022-09-03 01:13:16,363 [Time-limited test] INFO  ha.SCMServiceManager (SCMServiceManager.java:register(42)) - Registering service BackgroundPipelineScrubber.
2022-09-03 01:13:16,370 [Time-limited test] INFO  ExpiredContainerReplicaOpScrubber (BackgroundSCMService.java:start(68)) - Starting ExpiredContainerReplicaOpScrubber Service.
2022-09-03 01:13:16,370 [Time-limited test] INFO  ha.SCMServiceManager (SCMServiceManager.java:register(42)) - Registering service ExpiredContainerReplicaOpScrubber.
2022-09-03 01:13:16,403 [Time-limited test] INFO  algorithms.PipelineChoosePolicyFactory (PipelineChoosePolicyFactory.java:createPipelineChoosePolicyFromClass(73)) - Create pipeline choose policy of type org.apache.hadoop.hdds.scm.pipeline.choose.algorithms.RandomPipelineChoosePolicy
2022-09-03 01:13:16,423 [Time-limited test] INFO  ha.SCMServiceManager (SCMServiceManager.java:register(42)) - Registering service SCMBlockDeletingService.
2022-09-03 01:13:16,468 [Time-limited test] INFO  replication.ReplicationManager (ReplicationManager.java:start(208)) - Starting Replication Monitor Thread.
2022-09-03 01:13:16,476 [Time-limited test] INFO  UnderReplicatedQueueThread (BackgroundSCMService.java:start(68)) - Starting UnderReplicatedQueueThread Service.
2022-09-03 01:13:16,477 [Time-limited test] INFO  ha.SCMServiceManager (SCMServiceManager.java:register(42)) - Registering service UnderReplicatedQueueThread.
2022-09-03 01:13:16,478 [Time-limited test] INFO  OverReplicatedQueueThread (BackgroundSCMService.java:start(68)) - Starting OverReplicatedQueueThread Service.
2022-09-03 01:13:16,478 [Time-limited test] INFO  ha.SCMServiceManager (SCMServiceManager.java:register(42)) - Registering service OverReplicatedQueueThread.
2022-09-03 01:13:16,478 [Time-limited test] INFO  ha.SCMServiceManager (SCMServiceManager.java:register(42)) - Registering service ReplicationManager.
2022-09-03 01:13:16,488 [ReplicationMonitor] INFO  replication.ReplicationManager (ReplicationManager.java:processAll(257)) - Replication Manager is not ready to run until 300000ms after safemode exit
2022-09-03 01:13:16,498 [Time-limited test] INFO  safemode.ContainerSafeModeRule (ContainerSafeModeRule.java:<init>(89)) - containers with one replica threshold count 0
2022-09-03 01:13:16,501 [Time-limited test] INFO  safemode.HealthyPipelineSafeModeRule (HealthyPipelineSafeModeRule.java:initializeRule(169)) - Total pipeline count is 0, healthy pipeline threshold count is 1
2022-09-03 01:13:16,504 [Time-limited test] INFO  safemode.OneReplicaPipelineSafeModeRule (OneReplicaPipelineSafeModeRule.java:initializeRule(180)) - Total pipeline count is 0, pipeline's with at least one datanode reported threshold count is 0
2022-09-03 01:13:16,853 [Time-limited test] INFO  audit.AuditLogger (AuditLogger.java:refreshDebugCmdSet(126)) - Refresh DebugCmdSet for SCMAudit to [].
2022-09-03 01:13:16,884 [Time-limited test] INFO  ipc.CallQueueManager (CallQueueManager.java:<init>(90)) - Using callQueue: class java.util.concurrent.LinkedBlockingQueue, queueCapacity: 10000, scheduler: class org.apache.hadoop.ipc.DefaultRpcScheduler, ipcBackoff: false.
2022-09-03 01:13:16,940 [Socket Reader #1 for port 36917] INFO  ipc.Server (Server.java:run(1265)) - Starting Socket Reader #1 for port 36917
2022-09-03 01:13:16,989 [Listener at 0.0.0.0/36917] INFO  audit.AuditLogger (AuditLogger.java:refreshDebugCmdSet(126)) - Refresh DebugCmdSet for SCMAudit to [].
2022-09-03 01:13:16,994 [Listener at 0.0.0.0/36917] INFO  ipc.CallQueueManager (CallQueueManager.java:<init>(90)) - Using callQueue: class java.util.concurrent.LinkedBlockingQueue, queueCapacity: 10000, scheduler: class org.apache.hadoop.ipc.DefaultRpcScheduler, ipcBackoff: false.
2022-09-03 01:13:17,000 [Socket Reader #1 for port 41665] INFO  ipc.Server (Server.java:run(1265)) - Starting Socket Reader #1 for port 41665
2022-09-03 01:13:17,031 [Listener at 0.0.0.0/41665] INFO  audit.AuditLogger (AuditLogger.java:refreshDebugCmdSet(126)) - Refresh DebugCmdSet for SCMAudit to [].
2022-09-03 01:13:17,042 [Listener at 0.0.0.0/41665] INFO  ipc.CallQueueManager (CallQueueManager.java:<init>(90)) - Using callQueue: class java.util.concurrent.LinkedBlockingQueue, queueCapacity: 10000, scheduler: class org.apache.hadoop.ipc.DefaultRpcScheduler, ipcBackoff: false.
2022-09-03 01:13:17,043 [Socket Reader #1 for port 35673] INFO  ipc.Server (Server.java:run(1265)) - Starting Socket Reader #1 for port 35673
2022-09-03 01:13:17,105 [Listener at 0.0.0.0/35673] INFO  ha.SCMServiceManager (SCMServiceManager.java:register(42)) - Registering service ContainerBalancer.
2022-09-03 01:13:17,105 [Listener at 0.0.0.0/35673] INFO  server.StorageContainerManager (StorageContainerManager.java:<init>(412)) - 
Container Balancer status:
Key                            Value
Running                        false
Container Balancer Configuration values:
Key                                                Value
Threshold                                          10
Max Datanodes to Involve per Iteration(percent)    20
Max Size to Move per Iteration                     500GB
Max Size Entering Target per Iteration             26GB
Max Size Leaving Source per Iteration              26GB

2022-09-03 01:13:17,105 [Listener at 0.0.0.0/35673] WARN  events.EventQueue (EventQueue.java:fireEvent(216)) - No event handler registered for event TypedEvent{payloadType=SafeModeStatus, name='Safe mode status'}
2022-09-03 01:13:17,105 [Listener at 0.0.0.0/35673] INFO  ha.SCMContext (SCMContext.java:updateSafeModeStatus(228)) - Update SafeModeStatus from SafeModeStatus{safeModeStatus=true, preCheckPassed=false} to SafeModeStatus{safeModeStatus=true, preCheckPassed=false}.
2022-09-03 01:13:17,108 [Listener at 0.0.0.0/35673] INFO  server.StorageContainerManager (StorageContainerManager.java:start(1466)) - StorageContainerLocationProtocol RPC server is listening at /0.0.0.0:35673
2022-09-03 01:13:17,109 [Listener at 0.0.0.0/35673] INFO  ha.SCMRatisServerImpl (SCMRatisServerImpl.java:start(178)) - starting ratis server 0.0.0.0:37097
2022-09-03 01:13:17,110 [5abf6683-c399-417c-b48d-34ddeee7dd89-impl-thread1] INFO  server.RaftServer$Division (RaftServerImpl.java:start(310)) - 5abf6683-c399-417c-b48d-34ddeee7dd89@group-BEC42C492C64: start as a follower, conf=0: [5abf6683-c399-417c-b48d-34ddeee7dd89|rpc:localhost:37097|admin:|client:|dataStream:|priority:0], old=null
2022-09-03 01:13:17,110 [5abf6683-c399-417c-b48d-34ddeee7dd89-impl-thread1] INFO  server.RaftServer$Division (RaftServerImpl.java:setRole(299)) - 5abf6683-c399-417c-b48d-34ddeee7dd89@group-BEC42C492C64: changes role from      null to FOLLOWER at term 1 for startAsFollower
2022-09-03 01:13:17,110 [5abf6683-c399-417c-b48d-34ddeee7dd89-impl-thread1] INFO  impl.RoleInfo (RoleInfo.java:updateAndGet(139)) - 5abf6683-c399-417c-b48d-34ddeee7dd89: start 5abf6683-c399-417c-b48d-34ddeee7dd89@group-BEC42C492C64-FollowerState
2022-09-03 01:13:17,111 [5abf6683-c399-417c-b48d-34ddeee7dd89-impl-thread1] INFO  util.JmxRegister (JmxRegister.java:tryRegister(44)) - Successfully registered JMX Bean with object name Ratis:service=RaftServer,group=group-BEC42C492C64,id=5abf6683-c399-417c-b48d-34ddeee7dd89
2022-09-03 01:13:17,111 [Listener at 0.0.0.0/35673] INFO  server.RaftServer (RaftServerProxy.java:lambda$start$6(382)) - 5abf6683-c399-417c-b48d-34ddeee7dd89: start RPC server
2022-09-03 01:13:17,113 [Listener at 0.0.0.0/35673] INFO  server.GrpcService (GrpcService.java:startImpl(260)) - 5abf6683-c399-417c-b48d-34ddeee7dd89: GrpcService started, listening on 37097
2022-09-03 01:13:17,116 [Listener at 0.0.0.0/35673] INFO  ha.SCMHAManagerImpl (SCMHAManagerImpl.java:start(121)) -  scm role is FOLLOWER peers [5abf6683-c399-417c-b48d-34ddeee7dd89|rpc:localhost:37097|admin:|client:|dataStream:|priority:0]
2022-09-03 01:13:17,116 [Listener at 0.0.0.0/35673] INFO  ha.InterSCMGrpcService (InterSCMGrpcProtocolService.java:start(94)) - Starting SCM Grpc Service at port 38017
2022-09-03 01:13:17,121 [org.apache.ratis.util.JvmPauseMonitor$$Lambda$519/503118660@50fdee1b] INFO  util.JvmPauseMonitor (JvmPauseMonitor.java:run(103)) - JvmPauseMonitor-5abf6683-c399-417c-b48d-34ddeee7dd89: Started
2022-09-03 01:13:17,192 [Listener at 0.0.0.0/35673] WARN  impl.MetricsConfig (MetricsConfig.java:loadFirst(136)) - Cannot locate configuration: tried hadoop-metrics2-storagecontainermanager.properties,hadoop-metrics2.properties
2022-09-03 01:13:17,207 [Listener at 0.0.0.0/35673] INFO  impl.MetricsSystemImpl (MetricsSystemImpl.java:startTimer(378)) - Scheduled Metric snapshot period at 10 second(s).
2022-09-03 01:13:17,207 [Listener at 0.0.0.0/35673] INFO  impl.MetricsSystemImpl (MetricsSystemImpl.java:start(191)) - StorageContainerManager metrics system started
2022-09-03 01:13:17,463 [Listener at 0.0.0.0/35673] INFO  server.SCMClientProtocolServer (SCMClientProtocolServer.java:start(170)) - RPC server for Client  is listening at /0.0.0.0:35673
2022-09-03 01:13:17,468 [IPC Server Responder] INFO  ipc.Server (Server.java:run(1507)) - IPC Server Responder: starting
2022-09-03 01:13:17,469 [IPC Server listener on 35673] INFO  ipc.Server (Server.java:run(1344)) - IPC Server listener on 35673: starting
2022-09-03 01:13:17,489 [Listener at 0.0.0.0/35673] INFO  server.StorageContainerManager (StorageContainerManager.java:start(1481)) - ScmBlockLocationProtocol RPC server is listening at /0.0.0.0:41665
2022-09-03 01:13:17,490 [Listener at 0.0.0.0/35673] INFO  server.SCMBlockProtocolServer (SCMBlockProtocolServer.java:start(152)) - RPC server for Block Protocol is listening at /0.0.0.0:41665
2022-09-03 01:13:17,491 [IPC Server Responder] INFO  ipc.Server (Server.java:run(1507)) - IPC Server Responder: starting
2022-09-03 01:13:17,491 [IPC Server listener on 41665] INFO  ipc.Server (Server.java:run(1344)) - IPC Server listener on 41665: starting
2022-09-03 01:13:17,558 [org.apache.hadoop.util.JvmPauseMonitor$Monitor@3fd98089] INFO  util.JvmPauseMonitor (JvmPauseMonitor.java:run(188)) - Starting JVM pause monitor
2022-09-03 01:13:17,588 [Listener at 0.0.0.0/35673] INFO  http.BaseHttpServer (BaseHttpServer.java:newHttpServer2BuilderForOzone(213)) - Starting Web-server for scm at: http://0.0.0.0:46645
2022-09-03 01:13:17,589 [Listener at 0.0.0.0/35673] INFO  http.BaseHttpServer (BaseHttpServer.java:<init>(108)) - Hadoop Security Enabled: false Ozone Security Enabled: false Ozone HTTP Security Enabled: false 
2022-09-03 01:13:17,627 [Listener at 0.0.0.0/35673] INFO  util.log (Log.java:initialized(170)) - Logging initialized @11654ms to org.eclipse.jetty.util.log.Slf4jLog
2022-09-03 01:13:17,729 [Listener at 0.0.0.0/35673] INFO  server.AuthenticationFilter (AuthenticationFilter.java:constructSecretProvider(240)) - Unable to initialize FileSignerSecretProvider, falling back to use random secrets.
2022-09-03 01:13:17,734 [Listener at 0.0.0.0/35673] WARN  http.HttpRequestLog (HttpRequestLog.java:getRequestLog(103)) - Jetty request log can only be enabled using Log4j
2022-09-03 01:13:17,740 [Listener at 0.0.0.0/35673] INFO  http.HttpServer2 (HttpServer2.java:addGlobalFilter(1029)) - Added global filter 'safety' (class=org.apache.hadoop.hdds.server.http.HttpServer2$QuotingInputFilter)
2022-09-03 01:13:17,742 [Listener at 0.0.0.0/35673] INFO  http.HttpServer2 (HttpServer2.java:addFilter(1005)) - Added filter static_user_filter (class=org.apache.hadoop.http.lib.StaticUserWebFilter$StaticUserFilter) to context scm
2022-09-03 01:13:17,742 [Listener at 0.0.0.0/35673] INFO  http.HttpServer2 (HttpServer2.java:addFilter(1013)) - Added filter static_user_filter (class=org.apache.hadoop.http.lib.StaticUserWebFilter$StaticUserFilter) to context static
2022-09-03 01:13:17,742 [Listener at 0.0.0.0/35673] INFO  http.HttpServer2 (HttpServer2.java:addFilter(1013)) - Added filter static_user_filter (class=org.apache.hadoop.http.lib.StaticUserWebFilter$StaticUserFilter) to context logs
2022-09-03 01:13:17,784 [Listener at 0.0.0.0/35673] INFO  http.HttpServer2 (HttpServer2.java:bindListener(1248)) - Jetty bound to port 46645
2022-09-03 01:13:17,785 [Listener at 0.0.0.0/35673] INFO  server.Server (Server.java:doStart(375)) - jetty-9.4.43.v20210629; built: 2021-06-30T11:07:22.254Z; git: 526006ecfa3af7f1a27ef3a288e2bef7ea9dd7e8; jvm 1.8.0_345-b01
2022-09-03 01:13:17,817 [Listener at 0.0.0.0/35673] INFO  server.session (DefaultSessionIdManager.java:doStart(334)) - DefaultSessionIdManager workerName=node0
2022-09-03 01:13:17,817 [Listener at 0.0.0.0/35673] INFO  server.session (DefaultSessionIdManager.java:doStart(339)) - No SessionScavenger set, using defaults
2022-09-03 01:13:17,819 [Listener at 0.0.0.0/35673] INFO  server.session (HouseKeeper.java:startScavenging(132)) - node0 Scavenging every 660000ms
2022-09-03 01:13:17,832 [Listener at 0.0.0.0/35673] INFO  handler.ContextHandler (ContextHandler.java:doStart(915)) - Started o.e.j.s.ServletContextHandler@5d3c1ff9{logs,/logs,file:///home/runner/work/ozone/ozone/hadoop-ozone/integration-test/target/log,AVAILABLE}
2022-09-03 01:13:17,833 [Listener at 0.0.0.0/35673] INFO  handler.ContextHandler (ContextHandler.java:doStart(915)) - Started o.e.j.s.ServletContextHandler@322d586d{static,/static,file:///home/runner/work/ozone/ozone/hadoop-ozone/integration-test/target/test-classes/webapps/static,AVAILABLE}
2022-09-03 01:13:17,888 [Listener at 0.0.0.0/35673] INFO  handler.ContextHandler (ContextHandler.java:doStart(915)) - Started o.e.j.w.WebAppContext@37883212{scm,/,file:///home/runner/work/ozone/ozone/hadoop-ozone/integration-test/target/test-classes/webapps/scm/,AVAILABLE}{file:/home/runner/work/ozone/ozone/hadoop-ozone/integration-test/target/test-classes/webapps/scm}
2022-09-03 01:13:17,901 [Listener at 0.0.0.0/35673] INFO  server.AbstractConnector (AbstractConnector.java:doStart(331)) - Started ServerConnector@346e45dd{HTTP/1.1, (http/1.1)}{0.0.0.0:46645}
2022-09-03 01:13:17,901 [Listener at 0.0.0.0/35673] INFO  server.Server (Server.java:doStart(415)) - Started @11928ms
2022-09-03 01:13:17,904 [Listener at 0.0.0.0/35673] INFO  impl.MetricsSinkAdapter (MetricsSinkAdapter.java:start(204)) - Sink prometheus started
2022-09-03 01:13:17,904 [Listener at 0.0.0.0/35673] INFO  impl.MetricsSystemImpl (MetricsSystemImpl.java:registerSink(305)) - Registered sink prometheus
2022-09-03 01:13:17,905 [Listener at 0.0.0.0/35673] INFO  http.BaseHttpServer (BaseHttpServer.java:updateConnectorAddress(333)) - HTTP server of scm listening at http://0.0.0.0:46645
2022-09-03 01:13:17,905 [Listener at 0.0.0.0/35673] INFO  ozone.MiniOzoneHAClusterImpl (MiniOzoneHAClusterImpl.java:createSCMService(606)) - Started SCM RPC server at /0.0.0.0:35673
2022-09-03 01:13:17,926 [Listener at 0.0.0.0/35673] WARN  server.ServerUtils (ServerUtils.java:getScmDbDir(148)) - ozone.scm.db.dirs is not configured. We recommend adding this setting. Falling back to ozone.metadata.dirs instead.
2022-09-03 01:13:17,926 [Listener at 0.0.0.0/35673] INFO  ha.SCMHANodeDetails (SCMHANodeDetails.java:loadSCMHAConfig(209)) - ServiceID for StorageContainerManager is scmServiceId
2022-09-03 01:13:17,926 [Listener at 0.0.0.0/35673] INFO  ha.SCMHANodeDetails (SCMHANodeDetails.java:loadSCMHAConfig(220)) - ServiceID for StorageContainerManager is scmServiceId
2022-09-03 01:13:17,926 [Listener at 0.0.0.0/35673] WARN  scm.ScmUtils (ScmUtils.java:logWarn(179)) - ConfigKey ozone.scm.block.client.address is deprecated, For configuring different ports for each SCM use PortConfigKey ozone.scm.block.client.port appended with serviceId and nodeId. If want to configure same port configure ozone.scm.block.client.port
2022-09-03 01:13:17,926 [Listener at 0.0.0.0/35673] WARN  scm.ScmUtils (ScmUtils.java:logWarn(179)) - ConfigKey ozone.scm.client.address is deprecated, For configuring different ports for each SCM use PortConfigKey ozone.scm.client.port appended with serviceId and nodeId. If want to configure same port configure ozone.scm.client.port
2022-09-03 01:13:17,927 [Listener at 0.0.0.0/35673] WARN  scm.ScmUtils (ScmUtils.java:logWarn(179)) - ConfigKey ozone.scm.datanode.address is deprecated, For configuring different ports for each SCM use PortConfigKey ozone.scm.datanode.port appended with serviceId and nodeId. If want to configure same port configure ozone.scm.datanode.port
2022-09-03 01:13:17,927 [Listener at 0.0.0.0/35673] WARN  scm.ScmUtils (ScmUtils.java:logWarn(179)) - ConfigKey ozone.scm.block.client.address is deprecated, For configuring different ports for each SCM use PortConfigKey ozone.scm.block.client.port appended with serviceId and nodeId. If want to configure same port configure ozone.scm.block.client.port
2022-09-03 01:13:17,927 [Listener at 0.0.0.0/35673] WARN  scm.ScmUtils (ScmUtils.java:logWarn(179)) - ConfigKey ozone.scm.client.address is deprecated, For configuring different ports for each SCM use PortConfigKey ozone.scm.client.port appended with serviceId and nodeId. If want to configure same port configure ozone.scm.client.port
2022-09-03 01:13:17,928 [Listener at 0.0.0.0/35673] WARN  scm.ScmUtils (ScmUtils.java:logWarn(179)) - ConfigKey ozone.scm.datanode.address is deprecated, For configuring different ports for each SCM use PortConfigKey ozone.scm.datanode.port appended with serviceId and nodeId. If want to configure same port configure ozone.scm.datanode.port
2022-09-03 01:13:17,928 [Listener at 0.0.0.0/35673] INFO  ha.SCMHANodeDetails (SCMHANodeDetails.java:loadSCMHAConfig(307)) - Found matching SCM address with SCMServiceId: scmServiceId, SCMNodeId: scmNode-2, RPC Address: localhost:33767 and Ratis port: 33767
2022-09-03 01:13:17,928 [Listener at 0.0.0.0/35673] INFO  ha.SCMHANodeDetails (ConfUtils.java:setNodeSpecificConfigs(97)) - Setting configuration key ozone.scm.datanode.address with value of key ozone.scm.datanode.address.scmServiceId.scmNode-2: 127.0.0.1:44975
2022-09-03 01:13:17,928 [Listener at 0.0.0.0/35673] INFO  ha.SCMHANodeDetails (ConfUtils.java:setNodeSpecificConfigs(97)) - Setting configuration key ozone.scm.block.client.address with value of key ozone.scm.block.client.address.scmServiceId.scmNode-2: 127.0.0.1:40787
2022-09-03 01:13:17,928 [Listener at 0.0.0.0/35673] INFO  ha.SCMHANodeDetails (ConfUtils.java:setNodeSpecificConfigs(97)) - Setting configuration key ozone.scm.client.address with value of key ozone.scm.client.address.scmServiceId.scmNode-2: 127.0.0.1:39387
2022-09-03 01:13:17,929 [Listener at 0.0.0.0/35673] INFO  ha.SCMHANodeDetails (ConfUtils.java:setNodeSpecificConfigs(97)) - Setting configuration key ozone.scm.ratis.port with value of key ozone.scm.ratis.port.scmServiceId.scmNode-2: 33767
2022-09-03 01:13:17,929 [Listener at 0.0.0.0/35673] INFO  ha.SCMHANodeDetails (ConfUtils.java:setNodeSpecificConfigs(97)) - Setting configuration key ozone.scm.grpc.port with value of key ozone.scm.grpc.port.scmServiceId.scmNode-2: 38851
2022-09-03 01:13:17,929 [Listener at 0.0.0.0/35673] INFO  ha.SCMHANodeDetails (ConfUtils.java:setNodeSpecificConfigs(97)) - Setting configuration key ozone.scm.http-address with value of key ozone.scm.http-address.scmServiceId.scmNode-2: 127.0.0.1:39155
2022-09-03 01:13:17,929 [Listener at 0.0.0.0/35673] INFO  ha.SCMHANodeDetails (ConfUtils.java:setNodeSpecificConfigs(97)) - Setting configuration key ozone.scm.https-address with value of key ozone.scm.https-address.scmServiceId.scmNode-2: 127.0.0.1:43781
2022-09-03 01:13:17,929 [Listener at 0.0.0.0/35673] INFO  ha.SCMHANodeDetails (ConfUtils.java:setNodeSpecificConfigs(97)) - Setting configuration key ozone.scm.address with value of key ozone.scm.address.scmServiceId.scmNode-2: 127.0.0.1
2022-09-03 01:13:17,930 [Listener at 0.0.0.0/35673] WARN  scm.ScmUtils (ScmUtils.java:logWarn(179)) - ConfigKey ozone.scm.block.client.address is deprecated, For configuring different ports for each SCM use PortConfigKey ozone.scm.block.client.port appended with serviceId and nodeId. If want to configure same port configure ozone.scm.block.client.port
2022-09-03 01:13:17,930 [Listener at 0.0.0.0/35673] WARN  scm.ScmUtils (ScmUtils.java:logWarn(179)) - ConfigKey ozone.scm.client.address is deprecated, For configuring different ports for each SCM use PortConfigKey ozone.scm.client.port appended with serviceId and nodeId. If want to configure same port configure ozone.scm.client.port
2022-09-03 01:13:17,931 [Listener at 0.0.0.0/35673] WARN  scm.ScmUtils (ScmUtils.java:logWarn(179)) - ConfigKey ozone.scm.datanode.address is deprecated, For configuring different ports for each SCM use PortConfigKey ozone.scm.datanode.port appended with serviceId and nodeId. If want to configure same port configure ozone.scm.datanode.port
2022-09-03 01:13:17,940 [Listener at 0.0.0.0/35673] INFO  ha.SCMNodeInfo (SCMNodeInfo.java:getPort(197)) - ConfigKey ozone.scm.client.address is deprecated, For configuring different ports for each SCM use PortConfigKey ozone.scm.client.port appended with serviceId and nodeId
2022-09-03 01:13:17,940 [Listener at 0.0.0.0/35673] INFO  ha.SCMNodeInfo (SCMNodeInfo.java:getPort(197)) - ConfigKey ozone.scm.block.client.address is deprecated, For configuring different ports for each SCM use PortConfigKey ozone.scm.block.client.port appended with serviceId and nodeId
2022-09-03 01:13:17,940 [Listener at 0.0.0.0/35673] INFO  ha.SCMNodeInfo (SCMNodeInfo.java:getPort(197)) - ConfigKey ozone.scm.datanode.address is deprecated, For configuring different ports for each SCM use PortConfigKey ozone.scm.datanode.port appended with serviceId and nodeId
2022-09-03 01:13:17,940 [Listener at 0.0.0.0/35673] INFO  ha.SCMNodeInfo (SCMNodeInfo.java:getPort(197)) - ConfigKey ozone.scm.client.address is deprecated, For configuring different ports for each SCM use PortConfigKey ozone.scm.client.port appended with serviceId and nodeId
2022-09-03 01:13:17,940 [Listener at 0.0.0.0/35673] INFO  ha.SCMNodeInfo (SCMNodeInfo.java:getPort(197)) - ConfigKey ozone.scm.block.client.address is deprecated, For configuring different ports for each SCM use PortConfigKey ozone.scm.block.client.port appended with serviceId and nodeId
2022-09-03 01:13:17,942 [Listener at 0.0.0.0/35673] INFO  ha.SCMNodeInfo (SCMNodeInfo.java:getPort(197)) - ConfigKey ozone.scm.datanode.address is deprecated, For configuring different ports for each SCM use PortConfigKey ozone.scm.datanode.port appended with serviceId and nodeId
2022-09-03 01:13:17,943 [Listener at 0.0.0.0/35673] INFO  proxy.SCMBlockLocationFailoverProxyProvider (SCMBlockLocationFailoverProxyProvider.java:<init>(114)) - Created block location fail-over proxy with 2 nodes: [nodeId=scmNode-3,nodeAddress=/127.0.0.1:34479, nodeId=scmNode-1,nodeAddress=/127.0.0.1:41665]
2022-09-03 01:13:20,246 [Listener at 0.0.0.0/35673] INFO  retry.RetryInvocationHandler (RetryInvocationHandler.java:log(411)) - com.google.protobuf.ServiceException: java.net.ConnectException: Call From fv-az504-37/10.1.1.159 to localhost:34479 failed on connection exception: java.net.ConnectException: Connection refused; For more details see:  http://wiki.apache.org/hadoop/ConnectionRefused, while invoking $Proxy41.send over nodeId=scmNode-3,nodeAddress=/127.0.0.1:34479 after 1 failover attempts. Trying to failover after sleeping for 2000ms.
2022-09-03 01:13:22,252 [Listener at 0.0.0.0/35673] INFO  retry.RetryInvocationHandler (RetryInvocationHandler.java:log(411)) - com.google.protobuf.ServiceException: org.apache.hadoop.ipc.RemoteException(org.apache.hadoop.hdds.ratis.ServerNotLeaderException): Server:5abf6683-c399-417c-b48d-34ddeee7dd89 is not the leader. Could not determine the leader node.
	at org.apache.hadoop.hdds.ratis.ServerNotLeaderException.convertToNotLeaderException(ServerNotLeaderException.java:109)
	at org.apache.hadoop.hdds.scm.ha.RatisUtil.checkRatisException(RatisUtil.java:246)
	at org.apache.hadoop.hdds.scm.protocol.ScmBlockLocationProtocolServerSideTranslatorPB.send(ScmBlockLocationProtocolServerSideTranslatorPB.java:109)
	at org.apache.hadoop.hdds.protocol.proto.ScmBlockLocationProtocolProtos$ScmBlockLocationProtocolService$2.callBlockingMethod(ScmBlockLocationProtocolProtos.java:14202)
	at org.apache.hadoop.ipc.ProtobufRpcEngine$Server.processCall(ProtobufRpcEngine.java:466)
	at org.apache.hadoop.ipc.ProtobufRpcEngine2$Server$ProtoBufRpcInvoker.call(ProtobufRpcEngine2.java:574)
	at org.apache.hadoop.ipc.ProtobufRpcEngine2$Server$ProtoBufRpcInvoker.call(ProtobufRpcEngine2.java:552)
	at org.apache.hadoop.ipc.RPC$Server.call(RPC.java:1093)
	at org.apache.hadoop.ipc.Server$RpcCall.run(Server.java:1035)
	at org.apache.hadoop.ipc.Server$RpcCall.run(Server.java:963)
	at java.security.AccessController.doPrivileged(Native Method)
	at javax.security.auth.Subject.doAs(Subject.java:422)
	at org.apache.hadoop.security.UserGroupInformation.doAs(UserGroupInformation.java:1878)
	at org.apache.hadoop.ipc.Server$Handler.run(Server.java:2966)
, while invoking $Proxy41.send over nodeId=scmNode-1,nodeAddress=/127.0.0.1:41665 after 2 failover attempts. Trying to failover after sleeping for 2000ms.
2022-09-03 01:13:22,297 [5abf6683-c399-417c-b48d-34ddeee7dd89@group-BEC42C492C64-FollowerState] INFO  impl.FollowerState (FollowerState.java:run(143)) - 5abf6683-c399-417c-b48d-34ddeee7dd89@group-BEC42C492C64-FollowerState: change to CANDIDATE, lastRpcElapsedTime:5186495308ns, electionTimeout:5186ms
2022-09-03 01:13:22,298 [5abf6683-c399-417c-b48d-34ddeee7dd89@group-BEC42C492C64-FollowerState] INFO  impl.RoleInfo (RoleInfo.java:shutdownFollowerState(110)) - 5abf6683-c399-417c-b48d-34ddeee7dd89: shutdown 5abf6683-c399-417c-b48d-34ddeee7dd89@group-BEC42C492C64-FollowerState
2022-09-03 01:13:22,298 [5abf6683-c399-417c-b48d-34ddeee7dd89@group-BEC42C492C64-FollowerState] INFO  server.RaftServer$Division (RaftServerImpl.java:setRole(299)) - 5abf6683-c399-417c-b48d-34ddeee7dd89@group-BEC42C492C64: changes role from  FOLLOWER to CANDIDATE at term 1 for changeToCandidate
2022-09-03 01:13:22,298 [5abf6683-c399-417c-b48d-34ddeee7dd89@group-BEC42C492C64-FollowerState] INFO  server.RaftServerConfigKeys (ConfUtils.java:logGet(46)) - raft.server.leaderelection.pre-vote = false (custom)
2022-09-03 01:13:22,298 [5abf6683-c399-417c-b48d-34ddeee7dd89@group-BEC42C492C64-FollowerState] INFO  impl.RoleInfo (RoleInfo.java:updateAndGet(139)) - 5abf6683-c399-417c-b48d-34ddeee7dd89: start 5abf6683-c399-417c-b48d-34ddeee7dd89@group-BEC42C492C64-LeaderElection2
2022-09-03 01:13:22,302 [5abf6683-c399-417c-b48d-34ddeee7dd89@group-BEC42C492C64-LeaderElection2] INFO  impl.LeaderElection (LeaderElection.java:askForVotes(310)) - 5abf6683-c399-417c-b48d-34ddeee7dd89@group-BEC42C492C64-LeaderElection2 ELECTION round 0: submit vote requests at term 2 for 0: [5abf6683-c399-417c-b48d-34ddeee7dd89|rpc:localhost:37097|admin:|client:|dataStream:|priority:0], old=null
2022-09-03 01:13:22,303 [5abf6683-c399-417c-b48d-34ddeee7dd89@group-BEC42C492C64-LeaderElection2] INFO  impl.LeaderElection (LeaderElection.java:askForVotes(312)) - 5abf6683-c399-417c-b48d-34ddeee7dd89@group-BEC42C492C64-LeaderElection2 ELECTION round 0: result PASSED (term=2)
2022-09-03 01:13:22,303 [5abf6683-c399-417c-b48d-34ddeee7dd89@group-BEC42C492C64-LeaderElection2] INFO  impl.RoleInfo (RoleInfo.java:shutdownLeaderElection(130)) - 5abf6683-c399-417c-b48d-34ddeee7dd89: shutdown 5abf6683-c399-417c-b48d-34ddeee7dd89@group-BEC42C492C64-LeaderElection2
2022-09-03 01:13:22,303 [5abf6683-c399-417c-b48d-34ddeee7dd89@group-BEC42C492C64-LeaderElection2] INFO  server.RaftServer$Division (RaftServerImpl.java:setRole(299)) - 5abf6683-c399-417c-b48d-34ddeee7dd89@group-BEC42C492C64: changes role from CANDIDATE to LEADER at term 2 for changeToLeader
2022-09-03 01:13:22,304 [5abf6683-c399-417c-b48d-34ddeee7dd89@group-BEC42C492C64-LeaderElection2] INFO  ha.SCMStateMachine (SCMStateMachine.java:notifyLeaderChanged(259)) - current SCM becomes leader of term 2.
2022-09-03 01:13:22,304 [5abf6683-c399-417c-b48d-34ddeee7dd89@group-BEC42C492C64-LeaderElection2] INFO  ha.SCMContext (SCMContext.java:updateLeaderAndTerm(99)) - update <isLeader,term> from <false,0> to <true,2>
2022-09-03 01:13:22,307 [5abf6683-c399-417c-b48d-34ddeee7dd89@group-BEC42C492C64-LeaderElection2] INFO  server.RaftServer$Division (ServerState.java:setLeader(287)) - 5abf6683-c399-417c-b48d-34ddeee7dd89@group-BEC42C492C64: change Leader from null to 5abf6683-c399-417c-b48d-34ddeee7dd89 at term 2 for becomeLeader, leader elected after 6419ms
2022-09-03 01:13:22,307 [5abf6683-c399-417c-b48d-34ddeee7dd89@group-BEC42C492C64-LeaderElection2] INFO  server.RaftServerConfigKeys (ConfUtils.java:logGet(46)) - raft.server.staging.catchup.gap = 1000 (default)
2022-09-03 01:13:22,308 [5abf6683-c399-417c-b48d-34ddeee7dd89@group-BEC42C492C64-LeaderElection2] INFO  server.RaftServerConfigKeys (ConfUtils.java:logGet(46)) - raft.server.write.element-limit = 4096 (default)
2022-09-03 01:13:22,308 [5abf6683-c399-417c-b48d-34ddeee7dd89@group-BEC42C492C64-LeaderElection2] INFO  server.RaftServerConfigKeys (ConfUtils.java:logGet(46)) - raft.server.write.byte-limit = 64MB (=67108864) (default)
2022-09-03 01:13:22,311 [5abf6683-c399-417c-b48d-34ddeee7dd89@group-BEC42C492C64-LeaderElection2] INFO  server.RaftServerConfigKeys (ConfUtils.java:logGet(46)) - raft.server.watch.timeout = 10s (default)
2022-09-03 01:13:22,311 [5abf6683-c399-417c-b48d-34ddeee7dd89@group-BEC42C492C64-LeaderElection2] INFO  server.RaftServerConfigKeys (ConfUtils.java:logGet(46)) - raft.server.watch.timeout.denomination = 1s (default)
2022-09-03 01:13:22,311 [5abf6683-c399-417c-b48d-34ddeee7dd89@group-BEC42C492C64-LeaderElection2] INFO  server.RaftServerConfigKeys (ConfUtils.java:logGet(46)) - raft.server.watch.element-limit = 65536 (default)
2022-09-03 01:13:22,312 [5abf6683-c399-417c-b48d-34ddeee7dd89@group-BEC42C492C64-LeaderElection2] INFO  server.RaftServerConfigKeys (ConfUtils.java:logGet(46)) - raft.server.write.element-limit = 4096 (default)
2022-09-03 01:13:22,312 [5abf6683-c399-417c-b48d-34ddeee7dd89@group-BEC42C492C64-LeaderElection2] INFO  server.RaftServerConfigKeys (ConfUtils.java:logGet(46)) - raft.server.write.follower.gap.ratio.max = -1.0 (default)
2022-09-03 01:13:22,312 [5abf6683-c399-417c-b48d-34ddeee7dd89@group-BEC42C492C64-LeaderElection2] INFO  impl.RoleInfo (RoleInfo.java:updateAndGet(139)) - 5abf6683-c399-417c-b48d-34ddeee7dd89: start 5abf6683-c399-417c-b48d-34ddeee7dd89@group-BEC42C492C64-LeaderStateImpl
2022-09-03 01:13:22,313 [5abf6683-c399-417c-b48d-34ddeee7dd89@group-BEC42C492C64-LeaderElection2] INFO  segmented.SegmentedRaftLogWorker (SegmentedRaftLogWorker.java:rollLogSegment(430)) - 5abf6683-c399-417c-b48d-34ddeee7dd89@group-BEC42C492C64-SegmentedRaftLogWorker: Rolling segment log-0_0 to index:0
2022-09-03 01:13:22,317 [5abf6683-c399-417c-b48d-34ddeee7dd89@group-BEC42C492C64-LeaderElection2] INFO  server.RaftServer$Division (ServerState.java:setRaftConf(393)) - 5abf6683-c399-417c-b48d-34ddeee7dd89@group-BEC42C492C64: set configuration 1: [5abf6683-c399-417c-b48d-34ddeee7dd89|rpc:localhost:37097|admin:|client:|dataStream:|priority:0], old=null
2022-09-03 01:13:22,319 [5abf6683-c399-417c-b48d-34ddeee7dd89@group-BEC42C492C64-SegmentedRaftLogWorker] INFO  segmented.SegmentedRaftLogWorker (SegmentedRaftLogWorker.java:execute(586)) - 5abf6683-c399-417c-b48d-34ddeee7dd89@group-BEC42C492C64-SegmentedRaftLogWorker: Rolled log segment from /home/runner/work/ozone/ozone/hadoop-ozone/integration-test/target/test-dir/MiniOzoneClusterImpl-b7bb7c95-97ac-4743-8c58-bec42c492c64/scmNode-1/scm-ha/b7bb7c95-97ac-4743-8c58-bec42c492c64/current/log_inprogress_0 to /home/runner/work/ozone/ozone/hadoop-ozone/integration-test/target/test-dir/MiniOzoneClusterImpl-b7bb7c95-97ac-4743-8c58-bec42c492c64/scmNode-1/scm-ha/b7bb7c95-97ac-4743-8c58-bec42c492c64/current/log_0-0
2022-09-03 01:13:22,336 [5abf6683-c399-417c-b48d-34ddeee7dd89@group-BEC42C492C64-SegmentedRaftLogWorker] INFO  segmented.SegmentedRaftLogWorker (SegmentedRaftLogWorker.java:execute(629)) - 5abf6683-c399-417c-b48d-34ddeee7dd89@group-BEC42C492C64-SegmentedRaftLogWorker: created new log segment /home/runner/work/ozone/ozone/hadoop-ozone/integration-test/target/test-dir/MiniOzoneClusterImpl-b7bb7c95-97ac-4743-8c58-bec42c492c64/scmNode-1/scm-ha/b7bb7c95-97ac-4743-8c58-bec42c492c64/current/log_inprogress_1
2022-09-03 01:13:22,343 [5abf6683-c399-417c-b48d-34ddeee7dd89@group-BEC42C492C64-StateMachineUpdater] INFO  ha.SCMContext (SCMContext.java:setLeaderReady(126)) - update <isLeaderReady> from <false> to <true>
2022-09-03 01:13:22,349 [5abf6683-c399-417c-b48d-34ddeee7dd89@group-BEC42C492C64-StateMachineUpdater] INFO  pipeline.BackgroundPipelineCreator (BackgroundPipelineCreator.java:notifyStatusChanged(254)) - Service BackgroundPipelineCreator transitions to RUNNING.
2022-09-03 01:13:22,360 [5abf6683-c399-417c-b48d-34ddeee7dd89@group-BEC42C492C64-StateMachineUpdater] INFO  safemode.HealthyPipelineSafeModeRule (HealthyPipelineSafeModeRule.java:initializeRule(165)) - Refreshed total pipeline count is 0, healthy pipeline threshold count is 1
2022-09-03 01:13:22,361 [5abf6683-c399-417c-b48d-34ddeee7dd89@group-BEC42C492C64-StateMachineUpdater] INFO  safemode.ContainerSafeModeRule (ContainerSafeModeRule.java:reInitializeRule(177)) - Refreshed one replica container threshold 0, currentThreshold 0
2022-09-03 01:13:22,362 [5abf6683-c399-417c-b48d-34ddeee7dd89@group-BEC42C492C64-StateMachineUpdater] INFO  safemode.OneReplicaPipelineSafeModeRule (OneReplicaPipelineSafeModeRule.java:initializeRule(176)) - Refreshed Total pipeline count is 0, pipeline's with at least one datanode reported threshold count is 0
2022-09-03 01:13:22,362 [5abf6683-c399-417c-b48d-34ddeee7dd89@group-BEC42C492C64-StateMachineUpdater] INFO  server.SCMDatanodeProtocolServer (SCMDatanodeProtocolServer.java:start(186)) - ScmDatanodeProtocol RPC server for DataNodes is listening at /0.0.0.0:36917
2022-09-03 01:13:22,373 [IPC Server listener on 36917] INFO  ipc.Server (Server.java:run(1344)) - IPC Server listener on 36917: starting
2022-09-03 01:13:22,377 [IPC Server Responder] INFO  ipc.Server (Server.java:run(1507)) - IPC Server Responder: starting
2022-09-03 01:13:24,254 [Listener at 0.0.0.0/35673] INFO  retry.RetryInvocationHandler (RetryInvocationHandler.java:log(411)) - com.google.protobuf.ServiceException: java.net.ConnectException: Call From fv-az504-37/10.1.1.159 to localhost:34479 failed on connection exception: java.net.ConnectException: Connection refused; For more details see:  http://wiki.apache.org/hadoop/ConnectionRefused, while invoking $Proxy41.send over nodeId=scmNode-3,nodeAddress=/127.0.0.1:34479 after 3 failover attempts. Trying to failover after sleeping for 2000ms.
2022-09-03 01:13:26,291 [Listener at 0.0.0.0/35673] INFO  server.StorageContainerManager (StorageContainerManager.java:scmBootstrap(1149)) - SCM BootStrap  is successful for ClusterID b7bb7c95-97ac-4743-8c58-bec42c492c64, SCMID de25ddac-3a80-4ed5-b6af-85fc97dbd7a2
2022-09-03 01:13:26,292 [Listener at 0.0.0.0/35673] INFO  server.StorageContainerManager (StorageContainerManager.java:scmBootstrap(1151)) - Primary SCM Node ID 5abf6683-c399-417c-b48d-34ddeee7dd89
2022-09-03 01:13:26,292 [Listener at 0.0.0.0/35673] WARN  server.ServerUtils (ServerUtils.java:getScmDbDir(148)) - ozone.scm.db.dirs is not configured. We recommend adding this setting. Falling back to ozone.metadata.dirs instead.
2022-09-03 01:13:26,292 [Listener at 0.0.0.0/35673] INFO  ha.SCMHANodeDetails (SCMHANodeDetails.java:loadSCMHAConfig(209)) - ServiceID for StorageContainerManager is scmServiceId
2022-09-03 01:13:26,292 [Listener at 0.0.0.0/35673] INFO  ha.SCMHANodeDetails (SCMHANodeDetails.java:loadSCMHAConfig(220)) - ServiceID for StorageContainerManager is scmServiceId
2022-09-03 01:13:26,292 [Listener at 0.0.0.0/35673] WARN  scm.ScmUtils (ScmUtils.java:logWarn(179)) - ConfigKey ozone.scm.block.client.address is deprecated, For configuring different ports for each SCM use PortConfigKey ozone.scm.block.client.port appended with serviceId and nodeId. If want to configure same port configure ozone.scm.block.client.port
2022-09-03 01:13:26,293 [Listener at 0.0.0.0/35673] WARN  scm.ScmUtils (ScmUtils.java:logWarn(179)) - ConfigKey ozone.scm.client.address is deprecated, For configuring different ports for each SCM use PortConfigKey ozone.scm.client.port appended with serviceId and nodeId. If want to configure same port configure ozone.scm.client.port
2022-09-03 01:13:26,293 [Listener at 0.0.0.0/35673] WARN  scm.ScmUtils (ScmUtils.java:logWarn(179)) - ConfigKey ozone.scm.datanode.address is deprecated, For configuring different ports for each SCM use PortConfigKey ozone.scm.datanode.port appended with serviceId and nodeId. If want to configure same port configure ozone.scm.datanode.port
2022-09-03 01:13:26,293 [Listener at 0.0.0.0/35673] WARN  scm.ScmUtils (ScmUtils.java:logWarn(179)) - ConfigKey ozone.scm.block.client.address is deprecated, For configuring different ports for each SCM use PortConfigKey ozone.scm.block.client.port appended with serviceId and nodeId. If want to configure same port configure ozone.scm.block.client.port
2022-09-03 01:13:26,293 [Listener at 0.0.0.0/35673] WARN  scm.ScmUtils (ScmUtils.java:logWarn(179)) - ConfigKey ozone.scm.client.address is deprecated, For configuring different ports for each SCM use PortConfigKey ozone.scm.client.port appended with serviceId and nodeId. If want to configure same port configure ozone.scm.client.port
2022-09-03 01:13:26,293 [Listener at 0.0.0.0/35673] WARN  scm.ScmUtils (ScmUtils.java:logWarn(179)) - ConfigKey ozone.scm.datanode.address is deprecated, For configuring different ports for each SCM use PortConfigKey ozone.scm.datanode.port appended with serviceId and nodeId. If want to configure same port configure ozone.scm.datanode.port
2022-09-03 01:13:26,294 [Listener at 0.0.0.0/35673] INFO  ha.SCMHANodeDetails (SCMHANodeDetails.java:loadSCMHAConfig(307)) - Found matching SCM address with SCMServiceId: scmServiceId, SCMNodeId: scmNode-2, RPC Address: localhost:33767 and Ratis port: 33767
2022-09-03 01:13:26,294 [Listener at 0.0.0.0/35673] INFO  ha.SCMHANodeDetails (ConfUtils.java:setNodeSpecificConfigs(97)) - Setting configuration key ozone.scm.datanode.address with value of key ozone.scm.datanode.address.scmServiceId.scmNode-2: 127.0.0.1:44975
2022-09-03 01:13:26,294 [Listener at 0.0.0.0/35673] INFO  ha.SCMHANodeDetails (ConfUtils.java:setNodeSpecificConfigs(97)) - Setting configuration key ozone.scm.block.client.address with value of key ozone.scm.block.client.address.scmServiceId.scmNode-2: 127.0.0.1:40787
2022-09-03 01:13:26,294 [Listener at 0.0.0.0/35673] INFO  ha.SCMHANodeDetails (ConfUtils.java:setNodeSpecificConfigs(97)) - Setting configuration key ozone.scm.client.address with value of key ozone.scm.client.address.scmServiceId.scmNode-2: 127.0.0.1:39387
2022-09-03 01:13:26,294 [Listener at 0.0.0.0/35673] INFO  ha.SCMHANodeDetails (ConfUtils.java:setNodeSpecificConfigs(97)) - Setting configuration key ozone.scm.ratis.port with value of key ozone.scm.ratis.port.scmServiceId.scmNode-2: 33767
2022-09-03 01:13:26,294 [Listener at 0.0.0.0/35673] INFO  ha.SCMHANodeDetails (ConfUtils.java:setNodeSpecificConfigs(97)) - Setting configuration key ozone.scm.grpc.port with value of key ozone.scm.grpc.port.scmServiceId.scmNode-2: 38851
2022-09-03 01:13:26,294 [Listener at 0.0.0.0/35673] INFO  ha.SCMHANodeDetails (ConfUtils.java:setNodeSpecificConfigs(97)) - Setting configuration key ozone.scm.http-address with value of key ozone.scm.http-address.scmServiceId.scmNode-2: 127.0.0.1:39155
2022-09-03 01:13:26,294 [Listener at 0.0.0.0/35673] INFO  ha.SCMHANodeDetails (ConfUtils.java:setNodeSpecificConfigs(97)) - Setting configuration key ozone.scm.https-address with value of key ozone.scm.https-address.scmServiceId.scmNode-2: 127.0.0.1:43781
2022-09-03 01:13:26,294 [Listener at 0.0.0.0/35673] INFO  ha.SCMHANodeDetails (ConfUtils.java:setNodeSpecificConfigs(97)) - Setting configuration key ozone.scm.address with value of key ozone.scm.address.scmServiceId.scmNode-2: 127.0.0.1
2022-09-03 01:13:26,294 [Listener at 0.0.0.0/35673] WARN  scm.ScmUtils (ScmUtils.java:logWarn(179)) - ConfigKey ozone.scm.block.client.address is deprecated, For configuring different ports for each SCM use PortConfigKey ozone.scm.block.client.port appended with serviceId and nodeId. If want to configure same port configure ozone.scm.block.client.port
2022-09-03 01:13:26,295 [Listener at 0.0.0.0/35673] WARN  scm.ScmUtils (ScmUtils.java:logWarn(179)) - ConfigKey ozone.scm.client.address is deprecated, For configuring different ports for each SCM use PortConfigKey ozone.scm.client.port appended with serviceId and nodeId. If want to configure same port configure ozone.scm.client.port
2022-09-03 01:13:26,295 [Listener at 0.0.0.0/35673] WARN  scm.ScmUtils (ScmUtils.java:logWarn(179)) - ConfigKey ozone.scm.datanode.address is deprecated, For configuring different ports for each SCM use PortConfigKey ozone.scm.datanode.port appended with serviceId and nodeId. If want to configure same port configure ozone.scm.datanode.port
2022-09-03 01:13:26,297 [Listener at 0.0.0.0/35673] WARN  utils.HAUtils (HAUtils.java:getMetaDir(342)) - ozone.scm.db.dirs is not configured. We recommend adding this setting. Falling back to ozone.metadata.dirs instead.
2022-09-03 01:13:26,297 [Listener at 0.0.0.0/35673] WARN  db.DBStoreBuilder (DBStoreBuilder.java:applyDBDefinition(143)) - ozone.scm.db.dirs is not configured. We recommend adding this setting. Falling back to ozone.metadata.dirs instead.
2022-09-03 01:13:26,439 [Listener at 0.0.0.0/35673] INFO  net.NodeSchemaLoader (NodeSchemaLoader.java:loadSchemaFromFile(129)) - Loading schema from [jar:file:/home/runner/.m2/repository/org/apache/ozone/hdds-common/1.3.0-SNAPSHOT/hdds-common-1.3.0-SNAPSHOT.jar!/network-topology-default.xml]
2022-09-03 01:13:26,440 [Listener at 0.0.0.0/35673] INFO  net.NodeSchemaLoader (NodeSchemaLoader.java:loadSchema(176)) - Loading network topology layer schema file
2022-09-03 01:13:26,442 [Listener at 0.0.0.0/35673] WARN  impl.MetricRegistriesImpl (MetricRegistriesImpl.java:addReporterRegistration(111)) - New reporters are added after registries were created. Some metrics will be missing from the reporter. Please add reporter before adding any new registry.
2022-09-03 01:13:26,443 [Listener at 0.0.0.0/35673] WARN  impl.MetricRegistriesImpl (MetricRegistriesImpl.java:addReporterRegistration(111)) - New reporters are added after registries were created. Some metrics will be missing from the reporter. Please add reporter before adding any new registry.
2022-09-03 01:13:26,443 [Listener at 0.0.0.0/35673] INFO  ha.SCMRatisServerImpl (SCMRatisServerImpl.java:<init>(87)) - starting Raft server for scm:de25ddac-3a80-4ed5-b6af-85fc97dbd7a2
2022-09-03 01:13:26,444 [Listener at 0.0.0.0/35673] INFO  server.RaftServer (ConfUtils.java:logGet(46)) - raft.rpc.type = GRPC (default)
2022-09-03 01:13:26,444 [Listener at 0.0.0.0/35673] INFO  grpc.GrpcFactory (GrpcFactory.java:checkPooledByteBufAllocatorUseCacheForAllThreads(48)) - PERFORMANCE WARNING: useCacheForAllThreads is true that may cause Netty to create a lot garbage objects and, as a result, trigger GC.
	It is recommended to disable useCacheForAllThreads by setting -Dorg.apache.ratis.thirdparty.io.netty.allocator.useCacheForAllThreads=false in command line.
2022-09-03 01:13:26,444 [Listener at 0.0.0.0/35673] INFO  grpc.GrpcConfigKeys (ConfUtils.java:logGet(46)) - raft.grpc.admin.port = -1 (default)
2022-09-03 01:13:26,445 [Listener at 0.0.0.0/35673] INFO  grpc.GrpcConfigKeys (ConfUtils.java:logGet(46)) - raft.grpc.server.port = 33767 (custom)
2022-09-03 01:13:26,445 [Listener at 0.0.0.0/35673] INFO  grpc.GrpcConfigKeys (ConfUtils.java:logGet(46)) - raft.grpc.client.port = -1 (default)
2022-09-03 01:13:26,445 [Listener at 0.0.0.0/35673] INFO  grpc.GrpcConfigKeys (ConfUtils.java:logGet(46)) - raft.grpc.server.port = 33767 (custom)
2022-09-03 01:13:26,445 [Listener at 0.0.0.0/35673] INFO  grpc.GrpcConfigKeys (ConfUtils.java:logGet(46)) - raft.grpc.server.port = 33767 (custom)
2022-09-03 01:13:26,445 [Listener at 0.0.0.0/35673] INFO  server.GrpcService (ConfUtils.java:logGet(46)) - raft.grpc.message.size.max = 32m (=33554432) (custom)
2022-09-03 01:13:26,445 [Listener at 0.0.0.0/35673] INFO  server.RaftServerConfigKeys (ConfUtils.java:logGet(46)) - raft.server.log.appender.buffer.byte-limit = 33554432 (custom)
2022-09-03 01:13:26,445 [Listener at 0.0.0.0/35673] INFO  server.GrpcService (ConfUtils.java:logGet(46)) - raft.grpc.flow.control.window = 1MB (=1048576) (default)
2022-09-03 01:13:26,446 [Listener at 0.0.0.0/35673] INFO  server.RaftServerConfigKeys (ConfUtils.java:logGet(46)) - raft.server.rpc.request.timeout = 30000ms (custom)
2022-09-03 01:13:26,446 [Listener at 0.0.0.0/35673] INFO  grpc.GrpcConfigKeys (ConfUtils.java:logGet(46)) - raft.grpc.server.async.request.thread.pool.cached = true (default)
2022-09-03 01:13:26,446 [Listener at 0.0.0.0/35673] INFO  grpc.GrpcConfigKeys (ConfUtils.java:logGet(46)) - raft.grpc.server.async.request.thread.pool.size = 32 (default)
2022-09-03 01:13:26,447 [Listener at 0.0.0.0/35673] INFO  impl.DataStreamServerImpl (ConfUtils.java:logGet(46)) - raft.datastream.type = DISABLED (default)
2022-09-03 01:13:26,447 [Listener at 0.0.0.0/35673] INFO  server.RaftServerConfigKeys (ConfUtils.java:logGet(46)) - raft.server.threadpool.proxy.cached = true (default)
2022-09-03 01:13:26,447 [Listener at 0.0.0.0/35673] INFO  server.RaftServerConfigKeys (ConfUtils.java:logGet(46)) - raft.server.threadpool.proxy.size = 0 (default)
2022-09-03 01:13:26,448 [Listener at 0.0.0.0/35673] INFO  server.RaftServerConfigKeys (ConfUtils.java:logGet(46)) - raft.server.rpc.slowness.timeout = 120000ms (custom)
2022-09-03 01:13:26,448 [Listener at 0.0.0.0/35673] INFO  server.RaftServerConfigKeys (ConfUtils.java:logGet(46)) - raft.server.leaderelection.leader.step-down.wait-time = 10s (default)
2022-09-03 01:13:26,448 [Listener at 0.0.0.0/35673] INFO  server.RaftServerConfigKeys (ConfUtils.java:logGet(46)) - raft.server.storage.dir = [/home/runner/work/ozone/ozone/hadoop-ozone/integration-test/target/test-dir/MiniOzoneClusterImpl-b7bb7c95-97ac-4743-8c58-bec42c492c64/scmNode-2/scm-ha] (custom)
2022-09-03 01:13:26,449 [Listener at 0.0.0.0/35673] INFO  server.RaftServer (RaftServerProxy.java:addNew(96)) - de25ddac-3a80-4ed5-b6af-85fc97dbd7a2: addNew group-BEC42C492C64:[] returns group-BEC42C492C64:java.util.concurrent.CompletableFuture@43301d9a[Not completed]
2022-09-03 01:13:26,449 [pool-54-thread-1] INFO  server.RaftServer$Division (RaftServerImpl.java:<init>(190)) - de25ddac-3a80-4ed5-b6af-85fc97dbd7a2: new RaftServerImpl for group-BEC42C492C64:[] with SCMStateMachine:uninitialized
2022-09-03 01:13:26,450 [pool-54-thread-1] INFO  server.RaftServerConfigKeys (ConfUtils.java:logGet(46)) - raft.server.rpc.timeout.min = 5000ms (custom)
2022-09-03 01:13:26,450 [pool-54-thread-1] INFO  server.RaftServerConfigKeys (ConfUtils.java:logGet(46)) - raft.server.rpc.timeout.max = 5200ms (custom)
2022-09-03 01:13:26,450 [pool-54-thread-1] INFO  server.RaftServerConfigKeys (ConfUtils.java:logGet(46)) - raft.server.rpc.sleep.time = 25ms (default)
2022-09-03 01:13:26,450 [pool-54-thread-1] INFO  server.RaftServerConfigKeys (ConfUtils.java:logGet(46)) - raft.server.rpc.slowness.timeout = 120000ms (custom)
2022-09-03 01:13:26,450 [pool-54-thread-1] INFO  server.RaftServerConfigKeys (ConfUtils.java:logGet(46)) - raft.server.leaderelection.leader.step-down.wait-time = 10s (default)
2022-09-03 01:13:26,450 [pool-54-thread-1] INFO  server.RaftServerConfigKeys (ConfUtils.java:logGet(46)) - raft.server.sleep.deviation.threshold = 300ms (default)
2022-09-03 01:13:26,450 [pool-54-thread-1] INFO  server.RaftServer$Division (ServerState.java:<init>(107)) - de25ddac-3a80-4ed5-b6af-85fc97dbd7a2@group-BEC42C492C64: ConfigurationManager, init=-1: [], old=null, confs=<EMPTY_MAP>
2022-09-03 01:13:26,450 [pool-54-thread-1] INFO  server.RaftServerConfigKeys (ConfUtils.java:logGet(46)) - raft.server.storage.dir = [/home/runner/work/ozone/ozone/hadoop-ozone/integration-test/target/test-dir/MiniOzoneClusterImpl-b7bb7c95-97ac-4743-8c58-bec42c492c64/scmNode-2/scm-ha] (custom)
2022-09-03 01:13:26,451 [pool-54-thread-1] INFO  server.RaftServerConfigKeys (ConfUtils.java:logGet(46)) - raft.server.log.corruption.policy = EXCEPTION (default)
2022-09-03 01:13:26,451 [pool-54-thread-1] INFO  server.RaftServerConfigKeys (ConfUtils.java:logGet(46)) - raft.server.storage.free-space.min = 0MB (=0) (default)
2022-09-03 01:13:26,451 [pool-54-thread-1] INFO  storage.RaftStorageDirectory (RaftStorageDirectoryImpl.java:analyzeStorage(135)) - The storage directory /home/runner/work/ozone/ozone/hadoop-ozone/integration-test/target/test-dir/MiniOzoneClusterImpl-b7bb7c95-97ac-4743-8c58-bec42c492c64/scmNode-2/scm-ha/b7bb7c95-97ac-4743-8c58-bec42c492c64 does not exist. Creating ...
2022-09-03 01:13:26,453 [pool-54-thread-1] INFO  storage.RaftStorageDirectory (RaftStorageDirectoryImpl.java:tryLock(230)) - Lock on /home/runner/work/ozone/ozone/hadoop-ozone/integration-test/target/test-dir/MiniOzoneClusterImpl-b7bb7c95-97ac-4743-8c58-bec42c492c64/scmNode-2/scm-ha/b7bb7c95-97ac-4743-8c58-bec42c492c64/in_use.lock acquired by nodename 24955@fv-az504-37
2022-09-03 01:13:26,455 [pool-54-thread-1] INFO  storage.RaftStorage (RaftStorageImpl.java:format(89)) - Storage directory /home/runner/work/ozone/ozone/hadoop-ozone/integration-test/target/test-dir/MiniOzoneClusterImpl-b7bb7c95-97ac-4743-8c58-bec42c492c64/scmNode-2/scm-ha/b7bb7c95-97ac-4743-8c58-bec42c492c64 has been successfully formatted.
2022-09-03 01:13:26,455 [pool-54-thread-1] INFO  server.RaftServerConfigKeys (ConfUtils.java:logGet(46)) - raft.server.notification.no-leader.timeout = 60s (default)
2022-09-03 01:13:26,455 [pool-54-thread-1] INFO  server.RaftServerConfigKeys (ConfUtils.java:logGet(46)) - raft.server.log.use.memory = false (default)
2022-09-03 01:13:26,456 [pool-54-thread-1] INFO  server.RaftServerConfigKeys (ConfUtils.java:logGet(46)) - raft.server.log.purge.gap = 1000000 (custom)
2022-09-03 01:13:26,456 [pool-54-thread-1] INFO  server.RaftServerConfigKeys (ConfUtils.java:logGet(46)) - raft.server.log.appender.buffer.byte-limit = 33554432 (custom)
2022-09-03 01:13:26,456 [pool-54-thread-1] INFO  server.RaftServerConfigKeys (ConfUtils.java:logGet(46)) - raft.server.log.statemachine.data.read.timeout = 1000ms (default)
2022-09-03 01:13:26,456 [pool-54-thread-1] INFO  server.RaftServerConfigKeys (ConfUtils.java:logGet(46)) - raft.server.log.segment.size.max = 4194304 (custom)
2022-09-03 01:13:26,457 [pool-54-thread-1] INFO  server.RaftServerConfigKeys (ConfUtils.java:logGet(46)) - raft.server.log.segment.cache.num.max = 2 (custom)
2022-09-03 01:13:26,457 [pool-54-thread-1] INFO  server.RaftServerConfigKeys (ConfUtils.java:logGet(46)) - raft.server.log.segment.cache.size.max = 200MB (=209715200) (default)
2022-09-03 01:13:26,457 [pool-54-thread-1] INFO  segmented.SegmentedRaftLogWorker (SegmentedRaftLogWorker.java:<init>(187)) - new de25ddac-3a80-4ed5-b6af-85fc97dbd7a2@group-BEC42C492C64-SegmentedRaftLogWorker for RaftStorageImpl:Storage Directory /home/runner/work/ozone/ozone/hadoop-ozone/integration-test/target/test-dir/MiniOzoneClusterImpl-b7bb7c95-97ac-4743-8c58-bec42c492c64/scmNode-2/scm-ha/b7bb7c95-97ac-4743-8c58-bec42c492c64
2022-09-03 01:13:26,457 [pool-54-thread-1] INFO  server.RaftServerConfigKeys (ConfUtils.java:logGet(46)) - raft.server.log.queue.byte-limit = 64MB (=67108864) (default)
2022-09-03 01:13:26,457 [pool-54-thread-1] INFO  server.RaftServerConfigKeys (ConfUtils.java:logGet(46)) - raft.server.log.queue.element-limit = 4096 (default)
2022-09-03 01:13:26,457 [pool-54-thread-1] INFO  server.RaftServerConfigKeys (ConfUtils.java:logGet(46)) - raft.server.log.segment.size.max = 4194304 (custom)
2022-09-03 01:13:26,457 [pool-54-thread-1] INFO  server.RaftServerConfigKeys (ConfUtils.java:logGet(46)) - raft.server.log.preallocated.size = 4194304 (custom)
2022-09-03 01:13:26,457 [pool-54-thread-1] INFO  server.RaftServerConfigKeys (ConfUtils.java:logGet(46)) - raft.server.log.force.sync.num = 128 (default)
2022-09-03 01:13:26,457 [pool-54-thread-1] INFO  server.RaftServerConfigKeys (ConfUtils.java:logGet(46)) - raft.server.log.statemachine.data.sync = true (default)
2022-09-03 01:13:26,458 [pool-54-thread-1] INFO  server.RaftServerConfigKeys (ConfUtils.java:logGet(46)) - raft.server.log.statemachine.data.sync.timeout = 10s (default)
2022-09-03 01:13:26,458 [pool-54-thread-1] INFO  server.RaftServerConfigKeys (ConfUtils.java:logGet(46)) - raft.server.log.statemachine.data.sync.timeout.retry = -1 (default)
2022-09-03 01:13:26,459 [pool-54-thread-1] INFO  server.RaftServerConfigKeys (ConfUtils.java:logGet(46)) - raft.server.log.write.buffer.size = 64KB (=65536) (default)
2022-09-03 01:13:26,459 [pool-54-thread-1] INFO  server.RaftServerConfigKeys (ConfUtils.java:logGet(46)) - raft.server.log.unsafe-flush.enabled = false (default)
2022-09-03 01:13:26,459 [pool-54-thread-1] INFO  server.RaftServerConfigKeys (ConfUtils.java:logGet(46)) - raft.server.log.statemachine.data.caching.enabled = false (default)
2022-09-03 01:13:26,459 [pool-54-thread-1] INFO  segmented.SegmentedRaftLogWorker (SegmentedRaftLogWorker.java:lambda$new$0(135)) - de25ddac-3a80-4ed5-b6af-85fc97dbd7a2@group-BEC42C492C64-SegmentedRaftLogWorker: flushIndex: setUnconditionally 0 -> -1
2022-09-03 01:13:26,459 [pool-54-thread-1] INFO  segmented.SegmentedRaftLogWorker (SegmentedRaftLogWorker.java:lambda$new$0(135)) - de25ddac-3a80-4ed5-b6af-85fc97dbd7a2@group-BEC42C492C64-SegmentedRaftLogWorker: safeCacheEvictIndex: setUnconditionally 0 -> -1
2022-09-03 01:13:26,464 [pool-54-thread-1] INFO  server.RaftServerConfigKeys (ConfUtils.java:logGet(46)) - raft.server.snapshot.auto.trigger.enabled = true (custom)
2022-09-03 01:13:26,465 [pool-54-thread-1] INFO  server.RaftServerConfigKeys (ConfUtils.java:logGet(46)) - raft.server.snapshot.auto.trigger.threshold = 1000 (custom)
2022-09-03 01:13:26,465 [pool-54-thread-1] INFO  server.RaftServerConfigKeys (ConfUtils.java:logGet(46)) - raft.server.snapshot.retention.file.num = -1 (default)
2022-09-03 01:13:26,465 [pool-54-thread-1] INFO  server.RaftServerConfigKeys (ConfUtils.java:logGet(46)) - raft.server.log.purge.upto.snapshot.index = false (default)
2022-09-03 01:13:26,465 [pool-54-thread-1] INFO  server.RaftServerConfigKeys (ConfUtils.java:logGet(46)) - raft.server.retrycache.expirytime = 60000ms (default)
2022-09-03 01:13:26,465 [pool-54-thread-1] INFO  server.RaftServerConfigKeys (ConfUtils.java:logGet(46)) - raft.server.retrycache.statistics.expirytime = 100μs (default)
2022-09-03 01:13:26,469 [pool-54-thread-1] INFO  server.RaftServerConfigKeys (ConfUtils.java:logGet(46)) - raft.server.log.appender.install.snapshot.enabled = false (custom)
2022-09-03 01:13:26,469 [pool-54-thread-1] INFO  server.RaftServerConfigKeys (ConfUtils.java:logGet(46)) - raft.server.threadpool.server.cached = true (default)
2022-09-03 01:13:26,469 [pool-54-thread-1] INFO  server.RaftServerConfigKeys (ConfUtils.java:logGet(46)) - raft.server.threadpool.server.size = 0 (default)
2022-09-03 01:13:26,469 [pool-54-thread-1] INFO  server.RaftServerConfigKeys (ConfUtils.java:logGet(46)) - raft.server.threadpool.client.cached = true (default)
2022-09-03 01:13:26,469 [pool-54-thread-1] INFO  server.RaftServerConfigKeys (ConfUtils.java:logGet(46)) - raft.server.threadpool.client.size = 0 (default)
2022-09-03 01:13:26,469 [Listener at 0.0.0.0/35673] INFO  ha.SCMSnapshotProvider (SCMSnapshotProvider.java:<init>(66)) - Initializing SCM Snapshot Provider
2022-09-03 01:13:26,469 [Listener at 0.0.0.0/35673] WARN  server.ServerUtils (ServerUtils.java:getDefaultRatisDirectory(237)) - Storage directory for Ratis is not configured. It is a good idea to map this to an SSD disk. Falling back to ozone.metadata.dirs
2022-09-03 01:13:26,469 [Listener at 0.0.0.0/35673] WARN  ha.SCMHAUtils (SCMHAUtils.java:getSCMRatisSnapshotDirectory(153)) - SCM snapshot dir is not configured. Falling back to ozone.metadata.dirs config
2022-09-03 01:13:26,471 [Listener at 0.0.0.0/35673] INFO  upgrade.AbstractLayoutVersionManager (AbstractLayoutVersionManager.java:init(83)) - Initializing Layout version manager with metadata layout = DATANODE_SCHEMA_V3 (version = 4), software layout = DATANODE_SCHEMA_V3 (version = 4)
2022-09-03 01:13:26,528 [Listener at 0.0.0.0/35673] INFO  reflections.Reflections (Reflections.java:scan(232)) - Reflections took 56 ms to scan 7 urls, producing 133 keys and 322 values 
2022-09-03 01:13:26,531 [Listener at 0.0.0.0/35673] INFO  ha.SequenceIdGenerator (SequenceIdGenerator.java:upgradeToSequenceId(349)) - upgrade localId to 109611004723200000
2022-09-03 01:13:26,532 [Listener at 0.0.0.0/35673] INFO  ha.SequenceIdGenerator (SequenceIdGenerator.java:upgradeToSequenceId(359)) - upgrade delTxnId to 0
2022-09-03 01:13:26,532 [Listener at 0.0.0.0/35673] INFO  ha.SequenceIdGenerator (SequenceIdGenerator.java:upgradeToSequenceId(376)) - upgrade containerId to 0
2022-09-03 01:13:26,532 [Listener at 0.0.0.0/35673] INFO  ha.SequenceIdGenerator (SequenceIdGenerator.java:<init>(220)) - Init the HA SequenceIdGenerator.
2022-09-03 01:13:26,533 [Listener at 0.0.0.0/35673] WARN  server.ServerUtils (ServerUtils.java:sanitizeUserArgs(73)) - ozone.scm.stale.node.interval value = 300000 is larger than max = 100000 based on the key value of ozone.scm.heartbeat.thread.interval, reset to the max value 100000.
2022-09-03 01:13:26,533 [Listener at 0.0.0.0/35673] WARN  server.ServerUtils (ServerUtils.java:sanitizeUserArgs(73)) - ozone.scm.stale.node.interval value = 300000 is larger than max = 100000 based on the key value of ozone.scm.heartbeat.thread.interval, reset to the max value 100000.
2022-09-03 01:13:26,533 [Listener at 0.0.0.0/35673] INFO  node.SCMNodeManager (SCMNodeManager.java:<init>(149)) - Entering startup safe mode.
2022-09-03 01:13:26,534 [Listener at 0.0.0.0/35673] INFO  algorithms.ContainerPlacementPolicyFactory (ContainerPlacementPolicyFactory.java:getPolicyInternal(86)) - Create container placement policy of type org.apache.hadoop.hdds.scm.container.placement.algorithms.SCMContainerPlacementRandom
2022-09-03 01:13:26,535 [Listener at 0.0.0.0/35673] INFO  algorithms.ContainerPlacementPolicyFactory (ContainerPlacementPolicyFactory.java:getPolicyInternal(86)) - Create container placement policy of type org.apache.hadoop.hdds.scm.container.placement.algorithms.SCMContainerPlacementRackScatter
2022-09-03 01:13:26,535 [Listener at 0.0.0.0/35673] INFO  pipeline.PipelineStateManagerImpl (PipelineStateManagerImpl.java:initialize(78)) - No pipeline exists in current db
2022-09-03 01:13:26,535 [Listener at 0.0.0.0/35673] INFO  algorithms.LeaderChoosePolicyFactory (LeaderChoosePolicyFactory.java:getPolicy(57)) - Create leader choose policy of type org.apache.hadoop.hdds.scm.pipeline.leader.choose.algorithms.MinLeaderCountChoosePolicy
2022-09-03 01:13:26,535 [Listener at 0.0.0.0/35673] INFO  algorithms.ContainerPlacementPolicyFactory (ContainerPlacementPolicyFactory.java:getPolicyInternal(86)) - Create container placement policy of type org.apache.hadoop.hdds.scm.container.placement.algorithms.SCMContainerPlacementRackScatter
2022-09-03 01:13:26,535 [Listener at 0.0.0.0/35673] INFO  ha.SCMServiceManager (SCMServiceManager.java:register(42)) - Registering service BackgroundPipelineCreator.
2022-09-03 01:13:26,535 [Listener at 0.0.0.0/35673] INFO  pipeline.BackgroundPipelineCreator (BackgroundPipelineCreator.java:start(124)) - Starting RatisPipelineUtilsThread.
2022-09-03 01:13:26,536 [Listener at 0.0.0.0/35673] INFO  BackgroundPipelineScrubber (BackgroundSCMService.java:start(68)) - Starting BackgroundPipelineScrubber Service.
2022-09-03 01:13:26,540 [Listener at 0.0.0.0/35673] INFO  ha.SCMServiceManager (SCMServiceManager.java:register(42)) - Registering service BackgroundPipelineScrubber.
2022-09-03 01:13:26,540 [Listener at 0.0.0.0/35673] INFO  ExpiredContainerReplicaOpScrubber (BackgroundSCMService.java:start(68)) - Starting ExpiredContainerReplicaOpScrubber Service.
2022-09-03 01:13:26,541 [Listener at 0.0.0.0/35673] INFO  ha.SCMServiceManager (SCMServiceManager.java:register(42)) - Registering service ExpiredContainerReplicaOpScrubber.
2022-09-03 01:13:26,542 [Listener at 0.0.0.0/35673] INFO  algorithms.PipelineChoosePolicyFactory (PipelineChoosePolicyFactory.java:createPipelineChoosePolicyFromClass(73)) - Create pipeline choose policy of type org.apache.hadoop.hdds.scm.pipeline.choose.algorithms.RandomPipelineChoosePolicy
2022-09-03 01:13:26,542 [Listener at 0.0.0.0/35673] INFO  ha.SCMServiceManager (SCMServiceManager.java:register(42)) - Registering service SCMBlockDeletingService.
2022-09-03 01:13:26,543 [Listener at 0.0.0.0/35673] INFO  replication.ReplicationManager (ReplicationManager.java:start(208)) - Starting Replication Monitor Thread.
2022-09-03 01:13:26,544 [Listener at 0.0.0.0/35673] INFO  UnderReplicatedQueueThread (BackgroundSCMService.java:start(68)) - Starting UnderReplicatedQueueThread Service.
2022-09-03 01:13:26,545 [Listener at 0.0.0.0/35673] INFO  ha.SCMServiceManager (SCMServiceManager.java:register(42)) - Registering service UnderReplicatedQueueThread.
2022-09-03 01:13:26,545 [Listener at 0.0.0.0/35673] INFO  OverReplicatedQueueThread (BackgroundSCMService.java:start(68)) - Starting OverReplicatedQueueThread Service.
2022-09-03 01:13:26,545 [Listener at 0.0.0.0/35673] INFO  ha.SCMServiceManager (SCMServiceManager.java:register(42)) - Registering service OverReplicatedQueueThread.
2022-09-03 01:13:26,546 [Listener at 0.0.0.0/35673] INFO  ha.SCMServiceManager (SCMServiceManager.java:register(42)) - Registering service ReplicationManager.
2022-09-03 01:13:26,546 [Listener at 0.0.0.0/35673] INFO  safemode.ContainerSafeModeRule (ContainerSafeModeRule.java:<init>(89)) - containers with one replica threshold count 0
2022-09-03 01:13:26,547 [Listener at 0.0.0.0/35673] INFO  safemode.HealthyPipelineSafeModeRule (HealthyPipelineSafeModeRule.java:initializeRule(169)) - Total pipeline count is 0, healthy pipeline threshold count is 1
2022-09-03 01:13:26,548 [Listener at 0.0.0.0/35673] INFO  safemode.OneReplicaPipelineSafeModeRule (OneReplicaPipelineSafeModeRule.java:initializeRule(180)) - Total pipeline count is 0, pipeline's with at least one datanode reported threshold count is 0
2022-09-03 01:13:26,559 [ReplicationMonitor] INFO  replication.ReplicationManager (ReplicationManager.java:processAll(257)) - Replication Manager is not ready to run until 3000ms after safemode exit
2022-09-03 01:13:26,559 [Listener at 0.0.0.0/35673] INFO  ipc.CallQueueManager (CallQueueManager.java:<init>(90)) - Using callQueue: class java.util.concurrent.LinkedBlockingQueue, queueCapacity: 2000, scheduler: class org.apache.hadoop.ipc.DefaultRpcScheduler, ipcBackoff: false.
2022-09-03 01:13:26,559 [Socket Reader #1 for port 44975] INFO  ipc.Server (Server.java:run(1265)) - Starting Socket Reader #1 for port 44975
2022-09-03 01:13:26,561 [Listener at 0.0.0.0/44975] INFO  ipc.CallQueueManager (CallQueueManager.java:<init>(90)) - Using callQueue: class java.util.concurrent.LinkedBlockingQueue, queueCapacity: 2000, scheduler: class org.apache.hadoop.ipc.DefaultRpcScheduler, ipcBackoff: false.
2022-09-03 01:13:26,564 [Socket Reader #1 for port 40787] INFO  ipc.Server (Server.java:run(1265)) - Starting Socket Reader #1 for port 40787
2022-09-03 01:13:26,565 [Listener at 0.0.0.0/40787] INFO  ipc.CallQueueManager (CallQueueManager.java:<init>(90)) - Using callQueue: class java.util.concurrent.LinkedBlockingQueue, queueCapacity: 2000, scheduler: class org.apache.hadoop.ipc.DefaultRpcScheduler, ipcBackoff: false.
2022-09-03 01:13:26,567 [Socket Reader #1 for port 39387] INFO  ipc.Server (Server.java:run(1265)) - Starting Socket Reader #1 for port 39387
2022-09-03 01:13:26,603 [Listener at 0.0.0.0/39387] INFO  ha.SCMServiceManager (SCMServiceManager.java:register(42)) - Registering service ContainerBalancer.
2022-09-03 01:13:26,603 [Listener at 0.0.0.0/39387] INFO  server.StorageContainerManager (StorageContainerManager.java:<init>(412)) - 
Container Balancer status:
Key                            Value
Running                        false
Container Balancer Configuration values:
Key                                                Value
Threshold                                          10
Max Datanodes to Involve per Iteration(percent)    20
Max Size to Move per Iteration                     500GB
Max Size Entering Target per Iteration             26GB
Max Size Leaving Source per Iteration              26GB

2022-09-03 01:13:26,603 [Listener at 0.0.0.0/39387] WARN  events.EventQueue (EventQueue.java:fireEvent(216)) - No event handler registered for event TypedEvent{payloadType=SafeModeStatus, name='Safe mode status'}
2022-09-03 01:13:26,603 [Listener at 0.0.0.0/39387] INFO  ha.SCMContext (SCMContext.java:updateSafeModeStatus(228)) - Update SafeModeStatus from SafeModeStatus{safeModeStatus=true, preCheckPassed=false} to SafeModeStatus{safeModeStatus=true, preCheckPassed=false}.
2022-09-03 01:13:26,604 [Listener at 0.0.0.0/39387] INFO  server.StorageContainerManager (StorageContainerManager.java:start(1466)) - StorageContainerLocationProtocol RPC server is listening at /0.0.0.0:39387
2022-09-03 01:13:26,604 [Listener at 0.0.0.0/39387] INFO  ha.SCMRatisServerImpl (SCMRatisServerImpl.java:start(178)) - starting ratis server 0.0.0.0:33767
2022-09-03 01:13:26,604 [de25ddac-3a80-4ed5-b6af-85fc97dbd7a2-impl-thread1] INFO  server.RaftServer$Division (RaftServerImpl.java:start(316)) - de25ddac-3a80-4ed5-b6af-85fc97dbd7a2@group-BEC42C492C64: start with initializing state, conf=-1: [], old=null
2022-09-03 01:13:26,605 [de25ddac-3a80-4ed5-b6af-85fc97dbd7a2-impl-thread1] INFO  server.RaftServer$Division (RaftServerImpl.java:setRole(299)) - de25ddac-3a80-4ed5-b6af-85fc97dbd7a2@group-BEC42C492C64: changes role from      null to FOLLOWER at term 0 for startInitializing
2022-09-03 01:13:26,605 [de25ddac-3a80-4ed5-b6af-85fc97dbd7a2-impl-thread1] INFO  util.JmxRegister (JmxRegister.java:tryRegister(44)) - Successfully registered JMX Bean with object name Ratis:service=RaftServer,group=group-BEC42C492C64,id=de25ddac-3a80-4ed5-b6af-85fc97dbd7a2
2022-09-03 01:13:26,608 [Listener at 0.0.0.0/39387] INFO  server.RaftServer (RaftServerProxy.java:lambda$start$6(382)) - de25ddac-3a80-4ed5-b6af-85fc97dbd7a2: start RPC server
2022-09-03 01:13:26,610 [Listener at 0.0.0.0/39387] INFO  server.GrpcService (GrpcService.java:startImpl(260)) - de25ddac-3a80-4ed5-b6af-85fc97dbd7a2: GrpcService started, listening on 33767
2022-09-03 01:13:26,610 [org.apache.ratis.util.JvmPauseMonitor$$Lambda$519/503118660@9cf487a] INFO  util.JvmPauseMonitor (JvmPauseMonitor.java:run(103)) - JvmPauseMonitor-de25ddac-3a80-4ed5-b6af-85fc97dbd7a2: Started
2022-09-03 01:13:26,612 [Listener at 0.0.0.0/39387] INFO  ha.SCMNodeInfo (SCMNodeInfo.java:getPort(197)) - ConfigKey ozone.scm.client.address is deprecated, For configuring different ports for each SCM use PortConfigKey ozone.scm.client.port appended with serviceId and nodeId
2022-09-03 01:13:26,612 [Listener at 0.0.0.0/39387] INFO  ha.SCMNodeInfo (SCMNodeInfo.java:getPort(197)) - ConfigKey ozone.scm.block.client.address is deprecated, For configuring different ports for each SCM use PortConfigKey ozone.scm.block.client.port appended with serviceId and nodeId
2022-09-03 01:13:26,612 [Listener at 0.0.0.0/39387] INFO  ha.SCMNodeInfo (SCMNodeInfo.java:getPort(197)) - ConfigKey ozone.scm.datanode.address is deprecated, For configuring different ports for each SCM use PortConfigKey ozone.scm.datanode.port appended with serviceId and nodeId
2022-09-03 01:13:26,613 [Listener at 0.0.0.0/39387] INFO  ha.SCMNodeInfo (SCMNodeInfo.java:getPort(197)) - ConfigKey ozone.scm.client.address is deprecated, For configuring different ports for each SCM use PortConfigKey ozone.scm.client.port appended with serviceId and nodeId
2022-09-03 01:13:26,613 [Listener at 0.0.0.0/39387] INFO  ha.SCMNodeInfo (SCMNodeInfo.java:getPort(197)) - ConfigKey ozone.scm.block.client.address is deprecated, For configuring different ports for each SCM use PortConfigKey ozone.scm.block.client.port appended with serviceId and nodeId
2022-09-03 01:13:26,613 [Listener at 0.0.0.0/39387] INFO  ha.SCMNodeInfo (SCMNodeInfo.java:getPort(197)) - ConfigKey ozone.scm.datanode.address is deprecated, For configuring different ports for each SCM use PortConfigKey ozone.scm.datanode.port appended with serviceId and nodeId
2022-09-03 01:13:26,613 [Listener at 0.0.0.0/39387] INFO  proxy.SCMBlockLocationFailoverProxyProvider (SCMBlockLocationFailoverProxyProvider.java:<init>(114)) - Created block location fail-over proxy with 2 nodes: [nodeId=scmNode-3,nodeAddress=/127.0.0.1:34479, nodeId=scmNode-1,nodeAddress=/127.0.0.1:41665]
2022-09-03 01:13:26,622 [IPC Server handler 0 on default port 41665] INFO  ha.SCMRatisServerImpl (SCMRatisServerImpl.java:addSCM(298)) - 5abf6683-c399-417c-b48d-34ddeee7dd89: Submitting SetConfiguration request to Ratis server with new SCM peers list: [5abf6683-c399-417c-b48d-34ddeee7dd89|rpc:localhost:37097|admin:|client:|dataStream:|priority:0, de25ddac-3a80-4ed5-b6af-85fc97dbd7a2|rpc:localhost:33767|priority:0]
2022-09-03 01:13:26,636 [IPC Server handler 0 on default port 41665] INFO  server.RaftServer$Division (RaftServerImpl.java:setConfigurationAsync(1080)) - 5abf6683-c399-417c-b48d-34ddeee7dd89@group-BEC42C492C64: receive setConfiguration SetConfigurationRequest:client-AB95DCC0A964->5abf6683-c399-417c-b48d-34ddeee7dd89@group-BEC42C492C64, cid=0, seq=0, RW, null, peers:[5abf6683-c399-417c-b48d-34ddeee7dd89|rpc:localhost:37097|admin:|client:|dataStream:|priority:0, de25ddac-3a80-4ed5-b6af-85fc97dbd7a2|rpc:localhost:33767|priority:0]
2022-09-03 01:13:26,637 [IPC Server handler 0 on default port 41665] INFO  server.RaftServer$Division (LeaderStateImpl.java:startSetConfiguration(368)) - 5abf6683-c399-417c-b48d-34ddeee7dd89@group-BEC42C492C64-LeaderStateImpl: startSetConfiguration SetConfigurationRequest:client-AB95DCC0A964->5abf6683-c399-417c-b48d-34ddeee7dd89@group-BEC42C492C64, cid=0, seq=0, RW, null, peers:[5abf6683-c399-417c-b48d-34ddeee7dd89|rpc:localhost:37097|admin:|client:|dataStream:|priority:0, de25ddac-3a80-4ed5-b6af-85fc97dbd7a2|rpc:localhost:33767|priority:0]
2022-09-03 01:13:26,651 [IPC Server handler 0 on default port 41665] INFO  server.RaftServerConfigKeys (ConfUtils.java:logGet(46)) - raft.server.log.appender.snapshot.chunk.size.max = 16MB (=16777216) (default)
2022-09-03 01:13:26,651 [IPC Server handler 0 on default port 41665] INFO  server.RaftServerConfigKeys (ConfUtils.java:logGet(46)) - raft.server.log.appender.buffer.byte-limit = 33554432 (custom)
2022-09-03 01:13:26,652 [IPC Server handler 0 on default port 41665] INFO  server.RaftServerConfigKeys (ConfUtils.java:logGet(46)) - raft.server.log.appender.buffer.element-limit = 1024 (custom)
2022-09-03 01:13:26,655 [IPC Server handler 0 on default port 41665] INFO  grpc.GrpcConfigKeys (ConfUtils.java:logGet(46)) - raft.grpc.server.leader.outstanding.appends.max = 128 (default)
2022-09-03 01:13:26,655 [IPC Server handler 0 on default port 41665] INFO  server.RaftServerConfigKeys (ConfUtils.java:logGet(46)) - raft.server.rpc.request.timeout = 30000ms (custom)
2022-09-03 01:13:26,655 [IPC Server handler 0 on default port 41665] INFO  server.RaftServerConfigKeys (ConfUtils.java:logGet(46)) - raft.server.log.appender.install.snapshot.enabled = false (custom)
2022-09-03 01:13:26,661 [5abf6683-c399-417c-b48d-34ddeee7dd89@group-BEC42C492C64->de25ddac-3a80-4ed5-b6af-85fc97dbd7a2-GrpcLogAppender-LogAppenderDaemon] INFO  server.GrpcLogAppender (GrpcLogAppender.java:installSnapshot(541)) - 5abf6683-c399-417c-b48d-34ddeee7dd89@group-BEC42C492C64->de25ddac-3a80-4ed5-b6af-85fc97dbd7a2-GrpcLogAppender: followerNextIndex = 0 but logStartIndex = 0, notify follower to install snapshot-(t:1, i:0)
2022-09-03 01:13:26,685 [5abf6683-c399-417c-b48d-34ddeee7dd89@group-BEC42C492C64->de25ddac-3a80-4ed5-b6af-85fc97dbd7a2-GrpcLogAppender-LogAppenderDaemon] INFO  server.GrpcLogAppender (GrpcLogAppender.java:installSnapshot(549)) - 5abf6683-c399-417c-b48d-34ddeee7dd89@group-BEC42C492C64->de25ddac-3a80-4ed5-b6af-85fc97dbd7a2-GrpcLogAppender: send 5abf6683-c399-417c-b48d-34ddeee7dd89->de25ddac-3a80-4ed5-b6af-85fc97dbd7a2#0-t2,notify:(t:1, i:0)
2022-09-03 01:13:27,336 [grpc-default-executor-0] INFO  impl.SnapshotInstallationHandler (SnapshotInstallationHandler.java:installSnapshot(84)) - de25ddac-3a80-4ed5-b6af-85fc97dbd7a2@group-BEC42C492C64: receive installSnapshot: 5abf6683-c399-417c-b48d-34ddeee7dd89->de25ddac-3a80-4ed5-b6af-85fc97dbd7a2#0-t2,notify:(t:1, i:0)
2022-09-03 01:13:27,338 [grpc-default-executor-0] INFO  ha.SCMStateMachine (SCMStateMachine.java:notifyLeaderChanged(255)) - leader changed, yet current SCM is still follower.
2022-09-03 01:13:27,338 [grpc-default-executor-0] INFO  server.RaftServer$Division (ServerState.java:setLeader(287)) - de25ddac-3a80-4ed5-b6af-85fc97dbd7a2@group-BEC42C492C64: change Leader from null to 5abf6683-c399-417c-b48d-34ddeee7dd89 at term 2 for installSnapshot, leader elected after 882ms
2022-09-03 01:13:27,340 [grpc-default-executor-0] INFO  impl.SnapshotInstallationHandler (SnapshotInstallationHandler.java:notifyStateMachineToInstallSnapshot(215)) - de25ddac-3a80-4ed5-b6af-85fc97dbd7a2@group-BEC42C492C64: Received notification to install snapshot at index 0
2022-09-03 01:13:27,342 [grpc-default-executor-0] INFO  impl.SnapshotInstallationHandler (SnapshotInstallationHandler.java:notifyStateMachineToInstallSnapshot(224)) - de25ddac-3a80-4ed5-b6af-85fc97dbd7a2@group-BEC42C492C64: InstallSnapshot notification result: ALREADY_INSTALLED, current snapshot index: -1
2022-09-03 01:13:27,435 [grpc-default-executor-0] INFO  impl.SnapshotInstallationHandler (SnapshotInstallationHandler.java:installSnapshotImpl(129)) - de25ddac-3a80-4ed5-b6af-85fc97dbd7a2@group-BEC42C492C64: set new configuration index: 1
configurationEntry {
  peers {
    id: "5abf6683-c399-417c-b48d-34ddeee7dd89"
    address: "localhost:37097"
  }
}
 from snapshot
2022-09-03 01:13:27,437 [grpc-default-executor-0] INFO  server.RaftServer$Division (ServerState.java:setRaftConf(393)) - de25ddac-3a80-4ed5-b6af-85fc97dbd7a2@group-BEC42C492C64: set configuration 1: [5abf6683-c399-417c-b48d-34ddeee7dd89|rpc:localhost:37097|admin:|client:|dataStream:|priority:0], old=null
2022-09-03 01:13:27,437 [grpc-default-executor-0] INFO  impl.SnapshotInstallationHandler (SnapshotInstallationHandler.java:installSnapshot(95)) - de25ddac-3a80-4ed5-b6af-85fc97dbd7a2@group-BEC42C492C64: reply installSnapshot: 5abf6683-c399-417c-b48d-34ddeee7dd89<-de25ddac-3a80-4ed5-b6af-85fc97dbd7a2#0:FAIL-t0,ALREADY_INSTALLED
2022-09-03 01:13:27,440 [grpc-default-executor-0] INFO  server.GrpcServerProtocolService (GrpcServerProtocolService.java:onCompleted(140)) - de25ddac-3a80-4ed5-b6af-85fc97dbd7a2: Completed INSTALL_SNAPSHOT, lastRequest: 5abf6683-c399-417c-b48d-34ddeee7dd89->de25ddac-3a80-4ed5-b6af-85fc97dbd7a2#0-t2,notify:(t:1, i:0)
2022-09-03 01:13:27,446 [grpc-default-executor-0] INFO  server.GrpcLogAppender (GrpcLogAppender.java:onNext(403)) - 5abf6683-c399-417c-b48d-34ddeee7dd89@group-BEC42C492C64->de25ddac-3a80-4ed5-b6af-85fc97dbd7a2-InstallSnapshotResponseHandler: received the first reply 5abf6683-c399-417c-b48d-34ddeee7dd89<-de25ddac-3a80-4ed5-b6af-85fc97dbd7a2#0:FAIL-t0,ALREADY_INSTALLED
2022-09-03 01:13:27,448 [grpc-default-executor-0] INFO  server.GrpcLogAppender (GrpcLogAppender.java:onNext(426)) - 5abf6683-c399-417c-b48d-34ddeee7dd89@group-BEC42C492C64->de25ddac-3a80-4ed5-b6af-85fc97dbd7a2-InstallSnapshotResponseHandler: Follower snapshot is already at index 0.
2022-09-03 01:13:27,448 [grpc-default-executor-0] INFO  leader.FollowerInfo (FollowerInfoImpl.java:lambda$new$0(48)) - 5abf6683-c399-417c-b48d-34ddeee7dd89@group-BEC42C492C64->de25ddac-3a80-4ed5-b6af-85fc97dbd7a2: snapshotIndex: setUnconditionally 0 -> 0
2022-09-03 01:13:27,449 [grpc-default-executor-0] INFO  leader.FollowerInfo (FollowerInfoImpl.java:lambda$new$0(48)) - 5abf6683-c399-417c-b48d-34ddeee7dd89@group-BEC42C492C64->de25ddac-3a80-4ed5-b6af-85fc97dbd7a2: matchIndex: setUnconditionally 0 -> 0
2022-09-03 01:13:27,449 [grpc-default-executor-0] INFO  leader.FollowerInfo (FollowerInfoImpl.java:lambda$new$0(48)) - 5abf6683-c399-417c-b48d-34ddeee7dd89@group-BEC42C492C64->de25ddac-3a80-4ed5-b6af-85fc97dbd7a2: nextIndex: setUnconditionally 0 -> 1
2022-09-03 01:13:27,449 [grpc-default-executor-0] INFO  leader.FollowerInfo (FollowerInfoImpl.java:setAttemptedToInstallSnapshot(118)) - Follower 5abf6683-c399-417c-b48d-34ddeee7dd89@group-BEC42C492C64->de25ddac-3a80-4ed5-b6af-85fc97dbd7a2 acknowledged installing snapshot
2022-09-03 01:13:27,449 [grpc-default-executor-0] INFO  leader.FollowerInfo (FollowerInfoImpl.java:lambda$new$0(48)) - 5abf6683-c399-417c-b48d-34ddeee7dd89@group-BEC42C492C64->de25ddac-3a80-4ed5-b6af-85fc97dbd7a2: nextIndex: updateToMax old=1, new=1, updated? false
2022-09-03 01:13:27,485 [de25ddac-3a80-4ed5-b6af-85fc97dbd7a2-server-thread1] INFO  impl.RoleInfo (RoleInfo.java:updateAndGet(139)) - de25ddac-3a80-4ed5-b6af-85fc97dbd7a2: start de25ddac-3a80-4ed5-b6af-85fc97dbd7a2@group-BEC42C492C64-FollowerState
2022-09-03 01:13:27,486 [de25ddac-3a80-4ed5-b6af-85fc97dbd7a2-server-thread1] INFO  server.RaftServer$Division (RaftServerImpl.java:checkInconsistentAppendEntries(1424)) - de25ddac-3a80-4ed5-b6af-85fc97dbd7a2@group-BEC42C492C64: Failed appendEntries as previous log entry ((t:1, i:0)) is not found
2022-09-03 01:13:27,489 [de25ddac-3a80-4ed5-b6af-85fc97dbd7a2-server-thread1] INFO  server.RaftServer$Division (RaftServerImpl.java:checkInconsistentAppendEntries(1394)) - de25ddac-3a80-4ed5-b6af-85fc97dbd7a2@group-BEC42C492C64: inconsistency entries. Reply:5abf6683-c399-417c-b48d-34ddeee7dd89<-de25ddac-3a80-4ed5-b6af-85fc97dbd7a2#0:FAIL-t2,INCONSISTENCY,nextIndex=0,followerCommit=-1
2022-09-03 01:13:27,494 [grpc-default-executor-0] INFO  leader.FollowerInfo (FollowerInfoImpl.java:lambda$new$0(48)) - 5abf6683-c399-417c-b48d-34ddeee7dd89@group-BEC42C492C64->de25ddac-3a80-4ed5-b6af-85fc97dbd7a2: nextIndex: updateUnconditionally 3 -> 0
2022-09-03 01:13:27,495 [de25ddac-3a80-4ed5-b6af-85fc97dbd7a2-server-thread1] INFO  server.RaftServer$Division (RaftServerImpl.java:checkInconsistentAppendEntries(1424)) - de25ddac-3a80-4ed5-b6af-85fc97dbd7a2@group-BEC42C492C64: Failed appendEntries as previous log entry ((t:1, i:0)) is not found
2022-09-03 01:13:27,495 [de25ddac-3a80-4ed5-b6af-85fc97dbd7a2-server-thread1] INFO  server.RaftServer$Division (RaftServerImpl.java:checkInconsistentAppendEntries(1394)) - de25ddac-3a80-4ed5-b6af-85fc97dbd7a2@group-BEC42C492C64: inconsistency entries. Reply:5abf6683-c399-417c-b48d-34ddeee7dd89<-de25ddac-3a80-4ed5-b6af-85fc97dbd7a2#1:FAIL-t2,INCONSISTENCY,nextIndex=0,followerCommit=-1
2022-09-03 01:13:27,506 [grpc-default-executor-0] INFO  leader.FollowerInfo (FollowerInfoImpl.java:lambda$new$0(48)) - 5abf6683-c399-417c-b48d-34ddeee7dd89@group-BEC42C492C64->de25ddac-3a80-4ed5-b6af-85fc97dbd7a2: nextIndex: updateUnconditionally 3 -> 0
2022-09-03 01:13:27,508 [de25ddac-3a80-4ed5-b6af-85fc97dbd7a2-server-thread1] INFO  server.RaftServer$Division (ServerState.java:setRaftConf(393)) - de25ddac-3a80-4ed5-b6af-85fc97dbd7a2@group-BEC42C492C64: set configuration 0: [5abf6683-c399-417c-b48d-34ddeee7dd89|rpc:localhost:37097|admin:|client:|dataStream:|priority:0], old=null
2022-09-03 01:13:27,508 [de25ddac-3a80-4ed5-b6af-85fc97dbd7a2-server-thread1] INFO  server.RaftServer$Division (ServerState.java:setRaftConf(393)) - de25ddac-3a80-4ed5-b6af-85fc97dbd7a2@group-BEC42C492C64: set configuration 1: [5abf6683-c399-417c-b48d-34ddeee7dd89|rpc:localhost:37097|admin:|client:|dataStream:|priority:0], old=null
2022-09-03 01:13:27,508 [de25ddac-3a80-4ed5-b6af-85fc97dbd7a2-server-thread1] INFO  segmented.SegmentedRaftLogWorker (SegmentedRaftLogWorker.java:startLogSegment(425)) - de25ddac-3a80-4ed5-b6af-85fc97dbd7a2@group-BEC42C492C64-SegmentedRaftLogWorker: Starting segment from index:0
2022-09-03 01:13:27,509 [de25ddac-3a80-4ed5-b6af-85fc97dbd7a2-server-thread1] INFO  segmented.SegmentedRaftLogWorker (SegmentedRaftLogWorker.java:rollLogSegment(430)) - de25ddac-3a80-4ed5-b6af-85fc97dbd7a2@group-BEC42C492C64-SegmentedRaftLogWorker: Rolling segment log-0_0 to index:0
2022-09-03 01:13:27,516 [de25ddac-3a80-4ed5-b6af-85fc97dbd7a2-server-thread2] INFO  server.RaftServer$Division (ServerState.java:setRaftConf(393)) - de25ddac-3a80-4ed5-b6af-85fc97dbd7a2@group-BEC42C492C64: set configuration 0: [5abf6683-c399-417c-b48d-34ddeee7dd89|rpc:localhost:37097|admin:|client:|dataStream:|priority:0], old=null
2022-09-03 01:13:27,517 [de25ddac-3a80-4ed5-b6af-85fc97dbd7a2-server-thread2] INFO  server.RaftServer$Division (ServerState.java:setRaftConf(393)) - de25ddac-3a80-4ed5-b6af-85fc97dbd7a2@group-BEC42C492C64: set configuration 1: [5abf6683-c399-417c-b48d-34ddeee7dd89|rpc:localhost:37097|admin:|client:|dataStream:|priority:0], old=null
2022-09-03 01:13:27,523 [de25ddac-3a80-4ed5-b6af-85fc97dbd7a2@group-BEC42C492C64-SegmentedRaftLogWorker] INFO  segmented.SegmentedRaftLogWorker (SegmentedRaftLogWorker.java:execute(629)) - de25ddac-3a80-4ed5-b6af-85fc97dbd7a2@group-BEC42C492C64-SegmentedRaftLogWorker: created new log segment /home/runner/work/ozone/ozone/hadoop-ozone/integration-test/target/test-dir/MiniOzoneClusterImpl-b7bb7c95-97ac-4743-8c58-bec42c492c64/scmNode-2/scm-ha/b7bb7c95-97ac-4743-8c58-bec42c492c64/current/log_inprogress_0
2022-09-03 01:13:27,527 [de25ddac-3a80-4ed5-b6af-85fc97dbd7a2@group-BEC42C492C64-SegmentedRaftLogWorker] INFO  segmented.SegmentedRaftLogWorker (SegmentedRaftLogWorker.java:execute(586)) - de25ddac-3a80-4ed5-b6af-85fc97dbd7a2@group-BEC42C492C64-SegmentedRaftLogWorker: Rolled log segment from /home/runner/work/ozone/ozone/hadoop-ozone/integration-test/target/test-dir/MiniOzoneClusterImpl-b7bb7c95-97ac-4743-8c58-bec42c492c64/scmNode-2/scm-ha/b7bb7c95-97ac-4743-8c58-bec42c492c64/current/log_inprogress_0 to /home/runner/work/ozone/ozone/hadoop-ozone/integration-test/target/test-dir/MiniOzoneClusterImpl-b7bb7c95-97ac-4743-8c58-bec42c492c64/scmNode-2/scm-ha/b7bb7c95-97ac-4743-8c58-bec42c492c64/current/log_0-0
2022-09-03 01:13:27,542 [de25ddac-3a80-4ed5-b6af-85fc97dbd7a2@group-BEC42C492C64-SegmentedRaftLogWorker] INFO  segmented.SegmentedRaftLogWorker (SegmentedRaftLogWorker.java:execute(629)) - de25ddac-3a80-4ed5-b6af-85fc97dbd7a2@group-BEC42C492C64-SegmentedRaftLogWorker: created new log segment /home/runner/work/ozone/ozone/hadoop-ozone/integration-test/target/test-dir/MiniOzoneClusterImpl-b7bb7c95-97ac-4743-8c58-bec42c492c64/scmNode-2/scm-ha/b7bb7c95-97ac-4743-8c58-bec42c492c64/current/log_inprogress_1
2022-09-03 01:13:27,546 [de25ddac-3a80-4ed5-b6af-85fc97dbd7a2@group-BEC42C492C64-StateMachineUpdater] INFO  safemode.HealthyPipelineSafeModeRule (HealthyPipelineSafeModeRule.java:initializeRule(165)) - Refreshed total pipeline count is 0, healthy pipeline threshold count is 1
2022-09-03 01:13:27,548 [de25ddac-3a80-4ed5-b6af-85fc97dbd7a2@group-BEC42C492C64-StateMachineUpdater] INFO  safemode.ContainerSafeModeRule (ContainerSafeModeRule.java:reInitializeRule(177)) - Refreshed one replica container threshold 0, currentThreshold 0
2022-09-03 01:13:27,548 [de25ddac-3a80-4ed5-b6af-85fc97dbd7a2@group-BEC42C492C64-StateMachineUpdater] INFO  safemode.OneReplicaPipelineSafeModeRule (OneReplicaPipelineSafeModeRule.java:initializeRule(176)) - Refreshed Total pipeline count is 0, pipeline's with at least one datanode reported threshold count is 0
2022-09-03 01:13:27,548 [de25ddac-3a80-4ed5-b6af-85fc97dbd7a2@group-BEC42C492C64-StateMachineUpdater] INFO  server.SCMDatanodeProtocolServer (SCMDatanodeProtocolServer.java:start(186)) - ScmDatanodeProtocol RPC server for DataNodes is listening at /0.0.0.0:44975
2022-09-03 01:13:27,554 [5abf6683-c399-417c-b48d-34ddeee7dd89@group-BEC42C492C64-LeaderStateImpl] INFO  server.RaftServer$Division (ServerState.java:setRaftConf(393)) - 5abf6683-c399-417c-b48d-34ddeee7dd89@group-BEC42C492C64: set configuration 3: [5abf6683-c399-417c-b48d-34ddeee7dd89|rpc:localhost:37097|admin:|client:|dataStream:|priority:0, de25ddac-3a80-4ed5-b6af-85fc97dbd7a2|rpc:localhost:33767|priority:0], old=[5abf6683-c399-417c-b48d-34ddeee7dd89|rpc:localhost:37097|admin:|client:|dataStream:|priority:0]
2022-09-03 01:13:27,561 [IPC Server listener on 44975] INFO  ipc.Server (Server.java:run(1344)) - IPC Server listener on 44975: starting
2022-09-03 01:13:27,561 [IPC Server Responder] INFO  ipc.Server (Server.java:run(1507)) - IPC Server Responder: starting
2022-09-03 01:13:27,571 [de25ddac-3a80-4ed5-b6af-85fc97dbd7a2-server-thread2] INFO  server.RaftServer$Division (ServerState.java:setRaftConf(393)) - de25ddac-3a80-4ed5-b6af-85fc97dbd7a2@group-BEC42C492C64: set configuration 3: [5abf6683-c399-417c-b48d-34ddeee7dd89|rpc:localhost:37097|admin:|client:|dataStream:|priority:0, de25ddac-3a80-4ed5-b6af-85fc97dbd7a2|rpc:localhost:33767|admin:|client:|dataStream:|priority:0], old=[5abf6683-c399-417c-b48d-34ddeee7dd89|rpc:localhost:37097|admin:|client:|dataStream:|priority:0]
2022-09-03 01:13:27,585 [5abf6683-c399-417c-b48d-34ddeee7dd89@group-BEC42C492C64-LeaderStateImpl] INFO  server.RaftServer$Division (ServerState.java:setRaftConf(393)) - 5abf6683-c399-417c-b48d-34ddeee7dd89@group-BEC42C492C64: set configuration 5: [5abf6683-c399-417c-b48d-34ddeee7dd89|rpc:localhost:37097|admin:|client:|dataStream:|priority:0, de25ddac-3a80-4ed5-b6af-85fc97dbd7a2|rpc:localhost:33767|priority:0], old=null
2022-09-03 01:13:27,587 [de25ddac-3a80-4ed5-b6af-85fc97dbd7a2-server-thread2] INFO  server.RaftServer$Division (ServerState.java:setRaftConf(393)) - de25ddac-3a80-4ed5-b6af-85fc97dbd7a2@group-BEC42C492C64: set configuration 5: [5abf6683-c399-417c-b48d-34ddeee7dd89|rpc:localhost:37097|admin:|client:|dataStream:|priority:0, de25ddac-3a80-4ed5-b6af-85fc97dbd7a2|rpc:localhost:33767|admin:|client:|dataStream:|priority:0], old=null
2022-09-03 01:13:27,596 [IPC Server handler 0 on default port 41665] INFO  ha.SCMRatisServerImpl (SCMRatisServerImpl.java:addSCM(309)) - Successfully added new SCM: de25ddac-3a80-4ed5-b6af-85fc97dbd7a2.
2022-09-03 01:13:27,600 [Listener at 0.0.0.0/39387] INFO  ha.SCMHAManagerImpl (SCMHAManagerImpl.java:start(117)) - Successfully added SCM scmNode-2 to group group-BEC42C492C64:[5abf6683-c399-417c-b48d-34ddeee7dd89|rpc:localhost:37097|admin:|client:|dataStream:|priority:0, de25ddac-3a80-4ed5-b6af-85fc97dbd7a2|rpc:localhost:33767|admin:|client:|dataStream:|priority:0]
2022-09-03 01:13:27,600 [Listener at 0.0.0.0/39387] INFO  ha.InterSCMGrpcService (InterSCMGrpcProtocolService.java:start(94)) - Starting SCM Grpc Service at port 38851
2022-09-03 01:13:27,611 [Listener at 0.0.0.0/39387] INFO  impl.MetricsSystemImpl (MetricsSystemImpl.java:init(158)) - StorageContainerManager metrics system started (again)
2022-09-03 01:13:27,628 [Listener at 0.0.0.0/39387] INFO  server.SCMClientProtocolServer (SCMClientProtocolServer.java:start(170)) - RPC server for Client  is listening at /0.0.0.0:39387
2022-09-03 01:13:27,629 [IPC Server Responder] INFO  ipc.Server (Server.java:run(1507)) - IPC Server Responder: starting
2022-09-03 01:13:27,629 [IPC Server listener on 39387] INFO  ipc.Server (Server.java:run(1344)) - IPC Server listener on 39387: starting
2022-09-03 01:13:27,642 [Listener at 0.0.0.0/39387] INFO  server.StorageContainerManager (StorageContainerManager.java:start(1481)) - ScmBlockLocationProtocol RPC server is listening at /0.0.0.0:40787
2022-09-03 01:13:27,642 [Listener at 0.0.0.0/39387] INFO  server.SCMBlockProtocolServer (SCMBlockProtocolServer.java:start(152)) - RPC server for Block Protocol is listening at /0.0.0.0:40787
2022-09-03 01:13:27,644 [IPC Server Responder] INFO  ipc.Server (Server.java:run(1507)) - IPC Server Responder: starting
2022-09-03 01:13:27,648 [IPC Server listener on 40787] INFO  ipc.Server (Server.java:run(1344)) - IPC Server listener on 40787: starting
2022-09-03 01:13:27,661 [Listener at 0.0.0.0/39387] INFO  http.BaseHttpServer (BaseHttpServer.java:newHttpServer2BuilderForOzone(213)) - Starting Web-server for scm at: http://0.0.0.0:39155
2022-09-03 01:13:27,661 [Listener at 0.0.0.0/39387] INFO  http.BaseHttpServer (BaseHttpServer.java:<init>(108)) - Hadoop Security Enabled: false Ozone Security Enabled: false Ozone HTTP Security Enabled: false 
2022-09-03 01:13:27,662 [org.apache.hadoop.util.JvmPauseMonitor$Monitor@8343978] INFO  util.JvmPauseMonitor (JvmPauseMonitor.java:run(188)) - Starting JVM pause monitor
2022-09-03 01:13:27,665 [Listener at 0.0.0.0/39387] INFO  server.AuthenticationFilter (AuthenticationFilter.java:constructSecretProvider(240)) - Unable to initialize FileSignerSecretProvider, falling back to use random secrets.
2022-09-03 01:13:27,665 [Listener at 0.0.0.0/39387] WARN  http.HttpRequestLog (HttpRequestLog.java:getRequestLog(103)) - Jetty request log can only be enabled using Log4j
2022-09-03 01:13:27,667 [Listener at 0.0.0.0/39387] INFO  http.HttpServer2 (HttpServer2.java:addGlobalFilter(1029)) - Added global filter 'safety' (class=org.apache.hadoop.hdds.server.http.HttpServer2$QuotingInputFilter)
2022-09-03 01:13:27,668 [Listener at 0.0.0.0/39387] INFO  http.HttpServer2 (HttpServer2.java:addFilter(1005)) - Added filter static_user_filter (class=org.apache.hadoop.http.lib.StaticUserWebFilter$StaticUserFilter) to context scm
2022-09-03 01:13:27,668 [Listener at 0.0.0.0/39387] INFO  http.HttpServer2 (HttpServer2.java:addFilter(1013)) - Added filter static_user_filter (class=org.apache.hadoop.http.lib.StaticUserWebFilter$StaticUserFilter) to context static
2022-09-03 01:13:27,668 [Listener at 0.0.0.0/39387] INFO  http.HttpServer2 (HttpServer2.java:addFilter(1013)) - Added filter static_user_filter (class=org.apache.hadoop.http.lib.StaticUserWebFilter$StaticUserFilter) to context logs
2022-09-03 01:13:27,669 [Listener at 0.0.0.0/39387] INFO  http.HttpServer2 (HttpServer2.java:bindListener(1248)) - Jetty bound to port 39155
2022-09-03 01:13:27,669 [Listener at 0.0.0.0/39387] INFO  server.Server (Server.java:doStart(375)) - jetty-9.4.43.v20210629; built: 2021-06-30T11:07:22.254Z; git: 526006ecfa3af7f1a27ef3a288e2bef7ea9dd7e8; jvm 1.8.0_345-b01
2022-09-03 01:13:27,679 [Listener at 0.0.0.0/39387] INFO  server.session (DefaultSessionIdManager.java:doStart(334)) - DefaultSessionIdManager workerName=node0
2022-09-03 01:13:27,679 [Listener at 0.0.0.0/39387] INFO  server.session (DefaultSessionIdManager.java:doStart(339)) - No SessionScavenger set, using defaults
2022-09-03 01:13:27,679 [Listener at 0.0.0.0/39387] INFO  server.session (HouseKeeper.java:startScavenging(132)) - node0 Scavenging every 600000ms
2022-09-03 01:13:27,682 [Listener at 0.0.0.0/39387] INFO  handler.ContextHandler (ContextHandler.java:doStart(915)) - Started o.e.j.s.ServletContextHandler@19718267{logs,/logs,file:///home/runner/work/ozone/ozone/hadoop-ozone/integration-test/target/log,AVAILABLE}
2022-09-03 01:13:27,682 [Listener at 0.0.0.0/39387] INFO  handler.ContextHandler (ContextHandler.java:doStart(915)) - Started o.e.j.s.ServletContextHandler@50c3a551{static,/static,file:///home/runner/work/ozone/ozone/hadoop-ozone/integration-test/target/test-classes/webapps/static,AVAILABLE}
2022-09-03 01:13:27,687 [Listener at 0.0.0.0/39387] INFO  handler.ContextHandler (ContextHandler.java:doStart(915)) - Started o.e.j.w.WebAppContext@4a1975d2{scm,/,file:///home/runner/work/ozone/ozone/hadoop-ozone/integration-test/target/test-classes/webapps/scm/,AVAILABLE}{file:/home/runner/work/ozone/ozone/hadoop-ozone/integration-test/target/test-classes/webapps/scm}
2022-09-03 01:13:27,689 [Listener at 0.0.0.0/39387] INFO  server.AbstractConnector (AbstractConnector.java:doStart(331)) - Started ServerConnector@380cb98a{HTTP/1.1, (http/1.1)}{0.0.0.0:39155}
2022-09-03 01:13:27,689 [Listener at 0.0.0.0/39387] INFO  server.Server (Server.java:doStart(415)) - Started @21716ms
2022-09-03 01:13:27,689 [Listener at 0.0.0.0/39387] WARN  impl.MetricsSystemImpl (MetricsSystemImpl.java:register(279)) - Sink prometheus already exists!
2022-09-03 01:13:27,690 [Listener at 0.0.0.0/39387] INFO  http.BaseHttpServer (BaseHttpServer.java:updateConnectorAddress(333)) - HTTP server of scm listening at http://0.0.0.0:39155
2022-09-03 01:13:27,690 [Listener at 0.0.0.0/39387] INFO  ozone.MiniOzoneHAClusterImpl (MiniOzoneHAClusterImpl.java:createSCMService(606)) - Started SCM RPC server at /0.0.0.0:39387
2022-09-03 01:13:27,690 [Listener at 0.0.0.0/39387] WARN  server.ServerUtils (ServerUtils.java:getScmDbDir(148)) - ozone.scm.db.dirs is not configured. We recommend adding this setting. Falling back to ozone.metadata.dirs instead.
2022-09-03 01:13:27,691 [Listener at 0.0.0.0/39387] INFO  ha.SCMHANodeDetails (SCMHANodeDetails.java:loadSCMHAConfig(209)) - ServiceID for StorageContainerManager is scmServiceId
2022-09-03 01:13:27,691 [Listener at 0.0.0.0/39387] INFO  ha.SCMHANodeDetails (SCMHANodeDetails.java:loadSCMHAConfig(220)) - ServiceID for StorageContainerManager is scmServiceId
2022-09-03 01:13:27,691 [Listener at 0.0.0.0/39387] WARN  scm.ScmUtils (ScmUtils.java:logWarn(179)) - ConfigKey ozone.scm.block.client.address is deprecated, For configuring different ports for each SCM use PortConfigKey ozone.scm.block.client.port appended with serviceId and nodeId. If want to configure same port configure ozone.scm.block.client.port
2022-09-03 01:13:27,691 [Listener at 0.0.0.0/39387] WARN  scm.ScmUtils (ScmUtils.java:logWarn(179)) - ConfigKey ozone.scm.client.address is deprecated, For configuring different ports for each SCM use PortConfigKey ozone.scm.client.port appended with serviceId and nodeId. If want to configure same port configure ozone.scm.client.port
2022-09-03 01:13:27,691 [Listener at 0.0.0.0/39387] WARN  scm.ScmUtils (ScmUtils.java:logWarn(179)) - ConfigKey ozone.scm.datanode.address is deprecated, For configuring different ports for each SCM use PortConfigKey ozone.scm.datanode.port appended with serviceId and nodeId. If want to configure same port configure ozone.scm.datanode.port
2022-09-03 01:13:27,692 [Listener at 0.0.0.0/39387] WARN  scm.ScmUtils (ScmUtils.java:logWarn(179)) - ConfigKey ozone.scm.block.client.address is deprecated, For configuring different ports for each SCM use PortConfigKey ozone.scm.block.client.port appended with serviceId and nodeId. If want to configure same port configure ozone.scm.block.client.port
2022-09-03 01:13:27,692 [Listener at 0.0.0.0/39387] WARN  scm.ScmUtils (ScmUtils.java:logWarn(179)) - ConfigKey ozone.scm.client.address is deprecated, For configuring different ports for each SCM use PortConfigKey ozone.scm.client.port appended with serviceId and nodeId. If want to configure same port configure ozone.scm.client.port
2022-09-03 01:13:27,692 [Listener at 0.0.0.0/39387] WARN  scm.ScmUtils (ScmUtils.java:logWarn(179)) - ConfigKey ozone.scm.datanode.address is deprecated, For configuring different ports for each SCM use PortConfigKey ozone.scm.datanode.port appended with serviceId and nodeId. If want to configure same port configure ozone.scm.datanode.port
2022-09-03 01:13:27,693 [Listener at 0.0.0.0/39387] INFO  ha.SCMHANodeDetails (SCMHANodeDetails.java:loadSCMHAConfig(307)) - Found matching SCM address with SCMServiceId: scmServiceId, SCMNodeId: scmNode-3, RPC Address: localhost:42923 and Ratis port: 42923
2022-09-03 01:13:27,693 [Listener at 0.0.0.0/39387] INFO  ha.SCMHANodeDetails (ConfUtils.java:setNodeSpecificConfigs(97)) - Setting configuration key ozone.scm.datanode.address with value of key ozone.scm.datanode.address.scmServiceId.scmNode-3: 127.0.0.1:41659
2022-09-03 01:13:27,693 [Listener at 0.0.0.0/39387] INFO  ha.SCMHANodeDetails (ConfUtils.java:setNodeSpecificConfigs(97)) - Setting configuration key ozone.scm.block.client.address with value of key ozone.scm.block.client.address.scmServiceId.scmNode-3: 127.0.0.1:34479
2022-09-03 01:13:27,694 [Listener at 0.0.0.0/39387] INFO  ha.SCMHANodeDetails (ConfUtils.java:setNodeSpecificConfigs(97)) - Setting configuration key ozone.scm.client.address with value of key ozone.scm.client.address.scmServiceId.scmNode-3: 127.0.0.1:37213
2022-09-03 01:13:27,694 [Listener at 0.0.0.0/39387] INFO  ha.SCMHANodeDetails (ConfUtils.java:setNodeSpecificConfigs(97)) - Setting configuration key ozone.scm.ratis.port with value of key ozone.scm.ratis.port.scmServiceId.scmNode-3: 42923
2022-09-03 01:13:27,695 [Listener at 0.0.0.0/39387] INFO  ha.SCMHANodeDetails (ConfUtils.java:setNodeSpecificConfigs(97)) - Setting configuration key ozone.scm.grpc.port with value of key ozone.scm.grpc.port.scmServiceId.scmNode-3: 44715
2022-09-03 01:13:27,695 [Listener at 0.0.0.0/39387] INFO  ha.SCMHANodeDetails (ConfUtils.java:setNodeSpecificConfigs(97)) - Setting configuration key ozone.scm.http-address with value of key ozone.scm.http-address.scmServiceId.scmNode-3: 127.0.0.1:42593
2022-09-03 01:13:27,695 [Listener at 0.0.0.0/39387] INFO  ha.SCMHANodeDetails (ConfUtils.java:setNodeSpecificConfigs(97)) - Setting configuration key ozone.scm.https-address with value of key ozone.scm.https-address.scmServiceId.scmNode-3: 127.0.0.1:36329
2022-09-03 01:13:27,695 [Listener at 0.0.0.0/39387] INFO  ha.SCMHANodeDetails (ConfUtils.java:setNodeSpecificConfigs(97)) - Setting configuration key ozone.scm.address with value of key ozone.scm.address.scmServiceId.scmNode-3: 127.0.0.1
2022-09-03 01:13:27,695 [Listener at 0.0.0.0/39387] WARN  scm.ScmUtils (ScmUtils.java:logWarn(179)) - ConfigKey ozone.scm.block.client.address is deprecated, For configuring different ports for each SCM use PortConfigKey ozone.scm.block.client.port appended with serviceId and nodeId. If want to configure same port configure ozone.scm.block.client.port
2022-09-03 01:13:27,695 [Listener at 0.0.0.0/39387] WARN  scm.ScmUtils (ScmUtils.java:logWarn(179)) - ConfigKey ozone.scm.client.address is deprecated, For configuring different ports for each SCM use PortConfigKey ozone.scm.client.port appended with serviceId and nodeId. If want to configure same port configure ozone.scm.client.port
2022-09-03 01:13:27,695 [Listener at 0.0.0.0/39387] WARN  scm.ScmUtils (ScmUtils.java:logWarn(179)) - ConfigKey ozone.scm.datanode.address is deprecated, For configuring different ports for each SCM use PortConfigKey ozone.scm.datanode.port appended with serviceId and nodeId. If want to configure same port configure ozone.scm.datanode.port
2022-09-03 01:13:27,696 [Listener at 0.0.0.0/39387] INFO  ha.SCMNodeInfo (SCMNodeInfo.java:getPort(197)) - ConfigKey ozone.scm.client.address is deprecated, For configuring different ports for each SCM use PortConfigKey ozone.scm.client.port appended with serviceId and nodeId
2022-09-03 01:13:27,697 [Listener at 0.0.0.0/39387] INFO  ha.SCMNodeInfo (SCMNodeInfo.java:getPort(197)) - ConfigKey ozone.scm.block.client.address is deprecated, For configuring different ports for each SCM use PortConfigKey ozone.scm.block.client.port appended with serviceId and nodeId
2022-09-03 01:13:27,697 [Listener at 0.0.0.0/39387] INFO  ha.SCMNodeInfo (SCMNodeInfo.java:getPort(197)) - ConfigKey ozone.scm.datanode.address is deprecated, For configuring different ports for each SCM use PortConfigKey ozone.scm.datanode.port appended with serviceId and nodeId
2022-09-03 01:13:27,697 [Listener at 0.0.0.0/39387] INFO  ha.SCMNodeInfo (SCMNodeInfo.java:getPort(197)) - ConfigKey ozone.scm.client.address is deprecated, For configuring different ports for each SCM use PortConfigKey ozone.scm.client.port appended with serviceId and nodeId
2022-09-03 01:13:27,697 [Listener at 0.0.0.0/39387] INFO  ha.SCMNodeInfo (SCMNodeInfo.java:getPort(197)) - ConfigKey ozone.scm.block.client.address is deprecated, For configuring different ports for each SCM use PortConfigKey ozone.scm.block.client.port appended with serviceId and nodeId
2022-09-03 01:13:27,697 [Listener at 0.0.0.0/39387] INFO  ha.SCMNodeInfo (SCMNodeInfo.java:getPort(197)) - ConfigKey ozone.scm.datanode.address is deprecated, For configuring different ports for each SCM use PortConfigKey ozone.scm.datanode.port appended with serviceId and nodeId
2022-09-03 01:13:27,697 [Listener at 0.0.0.0/39387] INFO  proxy.SCMBlockLocationFailoverProxyProvider (SCMBlockLocationFailoverProxyProvider.java:<init>(114)) - Created block location fail-over proxy with 2 nodes: [nodeId=scmNode-2,nodeAddress=/127.0.0.1:40787, nodeId=scmNode-1,nodeAddress=/127.0.0.1:41665]
2022-09-03 01:13:27,706 [Listener at 0.0.0.0/39387] INFO  server.StorageContainerManager (StorageContainerManager.java:scmBootstrap(1149)) - SCM BootStrap  is successful for ClusterID b7bb7c95-97ac-4743-8c58-bec42c492c64, SCMID 10e1d7e9-dd38-4db2-b0dc-1e40cbd54060
2022-09-03 01:13:27,706 [Listener at 0.0.0.0/39387] INFO  server.StorageContainerManager (StorageContainerManager.java:scmBootstrap(1151)) - Primary SCM Node ID 5abf6683-c399-417c-b48d-34ddeee7dd89
2022-09-03 01:13:27,706 [Listener at 0.0.0.0/39387] WARN  server.ServerUtils (ServerUtils.java:getScmDbDir(148)) - ozone.scm.db.dirs is not configured. We recommend adding this setting. Falling back to ozone.metadata.dirs instead.
2022-09-03 01:13:27,707 [Listener at 0.0.0.0/39387] INFO  ha.SCMHANodeDetails (SCMHANodeDetails.java:loadSCMHAConfig(209)) - ServiceID for StorageContainerManager is scmServiceId
2022-09-03 01:13:27,707 [Listener at 0.0.0.0/39387] INFO  ha.SCMHANodeDetails (SCMHANodeDetails.java:loadSCMHAConfig(220)) - ServiceID for StorageContainerManager is scmServiceId
2022-09-03 01:13:27,707 [Listener at 0.0.0.0/39387] WARN  scm.ScmUtils (ScmUtils.java:logWarn(179)) - ConfigKey ozone.scm.block.client.address is deprecated, For configuring different ports for each SCM use PortConfigKey ozone.scm.block.client.port appended with serviceId and nodeId. If want to configure same port configure ozone.scm.block.client.port
2022-09-03 01:13:27,707 [Listener at 0.0.0.0/39387] WARN  scm.ScmUtils (ScmUtils.java:logWarn(179)) - ConfigKey ozone.scm.client.address is deprecated, For configuring different ports for each SCM use PortConfigKey ozone.scm.client.port appended with serviceId and nodeId. If want to configure same port configure ozone.scm.client.port
2022-09-03 01:13:27,707 [Listener at 0.0.0.0/39387] WARN  scm.ScmUtils (ScmUtils.java:logWarn(179)) - ConfigKey ozone.scm.datanode.address is deprecated, For configuring different ports for each SCM use PortConfigKey ozone.scm.datanode.port appended with serviceId and nodeId. If want to configure same port configure ozone.scm.datanode.port
2022-09-03 01:13:27,707 [Listener at 0.0.0.0/39387] WARN  scm.ScmUtils (ScmUtils.java:logWarn(179)) - ConfigKey ozone.scm.block.client.address is deprecated, For configuring different ports for each SCM use PortConfigKey ozone.scm.block.client.port appended with serviceId and nodeId. If want to configure same port configure ozone.scm.block.client.port
2022-09-03 01:13:27,708 [Listener at 0.0.0.0/39387] WARN  scm.ScmUtils (ScmUtils.java:logWarn(179)) - ConfigKey ozone.scm.client.address is deprecated, For configuring different ports for each SCM use PortConfigKey ozone.scm.client.port appended with serviceId and nodeId. If want to configure same port configure ozone.scm.client.port
2022-09-03 01:13:27,708 [Listener at 0.0.0.0/39387] WARN  scm.ScmUtils (ScmUtils.java:logWarn(179)) - ConfigKey ozone.scm.datanode.address is deprecated, For configuring different ports for each SCM use PortConfigKey ozone.scm.datanode.port appended with serviceId and nodeId. If want to configure same port configure ozone.scm.datanode.port
2022-09-03 01:13:27,708 [Listener at 0.0.0.0/39387] INFO  ha.SCMHANodeDetails (SCMHANodeDetails.java:loadSCMHAConfig(307)) - Found matching SCM address with SCMServiceId: scmServiceId, SCMNodeId: scmNode-3, RPC Address: localhost:42923 and Ratis port: 42923
2022-09-03 01:13:27,708 [Listener at 0.0.0.0/39387] INFO  ha.SCMHANodeDetails (ConfUtils.java:setNodeSpecificConfigs(97)) - Setting configuration key ozone.scm.datanode.address with value of key ozone.scm.datanode.address.scmServiceId.scmNode-3: 127.0.0.1:41659
2022-09-03 01:13:27,708 [Listener at 0.0.0.0/39387] INFO  ha.SCMHANodeDetails (ConfUtils.java:setNodeSpecificConfigs(97)) - Setting configuration key ozone.scm.block.client.address with value of key ozone.scm.block.client.address.scmServiceId.scmNode-3: 127.0.0.1:34479
2022-09-03 01:13:27,708 [Listener at 0.0.0.0/39387] INFO  ha.SCMHANodeDetails (ConfUtils.java:setNodeSpecificConfigs(97)) - Setting configuration key ozone.scm.client.address with value of key ozone.scm.client.address.scmServiceId.scmNode-3: 127.0.0.1:37213
2022-09-03 01:13:27,708 [Listener at 0.0.0.0/39387] INFO  ha.SCMHANodeDetails (ConfUtils.java:setNodeSpecificConfigs(97)) - Setting configuration key ozone.scm.ratis.port with value of key ozone.scm.ratis.port.scmServiceId.scmNode-3: 42923
2022-09-03 01:13:27,708 [Listener at 0.0.0.0/39387] INFO  ha.SCMHANodeDetails (ConfUtils.java:setNodeSpecificConfigs(97)) - Setting configuration key ozone.scm.grpc.port with value of key ozone.scm.grpc.port.scmServiceId.scmNode-3: 44715
2022-09-03 01:13:27,708 [Listener at 0.0.0.0/39387] INFO  ha.SCMHANodeDetails (ConfUtils.java:setNodeSpecificConfigs(97)) - Setting configuration key ozone.scm.http-address with value of key ozone.scm.http-address.scmServiceId.scmNode-3: 127.0.0.1:42593
2022-09-03 01:13:27,708 [Listener at 0.0.0.0/39387] INFO  ha.SCMHANodeDetails (ConfUtils.java:setNodeSpecificConfigs(97)) - Setting configuration key ozone.scm.https-address with value of key ozone.scm.https-address.scmServiceId.scmNode-3: 127.0.0.1:36329
2022-09-03 01:13:27,709 [Listener at 0.0.0.0/39387] INFO  ha.SCMHANodeDetails (ConfUtils.java:setNodeSpecificConfigs(97)) - Setting configuration key ozone.scm.address with value of key ozone.scm.address.scmServiceId.scmNode-3: 127.0.0.1
2022-09-03 01:13:27,709 [Listener at 0.0.0.0/39387] WARN  scm.ScmUtils (ScmUtils.java:logWarn(179)) - ConfigKey ozone.scm.block.client.address is deprecated, For configuring different ports for each SCM use PortConfigKey ozone.scm.block.client.port appended with serviceId and nodeId. If want to configure same port configure ozone.scm.block.client.port
2022-09-03 01:13:27,709 [Listener at 0.0.0.0/39387] WARN  scm.ScmUtils (ScmUtils.java:logWarn(179)) - ConfigKey ozone.scm.client.address is deprecated, For configuring different ports for each SCM use PortConfigKey ozone.scm.client.port appended with serviceId and nodeId. If want to configure same port configure ozone.scm.client.port
2022-09-03 01:13:27,709 [Listener at 0.0.0.0/39387] WARN  scm.ScmUtils (ScmUtils.java:logWarn(179)) - ConfigKey ozone.scm.datanode.address is deprecated, For configuring different ports for each SCM use PortConfigKey ozone.scm.datanode.port appended with serviceId and nodeId. If want to configure same port configure ozone.scm.datanode.port
2022-09-03 01:13:27,710 [Listener at 0.0.0.0/39387] WARN  utils.HAUtils (HAUtils.java:getMetaDir(342)) - ozone.scm.db.dirs is not configured. We recommend adding this setting. Falling back to ozone.metadata.dirs instead.
2022-09-03 01:13:27,710 [Listener at 0.0.0.0/39387] WARN  db.DBStoreBuilder (DBStoreBuilder.java:applyDBDefinition(143)) - ozone.scm.db.dirs is not configured. We recommend adding this setting. Falling back to ozone.metadata.dirs instead.
2022-09-03 01:13:27,870 [Listener at 0.0.0.0/39387] INFO  net.NodeSchemaLoader (NodeSchemaLoader.java:loadSchemaFromFile(129)) - Loading schema from [jar:file:/home/runner/.m2/repository/org/apache/ozone/hdds-common/1.3.0-SNAPSHOT/hdds-common-1.3.0-SNAPSHOT.jar!/network-topology-default.xml]
2022-09-03 01:13:27,871 [Listener at 0.0.0.0/39387] INFO  net.NodeSchemaLoader (NodeSchemaLoader.java:loadSchema(176)) - Loading network topology layer schema file
2022-09-03 01:13:27,873 [Listener at 0.0.0.0/39387] WARN  impl.MetricRegistriesImpl (MetricRegistriesImpl.java:addReporterRegistration(111)) - New reporters are added after registries were created. Some metrics will be missing from the reporter. Please add reporter before adding any new registry.
2022-09-03 01:13:27,873 [Listener at 0.0.0.0/39387] WARN  impl.MetricRegistriesImpl (MetricRegistriesImpl.java:addReporterRegistration(111)) - New reporters are added after registries were created. Some metrics will be missing from the reporter. Please add reporter before adding any new registry.
2022-09-03 01:13:27,874 [Listener at 0.0.0.0/39387] INFO  ha.SCMRatisServerImpl (SCMRatisServerImpl.java:<init>(87)) - starting Raft server for scm:10e1d7e9-dd38-4db2-b0dc-1e40cbd54060
2022-09-03 01:13:27,875 [Listener at 0.0.0.0/39387] INFO  server.RaftServer (ConfUtils.java:logGet(46)) - raft.rpc.type = GRPC (default)
2022-09-03 01:13:27,875 [Listener at 0.0.0.0/39387] INFO  grpc.GrpcFactory (GrpcFactory.java:checkPooledByteBufAllocatorUseCacheForAllThreads(48)) - PERFORMANCE WARNING: useCacheForAllThreads is true that may cause Netty to create a lot garbage objects and, as a result, trigger GC.
	It is recommended to disable useCacheForAllThreads by setting -Dorg.apache.ratis.thirdparty.io.netty.allocator.useCacheForAllThreads=false in command line.
2022-09-03 01:13:27,875 [Listener at 0.0.0.0/39387] INFO  grpc.GrpcConfigKeys (ConfUtils.java:logGet(46)) - raft.grpc.admin.port = -1 (default)
2022-09-03 01:13:27,875 [Listener at 0.0.0.0/39387] INFO  grpc.GrpcConfigKeys (ConfUtils.java:logGet(46)) - raft.grpc.server.port = 42923 (custom)
2022-09-03 01:13:27,875 [Listener at 0.0.0.0/39387] INFO  grpc.GrpcConfigKeys (ConfUtils.java:logGet(46)) - raft.grpc.client.port = -1 (default)
2022-09-03 01:13:27,875 [Listener at 0.0.0.0/39387] INFO  grpc.GrpcConfigKeys (ConfUtils.java:logGet(46)) - raft.grpc.server.port = 42923 (custom)
2022-09-03 01:13:27,876 [Listener at 0.0.0.0/39387] INFO  grpc.GrpcConfigKeys (ConfUtils.java:logGet(46)) - raft.grpc.server.port = 42923 (custom)
2022-09-03 01:13:27,876 [Listener at 0.0.0.0/39387] INFO  server.GrpcService (ConfUtils.java:logGet(46)) - raft.grpc.message.size.max = 32m (=33554432) (custom)
2022-09-03 01:13:27,876 [Listener at 0.0.0.0/39387] INFO  server.RaftServerConfigKeys (ConfUtils.java:logGet(46)) - raft.server.log.appender.buffer.byte-limit = 33554432 (custom)
2022-09-03 01:13:27,876 [Listener at 0.0.0.0/39387] INFO  server.GrpcService (ConfUtils.java:logGet(46)) - raft.grpc.flow.control.window = 1MB (=1048576) (default)
2022-09-03 01:13:27,876 [Listener at 0.0.0.0/39387] INFO  server.RaftServerConfigKeys (ConfUtils.java:logGet(46)) - raft.server.rpc.request.timeout = 30000ms (custom)
2022-09-03 01:13:27,876 [Listener at 0.0.0.0/39387] INFO  grpc.GrpcConfigKeys (ConfUtils.java:logGet(46)) - raft.grpc.server.async.request.thread.pool.cached = true (default)
2022-09-03 01:13:27,876 [Listener at 0.0.0.0/39387] INFO  grpc.GrpcConfigKeys (ConfUtils.java:logGet(46)) - raft.grpc.server.async.request.thread.pool.size = 32 (default)
2022-09-03 01:13:27,877 [Listener at 0.0.0.0/39387] INFO  impl.DataStreamServerImpl (ConfUtils.java:logGet(46)) - raft.datastream.type = DISABLED (default)
2022-09-03 01:13:27,878 [Listener at 0.0.0.0/39387] INFO  server.RaftServerConfigKeys (ConfUtils.java:logGet(46)) - raft.server.threadpool.proxy.cached = true (default)
2022-09-03 01:13:27,878 [Listener at 0.0.0.0/39387] INFO  server.RaftServerConfigKeys (ConfUtils.java:logGet(46)) - raft.server.threadpool.proxy.size = 0 (default)
2022-09-03 01:13:27,878 [Listener at 0.0.0.0/39387] INFO  server.RaftServerConfigKeys (ConfUtils.java:logGet(46)) - raft.server.rpc.slowness.timeout = 120000ms (custom)
2022-09-03 01:13:27,878 [Listener at 0.0.0.0/39387] INFO  server.RaftServerConfigKeys (ConfUtils.java:logGet(46)) - raft.server.leaderelection.leader.step-down.wait-time = 10s (default)
2022-09-03 01:13:27,878 [Listener at 0.0.0.0/39387] INFO  server.RaftServerConfigKeys (ConfUtils.java:logGet(46)) - raft.server.storage.dir = [/home/runner/work/ozone/ozone/hadoop-ozone/integration-test/target/test-dir/MiniOzoneClusterImpl-b7bb7c95-97ac-4743-8c58-bec42c492c64/scmNode-3/scm-ha] (custom)
2022-09-03 01:13:27,879 [Listener at 0.0.0.0/39387] INFO  server.RaftServer (RaftServerProxy.java:addNew(96)) - 10e1d7e9-dd38-4db2-b0dc-1e40cbd54060: addNew group-BEC42C492C64:[] returns group-BEC42C492C64:java.util.concurrent.CompletableFuture@a8a4278[Not completed]
2022-09-03 01:13:27,880 [pool-85-thread-1] INFO  server.RaftServer$Division (RaftServerImpl.java:<init>(190)) - 10e1d7e9-dd38-4db2-b0dc-1e40cbd54060: new RaftServerImpl for group-BEC42C492C64:[] with SCMStateMachine:uninitialized
2022-09-03 01:13:27,880 [pool-85-thread-1] INFO  server.RaftServerConfigKeys (ConfUtils.java:logGet(46)) - raft.server.rpc.timeout.min = 5000ms (custom)
2022-09-03 01:13:27,880 [pool-85-thread-1] INFO  server.RaftServerConfigKeys (ConfUtils.java:logGet(46)) - raft.server.rpc.timeout.max = 5200ms (custom)
2022-09-03 01:13:27,880 [pool-85-thread-1] INFO  server.RaftServerConfigKeys (ConfUtils.java:logGet(46)) - raft.server.rpc.sleep.time = 25ms (default)
2022-09-03 01:13:27,880 [pool-85-thread-1] INFO  server.RaftServerConfigKeys (ConfUtils.java:logGet(46)) - raft.server.rpc.slowness.timeout = 120000ms (custom)
2022-09-03 01:13:27,880 [pool-85-thread-1] INFO  server.RaftServerConfigKeys (ConfUtils.java:logGet(46)) - raft.server.leaderelection.leader.step-down.wait-time = 10s (default)
2022-09-03 01:13:27,880 [pool-85-thread-1] INFO  server.RaftServerConfigKeys (ConfUtils.java:logGet(46)) - raft.server.sleep.deviation.threshold = 300ms (default)
2022-09-03 01:13:27,880 [pool-85-thread-1] INFO  server.RaftServer$Division (ServerState.java:<init>(107)) - 10e1d7e9-dd38-4db2-b0dc-1e40cbd54060@group-BEC42C492C64: ConfigurationManager, init=-1: [], old=null, confs=<EMPTY_MAP>
2022-09-03 01:13:27,880 [pool-85-thread-1] INFO  server.RaftServerConfigKeys (ConfUtils.java:logGet(46)) - raft.server.storage.dir = [/home/runner/work/ozone/ozone/hadoop-ozone/integration-test/target/test-dir/MiniOzoneClusterImpl-b7bb7c95-97ac-4743-8c58-bec42c492c64/scmNode-3/scm-ha] (custom)
2022-09-03 01:13:27,880 [pool-85-thread-1] INFO  server.RaftServerConfigKeys (ConfUtils.java:logGet(46)) - raft.server.log.corruption.policy = EXCEPTION (default)
2022-09-03 01:13:27,881 [pool-85-thread-1] INFO  server.RaftServerConfigKeys (ConfUtils.java:logGet(46)) - raft.server.storage.free-space.min = 0MB (=0) (default)
2022-09-03 01:13:27,881 [pool-85-thread-1] INFO  storage.RaftStorageDirectory (RaftStorageDirectoryImpl.java:analyzeStorage(135)) - The storage directory /home/runner/work/ozone/ozone/hadoop-ozone/integration-test/target/test-dir/MiniOzoneClusterImpl-b7bb7c95-97ac-4743-8c58-bec42c492c64/scmNode-3/scm-ha/b7bb7c95-97ac-4743-8c58-bec42c492c64 does not exist. Creating ...
2022-09-03 01:13:27,882 [pool-85-thread-1] INFO  storage.RaftStorageDirectory (RaftStorageDirectoryImpl.java:tryLock(230)) - Lock on /home/runner/work/ozone/ozone/hadoop-ozone/integration-test/target/test-dir/MiniOzoneClusterImpl-b7bb7c95-97ac-4743-8c58-bec42c492c64/scmNode-3/scm-ha/b7bb7c95-97ac-4743-8c58-bec42c492c64/in_use.lock acquired by nodename 24955@fv-az504-37
2022-09-03 01:13:27,885 [pool-85-thread-1] INFO  storage.RaftStorage (RaftStorageImpl.java:format(89)) - Storage directory /home/runner/work/ozone/ozone/hadoop-ozone/integration-test/target/test-dir/MiniOzoneClusterImpl-b7bb7c95-97ac-4743-8c58-bec42c492c64/scmNode-3/scm-ha/b7bb7c95-97ac-4743-8c58-bec42c492c64 has been successfully formatted.
2022-09-03 01:13:27,886 [pool-85-thread-1] INFO  server.RaftServerConfigKeys (ConfUtils.java:logGet(46)) - raft.server.notification.no-leader.timeout = 60s (default)
2022-09-03 01:13:27,886 [pool-85-thread-1] INFO  server.RaftServerConfigKeys (ConfUtils.java:logGet(46)) - raft.server.log.use.memory = false (default)
2022-09-03 01:13:27,886 [pool-85-thread-1] INFO  server.RaftServerConfigKeys (ConfUtils.java:logGet(46)) - raft.server.log.purge.gap = 1000000 (custom)
2022-09-03 01:13:27,886 [pool-85-thread-1] INFO  server.RaftServerConfigKeys (ConfUtils.java:logGet(46)) - raft.server.log.appender.buffer.byte-limit = 33554432 (custom)
2022-09-03 01:13:27,886 [pool-85-thread-1] INFO  server.RaftServerConfigKeys (ConfUtils.java:logGet(46)) - raft.server.log.statemachine.data.read.timeout = 1000ms (default)
2022-09-03 01:13:27,888 [pool-85-thread-1] INFO  server.RaftServerConfigKeys (ConfUtils.java:logGet(46)) - raft.server.log.segment.size.max = 4194304 (custom)
2022-09-03 01:13:27,889 [pool-85-thread-1] INFO  server.RaftServerConfigKeys (ConfUtils.java:logGet(46)) - raft.server.log.segment.cache.num.max = 2 (custom)
2022-09-03 01:13:27,889 [pool-85-thread-1] INFO  server.RaftServerConfigKeys (ConfUtils.java:logGet(46)) - raft.server.log.segment.cache.size.max = 200MB (=209715200) (default)
2022-09-03 01:13:27,889 [pool-85-thread-1] INFO  segmented.SegmentedRaftLogWorker (SegmentedRaftLogWorker.java:<init>(187)) - new 10e1d7e9-dd38-4db2-b0dc-1e40cbd54060@group-BEC42C492C64-SegmentedRaftLogWorker for RaftStorageImpl:Storage Directory /home/runner/work/ozone/ozone/hadoop-ozone/integration-test/target/test-dir/MiniOzoneClusterImpl-b7bb7c95-97ac-4743-8c58-bec42c492c64/scmNode-3/scm-ha/b7bb7c95-97ac-4743-8c58-bec42c492c64
2022-09-03 01:13:27,889 [pool-85-thread-1] INFO  server.RaftServerConfigKeys (ConfUtils.java:logGet(46)) - raft.server.log.queue.byte-limit = 64MB (=67108864) (default)
2022-09-03 01:13:27,889 [pool-85-thread-1] INFO  server.RaftServerConfigKeys (ConfUtils.java:logGet(46)) - raft.server.log.queue.element-limit = 4096 (default)
2022-09-03 01:13:27,889 [pool-85-thread-1] INFO  server.RaftServerConfigKeys (ConfUtils.java:logGet(46)) - raft.server.log.segment.size.max = 4194304 (custom)
2022-09-03 01:13:27,889 [pool-85-thread-1] INFO  server.RaftServerConfigKeys (ConfUtils.java:logGet(46)) - raft.server.log.preallocated.size = 4194304 (custom)
2022-09-03 01:13:27,889 [pool-85-thread-1] INFO  server.RaftServerConfigKeys (ConfUtils.java:logGet(46)) - raft.server.log.force.sync.num = 128 (default)
2022-09-03 01:13:27,889 [pool-85-thread-1] INFO  server.RaftServerConfigKeys (ConfUtils.java:logGet(46)) - raft.server.log.statemachine.data.sync = true (default)
2022-09-03 01:13:27,889 [pool-85-thread-1] INFO  server.RaftServerConfigKeys (ConfUtils.java:logGet(46)) - raft.server.log.statemachine.data.sync.timeout = 10s (default)
2022-09-03 01:13:27,889 [pool-85-thread-1] INFO  server.RaftServerConfigKeys (ConfUtils.java:logGet(46)) - raft.server.log.statemachine.data.sync.timeout.retry = -1 (default)
2022-09-03 01:13:27,890 [pool-85-thread-1] INFO  server.RaftServerConfigKeys (ConfUtils.java:logGet(46)) - raft.server.log.write.buffer.size = 64KB (=65536) (default)
2022-09-03 01:13:27,891 [pool-85-thread-1] INFO  server.RaftServerConfigKeys (ConfUtils.java:logGet(46)) - raft.server.log.unsafe-flush.enabled = false (default)
2022-09-03 01:13:27,891 [pool-85-thread-1] INFO  server.RaftServerConfigKeys (ConfUtils.java:logGet(46)) - raft.server.log.statemachine.data.caching.enabled = false (default)
2022-09-03 01:13:27,891 [pool-85-thread-1] INFO  segmented.SegmentedRaftLogWorker (SegmentedRaftLogWorker.java:lambda$new$0(135)) - 10e1d7e9-dd38-4db2-b0dc-1e40cbd54060@group-BEC42C492C64-SegmentedRaftLogWorker: flushIndex: setUnconditionally 0 -> -1
2022-09-03 01:13:27,891 [pool-85-thread-1] INFO  segmented.SegmentedRaftLogWorker (SegmentedRaftLogWorker.java:lambda$new$0(135)) - 10e1d7e9-dd38-4db2-b0dc-1e40cbd54060@group-BEC42C492C64-SegmentedRaftLogWorker: safeCacheEvictIndex: setUnconditionally 0 -> -1
2022-09-03 01:13:27,894 [pool-85-thread-1] INFO  server.RaftServerConfigKeys (ConfUtils.java:logGet(46)) - raft.server.snapshot.auto.trigger.enabled = true (custom)
2022-09-03 01:13:27,894 [pool-85-thread-1] INFO  server.RaftServerConfigKeys (ConfUtils.java:logGet(46)) - raft.server.snapshot.auto.trigger.threshold = 1000 (custom)
2022-09-03 01:13:27,894 [pool-85-thread-1] INFO  server.RaftServerConfigKeys (ConfUtils.java:logGet(46)) - raft.server.snapshot.retention.file.num = -1 (default)
2022-09-03 01:13:27,894 [pool-85-thread-1] INFO  server.RaftServerConfigKeys (ConfUtils.java:logGet(46)) - raft.server.log.purge.upto.snapshot.index = false (default)
2022-09-03 01:13:27,894 [pool-85-thread-1] INFO  server.RaftServerConfigKeys (ConfUtils.java:logGet(46)) - raft.server.retrycache.expirytime = 60000ms (default)
2022-09-03 01:13:27,894 [pool-85-thread-1] INFO  server.RaftServerConfigKeys (ConfUtils.java:logGet(46)) - raft.server.retrycache.statistics.expirytime = 100μs (default)
2022-09-03 01:13:27,895 [pool-85-thread-1] INFO  server.RaftServerConfigKeys (ConfUtils.java:logGet(46)) - raft.server.log.appender.install.snapshot.enabled = false (custom)
2022-09-03 01:13:27,896 [pool-85-thread-1] INFO  server.RaftServerConfigKeys (ConfUtils.java:logGet(46)) - raft.server.threadpool.server.cached = true (default)
2022-09-03 01:13:27,896 [pool-85-thread-1] INFO  server.RaftServerConfigKeys (ConfUtils.java:logGet(46)) - raft.server.threadpool.server.size = 0 (default)
2022-09-03 01:13:27,896 [pool-85-thread-1] INFO  server.RaftServerConfigKeys (ConfUtils.java:logGet(46)) - raft.server.threadpool.client.cached = true (default)
2022-09-03 01:13:27,896 [pool-85-thread-1] INFO  server.RaftServerConfigKeys (ConfUtils.java:logGet(46)) - raft.server.threadpool.client.size = 0 (default)
2022-09-03 01:13:27,897 [Listener at 0.0.0.0/39387] INFO  ha.SCMSnapshotProvider (SCMSnapshotProvider.java:<init>(66)) - Initializing SCM Snapshot Provider
2022-09-03 01:13:27,897 [Listener at 0.0.0.0/39387] WARN  server.ServerUtils (ServerUtils.java:getDefaultRatisDirectory(237)) - Storage directory for Ratis is not configured. It is a good idea to map this to an SSD disk. Falling back to ozone.metadata.dirs
2022-09-03 01:13:27,897 [Listener at 0.0.0.0/39387] WARN  ha.SCMHAUtils (SCMHAUtils.java:getSCMRatisSnapshotDirectory(153)) - SCM snapshot dir is not configured. Falling back to ozone.metadata.dirs config
2022-09-03 01:13:27,898 [Listener at 0.0.0.0/39387] INFO  upgrade.AbstractLayoutVersionManager (AbstractLayoutVersionManager.java:init(83)) - Initializing Layout version manager with metadata layout = DATANODE_SCHEMA_V3 (version = 4), software layout = DATANODE_SCHEMA_V3 (version = 4)
2022-09-03 01:13:27,964 [Listener at 0.0.0.0/39387] INFO  reflections.Reflections (Reflections.java:scan(232)) - Reflections took 64 ms to scan 7 urls, producing 133 keys and 322 values 
2022-09-03 01:13:27,967 [Listener at 0.0.0.0/39387] INFO  ha.SequenceIdGenerator (SequenceIdGenerator.java:upgradeToSequenceId(349)) - upgrade localId to 109611004723200000
2022-09-03 01:13:27,967 [Listener at 0.0.0.0/39387] INFO  ha.SequenceIdGenerator (SequenceIdGenerator.java:upgradeToSequenceId(359)) - upgrade delTxnId to 0
2022-09-03 01:13:27,967 [Listener at 0.0.0.0/39387] INFO  ha.SequenceIdGenerator (SequenceIdGenerator.java:upgradeToSequenceId(376)) - upgrade containerId to 0
2022-09-03 01:13:27,967 [Listener at 0.0.0.0/39387] INFO  ha.SequenceIdGenerator (SequenceIdGenerator.java:<init>(220)) - Init the HA SequenceIdGenerator.
2022-09-03 01:13:27,968 [Listener at 0.0.0.0/39387] WARN  server.ServerUtils (ServerUtils.java:sanitizeUserArgs(73)) - ozone.scm.stale.node.interval value = 300000 is larger than max = 100000 based on the key value of ozone.scm.heartbeat.thread.interval, reset to the max value 100000.
2022-09-03 01:13:27,968 [Listener at 0.0.0.0/39387] WARN  server.ServerUtils (ServerUtils.java:sanitizeUserArgs(73)) - ozone.scm.stale.node.interval value = 300000 is larger than max = 100000 based on the key value of ozone.scm.heartbeat.thread.interval, reset to the max value 100000.
2022-09-03 01:13:27,968 [Listener at 0.0.0.0/39387] INFO  node.SCMNodeManager (SCMNodeManager.java:<init>(149)) - Entering startup safe mode.
2022-09-03 01:13:27,969 [Listener at 0.0.0.0/39387] INFO  algorithms.ContainerPlacementPolicyFactory (ContainerPlacementPolicyFactory.java:getPolicyInternal(86)) - Create container placement policy of type org.apache.hadoop.hdds.scm.container.placement.algorithms.SCMContainerPlacementRandom
2022-09-03 01:13:27,969 [Listener at 0.0.0.0/39387] INFO  algorithms.ContainerPlacementPolicyFactory (ContainerPlacementPolicyFactory.java:getPolicyInternal(86)) - Create container placement policy of type org.apache.hadoop.hdds.scm.container.placement.algorithms.SCMContainerPlacementRackScatter
2022-09-03 01:13:27,970 [Listener at 0.0.0.0/39387] INFO  pipeline.PipelineStateManagerImpl (PipelineStateManagerImpl.java:initialize(78)) - No pipeline exists in current db
2022-09-03 01:13:27,970 [Listener at 0.0.0.0/39387] INFO  algorithms.LeaderChoosePolicyFactory (LeaderChoosePolicyFactory.java:getPolicy(57)) - Create leader choose policy of type org.apache.hadoop.hdds.scm.pipeline.leader.choose.algorithms.MinLeaderCountChoosePolicy
2022-09-03 01:13:27,970 [Listener at 0.0.0.0/39387] INFO  algorithms.ContainerPlacementPolicyFactory (ContainerPlacementPolicyFactory.java:getPolicyInternal(86)) - Create container placement policy of type org.apache.hadoop.hdds.scm.container.placement.algorithms.SCMContainerPlacementRackScatter
2022-09-03 01:13:27,970 [Listener at 0.0.0.0/39387] INFO  ha.SCMServiceManager (SCMServiceManager.java:register(42)) - Registering service BackgroundPipelineCreator.
2022-09-03 01:13:27,970 [Listener at 0.0.0.0/39387] INFO  pipeline.BackgroundPipelineCreator (BackgroundPipelineCreator.java:start(124)) - Starting RatisPipelineUtilsThread.
2022-09-03 01:13:27,972 [Listener at 0.0.0.0/39387] INFO  BackgroundPipelineScrubber (BackgroundSCMService.java:start(68)) - Starting BackgroundPipelineScrubber Service.
2022-09-03 01:13:27,973 [Listener at 0.0.0.0/39387] INFO  ha.SCMServiceManager (SCMServiceManager.java:register(42)) - Registering service BackgroundPipelineScrubber.
2022-09-03 01:13:27,974 [Listener at 0.0.0.0/39387] INFO  ExpiredContainerReplicaOpScrubber (BackgroundSCMService.java:start(68)) - Starting ExpiredContainerReplicaOpScrubber Service.
2022-09-03 01:13:27,975 [Listener at 0.0.0.0/39387] INFO  ha.SCMServiceManager (SCMServiceManager.java:register(42)) - Registering service ExpiredContainerReplicaOpScrubber.
2022-09-03 01:13:27,977 [Listener at 0.0.0.0/39387] INFO  algorithms.PipelineChoosePolicyFactory (PipelineChoosePolicyFactory.java:createPipelineChoosePolicyFromClass(73)) - Create pipeline choose policy of type org.apache.hadoop.hdds.scm.pipeline.choose.algorithms.RandomPipelineChoosePolicy
2022-09-03 01:13:27,977 [Listener at 0.0.0.0/39387] INFO  ha.SCMServiceManager (SCMServiceManager.java:register(42)) - Registering service SCMBlockDeletingService.
2022-09-03 01:13:27,978 [Listener at 0.0.0.0/39387] INFO  replication.ReplicationManager (ReplicationManager.java:start(208)) - Starting Replication Monitor Thread.
2022-09-03 01:13:27,980 [Listener at 0.0.0.0/39387] INFO  UnderReplicatedQueueThread (BackgroundSCMService.java:start(68)) - Starting UnderReplicatedQueueThread Service.
2022-09-03 01:13:27,981 [Listener at 0.0.0.0/39387] INFO  ha.SCMServiceManager (SCMServiceManager.java:register(42)) - Registering service UnderReplicatedQueueThread.
2022-09-03 01:13:27,981 [Listener at 0.0.0.0/39387] INFO  OverReplicatedQueueThread (BackgroundSCMService.java:start(68)) - Starting OverReplicatedQueueThread Service.
2022-09-03 01:13:27,981 [Listener at 0.0.0.0/39387] INFO  ha.SCMServiceManager (SCMServiceManager.java:register(42)) - Registering service OverReplicatedQueueThread.
2022-09-03 01:13:27,981 [Listener at 0.0.0.0/39387] INFO  ha.SCMServiceManager (SCMServiceManager.java:register(42)) - Registering service ReplicationManager.
2022-09-03 01:13:27,982 [Listener at 0.0.0.0/39387] INFO  safemode.ContainerSafeModeRule (ContainerSafeModeRule.java:<init>(89)) - containers with one replica threshold count 0
2022-09-03 01:13:27,983 [Listener at 0.0.0.0/39387] INFO  safemode.HealthyPipelineSafeModeRule (HealthyPipelineSafeModeRule.java:initializeRule(169)) - Total pipeline count is 0, healthy pipeline threshold count is 1
2022-09-03 01:13:27,983 [Listener at 0.0.0.0/39387] INFO  safemode.OneReplicaPipelineSafeModeRule (OneReplicaPipelineSafeModeRule.java:initializeRule(180)) - Total pipeline count is 0, pipeline's with at least one datanode reported threshold count is 0
2022-09-03 01:13:27,984 [Listener at 0.0.0.0/39387] INFO  ipc.CallQueueManager (CallQueueManager.java:<init>(90)) - Using callQueue: class java.util.concurrent.LinkedBlockingQueue, queueCapacity: 2000, scheduler: class org.apache.hadoop.ipc.DefaultRpcScheduler, ipcBackoff: false.
2022-09-03 01:13:27,985 [Socket Reader #1 for port 41659] INFO  ipc.Server (Server.java:run(1265)) - Starting Socket Reader #1 for port 41659
2022-09-03 01:13:27,987 [ReplicationMonitor] INFO  replication.ReplicationManager (ReplicationManager.java:processAll(257)) - Replication Manager is not ready to run until 3000ms after safemode exit
2022-09-03 01:13:27,987 [Listener at 0.0.0.0/41659] INFO  ipc.CallQueueManager (CallQueueManager.java:<init>(90)) - Using callQueue: class java.util.concurrent.LinkedBlockingQueue, queueCapacity: 2000, scheduler: class org.apache.hadoop.ipc.DefaultRpcScheduler, ipcBackoff: false.
2022-09-03 01:13:27,990 [Socket Reader #1 for port 34479] INFO  ipc.Server (Server.java:run(1265)) - Starting Socket Reader #1 for port 34479
2022-09-03 01:13:27,992 [Listener at 0.0.0.0/34479] INFO  ipc.CallQueueManager (CallQueueManager.java:<init>(90)) - Using callQueue: class java.util.concurrent.LinkedBlockingQueue, queueCapacity: 2000, scheduler: class org.apache.hadoop.ipc.DefaultRpcScheduler, ipcBackoff: false.
2022-09-03 01:13:27,996 [Socket Reader #1 for port 37213] INFO  ipc.Server (Server.java:run(1265)) - Starting Socket Reader #1 for port 37213
2022-09-03 01:13:28,035 [Listener at 0.0.0.0/37213] INFO  ha.SCMServiceManager (SCMServiceManager.java:register(42)) - Registering service ContainerBalancer.
2022-09-03 01:13:28,035 [Listener at 0.0.0.0/37213] INFO  server.StorageContainerManager (StorageContainerManager.java:<init>(412)) - 
Container Balancer status:
Key                            Value
Running                        false
Container Balancer Configuration values:
Key                                                Value
Threshold                                          10
Max Datanodes to Involve per Iteration(percent)    20
Max Size to Move per Iteration                     500GB
Max Size Entering Target per Iteration             26GB
Max Size Leaving Source per Iteration              26GB

2022-09-03 01:13:28,035 [Listener at 0.0.0.0/37213] WARN  events.EventQueue (EventQueue.java:fireEvent(216)) - No event handler registered for event TypedEvent{payloadType=SafeModeStatus, name='Safe mode status'}
2022-09-03 01:13:28,035 [Listener at 0.0.0.0/37213] INFO  ha.SCMContext (SCMContext.java:updateSafeModeStatus(228)) - Update SafeModeStatus from SafeModeStatus{safeModeStatus=true, preCheckPassed=false} to SafeModeStatus{safeModeStatus=true, preCheckPassed=false}.
2022-09-03 01:13:28,036 [Listener at 0.0.0.0/37213] INFO  server.StorageContainerManager (StorageContainerManager.java:start(1466)) - StorageContainerLocationProtocol RPC server is listening at /0.0.0.0:37213
2022-09-03 01:13:28,036 [Listener at 0.0.0.0/37213] INFO  ha.SCMRatisServerImpl (SCMRatisServerImpl.java:start(178)) - starting ratis server 0.0.0.0:42923
2022-09-03 01:13:28,036 [10e1d7e9-dd38-4db2-b0dc-1e40cbd54060-impl-thread1] INFO  server.RaftServer$Division (RaftServerImpl.java:start(316)) - 10e1d7e9-dd38-4db2-b0dc-1e40cbd54060@group-BEC42C492C64: start with initializing state, conf=-1: [], old=null
2022-09-03 01:13:28,037 [10e1d7e9-dd38-4db2-b0dc-1e40cbd54060-impl-thread1] INFO  server.RaftServer$Division (RaftServerImpl.java:setRole(299)) - 10e1d7e9-dd38-4db2-b0dc-1e40cbd54060@group-BEC42C492C64: changes role from      null to FOLLOWER at term 0 for startInitializing
2022-09-03 01:13:28,037 [10e1d7e9-dd38-4db2-b0dc-1e40cbd54060-impl-thread1] INFO  util.JmxRegister (JmxRegister.java:tryRegister(44)) - Successfully registered JMX Bean with object name Ratis:service=RaftServer,group=group-BEC42C492C64,id=10e1d7e9-dd38-4db2-b0dc-1e40cbd54060
2022-09-03 01:13:28,040 [Listener at 0.0.0.0/37213] INFO  server.RaftServer (RaftServerProxy.java:lambda$start$6(382)) - 10e1d7e9-dd38-4db2-b0dc-1e40cbd54060: start RPC server
2022-09-03 01:13:28,042 [Listener at 0.0.0.0/37213] INFO  server.GrpcService (GrpcService.java:startImpl(260)) - 10e1d7e9-dd38-4db2-b0dc-1e40cbd54060: GrpcService started, listening on 42923
2022-09-03 01:13:28,043 [Listener at 0.0.0.0/37213] INFO  ha.SCMNodeInfo (SCMNodeInfo.java:getPort(197)) - ConfigKey ozone.scm.client.address is deprecated, For configuring different ports for each SCM use PortConfigKey ozone.scm.client.port appended with serviceId and nodeId
2022-09-03 01:13:28,043 [Listener at 0.0.0.0/37213] INFO  ha.SCMNodeInfo (SCMNodeInfo.java:getPort(197)) - ConfigKey ozone.scm.block.client.address is deprecated, For configuring different ports for each SCM use PortConfigKey ozone.scm.block.client.port appended with serviceId and nodeId
2022-09-03 01:13:28,043 [Listener at 0.0.0.0/37213] INFO  ha.SCMNodeInfo (SCMNodeInfo.java:getPort(197)) - ConfigKey ozone.scm.datanode.address is deprecated, For configuring different ports for each SCM use PortConfigKey ozone.scm.datanode.port appended with serviceId and nodeId
2022-09-03 01:13:28,044 [Listener at 0.0.0.0/37213] INFO  ha.SCMNodeInfo (SCMNodeInfo.java:getPort(197)) - ConfigKey ozone.scm.client.address is deprecated, For configuring different ports for each SCM use PortConfigKey ozone.scm.client.port appended with serviceId and nodeId
2022-09-03 01:13:28,044 [Listener at 0.0.0.0/37213] INFO  ha.SCMNodeInfo (SCMNodeInfo.java:getPort(197)) - ConfigKey ozone.scm.block.client.address is deprecated, For configuring different ports for each SCM use PortConfigKey ozone.scm.block.client.port appended with serviceId and nodeId
2022-09-03 01:13:28,044 [Listener at 0.0.0.0/37213] INFO  ha.SCMNodeInfo (SCMNodeInfo.java:getPort(197)) - ConfigKey ozone.scm.datanode.address is deprecated, For configuring different ports for each SCM use PortConfigKey ozone.scm.datanode.port appended with serviceId and nodeId
2022-09-03 01:13:28,044 [Listener at 0.0.0.0/37213] INFO  proxy.SCMBlockLocationFailoverProxyProvider (SCMBlockLocationFailoverProxyProvider.java:<init>(114)) - Created block location fail-over proxy with 2 nodes: [nodeId=scmNode-2,nodeAddress=/127.0.0.1:40787, nodeId=scmNode-1,nodeAddress=/127.0.0.1:41665]
2022-09-03 01:13:28,045 [org.apache.ratis.util.JvmPauseMonitor$$Lambda$519/503118660@3240af76] INFO  util.JvmPauseMonitor (JvmPauseMonitor.java:run(103)) - JvmPauseMonitor-10e1d7e9-dd38-4db2-b0dc-1e40cbd54060: Started
2022-09-03 01:13:28,054 [IPC Server handler 41 on default port 41665] INFO  ha.SCMRatisServerImpl (SCMRatisServerImpl.java:addSCM(298)) - 5abf6683-c399-417c-b48d-34ddeee7dd89: Submitting SetConfiguration request to Ratis server with new SCM peers list: [5abf6683-c399-417c-b48d-34ddeee7dd89|rpc:localhost:37097|admin:|client:|dataStream:|priority:0, de25ddac-3a80-4ed5-b6af-85fc97dbd7a2|rpc:localhost:33767|priority:0, 10e1d7e9-dd38-4db2-b0dc-1e40cbd54060|rpc:localhost:42923|priority:0]
2022-09-03 01:13:28,054 [IPC Server handler 41 on default port 41665] INFO  server.RaftServer$Division (RaftServerImpl.java:setConfigurationAsync(1080)) - 5abf6683-c399-417c-b48d-34ddeee7dd89@group-BEC42C492C64: receive setConfiguration SetConfigurationRequest:client-AB95DCC0A964->5abf6683-c399-417c-b48d-34ddeee7dd89@group-BEC42C492C64, cid=1, seq=0, RW, null, peers:[5abf6683-c399-417c-b48d-34ddeee7dd89|rpc:localhost:37097|admin:|client:|dataStream:|priority:0, de25ddac-3a80-4ed5-b6af-85fc97dbd7a2|rpc:localhost:33767|priority:0, 10e1d7e9-dd38-4db2-b0dc-1e40cbd54060|rpc:localhost:42923|priority:0]
2022-09-03 01:13:28,055 [IPC Server handler 41 on default port 41665] INFO  server.RaftServer$Division (LeaderStateImpl.java:startSetConfiguration(368)) - 5abf6683-c399-417c-b48d-34ddeee7dd89@group-BEC42C492C64-LeaderStateImpl: startSetConfiguration SetConfigurationRequest:client-AB95DCC0A964->5abf6683-c399-417c-b48d-34ddeee7dd89@group-BEC42C492C64, cid=1, seq=0, RW, null, peers:[5abf6683-c399-417c-b48d-34ddeee7dd89|rpc:localhost:37097|admin:|client:|dataStream:|priority:0, de25ddac-3a80-4ed5-b6af-85fc97dbd7a2|rpc:localhost:33767|priority:0, 10e1d7e9-dd38-4db2-b0dc-1e40cbd54060|rpc:localhost:42923|priority:0]
2022-09-03 01:13:28,055 [IPC Server handler 41 on default port 41665] INFO  server.RaftServerConfigKeys (ConfUtils.java:logGet(46)) - raft.server.log.appender.snapshot.chunk.size.max = 16MB (=16777216) (default)
2022-09-03 01:13:28,056 [IPC Server handler 41 on default port 41665] INFO  server.RaftServerConfigKeys (ConfUtils.java:logGet(46)) - raft.server.log.appender.buffer.byte-limit = 33554432 (custom)
2022-09-03 01:13:28,056 [IPC Server handler 41 on default port 41665] INFO  server.RaftServerConfigKeys (ConfUtils.java:logGet(46)) - raft.server.log.appender.buffer.element-limit = 1024 (custom)
2022-09-03 01:13:28,056 [IPC Server handler 41 on default port 41665] INFO  grpc.GrpcConfigKeys (ConfUtils.java:logGet(46)) - raft.grpc.server.leader.outstanding.appends.max = 128 (default)
2022-09-03 01:13:28,056 [IPC Server handler 41 on default port 41665] INFO  server.RaftServerConfigKeys (ConfUtils.java:logGet(46)) - raft.server.rpc.request.timeout = 30000ms (custom)
2022-09-03 01:13:28,057 [IPC Server handler 41 on default port 41665] INFO  server.RaftServerConfigKeys (ConfUtils.java:logGet(46)) - raft.server.log.appender.install.snapshot.enabled = false (custom)
2022-09-03 01:13:28,059 [5abf6683-c399-417c-b48d-34ddeee7dd89@group-BEC42C492C64->10e1d7e9-dd38-4db2-b0dc-1e40cbd54060-GrpcLogAppender-LogAppenderDaemon] INFO  server.GrpcLogAppender (GrpcLogAppender.java:installSnapshot(541)) - 5abf6683-c399-417c-b48d-34ddeee7dd89@group-BEC42C492C64->10e1d7e9-dd38-4db2-b0dc-1e40cbd54060-GrpcLogAppender: followerNextIndex = 0 but logStartIndex = 0, notify follower to install snapshot-(t:1, i:0)
2022-09-03 01:13:28,060 [5abf6683-c399-417c-b48d-34ddeee7dd89@group-BEC42C492C64->10e1d7e9-dd38-4db2-b0dc-1e40cbd54060-GrpcLogAppender-LogAppenderDaemon] INFO  server.GrpcLogAppender (GrpcLogAppender.java:installSnapshot(549)) - 5abf6683-c399-417c-b48d-34ddeee7dd89@group-BEC42C492C64->10e1d7e9-dd38-4db2-b0dc-1e40cbd54060-GrpcLogAppender: send 5abf6683-c399-417c-b48d-34ddeee7dd89->10e1d7e9-dd38-4db2-b0dc-1e40cbd54060#0-t2,notify:(t:1, i:0)
2022-09-03 01:13:28,075 [grpc-default-executor-0] INFO  impl.SnapshotInstallationHandler (SnapshotInstallationHandler.java:installSnapshot(84)) - 10e1d7e9-dd38-4db2-b0dc-1e40cbd54060@group-BEC42C492C64: receive installSnapshot: 5abf6683-c399-417c-b48d-34ddeee7dd89->10e1d7e9-dd38-4db2-b0dc-1e40cbd54060#0-t2,notify:(t:1, i:0)
2022-09-03 01:13:28,076 [grpc-default-executor-0] INFO  ha.SCMStateMachine (SCMStateMachine.java:notifyLeaderChanged(255)) - leader changed, yet current SCM is still follower.
2022-09-03 01:13:28,077 [grpc-default-executor-0] INFO  server.RaftServer$Division (ServerState.java:setLeader(287)) - 10e1d7e9-dd38-4db2-b0dc-1e40cbd54060@group-BEC42C492C64: change Leader from null to 5abf6683-c399-417c-b48d-34ddeee7dd89 at term 2 for installSnapshot, leader elected after 190ms
2022-09-03 01:13:28,077 [grpc-default-executor-0] INFO  impl.SnapshotInstallationHandler (SnapshotInstallationHandler.java:notifyStateMachineToInstallSnapshot(215)) - 10e1d7e9-dd38-4db2-b0dc-1e40cbd54060@group-BEC42C492C64: Received notification to install snapshot at index 0
2022-09-03 01:13:28,077 [grpc-default-executor-0] INFO  impl.SnapshotInstallationHandler (SnapshotInstallationHandler.java:notifyStateMachineToInstallSnapshot(224)) - 10e1d7e9-dd38-4db2-b0dc-1e40cbd54060@group-BEC42C492C64: InstallSnapshot notification result: ALREADY_INSTALLED, current snapshot index: -1
2022-09-03 01:13:28,077 [grpc-default-executor-0] INFO  impl.SnapshotInstallationHandler (SnapshotInstallationHandler.java:installSnapshotImpl(129)) - 10e1d7e9-dd38-4db2-b0dc-1e40cbd54060@group-BEC42C492C64: set new configuration index: 5
configurationEntry {
  peers {
    id: "5abf6683-c399-417c-b48d-34ddeee7dd89"
    address: "localhost:37097"
  }
  peers {
    id: "de25ddac-3a80-4ed5-b6af-85fc97dbd7a2"
    address: "localhost:33767"
  }
}
 from snapshot
2022-09-03 01:13:28,078 [grpc-default-executor-0] INFO  server.RaftServer$Division (ServerState.java:setRaftConf(393)) - 10e1d7e9-dd38-4db2-b0dc-1e40cbd54060@group-BEC42C492C64: set configuration 5: [5abf6683-c399-417c-b48d-34ddeee7dd89|rpc:localhost:37097|admin:|client:|dataStream:|priority:0, de25ddac-3a80-4ed5-b6af-85fc97dbd7a2|rpc:localhost:33767|admin:|client:|dataStream:|priority:0], old=null
2022-09-03 01:13:28,078 [grpc-default-executor-0] INFO  impl.SnapshotInstallationHandler (SnapshotInstallationHandler.java:installSnapshot(95)) - 10e1d7e9-dd38-4db2-b0dc-1e40cbd54060@group-BEC42C492C64: reply installSnapshot: 5abf6683-c399-417c-b48d-34ddeee7dd89<-10e1d7e9-dd38-4db2-b0dc-1e40cbd54060#0:FAIL-t0,ALREADY_INSTALLED
2022-09-03 01:13:28,078 [grpc-default-executor-0] INFO  server.GrpcServerProtocolService (GrpcServerProtocolService.java:onCompleted(140)) - 10e1d7e9-dd38-4db2-b0dc-1e40cbd54060: Completed INSTALL_SNAPSHOT, lastRequest: 5abf6683-c399-417c-b48d-34ddeee7dd89->10e1d7e9-dd38-4db2-b0dc-1e40cbd54060#0-t2,notify:(t:1, i:0)
2022-09-03 01:13:28,080 [grpc-default-executor-0] INFO  server.GrpcLogAppender (GrpcLogAppender.java:onNext(403)) - 5abf6683-c399-417c-b48d-34ddeee7dd89@group-BEC42C492C64->10e1d7e9-dd38-4db2-b0dc-1e40cbd54060-InstallSnapshotResponseHandler: received the first reply 5abf6683-c399-417c-b48d-34ddeee7dd89<-10e1d7e9-dd38-4db2-b0dc-1e40cbd54060#0:FAIL-t0,ALREADY_INSTALLED
2022-09-03 01:13:28,081 [grpc-default-executor-0] INFO  server.GrpcLogAppender (GrpcLogAppender.java:onNext(426)) - 5abf6683-c399-417c-b48d-34ddeee7dd89@group-BEC42C492C64->10e1d7e9-dd38-4db2-b0dc-1e40cbd54060-InstallSnapshotResponseHandler: Follower snapshot is already at index 0.
2022-09-03 01:13:28,081 [grpc-default-executor-0] INFO  leader.FollowerInfo (FollowerInfoImpl.java:lambda$new$0(48)) - 5abf6683-c399-417c-b48d-34ddeee7dd89@group-BEC42C492C64->10e1d7e9-dd38-4db2-b0dc-1e40cbd54060: snapshotIndex: setUnconditionally 0 -> 0
2022-09-03 01:13:28,081 [grpc-default-executor-0] INFO  leader.FollowerInfo (FollowerInfoImpl.java:lambda$new$0(48)) - 5abf6683-c399-417c-b48d-34ddeee7dd89@group-BEC42C492C64->10e1d7e9-dd38-4db2-b0dc-1e40cbd54060: matchIndex: setUnconditionally 0 -> 0
2022-09-03 01:13:28,081 [grpc-default-executor-0] INFO  leader.FollowerInfo (FollowerInfoImpl.java:lambda$new$0(48)) - 5abf6683-c399-417c-b48d-34ddeee7dd89@group-BEC42C492C64->10e1d7e9-dd38-4db2-b0dc-1e40cbd54060: nextIndex: setUnconditionally 0 -> 1
2022-09-03 01:13:28,081 [grpc-default-executor-0] INFO  leader.FollowerInfo (FollowerInfoImpl.java:setAttemptedToInstallSnapshot(118)) - Follower 5abf6683-c399-417c-b48d-34ddeee7dd89@group-BEC42C492C64->10e1d7e9-dd38-4db2-b0dc-1e40cbd54060 acknowledged installing snapshot
2022-09-03 01:13:28,081 [grpc-default-executor-0] INFO  leader.FollowerInfo (FollowerInfoImpl.java:lambda$new$0(48)) - 5abf6683-c399-417c-b48d-34ddeee7dd89@group-BEC42C492C64->10e1d7e9-dd38-4db2-b0dc-1e40cbd54060: nextIndex: updateToMax old=1, new=1, updated? false
2022-09-03 01:13:28,087 [10e1d7e9-dd38-4db2-b0dc-1e40cbd54060-server-thread1] INFO  impl.RoleInfo (RoleInfo.java:updateAndGet(139)) - 10e1d7e9-dd38-4db2-b0dc-1e40cbd54060: start 10e1d7e9-dd38-4db2-b0dc-1e40cbd54060@group-BEC42C492C64-FollowerState
2022-09-03 01:13:28,087 [10e1d7e9-dd38-4db2-b0dc-1e40cbd54060-server-thread1] INFO  server.RaftServer$Division (RaftServerImpl.java:checkInconsistentAppendEntries(1424)) - 10e1d7e9-dd38-4db2-b0dc-1e40cbd54060@group-BEC42C492C64: Failed appendEntries as previous log entry ((t:1, i:0)) is not found
2022-09-03 01:13:28,087 [10e1d7e9-dd38-4db2-b0dc-1e40cbd54060-server-thread1] INFO  server.RaftServer$Division (RaftServerImpl.java:checkInconsistentAppendEntries(1394)) - 10e1d7e9-dd38-4db2-b0dc-1e40cbd54060@group-BEC42C492C64: inconsistency entries. Reply:5abf6683-c399-417c-b48d-34ddeee7dd89<-10e1d7e9-dd38-4db2-b0dc-1e40cbd54060#0:FAIL-t2,INCONSISTENCY,nextIndex=0,followerCommit=-1
2022-09-03 01:13:28,089 [grpc-default-executor-0] INFO  leader.FollowerInfo (FollowerInfoImpl.java:lambda$new$0(48)) - 5abf6683-c399-417c-b48d-34ddeee7dd89@group-BEC42C492C64->10e1d7e9-dd38-4db2-b0dc-1e40cbd54060: nextIndex: updateUnconditionally 7 -> 0
2022-09-03 01:13:28,090 [10e1d7e9-dd38-4db2-b0dc-1e40cbd54060-server-thread1] INFO  server.RaftServer$Division (RaftServerImpl.java:checkInconsistentAppendEntries(1424)) - 10e1d7e9-dd38-4db2-b0dc-1e40cbd54060@group-BEC42C492C64: Failed appendEntries as previous log entry ((t:1, i:0)) is not found
2022-09-03 01:13:28,090 [10e1d7e9-dd38-4db2-b0dc-1e40cbd54060-server-thread1] INFO  server.RaftServer$Division (RaftServerImpl.java:checkInconsistentAppendEntries(1394)) - 10e1d7e9-dd38-4db2-b0dc-1e40cbd54060@group-BEC42C492C64: inconsistency entries. Reply:5abf6683-c399-417c-b48d-34ddeee7dd89<-10e1d7e9-dd38-4db2-b0dc-1e40cbd54060#1:FAIL-t2,INCONSISTENCY,nextIndex=0,followerCommit=-1
2022-09-03 01:13:28,093 [10e1d7e9-dd38-4db2-b0dc-1e40cbd54060-server-thread1] INFO  server.RaftServer$Division (ServerState.java:setRaftConf(393)) - 10e1d7e9-dd38-4db2-b0dc-1e40cbd54060@group-BEC42C492C64: set configuration 0: [5abf6683-c399-417c-b48d-34ddeee7dd89|rpc:localhost:37097|admin:|client:|dataStream:|priority:0], old=null
2022-09-03 01:13:28,093 [10e1d7e9-dd38-4db2-b0dc-1e40cbd54060-server-thread1] INFO  server.RaftServer$Division (ServerState.java:setRaftConf(393)) - 10e1d7e9-dd38-4db2-b0dc-1e40cbd54060@group-BEC42C492C64: set configuration 1: [5abf6683-c399-417c-b48d-34ddeee7dd89|rpc:localhost:37097|admin:|client:|dataStream:|priority:0], old=null
2022-09-03 01:13:28,093 [10e1d7e9-dd38-4db2-b0dc-1e40cbd54060-server-thread1] INFO  server.RaftServer$Division (ServerState.java:setRaftConf(393)) - 10e1d7e9-dd38-4db2-b0dc-1e40cbd54060@group-BEC42C492C64: set configuration 3: [5abf6683-c399-417c-b48d-34ddeee7dd89|rpc:localhost:37097|admin:|client:|dataStream:|priority:0, de25ddac-3a80-4ed5-b6af-85fc97dbd7a2|rpc:localhost:33767|admin:|client:|dataStream:|priority:0], old=[5abf6683-c399-417c-b48d-34ddeee7dd89|rpc:localhost:37097|admin:|client:|dataStream:|priority:0]
2022-09-03 01:13:28,093 [10e1d7e9-dd38-4db2-b0dc-1e40cbd54060-server-thread1] INFO  server.RaftServer$Division (ServerState.java:setRaftConf(393)) - 10e1d7e9-dd38-4db2-b0dc-1e40cbd54060@group-BEC42C492C64: set configuration 5: [5abf6683-c399-417c-b48d-34ddeee7dd89|rpc:localhost:37097|admin:|client:|dataStream:|priority:0, de25ddac-3a80-4ed5-b6af-85fc97dbd7a2|rpc:localhost:33767|admin:|client:|dataStream:|priority:0], old=null
2022-09-03 01:13:28,094 [10e1d7e9-dd38-4db2-b0dc-1e40cbd54060-server-thread1] INFO  segmented.SegmentedRaftLogWorker (SegmentedRaftLogWorker.java:startLogSegment(425)) - 10e1d7e9-dd38-4db2-b0dc-1e40cbd54060@group-BEC42C492C64-SegmentedRaftLogWorker: Starting segment from index:0
2022-09-03 01:13:28,094 [10e1d7e9-dd38-4db2-b0dc-1e40cbd54060-server-thread1] INFO  segmented.SegmentedRaftLogWorker (SegmentedRaftLogWorker.java:rollLogSegment(430)) - 10e1d7e9-dd38-4db2-b0dc-1e40cbd54060@group-BEC42C492C64-SegmentedRaftLogWorker: Rolling segment log-0_0 to index:0
2022-09-03 01:13:28,092 [grpc-default-executor-1] INFO  leader.FollowerInfo (FollowerInfoImpl.java:lambda$new$0(48)) - 5abf6683-c399-417c-b48d-34ddeee7dd89@group-BEC42C492C64->10e1d7e9-dd38-4db2-b0dc-1e40cbd54060: nextIndex: updateUnconditionally 7 -> 0
2022-09-03 01:13:28,102 [10e1d7e9-dd38-4db2-b0dc-1e40cbd54060-server-thread1] INFO  server.RaftServer$Division (ServerState.java:setRaftConf(393)) - 10e1d7e9-dd38-4db2-b0dc-1e40cbd54060@group-BEC42C492C64: set configuration 0: [5abf6683-c399-417c-b48d-34ddeee7dd89|rpc:localhost:37097|admin:|client:|dataStream:|priority:0], old=null
2022-09-03 01:13:28,103 [10e1d7e9-dd38-4db2-b0dc-1e40cbd54060-server-thread1] INFO  server.RaftServer$Division (ServerState.java:setRaftConf(393)) - 10e1d7e9-dd38-4db2-b0dc-1e40cbd54060@group-BEC42C492C64: set configuration 1: [5abf6683-c399-417c-b48d-34ddeee7dd89|rpc:localhost:37097|admin:|client:|dataStream:|priority:0], old=null
2022-09-03 01:13:28,103 [10e1d7e9-dd38-4db2-b0dc-1e40cbd54060-server-thread1] INFO  server.RaftServer$Division (ServerState.java:setRaftConf(393)) - 10e1d7e9-dd38-4db2-b0dc-1e40cbd54060@group-BEC42C492C64: set configuration 3: [5abf6683-c399-417c-b48d-34ddeee7dd89|rpc:localhost:37097|admin:|client:|dataStream:|priority:0, de25ddac-3a80-4ed5-b6af-85fc97dbd7a2|rpc:localhost:33767|admin:|client:|dataStream:|priority:0], old=[5abf6683-c399-417c-b48d-34ddeee7dd89|rpc:localhost:37097|admin:|client:|dataStream:|priority:0]
2022-09-03 01:13:28,103 [10e1d7e9-dd38-4db2-b0dc-1e40cbd54060-server-thread1] INFO  server.RaftServer$Division (ServerState.java:setRaftConf(393)) - 10e1d7e9-dd38-4db2-b0dc-1e40cbd54060@group-BEC42C492C64: set configuration 5: [5abf6683-c399-417c-b48d-34ddeee7dd89|rpc:localhost:37097|admin:|client:|dataStream:|priority:0, de25ddac-3a80-4ed5-b6af-85fc97dbd7a2|rpc:localhost:33767|admin:|client:|dataStream:|priority:0], old=null
2022-09-03 01:13:28,109 [10e1d7e9-dd38-4db2-b0dc-1e40cbd54060@group-BEC42C492C64-SegmentedRaftLogWorker] INFO  segmented.SegmentedRaftLogWorker (SegmentedRaftLogWorker.java:execute(629)) - 10e1d7e9-dd38-4db2-b0dc-1e40cbd54060@group-BEC42C492C64-SegmentedRaftLogWorker: created new log segment /home/runner/work/ozone/ozone/hadoop-ozone/integration-test/target/test-dir/MiniOzoneClusterImpl-b7bb7c95-97ac-4743-8c58-bec42c492c64/scmNode-3/scm-ha/b7bb7c95-97ac-4743-8c58-bec42c492c64/current/log_inprogress_0
2022-09-03 01:13:28,112 [10e1d7e9-dd38-4db2-b0dc-1e40cbd54060@group-BEC42C492C64-SegmentedRaftLogWorker] INFO  segmented.SegmentedRaftLogWorker (SegmentedRaftLogWorker.java:execute(586)) - 10e1d7e9-dd38-4db2-b0dc-1e40cbd54060@group-BEC42C492C64-SegmentedRaftLogWorker: Rolled log segment from /home/runner/work/ozone/ozone/hadoop-ozone/integration-test/target/test-dir/MiniOzoneClusterImpl-b7bb7c95-97ac-4743-8c58-bec42c492c64/scmNode-3/scm-ha/b7bb7c95-97ac-4743-8c58-bec42c492c64/current/log_inprogress_0 to /home/runner/work/ozone/ozone/hadoop-ozone/integration-test/target/test-dir/MiniOzoneClusterImpl-b7bb7c95-97ac-4743-8c58-bec42c492c64/scmNode-3/scm-ha/b7bb7c95-97ac-4743-8c58-bec42c492c64/current/log_0-0
2022-09-03 01:13:28,126 [10e1d7e9-dd38-4db2-b0dc-1e40cbd54060@group-BEC42C492C64-SegmentedRaftLogWorker] INFO  segmented.SegmentedRaftLogWorker (SegmentedRaftLogWorker.java:execute(629)) - 10e1d7e9-dd38-4db2-b0dc-1e40cbd54060@group-BEC42C492C64-SegmentedRaftLogWorker: created new log segment /home/runner/work/ozone/ozone/hadoop-ozone/integration-test/target/test-dir/MiniOzoneClusterImpl-b7bb7c95-97ac-4743-8c58-bec42c492c64/scmNode-3/scm-ha/b7bb7c95-97ac-4743-8c58-bec42c492c64/current/log_inprogress_1
2022-09-03 01:13:28,129 [10e1d7e9-dd38-4db2-b0dc-1e40cbd54060@group-BEC42C492C64-StateMachineUpdater] INFO  safemode.HealthyPipelineSafeModeRule (HealthyPipelineSafeModeRule.java:initializeRule(165)) - Refreshed total pipeline count is 0, healthy pipeline threshold count is 1
2022-09-03 01:13:28,130 [10e1d7e9-dd38-4db2-b0dc-1e40cbd54060@group-BEC42C492C64-StateMachineUpdater] INFO  safemode.ContainerSafeModeRule (ContainerSafeModeRule.java:reInitializeRule(177)) - Refreshed one replica container threshold 0, currentThreshold 0
2022-09-03 01:13:28,130 [10e1d7e9-dd38-4db2-b0dc-1e40cbd54060@group-BEC42C492C64-StateMachineUpdater] INFO  safemode.OneReplicaPipelineSafeModeRule (OneReplicaPipelineSafeModeRule.java:initializeRule(176)) - Refreshed Total pipeline count is 0, pipeline's with at least one datanode reported threshold count is 0
2022-09-03 01:13:28,130 [10e1d7e9-dd38-4db2-b0dc-1e40cbd54060@group-BEC42C492C64-StateMachineUpdater] INFO  server.SCMDatanodeProtocolServer (SCMDatanodeProtocolServer.java:start(186)) - ScmDatanodeProtocol RPC server for DataNodes is listening at /0.0.0.0:41659
2022-09-03 01:13:28,133 [IPC Server listener on 41659] INFO  ipc.Server (Server.java:run(1344)) - IPC Server listener on 41659: starting
2022-09-03 01:13:28,134 [5abf6683-c399-417c-b48d-34ddeee7dd89@group-BEC42C492C64-LeaderStateImpl] INFO  server.RaftServer$Division (ServerState.java:setRaftConf(393)) - 5abf6683-c399-417c-b48d-34ddeee7dd89@group-BEC42C492C64: set configuration 7: [5abf6683-c399-417c-b48d-34ddeee7dd89|rpc:localhost:37097|admin:|client:|dataStream:|priority:0, de25ddac-3a80-4ed5-b6af-85fc97dbd7a2|rpc:localhost:33767|priority:0, 10e1d7e9-dd38-4db2-b0dc-1e40cbd54060|rpc:localhost:42923|priority:0], old=[5abf6683-c399-417c-b48d-34ddeee7dd89|rpc:localhost:37097|admin:|client:|dataStream:|priority:0, de25ddac-3a80-4ed5-b6af-85fc97dbd7a2|rpc:localhost:33767|priority:0]
2022-09-03 01:13:28,138 [IPC Server Responder] INFO  ipc.Server (Server.java:run(1507)) - IPC Server Responder: starting
2022-09-03 01:13:28,142 [10e1d7e9-dd38-4db2-b0dc-1e40cbd54060-server-thread1] INFO  server.RaftServer$Division (ServerState.java:setRaftConf(393)) - 10e1d7e9-dd38-4db2-b0dc-1e40cbd54060@group-BEC42C492C64: set configuration 7: [5abf6683-c399-417c-b48d-34ddeee7dd89|rpc:localhost:37097|admin:|client:|dataStream:|priority:0, de25ddac-3a80-4ed5-b6af-85fc97dbd7a2|rpc:localhost:33767|admin:|client:|dataStream:|priority:0, 10e1d7e9-dd38-4db2-b0dc-1e40cbd54060|rpc:localhost:42923|admin:|client:|dataStream:|priority:0], old=[5abf6683-c399-417c-b48d-34ddeee7dd89|rpc:localhost:37097|admin:|client:|dataStream:|priority:0, de25ddac-3a80-4ed5-b6af-85fc97dbd7a2|rpc:localhost:33767|admin:|client:|dataStream:|priority:0]
2022-09-03 01:13:28,150 [de25ddac-3a80-4ed5-b6af-85fc97dbd7a2-server-thread2] INFO  server.RaftServer$Division (ServerState.java:setRaftConf(393)) - de25ddac-3a80-4ed5-b6af-85fc97dbd7a2@group-BEC42C492C64: set configuration 7: [5abf6683-c399-417c-b48d-34ddeee7dd89|rpc:localhost:37097|admin:|client:|dataStream:|priority:0, de25ddac-3a80-4ed5-b6af-85fc97dbd7a2|rpc:localhost:33767|admin:|client:|dataStream:|priority:0, 10e1d7e9-dd38-4db2-b0dc-1e40cbd54060|rpc:localhost:42923|admin:|client:|dataStream:|priority:0], old=[5abf6683-c399-417c-b48d-34ddeee7dd89|rpc:localhost:37097|admin:|client:|dataStream:|priority:0, de25ddac-3a80-4ed5-b6af-85fc97dbd7a2|rpc:localhost:33767|admin:|client:|dataStream:|priority:0]
2022-09-03 01:13:28,157 [5abf6683-c399-417c-b48d-34ddeee7dd89@group-BEC42C492C64-LeaderStateImpl] INFO  server.RaftServer$Division (ServerState.java:setRaftConf(393)) - 5abf6683-c399-417c-b48d-34ddeee7dd89@group-BEC42C492C64: set configuration 9: [5abf6683-c399-417c-b48d-34ddeee7dd89|rpc:localhost:37097|admin:|client:|dataStream:|priority:0, de25ddac-3a80-4ed5-b6af-85fc97dbd7a2|rpc:localhost:33767|priority:0, 10e1d7e9-dd38-4db2-b0dc-1e40cbd54060|rpc:localhost:42923|priority:0], old=null
2022-09-03 01:13:28,160 [10e1d7e9-dd38-4db2-b0dc-1e40cbd54060-server-thread1] INFO  server.RaftServer$Division (ServerState.java:setRaftConf(393)) - 10e1d7e9-dd38-4db2-b0dc-1e40cbd54060@group-BEC42C492C64: set configuration 9: [5abf6683-c399-417c-b48d-34ddeee7dd89|rpc:localhost:37097|admin:|client:|dataStream:|priority:0, de25ddac-3a80-4ed5-b6af-85fc97dbd7a2|rpc:localhost:33767|admin:|client:|dataStream:|priority:0, 10e1d7e9-dd38-4db2-b0dc-1e40cbd54060|rpc:localhost:42923|admin:|client:|dataStream:|priority:0], old=null
2022-09-03 01:13:28,168 [de25ddac-3a80-4ed5-b6af-85fc97dbd7a2-server-thread2] INFO  server.RaftServer$Division (ServerState.java:setRaftConf(393)) - de25ddac-3a80-4ed5-b6af-85fc97dbd7a2@group-BEC42C492C64: set configuration 9: [5abf6683-c399-417c-b48d-34ddeee7dd89|rpc:localhost:37097|admin:|client:|dataStream:|priority:0, de25ddac-3a80-4ed5-b6af-85fc97dbd7a2|rpc:localhost:33767|admin:|client:|dataStream:|priority:0, 10e1d7e9-dd38-4db2-b0dc-1e40cbd54060|rpc:localhost:42923|admin:|client:|dataStream:|priority:0], old=null
2022-09-03 01:13:28,170 [IPC Server handler 41 on default port 41665] INFO  ha.SCMRatisServerImpl (SCMRatisServerImpl.java:addSCM(309)) - Successfully added new SCM: 10e1d7e9-dd38-4db2-b0dc-1e40cbd54060.
2022-09-03 01:13:28,185 [Listener at 0.0.0.0/37213] INFO  ha.SCMHAManagerImpl (SCMHAManagerImpl.java:start(117)) - Successfully added SCM scmNode-3 to group group-BEC42C492C64:[5abf6683-c399-417c-b48d-34ddeee7dd89|rpc:localhost:37097|admin:|client:|dataStream:|priority:0, de25ddac-3a80-4ed5-b6af-85fc97dbd7a2|rpc:localhost:33767|admin:|client:|dataStream:|priority:0, 10e1d7e9-dd38-4db2-b0dc-1e40cbd54060|rpc:localhost:42923|admin:|client:|dataStream:|priority:0]
2022-09-03 01:13:28,191 [Listener at 0.0.0.0/37213] INFO  ha.InterSCMGrpcService (InterSCMGrpcProtocolService.java:start(94)) - Starting SCM Grpc Service at port 44715
2022-09-03 01:13:28,194 [Listener at 0.0.0.0/37213] INFO  impl.MetricsSystemImpl (MetricsSystemImpl.java:init(158)) - StorageContainerManager metrics system started (again)
2022-09-03 01:13:28,210 [Listener at 0.0.0.0/37213] INFO  server.SCMClientProtocolServer (SCMClientProtocolServer.java:start(170)) - RPC server for Client  is listening at /0.0.0.0:37213
2022-09-03 01:13:28,210 [IPC Server Responder] INFO  ipc.Server (Server.java:run(1507)) - IPC Server Responder: starting
2022-09-03 01:13:28,211 [IPC Server listener on 37213] INFO  ipc.Server (Server.java:run(1344)) - IPC Server listener on 37213: starting
2022-09-03 01:13:28,222 [Listener at 0.0.0.0/37213] INFO  server.StorageContainerManager (StorageContainerManager.java:start(1481)) - ScmBlockLocationProtocol RPC server is listening at /0.0.0.0:34479
2022-09-03 01:13:28,223 [Listener at 0.0.0.0/37213] INFO  server.SCMBlockProtocolServer (SCMBlockProtocolServer.java:start(152)) - RPC server for Block Protocol is listening at /0.0.0.0:34479
2022-09-03 01:13:28,223 [IPC Server Responder] INFO  ipc.Server (Server.java:run(1507)) - IPC Server Responder: starting
2022-09-03 01:13:28,223 [IPC Server listener on 34479] INFO  ipc.Server (Server.java:run(1344)) - IPC Server listener on 34479: starting
2022-09-03 01:13:28,231 [Listener at 0.0.0.0/37213] INFO  http.BaseHttpServer (BaseHttpServer.java:newHttpServer2BuilderForOzone(213)) - Starting Web-server for scm at: http://0.0.0.0:42593
2022-09-03 01:13:28,231 [Listener at 0.0.0.0/37213] INFO  http.BaseHttpServer (BaseHttpServer.java:<init>(108)) - Hadoop Security Enabled: false Ozone Security Enabled: false Ozone HTTP Security Enabled: false 
2022-09-03 01:13:28,232 [Listener at 0.0.0.0/37213] INFO  server.AuthenticationFilter (AuthenticationFilter.java:constructSecretProvider(240)) - Unable to initialize FileSignerSecretProvider, falling back to use random secrets.
2022-09-03 01:13:28,236 [org.apache.hadoop.util.JvmPauseMonitor$Monitor@5a7b63c1] INFO  util.JvmPauseMonitor (JvmPauseMonitor.java:run(188)) - Starting JVM pause monitor
2022-09-03 01:13:28,238 [Listener at 0.0.0.0/37213] WARN  http.HttpRequestLog (HttpRequestLog.java:getRequestLog(103)) - Jetty request log can only be enabled using Log4j
2022-09-03 01:13:28,239 [Listener at 0.0.0.0/37213] INFO  http.HttpServer2 (HttpServer2.java:addGlobalFilter(1029)) - Added global filter 'safety' (class=org.apache.hadoop.hdds.server.http.HttpServer2$QuotingInputFilter)
2022-09-03 01:13:28,240 [Listener at 0.0.0.0/37213] INFO  http.HttpServer2 (HttpServer2.java:addFilter(1005)) - Added filter static_user_filter (class=org.apache.hadoop.http.lib.StaticUserWebFilter$StaticUserFilter) to context scm
2022-09-03 01:13:28,240 [Listener at 0.0.0.0/37213] INFO  http.HttpServer2 (HttpServer2.java:addFilter(1013)) - Added filter static_user_filter (class=org.apache.hadoop.http.lib.StaticUserWebFilter$StaticUserFilter) to context logs
2022-09-03 01:13:28,241 [Listener at 0.0.0.0/37213] INFO  http.HttpServer2 (HttpServer2.java:addFilter(1013)) - Added filter static_user_filter (class=org.apache.hadoop.http.lib.StaticUserWebFilter$StaticUserFilter) to context static
2022-09-03 01:13:28,241 [Listener at 0.0.0.0/37213] INFO  http.HttpServer2 (HttpServer2.java:bindListener(1248)) - Jetty bound to port 42593
2022-09-03 01:13:28,241 [Listener at 0.0.0.0/37213] INFO  server.Server (Server.java:doStart(375)) - jetty-9.4.43.v20210629; built: 2021-06-30T11:07:22.254Z; git: 526006ecfa3af7f1a27ef3a288e2bef7ea9dd7e8; jvm 1.8.0_345-b01
2022-09-03 01:13:28,247 [Listener at 0.0.0.0/37213] INFO  server.session (DefaultSessionIdManager.java:doStart(334)) - DefaultSessionIdManager workerName=node0
2022-09-03 01:13:28,247 [Listener at 0.0.0.0/37213] INFO  server.session (DefaultSessionIdManager.java:doStart(339)) - No SessionScavenger set, using defaults
2022-09-03 01:13:28,248 [Listener at 0.0.0.0/37213] INFO  server.session (HouseKeeper.java:startScavenging(132)) - node0 Scavenging every 600000ms
2022-09-03 01:13:28,248 [Listener at 0.0.0.0/37213] INFO  handler.ContextHandler (ContextHandler.java:doStart(915)) - Started o.e.j.s.ServletContextHandler@15da2e5a{logs,/logs,file:///home/runner/work/ozone/ozone/hadoop-ozone/integration-test/target/log,AVAILABLE}
2022-09-03 01:13:28,249 [Listener at 0.0.0.0/37213] INFO  handler.ContextHandler (ContextHandler.java:doStart(915)) - Started o.e.j.s.ServletContextHandler@5c5d6e53{static,/static,file:///home/runner/work/ozone/ozone/hadoop-ozone/integration-test/target/test-classes/webapps/static,AVAILABLE}
2022-09-03 01:13:28,254 [Listener at 0.0.0.0/37213] INFO  handler.ContextHandler (ContextHandler.java:doStart(915)) - Started o.e.j.w.WebAppContext@73e4fea8{scm,/,file:///home/runner/work/ozone/ozone/hadoop-ozone/integration-test/target/test-classes/webapps/scm/,AVAILABLE}{file:/home/runner/work/ozone/ozone/hadoop-ozone/integration-test/target/test-classes/webapps/scm}
2022-09-03 01:13:28,255 [Listener at 0.0.0.0/37213] INFO  server.AbstractConnector (AbstractConnector.java:doStart(331)) - Started ServerConnector@12700c1f{HTTP/1.1, (http/1.1)}{0.0.0.0:42593}
2022-09-03 01:13:28,255 [Listener at 0.0.0.0/37213] INFO  server.Server (Server.java:doStart(415)) - Started @22282ms
2022-09-03 01:13:28,255 [Listener at 0.0.0.0/37213] WARN  impl.MetricsSystemImpl (MetricsSystemImpl.java:register(279)) - Sink prometheus already exists!
2022-09-03 01:13:28,256 [Listener at 0.0.0.0/37213] INFO  http.BaseHttpServer (BaseHttpServer.java:updateConnectorAddress(333)) - HTTP server of scm listening at http://0.0.0.0:42593
2022-09-03 01:13:28,256 [Listener at 0.0.0.0/37213] INFO  ozone.MiniOzoneHAClusterImpl (MiniOzoneHAClusterImpl.java:createSCMService(606)) - Started SCM RPC server at /0.0.0.0:37213
2022-09-03 01:13:28,330 [Listener at 0.0.0.0/37213] INFO  audit.AuditLogger (AuditLogger.java:refreshDebugCmdSet(126)) - Refresh DebugCmdSet for OMAudit to [].
2022-09-03 01:13:28,429 [Listener at 0.0.0.0/37213] INFO  ha.OMHANodeDetails (OMHANodeDetails.java:loadOMHAConfig(121)) - ServiceID for OzoneManager is omServiceId1
2022-09-03 01:13:28,437 [Listener at 0.0.0.0/37213] INFO  ha.OMHANodeDetails (OMHANodeDetails.java:loadOMHAConfig(201)) - Found matching OM address with OMServiceId: omServiceId1, OMNodeId: omNode-1, RPC Address: localhost:39677 and Ratis port: 32815
2022-09-03 01:13:28,437 [Listener at 0.0.0.0/37213] INFO  ha.OMHANodeDetails (ConfUtils.java:setNodeSpecificConfigs(97)) - Setting configuration key ozone.om.http-address with value of key ozone.om.http-address.omServiceId1.omNode-1: 127.0.0.1:46481
2022-09-03 01:13:28,438 [Listener at 0.0.0.0/37213] INFO  ha.OMHANodeDetails (ConfUtils.java:setNodeSpecificConfigs(97)) - Setting configuration key ozone.om.https-address with value of key ozone.om.https-address.omServiceId1.omNode-1: 127.0.0.1:46271
2022-09-03 01:13:28,438 [Listener at 0.0.0.0/37213] INFO  ha.OMHANodeDetails (ConfUtils.java:setNodeSpecificConfigs(97)) - Setting configuration key ozone.om.address with value of key ozone.om.address.omServiceId1.omNode-1: 127.0.0.1:39677
2022-09-03 01:13:28,438 [Listener at 0.0.0.0/37213] WARN  server.ServerUtils (ServerUtils.java:getDBPath(225)) - ozone.om.db.dirs is not configured. We recommend adding this setting. Falling back to ozone.metadata.dirs instead.
2022-09-03 01:13:28,447 [Listener at 0.0.0.0/37213] INFO  ha.SCMNodeInfo (SCMNodeInfo.java:getPort(197)) - ConfigKey ozone.scm.client.address is deprecated, For configuring different ports for each SCM use PortConfigKey ozone.scm.client.port appended with serviceId and nodeId
2022-09-03 01:13:28,447 [Listener at 0.0.0.0/37213] INFO  ha.SCMNodeInfo (SCMNodeInfo.java:getPort(197)) - ConfigKey ozone.scm.block.client.address is deprecated, For configuring different ports for each SCM use PortConfigKey ozone.scm.block.client.port appended with serviceId and nodeId
2022-09-03 01:13:28,447 [Listener at 0.0.0.0/37213] INFO  ha.SCMNodeInfo (SCMNodeInfo.java:getPort(197)) - ConfigKey ozone.scm.datanode.address is deprecated, For configuring different ports for each SCM use PortConfigKey ozone.scm.datanode.port appended with serviceId and nodeId
2022-09-03 01:13:28,447 [Listener at 0.0.0.0/37213] INFO  ha.SCMNodeInfo (SCMNodeInfo.java:getPort(197)) - ConfigKey ozone.scm.client.address is deprecated, For configuring different ports for each SCM use PortConfigKey ozone.scm.client.port appended with serviceId and nodeId
2022-09-03 01:13:28,447 [Listener at 0.0.0.0/37213] INFO  ha.SCMNodeInfo (SCMNodeInfo.java:getPort(197)) - ConfigKey ozone.scm.block.client.address is deprecated, For configuring different ports for each SCM use PortConfigKey ozone.scm.block.client.port appended with serviceId and nodeId
2022-09-03 01:13:28,447 [Listener at 0.0.0.0/37213] INFO  ha.SCMNodeInfo (SCMNodeInfo.java:getPort(197)) - ConfigKey ozone.scm.datanode.address is deprecated, For configuring different ports for each SCM use PortConfigKey ozone.scm.datanode.port appended with serviceId and nodeId
2022-09-03 01:13:28,447 [Listener at 0.0.0.0/37213] INFO  ha.SCMNodeInfo (SCMNodeInfo.java:getPort(197)) - ConfigKey ozone.scm.client.address is deprecated, For configuring different ports for each SCM use PortConfigKey ozone.scm.client.port appended with serviceId and nodeId
2022-09-03 01:13:28,447 [Listener at 0.0.0.0/37213] INFO  ha.SCMNodeInfo (SCMNodeInfo.java:getPort(197)) - ConfigKey ozone.scm.block.client.address is deprecated, For configuring different ports for each SCM use PortConfigKey ozone.scm.block.client.port appended with serviceId and nodeId
2022-09-03 01:13:28,447 [Listener at 0.0.0.0/37213] INFO  ha.SCMNodeInfo (SCMNodeInfo.java:getPort(197)) - ConfigKey ozone.scm.datanode.address is deprecated, For configuring different ports for each SCM use PortConfigKey ozone.scm.datanode.port appended with serviceId and nodeId
2022-09-03 01:13:28,449 [Listener at 0.0.0.0/37213] INFO  proxy.SCMBlockLocationFailoverProxyProvider (SCMBlockLocationFailoverProxyProvider.java:<init>(114)) - Created block location fail-over proxy with 3 nodes: [nodeId=scmNode-2,nodeAddress=/127.0.0.1:40787, nodeId=scmNode-3,nodeAddress=/127.0.0.1:34479, nodeId=scmNode-1,nodeAddress=/127.0.0.1:41665]
OM initialization succeeded.Current cluster id for sd=/home/runner/work/ozone/ozone/hadoop-ozone/integration-test/target/test-dir/MiniOzoneClusterImpl-b7bb7c95-97ac-4743-8c58-bec42c492c64/omNode-1/om;cid=b7bb7c95-97ac-4743-8c58-bec42c492c64;layoutVersion=3
2022-09-03 01:13:28,471 [Listener at 0.0.0.0/37213] INFO  ha.OMHANodeDetails (OMHANodeDetails.java:loadOMHAConfig(121)) - ServiceID for OzoneManager is omServiceId1
2022-09-03 01:13:28,471 [Listener at 0.0.0.0/37213] INFO  ha.OMHANodeDetails (OMHANodeDetails.java:loadOMHAConfig(201)) - Found matching OM address with OMServiceId: omServiceId1, OMNodeId: omNode-1, RPC Address: localhost:39677 and Ratis port: 32815
2022-09-03 01:13:28,471 [Listener at 0.0.0.0/37213] INFO  ha.OMHANodeDetails (ConfUtils.java:setNodeSpecificConfigs(97)) - Setting configuration key ozone.om.http-address with value of key ozone.om.http-address.omServiceId1.omNode-1: 127.0.0.1:46481
2022-09-03 01:13:28,473 [Listener at 0.0.0.0/37213] INFO  ha.OMHANodeDetails (ConfUtils.java:setNodeSpecificConfigs(97)) - Setting configuration key ozone.om.https-address with value of key ozone.om.https-address.omServiceId1.omNode-1: 127.0.0.1:46271
2022-09-03 01:13:28,473 [Listener at 0.0.0.0/37213] INFO  ha.OMHANodeDetails (ConfUtils.java:setNodeSpecificConfigs(97)) - Setting configuration key ozone.om.address with value of key ozone.om.address.omServiceId1.omNode-1: 127.0.0.1:39677
2022-09-03 01:13:28,473 [Listener at 0.0.0.0/37213] WARN  server.ServerUtils (ServerUtils.java:getDBPath(225)) - ozone.om.db.dirs is not configured. We recommend adding this setting. Falling back to ozone.metadata.dirs instead.
2022-09-03 01:13:28,475 [Listener at 0.0.0.0/37213] INFO  upgrade.AbstractLayoutVersionManager (AbstractLayoutVersionManager.java:init(83)) - Initializing Layout version manager with metadata layout = MULTITENANCY_SCHEMA (version = 3), software layout = MULTITENANCY_SCHEMA (version = 3)
2022-09-03 01:13:28,630 [Listener at 0.0.0.0/37213] INFO  reflections.Reflections (Reflections.java:scan(232)) - Reflections took 148 ms to scan 2 urls, producing 153 keys and 427 values [using 2 cores]
2022-09-03 01:13:28,637 [Listener at 0.0.0.0/37213] INFO  upgrade.OMLayoutVersionManager (OMLayoutVersionManager.java:lambda$0(115)) - Skipping Upgrade Action MockOmUpgradeAction since it has been finalized.
2022-09-03 01:13:28,638 [Listener at 0.0.0.0/37213] WARN  server.ServerUtils (ServerUtils.java:getDBPath(225)) - ozone.om.db.dirs is not configured. We recommend adding this setting. Falling back to ozone.metadata.dirs instead.
2022-09-03 01:13:28,653 [Listener at 0.0.0.0/37213] INFO  ha.SCMNodeInfo (SCMNodeInfo.java:getPort(197)) - ConfigKey ozone.scm.client.address is deprecated, For configuring different ports for each SCM use PortConfigKey ozone.scm.client.port appended with serviceId and nodeId
2022-09-03 01:13:28,653 [Listener at 0.0.0.0/37213] INFO  ha.SCMNodeInfo (SCMNodeInfo.java:getPort(197)) - ConfigKey ozone.scm.block.client.address is deprecated, For configuring different ports for each SCM use PortConfigKey ozone.scm.block.client.port appended with serviceId and nodeId
2022-09-03 01:13:28,653 [Listener at 0.0.0.0/37213] INFO  ha.SCMNodeInfo (SCMNodeInfo.java:getPort(197)) - ConfigKey ozone.scm.datanode.address is deprecated, For configuring different ports for each SCM use PortConfigKey ozone.scm.datanode.port appended with serviceId and nodeId
2022-09-03 01:13:28,653 [Listener at 0.0.0.0/37213] INFO  ha.SCMNodeInfo (SCMNodeInfo.java:getPort(197)) - ConfigKey ozone.scm.client.address is deprecated, For configuring different ports for each SCM use PortConfigKey ozone.scm.client.port appended with serviceId and nodeId
2022-09-03 01:13:28,653 [Listener at 0.0.0.0/37213] INFO  ha.SCMNodeInfo (SCMNodeInfo.java:getPort(197)) - ConfigKey ozone.scm.block.client.address is deprecated, For configuring different ports for each SCM use PortConfigKey ozone.scm.block.client.port appended with serviceId and nodeId
2022-09-03 01:13:28,653 [Listener at 0.0.0.0/37213] INFO  ha.SCMNodeInfo (SCMNodeInfo.java:getPort(197)) - ConfigKey ozone.scm.datanode.address is deprecated, For configuring different ports for each SCM use PortConfigKey ozone.scm.datanode.port appended with serviceId and nodeId
2022-09-03 01:13:28,653 [Listener at 0.0.0.0/37213] INFO  ha.SCMNodeInfo (SCMNodeInfo.java:getPort(197)) - ConfigKey ozone.scm.client.address is deprecated, For configuring different ports for each SCM use PortConfigKey ozone.scm.client.port appended with serviceId and nodeId
2022-09-03 01:13:28,653 [Listener at 0.0.0.0/37213] INFO  ha.SCMNodeInfo (SCMNodeInfo.java:getPort(197)) - ConfigKey ozone.scm.block.client.address is deprecated, For configuring different ports for each SCM use PortConfigKey ozone.scm.block.client.port appended with serviceId and nodeId
2022-09-03 01:13:28,653 [Listener at 0.0.0.0/37213] INFO  ha.SCMNodeInfo (SCMNodeInfo.java:getPort(197)) - ConfigKey ozone.scm.datanode.address is deprecated, For configuring different ports for each SCM use PortConfigKey ozone.scm.datanode.port appended with serviceId and nodeId
2022-09-03 01:13:28,818 [Listener at 0.0.0.0/37213] INFO  ha.SCMNodeInfo (SCMNodeInfo.java:getPort(197)) - ConfigKey ozone.scm.client.address is deprecated, For configuring different ports for each SCM use PortConfigKey ozone.scm.client.port appended with serviceId and nodeId
2022-09-03 01:13:28,818 [Listener at 0.0.0.0/37213] INFO  ha.SCMNodeInfo (SCMNodeInfo.java:getPort(197)) - ConfigKey ozone.scm.block.client.address is deprecated, For configuring different ports for each SCM use PortConfigKey ozone.scm.block.client.port appended with serviceId and nodeId
2022-09-03 01:13:28,818 [Listener at 0.0.0.0/37213] INFO  ha.SCMNodeInfo (SCMNodeInfo.java:getPort(197)) - ConfigKey ozone.scm.datanode.address is deprecated, For configuring different ports for each SCM use PortConfigKey ozone.scm.datanode.port appended with serviceId and nodeId
2022-09-03 01:13:28,818 [Listener at 0.0.0.0/37213] INFO  ha.SCMNodeInfo (SCMNodeInfo.java:getPort(197)) - ConfigKey ozone.scm.client.address is deprecated, For configuring different ports for each SCM use PortConfigKey ozone.scm.client.port appended with serviceId and nodeId
2022-09-03 01:13:28,818 [Listener at 0.0.0.0/37213] INFO  ha.SCMNodeInfo (SCMNodeInfo.java:getPort(197)) - ConfigKey ozone.scm.block.client.address is deprecated, For configuring different ports for each SCM use PortConfigKey ozone.scm.block.client.port appended with serviceId and nodeId
2022-09-03 01:13:28,818 [Listener at 0.0.0.0/37213] INFO  ha.SCMNodeInfo (SCMNodeInfo.java:getPort(197)) - ConfigKey ozone.scm.datanode.address is deprecated, For configuring different ports for each SCM use PortConfigKey ozone.scm.datanode.port appended with serviceId and nodeId
2022-09-03 01:13:28,818 [Listener at 0.0.0.0/37213] INFO  ha.SCMNodeInfo (SCMNodeInfo.java:getPort(197)) - ConfigKey ozone.scm.client.address is deprecated, For configuring different ports for each SCM use PortConfigKey ozone.scm.client.port appended with serviceId and nodeId
2022-09-03 01:13:28,819 [Listener at 0.0.0.0/37213] INFO  ha.SCMNodeInfo (SCMNodeInfo.java:getPort(197)) - ConfigKey ozone.scm.block.client.address is deprecated, For configuring different ports for each SCM use PortConfigKey ozone.scm.block.client.port appended with serviceId and nodeId
2022-09-03 01:13:28,819 [Listener at 0.0.0.0/37213] INFO  ha.SCMNodeInfo (SCMNodeInfo.java:getPort(197)) - ConfigKey ozone.scm.datanode.address is deprecated, For configuring different ports for each SCM use PortConfigKey ozone.scm.datanode.port appended with serviceId and nodeId
2022-09-03 01:13:28,822 [Listener at 0.0.0.0/37213] INFO  proxy.SCMBlockLocationFailoverProxyProvider (SCMBlockLocationFailoverProxyProvider.java:<init>(114)) - Created block location fail-over proxy with 3 nodes: [nodeId=scmNode-2,nodeAddress=/127.0.0.1:40787, nodeId=scmNode-3,nodeAddress=/127.0.0.1:34479, nodeId=scmNode-1,nodeAddress=/127.0.0.1:41665]
2022-09-03 01:13:28,824 [Listener at 0.0.0.0/37213] INFO  ha.SCMNodeInfo (SCMNodeInfo.java:getPort(197)) - ConfigKey ozone.scm.client.address is deprecated, For configuring different ports for each SCM use PortConfigKey ozone.scm.client.port appended with serviceId and nodeId
2022-09-03 01:13:28,825 [Listener at 0.0.0.0/37213] INFO  ha.SCMNodeInfo (SCMNodeInfo.java:getPort(197)) - ConfigKey ozone.scm.block.client.address is deprecated, For configuring different ports for each SCM use PortConfigKey ozone.scm.block.client.port appended with serviceId and nodeId
2022-09-03 01:13:28,825 [Listener at 0.0.0.0/37213] INFO  ha.SCMNodeInfo (SCMNodeInfo.java:getPort(197)) - ConfigKey ozone.scm.datanode.address is deprecated, For configuring different ports for each SCM use PortConfigKey ozone.scm.datanode.port appended with serviceId and nodeId
2022-09-03 01:13:28,825 [Listener at 0.0.0.0/37213] INFO  ha.SCMNodeInfo (SCMNodeInfo.java:getPort(197)) - ConfigKey ozone.scm.client.address is deprecated, For configuring different ports for each SCM use PortConfigKey ozone.scm.client.port appended with serviceId and nodeId
2022-09-03 01:13:28,825 [Listener at 0.0.0.0/37213] INFO  ha.SCMNodeInfo (SCMNodeInfo.java:getPort(197)) - ConfigKey ozone.scm.block.client.address is deprecated, For configuring different ports for each SCM use PortConfigKey ozone.scm.block.client.port appended with serviceId and nodeId
2022-09-03 01:13:28,825 [Listener at 0.0.0.0/37213] INFO  ha.SCMNodeInfo (SCMNodeInfo.java:getPort(197)) - ConfigKey ozone.scm.datanode.address is deprecated, For configuring different ports for each SCM use PortConfigKey ozone.scm.datanode.port appended with serviceId and nodeId
2022-09-03 01:13:28,825 [Listener at 0.0.0.0/37213] INFO  ha.SCMNodeInfo (SCMNodeInfo.java:getPort(197)) - ConfigKey ozone.scm.client.address is deprecated, For configuring different ports for each SCM use PortConfigKey ozone.scm.client.port appended with serviceId and nodeId
2022-09-03 01:13:28,825 [Listener at 0.0.0.0/37213] INFO  ha.SCMNodeInfo (SCMNodeInfo.java:getPort(197)) - ConfigKey ozone.scm.block.client.address is deprecated, For configuring different ports for each SCM use PortConfigKey ozone.scm.block.client.port appended with serviceId and nodeId
2022-09-03 01:13:28,825 [Listener at 0.0.0.0/37213] INFO  ha.SCMNodeInfo (SCMNodeInfo.java:getPort(197)) - ConfigKey ozone.scm.datanode.address is deprecated, For configuring different ports for each SCM use PortConfigKey ozone.scm.datanode.port appended with serviceId and nodeId
2022-09-03 01:13:28,826 [Listener at 0.0.0.0/37213] INFO  proxy.SCMBlockLocationFailoverProxyProvider (SCMBlockLocationFailoverProxyProvider.java:<init>(114)) - Created block location fail-over proxy with 3 nodes: [nodeId=scmNode-2,nodeAddress=/127.0.0.1:40787, nodeId=scmNode-3,nodeAddress=/127.0.0.1:34479, nodeId=scmNode-1,nodeAddress=/127.0.0.1:41665]
2022-09-03 01:13:28,871 [Listener at 0.0.0.0/37213] WARN  server.ServerUtils (ServerUtils.java:getDBPath(225)) - ozone.om.db.dirs is not configured. We recommend adding this setting. Falling back to ozone.metadata.dirs instead.
2022-09-03 01:13:28,879 [Listener at 0.0.0.0/37213] INFO  codec.OmKeyInfoCodec (OmKeyInfoCodec.java:<init>(49)) - OmKeyInfoCodec ignorePipeline = true
2022-09-03 01:13:28,880 [Listener at 0.0.0.0/37213] INFO  codec.RepeatedOmKeyInfoCodec (RepeatedOmKeyInfoCodec.java:<init>(41)) - RepeatedOmKeyInfoCodec ignorePipeline = true
2022-09-03 01:13:29,131 [Listener at 0.0.0.0/37213] INFO  om.OzoneManager (OzoneManager.java:instantiateServices(702)) - S3 Multi-Tenancy is disabled
2022-09-03 01:13:29,230 [Listener at 0.0.0.0/37213] INFO  om.OzoneManager (OzoneManager.java:addS3GVolumeToDB(4307)) - Created Volume s3v With Owner runner required for S3Gateway operations.
2022-09-03 01:13:29,307 [Listener at 0.0.0.0/37213] WARN  server.ServerUtils (ServerUtils.java:getDefaultRatisDirectory(237)) - Storage directory for Ratis is not configured. It is a good idea to map this to an SSD disk. Falling back to ozone.metadata.dirs
2022-09-03 01:13:29,308 [Listener at 0.0.0.0/37213] WARN  utils.OzoneManagerRatisUtils (OzoneManagerRatisUtils.java:getOMRatisSnapshotDirectory(434)) - ozone.om.ratis.snapshot.dir is not configured. Falling back to ozone.metadata.dirs config
2022-09-03 01:13:29,314 [Listener at 0.0.0.0/37213] INFO  snapshot.OzoneManagerSnapshotProvider (OzoneManagerSnapshotProvider.java:<init>(76)) - Initializing OM Snapshot Provider
2022-09-03 01:13:29,452 [Listener at 0.0.0.0/37213] WARN  impl.MetricRegistriesImpl (MetricRegistriesImpl.java:addReporterRegistration(111)) - New reporters are added after registries were created. Some metrics will be missing from the reporter. Please add reporter before adding any new registry.
2022-09-03 01:13:29,452 [Listener at 0.0.0.0/37213] WARN  impl.MetricRegistriesImpl (MetricRegistriesImpl.java:addReporterRegistration(111)) - New reporters are added after registries were created. Some metrics will be missing from the reporter. Please add reporter before adding any new registry.
2022-09-03 01:13:29,452 [Listener at 0.0.0.0/37213] WARN  server.ServerUtils (ServerUtils.java:getDefaultRatisDirectory(237)) - Storage directory for Ratis is not configured. It is a good idea to map this to an SSD disk. Falling back to ozone.metadata.dirs
2022-09-03 01:13:29,455 [Listener at 0.0.0.0/37213] INFO  ratis.OzoneManagerRatisServer (OzoneManagerRatisServer.java:<init>(159)) - Instantiating OM Ratis server with groupID: omServiceId1 and peers: localhost:32815, localhost:33157, localhost:35059
2022-09-03 01:13:29,459 [Listener at 0.0.0.0/37213] INFO  ratis.OzoneManagerStateMachine (OzoneManagerStateMachine.java:loadSnapshotInfoFromDB(632)) - LastAppliedIndex is set from TransactionInfo from OM DB as (t:0, i:~)
2022-09-03 01:13:29,496 [Listener at 0.0.0.0/37213] INFO  server.RaftServer (ConfUtils.java:logGet(46)) - raft.rpc.type = GRPC (default)
2022-09-03 01:13:29,497 [Listener at 0.0.0.0/37213] INFO  grpc.GrpcFactory (GrpcFactory.java:checkPooledByteBufAllocatorUseCacheForAllThreads(48)) - PERFORMANCE WARNING: useCacheForAllThreads is true that may cause Netty to create a lot garbage objects and, as a result, trigger GC.
	It is recommended to disable useCacheForAllThreads by setting -Dorg.apache.ratis.thirdparty.io.netty.allocator.useCacheForAllThreads=false in command line.
2022-09-03 01:13:29,497 [Listener at 0.0.0.0/37213] INFO  grpc.GrpcConfigKeys (ConfUtils.java:logGet(46)) - raft.grpc.admin.port = -1 (default)
2022-09-03 01:13:29,497 [Listener at 0.0.0.0/37213] INFO  grpc.GrpcConfigKeys (ConfUtils.java:logGet(46)) - raft.grpc.server.port = 32815 (custom)
2022-09-03 01:13:29,497 [Listener at 0.0.0.0/37213] INFO  grpc.GrpcConfigKeys (ConfUtils.java:logGet(46)) - raft.grpc.client.port = -1 (default)
2022-09-03 01:13:29,497 [Listener at 0.0.0.0/37213] INFO  grpc.GrpcConfigKeys (ConfUtils.java:logGet(46)) - raft.grpc.server.port = 32815 (custom)
2022-09-03 01:13:29,497 [Listener at 0.0.0.0/37213] INFO  grpc.GrpcConfigKeys (ConfUtils.java:logGet(46)) - raft.grpc.server.port = 32815 (custom)
2022-09-03 01:13:29,497 [Listener at 0.0.0.0/37213] INFO  server.GrpcService (ConfUtils.java:logGet(46)) - raft.grpc.message.size.max = 33554432 (custom)
2022-09-03 01:13:29,498 [Listener at 0.0.0.0/37213] INFO  server.RaftServerConfigKeys (ConfUtils.java:logGet(46)) - raft.server.log.appender.buffer.byte-limit = 33554432 (custom)
2022-09-03 01:13:29,498 [Listener at 0.0.0.0/37213] INFO  server.GrpcService (ConfUtils.java:logGet(46)) - raft.grpc.flow.control.window = 1MB (=1048576) (default)
2022-09-03 01:13:29,498 [Listener at 0.0.0.0/37213] INFO  server.RaftServerConfigKeys (ConfUtils.java:logGet(46)) - raft.server.rpc.request.timeout = 3000ms (default)
2022-09-03 01:13:29,498 [Listener at 0.0.0.0/37213] INFO  grpc.GrpcConfigKeys (ConfUtils.java:logGet(46)) - raft.grpc.server.async.request.thread.pool.cached = true (default)
2022-09-03 01:13:29,498 [Listener at 0.0.0.0/37213] INFO  grpc.GrpcConfigKeys (ConfUtils.java:logGet(46)) - raft.grpc.server.async.request.thread.pool.size = 32 (default)
2022-09-03 01:13:29,499 [Listener at 0.0.0.0/37213] INFO  impl.DataStreamServerImpl (ConfUtils.java:logGet(46)) - raft.datastream.type = DISABLED (default)
2022-09-03 01:13:29,499 [Listener at 0.0.0.0/37213] INFO  server.RaftServerConfigKeys (ConfUtils.java:logGet(46)) - raft.server.threadpool.proxy.cached = true (default)
2022-09-03 01:13:29,499 [Listener at 0.0.0.0/37213] INFO  server.RaftServerConfigKeys (ConfUtils.java:logGet(46)) - raft.server.threadpool.proxy.size = 0 (default)
2022-09-03 01:13:29,500 [Listener at 0.0.0.0/37213] INFO  server.RaftServerConfigKeys (ConfUtils.java:logGet(46)) - raft.server.rpc.slowness.timeout = 2s (custom)
2022-09-03 01:13:29,500 [Listener at 0.0.0.0/37213] INFO  server.RaftServerConfigKeys (ConfUtils.java:logGet(46)) - raft.server.leaderelection.leader.step-down.wait-time = 10s (default)
2022-09-03 01:13:29,500 [Listener at 0.0.0.0/37213] INFO  server.RaftServerConfigKeys (ConfUtils.java:logGet(46)) - raft.server.storage.dir = [/home/runner/work/ozone/ozone/hadoop-ozone/integration-test/target/test-dir/MiniOzoneClusterImpl-b7bb7c95-97ac-4743-8c58-bec42c492c64/omNode-1/ratis] (custom)
2022-09-03 01:13:29,505 [Listener at 0.0.0.0/37213] INFO  server.RaftServer (RaftServerProxy.java:addNew(96)) - omNode-1: addNew group-6C22E66A003A:[omNode-3|rpc:localhost:33157|priority:0, omNode-1|rpc:localhost:32815|priority:0, omNode-2|rpc:localhost:35059|priority:0] returns group-6C22E66A003A:java.util.concurrent.CompletableFuture@39438cd7[Not completed]
2022-09-03 01:13:29,505 [Listener at 0.0.0.0/37213] INFO  om.OzoneManager (OzoneManager.java:initializeRatisServer(1968)) - OzoneManager Ratis server initialized at port 32815
2022-09-03 01:13:29,513 [pool-124-thread-1] INFO  server.RaftServer$Division (RaftServerImpl.java:<init>(190)) - omNode-1: new RaftServerImpl for group-6C22E66A003A:[omNode-3|rpc:localhost:33157|priority:0, omNode-1|rpc:localhost:32815|priority:0, omNode-2|rpc:localhost:35059|priority:0] with OzoneManagerStateMachine:uninitialized
2022-09-03 01:13:29,513 [pool-124-thread-1] INFO  server.RaftServerConfigKeys (ConfUtils.java:logGet(46)) - raft.server.rpc.timeout.min = 1s (custom)
2022-09-03 01:13:29,513 [pool-124-thread-1] INFO  server.RaftServerConfigKeys (ConfUtils.java:logGet(46)) - raft.server.rpc.timeout.max = 1200ms (custom)
2022-09-03 01:13:29,513 [pool-124-thread-1] INFO  server.RaftServerConfigKeys (ConfUtils.java:logGet(46)) - raft.server.rpc.sleep.time = 25ms (default)
2022-09-03 01:13:29,513 [pool-124-thread-1] INFO  server.RaftServerConfigKeys (ConfUtils.java:logGet(46)) - raft.server.rpc.slowness.timeout = 2s (custom)
2022-09-03 01:13:29,513 [pool-124-thread-1] INFO  server.RaftServerConfigKeys (ConfUtils.java:logGet(46)) - raft.server.leaderelection.leader.step-down.wait-time = 10s (default)
2022-09-03 01:13:29,514 [pool-124-thread-1] INFO  server.RaftServerConfigKeys (ConfUtils.java:logGet(46)) - raft.server.sleep.deviation.threshold = 300ms (default)
2022-09-03 01:13:29,514 [pool-124-thread-1] INFO  server.RaftServer$Division (ServerState.java:<init>(107)) - omNode-1@group-6C22E66A003A: ConfigurationManager, init=-1: [omNode-3|rpc:localhost:33157|priority:0, omNode-1|rpc:localhost:32815|priority:0, omNode-2|rpc:localhost:35059|priority:0], old=null, confs=<EMPTY_MAP>
2022-09-03 01:13:29,514 [pool-124-thread-1] INFO  server.RaftServerConfigKeys (ConfUtils.java:logGet(46)) - raft.server.storage.dir = [/home/runner/work/ozone/ozone/hadoop-ozone/integration-test/target/test-dir/MiniOzoneClusterImpl-b7bb7c95-97ac-4743-8c58-bec42c492c64/omNode-1/ratis] (custom)
2022-09-03 01:13:29,514 [pool-124-thread-1] INFO  server.RaftServerConfigKeys (ConfUtils.java:logGet(46)) - raft.server.log.corruption.policy = EXCEPTION (default)
2022-09-03 01:13:29,514 [pool-124-thread-1] INFO  server.RaftServerConfigKeys (ConfUtils.java:logGet(46)) - raft.server.storage.free-space.min = 0MB (=0) (default)
2022-09-03 01:13:29,514 [pool-124-thread-1] INFO  storage.RaftStorageDirectory (RaftStorageDirectoryImpl.java:analyzeStorage(135)) - The storage directory /home/runner/work/ozone/ozone/hadoop-ozone/integration-test/target/test-dir/MiniOzoneClusterImpl-b7bb7c95-97ac-4743-8c58-bec42c492c64/omNode-1/ratis/9c9825ce-8ba7-3ee6-a7c3-6c22e66a003a does not exist. Creating ...
2022-09-03 01:13:29,517 [pool-124-thread-1] INFO  storage.RaftStorageDirectory (RaftStorageDirectoryImpl.java:tryLock(230)) - Lock on /home/runner/work/ozone/ozone/hadoop-ozone/integration-test/target/test-dir/MiniOzoneClusterImpl-b7bb7c95-97ac-4743-8c58-bec42c492c64/omNode-1/ratis/9c9825ce-8ba7-3ee6-a7c3-6c22e66a003a/in_use.lock acquired by nodename 24955@fv-az504-37
2022-09-03 01:13:29,519 [pool-124-thread-1] INFO  storage.RaftStorage (RaftStorageImpl.java:format(89)) - Storage directory /home/runner/work/ozone/ozone/hadoop-ozone/integration-test/target/test-dir/MiniOzoneClusterImpl-b7bb7c95-97ac-4743-8c58-bec42c492c64/omNode-1/ratis/9c9825ce-8ba7-3ee6-a7c3-6c22e66a003a has been successfully formatted.
2022-09-03 01:13:29,519 [pool-124-thread-1] INFO  server.RaftServerConfigKeys (ConfUtils.java:logGet(46)) - raft.server.notification.no-leader.timeout = 2s (custom)
2022-09-03 01:13:29,520 [pool-124-thread-1] INFO  server.RaftServerConfigKeys (ConfUtils.java:logGet(46)) - raft.server.log.use.memory = false (default)
2022-09-03 01:13:29,520 [pool-124-thread-1] INFO  server.RaftServerConfigKeys (ConfUtils.java:logGet(46)) - raft.server.log.purge.gap = 1000000 (custom)
2022-09-03 01:13:29,520 [pool-124-thread-1] INFO  server.RaftServerConfigKeys (ConfUtils.java:logGet(46)) - raft.server.log.appender.buffer.byte-limit = 33554432 (custom)
2022-09-03 01:13:29,520 [pool-124-thread-1] INFO  server.RaftServerConfigKeys (ConfUtils.java:logGet(46)) - raft.server.log.statemachine.data.read.timeout = 1000ms (default)
2022-09-03 01:13:29,520 [pool-124-thread-1] INFO  server.RaftServerConfigKeys (ConfUtils.java:logGet(46)) - raft.server.log.segment.size.max = 4194304 (custom)
2022-09-03 01:13:29,521 [pool-124-thread-1] INFO  server.RaftServerConfigKeys (ConfUtils.java:logGet(46)) - raft.server.log.segment.cache.num.max = 2 (custom)
2022-09-03 01:13:29,521 [pool-124-thread-1] INFO  server.RaftServerConfigKeys (ConfUtils.java:logGet(46)) - raft.server.log.segment.cache.size.max = 200MB (=209715200) (default)
2022-09-03 01:13:29,521 [pool-124-thread-1] INFO  segmented.SegmentedRaftLogWorker (SegmentedRaftLogWorker.java:<init>(187)) - new omNode-1@group-6C22E66A003A-SegmentedRaftLogWorker for RaftStorageImpl:Storage Directory /home/runner/work/ozone/ozone/hadoop-ozone/integration-test/target/test-dir/MiniOzoneClusterImpl-b7bb7c95-97ac-4743-8c58-bec42c492c64/omNode-1/ratis/9c9825ce-8ba7-3ee6-a7c3-6c22e66a003a
2022-09-03 01:13:29,521 [pool-124-thread-1] INFO  server.RaftServerConfigKeys (ConfUtils.java:logGet(46)) - raft.server.log.queue.byte-limit = 64MB (=67108864) (default)
2022-09-03 01:13:29,521 [pool-124-thread-1] INFO  server.RaftServerConfigKeys (ConfUtils.java:logGet(46)) - raft.server.log.queue.element-limit = 4096 (default)
2022-09-03 01:13:29,521 [pool-124-thread-1] INFO  server.RaftServerConfigKeys (ConfUtils.java:logGet(46)) - raft.server.log.segment.size.max = 4194304 (custom)
2022-09-03 01:13:29,521 [pool-124-thread-1] INFO  server.RaftServerConfigKeys (ConfUtils.java:logGet(46)) - raft.server.log.preallocated.size = 4194304 (custom)
2022-09-03 01:13:29,521 [pool-124-thread-1] INFO  server.RaftServerConfigKeys (ConfUtils.java:logGet(46)) - raft.server.log.force.sync.num = 128 (default)
2022-09-03 01:13:29,521 [pool-124-thread-1] INFO  server.RaftServerConfigKeys (ConfUtils.java:logGet(46)) - raft.server.log.statemachine.data.sync = true (default)
2022-09-03 01:13:29,521 [pool-124-thread-1] INFO  server.RaftServerConfigKeys (ConfUtils.java:logGet(46)) - raft.server.log.statemachine.data.sync.timeout = 10s (default)
2022-09-03 01:13:29,522 [pool-124-thread-1] INFO  server.RaftServerConfigKeys (ConfUtils.java:logGet(46)) - raft.server.log.statemachine.data.sync.timeout.retry = -1 (default)
2022-09-03 01:13:29,523 [pool-124-thread-1] INFO  server.RaftServerConfigKeys (ConfUtils.java:logGet(46)) - raft.server.log.write.buffer.size = 64KB (=65536) (default)
2022-09-03 01:13:29,523 [pool-124-thread-1] INFO  server.RaftServerConfigKeys (ConfUtils.java:logGet(46)) - raft.server.log.unsafe-flush.enabled = false (default)
2022-09-03 01:13:29,523 [pool-124-thread-1] INFO  server.RaftServerConfigKeys (ConfUtils.java:logGet(46)) - raft.server.log.statemachine.data.caching.enabled = false (default)
2022-09-03 01:13:29,523 [pool-124-thread-1] INFO  segmented.SegmentedRaftLogWorker (SegmentedRaftLogWorker.java:lambda$new$0(135)) - omNode-1@group-6C22E66A003A-SegmentedRaftLogWorker: flushIndex: setUnconditionally 0 -> -1
2022-09-03 01:13:29,523 [pool-124-thread-1] INFO  segmented.SegmentedRaftLogWorker (SegmentedRaftLogWorker.java:lambda$new$0(135)) - omNode-1@group-6C22E66A003A-SegmentedRaftLogWorker: safeCacheEvictIndex: setUnconditionally 0 -> -1
2022-09-03 01:13:29,525 [Listener at 0.0.0.0/37213] INFO  om.OzoneManager (OzoneManager.java:getRpcServer(1091)) - Creating RPC Server
2022-09-03 01:13:29,528 [pool-124-thread-1] INFO  server.RaftServerConfigKeys (ConfUtils.java:logGet(46)) - raft.server.snapshot.auto.trigger.enabled = true (custom)
2022-09-03 01:13:29,528 [pool-124-thread-1] INFO  server.RaftServerConfigKeys (ConfUtils.java:logGet(46)) - raft.server.snapshot.auto.trigger.threshold = 400000 (default)
2022-09-03 01:13:29,528 [pool-124-thread-1] INFO  server.RaftServerConfigKeys (ConfUtils.java:logGet(46)) - raft.server.snapshot.retention.file.num = -1 (default)
2022-09-03 01:13:29,529 [pool-124-thread-1] INFO  server.RaftServerConfigKeys (ConfUtils.java:logGet(46)) - raft.server.log.purge.upto.snapshot.index = true (custom)
2022-09-03 01:13:29,529 [pool-124-thread-1] INFO  server.RaftServerConfigKeys (ConfUtils.java:logGet(46)) - raft.server.retrycache.expirytime = 300s (custom)
2022-09-03 01:13:29,529 [pool-124-thread-1] INFO  server.RaftServerConfigKeys (ConfUtils.java:logGet(46)) - raft.server.retrycache.statistics.expirytime = 100μs (default)
2022-09-03 01:13:29,531 [pool-124-thread-1] INFO  server.RaftServerConfigKeys (ConfUtils.java:logGet(46)) - raft.server.log.appender.install.snapshot.enabled = false (custom)
2022-09-03 01:13:29,531 [pool-124-thread-1] INFO  server.RaftServerConfigKeys (ConfUtils.java:logGet(46)) - raft.server.threadpool.server.cached = true (default)
2022-09-03 01:13:29,531 [pool-124-thread-1] INFO  server.RaftServerConfigKeys (ConfUtils.java:logGet(46)) - raft.server.threadpool.server.size = 0 (default)
2022-09-03 01:13:29,531 [pool-124-thread-1] INFO  server.RaftServerConfigKeys (ConfUtils.java:logGet(46)) - raft.server.threadpool.client.cached = true (default)
2022-09-03 01:13:29,531 [pool-124-thread-1] INFO  server.RaftServerConfigKeys (ConfUtils.java:logGet(46)) - raft.server.threadpool.client.size = 0 (default)
2022-09-03 01:13:30,334 [Listener at 0.0.0.0/37213] INFO  reflections.Reflections (Reflections.java:scan(232)) - Reflections took 746 ms to scan 19 urls, producing 67 keys and 4161 values [using 2 cores]
2022-09-03 01:13:30,538 [Listener at 0.0.0.0/37213] INFO  ipc.CallQueueManager (CallQueueManager.java:<init>(90)) - Using callQueue: class java.util.concurrent.LinkedBlockingQueue, queueCapacity: 2000, scheduler: class org.apache.hadoop.ipc.DefaultRpcScheduler, ipcBackoff: false.
2022-09-03 01:13:30,540 [Socket Reader #1 for port 39677] INFO  ipc.Server (Server.java:run(1265)) - Starting Socket Reader #1 for port 39677
2022-09-03 01:13:30,585 [Listener at 127.0.0.1/39677] INFO  impl.MetricsSystemImpl (MetricsSystemImpl.java:init(158)) - OzoneManager metrics system started (again)
2022-09-03 01:13:30,596 [Listener at 127.0.0.1/39677] INFO  om.OzoneManager (OzoneManager.java:start(1475)) - OzoneManager RPC server is listening at localhost/127.0.0.1:39677
2022-09-03 01:13:30,597 [Listener at 127.0.0.1/39677] INFO  ratis.OzoneManagerRatisServer (OzoneManagerRatisServer.java:start(554)) - Starting OzoneManagerRatisServer omNode-1 at port 32815
2022-09-03 01:13:30,597 [omNode-1-impl-thread1] INFO  server.RaftServer$Division (RaftServerImpl.java:start(310)) - omNode-1@group-6C22E66A003A: start as a follower, conf=-1: [omNode-3|rpc:localhost:33157|priority:0, omNode-1|rpc:localhost:32815|priority:0, omNode-2|rpc:localhost:35059|priority:0], old=null
2022-09-03 01:13:30,597 [omNode-1-impl-thread1] INFO  server.RaftServer$Division (RaftServerImpl.java:setRole(299)) - omNode-1@group-6C22E66A003A: changes role from      null to FOLLOWER at term 0 for startAsFollower
2022-09-03 01:13:30,597 [omNode-1-impl-thread1] INFO  impl.RoleInfo (RoleInfo.java:updateAndGet(139)) - omNode-1: start omNode-1@group-6C22E66A003A-FollowerState
2022-09-03 01:13:30,597 [omNode-1-impl-thread1] INFO  util.JmxRegister (JmxRegister.java:tryRegister(44)) - Successfully registered JMX Bean with object name Ratis:service=RaftServer,group=group-6C22E66A003A,id=omNode-1
2022-09-03 01:13:30,600 [Listener at 127.0.0.1/39677] INFO  server.RaftServer (RaftServerProxy.java:lambda$start$6(382)) - omNode-1: start RPC server
2022-09-03 01:13:30,602 [Listener at 127.0.0.1/39677] INFO  server.GrpcService (GrpcService.java:startImpl(260)) - omNode-1: GrpcService started, listening on 32815
2022-09-03 01:13:30,609 [Listener at 127.0.0.1/39677] INFO  om.OzoneManager (OzoneManager.java:start(1491)) - Version File has different layout version (3) than OM DB (null). That is expected if this OM has never been finalized to a newer layout version.
2022-09-03 01:13:30,611 [org.apache.ratis.util.JvmPauseMonitor$$Lambda$519/503118660@7700f236] INFO  util.JvmPauseMonitor (JvmPauseMonitor.java:run(103)) - JvmPauseMonitor-omNode-1: Started
2022-09-03 01:13:30,629 [Listener at 127.0.0.1/39677] INFO  http.BaseHttpServer (BaseHttpServer.java:newHttpServer2BuilderForOzone(213)) - Starting Web-server for ozoneManager at: http://0.0.0.0:46481
2022-09-03 01:13:30,629 [Listener at 127.0.0.1/39677] INFO  http.BaseHttpServer (BaseHttpServer.java:<init>(108)) - Hadoop Security Enabled: false Ozone Security Enabled: false Ozone HTTP Security Enabled: false 
2022-09-03 01:13:30,630 [Listener at 127.0.0.1/39677] INFO  server.AuthenticationFilter (AuthenticationFilter.java:constructSecretProvider(240)) - Unable to initialize FileSignerSecretProvider, falling back to use random secrets.
2022-09-03 01:13:30,631 [Listener at 127.0.0.1/39677] WARN  http.HttpRequestLog (HttpRequestLog.java:getRequestLog(103)) - Jetty request log can only be enabled using Log4j
2022-09-03 01:13:30,633 [Listener at 127.0.0.1/39677] INFO  http.HttpServer2 (HttpServer2.java:addGlobalFilter(1029)) - Added global filter 'safety' (class=org.apache.hadoop.hdds.server.http.HttpServer2$QuotingInputFilter)
2022-09-03 01:13:30,634 [Listener at 127.0.0.1/39677] INFO  http.HttpServer2 (HttpServer2.java:addFilter(1005)) - Added filter static_user_filter (class=org.apache.hadoop.http.lib.StaticUserWebFilter$StaticUserFilter) to context ozoneManager
2022-09-03 01:13:30,634 [Listener at 127.0.0.1/39677] INFO  http.HttpServer2 (HttpServer2.java:addFilter(1013)) - Added filter static_user_filter (class=org.apache.hadoop.http.lib.StaticUserWebFilter$StaticUserFilter) to context logs
2022-09-03 01:13:30,634 [Listener at 127.0.0.1/39677] INFO  http.HttpServer2 (HttpServer2.java:addFilter(1013)) - Added filter static_user_filter (class=org.apache.hadoop.http.lib.StaticUserWebFilter$StaticUserFilter) to context static
2022-09-03 01:13:30,636 [Listener at 127.0.0.1/39677] INFO  http.HttpServer2 (HttpServer2.java:bindListener(1248)) - Jetty bound to port 46481
2022-09-03 01:13:30,636 [Listener at 127.0.0.1/39677] INFO  server.Server (Server.java:doStart(375)) - jetty-9.4.43.v20210629; built: 2021-06-30T11:07:22.254Z; git: 526006ecfa3af7f1a27ef3a288e2bef7ea9dd7e8; jvm 1.8.0_345-b01
2022-09-03 01:13:30,638 [Listener at 127.0.0.1/39677] INFO  server.session (DefaultSessionIdManager.java:doStart(334)) - DefaultSessionIdManager workerName=node0
2022-09-03 01:13:30,638 [Listener at 127.0.0.1/39677] INFO  server.session (DefaultSessionIdManager.java:doStart(339)) - No SessionScavenger set, using defaults
2022-09-03 01:13:30,639 [Listener at 127.0.0.1/39677] INFO  server.session (HouseKeeper.java:startScavenging(132)) - node0 Scavenging every 600000ms
2022-09-03 01:13:30,639 [Listener at 127.0.0.1/39677] INFO  handler.ContextHandler (ContextHandler.java:doStart(915)) - Started o.e.j.s.ServletContextHandler@311466b8{logs,/logs,file:///home/runner/work/ozone/ozone/hadoop-ozone/integration-test/target/log,AVAILABLE}
2022-09-03 01:13:30,640 [Listener at 127.0.0.1/39677] INFO  handler.ContextHandler (ContextHandler.java:doStart(915)) - Started o.e.j.s.ServletContextHandler@98cebb3{static,/static,file:///home/runner/work/ozone/ozone/hadoop-ozone/integration-test/target/test-classes/webapps/static,AVAILABLE}
2022-09-03 01:13:30,645 [Listener at 127.0.0.1/39677] INFO  handler.ContextHandler (ContextHandler.java:doStart(915)) - Started o.e.j.w.WebAppContext@4e55c5d8{ozoneManager,/,file:///home/runner/work/ozone/ozone/hadoop-ozone/integration-test/target/test-classes/webapps/ozoneManager/,AVAILABLE}{file:/home/runner/work/ozone/ozone/hadoop-ozone/integration-test/target/test-classes/webapps/ozoneManager}
2022-09-03 01:13:30,664 [Listener at 127.0.0.1/39677] INFO  server.AbstractConnector (AbstractConnector.java:doStart(331)) - Started ServerConnector@a7345d5{HTTP/1.1, (http/1.1)}{0.0.0.0:46481}
2022-09-03 01:13:30,664 [Listener at 127.0.0.1/39677] INFO  server.Server (Server.java:doStart(415)) - Started @24692ms
2022-09-03 01:13:30,664 [Listener at 127.0.0.1/39677] WARN  impl.MetricsSystemImpl (MetricsSystemImpl.java:register(279)) - Sink prometheus already exists!
2022-09-03 01:13:30,665 [Listener at 127.0.0.1/39677] INFO  http.BaseHttpServer (BaseHttpServer.java:updateConnectorAddress(333)) - HTTP server of ozoneManager listening at http://0.0.0.0:46481
2022-09-03 01:13:30,665 [IPC Server Responder] INFO  ipc.Server (Server.java:run(1507)) - IPC Server Responder: starting
2022-09-03 01:13:30,666 [IPC Server listener on 39677] INFO  ipc.Server (Server.java:run(1344)) - IPC Server listener on 39677: starting
2022-09-03 01:13:30,669 [Listener at 127.0.0.1/39677] INFO  om.OzoneManager (OzoneManager.java:startTrashEmptier(1912)) - Trash Interval set to 0. Files deleted won't move to trash
2022-09-03 01:13:30,670 [Listener at 127.0.0.1/39677] INFO  ozone.MiniOzoneHAClusterImpl (MiniOzoneHAClusterImpl.java:createOMService(527)) - Started OzoneManager omNode-1 RPC server at localhost/127.0.0.1:39677
2022-09-03 01:13:30,671 [Listener at 127.0.0.1/39677] INFO  ha.OMHANodeDetails (OMHANodeDetails.java:loadOMHAConfig(121)) - ServiceID for OzoneManager is omServiceId1
2022-09-03 01:13:30,671 [Listener at 127.0.0.1/39677] INFO  ha.OMHANodeDetails (OMHANodeDetails.java:loadOMHAConfig(201)) - Found matching OM address with OMServiceId: omServiceId1, OMNodeId: omNode-2, RPC Address: localhost:45463 and Ratis port: 35059
2022-09-03 01:13:30,671 [Listener at 127.0.0.1/39677] INFO  ha.OMHANodeDetails (ConfUtils.java:setNodeSpecificConfigs(97)) - Setting configuration key ozone.om.http-address with value of key ozone.om.http-address.omServiceId1.omNode-2: 127.0.0.1:41415
2022-09-03 01:13:30,671 [Listener at 127.0.0.1/39677] INFO  ha.OMHANodeDetails (ConfUtils.java:setNodeSpecificConfigs(97)) - Setting configuration key ozone.om.https-address with value of key ozone.om.https-address.omServiceId1.omNode-2: 127.0.0.1:45093
2022-09-03 01:13:30,671 [Listener at 127.0.0.1/39677] INFO  ha.OMHANodeDetails (ConfUtils.java:setNodeSpecificConfigs(97)) - Setting configuration key ozone.om.address with value of key ozone.om.address.omServiceId1.omNode-2: 127.0.0.1:45463
2022-09-03 01:13:30,672 [Listener at 127.0.0.1/39677] WARN  server.ServerUtils (ServerUtils.java:getDBPath(225)) - ozone.om.db.dirs is not configured. We recommend adding this setting. Falling back to ozone.metadata.dirs instead.
2022-09-03 01:13:30,673 [Listener at 127.0.0.1/39677] INFO  ha.SCMNodeInfo (SCMNodeInfo.java:getPort(197)) - ConfigKey ozone.scm.client.address is deprecated, For configuring different ports for each SCM use PortConfigKey ozone.scm.client.port appended with serviceId and nodeId
2022-09-03 01:13:30,673 [Listener at 127.0.0.1/39677] INFO  ha.SCMNodeInfo (SCMNodeInfo.java:getPort(197)) - ConfigKey ozone.scm.block.client.address is deprecated, For configuring different ports for each SCM use PortConfigKey ozone.scm.block.client.port appended with serviceId and nodeId
2022-09-03 01:13:30,673 [Listener at 127.0.0.1/39677] INFO  ha.SCMNodeInfo (SCMNodeInfo.java:getPort(197)) - ConfigKey ozone.scm.datanode.address is deprecated, For configuring different ports for each SCM use PortConfigKey ozone.scm.datanode.port appended with serviceId and nodeId
2022-09-03 01:13:30,673 [Listener at 127.0.0.1/39677] INFO  ha.SCMNodeInfo (SCMNodeInfo.java:getPort(197)) - ConfigKey ozone.scm.client.address is deprecated, For configuring different ports for each SCM use PortConfigKey ozone.scm.client.port appended with serviceId and nodeId
2022-09-03 01:13:30,673 [Listener at 127.0.0.1/39677] INFO  ha.SCMNodeInfo (SCMNodeInfo.java:getPort(197)) - ConfigKey ozone.scm.block.client.address is deprecated, For configuring different ports for each SCM use PortConfigKey ozone.scm.block.client.port appended with serviceId and nodeId
2022-09-03 01:13:30,673 [Listener at 127.0.0.1/39677] INFO  ha.SCMNodeInfo (SCMNodeInfo.java:getPort(197)) - ConfigKey ozone.scm.datanode.address is deprecated, For configuring different ports for each SCM use PortConfigKey ozone.scm.datanode.port appended with serviceId and nodeId
2022-09-03 01:13:30,673 [Listener at 127.0.0.1/39677] INFO  ha.SCMNodeInfo (SCMNodeInfo.java:getPort(197)) - ConfigKey ozone.scm.client.address is deprecated, For configuring different ports for each SCM use PortConfigKey ozone.scm.client.port appended with serviceId and nodeId
2022-09-03 01:13:30,673 [Listener at 127.0.0.1/39677] INFO  ha.SCMNodeInfo (SCMNodeInfo.java:getPort(197)) - ConfigKey ozone.scm.block.client.address is deprecated, For configuring different ports for each SCM use PortConfigKey ozone.scm.block.client.port appended with serviceId and nodeId
2022-09-03 01:13:30,673 [Listener at 127.0.0.1/39677] INFO  ha.SCMNodeInfo (SCMNodeInfo.java:getPort(197)) - ConfigKey ozone.scm.datanode.address is deprecated, For configuring different ports for each SCM use PortConfigKey ozone.scm.datanode.port appended with serviceId and nodeId
2022-09-03 01:13:30,674 [Listener at 127.0.0.1/39677] INFO  proxy.SCMBlockLocationFailoverProxyProvider (SCMBlockLocationFailoverProxyProvider.java:<init>(114)) - Created block location fail-over proxy with 3 nodes: [nodeId=scmNode-2,nodeAddress=/127.0.0.1:40787, nodeId=scmNode-3,nodeAddress=/127.0.0.1:34479, nodeId=scmNode-1,nodeAddress=/127.0.0.1:41665]
2022-09-03 01:13:30,675 [org.apache.hadoop.util.JvmPauseMonitor$Monitor@7395a8d6] INFO  util.JvmPauseMonitor (JvmPauseMonitor.java:run(188)) - Starting JVM pause monitor
OM initialization succeeded.Current cluster id for sd=/home/runner/work/ozone/ozone/hadoop-ozone/integration-test/target/test-dir/MiniOzoneClusterImpl-b7bb7c95-97ac-4743-8c58-bec42c492c64/omNode-2/om;cid=b7bb7c95-97ac-4743-8c58-bec42c492c64;layoutVersion=3
2022-09-03 01:13:30,692 [Listener at 127.0.0.1/39677] INFO  ha.OMHANodeDetails (OMHANodeDetails.java:loadOMHAConfig(121)) - ServiceID for OzoneManager is omServiceId1
2022-09-03 01:13:30,693 [Listener at 127.0.0.1/39677] INFO  ha.OMHANodeDetails (OMHANodeDetails.java:loadOMHAConfig(201)) - Found matching OM address with OMServiceId: omServiceId1, OMNodeId: omNode-2, RPC Address: localhost:45463 and Ratis port: 35059
2022-09-03 01:13:30,693 [Listener at 127.0.0.1/39677] INFO  ha.OMHANodeDetails (ConfUtils.java:setNodeSpecificConfigs(97)) - Setting configuration key ozone.om.http-address with value of key ozone.om.http-address.omServiceId1.omNode-2: 127.0.0.1:41415
2022-09-03 01:13:30,693 [Listener at 127.0.0.1/39677] INFO  ha.OMHANodeDetails (ConfUtils.java:setNodeSpecificConfigs(97)) - Setting configuration key ozone.om.https-address with value of key ozone.om.https-address.omServiceId1.omNode-2: 127.0.0.1:45093
2022-09-03 01:13:30,693 [Listener at 127.0.0.1/39677] INFO  ha.OMHANodeDetails (ConfUtils.java:setNodeSpecificConfigs(97)) - Setting configuration key ozone.om.address with value of key ozone.om.address.omServiceId1.omNode-2: 127.0.0.1:45463
2022-09-03 01:13:30,693 [Listener at 127.0.0.1/39677] WARN  server.ServerUtils (ServerUtils.java:getDBPath(225)) - ozone.om.db.dirs is not configured. We recommend adding this setting. Falling back to ozone.metadata.dirs instead.
2022-09-03 01:13:30,694 [Listener at 127.0.0.1/39677] INFO  upgrade.AbstractLayoutVersionManager (AbstractLayoutVersionManager.java:init(83)) - Initializing Layout version manager with metadata layout = MULTITENANCY_SCHEMA (version = 3), software layout = MULTITENANCY_SCHEMA (version = 3)
2022-09-03 01:13:30,797 [Listener at 127.0.0.1/39677] INFO  reflections.Reflections (Reflections.java:scan(232)) - Reflections took 101 ms to scan 2 urls, producing 153 keys and 427 values [using 2 cores]
2022-09-03 01:13:30,797 [Listener at 127.0.0.1/39677] INFO  upgrade.OMLayoutVersionManager (OMLayoutVersionManager.java:lambda$0(115)) - Skipping Upgrade Action MockOmUpgradeAction since it has been finalized.
2022-09-03 01:13:30,797 [Listener at 127.0.0.1/39677] WARN  server.ServerUtils (ServerUtils.java:getDBPath(225)) - ozone.om.db.dirs is not configured. We recommend adding this setting. Falling back to ozone.metadata.dirs instead.
2022-09-03 01:13:30,798 [Listener at 127.0.0.1/39677] INFO  ha.SCMNodeInfo (SCMNodeInfo.java:getPort(197)) - ConfigKey ozone.scm.client.address is deprecated, For configuring different ports for each SCM use PortConfigKey ozone.scm.client.port appended with serviceId and nodeId
2022-09-03 01:13:30,798 [Listener at 127.0.0.1/39677] INFO  ha.SCMNodeInfo (SCMNodeInfo.java:getPort(197)) - ConfigKey ozone.scm.block.client.address is deprecated, For configuring different ports for each SCM use PortConfigKey ozone.scm.block.client.port appended with serviceId and nodeId
2022-09-03 01:13:30,798 [Listener at 127.0.0.1/39677] INFO  ha.SCMNodeInfo (SCMNodeInfo.java:getPort(197)) - ConfigKey ozone.scm.datanode.address is deprecated, For configuring different ports for each SCM use PortConfigKey ozone.scm.datanode.port appended with serviceId and nodeId
2022-09-03 01:13:30,798 [Listener at 127.0.0.1/39677] INFO  ha.SCMNodeInfo (SCMNodeInfo.java:getPort(197)) - ConfigKey ozone.scm.client.address is deprecated, For configuring different ports for each SCM use PortConfigKey ozone.scm.client.port appended with serviceId and nodeId
2022-09-03 01:13:30,798 [Listener at 127.0.0.1/39677] INFO  ha.SCMNodeInfo (SCMNodeInfo.java:getPort(197)) - ConfigKey ozone.scm.block.client.address is deprecated, For configuring different ports for each SCM use PortConfigKey ozone.scm.block.client.port appended with serviceId and nodeId
2022-09-03 01:13:30,798 [Listener at 127.0.0.1/39677] INFO  ha.SCMNodeInfo (SCMNodeInfo.java:getPort(197)) - ConfigKey ozone.scm.datanode.address is deprecated, For configuring different ports for each SCM use PortConfigKey ozone.scm.datanode.port appended with serviceId and nodeId
2022-09-03 01:13:30,798 [Listener at 127.0.0.1/39677] INFO  ha.SCMNodeInfo (SCMNodeInfo.java:getPort(197)) - ConfigKey ozone.scm.client.address is deprecated, For configuring different ports for each SCM use PortConfigKey ozone.scm.client.port appended with serviceId and nodeId
2022-09-03 01:13:30,798 [Listener at 127.0.0.1/39677] INFO  ha.SCMNodeInfo (SCMNodeInfo.java:getPort(197)) - ConfigKey ozone.scm.block.client.address is deprecated, For configuring different ports for each SCM use PortConfigKey ozone.scm.block.client.port appended with serviceId and nodeId
2022-09-03 01:13:30,798 [Listener at 127.0.0.1/39677] INFO  ha.SCMNodeInfo (SCMNodeInfo.java:getPort(197)) - ConfigKey ozone.scm.datanode.address is deprecated, For configuring different ports for each SCM use PortConfigKey ozone.scm.datanode.port appended with serviceId and nodeId
2022-09-03 01:13:30,799 [Listener at 127.0.0.1/39677] INFO  ha.SCMNodeInfo (SCMNodeInfo.java:getPort(197)) - ConfigKey ozone.scm.client.address is deprecated, For configuring different ports for each SCM use PortConfigKey ozone.scm.client.port appended with serviceId and nodeId
2022-09-03 01:13:30,799 [Listener at 127.0.0.1/39677] INFO  ha.SCMNodeInfo (SCMNodeInfo.java:getPort(197)) - ConfigKey ozone.scm.block.client.address is deprecated, For configuring different ports for each SCM use PortConfigKey ozone.scm.block.client.port appended with serviceId and nodeId
2022-09-03 01:13:30,799 [Listener at 127.0.0.1/39677] INFO  ha.SCMNodeInfo (SCMNodeInfo.java:getPort(197)) - ConfigKey ozone.scm.datanode.address is deprecated, For configuring different ports for each SCM use PortConfigKey ozone.scm.datanode.port appended with serviceId and nodeId
2022-09-03 01:13:30,799 [Listener at 127.0.0.1/39677] INFO  ha.SCMNodeInfo (SCMNodeInfo.java:getPort(197)) - ConfigKey ozone.scm.client.address is deprecated, For configuring different ports for each SCM use PortConfigKey ozone.scm.client.port appended with serviceId and nodeId
2022-09-03 01:13:30,799 [Listener at 127.0.0.1/39677] INFO  ha.SCMNodeInfo (SCMNodeInfo.java:getPort(197)) - ConfigKey ozone.scm.block.client.address is deprecated, For configuring different ports for each SCM use PortConfigKey ozone.scm.block.client.port appended with serviceId and nodeId
2022-09-03 01:13:30,799 [Listener at 127.0.0.1/39677] INFO  ha.SCMNodeInfo (SCMNodeInfo.java:getPort(197)) - ConfigKey ozone.scm.datanode.address is deprecated, For configuring different ports for each SCM use PortConfigKey ozone.scm.datanode.port appended with serviceId and nodeId
2022-09-03 01:13:30,799 [Listener at 127.0.0.1/39677] INFO  ha.SCMNodeInfo (SCMNodeInfo.java:getPort(197)) - ConfigKey ozone.scm.client.address is deprecated, For configuring different ports for each SCM use PortConfigKey ozone.scm.client.port appended with serviceId and nodeId
2022-09-03 01:13:30,799 [Listener at 127.0.0.1/39677] INFO  ha.SCMNodeInfo (SCMNodeInfo.java:getPort(197)) - ConfigKey ozone.scm.block.client.address is deprecated, For configuring different ports for each SCM use PortConfigKey ozone.scm.block.client.port appended with serviceId and nodeId
2022-09-03 01:13:30,799 [Listener at 127.0.0.1/39677] INFO  ha.SCMNodeInfo (SCMNodeInfo.java:getPort(197)) - ConfigKey ozone.scm.datanode.address is deprecated, For configuring different ports for each SCM use PortConfigKey ozone.scm.datanode.port appended with serviceId and nodeId
2022-09-03 01:13:30,800 [Listener at 127.0.0.1/39677] INFO  proxy.SCMBlockLocationFailoverProxyProvider (SCMBlockLocationFailoverProxyProvider.java:<init>(114)) - Created block location fail-over proxy with 3 nodes: [nodeId=scmNode-2,nodeAddress=/127.0.0.1:40787, nodeId=scmNode-3,nodeAddress=/127.0.0.1:34479, nodeId=scmNode-1,nodeAddress=/127.0.0.1:41665]
2022-09-03 01:13:30,801 [Listener at 127.0.0.1/39677] INFO  ha.SCMNodeInfo (SCMNodeInfo.java:getPort(197)) - ConfigKey ozone.scm.client.address is deprecated, For configuring different ports for each SCM use PortConfigKey ozone.scm.client.port appended with serviceId and nodeId
2022-09-03 01:13:30,801 [Listener at 127.0.0.1/39677] INFO  ha.SCMNodeInfo (SCMNodeInfo.java:getPort(197)) - ConfigKey ozone.scm.block.client.address is deprecated, For configuring different ports for each SCM use PortConfigKey ozone.scm.block.client.port appended with serviceId and nodeId
2022-09-03 01:13:30,801 [Listener at 127.0.0.1/39677] INFO  ha.SCMNodeInfo (SCMNodeInfo.java:getPort(197)) - ConfigKey ozone.scm.datanode.address is deprecated, For configuring different ports for each SCM use PortConfigKey ozone.scm.datanode.port appended with serviceId and nodeId
2022-09-03 01:13:30,801 [Listener at 127.0.0.1/39677] INFO  ha.SCMNodeInfo (SCMNodeInfo.java:getPort(197)) - ConfigKey ozone.scm.client.address is deprecated, For configuring different ports for each SCM use PortConfigKey ozone.scm.client.port appended with serviceId and nodeId
2022-09-03 01:13:30,801 [Listener at 127.0.0.1/39677] INFO  ha.SCMNodeInfo (SCMNodeInfo.java:getPort(197)) - ConfigKey ozone.scm.block.client.address is deprecated, For configuring different ports for each SCM use PortConfigKey ozone.scm.block.client.port appended with serviceId and nodeId
2022-09-03 01:13:30,801 [Listener at 127.0.0.1/39677] INFO  ha.SCMNodeInfo (SCMNodeInfo.java:getPort(197)) - ConfigKey ozone.scm.datanode.address is deprecated, For configuring different ports for each SCM use PortConfigKey ozone.scm.datanode.port appended with serviceId and nodeId
2022-09-03 01:13:30,801 [Listener at 127.0.0.1/39677] INFO  ha.SCMNodeInfo (SCMNodeInfo.java:getPort(197)) - ConfigKey ozone.scm.client.address is deprecated, For configuring different ports for each SCM use PortConfigKey ozone.scm.client.port appended with serviceId and nodeId
2022-09-03 01:13:30,801 [Listener at 127.0.0.1/39677] INFO  ha.SCMNodeInfo (SCMNodeInfo.java:getPort(197)) - ConfigKey ozone.scm.block.client.address is deprecated, For configuring different ports for each SCM use PortConfigKey ozone.scm.block.client.port appended with serviceId and nodeId
2022-09-03 01:13:30,801 [Listener at 127.0.0.1/39677] INFO  ha.SCMNodeInfo (SCMNodeInfo.java:getPort(197)) - ConfigKey ozone.scm.datanode.address is deprecated, For configuring different ports for each SCM use PortConfigKey ozone.scm.datanode.port appended with serviceId and nodeId
2022-09-03 01:13:30,802 [Listener at 127.0.0.1/39677] INFO  proxy.SCMBlockLocationFailoverProxyProvider (SCMBlockLocationFailoverProxyProvider.java:<init>(114)) - Created block location fail-over proxy with 3 nodes: [nodeId=scmNode-2,nodeAddress=/127.0.0.1:40787, nodeId=scmNode-3,nodeAddress=/127.0.0.1:34479, nodeId=scmNode-1,nodeAddress=/127.0.0.1:41665]
2022-09-03 01:13:30,818 [Listener at 127.0.0.1/39677] WARN  server.ServerUtils (ServerUtils.java:getDBPath(225)) - ozone.om.db.dirs is not configured. We recommend adding this setting. Falling back to ozone.metadata.dirs instead.
2022-09-03 01:13:30,819 [Listener at 127.0.0.1/39677] INFO  codec.OmKeyInfoCodec (OmKeyInfoCodec.java:<init>(49)) - OmKeyInfoCodec ignorePipeline = true
2022-09-03 01:13:30,819 [Listener at 127.0.0.1/39677] INFO  codec.RepeatedOmKeyInfoCodec (RepeatedOmKeyInfoCodec.java:<init>(41)) - RepeatedOmKeyInfoCodec ignorePipeline = true
2022-09-03 01:13:31,024 [Listener at 127.0.0.1/39677] INFO  om.OzoneManager (OzoneManager.java:instantiateServices(702)) - S3 Multi-Tenancy is disabled
2022-09-03 01:13:31,025 [Listener at 127.0.0.1/39677] INFO  om.OzoneManager (OzoneManager.java:addS3GVolumeToDB(4307)) - Created Volume s3v With Owner runner required for S3Gateway operations.
2022-09-03 01:13:31,025 [Listener at 127.0.0.1/39677] WARN  server.ServerUtils (ServerUtils.java:getDefaultRatisDirectory(237)) - Storage directory for Ratis is not configured. It is a good idea to map this to an SSD disk. Falling back to ozone.metadata.dirs
2022-09-03 01:13:31,025 [Listener at 127.0.0.1/39677] WARN  utils.OzoneManagerRatisUtils (OzoneManagerRatisUtils.java:getOMRatisSnapshotDirectory(434)) - ozone.om.ratis.snapshot.dir is not configured. Falling back to ozone.metadata.dirs config
2022-09-03 01:13:31,026 [Listener at 127.0.0.1/39677] INFO  snapshot.OzoneManagerSnapshotProvider (OzoneManagerSnapshotProvider.java:<init>(76)) - Initializing OM Snapshot Provider
2022-09-03 01:13:31,027 [Listener at 127.0.0.1/39677] WARN  impl.MetricRegistriesImpl (MetricRegistriesImpl.java:addReporterRegistration(111)) - New reporters are added after registries were created. Some metrics will be missing from the reporter. Please add reporter before adding any new registry.
2022-09-03 01:13:31,027 [Listener at 127.0.0.1/39677] WARN  impl.MetricRegistriesImpl (MetricRegistriesImpl.java:addReporterRegistration(111)) - New reporters are added after registries were created. Some metrics will be missing from the reporter. Please add reporter before adding any new registry.
2022-09-03 01:13:31,027 [Listener at 127.0.0.1/39677] WARN  server.ServerUtils (ServerUtils.java:getDefaultRatisDirectory(237)) - Storage directory for Ratis is not configured. It is a good idea to map this to an SSD disk. Falling back to ozone.metadata.dirs
2022-09-03 01:13:31,028 [Listener at 127.0.0.1/39677] INFO  ratis.OzoneManagerRatisServer (OzoneManagerRatisServer.java:<init>(159)) - Instantiating OM Ratis server with groupID: omServiceId1 and peers: localhost:35059, localhost:33157, localhost:32815
2022-09-03 01:13:31,029 [Listener at 127.0.0.1/39677] INFO  ratis.OzoneManagerStateMachine (OzoneManagerStateMachine.java:loadSnapshotInfoFromDB(632)) - LastAppliedIndex is set from TransactionInfo from OM DB as (t:0, i:~)
2022-09-03 01:13:31,032 [Listener at 127.0.0.1/39677] INFO  server.RaftServer (ConfUtils.java:logGet(46)) - raft.rpc.type = GRPC (default)
2022-09-03 01:13:31,032 [Listener at 127.0.0.1/39677] INFO  grpc.GrpcFactory (GrpcFactory.java:checkPooledByteBufAllocatorUseCacheForAllThreads(48)) - PERFORMANCE WARNING: useCacheForAllThreads is true that may cause Netty to create a lot garbage objects and, as a result, trigger GC.
	It is recommended to disable useCacheForAllThreads by setting -Dorg.apache.ratis.thirdparty.io.netty.allocator.useCacheForAllThreads=false in command line.
2022-09-03 01:13:31,032 [Listener at 127.0.0.1/39677] INFO  grpc.GrpcConfigKeys (ConfUtils.java:logGet(46)) - raft.grpc.admin.port = -1 (default)
2022-09-03 01:13:31,033 [Listener at 127.0.0.1/39677] INFO  grpc.GrpcConfigKeys (ConfUtils.java:logGet(46)) - raft.grpc.server.port = 35059 (custom)
2022-09-03 01:13:31,033 [Listener at 127.0.0.1/39677] INFO  grpc.GrpcConfigKeys (ConfUtils.java:logGet(46)) - raft.grpc.client.port = -1 (default)
2022-09-03 01:13:31,033 [Listener at 127.0.0.1/39677] INFO  grpc.GrpcConfigKeys (ConfUtils.java:logGet(46)) - raft.grpc.server.port = 35059 (custom)
2022-09-03 01:13:31,033 [Listener at 127.0.0.1/39677] INFO  grpc.GrpcConfigKeys (ConfUtils.java:logGet(46)) - raft.grpc.server.port = 35059 (custom)
2022-09-03 01:13:31,033 [Listener at 127.0.0.1/39677] INFO  server.GrpcService (ConfUtils.java:logGet(46)) - raft.grpc.message.size.max = 33554432 (custom)
2022-09-03 01:13:31,033 [Listener at 127.0.0.1/39677] INFO  server.RaftServerConfigKeys (ConfUtils.java:logGet(46)) - raft.server.log.appender.buffer.byte-limit = 33554432 (custom)
2022-09-03 01:13:31,033 [Listener at 127.0.0.1/39677] INFO  server.GrpcService (ConfUtils.java:logGet(46)) - raft.grpc.flow.control.window = 1MB (=1048576) (default)
2022-09-03 01:13:31,033 [Listener at 127.0.0.1/39677] INFO  server.RaftServerConfigKeys (ConfUtils.java:logGet(46)) - raft.server.rpc.request.timeout = 3000ms (default)
2022-09-03 01:13:31,033 [Listener at 127.0.0.1/39677] INFO  grpc.GrpcConfigKeys (ConfUtils.java:logGet(46)) - raft.grpc.server.async.request.thread.pool.cached = true (default)
2022-09-03 01:13:31,034 [Listener at 127.0.0.1/39677] INFO  grpc.GrpcConfigKeys (ConfUtils.java:logGet(46)) - raft.grpc.server.async.request.thread.pool.size = 32 (default)
2022-09-03 01:13:31,035 [Listener at 127.0.0.1/39677] INFO  impl.DataStreamServerImpl (ConfUtils.java:logGet(46)) - raft.datastream.type = DISABLED (default)
2022-09-03 01:13:31,035 [Listener at 127.0.0.1/39677] INFO  server.RaftServerConfigKeys (ConfUtils.java:logGet(46)) - raft.server.threadpool.proxy.cached = true (default)
2022-09-03 01:13:31,035 [Listener at 127.0.0.1/39677] INFO  server.RaftServerConfigKeys (ConfUtils.java:logGet(46)) - raft.server.threadpool.proxy.size = 0 (default)
2022-09-03 01:13:31,035 [Listener at 127.0.0.1/39677] INFO  server.RaftServerConfigKeys (ConfUtils.java:logGet(46)) - raft.server.rpc.slowness.timeout = 2s (custom)
2022-09-03 01:13:31,035 [Listener at 127.0.0.1/39677] INFO  server.RaftServerConfigKeys (ConfUtils.java:logGet(46)) - raft.server.leaderelection.leader.step-down.wait-time = 10s (default)
2022-09-03 01:13:31,035 [Listener at 127.0.0.1/39677] INFO  server.RaftServerConfigKeys (ConfUtils.java:logGet(46)) - raft.server.storage.dir = [/home/runner/work/ozone/ozone/hadoop-ozone/integration-test/target/test-dir/MiniOzoneClusterImpl-b7bb7c95-97ac-4743-8c58-bec42c492c64/omNode-2/ratis] (custom)
2022-09-03 01:13:31,036 [Listener at 127.0.0.1/39677] INFO  server.RaftServer (RaftServerProxy.java:addNew(96)) - omNode-2: addNew group-6C22E66A003A:[omNode-3|rpc:localhost:33157|priority:0, omNode-1|rpc:localhost:32815|priority:0, omNode-2|rpc:localhost:35059|priority:0] returns group-6C22E66A003A:java.util.concurrent.CompletableFuture@1d6c42b4[Not completed]
2022-09-03 01:13:31,036 [Listener at 127.0.0.1/39677] INFO  om.OzoneManager (OzoneManager.java:initializeRatisServer(1968)) - OzoneManager Ratis server initialized at port 35059
2022-09-03 01:13:31,038 [Listener at 127.0.0.1/39677] INFO  om.OzoneManager (OzoneManager.java:getRpcServer(1091)) - Creating RPC Server
2022-09-03 01:13:31,039 [pool-150-thread-1] INFO  server.RaftServer$Division (RaftServerImpl.java:<init>(190)) - omNode-2: new RaftServerImpl for group-6C22E66A003A:[omNode-3|rpc:localhost:33157|priority:0, omNode-1|rpc:localhost:32815|priority:0, omNode-2|rpc:localhost:35059|priority:0] with OzoneManagerStateMachine:uninitialized
2022-09-03 01:13:31,039 [pool-150-thread-1] INFO  server.RaftServerConfigKeys (ConfUtils.java:logGet(46)) - raft.server.rpc.timeout.min = 1s (custom)
2022-09-03 01:13:31,039 [pool-150-thread-1] INFO  server.RaftServerConfigKeys (ConfUtils.java:logGet(46)) - raft.server.rpc.timeout.max = 1200ms (custom)
2022-09-03 01:13:31,039 [pool-150-thread-1] INFO  server.RaftServerConfigKeys (ConfUtils.java:logGet(46)) - raft.server.rpc.sleep.time = 25ms (default)
2022-09-03 01:13:31,040 [pool-150-thread-1] INFO  server.RaftServerConfigKeys (ConfUtils.java:logGet(46)) - raft.server.rpc.slowness.timeout = 2s (custom)
2022-09-03 01:13:31,040 [pool-150-thread-1] INFO  server.RaftServerConfigKeys (ConfUtils.java:logGet(46)) - raft.server.leaderelection.leader.step-down.wait-time = 10s (default)
2022-09-03 01:13:31,040 [pool-150-thread-1] INFO  server.RaftServerConfigKeys (ConfUtils.java:logGet(46)) - raft.server.sleep.deviation.threshold = 300ms (default)
2022-09-03 01:13:31,040 [pool-150-thread-1] INFO  server.RaftServer$Division (ServerState.java:<init>(107)) - omNode-2@group-6C22E66A003A: ConfigurationManager, init=-1: [omNode-3|rpc:localhost:33157|priority:0, omNode-1|rpc:localhost:32815|priority:0, omNode-2|rpc:localhost:35059|priority:0], old=null, confs=<EMPTY_MAP>
2022-09-03 01:13:31,040 [pool-150-thread-1] INFO  server.RaftServerConfigKeys (ConfUtils.java:logGet(46)) - raft.server.storage.dir = [/home/runner/work/ozone/ozone/hadoop-ozone/integration-test/target/test-dir/MiniOzoneClusterImpl-b7bb7c95-97ac-4743-8c58-bec42c492c64/omNode-2/ratis] (custom)
2022-09-03 01:13:31,040 [pool-150-thread-1] INFO  server.RaftServerConfigKeys (ConfUtils.java:logGet(46)) - raft.server.log.corruption.policy = EXCEPTION (default)
2022-09-03 01:13:31,040 [pool-150-thread-1] INFO  server.RaftServerConfigKeys (ConfUtils.java:logGet(46)) - raft.server.storage.free-space.min = 0MB (=0) (default)
2022-09-03 01:13:31,040 [pool-150-thread-1] INFO  storage.RaftStorageDirectory (RaftStorageDirectoryImpl.java:analyzeStorage(135)) - The storage directory /home/runner/work/ozone/ozone/hadoop-ozone/integration-test/target/test-dir/MiniOzoneClusterImpl-b7bb7c95-97ac-4743-8c58-bec42c492c64/omNode-2/ratis/9c9825ce-8ba7-3ee6-a7c3-6c22e66a003a does not exist. Creating ...
2022-09-03 01:13:31,042 [pool-150-thread-1] INFO  storage.RaftStorageDirectory (RaftStorageDirectoryImpl.java:tryLock(230)) - Lock on /home/runner/work/ozone/ozone/hadoop-ozone/integration-test/target/test-dir/MiniOzoneClusterImpl-b7bb7c95-97ac-4743-8c58-bec42c492c64/omNode-2/ratis/9c9825ce-8ba7-3ee6-a7c3-6c22e66a003a/in_use.lock acquired by nodename 24955@fv-az504-37
2022-09-03 01:13:31,044 [pool-150-thread-1] INFO  storage.RaftStorage (RaftStorageImpl.java:format(89)) - Storage directory /home/runner/work/ozone/ozone/hadoop-ozone/integration-test/target/test-dir/MiniOzoneClusterImpl-b7bb7c95-97ac-4743-8c58-bec42c492c64/omNode-2/ratis/9c9825ce-8ba7-3ee6-a7c3-6c22e66a003a has been successfully formatted.
2022-09-03 01:13:31,044 [pool-150-thread-1] INFO  server.RaftServerConfigKeys (ConfUtils.java:logGet(46)) - raft.server.notification.no-leader.timeout = 2s (custom)
2022-09-03 01:13:31,044 [pool-150-thread-1] INFO  server.RaftServerConfigKeys (ConfUtils.java:logGet(46)) - raft.server.log.use.memory = false (default)
2022-09-03 01:13:31,044 [pool-150-thread-1] INFO  server.RaftServerConfigKeys (ConfUtils.java:logGet(46)) - raft.server.log.purge.gap = 1000000 (custom)
2022-09-03 01:13:31,045 [pool-150-thread-1] INFO  server.RaftServerConfigKeys (ConfUtils.java:logGet(46)) - raft.server.log.appender.buffer.byte-limit = 33554432 (custom)
2022-09-03 01:13:31,045 [pool-150-thread-1] INFO  server.RaftServerConfigKeys (ConfUtils.java:logGet(46)) - raft.server.log.statemachine.data.read.timeout = 1000ms (default)
2022-09-03 01:13:31,045 [pool-150-thread-1] INFO  server.RaftServerConfigKeys (ConfUtils.java:logGet(46)) - raft.server.log.segment.size.max = 4194304 (custom)
2022-09-03 01:13:31,045 [pool-150-thread-1] INFO  server.RaftServerConfigKeys (ConfUtils.java:logGet(46)) - raft.server.log.segment.cache.num.max = 2 (custom)
2022-09-03 01:13:31,046 [pool-150-thread-1] INFO  server.RaftServerConfigKeys (ConfUtils.java:logGet(46)) - raft.server.log.segment.cache.size.max = 200MB (=209715200) (default)
2022-09-03 01:13:31,046 [pool-150-thread-1] INFO  segmented.SegmentedRaftLogWorker (SegmentedRaftLogWorker.java:<init>(187)) - new omNode-2@group-6C22E66A003A-SegmentedRaftLogWorker for RaftStorageImpl:Storage Directory /home/runner/work/ozone/ozone/hadoop-ozone/integration-test/target/test-dir/MiniOzoneClusterImpl-b7bb7c95-97ac-4743-8c58-bec42c492c64/omNode-2/ratis/9c9825ce-8ba7-3ee6-a7c3-6c22e66a003a
2022-09-03 01:13:31,046 [pool-150-thread-1] INFO  server.RaftServerConfigKeys (ConfUtils.java:logGet(46)) - raft.server.log.queue.byte-limit = 64MB (=67108864) (default)
2022-09-03 01:13:31,046 [pool-150-thread-1] INFO  server.RaftServerConfigKeys (ConfUtils.java:logGet(46)) - raft.server.log.queue.element-limit = 4096 (default)
2022-09-03 01:13:31,046 [pool-150-thread-1] INFO  server.RaftServerConfigKeys (ConfUtils.java:logGet(46)) - raft.server.log.segment.size.max = 4194304 (custom)
2022-09-03 01:13:31,046 [pool-150-thread-1] INFO  server.RaftServerConfigKeys (ConfUtils.java:logGet(46)) - raft.server.log.preallocated.size = 4194304 (custom)
2022-09-03 01:13:31,046 [pool-150-thread-1] INFO  server.RaftServerConfigKeys (ConfUtils.java:logGet(46)) - raft.server.log.force.sync.num = 128 (default)
2022-09-03 01:13:31,046 [pool-150-thread-1] INFO  server.RaftServerConfigKeys (ConfUtils.java:logGet(46)) - raft.server.log.statemachine.data.sync = true (default)
2022-09-03 01:13:31,046 [pool-150-thread-1] INFO  server.RaftServerConfigKeys (ConfUtils.java:logGet(46)) - raft.server.log.statemachine.data.sync.timeout = 10s (default)
2022-09-03 01:13:31,046 [pool-150-thread-1] INFO  server.RaftServerConfigKeys (ConfUtils.java:logGet(46)) - raft.server.log.statemachine.data.sync.timeout.retry = -1 (default)
2022-09-03 01:13:31,053 [pool-150-thread-1] INFO  server.RaftServerConfigKeys (ConfUtils.java:logGet(46)) - raft.server.log.write.buffer.size = 64KB (=65536) (default)
2022-09-03 01:13:31,053 [pool-150-thread-1] INFO  server.RaftServerConfigKeys (ConfUtils.java:logGet(46)) - raft.server.log.unsafe-flush.enabled = false (default)
2022-09-03 01:13:31,053 [pool-150-thread-1] INFO  server.RaftServerConfigKeys (ConfUtils.java:logGet(46)) - raft.server.log.statemachine.data.caching.enabled = false (default)
2022-09-03 01:13:31,053 [pool-150-thread-1] INFO  segmented.SegmentedRaftLogWorker (SegmentedRaftLogWorker.java:lambda$new$0(135)) - omNode-2@group-6C22E66A003A-SegmentedRaftLogWorker: flushIndex: setUnconditionally 0 -> -1
2022-09-03 01:13:31,054 [pool-150-thread-1] INFO  segmented.SegmentedRaftLogWorker (SegmentedRaftLogWorker.java:lambda$new$0(135)) - omNode-2@group-6C22E66A003A-SegmentedRaftLogWorker: safeCacheEvictIndex: setUnconditionally 0 -> -1
2022-09-03 01:13:31,060 [pool-150-thread-1] INFO  server.RaftServerConfigKeys (ConfUtils.java:logGet(46)) - raft.server.snapshot.auto.trigger.enabled = true (custom)
2022-09-03 01:13:31,060 [pool-150-thread-1] INFO  server.RaftServerConfigKeys (ConfUtils.java:logGet(46)) - raft.server.snapshot.auto.trigger.threshold = 400000 (default)
2022-09-03 01:13:31,060 [pool-150-thread-1] INFO  server.RaftServerConfigKeys (ConfUtils.java:logGet(46)) - raft.server.snapshot.retention.file.num = -1 (default)
2022-09-03 01:13:31,060 [pool-150-thread-1] INFO  server.RaftServerConfigKeys (ConfUtils.java:logGet(46)) - raft.server.log.purge.upto.snapshot.index = true (custom)
2022-09-03 01:13:31,061 [pool-150-thread-1] INFO  server.RaftServerConfigKeys (ConfUtils.java:logGet(46)) - raft.server.retrycache.expirytime = 300s (custom)
2022-09-03 01:13:31,061 [pool-150-thread-1] INFO  server.RaftServerConfigKeys (ConfUtils.java:logGet(46)) - raft.server.retrycache.statistics.expirytime = 100μs (default)
2022-09-03 01:13:31,062 [pool-150-thread-1] INFO  server.RaftServerConfigKeys (ConfUtils.java:logGet(46)) - raft.server.log.appender.install.snapshot.enabled = false (custom)
2022-09-03 01:13:31,062 [pool-150-thread-1] INFO  server.RaftServerConfigKeys (ConfUtils.java:logGet(46)) - raft.server.threadpool.server.cached = true (default)
2022-09-03 01:13:31,062 [pool-150-thread-1] INFO  server.RaftServerConfigKeys (ConfUtils.java:logGet(46)) - raft.server.threadpool.server.size = 0 (default)
2022-09-03 01:13:31,062 [pool-150-thread-1] INFO  server.RaftServerConfigKeys (ConfUtils.java:logGet(46)) - raft.server.threadpool.client.cached = true (default)
2022-09-03 01:13:31,074 [pool-150-thread-1] INFO  server.RaftServerConfigKeys (ConfUtils.java:logGet(46)) - raft.server.threadpool.client.size = 0 (default)
2022-09-03 01:13:31,670 [omNode-1@group-6C22E66A003A-FollowerState] INFO  impl.FollowerState (FollowerState.java:run(143)) - omNode-1@group-6C22E66A003A-FollowerState: change to CANDIDATE, lastRpcElapsedTime:1073242104ns, electionTimeout:1072ms
2022-09-03 01:13:31,670 [omNode-1@group-6C22E66A003A-FollowerState] INFO  impl.RoleInfo (RoleInfo.java:shutdownFollowerState(110)) - omNode-1: shutdown omNode-1@group-6C22E66A003A-FollowerState
2022-09-03 01:13:31,671 [omNode-1@group-6C22E66A003A-FollowerState] INFO  server.RaftServer$Division (RaftServerImpl.java:setRole(299)) - omNode-1@group-6C22E66A003A: changes role from  FOLLOWER to CANDIDATE at term 0 for changeToCandidate
2022-09-03 01:13:31,674 [omNode-1@group-6C22E66A003A-FollowerState] INFO  server.RaftServerConfigKeys (ConfUtils.java:logGet(46)) - raft.server.leaderelection.pre-vote = false (custom)
2022-09-03 01:13:31,674 [omNode-1@group-6C22E66A003A-FollowerState] INFO  impl.RoleInfo (RoleInfo.java:updateAndGet(139)) - omNode-1: start omNode-1@group-6C22E66A003A-LeaderElection3
2022-09-03 01:13:31,680 [omNode-1@group-6C22E66A003A-LeaderElection3] INFO  impl.LeaderElection (LeaderElection.java:askForVotes(310)) - omNode-1@group-6C22E66A003A-LeaderElection3 ELECTION round 0: submit vote requests at term 1 for -1: [omNode-3|rpc:localhost:33157|priority:0, omNode-1|rpc:localhost:32815|priority:0, omNode-2|rpc:localhost:35059|priority:0], old=null
2022-09-03 01:13:31,697 [Listener at 127.0.0.1/39677] INFO  reflections.Reflections (Reflections.java:scan(232)) - Reflections took 650 ms to scan 19 urls, producing 67 keys and 4161 values [using 2 cores]
2022-09-03 01:13:31,698 [Listener at 127.0.0.1/39677] INFO  ipc.CallQueueManager (CallQueueManager.java:<init>(90)) - Using callQueue: class java.util.concurrent.LinkedBlockingQueue, queueCapacity: 2000, scheduler: class org.apache.hadoop.ipc.DefaultRpcScheduler, ipcBackoff: false.
2022-09-03 01:13:31,701 [Socket Reader #1 for port 45463] INFO  ipc.Server (Server.java:run(1265)) - Starting Socket Reader #1 for port 45463
2022-09-03 01:13:31,718 [omNode-1@group-6C22E66A003A-LeaderElection3] INFO  impl.LeaderElection (LogUtils.java:infoOrTrace(137)) - omNode-1@group-6C22E66A003A-LeaderElection3 got exception when requesting votes: java.util.concurrent.ExecutionException: org.apache.ratis.thirdparty.io.grpc.StatusRuntimeException: UNAVAILABLE: io exception
2022-09-03 01:13:31,728 [omNode-1@group-6C22E66A003A-LeaderElection3] INFO  impl.LeaderElection (LogUtils.java:infoOrTrace(137)) - omNode-1@group-6C22E66A003A-LeaderElection3 got exception when requesting votes: java.util.concurrent.ExecutionException: org.apache.ratis.thirdparty.io.grpc.StatusRuntimeException: UNAVAILABLE: io exception
2022-09-03 01:13:31,728 [omNode-1@group-6C22E66A003A-LeaderElection3] INFO  impl.LeaderElection (LeaderElection.java:logAndReturn(90)) - omNode-1@group-6C22E66A003A-LeaderElection3: ELECTION REJECTED received 0 response(s) and 2 exception(s):
2022-09-03 01:13:31,729 [omNode-1@group-6C22E66A003A-LeaderElection3] INFO  impl.LeaderElection (LogUtils.java:infoOrTrace(137)) -   Exception 0: java.util.concurrent.ExecutionException: org.apache.ratis.thirdparty.io.grpc.StatusRuntimeException: UNAVAILABLE: io exception
2022-09-03 01:13:31,729 [omNode-1@group-6C22E66A003A-LeaderElection3] INFO  impl.LeaderElection (LogUtils.java:infoOrTrace(137)) -   Exception 1: java.util.concurrent.ExecutionException: org.apache.ratis.thirdparty.io.grpc.StatusRuntimeException: UNAVAILABLE: io exception
2022-09-03 01:13:31,729 [omNode-1@group-6C22E66A003A-LeaderElection3] INFO  impl.LeaderElection (LeaderElection.java:askForVotes(312)) - omNode-1@group-6C22E66A003A-LeaderElection3 ELECTION round 0: result REJECTED
2022-09-03 01:13:31,729 [omNode-1@group-6C22E66A003A-LeaderElection3] INFO  server.RaftServer$Division (RaftServerImpl.java:setRole(299)) - omNode-1@group-6C22E66A003A: changes role from CANDIDATE to FOLLOWER at term 1 for REJECTED
2022-09-03 01:13:31,729 [omNode-1@group-6C22E66A003A-LeaderElection3] INFO  impl.RoleInfo (RoleInfo.java:shutdownLeaderElection(130)) - omNode-1: shutdown omNode-1@group-6C22E66A003A-LeaderElection3
2022-09-03 01:13:31,729 [omNode-1@group-6C22E66A003A-LeaderElection3] INFO  impl.RoleInfo (RoleInfo.java:updateAndGet(139)) - omNode-1: start omNode-1@group-6C22E66A003A-FollowerState
2022-09-03 01:13:31,735 [Listener at 127.0.0.1/45463] INFO  impl.MetricsSystemImpl (MetricsSystemImpl.java:init(158)) - OzoneManager metrics system started (again)
2022-09-03 01:13:31,745 [Listener at 127.0.0.1/45463] INFO  om.OzoneManager (OzoneManager.java:start(1475)) - OzoneManager RPC server is listening at localhost/127.0.0.1:45463
2022-09-03 01:13:31,745 [Listener at 127.0.0.1/45463] INFO  ratis.OzoneManagerRatisServer (OzoneManagerRatisServer.java:start(554)) - Starting OzoneManagerRatisServer omNode-2 at port 35059
2022-09-03 01:13:31,745 [omNode-2-impl-thread1] INFO  server.RaftServer$Division (RaftServerImpl.java:start(310)) - omNode-2@group-6C22E66A003A: start as a follower, conf=-1: [omNode-3|rpc:localhost:33157|priority:0, omNode-1|rpc:localhost:32815|priority:0, omNode-2|rpc:localhost:35059|priority:0], old=null
2022-09-03 01:13:31,745 [omNode-2-impl-thread1] INFO  server.RaftServer$Division (RaftServerImpl.java:setRole(299)) - omNode-2@group-6C22E66A003A: changes role from      null to FOLLOWER at term 0 for startAsFollower
2022-09-03 01:13:31,745 [omNode-2-impl-thread1] INFO  impl.RoleInfo (RoleInfo.java:updateAndGet(139)) - omNode-2: start omNode-2@group-6C22E66A003A-FollowerState
2022-09-03 01:13:31,745 [omNode-2-impl-thread1] INFO  util.JmxRegister (JmxRegister.java:tryRegister(44)) - Successfully registered JMX Bean with object name Ratis:service=RaftServer,group=group-6C22E66A003A,id=omNode-2
2022-09-03 01:13:31,749 [Listener at 127.0.0.1/45463] INFO  server.RaftServer (RaftServerProxy.java:lambda$start$6(382)) - omNode-2: start RPC server
2022-09-03 01:13:31,751 [Listener at 127.0.0.1/45463] INFO  server.GrpcService (GrpcService.java:startImpl(260)) - omNode-2: GrpcService started, listening on 35059
2022-09-03 01:13:31,751 [Listener at 127.0.0.1/45463] INFO  om.OzoneManager (OzoneManager.java:start(1491)) - Version File has different layout version (3) than OM DB (null). That is expected if this OM has never been finalized to a newer layout version.
2022-09-03 01:13:31,752 [org.apache.ratis.util.JvmPauseMonitor$$Lambda$519/503118660@1a922768] INFO  util.JvmPauseMonitor (JvmPauseMonitor.java:run(103)) - JvmPauseMonitor-omNode-2: Started
2022-09-03 01:13:31,753 [Listener at 127.0.0.1/45463] INFO  http.BaseHttpServer (BaseHttpServer.java:newHttpServer2BuilderForOzone(213)) - Starting Web-server for ozoneManager at: http://0.0.0.0:41415
2022-09-03 01:13:31,753 [Listener at 127.0.0.1/45463] INFO  http.BaseHttpServer (BaseHttpServer.java:<init>(108)) - Hadoop Security Enabled: false Ozone Security Enabled: false Ozone HTTP Security Enabled: false 
2022-09-03 01:13:31,755 [Listener at 127.0.0.1/45463] INFO  server.AuthenticationFilter (AuthenticationFilter.java:constructSecretProvider(240)) - Unable to initialize FileSignerSecretProvider, falling back to use random secrets.
2022-09-03 01:13:31,762 [Listener at 127.0.0.1/45463] WARN  http.HttpRequestLog (HttpRequestLog.java:getRequestLog(103)) - Jetty request log can only be enabled using Log4j
2022-09-03 01:13:31,764 [Listener at 127.0.0.1/45463] INFO  http.HttpServer2 (HttpServer2.java:addGlobalFilter(1029)) - Added global filter 'safety' (class=org.apache.hadoop.hdds.server.http.HttpServer2$QuotingInputFilter)
2022-09-03 01:13:31,764 [Listener at 127.0.0.1/45463] INFO  http.HttpServer2 (HttpServer2.java:addFilter(1005)) - Added filter static_user_filter (class=org.apache.hadoop.http.lib.StaticUserWebFilter$StaticUserFilter) to context ozoneManager
2022-09-03 01:13:31,765 [Listener at 127.0.0.1/45463] INFO  http.HttpServer2 (HttpServer2.java:addFilter(1013)) - Added filter static_user_filter (class=org.apache.hadoop.http.lib.StaticUserWebFilter$StaticUserFilter) to context static
2022-09-03 01:13:31,765 [Listener at 127.0.0.1/45463] INFO  http.HttpServer2 (HttpServer2.java:addFilter(1013)) - Added filter static_user_filter (class=org.apache.hadoop.http.lib.StaticUserWebFilter$StaticUserFilter) to context logs
2022-09-03 01:13:31,766 [Listener at 127.0.0.1/45463] INFO  http.HttpServer2 (HttpServer2.java:bindListener(1248)) - Jetty bound to port 41415
2022-09-03 01:13:31,766 [Listener at 127.0.0.1/45463] INFO  server.Server (Server.java:doStart(375)) - jetty-9.4.43.v20210629; built: 2021-06-30T11:07:22.254Z; git: 526006ecfa3af7f1a27ef3a288e2bef7ea9dd7e8; jvm 1.8.0_345-b01
2022-09-03 01:13:31,768 [Listener at 127.0.0.1/45463] INFO  server.session (DefaultSessionIdManager.java:doStart(334)) - DefaultSessionIdManager workerName=node0
2022-09-03 01:13:31,768 [Listener at 127.0.0.1/45463] INFO  server.session (DefaultSessionIdManager.java:doStart(339)) - No SessionScavenger set, using defaults
2022-09-03 01:13:31,768 [Listener at 127.0.0.1/45463] INFO  server.session (HouseKeeper.java:startScavenging(132)) - node0 Scavenging every 660000ms
2022-09-03 01:13:31,769 [Listener at 127.0.0.1/45463] INFO  handler.ContextHandler (ContextHandler.java:doStart(915)) - Started o.e.j.s.ServletContextHandler@1ae3e30c{logs,/logs,file:///home/runner/work/ozone/ozone/hadoop-ozone/integration-test/target/log,AVAILABLE}
2022-09-03 01:13:31,769 [Listener at 127.0.0.1/45463] INFO  handler.ContextHandler (ContextHandler.java:doStart(915)) - Started o.e.j.s.ServletContextHandler@544ade6b{static,/static,file:///home/runner/work/ozone/ozone/hadoop-ozone/integration-test/target/test-classes/webapps/static,AVAILABLE}
2022-09-03 01:13:31,774 [Listener at 127.0.0.1/45463] INFO  handler.ContextHandler (ContextHandler.java:doStart(915)) - Started o.e.j.w.WebAppContext@35c7a56b{ozoneManager,/,file:///home/runner/work/ozone/ozone/hadoop-ozone/integration-test/target/test-classes/webapps/ozoneManager/,AVAILABLE}{file:/home/runner/work/ozone/ozone/hadoop-ozone/integration-test/target/test-classes/webapps/ozoneManager}
2022-09-03 01:13:31,777 [Listener at 127.0.0.1/45463] INFO  server.AbstractConnector (AbstractConnector.java:doStart(331)) - Started ServerConnector@42c5c58c{HTTP/1.1, (http/1.1)}{0.0.0.0:41415}
2022-09-03 01:13:31,777 [Listener at 127.0.0.1/45463] INFO  server.Server (Server.java:doStart(415)) - Started @25805ms
2022-09-03 01:13:31,778 [Listener at 127.0.0.1/45463] WARN  impl.MetricsSystemImpl (MetricsSystemImpl.java:register(279)) - Sink prometheus already exists!
2022-09-03 01:13:31,778 [Listener at 127.0.0.1/45463] INFO  http.BaseHttpServer (BaseHttpServer.java:updateConnectorAddress(333)) - HTTP server of ozoneManager listening at http://0.0.0.0:41415
2022-09-03 01:13:31,778 [IPC Server Responder] INFO  ipc.Server (Server.java:run(1507)) - IPC Server Responder: starting
2022-09-03 01:13:31,781 [IPC Server listener on 45463] INFO  ipc.Server (Server.java:run(1344)) - IPC Server listener on 45463: starting
2022-09-03 01:13:31,783 [Listener at 127.0.0.1/45463] INFO  om.OzoneManager (OzoneManager.java:startTrashEmptier(1912)) - Trash Interval set to 0. Files deleted won't move to trash
2022-09-03 01:13:31,787 [Listener at 127.0.0.1/45463] INFO  ozone.MiniOzoneHAClusterImpl (MiniOzoneHAClusterImpl.java:createOMService(527)) - Started OzoneManager omNode-2 RPC server at localhost/127.0.0.1:45463
2022-09-03 01:13:31,788 [Listener at 127.0.0.1/45463] INFO  ha.OMHANodeDetails (OMHANodeDetails.java:loadOMHAConfig(121)) - ServiceID for OzoneManager is omServiceId1
2022-09-03 01:13:31,788 [org.apache.hadoop.util.JvmPauseMonitor$Monitor@2d725e85] INFO  util.JvmPauseMonitor (JvmPauseMonitor.java:run(188)) - Starting JVM pause monitor
2022-09-03 01:13:31,789 [Listener at 127.0.0.1/45463] INFO  ha.OMHANodeDetails (OMHANodeDetails.java:loadOMHAConfig(201)) - Found matching OM address with OMServiceId: omServiceId1, OMNodeId: omNode-3, RPC Address: localhost:44253 and Ratis port: 33157
2022-09-03 01:13:31,789 [Listener at 127.0.0.1/45463] INFO  ha.OMHANodeDetails (ConfUtils.java:setNodeSpecificConfigs(97)) - Setting configuration key ozone.om.http-address with value of key ozone.om.http-address.omServiceId1.omNode-3: 127.0.0.1:36967
2022-09-03 01:13:31,789 [Listener at 127.0.0.1/45463] INFO  ha.OMHANodeDetails (ConfUtils.java:setNodeSpecificConfigs(97)) - Setting configuration key ozone.om.https-address with value of key ozone.om.https-address.omServiceId1.omNode-3: 127.0.0.1:37405
2022-09-03 01:13:31,789 [Listener at 127.0.0.1/45463] INFO  ha.OMHANodeDetails (ConfUtils.java:setNodeSpecificConfigs(97)) - Setting configuration key ozone.om.address with value of key ozone.om.address.omServiceId1.omNode-3: 127.0.0.1:44253
2022-09-03 01:13:31,789 [Listener at 127.0.0.1/45463] WARN  server.ServerUtils (ServerUtils.java:getDBPath(225)) - ozone.om.db.dirs is not configured. We recommend adding this setting. Falling back to ozone.metadata.dirs instead.
2022-09-03 01:13:31,790 [Listener at 127.0.0.1/45463] INFO  ha.SCMNodeInfo (SCMNodeInfo.java:getPort(197)) - ConfigKey ozone.scm.client.address is deprecated, For configuring different ports for each SCM use PortConfigKey ozone.scm.client.port appended with serviceId and nodeId
2022-09-03 01:13:31,790 [Listener at 127.0.0.1/45463] INFO  ha.SCMNodeInfo (SCMNodeInfo.java:getPort(197)) - ConfigKey ozone.scm.block.client.address is deprecated, For configuring different ports for each SCM use PortConfigKey ozone.scm.block.client.port appended with serviceId and nodeId
2022-09-03 01:13:31,790 [Listener at 127.0.0.1/45463] INFO  ha.SCMNodeInfo (SCMNodeInfo.java:getPort(197)) - ConfigKey ozone.scm.datanode.address is deprecated, For configuring different ports for each SCM use PortConfigKey ozone.scm.datanode.port appended with serviceId and nodeId
2022-09-03 01:13:31,790 [Listener at 127.0.0.1/45463] INFO  ha.SCMNodeInfo (SCMNodeInfo.java:getPort(197)) - ConfigKey ozone.scm.client.address is deprecated, For configuring different ports for each SCM use PortConfigKey ozone.scm.client.port appended with serviceId and nodeId
2022-09-03 01:13:31,790 [Listener at 127.0.0.1/45463] INFO  ha.SCMNodeInfo (SCMNodeInfo.java:getPort(197)) - ConfigKey ozone.scm.block.client.address is deprecated, For configuring different ports for each SCM use PortConfigKey ozone.scm.block.client.port appended with serviceId and nodeId
2022-09-03 01:13:31,790 [Listener at 127.0.0.1/45463] INFO  ha.SCMNodeInfo (SCMNodeInfo.java:getPort(197)) - ConfigKey ozone.scm.datanode.address is deprecated, For configuring different ports for each SCM use PortConfigKey ozone.scm.datanode.port appended with serviceId and nodeId
2022-09-03 01:13:31,790 [Listener at 127.0.0.1/45463] INFO  ha.SCMNodeInfo (SCMNodeInfo.java:getPort(197)) - ConfigKey ozone.scm.client.address is deprecated, For configuring different ports for each SCM use PortConfigKey ozone.scm.client.port appended with serviceId and nodeId
2022-09-03 01:13:31,791 [Listener at 127.0.0.1/45463] INFO  ha.SCMNodeInfo (SCMNodeInfo.java:getPort(197)) - ConfigKey ozone.scm.block.client.address is deprecated, For configuring different ports for each SCM use PortConfigKey ozone.scm.block.client.port appended with serviceId and nodeId
2022-09-03 01:13:31,791 [Listener at 127.0.0.1/45463] INFO  ha.SCMNodeInfo (SCMNodeInfo.java:getPort(197)) - ConfigKey ozone.scm.datanode.address is deprecated, For configuring different ports for each SCM use PortConfigKey ozone.scm.datanode.port appended with serviceId and nodeId
2022-09-03 01:13:31,791 [Listener at 127.0.0.1/45463] INFO  proxy.SCMBlockLocationFailoverProxyProvider (SCMBlockLocationFailoverProxyProvider.java:<init>(114)) - Created block location fail-over proxy with 3 nodes: [nodeId=scmNode-2,nodeAddress=/127.0.0.1:40787, nodeId=scmNode-3,nodeAddress=/127.0.0.1:34479, nodeId=scmNode-1,nodeAddress=/127.0.0.1:41665]
OM initialization succeeded.Current cluster id for sd=/home/runner/work/ozone/ozone/hadoop-ozone/integration-test/target/test-dir/MiniOzoneClusterImpl-b7bb7c95-97ac-4743-8c58-bec42c492c64/omNode-3/om;cid=b7bb7c95-97ac-4743-8c58-bec42c492c64;layoutVersion=3
2022-09-03 01:13:31,797 [Listener at 127.0.0.1/45463] INFO  ha.OMHANodeDetails (OMHANodeDetails.java:loadOMHAConfig(121)) - ServiceID for OzoneManager is omServiceId1
2022-09-03 01:13:31,797 [Listener at 127.0.0.1/45463] INFO  ha.OMHANodeDetails (OMHANodeDetails.java:loadOMHAConfig(201)) - Found matching OM address with OMServiceId: omServiceId1, OMNodeId: omNode-3, RPC Address: localhost:44253 and Ratis port: 33157
2022-09-03 01:13:31,797 [Listener at 127.0.0.1/45463] INFO  ha.OMHANodeDetails (ConfUtils.java:setNodeSpecificConfigs(97)) - Setting configuration key ozone.om.http-address with value of key ozone.om.http-address.omServiceId1.omNode-3: 127.0.0.1:36967
2022-09-03 01:13:31,797 [Listener at 127.0.0.1/45463] INFO  ha.OMHANodeDetails (ConfUtils.java:setNodeSpecificConfigs(97)) - Setting configuration key ozone.om.https-address with value of key ozone.om.https-address.omServiceId1.omNode-3: 127.0.0.1:37405
2022-09-03 01:13:31,797 [Listener at 127.0.0.1/45463] INFO  ha.OMHANodeDetails (ConfUtils.java:setNodeSpecificConfigs(97)) - Setting configuration key ozone.om.address with value of key ozone.om.address.omServiceId1.omNode-3: 127.0.0.1:44253
2022-09-03 01:13:31,797 [Listener at 127.0.0.1/45463] WARN  server.ServerUtils (ServerUtils.java:getDBPath(225)) - ozone.om.db.dirs is not configured. We recommend adding this setting. Falling back to ozone.metadata.dirs instead.
2022-09-03 01:13:31,798 [Listener at 127.0.0.1/45463] INFO  upgrade.AbstractLayoutVersionManager (AbstractLayoutVersionManager.java:init(83)) - Initializing Layout version manager with metadata layout = MULTITENANCY_SCHEMA (version = 3), software layout = MULTITENANCY_SCHEMA (version = 3)
2022-09-03 01:13:31,864 [Listener at 127.0.0.1/45463] INFO  reflections.Reflections (Reflections.java:scan(232)) - Reflections took 65 ms to scan 2 urls, producing 153 keys and 427 values [using 2 cores]
2022-09-03 01:13:31,864 [Listener at 127.0.0.1/45463] INFO  upgrade.OMLayoutVersionManager (OMLayoutVersionManager.java:lambda$0(115)) - Skipping Upgrade Action MockOmUpgradeAction since it has been finalized.
2022-09-03 01:13:31,865 [Listener at 127.0.0.1/45463] WARN  server.ServerUtils (ServerUtils.java:getDBPath(225)) - ozone.om.db.dirs is not configured. We recommend adding this setting. Falling back to ozone.metadata.dirs instead.
2022-09-03 01:13:31,865 [Listener at 127.0.0.1/45463] INFO  ha.SCMNodeInfo (SCMNodeInfo.java:getPort(197)) - ConfigKey ozone.scm.client.address is deprecated, For configuring different ports for each SCM use PortConfigKey ozone.scm.client.port appended with serviceId and nodeId
2022-09-03 01:13:31,865 [Listener at 127.0.0.1/45463] INFO  ha.SCMNodeInfo (SCMNodeInfo.java:getPort(197)) - ConfigKey ozone.scm.block.client.address is deprecated, For configuring different ports for each SCM use PortConfigKey ozone.scm.block.client.port appended with serviceId and nodeId
2022-09-03 01:13:31,866 [Listener at 127.0.0.1/45463] INFO  ha.SCMNodeInfo (SCMNodeInfo.java:getPort(197)) - ConfigKey ozone.scm.datanode.address is deprecated, For configuring different ports for each SCM use PortConfigKey ozone.scm.datanode.port appended with serviceId and nodeId
2022-09-03 01:13:31,866 [Listener at 127.0.0.1/45463] INFO  ha.SCMNodeInfo (SCMNodeInfo.java:getPort(197)) - ConfigKey ozone.scm.client.address is deprecated, For configuring different ports for each SCM use PortConfigKey ozone.scm.client.port appended with serviceId and nodeId
2022-09-03 01:13:31,866 [Listener at 127.0.0.1/45463] INFO  ha.SCMNodeInfo (SCMNodeInfo.java:getPort(197)) - ConfigKey ozone.scm.block.client.address is deprecated, For configuring different ports for each SCM use PortConfigKey ozone.scm.block.client.port appended with serviceId and nodeId
2022-09-03 01:13:31,866 [Listener at 127.0.0.1/45463] INFO  ha.SCMNodeInfo (SCMNodeInfo.java:getPort(197)) - ConfigKey ozone.scm.datanode.address is deprecated, For configuring different ports for each SCM use PortConfigKey ozone.scm.datanode.port appended with serviceId and nodeId
2022-09-03 01:13:31,866 [Listener at 127.0.0.1/45463] INFO  ha.SCMNodeInfo (SCMNodeInfo.java:getPort(197)) - ConfigKey ozone.scm.client.address is deprecated, For configuring different ports for each SCM use PortConfigKey ozone.scm.client.port appended with serviceId and nodeId
2022-09-03 01:13:31,866 [Listener at 127.0.0.1/45463] INFO  ha.SCMNodeInfo (SCMNodeInfo.java:getPort(197)) - ConfigKey ozone.scm.block.client.address is deprecated, For configuring different ports for each SCM use PortConfigKey ozone.scm.block.client.port appended with serviceId and nodeId
2022-09-03 01:13:31,866 [Listener at 127.0.0.1/45463] INFO  ha.SCMNodeInfo (SCMNodeInfo.java:getPort(197)) - ConfigKey ozone.scm.datanode.address is deprecated, For configuring different ports for each SCM use PortConfigKey ozone.scm.datanode.port appended with serviceId and nodeId
2022-09-03 01:13:31,867 [Listener at 127.0.0.1/45463] INFO  ha.SCMNodeInfo (SCMNodeInfo.java:getPort(197)) - ConfigKey ozone.scm.client.address is deprecated, For configuring different ports for each SCM use PortConfigKey ozone.scm.client.port appended with serviceId and nodeId
2022-09-03 01:13:31,867 [Listener at 127.0.0.1/45463] INFO  ha.SCMNodeInfo (SCMNodeInfo.java:getPort(197)) - ConfigKey ozone.scm.block.client.address is deprecated, For configuring different ports for each SCM use PortConfigKey ozone.scm.block.client.port appended with serviceId and nodeId
2022-09-03 01:13:31,867 [Listener at 127.0.0.1/45463] INFO  ha.SCMNodeInfo (SCMNodeInfo.java:getPort(197)) - ConfigKey ozone.scm.datanode.address is deprecated, For configuring different ports for each SCM use PortConfigKey ozone.scm.datanode.port appended with serviceId and nodeId
2022-09-03 01:13:31,867 [Listener at 127.0.0.1/45463] INFO  ha.SCMNodeInfo (SCMNodeInfo.java:getPort(197)) - ConfigKey ozone.scm.client.address is deprecated, For configuring different ports for each SCM use PortConfigKey ozone.scm.client.port appended with serviceId and nodeId
2022-09-03 01:13:31,867 [Listener at 127.0.0.1/45463] INFO  ha.SCMNodeInfo (SCMNodeInfo.java:getPort(197)) - ConfigKey ozone.scm.block.client.address is deprecated, For configuring different ports for each SCM use PortConfigKey ozone.scm.block.client.port appended with serviceId and nodeId
2022-09-03 01:13:31,867 [Listener at 127.0.0.1/45463] INFO  ha.SCMNodeInfo (SCMNodeInfo.java:getPort(197)) - ConfigKey ozone.scm.datanode.address is deprecated, For configuring different ports for each SCM use PortConfigKey ozone.scm.datanode.port appended with serviceId and nodeId
2022-09-03 01:13:31,867 [Listener at 127.0.0.1/45463] INFO  ha.SCMNodeInfo (SCMNodeInfo.java:getPort(197)) - ConfigKey ozone.scm.client.address is deprecated, For configuring different ports for each SCM use PortConfigKey ozone.scm.client.port appended with serviceId and nodeId
2022-09-03 01:13:31,867 [Listener at 127.0.0.1/45463] INFO  ha.SCMNodeInfo (SCMNodeInfo.java:getPort(197)) - ConfigKey ozone.scm.block.client.address is deprecated, For configuring different ports for each SCM use PortConfigKey ozone.scm.block.client.port appended with serviceId and nodeId
2022-09-03 01:13:31,867 [Listener at 127.0.0.1/45463] INFO  ha.SCMNodeInfo (SCMNodeInfo.java:getPort(197)) - ConfigKey ozone.scm.datanode.address is deprecated, For configuring different ports for each SCM use PortConfigKey ozone.scm.datanode.port appended with serviceId and nodeId
2022-09-03 01:13:31,867 [Listener at 127.0.0.1/45463] INFO  proxy.SCMBlockLocationFailoverProxyProvider (SCMBlockLocationFailoverProxyProvider.java:<init>(114)) - Created block location fail-over proxy with 3 nodes: [nodeId=scmNode-2,nodeAddress=/127.0.0.1:40787, nodeId=scmNode-3,nodeAddress=/127.0.0.1:34479, nodeId=scmNode-1,nodeAddress=/127.0.0.1:41665]
2022-09-03 01:13:31,869 [Listener at 127.0.0.1/45463] INFO  ha.SCMNodeInfo (SCMNodeInfo.java:getPort(197)) - ConfigKey ozone.scm.client.address is deprecated, For configuring different ports for each SCM use PortConfigKey ozone.scm.client.port appended with serviceId and nodeId
2022-09-03 01:13:31,869 [Listener at 127.0.0.1/45463] INFO  ha.SCMNodeInfo (SCMNodeInfo.java:getPort(197)) - ConfigKey ozone.scm.block.client.address is deprecated, For configuring different ports for each SCM use PortConfigKey ozone.scm.block.client.port appended with serviceId and nodeId
2022-09-03 01:13:31,869 [Listener at 127.0.0.1/45463] INFO  ha.SCMNodeInfo (SCMNodeInfo.java:getPort(197)) - ConfigKey ozone.scm.datanode.address is deprecated, For configuring different ports for each SCM use PortConfigKey ozone.scm.datanode.port appended with serviceId and nodeId
2022-09-03 01:13:31,869 [Listener at 127.0.0.1/45463] INFO  ha.SCMNodeInfo (SCMNodeInfo.java:getPort(197)) - ConfigKey ozone.scm.client.address is deprecated, For configuring different ports for each SCM use PortConfigKey ozone.scm.client.port appended with serviceId and nodeId
2022-09-03 01:13:31,869 [Listener at 127.0.0.1/45463] INFO  ha.SCMNodeInfo (SCMNodeInfo.java:getPort(197)) - ConfigKey ozone.scm.block.client.address is deprecated, For configuring different ports for each SCM use PortConfigKey ozone.scm.block.client.port appended with serviceId and nodeId
2022-09-03 01:13:31,869 [Listener at 127.0.0.1/45463] INFO  ha.SCMNodeInfo (SCMNodeInfo.java:getPort(197)) - ConfigKey ozone.scm.datanode.address is deprecated, For configuring different ports for each SCM use PortConfigKey ozone.scm.datanode.port appended with serviceId and nodeId
2022-09-03 01:13:31,869 [Listener at 127.0.0.1/45463] INFO  ha.SCMNodeInfo (SCMNodeInfo.java:getPort(197)) - ConfigKey ozone.scm.client.address is deprecated, For configuring different ports for each SCM use PortConfigKey ozone.scm.client.port appended with serviceId and nodeId
2022-09-03 01:13:31,869 [Listener at 127.0.0.1/45463] INFO  ha.SCMNodeInfo (SCMNodeInfo.java:getPort(197)) - ConfigKey ozone.scm.block.client.address is deprecated, For configuring different ports for each SCM use PortConfigKey ozone.scm.block.client.port appended with serviceId and nodeId
2022-09-03 01:13:31,869 [Listener at 127.0.0.1/45463] INFO  ha.SCMNodeInfo (SCMNodeInfo.java:getPort(197)) - ConfigKey ozone.scm.datanode.address is deprecated, For configuring different ports for each SCM use PortConfigKey ozone.scm.datanode.port appended with serviceId and nodeId
2022-09-03 01:13:31,870 [Listener at 127.0.0.1/45463] INFO  proxy.SCMBlockLocationFailoverProxyProvider (SCMBlockLocationFailoverProxyProvider.java:<init>(114)) - Created block location fail-over proxy with 3 nodes: [nodeId=scmNode-2,nodeAddress=/127.0.0.1:40787, nodeId=scmNode-3,nodeAddress=/127.0.0.1:34479, nodeId=scmNode-1,nodeAddress=/127.0.0.1:41665]
2022-09-03 01:13:31,878 [Listener at 127.0.0.1/45463] WARN  server.ServerUtils (ServerUtils.java:getDBPath(225)) - ozone.om.db.dirs is not configured. We recommend adding this setting. Falling back to ozone.metadata.dirs instead.
2022-09-03 01:13:31,879 [Listener at 127.0.0.1/45463] INFO  codec.OmKeyInfoCodec (OmKeyInfoCodec.java:<init>(49)) - OmKeyInfoCodec ignorePipeline = true
2022-09-03 01:13:31,879 [Listener at 127.0.0.1/45463] INFO  codec.RepeatedOmKeyInfoCodec (RepeatedOmKeyInfoCodec.java:<init>(41)) - RepeatedOmKeyInfoCodec ignorePipeline = true
2022-09-03 01:13:32,041 [Listener at 127.0.0.1/45463] INFO  om.OzoneManager (OzoneManager.java:instantiateServices(702)) - S3 Multi-Tenancy is disabled
2022-09-03 01:13:32,043 [Listener at 127.0.0.1/45463] INFO  om.OzoneManager (OzoneManager.java:addS3GVolumeToDB(4307)) - Created Volume s3v With Owner runner required for S3Gateway operations.
2022-09-03 01:13:32,043 [Listener at 127.0.0.1/45463] WARN  server.ServerUtils (ServerUtils.java:getDefaultRatisDirectory(237)) - Storage directory for Ratis is not configured. It is a good idea to map this to an SSD disk. Falling back to ozone.metadata.dirs
2022-09-03 01:13:32,044 [Listener at 127.0.0.1/45463] WARN  utils.OzoneManagerRatisUtils (OzoneManagerRatisUtils.java:getOMRatisSnapshotDirectory(434)) - ozone.om.ratis.snapshot.dir is not configured. Falling back to ozone.metadata.dirs config
2022-09-03 01:13:32,044 [Listener at 127.0.0.1/45463] INFO  snapshot.OzoneManagerSnapshotProvider (OzoneManagerSnapshotProvider.java:<init>(76)) - Initializing OM Snapshot Provider
2022-09-03 01:13:32,045 [Listener at 127.0.0.1/45463] WARN  impl.MetricRegistriesImpl (MetricRegistriesImpl.java:addReporterRegistration(111)) - New reporters are added after registries were created. Some metrics will be missing from the reporter. Please add reporter before adding any new registry.
2022-09-03 01:13:32,045 [Listener at 127.0.0.1/45463] WARN  impl.MetricRegistriesImpl (MetricRegistriesImpl.java:addReporterRegistration(111)) - New reporters are added after registries were created. Some metrics will be missing from the reporter. Please add reporter before adding any new registry.
2022-09-03 01:13:32,045 [Listener at 127.0.0.1/45463] WARN  server.ServerUtils (ServerUtils.java:getDefaultRatisDirectory(237)) - Storage directory for Ratis is not configured. It is a good idea to map this to an SSD disk. Falling back to ozone.metadata.dirs
2022-09-03 01:13:32,046 [Listener at 127.0.0.1/45463] INFO  ratis.OzoneManagerRatisServer (OzoneManagerRatisServer.java:<init>(159)) - Instantiating OM Ratis server with groupID: omServiceId1 and peers: localhost:33157, localhost:32815, localhost:35059
2022-09-03 01:13:32,047 [Listener at 127.0.0.1/45463] INFO  ratis.OzoneManagerStateMachine (OzoneManagerStateMachine.java:loadSnapshotInfoFromDB(632)) - LastAppliedIndex is set from TransactionInfo from OM DB as (t:0, i:~)
2022-09-03 01:13:32,047 [Listener at 127.0.0.1/45463] INFO  server.RaftServer (ConfUtils.java:logGet(46)) - raft.rpc.type = GRPC (default)
2022-09-03 01:13:32,047 [Listener at 127.0.0.1/45463] INFO  grpc.GrpcFactory (GrpcFactory.java:checkPooledByteBufAllocatorUseCacheForAllThreads(48)) - PERFORMANCE WARNING: useCacheForAllThreads is true that may cause Netty to create a lot garbage objects and, as a result, trigger GC.
	It is recommended to disable useCacheForAllThreads by setting -Dorg.apache.ratis.thirdparty.io.netty.allocator.useCacheForAllThreads=false in command line.
2022-09-03 01:13:32,047 [Listener at 127.0.0.1/45463] INFO  grpc.GrpcConfigKeys (ConfUtils.java:logGet(46)) - raft.grpc.admin.port = -1 (default)
2022-09-03 01:13:32,047 [Listener at 127.0.0.1/45463] INFO  grpc.GrpcConfigKeys (ConfUtils.java:logGet(46)) - raft.grpc.server.port = 33157 (custom)
2022-09-03 01:13:32,047 [Listener at 127.0.0.1/45463] INFO  grpc.GrpcConfigKeys (ConfUtils.java:logGet(46)) - raft.grpc.client.port = -1 (default)
2022-09-03 01:13:32,048 [Listener at 127.0.0.1/45463] INFO  grpc.GrpcConfigKeys (ConfUtils.java:logGet(46)) - raft.grpc.server.port = 33157 (custom)
2022-09-03 01:13:32,048 [Listener at 127.0.0.1/45463] INFO  grpc.GrpcConfigKeys (ConfUtils.java:logGet(46)) - raft.grpc.server.port = 33157 (custom)
2022-09-03 01:13:32,048 [Listener at 127.0.0.1/45463] INFO  server.GrpcService (ConfUtils.java:logGet(46)) - raft.grpc.message.size.max = 33554432 (custom)
2022-09-03 01:13:32,048 [Listener at 127.0.0.1/45463] INFO  server.RaftServerConfigKeys (ConfUtils.java:logGet(46)) - raft.server.log.appender.buffer.byte-limit = 33554432 (custom)
2022-09-03 01:13:32,048 [Listener at 127.0.0.1/45463] INFO  server.GrpcService (ConfUtils.java:logGet(46)) - raft.grpc.flow.control.window = 1MB (=1048576) (default)
2022-09-03 01:13:32,048 [Listener at 127.0.0.1/45463] INFO  server.RaftServerConfigKeys (ConfUtils.java:logGet(46)) - raft.server.rpc.request.timeout = 3000ms (default)
2022-09-03 01:13:32,048 [Listener at 127.0.0.1/45463] INFO  grpc.GrpcConfigKeys (ConfUtils.java:logGet(46)) - raft.grpc.server.async.request.thread.pool.cached = true (default)
2022-09-03 01:13:32,048 [Listener at 127.0.0.1/45463] INFO  grpc.GrpcConfigKeys (ConfUtils.java:logGet(46)) - raft.grpc.server.async.request.thread.pool.size = 32 (default)
2022-09-03 01:13:32,049 [Listener at 127.0.0.1/45463] INFO  impl.DataStreamServerImpl (ConfUtils.java:logGet(46)) - raft.datastream.type = DISABLED (default)
2022-09-03 01:13:32,049 [Listener at 127.0.0.1/45463] INFO  server.RaftServerConfigKeys (ConfUtils.java:logGet(46)) - raft.server.threadpool.proxy.cached = true (default)
2022-09-03 01:13:32,050 [Listener at 127.0.0.1/45463] INFO  server.RaftServerConfigKeys (ConfUtils.java:logGet(46)) - raft.server.threadpool.proxy.size = 0 (default)
2022-09-03 01:13:32,050 [Listener at 127.0.0.1/45463] INFO  server.RaftServerConfigKeys (ConfUtils.java:logGet(46)) - raft.server.rpc.slowness.timeout = 2s (custom)
2022-09-03 01:13:32,050 [Listener at 127.0.0.1/45463] INFO  server.RaftServerConfigKeys (ConfUtils.java:logGet(46)) - raft.server.leaderelection.leader.step-down.wait-time = 10s (default)
2022-09-03 01:13:32,050 [Listener at 127.0.0.1/45463] INFO  server.RaftServerConfigKeys (ConfUtils.java:logGet(46)) - raft.server.storage.dir = [/home/runner/work/ozone/ozone/hadoop-ozone/integration-test/target/test-dir/MiniOzoneClusterImpl-b7bb7c95-97ac-4743-8c58-bec42c492c64/omNode-3/ratis] (custom)
2022-09-03 01:13:32,051 [Listener at 127.0.0.1/45463] INFO  server.RaftServer (RaftServerProxy.java:addNew(96)) - omNode-3: addNew group-6C22E66A003A:[omNode-3|rpc:localhost:33157|priority:0, omNode-1|rpc:localhost:32815|priority:0, omNode-2|rpc:localhost:35059|priority:0] returns group-6C22E66A003A:java.util.concurrent.CompletableFuture@68b9eece[Not completed]
2022-09-03 01:13:32,051 [pool-175-thread-1] INFO  server.RaftServer$Division (RaftServerImpl.java:<init>(190)) - omNode-3: new RaftServerImpl for group-6C22E66A003A:[omNode-3|rpc:localhost:33157|priority:0, omNode-1|rpc:localhost:32815|priority:0, omNode-2|rpc:localhost:35059|priority:0] with OzoneManagerStateMachine:uninitialized
2022-09-03 01:13:32,051 [Listener at 127.0.0.1/45463] INFO  om.OzoneManager (OzoneManager.java:initializeRatisServer(1968)) - OzoneManager Ratis server initialized at port 33157
2022-09-03 01:13:32,051 [pool-175-thread-1] INFO  server.RaftServerConfigKeys (ConfUtils.java:logGet(46)) - raft.server.rpc.timeout.min = 1s (custom)
2022-09-03 01:13:32,051 [pool-175-thread-1] INFO  server.RaftServerConfigKeys (ConfUtils.java:logGet(46)) - raft.server.rpc.timeout.max = 1200ms (custom)
2022-09-03 01:13:32,052 [Listener at 127.0.0.1/45463] INFO  om.OzoneManager (OzoneManager.java:getRpcServer(1091)) - Creating RPC Server
2022-09-03 01:13:32,058 [pool-175-thread-1] INFO  server.RaftServerConfigKeys (ConfUtils.java:logGet(46)) - raft.server.rpc.sleep.time = 25ms (default)
2022-09-03 01:13:32,058 [pool-175-thread-1] INFO  server.RaftServerConfigKeys (ConfUtils.java:logGet(46)) - raft.server.rpc.slowness.timeout = 2s (custom)
2022-09-03 01:13:32,058 [pool-175-thread-1] INFO  server.RaftServerConfigKeys (ConfUtils.java:logGet(46)) - raft.server.leaderelection.leader.step-down.wait-time = 10s (default)
2022-09-03 01:13:32,058 [pool-175-thread-1] INFO  server.RaftServerConfigKeys (ConfUtils.java:logGet(46)) - raft.server.sleep.deviation.threshold = 300ms (default)
2022-09-03 01:13:32,058 [pool-175-thread-1] INFO  server.RaftServer$Division (ServerState.java:<init>(107)) - omNode-3@group-6C22E66A003A: ConfigurationManager, init=-1: [omNode-3|rpc:localhost:33157|priority:0, omNode-1|rpc:localhost:32815|priority:0, omNode-2|rpc:localhost:35059|priority:0], old=null, confs=<EMPTY_MAP>
2022-09-03 01:13:32,060 [pool-175-thread-1] INFO  server.RaftServerConfigKeys (ConfUtils.java:logGet(46)) - raft.server.storage.dir = [/home/runner/work/ozone/ozone/hadoop-ozone/integration-test/target/test-dir/MiniOzoneClusterImpl-b7bb7c95-97ac-4743-8c58-bec42c492c64/omNode-3/ratis] (custom)
2022-09-03 01:13:32,060 [pool-175-thread-1] INFO  server.RaftServerConfigKeys (ConfUtils.java:logGet(46)) - raft.server.log.corruption.policy = EXCEPTION (default)
2022-09-03 01:13:32,060 [pool-175-thread-1] INFO  server.RaftServerConfigKeys (ConfUtils.java:logGet(46)) - raft.server.storage.free-space.min = 0MB (=0) (default)
2022-09-03 01:13:32,060 [pool-175-thread-1] INFO  storage.RaftStorageDirectory (RaftStorageDirectoryImpl.java:analyzeStorage(135)) - The storage directory /home/runner/work/ozone/ozone/hadoop-ozone/integration-test/target/test-dir/MiniOzoneClusterImpl-b7bb7c95-97ac-4743-8c58-bec42c492c64/omNode-3/ratis/9c9825ce-8ba7-3ee6-a7c3-6c22e66a003a does not exist. Creating ...
2022-09-03 01:13:32,062 [pool-175-thread-1] INFO  storage.RaftStorageDirectory (RaftStorageDirectoryImpl.java:tryLock(230)) - Lock on /home/runner/work/ozone/ozone/hadoop-ozone/integration-test/target/test-dir/MiniOzoneClusterImpl-b7bb7c95-97ac-4743-8c58-bec42c492c64/omNode-3/ratis/9c9825ce-8ba7-3ee6-a7c3-6c22e66a003a/in_use.lock acquired by nodename 24955@fv-az504-37
2022-09-03 01:13:32,067 [pool-175-thread-1] INFO  storage.RaftStorage (RaftStorageImpl.java:format(89)) - Storage directory /home/runner/work/ozone/ozone/hadoop-ozone/integration-test/target/test-dir/MiniOzoneClusterImpl-b7bb7c95-97ac-4743-8c58-bec42c492c64/omNode-3/ratis/9c9825ce-8ba7-3ee6-a7c3-6c22e66a003a has been successfully formatted.
2022-09-03 01:13:32,068 [pool-175-thread-1] INFO  server.RaftServerConfigKeys (ConfUtils.java:logGet(46)) - raft.server.notification.no-leader.timeout = 2s (custom)
2022-09-03 01:13:32,068 [pool-175-thread-1] INFO  server.RaftServerConfigKeys (ConfUtils.java:logGet(46)) - raft.server.log.use.memory = false (default)
2022-09-03 01:13:32,068 [pool-175-thread-1] INFO  server.RaftServerConfigKeys (ConfUtils.java:logGet(46)) - raft.server.log.purge.gap = 1000000 (custom)
2022-09-03 01:13:32,068 [pool-175-thread-1] INFO  server.RaftServerConfigKeys (ConfUtils.java:logGet(46)) - raft.server.log.appender.buffer.byte-limit = 33554432 (custom)
2022-09-03 01:13:32,068 [pool-175-thread-1] INFO  server.RaftServerConfigKeys (ConfUtils.java:logGet(46)) - raft.server.log.statemachine.data.read.timeout = 1000ms (default)
2022-09-03 01:13:32,074 [pool-175-thread-1] INFO  server.RaftServerConfigKeys (ConfUtils.java:logGet(46)) - raft.server.log.segment.size.max = 4194304 (custom)
2022-09-03 01:13:32,075 [pool-175-thread-1] INFO  server.RaftServerConfigKeys (ConfUtils.java:logGet(46)) - raft.server.log.segment.cache.num.max = 2 (custom)
2022-09-03 01:13:32,075 [pool-175-thread-1] INFO  server.RaftServerConfigKeys (ConfUtils.java:logGet(46)) - raft.server.log.segment.cache.size.max = 200MB (=209715200) (default)
2022-09-03 01:13:32,075 [pool-175-thread-1] INFO  segmented.SegmentedRaftLogWorker (SegmentedRaftLogWorker.java:<init>(187)) - new omNode-3@group-6C22E66A003A-SegmentedRaftLogWorker for RaftStorageImpl:Storage Directory /home/runner/work/ozone/ozone/hadoop-ozone/integration-test/target/test-dir/MiniOzoneClusterImpl-b7bb7c95-97ac-4743-8c58-bec42c492c64/omNode-3/ratis/9c9825ce-8ba7-3ee6-a7c3-6c22e66a003a
2022-09-03 01:13:32,075 [pool-175-thread-1] INFO  server.RaftServerConfigKeys (ConfUtils.java:logGet(46)) - raft.server.log.queue.byte-limit = 64MB (=67108864) (default)
2022-09-03 01:13:32,075 [pool-175-thread-1] INFO  server.RaftServerConfigKeys (ConfUtils.java:logGet(46)) - raft.server.log.queue.element-limit = 4096 (default)
2022-09-03 01:13:32,075 [pool-175-thread-1] INFO  server.RaftServerConfigKeys (ConfUtils.java:logGet(46)) - raft.server.log.segment.size.max = 4194304 (custom)
2022-09-03 01:13:32,075 [pool-175-thread-1] INFO  server.RaftServerConfigKeys (ConfUtils.java:logGet(46)) - raft.server.log.preallocated.size = 4194304 (custom)
2022-09-03 01:13:32,075 [pool-175-thread-1] INFO  server.RaftServerConfigKeys (ConfUtils.java:logGet(46)) - raft.server.log.force.sync.num = 128 (default)
2022-09-03 01:13:32,075 [pool-175-thread-1] INFO  server.RaftServerConfigKeys (ConfUtils.java:logGet(46)) - raft.server.log.statemachine.data.sync = true (default)
2022-09-03 01:13:32,075 [pool-175-thread-1] INFO  server.RaftServerConfigKeys (ConfUtils.java:logGet(46)) - raft.server.log.statemachine.data.sync.timeout = 10s (default)
2022-09-03 01:13:32,075 [pool-175-thread-1] INFO  server.RaftServerConfigKeys (ConfUtils.java:logGet(46)) - raft.server.log.statemachine.data.sync.timeout.retry = -1 (default)
2022-09-03 01:13:32,078 [pool-175-thread-1] INFO  server.RaftServerConfigKeys (ConfUtils.java:logGet(46)) - raft.server.log.write.buffer.size = 64KB (=65536) (default)
2022-09-03 01:13:32,078 [pool-175-thread-1] INFO  server.RaftServerConfigKeys (ConfUtils.java:logGet(46)) - raft.server.log.unsafe-flush.enabled = false (default)
2022-09-03 01:13:32,078 [pool-175-thread-1] INFO  server.RaftServerConfigKeys (ConfUtils.java:logGet(46)) - raft.server.log.statemachine.data.caching.enabled = false (default)
2022-09-03 01:13:32,079 [pool-175-thread-1] INFO  segmented.SegmentedRaftLogWorker (SegmentedRaftLogWorker.java:lambda$new$0(135)) - omNode-3@group-6C22E66A003A-SegmentedRaftLogWorker: flushIndex: setUnconditionally 0 -> -1
2022-09-03 01:13:32,079 [pool-175-thread-1] INFO  segmented.SegmentedRaftLogWorker (SegmentedRaftLogWorker.java:lambda$new$0(135)) - omNode-3@group-6C22E66A003A-SegmentedRaftLogWorker: safeCacheEvictIndex: setUnconditionally 0 -> -1
2022-09-03 01:13:32,093 [pool-175-thread-1] INFO  server.RaftServerConfigKeys (ConfUtils.java:logGet(46)) - raft.server.snapshot.auto.trigger.enabled = true (custom)
2022-09-03 01:13:32,093 [pool-175-thread-1] INFO  server.RaftServerConfigKeys (ConfUtils.java:logGet(46)) - raft.server.snapshot.auto.trigger.threshold = 400000 (default)
2022-09-03 01:13:32,093 [pool-175-thread-1] INFO  server.RaftServerConfigKeys (ConfUtils.java:logGet(46)) - raft.server.snapshot.retention.file.num = -1 (default)
2022-09-03 01:13:32,093 [pool-175-thread-1] INFO  server.RaftServerConfigKeys (ConfUtils.java:logGet(46)) - raft.server.log.purge.upto.snapshot.index = true (custom)
2022-09-03 01:13:32,094 [pool-175-thread-1] INFO  server.RaftServerConfigKeys (ConfUtils.java:logGet(46)) - raft.server.retrycache.expirytime = 300s (custom)
2022-09-03 01:13:32,094 [pool-175-thread-1] INFO  server.RaftServerConfigKeys (ConfUtils.java:logGet(46)) - raft.server.retrycache.statistics.expirytime = 100μs (default)
2022-09-03 01:13:32,095 [pool-175-thread-1] INFO  server.RaftServerConfigKeys (ConfUtils.java:logGet(46)) - raft.server.log.appender.install.snapshot.enabled = false (custom)
2022-09-03 01:13:32,095 [pool-175-thread-1] INFO  server.RaftServerConfigKeys (ConfUtils.java:logGet(46)) - raft.server.threadpool.server.cached = true (default)
2022-09-03 01:13:32,096 [pool-175-thread-1] INFO  server.RaftServerConfigKeys (ConfUtils.java:logGet(46)) - raft.server.threadpool.server.size = 0 (default)
2022-09-03 01:13:32,096 [pool-175-thread-1] INFO  server.RaftServerConfigKeys (ConfUtils.java:logGet(46)) - raft.server.threadpool.client.cached = true (default)
2022-09-03 01:13:32,096 [pool-175-thread-1] INFO  server.RaftServerConfigKeys (ConfUtils.java:logGet(46)) - raft.server.threadpool.client.size = 0 (default)
2022-09-03 01:13:32,534 [Listener at 127.0.0.1/45463] INFO  reflections.Reflections (Reflections.java:scan(232)) - Reflections took 481 ms to scan 19 urls, producing 67 keys and 4161 values [using 2 cores]
2022-09-03 01:13:32,535 [Listener at 127.0.0.1/45463] INFO  ipc.CallQueueManager (CallQueueManager.java:<init>(90)) - Using callQueue: class java.util.concurrent.LinkedBlockingQueue, queueCapacity: 2000, scheduler: class org.apache.hadoop.ipc.DefaultRpcScheduler, ipcBackoff: false.
2022-09-03 01:13:32,536 [Socket Reader #1 for port 44253] INFO  ipc.Server (Server.java:run(1265)) - Starting Socket Reader #1 for port 44253
2022-09-03 01:13:32,555 [Listener at 127.0.0.1/44253] INFO  impl.MetricsSystemImpl (MetricsSystemImpl.java:init(158)) - OzoneManager metrics system started (again)
2022-09-03 01:13:32,566 [Listener at 127.0.0.1/44253] INFO  om.OzoneManager (OzoneManager.java:start(1475)) - OzoneManager RPC server is listening at localhost/127.0.0.1:44253
2022-09-03 01:13:32,567 [Listener at 127.0.0.1/44253] INFO  ratis.OzoneManagerRatisServer (OzoneManagerRatisServer.java:start(554)) - Starting OzoneManagerRatisServer omNode-3 at port 33157
2022-09-03 01:13:32,567 [omNode-3-impl-thread1] INFO  server.RaftServer$Division (RaftServerImpl.java:start(310)) - omNode-3@group-6C22E66A003A: start as a follower, conf=-1: [omNode-3|rpc:localhost:33157|priority:0, omNode-1|rpc:localhost:32815|priority:0, omNode-2|rpc:localhost:35059|priority:0], old=null
2022-09-03 01:13:32,567 [omNode-3-impl-thread1] INFO  server.RaftServer$Division (RaftServerImpl.java:setRole(299)) - omNode-3@group-6C22E66A003A: changes role from      null to FOLLOWER at term 0 for startAsFollower
2022-09-03 01:13:32,567 [omNode-3-impl-thread1] INFO  impl.RoleInfo (RoleInfo.java:updateAndGet(139)) - omNode-3: start omNode-3@group-6C22E66A003A-FollowerState
2022-09-03 01:13:32,567 [omNode-3-impl-thread1] INFO  util.JmxRegister (JmxRegister.java:tryRegister(44)) - Successfully registered JMX Bean with object name Ratis:service=RaftServer,group=group-6C22E66A003A,id=omNode-3
2022-09-03 01:13:32,569 [Listener at 127.0.0.1/44253] INFO  server.RaftServer (RaftServerProxy.java:lambda$start$6(382)) - omNode-3: start RPC server
2022-09-03 01:13:32,572 [Listener at 127.0.0.1/44253] INFO  server.GrpcService (GrpcService.java:startImpl(260)) - omNode-3: GrpcService started, listening on 33157
2022-09-03 01:13:32,572 [Listener at 127.0.0.1/44253] INFO  om.OzoneManager (OzoneManager.java:start(1491)) - Version File has different layout version (3) than OM DB (null). That is expected if this OM has never been finalized to a newer layout version.
2022-09-03 01:13:32,573 [org.apache.ratis.util.JvmPauseMonitor$$Lambda$519/503118660@113ee44e] INFO  util.JvmPauseMonitor (JvmPauseMonitor.java:run(103)) - JvmPauseMonitor-omNode-3: Started
2022-09-03 01:13:32,577 [Listener at 127.0.0.1/44253] INFO  http.BaseHttpServer (BaseHttpServer.java:newHttpServer2BuilderForOzone(213)) - Starting Web-server for ozoneManager at: http://0.0.0.0:36967
2022-09-03 01:13:32,577 [Listener at 127.0.0.1/44253] INFO  http.BaseHttpServer (BaseHttpServer.java:<init>(108)) - Hadoop Security Enabled: false Ozone Security Enabled: false Ozone HTTP Security Enabled: false 
2022-09-03 01:13:32,578 [Listener at 127.0.0.1/44253] INFO  server.AuthenticationFilter (AuthenticationFilter.java:constructSecretProvider(240)) - Unable to initialize FileSignerSecretProvider, falling back to use random secrets.
2022-09-03 01:13:32,579 [Listener at 127.0.0.1/44253] WARN  http.HttpRequestLog (HttpRequestLog.java:getRequestLog(103)) - Jetty request log can only be enabled using Log4j
2022-09-03 01:13:32,580 [Listener at 127.0.0.1/44253] INFO  http.HttpServer2 (HttpServer2.java:addGlobalFilter(1029)) - Added global filter 'safety' (class=org.apache.hadoop.hdds.server.http.HttpServer2$QuotingInputFilter)
2022-09-03 01:13:32,581 [Listener at 127.0.0.1/44253] INFO  http.HttpServer2 (HttpServer2.java:addFilter(1005)) - Added filter static_user_filter (class=org.apache.hadoop.http.lib.StaticUserWebFilter$StaticUserFilter) to context ozoneManager
2022-09-03 01:13:32,581 [Listener at 127.0.0.1/44253] INFO  http.HttpServer2 (HttpServer2.java:addFilter(1013)) - Added filter static_user_filter (class=org.apache.hadoop.http.lib.StaticUserWebFilter$StaticUserFilter) to context logs
2022-09-03 01:13:32,581 [Listener at 127.0.0.1/44253] INFO  http.HttpServer2 (HttpServer2.java:addFilter(1013)) - Added filter static_user_filter (class=org.apache.hadoop.http.lib.StaticUserWebFilter$StaticUserFilter) to context static
2022-09-03 01:13:32,582 [Listener at 127.0.0.1/44253] INFO  http.HttpServer2 (HttpServer2.java:bindListener(1248)) - Jetty bound to port 36967
2022-09-03 01:13:32,582 [Listener at 127.0.0.1/44253] INFO  server.Server (Server.java:doStart(375)) - jetty-9.4.43.v20210629; built: 2021-06-30T11:07:22.254Z; git: 526006ecfa3af7f1a27ef3a288e2bef7ea9dd7e8; jvm 1.8.0_345-b01
2022-09-03 01:13:32,585 [Listener at 127.0.0.1/44253] INFO  server.session (DefaultSessionIdManager.java:doStart(334)) - DefaultSessionIdManager workerName=node0
2022-09-03 01:13:32,585 [Listener at 127.0.0.1/44253] INFO  server.session (DefaultSessionIdManager.java:doStart(339)) - No SessionScavenger set, using defaults
2022-09-03 01:13:32,585 [Listener at 127.0.0.1/44253] INFO  server.session (HouseKeeper.java:startScavenging(132)) - node0 Scavenging every 600000ms
2022-09-03 01:13:32,586 [Listener at 127.0.0.1/44253] INFO  handler.ContextHandler (ContextHandler.java:doStart(915)) - Started o.e.j.s.ServletContextHandler@3b858672{logs,/logs,file:///home/runner/work/ozone/ozone/hadoop-ozone/integration-test/target/log,AVAILABLE}
2022-09-03 01:13:32,587 [Listener at 127.0.0.1/44253] INFO  handler.ContextHandler (ContextHandler.java:doStart(915)) - Started o.e.j.s.ServletContextHandler@7644623f{static,/static,file:///home/runner/work/ozone/ozone/hadoop-ozone/integration-test/target/test-classes/webapps/static,AVAILABLE}
2022-09-03 01:13:32,592 [Listener at 127.0.0.1/44253] INFO  handler.ContextHandler (ContextHandler.java:doStart(915)) - Started o.e.j.w.WebAppContext@2f0a4744{ozoneManager,/,file:///home/runner/work/ozone/ozone/hadoop-ozone/integration-test/target/test-classes/webapps/ozoneManager/,AVAILABLE}{file:/home/runner/work/ozone/ozone/hadoop-ozone/integration-test/target/test-classes/webapps/ozoneManager}
2022-09-03 01:13:32,603 [Listener at 127.0.0.1/44253] INFO  server.AbstractConnector (AbstractConnector.java:doStart(331)) - Started ServerConnector@23c4e3d5{HTTP/1.1, (http/1.1)}{0.0.0.0:36967}
2022-09-03 01:13:32,603 [Listener at 127.0.0.1/44253] INFO  server.Server (Server.java:doStart(415)) - Started @26631ms
2022-09-03 01:13:32,603 [Listener at 127.0.0.1/44253] WARN  impl.MetricsSystemImpl (MetricsSystemImpl.java:register(279)) - Sink prometheus already exists!
2022-09-03 01:13:32,604 [Listener at 127.0.0.1/44253] INFO  http.BaseHttpServer (BaseHttpServer.java:updateConnectorAddress(333)) - HTTP server of ozoneManager listening at http://0.0.0.0:36967
2022-09-03 01:13:32,608 [IPC Server Responder] INFO  ipc.Server (Server.java:run(1507)) - IPC Server Responder: starting
2022-09-03 01:13:32,608 [IPC Server listener on 44253] INFO  ipc.Server (Server.java:run(1344)) - IPC Server listener on 44253: starting
2022-09-03 01:13:32,613 [Listener at 127.0.0.1/44253] INFO  om.OzoneManager (OzoneManager.java:startTrashEmptier(1912)) - Trash Interval set to 0. Files deleted won't move to trash
2022-09-03 01:13:32,614 [Listener at 127.0.0.1/44253] INFO  ozone.MiniOzoneHAClusterImpl (MiniOzoneHAClusterImpl.java:createOMService(527)) - Started OzoneManager omNode-3 RPC server at localhost/127.0.0.1:44253
2022-09-03 01:13:32,621 [org.apache.hadoop.util.JvmPauseMonitor$Monitor@7dbd2fa6] INFO  util.JvmPauseMonitor (JvmPauseMonitor.java:run(188)) - Starting JVM pause monitor
2022-09-03 01:13:32,754 [omNode-1@group-6C22E66A003A-FollowerState] INFO  impl.FollowerState (FollowerState.java:run(143)) - omNode-1@group-6C22E66A003A-FollowerState: change to CANDIDATE, lastRpcElapsedTime:1025579063ns, electionTimeout:1024ms
2022-09-03 01:13:32,755 [omNode-1@group-6C22E66A003A-FollowerState] INFO  impl.RoleInfo (RoleInfo.java:shutdownFollowerState(110)) - omNode-1: shutdown omNode-1@group-6C22E66A003A-FollowerState
2022-09-03 01:13:32,755 [omNode-1@group-6C22E66A003A-FollowerState] INFO  server.RaftServer$Division (RaftServerImpl.java:setRole(299)) - omNode-1@group-6C22E66A003A: changes role from  FOLLOWER to CANDIDATE at term 1 for changeToCandidate
2022-09-03 01:13:32,755 [omNode-1@group-6C22E66A003A-FollowerState] INFO  server.RaftServerConfigKeys (ConfUtils.java:logGet(46)) - raft.server.leaderelection.pre-vote = false (custom)
2022-09-03 01:13:32,755 [omNode-1@group-6C22E66A003A-FollowerState] INFO  impl.RoleInfo (RoleInfo.java:updateAndGet(139)) - omNode-1: start omNode-1@group-6C22E66A003A-LeaderElection4
2022-09-03 01:13:32,776 [omNode-1@group-6C22E66A003A-LeaderElection4] INFO  impl.LeaderElection (LeaderElection.java:askForVotes(310)) - omNode-1@group-6C22E66A003A-LeaderElection4 ELECTION round 0: submit vote requests at term 2 for -1: [omNode-3|rpc:localhost:33157|priority:0, omNode-1|rpc:localhost:32815|priority:0, omNode-2|rpc:localhost:35059|priority:0], old=null
2022-09-03 01:13:32,788 [omNode-1@group-6C22E66A003A-LeaderElection4] INFO  impl.LeaderElection (LogUtils.java:infoOrTrace(137)) - omNode-1@group-6C22E66A003A-LeaderElection4 got exception when requesting votes: java.util.concurrent.ExecutionException: org.apache.ratis.thirdparty.io.grpc.StatusRuntimeException: UNAVAILABLE: io exception
2022-09-03 01:13:32,789 [omNode-1@group-6C22E66A003A-LeaderElection4] INFO  impl.LeaderElection (LogUtils.java:infoOrTrace(137)) - omNode-1@group-6C22E66A003A-LeaderElection4 got exception when requesting votes: java.util.concurrent.ExecutionException: org.apache.ratis.thirdparty.io.grpc.StatusRuntimeException: UNAVAILABLE: io exception
2022-09-03 01:13:32,789 [omNode-1@group-6C22E66A003A-LeaderElection4] INFO  impl.LeaderElection (LeaderElection.java:logAndReturn(90)) - omNode-1@group-6C22E66A003A-LeaderElection4: ELECTION REJECTED received 0 response(s) and 2 exception(s):
2022-09-03 01:13:32,789 [omNode-1@group-6C22E66A003A-LeaderElection4] INFO  impl.LeaderElection (LogUtils.java:infoOrTrace(137)) -   Exception 0: java.util.concurrent.ExecutionException: org.apache.ratis.thirdparty.io.grpc.StatusRuntimeException: UNAVAILABLE: io exception
2022-09-03 01:13:32,789 [omNode-1@group-6C22E66A003A-LeaderElection4] INFO  impl.LeaderElection (LogUtils.java:infoOrTrace(137)) -   Exception 1: java.util.concurrent.ExecutionException: org.apache.ratis.thirdparty.io.grpc.StatusRuntimeException: UNAVAILABLE: io exception
2022-09-03 01:13:32,789 [omNode-1@group-6C22E66A003A-LeaderElection4] INFO  impl.LeaderElection (LeaderElection.java:askForVotes(312)) - omNode-1@group-6C22E66A003A-LeaderElection4 ELECTION round 0: result REJECTED
2022-09-03 01:13:32,789 [omNode-1@group-6C22E66A003A-LeaderElection4] INFO  server.RaftServer$Division (RaftServerImpl.java:setRole(299)) - omNode-1@group-6C22E66A003A: changes role from CANDIDATE to FOLLOWER at term 2 for REJECTED
2022-09-03 01:13:32,789 [omNode-1@group-6C22E66A003A-LeaderElection4] INFO  impl.RoleInfo (RoleInfo.java:shutdownLeaderElection(130)) - omNode-1: shutdown omNode-1@group-6C22E66A003A-LeaderElection4
2022-09-03 01:13:32,789 [omNode-1@group-6C22E66A003A-LeaderElection4] INFO  impl.RoleInfo (RoleInfo.java:updateAndGet(139)) - omNode-1: start omNode-1@group-6C22E66A003A-FollowerState
2022-09-03 01:13:32,807 [Listener at 127.0.0.1/44253] WARN  impl.MetricRegistriesImpl (MetricRegistriesImpl.java:addReporterRegistration(111)) - New reporters are added after registries were created. Some metrics will be missing from the reporter. Please add reporter before adding any new registry.
2022-09-03 01:13:32,807 [Listener at 127.0.0.1/44253] WARN  impl.MetricRegistriesImpl (MetricRegistriesImpl.java:addReporterRegistration(111)) - New reporters are added after registries were created. Some metrics will be missing from the reporter. Please add reporter before adding any new registry.
2022-09-03 01:13:32,808 [Listener at 127.0.0.1/44253] INFO  impl.MetricsSystemImpl (MetricsSystemImpl.java:init(158)) - HddsDatanode metrics system started (again)
2022-09-03 01:13:32,823 [Listener at 127.0.0.1/44253] INFO  ozone.HddsDatanodeService (HddsDatanodeService.java:start(236)) - HddsDatanodeService host:fv-az504-37.a4wi22hdjusufhmrdcovmrycyb.dx.internal.cloudapp.net ip:10.1.1.159
2022-09-03 01:13:32,870 [Listener at 127.0.0.1/44253] INFO  upgrade.AbstractLayoutVersionManager (AbstractLayoutVersionManager.java:init(83)) - Initializing Layout version manager with metadata layout = DATANODE_SCHEMA_V3 (version = 4), software layout = DATANODE_SCHEMA_V3 (version = 4)
2022-09-03 01:13:32,885 [omNode-2@group-6C22E66A003A-FollowerState] INFO  impl.FollowerState (FollowerState.java:run(143)) - omNode-2@group-6C22E66A003A-FollowerState: change to CANDIDATE, lastRpcElapsedTime:1139539804ns, electionTimeout:1136ms
2022-09-03 01:13:32,885 [omNode-2@group-6C22E66A003A-FollowerState] INFO  impl.RoleInfo (RoleInfo.java:shutdownFollowerState(110)) - omNode-2: shutdown omNode-2@group-6C22E66A003A-FollowerState
2022-09-03 01:13:32,885 [omNode-2@group-6C22E66A003A-FollowerState] INFO  server.RaftServer$Division (RaftServerImpl.java:setRole(299)) - omNode-2@group-6C22E66A003A: changes role from  FOLLOWER to CANDIDATE at term 0 for changeToCandidate
2022-09-03 01:13:32,885 [omNode-2@group-6C22E66A003A-FollowerState] INFO  server.RaftServerConfigKeys (ConfUtils.java:logGet(46)) - raft.server.leaderelection.pre-vote = false (custom)
2022-09-03 01:13:32,885 [omNode-2@group-6C22E66A003A-FollowerState] INFO  impl.RoleInfo (RoleInfo.java:updateAndGet(139)) - omNode-2: start omNode-2@group-6C22E66A003A-LeaderElection5
2022-09-03 01:13:32,909 [omNode-2@group-6C22E66A003A-LeaderElection5] INFO  impl.LeaderElection (LeaderElection.java:askForVotes(310)) - omNode-2@group-6C22E66A003A-LeaderElection5 ELECTION round 0: submit vote requests at term 1 for -1: [omNode-3|rpc:localhost:33157|priority:0, omNode-1|rpc:localhost:32815|priority:0, omNode-2|rpc:localhost:35059|priority:0], old=null
2022-09-03 01:13:32,929 [grpc-default-executor-0] INFO  server.RaftServer$Division (RaftServerImpl.java:requestVote(1152)) - omNode-3@group-6C22E66A003A: receive requestVote(ELECTION, omNode-2, group-6C22E66A003A, 1, (t:0, i:~))
2022-09-03 01:13:32,930 [grpc-default-executor-0] INFO  impl.VoteContext (VoteContext.java:log(48)) - omNode-3@group-6C22E66A003A-FOLLOWER: accept ELECTION from omNode-2: our priority 0 <= candidate's priority 0
2022-09-03 01:13:32,930 [grpc-default-executor-0] INFO  server.RaftServer$Division (RaftServerImpl.java:setRole(299)) - omNode-3@group-6C22E66A003A: changes role from  FOLLOWER to FOLLOWER at term 1 for candidate:omNode-2
2022-09-03 01:13:32,931 [grpc-default-executor-0] INFO  impl.RoleInfo (RoleInfo.java:shutdownFollowerState(110)) - omNode-3: shutdown omNode-3@group-6C22E66A003A-FollowerState
2022-09-03 01:13:32,931 [grpc-default-executor-0] INFO  impl.RoleInfo (RoleInfo.java:updateAndGet(139)) - omNode-3: start omNode-3@group-6C22E66A003A-FollowerState
2022-09-03 01:13:32,931 [omNode-3@group-6C22E66A003A-FollowerState] INFO  impl.FollowerState (FollowerState.java:run(152)) - omNode-3@group-6C22E66A003A-FollowerState was interrupted
2022-09-03 01:13:32,935 [grpc-default-executor-0] INFO  server.RaftServer$Division (RaftServerImpl.java:requestVote(1184)) - omNode-3@group-6C22E66A003A replies to ELECTION vote request: omNode-2<-omNode-3#0:OK-t1. Peer's state: omNode-3@group-6C22E66A003A:t1, leader=null, voted=omNode-2, raftlog=omNode-3@group-6C22E66A003A-SegmentedRaftLog:OPENED:c-1, conf=-1: [omNode-3|rpc:localhost:33157|priority:0, omNode-1|rpc:localhost:32815|priority:0, omNode-2|rpc:localhost:35059|priority:0], old=null
2022-09-03 01:13:32,942 [omNode-2@group-6C22E66A003A-LeaderElection5] INFO  impl.LeaderElection (LeaderElection.java:logAndReturn(90)) - omNode-2@group-6C22E66A003A-LeaderElection5: ELECTION PASSED received 1 response(s) and 0 exception(s):
2022-09-03 01:13:32,943 [omNode-2@group-6C22E66A003A-LeaderElection5] INFO  impl.LeaderElection (LeaderElection.java:logAndReturn(94)) -   Response 0: omNode-2<-omNode-3#0:OK-t1
2022-09-03 01:13:32,943 [omNode-2@group-6C22E66A003A-LeaderElection5] INFO  impl.LeaderElection (LeaderElection.java:askForVotes(312)) - omNode-2@group-6C22E66A003A-LeaderElection5 ELECTION round 0: result PASSED
2022-09-03 01:13:32,943 [omNode-2@group-6C22E66A003A-LeaderElection5] INFO  impl.RoleInfo (RoleInfo.java:shutdownLeaderElection(130)) - omNode-2: shutdown omNode-2@group-6C22E66A003A-LeaderElection5
2022-09-03 01:13:32,943 [omNode-2@group-6C22E66A003A-LeaderElection5] INFO  server.RaftServer$Division (RaftServerImpl.java:setRole(299)) - omNode-2@group-6C22E66A003A: changes role from CANDIDATE to LEADER at term 1 for changeToLeader
2022-09-03 01:13:32,943 [omNode-2@group-6C22E66A003A-LeaderElection5] INFO  server.RaftServer$Division (ServerState.java:setLeader(287)) - omNode-2@group-6C22E66A003A: change Leader from null to omNode-2 at term 1 for becomeLeader, leader elected after 1898ms
2022-09-03 01:13:32,943 [omNode-2@group-6C22E66A003A-LeaderElection5] INFO  server.RaftServerConfigKeys (ConfUtils.java:logGet(46)) - raft.server.staging.catchup.gap = 1000 (default)
2022-09-03 01:13:32,943 [omNode-2@group-6C22E66A003A-LeaderElection5] INFO  server.RaftServerConfigKeys (ConfUtils.java:logGet(46)) - raft.server.write.element-limit = 4096 (default)
2022-09-03 01:13:32,943 [omNode-2@group-6C22E66A003A-LeaderElection5] INFO  server.RaftServerConfigKeys (ConfUtils.java:logGet(46)) - raft.server.write.byte-limit = 64MB (=67108864) (default)
2022-09-03 01:13:32,943 [omNode-2@group-6C22E66A003A-LeaderElection5] INFO  server.RaftServerConfigKeys (ConfUtils.java:logGet(46)) - raft.server.watch.timeout = 10s (default)
2022-09-03 01:13:32,944 [omNode-2@group-6C22E66A003A-LeaderElection5] INFO  server.RaftServerConfigKeys (ConfUtils.java:logGet(46)) - raft.server.watch.timeout.denomination = 1s (default)
2022-09-03 01:13:32,944 [omNode-2@group-6C22E66A003A-LeaderElection5] INFO  server.RaftServerConfigKeys (ConfUtils.java:logGet(46)) - raft.server.watch.element-limit = 65536 (default)
2022-09-03 01:13:32,944 [omNode-2@group-6C22E66A003A-LeaderElection5] INFO  server.RaftServerConfigKeys (ConfUtils.java:logGet(46)) - raft.server.write.element-limit = 4096 (default)
2022-09-03 01:13:32,944 [omNode-2@group-6C22E66A003A-LeaderElection5] INFO  server.RaftServerConfigKeys (ConfUtils.java:logGet(46)) - raft.server.write.follower.gap.ratio.max = -1.0 (default)
2022-09-03 01:13:32,944 [omNode-2@group-6C22E66A003A-LeaderElection5] INFO  server.RaftServerConfigKeys (ConfUtils.java:logGet(46)) - raft.server.log.appender.snapshot.chunk.size.max = 16MB (=16777216) (default)
2022-09-03 01:13:32,945 [omNode-2@group-6C22E66A003A-LeaderElection5] INFO  server.RaftServerConfigKeys (ConfUtils.java:logGet(46)) - raft.server.log.appender.buffer.byte-limit = 33554432 (custom)
2022-09-03 01:13:32,945 [omNode-2@group-6C22E66A003A-LeaderElection5] INFO  server.RaftServerConfigKeys (ConfUtils.java:logGet(46)) - raft.server.log.appender.buffer.element-limit = 1024 (custom)
2022-09-03 01:13:32,945 [omNode-2@group-6C22E66A003A-LeaderElection5] INFO  grpc.GrpcConfigKeys (ConfUtils.java:logGet(46)) - raft.grpc.server.leader.outstanding.appends.max = 128 (default)
2022-09-03 01:13:32,945 [omNode-2@group-6C22E66A003A-LeaderElection5] INFO  server.RaftServerConfigKeys (ConfUtils.java:logGet(46)) - raft.server.rpc.request.timeout = 3000ms (default)
2022-09-03 01:13:32,945 [omNode-2@group-6C22E66A003A-LeaderElection5] INFO  server.RaftServerConfigKeys (ConfUtils.java:logGet(46)) - raft.server.log.appender.install.snapshot.enabled = false (custom)
2022-09-03 01:13:32,946 [omNode-2@group-6C22E66A003A-LeaderElection5] INFO  server.RaftServerConfigKeys (ConfUtils.java:logGet(46)) - raft.server.log.appender.snapshot.chunk.size.max = 16MB (=16777216) (default)
2022-09-03 01:13:32,946 [omNode-2@group-6C22E66A003A-LeaderElection5] INFO  server.RaftServerConfigKeys (ConfUtils.java:logGet(46)) - raft.server.log.appender.buffer.byte-limit = 33554432 (custom)
2022-09-03 01:13:32,946 [omNode-2@group-6C22E66A003A-LeaderElection5] INFO  server.RaftServerConfigKeys (ConfUtils.java:logGet(46)) - raft.server.log.appender.buffer.element-limit = 1024 (custom)
2022-09-03 01:13:32,946 [omNode-2@group-6C22E66A003A-LeaderElection5] INFO  grpc.GrpcConfigKeys (ConfUtils.java:logGet(46)) - raft.grpc.server.leader.outstanding.appends.max = 128 (default)
2022-09-03 01:13:32,946 [omNode-2@group-6C22E66A003A-LeaderElection5] INFO  server.RaftServerConfigKeys (ConfUtils.java:logGet(46)) - raft.server.rpc.request.timeout = 3000ms (default)
2022-09-03 01:13:32,946 [omNode-2@group-6C22E66A003A-LeaderElection5] INFO  server.RaftServerConfigKeys (ConfUtils.java:logGet(46)) - raft.server.log.appender.install.snapshot.enabled = false (custom)
2022-09-03 01:13:32,947 [omNode-2@group-6C22E66A003A-LeaderElection5] INFO  impl.RoleInfo (RoleInfo.java:updateAndGet(139)) - omNode-2: start omNode-2@group-6C22E66A003A-LeaderStateImpl
2022-09-03 01:13:32,947 [grpc-default-executor-0] INFO  server.RaftServer$Division (RaftServerImpl.java:requestVote(1152)) - omNode-1@group-6C22E66A003A: receive requestVote(ELECTION, omNode-2, group-6C22E66A003A, 1, (t:0, i:~))
2022-09-03 01:13:32,948 [omNode-2@group-6C22E66A003A-LeaderElection5] INFO  segmented.SegmentedRaftLogWorker (SegmentedRaftLogWorker.java:startLogSegment(425)) - omNode-2@group-6C22E66A003A-SegmentedRaftLogWorker: Starting segment from index:0
2022-09-03 01:13:32,948 [grpc-default-executor-0] INFO  impl.VoteContext (VoteContext.java:log(48)) - omNode-1@group-6C22E66A003A-FOLLOWER: reject ELECTION from omNode-2: current term 2 > candidate's term 1
2022-09-03 01:13:32,954 [Listener at 127.0.0.1/44253] INFO  reflections.Reflections (Reflections.java:scan(232)) - Reflections took 83 ms to scan 7 urls, producing 133 keys and 322 values 
2022-09-03 01:13:32,953 [omNode-2@group-6C22E66A003A-LeaderElection5] INFO  server.RaftServer$Division (ServerState.java:setRaftConf(393)) - omNode-2@group-6C22E66A003A: set configuration 0: [omNode-3|rpc:localhost:33157|admin:|client:|dataStream:|priority:0, omNode-1|rpc:localhost:32815|admin:|client:|dataStream:|priority:0, omNode-2|rpc:localhost:35059|admin:|client:|dataStream:|priority:0], old=null
2022-09-03 01:13:32,954 [grpc-default-executor-0] INFO  server.RaftServer$Division (RaftServerImpl.java:requestVote(1184)) - omNode-1@group-6C22E66A003A replies to ELECTION vote request: omNode-2<-omNode-1#0:FAIL-t2. Peer's state: omNode-1@group-6C22E66A003A:t2, leader=null, voted=omNode-1, raftlog=omNode-1@group-6C22E66A003A-SegmentedRaftLog:OPENED:c-1, conf=-1: [omNode-3|rpc:localhost:33157|priority:0, omNode-1|rpc:localhost:32815|priority:0, omNode-2|rpc:localhost:35059|priority:0], old=null
2022-09-03 01:13:32,969 [omNode-2@group-6C22E66A003A-SegmentedRaftLogWorker] INFO  segmented.SegmentedRaftLogWorker (SegmentedRaftLogWorker.java:execute(629)) - omNode-2@group-6C22E66A003A-SegmentedRaftLogWorker: created new log segment /home/runner/work/ozone/ozone/hadoop-ozone/integration-test/target/test-dir/MiniOzoneClusterImpl-b7bb7c95-97ac-4743-8c58-bec42c492c64/omNode-2/ratis/9c9825ce-8ba7-3ee6-a7c3-6c22e66a003a/current/log_inprogress_0
2022-09-03 01:13:32,971 [Listener at 127.0.0.1/44253] INFO  ha.SCMNodeInfo (SCMNodeInfo.java:getPort(197)) - ConfigKey ozone.scm.client.address is deprecated, For configuring different ports for each SCM use PortConfigKey ozone.scm.client.port appended with serviceId and nodeId
2022-09-03 01:13:32,971 [Listener at 127.0.0.1/44253] INFO  ha.SCMNodeInfo (SCMNodeInfo.java:getPort(197)) - ConfigKey ozone.scm.block.client.address is deprecated, For configuring different ports for each SCM use PortConfigKey ozone.scm.block.client.port appended with serviceId and nodeId
2022-09-03 01:13:32,971 [Listener at 127.0.0.1/44253] INFO  ha.SCMNodeInfo (SCMNodeInfo.java:getPort(197)) - ConfigKey ozone.scm.datanode.address is deprecated, For configuring different ports for each SCM use PortConfigKey ozone.scm.datanode.port appended with serviceId and nodeId
2022-09-03 01:13:32,972 [Listener at 127.0.0.1/44253] INFO  ha.SCMNodeInfo (SCMNodeInfo.java:getPort(197)) - ConfigKey ozone.scm.client.address is deprecated, For configuring different ports for each SCM use PortConfigKey ozone.scm.client.port appended with serviceId and nodeId
2022-09-03 01:13:32,972 [Listener at 127.0.0.1/44253] INFO  ha.SCMNodeInfo (SCMNodeInfo.java:getPort(197)) - ConfigKey ozone.scm.block.client.address is deprecated, For configuring different ports for each SCM use PortConfigKey ozone.scm.block.client.port appended with serviceId and nodeId
2022-09-03 01:13:32,972 [Listener at 127.0.0.1/44253] INFO  ha.SCMNodeInfo (SCMNodeInfo.java:getPort(197)) - ConfigKey ozone.scm.datanode.address is deprecated, For configuring different ports for each SCM use PortConfigKey ozone.scm.datanode.port appended with serviceId and nodeId
2022-09-03 01:13:32,973 [Listener at 127.0.0.1/44253] INFO  ha.SCMNodeInfo (SCMNodeInfo.java:getPort(197)) - ConfigKey ozone.scm.client.address is deprecated, For configuring different ports for each SCM use PortConfigKey ozone.scm.client.port appended with serviceId and nodeId
2022-09-03 01:13:32,973 [Listener at 127.0.0.1/44253] INFO  ha.SCMNodeInfo (SCMNodeInfo.java:getPort(197)) - ConfigKey ozone.scm.block.client.address is deprecated, For configuring different ports for each SCM use PortConfigKey ozone.scm.block.client.port appended with serviceId and nodeId
2022-09-03 01:13:32,973 [Listener at 127.0.0.1/44253] INFO  ha.SCMNodeInfo (SCMNodeInfo.java:getPort(197)) - ConfigKey ozone.scm.datanode.address is deprecated, For configuring different ports for each SCM use PortConfigKey ozone.scm.datanode.port appended with serviceId and nodeId
2022-09-03 01:13:32,973 [Listener at 127.0.0.1/44253] INFO  statemachine.DatanodeStateMachine (DatanodeStateMachine.java:getEndPointTaskThreadPoolSize(237)) - Datanode State Machine Task Thread Pool size 4
2022-09-03 01:13:32,972 [omNode-2@group-6C22E66A003A-StateMachineUpdater] INFO  ratis.OzoneManagerStateMachine (OzoneManagerStateMachine.java:notifyConfigurationChanged(192)) - Received Configuration change notification from Ratis. New Peer list:
[id: "omNode-3"
address: "localhost:33157"
, id: "omNode-1"
address: "localhost:32815"
, id: "omNode-2"
address: "localhost:35059"
]
2022-09-03 01:13:32,979 [omNode-3-server-thread1] INFO  server.RaftServer$Division (ServerState.java:setLeader(287)) - omNode-3@group-6C22E66A003A: change Leader from null to omNode-2 at term 1 for appendEntries, leader elected after 911ms
2022-09-03 01:13:32,985 [omNode-2@group-6C22E66A003A-LeaderStateImpl] INFO  server.RaftServer$Division (ServerState.java:setLeader(287)) - omNode-2@group-6C22E66A003A: change Leader from omNode-2 to null at term 2 for updateCurrentTerm
2022-09-03 01:13:32,985 [omNode-2@group-6C22E66A003A-LeaderStateImpl] INFO  server.RaftServer$Division (RaftServerImpl.java:setRole(299)) - omNode-2@group-6C22E66A003A: changes role from    LEADER to FOLLOWER at term 2 for StepDownReason:HIGHER_TERM
2022-09-03 01:13:32,985 [omNode-2@group-6C22E66A003A-LeaderStateImpl] INFO  impl.RoleInfo (RoleInfo.java:shutdownLeaderState(93)) - omNode-2: shutdown omNode-2@group-6C22E66A003A-LeaderStateImpl
2022-09-03 01:13:32,986 [omNode-2@group-6C22E66A003A->omNode-1-GrpcLogAppender-LogAppenderDaemon] WARN  server.GrpcLogAppender (GrpcLogAppender.java:mayWait(171)) - omNode-2@group-6C22E66A003A->omNode-1-GrpcLogAppender: Wait interrupted by java.lang.InterruptedException
2022-09-03 01:13:32,987 [omNode-2@group-6C22E66A003A->omNode-3-GrpcLogAppender-LogAppenderDaemon] WARN  server.GrpcLogAppender (GrpcLogAppender.java:mayWait(171)) - omNode-2@group-6C22E66A003A->omNode-3-GrpcLogAppender: Wait interrupted by java.lang.InterruptedException
2022-09-03 01:13:32,988 [grpc-default-executor-1] INFO  server.GrpcServerProtocolService (GrpcServerProtocolService.java:onCompleted(140)) - omNode-1: Completed APPEND_ENTRIES, lastRequest: omNode-2->omNode-1#1-t1,previous=(t:0, i:0),leaderCommit=-1,initializing? true,entries: size=1, first=(t:1, i:0), CONFIGURATIONENTRY
2022-09-03 01:13:32,986 [omNode-2@group-6C22E66A003A-LeaderStateImpl] INFO  impl.PendingRequests (PendingRequests.java:sendNotLeaderResponses(282)) - omNode-2@group-6C22E66A003A-PendingRequests: sendNotLeaderResponses
2022-09-03 01:13:32,993 [omNode-2@group-6C22E66A003A-LeaderStateImpl] INFO  impl.RoleInfo (RoleInfo.java:updateAndGet(139)) - omNode-2: start omNode-2@group-6C22E66A003A-FollowerState
2022-09-03 01:13:33,002 [omNode-3-server-thread1] INFO  server.RaftServer$Division (ServerState.java:setRaftConf(393)) - omNode-3@group-6C22E66A003A: set configuration 0: [omNode-3|rpc:localhost:33157|admin:|client:|dataStream:|priority:0, omNode-1|rpc:localhost:32815|admin:|client:|dataStream:|priority:0, omNode-2|rpc:localhost:35059|admin:|client:|dataStream:|priority:0], old=null
2022-09-03 01:13:33,002 [omNode-3-server-thread1] INFO  segmented.SegmentedRaftLogWorker (SegmentedRaftLogWorker.java:startLogSegment(425)) - omNode-3@group-6C22E66A003A-SegmentedRaftLogWorker: Starting segment from index:0
2022-09-03 01:13:33,008 [grpc-default-executor-0] INFO  server.GrpcServerProtocolService (GrpcServerProtocolService.java:onCompleted(140)) - omNode-3: Completed APPEND_ENTRIES, lastRequest: omNode-2->omNode-3#1-t1,previous=(t:0, i:0),leaderCommit=-1,initializing? true,entries: size=1, first=(t:1, i:0), CONFIGURATIONENTRY
2022-09-03 01:13:33,010 [grpc-default-executor-1] INFO  server.GrpcLogAppender (GrpcLogAppender.java:onCompleted(339)) - omNode-2@group-6C22E66A003A->omNode-3-AppendLogResponseHandler: follower responses appendEntries COMPLETED
2022-09-03 01:13:33,016 [grpc-default-executor-2] INFO  server.GrpcLogAppender (GrpcLogAppender.java:onCompleted(339)) - omNode-2@group-6C22E66A003A->omNode-1-AppendLogResponseHandler: follower responses appendEntries COMPLETED
2022-09-03 01:13:33,018 [grpc-default-executor-1] INFO  leader.FollowerInfo (FollowerInfoImpl.java:lambda$new$0(48)) - omNode-2@group-6C22E66A003A->omNode-3: nextIndex: updateUnconditionally 1 -> 0
2022-09-03 01:13:33,018 [grpc-default-executor-2] INFO  leader.FollowerInfo (FollowerInfoImpl.java:lambda$new$0(48)) - omNode-2@group-6C22E66A003A->omNode-1: nextIndex: updateUnconditionally 1 -> 0
2022-09-03 01:13:33,023 [omNode-3@group-6C22E66A003A-SegmentedRaftLogWorker] INFO  segmented.SegmentedRaftLogWorker (SegmentedRaftLogWorker.java:execute(629)) - omNode-3@group-6C22E66A003A-SegmentedRaftLogWorker: created new log segment /home/runner/work/ozone/ozone/hadoop-ozone/integration-test/target/test-dir/MiniOzoneClusterImpl-b7bb7c95-97ac-4743-8c58-bec42c492c64/omNode-3/ratis/9c9825ce-8ba7-3ee6-a7c3-6c22e66a003a/current/log_inprogress_0
2022-09-03 01:13:33,066 [Listener at 127.0.0.1/44253] INFO  volume.HddsVolume (HddsVolume.java:<init>(117)) - Creating HddsVolume: /home/runner/work/ozone/ozone/hadoop-ozone/integration-test/target/test-dir/MiniOzoneClusterImpl-b7bb7c95-97ac-4743-8c58-bec42c492c64/datanode-0/data-0/containers/hdds of storage type : DISK capacity : 9223372036854775807
2022-09-03 01:13:33,069 [Listener at 127.0.0.1/44253] INFO  volume.MutableVolumeSet (MutableVolumeSet.java:initializeVolumeSet(174)) - Added Volume : /home/runner/work/ozone/ozone/hadoop-ozone/integration-test/target/test-dir/MiniOzoneClusterImpl-b7bb7c95-97ac-4743-8c58-bec42c492c64/datanode-0/data-0/containers/hdds to VolumeSet
2022-09-03 01:13:33,070 [Listener at 127.0.0.1/44253] INFO  volume.ThrottledAsyncChecker (ThrottledAsyncChecker.java:schedule(141)) - Scheduling a check for /home/runner/work/ozone/ozone/hadoop-ozone/integration-test/target/test-dir/MiniOzoneClusterImpl-b7bb7c95-97ac-4743-8c58-bec42c492c64/datanode-0/data-0/containers/hdds
2022-09-03 01:13:33,095 [Listener at 127.0.0.1/44253] INFO  volume.StorageVolumeChecker (StorageVolumeChecker.java:checkAllVolumes(202)) - Scheduled health check for volume /home/runner/work/ozone/ozone/hadoop-ozone/integration-test/target/test-dir/MiniOzoneClusterImpl-b7bb7c95-97ac-4743-8c58-bec42c492c64/datanode-0/data-0/containers/hdds
2022-09-03 01:13:33,115 [Listener at 127.0.0.1/44253] INFO  volume.MutableVolumeSet (MutableVolumeSet.java:initializeVolumeSet(174)) - Added Volume : /home/runner/work/ozone/ozone/hadoop-ozone/integration-test/target/test-dir/MiniOzoneClusterImpl-b7bb7c95-97ac-4743-8c58-bec42c492c64/datanode-0/data/ratis to VolumeSet
2022-09-03 01:13:33,115 [Listener at 127.0.0.1/44253] INFO  volume.ThrottledAsyncChecker (ThrottledAsyncChecker.java:schedule(141)) - Scheduling a check for /home/runner/work/ozone/ozone/hadoop-ozone/integration-test/target/test-dir/MiniOzoneClusterImpl-b7bb7c95-97ac-4743-8c58-bec42c492c64/datanode-0/data/ratis
2022-09-03 01:13:33,116 [Listener at 127.0.0.1/44253] INFO  volume.StorageVolumeChecker (StorageVolumeChecker.java:checkAllVolumes(202)) - Scheduled health check for volume /home/runner/work/ozone/ozone/hadoop-ozone/integration-test/target/test-dir/MiniOzoneClusterImpl-b7bb7c95-97ac-4743-8c58-bec42c492c64/datanode-0/data/ratis
2022-09-03 01:13:33,138 [Thread-705] INFO  ozoneimpl.ContainerReader (ContainerReader.java:readVolume(175)) - Finish verifying containers on volume /home/runner/work/ozone/ozone/hadoop-ozone/integration-test/target/test-dir/MiniOzoneClusterImpl-b7bb7c95-97ac-4743-8c58-bec42c492c64/datanode-0/data-0/containers/hdds
2022-09-03 01:13:33,138 [Listener at 127.0.0.1/44253] INFO  ozoneimpl.OzoneContainer (OzoneContainer.java:buildContainerSet(300)) - Build ContainerSet costs 0s
2022-09-03 01:13:33,190 [Listener at 127.0.0.1/44253] INFO  audit.AuditLogger (AuditLogger.java:refreshDebugCmdSet(126)) - Refresh DebugCmdSet for DNAudit to [].
2022-09-03 01:13:33,234 [Listener at 127.0.0.1/44253] INFO  server.RaftServer (ConfUtils.java:logGet(46)) - raft.rpc.type = GRPC (default)
2022-09-03 01:13:33,234 [Listener at 127.0.0.1/44253] INFO  grpc.GrpcFactory (GrpcFactory.java:checkPooledByteBufAllocatorUseCacheForAllThreads(48)) - PERFORMANCE WARNING: useCacheForAllThreads is true that may cause Netty to create a lot garbage objects and, as a result, trigger GC.
	It is recommended to disable useCacheForAllThreads by setting -Dorg.apache.ratis.thirdparty.io.netty.allocator.useCacheForAllThreads=false in command line.
2022-09-03 01:13:33,234 [Listener at 127.0.0.1/44253] INFO  grpc.GrpcConfigKeys (ConfUtils.java:logGet(46)) - raft.grpc.admin.port = 0 (custom)
2022-09-03 01:13:33,235 [Listener at 127.0.0.1/44253] INFO  grpc.GrpcConfigKeys (ConfUtils.java:logGet(46)) - raft.grpc.client.port = 0 (custom)
2022-09-03 01:13:33,235 [Listener at 127.0.0.1/44253] INFO  grpc.GrpcConfigKeys (ConfUtils.java:logGet(46)) - raft.grpc.server.port = 0 (default)
2022-09-03 01:13:33,235 [Listener at 127.0.0.1/44253] INFO  server.GrpcService (ConfUtils.java:logGet(46)) - raft.grpc.message.size.max = 32MB (=33554432) (custom)
2022-09-03 01:13:33,235 [Listener at 127.0.0.1/44253] INFO  server.RaftServerConfigKeys (ConfUtils.java:logGet(46)) - raft.server.log.appender.buffer.byte-limit = 33554432 (custom)
2022-09-03 01:13:33,235 [Listener at 127.0.0.1/44253] INFO  server.GrpcService (ConfUtils.java:logGet(46)) - raft.grpc.flow.control.window = 5MB (=5242880) (custom)
2022-09-03 01:13:33,236 [Listener at 127.0.0.1/44253] INFO  server.RaftServerConfigKeys (ConfUtils.java:logGet(46)) - raft.server.rpc.request.timeout = 60s (custom)
2022-09-03 01:13:33,236 [Listener at 127.0.0.1/44253] INFO  grpc.GrpcConfigKeys (ConfUtils.java:logGet(46)) - raft.grpc.server.async.request.thread.pool.cached = true (default)
2022-09-03 01:13:33,236 [Listener at 127.0.0.1/44253] INFO  grpc.GrpcConfigKeys (ConfUtils.java:logGet(46)) - raft.grpc.server.async.request.thread.pool.size = 32 (default)
2022-09-03 01:13:33,237 [Listener at 127.0.0.1/44253] INFO  impl.DataStreamServerImpl (ConfUtils.java:logGet(46)) - raft.datastream.type = DISABLED (default)
2022-09-03 01:13:33,237 [Listener at 127.0.0.1/44253] INFO  server.RaftServerConfigKeys (ConfUtils.java:logGet(46)) - raft.server.threadpool.proxy.cached = true (default)
2022-09-03 01:13:33,237 [Listener at 127.0.0.1/44253] INFO  server.RaftServerConfigKeys (ConfUtils.java:logGet(46)) - raft.server.threadpool.proxy.size = 0 (default)
2022-09-03 01:13:33,237 [Listener at 127.0.0.1/44253] INFO  server.RaftServerConfigKeys (ConfUtils.java:logGet(46)) - raft.server.rpc.slowness.timeout = 300s (custom)
2022-09-03 01:13:33,237 [Listener at 127.0.0.1/44253] INFO  server.RaftServerConfigKeys (ConfUtils.java:logGet(46)) - raft.server.leaderelection.leader.step-down.wait-time = 10s (default)
2022-09-03 01:13:33,237 [Listener at 127.0.0.1/44253] INFO  server.RaftServerConfigKeys (ConfUtils.java:logGet(46)) - raft.server.storage.dir = [/home/runner/work/ozone/ozone/hadoop-ozone/integration-test/target/test-dir/MiniOzoneClusterImpl-b7bb7c95-97ac-4743-8c58-bec42c492c64/datanode-0/data/ratis] (custom)
2022-09-03 01:13:33,263 [Listener at 127.0.0.1/44253] INFO  server.XceiverServerGrpc (XceiverServerGrpc.java:<init>(132)) - GrpcServer channel type EpollServerSocketChannel
2022-09-03 01:13:33,335 [Listener at 127.0.0.1/44253] INFO  http.BaseHttpServer (BaseHttpServer.java:newHttpServer2BuilderForOzone(213)) - Starting Web-server for hddsDatanode at: http://0.0.0.0:0
2022-09-03 01:13:33,336 [Listener at 127.0.0.1/44253] INFO  http.BaseHttpServer (BaseHttpServer.java:<init>(108)) - Hadoop Security Enabled: false Ozone Security Enabled: false Ozone HTTP Security Enabled: false 
2022-09-03 01:13:33,337 [Listener at 127.0.0.1/44253] INFO  server.AuthenticationFilter (AuthenticationFilter.java:constructSecretProvider(240)) - Unable to initialize FileSignerSecretProvider, falling back to use random secrets.
2022-09-03 01:13:33,338 [Listener at 127.0.0.1/44253] WARN  http.HttpRequestLog (HttpRequestLog.java:getRequestLog(103)) - Jetty request log can only be enabled using Log4j
2022-09-03 01:13:33,339 [Listener at 127.0.0.1/44253] INFO  http.HttpServer2 (HttpServer2.java:addGlobalFilter(1029)) - Added global filter 'safety' (class=org.apache.hadoop.hdds.server.http.HttpServer2$QuotingInputFilter)
2022-09-03 01:13:33,340 [Listener at 127.0.0.1/44253] INFO  http.HttpServer2 (HttpServer2.java:addFilter(1005)) - Added filter static_user_filter (class=org.apache.hadoop.http.lib.StaticUserWebFilter$StaticUserFilter) to context hddsDatanode
2022-09-03 01:13:33,340 [Listener at 127.0.0.1/44253] INFO  http.HttpServer2 (HttpServer2.java:addFilter(1013)) - Added filter static_user_filter (class=org.apache.hadoop.http.lib.StaticUserWebFilter$StaticUserFilter) to context static
2022-09-03 01:13:33,340 [Listener at 127.0.0.1/44253] INFO  http.HttpServer2 (HttpServer2.java:addFilter(1013)) - Added filter static_user_filter (class=org.apache.hadoop.http.lib.StaticUserWebFilter$StaticUserFilter) to context logs
2022-09-03 01:13:33,341 [Listener at 127.0.0.1/44253] INFO  http.HttpServer2 (HttpServer2.java:bindListener(1248)) - Jetty bound to port 37505
2022-09-03 01:13:33,341 [Listener at 127.0.0.1/44253] INFO  server.Server (Server.java:doStart(375)) - jetty-9.4.43.v20210629; built: 2021-06-30T11:07:22.254Z; git: 526006ecfa3af7f1a27ef3a288e2bef7ea9dd7e8; jvm 1.8.0_345-b01
2022-09-03 01:13:33,342 [Listener at 127.0.0.1/44253] INFO  server.session (DefaultSessionIdManager.java:doStart(334)) - DefaultSessionIdManager workerName=node0
2022-09-03 01:13:33,343 [Listener at 127.0.0.1/44253] INFO  server.session (DefaultSessionIdManager.java:doStart(339)) - No SessionScavenger set, using defaults
2022-09-03 01:13:33,343 [Listener at 127.0.0.1/44253] INFO  server.session (HouseKeeper.java:startScavenging(132)) - node0 Scavenging every 600000ms
2022-09-03 01:13:33,343 [Listener at 127.0.0.1/44253] INFO  handler.ContextHandler (ContextHandler.java:doStart(915)) - Started o.e.j.s.ServletContextHandler@215c7f3a{logs,/logs,file:///home/runner/work/ozone/ozone/hadoop-ozone/integration-test/target/log,AVAILABLE}
2022-09-03 01:13:33,344 [Listener at 127.0.0.1/44253] INFO  handler.ContextHandler (ContextHandler.java:doStart(915)) - Started o.e.j.s.ServletContextHandler@2e2f176{static,/static,jar:file:/home/runner/.m2/repository/org/apache/ozone/hdds-container-service/1.3.0-SNAPSHOT/hdds-container-service-1.3.0-SNAPSHOT.jar!/webapps/static,AVAILABLE}
2022-09-03 01:13:33,573 [Listener at 127.0.0.1/44253] INFO  handler.ContextHandler (ContextHandler.java:doStart(915)) - Started o.e.j.w.WebAppContext@61f26e5d{hddsDatanode,/,file:///tmp/jetty-0_0_0_0-37505-hdds-container-service-1_3_0-SNAPSHOT_jar-_-any-1335067053176991387/webapp/,AVAILABLE}{jar:file:/home/runner/.m2/repository/org/apache/ozone/hdds-container-service/1.3.0-SNAPSHOT/hdds-container-service-1.3.0-SNAPSHOT.jar!/webapps/hddsDatanode}
2022-09-03 01:13:33,575 [Listener at 127.0.0.1/44253] INFO  server.AbstractConnector (AbstractConnector.java:doStart(331)) - Started ServerConnector@dc4df4b{HTTP/1.1, (http/1.1)}{0.0.0.0:37505}
2022-09-03 01:13:33,576 [Listener at 127.0.0.1/44253] INFO  server.Server (Server.java:doStart(415)) - Started @27603ms
2022-09-03 01:13:33,576 [Listener at 127.0.0.1/44253] WARN  impl.MetricsSystemImpl (MetricsSystemImpl.java:register(279)) - Sink prometheus already exists!
2022-09-03 01:13:33,577 [Listener at 127.0.0.1/44253] INFO  http.BaseHttpServer (BaseHttpServer.java:updateConnectorAddress(333)) - HTTP server of hddsDatanode listening at http://0.0.0.0:37505
2022-09-03 01:13:33,579 [Datanode State Machine Daemon Thread] INFO  statemachine.DatanodeStateMachine (DatanodeStateMachine.java:lambda$startDaemon$0(492)) - Ozone container server started.
2022-09-03 01:13:33,586 [Listener at 127.0.0.1/44253] WARN  impl.MetricRegistriesImpl (MetricRegistriesImpl.java:addReporterRegistration(111)) - New reporters are added after registries were created. Some metrics will be missing from the reporter. Please add reporter before adding any new registry.
2022-09-03 01:13:33,586 [Listener at 127.0.0.1/44253] WARN  impl.MetricRegistriesImpl (MetricRegistriesImpl.java:addReporterRegistration(111)) - New reporters are added after registries were created. Some metrics will be missing from the reporter. Please add reporter before adding any new registry.
2022-09-03 01:13:33,586 [Listener at 127.0.0.1/44253] INFO  impl.MetricsSystemImpl (MetricsSystemImpl.java:init(158)) - HddsDatanode metrics system started (again)
2022-09-03 01:13:33,591 [org.apache.hadoop.util.JvmPauseMonitor$Monitor@6ddf3a98] INFO  util.JvmPauseMonitor (JvmPauseMonitor.java:run(188)) - Starting JVM pause monitor
2022-09-03 01:13:33,596 [Datanode State Machine Task Thread - 0] INFO  ha.SCMNodeInfo (SCMNodeInfo.java:getPort(197)) - ConfigKey ozone.scm.client.address is deprecated, For configuring different ports for each SCM use PortConfigKey ozone.scm.client.port appended with serviceId and nodeId
2022-09-03 01:13:33,600 [Datanode State Machine Task Thread - 0] INFO  ha.SCMNodeInfo (SCMNodeInfo.java:getPort(197)) - ConfigKey ozone.scm.block.client.address is deprecated, For configuring different ports for each SCM use PortConfigKey ozone.scm.block.client.port appended with serviceId and nodeId
2022-09-03 01:13:33,600 [Datanode State Machine Task Thread - 0] INFO  ha.SCMNodeInfo (SCMNodeInfo.java:getPort(197)) - ConfigKey ozone.scm.datanode.address is deprecated, For configuring different ports for each SCM use PortConfigKey ozone.scm.datanode.port appended with serviceId and nodeId
2022-09-03 01:13:33,600 [Datanode State Machine Task Thread - 0] INFO  ha.SCMNodeInfo (SCMNodeInfo.java:getPort(197)) - ConfigKey ozone.scm.client.address is deprecated, For configuring different ports for each SCM use PortConfigKey ozone.scm.client.port appended with serviceId and nodeId
2022-09-03 01:13:33,600 [Datanode State Machine Task Thread - 0] INFO  ha.SCMNodeInfo (SCMNodeInfo.java:getPort(197)) - ConfigKey ozone.scm.block.client.address is deprecated, For configuring different ports for each SCM use PortConfigKey ozone.scm.block.client.port appended with serviceId and nodeId
2022-09-03 01:13:33,600 [Datanode State Machine Task Thread - 0] INFO  ha.SCMNodeInfo (SCMNodeInfo.java:getPort(197)) - ConfigKey ozone.scm.datanode.address is deprecated, For configuring different ports for each SCM use PortConfigKey ozone.scm.datanode.port appended with serviceId and nodeId
2022-09-03 01:13:33,600 [Datanode State Machine Task Thread - 0] INFO  ha.SCMNodeInfo (SCMNodeInfo.java:getPort(197)) - ConfigKey ozone.scm.client.address is deprecated, For configuring different ports for each SCM use PortConfigKey ozone.scm.client.port appended with serviceId and nodeId
2022-09-03 01:13:33,600 [Datanode State Machine Task Thread - 0] INFO  ha.SCMNodeInfo (SCMNodeInfo.java:getPort(197)) - ConfigKey ozone.scm.block.client.address is deprecated, For configuring different ports for each SCM use PortConfigKey ozone.scm.block.client.port appended with serviceId and nodeId
2022-09-03 01:13:33,600 [Datanode State Machine Task Thread - 0] INFO  ha.SCMNodeInfo (SCMNodeInfo.java:getPort(197)) - ConfigKey ozone.scm.datanode.address is deprecated, For configuring different ports for each SCM use PortConfigKey ozone.scm.datanode.port appended with serviceId and nodeId
2022-09-03 01:13:33,612 [Listener at 127.0.0.1/44253] INFO  ozone.HddsDatanodeService (HddsDatanodeService.java:start(236)) - HddsDatanodeService host:fv-az504-37.a4wi22hdjusufhmrdcovmrycyb.dx.internal.cloudapp.net ip:10.1.1.159
2022-09-03 01:13:33,639 [Listener at 127.0.0.1/44253] INFO  upgrade.AbstractLayoutVersionManager (AbstractLayoutVersionManager.java:init(83)) - Initializing Layout version manager with metadata layout = DATANODE_SCHEMA_V3 (version = 4), software layout = DATANODE_SCHEMA_V3 (version = 4)
2022-09-03 01:13:33,721 [Listener at 127.0.0.1/44253] INFO  reflections.Reflections (Reflections.java:scan(232)) - Reflections took 81 ms to scan 7 urls, producing 133 keys and 322 values 
2022-09-03 01:13:33,722 [Listener at 127.0.0.1/44253] INFO  ha.SCMNodeInfo (SCMNodeInfo.java:getPort(197)) - ConfigKey ozone.scm.client.address is deprecated, For configuring different ports for each SCM use PortConfigKey ozone.scm.client.port appended with serviceId and nodeId
2022-09-03 01:13:33,722 [Listener at 127.0.0.1/44253] INFO  ha.SCMNodeInfo (SCMNodeInfo.java:getPort(197)) - ConfigKey ozone.scm.block.client.address is deprecated, For configuring different ports for each SCM use PortConfigKey ozone.scm.block.client.port appended with serviceId and nodeId
2022-09-03 01:13:33,723 [Listener at 127.0.0.1/44253] INFO  ha.SCMNodeInfo (SCMNodeInfo.java:getPort(197)) - ConfigKey ozone.scm.datanode.address is deprecated, For configuring different ports for each SCM use PortConfigKey ozone.scm.datanode.port appended with serviceId and nodeId
2022-09-03 01:13:33,723 [Listener at 127.0.0.1/44253] INFO  ha.SCMNodeInfo (SCMNodeInfo.java:getPort(197)) - ConfigKey ozone.scm.client.address is deprecated, For configuring different ports for each SCM use PortConfigKey ozone.scm.client.port appended with serviceId and nodeId
2022-09-03 01:13:33,723 [Listener at 127.0.0.1/44253] INFO  ha.SCMNodeInfo (SCMNodeInfo.java:getPort(197)) - ConfigKey ozone.scm.block.client.address is deprecated, For configuring different ports for each SCM use PortConfigKey ozone.scm.block.client.port appended with serviceId and nodeId
2022-09-03 01:13:33,723 [Listener at 127.0.0.1/44253] INFO  ha.SCMNodeInfo (SCMNodeInfo.java:getPort(197)) - ConfigKey ozone.scm.datanode.address is deprecated, For configuring different ports for each SCM use PortConfigKey ozone.scm.datanode.port appended with serviceId and nodeId
2022-09-03 01:13:33,723 [Listener at 127.0.0.1/44253] INFO  ha.SCMNodeInfo (SCMNodeInfo.java:getPort(197)) - ConfigKey ozone.scm.client.address is deprecated, For configuring different ports for each SCM use PortConfigKey ozone.scm.client.port appended with serviceId and nodeId
2022-09-03 01:13:33,723 [Listener at 127.0.0.1/44253] INFO  ha.SCMNodeInfo (SCMNodeInfo.java:getPort(197)) - ConfigKey ozone.scm.block.client.address is deprecated, For configuring different ports for each SCM use PortConfigKey ozone.scm.block.client.port appended with serviceId and nodeId
2022-09-03 01:13:33,723 [Listener at 127.0.0.1/44253] INFO  ha.SCMNodeInfo (SCMNodeInfo.java:getPort(197)) - ConfigKey ozone.scm.datanode.address is deprecated, For configuring different ports for each SCM use PortConfigKey ozone.scm.datanode.port appended with serviceId and nodeId
2022-09-03 01:13:33,723 [Listener at 127.0.0.1/44253] INFO  statemachine.DatanodeStateMachine (DatanodeStateMachine.java:getEndPointTaskThreadPoolSize(237)) - Datanode State Machine Task Thread Pool size 4
2022-09-03 01:13:33,741 [Listener at 127.0.0.1/44253] INFO  volume.HddsVolume (HddsVolume.java:<init>(117)) - Creating HddsVolume: /home/runner/work/ozone/ozone/hadoop-ozone/integration-test/target/test-dir/MiniOzoneClusterImpl-b7bb7c95-97ac-4743-8c58-bec42c492c64/datanode-1/data-0/containers/hdds of storage type : DISK capacity : 9223372036854775807
2022-09-03 01:13:33,741 [Listener at 127.0.0.1/44253] INFO  volume.MutableVolumeSet (MutableVolumeSet.java:initializeVolumeSet(174)) - Added Volume : /home/runner/work/ozone/ozone/hadoop-ozone/integration-test/target/test-dir/MiniOzoneClusterImpl-b7bb7c95-97ac-4743-8c58-bec42c492c64/datanode-1/data-0/containers/hdds to VolumeSet
2022-09-03 01:13:33,742 [Listener at 127.0.0.1/44253] INFO  volume.ThrottledAsyncChecker (ThrottledAsyncChecker.java:schedule(141)) - Scheduling a check for /home/runner/work/ozone/ozone/hadoop-ozone/integration-test/target/test-dir/MiniOzoneClusterImpl-b7bb7c95-97ac-4743-8c58-bec42c492c64/datanode-1/data-0/containers/hdds
2022-09-03 01:13:33,752 [Listener at 127.0.0.1/44253] INFO  volume.StorageVolumeChecker (StorageVolumeChecker.java:checkAllVolumes(202)) - Scheduled health check for volume /home/runner/work/ozone/ozone/hadoop-ozone/integration-test/target/test-dir/MiniOzoneClusterImpl-b7bb7c95-97ac-4743-8c58-bec42c492c64/datanode-1/data-0/containers/hdds
2022-09-03 01:13:33,757 [Datanode State Machine Task Thread - 0] INFO  datanode.InitDatanodeState (InitDatanodeState.java:persistContainerDatanodeDetails(138)) - DatanodeDetails is persisted to /home/runner/work/ozone/ozone/hadoop-ozone/integration-test/target/test-dir/MiniOzoneClusterImpl-b7bb7c95-97ac-4743-8c58-bec42c492c64/datanode-0/meta/datanode.id
2022-09-03 01:13:33,764 [Listener at 127.0.0.1/44253] INFO  volume.MutableVolumeSet (MutableVolumeSet.java:initializeVolumeSet(174)) - Added Volume : /home/runner/work/ozone/ozone/hadoop-ozone/integration-test/target/test-dir/MiniOzoneClusterImpl-b7bb7c95-97ac-4743-8c58-bec42c492c64/datanode-1/data/ratis to VolumeSet
2022-09-03 01:13:33,764 [Listener at 127.0.0.1/44253] INFO  volume.ThrottledAsyncChecker (ThrottledAsyncChecker.java:schedule(141)) - Scheduling a check for /home/runner/work/ozone/ozone/hadoop-ozone/integration-test/target/test-dir/MiniOzoneClusterImpl-b7bb7c95-97ac-4743-8c58-bec42c492c64/datanode-1/data/ratis
2022-09-03 01:13:33,764 [Listener at 127.0.0.1/44253] INFO  volume.StorageVolumeChecker (StorageVolumeChecker.java:checkAllVolumes(202)) - Scheduled health check for volume /home/runner/work/ozone/ozone/hadoop-ozone/integration-test/target/test-dir/MiniOzoneClusterImpl-b7bb7c95-97ac-4743-8c58-bec42c492c64/datanode-1/data/ratis
2022-09-03 01:13:33,774 [Thread-720] INFO  ozoneimpl.ContainerReader (ContainerReader.java:readVolume(175)) - Finish verifying containers on volume /home/runner/work/ozone/ozone/hadoop-ozone/integration-test/target/test-dir/MiniOzoneClusterImpl-b7bb7c95-97ac-4743-8c58-bec42c492c64/datanode-1/data-0/containers/hdds
2022-09-03 01:13:33,775 [Listener at 127.0.0.1/44253] INFO  ozoneimpl.OzoneContainer (OzoneContainer.java:buildContainerSet(300)) - Build ContainerSet costs 0s
2022-09-03 01:13:33,779 [Listener at 127.0.0.1/44253] INFO  server.RaftServer (ConfUtils.java:logGet(46)) - raft.rpc.type = GRPC (default)
2022-09-03 01:13:33,779 [Listener at 127.0.0.1/44253] INFO  grpc.GrpcFactory (GrpcFactory.java:checkPooledByteBufAllocatorUseCacheForAllThreads(48)) - PERFORMANCE WARNING: useCacheForAllThreads is true that may cause Netty to create a lot garbage objects and, as a result, trigger GC.
	It is recommended to disable useCacheForAllThreads by setting -Dorg.apache.ratis.thirdparty.io.netty.allocator.useCacheForAllThreads=false in command line.
2022-09-03 01:13:33,779 [Listener at 127.0.0.1/44253] INFO  grpc.GrpcConfigKeys (ConfUtils.java:logGet(46)) - raft.grpc.admin.port = 0 (custom)
2022-09-03 01:13:33,779 [Listener at 127.0.0.1/44253] INFO  grpc.GrpcConfigKeys (ConfUtils.java:logGet(46)) - raft.grpc.client.port = 0 (custom)
2022-09-03 01:13:33,779 [Listener at 127.0.0.1/44253] INFO  grpc.GrpcConfigKeys (ConfUtils.java:logGet(46)) - raft.grpc.server.port = 0 (default)
2022-09-03 01:13:33,779 [Listener at 127.0.0.1/44253] INFO  server.GrpcService (ConfUtils.java:logGet(46)) - raft.grpc.message.size.max = 32MB (=33554432) (custom)
2022-09-03 01:13:33,779 [Listener at 127.0.0.1/44253] INFO  server.RaftServerConfigKeys (ConfUtils.java:logGet(46)) - raft.server.log.appender.buffer.byte-limit = 33554432 (custom)
2022-09-03 01:13:33,779 [Listener at 127.0.0.1/44253] INFO  server.GrpcService (ConfUtils.java:logGet(46)) - raft.grpc.flow.control.window = 5MB (=5242880) (custom)
2022-09-03 01:13:33,780 [Listener at 127.0.0.1/44253] INFO  server.RaftServerConfigKeys (ConfUtils.java:logGet(46)) - raft.server.rpc.request.timeout = 60s (custom)
2022-09-03 01:13:33,780 [Listener at 127.0.0.1/44253] INFO  grpc.GrpcConfigKeys (ConfUtils.java:logGet(46)) - raft.grpc.server.async.request.thread.pool.cached = true (default)
2022-09-03 01:13:33,780 [Listener at 127.0.0.1/44253] INFO  grpc.GrpcConfigKeys (ConfUtils.java:logGet(46)) - raft.grpc.server.async.request.thread.pool.size = 32 (default)
2022-09-03 01:13:33,781 [Listener at 127.0.0.1/44253] INFO  impl.DataStreamServerImpl (ConfUtils.java:logGet(46)) - raft.datastream.type = DISABLED (default)
2022-09-03 01:13:33,781 [Listener at 127.0.0.1/44253] INFO  server.RaftServerConfigKeys (ConfUtils.java:logGet(46)) - raft.server.threadpool.proxy.cached = true (default)
2022-09-03 01:13:33,781 [Listener at 127.0.0.1/44253] INFO  server.RaftServerConfigKeys (ConfUtils.java:logGet(46)) - raft.server.threadpool.proxy.size = 0 (default)
2022-09-03 01:13:33,781 [Listener at 127.0.0.1/44253] INFO  server.RaftServerConfigKeys (ConfUtils.java:logGet(46)) - raft.server.rpc.slowness.timeout = 300s (custom)
2022-09-03 01:13:33,781 [Listener at 127.0.0.1/44253] INFO  server.RaftServerConfigKeys (ConfUtils.java:logGet(46)) - raft.server.leaderelection.leader.step-down.wait-time = 10s (default)
2022-09-03 01:13:33,782 [Listener at 127.0.0.1/44253] INFO  server.RaftServerConfigKeys (ConfUtils.java:logGet(46)) - raft.server.storage.dir = [/home/runner/work/ozone/ozone/hadoop-ozone/integration-test/target/test-dir/MiniOzoneClusterImpl-b7bb7c95-97ac-4743-8c58-bec42c492c64/datanode-1/data/ratis] (custom)
2022-09-03 01:13:33,783 [Listener at 127.0.0.1/44253] INFO  server.XceiverServerGrpc (XceiverServerGrpc.java:<init>(132)) - GrpcServer channel type EpollServerSocketChannel
2022-09-03 01:13:33,786 [Listener at 127.0.0.1/44253] INFO  http.BaseHttpServer (BaseHttpServer.java:newHttpServer2BuilderForOzone(213)) - Starting Web-server for hddsDatanode at: http://0.0.0.0:0
2022-09-03 01:13:33,786 [Listener at 127.0.0.1/44253] INFO  http.BaseHttpServer (BaseHttpServer.java:<init>(108)) - Hadoop Security Enabled: false Ozone Security Enabled: false Ozone HTTP Security Enabled: false 
2022-09-03 01:13:33,787 [Listener at 127.0.0.1/44253] INFO  server.AuthenticationFilter (AuthenticationFilter.java:constructSecretProvider(240)) - Unable to initialize FileSignerSecretProvider, falling back to use random secrets.
2022-09-03 01:13:33,788 [Listener at 127.0.0.1/44253] WARN  http.HttpRequestLog (HttpRequestLog.java:getRequestLog(103)) - Jetty request log can only be enabled using Log4j
2022-09-03 01:13:33,790 [Listener at 127.0.0.1/44253] INFO  http.HttpServer2 (HttpServer2.java:addGlobalFilter(1029)) - Added global filter 'safety' (class=org.apache.hadoop.hdds.server.http.HttpServer2$QuotingInputFilter)
2022-09-03 01:13:33,790 [Listener at 127.0.0.1/44253] INFO  http.HttpServer2 (HttpServer2.java:addFilter(1005)) - Added filter static_user_filter (class=org.apache.hadoop.http.lib.StaticUserWebFilter$StaticUserFilter) to context hddsDatanode
2022-09-03 01:13:33,790 [Listener at 127.0.0.1/44253] INFO  http.HttpServer2 (HttpServer2.java:addFilter(1013)) - Added filter static_user_filter (class=org.apache.hadoop.http.lib.StaticUserWebFilter$StaticUserFilter) to context logs
2022-09-03 01:13:33,791 [Listener at 127.0.0.1/44253] INFO  http.HttpServer2 (HttpServer2.java:addFilter(1013)) - Added filter static_user_filter (class=org.apache.hadoop.http.lib.StaticUserWebFilter$StaticUserFilter) to context static
2022-09-03 01:13:33,791 [Listener at 127.0.0.1/44253] INFO  http.HttpServer2 (HttpServer2.java:bindListener(1248)) - Jetty bound to port 37617
2022-09-03 01:13:33,791 [Listener at 127.0.0.1/44253] INFO  server.Server (Server.java:doStart(375)) - jetty-9.4.43.v20210629; built: 2021-06-30T11:07:22.254Z; git: 526006ecfa3af7f1a27ef3a288e2bef7ea9dd7e8; jvm 1.8.0_345-b01
2022-09-03 01:13:33,796 [Listener at 127.0.0.1/44253] INFO  server.session (DefaultSessionIdManager.java:doStart(334)) - DefaultSessionIdManager workerName=node0
2022-09-03 01:13:33,797 [Listener at 127.0.0.1/44253] INFO  server.session (DefaultSessionIdManager.java:doStart(339)) - No SessionScavenger set, using defaults
2022-09-03 01:13:33,797 [Listener at 127.0.0.1/44253] INFO  server.session (HouseKeeper.java:startScavenging(132)) - node0 Scavenging every 600000ms
2022-09-03 01:13:33,798 [Listener at 127.0.0.1/44253] INFO  handler.ContextHandler (ContextHandler.java:doStart(915)) - Started o.e.j.s.ServletContextHandler@3d3c642d{logs,/logs,file:///home/runner/work/ozone/ozone/hadoop-ozone/integration-test/target/log,AVAILABLE}
2022-09-03 01:13:33,798 [Listener at 127.0.0.1/44253] INFO  handler.ContextHandler (ContextHandler.java:doStart(915)) - Started o.e.j.s.ServletContextHandler@34dc6f35{static,/static,jar:file:/home/runner/.m2/repository/org/apache/ozone/hdds-container-service/1.3.0-SNAPSHOT/hdds-container-service-1.3.0-SNAPSHOT.jar!/webapps/static,AVAILABLE}
2022-09-03 01:13:33,806 [omNode-1@group-6C22E66A003A-FollowerState] INFO  impl.FollowerState (FollowerState.java:run(143)) - omNode-1@group-6C22E66A003A-FollowerState: change to CANDIDATE, lastRpcElapsedTime:1016768090ns, electionTimeout:1004ms
2022-09-03 01:13:33,806 [omNode-1@group-6C22E66A003A-FollowerState] INFO  impl.RoleInfo (RoleInfo.java:shutdownFollowerState(110)) - omNode-1: shutdown omNode-1@group-6C22E66A003A-FollowerState
2022-09-03 01:13:33,806 [omNode-1@group-6C22E66A003A-FollowerState] INFO  server.RaftServer$Division (RaftServerImpl.java:setRole(299)) - omNode-1@group-6C22E66A003A: changes role from  FOLLOWER to CANDIDATE at term 2 for changeToCandidate
2022-09-03 01:13:33,806 [omNode-1@group-6C22E66A003A-FollowerState] INFO  server.RaftServerConfigKeys (ConfUtils.java:logGet(46)) - raft.server.leaderelection.pre-vote = false (custom)
2022-09-03 01:13:33,806 [omNode-1@group-6C22E66A003A-FollowerState] INFO  impl.RoleInfo (RoleInfo.java:updateAndGet(139)) - omNode-1: start omNode-1@group-6C22E66A003A-LeaderElection6
2022-09-03 01:13:33,837 [omNode-1@group-6C22E66A003A-LeaderElection6] INFO  impl.LeaderElection (LeaderElection.java:askForVotes(310)) - omNode-1@group-6C22E66A003A-LeaderElection6 ELECTION round 0: submit vote requests at term 3 for -1: [omNode-3|rpc:localhost:33157|priority:0, omNode-1|rpc:localhost:32815|priority:0, omNode-2|rpc:localhost:35059|priority:0], old=null
2022-09-03 01:13:33,849 [grpc-default-executor-2] INFO  server.RaftServer$Division (RaftServerImpl.java:requestVote(1152)) - omNode-3@group-6C22E66A003A: receive requestVote(ELECTION, omNode-1, group-6C22E66A003A, 3, (t:0, i:~))
2022-09-03 01:13:33,850 [grpc-default-executor-2] INFO  impl.VoteContext (VoteContext.java:log(48)) - omNode-3@group-6C22E66A003A-FOLLOWER: reject ELECTION from omNode-1: our last entry (t:1, i:0) > candidate's last entry (t:0, i:~)
2022-09-03 01:13:33,853 [grpc-default-executor-2] INFO  server.RaftServer$Division (ServerState.java:setLeader(287)) - omNode-3@group-6C22E66A003A: change Leader from omNode-2 to null at term 3 for updateCurrentTerm
2022-09-03 01:13:33,853 [grpc-default-executor-2] INFO  server.RaftServer$Division (RaftServerImpl.java:setRole(299)) - omNode-3@group-6C22E66A003A: changes role from  FOLLOWER to FOLLOWER at term 3 for candidate:omNode-1
2022-09-03 01:13:33,853 [grpc-default-executor-2] INFO  impl.RoleInfo (RoleInfo.java:shutdownFollowerState(110)) - omNode-3: shutdown omNode-3@group-6C22E66A003A-FollowerState
2022-09-03 01:13:33,854 [omNode-3@group-6C22E66A003A-FollowerState] INFO  impl.FollowerState (FollowerState.java:run(152)) - omNode-3@group-6C22E66A003A-FollowerState was interrupted
2022-09-03 01:13:33,854 [grpc-default-executor-1] INFO  server.RaftServer$Division (RaftServerImpl.java:requestVote(1152)) - omNode-2@group-6C22E66A003A: receive requestVote(ELECTION, omNode-1, group-6C22E66A003A, 3, (t:0, i:~))
2022-09-03 01:13:33,854 [grpc-default-executor-1] INFO  impl.VoteContext (VoteContext.java:log(48)) - omNode-2@group-6C22E66A003A-FOLLOWER: reject ELECTION from omNode-1: our last entry (t:1, i:0) > candidate's last entry (t:0, i:~)
2022-09-03 01:13:33,854 [grpc-default-executor-1] INFO  server.RaftServer$Division (RaftServerImpl.java:setRole(299)) - omNode-2@group-6C22E66A003A: changes role from  FOLLOWER to FOLLOWER at term 3 for candidate:omNode-1
2022-09-03 01:13:33,854 [grpc-default-executor-1] INFO  impl.RoleInfo (RoleInfo.java:shutdownFollowerState(110)) - omNode-2: shutdown omNode-2@group-6C22E66A003A-FollowerState
2022-09-03 01:13:33,854 [omNode-2@group-6C22E66A003A-FollowerState] INFO  impl.FollowerState (FollowerState.java:run(152)) - omNode-2@group-6C22E66A003A-FollowerState was interrupted
2022-09-03 01:13:33,854 [grpc-default-executor-1] INFO  impl.RoleInfo (RoleInfo.java:updateAndGet(139)) - omNode-2: start omNode-2@group-6C22E66A003A-FollowerState
2022-09-03 01:13:33,854 [grpc-default-executor-2] INFO  impl.RoleInfo (RoleInfo.java:updateAndGet(139)) - omNode-3: start omNode-3@group-6C22E66A003A-FollowerState
2022-09-03 01:13:33,863 [grpc-default-executor-1] INFO  server.RaftServer$Division (RaftServerImpl.java:requestVote(1184)) - omNode-2@group-6C22E66A003A replies to ELECTION vote request: omNode-1<-omNode-2#0:FAIL-t3. Peer's state: omNode-2@group-6C22E66A003A:t3, leader=null, voted=null, raftlog=omNode-2@group-6C22E66A003A-SegmentedRaftLog:OPENED:c0, conf=0: [omNode-3|rpc:localhost:33157|admin:|client:|dataStream:|priority:0, omNode-1|rpc:localhost:32815|admin:|client:|dataStream:|priority:0, omNode-2|rpc:localhost:35059|admin:|client:|dataStream:|priority:0], old=null
2022-09-03 01:13:33,869 [grpc-default-executor-2] INFO  server.RaftServer$Division (RaftServerImpl.java:requestVote(1184)) - omNode-3@group-6C22E66A003A replies to ELECTION vote request: omNode-1<-omNode-3#0:FAIL-t3. Peer's state: omNode-3@group-6C22E66A003A:t3, leader=null, voted=null, raftlog=omNode-3@group-6C22E66A003A-SegmentedRaftLog:OPENED:c-1, conf=0: [omNode-3|rpc:localhost:33157|admin:|client:|dataStream:|priority:0, omNode-1|rpc:localhost:32815|admin:|client:|dataStream:|priority:0, omNode-2|rpc:localhost:35059|admin:|client:|dataStream:|priority:0], old=null
2022-09-03 01:13:33,871 [omNode-1@group-6C22E66A003A-LeaderElection6] INFO  impl.LeaderElection (LeaderElection.java:logAndReturn(90)) - omNode-1@group-6C22E66A003A-LeaderElection6: ELECTION REJECTED received 2 response(s) and 0 exception(s):
2022-09-03 01:13:33,871 [omNode-1@group-6C22E66A003A-LeaderElection6] INFO  impl.LeaderElection (LeaderElection.java:logAndReturn(94)) -   Response 0: omNode-1<-omNode-3#0:FAIL-t3
2022-09-03 01:13:33,872 [omNode-1@group-6C22E66A003A-LeaderElection6] INFO  impl.LeaderElection (LeaderElection.java:logAndReturn(94)) -   Response 1: omNode-1<-omNode-2#0:FAIL-t3
2022-09-03 01:13:33,872 [omNode-1@group-6C22E66A003A-LeaderElection6] INFO  impl.LeaderElection (LeaderElection.java:askForVotes(312)) - omNode-1@group-6C22E66A003A-LeaderElection6 ELECTION round 0: result REJECTED
2022-09-03 01:13:33,872 [omNode-1@group-6C22E66A003A-LeaderElection6] INFO  server.RaftServer$Division (RaftServerImpl.java:setRole(299)) - omNode-1@group-6C22E66A003A: changes role from CANDIDATE to FOLLOWER at term 3 for REJECTED
2022-09-03 01:13:33,872 [omNode-1@group-6C22E66A003A-LeaderElection6] INFO  impl.RoleInfo (RoleInfo.java:shutdownLeaderElection(130)) - omNode-1: shutdown omNode-1@group-6C22E66A003A-LeaderElection6
2022-09-03 01:13:33,872 [omNode-1@group-6C22E66A003A-LeaderElection6] INFO  impl.RoleInfo (RoleInfo.java:updateAndGet(139)) - omNode-1: start omNode-1@group-6C22E66A003A-FollowerState
2022-09-03 01:13:34,033 [Listener at 127.0.0.1/44253] INFO  handler.ContextHandler (ContextHandler.java:doStart(915)) - Started o.e.j.w.WebAppContext@1a508bab{hddsDatanode,/,file:///tmp/jetty-0_0_0_0-37617-hdds-container-service-1_3_0-SNAPSHOT_jar-_-any-7345428418611989606/webapp/,AVAILABLE}{jar:file:/home/runner/.m2/repository/org/apache/ozone/hdds-container-service/1.3.0-SNAPSHOT/hdds-container-service-1.3.0-SNAPSHOT.jar!/webapps/hddsDatanode}
2022-09-03 01:13:34,036 [Listener at 127.0.0.1/44253] INFO  server.AbstractConnector (AbstractConnector.java:doStart(331)) - Started ServerConnector@2458e2bd{HTTP/1.1, (http/1.1)}{0.0.0.0:37617}
2022-09-03 01:13:34,036 [Listener at 127.0.0.1/44253] INFO  server.Server (Server.java:doStart(415)) - Started @28064ms
2022-09-03 01:13:34,037 [Listener at 127.0.0.1/44253] WARN  impl.MetricsSystemImpl (MetricsSystemImpl.java:register(279)) - Sink prometheus already exists!
2022-09-03 01:13:34,039 [Listener at 127.0.0.1/44253] INFO  http.BaseHttpServer (BaseHttpServer.java:updateConnectorAddress(333)) - HTTP server of hddsDatanode listening at http://0.0.0.0:37617
2022-09-03 01:13:34,040 [Listener at 127.0.0.1/44253] WARN  impl.MetricRegistriesImpl (MetricRegistriesImpl.java:addReporterRegistration(111)) - New reporters are added after registries were created. Some metrics will be missing from the reporter. Please add reporter before adding any new registry.
2022-09-03 01:13:34,040 [Listener at 127.0.0.1/44253] WARN  impl.MetricRegistriesImpl (MetricRegistriesImpl.java:addReporterRegistration(111)) - New reporters are added after registries were created. Some metrics will be missing from the reporter. Please add reporter before adding any new registry.
2022-09-03 01:13:34,040 [Listener at 127.0.0.1/44253] INFO  impl.MetricsSystemImpl (MetricsSystemImpl.java:init(158)) - HddsDatanode metrics system started (again)
2022-09-03 01:13:34,048 [Datanode State Machine Daemon Thread] INFO  statemachine.DatanodeStateMachine (DatanodeStateMachine.java:lambda$startDaemon$0(492)) - Ozone container server started.
2022-09-03 01:13:34,052 [Listener at 127.0.0.1/44253] INFO  ozone.HddsDatanodeService (HddsDatanodeService.java:start(236)) - HddsDatanodeService host:fv-az504-37.a4wi22hdjusufhmrdcovmrycyb.dx.internal.cloudapp.net ip:10.1.1.159
2022-09-03 01:13:34,053 [org.apache.hadoop.util.JvmPauseMonitor$Monitor@5126326e] INFO  util.JvmPauseMonitor (JvmPauseMonitor.java:run(188)) - Starting JVM pause monitor
2022-09-03 01:13:34,054 [Datanode State Machine Task Thread - 0] INFO  ha.SCMNodeInfo (SCMNodeInfo.java:getPort(197)) - ConfigKey ozone.scm.client.address is deprecated, For configuring different ports for each SCM use PortConfigKey ozone.scm.client.port appended with serviceId and nodeId
2022-09-03 01:13:34,054 [Datanode State Machine Task Thread - 0] INFO  ha.SCMNodeInfo (SCMNodeInfo.java:getPort(197)) - ConfigKey ozone.scm.block.client.address is deprecated, For configuring different ports for each SCM use PortConfigKey ozone.scm.block.client.port appended with serviceId and nodeId
2022-09-03 01:13:34,054 [Datanode State Machine Task Thread - 0] INFO  ha.SCMNodeInfo (SCMNodeInfo.java:getPort(197)) - ConfigKey ozone.scm.datanode.address is deprecated, For configuring different ports for each SCM use PortConfigKey ozone.scm.datanode.port appended with serviceId and nodeId
2022-09-03 01:13:34,054 [Datanode State Machine Task Thread - 0] INFO  ha.SCMNodeInfo (SCMNodeInfo.java:getPort(197)) - ConfigKey ozone.scm.client.address is deprecated, For configuring different ports for each SCM use PortConfigKey ozone.scm.client.port appended with serviceId and nodeId
2022-09-03 01:13:34,054 [Datanode State Machine Task Thread - 0] INFO  ha.SCMNodeInfo (SCMNodeInfo.java:getPort(197)) - ConfigKey ozone.scm.block.client.address is deprecated, For configuring different ports for each SCM use PortConfigKey ozone.scm.block.client.port appended with serviceId and nodeId
2022-09-03 01:13:34,054 [Datanode State Machine Task Thread - 0] INFO  ha.SCMNodeInfo (SCMNodeInfo.java:getPort(197)) - ConfigKey ozone.scm.datanode.address is deprecated, For configuring different ports for each SCM use PortConfigKey ozone.scm.datanode.port appended with serviceId and nodeId
2022-09-03 01:13:34,054 [Datanode State Machine Task Thread - 0] INFO  ha.SCMNodeInfo (SCMNodeInfo.java:getPort(197)) - ConfigKey ozone.scm.client.address is deprecated, For configuring different ports for each SCM use PortConfigKey ozone.scm.client.port appended with serviceId and nodeId
2022-09-03 01:13:34,054 [Datanode State Machine Task Thread - 0] INFO  ha.SCMNodeInfo (SCMNodeInfo.java:getPort(197)) - ConfigKey ozone.scm.block.client.address is deprecated, For configuring different ports for each SCM use PortConfigKey ozone.scm.block.client.port appended with serviceId and nodeId
2022-09-03 01:13:34,054 [Datanode State Machine Task Thread - 0] INFO  ha.SCMNodeInfo (SCMNodeInfo.java:getPort(197)) - ConfigKey ozone.scm.datanode.address is deprecated, For configuring different ports for each SCM use PortConfigKey ozone.scm.datanode.port appended with serviceId and nodeId
2022-09-03 01:13:34,068 [Datanode State Machine Task Thread - 0] INFO  datanode.InitDatanodeState (InitDatanodeState.java:persistContainerDatanodeDetails(138)) - DatanodeDetails is persisted to /home/runner/work/ozone/ozone/hadoop-ozone/integration-test/target/test-dir/MiniOzoneClusterImpl-b7bb7c95-97ac-4743-8c58-bec42c492c64/datanode-1/meta/datanode.id
2022-09-03 01:13:34,079 [Listener at 127.0.0.1/44253] INFO  upgrade.AbstractLayoutVersionManager (AbstractLayoutVersionManager.java:init(83)) - Initializing Layout version manager with metadata layout = DATANODE_SCHEMA_V3 (version = 4), software layout = DATANODE_SCHEMA_V3 (version = 4)
2022-09-03 01:13:34,125 [Listener at 127.0.0.1/44253] INFO  reflections.Reflections (Reflections.java:scan(232)) - Reflections took 45 ms to scan 7 urls, producing 133 keys and 322 values 
2022-09-03 01:13:34,127 [Listener at 127.0.0.1/44253] INFO  ha.SCMNodeInfo (SCMNodeInfo.java:getPort(197)) - ConfigKey ozone.scm.client.address is deprecated, For configuring different ports for each SCM use PortConfigKey ozone.scm.client.port appended with serviceId and nodeId
2022-09-03 01:13:34,127 [Listener at 127.0.0.1/44253] INFO  ha.SCMNodeInfo (SCMNodeInfo.java:getPort(197)) - ConfigKey ozone.scm.block.client.address is deprecated, For configuring different ports for each SCM use PortConfigKey ozone.scm.block.client.port appended with serviceId and nodeId
2022-09-03 01:13:34,127 [Listener at 127.0.0.1/44253] INFO  ha.SCMNodeInfo (SCMNodeInfo.java:getPort(197)) - ConfigKey ozone.scm.datanode.address is deprecated, For configuring different ports for each SCM use PortConfigKey ozone.scm.datanode.port appended with serviceId and nodeId
2022-09-03 01:13:34,127 [Listener at 127.0.0.1/44253] INFO  ha.SCMNodeInfo (SCMNodeInfo.java:getPort(197)) - ConfigKey ozone.scm.client.address is deprecated, For configuring different ports for each SCM use PortConfigKey ozone.scm.client.port appended with serviceId and nodeId
2022-09-03 01:13:34,127 [Listener at 127.0.0.1/44253] INFO  ha.SCMNodeInfo (SCMNodeInfo.java:getPort(197)) - ConfigKey ozone.scm.block.client.address is deprecated, For configuring different ports for each SCM use PortConfigKey ozone.scm.block.client.port appended with serviceId and nodeId
2022-09-03 01:13:34,127 [Listener at 127.0.0.1/44253] INFO  ha.SCMNodeInfo (SCMNodeInfo.java:getPort(197)) - ConfigKey ozone.scm.datanode.address is deprecated, For configuring different ports for each SCM use PortConfigKey ozone.scm.datanode.port appended with serviceId and nodeId
2022-09-03 01:13:34,127 [Listener at 127.0.0.1/44253] INFO  ha.SCMNodeInfo (SCMNodeInfo.java:getPort(197)) - ConfigKey ozone.scm.client.address is deprecated, For configuring different ports for each SCM use PortConfigKey ozone.scm.client.port appended with serviceId and nodeId
2022-09-03 01:13:34,127 [Listener at 127.0.0.1/44253] INFO  ha.SCMNodeInfo (SCMNodeInfo.java:getPort(197)) - ConfigKey ozone.scm.block.client.address is deprecated, For configuring different ports for each SCM use PortConfigKey ozone.scm.block.client.port appended with serviceId and nodeId
2022-09-03 01:13:34,127 [Listener at 127.0.0.1/44253] INFO  ha.SCMNodeInfo (SCMNodeInfo.java:getPort(197)) - ConfigKey ozone.scm.datanode.address is deprecated, For configuring different ports for each SCM use PortConfigKey ozone.scm.datanode.port appended with serviceId and nodeId
2022-09-03 01:13:34,127 [Listener at 127.0.0.1/44253] INFO  statemachine.DatanodeStateMachine (DatanodeStateMachine.java:getEndPointTaskThreadPoolSize(237)) - Datanode State Machine Task Thread Pool size 4
2022-09-03 01:13:34,134 [Listener at 127.0.0.1/44253] INFO  volume.HddsVolume (HddsVolume.java:<init>(117)) - Creating HddsVolume: /home/runner/work/ozone/ozone/hadoop-ozone/integration-test/target/test-dir/MiniOzoneClusterImpl-b7bb7c95-97ac-4743-8c58-bec42c492c64/datanode-2/data-0/containers/hdds of storage type : DISK capacity : 9223372036854775807
2022-09-03 01:13:34,134 [Listener at 127.0.0.1/44253] INFO  volume.MutableVolumeSet (MutableVolumeSet.java:initializeVolumeSet(174)) - Added Volume : /home/runner/work/ozone/ozone/hadoop-ozone/integration-test/target/test-dir/MiniOzoneClusterImpl-b7bb7c95-97ac-4743-8c58-bec42c492c64/datanode-2/data-0/containers/hdds to VolumeSet
2022-09-03 01:13:34,134 [Listener at 127.0.0.1/44253] INFO  volume.ThrottledAsyncChecker (ThrottledAsyncChecker.java:schedule(141)) - Scheduling a check for /home/runner/work/ozone/ozone/hadoop-ozone/integration-test/target/test-dir/MiniOzoneClusterImpl-b7bb7c95-97ac-4743-8c58-bec42c492c64/datanode-2/data-0/containers/hdds
2022-09-03 01:13:34,135 [Listener at 127.0.0.1/44253] INFO  volume.StorageVolumeChecker (StorageVolumeChecker.java:checkAllVolumes(202)) - Scheduled health check for volume /home/runner/work/ozone/ozone/hadoop-ozone/integration-test/target/test-dir/MiniOzoneClusterImpl-b7bb7c95-97ac-4743-8c58-bec42c492c64/datanode-2/data-0/containers/hdds
2022-09-03 01:13:34,148 [Listener at 127.0.0.1/44253] INFO  volume.MutableVolumeSet (MutableVolumeSet.java:initializeVolumeSet(174)) - Added Volume : /home/runner/work/ozone/ozone/hadoop-ozone/integration-test/target/test-dir/MiniOzoneClusterImpl-b7bb7c95-97ac-4743-8c58-bec42c492c64/datanode-2/data/ratis to VolumeSet
2022-09-03 01:13:34,148 [Listener at 127.0.0.1/44253] INFO  volume.ThrottledAsyncChecker (ThrottledAsyncChecker.java:schedule(141)) - Scheduling a check for /home/runner/work/ozone/ozone/hadoop-ozone/integration-test/target/test-dir/MiniOzoneClusterImpl-b7bb7c95-97ac-4743-8c58-bec42c492c64/datanode-2/data/ratis
2022-09-03 01:13:34,149 [Listener at 127.0.0.1/44253] INFO  volume.StorageVolumeChecker (StorageVolumeChecker.java:checkAllVolumes(202)) - Scheduled health check for volume /home/runner/work/ozone/ozone/hadoop-ozone/integration-test/target/test-dir/MiniOzoneClusterImpl-b7bb7c95-97ac-4743-8c58-bec42c492c64/datanode-2/data/ratis
2022-09-03 01:13:34,161 [Thread-739] INFO  ozoneimpl.ContainerReader (ContainerReader.java:readVolume(175)) - Finish verifying containers on volume /home/runner/work/ozone/ozone/hadoop-ozone/integration-test/target/test-dir/MiniOzoneClusterImpl-b7bb7c95-97ac-4743-8c58-bec42c492c64/datanode-2/data-0/containers/hdds
2022-09-03 01:13:34,161 [Listener at 127.0.0.1/44253] INFO  ozoneimpl.OzoneContainer (OzoneContainer.java:buildContainerSet(300)) - Build ContainerSet costs 0s
2022-09-03 01:13:34,166 [Listener at 127.0.0.1/44253] INFO  server.RaftServer (ConfUtils.java:logGet(46)) - raft.rpc.type = GRPC (default)
2022-09-03 01:13:34,166 [Listener at 127.0.0.1/44253] INFO  grpc.GrpcFactory (GrpcFactory.java:checkPooledByteBufAllocatorUseCacheForAllThreads(48)) - PERFORMANCE WARNING: useCacheForAllThreads is true that may cause Netty to create a lot garbage objects and, as a result, trigger GC.
	It is recommended to disable useCacheForAllThreads by setting -Dorg.apache.ratis.thirdparty.io.netty.allocator.useCacheForAllThreads=false in command line.
2022-09-03 01:13:34,166 [Listener at 127.0.0.1/44253] INFO  grpc.GrpcConfigKeys (ConfUtils.java:logGet(46)) - raft.grpc.admin.port = 0 (custom)
2022-09-03 01:13:34,167 [Listener at 127.0.0.1/44253] INFO  grpc.GrpcConfigKeys (ConfUtils.java:logGet(46)) - raft.grpc.client.port = 0 (custom)
2022-09-03 01:13:34,167 [Listener at 127.0.0.1/44253] INFO  grpc.GrpcConfigKeys (ConfUtils.java:logGet(46)) - raft.grpc.server.port = 0 (default)
2022-09-03 01:13:34,167 [Listener at 127.0.0.1/44253] INFO  server.GrpcService (ConfUtils.java:logGet(46)) - raft.grpc.message.size.max = 32MB (=33554432) (custom)
2022-09-03 01:13:34,167 [Listener at 127.0.0.1/44253] INFO  server.RaftServerConfigKeys (ConfUtils.java:logGet(46)) - raft.server.log.appender.buffer.byte-limit = 33554432 (custom)
2022-09-03 01:13:34,167 [Listener at 127.0.0.1/44253] INFO  server.GrpcService (ConfUtils.java:logGet(46)) - raft.grpc.flow.control.window = 5MB (=5242880) (custom)
2022-09-03 01:13:34,167 [Listener at 127.0.0.1/44253] INFO  server.RaftServerConfigKeys (ConfUtils.java:logGet(46)) - raft.server.rpc.request.timeout = 60s (custom)
2022-09-03 01:13:34,167 [Listener at 127.0.0.1/44253] INFO  grpc.GrpcConfigKeys (ConfUtils.java:logGet(46)) - raft.grpc.server.async.request.thread.pool.cached = true (default)
2022-09-03 01:13:34,167 [Listener at 127.0.0.1/44253] INFO  grpc.GrpcConfigKeys (ConfUtils.java:logGet(46)) - raft.grpc.server.async.request.thread.pool.size = 32 (default)
2022-09-03 01:13:34,169 [Listener at 127.0.0.1/44253] INFO  impl.DataStreamServerImpl (ConfUtils.java:logGet(46)) - raft.datastream.type = DISABLED (default)
2022-09-03 01:13:34,169 [Listener at 127.0.0.1/44253] INFO  server.RaftServerConfigKeys (ConfUtils.java:logGet(46)) - raft.server.threadpool.proxy.cached = true (default)
2022-09-03 01:13:34,169 [Listener at 127.0.0.1/44253] INFO  server.RaftServerConfigKeys (ConfUtils.java:logGet(46)) - raft.server.threadpool.proxy.size = 0 (default)
2022-09-03 01:13:34,170 [Listener at 127.0.0.1/44253] INFO  server.RaftServerConfigKeys (ConfUtils.java:logGet(46)) - raft.server.rpc.slowness.timeout = 300s (custom)
2022-09-03 01:13:34,170 [Listener at 127.0.0.1/44253] INFO  server.RaftServerConfigKeys (ConfUtils.java:logGet(46)) - raft.server.leaderelection.leader.step-down.wait-time = 10s (default)
2022-09-03 01:13:34,170 [Listener at 127.0.0.1/44253] INFO  server.RaftServerConfigKeys (ConfUtils.java:logGet(46)) - raft.server.storage.dir = [/home/runner/work/ozone/ozone/hadoop-ozone/integration-test/target/test-dir/MiniOzoneClusterImpl-b7bb7c95-97ac-4743-8c58-bec42c492c64/datanode-2/data/ratis] (custom)
2022-09-03 01:13:34,172 [Listener at 127.0.0.1/44253] INFO  server.XceiverServerGrpc (XceiverServerGrpc.java:<init>(132)) - GrpcServer channel type EpollServerSocketChannel
2022-09-03 01:13:34,179 [Listener at 127.0.0.1/44253] INFO  http.BaseHttpServer (BaseHttpServer.java:newHttpServer2BuilderForOzone(213)) - Starting Web-server for hddsDatanode at: http://0.0.0.0:0
2022-09-03 01:13:34,179 [Listener at 127.0.0.1/44253] INFO  http.BaseHttpServer (BaseHttpServer.java:<init>(108)) - Hadoop Security Enabled: false Ozone Security Enabled: false Ozone HTTP Security Enabled: false 
2022-09-03 01:13:34,180 [Listener at 127.0.0.1/44253] INFO  server.AuthenticationFilter (AuthenticationFilter.java:constructSecretProvider(240)) - Unable to initialize FileSignerSecretProvider, falling back to use random secrets.
2022-09-03 01:13:34,182 [Listener at 127.0.0.1/44253] WARN  http.HttpRequestLog (HttpRequestLog.java:getRequestLog(103)) - Jetty request log can only be enabled using Log4j
2022-09-03 01:13:34,183 [Listener at 127.0.0.1/44253] INFO  http.HttpServer2 (HttpServer2.java:addGlobalFilter(1029)) - Added global filter 'safety' (class=org.apache.hadoop.hdds.server.http.HttpServer2$QuotingInputFilter)
2022-09-03 01:13:34,184 [Listener at 127.0.0.1/44253] INFO  http.HttpServer2 (HttpServer2.java:addFilter(1005)) - Added filter static_user_filter (class=org.apache.hadoop.http.lib.StaticUserWebFilter$StaticUserFilter) to context hddsDatanode
2022-09-03 01:13:34,184 [Listener at 127.0.0.1/44253] INFO  http.HttpServer2 (HttpServer2.java:addFilter(1013)) - Added filter static_user_filter (class=org.apache.hadoop.http.lib.StaticUserWebFilter$StaticUserFilter) to context logs
2022-09-03 01:13:34,184 [Listener at 127.0.0.1/44253] INFO  http.HttpServer2 (HttpServer2.java:addFilter(1013)) - Added filter static_user_filter (class=org.apache.hadoop.http.lib.StaticUserWebFilter$StaticUserFilter) to context static
2022-09-03 01:13:34,185 [Listener at 127.0.0.1/44253] INFO  http.HttpServer2 (HttpServer2.java:bindListener(1248)) - Jetty bound to port 39971
2022-09-03 01:13:34,185 [Listener at 127.0.0.1/44253] INFO  server.Server (Server.java:doStart(375)) - jetty-9.4.43.v20210629; built: 2021-06-30T11:07:22.254Z; git: 526006ecfa3af7f1a27ef3a288e2bef7ea9dd7e8; jvm 1.8.0_345-b01
2022-09-03 01:13:34,187 [Listener at 127.0.0.1/44253] INFO  server.session (DefaultSessionIdManager.java:doStart(334)) - DefaultSessionIdManager workerName=node0
2022-09-03 01:13:34,187 [Listener at 127.0.0.1/44253] INFO  server.session (DefaultSessionIdManager.java:doStart(339)) - No SessionScavenger set, using defaults
2022-09-03 01:13:34,187 [Listener at 127.0.0.1/44253] INFO  server.session (HouseKeeper.java:startScavenging(132)) - node0 Scavenging every 600000ms
2022-09-03 01:13:34,189 [Listener at 127.0.0.1/44253] INFO  handler.ContextHandler (ContextHandler.java:doStart(915)) - Started o.e.j.s.ServletContextHandler@37d90ae8{logs,/logs,file:///home/runner/work/ozone/ozone/hadoop-ozone/integration-test/target/log,AVAILABLE}
2022-09-03 01:13:34,189 [Listener at 127.0.0.1/44253] INFO  handler.ContextHandler (ContextHandler.java:doStart(915)) - Started o.e.j.s.ServletContextHandler@3f9dfd41{static,/static,jar:file:/home/runner/.m2/repository/org/apache/ozone/hdds-container-service/1.3.0-SNAPSHOT/hdds-container-service-1.3.0-SNAPSHOT.jar!/webapps/static,AVAILABLE}
2022-09-03 01:13:34,372 [Listener at 127.0.0.1/44253] INFO  handler.ContextHandler (ContextHandler.java:doStart(915)) - Started o.e.j.w.WebAppContext@4404a85f{hddsDatanode,/,file:///tmp/jetty-0_0_0_0-39971-hdds-container-service-1_3_0-SNAPSHOT_jar-_-any-7754088513543845051/webapp/,AVAILABLE}{jar:file:/home/runner/.m2/repository/org/apache/ozone/hdds-container-service/1.3.0-SNAPSHOT/hdds-container-service-1.3.0-SNAPSHOT.jar!/webapps/hddsDatanode}
2022-09-03 01:13:34,374 [Listener at 127.0.0.1/44253] INFO  server.AbstractConnector (AbstractConnector.java:doStart(331)) - Started ServerConnector@163a9fbb{HTTP/1.1, (http/1.1)}{0.0.0.0:39971}
2022-09-03 01:13:34,374 [Listener at 127.0.0.1/44253] INFO  server.Server (Server.java:doStart(415)) - Started @28402ms
2022-09-03 01:13:34,374 [Listener at 127.0.0.1/44253] WARN  impl.MetricsSystemImpl (MetricsSystemImpl.java:register(279)) - Sink prometheus already exists!
2022-09-03 01:13:34,375 [Listener at 127.0.0.1/44253] INFO  http.BaseHttpServer (BaseHttpServer.java:updateConnectorAddress(333)) - HTTP server of hddsDatanode listening at http://0.0.0.0:39971
2022-09-03 01:13:34,375 [Datanode State Machine Daemon Thread] INFO  statemachine.DatanodeStateMachine (DatanodeStateMachine.java:lambda$startDaemon$0(492)) - Ozone container server started.
2022-09-03 01:13:34,379 [Listener at 127.0.0.1/44253] INFO  ozone.MiniOzoneClusterImpl (MiniOzoneClusterImpl.java:lambda$waitForClusterToBeReady$0(216)) - Waiting for nodes to be ready. Got 0 of 3 DN Heartbeats.
2022-09-03 01:13:34,379 [Listener at 127.0.0.1/44253] INFO  ozone.MiniOzoneClusterImpl (MiniOzoneClusterImpl.java:lambda$waitForClusterToBeReady$0(219)) - Waiting for cluster to exit safe mode
2022-09-03 01:13:34,379 [Listener at 127.0.0.1/44253] INFO  ozone.MiniOzoneClusterImpl (MiniOzoneClusterImpl.java:lambda$waitForClusterToBeReady$0(221)) - SCM became leader
2022-09-03 01:13:34,380 [org.apache.hadoop.util.JvmPauseMonitor$Monitor@514c82ea] INFO  util.JvmPauseMonitor (JvmPauseMonitor.java:run(188)) - Starting JVM pause monitor
2022-09-03 01:13:34,380 [Datanode State Machine Task Thread - 0] INFO  ha.SCMNodeInfo (SCMNodeInfo.java:getPort(197)) - ConfigKey ozone.scm.client.address is deprecated, For configuring different ports for each SCM use PortConfigKey ozone.scm.client.port appended with serviceId and nodeId
2022-09-03 01:13:34,380 [Datanode State Machine Task Thread - 0] INFO  ha.SCMNodeInfo (SCMNodeInfo.java:getPort(197)) - ConfigKey ozone.scm.block.client.address is deprecated, For configuring different ports for each SCM use PortConfigKey ozone.scm.block.client.port appended with serviceId and nodeId
2022-09-03 01:13:34,380 [Datanode State Machine Task Thread - 0] INFO  ha.SCMNodeInfo (SCMNodeInfo.java:getPort(197)) - ConfigKey ozone.scm.datanode.address is deprecated, For configuring different ports for each SCM use PortConfigKey ozone.scm.datanode.port appended with serviceId and nodeId
2022-09-03 01:13:34,380 [Datanode State Machine Task Thread - 0] INFO  ha.SCMNodeInfo (SCMNodeInfo.java:getPort(197)) - ConfigKey ozone.scm.client.address is deprecated, For configuring different ports for each SCM use PortConfigKey ozone.scm.client.port appended with serviceId and nodeId
2022-09-03 01:13:34,380 [Datanode State Machine Task Thread - 0] INFO  ha.SCMNodeInfo (SCMNodeInfo.java:getPort(197)) - ConfigKey ozone.scm.block.client.address is deprecated, For configuring different ports for each SCM use PortConfigKey ozone.scm.block.client.port appended with serviceId and nodeId
2022-09-03 01:13:34,380 [Datanode State Machine Task Thread - 0] INFO  ha.SCMNodeInfo (SCMNodeInfo.java:getPort(197)) - ConfigKey ozone.scm.datanode.address is deprecated, For configuring different ports for each SCM use PortConfigKey ozone.scm.datanode.port appended with serviceId and nodeId
2022-09-03 01:13:34,380 [Datanode State Machine Task Thread - 0] INFO  ha.SCMNodeInfo (SCMNodeInfo.java:getPort(197)) - ConfigKey ozone.scm.client.address is deprecated, For configuring different ports for each SCM use PortConfigKey ozone.scm.client.port appended with serviceId and nodeId
2022-09-03 01:13:34,380 [Datanode State Machine Task Thread - 0] INFO  ha.SCMNodeInfo (SCMNodeInfo.java:getPort(197)) - ConfigKey ozone.scm.block.client.address is deprecated, For configuring different ports for each SCM use PortConfigKey ozone.scm.block.client.port appended with serviceId and nodeId
2022-09-03 01:13:34,380 [Datanode State Machine Task Thread - 0] INFO  ha.SCMNodeInfo (SCMNodeInfo.java:getPort(197)) - ConfigKey ozone.scm.datanode.address is deprecated, For configuring different ports for each SCM use PortConfigKey ozone.scm.datanode.port appended with serviceId and nodeId
2022-09-03 01:13:34,382 [Datanode State Machine Task Thread - 0] INFO  datanode.InitDatanodeState (InitDatanodeState.java:persistContainerDatanodeDetails(138)) - DatanodeDetails is persisted to /home/runner/work/ozone/ozone/hadoop-ozone/integration-test/target/test-dir/MiniOzoneClusterImpl-b7bb7c95-97ac-4743-8c58-bec42c492c64/datanode-2/meta/datanode.id
2022-09-03 01:13:34,937 [omNode-1@group-6C22E66A003A-FollowerState] INFO  impl.FollowerState (FollowerState.java:run(143)) - omNode-1@group-6C22E66A003A-FollowerState: change to CANDIDATE, lastRpcElapsedTime:1064905434ns, electionTimeout:1048ms
2022-09-03 01:13:34,937 [omNode-1@group-6C22E66A003A-FollowerState] INFO  impl.RoleInfo (RoleInfo.java:shutdownFollowerState(110)) - omNode-1: shutdown omNode-1@group-6C22E66A003A-FollowerState
2022-09-03 01:13:34,937 [omNode-1@group-6C22E66A003A-FollowerState] INFO  server.RaftServer$Division (RaftServerImpl.java:setRole(299)) - omNode-1@group-6C22E66A003A: changes role from  FOLLOWER to CANDIDATE at term 3 for changeToCandidate
2022-09-03 01:13:34,937 [omNode-1@group-6C22E66A003A-FollowerState] INFO  server.RaftServerConfigKeys (ConfUtils.java:logGet(46)) - raft.server.leaderelection.pre-vote = false (custom)
2022-09-03 01:13:34,937 [omNode-1@group-6C22E66A003A-FollowerState] INFO  impl.RoleInfo (RoleInfo.java:updateAndGet(139)) - omNode-1: start omNode-1@group-6C22E66A003A-LeaderElection7
2022-09-03 01:13:34,944 [omNode-1@group-6C22E66A003A-LeaderElection7] INFO  impl.LeaderElection (LeaderElection.java:askForVotes(310)) - omNode-1@group-6C22E66A003A-LeaderElection7 ELECTION round 0: submit vote requests at term 4 for -1: [omNode-3|rpc:localhost:33157|priority:0, omNode-1|rpc:localhost:32815|priority:0, omNode-2|rpc:localhost:35059|priority:0], old=null
2022-09-03 01:13:34,950 [grpc-default-executor-2] INFO  server.RaftServer$Division (RaftServerImpl.java:requestVote(1152)) - omNode-2@group-6C22E66A003A: receive requestVote(ELECTION, omNode-1, group-6C22E66A003A, 4, (t:0, i:~))
2022-09-03 01:13:34,950 [grpc-default-executor-2] INFO  impl.VoteContext (VoteContext.java:log(48)) - omNode-2@group-6C22E66A003A-FOLLOWER: reject ELECTION from omNode-1: our last entry (t:1, i:0) > candidate's last entry (t:0, i:~)
2022-09-03 01:13:34,950 [grpc-default-executor-2] INFO  server.RaftServer$Division (RaftServerImpl.java:setRole(299)) - omNode-2@group-6C22E66A003A: changes role from  FOLLOWER to FOLLOWER at term 4 for candidate:omNode-1
2022-09-03 01:13:34,950 [grpc-default-executor-2] INFO  impl.RoleInfo (RoleInfo.java:shutdownFollowerState(110)) - omNode-2: shutdown omNode-2@group-6C22E66A003A-FollowerState
2022-09-03 01:13:34,950 [omNode-2@group-6C22E66A003A-FollowerState] INFO  impl.FollowerState (FollowerState.java:run(152)) - omNode-2@group-6C22E66A003A-FollowerState was interrupted
2022-09-03 01:13:34,950 [grpc-default-executor-2] INFO  impl.RoleInfo (RoleInfo.java:updateAndGet(139)) - omNode-2: start omNode-2@group-6C22E66A003A-FollowerState
2022-09-03 01:13:34,954 [grpc-default-executor-2] INFO  server.RaftServer$Division (RaftServerImpl.java:requestVote(1184)) - omNode-2@group-6C22E66A003A replies to ELECTION vote request: omNode-1<-omNode-2#0:FAIL-t4. Peer's state: omNode-2@group-6C22E66A003A:t4, leader=null, voted=null, raftlog=omNode-2@group-6C22E66A003A-SegmentedRaftLog:OPENED:c0, conf=0: [omNode-3|rpc:localhost:33157|admin:|client:|dataStream:|priority:0, omNode-1|rpc:localhost:32815|admin:|client:|dataStream:|priority:0, omNode-2|rpc:localhost:35059|admin:|client:|dataStream:|priority:0], old=null
2022-09-03 01:13:34,956 [grpc-default-executor-2] INFO  server.RaftServer$Division (RaftServerImpl.java:requestVote(1152)) - omNode-3@group-6C22E66A003A: receive requestVote(ELECTION, omNode-1, group-6C22E66A003A, 4, (t:0, i:~))
2022-09-03 01:13:34,956 [grpc-default-executor-2] INFO  impl.VoteContext (VoteContext.java:log(48)) - omNode-3@group-6C22E66A003A-FOLLOWER: reject ELECTION from omNode-1: our last entry (t:1, i:0) > candidate's last entry (t:0, i:~)
2022-09-03 01:13:34,956 [grpc-default-executor-2] INFO  server.RaftServer$Division (RaftServerImpl.java:setRole(299)) - omNode-3@group-6C22E66A003A: changes role from  FOLLOWER to FOLLOWER at term 4 for candidate:omNode-1
2022-09-03 01:13:34,956 [grpc-default-executor-2] INFO  impl.RoleInfo (RoleInfo.java:shutdownFollowerState(110)) - omNode-3: shutdown omNode-3@group-6C22E66A003A-FollowerState
2022-09-03 01:13:34,956 [grpc-default-executor-2] INFO  impl.RoleInfo (RoleInfo.java:updateAndGet(139)) - omNode-3: start omNode-3@group-6C22E66A003A-FollowerState
2022-09-03 01:13:34,956 [omNode-3@group-6C22E66A003A-FollowerState] INFO  impl.FollowerState (FollowerState.java:run(152)) - omNode-3@group-6C22E66A003A-FollowerState was interrupted
2022-09-03 01:13:34,960 [grpc-default-executor-2] INFO  server.RaftServer$Division (RaftServerImpl.java:requestVote(1184)) - omNode-3@group-6C22E66A003A replies to ELECTION vote request: omNode-1<-omNode-3#0:FAIL-t4. Peer's state: omNode-3@group-6C22E66A003A:t4, leader=null, voted=null, raftlog=omNode-3@group-6C22E66A003A-SegmentedRaftLog:OPENED:c-1, conf=0: [omNode-3|rpc:localhost:33157|admin:|client:|dataStream:|priority:0, omNode-1|rpc:localhost:32815|admin:|client:|dataStream:|priority:0, omNode-2|rpc:localhost:35059|admin:|client:|dataStream:|priority:0], old=null
2022-09-03 01:13:34,962 [omNode-1@group-6C22E66A003A-LeaderElection7] INFO  impl.LeaderElection (LeaderElection.java:logAndReturn(90)) - omNode-1@group-6C22E66A003A-LeaderElection7: ELECTION REJECTED received 2 response(s) and 0 exception(s):
2022-09-03 01:13:34,962 [omNode-1@group-6C22E66A003A-LeaderElection7] INFO  impl.LeaderElection (LeaderElection.java:logAndReturn(94)) -   Response 0: omNode-1<-omNode-3#0:FAIL-t4
2022-09-03 01:13:34,962 [omNode-1@group-6C22E66A003A-LeaderElection7] INFO  impl.LeaderElection (LeaderElection.java:logAndReturn(94)) -   Response 1: omNode-1<-omNode-2#0:FAIL-t4
2022-09-03 01:13:34,962 [omNode-1@group-6C22E66A003A-LeaderElection7] INFO  impl.LeaderElection (LeaderElection.java:askForVotes(312)) - omNode-1@group-6C22E66A003A-LeaderElection7 ELECTION round 0: result REJECTED
2022-09-03 01:13:34,963 [omNode-1@group-6C22E66A003A-LeaderElection7] INFO  server.RaftServer$Division (RaftServerImpl.java:setRole(299)) - omNode-1@group-6C22E66A003A: changes role from CANDIDATE to FOLLOWER at term 4 for REJECTED
2022-09-03 01:13:34,963 [omNode-1@group-6C22E66A003A-LeaderElection7] INFO  impl.RoleInfo (RoleInfo.java:shutdownLeaderElection(130)) - omNode-1: shutdown omNode-1@group-6C22E66A003A-LeaderElection7
2022-09-03 01:13:34,964 [omNode-1@group-6C22E66A003A-LeaderElection7] INFO  impl.RoleInfo (RoleInfo.java:updateAndGet(139)) - omNode-1: start omNode-1@group-6C22E66A003A-FollowerState
2022-09-03 01:13:35,379 [Listener at 127.0.0.1/44253] INFO  ozone.MiniOzoneClusterImpl (MiniOzoneClusterImpl.java:lambda$waitForClusterToBeReady$0(216)) - Waiting for nodes to be ready. Got 0 of 3 DN Heartbeats.
2022-09-03 01:13:35,382 [Listener at 127.0.0.1/44253] INFO  ozone.MiniOzoneClusterImpl (MiniOzoneClusterImpl.java:lambda$waitForClusterToBeReady$0(219)) - Waiting for cluster to exit safe mode
2022-09-03 01:13:35,382 [Listener at 127.0.0.1/44253] INFO  ozone.MiniOzoneClusterImpl (MiniOzoneClusterImpl.java:lambda$waitForClusterToBeReady$0(221)) - SCM became leader
2022-09-03 01:13:35,761 [EndpointStateMachine task thread for /127.0.0.1:36917 - 0 ] INFO  volume.HddsVolume (HddsVolume.java:createDbStore(310)) - SchemaV3 db is created and loaded at /home/runner/work/ozone/ozone/hadoop-ozone/integration-test/target/test-dir/MiniOzoneClusterImpl-b7bb7c95-97ac-4743-8c58-bec42c492c64/datanode-0/data-0/containers/hdds/b7bb7c95-97ac-4743-8c58-bec42c492c64/DS-dbf9f181-4baa-4528-9ba1-a9ac26d3ad6f/container.db for volume DS-dbf9f181-4baa-4528-9ba1-a9ac26d3ad6f
2022-09-03 01:13:35,770 [EndpointStateMachine task thread for /127.0.0.1:36917 - 0 ] INFO  volume.HddsVolume (HddsVolume.java:closeDbStore(341)) - SchemaV3 db is stopped at /home/runner/work/ozone/ozone/hadoop-ozone/integration-test/target/test-dir/MiniOzoneClusterImpl-b7bb7c95-97ac-4743-8c58-bec42c492c64/datanode-0/data-0/containers/hdds/b7bb7c95-97ac-4743-8c58-bec42c492c64/DS-dbf9f181-4baa-4528-9ba1-a9ac26d3ad6f/container.db for volume DS-dbf9f181-4baa-4528-9ba1-a9ac26d3ad6f
2022-09-03 01:13:35,770 [EndpointStateMachine task thread for /127.0.0.1:41659 - 0 ] INFO  ozoneimpl.OzoneContainer (OzoneContainer.java:start(378)) - Attempting to start container services.
2022-09-03 01:13:35,772 [EndpointStateMachine task thread for /127.0.0.1:41659 - 0 ] INFO  ozoneimpl.OzoneContainer (OzoneContainer.java:startContainerScrub(313)) - Background container scanner has been disabled.
2022-09-03 01:13:35,779 [EndpointStateMachine task thread for /127.0.0.1:41659 - 0 ] INFO  replication.ReplicationServer (ReplicationServer.java:start(111)) - ReplicationServer is started using port 38753
2022-09-03 01:13:35,781 [EndpointStateMachine task thread for /127.0.0.1:41659 - 0 ] INFO  ratis.XceiverServerRatis (XceiverServerRatis.java:start(481)) - Starting XceiverServerRatis 10c77fab-dd91-442a-9529-86f26ad3973e
2022-09-03 01:13:35,788 [EndpointStateMachine task thread for /127.0.0.1:41659 - 0 ] INFO  server.RaftServer (RaftServerProxy.java:lambda$start$6(382)) - 10c77fab-dd91-442a-9529-86f26ad3973e: start RPC server
2022-09-03 01:13:35,794 [EndpointStateMachine task thread for /127.0.0.1:41659 - 0 ] INFO  server.GrpcService (GrpcService.java:startImpl(260)) - 10c77fab-dd91-442a-9529-86f26ad3973e: GrpcService started, listening on 33509
2022-09-03 01:13:35,794 [EndpointStateMachine task thread for /127.0.0.1:41659 - 0 ] INFO  ratis.XceiverServerRatis (XceiverServerRatis.java:getRealPort(502)) - XceiverServerRatis 10c77fab-dd91-442a-9529-86f26ad3973e is started using port 33509 for RATIS
2022-09-03 01:13:35,794 [EndpointStateMachine task thread for /127.0.0.1:41659 - 0 ] INFO  ratis.XceiverServerRatis (XceiverServerRatis.java:getRealPort(502)) - XceiverServerRatis 10c77fab-dd91-442a-9529-86f26ad3973e is started using port 33509 for RATIS_ADMIN
2022-09-03 01:13:35,795 [EndpointStateMachine task thread for /127.0.0.1:41659 - 0 ] INFO  ratis.XceiverServerRatis (XceiverServerRatis.java:getRealPort(502)) - XceiverServerRatis 10c77fab-dd91-442a-9529-86f26ad3973e is started using port 33509 for RATIS_SERVER
2022-09-03 01:13:35,795 [org.apache.ratis.util.JvmPauseMonitor$$Lambda$519/503118660@399c7e2e] INFO  util.JvmPauseMonitor (JvmPauseMonitor.java:run(103)) - JvmPauseMonitor-10c77fab-dd91-442a-9529-86f26ad3973e: Started
2022-09-03 01:13:35,811 [EndpointStateMachine task thread for /127.0.0.1:41659 - 0 ] INFO  server.XceiverServerGrpc (XceiverServerGrpc.java:start(180)) - XceiverServerGrpc 10c77fab-dd91-442a-9529-86f26ad3973e is started using port 45003
2022-09-03 01:13:35,823 [EndpointStateMachine task thread for /127.0.0.1:36917 - 0 ] INFO  ozoneimpl.OzoneContainer (OzoneContainer.java:start(374)) - Ignore. OzoneContainer already started.
2022-09-03 01:13:35,823 [EndpointStateMachine task thread for /127.0.0.1:44975 - 0 ] INFO  ozoneimpl.OzoneContainer (OzoneContainer.java:start(374)) - Ignore. OzoneContainer already started.
2022-09-03 01:13:36,067 [omNode-2@group-6C22E66A003A-FollowerState] INFO  impl.FollowerState (FollowerState.java:run(143)) - omNode-2@group-6C22E66A003A-FollowerState: change to CANDIDATE, lastRpcElapsedTime:1116309118ns, electionTimeout:1114ms
2022-09-03 01:13:36,067 [omNode-2@group-6C22E66A003A-FollowerState] INFO  impl.RoleInfo (RoleInfo.java:shutdownFollowerState(110)) - omNode-2: shutdown omNode-2@group-6C22E66A003A-FollowerState
2022-09-03 01:13:36,067 [omNode-2@group-6C22E66A003A-FollowerState] INFO  server.RaftServer$Division (RaftServerImpl.java:setRole(299)) - omNode-2@group-6C22E66A003A: changes role from  FOLLOWER to CANDIDATE at term 4 for changeToCandidate
2022-09-03 01:13:36,067 [omNode-2@group-6C22E66A003A-FollowerState] INFO  server.RaftServerConfigKeys (ConfUtils.java:logGet(46)) - raft.server.leaderelection.pre-vote = false (custom)
2022-09-03 01:13:36,067 [omNode-2@group-6C22E66A003A-FollowerState] INFO  impl.RoleInfo (RoleInfo.java:updateAndGet(139)) - omNode-2: start omNode-2@group-6C22E66A003A-LeaderElection8
2022-09-03 01:13:36,082 [omNode-2@group-6C22E66A003A-LeaderElection8] INFO  impl.LeaderElection (LeaderElection.java:askForVotes(310)) - omNode-2@group-6C22E66A003A-LeaderElection8 ELECTION round 0: submit vote requests at term 5 for 0: [omNode-3|rpc:localhost:33157|admin:|client:|dataStream:|priority:0, omNode-1|rpc:localhost:32815|admin:|client:|dataStream:|priority:0, omNode-2|rpc:localhost:35059|admin:|client:|dataStream:|priority:0], old=null
2022-09-03 01:13:36,092 [grpc-default-executor-1] INFO  server.RaftServer$Division (RaftServerImpl.java:requestVote(1152)) - omNode-3@group-6C22E66A003A: receive requestVote(ELECTION, omNode-2, group-6C22E66A003A, 5, (t:1, i:0))
2022-09-03 01:13:36,092 [grpc-default-executor-1] INFO  impl.VoteContext (VoteContext.java:log(48)) - omNode-3@group-6C22E66A003A-FOLLOWER: accept ELECTION from omNode-2: our priority 0 <= candidate's priority 0
2022-09-03 01:13:36,092 [grpc-default-executor-1] INFO  server.RaftServer$Division (RaftServerImpl.java:setRole(299)) - omNode-3@group-6C22E66A003A: changes role from  FOLLOWER to FOLLOWER at term 5 for candidate:omNode-2
2022-09-03 01:13:36,093 [grpc-default-executor-1] INFO  impl.RoleInfo (RoleInfo.java:shutdownFollowerState(110)) - omNode-3: shutdown omNode-3@group-6C22E66A003A-FollowerState
2022-09-03 01:13:36,093 [grpc-default-executor-1] INFO  impl.RoleInfo (RoleInfo.java:updateAndGet(139)) - omNode-3: start omNode-3@group-6C22E66A003A-FollowerState
2022-09-03 01:13:36,093 [omNode-3@group-6C22E66A003A-FollowerState] INFO  impl.FollowerState (FollowerState.java:run(152)) - omNode-3@group-6C22E66A003A-FollowerState was interrupted
2022-09-03 01:13:36,093 [grpc-default-executor-2] INFO  server.RaftServer$Division (RaftServerImpl.java:requestVote(1152)) - omNode-1@group-6C22E66A003A: receive requestVote(ELECTION, omNode-2, group-6C22E66A003A, 5, (t:1, i:0))
2022-09-03 01:13:36,093 [grpc-default-executor-2] INFO  impl.VoteContext (VoteContext.java:log(48)) - omNode-1@group-6C22E66A003A-FOLLOWER: accept ELECTION from omNode-2: our last entry (t:0, i:~) < candidate's last entry (t:1, i:0)
2022-09-03 01:13:36,093 [grpc-default-executor-2] INFO  server.RaftServer$Division (RaftServerImpl.java:setRole(299)) - omNode-1@group-6C22E66A003A: changes role from  FOLLOWER to FOLLOWER at term 5 for candidate:omNode-2
2022-09-03 01:13:36,093 [grpc-default-executor-2] INFO  impl.RoleInfo (RoleInfo.java:shutdownFollowerState(110)) - omNode-1: shutdown omNode-1@group-6C22E66A003A-FollowerState
2022-09-03 01:13:36,094 [omNode-1@group-6C22E66A003A-FollowerState] INFO  impl.FollowerState (FollowerState.java:run(152)) - omNode-1@group-6C22E66A003A-FollowerState was interrupted
2022-09-03 01:13:36,094 [grpc-default-executor-2] INFO  impl.RoleInfo (RoleInfo.java:updateAndGet(139)) - omNode-1: start omNode-1@group-6C22E66A003A-FollowerState
2022-09-03 01:13:36,096 [grpc-default-executor-1] INFO  server.RaftServer$Division (RaftServerImpl.java:requestVote(1184)) - omNode-3@group-6C22E66A003A replies to ELECTION vote request: omNode-2<-omNode-3#0:OK-t5. Peer's state: omNode-3@group-6C22E66A003A:t5, leader=null, voted=omNode-2, raftlog=omNode-3@group-6C22E66A003A-SegmentedRaftLog:OPENED:c-1, conf=0: [omNode-3|rpc:localhost:33157|admin:|client:|dataStream:|priority:0, omNode-1|rpc:localhost:32815|admin:|client:|dataStream:|priority:0, omNode-2|rpc:localhost:35059|admin:|client:|dataStream:|priority:0], old=null
2022-09-03 01:13:36,114 [omNode-2@group-6C22E66A003A-LeaderElection8] INFO  impl.LeaderElection (LeaderElection.java:logAndReturn(90)) - omNode-2@group-6C22E66A003A-LeaderElection8: ELECTION PASSED received 1 response(s) and 0 exception(s):
2022-09-03 01:13:36,114 [omNode-2@group-6C22E66A003A-LeaderElection8] INFO  impl.LeaderElection (LeaderElection.java:logAndReturn(94)) -   Response 0: omNode-2<-omNode-3#0:OK-t5
2022-09-03 01:13:36,114 [omNode-2@group-6C22E66A003A-LeaderElection8] INFO  impl.LeaderElection (LeaderElection.java:askForVotes(312)) - omNode-2@group-6C22E66A003A-LeaderElection8 ELECTION round 0: result PASSED
2022-09-03 01:13:36,114 [omNode-2@group-6C22E66A003A-LeaderElection8] INFO  impl.RoleInfo (RoleInfo.java:shutdownLeaderElection(130)) - omNode-2: shutdown omNode-2@group-6C22E66A003A-LeaderElection8
2022-09-03 01:13:36,114 [omNode-2@group-6C22E66A003A-LeaderElection8] INFO  server.RaftServer$Division (RaftServerImpl.java:setRole(299)) - omNode-2@group-6C22E66A003A: changes role from CANDIDATE to LEADER at term 5 for changeToLeader
2022-09-03 01:13:36,114 [omNode-2@group-6C22E66A003A-LeaderElection8] INFO  server.RaftServer$Division (ServerState.java:setLeader(287)) - omNode-2@group-6C22E66A003A: change Leader from null to omNode-2 at term 5 for becomeLeader, leader elected after 3129ms
2022-09-03 01:13:36,115 [omNode-2@group-6C22E66A003A-LeaderElection8] INFO  server.RaftServerConfigKeys (ConfUtils.java:logGet(46)) - raft.server.staging.catchup.gap = 1000 (default)
2022-09-03 01:13:36,115 [grpc-default-executor-2] INFO  server.RaftServer$Division (RaftServerImpl.java:requestVote(1184)) - omNode-1@group-6C22E66A003A replies to ELECTION vote request: omNode-2<-omNode-1#0:OK-t5. Peer's state: omNode-1@group-6C22E66A003A:t5, leader=null, voted=omNode-2, raftlog=omNode-1@group-6C22E66A003A-SegmentedRaftLog:OPENED:c-1, conf=-1: [omNode-3|rpc:localhost:33157|priority:0, omNode-1|rpc:localhost:32815|priority:0, omNode-2|rpc:localhost:35059|priority:0], old=null
2022-09-03 01:13:36,115 [omNode-2@group-6C22E66A003A-LeaderElection8] INFO  server.RaftServerConfigKeys (ConfUtils.java:logGet(46)) - raft.server.write.element-limit = 4096 (default)
2022-09-03 01:13:36,116 [omNode-2@group-6C22E66A003A-LeaderElection8] INFO  server.RaftServerConfigKeys (ConfUtils.java:logGet(46)) - raft.server.write.byte-limit = 64MB (=67108864) (default)
2022-09-03 01:13:36,117 [omNode-2@group-6C22E66A003A-LeaderElection8] INFO  server.RaftServerConfigKeys (ConfUtils.java:logGet(46)) - raft.server.watch.timeout = 10s (default)
2022-09-03 01:13:36,117 [omNode-2@group-6C22E66A003A-LeaderElection8] INFO  server.RaftServerConfigKeys (ConfUtils.java:logGet(46)) - raft.server.watch.timeout.denomination = 1s (default)
2022-09-03 01:13:36,117 [omNode-2@group-6C22E66A003A-LeaderElection8] INFO  server.RaftServerConfigKeys (ConfUtils.java:logGet(46)) - raft.server.watch.element-limit = 65536 (default)
2022-09-03 01:13:36,117 [omNode-2@group-6C22E66A003A-LeaderElection8] INFO  server.RaftServerConfigKeys (ConfUtils.java:logGet(46)) - raft.server.write.element-limit = 4096 (default)
2022-09-03 01:13:36,117 [omNode-2@group-6C22E66A003A-LeaderElection8] INFO  server.RaftServerConfigKeys (ConfUtils.java:logGet(46)) - raft.server.write.follower.gap.ratio.max = -1.0 (default)
2022-09-03 01:13:36,121 [omNode-2@group-6C22E66A003A-LeaderElection8] INFO  server.RaftServerConfigKeys (ConfUtils.java:logGet(46)) - raft.server.log.appender.snapshot.chunk.size.max = 16MB (=16777216) (default)
2022-09-03 01:13:36,121 [omNode-2@group-6C22E66A003A-LeaderElection8] INFO  server.RaftServerConfigKeys (ConfUtils.java:logGet(46)) - raft.server.log.appender.buffer.byte-limit = 33554432 (custom)
2022-09-03 01:13:36,121 [omNode-2@group-6C22E66A003A-LeaderElection8] INFO  server.RaftServerConfigKeys (ConfUtils.java:logGet(46)) - raft.server.log.appender.buffer.element-limit = 1024 (custom)
2022-09-03 01:13:36,121 [omNode-2@group-6C22E66A003A-LeaderElection8] INFO  grpc.GrpcConfigKeys (ConfUtils.java:logGet(46)) - raft.grpc.server.leader.outstanding.appends.max = 128 (default)
2022-09-03 01:13:36,121 [omNode-2@group-6C22E66A003A-LeaderElection8] INFO  server.RaftServerConfigKeys (ConfUtils.java:logGet(46)) - raft.server.rpc.request.timeout = 3000ms (default)
2022-09-03 01:13:36,121 [omNode-2@group-6C22E66A003A-LeaderElection8] INFO  server.RaftServerConfigKeys (ConfUtils.java:logGet(46)) - raft.server.log.appender.install.snapshot.enabled = false (custom)
2022-09-03 01:13:36,122 [omNode-2@group-6C22E66A003A-LeaderElection8] INFO  server.RaftServerConfigKeys (ConfUtils.java:logGet(46)) - raft.server.log.appender.snapshot.chunk.size.max = 16MB (=16777216) (default)
2022-09-03 01:13:36,122 [omNode-2@group-6C22E66A003A-LeaderElection8] INFO  server.RaftServerConfigKeys (ConfUtils.java:logGet(46)) - raft.server.log.appender.buffer.byte-limit = 33554432 (custom)
2022-09-03 01:13:36,122 [omNode-2@group-6C22E66A003A-LeaderElection8] INFO  server.RaftServerConfigKeys (ConfUtils.java:logGet(46)) - raft.server.log.appender.buffer.element-limit = 1024 (custom)
2022-09-03 01:13:36,123 [omNode-2@group-6C22E66A003A-LeaderElection8] INFO  grpc.GrpcConfigKeys (ConfUtils.java:logGet(46)) - raft.grpc.server.leader.outstanding.appends.max = 128 (default)
2022-09-03 01:13:36,123 [omNode-2@group-6C22E66A003A-LeaderElection8] INFO  server.RaftServerConfigKeys (ConfUtils.java:logGet(46)) - raft.server.rpc.request.timeout = 3000ms (default)
2022-09-03 01:13:36,123 [omNode-2@group-6C22E66A003A-LeaderElection8] INFO  server.RaftServerConfigKeys (ConfUtils.java:logGet(46)) - raft.server.log.appender.install.snapshot.enabled = false (custom)
2022-09-03 01:13:36,123 [omNode-2@group-6C22E66A003A-LeaderElection8] INFO  impl.RoleInfo (RoleInfo.java:updateAndGet(139)) - omNode-2: start omNode-2@group-6C22E66A003A-LeaderStateImpl
2022-09-03 01:13:36,123 [omNode-2@group-6C22E66A003A-LeaderElection8] INFO  segmented.SegmentedRaftLogWorker (SegmentedRaftLogWorker.java:rollLogSegment(430)) - omNode-2@group-6C22E66A003A-SegmentedRaftLogWorker: Rolling segment log-0_0 to index:0
2022-09-03 01:13:36,125 [omNode-2@group-6C22E66A003A-SegmentedRaftLogWorker] INFO  segmented.SegmentedRaftLogWorker (SegmentedRaftLogWorker.java:execute(586)) - omNode-2@group-6C22E66A003A-SegmentedRaftLogWorker: Rolled log segment from /home/runner/work/ozone/ozone/hadoop-ozone/integration-test/target/test-dir/MiniOzoneClusterImpl-b7bb7c95-97ac-4743-8c58-bec42c492c64/omNode-2/ratis/9c9825ce-8ba7-3ee6-a7c3-6c22e66a003a/current/log_inprogress_0 to /home/runner/work/ozone/ozone/hadoop-ozone/integration-test/target/test-dir/MiniOzoneClusterImpl-b7bb7c95-97ac-4743-8c58-bec42c492c64/omNode-2/ratis/9c9825ce-8ba7-3ee6-a7c3-6c22e66a003a/current/log_0-0
2022-09-03 01:13:36,134 [omNode-2@group-6C22E66A003A-LeaderElection8] INFO  server.RaftServer$Division (ServerState.java:setRaftConf(393)) - omNode-2@group-6C22E66A003A: set configuration 1: [omNode-3|rpc:localhost:33157|admin:|client:|dataStream:|priority:0, omNode-1|rpc:localhost:32815|admin:|client:|dataStream:|priority:0, omNode-2|rpc:localhost:35059|admin:|client:|dataStream:|priority:0], old=null
2022-09-03 01:13:36,134 [EndpointStateMachine task thread for /127.0.0.1:44975 - 0 ] INFO  volume.HddsVolume (HddsVolume.java:createDbStore(310)) - SchemaV3 db is created and loaded at /home/runner/work/ozone/ozone/hadoop-ozone/integration-test/target/test-dir/MiniOzoneClusterImpl-b7bb7c95-97ac-4743-8c58-bec42c492c64/datanode-1/data-0/containers/hdds/b7bb7c95-97ac-4743-8c58-bec42c492c64/DS-473542d4-9714-46b4-b5fa-a6c0ffe1a95d/container.db for volume DS-473542d4-9714-46b4-b5fa-a6c0ffe1a95d
2022-09-03 01:13:36,139 [omNode-2@group-6C22E66A003A-SegmentedRaftLogWorker] INFO  segmented.SegmentedRaftLogWorker (SegmentedRaftLogWorker.java:execute(629)) - omNode-2@group-6C22E66A003A-SegmentedRaftLogWorker: created new log segment /home/runner/work/ozone/ozone/hadoop-ozone/integration-test/target/test-dir/MiniOzoneClusterImpl-b7bb7c95-97ac-4743-8c58-bec42c492c64/omNode-2/ratis/9c9825ce-8ba7-3ee6-a7c3-6c22e66a003a/current/log_inprogress_1
2022-09-03 01:13:36,139 [omNode-3-server-thread1] INFO  server.RaftServer$Division (ServerState.java:setLeader(287)) - omNode-3@group-6C22E66A003A: change Leader from null to omNode-2 at term 5 for appendEntries, leader elected after 2285ms
2022-09-03 01:13:36,140 [EndpointStateMachine task thread for /127.0.0.1:44975 - 0 ] INFO  volume.HddsVolume (HddsVolume.java:closeDbStore(341)) - SchemaV3 db is stopped at /home/runner/work/ozone/ozone/hadoop-ozone/integration-test/target/test-dir/MiniOzoneClusterImpl-b7bb7c95-97ac-4743-8c58-bec42c492c64/datanode-1/data-0/containers/hdds/b7bb7c95-97ac-4743-8c58-bec42c492c64/DS-473542d4-9714-46b4-b5fa-a6c0ffe1a95d/container.db for volume DS-473542d4-9714-46b4-b5fa-a6c0ffe1a95d
2022-09-03 01:13:36,144 [EndpointStateMachine task thread for /127.0.0.1:44975 - 0 ] INFO  ozoneimpl.OzoneContainer (OzoneContainer.java:start(378)) - Attempting to start container services.
2022-09-03 01:13:36,144 [EndpointStateMachine task thread for /127.0.0.1:44975 - 0 ] INFO  ozoneimpl.OzoneContainer (OzoneContainer.java:startContainerScrub(313)) - Background container scanner has been disabled.
2022-09-03 01:13:36,146 [omNode-3-server-thread1] INFO  server.RaftServer$Division (ServerState.java:setRaftConf(393)) - omNode-3@group-6C22E66A003A: set configuration 1: [omNode-3|rpc:localhost:33157|admin:|client:|dataStream:|priority:0, omNode-1|rpc:localhost:32815|admin:|client:|dataStream:|priority:0, omNode-2|rpc:localhost:35059|admin:|client:|dataStream:|priority:0], old=null
2022-09-03 01:13:36,146 [omNode-3-server-thread1] INFO  segmented.SegmentedRaftLogWorker (SegmentedRaftLogWorker.java:rollLogSegment(430)) - omNode-3@group-6C22E66A003A-SegmentedRaftLogWorker: Rolling segment log-0_0 to index:0
2022-09-03 01:13:36,147 [omNode-1-server-thread1] INFO  server.RaftServer$Division (ServerState.java:setLeader(287)) - omNode-1@group-6C22E66A003A: change Leader from null to omNode-2 at term 5 for appendEntries, leader elected after 6627ms
2022-09-03 01:13:36,147 [omNode-1-server-thread1] INFO  server.RaftServer$Division (RaftServerImpl.java:checkInconsistentAppendEntries(1424)) - omNode-1@group-6C22E66A003A: Failed appendEntries as previous log entry ((t:1, i:0)) is not found
2022-09-03 01:13:36,147 [omNode-1-server-thread1] INFO  server.RaftServer$Division (RaftServerImpl.java:checkInconsistentAppendEntries(1394)) - omNode-1@group-6C22E66A003A: inconsistency entries. Reply:omNode-2<-omNode-1#0:FAIL-t5,INCONSISTENCY,nextIndex=0,followerCommit=-1
2022-09-03 01:13:36,148 [omNode-3@group-6C22E66A003A-SegmentedRaftLogWorker] INFO  segmented.SegmentedRaftLogWorker (SegmentedRaftLogWorker.java:execute(586)) - omNode-3@group-6C22E66A003A-SegmentedRaftLogWorker: Rolled log segment from /home/runner/work/ozone/ozone/hadoop-ozone/integration-test/target/test-dir/MiniOzoneClusterImpl-b7bb7c95-97ac-4743-8c58-bec42c492c64/omNode-3/ratis/9c9825ce-8ba7-3ee6-a7c3-6c22e66a003a/current/log_inprogress_0 to /home/runner/work/ozone/ozone/hadoop-ozone/integration-test/target/test-dir/MiniOzoneClusterImpl-b7bb7c95-97ac-4743-8c58-bec42c492c64/omNode-3/ratis/9c9825ce-8ba7-3ee6-a7c3-6c22e66a003a/current/log_0-0
2022-09-03 01:13:36,150 [grpc-default-executor-2] INFO  leader.FollowerInfo (FollowerInfoImpl.java:lambda$new$0(48)) - omNode-2@group-6C22E66A003A->omNode-1: nextIndex: updateUnconditionally 2 -> 0
2022-09-03 01:13:36,158 [omNode-1-server-thread1] INFO  server.RaftServer$Division (RaftServerImpl.java:checkInconsistentAppendEntries(1424)) - omNode-1@group-6C22E66A003A: Failed appendEntries as previous log entry ((t:1, i:0)) is not found
2022-09-03 01:13:36,161 [omNode-1-server-thread1] INFO  server.RaftServer$Division (RaftServerImpl.java:checkInconsistentAppendEntries(1394)) - omNode-1@group-6C22E66A003A: inconsistency entries. Reply:omNode-2<-omNode-1#1:FAIL-t5,INCONSISTENCY,nextIndex=0,followerCommit=-1
2022-09-03 01:13:36,161 [omNode-3@group-6C22E66A003A-StateMachineUpdater] INFO  ratis.OzoneManagerStateMachine (OzoneManagerStateMachine.java:notifyConfigurationChanged(192)) - Received Configuration change notification from Ratis. New Peer list:
[id: "omNode-3"
address: "localhost:33157"
, id: "omNode-1"
address: "localhost:32815"
, id: "omNode-2"
address: "localhost:35059"
]
2022-09-03 01:13:36,163 [grpc-default-executor-2] INFO  leader.FollowerInfo (FollowerInfoImpl.java:lambda$new$0(48)) - omNode-2@group-6C22E66A003A->omNode-1: nextIndex: updateUnconditionally 2 -> 0
2022-09-03 01:13:36,166 [omNode-1-server-thread1] INFO  server.RaftServer$Division (ServerState.java:setRaftConf(393)) - omNode-1@group-6C22E66A003A: set configuration 0: [omNode-3|rpc:localhost:33157|admin:|client:|dataStream:|priority:0, omNode-1|rpc:localhost:32815|admin:|client:|dataStream:|priority:0, omNode-2|rpc:localhost:35059|admin:|client:|dataStream:|priority:0], old=null
2022-09-03 01:13:36,166 [omNode-1-server-thread1] INFO  server.RaftServer$Division (ServerState.java:setRaftConf(393)) - omNode-1@group-6C22E66A003A: set configuration 1: [omNode-3|rpc:localhost:33157|admin:|client:|dataStream:|priority:0, omNode-1|rpc:localhost:32815|admin:|client:|dataStream:|priority:0, omNode-2|rpc:localhost:35059|admin:|client:|dataStream:|priority:0], old=null
2022-09-03 01:13:36,167 [omNode-1-server-thread1] INFO  segmented.SegmentedRaftLogWorker (SegmentedRaftLogWorker.java:startLogSegment(425)) - omNode-1@group-6C22E66A003A-SegmentedRaftLogWorker: Starting segment from index:0
2022-09-03 01:13:36,167 [omNode-1-server-thread1] INFO  segmented.SegmentedRaftLogWorker (SegmentedRaftLogWorker.java:rollLogSegment(430)) - omNode-1@group-6C22E66A003A-SegmentedRaftLogWorker: Rolling segment log-0_0 to index:0
2022-09-03 01:13:36,168 [omNode-3@group-6C22E66A003A-SegmentedRaftLogWorker] INFO  segmented.SegmentedRaftLogWorker (SegmentedRaftLogWorker.java:execute(629)) - omNode-3@group-6C22E66A003A-SegmentedRaftLogWorker: created new log segment /home/runner/work/ozone/ozone/hadoop-ozone/integration-test/target/test-dir/MiniOzoneClusterImpl-b7bb7c95-97ac-4743-8c58-bec42c492c64/omNode-3/ratis/9c9825ce-8ba7-3ee6-a7c3-6c22e66a003a/current/log_inprogress_1
2022-09-03 01:13:36,166 [EndpointStateMachine task thread for /127.0.0.1:44975 - 0 ] INFO  replication.ReplicationServer (ReplicationServer.java:start(111)) - ReplicationServer is started using port 44415
2022-09-03 01:13:36,173 [omNode-1-server-thread1] INFO  server.RaftServer$Division (ServerState.java:setRaftConf(393)) - omNode-1@group-6C22E66A003A: set configuration 0: [omNode-3|rpc:localhost:33157|admin:|client:|dataStream:|priority:0, omNode-1|rpc:localhost:32815|admin:|client:|dataStream:|priority:0, omNode-2|rpc:localhost:35059|admin:|client:|dataStream:|priority:0], old=null
2022-09-03 01:13:36,173 [omNode-1-server-thread1] INFO  server.RaftServer$Division (ServerState.java:setRaftConf(393)) - omNode-1@group-6C22E66A003A: set configuration 1: [omNode-3|rpc:localhost:33157|admin:|client:|dataStream:|priority:0, omNode-1|rpc:localhost:32815|admin:|client:|dataStream:|priority:0, omNode-2|rpc:localhost:35059|admin:|client:|dataStream:|priority:0], old=null
2022-09-03 01:13:36,175 [EndpointStateMachine task thread for /127.0.0.1:44975 - 0 ] INFO  ratis.XceiverServerRatis (XceiverServerRatis.java:start(481)) - Starting XceiverServerRatis c6a4e7bd-4491-4fc1-b57a-abeebaac5def
2022-09-03 01:13:36,178 [EndpointStateMachine task thread for /127.0.0.1:44975 - 0 ] INFO  server.RaftServer (RaftServerProxy.java:lambda$start$6(382)) - c6a4e7bd-4491-4fc1-b57a-abeebaac5def: start RPC server
2022-09-03 01:13:36,184 [EndpointStateMachine task thread for /127.0.0.1:44975 - 0 ] INFO  server.GrpcService (GrpcService.java:startImpl(260)) - c6a4e7bd-4491-4fc1-b57a-abeebaac5def: GrpcService started, listening on 39013
2022-09-03 01:13:36,184 [omNode-1@group-6C22E66A003A-SegmentedRaftLogWorker] INFO  segmented.SegmentedRaftLogWorker (SegmentedRaftLogWorker.java:execute(629)) - omNode-1@group-6C22E66A003A-SegmentedRaftLogWorker: created new log segment /home/runner/work/ozone/ozone/hadoop-ozone/integration-test/target/test-dir/MiniOzoneClusterImpl-b7bb7c95-97ac-4743-8c58-bec42c492c64/omNode-1/ratis/9c9825ce-8ba7-3ee6-a7c3-6c22e66a003a/current/log_inprogress_0
2022-09-03 01:13:36,185 [EndpointStateMachine task thread for /127.0.0.1:44975 - 0 ] INFO  ratis.XceiverServerRatis (XceiverServerRatis.java:getRealPort(502)) - XceiverServerRatis c6a4e7bd-4491-4fc1-b57a-abeebaac5def is started using port 39013 for RATIS
2022-09-03 01:13:36,185 [EndpointStateMachine task thread for /127.0.0.1:44975 - 0 ] INFO  ratis.XceiverServerRatis (XceiverServerRatis.java:getRealPort(502)) - XceiverServerRatis c6a4e7bd-4491-4fc1-b57a-abeebaac5def is started using port 39013 for RATIS_ADMIN
2022-09-03 01:13:36,185 [EndpointStateMachine task thread for /127.0.0.1:44975 - 0 ] INFO  ratis.XceiverServerRatis (XceiverServerRatis.java:getRealPort(502)) - XceiverServerRatis c6a4e7bd-4491-4fc1-b57a-abeebaac5def is started using port 39013 for RATIS_SERVER
2022-09-03 01:13:36,185 [omNode-1@group-6C22E66A003A-SegmentedRaftLogWorker] INFO  segmented.SegmentedRaftLogWorker (SegmentedRaftLogWorker.java:execute(586)) - omNode-1@group-6C22E66A003A-SegmentedRaftLogWorker: Rolled log segment from /home/runner/work/ozone/ozone/hadoop-ozone/integration-test/target/test-dir/MiniOzoneClusterImpl-b7bb7c95-97ac-4743-8c58-bec42c492c64/omNode-1/ratis/9c9825ce-8ba7-3ee6-a7c3-6c22e66a003a/current/log_inprogress_0 to /home/runner/work/ozone/ozone/hadoop-ozone/integration-test/target/test-dir/MiniOzoneClusterImpl-b7bb7c95-97ac-4743-8c58-bec42c492c64/omNode-1/ratis/9c9825ce-8ba7-3ee6-a7c3-6c22e66a003a/current/log_0-0
2022-09-03 01:13:36,188 [omNode-2@group-6C22E66A003A-StateMachineUpdater] INFO  ratis.OzoneManagerStateMachine (OzoneManagerStateMachine.java:notifyConfigurationChanged(192)) - Received Configuration change notification from Ratis. New Peer list:
[id: "omNode-3"
address: "localhost:33157"
, id: "omNode-1"
address: "localhost:32815"
, id: "omNode-2"
address: "localhost:35059"
]
2022-09-03 01:13:36,197 [EndpointStateMachine task thread for /127.0.0.1:44975 - 0 ] INFO  server.XceiverServerGrpc (XceiverServerGrpc.java:start(180)) - XceiverServerGrpc c6a4e7bd-4491-4fc1-b57a-abeebaac5def is started using port 43169
2022-09-03 01:13:36,199 [org.apache.ratis.util.JvmPauseMonitor$$Lambda$519/503118660@265dfa8f] INFO  util.JvmPauseMonitor (JvmPauseMonitor.java:run(103)) - JvmPauseMonitor-c6a4e7bd-4491-4fc1-b57a-abeebaac5def: Started
2022-09-03 01:13:36,201 [omNode-3@group-6C22E66A003A-StateMachineUpdater] INFO  ratis.OzoneManagerStateMachine (OzoneManagerStateMachine.java:notifyConfigurationChanged(192)) - Received Configuration change notification from Ratis. New Peer list:
[id: "omNode-3"
address: "localhost:33157"
, id: "omNode-1"
address: "localhost:32815"
, id: "omNode-2"
address: "localhost:35059"
]
2022-09-03 01:13:36,209 [EndpointStateMachine task thread for /127.0.0.1:36917 - 0 ] INFO  ozoneimpl.OzoneContainer (OzoneContainer.java:start(374)) - Ignore. OzoneContainer already started.
2022-09-03 01:13:36,209 [EndpointStateMachine task thread for /127.0.0.1:41659 - 0 ] INFO  ozoneimpl.OzoneContainer (OzoneContainer.java:start(374)) - Ignore. OzoneContainer already started.
2022-09-03 01:13:36,210 [omNode-1@group-6C22E66A003A-SegmentedRaftLogWorker] INFO  segmented.SegmentedRaftLogWorker (SegmentedRaftLogWorker.java:execute(629)) - omNode-1@group-6C22E66A003A-SegmentedRaftLogWorker: created new log segment /home/runner/work/ozone/ozone/hadoop-ozone/integration-test/target/test-dir/MiniOzoneClusterImpl-b7bb7c95-97ac-4743-8c58-bec42c492c64/omNode-1/ratis/9c9825ce-8ba7-3ee6-a7c3-6c22e66a003a/current/log_inprogress_1
2022-09-03 01:13:36,216 [omNode-1@group-6C22E66A003A-StateMachineUpdater] INFO  ratis.OzoneManagerStateMachine (OzoneManagerStateMachine.java:notifyConfigurationChanged(192)) - Received Configuration change notification from Ratis. New Peer list:
[id: "omNode-3"
address: "localhost:33157"
, id: "omNode-1"
address: "localhost:32815"
, id: "omNode-2"
address: "localhost:35059"
]
2022-09-03 01:13:36,217 [omNode-1@group-6C22E66A003A-StateMachineUpdater] INFO  ratis.OzoneManagerStateMachine (OzoneManagerStateMachine.java:notifyConfigurationChanged(192)) - Received Configuration change notification from Ratis. New Peer list:
[id: "omNode-3"
address: "localhost:33157"
, id: "omNode-1"
address: "localhost:32815"
, id: "omNode-2"
address: "localhost:35059"
]
2022-09-03 01:13:36,387 [Listener at 127.0.0.1/44253] INFO  ozone.MiniOzoneClusterImpl (MiniOzoneClusterImpl.java:lambda$waitForClusterToBeReady$0(216)) - Waiting for nodes to be ready. Got 0 of 3 DN Heartbeats.
2022-09-03 01:13:36,387 [Listener at 127.0.0.1/44253] INFO  ozone.MiniOzoneClusterImpl (MiniOzoneClusterImpl.java:lambda$waitForClusterToBeReady$0(219)) - Waiting for cluster to exit safe mode
2022-09-03 01:13:36,387 [Listener at 127.0.0.1/44253] INFO  ozone.MiniOzoneClusterImpl (MiniOzoneClusterImpl.java:lambda$waitForClusterToBeReady$0(221)) - SCM became leader
2022-09-03 01:13:36,422 [EndpointStateMachine task thread for /127.0.0.1:36917 - 0 ] INFO  volume.HddsVolume (HddsVolume.java:createDbStore(310)) - SchemaV3 db is created and loaded at /home/runner/work/ozone/ozone/hadoop-ozone/integration-test/target/test-dir/MiniOzoneClusterImpl-b7bb7c95-97ac-4743-8c58-bec42c492c64/datanode-2/data-0/containers/hdds/b7bb7c95-97ac-4743-8c58-bec42c492c64/DS-437c27fa-816a-44d5-86cb-ab2e9bfad107/container.db for volume DS-437c27fa-816a-44d5-86cb-ab2e9bfad107
2022-09-03 01:13:36,423 [EndpointStateMachine task thread for /127.0.0.1:36917 - 0 ] INFO  volume.HddsVolume (HddsVolume.java:closeDbStore(341)) - SchemaV3 db is stopped at /home/runner/work/ozone/ozone/hadoop-ozone/integration-test/target/test-dir/MiniOzoneClusterImpl-b7bb7c95-97ac-4743-8c58-bec42c492c64/datanode-2/data-0/containers/hdds/b7bb7c95-97ac-4743-8c58-bec42c492c64/DS-437c27fa-816a-44d5-86cb-ab2e9bfad107/container.db for volume DS-437c27fa-816a-44d5-86cb-ab2e9bfad107
2022-09-03 01:13:36,423 [EndpointStateMachine task thread for /127.0.0.1:41659 - 0 ] INFO  ozoneimpl.OzoneContainer (OzoneContainer.java:start(378)) - Attempting to start container services.
2022-09-03 01:13:36,423 [EndpointStateMachine task thread for /127.0.0.1:41659 - 0 ] INFO  ozoneimpl.OzoneContainer (OzoneContainer.java:startContainerScrub(313)) - Background container scanner has been disabled.
2022-09-03 01:13:36,427 [EndpointStateMachine task thread for /127.0.0.1:41659 - 0 ] INFO  replication.ReplicationServer (ReplicationServer.java:start(111)) - ReplicationServer is started using port 40279
2022-09-03 01:13:36,428 [EndpointStateMachine task thread for /127.0.0.1:41659 - 0 ] INFO  ratis.XceiverServerRatis (XceiverServerRatis.java:start(481)) - Starting XceiverServerRatis 9cdbf1d0-d280-4661-b2c7-fb859849bb8c
2022-09-03 01:13:36,428 [EndpointStateMachine task thread for /127.0.0.1:41659 - 0 ] INFO  server.RaftServer (RaftServerProxy.java:lambda$start$6(382)) - 9cdbf1d0-d280-4661-b2c7-fb859849bb8c: start RPC server
2022-09-03 01:13:36,431 [EndpointStateMachine task thread for /127.0.0.1:41659 - 0 ] INFO  server.GrpcService (GrpcService.java:startImpl(260)) - 9cdbf1d0-d280-4661-b2c7-fb859849bb8c: GrpcService started, listening on 32853
2022-09-03 01:13:36,431 [EndpointStateMachine task thread for /127.0.0.1:41659 - 0 ] INFO  ratis.XceiverServerRatis (XceiverServerRatis.java:getRealPort(502)) - XceiverServerRatis 9cdbf1d0-d280-4661-b2c7-fb859849bb8c is started using port 32853 for RATIS
2022-09-03 01:13:36,431 [org.apache.ratis.util.JvmPauseMonitor$$Lambda$519/503118660@3c85da54] INFO  util.JvmPauseMonitor (JvmPauseMonitor.java:run(103)) - JvmPauseMonitor-9cdbf1d0-d280-4661-b2c7-fb859849bb8c: Started
2022-09-03 01:13:36,431 [EndpointStateMachine task thread for /127.0.0.1:41659 - 0 ] INFO  ratis.XceiverServerRatis (XceiverServerRatis.java:getRealPort(502)) - XceiverServerRatis 9cdbf1d0-d280-4661-b2c7-fb859849bb8c is started using port 32853 for RATIS_ADMIN
2022-09-03 01:13:36,432 [EndpointStateMachine task thread for /127.0.0.1:41659 - 0 ] INFO  ratis.XceiverServerRatis (XceiverServerRatis.java:getRealPort(502)) - XceiverServerRatis 9cdbf1d0-d280-4661-b2c7-fb859849bb8c is started using port 32853 for RATIS_SERVER
2022-09-03 01:13:36,435 [EndpointStateMachine task thread for /127.0.0.1:41659 - 0 ] INFO  server.XceiverServerGrpc (XceiverServerGrpc.java:start(180)) - XceiverServerGrpc 9cdbf1d0-d280-4661-b2c7-fb859849bb8c is started using port 43651
2022-09-03 01:13:36,442 [EndpointStateMachine task thread for /127.0.0.1:44975 - 0 ] INFO  ozoneimpl.OzoneContainer (OzoneContainer.java:start(374)) - Ignore. OzoneContainer already started.
2022-09-03 01:13:36,442 [EndpointStateMachine task thread for /127.0.0.1:36917 - 0 ] INFO  ozoneimpl.OzoneContainer (OzoneContainer.java:start(374)) - Ignore. OzoneContainer already started.
2022-09-03 01:13:37,387 [Listener at 127.0.0.1/44253] INFO  ozone.MiniOzoneClusterImpl (MiniOzoneClusterImpl.java:lambda$waitForClusterToBeReady$0(216)) - Waiting for nodes to be ready. Got 0 of 3 DN Heartbeats.
2022-09-03 01:13:37,388 [Listener at 127.0.0.1/44253] INFO  ozone.MiniOzoneClusterImpl (MiniOzoneClusterImpl.java:lambda$waitForClusterToBeReady$0(219)) - Waiting for cluster to exit safe mode
2022-09-03 01:13:37,388 [Listener at 127.0.0.1/44253] INFO  ozone.MiniOzoneClusterImpl (MiniOzoneClusterImpl.java:lambda$waitForClusterToBeReady$0(221)) - SCM became leader
2022-09-03 01:13:37,693 [IPC Server handler 3 on default port 41659] INFO  net.NetworkTopologyImpl (NetworkTopologyImpl.java:add(112)) - Added a new node: /default-rack/10c77fab-dd91-442a-9529-86f26ad3973e
2022-09-03 01:13:37,694 [IPC Server handler 0 on default port 44975] INFO  net.NetworkTopologyImpl (NetworkTopologyImpl.java:add(112)) - Added a new node: /default-rack/10c77fab-dd91-442a-9529-86f26ad3973e
2022-09-03 01:13:37,694 [IPC Server handler 1 on default port 36917] INFO  net.NetworkTopologyImpl (NetworkTopologyImpl.java:add(112)) - Added a new node: /default-rack/10c77fab-dd91-442a-9529-86f26ad3973e
2022-09-03 01:13:37,702 [IPC Server handler 1 on default port 36917] INFO  node.SCMNodeManager (SCMNodeManager.java:register(397)) - Registered Data node : 10c77fab-dd91-442a-9529-86f26ad3973e{ip: 127.0.0.1, host: localhost, ports: [REPLICATION=38753, RATIS=33509, RATIS_ADMIN=33509, RATIS_SERVER=33509, STANDALONE=45003], networkLocation: /default-rack, certSerialId: null, persistedOpState: null, persistedOpStateExpiryEpochSec: 0}
2022-09-03 01:13:37,703 [IPC Server handler 0 on default port 44975] INFO  node.SCMNodeManager (SCMNodeManager.java:register(397)) - Registered Data node : 10c77fab-dd91-442a-9529-86f26ad3973e{ip: 127.0.0.1, host: localhost, ports: [REPLICATION=38753, RATIS=33509, RATIS_ADMIN=33509, RATIS_SERVER=33509, STANDALONE=45003], networkLocation: /default-rack, certSerialId: null, persistedOpState: null, persistedOpStateExpiryEpochSec: 0}
2022-09-03 01:13:37,703 [IPC Server handler 3 on default port 41659] INFO  node.SCMNodeManager (SCMNodeManager.java:register(397)) - Registered Data node : 10c77fab-dd91-442a-9529-86f26ad3973e{ip: 127.0.0.1, host: localhost, ports: [REPLICATION=38753, RATIS=33509, RATIS_ADMIN=33509, RATIS_SERVER=33509, STANDALONE=45003], networkLocation: /default-rack, certSerialId: null, persistedOpState: null, persistedOpStateExpiryEpochSec: 0}
2022-09-03 01:13:37,708 [EventQueue-NewNodeForNewNodeHandler] INFO  pipeline.BackgroundPipelineCreator (BackgroundPipelineCreator.java:notifyEventTriggered(276)) - trigger a one-shot run on RatisPipelineUtilsThread.
2022-09-03 01:13:37,717 [EventQueue-NodeRegistrationContainerReportForDataNodeSafeModeRule] INFO  safemode.SCMSafeModeManager (DataNodeSafeModeRule.java:process(71)) - SCM in safe mode. 1 DataNodes registered, 3 required.
2022-09-03 01:13:37,736 [RatisPipelineUtilsThread - 0] INFO  pipeline.RatisPipelineProvider (RatisPipelineProvider.java:lambda$create$0(195)) - Sending CreatePipelineCommand for pipeline:PipelineID=726591df-393f-461b-bb3c-540472e43475 to datanode:10c77fab-dd91-442a-9529-86f26ad3973e
2022-09-03 01:13:37,733 [EventQueue-NodeRegistrationContainerReportForContainerSafeModeRule] INFO  safemode.SCMSafeModeManager (SCMSafeModeManager.java:validateSafeModeExitRules(204)) - ContainerSafeModeRule rule is successfully validated
2022-09-03 01:13:37,750 [EventQueue-PipelineReportForOneReplicaPipelineSafeModeRule] INFO  safemode.SCMSafeModeManager (SCMSafeModeManager.java:validateSafeModeExitRules(204)) - AtleastOneDatanodeReportedRule rule is successfully validated
2022-09-03 01:13:37,751 [EventQueue-NewNodeForNewNodeHandler] INFO  pipeline.BackgroundPipelineCreator (BackgroundPipelineCreator.java:notifyEventTriggered(269)) - ignore, not leader SCM.
2022-09-03 01:13:37,737 [EventQueue-NodeRegistrationContainerReportForDataNodeSafeModeRule] INFO  safemode.SCMSafeModeManager (DataNodeSafeModeRule.java:process(71)) - SCM in safe mode. 1 DataNodes registered, 3 required.
2022-09-03 01:13:37,751 [EventQueue-NodeRegistrationContainerReportForContainerSafeModeRule] INFO  safemode.SCMSafeModeManager (SCMSafeModeManager.java:validateSafeModeExitRules(204)) - ContainerSafeModeRule rule is successfully validated
2022-09-03 01:13:37,762 [EventQueue-NodeRegistrationContainerReportForDataNodeSafeModeRule] INFO  safemode.SCMSafeModeManager (DataNodeSafeModeRule.java:process(71)) - SCM in safe mode. 1 DataNodes registered, 3 required.
2022-09-03 01:13:37,770 [EventQueue-NewNodeForNewNodeHandler] INFO  pipeline.BackgroundPipelineCreator (BackgroundPipelineCreator.java:notifyEventTriggered(269)) - ignore, not leader SCM.
2022-09-03 01:13:37,770 [EventQueue-NodeRegistrationContainerReportForContainerSafeModeRule] INFO  safemode.SCMSafeModeManager (SCMSafeModeManager.java:validateSafeModeExitRules(204)) - ContainerSafeModeRule rule is successfully validated
2022-09-03 01:13:37,771 [EventQueue-PipelineReportForOneReplicaPipelineSafeModeRule] INFO  safemode.SCMSafeModeManager (SCMSafeModeManager.java:validateSafeModeExitRules(204)) - AtleastOneDatanodeReportedRule rule is successfully validated
2022-09-03 01:13:37,771 [EventQueue-PipelineReportForOneReplicaPipelineSafeModeRule] INFO  safemode.SCMSafeModeManager (SCMSafeModeManager.java:validateSafeModeExitRules(204)) - AtleastOneDatanodeReportedRule rule is successfully validated
2022-09-03 01:13:37,842 [5abf6683-c399-417c-b48d-34ddeee7dd89@group-BEC42C492C64-StateMachineUpdater] INFO  pipeline.PipelineStateManagerImpl (PipelineStateManagerImpl.java:addPipeline(103)) - Created pipeline Pipeline[ Id: 726591df-393f-461b-bb3c-540472e43475, Nodes: 10c77fab-dd91-442a-9529-86f26ad3973e{ip: 127.0.0.1, host: localhost, ports: [REPLICATION=38753, RATIS=33509, RATIS_ADMIN=33509, RATIS_SERVER=33509, STANDALONE=45003], networkLocation: /default-rack, certSerialId: null, persistedOpState: IN_SERVICE, persistedOpStateExpiryEpochSec: 0}, ReplicationConfig: RATIS/ONE, State:ALLOCATED, leaderId:, CreationTimestamp2022-09-03T01:13:37.735Z[Etc/UTC]].
2022-09-03 01:13:37,843 [5abf6683-c399-417c-b48d-34ddeee7dd89@group-BEC42C492C64-StateMachineUpdater] INFO  safemode.HealthyPipelineSafeModeRule (HealthyPipelineSafeModeRule.java:initializeRule(165)) - Refreshed total pipeline count is 0, healthy pipeline threshold count is 1
2022-09-03 01:13:37,854 [de25ddac-3a80-4ed5-b6af-85fc97dbd7a2@group-BEC42C492C64-StateMachineUpdater] INFO  pipeline.PipelineStateManagerImpl (PipelineStateManagerImpl.java:addPipeline(103)) - Created pipeline Pipeline[ Id: 726591df-393f-461b-bb3c-540472e43475, Nodes: 10c77fab-dd91-442a-9529-86f26ad3973e{ip: 127.0.0.1, host: localhost, ports: [REPLICATION=38753, RATIS=33509, RATIS_ADMIN=33509, RATIS_SERVER=33509, STANDALONE=45003], networkLocation: /default-rack, certSerialId: null, persistedOpState: IN_SERVICE, persistedOpStateExpiryEpochSec: 0}, ReplicationConfig: RATIS/ONE, State:ALLOCATED, leaderId:, CreationTimestamp2022-09-03T01:13:37.735Z[Etc/UTC]].
2022-09-03 01:13:37,857 [de25ddac-3a80-4ed5-b6af-85fc97dbd7a2@group-BEC42C492C64-StateMachineUpdater] INFO  safemode.HealthyPipelineSafeModeRule (HealthyPipelineSafeModeRule.java:initializeRule(165)) - Refreshed total pipeline count is 0, healthy pipeline threshold count is 1
2022-09-03 01:13:37,858 [10e1d7e9-dd38-4db2-b0dc-1e40cbd54060@group-BEC42C492C64-StateMachineUpdater] INFO  pipeline.PipelineStateManagerImpl (PipelineStateManagerImpl.java:addPipeline(103)) - Created pipeline Pipeline[ Id: 726591df-393f-461b-bb3c-540472e43475, Nodes: 10c77fab-dd91-442a-9529-86f26ad3973e{ip: 127.0.0.1, host: localhost, ports: [REPLICATION=38753, RATIS=33509, RATIS_ADMIN=33509, RATIS_SERVER=33509, STANDALONE=45003], networkLocation: /default-rack, certSerialId: null, persistedOpState: IN_SERVICE, persistedOpStateExpiryEpochSec: 0}, ReplicationConfig: RATIS/ONE, State:ALLOCATED, leaderId:, CreationTimestamp2022-09-03T01:13:37.735Z[Etc/UTC]].
2022-09-03 01:13:37,859 [10e1d7e9-dd38-4db2-b0dc-1e40cbd54060@group-BEC42C492C64-StateMachineUpdater] INFO  safemode.HealthyPipelineSafeModeRule (HealthyPipelineSafeModeRule.java:initializeRule(165)) - Refreshed total pipeline count is 0, healthy pipeline threshold count is 1
2022-09-03 01:13:38,060 [IPC Server handler 1 on default port 44975] INFO  net.NetworkTopologyImpl (NetworkTopologyImpl.java:add(112)) - Added a new node: /default-rack/c6a4e7bd-4491-4fc1-b57a-abeebaac5def
2022-09-03 01:13:38,061 [IPC Server handler 3 on default port 36917] INFO  net.NetworkTopologyImpl (NetworkTopologyImpl.java:add(112)) - Added a new node: /default-rack/c6a4e7bd-4491-4fc1-b57a-abeebaac5def
2022-09-03 01:13:38,061 [IPC Server handler 3 on default port 36917] INFO  node.SCMNodeManager (SCMNodeManager.java:register(397)) - Registered Data node : c6a4e7bd-4491-4fc1-b57a-abeebaac5def{ip: 127.0.0.1, host: localhost, ports: [REPLICATION=44415, RATIS=39013, RATIS_ADMIN=39013, RATIS_SERVER=39013, STANDALONE=43169], networkLocation: /default-rack, certSerialId: null, persistedOpState: null, persistedOpStateExpiryEpochSec: 0}
2022-09-03 01:13:38,062 [IPC Server handler 4 on default port 41659] INFO  net.NetworkTopologyImpl (NetworkTopologyImpl.java:add(112)) - Added a new node: /default-rack/c6a4e7bd-4491-4fc1-b57a-abeebaac5def
2022-09-03 01:13:38,062 [IPC Server handler 4 on default port 41659] INFO  node.SCMNodeManager (SCMNodeManager.java:register(397)) - Registered Data node : c6a4e7bd-4491-4fc1-b57a-abeebaac5def{ip: 127.0.0.1, host: localhost, ports: [REPLICATION=44415, RATIS=39013, RATIS_ADMIN=39013, RATIS_SERVER=39013, STANDALONE=43169], networkLocation: /default-rack, certSerialId: null, persistedOpState: null, persistedOpStateExpiryEpochSec: 0}
2022-09-03 01:13:38,063 [EventQueue-NewNodeForNewNodeHandler] INFO  pipeline.BackgroundPipelineCreator (BackgroundPipelineCreator.java:notifyEventTriggered(276)) - trigger a one-shot run on RatisPipelineUtilsThread.
2022-09-03 01:13:38,063 [EventQueue-NewNodeForNewNodeHandler] INFO  pipeline.BackgroundPipelineCreator (BackgroundPipelineCreator.java:notifyEventTriggered(269)) - ignore, not leader SCM.
2022-09-03 01:13:38,063 [EventQueue-NodeRegistrationContainerReportForDataNodeSafeModeRule] INFO  safemode.SCMSafeModeManager (DataNodeSafeModeRule.java:process(71)) - SCM in safe mode. 2 DataNodes registered, 3 required.
2022-09-03 01:13:38,063 [IPC Server handler 1 on default port 44975] INFO  node.SCMNodeManager (SCMNodeManager.java:register(397)) - Registered Data node : c6a4e7bd-4491-4fc1-b57a-abeebaac5def{ip: 127.0.0.1, host: localhost, ports: [REPLICATION=44415, RATIS=39013, RATIS_ADMIN=39013, RATIS_SERVER=39013, STANDALONE=43169], networkLocation: /default-rack, certSerialId: null, persistedOpState: null, persistedOpStateExpiryEpochSec: 0}
2022-09-03 01:13:38,064 [EventQueue-NewNodeForNewNodeHandler] INFO  pipeline.BackgroundPipelineCreator (BackgroundPipelineCreator.java:notifyEventTriggered(269)) - ignore, not leader SCM.
2022-09-03 01:13:38,063 [EventQueue-NodeRegistrationContainerReportForDataNodeSafeModeRule] INFO  safemode.SCMSafeModeManager (DataNodeSafeModeRule.java:process(71)) - SCM in safe mode. 2 DataNodes registered, 3 required.
2022-09-03 01:13:38,064 [EventQueue-NodeRegistrationContainerReportForDataNodeSafeModeRule] INFO  safemode.SCMSafeModeManager (DataNodeSafeModeRule.java:process(71)) - SCM in safe mode. 2 DataNodes registered, 3 required.
2022-09-03 01:13:38,064 [RatisPipelineUtilsThread - 0] INFO  pipeline.RatisPipelineProvider (RatisPipelineProvider.java:lambda$create$0(195)) - Sending CreatePipelineCommand for pipeline:PipelineID=af093f03-d7dd-4708-8e81-37d0217f35f7 to datanode:c6a4e7bd-4491-4fc1-b57a-abeebaac5def
2022-09-03 01:13:38,071 [5abf6683-c399-417c-b48d-34ddeee7dd89@group-BEC42C492C64-StateMachineUpdater] INFO  pipeline.PipelineStateManagerImpl (PipelineStateManagerImpl.java:addPipeline(103)) - Created pipeline Pipeline[ Id: af093f03-d7dd-4708-8e81-37d0217f35f7, Nodes: c6a4e7bd-4491-4fc1-b57a-abeebaac5def{ip: 127.0.0.1, host: localhost, ports: [REPLICATION=44415, RATIS=39013, RATIS_ADMIN=39013, RATIS_SERVER=39013, STANDALONE=43169], networkLocation: /default-rack, certSerialId: null, persistedOpState: IN_SERVICE, persistedOpStateExpiryEpochSec: 0}, ReplicationConfig: RATIS/ONE, State:ALLOCATED, leaderId:, CreationTimestamp2022-09-03T01:13:38.064Z[Etc/UTC]].
2022-09-03 01:13:38,072 [5abf6683-c399-417c-b48d-34ddeee7dd89@group-BEC42C492C64-StateMachineUpdater] INFO  safemode.HealthyPipelineSafeModeRule (HealthyPipelineSafeModeRule.java:initializeRule(165)) - Refreshed total pipeline count is 0, healthy pipeline threshold count is 1
2022-09-03 01:13:38,075 [de25ddac-3a80-4ed5-b6af-85fc97dbd7a2@group-BEC42C492C64-StateMachineUpdater] INFO  pipeline.PipelineStateManagerImpl (PipelineStateManagerImpl.java:addPipeline(103)) - Created pipeline Pipeline[ Id: af093f03-d7dd-4708-8e81-37d0217f35f7, Nodes: c6a4e7bd-4491-4fc1-b57a-abeebaac5def{ip: 127.0.0.1, host: localhost, ports: [REPLICATION=44415, RATIS=39013, RATIS_ADMIN=39013, RATIS_SERVER=39013, STANDALONE=43169], networkLocation: /default-rack, certSerialId: null, persistedOpState: IN_SERVICE, persistedOpStateExpiryEpochSec: 0}, ReplicationConfig: RATIS/ONE, State:ALLOCATED, leaderId:, CreationTimestamp2022-09-03T01:13:38.064Z[Etc/UTC]].
2022-09-03 01:13:38,077 [de25ddac-3a80-4ed5-b6af-85fc97dbd7a2@group-BEC42C492C64-StateMachineUpdater] INFO  safemode.HealthyPipelineSafeModeRule (HealthyPipelineSafeModeRule.java:initializeRule(165)) - Refreshed total pipeline count is 0, healthy pipeline threshold count is 1
2022-09-03 01:13:38,079 [10e1d7e9-dd38-4db2-b0dc-1e40cbd54060@group-BEC42C492C64-StateMachineUpdater] INFO  pipeline.PipelineStateManagerImpl (PipelineStateManagerImpl.java:addPipeline(103)) - Created pipeline Pipeline[ Id: af093f03-d7dd-4708-8e81-37d0217f35f7, Nodes: c6a4e7bd-4491-4fc1-b57a-abeebaac5def{ip: 127.0.0.1, host: localhost, ports: [REPLICATION=44415, RATIS=39013, RATIS_ADMIN=39013, RATIS_SERVER=39013, STANDALONE=43169], networkLocation: /default-rack, certSerialId: null, persistedOpState: IN_SERVICE, persistedOpStateExpiryEpochSec: 0}, ReplicationConfig: RATIS/ONE, State:ALLOCATED, leaderId:, CreationTimestamp2022-09-03T01:13:38.064Z[Etc/UTC]].
2022-09-03 01:13:38,080 [10e1d7e9-dd38-4db2-b0dc-1e40cbd54060@group-BEC42C492C64-StateMachineUpdater] INFO  safemode.HealthyPipelineSafeModeRule (HealthyPipelineSafeModeRule.java:initializeRule(165)) - Refreshed total pipeline count is 0, healthy pipeline threshold count is 1
2022-09-03 01:13:38,388 [Listener at 127.0.0.1/44253] INFO  ozone.MiniOzoneClusterImpl (MiniOzoneClusterImpl.java:lambda$waitForClusterToBeReady$0(216)) - Waiting for nodes to be ready. Got 2 of 3 DN Heartbeats.
2022-09-03 01:13:38,390 [Listener at 127.0.0.1/44253] INFO  ozone.MiniOzoneClusterImpl (MiniOzoneClusterImpl.java:lambda$waitForClusterToBeReady$0(219)) - Waiting for cluster to exit safe mode
2022-09-03 01:13:38,390 [Listener at 127.0.0.1/44253] INFO  ozone.MiniOzoneClusterImpl (MiniOzoneClusterImpl.java:lambda$waitForClusterToBeReady$0(221)) - SCM became leader
2022-09-03 01:13:38,390 [IPC Server handler 2 on default port 44975] INFO  net.NetworkTopologyImpl (NetworkTopologyImpl.java:add(112)) - Added a new node: /default-rack/9cdbf1d0-d280-4661-b2c7-fb859849bb8c
2022-09-03 01:13:38,391 [IPC Server handler 2 on default port 44975] INFO  node.SCMNodeManager (SCMNodeManager.java:register(397)) - Registered Data node : 9cdbf1d0-d280-4661-b2c7-fb859849bb8c{ip: 127.0.0.1, host: localhost, ports: [REPLICATION=40279, RATIS=32853, RATIS_ADMIN=32853, RATIS_SERVER=32853, STANDALONE=43651], networkLocation: /default-rack, certSerialId: null, persistedOpState: null, persistedOpStateExpiryEpochSec: 0}
2022-09-03 01:13:38,391 [EventQueue-NewNodeForNewNodeHandler] INFO  pipeline.BackgroundPipelineCreator (BackgroundPipelineCreator.java:notifyEventTriggered(269)) - ignore, not leader SCM.
2022-09-03 01:13:38,391 [IPC Server handler 3 on default port 41659] INFO  net.NetworkTopologyImpl (NetworkTopologyImpl.java:add(112)) - Added a new node: /default-rack/9cdbf1d0-d280-4661-b2c7-fb859849bb8c
2022-09-03 01:13:38,391 [IPC Server handler 3 on default port 41659] INFO  node.SCMNodeManager (SCMNodeManager.java:register(397)) - Registered Data node : 9cdbf1d0-d280-4661-b2c7-fb859849bb8c{ip: 127.0.0.1, host: localhost, ports: [REPLICATION=40279, RATIS=32853, RATIS_ADMIN=32853, RATIS_SERVER=32853, STANDALONE=43651], networkLocation: /default-rack, certSerialId: null, persistedOpState: null, persistedOpStateExpiryEpochSec: 0}
2022-09-03 01:13:38,392 [EventQueue-NewNodeForNewNodeHandler] INFO  pipeline.BackgroundPipelineCreator (BackgroundPipelineCreator.java:notifyEventTriggered(269)) - ignore, not leader SCM.
2022-09-03 01:13:38,392 [EventQueue-NodeRegistrationContainerReportForDataNodeSafeModeRule] INFO  safemode.SCMSafeModeManager (DataNodeSafeModeRule.java:process(71)) - SCM in safe mode. 3 DataNodes registered, 3 required.
2022-09-03 01:13:38,392 [EventQueue-NodeRegistrationContainerReportForDataNodeSafeModeRule] INFO  safemode.SCMSafeModeManager (SCMSafeModeManager.java:validateSafeModeExitRules(204)) - DataNodeSafeModeRule rule is successfully validated
2022-09-03 01:13:38,392 [EventQueue-NodeRegistrationContainerReportForDataNodeSafeModeRule] INFO  safemode.SCMSafeModeManager (SCMSafeModeManager.java:completePreCheck(233)) - All SCM safe mode pre check rules have passed
2022-09-03 01:13:38,392 [EventQueue-NodeRegistrationContainerReportForDataNodeSafeModeRule] WARN  events.EventQueue (EventQueue.java:fireEvent(216)) - No event handler registered for event TypedEvent{payloadType=SafeModeStatus, name='Safe mode status'}
2022-09-03 01:13:38,392 [EventQueue-NodeRegistrationContainerReportForDataNodeSafeModeRule] INFO  ha.SCMContext (SCMContext.java:updateSafeModeStatus(228)) - Update SafeModeStatus from SafeModeStatus{safeModeStatus=true, preCheckPassed=false} to SafeModeStatus{safeModeStatus=true, preCheckPassed=true}.
2022-09-03 01:13:38,392 [EventQueue-NodeRegistrationContainerReportForDataNodeSafeModeRule] INFO  pipeline.BackgroundPipelineCreator (BackgroundPipelineCreator.java:notifyEventTriggered(269)) - ignore, not leader SCM.
2022-09-03 01:13:38,393 [IPC Server handler 43 on default port 36917] INFO  net.NetworkTopologyImpl (NetworkTopologyImpl.java:add(112)) - Added a new node: /default-rack/9cdbf1d0-d280-4661-b2c7-fb859849bb8c
2022-09-03 01:13:38,393 [IPC Server handler 43 on default port 36917] INFO  node.SCMNodeManager (SCMNodeManager.java:register(397)) - Registered Data node : 9cdbf1d0-d280-4661-b2c7-fb859849bb8c{ip: 127.0.0.1, host: localhost, ports: [REPLICATION=40279, RATIS=32853, RATIS_ADMIN=32853, RATIS_SERVER=32853, STANDALONE=43651], networkLocation: /default-rack, certSerialId: null, persistedOpState: null, persistedOpStateExpiryEpochSec: 0}
2022-09-03 01:13:38,396 [EventQueue-NewNodeForNewNodeHandler] INFO  pipeline.BackgroundPipelineCreator (BackgroundPipelineCreator.java:notifyEventTriggered(276)) - trigger a one-shot run on RatisPipelineUtilsThread.
2022-09-03 01:13:38,396 [EventQueue-NodeRegistrationContainerReportForDataNodeSafeModeRule] INFO  safemode.SCMSafeModeManager (DataNodeSafeModeRule.java:process(71)) - SCM in safe mode. 3 DataNodes registered, 3 required.
2022-09-03 01:13:38,396 [EventQueue-NodeRegistrationContainerReportForDataNodeSafeModeRule] INFO  safemode.SCMSafeModeManager (SCMSafeModeManager.java:validateSafeModeExitRules(204)) - DataNodeSafeModeRule rule is successfully validated
2022-09-03 01:13:38,396 [EventQueue-NodeRegistrationContainerReportForDataNodeSafeModeRule] INFO  safemode.SCMSafeModeManager (SCMSafeModeManager.java:completePreCheck(233)) - All SCM safe mode pre check rules have passed
2022-09-03 01:13:38,396 [EventQueue-NodeRegistrationContainerReportForDataNodeSafeModeRule] INFO  safemode.SCMSafeModeManager (DataNodeSafeModeRule.java:process(71)) - SCM in safe mode. 3 DataNodes registered, 3 required.
2022-09-03 01:13:38,396 [EventQueue-NodeRegistrationContainerReportForDataNodeSafeModeRule] INFO  safemode.SCMSafeModeManager (SCMSafeModeManager.java:validateSafeModeExitRules(204)) - DataNodeSafeModeRule rule is successfully validated
2022-09-03 01:13:38,396 [EventQueue-NodeRegistrationContainerReportForDataNodeSafeModeRule] INFO  safemode.SCMSafeModeManager (SCMSafeModeManager.java:completePreCheck(233)) - All SCM safe mode pre check rules have passed
2022-09-03 01:13:38,397 [RatisPipelineUtilsThread - 0] INFO  pipeline.RatisPipelineProvider (RatisPipelineProvider.java:lambda$create$0(195)) - Sending CreatePipelineCommand for pipeline:PipelineID=b990414c-c0cc-44ab-bdbd-20102601efaa to datanode:9cdbf1d0-d280-4661-b2c7-fb859849bb8c
2022-09-03 01:13:38,403 [5abf6683-c399-417c-b48d-34ddeee7dd89@group-BEC42C492C64-StateMachineUpdater] INFO  pipeline.PipelineStateManagerImpl (PipelineStateManagerImpl.java:addPipeline(103)) - Created pipeline Pipeline[ Id: b990414c-c0cc-44ab-bdbd-20102601efaa, Nodes: 9cdbf1d0-d280-4661-b2c7-fb859849bb8c{ip: 127.0.0.1, host: localhost, ports: [REPLICATION=40279, RATIS=32853, RATIS_ADMIN=32853, RATIS_SERVER=32853, STANDALONE=43651], networkLocation: /default-rack, certSerialId: null, persistedOpState: IN_SERVICE, persistedOpStateExpiryEpochSec: 0}, ReplicationConfig: RATIS/ONE, State:ALLOCATED, leaderId:, CreationTimestamp2022-09-03T01:13:38.397Z[Etc/UTC]].
2022-09-03 01:13:38,406 [10e1d7e9-dd38-4db2-b0dc-1e40cbd54060@group-BEC42C492C64-StateMachineUpdater] INFO  pipeline.PipelineStateManagerImpl (PipelineStateManagerImpl.java:addPipeline(103)) - Created pipeline Pipeline[ Id: b990414c-c0cc-44ab-bdbd-20102601efaa, Nodes: 9cdbf1d0-d280-4661-b2c7-fb859849bb8c{ip: 127.0.0.1, host: localhost, ports: [REPLICATION=40279, RATIS=32853, RATIS_ADMIN=32853, RATIS_SERVER=32853, STANDALONE=43651], networkLocation: /default-rack, certSerialId: null, persistedOpState: IN_SERVICE, persistedOpStateExpiryEpochSec: 0}, ReplicationConfig: RATIS/ONE, State:ALLOCATED, leaderId:, CreationTimestamp2022-09-03T01:13:38.397Z[Etc/UTC]].
2022-09-03 01:13:38,396 [EventQueue-NodeRegistrationContainerReportForDataNodeSafeModeRule] WARN  events.EventQueue (EventQueue.java:fireEvent(216)) - No event handler registered for event TypedEvent{payloadType=SafeModeStatus, name='Safe mode status'}
2022-09-03 01:13:38,397 [EventQueue-NodeRegistrationContainerReportForDataNodeSafeModeRule] WARN  events.EventQueue (EventQueue.java:fireEvent(216)) - No event handler registered for event TypedEvent{payloadType=SafeModeStatus, name='Safe mode status'}
2022-09-03 01:13:38,423 [EventQueue-NodeRegistrationContainerReportForDataNodeSafeModeRule] INFO  ha.SCMContext (SCMContext.java:updateSafeModeStatus(228)) - Update SafeModeStatus from SafeModeStatus{safeModeStatus=true, preCheckPassed=false} to SafeModeStatus{safeModeStatus=true, preCheckPassed=true}.
2022-09-03 01:13:38,423 [EventQueue-NodeRegistrationContainerReportForDataNodeSafeModeRule] INFO  pipeline.BackgroundPipelineCreator (BackgroundPipelineCreator.java:notifyEventTriggered(269)) - ignore, not leader SCM.
2022-09-03 01:13:38,423 [10e1d7e9-dd38-4db2-b0dc-1e40cbd54060@group-BEC42C492C64-StateMachineUpdater] INFO  safemode.HealthyPipelineSafeModeRule (HealthyPipelineSafeModeRule.java:initializeRule(165)) - Refreshed total pipeline count is 0, healthy pipeline threshold count is 1
2022-09-03 01:13:38,422 [EventQueue-NodeRegistrationContainerReportForDataNodeSafeModeRule] INFO  ha.SCMContext (SCMContext.java:updateSafeModeStatus(228)) - Update SafeModeStatus from SafeModeStatus{safeModeStatus=true, preCheckPassed=false} to SafeModeStatus{safeModeStatus=true, preCheckPassed=true}.
2022-09-03 01:13:38,426 [EventQueue-NodeRegistrationContainerReportForDataNodeSafeModeRule] INFO  pipeline.BackgroundPipelineCreator (BackgroundPipelineCreator.java:notifyEventTriggered(276)) - trigger a one-shot run on RatisPipelineUtilsThread.
2022-09-03 01:13:38,426 [5abf6683-c399-417c-b48d-34ddeee7dd89@group-BEC42C492C64-StateMachineUpdater] INFO  safemode.HealthyPipelineSafeModeRule (HealthyPipelineSafeModeRule.java:initializeRule(165)) - Refreshed total pipeline count is 0, healthy pipeline threshold count is 1
2022-09-03 01:13:38,427 [de25ddac-3a80-4ed5-b6af-85fc97dbd7a2@group-BEC42C492C64-StateMachineUpdater] INFO  pipeline.PipelineStateManagerImpl (PipelineStateManagerImpl.java:addPipeline(103)) - Created pipeline Pipeline[ Id: b990414c-c0cc-44ab-bdbd-20102601efaa, Nodes: 9cdbf1d0-d280-4661-b2c7-fb859849bb8c{ip: 127.0.0.1, host: localhost, ports: [REPLICATION=40279, RATIS=32853, RATIS_ADMIN=32853, RATIS_SERVER=32853, STANDALONE=43651], networkLocation: /default-rack, certSerialId: null, persistedOpState: IN_SERVICE, persistedOpStateExpiryEpochSec: 0}, ReplicationConfig: RATIS/ONE, State:ALLOCATED, leaderId:, CreationTimestamp2022-09-03T01:13:38.397Z[Etc/UTC]].
2022-09-03 01:13:38,427 [de25ddac-3a80-4ed5-b6af-85fc97dbd7a2@group-BEC42C492C64-StateMachineUpdater] INFO  safemode.HealthyPipelineSafeModeRule (HealthyPipelineSafeModeRule.java:initializeRule(165)) - Refreshed total pipeline count is 0, healthy pipeline threshold count is 1
2022-09-03 01:13:38,431 [RatisPipelineUtilsThread - 0] INFO  pipeline.RatisPipelineProvider (RatisPipelineProvider.java:lambda$create$0(195)) - Sending CreatePipelineCommand for pipeline:PipelineID=5eb1a04a-56ce-49c9-b289-6ce1a9eda204 to datanode:9cdbf1d0-d280-4661-b2c7-fb859849bb8c
2022-09-03 01:13:38,433 [RatisPipelineUtilsThread - 0] INFO  pipeline.RatisPipelineProvider (RatisPipelineProvider.java:lambda$create$0(195)) - Sending CreatePipelineCommand for pipeline:PipelineID=5eb1a04a-56ce-49c9-b289-6ce1a9eda204 to datanode:10c77fab-dd91-442a-9529-86f26ad3973e
2022-09-03 01:13:38,433 [RatisPipelineUtilsThread - 0] INFO  pipeline.RatisPipelineProvider (RatisPipelineProvider.java:lambda$create$0(195)) - Sending CreatePipelineCommand for pipeline:PipelineID=5eb1a04a-56ce-49c9-b289-6ce1a9eda204 to datanode:c6a4e7bd-4491-4fc1-b57a-abeebaac5def
2022-09-03 01:13:38,439 [5abf6683-c399-417c-b48d-34ddeee7dd89@group-BEC42C492C64-StateMachineUpdater] INFO  pipeline.PipelineStateManagerImpl (PipelineStateManagerImpl.java:addPipeline(103)) - Created pipeline Pipeline[ Id: 5eb1a04a-56ce-49c9-b289-6ce1a9eda204, Nodes: 9cdbf1d0-d280-4661-b2c7-fb859849bb8c{ip: 127.0.0.1, host: localhost, ports: [REPLICATION=40279, RATIS=32853, RATIS_ADMIN=32853, RATIS_SERVER=32853, STANDALONE=43651], networkLocation: /default-rack, certSerialId: null, persistedOpState: IN_SERVICE, persistedOpStateExpiryEpochSec: 0}10c77fab-dd91-442a-9529-86f26ad3973e{ip: 127.0.0.1, host: localhost, ports: [REPLICATION=38753, RATIS=33509, RATIS_ADMIN=33509, RATIS_SERVER=33509, STANDALONE=45003], networkLocation: /default-rack, certSerialId: null, persistedOpState: IN_SERVICE, persistedOpStateExpiryEpochSec: 0}c6a4e7bd-4491-4fc1-b57a-abeebaac5def{ip: 127.0.0.1, host: localhost, ports: [REPLICATION=44415, RATIS=39013, RATIS_ADMIN=39013, RATIS_SERVER=39013, STANDALONE=43169], networkLocation: /default-rack, certSerialId: null, persistedOpState: IN_SERVICE, persistedOpStateExpiryEpochSec: 0}, ReplicationConfig: RATIS/THREE, State:ALLOCATED, leaderId:, CreationTimestamp2022-09-03T01:13:38.431Z[Etc/UTC]].
2022-09-03 01:13:38,439 [5abf6683-c399-417c-b48d-34ddeee7dd89@group-BEC42C492C64-StateMachineUpdater] INFO  safemode.HealthyPipelineSafeModeRule (HealthyPipelineSafeModeRule.java:initializeRule(165)) - Refreshed total pipeline count is 0, healthy pipeline threshold count is 1
2022-09-03 01:13:38,441 [RatisPipelineUtilsThread - 0] INFO  pipeline.RatisPipelineProvider (RatisPipelineProvider.java:lambda$create$0(195)) - Sending CreatePipelineCommand for pipeline:PipelineID=039c1c6d-8be4-4cc8-86f0-758c24cffa84 to datanode:c6a4e7bd-4491-4fc1-b57a-abeebaac5def
2022-09-03 01:13:38,444 [RatisPipelineUtilsThread - 0] INFO  pipeline.RatisPipelineProvider (RatisPipelineProvider.java:lambda$create$0(195)) - Sending CreatePipelineCommand for pipeline:PipelineID=039c1c6d-8be4-4cc8-86f0-758c24cffa84 to datanode:10c77fab-dd91-442a-9529-86f26ad3973e
2022-09-03 01:13:38,444 [RatisPipelineUtilsThread - 0] INFO  pipeline.RatisPipelineProvider (RatisPipelineProvider.java:lambda$create$0(195)) - Sending CreatePipelineCommand for pipeline:PipelineID=039c1c6d-8be4-4cc8-86f0-758c24cffa84 to datanode:9cdbf1d0-d280-4661-b2c7-fb859849bb8c
2022-09-03 01:13:38,446 [de25ddac-3a80-4ed5-b6af-85fc97dbd7a2@group-BEC42C492C64-StateMachineUpdater] INFO  pipeline.PipelineStateManagerImpl (PipelineStateManagerImpl.java:addPipeline(103)) - Created pipeline Pipeline[ Id: 5eb1a04a-56ce-49c9-b289-6ce1a9eda204, Nodes: 9cdbf1d0-d280-4661-b2c7-fb859849bb8c{ip: 127.0.0.1, host: localhost, ports: [REPLICATION=40279, RATIS=32853, RATIS_ADMIN=32853, RATIS_SERVER=32853, STANDALONE=43651], networkLocation: /default-rack, certSerialId: null, persistedOpState: IN_SERVICE, persistedOpStateExpiryEpochSec: 0}10c77fab-dd91-442a-9529-86f26ad3973e{ip: 127.0.0.1, host: localhost, ports: [REPLICATION=38753, RATIS=33509, RATIS_ADMIN=33509, RATIS_SERVER=33509, STANDALONE=45003], networkLocation: /default-rack, certSerialId: null, persistedOpState: IN_SERVICE, persistedOpStateExpiryEpochSec: 0}c6a4e7bd-4491-4fc1-b57a-abeebaac5def{ip: 127.0.0.1, host: localhost, ports: [REPLICATION=44415, RATIS=39013, RATIS_ADMIN=39013, RATIS_SERVER=39013, STANDALONE=43169], networkLocation: /default-rack, certSerialId: null, persistedOpState: IN_SERVICE, persistedOpStateExpiryEpochSec: 0}, ReplicationConfig: RATIS/THREE, State:ALLOCATED, leaderId:, CreationTimestamp2022-09-03T01:13:38.431Z[Etc/UTC]].
2022-09-03 01:13:38,446 [de25ddac-3a80-4ed5-b6af-85fc97dbd7a2@group-BEC42C492C64-StateMachineUpdater] INFO  safemode.HealthyPipelineSafeModeRule (HealthyPipelineSafeModeRule.java:initializeRule(165)) - Refreshed total pipeline count is 0, healthy pipeline threshold count is 1
2022-09-03 01:13:38,450 [10e1d7e9-dd38-4db2-b0dc-1e40cbd54060@group-BEC42C492C64-StateMachineUpdater] INFO  pipeline.PipelineStateManagerImpl (PipelineStateManagerImpl.java:addPipeline(103)) - Created pipeline Pipeline[ Id: 5eb1a04a-56ce-49c9-b289-6ce1a9eda204, Nodes: 9cdbf1d0-d280-4661-b2c7-fb859849bb8c{ip: 127.0.0.1, host: localhost, ports: [REPLICATION=40279, RATIS=32853, RATIS_ADMIN=32853, RATIS_SERVER=32853, STANDALONE=43651], networkLocation: /default-rack, certSerialId: null, persistedOpState: IN_SERVICE, persistedOpStateExpiryEpochSec: 0}10c77fab-dd91-442a-9529-86f26ad3973e{ip: 127.0.0.1, host: localhost, ports: [REPLICATION=38753, RATIS=33509, RATIS_ADMIN=33509, RATIS_SERVER=33509, STANDALONE=45003], networkLocation: /default-rack, certSerialId: null, persistedOpState: IN_SERVICE, persistedOpStateExpiryEpochSec: 0}c6a4e7bd-4491-4fc1-b57a-abeebaac5def{ip: 127.0.0.1, host: localhost, ports: [REPLICATION=44415, RATIS=39013, RATIS_ADMIN=39013, RATIS_SERVER=39013, STANDALONE=43169], networkLocation: /default-rack, certSerialId: null, persistedOpState: IN_SERVICE, persistedOpStateExpiryEpochSec: 0}, ReplicationConfig: RATIS/THREE, State:ALLOCATED, leaderId:, CreationTimestamp2022-09-03T01:13:38.431Z[Etc/UTC]].
2022-09-03 01:13:38,454 [10e1d7e9-dd38-4db2-b0dc-1e40cbd54060@group-BEC42C492C64-StateMachineUpdater] INFO  safemode.HealthyPipelineSafeModeRule (HealthyPipelineSafeModeRule.java:initializeRule(165)) - Refreshed total pipeline count is 0, healthy pipeline threshold count is 1
2022-09-03 01:13:38,460 [5abf6683-c399-417c-b48d-34ddeee7dd89@group-BEC42C492C64-StateMachineUpdater] INFO  pipeline.PipelineStateManagerImpl (PipelineStateManagerImpl.java:addPipeline(103)) - Created pipeline Pipeline[ Id: 039c1c6d-8be4-4cc8-86f0-758c24cffa84, Nodes: c6a4e7bd-4491-4fc1-b57a-abeebaac5def{ip: 127.0.0.1, host: localhost, ports: [REPLICATION=44415, RATIS=39013, RATIS_ADMIN=39013, RATIS_SERVER=39013, STANDALONE=43169], networkLocation: /default-rack, certSerialId: null, persistedOpState: IN_SERVICE, persistedOpStateExpiryEpochSec: 0}10c77fab-dd91-442a-9529-86f26ad3973e{ip: 127.0.0.1, host: localhost, ports: [REPLICATION=38753, RATIS=33509, RATIS_ADMIN=33509, RATIS_SERVER=33509, STANDALONE=45003], networkLocation: /default-rack, certSerialId: null, persistedOpState: IN_SERVICE, persistedOpStateExpiryEpochSec: 0}9cdbf1d0-d280-4661-b2c7-fb859849bb8c{ip: 127.0.0.1, host: localhost, ports: [REPLICATION=40279, RATIS=32853, RATIS_ADMIN=32853, RATIS_SERVER=32853, STANDALONE=43651], networkLocation: /default-rack, certSerialId: null, persistedOpState: IN_SERVICE, persistedOpStateExpiryEpochSec: 0}, ReplicationConfig: RATIS/THREE, State:ALLOCATED, leaderId:, CreationTimestamp2022-09-03T01:13:38.441Z[Etc/UTC]].
2022-09-03 01:13:38,460 [5abf6683-c399-417c-b48d-34ddeee7dd89@group-BEC42C492C64-StateMachineUpdater] INFO  safemode.HealthyPipelineSafeModeRule (HealthyPipelineSafeModeRule.java:initializeRule(165)) - Refreshed total pipeline count is 0, healthy pipeline threshold count is 1
2022-09-03 01:13:38,461 [RatisPipelineUtilsThread - 0] INFO  pipeline.PipelineManagerImpl (PipelineManagerImpl.java:recordMetricsForPipeline(796)) - Pipeline: PipelineID=039c1c6d-8be4-4cc8-86f0-758c24cffa84 contains same datanodes as previous pipelines: PipelineID=5eb1a04a-56ce-49c9-b289-6ce1a9eda204 nodeIds: c6a4e7bd-4491-4fc1-b57a-abeebaac5def, 10c77fab-dd91-442a-9529-86f26ad3973e, 9cdbf1d0-d280-4661-b2c7-fb859849bb8c
2022-09-03 01:13:38,473 [10e1d7e9-dd38-4db2-b0dc-1e40cbd54060@group-BEC42C492C64-StateMachineUpdater] INFO  pipeline.PipelineStateManagerImpl (PipelineStateManagerImpl.java:addPipeline(103)) - Created pipeline Pipeline[ Id: 039c1c6d-8be4-4cc8-86f0-758c24cffa84, Nodes: c6a4e7bd-4491-4fc1-b57a-abeebaac5def{ip: 127.0.0.1, host: localhost, ports: [REPLICATION=44415, RATIS=39013, RATIS_ADMIN=39013, RATIS_SERVER=39013, STANDALONE=43169], networkLocation: /default-rack, certSerialId: null, persistedOpState: IN_SERVICE, persistedOpStateExpiryEpochSec: 0}10c77fab-dd91-442a-9529-86f26ad3973e{ip: 127.0.0.1, host: localhost, ports: [REPLICATION=38753, RATIS=33509, RATIS_ADMIN=33509, RATIS_SERVER=33509, STANDALONE=45003], networkLocation: /default-rack, certSerialId: null, persistedOpState: IN_SERVICE, persistedOpStateExpiryEpochSec: 0}9cdbf1d0-d280-4661-b2c7-fb859849bb8c{ip: 127.0.0.1, host: localhost, ports: [REPLICATION=40279, RATIS=32853, RATIS_ADMIN=32853, RATIS_SERVER=32853, STANDALONE=43651], networkLocation: /default-rack, certSerialId: null, persistedOpState: IN_SERVICE, persistedOpStateExpiryEpochSec: 0}, ReplicationConfig: RATIS/THREE, State:ALLOCATED, leaderId:, CreationTimestamp2022-09-03T01:13:38.441Z[Etc/UTC]].
2022-09-03 01:13:38,473 [10e1d7e9-dd38-4db2-b0dc-1e40cbd54060@group-BEC42C492C64-StateMachineUpdater] INFO  safemode.HealthyPipelineSafeModeRule (HealthyPipelineSafeModeRule.java:initializeRule(165)) - Refreshed total pipeline count is 0, healthy pipeline threshold count is 1
2022-09-03 01:13:38,476 [de25ddac-3a80-4ed5-b6af-85fc97dbd7a2@group-BEC42C492C64-StateMachineUpdater] INFO  pipeline.PipelineStateManagerImpl (PipelineStateManagerImpl.java:addPipeline(103)) - Created pipeline Pipeline[ Id: 039c1c6d-8be4-4cc8-86f0-758c24cffa84, Nodes: c6a4e7bd-4491-4fc1-b57a-abeebaac5def{ip: 127.0.0.1, host: localhost, ports: [REPLICATION=44415, RATIS=39013, RATIS_ADMIN=39013, RATIS_SERVER=39013, STANDALONE=43169], networkLocation: /default-rack, certSerialId: null, persistedOpState: IN_SERVICE, persistedOpStateExpiryEpochSec: 0}10c77fab-dd91-442a-9529-86f26ad3973e{ip: 127.0.0.1, host: localhost, ports: [REPLICATION=38753, RATIS=33509, RATIS_ADMIN=33509, RATIS_SERVER=33509, STANDALONE=45003], networkLocation: /default-rack, certSerialId: null, persistedOpState: IN_SERVICE, persistedOpStateExpiryEpochSec: 0}9cdbf1d0-d280-4661-b2c7-fb859849bb8c{ip: 127.0.0.1, host: localhost, ports: [REPLICATION=40279, RATIS=32853, RATIS_ADMIN=32853, RATIS_SERVER=32853, STANDALONE=43651], networkLocation: /default-rack, certSerialId: null, persistedOpState: IN_SERVICE, persistedOpStateExpiryEpochSec: 0}, ReplicationConfig: RATIS/THREE, State:ALLOCATED, leaderId:, CreationTimestamp2022-09-03T01:13:38.441Z[Etc/UTC]].
2022-09-03 01:13:38,476 [de25ddac-3a80-4ed5-b6af-85fc97dbd7a2@group-BEC42C492C64-StateMachineUpdater] INFO  safemode.HealthyPipelineSafeModeRule (HealthyPipelineSafeModeRule.java:initializeRule(165)) - Refreshed total pipeline count is 0, healthy pipeline threshold count is 1
2022-09-03 01:13:39,390 [Listener at 127.0.0.1/44253] INFO  ozone.MiniOzoneClusterImpl (MiniOzoneClusterImpl.java:lambda$waitForClusterToBeReady$0(216)) - Nodes are ready. Got 3 of 3 DN Heartbeats.
2022-09-03 01:13:39,391 [Listener at 127.0.0.1/44253] INFO  ozone.MiniOzoneClusterImpl (MiniOzoneClusterImpl.java:lambda$waitForClusterToBeReady$0(219)) - Waiting for cluster to exit safe mode
2022-09-03 01:13:39,391 [Listener at 127.0.0.1/44253] INFO  ozone.MiniOzoneClusterImpl (MiniOzoneClusterImpl.java:lambda$waitForClusterToBeReady$0(221)) - SCM became leader
2022-09-03 01:13:40,392 [Listener at 127.0.0.1/44253] INFO  ozone.MiniOzoneClusterImpl (MiniOzoneClusterImpl.java:lambda$waitForClusterToBeReady$0(216)) - Nodes are ready. Got 3 of 3 DN Heartbeats.
2022-09-03 01:13:40,392 [Listener at 127.0.0.1/44253] INFO  ozone.MiniOzoneClusterImpl (MiniOzoneClusterImpl.java:lambda$waitForClusterToBeReady$0(219)) - Waiting for cluster to exit safe mode
2022-09-03 01:13:40,392 [Listener at 127.0.0.1/44253] INFO  ozone.MiniOzoneClusterImpl (MiniOzoneClusterImpl.java:lambda$waitForClusterToBeReady$0(221)) - SCM became leader
2022-09-03 01:13:40,618 [Command processor thread] INFO  server.RaftServer (RaftServerProxy.java:addNew(96)) - 10c77fab-dd91-442a-9529-86f26ad3973e: addNew group-540472E43475:[10c77fab-dd91-442a-9529-86f26ad3973e|rpc:127.0.0.1:33509|priority:1] returns group-540472E43475:java.util.concurrent.CompletableFuture@5f44fa32[Not completed]
2022-09-03 01:13:40,632 [pool-190-thread-1] INFO  server.RaftServer$Division (RaftServerImpl.java:<init>(190)) - 10c77fab-dd91-442a-9529-86f26ad3973e: new RaftServerImpl for group-540472E43475:[10c77fab-dd91-442a-9529-86f26ad3973e|rpc:127.0.0.1:33509|priority:1] with ContainerStateMachine:uninitialized
2022-09-03 01:13:40,633 [pool-190-thread-1] INFO  server.RaftServerConfigKeys (ConfUtils.java:logGet(46)) - raft.server.rpc.timeout.min = 5s (custom)
2022-09-03 01:13:40,633 [pool-190-thread-1] INFO  server.RaftServerConfigKeys (ConfUtils.java:logGet(46)) - raft.server.rpc.timeout.max = 5200ms (custom)
2022-09-03 01:13:40,633 [pool-190-thread-1] INFO  server.RaftServerConfigKeys (ConfUtils.java:logGet(46)) - raft.server.rpc.sleep.time = 25ms (default)
2022-09-03 01:13:40,633 [pool-190-thread-1] INFO  server.RaftServerConfigKeys (ConfUtils.java:logGet(46)) - raft.server.rpc.slowness.timeout = 300s (custom)
2022-09-03 01:13:40,633 [pool-190-thread-1] INFO  server.RaftServerConfigKeys (ConfUtils.java:logGet(46)) - raft.server.leaderelection.leader.step-down.wait-time = 10s (default)
2022-09-03 01:13:40,633 [pool-190-thread-1] INFO  server.RaftServerConfigKeys (ConfUtils.java:logGet(46)) - raft.server.sleep.deviation.threshold = 300ms (default)
2022-09-03 01:13:40,633 [pool-190-thread-1] INFO  server.RaftServer$Division (ServerState.java:<init>(107)) - 10c77fab-dd91-442a-9529-86f26ad3973e@group-540472E43475: ConfigurationManager, init=-1: [10c77fab-dd91-442a-9529-86f26ad3973e|rpc:127.0.0.1:33509|priority:1], old=null, confs=<EMPTY_MAP>
2022-09-03 01:13:40,633 [pool-190-thread-1] INFO  server.RaftServerConfigKeys (ConfUtils.java:logGet(46)) - raft.server.storage.dir = [/home/runner/work/ozone/ozone/hadoop-ozone/integration-test/target/test-dir/MiniOzoneClusterImpl-b7bb7c95-97ac-4743-8c58-bec42c492c64/datanode-0/data/ratis] (custom)
2022-09-03 01:13:40,637 [pool-190-thread-1] INFO  server.RaftServerConfigKeys (ConfUtils.java:logGet(46)) - raft.server.log.corruption.policy = EXCEPTION (default)
2022-09-03 01:13:40,637 [pool-190-thread-1] INFO  server.RaftServerConfigKeys (ConfUtils.java:logGet(46)) - raft.server.storage.free-space.min = 0MB (=0) (default)
2022-09-03 01:13:40,637 [pool-190-thread-1] INFO  storage.RaftStorageDirectory (RaftStorageDirectoryImpl.java:analyzeStorage(135)) - The storage directory /home/runner/work/ozone/ozone/hadoop-ozone/integration-test/target/test-dir/MiniOzoneClusterImpl-b7bb7c95-97ac-4743-8c58-bec42c492c64/datanode-0/data/ratis/726591df-393f-461b-bb3c-540472e43475 does not exist. Creating ...
2022-09-03 01:13:40,641 [pool-190-thread-1] INFO  storage.RaftStorageDirectory (RaftStorageDirectoryImpl.java:tryLock(230)) - Lock on /home/runner/work/ozone/ozone/hadoop-ozone/integration-test/target/test-dir/MiniOzoneClusterImpl-b7bb7c95-97ac-4743-8c58-bec42c492c64/datanode-0/data/ratis/726591df-393f-461b-bb3c-540472e43475/in_use.lock acquired by nodename 24955@fv-az504-37
2022-09-03 01:13:40,642 [pool-190-thread-1] INFO  storage.RaftStorage (RaftStorageImpl.java:format(89)) - Storage directory /home/runner/work/ozone/ozone/hadoop-ozone/integration-test/target/test-dir/MiniOzoneClusterImpl-b7bb7c95-97ac-4743-8c58-bec42c492c64/datanode-0/data/ratis/726591df-393f-461b-bb3c-540472e43475 has been successfully formatted.
2022-09-03 01:13:40,646 [pool-190-thread-1] INFO  ratis.ContainerStateMachine (ContainerStateMachine.java:loadSnapshot(236)) - group-540472E43475: The snapshot info is null. Setting the last applied indexto:(t:0, i:~)
2022-09-03 01:13:40,647 [pool-190-thread-1] INFO  server.RaftServerConfigKeys (ConfUtils.java:logGet(46)) - raft.server.notification.no-leader.timeout = 300s (custom)
2022-09-03 01:13:40,647 [pool-190-thread-1] INFO  server.RaftServerConfigKeys (ConfUtils.java:logGet(46)) - raft.server.log.use.memory = false (default)
2022-09-03 01:13:40,647 [pool-190-thread-1] INFO  server.RaftServerConfigKeys (ConfUtils.java:logGet(46)) - raft.server.log.purge.gap = 1000000 (custom)
2022-09-03 01:13:40,647 [pool-190-thread-1] INFO  server.RaftServerConfigKeys (ConfUtils.java:logGet(46)) - raft.server.log.appender.buffer.byte-limit = 33554432 (custom)
2022-09-03 01:13:40,647 [pool-190-thread-1] INFO  server.RaftServerConfigKeys (ConfUtils.java:logGet(46)) - raft.server.log.statemachine.data.read.timeout = 1000ms (default)
2022-09-03 01:13:40,647 [pool-190-thread-1] INFO  server.RaftServerConfigKeys (ConfUtils.java:logGet(46)) - raft.server.log.segment.size.max = 1048576 (custom)
2022-09-03 01:13:40,648 [pool-190-thread-1] INFO  server.RaftServerConfigKeys (ConfUtils.java:logGet(46)) - raft.server.log.segment.cache.num.max = 2 (custom)
2022-09-03 01:13:40,648 [pool-190-thread-1] INFO  server.RaftServerConfigKeys (ConfUtils.java:logGet(46)) - raft.server.log.segment.cache.size.max = 200MB (=209715200) (default)
2022-09-03 01:13:40,648 [pool-190-thread-1] INFO  segmented.SegmentedRaftLogWorker (SegmentedRaftLogWorker.java:<init>(187)) - new 10c77fab-dd91-442a-9529-86f26ad3973e@group-540472E43475-SegmentedRaftLogWorker for RaftStorageImpl:Storage Directory /home/runner/work/ozone/ozone/hadoop-ozone/integration-test/target/test-dir/MiniOzoneClusterImpl-b7bb7c95-97ac-4743-8c58-bec42c492c64/datanode-0/data/ratis/726591df-393f-461b-bb3c-540472e43475
2022-09-03 01:13:40,648 [pool-190-thread-1] INFO  server.RaftServerConfigKeys (ConfUtils.java:logGet(46)) - raft.server.log.queue.byte-limit = 4294967296 (custom)
2022-09-03 01:13:40,648 [pool-190-thread-1] INFO  server.RaftServerConfigKeys (ConfUtils.java:logGet(46)) - raft.server.log.queue.element-limit = 1024 (custom)
2022-09-03 01:13:40,648 [pool-190-thread-1] INFO  server.RaftServerConfigKeys (ConfUtils.java:logGet(46)) - raft.server.log.segment.size.max = 1048576 (custom)
2022-09-03 01:13:40,648 [pool-190-thread-1] INFO  server.RaftServerConfigKeys (ConfUtils.java:logGet(46)) - raft.server.log.preallocated.size = 16384 (custom)
2022-09-03 01:13:40,649 [pool-190-thread-1] INFO  server.RaftServerConfigKeys (ConfUtils.java:logGet(46)) - raft.server.log.force.sync.num = 128 (default)
2022-09-03 01:13:40,649 [pool-190-thread-1] INFO  server.RaftServerConfigKeys (ConfUtils.java:logGet(46)) - raft.server.log.statemachine.data.sync = true (default)
2022-09-03 01:13:40,656 [pool-190-thread-1] INFO  server.RaftServerConfigKeys (ConfUtils.java:logGet(46)) - raft.server.log.statemachine.data.sync.timeout = 10s (default)
2022-09-03 01:13:40,656 [pool-190-thread-1] INFO  server.RaftServerConfigKeys (ConfUtils.java:logGet(46)) - raft.server.log.statemachine.data.sync.timeout.retry = -1 (default)
2022-09-03 01:13:40,657 [pool-190-thread-1] INFO  server.RaftServerConfigKeys (ConfUtils.java:logGet(46)) - raft.server.log.write.buffer.size = 1048576 (custom)
2022-09-03 01:13:40,658 [pool-190-thread-1] INFO  server.RaftServerConfigKeys (ConfUtils.java:logGet(46)) - raft.server.log.unsafe-flush.enabled = false (default)
2022-09-03 01:13:40,658 [pool-190-thread-1] INFO  server.RaftServerConfigKeys (ConfUtils.java:logGet(46)) - raft.server.log.statemachine.data.caching.enabled = true (custom)
2022-09-03 01:13:40,658 [pool-190-thread-1] INFO  segmented.SegmentedRaftLogWorker (SegmentedRaftLogWorker.java:lambda$new$0(135)) - 10c77fab-dd91-442a-9529-86f26ad3973e@group-540472E43475-SegmentedRaftLogWorker: flushIndex: setUnconditionally 0 -> -1
2022-09-03 01:13:40,658 [pool-190-thread-1] INFO  segmented.SegmentedRaftLogWorker (SegmentedRaftLogWorker.java:lambda$new$0(135)) - 10c77fab-dd91-442a-9529-86f26ad3973e@group-540472E43475-SegmentedRaftLogWorker: safeCacheEvictIndex: setUnconditionally 0 -> -1
2022-09-03 01:13:40,664 [pool-190-thread-1] INFO  server.RaftServerConfigKeys (ConfUtils.java:logGet(46)) - raft.server.snapshot.auto.trigger.enabled = true (custom)
2022-09-03 01:13:40,664 [pool-190-thread-1] INFO  server.RaftServerConfigKeys (ConfUtils.java:logGet(46)) - raft.server.snapshot.auto.trigger.threshold = 10000 (custom)
2022-09-03 01:13:40,664 [pool-190-thread-1] INFO  server.RaftServerConfigKeys (ConfUtils.java:logGet(46)) - raft.server.snapshot.retention.file.num = 5 (custom)
2022-09-03 01:13:40,664 [pool-190-thread-1] INFO  server.RaftServerConfigKeys (ConfUtils.java:logGet(46)) - raft.server.log.purge.upto.snapshot.index = false (default)
2022-09-03 01:13:40,664 [pool-190-thread-1] INFO  server.RaftServerConfigKeys (ConfUtils.java:logGet(46)) - raft.server.retrycache.expirytime = 600000ms (custom)
2022-09-03 01:13:40,664 [pool-190-thread-1] INFO  server.RaftServerConfigKeys (ConfUtils.java:logGet(46)) - raft.server.retrycache.statistics.expirytime = 100μs (default)
2022-09-03 01:13:40,667 [pool-190-thread-1] INFO  server.RaftServerConfigKeys (ConfUtils.java:logGet(46)) - raft.server.log.appender.install.snapshot.enabled = false (custom)
2022-09-03 01:13:40,667 [pool-190-thread-1] INFO  server.RaftServerConfigKeys (ConfUtils.java:logGet(46)) - raft.server.threadpool.server.cached = true (default)
2022-09-03 01:13:40,667 [pool-190-thread-1] INFO  server.RaftServerConfigKeys (ConfUtils.java:logGet(46)) - raft.server.threadpool.server.size = 0 (default)
2022-09-03 01:13:40,667 [pool-190-thread-1] INFO  server.RaftServerConfigKeys (ConfUtils.java:logGet(46)) - raft.server.threadpool.client.cached = true (default)
2022-09-03 01:13:40,667 [pool-190-thread-1] INFO  server.RaftServerConfigKeys (ConfUtils.java:logGet(46)) - raft.server.threadpool.client.size = 0 (default)
2022-09-03 01:13:40,667 [pool-190-thread-1] INFO  server.RaftServer$Division (RaftServerImpl.java:start(310)) - 10c77fab-dd91-442a-9529-86f26ad3973e@group-540472E43475: start as a follower, conf=-1: [10c77fab-dd91-442a-9529-86f26ad3973e|rpc:127.0.0.1:33509|priority:1], old=null
2022-09-03 01:13:40,667 [pool-190-thread-1] INFO  server.RaftServer$Division (RaftServerImpl.java:setRole(299)) - 10c77fab-dd91-442a-9529-86f26ad3973e@group-540472E43475: changes role from      null to FOLLOWER at term 0 for startAsFollower
2022-09-03 01:13:40,667 [pool-190-thread-1] INFO  impl.RoleInfo (RoleInfo.java:updateAndGet(139)) - 10c77fab-dd91-442a-9529-86f26ad3973e: start 10c77fab-dd91-442a-9529-86f26ad3973e@group-540472E43475-FollowerState
2022-09-03 01:13:40,679 [pool-190-thread-1] INFO  util.JmxRegister (JmxRegister.java:tryRegister(44)) - Successfully registered JMX Bean with object name Ratis:service=RaftServer,group=group-540472E43475,id=10c77fab-dd91-442a-9529-86f26ad3973e
2022-09-03 01:13:40,671 [EventQueue-PipelineReportForPipelineReportHandler] INFO  pipeline.PipelineManagerImpl (PipelineManagerImpl.java:openPipeline(367)) - Pipeline Pipeline[ Id: 726591df-393f-461b-bb3c-540472e43475, Nodes: 10c77fab-dd91-442a-9529-86f26ad3973e{ip: 127.0.0.1, host: localhost, ports: [REPLICATION=38753, RATIS=33509, RATIS_ADMIN=33509, RATIS_SERVER=33509, STANDALONE=45003], networkLocation: /default-rack, certSerialId: null, persistedOpState: IN_SERVICE, persistedOpStateExpiryEpochSec: 0}, ReplicationConfig: RATIS/ONE, State:ALLOCATED, leaderId:10c77fab-dd91-442a-9529-86f26ad3973e, CreationTimestamp2022-09-03T01:13:37.735Z[Etc/UTC]] moved to OPEN state
2022-09-03 01:13:40,672 [EventQueue-PipelineReportForPipelineReportHandler] INFO  pipeline.PipelineManagerImpl (PipelineManagerImpl.java:openPipeline(367)) - Pipeline Pipeline[ Id: 726591df-393f-461b-bb3c-540472e43475, Nodes: 10c77fab-dd91-442a-9529-86f26ad3973e{ip: 127.0.0.1, host: localhost, ports: [REPLICATION=38753, RATIS=33509, RATIS_ADMIN=33509, RATIS_SERVER=33509, STANDALONE=45003], networkLocation: /default-rack, certSerialId: null, persistedOpState: IN_SERVICE, persistedOpStateExpiryEpochSec: 0}, ReplicationConfig: RATIS/ONE, State:ALLOCATED, leaderId:10c77fab-dd91-442a-9529-86f26ad3973e, CreationTimestamp2022-09-03T01:13:37.735Z[Etc/UTC]] moved to OPEN state
2022-09-03 01:13:40,672 [EventQueue-PipelineReportForPipelineReportHandler] INFO  pipeline.PipelineManagerImpl (PipelineManagerImpl.java:openPipeline(367)) - Pipeline Pipeline[ Id: 726591df-393f-461b-bb3c-540472e43475, Nodes: 10c77fab-dd91-442a-9529-86f26ad3973e{ip: 127.0.0.1, host: localhost, ports: [REPLICATION=38753, RATIS=33509, RATIS_ADMIN=33509, RATIS_SERVER=33509, STANDALONE=45003], networkLocation: /default-rack, certSerialId: null, persistedOpState: IN_SERVICE, persistedOpStateExpiryEpochSec: 0}, ReplicationConfig: RATIS/ONE, State:ALLOCATED, leaderId:10c77fab-dd91-442a-9529-86f26ad3973e, CreationTimestamp2022-09-03T01:13:37.735Z[Etc/UTC]] moved to OPEN state
2022-09-03 01:13:40,693 [Command processor thread] INFO  ratis.XceiverServerRatis (XceiverServerRatis.java:addGroup(765)) - Created group PipelineID=726591df-393f-461b-bb3c-540472e43475
2022-09-03 01:13:40,693 [Command processor thread] INFO  commandhandler.CreatePipelineCommandHandler (CreatePipelineCommandHandler.java:handle(113)) - Created Pipeline RATIS ONE PipelineID=726591df-393f-461b-bb3c-540472e43475.
2022-09-03 01:13:40,694 [Command processor thread] INFO  server.RaftServer (RaftServerProxy.java:addNew(96)) - 10c77fab-dd91-442a-9529-86f26ad3973e: addNew group-6CE1A9EDA204:[10c77fab-dd91-442a-9529-86f26ad3973e|rpc:127.0.0.1:33509|priority:1, c6a4e7bd-4491-4fc1-b57a-abeebaac5def|rpc:127.0.0.1:39013|priority:0, 9cdbf1d0-d280-4661-b2c7-fb859849bb8c|rpc:127.0.0.1:32853|priority:0] returns group-6CE1A9EDA204:java.util.concurrent.CompletableFuture@1ccd2173[Not completed]
2022-09-03 01:13:40,695 [pool-190-thread-1] INFO  server.RaftServer$Division (RaftServerImpl.java:<init>(190)) - 10c77fab-dd91-442a-9529-86f26ad3973e: new RaftServerImpl for group-6CE1A9EDA204:[10c77fab-dd91-442a-9529-86f26ad3973e|rpc:127.0.0.1:33509|priority:1, c6a4e7bd-4491-4fc1-b57a-abeebaac5def|rpc:127.0.0.1:39013|priority:0, 9cdbf1d0-d280-4661-b2c7-fb859849bb8c|rpc:127.0.0.1:32853|priority:0] with ContainerStateMachine:uninitialized
2022-09-03 01:13:40,695 [pool-190-thread-1] INFO  server.RaftServerConfigKeys (ConfUtils.java:logGet(46)) - raft.server.rpc.timeout.min = 5s (custom)
2022-09-03 01:13:40,695 [pool-190-thread-1] INFO  server.RaftServerConfigKeys (ConfUtils.java:logGet(46)) - raft.server.rpc.timeout.max = 5200ms (custom)
2022-09-03 01:13:40,695 [pool-190-thread-1] INFO  server.RaftServerConfigKeys (ConfUtils.java:logGet(46)) - raft.server.rpc.sleep.time = 25ms (default)
2022-09-03 01:13:40,695 [pool-190-thread-1] INFO  server.RaftServerConfigKeys (ConfUtils.java:logGet(46)) - raft.server.rpc.slowness.timeout = 300s (custom)
2022-09-03 01:13:40,695 [pool-190-thread-1] INFO  server.RaftServerConfigKeys (ConfUtils.java:logGet(46)) - raft.server.leaderelection.leader.step-down.wait-time = 10s (default)
2022-09-03 01:13:40,695 [pool-190-thread-1] INFO  server.RaftServerConfigKeys (ConfUtils.java:logGet(46)) - raft.server.sleep.deviation.threshold = 300ms (default)
2022-09-03 01:13:40,696 [pool-190-thread-1] INFO  server.RaftServer$Division (ServerState.java:<init>(107)) - 10c77fab-dd91-442a-9529-86f26ad3973e@group-6CE1A9EDA204: ConfigurationManager, init=-1: [10c77fab-dd91-442a-9529-86f26ad3973e|rpc:127.0.0.1:33509|priority:1, c6a4e7bd-4491-4fc1-b57a-abeebaac5def|rpc:127.0.0.1:39013|priority:0, 9cdbf1d0-d280-4661-b2c7-fb859849bb8c|rpc:127.0.0.1:32853|priority:0], old=null, confs=<EMPTY_MAP>
2022-09-03 01:13:40,696 [pool-190-thread-1] INFO  server.RaftServerConfigKeys (ConfUtils.java:logGet(46)) - raft.server.storage.dir = [/home/runner/work/ozone/ozone/hadoop-ozone/integration-test/target/test-dir/MiniOzoneClusterImpl-b7bb7c95-97ac-4743-8c58-bec42c492c64/datanode-0/data/ratis] (custom)
2022-09-03 01:13:40,696 [pool-190-thread-1] INFO  server.RaftServerConfigKeys (ConfUtils.java:logGet(46)) - raft.server.log.corruption.policy = EXCEPTION (default)
2022-09-03 01:13:40,702 [pool-190-thread-1] INFO  server.RaftServerConfigKeys (ConfUtils.java:logGet(46)) - raft.server.storage.free-space.min = 0MB (=0) (default)
2022-09-03 01:13:40,703 [pool-190-thread-1] INFO  storage.RaftStorageDirectory (RaftStorageDirectoryImpl.java:analyzeStorage(135)) - The storage directory /home/runner/work/ozone/ozone/hadoop-ozone/integration-test/target/test-dir/MiniOzoneClusterImpl-b7bb7c95-97ac-4743-8c58-bec42c492c64/datanode-0/data/ratis/5eb1a04a-56ce-49c9-b289-6ce1a9eda204 does not exist. Creating ...
2022-09-03 01:13:40,706 [pool-190-thread-1] INFO  storage.RaftStorageDirectory (RaftStorageDirectoryImpl.java:tryLock(230)) - Lock on /home/runner/work/ozone/ozone/hadoop-ozone/integration-test/target/test-dir/MiniOzoneClusterImpl-b7bb7c95-97ac-4743-8c58-bec42c492c64/datanode-0/data/ratis/5eb1a04a-56ce-49c9-b289-6ce1a9eda204/in_use.lock acquired by nodename 24955@fv-az504-37
2022-09-03 01:13:40,708 [pool-190-thread-1] INFO  storage.RaftStorage (RaftStorageImpl.java:format(89)) - Storage directory /home/runner/work/ozone/ozone/hadoop-ozone/integration-test/target/test-dir/MiniOzoneClusterImpl-b7bb7c95-97ac-4743-8c58-bec42c492c64/datanode-0/data/ratis/5eb1a04a-56ce-49c9-b289-6ce1a9eda204 has been successfully formatted.
2022-09-03 01:13:40,712 [pool-190-thread-1] INFO  ratis.ContainerStateMachine (ContainerStateMachine.java:loadSnapshot(236)) - group-6CE1A9EDA204: The snapshot info is null. Setting the last applied indexto:(t:0, i:~)
2022-09-03 01:13:40,712 [pool-190-thread-1] INFO  server.RaftServerConfigKeys (ConfUtils.java:logGet(46)) - raft.server.notification.no-leader.timeout = 300s (custom)
2022-09-03 01:13:40,712 [pool-190-thread-1] INFO  server.RaftServerConfigKeys (ConfUtils.java:logGet(46)) - raft.server.log.use.memory = false (default)
2022-09-03 01:13:40,712 [pool-190-thread-1] INFO  server.RaftServerConfigKeys (ConfUtils.java:logGet(46)) - raft.server.log.purge.gap = 1000000 (custom)
2022-09-03 01:13:40,712 [pool-190-thread-1] INFO  server.RaftServerConfigKeys (ConfUtils.java:logGet(46)) - raft.server.log.appender.buffer.byte-limit = 33554432 (custom)
2022-09-03 01:13:40,712 [pool-190-thread-1] INFO  server.RaftServerConfigKeys (ConfUtils.java:logGet(46)) - raft.server.log.statemachine.data.read.timeout = 1000ms (default)
2022-09-03 01:13:40,713 [pool-190-thread-1] INFO  server.RaftServerConfigKeys (ConfUtils.java:logGet(46)) - raft.server.log.segment.size.max = 1048576 (custom)
2022-09-03 01:13:40,714 [pool-190-thread-1] INFO  server.RaftServerConfigKeys (ConfUtils.java:logGet(46)) - raft.server.log.segment.cache.num.max = 2 (custom)
2022-09-03 01:13:40,714 [pool-190-thread-1] INFO  server.RaftServerConfigKeys (ConfUtils.java:logGet(46)) - raft.server.log.segment.cache.size.max = 200MB (=209715200) (default)
2022-09-03 01:13:40,714 [pool-190-thread-1] INFO  segmented.SegmentedRaftLogWorker (SegmentedRaftLogWorker.java:<init>(187)) - new 10c77fab-dd91-442a-9529-86f26ad3973e@group-6CE1A9EDA204-SegmentedRaftLogWorker for RaftStorageImpl:Storage Directory /home/runner/work/ozone/ozone/hadoop-ozone/integration-test/target/test-dir/MiniOzoneClusterImpl-b7bb7c95-97ac-4743-8c58-bec42c492c64/datanode-0/data/ratis/5eb1a04a-56ce-49c9-b289-6ce1a9eda204
2022-09-03 01:13:40,714 [pool-190-thread-1] INFO  server.RaftServerConfigKeys (ConfUtils.java:logGet(46)) - raft.server.log.queue.byte-limit = 4294967296 (custom)
2022-09-03 01:13:40,714 [pool-190-thread-1] INFO  server.RaftServerConfigKeys (ConfUtils.java:logGet(46)) - raft.server.log.queue.element-limit = 1024 (custom)
2022-09-03 01:13:40,716 [pool-190-thread-1] INFO  server.RaftServerConfigKeys (ConfUtils.java:logGet(46)) - raft.server.log.segment.size.max = 1048576 (custom)
2022-09-03 01:13:40,716 [pool-190-thread-1] INFO  server.RaftServerConfigKeys (ConfUtils.java:logGet(46)) - raft.server.log.preallocated.size = 16384 (custom)
2022-09-03 01:13:40,716 [pool-190-thread-1] INFO  server.RaftServerConfigKeys (ConfUtils.java:logGet(46)) - raft.server.log.force.sync.num = 128 (default)
2022-09-03 01:13:40,716 [pool-190-thread-1] INFO  server.RaftServerConfigKeys (ConfUtils.java:logGet(46)) - raft.server.log.statemachine.data.sync = true (default)
2022-09-03 01:13:40,717 [pool-190-thread-1] INFO  server.RaftServerConfigKeys (ConfUtils.java:logGet(46)) - raft.server.log.statemachine.data.sync.timeout = 10s (default)
2022-09-03 01:13:40,717 [pool-190-thread-1] INFO  server.RaftServerConfigKeys (ConfUtils.java:logGet(46)) - raft.server.log.statemachine.data.sync.timeout.retry = -1 (default)
2022-09-03 01:13:40,719 [5abf6683-c399-417c-b48d-34ddeee7dd89@group-BEC42C492C64-StateMachineUpdater] INFO  safemode.HealthyPipelineSafeModeRule (HealthyPipelineSafeModeRule.java:initializeRule(165)) - Refreshed total pipeline count is 0, healthy pipeline threshold count is 1
2022-09-03 01:13:40,722 [pool-190-thread-1] INFO  server.RaftServerConfigKeys (ConfUtils.java:logGet(46)) - raft.server.log.write.buffer.size = 1048576 (custom)
2022-09-03 01:13:40,725 [pool-190-thread-1] INFO  server.RaftServerConfigKeys (ConfUtils.java:logGet(46)) - raft.server.log.unsafe-flush.enabled = false (default)
2022-09-03 01:13:40,725 [pool-190-thread-1] INFO  server.RaftServerConfigKeys (ConfUtils.java:logGet(46)) - raft.server.log.statemachine.data.caching.enabled = true (custom)
2022-09-03 01:13:40,725 [pool-190-thread-1] INFO  segmented.SegmentedRaftLogWorker (SegmentedRaftLogWorker.java:lambda$new$0(135)) - 10c77fab-dd91-442a-9529-86f26ad3973e@group-6CE1A9EDA204-SegmentedRaftLogWorker: flushIndex: setUnconditionally 0 -> -1
2022-09-03 01:13:40,725 [pool-190-thread-1] INFO  segmented.SegmentedRaftLogWorker (SegmentedRaftLogWorker.java:lambda$new$0(135)) - 10c77fab-dd91-442a-9529-86f26ad3973e@group-6CE1A9EDA204-SegmentedRaftLogWorker: safeCacheEvictIndex: setUnconditionally 0 -> -1
2022-09-03 01:13:40,725 [EventQueue-OpenPipelineForHealthyPipelineSafeModeRule] INFO  safemode.SCMSafeModeManager (HealthyPipelineSafeModeRule.java:process(137)) - SCM in safe mode. Healthy pipelines reported count is 0, required healthy pipeline reported count is 1
2022-09-03 01:13:40,725 [EventQueue-OpenPipelineForHealthyPipelineSafeModeRule] INFO  safemode.SCMSafeModeManager (HealthyPipelineSafeModeRule.java:process(137)) - SCM in safe mode. Healthy pipelines reported count is 0, required healthy pipeline reported count is 1
2022-09-03 01:13:40,731 [pool-190-thread-1] INFO  server.RaftServerConfigKeys (ConfUtils.java:logGet(46)) - raft.server.snapshot.auto.trigger.enabled = true (custom)
2022-09-03 01:13:40,731 [pool-190-thread-1] INFO  server.RaftServerConfigKeys (ConfUtils.java:logGet(46)) - raft.server.snapshot.auto.trigger.threshold = 10000 (custom)
2022-09-03 01:13:40,731 [pool-190-thread-1] INFO  server.RaftServerConfigKeys (ConfUtils.java:logGet(46)) - raft.server.snapshot.retention.file.num = 5 (custom)
2022-09-03 01:13:40,731 [pool-190-thread-1] INFO  server.RaftServerConfigKeys (ConfUtils.java:logGet(46)) - raft.server.log.purge.upto.snapshot.index = false (default)
2022-09-03 01:13:40,731 [pool-190-thread-1] INFO  server.RaftServerConfigKeys (ConfUtils.java:logGet(46)) - raft.server.retrycache.expirytime = 600000ms (custom)
2022-09-03 01:13:40,731 [pool-190-thread-1] INFO  server.RaftServerConfigKeys (ConfUtils.java:logGet(46)) - raft.server.retrycache.statistics.expirytime = 100μs (default)
2022-09-03 01:13:40,732 [EventQueue-PipelineReportForPipelineReportHandler] INFO  pipeline.PipelineManagerImpl (PipelineManagerImpl.java:openPipeline(367)) - Pipeline Pipeline[ Id: 726591df-393f-461b-bb3c-540472e43475, Nodes: 10c77fab-dd91-442a-9529-86f26ad3973e{ip: 127.0.0.1, host: localhost, ports: [REPLICATION=38753, RATIS=33509, RATIS_ADMIN=33509, RATIS_SERVER=33509, STANDALONE=45003], networkLocation: /default-rack, certSerialId: null, persistedOpState: IN_SERVICE, persistedOpStateExpiryEpochSec: 0}, ReplicationConfig: RATIS/ONE, State:ALLOCATED, leaderId:10c77fab-dd91-442a-9529-86f26ad3973e, CreationTimestamp2022-09-03T01:13:37.735Z[Etc/UTC]] moved to OPEN state
2022-09-03 01:13:40,733 [pool-190-thread-1] INFO  server.RaftServerConfigKeys (ConfUtils.java:logGet(46)) - raft.server.log.appender.install.snapshot.enabled = false (custom)
2022-09-03 01:13:40,733 [pool-190-thread-1] INFO  server.RaftServerConfigKeys (ConfUtils.java:logGet(46)) - raft.server.threadpool.server.cached = true (default)
2022-09-03 01:13:40,733 [pool-190-thread-1] INFO  server.RaftServerConfigKeys (ConfUtils.java:logGet(46)) - raft.server.threadpool.server.size = 0 (default)
2022-09-03 01:13:40,733 [pool-190-thread-1] INFO  server.RaftServerConfigKeys (ConfUtils.java:logGet(46)) - raft.server.threadpool.client.cached = true (default)
2022-09-03 01:13:40,733 [pool-190-thread-1] INFO  server.RaftServerConfigKeys (ConfUtils.java:logGet(46)) - raft.server.threadpool.client.size = 0 (default)
2022-09-03 01:13:40,733 [pool-190-thread-1] INFO  server.RaftServer$Division (RaftServerImpl.java:start(310)) - 10c77fab-dd91-442a-9529-86f26ad3973e@group-6CE1A9EDA204: start as a follower, conf=-1: [10c77fab-dd91-442a-9529-86f26ad3973e|rpc:127.0.0.1:33509|priority:1, c6a4e7bd-4491-4fc1-b57a-abeebaac5def|rpc:127.0.0.1:39013|priority:0, 9cdbf1d0-d280-4661-b2c7-fb859849bb8c|rpc:127.0.0.1:32853|priority:0], old=null
2022-09-03 01:13:40,733 [pool-190-thread-1] INFO  server.RaftServer$Division (RaftServerImpl.java:setRole(299)) - 10c77fab-dd91-442a-9529-86f26ad3973e@group-6CE1A9EDA204: changes role from      null to FOLLOWER at term 0 for startAsFollower
2022-09-03 01:13:40,735 [pool-190-thread-1] INFO  impl.RoleInfo (RoleInfo.java:updateAndGet(139)) - 10c77fab-dd91-442a-9529-86f26ad3973e: start 10c77fab-dd91-442a-9529-86f26ad3973e@group-6CE1A9EDA204-FollowerState
2022-09-03 01:13:40,737 [pool-190-thread-1] INFO  util.JmxRegister (JmxRegister.java:tryRegister(44)) - Successfully registered JMX Bean with object name Ratis:service=RaftServer,group=group-6CE1A9EDA204,id=10c77fab-dd91-442a-9529-86f26ad3973e
2022-09-03 01:13:40,746 [Command processor thread] INFO  ratis.XceiverServerRatis (XceiverServerRatis.java:addGroup(765)) - Created group PipelineID=5eb1a04a-56ce-49c9-b289-6ce1a9eda204
2022-09-03 01:13:40,748 [de25ddac-3a80-4ed5-b6af-85fc97dbd7a2@group-BEC42C492C64-StateMachineUpdater] INFO  safemode.HealthyPipelineSafeModeRule (HealthyPipelineSafeModeRule.java:initializeRule(165)) - Refreshed total pipeline count is 0, healthy pipeline threshold count is 1
2022-09-03 01:13:40,754 [EventQueue-OpenPipelineForHealthyPipelineSafeModeRule] INFO  safemode.SCMSafeModeManager (HealthyPipelineSafeModeRule.java:process(137)) - SCM in safe mode. Healthy pipelines reported count is 0, required healthy pipeline reported count is 1
2022-09-03 01:13:40,757 [10e1d7e9-dd38-4db2-b0dc-1e40cbd54060@group-BEC42C492C64-StateMachineUpdater] INFO  safemode.HealthyPipelineSafeModeRule (HealthyPipelineSafeModeRule.java:initializeRule(165)) - Refreshed total pipeline count is 0, healthy pipeline threshold count is 1
2022-09-03 01:13:40,816 [grpc-default-executor-1] INFO  server.RaftServer (RaftServerProxy.java:addNew(96)) - 9cdbf1d0-d280-4661-b2c7-fb859849bb8c: addNew group-6CE1A9EDA204:[10c77fab-dd91-442a-9529-86f26ad3973e|rpc:127.0.0.1:33509|dataStream:|priority:1, c6a4e7bd-4491-4fc1-b57a-abeebaac5def|rpc:127.0.0.1:39013|dataStream:|priority:0, 9cdbf1d0-d280-4661-b2c7-fb859849bb8c|rpc:127.0.0.1:32853|dataStream:|priority:0] returns group-6CE1A9EDA204:java.util.concurrent.CompletableFuture@336617af[Not completed]
2022-09-03 01:13:40,819 [pool-240-thread-1] INFO  server.RaftServer$Division (RaftServerImpl.java:<init>(190)) - 9cdbf1d0-d280-4661-b2c7-fb859849bb8c: new RaftServerImpl for group-6CE1A9EDA204:[10c77fab-dd91-442a-9529-86f26ad3973e|rpc:127.0.0.1:33509|dataStream:|priority:1, c6a4e7bd-4491-4fc1-b57a-abeebaac5def|rpc:127.0.0.1:39013|dataStream:|priority:0, 9cdbf1d0-d280-4661-b2c7-fb859849bb8c|rpc:127.0.0.1:32853|dataStream:|priority:0] with ContainerStateMachine:uninitialized
2022-09-03 01:13:40,819 [pool-240-thread-1] INFO  server.RaftServerConfigKeys (ConfUtils.java:logGet(46)) - raft.server.rpc.timeout.min = 5s (custom)
2022-09-03 01:13:40,819 [pool-240-thread-1] INFO  server.RaftServerConfigKeys (ConfUtils.java:logGet(46)) - raft.server.rpc.timeout.max = 5200ms (custom)
2022-09-03 01:13:40,820 [pool-240-thread-1] INFO  server.RaftServerConfigKeys (ConfUtils.java:logGet(46)) - raft.server.rpc.sleep.time = 25ms (default)
2022-09-03 01:13:40,820 [pool-240-thread-1] INFO  server.RaftServerConfigKeys (ConfUtils.java:logGet(46)) - raft.server.rpc.slowness.timeout = 300s (custom)
2022-09-03 01:13:40,820 [pool-240-thread-1] INFO  server.RaftServerConfigKeys (ConfUtils.java:logGet(46)) - raft.server.leaderelection.leader.step-down.wait-time = 10s (default)
2022-09-03 01:13:40,820 [pool-240-thread-1] INFO  server.RaftServerConfigKeys (ConfUtils.java:logGet(46)) - raft.server.sleep.deviation.threshold = 300ms (default)
2022-09-03 01:13:40,820 [pool-240-thread-1] INFO  server.RaftServer$Division (ServerState.java:<init>(107)) - 9cdbf1d0-d280-4661-b2c7-fb859849bb8c@group-6CE1A9EDA204: ConfigurationManager, init=-1: [10c77fab-dd91-442a-9529-86f26ad3973e|rpc:127.0.0.1:33509|dataStream:|priority:1, c6a4e7bd-4491-4fc1-b57a-abeebaac5def|rpc:127.0.0.1:39013|dataStream:|priority:0, 9cdbf1d0-d280-4661-b2c7-fb859849bb8c|rpc:127.0.0.1:32853|dataStream:|priority:0], old=null, confs=<EMPTY_MAP>
2022-09-03 01:13:40,820 [pool-240-thread-1] INFO  server.RaftServerConfigKeys (ConfUtils.java:logGet(46)) - raft.server.storage.dir = [/home/runner/work/ozone/ozone/hadoop-ozone/integration-test/target/test-dir/MiniOzoneClusterImpl-b7bb7c95-97ac-4743-8c58-bec42c492c64/datanode-2/data/ratis] (custom)
2022-09-03 01:13:40,820 [pool-240-thread-1] INFO  server.RaftServerConfigKeys (ConfUtils.java:logGet(46)) - raft.server.log.corruption.policy = EXCEPTION (default)
2022-09-03 01:13:40,820 [pool-240-thread-1] INFO  server.RaftServerConfigKeys (ConfUtils.java:logGet(46)) - raft.server.storage.free-space.min = 0MB (=0) (default)
2022-09-03 01:13:40,820 [pool-240-thread-1] INFO  storage.RaftStorageDirectory (RaftStorageDirectoryImpl.java:analyzeStorage(135)) - The storage directory /home/runner/work/ozone/ozone/hadoop-ozone/integration-test/target/test-dir/MiniOzoneClusterImpl-b7bb7c95-97ac-4743-8c58-bec42c492c64/datanode-2/data/ratis/5eb1a04a-56ce-49c9-b289-6ce1a9eda204 does not exist. Creating ...
2022-09-03 01:13:40,822 [pool-240-thread-1] INFO  storage.RaftStorageDirectory (RaftStorageDirectoryImpl.java:tryLock(230)) - Lock on /home/runner/work/ozone/ozone/hadoop-ozone/integration-test/target/test-dir/MiniOzoneClusterImpl-b7bb7c95-97ac-4743-8c58-bec42c492c64/datanode-2/data/ratis/5eb1a04a-56ce-49c9-b289-6ce1a9eda204/in_use.lock acquired by nodename 24955@fv-az504-37
2022-09-03 01:13:40,823 [pool-240-thread-1] INFO  storage.RaftStorage (RaftStorageImpl.java:format(89)) - Storage directory /home/runner/work/ozone/ozone/hadoop-ozone/integration-test/target/test-dir/MiniOzoneClusterImpl-b7bb7c95-97ac-4743-8c58-bec42c492c64/datanode-2/data/ratis/5eb1a04a-56ce-49c9-b289-6ce1a9eda204 has been successfully formatted.
2022-09-03 01:13:40,823 [pool-240-thread-1] INFO  ratis.ContainerStateMachine (ContainerStateMachine.java:loadSnapshot(236)) - group-6CE1A9EDA204: The snapshot info is null. Setting the last applied indexto:(t:0, i:~)
2022-09-03 01:13:40,824 [pool-240-thread-1] INFO  server.RaftServerConfigKeys (ConfUtils.java:logGet(46)) - raft.server.notification.no-leader.timeout = 300s (custom)
2022-09-03 01:13:40,826 [pool-240-thread-1] INFO  server.RaftServerConfigKeys (ConfUtils.java:logGet(46)) - raft.server.log.use.memory = false (default)
2022-09-03 01:13:40,826 [pool-240-thread-1] INFO  server.RaftServerConfigKeys (ConfUtils.java:logGet(46)) - raft.server.log.purge.gap = 1000000 (custom)
2022-09-03 01:13:40,827 [pool-240-thread-1] INFO  server.RaftServerConfigKeys (ConfUtils.java:logGet(46)) - raft.server.log.appender.buffer.byte-limit = 33554432 (custom)
2022-09-03 01:13:40,827 [pool-240-thread-1] INFO  server.RaftServerConfigKeys (ConfUtils.java:logGet(46)) - raft.server.log.statemachine.data.read.timeout = 1000ms (default)
2022-09-03 01:13:40,828 [pool-240-thread-1] INFO  server.RaftServerConfigKeys (ConfUtils.java:logGet(46)) - raft.server.log.segment.size.max = 1048576 (custom)
2022-09-03 01:13:40,829 [pool-240-thread-1] INFO  server.RaftServerConfigKeys (ConfUtils.java:logGet(46)) - raft.server.log.segment.cache.num.max = 2 (custom)
2022-09-03 01:13:40,829 [pool-240-thread-1] INFO  server.RaftServerConfigKeys (ConfUtils.java:logGet(46)) - raft.server.log.segment.cache.size.max = 200MB (=209715200) (default)
2022-09-03 01:13:40,829 [pool-240-thread-1] INFO  segmented.SegmentedRaftLogWorker (SegmentedRaftLogWorker.java:<init>(187)) - new 9cdbf1d0-d280-4661-b2c7-fb859849bb8c@group-6CE1A9EDA204-SegmentedRaftLogWorker for RaftStorageImpl:Storage Directory /home/runner/work/ozone/ozone/hadoop-ozone/integration-test/target/test-dir/MiniOzoneClusterImpl-b7bb7c95-97ac-4743-8c58-bec42c492c64/datanode-2/data/ratis/5eb1a04a-56ce-49c9-b289-6ce1a9eda204
2022-09-03 01:13:40,829 [pool-240-thread-1] INFO  server.RaftServerConfigKeys (ConfUtils.java:logGet(46)) - raft.server.log.queue.byte-limit = 4294967296 (custom)
2022-09-03 01:13:40,829 [pool-240-thread-1] INFO  server.RaftServerConfigKeys (ConfUtils.java:logGet(46)) - raft.server.log.queue.element-limit = 1024 (custom)
2022-09-03 01:13:40,829 [pool-240-thread-1] INFO  server.RaftServerConfigKeys (ConfUtils.java:logGet(46)) - raft.server.log.segment.size.max = 1048576 (custom)
2022-09-03 01:13:40,829 [pool-240-thread-1] INFO  server.RaftServerConfigKeys (ConfUtils.java:logGet(46)) - raft.server.log.preallocated.size = 16384 (custom)
2022-09-03 01:13:40,829 [pool-240-thread-1] INFO  server.RaftServerConfigKeys (ConfUtils.java:logGet(46)) - raft.server.log.force.sync.num = 128 (default)
2022-09-03 01:13:40,829 [pool-240-thread-1] INFO  server.RaftServerConfigKeys (ConfUtils.java:logGet(46)) - raft.server.log.statemachine.data.sync = true (default)
2022-09-03 01:13:40,829 [pool-240-thread-1] INFO  server.RaftServerConfigKeys (ConfUtils.java:logGet(46)) - raft.server.log.statemachine.data.sync.timeout = 10s (default)
2022-09-03 01:13:40,829 [pool-240-thread-1] INFO  server.RaftServerConfigKeys (ConfUtils.java:logGet(46)) - raft.server.log.statemachine.data.sync.timeout.retry = -1 (default)
2022-09-03 01:13:40,830 [pool-240-thread-1] INFO  server.RaftServerConfigKeys (ConfUtils.java:logGet(46)) - raft.server.log.write.buffer.size = 1048576 (custom)
2022-09-03 01:13:40,830 [pool-240-thread-1] INFO  server.RaftServerConfigKeys (ConfUtils.java:logGet(46)) - raft.server.log.unsafe-flush.enabled = false (default)
2022-09-03 01:13:40,830 [pool-240-thread-1] INFO  server.RaftServerConfigKeys (ConfUtils.java:logGet(46)) - raft.server.log.statemachine.data.caching.enabled = true (custom)
2022-09-03 01:13:40,831 [pool-240-thread-1] INFO  segmented.SegmentedRaftLogWorker (SegmentedRaftLogWorker.java:lambda$new$0(135)) - 9cdbf1d0-d280-4661-b2c7-fb859849bb8c@group-6CE1A9EDA204-SegmentedRaftLogWorker: flushIndex: setUnconditionally 0 -> -1
2022-09-03 01:13:40,831 [pool-240-thread-1] INFO  segmented.SegmentedRaftLogWorker (SegmentedRaftLogWorker.java:lambda$new$0(135)) - 9cdbf1d0-d280-4661-b2c7-fb859849bb8c@group-6CE1A9EDA204-SegmentedRaftLogWorker: safeCacheEvictIndex: setUnconditionally 0 -> -1
2022-09-03 01:13:40,831 [pool-240-thread-1] INFO  server.RaftServerConfigKeys (ConfUtils.java:logGet(46)) - raft.server.snapshot.auto.trigger.enabled = true (custom)
2022-09-03 01:13:40,831 [pool-240-thread-1] INFO  server.RaftServerConfigKeys (ConfUtils.java:logGet(46)) - raft.server.snapshot.auto.trigger.threshold = 10000 (custom)
2022-09-03 01:13:40,831 [pool-240-thread-1] INFO  server.RaftServerConfigKeys (ConfUtils.java:logGet(46)) - raft.server.snapshot.retention.file.num = 5 (custom)
2022-09-03 01:13:40,831 [pool-240-thread-1] INFO  server.RaftServerConfigKeys (ConfUtils.java:logGet(46)) - raft.server.log.purge.upto.snapshot.index = false (default)
2022-09-03 01:13:40,831 [pool-240-thread-1] INFO  server.RaftServerConfigKeys (ConfUtils.java:logGet(46)) - raft.server.retrycache.expirytime = 600000ms (custom)
2022-09-03 01:13:40,831 [pool-240-thread-1] INFO  server.RaftServerConfigKeys (ConfUtils.java:logGet(46)) - raft.server.retrycache.statistics.expirytime = 100μs (default)
2022-09-03 01:13:40,835 [pool-240-thread-1] INFO  server.RaftServerConfigKeys (ConfUtils.java:logGet(46)) - raft.server.log.appender.install.snapshot.enabled = false (custom)
2022-09-03 01:13:40,835 [pool-240-thread-1] INFO  server.RaftServerConfigKeys (ConfUtils.java:logGet(46)) - raft.server.threadpool.server.cached = true (default)
2022-09-03 01:13:40,835 [pool-240-thread-1] INFO  server.RaftServerConfigKeys (ConfUtils.java:logGet(46)) - raft.server.threadpool.server.size = 0 (default)
2022-09-03 01:13:40,835 [pool-240-thread-1] INFO  server.RaftServerConfigKeys (ConfUtils.java:logGet(46)) - raft.server.threadpool.client.cached = true (default)
2022-09-03 01:13:40,835 [pool-240-thread-1] INFO  server.RaftServerConfigKeys (ConfUtils.java:logGet(46)) - raft.server.threadpool.client.size = 0 (default)
2022-09-03 01:13:40,835 [pool-240-thread-1] INFO  server.RaftServer$Division (RaftServerImpl.java:start(310)) - 9cdbf1d0-d280-4661-b2c7-fb859849bb8c@group-6CE1A9EDA204: start as a follower, conf=-1: [10c77fab-dd91-442a-9529-86f26ad3973e|rpc:127.0.0.1:33509|dataStream:|priority:1, c6a4e7bd-4491-4fc1-b57a-abeebaac5def|rpc:127.0.0.1:39013|dataStream:|priority:0, 9cdbf1d0-d280-4661-b2c7-fb859849bb8c|rpc:127.0.0.1:32853|dataStream:|priority:0], old=null
2022-09-03 01:13:40,835 [pool-240-thread-1] INFO  server.RaftServer$Division (RaftServerImpl.java:setRole(299)) - 9cdbf1d0-d280-4661-b2c7-fb859849bb8c@group-6CE1A9EDA204: changes role from      null to FOLLOWER at term 0 for startAsFollower
2022-09-03 01:13:40,835 [pool-240-thread-1] INFO  impl.RoleInfo (RoleInfo.java:updateAndGet(139)) - 9cdbf1d0-d280-4661-b2c7-fb859849bb8c: start 9cdbf1d0-d280-4661-b2c7-fb859849bb8c@group-6CE1A9EDA204-FollowerState
2022-09-03 01:13:40,835 [pool-240-thread-1] INFO  util.JmxRegister (JmxRegister.java:tryRegister(44)) - Successfully registered JMX Bean with object name Ratis:service=RaftServer,group=group-6CE1A9EDA204,id=9cdbf1d0-d280-4661-b2c7-fb859849bb8c
2022-09-03 01:13:40,877 [grpc-default-executor-1] INFO  server.RaftServer (RaftServerProxy.java:addNew(96)) - c6a4e7bd-4491-4fc1-b57a-abeebaac5def: addNew group-6CE1A9EDA204:[10c77fab-dd91-442a-9529-86f26ad3973e|rpc:127.0.0.1:33509|dataStream:|priority:1, c6a4e7bd-4491-4fc1-b57a-abeebaac5def|rpc:127.0.0.1:39013|dataStream:|priority:0, 9cdbf1d0-d280-4661-b2c7-fb859849bb8c|rpc:127.0.0.1:32853|dataStream:|priority:0] returns group-6CE1A9EDA204:java.util.concurrent.CompletableFuture@25c7053a[Not completed]
2022-09-03 01:13:40,879 [pool-215-thread-1] INFO  server.RaftServer$Division (RaftServerImpl.java:<init>(190)) - c6a4e7bd-4491-4fc1-b57a-abeebaac5def: new RaftServerImpl for group-6CE1A9EDA204:[10c77fab-dd91-442a-9529-86f26ad3973e|rpc:127.0.0.1:33509|dataStream:|priority:1, c6a4e7bd-4491-4fc1-b57a-abeebaac5def|rpc:127.0.0.1:39013|dataStream:|priority:0, 9cdbf1d0-d280-4661-b2c7-fb859849bb8c|rpc:127.0.0.1:32853|dataStream:|priority:0] with ContainerStateMachine:uninitialized
2022-09-03 01:13:40,879 [pool-215-thread-1] INFO  server.RaftServerConfigKeys (ConfUtils.java:logGet(46)) - raft.server.rpc.timeout.min = 5s (custom)
2022-09-03 01:13:40,879 [pool-215-thread-1] INFO  server.RaftServerConfigKeys (ConfUtils.java:logGet(46)) - raft.server.rpc.timeout.max = 5200ms (custom)
2022-09-03 01:13:40,879 [pool-215-thread-1] INFO  server.RaftServerConfigKeys (ConfUtils.java:logGet(46)) - raft.server.rpc.sleep.time = 25ms (default)
2022-09-03 01:13:40,879 [pool-215-thread-1] INFO  server.RaftServerConfigKeys (ConfUtils.java:logGet(46)) - raft.server.rpc.slowness.timeout = 300s (custom)
2022-09-03 01:13:40,879 [pool-215-thread-1] INFO  server.RaftServerConfigKeys (ConfUtils.java:logGet(46)) - raft.server.leaderelection.leader.step-down.wait-time = 10s (default)
2022-09-03 01:13:40,879 [pool-215-thread-1] INFO  server.RaftServerConfigKeys (ConfUtils.java:logGet(46)) - raft.server.sleep.deviation.threshold = 300ms (default)
2022-09-03 01:13:40,879 [pool-215-thread-1] INFO  server.RaftServer$Division (ServerState.java:<init>(107)) - c6a4e7bd-4491-4fc1-b57a-abeebaac5def@group-6CE1A9EDA204: ConfigurationManager, init=-1: [10c77fab-dd91-442a-9529-86f26ad3973e|rpc:127.0.0.1:33509|dataStream:|priority:1, c6a4e7bd-4491-4fc1-b57a-abeebaac5def|rpc:127.0.0.1:39013|dataStream:|priority:0, 9cdbf1d0-d280-4661-b2c7-fb859849bb8c|rpc:127.0.0.1:32853|dataStream:|priority:0], old=null, confs=<EMPTY_MAP>
2022-09-03 01:13:40,880 [pool-215-thread-1] INFO  server.RaftServerConfigKeys (ConfUtils.java:logGet(46)) - raft.server.storage.dir = [/home/runner/work/ozone/ozone/hadoop-ozone/integration-test/target/test-dir/MiniOzoneClusterImpl-b7bb7c95-97ac-4743-8c58-bec42c492c64/datanode-1/data/ratis] (custom)
2022-09-03 01:13:40,880 [pool-215-thread-1] INFO  server.RaftServerConfigKeys (ConfUtils.java:logGet(46)) - raft.server.log.corruption.policy = EXCEPTION (default)
2022-09-03 01:13:40,880 [pool-215-thread-1] INFO  server.RaftServerConfigKeys (ConfUtils.java:logGet(46)) - raft.server.storage.free-space.min = 0MB (=0) (default)
2022-09-03 01:13:40,880 [pool-215-thread-1] INFO  storage.RaftStorageDirectory (RaftStorageDirectoryImpl.java:analyzeStorage(135)) - The storage directory /home/runner/work/ozone/ozone/hadoop-ozone/integration-test/target/test-dir/MiniOzoneClusterImpl-b7bb7c95-97ac-4743-8c58-bec42c492c64/datanode-1/data/ratis/5eb1a04a-56ce-49c9-b289-6ce1a9eda204 does not exist. Creating ...
2022-09-03 01:13:40,881 [pool-215-thread-1] INFO  storage.RaftStorageDirectory (RaftStorageDirectoryImpl.java:tryLock(230)) - Lock on /home/runner/work/ozone/ozone/hadoop-ozone/integration-test/target/test-dir/MiniOzoneClusterImpl-b7bb7c95-97ac-4743-8c58-bec42c492c64/datanode-1/data/ratis/5eb1a04a-56ce-49c9-b289-6ce1a9eda204/in_use.lock acquired by nodename 24955@fv-az504-37
2022-09-03 01:13:40,882 [pool-215-thread-1] INFO  storage.RaftStorage (RaftStorageImpl.java:format(89)) - Storage directory /home/runner/work/ozone/ozone/hadoop-ozone/integration-test/target/test-dir/MiniOzoneClusterImpl-b7bb7c95-97ac-4743-8c58-bec42c492c64/datanode-1/data/ratis/5eb1a04a-56ce-49c9-b289-6ce1a9eda204 has been successfully formatted.
2022-09-03 01:13:40,883 [pool-215-thread-1] INFO  ratis.ContainerStateMachine (ContainerStateMachine.java:loadSnapshot(236)) - group-6CE1A9EDA204: The snapshot info is null. Setting the last applied indexto:(t:0, i:~)
2022-09-03 01:13:40,883 [pool-215-thread-1] INFO  server.RaftServerConfigKeys (ConfUtils.java:logGet(46)) - raft.server.notification.no-leader.timeout = 300s (custom)
2022-09-03 01:13:40,883 [pool-215-thread-1] INFO  server.RaftServerConfigKeys (ConfUtils.java:logGet(46)) - raft.server.log.use.memory = false (default)
2022-09-03 01:13:40,883 [pool-215-thread-1] INFO  server.RaftServerConfigKeys (ConfUtils.java:logGet(46)) - raft.server.log.purge.gap = 1000000 (custom)
2022-09-03 01:13:40,883 [pool-215-thread-1] INFO  server.RaftServerConfigKeys (ConfUtils.java:logGet(46)) - raft.server.log.appender.buffer.byte-limit = 33554432 (custom)
2022-09-03 01:13:40,886 [pool-215-thread-1] INFO  server.RaftServerConfigKeys (ConfUtils.java:logGet(46)) - raft.server.log.statemachine.data.read.timeout = 1000ms (default)
2022-09-03 01:13:40,887 [pool-215-thread-1] INFO  server.RaftServerConfigKeys (ConfUtils.java:logGet(46)) - raft.server.log.segment.size.max = 1048576 (custom)
2022-09-03 01:13:40,888 [pool-215-thread-1] INFO  server.RaftServerConfigKeys (ConfUtils.java:logGet(46)) - raft.server.log.segment.cache.num.max = 2 (custom)
2022-09-03 01:13:40,888 [pool-215-thread-1] INFO  server.RaftServerConfigKeys (ConfUtils.java:logGet(46)) - raft.server.log.segment.cache.size.max = 200MB (=209715200) (default)
2022-09-03 01:13:40,888 [pool-215-thread-1] INFO  segmented.SegmentedRaftLogWorker (SegmentedRaftLogWorker.java:<init>(187)) - new c6a4e7bd-4491-4fc1-b57a-abeebaac5def@group-6CE1A9EDA204-SegmentedRaftLogWorker for RaftStorageImpl:Storage Directory /home/runner/work/ozone/ozone/hadoop-ozone/integration-test/target/test-dir/MiniOzoneClusterImpl-b7bb7c95-97ac-4743-8c58-bec42c492c64/datanode-1/data/ratis/5eb1a04a-56ce-49c9-b289-6ce1a9eda204
2022-09-03 01:13:40,888 [pool-215-thread-1] INFO  server.RaftServerConfigKeys (ConfUtils.java:logGet(46)) - raft.server.log.queue.byte-limit = 4294967296 (custom)
2022-09-03 01:13:40,888 [pool-215-thread-1] INFO  server.RaftServerConfigKeys (ConfUtils.java:logGet(46)) - raft.server.log.queue.element-limit = 1024 (custom)
2022-09-03 01:13:40,888 [pool-215-thread-1] INFO  server.RaftServerConfigKeys (ConfUtils.java:logGet(46)) - raft.server.log.segment.size.max = 1048576 (custom)
2022-09-03 01:13:40,888 [pool-215-thread-1] INFO  server.RaftServerConfigKeys (ConfUtils.java:logGet(46)) - raft.server.log.preallocated.size = 16384 (custom)
2022-09-03 01:13:40,888 [pool-215-thread-1] INFO  server.RaftServerConfigKeys (ConfUtils.java:logGet(46)) - raft.server.log.force.sync.num = 128 (default)
2022-09-03 01:13:40,888 [pool-215-thread-1] INFO  server.RaftServerConfigKeys (ConfUtils.java:logGet(46)) - raft.server.log.statemachine.data.sync = true (default)
2022-09-03 01:13:40,888 [pool-215-thread-1] INFO  server.RaftServerConfigKeys (ConfUtils.java:logGet(46)) - raft.server.log.statemachine.data.sync.timeout = 10s (default)
2022-09-03 01:13:40,888 [pool-215-thread-1] INFO  server.RaftServerConfigKeys (ConfUtils.java:logGet(46)) - raft.server.log.statemachine.data.sync.timeout.retry = -1 (default)
2022-09-03 01:13:40,889 [pool-215-thread-1] INFO  server.RaftServerConfigKeys (ConfUtils.java:logGet(46)) - raft.server.log.write.buffer.size = 1048576 (custom)
2022-09-03 01:13:40,890 [pool-215-thread-1] INFO  server.RaftServerConfigKeys (ConfUtils.java:logGet(46)) - raft.server.log.unsafe-flush.enabled = false (default)
2022-09-03 01:13:40,890 [pool-215-thread-1] INFO  server.RaftServerConfigKeys (ConfUtils.java:logGet(46)) - raft.server.log.statemachine.data.caching.enabled = true (custom)
2022-09-03 01:13:40,890 [pool-215-thread-1] INFO  segmented.SegmentedRaftLogWorker (SegmentedRaftLogWorker.java:lambda$new$0(135)) - c6a4e7bd-4491-4fc1-b57a-abeebaac5def@group-6CE1A9EDA204-SegmentedRaftLogWorker: flushIndex: setUnconditionally 0 -> -1
2022-09-03 01:13:40,890 [pool-215-thread-1] INFO  segmented.SegmentedRaftLogWorker (SegmentedRaftLogWorker.java:lambda$new$0(135)) - c6a4e7bd-4491-4fc1-b57a-abeebaac5def@group-6CE1A9EDA204-SegmentedRaftLogWorker: safeCacheEvictIndex: setUnconditionally 0 -> -1
2022-09-03 01:13:40,891 [pool-215-thread-1] INFO  server.RaftServerConfigKeys (ConfUtils.java:logGet(46)) - raft.server.snapshot.auto.trigger.enabled = true (custom)
2022-09-03 01:13:40,891 [pool-215-thread-1] INFO  server.RaftServerConfigKeys (ConfUtils.java:logGet(46)) - raft.server.snapshot.auto.trigger.threshold = 10000 (custom)
2022-09-03 01:13:40,891 [pool-215-thread-1] INFO  server.RaftServerConfigKeys (ConfUtils.java:logGet(46)) - raft.server.snapshot.retention.file.num = 5 (custom)
2022-09-03 01:13:40,891 [pool-215-thread-1] INFO  server.RaftServerConfigKeys (ConfUtils.java:logGet(46)) - raft.server.log.purge.upto.snapshot.index = false (default)
2022-09-03 01:13:40,891 [pool-215-thread-1] INFO  server.RaftServerConfigKeys (ConfUtils.java:logGet(46)) - raft.server.retrycache.expirytime = 600000ms (custom)
2022-09-03 01:13:40,891 [pool-215-thread-1] INFO  server.RaftServerConfigKeys (ConfUtils.java:logGet(46)) - raft.server.retrycache.statistics.expirytime = 100μs (default)
2022-09-03 01:13:40,892 [pool-215-thread-1] INFO  server.RaftServerConfigKeys (ConfUtils.java:logGet(46)) - raft.server.log.appender.install.snapshot.enabled = false (custom)
2022-09-03 01:13:40,892 [pool-215-thread-1] INFO  server.RaftServerConfigKeys (ConfUtils.java:logGet(46)) - raft.server.threadpool.server.cached = true (default)
2022-09-03 01:13:40,893 [pool-215-thread-1] INFO  server.RaftServerConfigKeys (ConfUtils.java:logGet(46)) - raft.server.threadpool.server.size = 0 (default)
2022-09-03 01:13:40,893 [pool-215-thread-1] INFO  server.RaftServerConfigKeys (ConfUtils.java:logGet(46)) - raft.server.threadpool.client.cached = true (default)
2022-09-03 01:13:40,893 [pool-215-thread-1] INFO  server.RaftServerConfigKeys (ConfUtils.java:logGet(46)) - raft.server.threadpool.client.size = 0 (default)
2022-09-03 01:13:40,893 [pool-215-thread-1] INFO  server.RaftServer$Division (RaftServerImpl.java:start(310)) - c6a4e7bd-4491-4fc1-b57a-abeebaac5def@group-6CE1A9EDA204: start as a follower, conf=-1: [10c77fab-dd91-442a-9529-86f26ad3973e|rpc:127.0.0.1:33509|dataStream:|priority:1, c6a4e7bd-4491-4fc1-b57a-abeebaac5def|rpc:127.0.0.1:39013|dataStream:|priority:0, 9cdbf1d0-d280-4661-b2c7-fb859849bb8c|rpc:127.0.0.1:32853|dataStream:|priority:0], old=null
2022-09-03 01:13:40,893 [pool-215-thread-1] INFO  server.RaftServer$Division (RaftServerImpl.java:setRole(299)) - c6a4e7bd-4491-4fc1-b57a-abeebaac5def@group-6CE1A9EDA204: changes role from      null to FOLLOWER at term 0 for startAsFollower
2022-09-03 01:13:40,893 [pool-215-thread-1] INFO  impl.RoleInfo (RoleInfo.java:updateAndGet(139)) - c6a4e7bd-4491-4fc1-b57a-abeebaac5def: start c6a4e7bd-4491-4fc1-b57a-abeebaac5def@group-6CE1A9EDA204-FollowerState
2022-09-03 01:13:40,897 [pool-215-thread-1] INFO  util.JmxRegister (JmxRegister.java:tryRegister(44)) - Successfully registered JMX Bean with object name Ratis:service=RaftServer,group=group-6CE1A9EDA204,id=c6a4e7bd-4491-4fc1-b57a-abeebaac5def
2022-09-03 01:13:40,905 [Command processor thread] INFO  commandhandler.CreatePipelineCommandHandler (CreatePipelineCommandHandler.java:handle(113)) - Created Pipeline RATIS THREE PipelineID=5eb1a04a-56ce-49c9-b289-6ce1a9eda204.
2022-09-03 01:13:40,905 [Command processor thread] INFO  server.RaftServer (RaftServerProxy.java:addNew(96)) - 10c77fab-dd91-442a-9529-86f26ad3973e: addNew group-758C24CFFA84:[10c77fab-dd91-442a-9529-86f26ad3973e|rpc:127.0.0.1:33509|priority:0, c6a4e7bd-4491-4fc1-b57a-abeebaac5def|rpc:127.0.0.1:39013|priority:0, 9cdbf1d0-d280-4661-b2c7-fb859849bb8c|rpc:127.0.0.1:32853|priority:1] returns group-758C24CFFA84:java.util.concurrent.CompletableFuture@7c9e1024[Not completed]
2022-09-03 01:13:40,906 [pool-190-thread-1] INFO  server.RaftServer$Division (RaftServerImpl.java:<init>(190)) - 10c77fab-dd91-442a-9529-86f26ad3973e: new RaftServerImpl for group-758C24CFFA84:[10c77fab-dd91-442a-9529-86f26ad3973e|rpc:127.0.0.1:33509|priority:0, c6a4e7bd-4491-4fc1-b57a-abeebaac5def|rpc:127.0.0.1:39013|priority:0, 9cdbf1d0-d280-4661-b2c7-fb859849bb8c|rpc:127.0.0.1:32853|priority:1] with ContainerStateMachine:uninitialized
2022-09-03 01:13:40,906 [pool-190-thread-1] INFO  server.RaftServerConfigKeys (ConfUtils.java:logGet(46)) - raft.server.rpc.timeout.min = 5s (custom)
2022-09-03 01:13:40,906 [pool-190-thread-1] INFO  server.RaftServerConfigKeys (ConfUtils.java:logGet(46)) - raft.server.rpc.timeout.max = 5200ms (custom)
2022-09-03 01:13:40,907 [pool-190-thread-1] INFO  server.RaftServerConfigKeys (ConfUtils.java:logGet(46)) - raft.server.rpc.sleep.time = 25ms (default)
2022-09-03 01:13:40,907 [pool-190-thread-1] INFO  server.RaftServerConfigKeys (ConfUtils.java:logGet(46)) - raft.server.rpc.slowness.timeout = 300s (custom)
2022-09-03 01:13:40,907 [pool-190-thread-1] INFO  server.RaftServerConfigKeys (ConfUtils.java:logGet(46)) - raft.server.leaderelection.leader.step-down.wait-time = 10s (default)
2022-09-03 01:13:40,907 [pool-190-thread-1] INFO  server.RaftServerConfigKeys (ConfUtils.java:logGet(46)) - raft.server.sleep.deviation.threshold = 300ms (default)
2022-09-03 01:13:40,907 [pool-190-thread-1] INFO  server.RaftServer$Division (ServerState.java:<init>(107)) - 10c77fab-dd91-442a-9529-86f26ad3973e@group-758C24CFFA84: ConfigurationManager, init=-1: [10c77fab-dd91-442a-9529-86f26ad3973e|rpc:127.0.0.1:33509|priority:0, c6a4e7bd-4491-4fc1-b57a-abeebaac5def|rpc:127.0.0.1:39013|priority:0, 9cdbf1d0-d280-4661-b2c7-fb859849bb8c|rpc:127.0.0.1:32853|priority:1], old=null, confs=<EMPTY_MAP>
2022-09-03 01:13:40,907 [pool-190-thread-1] INFO  server.RaftServerConfigKeys (ConfUtils.java:logGet(46)) - raft.server.storage.dir = [/home/runner/work/ozone/ozone/hadoop-ozone/integration-test/target/test-dir/MiniOzoneClusterImpl-b7bb7c95-97ac-4743-8c58-bec42c492c64/datanode-0/data/ratis] (custom)
2022-09-03 01:13:40,907 [pool-190-thread-1] INFO  server.RaftServerConfigKeys (ConfUtils.java:logGet(46)) - raft.server.log.corruption.policy = EXCEPTION (default)
2022-09-03 01:13:40,907 [pool-190-thread-1] INFO  server.RaftServerConfigKeys (ConfUtils.java:logGet(46)) - raft.server.storage.free-space.min = 0MB (=0) (default)
2022-09-03 01:13:40,908 [pool-190-thread-1] INFO  storage.RaftStorageDirectory (RaftStorageDirectoryImpl.java:analyzeStorage(135)) - The storage directory /home/runner/work/ozone/ozone/hadoop-ozone/integration-test/target/test-dir/MiniOzoneClusterImpl-b7bb7c95-97ac-4743-8c58-bec42c492c64/datanode-0/data/ratis/039c1c6d-8be4-4cc8-86f0-758c24cffa84 does not exist. Creating ...
2022-09-03 01:13:40,909 [pool-190-thread-1] INFO  storage.RaftStorageDirectory (RaftStorageDirectoryImpl.java:tryLock(230)) - Lock on /home/runner/work/ozone/ozone/hadoop-ozone/integration-test/target/test-dir/MiniOzoneClusterImpl-b7bb7c95-97ac-4743-8c58-bec42c492c64/datanode-0/data/ratis/039c1c6d-8be4-4cc8-86f0-758c24cffa84/in_use.lock acquired by nodename 24955@fv-az504-37
2022-09-03 01:13:40,910 [pool-190-thread-1] INFO  storage.RaftStorage (RaftStorageImpl.java:format(89)) - Storage directory /home/runner/work/ozone/ozone/hadoop-ozone/integration-test/target/test-dir/MiniOzoneClusterImpl-b7bb7c95-97ac-4743-8c58-bec42c492c64/datanode-0/data/ratis/039c1c6d-8be4-4cc8-86f0-758c24cffa84 has been successfully formatted.
2022-09-03 01:13:40,912 [pool-190-thread-1] INFO  ratis.ContainerStateMachine (ContainerStateMachine.java:loadSnapshot(236)) - group-758C24CFFA84: The snapshot info is null. Setting the last applied indexto:(t:0, i:~)
2022-09-03 01:13:40,912 [pool-190-thread-1] INFO  server.RaftServerConfigKeys (ConfUtils.java:logGet(46)) - raft.server.notification.no-leader.timeout = 300s (custom)
2022-09-03 01:13:40,912 [pool-190-thread-1] INFO  server.RaftServerConfigKeys (ConfUtils.java:logGet(46)) - raft.server.log.use.memory = false (default)
2022-09-03 01:13:40,912 [pool-190-thread-1] INFO  server.RaftServerConfigKeys (ConfUtils.java:logGet(46)) - raft.server.log.purge.gap = 1000000 (custom)
2022-09-03 01:13:40,913 [pool-190-thread-1] INFO  server.RaftServerConfigKeys (ConfUtils.java:logGet(46)) - raft.server.log.appender.buffer.byte-limit = 33554432 (custom)
2022-09-03 01:13:40,913 [pool-190-thread-1] INFO  server.RaftServerConfigKeys (ConfUtils.java:logGet(46)) - raft.server.log.statemachine.data.read.timeout = 1000ms (default)
2022-09-03 01:13:40,913 [EventQueue-OpenPipelineForHealthyPipelineSafeModeRule] INFO  safemode.SCMSafeModeManager (HealthyPipelineSafeModeRule.java:process(137)) - SCM in safe mode. Healthy pipelines reported count is 0, required healthy pipeline reported count is 1
2022-09-03 01:13:40,913 [EventQueue-OpenPipelineForHealthyPipelineSafeModeRule] INFO  safemode.SCMSafeModeManager (HealthyPipelineSafeModeRule.java:process(137)) - SCM in safe mode. Healthy pipelines reported count is 0, required healthy pipeline reported count is 1
2022-09-03 01:13:40,913 [pool-190-thread-1] INFO  server.RaftServerConfigKeys (ConfUtils.java:logGet(46)) - raft.server.log.segment.size.max = 1048576 (custom)
2022-09-03 01:13:40,914 [pool-190-thread-1] INFO  server.RaftServerConfigKeys (ConfUtils.java:logGet(46)) - raft.server.log.segment.cache.num.max = 2 (custom)
2022-09-03 01:13:40,914 [pool-190-thread-1] INFO  server.RaftServerConfigKeys (ConfUtils.java:logGet(46)) - raft.server.log.segment.cache.size.max = 200MB (=209715200) (default)
2022-09-03 01:13:40,915 [pool-190-thread-1] INFO  segmented.SegmentedRaftLogWorker (SegmentedRaftLogWorker.java:<init>(187)) - new 10c77fab-dd91-442a-9529-86f26ad3973e@group-758C24CFFA84-SegmentedRaftLogWorker for RaftStorageImpl:Storage Directory /home/runner/work/ozone/ozone/hadoop-ozone/integration-test/target/test-dir/MiniOzoneClusterImpl-b7bb7c95-97ac-4743-8c58-bec42c492c64/datanode-0/data/ratis/039c1c6d-8be4-4cc8-86f0-758c24cffa84
2022-09-03 01:13:40,915 [pool-190-thread-1] INFO  server.RaftServerConfigKeys (ConfUtils.java:logGet(46)) - raft.server.log.queue.byte-limit = 4294967296 (custom)
2022-09-03 01:13:40,915 [pool-190-thread-1] INFO  server.RaftServerConfigKeys (ConfUtils.java:logGet(46)) - raft.server.log.queue.element-limit = 1024 (custom)
2022-09-03 01:13:40,915 [pool-190-thread-1] INFO  server.RaftServerConfigKeys (ConfUtils.java:logGet(46)) - raft.server.log.segment.size.max = 1048576 (custom)
2022-09-03 01:13:40,915 [pool-190-thread-1] INFO  server.RaftServerConfigKeys (ConfUtils.java:logGet(46)) - raft.server.log.preallocated.size = 16384 (custom)
2022-09-03 01:13:40,915 [pool-190-thread-1] INFO  server.RaftServerConfigKeys (ConfUtils.java:logGet(46)) - raft.server.log.force.sync.num = 128 (default)
2022-09-03 01:13:40,915 [pool-190-thread-1] INFO  server.RaftServerConfigKeys (ConfUtils.java:logGet(46)) - raft.server.log.statemachine.data.sync = true (default)
2022-09-03 01:13:40,915 [pool-190-thread-1] INFO  server.RaftServerConfigKeys (ConfUtils.java:logGet(46)) - raft.server.log.statemachine.data.sync.timeout = 10s (default)
2022-09-03 01:13:40,916 [pool-190-thread-1] INFO  server.RaftServerConfigKeys (ConfUtils.java:logGet(46)) - raft.server.log.statemachine.data.sync.timeout.retry = -1 (default)
2022-09-03 01:13:40,917 [pool-190-thread-1] INFO  server.RaftServerConfigKeys (ConfUtils.java:logGet(46)) - raft.server.log.write.buffer.size = 1048576 (custom)
2022-09-03 01:13:40,918 [pool-190-thread-1] INFO  server.RaftServerConfigKeys (ConfUtils.java:logGet(46)) - raft.server.log.unsafe-flush.enabled = false (default)
2022-09-03 01:13:40,918 [pool-190-thread-1] INFO  server.RaftServerConfigKeys (ConfUtils.java:logGet(46)) - raft.server.log.statemachine.data.caching.enabled = true (custom)
2022-09-03 01:13:40,918 [pool-190-thread-1] INFO  segmented.SegmentedRaftLogWorker (SegmentedRaftLogWorker.java:lambda$new$0(135)) - 10c77fab-dd91-442a-9529-86f26ad3973e@group-758C24CFFA84-SegmentedRaftLogWorker: flushIndex: setUnconditionally 0 -> -1
2022-09-03 01:13:40,918 [pool-190-thread-1] INFO  segmented.SegmentedRaftLogWorker (SegmentedRaftLogWorker.java:lambda$new$0(135)) - 10c77fab-dd91-442a-9529-86f26ad3973e@group-758C24CFFA84-SegmentedRaftLogWorker: safeCacheEvictIndex: setUnconditionally 0 -> -1
2022-09-03 01:13:40,919 [EventQueue-OpenPipelineForHealthyPipelineSafeModeRule] INFO  safemode.SCMSafeModeManager (HealthyPipelineSafeModeRule.java:process(137)) - SCM in safe mode. Healthy pipelines reported count is 0, required healthy pipeline reported count is 1
2022-09-03 01:13:40,924 [pool-190-thread-1] INFO  server.RaftServerConfigKeys (ConfUtils.java:logGet(46)) - raft.server.snapshot.auto.trigger.enabled = true (custom)
2022-09-03 01:13:40,924 [pool-190-thread-1] INFO  server.RaftServerConfigKeys (ConfUtils.java:logGet(46)) - raft.server.snapshot.auto.trigger.threshold = 10000 (custom)
2022-09-03 01:13:40,924 [pool-190-thread-1] INFO  server.RaftServerConfigKeys (ConfUtils.java:logGet(46)) - raft.server.snapshot.retention.file.num = 5 (custom)
2022-09-03 01:13:40,924 [pool-190-thread-1] INFO  server.RaftServerConfigKeys (ConfUtils.java:logGet(46)) - raft.server.log.purge.upto.snapshot.index = false (default)
2022-09-03 01:13:40,924 [pool-190-thread-1] INFO  server.RaftServerConfigKeys (ConfUtils.java:logGet(46)) - raft.server.retrycache.expirytime = 600000ms (custom)
2022-09-03 01:13:40,925 [pool-190-thread-1] INFO  server.RaftServerConfigKeys (ConfUtils.java:logGet(46)) - raft.server.retrycache.statistics.expirytime = 100μs (default)
2022-09-03 01:13:40,926 [pool-190-thread-1] INFO  server.RaftServerConfigKeys (ConfUtils.java:logGet(46)) - raft.server.log.appender.install.snapshot.enabled = false (custom)
2022-09-03 01:13:40,926 [pool-190-thread-1] INFO  server.RaftServerConfigKeys (ConfUtils.java:logGet(46)) - raft.server.threadpool.server.cached = true (default)
2022-09-03 01:13:40,926 [pool-190-thread-1] INFO  server.RaftServerConfigKeys (ConfUtils.java:logGet(46)) - raft.server.threadpool.server.size = 0 (default)
2022-09-03 01:13:40,926 [pool-190-thread-1] INFO  server.RaftServerConfigKeys (ConfUtils.java:logGet(46)) - raft.server.threadpool.client.cached = true (default)
2022-09-03 01:13:40,926 [pool-190-thread-1] INFO  server.RaftServerConfigKeys (ConfUtils.java:logGet(46)) - raft.server.threadpool.client.size = 0 (default)
2022-09-03 01:13:40,926 [pool-190-thread-1] INFO  server.RaftServer$Division (RaftServerImpl.java:start(310)) - 10c77fab-dd91-442a-9529-86f26ad3973e@group-758C24CFFA84: start as a follower, conf=-1: [10c77fab-dd91-442a-9529-86f26ad3973e|rpc:127.0.0.1:33509|priority:0, c6a4e7bd-4491-4fc1-b57a-abeebaac5def|rpc:127.0.0.1:39013|priority:0, 9cdbf1d0-d280-4661-b2c7-fb859849bb8c|rpc:127.0.0.1:32853|priority:1], old=null
2022-09-03 01:13:40,926 [pool-190-thread-1] INFO  server.RaftServer$Division (RaftServerImpl.java:setRole(299)) - 10c77fab-dd91-442a-9529-86f26ad3973e@group-758C24CFFA84: changes role from      null to FOLLOWER at term 0 for startAsFollower
2022-09-03 01:13:40,926 [pool-190-thread-1] INFO  impl.RoleInfo (RoleInfo.java:updateAndGet(139)) - 10c77fab-dd91-442a-9529-86f26ad3973e: start 10c77fab-dd91-442a-9529-86f26ad3973e@group-758C24CFFA84-FollowerState
2022-09-03 01:13:40,927 [pool-190-thread-1] INFO  util.JmxRegister (JmxRegister.java:tryRegister(44)) - Successfully registered JMX Bean with object name Ratis:service=RaftServer,group=group-758C24CFFA84,id=10c77fab-dd91-442a-9529-86f26ad3973e
2022-09-03 01:13:40,928 [Command processor thread] INFO  ratis.XceiverServerRatis (XceiverServerRatis.java:addGroup(765)) - Created group PipelineID=039c1c6d-8be4-4cc8-86f0-758c24cffa84
2022-09-03 01:13:40,939 [grpc-default-executor-1] INFO  server.RaftServer (RaftServerProxy.java:addNew(96)) - c6a4e7bd-4491-4fc1-b57a-abeebaac5def: addNew group-758C24CFFA84:[10c77fab-dd91-442a-9529-86f26ad3973e|rpc:127.0.0.1:33509|dataStream:|priority:0, c6a4e7bd-4491-4fc1-b57a-abeebaac5def|rpc:127.0.0.1:39013|dataStream:|priority:0, 9cdbf1d0-d280-4661-b2c7-fb859849bb8c|rpc:127.0.0.1:32853|dataStream:|priority:1] returns group-758C24CFFA84:java.util.concurrent.CompletableFuture@300c7748[Not completed]
2022-09-03 01:13:40,941 [pool-215-thread-1] INFO  server.RaftServer$Division (RaftServerImpl.java:<init>(190)) - c6a4e7bd-4491-4fc1-b57a-abeebaac5def: new RaftServerImpl for group-758C24CFFA84:[10c77fab-dd91-442a-9529-86f26ad3973e|rpc:127.0.0.1:33509|dataStream:|priority:0, c6a4e7bd-4491-4fc1-b57a-abeebaac5def|rpc:127.0.0.1:39013|dataStream:|priority:0, 9cdbf1d0-d280-4661-b2c7-fb859849bb8c|rpc:127.0.0.1:32853|dataStream:|priority:1] with ContainerStateMachine:uninitialized
2022-09-03 01:13:40,941 [pool-215-thread-1] INFO  server.RaftServerConfigKeys (ConfUtils.java:logGet(46)) - raft.server.rpc.timeout.min = 5s (custom)
2022-09-03 01:13:40,941 [pool-215-thread-1] INFO  server.RaftServerConfigKeys (ConfUtils.java:logGet(46)) - raft.server.rpc.timeout.max = 5200ms (custom)
2022-09-03 01:13:40,941 [pool-215-thread-1] INFO  server.RaftServerConfigKeys (ConfUtils.java:logGet(46)) - raft.server.rpc.sleep.time = 25ms (default)
2022-09-03 01:13:40,941 [pool-215-thread-1] INFO  server.RaftServerConfigKeys (ConfUtils.java:logGet(46)) - raft.server.rpc.slowness.timeout = 300s (custom)
2022-09-03 01:13:40,941 [pool-215-thread-1] INFO  server.RaftServerConfigKeys (ConfUtils.java:logGet(46)) - raft.server.leaderelection.leader.step-down.wait-time = 10s (default)
2022-09-03 01:13:40,941 [pool-215-thread-1] INFO  server.RaftServerConfigKeys (ConfUtils.java:logGet(46)) - raft.server.sleep.deviation.threshold = 300ms (default)
2022-09-03 01:13:40,941 [pool-215-thread-1] INFO  server.RaftServer$Division (ServerState.java:<init>(107)) - c6a4e7bd-4491-4fc1-b57a-abeebaac5def@group-758C24CFFA84: ConfigurationManager, init=-1: [10c77fab-dd91-442a-9529-86f26ad3973e|rpc:127.0.0.1:33509|dataStream:|priority:0, c6a4e7bd-4491-4fc1-b57a-abeebaac5def|rpc:127.0.0.1:39013|dataStream:|priority:0, 9cdbf1d0-d280-4661-b2c7-fb859849bb8c|rpc:127.0.0.1:32853|dataStream:|priority:1], old=null, confs=<EMPTY_MAP>
2022-09-03 01:13:40,941 [pool-215-thread-1] INFO  server.RaftServerConfigKeys (ConfUtils.java:logGet(46)) - raft.server.storage.dir = [/home/runner/work/ozone/ozone/hadoop-ozone/integration-test/target/test-dir/MiniOzoneClusterImpl-b7bb7c95-97ac-4743-8c58-bec42c492c64/datanode-1/data/ratis] (custom)
2022-09-03 01:13:40,941 [pool-215-thread-1] INFO  server.RaftServerConfigKeys (ConfUtils.java:logGet(46)) - raft.server.log.corruption.policy = EXCEPTION (default)
2022-09-03 01:13:40,942 [pool-215-thread-1] INFO  server.RaftServerConfigKeys (ConfUtils.java:logGet(46)) - raft.server.storage.free-space.min = 0MB (=0) (default)
2022-09-03 01:13:40,942 [pool-215-thread-1] INFO  storage.RaftStorageDirectory (RaftStorageDirectoryImpl.java:analyzeStorage(135)) - The storage directory /home/runner/work/ozone/ozone/hadoop-ozone/integration-test/target/test-dir/MiniOzoneClusterImpl-b7bb7c95-97ac-4743-8c58-bec42c492c64/datanode-1/data/ratis/039c1c6d-8be4-4cc8-86f0-758c24cffa84 does not exist. Creating ...
2022-09-03 01:13:40,945 [pool-215-thread-1] INFO  storage.RaftStorageDirectory (RaftStorageDirectoryImpl.java:tryLock(230)) - Lock on /home/runner/work/ozone/ozone/hadoop-ozone/integration-test/target/test-dir/MiniOzoneClusterImpl-b7bb7c95-97ac-4743-8c58-bec42c492c64/datanode-1/data/ratis/039c1c6d-8be4-4cc8-86f0-758c24cffa84/in_use.lock acquired by nodename 24955@fv-az504-37
2022-09-03 01:13:40,946 [pool-215-thread-1] INFO  storage.RaftStorage (RaftStorageImpl.java:format(89)) - Storage directory /home/runner/work/ozone/ozone/hadoop-ozone/integration-test/target/test-dir/MiniOzoneClusterImpl-b7bb7c95-97ac-4743-8c58-bec42c492c64/datanode-1/data/ratis/039c1c6d-8be4-4cc8-86f0-758c24cffa84 has been successfully formatted.
2022-09-03 01:13:40,947 [pool-215-thread-1] INFO  ratis.ContainerStateMachine (ContainerStateMachine.java:loadSnapshot(236)) - group-758C24CFFA84: The snapshot info is null. Setting the last applied indexto:(t:0, i:~)
2022-09-03 01:13:40,947 [pool-215-thread-1] INFO  server.RaftServerConfigKeys (ConfUtils.java:logGet(46)) - raft.server.notification.no-leader.timeout = 300s (custom)
2022-09-03 01:13:40,947 [pool-215-thread-1] INFO  server.RaftServerConfigKeys (ConfUtils.java:logGet(46)) - raft.server.log.use.memory = false (default)
2022-09-03 01:13:40,947 [pool-215-thread-1] INFO  server.RaftServerConfigKeys (ConfUtils.java:logGet(46)) - raft.server.log.purge.gap = 1000000 (custom)
2022-09-03 01:13:40,947 [pool-215-thread-1] INFO  server.RaftServerConfigKeys (ConfUtils.java:logGet(46)) - raft.server.log.appender.buffer.byte-limit = 33554432 (custom)
2022-09-03 01:13:40,947 [pool-215-thread-1] INFO  server.RaftServerConfigKeys (ConfUtils.java:logGet(46)) - raft.server.log.statemachine.data.read.timeout = 1000ms (default)
2022-09-03 01:13:40,948 [pool-215-thread-1] INFO  server.RaftServerConfigKeys (ConfUtils.java:logGet(46)) - raft.server.log.segment.size.max = 1048576 (custom)
2022-09-03 01:13:40,953 [pool-215-thread-1] INFO  server.RaftServerConfigKeys (ConfUtils.java:logGet(46)) - raft.server.log.segment.cache.num.max = 2 (custom)
2022-09-03 01:13:40,953 [pool-215-thread-1] INFO  server.RaftServerConfigKeys (ConfUtils.java:logGet(46)) - raft.server.log.segment.cache.size.max = 200MB (=209715200) (default)
2022-09-03 01:13:40,953 [pool-215-thread-1] INFO  segmented.SegmentedRaftLogWorker (SegmentedRaftLogWorker.java:<init>(187)) - new c6a4e7bd-4491-4fc1-b57a-abeebaac5def@group-758C24CFFA84-SegmentedRaftLogWorker for RaftStorageImpl:Storage Directory /home/runner/work/ozone/ozone/hadoop-ozone/integration-test/target/test-dir/MiniOzoneClusterImpl-b7bb7c95-97ac-4743-8c58-bec42c492c64/datanode-1/data/ratis/039c1c6d-8be4-4cc8-86f0-758c24cffa84
2022-09-03 01:13:40,953 [pool-215-thread-1] INFO  server.RaftServerConfigKeys (ConfUtils.java:logGet(46)) - raft.server.log.queue.byte-limit = 4294967296 (custom)
2022-09-03 01:13:40,954 [pool-215-thread-1] INFO  server.RaftServerConfigKeys (ConfUtils.java:logGet(46)) - raft.server.log.queue.element-limit = 1024 (custom)
2022-09-03 01:13:40,954 [pool-215-thread-1] INFO  server.RaftServerConfigKeys (ConfUtils.java:logGet(46)) - raft.server.log.segment.size.max = 1048576 (custom)
2022-09-03 01:13:40,954 [pool-215-thread-1] INFO  server.RaftServerConfigKeys (ConfUtils.java:logGet(46)) - raft.server.log.preallocated.size = 16384 (custom)
2022-09-03 01:13:40,954 [pool-215-thread-1] INFO  server.RaftServerConfigKeys (ConfUtils.java:logGet(46)) - raft.server.log.force.sync.num = 128 (default)
2022-09-03 01:13:40,954 [pool-215-thread-1] INFO  server.RaftServerConfigKeys (ConfUtils.java:logGet(46)) - raft.server.log.statemachine.data.sync = true (default)
2022-09-03 01:13:40,954 [pool-215-thread-1] INFO  server.RaftServerConfigKeys (ConfUtils.java:logGet(46)) - raft.server.log.statemachine.data.sync.timeout = 10s (default)
2022-09-03 01:13:40,954 [pool-215-thread-1] INFO  server.RaftServerConfigKeys (ConfUtils.java:logGet(46)) - raft.server.log.statemachine.data.sync.timeout.retry = -1 (default)
2022-09-03 01:13:40,955 [pool-215-thread-1] INFO  server.RaftServerConfigKeys (ConfUtils.java:logGet(46)) - raft.server.log.write.buffer.size = 1048576 (custom)
2022-09-03 01:13:40,956 [pool-215-thread-1] INFO  server.RaftServerConfigKeys (ConfUtils.java:logGet(46)) - raft.server.log.unsafe-flush.enabled = false (default)
2022-09-03 01:13:40,956 [pool-215-thread-1] INFO  server.RaftServerConfigKeys (ConfUtils.java:logGet(46)) - raft.server.log.statemachine.data.caching.enabled = true (custom)
2022-09-03 01:13:40,956 [pool-215-thread-1] INFO  segmented.SegmentedRaftLogWorker (SegmentedRaftLogWorker.java:lambda$new$0(135)) - c6a4e7bd-4491-4fc1-b57a-abeebaac5def@group-758C24CFFA84-SegmentedRaftLogWorker: flushIndex: setUnconditionally 0 -> -1
2022-09-03 01:13:40,956 [pool-215-thread-1] INFO  segmented.SegmentedRaftLogWorker (SegmentedRaftLogWorker.java:lambda$new$0(135)) - c6a4e7bd-4491-4fc1-b57a-abeebaac5def@group-758C24CFFA84-SegmentedRaftLogWorker: safeCacheEvictIndex: setUnconditionally 0 -> -1
2022-09-03 01:13:40,960 [pool-215-thread-1] INFO  server.RaftServerConfigKeys (ConfUtils.java:logGet(46)) - raft.server.snapshot.auto.trigger.enabled = true (custom)
2022-09-03 01:13:40,960 [pool-215-thread-1] INFO  server.RaftServerConfigKeys (ConfUtils.java:logGet(46)) - raft.server.snapshot.auto.trigger.threshold = 10000 (custom)
2022-09-03 01:13:40,960 [pool-215-thread-1] INFO  server.RaftServerConfigKeys (ConfUtils.java:logGet(46)) - raft.server.snapshot.retention.file.num = 5 (custom)
2022-09-03 01:13:40,960 [pool-215-thread-1] INFO  server.RaftServerConfigKeys (ConfUtils.java:logGet(46)) - raft.server.log.purge.upto.snapshot.index = false (default)
2022-09-03 01:13:40,960 [pool-215-thread-1] INFO  server.RaftServerConfigKeys (ConfUtils.java:logGet(46)) - raft.server.retrycache.expirytime = 600000ms (custom)
2022-09-03 01:13:40,960 [pool-215-thread-1] INFO  server.RaftServerConfigKeys (ConfUtils.java:logGet(46)) - raft.server.retrycache.statistics.expirytime = 100μs (default)
2022-09-03 01:13:40,965 [pool-215-thread-1] INFO  server.RaftServerConfigKeys (ConfUtils.java:logGet(46)) - raft.server.log.appender.install.snapshot.enabled = false (custom)
2022-09-03 01:13:40,965 [pool-215-thread-1] INFO  server.RaftServerConfigKeys (ConfUtils.java:logGet(46)) - raft.server.threadpool.server.cached = true (default)
2022-09-03 01:13:40,965 [pool-215-thread-1] INFO  server.RaftServerConfigKeys (ConfUtils.java:logGet(46)) - raft.server.threadpool.server.size = 0 (default)
2022-09-03 01:13:40,965 [pool-215-thread-1] INFO  server.RaftServerConfigKeys (ConfUtils.java:logGet(46)) - raft.server.threadpool.client.cached = true (default)
2022-09-03 01:13:40,965 [pool-215-thread-1] INFO  server.RaftServerConfigKeys (ConfUtils.java:logGet(46)) - raft.server.threadpool.client.size = 0 (default)
2022-09-03 01:13:40,965 [pool-215-thread-1] INFO  server.RaftServer$Division (RaftServerImpl.java:start(310)) - c6a4e7bd-4491-4fc1-b57a-abeebaac5def@group-758C24CFFA84: start as a follower, conf=-1: [10c77fab-dd91-442a-9529-86f26ad3973e|rpc:127.0.0.1:33509|dataStream:|priority:0, c6a4e7bd-4491-4fc1-b57a-abeebaac5def|rpc:127.0.0.1:39013|dataStream:|priority:0, 9cdbf1d0-d280-4661-b2c7-fb859849bb8c|rpc:127.0.0.1:32853|dataStream:|priority:1], old=null
2022-09-03 01:13:40,965 [pool-215-thread-1] INFO  server.RaftServer$Division (RaftServerImpl.java:setRole(299)) - c6a4e7bd-4491-4fc1-b57a-abeebaac5def@group-758C24CFFA84: changes role from      null to FOLLOWER at term 0 for startAsFollower
2022-09-03 01:13:40,965 [pool-215-thread-1] INFO  impl.RoleInfo (RoleInfo.java:updateAndGet(139)) - c6a4e7bd-4491-4fc1-b57a-abeebaac5def: start c6a4e7bd-4491-4fc1-b57a-abeebaac5def@group-758C24CFFA84-FollowerState
2022-09-03 01:13:40,966 [pool-215-thread-1] INFO  util.JmxRegister (JmxRegister.java:tryRegister(44)) - Successfully registered JMX Bean with object name Ratis:service=RaftServer,group=group-758C24CFFA84,id=c6a4e7bd-4491-4fc1-b57a-abeebaac5def
2022-09-03 01:13:40,994 [grpc-default-executor-1] INFO  server.RaftServer (RaftServerProxy.java:addNew(96)) - 9cdbf1d0-d280-4661-b2c7-fb859849bb8c: addNew group-758C24CFFA84:[10c77fab-dd91-442a-9529-86f26ad3973e|rpc:127.0.0.1:33509|dataStream:|priority:0, c6a4e7bd-4491-4fc1-b57a-abeebaac5def|rpc:127.0.0.1:39013|dataStream:|priority:0, 9cdbf1d0-d280-4661-b2c7-fb859849bb8c|rpc:127.0.0.1:32853|dataStream:|priority:1] returns group-758C24CFFA84:java.util.concurrent.CompletableFuture@492159b1[Not completed]
2022-09-03 01:13:40,996 [pool-240-thread-1] INFO  server.RaftServer$Division (RaftServerImpl.java:<init>(190)) - 9cdbf1d0-d280-4661-b2c7-fb859849bb8c: new RaftServerImpl for group-758C24CFFA84:[10c77fab-dd91-442a-9529-86f26ad3973e|rpc:127.0.0.1:33509|dataStream:|priority:0, c6a4e7bd-4491-4fc1-b57a-abeebaac5def|rpc:127.0.0.1:39013|dataStream:|priority:0, 9cdbf1d0-d280-4661-b2c7-fb859849bb8c|rpc:127.0.0.1:32853|dataStream:|priority:1] with ContainerStateMachine:uninitialized
2022-09-03 01:13:40,996 [pool-240-thread-1] INFO  server.RaftServerConfigKeys (ConfUtils.java:logGet(46)) - raft.server.rpc.timeout.min = 5s (custom)
2022-09-03 01:13:40,996 [pool-240-thread-1] INFO  server.RaftServerConfigKeys (ConfUtils.java:logGet(46)) - raft.server.rpc.timeout.max = 5200ms (custom)
2022-09-03 01:13:40,996 [pool-240-thread-1] INFO  server.RaftServerConfigKeys (ConfUtils.java:logGet(46)) - raft.server.rpc.sleep.time = 25ms (default)
2022-09-03 01:13:40,996 [pool-240-thread-1] INFO  server.RaftServerConfigKeys (ConfUtils.java:logGet(46)) - raft.server.rpc.slowness.timeout = 300s (custom)
2022-09-03 01:13:40,996 [pool-240-thread-1] INFO  server.RaftServerConfigKeys (ConfUtils.java:logGet(46)) - raft.server.leaderelection.leader.step-down.wait-time = 10s (default)
2022-09-03 01:13:40,997 [pool-240-thread-1] INFO  server.RaftServerConfigKeys (ConfUtils.java:logGet(46)) - raft.server.sleep.deviation.threshold = 300ms (default)
2022-09-03 01:13:40,997 [pool-240-thread-1] INFO  server.RaftServer$Division (ServerState.java:<init>(107)) - 9cdbf1d0-d280-4661-b2c7-fb859849bb8c@group-758C24CFFA84: ConfigurationManager, init=-1: [10c77fab-dd91-442a-9529-86f26ad3973e|rpc:127.0.0.1:33509|dataStream:|priority:0, c6a4e7bd-4491-4fc1-b57a-abeebaac5def|rpc:127.0.0.1:39013|dataStream:|priority:0, 9cdbf1d0-d280-4661-b2c7-fb859849bb8c|rpc:127.0.0.1:32853|dataStream:|priority:1], old=null, confs=<EMPTY_MAP>
2022-09-03 01:13:40,997 [pool-240-thread-1] INFO  server.RaftServerConfigKeys (ConfUtils.java:logGet(46)) - raft.server.storage.dir = [/home/runner/work/ozone/ozone/hadoop-ozone/integration-test/target/test-dir/MiniOzoneClusterImpl-b7bb7c95-97ac-4743-8c58-bec42c492c64/datanode-2/data/ratis] (custom)
2022-09-03 01:13:40,997 [pool-240-thread-1] INFO  server.RaftServerConfigKeys (ConfUtils.java:logGet(46)) - raft.server.log.corruption.policy = EXCEPTION (default)
2022-09-03 01:13:40,997 [pool-240-thread-1] INFO  server.RaftServerConfigKeys (ConfUtils.java:logGet(46)) - raft.server.storage.free-space.min = 0MB (=0) (default)
2022-09-03 01:13:40,997 [pool-240-thread-1] INFO  storage.RaftStorageDirectory (RaftStorageDirectoryImpl.java:analyzeStorage(135)) - The storage directory /home/runner/work/ozone/ozone/hadoop-ozone/integration-test/target/test-dir/MiniOzoneClusterImpl-b7bb7c95-97ac-4743-8c58-bec42c492c64/datanode-2/data/ratis/039c1c6d-8be4-4cc8-86f0-758c24cffa84 does not exist. Creating ...
2022-09-03 01:13:40,999 [pool-240-thread-1] INFO  storage.RaftStorageDirectory (RaftStorageDirectoryImpl.java:tryLock(230)) - Lock on /home/runner/work/ozone/ozone/hadoop-ozone/integration-test/target/test-dir/MiniOzoneClusterImpl-b7bb7c95-97ac-4743-8c58-bec42c492c64/datanode-2/data/ratis/039c1c6d-8be4-4cc8-86f0-758c24cffa84/in_use.lock acquired by nodename 24955@fv-az504-37
2022-09-03 01:13:41,001 [pool-240-thread-1] INFO  storage.RaftStorage (RaftStorageImpl.java:format(89)) - Storage directory /home/runner/work/ozone/ozone/hadoop-ozone/integration-test/target/test-dir/MiniOzoneClusterImpl-b7bb7c95-97ac-4743-8c58-bec42c492c64/datanode-2/data/ratis/039c1c6d-8be4-4cc8-86f0-758c24cffa84 has been successfully formatted.
2022-09-03 01:13:41,001 [pool-240-thread-1] INFO  ratis.ContainerStateMachine (ContainerStateMachine.java:loadSnapshot(236)) - group-758C24CFFA84: The snapshot info is null. Setting the last applied indexto:(t:0, i:~)
2022-09-03 01:13:41,001 [pool-240-thread-1] INFO  server.RaftServerConfigKeys (ConfUtils.java:logGet(46)) - raft.server.notification.no-leader.timeout = 300s (custom)
2022-09-03 01:13:41,001 [pool-240-thread-1] INFO  server.RaftServerConfigKeys (ConfUtils.java:logGet(46)) - raft.server.log.use.memory = false (default)
2022-09-03 01:13:41,001 [pool-240-thread-1] INFO  server.RaftServerConfigKeys (ConfUtils.java:logGet(46)) - raft.server.log.purge.gap = 1000000 (custom)
2022-09-03 01:13:41,001 [pool-240-thread-1] INFO  server.RaftServerConfigKeys (ConfUtils.java:logGet(46)) - raft.server.log.appender.buffer.byte-limit = 33554432 (custom)
2022-09-03 01:13:41,001 [pool-240-thread-1] INFO  server.RaftServerConfigKeys (ConfUtils.java:logGet(46)) - raft.server.log.statemachine.data.read.timeout = 1000ms (default)
2022-09-03 01:13:41,006 [pool-240-thread-1] INFO  server.RaftServerConfigKeys (ConfUtils.java:logGet(46)) - raft.server.log.segment.size.max = 1048576 (custom)
2022-09-03 01:13:41,006 [pool-240-thread-1] INFO  server.RaftServerConfigKeys (ConfUtils.java:logGet(46)) - raft.server.log.segment.cache.num.max = 2 (custom)
2022-09-03 01:13:41,006 [pool-240-thread-1] INFO  server.RaftServerConfigKeys (ConfUtils.java:logGet(46)) - raft.server.log.segment.cache.size.max = 200MB (=209715200) (default)
2022-09-03 01:13:41,006 [pool-240-thread-1] INFO  segmented.SegmentedRaftLogWorker (SegmentedRaftLogWorker.java:<init>(187)) - new 9cdbf1d0-d280-4661-b2c7-fb859849bb8c@group-758C24CFFA84-SegmentedRaftLogWorker for RaftStorageImpl:Storage Directory /home/runner/work/ozone/ozone/hadoop-ozone/integration-test/target/test-dir/MiniOzoneClusterImpl-b7bb7c95-97ac-4743-8c58-bec42c492c64/datanode-2/data/ratis/039c1c6d-8be4-4cc8-86f0-758c24cffa84
2022-09-03 01:13:41,006 [pool-240-thread-1] INFO  server.RaftServerConfigKeys (ConfUtils.java:logGet(46)) - raft.server.log.queue.byte-limit = 4294967296 (custom)
2022-09-03 01:13:41,007 [pool-240-thread-1] INFO  server.RaftServerConfigKeys (ConfUtils.java:logGet(46)) - raft.server.log.queue.element-limit = 1024 (custom)
2022-09-03 01:13:41,007 [pool-240-thread-1] INFO  server.RaftServerConfigKeys (ConfUtils.java:logGet(46)) - raft.server.log.segment.size.max = 1048576 (custom)
2022-09-03 01:13:41,007 [pool-240-thread-1] INFO  server.RaftServerConfigKeys (ConfUtils.java:logGet(46)) - raft.server.log.preallocated.size = 16384 (custom)
2022-09-03 01:13:41,007 [pool-240-thread-1] INFO  server.RaftServerConfigKeys (ConfUtils.java:logGet(46)) - raft.server.log.force.sync.num = 128 (default)
2022-09-03 01:13:41,007 [pool-240-thread-1] INFO  server.RaftServerConfigKeys (ConfUtils.java:logGet(46)) - raft.server.log.statemachine.data.sync = true (default)
2022-09-03 01:13:41,007 [pool-240-thread-1] INFO  server.RaftServerConfigKeys (ConfUtils.java:logGet(46)) - raft.server.log.statemachine.data.sync.timeout = 10s (default)
2022-09-03 01:13:41,007 [pool-240-thread-1] INFO  server.RaftServerConfigKeys (ConfUtils.java:logGet(46)) - raft.server.log.statemachine.data.sync.timeout.retry = -1 (default)
2022-09-03 01:13:41,012 [pool-240-thread-1] INFO  server.RaftServerConfigKeys (ConfUtils.java:logGet(46)) - raft.server.log.write.buffer.size = 1048576 (custom)
2022-09-03 01:13:41,013 [pool-240-thread-1] INFO  server.RaftServerConfigKeys (ConfUtils.java:logGet(46)) - raft.server.log.unsafe-flush.enabled = false (default)
2022-09-03 01:13:41,013 [pool-240-thread-1] INFO  server.RaftServerConfigKeys (ConfUtils.java:logGet(46)) - raft.server.log.statemachine.data.caching.enabled = true (custom)
2022-09-03 01:13:41,013 [pool-240-thread-1] INFO  segmented.SegmentedRaftLogWorker (SegmentedRaftLogWorker.java:lambda$new$0(135)) - 9cdbf1d0-d280-4661-b2c7-fb859849bb8c@group-758C24CFFA84-SegmentedRaftLogWorker: flushIndex: setUnconditionally 0 -> -1
2022-09-03 01:13:41,013 [pool-240-thread-1] INFO  segmented.SegmentedRaftLogWorker (SegmentedRaftLogWorker.java:lambda$new$0(135)) - 9cdbf1d0-d280-4661-b2c7-fb859849bb8c@group-758C24CFFA84-SegmentedRaftLogWorker: safeCacheEvictIndex: setUnconditionally 0 -> -1
2022-09-03 01:13:41,014 [pool-240-thread-1] INFO  server.RaftServerConfigKeys (ConfUtils.java:logGet(46)) - raft.server.snapshot.auto.trigger.enabled = true (custom)
2022-09-03 01:13:41,014 [pool-240-thread-1] INFO  server.RaftServerConfigKeys (ConfUtils.java:logGet(46)) - raft.server.snapshot.auto.trigger.threshold = 10000 (custom)
2022-09-03 01:13:41,014 [pool-240-thread-1] INFO  server.RaftServerConfigKeys (ConfUtils.java:logGet(46)) - raft.server.snapshot.retention.file.num = 5 (custom)
2022-09-03 01:13:41,014 [pool-240-thread-1] INFO  server.RaftServerConfigKeys (ConfUtils.java:logGet(46)) - raft.server.log.purge.upto.snapshot.index = false (default)
2022-09-03 01:13:41,015 [pool-240-thread-1] INFO  server.RaftServerConfigKeys (ConfUtils.java:logGet(46)) - raft.server.retrycache.expirytime = 600000ms (custom)
2022-09-03 01:13:41,015 [pool-240-thread-1] INFO  server.RaftServerConfigKeys (ConfUtils.java:logGet(46)) - raft.server.retrycache.statistics.expirytime = 100μs (default)
2022-09-03 01:13:41,016 [pool-240-thread-1] INFO  server.RaftServerConfigKeys (ConfUtils.java:logGet(46)) - raft.server.log.appender.install.snapshot.enabled = false (custom)
2022-09-03 01:13:41,018 [pool-240-thread-1] INFO  server.RaftServerConfigKeys (ConfUtils.java:logGet(46)) - raft.server.threadpool.server.cached = true (default)
2022-09-03 01:13:41,018 [pool-240-thread-1] INFO  server.RaftServerConfigKeys (ConfUtils.java:logGet(46)) - raft.server.threadpool.server.size = 0 (default)
2022-09-03 01:13:41,018 [pool-240-thread-1] INFO  server.RaftServerConfigKeys (ConfUtils.java:logGet(46)) - raft.server.threadpool.client.cached = true (default)
2022-09-03 01:13:41,018 [pool-240-thread-1] INFO  server.RaftServerConfigKeys (ConfUtils.java:logGet(46)) - raft.server.threadpool.client.size = 0 (default)
2022-09-03 01:13:41,019 [pool-240-thread-1] INFO  server.RaftServer$Division (RaftServerImpl.java:start(310)) - 9cdbf1d0-d280-4661-b2c7-fb859849bb8c@group-758C24CFFA84: start as a follower, conf=-1: [10c77fab-dd91-442a-9529-86f26ad3973e|rpc:127.0.0.1:33509|dataStream:|priority:0, c6a4e7bd-4491-4fc1-b57a-abeebaac5def|rpc:127.0.0.1:39013|dataStream:|priority:0, 9cdbf1d0-d280-4661-b2c7-fb859849bb8c|rpc:127.0.0.1:32853|dataStream:|priority:1], old=null
2022-09-03 01:13:41,021 [pool-240-thread-1] INFO  server.RaftServer$Division (RaftServerImpl.java:setRole(299)) - 9cdbf1d0-d280-4661-b2c7-fb859849bb8c@group-758C24CFFA84: changes role from      null to FOLLOWER at term 0 for startAsFollower
2022-09-03 01:13:41,021 [pool-240-thread-1] INFO  impl.RoleInfo (RoleInfo.java:updateAndGet(139)) - 9cdbf1d0-d280-4661-b2c7-fb859849bb8c: start 9cdbf1d0-d280-4661-b2c7-fb859849bb8c@group-758C24CFFA84-FollowerState
2022-09-03 01:13:41,021 [pool-240-thread-1] INFO  util.JmxRegister (JmxRegister.java:tryRegister(44)) - Successfully registered JMX Bean with object name Ratis:service=RaftServer,group=group-758C24CFFA84,id=9cdbf1d0-d280-4661-b2c7-fb859849bb8c
2022-09-03 01:13:41,032 [Command processor thread] INFO  commandhandler.CreatePipelineCommandHandler (CreatePipelineCommandHandler.java:handle(113)) - Created Pipeline RATIS THREE PipelineID=039c1c6d-8be4-4cc8-86f0-758c24cffa84.
2022-09-03 01:13:41,055 [Command processor thread] INFO  server.RaftServer (RaftServerProxy.java:addNew(96)) - c6a4e7bd-4491-4fc1-b57a-abeebaac5def: addNew group-37D0217F35F7:[c6a4e7bd-4491-4fc1-b57a-abeebaac5def|rpc:127.0.0.1:39013|priority:1] returns group-37D0217F35F7:java.util.concurrent.CompletableFuture@313ccaaa[Not completed]
2022-09-03 01:13:41,057 [pool-215-thread-1] INFO  server.RaftServer$Division (RaftServerImpl.java:<init>(190)) - c6a4e7bd-4491-4fc1-b57a-abeebaac5def: new RaftServerImpl for group-37D0217F35F7:[c6a4e7bd-4491-4fc1-b57a-abeebaac5def|rpc:127.0.0.1:39013|priority:1] with ContainerStateMachine:uninitialized
2022-09-03 01:13:41,057 [pool-215-thread-1] INFO  server.RaftServerConfigKeys (ConfUtils.java:logGet(46)) - raft.server.rpc.timeout.min = 5s (custom)
2022-09-03 01:13:41,057 [pool-215-thread-1] INFO  server.RaftServerConfigKeys (ConfUtils.java:logGet(46)) - raft.server.rpc.timeout.max = 5200ms (custom)
2022-09-03 01:13:41,057 [pool-215-thread-1] INFO  server.RaftServerConfigKeys (ConfUtils.java:logGet(46)) - raft.server.rpc.sleep.time = 25ms (default)
2022-09-03 01:13:41,057 [pool-215-thread-1] INFO  server.RaftServerConfigKeys (ConfUtils.java:logGet(46)) - raft.server.rpc.slowness.timeout = 300s (custom)
2022-09-03 01:13:41,057 [pool-215-thread-1] INFO  server.RaftServerConfigKeys (ConfUtils.java:logGet(46)) - raft.server.leaderelection.leader.step-down.wait-time = 10s (default)
2022-09-03 01:13:41,057 [pool-215-thread-1] INFO  server.RaftServerConfigKeys (ConfUtils.java:logGet(46)) - raft.server.sleep.deviation.threshold = 300ms (default)
2022-09-03 01:13:41,057 [pool-215-thread-1] INFO  server.RaftServer$Division (ServerState.java:<init>(107)) - c6a4e7bd-4491-4fc1-b57a-abeebaac5def@group-37D0217F35F7: ConfigurationManager, init=-1: [c6a4e7bd-4491-4fc1-b57a-abeebaac5def|rpc:127.0.0.1:39013|priority:1], old=null, confs=<EMPTY_MAP>
2022-09-03 01:13:41,057 [pool-215-thread-1] INFO  server.RaftServerConfigKeys (ConfUtils.java:logGet(46)) - raft.server.storage.dir = [/home/runner/work/ozone/ozone/hadoop-ozone/integration-test/target/test-dir/MiniOzoneClusterImpl-b7bb7c95-97ac-4743-8c58-bec42c492c64/datanode-1/data/ratis] (custom)
2022-09-03 01:13:41,058 [pool-215-thread-1] INFO  server.RaftServerConfigKeys (ConfUtils.java:logGet(46)) - raft.server.log.corruption.policy = EXCEPTION (default)
2022-09-03 01:13:41,058 [pool-215-thread-1] INFO  server.RaftServerConfigKeys (ConfUtils.java:logGet(46)) - raft.server.storage.free-space.min = 0MB (=0) (default)
2022-09-03 01:13:41,058 [pool-215-thread-1] INFO  storage.RaftStorageDirectory (RaftStorageDirectoryImpl.java:analyzeStorage(135)) - The storage directory /home/runner/work/ozone/ozone/hadoop-ozone/integration-test/target/test-dir/MiniOzoneClusterImpl-b7bb7c95-97ac-4743-8c58-bec42c492c64/datanode-1/data/ratis/af093f03-d7dd-4708-8e81-37d0217f35f7 does not exist. Creating ...
2022-09-03 01:13:41,059 [pool-215-thread-1] INFO  storage.RaftStorageDirectory (RaftStorageDirectoryImpl.java:tryLock(230)) - Lock on /home/runner/work/ozone/ozone/hadoop-ozone/integration-test/target/test-dir/MiniOzoneClusterImpl-b7bb7c95-97ac-4743-8c58-bec42c492c64/datanode-1/data/ratis/af093f03-d7dd-4708-8e81-37d0217f35f7/in_use.lock acquired by nodename 24955@fv-az504-37
2022-09-03 01:13:41,060 [pool-215-thread-1] INFO  storage.RaftStorage (RaftStorageImpl.java:format(89)) - Storage directory /home/runner/work/ozone/ozone/hadoop-ozone/integration-test/target/test-dir/MiniOzoneClusterImpl-b7bb7c95-97ac-4743-8c58-bec42c492c64/datanode-1/data/ratis/af093f03-d7dd-4708-8e81-37d0217f35f7 has been successfully formatted.
2022-09-03 01:13:41,063 [EventQueue-PipelineReportForPipelineReportHandler] INFO  pipeline.PipelineManagerImpl (PipelineManagerImpl.java:openPipeline(367)) - Pipeline Pipeline[ Id: af093f03-d7dd-4708-8e81-37d0217f35f7, Nodes: c6a4e7bd-4491-4fc1-b57a-abeebaac5def{ip: 127.0.0.1, host: localhost, ports: [REPLICATION=44415, RATIS=39013, RATIS_ADMIN=39013, RATIS_SERVER=39013, STANDALONE=43169], networkLocation: /default-rack, certSerialId: null, persistedOpState: IN_SERVICE, persistedOpStateExpiryEpochSec: 0}, ReplicationConfig: RATIS/ONE, State:ALLOCATED, leaderId:c6a4e7bd-4491-4fc1-b57a-abeebaac5def, CreationTimestamp2022-09-03T01:13:38.064Z[Etc/UTC]] moved to OPEN state
2022-09-03 01:13:41,064 [EventQueue-PipelineReportForPipelineReportHandler] INFO  pipeline.PipelineManagerImpl (PipelineManagerImpl.java:openPipeline(367)) - Pipeline Pipeline[ Id: af093f03-d7dd-4708-8e81-37d0217f35f7, Nodes: c6a4e7bd-4491-4fc1-b57a-abeebaac5def{ip: 127.0.0.1, host: localhost, ports: [REPLICATION=44415, RATIS=39013, RATIS_ADMIN=39013, RATIS_SERVER=39013, STANDALONE=43169], networkLocation: /default-rack, certSerialId: null, persistedOpState: IN_SERVICE, persistedOpStateExpiryEpochSec: 0}, ReplicationConfig: RATIS/ONE, State:ALLOCATED, leaderId:c6a4e7bd-4491-4fc1-b57a-abeebaac5def, CreationTimestamp2022-09-03T01:13:38.064Z[Etc/UTC]] moved to OPEN state
2022-09-03 01:13:41,068 [EventQueue-PipelineReportForPipelineReportHandler] INFO  pipeline.PipelineManagerImpl (PipelineManagerImpl.java:openPipeline(367)) - Pipeline Pipeline[ Id: af093f03-d7dd-4708-8e81-37d0217f35f7, Nodes: c6a4e7bd-4491-4fc1-b57a-abeebaac5def{ip: 127.0.0.1, host: localhost, ports: [REPLICATION=44415, RATIS=39013, RATIS_ADMIN=39013, RATIS_SERVER=39013, STANDALONE=43169], networkLocation: /default-rack, certSerialId: null, persistedOpState: IN_SERVICE, persistedOpStateExpiryEpochSec: 0}, ReplicationConfig: RATIS/ONE, State:ALLOCATED, leaderId:c6a4e7bd-4491-4fc1-b57a-abeebaac5def, CreationTimestamp2022-09-03T01:13:38.064Z[Etc/UTC]] moved to OPEN state
2022-09-03 01:13:41,070 [pool-215-thread-1] INFO  ratis.ContainerStateMachine (ContainerStateMachine.java:loadSnapshot(236)) - group-37D0217F35F7: The snapshot info is null. Setting the last applied indexto:(t:0, i:~)
2022-09-03 01:13:41,070 [pool-215-thread-1] INFO  server.RaftServerConfigKeys (ConfUtils.java:logGet(46)) - raft.server.notification.no-leader.timeout = 300s (custom)
2022-09-03 01:13:41,070 [pool-215-thread-1] INFO  server.RaftServerConfigKeys (ConfUtils.java:logGet(46)) - raft.server.log.use.memory = false (default)
2022-09-03 01:13:41,070 [pool-215-thread-1] INFO  server.RaftServerConfigKeys (ConfUtils.java:logGet(46)) - raft.server.log.purge.gap = 1000000 (custom)
2022-09-03 01:13:41,070 [pool-215-thread-1] INFO  server.RaftServerConfigKeys (ConfUtils.java:logGet(46)) - raft.server.log.appender.buffer.byte-limit = 33554432 (custom)
2022-09-03 01:13:41,071 [pool-215-thread-1] INFO  server.RaftServerConfigKeys (ConfUtils.java:logGet(46)) - raft.server.log.statemachine.data.read.timeout = 1000ms (default)
2022-09-03 01:13:41,071 [pool-215-thread-1] INFO  server.RaftServerConfigKeys (ConfUtils.java:logGet(46)) - raft.server.log.segment.size.max = 1048576 (custom)
2022-09-03 01:13:41,072 [pool-215-thread-1] INFO  server.RaftServerConfigKeys (ConfUtils.java:logGet(46)) - raft.server.log.segment.cache.num.max = 2 (custom)
2022-09-03 01:13:41,072 [pool-215-thread-1] INFO  server.RaftServerConfigKeys (ConfUtils.java:logGet(46)) - raft.server.log.segment.cache.size.max = 200MB (=209715200) (default)
2022-09-03 01:13:41,072 [pool-215-thread-1] INFO  segmented.SegmentedRaftLogWorker (SegmentedRaftLogWorker.java:<init>(187)) - new c6a4e7bd-4491-4fc1-b57a-abeebaac5def@group-37D0217F35F7-SegmentedRaftLogWorker for RaftStorageImpl:Storage Directory /home/runner/work/ozone/ozone/hadoop-ozone/integration-test/target/test-dir/MiniOzoneClusterImpl-b7bb7c95-97ac-4743-8c58-bec42c492c64/datanode-1/data/ratis/af093f03-d7dd-4708-8e81-37d0217f35f7
2022-09-03 01:13:41,072 [pool-215-thread-1] INFO  server.RaftServerConfigKeys (ConfUtils.java:logGet(46)) - raft.server.log.queue.byte-limit = 4294967296 (custom)
2022-09-03 01:13:41,072 [pool-215-thread-1] INFO  server.RaftServerConfigKeys (ConfUtils.java:logGet(46)) - raft.server.log.queue.element-limit = 1024 (custom)
2022-09-03 01:13:41,072 [pool-215-thread-1] INFO  server.RaftServerConfigKeys (ConfUtils.java:logGet(46)) - raft.server.log.segment.size.max = 1048576 (custom)
2022-09-03 01:13:41,073 [pool-215-thread-1] INFO  server.RaftServerConfigKeys (ConfUtils.java:logGet(46)) - raft.server.log.preallocated.size = 16384 (custom)
2022-09-03 01:13:41,073 [pool-215-thread-1] INFO  server.RaftServerConfigKeys (ConfUtils.java:logGet(46)) - raft.server.log.force.sync.num = 128 (default)
2022-09-03 01:13:41,073 [pool-215-thread-1] INFO  server.RaftServerConfigKeys (ConfUtils.java:logGet(46)) - raft.server.log.statemachine.data.sync = true (default)
2022-09-03 01:13:41,073 [pool-215-thread-1] INFO  server.RaftServerConfigKeys (ConfUtils.java:logGet(46)) - raft.server.log.statemachine.data.sync.timeout = 10s (default)
2022-09-03 01:13:41,073 [pool-215-thread-1] INFO  server.RaftServerConfigKeys (ConfUtils.java:logGet(46)) - raft.server.log.statemachine.data.sync.timeout.retry = -1 (default)
2022-09-03 01:13:41,080 [5abf6683-c399-417c-b48d-34ddeee7dd89@group-BEC42C492C64-StateMachineUpdater] INFO  safemode.HealthyPipelineSafeModeRule (HealthyPipelineSafeModeRule.java:initializeRule(165)) - Refreshed total pipeline count is 0, healthy pipeline threshold count is 1
2022-09-03 01:13:41,080 [EventQueue-OpenPipelineForHealthyPipelineSafeModeRule] INFO  safemode.SCMSafeModeManager (HealthyPipelineSafeModeRule.java:process(137)) - SCM in safe mode. Healthy pipelines reported count is 0, required healthy pipeline reported count is 1
2022-09-03 01:13:41,082 [pool-215-thread-1] INFO  server.RaftServerConfigKeys (ConfUtils.java:logGet(46)) - raft.server.log.write.buffer.size = 1048576 (custom)
2022-09-03 01:13:41,082 [pool-215-thread-1] INFO  server.RaftServerConfigKeys (ConfUtils.java:logGet(46)) - raft.server.log.unsafe-flush.enabled = false (default)
2022-09-03 01:13:41,083 [pool-215-thread-1] INFO  server.RaftServerConfigKeys (ConfUtils.java:logGet(46)) - raft.server.log.statemachine.data.caching.enabled = true (custom)
2022-09-03 01:13:41,083 [pool-215-thread-1] INFO  segmented.SegmentedRaftLogWorker (SegmentedRaftLogWorker.java:lambda$new$0(135)) - c6a4e7bd-4491-4fc1-b57a-abeebaac5def@group-37D0217F35F7-SegmentedRaftLogWorker: flushIndex: setUnconditionally 0 -> -1
2022-09-03 01:13:41,083 [pool-215-thread-1] INFO  segmented.SegmentedRaftLogWorker (SegmentedRaftLogWorker.java:lambda$new$0(135)) - c6a4e7bd-4491-4fc1-b57a-abeebaac5def@group-37D0217F35F7-SegmentedRaftLogWorker: safeCacheEvictIndex: setUnconditionally 0 -> -1
2022-09-03 01:13:41,083 [pool-215-thread-1] INFO  server.RaftServerConfigKeys (ConfUtils.java:logGet(46)) - raft.server.snapshot.auto.trigger.enabled = true (custom)
2022-09-03 01:13:41,083 [pool-215-thread-1] INFO  server.RaftServerConfigKeys (ConfUtils.java:logGet(46)) - raft.server.snapshot.auto.trigger.threshold = 10000 (custom)
2022-09-03 01:13:41,083 [pool-215-thread-1] INFO  server.RaftServerConfigKeys (ConfUtils.java:logGet(46)) - raft.server.snapshot.retention.file.num = 5 (custom)
2022-09-03 01:13:41,083 [pool-215-thread-1] INFO  server.RaftServerConfigKeys (ConfUtils.java:logGet(46)) - raft.server.log.purge.upto.snapshot.index = false (default)
2022-09-03 01:13:41,083 [pool-215-thread-1] INFO  server.RaftServerConfigKeys (ConfUtils.java:logGet(46)) - raft.server.retrycache.expirytime = 600000ms (custom)
2022-09-03 01:13:41,083 [pool-215-thread-1] INFO  server.RaftServerConfigKeys (ConfUtils.java:logGet(46)) - raft.server.retrycache.statistics.expirytime = 100μs (default)
2022-09-03 01:13:41,086 [pool-215-thread-1] INFO  server.RaftServerConfigKeys (ConfUtils.java:logGet(46)) - raft.server.log.appender.install.snapshot.enabled = false (custom)
2022-09-03 01:13:41,086 [pool-215-thread-1] INFO  server.RaftServerConfigKeys (ConfUtils.java:logGet(46)) - raft.server.threadpool.server.cached = true (default)
2022-09-03 01:13:41,086 [pool-215-thread-1] INFO  server.RaftServerConfigKeys (ConfUtils.java:logGet(46)) - raft.server.threadpool.server.size = 0 (default)
2022-09-03 01:13:41,086 [pool-215-thread-1] INFO  server.RaftServerConfigKeys (ConfUtils.java:logGet(46)) - raft.server.threadpool.client.cached = true (default)
2022-09-03 01:13:41,086 [pool-215-thread-1] INFO  server.RaftServerConfigKeys (ConfUtils.java:logGet(46)) - raft.server.threadpool.client.size = 0 (default)
2022-09-03 01:13:41,086 [pool-215-thread-1] INFO  server.RaftServer$Division (RaftServerImpl.java:start(310)) - c6a4e7bd-4491-4fc1-b57a-abeebaac5def@group-37D0217F35F7: start as a follower, conf=-1: [c6a4e7bd-4491-4fc1-b57a-abeebaac5def|rpc:127.0.0.1:39013|priority:1], old=null
2022-09-03 01:13:41,086 [pool-215-thread-1] INFO  server.RaftServer$Division (RaftServerImpl.java:setRole(299)) - c6a4e7bd-4491-4fc1-b57a-abeebaac5def@group-37D0217F35F7: changes role from      null to FOLLOWER at term 0 for startAsFollower
2022-09-03 01:13:41,086 [pool-215-thread-1] INFO  impl.RoleInfo (RoleInfo.java:updateAndGet(139)) - c6a4e7bd-4491-4fc1-b57a-abeebaac5def: start c6a4e7bd-4491-4fc1-b57a-abeebaac5def@group-37D0217F35F7-FollowerState
2022-09-03 01:13:41,087 [de25ddac-3a80-4ed5-b6af-85fc97dbd7a2@group-BEC42C492C64-StateMachineUpdater] INFO  safemode.HealthyPipelineSafeModeRule (HealthyPipelineSafeModeRule.java:initializeRule(165)) - Refreshed total pipeline count is 0, healthy pipeline threshold count is 1
2022-09-03 01:13:41,092 [10e1d7e9-dd38-4db2-b0dc-1e40cbd54060@group-BEC42C492C64-StateMachineUpdater] INFO  safemode.HealthyPipelineSafeModeRule (HealthyPipelineSafeModeRule.java:initializeRule(165)) - Refreshed total pipeline count is 0, healthy pipeline threshold count is 1
2022-09-03 01:13:41,093 [pool-215-thread-1] INFO  util.JmxRegister (JmxRegister.java:tryRegister(44)) - Successfully registered JMX Bean with object name Ratis:service=RaftServer,group=group-37D0217F35F7,id=c6a4e7bd-4491-4fc1-b57a-abeebaac5def
2022-09-03 01:13:41,094 [Command processor thread] INFO  ratis.XceiverServerRatis (XceiverServerRatis.java:addGroup(765)) - Created group PipelineID=af093f03-d7dd-4708-8e81-37d0217f35f7
2022-09-03 01:13:41,094 [Command processor thread] INFO  commandhandler.CreatePipelineCommandHandler (CreatePipelineCommandHandler.java:handle(113)) - Created Pipeline RATIS ONE PipelineID=af093f03-d7dd-4708-8e81-37d0217f35f7.
2022-09-03 01:13:41,380 [Command processor thread] INFO  server.RaftServer (RaftServerProxy.java:addNew(96)) - 9cdbf1d0-d280-4661-b2c7-fb859849bb8c: addNew group-20102601EFAA:[9cdbf1d0-d280-4661-b2c7-fb859849bb8c|rpc:127.0.0.1:32853|priority:1] returns group-20102601EFAA:java.util.concurrent.CompletableFuture@29ca292c[Not completed]
2022-09-03 01:13:41,381 [pool-240-thread-1] INFO  server.RaftServer$Division (RaftServerImpl.java:<init>(190)) - 9cdbf1d0-d280-4661-b2c7-fb859849bb8c: new RaftServerImpl for group-20102601EFAA:[9cdbf1d0-d280-4661-b2c7-fb859849bb8c|rpc:127.0.0.1:32853|priority:1] with ContainerStateMachine:uninitialized
2022-09-03 01:13:41,382 [pool-240-thread-1] INFO  server.RaftServerConfigKeys (ConfUtils.java:logGet(46)) - raft.server.rpc.timeout.min = 5s (custom)
2022-09-03 01:13:41,382 [pool-240-thread-1] INFO  server.RaftServerConfigKeys (ConfUtils.java:logGet(46)) - raft.server.rpc.timeout.max = 5200ms (custom)
2022-09-03 01:13:41,382 [pool-240-thread-1] INFO  server.RaftServerConfigKeys (ConfUtils.java:logGet(46)) - raft.server.rpc.sleep.time = 25ms (default)
2022-09-03 01:13:41,382 [pool-240-thread-1] INFO  server.RaftServerConfigKeys (ConfUtils.java:logGet(46)) - raft.server.rpc.slowness.timeout = 300s (custom)
2022-09-03 01:13:41,382 [pool-240-thread-1] INFO  server.RaftServerConfigKeys (ConfUtils.java:logGet(46)) - raft.server.leaderelection.leader.step-down.wait-time = 10s (default)
2022-09-03 01:13:41,382 [pool-240-thread-1] INFO  server.RaftServerConfigKeys (ConfUtils.java:logGet(46)) - raft.server.sleep.deviation.threshold = 300ms (default)
2022-09-03 01:13:41,382 [pool-240-thread-1] INFO  server.RaftServer$Division (ServerState.java:<init>(107)) - 9cdbf1d0-d280-4661-b2c7-fb859849bb8c@group-20102601EFAA: ConfigurationManager, init=-1: [9cdbf1d0-d280-4661-b2c7-fb859849bb8c|rpc:127.0.0.1:32853|priority:1], old=null, confs=<EMPTY_MAP>
2022-09-03 01:13:41,382 [pool-240-thread-1] INFO  server.RaftServerConfigKeys (ConfUtils.java:logGet(46)) - raft.server.storage.dir = [/home/runner/work/ozone/ozone/hadoop-ozone/integration-test/target/test-dir/MiniOzoneClusterImpl-b7bb7c95-97ac-4743-8c58-bec42c492c64/datanode-2/data/ratis] (custom)
2022-09-03 01:13:41,382 [pool-240-thread-1] INFO  server.RaftServerConfigKeys (ConfUtils.java:logGet(46)) - raft.server.log.corruption.policy = EXCEPTION (default)
2022-09-03 01:13:41,383 [pool-240-thread-1] INFO  server.RaftServerConfigKeys (ConfUtils.java:logGet(46)) - raft.server.storage.free-space.min = 0MB (=0) (default)
2022-09-03 01:13:41,383 [pool-240-thread-1] INFO  storage.RaftStorageDirectory (RaftStorageDirectoryImpl.java:analyzeStorage(135)) - The storage directory /home/runner/work/ozone/ozone/hadoop-ozone/integration-test/target/test-dir/MiniOzoneClusterImpl-b7bb7c95-97ac-4743-8c58-bec42c492c64/datanode-2/data/ratis/b990414c-c0cc-44ab-bdbd-20102601efaa does not exist. Creating ...
2022-09-03 01:13:41,384 [pool-240-thread-1] INFO  storage.RaftStorageDirectory (RaftStorageDirectoryImpl.java:tryLock(230)) - Lock on /home/runner/work/ozone/ozone/hadoop-ozone/integration-test/target/test-dir/MiniOzoneClusterImpl-b7bb7c95-97ac-4743-8c58-bec42c492c64/datanode-2/data/ratis/b990414c-c0cc-44ab-bdbd-20102601efaa/in_use.lock acquired by nodename 24955@fv-az504-37
2022-09-03 01:13:41,385 [pool-240-thread-1] INFO  storage.RaftStorage (RaftStorageImpl.java:format(89)) - Storage directory /home/runner/work/ozone/ozone/hadoop-ozone/integration-test/target/test-dir/MiniOzoneClusterImpl-b7bb7c95-97ac-4743-8c58-bec42c492c64/datanode-2/data/ratis/b990414c-c0cc-44ab-bdbd-20102601efaa has been successfully formatted.
2022-09-03 01:13:41,385 [pool-240-thread-1] INFO  ratis.ContainerStateMachine (ContainerStateMachine.java:loadSnapshot(236)) - group-20102601EFAA: The snapshot info is null. Setting the last applied indexto:(t:0, i:~)
2022-09-03 01:13:41,386 [pool-240-thread-1] INFO  server.RaftServerConfigKeys (ConfUtils.java:logGet(46)) - raft.server.notification.no-leader.timeout = 300s (custom)
2022-09-03 01:13:41,386 [pool-240-thread-1] INFO  server.RaftServerConfigKeys (ConfUtils.java:logGet(46)) - raft.server.log.use.memory = false (default)
2022-09-03 01:13:41,386 [pool-240-thread-1] INFO  server.RaftServerConfigKeys (ConfUtils.java:logGet(46)) - raft.server.log.purge.gap = 1000000 (custom)
2022-09-03 01:13:41,386 [pool-240-thread-1] INFO  server.RaftServerConfigKeys (ConfUtils.java:logGet(46)) - raft.server.log.appender.buffer.byte-limit = 33554432 (custom)
2022-09-03 01:13:41,386 [pool-240-thread-1] INFO  server.RaftServerConfigKeys (ConfUtils.java:logGet(46)) - raft.server.log.statemachine.data.read.timeout = 1000ms (default)
2022-09-03 01:13:41,386 [pool-240-thread-1] INFO  server.RaftServerConfigKeys (ConfUtils.java:logGet(46)) - raft.server.log.segment.size.max = 1048576 (custom)
2022-09-03 01:13:41,387 [pool-240-thread-1] INFO  server.RaftServerConfigKeys (ConfUtils.java:logGet(46)) - raft.server.log.segment.cache.num.max = 2 (custom)
2022-09-03 01:13:41,387 [pool-240-thread-1] INFO  server.RaftServerConfigKeys (ConfUtils.java:logGet(46)) - raft.server.log.segment.cache.size.max = 200MB (=209715200) (default)
2022-09-03 01:13:41,387 [pool-240-thread-1] INFO  segmented.SegmentedRaftLogWorker (SegmentedRaftLogWorker.java:<init>(187)) - new 9cdbf1d0-d280-4661-b2c7-fb859849bb8c@group-20102601EFAA-SegmentedRaftLogWorker for RaftStorageImpl:Storage Directory /home/runner/work/ozone/ozone/hadoop-ozone/integration-test/target/test-dir/MiniOzoneClusterImpl-b7bb7c95-97ac-4743-8c58-bec42c492c64/datanode-2/data/ratis/b990414c-c0cc-44ab-bdbd-20102601efaa
2022-09-03 01:13:41,387 [pool-240-thread-1] INFO  server.RaftServerConfigKeys (ConfUtils.java:logGet(46)) - raft.server.log.queue.byte-limit = 4294967296 (custom)
2022-09-03 01:13:41,387 [pool-240-thread-1] INFO  server.RaftServerConfigKeys (ConfUtils.java:logGet(46)) - raft.server.log.queue.element-limit = 1024 (custom)
2022-09-03 01:13:41,387 [pool-240-thread-1] INFO  server.RaftServerConfigKeys (ConfUtils.java:logGet(46)) - raft.server.log.segment.size.max = 1048576 (custom)
2022-09-03 01:13:41,387 [pool-240-thread-1] INFO  server.RaftServerConfigKeys (ConfUtils.java:logGet(46)) - raft.server.log.preallocated.size = 16384 (custom)
2022-09-03 01:13:41,388 [pool-240-thread-1] INFO  server.RaftServerConfigKeys (ConfUtils.java:logGet(46)) - raft.server.log.force.sync.num = 128 (default)
2022-09-03 01:13:41,388 [pool-240-thread-1] INFO  server.RaftServerConfigKeys (ConfUtils.java:logGet(46)) - raft.server.log.statemachine.data.sync = true (default)
2022-09-03 01:13:41,388 [pool-240-thread-1] INFO  server.RaftServerConfigKeys (ConfUtils.java:logGet(46)) - raft.server.log.statemachine.data.sync.timeout = 10s (default)
2022-09-03 01:13:41,388 [EventQueue-PipelineReportForPipelineReportHandler] INFO  pipeline.PipelineManagerImpl (PipelineManagerImpl.java:openPipeline(367)) - Pipeline Pipeline[ Id: b990414c-c0cc-44ab-bdbd-20102601efaa, Nodes: 9cdbf1d0-d280-4661-b2c7-fb859849bb8c{ip: 127.0.0.1, host: localhost, ports: [REPLICATION=40279, RATIS=32853, RATIS_ADMIN=32853, RATIS_SERVER=32853, STANDALONE=43651], networkLocation: /default-rack, certSerialId: null, persistedOpState: IN_SERVICE, persistedOpStateExpiryEpochSec: 0}, ReplicationConfig: RATIS/ONE, State:ALLOCATED, leaderId:9cdbf1d0-d280-4661-b2c7-fb859849bb8c, CreationTimestamp2022-09-03T01:13:38.397Z[Etc/UTC]] moved to OPEN state
2022-09-03 01:13:41,389 [EventQueue-PipelineReportForPipelineReportHandler] INFO  pipeline.PipelineManagerImpl (PipelineManagerImpl.java:openPipeline(367)) - Pipeline Pipeline[ Id: b990414c-c0cc-44ab-bdbd-20102601efaa, Nodes: 9cdbf1d0-d280-4661-b2c7-fb859849bb8c{ip: 127.0.0.1, host: localhost, ports: [REPLICATION=40279, RATIS=32853, RATIS_ADMIN=32853, RATIS_SERVER=32853, STANDALONE=43651], networkLocation: /default-rack, certSerialId: null, persistedOpState: IN_SERVICE, persistedOpStateExpiryEpochSec: 0}, ReplicationConfig: RATIS/ONE, State:ALLOCATED, leaderId:9cdbf1d0-d280-4661-b2c7-fb859849bb8c, CreationTimestamp2022-09-03T01:13:38.397Z[Etc/UTC]] moved to OPEN state
2022-09-03 01:13:41,391 [EventQueue-PipelineReportForPipelineReportHandler] INFO  pipeline.PipelineManagerImpl (PipelineManagerImpl.java:openPipeline(367)) - Pipeline Pipeline[ Id: b990414c-c0cc-44ab-bdbd-20102601efaa, Nodes: 9cdbf1d0-d280-4661-b2c7-fb859849bb8c{ip: 127.0.0.1, host: localhost, ports: [REPLICATION=40279, RATIS=32853, RATIS_ADMIN=32853, RATIS_SERVER=32853, STANDALONE=43651], networkLocation: /default-rack, certSerialId: null, persistedOpState: IN_SERVICE, persistedOpStateExpiryEpochSec: 0}, ReplicationConfig: RATIS/ONE, State:ALLOCATED, leaderId:9cdbf1d0-d280-4661-b2c7-fb859849bb8c, CreationTimestamp2022-09-03T01:13:38.397Z[Etc/UTC]] moved to OPEN state
2022-09-03 01:13:41,393 [Listener at 127.0.0.1/44253] INFO  ozone.MiniOzoneClusterImpl (MiniOzoneClusterImpl.java:lambda$waitForClusterToBeReady$0(216)) - Nodes are ready. Got 3 of 3 DN Heartbeats.
2022-09-03 01:13:41,393 [Listener at 127.0.0.1/44253] INFO  ozone.MiniOzoneClusterImpl (MiniOzoneClusterImpl.java:lambda$waitForClusterToBeReady$0(219)) - Waiting for cluster to exit safe mode
2022-09-03 01:13:41,393 [Listener at 127.0.0.1/44253] INFO  ozone.MiniOzoneClusterImpl (MiniOzoneClusterImpl.java:lambda$waitForClusterToBeReady$0(221)) - SCM became leader
2022-09-03 01:13:41,388 [pool-240-thread-1] INFO  server.RaftServerConfigKeys (ConfUtils.java:logGet(46)) - raft.server.log.statemachine.data.sync.timeout.retry = -1 (default)
2022-09-03 01:13:41,396 [pool-240-thread-1] INFO  server.RaftServerConfigKeys (ConfUtils.java:logGet(46)) - raft.server.log.write.buffer.size = 1048576 (custom)
2022-09-03 01:13:41,398 [pool-240-thread-1] INFO  server.RaftServerConfigKeys (ConfUtils.java:logGet(46)) - raft.server.log.unsafe-flush.enabled = false (default)
2022-09-03 01:13:41,398 [pool-240-thread-1] INFO  server.RaftServerConfigKeys (ConfUtils.java:logGet(46)) - raft.server.log.statemachine.data.caching.enabled = true (custom)
2022-09-03 01:13:41,398 [pool-240-thread-1] INFO  segmented.SegmentedRaftLogWorker (SegmentedRaftLogWorker.java:lambda$new$0(135)) - 9cdbf1d0-d280-4661-b2c7-fb859849bb8c@group-20102601EFAA-SegmentedRaftLogWorker: flushIndex: setUnconditionally 0 -> -1
2022-09-03 01:13:41,398 [pool-240-thread-1] INFO  segmented.SegmentedRaftLogWorker (SegmentedRaftLogWorker.java:lambda$new$0(135)) - 9cdbf1d0-d280-4661-b2c7-fb859849bb8c@group-20102601EFAA-SegmentedRaftLogWorker: safeCacheEvictIndex: setUnconditionally 0 -> -1
2022-09-03 01:13:41,399 [pool-240-thread-1] INFO  server.RaftServerConfigKeys (ConfUtils.java:logGet(46)) - raft.server.snapshot.auto.trigger.enabled = true (custom)
2022-09-03 01:13:41,399 [pool-240-thread-1] INFO  server.RaftServerConfigKeys (ConfUtils.java:logGet(46)) - raft.server.snapshot.auto.trigger.threshold = 10000 (custom)
2022-09-03 01:13:41,399 [pool-240-thread-1] INFO  server.RaftServerConfigKeys (ConfUtils.java:logGet(46)) - raft.server.snapshot.retention.file.num = 5 (custom)
2022-09-03 01:13:41,399 [pool-240-thread-1] INFO  server.RaftServerConfigKeys (ConfUtils.java:logGet(46)) - raft.server.log.purge.upto.snapshot.index = false (default)
2022-09-03 01:13:41,399 [pool-240-thread-1] INFO  server.RaftServerConfigKeys (ConfUtils.java:logGet(46)) - raft.server.retrycache.expirytime = 600000ms (custom)
2022-09-03 01:13:41,400 [pool-240-thread-1] INFO  server.RaftServerConfigKeys (ConfUtils.java:logGet(46)) - raft.server.retrycache.statistics.expirytime = 100μs (default)
2022-09-03 01:13:41,400 [5abf6683-c399-417c-b48d-34ddeee7dd89@group-BEC42C492C64-StateMachineUpdater] INFO  safemode.HealthyPipelineSafeModeRule (HealthyPipelineSafeModeRule.java:initializeRule(165)) - Refreshed total pipeline count is 0, healthy pipeline threshold count is 1
2022-09-03 01:13:41,401 [EventQueue-OpenPipelineForHealthyPipelineSafeModeRule] INFO  safemode.SCMSafeModeManager (HealthyPipelineSafeModeRule.java:process(137)) - SCM in safe mode. Healthy pipelines reported count is 0, required healthy pipeline reported count is 1
2022-09-03 01:13:41,402 [pool-240-thread-1] INFO  server.RaftServerConfigKeys (ConfUtils.java:logGet(46)) - raft.server.log.appender.install.snapshot.enabled = false (custom)
2022-09-03 01:13:41,402 [pool-240-thread-1] INFO  server.RaftServerConfigKeys (ConfUtils.java:logGet(46)) - raft.server.threadpool.server.cached = true (default)
2022-09-03 01:13:41,402 [pool-240-thread-1] INFO  server.RaftServerConfigKeys (ConfUtils.java:logGet(46)) - raft.server.threadpool.server.size = 0 (default)
2022-09-03 01:13:41,402 [pool-240-thread-1] INFO  server.RaftServerConfigKeys (ConfUtils.java:logGet(46)) - raft.server.threadpool.client.cached = true (default)
2022-09-03 01:13:41,402 [pool-240-thread-1] INFO  server.RaftServerConfigKeys (ConfUtils.java:logGet(46)) - raft.server.threadpool.client.size = 0 (default)
2022-09-03 01:13:41,402 [pool-240-thread-1] INFO  server.RaftServer$Division (RaftServerImpl.java:start(310)) - 9cdbf1d0-d280-4661-b2c7-fb859849bb8c@group-20102601EFAA: start as a follower, conf=-1: [9cdbf1d0-d280-4661-b2c7-fb859849bb8c|rpc:127.0.0.1:32853|priority:1], old=null
2022-09-03 01:13:41,402 [pool-240-thread-1] INFO  server.RaftServer$Division (RaftServerImpl.java:setRole(299)) - 9cdbf1d0-d280-4661-b2c7-fb859849bb8c@group-20102601EFAA: changes role from      null to FOLLOWER at term 0 for startAsFollower
2022-09-03 01:13:41,402 [pool-240-thread-1] INFO  impl.RoleInfo (RoleInfo.java:updateAndGet(139)) - 9cdbf1d0-d280-4661-b2c7-fb859849bb8c: start 9cdbf1d0-d280-4661-b2c7-fb859849bb8c@group-20102601EFAA-FollowerState
2022-09-03 01:13:41,403 [pool-240-thread-1] INFO  util.JmxRegister (JmxRegister.java:tryRegister(44)) - Successfully registered JMX Bean with object name Ratis:service=RaftServer,group=group-20102601EFAA,id=9cdbf1d0-d280-4661-b2c7-fb859849bb8c
2022-09-03 01:13:41,404 [Command processor thread] INFO  ratis.XceiverServerRatis (XceiverServerRatis.java:addGroup(765)) - Created group PipelineID=b990414c-c0cc-44ab-bdbd-20102601efaa
2022-09-03 01:13:41,404 [Command processor thread] INFO  commandhandler.CreatePipelineCommandHandler (CreatePipelineCommandHandler.java:handle(113)) - Created Pipeline RATIS ONE PipelineID=b990414c-c0cc-44ab-bdbd-20102601efaa.
2022-09-03 01:13:41,409 [de25ddac-3a80-4ed5-b6af-85fc97dbd7a2@group-BEC42C492C64-StateMachineUpdater] INFO  safemode.HealthyPipelineSafeModeRule (HealthyPipelineSafeModeRule.java:initializeRule(165)) - Refreshed total pipeline count is 0, healthy pipeline threshold count is 1
2022-09-03 01:13:41,411 [10e1d7e9-dd38-4db2-b0dc-1e40cbd54060@group-BEC42C492C64-StateMachineUpdater] INFO  safemode.HealthyPipelineSafeModeRule (HealthyPipelineSafeModeRule.java:initializeRule(165)) - Refreshed total pipeline count is 0, healthy pipeline threshold count is 1
2022-09-03 01:13:42,393 [Listener at 127.0.0.1/44253] INFO  ozone.MiniOzoneClusterImpl (MiniOzoneClusterImpl.java:lambda$waitForClusterToBeReady$0(216)) - Nodes are ready. Got 3 of 3 DN Heartbeats.
2022-09-03 01:13:42,393 [Listener at 127.0.0.1/44253] INFO  ozone.MiniOzoneClusterImpl (MiniOzoneClusterImpl.java:lambda$waitForClusterToBeReady$0(219)) - Waiting for cluster to exit safe mode
2022-09-03 01:13:42,393 [Listener at 127.0.0.1/44253] INFO  ozone.MiniOzoneClusterImpl (MiniOzoneClusterImpl.java:lambda$waitForClusterToBeReady$0(221)) - SCM became leader
2022-09-03 01:13:43,394 [Listener at 127.0.0.1/44253] INFO  ozone.MiniOzoneClusterImpl (MiniOzoneClusterImpl.java:lambda$waitForClusterToBeReady$0(216)) - Nodes are ready. Got 3 of 3 DN Heartbeats.
2022-09-03 01:13:43,394 [Listener at 127.0.0.1/44253] INFO  ozone.MiniOzoneClusterImpl (MiniOzoneClusterImpl.java:lambda$waitForClusterToBeReady$0(219)) - Waiting for cluster to exit safe mode
2022-09-03 01:13:43,394 [Listener at 127.0.0.1/44253] INFO  ozone.MiniOzoneClusterImpl (MiniOzoneClusterImpl.java:lambda$waitForClusterToBeReady$0(221)) - SCM became leader
2022-09-03 01:13:44,394 [Listener at 127.0.0.1/44253] INFO  ozone.MiniOzoneClusterImpl (MiniOzoneClusterImpl.java:lambda$waitForClusterToBeReady$0(216)) - Nodes are ready. Got 3 of 3 DN Heartbeats.
2022-09-03 01:13:44,394 [Listener at 127.0.0.1/44253] INFO  ozone.MiniOzoneClusterImpl (MiniOzoneClusterImpl.java:lambda$waitForClusterToBeReady$0(219)) - Waiting for cluster to exit safe mode
2022-09-03 01:13:44,394 [Listener at 127.0.0.1/44253] INFO  ozone.MiniOzoneClusterImpl (MiniOzoneClusterImpl.java:lambda$waitForClusterToBeReady$0(221)) - SCM became leader
2022-09-03 01:13:45,395 [Listener at 127.0.0.1/44253] INFO  ozone.MiniOzoneClusterImpl (MiniOzoneClusterImpl.java:lambda$waitForClusterToBeReady$0(216)) - Nodes are ready. Got 3 of 3 DN Heartbeats.
2022-09-03 01:13:45,395 [Listener at 127.0.0.1/44253] INFO  ozone.MiniOzoneClusterImpl (MiniOzoneClusterImpl.java:lambda$waitForClusterToBeReady$0(219)) - Waiting for cluster to exit safe mode
2022-09-03 01:13:45,395 [Listener at 127.0.0.1/44253] INFO  ozone.MiniOzoneClusterImpl (MiniOzoneClusterImpl.java:lambda$waitForClusterToBeReady$0(221)) - SCM became leader
2022-09-03 01:13:45,756 [10c77fab-dd91-442a-9529-86f26ad3973e@group-540472E43475-FollowerState] INFO  impl.FollowerState (FollowerState.java:run(143)) - 10c77fab-dd91-442a-9529-86f26ad3973e@group-540472E43475-FollowerState: change to CANDIDATE, lastRpcElapsedTime:5088613805ns, electionTimeout:5077ms
2022-09-03 01:13:45,756 [10c77fab-dd91-442a-9529-86f26ad3973e@group-540472E43475-FollowerState] INFO  impl.RoleInfo (RoleInfo.java:shutdownFollowerState(110)) - 10c77fab-dd91-442a-9529-86f26ad3973e: shutdown 10c77fab-dd91-442a-9529-86f26ad3973e@group-540472E43475-FollowerState
2022-09-03 01:13:45,757 [10c77fab-dd91-442a-9529-86f26ad3973e@group-540472E43475-FollowerState] INFO  server.RaftServer$Division (RaftServerImpl.java:setRole(299)) - 10c77fab-dd91-442a-9529-86f26ad3973e@group-540472E43475: changes role from  FOLLOWER to CANDIDATE at term 0 for changeToCandidate
2022-09-03 01:13:45,757 [10c77fab-dd91-442a-9529-86f26ad3973e@group-540472E43475-FollowerState] INFO  server.RaftServerConfigKeys (ConfUtils.java:logGet(46)) - raft.server.leaderelection.pre-vote = false (custom)
2022-09-03 01:13:45,757 [10c77fab-dd91-442a-9529-86f26ad3973e@group-540472E43475-FollowerState] INFO  impl.RoleInfo (RoleInfo.java:updateAndGet(139)) - 10c77fab-dd91-442a-9529-86f26ad3973e: start 10c77fab-dd91-442a-9529-86f26ad3973e@group-540472E43475-LeaderElection9
2022-09-03 01:13:45,763 [10c77fab-dd91-442a-9529-86f26ad3973e@group-540472E43475-LeaderElection9] INFO  impl.LeaderElection (LeaderElection.java:askForVotes(310)) - 10c77fab-dd91-442a-9529-86f26ad3973e@group-540472E43475-LeaderElection9 ELECTION round 0: submit vote requests at term 1 for -1: [10c77fab-dd91-442a-9529-86f26ad3973e|rpc:127.0.0.1:33509|priority:1], old=null
2022-09-03 01:13:45,763 [10c77fab-dd91-442a-9529-86f26ad3973e@group-540472E43475-LeaderElection9] INFO  impl.LeaderElection (LeaderElection.java:askForVotes(312)) - 10c77fab-dd91-442a-9529-86f26ad3973e@group-540472E43475-LeaderElection9 ELECTION round 0: result PASSED (term=1)
2022-09-03 01:13:45,763 [10c77fab-dd91-442a-9529-86f26ad3973e@group-540472E43475-LeaderElection9] INFO  impl.RoleInfo (RoleInfo.java:shutdownLeaderElection(130)) - 10c77fab-dd91-442a-9529-86f26ad3973e: shutdown 10c77fab-dd91-442a-9529-86f26ad3973e@group-540472E43475-LeaderElection9
2022-09-03 01:13:45,763 [10c77fab-dd91-442a-9529-86f26ad3973e@group-540472E43475-LeaderElection9] INFO  server.RaftServer$Division (RaftServerImpl.java:setRole(299)) - 10c77fab-dd91-442a-9529-86f26ad3973e@group-540472E43475: changes role from CANDIDATE to LEADER at term 1 for changeToLeader
2022-09-03 01:13:45,763 [10c77fab-dd91-442a-9529-86f26ad3973e@group-540472E43475-LeaderElection9] INFO  ratis.XceiverServerRatis (XceiverServerRatis.java:handleLeaderChangedNotification(863)) - Leader change notification received for group: group-540472E43475 with new leaderId: 10c77fab-dd91-442a-9529-86f26ad3973e
2022-09-03 01:13:45,764 [10c77fab-dd91-442a-9529-86f26ad3973e@group-540472E43475-LeaderElection9] INFO  server.RaftServer$Division (ServerState.java:setLeader(287)) - 10c77fab-dd91-442a-9529-86f26ad3973e@group-540472E43475: change Leader from null to 10c77fab-dd91-442a-9529-86f26ad3973e at term 1 for becomeLeader, leader elected after 5117ms
2022-09-03 01:13:45,764 [10c77fab-dd91-442a-9529-86f26ad3973e@group-540472E43475-LeaderElection9] INFO  server.RaftServerConfigKeys (ConfUtils.java:logGet(46)) - raft.server.staging.catchup.gap = 1000 (default)
2022-09-03 01:13:45,764 [10c77fab-dd91-442a-9529-86f26ad3973e@group-540472E43475-LeaderElection9] INFO  server.RaftServerConfigKeys (ConfUtils.java:logGet(46)) - raft.server.write.element-limit = 1024 (custom)
2022-09-03 01:13:45,764 [10c77fab-dd91-442a-9529-86f26ad3973e@group-540472E43475-LeaderElection9] INFO  server.RaftServerConfigKeys (ConfUtils.java:logGet(46)) - raft.server.write.byte-limit = 1024 M (=1073741824) (custom)
2022-09-03 01:13:45,765 [10c77fab-dd91-442a-9529-86f26ad3973e@group-540472E43475-LeaderElection9] INFO  server.RaftServerConfigKeys (ConfUtils.java:logGet(46)) - raft.server.watch.timeout = 180s (custom)
2022-09-03 01:13:45,765 [10c77fab-dd91-442a-9529-86f26ad3973e@group-540472E43475-LeaderElection9] INFO  server.RaftServerConfigKeys (ConfUtils.java:logGet(46)) - raft.server.watch.timeout.denomination = 1s (default)
2022-09-03 01:13:45,765 [10c77fab-dd91-442a-9529-86f26ad3973e@group-540472E43475-LeaderElection9] INFO  server.RaftServerConfigKeys (ConfUtils.java:logGet(46)) - raft.server.watch.element-limit = 65536 (default)
2022-09-03 01:13:45,765 [10c77fab-dd91-442a-9529-86f26ad3973e@group-540472E43475-LeaderElection9] INFO  server.RaftServerConfigKeys (ConfUtils.java:logGet(46)) - raft.server.write.element-limit = 1024 (custom)
2022-09-03 01:13:45,765 [10c77fab-dd91-442a-9529-86f26ad3973e@group-540472E43475-LeaderElection9] INFO  server.RaftServerConfigKeys (ConfUtils.java:logGet(46)) - raft.server.write.follower.gap.ratio.max = -1.0 (default)
2022-09-03 01:13:45,765 [10c77fab-dd91-442a-9529-86f26ad3973e@group-540472E43475-LeaderElection9] INFO  impl.RoleInfo (RoleInfo.java:updateAndGet(139)) - 10c77fab-dd91-442a-9529-86f26ad3973e: start 10c77fab-dd91-442a-9529-86f26ad3973e@group-540472E43475-LeaderStateImpl
2022-09-03 01:13:45,766 [10c77fab-dd91-442a-9529-86f26ad3973e@group-540472E43475-LeaderElection9] INFO  segmented.SegmentedRaftLogWorker (SegmentedRaftLogWorker.java:startLogSegment(425)) - 10c77fab-dd91-442a-9529-86f26ad3973e@group-540472E43475-SegmentedRaftLogWorker: Starting segment from index:0
2022-09-03 01:13:45,768 [EventQueue-OpenPipelineForHealthyPipelineSafeModeRule] INFO  safemode.SCMSafeModeManager (HealthyPipelineSafeModeRule.java:process(137)) - SCM in safe mode. Healthy pipelines reported count is 0, required healthy pipeline reported count is 1
2022-09-03 01:13:45,768 [EventQueue-OpenPipelineForHealthyPipelineSafeModeRule] INFO  safemode.SCMSafeModeManager (HealthyPipelineSafeModeRule.java:process(137)) - SCM in safe mode. Healthy pipelines reported count is 0, required healthy pipeline reported count is 1
2022-09-03 01:13:45,769 [EventQueue-OpenPipelineForHealthyPipelineSafeModeRule] INFO  safemode.SCMSafeModeManager (HealthyPipelineSafeModeRule.java:process(137)) - SCM in safe mode. Healthy pipelines reported count is 0, required healthy pipeline reported count is 1
2022-09-03 01:13:45,772 [10c77fab-dd91-442a-9529-86f26ad3973e@group-540472E43475-LeaderElection9] INFO  server.RaftServer$Division (ServerState.java:setRaftConf(393)) - 10c77fab-dd91-442a-9529-86f26ad3973e@group-540472E43475: set configuration 0: [10c77fab-dd91-442a-9529-86f26ad3973e|rpc:127.0.0.1:33509|dataStream:|priority:1], old=null
2022-09-03 01:13:45,774 [10c77fab-dd91-442a-9529-86f26ad3973e@group-540472E43475-SegmentedRaftLogWorker] INFO  segmented.SegmentedRaftLogWorker (SegmentedRaftLogWorker.java:execute(629)) - 10c77fab-dd91-442a-9529-86f26ad3973e@group-540472E43475-SegmentedRaftLogWorker: created new log segment /home/runner/work/ozone/ozone/hadoop-ozone/integration-test/target/test-dir/MiniOzoneClusterImpl-b7bb7c95-97ac-4743-8c58-bec42c492c64/datanode-0/data/ratis/726591df-393f-461b-bb3c-540472e43475/current/log_inprogress_0
2022-09-03 01:13:45,826 [10c77fab-dd91-442a-9529-86f26ad3973e@group-6CE1A9EDA204-FollowerState] INFO  impl.FollowerState (FollowerState.java:run(143)) - 10c77fab-dd91-442a-9529-86f26ad3973e@group-6CE1A9EDA204-FollowerState: change to CANDIDATE, lastRpcElapsedTime:5091307218ns, electionTimeout:5088ms
2022-09-03 01:13:45,826 [10c77fab-dd91-442a-9529-86f26ad3973e@group-6CE1A9EDA204-FollowerState] INFO  impl.RoleInfo (RoleInfo.java:shutdownFollowerState(110)) - 10c77fab-dd91-442a-9529-86f26ad3973e: shutdown 10c77fab-dd91-442a-9529-86f26ad3973e@group-6CE1A9EDA204-FollowerState
2022-09-03 01:13:45,826 [10c77fab-dd91-442a-9529-86f26ad3973e@group-6CE1A9EDA204-FollowerState] INFO  server.RaftServer$Division (RaftServerImpl.java:setRole(299)) - 10c77fab-dd91-442a-9529-86f26ad3973e@group-6CE1A9EDA204: changes role from  FOLLOWER to CANDIDATE at term 0 for changeToCandidate
2022-09-03 01:13:45,826 [10c77fab-dd91-442a-9529-86f26ad3973e@group-6CE1A9EDA204-FollowerState] INFO  server.RaftServerConfigKeys (ConfUtils.java:logGet(46)) - raft.server.leaderelection.pre-vote = false (custom)
2022-09-03 01:13:45,827 [10c77fab-dd91-442a-9529-86f26ad3973e@group-6CE1A9EDA204-FollowerState] INFO  impl.RoleInfo (RoleInfo.java:updateAndGet(139)) - 10c77fab-dd91-442a-9529-86f26ad3973e: start 10c77fab-dd91-442a-9529-86f26ad3973e@group-6CE1A9EDA204-LeaderElection10
2022-09-03 01:13:45,838 [10c77fab-dd91-442a-9529-86f26ad3973e@group-6CE1A9EDA204-LeaderElection10] INFO  impl.LeaderElection (LeaderElection.java:askForVotes(310)) - 10c77fab-dd91-442a-9529-86f26ad3973e@group-6CE1A9EDA204-LeaderElection10 ELECTION round 0: submit vote requests at term 1 for -1: [10c77fab-dd91-442a-9529-86f26ad3973e|rpc:127.0.0.1:33509|priority:1, c6a4e7bd-4491-4fc1-b57a-abeebaac5def|rpc:127.0.0.1:39013|priority:0, 9cdbf1d0-d280-4661-b2c7-fb859849bb8c|rpc:127.0.0.1:32853|priority:0], old=null
2022-09-03 01:13:45,855 [grpc-default-executor-1] INFO  server.RaftServer$Division (RaftServerImpl.java:requestVote(1152)) - c6a4e7bd-4491-4fc1-b57a-abeebaac5def@group-6CE1A9EDA204: receive requestVote(ELECTION, 10c77fab-dd91-442a-9529-86f26ad3973e, group-6CE1A9EDA204, 1, (t:0, i:0))
2022-09-03 01:13:45,855 [grpc-default-executor-1] INFO  impl.VoteContext (VoteContext.java:log(48)) - c6a4e7bd-4491-4fc1-b57a-abeebaac5def@group-6CE1A9EDA204-FOLLOWER: accept ELECTION from 10c77fab-dd91-442a-9529-86f26ad3973e: our priority 0 <= candidate's priority 1
2022-09-03 01:13:45,855 [grpc-default-executor-1] INFO  server.RaftServer$Division (RaftServerImpl.java:setRole(299)) - c6a4e7bd-4491-4fc1-b57a-abeebaac5def@group-6CE1A9EDA204: changes role from  FOLLOWER to FOLLOWER at term 1 for candidate:10c77fab-dd91-442a-9529-86f26ad3973e
2022-09-03 01:13:45,856 [grpc-default-executor-1] INFO  impl.RoleInfo (RoleInfo.java:shutdownFollowerState(110)) - c6a4e7bd-4491-4fc1-b57a-abeebaac5def: shutdown c6a4e7bd-4491-4fc1-b57a-abeebaac5def@group-6CE1A9EDA204-FollowerState
2022-09-03 01:13:45,856 [grpc-default-executor-1] INFO  impl.RoleInfo (RoleInfo.java:updateAndGet(139)) - c6a4e7bd-4491-4fc1-b57a-abeebaac5def: start c6a4e7bd-4491-4fc1-b57a-abeebaac5def@group-6CE1A9EDA204-FollowerState
2022-09-03 01:13:45,856 [c6a4e7bd-4491-4fc1-b57a-abeebaac5def@group-6CE1A9EDA204-FollowerState] INFO  impl.FollowerState (FollowerState.java:run(152)) - c6a4e7bd-4491-4fc1-b57a-abeebaac5def@group-6CE1A9EDA204-FollowerState was interrupted
2022-09-03 01:13:45,865 [grpc-default-executor-2] INFO  server.RaftServer$Division (RaftServerImpl.java:requestVote(1152)) - 9cdbf1d0-d280-4661-b2c7-fb859849bb8c@group-6CE1A9EDA204: receive requestVote(ELECTION, 10c77fab-dd91-442a-9529-86f26ad3973e, group-6CE1A9EDA204, 1, (t:0, i:0))
2022-09-03 01:13:45,865 [grpc-default-executor-2] INFO  impl.VoteContext (VoteContext.java:log(48)) - 9cdbf1d0-d280-4661-b2c7-fb859849bb8c@group-6CE1A9EDA204-FOLLOWER: accept ELECTION from 10c77fab-dd91-442a-9529-86f26ad3973e: our priority 0 <= candidate's priority 1
2022-09-03 01:13:45,865 [grpc-default-executor-2] INFO  server.RaftServer$Division (RaftServerImpl.java:setRole(299)) - 9cdbf1d0-d280-4661-b2c7-fb859849bb8c@group-6CE1A9EDA204: changes role from  FOLLOWER to FOLLOWER at term 1 for candidate:10c77fab-dd91-442a-9529-86f26ad3973e
2022-09-03 01:13:45,865 [grpc-default-executor-2] INFO  impl.RoleInfo (RoleInfo.java:shutdownFollowerState(110)) - 9cdbf1d0-d280-4661-b2c7-fb859849bb8c: shutdown 9cdbf1d0-d280-4661-b2c7-fb859849bb8c@group-6CE1A9EDA204-FollowerState
2022-09-03 01:13:45,866 [grpc-default-executor-2] INFO  impl.RoleInfo (RoleInfo.java:updateAndGet(139)) - 9cdbf1d0-d280-4661-b2c7-fb859849bb8c: start 9cdbf1d0-d280-4661-b2c7-fb859849bb8c@group-6CE1A9EDA204-FollowerState
2022-09-03 01:13:45,866 [9cdbf1d0-d280-4661-b2c7-fb859849bb8c@group-6CE1A9EDA204-FollowerState] INFO  impl.FollowerState (FollowerState.java:run(152)) - 9cdbf1d0-d280-4661-b2c7-fb859849bb8c@group-6CE1A9EDA204-FollowerState was interrupted
2022-09-03 01:13:45,866 [grpc-default-executor-1] INFO  server.RaftServer$Division (RaftServerImpl.java:requestVote(1184)) - c6a4e7bd-4491-4fc1-b57a-abeebaac5def@group-6CE1A9EDA204 replies to ELECTION vote request: 10c77fab-dd91-442a-9529-86f26ad3973e<-c6a4e7bd-4491-4fc1-b57a-abeebaac5def#0:OK-t1. Peer's state: c6a4e7bd-4491-4fc1-b57a-abeebaac5def@group-6CE1A9EDA204:t1, leader=null, voted=10c77fab-dd91-442a-9529-86f26ad3973e, raftlog=c6a4e7bd-4491-4fc1-b57a-abeebaac5def@group-6CE1A9EDA204-SegmentedRaftLog:OPENED:c-1, conf=-1: [10c77fab-dd91-442a-9529-86f26ad3973e|rpc:127.0.0.1:33509|dataStream:|priority:1, c6a4e7bd-4491-4fc1-b57a-abeebaac5def|rpc:127.0.0.1:39013|dataStream:|priority:0, 9cdbf1d0-d280-4661-b2c7-fb859849bb8c|rpc:127.0.0.1:32853|dataStream:|priority:0], old=null
2022-09-03 01:13:45,869 [grpc-default-executor-2] INFO  server.RaftServer$Division (RaftServerImpl.java:requestVote(1184)) - 9cdbf1d0-d280-4661-b2c7-fb859849bb8c@group-6CE1A9EDA204 replies to ELECTION vote request: 10c77fab-dd91-442a-9529-86f26ad3973e<-9cdbf1d0-d280-4661-b2c7-fb859849bb8c#0:OK-t1. Peer's state: 9cdbf1d0-d280-4661-b2c7-fb859849bb8c@group-6CE1A9EDA204:t1, leader=null, voted=10c77fab-dd91-442a-9529-86f26ad3973e, raftlog=9cdbf1d0-d280-4661-b2c7-fb859849bb8c@group-6CE1A9EDA204-SegmentedRaftLog:OPENED:c-1, conf=-1: [10c77fab-dd91-442a-9529-86f26ad3973e|rpc:127.0.0.1:33509|dataStream:|priority:1, c6a4e7bd-4491-4fc1-b57a-abeebaac5def|rpc:127.0.0.1:39013|dataStream:|priority:0, 9cdbf1d0-d280-4661-b2c7-fb859849bb8c|rpc:127.0.0.1:32853|dataStream:|priority:0], old=null
2022-09-03 01:13:45,872 [10c77fab-dd91-442a-9529-86f26ad3973e@group-6CE1A9EDA204-LeaderElection10] INFO  impl.LeaderElection (LeaderElection.java:logAndReturn(90)) - 10c77fab-dd91-442a-9529-86f26ad3973e@group-6CE1A9EDA204-LeaderElection10: ELECTION PASSED received 1 response(s) and 0 exception(s):
2022-09-03 01:13:45,872 [10c77fab-dd91-442a-9529-86f26ad3973e@group-6CE1A9EDA204-LeaderElection10] INFO  impl.LeaderElection (LeaderElection.java:logAndReturn(94)) -   Response 0: 10c77fab-dd91-442a-9529-86f26ad3973e<-c6a4e7bd-4491-4fc1-b57a-abeebaac5def#0:OK-t1
2022-09-03 01:13:45,872 [10c77fab-dd91-442a-9529-86f26ad3973e@group-6CE1A9EDA204-LeaderElection10] INFO  impl.LeaderElection (LeaderElection.java:askForVotes(312)) - 10c77fab-dd91-442a-9529-86f26ad3973e@group-6CE1A9EDA204-LeaderElection10 ELECTION round 0: result PASSED
2022-09-03 01:13:45,872 [10c77fab-dd91-442a-9529-86f26ad3973e@group-6CE1A9EDA204-LeaderElection10] INFO  impl.RoleInfo (RoleInfo.java:shutdownLeaderElection(130)) - 10c77fab-dd91-442a-9529-86f26ad3973e: shutdown 10c77fab-dd91-442a-9529-86f26ad3973e@group-6CE1A9EDA204-LeaderElection10
2022-09-03 01:13:45,872 [10c77fab-dd91-442a-9529-86f26ad3973e@group-6CE1A9EDA204-LeaderElection10] INFO  server.RaftServer$Division (RaftServerImpl.java:setRole(299)) - 10c77fab-dd91-442a-9529-86f26ad3973e@group-6CE1A9EDA204: changes role from CANDIDATE to LEADER at term 1 for changeToLeader
2022-09-03 01:13:45,872 [10c77fab-dd91-442a-9529-86f26ad3973e@group-6CE1A9EDA204-LeaderElection10] INFO  ratis.XceiverServerRatis (XceiverServerRatis.java:handleLeaderChangedNotification(863)) - Leader change notification received for group: group-6CE1A9EDA204 with new leaderId: 10c77fab-dd91-442a-9529-86f26ad3973e
2022-09-03 01:13:45,872 [10c77fab-dd91-442a-9529-86f26ad3973e@group-6CE1A9EDA204-LeaderElection10] INFO  server.RaftServer$Division (ServerState.java:setLeader(287)) - 10c77fab-dd91-442a-9529-86f26ad3973e@group-6CE1A9EDA204: change Leader from null to 10c77fab-dd91-442a-9529-86f26ad3973e at term 1 for becomeLeader, leader elected after 5160ms
2022-09-03 01:13:45,872 [10c77fab-dd91-442a-9529-86f26ad3973e@group-6CE1A9EDA204-LeaderElection10] INFO  server.RaftServerConfigKeys (ConfUtils.java:logGet(46)) - raft.server.staging.catchup.gap = 1000 (default)
2022-09-03 01:13:45,873 [10c77fab-dd91-442a-9529-86f26ad3973e@group-6CE1A9EDA204-LeaderElection10] INFO  server.RaftServerConfigKeys (ConfUtils.java:logGet(46)) - raft.server.write.element-limit = 1024 (custom)
2022-09-03 01:13:45,873 [10c77fab-dd91-442a-9529-86f26ad3973e@group-6CE1A9EDA204-LeaderElection10] INFO  server.RaftServerConfigKeys (ConfUtils.java:logGet(46)) - raft.server.write.byte-limit = 1024 M (=1073741824) (custom)
2022-09-03 01:13:45,873 [10c77fab-dd91-442a-9529-86f26ad3973e@group-6CE1A9EDA204-LeaderElection10] INFO  server.RaftServerConfigKeys (ConfUtils.java:logGet(46)) - raft.server.watch.timeout = 180s (custom)
2022-09-03 01:13:45,873 [10c77fab-dd91-442a-9529-86f26ad3973e@group-6CE1A9EDA204-LeaderElection10] INFO  server.RaftServerConfigKeys (ConfUtils.java:logGet(46)) - raft.server.watch.timeout.denomination = 1s (default)
2022-09-03 01:13:45,873 [10c77fab-dd91-442a-9529-86f26ad3973e@group-6CE1A9EDA204-LeaderElection10] INFO  server.RaftServerConfigKeys (ConfUtils.java:logGet(46)) - raft.server.watch.element-limit = 65536 (default)
2022-09-03 01:13:45,873 [10c77fab-dd91-442a-9529-86f26ad3973e@group-6CE1A9EDA204-LeaderElection10] INFO  server.RaftServerConfigKeys (ConfUtils.java:logGet(46)) - raft.server.write.element-limit = 1024 (custom)
2022-09-03 01:13:45,873 [10c77fab-dd91-442a-9529-86f26ad3973e@group-6CE1A9EDA204-LeaderElection10] INFO  server.RaftServerConfigKeys (ConfUtils.java:logGet(46)) - raft.server.write.follower.gap.ratio.max = -1.0 (default)
2022-09-03 01:13:45,874 [10c77fab-dd91-442a-9529-86f26ad3973e@group-6CE1A9EDA204-LeaderElection10] INFO  server.RaftServerConfigKeys (ConfUtils.java:logGet(46)) - raft.server.log.appender.snapshot.chunk.size.max = 16MB (=16777216) (default)
2022-09-03 01:13:45,874 [10c77fab-dd91-442a-9529-86f26ad3973e@group-6CE1A9EDA204-LeaderElection10] INFO  server.RaftServerConfigKeys (ConfUtils.java:logGet(46)) - raft.server.log.appender.buffer.byte-limit = 33554432 (custom)
2022-09-03 01:13:45,874 [10c77fab-dd91-442a-9529-86f26ad3973e@group-6CE1A9EDA204-LeaderElection10] INFO  server.RaftServerConfigKeys (ConfUtils.java:logGet(46)) - raft.server.log.appender.buffer.element-limit = 1 (custom)
2022-09-03 01:13:45,875 [10c77fab-dd91-442a-9529-86f26ad3973e@group-6CE1A9EDA204-LeaderElection10] INFO  grpc.GrpcConfigKeys (ConfUtils.java:logGet(46)) - raft.grpc.server.leader.outstanding.appends.max = 128 (default)
2022-09-03 01:13:45,875 [10c77fab-dd91-442a-9529-86f26ad3973e@group-6CE1A9EDA204-LeaderElection10] INFO  server.RaftServerConfigKeys (ConfUtils.java:logGet(46)) - raft.server.rpc.request.timeout = 60s (custom)
2022-09-03 01:13:45,875 [10c77fab-dd91-442a-9529-86f26ad3973e@group-6CE1A9EDA204-LeaderElection10] INFO  server.RaftServerConfigKeys (ConfUtils.java:logGet(46)) - raft.server.log.appender.install.snapshot.enabled = false (custom)
2022-09-03 01:13:45,876 [10c77fab-dd91-442a-9529-86f26ad3973e@group-6CE1A9EDA204-LeaderElection10] INFO  server.RaftServerConfigKeys (ConfUtils.java:logGet(46)) - raft.server.log.appender.snapshot.chunk.size.max = 16MB (=16777216) (default)
2022-09-03 01:13:45,876 [10c77fab-dd91-442a-9529-86f26ad3973e@group-6CE1A9EDA204-LeaderElection10] INFO  server.RaftServerConfigKeys (ConfUtils.java:logGet(46)) - raft.server.log.appender.buffer.byte-limit = 33554432 (custom)
2022-09-03 01:13:45,876 [10c77fab-dd91-442a-9529-86f26ad3973e@group-6CE1A9EDA204-LeaderElection10] INFO  server.RaftServerConfigKeys (ConfUtils.java:logGet(46)) - raft.server.log.appender.buffer.element-limit = 1 (custom)
2022-09-03 01:13:45,877 [10c77fab-dd91-442a-9529-86f26ad3973e@group-6CE1A9EDA204-LeaderElection10] INFO  grpc.GrpcConfigKeys (ConfUtils.java:logGet(46)) - raft.grpc.server.leader.outstanding.appends.max = 128 (default)
2022-09-03 01:13:45,877 [10c77fab-dd91-442a-9529-86f26ad3973e@group-6CE1A9EDA204-LeaderElection10] INFO  server.RaftServerConfigKeys (ConfUtils.java:logGet(46)) - raft.server.rpc.request.timeout = 60s (custom)
2022-09-03 01:13:45,877 [10c77fab-dd91-442a-9529-86f26ad3973e@group-6CE1A9EDA204-LeaderElection10] INFO  server.RaftServerConfigKeys (ConfUtils.java:logGet(46)) - raft.server.log.appender.install.snapshot.enabled = false (custom)
2022-09-03 01:13:45,877 [10c77fab-dd91-442a-9529-86f26ad3973e@group-6CE1A9EDA204-LeaderElection10] INFO  impl.RoleInfo (RoleInfo.java:updateAndGet(139)) - 10c77fab-dd91-442a-9529-86f26ad3973e: start 10c77fab-dd91-442a-9529-86f26ad3973e@group-6CE1A9EDA204-LeaderStateImpl
2022-09-03 01:13:45,877 [10c77fab-dd91-442a-9529-86f26ad3973e@group-6CE1A9EDA204-LeaderElection10] INFO  segmented.SegmentedRaftLogWorker (SegmentedRaftLogWorker.java:startLogSegment(425)) - 10c77fab-dd91-442a-9529-86f26ad3973e@group-6CE1A9EDA204-SegmentedRaftLogWorker: Starting segment from index:0
2022-09-03 01:13:45,880 [EventQueue-PipelineReportForPipelineReportHandler] INFO  pipeline.PipelineManagerImpl (PipelineManagerImpl.java:openPipeline(367)) - Pipeline Pipeline[ Id: 5eb1a04a-56ce-49c9-b289-6ce1a9eda204, Nodes: 9cdbf1d0-d280-4661-b2c7-fb859849bb8c{ip: 127.0.0.1, host: localhost, ports: [REPLICATION=40279, RATIS=32853, RATIS_ADMIN=32853, RATIS_SERVER=32853, STANDALONE=43651], networkLocation: /default-rack, certSerialId: null, persistedOpState: IN_SERVICE, persistedOpStateExpiryEpochSec: 0}10c77fab-dd91-442a-9529-86f26ad3973e{ip: 127.0.0.1, host: localhost, ports: [REPLICATION=38753, RATIS=33509, RATIS_ADMIN=33509, RATIS_SERVER=33509, STANDALONE=45003], networkLocation: /default-rack, certSerialId: null, persistedOpState: IN_SERVICE, persistedOpStateExpiryEpochSec: 0}c6a4e7bd-4491-4fc1-b57a-abeebaac5def{ip: 127.0.0.1, host: localhost, ports: [REPLICATION=44415, RATIS=39013, RATIS_ADMIN=39013, RATIS_SERVER=39013, STANDALONE=43169], networkLocation: /default-rack, certSerialId: null, persistedOpState: IN_SERVICE, persistedOpStateExpiryEpochSec: 0}, ReplicationConfig: RATIS/THREE, State:ALLOCATED, leaderId:10c77fab-dd91-442a-9529-86f26ad3973e, CreationTimestamp2022-09-03T01:13:38.431Z[Etc/UTC]] moved to OPEN state
2022-09-03 01:13:45,881 [EventQueue-PipelineReportForPipelineReportHandler] INFO  pipeline.PipelineManagerImpl (PipelineManagerImpl.java:openPipeline(367)) - Pipeline Pipeline[ Id: 5eb1a04a-56ce-49c9-b289-6ce1a9eda204, Nodes: 9cdbf1d0-d280-4661-b2c7-fb859849bb8c{ip: 127.0.0.1, host: localhost, ports: [REPLICATION=40279, RATIS=32853, RATIS_ADMIN=32853, RATIS_SERVER=32853, STANDALONE=43651], networkLocation: /default-rack, certSerialId: null, persistedOpState: IN_SERVICE, persistedOpStateExpiryEpochSec: 0}10c77fab-dd91-442a-9529-86f26ad3973e{ip: 127.0.0.1, host: localhost, ports: [REPLICATION=38753, RATIS=33509, RATIS_ADMIN=33509, RATIS_SERVER=33509, STANDALONE=45003], networkLocation: /default-rack, certSerialId: null, persistedOpState: IN_SERVICE, persistedOpStateExpiryEpochSec: 0}c6a4e7bd-4491-4fc1-b57a-abeebaac5def{ip: 127.0.0.1, host: localhost, ports: [REPLICATION=44415, RATIS=39013, RATIS_ADMIN=39013, RATIS_SERVER=39013, STANDALONE=43169], networkLocation: /default-rack, certSerialId: null, persistedOpState: IN_SERVICE, persistedOpStateExpiryEpochSec: 0}, ReplicationConfig: RATIS/THREE, State:ALLOCATED, leaderId:10c77fab-dd91-442a-9529-86f26ad3973e, CreationTimestamp2022-09-03T01:13:38.431Z[Etc/UTC]] moved to OPEN state
2022-09-03 01:13:45,882 [EventQueue-OpenPipelineForHealthyPipelineSafeModeRule] INFO  safemode.SCMSafeModeManager (HealthyPipelineSafeModeRule.java:process(137)) - SCM in safe mode. Healthy pipelines reported count is 0, required healthy pipeline reported count is 1
2022-09-03 01:13:45,882 [EventQueue-OpenPipelineForHealthyPipelineSafeModeRule] INFO  safemode.SCMSafeModeManager (HealthyPipelineSafeModeRule.java:process(137)) - SCM in safe mode. Healthy pipelines reported count is 0, required healthy pipeline reported count is 1
2022-09-03 01:13:45,883 [EventQueue-PipelineReportForPipelineReportHandler] INFO  pipeline.PipelineManagerImpl (PipelineManagerImpl.java:openPipeline(367)) - Pipeline Pipeline[ Id: 5eb1a04a-56ce-49c9-b289-6ce1a9eda204, Nodes: 9cdbf1d0-d280-4661-b2c7-fb859849bb8c{ip: 127.0.0.1, host: localhost, ports: [REPLICATION=40279, RATIS=32853, RATIS_ADMIN=32853, RATIS_SERVER=32853, STANDALONE=43651], networkLocation: /default-rack, certSerialId: null, persistedOpState: IN_SERVICE, persistedOpStateExpiryEpochSec: 0}10c77fab-dd91-442a-9529-86f26ad3973e{ip: 127.0.0.1, host: localhost, ports: [REPLICATION=38753, RATIS=33509, RATIS_ADMIN=33509, RATIS_SERVER=33509, STANDALONE=45003], networkLocation: /default-rack, certSerialId: null, persistedOpState: IN_SERVICE, persistedOpStateExpiryEpochSec: 0}c6a4e7bd-4491-4fc1-b57a-abeebaac5def{ip: 127.0.0.1, host: localhost, ports: [REPLICATION=44415, RATIS=39013, RATIS_ADMIN=39013, RATIS_SERVER=39013, STANDALONE=43169], networkLocation: /default-rack, certSerialId: null, persistedOpState: IN_SERVICE, persistedOpStateExpiryEpochSec: 0}, ReplicationConfig: RATIS/THREE, State:ALLOCATED, leaderId:10c77fab-dd91-442a-9529-86f26ad3973e, CreationTimestamp2022-09-03T01:13:38.431Z[Etc/UTC]] moved to OPEN state
2022-09-03 01:13:45,883 [EventQueue-OpenPipelineForHealthyPipelineSafeModeRule] INFO  safemode.SCMSafeModeManager (HealthyPipelineSafeModeRule.java:process(137)) - SCM in safe mode. Healthy pipelines reported count is 0, required healthy pipeline reported count is 1
2022-09-03 01:13:45,886 [10c77fab-dd91-442a-9529-86f26ad3973e@group-6CE1A9EDA204-SegmentedRaftLogWorker] INFO  segmented.SegmentedRaftLogWorker (SegmentedRaftLogWorker.java:execute(629)) - 10c77fab-dd91-442a-9529-86f26ad3973e@group-6CE1A9EDA204-SegmentedRaftLogWorker: created new log segment /home/runner/work/ozone/ozone/hadoop-ozone/integration-test/target/test-dir/MiniOzoneClusterImpl-b7bb7c95-97ac-4743-8c58-bec42c492c64/datanode-0/data/ratis/5eb1a04a-56ce-49c9-b289-6ce1a9eda204/current/log_inprogress_0
2022-09-03 01:13:45,889 [5abf6683-c399-417c-b48d-34ddeee7dd89@group-BEC42C492C64-StateMachineUpdater] INFO  safemode.HealthyPipelineSafeModeRule (HealthyPipelineSafeModeRule.java:initializeRule(165)) - Refreshed total pipeline count is 1, healthy pipeline threshold count is 1
2022-09-03 01:13:45,889 [EventQueue-OpenPipelineForHealthyPipelineSafeModeRule] INFO  safemode.SCMSafeModeManager (HealthyPipelineSafeModeRule.java:process(137)) - SCM in safe mode. Healthy pipelines reported count is 1, required healthy pipeline reported count is 1
2022-09-03 01:13:45,889 [EventQueue-OpenPipelineForHealthyPipelineSafeModeRule] INFO  safemode.SCMSafeModeManager (SCMSafeModeManager.java:validateSafeModeExitRules(204)) - HealthyPipelineSafeModeRule rule is successfully validated
2022-09-03 01:13:45,889 [EventQueue-OpenPipelineForHealthyPipelineSafeModeRule] INFO  safemode.SCMSafeModeManager (SCMSafeModeManager.java:validateSafeModeExitRules(219)) - ScmSafeModeManager, all rules are successfully validated
2022-09-03 01:13:45,889 [EventQueue-OpenPipelineForHealthyPipelineSafeModeRule] INFO  safemode.SCMSafeModeManager (SCMSafeModeManager.java:exitSafeMode(248)) - SCM exiting safe mode.
2022-09-03 01:13:45,889 [EventQueue-OpenPipelineForHealthyPipelineSafeModeRule] WARN  events.EventQueue (EventQueue.java:fireEvent(216)) - No event handler registered for event TypedEvent{payloadType=SafeModeStatus, name='Safe mode status'}
2022-09-03 01:13:45,889 [EventQueue-OpenPipelineForHealthyPipelineSafeModeRule] INFO  ha.SCMContext (SCMContext.java:updateSafeModeStatus(228)) - Update SafeModeStatus from SafeModeStatus{safeModeStatus=true, preCheckPassed=true} to SafeModeStatus{safeModeStatus=false, preCheckPassed=true}.
2022-09-03 01:13:45,889 [EventQueue-OpenPipelineForHealthyPipelineSafeModeRule] INFO  BackgroundPipelineScrubber (BackgroundSCMService.java:notifyStatusChanged(82)) - Service BackgroundPipelineScrubber transitions to RUNNING.
2022-09-03 01:13:45,890 [EventQueue-OpenPipelineForHealthyPipelineSafeModeRule] INFO  ExpiredContainerReplicaOpScrubber (BackgroundSCMService.java:notifyStatusChanged(82)) - Service ExpiredContainerReplicaOpScrubber transitions to RUNNING.
2022-09-03 01:13:45,890 [EventQueue-OpenPipelineForHealthyPipelineSafeModeRule] INFO  UnderReplicatedQueueThread (BackgroundSCMService.java:notifyStatusChanged(82)) - Service UnderReplicatedQueueThread transitions to RUNNING.
2022-09-03 01:13:45,890 [EventQueue-OpenPipelineForHealthyPipelineSafeModeRule] INFO  OverReplicatedQueueThread (BackgroundSCMService.java:notifyStatusChanged(82)) - Service OverReplicatedQueueThread transitions to RUNNING.
2022-09-03 01:13:45,890 [EventQueue-OpenPipelineForHealthyPipelineSafeModeRule] INFO  replication.ReplicationManager (ReplicationManager.java:notifyStatusChanged(764)) - Service ReplicationManager transitions to RUNNING.
2022-09-03 01:13:45,894 [EventQueue-OpenPipelineForHealthyPipelineSafeModeRule] WARN  balancer.ContainerBalancer (ContainerBalancer.java:shouldRun(925)) - Could not find persisted configuration for ContainerBalancer when checking if ContainerBalancer should run. ContainerBalancer should not run now.
2022-09-03 01:13:45,895 [10e1d7e9-dd38-4db2-b0dc-1e40cbd54060@group-BEC42C492C64-StateMachineUpdater] INFO  safemode.HealthyPipelineSafeModeRule (HealthyPipelineSafeModeRule.java:initializeRule(165)) - Refreshed total pipeline count is 1, healthy pipeline threshold count is 1
2022-09-03 01:13:45,902 [10c77fab-dd91-442a-9529-86f26ad3973e@group-6CE1A9EDA204-LeaderElection10] INFO  server.RaftServer$Division (ServerState.java:setRaftConf(393)) - 10c77fab-dd91-442a-9529-86f26ad3973e@group-6CE1A9EDA204: set configuration 0: [10c77fab-dd91-442a-9529-86f26ad3973e|rpc:127.0.0.1:33509|dataStream:|priority:1, c6a4e7bd-4491-4fc1-b57a-abeebaac5def|rpc:127.0.0.1:39013|dataStream:|priority:0, 9cdbf1d0-d280-4661-b2c7-fb859849bb8c|rpc:127.0.0.1:32853|dataStream:|priority:0], old=null
2022-09-03 01:13:45,904 [c6a4e7bd-4491-4fc1-b57a-abeebaac5def-server-thread1] INFO  ratis.XceiverServerRatis (XceiverServerRatis.java:handleLeaderChangedNotification(863)) - Leader change notification received for group: group-6CE1A9EDA204 with new leaderId: 10c77fab-dd91-442a-9529-86f26ad3973e
2022-09-03 01:13:45,904 [c6a4e7bd-4491-4fc1-b57a-abeebaac5def-server-thread1] INFO  server.RaftServer$Division (ServerState.java:setLeader(287)) - c6a4e7bd-4491-4fc1-b57a-abeebaac5def@group-6CE1A9EDA204: change Leader from null to 10c77fab-dd91-442a-9529-86f26ad3973e at term 1 for appendEntries, leader elected after 5020ms
2022-09-03 01:13:45,913 [9cdbf1d0-d280-4661-b2c7-fb859849bb8c-server-thread1] INFO  ratis.XceiverServerRatis (XceiverServerRatis.java:handleLeaderChangedNotification(863)) - Leader change notification received for group: group-6CE1A9EDA204 with new leaderId: 10c77fab-dd91-442a-9529-86f26ad3973e
2022-09-03 01:13:45,913 [9cdbf1d0-d280-4661-b2c7-fb859849bb8c-server-thread1] INFO  server.RaftServer$Division (ServerState.java:setLeader(287)) - 9cdbf1d0-d280-4661-b2c7-fb859849bb8c@group-6CE1A9EDA204: change Leader from null to 10c77fab-dd91-442a-9529-86f26ad3973e at term 1 for appendEntries, leader elected after 5088ms
2022-09-03 01:13:45,915 [de25ddac-3a80-4ed5-b6af-85fc97dbd7a2@group-BEC42C492C64-StateMachineUpdater] INFO  safemode.HealthyPipelineSafeModeRule (HealthyPipelineSafeModeRule.java:initializeRule(165)) - Refreshed total pipeline count is 1, healthy pipeline threshold count is 1
2022-09-03 01:13:45,917 [c6a4e7bd-4491-4fc1-b57a-abeebaac5def-server-thread1] INFO  server.RaftServer$Division (ServerState.java:setRaftConf(393)) - c6a4e7bd-4491-4fc1-b57a-abeebaac5def@group-6CE1A9EDA204: set configuration 0: [10c77fab-dd91-442a-9529-86f26ad3973e|rpc:127.0.0.1:33509|dataStream:|priority:1, c6a4e7bd-4491-4fc1-b57a-abeebaac5def|rpc:127.0.0.1:39013|dataStream:|priority:0, 9cdbf1d0-d280-4661-b2c7-fb859849bb8c|rpc:127.0.0.1:32853|dataStream:|priority:0], old=null
2022-09-03 01:13:45,917 [c6a4e7bd-4491-4fc1-b57a-abeebaac5def-server-thread1] INFO  segmented.SegmentedRaftLogWorker (SegmentedRaftLogWorker.java:startLogSegment(425)) - c6a4e7bd-4491-4fc1-b57a-abeebaac5def@group-6CE1A9EDA204-SegmentedRaftLogWorker: Starting segment from index:0
2022-09-03 01:13:45,919 [c6a4e7bd-4491-4fc1-b57a-abeebaac5def@group-6CE1A9EDA204-SegmentedRaftLogWorker] INFO  segmented.SegmentedRaftLogWorker (SegmentedRaftLogWorker.java:execute(629)) - c6a4e7bd-4491-4fc1-b57a-abeebaac5def@group-6CE1A9EDA204-SegmentedRaftLogWorker: created new log segment /home/runner/work/ozone/ozone/hadoop-ozone/integration-test/target/test-dir/MiniOzoneClusterImpl-b7bb7c95-97ac-4743-8c58-bec42c492c64/datanode-1/data/ratis/5eb1a04a-56ce-49c9-b289-6ce1a9eda204/current/log_inprogress_0
2022-09-03 01:13:45,925 [9cdbf1d0-d280-4661-b2c7-fb859849bb8c-server-thread1] INFO  server.RaftServer$Division (ServerState.java:setRaftConf(393)) - 9cdbf1d0-d280-4661-b2c7-fb859849bb8c@group-6CE1A9EDA204: set configuration 0: [10c77fab-dd91-442a-9529-86f26ad3973e|rpc:127.0.0.1:33509|dataStream:|priority:1, c6a4e7bd-4491-4fc1-b57a-abeebaac5def|rpc:127.0.0.1:39013|dataStream:|priority:0, 9cdbf1d0-d280-4661-b2c7-fb859849bb8c|rpc:127.0.0.1:32853|dataStream:|priority:0], old=null
2022-09-03 01:13:45,925 [9cdbf1d0-d280-4661-b2c7-fb859849bb8c-server-thread1] INFO  segmented.SegmentedRaftLogWorker (SegmentedRaftLogWorker.java:startLogSegment(425)) - 9cdbf1d0-d280-4661-b2c7-fb859849bb8c@group-6CE1A9EDA204-SegmentedRaftLogWorker: Starting segment from index:0
2022-09-03 01:13:45,928 [9cdbf1d0-d280-4661-b2c7-fb859849bb8c@group-6CE1A9EDA204-SegmentedRaftLogWorker] INFO  segmented.SegmentedRaftLogWorker (SegmentedRaftLogWorker.java:execute(629)) - 9cdbf1d0-d280-4661-b2c7-fb859849bb8c@group-6CE1A9EDA204-SegmentedRaftLogWorker: created new log segment /home/runner/work/ozone/ozone/hadoop-ozone/integration-test/target/test-dir/MiniOzoneClusterImpl-b7bb7c95-97ac-4743-8c58-bec42c492c64/datanode-2/data/ratis/5eb1a04a-56ce-49c9-b289-6ce1a9eda204/current/log_inprogress_0
2022-09-03 01:13:45,963 [10c77fab-dd91-442a-9529-86f26ad3973e@group-758C24CFFA84-FollowerState] INFO  impl.FollowerState (FollowerState.java:run(143)) - 10c77fab-dd91-442a-9529-86f26ad3973e@group-758C24CFFA84-FollowerState: change to CANDIDATE, lastRpcElapsedTime:5036624611ns, electionTimeout:5035ms
2022-09-03 01:13:45,963 [10c77fab-dd91-442a-9529-86f26ad3973e@group-758C24CFFA84-FollowerState] INFO  impl.RoleInfo (RoleInfo.java:shutdownFollowerState(110)) - 10c77fab-dd91-442a-9529-86f26ad3973e: shutdown 10c77fab-dd91-442a-9529-86f26ad3973e@group-758C24CFFA84-FollowerState
2022-09-03 01:13:45,963 [10c77fab-dd91-442a-9529-86f26ad3973e@group-758C24CFFA84-FollowerState] INFO  server.RaftServer$Division (RaftServerImpl.java:setRole(299)) - 10c77fab-dd91-442a-9529-86f26ad3973e@group-758C24CFFA84: changes role from  FOLLOWER to CANDIDATE at term 0 for changeToCandidate
2022-09-03 01:13:45,964 [10c77fab-dd91-442a-9529-86f26ad3973e@group-758C24CFFA84-FollowerState] INFO  server.RaftServerConfigKeys (ConfUtils.java:logGet(46)) - raft.server.leaderelection.pre-vote = false (custom)
2022-09-03 01:13:45,964 [10c77fab-dd91-442a-9529-86f26ad3973e@group-758C24CFFA84-FollowerState] INFO  impl.RoleInfo (RoleInfo.java:updateAndGet(139)) - 10c77fab-dd91-442a-9529-86f26ad3973e: start 10c77fab-dd91-442a-9529-86f26ad3973e@group-758C24CFFA84-LeaderElection11
2022-09-03 01:13:45,967 [10c77fab-dd91-442a-9529-86f26ad3973e@group-758C24CFFA84-LeaderElection11] INFO  impl.LeaderElection (LeaderElection.java:askForVotes(310)) - 10c77fab-dd91-442a-9529-86f26ad3973e@group-758C24CFFA84-LeaderElection11 ELECTION round 0: submit vote requests at term 1 for -1: [10c77fab-dd91-442a-9529-86f26ad3973e|rpc:127.0.0.1:33509|priority:0, c6a4e7bd-4491-4fc1-b57a-abeebaac5def|rpc:127.0.0.1:39013|priority:0, 9cdbf1d0-d280-4661-b2c7-fb859849bb8c|rpc:127.0.0.1:32853|priority:1], old=null
2022-09-03 01:13:45,971 [grpc-default-executor-3] INFO  server.RaftServer$Division (RaftServerImpl.java:requestVote(1152)) - 9cdbf1d0-d280-4661-b2c7-fb859849bb8c@group-758C24CFFA84: receive requestVote(ELECTION, 10c77fab-dd91-442a-9529-86f26ad3973e, group-758C24CFFA84, 1, (t:0, i:0))
2022-09-03 01:13:45,971 [grpc-default-executor-3] INFO  impl.VoteContext (VoteContext.java:log(48)) - 9cdbf1d0-d280-4661-b2c7-fb859849bb8c@group-758C24CFFA84-FOLLOWER: reject ELECTION from 10c77fab-dd91-442a-9529-86f26ad3973e: our priority 1 > candidate's priority 0
2022-09-03 01:13:45,971 [grpc-default-executor-3] INFO  server.RaftServer$Division (RaftServerImpl.java:setRole(299)) - 9cdbf1d0-d280-4661-b2c7-fb859849bb8c@group-758C24CFFA84: changes role from  FOLLOWER to FOLLOWER at term 1 for candidate:10c77fab-dd91-442a-9529-86f26ad3973e
2022-09-03 01:13:45,971 [grpc-default-executor-3] INFO  impl.RoleInfo (RoleInfo.java:shutdownFollowerState(110)) - 9cdbf1d0-d280-4661-b2c7-fb859849bb8c: shutdown 9cdbf1d0-d280-4661-b2c7-fb859849bb8c@group-758C24CFFA84-FollowerState
2022-09-03 01:13:45,971 [grpc-default-executor-3] INFO  impl.RoleInfo (RoleInfo.java:updateAndGet(139)) - 9cdbf1d0-d280-4661-b2c7-fb859849bb8c: start 9cdbf1d0-d280-4661-b2c7-fb859849bb8c@group-758C24CFFA84-FollowerState
2022-09-03 01:13:45,971 [9cdbf1d0-d280-4661-b2c7-fb859849bb8c@group-758C24CFFA84-FollowerState] INFO  impl.FollowerState (FollowerState.java:run(152)) - 9cdbf1d0-d280-4661-b2c7-fb859849bb8c@group-758C24CFFA84-FollowerState was interrupted
2022-09-03 01:13:45,977 [grpc-default-executor-3] INFO  server.RaftServer$Division (RaftServerImpl.java:requestVote(1184)) - 9cdbf1d0-d280-4661-b2c7-fb859849bb8c@group-758C24CFFA84 replies to ELECTION vote request: 10c77fab-dd91-442a-9529-86f26ad3973e<-9cdbf1d0-d280-4661-b2c7-fb859849bb8c#0:FAIL-t1. Peer's state: 9cdbf1d0-d280-4661-b2c7-fb859849bb8c@group-758C24CFFA84:t1, leader=null, voted=null, raftlog=9cdbf1d0-d280-4661-b2c7-fb859849bb8c@group-758C24CFFA84-SegmentedRaftLog:OPENED:c-1, conf=-1: [10c77fab-dd91-442a-9529-86f26ad3973e|rpc:127.0.0.1:33509|dataStream:|priority:0, c6a4e7bd-4491-4fc1-b57a-abeebaac5def|rpc:127.0.0.1:39013|dataStream:|priority:0, 9cdbf1d0-d280-4661-b2c7-fb859849bb8c|rpc:127.0.0.1:32853|dataStream:|priority:1], old=null
2022-09-03 01:13:45,978 [10c77fab-dd91-442a-9529-86f26ad3973e@group-758C24CFFA84-LeaderElection11] INFO  impl.LeaderElection (LeaderElection.java:logAndReturn(90)) - 10c77fab-dd91-442a-9529-86f26ad3973e@group-758C24CFFA84-LeaderElection11: ELECTION REJECTED received 1 response(s) and 0 exception(s):
2022-09-03 01:13:45,978 [10c77fab-dd91-442a-9529-86f26ad3973e@group-758C24CFFA84-LeaderElection11] INFO  impl.LeaderElection (LeaderElection.java:logAndReturn(94)) -   Response 0: 10c77fab-dd91-442a-9529-86f26ad3973e<-9cdbf1d0-d280-4661-b2c7-fb859849bb8c#0:FAIL-t1
2022-09-03 01:13:45,978 [10c77fab-dd91-442a-9529-86f26ad3973e@group-758C24CFFA84-LeaderElection11] INFO  impl.LeaderElection (LeaderElection.java:askForVotes(312)) - 10c77fab-dd91-442a-9529-86f26ad3973e@group-758C24CFFA84-LeaderElection11 ELECTION round 0: result REJECTED
2022-09-03 01:13:45,978 [10c77fab-dd91-442a-9529-86f26ad3973e@group-758C24CFFA84-LeaderElection11] INFO  server.RaftServer$Division (RaftServerImpl.java:setRole(299)) - 10c77fab-dd91-442a-9529-86f26ad3973e@group-758C24CFFA84: changes role from CANDIDATE to FOLLOWER at term 1 for REJECTED
2022-09-03 01:13:45,978 [10c77fab-dd91-442a-9529-86f26ad3973e@group-758C24CFFA84-LeaderElection11] INFO  impl.RoleInfo (RoleInfo.java:shutdownLeaderElection(130)) - 10c77fab-dd91-442a-9529-86f26ad3973e: shutdown 10c77fab-dd91-442a-9529-86f26ad3973e@group-758C24CFFA84-LeaderElection11
2022-09-03 01:13:45,978 [10c77fab-dd91-442a-9529-86f26ad3973e@group-758C24CFFA84-LeaderElection11] INFO  impl.RoleInfo (RoleInfo.java:updateAndGet(139)) - 10c77fab-dd91-442a-9529-86f26ad3973e: start 10c77fab-dd91-442a-9529-86f26ad3973e@group-758C24CFFA84-FollowerState
2022-09-03 01:13:45,978 [grpc-default-executor-3] INFO  server.RaftServer$Division (RaftServerImpl.java:requestVote(1152)) - c6a4e7bd-4491-4fc1-b57a-abeebaac5def@group-758C24CFFA84: receive requestVote(ELECTION, 10c77fab-dd91-442a-9529-86f26ad3973e, group-758C24CFFA84, 1, (t:0, i:0))
2022-09-03 01:13:45,979 [grpc-default-executor-3] INFO  impl.VoteContext (VoteContext.java:log(48)) - c6a4e7bd-4491-4fc1-b57a-abeebaac5def@group-758C24CFFA84-FOLLOWER: accept ELECTION from 10c77fab-dd91-442a-9529-86f26ad3973e: our priority 0 <= candidate's priority 0
2022-09-03 01:13:45,979 [grpc-default-executor-3] INFO  server.RaftServer$Division (RaftServerImpl.java:setRole(299)) - c6a4e7bd-4491-4fc1-b57a-abeebaac5def@group-758C24CFFA84: changes role from  FOLLOWER to FOLLOWER at term 1 for candidate:10c77fab-dd91-442a-9529-86f26ad3973e
2022-09-03 01:13:45,979 [grpc-default-executor-3] INFO  impl.RoleInfo (RoleInfo.java:shutdownFollowerState(110)) - c6a4e7bd-4491-4fc1-b57a-abeebaac5def: shutdown c6a4e7bd-4491-4fc1-b57a-abeebaac5def@group-758C24CFFA84-FollowerState
2022-09-03 01:13:45,981 [grpc-default-executor-3] INFO  impl.RoleInfo (RoleInfo.java:updateAndGet(139)) - c6a4e7bd-4491-4fc1-b57a-abeebaac5def: start c6a4e7bd-4491-4fc1-b57a-abeebaac5def@group-758C24CFFA84-FollowerState
2022-09-03 01:13:45,981 [c6a4e7bd-4491-4fc1-b57a-abeebaac5def@group-758C24CFFA84-FollowerState] INFO  impl.FollowerState (FollowerState.java:run(152)) - c6a4e7bd-4491-4fc1-b57a-abeebaac5def@group-758C24CFFA84-FollowerState was interrupted
2022-09-03 01:13:45,988 [grpc-default-executor-3] INFO  server.RaftServer$Division (RaftServerImpl.java:requestVote(1184)) - c6a4e7bd-4491-4fc1-b57a-abeebaac5def@group-758C24CFFA84 replies to ELECTION vote request: 10c77fab-dd91-442a-9529-86f26ad3973e<-c6a4e7bd-4491-4fc1-b57a-abeebaac5def#0:OK-t1. Peer's state: c6a4e7bd-4491-4fc1-b57a-abeebaac5def@group-758C24CFFA84:t1, leader=null, voted=10c77fab-dd91-442a-9529-86f26ad3973e, raftlog=c6a4e7bd-4491-4fc1-b57a-abeebaac5def@group-758C24CFFA84-SegmentedRaftLog:OPENED:c-1, conf=-1: [10c77fab-dd91-442a-9529-86f26ad3973e|rpc:127.0.0.1:33509|dataStream:|priority:0, c6a4e7bd-4491-4fc1-b57a-abeebaac5def|rpc:127.0.0.1:39013|dataStream:|priority:0, 9cdbf1d0-d280-4661-b2c7-fb859849bb8c|rpc:127.0.0.1:32853|dataStream:|priority:1], old=null
2022-09-03 01:13:46,254 [c6a4e7bd-4491-4fc1-b57a-abeebaac5def@group-37D0217F35F7-FollowerState] INFO  impl.FollowerState (FollowerState.java:run(143)) - c6a4e7bd-4491-4fc1-b57a-abeebaac5def@group-37D0217F35F7-FollowerState: change to CANDIDATE, lastRpcElapsedTime:5167287024ns, electionTimeout:5160ms
2022-09-03 01:13:46,254 [c6a4e7bd-4491-4fc1-b57a-abeebaac5def@group-37D0217F35F7-FollowerState] INFO  impl.RoleInfo (RoleInfo.java:shutdownFollowerState(110)) - c6a4e7bd-4491-4fc1-b57a-abeebaac5def: shutdown c6a4e7bd-4491-4fc1-b57a-abeebaac5def@group-37D0217F35F7-FollowerState
2022-09-03 01:13:46,254 [c6a4e7bd-4491-4fc1-b57a-abeebaac5def@group-37D0217F35F7-FollowerState] INFO  server.RaftServer$Division (RaftServerImpl.java:setRole(299)) - c6a4e7bd-4491-4fc1-b57a-abeebaac5def@group-37D0217F35F7: changes role from  FOLLOWER to CANDIDATE at term 0 for changeToCandidate
2022-09-03 01:13:46,254 [c6a4e7bd-4491-4fc1-b57a-abeebaac5def@group-37D0217F35F7-FollowerState] INFO  server.RaftServerConfigKeys (ConfUtils.java:logGet(46)) - raft.server.leaderelection.pre-vote = false (custom)
2022-09-03 01:13:46,255 [c6a4e7bd-4491-4fc1-b57a-abeebaac5def@group-37D0217F35F7-FollowerState] INFO  impl.RoleInfo (RoleInfo.java:updateAndGet(139)) - c6a4e7bd-4491-4fc1-b57a-abeebaac5def: start c6a4e7bd-4491-4fc1-b57a-abeebaac5def@group-37D0217F35F7-LeaderElection12
2022-09-03 01:13:46,258 [c6a4e7bd-4491-4fc1-b57a-abeebaac5def@group-37D0217F35F7-LeaderElection12] INFO  impl.LeaderElection (LeaderElection.java:askForVotes(310)) - c6a4e7bd-4491-4fc1-b57a-abeebaac5def@group-37D0217F35F7-LeaderElection12 ELECTION round 0: submit vote requests at term 1 for -1: [c6a4e7bd-4491-4fc1-b57a-abeebaac5def|rpc:127.0.0.1:39013|priority:1], old=null
2022-09-03 01:13:46,259 [c6a4e7bd-4491-4fc1-b57a-abeebaac5def@group-37D0217F35F7-LeaderElection12] INFO  impl.LeaderElection (LeaderElection.java:askForVotes(312)) - c6a4e7bd-4491-4fc1-b57a-abeebaac5def@group-37D0217F35F7-LeaderElection12 ELECTION round 0: result PASSED (term=1)
2022-09-03 01:13:46,259 [c6a4e7bd-4491-4fc1-b57a-abeebaac5def@group-37D0217F35F7-LeaderElection12] INFO  impl.RoleInfo (RoleInfo.java:shutdownLeaderElection(130)) - c6a4e7bd-4491-4fc1-b57a-abeebaac5def: shutdown c6a4e7bd-4491-4fc1-b57a-abeebaac5def@group-37D0217F35F7-LeaderElection12
2022-09-03 01:13:46,259 [c6a4e7bd-4491-4fc1-b57a-abeebaac5def@group-37D0217F35F7-LeaderElection12] INFO  server.RaftServer$Division (RaftServerImpl.java:setRole(299)) - c6a4e7bd-4491-4fc1-b57a-abeebaac5def@group-37D0217F35F7: changes role from CANDIDATE to LEADER at term 1 for changeToLeader
2022-09-03 01:13:46,259 [c6a4e7bd-4491-4fc1-b57a-abeebaac5def@group-37D0217F35F7-LeaderElection12] INFO  ratis.XceiverServerRatis (XceiverServerRatis.java:handleLeaderChangedNotification(863)) - Leader change notification received for group: group-37D0217F35F7 with new leaderId: c6a4e7bd-4491-4fc1-b57a-abeebaac5def
2022-09-03 01:13:46,262 [EventQueue-OpenPipelineForHealthyPipelineSafeModeRule] INFO  safemode.SCMSafeModeManager (HealthyPipelineSafeModeRule.java:process(137)) - SCM in safe mode. Healthy pipelines reported count is 0, required healthy pipeline reported count is 1
2022-09-03 01:13:46,262 [EventQueue-OpenPipelineForHealthyPipelineSafeModeRule] INFO  safemode.SCMSafeModeManager (HealthyPipelineSafeModeRule.java:process(137)) - SCM in safe mode. Healthy pipelines reported count is 1, required healthy pipeline reported count is 1
2022-09-03 01:13:46,262 [EventQueue-OpenPipelineForHealthyPipelineSafeModeRule] INFO  safemode.SCMSafeModeManager (SCMSafeModeManager.java:validateSafeModeExitRules(204)) - HealthyPipelineSafeModeRule rule is successfully validated
2022-09-03 01:13:46,262 [EventQueue-OpenPipelineForHealthyPipelineSafeModeRule] INFO  safemode.SCMSafeModeManager (SCMSafeModeManager.java:validateSafeModeExitRules(219)) - ScmSafeModeManager, all rules are successfully validated
2022-09-03 01:13:46,262 [EventQueue-OpenPipelineForHealthyPipelineSafeModeRule] INFO  safemode.SCMSafeModeManager (SCMSafeModeManager.java:exitSafeMode(248)) - SCM exiting safe mode.
2022-09-03 01:13:46,262 [EventQueue-OpenPipelineForHealthyPipelineSafeModeRule] WARN  events.EventQueue (EventQueue.java:fireEvent(216)) - No event handler registered for event TypedEvent{payloadType=SafeModeStatus, name='Safe mode status'}
2022-09-03 01:13:46,262 [EventQueue-OpenPipelineForHealthyPipelineSafeModeRule] INFO  ha.SCMContext (SCMContext.java:updateSafeModeStatus(228)) - Update SafeModeStatus from SafeModeStatus{safeModeStatus=true, preCheckPassed=true} to SafeModeStatus{safeModeStatus=false, preCheckPassed=true}.
2022-09-03 01:13:46,263 [EventQueue-OpenPipelineForHealthyPipelineSafeModeRule] INFO  safemode.SCMSafeModeManager (HealthyPipelineSafeModeRule.java:process(137)) - SCM in safe mode. Healthy pipelines reported count is 0, required healthy pipeline reported count is 1
2022-09-03 01:13:46,263 [EventQueue-OpenPipelineForHealthyPipelineSafeModeRule] INFO  safemode.SCMSafeModeManager (HealthyPipelineSafeModeRule.java:process(137)) - SCM in safe mode. Healthy pipelines reported count is 1, required healthy pipeline reported count is 1
2022-09-03 01:13:46,264 [EventQueue-OpenPipelineForHealthyPipelineSafeModeRule] INFO  safemode.SCMSafeModeManager (SCMSafeModeManager.java:validateSafeModeExitRules(204)) - HealthyPipelineSafeModeRule rule is successfully validated
2022-09-03 01:13:46,264 [EventQueue-OpenPipelineForHealthyPipelineSafeModeRule] INFO  safemode.SCMSafeModeManager (SCMSafeModeManager.java:validateSafeModeExitRules(219)) - ScmSafeModeManager, all rules are successfully validated
2022-09-03 01:13:46,264 [EventQueue-OpenPipelineForHealthyPipelineSafeModeRule] INFO  safemode.SCMSafeModeManager (SCMSafeModeManager.java:exitSafeMode(248)) - SCM exiting safe mode.
2022-09-03 01:13:46,264 [EventQueue-OpenPipelineForHealthyPipelineSafeModeRule] WARN  events.EventQueue (EventQueue.java:fireEvent(216)) - No event handler registered for event TypedEvent{payloadType=SafeModeStatus, name='Safe mode status'}
2022-09-03 01:13:46,265 [EventQueue-OpenPipelineForHealthyPipelineSafeModeRule] INFO  ha.SCMContext (SCMContext.java:updateSafeModeStatus(228)) - Update SafeModeStatus from SafeModeStatus{safeModeStatus=true, preCheckPassed=true} to SafeModeStatus{safeModeStatus=false, preCheckPassed=true}.
2022-09-03 01:13:46,265 [c6a4e7bd-4491-4fc1-b57a-abeebaac5def@group-37D0217F35F7-LeaderElection12] INFO  server.RaftServer$Division (ServerState.java:setLeader(287)) - c6a4e7bd-4491-4fc1-b57a-abeebaac5def@group-37D0217F35F7: change Leader from null to c6a4e7bd-4491-4fc1-b57a-abeebaac5def at term 1 for becomeLeader, leader elected after 5188ms
2022-09-03 01:13:46,266 [c6a4e7bd-4491-4fc1-b57a-abeebaac5def@group-37D0217F35F7-LeaderElection12] INFO  server.RaftServerConfigKeys (ConfUtils.java:logGet(46)) - raft.server.staging.catchup.gap = 1000 (default)
2022-09-03 01:13:46,266 [c6a4e7bd-4491-4fc1-b57a-abeebaac5def@group-37D0217F35F7-LeaderElection12] INFO  server.RaftServerConfigKeys (ConfUtils.java:logGet(46)) - raft.server.write.element-limit = 1024 (custom)
2022-09-03 01:13:46,266 [c6a4e7bd-4491-4fc1-b57a-abeebaac5def@group-37D0217F35F7-LeaderElection12] INFO  server.RaftServerConfigKeys (ConfUtils.java:logGet(46)) - raft.server.write.byte-limit = 1024 M (=1073741824) (custom)
2022-09-03 01:13:46,266 [c6a4e7bd-4491-4fc1-b57a-abeebaac5def@group-37D0217F35F7-LeaderElection12] INFO  server.RaftServerConfigKeys (ConfUtils.java:logGet(46)) - raft.server.watch.timeout = 180s (custom)
2022-09-03 01:13:46,266 [c6a4e7bd-4491-4fc1-b57a-abeebaac5def@group-37D0217F35F7-LeaderElection12] INFO  server.RaftServerConfigKeys (ConfUtils.java:logGet(46)) - raft.server.watch.timeout.denomination = 1s (default)
2022-09-03 01:13:46,266 [c6a4e7bd-4491-4fc1-b57a-abeebaac5def@group-37D0217F35F7-LeaderElection12] INFO  server.RaftServerConfigKeys (ConfUtils.java:logGet(46)) - raft.server.watch.element-limit = 65536 (default)
2022-09-03 01:13:46,267 [c6a4e7bd-4491-4fc1-b57a-abeebaac5def@group-37D0217F35F7-LeaderElection12] INFO  server.RaftServerConfigKeys (ConfUtils.java:logGet(46)) - raft.server.write.element-limit = 1024 (custom)
2022-09-03 01:13:46,267 [c6a4e7bd-4491-4fc1-b57a-abeebaac5def@group-37D0217F35F7-LeaderElection12] INFO  server.RaftServerConfigKeys (ConfUtils.java:logGet(46)) - raft.server.write.follower.gap.ratio.max = -1.0 (default)
2022-09-03 01:13:46,267 [c6a4e7bd-4491-4fc1-b57a-abeebaac5def@group-37D0217F35F7-LeaderElection12] INFO  impl.RoleInfo (RoleInfo.java:updateAndGet(139)) - c6a4e7bd-4491-4fc1-b57a-abeebaac5def: start c6a4e7bd-4491-4fc1-b57a-abeebaac5def@group-37D0217F35F7-LeaderStateImpl
2022-09-03 01:13:46,267 [c6a4e7bd-4491-4fc1-b57a-abeebaac5def@group-37D0217F35F7-LeaderElection12] INFO  segmented.SegmentedRaftLogWorker (SegmentedRaftLogWorker.java:startLogSegment(425)) - c6a4e7bd-4491-4fc1-b57a-abeebaac5def@group-37D0217F35F7-SegmentedRaftLogWorker: Starting segment from index:0
2022-09-03 01:13:46,269 [c6a4e7bd-4491-4fc1-b57a-abeebaac5def@group-37D0217F35F7-LeaderElection12] INFO  server.RaftServer$Division (ServerState.java:setRaftConf(393)) - c6a4e7bd-4491-4fc1-b57a-abeebaac5def@group-37D0217F35F7: set configuration 0: [c6a4e7bd-4491-4fc1-b57a-abeebaac5def|rpc:127.0.0.1:39013|dataStream:|priority:1], old=null
2022-09-03 01:13:46,269 [c6a4e7bd-4491-4fc1-b57a-abeebaac5def@group-37D0217F35F7-SegmentedRaftLogWorker] INFO  segmented.SegmentedRaftLogWorker (SegmentedRaftLogWorker.java:execute(629)) - c6a4e7bd-4491-4fc1-b57a-abeebaac5def@group-37D0217F35F7-SegmentedRaftLogWorker: created new log segment /home/runner/work/ozone/ozone/hadoop-ozone/integration-test/target/test-dir/MiniOzoneClusterImpl-b7bb7c95-97ac-4743-8c58-bec42c492c64/datanode-1/data/ratis/af093f03-d7dd-4708-8e81-37d0217f35f7/current/log_inprogress_0
2022-09-03 01:13:46,395 [Listener at 127.0.0.1/44253] INFO  ozone.MiniOzoneClusterImpl (MiniOzoneClusterImpl.java:lambda$waitForClusterToBeReady$0(216)) - Nodes are ready. Got 3 of 3 DN Heartbeats.
2022-09-03 01:13:46,395 [Listener at 127.0.0.1/44253] INFO  ozone.MiniOzoneClusterImpl (MiniOzoneClusterImpl.java:lambda$waitForClusterToBeReady$0(219)) - Cluster exits safe mode
2022-09-03 01:13:46,396 [Listener at 127.0.0.1/44253] INFO  ozone.MiniOzoneClusterImpl (MiniOzoneClusterImpl.java:lambda$waitForClusterToBeReady$0(221)) - SCM became leader
2022-09-03 01:13:46,527 [9cdbf1d0-d280-4661-b2c7-fb859849bb8c@group-20102601EFAA-FollowerState] INFO  impl.FollowerState (FollowerState.java:run(143)) - 9cdbf1d0-d280-4661-b2c7-fb859849bb8c@group-20102601EFAA-FollowerState: change to CANDIDATE, lastRpcElapsedTime:5124631525ns, electionTimeout:5123ms
2022-09-03 01:13:46,527 [9cdbf1d0-d280-4661-b2c7-fb859849bb8c@group-20102601EFAA-FollowerState] INFO  impl.RoleInfo (RoleInfo.java:shutdownFollowerState(110)) - 9cdbf1d0-d280-4661-b2c7-fb859849bb8c: shutdown 9cdbf1d0-d280-4661-b2c7-fb859849bb8c@group-20102601EFAA-FollowerState
2022-09-03 01:13:46,527 [9cdbf1d0-d280-4661-b2c7-fb859849bb8c@group-20102601EFAA-FollowerState] INFO  server.RaftServer$Division (RaftServerImpl.java:setRole(299)) - 9cdbf1d0-d280-4661-b2c7-fb859849bb8c@group-20102601EFAA: changes role from  FOLLOWER to CANDIDATE at term 0 for changeToCandidate
2022-09-03 01:13:46,527 [9cdbf1d0-d280-4661-b2c7-fb859849bb8c@group-20102601EFAA-FollowerState] INFO  server.RaftServerConfigKeys (ConfUtils.java:logGet(46)) - raft.server.leaderelection.pre-vote = false (custom)
2022-09-03 01:13:46,527 [9cdbf1d0-d280-4661-b2c7-fb859849bb8c@group-20102601EFAA-FollowerState] INFO  impl.RoleInfo (RoleInfo.java:updateAndGet(139)) - 9cdbf1d0-d280-4661-b2c7-fb859849bb8c: start 9cdbf1d0-d280-4661-b2c7-fb859849bb8c@group-20102601EFAA-LeaderElection13
2022-09-03 01:13:46,534 [9cdbf1d0-d280-4661-b2c7-fb859849bb8c@group-20102601EFAA-LeaderElection13] INFO  impl.LeaderElection (LeaderElection.java:askForVotes(310)) - 9cdbf1d0-d280-4661-b2c7-fb859849bb8c@group-20102601EFAA-LeaderElection13 ELECTION round 0: submit vote requests at term 1 for -1: [9cdbf1d0-d280-4661-b2c7-fb859849bb8c|rpc:127.0.0.1:32853|priority:1], old=null
2022-09-03 01:13:46,534 [9cdbf1d0-d280-4661-b2c7-fb859849bb8c@group-20102601EFAA-LeaderElection13] INFO  impl.LeaderElection (LeaderElection.java:askForVotes(312)) - 9cdbf1d0-d280-4661-b2c7-fb859849bb8c@group-20102601EFAA-LeaderElection13 ELECTION round 0: result PASSED (term=1)
2022-09-03 01:13:46,534 [9cdbf1d0-d280-4661-b2c7-fb859849bb8c@group-20102601EFAA-LeaderElection13] INFO  impl.RoleInfo (RoleInfo.java:shutdownLeaderElection(130)) - 9cdbf1d0-d280-4661-b2c7-fb859849bb8c: shutdown 9cdbf1d0-d280-4661-b2c7-fb859849bb8c@group-20102601EFAA-LeaderElection13
2022-09-03 01:13:46,534 [9cdbf1d0-d280-4661-b2c7-fb859849bb8c@group-20102601EFAA-LeaderElection13] INFO  server.RaftServer$Division (RaftServerImpl.java:setRole(299)) - 9cdbf1d0-d280-4661-b2c7-fb859849bb8c@group-20102601EFAA: changes role from CANDIDATE to LEADER at term 1 for changeToLeader
2022-09-03 01:13:46,534 [9cdbf1d0-d280-4661-b2c7-fb859849bb8c@group-20102601EFAA-LeaderElection13] INFO  ratis.XceiverServerRatis (XceiverServerRatis.java:handleLeaderChangedNotification(863)) - Leader change notification received for group: group-20102601EFAA with new leaderId: 9cdbf1d0-d280-4661-b2c7-fb859849bb8c
2022-09-03 01:13:46,537 [9cdbf1d0-d280-4661-b2c7-fb859849bb8c@group-20102601EFAA-LeaderElection13] INFO  server.RaftServer$Division (ServerState.java:setLeader(287)) - 9cdbf1d0-d280-4661-b2c7-fb859849bb8c@group-20102601EFAA: change Leader from null to 9cdbf1d0-d280-4661-b2c7-fb859849bb8c at term 1 for becomeLeader, leader elected after 5148ms
2022-09-03 01:13:46,537 [9cdbf1d0-d280-4661-b2c7-fb859849bb8c@group-20102601EFAA-LeaderElection13] INFO  server.RaftServerConfigKeys (ConfUtils.java:logGet(46)) - raft.server.staging.catchup.gap = 1000 (default)
2022-09-03 01:13:46,538 [9cdbf1d0-d280-4661-b2c7-fb859849bb8c@group-20102601EFAA-LeaderElection13] INFO  server.RaftServerConfigKeys (ConfUtils.java:logGet(46)) - raft.server.write.element-limit = 1024 (custom)
2022-09-03 01:13:46,538 [9cdbf1d0-d280-4661-b2c7-fb859849bb8c@group-20102601EFAA-LeaderElection13] INFO  server.RaftServerConfigKeys (ConfUtils.java:logGet(46)) - raft.server.write.byte-limit = 1024 M (=1073741824) (custom)
2022-09-03 01:13:46,540 [9cdbf1d0-d280-4661-b2c7-fb859849bb8c@group-20102601EFAA-LeaderElection13] INFO  server.RaftServerConfigKeys (ConfUtils.java:logGet(46)) - raft.server.watch.timeout = 180s (custom)
2022-09-03 01:13:46,540 [9cdbf1d0-d280-4661-b2c7-fb859849bb8c@group-20102601EFAA-LeaderElection13] INFO  server.RaftServerConfigKeys (ConfUtils.java:logGet(46)) - raft.server.watch.timeout.denomination = 1s (default)
2022-09-03 01:13:46,540 [9cdbf1d0-d280-4661-b2c7-fb859849bb8c@group-20102601EFAA-LeaderElection13] INFO  server.RaftServerConfigKeys (ConfUtils.java:logGet(46)) - raft.server.watch.element-limit = 65536 (default)
2022-09-03 01:13:46,540 [9cdbf1d0-d280-4661-b2c7-fb859849bb8c@group-20102601EFAA-LeaderElection13] INFO  server.RaftServerConfigKeys (ConfUtils.java:logGet(46)) - raft.server.write.element-limit = 1024 (custom)
2022-09-03 01:13:46,540 [9cdbf1d0-d280-4661-b2c7-fb859849bb8c@group-20102601EFAA-LeaderElection13] INFO  server.RaftServerConfigKeys (ConfUtils.java:logGet(46)) - raft.server.write.follower.gap.ratio.max = -1.0 (default)
2022-09-03 01:13:46,540 [9cdbf1d0-d280-4661-b2c7-fb859849bb8c@group-20102601EFAA-LeaderElection13] INFO  impl.RoleInfo (RoleInfo.java:updateAndGet(139)) - 9cdbf1d0-d280-4661-b2c7-fb859849bb8c: start 9cdbf1d0-d280-4661-b2c7-fb859849bb8c@group-20102601EFAA-LeaderStateImpl
2022-09-03 01:13:46,540 [9cdbf1d0-d280-4661-b2c7-fb859849bb8c@group-20102601EFAA-LeaderElection13] INFO  segmented.SegmentedRaftLogWorker (SegmentedRaftLogWorker.java:startLogSegment(425)) - 9cdbf1d0-d280-4661-b2c7-fb859849bb8c@group-20102601EFAA-SegmentedRaftLogWorker: Starting segment from index:0
2022-09-03 01:13:46,542 [9cdbf1d0-d280-4661-b2c7-fb859849bb8c@group-20102601EFAA-SegmentedRaftLogWorker] INFO  segmented.SegmentedRaftLogWorker (SegmentedRaftLogWorker.java:execute(629)) - 9cdbf1d0-d280-4661-b2c7-fb859849bb8c@group-20102601EFAA-SegmentedRaftLogWorker: created new log segment /home/runner/work/ozone/ozone/hadoop-ozone/integration-test/target/test-dir/MiniOzoneClusterImpl-b7bb7c95-97ac-4743-8c58-bec42c492c64/datanode-2/data/ratis/b990414c-c0cc-44ab-bdbd-20102601efaa/current/log_inprogress_0
2022-09-03 01:13:46,545 [9cdbf1d0-d280-4661-b2c7-fb859849bb8c@group-20102601EFAA-LeaderElection13] INFO  server.RaftServer$Division (ServerState.java:setRaftConf(393)) - 9cdbf1d0-d280-4661-b2c7-fb859849bb8c@group-20102601EFAA: set configuration 0: [9cdbf1d0-d280-4661-b2c7-fb859849bb8c|rpc:127.0.0.1:32853|dataStream:|priority:1], old=null
2022-09-03 01:13:46,865 [IPC Server handler 0 on default port 45463] INFO  ha.SCMNodeInfo (SCMNodeInfo.java:getPort(197)) - ConfigKey ozone.scm.client.address is deprecated, For configuring different ports for each SCM use PortConfigKey ozone.scm.client.port appended with serviceId and nodeId
2022-09-03 01:13:46,865 [IPC Server handler 0 on default port 45463] INFO  ha.SCMNodeInfo (SCMNodeInfo.java:getPort(197)) - ConfigKey ozone.scm.block.client.address is deprecated, For configuring different ports for each SCM use PortConfigKey ozone.scm.block.client.port appended with serviceId and nodeId
2022-09-03 01:13:46,865 [IPC Server handler 0 on default port 45463] INFO  ha.SCMNodeInfo (SCMNodeInfo.java:getPort(197)) - ConfigKey ozone.scm.datanode.address is deprecated, For configuring different ports for each SCM use PortConfigKey ozone.scm.datanode.port appended with serviceId and nodeId
2022-09-03 01:13:46,865 [IPC Server handler 0 on default port 45463] INFO  ha.SCMNodeInfo (SCMNodeInfo.java:getPort(197)) - ConfigKey ozone.scm.client.address is deprecated, For configuring different ports for each SCM use PortConfigKey ozone.scm.client.port appended with serviceId and nodeId
2022-09-03 01:13:46,865 [IPC Server handler 0 on default port 45463] INFO  ha.SCMNodeInfo (SCMNodeInfo.java:getPort(197)) - ConfigKey ozone.scm.block.client.address is deprecated, For configuring different ports for each SCM use PortConfigKey ozone.scm.block.client.port appended with serviceId and nodeId
2022-09-03 01:13:46,866 [IPC Server handler 0 on default port 45463] INFO  ha.SCMNodeInfo (SCMNodeInfo.java:getPort(197)) - ConfigKey ozone.scm.datanode.address is deprecated, For configuring different ports for each SCM use PortConfigKey ozone.scm.datanode.port appended with serviceId and nodeId
2022-09-03 01:13:46,866 [IPC Server handler 0 on default port 45463] INFO  ha.SCMNodeInfo (SCMNodeInfo.java:getPort(197)) - ConfigKey ozone.scm.client.address is deprecated, For configuring different ports for each SCM use PortConfigKey ozone.scm.client.port appended with serviceId and nodeId
2022-09-03 01:13:46,866 [IPC Server handler 0 on default port 45463] INFO  ha.SCMNodeInfo (SCMNodeInfo.java:getPort(197)) - ConfigKey ozone.scm.block.client.address is deprecated, For configuring different ports for each SCM use PortConfigKey ozone.scm.block.client.port appended with serviceId and nodeId
2022-09-03 01:13:46,866 [IPC Server handler 0 on default port 45463] INFO  ha.SCMNodeInfo (SCMNodeInfo.java:getPort(197)) - ConfigKey ozone.scm.datanode.address is deprecated, For configuring different ports for each SCM use PortConfigKey ozone.scm.datanode.port appended with serviceId and nodeId
2022-09-03 01:13:46,881 [Listener at 127.0.0.1/44253] INFO  rpc.RpcClient (RpcClient.java:createVolume(471)) - Creating Volume: eee9fbf6-bb78-4bcc-bcfb-c770ac5efeba, with runner as owner and space quota set to -1 bytes, counts quota set to -1
2022-09-03 01:13:46,922 [OM StateMachine ApplyTransaction Thread - 0] INFO  volume.OMVolumeCreateRequest (OMVolumeCreateRequest.java:validateAndUpdateCache(195)) - created volume:eee9fbf6-bb78-4bcc-bcfb-c770ac5efeba for user:runner
2022-09-03 01:13:46,926 [OM StateMachine ApplyTransaction Thread - 0] INFO  volume.OMVolumeCreateRequest (OMVolumeCreateRequest.java:validateAndUpdateCache(195)) - created volume:eee9fbf6-bb78-4bcc-bcfb-c770ac5efeba for user:runner
2022-09-03 01:13:46,927 [OM StateMachine ApplyTransaction Thread - 0] INFO  volume.OMVolumeCreateRequest (OMVolumeCreateRequest.java:validateAndUpdateCache(195)) - created volume:eee9fbf6-bb78-4bcc-bcfb-c770ac5efeba for user:runner
2022-09-03 01:13:46,956 [Listener at 127.0.0.1/44253] INFO  rpc.RpcClient (RpcClient.java:createBucket(674)) - Creating Bucket: eee9fbf6-bb78-4bcc-bcfb-c770ac5efeba/5236bbe0-4507-4d53-b24f-1d482f00a1cd, with server-side default bucket layout, runner as owner, Versioning false, Storage Type set to DISK and Encryption set to false 
2022-09-03 01:13:46,979 [OM StateMachine ApplyTransaction Thread - 0] INFO  bucket.OMBucketCreateRequest (OMBucketCreateRequest.java:validateAndUpdateCache(260)) - created bucket: 5236bbe0-4507-4d53-b24f-1d482f00a1cd of layout LEGACY in volume: eee9fbf6-bb78-4bcc-bcfb-c770ac5efeba
2022-09-03 01:13:46,980 [OM StateMachine ApplyTransaction Thread - 0] INFO  bucket.OMBucketCreateRequest (OMBucketCreateRequest.java:validateAndUpdateCache(260)) - created bucket: 5236bbe0-4507-4d53-b24f-1d482f00a1cd of layout LEGACY in volume: eee9fbf6-bb78-4bcc-bcfb-c770ac5efeba
2022-09-03 01:13:46,981 [Listener at 127.0.0.1/44253] INFO  ozone.MiniOzoneHAClusterImpl (MiniOzoneHAClusterImpl.java:stop(312)) - Stopping the OzoneManager omNode-3
2022-09-03 01:13:46,982 [Listener at 127.0.0.1/44253] INFO  om.OzoneManager (OzoneManager.java:stop(2027)) - omNode-3[localhost:44253]: Stopping Ozone Manager
2022-09-03 01:13:46,982 [Listener at 127.0.0.1/44253] INFO  ipc.Server (Server.java:stop(3414)) - Stopping server on 44253
2022-09-03 01:13:46,988 [OM StateMachine ApplyTransaction Thread - 0] INFO  bucket.OMBucketCreateRequest (OMBucketCreateRequest.java:validateAndUpdateCache(260)) - created bucket: 5236bbe0-4507-4d53-b24f-1d482f00a1cd of layout LEGACY in volume: eee9fbf6-bb78-4bcc-bcfb-c770ac5efeba
2022-09-03 01:13:46,996 [IPC Server listener on 44253] INFO  ipc.Server (Server.java:run(1376)) - Stopping IPC Server listener on 44253
2022-09-03 01:13:46,996 [IPC Server Responder] INFO  ipc.Server (Server.java:run(1512)) - Stopping IPC Server Responder
2022-09-03 01:13:46,997 [Listener at 127.0.0.1/44253] INFO  server.RaftServer (RaftServerProxy.java:lambda$close$7(398)) - omNode-3: close
2022-09-03 01:13:46,997 [Listener at 127.0.0.1/44253] INFO  server.RaftServer$Division (RaftServerImpl.java:lambda$close$4(434)) - omNode-3@group-6C22E66A003A: shutdown
2022-09-03 01:13:46,997 [Listener at 127.0.0.1/44253] INFO  util.JmxRegister (JmxRegister.java:unregister(73)) - Successfully un-registered JMX Bean with object name Ratis:service=RaftServer,group=group-6C22E66A003A,id=omNode-3
2022-09-03 01:13:46,997 [Listener at 127.0.0.1/44253] INFO  impl.RoleInfo (RoleInfo.java:shutdownFollowerState(110)) - omNode-3: shutdown omNode-3@group-6C22E66A003A-FollowerState
2022-09-03 01:13:46,997 [Listener at 127.0.0.1/44253] INFO  impl.StateMachineUpdater (StateMachineUpdater.java:stopAndJoin(153)) - omNode-3@group-6C22E66A003A-StateMachineUpdater: set stopIndex = 5
2022-09-03 01:13:46,997 [omNode-3@group-6C22E66A003A-FollowerState] INFO  impl.FollowerState (FollowerState.java:run(152)) - omNode-3@group-6C22E66A003A-FollowerState was interrupted
2022-09-03 01:13:46,997 [omNode-3@group-6C22E66A003A-StateMachineUpdater] INFO  ratis.OzoneManagerStateMachine (OzoneManagerStateMachine.java:takeSnapshot(441)) - Current Snapshot Index (t:5, i:5)
2022-09-03 01:13:46,998 [omNode-3@group-6C22E66A003A-StateMachineUpdater] INFO  impl.StateMachineUpdater (StateMachineUpdater.java:takeSnapshot(287)) - omNode-3@group-6C22E66A003A-StateMachineUpdater: Took a snapshot at index 5
2022-09-03 01:13:46,998 [omNode-3@group-6C22E66A003A-StateMachineUpdater] INFO  impl.StateMachineUpdater (StateMachineUpdater.java:lambda$new$0(92)) - omNode-3@group-6C22E66A003A-StateMachineUpdater: snapshotIndex: updateIncreasingly -1 -> 5
2022-09-03 01:13:46,998 [omNode-3@group-6C22E66A003A-StateMachineUpdater] INFO  ratis.OzoneManagerStateMachine (OzoneManagerStateMachine.java:close(495)) - StateMachine has shutdown. Shutdown OzoneManager if not already shutdown.
2022-09-03 01:13:46,998 [omNode-3@group-6C22E66A003A-StateMachineUpdater] INFO  ratis.OzoneManagerDoubleBuffer (OzoneManagerDoubleBuffer.java:stop(466)) - Stopping OMDoubleBuffer flush thread
2022-09-03 01:13:46,998 [OMDoubleBufferFlushThread] INFO  ratis.OzoneManagerDoubleBuffer (OzoneManagerDoubleBuffer.java:flushTransactions(385)) - OMDoubleBuffer flush thread OMDoubleBufferFlushThread is interrupted and will exit.
2022-09-03 01:13:47,004 [Listener at 127.0.0.1/44253] INFO  server.RaftServer$Division (ServerState.java:close(429)) - omNode-3@group-6C22E66A003A: closes. applyIndex: 5
2022-09-03 01:13:47,004 [omNode-3@group-6C22E66A003A-SegmentedRaftLogWorker] INFO  segmented.SegmentedRaftLogWorker (SegmentedRaftLogWorker.java:run(336)) - omNode-3@group-6C22E66A003A-SegmentedRaftLogWorker was interrupted, exiting. There are 0 tasks remaining in the queue.
2022-09-03 01:13:47,006 [Listener at 127.0.0.1/44253] INFO  segmented.SegmentedRaftLogWorker (SegmentedRaftLogWorker.java:close(246)) - omNode-3@group-6C22E66A003A-SegmentedRaftLogWorker close()
2022-09-03 01:13:47,008 [Listener at 127.0.0.1/44253] INFO  server.GrpcService (GrpcService.java:closeImpl(269)) - omNode-3: shutdown server with port 33157 now
2022-09-03 01:13:47,022 [grpc-default-executor-0] WARN  server.GrpcServerProtocolService (LogUtils.java:warn(122)) - omNode-3: installSnapshot onError, lastRequest: omNode-2->omNode-3#85-t5,previous=(t:5, i:5),leaderCommit=5,initializing? true,entries: size=1, first=(t:5, i:6), METADATAENTRY(c:5): org.apache.ratis.thirdparty.io.grpc.StatusRuntimeException: CANCELLED: client cancelled
2022-09-03 01:13:47,026 [Listener at 127.0.0.1/44253] INFO  server.GrpcService (GrpcService.java:closeImpl(278)) - omNode-3: shutdown server with port 33157 successfully
2022-09-03 01:13:47,026 [org.apache.ratis.util.JvmPauseMonitor$$Lambda$519/503118660@113ee44e] INFO  util.JvmPauseMonitor (JvmPauseMonitor.java:run(109)) - JvmPauseMonitor-omNode-3: Stopped
2022-09-03 01:13:47,026 [Listener at 127.0.0.1/44253] INFO  ratis.OzoneManagerStateMachine (OzoneManagerStateMachine.java:close(495)) - StateMachine has shutdown. Shutdown OzoneManager if not already shutdown.
2022-09-03 01:13:47,026 [Listener at 127.0.0.1/44253] INFO  ratis.OzoneManagerDoubleBuffer (OzoneManagerDoubleBuffer.java:stop(478)) - OMDoubleBuffer flush thread is not running.
2022-09-03 01:13:47,027 [Listener at 127.0.0.1/44253] INFO  utils.BackgroundService (BackgroundService.java:shutdown(141)) - Shutting down service KeyDeletingService
2022-09-03 01:13:47,027 [Listener at 127.0.0.1/44253] INFO  utils.BackgroundService (BackgroundService.java:shutdown(141)) - Shutting down service DirectoryDeletingService
2022-09-03 01:13:47,027 [Listener at 127.0.0.1/44253] INFO  utils.BackgroundService (BackgroundService.java:shutdown(141)) - Shutting down service OpenKeyCleanupService
2022-09-03 01:13:47,029 [grpc-default-executor-0] WARN  server.GrpcLogAppender (LogUtils.java:warn(122)) - omNode-2@group-6C22E66A003A->omNode-3-AppendLogResponseHandler: Failed appendEntries: org.apache.ratis.thirdparty.io.grpc.StatusRuntimeException: CANCELLED: RST_STREAM closed stream. HTTP/2 error code: CANCEL
2022-09-03 01:13:47,030 [grpc-default-executor-0] INFO  leader.FollowerInfo (FollowerInfoImpl.java:lambda$new$0(48)) - omNode-2@group-6C22E66A003A->omNode-3: nextIndex: updateUnconditionally 7 -> 6
2022-09-03 01:13:47,030 [Listener at 127.0.0.1/44253] INFO  handler.ContextHandler (ContextHandler.java:doStop(1153)) - Stopped o.e.j.w.WebAppContext@2f0a4744{ozoneManager,/,null,STOPPED}{file:/home/runner/work/ozone/ozone/hadoop-ozone/integration-test/target/test-classes/webapps/ozoneManager}
2022-09-03 01:13:47,033 [Listener at 127.0.0.1/44253] INFO  server.AbstractConnector (AbstractConnector.java:doStop(381)) - Stopped ServerConnector@23c4e3d5{HTTP/1.1, (http/1.1)}{0.0.0.0:36967}
2022-09-03 01:13:47,034 [Listener at 127.0.0.1/44253] INFO  server.session (HouseKeeper.java:stopScavenging(149)) - node0 Stopped scavenging
2022-09-03 01:13:47,034 [Listener at 127.0.0.1/44253] INFO  handler.ContextHandler (ContextHandler.java:doStop(1153)) - Stopped o.e.j.s.ServletContextHandler@7644623f{static,/static,file:///home/runner/work/ozone/ozone/hadoop-ozone/integration-test/target/test-classes/webapps/static,STOPPED}
2022-09-03 01:13:47,034 [Listener at 127.0.0.1/44253] INFO  handler.ContextHandler (ContextHandler.java:doStop(1153)) - Stopped o.e.j.s.ServletContextHandler@3b858672{logs,/logs,file:///home/runner/work/ozone/ozone/hadoop-ozone/integration-test/target/log,STOPPED}
2022-09-03 01:13:47,041 [Listener at 127.0.0.1/44253] INFO  ozone.MiniOzoneHAClusterImpl (MiniOzoneHAClusterImpl.java:stop(312)) - Stopping the OzoneManager omNode-1
2022-09-03 01:13:47,042 [Listener at 127.0.0.1/44253] INFO  om.OzoneManager (OzoneManager.java:stop(2027)) - omNode-1[localhost:39677]: Stopping Ozone Manager
2022-09-03 01:13:47,043 [Listener at 127.0.0.1/44253] INFO  ipc.Server (Server.java:stop(3414)) - Stopping server on 39677
2022-09-03 01:13:47,046 [IPC Server listener on 39677] INFO  ipc.Server (Server.java:run(1376)) - Stopping IPC Server listener on 39677
2022-09-03 01:13:47,047 [grpc-default-executor-3] WARN  server.GrpcLogAppender (LogUtils.java:warn(122)) - omNode-2@group-6C22E66A003A->omNode-3-AppendLogResponseHandler: Failed appendEntries: org.apache.ratis.thirdparty.io.grpc.StatusRuntimeException: UNAVAILABLE: io exception
2022-09-03 01:13:47,048 [grpc-default-executor-3] INFO  leader.FollowerInfo (FollowerInfoImpl.java:lambda$new$0(48)) - omNode-2@group-6C22E66A003A->omNode-3: nextIndex: updateUnconditionally 7 -> 6
2022-09-03 01:13:47,052 [IPC Server Responder] INFO  ipc.Server (Server.java:run(1512)) - Stopping IPC Server Responder
2022-09-03 01:13:47,053 [Listener at 127.0.0.1/44253] INFO  server.RaftServer (RaftServerProxy.java:lambda$close$7(398)) - omNode-1: close
2022-09-03 01:13:47,053 [Listener at 127.0.0.1/44253] INFO  server.RaftServer$Division (RaftServerImpl.java:lambda$close$4(434)) - omNode-1@group-6C22E66A003A: shutdown
2022-09-03 01:13:47,053 [Listener at 127.0.0.1/44253] INFO  util.JmxRegister (JmxRegister.java:unregister(73)) - Successfully un-registered JMX Bean with object name Ratis:service=RaftServer,group=group-6C22E66A003A,id=omNode-1
2022-09-03 01:13:47,053 [Listener at 127.0.0.1/44253] INFO  impl.RoleInfo (RoleInfo.java:shutdownFollowerState(110)) - omNode-1: shutdown omNode-1@group-6C22E66A003A-FollowerState
2022-09-03 01:13:47,053 [omNode-1@group-6C22E66A003A-FollowerState] INFO  impl.FollowerState (FollowerState.java:run(152)) - omNode-1@group-6C22E66A003A-FollowerState was interrupted
2022-09-03 01:13:47,054 [omNode-1@group-6C22E66A003A-StateMachineUpdater] INFO  ratis.OzoneManagerStateMachine (OzoneManagerStateMachine.java:takeSnapshot(441)) - Current Snapshot Index (t:5, i:5)
2022-09-03 01:13:47,054 [omNode-1@group-6C22E66A003A-StateMachineUpdater] INFO  impl.StateMachineUpdater (StateMachineUpdater.java:takeSnapshot(287)) - omNode-1@group-6C22E66A003A-StateMachineUpdater: Took a snapshot at index 5
2022-09-03 01:13:47,054 [omNode-1@group-6C22E66A003A-StateMachineUpdater] INFO  impl.StateMachineUpdater (StateMachineUpdater.java:lambda$new$0(92)) - omNode-1@group-6C22E66A003A-StateMachineUpdater: snapshotIndex: updateIncreasingly -1 -> 5
2022-09-03 01:13:47,054 [omNode-1@group-6C22E66A003A-StateMachineUpdater] INFO  ratis.OzoneManagerStateMachine (OzoneManagerStateMachine.java:close(495)) - StateMachine has shutdown. Shutdown OzoneManager if not already shutdown.
2022-09-03 01:13:47,054 [omNode-1@group-6C22E66A003A-StateMachineUpdater] INFO  ratis.OzoneManagerDoubleBuffer (OzoneManagerDoubleBuffer.java:stop(466)) - Stopping OMDoubleBuffer flush thread
2022-09-03 01:13:47,054 [OMDoubleBufferFlushThread] INFO  ratis.OzoneManagerDoubleBuffer (OzoneManagerDoubleBuffer.java:flushTransactions(385)) - OMDoubleBuffer flush thread OMDoubleBufferFlushThread is interrupted and will exit.
2022-09-03 01:13:47,055 [Listener at 127.0.0.1/44253] INFO  impl.StateMachineUpdater (StateMachineUpdater.java:stopAndJoin(153)) - omNode-1@group-6C22E66A003A-StateMachineUpdater: set stopIndex = 5
2022-09-03 01:13:47,057 [Listener at 127.0.0.1/44253] INFO  server.RaftServer$Division (ServerState.java:close(429)) - omNode-1@group-6C22E66A003A: closes. applyIndex: 5
2022-09-03 01:13:47,057 [omNode-1@group-6C22E66A003A-SegmentedRaftLogWorker] INFO  segmented.SegmentedRaftLogWorker (SegmentedRaftLogWorker.java:run(336)) - omNode-1@group-6C22E66A003A-SegmentedRaftLogWorker was interrupted, exiting. There are 0 tasks remaining in the queue.
2022-09-03 01:13:47,059 [Listener at 127.0.0.1/44253] INFO  segmented.SegmentedRaftLogWorker (SegmentedRaftLogWorker.java:close(246)) - omNode-1@group-6C22E66A003A-SegmentedRaftLogWorker close()
2022-09-03 01:13:47,062 [Listener at 127.0.0.1/44253] INFO  server.GrpcService (GrpcService.java:closeImpl(269)) - omNode-1: shutdown server with port 32815 now
2022-09-03 01:13:47,064 [grpc-default-executor-0] WARN  server.GrpcServerProtocolService (LogUtils.java:warn(122)) - omNode-1: installSnapshot onError, lastRequest: omNode-2->omNode-1#94-t5,previous=(t:5, i:5),leaderCommit=5,initializing? true,entries: size=1, first=(t:5, i:6), METADATAENTRY(c:5): org.apache.ratis.thirdparty.io.grpc.StatusRuntimeException: CANCELLED: client cancelled
2022-09-03 01:13:47,066 [grpc-default-executor-3] WARN  server.GrpcLogAppender (LogUtils.java:warn(122)) - omNode-2@group-6C22E66A003A->omNode-1-AppendLogResponseHandler: Failed appendEntries: org.apache.ratis.thirdparty.io.grpc.StatusRuntimeException: CANCELLED: RST_STREAM closed stream. HTTP/2 error code: CANCEL
2022-09-03 01:13:47,066 [grpc-default-executor-3] INFO  leader.FollowerInfo (FollowerInfoImpl.java:lambda$new$0(48)) - omNode-2@group-6C22E66A003A->omNode-1: nextIndex: updateUnconditionally 7 -> 6
2022-09-03 01:13:47,074 [Listener at 127.0.0.1/44253] INFO  server.GrpcService (GrpcService.java:closeImpl(278)) - omNode-1: shutdown server with port 32815 successfully
2022-09-03 01:13:47,074 [org.apache.ratis.util.JvmPauseMonitor$$Lambda$519/503118660@7700f236] INFO  util.JvmPauseMonitor (JvmPauseMonitor.java:run(109)) - JvmPauseMonitor-omNode-1: Stopped
2022-09-03 01:13:47,074 [Listener at 127.0.0.1/44253] INFO  ratis.OzoneManagerStateMachine (OzoneManagerStateMachine.java:close(495)) - StateMachine has shutdown. Shutdown OzoneManager if not already shutdown.
2022-09-03 01:13:47,074 [Listener at 127.0.0.1/44253] INFO  ratis.OzoneManagerDoubleBuffer (OzoneManagerDoubleBuffer.java:stop(478)) - OMDoubleBuffer flush thread is not running.
2022-09-03 01:13:47,075 [Listener at 127.0.0.1/44253] INFO  utils.BackgroundService (BackgroundService.java:shutdown(141)) - Shutting down service KeyDeletingService
2022-09-03 01:13:47,076 [Listener at 127.0.0.1/44253] INFO  utils.BackgroundService (BackgroundService.java:shutdown(141)) - Shutting down service DirectoryDeletingService
2022-09-03 01:13:47,076 [Listener at 127.0.0.1/44253] INFO  utils.BackgroundService (BackgroundService.java:shutdown(141)) - Shutting down service OpenKeyCleanupService
2022-09-03 01:13:47,077 [Listener at 127.0.0.1/44253] INFO  handler.ContextHandler (ContextHandler.java:doStop(1153)) - Stopped o.e.j.w.WebAppContext@4e55c5d8{ozoneManager,/,null,STOPPED}{file:/home/runner/work/ozone/ozone/hadoop-ozone/integration-test/target/test-classes/webapps/ozoneManager}
2022-09-03 01:13:47,079 [grpc-default-executor-3] WARN  server.GrpcLogAppender (LogUtils.java:warn(122)) - omNode-2@group-6C22E66A003A->omNode-1-AppendLogResponseHandler: Failed appendEntries: org.apache.ratis.thirdparty.io.grpc.StatusRuntimeException: UNAVAILABLE: io exception
2022-09-03 01:13:47,079 [Listener at 127.0.0.1/44253] INFO  server.AbstractConnector (AbstractConnector.java:doStop(381)) - Stopped ServerConnector@a7345d5{HTTP/1.1, (http/1.1)}{0.0.0.0:46481}
2022-09-03 01:13:47,079 [Listener at 127.0.0.1/44253] INFO  server.session (HouseKeeper.java:stopScavenging(149)) - node0 Stopped scavenging
2022-09-03 01:13:47,079 [grpc-default-executor-3] INFO  leader.FollowerInfo (FollowerInfoImpl.java:lambda$new$0(48)) - omNode-2@group-6C22E66A003A->omNode-1: nextIndex: updateUnconditionally 7 -> 6
2022-09-03 01:13:47,079 [Listener at 127.0.0.1/44253] INFO  handler.ContextHandler (ContextHandler.java:doStop(1153)) - Stopped o.e.j.s.ServletContextHandler@98cebb3{static,/static,file:///home/runner/work/ozone/ozone/hadoop-ozone/integration-test/target/test-classes/webapps/static,STOPPED}
2022-09-03 01:13:47,079 [Listener at 127.0.0.1/44253] INFO  handler.ContextHandler (ContextHandler.java:doStop(1153)) - Stopped o.e.j.s.ServletContextHandler@311466b8{logs,/logs,file:///home/runner/work/ozone/ozone/hadoop-ozone/integration-test/target/log,STOPPED}
2022-09-03 01:13:47,087 [Listener at 127.0.0.1/44253] INFO  ozone.MiniOzoneHAClusterImpl (MiniOzoneHAClusterImpl.java:stop(312)) - Stopping the OzoneManager omNode-2
2022-09-03 01:13:47,087 [Listener at 127.0.0.1/44253] INFO  om.OzoneManager (OzoneManager.java:stop(2027)) - omNode-2[localhost:45463]: Stopping Ozone Manager
2022-09-03 01:13:47,087 [Listener at 127.0.0.1/44253] INFO  ipc.Server (Server.java:stop(3414)) - Stopping server on 45463
2022-09-03 01:13:47,092 [IPC Server Responder] INFO  ipc.Server (Server.java:run(1512)) - Stopping IPC Server Responder
2022-09-03 01:13:47,092 [IPC Server listener on 45463] INFO  ipc.Server (Server.java:run(1376)) - Stopping IPC Server listener on 45463
2022-09-03 01:13:47,092 [Listener at 127.0.0.1/44253] INFO  server.RaftServer (RaftServerProxy.java:lambda$close$7(398)) - omNode-2: close
2022-09-03 01:13:47,092 [Listener at 127.0.0.1/44253] INFO  server.RaftServer$Division (RaftServerImpl.java:lambda$close$4(434)) - omNode-2@group-6C22E66A003A: shutdown
2022-09-03 01:13:47,092 [Listener at 127.0.0.1/44253] INFO  util.JmxRegister (JmxRegister.java:unregister(73)) - Successfully un-registered JMX Bean with object name Ratis:service=RaftServer,group=group-6C22E66A003A,id=omNode-2
2022-09-03 01:13:47,093 [Listener at 127.0.0.1/44253] INFO  impl.RoleInfo (RoleInfo.java:shutdownLeaderState(93)) - omNode-2: shutdown omNode-2@group-6C22E66A003A-LeaderStateImpl
2022-09-03 01:13:47,093 [Listener at 127.0.0.1/44253] INFO  impl.PendingRequests (PendingRequests.java:sendNotLeaderResponses(282)) - omNode-2@group-6C22E66A003A-PendingRequests: sendNotLeaderResponses
2022-09-03 01:13:47,093 [omNode-2@group-6C22E66A003A->omNode-3-GrpcLogAppender-LogAppenderDaemon] WARN  server.GrpcLogAppender (GrpcLogAppender.java:mayWait(171)) - omNode-2@group-6C22E66A003A->omNode-3-GrpcLogAppender: Wait interrupted by java.lang.InterruptedException
2022-09-03 01:13:47,093 [omNode-2@group-6C22E66A003A->omNode-1-GrpcLogAppender-LogAppenderDaemon] WARN  server.GrpcLogAppender (GrpcLogAppender.java:mayWait(171)) - omNode-2@group-6C22E66A003A->omNode-1-GrpcLogAppender: Wait interrupted by java.lang.InterruptedException
2022-09-03 01:13:47,095 [Listener at 127.0.0.1/44253] INFO  impl.StateMachineUpdater (StateMachineUpdater.java:stopAndJoin(153)) - omNode-2@group-6C22E66A003A-StateMachineUpdater: set stopIndex = 6
2022-09-03 01:13:47,096 [omNode-2@group-6C22E66A003A-StateMachineUpdater] INFO  ratis.OzoneManagerStateMachine (OzoneManagerStateMachine.java:takeSnapshot(441)) - Current Snapshot Index (t:5, i:6)
2022-09-03 01:13:47,096 [omNode-2@group-6C22E66A003A-StateMachineUpdater] INFO  impl.StateMachineUpdater (StateMachineUpdater.java:takeSnapshot(287)) - omNode-2@group-6C22E66A003A-StateMachineUpdater: Took a snapshot at index 6
2022-09-03 01:13:47,096 [omNode-2@group-6C22E66A003A-StateMachineUpdater] INFO  impl.StateMachineUpdater (StateMachineUpdater.java:lambda$new$0(92)) - omNode-2@group-6C22E66A003A-StateMachineUpdater: snapshotIndex: updateIncreasingly -1 -> 6
2022-09-03 01:13:47,096 [omNode-2@group-6C22E66A003A-StateMachineUpdater] INFO  ratis.OzoneManagerStateMachine (OzoneManagerStateMachine.java:close(495)) - StateMachine has shutdown. Shutdown OzoneManager if not already shutdown.
2022-09-03 01:13:47,096 [omNode-2@group-6C22E66A003A-StateMachineUpdater] INFO  ratis.OzoneManagerDoubleBuffer (OzoneManagerDoubleBuffer.java:stop(466)) - Stopping OMDoubleBuffer flush thread
2022-09-03 01:13:47,096 [OMDoubleBufferFlushThread] INFO  ratis.OzoneManagerDoubleBuffer (OzoneManagerDoubleBuffer.java:flushTransactions(385)) - OMDoubleBuffer flush thread OMDoubleBufferFlushThread is interrupted and will exit.
2022-09-03 01:13:47,097 [Listener at 127.0.0.1/44253] INFO  server.RaftServer$Division (ServerState.java:close(429)) - omNode-2@group-6C22E66A003A: closes. applyIndex: 6
2022-09-03 01:13:47,098 [omNode-2@group-6C22E66A003A-SegmentedRaftLogWorker] INFO  segmented.SegmentedRaftLogWorker (SegmentedRaftLogWorker.java:run(336)) - omNode-2@group-6C22E66A003A-SegmentedRaftLogWorker was interrupted, exiting. There are 0 tasks remaining in the queue.
2022-09-03 01:13:47,100 [Listener at 127.0.0.1/44253] INFO  segmented.SegmentedRaftLogWorker (SegmentedRaftLogWorker.java:close(246)) - omNode-2@group-6C22E66A003A-SegmentedRaftLogWorker close()
2022-09-03 01:13:47,102 [Listener at 127.0.0.1/44253] INFO  server.GrpcService (GrpcService.java:closeImpl(269)) - omNode-2: shutdown server with port 35059 now
2022-09-03 01:13:47,105 [Listener at 127.0.0.1/44253] INFO  server.GrpcService (GrpcService.java:closeImpl(278)) - omNode-2: shutdown server with port 35059 successfully
2022-09-03 01:13:47,105 [org.apache.ratis.util.JvmPauseMonitor$$Lambda$519/503118660@1a922768] INFO  util.JvmPauseMonitor (JvmPauseMonitor.java:run(109)) - JvmPauseMonitor-omNode-2: Stopped
2022-09-03 01:13:47,106 [Listener at 127.0.0.1/44253] INFO  ratis.OzoneManagerStateMachine (OzoneManagerStateMachine.java:close(495)) - StateMachine has shutdown. Shutdown OzoneManager if not already shutdown.
2022-09-03 01:13:47,106 [Listener at 127.0.0.1/44253] INFO  ratis.OzoneManagerDoubleBuffer (OzoneManagerDoubleBuffer.java:stop(478)) - OMDoubleBuffer flush thread is not running.
2022-09-03 01:13:47,106 [Listener at 127.0.0.1/44253] INFO  utils.BackgroundService (BackgroundService.java:shutdown(141)) - Shutting down service KeyDeletingService
2022-09-03 01:13:47,106 [Listener at 127.0.0.1/44253] INFO  utils.BackgroundService (BackgroundService.java:shutdown(141)) - Shutting down service DirectoryDeletingService
2022-09-03 01:13:47,107 [Listener at 127.0.0.1/44253] INFO  utils.BackgroundService (BackgroundService.java:shutdown(141)) - Shutting down service OpenKeyCleanupService
2022-09-03 01:13:47,107 [Listener at 127.0.0.1/44253] INFO  handler.ContextHandler (ContextHandler.java:doStop(1153)) - Stopped o.e.j.w.WebAppContext@35c7a56b{ozoneManager,/,null,STOPPED}{file:/home/runner/work/ozone/ozone/hadoop-ozone/integration-test/target/test-classes/webapps/ozoneManager}
2022-09-03 01:13:47,108 [Listener at 127.0.0.1/44253] INFO  server.AbstractConnector (AbstractConnector.java:doStop(381)) - Stopped ServerConnector@42c5c58c{HTTP/1.1, (http/1.1)}{0.0.0.0:41415}
2022-09-03 01:13:47,108 [Listener at 127.0.0.1/44253] INFO  server.session (HouseKeeper.java:stopScavenging(149)) - node0 Stopped scavenging
2022-09-03 01:13:47,108 [Listener at 127.0.0.1/44253] INFO  handler.ContextHandler (ContextHandler.java:doStop(1153)) - Stopped o.e.j.s.ServletContextHandler@544ade6b{static,/static,file:///home/runner/work/ozone/ozone/hadoop-ozone/integration-test/target/test-classes/webapps/static,STOPPED}
2022-09-03 01:13:47,108 [Listener at 127.0.0.1/44253] INFO  handler.ContextHandler (ContextHandler.java:doStop(1153)) - Stopped o.e.j.s.ServletContextHandler@1ae3e30c{logs,/logs,file:///home/runner/work/ozone/ozone/hadoop-ozone/integration-test/target/log,STOPPED}
2022-09-03 01:13:47,111 [Listener at 127.0.0.1/44253] INFO  ozone.MiniOzoneHAClusterImpl (MiniOzoneHAClusterImpl.java:stop(320)) - Stopping the StorageContainerManager de25ddac-3a80-4ed5-b6af-85fc97dbd7a2
2022-09-03 01:13:47,111 [Listener at 127.0.0.1/44253] INFO  server.StorageContainerManager (StorageContainerManager.java:stop(1558)) - Container Balancer is not running.
2022-09-03 01:13:47,111 [Listener at 127.0.0.1/44253] INFO  server.StorageContainerManager (StorageContainerManager.java:stop(1565)) - Stopping Replication Manager Service.
2022-09-03 01:13:47,111 [Listener at 127.0.0.1/44253] INFO  replication.ReplicationManager (ReplicationManager.java:stop(241)) - Stopping Replication Monitor Thread.
2022-09-03 01:13:47,111 [ReplicationMonitor] INFO  replication.ReplicationManager (ReplicationManager.java:run(545)) - Replication Monitor Thread is stopped
2022-09-03 01:13:47,111 [Listener at 127.0.0.1/44253] INFO  server.StorageContainerManager (StorageContainerManager.java:stop(1572)) - Stopping the Datanode Admin Monitor.
2022-09-03 01:13:47,112 [Listener at 127.0.0.1/44253] INFO  server.StorageContainerManager (StorageContainerManager.java:stop(1579)) - Stopping Lease Manager of the command watchers
2022-09-03 01:13:47,112 [Listener at 127.0.0.1/44253] INFO  server.StorageContainerManager (StorageContainerManager.java:stop(1586)) - Stopping datanode service RPC server
2022-09-03 01:13:47,112 [Listener at 127.0.0.1/44253] INFO  server.SCMDatanodeProtocolServer (SCMDatanodeProtocolServer.java:stop(414)) - Stopping the RPC server for DataNodes
2022-09-03 01:13:47,112 [Listener at 127.0.0.1/44253] INFO  ipc.Server (Server.java:stop(3414)) - Stopping server on 44975
2022-09-03 01:13:47,114 [IPC Server listener on 44975] INFO  ipc.Server (Server.java:run(1376)) - Stopping IPC Server listener on 44975
2022-09-03 01:13:47,116 [IPC Server Responder] INFO  ipc.Server (Server.java:run(1512)) - Stopping IPC Server Responder
2022-09-03 01:13:47,203 [SCM Heartbeat Processing Thread - 0] WARN  node.NodeStateManager (NodeStateManager.java:scheduleNextHealthCheck(870)) - Current Thread is interrupted, shutting down HB processing thread for Node Manager.
2022-09-03 01:13:47,204 [Listener at 127.0.0.1/44253] INFO  server.StorageContainerManager (StorageContainerManager.java:stop(1594)) - Stopping block service RPC server
2022-09-03 01:13:47,205 [Listener at 127.0.0.1/44253] INFO  server.SCMBlockProtocolServer (SCMBlockProtocolServer.java:stop(161)) - Stopping the RPC server for Block Protocol
2022-09-03 01:13:47,205 [Listener at 127.0.0.1/44253] INFO  ipc.Server (Server.java:stop(3414)) - Stopping server on 40787
2022-09-03 01:13:47,207 [IPC Server listener on 40787] INFO  ipc.Server (Server.java:run(1376)) - Stopping IPC Server listener on 40787
2022-09-03 01:13:47,207 [IPC Server Responder] INFO  ipc.Server (Server.java:run(1512)) - Stopping IPC Server Responder
2022-09-03 01:13:47,207 [Listener at 127.0.0.1/44253] INFO  server.StorageContainerManager (StorageContainerManager.java:stop(1601)) - Stopping the StorageContainerLocationProtocol RPC server
2022-09-03 01:13:47,207 [Listener at 127.0.0.1/44253] INFO  server.SCMClientProtocolServer (SCMClientProtocolServer.java:stop(179)) - Stopping the RPC server for Client Protocol
2022-09-03 01:13:47,208 [Listener at 127.0.0.1/44253] INFO  ipc.Server (Server.java:stop(3414)) - Stopping server on 39387
2022-09-03 01:13:47,214 [IPC Server listener on 39387] INFO  ipc.Server (Server.java:run(1376)) - Stopping IPC Server listener on 39387
2022-09-03 01:13:47,217 [IPC Server Responder] INFO  ipc.Server (Server.java:run(1512)) - Stopping IPC Server Responder
2022-09-03 01:13:47,234 [Listener at 127.0.0.1/44253] INFO  server.StorageContainerManager (StorageContainerManager.java:stop(1608)) - Stopping Storage Container Manager HTTP server.
2022-09-03 01:13:47,235 [Listener at 127.0.0.1/44253] INFO  handler.ContextHandler (ContextHandler.java:doStop(1153)) - Stopped o.e.j.w.WebAppContext@4a1975d2{scm,/,null,STOPPED}{file:/home/runner/work/ozone/ozone/hadoop-ozone/integration-test/target/test-classes/webapps/scm}
2022-09-03 01:13:47,235 [Listener at 127.0.0.1/44253] INFO  server.AbstractConnector (AbstractConnector.java:doStop(381)) - Stopped ServerConnector@380cb98a{HTTP/1.1, (http/1.1)}{0.0.0.0:39155}
2022-09-03 01:13:47,235 [Listener at 127.0.0.1/44253] INFO  server.session (HouseKeeper.java:stopScavenging(149)) - node0 Stopped scavenging
2022-09-03 01:13:47,235 [Listener at 127.0.0.1/44253] INFO  handler.ContextHandler (ContextHandler.java:doStop(1153)) - Stopped o.e.j.s.ServletContextHandler@50c3a551{static,/static,file:///home/runner/work/ozone/ozone/hadoop-ozone/integration-test/target/test-classes/webapps/static,STOPPED}
2022-09-03 01:13:47,235 [Listener at 127.0.0.1/44253] INFO  handler.ContextHandler (ContextHandler.java:doStop(1153)) - Stopped o.e.j.s.ServletContextHandler@19718267{logs,/logs,file:///home/runner/work/ozone/ozone/hadoop-ozone/integration-test/target/log,STOPPED}
2022-09-03 01:13:47,236 [Listener at 127.0.0.1/44253] INFO  server.StorageContainerManager (StorageContainerManager.java:stop(1614)) - Stopping SCM LayoutVersionManager Service.
2022-09-03 01:13:47,236 [Listener at 127.0.0.1/44253] INFO  server.StorageContainerManager (StorageContainerManager.java:stop(1622)) - Stopping Block Manager Service.
2022-09-03 01:13:47,236 [Listener at 127.0.0.1/44253] INFO  utils.BackgroundService (BackgroundService.java:shutdown(141)) - Shutting down service SCMBlockDeletingService
2022-09-03 01:13:47,237 [Listener at 127.0.0.1/44253] INFO  utils.BackgroundService (BackgroundService.java:shutdown(141)) - Shutting down service SCMBlockDeletingService
2022-09-03 01:13:47,237 [Listener at 127.0.0.1/44253] INFO  server.StorageContainerManager (StorageContainerManager.java:stop(1649)) - Stopping SCM Event Queue.
2022-09-03 01:13:47,238 [Listener at 127.0.0.1/44253] INFO  server.StorageContainerManager (StorageContainerManager.java:stop(1660)) - Stopping SCM HA services.
2022-09-03 01:13:47,239 [Listener at 127.0.0.1/44253] INFO  ha.SCMRatisServerImpl (SCMRatisServerImpl.java:stop(237)) - stopping ratis server 0.0.0.0:33767
2022-09-03 01:13:47,239 [Listener at 127.0.0.1/44253] INFO  server.RaftServer (RaftServerProxy.java:lambda$close$7(398)) - de25ddac-3a80-4ed5-b6af-85fc97dbd7a2: close
2022-09-03 01:13:47,239 [Listener at 127.0.0.1/44253] INFO  server.RaftServer$Division (RaftServerImpl.java:lambda$close$4(434)) - de25ddac-3a80-4ed5-b6af-85fc97dbd7a2@group-BEC42C492C64: shutdown
2022-09-03 01:13:47,240 [Listener at 127.0.0.1/44253] INFO  util.JmxRegister (JmxRegister.java:unregister(73)) - Successfully un-registered JMX Bean with object name Ratis:service=RaftServer,group=group-BEC42C492C64,id=de25ddac-3a80-4ed5-b6af-85fc97dbd7a2
2022-09-03 01:13:47,240 [Listener at 127.0.0.1/44253] INFO  impl.RoleInfo (RoleInfo.java:shutdownFollowerState(110)) - de25ddac-3a80-4ed5-b6af-85fc97dbd7a2: shutdown de25ddac-3a80-4ed5-b6af-85fc97dbd7a2@group-BEC42C492C64-FollowerState
2022-09-03 01:13:47,240 [de25ddac-3a80-4ed5-b6af-85fc97dbd7a2@group-BEC42C492C64-FollowerState] INFO  impl.FollowerState (FollowerState.java:run(152)) - de25ddac-3a80-4ed5-b6af-85fc97dbd7a2@group-BEC42C492C64-FollowerState was interrupted
2022-09-03 01:13:47,241 [de25ddac-3a80-4ed5-b6af-85fc97dbd7a2@group-BEC42C492C64-StateMachineUpdater] INFO  ha.SCMStateMachine (SCMStateMachine.java:takeSnapshot(297)) - Current Snapshot Index 27, takeSnapshot took 1 ms
2022-09-03 01:13:47,241 [de25ddac-3a80-4ed5-b6af-85fc97dbd7a2@group-BEC42C492C64-StateMachineUpdater] INFO  impl.StateMachineUpdater (StateMachineUpdater.java:takeSnapshot(287)) - de25ddac-3a80-4ed5-b6af-85fc97dbd7a2@group-BEC42C492C64-StateMachineUpdater: Took a snapshot at index 27
2022-09-03 01:13:47,241 [de25ddac-3a80-4ed5-b6af-85fc97dbd7a2@group-BEC42C492C64-StateMachineUpdater] INFO  impl.StateMachineUpdater (StateMachineUpdater.java:lambda$new$0(92)) - de25ddac-3a80-4ed5-b6af-85fc97dbd7a2@group-BEC42C492C64-StateMachineUpdater: snapshotIndex: updateIncreasingly -1 -> 27
2022-09-03 01:13:47,241 [de25ddac-3a80-4ed5-b6af-85fc97dbd7a2@group-BEC42C492C64-StateMachineUpdater] INFO  server.StorageContainerManager (StorageContainerManager.java:stop(1558)) - Container Balancer is not running.
2022-09-03 01:13:47,241 [de25ddac-3a80-4ed5-b6af-85fc97dbd7a2@group-BEC42C492C64-StateMachineUpdater] INFO  server.StorageContainerManager (StorageContainerManager.java:stop(1565)) - Stopping Replication Manager Service.
2022-09-03 01:13:47,241 [de25ddac-3a80-4ed5-b6af-85fc97dbd7a2@group-BEC42C492C64-StateMachineUpdater] INFO  replication.ReplicationManager (ReplicationManager.java:stop(247)) - Replication Monitor Thread is not running.
2022-09-03 01:13:47,241 [de25ddac-3a80-4ed5-b6af-85fc97dbd7a2@group-BEC42C492C64-StateMachineUpdater] INFO  server.StorageContainerManager (StorageContainerManager.java:stop(1572)) - Stopping the Datanode Admin Monitor.
2022-09-03 01:13:47,241 [de25ddac-3a80-4ed5-b6af-85fc97dbd7a2@group-BEC42C492C64-StateMachineUpdater] INFO  server.StorageContainerManager (StorageContainerManager.java:stop(1579)) - Stopping Lease Manager of the command watchers
2022-09-03 01:13:47,242 [de25ddac-3a80-4ed5-b6af-85fc97dbd7a2@group-BEC42C492C64-StateMachineUpdater] ERROR server.StorageContainerManager (StorageContainerManager.java:stop(1582)) - Lease Manager of the command watchers stop failed
2022-09-03 01:13:47,242 [de25ddac-3a80-4ed5-b6af-85fc97dbd7a2@group-BEC42C492C64-StateMachineUpdater] INFO  server.StorageContainerManager (StorageContainerManager.java:stop(1586)) - Stopping datanode service RPC server
2022-09-03 01:13:47,242 [de25ddac-3a80-4ed5-b6af-85fc97dbd7a2@group-BEC42C492C64-StateMachineUpdater] INFO  server.SCMDatanodeProtocolServer (SCMDatanodeProtocolServer.java:stop(414)) - Stopping the RPC server for DataNodes
2022-09-03 01:13:47,242 [de25ddac-3a80-4ed5-b6af-85fc97dbd7a2@group-BEC42C492C64-StateMachineUpdater] INFO  ipc.Server (Server.java:stop(3414)) - Stopping server on 44975
2022-09-03 01:13:47,242 [de25ddac-3a80-4ed5-b6af-85fc97dbd7a2@group-BEC42C492C64-StateMachineUpdater] INFO  server.StorageContainerManager (StorageContainerManager.java:stop(1594)) - Stopping block service RPC server
2022-09-03 01:13:47,242 [de25ddac-3a80-4ed5-b6af-85fc97dbd7a2@group-BEC42C492C64-StateMachineUpdater] INFO  server.SCMBlockProtocolServer (SCMBlockProtocolServer.java:stop(161)) - Stopping the RPC server for Block Protocol
2022-09-03 01:13:47,242 [de25ddac-3a80-4ed5-b6af-85fc97dbd7a2@group-BEC42C492C64-StateMachineUpdater] INFO  ipc.Server (Server.java:stop(3414)) - Stopping server on 40787
2022-09-03 01:13:47,242 [de25ddac-3a80-4ed5-b6af-85fc97dbd7a2@group-BEC42C492C64-StateMachineUpdater] INFO  server.StorageContainerManager (StorageContainerManager.java:stop(1601)) - Stopping the StorageContainerLocationProtocol RPC server
2022-09-03 01:13:47,242 [de25ddac-3a80-4ed5-b6af-85fc97dbd7a2@group-BEC42C492C64-StateMachineUpdater] INFO  server.SCMClientProtocolServer (SCMClientProtocolServer.java:stop(179)) - Stopping the RPC server for Client Protocol
2022-09-03 01:13:47,242 [de25ddac-3a80-4ed5-b6af-85fc97dbd7a2@group-BEC42C492C64-StateMachineUpdater] INFO  ipc.Server (Server.java:stop(3414)) - Stopping server on 39387
2022-09-03 01:13:47,242 [de25ddac-3a80-4ed5-b6af-85fc97dbd7a2@group-BEC42C492C64-StateMachineUpdater] INFO  server.StorageContainerManager (StorageContainerManager.java:stop(1608)) - Stopping Storage Container Manager HTTP server.
2022-09-03 01:13:47,243 [de25ddac-3a80-4ed5-b6af-85fc97dbd7a2@group-BEC42C492C64-StateMachineUpdater] INFO  server.StorageContainerManager (StorageContainerManager.java:stop(1614)) - Stopping SCM LayoutVersionManager Service.
2022-09-03 01:13:47,243 [de25ddac-3a80-4ed5-b6af-85fc97dbd7a2@group-BEC42C492C64-StateMachineUpdater] INFO  server.StorageContainerManager (StorageContainerManager.java:stop(1622)) - Stopping Block Manager Service.
2022-09-03 01:13:47,243 [de25ddac-3a80-4ed5-b6af-85fc97dbd7a2@group-BEC42C492C64-StateMachineUpdater] INFO  utils.BackgroundService (BackgroundService.java:shutdown(141)) - Shutting down service SCMBlockDeletingService
2022-09-03 01:13:47,243 [de25ddac-3a80-4ed5-b6af-85fc97dbd7a2@group-BEC42C492C64-StateMachineUpdater] INFO  utils.BackgroundService (BackgroundService.java:shutdown(141)) - Shutting down service SCMBlockDeletingService
2022-09-03 01:13:47,243 [de25ddac-3a80-4ed5-b6af-85fc97dbd7a2@group-BEC42C492C64-StateMachineUpdater] INFO  server.StorageContainerManager (StorageContainerManager.java:stop(1649)) - Stopping SCM Event Queue.
2022-09-03 01:13:47,244 [de25ddac-3a80-4ed5-b6af-85fc97dbd7a2@group-BEC42C492C64-StateMachineUpdater] INFO  server.StorageContainerManager (StorageContainerManager.java:stop(1660)) - Stopping SCM HA services.
2022-09-03 01:13:47,244 [de25ddac-3a80-4ed5-b6af-85fc97dbd7a2@group-BEC42C492C64-StateMachineUpdater] INFO  ha.SCMRatisServerImpl (SCMRatisServerImpl.java:stop(237)) - stopping ratis server 0.0.0.0:33767
2022-09-03 01:13:47,244 [org.apache.ratis.util.JvmPauseMonitor$$Lambda$519/503118660@9cf487a] INFO  util.JvmPauseMonitor (JvmPauseMonitor.java:run(109)) - JvmPauseMonitor-de25ddac-3a80-4ed5-b6af-85fc97dbd7a2: Stopped
2022-09-03 01:13:47,245 [de25ddac-3a80-4ed5-b6af-85fc97dbd7a2@group-BEC42C492C64-StateMachineUpdater] INFO  pipeline.BackgroundPipelineCreator (BackgroundPipelineCreator.java:stop(149)) - Stopping RatisPipelineUtilsThread.
2022-09-03 01:13:47,245 [Listener at 127.0.0.1/44253] INFO  impl.StateMachineUpdater (StateMachineUpdater.java:stopAndJoin(153)) - de25ddac-3a80-4ed5-b6af-85fc97dbd7a2@group-BEC42C492C64-StateMachineUpdater: set stopIndex = 27
2022-09-03 01:13:47,245 [RatisPipelineUtilsThread - 0] WARN  pipeline.BackgroundPipelineCreator (BackgroundPipelineCreator.java:run(180)) - RatisPipelineUtilsThread is interrupted.
2022-09-03 01:13:47,246 [de25ddac-3a80-4ed5-b6af-85fc97dbd7a2@group-BEC42C492C64-StateMachineUpdater] INFO  BackgroundPipelineScrubber (BackgroundSCMService.java:stop(131)) - Stopping BackgroundPipelineScrubber Service.
2022-09-03 01:13:47,246 [BackgroundPipelineScrubberThread] WARN  BackgroundPipelineScrubber (BackgroundSCMService.java:run(115)) - BackgroundPipelineScrubber is interrupted, exit
2022-09-03 01:13:47,247 [de25ddac-3a80-4ed5-b6af-85fc97dbd7a2@group-BEC42C492C64-StateMachineUpdater] INFO  server.StorageContainerManager (StorageContainerManager.java:stop(1670)) - Stopping SCM MetadataStore.
2022-09-03 01:13:47,250 [de25ddac-3a80-4ed5-b6af-85fc97dbd7a2@group-BEC42C492C64-StateMachineUpdater] INFO  impl.MetricsSystemImpl (MetricsSystemImpl.java:stop(210)) - Stopping HddsDatanode metrics system...
2022-09-03 01:13:47,278 [EndpointStateMachine task thread for /127.0.0.1:44975 - 0 ] WARN  statemachine.EndpointStateMachine (EndpointStateMachine.java:logIfNeeded(241)) - Unable to communicate to SCM server at 127.0.0.1:44975 for past 0 seconds.
java.io.EOFException: End of File Exception between local host is: "fv-az504-37/10.1.1.159"; destination host is: "localhost":44975; : java.io.EOFException; For more details see:  http://wiki.apache.org/hadoop/EOFException
	at sun.reflect.NativeConstructorAccessorImpl.newInstance0(Native Method)
	at sun.reflect.NativeConstructorAccessorImpl.newInstance(NativeConstructorAccessorImpl.java:62)
	at sun.reflect.DelegatingConstructorAccessorImpl.newInstance(DelegatingConstructorAccessorImpl.java:45)
	at java.lang.reflect.Constructor.newInstance(Constructor.java:423)
	at org.apache.hadoop.net.NetUtils.wrapWithMessage(NetUtils.java:913)
	at org.apache.hadoop.net.NetUtils.wrapException(NetUtils.java:862)
	at org.apache.hadoop.ipc.Client.getRpcResponse(Client.java:1577)
	at org.apache.hadoop.ipc.Client.call(Client.java:1519)
	at org.apache.hadoop.ipc.Client.call(Client.java:1416)
	at org.apache.hadoop.ipc.ProtobufRpcEngine$Invoker.invoke(ProtobufRpcEngine.java:236)
	at org.apache.hadoop.ipc.ProtobufRpcEngine$Invoker.invoke(ProtobufRpcEngine.java:123)
	at com.sun.proxy.$Proxy51.submitRequest(Unknown Source)
	at org.apache.hadoop.ozone.protocolPB.StorageContainerDatanodeProtocolClientSideTranslatorPB.submitRequest(StorageContainerDatanodeProtocolClientSideTranslatorPB.java:117)
	at org.apache.hadoop.ozone.protocolPB.StorageContainerDatanodeProtocolClientSideTranslatorPB.sendHeartbeat(StorageContainerDatanodeProtocolClientSideTranslatorPB.java:149)
	at org.apache.hadoop.ozone.container.common.states.endpoint.HeartbeatEndpointTask.call(HeartbeatEndpointTask.java:185)
	at org.apache.hadoop.ozone.container.common.states.endpoint.HeartbeatEndpointTask.call(HeartbeatEndpointTask.java:87)
	at java.util.concurrent.FutureTask.run(FutureTask.java:266)
	at java.util.concurrent.ThreadPoolExecutor.runWorker(ThreadPoolExecutor.java:1149)
	at java.util.concurrent.ThreadPoolExecutor$Worker.run(ThreadPoolExecutor.java:624)
	at java.lang.Thread.run(Thread.java:750)
Caused by: java.io.EOFException
	at java.io.DataInputStream.readInt(DataInputStream.java:392)
	at org.apache.hadoop.ipc.Client$IpcStreams.readResponse(Client.java:1892)
	at org.apache.hadoop.ipc.Client$Connection.receiveRpcResponse(Client.java:1202)
	at org.apache.hadoop.ipc.Client$Connection.run(Client.java:1098)
2022-09-03 01:13:47,290 [de25ddac-3a80-4ed5-b6af-85fc97dbd7a2@group-BEC42C492C64-StateMachineUpdater] INFO  impl.MetricsSystemImpl (MetricsSystemImpl.java:stop(216)) - HddsDatanode metrics system stopped.
2022-09-03 01:13:47,290 [de25ddac-3a80-4ed5-b6af-85fc97dbd7a2@group-BEC42C492C64-StateMachineUpdater] ERROR server.StorageContainerManager (ExitUtils.java:terminate(133)) - Terminating with exit status 1: scm statemachine is closed by ratis, terminate SCM
2022-09-03 01:13:47,291 [de25ddac-3a80-4ed5-b6af-85fc97dbd7a2@group-BEC42C492C64-StateMachineUpdater] WARN  impl.StateMachineUpdater (StateMachineUpdater.java:stop(137)) - de25ddac-3a80-4ed5-b6af-85fc97dbd7a2@group-BEC42C492C64-StateMachineUpdater: Failed to close SCMStateMachine SCMStateMachine:de25ddac-3a80-4ed5-b6af-85fc97dbd7a2:group-BEC42C492C64
org.apache.ratis.util.ExitUtils$ExitException: scm statemachine is closed by ratis, terminate SCM
	at org.apache.ratis.util.ExitUtils.terminate(ExitUtils.java:141)
	at org.apache.ratis.util.ExitUtils.terminate(ExitUtils.java:151)
	at org.apache.ratis.util.ExitUtils.terminate(ExitUtils.java:155)
	at org.apache.hadoop.hdds.scm.server.StorageContainerManager.shutDown(StorageContainerManager.java:1686)
	at org.apache.hadoop.hdds.scm.ha.SCMStateMachine.close(SCMStateMachine.java:403)
	at org.apache.ratis.server.impl.StateMachineUpdater.stop(StateMachineUpdater.java:134)
	at org.apache.ratis.server.impl.StateMachineUpdater.run(StateMachineUpdater.java:187)
	at java.lang.Thread.run(Thread.java:750)
2022-09-03 01:13:47,291 [Listener at 127.0.0.1/44253] INFO  server.RaftServer$Division (ServerState.java:close(429)) - de25ddac-3a80-4ed5-b6af-85fc97dbd7a2@group-BEC42C492C64: closes. applyIndex: 26
2022-09-03 01:13:47,291 [de25ddac-3a80-4ed5-b6af-85fc97dbd7a2@group-BEC42C492C64-SegmentedRaftLogWorker] INFO  segmented.SegmentedRaftLogWorker (SegmentedRaftLogWorker.java:run(336)) - de25ddac-3a80-4ed5-b6af-85fc97dbd7a2@group-BEC42C492C64-SegmentedRaftLogWorker was interrupted, exiting. There are 0 tasks remaining in the queue.
2022-09-03 01:13:47,292 [Listener at 127.0.0.1/44253] INFO  segmented.SegmentedRaftLogWorker (SegmentedRaftLogWorker.java:close(246)) - de25ddac-3a80-4ed5-b6af-85fc97dbd7a2@group-BEC42C492C64-SegmentedRaftLogWorker close()
2022-09-03 01:13:47,295 [Listener at 127.0.0.1/44253] INFO  server.GrpcService (GrpcService.java:closeImpl(269)) - de25ddac-3a80-4ed5-b6af-85fc97dbd7a2: shutdown server with port 33767 now
2022-09-03 01:13:47,297 [grpc-default-executor-4] WARN  server.GrpcLogAppender (LogUtils.java:warn(122)) - 5abf6683-c399-417c-b48d-34ddeee7dd89@group-BEC42C492C64->de25ddac-3a80-4ed5-b6af-85fc97dbd7a2-AppendLogResponseHandler: Failed appendEntries: org.apache.ratis.thirdparty.io.grpc.StatusRuntimeException: CANCELLED: RST_STREAM closed stream. HTTP/2 error code: CANCEL
2022-09-03 01:13:47,297 [grpc-default-executor-4] INFO  leader.FollowerInfo (FollowerInfoImpl.java:lambda$new$0(48)) - 5abf6683-c399-417c-b48d-34ddeee7dd89@group-BEC42C492C64->de25ddac-3a80-4ed5-b6af-85fc97dbd7a2: nextIndex: updateUnconditionally 29 -> 28
2022-09-03 01:13:47,297 [grpc-default-executor-0] WARN  server.GrpcServerProtocolService (LogUtils.java:warn(122)) - de25ddac-3a80-4ed5-b6af-85fc97dbd7a2: installSnapshot onError, lastRequest: 5abf6683-c399-417c-b48d-34ddeee7dd89->de25ddac-3a80-4ed5-b6af-85fc97dbd7a2#934-t2,previous=(t:2, i:27),leaderCommit=27,initializing? true,entries: size=1, first=(t:2, i:28), METADATAENTRY(c:27): org.apache.ratis.thirdparty.io.grpc.StatusRuntimeException: CANCELLED: client cancelled
2022-09-03 01:13:47,297 [Listener at 127.0.0.1/44253] INFO  server.GrpcService (GrpcService.java:closeImpl(278)) - de25ddac-3a80-4ed5-b6af-85fc97dbd7a2: shutdown server with port 33767 successfully
2022-09-03 01:13:47,297 [Listener at 127.0.0.1/44253] WARN  pipeline.BackgroundPipelineCreator (BackgroundPipelineCreator.java:stop(145)) - RatisPipelineUtilsThread is not running, just ignore.
2022-09-03 01:13:47,297 [Listener at 127.0.0.1/44253] INFO  BackgroundPipelineScrubber (BackgroundSCMService.java:stop(126)) - BackgroundPipelineScrubber Service is not running, skip stop.
2022-09-03 01:13:47,297 [Listener at 127.0.0.1/44253] INFO  server.StorageContainerManager (StorageContainerManager.java:stop(1670)) - Stopping SCM MetadataStore.
2022-09-03 01:13:47,298 [Listener at 127.0.0.1/44253] INFO  impl.MetricsSystemImpl (MetricsSystemImpl.java:stop(205)) - HddsDatanode metrics system stopped (again)
2022-09-03 01:13:47,298 [Listener at 127.0.0.1/44253] INFO  ozone.MiniOzoneHAClusterImpl (MiniOzoneHAClusterImpl.java:stop(320)) - Stopping the StorageContainerManager 10e1d7e9-dd38-4db2-b0dc-1e40cbd54060
2022-09-03 01:13:47,298 [Listener at 127.0.0.1/44253] INFO  server.StorageContainerManager (StorageContainerManager.java:stop(1558)) - Container Balancer is not running.
2022-09-03 01:13:47,298 [Listener at 127.0.0.1/44253] INFO  server.StorageContainerManager (StorageContainerManager.java:stop(1565)) - Stopping Replication Manager Service.
2022-09-03 01:13:47,298 [Listener at 127.0.0.1/44253] INFO  replication.ReplicationManager (ReplicationManager.java:stop(241)) - Stopping Replication Monitor Thread.
2022-09-03 01:13:47,299 [ReplicationMonitor] INFO  replication.ReplicationManager (ReplicationManager.java:run(545)) - Replication Monitor Thread is stopped
2022-09-03 01:13:47,299 [Listener at 127.0.0.1/44253] INFO  server.StorageContainerManager (StorageContainerManager.java:stop(1572)) - Stopping the Datanode Admin Monitor.
2022-09-03 01:13:47,299 [Listener at 127.0.0.1/44253] INFO  server.StorageContainerManager (StorageContainerManager.java:stop(1579)) - Stopping Lease Manager of the command watchers
2022-09-03 01:13:47,299 [Listener at 127.0.0.1/44253] INFO  server.StorageContainerManager (StorageContainerManager.java:stop(1586)) - Stopping datanode service RPC server
2022-09-03 01:13:47,299 [Listener at 127.0.0.1/44253] INFO  server.SCMDatanodeProtocolServer (SCMDatanodeProtocolServer.java:stop(414)) - Stopping the RPC server for DataNodes
2022-09-03 01:13:47,299 [Listener at 127.0.0.1/44253] INFO  ipc.Server (Server.java:stop(3414)) - Stopping server on 41659
2022-09-03 01:13:47,300 [IPC Server listener on 41659] INFO  ipc.Server (Server.java:run(1376)) - Stopping IPC Server listener on 41659
2022-09-03 01:13:47,310 [IPC Server Responder] INFO  ipc.Server (Server.java:run(1512)) - Stopping IPC Server Responder
2022-09-03 01:13:47,313 [grpc-default-executor-4] WARN  server.GrpcLogAppender (LogUtils.java:warn(122)) - 5abf6683-c399-417c-b48d-34ddeee7dd89@group-BEC42C492C64->de25ddac-3a80-4ed5-b6af-85fc97dbd7a2-AppendLogResponseHandler: Failed appendEntries: org.apache.ratis.thirdparty.io.grpc.StatusRuntimeException: UNAVAILABLE: io exception
2022-09-03 01:13:47,313 [grpc-default-executor-4] INFO  leader.FollowerInfo (FollowerInfoImpl.java:lambda$new$0(48)) - 5abf6683-c399-417c-b48d-34ddeee7dd89@group-BEC42C492C64->de25ddac-3a80-4ed5-b6af-85fc97dbd7a2: nextIndex: updateUnconditionally 29 -> 28
2022-09-03 01:13:47,407 [SCM Heartbeat Processing Thread - 0] WARN  node.NodeStateManager (NodeStateManager.java:scheduleNextHealthCheck(870)) - Current Thread is interrupted, shutting down HB processing thread for Node Manager.
2022-09-03 01:13:47,407 [Listener at 127.0.0.1/44253] INFO  server.StorageContainerManager (StorageContainerManager.java:stop(1594)) - Stopping block service RPC server
2022-09-03 01:13:47,407 [Listener at 127.0.0.1/44253] INFO  server.SCMBlockProtocolServer (SCMBlockProtocolServer.java:stop(161)) - Stopping the RPC server for Block Protocol
2022-09-03 01:13:47,408 [Listener at 127.0.0.1/44253] INFO  ipc.Server (Server.java:stop(3414)) - Stopping server on 34479
2022-09-03 01:13:47,410 [IPC Server listener on 34479] INFO  ipc.Server (Server.java:run(1376)) - Stopping IPC Server listener on 34479
2022-09-03 01:13:47,410 [Listener at 127.0.0.1/44253] INFO  server.StorageContainerManager (StorageContainerManager.java:stop(1601)) - Stopping the StorageContainerLocationProtocol RPC server
2022-09-03 01:13:47,410 [Listener at 127.0.0.1/44253] INFO  server.SCMClientProtocolServer (SCMClientProtocolServer.java:stop(179)) - Stopping the RPC server for Client Protocol
2022-09-03 01:13:47,410 [Listener at 127.0.0.1/44253] INFO  ipc.Server (Server.java:stop(3414)) - Stopping server on 37213
2022-09-03 01:13:47,410 [IPC Server Responder] INFO  ipc.Server (Server.java:run(1512)) - Stopping IPC Server Responder
2022-09-03 01:13:47,414 [IPC Server listener on 37213] INFO  ipc.Server (Server.java:run(1376)) - Stopping IPC Server listener on 37213
2022-09-03 01:13:47,415 [IPC Server Responder] INFO  ipc.Server (Server.java:run(1512)) - Stopping IPC Server Responder
2022-09-03 01:13:47,415 [Listener at 127.0.0.1/44253] INFO  server.StorageContainerManager (StorageContainerManager.java:stop(1608)) - Stopping Storage Container Manager HTTP server.
2022-09-03 01:13:47,416 [Listener at 127.0.0.1/44253] INFO  handler.ContextHandler (ContextHandler.java:doStop(1153)) - Stopped o.e.j.w.WebAppContext@73e4fea8{scm,/,null,STOPPED}{file:/home/runner/work/ozone/ozone/hadoop-ozone/integration-test/target/test-classes/webapps/scm}
2022-09-03 01:13:47,416 [Listener at 127.0.0.1/44253] INFO  server.AbstractConnector (AbstractConnector.java:doStop(381)) - Stopped ServerConnector@12700c1f{HTTP/1.1, (http/1.1)}{0.0.0.0:42593}
2022-09-03 01:13:47,417 [Listener at 127.0.0.1/44253] INFO  server.session (HouseKeeper.java:stopScavenging(149)) - node0 Stopped scavenging
2022-09-03 01:13:47,417 [Listener at 127.0.0.1/44253] INFO  handler.ContextHandler (ContextHandler.java:doStop(1153)) - Stopped o.e.j.s.ServletContextHandler@5c5d6e53{static,/static,file:///home/runner/work/ozone/ozone/hadoop-ozone/integration-test/target/test-classes/webapps/static,STOPPED}
2022-09-03 01:13:47,417 [Listener at 127.0.0.1/44253] INFO  handler.ContextHandler (ContextHandler.java:doStop(1153)) - Stopped o.e.j.s.ServletContextHandler@15da2e5a{logs,/logs,file:///home/runner/work/ozone/ozone/hadoop-ozone/integration-test/target/log,STOPPED}
2022-09-03 01:13:47,418 [Listener at 127.0.0.1/44253] INFO  server.StorageContainerManager (StorageContainerManager.java:stop(1614)) - Stopping SCM LayoutVersionManager Service.
2022-09-03 01:13:47,418 [Listener at 127.0.0.1/44253] INFO  server.StorageContainerManager (StorageContainerManager.java:stop(1622)) - Stopping Block Manager Service.
2022-09-03 01:13:47,418 [Listener at 127.0.0.1/44253] INFO  utils.BackgroundService (BackgroundService.java:shutdown(141)) - Shutting down service SCMBlockDeletingService
2022-09-03 01:13:47,418 [Listener at 127.0.0.1/44253] INFO  utils.BackgroundService (BackgroundService.java:shutdown(141)) - Shutting down service SCMBlockDeletingService
2022-09-03 01:13:47,419 [Listener at 127.0.0.1/44253] INFO  server.StorageContainerManager (StorageContainerManager.java:stop(1649)) - Stopping SCM Event Queue.
2022-09-03 01:13:47,420 [Listener at 127.0.0.1/44253] INFO  server.StorageContainerManager (StorageContainerManager.java:stop(1660)) - Stopping SCM HA services.
2022-09-03 01:13:47,420 [Listener at 127.0.0.1/44253] INFO  ha.SCMRatisServerImpl (SCMRatisServerImpl.java:stop(237)) - stopping ratis server 0.0.0.0:42923
2022-09-03 01:13:47,420 [Listener at 127.0.0.1/44253] INFO  server.RaftServer (RaftServerProxy.java:lambda$close$7(398)) - 10e1d7e9-dd38-4db2-b0dc-1e40cbd54060: close
2022-09-03 01:13:47,420 [Listener at 127.0.0.1/44253] INFO  server.RaftServer$Division (RaftServerImpl.java:lambda$close$4(434)) - 10e1d7e9-dd38-4db2-b0dc-1e40cbd54060@group-BEC42C492C64: shutdown
2022-09-03 01:13:47,420 [Listener at 127.0.0.1/44253] INFO  util.JmxRegister (JmxRegister.java:unregister(73)) - Successfully un-registered JMX Bean with object name Ratis:service=RaftServer,group=group-BEC42C492C64,id=10e1d7e9-dd38-4db2-b0dc-1e40cbd54060
2022-09-03 01:13:47,420 [Listener at 127.0.0.1/44253] INFO  impl.RoleInfo (RoleInfo.java:shutdownFollowerState(110)) - 10e1d7e9-dd38-4db2-b0dc-1e40cbd54060: shutdown 10e1d7e9-dd38-4db2-b0dc-1e40cbd54060@group-BEC42C492C64-FollowerState
2022-09-03 01:13:47,420 [Listener at 127.0.0.1/44253] INFO  impl.StateMachineUpdater (StateMachineUpdater.java:stopAndJoin(153)) - 10e1d7e9-dd38-4db2-b0dc-1e40cbd54060@group-BEC42C492C64-StateMachineUpdater: set stopIndex = 27
2022-09-03 01:13:47,420 [10e1d7e9-dd38-4db2-b0dc-1e40cbd54060@group-BEC42C492C64-FollowerState] INFO  impl.FollowerState (FollowerState.java:run(152)) - 10e1d7e9-dd38-4db2-b0dc-1e40cbd54060@group-BEC42C492C64-FollowerState was interrupted
2022-09-03 01:13:47,421 [10e1d7e9-dd38-4db2-b0dc-1e40cbd54060@group-BEC42C492C64-StateMachineUpdater] INFO  ha.SCMStateMachine (SCMStateMachine.java:takeSnapshot(297)) - Current Snapshot Index 27, takeSnapshot took 0 ms
2022-09-03 01:13:47,421 [10e1d7e9-dd38-4db2-b0dc-1e40cbd54060@group-BEC42C492C64-StateMachineUpdater] INFO  impl.StateMachineUpdater (StateMachineUpdater.java:takeSnapshot(287)) - 10e1d7e9-dd38-4db2-b0dc-1e40cbd54060@group-BEC42C492C64-StateMachineUpdater: Took a snapshot at index 27
2022-09-03 01:13:47,421 [10e1d7e9-dd38-4db2-b0dc-1e40cbd54060@group-BEC42C492C64-StateMachineUpdater] INFO  impl.StateMachineUpdater (StateMachineUpdater.java:lambda$new$0(92)) - 10e1d7e9-dd38-4db2-b0dc-1e40cbd54060@group-BEC42C492C64-StateMachineUpdater: snapshotIndex: updateIncreasingly -1 -> 27
2022-09-03 01:13:47,422 [10e1d7e9-dd38-4db2-b0dc-1e40cbd54060@group-BEC42C492C64-StateMachineUpdater] INFO  server.StorageContainerManager (StorageContainerManager.java:stop(1558)) - Container Balancer is not running.
2022-09-03 01:13:47,422 [10e1d7e9-dd38-4db2-b0dc-1e40cbd54060@group-BEC42C492C64-StateMachineUpdater] INFO  server.StorageContainerManager (StorageContainerManager.java:stop(1565)) - Stopping Replication Manager Service.
2022-09-03 01:13:47,422 [10e1d7e9-dd38-4db2-b0dc-1e40cbd54060@group-BEC42C492C64-StateMachineUpdater] INFO  replication.ReplicationManager (ReplicationManager.java:stop(247)) - Replication Monitor Thread is not running.
2022-09-03 01:13:47,422 [10e1d7e9-dd38-4db2-b0dc-1e40cbd54060@group-BEC42C492C64-StateMachineUpdater] INFO  server.StorageContainerManager (StorageContainerManager.java:stop(1572)) - Stopping the Datanode Admin Monitor.
2022-09-03 01:13:47,422 [10e1d7e9-dd38-4db2-b0dc-1e40cbd54060@group-BEC42C492C64-StateMachineUpdater] INFO  server.StorageContainerManager (StorageContainerManager.java:stop(1579)) - Stopping Lease Manager of the command watchers
2022-09-03 01:13:47,422 [10e1d7e9-dd38-4db2-b0dc-1e40cbd54060@group-BEC42C492C64-StateMachineUpdater] ERROR server.StorageContainerManager (StorageContainerManager.java:stop(1582)) - Lease Manager of the command watchers stop failed
2022-09-03 01:13:47,422 [10e1d7e9-dd38-4db2-b0dc-1e40cbd54060@group-BEC42C492C64-StateMachineUpdater] INFO  server.StorageContainerManager (StorageContainerManager.java:stop(1586)) - Stopping datanode service RPC server
2022-09-03 01:13:47,422 [10e1d7e9-dd38-4db2-b0dc-1e40cbd54060@group-BEC42C492C64-StateMachineUpdater] INFO  server.SCMDatanodeProtocolServer (SCMDatanodeProtocolServer.java:stop(414)) - Stopping the RPC server for DataNodes
2022-09-03 01:13:47,422 [10e1d7e9-dd38-4db2-b0dc-1e40cbd54060@group-BEC42C492C64-StateMachineUpdater] INFO  ipc.Server (Server.java:stop(3414)) - Stopping server on 41659
2022-09-03 01:13:47,422 [10e1d7e9-dd38-4db2-b0dc-1e40cbd54060@group-BEC42C492C64-StateMachineUpdater] INFO  server.StorageContainerManager (StorageContainerManager.java:stop(1594)) - Stopping block service RPC server
2022-09-03 01:13:47,422 [10e1d7e9-dd38-4db2-b0dc-1e40cbd54060@group-BEC42C492C64-StateMachineUpdater] INFO  server.SCMBlockProtocolServer (SCMBlockProtocolServer.java:stop(161)) - Stopping the RPC server for Block Protocol
2022-09-03 01:13:47,422 [10e1d7e9-dd38-4db2-b0dc-1e40cbd54060@group-BEC42C492C64-StateMachineUpdater] INFO  ipc.Server (Server.java:stop(3414)) - Stopping server on 34479
2022-09-03 01:13:47,422 [10e1d7e9-dd38-4db2-b0dc-1e40cbd54060@group-BEC42C492C64-StateMachineUpdater] INFO  server.StorageContainerManager (StorageContainerManager.java:stop(1601)) - Stopping the StorageContainerLocationProtocol RPC server
2022-09-03 01:13:47,422 [10e1d7e9-dd38-4db2-b0dc-1e40cbd54060@group-BEC42C492C64-StateMachineUpdater] INFO  server.SCMClientProtocolServer (SCMClientProtocolServer.java:stop(179)) - Stopping the RPC server for Client Protocol
2022-09-03 01:13:47,422 [10e1d7e9-dd38-4db2-b0dc-1e40cbd54060@group-BEC42C492C64-StateMachineUpdater] INFO  ipc.Server (Server.java:stop(3414)) - Stopping server on 37213
2022-09-03 01:13:47,422 [10e1d7e9-dd38-4db2-b0dc-1e40cbd54060@group-BEC42C492C64-StateMachineUpdater] INFO  server.StorageContainerManager (StorageContainerManager.java:stop(1608)) - Stopping Storage Container Manager HTTP server.
2022-09-03 01:13:47,423 [10e1d7e9-dd38-4db2-b0dc-1e40cbd54060@group-BEC42C492C64-StateMachineUpdater] INFO  server.StorageContainerManager (StorageContainerManager.java:stop(1614)) - Stopping SCM LayoutVersionManager Service.
2022-09-03 01:13:47,423 [10e1d7e9-dd38-4db2-b0dc-1e40cbd54060@group-BEC42C492C64-StateMachineUpdater] INFO  server.StorageContainerManager (StorageContainerManager.java:stop(1622)) - Stopping Block Manager Service.
2022-09-03 01:13:47,423 [10e1d7e9-dd38-4db2-b0dc-1e40cbd54060@group-BEC42C492C64-StateMachineUpdater] INFO  utils.BackgroundService (BackgroundService.java:shutdown(141)) - Shutting down service SCMBlockDeletingService
2022-09-03 01:13:47,423 [10e1d7e9-dd38-4db2-b0dc-1e40cbd54060@group-BEC42C492C64-StateMachineUpdater] INFO  utils.BackgroundService (BackgroundService.java:shutdown(141)) - Shutting down service SCMBlockDeletingService
2022-09-03 01:13:47,423 [10e1d7e9-dd38-4db2-b0dc-1e40cbd54060@group-BEC42C492C64-StateMachineUpdater] INFO  server.StorageContainerManager (StorageContainerManager.java:stop(1649)) - Stopping SCM Event Queue.
2022-09-03 01:13:47,423 [10e1d7e9-dd38-4db2-b0dc-1e40cbd54060@group-BEC42C492C64-StateMachineUpdater] INFO  server.StorageContainerManager (StorageContainerManager.java:stop(1660)) - Stopping SCM HA services.
2022-09-03 01:13:47,423 [10e1d7e9-dd38-4db2-b0dc-1e40cbd54060@group-BEC42C492C64-StateMachineUpdater] INFO  ha.SCMRatisServerImpl (SCMRatisServerImpl.java:stop(237)) - stopping ratis server 0.0.0.0:42923
2022-09-03 01:13:47,426 [org.apache.ratis.util.JvmPauseMonitor$$Lambda$519/503118660@3240af76] INFO  util.JvmPauseMonitor (JvmPauseMonitor.java:run(109)) - JvmPauseMonitor-10e1d7e9-dd38-4db2-b0dc-1e40cbd54060: Stopped
2022-09-03 01:13:47,426 [10e1d7e9-dd38-4db2-b0dc-1e40cbd54060@group-BEC42C492C64-StateMachineUpdater] INFO  pipeline.BackgroundPipelineCreator (BackgroundPipelineCreator.java:stop(149)) - Stopping RatisPipelineUtilsThread.
2022-09-03 01:13:47,426 [RatisPipelineUtilsThread - 0] WARN  pipeline.BackgroundPipelineCreator (BackgroundPipelineCreator.java:run(180)) - RatisPipelineUtilsThread is interrupted.
2022-09-03 01:13:47,427 [10e1d7e9-dd38-4db2-b0dc-1e40cbd54060@group-BEC42C492C64-StateMachineUpdater] INFO  BackgroundPipelineScrubber (BackgroundSCMService.java:stop(131)) - Stopping BackgroundPipelineScrubber Service.
2022-09-03 01:13:47,427 [10e1d7e9-dd38-4db2-b0dc-1e40cbd54060@group-BEC42C492C64-StateMachineUpdater] INFO  server.StorageContainerManager (StorageContainerManager.java:stop(1670)) - Stopping SCM MetadataStore.
2022-09-03 01:13:47,427 [BackgroundPipelineScrubberThread] WARN  BackgroundPipelineScrubber (BackgroundSCMService.java:run(115)) - BackgroundPipelineScrubber is interrupted, exit
2022-09-03 01:13:47,428 [10e1d7e9-dd38-4db2-b0dc-1e40cbd54060@group-BEC42C492C64-StateMachineUpdater] INFO  impl.MetricsSystemImpl (MetricsSystemImpl.java:stop(205)) - HddsDatanode metrics system stopped (again)
2022-09-03 01:13:47,428 [10e1d7e9-dd38-4db2-b0dc-1e40cbd54060@group-BEC42C492C64-StateMachineUpdater] ERROR server.StorageContainerManager (ExitUtils.java:terminate(133)) - Terminating with exit status 1: scm statemachine is closed by ratis, terminate SCM
2022-09-03 01:13:47,428 [10e1d7e9-dd38-4db2-b0dc-1e40cbd54060@group-BEC42C492C64-StateMachineUpdater] WARN  impl.StateMachineUpdater (StateMachineUpdater.java:stop(137)) - 10e1d7e9-dd38-4db2-b0dc-1e40cbd54060@group-BEC42C492C64-StateMachineUpdater: Failed to close SCMStateMachine SCMStateMachine:10e1d7e9-dd38-4db2-b0dc-1e40cbd54060:group-BEC42C492C64
org.apache.ratis.util.ExitUtils$ExitException: scm statemachine is closed by ratis, terminate SCM
	at org.apache.ratis.util.ExitUtils.terminate(ExitUtils.java:141)
	at org.apache.ratis.util.ExitUtils.terminate(ExitUtils.java:151)
	at org.apache.ratis.util.ExitUtils.terminate(ExitUtils.java:155)
	at org.apache.hadoop.hdds.scm.server.StorageContainerManager.shutDown(StorageContainerManager.java:1686)
	at org.apache.hadoop.hdds.scm.ha.SCMStateMachine.close(SCMStateMachine.java:403)
	at org.apache.ratis.server.impl.StateMachineUpdater.stop(StateMachineUpdater.java:134)
	at org.apache.ratis.server.impl.StateMachineUpdater.run(StateMachineUpdater.java:187)
	at java.lang.Thread.run(Thread.java:750)
2022-09-03 01:13:47,428 [Listener at 127.0.0.1/44253] INFO  server.RaftServer$Division (ServerState.java:close(429)) - 10e1d7e9-dd38-4db2-b0dc-1e40cbd54060@group-BEC42C492C64: closes. applyIndex: 26
2022-09-03 01:13:47,429 [10e1d7e9-dd38-4db2-b0dc-1e40cbd54060@group-BEC42C492C64-SegmentedRaftLogWorker] INFO  segmented.SegmentedRaftLogWorker (SegmentedRaftLogWorker.java:run(336)) - 10e1d7e9-dd38-4db2-b0dc-1e40cbd54060@group-BEC42C492C64-SegmentedRaftLogWorker was interrupted, exiting. There are 0 tasks remaining in the queue.
2022-09-03 01:13:47,430 [Listener at 127.0.0.1/44253] INFO  segmented.SegmentedRaftLogWorker (SegmentedRaftLogWorker.java:close(246)) - 10e1d7e9-dd38-4db2-b0dc-1e40cbd54060@group-BEC42C492C64-SegmentedRaftLogWorker close()
2022-09-03 01:13:47,436 [Listener at 127.0.0.1/44253] INFO  server.GrpcService (GrpcService.java:closeImpl(269)) - 10e1d7e9-dd38-4db2-b0dc-1e40cbd54060: shutdown server with port 42923 now
2022-09-03 01:13:47,438 [Listener at 127.0.0.1/44253] INFO  server.GrpcService (GrpcService.java:closeImpl(278)) - 10e1d7e9-dd38-4db2-b0dc-1e40cbd54060: shutdown server with port 42923 successfully
2022-09-03 01:13:47,438 [Listener at 127.0.0.1/44253] WARN  pipeline.BackgroundPipelineCreator (BackgroundPipelineCreator.java:stop(145)) - RatisPipelineUtilsThread is not running, just ignore.
2022-09-03 01:13:47,438 [Listener at 127.0.0.1/44253] INFO  BackgroundPipelineScrubber (BackgroundSCMService.java:stop(126)) - BackgroundPipelineScrubber Service is not running, skip stop.
2022-09-03 01:13:47,438 [Listener at 127.0.0.1/44253] INFO  server.StorageContainerManager (StorageContainerManager.java:stop(1670)) - Stopping SCM MetadataStore.
2022-09-03 01:13:47,438 [Listener at 127.0.0.1/44253] INFO  impl.MetricsSystemImpl (MetricsSystemImpl.java:stop(205)) - HddsDatanode metrics system stopped (again)
2022-09-03 01:13:47,438 [Listener at 127.0.0.1/44253] INFO  ozone.MiniOzoneHAClusterImpl (MiniOzoneHAClusterImpl.java:stop(320)) - Stopping the StorageContainerManager 5abf6683-c399-417c-b48d-34ddeee7dd89
2022-09-03 01:13:47,438 [Listener at 127.0.0.1/44253] INFO  server.StorageContainerManager (StorageContainerManager.java:stop(1558)) - Container Balancer is not running.
2022-09-03 01:13:47,438 [Listener at 127.0.0.1/44253] INFO  server.StorageContainerManager (StorageContainerManager.java:stop(1565)) - Stopping Replication Manager Service.
2022-09-03 01:13:47,438 [Listener at 127.0.0.1/44253] INFO  replication.ReplicationManager (ReplicationManager.java:stop(241)) - Stopping Replication Monitor Thread.
2022-09-03 01:13:47,438 [grpc-default-executor-0] WARN  server.GrpcServerProtocolService (LogUtils.java:warn(122)) - 10e1d7e9-dd38-4db2-b0dc-1e40cbd54060: installSnapshot onError, lastRequest: 5abf6683-c399-417c-b48d-34ddeee7dd89->10e1d7e9-dd38-4db2-b0dc-1e40cbd54060#879-t2,previous=(t:2, i:27),leaderCommit=27,initializing? true,entries: size=1, first=(t:2, i:28), METADATAENTRY(c:27): org.apache.ratis.thirdparty.io.grpc.StatusRuntimeException: CANCELLED: client cancelled
2022-09-03 01:13:47,439 [grpc-default-executor-3] WARN  server.GrpcLogAppender (LogUtils.java:warn(122)) - 5abf6683-c399-417c-b48d-34ddeee7dd89@group-BEC42C492C64->10e1d7e9-dd38-4db2-b0dc-1e40cbd54060-AppendLogResponseHandler: Failed appendEntries: org.apache.ratis.thirdparty.io.grpc.StatusRuntimeException: CANCELLED: RST_STREAM closed stream. HTTP/2 error code: CANCEL
2022-09-03 01:13:47,438 [Listener at 127.0.0.1/44253] INFO  server.StorageContainerManager (StorageContainerManager.java:stop(1572)) - Stopping the Datanode Admin Monitor.
2022-09-03 01:13:47,439 [grpc-default-executor-3] INFO  leader.FollowerInfo (FollowerInfoImpl.java:lambda$new$0(48)) - 5abf6683-c399-417c-b48d-34ddeee7dd89@group-BEC42C492C64->10e1d7e9-dd38-4db2-b0dc-1e40cbd54060: nextIndex: updateUnconditionally 29 -> 28
2022-09-03 01:13:47,439 [Listener at 127.0.0.1/44253] INFO  server.StorageContainerManager (StorageContainerManager.java:stop(1579)) - Stopping Lease Manager of the command watchers
2022-09-03 01:13:47,439 [Listener at 127.0.0.1/44253] INFO  server.StorageContainerManager (StorageContainerManager.java:stop(1586)) - Stopping datanode service RPC server
2022-09-03 01:13:47,439 [ReplicationMonitor] INFO  replication.ReplicationManager (ReplicationManager.java:run(545)) - Replication Monitor Thread is stopped
2022-09-03 01:13:47,439 [Listener at 127.0.0.1/44253] INFO  server.SCMDatanodeProtocolServer (SCMDatanodeProtocolServer.java:stop(414)) - Stopping the RPC server for DataNodes
2022-09-03 01:13:47,440 [Listener at 127.0.0.1/44253] INFO  ipc.Server (Server.java:stop(3414)) - Stopping server on 36917
2022-09-03 01:13:47,444 [IPC Server Responder] INFO  ipc.Server (Server.java:run(1512)) - Stopping IPC Server Responder
2022-09-03 01:13:47,445 [IPC Server listener on 36917] INFO  ipc.Server (Server.java:run(1376)) - Stopping IPC Server listener on 36917
2022-09-03 01:13:47,453 [grpc-default-executor-3] WARN  server.GrpcLogAppender (LogUtils.java:warn(122)) - 5abf6683-c399-417c-b48d-34ddeee7dd89@group-BEC42C492C64->10e1d7e9-dd38-4db2-b0dc-1e40cbd54060-AppendLogResponseHandler: Failed appendEntries: org.apache.ratis.thirdparty.io.grpc.StatusRuntimeException: UNAVAILABLE: io exception
2022-09-03 01:13:47,453 [grpc-default-executor-3] INFO  leader.FollowerInfo (FollowerInfoImpl.java:lambda$new$0(48)) - 5abf6683-c399-417c-b48d-34ddeee7dd89@group-BEC42C492C64->10e1d7e9-dd38-4db2-b0dc-1e40cbd54060: nextIndex: updateUnconditionally 29 -> 28
2022-09-03 01:13:47,537 [EndpointStateMachine task thread for /127.0.0.1:36917 - 0 ] WARN  statemachine.EndpointStateMachine (EndpointStateMachine.java:logIfNeeded(241)) - Unable to communicate to SCM server at 127.0.0.1:36917 for past 0 seconds.
java.io.EOFException: End of File Exception between local host is: "fv-az504-37/10.1.1.159"; destination host is: "localhost":36917; : java.io.EOFException; For more details see:  http://wiki.apache.org/hadoop/EOFException
	at sun.reflect.NativeConstructorAccessorImpl.newInstance0(Native Method)
	at sun.reflect.NativeConstructorAccessorImpl.newInstance(NativeConstructorAccessorImpl.java:62)
	at sun.reflect.DelegatingConstructorAccessorImpl.newInstance(DelegatingConstructorAccessorImpl.java:45)
	at java.lang.reflect.Constructor.newInstance(Constructor.java:423)
	at org.apache.hadoop.net.NetUtils.wrapWithMessage(NetUtils.java:913)
	at org.apache.hadoop.net.NetUtils.wrapException(NetUtils.java:862)
	at org.apache.hadoop.ipc.Client.getRpcResponse(Client.java:1577)
	at org.apache.hadoop.ipc.Client.call(Client.java:1519)
	at org.apache.hadoop.ipc.Client.call(Client.java:1416)
	at org.apache.hadoop.ipc.ProtobufRpcEngine$Invoker.invoke(ProtobufRpcEngine.java:236)
	at org.apache.hadoop.ipc.ProtobufRpcEngine$Invoker.invoke(ProtobufRpcEngine.java:123)
	at com.sun.proxy.$Proxy51.submitRequest(Unknown Source)
	at org.apache.hadoop.ozone.protocolPB.StorageContainerDatanodeProtocolClientSideTranslatorPB.submitRequest(StorageContainerDatanodeProtocolClientSideTranslatorPB.java:117)
	at org.apache.hadoop.ozone.protocolPB.StorageContainerDatanodeProtocolClientSideTranslatorPB.sendHeartbeat(StorageContainerDatanodeProtocolClientSideTranslatorPB.java:149)
	at org.apache.hadoop.ozone.container.common.states.endpoint.HeartbeatEndpointTask.call(HeartbeatEndpointTask.java:185)
	at org.apache.hadoop.ozone.container.common.states.endpoint.HeartbeatEndpointTask.call(HeartbeatEndpointTask.java:87)
	at java.util.concurrent.FutureTask.run(FutureTask.java:266)
	at java.util.concurrent.ThreadPoolExecutor.runWorker(ThreadPoolExecutor.java:1149)
	at java.util.concurrent.ThreadPoolExecutor$Worker.run(ThreadPoolExecutor.java:624)
	at java.lang.Thread.run(Thread.java:750)
Caused by: java.io.EOFException
	at java.io.DataInputStream.readInt(DataInputStream.java:392)
	at org.apache.hadoop.ipc.Client$IpcStreams.readResponse(Client.java:1892)
	at org.apache.hadoop.ipc.Client$Connection.receiveRpcResponse(Client.java:1202)
	at org.apache.hadoop.ipc.Client$Connection.run(Client.java:1098)
2022-09-03 01:13:47,539 [EndpointStateMachine task thread for /127.0.0.1:41659 - 0 ] WARN  statemachine.EndpointStateMachine (EndpointStateMachine.java:logIfNeeded(241)) - Unable to communicate to SCM server at 127.0.0.1:41659 for past 0 seconds.
java.io.EOFException: End of File Exception between local host is: "fv-az504-37/10.1.1.159"; destination host is: "localhost":41659; : java.io.EOFException; For more details see:  http://wiki.apache.org/hadoop/EOFException
	at sun.reflect.NativeConstructorAccessorImpl.newInstance0(Native Method)
	at sun.reflect.NativeConstructorAccessorImpl.newInstance(NativeConstructorAccessorImpl.java:62)
	at sun.reflect.DelegatingConstructorAccessorImpl.newInstance(DelegatingConstructorAccessorImpl.java:45)
	at java.lang.reflect.Constructor.newInstance(Constructor.java:423)
	at org.apache.hadoop.net.NetUtils.wrapWithMessage(NetUtils.java:913)
	at org.apache.hadoop.net.NetUtils.wrapException(NetUtils.java:862)
	at org.apache.hadoop.ipc.Client.getRpcResponse(Client.java:1577)
	at org.apache.hadoop.ipc.Client.call(Client.java:1519)
	at org.apache.hadoop.ipc.Client.call(Client.java:1416)
	at org.apache.hadoop.ipc.ProtobufRpcEngine$Invoker.invoke(ProtobufRpcEngine.java:236)
	at org.apache.hadoop.ipc.ProtobufRpcEngine$Invoker.invoke(ProtobufRpcEngine.java:123)
	at com.sun.proxy.$Proxy51.submitRequest(Unknown Source)
	at org.apache.hadoop.ozone.protocolPB.StorageContainerDatanodeProtocolClientSideTranslatorPB.submitRequest(StorageContainerDatanodeProtocolClientSideTranslatorPB.java:117)
	at org.apache.hadoop.ozone.protocolPB.StorageContainerDatanodeProtocolClientSideTranslatorPB.sendHeartbeat(StorageContainerDatanodeProtocolClientSideTranslatorPB.java:149)
	at org.apache.hadoop.ozone.container.common.states.endpoint.HeartbeatEndpointTask.call(HeartbeatEndpointTask.java:185)
	at org.apache.hadoop.ozone.container.common.states.endpoint.HeartbeatEndpointTask.call(HeartbeatEndpointTask.java:87)
	at java.util.concurrent.FutureTask.run(FutureTask.java:266)
	at java.util.concurrent.ThreadPoolExecutor.runWorker(ThreadPoolExecutor.java:1149)
	at java.util.concurrent.ThreadPoolExecutor$Worker.run(ThreadPoolExecutor.java:624)
	at java.lang.Thread.run(Thread.java:750)
Caused by: java.io.EOFException
	at java.io.DataInputStream.readInt(DataInputStream.java:392)
	at org.apache.hadoop.ipc.Client$IpcStreams.readResponse(Client.java:1892)
	at org.apache.hadoop.ipc.Client$Connection.receiveRpcResponse(Client.java:1202)
	at org.apache.hadoop.ipc.Client$Connection.run(Client.java:1098)
2022-09-03 01:13:48,404 [grpc-default-executor-3] WARN  server.GrpcLogAppender (LogUtils.java:warn(122)) - 5abf6683-c399-417c-b48d-34ddeee7dd89@group-BEC42C492C64->10e1d7e9-dd38-4db2-b0dc-1e40cbd54060-AppendLogResponseHandler: Failed appendEntries: org.apache.ratis.thirdparty.io.grpc.StatusRuntimeException: UNAVAILABLE: io exception
2022-09-03 01:13:48,405 [grpc-default-executor-3] INFO  leader.FollowerInfo (FollowerInfoImpl.java:lambda$new$0(48)) - 5abf6683-c399-417c-b48d-34ddeee7dd89@group-BEC42C492C64->10e1d7e9-dd38-4db2-b0dc-1e40cbd54060: nextIndex: updateUnconditionally 29 -> 28
2022-09-03 01:13:48,420 [grpc-default-executor-3] WARN  server.GrpcLogAppender (LogUtils.java:warn(122)) - 5abf6683-c399-417c-b48d-34ddeee7dd89@group-BEC42C492C64->de25ddac-3a80-4ed5-b6af-85fc97dbd7a2-AppendLogResponseHandler: Failed appendEntries: org.apache.ratis.thirdparty.io.grpc.StatusRuntimeException: UNAVAILABLE: io exception
2022-09-03 01:13:48,421 [grpc-default-executor-3] INFO  leader.FollowerInfo (FollowerInfoImpl.java:lambda$new$0(48)) - 5abf6683-c399-417c-b48d-34ddeee7dd89@group-BEC42C492C64->de25ddac-3a80-4ed5-b6af-85fc97dbd7a2: nextIndex: updateUnconditionally 29 -> 28
2022-09-03 01:13:48,537 [EndpointStateMachine task thread for /127.0.0.1:44975 - 0 ] INFO  ipc.Client (Client.java:handleConnectionFailure(977)) - Retrying connect to server: localhost/127.0.0.1:44975. Already tried 0 time(s); retry policy is RetryUpToMaximumCountWithFixedSleep(maxRetries=15, sleepTime=1000 MILLISECONDS)
2022-09-03 01:13:48,880 [EndpointStateMachine task thread for /127.0.0.1:36917 - 0 ] INFO  ipc.Client (Client.java:handleConnectionFailure(977)) - Retrying connect to server: localhost/127.0.0.1:36917. Already tried 0 time(s); retry policy is RetryUpToMaximumCountWithFixedSleep(maxRetries=15, sleepTime=1000 MILLISECONDS)
2022-09-03 01:13:48,880 [EndpointStateMachine task thread for /127.0.0.1:41659 - 0 ] INFO  ipc.Client (Client.java:handleConnectionFailure(977)) - Retrying connect to server: localhost/127.0.0.1:41659. Already tried 0 time(s); retry policy is RetryUpToMaximumCountWithFixedSleep(maxRetries=15, sleepTime=1000 MILLISECONDS)
2022-09-03 01:13:49,311 [SCM Heartbeat Processing Thread - 0] WARN  node.NodeStateManager (NodeStateManager.java:scheduleNextHealthCheck(870)) - Current Thread is interrupted, shutting down HB processing thread for Node Manager.
2022-09-03 01:13:49,311 [Listener at 127.0.0.1/44253] INFO  server.StorageContainerManager (StorageContainerManager.java:stop(1594)) - Stopping block service RPC server
2022-09-03 01:13:49,311 [Listener at 127.0.0.1/44253] INFO  server.SCMBlockProtocolServer (SCMBlockProtocolServer.java:stop(161)) - Stopping the RPC server for Block Protocol
2022-09-03 01:13:49,311 [Listener at 127.0.0.1/44253] INFO  ipc.Server (Server.java:stop(3414)) - Stopping server on 41665
2022-09-03 01:13:49,321 [IPC Server listener on 41665] INFO  ipc.Server (Server.java:run(1376)) - Stopping IPC Server listener on 41665
2022-09-03 01:13:49,324 [Listener at 127.0.0.1/44253] INFO  server.StorageContainerManager (StorageContainerManager.java:stop(1601)) - Stopping the StorageContainerLocationProtocol RPC server
2022-09-03 01:13:49,324 [Listener at 127.0.0.1/44253] INFO  server.SCMClientProtocolServer (SCMClientProtocolServer.java:stop(179)) - Stopping the RPC server for Client Protocol
2022-09-03 01:13:49,324 [Listener at 127.0.0.1/44253] INFO  ipc.Server (Server.java:stop(3414)) - Stopping server on 35673
2022-09-03 01:13:49,324 [IPC Server Responder] INFO  ipc.Server (Server.java:run(1512)) - Stopping IPC Server Responder
2022-09-03 01:13:49,327 [IPC Server listener on 35673] INFO  ipc.Server (Server.java:run(1376)) - Stopping IPC Server listener on 35673
2022-09-03 01:13:49,327 [Listener at 127.0.0.1/44253] INFO  server.StorageContainerManager (StorageContainerManager.java:stop(1608)) - Stopping Storage Container Manager HTTP server.
2022-09-03 01:13:49,328 [IPC Server Responder] INFO  ipc.Server (Server.java:run(1512)) - Stopping IPC Server Responder
2022-09-03 01:13:49,331 [Listener at 127.0.0.1/44253] INFO  handler.ContextHandler (ContextHandler.java:doStop(1153)) - Stopped o.e.j.w.WebAppContext@37883212{scm,/,null,STOPPED}{file:/home/runner/work/ozone/ozone/hadoop-ozone/integration-test/target/test-classes/webapps/scm}
2022-09-03 01:13:49,333 [Listener at 127.0.0.1/44253] INFO  server.AbstractConnector (AbstractConnector.java:doStop(381)) - Stopped ServerConnector@346e45dd{HTTP/1.1, (http/1.1)}{0.0.0.0:46645}
2022-09-03 01:13:49,334 [Listener at 127.0.0.1/44253] INFO  server.session (HouseKeeper.java:stopScavenging(149)) - node0 Stopped scavenging
2022-09-03 01:13:49,334 [Listener at 127.0.0.1/44253] INFO  handler.ContextHandler (ContextHandler.java:doStop(1153)) - Stopped o.e.j.s.ServletContextHandler@322d586d{static,/static,file:///home/runner/work/ozone/ozone/hadoop-ozone/integration-test/target/test-classes/webapps/static,STOPPED}
2022-09-03 01:13:49,334 [Listener at 127.0.0.1/44253] INFO  handler.ContextHandler (ContextHandler.java:doStop(1153)) - Stopped o.e.j.s.ServletContextHandler@5d3c1ff9{logs,/logs,file:///home/runner/work/ozone/ozone/hadoop-ozone/integration-test/target/log,STOPPED}
2022-09-03 01:13:49,336 [Listener at 127.0.0.1/44253] INFO  server.StorageContainerManager (StorageContainerManager.java:stop(1614)) - Stopping SCM LayoutVersionManager Service.
2022-09-03 01:13:49,336 [Listener at 127.0.0.1/44253] INFO  server.StorageContainerManager (StorageContainerManager.java:stop(1622)) - Stopping Block Manager Service.
2022-09-03 01:13:49,336 [Listener at 127.0.0.1/44253] INFO  utils.BackgroundService (BackgroundService.java:shutdown(141)) - Shutting down service SCMBlockDeletingService
2022-09-03 01:13:49,336 [Listener at 127.0.0.1/44253] INFO  utils.BackgroundService (BackgroundService.java:shutdown(141)) - Shutting down service SCMBlockDeletingService
2022-09-03 01:13:49,337 [Listener at 127.0.0.1/44253] INFO  server.StorageContainerManager (StorageContainerManager.java:stop(1649)) - Stopping SCM Event Queue.
2022-09-03 01:13:49,339 [Listener at 127.0.0.1/44253] INFO  server.StorageContainerManager (StorageContainerManager.java:stop(1660)) - Stopping SCM HA services.
2022-09-03 01:13:49,339 [Listener at 127.0.0.1/44253] INFO  ha.SCMRatisServerImpl (SCMRatisServerImpl.java:stop(237)) - stopping ratis server 0.0.0.0:37097
2022-09-03 01:13:49,340 [Listener at 127.0.0.1/44253] INFO  server.RaftServer (RaftServerProxy.java:lambda$close$7(398)) - 5abf6683-c399-417c-b48d-34ddeee7dd89: close
2022-09-03 01:13:49,340 [Listener at 127.0.0.1/44253] INFO  server.RaftServer$Division (RaftServerImpl.java:lambda$close$4(434)) - 5abf6683-c399-417c-b48d-34ddeee7dd89@group-BEC42C492C64: shutdown
2022-09-03 01:13:49,340 [Listener at 127.0.0.1/44253] INFO  util.JmxRegister (JmxRegister.java:unregister(73)) - Successfully un-registered JMX Bean with object name Ratis:service=RaftServer,group=group-BEC42C492C64,id=5abf6683-c399-417c-b48d-34ddeee7dd89
2022-09-03 01:13:49,340 [Listener at 127.0.0.1/44253] INFO  impl.RoleInfo (RoleInfo.java:shutdownLeaderState(93)) - 5abf6683-c399-417c-b48d-34ddeee7dd89: shutdown 5abf6683-c399-417c-b48d-34ddeee7dd89@group-BEC42C492C64-LeaderStateImpl
2022-09-03 01:13:49,340 [5abf6683-c399-417c-b48d-34ddeee7dd89@group-BEC42C492C64->de25ddac-3a80-4ed5-b6af-85fc97dbd7a2-GrpcLogAppender-LogAppenderDaemon] WARN  server.GrpcLogAppender (GrpcLogAppender.java:mayWait(171)) - 5abf6683-c399-417c-b48d-34ddeee7dd89@group-BEC42C492C64->de25ddac-3a80-4ed5-b6af-85fc97dbd7a2-GrpcLogAppender: Wait interrupted by java.lang.InterruptedException
2022-09-03 01:13:49,341 [5abf6683-c399-417c-b48d-34ddeee7dd89@group-BEC42C492C64->10e1d7e9-dd38-4db2-b0dc-1e40cbd54060-GrpcLogAppender-LogAppenderDaemon] WARN  server.GrpcLogAppender (GrpcLogAppender.java:mayWait(171)) - 5abf6683-c399-417c-b48d-34ddeee7dd89@group-BEC42C492C64->10e1d7e9-dd38-4db2-b0dc-1e40cbd54060-GrpcLogAppender: Wait interrupted by java.lang.InterruptedException
2022-09-03 01:13:49,341 [Listener at 127.0.0.1/44253] INFO  impl.PendingRequests (PendingRequests.java:sendNotLeaderResponses(282)) - 5abf6683-c399-417c-b48d-34ddeee7dd89@group-BEC42C492C64-PendingRequests: sendNotLeaderResponses
2022-09-03 01:13:49,342 [Listener at 127.0.0.1/44253] INFO  ha.SCMStateMachine (SCMStateMachine.java:notifyNotLeader(190)) - current leader SCM steps down.
2022-09-03 01:13:49,342 [Listener at 127.0.0.1/44253] INFO  ha.SCMContext (SCMContext.java:updateLeaderAndTerm(99)) - update <isLeader,term> from <true,2> to <false,0>
2022-09-03 01:13:49,342 [Listener at 127.0.0.1/44253] INFO  ha.SCMContext (SCMContext.java:updateLeaderAndTerm(106)) - update <isLeaderReady> from <false> to <false>
2022-09-03 01:13:49,342 [Listener at 127.0.0.1/44253] INFO  BackgroundPipelineScrubber (BackgroundSCMService.java:notifyStatusChanged(88)) - Service BackgroundPipelineScrubber transitions to PAUSING.
2022-09-03 01:13:49,342 [Listener at 127.0.0.1/44253] INFO  ExpiredContainerReplicaOpScrubber (BackgroundSCMService.java:notifyStatusChanged(88)) - Service ExpiredContainerReplicaOpScrubber transitions to PAUSING.
2022-09-03 01:13:49,342 [Listener at 127.0.0.1/44253] INFO  UnderReplicatedQueueThread (BackgroundSCMService.java:notifyStatusChanged(88)) - Service UnderReplicatedQueueThread transitions to PAUSING.
2022-09-03 01:13:49,342 [Listener at 127.0.0.1/44253] INFO  OverReplicatedQueueThread (BackgroundSCMService.java:notifyStatusChanged(88)) - Service OverReplicatedQueueThread transitions to PAUSING.
2022-09-03 01:13:49,343 [Listener at 127.0.0.1/44253] INFO  impl.StateMachineUpdater (StateMachineUpdater.java:stopAndJoin(153)) - 5abf6683-c399-417c-b48d-34ddeee7dd89@group-BEC42C492C64-StateMachineUpdater: set stopIndex = 28
2022-09-03 01:13:49,344 [5abf6683-c399-417c-b48d-34ddeee7dd89@group-BEC42C492C64-StateMachineUpdater] INFO  ha.SCMStateMachine (SCMStateMachine.java:takeSnapshot(297)) - Current Snapshot Index 28, takeSnapshot took 1 ms
2022-09-03 01:13:49,344 [5abf6683-c399-417c-b48d-34ddeee7dd89@group-BEC42C492C64-StateMachineUpdater] INFO  impl.StateMachineUpdater (StateMachineUpdater.java:takeSnapshot(287)) - 5abf6683-c399-417c-b48d-34ddeee7dd89@group-BEC42C492C64-StateMachineUpdater: Took a snapshot at index 28
2022-09-03 01:13:49,344 [5abf6683-c399-417c-b48d-34ddeee7dd89@group-BEC42C492C64-StateMachineUpdater] INFO  impl.StateMachineUpdater (StateMachineUpdater.java:lambda$new$0(92)) - 5abf6683-c399-417c-b48d-34ddeee7dd89@group-BEC42C492C64-StateMachineUpdater: snapshotIndex: updateIncreasingly -1 -> 28
2022-09-03 01:13:49,344 [5abf6683-c399-417c-b48d-34ddeee7dd89@group-BEC42C492C64-StateMachineUpdater] INFO  server.StorageContainerManager (StorageContainerManager.java:stop(1558)) - Container Balancer is not running.
2022-09-03 01:13:49,344 [5abf6683-c399-417c-b48d-34ddeee7dd89@group-BEC42C492C64-StateMachineUpdater] INFO  server.StorageContainerManager (StorageContainerManager.java:stop(1565)) - Stopping Replication Manager Service.
2022-09-03 01:13:49,344 [5abf6683-c399-417c-b48d-34ddeee7dd89@group-BEC42C492C64-StateMachineUpdater] INFO  replication.ReplicationManager (ReplicationManager.java:stop(247)) - Replication Monitor Thread is not running.
2022-09-03 01:13:49,344 [5abf6683-c399-417c-b48d-34ddeee7dd89@group-BEC42C492C64-StateMachineUpdater] INFO  server.StorageContainerManager (StorageContainerManager.java:stop(1572)) - Stopping the Datanode Admin Monitor.
2022-09-03 01:13:49,344 [5abf6683-c399-417c-b48d-34ddeee7dd89@group-BEC42C492C64-StateMachineUpdater] INFO  server.StorageContainerManager (StorageContainerManager.java:stop(1579)) - Stopping Lease Manager of the command watchers
2022-09-03 01:13:49,344 [5abf6683-c399-417c-b48d-34ddeee7dd89@group-BEC42C492C64-StateMachineUpdater] ERROR server.StorageContainerManager (StorageContainerManager.java:stop(1582)) - Lease Manager of the command watchers stop failed
2022-09-03 01:13:49,344 [5abf6683-c399-417c-b48d-34ddeee7dd89@group-BEC42C492C64-StateMachineUpdater] INFO  server.StorageContainerManager (StorageContainerManager.java:stop(1586)) - Stopping datanode service RPC server
2022-09-03 01:13:49,344 [5abf6683-c399-417c-b48d-34ddeee7dd89@group-BEC42C492C64-StateMachineUpdater] INFO  server.SCMDatanodeProtocolServer (SCMDatanodeProtocolServer.java:stop(414)) - Stopping the RPC server for DataNodes
2022-09-03 01:13:49,345 [5abf6683-c399-417c-b48d-34ddeee7dd89@group-BEC42C492C64-StateMachineUpdater] INFO  ipc.Server (Server.java:stop(3414)) - Stopping server on 36917
2022-09-03 01:13:49,345 [5abf6683-c399-417c-b48d-34ddeee7dd89@group-BEC42C492C64-StateMachineUpdater] INFO  server.StorageContainerManager (StorageContainerManager.java:stop(1594)) - Stopping block service RPC server
2022-09-03 01:13:49,345 [5abf6683-c399-417c-b48d-34ddeee7dd89@group-BEC42C492C64-StateMachineUpdater] INFO  server.SCMBlockProtocolServer (SCMBlockProtocolServer.java:stop(161)) - Stopping the RPC server for Block Protocol
2022-09-03 01:13:49,345 [5abf6683-c399-417c-b48d-34ddeee7dd89@group-BEC42C492C64-StateMachineUpdater] INFO  ipc.Server (Server.java:stop(3414)) - Stopping server on 41665
2022-09-03 01:13:49,345 [5abf6683-c399-417c-b48d-34ddeee7dd89@group-BEC42C492C64-StateMachineUpdater] INFO  server.StorageContainerManager (StorageContainerManager.java:stop(1601)) - Stopping the StorageContainerLocationProtocol RPC server
2022-09-03 01:13:49,345 [5abf6683-c399-417c-b48d-34ddeee7dd89@group-BEC42C492C64-StateMachineUpdater] INFO  server.SCMClientProtocolServer (SCMClientProtocolServer.java:stop(179)) - Stopping the RPC server for Client Protocol
2022-09-03 01:13:49,345 [5abf6683-c399-417c-b48d-34ddeee7dd89@group-BEC42C492C64-StateMachineUpdater] INFO  ipc.Server (Server.java:stop(3414)) - Stopping server on 35673
2022-09-03 01:13:49,345 [5abf6683-c399-417c-b48d-34ddeee7dd89@group-BEC42C492C64-StateMachineUpdater] INFO  server.StorageContainerManager (StorageContainerManager.java:stop(1608)) - Stopping Storage Container Manager HTTP server.
2022-09-03 01:13:49,345 [5abf6683-c399-417c-b48d-34ddeee7dd89@group-BEC42C492C64-StateMachineUpdater] INFO  server.StorageContainerManager (StorageContainerManager.java:stop(1614)) - Stopping SCM LayoutVersionManager Service.
2022-09-03 01:13:49,345 [5abf6683-c399-417c-b48d-34ddeee7dd89@group-BEC42C492C64-StateMachineUpdater] INFO  server.StorageContainerManager (StorageContainerManager.java:stop(1622)) - Stopping Block Manager Service.
2022-09-03 01:13:49,345 [5abf6683-c399-417c-b48d-34ddeee7dd89@group-BEC42C492C64-StateMachineUpdater] INFO  utils.BackgroundService (BackgroundService.java:shutdown(141)) - Shutting down service SCMBlockDeletingService
2022-09-03 01:13:49,346 [5abf6683-c399-417c-b48d-34ddeee7dd89@group-BEC42C492C64-StateMachineUpdater] INFO  utils.BackgroundService (BackgroundService.java:shutdown(141)) - Shutting down service SCMBlockDeletingService
2022-09-03 01:13:49,346 [5abf6683-c399-417c-b48d-34ddeee7dd89@group-BEC42C492C64-StateMachineUpdater] INFO  server.StorageContainerManager (StorageContainerManager.java:stop(1649)) - Stopping SCM Event Queue.
2022-09-03 01:13:49,346 [5abf6683-c399-417c-b48d-34ddeee7dd89@group-BEC42C492C64-StateMachineUpdater] INFO  server.StorageContainerManager (StorageContainerManager.java:stop(1660)) - Stopping SCM HA services.
2022-09-03 01:13:49,346 [5abf6683-c399-417c-b48d-34ddeee7dd89@group-BEC42C492C64-StateMachineUpdater] INFO  ha.SCMRatisServerImpl (SCMRatisServerImpl.java:stop(237)) - stopping ratis server 0.0.0.0:37097
2022-09-03 01:13:49,346 [org.apache.ratis.util.JvmPauseMonitor$$Lambda$519/503118660@50fdee1b] INFO  util.JvmPauseMonitor (JvmPauseMonitor.java:run(109)) - JvmPauseMonitor-5abf6683-c399-417c-b48d-34ddeee7dd89: Stopped
2022-09-03 01:13:49,347 [5abf6683-c399-417c-b48d-34ddeee7dd89@group-BEC42C492C64-StateMachineUpdater] INFO  pipeline.BackgroundPipelineCreator (BackgroundPipelineCreator.java:stop(149)) - Stopping RatisPipelineUtilsThread.
2022-09-03 01:13:49,347 [RatisPipelineUtilsThread - 0] WARN  pipeline.BackgroundPipelineCreator (BackgroundPipelineCreator.java:run(180)) - RatisPipelineUtilsThread is interrupted.
2022-09-03 01:13:49,347 [5abf6683-c399-417c-b48d-34ddeee7dd89@group-BEC42C492C64-StateMachineUpdater] INFO  BackgroundPipelineScrubber (BackgroundSCMService.java:stop(131)) - Stopping BackgroundPipelineScrubber Service.
2022-09-03 01:13:49,347 [5abf6683-c399-417c-b48d-34ddeee7dd89@group-BEC42C492C64-StateMachineUpdater] INFO  server.StorageContainerManager (StorageContainerManager.java:stop(1670)) - Stopping SCM MetadataStore.
2022-09-03 01:13:49,347 [BackgroundPipelineScrubberThread] WARN  BackgroundPipelineScrubber (BackgroundSCMService.java:run(115)) - BackgroundPipelineScrubber is interrupted, exit
2022-09-03 01:13:49,349 [5abf6683-c399-417c-b48d-34ddeee7dd89@group-BEC42C492C64-StateMachineUpdater] INFO  impl.MetricsSystemImpl (MetricsSystemImpl.java:stop(205)) - HddsDatanode metrics system stopped (again)
2022-09-03 01:13:49,350 [5abf6683-c399-417c-b48d-34ddeee7dd89@group-BEC42C492C64-StateMachineUpdater] ERROR server.StorageContainerManager (ExitUtils.java:terminate(133)) - Terminating with exit status 1: scm statemachine is closed by ratis, terminate SCM
2022-09-03 01:13:49,350 [5abf6683-c399-417c-b48d-34ddeee7dd89@group-BEC42C492C64-StateMachineUpdater] WARN  impl.StateMachineUpdater (StateMachineUpdater.java:stop(137)) - 5abf6683-c399-417c-b48d-34ddeee7dd89@group-BEC42C492C64-StateMachineUpdater: Failed to close SCMStateMachine SCMStateMachine:5abf6683-c399-417c-b48d-34ddeee7dd89:group-BEC42C492C64
org.apache.ratis.util.ExitUtils$ExitException: scm statemachine is closed by ratis, terminate SCM
	at org.apache.ratis.util.ExitUtils.terminate(ExitUtils.java:141)
	at org.apache.ratis.util.ExitUtils.terminate(ExitUtils.java:151)
	at org.apache.ratis.util.ExitUtils.terminate(ExitUtils.java:155)
	at org.apache.hadoop.hdds.scm.server.StorageContainerManager.shutDown(StorageContainerManager.java:1686)
	at org.apache.hadoop.hdds.scm.ha.SCMStateMachine.close(SCMStateMachine.java:403)
	at org.apache.ratis.server.impl.StateMachineUpdater.stop(StateMachineUpdater.java:134)
	at org.apache.ratis.server.impl.StateMachineUpdater.run(StateMachineUpdater.java:187)
	at java.lang.Thread.run(Thread.java:750)
2022-09-03 01:13:49,351 [Listener at 127.0.0.1/44253] INFO  server.RaftServer$Division (ServerState.java:close(429)) - 5abf6683-c399-417c-b48d-34ddeee7dd89@group-BEC42C492C64: closes. applyIndex: 28
2022-09-03 01:13:49,351 [5abf6683-c399-417c-b48d-34ddeee7dd89@group-BEC42C492C64-SegmentedRaftLogWorker] INFO  segmented.SegmentedRaftLogWorker (SegmentedRaftLogWorker.java:run(336)) - 5abf6683-c399-417c-b48d-34ddeee7dd89@group-BEC42C492C64-SegmentedRaftLogWorker was interrupted, exiting. There are 0 tasks remaining in the queue.
2022-09-03 01:13:49,353 [Listener at 127.0.0.1/44253] INFO  segmented.SegmentedRaftLogWorker (SegmentedRaftLogWorker.java:close(246)) - 5abf6683-c399-417c-b48d-34ddeee7dd89@group-BEC42C492C64-SegmentedRaftLogWorker close()
2022-09-03 01:13:49,354 [Listener at 127.0.0.1/44253] INFO  server.GrpcService (GrpcService.java:closeImpl(269)) - 5abf6683-c399-417c-b48d-34ddeee7dd89: shutdown server with port 37097 now
2022-09-03 01:13:49,359 [Listener at 127.0.0.1/44253] INFO  server.GrpcService (GrpcService.java:closeImpl(278)) - 5abf6683-c399-417c-b48d-34ddeee7dd89: shutdown server with port 37097 successfully
2022-09-03 01:13:49,359 [Listener at 127.0.0.1/44253] WARN  pipeline.BackgroundPipelineCreator (BackgroundPipelineCreator.java:stop(145)) - RatisPipelineUtilsThread is not running, just ignore.
2022-09-03 01:13:49,359 [Listener at 127.0.0.1/44253] INFO  BackgroundPipelineScrubber (BackgroundSCMService.java:stop(126)) - BackgroundPipelineScrubber Service is not running, skip stop.
2022-09-03 01:13:49,359 [Listener at 127.0.0.1/44253] INFO  server.StorageContainerManager (StorageContainerManager.java:stop(1670)) - Stopping SCM MetadataStore.
2022-09-03 01:13:49,360 [Listener at 127.0.0.1/44253] INFO  impl.MetricsSystemImpl (MetricsSystemImpl.java:stop(205)) - HddsDatanode metrics system stopped (again)
2022-09-03 01:13:49,360 [Listener at 127.0.0.1/44253] INFO  ozone.MiniOzoneClusterImpl (MiniOzoneClusterImpl.java:stop(463)) - Stopping the Mini Ozone Cluster
2022-09-03 01:13:49,360 [Listener at 127.0.0.1/44253] INFO  ozone.MiniOzoneClusterImpl (MiniOzoneClusterImpl.java:stopDatanodes(522)) - Stopping the HddsDatanodes
2022-09-03 01:13:49,538 [EndpointStateMachine task thread for /127.0.0.1:44975 - 0 ] INFO  ipc.Client (Client.java:handleConnectionFailure(977)) - Retrying connect to server: localhost/127.0.0.1:44975. Already tried 1 time(s); retry policy is RetryUpToMaximumCountWithFixedSleep(maxRetries=15, sleepTime=1000 MILLISECONDS)
2022-09-03 01:13:49,877 [Datanode State Machine Daemon Thread] WARN  statemachine.StateContext (StateContext.java:setState(252)) - Ignore disallowed transition from SHUTDOWN to RUNNING
2022-09-03 01:13:49,881 [EndpointStateMachine task thread for /127.0.0.1:36917 - 0 ] INFO  ipc.Client (Client.java:handleConnectionFailure(977)) - Retrying connect to server: localhost/127.0.0.1:36917. Already tried 1 time(s); retry policy is RetryUpToMaximumCountWithFixedSleep(maxRetries=15, sleepTime=1000 MILLISECONDS)
2022-09-03 01:13:49,881 [EndpointStateMachine task thread for /127.0.0.1:41659 - 0 ] INFO  ipc.Client (Client.java:handleConnectionFailure(977)) - Retrying connect to server: localhost/127.0.0.1:41659. Already tried 1 time(s); retry policy is RetryUpToMaximumCountWithFixedSleep(maxRetries=15, sleepTime=1000 MILLISECONDS)
2022-09-03 01:13:50,263 [Datanode State Machine Daemon Thread] WARN  statemachine.StateContext (StateContext.java:setState(252)) - Ignore disallowed transition from SHUTDOWN to RUNNING
2022-09-03 01:13:50,539 [EndpointStateMachine task thread for /127.0.0.1:44975 - 0 ] INFO  ipc.Client (Client.java:handleConnectionFailure(977)) - Retrying connect to server: localhost/127.0.0.1:44975. Already tried 2 time(s); retry policy is RetryUpToMaximumCountWithFixedSleep(maxRetries=15, sleepTime=1000 MILLISECONDS)
2022-09-03 01:13:50,882 [EndpointStateMachine task thread for /127.0.0.1:36917 - 0 ] INFO  ipc.Client (Client.java:handleConnectionFailure(977)) - Retrying connect to server: localhost/127.0.0.1:36917. Already tried 2 time(s); retry policy is RetryUpToMaximumCountWithFixedSleep(maxRetries=15, sleepTime=1000 MILLISECONDS)
2022-09-03 01:13:50,882 [EndpointStateMachine task thread for /127.0.0.1:41659 - 0 ] INFO  ipc.Client (Client.java:handleConnectionFailure(977)) - Retrying connect to server: localhost/127.0.0.1:41659. Already tried 2 time(s); retry policy is RetryUpToMaximumCountWithFixedSleep(maxRetries=15, sleepTime=1000 MILLISECONDS)
2022-09-03 01:13:51,001 [9cdbf1d0-d280-4661-b2c7-fb859849bb8c@group-758C24CFFA84-FollowerState] INFO  impl.FollowerState (FollowerState.java:run(143)) - 9cdbf1d0-d280-4661-b2c7-fb859849bb8c@group-758C24CFFA84-FollowerState: change to CANDIDATE, lastRpcElapsedTime:5029745103ns, electionTimeout:5028ms
2022-09-03 01:13:51,001 [9cdbf1d0-d280-4661-b2c7-fb859849bb8c@group-758C24CFFA84-FollowerState] INFO  impl.RoleInfo (RoleInfo.java:shutdownFollowerState(110)) - 9cdbf1d0-d280-4661-b2c7-fb859849bb8c: shutdown 9cdbf1d0-d280-4661-b2c7-fb859849bb8c@group-758C24CFFA84-FollowerState
2022-09-03 01:13:51,001 [9cdbf1d0-d280-4661-b2c7-fb859849bb8c@group-758C24CFFA84-FollowerState] INFO  server.RaftServer$Division (RaftServerImpl.java:setRole(299)) - 9cdbf1d0-d280-4661-b2c7-fb859849bb8c@group-758C24CFFA84: changes role from  FOLLOWER to CANDIDATE at term 1 for changeToCandidate
2022-09-03 01:13:51,001 [9cdbf1d0-d280-4661-b2c7-fb859849bb8c@group-758C24CFFA84-FollowerState] INFO  server.RaftServerConfigKeys (ConfUtils.java:logGet(46)) - raft.server.leaderelection.pre-vote = false (custom)
2022-09-03 01:13:51,001 [9cdbf1d0-d280-4661-b2c7-fb859849bb8c@group-758C24CFFA84-FollowerState] INFO  impl.RoleInfo (RoleInfo.java:updateAndGet(139)) - 9cdbf1d0-d280-4661-b2c7-fb859849bb8c: start 9cdbf1d0-d280-4661-b2c7-fb859849bb8c@group-758C24CFFA84-LeaderElection14
2022-09-03 01:13:51,005 [9cdbf1d0-d280-4661-b2c7-fb859849bb8c@group-758C24CFFA84-LeaderElection14] INFO  impl.LeaderElection (LeaderElection.java:askForVotes(310)) - 9cdbf1d0-d280-4661-b2c7-fb859849bb8c@group-758C24CFFA84-LeaderElection14 ELECTION round 0: submit vote requests at term 2 for -1: [10c77fab-dd91-442a-9529-86f26ad3973e|rpc:127.0.0.1:33509|dataStream:|priority:0, c6a4e7bd-4491-4fc1-b57a-abeebaac5def|rpc:127.0.0.1:39013|dataStream:|priority:0, 9cdbf1d0-d280-4661-b2c7-fb859849bb8c|rpc:127.0.0.1:32853|dataStream:|priority:1], old=null
2022-09-03 01:13:51,018 [grpc-default-executor-3] INFO  server.RaftServer$Division (RaftServerImpl.java:requestVote(1152)) - c6a4e7bd-4491-4fc1-b57a-abeebaac5def@group-758C24CFFA84: receive requestVote(ELECTION, 9cdbf1d0-d280-4661-b2c7-fb859849bb8c, group-758C24CFFA84, 2, (t:0, i:0))
2022-09-03 01:13:51,018 [grpc-default-executor-3] INFO  impl.VoteContext (VoteContext.java:log(48)) - c6a4e7bd-4491-4fc1-b57a-abeebaac5def@group-758C24CFFA84-FOLLOWER: accept ELECTION from 9cdbf1d0-d280-4661-b2c7-fb859849bb8c: our priority 0 <= candidate's priority 1
2022-09-03 01:13:51,018 [grpc-default-executor-3] INFO  server.RaftServer$Division (RaftServerImpl.java:setRole(299)) - c6a4e7bd-4491-4fc1-b57a-abeebaac5def@group-758C24CFFA84: changes role from  FOLLOWER to FOLLOWER at term 2 for candidate:9cdbf1d0-d280-4661-b2c7-fb859849bb8c
2022-09-03 01:13:51,018 [grpc-default-executor-3] INFO  impl.RoleInfo (RoleInfo.java:shutdownFollowerState(110)) - c6a4e7bd-4491-4fc1-b57a-abeebaac5def: shutdown c6a4e7bd-4491-4fc1-b57a-abeebaac5def@group-758C24CFFA84-FollowerState
2022-09-03 01:13:51,018 [grpc-default-executor-3] INFO  impl.RoleInfo (RoleInfo.java:updateAndGet(139)) - c6a4e7bd-4491-4fc1-b57a-abeebaac5def: start c6a4e7bd-4491-4fc1-b57a-abeebaac5def@group-758C24CFFA84-FollowerState
2022-09-03 01:13:51,018 [c6a4e7bd-4491-4fc1-b57a-abeebaac5def@group-758C24CFFA84-FollowerState] INFO  impl.FollowerState (FollowerState.java:run(152)) - c6a4e7bd-4491-4fc1-b57a-abeebaac5def@group-758C24CFFA84-FollowerState was interrupted
2022-09-03 01:13:51,023 [grpc-default-executor-3] INFO  server.RaftServer$Division (RaftServerImpl.java:requestVote(1184)) - c6a4e7bd-4491-4fc1-b57a-abeebaac5def@group-758C24CFFA84 replies to ELECTION vote request: 9cdbf1d0-d280-4661-b2c7-fb859849bb8c<-c6a4e7bd-4491-4fc1-b57a-abeebaac5def#0:OK-t2. Peer's state: c6a4e7bd-4491-4fc1-b57a-abeebaac5def@group-758C24CFFA84:t2, leader=null, voted=9cdbf1d0-d280-4661-b2c7-fb859849bb8c, raftlog=c6a4e7bd-4491-4fc1-b57a-abeebaac5def@group-758C24CFFA84-SegmentedRaftLog:OPENED:c-1, conf=-1: [10c77fab-dd91-442a-9529-86f26ad3973e|rpc:127.0.0.1:33509|dataStream:|priority:0, c6a4e7bd-4491-4fc1-b57a-abeebaac5def|rpc:127.0.0.1:39013|dataStream:|priority:0, 9cdbf1d0-d280-4661-b2c7-fb859849bb8c|rpc:127.0.0.1:32853|dataStream:|priority:1], old=null
2022-09-03 01:13:51,025 [grpc-default-executor-0] INFO  server.RaftServer$Division (RaftServerImpl.java:requestVote(1152)) - 10c77fab-dd91-442a-9529-86f26ad3973e@group-758C24CFFA84: receive requestVote(ELECTION, 9cdbf1d0-d280-4661-b2c7-fb859849bb8c, group-758C24CFFA84, 2, (t:0, i:0))
2022-09-03 01:13:51,025 [grpc-default-executor-0] INFO  impl.VoteContext (VoteContext.java:log(48)) - 10c77fab-dd91-442a-9529-86f26ad3973e@group-758C24CFFA84-FOLLOWER: accept ELECTION from 9cdbf1d0-d280-4661-b2c7-fb859849bb8c: our priority 0 <= candidate's priority 1
2022-09-03 01:13:51,025 [9cdbf1d0-d280-4661-b2c7-fb859849bb8c@group-758C24CFFA84-LeaderElection14] INFO  impl.LeaderElection (LeaderElection.java:logAndReturn(90)) - 9cdbf1d0-d280-4661-b2c7-fb859849bb8c@group-758C24CFFA84-LeaderElection14: ELECTION PASSED received 1 response(s) and 0 exception(s):
2022-09-03 01:13:51,026 [grpc-default-executor-0] INFO  server.RaftServer$Division (RaftServerImpl.java:setRole(299)) - 10c77fab-dd91-442a-9529-86f26ad3973e@group-758C24CFFA84: changes role from  FOLLOWER to FOLLOWER at term 2 for candidate:9cdbf1d0-d280-4661-b2c7-fb859849bb8c
2022-09-03 01:13:51,026 [9cdbf1d0-d280-4661-b2c7-fb859849bb8c@group-758C24CFFA84-LeaderElection14] INFO  impl.LeaderElection (LeaderElection.java:logAndReturn(94)) -   Response 0: 9cdbf1d0-d280-4661-b2c7-fb859849bb8c<-c6a4e7bd-4491-4fc1-b57a-abeebaac5def#0:OK-t2
2022-09-03 01:13:51,026 [grpc-default-executor-0] INFO  impl.RoleInfo (RoleInfo.java:shutdownFollowerState(110)) - 10c77fab-dd91-442a-9529-86f26ad3973e: shutdown 10c77fab-dd91-442a-9529-86f26ad3973e@group-758C24CFFA84-FollowerState
2022-09-03 01:13:51,026 [9cdbf1d0-d280-4661-b2c7-fb859849bb8c@group-758C24CFFA84-LeaderElection14] INFO  impl.LeaderElection (LeaderElection.java:askForVotes(312)) - 9cdbf1d0-d280-4661-b2c7-fb859849bb8c@group-758C24CFFA84-LeaderElection14 ELECTION round 0: result PASSED
2022-09-03 01:13:51,026 [9cdbf1d0-d280-4661-b2c7-fb859849bb8c@group-758C24CFFA84-LeaderElection14] INFO  impl.RoleInfo (RoleInfo.java:shutdownLeaderElection(130)) - 9cdbf1d0-d280-4661-b2c7-fb859849bb8c: shutdown 9cdbf1d0-d280-4661-b2c7-fb859849bb8c@group-758C24CFFA84-LeaderElection14
2022-09-03 01:13:51,026 [10c77fab-dd91-442a-9529-86f26ad3973e@group-758C24CFFA84-FollowerState] INFO  impl.FollowerState (FollowerState.java:run(152)) - 10c77fab-dd91-442a-9529-86f26ad3973e@group-758C24CFFA84-FollowerState was interrupted
2022-09-03 01:13:51,026 [grpc-default-executor-0] INFO  impl.RoleInfo (RoleInfo.java:updateAndGet(139)) - 10c77fab-dd91-442a-9529-86f26ad3973e: start 10c77fab-dd91-442a-9529-86f26ad3973e@group-758C24CFFA84-FollowerState
2022-09-03 01:13:51,026 [9cdbf1d0-d280-4661-b2c7-fb859849bb8c@group-758C24CFFA84-LeaderElection14] INFO  server.RaftServer$Division (RaftServerImpl.java:setRole(299)) - 9cdbf1d0-d280-4661-b2c7-fb859849bb8c@group-758C24CFFA84: changes role from CANDIDATE to LEADER at term 2 for changeToLeader
2022-09-03 01:13:51,026 [9cdbf1d0-d280-4661-b2c7-fb859849bb8c@group-758C24CFFA84-LeaderElection14] INFO  ratis.XceiverServerRatis (XceiverServerRatis.java:handleLeaderChangedNotification(863)) - Leader change notification received for group: group-758C24CFFA84 with new leaderId: 9cdbf1d0-d280-4661-b2c7-fb859849bb8c
2022-09-03 01:13:51,027 [9cdbf1d0-d280-4661-b2c7-fb859849bb8c@group-758C24CFFA84-LeaderElection14] INFO  server.RaftServer$Division (ServerState.java:setLeader(287)) - 9cdbf1d0-d280-4661-b2c7-fb859849bb8c@group-758C24CFFA84: change Leader from null to 9cdbf1d0-d280-4661-b2c7-fb859849bb8c at term 2 for becomeLeader, leader elected after 10025ms
2022-09-03 01:13:51,027 [9cdbf1d0-d280-4661-b2c7-fb859849bb8c@group-758C24CFFA84-LeaderElection14] INFO  server.RaftServerConfigKeys (ConfUtils.java:logGet(46)) - raft.server.staging.catchup.gap = 1000 (default)
2022-09-03 01:13:51,028 [9cdbf1d0-d280-4661-b2c7-fb859849bb8c@group-758C24CFFA84-LeaderElection14] INFO  server.RaftServerConfigKeys (ConfUtils.java:logGet(46)) - raft.server.write.element-limit = 1024 (custom)
2022-09-03 01:13:51,028 [9cdbf1d0-d280-4661-b2c7-fb859849bb8c@group-758C24CFFA84-LeaderElection14] INFO  server.RaftServerConfigKeys (ConfUtils.java:logGet(46)) - raft.server.write.byte-limit = 1024 M (=1073741824) (custom)
2022-09-03 01:13:51,028 [9cdbf1d0-d280-4661-b2c7-fb859849bb8c@group-758C24CFFA84-LeaderElection14] INFO  server.RaftServerConfigKeys (ConfUtils.java:logGet(46)) - raft.server.watch.timeout = 180s (custom)
2022-09-03 01:13:51,028 [9cdbf1d0-d280-4661-b2c7-fb859849bb8c@group-758C24CFFA84-LeaderElection14] INFO  server.RaftServerConfigKeys (ConfUtils.java:logGet(46)) - raft.server.watch.timeout.denomination = 1s (default)
2022-09-03 01:13:51,028 [9cdbf1d0-d280-4661-b2c7-fb859849bb8c@group-758C24CFFA84-LeaderElection14] INFO  server.RaftServerConfigKeys (ConfUtils.java:logGet(46)) - raft.server.watch.element-limit = 65536 (default)
2022-09-03 01:13:51,028 [9cdbf1d0-d280-4661-b2c7-fb859849bb8c@group-758C24CFFA84-LeaderElection14] INFO  server.RaftServerConfigKeys (ConfUtils.java:logGet(46)) - raft.server.write.element-limit = 1024 (custom)
2022-09-03 01:13:51,028 [9cdbf1d0-d280-4661-b2c7-fb859849bb8c@group-758C24CFFA84-LeaderElection14] INFO  server.RaftServerConfigKeys (ConfUtils.java:logGet(46)) - raft.server.write.follower.gap.ratio.max = -1.0 (default)
2022-09-03 01:13:51,029 [9cdbf1d0-d280-4661-b2c7-fb859849bb8c@group-758C24CFFA84-LeaderElection14] INFO  server.RaftServerConfigKeys (ConfUtils.java:logGet(46)) - raft.server.log.appender.snapshot.chunk.size.max = 16MB (=16777216) (default)
2022-09-03 01:13:51,029 [9cdbf1d0-d280-4661-b2c7-fb859849bb8c@group-758C24CFFA84-LeaderElection14] INFO  server.RaftServerConfigKeys (ConfUtils.java:logGet(46)) - raft.server.log.appender.buffer.byte-limit = 33554432 (custom)
2022-09-03 01:13:51,030 [9cdbf1d0-d280-4661-b2c7-fb859849bb8c@group-758C24CFFA84-LeaderElection14] INFO  server.RaftServerConfigKeys (ConfUtils.java:logGet(46)) - raft.server.log.appender.buffer.element-limit = 1 (custom)
2022-09-03 01:13:51,030 [9cdbf1d0-d280-4661-b2c7-fb859849bb8c@group-758C24CFFA84-LeaderElection14] INFO  grpc.GrpcConfigKeys (ConfUtils.java:logGet(46)) - raft.grpc.server.leader.outstanding.appends.max = 128 (default)
2022-09-03 01:13:51,030 [9cdbf1d0-d280-4661-b2c7-fb859849bb8c@group-758C24CFFA84-LeaderElection14] INFO  server.RaftServerConfigKeys (ConfUtils.java:logGet(46)) - raft.server.rpc.request.timeout = 60s (custom)
2022-09-03 01:13:51,030 [9cdbf1d0-d280-4661-b2c7-fb859849bb8c@group-758C24CFFA84-LeaderElection14] INFO  server.RaftServerConfigKeys (ConfUtils.java:logGet(46)) - raft.server.log.appender.install.snapshot.enabled = false (custom)
2022-09-03 01:13:51,031 [9cdbf1d0-d280-4661-b2c7-fb859849bb8c@group-758C24CFFA84-LeaderElection14] INFO  server.RaftServerConfigKeys (ConfUtils.java:logGet(46)) - raft.server.log.appender.snapshot.chunk.size.max = 16MB (=16777216) (default)
2022-09-03 01:13:51,031 [9cdbf1d0-d280-4661-b2c7-fb859849bb8c@group-758C24CFFA84-LeaderElection14] INFO  server.RaftServerConfigKeys (ConfUtils.java:logGet(46)) - raft.server.log.appender.buffer.byte-limit = 33554432 (custom)
2022-09-03 01:13:51,031 [9cdbf1d0-d280-4661-b2c7-fb859849bb8c@group-758C24CFFA84-LeaderElection14] INFO  server.RaftServerConfigKeys (ConfUtils.java:logGet(46)) - raft.server.log.appender.buffer.element-limit = 1 (custom)
2022-09-03 01:13:51,031 [9cdbf1d0-d280-4661-b2c7-fb859849bb8c@group-758C24CFFA84-LeaderElection14] INFO  grpc.GrpcConfigKeys (ConfUtils.java:logGet(46)) - raft.grpc.server.leader.outstanding.appends.max = 128 (default)
2022-09-03 01:13:51,031 [9cdbf1d0-d280-4661-b2c7-fb859849bb8c@group-758C24CFFA84-LeaderElection14] INFO  server.RaftServerConfigKeys (ConfUtils.java:logGet(46)) - raft.server.rpc.request.timeout = 60s (custom)
2022-09-03 01:13:51,031 [9cdbf1d0-d280-4661-b2c7-fb859849bb8c@group-758C24CFFA84-LeaderElection14] INFO  server.RaftServerConfigKeys (ConfUtils.java:logGet(46)) - raft.server.log.appender.install.snapshot.enabled = false (custom)
2022-09-03 01:13:51,032 [9cdbf1d0-d280-4661-b2c7-fb859849bb8c@group-758C24CFFA84-LeaderElection14] INFO  impl.RoleInfo (RoleInfo.java:updateAndGet(139)) - 9cdbf1d0-d280-4661-b2c7-fb859849bb8c: start 9cdbf1d0-d280-4661-b2c7-fb859849bb8c@group-758C24CFFA84-LeaderStateImpl
2022-09-03 01:13:51,032 [9cdbf1d0-d280-4661-b2c7-fb859849bb8c@group-758C24CFFA84-LeaderElection14] INFO  segmented.SegmentedRaftLogWorker (SegmentedRaftLogWorker.java:startLogSegment(425)) - 9cdbf1d0-d280-4661-b2c7-fb859849bb8c@group-758C24CFFA84-SegmentedRaftLogWorker: Starting segment from index:0
2022-09-03 01:13:51,033 [grpc-default-executor-0] INFO  server.RaftServer$Division (RaftServerImpl.java:requestVote(1184)) - 10c77fab-dd91-442a-9529-86f26ad3973e@group-758C24CFFA84 replies to ELECTION vote request: 9cdbf1d0-d280-4661-b2c7-fb859849bb8c<-10c77fab-dd91-442a-9529-86f26ad3973e#0:OK-t2. Peer's state: 10c77fab-dd91-442a-9529-86f26ad3973e@group-758C24CFFA84:t2, leader=null, voted=9cdbf1d0-d280-4661-b2c7-fb859849bb8c, raftlog=10c77fab-dd91-442a-9529-86f26ad3973e@group-758C24CFFA84-SegmentedRaftLog:OPENED:c-1, conf=-1: [10c77fab-dd91-442a-9529-86f26ad3973e|rpc:127.0.0.1:33509|priority:0, c6a4e7bd-4491-4fc1-b57a-abeebaac5def|rpc:127.0.0.1:39013|priority:0, 9cdbf1d0-d280-4661-b2c7-fb859849bb8c|rpc:127.0.0.1:32853|priority:1], old=null
2022-09-03 01:13:51,034 [9cdbf1d0-d280-4661-b2c7-fb859849bb8c@group-758C24CFFA84-SegmentedRaftLogWorker] INFO  segmented.SegmentedRaftLogWorker (SegmentedRaftLogWorker.java:execute(629)) - 9cdbf1d0-d280-4661-b2c7-fb859849bb8c@group-758C24CFFA84-SegmentedRaftLogWorker: created new log segment /home/runner/work/ozone/ozone/hadoop-ozone/integration-test/target/test-dir/MiniOzoneClusterImpl-b7bb7c95-97ac-4743-8c58-bec42c492c64/datanode-2/data/ratis/039c1c6d-8be4-4cc8-86f0-758c24cffa84/current/log_inprogress_0
2022-09-03 01:13:51,047 [9cdbf1d0-d280-4661-b2c7-fb859849bb8c@group-758C24CFFA84-LeaderElection14] INFO  server.RaftServer$Division (ServerState.java:setRaftConf(393)) - 9cdbf1d0-d280-4661-b2c7-fb859849bb8c@group-758C24CFFA84: set configuration 0: [10c77fab-dd91-442a-9529-86f26ad3973e|rpc:127.0.0.1:33509|dataStream:|priority:0, c6a4e7bd-4491-4fc1-b57a-abeebaac5def|rpc:127.0.0.1:39013|dataStream:|priority:0, 9cdbf1d0-d280-4661-b2c7-fb859849bb8c|rpc:127.0.0.1:32853|dataStream:|priority:1], old=null
2022-09-03 01:13:51,049 [10c77fab-dd91-442a-9529-86f26ad3973e-server-thread1] INFO  ratis.XceiverServerRatis (XceiverServerRatis.java:handleLeaderChangedNotification(863)) - Leader change notification received for group: group-758C24CFFA84 with new leaderId: 9cdbf1d0-d280-4661-b2c7-fb859849bb8c
2022-09-03 01:13:51,049 [10c77fab-dd91-442a-9529-86f26ad3973e-server-thread1] INFO  server.RaftServer$Division (ServerState.java:setLeader(287)) - 10c77fab-dd91-442a-9529-86f26ad3973e@group-758C24CFFA84: change Leader from null to 9cdbf1d0-d280-4661-b2c7-fb859849bb8c at term 2 for appendEntries, leader elected after 10137ms
2022-09-03 01:13:51,051 [10c77fab-dd91-442a-9529-86f26ad3973e-server-thread1] INFO  server.RaftServer$Division (ServerState.java:setRaftConf(393)) - 10c77fab-dd91-442a-9529-86f26ad3973e@group-758C24CFFA84: set configuration 0: [10c77fab-dd91-442a-9529-86f26ad3973e|rpc:127.0.0.1:33509|dataStream:|priority:0, c6a4e7bd-4491-4fc1-b57a-abeebaac5def|rpc:127.0.0.1:39013|dataStream:|priority:0, 9cdbf1d0-d280-4661-b2c7-fb859849bb8c|rpc:127.0.0.1:32853|dataStream:|priority:1], old=null
2022-09-03 01:13:51,051 [10c77fab-dd91-442a-9529-86f26ad3973e-server-thread1] INFO  segmented.SegmentedRaftLogWorker (SegmentedRaftLogWorker.java:startLogSegment(425)) - 10c77fab-dd91-442a-9529-86f26ad3973e@group-758C24CFFA84-SegmentedRaftLogWorker: Starting segment from index:0
2022-09-03 01:13:51,053 [10c77fab-dd91-442a-9529-86f26ad3973e@group-758C24CFFA84-SegmentedRaftLogWorker] INFO  segmented.SegmentedRaftLogWorker (SegmentedRaftLogWorker.java:execute(629)) - 10c77fab-dd91-442a-9529-86f26ad3973e@group-758C24CFFA84-SegmentedRaftLogWorker: created new log segment /home/runner/work/ozone/ozone/hadoop-ozone/integration-test/target/test-dir/MiniOzoneClusterImpl-b7bb7c95-97ac-4743-8c58-bec42c492c64/datanode-0/data/ratis/039c1c6d-8be4-4cc8-86f0-758c24cffa84/current/log_inprogress_0
2022-09-03 01:13:51,062 [c6a4e7bd-4491-4fc1-b57a-abeebaac5def-server-thread1] INFO  ratis.XceiverServerRatis (XceiverServerRatis.java:handleLeaderChangedNotification(863)) - Leader change notification received for group: group-758C24CFFA84 with new leaderId: 9cdbf1d0-d280-4661-b2c7-fb859849bb8c
2022-09-03 01:13:51,062 [c6a4e7bd-4491-4fc1-b57a-abeebaac5def-server-thread1] INFO  server.RaftServer$Division (ServerState.java:setLeader(287)) - c6a4e7bd-4491-4fc1-b57a-abeebaac5def@group-758C24CFFA84: change Leader from null to 9cdbf1d0-d280-4661-b2c7-fb859849bb8c at term 2 for appendEntries, leader elected after 10114ms
2022-09-03 01:13:51,067 [c6a4e7bd-4491-4fc1-b57a-abeebaac5def-server-thread1] INFO  server.RaftServer$Division (ServerState.java:setRaftConf(393)) - c6a4e7bd-4491-4fc1-b57a-abeebaac5def@group-758C24CFFA84: set configuration 0: [10c77fab-dd91-442a-9529-86f26ad3973e|rpc:127.0.0.1:33509|dataStream:|priority:0, c6a4e7bd-4491-4fc1-b57a-abeebaac5def|rpc:127.0.0.1:39013|dataStream:|priority:0, 9cdbf1d0-d280-4661-b2c7-fb859849bb8c|rpc:127.0.0.1:32853|dataStream:|priority:1], old=null
2022-09-03 01:13:51,068 [c6a4e7bd-4491-4fc1-b57a-abeebaac5def-server-thread1] INFO  segmented.SegmentedRaftLogWorker (SegmentedRaftLogWorker.java:startLogSegment(425)) - c6a4e7bd-4491-4fc1-b57a-abeebaac5def@group-758C24CFFA84-SegmentedRaftLogWorker: Starting segment from index:0
2022-09-03 01:13:51,071 [c6a4e7bd-4491-4fc1-b57a-abeebaac5def@group-758C24CFFA84-SegmentedRaftLogWorker] INFO  segmented.SegmentedRaftLogWorker (SegmentedRaftLogWorker.java:execute(629)) - c6a4e7bd-4491-4fc1-b57a-abeebaac5def@group-758C24CFFA84-SegmentedRaftLogWorker: created new log segment /home/runner/work/ozone/ozone/hadoop-ozone/integration-test/target/test-dir/MiniOzoneClusterImpl-b7bb7c95-97ac-4743-8c58-bec42c492c64/datanode-1/data/ratis/039c1c6d-8be4-4cc8-86f0-758c24cffa84/current/log_inprogress_0
2022-09-03 01:13:51,540 [EndpointStateMachine task thread for /127.0.0.1:44975 - 0 ] INFO  ipc.Client (Client.java:handleConnectionFailure(977)) - Retrying connect to server: localhost/127.0.0.1:44975. Already tried 3 time(s); retry policy is RetryUpToMaximumCountWithFixedSleep(maxRetries=15, sleepTime=1000 MILLISECONDS)
2022-09-03 01:13:51,882 [EndpointStateMachine task thread for /127.0.0.1:41659 - 0 ] INFO  ipc.Client (Client.java:handleConnectionFailure(977)) - Retrying connect to server: localhost/127.0.0.1:41659. Already tried 3 time(s); retry policy is RetryUpToMaximumCountWithFixedSleep(maxRetries=15, sleepTime=1000 MILLISECONDS)
2022-09-03 01:13:51,882 [EndpointStateMachine task thread for /127.0.0.1:36917 - 0 ] INFO  ipc.Client (Client.java:handleConnectionFailure(977)) - Retrying connect to server: localhost/127.0.0.1:36917. Already tried 3 time(s); retry policy is RetryUpToMaximumCountWithFixedSleep(maxRetries=15, sleepTime=1000 MILLISECONDS)
2022-09-03 01:13:52,540 [EndpointStateMachine task thread for /127.0.0.1:44975 - 0 ] INFO  ipc.Client (Client.java:handleConnectionFailure(977)) - Retrying connect to server: localhost/127.0.0.1:44975. Already tried 4 time(s); retry policy is RetryUpToMaximumCountWithFixedSleep(maxRetries=15, sleepTime=1000 MILLISECONDS)
2022-09-03 01:13:52,883 [EndpointStateMachine task thread for /127.0.0.1:41659 - 0 ] INFO  ipc.Client (Client.java:handleConnectionFailure(977)) - Retrying connect to server: localhost/127.0.0.1:41659. Already tried 4 time(s); retry policy is RetryUpToMaximumCountWithFixedSleep(maxRetries=15, sleepTime=1000 MILLISECONDS)
2022-09-03 01:13:52,883 [EndpointStateMachine task thread for /127.0.0.1:36917 - 0 ] INFO  ipc.Client (Client.java:handleConnectionFailure(977)) - Retrying connect to server: localhost/127.0.0.1:36917. Already tried 4 time(s); retry policy is RetryUpToMaximumCountWithFixedSleep(maxRetries=15, sleepTime=1000 MILLISECONDS)
2022-09-03 01:13:53,028 [Datanode State Machine Daemon Thread] ERROR datanode.RunningDatanodeState (RunningDatanodeState.java:computeNextContainerState(207)) - Error in executing end point task.
java.util.concurrent.ExecutionException: java.util.concurrent.TimeoutException
	at java.util.concurrent.FutureTask.report(FutureTask.java:122)
	at java.util.concurrent.FutureTask.get(FutureTask.java:192)
	at org.apache.hadoop.ozone.container.common.states.datanode.RunningDatanodeState.computeNextContainerState(RunningDatanodeState.java:199)
	at org.apache.hadoop.ozone.container.common.states.datanode.RunningDatanodeState.await(RunningDatanodeState.java:239)
	at org.apache.hadoop.ozone.container.common.states.datanode.RunningDatanodeState.await(RunningDatanodeState.java:50)
	at org.apache.hadoop.ozone.container.common.statemachine.StateContext.execute(StateContext.java:660)
	at org.apache.hadoop.ozone.container.common.statemachine.DatanodeStateMachine.startStateMachineThread(DatanodeStateMachine.java:298)
	at org.apache.hadoop.ozone.container.common.statemachine.DatanodeStateMachine.lambda$startDaemon$0(DatanodeStateMachine.java:493)
	at java.lang.Thread.run(Thread.java:750)
Caused by: java.util.concurrent.TimeoutException
	at java.util.concurrent.FutureTask.get(FutureTask.java:205)
	at org.apache.hadoop.ozone.container.common.states.datanode.RunningDatanodeState.lambda$execute$0(RunningDatanodeState.java:157)
	at java.util.concurrent.FutureTask.run(FutureTask.java:266)
	at java.util.concurrent.Executors$RunnableAdapter.call(Executors.java:511)
	at java.util.concurrent.FutureTask.run(FutureTask.java:266)
	at java.util.concurrent.ThreadPoolExecutor.runWorker(ThreadPoolExecutor.java:1149)
	at java.util.concurrent.ThreadPoolExecutor$Worker.run(ThreadPoolExecutor.java:624)
	... 1 more
2022-09-03 01:13:53,542 [EndpointStateMachine task thread for /127.0.0.1:44975 - 0 ] INFO  ipc.Client (Client.java:handleConnectionFailure(977)) - Retrying connect to server: localhost/127.0.0.1:44975. Already tried 5 time(s); retry policy is RetryUpToMaximumCountWithFixedSleep(maxRetries=15, sleepTime=1000 MILLISECONDS)
2022-09-03 01:13:53,884 [EndpointStateMachine task thread for /127.0.0.1:41659 - 0 ] INFO  ipc.Client (Client.java:handleConnectionFailure(977)) - Retrying connect to server: localhost/127.0.0.1:41659. Already tried 5 time(s); retry policy is RetryUpToMaximumCountWithFixedSleep(maxRetries=15, sleepTime=1000 MILLISECONDS)
2022-09-03 01:13:53,884 [EndpointStateMachine task thread for /127.0.0.1:36917 - 0 ] INFO  ipc.Client (Client.java:handleConnectionFailure(977)) - Retrying connect to server: localhost/127.0.0.1:36917. Already tried 5 time(s); retry policy is RetryUpToMaximumCountWithFixedSleep(maxRetries=15, sleepTime=1000 MILLISECONDS)
2022-09-03 01:13:54,032 [Datanode State Machine Daemon Thread] ERROR datanode.RunningDatanodeState (RunningDatanodeState.java:computeNextContainerState(207)) - Error in executing end point task.
java.util.concurrent.ExecutionException: java.util.concurrent.TimeoutException
	at java.util.concurrent.FutureTask.report(FutureTask.java:122)
	at java.util.concurrent.FutureTask.get(FutureTask.java:192)
	at org.apache.hadoop.ozone.container.common.states.datanode.RunningDatanodeState.computeNextContainerState(RunningDatanodeState.java:199)
	at org.apache.hadoop.ozone.container.common.states.datanode.RunningDatanodeState.await(RunningDatanodeState.java:239)
	at org.apache.hadoop.ozone.container.common.states.datanode.RunningDatanodeState.await(RunningDatanodeState.java:50)
	at org.apache.hadoop.ozone.container.common.statemachine.StateContext.execute(StateContext.java:660)
	at org.apache.hadoop.ozone.container.common.statemachine.DatanodeStateMachine.startStateMachineThread(DatanodeStateMachine.java:298)
	at org.apache.hadoop.ozone.container.common.statemachine.DatanodeStateMachine.lambda$startDaemon$0(DatanodeStateMachine.java:493)
	at java.lang.Thread.run(Thread.java:750)
Caused by: java.util.concurrent.TimeoutException
	at java.util.concurrent.FutureTask.get(FutureTask.java:205)
	at org.apache.hadoop.ozone.container.common.states.datanode.RunningDatanodeState.lambda$execute$0(RunningDatanodeState.java:157)
	at java.util.concurrent.FutureTask.run(FutureTask.java:266)
	at java.util.concurrent.Executors$RunnableAdapter.call(Executors.java:511)
	at java.util.concurrent.FutureTask.run(FutureTask.java:266)
	at java.util.concurrent.ThreadPoolExecutor.runWorker(ThreadPoolExecutor.java:1149)
	at java.util.concurrent.ThreadPoolExecutor$Worker.run(ThreadPoolExecutor.java:624)
	... 1 more
2022-09-03 01:13:54,362 [Listener at 127.0.0.1/44253] INFO  ozoneimpl.OzoneContainer (OzoneContainer.java:stop(400)) - Attempting to stop container services.
2022-09-03 01:13:54,363 [Listener at 127.0.0.1/44253] INFO  server.RaftServer (RaftServerProxy.java:lambda$close$7(398)) - c6a4e7bd-4491-4fc1-b57a-abeebaac5def: close
2022-09-03 01:13:54,363 [Listener at 127.0.0.1/44253] INFO  server.RaftServer$Division (RaftServerImpl.java:lambda$close$4(434)) - c6a4e7bd-4491-4fc1-b57a-abeebaac5def@group-37D0217F35F7: shutdown
2022-09-03 01:13:54,364 [ForkJoinPool.commonPool-worker-1] INFO  ozoneimpl.OzoneContainer (OzoneContainer.java:stop(400)) - Attempting to stop container services.
2022-09-03 01:13:54,364 [Listener at 127.0.0.1/44253] INFO  util.JmxRegister (JmxRegister.java:unregister(73)) - Successfully un-registered JMX Bean with object name Ratis:service=RaftServer,group=group-37D0217F35F7,id=c6a4e7bd-4491-4fc1-b57a-abeebaac5def
2022-09-03 01:13:54,364 [Listener at 127.0.0.1/44253] INFO  impl.RoleInfo (RoleInfo.java:shutdownLeaderState(93)) - c6a4e7bd-4491-4fc1-b57a-abeebaac5def: shutdown c6a4e7bd-4491-4fc1-b57a-abeebaac5def@group-37D0217F35F7-LeaderStateImpl
2022-09-03 01:13:54,364 [Listener at 127.0.0.1/44253] INFO  impl.PendingRequests (PendingRequests.java:sendNotLeaderResponses(282)) - c6a4e7bd-4491-4fc1-b57a-abeebaac5def@group-37D0217F35F7-PendingRequests: sendNotLeaderResponses
2022-09-03 01:13:54,365 [Listener at 127.0.0.1/44253] INFO  impl.StateMachineUpdater (StateMachineUpdater.java:stopAndJoin(153)) - c6a4e7bd-4491-4fc1-b57a-abeebaac5def@group-37D0217F35F7-StateMachineUpdater: set stopIndex = 0
2022-09-03 01:13:54,365 [ForkJoinPool.commonPool-worker-1] INFO  server.RaftServer (RaftServerProxy.java:lambda$close$7(398)) - 10c77fab-dd91-442a-9529-86f26ad3973e: close
2022-09-03 01:13:54,366 [ForkJoinPool.commonPool-worker-1] INFO  server.RaftServer$Division (RaftServerImpl.java:lambda$close$4(434)) - 10c77fab-dd91-442a-9529-86f26ad3973e@group-540472E43475: shutdown
2022-09-03 01:13:54,366 [ForkJoinPool.commonPool-worker-1] INFO  util.JmxRegister (JmxRegister.java:unregister(73)) - Successfully un-registered JMX Bean with object name Ratis:service=RaftServer,group=group-540472E43475,id=10c77fab-dd91-442a-9529-86f26ad3973e
2022-09-03 01:13:54,366 [ForkJoinPool.commonPool-worker-1] INFO  impl.RoleInfo (RoleInfo.java:shutdownLeaderState(93)) - 10c77fab-dd91-442a-9529-86f26ad3973e: shutdown 10c77fab-dd91-442a-9529-86f26ad3973e@group-540472E43475-LeaderStateImpl
2022-09-03 01:13:54,366 [ForkJoinPool.commonPool-worker-1] INFO  impl.PendingRequests (PendingRequests.java:sendNotLeaderResponses(282)) - 10c77fab-dd91-442a-9529-86f26ad3973e@group-540472E43475-PendingRequests: sendNotLeaderResponses
2022-09-03 01:13:54,366 [ForkJoinPool.commonPool-worker-1] INFO  impl.StateMachineUpdater (StateMachineUpdater.java:stopAndJoin(153)) - 10c77fab-dd91-442a-9529-86f26ad3973e@group-540472E43475-StateMachineUpdater: set stopIndex = 0
2022-09-03 01:13:54,367 [c6a4e7bd-4491-4fc1-b57a-abeebaac5def@group-37D0217F35F7-StateMachineUpdater] INFO  ratis.ContainerStateMachine (ContainerStateMachine.java:takeSnapshot(304)) - group-37D0217F35F7: Taking a snapshot at:(t:1, i:0) file /home/runner/work/ozone/ozone/hadoop-ozone/integration-test/target/test-dir/MiniOzoneClusterImpl-b7bb7c95-97ac-4743-8c58-bec42c492c64/datanode-1/data/ratis/af093f03-d7dd-4708-8e81-37d0217f35f7/sm/snapshot.1_0
2022-09-03 01:13:54,367 [10c77fab-dd91-442a-9529-86f26ad3973e@group-540472E43475-StateMachineUpdater] INFO  ratis.ContainerStateMachine (ContainerStateMachine.java:takeSnapshot(304)) - group-540472E43475: Taking a snapshot at:(t:1, i:0) file /home/runner/work/ozone/ozone/hadoop-ozone/integration-test/target/test-dir/MiniOzoneClusterImpl-b7bb7c95-97ac-4743-8c58-bec42c492c64/datanode-0/data/ratis/726591df-393f-461b-bb3c-540472e43475/sm/snapshot.1_0
2022-09-03 01:13:54,403 [c6a4e7bd-4491-4fc1-b57a-abeebaac5def@group-37D0217F35F7-StateMachineUpdater] INFO  ratis.ContainerStateMachine (ContainerStateMachine.java:takeSnapshot(315)) - group-37D0217F35F7: Finished taking a snapshot at:(t:1, i:0) file:/home/runner/work/ozone/ozone/hadoop-ozone/integration-test/target/test-dir/MiniOzoneClusterImpl-b7bb7c95-97ac-4743-8c58-bec42c492c64/datanode-1/data/ratis/af093f03-d7dd-4708-8e81-37d0217f35f7/sm/snapshot.1_0 took: 36 ms
2022-09-03 01:13:54,403 [10c77fab-dd91-442a-9529-86f26ad3973e@group-540472E43475-StateMachineUpdater] INFO  ratis.ContainerStateMachine (ContainerStateMachine.java:takeSnapshot(315)) - group-540472E43475: Finished taking a snapshot at:(t:1, i:0) file:/home/runner/work/ozone/ozone/hadoop-ozone/integration-test/target/test-dir/MiniOzoneClusterImpl-b7bb7c95-97ac-4743-8c58-bec42c492c64/datanode-0/data/ratis/726591df-393f-461b-bb3c-540472e43475/sm/snapshot.1_0 took: 36 ms
2022-09-03 01:13:54,405 [c6a4e7bd-4491-4fc1-b57a-abeebaac5def@group-37D0217F35F7-StateMachineUpdater] INFO  impl.StateMachineUpdater (StateMachineUpdater.java:takeSnapshot(287)) - c6a4e7bd-4491-4fc1-b57a-abeebaac5def@group-37D0217F35F7-StateMachineUpdater: Took a snapshot at index 0
2022-09-03 01:13:54,405 [10c77fab-dd91-442a-9529-86f26ad3973e@group-540472E43475-StateMachineUpdater] INFO  impl.StateMachineUpdater (StateMachineUpdater.java:takeSnapshot(287)) - 10c77fab-dd91-442a-9529-86f26ad3973e@group-540472E43475-StateMachineUpdater: Took a snapshot at index 0
2022-09-03 01:13:54,405 [c6a4e7bd-4491-4fc1-b57a-abeebaac5def@group-37D0217F35F7-StateMachineUpdater] INFO  impl.StateMachineUpdater (StateMachineUpdater.java:lambda$new$0(92)) - c6a4e7bd-4491-4fc1-b57a-abeebaac5def@group-37D0217F35F7-StateMachineUpdater: snapshotIndex: updateIncreasingly -1 -> 0
2022-09-03 01:13:54,405 [10c77fab-dd91-442a-9529-86f26ad3973e@group-540472E43475-StateMachineUpdater] INFO  impl.StateMachineUpdater (StateMachineUpdater.java:lambda$new$0(92)) - 10c77fab-dd91-442a-9529-86f26ad3973e@group-540472E43475-StateMachineUpdater: snapshotIndex: updateIncreasingly -1 -> 0
2022-09-03 01:13:54,405 [Listener at 127.0.0.1/44253] INFO  server.RaftServer$Division (ServerState.java:close(429)) - c6a4e7bd-4491-4fc1-b57a-abeebaac5def@group-37D0217F35F7: closes. applyIndex: 0
2022-09-03 01:13:54,406 [ForkJoinPool.commonPool-worker-1] INFO  server.RaftServer$Division (ServerState.java:close(429)) - 10c77fab-dd91-442a-9529-86f26ad3973e@group-540472E43475: closes. applyIndex: 0
2022-09-03 01:13:54,406 [c6a4e7bd-4491-4fc1-b57a-abeebaac5def@group-37D0217F35F7-SegmentedRaftLogWorker] INFO  segmented.SegmentedRaftLogWorker (SegmentedRaftLogWorker.java:run(336)) - c6a4e7bd-4491-4fc1-b57a-abeebaac5def@group-37D0217F35F7-SegmentedRaftLogWorker was interrupted, exiting. There are 0 tasks remaining in the queue.
2022-09-03 01:13:54,406 [10c77fab-dd91-442a-9529-86f26ad3973e@group-540472E43475-SegmentedRaftLogWorker] INFO  segmented.SegmentedRaftLogWorker (SegmentedRaftLogWorker.java:run(336)) - 10c77fab-dd91-442a-9529-86f26ad3973e@group-540472E43475-SegmentedRaftLogWorker was interrupted, exiting. There are 0 tasks remaining in the queue.
2022-09-03 01:13:54,407 [ForkJoinPool.commonPool-worker-1] INFO  segmented.SegmentedRaftLogWorker (SegmentedRaftLogWorker.java:close(246)) - 10c77fab-dd91-442a-9529-86f26ad3973e@group-540472E43475-SegmentedRaftLogWorker close()
2022-09-03 01:13:54,407 [Listener at 127.0.0.1/44253] INFO  segmented.SegmentedRaftLogWorker (SegmentedRaftLogWorker.java:close(246)) - c6a4e7bd-4491-4fc1-b57a-abeebaac5def@group-37D0217F35F7-SegmentedRaftLogWorker close()
2022-09-03 01:13:54,408 [Listener at 127.0.0.1/44253] INFO  server.RaftServer$Division (RaftServerImpl.java:lambda$close$4(434)) - c6a4e7bd-4491-4fc1-b57a-abeebaac5def@group-758C24CFFA84: shutdown
2022-09-03 01:13:54,408 [ForkJoinPool.commonPool-worker-1] INFO  server.RaftServer$Division (RaftServerImpl.java:lambda$close$4(434)) - 10c77fab-dd91-442a-9529-86f26ad3973e@group-758C24CFFA84: shutdown
2022-09-03 01:13:54,408 [Listener at 127.0.0.1/44253] INFO  util.JmxRegister (JmxRegister.java:unregister(73)) - Successfully un-registered JMX Bean with object name Ratis:service=RaftServer,group=group-758C24CFFA84,id=c6a4e7bd-4491-4fc1-b57a-abeebaac5def
2022-09-03 01:13:54,409 [Listener at 127.0.0.1/44253] INFO  impl.RoleInfo (RoleInfo.java:shutdownFollowerState(110)) - c6a4e7bd-4491-4fc1-b57a-abeebaac5def: shutdown c6a4e7bd-4491-4fc1-b57a-abeebaac5def@group-758C24CFFA84-FollowerState
2022-09-03 01:13:54,409 [ForkJoinPool.commonPool-worker-1] INFO  util.JmxRegister (JmxRegister.java:unregister(73)) - Successfully un-registered JMX Bean with object name Ratis:service=RaftServer,group=group-758C24CFFA84,id=10c77fab-dd91-442a-9529-86f26ad3973e
2022-09-03 01:13:54,409 [ForkJoinPool.commonPool-worker-1] INFO  impl.RoleInfo (RoleInfo.java:shutdownFollowerState(110)) - 10c77fab-dd91-442a-9529-86f26ad3973e: shutdown 10c77fab-dd91-442a-9529-86f26ad3973e@group-758C24CFFA84-FollowerState
2022-09-03 01:13:54,409 [ForkJoinPool.commonPool-worker-1] INFO  impl.StateMachineUpdater (StateMachineUpdater.java:stopAndJoin(153)) - 10c77fab-dd91-442a-9529-86f26ad3973e@group-758C24CFFA84-StateMachineUpdater: set stopIndex = 0
2022-09-03 01:13:54,409 [10c77fab-dd91-442a-9529-86f26ad3973e@group-758C24CFFA84-FollowerState] INFO  impl.FollowerState (FollowerState.java:run(152)) - 10c77fab-dd91-442a-9529-86f26ad3973e@group-758C24CFFA84-FollowerState was interrupted
2022-09-03 01:13:54,409 [c6a4e7bd-4491-4fc1-b57a-abeebaac5def@group-758C24CFFA84-FollowerState] INFO  impl.FollowerState (FollowerState.java:run(152)) - c6a4e7bd-4491-4fc1-b57a-abeebaac5def@group-758C24CFFA84-FollowerState was interrupted
2022-09-03 01:13:54,409 [10c77fab-dd91-442a-9529-86f26ad3973e@group-758C24CFFA84-StateMachineUpdater] INFO  ratis.ContainerStateMachine (ContainerStateMachine.java:takeSnapshot(304)) - group-758C24CFFA84: Taking a snapshot at:(t:2, i:0) file /home/runner/work/ozone/ozone/hadoop-ozone/integration-test/target/test-dir/MiniOzoneClusterImpl-b7bb7c95-97ac-4743-8c58-bec42c492c64/datanode-0/data/ratis/039c1c6d-8be4-4cc8-86f0-758c24cffa84/sm/snapshot.2_0
2022-09-03 01:13:54,410 [10c77fab-dd91-442a-9529-86f26ad3973e@group-758C24CFFA84-StateMachineUpdater] INFO  ratis.ContainerStateMachine (ContainerStateMachine.java:takeSnapshot(315)) - group-758C24CFFA84: Finished taking a snapshot at:(t:2, i:0) file:/home/runner/work/ozone/ozone/hadoop-ozone/integration-test/target/test-dir/MiniOzoneClusterImpl-b7bb7c95-97ac-4743-8c58-bec42c492c64/datanode-0/data/ratis/039c1c6d-8be4-4cc8-86f0-758c24cffa84/sm/snapshot.2_0 took: 1 ms
2022-09-03 01:13:54,410 [10c77fab-dd91-442a-9529-86f26ad3973e@group-758C24CFFA84-StateMachineUpdater] INFO  impl.StateMachineUpdater (StateMachineUpdater.java:takeSnapshot(287)) - 10c77fab-dd91-442a-9529-86f26ad3973e@group-758C24CFFA84-StateMachineUpdater: Took a snapshot at index 0
2022-09-03 01:13:54,411 [10c77fab-dd91-442a-9529-86f26ad3973e@group-758C24CFFA84-StateMachineUpdater] INFO  impl.StateMachineUpdater (StateMachineUpdater.java:lambda$new$0(92)) - 10c77fab-dd91-442a-9529-86f26ad3973e@group-758C24CFFA84-StateMachineUpdater: snapshotIndex: updateIncreasingly -1 -> 0
2022-09-03 01:13:54,411 [ForkJoinPool.commonPool-worker-1] INFO  server.RaftServer$Division (ServerState.java:close(429)) - 10c77fab-dd91-442a-9529-86f26ad3973e@group-758C24CFFA84: closes. applyIndex: 0
2022-09-03 01:13:54,411 [10c77fab-dd91-442a-9529-86f26ad3973e@group-758C24CFFA84-SegmentedRaftLogWorker] INFO  segmented.SegmentedRaftLogWorker (SegmentedRaftLogWorker.java:run(336)) - 10c77fab-dd91-442a-9529-86f26ad3973e@group-758C24CFFA84-SegmentedRaftLogWorker was interrupted, exiting. There are 0 tasks remaining in the queue.
2022-09-03 01:13:54,409 [Listener at 127.0.0.1/44253] INFO  impl.StateMachineUpdater (StateMachineUpdater.java:stopAndJoin(153)) - c6a4e7bd-4491-4fc1-b57a-abeebaac5def@group-758C24CFFA84-StateMachineUpdater: set stopIndex = 0
2022-09-03 01:13:54,409 [c6a4e7bd-4491-4fc1-b57a-abeebaac5def@group-758C24CFFA84-StateMachineUpdater] INFO  ratis.ContainerStateMachine (ContainerStateMachine.java:takeSnapshot(304)) - group-758C24CFFA84: Taking a snapshot at:(t:2, i:0) file /home/runner/work/ozone/ozone/hadoop-ozone/integration-test/target/test-dir/MiniOzoneClusterImpl-b7bb7c95-97ac-4743-8c58-bec42c492c64/datanode-1/data/ratis/039c1c6d-8be4-4cc8-86f0-758c24cffa84/sm/snapshot.2_0
2022-09-03 01:13:54,413 [c6a4e7bd-4491-4fc1-b57a-abeebaac5def@group-758C24CFFA84-StateMachineUpdater] INFO  ratis.ContainerStateMachine (ContainerStateMachine.java:takeSnapshot(315)) - group-758C24CFFA84: Finished taking a snapshot at:(t:2, i:0) file:/home/runner/work/ozone/ozone/hadoop-ozone/integration-test/target/test-dir/MiniOzoneClusterImpl-b7bb7c95-97ac-4743-8c58-bec42c492c64/datanode-1/data/ratis/039c1c6d-8be4-4cc8-86f0-758c24cffa84/sm/snapshot.2_0 took: 4 ms
2022-09-03 01:13:54,414 [c6a4e7bd-4491-4fc1-b57a-abeebaac5def@group-758C24CFFA84-StateMachineUpdater] INFO  impl.StateMachineUpdater (StateMachineUpdater.java:takeSnapshot(287)) - c6a4e7bd-4491-4fc1-b57a-abeebaac5def@group-758C24CFFA84-StateMachineUpdater: Took a snapshot at index 0
2022-09-03 01:13:54,414 [c6a4e7bd-4491-4fc1-b57a-abeebaac5def@group-758C24CFFA84-StateMachineUpdater] INFO  impl.StateMachineUpdater (StateMachineUpdater.java:lambda$new$0(92)) - c6a4e7bd-4491-4fc1-b57a-abeebaac5def@group-758C24CFFA84-StateMachineUpdater: snapshotIndex: updateIncreasingly -1 -> 0
2022-09-03 01:13:54,414 [Listener at 127.0.0.1/44253] INFO  server.RaftServer$Division (ServerState.java:close(429)) - c6a4e7bd-4491-4fc1-b57a-abeebaac5def@group-758C24CFFA84: closes. applyIndex: 0
2022-09-03 01:13:54,414 [c6a4e7bd-4491-4fc1-b57a-abeebaac5def@group-758C24CFFA84-SegmentedRaftLogWorker] INFO  segmented.SegmentedRaftLogWorker (SegmentedRaftLogWorker.java:run(336)) - c6a4e7bd-4491-4fc1-b57a-abeebaac5def@group-758C24CFFA84-SegmentedRaftLogWorker was interrupted, exiting. There are 0 tasks remaining in the queue.
2022-09-03 01:13:54,417 [ForkJoinPool.commonPool-worker-1] INFO  segmented.SegmentedRaftLogWorker (SegmentedRaftLogWorker.java:close(246)) - 10c77fab-dd91-442a-9529-86f26ad3973e@group-758C24CFFA84-SegmentedRaftLogWorker close()
2022-09-03 01:13:54,418 [Listener at 127.0.0.1/44253] INFO  segmented.SegmentedRaftLogWorker (SegmentedRaftLogWorker.java:close(246)) - c6a4e7bd-4491-4fc1-b57a-abeebaac5def@group-758C24CFFA84-SegmentedRaftLogWorker close()
2022-09-03 01:13:54,419 [ForkJoinPool.commonPool-worker-1] INFO  server.RaftServer$Division (RaftServerImpl.java:lambda$close$4(434)) - 10c77fab-dd91-442a-9529-86f26ad3973e@group-6CE1A9EDA204: shutdown
2022-09-03 01:13:54,419 [ForkJoinPool.commonPool-worker-1] INFO  util.JmxRegister (JmxRegister.java:unregister(73)) - Successfully un-registered JMX Bean with object name Ratis:service=RaftServer,group=group-6CE1A9EDA204,id=10c77fab-dd91-442a-9529-86f26ad3973e
2022-09-03 01:13:54,419 [ForkJoinPool.commonPool-worker-1] INFO  impl.RoleInfo (RoleInfo.java:shutdownLeaderState(93)) - 10c77fab-dd91-442a-9529-86f26ad3973e: shutdown 10c77fab-dd91-442a-9529-86f26ad3973e@group-6CE1A9EDA204-LeaderStateImpl
2022-09-03 01:13:54,420 [ForkJoinPool.commonPool-worker-1] INFO  impl.PendingRequests (PendingRequests.java:sendNotLeaderResponses(282)) - 10c77fab-dd91-442a-9529-86f26ad3973e@group-6CE1A9EDA204-PendingRequests: sendNotLeaderResponses
2022-09-03 01:13:54,420 [10c77fab-dd91-442a-9529-86f26ad3973e@group-6CE1A9EDA204->9cdbf1d0-d280-4661-b2c7-fb859849bb8c-GrpcLogAppender-LogAppenderDaemon] WARN  server.GrpcLogAppender (GrpcLogAppender.java:mayWait(171)) - 10c77fab-dd91-442a-9529-86f26ad3973e@group-6CE1A9EDA204->9cdbf1d0-d280-4661-b2c7-fb859849bb8c-GrpcLogAppender: Wait interrupted by java.lang.InterruptedException
2022-09-03 01:13:54,420 [10c77fab-dd91-442a-9529-86f26ad3973e@group-6CE1A9EDA204->c6a4e7bd-4491-4fc1-b57a-abeebaac5def-GrpcLogAppender-LogAppenderDaemon] WARN  server.GrpcLogAppender (GrpcLogAppender.java:mayWait(171)) - 10c77fab-dd91-442a-9529-86f26ad3973e@group-6CE1A9EDA204->c6a4e7bd-4491-4fc1-b57a-abeebaac5def-GrpcLogAppender: Wait interrupted by java.lang.InterruptedException
2022-09-03 01:13:54,421 [grpc-default-executor-4] INFO  server.GrpcServerProtocolService (GrpcServerProtocolService.java:onCompleted(140)) - 9cdbf1d0-d280-4661-b2c7-fb859849bb8c: Completed APPEND_ENTRIES, lastRequest: 10c77fab-dd91-442a-9529-86f26ad3973e->9cdbf1d0-d280-4661-b2c7-fb859849bb8c#1-t1,previous=(t:0, i:0),leaderCommit=-1,initializing? true,entries: size=1, first=(t:1, i:0), CONFIGURATIONENTRY
2022-09-03 01:13:54,421 [grpc-default-executor-0] INFO  server.GrpcServerProtocolService (GrpcServerProtocolService.java:onCompleted(140)) - c6a4e7bd-4491-4fc1-b57a-abeebaac5def: Completed APPEND_ENTRIES, lastRequest: 10c77fab-dd91-442a-9529-86f26ad3973e->c6a4e7bd-4491-4fc1-b57a-abeebaac5def#1-t1,previous=(t:0, i:0),leaderCommit=-1,initializing? true,entries: size=1, first=(t:1, i:0), CONFIGURATIONENTRY
2022-09-03 01:13:54,422 [grpc-default-executor-3] INFO  server.GrpcLogAppender (GrpcLogAppender.java:onCompleted(339)) - 10c77fab-dd91-442a-9529-86f26ad3973e@group-6CE1A9EDA204->9cdbf1d0-d280-4661-b2c7-fb859849bb8c-AppendLogResponseHandler: follower responses appendEntries COMPLETED
2022-09-03 01:13:54,422 [grpc-default-executor-3] INFO  leader.FollowerInfo (FollowerInfoImpl.java:lambda$new$0(48)) - 10c77fab-dd91-442a-9529-86f26ad3973e@group-6CE1A9EDA204->9cdbf1d0-d280-4661-b2c7-fb859849bb8c: nextIndex: updateUnconditionally 1 -> 0
2022-09-03 01:13:54,422 [ForkJoinPool.commonPool-worker-1] INFO  impl.StateMachineUpdater (StateMachineUpdater.java:stopAndJoin(153)) - 10c77fab-dd91-442a-9529-86f26ad3973e@group-6CE1A9EDA204-StateMachineUpdater: set stopIndex = 0
2022-09-03 01:13:54,422 [10c77fab-dd91-442a-9529-86f26ad3973e@group-6CE1A9EDA204-StateMachineUpdater] INFO  ratis.ContainerStateMachine (ContainerStateMachine.java:takeSnapshot(304)) - group-6CE1A9EDA204: Taking a snapshot at:(t:1, i:0) file /home/runner/work/ozone/ozone/hadoop-ozone/integration-test/target/test-dir/MiniOzoneClusterImpl-b7bb7c95-97ac-4743-8c58-bec42c492c64/datanode-0/data/ratis/5eb1a04a-56ce-49c9-b289-6ce1a9eda204/sm/snapshot.1_0
2022-09-03 01:13:54,423 [grpc-default-executor-4] INFO  server.GrpcLogAppender (GrpcLogAppender.java:onCompleted(339)) - 10c77fab-dd91-442a-9529-86f26ad3973e@group-6CE1A9EDA204->c6a4e7bd-4491-4fc1-b57a-abeebaac5def-AppendLogResponseHandler: follower responses appendEntries COMPLETED
2022-09-03 01:13:54,423 [grpc-default-executor-4] INFO  leader.FollowerInfo (FollowerInfoImpl.java:lambda$new$0(48)) - 10c77fab-dd91-442a-9529-86f26ad3973e@group-6CE1A9EDA204->c6a4e7bd-4491-4fc1-b57a-abeebaac5def: nextIndex: updateUnconditionally 1 -> 0
2022-09-03 01:13:54,424 [10c77fab-dd91-442a-9529-86f26ad3973e@group-6CE1A9EDA204-StateMachineUpdater] INFO  ratis.ContainerStateMachine (ContainerStateMachine.java:takeSnapshot(315)) - group-6CE1A9EDA204: Finished taking a snapshot at:(t:1, i:0) file:/home/runner/work/ozone/ozone/hadoop-ozone/integration-test/target/test-dir/MiniOzoneClusterImpl-b7bb7c95-97ac-4743-8c58-bec42c492c64/datanode-0/data/ratis/5eb1a04a-56ce-49c9-b289-6ce1a9eda204/sm/snapshot.1_0 took: 1 ms
2022-09-03 01:13:54,424 [10c77fab-dd91-442a-9529-86f26ad3973e@group-6CE1A9EDA204-StateMachineUpdater] INFO  impl.StateMachineUpdater (StateMachineUpdater.java:takeSnapshot(287)) - 10c77fab-dd91-442a-9529-86f26ad3973e@group-6CE1A9EDA204-StateMachineUpdater: Took a snapshot at index 0
2022-09-03 01:13:54,424 [Listener at 127.0.0.1/44253] INFO  server.RaftServer$Division (RaftServerImpl.java:lambda$close$4(434)) - c6a4e7bd-4491-4fc1-b57a-abeebaac5def@group-6CE1A9EDA204: shutdown
2022-09-03 01:13:54,424 [10c77fab-dd91-442a-9529-86f26ad3973e@group-6CE1A9EDA204-StateMachineUpdater] INFO  impl.StateMachineUpdater (StateMachineUpdater.java:lambda$new$0(92)) - 10c77fab-dd91-442a-9529-86f26ad3973e@group-6CE1A9EDA204-StateMachineUpdater: snapshotIndex: updateIncreasingly -1 -> 0
2022-09-03 01:13:54,424 [Listener at 127.0.0.1/44253] INFO  util.JmxRegister (JmxRegister.java:unregister(73)) - Successfully un-registered JMX Bean with object name Ratis:service=RaftServer,group=group-6CE1A9EDA204,id=c6a4e7bd-4491-4fc1-b57a-abeebaac5def
2022-09-03 01:13:54,424 [Listener at 127.0.0.1/44253] INFO  impl.RoleInfo (RoleInfo.java:shutdownFollowerState(110)) - c6a4e7bd-4491-4fc1-b57a-abeebaac5def: shutdown c6a4e7bd-4491-4fc1-b57a-abeebaac5def@group-6CE1A9EDA204-FollowerState
2022-09-03 01:13:54,425 [ForkJoinPool.commonPool-worker-1] INFO  server.RaftServer$Division (ServerState.java:close(429)) - 10c77fab-dd91-442a-9529-86f26ad3973e@group-6CE1A9EDA204: closes. applyIndex: 0
2022-09-03 01:13:54,425 [c6a4e7bd-4491-4fc1-b57a-abeebaac5def@group-6CE1A9EDA204-StateMachineUpdater] INFO  ratis.ContainerStateMachine (ContainerStateMachine.java:takeSnapshot(304)) - group-6CE1A9EDA204: Taking a snapshot at:(t:1, i:0) file /home/runner/work/ozone/ozone/hadoop-ozone/integration-test/target/test-dir/MiniOzoneClusterImpl-b7bb7c95-97ac-4743-8c58-bec42c492c64/datanode-1/data/ratis/5eb1a04a-56ce-49c9-b289-6ce1a9eda204/sm/snapshot.1_0
2022-09-03 01:13:54,425 [10c77fab-dd91-442a-9529-86f26ad3973e@group-6CE1A9EDA204-SegmentedRaftLogWorker] INFO  segmented.SegmentedRaftLogWorker (SegmentedRaftLogWorker.java:run(336)) - 10c77fab-dd91-442a-9529-86f26ad3973e@group-6CE1A9EDA204-SegmentedRaftLogWorker was interrupted, exiting. There are 0 tasks remaining in the queue.
2022-09-03 01:13:54,425 [c6a4e7bd-4491-4fc1-b57a-abeebaac5def@group-6CE1A9EDA204-FollowerState] INFO  impl.FollowerState (FollowerState.java:run(152)) - c6a4e7bd-4491-4fc1-b57a-abeebaac5def@group-6CE1A9EDA204-FollowerState was interrupted
2022-09-03 01:13:54,425 [Listener at 127.0.0.1/44253] INFO  impl.StateMachineUpdater (StateMachineUpdater.java:stopAndJoin(153)) - c6a4e7bd-4491-4fc1-b57a-abeebaac5def@group-6CE1A9EDA204-StateMachineUpdater: set stopIndex = 0
2022-09-03 01:13:54,426 [ForkJoinPool.commonPool-worker-1] INFO  segmented.SegmentedRaftLogWorker (SegmentedRaftLogWorker.java:close(246)) - 10c77fab-dd91-442a-9529-86f26ad3973e@group-6CE1A9EDA204-SegmentedRaftLogWorker close()
2022-09-03 01:13:54,426 [c6a4e7bd-4491-4fc1-b57a-abeebaac5def@group-6CE1A9EDA204-StateMachineUpdater] INFO  ratis.ContainerStateMachine (ContainerStateMachine.java:takeSnapshot(315)) - group-6CE1A9EDA204: Finished taking a snapshot at:(t:1, i:0) file:/home/runner/work/ozone/ozone/hadoop-ozone/integration-test/target/test-dir/MiniOzoneClusterImpl-b7bb7c95-97ac-4743-8c58-bec42c492c64/datanode-1/data/ratis/5eb1a04a-56ce-49c9-b289-6ce1a9eda204/sm/snapshot.1_0 took: 1 ms
2022-09-03 01:13:54,427 [ForkJoinPool.commonPool-worker-1] INFO  server.GrpcService (GrpcService.java:closeImpl(269)) - 10c77fab-dd91-442a-9529-86f26ad3973e: shutdown server with port 33509 now
2022-09-03 01:13:54,427 [c6a4e7bd-4491-4fc1-b57a-abeebaac5def@group-6CE1A9EDA204-StateMachineUpdater] INFO  impl.StateMachineUpdater (StateMachineUpdater.java:takeSnapshot(287)) - c6a4e7bd-4491-4fc1-b57a-abeebaac5def@group-6CE1A9EDA204-StateMachineUpdater: Took a snapshot at index 0
2022-09-03 01:13:54,427 [c6a4e7bd-4491-4fc1-b57a-abeebaac5def@group-6CE1A9EDA204-StateMachineUpdater] INFO  impl.StateMachineUpdater (StateMachineUpdater.java:lambda$new$0(92)) - c6a4e7bd-4491-4fc1-b57a-abeebaac5def@group-6CE1A9EDA204-StateMachineUpdater: snapshotIndex: updateIncreasingly -1 -> 0
2022-09-03 01:13:54,428 [grpc-default-executor-0] WARN  server.GrpcServerProtocolService (LogUtils.java:warn(122)) - 10c77fab-dd91-442a-9529-86f26ad3973e: installSnapshot onError, lastRequest: 9cdbf1d0-d280-4661-b2c7-fb859849bb8c->10c77fab-dd91-442a-9529-86f26ad3973e#1-t2,previous=(t:0, i:0),leaderCommit=-1,initializing? true,entries: size=1, first=(t:2, i:0), CONFIGURATIONENTRY: org.apache.ratis.thirdparty.io.grpc.StatusRuntimeException: CANCELLED: client cancelled
2022-09-03 01:13:54,429 [grpc-default-executor-0] WARN  server.GrpcLogAppender (LogUtils.java:warn(122)) - 9cdbf1d0-d280-4661-b2c7-fb859849bb8c@group-758C24CFFA84->10c77fab-dd91-442a-9529-86f26ad3973e-AppendLogResponseHandler: Failed appendEntries: org.apache.ratis.thirdparty.io.grpc.StatusRuntimeException: CANCELLED: RST_STREAM closed stream. HTTP/2 error code: CANCEL
2022-09-03 01:13:54,429 [grpc-default-executor-0] WARN  server.GrpcLogAppender (GrpcLogAppender.java:resetClient(111)) - 9cdbf1d0-d280-4661-b2c7-fb859849bb8c@group-758C24CFFA84->10c77fab-dd91-442a-9529-86f26ad3973e-GrpcLogAppender: Leader has not got in touch with Follower 9cdbf1d0-d280-4661-b2c7-fb859849bb8c@group-758C24CFFA84->10c77fab-dd91-442a-9529-86f26ad3973e(c0,m0,n1, attendVote=true, lastRpcSendTime=861, lastRpcResponseTime=859) yet, just keep nextIndex unchanged and retry.
2022-09-03 01:13:54,431 [ForkJoinPool.commonPool-worker-1] INFO  server.GrpcService (GrpcService.java:closeImpl(278)) - 10c77fab-dd91-442a-9529-86f26ad3973e: shutdown server with port 33509 successfully
2022-09-03 01:13:54,431 [org.apache.ratis.util.JvmPauseMonitor$$Lambda$519/503118660@399c7e2e] INFO  util.JvmPauseMonitor (JvmPauseMonitor.java:run(109)) - JvmPauseMonitor-10c77fab-dd91-442a-9529-86f26ad3973e: Stopped
2022-09-03 01:13:54,432 [Listener at 127.0.0.1/44253] INFO  server.RaftServer$Division (ServerState.java:close(429)) - c6a4e7bd-4491-4fc1-b57a-abeebaac5def@group-6CE1A9EDA204: closes. applyIndex: 0
2022-09-03 01:13:54,432 [c6a4e7bd-4491-4fc1-b57a-abeebaac5def@group-6CE1A9EDA204-SegmentedRaftLogWorker] INFO  segmented.SegmentedRaftLogWorker (SegmentedRaftLogWorker.java:run(336)) - c6a4e7bd-4491-4fc1-b57a-abeebaac5def@group-6CE1A9EDA204-SegmentedRaftLogWorker was interrupted, exiting. There are 0 tasks remaining in the queue.
2022-09-03 01:13:54,436 [Listener at 127.0.0.1/44253] INFO  segmented.SegmentedRaftLogWorker (SegmentedRaftLogWorker.java:close(246)) - c6a4e7bd-4491-4fc1-b57a-abeebaac5def@group-6CE1A9EDA204-SegmentedRaftLogWorker close()
2022-09-03 01:13:54,438 [Listener at 127.0.0.1/44253] INFO  server.GrpcService (GrpcService.java:closeImpl(269)) - c6a4e7bd-4491-4fc1-b57a-abeebaac5def: shutdown server with port 39013 now
2022-09-03 01:13:54,441 [grpc-default-executor-0] WARN  server.GrpcServerProtocolService (LogUtils.java:warn(122)) - c6a4e7bd-4491-4fc1-b57a-abeebaac5def: installSnapshot onError, lastRequest: 9cdbf1d0-d280-4661-b2c7-fb859849bb8c->c6a4e7bd-4491-4fc1-b57a-abeebaac5def#1-t2,previous=(t:0, i:0),leaderCommit=0,initializing? true,entries: size=1, first=(t:2, i:0), CONFIGURATIONENTRY: org.apache.ratis.thirdparty.io.grpc.StatusRuntimeException: CANCELLED: client cancelled
2022-09-03 01:13:54,441 [grpc-default-executor-0] WARN  server.GrpcLogAppender (LogUtils.java:warn(122)) - 9cdbf1d0-d280-4661-b2c7-fb859849bb8c@group-758C24CFFA84->c6a4e7bd-4491-4fc1-b57a-abeebaac5def-AppendLogResponseHandler: Failed appendEntries: org.apache.ratis.thirdparty.io.grpc.StatusRuntimeException: CANCELLED: RST_STREAM closed stream. HTTP/2 error code: CANCEL
2022-09-03 01:13:54,441 [grpc-default-executor-0] WARN  server.GrpcLogAppender (GrpcLogAppender.java:resetClient(111)) - 9cdbf1d0-d280-4661-b2c7-fb859849bb8c@group-758C24CFFA84->c6a4e7bd-4491-4fc1-b57a-abeebaac5def-GrpcLogAppender: Leader has not got in touch with Follower 9cdbf1d0-d280-4661-b2c7-fb859849bb8c@group-758C24CFFA84->c6a4e7bd-4491-4fc1-b57a-abeebaac5def(c0,m0,n1, attendVote=true, lastRpcSendTime=864, lastRpcResponseTime=861) yet, just keep nextIndex unchanged and retry.
2022-09-03 01:13:54,446 [Listener at 127.0.0.1/44253] INFO  server.GrpcService (GrpcService.java:closeImpl(278)) - c6a4e7bd-4491-4fc1-b57a-abeebaac5def: shutdown server with port 39013 successfully
2022-09-03 01:13:54,446 [org.apache.ratis.util.JvmPauseMonitor$$Lambda$519/503118660@265dfa8f] INFO  util.JvmPauseMonitor (JvmPauseMonitor.java:run(109)) - JvmPauseMonitor-c6a4e7bd-4491-4fc1-b57a-abeebaac5def: Stopped
2022-09-03 01:13:54,542 [EndpointStateMachine task thread for /127.0.0.1:44975 - 0 ] INFO  ipc.Client (Client.java:handleConnectionFailure(977)) - Retrying connect to server: localhost/127.0.0.1:44975. Already tried 6 time(s); retry policy is RetryUpToMaximumCountWithFixedSleep(maxRetries=15, sleepTime=1000 MILLISECONDS)
2022-09-03 01:13:54,885 [EndpointStateMachine task thread for /127.0.0.1:41659 - 0 ] INFO  ipc.Client (Client.java:handleConnectionFailure(977)) - Retrying connect to server: localhost/127.0.0.1:41659. Already tried 6 time(s); retry policy is RetryUpToMaximumCountWithFixedSleep(maxRetries=15, sleepTime=1000 MILLISECONDS)
2022-09-03 01:13:54,885 [EndpointStateMachine task thread for /127.0.0.1:36917 - 0 ] INFO  ipc.Client (Client.java:handleConnectionFailure(977)) - Retrying connect to server: localhost/127.0.0.1:36917. Already tried 6 time(s); retry policy is RetryUpToMaximumCountWithFixedSleep(maxRetries=15, sleepTime=1000 MILLISECONDS)
2022-09-03 01:13:55,543 [EndpointStateMachine task thread for /127.0.0.1:44975 - 0 ] INFO  ipc.Client (Client.java:handleConnectionFailure(977)) - Retrying connect to server: localhost/127.0.0.1:44975. Already tried 7 time(s); retry policy is RetryUpToMaximumCountWithFixedSleep(maxRetries=15, sleepTime=1000 MILLISECONDS)
2022-09-03 01:13:55,885 [EndpointStateMachine task thread for /127.0.0.1:36917 - 0 ] INFO  ipc.Client (Client.java:handleConnectionFailure(977)) - Retrying connect to server: localhost/127.0.0.1:36917. Already tried 7 time(s); retry policy is RetryUpToMaximumCountWithFixedSleep(maxRetries=15, sleepTime=1000 MILLISECONDS)
2022-09-03 01:13:55,885 [EndpointStateMachine task thread for /127.0.0.1:41659 - 0 ] INFO  ipc.Client (Client.java:handleConnectionFailure(977)) - Retrying connect to server: localhost/127.0.0.1:41659. Already tried 7 time(s); retry policy is RetryUpToMaximumCountWithFixedSleep(maxRetries=15, sleepTime=1000 MILLISECONDS)
2022-09-03 01:13:56,074 [grpc-default-executor-0] WARN  server.GrpcLogAppender (LogUtils.java:warn(122)) - 9cdbf1d0-d280-4661-b2c7-fb859849bb8c@group-758C24CFFA84->10c77fab-dd91-442a-9529-86f26ad3973e-AppendLogResponseHandler: Failed appendEntries: org.apache.ratis.thirdparty.io.grpc.StatusRuntimeException: UNAVAILABLE: io exception
2022-09-03 01:13:56,074 [grpc-default-executor-0] WARN  server.GrpcLogAppender (GrpcLogAppender.java:resetClient(111)) - 9cdbf1d0-d280-4661-b2c7-fb859849bb8c@group-758C24CFFA84->10c77fab-dd91-442a-9529-86f26ad3973e-GrpcLogAppender: Leader has not got in touch with Follower 9cdbf1d0-d280-4661-b2c7-fb859849bb8c@group-758C24CFFA84->10c77fab-dd91-442a-9529-86f26ad3973e(c0,m0,n1, attendVote=true, lastRpcSendTime=2, lastRpcResponseTime=2504) yet, just keep nextIndex unchanged and retry.
2022-09-03 01:13:56,081 [grpc-default-executor-4] WARN  server.GrpcLogAppender (LogUtils.java:warn(122)) - 9cdbf1d0-d280-4661-b2c7-fb859849bb8c@group-758C24CFFA84->c6a4e7bd-4491-4fc1-b57a-abeebaac5def-AppendLogResponseHandler: Failed appendEntries: org.apache.ratis.thirdparty.io.grpc.StatusRuntimeException: UNAVAILABLE: io exception
2022-09-03 01:13:56,081 [grpc-default-executor-4] WARN  server.GrpcLogAppender (GrpcLogAppender.java:resetClient(111)) - 9cdbf1d0-d280-4661-b2c7-fb859849bb8c@group-758C24CFFA84->c6a4e7bd-4491-4fc1-b57a-abeebaac5def-GrpcLogAppender: Leader has not got in touch with Follower 9cdbf1d0-d280-4661-b2c7-fb859849bb8c@group-758C24CFFA84->c6a4e7bd-4491-4fc1-b57a-abeebaac5def(c0,m0,n1, attendVote=true, lastRpcSendTime=1, lastRpcResponseTime=2502) yet, just keep nextIndex unchanged and retry.
2022-09-03 01:13:56,509 [ForkJoinPool.commonPool-worker-1] INFO  utils.BackgroundService (BackgroundService.java:shutdown(141)) - Shutting down service BlockDeletingService
2022-09-03 01:13:56,509 [Listener at 127.0.0.1/44253] INFO  utils.BackgroundService (BackgroundService.java:shutdown(141)) - Shutting down service BlockDeletingService
2022-09-03 01:13:56,509 [ForkJoinPool.commonPool-worker-1] INFO  utils.BackgroundService (BackgroundService.java:shutdown(141)) - Shutting down service StaleRecoveringContainerScrubbingService
2022-09-03 01:13:56,512 [Listener at 127.0.0.1/44253] INFO  utils.BackgroundService (BackgroundService.java:shutdown(141)) - Shutting down service StaleRecoveringContainerScrubbingService
2022-09-03 01:13:56,544 [EndpointStateMachine task thread for /127.0.0.1:44975 - 0 ] INFO  ipc.Client (Client.java:handleConnectionFailure(977)) - Retrying connect to server: localhost/127.0.0.1:44975. Already tried 8 time(s); retry policy is RetryUpToMaximumCountWithFixedSleep(maxRetries=15, sleepTime=1000 MILLISECONDS)
2022-09-03 01:13:56,886 [EndpointStateMachine task thread for /127.0.0.1:36917 - 0 ] INFO  ipc.Client (Client.java:handleConnectionFailure(977)) - Retrying connect to server: localhost/127.0.0.1:36917. Already tried 8 time(s); retry policy is RetryUpToMaximumCountWithFixedSleep(maxRetries=15, sleepTime=1000 MILLISECONDS)
2022-09-03 01:13:56,887 [EndpointStateMachine task thread for /127.0.0.1:41659 - 0 ] INFO  ipc.Client (Client.java:handleConnectionFailure(977)) - Retrying connect to server: localhost/127.0.0.1:41659. Already tried 8 time(s); retry policy is RetryUpToMaximumCountWithFixedSleep(maxRetries=15, sleepTime=1000 MILLISECONDS)
2022-09-03 01:13:57,328 [grpc-default-executor-4] WARN  server.GrpcLogAppender (LogUtils.java:warn(122)) - 9cdbf1d0-d280-4661-b2c7-fb859849bb8c@group-758C24CFFA84->10c77fab-dd91-442a-9529-86f26ad3973e-AppendLogResponseHandler: Failed appendEntries: org.apache.ratis.thirdparty.io.grpc.StatusRuntimeException: UNAVAILABLE: io exception
2022-09-03 01:13:57,329 [grpc-default-executor-4] WARN  server.GrpcLogAppender (GrpcLogAppender.java:resetClient(111)) - 9cdbf1d0-d280-4661-b2c7-fb859849bb8c@group-758C24CFFA84->10c77fab-dd91-442a-9529-86f26ad3973e-GrpcLogAppender: Leader has not got in touch with Follower 9cdbf1d0-d280-4661-b2c7-fb859849bb8c@group-758C24CFFA84->10c77fab-dd91-442a-9529-86f26ad3973e(c0,m0,n1, attendVote=true, lastRpcSendTime=0, lastRpcResponseTime=3759) yet, just keep nextIndex unchanged and retry.
2022-09-03 01:13:57,332 [grpc-default-executor-4] WARN  server.GrpcLogAppender (LogUtils.java:warn(122)) - 9cdbf1d0-d280-4661-b2c7-fb859849bb8c@group-758C24CFFA84->c6a4e7bd-4491-4fc1-b57a-abeebaac5def-AppendLogResponseHandler: Failed appendEntries: org.apache.ratis.thirdparty.io.grpc.StatusRuntimeException: UNAVAILABLE: io exception
2022-09-03 01:13:57,332 [grpc-default-executor-4] WARN  server.GrpcLogAppender (GrpcLogAppender.java:resetClient(111)) - 9cdbf1d0-d280-4661-b2c7-fb859849bb8c@group-758C24CFFA84->c6a4e7bd-4491-4fc1-b57a-abeebaac5def-GrpcLogAppender: Leader has not got in touch with Follower 9cdbf1d0-d280-4661-b2c7-fb859849bb8c@group-758C24CFFA84->c6a4e7bd-4491-4fc1-b57a-abeebaac5def(c0,m0,n1, attendVote=true, lastRpcSendTime=1252, lastRpcResponseTime=3752) yet, just keep nextIndex unchanged and retry.
2022-09-03 01:13:57,556 [EndpointStateMachine task thread for /127.0.0.1:44975 - 0 ] INFO  ipc.Client (Client.java:handleConnectionFailure(977)) - Retrying connect to server: localhost/127.0.0.1:44975. Already tried 9 time(s); retry policy is RetryUpToMaximumCountWithFixedSleep(maxRetries=15, sleepTime=1000 MILLISECONDS)
2022-09-03 01:13:57,887 [EndpointStateMachine task thread for /127.0.0.1:36917 - 0 ] INFO  ipc.Client (Client.java:handleConnectionFailure(977)) - Retrying connect to server: localhost/127.0.0.1:36917. Already tried 9 time(s); retry policy is RetryUpToMaximumCountWithFixedSleep(maxRetries=15, sleepTime=1000 MILLISECONDS)
2022-09-03 01:13:57,887 [EndpointStateMachine task thread for /127.0.0.1:41659 - 0 ] INFO  ipc.Client (Client.java:handleConnectionFailure(977)) - Retrying connect to server: localhost/127.0.0.1:41659. Already tried 9 time(s); retry policy is RetryUpToMaximumCountWithFixedSleep(maxRetries=15, sleepTime=1000 MILLISECONDS)
2022-09-03 01:13:58,556 [EndpointStateMachine task thread for /127.0.0.1:44975 - 0 ] INFO  ipc.Client (Client.java:handleConnectionFailure(977)) - Retrying connect to server: localhost/127.0.0.1:44975. Already tried 10 time(s); retry policy is RetryUpToMaximumCountWithFixedSleep(maxRetries=15, sleepTime=1000 MILLISECONDS)
2022-09-03 01:13:58,586 [grpc-default-executor-0] WARN  server.GrpcLogAppender (LogUtils.java:warn(122)) - 9cdbf1d0-d280-4661-b2c7-fb859849bb8c@group-758C24CFFA84->c6a4e7bd-4491-4fc1-b57a-abeebaac5def-AppendLogResponseHandler: Failed appendEntries: org.apache.ratis.thirdparty.io.grpc.StatusRuntimeException: UNAVAILABLE: io exception
2022-09-03 01:13:58,587 [grpc-default-executor-0] WARN  server.GrpcLogAppender (GrpcLogAppender.java:resetClient(111)) - 9cdbf1d0-d280-4661-b2c7-fb859849bb8c@group-758C24CFFA84->c6a4e7bd-4491-4fc1-b57a-abeebaac5def-GrpcLogAppender: Leader has not got in touch with Follower 9cdbf1d0-d280-4661-b2c7-fb859849bb8c@group-758C24CFFA84->c6a4e7bd-4491-4fc1-b57a-abeebaac5def(c0,m0,n1, attendVote=true, lastRpcSendTime=1254, lastRpcResponseTime=5007) yet, just keep nextIndex unchanged and retry.
2022-09-03 01:13:58,588 [grpc-default-executor-4] WARN  server.GrpcLogAppender (LogUtils.java:warn(122)) - 9cdbf1d0-d280-4661-b2c7-fb859849bb8c@group-758C24CFFA84->10c77fab-dd91-442a-9529-86f26ad3973e-AppendLogResponseHandler: Failed appendEntries: org.apache.ratis.thirdparty.io.grpc.StatusRuntimeException: UNAVAILABLE: io exception
2022-09-03 01:13:58,589 [grpc-default-executor-4] WARN  server.GrpcLogAppender (GrpcLogAppender.java:resetClient(111)) - 9cdbf1d0-d280-4661-b2c7-fb859849bb8c@group-758C24CFFA84->10c77fab-dd91-442a-9529-86f26ad3973e-GrpcLogAppender: Leader has not got in touch with Follower 9cdbf1d0-d280-4661-b2c7-fb859849bb8c@group-758C24CFFA84->10c77fab-dd91-442a-9529-86f26ad3973e(c0,m0,n1, attendVote=true, lastRpcSendTime=1260, lastRpcResponseTime=5018) yet, just keep nextIndex unchanged and retry.
2022-09-03 01:13:58,888 [EndpointStateMachine task thread for /127.0.0.1:41659 - 0 ] INFO  ipc.Client (Client.java:handleConnectionFailure(977)) - Retrying connect to server: localhost/127.0.0.1:41659. Already tried 10 time(s); retry policy is RetryUpToMaximumCountWithFixedSleep(maxRetries=15, sleepTime=1000 MILLISECONDS)
2022-09-03 01:13:58,888 [EndpointStateMachine task thread for /127.0.0.1:36917 - 0 ] INFO  ipc.Client (Client.java:handleConnectionFailure(977)) - Retrying connect to server: localhost/127.0.0.1:36917. Already tried 10 time(s); retry policy is RetryUpToMaximumCountWithFixedSleep(maxRetries=15, sleepTime=1000 MILLISECONDS)
2022-09-03 01:13:59,525 [Listener at 127.0.0.1/44253] INFO  statemachine.DatanodeStateMachine (DatanodeStateMachine.java:stopDaemon(580)) - Ozone container server stopped.
2022-09-03 01:13:59,536 [Listener at 127.0.0.1/44253] INFO  handler.ContextHandler (ContextHandler.java:doStop(1153)) - Stopped o.e.j.w.WebAppContext@1a508bab{hddsDatanode,/,null,STOPPED}{jar:file:/home/runner/.m2/repository/org/apache/ozone/hdds-container-service/1.3.0-SNAPSHOT/hdds-container-service-1.3.0-SNAPSHOT.jar!/webapps/hddsDatanode}
2022-09-03 01:13:59,546 [ForkJoinPool.commonPool-worker-1] INFO  statemachine.DatanodeStateMachine (DatanodeStateMachine.java:stopDaemon(580)) - Ozone container server stopped.
2022-09-03 01:13:59,557 [EndpointStateMachine task thread for /127.0.0.1:44975 - 0 ] INFO  ipc.Client (Client.java:handleConnectionFailure(977)) - Retrying connect to server: localhost/127.0.0.1:44975. Already tried 11 time(s); retry policy is RetryUpToMaximumCountWithFixedSleep(maxRetries=15, sleepTime=1000 MILLISECONDS)
2022-09-03 01:13:59,573 [Listener at 127.0.0.1/44253] INFO  server.AbstractConnector (AbstractConnector.java:doStop(381)) - Stopped ServerConnector@2458e2bd{HTTP/1.1, (http/1.1)}{0.0.0.0:0}
2022-09-03 01:13:59,573 [Listener at 127.0.0.1/44253] INFO  server.session (HouseKeeper.java:stopScavenging(149)) - node0 Stopped scavenging
2022-09-03 01:13:59,573 [Listener at 127.0.0.1/44253] INFO  handler.ContextHandler (ContextHandler.java:doStop(1153)) - Stopped o.e.j.s.ServletContextHandler@34dc6f35{static,/static,jar:file:/home/runner/.m2/repository/org/apache/ozone/hdds-container-service/1.3.0-SNAPSHOT/hdds-container-service-1.3.0-SNAPSHOT.jar!/webapps/static,STOPPED}
2022-09-03 01:13:59,573 [Listener at 127.0.0.1/44253] INFO  handler.ContextHandler (ContextHandler.java:doStop(1153)) - Stopped o.e.j.s.ServletContextHandler@3d3c642d{logs,/logs,file:///home/runner/work/ozone/ozone/hadoop-ozone/integration-test/target/log,STOPPED}
2022-09-03 01:13:59,581 [ForkJoinPool.commonPool-worker-1] INFO  handler.ContextHandler (ContextHandler.java:doStop(1153)) - Stopped o.e.j.w.WebAppContext@61f26e5d{hddsDatanode,/,null,STOPPED}{jar:file:/home/runner/.m2/repository/org/apache/ozone/hdds-container-service/1.3.0-SNAPSHOT/hdds-container-service-1.3.0-SNAPSHOT.jar!/webapps/hddsDatanode}
2022-09-03 01:13:59,581 [ForkJoinPool.commonPool-worker-1] INFO  server.AbstractConnector (AbstractConnector.java:doStop(381)) - Stopped ServerConnector@dc4df4b{HTTP/1.1, (http/1.1)}{0.0.0.0:0}
2022-09-03 01:13:59,581 [ForkJoinPool.commonPool-worker-1] INFO  server.session (HouseKeeper.java:stopScavenging(149)) - node0 Stopped scavenging
2022-09-03 01:13:59,582 [ForkJoinPool.commonPool-worker-1] INFO  handler.ContextHandler (ContextHandler.java:doStop(1153)) - Stopped o.e.j.s.ServletContextHandler@2e2f176{static,/static,jar:file:/home/runner/.m2/repository/org/apache/ozone/hdds-container-service/1.3.0-SNAPSHOT/hdds-container-service-1.3.0-SNAPSHOT.jar!/webapps/static,STOPPED}
2022-09-03 01:13:59,584 [ForkJoinPool.commonPool-worker-1] INFO  handler.ContextHandler (ContextHandler.java:doStop(1153)) - Stopped o.e.j.s.ServletContextHandler@215c7f3a{logs,/logs,file:///home/runner/work/ozone/ozone/hadoop-ozone/integration-test/target/log,STOPPED}
2022-09-03 01:13:59,840 [grpc-default-executor-4] WARN  server.GrpcLogAppender (LogUtils.java:warn(122)) - 9cdbf1d0-d280-4661-b2c7-fb859849bb8c@group-758C24CFFA84->c6a4e7bd-4491-4fc1-b57a-abeebaac5def-AppendLogResponseHandler: Failed appendEntries: org.apache.ratis.thirdparty.io.grpc.StatusRuntimeException: UNAVAILABLE: io exception
2022-09-03 01:13:59,841 [grpc-default-executor-4] WARN  server.GrpcLogAppender (GrpcLogAppender.java:resetClient(111)) - 9cdbf1d0-d280-4661-b2c7-fb859849bb8c@group-758C24CFFA84->c6a4e7bd-4491-4fc1-b57a-abeebaac5def-GrpcLogAppender: Leader has not got in touch with Follower 9cdbf1d0-d280-4661-b2c7-fb859849bb8c@group-758C24CFFA84->c6a4e7bd-4491-4fc1-b57a-abeebaac5def(c0,m0,n1, attendVote=true, lastRpcSendTime=0, lastRpcResponseTime=6261) yet, just keep nextIndex unchanged and retry.
2022-09-03 01:13:59,843 [grpc-default-executor-4] WARN  server.GrpcLogAppender (LogUtils.java:warn(122)) - 9cdbf1d0-d280-4661-b2c7-fb859849bb8c@group-758C24CFFA84->10c77fab-dd91-442a-9529-86f26ad3973e-AppendLogResponseHandler: Failed appendEntries: org.apache.ratis.thirdparty.io.grpc.StatusRuntimeException: UNAVAILABLE: io exception
2022-09-03 01:13:59,843 [grpc-default-executor-4] WARN  server.GrpcLogAppender (GrpcLogAppender.java:resetClient(111)) - 9cdbf1d0-d280-4661-b2c7-fb859849bb8c@group-758C24CFFA84->10c77fab-dd91-442a-9529-86f26ad3973e-GrpcLogAppender: Leader has not got in touch with Follower 9cdbf1d0-d280-4661-b2c7-fb859849bb8c@group-758C24CFFA84->10c77fab-dd91-442a-9529-86f26ad3973e(c0,m0,n1, attendVote=true, lastRpcSendTime=1254, lastRpcResponseTime=6273) yet, just keep nextIndex unchanged and retry.
2022-09-03 01:13:59,888 [EndpointStateMachine task thread for /127.0.0.1:41659 - 0 ] INFO  ipc.Client (Client.java:handleConnectionFailure(977)) - Retrying connect to server: localhost/127.0.0.1:41659. Already tried 11 time(s); retry policy is RetryUpToMaximumCountWithFixedSleep(maxRetries=15, sleepTime=1000 MILLISECONDS)
2022-09-03 01:13:59,889 [EndpointStateMachine task thread for /127.0.0.1:36917 - 0 ] INFO  ipc.Client (Client.java:handleConnectionFailure(977)) - Retrying connect to server: localhost/127.0.0.1:36917. Already tried 11 time(s); retry policy is RetryUpToMaximumCountWithFixedSleep(maxRetries=15, sleepTime=1000 MILLISECONDS)
2022-09-03 01:14:00,039 [Datanode State Machine Daemon Thread] WARN  statemachine.StateContext (StateContext.java:setState(252)) - Ignore disallowed transition from SHUTDOWN to RUNNING
2022-09-03 01:14:00,558 [EndpointStateMachine task thread for /127.0.0.1:44975 - 0 ] INFO  ipc.Client (Client.java:handleConnectionFailure(977)) - Retrying connect to server: localhost/127.0.0.1:44975. Already tried 12 time(s); retry policy is RetryUpToMaximumCountWithFixedSleep(maxRetries=15, sleepTime=1000 MILLISECONDS)
2022-09-03 01:14:00,889 [EndpointStateMachine task thread for /127.0.0.1:41659 - 0 ] INFO  ipc.Client (Client.java:handleConnectionFailure(977)) - Retrying connect to server: localhost/127.0.0.1:41659. Already tried 12 time(s); retry policy is RetryUpToMaximumCountWithFixedSleep(maxRetries=15, sleepTime=1000 MILLISECONDS)
2022-09-03 01:14:00,890 [EndpointStateMachine task thread for /127.0.0.1:36917 - 0 ] INFO  ipc.Client (Client.java:handleConnectionFailure(977)) - Retrying connect to server: localhost/127.0.0.1:36917. Already tried 12 time(s); retry policy is RetryUpToMaximumCountWithFixedSleep(maxRetries=15, sleepTime=1000 MILLISECONDS)
2022-09-03 01:14:01,091 [grpc-default-executor-4] WARN  server.GrpcLogAppender (LogUtils.java:warn(122)) - 9cdbf1d0-d280-4661-b2c7-fb859849bb8c@group-758C24CFFA84->c6a4e7bd-4491-4fc1-b57a-abeebaac5def-AppendLogResponseHandler: Failed appendEntries: org.apache.ratis.thirdparty.io.grpc.StatusRuntimeException: UNAVAILABLE: io exception
2022-09-03 01:14:01,092 [grpc-default-executor-4] WARN  server.GrpcLogAppender (GrpcLogAppender.java:resetClient(111)) - 9cdbf1d0-d280-4661-b2c7-fb859849bb8c@group-758C24CFFA84->c6a4e7bd-4491-4fc1-b57a-abeebaac5def-GrpcLogAppender: Leader has not got in touch with Follower 9cdbf1d0-d280-4661-b2c7-fb859849bb8c@group-758C24CFFA84->c6a4e7bd-4491-4fc1-b57a-abeebaac5def(c0,m0,n1, attendVote=true, lastRpcSendTime=1251, lastRpcResponseTime=7512) yet, just keep nextIndex unchanged and retry.
2022-09-03 01:14:01,105 [grpc-default-executor-4] WARN  server.GrpcLogAppender (LogUtils.java:warn(122)) - 9cdbf1d0-d280-4661-b2c7-fb859849bb8c@group-758C24CFFA84->10c77fab-dd91-442a-9529-86f26ad3973e-AppendLogResponseHandler: Failed appendEntries: org.apache.ratis.thirdparty.io.grpc.StatusRuntimeException: UNAVAILABLE: io exception
2022-09-03 01:14:01,106 [grpc-default-executor-4] WARN  server.GrpcLogAppender (GrpcLogAppender.java:resetClient(111)) - 9cdbf1d0-d280-4661-b2c7-fb859849bb8c@group-758C24CFFA84->10c77fab-dd91-442a-9529-86f26ad3973e-GrpcLogAppender: Leader has not got in touch with Follower 9cdbf1d0-d280-4661-b2c7-fb859849bb8c@group-758C24CFFA84->10c77fab-dd91-442a-9529-86f26ad3973e(c0,m0,n1, attendVote=true, lastRpcSendTime=0, lastRpcResponseTime=7536) yet, just keep nextIndex unchanged and retry.
2022-09-03 01:14:01,169 [9cdbf1d0-d280-4661-b2c7-fb859849bb8c@group-6CE1A9EDA204-FollowerState] INFO  impl.FollowerState (FollowerState.java:run(143)) - 9cdbf1d0-d280-4661-b2c7-fb859849bb8c@group-6CE1A9EDA204-FollowerState: change to CANDIDATE, lastRpcElapsedTime:7726806037ns, electionTimeout:5105ms
2022-09-03 01:14:01,170 [9cdbf1d0-d280-4661-b2c7-fb859849bb8c@group-6CE1A9EDA204-FollowerState] INFO  impl.RoleInfo (RoleInfo.java:shutdownFollowerState(110)) - 9cdbf1d0-d280-4661-b2c7-fb859849bb8c: shutdown 9cdbf1d0-d280-4661-b2c7-fb859849bb8c@group-6CE1A9EDA204-FollowerState
2022-09-03 01:14:01,170 [9cdbf1d0-d280-4661-b2c7-fb859849bb8c@group-6CE1A9EDA204-FollowerState] INFO  server.RaftServer$Division (RaftServerImpl.java:setRole(299)) - 9cdbf1d0-d280-4661-b2c7-fb859849bb8c@group-6CE1A9EDA204: changes role from  FOLLOWER to CANDIDATE at term 1 for changeToCandidate
2022-09-03 01:14:01,170 [9cdbf1d0-d280-4661-b2c7-fb859849bb8c@group-6CE1A9EDA204-FollowerState] INFO  server.RaftServerConfigKeys (ConfUtils.java:logGet(46)) - raft.server.leaderelection.pre-vote = false (custom)
2022-09-03 01:14:01,170 [9cdbf1d0-d280-4661-b2c7-fb859849bb8c@group-6CE1A9EDA204-FollowerState] INFO  impl.RoleInfo (RoleInfo.java:updateAndGet(139)) - 9cdbf1d0-d280-4661-b2c7-fb859849bb8c: start 9cdbf1d0-d280-4661-b2c7-fb859849bb8c@group-6CE1A9EDA204-LeaderElection15
2022-09-03 01:14:01,190 [9cdbf1d0-d280-4661-b2c7-fb859849bb8c@group-6CE1A9EDA204-LeaderElection15] INFO  server.RaftServer$Division (ServerState.java:setLeader(287)) - 9cdbf1d0-d280-4661-b2c7-fb859849bb8c@group-6CE1A9EDA204: change Leader from 10c77fab-dd91-442a-9529-86f26ad3973e to null at term 1 for ELECTION
2022-09-03 01:14:01,192 [9cdbf1d0-d280-4661-b2c7-fb859849bb8c@group-6CE1A9EDA204-LeaderElection15] INFO  impl.LeaderElection (LeaderElection.java:askForVotes(310)) - 9cdbf1d0-d280-4661-b2c7-fb859849bb8c@group-6CE1A9EDA204-LeaderElection15 ELECTION round 0: submit vote requests at term 2 for 0: [10c77fab-dd91-442a-9529-86f26ad3973e|rpc:127.0.0.1:33509|dataStream:|priority:1, c6a4e7bd-4491-4fc1-b57a-abeebaac5def|rpc:127.0.0.1:39013|dataStream:|priority:0, 9cdbf1d0-d280-4661-b2c7-fb859849bb8c|rpc:127.0.0.1:32853|dataStream:|priority:0], old=null
2022-09-03 01:14:01,208 [9cdbf1d0-d280-4661-b2c7-fb859849bb8c@group-6CE1A9EDA204-LeaderElection15] INFO  impl.LeaderElection (LogUtils.java:infoOrTrace(137)) - 9cdbf1d0-d280-4661-b2c7-fb859849bb8c@group-6CE1A9EDA204-LeaderElection15 got exception when requesting votes: java.util.concurrent.ExecutionException: org.apache.ratis.thirdparty.io.grpc.StatusRuntimeException: UNAVAILABLE: io exception
2022-09-03 01:14:01,208 [9cdbf1d0-d280-4661-b2c7-fb859849bb8c@group-6CE1A9EDA204-LeaderElection15] INFO  impl.LeaderElection (LogUtils.java:infoOrTrace(137)) - 9cdbf1d0-d280-4661-b2c7-fb859849bb8c@group-6CE1A9EDA204-LeaderElection15 got exception when requesting votes: java.util.concurrent.ExecutionException: org.apache.ratis.thirdparty.io.grpc.StatusRuntimeException: UNAVAILABLE: io exception
2022-09-03 01:14:01,208 [9cdbf1d0-d280-4661-b2c7-fb859849bb8c@group-6CE1A9EDA204-LeaderElection15] INFO  impl.LeaderElection (LeaderElection.java:logAndReturn(90)) - 9cdbf1d0-d280-4661-b2c7-fb859849bb8c@group-6CE1A9EDA204-LeaderElection15: ELECTION REJECTED received 0 response(s) and 2 exception(s):
2022-09-03 01:14:01,208 [9cdbf1d0-d280-4661-b2c7-fb859849bb8c@group-6CE1A9EDA204-LeaderElection15] INFO  impl.LeaderElection (LogUtils.java:infoOrTrace(137)) -   Exception 0: java.util.concurrent.ExecutionException: org.apache.ratis.thirdparty.io.grpc.StatusRuntimeException: UNAVAILABLE: io exception
2022-09-03 01:14:01,208 [9cdbf1d0-d280-4661-b2c7-fb859849bb8c@group-6CE1A9EDA204-LeaderElection15] INFO  impl.LeaderElection (LogUtils.java:infoOrTrace(137)) -   Exception 1: java.util.concurrent.ExecutionException: org.apache.ratis.thirdparty.io.grpc.StatusRuntimeException: UNAVAILABLE: io exception
2022-09-03 01:14:01,208 [9cdbf1d0-d280-4661-b2c7-fb859849bb8c@group-6CE1A9EDA204-LeaderElection15] INFO  impl.LeaderElection (LeaderElection.java:askForVotes(312)) - 9cdbf1d0-d280-4661-b2c7-fb859849bb8c@group-6CE1A9EDA204-LeaderElection15 ELECTION round 0: result REJECTED
2022-09-03 01:14:01,208 [9cdbf1d0-d280-4661-b2c7-fb859849bb8c@group-6CE1A9EDA204-LeaderElection15] INFO  server.RaftServer$Division (RaftServerImpl.java:setRole(299)) - 9cdbf1d0-d280-4661-b2c7-fb859849bb8c@group-6CE1A9EDA204: changes role from CANDIDATE to FOLLOWER at term 2 for REJECTED
2022-09-03 01:14:01,208 [9cdbf1d0-d280-4661-b2c7-fb859849bb8c@group-6CE1A9EDA204-LeaderElection15] INFO  impl.RoleInfo (RoleInfo.java:shutdownLeaderElection(130)) - 9cdbf1d0-d280-4661-b2c7-fb859849bb8c: shutdown 9cdbf1d0-d280-4661-b2c7-fb859849bb8c@group-6CE1A9EDA204-LeaderElection15
2022-09-03 01:14:01,209 [9cdbf1d0-d280-4661-b2c7-fb859849bb8c@group-6CE1A9EDA204-LeaderElection15] INFO  impl.RoleInfo (RoleInfo.java:updateAndGet(139)) - 9cdbf1d0-d280-4661-b2c7-fb859849bb8c: start 9cdbf1d0-d280-4661-b2c7-fb859849bb8c@group-6CE1A9EDA204-FollowerState
2022-09-03 01:14:01,448 [9cdbf1d0-d280-4661-b2c7-fb859849bb8c@group-758C24CFFA84-LeaderStateImpl] WARN  server.RaftServer$Division (LeaderStateImpl.java:checkLeadership(1018)) - 9cdbf1d0-d280-4661-b2c7-fb859849bb8c@group-758C24CFFA84-LeaderStateImpl: Lost leadership on term: 2. Election timeout: 5200ms. In charge for: 10421ms. Conf: 0: [10c77fab-dd91-442a-9529-86f26ad3973e|rpc:127.0.0.1:33509|dataStream:|priority:0, c6a4e7bd-4491-4fc1-b57a-abeebaac5def|rpc:127.0.0.1:39013|dataStream:|priority:0, 9cdbf1d0-d280-4661-b2c7-fb859849bb8c|rpc:127.0.0.1:32853|dataStream:|priority:1], old=null
2022-09-03 01:14:01,449 [9cdbf1d0-d280-4661-b2c7-fb859849bb8c@group-758C24CFFA84-LeaderStateImpl] WARN  server.RaftServer$Division (LeaderStateImpl.java:lambda$checkLeadership$17(1022)) - Follower 9cdbf1d0-d280-4661-b2c7-fb859849bb8c@group-758C24CFFA84->10c77fab-dd91-442a-9529-86f26ad3973e(c0,m0,n1, attendVote=true, lastRpcSendTime=343, lastRpcResponseTime=7879)
2022-09-03 01:14:01,449 [9cdbf1d0-d280-4661-b2c7-fb859849bb8c@group-758C24CFFA84-LeaderStateImpl] WARN  server.RaftServer$Division (LeaderStateImpl.java:lambda$checkLeadership$17(1022)) - Follower 9cdbf1d0-d280-4661-b2c7-fb859849bb8c@group-758C24CFFA84->c6a4e7bd-4491-4fc1-b57a-abeebaac5def(c0,m0,n1, attendVote=true, lastRpcSendTime=356, lastRpcResponseTime=7869)
2022-09-03 01:14:01,449 [9cdbf1d0-d280-4661-b2c7-fb859849bb8c@group-758C24CFFA84-LeaderStateImpl] INFO  server.RaftServer$Division (RaftServerImpl.java:setRole(299)) - 9cdbf1d0-d280-4661-b2c7-fb859849bb8c@group-758C24CFFA84: changes role from    LEADER to FOLLOWER at term 2 for StepDownReason:LOST_MAJORITY_HEARTBEATS
2022-09-03 01:14:01,449 [9cdbf1d0-d280-4661-b2c7-fb859849bb8c@group-758C24CFFA84-LeaderStateImpl] INFO  impl.RoleInfo (RoleInfo.java:shutdownLeaderState(93)) - 9cdbf1d0-d280-4661-b2c7-fb859849bb8c: shutdown 9cdbf1d0-d280-4661-b2c7-fb859849bb8c@group-758C24CFFA84-LeaderStateImpl
2022-09-03 01:14:01,449 [9cdbf1d0-d280-4661-b2c7-fb859849bb8c@group-758C24CFFA84-LeaderStateImpl] INFO  impl.PendingRequests (PendingRequests.java:sendNotLeaderResponses(282)) - 9cdbf1d0-d280-4661-b2c7-fb859849bb8c@group-758C24CFFA84-PendingRequests: sendNotLeaderResponses
2022-09-03 01:14:01,452 [9cdbf1d0-d280-4661-b2c7-fb859849bb8c@group-758C24CFFA84-LeaderStateImpl] INFO  impl.RoleInfo (RoleInfo.java:updateAndGet(139)) - 9cdbf1d0-d280-4661-b2c7-fb859849bb8c: start 9cdbf1d0-d280-4661-b2c7-fb859849bb8c@group-758C24CFFA84-FollowerState
2022-09-03 01:14:01,558 [EndpointStateMachine task thread for /127.0.0.1:44975 - 0 ] INFO  ipc.Client (Client.java:handleConnectionFailure(977)) - Retrying connect to server: localhost/127.0.0.1:44975. Already tried 13 time(s); retry policy is RetryUpToMaximumCountWithFixedSleep(maxRetries=15, sleepTime=1000 MILLISECONDS)
2022-09-03 01:14:01,890 [EndpointStateMachine task thread for /127.0.0.1:41659 - 0 ] INFO  ipc.Client (Client.java:handleConnectionFailure(977)) - Retrying connect to server: localhost/127.0.0.1:41659. Already tried 13 time(s); retry policy is RetryUpToMaximumCountWithFixedSleep(maxRetries=15, sleepTime=1000 MILLISECONDS)
2022-09-03 01:14:01,890 [EndpointStateMachine task thread for /127.0.0.1:36917 - 0 ] INFO  ipc.Client (Client.java:handleConnectionFailure(977)) - Retrying connect to server: localhost/127.0.0.1:36917. Already tried 13 time(s); retry policy is RetryUpToMaximumCountWithFixedSleep(maxRetries=15, sleepTime=1000 MILLISECONDS)
2022-09-03 01:14:02,559 [EndpointStateMachine task thread for /127.0.0.1:44975 - 0 ] INFO  ipc.Client (Client.java:handleConnectionFailure(977)) - Retrying connect to server: localhost/127.0.0.1:44975. Already tried 14 time(s); retry policy is RetryUpToMaximumCountWithFixedSleep(maxRetries=15, sleepTime=1000 MILLISECONDS)
2022-09-03 01:14:02,560 [EndpointStateMachine task thread for /127.0.0.1:44975 - 0 ] WARN  statemachine.EndpointStateMachine (EndpointStateMachine.java:logIfNeeded(241)) - Unable to communicate to SCM server at localhost:44975 for past 0 seconds.
java.net.ConnectException: Call From fv-az504-37/10.1.1.159 to localhost:44975 failed on connection exception: java.net.ConnectException: Connection refused; For more details see:  http://wiki.apache.org/hadoop/ConnectionRefused
	at sun.reflect.NativeConstructorAccessorImpl.newInstance0(Native Method)
	at sun.reflect.NativeConstructorAccessorImpl.newInstance(NativeConstructorAccessorImpl.java:62)
	at sun.reflect.DelegatingConstructorAccessorImpl.newInstance(DelegatingConstructorAccessorImpl.java:45)
	at java.lang.reflect.Constructor.newInstance(Constructor.java:423)
	at org.apache.hadoop.net.NetUtils.wrapWithMessage(NetUtils.java:913)
	at org.apache.hadoop.net.NetUtils.wrapException(NetUtils.java:828)
	at org.apache.hadoop.ipc.Client.getRpcResponse(Client.java:1577)
	at org.apache.hadoop.ipc.Client.call(Client.java:1519)
	at org.apache.hadoop.ipc.Client.call(Client.java:1416)
	at org.apache.hadoop.ipc.ProtobufRpcEngine$Invoker.invoke(ProtobufRpcEngine.java:236)
	at org.apache.hadoop.ipc.ProtobufRpcEngine$Invoker.invoke(ProtobufRpcEngine.java:123)
	at com.sun.proxy.$Proxy51.submitRequest(Unknown Source)
	at org.apache.hadoop.ozone.protocolPB.StorageContainerDatanodeProtocolClientSideTranslatorPB.submitRequest(StorageContainerDatanodeProtocolClientSideTranslatorPB.java:117)
	at org.apache.hadoop.ozone.protocolPB.StorageContainerDatanodeProtocolClientSideTranslatorPB.sendHeartbeat(StorageContainerDatanodeProtocolClientSideTranslatorPB.java:149)
	at org.apache.hadoop.ozone.container.common.states.endpoint.HeartbeatEndpointTask.call(HeartbeatEndpointTask.java:185)
	at org.apache.hadoop.ozone.container.common.states.endpoint.HeartbeatEndpointTask.call(HeartbeatEndpointTask.java:87)
	at java.util.concurrent.FutureTask.run(FutureTask.java:266)
	at java.util.concurrent.ThreadPoolExecutor.runWorker(ThreadPoolExecutor.java:1149)
	at java.util.concurrent.ThreadPoolExecutor$Worker.run(ThreadPoolExecutor.java:624)
	at java.lang.Thread.run(Thread.java:750)
Caused by: java.net.ConnectException: Connection refused
	at sun.nio.ch.SocketChannelImpl.checkConnect(Native Method)
	at sun.nio.ch.SocketChannelImpl.finishConnect(SocketChannelImpl.java:716)
	at org.apache.hadoop.net.SocketIOWithTimeout.connect(SocketIOWithTimeout.java:206)
	at org.apache.hadoop.net.NetUtils.connect(NetUtils.java:586)
	at org.apache.hadoop.ipc.Client$Connection.setupConnection(Client.java:701)
	at org.apache.hadoop.ipc.Client$Connection.setupIOstreams(Client.java:822)
	at org.apache.hadoop.ipc.Client$Connection.access$3800(Client.java:414)
	at org.apache.hadoop.ipc.Client.getConnection(Client.java:1647)
	at org.apache.hadoop.ipc.Client.call(Client.java:1463)
	... 12 more
2022-09-03 01:14:02,890 [EndpointStateMachine task thread for /127.0.0.1:41659 - 0 ] INFO  ipc.Client (Client.java:handleConnectionFailure(977)) - Retrying connect to server: localhost/127.0.0.1:41659. Already tried 14 time(s); retry policy is RetryUpToMaximumCountWithFixedSleep(maxRetries=15, sleepTime=1000 MILLISECONDS)
2022-09-03 01:14:02,891 [EndpointStateMachine task thread for /127.0.0.1:41659 - 0 ] WARN  statemachine.EndpointStateMachine (EndpointStateMachine.java:logIfNeeded(241)) - Unable to communicate to SCM server at localhost:41659 for past 0 seconds.
java.net.ConnectException: Call From fv-az504-37/10.1.1.159 to localhost:41659 failed on connection exception: java.net.ConnectException: Connection refused; For more details see:  http://wiki.apache.org/hadoop/ConnectionRefused
	at sun.reflect.NativeConstructorAccessorImpl.newInstance0(Native Method)
	at sun.reflect.NativeConstructorAccessorImpl.newInstance(NativeConstructorAccessorImpl.java:62)
	at sun.reflect.DelegatingConstructorAccessorImpl.newInstance(DelegatingConstructorAccessorImpl.java:45)
	at java.lang.reflect.Constructor.newInstance(Constructor.java:423)
	at org.apache.hadoop.net.NetUtils.wrapWithMessage(NetUtils.java:913)
	at org.apache.hadoop.net.NetUtils.wrapException(NetUtils.java:828)
	at org.apache.hadoop.ipc.Client.getRpcResponse(Client.java:1577)
	at org.apache.hadoop.ipc.Client.call(Client.java:1519)
	at org.apache.hadoop.ipc.Client.call(Client.java:1416)
	at org.apache.hadoop.ipc.ProtobufRpcEngine$Invoker.invoke(ProtobufRpcEngine.java:236)
	at org.apache.hadoop.ipc.ProtobufRpcEngine$Invoker.invoke(ProtobufRpcEngine.java:123)
	at com.sun.proxy.$Proxy51.submitRequest(Unknown Source)
	at org.apache.hadoop.ozone.protocolPB.StorageContainerDatanodeProtocolClientSideTranslatorPB.submitRequest(StorageContainerDatanodeProtocolClientSideTranslatorPB.java:117)
	at org.apache.hadoop.ozone.protocolPB.StorageContainerDatanodeProtocolClientSideTranslatorPB.sendHeartbeat(StorageContainerDatanodeProtocolClientSideTranslatorPB.java:149)
	at org.apache.hadoop.ozone.container.common.states.endpoint.HeartbeatEndpointTask.call(HeartbeatEndpointTask.java:185)
	at org.apache.hadoop.ozone.container.common.states.endpoint.HeartbeatEndpointTask.call(HeartbeatEndpointTask.java:87)
	at java.util.concurrent.FutureTask.run(FutureTask.java:266)
	at java.util.concurrent.ThreadPoolExecutor.runWorker(ThreadPoolExecutor.java:1149)
	at java.util.concurrent.ThreadPoolExecutor$Worker.run(ThreadPoolExecutor.java:624)
	at java.lang.Thread.run(Thread.java:750)
Caused by: java.net.ConnectException: Connection refused
	at sun.nio.ch.SocketChannelImpl.checkConnect(Native Method)
	at sun.nio.ch.SocketChannelImpl.finishConnect(SocketChannelImpl.java:716)
	at org.apache.hadoop.net.SocketIOWithTimeout.connect(SocketIOWithTimeout.java:206)
	at org.apache.hadoop.net.NetUtils.connect(NetUtils.java:586)
	at org.apache.hadoop.ipc.Client$Connection.setupConnection(Client.java:701)
	at org.apache.hadoop.ipc.Client$Connection.setupIOstreams(Client.java:822)
	at org.apache.hadoop.ipc.Client$Connection.access$3800(Client.java:414)
	at org.apache.hadoop.ipc.Client.getConnection(Client.java:1647)
	at org.apache.hadoop.ipc.Client.call(Client.java:1463)
	... 12 more
2022-09-03 01:14:02,892 [EndpointStateMachine task thread for /127.0.0.1:36917 - 0 ] INFO  ipc.Client (Client.java:handleConnectionFailure(977)) - Retrying connect to server: localhost/127.0.0.1:36917. Already tried 14 time(s); retry policy is RetryUpToMaximumCountWithFixedSleep(maxRetries=15, sleepTime=1000 MILLISECONDS)
2022-09-03 01:14:02,892 [EndpointStateMachine task thread for /127.0.0.1:36917 - 0 ] WARN  statemachine.EndpointStateMachine (EndpointStateMachine.java:logIfNeeded(241)) - Unable to communicate to SCM server at localhost:36917 for past 0 seconds.
java.net.ConnectException: Call From fv-az504-37/10.1.1.159 to localhost:36917 failed on connection exception: java.net.ConnectException: Connection refused; For more details see:  http://wiki.apache.org/hadoop/ConnectionRefused
	at sun.reflect.NativeConstructorAccessorImpl.newInstance0(Native Method)
	at sun.reflect.NativeConstructorAccessorImpl.newInstance(NativeConstructorAccessorImpl.java:62)
	at sun.reflect.DelegatingConstructorAccessorImpl.newInstance(DelegatingConstructorAccessorImpl.java:45)
	at java.lang.reflect.Constructor.newInstance(Constructor.java:423)
	at org.apache.hadoop.net.NetUtils.wrapWithMessage(NetUtils.java:913)
	at org.apache.hadoop.net.NetUtils.wrapException(NetUtils.java:828)
	at org.apache.hadoop.ipc.Client.getRpcResponse(Client.java:1577)
	at org.apache.hadoop.ipc.Client.call(Client.java:1519)
	at org.apache.hadoop.ipc.Client.call(Client.java:1416)
	at org.apache.hadoop.ipc.ProtobufRpcEngine$Invoker.invoke(ProtobufRpcEngine.java:236)
	at org.apache.hadoop.ipc.ProtobufRpcEngine$Invoker.invoke(ProtobufRpcEngine.java:123)
	at com.sun.proxy.$Proxy51.submitRequest(Unknown Source)
	at org.apache.hadoop.ozone.protocolPB.StorageContainerDatanodeProtocolClientSideTranslatorPB.submitRequest(StorageContainerDatanodeProtocolClientSideTranslatorPB.java:117)
	at org.apache.hadoop.ozone.protocolPB.StorageContainerDatanodeProtocolClientSideTranslatorPB.sendHeartbeat(StorageContainerDatanodeProtocolClientSideTranslatorPB.java:149)
	at org.apache.hadoop.ozone.container.common.states.endpoint.HeartbeatEndpointTask.call(HeartbeatEndpointTask.java:185)
	at org.apache.hadoop.ozone.container.common.states.endpoint.HeartbeatEndpointTask.call(HeartbeatEndpointTask.java:87)
	at java.util.concurrent.FutureTask.run(FutureTask.java:266)
	at java.util.concurrent.ThreadPoolExecutor.runWorker(ThreadPoolExecutor.java:1149)
	at java.util.concurrent.ThreadPoolExecutor$Worker.run(ThreadPoolExecutor.java:624)
	at java.lang.Thread.run(Thread.java:750)
Caused by: java.net.ConnectException: Connection refused
	at sun.nio.ch.SocketChannelImpl.checkConnect(Native Method)
	at sun.nio.ch.SocketChannelImpl.finishConnect(SocketChannelImpl.java:716)
	at org.apache.hadoop.net.SocketIOWithTimeout.connect(SocketIOWithTimeout.java:206)
	at org.apache.hadoop.net.NetUtils.connect(NetUtils.java:586)
	at org.apache.hadoop.ipc.Client$Connection.setupConnection(Client.java:701)
	at org.apache.hadoop.ipc.Client$Connection.setupIOstreams(Client.java:822)
	at org.apache.hadoop.ipc.Client$Connection.access$3800(Client.java:414)
	at org.apache.hadoop.ipc.Client.getConnection(Client.java:1647)
	at org.apache.hadoop.ipc.Client.call(Client.java:1463)
	... 12 more
2022-09-03 01:14:03,561 [EndpointStateMachine task thread for /127.0.0.1:44975 - 0 ] INFO  ipc.Client (Client.java:handleConnectionFailure(977)) - Retrying connect to server: localhost/127.0.0.1:44975. Already tried 0 time(s); retry policy is RetryUpToMaximumCountWithFixedSleep(maxRetries=15, sleepTime=1000 MILLISECONDS)
2022-09-03 01:14:03,892 [EndpointStateMachine task thread for /127.0.0.1:41659 - 0 ] INFO  ipc.Client (Client.java:handleConnectionFailure(977)) - Retrying connect to server: localhost/127.0.0.1:41659. Already tried 0 time(s); retry policy is RetryUpToMaximumCountWithFixedSleep(maxRetries=15, sleepTime=1000 MILLISECONDS)
2022-09-03 01:14:03,893 [EndpointStateMachine task thread for /127.0.0.1:36917 - 0 ] INFO  ipc.Client (Client.java:handleConnectionFailure(977)) - Retrying connect to server: localhost/127.0.0.1:36917. Already tried 0 time(s); retry policy is RetryUpToMaximumCountWithFixedSleep(maxRetries=15, sleepTime=1000 MILLISECONDS)
2022-09-03 01:14:04,562 [EndpointStateMachine task thread for /127.0.0.1:44975 - 0 ] INFO  ipc.Client (Client.java:handleConnectionFailure(977)) - Retrying connect to server: localhost/127.0.0.1:44975. Already tried 1 time(s); retry policy is RetryUpToMaximumCountWithFixedSleep(maxRetries=15, sleepTime=1000 MILLISECONDS)
2022-09-03 01:14:04,582 [Listener at 127.0.0.1/44253] INFO  ozoneimpl.OzoneContainer (OzoneContainer.java:stop(400)) - Attempting to stop container services.
2022-09-03 01:14:04,583 [Listener at 127.0.0.1/44253] INFO  server.RaftServer (RaftServerProxy.java:lambda$close$7(398)) - 9cdbf1d0-d280-4661-b2c7-fb859849bb8c: close
2022-09-03 01:14:04,592 [Listener at 127.0.0.1/44253] INFO  server.RaftServer$Division (RaftServerImpl.java:lambda$close$4(434)) - 9cdbf1d0-d280-4661-b2c7-fb859849bb8c@group-758C24CFFA84: shutdown
2022-09-03 01:14:04,592 [Listener at 127.0.0.1/44253] INFO  util.JmxRegister (JmxRegister.java:unregister(73)) - Successfully un-registered JMX Bean with object name Ratis:service=RaftServer,group=group-758C24CFFA84,id=9cdbf1d0-d280-4661-b2c7-fb859849bb8c
2022-09-03 01:14:04,592 [Listener at 127.0.0.1/44253] INFO  impl.RoleInfo (RoleInfo.java:shutdownFollowerState(110)) - 9cdbf1d0-d280-4661-b2c7-fb859849bb8c: shutdown 9cdbf1d0-d280-4661-b2c7-fb859849bb8c@group-758C24CFFA84-FollowerState
2022-09-03 01:14:04,592 [Listener at 127.0.0.1/44253] INFO  impl.StateMachineUpdater (StateMachineUpdater.java:stopAndJoin(153)) - 9cdbf1d0-d280-4661-b2c7-fb859849bb8c@group-758C24CFFA84-StateMachineUpdater: set stopIndex = 0
2022-09-03 01:14:04,593 [9cdbf1d0-d280-4661-b2c7-fb859849bb8c@group-758C24CFFA84-FollowerState] INFO  impl.FollowerState (FollowerState.java:run(152)) - 9cdbf1d0-d280-4661-b2c7-fb859849bb8c@group-758C24CFFA84-FollowerState was interrupted
2022-09-03 01:14:04,593 [9cdbf1d0-d280-4661-b2c7-fb859849bb8c@group-758C24CFFA84-StateMachineUpdater] INFO  ratis.ContainerStateMachine (ContainerStateMachine.java:takeSnapshot(304)) - group-758C24CFFA84: Taking a snapshot at:(t:2, i:0) file /home/runner/work/ozone/ozone/hadoop-ozone/integration-test/target/test-dir/MiniOzoneClusterImpl-b7bb7c95-97ac-4743-8c58-bec42c492c64/datanode-2/data/ratis/039c1c6d-8be4-4cc8-86f0-758c24cffa84/sm/snapshot.2_0
2022-09-03 01:14:04,594 [9cdbf1d0-d280-4661-b2c7-fb859849bb8c@group-758C24CFFA84-StateMachineUpdater] INFO  ratis.ContainerStateMachine (ContainerStateMachine.java:takeSnapshot(315)) - group-758C24CFFA84: Finished taking a snapshot at:(t:2, i:0) file:/home/runner/work/ozone/ozone/hadoop-ozone/integration-test/target/test-dir/MiniOzoneClusterImpl-b7bb7c95-97ac-4743-8c58-bec42c492c64/datanode-2/data/ratis/039c1c6d-8be4-4cc8-86f0-758c24cffa84/sm/snapshot.2_0 took: 1 ms
2022-09-03 01:14:04,594 [9cdbf1d0-d280-4661-b2c7-fb859849bb8c@group-758C24CFFA84-StateMachineUpdater] INFO  impl.StateMachineUpdater (StateMachineUpdater.java:takeSnapshot(287)) - 9cdbf1d0-d280-4661-b2c7-fb859849bb8c@group-758C24CFFA84-StateMachineUpdater: Took a snapshot at index 0
2022-09-03 01:14:04,594 [9cdbf1d0-d280-4661-b2c7-fb859849bb8c@group-758C24CFFA84-StateMachineUpdater] INFO  impl.StateMachineUpdater (StateMachineUpdater.java:lambda$new$0(92)) - 9cdbf1d0-d280-4661-b2c7-fb859849bb8c@group-758C24CFFA84-StateMachineUpdater: snapshotIndex: updateIncreasingly -1 -> 0
2022-09-03 01:14:04,595 [Listener at 127.0.0.1/44253] INFO  server.RaftServer$Division (ServerState.java:close(429)) - 9cdbf1d0-d280-4661-b2c7-fb859849bb8c@group-758C24CFFA84: closes. applyIndex: 0
2022-09-03 01:14:04,595 [9cdbf1d0-d280-4661-b2c7-fb859849bb8c@group-758C24CFFA84-SegmentedRaftLogWorker] INFO  segmented.SegmentedRaftLogWorker (SegmentedRaftLogWorker.java:run(336)) - 9cdbf1d0-d280-4661-b2c7-fb859849bb8c@group-758C24CFFA84-SegmentedRaftLogWorker was interrupted, exiting. There are 0 tasks remaining in the queue.
2022-09-03 01:14:04,595 [Listener at 127.0.0.1/44253] INFO  segmented.SegmentedRaftLogWorker (SegmentedRaftLogWorker.java:close(246)) - 9cdbf1d0-d280-4661-b2c7-fb859849bb8c@group-758C24CFFA84-SegmentedRaftLogWorker close()
2022-09-03 01:14:04,595 [Listener at 127.0.0.1/44253] INFO  server.RaftServer$Division (RaftServerImpl.java:lambda$close$4(434)) - 9cdbf1d0-d280-4661-b2c7-fb859849bb8c@group-6CE1A9EDA204: shutdown
2022-09-03 01:14:04,596 [Listener at 127.0.0.1/44253] INFO  util.JmxRegister (JmxRegister.java:unregister(73)) - Successfully un-registered JMX Bean with object name Ratis:service=RaftServer,group=group-6CE1A9EDA204,id=9cdbf1d0-d280-4661-b2c7-fb859849bb8c
2022-09-03 01:14:04,596 [Listener at 127.0.0.1/44253] INFO  impl.RoleInfo (RoleInfo.java:shutdownFollowerState(110)) - 9cdbf1d0-d280-4661-b2c7-fb859849bb8c: shutdown 9cdbf1d0-d280-4661-b2c7-fb859849bb8c@group-6CE1A9EDA204-FollowerState
2022-09-03 01:14:04,596 [Listener at 127.0.0.1/44253] INFO  impl.StateMachineUpdater (StateMachineUpdater.java:stopAndJoin(153)) - 9cdbf1d0-d280-4661-b2c7-fb859849bb8c@group-6CE1A9EDA204-StateMachineUpdater: set stopIndex = 0
2022-09-03 01:14:04,596 [9cdbf1d0-d280-4661-b2c7-fb859849bb8c@group-6CE1A9EDA204-FollowerState] INFO  impl.FollowerState (FollowerState.java:run(152)) - 9cdbf1d0-d280-4661-b2c7-fb859849bb8c@group-6CE1A9EDA204-FollowerState was interrupted
2022-09-03 01:14:04,596 [9cdbf1d0-d280-4661-b2c7-fb859849bb8c@group-6CE1A9EDA204-StateMachineUpdater] INFO  ratis.ContainerStateMachine (ContainerStateMachine.java:takeSnapshot(304)) - group-6CE1A9EDA204: Taking a snapshot at:(t:1, i:0) file /home/runner/work/ozone/ozone/hadoop-ozone/integration-test/target/test-dir/MiniOzoneClusterImpl-b7bb7c95-97ac-4743-8c58-bec42c492c64/datanode-2/data/ratis/5eb1a04a-56ce-49c9-b289-6ce1a9eda204/sm/snapshot.1_0
2022-09-03 01:14:04,599 [9cdbf1d0-d280-4661-b2c7-fb859849bb8c@group-6CE1A9EDA204-StateMachineUpdater] INFO  ratis.ContainerStateMachine (ContainerStateMachine.java:takeSnapshot(315)) - group-6CE1A9EDA204: Finished taking a snapshot at:(t:1, i:0) file:/home/runner/work/ozone/ozone/hadoop-ozone/integration-test/target/test-dir/MiniOzoneClusterImpl-b7bb7c95-97ac-4743-8c58-bec42c492c64/datanode-2/data/ratis/5eb1a04a-56ce-49c9-b289-6ce1a9eda204/sm/snapshot.1_0 took: 3 ms
2022-09-03 01:14:04,599 [9cdbf1d0-d280-4661-b2c7-fb859849bb8c@group-6CE1A9EDA204-StateMachineUpdater] INFO  impl.StateMachineUpdater (StateMachineUpdater.java:takeSnapshot(287)) - 9cdbf1d0-d280-4661-b2c7-fb859849bb8c@group-6CE1A9EDA204-StateMachineUpdater: Took a snapshot at index 0
2022-09-03 01:14:04,599 [9cdbf1d0-d280-4661-b2c7-fb859849bb8c@group-6CE1A9EDA204-StateMachineUpdater] INFO  impl.StateMachineUpdater (StateMachineUpdater.java:lambda$new$0(92)) - 9cdbf1d0-d280-4661-b2c7-fb859849bb8c@group-6CE1A9EDA204-StateMachineUpdater: snapshotIndex: updateIncreasingly -1 -> 0
2022-09-03 01:14:04,600 [Listener at 127.0.0.1/44253] INFO  server.RaftServer$Division (ServerState.java:close(429)) - 9cdbf1d0-d280-4661-b2c7-fb859849bb8c@group-6CE1A9EDA204: closes. applyIndex: 0
2022-09-03 01:14:04,600 [9cdbf1d0-d280-4661-b2c7-fb859849bb8c@group-6CE1A9EDA204-SegmentedRaftLogWorker] INFO  segmented.SegmentedRaftLogWorker (SegmentedRaftLogWorker.java:run(336)) - 9cdbf1d0-d280-4661-b2c7-fb859849bb8c@group-6CE1A9EDA204-SegmentedRaftLogWorker was interrupted, exiting. There are 0 tasks remaining in the queue.
2022-09-03 01:14:04,600 [Listener at 127.0.0.1/44253] INFO  segmented.SegmentedRaftLogWorker (SegmentedRaftLogWorker.java:close(246)) - 9cdbf1d0-d280-4661-b2c7-fb859849bb8c@group-6CE1A9EDA204-SegmentedRaftLogWorker close()
2022-09-03 01:14:04,600 [Listener at 127.0.0.1/44253] INFO  server.RaftServer$Division (RaftServerImpl.java:lambda$close$4(434)) - 9cdbf1d0-d280-4661-b2c7-fb859849bb8c@group-20102601EFAA: shutdown
2022-09-03 01:14:04,601 [Listener at 127.0.0.1/44253] INFO  util.JmxRegister (JmxRegister.java:unregister(73)) - Successfully un-registered JMX Bean with object name Ratis:service=RaftServer,group=group-20102601EFAA,id=9cdbf1d0-d280-4661-b2c7-fb859849bb8c
2022-09-03 01:14:04,601 [Listener at 127.0.0.1/44253] INFO  impl.RoleInfo (RoleInfo.java:shutdownLeaderState(93)) - 9cdbf1d0-d280-4661-b2c7-fb859849bb8c: shutdown 9cdbf1d0-d280-4661-b2c7-fb859849bb8c@group-20102601EFAA-LeaderStateImpl
2022-09-03 01:14:04,601 [Listener at 127.0.0.1/44253] INFO  impl.PendingRequests (PendingRequests.java:sendNotLeaderResponses(282)) - 9cdbf1d0-d280-4661-b2c7-fb859849bb8c@group-20102601EFAA-PendingRequests: sendNotLeaderResponses
2022-09-03 01:14:04,601 [Listener at 127.0.0.1/44253] INFO  impl.StateMachineUpdater (StateMachineUpdater.java:stopAndJoin(153)) - 9cdbf1d0-d280-4661-b2c7-fb859849bb8c@group-20102601EFAA-StateMachineUpdater: set stopIndex = 0
2022-09-03 01:14:04,601 [9cdbf1d0-d280-4661-b2c7-fb859849bb8c@group-20102601EFAA-StateMachineUpdater] INFO  ratis.ContainerStateMachine (ContainerStateMachine.java:takeSnapshot(304)) - group-20102601EFAA: Taking a snapshot at:(t:1, i:0) file /home/runner/work/ozone/ozone/hadoop-ozone/integration-test/target/test-dir/MiniOzoneClusterImpl-b7bb7c95-97ac-4743-8c58-bec42c492c64/datanode-2/data/ratis/b990414c-c0cc-44ab-bdbd-20102601efaa/sm/snapshot.1_0
2022-09-03 01:14:04,603 [9cdbf1d0-d280-4661-b2c7-fb859849bb8c@group-20102601EFAA-StateMachineUpdater] INFO  ratis.ContainerStateMachine (ContainerStateMachine.java:takeSnapshot(315)) - group-20102601EFAA: Finished taking a snapshot at:(t:1, i:0) file:/home/runner/work/ozone/ozone/hadoop-ozone/integration-test/target/test-dir/MiniOzoneClusterImpl-b7bb7c95-97ac-4743-8c58-bec42c492c64/datanode-2/data/ratis/b990414c-c0cc-44ab-bdbd-20102601efaa/sm/snapshot.1_0 took: 2 ms
2022-09-03 01:14:04,604 [9cdbf1d0-d280-4661-b2c7-fb859849bb8c@group-20102601EFAA-StateMachineUpdater] INFO  impl.StateMachineUpdater (StateMachineUpdater.java:takeSnapshot(287)) - 9cdbf1d0-d280-4661-b2c7-fb859849bb8c@group-20102601EFAA-StateMachineUpdater: Took a snapshot at index 0
2022-09-03 01:14:04,604 [9cdbf1d0-d280-4661-b2c7-fb859849bb8c@group-20102601EFAA-StateMachineUpdater] INFO  impl.StateMachineUpdater (StateMachineUpdater.java:lambda$new$0(92)) - 9cdbf1d0-d280-4661-b2c7-fb859849bb8c@group-20102601EFAA-StateMachineUpdater: snapshotIndex: updateIncreasingly -1 -> 0
2022-09-03 01:14:04,604 [Listener at 127.0.0.1/44253] INFO  server.RaftServer$Division (ServerState.java:close(429)) - 9cdbf1d0-d280-4661-b2c7-fb859849bb8c@group-20102601EFAA: closes. applyIndex: 0
2022-09-03 01:14:04,604 [9cdbf1d0-d280-4661-b2c7-fb859849bb8c@group-20102601EFAA-SegmentedRaftLogWorker] INFO  segmented.SegmentedRaftLogWorker (SegmentedRaftLogWorker.java:run(336)) - 9cdbf1d0-d280-4661-b2c7-fb859849bb8c@group-20102601EFAA-SegmentedRaftLogWorker was interrupted, exiting. There are 0 tasks remaining in the queue.
2022-09-03 01:14:04,604 [Listener at 127.0.0.1/44253] INFO  segmented.SegmentedRaftLogWorker (SegmentedRaftLogWorker.java:close(246)) - 9cdbf1d0-d280-4661-b2c7-fb859849bb8c@group-20102601EFAA-SegmentedRaftLogWorker close()
2022-09-03 01:14:04,611 [Listener at 127.0.0.1/44253] INFO  server.GrpcService (GrpcService.java:closeImpl(269)) - 9cdbf1d0-d280-4661-b2c7-fb859849bb8c: shutdown server with port 32853 now
2022-09-03 01:14:04,621 [Listener at 127.0.0.1/44253] INFO  server.GrpcService (GrpcService.java:closeImpl(278)) - 9cdbf1d0-d280-4661-b2c7-fb859849bb8c: shutdown server with port 32853 successfully
2022-09-03 01:14:04,621 [org.apache.ratis.util.JvmPauseMonitor$$Lambda$519/503118660@3c85da54] INFO  util.JvmPauseMonitor (JvmPauseMonitor.java:run(109)) - JvmPauseMonitor-9cdbf1d0-d280-4661-b2c7-fb859849bb8c: Stopped
2022-09-03 01:14:04,892 [EndpointStateMachine task thread for /127.0.0.1:41659 - 0 ] INFO  ipc.Client (Client.java:handleConnectionFailure(977)) - Retrying connect to server: localhost/127.0.0.1:41659. Already tried 1 time(s); retry policy is RetryUpToMaximumCountWithFixedSleep(maxRetries=15, sleepTime=1000 MILLISECONDS)
2022-09-03 01:14:04,893 [EndpointStateMachine task thread for /127.0.0.1:36917 - 0 ] INFO  ipc.Client (Client.java:handleConnectionFailure(977)) - Retrying connect to server: localhost/127.0.0.1:36917. Already tried 1 time(s); retry policy is RetryUpToMaximumCountWithFixedSleep(maxRetries=15, sleepTime=1000 MILLISECONDS)
2022-09-03 01:14:05,563 [EndpointStateMachine task thread for /127.0.0.1:44975 - 0 ] INFO  ipc.Client (Client.java:handleConnectionFailure(977)) - Retrying connect to server: localhost/127.0.0.1:44975. Already tried 2 time(s); retry policy is RetryUpToMaximumCountWithFixedSleep(maxRetries=15, sleepTime=1000 MILLISECONDS)
2022-09-03 01:14:05,893 [EndpointStateMachine task thread for /127.0.0.1:41659 - 0 ] INFO  ipc.Client (Client.java:handleConnectionFailure(977)) - Retrying connect to server: localhost/127.0.0.1:41659. Already tried 2 time(s); retry policy is RetryUpToMaximumCountWithFixedSleep(maxRetries=15, sleepTime=1000 MILLISECONDS)
2022-09-03 01:14:05,893 [EndpointStateMachine task thread for /127.0.0.1:36917 - 0 ] INFO  ipc.Client (Client.java:handleConnectionFailure(977)) - Retrying connect to server: localhost/127.0.0.1:36917. Already tried 2 time(s); retry policy is RetryUpToMaximumCountWithFixedSleep(maxRetries=15, sleepTime=1000 MILLISECONDS)
2022-09-03 01:14:06,564 [EndpointStateMachine task thread for /127.0.0.1:44975 - 0 ] INFO  ipc.Client (Client.java:handleConnectionFailure(977)) - Retrying connect to server: localhost/127.0.0.1:44975. Already tried 3 time(s); retry policy is RetryUpToMaximumCountWithFixedSleep(maxRetries=15, sleepTime=1000 MILLISECONDS)
2022-09-03 01:14:06,626 [Listener at 127.0.0.1/44253] INFO  utils.BackgroundService (BackgroundService.java:shutdown(141)) - Shutting down service BlockDeletingService
2022-09-03 01:14:06,628 [Listener at 127.0.0.1/44253] INFO  utils.BackgroundService (BackgroundService.java:shutdown(141)) - Shutting down service StaleRecoveringContainerScrubbingService
2022-09-03 01:14:06,894 [EndpointStateMachine task thread for /127.0.0.1:36917 - 0 ] INFO  ipc.Client (Client.java:handleConnectionFailure(977)) - Retrying connect to server: localhost/127.0.0.1:36917. Already tried 3 time(s); retry policy is RetryUpToMaximumCountWithFixedSleep(maxRetries=15, sleepTime=1000 MILLISECONDS)
2022-09-03 01:14:06,894 [EndpointStateMachine task thread for /127.0.0.1:41659 - 0 ] INFO  ipc.Client (Client.java:handleConnectionFailure(977)) - Retrying connect to server: localhost/127.0.0.1:41659. Already tried 3 time(s); retry policy is RetryUpToMaximumCountWithFixedSleep(maxRetries=15, sleepTime=1000 MILLISECONDS)
2022-09-03 01:14:07,565 [EndpointStateMachine task thread for /127.0.0.1:44975 - 0 ] INFO  ipc.Client (Client.java:handleConnectionFailure(977)) - Retrying connect to server: localhost/127.0.0.1:44975. Already tried 4 time(s); retry policy is RetryUpToMaximumCountWithFixedSleep(maxRetries=15, sleepTime=1000 MILLISECONDS)
2022-09-03 01:14:07,895 [EndpointStateMachine task thread for /127.0.0.1:36917 - 0 ] INFO  ipc.Client (Client.java:handleConnectionFailure(977)) - Retrying connect to server: localhost/127.0.0.1:36917. Already tried 4 time(s); retry policy is RetryUpToMaximumCountWithFixedSleep(maxRetries=15, sleepTime=1000 MILLISECONDS)
2022-09-03 01:14:07,895 [EndpointStateMachine task thread for /127.0.0.1:41659 - 0 ] INFO  ipc.Client (Client.java:handleConnectionFailure(977)) - Retrying connect to server: localhost/127.0.0.1:41659. Already tried 4 time(s); retry policy is RetryUpToMaximumCountWithFixedSleep(maxRetries=15, sleepTime=1000 MILLISECONDS)
2022-09-03 01:14:08,566 [EndpointStateMachine task thread for /127.0.0.1:44975 - 0 ] INFO  ipc.Client (Client.java:handleConnectionFailure(977)) - Retrying connect to server: localhost/127.0.0.1:44975. Already tried 5 time(s); retry policy is RetryUpToMaximumCountWithFixedSleep(maxRetries=15, sleepTime=1000 MILLISECONDS)
2022-09-03 01:14:08,895 [EndpointStateMachine task thread for /127.0.0.1:36917 - 0 ] INFO  ipc.Client (Client.java:handleConnectionFailure(977)) - Retrying connect to server: localhost/127.0.0.1:36917. Already tried 5 time(s); retry policy is RetryUpToMaximumCountWithFixedSleep(maxRetries=15, sleepTime=1000 MILLISECONDS)
2022-09-03 01:14:08,896 [EndpointStateMachine task thread for /127.0.0.1:41659 - 0 ] INFO  ipc.Client (Client.java:handleConnectionFailure(977)) - Retrying connect to server: localhost/127.0.0.1:41659. Already tried 5 time(s); retry policy is RetryUpToMaximumCountWithFixedSleep(maxRetries=15, sleepTime=1000 MILLISECONDS)
2022-09-03 01:14:09,567 [EndpointStateMachine task thread for /127.0.0.1:44975 - 0 ] INFO  ipc.Client (Client.java:handleConnectionFailure(977)) - Retrying connect to server: localhost/127.0.0.1:44975. Already tried 6 time(s); retry policy is RetryUpToMaximumCountWithFixedSleep(maxRetries=15, sleepTime=1000 MILLISECONDS)
2022-09-03 01:14:09,633 [Listener at 127.0.0.1/44253] INFO  statemachine.DatanodeStateMachine (DatanodeStateMachine.java:stopDaemon(580)) - Ozone container server stopped.
2022-09-03 01:14:09,646 [Listener at 127.0.0.1/44253] INFO  handler.ContextHandler (ContextHandler.java:doStop(1153)) - Stopped o.e.j.w.WebAppContext@4404a85f{hddsDatanode,/,null,STOPPED}{jar:file:/home/runner/.m2/repository/org/apache/ozone/hdds-container-service/1.3.0-SNAPSHOT/hdds-container-service-1.3.0-SNAPSHOT.jar!/webapps/hddsDatanode}
2022-09-03 01:14:09,648 [Listener at 127.0.0.1/44253] INFO  server.AbstractConnector (AbstractConnector.java:doStop(381)) - Stopped ServerConnector@163a9fbb{HTTP/1.1, (http/1.1)}{0.0.0.0:0}
2022-09-03 01:14:09,648 [Listener at 127.0.0.1/44253] INFO  server.session (HouseKeeper.java:stopScavenging(149)) - node0 Stopped scavenging
2022-09-03 01:14:09,648 [Listener at 127.0.0.1/44253] INFO  handler.ContextHandler (ContextHandler.java:doStop(1153)) - Stopped o.e.j.s.ServletContextHandler@3f9dfd41{static,/static,jar:file:/home/runner/.m2/repository/org/apache/ozone/hdds-container-service/1.3.0-SNAPSHOT/hdds-container-service-1.3.0-SNAPSHOT.jar!/webapps/static,STOPPED}
2022-09-03 01:14:09,657 [Listener at 127.0.0.1/44253] INFO  handler.ContextHandler (ContextHandler.java:doStop(1153)) - Stopped o.e.j.s.ServletContextHandler@37d90ae8{logs,/logs,file:///home/runner/work/ozone/ozone/hadoop-ozone/integration-test/target/log,STOPPED}
2022-09-03 01:14:09,896 [EndpointStateMachine task thread for /127.0.0.1:36917 - 0 ] INFO  ipc.Client (Client.java:handleConnectionFailure(977)) - Retrying connect to server: localhost/127.0.0.1:36917. Already tried 6 time(s); retry policy is RetryUpToMaximumCountWithFixedSleep(maxRetries=15, sleepTime=1000 MILLISECONDS)
2022-09-03 01:14:09,896 [EndpointStateMachine task thread for /127.0.0.1:41659 - 0 ] INFO  ipc.Client (Client.java:handleConnectionFailure(977)) - Retrying connect to server: localhost/127.0.0.1:41659. Already tried 6 time(s); retry policy is RetryUpToMaximumCountWithFixedSleep(maxRetries=15, sleepTime=1000 MILLISECONDS)
2022-09-03 01:14:10,568 [EndpointStateMachine task thread for /127.0.0.1:44975 - 0 ] INFO  ipc.Client (Client.java:handleConnectionFailure(977)) - Retrying connect to server: localhost/127.0.0.1:44975. Already tried 7 time(s); retry policy is RetryUpToMaximumCountWithFixedSleep(maxRetries=15, sleepTime=1000 MILLISECONDS)
2022-09-03 01:14:10,897 [EndpointStateMachine task thread for /127.0.0.1:36917 - 0 ] INFO  ipc.Client (Client.java:handleConnectionFailure(977)) - Retrying connect to server: localhost/127.0.0.1:36917. Already tried 7 time(s); retry policy is RetryUpToMaximumCountWithFixedSleep(maxRetries=15, sleepTime=1000 MILLISECONDS)
2022-09-03 01:14:10,897 [EndpointStateMachine task thread for /127.0.0.1:41659 - 0 ] INFO  ipc.Client (Client.java:handleConnectionFailure(977)) - Retrying connect to server: localhost/127.0.0.1:41659. Already tried 7 time(s); retry policy is RetryUpToMaximumCountWithFixedSleep(maxRetries=15, sleepTime=1000 MILLISECONDS)
2022-09-03 01:14:11,568 [EndpointStateMachine task thread for /127.0.0.1:44975 - 0 ] INFO  ipc.Client (Client.java:handleConnectionFailure(977)) - Retrying connect to server: localhost/127.0.0.1:44975. Already tried 8 time(s); retry policy is RetryUpToMaximumCountWithFixedSleep(maxRetries=15, sleepTime=1000 MILLISECONDS)
2022-09-03 01:14:11,897 [EndpointStateMachine task thread for /127.0.0.1:36917 - 0 ] INFO  ipc.Client (Client.java:handleConnectionFailure(977)) - Retrying connect to server: localhost/127.0.0.1:36917. Already tried 8 time(s); retry policy is RetryUpToMaximumCountWithFixedSleep(maxRetries=15, sleepTime=1000 MILLISECONDS)
2022-09-03 01:14:11,898 [EndpointStateMachine task thread for /127.0.0.1:41659 - 0 ] INFO  ipc.Client (Client.java:handleConnectionFailure(977)) - Retrying connect to server: localhost/127.0.0.1:41659. Already tried 8 time(s); retry policy is RetryUpToMaximumCountWithFixedSleep(maxRetries=15, sleepTime=1000 MILLISECONDS)
2022-09-03 01:14:12,569 [EndpointStateMachine task thread for /127.0.0.1:44975 - 0 ] INFO  ipc.Client (Client.java:handleConnectionFailure(977)) - Retrying connect to server: localhost/127.0.0.1:44975. Already tried 9 time(s); retry policy is RetryUpToMaximumCountWithFixedSleep(maxRetries=15, sleepTime=1000 MILLISECONDS)
2022-09-03 01:14:12,898 [EndpointStateMachine task thread for /127.0.0.1:36917 - 0 ] INFO  ipc.Client (Client.java:handleConnectionFailure(977)) - Retrying connect to server: localhost/127.0.0.1:36917. Already tried 9 time(s); retry policy is RetryUpToMaximumCountWithFixedSleep(maxRetries=15, sleepTime=1000 MILLISECONDS)
2022-09-03 01:14:12,898 [EndpointStateMachine task thread for /127.0.0.1:41659 - 0 ] INFO  ipc.Client (Client.java:handleConnectionFailure(977)) - Retrying connect to server: localhost/127.0.0.1:41659. Already tried 9 time(s); retry policy is RetryUpToMaximumCountWithFixedSleep(maxRetries=15, sleepTime=1000 MILLISECONDS)
2022-09-03 01:14:13,570 [EndpointStateMachine task thread for /127.0.0.1:44975 - 0 ] INFO  ipc.Client (Client.java:handleConnectionFailure(977)) - Retrying connect to server: localhost/127.0.0.1:44975. Already tried 10 time(s); retry policy is RetryUpToMaximumCountWithFixedSleep(maxRetries=15, sleepTime=1000 MILLISECONDS)
2022-09-03 01:14:13,899 [EndpointStateMachine task thread for /127.0.0.1:36917 - 0 ] INFO  ipc.Client (Client.java:handleConnectionFailure(977)) - Retrying connect to server: localhost/127.0.0.1:36917. Already tried 10 time(s); retry policy is RetryUpToMaximumCountWithFixedSleep(maxRetries=15, sleepTime=1000 MILLISECONDS)
2022-09-03 01:14:13,900 [EndpointStateMachine task thread for /127.0.0.1:41659 - 0 ] INFO  ipc.Client (Client.java:handleConnectionFailure(977)) - Retrying connect to server: localhost/127.0.0.1:41659. Already tried 10 time(s); retry policy is RetryUpToMaximumCountWithFixedSleep(maxRetries=15, sleepTime=1000 MILLISECONDS)
2022-09-03 01:14:14,571 [EndpointStateMachine task thread for /127.0.0.1:44975 - 0 ] INFO  ipc.Client (Client.java:handleConnectionFailure(977)) - Retrying connect to server: localhost/127.0.0.1:44975. Already tried 11 time(s); retry policy is RetryUpToMaximumCountWithFixedSleep(maxRetries=15, sleepTime=1000 MILLISECONDS)
2022-09-03 01:14:14,899 [EndpointStateMachine task thread for /127.0.0.1:36917 - 0 ] INFO  ipc.Client (Client.java:handleConnectionFailure(977)) - Retrying connect to server: localhost/127.0.0.1:36917. Already tried 11 time(s); retry policy is RetryUpToMaximumCountWithFixedSleep(maxRetries=15, sleepTime=1000 MILLISECONDS)
2022-09-03 01:14:14,900 [EndpointStateMachine task thread for /127.0.0.1:41659 - 0 ] INFO  ipc.Client (Client.java:handleConnectionFailure(977)) - Retrying connect to server: localhost/127.0.0.1:41659. Already tried 11 time(s); retry policy is RetryUpToMaximumCountWithFixedSleep(maxRetries=15, sleepTime=1000 MILLISECONDS)
2022-09-03 01:14:15,572 [EndpointStateMachine task thread for /127.0.0.1:44975 - 0 ] INFO  ipc.Client (Client.java:handleConnectionFailure(977)) - Retrying connect to server: localhost/127.0.0.1:44975. Already tried 12 time(s); retry policy is RetryUpToMaximumCountWithFixedSleep(maxRetries=15, sleepTime=1000 MILLISECONDS)
2022-09-03 01:14:15,901 [EndpointStateMachine task thread for /127.0.0.1:41659 - 0 ] INFO  ipc.Client (Client.java:handleConnectionFailure(977)) - Retrying connect to server: localhost/127.0.0.1:41659. Already tried 12 time(s); retry policy is RetryUpToMaximumCountWithFixedSleep(maxRetries=15, sleepTime=1000 MILLISECONDS)
2022-09-03 01:14:15,903 [EndpointStateMachine task thread for /127.0.0.1:36917 - 0 ] INFO  ipc.Client (Client.java:handleConnectionFailure(977)) - Retrying connect to server: localhost/127.0.0.1:36917. Already tried 12 time(s); retry policy is RetryUpToMaximumCountWithFixedSleep(maxRetries=15, sleepTime=1000 MILLISECONDS)
2022-09-03 01:14:16,572 [EndpointStateMachine task thread for /127.0.0.1:44975 - 0 ] INFO  ipc.Client (Client.java:handleConnectionFailure(977)) - Retrying connect to server: localhost/127.0.0.1:44975. Already tried 13 time(s); retry policy is RetryUpToMaximumCountWithFixedSleep(maxRetries=15, sleepTime=1000 MILLISECONDS)
2022-09-03 01:14:16,901 [EndpointStateMachine task thread for /127.0.0.1:41659 - 0 ] INFO  ipc.Client (Client.java:handleConnectionFailure(977)) - Retrying connect to server: localhost/127.0.0.1:41659. Already tried 13 time(s); retry policy is RetryUpToMaximumCountWithFixedSleep(maxRetries=15, sleepTime=1000 MILLISECONDS)
2022-09-03 01:14:16,903 [EndpointStateMachine task thread for /127.0.0.1:36917 - 0 ] INFO  ipc.Client (Client.java:handleConnectionFailure(977)) - Retrying connect to server: localhost/127.0.0.1:36917. Already tried 13 time(s); retry policy is RetryUpToMaximumCountWithFixedSleep(maxRetries=15, sleepTime=1000 MILLISECONDS)
2022-09-03 01:14:17,573 [EndpointStateMachine task thread for /127.0.0.1:44975 - 0 ] INFO  ipc.Client (Client.java:handleConnectionFailure(977)) - Retrying connect to server: localhost/127.0.0.1:44975. Already tried 14 time(s); retry policy is RetryUpToMaximumCountWithFixedSleep(maxRetries=15, sleepTime=1000 MILLISECONDS)
2022-09-03 01:14:17,902 [EndpointStateMachine task thread for /127.0.0.1:41659 - 0 ] INFO  ipc.Client (Client.java:handleConnectionFailure(977)) - Retrying connect to server: localhost/127.0.0.1:41659. Already tried 14 time(s); retry policy is RetryUpToMaximumCountWithFixedSleep(maxRetries=15, sleepTime=1000 MILLISECONDS)
2022-09-03 01:14:17,903 [EndpointStateMachine task thread for /127.0.0.1:36917 - 0 ] INFO  ipc.Client (Client.java:handleConnectionFailure(977)) - Retrying connect to server: localhost/127.0.0.1:36917. Already tried 14 time(s); retry policy is RetryUpToMaximumCountWithFixedSleep(maxRetries=15, sleepTime=1000 MILLISECONDS)
2022-09-03 01:14:18,575 [EndpointStateMachine task thread for /127.0.0.1:44975 - 0 ] INFO  ipc.Client (Client.java:handleConnectionFailure(977)) - Retrying connect to server: localhost/127.0.0.1:44975. Already tried 0 time(s); retry policy is RetryUpToMaximumCountWithFixedSleep(maxRetries=15, sleepTime=1000 MILLISECONDS)
2022-09-03 01:14:18,904 [EndpointStateMachine task thread for /127.0.0.1:41659 - 0 ] INFO  ipc.Client (Client.java:handleConnectionFailure(977)) - Retrying connect to server: localhost/127.0.0.1:41659. Already tried 0 time(s); retry policy is RetryUpToMaximumCountWithFixedSleep(maxRetries=15, sleepTime=1000 MILLISECONDS)
2022-09-03 01:14:18,904 [EndpointStateMachine task thread for /127.0.0.1:36917 - 0 ] INFO  ipc.Client (Client.java:handleConnectionFailure(977)) - Retrying connect to server: localhost/127.0.0.1:36917. Already tried 0 time(s); retry policy is RetryUpToMaximumCountWithFixedSleep(maxRetries=15, sleepTime=1000 MILLISECONDS)
2022-09-03 01:14:19,575 [EndpointStateMachine task thread for /127.0.0.1:44975 - 0 ] INFO  ipc.Client (Client.java:handleConnectionFailure(977)) - Retrying connect to server: localhost/127.0.0.1:44975. Already tried 1 time(s); retry policy is RetryUpToMaximumCountWithFixedSleep(maxRetries=15, sleepTime=1000 MILLISECONDS)
2022-09-03 01:14:19,904 [EndpointStateMachine task thread for /127.0.0.1:41659 - 0 ] INFO  ipc.Client (Client.java:handleConnectionFailure(977)) - Retrying connect to server: localhost/127.0.0.1:41659. Already tried 1 time(s); retry policy is RetryUpToMaximumCountWithFixedSleep(maxRetries=15, sleepTime=1000 MILLISECONDS)
2022-09-03 01:14:19,905 [EndpointStateMachine task thread for /127.0.0.1:36917 - 0 ] INFO  ipc.Client (Client.java:handleConnectionFailure(977)) - Retrying connect to server: localhost/127.0.0.1:36917. Already tried 1 time(s); retry policy is RetryUpToMaximumCountWithFixedSleep(maxRetries=15, sleepTime=1000 MILLISECONDS)
2022-09-03 01:14:20,576 [EndpointStateMachine task thread for /127.0.0.1:44975 - 0 ] INFO  ipc.Client (Client.java:handleConnectionFailure(977)) - Retrying connect to server: localhost/127.0.0.1:44975. Already tried 2 time(s); retry policy is RetryUpToMaximumCountWithFixedSleep(maxRetries=15, sleepTime=1000 MILLISECONDS)
2022-09-03 01:14:20,905 [EndpointStateMachine task thread for /127.0.0.1:41659 - 0 ] INFO  ipc.Client (Client.java:handleConnectionFailure(977)) - Retrying connect to server: localhost/127.0.0.1:41659. Already tried 2 time(s); retry policy is RetryUpToMaximumCountWithFixedSleep(maxRetries=15, sleepTime=1000 MILLISECONDS)
2022-09-03 01:14:20,905 [EndpointStateMachine task thread for /127.0.0.1:36917 - 0 ] INFO  ipc.Client (Client.java:handleConnectionFailure(977)) - Retrying connect to server: localhost/127.0.0.1:36917. Already tried 2 time(s); retry policy is RetryUpToMaximumCountWithFixedSleep(maxRetries=15, sleepTime=1000 MILLISECONDS)
2022-09-03 01:14:21,577 [EndpointStateMachine task thread for /127.0.0.1:44975 - 0 ] INFO  ipc.Client (Client.java:handleConnectionFailure(977)) - Retrying connect to server: localhost/127.0.0.1:44975. Already tried 3 time(s); retry policy is RetryUpToMaximumCountWithFixedSleep(maxRetries=15, sleepTime=1000 MILLISECONDS)
2022-09-03 01:14:21,906 [EndpointStateMachine task thread for /127.0.0.1:41659 - 0 ] INFO  ipc.Client (Client.java:handleConnectionFailure(977)) - Retrying connect to server: localhost/127.0.0.1:41659. Already tried 3 time(s); retry policy is RetryUpToMaximumCountWithFixedSleep(maxRetries=15, sleepTime=1000 MILLISECONDS)
2022-09-03 01:14:21,906 [EndpointStateMachine task thread for /127.0.0.1:36917 - 0 ] INFO  ipc.Client (Client.java:handleConnectionFailure(977)) - Retrying connect to server: localhost/127.0.0.1:36917. Already tried 3 time(s); retry policy is RetryUpToMaximumCountWithFixedSleep(maxRetries=15, sleepTime=1000 MILLISECONDS)
2022-09-03 01:14:22,578 [EndpointStateMachine task thread for /127.0.0.1:44975 - 0 ] INFO  ipc.Client (Client.java:handleConnectionFailure(977)) - Retrying connect to server: localhost/127.0.0.1:44975. Already tried 4 time(s); retry policy is RetryUpToMaximumCountWithFixedSleep(maxRetries=15, sleepTime=1000 MILLISECONDS)
2022-09-03 01:14:22,907 [EndpointStateMachine task thread for /127.0.0.1:36917 - 0 ] INFO  ipc.Client (Client.java:handleConnectionFailure(977)) - Retrying connect to server: localhost/127.0.0.1:36917. Already tried 4 time(s); retry policy is RetryUpToMaximumCountWithFixedSleep(maxRetries=15, sleepTime=1000 MILLISECONDS)
2022-09-03 01:14:22,916 [EndpointStateMachine task thread for /127.0.0.1:41659 - 0 ] INFO  ipc.Client (Client.java:handleConnectionFailure(977)) - Retrying connect to server: localhost/127.0.0.1:41659. Already tried 4 time(s); retry policy is RetryUpToMaximumCountWithFixedSleep(maxRetries=15, sleepTime=1000 MILLISECONDS)
2022-09-03 01:14:23,578 [EndpointStateMachine task thread for /127.0.0.1:44975 - 0 ] INFO  ipc.Client (Client.java:handleConnectionFailure(977)) - Retrying connect to server: localhost/127.0.0.1:44975. Already tried 5 time(s); retry policy is RetryUpToMaximumCountWithFixedSleep(maxRetries=15, sleepTime=1000 MILLISECONDS)
2022-09-03 01:14:23,913 [EndpointStateMachine task thread for /127.0.0.1:36917 - 0 ] INFO  ipc.Client (Client.java:handleConnectionFailure(977)) - Retrying connect to server: localhost/127.0.0.1:36917. Already tried 5 time(s); retry policy is RetryUpToMaximumCountWithFixedSleep(maxRetries=15, sleepTime=1000 MILLISECONDS)
2022-09-03 01:14:23,921 [EndpointStateMachine task thread for /127.0.0.1:41659 - 0 ] INFO  ipc.Client (Client.java:handleConnectionFailure(977)) - Retrying connect to server: localhost/127.0.0.1:41659. Already tried 5 time(s); retry policy is RetryUpToMaximumCountWithFixedSleep(maxRetries=15, sleepTime=1000 MILLISECONDS)
2022-09-03 01:14:24,579 [EndpointStateMachine task thread for /127.0.0.1:44975 - 0 ] INFO  ipc.Client (Client.java:handleConnectionFailure(977)) - Retrying connect to server: localhost/127.0.0.1:44975. Already tried 6 time(s); retry policy is RetryUpToMaximumCountWithFixedSleep(maxRetries=15, sleepTime=1000 MILLISECONDS)
2022-09-03 01:14:24,704 [Listener at 127.0.0.1/44253] INFO  ozone.MiniOzoneClusterImpl (MiniOzoneClusterImpl.java:shutdown(448)) - Shutting down the Mini Ozone Cluster
2022-09-03 01:14:24,707 [Listener at 127.0.0.1/44253] INFO  ozone.MiniOzoneHAClusterImpl (MiniOzoneHAClusterImpl.java:stop(312)) - Stopping the OzoneManager omNode-3
2022-09-03 01:14:24,707 [Listener at 127.0.0.1/44253] INFO  om.OzoneManager (OzoneManager.java:stop(2027)) - omNode-3[localhost:44253]: Stopping Ozone Manager
2022-09-03 01:14:24,707 [Listener at 127.0.0.1/44253] INFO  ozone.MiniOzoneHAClusterImpl (MiniOzoneHAClusterImpl.java:stop(312)) - Stopping the OzoneManager omNode-1
2022-09-03 01:14:24,707 [Listener at 127.0.0.1/44253] INFO  om.OzoneManager (OzoneManager.java:stop(2027)) - omNode-1[localhost:39677]: Stopping Ozone Manager
2022-09-03 01:14:24,707 [Listener at 127.0.0.1/44253] INFO  ozone.MiniOzoneHAClusterImpl (MiniOzoneHAClusterImpl.java:stop(312)) - Stopping the OzoneManager omNode-2
2022-09-03 01:14:24,707 [Listener at 127.0.0.1/44253] INFO  om.OzoneManager (OzoneManager.java:stop(2027)) - omNode-2[localhost:45463]: Stopping Ozone Manager
2022-09-03 01:14:24,707 [Listener at 127.0.0.1/44253] INFO  ozone.MiniOzoneHAClusterImpl (MiniOzoneHAClusterImpl.java:stop(320)) - Stopping the StorageContainerManager de25ddac-3a80-4ed5-b6af-85fc97dbd7a2
2022-09-03 01:14:24,707 [Listener at 127.0.0.1/44253] INFO  server.StorageContainerManager (StorageContainerManager.java:stop(1558)) - Container Balancer is not running.
2022-09-03 01:14:24,707 [Listener at 127.0.0.1/44253] INFO  server.StorageContainerManager (StorageContainerManager.java:stop(1565)) - Stopping Replication Manager Service.
2022-09-03 01:14:24,707 [Listener at 127.0.0.1/44253] INFO  replication.ReplicationManager (ReplicationManager.java:stop(247)) - Replication Monitor Thread is not running.
2022-09-03 01:14:24,707 [Listener at 127.0.0.1/44253] INFO  server.StorageContainerManager (StorageContainerManager.java:stop(1572)) - Stopping the Datanode Admin Monitor.
2022-09-03 01:14:24,707 [Listener at 127.0.0.1/44253] INFO  server.StorageContainerManager (StorageContainerManager.java:stop(1579)) - Stopping Lease Manager of the command watchers
2022-09-03 01:14:24,707 [Listener at 127.0.0.1/44253] ERROR server.StorageContainerManager (StorageContainerManager.java:stop(1582)) - Lease Manager of the command watchers stop failed
2022-09-03 01:14:24,707 [Listener at 127.0.0.1/44253] INFO  server.StorageContainerManager (StorageContainerManager.java:stop(1586)) - Stopping datanode service RPC server
2022-09-03 01:14:24,707 [Listener at 127.0.0.1/44253] INFO  server.SCMDatanodeProtocolServer (SCMDatanodeProtocolServer.java:stop(414)) - Stopping the RPC server for DataNodes
2022-09-03 01:14:24,707 [Listener at 127.0.0.1/44253] INFO  ipc.Server (Server.java:stop(3414)) - Stopping server on 44975
2022-09-03 01:14:24,707 [Listener at 127.0.0.1/44253] INFO  server.StorageContainerManager (StorageContainerManager.java:stop(1594)) - Stopping block service RPC server
2022-09-03 01:14:24,707 [Listener at 127.0.0.1/44253] INFO  server.SCMBlockProtocolServer (SCMBlockProtocolServer.java:stop(161)) - Stopping the RPC server for Block Protocol
2022-09-03 01:14:24,708 [Listener at 127.0.0.1/44253] INFO  ipc.Server (Server.java:stop(3414)) - Stopping server on 40787
2022-09-03 01:14:24,708 [Listener at 127.0.0.1/44253] INFO  server.StorageContainerManager (StorageContainerManager.java:stop(1601)) - Stopping the StorageContainerLocationProtocol RPC server
2022-09-03 01:14:24,708 [Listener at 127.0.0.1/44253] INFO  server.SCMClientProtocolServer (SCMClientProtocolServer.java:stop(179)) - Stopping the RPC server for Client Protocol
2022-09-03 01:14:24,708 [Listener at 127.0.0.1/44253] INFO  ipc.Server (Server.java:stop(3414)) - Stopping server on 39387
2022-09-03 01:14:24,708 [Listener at 127.0.0.1/44253] INFO  server.StorageContainerManager (StorageContainerManager.java:stop(1608)) - Stopping Storage Container Manager HTTP server.
2022-09-03 01:14:24,708 [Listener at 127.0.0.1/44253] INFO  server.StorageContainerManager (StorageContainerManager.java:stop(1614)) - Stopping SCM LayoutVersionManager Service.
2022-09-03 01:14:24,708 [Listener at 127.0.0.1/44253] INFO  server.StorageContainerManager (StorageContainerManager.java:stop(1622)) - Stopping Block Manager Service.
2022-09-03 01:14:24,708 [Listener at 127.0.0.1/44253] INFO  utils.BackgroundService (BackgroundService.java:shutdown(141)) - Shutting down service SCMBlockDeletingService
2022-09-03 01:14:24,708 [Listener at 127.0.0.1/44253] INFO  utils.BackgroundService (BackgroundService.java:shutdown(141)) - Shutting down service SCMBlockDeletingService
2022-09-03 01:14:24,708 [Listener at 127.0.0.1/44253] INFO  server.StorageContainerManager (StorageContainerManager.java:stop(1649)) - Stopping SCM Event Queue.
2022-09-03 01:14:24,708 [Listener at 127.0.0.1/44253] INFO  server.StorageContainerManager (StorageContainerManager.java:stop(1660)) - Stopping SCM HA services.
2022-09-03 01:14:24,708 [Listener at 127.0.0.1/44253] INFO  ha.SCMRatisServerImpl (SCMRatisServerImpl.java:stop(237)) - stopping ratis server 0.0.0.0:33767
2022-09-03 01:14:24,708 [Listener at 127.0.0.1/44253] WARN  pipeline.BackgroundPipelineCreator (BackgroundPipelineCreator.java:stop(145)) - RatisPipelineUtilsThread is not running, just ignore.
2022-09-03 01:14:24,709 [Listener at 127.0.0.1/44253] INFO  BackgroundPipelineScrubber (BackgroundSCMService.java:stop(126)) - BackgroundPipelineScrubber Service is not running, skip stop.
2022-09-03 01:14:24,709 [Listener at 127.0.0.1/44253] INFO  server.StorageContainerManager (StorageContainerManager.java:stop(1670)) - Stopping SCM MetadataStore.
2022-09-03 01:14:24,709 [Listener at 127.0.0.1/44253] INFO  impl.MetricsSystemImpl (MetricsSystemImpl.java:stop(205)) - HddsDatanode metrics system stopped (again)
2022-09-03 01:14:24,709 [Listener at 127.0.0.1/44253] INFO  ozone.MiniOzoneHAClusterImpl (MiniOzoneHAClusterImpl.java:stop(320)) - Stopping the StorageContainerManager 10e1d7e9-dd38-4db2-b0dc-1e40cbd54060
2022-09-03 01:14:24,709 [Listener at 127.0.0.1/44253] INFO  server.StorageContainerManager (StorageContainerManager.java:stop(1558)) - Container Balancer is not running.
2022-09-03 01:14:24,709 [Listener at 127.0.0.1/44253] INFO  server.StorageContainerManager (StorageContainerManager.java:stop(1565)) - Stopping Replication Manager Service.
2022-09-03 01:14:24,709 [Listener at 127.0.0.1/44253] INFO  replication.ReplicationManager (ReplicationManager.java:stop(247)) - Replication Monitor Thread is not running.
2022-09-03 01:14:24,709 [Listener at 127.0.0.1/44253] INFO  server.StorageContainerManager (StorageContainerManager.java:stop(1572)) - Stopping the Datanode Admin Monitor.
2022-09-03 01:14:24,709 [Listener at 127.0.0.1/44253] INFO  server.StorageContainerManager (StorageContainerManager.java:stop(1579)) - Stopping Lease Manager of the command watchers
2022-09-03 01:14:24,709 [Listener at 127.0.0.1/44253] ERROR server.StorageContainerManager (StorageContainerManager.java:stop(1582)) - Lease Manager of the command watchers stop failed
2022-09-03 01:14:24,709 [Listener at 127.0.0.1/44253] INFO  server.StorageContainerManager (StorageContainerManager.java:stop(1586)) - Stopping datanode service RPC server
2022-09-03 01:14:24,709 [Listener at 127.0.0.1/44253] INFO  server.SCMDatanodeProtocolServer (SCMDatanodeProtocolServer.java:stop(414)) - Stopping the RPC server for DataNodes
2022-09-03 01:14:24,709 [Listener at 127.0.0.1/44253] INFO  ipc.Server (Server.java:stop(3414)) - Stopping server on 41659
2022-09-03 01:14:24,709 [Listener at 127.0.0.1/44253] INFO  server.StorageContainerManager (StorageContainerManager.java:stop(1594)) - Stopping block service RPC server
2022-09-03 01:14:24,709 [Listener at 127.0.0.1/44253] INFO  server.SCMBlockProtocolServer (SCMBlockProtocolServer.java:stop(161)) - Stopping the RPC server for Block Protocol
2022-09-03 01:14:24,709 [Listener at 127.0.0.1/44253] INFO  ipc.Server (Server.java:stop(3414)) - Stopping server on 34479
2022-09-03 01:14:24,709 [Listener at 127.0.0.1/44253] INFO  server.StorageContainerManager (StorageContainerManager.java:stop(1601)) - Stopping the StorageContainerLocationProtocol RPC server
2022-09-03 01:14:24,709 [Listener at 127.0.0.1/44253] INFO  server.SCMClientProtocolServer (SCMClientProtocolServer.java:stop(179)) - Stopping the RPC server for Client Protocol
2022-09-03 01:14:24,710 [Listener at 127.0.0.1/44253] INFO  ipc.Server (Server.java:stop(3414)) - Stopping server on 37213
2022-09-03 01:14:24,710 [Listener at 127.0.0.1/44253] INFO  server.StorageContainerManager (StorageContainerManager.java:stop(1608)) - Stopping Storage Container Manager HTTP server.
2022-09-03 01:14:24,710 [Listener at 127.0.0.1/44253] INFO  server.StorageContainerManager (StorageContainerManager.java:stop(1614)) - Stopping SCM LayoutVersionManager Service.
2022-09-03 01:14:24,710 [Listener at 127.0.0.1/44253] INFO  server.StorageContainerManager (StorageContainerManager.java:stop(1622)) - Stopping Block Manager Service.
2022-09-03 01:14:24,710 [Listener at 127.0.0.1/44253] INFO  utils.BackgroundService (BackgroundService.java:shutdown(141)) - Shutting down service SCMBlockDeletingService
2022-09-03 01:14:24,710 [Listener at 127.0.0.1/44253] INFO  utils.BackgroundService (BackgroundService.java:shutdown(141)) - Shutting down service SCMBlockDeletingService
2022-09-03 01:14:24,710 [Listener at 127.0.0.1/44253] INFO  server.StorageContainerManager (StorageContainerManager.java:stop(1649)) - Stopping SCM Event Queue.
2022-09-03 01:14:24,710 [Listener at 127.0.0.1/44253] INFO  server.StorageContainerManager (StorageContainerManager.java:stop(1660)) - Stopping SCM HA services.
2022-09-03 01:14:24,710 [Listener at 127.0.0.1/44253] INFO  ha.SCMRatisServerImpl (SCMRatisServerImpl.java:stop(237)) - stopping ratis server 0.0.0.0:42923
2022-09-03 01:14:24,710 [Listener at 127.0.0.1/44253] WARN  pipeline.BackgroundPipelineCreator (BackgroundPipelineCreator.java:stop(145)) - RatisPipelineUtilsThread is not running, just ignore.
2022-09-03 01:14:24,710 [Listener at 127.0.0.1/44253] INFO  BackgroundPipelineScrubber (BackgroundSCMService.java:stop(126)) - BackgroundPipelineScrubber Service is not running, skip stop.
2022-09-03 01:14:24,710 [Listener at 127.0.0.1/44253] INFO  server.StorageContainerManager (StorageContainerManager.java:stop(1670)) - Stopping SCM MetadataStore.
2022-09-03 01:14:24,710 [Listener at 127.0.0.1/44253] INFO  impl.MetricsSystemImpl (MetricsSystemImpl.java:stop(205)) - HddsDatanode metrics system stopped (again)
2022-09-03 01:14:24,710 [Listener at 127.0.0.1/44253] INFO  ozone.MiniOzoneHAClusterImpl (MiniOzoneHAClusterImpl.java:stop(320)) - Stopping the StorageContainerManager 5abf6683-c399-417c-b48d-34ddeee7dd89
2022-09-03 01:14:24,710 [Listener at 127.0.0.1/44253] INFO  server.StorageContainerManager (StorageContainerManager.java:stop(1558)) - Container Balancer is not running.
2022-09-03 01:14:24,711 [Listener at 127.0.0.1/44253] INFO  server.StorageContainerManager (StorageContainerManager.java:stop(1565)) - Stopping Replication Manager Service.
2022-09-03 01:14:24,711 [Listener at 127.0.0.1/44253] INFO  replication.ReplicationManager (ReplicationManager.java:stop(247)) - Replication Monitor Thread is not running.
2022-09-03 01:14:24,711 [Listener at 127.0.0.1/44253] INFO  server.StorageContainerManager (StorageContainerManager.java:stop(1572)) - Stopping the Datanode Admin Monitor.
2022-09-03 01:14:24,711 [Listener at 127.0.0.1/44253] INFO  server.StorageContainerManager (StorageContainerManager.java:stop(1579)) - Stopping Lease Manager of the command watchers
2022-09-03 01:14:24,711 [Listener at 127.0.0.1/44253] ERROR server.StorageContainerManager (StorageContainerManager.java:stop(1582)) - Lease Manager of the command watchers stop failed
2022-09-03 01:14:24,711 [Listener at 127.0.0.1/44253] INFO  server.StorageContainerManager (StorageContainerManager.java:stop(1586)) - Stopping datanode service RPC server
2022-09-03 01:14:24,711 [Listener at 127.0.0.1/44253] INFO  server.SCMDatanodeProtocolServer (SCMDatanodeProtocolServer.java:stop(414)) - Stopping the RPC server for DataNodes
2022-09-03 01:14:24,711 [Listener at 127.0.0.1/44253] INFO  ipc.Server (Server.java:stop(3414)) - Stopping server on 36917
2022-09-03 01:14:24,711 [Listener at 127.0.0.1/44253] INFO  server.StorageContainerManager (StorageContainerManager.java:stop(1594)) - Stopping block service RPC server
2022-09-03 01:14:24,711 [Listener at 127.0.0.1/44253] INFO  server.SCMBlockProtocolServer (SCMBlockProtocolServer.java:stop(161)) - Stopping the RPC server for Block Protocol
2022-09-03 01:14:24,711 [Listener at 127.0.0.1/44253] INFO  ipc.Server (Server.java:stop(3414)) - Stopping server on 41665
2022-09-03 01:14:24,711 [Listener at 127.0.0.1/44253] INFO  server.StorageContainerManager (StorageContainerManager.java:stop(1601)) - Stopping the StorageContainerLocationProtocol RPC server
2022-09-03 01:14:24,711 [Listener at 127.0.0.1/44253] INFO  server.SCMClientProtocolServer (SCMClientProtocolServer.java:stop(179)) - Stopping the RPC server for Client Protocol
2022-09-03 01:14:24,711 [Listener at 127.0.0.1/44253] INFO  ipc.Server (Server.java:stop(3414)) - Stopping server on 35673
2022-09-03 01:14:24,711 [Listener at 127.0.0.1/44253] INFO  server.StorageContainerManager (StorageContainerManager.java:stop(1608)) - Stopping Storage Container Manager HTTP server.
2022-09-03 01:14:24,711 [Listener at 127.0.0.1/44253] INFO  server.StorageContainerManager (StorageContainerManager.java:stop(1614)) - Stopping SCM LayoutVersionManager Service.
2022-09-03 01:14:24,711 [Listener at 127.0.0.1/44253] INFO  server.StorageContainerManager (StorageContainerManager.java:stop(1622)) - Stopping Block Manager Service.
2022-09-03 01:14:24,711 [Listener at 127.0.0.1/44253] INFO  utils.BackgroundService (BackgroundService.java:shutdown(141)) - Shutting down service SCMBlockDeletingService
2022-09-03 01:14:24,711 [Listener at 127.0.0.1/44253] INFO  utils.BackgroundService (BackgroundService.java:shutdown(141)) - Shutting down service SCMBlockDeletingService
2022-09-03 01:14:24,712 [Listener at 127.0.0.1/44253] INFO  server.StorageContainerManager (StorageContainerManager.java:stop(1649)) - Stopping SCM Event Queue.
2022-09-03 01:14:24,712 [Listener at 127.0.0.1/44253] INFO  server.StorageContainerManager (StorageContainerManager.java:stop(1660)) - Stopping SCM HA services.
2022-09-03 01:14:24,712 [Listener at 127.0.0.1/44253] INFO  ha.SCMRatisServerImpl (SCMRatisServerImpl.java:stop(237)) - stopping ratis server 0.0.0.0:37097
2022-09-03 01:14:24,712 [Listener at 127.0.0.1/44253] WARN  pipeline.BackgroundPipelineCreator (BackgroundPipelineCreator.java:stop(145)) - RatisPipelineUtilsThread is not running, just ignore.
2022-09-03 01:14:24,712 [Listener at 127.0.0.1/44253] INFO  BackgroundPipelineScrubber (BackgroundSCMService.java:stop(126)) - BackgroundPipelineScrubber Service is not running, skip stop.
2022-09-03 01:14:24,712 [Listener at 127.0.0.1/44253] INFO  server.StorageContainerManager (StorageContainerManager.java:stop(1670)) - Stopping SCM MetadataStore.
2022-09-03 01:14:24,724 [Listener at 127.0.0.1/44253] INFO  impl.MetricsSystemImpl (MetricsSystemImpl.java:stop(205)) - HddsDatanode metrics system stopped (again)
2022-09-03 01:14:24,724 [Listener at 127.0.0.1/44253] INFO  ozone.MiniOzoneClusterImpl (MiniOzoneClusterImpl.java:stop(463)) - Stopping the Mini Ozone Cluster
2022-09-03 01:14:24,724 [Listener at 127.0.0.1/44253] INFO  ozone.MiniOzoneClusterImpl (MiniOzoneClusterImpl.java:stopDatanodes(522)) - Stopping the HddsDatanodes
]]></system-out>
  </testcase>
</testsuite>