<?xml version="1.0" encoding="UTF-8"?>
<testsuite xmlns:xsi="http://www.w3.org/2001/XMLSchema-instance" xsi:noNamespaceSchemaLocation="https://maven.apache.org/surefire/maven-surefire-plugin/xsd/surefire-test-report-3.0.xsd" version="3.0" name="org.apache.hadoop.ozone.parser.TestOzoneHARatisLogParser" time="79.009" tests="1" errors="1" skipped="0" failures="0">
  <properties>
    <property name="awt.toolkit" value="sun.awt.X11.XToolkit"/>
    <property name="file.encoding.pkg" value="sun.io"/>
    <property name="java.specification.version" value="1.8"/>
    <property name="sun.cpu.isalist" value=""/>
    <property name="sun.jnu.encoding" value="UTF-8"/>
    <property name="java.class.path" value="/home/runner/work/ozone/ozone/hadoop-ozone/integration-test/target/test-classes:/home/runner/work/ozone/ozone/hadoop-ozone/integration-test/target/classes:/home/runner/.m2/repository/org/apache/ozone/ozone-common/1.3.0-SNAPSHOT/ozone-common-1.3.0-SNAPSHOT.jar:/home/runner/.m2/repository/io/grpc/grpc-netty/1.48.1/grpc-netty-1.48.1.jar:/home/runner/.m2/repository/io/grpc/grpc-core/1.48.1/grpc-core-1.48.1.jar:/home/runner/.m2/repository/com/google/android/annotations/4.1.1.4/annotations-4.1.1.4.jar:/home/runner/.m2/repository/org/codehaus/mojo/animal-sniffer-annotations/1.21/animal-sniffer-annotations-1.21.jar:/home/runner/.m2/repository/com/google/errorprone/error_prone_annotations/2.2.0/error_prone_annotations-2.2.0.jar:/home/runner/.m2/repository/io/perfmark/perfmark-api/0.25.0/perfmark-api-0.25.0.jar:/home/runner/.m2/repository/io/netty/netty-codec-http2/4.1.79.Final/netty-codec-http2-4.1.79.Final.jar:/home/runner/.m2/repository/io/netty/netty-common/4.1.79.Final/netty-common-4.1.79.Final.jar:/home/runner/.m2/repository/io/netty/netty-buffer/4.1.79.Final/netty-buffer-4.1.79.Final.jar:/home/runner/.m2/repository/io/netty/netty-codec-http/4.1.79.Final/netty-codec-http-4.1.79.Final.jar:/home/runner/.m2/repository/io/netty/netty-handler-proxy/4.1.79.Final/netty-handler-proxy-4.1.79.Final.jar:/home/runner/.m2/repository/io/netty/netty-codec-socks/4.1.79.Final/netty-codec-socks-4.1.79.Final.jar:/home/runner/.m2/repository/io/netty/netty-tcnative-boringssl-static/2.0.53.Final/netty-tcnative-boringssl-static-2.0.53.Final.jar:/home/runner/.m2/repository/io/netty/netty-tcnative-classes/2.0.53.Final/netty-tcnative-classes-2.0.53.Final.jar:/home/runner/.m2/repository/io/netty/netty-tcnative-boringssl-static/2.0.53.Final/netty-tcnative-boringssl-static-2.0.53.Final-linux-x86_64.jar:/home/runner/.m2/repository/io/netty/netty-tcnative-boringssl-static/2.0.53.Final/netty-tcnative-boringssl-static-2.0.53.Final-linux-aarch_64.jar:/home/runner/.m2/repository/io/netty/netty-tcnative-boringssl-static/2.0.53.Final/netty-tcnative-boringssl-static-2.0.53.Final-osx-x86_64.jar:/home/runner/.m2/repository/io/netty/netty-tcnative-boringssl-static/2.0.53.Final/netty-tcnative-boringssl-static-2.0.53.Final-osx-aarch_64.jar:/home/runner/.m2/repository/io/netty/netty-tcnative-boringssl-static/2.0.53.Final/netty-tcnative-boringssl-static-2.0.53.Final-windows-x86_64.jar:/home/runner/.m2/repository/org/apache/commons/commons-compress/1.21/commons-compress-1.21.jar:/home/runner/.m2/repository/org/apache/ozone/hdds-common/1.3.0-SNAPSHOT/hdds-common-1.3.0-SNAPSHOT.jar:/home/runner/.m2/repository/org/apache/ozone/hdds-client/1.3.0-SNAPSHOT/hdds-client-1.3.0-SNAPSHOT.jar:/home/runner/.m2/repository/org/apache/ozone/ozone-interface-client/1.3.0-SNAPSHOT/ozone-interface-client-1.3.0-SNAPSHOT.jar:/home/runner/.m2/repository/org/apache/ozone/hdds-test-utils/1.3.0-SNAPSHOT/hdds-test-utils-1.3.0-SNAPSHOT.jar:/home/runner/.m2/repository/com/google/guava/guava/31.1-jre/guava-31.1-jre.jar:/home/runner/.m2/repository/com/google/guava/failureaccess/1.0.1/failureaccess-1.0.1.jar:/home/runner/.m2/repository/com/google/guava/listenablefuture/9999.0-empty-to-avoid-conflict-with-guava/listenablefuture-9999.0-empty-to-avoid-conflict-with-guava.jar:/home/runner/.m2/repository/com/google/code/findbugs/jsr305/3.0.0/jsr305-3.0.0.jar:/home/runner/.m2/repository/org/checkerframework/checker-qual/3.12.0/checker-qual-3.12.0.jar:/home/runner/.m2/repository/com/google/j2objc/j2objc-annotations/1.3/j2objc-annotations-1.3.jar:/home/runner/.m2/repository/commons-io/commons-io/2.11.0/commons-io-2.11.0.jar:/home/runner/.m2/repository/commons-logging/commons-logging/1.2/commons-logging-1.2.jar:/home/runner/.m2/repository/ch/qos/reload4j/reload4j/1.2.22/reload4j-1.2.22.jar:/home/runner/.m2/repository/org/slf4j/slf4j-api/1.7.36/slf4j-api-1.7.36.jar:/home/runner/.m2/repository/org/apache/ozone/hdds-server-scm/1.3.0-SNAPSHOT/hdds-server-scm-1.3.0-SNAPSHOT.jar:/home/runner/.m2/repository/org/apache/ozone/hdds-container-service/1.3.0-SNAPSHOT/hdds-container-service-1.3.0-SNAPSHOT.jar:/home/runner/.m2/repository/org/apache/ozone/hdds-hadoop-dependency-server/1.3.0-SNAPSHOT/hdds-hadoop-dependency-server-1.3.0-SNAPSHOT.jar:/home/runner/.m2/repository/org/apache/hadoop/hadoop-hdfs/3.3.4/hadoop-hdfs-3.3.4.jar:/home/runner/.m2/repository/org/eclipse/jetty/jetty-util-ajax/9.4.49.v20220914/jetty-util-ajax-9.4.49.v20220914.jar:/home/runner/.m2/repository/commons-daemon/commons-daemon/1.0.13/commons-daemon-1.0.13.jar:/home/runner/.m2/repository/org/apache/ozone/hdds-server-framework/1.3.0-SNAPSHOT/hdds-server-framework-1.3.0-SNAPSHOT.jar:/home/runner/.m2/repository/org/apache/ozone/hdds-interface-server/1.3.0-SNAPSHOT/hdds-interface-server-1.3.0-SNAPSHOT.jar:/home/runner/.m2/repository/org/apache/commons/commons-configuration2/2.1.1/commons-configuration2-2.1.1.jar:/home/runner/.m2/repository/org/apache/logging/log4j/log4j-core/2.17.1/log4j-core-2.17.1.jar:/home/runner/.m2/repository/com/lmax/disruptor/3.4.2/disruptor-3.4.2.jar:/home/runner/.m2/repository/org/eclipse/jetty/jetty-servlet/9.4.49.v20220914/jetty-servlet-9.4.49.v20220914.jar:/home/runner/.m2/repository/org/eclipse/jetty/jetty-security/9.4.49.v20220914/jetty-security-9.4.49.v20220914.jar:/home/runner/.m2/repository/org/rocksdb/rocksdbjni/7.7.3/rocksdbjni-7.7.3.jar:/home/runner/.m2/repository/io/prometheus/simpleclient_dropwizard/0.7.0/simpleclient_dropwizard-0.7.0.jar:/home/runner/.m2/repository/io/prometheus/simpleclient/0.7.0/simpleclient-0.7.0.jar:/home/runner/.m2/repository/io/prometheus/simpleclient_common/0.7.0/simpleclient_common-0.7.0.jar:/home/runner/.m2/repository/com/github/spotbugs/spotbugs-annotations/3.1.12/spotbugs-annotations-3.1.12.jar:/home/runner/.m2/repository/io/dropwizard/metrics/metrics-core/3.2.4/metrics-core-3.2.4.jar:/home/runner/.m2/repository/org/apache/commons/commons-text/1.4/commons-text-1.4.jar:/home/runner/.m2/repository/org/apache/hadoop/hadoop-hdfs-client/3.3.4/hadoop-hdfs-client-3.3.4.jar:/home/runner/.m2/repository/com/squareup/okhttp3/okhttp/4.9.3/okhttp-4.9.3.jar:/home/runner/.m2/repository/com/squareup/okio/okio/2.8.0/okio-2.8.0.jar:/home/runner/.m2/repository/org/jetbrains/kotlin/kotlin-stdlib-common/1.4.10/kotlin-stdlib-common-1.4.10.jar:/home/runner/.m2/repository/org/bouncycastle/bcprov-jdk15on/1.67/bcprov-jdk15on-1.67.jar:/home/runner/.m2/repository/com/google/protobuf/protobuf-java/2.5.0/protobuf-java-2.5.0.jar:/home/runner/.m2/repository/org/apache/ozone/ozone-manager/1.3.0-SNAPSHOT/ozone-manager-1.3.0-SNAPSHOT.jar:/home/runner/.m2/repository/org/aspectj/aspectjrt/1.9.7/aspectjrt-1.9.7.jar:/home/runner/.m2/repository/org/aspectj/aspectjweaver/1.9.7/aspectjweaver-1.9.7.jar:/home/runner/.m2/repository/org/apache/ozone/hdds-interface-client/1.3.0-SNAPSHOT/hdds-interface-client-1.3.0-SNAPSHOT.jar:/home/runner/.m2/repository/org/apache/hadoop/thirdparty/hadoop-shaded-protobuf_3_7/1.1.1/hadoop-shaded-protobuf_3_7-1.1.1.jar:/home/runner/.m2/repository/org/apache/ozone/ozone-interface-storage/1.3.0-SNAPSHOT/ozone-interface-storage-1.3.0-SNAPSHOT.jar:/home/runner/.m2/repository/org/reflections/reflections/0.9.11/reflections-0.9.11.jar:/home/runner/.m2/repository/com/sun/jersey/jersey-client/1.19/jersey-client-1.19.jar:/home/runner/.m2/repository/org/apache/ranger/ranger-intg/2.3.0/ranger-intg-2.3.0.jar:/home/runner/.m2/repository/org/apache/ranger/ranger-plugins-common/2.3.0/ranger-plugins-common-2.3.0.jar:/home/runner/.m2/repository/commons-lang/commons-lang/2.6/commons-lang-2.6.jar:/home/runner/.m2/repository/org/codehaus/jackson/jackson-jaxrs/1.9.13/jackson-jaxrs-1.9.13.jar:/home/runner/.m2/repository/org/apache/ranger/ranger-plugins-cred/2.3.0/ranger-plugins-cred-2.3.0.jar:/home/runner/.m2/repository/org/apache/ranger/ranger-plugins-audit/2.3.0/ranger-plugins-audit-2.3.0.jar:/home/runner/.m2/repository/org/eclipse/jetty/jetty-client/9.4.31.v20200723/jetty-client-9.4.31.v20200723.jar:/home/runner/.m2/repository/org/apache/httpcomponents/httpmime/4.5.6/httpmime-4.5.6.jar:/home/runner/.m2/repository/org/apache/httpcomponents/httpcore-nio/4.4.6/httpcore-nio-4.4.6.jar:/home/runner/.m2/repository/org/apache/httpcomponents/httpasyncclient/4.1.3/httpasyncclient-4.1.3.jar:/home/runner/.m2/repository/com/carrotsearch/hppc/0.8.0/hppc-0.8.0.jar:/home/runner/.m2/repository/org/apache/orc/orc-core/1.5.8/orc-core-1.5.8.jar:/home/runner/.m2/repository/net/java/dev/jna/jna/5.2.0/jna-5.2.0.jar:/home/runner/.m2/repository/net/java/dev/jna/jna-platform/5.2.0/jna-platform-5.2.0.jar:/home/runner/.m2/repository/com/kstruct/gethostname4j/0.0.2/gethostname4j-0.0.2.jar:/home/runner/.m2/repository/org/apache/ranger/ranger-plugin-classloader/2.3.0/ranger-plugin-classloader-2.3.0.jar:/home/runner/.m2/repository/org/apache/hadoop/hadoop-minikdc/3.3.4/hadoop-minikdc-3.3.4.jar:/home/runner/.m2/repository/org/apache/kerby/kerb-simplekdc/1.0.1/kerb-simplekdc-1.0.1.jar:/home/runner/.m2/repository/org/apache/kerby/kerb-client/1.0.1/kerb-client-1.0.1.jar:/home/runner/.m2/repository/org/apache/kerby/kerby-config/1.0.1/kerby-config-1.0.1.jar:/home/runner/.m2/repository/org/apache/kerby/kerb-common/1.0.1/kerb-common-1.0.1.jar:/home/runner/.m2/repository/org/apache/kerby/kerb-crypto/1.0.1/kerb-crypto-1.0.1.jar:/home/runner/.m2/repository/org/apache/kerby/kerb-util/1.0.1/kerb-util-1.0.1.jar:/home/runner/.m2/repository/org/apache/kerby/token-provider/1.0.1/token-provider-1.0.1.jar:/home/runner/.m2/repository/org/apache/kerby/kerb-admin/1.0.1/kerb-admin-1.0.1.jar:/home/runner/.m2/repository/org/apache/kerby/kerb-server/1.0.1/kerb-server-1.0.1.jar:/home/runner/.m2/repository/org/apache/kerby/kerb-identity/1.0.1/kerb-identity-1.0.1.jar:/home/runner/.m2/repository/org/apache/kerby/kerby-xdr/1.0.1/kerby-xdr-1.0.1.jar:/home/runner/.m2/repository/org/apache/ozone/ozone-s3gateway/1.3.0-SNAPSHOT/ozone-s3gateway-1.3.0-SNAPSHOT.jar:/home/runner/.m2/repository/org/javassist/javassist/3.21.0-GA/javassist-3.21.0-GA.jar:/home/runner/.m2/repository/org/jboss/weld/servlet/weld-servlet/2.4.7.Final/weld-servlet-2.4.7.Final.jar:/home/runner/.m2/repository/org/glassfish/jersey/containers/jersey-container-servlet-core/2.34/jersey-container-servlet-core-2.34.jar:/home/runner/.m2/repository/org/glassfish/hk2/external/jakarta.inject/2.6.1/jakarta.inject-2.6.1.jar:/home/runner/.m2/repository/org/glassfish/jersey/core/jersey-common/2.34/jersey-common-2.34.jar:/home/runner/.m2/repository/jakarta/ws/rs/jakarta.ws.rs-api/2.1.6/jakarta.ws.rs-api-2.1.6.jar:/home/runner/.m2/repository/org/glassfish/jersey/ext/cdi/jersey-cdi1x/2.34/jersey-cdi1x-2.34.jar:/home/runner/.m2/repository/org/glassfish/jersey/inject/jersey-hk2/2.34/jersey-hk2-2.34.jar:/home/runner/.m2/repository/org/glassfish/hk2/hk2-locator/2.6.1/hk2-locator-2.6.1.jar:/home/runner/.m2/repository/org/glassfish/jersey/media/jersey-media-jaxb/2.34/jersey-media-jaxb-2.34.jar:/home/runner/.m2/repository/org/glassfish/hk2/osgi-resource-locator/1.0.3/osgi-resource-locator-1.0.3.jar:/home/runner/.m2/repository/org/glassfish/hk2/hk2-api/2.5.0/hk2-api-2.5.0.jar:/home/runner/.m2/repository/org/glassfish/hk2/hk2-utils/2.5.0/hk2-utils-2.5.0.jar:/home/runner/.m2/repository/org/glassfish/hk2/external/aopalliance-repackaged/2.5.0/aopalliance-repackaged-2.5.0.jar:/home/runner/.m2/repository/com/fasterxml/jackson/dataformat/jackson-dataformat-xml/2.13.4/jackson-dataformat-xml-2.13.4.jar:/home/runner/.m2/repository/com/fasterxml/jackson/core/jackson-core/2.13.4/jackson-core-2.13.4.jar:/home/runner/.m2/repository/org/codehaus/woodstox/stax2-api/3.1.4/stax2-api-3.1.4.jar:/home/runner/.m2/repository/com/fasterxml/woodstox/woodstox-core/5.4.0/woodstox-core-5.4.0.jar:/home/runner/.m2/repository/com/fasterxml/jackson/module/jackson-module-jaxb-annotations/2.13.4/jackson-module-jaxb-annotations-2.13.4.jar:/home/runner/.m2/repository/jakarta/xml/bind/jakarta.xml.bind-api/2.3.3/jakarta.xml.bind-api-2.3.3.jar:/home/runner/.m2/repository/jakarta/activation/jakarta.activation-api/1.2.1/jakarta.activation-api-1.2.1.jar:/home/runner/.m2/repository/javax/enterprise/cdi-api/1.2/cdi-api-1.2.jar:/home/runner/.m2/repository/javax/el/javax.el-api/3.0.0/javax.el-api-3.0.0.jar:/home/runner/.m2/repository/javax/interceptor/javax.interceptor-api/1.2/javax.interceptor-api-1.2.jar:/home/runner/.m2/repository/javax/inject/javax.inject/1/javax.inject-1.jar:/home/runner/.m2/repository/javax/xml/bind/jaxb-api/2.3.0/jaxb-api-2.3.0.jar:/home/runner/.m2/repository/org/glassfish/jaxb/jaxb-runtime/2.3.0.1/jaxb-runtime-2.3.0.1.jar:/home/runner/.m2/repository/org/glassfish/jaxb/jaxb-core/2.3.0.1/jaxb-core-2.3.0.1.jar:/home/runner/.m2/repository/org/glassfish/jaxb/txw2/2.3.0.1/txw2-2.3.0.1.jar:/home/runner/.m2/repository/com/sun/istack/istack-commons-runtime/3.0.5/istack-commons-runtime-3.0.5.jar:/home/runner/.m2/repository/org/jvnet/staxex/stax-ex/1.7.8/stax-ex-1.7.8.jar:/home/runner/.m2/repository/com/sun/xml/fastinfoset/FastInfoset/1.2.13/FastInfoset-1.2.13.jar:/home/runner/.m2/repository/javax/activation/activation/1.1.1/activation-1.1.1.jar:/home/runner/.m2/repository/io/grpc/grpc-protobuf/1.48.1/grpc-protobuf-1.48.1.jar:/home/runner/.m2/repository/io/grpc/grpc-api/1.48.1/grpc-api-1.48.1.jar:/home/runner/.m2/repository/io/grpc/grpc-context/1.48.1/grpc-context-1.48.1.jar:/home/runner/.m2/repository/com/google/api/grpc/proto-google-common-protos/2.9.0/proto-google-common-protos-2.9.0.jar:/home/runner/.m2/repository/io/grpc/grpc-protobuf-lite/1.48.1/grpc-protobuf-lite-1.48.1.jar:/home/runner/.m2/repository/io/grpc/grpc-stub/1.48.1/grpc-stub-1.48.1.jar:/home/runner/.m2/repository/io/netty/netty-transport/4.1.79.Final/netty-transport-4.1.79.Final.jar:/home/runner/.m2/repository/io/netty/netty-resolver/4.1.79.Final/netty-resolver-4.1.79.Final.jar:/home/runner/.m2/repository/org/apache/ozone/ozone-csi/1.3.0-SNAPSHOT/ozone-csi-1.3.0-SNAPSHOT.jar:/home/runner/.m2/repository/com/google/protobuf/protobuf-java-util/3.19.2/protobuf-java-util-3.19.2.jar:/home/runner/.m2/repository/com/google/code/gson/gson/2.9.0/gson-2.9.0.jar:/home/runner/.m2/repository/org/apache/ozone/hdds-config/1.3.0-SNAPSHOT/hdds-config-1.3.0-SNAPSHOT.jar:/home/runner/.m2/repository/io/netty/netty-transport-native-epoll/4.1.79.Final/netty-transport-native-epoll-4.1.79.Final-linux-x86_64.jar:/home/runner/.m2/repository/io/netty/netty-transport-classes-epoll/4.1.79.Final/netty-transport-classes-epoll-4.1.79.Final.jar:/home/runner/.m2/repository/io/netty/netty-transport-native-unix-common/4.1.79.Final/netty-transport-native-unix-common-4.1.79.Final.jar:/home/runner/.m2/repository/org/slf4j/slf4j-reload4j/1.7.36/slf4j-reload4j-1.7.36.jar:/home/runner/.m2/repository/org/apache/ozone/ozone-recon/1.3.0-SNAPSHOT/ozone-recon-1.3.0-SNAPSHOT.jar:/home/runner/.m2/repository/org/apache/ozone/ozone-reconcodegen/1.3.0-SNAPSHOT/ozone-reconcodegen-1.3.0-SNAPSHOT.jar:/home/runner/.m2/repository/com/google/inject/extensions/guice-multibindings/4.0/guice-multibindings-4.0.jar:/home/runner/.m2/repository/com/google/inject/guice/4.0/guice-4.0.jar:/home/runner/.m2/repository/aopalliance/aopalliance/1.0/aopalliance-1.0.jar:/home/runner/.m2/repository/com/google/inject/extensions/guice-assistedinject/4.0/guice-assistedinject-4.0.jar:/home/runner/.m2/repository/com/google/inject/extensions/guice-servlet/4.0/guice-servlet-4.0.jar:/home/runner/.m2/repository/org/glassfish/jersey/containers/jersey-container-servlet/2.34/jersey-container-servlet-2.34.jar:/home/runner/.m2/repository/org/glassfish/hk2/guice-bridge/2.5.0/guice-bridge-2.5.0.jar:/home/runner/.m2/repository/org/glassfish/jersey/core/jersey-server/2.34/jersey-server-2.34.jar:/home/runner/.m2/repository/org/glassfish/jersey/core/jersey-client/2.34/jersey-client-2.34.jar:/home/runner/.m2/repository/jakarta/annotation/jakarta.annotation-api/1.3.5/jakarta.annotation-api-1.3.5.jar:/home/runner/.m2/repository/jakarta/validation/jakarta.validation-api/2.0.2/jakarta.validation-api-2.0.2.jar:/home/runner/.m2/repository/org/glassfish/jersey/media/jersey-media-json-jackson/2.34/jersey-media-json-jackson-2.34.jar:/home/runner/.m2/repository/org/glassfish/jersey/ext/jersey-entity-filtering/2.34/jersey-entity-filtering-2.34.jar:/home/runner/.m2/repository/org/jooq/jooq/3.11.10/jooq-3.11.10.jar:/home/runner/.m2/repository/org/jooq/jooq-meta/3.11.10/jooq-meta-3.11.10.jar:/home/runner/.m2/repository/org/jooq/jooq-codegen/3.11.10/jooq-codegen-3.11.10.jar:/home/runner/.m2/repository/com/jolbox/bonecp/0.8.0.RELEASE/bonecp-0.8.0.RELEASE.jar:/home/runner/.m2/repository/org/apache/derby/derby/10.14.2.0/derby-10.14.2.0.jar:/home/runner/.m2/repository/org/xerial/sqlite-jdbc/3.25.2/sqlite-jdbc-3.25.2.jar:/home/runner/.m2/repository/org/springframework/spring-jdbc/5.3.23/spring-jdbc-5.3.23.jar:/home/runner/.m2/repository/org/springframework/spring-beans/5.3.23/spring-beans-5.3.23.jar:/home/runner/.m2/repository/org/springframework/spring-core/5.3.23/spring-core-5.3.23.jar:/home/runner/.m2/repository/org/springframework/spring-jcl/5.3.23/spring-jcl-5.3.23.jar:/home/runner/.m2/repository/org/springframework/spring-tx/5.3.23/spring-tx-5.3.23.jar:/home/runner/.m2/repository/org/apache/ozone/ozone-client/1.3.0-SNAPSHOT/ozone-client-1.3.0-SNAPSHOT.jar:/home/runner/.m2/repository/org/apache/ozone/hdds-erasurecode/1.3.0-SNAPSHOT/hdds-erasurecode-1.3.0-SNAPSHOT.jar:/home/runner/.m2/repository/org/apache/ozone/ozone-filesystem/1.3.0-SNAPSHOT/ozone-filesystem-1.3.0-SNAPSHOT.jar:/home/runner/.m2/repository/org/apache/ozone/ozone-filesystem-common/1.3.0-SNAPSHOT/ozone-filesystem-common-1.3.0-SNAPSHOT.jar:/home/runner/.m2/repository/org/apache/ozone/ozone-tools/1.3.0-SNAPSHOT/ozone-tools-1.3.0-SNAPSHOT.jar:/home/runner/.m2/repository/org/apache/ratis/ratis-tools/2.4.0/ratis-tools-2.4.0.jar:/home/runner/.m2/repository/com/amazonaws/aws-java-sdk-core/1.12.261/aws-java-sdk-core-1.12.261.jar:/home/runner/.m2/repository/org/apache/httpcomponents/httpclient/4.5.13/httpclient-4.5.13.jar:/home/runner/.m2/repository/org/apache/httpcomponents/httpcore/4.4.13/httpcore-4.4.13.jar:/home/runner/.m2/repository/software/amazon/ion/ion-java/1.0.2/ion-java-1.0.2.jar:/home/runner/.m2/repository/com/fasterxml/jackson/dataformat/jackson-dataformat-cbor/2.13.4/jackson-dataformat-cbor-2.13.4.jar:/home/runner/.m2/repository/joda-time/joda-time/2.8.1/joda-time-2.8.1.jar:/home/runner/.m2/repository/com/amazonaws/aws-java-sdk-s3/1.12.261/aws-java-sdk-s3-1.12.261.jar:/home/runner/.m2/repository/com/amazonaws/aws-java-sdk-kms/1.12.261/aws-java-sdk-kms-1.12.261.jar:/home/runner/.m2/repository/com/amazonaws/jmespath-java/1.12.261/jmespath-java-1.12.261.jar:/home/runner/.m2/repository/org/kohsuke/metainf-services/metainf-services/1.8/metainf-services-1.8.jar:/home/runner/.m2/repository/org/apache/ozone/hdds-tools/1.3.0-SNAPSHOT/hdds-tools-1.3.0-SNAPSHOT.jar:/home/runner/.m2/repository/commons-cli/commons-cli/1.2/commons-cli-1.2.jar:/home/runner/.m2/repository/org/apache/commons/commons-lang3/3.7/commons-lang3-3.7.jar:/home/runner/.m2/repository/org/apache/ozone/ozone-manager/1.3.0-SNAPSHOT/ozone-manager-1.3.0-SNAPSHOT-tests.jar:/home/runner/.m2/repository/org/apache/ozone/hdds-common/1.3.0-SNAPSHOT/hdds-common-1.3.0-SNAPSHOT-tests.jar:/home/runner/.m2/repository/org/apache/ozone/hdds-hadoop-dependency-client/1.3.0-SNAPSHOT/hdds-hadoop-dependency-client-1.3.0-SNAPSHOT.jar:/home/runner/.m2/repository/info/picocli/picocli/4.6.1/picocli-4.6.1.jar:/home/runner/.m2/repository/com/fasterxml/jackson/core/jackson-annotations/2.13.4/jackson-annotations-2.13.4.jar:/home/runner/.m2/repository/com/fasterxml/jackson/datatype/jackson-datatype-jsr310/2.13.4/jackson-datatype-jsr310-2.13.4.jar:/home/runner/.m2/repository/org/apache/ozone/hdds-annotation-processing/1.3.0-SNAPSHOT/hdds-annotation-processing-1.3.0-SNAPSHOT.jar:/home/runner/.m2/repository/javax/annotation/javax.annotation-api/1.2/javax.annotation-api-1.2.jar:/home/runner/.m2/repository/org/apache/ratis/ratis-server/2.4.0/ratis-server-2.4.0.jar:/home/runner/.m2/repository/org/apache/ratis/ratis-client/2.4.0/ratis-client-2.4.0.jar:/home/runner/.m2/repository/org/apache/ratis/ratis-server-api/2.4.0/ratis-server-api-2.4.0.jar:/home/runner/.m2/repository/org/apache/ratis/ratis-metrics/2.4.0/ratis-metrics-2.4.0.jar:/home/runner/.m2/repository/org/apache/ratis/ratis-netty/2.4.0/ratis-netty-2.4.0.jar:/home/runner/.m2/repository/org/apache/ratis/ratis-grpc/2.4.0/ratis-grpc-2.4.0.jar:/home/runner/.m2/repository/org/apache/logging/log4j/log4j-api/2.17.1/log4j-api-2.17.1.jar:/home/runner/.m2/repository/org/apache/commons/commons-pool2/2.6.0/commons-pool2-2.6.0.jar:/home/runner/.m2/repository/org/bouncycastle/bcpkix-jdk15on/1.67/bcpkix-jdk15on-1.67.jar:/home/runner/.m2/repository/commons-validator/commons-validator/1.6/commons-validator-1.6.jar:/home/runner/.m2/repository/commons-beanutils/commons-beanutils/1.9.4/commons-beanutils-1.9.4.jar:/home/runner/.m2/repository/commons-digester/commons-digester/1.8.1/commons-digester-1.8.1.jar:/home/runner/.m2/repository/commons-collections/commons-collections/3.2.2/commons-collections-3.2.2.jar:/home/runner/.m2/repository/io/jaegertracing/jaeger-client/1.6.0/jaeger-client-1.6.0.jar:/home/runner/.m2/repository/io/jaegertracing/jaeger-thrift/1.6.0/jaeger-thrift-1.6.0.jar:/home/runner/.m2/repository/org/apache/thrift/libthrift/0.14.1/libthrift-0.14.1.jar:/home/runner/.m2/repository/io/jaegertracing/jaeger-core/1.6.0/jaeger-core-1.6.0.jar:/home/runner/.m2/repository/io/jaegertracing/jaeger-tracerresolver/1.6.0/jaeger-tracerresolver-1.6.0.jar:/home/runner/.m2/repository/io/opentracing/contrib/opentracing-tracerresolver/0.1.8/opentracing-tracerresolver-0.1.8.jar:/home/runner/.m2/repository/org/jetbrains/kotlin/kotlin-stdlib/1.6.21/kotlin-stdlib-1.6.21.jar:/home/runner/.m2/repository/org/jetbrains/annotations/13.0/annotations-13.0.jar:/home/runner/.m2/repository/io/opentracing/opentracing-util/0.33.0/opentracing-util-0.33.0.jar:/home/runner/.m2/repository/io/opentracing/opentracing-api/0.33.0/opentracing-api-0.33.0.jar:/home/runner/.m2/repository/io/opentracing/opentracing-noop/0.33.0/opentracing-noop-0.33.0.jar:/home/runner/.m2/repository/org/yaml/snakeyaml/1.33/snakeyaml-1.33.jar:/home/runner/.m2/repository/org/apache/ozone/hdds-interface-admin/1.3.0-SNAPSHOT/hdds-interface-admin-1.3.0-SNAPSHOT.jar:/home/runner/.m2/repository/junit/junit/4.13.1/junit-4.13.1.jar:/home/runner/.m2/repository/org/hamcrest/hamcrest-core/1.3/hamcrest-core-1.3.jar:/home/runner/.m2/repository/org/junit/jupiter/junit-jupiter-api/5.8.2/junit-jupiter-api-5.8.2.jar:/home/runner/.m2/repository/org/opentest4j/opentest4j/1.2.0/opentest4j-1.2.0.jar:/home/runner/.m2/repository/org/junit/platform/junit-platform-commons/1.8.2/junit-platform-commons-1.8.2.jar:/home/runner/.m2/repository/org/apiguardian/apiguardian-api/1.1.2/apiguardian-api-1.1.2.jar:/home/runner/.m2/repository/org/junit/jupiter/junit-jupiter-params/5.8.2/junit-jupiter-params-5.8.2.jar:/home/runner/.m2/repository/org/junit/jupiter/junit-jupiter-migrationsupport/5.8.2/junit-jupiter-migrationsupport-5.8.2.jar:/home/runner/.m2/repository/org/junit/jupiter/junit-jupiter-engine/5.8.2/junit-jupiter-engine-5.8.2.jar:/home/runner/.m2/repository/org/junit/platform/junit-platform-engine/1.8.2/junit-platform-engine-1.8.2.jar:/home/runner/.m2/repository/org/junit/vintage/junit-vintage-engine/5.8.2/junit-vintage-engine-5.8.2.jar:/home/runner/.m2/repository/org/junit/platform/junit-platform-launcher/1.8.2/junit-platform-launcher-1.8.2.jar:/home/runner/.m2/repository/org/mockito/mockito-core/2.28.2/mockito-core-2.28.2.jar:/home/runner/.m2/repository/net/bytebuddy/byte-buddy/1.9.10/byte-buddy-1.9.10.jar:/home/runner/.m2/repository/net/bytebuddy/byte-buddy-agent/1.9.10/byte-buddy-agent-1.9.10.jar:/home/runner/.m2/repository/org/objenesis/objenesis/1.0/objenesis-1.0.jar:/home/runner/.m2/repository/org/apache/hadoop/hadoop-kms/3.3.4/hadoop-kms-3.3.4.jar:/home/runner/.m2/repository/org/apache/hadoop/hadoop-auth/3.3.4/hadoop-auth-3.3.4.jar:/home/runner/.m2/repository/com/nimbusds/nimbus-jose-jwt/7.9/nimbus-jose-jwt-7.9.jar:/home/runner/.m2/repository/com/github/stephenc/jcip/jcip-annotations/1.0-1/jcip-annotations-1.0-1.jar:/home/runner/.m2/repository/net/minidev/json-smart/2.4.7/json-smart-2.4.7.jar:/home/runner/.m2/repository/net/minidev/accessors-smart/2.4.7/accessors-smart-2.4.7.jar:/home/runner/.m2/repository/org/ow2/asm/asm/5.0.4/asm-5.0.4.jar:/home/runner/.m2/repository/org/apache/zookeeper/zookeeper/3.5.6/zookeeper-3.5.6.jar:/home/runner/.m2/repository/org/apache/zookeeper/zookeeper-jute/3.5.6/zookeeper-jute-3.5.6.jar:/home/runner/.m2/repository/org/apache/yetus/audience-annotations/0.5.0/audience-annotations-0.5.0.jar:/home/runner/.m2/repository/org/apache/curator/curator-framework/4.2.0/curator-framework-4.2.0.jar:/home/runner/.m2/repository/org/apache/hadoop/thirdparty/hadoop-shaded-guava/1.1.1/hadoop-shaded-guava-1.1.1.jar:/home/runner/.m2/repository/com/sun/jersey/jersey-core/1.19/jersey-core-1.19.jar:/home/runner/.m2/repository/javax/ws/rs/jsr311-api/1.1.1/jsr311-api-1.1.1.jar:/home/runner/.m2/repository/com/sun/jersey/jersey-server/1.19/jersey-server-1.19.jar:/home/runner/.m2/repository/javax/servlet/javax.servlet-api/3.1.0/javax.servlet-api-3.1.0.jar:/home/runner/.m2/repository/org/eclipse/jetty/jetty-server/9.4.49.v20220914/jetty-server-9.4.49.v20220914.jar:/home/runner/.m2/repository/org/eclipse/jetty/jetty-http/9.4.49.v20220914/jetty-http-9.4.49.v20220914.jar:/home/runner/.m2/repository/org/eclipse/jetty/jetty-io/9.4.49.v20220914/jetty-io-9.4.49.v20220914.jar:/home/runner/.m2/repository/org/eclipse/jetty/jetty-webapp/9.4.49.v20220914/jetty-webapp-9.4.49.v20220914.jar:/home/runner/.m2/repository/org/eclipse/jetty/jetty-xml/9.4.49.v20220914/jetty-xml-9.4.49.v20220914.jar:/home/runner/.m2/repository/org/apache/hadoop/hadoop-common/3.3.4/hadoop-common-3.3.4.jar:/home/runner/.m2/repository/org/apache/commons/commons-math3/3.1.1/commons-math3-3.1.1.jar:/home/runner/.m2/repository/commons-net/commons-net/3.6/commons-net-3.6.jar:/home/runner/.m2/repository/com/sun/jersey/jersey-servlet/1.19/jersey-servlet-1.19.jar:/home/runner/.m2/repository/com/sun/jersey/jersey-json/1.19/jersey-json-1.19.jar:/home/runner/.m2/repository/org/codehaus/jettison/jettison/1.1/jettison-1.1.jar:/home/runner/.m2/repository/com/sun/xml/bind/jaxb-impl/2.2.3-1/jaxb-impl-2.2.3-1.jar:/home/runner/.m2/repository/org/codehaus/jackson/jackson-xc/1.9.2/jackson-xc-1.9.2.jar:/home/runner/.m2/repository/com/google/re2j/re2j/1.1/re2j-1.1.jar:/home/runner/.m2/repository/com/jcraft/jsch/0.1.54/jsch-0.1.54.jar:/home/runner/.m2/repository/org/apache/curator/curator-client/4.2.0/curator-client-4.2.0.jar:/home/runner/.m2/repository/org/apache/curator/curator-recipes/4.2.0/curator-recipes-4.2.0.jar:/home/runner/.m2/repository/org/apache/kerby/kerb-core/1.0.1/kerb-core-1.0.1.jar:/home/runner/.m2/repository/org/apache/kerby/kerby-pkix/1.0.1/kerby-pkix-1.0.1.jar:/home/runner/.m2/repository/org/apache/kerby/kerby-asn1/1.0.1/kerby-asn1-1.0.1.jar:/home/runner/.m2/repository/org/apache/kerby/kerby-util/1.0.1/kerby-util-1.0.1.jar:/home/runner/.m2/repository/dnsjava/dnsjava/2.1.7/dnsjava-2.1.7.jar:/home/runner/.m2/repository/org/xerial/snappy/snappy-java/1.1.8.2/snappy-java-1.1.8.2.jar:/home/runner/.m2/repository/org/eclipse/jetty/jetty-util/9.4.49.v20220914/jetty-util-9.4.49.v20220914.jar:/home/runner/.m2/repository/com/fasterxml/jackson/core/jackson-databind/2.13.4.2/jackson-databind-2.13.4.2.jar:/home/runner/.m2/repository/org/apache/hadoop/hadoop-kms/3.3.4/hadoop-kms-3.3.4-tests.jar:/home/runner/.m2/repository/org/apache/ozone/hdds-server-scm/1.3.0-SNAPSHOT/hdds-server-scm-1.3.0-SNAPSHOT-tests.jar:/home/runner/.m2/repository/org/apache/ozone/hdds-container-service/1.3.0-SNAPSHOT/hdds-container-service-1.3.0-SNAPSHOT-tests.jar:/home/runner/.m2/repository/commons-codec/commons-codec/1.11/commons-codec-1.11.jar:/home/runner/.m2/repository/io/netty/netty-codec/4.1.79.Final/netty-codec-4.1.79.Final.jar:/home/runner/.m2/repository/io/netty/netty-handler/4.1.79.Final/netty-handler-4.1.79.Final.jar:/home/runner/.m2/repository/org/apache/ozone/hdds-hadoop-dependency-test/1.3.0-SNAPSHOT/hdds-hadoop-dependency-test-1.3.0-SNAPSHOT.jar:/home/runner/.m2/repository/org/apache/hadoop/hadoop-common/3.3.4/hadoop-common-3.3.4-tests.jar:/home/runner/.m2/repository/org/apache/hadoop/hadoop-hdfs/3.3.4/hadoop-hdfs-3.3.4-tests.jar:/home/runner/.m2/repository/org/assertj/assertj-core/3.12.2/assertj-core-3.12.2.jar:/home/runner/.m2/repository/org/apache/hadoop/hadoop-distcp/3.3.4/hadoop-distcp-3.3.4.jar:/home/runner/.m2/repository/org/apache/hadoop/hadoop-mapreduce-client-jobclient/3.3.4/hadoop-mapreduce-client-jobclient-3.3.4.jar:/home/runner/.m2/repository/org/apache/hadoop/hadoop-mapreduce-client-common/3.3.4/hadoop-mapreduce-client-common-3.3.4.jar:/home/runner/.m2/repository/org/apache/hadoop/hadoop-yarn-common/3.3.4/hadoop-yarn-common-3.3.4.jar:/home/runner/.m2/repository/org/apache/hadoop/hadoop-yarn-api/3.3.4/hadoop-yarn-api-3.3.4.jar:/home/runner/.m2/repository/com/sun/jersey/contribs/jersey-guice/1.19/jersey-guice-1.19.jar:/home/runner/.m2/repository/com/fasterxml/jackson/jaxrs/jackson-jaxrs-json-provider/2.13.4/jackson-jaxrs-json-provider-2.13.4.jar:/home/runner/.m2/repository/com/fasterxml/jackson/jaxrs/jackson-jaxrs-base/2.13.4/jackson-jaxrs-base-2.13.4.jar:/home/runner/.m2/repository/org/apache/hadoop/hadoop-yarn-client/3.3.4/hadoop-yarn-client-3.3.4.jar:/home/runner/.m2/repository/org/eclipse/jetty/websocket/websocket-client/9.4.43.v20210629/websocket-client-9.4.43.v20210629.jar:/home/runner/.m2/repository/org/eclipse/jetty/websocket/websocket-common/9.4.43.v20210629/websocket-common-9.4.43.v20210629.jar:/home/runner/.m2/repository/org/eclipse/jetty/websocket/websocket-api/9.4.43.v20210629/websocket-api-9.4.43.v20210629.jar:/home/runner/.m2/repository/org/jline/jline/3.9.0/jline-3.9.0.jar:/home/runner/.m2/repository/org/apache/hadoop/hadoop-mapreduce-client-core/3.3.4/hadoop-mapreduce-client-core-3.3.4.jar:/home/runner/.m2/repository/org/apache/avro/avro/1.7.7/avro-1.7.7.jar:/home/runner/.m2/repository/org/codehaus/jackson/jackson-core-asl/1.9.13/jackson-core-asl-1.9.13.jar:/home/runner/.m2/repository/org/codehaus/jackson/jackson-mapper-asl/1.9.13/jackson-mapper-asl-1.9.13.jar:/home/runner/.m2/repository/com/thoughtworks/paranamer/paranamer/2.3/paranamer-2.3.jar:/home/runner/.m2/repository/org/apache/hadoop/hadoop-annotations/3.3.4/hadoop-annotations-3.3.4.jar:/usr/lib/jvm/temurin-8-jdk-amd64/jre/../lib/tools.jar:/home/runner/.m2/repository/io/netty/netty/3.10.6.Final/netty-3.10.6.Final.jar:/home/runner/.m2/repository/org/apache/hadoop/hadoop-distcp/3.3.4/hadoop-distcp-3.3.4-tests.jar:/home/runner/.m2/repository/org/slf4j/jul-to-slf4j/1.7.36/jul-to-slf4j-1.7.36.jar:/home/runner/.m2/repository/org/apache/ratis/ratis-common/2.4.0/ratis-common-2.4.0.jar:/home/runner/.m2/repository/org/apache/ratis/ratis-thirdparty-misc/1.0.2/ratis-thirdparty-misc-1.0.2.jar:/home/runner/.m2/repository/org/apache/ratis/ratis-proto/2.4.0/ratis-proto-2.4.0.jar:"/>
    <property name="java.vm.vendor" value="Temurin"/>
    <property name="sun.arch.data.model" value="64"/>
    <property name="test.build.dir" value="/home/runner/work/ozone/ozone/hadoop-ozone/integration-test/target/test-dir"/>
    <property name="test.cache.data" value=""/>
    <property name="java.vendor.url" value="https://adoptium.net/"/>
    <property name="user.timezone" value="Etc/UTC"/>
    <property name="java.vm.specification.version" value="1.8"/>
    <property name="os.name" value="Linux"/>
    <property name="test.build.data" value="/home/runner/work/ozone/ozone/hadoop-ozone/integration-test/target/test-dir"/>
    <property name="sun.java.launcher" value="SUN_STANDARD"/>
    <property name="sun.boot.library.path" value="/usr/lib/jvm/temurin-8-jdk-amd64/jre/lib/amd64"/>
    <property name="sun.java.command" value="/home/runner/work/ozone/ozone/hadoop-ozone/integration-test/target/surefire/surefirebooter511252381782606788.jar /home/runner/work/ozone/ozone/hadoop-ozone/integration-test/target/surefire 2022-11-10T07-07-00_092-jvmRun1 surefire1504575773871570083tmp surefire_28231887401511276665tmp"/>
    <property name="surefire.test.class.path" value="/home/runner/work/ozone/ozone/hadoop-ozone/integration-test/target/test-classes:/home/runner/work/ozone/ozone/hadoop-ozone/integration-test/target/classes:/home/runner/.m2/repository/org/apache/ozone/ozone-common/1.3.0-SNAPSHOT/ozone-common-1.3.0-SNAPSHOT.jar:/home/runner/.m2/repository/io/grpc/grpc-netty/1.48.1/grpc-netty-1.48.1.jar:/home/runner/.m2/repository/io/grpc/grpc-core/1.48.1/grpc-core-1.48.1.jar:/home/runner/.m2/repository/com/google/android/annotations/4.1.1.4/annotations-4.1.1.4.jar:/home/runner/.m2/repository/org/codehaus/mojo/animal-sniffer-annotations/1.21/animal-sniffer-annotations-1.21.jar:/home/runner/.m2/repository/com/google/errorprone/error_prone_annotations/2.2.0/error_prone_annotations-2.2.0.jar:/home/runner/.m2/repository/io/perfmark/perfmark-api/0.25.0/perfmark-api-0.25.0.jar:/home/runner/.m2/repository/io/netty/netty-codec-http2/4.1.79.Final/netty-codec-http2-4.1.79.Final.jar:/home/runner/.m2/repository/io/netty/netty-common/4.1.79.Final/netty-common-4.1.79.Final.jar:/home/runner/.m2/repository/io/netty/netty-buffer/4.1.79.Final/netty-buffer-4.1.79.Final.jar:/home/runner/.m2/repository/io/netty/netty-codec-http/4.1.79.Final/netty-codec-http-4.1.79.Final.jar:/home/runner/.m2/repository/io/netty/netty-handler-proxy/4.1.79.Final/netty-handler-proxy-4.1.79.Final.jar:/home/runner/.m2/repository/io/netty/netty-codec-socks/4.1.79.Final/netty-codec-socks-4.1.79.Final.jar:/home/runner/.m2/repository/io/netty/netty-tcnative-boringssl-static/2.0.53.Final/netty-tcnative-boringssl-static-2.0.53.Final.jar:/home/runner/.m2/repository/io/netty/netty-tcnative-classes/2.0.53.Final/netty-tcnative-classes-2.0.53.Final.jar:/home/runner/.m2/repository/io/netty/netty-tcnative-boringssl-static/2.0.53.Final/netty-tcnative-boringssl-static-2.0.53.Final-linux-x86_64.jar:/home/runner/.m2/repository/io/netty/netty-tcnative-boringssl-static/2.0.53.Final/netty-tcnative-boringssl-static-2.0.53.Final-linux-aarch_64.jar:/home/runner/.m2/repository/io/netty/netty-tcnative-boringssl-static/2.0.53.Final/netty-tcnative-boringssl-static-2.0.53.Final-osx-x86_64.jar:/home/runner/.m2/repository/io/netty/netty-tcnative-boringssl-static/2.0.53.Final/netty-tcnative-boringssl-static-2.0.53.Final-osx-aarch_64.jar:/home/runner/.m2/repository/io/netty/netty-tcnative-boringssl-static/2.0.53.Final/netty-tcnative-boringssl-static-2.0.53.Final-windows-x86_64.jar:/home/runner/.m2/repository/org/apache/commons/commons-compress/1.21/commons-compress-1.21.jar:/home/runner/.m2/repository/org/apache/ozone/hdds-common/1.3.0-SNAPSHOT/hdds-common-1.3.0-SNAPSHOT.jar:/home/runner/.m2/repository/org/apache/ozone/hdds-client/1.3.0-SNAPSHOT/hdds-client-1.3.0-SNAPSHOT.jar:/home/runner/.m2/repository/org/apache/ozone/ozone-interface-client/1.3.0-SNAPSHOT/ozone-interface-client-1.3.0-SNAPSHOT.jar:/home/runner/.m2/repository/org/apache/ozone/hdds-test-utils/1.3.0-SNAPSHOT/hdds-test-utils-1.3.0-SNAPSHOT.jar:/home/runner/.m2/repository/com/google/guava/guava/31.1-jre/guava-31.1-jre.jar:/home/runner/.m2/repository/com/google/guava/failureaccess/1.0.1/failureaccess-1.0.1.jar:/home/runner/.m2/repository/com/google/guava/listenablefuture/9999.0-empty-to-avoid-conflict-with-guava/listenablefuture-9999.0-empty-to-avoid-conflict-with-guava.jar:/home/runner/.m2/repository/com/google/code/findbugs/jsr305/3.0.0/jsr305-3.0.0.jar:/home/runner/.m2/repository/org/checkerframework/checker-qual/3.12.0/checker-qual-3.12.0.jar:/home/runner/.m2/repository/com/google/j2objc/j2objc-annotations/1.3/j2objc-annotations-1.3.jar:/home/runner/.m2/repository/commons-io/commons-io/2.11.0/commons-io-2.11.0.jar:/home/runner/.m2/repository/commons-logging/commons-logging/1.2/commons-logging-1.2.jar:/home/runner/.m2/repository/ch/qos/reload4j/reload4j/1.2.22/reload4j-1.2.22.jar:/home/runner/.m2/repository/org/slf4j/slf4j-api/1.7.36/slf4j-api-1.7.36.jar:/home/runner/.m2/repository/org/apache/ozone/hdds-server-scm/1.3.0-SNAPSHOT/hdds-server-scm-1.3.0-SNAPSHOT.jar:/home/runner/.m2/repository/org/apache/ozone/hdds-container-service/1.3.0-SNAPSHOT/hdds-container-service-1.3.0-SNAPSHOT.jar:/home/runner/.m2/repository/org/apache/ozone/hdds-hadoop-dependency-server/1.3.0-SNAPSHOT/hdds-hadoop-dependency-server-1.3.0-SNAPSHOT.jar:/home/runner/.m2/repository/org/apache/hadoop/hadoop-hdfs/3.3.4/hadoop-hdfs-3.3.4.jar:/home/runner/.m2/repository/org/eclipse/jetty/jetty-util-ajax/9.4.49.v20220914/jetty-util-ajax-9.4.49.v20220914.jar:/home/runner/.m2/repository/commons-daemon/commons-daemon/1.0.13/commons-daemon-1.0.13.jar:/home/runner/.m2/repository/org/apache/ozone/hdds-server-framework/1.3.0-SNAPSHOT/hdds-server-framework-1.3.0-SNAPSHOT.jar:/home/runner/.m2/repository/org/apache/ozone/hdds-interface-server/1.3.0-SNAPSHOT/hdds-interface-server-1.3.0-SNAPSHOT.jar:/home/runner/.m2/repository/org/apache/commons/commons-configuration2/2.1.1/commons-configuration2-2.1.1.jar:/home/runner/.m2/repository/org/apache/logging/log4j/log4j-core/2.17.1/log4j-core-2.17.1.jar:/home/runner/.m2/repository/com/lmax/disruptor/3.4.2/disruptor-3.4.2.jar:/home/runner/.m2/repository/org/eclipse/jetty/jetty-servlet/9.4.49.v20220914/jetty-servlet-9.4.49.v20220914.jar:/home/runner/.m2/repository/org/eclipse/jetty/jetty-security/9.4.49.v20220914/jetty-security-9.4.49.v20220914.jar:/home/runner/.m2/repository/org/rocksdb/rocksdbjni/7.7.3/rocksdbjni-7.7.3.jar:/home/runner/.m2/repository/io/prometheus/simpleclient_dropwizard/0.7.0/simpleclient_dropwizard-0.7.0.jar:/home/runner/.m2/repository/io/prometheus/simpleclient/0.7.0/simpleclient-0.7.0.jar:/home/runner/.m2/repository/io/prometheus/simpleclient_common/0.7.0/simpleclient_common-0.7.0.jar:/home/runner/.m2/repository/com/github/spotbugs/spotbugs-annotations/3.1.12/spotbugs-annotations-3.1.12.jar:/home/runner/.m2/repository/io/dropwizard/metrics/metrics-core/3.2.4/metrics-core-3.2.4.jar:/home/runner/.m2/repository/org/apache/commons/commons-text/1.4/commons-text-1.4.jar:/home/runner/.m2/repository/org/apache/hadoop/hadoop-hdfs-client/3.3.4/hadoop-hdfs-client-3.3.4.jar:/home/runner/.m2/repository/com/squareup/okhttp3/okhttp/4.9.3/okhttp-4.9.3.jar:/home/runner/.m2/repository/com/squareup/okio/okio/2.8.0/okio-2.8.0.jar:/home/runner/.m2/repository/org/jetbrains/kotlin/kotlin-stdlib-common/1.4.10/kotlin-stdlib-common-1.4.10.jar:/home/runner/.m2/repository/org/bouncycastle/bcprov-jdk15on/1.67/bcprov-jdk15on-1.67.jar:/home/runner/.m2/repository/com/google/protobuf/protobuf-java/2.5.0/protobuf-java-2.5.0.jar:/home/runner/.m2/repository/org/apache/ozone/ozone-manager/1.3.0-SNAPSHOT/ozone-manager-1.3.0-SNAPSHOT.jar:/home/runner/.m2/repository/org/aspectj/aspectjrt/1.9.7/aspectjrt-1.9.7.jar:/home/runner/.m2/repository/org/aspectj/aspectjweaver/1.9.7/aspectjweaver-1.9.7.jar:/home/runner/.m2/repository/org/apache/ozone/hdds-interface-client/1.3.0-SNAPSHOT/hdds-interface-client-1.3.0-SNAPSHOT.jar:/home/runner/.m2/repository/org/apache/hadoop/thirdparty/hadoop-shaded-protobuf_3_7/1.1.1/hadoop-shaded-protobuf_3_7-1.1.1.jar:/home/runner/.m2/repository/org/apache/ozone/ozone-interface-storage/1.3.0-SNAPSHOT/ozone-interface-storage-1.3.0-SNAPSHOT.jar:/home/runner/.m2/repository/org/reflections/reflections/0.9.11/reflections-0.9.11.jar:/home/runner/.m2/repository/com/sun/jersey/jersey-client/1.19/jersey-client-1.19.jar:/home/runner/.m2/repository/org/apache/ranger/ranger-intg/2.3.0/ranger-intg-2.3.0.jar:/home/runner/.m2/repository/org/apache/ranger/ranger-plugins-common/2.3.0/ranger-plugins-common-2.3.0.jar:/home/runner/.m2/repository/commons-lang/commons-lang/2.6/commons-lang-2.6.jar:/home/runner/.m2/repository/org/codehaus/jackson/jackson-jaxrs/1.9.13/jackson-jaxrs-1.9.13.jar:/home/runner/.m2/repository/org/apache/ranger/ranger-plugins-cred/2.3.0/ranger-plugins-cred-2.3.0.jar:/home/runner/.m2/repository/org/apache/ranger/ranger-plugins-audit/2.3.0/ranger-plugins-audit-2.3.0.jar:/home/runner/.m2/repository/org/eclipse/jetty/jetty-client/9.4.31.v20200723/jetty-client-9.4.31.v20200723.jar:/home/runner/.m2/repository/org/apache/httpcomponents/httpmime/4.5.6/httpmime-4.5.6.jar:/home/runner/.m2/repository/org/apache/httpcomponents/httpcore-nio/4.4.6/httpcore-nio-4.4.6.jar:/home/runner/.m2/repository/org/apache/httpcomponents/httpasyncclient/4.1.3/httpasyncclient-4.1.3.jar:/home/runner/.m2/repository/com/carrotsearch/hppc/0.8.0/hppc-0.8.0.jar:/home/runner/.m2/repository/org/apache/orc/orc-core/1.5.8/orc-core-1.5.8.jar:/home/runner/.m2/repository/net/java/dev/jna/jna/5.2.0/jna-5.2.0.jar:/home/runner/.m2/repository/net/java/dev/jna/jna-platform/5.2.0/jna-platform-5.2.0.jar:/home/runner/.m2/repository/com/kstruct/gethostname4j/0.0.2/gethostname4j-0.0.2.jar:/home/runner/.m2/repository/org/apache/ranger/ranger-plugin-classloader/2.3.0/ranger-plugin-classloader-2.3.0.jar:/home/runner/.m2/repository/org/apache/hadoop/hadoop-minikdc/3.3.4/hadoop-minikdc-3.3.4.jar:/home/runner/.m2/repository/org/apache/kerby/kerb-simplekdc/1.0.1/kerb-simplekdc-1.0.1.jar:/home/runner/.m2/repository/org/apache/kerby/kerb-client/1.0.1/kerb-client-1.0.1.jar:/home/runner/.m2/repository/org/apache/kerby/kerby-config/1.0.1/kerby-config-1.0.1.jar:/home/runner/.m2/repository/org/apache/kerby/kerb-common/1.0.1/kerb-common-1.0.1.jar:/home/runner/.m2/repository/org/apache/kerby/kerb-crypto/1.0.1/kerb-crypto-1.0.1.jar:/home/runner/.m2/repository/org/apache/kerby/kerb-util/1.0.1/kerb-util-1.0.1.jar:/home/runner/.m2/repository/org/apache/kerby/token-provider/1.0.1/token-provider-1.0.1.jar:/home/runner/.m2/repository/org/apache/kerby/kerb-admin/1.0.1/kerb-admin-1.0.1.jar:/home/runner/.m2/repository/org/apache/kerby/kerb-server/1.0.1/kerb-server-1.0.1.jar:/home/runner/.m2/repository/org/apache/kerby/kerb-identity/1.0.1/kerb-identity-1.0.1.jar:/home/runner/.m2/repository/org/apache/kerby/kerby-xdr/1.0.1/kerby-xdr-1.0.1.jar:/home/runner/.m2/repository/org/apache/ozone/ozone-s3gateway/1.3.0-SNAPSHOT/ozone-s3gateway-1.3.0-SNAPSHOT.jar:/home/runner/.m2/repository/org/javassist/javassist/3.21.0-GA/javassist-3.21.0-GA.jar:/home/runner/.m2/repository/org/jboss/weld/servlet/weld-servlet/2.4.7.Final/weld-servlet-2.4.7.Final.jar:/home/runner/.m2/repository/org/glassfish/jersey/containers/jersey-container-servlet-core/2.34/jersey-container-servlet-core-2.34.jar:/home/runner/.m2/repository/org/glassfish/hk2/external/jakarta.inject/2.6.1/jakarta.inject-2.6.1.jar:/home/runner/.m2/repository/org/glassfish/jersey/core/jersey-common/2.34/jersey-common-2.34.jar:/home/runner/.m2/repository/jakarta/ws/rs/jakarta.ws.rs-api/2.1.6/jakarta.ws.rs-api-2.1.6.jar:/home/runner/.m2/repository/org/glassfish/jersey/ext/cdi/jersey-cdi1x/2.34/jersey-cdi1x-2.34.jar:/home/runner/.m2/repository/org/glassfish/jersey/inject/jersey-hk2/2.34/jersey-hk2-2.34.jar:/home/runner/.m2/repository/org/glassfish/hk2/hk2-locator/2.6.1/hk2-locator-2.6.1.jar:/home/runner/.m2/repository/org/glassfish/jersey/media/jersey-media-jaxb/2.34/jersey-media-jaxb-2.34.jar:/home/runner/.m2/repository/org/glassfish/hk2/osgi-resource-locator/1.0.3/osgi-resource-locator-1.0.3.jar:/home/runner/.m2/repository/org/glassfish/hk2/hk2-api/2.5.0/hk2-api-2.5.0.jar:/home/runner/.m2/repository/org/glassfish/hk2/hk2-utils/2.5.0/hk2-utils-2.5.0.jar:/home/runner/.m2/repository/org/glassfish/hk2/external/aopalliance-repackaged/2.5.0/aopalliance-repackaged-2.5.0.jar:/home/runner/.m2/repository/com/fasterxml/jackson/dataformat/jackson-dataformat-xml/2.13.4/jackson-dataformat-xml-2.13.4.jar:/home/runner/.m2/repository/com/fasterxml/jackson/core/jackson-core/2.13.4/jackson-core-2.13.4.jar:/home/runner/.m2/repository/org/codehaus/woodstox/stax2-api/3.1.4/stax2-api-3.1.4.jar:/home/runner/.m2/repository/com/fasterxml/woodstox/woodstox-core/5.4.0/woodstox-core-5.4.0.jar:/home/runner/.m2/repository/com/fasterxml/jackson/module/jackson-module-jaxb-annotations/2.13.4/jackson-module-jaxb-annotations-2.13.4.jar:/home/runner/.m2/repository/jakarta/xml/bind/jakarta.xml.bind-api/2.3.3/jakarta.xml.bind-api-2.3.3.jar:/home/runner/.m2/repository/jakarta/activation/jakarta.activation-api/1.2.1/jakarta.activation-api-1.2.1.jar:/home/runner/.m2/repository/javax/enterprise/cdi-api/1.2/cdi-api-1.2.jar:/home/runner/.m2/repository/javax/el/javax.el-api/3.0.0/javax.el-api-3.0.0.jar:/home/runner/.m2/repository/javax/interceptor/javax.interceptor-api/1.2/javax.interceptor-api-1.2.jar:/home/runner/.m2/repository/javax/inject/javax.inject/1/javax.inject-1.jar:/home/runner/.m2/repository/javax/xml/bind/jaxb-api/2.3.0/jaxb-api-2.3.0.jar:/home/runner/.m2/repository/org/glassfish/jaxb/jaxb-runtime/2.3.0.1/jaxb-runtime-2.3.0.1.jar:/home/runner/.m2/repository/org/glassfish/jaxb/jaxb-core/2.3.0.1/jaxb-core-2.3.0.1.jar:/home/runner/.m2/repository/org/glassfish/jaxb/txw2/2.3.0.1/txw2-2.3.0.1.jar:/home/runner/.m2/repository/com/sun/istack/istack-commons-runtime/3.0.5/istack-commons-runtime-3.0.5.jar:/home/runner/.m2/repository/org/jvnet/staxex/stax-ex/1.7.8/stax-ex-1.7.8.jar:/home/runner/.m2/repository/com/sun/xml/fastinfoset/FastInfoset/1.2.13/FastInfoset-1.2.13.jar:/home/runner/.m2/repository/javax/activation/activation/1.1.1/activation-1.1.1.jar:/home/runner/.m2/repository/io/grpc/grpc-protobuf/1.48.1/grpc-protobuf-1.48.1.jar:/home/runner/.m2/repository/io/grpc/grpc-api/1.48.1/grpc-api-1.48.1.jar:/home/runner/.m2/repository/io/grpc/grpc-context/1.48.1/grpc-context-1.48.1.jar:/home/runner/.m2/repository/com/google/api/grpc/proto-google-common-protos/2.9.0/proto-google-common-protos-2.9.0.jar:/home/runner/.m2/repository/io/grpc/grpc-protobuf-lite/1.48.1/grpc-protobuf-lite-1.48.1.jar:/home/runner/.m2/repository/io/grpc/grpc-stub/1.48.1/grpc-stub-1.48.1.jar:/home/runner/.m2/repository/io/netty/netty-transport/4.1.79.Final/netty-transport-4.1.79.Final.jar:/home/runner/.m2/repository/io/netty/netty-resolver/4.1.79.Final/netty-resolver-4.1.79.Final.jar:/home/runner/.m2/repository/org/apache/ozone/ozone-csi/1.3.0-SNAPSHOT/ozone-csi-1.3.0-SNAPSHOT.jar:/home/runner/.m2/repository/com/google/protobuf/protobuf-java-util/3.19.2/protobuf-java-util-3.19.2.jar:/home/runner/.m2/repository/com/google/code/gson/gson/2.9.0/gson-2.9.0.jar:/home/runner/.m2/repository/org/apache/ozone/hdds-config/1.3.0-SNAPSHOT/hdds-config-1.3.0-SNAPSHOT.jar:/home/runner/.m2/repository/io/netty/netty-transport-native-epoll/4.1.79.Final/netty-transport-native-epoll-4.1.79.Final-linux-x86_64.jar:/home/runner/.m2/repository/io/netty/netty-transport-classes-epoll/4.1.79.Final/netty-transport-classes-epoll-4.1.79.Final.jar:/home/runner/.m2/repository/io/netty/netty-transport-native-unix-common/4.1.79.Final/netty-transport-native-unix-common-4.1.79.Final.jar:/home/runner/.m2/repository/org/slf4j/slf4j-reload4j/1.7.36/slf4j-reload4j-1.7.36.jar:/home/runner/.m2/repository/org/apache/ozone/ozone-recon/1.3.0-SNAPSHOT/ozone-recon-1.3.0-SNAPSHOT.jar:/home/runner/.m2/repository/org/apache/ozone/ozone-reconcodegen/1.3.0-SNAPSHOT/ozone-reconcodegen-1.3.0-SNAPSHOT.jar:/home/runner/.m2/repository/com/google/inject/extensions/guice-multibindings/4.0/guice-multibindings-4.0.jar:/home/runner/.m2/repository/com/google/inject/guice/4.0/guice-4.0.jar:/home/runner/.m2/repository/aopalliance/aopalliance/1.0/aopalliance-1.0.jar:/home/runner/.m2/repository/com/google/inject/extensions/guice-assistedinject/4.0/guice-assistedinject-4.0.jar:/home/runner/.m2/repository/com/google/inject/extensions/guice-servlet/4.0/guice-servlet-4.0.jar:/home/runner/.m2/repository/org/glassfish/jersey/containers/jersey-container-servlet/2.34/jersey-container-servlet-2.34.jar:/home/runner/.m2/repository/org/glassfish/hk2/guice-bridge/2.5.0/guice-bridge-2.5.0.jar:/home/runner/.m2/repository/org/glassfish/jersey/core/jersey-server/2.34/jersey-server-2.34.jar:/home/runner/.m2/repository/org/glassfish/jersey/core/jersey-client/2.34/jersey-client-2.34.jar:/home/runner/.m2/repository/jakarta/annotation/jakarta.annotation-api/1.3.5/jakarta.annotation-api-1.3.5.jar:/home/runner/.m2/repository/jakarta/validation/jakarta.validation-api/2.0.2/jakarta.validation-api-2.0.2.jar:/home/runner/.m2/repository/org/glassfish/jersey/media/jersey-media-json-jackson/2.34/jersey-media-json-jackson-2.34.jar:/home/runner/.m2/repository/org/glassfish/jersey/ext/jersey-entity-filtering/2.34/jersey-entity-filtering-2.34.jar:/home/runner/.m2/repository/org/jooq/jooq/3.11.10/jooq-3.11.10.jar:/home/runner/.m2/repository/org/jooq/jooq-meta/3.11.10/jooq-meta-3.11.10.jar:/home/runner/.m2/repository/org/jooq/jooq-codegen/3.11.10/jooq-codegen-3.11.10.jar:/home/runner/.m2/repository/com/jolbox/bonecp/0.8.0.RELEASE/bonecp-0.8.0.RELEASE.jar:/home/runner/.m2/repository/org/apache/derby/derby/10.14.2.0/derby-10.14.2.0.jar:/home/runner/.m2/repository/org/xerial/sqlite-jdbc/3.25.2/sqlite-jdbc-3.25.2.jar:/home/runner/.m2/repository/org/springframework/spring-jdbc/5.3.23/spring-jdbc-5.3.23.jar:/home/runner/.m2/repository/org/springframework/spring-beans/5.3.23/spring-beans-5.3.23.jar:/home/runner/.m2/repository/org/springframework/spring-core/5.3.23/spring-core-5.3.23.jar:/home/runner/.m2/repository/org/springframework/spring-jcl/5.3.23/spring-jcl-5.3.23.jar:/home/runner/.m2/repository/org/springframework/spring-tx/5.3.23/spring-tx-5.3.23.jar:/home/runner/.m2/repository/org/apache/ozone/ozone-client/1.3.0-SNAPSHOT/ozone-client-1.3.0-SNAPSHOT.jar:/home/runner/.m2/repository/org/apache/ozone/hdds-erasurecode/1.3.0-SNAPSHOT/hdds-erasurecode-1.3.0-SNAPSHOT.jar:/home/runner/.m2/repository/org/apache/ozone/ozone-filesystem/1.3.0-SNAPSHOT/ozone-filesystem-1.3.0-SNAPSHOT.jar:/home/runner/.m2/repository/org/apache/ozone/ozone-filesystem-common/1.3.0-SNAPSHOT/ozone-filesystem-common-1.3.0-SNAPSHOT.jar:/home/runner/.m2/repository/org/apache/ozone/ozone-tools/1.3.0-SNAPSHOT/ozone-tools-1.3.0-SNAPSHOT.jar:/home/runner/.m2/repository/org/apache/ratis/ratis-tools/2.4.0/ratis-tools-2.4.0.jar:/home/runner/.m2/repository/com/amazonaws/aws-java-sdk-core/1.12.261/aws-java-sdk-core-1.12.261.jar:/home/runner/.m2/repository/org/apache/httpcomponents/httpclient/4.5.13/httpclient-4.5.13.jar:/home/runner/.m2/repository/org/apache/httpcomponents/httpcore/4.4.13/httpcore-4.4.13.jar:/home/runner/.m2/repository/software/amazon/ion/ion-java/1.0.2/ion-java-1.0.2.jar:/home/runner/.m2/repository/com/fasterxml/jackson/dataformat/jackson-dataformat-cbor/2.13.4/jackson-dataformat-cbor-2.13.4.jar:/home/runner/.m2/repository/joda-time/joda-time/2.8.1/joda-time-2.8.1.jar:/home/runner/.m2/repository/com/amazonaws/aws-java-sdk-s3/1.12.261/aws-java-sdk-s3-1.12.261.jar:/home/runner/.m2/repository/com/amazonaws/aws-java-sdk-kms/1.12.261/aws-java-sdk-kms-1.12.261.jar:/home/runner/.m2/repository/com/amazonaws/jmespath-java/1.12.261/jmespath-java-1.12.261.jar:/home/runner/.m2/repository/org/kohsuke/metainf-services/metainf-services/1.8/metainf-services-1.8.jar:/home/runner/.m2/repository/org/apache/ozone/hdds-tools/1.3.0-SNAPSHOT/hdds-tools-1.3.0-SNAPSHOT.jar:/home/runner/.m2/repository/commons-cli/commons-cli/1.2/commons-cli-1.2.jar:/home/runner/.m2/repository/org/apache/commons/commons-lang3/3.7/commons-lang3-3.7.jar:/home/runner/.m2/repository/org/apache/ozone/ozone-manager/1.3.0-SNAPSHOT/ozone-manager-1.3.0-SNAPSHOT-tests.jar:/home/runner/.m2/repository/org/apache/ozone/hdds-common/1.3.0-SNAPSHOT/hdds-common-1.3.0-SNAPSHOT-tests.jar:/home/runner/.m2/repository/org/apache/ozone/hdds-hadoop-dependency-client/1.3.0-SNAPSHOT/hdds-hadoop-dependency-client-1.3.0-SNAPSHOT.jar:/home/runner/.m2/repository/info/picocli/picocli/4.6.1/picocli-4.6.1.jar:/home/runner/.m2/repository/com/fasterxml/jackson/core/jackson-annotations/2.13.4/jackson-annotations-2.13.4.jar:/home/runner/.m2/repository/com/fasterxml/jackson/datatype/jackson-datatype-jsr310/2.13.4/jackson-datatype-jsr310-2.13.4.jar:/home/runner/.m2/repository/org/apache/ozone/hdds-annotation-processing/1.3.0-SNAPSHOT/hdds-annotation-processing-1.3.0-SNAPSHOT.jar:/home/runner/.m2/repository/javax/annotation/javax.annotation-api/1.2/javax.annotation-api-1.2.jar:/home/runner/.m2/repository/org/apache/ratis/ratis-server/2.4.0/ratis-server-2.4.0.jar:/home/runner/.m2/repository/org/apache/ratis/ratis-client/2.4.0/ratis-client-2.4.0.jar:/home/runner/.m2/repository/org/apache/ratis/ratis-server-api/2.4.0/ratis-server-api-2.4.0.jar:/home/runner/.m2/repository/org/apache/ratis/ratis-metrics/2.4.0/ratis-metrics-2.4.0.jar:/home/runner/.m2/repository/org/apache/ratis/ratis-netty/2.4.0/ratis-netty-2.4.0.jar:/home/runner/.m2/repository/org/apache/ratis/ratis-grpc/2.4.0/ratis-grpc-2.4.0.jar:/home/runner/.m2/repository/org/apache/logging/log4j/log4j-api/2.17.1/log4j-api-2.17.1.jar:/home/runner/.m2/repository/org/apache/commons/commons-pool2/2.6.0/commons-pool2-2.6.0.jar:/home/runner/.m2/repository/org/bouncycastle/bcpkix-jdk15on/1.67/bcpkix-jdk15on-1.67.jar:/home/runner/.m2/repository/commons-validator/commons-validator/1.6/commons-validator-1.6.jar:/home/runner/.m2/repository/commons-beanutils/commons-beanutils/1.9.4/commons-beanutils-1.9.4.jar:/home/runner/.m2/repository/commons-digester/commons-digester/1.8.1/commons-digester-1.8.1.jar:/home/runner/.m2/repository/commons-collections/commons-collections/3.2.2/commons-collections-3.2.2.jar:/home/runner/.m2/repository/io/jaegertracing/jaeger-client/1.6.0/jaeger-client-1.6.0.jar:/home/runner/.m2/repository/io/jaegertracing/jaeger-thrift/1.6.0/jaeger-thrift-1.6.0.jar:/home/runner/.m2/repository/org/apache/thrift/libthrift/0.14.1/libthrift-0.14.1.jar:/home/runner/.m2/repository/io/jaegertracing/jaeger-core/1.6.0/jaeger-core-1.6.0.jar:/home/runner/.m2/repository/io/jaegertracing/jaeger-tracerresolver/1.6.0/jaeger-tracerresolver-1.6.0.jar:/home/runner/.m2/repository/io/opentracing/contrib/opentracing-tracerresolver/0.1.8/opentracing-tracerresolver-0.1.8.jar:/home/runner/.m2/repository/org/jetbrains/kotlin/kotlin-stdlib/1.6.21/kotlin-stdlib-1.6.21.jar:/home/runner/.m2/repository/org/jetbrains/annotations/13.0/annotations-13.0.jar:/home/runner/.m2/repository/io/opentracing/opentracing-util/0.33.0/opentracing-util-0.33.0.jar:/home/runner/.m2/repository/io/opentracing/opentracing-api/0.33.0/opentracing-api-0.33.0.jar:/home/runner/.m2/repository/io/opentracing/opentracing-noop/0.33.0/opentracing-noop-0.33.0.jar:/home/runner/.m2/repository/org/yaml/snakeyaml/1.33/snakeyaml-1.33.jar:/home/runner/.m2/repository/org/apache/ozone/hdds-interface-admin/1.3.0-SNAPSHOT/hdds-interface-admin-1.3.0-SNAPSHOT.jar:/home/runner/.m2/repository/junit/junit/4.13.1/junit-4.13.1.jar:/home/runner/.m2/repository/org/hamcrest/hamcrest-core/1.3/hamcrest-core-1.3.jar:/home/runner/.m2/repository/org/junit/jupiter/junit-jupiter-api/5.8.2/junit-jupiter-api-5.8.2.jar:/home/runner/.m2/repository/org/opentest4j/opentest4j/1.2.0/opentest4j-1.2.0.jar:/home/runner/.m2/repository/org/junit/platform/junit-platform-commons/1.8.2/junit-platform-commons-1.8.2.jar:/home/runner/.m2/repository/org/apiguardian/apiguardian-api/1.1.2/apiguardian-api-1.1.2.jar:/home/runner/.m2/repository/org/junit/jupiter/junit-jupiter-params/5.8.2/junit-jupiter-params-5.8.2.jar:/home/runner/.m2/repository/org/junit/jupiter/junit-jupiter-migrationsupport/5.8.2/junit-jupiter-migrationsupport-5.8.2.jar:/home/runner/.m2/repository/org/junit/jupiter/junit-jupiter-engine/5.8.2/junit-jupiter-engine-5.8.2.jar:/home/runner/.m2/repository/org/junit/platform/junit-platform-engine/1.8.2/junit-platform-engine-1.8.2.jar:/home/runner/.m2/repository/org/junit/vintage/junit-vintage-engine/5.8.2/junit-vintage-engine-5.8.2.jar:/home/runner/.m2/repository/org/junit/platform/junit-platform-launcher/1.8.2/junit-platform-launcher-1.8.2.jar:/home/runner/.m2/repository/org/mockito/mockito-core/2.28.2/mockito-core-2.28.2.jar:/home/runner/.m2/repository/net/bytebuddy/byte-buddy/1.9.10/byte-buddy-1.9.10.jar:/home/runner/.m2/repository/net/bytebuddy/byte-buddy-agent/1.9.10/byte-buddy-agent-1.9.10.jar:/home/runner/.m2/repository/org/objenesis/objenesis/1.0/objenesis-1.0.jar:/home/runner/.m2/repository/org/apache/hadoop/hadoop-kms/3.3.4/hadoop-kms-3.3.4.jar:/home/runner/.m2/repository/org/apache/hadoop/hadoop-auth/3.3.4/hadoop-auth-3.3.4.jar:/home/runner/.m2/repository/com/nimbusds/nimbus-jose-jwt/7.9/nimbus-jose-jwt-7.9.jar:/home/runner/.m2/repository/com/github/stephenc/jcip/jcip-annotations/1.0-1/jcip-annotations-1.0-1.jar:/home/runner/.m2/repository/net/minidev/json-smart/2.4.7/json-smart-2.4.7.jar:/home/runner/.m2/repository/net/minidev/accessors-smart/2.4.7/accessors-smart-2.4.7.jar:/home/runner/.m2/repository/org/ow2/asm/asm/5.0.4/asm-5.0.4.jar:/home/runner/.m2/repository/org/apache/zookeeper/zookeeper/3.5.6/zookeeper-3.5.6.jar:/home/runner/.m2/repository/org/apache/zookeeper/zookeeper-jute/3.5.6/zookeeper-jute-3.5.6.jar:/home/runner/.m2/repository/org/apache/yetus/audience-annotations/0.5.0/audience-annotations-0.5.0.jar:/home/runner/.m2/repository/org/apache/curator/curator-framework/4.2.0/curator-framework-4.2.0.jar:/home/runner/.m2/repository/org/apache/hadoop/thirdparty/hadoop-shaded-guava/1.1.1/hadoop-shaded-guava-1.1.1.jar:/home/runner/.m2/repository/com/sun/jersey/jersey-core/1.19/jersey-core-1.19.jar:/home/runner/.m2/repository/javax/ws/rs/jsr311-api/1.1.1/jsr311-api-1.1.1.jar:/home/runner/.m2/repository/com/sun/jersey/jersey-server/1.19/jersey-server-1.19.jar:/home/runner/.m2/repository/javax/servlet/javax.servlet-api/3.1.0/javax.servlet-api-3.1.0.jar:/home/runner/.m2/repository/org/eclipse/jetty/jetty-server/9.4.49.v20220914/jetty-server-9.4.49.v20220914.jar:/home/runner/.m2/repository/org/eclipse/jetty/jetty-http/9.4.49.v20220914/jetty-http-9.4.49.v20220914.jar:/home/runner/.m2/repository/org/eclipse/jetty/jetty-io/9.4.49.v20220914/jetty-io-9.4.49.v20220914.jar:/home/runner/.m2/repository/org/eclipse/jetty/jetty-webapp/9.4.49.v20220914/jetty-webapp-9.4.49.v20220914.jar:/home/runner/.m2/repository/org/eclipse/jetty/jetty-xml/9.4.49.v20220914/jetty-xml-9.4.49.v20220914.jar:/home/runner/.m2/repository/org/apache/hadoop/hadoop-common/3.3.4/hadoop-common-3.3.4.jar:/home/runner/.m2/repository/org/apache/commons/commons-math3/3.1.1/commons-math3-3.1.1.jar:/home/runner/.m2/repository/commons-net/commons-net/3.6/commons-net-3.6.jar:/home/runner/.m2/repository/com/sun/jersey/jersey-servlet/1.19/jersey-servlet-1.19.jar:/home/runner/.m2/repository/com/sun/jersey/jersey-json/1.19/jersey-json-1.19.jar:/home/runner/.m2/repository/org/codehaus/jettison/jettison/1.1/jettison-1.1.jar:/home/runner/.m2/repository/com/sun/xml/bind/jaxb-impl/2.2.3-1/jaxb-impl-2.2.3-1.jar:/home/runner/.m2/repository/org/codehaus/jackson/jackson-xc/1.9.2/jackson-xc-1.9.2.jar:/home/runner/.m2/repository/com/google/re2j/re2j/1.1/re2j-1.1.jar:/home/runner/.m2/repository/com/jcraft/jsch/0.1.54/jsch-0.1.54.jar:/home/runner/.m2/repository/org/apache/curator/curator-client/4.2.0/curator-client-4.2.0.jar:/home/runner/.m2/repository/org/apache/curator/curator-recipes/4.2.0/curator-recipes-4.2.0.jar:/home/runner/.m2/repository/org/apache/kerby/kerb-core/1.0.1/kerb-core-1.0.1.jar:/home/runner/.m2/repository/org/apache/kerby/kerby-pkix/1.0.1/kerby-pkix-1.0.1.jar:/home/runner/.m2/repository/org/apache/kerby/kerby-asn1/1.0.1/kerby-asn1-1.0.1.jar:/home/runner/.m2/repository/org/apache/kerby/kerby-util/1.0.1/kerby-util-1.0.1.jar:/home/runner/.m2/repository/dnsjava/dnsjava/2.1.7/dnsjava-2.1.7.jar:/home/runner/.m2/repository/org/xerial/snappy/snappy-java/1.1.8.2/snappy-java-1.1.8.2.jar:/home/runner/.m2/repository/org/eclipse/jetty/jetty-util/9.4.49.v20220914/jetty-util-9.4.49.v20220914.jar:/home/runner/.m2/repository/com/fasterxml/jackson/core/jackson-databind/2.13.4.2/jackson-databind-2.13.4.2.jar:/home/runner/.m2/repository/org/apache/hadoop/hadoop-kms/3.3.4/hadoop-kms-3.3.4-tests.jar:/home/runner/.m2/repository/org/apache/ozone/hdds-server-scm/1.3.0-SNAPSHOT/hdds-server-scm-1.3.0-SNAPSHOT-tests.jar:/home/runner/.m2/repository/org/apache/ozone/hdds-container-service/1.3.0-SNAPSHOT/hdds-container-service-1.3.0-SNAPSHOT-tests.jar:/home/runner/.m2/repository/commons-codec/commons-codec/1.11/commons-codec-1.11.jar:/home/runner/.m2/repository/io/netty/netty-codec/4.1.79.Final/netty-codec-4.1.79.Final.jar:/home/runner/.m2/repository/io/netty/netty-handler/4.1.79.Final/netty-handler-4.1.79.Final.jar:/home/runner/.m2/repository/org/apache/ozone/hdds-hadoop-dependency-test/1.3.0-SNAPSHOT/hdds-hadoop-dependency-test-1.3.0-SNAPSHOT.jar:/home/runner/.m2/repository/org/apache/hadoop/hadoop-common/3.3.4/hadoop-common-3.3.4-tests.jar:/home/runner/.m2/repository/org/apache/hadoop/hadoop-hdfs/3.3.4/hadoop-hdfs-3.3.4-tests.jar:/home/runner/.m2/repository/org/assertj/assertj-core/3.12.2/assertj-core-3.12.2.jar:/home/runner/.m2/repository/org/apache/hadoop/hadoop-distcp/3.3.4/hadoop-distcp-3.3.4.jar:/home/runner/.m2/repository/org/apache/hadoop/hadoop-mapreduce-client-jobclient/3.3.4/hadoop-mapreduce-client-jobclient-3.3.4.jar:/home/runner/.m2/repository/org/apache/hadoop/hadoop-mapreduce-client-common/3.3.4/hadoop-mapreduce-client-common-3.3.4.jar:/home/runner/.m2/repository/org/apache/hadoop/hadoop-yarn-common/3.3.4/hadoop-yarn-common-3.3.4.jar:/home/runner/.m2/repository/org/apache/hadoop/hadoop-yarn-api/3.3.4/hadoop-yarn-api-3.3.4.jar:/home/runner/.m2/repository/com/sun/jersey/contribs/jersey-guice/1.19/jersey-guice-1.19.jar:/home/runner/.m2/repository/com/fasterxml/jackson/jaxrs/jackson-jaxrs-json-provider/2.13.4/jackson-jaxrs-json-provider-2.13.4.jar:/home/runner/.m2/repository/com/fasterxml/jackson/jaxrs/jackson-jaxrs-base/2.13.4/jackson-jaxrs-base-2.13.4.jar:/home/runner/.m2/repository/org/apache/hadoop/hadoop-yarn-client/3.3.4/hadoop-yarn-client-3.3.4.jar:/home/runner/.m2/repository/org/eclipse/jetty/websocket/websocket-client/9.4.43.v20210629/websocket-client-9.4.43.v20210629.jar:/home/runner/.m2/repository/org/eclipse/jetty/websocket/websocket-common/9.4.43.v20210629/websocket-common-9.4.43.v20210629.jar:/home/runner/.m2/repository/org/eclipse/jetty/websocket/websocket-api/9.4.43.v20210629/websocket-api-9.4.43.v20210629.jar:/home/runner/.m2/repository/org/jline/jline/3.9.0/jline-3.9.0.jar:/home/runner/.m2/repository/org/apache/hadoop/hadoop-mapreduce-client-core/3.3.4/hadoop-mapreduce-client-core-3.3.4.jar:/home/runner/.m2/repository/org/apache/avro/avro/1.7.7/avro-1.7.7.jar:/home/runner/.m2/repository/org/codehaus/jackson/jackson-core-asl/1.9.13/jackson-core-asl-1.9.13.jar:/home/runner/.m2/repository/org/codehaus/jackson/jackson-mapper-asl/1.9.13/jackson-mapper-asl-1.9.13.jar:/home/runner/.m2/repository/com/thoughtworks/paranamer/paranamer/2.3/paranamer-2.3.jar:/home/runner/.m2/repository/org/apache/hadoop/hadoop-annotations/3.3.4/hadoop-annotations-3.3.4.jar:/usr/lib/jvm/temurin-8-jdk-amd64/jre/../lib/tools.jar:/home/runner/.m2/repository/io/netty/netty/3.10.6.Final/netty-3.10.6.Final.jar:/home/runner/.m2/repository/org/apache/hadoop/hadoop-distcp/3.3.4/hadoop-distcp-3.3.4-tests.jar:/home/runner/.m2/repository/org/slf4j/jul-to-slf4j/1.7.36/jul-to-slf4j-1.7.36.jar:/home/runner/.m2/repository/org/apache/ratis/ratis-common/2.4.0/ratis-common-2.4.0.jar:/home/runner/.m2/repository/org/apache/ratis/ratis-thirdparty-misc/1.0.2/ratis-thirdparty-misc-1.0.2.jar:/home/runner/.m2/repository/org/apache/ratis/ratis-proto/2.4.0/ratis-proto-2.4.0.jar:"/>
    <property name="sun.cpu.endian" value="little"/>
    <property name="user.home" value="/home/runner"/>
    <property name="user.language" value="en"/>
    <property name="java.specification.vendor" value="Oracle Corporation"/>
    <property name="java.home" value="/usr/lib/jvm/temurin-8-jdk-amd64/jre"/>
    <property name="java.security.krb5.conf" value="/home/runner/work/ozone/ozone/hadoop-ozone/integration-test/target/test-classes/krb5.conf"/>
    <property name="basedir" value="/home/runner/work/ozone/ozone/hadoop-ozone/integration-test"/>
    <property name="file.separator" value="/"/>
    <property name="line.separator" value="&#10;"/>
    <property name="java.vm.specification.vendor" value="Oracle Corporation"/>
    <property name="java.specification.name" value="Java Platform API Specification"/>
    <property name="java.awt.graphicsenv" value="sun.awt.X11GraphicsEnvironment"/>
    <property name="skip.installnpx" value="true"/>
    <property name="surefire.real.class.path" value="/home/runner/work/ozone/ozone/hadoop-ozone/integration-test/target/surefire/surefirebooter511252381782606788.jar:/home/runner/.m2/repository/org/jacoco/org.jacoco.agent/0.8.5/org.jacoco.agent-0.8.5-runtime.jar"/>
    <property name="hadoop.log.dir" value="/home/runner/work/ozone/ozone/hadoop-ozone/integration-test/target/log"/>
    <property name="sun.boot.class.path" value="/usr/lib/jvm/temurin-8-jdk-amd64/jre/lib/resources.jar:/usr/lib/jvm/temurin-8-jdk-amd64/jre/lib/rt.jar:/usr/lib/jvm/temurin-8-jdk-amd64/jre/lib/sunrsasign.jar:/usr/lib/jvm/temurin-8-jdk-amd64/jre/lib/jsse.jar:/usr/lib/jvm/temurin-8-jdk-amd64/jre/lib/jce.jar:/usr/lib/jvm/temurin-8-jdk-amd64/jre/lib/charsets.jar:/usr/lib/jvm/temurin-8-jdk-amd64/jre/lib/jfr.jar:/usr/lib/jvm/temurin-8-jdk-amd64/jre/classes"/>
    <property name="sun.management.compiler" value="HotSpot 64-Bit Tiered Compilers"/>
    <property name="skip.npx" value="true"/>
    <property name="java.runtime.version" value="1.8.0_345-b01"/>
    <property name="java.net.preferIPv4Stack" value="true"/>
    <property name="user.name" value="runner"/>
    <property name="path.separator" value=":"/>
    <property name="java.security.egd" value="file:///dev/urandom"/>
    <property name="os.version" value="5.15.0-1022-azure"/>
    <property name="java.endorsed.dirs" value="/usr/lib/jvm/temurin-8-jdk-amd64/jre/lib/endorsed"/>
    <property name="java.runtime.name" value="OpenJDK Runtime Environment"/>
    <property name="file.encoding" value="UTF-8"/>
    <property name="java.vm.name" value="OpenJDK 64-Bit Server VM"/>
    <property name="test.build.webapps" value=""/>
    <property name="localRepository" value="/home/runner/.m2/repository"/>
    <property name="jetty.git.hash" value="4231a3b2e4cb8548a412a789936d640a97b1aa0a"/>
    <property name="java.vendor.url.bug" value="https://github.com/adoptium/adoptium-support/issues"/>
    <property name="java.io.tmpdir" value="/tmp"/>
    <property name="require.test.libhadoop" value=""/>
    <property name="java.version" value="1.8.0_345"/>
    <property name="user.dir" value="/home/runner/work/ozone/ozone/hadoop-ozone/integration-test"/>
    <property name="os.arch" value="amd64"/>
    <property name="java.vm.specification.name" value="Java Virtual Machine Specification"/>
    <property name="test.build.classes" value="/home/runner/work/ozone/ozone/hadoop-ozone/integration-test/target/test-classes"/>
    <property name="java.awt.printerjob" value="sun.print.PSPrinterJob"/>
    <property name="sun.os.patch.level" value="unknown"/>
    <property name="org.apache.ratis.thirdparty.io.netty.allocator.useCacheForAllThreads" value="false"/>
    <property name="hadoop.tmp.dir" value="/home/runner/work/ozone/ozone/hadoop-ozone/integration-test/target/tmp"/>
    <property name="java.library.path" value="/usr/java/packages/lib/amd64:/usr/lib64:/lib64:/lib:/usr/lib"/>
    <property name="java.vm.info" value="mixed mode"/>
    <property name="java.vendor" value="Temurin"/>
    <property name="java.vm.version" value="25.345-b01"/>
    <property name="java.ext.dirs" value="/usr/lib/jvm/temurin-8-jdk-amd64/jre/lib/ext:/usr/java/packages/lib/ext"/>
    <property name="sun.io.unicode.encoding" value="UnicodeLittle"/>
    <property name="java.class.version" value="52.0"/>
  </properties>
  <testcase name="testRatisLogParsing" classname="org.apache.hadoop.ozone.parser.TestOzoneHARatisLogParser" time="78.991">
    <error type="java.util.concurrent.TimeoutException"><![CDATA[java.util.concurrent.TimeoutException: 
Timed out waiting for condition. Thread diagnostics:
Timestamp: 2022-11-10 07:09:21,781

"SSL Certificates Store Monitor" daemon prio=5 tid=684 in Object.wait()
java.lang.Thread.State: WAITING (on object monitor)
        at java.lang.Object.wait(Native Method)
        at java.lang.Object.wait(Object.java:502)
        at java.util.TimerThread.mainLoop(Timer.java:526)
        at java.util.TimerThread.run(Timer.java:505)
"SSL Certificates Store Monitor" daemon prio=5 tid=630 in Object.wait()
java.lang.Thread.State: WAITING (on object monitor)
        at java.lang.Object.wait(Native Method)
        at java.lang.Object.wait(Object.java:502)
        at java.util.TimerThread.mainLoop(Timer.java:526)
        at java.util.TimerThread.run(Timer.java:505)
"FullTableCache Cleanup Thread - 0" daemon prio=5 tid=1096 in Object.wait()
java.lang.Thread.State: WAITING (on object monitor)
        at sun.misc.Unsafe.park(Native Method)
        at java.util.concurrent.locks.LockSupport.park(LockSupport.java:175)
        at java.util.concurrent.locks.AbstractQueuedSynchronizer$ConditionObject.await(AbstractQueuedSynchronizer.java:2039)
        at java.util.concurrent.LinkedBlockingQueue.take(LinkedBlockingQueue.java:442)
        at java.util.concurrent.ThreadPoolExecutor.getTask(ThreadPoolExecutor.java:1074)
        at java.util.concurrent.ThreadPoolExecutor.runWorker(ThreadPoolExecutor.java:1134)
        at java.util.concurrent.ThreadPoolExecutor$Worker.run(ThreadPoolExecutor.java:624)
        at java.lang.Thread.run(Thread.java:750)
"FullTableCache Cleanup Thread - 0" daemon prio=5 tid=1095 in Object.wait()
java.lang.Thread.State: WAITING (on object monitor)
        at sun.misc.Unsafe.park(Native Method)
        at java.util.concurrent.locks.LockSupport.park(LockSupport.java:175)
        at java.util.concurrent.locks.AbstractQueuedSynchronizer$ConditionObject.await(AbstractQueuedSynchronizer.java:2039)
        at java.util.concurrent.LinkedBlockingQueue.take(LinkedBlockingQueue.java:442)
        at java.util.concurrent.ThreadPoolExecutor.getTask(ThreadPoolExecutor.java:1074)
        at java.util.concurrent.ThreadPoolExecutor.runWorker(ThreadPoolExecutor.java:1134)
        at java.util.concurrent.ThreadPoolExecutor$Worker.run(ThreadPoolExecutor.java:624)
        at java.lang.Thread.run(Thread.java:750)
"IPC Parameter Sending Thread #2" daemon prio=5 tid=969 timed_waiting
java.lang.Thread.State: TIMED_WAITING
        at sun.misc.Unsafe.park(Native Method)
        at java.util.concurrent.locks.LockSupport.parkNanos(LockSupport.java:215)
        at java.util.concurrent.SynchronousQueue$TransferStack.awaitFulfill(SynchronousQueue.java:460)
        at java.util.concurrent.SynchronousQueue$TransferStack.transfer(SynchronousQueue.java:362)
        at java.util.concurrent.SynchronousQueue.poll(SynchronousQueue.java:941)
        at java.util.concurrent.ThreadPoolExecutor.getTask(ThreadPoolExecutor.java:1073)
        at java.util.concurrent.ThreadPoolExecutor.runWorker(ThreadPoolExecutor.java:1134)
        at java.util.concurrent.ThreadPoolExecutor$Worker.run(ThreadPoolExecutor.java:624)
        at java.lang.Thread.run(Thread.java:750)
"SSL Certificates Store Monitor" daemon prio=5 tid=741 in Object.wait()
java.lang.Thread.State: WAITING (on object monitor)
        at java.lang.Object.wait(Native Method)
        at java.lang.Object.wait(Object.java:502)
        at java.util.TimerThread.mainLoop(Timer.java:526)
        at java.util.TimerThread.run(Timer.java:505)
"FullTableCache Cleanup Thread - 0" daemon prio=5 tid=1098 in Object.wait()
java.lang.Thread.State: WAITING (on object monitor)
        at sun.misc.Unsafe.park(Native Method)
        at java.util.concurrent.locks.LockSupport.park(LockSupport.java:175)
        at java.util.concurrent.locks.AbstractQueuedSynchronizer$ConditionObject.await(AbstractQueuedSynchronizer.java:2039)
        at java.util.concurrent.LinkedBlockingQueue.take(LinkedBlockingQueue.java:442)
        at java.util.concurrent.ThreadPoolExecutor.getTask(ThreadPoolExecutor.java:1074)
        at java.util.concurrent.ThreadPoolExecutor.runWorker(ThreadPoolExecutor.java:1134)
        at java.util.concurrent.ThreadPoolExecutor$Worker.run(ThreadPoolExecutor.java:624)
        at java.lang.Thread.run(Thread.java:750)
"timer5" daemon prio=5 tid=433 timed_waiting
java.lang.Thread.State: TIMED_WAITING
        at java.lang.Object.wait(Native Method)
        at java.util.TimerThread.mainLoop(Timer.java:552)
        at java.util.TimerThread.run(Timer.java:505)
"EndpointStateMachine task thread for /127.0.0.1:37609 - 0 "  prio=5 tid=939 timed_waiting
java.lang.Thread.State: TIMED_WAITING
        at java.lang.Thread.sleep(Native Method)
        at org.apache.hadoop.ipc.Client$Connection.handleConnectionFailure(Client.java:1005)
        at org.apache.hadoop.ipc.Client$Connection.setupConnection(Client.java:734)
        at org.apache.hadoop.ipc.Client$Connection.setupIOstreams(Client.java:833)
        at org.apache.hadoop.ipc.Client$Connection.access$3800(Client.java:414)
        at org.apache.hadoop.ipc.Client.getConnection(Client.java:1677)
        at org.apache.hadoop.ipc.Client.call(Client.java:1502)
        at org.apache.hadoop.ipc.Client.call(Client.java:1455)
        at org.apache.hadoop.ipc.ProtobufRpcEngine$Invoker.invoke(ProtobufRpcEngine.java:235)
        at org.apache.hadoop.ipc.ProtobufRpcEngine$Invoker.invoke(ProtobufRpcEngine.java:122)
        at com.sun.proxy.$Proxy51.submitRequest(Unknown Source)
        at org.apache.hadoop.ozone.protocolPB.StorageContainerDatanodeProtocolClientSideTranslatorPB.submitRequest(StorageContainerDatanodeProtocolClientSideTranslatorPB.java:117)
        at org.apache.hadoop.ozone.protocolPB.StorageContainerDatanodeProtocolClientSideTranslatorPB.sendHeartbeat(StorageContainerDatanodeProtocolClientSideTranslatorPB.java:149)
        at org.apache.hadoop.ozone.container.common.states.endpoint.HeartbeatEndpointTask.call(HeartbeatEndpointTask.java:185)
        at org.apache.hadoop.ozone.container.common.states.endpoint.HeartbeatEndpointTask.call(HeartbeatEndpointTask.java:87)
        at java.util.concurrent.FutureTask.run(FutureTask.java:266)
        at java.util.concurrent.ThreadPoolExecutor.runWorker(ThreadPoolExecutor.java:1149)
        at java.util.concurrent.ThreadPoolExecutor$Worker.run(ThreadPoolExecutor.java:624)
        at java.lang.Thread.run(Thread.java:750)
"EndpointStateMachine task thread for /127.0.0.1:46315 - 0 "  prio=5 tid=941 timed_waiting
java.lang.Thread.State: TIMED_WAITING
        at java.lang.Thread.sleep(Native Method)
        at org.apache.hadoop.ipc.Client$Connection.handleConnectionFailure(Client.java:1005)
        at org.apache.hadoop.ipc.Client$Connection.setupConnection(Client.java:734)
        at org.apache.hadoop.ipc.Client$Connection.setupIOstreams(Client.java:833)
        at org.apache.hadoop.ipc.Client$Connection.access$3800(Client.java:414)
        at org.apache.hadoop.ipc.Client.getConnection(Client.java:1677)
        at org.apache.hadoop.ipc.Client.call(Client.java:1502)
        at org.apache.hadoop.ipc.Client.call(Client.java:1455)
        at org.apache.hadoop.ipc.ProtobufRpcEngine$Invoker.invoke(ProtobufRpcEngine.java:235)
        at org.apache.hadoop.ipc.ProtobufRpcEngine$Invoker.invoke(ProtobufRpcEngine.java:122)
        at com.sun.proxy.$Proxy51.submitRequest(Unknown Source)
        at org.apache.hadoop.ozone.protocolPB.StorageContainerDatanodeProtocolClientSideTranslatorPB.submitRequest(StorageContainerDatanodeProtocolClientSideTranslatorPB.java:117)
        at org.apache.hadoop.ozone.protocolPB.StorageContainerDatanodeProtocolClientSideTranslatorPB.sendHeartbeat(StorageContainerDatanodeProtocolClientSideTranslatorPB.java:149)
        at org.apache.hadoop.ozone.container.common.states.endpoint.HeartbeatEndpointTask.call(HeartbeatEndpointTask.java:185)
        at org.apache.hadoop.ozone.container.common.states.endpoint.HeartbeatEndpointTask.call(HeartbeatEndpointTask.java:87)
        at java.util.concurrent.FutureTask.run(FutureTask.java:266)
        at java.util.concurrent.ThreadPoolExecutor.runWorker(ThreadPoolExecutor.java:1149)
        at java.util.concurrent.ThreadPoolExecutor$Worker.run(ThreadPoolExecutor.java:624)
        at java.lang.Thread.run(Thread.java:750)
"timer6" daemon prio=5 tid=434 timed_waiting
java.lang.Thread.State: TIMED_WAITING
        at java.lang.Object.wait(Native Method)
        at java.util.TimerThread.mainLoop(Timer.java:552)
        at java.util.TimerThread.run(Timer.java:505)
"Listener at 127.0.0.1/40377" daemon prio=5 tid=12 runnable
java.lang.Thread.State: RUNNABLE
        at java.lang.Thread.dumpThreads(Native Method)
        at java.lang.Thread.getAllStackTraces(Thread.java:1615)
        at org.apache.ozone.test.TimedOutTestsListener.buildThreadDump(TimedOutTestsListener.java:93)
        at org.apache.ozone.test.TimedOutTestsListener.buildThreadDiagnosticString(TimedOutTestsListener.java:79)
        at org.apache.ozone.test.GenericTestUtils.waitFor(GenericTestUtils.java:224)
        at org.apache.hadoop.ozone.parser.TestOzoneHARatisLogParser.testRatisLogParsing(TestOzoneHARatisLogParser.java:129)
        at sun.reflect.NativeMethodAccessorImpl.invoke0(Native Method)
        at sun.reflect.NativeMethodAccessorImpl.invoke(NativeMethodAccessorImpl.java:62)
        at sun.reflect.DelegatingMethodAccessorImpl.invoke(DelegatingMethodAccessorImpl.java:43)
        at java.lang.reflect.Method.invoke(Method.java:498)
        at org.junit.runners.model.FrameworkMethod$1.runReflectiveCall(FrameworkMethod.java:59)
        at org.junit.internal.runners.model.ReflectiveCallable.run(ReflectiveCallable.java:12)
        at org.junit.runners.model.FrameworkMethod.invokeExplosively(FrameworkMethod.java:56)
        at org.junit.internal.runners.statements.InvokeMethod.evaluate(InvokeMethod.java:17)
        at org.junit.internal.runners.statements.RunBefores.evaluate(RunBefores.java:26)
        at org.junit.internal.runners.statements.RunAfters.evaluate(RunAfters.java:27)
        at org.junit.internal.runners.statements.FailOnTimeout$CallableStatement.call(FailOnTimeout.java:288)
        at org.junit.internal.runners.statements.FailOnTimeout$CallableStatement.call(FailOnTimeout.java:282)
        at java.util.concurrent.FutureTask.run(FutureTask.java:266)
        at java.lang.Thread.run(Thread.java:750)
"surefire-forkedjvm-command-thread" daemon prio=5 tid=10 runnable
java.lang.Thread.State: RUNNABLE
        at java.io.FileInputStream.readBytes(Native Method)
        at java.io.FileInputStream.read(FileInputStream.java:255)
        at java.io.BufferedInputStream.read1(BufferedInputStream.java:284)
        at java.io.BufferedInputStream.read(BufferedInputStream.java:345)
        at java.io.BufferedInputStream.fill(BufferedInputStream.java:246)
        at java.io.BufferedInputStream.read1(BufferedInputStream.java:286)
        at java.io.BufferedInputStream.read(BufferedInputStream.java:345)
        at org.apache.maven.surefire.api.util.internal.Channels$3.readImpl(Channels.java:214)
        at org.apache.maven.surefire.api.util.internal.AbstractNoninterruptibleReadableChannel.read(AbstractNoninterruptibleReadableChannel.java:54)
        at org.apache.maven.surefire.booter.spi.LegacyMasterProcessChannelDecoder.decode(LegacyMasterProcessChannelDecoder.java:80)
        at org.apache.maven.surefire.booter.CommandReader$CommandRunnable.run(CommandReader.java:343)
        at java.lang.Thread.run(Thread.java:750)
"Finalizer" daemon prio=8 tid=3 in Object.wait()
java.lang.Thread.State: WAITING (on object monitor)
        at java.lang.Object.wait(Native Method)
        at java.lang.ref.ReferenceQueue.remove(ReferenceQueue.java:144)
        at java.lang.ref.ReferenceQueue.remove(ReferenceQueue.java:165)
        at java.lang.ref.Finalizer$FinalizerThread.run(Finalizer.java:216)
"timer2" daemon prio=5 tid=427 timed_waiting
java.lang.Thread.State: TIMED_WAITING
        at java.lang.Object.wait(Native Method)
        at java.util.TimerThread.mainLoop(Timer.java:552)
        at java.util.TimerThread.run(Timer.java:505)
"timer1" daemon prio=5 tid=426 timed_waiting
java.lang.Thread.State: TIMED_WAITING
        at java.lang.Object.wait(Native Method)
        at java.util.TimerThread.mainLoop(Timer.java:552)
        at java.util.TimerThread.run(Timer.java:505)
"Signal Dispatcher" daemon prio=9 tid=4 runnable
java.lang.Thread.State: RUNNABLE
"main"  prio=5 tid=1 timed_waiting
java.lang.Thread.State: TIMED_WAITING
        at sun.misc.Unsafe.park(Native Method)
        at java.util.concurrent.locks.LockSupport.parkNanos(LockSupport.java:215)
        at java.util.concurrent.FutureTask.awaitDone(FutureTask.java:426)
        at java.util.concurrent.FutureTask.get(FutureTask.java:204)
        at org.junit.internal.runners.statements.FailOnTimeout.getResult(FailOnTimeout.java:156)
        at org.junit.internal.runners.statements.FailOnTimeout.evaluate(FailOnTimeout.java:129)
        at org.junit.runners.ParentRunner$3.evaluate(ParentRunner.java:306)
        at org.junit.runners.BlockJUnit4ClassRunner$1.evaluate(BlockJUnit4ClassRunner.java:100)
        at org.junit.runners.ParentRunner.runLeaf(ParentRunner.java:366)
        at org.junit.runners.BlockJUnit4ClassRunner.runChild(BlockJUnit4ClassRunner.java:103)
        at org.junit.runners.BlockJUnit4ClassRunner.runChild(BlockJUnit4ClassRunner.java:63)
        at org.junit.runners.ParentRunner$4.run(ParentRunner.java:331)
        at org.junit.runners.ParentRunner$1.schedule(ParentRunner.java:79)
        at org.junit.runners.ParentRunner.runChildren(ParentRunner.java:329)
        at org.junit.runners.ParentRunner.access$100(ParentRunner.java:66)
        at org.junit.runners.ParentRunner$2.evaluate(ParentRunner.java:293)
        at org.junit.runners.ParentRunner$3.evaluate(ParentRunner.java:306)
        at org.junit.runners.ParentRunner.run(ParentRunner.java:413)
        at org.junit.runner.JUnitCore.run(JUnitCore.java:137)
        at org.junit.runner.JUnitCore.run(JUnitCore.java:115)
        at org.junit.vintage.engine.execution.RunnerExecutor.execute(RunnerExecutor.java:42)
        at org.junit.vintage.engine.VintageTestEngine.executeAllChildren(VintageTestEngine.java:80)
        at org.junit.vintage.engine.VintageTestEngine.execute(VintageTestEngine.java:72)
        at org.junit.platform.launcher.core.EngineExecutionOrchestrator.execute(EngineExecutionOrchestrator.java:107)
        at org.junit.platform.launcher.core.EngineExecutionOrchestrator.execute(EngineExecutionOrchestrator.java:88)
        at org.junit.platform.launcher.core.EngineExecutionOrchestrator.lambda$execute$0(EngineExecutionOrchestrator.java:54)
        at org.junit.platform.launcher.core.EngineExecutionOrchestrator$$Lambda$188/1661406123.accept(Unknown Source)
        at org.junit.platform.launcher.core.EngineExecutionOrchestrator.withInterceptedStreams(EngineExecutionOrchestrator.java:67)
        at org.junit.platform.launcher.core.EngineExecutionOrchestrator.execute(EngineExecutionOrchestrator.java:52)
        at org.junit.platform.launcher.core.DefaultLauncher.execute(DefaultLauncher.java:114)
        at org.junit.platform.launcher.core.DefaultLauncher.execute(DefaultLauncher.java:86)
        at org.junit.platform.launcher.core.DefaultLauncherSession$DelegatingLauncher.execute(DefaultLauncherSession.java:86)
        at org.junit.platform.launcher.core.SessionPerRequestLauncher.execute(SessionPerRequestLauncher.java:53)
        at org.apache.maven.surefire.junitplatform.JUnitPlatformProvider.execute(JUnitPlatformProvider.java:188)
        at org.apache.maven.surefire.junitplatform.JUnitPlatformProvider.invokeAllTests(JUnitPlatformProvider.java:154)
        at org.apache.maven.surefire.junitplatform.JUnitPlatformProvider.invoke(JUnitPlatformProvider.java:124)
        at org.apache.maven.surefire.booter.ForkedBooter.runSuitesInProcess(ForkedBooter.java:428)
        at org.apache.maven.surefire.booter.ForkedBooter.execute(ForkedBooter.java:162)
        at org.apache.maven.surefire.booter.ForkedBooter.run(ForkedBooter.java:562)
        at org.apache.maven.surefire.booter.ForkedBooter.main(ForkedBooter.java:548)
"IPC Parameter Sending Thread #1" daemon prio=5 tid=909 timed_waiting
java.lang.Thread.State: TIMED_WAITING
        at sun.misc.Unsafe.park(Native Method)
        at java.util.concurrent.locks.LockSupport.parkNanos(LockSupport.java:215)
        at java.util.concurrent.SynchronousQueue$TransferStack.awaitFulfill(SynchronousQueue.java:460)
        at java.util.concurrent.SynchronousQueue$TransferStack.transfer(SynchronousQueue.java:362)
        at java.util.concurrent.SynchronousQueue.poll(SynchronousQueue.java:941)
        at java.util.concurrent.ThreadPoolExecutor.getTask(ThreadPoolExecutor.java:1073)
        at java.util.concurrent.ThreadPoolExecutor.runWorker(ThreadPoolExecutor.java:1134)
        at java.util.concurrent.ThreadPoolExecutor$Worker.run(ThreadPoolExecutor.java:624)
        at java.lang.Thread.run(Thread.java:750)
"timer4" daemon prio=5 tid=432 timed_waiting
java.lang.Thread.State: TIMED_WAITING
        at java.lang.Object.wait(Native Method)
        at java.util.TimerThread.mainLoop(Timer.java:552)
        at java.util.TimerThread.run(Timer.java:505)
"process reaper" daemon prio=10 tid=13 timed_waiting
java.lang.Thread.State: TIMED_WAITING
        at sun.misc.Unsafe.park(Native Method)
        at java.util.concurrent.locks.LockSupport.parkNanos(LockSupport.java:215)
        at java.util.concurrent.SynchronousQueue$TransferStack.awaitFulfill(SynchronousQueue.java:460)
        at java.util.concurrent.SynchronousQueue$TransferStack.transfer(SynchronousQueue.java:362)
        at java.util.concurrent.SynchronousQueue.poll(SynchronousQueue.java:941)
        at java.util.concurrent.ThreadPoolExecutor.getTask(ThreadPoolExecutor.java:1073)
        at java.util.concurrent.ThreadPoolExecutor.runWorker(ThreadPoolExecutor.java:1134)
        at java.util.concurrent.ThreadPoolExecutor$Worker.run(ThreadPoolExecutor.java:624)
        at java.lang.Thread.run(Thread.java:750)
"timer7" daemon prio=5 tid=435 timed_waiting
java.lang.Thread.State: TIMED_WAITING
        at java.lang.Object.wait(Native Method)
        at java.util.TimerThread.mainLoop(Timer.java:552)
        at java.util.TimerThread.run(Timer.java:505)
"timer0" daemon prio=5 tid=547 timed_waiting
java.lang.Thread.State: TIMED_WAITING
        at java.lang.Object.wait(Native Method)
        at java.util.TimerThread.mainLoop(Timer.java:552)
        at java.util.TimerThread.run(Timer.java:505)
"FullTableCache Cleanup Thread - 0" daemon prio=5 tid=1094 in Object.wait()
java.lang.Thread.State: WAITING (on object monitor)
        at sun.misc.Unsafe.park(Native Method)
        at java.util.concurrent.locks.LockSupport.park(LockSupport.java:175)
        at java.util.concurrent.locks.AbstractQueuedSynchronizer$ConditionObject.await(AbstractQueuedSynchronizer.java:2039)
        at java.util.concurrent.LinkedBlockingQueue.take(LinkedBlockingQueue.java:442)
        at java.util.concurrent.ThreadPoolExecutor.getTask(ThreadPoolExecutor.java:1074)
        at java.util.concurrent.ThreadPoolExecutor.runWorker(ThreadPoolExecutor.java:1134)
        at java.util.concurrent.ThreadPoolExecutor$Worker.run(ThreadPoolExecutor.java:624)
        at java.lang.Thread.run(Thread.java:750)
"timer3" daemon prio=5 tid=431 timed_waiting
java.lang.Thread.State: TIMED_WAITING
        at java.lang.Object.wait(Native Method)
        at java.util.TimerThread.mainLoop(Timer.java:552)
        at java.util.TimerThread.run(Timer.java:505)
"IPC Parameter Sending Thread #0" daemon prio=5 tid=278 timed_waiting
java.lang.Thread.State: TIMED_WAITING
        at sun.misc.Unsafe.park(Native Method)
        at java.util.concurrent.locks.LockSupport.parkNanos(LockSupport.java:215)
        at java.util.concurrent.SynchronousQueue$TransferStack.awaitFulfill(SynchronousQueue.java:460)
        at java.util.concurrent.SynchronousQueue$TransferStack.transfer(SynchronousQueue.java:362)
        at java.util.concurrent.SynchronousQueue.poll(SynchronousQueue.java:941)
        at java.util.concurrent.ThreadPoolExecutor.getTask(ThreadPoolExecutor.java:1073)
        at java.util.concurrent.ThreadPoolExecutor.runWorker(ThreadPoolExecutor.java:1134)
        at java.util.concurrent.ThreadPoolExecutor$Worker.run(ThreadPoolExecutor.java:624)
        at java.lang.Thread.run(Thread.java:750)
"Reference Handler" daemon prio=10 tid=2 in Object.wait()
java.lang.Thread.State: WAITING (on object monitor)
        at java.lang.Object.wait(Native Method)
        at java.lang.Object.wait(Object.java:502)
        at java.lang.ref.Reference.tryHandlePending(Reference.java:191)
        at java.lang.ref.Reference$ReferenceHandler.run(Reference.java:153)
"FullTableCache Cleanup Thread - 0" daemon prio=5 tid=1097 in Object.wait()
java.lang.Thread.State: WAITING (on object monitor)
        at sun.misc.Unsafe.park(Native Method)
        at java.util.concurrent.locks.LockSupport.park(LockSupport.java:175)
        at java.util.concurrent.locks.AbstractQueuedSynchronizer$ConditionObject.await(AbstractQueuedSynchronizer.java:2039)
        at java.util.concurrent.LinkedBlockingQueue.take(LinkedBlockingQueue.java:442)
        at java.util.concurrent.ThreadPoolExecutor.getTask(ThreadPoolExecutor.java:1074)
        at java.util.concurrent.ThreadPoolExecutor.runWorker(ThreadPoolExecutor.java:1134)
        at java.util.concurrent.ThreadPoolExecutor$Worker.run(ThreadPoolExecutor.java:624)
        at java.lang.Thread.run(Thread.java:750)
"EndpointStateMachine task thread for /127.0.0.1:34127 - 0 "  prio=5 tid=940 timed_waiting
java.lang.Thread.State: TIMED_WAITING
        at java.lang.Thread.sleep(Native Method)
        at org.apache.hadoop.ipc.Client$Connection.handleConnectionFailure(Client.java:1005)
        at org.apache.hadoop.ipc.Client$Connection.setupConnection(Client.java:734)
        at org.apache.hadoop.ipc.Client$Connection.setupIOstreams(Client.java:833)
        at org.apache.hadoop.ipc.Client$Connection.access$3800(Client.java:414)
        at org.apache.hadoop.ipc.Client.getConnection(Client.java:1677)
        at org.apache.hadoop.ipc.Client.call(Client.java:1502)
        at org.apache.hadoop.ipc.Client.call(Client.java:1455)
        at org.apache.hadoop.ipc.ProtobufRpcEngine$Invoker.invoke(ProtobufRpcEngine.java:235)
        at org.apache.hadoop.ipc.ProtobufRpcEngine$Invoker.invoke(ProtobufRpcEngine.java:122)
        at com.sun.proxy.$Proxy51.submitRequest(Unknown Source)
        at org.apache.hadoop.ozone.protocolPB.StorageContainerDatanodeProtocolClientSideTranslatorPB.submitRequest(StorageContainerDatanodeProtocolClientSideTranslatorPB.java:117)
        at org.apache.hadoop.ozone.protocolPB.StorageContainerDatanodeProtocolClientSideTranslatorPB.sendHeartbeat(StorageContainerDatanodeProtocolClientSideTranslatorPB.java:149)
        at org.apache.hadoop.ozone.container.common.states.endpoint.HeartbeatEndpointTask.call(HeartbeatEndpointTask.java:185)
        at org.apache.hadoop.ozone.container.common.states.endpoint.HeartbeatEndpointTask.call(HeartbeatEndpointTask.java:87)
        at java.util.concurrent.FutureTask.run(FutureTask.java:266)
        at java.util.concurrent.ThreadPoolExecutor.runWorker(ThreadPoolExecutor.java:1149)
        at java.util.concurrent.ThreadPoolExecutor$Worker.run(ThreadPoolExecutor.java:624)
        at java.lang.Thread.run(Thread.java:750)
"FullTableCache Cleanup Thread - 0" daemon prio=5 tid=1093 in Object.wait()
java.lang.Thread.State: WAITING (on object monitor)
        at sun.misc.Unsafe.park(Native Method)
        at java.util.concurrent.locks.LockSupport.park(LockSupport.java:175)
        at java.util.concurrent.locks.AbstractQueuedSynchronizer$ConditionObject.await(AbstractQueuedSynchronizer.java:2039)
        at java.util.concurrent.LinkedBlockingQueue.take(LinkedBlockingQueue.java:442)
        at java.util.concurrent.ThreadPoolExecutor.getTask(ThreadPoolExecutor.java:1074)
        at java.util.concurrent.ThreadPoolExecutor.runWorker(ThreadPoolExecutor.java:1134)
        at java.util.concurrent.ThreadPoolExecutor$Worker.run(ThreadPoolExecutor.java:624)
        at java.lang.Thread.run(Thread.java:750)


	at org.apache.ozone.test.GenericTestUtils.waitFor(GenericTestUtils.java:224)
	at org.apache.hadoop.ozone.parser.TestOzoneHARatisLogParser.testRatisLogParsing(TestOzoneHARatisLogParser.java:129)
	at sun.reflect.NativeMethodAccessorImpl.invoke0(Native Method)
	at sun.reflect.NativeMethodAccessorImpl.invoke(NativeMethodAccessorImpl.java:62)
	at sun.reflect.DelegatingMethodAccessorImpl.invoke(DelegatingMethodAccessorImpl.java:43)
	at java.lang.reflect.Method.invoke(Method.java:498)
	at org.junit.runners.model.FrameworkMethod$1.runReflectiveCall(FrameworkMethod.java:59)
	at org.junit.internal.runners.model.ReflectiveCallable.run(ReflectiveCallable.java:12)
	at org.junit.runners.model.FrameworkMethod.invokeExplosively(FrameworkMethod.java:56)
	at org.junit.internal.runners.statements.InvokeMethod.evaluate(InvokeMethod.java:17)
	at org.junit.internal.runners.statements.RunBefores.evaluate(RunBefores.java:26)
	at org.junit.internal.runners.statements.RunAfters.evaluate(RunAfters.java:27)
	at org.junit.internal.runners.statements.FailOnTimeout$CallableStatement.call(FailOnTimeout.java:288)
	at org.junit.internal.runners.statements.FailOnTimeout$CallableStatement.call(FailOnTimeout.java:282)
	at java.util.concurrent.FutureTask.run(FutureTask.java:266)
	at java.lang.Thread.run(Thread.java:750)
]]></error>
    <system-out><![CDATA[2022-11-10 07:08:03,197 [Time-limited test] WARN  server.ServerUtils (ServerUtils.java:getScmDbDir(148)) - ozone.scm.db.dirs is not configured. We recommend adding this setting. Falling back to ozone.metadata.dirs instead.
2022-11-10 07:08:03,221 [Time-limited test] INFO  ha.SCMHANodeDetails (SCMHANodeDetails.java:loadSCMHAConfig(209)) - ServiceID for StorageContainerManager is scmServiceId
2022-11-10 07:08:03,229 [Time-limited test] INFO  ha.SCMHANodeDetails (SCMHANodeDetails.java:loadSCMHAConfig(220)) - ServiceID for StorageContainerManager is scmServiceId
2022-11-10 07:08:03,288 [Time-limited test] WARN  scm.ScmUtils (ScmUtils.java:logWarn(190)) - ConfigKey ozone.scm.block.client.address is deprecated, For configuring different ports for each SCM use PortConfigKey ozone.scm.block.client.port appended with serviceId and nodeId. If want to configure same port configure ozone.scm.block.client.port
2022-11-10 07:08:03,288 [Time-limited test] WARN  scm.ScmUtils (ScmUtils.java:logWarn(190)) - ConfigKey ozone.scm.client.address is deprecated, For configuring different ports for each SCM use PortConfigKey ozone.scm.client.port appended with serviceId and nodeId. If want to configure same port configure ozone.scm.client.port
2022-11-10 07:08:03,289 [Time-limited test] WARN  scm.ScmUtils (ScmUtils.java:logWarn(190)) - ConfigKey ozone.scm.datanode.address is deprecated, For configuring different ports for each SCM use PortConfigKey ozone.scm.datanode.port appended with serviceId and nodeId. If want to configure same port configure ozone.scm.datanode.port
2022-11-10 07:08:03,290 [Time-limited test] WARN  scm.ScmUtils (ScmUtils.java:logWarn(190)) - ConfigKey ozone.scm.block.client.address is deprecated, For configuring different ports for each SCM use PortConfigKey ozone.scm.block.client.port appended with serviceId and nodeId. If want to configure same port configure ozone.scm.block.client.port
2022-11-10 07:08:03,291 [Time-limited test] WARN  scm.ScmUtils (ScmUtils.java:logWarn(190)) - ConfigKey ozone.scm.client.address is deprecated, For configuring different ports for each SCM use PortConfigKey ozone.scm.client.port appended with serviceId and nodeId. If want to configure same port configure ozone.scm.client.port
2022-11-10 07:08:03,291 [Time-limited test] WARN  scm.ScmUtils (ScmUtils.java:logWarn(190)) - ConfigKey ozone.scm.datanode.address is deprecated, For configuring different ports for each SCM use PortConfigKey ozone.scm.datanode.port appended with serviceId and nodeId. If want to configure same port configure ozone.scm.datanode.port
2022-11-10 07:08:03,291 [Time-limited test] INFO  ha.SCMHANodeDetails (SCMHANodeDetails.java:loadSCMHAConfig(307)) - Found matching SCM address with SCMServiceId: scmServiceId, SCMNodeId: scmNode-1, RPC Address: localhost:46459 and Ratis port: 46459
2022-11-10 07:08:03,292 [Time-limited test] INFO  ha.SCMHANodeDetails (ConfUtils.java:setNodeSpecificConfigs(97)) - Setting configuration key ozone.scm.datanode.address with value of key ozone.scm.datanode.address.scmServiceId.scmNode-1: 127.0.0.1:37609
2022-11-10 07:08:03,292 [Time-limited test] INFO  ha.SCMHANodeDetails (ConfUtils.java:setNodeSpecificConfigs(97)) - Setting configuration key ozone.scm.block.client.address with value of key ozone.scm.block.client.address.scmServiceId.scmNode-1: 127.0.0.1:46059
2022-11-10 07:08:03,292 [Time-limited test] INFO  ha.SCMHANodeDetails (ConfUtils.java:setNodeSpecificConfigs(97)) - Setting configuration key ozone.scm.client.address with value of key ozone.scm.client.address.scmServiceId.scmNode-1: 127.0.0.1:46869
2022-11-10 07:08:03,292 [Time-limited test] INFO  ha.SCMHANodeDetails (ConfUtils.java:setNodeSpecificConfigs(97)) - Setting configuration key ozone.scm.ratis.port with value of key ozone.scm.ratis.port.scmServiceId.scmNode-1: 46459
2022-11-10 07:08:03,292 [Time-limited test] INFO  ha.SCMHANodeDetails (ConfUtils.java:setNodeSpecificConfigs(97)) - Setting configuration key ozone.scm.grpc.port with value of key ozone.scm.grpc.port.scmServiceId.scmNode-1: 38237
2022-11-10 07:08:03,292 [Time-limited test] INFO  ha.SCMHANodeDetails (ConfUtils.java:setNodeSpecificConfigs(97)) - Setting configuration key ozone.scm.http-address with value of key ozone.scm.http-address.scmServiceId.scmNode-1: 127.0.0.1:38757
2022-11-10 07:08:03,293 [Time-limited test] INFO  ha.SCMHANodeDetails (ConfUtils.java:setNodeSpecificConfigs(97)) - Setting configuration key ozone.scm.https-address with value of key ozone.scm.https-address.scmServiceId.scmNode-1: 127.0.0.1:46023
2022-11-10 07:08:03,293 [Time-limited test] INFO  ha.SCMHANodeDetails (ConfUtils.java:setNodeSpecificConfigs(97)) - Setting configuration key ozone.scm.address with value of key ozone.scm.address.scmServiceId.scmNode-1: 127.0.0.1
2022-11-10 07:08:03,293 [Time-limited test] WARN  scm.ScmUtils (ScmUtils.java:logWarn(190)) - ConfigKey ozone.scm.block.client.address is deprecated, For configuring different ports for each SCM use PortConfigKey ozone.scm.block.client.port appended with serviceId and nodeId. If want to configure same port configure ozone.scm.block.client.port
2022-11-10 07:08:03,293 [Time-limited test] WARN  scm.ScmUtils (ScmUtils.java:logWarn(190)) - ConfigKey ozone.scm.client.address is deprecated, For configuring different ports for each SCM use PortConfigKey ozone.scm.client.port appended with serviceId and nodeId. If want to configure same port configure ozone.scm.client.port
2022-11-10 07:08:03,293 [Time-limited test] WARN  scm.ScmUtils (ScmUtils.java:logWarn(190)) - ConfigKey ozone.scm.datanode.address is deprecated, For configuring different ports for each SCM use PortConfigKey ozone.scm.datanode.port appended with serviceId and nodeId. If want to configure same port configure ozone.scm.datanode.port
2022-11-10 07:08:03,360 [Time-limited test] INFO  server.RaftServer (ConfUtils.java:logGet(46)) - raft.rpc.type = GRPC (default)
2022-11-10 07:08:03,444 [Time-limited test] INFO  grpc.GrpcConfigKeys (ConfUtils.java:logFallback(53)) - raft.grpc.admin.host = null (fallback to raft.grpc.server.host)
2022-11-10 07:08:03,445 [Time-limited test] INFO  grpc.GrpcConfigKeys (ConfUtils.java:logFallback(53)) - raft.grpc.admin.port = 46459 (fallback to raft.grpc.server.port)
2022-11-10 07:08:03,446 [Time-limited test] INFO  grpc.GrpcConfigKeys (ConfUtils.java:logFallback(53)) - raft.grpc.client.host = null (fallback to raft.grpc.server.host)
2022-11-10 07:08:03,446 [Time-limited test] INFO  grpc.GrpcConfigKeys (ConfUtils.java:logFallback(53)) - raft.grpc.client.port = 46459 (fallback to raft.grpc.server.port)
2022-11-10 07:08:03,446 [Time-limited test] INFO  grpc.GrpcConfigKeys (ConfUtils.java:logGet(46)) - raft.grpc.server.host = null (default)
2022-11-10 07:08:03,446 [Time-limited test] INFO  grpc.GrpcConfigKeys (ConfUtils.java:logGet(46)) - raft.grpc.server.port = 46459 (custom)
2022-11-10 07:08:03,447 [Time-limited test] INFO  server.GrpcService (ConfUtils.java:logGet(46)) - raft.grpc.message.size.max = 32m (=33554432) (custom)
2022-11-10 07:08:03,449 [Time-limited test] INFO  server.RaftServerConfigKeys (ConfUtils.java:logGet(46)) - raft.server.log.appender.buffer.byte-limit = 33554432 (custom)
2022-11-10 07:08:03,449 [Time-limited test] INFO  server.GrpcService (ConfUtils.java:logGet(46)) - raft.grpc.flow.control.window = 1MB (=1048576) (default)
2022-11-10 07:08:03,450 [Time-limited test] INFO  server.RaftServerConfigKeys (ConfUtils.java:logGet(46)) - raft.server.rpc.request.timeout = 30000ms (custom)
2022-11-10 07:08:03,468 [Time-limited test] INFO  grpc.GrpcConfigKeys (ConfUtils.java:logGet(46)) - raft.grpc.server.heartbeat.channel = true (default)
2022-11-10 07:08:03,471 [Time-limited test] INFO  grpc.GrpcConfigKeys (ConfUtils.java:logGet(46)) - raft.grpc.server.async.request.thread.pool.cached = true (default)
2022-11-10 07:08:03,471 [Time-limited test] INFO  grpc.GrpcConfigKeys (ConfUtils.java:logGet(46)) - raft.grpc.server.async.request.thread.pool.size = 32 (default)
2022-11-10 07:08:03,793 [Time-limited test] INFO  impl.DataStreamServerImpl (ConfUtils.java:logGet(46)) - raft.datastream.type = DISABLED (default)
2022-11-10 07:08:03,795 [Time-limited test] INFO  server.RaftServerConfigKeys (ConfUtils.java:logGet(46)) - raft.server.threadpool.proxy.cached = true (default)
2022-11-10 07:08:03,796 [Time-limited test] INFO  server.RaftServerConfigKeys (ConfUtils.java:logGet(46)) - raft.server.threadpool.proxy.size = 0 (default)
2022-11-10 07:08:03,796 [Time-limited test] INFO  server.RaftServerConfigKeys (ConfUtils.java:logGet(46)) - raft.server.rpc.slowness.timeout = 120000ms (custom)
2022-11-10 07:08:03,796 [Time-limited test] INFO  server.RaftServerConfigKeys (ConfUtils.java:logGet(46)) - raft.server.leaderelection.leader.step-down.wait-time = 10s (default)
2022-11-10 07:08:03,800 [Time-limited test] INFO  server.RaftServerConfigKeys (ConfUtils.java:logGet(46)) - raft.server.storage.dir = [/home/runner/work/ozone/ozone/hadoop-ozone/integration-test/target/test-dir/MiniOzoneClusterImpl-a89f51d4-237d-44f8-8386-a6bae3bff50d/scmNode-1/scm-ha] (custom)
2022-11-10 07:08:03,806 [Time-limited test] INFO  server.RaftServer (RaftServerProxy.java:addNew(96)) - c8e5d44d-3ae5-47f4-8fed-77a3ea3a3924: addNew group-A6BAE3BFF50D:[c8e5d44d-3ae5-47f4-8fed-77a3ea3a3924|rpc:localhost:46459|priority:0|startupRole:FOLLOWER] returns group-A6BAE3BFF50D:java.util.concurrent.CompletableFuture@7b7f61f4[Not completed]
2022-11-10 07:08:03,825 [pool-2-thread-1] INFO  server.RaftServer$Division (RaftServerImpl.java:<init>(195)) - c8e5d44d-3ae5-47f4-8fed-77a3ea3a3924: new RaftServerImpl for group-A6BAE3BFF50D:[c8e5d44d-3ae5-47f4-8fed-77a3ea3a3924|rpc:localhost:46459|priority:0|startupRole:FOLLOWER] with SCMStateMachine:uninitialized
2022-11-10 07:08:03,836 [pool-2-thread-1] INFO  server.RaftServerConfigKeys (ConfUtils.java:logGet(46)) - raft.server.rpc.timeout.min = 5000ms (custom)
2022-11-10 07:08:03,836 [pool-2-thread-1] INFO  server.RaftServerConfigKeys (ConfUtils.java:logGet(46)) - raft.server.rpc.timeout.max = 5200ms (custom)
2022-11-10 07:08:03,837 [pool-2-thread-1] INFO  server.RaftServerConfigKeys (ConfUtils.java:logGet(46)) - raft.server.rpc.sleep.time = 25ms (default)
2022-11-10 07:08:03,837 [pool-2-thread-1] INFO  server.RaftServerConfigKeys (ConfUtils.java:logGet(46)) - raft.server.rpc.slowness.timeout = 120000ms (custom)
2022-11-10 07:08:03,837 [pool-2-thread-1] INFO  server.RaftServerConfigKeys (ConfUtils.java:logGet(46)) - raft.server.leaderelection.leader.step-down.wait-time = 10s (default)
2022-11-10 07:08:03,837 [pool-2-thread-1] INFO  server.RaftServerConfigKeys (ConfUtils.java:logGet(46)) - raft.server.sleep.deviation.threshold = 300ms (default)
2022-11-10 07:08:03,843 [pool-2-thread-1] INFO  server.RaftServer$Division (ServerState.java:<init>(118)) - c8e5d44d-3ae5-47f4-8fed-77a3ea3a3924@group-A6BAE3BFF50D: ConfigurationManager, init=-1: peers:[c8e5d44d-3ae5-47f4-8fed-77a3ea3a3924|rpc:localhost:46459|priority:0|startupRole:FOLLOWER]|listeners:[], old=null, confs=<EMPTY_MAP>
2022-11-10 07:08:03,844 [pool-2-thread-1] INFO  server.RaftServerConfigKeys (ConfUtils.java:logGet(46)) - raft.server.storage.dir = [/home/runner/work/ozone/ozone/hadoop-ozone/integration-test/target/test-dir/MiniOzoneClusterImpl-a89f51d4-237d-44f8-8386-a6bae3bff50d/scmNode-1/scm-ha] (custom)
2022-11-10 07:08:03,850 [pool-2-thread-1] INFO  server.RaftServerConfigKeys (ConfUtils.java:logGet(46)) - raft.server.log.corruption.policy = EXCEPTION (default)
2022-11-10 07:08:03,851 [pool-2-thread-1] INFO  server.RaftServerConfigKeys (ConfUtils.java:logGet(46)) - raft.server.storage.free-space.min = 0MB (=0) (default)
2022-11-10 07:08:03,857 [pool-2-thread-1] INFO  server.RaftServerConfigKeys (ConfUtils.java:logGet(46)) - raft.server.notification.no-leader.timeout = 60s (default)
2022-11-10 07:08:03,860 [pool-2-thread-1] INFO  server.RaftServerConfigKeys (ConfUtils.java:logGet(46)) - raft.server.retrycache.expirytime = 60000ms (default)
2022-11-10 07:08:03,860 [pool-2-thread-1] INFO  server.RaftServerConfigKeys (ConfUtils.java:logGet(46)) - raft.server.retrycache.statistics.expirytime = 100μs (default)
2022-11-10 07:08:03,909 [pool-2-thread-1] INFO  metrics.MetricRegistries (MetricRegistriesLoader.java:load(64)) - Loaded MetricRegistries class org.apache.ratis.metrics.impl.MetricRegistriesImpl
2022-11-10 07:08:03,990 [pool-2-thread-1] INFO  server.RaftServerConfigKeys (ConfUtils.java:logGet(46)) - raft.server.log.appender.install.snapshot.enabled = false (custom)
2022-11-10 07:08:03,990 [pool-2-thread-1] INFO  server.RaftServerConfigKeys (ConfUtils.java:logGet(46)) - raft.server.threadpool.server.cached = true (default)
2022-11-10 07:08:03,991 [pool-2-thread-1] INFO  server.RaftServerConfigKeys (ConfUtils.java:logGet(46)) - raft.server.threadpool.server.size = 0 (default)
2022-11-10 07:08:03,991 [pool-2-thread-1] INFO  server.RaftServerConfigKeys (ConfUtils.java:logGet(46)) - raft.server.threadpool.client.cached = true (default)
2022-11-10 07:08:03,991 [pool-2-thread-1] INFO  server.RaftServerConfigKeys (ConfUtils.java:logGet(46)) - raft.server.threadpool.client.size = 0 (default)
2022-11-10 07:08:03,992 [c8e5d44d-3ae5-47f4-8fed-77a3ea3a3924-impl-thread1] INFO  storage.RaftStorageDirectory (RaftStorageDirectoryImpl.java:analyzeStorage(137)) - The storage directory /home/runner/work/ozone/ozone/hadoop-ozone/integration-test/target/test-dir/MiniOzoneClusterImpl-a89f51d4-237d-44f8-8386-a6bae3bff50d/scmNode-1/scm-ha/a89f51d4-237d-44f8-8386-a6bae3bff50d does not exist. Creating ...
2022-11-10 07:08:03,996 [c8e5d44d-3ae5-47f4-8fed-77a3ea3a3924-impl-thread1] INFO  storage.RaftStorageDirectory (RaftStorageDirectoryImpl.java:tryLock(231)) - Lock on /home/runner/work/ozone/ozone/hadoop-ozone/integration-test/target/test-dir/MiniOzoneClusterImpl-a89f51d4-237d-44f8-8386-a6bae3bff50d/scmNode-1/scm-ha/a89f51d4-237d-44f8-8386-a6bae3bff50d/in_use.lock acquired by nodename 3649@fv-az194-925
2022-11-10 07:08:04,002 [c8e5d44d-3ae5-47f4-8fed-77a3ea3a3924-impl-thread1] INFO  storage.RaftStorage (RaftStorageImpl.java:format(96)) - Storage directory /home/runner/work/ozone/ozone/hadoop-ozone/integration-test/target/test-dir/MiniOzoneClusterImpl-a89f51d4-237d-44f8-8386-a6bae3bff50d/scmNode-1/scm-ha/a89f51d4-237d-44f8-8386-a6bae3bff50d has been successfully formatted.
2022-11-10 07:08:04,005 [c8e5d44d-3ae5-47f4-8fed-77a3ea3a3924-impl-thread1] INFO  server.RaftServerConfigKeys (ConfUtils.java:logGet(46)) - raft.server.log.use.memory = false (default)
2022-11-10 07:08:04,012 [c8e5d44d-3ae5-47f4-8fed-77a3ea3a3924-impl-thread1] INFO  server.RaftServerConfigKeys (ConfUtils.java:logGet(46)) - raft.server.log.purge.gap = 1000000 (custom)
2022-11-10 07:08:04,013 [c8e5d44d-3ae5-47f4-8fed-77a3ea3a3924-impl-thread1] INFO  server.RaftServerConfigKeys (ConfUtils.java:logGet(46)) - raft.server.log.appender.buffer.byte-limit = 33554432 (custom)
2022-11-10 07:08:04,015 [c8e5d44d-3ae5-47f4-8fed-77a3ea3a3924-impl-thread1] INFO  server.RaftServerConfigKeys (ConfUtils.java:logGet(46)) - raft.server.log.statemachine.data.read.timeout = 1000ms (default)
2022-11-10 07:08:04,016 [c8e5d44d-3ae5-47f4-8fed-77a3ea3a3924-impl-thread1] INFO  server.RaftServerConfigKeys (ConfUtils.java:logGet(46)) - raft.server.log.purge.preservation.log.num = 0 (default)
2022-11-10 07:08:04,018 [c8e5d44d-3ae5-47f4-8fed-77a3ea3a3924-impl-thread1] INFO  server.RaftServerConfigKeys (ConfUtils.java:logGet(46)) - raft.server.log.segment.size.max = 4194304 (custom)
2022-11-10 07:08:04,024 [c8e5d44d-3ae5-47f4-8fed-77a3ea3a3924-impl-thread1] INFO  server.RaftServerConfigKeys (ConfUtils.java:logGet(46)) - raft.server.log.segment.cache.num.max = 2 (custom)
2022-11-10 07:08:04,024 [c8e5d44d-3ae5-47f4-8fed-77a3ea3a3924-impl-thread1] INFO  server.RaftServerConfigKeys (ConfUtils.java:logGet(46)) - raft.server.log.segment.cache.size.max = 200MB (=209715200) (default)
2022-11-10 07:08:04,030 [c8e5d44d-3ae5-47f4-8fed-77a3ea3a3924-impl-thread1] INFO  segmented.SegmentedRaftLogWorker (SegmentedRaftLogWorker.java:<init>(191)) - new c8e5d44d-3ae5-47f4-8fed-77a3ea3a3924@group-A6BAE3BFF50D-SegmentedRaftLogWorker for RaftStorageImpl:Storage Directory /home/runner/work/ozone/ozone/hadoop-ozone/integration-test/target/test-dir/MiniOzoneClusterImpl-a89f51d4-237d-44f8-8386-a6bae3bff50d/scmNode-1/scm-ha/a89f51d4-237d-44f8-8386-a6bae3bff50d
2022-11-10 07:08:04,030 [c8e5d44d-3ae5-47f4-8fed-77a3ea3a3924-impl-thread1] INFO  server.RaftServerConfigKeys (ConfUtils.java:logGet(46)) - raft.server.log.queue.byte-limit = 64MB (=67108864) (default)
2022-11-10 07:08:04,031 [c8e5d44d-3ae5-47f4-8fed-77a3ea3a3924-impl-thread1] INFO  server.RaftServerConfigKeys (ConfUtils.java:logGet(46)) - raft.server.log.queue.element-limit = 4096 (default)
2022-11-10 07:08:04,032 [c8e5d44d-3ae5-47f4-8fed-77a3ea3a3924-impl-thread1] INFO  server.RaftServerConfigKeys (ConfUtils.java:logGet(46)) - raft.server.log.segment.size.max = 4194304 (custom)
2022-11-10 07:08:04,033 [c8e5d44d-3ae5-47f4-8fed-77a3ea3a3924-impl-thread1] INFO  server.RaftServerConfigKeys (ConfUtils.java:logGet(46)) - raft.server.log.preallocated.size = 4194304 (custom)
2022-11-10 07:08:04,033 [c8e5d44d-3ae5-47f4-8fed-77a3ea3a3924-impl-thread1] INFO  server.RaftServerConfigKeys (ConfUtils.java:logGet(46)) - raft.server.log.force.sync.num = 128 (default)
2022-11-10 07:08:04,034 [c8e5d44d-3ae5-47f4-8fed-77a3ea3a3924-impl-thread1] INFO  server.RaftServerConfigKeys (ConfUtils.java:logGet(46)) - raft.server.log.statemachine.data.sync = true (default)
2022-11-10 07:08:04,034 [c8e5d44d-3ae5-47f4-8fed-77a3ea3a3924-impl-thread1] INFO  server.RaftServerConfigKeys (ConfUtils.java:logGet(46)) - raft.server.log.statemachine.data.sync.timeout = 10s (default)
2022-11-10 07:08:04,035 [c8e5d44d-3ae5-47f4-8fed-77a3ea3a3924-impl-thread1] INFO  server.RaftServerConfigKeys (ConfUtils.java:logGet(46)) - raft.server.log.statemachine.data.sync.timeout.retry = -1 (default)
2022-11-10 07:08:04,045 [c8e5d44d-3ae5-47f4-8fed-77a3ea3a3924-impl-thread1] INFO  server.RaftServerConfigKeys (ConfUtils.java:logGet(46)) - raft.server.log.write.buffer.size = 64KB (=65536) (default)
2022-11-10 07:08:04,047 [c8e5d44d-3ae5-47f4-8fed-77a3ea3a3924-impl-thread1] INFO  server.RaftServerConfigKeys (ConfUtils.java:logGet(46)) - raft.server.log.unsafe-flush.enabled = false (default)
2022-11-10 07:08:04,047 [c8e5d44d-3ae5-47f4-8fed-77a3ea3a3924-impl-thread1] INFO  server.RaftServerConfigKeys (ConfUtils.java:logGet(46)) - raft.server.log.async-flush.enabled = false (default)
2022-11-10 07:08:04,048 [c8e5d44d-3ae5-47f4-8fed-77a3ea3a3924-impl-thread1] INFO  server.RaftServerConfigKeys (ConfUtils.java:logGet(46)) - raft.server.log.statemachine.data.caching.enabled = false (default)
2022-11-10 07:08:04,057 [c8e5d44d-3ae5-47f4-8fed-77a3ea3a3924-impl-thread1] INFO  segmented.SegmentedRaftLogWorker (SegmentedRaftLogWorker.java:lambda$new$0(136)) - c8e5d44d-3ae5-47f4-8fed-77a3ea3a3924@group-A6BAE3BFF50D-SegmentedRaftLogWorker: flushIndex: setUnconditionally 0 -> -1
2022-11-10 07:08:04,057 [c8e5d44d-3ae5-47f4-8fed-77a3ea3a3924-impl-thread1] INFO  segmented.SegmentedRaftLogWorker (SegmentedRaftLogWorker.java:lambda$new$0(136)) - c8e5d44d-3ae5-47f4-8fed-77a3ea3a3924@group-A6BAE3BFF50D-SegmentedRaftLogWorker: safeCacheEvictIndex: setUnconditionally 0 -> -1
2022-11-10 07:08:04,069 [c8e5d44d-3ae5-47f4-8fed-77a3ea3a3924-impl-thread1] INFO  server.RaftServer$Division (RaftServerImpl.java:start(334)) - c8e5d44d-3ae5-47f4-8fed-77a3ea3a3924@group-A6BAE3BFF50D: start as a follower, conf=-1: peers:[c8e5d44d-3ae5-47f4-8fed-77a3ea3a3924|rpc:localhost:46459|priority:0|startupRole:FOLLOWER]|listeners:[], old=null
2022-11-10 07:08:04,069 [c8e5d44d-3ae5-47f4-8fed-77a3ea3a3924-impl-thread1] INFO  server.RaftServer$Division (RaftServerImpl.java:setRole(321)) - c8e5d44d-3ae5-47f4-8fed-77a3ea3a3924@group-A6BAE3BFF50D: changes role from      null to FOLLOWER at term 0 for startAsFollower
2022-11-10 07:08:04,071 [c8e5d44d-3ae5-47f4-8fed-77a3ea3a3924-impl-thread1] INFO  impl.RoleInfo (RoleInfo.java:updateAndGet(139)) - c8e5d44d-3ae5-47f4-8fed-77a3ea3a3924: start c8e5d44d-3ae5-47f4-8fed-77a3ea3a3924@group-A6BAE3BFF50D-FollowerState
2022-11-10 07:08:04,072 [c8e5d44d-3ae5-47f4-8fed-77a3ea3a3924-impl-thread1] INFO  util.JmxRegister (JmxRegister.java:tryRegister(44)) - Successfully registered JMX Bean with object name Ratis:service=RaftServer,group=group-A6BAE3BFF50D,id=c8e5d44d-3ae5-47f4-8fed-77a3ea3a3924
2022-11-10 07:08:04,074 [c8e5d44d-3ae5-47f4-8fed-77a3ea3a3924-impl-thread1] INFO  server.RaftServerConfigKeys (ConfUtils.java:logGet(46)) - raft.server.snapshot.auto.trigger.enabled = true (custom)
2022-11-10 07:08:04,075 [c8e5d44d-3ae5-47f4-8fed-77a3ea3a3924-impl-thread1] INFO  server.RaftServerConfigKeys (ConfUtils.java:logGet(46)) - raft.server.snapshot.auto.trigger.threshold = 1000 (custom)
2022-11-10 07:08:04,075 [c8e5d44d-3ae5-47f4-8fed-77a3ea3a3924-impl-thread1] INFO  server.RaftServerConfigKeys (ConfUtils.java:logGet(46)) - raft.server.snapshot.retention.file.num = -1 (default)
2022-11-10 07:08:04,076 [c8e5d44d-3ae5-47f4-8fed-77a3ea3a3924-impl-thread1] INFO  server.RaftServerConfigKeys (ConfUtils.java:logGet(46)) - raft.server.log.purge.upto.snapshot.index = false (default)
2022-11-10 07:08:04,079 [c8e5d44d-3ae5-47f4-8fed-77a3ea3a3924@group-A6BAE3BFF50D-FollowerState] INFO  server.RaftServerConfigKeys (ConfUtils.java:logFallback(53)) - raft.server.rpc.first-election.timeout.min = 5000ms (fallback to raft.server.rpc.timeout.min)
2022-11-10 07:08:04,079 [c8e5d44d-3ae5-47f4-8fed-77a3ea3a3924@group-A6BAE3BFF50D-FollowerState] INFO  server.RaftServerConfigKeys (ConfUtils.java:logFallback(53)) - raft.server.rpc.first-election.timeout.max = 5200ms (fallback to raft.server.rpc.timeout.max)
2022-11-10 07:08:04,080 [Time-limited test] INFO  server.RaftServer (RaftServerProxy.java:startImpl(393)) - c8e5d44d-3ae5-47f4-8fed-77a3ea3a3924: start RPC server
2022-11-10 07:08:04,132 [Time-limited test] INFO  server.GrpcService (GrpcService.java:startImpl(270)) - c8e5d44d-3ae5-47f4-8fed-77a3ea3a3924: GrpcService started, listening on 46459
2022-11-10 07:08:04,133 [JvmPauseMonitor0] INFO  util.JvmPauseMonitor (JvmPauseMonitor.java:run(105)) - JvmPauseMonitor-c8e5d44d-3ae5-47f4-8fed-77a3ea3a3924: Started
2022-11-10 07:08:09,268 [c8e5d44d-3ae5-47f4-8fed-77a3ea3a3924@group-A6BAE3BFF50D-FollowerState] INFO  impl.FollowerState (FollowerState.java:run(143)) - c8e5d44d-3ae5-47f4-8fed-77a3ea3a3924@group-A6BAE3BFF50D-FollowerState: change to CANDIDATE, lastRpcElapsedTime:5197876714ns, electionTimeout:5188ms
2022-11-10 07:08:09,269 [c8e5d44d-3ae5-47f4-8fed-77a3ea3a3924@group-A6BAE3BFF50D-FollowerState] INFO  impl.RoleInfo (RoleInfo.java:shutdownFollowerState(110)) - c8e5d44d-3ae5-47f4-8fed-77a3ea3a3924: shutdown c8e5d44d-3ae5-47f4-8fed-77a3ea3a3924@group-A6BAE3BFF50D-FollowerState
2022-11-10 07:08:09,269 [c8e5d44d-3ae5-47f4-8fed-77a3ea3a3924@group-A6BAE3BFF50D-FollowerState] INFO  server.RaftServer$Division (RaftServerImpl.java:setRole(321)) - c8e5d44d-3ae5-47f4-8fed-77a3ea3a3924@group-A6BAE3BFF50D: changes role from  FOLLOWER to CANDIDATE at term 0 for changeToCandidate
2022-11-10 07:08:09,272 [c8e5d44d-3ae5-47f4-8fed-77a3ea3a3924@group-A6BAE3BFF50D-FollowerState] INFO  server.RaftServerConfigKeys (ConfUtils.java:logGet(46)) - raft.server.leaderelection.pre-vote = false (custom)
2022-11-10 07:08:09,272 [c8e5d44d-3ae5-47f4-8fed-77a3ea3a3924@group-A6BAE3BFF50D-FollowerState] INFO  impl.RoleInfo (RoleInfo.java:updateAndGet(139)) - c8e5d44d-3ae5-47f4-8fed-77a3ea3a3924: start c8e5d44d-3ae5-47f4-8fed-77a3ea3a3924@group-A6BAE3BFF50D-LeaderElection1
2022-11-10 07:08:09,276 [c8e5d44d-3ae5-47f4-8fed-77a3ea3a3924@group-A6BAE3BFF50D-LeaderElection1] INFO  impl.LeaderElection (LeaderElection.java:askForVotes(312)) - c8e5d44d-3ae5-47f4-8fed-77a3ea3a3924@group-A6BAE3BFF50D-LeaderElection1 ELECTION round 0: submit vote requests at term 1 for -1: peers:[c8e5d44d-3ae5-47f4-8fed-77a3ea3a3924|rpc:localhost:46459|priority:0|startupRole:FOLLOWER]|listeners:[], old=null
2022-11-10 07:08:09,276 [c8e5d44d-3ae5-47f4-8fed-77a3ea3a3924@group-A6BAE3BFF50D-LeaderElection1] INFO  impl.LeaderElection (LeaderElection.java:askForVotes(314)) - c8e5d44d-3ae5-47f4-8fed-77a3ea3a3924@group-A6BAE3BFF50D-LeaderElection1 ELECTION round 0: result PASSED (term=1)
2022-11-10 07:08:09,277 [c8e5d44d-3ae5-47f4-8fed-77a3ea3a3924@group-A6BAE3BFF50D-LeaderElection1] INFO  impl.RoleInfo (RoleInfo.java:shutdownLeaderElection(130)) - c8e5d44d-3ae5-47f4-8fed-77a3ea3a3924: shutdown c8e5d44d-3ae5-47f4-8fed-77a3ea3a3924@group-A6BAE3BFF50D-LeaderElection1
2022-11-10 07:08:09,277 [c8e5d44d-3ae5-47f4-8fed-77a3ea3a3924@group-A6BAE3BFF50D-LeaderElection1] INFO  server.RaftServer$Division (RaftServerImpl.java:setRole(321)) - c8e5d44d-3ae5-47f4-8fed-77a3ea3a3924@group-A6BAE3BFF50D: changes role from CANDIDATE to LEADER at term 1 for changeToLeader
2022-11-10 07:08:09,277 [c8e5d44d-3ae5-47f4-8fed-77a3ea3a3924@group-A6BAE3BFF50D-LeaderElection1] INFO  server.RaftServer$Division (ServerState.java:setLeader(313)) - c8e5d44d-3ae5-47f4-8fed-77a3ea3a3924@group-A6BAE3BFF50D: change Leader from null to c8e5d44d-3ae5-47f4-8fed-77a3ea3a3924 at term 1 for becomeLeader, leader elected after 5421ms
2022-11-10 07:08:09,282 [c8e5d44d-3ae5-47f4-8fed-77a3ea3a3924@group-A6BAE3BFF50D-LeaderElection1] INFO  server.RaftServerConfigKeys (ConfUtils.java:logGet(46)) - raft.server.staging.catchup.gap = 1000 (default)
2022-11-10 07:08:09,286 [c8e5d44d-3ae5-47f4-8fed-77a3ea3a3924@group-A6BAE3BFF50D-LeaderElection1] INFO  server.RaftServerConfigKeys (ConfUtils.java:logGet(46)) - raft.server.write.element-limit = 4096 (default)
2022-11-10 07:08:09,289 [c8e5d44d-3ae5-47f4-8fed-77a3ea3a3924@group-A6BAE3BFF50D-LeaderElection1] INFO  server.RaftServerConfigKeys (ConfUtils.java:logGet(46)) - raft.server.write.byte-limit = 64MB (=67108864) (default)
2022-11-10 07:08:09,294 [c8e5d44d-3ae5-47f4-8fed-77a3ea3a3924@group-A6BAE3BFF50D-LeaderElection1] INFO  server.RaftServerConfigKeys (ConfUtils.java:logGet(46)) - raft.server.watch.timeout = 10s (default)
2022-11-10 07:08:09,294 [c8e5d44d-3ae5-47f4-8fed-77a3ea3a3924@group-A6BAE3BFF50D-LeaderElection1] INFO  server.RaftServerConfigKeys (ConfUtils.java:logGet(46)) - raft.server.watch.timeout.denomination = 1s (default)
2022-11-10 07:08:09,295 [c8e5d44d-3ae5-47f4-8fed-77a3ea3a3924@group-A6BAE3BFF50D-LeaderElection1] INFO  server.RaftServerConfigKeys (ConfUtils.java:logGet(46)) - raft.server.watch.element-limit = 65536 (default)
2022-11-10 07:08:09,298 [c8e5d44d-3ae5-47f4-8fed-77a3ea3a3924@group-A6BAE3BFF50D-LeaderElection1] INFO  server.RaftServerConfigKeys (ConfUtils.java:logGet(46)) - raft.server.write.element-limit = 4096 (default)
2022-11-10 07:08:09,300 [c8e5d44d-3ae5-47f4-8fed-77a3ea3a3924@group-A6BAE3BFF50D-LeaderElection1] INFO  server.RaftServerConfigKeys (ConfUtils.java:logGet(46)) - raft.server.write.follower.gap.ratio.max = -1.0 (default)
2022-11-10 07:08:09,301 [c8e5d44d-3ae5-47f4-8fed-77a3ea3a3924@group-A6BAE3BFF50D-LeaderElection1] INFO  impl.RoleInfo (RoleInfo.java:updateAndGet(139)) - c8e5d44d-3ae5-47f4-8fed-77a3ea3a3924: start c8e5d44d-3ae5-47f4-8fed-77a3ea3a3924@group-A6BAE3BFF50D-LeaderStateImpl
2022-11-10 07:08:09,322 [c8e5d44d-3ae5-47f4-8fed-77a3ea3a3924@group-A6BAE3BFF50D-LeaderElection1] INFO  segmented.SegmentedRaftLogWorker (SegmentedRaftLogWorker.java:startLogSegment(452)) - c8e5d44d-3ae5-47f4-8fed-77a3ea3a3924@group-A6BAE3BFF50D-SegmentedRaftLogWorker: Starting segment from index:0
2022-11-10 07:08:09,371 [c8e5d44d-3ae5-47f4-8fed-77a3ea3a3924@group-A6BAE3BFF50D-LeaderElection1] INFO  server.RaftServer$Division (ServerState.java:setRaftConf(430)) - c8e5d44d-3ae5-47f4-8fed-77a3ea3a3924@group-A6BAE3BFF50D: set configuration 0: peers:[c8e5d44d-3ae5-47f4-8fed-77a3ea3a3924|rpc:localhost:46459|admin:|client:|dataStream:|priority:0|startupRole:FOLLOWER]|listeners:[], old=null
2022-11-10 07:08:09,401 [c8e5d44d-3ae5-47f4-8fed-77a3ea3a3924@group-A6BAE3BFF50D-SegmentedRaftLogWorker] INFO  segmented.SegmentedRaftLogWorker (SegmentedRaftLogWorker.java:execute(656)) - c8e5d44d-3ae5-47f4-8fed-77a3ea3a3924@group-A6BAE3BFF50D-SegmentedRaftLogWorker: created new log segment /home/runner/work/ozone/ozone/hadoop-ozone/integration-test/target/test-dir/MiniOzoneClusterImpl-a89f51d4-237d-44f8-8386-a6bae3bff50d/scmNode-1/scm-ha/a89f51d4-237d-44f8-8386-a6bae3bff50d/current/log_inprogress_0
2022-11-10 07:08:10,135 [Time-limited test] INFO  server.RaftServer (RaftServerProxy.java:lambda$close$6(409)) - c8e5d44d-3ae5-47f4-8fed-77a3ea3a3924: close
2022-11-10 07:08:10,136 [c8e5d44d-3ae5-47f4-8fed-77a3ea3a3924-impl-thread1] INFO  server.RaftServer$Division (RaftServerImpl.java:lambda$close$4(458)) - c8e5d44d-3ae5-47f4-8fed-77a3ea3a3924@group-A6BAE3BFF50D: shutdown
2022-11-10 07:08:10,136 [c8e5d44d-3ae5-47f4-8fed-77a3ea3a3924-impl-thread1] INFO  util.JmxRegister (JmxRegister.java:unregister(73)) - Successfully un-registered JMX Bean with object name Ratis:service=RaftServer,group=group-A6BAE3BFF50D,id=c8e5d44d-3ae5-47f4-8fed-77a3ea3a3924
2022-11-10 07:08:10,136 [c8e5d44d-3ae5-47f4-8fed-77a3ea3a3924-impl-thread1] INFO  impl.RoleInfo (RoleInfo.java:shutdownLeaderState(93)) - c8e5d44d-3ae5-47f4-8fed-77a3ea3a3924: shutdown c8e5d44d-3ae5-47f4-8fed-77a3ea3a3924@group-A6BAE3BFF50D-LeaderStateImpl
2022-11-10 07:08:10,138 [Time-limited test] INFO  server.GrpcService (GrpcService.java:closeImpl(279)) - c8e5d44d-3ae5-47f4-8fed-77a3ea3a3924: shutdown server GrpcServerProtocolService now
2022-11-10 07:08:10,141 [c8e5d44d-3ae5-47f4-8fed-77a3ea3a3924-impl-thread1] INFO  impl.PendingRequests (PendingRequests.java:sendNotLeaderResponses(282)) - c8e5d44d-3ae5-47f4-8fed-77a3ea3a3924@group-A6BAE3BFF50D-PendingRequests: sendNotLeaderResponses
2022-11-10 07:08:10,144 [c8e5d44d-3ae5-47f4-8fed-77a3ea3a3924@group-A6BAE3BFF50D-StateMachineUpdater] INFO  impl.StateMachineUpdater (StateMachineUpdater.java:takeSnapshot(287)) - c8e5d44d-3ae5-47f4-8fed-77a3ea3a3924@group-A6BAE3BFF50D-StateMachineUpdater: Took a snapshot at index 0
2022-11-10 07:08:10,144 [c8e5d44d-3ae5-47f4-8fed-77a3ea3a3924@group-A6BAE3BFF50D-StateMachineUpdater] INFO  impl.StateMachineUpdater (StateMachineUpdater.java:lambda$new$0(92)) - c8e5d44d-3ae5-47f4-8fed-77a3ea3a3924@group-A6BAE3BFF50D-StateMachineUpdater: snapshotIndex: updateIncreasingly -1 -> 0
2022-11-10 07:08:10,145 [c8e5d44d-3ae5-47f4-8fed-77a3ea3a3924-impl-thread1] INFO  impl.StateMachineUpdater (StateMachineUpdater.java:stopAndJoin(153)) - c8e5d44d-3ae5-47f4-8fed-77a3ea3a3924@group-A6BAE3BFF50D-StateMachineUpdater: set stopIndex = 0
2022-11-10 07:08:10,148 [c8e5d44d-3ae5-47f4-8fed-77a3ea3a3924-impl-thread1] INFO  server.RaftServer$Division (ServerState.java:close(466)) - c8e5d44d-3ae5-47f4-8fed-77a3ea3a3924@group-A6BAE3BFF50D: closes. applyIndex: 0
2022-11-10 07:08:10,149 [c8e5d44d-3ae5-47f4-8fed-77a3ea3a3924@group-A6BAE3BFF50D-SegmentedRaftLogWorker] INFO  segmented.SegmentedRaftLogWorker (SegmentedRaftLogWorker.java:run(345)) - c8e5d44d-3ae5-47f4-8fed-77a3ea3a3924@group-A6BAE3BFF50D-SegmentedRaftLogWorker was interrupted, exiting. There are 0 tasks remaining in the queue.
2022-11-10 07:08:10,150 [Time-limited test] INFO  server.GrpcService (GrpcService.java:closeImpl(288)) - c8e5d44d-3ae5-47f4-8fed-77a3ea3a3924: shutdown server GrpcServerProtocolService successfully
2022-11-10 07:08:10,150 [c8e5d44d-3ae5-47f4-8fed-77a3ea3a3924-impl-thread1] INFO  segmented.SegmentedRaftLogWorker (SegmentedRaftLogWorker.java:close(255)) - c8e5d44d-3ae5-47f4-8fed-77a3ea3a3924@group-A6BAE3BFF50D-SegmentedRaftLogWorker close()
2022-11-10 07:08:10,152 [JvmPauseMonitor0] INFO  util.JvmPauseMonitor (JvmPauseMonitor.java:run(111)) - JvmPauseMonitor-c8e5d44d-3ae5-47f4-8fed-77a3ea3a3924: Stopped
2022-11-10 07:08:10,152 [Time-limited test] WARN  server.ServerUtils (ServerUtils.java:getScmDbDir(148)) - ozone.scm.db.dirs is not configured. We recommend adding this setting. Falling back to ozone.metadata.dirs instead.
2022-11-10 07:08:10,154 [Time-limited test] INFO  server.StorageContainerManager (StorageContainerManager.java:scmInit(1229)) - SCM initialization succeeded. Current cluster id for sd=/home/runner/work/ozone/ozone/hadoop-ozone/integration-test/target/test-dir/MiniOzoneClusterImpl-a89f51d4-237d-44f8-8386-a6bae3bff50d/scmNode-1/scm; cid=a89f51d4-237d-44f8-8386-a6bae3bff50d; layoutVersion=4; scmId=c8e5d44d-3ae5-47f4-8fed-77a3ea3a3924
2022-11-10 07:08:10,161 [Time-limited test] WARN  server.ServerUtils (ServerUtils.java:getScmDbDir(148)) - ozone.scm.db.dirs is not configured. We recommend adding this setting. Falling back to ozone.metadata.dirs instead.
2022-11-10 07:08:10,161 [Time-limited test] INFO  ha.SCMHANodeDetails (SCMHANodeDetails.java:loadSCMHAConfig(209)) - ServiceID for StorageContainerManager is scmServiceId
2022-11-10 07:08:10,161 [Time-limited test] INFO  ha.SCMHANodeDetails (SCMHANodeDetails.java:loadSCMHAConfig(220)) - ServiceID for StorageContainerManager is scmServiceId
2022-11-10 07:08:10,162 [Time-limited test] WARN  scm.ScmUtils (ScmUtils.java:logWarn(190)) - ConfigKey ozone.scm.block.client.address is deprecated, For configuring different ports for each SCM use PortConfigKey ozone.scm.block.client.port appended with serviceId and nodeId. If want to configure same port configure ozone.scm.block.client.port
2022-11-10 07:08:10,162 [Time-limited test] WARN  scm.ScmUtils (ScmUtils.java:logWarn(190)) - ConfigKey ozone.scm.client.address is deprecated, For configuring different ports for each SCM use PortConfigKey ozone.scm.client.port appended with serviceId and nodeId. If want to configure same port configure ozone.scm.client.port
2022-11-10 07:08:10,162 [Time-limited test] WARN  scm.ScmUtils (ScmUtils.java:logWarn(190)) - ConfigKey ozone.scm.datanode.address is deprecated, For configuring different ports for each SCM use PortConfigKey ozone.scm.datanode.port appended with serviceId and nodeId. If want to configure same port configure ozone.scm.datanode.port
2022-11-10 07:08:10,162 [Time-limited test] WARN  scm.ScmUtils (ScmUtils.java:logWarn(190)) - ConfigKey ozone.scm.block.client.address is deprecated, For configuring different ports for each SCM use PortConfigKey ozone.scm.block.client.port appended with serviceId and nodeId. If want to configure same port configure ozone.scm.block.client.port
2022-11-10 07:08:10,162 [Time-limited test] WARN  scm.ScmUtils (ScmUtils.java:logWarn(190)) - ConfigKey ozone.scm.client.address is deprecated, For configuring different ports for each SCM use PortConfigKey ozone.scm.client.port appended with serviceId and nodeId. If want to configure same port configure ozone.scm.client.port
2022-11-10 07:08:10,163 [Time-limited test] WARN  scm.ScmUtils (ScmUtils.java:logWarn(190)) - ConfigKey ozone.scm.datanode.address is deprecated, For configuring different ports for each SCM use PortConfigKey ozone.scm.datanode.port appended with serviceId and nodeId. If want to configure same port configure ozone.scm.datanode.port
2022-11-10 07:08:10,163 [Time-limited test] INFO  ha.SCMHANodeDetails (SCMHANodeDetails.java:loadSCMHAConfig(307)) - Found matching SCM address with SCMServiceId: scmServiceId, SCMNodeId: scmNode-1, RPC Address: localhost:46459 and Ratis port: 46459
2022-11-10 07:08:10,163 [Time-limited test] INFO  ha.SCMHANodeDetails (ConfUtils.java:setNodeSpecificConfigs(97)) - Setting configuration key ozone.scm.datanode.address with value of key ozone.scm.datanode.address.scmServiceId.scmNode-1: 127.0.0.1:37609
2022-11-10 07:08:10,163 [Time-limited test] INFO  ha.SCMHANodeDetails (ConfUtils.java:setNodeSpecificConfigs(97)) - Setting configuration key ozone.scm.block.client.address with value of key ozone.scm.block.client.address.scmServiceId.scmNode-1: 127.0.0.1:46059
2022-11-10 07:08:10,163 [Time-limited test] INFO  ha.SCMHANodeDetails (ConfUtils.java:setNodeSpecificConfigs(97)) - Setting configuration key ozone.scm.client.address with value of key ozone.scm.client.address.scmServiceId.scmNode-1: 127.0.0.1:46869
2022-11-10 07:08:10,163 [Time-limited test] INFO  ha.SCMHANodeDetails (ConfUtils.java:setNodeSpecificConfigs(97)) - Setting configuration key ozone.scm.ratis.port with value of key ozone.scm.ratis.port.scmServiceId.scmNode-1: 46459
2022-11-10 07:08:10,163 [Time-limited test] INFO  ha.SCMHANodeDetails (ConfUtils.java:setNodeSpecificConfigs(97)) - Setting configuration key ozone.scm.grpc.port with value of key ozone.scm.grpc.port.scmServiceId.scmNode-1: 38237
2022-11-10 07:08:10,163 [Time-limited test] INFO  ha.SCMHANodeDetails (ConfUtils.java:setNodeSpecificConfigs(97)) - Setting configuration key ozone.scm.http-address with value of key ozone.scm.http-address.scmServiceId.scmNode-1: 127.0.0.1:38757
2022-11-10 07:08:10,163 [Time-limited test] INFO  ha.SCMHANodeDetails (ConfUtils.java:setNodeSpecificConfigs(97)) - Setting configuration key ozone.scm.https-address with value of key ozone.scm.https-address.scmServiceId.scmNode-1: 127.0.0.1:46023
2022-11-10 07:08:10,164 [Time-limited test] INFO  ha.SCMHANodeDetails (ConfUtils.java:setNodeSpecificConfigs(97)) - Setting configuration key ozone.scm.address with value of key ozone.scm.address.scmServiceId.scmNode-1: 127.0.0.1
2022-11-10 07:08:10,164 [Time-limited test] WARN  scm.ScmUtils (ScmUtils.java:logWarn(190)) - ConfigKey ozone.scm.block.client.address is deprecated, For configuring different ports for each SCM use PortConfigKey ozone.scm.block.client.port appended with serviceId and nodeId. If want to configure same port configure ozone.scm.block.client.port
2022-11-10 07:08:10,164 [Time-limited test] WARN  scm.ScmUtils (ScmUtils.java:logWarn(190)) - ConfigKey ozone.scm.client.address is deprecated, For configuring different ports for each SCM use PortConfigKey ozone.scm.client.port appended with serviceId and nodeId. If want to configure same port configure ozone.scm.client.port
2022-11-10 07:08:10,164 [Time-limited test] WARN  scm.ScmUtils (ScmUtils.java:logWarn(190)) - ConfigKey ozone.scm.datanode.address is deprecated, For configuring different ports for each SCM use PortConfigKey ozone.scm.datanode.port appended with serviceId and nodeId. If want to configure same port configure ozone.scm.datanode.port
2022-11-10 07:08:10,480 [Time-limited test] WARN  utils.HAUtils (HAUtils.java:getMetaDir(342)) - ozone.scm.db.dirs is not configured. We recommend adding this setting. Falling back to ozone.metadata.dirs instead.
2022-11-10 07:08:10,610 [Time-limited test] WARN  db.DBStoreBuilder (DBStoreBuilder.java:applyDBDefinition(144)) - ozone.scm.db.dirs is not configured. We recommend adding this setting. Falling back to ozone.metadata.dirs instead.
2022-11-10 07:08:10,794 [Time-limited test] INFO  net.NodeSchemaLoader (NodeSchemaLoader.java:loadSchemaFromFile(129)) - Loading schema from [jar:file:/home/runner/.m2/repository/org/apache/ozone/hdds-common/1.3.0-SNAPSHOT/hdds-common-1.3.0-SNAPSHOT.jar!/network-topology-default.xml]
2022-11-10 07:08:10,795 [Time-limited test] INFO  net.NodeSchemaLoader (NodeSchemaLoader.java:loadSchema(176)) - Loading network topology layer schema file
2022-11-10 07:08:10,904 [Time-limited test] INFO  ha.SCMRatisServerImpl (SCMRatisServerImpl.java:<init>(87)) - starting Raft server for scm:c8e5d44d-3ae5-47f4-8fed-77a3ea3a3924
2022-11-10 07:08:10,907 [Time-limited test] INFO  server.RaftServer (ConfUtils.java:logGet(46)) - raft.rpc.type = GRPC (default)
2022-11-10 07:08:10,908 [Time-limited test] INFO  grpc.GrpcConfigKeys (ConfUtils.java:logFallback(53)) - raft.grpc.admin.host = null (fallback to raft.grpc.server.host)
2022-11-10 07:08:10,908 [Time-limited test] INFO  grpc.GrpcConfigKeys (ConfUtils.java:logFallback(53)) - raft.grpc.admin.port = 46459 (fallback to raft.grpc.server.port)
2022-11-10 07:08:10,908 [Time-limited test] INFO  grpc.GrpcConfigKeys (ConfUtils.java:logFallback(53)) - raft.grpc.client.host = null (fallback to raft.grpc.server.host)
2022-11-10 07:08:10,908 [Time-limited test] INFO  grpc.GrpcConfigKeys (ConfUtils.java:logFallback(53)) - raft.grpc.client.port = 46459 (fallback to raft.grpc.server.port)
2022-11-10 07:08:10,908 [Time-limited test] INFO  grpc.GrpcConfigKeys (ConfUtils.java:logGet(46)) - raft.grpc.server.host = null (default)
2022-11-10 07:08:10,908 [Time-limited test] INFO  grpc.GrpcConfigKeys (ConfUtils.java:logGet(46)) - raft.grpc.server.port = 46459 (custom)
2022-11-10 07:08:10,909 [Time-limited test] INFO  server.GrpcService (ConfUtils.java:logGet(46)) - raft.grpc.message.size.max = 32m (=33554432) (custom)
2022-11-10 07:08:10,909 [Time-limited test] INFO  server.RaftServerConfigKeys (ConfUtils.java:logGet(46)) - raft.server.log.appender.buffer.byte-limit = 33554432 (custom)
2022-11-10 07:08:10,909 [Time-limited test] INFO  server.GrpcService (ConfUtils.java:logGet(46)) - raft.grpc.flow.control.window = 1MB (=1048576) (default)
2022-11-10 07:08:10,909 [Time-limited test] INFO  server.RaftServerConfigKeys (ConfUtils.java:logGet(46)) - raft.server.rpc.request.timeout = 30000ms (custom)
2022-11-10 07:08:10,909 [Time-limited test] INFO  grpc.GrpcConfigKeys (ConfUtils.java:logGet(46)) - raft.grpc.server.heartbeat.channel = true (default)
2022-11-10 07:08:10,909 [Time-limited test] INFO  grpc.GrpcConfigKeys (ConfUtils.java:logGet(46)) - raft.grpc.server.async.request.thread.pool.cached = true (default)
2022-11-10 07:08:10,909 [Time-limited test] INFO  grpc.GrpcConfigKeys (ConfUtils.java:logGet(46)) - raft.grpc.server.async.request.thread.pool.size = 32 (default)
2022-11-10 07:08:10,912 [Time-limited test] INFO  impl.DataStreamServerImpl (ConfUtils.java:logGet(46)) - raft.datastream.type = DISABLED (default)
2022-11-10 07:08:10,912 [Time-limited test] INFO  server.RaftServerConfigKeys (ConfUtils.java:logGet(46)) - raft.server.threadpool.proxy.cached = true (default)
2022-11-10 07:08:10,912 [Time-limited test] INFO  server.RaftServerConfigKeys (ConfUtils.java:logGet(46)) - raft.server.threadpool.proxy.size = 0 (default)
2022-11-10 07:08:10,912 [Time-limited test] INFO  server.RaftServerConfigKeys (ConfUtils.java:logGet(46)) - raft.server.rpc.slowness.timeout = 120000ms (custom)
2022-11-10 07:08:10,913 [Time-limited test] INFO  server.RaftServerConfigKeys (ConfUtils.java:logGet(46)) - raft.server.leaderelection.leader.step-down.wait-time = 10s (default)
2022-11-10 07:08:10,913 [Time-limited test] INFO  server.RaftServerConfigKeys (ConfUtils.java:logGet(46)) - raft.server.storage.dir = [/home/runner/work/ozone/ozone/hadoop-ozone/integration-test/target/test-dir/MiniOzoneClusterImpl-a89f51d4-237d-44f8-8386-a6bae3bff50d/scmNode-1/scm-ha] (custom)
2022-11-10 07:08:10,914 [c8e5d44d-3ae5-47f4-8fed-77a3ea3a3924-impl-thread1] INFO  server.RaftServer (RaftServerProxy.java:initGroupDir(251)) - c8e5d44d-3ae5-47f4-8fed-77a3ea3a3924: found a subdirectory /home/runner/work/ozone/ozone/hadoop-ozone/integration-test/target/test-dir/MiniOzoneClusterImpl-a89f51d4-237d-44f8-8386-a6bae3bff50d/scmNode-1/scm-ha/a89f51d4-237d-44f8-8386-a6bae3bff50d
2022-11-10 07:08:10,920 [Time-limited test] INFO  server.RaftServer (RaftServerProxy.java:addNew(96)) - c8e5d44d-3ae5-47f4-8fed-77a3ea3a3924: addNew group-A6BAE3BFF50D:[] returns group-A6BAE3BFF50D:java.util.concurrent.CompletableFuture@4691d055[Not completed]
2022-11-10 07:08:10,923 [pool-19-thread-1] INFO  server.RaftServer$Division (RaftServerImpl.java:<init>(195)) - c8e5d44d-3ae5-47f4-8fed-77a3ea3a3924: new RaftServerImpl for group-A6BAE3BFF50D:[] with SCMStateMachine:uninitialized
2022-11-10 07:08:10,923 [pool-19-thread-1] INFO  server.RaftServerConfigKeys (ConfUtils.java:logGet(46)) - raft.server.rpc.timeout.min = 5000ms (custom)
2022-11-10 07:08:10,923 [pool-19-thread-1] INFO  server.RaftServerConfigKeys (ConfUtils.java:logGet(46)) - raft.server.rpc.timeout.max = 5200ms (custom)
2022-11-10 07:08:10,923 [pool-19-thread-1] INFO  server.RaftServerConfigKeys (ConfUtils.java:logGet(46)) - raft.server.rpc.sleep.time = 25ms (default)
2022-11-10 07:08:10,923 [pool-19-thread-1] INFO  server.RaftServerConfigKeys (ConfUtils.java:logGet(46)) - raft.server.rpc.slowness.timeout = 120000ms (custom)
2022-11-10 07:08:10,923 [pool-19-thread-1] INFO  server.RaftServerConfigKeys (ConfUtils.java:logGet(46)) - raft.server.leaderelection.leader.step-down.wait-time = 10s (default)
2022-11-10 07:08:10,923 [pool-19-thread-1] INFO  server.RaftServerConfigKeys (ConfUtils.java:logGet(46)) - raft.server.sleep.deviation.threshold = 300ms (default)
2022-11-10 07:08:10,924 [pool-19-thread-1] INFO  server.RaftServer$Division (ServerState.java:<init>(118)) - c8e5d44d-3ae5-47f4-8fed-77a3ea3a3924@group-A6BAE3BFF50D: ConfigurationManager, init=-1: peers:[]|listeners:[], old=null, confs=<EMPTY_MAP>
2022-11-10 07:08:10,924 [pool-19-thread-1] INFO  server.RaftServerConfigKeys (ConfUtils.java:logGet(46)) - raft.server.storage.dir = [/home/runner/work/ozone/ozone/hadoop-ozone/integration-test/target/test-dir/MiniOzoneClusterImpl-a89f51d4-237d-44f8-8386-a6bae3bff50d/scmNode-1/scm-ha] (custom)
2022-11-10 07:08:10,925 [pool-19-thread-1] INFO  server.RaftServerConfigKeys (ConfUtils.java:logGet(46)) - raft.server.log.corruption.policy = EXCEPTION (default)
2022-11-10 07:08:10,925 [pool-19-thread-1] INFO  server.RaftServerConfigKeys (ConfUtils.java:logGet(46)) - raft.server.storage.free-space.min = 0MB (=0) (default)
2022-11-10 07:08:10,925 [pool-19-thread-1] INFO  server.RaftServerConfigKeys (ConfUtils.java:logGet(46)) - raft.server.notification.no-leader.timeout = 60s (default)
2022-11-10 07:08:10,925 [pool-19-thread-1] INFO  server.RaftServerConfigKeys (ConfUtils.java:logGet(46)) - raft.server.retrycache.expirytime = 60000ms (default)
2022-11-10 07:08:10,925 [pool-19-thread-1] INFO  server.RaftServerConfigKeys (ConfUtils.java:logGet(46)) - raft.server.retrycache.statistics.expirytime = 100μs (default)
2022-11-10 07:08:10,930 [pool-19-thread-1] INFO  server.RaftServerConfigKeys (ConfUtils.java:logGet(46)) - raft.server.log.appender.install.snapshot.enabled = false (custom)
2022-11-10 07:08:10,931 [pool-19-thread-1] INFO  server.RaftServerConfigKeys (ConfUtils.java:logGet(46)) - raft.server.threadpool.server.cached = true (default)
2022-11-10 07:08:10,931 [pool-19-thread-1] INFO  server.RaftServerConfigKeys (ConfUtils.java:logGet(46)) - raft.server.threadpool.server.size = 0 (default)
2022-11-10 07:08:10,931 [pool-19-thread-1] INFO  server.RaftServerConfigKeys (ConfUtils.java:logGet(46)) - raft.server.threadpool.client.cached = true (default)
2022-11-10 07:08:10,931 [pool-19-thread-1] INFO  server.RaftServerConfigKeys (ConfUtils.java:logGet(46)) - raft.server.threadpool.client.size = 0 (default)
2022-11-10 07:08:10,932 [Time-limited test] INFO  ha.SCMSnapshotProvider (SCMSnapshotProvider.java:<init>(66)) - Initializing SCM Snapshot Provider
2022-11-10 07:08:10,932 [Time-limited test] WARN  server.ServerUtils (ServerUtils.java:getDefaultRatisDirectory(237)) - Storage directory for Ratis is not configured. It is a good idea to map this to an SSD disk. Falling back to ozone.metadata.dirs
2022-11-10 07:08:10,933 [Time-limited test] WARN  ha.SCMHAUtils (SCMHAUtils.java:getSCMRatisSnapshotDirectory(153)) - SCM snapshot dir is not configured. Falling back to ozone.metadata.dirs config
2022-11-10 07:08:10,957 [Time-limited test] INFO  upgrade.AbstractLayoutVersionManager (AbstractLayoutVersionManager.java:init(83)) - Initializing Layout version manager with metadata layout = DATANODE_SCHEMA_V3 (version = 4), software layout = DATANODE_SCHEMA_V3 (version = 4)
2022-11-10 07:08:11,082 [Time-limited test] INFO  reflections.Reflections (Reflections.java:scan(232)) - Reflections took 99 ms to scan 7 urls, producing 139 keys and 336 values 
2022-11-10 07:08:11,148 [Time-limited test] INFO  ha.SequenceIdGenerator (SequenceIdGenerator.java:upgradeToSequenceId(349)) - upgrade localId to 109611004723200000
2022-11-10 07:08:11,149 [Time-limited test] INFO  ha.SequenceIdGenerator (SequenceIdGenerator.java:upgradeToSequenceId(359)) - upgrade delTxnId to 0
2022-11-10 07:08:11,152 [Time-limited test] INFO  ha.SequenceIdGenerator (SequenceIdGenerator.java:upgradeToSequenceId(376)) - upgrade containerId to 0
2022-11-10 07:08:11,153 [Time-limited test] INFO  ha.SequenceIdGenerator (SequenceIdGenerator.java:<init>(220)) - Init the HA SequenceIdGenerator.
2022-11-10 07:08:11,189 [Time-limited test] INFO  node.SCMNodeManager (SCMNodeManager.java:<init>(149)) - Entering startup safe mode.
2022-11-10 07:08:11,238 [Time-limited test] INFO  algorithms.ContainerPlacementPolicyFactory (ContainerPlacementPolicyFactory.java:getPolicyInternal(86)) - Create container placement policy of type org.apache.hadoop.hdds.scm.container.placement.algorithms.SCMContainerPlacementRandom
2022-11-10 07:08:11,239 [Time-limited test] INFO  algorithms.ContainerPlacementPolicyFactory (ContainerPlacementPolicyFactory.java:getPolicyInternal(86)) - Create container placement policy of type org.apache.hadoop.hdds.scm.container.placement.algorithms.SCMContainerPlacementRackScatter
2022-11-10 07:08:11,246 [Time-limited test] INFO  pipeline.PipelineStateManagerImpl (PipelineStateManagerImpl.java:initialize(78)) - No pipeline exists in current db
2022-11-10 07:08:11,273 [Time-limited test] INFO  algorithms.LeaderChoosePolicyFactory (LeaderChoosePolicyFactory.java:getPolicy(57)) - Create leader choose policy of type org.apache.hadoop.hdds.scm.pipeline.leader.choose.algorithms.MinLeaderCountChoosePolicy
2022-11-10 07:08:11,273 [Time-limited test] INFO  algorithms.ContainerPlacementPolicyFactory (ContainerPlacementPolicyFactory.java:getPolicyInternal(86)) - Create container placement policy of type org.apache.hadoop.hdds.scm.container.placement.algorithms.SCMContainerPlacementRackScatter
2022-11-10 07:08:11,278 [Time-limited test] INFO  ha.SCMServiceManager (SCMServiceManager.java:register(42)) - Registering service BackgroundPipelineCreator.
2022-11-10 07:08:11,278 [Time-limited test] INFO  pipeline.BackgroundPipelineCreator (BackgroundPipelineCreator.java:start(124)) - Starting RatisPipelineUtilsThread.
2022-11-10 07:08:11,280 [Time-limited test] INFO  BackgroundPipelineScrubber (BackgroundSCMService.java:start(68)) - Starting BackgroundPipelineScrubber Service.
2022-11-10 07:08:11,284 [Time-limited test] INFO  ha.SCMServiceManager (SCMServiceManager.java:register(42)) - Registering service BackgroundPipelineScrubber.
2022-11-10 07:08:11,293 [Time-limited test] INFO  ExpiredContainerReplicaOpScrubber (BackgroundSCMService.java:start(68)) - Starting ExpiredContainerReplicaOpScrubber Service.
2022-11-10 07:08:11,293 [Time-limited test] INFO  ha.SCMServiceManager (SCMServiceManager.java:register(42)) - Registering service ExpiredContainerReplicaOpScrubber.
2022-11-10 07:08:11,334 [Time-limited test] INFO  algorithms.PipelineChoosePolicyFactory (PipelineChoosePolicyFactory.java:createPipelineChoosePolicyFromClass(73)) - Create pipeline choose policy of type org.apache.hadoop.hdds.scm.pipeline.choose.algorithms.RandomPipelineChoosePolicy
2022-11-10 07:08:11,350 [Time-limited test] INFO  ha.SCMServiceManager (SCMServiceManager.java:register(42)) - Registering service SCMBlockDeletingService.
2022-11-10 07:08:11,391 [Time-limited test] INFO  replication.ReplicationManager (ReplicationManager.java:start(239)) - Starting Replication Monitor Thread.
2022-11-10 07:08:11,398 [Time-limited test] INFO  ha.SCMServiceManager (SCMServiceManager.java:register(42)) - Registering service ReplicationManager.
2022-11-10 07:08:11,404 [ReplicationMonitor] INFO  replication.ReplicationManager (ReplicationManager.java:processAll(308)) - Replication Manager is not ready to run until 300000ms after safemode exit
2022-11-10 07:08:11,405 [Time-limited test] INFO  safemode.ContainerSafeModeRule (ContainerSafeModeRule.java:<init>(89)) - containers with one replica threshold count 0
2022-11-10 07:08:11,409 [Time-limited test] INFO  safemode.HealthyPipelineSafeModeRule (HealthyPipelineSafeModeRule.java:initializeRule(169)) - Total pipeline count is 0, healthy pipeline threshold count is 1
2022-11-10 07:08:11,411 [Time-limited test] INFO  safemode.OneReplicaPipelineSafeModeRule (OneReplicaPipelineSafeModeRule.java:initializeRule(180)) - Total pipeline count is 0, pipeline's with at least one datanode reported threshold count is 0
2022-11-10 07:08:11,672 [Time-limited test] INFO  audit.AuditLogger (AuditLogger.java:refreshDebugCmdSet(126)) - Refresh DebugCmdSet for SCMAudit to [].
2022-11-10 07:08:11,715 [Time-limited test] INFO  ipc.CallQueueManager (CallQueueManager.java:<init>(90)) - Using callQueue: class java.util.concurrent.LinkedBlockingQueue, queueCapacity: 10000, scheduler: class org.apache.hadoop.ipc.DefaultRpcScheduler, ipcBackoff: false.
2022-11-10 07:08:11,744 [Socket Reader #1 for port 37609] INFO  ipc.Server (Server.java:run(1273)) - Starting Socket Reader #1 for port 37609
2022-11-10 07:08:11,802 [Listener at 0.0.0.0/37609] INFO  audit.AuditLogger (AuditLogger.java:refreshDebugCmdSet(126)) - Refresh DebugCmdSet for SCMAudit to [].
2022-11-10 07:08:11,806 [Listener at 0.0.0.0/37609] INFO  ipc.CallQueueManager (CallQueueManager.java:<init>(90)) - Using callQueue: class java.util.concurrent.LinkedBlockingQueue, queueCapacity: 10000, scheduler: class org.apache.hadoop.ipc.DefaultRpcScheduler, ipcBackoff: false.
2022-11-10 07:08:11,807 [Socket Reader #1 for port 46059] INFO  ipc.Server (Server.java:run(1273)) - Starting Socket Reader #1 for port 46059
2022-11-10 07:08:11,835 [Listener at 0.0.0.0/46059] INFO  audit.AuditLogger (AuditLogger.java:refreshDebugCmdSet(126)) - Refresh DebugCmdSet for SCMAudit to [].
2022-11-10 07:08:11,844 [Listener at 0.0.0.0/46059] INFO  ipc.CallQueueManager (CallQueueManager.java:<init>(90)) - Using callQueue: class java.util.concurrent.LinkedBlockingQueue, queueCapacity: 10000, scheduler: class org.apache.hadoop.ipc.DefaultRpcScheduler, ipcBackoff: false.
2022-11-10 07:08:11,848 [Socket Reader #1 for port 46869] INFO  ipc.Server (Server.java:run(1273)) - Starting Socket Reader #1 for port 46869
2022-11-10 07:08:11,886 [Listener at 0.0.0.0/46869] INFO  ha.SCMServiceManager (SCMServiceManager.java:register(42)) - Registering service ContainerBalancer.
2022-11-10 07:08:11,887 [Listener at 0.0.0.0/46869] INFO  server.StorageContainerManager (StorageContainerManager.java:<init>(415)) - 
Container Balancer status:
Key                            Value
Running                        true
Container Balancer Configuration values:
Key                                                Value
Threshold                                          10
Max Datanodes to Involve per Iteration(percent)    20
Max Size to Move per Iteration                     500GB
Max Size Entering Target per Iteration             26GB
Max Size Leaving Source per Iteration              26GB

2022-11-10 07:08:11,888 [Listener at 0.0.0.0/46869] WARN  events.EventQueue (EventQueue.java:fireEvent(216)) - No event handler registered for event TypedEvent{payloadType=SafeModeStatus, name='Safe mode status'}
2022-11-10 07:08:11,888 [Listener at 0.0.0.0/46869] INFO  ha.SCMContext (SCMContext.java:updateSafeModeStatus(228)) - Update SafeModeStatus from SafeModeStatus{safeModeStatus=true, preCheckPassed=false} to SafeModeStatus{safeModeStatus=true, preCheckPassed=false}.
2022-11-10 07:08:11,892 [Listener at 0.0.0.0/46869] INFO  server.StorageContainerManager (StorageContainerManager.java:start(1449)) - StorageContainerLocationProtocol RPC server is listening at /0.0.0.0:46869
2022-11-10 07:08:11,893 [Listener at 0.0.0.0/46869] INFO  ha.SCMRatisServerImpl (SCMRatisServerImpl.java:start(178)) - starting ratis server 0.0.0.0:46459
2022-11-10 07:08:11,894 [c8e5d44d-3ae5-47f4-8fed-77a3ea3a3924-impl-thread1] INFO  storage.RaftStorageDirectory (RaftStorageDirectoryImpl.java:tryLock(231)) - Lock on /home/runner/work/ozone/ozone/hadoop-ozone/integration-test/target/test-dir/MiniOzoneClusterImpl-a89f51d4-237d-44f8-8386-a6bae3bff50d/scmNode-1/scm-ha/a89f51d4-237d-44f8-8386-a6bae3bff50d/in_use.lock acquired by nodename 3649@fv-az194-925
2022-11-10 07:08:11,895 [c8e5d44d-3ae5-47f4-8fed-77a3ea3a3924-impl-thread1] INFO  storage.RaftStorage (RaftStorageImpl.java:analyzeAndRecoverStorage(117)) - Read RaftStorageMetadata{term=1, votedFor=c8e5d44d-3ae5-47f4-8fed-77a3ea3a3924} from /home/runner/work/ozone/ozone/hadoop-ozone/integration-test/target/test-dir/MiniOzoneClusterImpl-a89f51d4-237d-44f8-8386-a6bae3bff50d/scmNode-1/scm-ha/a89f51d4-237d-44f8-8386-a6bae3bff50d/current/raft-meta
2022-11-10 07:08:11,902 [c8e5d44d-3ae5-47f4-8fed-77a3ea3a3924-impl-thread1] INFO  server.RaftServer$Division (ServerState.java:setRaftConf(430)) - c8e5d44d-3ae5-47f4-8fed-77a3ea3a3924@group-A6BAE3BFF50D: set configuration 0: peers:[c8e5d44d-3ae5-47f4-8fed-77a3ea3a3924|rpc:localhost:46459|admin:|client:|dataStream:|priority:0|startupRole:FOLLOWER]|listeners:[], old=null
2022-11-10 07:08:11,903 [c8e5d44d-3ae5-47f4-8fed-77a3ea3a3924-impl-thread1] INFO  server.RaftServerConfigKeys (ConfUtils.java:logGet(46)) - raft.server.log.use.memory = false (default)
2022-11-10 07:08:11,903 [c8e5d44d-3ae5-47f4-8fed-77a3ea3a3924-impl-thread1] INFO  server.RaftServerConfigKeys (ConfUtils.java:logGet(46)) - raft.server.log.purge.gap = 1000000 (custom)
2022-11-10 07:08:11,903 [c8e5d44d-3ae5-47f4-8fed-77a3ea3a3924-impl-thread1] INFO  server.RaftServerConfigKeys (ConfUtils.java:logGet(46)) - raft.server.log.appender.buffer.byte-limit = 33554432 (custom)
2022-11-10 07:08:11,903 [c8e5d44d-3ae5-47f4-8fed-77a3ea3a3924-impl-thread1] INFO  server.RaftServerConfigKeys (ConfUtils.java:logGet(46)) - raft.server.log.statemachine.data.read.timeout = 1000ms (default)
2022-11-10 07:08:11,903 [c8e5d44d-3ae5-47f4-8fed-77a3ea3a3924-impl-thread1] INFO  server.RaftServerConfigKeys (ConfUtils.java:logGet(46)) - raft.server.log.purge.preservation.log.num = 0 (default)
2022-11-10 07:08:11,903 [c8e5d44d-3ae5-47f4-8fed-77a3ea3a3924-impl-thread1] INFO  server.RaftServerConfigKeys (ConfUtils.java:logGet(46)) - raft.server.log.segment.size.max = 4194304 (custom)
2022-11-10 07:08:11,904 [c8e5d44d-3ae5-47f4-8fed-77a3ea3a3924-impl-thread1] INFO  server.RaftServerConfigKeys (ConfUtils.java:logGet(46)) - raft.server.log.segment.cache.num.max = 2 (custom)
2022-11-10 07:08:11,904 [c8e5d44d-3ae5-47f4-8fed-77a3ea3a3924-impl-thread1] INFO  server.RaftServerConfigKeys (ConfUtils.java:logGet(46)) - raft.server.log.segment.cache.size.max = 200MB (=209715200) (default)
2022-11-10 07:08:11,904 [c8e5d44d-3ae5-47f4-8fed-77a3ea3a3924-impl-thread1] INFO  segmented.SegmentedRaftLogWorker (SegmentedRaftLogWorker.java:<init>(191)) - new c8e5d44d-3ae5-47f4-8fed-77a3ea3a3924@group-A6BAE3BFF50D-SegmentedRaftLogWorker for RaftStorageImpl:Storage Directory /home/runner/work/ozone/ozone/hadoop-ozone/integration-test/target/test-dir/MiniOzoneClusterImpl-a89f51d4-237d-44f8-8386-a6bae3bff50d/scmNode-1/scm-ha/a89f51d4-237d-44f8-8386-a6bae3bff50d
2022-11-10 07:08:11,907 [c8e5d44d-3ae5-47f4-8fed-77a3ea3a3924-impl-thread1] INFO  server.RaftServerConfigKeys (ConfUtils.java:logGet(46)) - raft.server.log.queue.byte-limit = 64MB (=67108864) (default)
2022-11-10 07:08:11,907 [c8e5d44d-3ae5-47f4-8fed-77a3ea3a3924-impl-thread1] INFO  server.RaftServerConfigKeys (ConfUtils.java:logGet(46)) - raft.server.log.queue.element-limit = 4096 (default)
2022-11-10 07:08:11,907 [c8e5d44d-3ae5-47f4-8fed-77a3ea3a3924-impl-thread1] INFO  server.RaftServerConfigKeys (ConfUtils.java:logGet(46)) - raft.server.log.segment.size.max = 4194304 (custom)
2022-11-10 07:08:11,907 [c8e5d44d-3ae5-47f4-8fed-77a3ea3a3924-impl-thread1] INFO  server.RaftServerConfigKeys (ConfUtils.java:logGet(46)) - raft.server.log.preallocated.size = 4194304 (custom)
2022-11-10 07:08:11,907 [c8e5d44d-3ae5-47f4-8fed-77a3ea3a3924-impl-thread1] INFO  server.RaftServerConfigKeys (ConfUtils.java:logGet(46)) - raft.server.log.force.sync.num = 128 (default)
2022-11-10 07:08:11,907 [c8e5d44d-3ae5-47f4-8fed-77a3ea3a3924-impl-thread1] INFO  server.RaftServerConfigKeys (ConfUtils.java:logGet(46)) - raft.server.log.statemachine.data.sync = true (default)
2022-11-10 07:08:11,907 [c8e5d44d-3ae5-47f4-8fed-77a3ea3a3924-impl-thread1] INFO  server.RaftServerConfigKeys (ConfUtils.java:logGet(46)) - raft.server.log.statemachine.data.sync.timeout = 10s (default)
2022-11-10 07:08:11,907 [c8e5d44d-3ae5-47f4-8fed-77a3ea3a3924-impl-thread1] INFO  server.RaftServerConfigKeys (ConfUtils.java:logGet(46)) - raft.server.log.statemachine.data.sync.timeout.retry = -1 (default)
2022-11-10 07:08:11,909 [c8e5d44d-3ae5-47f4-8fed-77a3ea3a3924-impl-thread1] INFO  server.RaftServerConfigKeys (ConfUtils.java:logGet(46)) - raft.server.log.write.buffer.size = 64KB (=65536) (default)
2022-11-10 07:08:11,910 [c8e5d44d-3ae5-47f4-8fed-77a3ea3a3924-impl-thread1] INFO  server.RaftServerConfigKeys (ConfUtils.java:logGet(46)) - raft.server.log.unsafe-flush.enabled = false (default)
2022-11-10 07:08:11,910 [c8e5d44d-3ae5-47f4-8fed-77a3ea3a3924-impl-thread1] INFO  server.RaftServerConfigKeys (ConfUtils.java:logGet(46)) - raft.server.log.async-flush.enabled = false (default)
2022-11-10 07:08:11,910 [c8e5d44d-3ae5-47f4-8fed-77a3ea3a3924-impl-thread1] INFO  server.RaftServerConfigKeys (ConfUtils.java:logGet(46)) - raft.server.log.statemachine.data.caching.enabled = false (default)
2022-11-10 07:08:11,918 [c8e5d44d-3ae5-47f4-8fed-77a3ea3a3924-impl-thread1] INFO  server.RaftServer$Division (ServerState.java:setRaftConf(430)) - c8e5d44d-3ae5-47f4-8fed-77a3ea3a3924@group-A6BAE3BFF50D: set configuration 0: peers:[c8e5d44d-3ae5-47f4-8fed-77a3ea3a3924|rpc:localhost:46459|admin:|client:|dataStream:|priority:0|startupRole:FOLLOWER]|listeners:[], old=null
2022-11-10 07:08:11,919 [c8e5d44d-3ae5-47f4-8fed-77a3ea3a3924-impl-thread1] INFO  segmented.LogSegment (LogSegment.java:loadSegment(173)) - Successfully read 1 entries from segment file /home/runner/work/ozone/ozone/hadoop-ozone/integration-test/target/test-dir/MiniOzoneClusterImpl-a89f51d4-237d-44f8-8386-a6bae3bff50d/scmNode-1/scm-ha/a89f51d4-237d-44f8-8386-a6bae3bff50d/current/log_inprogress_0
2022-11-10 07:08:11,919 [c8e5d44d-3ae5-47f4-8fed-77a3ea3a3924-impl-thread1] INFO  segmented.SegmentedRaftLogWorker (SegmentedRaftLogWorker.java:lambda$new$0(136)) - c8e5d44d-3ae5-47f4-8fed-77a3ea3a3924@group-A6BAE3BFF50D-SegmentedRaftLogWorker: flushIndex: setUnconditionally 0 -> 0
2022-11-10 07:08:11,919 [c8e5d44d-3ae5-47f4-8fed-77a3ea3a3924-impl-thread1] INFO  segmented.SegmentedRaftLogWorker (SegmentedRaftLogWorker.java:lambda$new$0(136)) - c8e5d44d-3ae5-47f4-8fed-77a3ea3a3924@group-A6BAE3BFF50D-SegmentedRaftLogWorker: safeCacheEvictIndex: setUnconditionally 0 -> -1
2022-11-10 07:08:11,920 [c8e5d44d-3ae5-47f4-8fed-77a3ea3a3924-impl-thread1] INFO  server.RaftServer$Division (RaftServerImpl.java:start(334)) - c8e5d44d-3ae5-47f4-8fed-77a3ea3a3924@group-A6BAE3BFF50D: start as a follower, conf=0: peers:[c8e5d44d-3ae5-47f4-8fed-77a3ea3a3924|rpc:localhost:46459|admin:|client:|dataStream:|priority:0|startupRole:FOLLOWER]|listeners:[], old=null
2022-11-10 07:08:11,920 [c8e5d44d-3ae5-47f4-8fed-77a3ea3a3924-impl-thread1] INFO  server.RaftServer$Division (RaftServerImpl.java:setRole(321)) - c8e5d44d-3ae5-47f4-8fed-77a3ea3a3924@group-A6BAE3BFF50D: changes role from      null to FOLLOWER at term 1 for startAsFollower
2022-11-10 07:08:11,920 [c8e5d44d-3ae5-47f4-8fed-77a3ea3a3924-impl-thread1] INFO  impl.RoleInfo (RoleInfo.java:updateAndGet(139)) - c8e5d44d-3ae5-47f4-8fed-77a3ea3a3924: start c8e5d44d-3ae5-47f4-8fed-77a3ea3a3924@group-A6BAE3BFF50D-FollowerState
2022-11-10 07:08:11,921 [c8e5d44d-3ae5-47f4-8fed-77a3ea3a3924-impl-thread1] INFO  util.JmxRegister (JmxRegister.java:tryRegister(44)) - Successfully registered JMX Bean with object name Ratis:service=RaftServer,group=group-A6BAE3BFF50D,id=c8e5d44d-3ae5-47f4-8fed-77a3ea3a3924
2022-11-10 07:08:11,921 [c8e5d44d-3ae5-47f4-8fed-77a3ea3a3924-impl-thread1] INFO  server.RaftServerConfigKeys (ConfUtils.java:logGet(46)) - raft.server.snapshot.auto.trigger.enabled = true (custom)
2022-11-10 07:08:11,921 [c8e5d44d-3ae5-47f4-8fed-77a3ea3a3924-impl-thread1] INFO  server.RaftServerConfigKeys (ConfUtils.java:logGet(46)) - raft.server.snapshot.auto.trigger.threshold = 1000 (custom)
2022-11-10 07:08:11,921 [c8e5d44d-3ae5-47f4-8fed-77a3ea3a3924-impl-thread1] INFO  server.RaftServerConfigKeys (ConfUtils.java:logGet(46)) - raft.server.snapshot.retention.file.num = -1 (default)
2022-11-10 07:08:11,921 [c8e5d44d-3ae5-47f4-8fed-77a3ea3a3924-impl-thread1] INFO  server.RaftServerConfigKeys (ConfUtils.java:logGet(46)) - raft.server.log.purge.upto.snapshot.index = false (default)
2022-11-10 07:08:11,922 [c8e5d44d-3ae5-47f4-8fed-77a3ea3a3924@group-A6BAE3BFF50D-FollowerState] INFO  server.RaftServerConfigKeys (ConfUtils.java:logFallback(53)) - raft.server.rpc.first-election.timeout.min = 5000ms (fallback to raft.server.rpc.timeout.min)
2022-11-10 07:08:11,922 [c8e5d44d-3ae5-47f4-8fed-77a3ea3a3924@group-A6BAE3BFF50D-FollowerState] INFO  server.RaftServerConfigKeys (ConfUtils.java:logFallback(53)) - raft.server.rpc.first-election.timeout.max = 5200ms (fallback to raft.server.rpc.timeout.max)
2022-11-10 07:08:11,922 [Listener at 0.0.0.0/46869] INFO  server.RaftServer (RaftServerProxy.java:startImpl(393)) - c8e5d44d-3ae5-47f4-8fed-77a3ea3a3924: start RPC server
2022-11-10 07:08:11,927 [Listener at 0.0.0.0/46869] INFO  server.GrpcService (GrpcService.java:startImpl(270)) - c8e5d44d-3ae5-47f4-8fed-77a3ea3a3924: GrpcService started, listening on 46459
2022-11-10 07:08:11,932 [JvmPauseMonitor1] INFO  util.JvmPauseMonitor (JvmPauseMonitor.java:run(105)) - JvmPauseMonitor-c8e5d44d-3ae5-47f4-8fed-77a3ea3a3924: Started
2022-11-10 07:08:11,942 [Listener at 0.0.0.0/46869] INFO  ha.SCMHAManagerImpl (SCMHAManagerImpl.java:start(121)) -  scm role is FOLLOWER peers [c8e5d44d-3ae5-47f4-8fed-77a3ea3a3924|rpc:localhost:46459|admin:|client:|dataStream:|priority:0|startupRole:FOLLOWER]
2022-11-10 07:08:11,942 [Listener at 0.0.0.0/46869] INFO  ha.InterSCMGrpcService (InterSCMGrpcProtocolService.java:start(94)) - Starting SCM Grpc Service at port 38237
2022-11-10 07:08:11,988 [Listener at 0.0.0.0/46869] WARN  impl.MetricsConfig (MetricsConfig.java:loadFirst(136)) - Cannot locate configuration: tried hadoop-metrics2-storagecontainermanager.properties,hadoop-metrics2.properties
2022-11-10 07:08:11,998 [Listener at 0.0.0.0/46869] INFO  impl.MetricsSystemImpl (MetricsSystemImpl.java:startTimer(378)) - Scheduled Metric snapshot period at 10 second(s).
2022-11-10 07:08:11,999 [Listener at 0.0.0.0/46869] INFO  impl.MetricsSystemImpl (MetricsSystemImpl.java:start(191)) - StorageContainerManager metrics system started
2022-11-10 07:08:12,211 [Listener at 0.0.0.0/46869] INFO  server.SCMClientProtocolServer (SCMClientProtocolServer.java:start(170)) - RPC server for Client  is listening at /0.0.0.0:46869
2022-11-10 07:08:12,215 [IPC Server Responder] INFO  ipc.Server (Server.java:run(1512)) - IPC Server Responder: starting
2022-11-10 07:08:12,216 [IPC Server listener on 46869] INFO  ipc.Server (Server.java:run(1352)) - IPC Server listener on 46869: starting
2022-11-10 07:08:12,261 [Listener at 0.0.0.0/46869] INFO  server.StorageContainerManager (StorageContainerManager.java:start(1464)) - ScmBlockLocationProtocol RPC server is listening at /0.0.0.0:46059
2022-11-10 07:08:12,262 [Listener at 0.0.0.0/46869] INFO  server.SCMBlockProtocolServer (SCMBlockProtocolServer.java:start(152)) - RPC server for Block Protocol is listening at /0.0.0.0:46059
2022-11-10 07:08:12,301 [IPC Server listener on 46059] INFO  ipc.Server (Server.java:run(1352)) - IPC Server listener on 46059: starting
2022-11-10 07:08:12,301 [IPC Server Responder] INFO  ipc.Server (Server.java:run(1512)) - IPC Server Responder: starting
2022-11-10 07:08:12,314 [org.apache.hadoop.util.JvmPauseMonitor$Monitor@582eadd] INFO  util.JvmPauseMonitor (JvmPauseMonitor.java:run(188)) - Starting JVM pause monitor
2022-11-10 07:08:12,328 [Listener at 0.0.0.0/46869] INFO  http.BaseHttpServer (BaseHttpServer.java:newHttpServer2BuilderForOzone(213)) - Starting Web-server for scm at: http://0.0.0.0:38757
2022-11-10 07:08:12,335 [Listener at 0.0.0.0/46869] INFO  http.BaseHttpServer (BaseHttpServer.java:<init>(108)) - Hadoop Security Enabled: false Ozone Security Enabled: false Ozone HTTP Security Enabled: false 
2022-11-10 07:08:12,372 [Listener at 0.0.0.0/46869] INFO  util.log (Log.java:initialized(170)) - Logging initialized @10406ms to org.eclipse.jetty.util.log.Slf4jLog
2022-11-10 07:08:12,463 [Listener at 0.0.0.0/46869] WARN  server.AuthenticationFilter (AuthenticationFilter.java:constructSecretProvider(240)) - Unable to initialize FileSignerSecretProvider, falling back to use random secrets. Reason: Could not read signature secret file: /home/runner/hadoop-http-auth-signature-secret
2022-11-10 07:08:12,472 [Listener at 0.0.0.0/46869] WARN  http.HttpRequestLog (HttpRequestLog.java:getRequestLog(103)) - Jetty request log can only be enabled using Log4j
2022-11-10 07:08:12,480 [Listener at 0.0.0.0/46869] INFO  http.HttpServer2 (HttpServer2.java:addGlobalFilter(1031)) - Added global filter 'safety' (class=org.apache.hadoop.hdds.server.http.HttpServer2$QuotingInputFilter)
2022-11-10 07:08:12,483 [Listener at 0.0.0.0/46869] INFO  http.HttpServer2 (HttpServer2.java:addFilter(1007)) - Added filter static_user_filter (class=org.apache.hadoop.http.lib.StaticUserWebFilter$StaticUserFilter) to context scm
2022-11-10 07:08:12,483 [Listener at 0.0.0.0/46869] INFO  http.HttpServer2 (HttpServer2.java:addFilter(1015)) - Added filter static_user_filter (class=org.apache.hadoop.http.lib.StaticUserWebFilter$StaticUserFilter) to context logs
2022-11-10 07:08:12,483 [Listener at 0.0.0.0/46869] INFO  http.HttpServer2 (HttpServer2.java:addFilter(1015)) - Added filter static_user_filter (class=org.apache.hadoop.http.lib.StaticUserWebFilter$StaticUserFilter) to context static
2022-11-10 07:08:12,525 [Listener at 0.0.0.0/46869] INFO  http.HttpServer2 (HttpServer2.java:bindListener(1250)) - Jetty bound to port 38757
2022-11-10 07:08:12,526 [Listener at 0.0.0.0/46869] INFO  server.Server (Server.java:doStart(375)) - jetty-9.4.49.v20220914; built: 2022-09-14T01:07:36.601Z; git: 4231a3b2e4cb8548a412a789936d640a97b1aa0a; jvm 1.8.0_345-b01
2022-11-10 07:08:12,578 [Listener at 0.0.0.0/46869] INFO  server.session (DefaultSessionIdManager.java:doStart(334)) - DefaultSessionIdManager workerName=node0
2022-11-10 07:08:12,578 [Listener at 0.0.0.0/46869] INFO  server.session (DefaultSessionIdManager.java:doStart(339)) - No SessionScavenger set, using defaults
2022-11-10 07:08:12,580 [Listener at 0.0.0.0/46869] INFO  server.session (HouseKeeper.java:startScavenging(132)) - node0 Scavenging every 600000ms
2022-11-10 07:08:12,591 [Listener at 0.0.0.0/46869] INFO  handler.ContextHandler (ContextHandler.java:doStart(921)) - Started o.e.j.s.ServletContextHandler@21ac1d91{logs,/logs,file:///home/runner/work/ozone/ozone/hadoop-ozone/integration-test/target/log,AVAILABLE}
2022-11-10 07:08:12,592 [Listener at 0.0.0.0/46869] INFO  handler.ContextHandler (ContextHandler.java:doStart(921)) - Started o.e.j.s.ServletContextHandler@79dacea7{static,/static,file:///home/runner/work/ozone/ozone/hadoop-ozone/integration-test/target/test-classes/webapps/static,AVAILABLE}
2022-11-10 07:08:12,638 [Listener at 0.0.0.0/46869] INFO  handler.ContextHandler (ContextHandler.java:doStart(921)) - Started o.e.j.w.WebAppContext@7b1dc27{scm,/,file:///home/runner/work/ozone/ozone/hadoop-ozone/integration-test/target/test-classes/webapps/scm/,AVAILABLE}{file:/home/runner/work/ozone/ozone/hadoop-ozone/integration-test/target/test-classes/webapps/scm}
2022-11-10 07:08:12,647 [Listener at 0.0.0.0/46869] INFO  server.AbstractConnector (AbstractConnector.java:doStart(333)) - Started ServerConnector@23e86c82{HTTP/1.1, (http/1.1)}{0.0.0.0:38757}
2022-11-10 07:08:12,647 [Listener at 0.0.0.0/46869] INFO  server.Server (Server.java:doStart(415)) - Started @10681ms
2022-11-10 07:08:12,650 [Listener at 0.0.0.0/46869] INFO  impl.MetricsSinkAdapter (MetricsSinkAdapter.java:start(204)) - Sink prometheus started
2022-11-10 07:08:12,650 [Listener at 0.0.0.0/46869] INFO  impl.MetricsSystemImpl (MetricsSystemImpl.java:registerSink(305)) - Registered sink prometheus
2022-11-10 07:08:12,651 [Listener at 0.0.0.0/46869] INFO  http.BaseHttpServer (BaseHttpServer.java:updateConnectorAddress(333)) - HTTP server of scm listening at http://0.0.0.0:38757
2022-11-10 07:08:12,651 [Listener at 0.0.0.0/46869] INFO  ozone.MiniOzoneHAClusterImpl (MiniOzoneHAClusterImpl.java:createSCMService(606)) - Started SCM RPC server at /0.0.0.0:46869
2022-11-10 07:08:12,672 [Listener at 0.0.0.0/46869] WARN  server.ServerUtils (ServerUtils.java:getScmDbDir(148)) - ozone.scm.db.dirs is not configured. We recommend adding this setting. Falling back to ozone.metadata.dirs instead.
2022-11-10 07:08:12,673 [Listener at 0.0.0.0/46869] INFO  ha.SCMHANodeDetails (SCMHANodeDetails.java:loadSCMHAConfig(209)) - ServiceID for StorageContainerManager is scmServiceId
2022-11-10 07:08:12,673 [Listener at 0.0.0.0/46869] INFO  ha.SCMHANodeDetails (SCMHANodeDetails.java:loadSCMHAConfig(220)) - ServiceID for StorageContainerManager is scmServiceId
2022-11-10 07:08:12,673 [Listener at 0.0.0.0/46869] WARN  scm.ScmUtils (ScmUtils.java:logWarn(190)) - ConfigKey ozone.scm.block.client.address is deprecated, For configuring different ports for each SCM use PortConfigKey ozone.scm.block.client.port appended with serviceId and nodeId. If want to configure same port configure ozone.scm.block.client.port
2022-11-10 07:08:12,673 [Listener at 0.0.0.0/46869] WARN  scm.ScmUtils (ScmUtils.java:logWarn(190)) - ConfigKey ozone.scm.client.address is deprecated, For configuring different ports for each SCM use PortConfigKey ozone.scm.client.port appended with serviceId and nodeId. If want to configure same port configure ozone.scm.client.port
2022-11-10 07:08:12,673 [Listener at 0.0.0.0/46869] WARN  scm.ScmUtils (ScmUtils.java:logWarn(190)) - ConfigKey ozone.scm.datanode.address is deprecated, For configuring different ports for each SCM use PortConfigKey ozone.scm.datanode.port appended with serviceId and nodeId. If want to configure same port configure ozone.scm.datanode.port
2022-11-10 07:08:12,674 [Listener at 0.0.0.0/46869] WARN  scm.ScmUtils (ScmUtils.java:logWarn(190)) - ConfigKey ozone.scm.block.client.address is deprecated, For configuring different ports for each SCM use PortConfigKey ozone.scm.block.client.port appended with serviceId and nodeId. If want to configure same port configure ozone.scm.block.client.port
2022-11-10 07:08:12,674 [Listener at 0.0.0.0/46869] WARN  scm.ScmUtils (ScmUtils.java:logWarn(190)) - ConfigKey ozone.scm.client.address is deprecated, For configuring different ports for each SCM use PortConfigKey ozone.scm.client.port appended with serviceId and nodeId. If want to configure same port configure ozone.scm.client.port
2022-11-10 07:08:12,675 [Listener at 0.0.0.0/46869] WARN  scm.ScmUtils (ScmUtils.java:logWarn(190)) - ConfigKey ozone.scm.datanode.address is deprecated, For configuring different ports for each SCM use PortConfigKey ozone.scm.datanode.port appended with serviceId and nodeId. If want to configure same port configure ozone.scm.datanode.port
2022-11-10 07:08:12,675 [Listener at 0.0.0.0/46869] INFO  ha.SCMHANodeDetails (SCMHANodeDetails.java:loadSCMHAConfig(307)) - Found matching SCM address with SCMServiceId: scmServiceId, SCMNodeId: scmNode-2, RPC Address: localhost:45499 and Ratis port: 45499
2022-11-10 07:08:12,675 [Listener at 0.0.0.0/46869] INFO  ha.SCMHANodeDetails (ConfUtils.java:setNodeSpecificConfigs(97)) - Setting configuration key ozone.scm.datanode.address with value of key ozone.scm.datanode.address.scmServiceId.scmNode-2: 127.0.0.1:46315
2022-11-10 07:08:12,675 [Listener at 0.0.0.0/46869] INFO  ha.SCMHANodeDetails (ConfUtils.java:setNodeSpecificConfigs(97)) - Setting configuration key ozone.scm.block.client.address with value of key ozone.scm.block.client.address.scmServiceId.scmNode-2: 127.0.0.1:33183
2022-11-10 07:08:12,675 [Listener at 0.0.0.0/46869] INFO  ha.SCMHANodeDetails (ConfUtils.java:setNodeSpecificConfigs(97)) - Setting configuration key ozone.scm.client.address with value of key ozone.scm.client.address.scmServiceId.scmNode-2: 127.0.0.1:38463
2022-11-10 07:08:12,675 [Listener at 0.0.0.0/46869] INFO  ha.SCMHANodeDetails (ConfUtils.java:setNodeSpecificConfigs(97)) - Setting configuration key ozone.scm.ratis.port with value of key ozone.scm.ratis.port.scmServiceId.scmNode-2: 45499
2022-11-10 07:08:12,677 [Listener at 0.0.0.0/46869] INFO  ha.SCMHANodeDetails (ConfUtils.java:setNodeSpecificConfigs(97)) - Setting configuration key ozone.scm.grpc.port with value of key ozone.scm.grpc.port.scmServiceId.scmNode-2: 46801
2022-11-10 07:08:12,677 [Listener at 0.0.0.0/46869] INFO  ha.SCMHANodeDetails (ConfUtils.java:setNodeSpecificConfigs(97)) - Setting configuration key ozone.scm.http-address with value of key ozone.scm.http-address.scmServiceId.scmNode-2: 127.0.0.1:39085
2022-11-10 07:08:12,677 [Listener at 0.0.0.0/46869] INFO  ha.SCMHANodeDetails (ConfUtils.java:setNodeSpecificConfigs(97)) - Setting configuration key ozone.scm.https-address with value of key ozone.scm.https-address.scmServiceId.scmNode-2: 127.0.0.1:39823
2022-11-10 07:08:12,677 [Listener at 0.0.0.0/46869] INFO  ha.SCMHANodeDetails (ConfUtils.java:setNodeSpecificConfigs(97)) - Setting configuration key ozone.scm.address with value of key ozone.scm.address.scmServiceId.scmNode-2: 127.0.0.1
2022-11-10 07:08:12,677 [Listener at 0.0.0.0/46869] WARN  scm.ScmUtils (ScmUtils.java:logWarn(190)) - ConfigKey ozone.scm.block.client.address is deprecated, For configuring different ports for each SCM use PortConfigKey ozone.scm.block.client.port appended with serviceId and nodeId. If want to configure same port configure ozone.scm.block.client.port
2022-11-10 07:08:12,677 [Listener at 0.0.0.0/46869] WARN  scm.ScmUtils (ScmUtils.java:logWarn(190)) - ConfigKey ozone.scm.client.address is deprecated, For configuring different ports for each SCM use PortConfigKey ozone.scm.client.port appended with serviceId and nodeId. If want to configure same port configure ozone.scm.client.port
2022-11-10 07:08:12,677 [Listener at 0.0.0.0/46869] WARN  scm.ScmUtils (ScmUtils.java:logWarn(190)) - ConfigKey ozone.scm.datanode.address is deprecated, For configuring different ports for each SCM use PortConfigKey ozone.scm.datanode.port appended with serviceId and nodeId. If want to configure same port configure ozone.scm.datanode.port
2022-11-10 07:08:12,685 [Listener at 0.0.0.0/46869] INFO  ha.SCMNodeInfo (SCMNodeInfo.java:getPort(197)) - ConfigKey ozone.scm.client.address is deprecated, For configuring different ports for each SCM use PortConfigKey ozone.scm.client.port appended with serviceId and nodeId
2022-11-10 07:08:12,685 [Listener at 0.0.0.0/46869] INFO  ha.SCMNodeInfo (SCMNodeInfo.java:getPort(197)) - ConfigKey ozone.scm.block.client.address is deprecated, For configuring different ports for each SCM use PortConfigKey ozone.scm.block.client.port appended with serviceId and nodeId
2022-11-10 07:08:12,685 [Listener at 0.0.0.0/46869] INFO  ha.SCMNodeInfo (SCMNodeInfo.java:getPort(197)) - ConfigKey ozone.scm.datanode.address is deprecated, For configuring different ports for each SCM use PortConfigKey ozone.scm.datanode.port appended with serviceId and nodeId
2022-11-10 07:08:12,686 [Listener at 0.0.0.0/46869] INFO  ha.SCMNodeInfo (SCMNodeInfo.java:getPort(197)) - ConfigKey ozone.scm.client.address is deprecated, For configuring different ports for each SCM use PortConfigKey ozone.scm.client.port appended with serviceId and nodeId
2022-11-10 07:08:12,686 [Listener at 0.0.0.0/46869] INFO  ha.SCMNodeInfo (SCMNodeInfo.java:getPort(197)) - ConfigKey ozone.scm.block.client.address is deprecated, For configuring different ports for each SCM use PortConfigKey ozone.scm.block.client.port appended with serviceId and nodeId
2022-11-10 07:08:12,687 [Listener at 0.0.0.0/46869] INFO  ha.SCMNodeInfo (SCMNodeInfo.java:getPort(197)) - ConfigKey ozone.scm.datanode.address is deprecated, For configuring different ports for each SCM use PortConfigKey ozone.scm.datanode.port appended with serviceId and nodeId
2022-11-10 07:08:12,689 [Listener at 0.0.0.0/46869] INFO  proxy.SCMBlockLocationFailoverProxyProvider (SCMBlockLocationFailoverProxyProvider.java:<init>(114)) - Created block location fail-over proxy with 2 nodes: [nodeId=scmNode-3,nodeAddress=/127.0.0.1:36807, nodeId=scmNode-1,nodeAddress=/127.0.0.1:46059]
2022-11-10 07:08:14,921 [Listener at 0.0.0.0/46869] INFO  retry.RetryInvocationHandler (RetryInvocationHandler.java:log(411)) - com.google.protobuf.ServiceException: java.net.ConnectException: Call From fv-az194-925/10.1.0.160 to localhost:36807 failed on connection exception: java.net.ConnectException: Connection refused; For more details see:  http://wiki.apache.org/hadoop/ConnectionRefused, while invoking $Proxy41.send over nodeId=scmNode-3,nodeAddress=/127.0.0.1:36807 after 1 failover attempts. Trying to failover after sleeping for 2000ms.
2022-11-10 07:08:16,924 [Listener at 0.0.0.0/46869] INFO  retry.RetryInvocationHandler (RetryInvocationHandler.java:log(411)) - com.google.protobuf.ServiceException: org.apache.hadoop.ipc.RemoteException(org.apache.hadoop.hdds.ratis.ServerNotLeaderException): Server:c8e5d44d-3ae5-47f4-8fed-77a3ea3a3924 is not the leader. Could not determine the leader node.
	at org.apache.hadoop.hdds.ratis.ServerNotLeaderException.convertToNotLeaderException(ServerNotLeaderException.java:109)
	at org.apache.hadoop.hdds.scm.ha.RatisUtil.checkRatisException(RatisUtil.java:246)
	at org.apache.hadoop.hdds.scm.protocol.ScmBlockLocationProtocolServerSideTranslatorPB.send(ScmBlockLocationProtocolServerSideTranslatorPB.java:109)
	at org.apache.hadoop.hdds.protocol.proto.ScmBlockLocationProtocolProtos$ScmBlockLocationProtocolService$2.callBlockingMethod(ScmBlockLocationProtocolProtos.java:14202)
	at org.apache.hadoop.ipc.ProtobufRpcEngine$Server.processCall(ProtobufRpcEngine.java:465)
	at org.apache.hadoop.ipc.ProtobufRpcEngine2$Server$ProtoBufRpcInvoker.call(ProtobufRpcEngine2.java:578)
	at org.apache.hadoop.ipc.ProtobufRpcEngine2$Server$ProtoBufRpcInvoker.call(ProtobufRpcEngine2.java:556)
	at org.apache.hadoop.ipc.RPC$Server.call(RPC.java:1093)
	at org.apache.hadoop.ipc.Server$RpcCall.run(Server.java:1043)
	at org.apache.hadoop.ipc.Server$RpcCall.run(Server.java:971)
	at java.security.AccessController.doPrivileged(Native Method)
	at javax.security.auth.Subject.doAs(Subject.java:422)
	at org.apache.hadoop.security.UserGroupInformation.doAs(UserGroupInformation.java:1878)
	at org.apache.hadoop.ipc.Server$Handler.run(Server.java:2976)
, while invoking $Proxy41.send over nodeId=scmNode-1,nodeAddress=/127.0.0.1:46059 after 2 failover attempts. Trying to failover after sleeping for 2000ms.
2022-11-10 07:08:17,072 [c8e5d44d-3ae5-47f4-8fed-77a3ea3a3924@group-A6BAE3BFF50D-FollowerState] INFO  impl.FollowerState (FollowerState.java:run(143)) - c8e5d44d-3ae5-47f4-8fed-77a3ea3a3924@group-A6BAE3BFF50D-FollowerState: change to CANDIDATE, lastRpcElapsedTime:5152464269ns, electionTimeout:5150ms
2022-11-10 07:08:17,073 [c8e5d44d-3ae5-47f4-8fed-77a3ea3a3924@group-A6BAE3BFF50D-FollowerState] INFO  impl.RoleInfo (RoleInfo.java:shutdownFollowerState(110)) - c8e5d44d-3ae5-47f4-8fed-77a3ea3a3924: shutdown c8e5d44d-3ae5-47f4-8fed-77a3ea3a3924@group-A6BAE3BFF50D-FollowerState
2022-11-10 07:08:17,073 [c8e5d44d-3ae5-47f4-8fed-77a3ea3a3924@group-A6BAE3BFF50D-FollowerState] INFO  server.RaftServer$Division (RaftServerImpl.java:setRole(321)) - c8e5d44d-3ae5-47f4-8fed-77a3ea3a3924@group-A6BAE3BFF50D: changes role from  FOLLOWER to CANDIDATE at term 1 for changeToCandidate
2022-11-10 07:08:17,074 [c8e5d44d-3ae5-47f4-8fed-77a3ea3a3924@group-A6BAE3BFF50D-FollowerState] INFO  server.RaftServerConfigKeys (ConfUtils.java:logGet(46)) - raft.server.leaderelection.pre-vote = false (custom)
2022-11-10 07:08:17,074 [c8e5d44d-3ae5-47f4-8fed-77a3ea3a3924@group-A6BAE3BFF50D-FollowerState] INFO  impl.RoleInfo (RoleInfo.java:updateAndGet(139)) - c8e5d44d-3ae5-47f4-8fed-77a3ea3a3924: start c8e5d44d-3ae5-47f4-8fed-77a3ea3a3924@group-A6BAE3BFF50D-LeaderElection2
2022-11-10 07:08:17,078 [c8e5d44d-3ae5-47f4-8fed-77a3ea3a3924@group-A6BAE3BFF50D-LeaderElection2] INFO  impl.LeaderElection (LeaderElection.java:askForVotes(312)) - c8e5d44d-3ae5-47f4-8fed-77a3ea3a3924@group-A6BAE3BFF50D-LeaderElection2 ELECTION round 0: submit vote requests at term 2 for 0: peers:[c8e5d44d-3ae5-47f4-8fed-77a3ea3a3924|rpc:localhost:46459|admin:|client:|dataStream:|priority:0|startupRole:FOLLOWER]|listeners:[], old=null
2022-11-10 07:08:17,079 [c8e5d44d-3ae5-47f4-8fed-77a3ea3a3924@group-A6BAE3BFF50D-LeaderElection2] INFO  impl.LeaderElection (LeaderElection.java:askForVotes(314)) - c8e5d44d-3ae5-47f4-8fed-77a3ea3a3924@group-A6BAE3BFF50D-LeaderElection2 ELECTION round 0: result PASSED (term=2)
2022-11-10 07:08:17,079 [c8e5d44d-3ae5-47f4-8fed-77a3ea3a3924@group-A6BAE3BFF50D-LeaderElection2] INFO  impl.RoleInfo (RoleInfo.java:shutdownLeaderElection(130)) - c8e5d44d-3ae5-47f4-8fed-77a3ea3a3924: shutdown c8e5d44d-3ae5-47f4-8fed-77a3ea3a3924@group-A6BAE3BFF50D-LeaderElection2
2022-11-10 07:08:17,079 [c8e5d44d-3ae5-47f4-8fed-77a3ea3a3924@group-A6BAE3BFF50D-LeaderElection2] INFO  server.RaftServer$Division (RaftServerImpl.java:setRole(321)) - c8e5d44d-3ae5-47f4-8fed-77a3ea3a3924@group-A6BAE3BFF50D: changes role from CANDIDATE to LEADER at term 2 for changeToLeader
2022-11-10 07:08:17,079 [c8e5d44d-3ae5-47f4-8fed-77a3ea3a3924@group-A6BAE3BFF50D-LeaderElection2] INFO  ha.SCMStateMachine (SCMStateMachine.java:notifyLeaderChanged(259)) - current SCM becomes leader of term 2.
2022-11-10 07:08:17,080 [c8e5d44d-3ae5-47f4-8fed-77a3ea3a3924@group-A6BAE3BFF50D-LeaderElection2] INFO  ha.SCMContext (SCMContext.java:updateLeaderAndTerm(99)) - update <isLeader,term> from <false,0> to <true,2>
2022-11-10 07:08:17,082 [c8e5d44d-3ae5-47f4-8fed-77a3ea3a3924@group-A6BAE3BFF50D-LeaderElection2] INFO  server.RaftServer$Division (ServerState.java:setLeader(313)) - c8e5d44d-3ae5-47f4-8fed-77a3ea3a3924@group-A6BAE3BFF50D: change Leader from null to c8e5d44d-3ae5-47f4-8fed-77a3ea3a3924 at term 2 for becomeLeader, leader elected after 6154ms
2022-11-10 07:08:17,082 [c8e5d44d-3ae5-47f4-8fed-77a3ea3a3924@group-A6BAE3BFF50D-LeaderElection2] INFO  server.RaftServerConfigKeys (ConfUtils.java:logGet(46)) - raft.server.staging.catchup.gap = 1000 (default)
2022-11-10 07:08:17,083 [c8e5d44d-3ae5-47f4-8fed-77a3ea3a3924@group-A6BAE3BFF50D-LeaderElection2] INFO  server.RaftServerConfigKeys (ConfUtils.java:logGet(46)) - raft.server.write.element-limit = 4096 (default)
2022-11-10 07:08:17,083 [c8e5d44d-3ae5-47f4-8fed-77a3ea3a3924@group-A6BAE3BFF50D-LeaderElection2] INFO  server.RaftServerConfigKeys (ConfUtils.java:logGet(46)) - raft.server.write.byte-limit = 64MB (=67108864) (default)
2022-11-10 07:08:17,084 [c8e5d44d-3ae5-47f4-8fed-77a3ea3a3924@group-A6BAE3BFF50D-LeaderElection2] INFO  server.RaftServerConfigKeys (ConfUtils.java:logGet(46)) - raft.server.watch.timeout = 10s (default)
2022-11-10 07:08:17,084 [c8e5d44d-3ae5-47f4-8fed-77a3ea3a3924@group-A6BAE3BFF50D-LeaderElection2] INFO  server.RaftServerConfigKeys (ConfUtils.java:logGet(46)) - raft.server.watch.timeout.denomination = 1s (default)
2022-11-10 07:08:17,084 [c8e5d44d-3ae5-47f4-8fed-77a3ea3a3924@group-A6BAE3BFF50D-LeaderElection2] INFO  server.RaftServerConfigKeys (ConfUtils.java:logGet(46)) - raft.server.watch.element-limit = 65536 (default)
2022-11-10 07:08:17,084 [c8e5d44d-3ae5-47f4-8fed-77a3ea3a3924@group-A6BAE3BFF50D-LeaderElection2] INFO  server.RaftServerConfigKeys (ConfUtils.java:logGet(46)) - raft.server.write.element-limit = 4096 (default)
2022-11-10 07:08:17,084 [c8e5d44d-3ae5-47f4-8fed-77a3ea3a3924@group-A6BAE3BFF50D-LeaderElection2] INFO  server.RaftServerConfigKeys (ConfUtils.java:logGet(46)) - raft.server.write.follower.gap.ratio.max = -1.0 (default)
2022-11-10 07:08:17,085 [c8e5d44d-3ae5-47f4-8fed-77a3ea3a3924@group-A6BAE3BFF50D-LeaderElection2] INFO  impl.RoleInfo (RoleInfo.java:updateAndGet(139)) - c8e5d44d-3ae5-47f4-8fed-77a3ea3a3924: start c8e5d44d-3ae5-47f4-8fed-77a3ea3a3924@group-A6BAE3BFF50D-LeaderStateImpl
2022-11-10 07:08:17,086 [c8e5d44d-3ae5-47f4-8fed-77a3ea3a3924@group-A6BAE3BFF50D-LeaderElection2] INFO  segmented.SegmentedRaftLogWorker (SegmentedRaftLogWorker.java:rollLogSegment(457)) - c8e5d44d-3ae5-47f4-8fed-77a3ea3a3924@group-A6BAE3BFF50D-SegmentedRaftLogWorker: Rolling segment log-0_0 to index:0
2022-11-10 07:08:17,087 [c8e5d44d-3ae5-47f4-8fed-77a3ea3a3924@group-A6BAE3BFF50D-LeaderElection2] INFO  server.RaftServer$Division (ServerState.java:setRaftConf(430)) - c8e5d44d-3ae5-47f4-8fed-77a3ea3a3924@group-A6BAE3BFF50D: set configuration 1: peers:[c8e5d44d-3ae5-47f4-8fed-77a3ea3a3924|rpc:localhost:46459|admin:|client:|dataStream:|priority:0|startupRole:FOLLOWER]|listeners:[], old=null
2022-11-10 07:08:17,090 [c8e5d44d-3ae5-47f4-8fed-77a3ea3a3924@group-A6BAE3BFF50D-SegmentedRaftLogWorker] INFO  segmented.SegmentedRaftLogWorker (SegmentedRaftLogWorker.java:execute(613)) - c8e5d44d-3ae5-47f4-8fed-77a3ea3a3924@group-A6BAE3BFF50D-SegmentedRaftLogWorker: Rolled log segment from /home/runner/work/ozone/ozone/hadoop-ozone/integration-test/target/test-dir/MiniOzoneClusterImpl-a89f51d4-237d-44f8-8386-a6bae3bff50d/scmNode-1/scm-ha/a89f51d4-237d-44f8-8386-a6bae3bff50d/current/log_inprogress_0 to /home/runner/work/ozone/ozone/hadoop-ozone/integration-test/target/test-dir/MiniOzoneClusterImpl-a89f51d4-237d-44f8-8386-a6bae3bff50d/scmNode-1/scm-ha/a89f51d4-237d-44f8-8386-a6bae3bff50d/current/log_0-0
2022-11-10 07:08:17,099 [c8e5d44d-3ae5-47f4-8fed-77a3ea3a3924@group-A6BAE3BFF50D-SegmentedRaftLogWorker] INFO  segmented.SegmentedRaftLogWorker (SegmentedRaftLogWorker.java:execute(656)) - c8e5d44d-3ae5-47f4-8fed-77a3ea3a3924@group-A6BAE3BFF50D-SegmentedRaftLogWorker: created new log segment /home/runner/work/ozone/ozone/hadoop-ozone/integration-test/target/test-dir/MiniOzoneClusterImpl-a89f51d4-237d-44f8-8386-a6bae3bff50d/scmNode-1/scm-ha/a89f51d4-237d-44f8-8386-a6bae3bff50d/current/log_inprogress_1
2022-11-10 07:08:17,103 [c8e5d44d-3ae5-47f4-8fed-77a3ea3a3924@group-A6BAE3BFF50D-StateMachineUpdater] INFO  ha.SCMContext (SCMContext.java:setLeaderReady(126)) - update <isLeaderReady> from <false> to <true>
2022-11-10 07:08:17,104 [c8e5d44d-3ae5-47f4-8fed-77a3ea3a3924@group-A6BAE3BFF50D-StateMachineUpdater] INFO  pipeline.BackgroundPipelineCreator (BackgroundPipelineCreator.java:notifyStatusChanged(254)) - Service BackgroundPipelineCreator transitions to RUNNING.
2022-11-10 07:08:17,108 [c8e5d44d-3ae5-47f4-8fed-77a3ea3a3924@group-A6BAE3BFF50D-StateMachineUpdater] INFO  safemode.HealthyPipelineSafeModeRule (HealthyPipelineSafeModeRule.java:initializeRule(165)) - Refreshed total pipeline count is 0, healthy pipeline threshold count is 1
2022-11-10 07:08:17,108 [c8e5d44d-3ae5-47f4-8fed-77a3ea3a3924@group-A6BAE3BFF50D-StateMachineUpdater] INFO  safemode.ContainerSafeModeRule (ContainerSafeModeRule.java:reInitializeRule(177)) - Refreshed one replica container threshold 0, currentThreshold 0
2022-11-10 07:08:17,109 [c8e5d44d-3ae5-47f4-8fed-77a3ea3a3924@group-A6BAE3BFF50D-StateMachineUpdater] INFO  safemode.OneReplicaPipelineSafeModeRule (OneReplicaPipelineSafeModeRule.java:initializeRule(176)) - Refreshed Total pipeline count is 0, pipeline's with at least one datanode reported threshold count is 0
2022-11-10 07:08:17,109 [c8e5d44d-3ae5-47f4-8fed-77a3ea3a3924@group-A6BAE3BFF50D-StateMachineUpdater] INFO  server.SCMDatanodeProtocolServer (SCMDatanodeProtocolServer.java:start(186)) - ScmDatanodeProtocol RPC server for DataNodes is listening at /0.0.0.0:37609
2022-11-10 07:08:17,112 [IPC Server listener on 37609] INFO  ipc.Server (Server.java:run(1352)) - IPC Server listener on 37609: starting
2022-11-10 07:08:17,112 [IPC Server Responder] INFO  ipc.Server (Server.java:run(1512)) - IPC Server Responder: starting
2022-11-10 07:08:18,926 [Listener at 0.0.0.0/46869] INFO  retry.RetryInvocationHandler (RetryInvocationHandler.java:log(411)) - com.google.protobuf.ServiceException: java.net.ConnectException: Call From fv-az194-925/10.1.0.160 to localhost:36807 failed on connection exception: java.net.ConnectException: Connection refused; For more details see:  http://wiki.apache.org/hadoop/ConnectionRefused, while invoking $Proxy41.send over nodeId=scmNode-3,nodeAddress=/127.0.0.1:36807 after 3 failover attempts. Trying to failover after sleeping for 2000ms.
2022-11-10 07:08:20,956 [Listener at 0.0.0.0/46869] INFO  server.StorageContainerManager (StorageContainerManager.java:scmBootstrap(1131)) - SCM BootStrap  is successful for ClusterID a89f51d4-237d-44f8-8386-a6bae3bff50d, SCMID db4da669-e495-4258-8ed5-d8ca382bca0e
2022-11-10 07:08:20,956 [Listener at 0.0.0.0/46869] INFO  server.StorageContainerManager (StorageContainerManager.java:scmBootstrap(1133)) - Primary SCM Node ID c8e5d44d-3ae5-47f4-8fed-77a3ea3a3924
2022-11-10 07:08:20,956 [Listener at 0.0.0.0/46869] WARN  server.ServerUtils (ServerUtils.java:getScmDbDir(148)) - ozone.scm.db.dirs is not configured. We recommend adding this setting. Falling back to ozone.metadata.dirs instead.
2022-11-10 07:08:20,957 [Listener at 0.0.0.0/46869] INFO  ha.SCMHANodeDetails (SCMHANodeDetails.java:loadSCMHAConfig(209)) - ServiceID for StorageContainerManager is scmServiceId
2022-11-10 07:08:20,957 [Listener at 0.0.0.0/46869] INFO  ha.SCMHANodeDetails (SCMHANodeDetails.java:loadSCMHAConfig(220)) - ServiceID for StorageContainerManager is scmServiceId
2022-11-10 07:08:20,957 [Listener at 0.0.0.0/46869] WARN  scm.ScmUtils (ScmUtils.java:logWarn(190)) - ConfigKey ozone.scm.block.client.address is deprecated, For configuring different ports for each SCM use PortConfigKey ozone.scm.block.client.port appended with serviceId and nodeId. If want to configure same port configure ozone.scm.block.client.port
2022-11-10 07:08:20,957 [Listener at 0.0.0.0/46869] WARN  scm.ScmUtils (ScmUtils.java:logWarn(190)) - ConfigKey ozone.scm.client.address is deprecated, For configuring different ports for each SCM use PortConfigKey ozone.scm.client.port appended with serviceId and nodeId. If want to configure same port configure ozone.scm.client.port
2022-11-10 07:08:20,957 [Listener at 0.0.0.0/46869] WARN  scm.ScmUtils (ScmUtils.java:logWarn(190)) - ConfigKey ozone.scm.datanode.address is deprecated, For configuring different ports for each SCM use PortConfigKey ozone.scm.datanode.port appended with serviceId and nodeId. If want to configure same port configure ozone.scm.datanode.port
2022-11-10 07:08:20,957 [Listener at 0.0.0.0/46869] WARN  scm.ScmUtils (ScmUtils.java:logWarn(190)) - ConfigKey ozone.scm.block.client.address is deprecated, For configuring different ports for each SCM use PortConfigKey ozone.scm.block.client.port appended with serviceId and nodeId. If want to configure same port configure ozone.scm.block.client.port
2022-11-10 07:08:20,957 [Listener at 0.0.0.0/46869] WARN  scm.ScmUtils (ScmUtils.java:logWarn(190)) - ConfigKey ozone.scm.client.address is deprecated, For configuring different ports for each SCM use PortConfigKey ozone.scm.client.port appended with serviceId and nodeId. If want to configure same port configure ozone.scm.client.port
2022-11-10 07:08:20,958 [Listener at 0.0.0.0/46869] WARN  scm.ScmUtils (ScmUtils.java:logWarn(190)) - ConfigKey ozone.scm.datanode.address is deprecated, For configuring different ports for each SCM use PortConfigKey ozone.scm.datanode.port appended with serviceId and nodeId. If want to configure same port configure ozone.scm.datanode.port
2022-11-10 07:08:20,958 [Listener at 0.0.0.0/46869] INFO  ha.SCMHANodeDetails (SCMHANodeDetails.java:loadSCMHAConfig(307)) - Found matching SCM address with SCMServiceId: scmServiceId, SCMNodeId: scmNode-2, RPC Address: localhost:45499 and Ratis port: 45499
2022-11-10 07:08:20,958 [Listener at 0.0.0.0/46869] INFO  ha.SCMHANodeDetails (ConfUtils.java:setNodeSpecificConfigs(97)) - Setting configuration key ozone.scm.datanode.address with value of key ozone.scm.datanode.address.scmServiceId.scmNode-2: 127.0.0.1:46315
2022-11-10 07:08:20,958 [Listener at 0.0.0.0/46869] INFO  ha.SCMHANodeDetails (ConfUtils.java:setNodeSpecificConfigs(97)) - Setting configuration key ozone.scm.block.client.address with value of key ozone.scm.block.client.address.scmServiceId.scmNode-2: 127.0.0.1:33183
2022-11-10 07:08:20,958 [Listener at 0.0.0.0/46869] INFO  ha.SCMHANodeDetails (ConfUtils.java:setNodeSpecificConfigs(97)) - Setting configuration key ozone.scm.client.address with value of key ozone.scm.client.address.scmServiceId.scmNode-2: 127.0.0.1:38463
2022-11-10 07:08:20,958 [Listener at 0.0.0.0/46869] INFO  ha.SCMHANodeDetails (ConfUtils.java:setNodeSpecificConfigs(97)) - Setting configuration key ozone.scm.ratis.port with value of key ozone.scm.ratis.port.scmServiceId.scmNode-2: 45499
2022-11-10 07:08:20,958 [Listener at 0.0.0.0/46869] INFO  ha.SCMHANodeDetails (ConfUtils.java:setNodeSpecificConfigs(97)) - Setting configuration key ozone.scm.grpc.port with value of key ozone.scm.grpc.port.scmServiceId.scmNode-2: 46801
2022-11-10 07:08:20,958 [Listener at 0.0.0.0/46869] INFO  ha.SCMHANodeDetails (ConfUtils.java:setNodeSpecificConfigs(97)) - Setting configuration key ozone.scm.http-address with value of key ozone.scm.http-address.scmServiceId.scmNode-2: 127.0.0.1:39085
2022-11-10 07:08:20,958 [Listener at 0.0.0.0/46869] INFO  ha.SCMHANodeDetails (ConfUtils.java:setNodeSpecificConfigs(97)) - Setting configuration key ozone.scm.https-address with value of key ozone.scm.https-address.scmServiceId.scmNode-2: 127.0.0.1:39823
2022-11-10 07:08:20,958 [Listener at 0.0.0.0/46869] INFO  ha.SCMHANodeDetails (ConfUtils.java:setNodeSpecificConfigs(97)) - Setting configuration key ozone.scm.address with value of key ozone.scm.address.scmServiceId.scmNode-2: 127.0.0.1
2022-11-10 07:08:20,958 [Listener at 0.0.0.0/46869] WARN  scm.ScmUtils (ScmUtils.java:logWarn(190)) - ConfigKey ozone.scm.block.client.address is deprecated, For configuring different ports for each SCM use PortConfigKey ozone.scm.block.client.port appended with serviceId and nodeId. If want to configure same port configure ozone.scm.block.client.port
2022-11-10 07:08:20,958 [Listener at 0.0.0.0/46869] WARN  scm.ScmUtils (ScmUtils.java:logWarn(190)) - ConfigKey ozone.scm.client.address is deprecated, For configuring different ports for each SCM use PortConfigKey ozone.scm.client.port appended with serviceId and nodeId. If want to configure same port configure ozone.scm.client.port
2022-11-10 07:08:20,958 [Listener at 0.0.0.0/46869] WARN  scm.ScmUtils (ScmUtils.java:logWarn(190)) - ConfigKey ozone.scm.datanode.address is deprecated, For configuring different ports for each SCM use PortConfigKey ozone.scm.datanode.port appended with serviceId and nodeId. If want to configure same port configure ozone.scm.datanode.port
2022-11-10 07:08:20,960 [Listener at 0.0.0.0/46869] WARN  utils.HAUtils (HAUtils.java:getMetaDir(342)) - ozone.scm.db.dirs is not configured. We recommend adding this setting. Falling back to ozone.metadata.dirs instead.
2022-11-10 07:08:20,960 [Listener at 0.0.0.0/46869] WARN  db.DBStoreBuilder (DBStoreBuilder.java:applyDBDefinition(144)) - ozone.scm.db.dirs is not configured. We recommend adding this setting. Falling back to ozone.metadata.dirs instead.
2022-11-10 07:08:21,058 [Listener at 0.0.0.0/46869] INFO  net.NodeSchemaLoader (NodeSchemaLoader.java:loadSchemaFromFile(129)) - Loading schema from [jar:file:/home/runner/.m2/repository/org/apache/ozone/hdds-common/1.3.0-SNAPSHOT/hdds-common-1.3.0-SNAPSHOT.jar!/network-topology-default.xml]
2022-11-10 07:08:21,058 [Listener at 0.0.0.0/46869] INFO  net.NodeSchemaLoader (NodeSchemaLoader.java:loadSchema(176)) - Loading network topology layer schema file
2022-11-10 07:08:21,060 [Listener at 0.0.0.0/46869] WARN  impl.MetricRegistriesImpl (MetricRegistriesImpl.java:addReporterRegistration(111)) - New reporters are added after registries were created. Some metrics will be missing from the reporter. Please add reporter before adding any new registry.
2022-11-10 07:08:21,061 [Listener at 0.0.0.0/46869] WARN  impl.MetricRegistriesImpl (MetricRegistriesImpl.java:addReporterRegistration(111)) - New reporters are added after registries were created. Some metrics will be missing from the reporter. Please add reporter before adding any new registry.
2022-11-10 07:08:21,061 [Listener at 0.0.0.0/46869] INFO  ha.SCMRatisServerImpl (SCMRatisServerImpl.java:<init>(87)) - starting Raft server for scm:db4da669-e495-4258-8ed5-d8ca382bca0e
2022-11-10 07:08:21,062 [Listener at 0.0.0.0/46869] INFO  server.RaftServer (ConfUtils.java:logGet(46)) - raft.rpc.type = GRPC (default)
2022-11-10 07:08:21,062 [Listener at 0.0.0.0/46869] INFO  grpc.GrpcConfigKeys (ConfUtils.java:logFallback(53)) - raft.grpc.admin.host = null (fallback to raft.grpc.server.host)
2022-11-10 07:08:21,062 [Listener at 0.0.0.0/46869] INFO  grpc.GrpcConfigKeys (ConfUtils.java:logFallback(53)) - raft.grpc.admin.port = 45499 (fallback to raft.grpc.server.port)
2022-11-10 07:08:21,062 [Listener at 0.0.0.0/46869] INFO  grpc.GrpcConfigKeys (ConfUtils.java:logFallback(53)) - raft.grpc.client.host = null (fallback to raft.grpc.server.host)
2022-11-10 07:08:21,062 [Listener at 0.0.0.0/46869] INFO  grpc.GrpcConfigKeys (ConfUtils.java:logFallback(53)) - raft.grpc.client.port = 45499 (fallback to raft.grpc.server.port)
2022-11-10 07:08:21,062 [Listener at 0.0.0.0/46869] INFO  grpc.GrpcConfigKeys (ConfUtils.java:logGet(46)) - raft.grpc.server.host = null (default)
2022-11-10 07:08:21,062 [Listener at 0.0.0.0/46869] INFO  grpc.GrpcConfigKeys (ConfUtils.java:logGet(46)) - raft.grpc.server.port = 45499 (custom)
2022-11-10 07:08:21,062 [Listener at 0.0.0.0/46869] INFO  server.GrpcService (ConfUtils.java:logGet(46)) - raft.grpc.message.size.max = 32m (=33554432) (custom)
2022-11-10 07:08:21,063 [Listener at 0.0.0.0/46869] INFO  server.RaftServerConfigKeys (ConfUtils.java:logGet(46)) - raft.server.log.appender.buffer.byte-limit = 33554432 (custom)
2022-11-10 07:08:21,063 [Listener at 0.0.0.0/46869] INFO  server.GrpcService (ConfUtils.java:logGet(46)) - raft.grpc.flow.control.window = 1MB (=1048576) (default)
2022-11-10 07:08:21,063 [Listener at 0.0.0.0/46869] INFO  server.RaftServerConfigKeys (ConfUtils.java:logGet(46)) - raft.server.rpc.request.timeout = 30000ms (custom)
2022-11-10 07:08:21,063 [Listener at 0.0.0.0/46869] INFO  grpc.GrpcConfigKeys (ConfUtils.java:logGet(46)) - raft.grpc.server.heartbeat.channel = true (default)
2022-11-10 07:08:21,063 [Listener at 0.0.0.0/46869] INFO  grpc.GrpcConfigKeys (ConfUtils.java:logGet(46)) - raft.grpc.server.async.request.thread.pool.cached = true (default)
2022-11-10 07:08:21,063 [Listener at 0.0.0.0/46869] INFO  grpc.GrpcConfigKeys (ConfUtils.java:logGet(46)) - raft.grpc.server.async.request.thread.pool.size = 32 (default)
2022-11-10 07:08:21,064 [Listener at 0.0.0.0/46869] INFO  impl.DataStreamServerImpl (ConfUtils.java:logGet(46)) - raft.datastream.type = DISABLED (default)
2022-11-10 07:08:21,064 [Listener at 0.0.0.0/46869] INFO  server.RaftServerConfigKeys (ConfUtils.java:logGet(46)) - raft.server.threadpool.proxy.cached = true (default)
2022-11-10 07:08:21,064 [Listener at 0.0.0.0/46869] INFO  server.RaftServerConfigKeys (ConfUtils.java:logGet(46)) - raft.server.threadpool.proxy.size = 0 (default)
2022-11-10 07:08:21,064 [Listener at 0.0.0.0/46869] INFO  server.RaftServerConfigKeys (ConfUtils.java:logGet(46)) - raft.server.rpc.slowness.timeout = 120000ms (custom)
2022-11-10 07:08:21,064 [Listener at 0.0.0.0/46869] INFO  server.RaftServerConfigKeys (ConfUtils.java:logGet(46)) - raft.server.leaderelection.leader.step-down.wait-time = 10s (default)
2022-11-10 07:08:21,064 [Listener at 0.0.0.0/46869] INFO  server.RaftServerConfigKeys (ConfUtils.java:logGet(46)) - raft.server.storage.dir = [/home/runner/work/ozone/ozone/hadoop-ozone/integration-test/target/test-dir/MiniOzoneClusterImpl-a89f51d4-237d-44f8-8386-a6bae3bff50d/scmNode-2/scm-ha] (custom)
2022-11-10 07:08:21,066 [Listener at 0.0.0.0/46869] INFO  server.RaftServer (RaftServerProxy.java:addNew(96)) - db4da669-e495-4258-8ed5-d8ca382bca0e: addNew group-A6BAE3BFF50D:[] returns group-A6BAE3BFF50D:java.util.concurrent.CompletableFuture@4512c36d[Not completed]
2022-11-10 07:08:21,067 [pool-54-thread-1] INFO  server.RaftServer$Division (RaftServerImpl.java:<init>(195)) - db4da669-e495-4258-8ed5-d8ca382bca0e: new RaftServerImpl for group-A6BAE3BFF50D:[] with SCMStateMachine:uninitialized
2022-11-10 07:08:21,068 [pool-54-thread-1] INFO  server.RaftServerConfigKeys (ConfUtils.java:logGet(46)) - raft.server.rpc.timeout.min = 5000ms (custom)
2022-11-10 07:08:21,068 [pool-54-thread-1] INFO  server.RaftServerConfigKeys (ConfUtils.java:logGet(46)) - raft.server.rpc.timeout.max = 5200ms (custom)
2022-11-10 07:08:21,068 [pool-54-thread-1] INFO  server.RaftServerConfigKeys (ConfUtils.java:logGet(46)) - raft.server.rpc.sleep.time = 25ms (default)
2022-11-10 07:08:21,068 [pool-54-thread-1] INFO  server.RaftServerConfigKeys (ConfUtils.java:logGet(46)) - raft.server.rpc.slowness.timeout = 120000ms (custom)
2022-11-10 07:08:21,068 [pool-54-thread-1] INFO  server.RaftServerConfigKeys (ConfUtils.java:logGet(46)) - raft.server.leaderelection.leader.step-down.wait-time = 10s (default)
2022-11-10 07:08:21,068 [pool-54-thread-1] INFO  server.RaftServerConfigKeys (ConfUtils.java:logGet(46)) - raft.server.sleep.deviation.threshold = 300ms (default)
2022-11-10 07:08:21,068 [pool-54-thread-1] INFO  server.RaftServer$Division (ServerState.java:<init>(118)) - db4da669-e495-4258-8ed5-d8ca382bca0e@group-A6BAE3BFF50D: ConfigurationManager, init=-1: peers:[]|listeners:[], old=null, confs=<EMPTY_MAP>
2022-11-10 07:08:21,068 [pool-54-thread-1] INFO  server.RaftServerConfigKeys (ConfUtils.java:logGet(46)) - raft.server.storage.dir = [/home/runner/work/ozone/ozone/hadoop-ozone/integration-test/target/test-dir/MiniOzoneClusterImpl-a89f51d4-237d-44f8-8386-a6bae3bff50d/scmNode-2/scm-ha] (custom)
2022-11-10 07:08:21,068 [pool-54-thread-1] INFO  server.RaftServerConfigKeys (ConfUtils.java:logGet(46)) - raft.server.log.corruption.policy = EXCEPTION (default)
2022-11-10 07:08:21,068 [pool-54-thread-1] INFO  server.RaftServerConfigKeys (ConfUtils.java:logGet(46)) - raft.server.storage.free-space.min = 0MB (=0) (default)
2022-11-10 07:08:21,068 [pool-54-thread-1] INFO  server.RaftServerConfigKeys (ConfUtils.java:logGet(46)) - raft.server.notification.no-leader.timeout = 60s (default)
2022-11-10 07:08:21,068 [pool-54-thread-1] INFO  server.RaftServerConfigKeys (ConfUtils.java:logGet(46)) - raft.server.retrycache.expirytime = 60000ms (default)
2022-11-10 07:08:21,068 [pool-54-thread-1] INFO  server.RaftServerConfigKeys (ConfUtils.java:logGet(46)) - raft.server.retrycache.statistics.expirytime = 100μs (default)
2022-11-10 07:08:21,070 [pool-54-thread-1] INFO  server.RaftServerConfigKeys (ConfUtils.java:logGet(46)) - raft.server.log.appender.install.snapshot.enabled = false (custom)
2022-11-10 07:08:21,070 [pool-54-thread-1] INFO  server.RaftServerConfigKeys (ConfUtils.java:logGet(46)) - raft.server.threadpool.server.cached = true (default)
2022-11-10 07:08:21,070 [pool-54-thread-1] INFO  server.RaftServerConfigKeys (ConfUtils.java:logGet(46)) - raft.server.threadpool.server.size = 0 (default)
2022-11-10 07:08:21,070 [pool-54-thread-1] INFO  server.RaftServerConfigKeys (ConfUtils.java:logGet(46)) - raft.server.threadpool.client.cached = true (default)
2022-11-10 07:08:21,070 [pool-54-thread-1] INFO  server.RaftServerConfigKeys (ConfUtils.java:logGet(46)) - raft.server.threadpool.client.size = 0 (default)
2022-11-10 07:08:21,070 [Listener at 0.0.0.0/46869] INFO  ha.SCMSnapshotProvider (SCMSnapshotProvider.java:<init>(66)) - Initializing SCM Snapshot Provider
2022-11-10 07:08:21,070 [Listener at 0.0.0.0/46869] WARN  server.ServerUtils (ServerUtils.java:getDefaultRatisDirectory(237)) - Storage directory for Ratis is not configured. It is a good idea to map this to an SSD disk. Falling back to ozone.metadata.dirs
2022-11-10 07:08:21,070 [Listener at 0.0.0.0/46869] WARN  ha.SCMHAUtils (SCMHAUtils.java:getSCMRatisSnapshotDirectory(153)) - SCM snapshot dir is not configured. Falling back to ozone.metadata.dirs config
2022-11-10 07:08:21,071 [Listener at 0.0.0.0/46869] INFO  upgrade.AbstractLayoutVersionManager (AbstractLayoutVersionManager.java:init(83)) - Initializing Layout version manager with metadata layout = DATANODE_SCHEMA_V3 (version = 4), software layout = DATANODE_SCHEMA_V3 (version = 4)
2022-11-10 07:08:21,120 [Listener at 0.0.0.0/46869] INFO  reflections.Reflections (Reflections.java:scan(232)) - Reflections took 48 ms to scan 7 urls, producing 139 keys and 336 values 
2022-11-10 07:08:21,122 [Listener at 0.0.0.0/46869] INFO  ha.SequenceIdGenerator (SequenceIdGenerator.java:upgradeToSequenceId(349)) - upgrade localId to 109611004723200000
2022-11-10 07:08:21,122 [Listener at 0.0.0.0/46869] INFO  ha.SequenceIdGenerator (SequenceIdGenerator.java:upgradeToSequenceId(359)) - upgrade delTxnId to 0
2022-11-10 07:08:21,122 [Listener at 0.0.0.0/46869] INFO  ha.SequenceIdGenerator (SequenceIdGenerator.java:upgradeToSequenceId(376)) - upgrade containerId to 0
2022-11-10 07:08:21,122 [Listener at 0.0.0.0/46869] INFO  ha.SequenceIdGenerator (SequenceIdGenerator.java:<init>(220)) - Init the HA SequenceIdGenerator.
2022-11-10 07:08:21,123 [Listener at 0.0.0.0/46869] WARN  server.ServerUtils (ServerUtils.java:sanitizeUserArgs(73)) - ozone.scm.stale.node.interval value = 300000 is larger than max = 100000 based on the key value of ozone.scm.heartbeat.thread.interval, reset to the max value 100000.
2022-11-10 07:08:21,123 [Listener at 0.0.0.0/46869] WARN  server.ServerUtils (ServerUtils.java:sanitizeUserArgs(73)) - ozone.scm.stale.node.interval value = 300000 is larger than max = 100000 based on the key value of ozone.scm.heartbeat.thread.interval, reset to the max value 100000.
2022-11-10 07:08:21,123 [Listener at 0.0.0.0/46869] INFO  node.SCMNodeManager (SCMNodeManager.java:<init>(149)) - Entering startup safe mode.
2022-11-10 07:08:21,124 [Listener at 0.0.0.0/46869] INFO  algorithms.ContainerPlacementPolicyFactory (ContainerPlacementPolicyFactory.java:getPolicyInternal(86)) - Create container placement policy of type org.apache.hadoop.hdds.scm.container.placement.algorithms.SCMContainerPlacementRandom
2022-11-10 07:08:21,124 [Listener at 0.0.0.0/46869] INFO  algorithms.ContainerPlacementPolicyFactory (ContainerPlacementPolicyFactory.java:getPolicyInternal(86)) - Create container placement policy of type org.apache.hadoop.hdds.scm.container.placement.algorithms.SCMContainerPlacementRackScatter
2022-11-10 07:08:21,124 [Listener at 0.0.0.0/46869] INFO  pipeline.PipelineStateManagerImpl (PipelineStateManagerImpl.java:initialize(78)) - No pipeline exists in current db
2022-11-10 07:08:21,124 [Listener at 0.0.0.0/46869] INFO  algorithms.LeaderChoosePolicyFactory (LeaderChoosePolicyFactory.java:getPolicy(57)) - Create leader choose policy of type org.apache.hadoop.hdds.scm.pipeline.leader.choose.algorithms.MinLeaderCountChoosePolicy
2022-11-10 07:08:21,124 [Listener at 0.0.0.0/46869] INFO  algorithms.ContainerPlacementPolicyFactory (ContainerPlacementPolicyFactory.java:getPolicyInternal(86)) - Create container placement policy of type org.apache.hadoop.hdds.scm.container.placement.algorithms.SCMContainerPlacementRackScatter
2022-11-10 07:08:21,125 [Listener at 0.0.0.0/46869] INFO  ha.SCMServiceManager (SCMServiceManager.java:register(42)) - Registering service BackgroundPipelineCreator.
2022-11-10 07:08:21,125 [Listener at 0.0.0.0/46869] INFO  pipeline.BackgroundPipelineCreator (BackgroundPipelineCreator.java:start(124)) - Starting RatisPipelineUtilsThread.
2022-11-10 07:08:21,132 [Listener at 0.0.0.0/46869] INFO  BackgroundPipelineScrubber (BackgroundSCMService.java:start(68)) - Starting BackgroundPipelineScrubber Service.
2022-11-10 07:08:21,136 [Listener at 0.0.0.0/46869] INFO  ha.SCMServiceManager (SCMServiceManager.java:register(42)) - Registering service BackgroundPipelineScrubber.
2022-11-10 07:08:21,136 [Listener at 0.0.0.0/46869] INFO  ExpiredContainerReplicaOpScrubber (BackgroundSCMService.java:start(68)) - Starting ExpiredContainerReplicaOpScrubber Service.
2022-11-10 07:08:21,138 [Listener at 0.0.0.0/46869] INFO  ha.SCMServiceManager (SCMServiceManager.java:register(42)) - Registering service ExpiredContainerReplicaOpScrubber.
2022-11-10 07:08:21,139 [Listener at 0.0.0.0/46869] INFO  algorithms.PipelineChoosePolicyFactory (PipelineChoosePolicyFactory.java:createPipelineChoosePolicyFromClass(73)) - Create pipeline choose policy of type org.apache.hadoop.hdds.scm.pipeline.choose.algorithms.RandomPipelineChoosePolicy
2022-11-10 07:08:21,139 [Listener at 0.0.0.0/46869] INFO  ha.SCMServiceManager (SCMServiceManager.java:register(42)) - Registering service SCMBlockDeletingService.
2022-11-10 07:08:21,140 [Listener at 0.0.0.0/46869] INFO  replication.ReplicationManager (ReplicationManager.java:start(239)) - Starting Replication Monitor Thread.
2022-11-10 07:08:21,147 [Listener at 0.0.0.0/46869] INFO  ha.SCMServiceManager (SCMServiceManager.java:register(42)) - Registering service ReplicationManager.
2022-11-10 07:08:21,148 [Listener at 0.0.0.0/46869] INFO  safemode.ContainerSafeModeRule (ContainerSafeModeRule.java:<init>(89)) - containers with one replica threshold count 0
2022-11-10 07:08:21,150 [Listener at 0.0.0.0/46869] INFO  safemode.HealthyPipelineSafeModeRule (HealthyPipelineSafeModeRule.java:initializeRule(169)) - Total pipeline count is 0, healthy pipeline threshold count is 1
2022-11-10 07:08:21,150 [Listener at 0.0.0.0/46869] INFO  safemode.OneReplicaPipelineSafeModeRule (OneReplicaPipelineSafeModeRule.java:initializeRule(180)) - Total pipeline count is 0, pipeline's with at least one datanode reported threshold count is 0
2022-11-10 07:08:21,152 [ReplicationMonitor] INFO  replication.ReplicationManager (ReplicationManager.java:processAll(308)) - Replication Manager is not ready to run until 3000ms after safemode exit
2022-11-10 07:08:21,155 [Listener at 0.0.0.0/46869] INFO  ipc.CallQueueManager (CallQueueManager.java:<init>(90)) - Using callQueue: class java.util.concurrent.LinkedBlockingQueue, queueCapacity: 2000, scheduler: class org.apache.hadoop.ipc.DefaultRpcScheduler, ipcBackoff: false.
2022-11-10 07:08:21,156 [Socket Reader #1 for port 46315] INFO  ipc.Server (Server.java:run(1273)) - Starting Socket Reader #1 for port 46315
2022-11-10 07:08:21,157 [Listener at 0.0.0.0/46315] INFO  ipc.CallQueueManager (CallQueueManager.java:<init>(90)) - Using callQueue: class java.util.concurrent.LinkedBlockingQueue, queueCapacity: 2000, scheduler: class org.apache.hadoop.ipc.DefaultRpcScheduler, ipcBackoff: false.
2022-11-10 07:08:21,160 [Socket Reader #1 for port 33183] INFO  ipc.Server (Server.java:run(1273)) - Starting Socket Reader #1 for port 33183
2022-11-10 07:08:21,160 [Listener at 0.0.0.0/33183] INFO  ipc.CallQueueManager (CallQueueManager.java:<init>(90)) - Using callQueue: class java.util.concurrent.LinkedBlockingQueue, queueCapacity: 2000, scheduler: class org.apache.hadoop.ipc.DefaultRpcScheduler, ipcBackoff: false.
2022-11-10 07:08:21,168 [Socket Reader #1 for port 38463] INFO  ipc.Server (Server.java:run(1273)) - Starting Socket Reader #1 for port 38463
2022-11-10 07:08:21,202 [Listener at 0.0.0.0/38463] INFO  ha.SCMServiceManager (SCMServiceManager.java:register(42)) - Registering service ContainerBalancer.
2022-11-10 07:08:21,203 [Listener at 0.0.0.0/38463] INFO  server.StorageContainerManager (StorageContainerManager.java:<init>(415)) - 
Container Balancer status:
Key                            Value
Running                        true
Container Balancer Configuration values:
Key                                                Value
Threshold                                          10
Max Datanodes to Involve per Iteration(percent)    20
Max Size to Move per Iteration                     500GB
Max Size Entering Target per Iteration             26GB
Max Size Leaving Source per Iteration              26GB

2022-11-10 07:08:21,203 [Listener at 0.0.0.0/38463] WARN  events.EventQueue (EventQueue.java:fireEvent(216)) - No event handler registered for event TypedEvent{payloadType=SafeModeStatus, name='Safe mode status'}
2022-11-10 07:08:21,203 [Listener at 0.0.0.0/38463] INFO  ha.SCMContext (SCMContext.java:updateSafeModeStatus(228)) - Update SafeModeStatus from SafeModeStatus{safeModeStatus=true, preCheckPassed=false} to SafeModeStatus{safeModeStatus=true, preCheckPassed=false}.
2022-11-10 07:08:21,203 [Listener at 0.0.0.0/38463] INFO  server.StorageContainerManager (StorageContainerManager.java:start(1449)) - StorageContainerLocationProtocol RPC server is listening at /0.0.0.0:38463
2022-11-10 07:08:21,204 [Listener at 0.0.0.0/38463] INFO  ha.SCMRatisServerImpl (SCMRatisServerImpl.java:start(178)) - starting ratis server 0.0.0.0:45499
2022-11-10 07:08:21,204 [db4da669-e495-4258-8ed5-d8ca382bca0e-impl-thread1] INFO  storage.RaftStorageDirectory (RaftStorageDirectoryImpl.java:analyzeStorage(137)) - The storage directory /home/runner/work/ozone/ozone/hadoop-ozone/integration-test/target/test-dir/MiniOzoneClusterImpl-a89f51d4-237d-44f8-8386-a6bae3bff50d/scmNode-2/scm-ha/a89f51d4-237d-44f8-8386-a6bae3bff50d does not exist. Creating ...
2022-11-10 07:08:21,207 [db4da669-e495-4258-8ed5-d8ca382bca0e-impl-thread1] INFO  storage.RaftStorageDirectory (RaftStorageDirectoryImpl.java:tryLock(231)) - Lock on /home/runner/work/ozone/ozone/hadoop-ozone/integration-test/target/test-dir/MiniOzoneClusterImpl-a89f51d4-237d-44f8-8386-a6bae3bff50d/scmNode-2/scm-ha/a89f51d4-237d-44f8-8386-a6bae3bff50d/in_use.lock acquired by nodename 3649@fv-az194-925
2022-11-10 07:08:21,208 [db4da669-e495-4258-8ed5-d8ca382bca0e-impl-thread1] INFO  storage.RaftStorage (RaftStorageImpl.java:format(96)) - Storage directory /home/runner/work/ozone/ozone/hadoop-ozone/integration-test/target/test-dir/MiniOzoneClusterImpl-a89f51d4-237d-44f8-8386-a6bae3bff50d/scmNode-2/scm-ha/a89f51d4-237d-44f8-8386-a6bae3bff50d has been successfully formatted.
2022-11-10 07:08:21,208 [db4da669-e495-4258-8ed5-d8ca382bca0e-impl-thread1] INFO  server.RaftServerConfigKeys (ConfUtils.java:logGet(46)) - raft.server.log.use.memory = false (default)
2022-11-10 07:08:21,208 [db4da669-e495-4258-8ed5-d8ca382bca0e-impl-thread1] INFO  server.RaftServerConfigKeys (ConfUtils.java:logGet(46)) - raft.server.log.purge.gap = 1000000 (custom)
2022-11-10 07:08:21,208 [db4da669-e495-4258-8ed5-d8ca382bca0e-impl-thread1] INFO  server.RaftServerConfigKeys (ConfUtils.java:logGet(46)) - raft.server.log.appender.buffer.byte-limit = 33554432 (custom)
2022-11-10 07:08:21,208 [db4da669-e495-4258-8ed5-d8ca382bca0e-impl-thread1] INFO  server.RaftServerConfigKeys (ConfUtils.java:logGet(46)) - raft.server.log.statemachine.data.read.timeout = 1000ms (default)
2022-11-10 07:08:21,208 [db4da669-e495-4258-8ed5-d8ca382bca0e-impl-thread1] INFO  server.RaftServerConfigKeys (ConfUtils.java:logGet(46)) - raft.server.log.purge.preservation.log.num = 0 (default)
2022-11-10 07:08:21,209 [db4da669-e495-4258-8ed5-d8ca382bca0e-impl-thread1] INFO  server.RaftServerConfigKeys (ConfUtils.java:logGet(46)) - raft.server.log.segment.size.max = 4194304 (custom)
2022-11-10 07:08:21,209 [db4da669-e495-4258-8ed5-d8ca382bca0e-impl-thread1] INFO  server.RaftServerConfigKeys (ConfUtils.java:logGet(46)) - raft.server.log.segment.cache.num.max = 2 (custom)
2022-11-10 07:08:21,209 [db4da669-e495-4258-8ed5-d8ca382bca0e-impl-thread1] INFO  server.RaftServerConfigKeys (ConfUtils.java:logGet(46)) - raft.server.log.segment.cache.size.max = 200MB (=209715200) (default)
2022-11-10 07:08:21,209 [db4da669-e495-4258-8ed5-d8ca382bca0e-impl-thread1] INFO  segmented.SegmentedRaftLogWorker (SegmentedRaftLogWorker.java:<init>(191)) - new db4da669-e495-4258-8ed5-d8ca382bca0e@group-A6BAE3BFF50D-SegmentedRaftLogWorker for RaftStorageImpl:Storage Directory /home/runner/work/ozone/ozone/hadoop-ozone/integration-test/target/test-dir/MiniOzoneClusterImpl-a89f51d4-237d-44f8-8386-a6bae3bff50d/scmNode-2/scm-ha/a89f51d4-237d-44f8-8386-a6bae3bff50d
2022-11-10 07:08:21,209 [db4da669-e495-4258-8ed5-d8ca382bca0e-impl-thread1] INFO  server.RaftServerConfigKeys (ConfUtils.java:logGet(46)) - raft.server.log.queue.byte-limit = 64MB (=67108864) (default)
2022-11-10 07:08:21,209 [db4da669-e495-4258-8ed5-d8ca382bca0e-impl-thread1] INFO  server.RaftServerConfigKeys (ConfUtils.java:logGet(46)) - raft.server.log.queue.element-limit = 4096 (default)
2022-11-10 07:08:21,209 [db4da669-e495-4258-8ed5-d8ca382bca0e-impl-thread1] INFO  server.RaftServerConfigKeys (ConfUtils.java:logGet(46)) - raft.server.log.segment.size.max = 4194304 (custom)
2022-11-10 07:08:21,209 [db4da669-e495-4258-8ed5-d8ca382bca0e-impl-thread1] INFO  server.RaftServerConfigKeys (ConfUtils.java:logGet(46)) - raft.server.log.preallocated.size = 4194304 (custom)
2022-11-10 07:08:21,209 [db4da669-e495-4258-8ed5-d8ca382bca0e-impl-thread1] INFO  server.RaftServerConfigKeys (ConfUtils.java:logGet(46)) - raft.server.log.force.sync.num = 128 (default)
2022-11-10 07:08:21,209 [db4da669-e495-4258-8ed5-d8ca382bca0e-impl-thread1] INFO  server.RaftServerConfigKeys (ConfUtils.java:logGet(46)) - raft.server.log.statemachine.data.sync = true (default)
2022-11-10 07:08:21,210 [db4da669-e495-4258-8ed5-d8ca382bca0e-impl-thread1] INFO  server.RaftServerConfigKeys (ConfUtils.java:logGet(46)) - raft.server.log.statemachine.data.sync.timeout = 10s (default)
2022-11-10 07:08:21,210 [db4da669-e495-4258-8ed5-d8ca382bca0e-impl-thread1] INFO  server.RaftServerConfigKeys (ConfUtils.java:logGet(46)) - raft.server.log.statemachine.data.sync.timeout.retry = -1 (default)
2022-11-10 07:08:21,210 [db4da669-e495-4258-8ed5-d8ca382bca0e-impl-thread1] INFO  server.RaftServerConfigKeys (ConfUtils.java:logGet(46)) - raft.server.log.write.buffer.size = 64KB (=65536) (default)
2022-11-10 07:08:21,211 [db4da669-e495-4258-8ed5-d8ca382bca0e-impl-thread1] INFO  server.RaftServerConfigKeys (ConfUtils.java:logGet(46)) - raft.server.log.unsafe-flush.enabled = false (default)
2022-11-10 07:08:21,211 [db4da669-e495-4258-8ed5-d8ca382bca0e-impl-thread1] INFO  server.RaftServerConfigKeys (ConfUtils.java:logGet(46)) - raft.server.log.async-flush.enabled = false (default)
2022-11-10 07:08:21,211 [db4da669-e495-4258-8ed5-d8ca382bca0e-impl-thread1] INFO  server.RaftServerConfigKeys (ConfUtils.java:logGet(46)) - raft.server.log.statemachine.data.caching.enabled = false (default)
2022-11-10 07:08:21,211 [db4da669-e495-4258-8ed5-d8ca382bca0e-impl-thread1] INFO  segmented.SegmentedRaftLogWorker (SegmentedRaftLogWorker.java:lambda$new$0(136)) - db4da669-e495-4258-8ed5-d8ca382bca0e@group-A6BAE3BFF50D-SegmentedRaftLogWorker: flushIndex: setUnconditionally 0 -> -1
2022-11-10 07:08:21,213 [db4da669-e495-4258-8ed5-d8ca382bca0e-impl-thread1] INFO  segmented.SegmentedRaftLogWorker (SegmentedRaftLogWorker.java:lambda$new$0(136)) - db4da669-e495-4258-8ed5-d8ca382bca0e@group-A6BAE3BFF50D-SegmentedRaftLogWorker: safeCacheEvictIndex: setUnconditionally 0 -> -1
2022-11-10 07:08:21,213 [db4da669-e495-4258-8ed5-d8ca382bca0e-impl-thread1] INFO  server.RaftServer$Division (RaftServerImpl.java:start(340)) - db4da669-e495-4258-8ed5-d8ca382bca0e@group-A6BAE3BFF50D: start with initializing state, conf=-1: peers:[]|listeners:[], old=null
2022-11-10 07:08:21,213 [db4da669-e495-4258-8ed5-d8ca382bca0e-impl-thread1] INFO  server.RaftServer$Division (RaftServerImpl.java:setRole(321)) - db4da669-e495-4258-8ed5-d8ca382bca0e@group-A6BAE3BFF50D: changes role from      null to FOLLOWER at term 0 for startInitializing
2022-11-10 07:08:21,213 [db4da669-e495-4258-8ed5-d8ca382bca0e-impl-thread1] INFO  util.JmxRegister (JmxRegister.java:tryRegister(44)) - Successfully registered JMX Bean with object name Ratis:service=RaftServer,group=group-A6BAE3BFF50D,id=db4da669-e495-4258-8ed5-d8ca382bca0e
2022-11-10 07:08:21,213 [db4da669-e495-4258-8ed5-d8ca382bca0e-impl-thread1] INFO  server.RaftServerConfigKeys (ConfUtils.java:logGet(46)) - raft.server.snapshot.auto.trigger.enabled = true (custom)
2022-11-10 07:08:21,213 [db4da669-e495-4258-8ed5-d8ca382bca0e-impl-thread1] INFO  server.RaftServerConfigKeys (ConfUtils.java:logGet(46)) - raft.server.snapshot.auto.trigger.threshold = 1000 (custom)
2022-11-10 07:08:21,213 [db4da669-e495-4258-8ed5-d8ca382bca0e-impl-thread1] INFO  server.RaftServerConfigKeys (ConfUtils.java:logGet(46)) - raft.server.snapshot.retention.file.num = -1 (default)
2022-11-10 07:08:21,214 [db4da669-e495-4258-8ed5-d8ca382bca0e-impl-thread1] INFO  server.RaftServerConfigKeys (ConfUtils.java:logGet(46)) - raft.server.log.purge.upto.snapshot.index = false (default)
2022-11-10 07:08:21,215 [Listener at 0.0.0.0/38463] INFO  server.RaftServer (RaftServerProxy.java:startImpl(393)) - db4da669-e495-4258-8ed5-d8ca382bca0e: start RPC server
2022-11-10 07:08:21,216 [Listener at 0.0.0.0/38463] INFO  server.GrpcService (GrpcService.java:startImpl(270)) - db4da669-e495-4258-8ed5-d8ca382bca0e: GrpcService started, listening on 45499
2022-11-10 07:08:21,217 [JvmPauseMonitor2] INFO  util.JvmPauseMonitor (JvmPauseMonitor.java:run(105)) - JvmPauseMonitor-db4da669-e495-4258-8ed5-d8ca382bca0e: Started
2022-11-10 07:08:21,219 [Listener at 0.0.0.0/38463] INFO  ha.SCMNodeInfo (SCMNodeInfo.java:getPort(197)) - ConfigKey ozone.scm.client.address is deprecated, For configuring different ports for each SCM use PortConfigKey ozone.scm.client.port appended with serviceId and nodeId
2022-11-10 07:08:21,219 [Listener at 0.0.0.0/38463] INFO  ha.SCMNodeInfo (SCMNodeInfo.java:getPort(197)) - ConfigKey ozone.scm.block.client.address is deprecated, For configuring different ports for each SCM use PortConfigKey ozone.scm.block.client.port appended with serviceId and nodeId
2022-11-10 07:08:21,219 [Listener at 0.0.0.0/38463] INFO  ha.SCMNodeInfo (SCMNodeInfo.java:getPort(197)) - ConfigKey ozone.scm.datanode.address is deprecated, For configuring different ports for each SCM use PortConfigKey ozone.scm.datanode.port appended with serviceId and nodeId
2022-11-10 07:08:21,219 [Listener at 0.0.0.0/38463] INFO  ha.SCMNodeInfo (SCMNodeInfo.java:getPort(197)) - ConfigKey ozone.scm.client.address is deprecated, For configuring different ports for each SCM use PortConfigKey ozone.scm.client.port appended with serviceId and nodeId
2022-11-10 07:08:21,219 [Listener at 0.0.0.0/38463] INFO  ha.SCMNodeInfo (SCMNodeInfo.java:getPort(197)) - ConfigKey ozone.scm.block.client.address is deprecated, For configuring different ports for each SCM use PortConfigKey ozone.scm.block.client.port appended with serviceId and nodeId
2022-11-10 07:08:21,219 [Listener at 0.0.0.0/38463] INFO  ha.SCMNodeInfo (SCMNodeInfo.java:getPort(197)) - ConfigKey ozone.scm.datanode.address is deprecated, For configuring different ports for each SCM use PortConfigKey ozone.scm.datanode.port appended with serviceId and nodeId
2022-11-10 07:08:21,219 [Listener at 0.0.0.0/38463] INFO  proxy.SCMBlockLocationFailoverProxyProvider (SCMBlockLocationFailoverProxyProvider.java:<init>(114)) - Created block location fail-over proxy with 2 nodes: [nodeId=scmNode-3,nodeAddress=/127.0.0.1:36807, nodeId=scmNode-1,nodeAddress=/127.0.0.1:46059]
2022-11-10 07:08:21,229 [IPC Server handler 95 on default port 46059] INFO  ha.SCMRatisServerImpl (SCMRatisServerImpl.java:addSCM(298)) - c8e5d44d-3ae5-47f4-8fed-77a3ea3a3924: Submitting SetConfiguration request to Ratis server with new SCM peers list: [c8e5d44d-3ae5-47f4-8fed-77a3ea3a3924|rpc:localhost:46459|admin:|client:|dataStream:|priority:0|startupRole:FOLLOWER, db4da669-e495-4258-8ed5-d8ca382bca0e|rpc:localhost:45499|priority:0|startupRole:FOLLOWER]
2022-11-10 07:08:21,244 [IPC Server handler 95 on default port 46059] INFO  server.RaftServer$Division (RaftServerImpl.java:setConfigurationAsync(1112)) - c8e5d44d-3ae5-47f4-8fed-77a3ea3a3924@group-A6BAE3BFF50D: receive setConfiguration SetConfigurationRequest:client-1E993324FC01->c8e5d44d-3ae5-47f4-8fed-77a3ea3a3924@group-A6BAE3BFF50D, cid=0, seq=0, RW, null, SET_UNCONDITIONALLY, servers:[c8e5d44d-3ae5-47f4-8fed-77a3ea3a3924|rpc:localhost:46459|admin:|client:|dataStream:|priority:0|startupRole:FOLLOWER, db4da669-e495-4258-8ed5-d8ca382bca0e|rpc:localhost:45499|priority:0|startupRole:FOLLOWER], listeners:[]
2022-11-10 07:08:21,245 [IPC Server handler 95 on default port 46059] INFO  server.RaftServer$Division (LeaderStateImpl.java:startSetConfiguration(368)) - c8e5d44d-3ae5-47f4-8fed-77a3ea3a3924@group-A6BAE3BFF50D-LeaderStateImpl: startSetConfiguration SetConfigurationRequest:client-1E993324FC01->c8e5d44d-3ae5-47f4-8fed-77a3ea3a3924@group-A6BAE3BFF50D, cid=0, seq=0, RW, null, SET_UNCONDITIONALLY, servers:[c8e5d44d-3ae5-47f4-8fed-77a3ea3a3924|rpc:localhost:46459|admin:|client:|dataStream:|priority:0|startupRole:FOLLOWER, db4da669-e495-4258-8ed5-d8ca382bca0e|rpc:localhost:45499|priority:0|startupRole:FOLLOWER], listeners:[]
2022-11-10 07:08:21,254 [IPC Server handler 95 on default port 46059] INFO  server.RaftServerConfigKeys (ConfUtils.java:logGet(46)) - raft.server.log.appender.snapshot.chunk.size.max = 16MB (=16777216) (default)
2022-11-10 07:08:21,254 [IPC Server handler 95 on default port 46059] INFO  server.RaftServerConfigKeys (ConfUtils.java:logGet(46)) - raft.server.log.appender.buffer.byte-limit = 33554432 (custom)
2022-11-10 07:08:21,254 [IPC Server handler 95 on default port 46059] INFO  server.RaftServerConfigKeys (ConfUtils.java:logGet(46)) - raft.server.log.appender.buffer.element-limit = 1024 (custom)
2022-11-10 07:08:21,258 [IPC Server handler 95 on default port 46059] INFO  grpc.GrpcConfigKeys (ConfUtils.java:logGet(46)) - raft.grpc.server.leader.outstanding.appends.max = 128 (default)
2022-11-10 07:08:21,258 [IPC Server handler 95 on default port 46059] INFO  server.RaftServerConfigKeys (ConfUtils.java:logGet(46)) - raft.server.rpc.request.timeout = 30000ms (custom)
2022-11-10 07:08:21,258 [IPC Server handler 95 on default port 46059] INFO  server.RaftServerConfigKeys (ConfUtils.java:logGet(46)) - raft.server.log.appender.install.snapshot.enabled = false (custom)
2022-11-10 07:08:21,258 [IPC Server handler 95 on default port 46059] INFO  grpc.GrpcConfigKeys (ConfUtils.java:logGet(46)) - raft.grpc.server.heartbeat.channel = true (default)
2022-11-10 07:08:21,258 [IPC Server handler 95 on default port 46059] INFO  server.RaftServerConfigKeys (ConfUtils.java:logGet(46)) - raft.server.log.appender.wait-time.min = 10ms (default)
2022-11-10 07:08:21,262 [c8e5d44d-3ae5-47f4-8fed-77a3ea3a3924@group-A6BAE3BFF50D->db4da669-e495-4258-8ed5-d8ca382bca0e-GrpcLogAppender-LogAppenderDaemon] INFO  server.GrpcLogAppender (GrpcLogAppender.java:installSnapshot(635)) - c8e5d44d-3ae5-47f4-8fed-77a3ea3a3924@group-A6BAE3BFF50D->db4da669-e495-4258-8ed5-d8ca382bca0e-GrpcLogAppender: followerNextIndex = 0 but logStartIndex = 0, notify follower to install snapshot-(t:1, i:0)
2022-11-10 07:08:21,284 [c8e5d44d-3ae5-47f4-8fed-77a3ea3a3924@group-A6BAE3BFF50D->db4da669-e495-4258-8ed5-d8ca382bca0e-GrpcLogAppender-LogAppenderDaemon] INFO  server.GrpcLogAppender (GrpcLogAppender.java:installSnapshot(643)) - c8e5d44d-3ae5-47f4-8fed-77a3ea3a3924@group-A6BAE3BFF50D->db4da669-e495-4258-8ed5-d8ca382bca0e-GrpcLogAppender: send c8e5d44d-3ae5-47f4-8fed-77a3ea3a3924->db4da669-e495-4258-8ed5-d8ca382bca0e#0-t2,notify:(t:1, i:0)
2022-11-10 07:08:21,285 [c8e5d44d-3ae5-47f4-8fed-77a3ea3a3924@group-A6BAE3BFF50D->db4da669-e495-4258-8ed5-d8ca382bca0e-GrpcLogAppender-LogAppenderDaemon] INFO  server.GrpcServerProtocolClient (GrpcServerProtocolClient.java:<init>(63)) - Build channel for db4da669-e495-4258-8ed5-d8ca382bca0e
2022-11-10 07:08:21,823 [grpc-default-executor-0] INFO  impl.SnapshotInstallationHandler (SnapshotInstallationHandler.java:installSnapshot(89)) - db4da669-e495-4258-8ed5-d8ca382bca0e@group-A6BAE3BFF50D: receive installSnapshot: c8e5d44d-3ae5-47f4-8fed-77a3ea3a3924->db4da669-e495-4258-8ed5-d8ca382bca0e#0-t2,notify:(t:1, i:0)
2022-11-10 07:08:21,825 [grpc-default-executor-0] INFO  ha.SCMStateMachine (SCMStateMachine.java:notifyLeaderChanged(255)) - leader changed, yet current SCM is still follower.
2022-11-10 07:08:21,825 [grpc-default-executor-0] INFO  server.RaftServer$Division (ServerState.java:setLeader(313)) - db4da669-e495-4258-8ed5-d8ca382bca0e@group-A6BAE3BFF50D: change Leader from null to c8e5d44d-3ae5-47f4-8fed-77a3ea3a3924 at term 2 for installSnapshot, leader elected after 756ms
2022-11-10 07:08:21,826 [grpc-default-executor-0] INFO  impl.SnapshotInstallationHandler (SnapshotInstallationHandler.java:notifyStateMachineToInstallSnapshot(220)) - db4da669-e495-4258-8ed5-d8ca382bca0e@group-A6BAE3BFF50D: Received notification to install snapshot at index 0
2022-11-10 07:08:21,827 [grpc-default-executor-0] INFO  impl.SnapshotInstallationHandler (SnapshotInstallationHandler.java:notifyStateMachineToInstallSnapshot(229)) - db4da669-e495-4258-8ed5-d8ca382bca0e@group-A6BAE3BFF50D: InstallSnapshot notification result: ALREADY_INSTALLED, current snapshot index: -1
2022-11-10 07:08:21,898 [grpc-default-executor-0] INFO  impl.SnapshotInstallationHandler (SnapshotInstallationHandler.java:installSnapshotImpl(134)) - db4da669-e495-4258-8ed5-d8ca382bca0e@group-A6BAE3BFF50D: set new configuration index: 1
configurationEntry {
  peers {
    id: "c8e5d44d-3ae5-47f4-8fed-77a3ea3a3924"
    address: "localhost:46459"
    startupRole: FOLLOWER
  }
}
 from snapshot
2022-11-10 07:08:21,899 [grpc-default-executor-0] INFO  server.RaftServer$Division (ServerState.java:setRaftConf(430)) - db4da669-e495-4258-8ed5-d8ca382bca0e@group-A6BAE3BFF50D: set configuration 1: peers:[c8e5d44d-3ae5-47f4-8fed-77a3ea3a3924|rpc:localhost:46459|admin:|client:|dataStream:|priority:0|startupRole:FOLLOWER]|listeners:[], old=null
2022-11-10 07:08:21,899 [grpc-default-executor-0] INFO  impl.SnapshotInstallationHandler (SnapshotInstallationHandler.java:installSnapshot(100)) - db4da669-e495-4258-8ed5-d8ca382bca0e@group-A6BAE3BFF50D: reply installSnapshot: c8e5d44d-3ae5-47f4-8fed-77a3ea3a3924<-db4da669-e495-4258-8ed5-d8ca382bca0e#0:OK-t0,ALREADY_INSTALLED
2022-11-10 07:08:21,904 [grpc-default-executor-0] INFO  server.GrpcServerProtocolService (GrpcServerProtocolService.java:onCompleted(145)) - db4da669-e495-4258-8ed5-d8ca382bca0e: Completed INSTALL_SNAPSHOT, lastRequest: c8e5d44d-3ae5-47f4-8fed-77a3ea3a3924->db4da669-e495-4258-8ed5-d8ca382bca0e#0-t2,notify:(t:1, i:0)
2022-11-10 07:08:21,910 [grpc-default-executor-2] INFO  server.GrpcLogAppender (GrpcLogAppender.java:onNext(494)) - c8e5d44d-3ae5-47f4-8fed-77a3ea3a3924@group-A6BAE3BFF50D->db4da669-e495-4258-8ed5-d8ca382bca0e-InstallSnapshotResponseHandler: received the first reply c8e5d44d-3ae5-47f4-8fed-77a3ea3a3924<-db4da669-e495-4258-8ed5-d8ca382bca0e#0:OK-t0,ALREADY_INSTALLED
2022-11-10 07:08:21,912 [grpc-default-executor-2] INFO  server.GrpcLogAppender (GrpcLogAppender.java:onNext(517)) - c8e5d44d-3ae5-47f4-8fed-77a3ea3a3924@group-A6BAE3BFF50D->db4da669-e495-4258-8ed5-d8ca382bca0e-InstallSnapshotResponseHandler: Follower snapshot is already at index 0.
2022-11-10 07:08:21,912 [grpc-default-executor-2] INFO  leader.FollowerInfo (FollowerInfoImpl.java:lambda$new$0(48)) - c8e5d44d-3ae5-47f4-8fed-77a3ea3a3924@group-A6BAE3BFF50D->db4da669-e495-4258-8ed5-d8ca382bca0e: snapshotIndex: setUnconditionally 0 -> 0
2022-11-10 07:08:21,912 [grpc-default-executor-2] INFO  leader.FollowerInfo (FollowerInfoImpl.java:lambda$new$0(48)) - c8e5d44d-3ae5-47f4-8fed-77a3ea3a3924@group-A6BAE3BFF50D->db4da669-e495-4258-8ed5-d8ca382bca0e: matchIndex: setUnconditionally 0 -> 0
2022-11-10 07:08:21,912 [grpc-default-executor-2] INFO  leader.FollowerInfo (FollowerInfoImpl.java:lambda$new$0(48)) - c8e5d44d-3ae5-47f4-8fed-77a3ea3a3924@group-A6BAE3BFF50D->db4da669-e495-4258-8ed5-d8ca382bca0e: nextIndex: setUnconditionally 0 -> 1
2022-11-10 07:08:21,913 [grpc-default-executor-2] INFO  leader.FollowerInfo (FollowerInfoImpl.java:setAttemptedToInstallSnapshot(118)) - Follower c8e5d44d-3ae5-47f4-8fed-77a3ea3a3924@group-A6BAE3BFF50D->db4da669-e495-4258-8ed5-d8ca382bca0e acknowledged installing snapshot
2022-11-10 07:08:21,913 [grpc-default-executor-2] INFO  leader.FollowerInfo (FollowerInfoImpl.java:lambda$new$0(48)) - c8e5d44d-3ae5-47f4-8fed-77a3ea3a3924@group-A6BAE3BFF50D->db4da669-e495-4258-8ed5-d8ca382bca0e: nextIndex: updateToMax old=1, new=1, updated? false
2022-11-10 07:08:21,960 [db4da669-e495-4258-8ed5-d8ca382bca0e-server-thread2] INFO  impl.RoleInfo (RoleInfo.java:updateAndGet(139)) - db4da669-e495-4258-8ed5-d8ca382bca0e: start db4da669-e495-4258-8ed5-d8ca382bca0e@group-A6BAE3BFF50D-FollowerState
2022-11-10 07:08:21,962 [db4da669-e495-4258-8ed5-d8ca382bca0e-server-thread2] INFO  server.RaftServer$Division (RaftServerImpl.java:checkInconsistentAppendEntries(1508)) - db4da669-e495-4258-8ed5-d8ca382bca0e@group-A6BAE3BFF50D: Failed appendEntries as previous log entry ((t:1, i:0)) is not found
2022-11-10 07:08:21,963 [db4da669-e495-4258-8ed5-d8ca382bca0e-server-thread2] INFO  server.RaftServer$Division (RaftServerImpl.java:checkInconsistentAppendEntries(1478)) - db4da669-e495-4258-8ed5-d8ca382bca0e@group-A6BAE3BFF50D: inconsistency entries. Reply:c8e5d44d-3ae5-47f4-8fed-77a3ea3a3924<-db4da669-e495-4258-8ed5-d8ca382bca0e#1:FAIL-t2,INCONSISTENCY,nextIndex=0,followerCommit=-1,matchIndex=-1
2022-11-10 07:08:21,964 [db4da669-e495-4258-8ed5-d8ca382bca0e-server-thread1] INFO  server.RaftServer$Division (RaftServerImpl.java:checkInconsistentAppendEntries(1508)) - db4da669-e495-4258-8ed5-d8ca382bca0e@group-A6BAE3BFF50D: Failed appendEntries as previous log entry ((t:1, i:0)) is not found
2022-11-10 07:08:21,964 [db4da669-e495-4258-8ed5-d8ca382bca0e-server-thread1] INFO  server.RaftServer$Division (RaftServerImpl.java:checkInconsistentAppendEntries(1478)) - db4da669-e495-4258-8ed5-d8ca382bca0e@group-A6BAE3BFF50D: inconsistency entries. Reply:c8e5d44d-3ae5-47f4-8fed-77a3ea3a3924<-db4da669-e495-4258-8ed5-d8ca382bca0e#0:FAIL-t2,INCONSISTENCY,nextIndex=0,followerCommit=-1,matchIndex=-1
2022-11-10 07:08:21,966 [grpc-default-executor-0] INFO  leader.FollowerInfo (FollowerInfoImpl.java:lambda$new$0(48)) - c8e5d44d-3ae5-47f4-8fed-77a3ea3a3924@group-A6BAE3BFF50D->db4da669-e495-4258-8ed5-d8ca382bca0e: nextIndex: updateUnconditionally 3 -> 0
2022-11-10 07:08:21,967 [grpc-default-executor-2] INFO  leader.FollowerInfo (FollowerInfoImpl.java:lambda$new$0(48)) - c8e5d44d-3ae5-47f4-8fed-77a3ea3a3924@group-A6BAE3BFF50D->db4da669-e495-4258-8ed5-d8ca382bca0e: nextIndex: updateUnconditionally 3 -> 0
2022-11-10 07:08:21,981 [db4da669-e495-4258-8ed5-d8ca382bca0e-server-thread2] INFO  server.RaftServer$Division (ServerState.java:setRaftConf(430)) - db4da669-e495-4258-8ed5-d8ca382bca0e@group-A6BAE3BFF50D: set configuration 0: peers:[c8e5d44d-3ae5-47f4-8fed-77a3ea3a3924|rpc:localhost:46459|admin:|client:|dataStream:|priority:0|startupRole:FOLLOWER]|listeners:[], old=null
2022-11-10 07:08:21,981 [db4da669-e495-4258-8ed5-d8ca382bca0e-server-thread2] INFO  server.RaftServer$Division (ServerState.java:setRaftConf(430)) - db4da669-e495-4258-8ed5-d8ca382bca0e@group-A6BAE3BFF50D: set configuration 1: peers:[c8e5d44d-3ae5-47f4-8fed-77a3ea3a3924|rpc:localhost:46459|admin:|client:|dataStream:|priority:0|startupRole:FOLLOWER]|listeners:[], old=null
2022-11-10 07:08:21,982 [db4da669-e495-4258-8ed5-d8ca382bca0e-server-thread2] INFO  segmented.SegmentedRaftLogWorker (SegmentedRaftLogWorker.java:startLogSegment(452)) - db4da669-e495-4258-8ed5-d8ca382bca0e@group-A6BAE3BFF50D-SegmentedRaftLogWorker: Starting segment from index:0
2022-11-10 07:08:21,991 [db4da669-e495-4258-8ed5-d8ca382bca0e-server-thread2] INFO  segmented.SegmentedRaftLogWorker (SegmentedRaftLogWorker.java:rollLogSegment(457)) - db4da669-e495-4258-8ed5-d8ca382bca0e@group-A6BAE3BFF50D-SegmentedRaftLogWorker: Rolling segment log-0_0 to index:0
2022-11-10 07:08:21,996 [db4da669-e495-4258-8ed5-d8ca382bca0e@group-A6BAE3BFF50D-SegmentedRaftLogWorker] INFO  segmented.SegmentedRaftLogWorker (SegmentedRaftLogWorker.java:execute(656)) - db4da669-e495-4258-8ed5-d8ca382bca0e@group-A6BAE3BFF50D-SegmentedRaftLogWorker: created new log segment /home/runner/work/ozone/ozone/hadoop-ozone/integration-test/target/test-dir/MiniOzoneClusterImpl-a89f51d4-237d-44f8-8386-a6bae3bff50d/scmNode-2/scm-ha/a89f51d4-237d-44f8-8386-a6bae3bff50d/current/log_inprogress_0
2022-11-10 07:08:21,997 [db4da669-e495-4258-8ed5-d8ca382bca0e-server-thread2] INFO  server.RaftServer$Division (ServerState.java:setRaftConf(430)) - db4da669-e495-4258-8ed5-d8ca382bca0e@group-A6BAE3BFF50D: set configuration 0: peers:[c8e5d44d-3ae5-47f4-8fed-77a3ea3a3924|rpc:localhost:46459|admin:|client:|dataStream:|priority:0|startupRole:FOLLOWER]|listeners:[], old=null
2022-11-10 07:08:21,998 [db4da669-e495-4258-8ed5-d8ca382bca0e@group-A6BAE3BFF50D-SegmentedRaftLogWorker] INFO  segmented.SegmentedRaftLogWorker (SegmentedRaftLogWorker.java:execute(613)) - db4da669-e495-4258-8ed5-d8ca382bca0e@group-A6BAE3BFF50D-SegmentedRaftLogWorker: Rolled log segment from /home/runner/work/ozone/ozone/hadoop-ozone/integration-test/target/test-dir/MiniOzoneClusterImpl-a89f51d4-237d-44f8-8386-a6bae3bff50d/scmNode-2/scm-ha/a89f51d4-237d-44f8-8386-a6bae3bff50d/current/log_inprogress_0 to /home/runner/work/ozone/ozone/hadoop-ozone/integration-test/target/test-dir/MiniOzoneClusterImpl-a89f51d4-237d-44f8-8386-a6bae3bff50d/scmNode-2/scm-ha/a89f51d4-237d-44f8-8386-a6bae3bff50d/current/log_0-0
2022-11-10 07:08:21,998 [db4da669-e495-4258-8ed5-d8ca382bca0e-server-thread2] INFO  server.RaftServer$Division (ServerState.java:setRaftConf(430)) - db4da669-e495-4258-8ed5-d8ca382bca0e@group-A6BAE3BFF50D: set configuration 1: peers:[c8e5d44d-3ae5-47f4-8fed-77a3ea3a3924|rpc:localhost:46459|admin:|client:|dataStream:|priority:0|startupRole:FOLLOWER]|listeners:[], old=null
2022-11-10 07:08:22,006 [db4da669-e495-4258-8ed5-d8ca382bca0e@group-A6BAE3BFF50D-SegmentedRaftLogWorker] INFO  segmented.SegmentedRaftLogWorker (SegmentedRaftLogWorker.java:execute(656)) - db4da669-e495-4258-8ed5-d8ca382bca0e@group-A6BAE3BFF50D-SegmentedRaftLogWorker: created new log segment /home/runner/work/ozone/ozone/hadoop-ozone/integration-test/target/test-dir/MiniOzoneClusterImpl-a89f51d4-237d-44f8-8386-a6bae3bff50d/scmNode-2/scm-ha/a89f51d4-237d-44f8-8386-a6bae3bff50d/current/log_inprogress_1
2022-11-10 07:08:22,026 [db4da669-e495-4258-8ed5-d8ca382bca0e@group-A6BAE3BFF50D-StateMachineUpdater] INFO  safemode.HealthyPipelineSafeModeRule (HealthyPipelineSafeModeRule.java:initializeRule(165)) - Refreshed total pipeline count is 0, healthy pipeline threshold count is 1
2022-11-10 07:08:22,026 [db4da669-e495-4258-8ed5-d8ca382bca0e@group-A6BAE3BFF50D-StateMachineUpdater] INFO  safemode.ContainerSafeModeRule (ContainerSafeModeRule.java:reInitializeRule(177)) - Refreshed one replica container threshold 0, currentThreshold 0
2022-11-10 07:08:22,026 [db4da669-e495-4258-8ed5-d8ca382bca0e@group-A6BAE3BFF50D-StateMachineUpdater] INFO  safemode.OneReplicaPipelineSafeModeRule (OneReplicaPipelineSafeModeRule.java:initializeRule(176)) - Refreshed Total pipeline count is 0, pipeline's with at least one datanode reported threshold count is 0
2022-11-10 07:08:22,032 [c8e5d44d-3ae5-47f4-8fed-77a3ea3a3924@group-A6BAE3BFF50D-LeaderStateImpl] INFO  server.RaftServer$Division (ServerState.java:setRaftConf(430)) - c8e5d44d-3ae5-47f4-8fed-77a3ea3a3924@group-A6BAE3BFF50D: set configuration 3: peers:[db4da669-e495-4258-8ed5-d8ca382bca0e|rpc:localhost:45499|priority:0|startupRole:FOLLOWER, c8e5d44d-3ae5-47f4-8fed-77a3ea3a3924|rpc:localhost:46459|admin:|client:|dataStream:|priority:0|startupRole:FOLLOWER]|listeners:[], old=peers:[c8e5d44d-3ae5-47f4-8fed-77a3ea3a3924|rpc:localhost:46459|admin:|client:|dataStream:|priority:0|startupRole:FOLLOWER]|listeners:[]
2022-11-10 07:08:22,036 [db4da669-e495-4258-8ed5-d8ca382bca0e-server-thread1] INFO  server.RaftServer$Division (ServerState.java:setRaftConf(430)) - db4da669-e495-4258-8ed5-d8ca382bca0e@group-A6BAE3BFF50D: set configuration 3: peers:[db4da669-e495-4258-8ed5-d8ca382bca0e|rpc:localhost:45499|admin:|client:|dataStream:|priority:0|startupRole:FOLLOWER, c8e5d44d-3ae5-47f4-8fed-77a3ea3a3924|rpc:localhost:46459|admin:|client:|dataStream:|priority:0|startupRole:FOLLOWER]|listeners:[], old=peers:[c8e5d44d-3ae5-47f4-8fed-77a3ea3a3924|rpc:localhost:46459|admin:|client:|dataStream:|priority:0|startupRole:FOLLOWER]|listeners:[]
2022-11-10 07:08:22,026 [db4da669-e495-4258-8ed5-d8ca382bca0e@group-A6BAE3BFF50D-StateMachineUpdater] INFO  server.SCMDatanodeProtocolServer (SCMDatanodeProtocolServer.java:start(186)) - ScmDatanodeProtocol RPC server for DataNodes is listening at /0.0.0.0:46315
2022-11-10 07:08:22,050 [c8e5d44d-3ae5-47f4-8fed-77a3ea3a3924@group-A6BAE3BFF50D-LeaderStateImpl] INFO  server.RaftServer$Division (ServerState.java:setRaftConf(430)) - c8e5d44d-3ae5-47f4-8fed-77a3ea3a3924@group-A6BAE3BFF50D: set configuration 5: peers:[db4da669-e495-4258-8ed5-d8ca382bca0e|rpc:localhost:45499|priority:0|startupRole:FOLLOWER, c8e5d44d-3ae5-47f4-8fed-77a3ea3a3924|rpc:localhost:46459|admin:|client:|dataStream:|priority:0|startupRole:FOLLOWER]|listeners:[], old=null
2022-11-10 07:08:22,052 [db4da669-e495-4258-8ed5-d8ca382bca0e-server-thread2] INFO  server.RaftServer$Division (ServerState.java:setRaftConf(430)) - db4da669-e495-4258-8ed5-d8ca382bca0e@group-A6BAE3BFF50D: set configuration 5: peers:[db4da669-e495-4258-8ed5-d8ca382bca0e|rpc:localhost:45499|admin:|client:|dataStream:|priority:0|startupRole:FOLLOWER, c8e5d44d-3ae5-47f4-8fed-77a3ea3a3924|rpc:localhost:46459|admin:|client:|dataStream:|priority:0|startupRole:FOLLOWER]|listeners:[], old=null
2022-11-10 07:08:22,068 [IPC Server handler 95 on default port 46059] INFO  ha.SCMRatisServerImpl (SCMRatisServerImpl.java:addSCM(309)) - Successfully added new SCM: db4da669-e495-4258-8ed5-d8ca382bca0e.
2022-11-10 07:08:22,072 [Listener at 0.0.0.0/38463] INFO  ha.SCMHAManagerImpl (SCMHAManagerImpl.java:start(117)) - Successfully added SCM scmNode-2 to group group-A6BAE3BFF50D:[db4da669-e495-4258-8ed5-d8ca382bca0e|rpc:localhost:45499|admin:|client:|dataStream:|priority:0|startupRole:FOLLOWER, c8e5d44d-3ae5-47f4-8fed-77a3ea3a3924|rpc:localhost:46459|admin:|client:|dataStream:|priority:0|startupRole:FOLLOWER]
2022-11-10 07:08:22,072 [Listener at 0.0.0.0/38463] INFO  ha.InterSCMGrpcService (InterSCMGrpcProtocolService.java:start(94)) - Starting SCM Grpc Service at port 46801
2022-11-10 07:08:22,080 [Listener at 0.0.0.0/38463] INFO  impl.MetricsSystemImpl (MetricsSystemImpl.java:init(158)) - StorageContainerManager metrics system started (again)
2022-11-10 07:08:22,098 [IPC Server listener on 46315] INFO  ipc.Server (Server.java:run(1352)) - IPC Server listener on 46315: starting
2022-11-10 07:08:22,136 [IPC Server Responder] INFO  ipc.Server (Server.java:run(1512)) - IPC Server Responder: starting
2022-11-10 07:08:22,139 [Listener at 0.0.0.0/38463] INFO  server.SCMClientProtocolServer (SCMClientProtocolServer.java:start(170)) - RPC server for Client  is listening at /0.0.0.0:38463
2022-11-10 07:08:22,140 [IPC Server Responder] INFO  ipc.Server (Server.java:run(1512)) - IPC Server Responder: starting
2022-11-10 07:08:22,144 [IPC Server listener on 38463] INFO  ipc.Server (Server.java:run(1352)) - IPC Server listener on 38463: starting
2022-11-10 07:08:22,150 [Listener at 0.0.0.0/38463] INFO  server.StorageContainerManager (StorageContainerManager.java:start(1464)) - ScmBlockLocationProtocol RPC server is listening at /0.0.0.0:33183
2022-11-10 07:08:22,151 [Listener at 0.0.0.0/38463] INFO  server.SCMBlockProtocolServer (SCMBlockProtocolServer.java:start(152)) - RPC server for Block Protocol is listening at /0.0.0.0:33183
2022-11-10 07:08:22,151 [IPC Server Responder] INFO  ipc.Server (Server.java:run(1512)) - IPC Server Responder: starting
2022-11-10 07:08:22,152 [IPC Server listener on 33183] INFO  ipc.Server (Server.java:run(1352)) - IPC Server listener on 33183: starting
2022-11-10 07:08:22,155 [org.apache.hadoop.util.JvmPauseMonitor$Monitor@6ec055d1] INFO  util.JvmPauseMonitor (JvmPauseMonitor.java:run(188)) - Starting JVM pause monitor
2022-11-10 07:08:22,156 [Listener at 0.0.0.0/38463] INFO  http.BaseHttpServer (BaseHttpServer.java:newHttpServer2BuilderForOzone(213)) - Starting Web-server for scm at: http://0.0.0.0:39085
2022-11-10 07:08:22,156 [Listener at 0.0.0.0/38463] INFO  http.BaseHttpServer (BaseHttpServer.java:<init>(108)) - Hadoop Security Enabled: false Ozone Security Enabled: false Ozone HTTP Security Enabled: false 
2022-11-10 07:08:22,159 [Listener at 0.0.0.0/38463] WARN  server.AuthenticationFilter (AuthenticationFilter.java:constructSecretProvider(240)) - Unable to initialize FileSignerSecretProvider, falling back to use random secrets. Reason: Could not read signature secret file: /home/runner/hadoop-http-auth-signature-secret
2022-11-10 07:08:22,161 [Listener at 0.0.0.0/38463] WARN  http.HttpRequestLog (HttpRequestLog.java:getRequestLog(103)) - Jetty request log can only be enabled using Log4j
2022-11-10 07:08:22,163 [Listener at 0.0.0.0/38463] INFO  http.HttpServer2 (HttpServer2.java:addGlobalFilter(1031)) - Added global filter 'safety' (class=org.apache.hadoop.hdds.server.http.HttpServer2$QuotingInputFilter)
2022-11-10 07:08:22,164 [Listener at 0.0.0.0/38463] INFO  http.HttpServer2 (HttpServer2.java:addFilter(1007)) - Added filter static_user_filter (class=org.apache.hadoop.http.lib.StaticUserWebFilter$StaticUserFilter) to context scm
2022-11-10 07:08:22,164 [Listener at 0.0.0.0/38463] INFO  http.HttpServer2 (HttpServer2.java:addFilter(1015)) - Added filter static_user_filter (class=org.apache.hadoop.http.lib.StaticUserWebFilter$StaticUserFilter) to context logs
2022-11-10 07:08:22,164 [Listener at 0.0.0.0/38463] INFO  http.HttpServer2 (HttpServer2.java:addFilter(1015)) - Added filter static_user_filter (class=org.apache.hadoop.http.lib.StaticUserWebFilter$StaticUserFilter) to context static
2022-11-10 07:08:22,165 [Listener at 0.0.0.0/38463] INFO  http.HttpServer2 (HttpServer2.java:bindListener(1250)) - Jetty bound to port 39085
2022-11-10 07:08:22,165 [Listener at 0.0.0.0/38463] INFO  server.Server (Server.java:doStart(375)) - jetty-9.4.49.v20220914; built: 2022-09-14T01:07:36.601Z; git: 4231a3b2e4cb8548a412a789936d640a97b1aa0a; jvm 1.8.0_345-b01
2022-11-10 07:08:22,166 [Listener at 0.0.0.0/38463] INFO  server.session (DefaultSessionIdManager.java:doStart(334)) - DefaultSessionIdManager workerName=node0
2022-11-10 07:08:22,166 [Listener at 0.0.0.0/38463] INFO  server.session (DefaultSessionIdManager.java:doStart(339)) - No SessionScavenger set, using defaults
2022-11-10 07:08:22,166 [Listener at 0.0.0.0/38463] INFO  server.session (HouseKeeper.java:startScavenging(132)) - node0 Scavenging every 660000ms
2022-11-10 07:08:22,167 [Listener at 0.0.0.0/38463] INFO  handler.ContextHandler (ContextHandler.java:doStart(921)) - Started o.e.j.s.ServletContextHandler@1f17d25d{logs,/logs,file:///home/runner/work/ozone/ozone/hadoop-ozone/integration-test/target/log,AVAILABLE}
2022-11-10 07:08:22,167 [Listener at 0.0.0.0/38463] INFO  handler.ContextHandler (ContextHandler.java:doStart(921)) - Started o.e.j.s.ServletContextHandler@5b7cd733{static,/static,file:///home/runner/work/ozone/ozone/hadoop-ozone/integration-test/target/test-classes/webapps/static,AVAILABLE}
2022-11-10 07:08:22,170 [Listener at 0.0.0.0/38463] INFO  handler.ContextHandler (ContextHandler.java:doStart(921)) - Started o.e.j.w.WebAppContext@6e8631b2{scm,/,file:///home/runner/work/ozone/ozone/hadoop-ozone/integration-test/target/test-classes/webapps/scm/,AVAILABLE}{file:/home/runner/work/ozone/ozone/hadoop-ozone/integration-test/target/test-classes/webapps/scm}
2022-11-10 07:08:22,172 [Listener at 0.0.0.0/38463] INFO  server.AbstractConnector (AbstractConnector.java:doStart(333)) - Started ServerConnector@7a0ff227{HTTP/1.1, (http/1.1)}{0.0.0.0:39085}
2022-11-10 07:08:22,172 [Listener at 0.0.0.0/38463] INFO  server.Server (Server.java:doStart(415)) - Started @20207ms
2022-11-10 07:08:22,172 [Listener at 0.0.0.0/38463] WARN  impl.MetricsSystemImpl (MetricsSystemImpl.java:register(279)) - Sink prometheus already exists!
2022-11-10 07:08:22,173 [Listener at 0.0.0.0/38463] INFO  http.BaseHttpServer (BaseHttpServer.java:updateConnectorAddress(333)) - HTTP server of scm listening at http://0.0.0.0:39085
2022-11-10 07:08:22,173 [Listener at 0.0.0.0/38463] INFO  ozone.MiniOzoneHAClusterImpl (MiniOzoneHAClusterImpl.java:createSCMService(606)) - Started SCM RPC server at /0.0.0.0:38463
2022-11-10 07:08:22,174 [Listener at 0.0.0.0/38463] WARN  server.ServerUtils (ServerUtils.java:getScmDbDir(148)) - ozone.scm.db.dirs is not configured. We recommend adding this setting. Falling back to ozone.metadata.dirs instead.
2022-11-10 07:08:22,174 [Listener at 0.0.0.0/38463] INFO  ha.SCMHANodeDetails (SCMHANodeDetails.java:loadSCMHAConfig(209)) - ServiceID for StorageContainerManager is scmServiceId
2022-11-10 07:08:22,174 [Listener at 0.0.0.0/38463] INFO  ha.SCMHANodeDetails (SCMHANodeDetails.java:loadSCMHAConfig(220)) - ServiceID for StorageContainerManager is scmServiceId
2022-11-10 07:08:22,174 [Listener at 0.0.0.0/38463] WARN  scm.ScmUtils (ScmUtils.java:logWarn(190)) - ConfigKey ozone.scm.block.client.address is deprecated, For configuring different ports for each SCM use PortConfigKey ozone.scm.block.client.port appended with serviceId and nodeId. If want to configure same port configure ozone.scm.block.client.port
2022-11-10 07:08:22,174 [Listener at 0.0.0.0/38463] WARN  scm.ScmUtils (ScmUtils.java:logWarn(190)) - ConfigKey ozone.scm.client.address is deprecated, For configuring different ports for each SCM use PortConfigKey ozone.scm.client.port appended with serviceId and nodeId. If want to configure same port configure ozone.scm.client.port
2022-11-10 07:08:22,174 [Listener at 0.0.0.0/38463] WARN  scm.ScmUtils (ScmUtils.java:logWarn(190)) - ConfigKey ozone.scm.datanode.address is deprecated, For configuring different ports for each SCM use PortConfigKey ozone.scm.datanode.port appended with serviceId and nodeId. If want to configure same port configure ozone.scm.datanode.port
2022-11-10 07:08:22,175 [Listener at 0.0.0.0/38463] WARN  scm.ScmUtils (ScmUtils.java:logWarn(190)) - ConfigKey ozone.scm.block.client.address is deprecated, For configuring different ports for each SCM use PortConfigKey ozone.scm.block.client.port appended with serviceId and nodeId. If want to configure same port configure ozone.scm.block.client.port
2022-11-10 07:08:22,175 [Listener at 0.0.0.0/38463] WARN  scm.ScmUtils (ScmUtils.java:logWarn(190)) - ConfigKey ozone.scm.client.address is deprecated, For configuring different ports for each SCM use PortConfigKey ozone.scm.client.port appended with serviceId and nodeId. If want to configure same port configure ozone.scm.client.port
2022-11-10 07:08:22,175 [Listener at 0.0.0.0/38463] WARN  scm.ScmUtils (ScmUtils.java:logWarn(190)) - ConfigKey ozone.scm.datanode.address is deprecated, For configuring different ports for each SCM use PortConfigKey ozone.scm.datanode.port appended with serviceId and nodeId. If want to configure same port configure ozone.scm.datanode.port
2022-11-10 07:08:22,175 [Listener at 0.0.0.0/38463] INFO  ha.SCMHANodeDetails (SCMHANodeDetails.java:loadSCMHAConfig(307)) - Found matching SCM address with SCMServiceId: scmServiceId, SCMNodeId: scmNode-3, RPC Address: localhost:43819 and Ratis port: 43819
2022-11-10 07:08:22,175 [Listener at 0.0.0.0/38463] INFO  ha.SCMHANodeDetails (ConfUtils.java:setNodeSpecificConfigs(97)) - Setting configuration key ozone.scm.datanode.address with value of key ozone.scm.datanode.address.scmServiceId.scmNode-3: 127.0.0.1:34127
2022-11-10 07:08:22,175 [Listener at 0.0.0.0/38463] INFO  ha.SCMHANodeDetails (ConfUtils.java:setNodeSpecificConfigs(97)) - Setting configuration key ozone.scm.block.client.address with value of key ozone.scm.block.client.address.scmServiceId.scmNode-3: 127.0.0.1:36807
2022-11-10 07:08:22,175 [Listener at 0.0.0.0/38463] INFO  ha.SCMHANodeDetails (ConfUtils.java:setNodeSpecificConfigs(97)) - Setting configuration key ozone.scm.client.address with value of key ozone.scm.client.address.scmServiceId.scmNode-3: 127.0.0.1:35229
2022-11-10 07:08:22,175 [Listener at 0.0.0.0/38463] INFO  ha.SCMHANodeDetails (ConfUtils.java:setNodeSpecificConfigs(97)) - Setting configuration key ozone.scm.ratis.port with value of key ozone.scm.ratis.port.scmServiceId.scmNode-3: 43819
2022-11-10 07:08:22,178 [Listener at 0.0.0.0/38463] INFO  ha.SCMHANodeDetails (ConfUtils.java:setNodeSpecificConfigs(97)) - Setting configuration key ozone.scm.grpc.port with value of key ozone.scm.grpc.port.scmServiceId.scmNode-3: 36957
2022-11-10 07:08:22,179 [Listener at 0.0.0.0/38463] INFO  ha.SCMHANodeDetails (ConfUtils.java:setNodeSpecificConfigs(97)) - Setting configuration key ozone.scm.http-address with value of key ozone.scm.http-address.scmServiceId.scmNode-3: 127.0.0.1:41637
2022-11-10 07:08:22,179 [Listener at 0.0.0.0/38463] INFO  ha.SCMHANodeDetails (ConfUtils.java:setNodeSpecificConfigs(97)) - Setting configuration key ozone.scm.https-address with value of key ozone.scm.https-address.scmServiceId.scmNode-3: 127.0.0.1:36617
2022-11-10 07:08:22,179 [Listener at 0.0.0.0/38463] INFO  ha.SCMHANodeDetails (ConfUtils.java:setNodeSpecificConfigs(97)) - Setting configuration key ozone.scm.address with value of key ozone.scm.address.scmServiceId.scmNode-3: 127.0.0.1
2022-11-10 07:08:22,179 [Listener at 0.0.0.0/38463] WARN  scm.ScmUtils (ScmUtils.java:logWarn(190)) - ConfigKey ozone.scm.block.client.address is deprecated, For configuring different ports for each SCM use PortConfigKey ozone.scm.block.client.port appended with serviceId and nodeId. If want to configure same port configure ozone.scm.block.client.port
2022-11-10 07:08:22,179 [Listener at 0.0.0.0/38463] WARN  scm.ScmUtils (ScmUtils.java:logWarn(190)) - ConfigKey ozone.scm.client.address is deprecated, For configuring different ports for each SCM use PortConfigKey ozone.scm.client.port appended with serviceId and nodeId. If want to configure same port configure ozone.scm.client.port
2022-11-10 07:08:22,179 [Listener at 0.0.0.0/38463] WARN  scm.ScmUtils (ScmUtils.java:logWarn(190)) - ConfigKey ozone.scm.datanode.address is deprecated, For configuring different ports for each SCM use PortConfigKey ozone.scm.datanode.port appended with serviceId and nodeId. If want to configure same port configure ozone.scm.datanode.port
2022-11-10 07:08:22,181 [Listener at 0.0.0.0/38463] INFO  ha.SCMNodeInfo (SCMNodeInfo.java:getPort(197)) - ConfigKey ozone.scm.client.address is deprecated, For configuring different ports for each SCM use PortConfigKey ozone.scm.client.port appended with serviceId and nodeId
2022-11-10 07:08:22,181 [Listener at 0.0.0.0/38463] INFO  ha.SCMNodeInfo (SCMNodeInfo.java:getPort(197)) - ConfigKey ozone.scm.block.client.address is deprecated, For configuring different ports for each SCM use PortConfigKey ozone.scm.block.client.port appended with serviceId and nodeId
2022-11-10 07:08:22,181 [Listener at 0.0.0.0/38463] INFO  ha.SCMNodeInfo (SCMNodeInfo.java:getPort(197)) - ConfigKey ozone.scm.datanode.address is deprecated, For configuring different ports for each SCM use PortConfigKey ozone.scm.datanode.port appended with serviceId and nodeId
2022-11-10 07:08:22,181 [Listener at 0.0.0.0/38463] INFO  ha.SCMNodeInfo (SCMNodeInfo.java:getPort(197)) - ConfigKey ozone.scm.client.address is deprecated, For configuring different ports for each SCM use PortConfigKey ozone.scm.client.port appended with serviceId and nodeId
2022-11-10 07:08:22,181 [Listener at 0.0.0.0/38463] INFO  ha.SCMNodeInfo (SCMNodeInfo.java:getPort(197)) - ConfigKey ozone.scm.block.client.address is deprecated, For configuring different ports for each SCM use PortConfigKey ozone.scm.block.client.port appended with serviceId and nodeId
2022-11-10 07:08:22,182 [Listener at 0.0.0.0/38463] INFO  ha.SCMNodeInfo (SCMNodeInfo.java:getPort(197)) - ConfigKey ozone.scm.datanode.address is deprecated, For configuring different ports for each SCM use PortConfigKey ozone.scm.datanode.port appended with serviceId and nodeId
2022-11-10 07:08:22,183 [Listener at 0.0.0.0/38463] INFO  proxy.SCMBlockLocationFailoverProxyProvider (SCMBlockLocationFailoverProxyProvider.java:<init>(114)) - Created block location fail-over proxy with 2 nodes: [nodeId=scmNode-2,nodeAddress=/127.0.0.1:33183, nodeId=scmNode-1,nodeAddress=/127.0.0.1:46059]
2022-11-10 07:08:22,190 [Listener at 0.0.0.0/38463] INFO  server.StorageContainerManager (StorageContainerManager.java:scmBootstrap(1131)) - SCM BootStrap  is successful for ClusterID a89f51d4-237d-44f8-8386-a6bae3bff50d, SCMID 4ed76112-e62d-4ca7-a346-3bf242109c33
2022-11-10 07:08:22,190 [Listener at 0.0.0.0/38463] INFO  server.StorageContainerManager (StorageContainerManager.java:scmBootstrap(1133)) - Primary SCM Node ID c8e5d44d-3ae5-47f4-8fed-77a3ea3a3924
2022-11-10 07:08:22,190 [Listener at 0.0.0.0/38463] WARN  server.ServerUtils (ServerUtils.java:getScmDbDir(148)) - ozone.scm.db.dirs is not configured. We recommend adding this setting. Falling back to ozone.metadata.dirs instead.
2022-11-10 07:08:22,190 [Listener at 0.0.0.0/38463] INFO  ha.SCMHANodeDetails (SCMHANodeDetails.java:loadSCMHAConfig(209)) - ServiceID for StorageContainerManager is scmServiceId
2022-11-10 07:08:22,191 [Listener at 0.0.0.0/38463] INFO  ha.SCMHANodeDetails (SCMHANodeDetails.java:loadSCMHAConfig(220)) - ServiceID for StorageContainerManager is scmServiceId
2022-11-10 07:08:22,191 [Listener at 0.0.0.0/38463] WARN  scm.ScmUtils (ScmUtils.java:logWarn(190)) - ConfigKey ozone.scm.block.client.address is deprecated, For configuring different ports for each SCM use PortConfigKey ozone.scm.block.client.port appended with serviceId and nodeId. If want to configure same port configure ozone.scm.block.client.port
2022-11-10 07:08:22,191 [Listener at 0.0.0.0/38463] WARN  scm.ScmUtils (ScmUtils.java:logWarn(190)) - ConfigKey ozone.scm.client.address is deprecated, For configuring different ports for each SCM use PortConfigKey ozone.scm.client.port appended with serviceId and nodeId. If want to configure same port configure ozone.scm.client.port
2022-11-10 07:08:22,191 [Listener at 0.0.0.0/38463] WARN  scm.ScmUtils (ScmUtils.java:logWarn(190)) - ConfigKey ozone.scm.datanode.address is deprecated, For configuring different ports for each SCM use PortConfigKey ozone.scm.datanode.port appended with serviceId and nodeId. If want to configure same port configure ozone.scm.datanode.port
2022-11-10 07:08:22,196 [Listener at 0.0.0.0/38463] WARN  scm.ScmUtils (ScmUtils.java:logWarn(190)) - ConfigKey ozone.scm.block.client.address is deprecated, For configuring different ports for each SCM use PortConfigKey ozone.scm.block.client.port appended with serviceId and nodeId. If want to configure same port configure ozone.scm.block.client.port
2022-11-10 07:08:22,196 [Listener at 0.0.0.0/38463] WARN  scm.ScmUtils (ScmUtils.java:logWarn(190)) - ConfigKey ozone.scm.client.address is deprecated, For configuring different ports for each SCM use PortConfigKey ozone.scm.client.port appended with serviceId and nodeId. If want to configure same port configure ozone.scm.client.port
2022-11-10 07:08:22,196 [Listener at 0.0.0.0/38463] WARN  scm.ScmUtils (ScmUtils.java:logWarn(190)) - ConfigKey ozone.scm.datanode.address is deprecated, For configuring different ports for each SCM use PortConfigKey ozone.scm.datanode.port appended with serviceId and nodeId. If want to configure same port configure ozone.scm.datanode.port
2022-11-10 07:08:22,196 [Listener at 0.0.0.0/38463] INFO  ha.SCMHANodeDetails (SCMHANodeDetails.java:loadSCMHAConfig(307)) - Found matching SCM address with SCMServiceId: scmServiceId, SCMNodeId: scmNode-3, RPC Address: localhost:43819 and Ratis port: 43819
2022-11-10 07:08:22,196 [Listener at 0.0.0.0/38463] INFO  ha.SCMHANodeDetails (ConfUtils.java:setNodeSpecificConfigs(97)) - Setting configuration key ozone.scm.datanode.address with value of key ozone.scm.datanode.address.scmServiceId.scmNode-3: 127.0.0.1:34127
2022-11-10 07:08:22,196 [Listener at 0.0.0.0/38463] INFO  ha.SCMHANodeDetails (ConfUtils.java:setNodeSpecificConfigs(97)) - Setting configuration key ozone.scm.block.client.address with value of key ozone.scm.block.client.address.scmServiceId.scmNode-3: 127.0.0.1:36807
2022-11-10 07:08:22,196 [Listener at 0.0.0.0/38463] INFO  ha.SCMHANodeDetails (ConfUtils.java:setNodeSpecificConfigs(97)) - Setting configuration key ozone.scm.client.address with value of key ozone.scm.client.address.scmServiceId.scmNode-3: 127.0.0.1:35229
2022-11-10 07:08:22,197 [Listener at 0.0.0.0/38463] INFO  ha.SCMHANodeDetails (ConfUtils.java:setNodeSpecificConfigs(97)) - Setting configuration key ozone.scm.ratis.port with value of key ozone.scm.ratis.port.scmServiceId.scmNode-3: 43819
2022-11-10 07:08:22,198 [Listener at 0.0.0.0/38463] INFO  ha.SCMHANodeDetails (ConfUtils.java:setNodeSpecificConfigs(97)) - Setting configuration key ozone.scm.grpc.port with value of key ozone.scm.grpc.port.scmServiceId.scmNode-3: 36957
2022-11-10 07:08:22,198 [Listener at 0.0.0.0/38463] INFO  ha.SCMHANodeDetails (ConfUtils.java:setNodeSpecificConfigs(97)) - Setting configuration key ozone.scm.http-address with value of key ozone.scm.http-address.scmServiceId.scmNode-3: 127.0.0.1:41637
2022-11-10 07:08:22,198 [Listener at 0.0.0.0/38463] INFO  ha.SCMHANodeDetails (ConfUtils.java:setNodeSpecificConfigs(97)) - Setting configuration key ozone.scm.https-address with value of key ozone.scm.https-address.scmServiceId.scmNode-3: 127.0.0.1:36617
2022-11-10 07:08:22,198 [Listener at 0.0.0.0/38463] INFO  ha.SCMHANodeDetails (ConfUtils.java:setNodeSpecificConfigs(97)) - Setting configuration key ozone.scm.address with value of key ozone.scm.address.scmServiceId.scmNode-3: 127.0.0.1
2022-11-10 07:08:22,199 [Listener at 0.0.0.0/38463] WARN  scm.ScmUtils (ScmUtils.java:logWarn(190)) - ConfigKey ozone.scm.block.client.address is deprecated, For configuring different ports for each SCM use PortConfigKey ozone.scm.block.client.port appended with serviceId and nodeId. If want to configure same port configure ozone.scm.block.client.port
2022-11-10 07:08:22,199 [Listener at 0.0.0.0/38463] WARN  scm.ScmUtils (ScmUtils.java:logWarn(190)) - ConfigKey ozone.scm.client.address is deprecated, For configuring different ports for each SCM use PortConfigKey ozone.scm.client.port appended with serviceId and nodeId. If want to configure same port configure ozone.scm.client.port
2022-11-10 07:08:22,199 [Listener at 0.0.0.0/38463] WARN  scm.ScmUtils (ScmUtils.java:logWarn(190)) - ConfigKey ozone.scm.datanode.address is deprecated, For configuring different ports for each SCM use PortConfigKey ozone.scm.datanode.port appended with serviceId and nodeId. If want to configure same port configure ozone.scm.datanode.port
2022-11-10 07:08:22,201 [Listener at 0.0.0.0/38463] WARN  utils.HAUtils (HAUtils.java:getMetaDir(342)) - ozone.scm.db.dirs is not configured. We recommend adding this setting. Falling back to ozone.metadata.dirs instead.
2022-11-10 07:08:22,201 [Listener at 0.0.0.0/38463] WARN  db.DBStoreBuilder (DBStoreBuilder.java:applyDBDefinition(144)) - ozone.scm.db.dirs is not configured. We recommend adding this setting. Falling back to ozone.metadata.dirs instead.
2022-11-10 07:08:22,304 [Listener at 0.0.0.0/38463] INFO  net.NodeSchemaLoader (NodeSchemaLoader.java:loadSchemaFromFile(129)) - Loading schema from [jar:file:/home/runner/.m2/repository/org/apache/ozone/hdds-common/1.3.0-SNAPSHOT/hdds-common-1.3.0-SNAPSHOT.jar!/network-topology-default.xml]
2022-11-10 07:08:22,304 [Listener at 0.0.0.0/38463] INFO  net.NodeSchemaLoader (NodeSchemaLoader.java:loadSchema(176)) - Loading network topology layer schema file
2022-11-10 07:08:22,308 [Listener at 0.0.0.0/38463] WARN  impl.MetricRegistriesImpl (MetricRegistriesImpl.java:addReporterRegistration(111)) - New reporters are added after registries were created. Some metrics will be missing from the reporter. Please add reporter before adding any new registry.
2022-11-10 07:08:22,308 [Listener at 0.0.0.0/38463] WARN  impl.MetricRegistriesImpl (MetricRegistriesImpl.java:addReporterRegistration(111)) - New reporters are added after registries were created. Some metrics will be missing from the reporter. Please add reporter before adding any new registry.
2022-11-10 07:08:22,309 [Listener at 0.0.0.0/38463] INFO  ha.SCMRatisServerImpl (SCMRatisServerImpl.java:<init>(87)) - starting Raft server for scm:4ed76112-e62d-4ca7-a346-3bf242109c33
2022-11-10 07:08:22,309 [Listener at 0.0.0.0/38463] INFO  server.RaftServer (ConfUtils.java:logGet(46)) - raft.rpc.type = GRPC (default)
2022-11-10 07:08:22,309 [Listener at 0.0.0.0/38463] INFO  grpc.GrpcConfigKeys (ConfUtils.java:logFallback(53)) - raft.grpc.admin.host = null (fallback to raft.grpc.server.host)
2022-11-10 07:08:22,309 [Listener at 0.0.0.0/38463] INFO  grpc.GrpcConfigKeys (ConfUtils.java:logFallback(53)) - raft.grpc.admin.port = 43819 (fallback to raft.grpc.server.port)
2022-11-10 07:08:22,309 [Listener at 0.0.0.0/38463] INFO  grpc.GrpcConfigKeys (ConfUtils.java:logFallback(53)) - raft.grpc.client.host = null (fallback to raft.grpc.server.host)
2022-11-10 07:08:22,310 [Listener at 0.0.0.0/38463] INFO  grpc.GrpcConfigKeys (ConfUtils.java:logFallback(53)) - raft.grpc.client.port = 43819 (fallback to raft.grpc.server.port)
2022-11-10 07:08:22,310 [Listener at 0.0.0.0/38463] INFO  grpc.GrpcConfigKeys (ConfUtils.java:logGet(46)) - raft.grpc.server.host = null (default)
2022-11-10 07:08:22,310 [Listener at 0.0.0.0/38463] INFO  grpc.GrpcConfigKeys (ConfUtils.java:logGet(46)) - raft.grpc.server.port = 43819 (custom)
2022-11-10 07:08:22,310 [Listener at 0.0.0.0/38463] INFO  server.GrpcService (ConfUtils.java:logGet(46)) - raft.grpc.message.size.max = 32m (=33554432) (custom)
2022-11-10 07:08:22,310 [Listener at 0.0.0.0/38463] INFO  server.RaftServerConfigKeys (ConfUtils.java:logGet(46)) - raft.server.log.appender.buffer.byte-limit = 33554432 (custom)
2022-11-10 07:08:22,310 [Listener at 0.0.0.0/38463] INFO  server.GrpcService (ConfUtils.java:logGet(46)) - raft.grpc.flow.control.window = 1MB (=1048576) (default)
2022-11-10 07:08:22,310 [Listener at 0.0.0.0/38463] INFO  server.RaftServerConfigKeys (ConfUtils.java:logGet(46)) - raft.server.rpc.request.timeout = 30000ms (custom)
2022-11-10 07:08:22,310 [Listener at 0.0.0.0/38463] INFO  grpc.GrpcConfigKeys (ConfUtils.java:logGet(46)) - raft.grpc.server.heartbeat.channel = true (default)
2022-11-10 07:08:22,310 [Listener at 0.0.0.0/38463] INFO  grpc.GrpcConfigKeys (ConfUtils.java:logGet(46)) - raft.grpc.server.async.request.thread.pool.cached = true (default)
2022-11-10 07:08:22,310 [Listener at 0.0.0.0/38463] INFO  grpc.GrpcConfigKeys (ConfUtils.java:logGet(46)) - raft.grpc.server.async.request.thread.pool.size = 32 (default)
2022-11-10 07:08:22,311 [Listener at 0.0.0.0/38463] INFO  impl.DataStreamServerImpl (ConfUtils.java:logGet(46)) - raft.datastream.type = DISABLED (default)
2022-11-10 07:08:22,311 [Listener at 0.0.0.0/38463] INFO  server.RaftServerConfigKeys (ConfUtils.java:logGet(46)) - raft.server.threadpool.proxy.cached = true (default)
2022-11-10 07:08:22,311 [Listener at 0.0.0.0/38463] INFO  server.RaftServerConfigKeys (ConfUtils.java:logGet(46)) - raft.server.threadpool.proxy.size = 0 (default)
2022-11-10 07:08:22,311 [Listener at 0.0.0.0/38463] INFO  server.RaftServerConfigKeys (ConfUtils.java:logGet(46)) - raft.server.rpc.slowness.timeout = 120000ms (custom)
2022-11-10 07:08:22,311 [Listener at 0.0.0.0/38463] INFO  server.RaftServerConfigKeys (ConfUtils.java:logGet(46)) - raft.server.leaderelection.leader.step-down.wait-time = 10s (default)
2022-11-10 07:08:22,312 [Listener at 0.0.0.0/38463] INFO  server.RaftServerConfigKeys (ConfUtils.java:logGet(46)) - raft.server.storage.dir = [/home/runner/work/ozone/ozone/hadoop-ozone/integration-test/target/test-dir/MiniOzoneClusterImpl-a89f51d4-237d-44f8-8386-a6bae3bff50d/scmNode-3/scm-ha] (custom)
2022-11-10 07:08:22,315 [Listener at 0.0.0.0/38463] INFO  server.RaftServer (RaftServerProxy.java:addNew(96)) - 4ed76112-e62d-4ca7-a346-3bf242109c33: addNew group-A6BAE3BFF50D:[] returns group-A6BAE3BFF50D:java.util.concurrent.CompletableFuture@56b5903e[Not completed]
2022-11-10 07:08:22,315 [pool-85-thread-1] INFO  server.RaftServer$Division (RaftServerImpl.java:<init>(195)) - 4ed76112-e62d-4ca7-a346-3bf242109c33: new RaftServerImpl for group-A6BAE3BFF50D:[] with SCMStateMachine:uninitialized
2022-11-10 07:08:22,315 [pool-85-thread-1] INFO  server.RaftServerConfigKeys (ConfUtils.java:logGet(46)) - raft.server.rpc.timeout.min = 5000ms (custom)
2022-11-10 07:08:22,315 [pool-85-thread-1] INFO  server.RaftServerConfigKeys (ConfUtils.java:logGet(46)) - raft.server.rpc.timeout.max = 5200ms (custom)
2022-11-10 07:08:22,316 [pool-85-thread-1] INFO  server.RaftServerConfigKeys (ConfUtils.java:logGet(46)) - raft.server.rpc.sleep.time = 25ms (default)
2022-11-10 07:08:22,319 [pool-85-thread-1] INFO  server.RaftServerConfigKeys (ConfUtils.java:logGet(46)) - raft.server.rpc.slowness.timeout = 120000ms (custom)
2022-11-10 07:08:22,319 [pool-85-thread-1] INFO  server.RaftServerConfigKeys (ConfUtils.java:logGet(46)) - raft.server.leaderelection.leader.step-down.wait-time = 10s (default)
2022-11-10 07:08:22,319 [pool-85-thread-1] INFO  server.RaftServerConfigKeys (ConfUtils.java:logGet(46)) - raft.server.sleep.deviation.threshold = 300ms (default)
2022-11-10 07:08:22,319 [pool-85-thread-1] INFO  server.RaftServer$Division (ServerState.java:<init>(118)) - 4ed76112-e62d-4ca7-a346-3bf242109c33@group-A6BAE3BFF50D: ConfigurationManager, init=-1: peers:[]|listeners:[], old=null, confs=<EMPTY_MAP>
2022-11-10 07:08:22,319 [pool-85-thread-1] INFO  server.RaftServerConfigKeys (ConfUtils.java:logGet(46)) - raft.server.storage.dir = [/home/runner/work/ozone/ozone/hadoop-ozone/integration-test/target/test-dir/MiniOzoneClusterImpl-a89f51d4-237d-44f8-8386-a6bae3bff50d/scmNode-3/scm-ha] (custom)
2022-11-10 07:08:22,319 [pool-85-thread-1] INFO  server.RaftServerConfigKeys (ConfUtils.java:logGet(46)) - raft.server.log.corruption.policy = EXCEPTION (default)
2022-11-10 07:08:22,319 [pool-85-thread-1] INFO  server.RaftServerConfigKeys (ConfUtils.java:logGet(46)) - raft.server.storage.free-space.min = 0MB (=0) (default)
2022-11-10 07:08:22,319 [pool-85-thread-1] INFO  server.RaftServerConfigKeys (ConfUtils.java:logGet(46)) - raft.server.notification.no-leader.timeout = 60s (default)
2022-11-10 07:08:22,319 [pool-85-thread-1] INFO  server.RaftServerConfigKeys (ConfUtils.java:logGet(46)) - raft.server.retrycache.expirytime = 60000ms (default)
2022-11-10 07:08:22,319 [pool-85-thread-1] INFO  server.RaftServerConfigKeys (ConfUtils.java:logGet(46)) - raft.server.retrycache.statistics.expirytime = 100μs (default)
2022-11-10 07:08:22,325 [pool-85-thread-1] INFO  server.RaftServerConfigKeys (ConfUtils.java:logGet(46)) - raft.server.log.appender.install.snapshot.enabled = false (custom)
2022-11-10 07:08:22,325 [pool-85-thread-1] INFO  server.RaftServerConfigKeys (ConfUtils.java:logGet(46)) - raft.server.threadpool.server.cached = true (default)
2022-11-10 07:08:22,325 [pool-85-thread-1] INFO  server.RaftServerConfigKeys (ConfUtils.java:logGet(46)) - raft.server.threadpool.server.size = 0 (default)
2022-11-10 07:08:22,325 [pool-85-thread-1] INFO  server.RaftServerConfigKeys (ConfUtils.java:logGet(46)) - raft.server.threadpool.client.cached = true (default)
2022-11-10 07:08:22,325 [pool-85-thread-1] INFO  server.RaftServerConfigKeys (ConfUtils.java:logGet(46)) - raft.server.threadpool.client.size = 0 (default)
2022-11-10 07:08:22,325 [Listener at 0.0.0.0/38463] INFO  ha.SCMSnapshotProvider (SCMSnapshotProvider.java:<init>(66)) - Initializing SCM Snapshot Provider
2022-11-10 07:08:22,325 [Listener at 0.0.0.0/38463] WARN  server.ServerUtils (ServerUtils.java:getDefaultRatisDirectory(237)) - Storage directory for Ratis is not configured. It is a good idea to map this to an SSD disk. Falling back to ozone.metadata.dirs
2022-11-10 07:08:22,325 [Listener at 0.0.0.0/38463] WARN  ha.SCMHAUtils (SCMHAUtils.java:getSCMRatisSnapshotDirectory(153)) - SCM snapshot dir is not configured. Falling back to ozone.metadata.dirs config
2022-11-10 07:08:22,326 [Listener at 0.0.0.0/38463] INFO  upgrade.AbstractLayoutVersionManager (AbstractLayoutVersionManager.java:init(83)) - Initializing Layout version manager with metadata layout = DATANODE_SCHEMA_V3 (version = 4), software layout = DATANODE_SCHEMA_V3 (version = 4)
2022-11-10 07:08:22,376 [Listener at 0.0.0.0/38463] INFO  reflections.Reflections (Reflections.java:scan(232)) - Reflections took 48 ms to scan 7 urls, producing 139 keys and 336 values 
2022-11-10 07:08:22,377 [Listener at 0.0.0.0/38463] INFO  ha.SequenceIdGenerator (SequenceIdGenerator.java:upgradeToSequenceId(349)) - upgrade localId to 109611004723200000
2022-11-10 07:08:22,378 [Listener at 0.0.0.0/38463] INFO  ha.SequenceIdGenerator (SequenceIdGenerator.java:upgradeToSequenceId(359)) - upgrade delTxnId to 0
2022-11-10 07:08:22,378 [Listener at 0.0.0.0/38463] INFO  ha.SequenceIdGenerator (SequenceIdGenerator.java:upgradeToSequenceId(376)) - upgrade containerId to 0
2022-11-10 07:08:22,378 [Listener at 0.0.0.0/38463] INFO  ha.SequenceIdGenerator (SequenceIdGenerator.java:<init>(220)) - Init the HA SequenceIdGenerator.
2022-11-10 07:08:22,378 [Listener at 0.0.0.0/38463] WARN  server.ServerUtils (ServerUtils.java:sanitizeUserArgs(73)) - ozone.scm.stale.node.interval value = 300000 is larger than max = 100000 based on the key value of ozone.scm.heartbeat.thread.interval, reset to the max value 100000.
2022-11-10 07:08:22,378 [Listener at 0.0.0.0/38463] WARN  server.ServerUtils (ServerUtils.java:sanitizeUserArgs(73)) - ozone.scm.stale.node.interval value = 300000 is larger than max = 100000 based on the key value of ozone.scm.heartbeat.thread.interval, reset to the max value 100000.
2022-11-10 07:08:22,379 [Listener at 0.0.0.0/38463] INFO  node.SCMNodeManager (SCMNodeManager.java:<init>(149)) - Entering startup safe mode.
2022-11-10 07:08:22,380 [Listener at 0.0.0.0/38463] INFO  algorithms.ContainerPlacementPolicyFactory (ContainerPlacementPolicyFactory.java:getPolicyInternal(86)) - Create container placement policy of type org.apache.hadoop.hdds.scm.container.placement.algorithms.SCMContainerPlacementRandom
2022-11-10 07:08:22,380 [Listener at 0.0.0.0/38463] INFO  algorithms.ContainerPlacementPolicyFactory (ContainerPlacementPolicyFactory.java:getPolicyInternal(86)) - Create container placement policy of type org.apache.hadoop.hdds.scm.container.placement.algorithms.SCMContainerPlacementRackScatter
2022-11-10 07:08:22,380 [Listener at 0.0.0.0/38463] INFO  pipeline.PipelineStateManagerImpl (PipelineStateManagerImpl.java:initialize(78)) - No pipeline exists in current db
2022-11-10 07:08:22,380 [Listener at 0.0.0.0/38463] INFO  algorithms.LeaderChoosePolicyFactory (LeaderChoosePolicyFactory.java:getPolicy(57)) - Create leader choose policy of type org.apache.hadoop.hdds.scm.pipeline.leader.choose.algorithms.MinLeaderCountChoosePolicy
2022-11-10 07:08:22,380 [Listener at 0.0.0.0/38463] INFO  algorithms.ContainerPlacementPolicyFactory (ContainerPlacementPolicyFactory.java:getPolicyInternal(86)) - Create container placement policy of type org.apache.hadoop.hdds.scm.container.placement.algorithms.SCMContainerPlacementRackScatter
2022-11-10 07:08:22,380 [Listener at 0.0.0.0/38463] INFO  ha.SCMServiceManager (SCMServiceManager.java:register(42)) - Registering service BackgroundPipelineCreator.
2022-11-10 07:08:22,380 [Listener at 0.0.0.0/38463] INFO  pipeline.BackgroundPipelineCreator (BackgroundPipelineCreator.java:start(124)) - Starting RatisPipelineUtilsThread.
2022-11-10 07:08:22,388 [Listener at 0.0.0.0/38463] INFO  BackgroundPipelineScrubber (BackgroundSCMService.java:start(68)) - Starting BackgroundPipelineScrubber Service.
2022-11-10 07:08:22,393 [Listener at 0.0.0.0/38463] INFO  ha.SCMServiceManager (SCMServiceManager.java:register(42)) - Registering service BackgroundPipelineScrubber.
2022-11-10 07:08:22,393 [Listener at 0.0.0.0/38463] INFO  ExpiredContainerReplicaOpScrubber (BackgroundSCMService.java:start(68)) - Starting ExpiredContainerReplicaOpScrubber Service.
2022-11-10 07:08:22,393 [Listener at 0.0.0.0/38463] INFO  ha.SCMServiceManager (SCMServiceManager.java:register(42)) - Registering service ExpiredContainerReplicaOpScrubber.
2022-11-10 07:08:22,394 [Listener at 0.0.0.0/38463] INFO  algorithms.PipelineChoosePolicyFactory (PipelineChoosePolicyFactory.java:createPipelineChoosePolicyFromClass(73)) - Create pipeline choose policy of type org.apache.hadoop.hdds.scm.pipeline.choose.algorithms.RandomPipelineChoosePolicy
2022-11-10 07:08:22,394 [Listener at 0.0.0.0/38463] INFO  ha.SCMServiceManager (SCMServiceManager.java:register(42)) - Registering service SCMBlockDeletingService.
2022-11-10 07:08:22,395 [Listener at 0.0.0.0/38463] INFO  replication.ReplicationManager (ReplicationManager.java:start(239)) - Starting Replication Monitor Thread.
2022-11-10 07:08:22,400 [Listener at 0.0.0.0/38463] INFO  ha.SCMServiceManager (SCMServiceManager.java:register(42)) - Registering service ReplicationManager.
2022-11-10 07:08:22,400 [ReplicationMonitor] INFO  replication.ReplicationManager (ReplicationManager.java:processAll(308)) - Replication Manager is not ready to run until 3000ms after safemode exit
2022-11-10 07:08:22,401 [Listener at 0.0.0.0/38463] INFO  safemode.ContainerSafeModeRule (ContainerSafeModeRule.java:<init>(89)) - containers with one replica threshold count 0
2022-11-10 07:08:22,401 [Listener at 0.0.0.0/38463] INFO  safemode.HealthyPipelineSafeModeRule (HealthyPipelineSafeModeRule.java:initializeRule(169)) - Total pipeline count is 0, healthy pipeline threshold count is 1
2022-11-10 07:08:22,402 [Listener at 0.0.0.0/38463] INFO  safemode.OneReplicaPipelineSafeModeRule (OneReplicaPipelineSafeModeRule.java:initializeRule(180)) - Total pipeline count is 0, pipeline's with at least one datanode reported threshold count is 0
2022-11-10 07:08:22,402 [Listener at 0.0.0.0/38463] INFO  ipc.CallQueueManager (CallQueueManager.java:<init>(90)) - Using callQueue: class java.util.concurrent.LinkedBlockingQueue, queueCapacity: 2000, scheduler: class org.apache.hadoop.ipc.DefaultRpcScheduler, ipcBackoff: false.
2022-11-10 07:08:22,416 [Socket Reader #1 for port 34127] INFO  ipc.Server (Server.java:run(1273)) - Starting Socket Reader #1 for port 34127
2022-11-10 07:08:22,417 [Listener at 0.0.0.0/34127] INFO  ipc.CallQueueManager (CallQueueManager.java:<init>(90)) - Using callQueue: class java.util.concurrent.LinkedBlockingQueue, queueCapacity: 2000, scheduler: class org.apache.hadoop.ipc.DefaultRpcScheduler, ipcBackoff: false.
2022-11-10 07:08:22,418 [Socket Reader #1 for port 36807] INFO  ipc.Server (Server.java:run(1273)) - Starting Socket Reader #1 for port 36807
2022-11-10 07:08:22,419 [Listener at 0.0.0.0/36807] INFO  ipc.CallQueueManager (CallQueueManager.java:<init>(90)) - Using callQueue: class java.util.concurrent.LinkedBlockingQueue, queueCapacity: 2000, scheduler: class org.apache.hadoop.ipc.DefaultRpcScheduler, ipcBackoff: false.
2022-11-10 07:08:22,420 [Socket Reader #1 for port 35229] INFO  ipc.Server (Server.java:run(1273)) - Starting Socket Reader #1 for port 35229
2022-11-10 07:08:22,428 [Listener at 0.0.0.0/35229] INFO  ha.SCMServiceManager (SCMServiceManager.java:register(42)) - Registering service ContainerBalancer.
2022-11-10 07:08:22,429 [Listener at 0.0.0.0/35229] INFO  server.StorageContainerManager (StorageContainerManager.java:<init>(415)) - 
Container Balancer status:
Key                            Value
Running                        true
Container Balancer Configuration values:
Key                                                Value
Threshold                                          10
Max Datanodes to Involve per Iteration(percent)    20
Max Size to Move per Iteration                     500GB
Max Size Entering Target per Iteration             26GB
Max Size Leaving Source per Iteration              26GB

2022-11-10 07:08:22,429 [Listener at 0.0.0.0/35229] WARN  events.EventQueue (EventQueue.java:fireEvent(216)) - No event handler registered for event TypedEvent{payloadType=SafeModeStatus, name='Safe mode status'}
2022-11-10 07:08:22,429 [Listener at 0.0.0.0/35229] INFO  ha.SCMContext (SCMContext.java:updateSafeModeStatus(228)) - Update SafeModeStatus from SafeModeStatus{safeModeStatus=true, preCheckPassed=false} to SafeModeStatus{safeModeStatus=true, preCheckPassed=false}.
2022-11-10 07:08:22,429 [Listener at 0.0.0.0/35229] INFO  server.StorageContainerManager (StorageContainerManager.java:start(1449)) - StorageContainerLocationProtocol RPC server is listening at /0.0.0.0:35229
2022-11-10 07:08:22,429 [Listener at 0.0.0.0/35229] INFO  ha.SCMRatisServerImpl (SCMRatisServerImpl.java:start(178)) - starting ratis server 0.0.0.0:43819
2022-11-10 07:08:22,430 [4ed76112-e62d-4ca7-a346-3bf242109c33-impl-thread1] INFO  storage.RaftStorageDirectory (RaftStorageDirectoryImpl.java:analyzeStorage(137)) - The storage directory /home/runner/work/ozone/ozone/hadoop-ozone/integration-test/target/test-dir/MiniOzoneClusterImpl-a89f51d4-237d-44f8-8386-a6bae3bff50d/scmNode-3/scm-ha/a89f51d4-237d-44f8-8386-a6bae3bff50d does not exist. Creating ...
2022-11-10 07:08:22,432 [4ed76112-e62d-4ca7-a346-3bf242109c33-impl-thread1] INFO  storage.RaftStorageDirectory (RaftStorageDirectoryImpl.java:tryLock(231)) - Lock on /home/runner/work/ozone/ozone/hadoop-ozone/integration-test/target/test-dir/MiniOzoneClusterImpl-a89f51d4-237d-44f8-8386-a6bae3bff50d/scmNode-3/scm-ha/a89f51d4-237d-44f8-8386-a6bae3bff50d/in_use.lock acquired by nodename 3649@fv-az194-925
2022-11-10 07:08:22,433 [4ed76112-e62d-4ca7-a346-3bf242109c33-impl-thread1] INFO  storage.RaftStorage (RaftStorageImpl.java:format(96)) - Storage directory /home/runner/work/ozone/ozone/hadoop-ozone/integration-test/target/test-dir/MiniOzoneClusterImpl-a89f51d4-237d-44f8-8386-a6bae3bff50d/scmNode-3/scm-ha/a89f51d4-237d-44f8-8386-a6bae3bff50d has been successfully formatted.
2022-11-10 07:08:22,433 [4ed76112-e62d-4ca7-a346-3bf242109c33-impl-thread1] INFO  server.RaftServerConfigKeys (ConfUtils.java:logGet(46)) - raft.server.log.use.memory = false (default)
2022-11-10 07:08:22,433 [4ed76112-e62d-4ca7-a346-3bf242109c33-impl-thread1] INFO  server.RaftServerConfigKeys (ConfUtils.java:logGet(46)) - raft.server.log.purge.gap = 1000000 (custom)
2022-11-10 07:08:22,433 [4ed76112-e62d-4ca7-a346-3bf242109c33-impl-thread1] INFO  server.RaftServerConfigKeys (ConfUtils.java:logGet(46)) - raft.server.log.appender.buffer.byte-limit = 33554432 (custom)
2022-11-10 07:08:22,433 [4ed76112-e62d-4ca7-a346-3bf242109c33-impl-thread1] INFO  server.RaftServerConfigKeys (ConfUtils.java:logGet(46)) - raft.server.log.statemachine.data.read.timeout = 1000ms (default)
2022-11-10 07:08:22,433 [4ed76112-e62d-4ca7-a346-3bf242109c33-impl-thread1] INFO  server.RaftServerConfigKeys (ConfUtils.java:logGet(46)) - raft.server.log.purge.preservation.log.num = 0 (default)
2022-11-10 07:08:22,434 [4ed76112-e62d-4ca7-a346-3bf242109c33-impl-thread1] INFO  server.RaftServerConfigKeys (ConfUtils.java:logGet(46)) - raft.server.log.segment.size.max = 4194304 (custom)
2022-11-10 07:08:22,434 [4ed76112-e62d-4ca7-a346-3bf242109c33-impl-thread1] INFO  server.RaftServerConfigKeys (ConfUtils.java:logGet(46)) - raft.server.log.segment.cache.num.max = 2 (custom)
2022-11-10 07:08:22,434 [4ed76112-e62d-4ca7-a346-3bf242109c33-impl-thread1] INFO  server.RaftServerConfigKeys (ConfUtils.java:logGet(46)) - raft.server.log.segment.cache.size.max = 200MB (=209715200) (default)
2022-11-10 07:08:22,434 [4ed76112-e62d-4ca7-a346-3bf242109c33-impl-thread1] INFO  segmented.SegmentedRaftLogWorker (SegmentedRaftLogWorker.java:<init>(191)) - new 4ed76112-e62d-4ca7-a346-3bf242109c33@group-A6BAE3BFF50D-SegmentedRaftLogWorker for RaftStorageImpl:Storage Directory /home/runner/work/ozone/ozone/hadoop-ozone/integration-test/target/test-dir/MiniOzoneClusterImpl-a89f51d4-237d-44f8-8386-a6bae3bff50d/scmNode-3/scm-ha/a89f51d4-237d-44f8-8386-a6bae3bff50d
2022-11-10 07:08:22,434 [4ed76112-e62d-4ca7-a346-3bf242109c33-impl-thread1] INFO  server.RaftServerConfigKeys (ConfUtils.java:logGet(46)) - raft.server.log.queue.byte-limit = 64MB (=67108864) (default)
2022-11-10 07:08:22,434 [4ed76112-e62d-4ca7-a346-3bf242109c33-impl-thread1] INFO  server.RaftServerConfigKeys (ConfUtils.java:logGet(46)) - raft.server.log.queue.element-limit = 4096 (default)
2022-11-10 07:08:22,434 [4ed76112-e62d-4ca7-a346-3bf242109c33-impl-thread1] INFO  server.RaftServerConfigKeys (ConfUtils.java:logGet(46)) - raft.server.log.segment.size.max = 4194304 (custom)
2022-11-10 07:08:22,434 [4ed76112-e62d-4ca7-a346-3bf242109c33-impl-thread1] INFO  server.RaftServerConfigKeys (ConfUtils.java:logGet(46)) - raft.server.log.preallocated.size = 4194304 (custom)
2022-11-10 07:08:22,434 [4ed76112-e62d-4ca7-a346-3bf242109c33-impl-thread1] INFO  server.RaftServerConfigKeys (ConfUtils.java:logGet(46)) - raft.server.log.force.sync.num = 128 (default)
2022-11-10 07:08:22,434 [4ed76112-e62d-4ca7-a346-3bf242109c33-impl-thread1] INFO  server.RaftServerConfigKeys (ConfUtils.java:logGet(46)) - raft.server.log.statemachine.data.sync = true (default)
2022-11-10 07:08:22,434 [4ed76112-e62d-4ca7-a346-3bf242109c33-impl-thread1] INFO  server.RaftServerConfigKeys (ConfUtils.java:logGet(46)) - raft.server.log.statemachine.data.sync.timeout = 10s (default)
2022-11-10 07:08:22,434 [4ed76112-e62d-4ca7-a346-3bf242109c33-impl-thread1] INFO  server.RaftServerConfigKeys (ConfUtils.java:logGet(46)) - raft.server.log.statemachine.data.sync.timeout.retry = -1 (default)
2022-11-10 07:08:22,435 [4ed76112-e62d-4ca7-a346-3bf242109c33-impl-thread1] INFO  server.RaftServerConfigKeys (ConfUtils.java:logGet(46)) - raft.server.log.write.buffer.size = 64KB (=65536) (default)
2022-11-10 07:08:22,435 [4ed76112-e62d-4ca7-a346-3bf242109c33-impl-thread1] INFO  server.RaftServerConfigKeys (ConfUtils.java:logGet(46)) - raft.server.log.unsafe-flush.enabled = false (default)
2022-11-10 07:08:22,435 [4ed76112-e62d-4ca7-a346-3bf242109c33-impl-thread1] INFO  server.RaftServerConfigKeys (ConfUtils.java:logGet(46)) - raft.server.log.async-flush.enabled = false (default)
2022-11-10 07:08:22,435 [4ed76112-e62d-4ca7-a346-3bf242109c33-impl-thread1] INFO  server.RaftServerConfigKeys (ConfUtils.java:logGet(46)) - raft.server.log.statemachine.data.caching.enabled = false (default)
2022-11-10 07:08:22,435 [4ed76112-e62d-4ca7-a346-3bf242109c33-impl-thread1] INFO  segmented.SegmentedRaftLogWorker (SegmentedRaftLogWorker.java:lambda$new$0(136)) - 4ed76112-e62d-4ca7-a346-3bf242109c33@group-A6BAE3BFF50D-SegmentedRaftLogWorker: flushIndex: setUnconditionally 0 -> -1
2022-11-10 07:08:22,435 [4ed76112-e62d-4ca7-a346-3bf242109c33-impl-thread1] INFO  segmented.SegmentedRaftLogWorker (SegmentedRaftLogWorker.java:lambda$new$0(136)) - 4ed76112-e62d-4ca7-a346-3bf242109c33@group-A6BAE3BFF50D-SegmentedRaftLogWorker: safeCacheEvictIndex: setUnconditionally 0 -> -1
2022-11-10 07:08:22,436 [4ed76112-e62d-4ca7-a346-3bf242109c33-impl-thread1] INFO  server.RaftServer$Division (RaftServerImpl.java:start(340)) - 4ed76112-e62d-4ca7-a346-3bf242109c33@group-A6BAE3BFF50D: start with initializing state, conf=-1: peers:[]|listeners:[], old=null
2022-11-10 07:08:22,436 [4ed76112-e62d-4ca7-a346-3bf242109c33-impl-thread1] INFO  server.RaftServer$Division (RaftServerImpl.java:setRole(321)) - 4ed76112-e62d-4ca7-a346-3bf242109c33@group-A6BAE3BFF50D: changes role from      null to FOLLOWER at term 0 for startInitializing
2022-11-10 07:08:22,436 [4ed76112-e62d-4ca7-a346-3bf242109c33-impl-thread1] INFO  util.JmxRegister (JmxRegister.java:tryRegister(44)) - Successfully registered JMX Bean with object name Ratis:service=RaftServer,group=group-A6BAE3BFF50D,id=4ed76112-e62d-4ca7-a346-3bf242109c33
2022-11-10 07:08:22,436 [4ed76112-e62d-4ca7-a346-3bf242109c33-impl-thread1] INFO  server.RaftServerConfigKeys (ConfUtils.java:logGet(46)) - raft.server.snapshot.auto.trigger.enabled = true (custom)
2022-11-10 07:08:22,436 [4ed76112-e62d-4ca7-a346-3bf242109c33-impl-thread1] INFO  server.RaftServerConfigKeys (ConfUtils.java:logGet(46)) - raft.server.snapshot.auto.trigger.threshold = 1000 (custom)
2022-11-10 07:08:22,436 [4ed76112-e62d-4ca7-a346-3bf242109c33-impl-thread1] INFO  server.RaftServerConfigKeys (ConfUtils.java:logGet(46)) - raft.server.snapshot.retention.file.num = -1 (default)
2022-11-10 07:08:22,436 [4ed76112-e62d-4ca7-a346-3bf242109c33-impl-thread1] INFO  server.RaftServerConfigKeys (ConfUtils.java:logGet(46)) - raft.server.log.purge.upto.snapshot.index = false (default)
2022-11-10 07:08:22,437 [Listener at 0.0.0.0/35229] INFO  server.RaftServer (RaftServerProxy.java:startImpl(393)) - 4ed76112-e62d-4ca7-a346-3bf242109c33: start RPC server
2022-11-10 07:08:22,438 [Listener at 0.0.0.0/35229] INFO  server.GrpcService (GrpcService.java:startImpl(270)) - 4ed76112-e62d-4ca7-a346-3bf242109c33: GrpcService started, listening on 43819
2022-11-10 07:08:22,439 [Listener at 0.0.0.0/35229] INFO  ha.SCMNodeInfo (SCMNodeInfo.java:getPort(197)) - ConfigKey ozone.scm.client.address is deprecated, For configuring different ports for each SCM use PortConfigKey ozone.scm.client.port appended with serviceId and nodeId
2022-11-10 07:08:22,439 [Listener at 0.0.0.0/35229] INFO  ha.SCMNodeInfo (SCMNodeInfo.java:getPort(197)) - ConfigKey ozone.scm.block.client.address is deprecated, For configuring different ports for each SCM use PortConfigKey ozone.scm.block.client.port appended with serviceId and nodeId
2022-11-10 07:08:22,439 [Listener at 0.0.0.0/35229] INFO  ha.SCMNodeInfo (SCMNodeInfo.java:getPort(197)) - ConfigKey ozone.scm.datanode.address is deprecated, For configuring different ports for each SCM use PortConfigKey ozone.scm.datanode.port appended with serviceId and nodeId
2022-11-10 07:08:22,439 [Listener at 0.0.0.0/35229] INFO  ha.SCMNodeInfo (SCMNodeInfo.java:getPort(197)) - ConfigKey ozone.scm.client.address is deprecated, For configuring different ports for each SCM use PortConfigKey ozone.scm.client.port appended with serviceId and nodeId
2022-11-10 07:08:22,439 [Listener at 0.0.0.0/35229] INFO  ha.SCMNodeInfo (SCMNodeInfo.java:getPort(197)) - ConfigKey ozone.scm.block.client.address is deprecated, For configuring different ports for each SCM use PortConfigKey ozone.scm.block.client.port appended with serviceId and nodeId
2022-11-10 07:08:22,440 [Listener at 0.0.0.0/35229] INFO  ha.SCMNodeInfo (SCMNodeInfo.java:getPort(197)) - ConfigKey ozone.scm.datanode.address is deprecated, For configuring different ports for each SCM use PortConfigKey ozone.scm.datanode.port appended with serviceId and nodeId
2022-11-10 07:08:22,440 [Listener at 0.0.0.0/35229] INFO  proxy.SCMBlockLocationFailoverProxyProvider (SCMBlockLocationFailoverProxyProvider.java:<init>(114)) - Created block location fail-over proxy with 2 nodes: [nodeId=scmNode-2,nodeAddress=/127.0.0.1:33183, nodeId=scmNode-1,nodeAddress=/127.0.0.1:46059]
2022-11-10 07:08:22,441 [JvmPauseMonitor3] INFO  util.JvmPauseMonitor (JvmPauseMonitor.java:run(105)) - JvmPauseMonitor-4ed76112-e62d-4ca7-a346-3bf242109c33: Started
2022-11-10 07:08:22,445 [IPC Server handler 99 on default port 46059] INFO  ha.SCMRatisServerImpl (SCMRatisServerImpl.java:addSCM(298)) - c8e5d44d-3ae5-47f4-8fed-77a3ea3a3924: Submitting SetConfiguration request to Ratis server with new SCM peers list: [db4da669-e495-4258-8ed5-d8ca382bca0e|rpc:localhost:45499|priority:0|startupRole:FOLLOWER, c8e5d44d-3ae5-47f4-8fed-77a3ea3a3924|rpc:localhost:46459|admin:|client:|dataStream:|priority:0|startupRole:FOLLOWER, 4ed76112-e62d-4ca7-a346-3bf242109c33|rpc:localhost:43819|priority:0|startupRole:FOLLOWER]
2022-11-10 07:08:22,446 [IPC Server handler 99 on default port 46059] INFO  server.RaftServer$Division (RaftServerImpl.java:setConfigurationAsync(1112)) - c8e5d44d-3ae5-47f4-8fed-77a3ea3a3924@group-A6BAE3BFF50D: receive setConfiguration SetConfigurationRequest:client-1E993324FC01->c8e5d44d-3ae5-47f4-8fed-77a3ea3a3924@group-A6BAE3BFF50D, cid=1, seq=0, RW, null, SET_UNCONDITIONALLY, servers:[db4da669-e495-4258-8ed5-d8ca382bca0e|rpc:localhost:45499|priority:0|startupRole:FOLLOWER, c8e5d44d-3ae5-47f4-8fed-77a3ea3a3924|rpc:localhost:46459|admin:|client:|dataStream:|priority:0|startupRole:FOLLOWER, 4ed76112-e62d-4ca7-a346-3bf242109c33|rpc:localhost:43819|priority:0|startupRole:FOLLOWER], listeners:[]
2022-11-10 07:08:22,446 [IPC Server handler 99 on default port 46059] INFO  server.RaftServer$Division (LeaderStateImpl.java:startSetConfiguration(368)) - c8e5d44d-3ae5-47f4-8fed-77a3ea3a3924@group-A6BAE3BFF50D-LeaderStateImpl: startSetConfiguration SetConfigurationRequest:client-1E993324FC01->c8e5d44d-3ae5-47f4-8fed-77a3ea3a3924@group-A6BAE3BFF50D, cid=1, seq=0, RW, null, SET_UNCONDITIONALLY, servers:[db4da669-e495-4258-8ed5-d8ca382bca0e|rpc:localhost:45499|priority:0|startupRole:FOLLOWER, c8e5d44d-3ae5-47f4-8fed-77a3ea3a3924|rpc:localhost:46459|admin:|client:|dataStream:|priority:0|startupRole:FOLLOWER, 4ed76112-e62d-4ca7-a346-3bf242109c33|rpc:localhost:43819|priority:0|startupRole:FOLLOWER], listeners:[]
2022-11-10 07:08:22,446 [IPC Server handler 99 on default port 46059] INFO  server.RaftServerConfigKeys (ConfUtils.java:logGet(46)) - raft.server.log.appender.snapshot.chunk.size.max = 16MB (=16777216) (default)
2022-11-10 07:08:22,446 [IPC Server handler 99 on default port 46059] INFO  server.RaftServerConfigKeys (ConfUtils.java:logGet(46)) - raft.server.log.appender.buffer.byte-limit = 33554432 (custom)
2022-11-10 07:08:22,446 [IPC Server handler 99 on default port 46059] INFO  server.RaftServerConfigKeys (ConfUtils.java:logGet(46)) - raft.server.log.appender.buffer.element-limit = 1024 (custom)
2022-11-10 07:08:22,447 [IPC Server handler 99 on default port 46059] INFO  grpc.GrpcConfigKeys (ConfUtils.java:logGet(46)) - raft.grpc.server.leader.outstanding.appends.max = 128 (default)
2022-11-10 07:08:22,447 [IPC Server handler 99 on default port 46059] INFO  server.RaftServerConfigKeys (ConfUtils.java:logGet(46)) - raft.server.rpc.request.timeout = 30000ms (custom)
2022-11-10 07:08:22,447 [IPC Server handler 99 on default port 46059] INFO  server.RaftServerConfigKeys (ConfUtils.java:logGet(46)) - raft.server.log.appender.install.snapshot.enabled = false (custom)
2022-11-10 07:08:22,447 [IPC Server handler 99 on default port 46059] INFO  grpc.GrpcConfigKeys (ConfUtils.java:logGet(46)) - raft.grpc.server.heartbeat.channel = true (default)
2022-11-10 07:08:22,447 [IPC Server handler 99 on default port 46059] INFO  server.RaftServerConfigKeys (ConfUtils.java:logGet(46)) - raft.server.log.appender.wait-time.min = 10ms (default)
2022-11-10 07:08:22,452 [c8e5d44d-3ae5-47f4-8fed-77a3ea3a3924@group-A6BAE3BFF50D->4ed76112-e62d-4ca7-a346-3bf242109c33-GrpcLogAppender-LogAppenderDaemon] INFO  server.GrpcLogAppender (GrpcLogAppender.java:installSnapshot(635)) - c8e5d44d-3ae5-47f4-8fed-77a3ea3a3924@group-A6BAE3BFF50D->4ed76112-e62d-4ca7-a346-3bf242109c33-GrpcLogAppender: followerNextIndex = 0 but logStartIndex = 0, notify follower to install snapshot-(t:1, i:0)
2022-11-10 07:08:22,452 [c8e5d44d-3ae5-47f4-8fed-77a3ea3a3924@group-A6BAE3BFF50D->4ed76112-e62d-4ca7-a346-3bf242109c33-GrpcLogAppender-LogAppenderDaemon] INFO  server.GrpcLogAppender (GrpcLogAppender.java:installSnapshot(643)) - c8e5d44d-3ae5-47f4-8fed-77a3ea3a3924@group-A6BAE3BFF50D->4ed76112-e62d-4ca7-a346-3bf242109c33-GrpcLogAppender: send c8e5d44d-3ae5-47f4-8fed-77a3ea3a3924->4ed76112-e62d-4ca7-a346-3bf242109c33#0-t2,notify:(t:1, i:0)
2022-11-10 07:08:22,452 [c8e5d44d-3ae5-47f4-8fed-77a3ea3a3924@group-A6BAE3BFF50D->4ed76112-e62d-4ca7-a346-3bf242109c33-GrpcLogAppender-LogAppenderDaemon] INFO  server.GrpcServerProtocolClient (GrpcServerProtocolClient.java:<init>(63)) - Build channel for 4ed76112-e62d-4ca7-a346-3bf242109c33
2022-11-10 07:08:22,465 [grpc-default-executor-2] INFO  impl.SnapshotInstallationHandler (SnapshotInstallationHandler.java:installSnapshot(89)) - 4ed76112-e62d-4ca7-a346-3bf242109c33@group-A6BAE3BFF50D: receive installSnapshot: c8e5d44d-3ae5-47f4-8fed-77a3ea3a3924->4ed76112-e62d-4ca7-a346-3bf242109c33#0-t2,notify:(t:1, i:0)
2022-11-10 07:08:22,466 [grpc-default-executor-2] INFO  ha.SCMStateMachine (SCMStateMachine.java:notifyLeaderChanged(255)) - leader changed, yet current SCM is still follower.
2022-11-10 07:08:22,467 [grpc-default-executor-2] INFO  server.RaftServer$Division (ServerState.java:setLeader(313)) - 4ed76112-e62d-4ca7-a346-3bf242109c33@group-A6BAE3BFF50D: change Leader from null to c8e5d44d-3ae5-47f4-8fed-77a3ea3a3924 at term 2 for installSnapshot, leader elected after 147ms
2022-11-10 07:08:22,467 [grpc-default-executor-2] INFO  impl.SnapshotInstallationHandler (SnapshotInstallationHandler.java:notifyStateMachineToInstallSnapshot(220)) - 4ed76112-e62d-4ca7-a346-3bf242109c33@group-A6BAE3BFF50D: Received notification to install snapshot at index 0
2022-11-10 07:08:22,467 [grpc-default-executor-2] INFO  impl.SnapshotInstallationHandler (SnapshotInstallationHandler.java:notifyStateMachineToInstallSnapshot(229)) - 4ed76112-e62d-4ca7-a346-3bf242109c33@group-A6BAE3BFF50D: InstallSnapshot notification result: ALREADY_INSTALLED, current snapshot index: -1
2022-11-10 07:08:22,467 [grpc-default-executor-2] INFO  impl.SnapshotInstallationHandler (SnapshotInstallationHandler.java:installSnapshotImpl(134)) - 4ed76112-e62d-4ca7-a346-3bf242109c33@group-A6BAE3BFF50D: set new configuration index: 5
configurationEntry {
  peers {
    id: "db4da669-e495-4258-8ed5-d8ca382bca0e"
    address: "localhost:45499"
    startupRole: FOLLOWER
  }
  peers {
    id: "c8e5d44d-3ae5-47f4-8fed-77a3ea3a3924"
    address: "localhost:46459"
    startupRole: FOLLOWER
  }
}
 from snapshot
2022-11-10 07:08:22,468 [grpc-default-executor-2] INFO  server.RaftServer$Division (ServerState.java:setRaftConf(430)) - 4ed76112-e62d-4ca7-a346-3bf242109c33@group-A6BAE3BFF50D: set configuration 5: peers:[db4da669-e495-4258-8ed5-d8ca382bca0e|rpc:localhost:45499|admin:|client:|dataStream:|priority:0|startupRole:FOLLOWER, c8e5d44d-3ae5-47f4-8fed-77a3ea3a3924|rpc:localhost:46459|admin:|client:|dataStream:|priority:0|startupRole:FOLLOWER]|listeners:[], old=null
2022-11-10 07:08:22,468 [grpc-default-executor-2] INFO  impl.SnapshotInstallationHandler (SnapshotInstallationHandler.java:installSnapshot(100)) - 4ed76112-e62d-4ca7-a346-3bf242109c33@group-A6BAE3BFF50D: reply installSnapshot: c8e5d44d-3ae5-47f4-8fed-77a3ea3a3924<-4ed76112-e62d-4ca7-a346-3bf242109c33#0:OK-t0,ALREADY_INSTALLED
2022-11-10 07:08:22,468 [grpc-default-executor-2] INFO  server.GrpcServerProtocolService (GrpcServerProtocolService.java:onCompleted(145)) - 4ed76112-e62d-4ca7-a346-3bf242109c33: Completed INSTALL_SNAPSHOT, lastRequest: c8e5d44d-3ae5-47f4-8fed-77a3ea3a3924->4ed76112-e62d-4ca7-a346-3bf242109c33#0-t2,notify:(t:1, i:0)
2022-11-10 07:08:22,470 [grpc-default-executor-2] INFO  server.GrpcLogAppender (GrpcLogAppender.java:onNext(494)) - c8e5d44d-3ae5-47f4-8fed-77a3ea3a3924@group-A6BAE3BFF50D->4ed76112-e62d-4ca7-a346-3bf242109c33-InstallSnapshotResponseHandler: received the first reply c8e5d44d-3ae5-47f4-8fed-77a3ea3a3924<-4ed76112-e62d-4ca7-a346-3bf242109c33#0:OK-t0,ALREADY_INSTALLED
2022-11-10 07:08:22,470 [grpc-default-executor-2] INFO  server.GrpcLogAppender (GrpcLogAppender.java:onNext(517)) - c8e5d44d-3ae5-47f4-8fed-77a3ea3a3924@group-A6BAE3BFF50D->4ed76112-e62d-4ca7-a346-3bf242109c33-InstallSnapshotResponseHandler: Follower snapshot is already at index 0.
2022-11-10 07:08:22,470 [grpc-default-executor-2] INFO  leader.FollowerInfo (FollowerInfoImpl.java:lambda$new$0(48)) - c8e5d44d-3ae5-47f4-8fed-77a3ea3a3924@group-A6BAE3BFF50D->4ed76112-e62d-4ca7-a346-3bf242109c33: snapshotIndex: setUnconditionally 0 -> 0
2022-11-10 07:08:22,470 [grpc-default-executor-2] INFO  leader.FollowerInfo (FollowerInfoImpl.java:lambda$new$0(48)) - c8e5d44d-3ae5-47f4-8fed-77a3ea3a3924@group-A6BAE3BFF50D->4ed76112-e62d-4ca7-a346-3bf242109c33: matchIndex: setUnconditionally 0 -> 0
2022-11-10 07:08:22,470 [grpc-default-executor-2] INFO  leader.FollowerInfo (FollowerInfoImpl.java:lambda$new$0(48)) - c8e5d44d-3ae5-47f4-8fed-77a3ea3a3924@group-A6BAE3BFF50D->4ed76112-e62d-4ca7-a346-3bf242109c33: nextIndex: setUnconditionally 0 -> 1
2022-11-10 07:08:22,470 [grpc-default-executor-2] INFO  leader.FollowerInfo (FollowerInfoImpl.java:setAttemptedToInstallSnapshot(118)) - Follower c8e5d44d-3ae5-47f4-8fed-77a3ea3a3924@group-A6BAE3BFF50D->4ed76112-e62d-4ca7-a346-3bf242109c33 acknowledged installing snapshot
2022-11-10 07:08:22,471 [grpc-default-executor-2] INFO  leader.FollowerInfo (FollowerInfoImpl.java:lambda$new$0(48)) - c8e5d44d-3ae5-47f4-8fed-77a3ea3a3924@group-A6BAE3BFF50D->4ed76112-e62d-4ca7-a346-3bf242109c33: nextIndex: updateToMax old=1, new=1, updated? false
2022-11-10 07:08:22,490 [4ed76112-e62d-4ca7-a346-3bf242109c33-server-thread1] INFO  impl.RoleInfo (RoleInfo.java:updateAndGet(139)) - 4ed76112-e62d-4ca7-a346-3bf242109c33: start 4ed76112-e62d-4ca7-a346-3bf242109c33@group-A6BAE3BFF50D-FollowerState
2022-11-10 07:08:22,490 [4ed76112-e62d-4ca7-a346-3bf242109c33-server-thread1] INFO  server.RaftServer$Division (RaftServerImpl.java:checkInconsistentAppendEntries(1508)) - 4ed76112-e62d-4ca7-a346-3bf242109c33@group-A6BAE3BFF50D: Failed appendEntries as previous log entry ((t:1, i:0)) is not found
2022-11-10 07:08:22,491 [4ed76112-e62d-4ca7-a346-3bf242109c33-server-thread1] INFO  server.RaftServer$Division (RaftServerImpl.java:checkInconsistentAppendEntries(1478)) - 4ed76112-e62d-4ca7-a346-3bf242109c33@group-A6BAE3BFF50D: inconsistency entries. Reply:c8e5d44d-3ae5-47f4-8fed-77a3ea3a3924<-4ed76112-e62d-4ca7-a346-3bf242109c33#0:FAIL-t2,INCONSISTENCY,nextIndex=0,followerCommit=-1,matchIndex=-1
2022-11-10 07:08:22,491 [4ed76112-e62d-4ca7-a346-3bf242109c33-server-thread2] INFO  server.RaftServer$Division (RaftServerImpl.java:checkInconsistentAppendEntries(1508)) - 4ed76112-e62d-4ca7-a346-3bf242109c33@group-A6BAE3BFF50D: Failed appendEntries as previous log entry ((t:1, i:0)) is not found
2022-11-10 07:08:22,491 [4ed76112-e62d-4ca7-a346-3bf242109c33-server-thread2] INFO  server.RaftServer$Division (RaftServerImpl.java:checkInconsistentAppendEntries(1478)) - 4ed76112-e62d-4ca7-a346-3bf242109c33@group-A6BAE3BFF50D: inconsistency entries. Reply:c8e5d44d-3ae5-47f4-8fed-77a3ea3a3924<-4ed76112-e62d-4ca7-a346-3bf242109c33#1:FAIL-t2,INCONSISTENCY,nextIndex=0,followerCommit=-1,matchIndex=-1
2022-11-10 07:08:22,493 [grpc-default-executor-0] INFO  leader.FollowerInfo (FollowerInfoImpl.java:lambda$new$0(48)) - c8e5d44d-3ae5-47f4-8fed-77a3ea3a3924@group-A6BAE3BFF50D->4ed76112-e62d-4ca7-a346-3bf242109c33: nextIndex: updateUnconditionally 7 -> 0
2022-11-10 07:08:22,497 [grpc-default-executor-0] INFO  leader.FollowerInfo (FollowerInfoImpl.java:lambda$new$0(48)) - c8e5d44d-3ae5-47f4-8fed-77a3ea3a3924@group-A6BAE3BFF50D->4ed76112-e62d-4ca7-a346-3bf242109c33: nextIndex: updateUnconditionally 7 -> 0
2022-11-10 07:08:22,499 [4ed76112-e62d-4ca7-a346-3bf242109c33-server-thread1] INFO  server.RaftServer$Division (ServerState.java:setRaftConf(430)) - 4ed76112-e62d-4ca7-a346-3bf242109c33@group-A6BAE3BFF50D: set configuration 0: peers:[c8e5d44d-3ae5-47f4-8fed-77a3ea3a3924|rpc:localhost:46459|admin:|client:|dataStream:|priority:0|startupRole:FOLLOWER]|listeners:[], old=null
2022-11-10 07:08:22,499 [4ed76112-e62d-4ca7-a346-3bf242109c33-server-thread1] INFO  server.RaftServer$Division (ServerState.java:setRaftConf(430)) - 4ed76112-e62d-4ca7-a346-3bf242109c33@group-A6BAE3BFF50D: set configuration 1: peers:[c8e5d44d-3ae5-47f4-8fed-77a3ea3a3924|rpc:localhost:46459|admin:|client:|dataStream:|priority:0|startupRole:FOLLOWER]|listeners:[], old=null
2022-11-10 07:08:22,499 [4ed76112-e62d-4ca7-a346-3bf242109c33-server-thread1] INFO  server.RaftServer$Division (ServerState.java:setRaftConf(430)) - 4ed76112-e62d-4ca7-a346-3bf242109c33@group-A6BAE3BFF50D: set configuration 3: peers:[db4da669-e495-4258-8ed5-d8ca382bca0e|rpc:localhost:45499|admin:|client:|dataStream:|priority:0|startupRole:FOLLOWER, c8e5d44d-3ae5-47f4-8fed-77a3ea3a3924|rpc:localhost:46459|admin:|client:|dataStream:|priority:0|startupRole:FOLLOWER]|listeners:[], old=peers:[c8e5d44d-3ae5-47f4-8fed-77a3ea3a3924|rpc:localhost:46459|admin:|client:|dataStream:|priority:0|startupRole:FOLLOWER]|listeners:[]
2022-11-10 07:08:22,499 [4ed76112-e62d-4ca7-a346-3bf242109c33-server-thread1] INFO  server.RaftServer$Division (ServerState.java:setRaftConf(430)) - 4ed76112-e62d-4ca7-a346-3bf242109c33@group-A6BAE3BFF50D: set configuration 5: peers:[db4da669-e495-4258-8ed5-d8ca382bca0e|rpc:localhost:45499|admin:|client:|dataStream:|priority:0|startupRole:FOLLOWER, c8e5d44d-3ae5-47f4-8fed-77a3ea3a3924|rpc:localhost:46459|admin:|client:|dataStream:|priority:0|startupRole:FOLLOWER]|listeners:[], old=null
2022-11-10 07:08:22,499 [4ed76112-e62d-4ca7-a346-3bf242109c33-server-thread1] INFO  segmented.SegmentedRaftLogWorker (SegmentedRaftLogWorker.java:startLogSegment(452)) - 4ed76112-e62d-4ca7-a346-3bf242109c33@group-A6BAE3BFF50D-SegmentedRaftLogWorker: Starting segment from index:0
2022-11-10 07:08:22,503 [4ed76112-e62d-4ca7-a346-3bf242109c33-server-thread1] INFO  segmented.SegmentedRaftLogWorker (SegmentedRaftLogWorker.java:rollLogSegment(457)) - 4ed76112-e62d-4ca7-a346-3bf242109c33@group-A6BAE3BFF50D-SegmentedRaftLogWorker: Rolling segment log-0_0 to index:0
2022-11-10 07:08:22,504 [4ed76112-e62d-4ca7-a346-3bf242109c33-server-thread2] INFO  server.RaftServer$Division (ServerState.java:setRaftConf(430)) - 4ed76112-e62d-4ca7-a346-3bf242109c33@group-A6BAE3BFF50D: set configuration 0: peers:[c8e5d44d-3ae5-47f4-8fed-77a3ea3a3924|rpc:localhost:46459|admin:|client:|dataStream:|priority:0|startupRole:FOLLOWER]|listeners:[], old=null
2022-11-10 07:08:22,505 [4ed76112-e62d-4ca7-a346-3bf242109c33-server-thread2] INFO  server.RaftServer$Division (ServerState.java:setRaftConf(430)) - 4ed76112-e62d-4ca7-a346-3bf242109c33@group-A6BAE3BFF50D: set configuration 1: peers:[c8e5d44d-3ae5-47f4-8fed-77a3ea3a3924|rpc:localhost:46459|admin:|client:|dataStream:|priority:0|startupRole:FOLLOWER]|listeners:[], old=null
2022-11-10 07:08:22,505 [4ed76112-e62d-4ca7-a346-3bf242109c33-server-thread2] INFO  server.RaftServer$Division (ServerState.java:setRaftConf(430)) - 4ed76112-e62d-4ca7-a346-3bf242109c33@group-A6BAE3BFF50D: set configuration 3: peers:[db4da669-e495-4258-8ed5-d8ca382bca0e|rpc:localhost:45499|admin:|client:|dataStream:|priority:0|startupRole:FOLLOWER, c8e5d44d-3ae5-47f4-8fed-77a3ea3a3924|rpc:localhost:46459|admin:|client:|dataStream:|priority:0|startupRole:FOLLOWER]|listeners:[], old=peers:[c8e5d44d-3ae5-47f4-8fed-77a3ea3a3924|rpc:localhost:46459|admin:|client:|dataStream:|priority:0|startupRole:FOLLOWER]|listeners:[]
2022-11-10 07:08:22,505 [4ed76112-e62d-4ca7-a346-3bf242109c33-server-thread2] INFO  server.RaftServer$Division (ServerState.java:setRaftConf(430)) - 4ed76112-e62d-4ca7-a346-3bf242109c33@group-A6BAE3BFF50D: set configuration 5: peers:[db4da669-e495-4258-8ed5-d8ca382bca0e|rpc:localhost:45499|admin:|client:|dataStream:|priority:0|startupRole:FOLLOWER, c8e5d44d-3ae5-47f4-8fed-77a3ea3a3924|rpc:localhost:46459|admin:|client:|dataStream:|priority:0|startupRole:FOLLOWER]|listeners:[], old=null
2022-11-10 07:08:22,507 [4ed76112-e62d-4ca7-a346-3bf242109c33@group-A6BAE3BFF50D-SegmentedRaftLogWorker] INFO  segmented.SegmentedRaftLogWorker (SegmentedRaftLogWorker.java:execute(656)) - 4ed76112-e62d-4ca7-a346-3bf242109c33@group-A6BAE3BFF50D-SegmentedRaftLogWorker: created new log segment /home/runner/work/ozone/ozone/hadoop-ozone/integration-test/target/test-dir/MiniOzoneClusterImpl-a89f51d4-237d-44f8-8386-a6bae3bff50d/scmNode-3/scm-ha/a89f51d4-237d-44f8-8386-a6bae3bff50d/current/log_inprogress_0
2022-11-10 07:08:22,509 [4ed76112-e62d-4ca7-a346-3bf242109c33@group-A6BAE3BFF50D-SegmentedRaftLogWorker] INFO  segmented.SegmentedRaftLogWorker (SegmentedRaftLogWorker.java:execute(613)) - 4ed76112-e62d-4ca7-a346-3bf242109c33@group-A6BAE3BFF50D-SegmentedRaftLogWorker: Rolled log segment from /home/runner/work/ozone/ozone/hadoop-ozone/integration-test/target/test-dir/MiniOzoneClusterImpl-a89f51d4-237d-44f8-8386-a6bae3bff50d/scmNode-3/scm-ha/a89f51d4-237d-44f8-8386-a6bae3bff50d/current/log_inprogress_0 to /home/runner/work/ozone/ozone/hadoop-ozone/integration-test/target/test-dir/MiniOzoneClusterImpl-a89f51d4-237d-44f8-8386-a6bae3bff50d/scmNode-3/scm-ha/a89f51d4-237d-44f8-8386-a6bae3bff50d/current/log_0-0
2022-11-10 07:08:22,517 [4ed76112-e62d-4ca7-a346-3bf242109c33@group-A6BAE3BFF50D-SegmentedRaftLogWorker] INFO  segmented.SegmentedRaftLogWorker (SegmentedRaftLogWorker.java:execute(656)) - 4ed76112-e62d-4ca7-a346-3bf242109c33@group-A6BAE3BFF50D-SegmentedRaftLogWorker: created new log segment /home/runner/work/ozone/ozone/hadoop-ozone/integration-test/target/test-dir/MiniOzoneClusterImpl-a89f51d4-237d-44f8-8386-a6bae3bff50d/scmNode-3/scm-ha/a89f51d4-237d-44f8-8386-a6bae3bff50d/current/log_inprogress_1
2022-11-10 07:08:22,519 [4ed76112-e62d-4ca7-a346-3bf242109c33@group-A6BAE3BFF50D-StateMachineUpdater] INFO  safemode.HealthyPipelineSafeModeRule (HealthyPipelineSafeModeRule.java:initializeRule(165)) - Refreshed total pipeline count is 0, healthy pipeline threshold count is 1
2022-11-10 07:08:22,520 [4ed76112-e62d-4ca7-a346-3bf242109c33@group-A6BAE3BFF50D-StateMachineUpdater] INFO  safemode.ContainerSafeModeRule (ContainerSafeModeRule.java:reInitializeRule(177)) - Refreshed one replica container threshold 0, currentThreshold 0
2022-11-10 07:08:22,520 [4ed76112-e62d-4ca7-a346-3bf242109c33@group-A6BAE3BFF50D-StateMachineUpdater] INFO  safemode.OneReplicaPipelineSafeModeRule (OneReplicaPipelineSafeModeRule.java:initializeRule(176)) - Refreshed Total pipeline count is 0, pipeline's with at least one datanode reported threshold count is 0
2022-11-10 07:08:22,520 [4ed76112-e62d-4ca7-a346-3bf242109c33@group-A6BAE3BFF50D-StateMachineUpdater] INFO  server.SCMDatanodeProtocolServer (SCMDatanodeProtocolServer.java:start(186)) - ScmDatanodeProtocol RPC server for DataNodes is listening at /0.0.0.0:34127
2022-11-10 07:08:22,524 [IPC Server listener on 34127] INFO  ipc.Server (Server.java:run(1352)) - IPC Server listener on 34127: starting
2022-11-10 07:08:22,525 [IPC Server Responder] INFO  ipc.Server (Server.java:run(1512)) - IPC Server Responder: starting
2022-11-10 07:08:22,532 [c8e5d44d-3ae5-47f4-8fed-77a3ea3a3924@group-A6BAE3BFF50D-LeaderStateImpl] INFO  server.RaftServer$Division (ServerState.java:setRaftConf(430)) - c8e5d44d-3ae5-47f4-8fed-77a3ea3a3924@group-A6BAE3BFF50D: set configuration 7: peers:[db4da669-e495-4258-8ed5-d8ca382bca0e|rpc:localhost:45499|priority:0|startupRole:FOLLOWER, 4ed76112-e62d-4ca7-a346-3bf242109c33|rpc:localhost:43819|priority:0|startupRole:FOLLOWER, c8e5d44d-3ae5-47f4-8fed-77a3ea3a3924|rpc:localhost:46459|admin:|client:|dataStream:|priority:0|startupRole:FOLLOWER]|listeners:[], old=peers:[db4da669-e495-4258-8ed5-d8ca382bca0e|rpc:localhost:45499|priority:0|startupRole:FOLLOWER, c8e5d44d-3ae5-47f4-8fed-77a3ea3a3924|rpc:localhost:46459|admin:|client:|dataStream:|priority:0|startupRole:FOLLOWER]|listeners:[]
2022-11-10 07:08:22,535 [4ed76112-e62d-4ca7-a346-3bf242109c33-server-thread3] INFO  server.RaftServer$Division (ServerState.java:setRaftConf(430)) - 4ed76112-e62d-4ca7-a346-3bf242109c33@group-A6BAE3BFF50D: set configuration 7: peers:[db4da669-e495-4258-8ed5-d8ca382bca0e|rpc:localhost:45499|admin:|client:|dataStream:|priority:0|startupRole:FOLLOWER, 4ed76112-e62d-4ca7-a346-3bf242109c33|rpc:localhost:43819|admin:|client:|dataStream:|priority:0|startupRole:FOLLOWER, c8e5d44d-3ae5-47f4-8fed-77a3ea3a3924|rpc:localhost:46459|admin:|client:|dataStream:|priority:0|startupRole:FOLLOWER]|listeners:[], old=peers:[db4da669-e495-4258-8ed5-d8ca382bca0e|rpc:localhost:45499|admin:|client:|dataStream:|priority:0|startupRole:FOLLOWER, c8e5d44d-3ae5-47f4-8fed-77a3ea3a3924|rpc:localhost:46459|admin:|client:|dataStream:|priority:0|startupRole:FOLLOWER]|listeners:[]
2022-11-10 07:08:22,536 [db4da669-e495-4258-8ed5-d8ca382bca0e-server-thread2] INFO  server.RaftServer$Division (ServerState.java:setRaftConf(430)) - db4da669-e495-4258-8ed5-d8ca382bca0e@group-A6BAE3BFF50D: set configuration 7: peers:[db4da669-e495-4258-8ed5-d8ca382bca0e|rpc:localhost:45499|admin:|client:|dataStream:|priority:0|startupRole:FOLLOWER, 4ed76112-e62d-4ca7-a346-3bf242109c33|rpc:localhost:43819|admin:|client:|dataStream:|priority:0|startupRole:FOLLOWER, c8e5d44d-3ae5-47f4-8fed-77a3ea3a3924|rpc:localhost:46459|admin:|client:|dataStream:|priority:0|startupRole:FOLLOWER]|listeners:[], old=peers:[db4da669-e495-4258-8ed5-d8ca382bca0e|rpc:localhost:45499|admin:|client:|dataStream:|priority:0|startupRole:FOLLOWER, c8e5d44d-3ae5-47f4-8fed-77a3ea3a3924|rpc:localhost:46459|admin:|client:|dataStream:|priority:0|startupRole:FOLLOWER]|listeners:[]
2022-11-10 07:08:22,540 [c8e5d44d-3ae5-47f4-8fed-77a3ea3a3924@group-A6BAE3BFF50D-LeaderStateImpl] INFO  server.RaftServer$Division (ServerState.java:setRaftConf(430)) - c8e5d44d-3ae5-47f4-8fed-77a3ea3a3924@group-A6BAE3BFF50D: set configuration 9: peers:[db4da669-e495-4258-8ed5-d8ca382bca0e|rpc:localhost:45499|priority:0|startupRole:FOLLOWER, 4ed76112-e62d-4ca7-a346-3bf242109c33|rpc:localhost:43819|priority:0|startupRole:FOLLOWER, c8e5d44d-3ae5-47f4-8fed-77a3ea3a3924|rpc:localhost:46459|admin:|client:|dataStream:|priority:0|startupRole:FOLLOWER]|listeners:[], old=null
2022-11-10 07:08:22,543 [db4da669-e495-4258-8ed5-d8ca382bca0e-server-thread2] INFO  server.RaftServer$Division (ServerState.java:setRaftConf(430)) - db4da669-e495-4258-8ed5-d8ca382bca0e@group-A6BAE3BFF50D: set configuration 9: peers:[db4da669-e495-4258-8ed5-d8ca382bca0e|rpc:localhost:45499|admin:|client:|dataStream:|priority:0|startupRole:FOLLOWER, 4ed76112-e62d-4ca7-a346-3bf242109c33|rpc:localhost:43819|admin:|client:|dataStream:|priority:0|startupRole:FOLLOWER, c8e5d44d-3ae5-47f4-8fed-77a3ea3a3924|rpc:localhost:46459|admin:|client:|dataStream:|priority:0|startupRole:FOLLOWER]|listeners:[], old=null
2022-11-10 07:08:22,543 [4ed76112-e62d-4ca7-a346-3bf242109c33-server-thread3] INFO  server.RaftServer$Division (ServerState.java:setRaftConf(430)) - 4ed76112-e62d-4ca7-a346-3bf242109c33@group-A6BAE3BFF50D: set configuration 9: peers:[db4da669-e495-4258-8ed5-d8ca382bca0e|rpc:localhost:45499|admin:|client:|dataStream:|priority:0|startupRole:FOLLOWER, 4ed76112-e62d-4ca7-a346-3bf242109c33|rpc:localhost:43819|admin:|client:|dataStream:|priority:0|startupRole:FOLLOWER, c8e5d44d-3ae5-47f4-8fed-77a3ea3a3924|rpc:localhost:46459|admin:|client:|dataStream:|priority:0|startupRole:FOLLOWER]|listeners:[], old=null
2022-11-10 07:08:22,547 [IPC Server handler 99 on default port 46059] INFO  ha.SCMRatisServerImpl (SCMRatisServerImpl.java:addSCM(309)) - Successfully added new SCM: 4ed76112-e62d-4ca7-a346-3bf242109c33.
2022-11-10 07:08:22,554 [Listener at 0.0.0.0/35229] INFO  ha.SCMHAManagerImpl (SCMHAManagerImpl.java:start(117)) - Successfully added SCM scmNode-3 to group group-A6BAE3BFF50D:[db4da669-e495-4258-8ed5-d8ca382bca0e|rpc:localhost:45499|admin:|client:|dataStream:|priority:0|startupRole:FOLLOWER, 4ed76112-e62d-4ca7-a346-3bf242109c33|rpc:localhost:43819|admin:|client:|dataStream:|priority:0|startupRole:FOLLOWER, c8e5d44d-3ae5-47f4-8fed-77a3ea3a3924|rpc:localhost:46459|admin:|client:|dataStream:|priority:0|startupRole:FOLLOWER]
2022-11-10 07:08:22,555 [Listener at 0.0.0.0/35229] INFO  ha.InterSCMGrpcService (InterSCMGrpcProtocolService.java:start(94)) - Starting SCM Grpc Service at port 36957
2022-11-10 07:08:22,556 [Listener at 0.0.0.0/35229] INFO  impl.MetricsSystemImpl (MetricsSystemImpl.java:init(158)) - StorageContainerManager metrics system started (again)
2022-11-10 07:08:22,573 [Listener at 0.0.0.0/35229] INFO  server.SCMClientProtocolServer (SCMClientProtocolServer.java:start(170)) - RPC server for Client  is listening at /0.0.0.0:35229
2022-11-10 07:08:22,574 [IPC Server Responder] INFO  ipc.Server (Server.java:run(1512)) - IPC Server Responder: starting
2022-11-10 07:08:22,575 [Listener at 0.0.0.0/35229] INFO  server.StorageContainerManager (StorageContainerManager.java:start(1464)) - ScmBlockLocationProtocol RPC server is listening at /0.0.0.0:36807
2022-11-10 07:08:22,576 [Listener at 0.0.0.0/35229] INFO  server.SCMBlockProtocolServer (SCMBlockProtocolServer.java:start(152)) - RPC server for Block Protocol is listening at /0.0.0.0:36807
2022-11-10 07:08:22,574 [IPC Server listener on 35229] INFO  ipc.Server (Server.java:run(1352)) - IPC Server listener on 35229: starting
2022-11-10 07:08:22,578 [IPC Server Responder] INFO  ipc.Server (Server.java:run(1512)) - IPC Server Responder: starting
2022-11-10 07:08:22,578 [IPC Server listener on 36807] INFO  ipc.Server (Server.java:run(1352)) - IPC Server listener on 36807: starting
2022-11-10 07:08:22,581 [org.apache.hadoop.util.JvmPauseMonitor$Monitor@30a55f3c] INFO  util.JvmPauseMonitor (JvmPauseMonitor.java:run(188)) - Starting JVM pause monitor
2022-11-10 07:08:22,581 [Listener at 0.0.0.0/35229] INFO  http.BaseHttpServer (BaseHttpServer.java:newHttpServer2BuilderForOzone(213)) - Starting Web-server for scm at: http://0.0.0.0:41637
2022-11-10 07:08:22,581 [Listener at 0.0.0.0/35229] INFO  http.BaseHttpServer (BaseHttpServer.java:<init>(108)) - Hadoop Security Enabled: false Ozone Security Enabled: false Ozone HTTP Security Enabled: false 
2022-11-10 07:08:22,583 [Listener at 0.0.0.0/35229] WARN  server.AuthenticationFilter (AuthenticationFilter.java:constructSecretProvider(240)) - Unable to initialize FileSignerSecretProvider, falling back to use random secrets. Reason: Could not read signature secret file: /home/runner/hadoop-http-auth-signature-secret
2022-11-10 07:08:22,583 [Listener at 0.0.0.0/35229] WARN  http.HttpRequestLog (HttpRequestLog.java:getRequestLog(103)) - Jetty request log can only be enabled using Log4j
2022-11-10 07:08:22,585 [Listener at 0.0.0.0/35229] INFO  http.HttpServer2 (HttpServer2.java:addGlobalFilter(1031)) - Added global filter 'safety' (class=org.apache.hadoop.hdds.server.http.HttpServer2$QuotingInputFilter)
2022-11-10 07:08:22,585 [Listener at 0.0.0.0/35229] INFO  http.HttpServer2 (HttpServer2.java:addFilter(1007)) - Added filter static_user_filter (class=org.apache.hadoop.http.lib.StaticUserWebFilter$StaticUserFilter) to context scm
2022-11-10 07:08:22,585 [Listener at 0.0.0.0/35229] INFO  http.HttpServer2 (HttpServer2.java:addFilter(1015)) - Added filter static_user_filter (class=org.apache.hadoop.http.lib.StaticUserWebFilter$StaticUserFilter) to context logs
2022-11-10 07:08:22,585 [Listener at 0.0.0.0/35229] INFO  http.HttpServer2 (HttpServer2.java:addFilter(1015)) - Added filter static_user_filter (class=org.apache.hadoop.http.lib.StaticUserWebFilter$StaticUserFilter) to context static
2022-11-10 07:08:22,586 [Listener at 0.0.0.0/35229] INFO  http.HttpServer2 (HttpServer2.java:bindListener(1250)) - Jetty bound to port 41637
2022-11-10 07:08:22,586 [Listener at 0.0.0.0/35229] INFO  server.Server (Server.java:doStart(375)) - jetty-9.4.49.v20220914; built: 2022-09-14T01:07:36.601Z; git: 4231a3b2e4cb8548a412a789936d640a97b1aa0a; jvm 1.8.0_345-b01
2022-11-10 07:08:22,590 [Listener at 0.0.0.0/35229] INFO  server.session (DefaultSessionIdManager.java:doStart(334)) - DefaultSessionIdManager workerName=node0
2022-11-10 07:08:22,590 [Listener at 0.0.0.0/35229] INFO  server.session (DefaultSessionIdManager.java:doStart(339)) - No SessionScavenger set, using defaults
2022-11-10 07:08:22,591 [Listener at 0.0.0.0/35229] INFO  server.session (HouseKeeper.java:startScavenging(132)) - node0 Scavenging every 600000ms
2022-11-10 07:08:22,591 [Listener at 0.0.0.0/35229] INFO  handler.ContextHandler (ContextHandler.java:doStart(921)) - Started o.e.j.s.ServletContextHandler@1f6e5c4{logs,/logs,file:///home/runner/work/ozone/ozone/hadoop-ozone/integration-test/target/log,AVAILABLE}
2022-11-10 07:08:22,592 [Listener at 0.0.0.0/35229] INFO  handler.ContextHandler (ContextHandler.java:doStart(921)) - Started o.e.j.s.ServletContextHandler@7b6a7d3d{static,/static,file:///home/runner/work/ozone/ozone/hadoop-ozone/integration-test/target/test-classes/webapps/static,AVAILABLE}
2022-11-10 07:08:22,594 [Listener at 0.0.0.0/35229] INFO  handler.ContextHandler (ContextHandler.java:doStart(921)) - Started o.e.j.w.WebAppContext@2afffa1{scm,/,file:///home/runner/work/ozone/ozone/hadoop-ozone/integration-test/target/test-classes/webapps/scm/,AVAILABLE}{file:/home/runner/work/ozone/ozone/hadoop-ozone/integration-test/target/test-classes/webapps/scm}
2022-11-10 07:08:22,600 [Listener at 0.0.0.0/35229] INFO  server.AbstractConnector (AbstractConnector.java:doStart(333)) - Started ServerConnector@2d2e9b73{HTTP/1.1, (http/1.1)}{0.0.0.0:41637}
2022-11-10 07:08:22,600 [Listener at 0.0.0.0/35229] INFO  server.Server (Server.java:doStart(415)) - Started @20635ms
2022-11-10 07:08:22,600 [Listener at 0.0.0.0/35229] WARN  impl.MetricsSystemImpl (MetricsSystemImpl.java:register(279)) - Sink prometheus already exists!
2022-11-10 07:08:22,601 [Listener at 0.0.0.0/35229] INFO  http.BaseHttpServer (BaseHttpServer.java:updateConnectorAddress(333)) - HTTP server of scm listening at http://0.0.0.0:41637
2022-11-10 07:08:22,601 [Listener at 0.0.0.0/35229] INFO  ozone.MiniOzoneHAClusterImpl (MiniOzoneHAClusterImpl.java:createSCMService(606)) - Started SCM RPC server at /0.0.0.0:35229
2022-11-10 07:08:22,666 [Listener at 0.0.0.0/35229] INFO  audit.AuditLogger (AuditLogger.java:refreshDebugCmdSet(126)) - Refresh DebugCmdSet for OMAudit to [].
2022-11-10 07:08:22,738 [Listener at 0.0.0.0/35229] INFO  ha.OMHANodeDetails (OMHANodeDetails.java:loadOMHAConfig(121)) - ServiceID for OzoneManager is omServiceId1
2022-11-10 07:08:22,754 [Listener at 0.0.0.0/35229] INFO  ha.OMHANodeDetails (OMHANodeDetails.java:loadOMHAConfig(201)) - Found matching OM address with OMServiceId: omServiceId1, OMNodeId: omNode-1, RPC Address: localhost:37289 and Ratis port: 36691
2022-11-10 07:08:22,754 [Listener at 0.0.0.0/35229] INFO  ha.OMHANodeDetails (ConfUtils.java:setNodeSpecificConfigs(97)) - Setting configuration key ozone.om.http-address with value of key ozone.om.http-address.omServiceId1.omNode-1: 127.0.0.1:37739
2022-11-10 07:08:22,754 [Listener at 0.0.0.0/35229] INFO  ha.OMHANodeDetails (ConfUtils.java:setNodeSpecificConfigs(97)) - Setting configuration key ozone.om.https-address with value of key ozone.om.https-address.omServiceId1.omNode-1: 127.0.0.1:33599
2022-11-10 07:08:22,754 [Listener at 0.0.0.0/35229] INFO  ha.OMHANodeDetails (ConfUtils.java:setNodeSpecificConfigs(97)) - Setting configuration key ozone.om.address with value of key ozone.om.address.omServiceId1.omNode-1: 127.0.0.1:37289
2022-11-10 07:08:22,756 [Listener at 0.0.0.0/35229] WARN  server.ServerUtils (ServerUtils.java:getDBPath(225)) - ozone.om.db.dirs is not configured. We recommend adding this setting. Falling back to ozone.metadata.dirs instead.
2022-11-10 07:08:22,762 [Listener at 0.0.0.0/35229] INFO  ha.SCMNodeInfo (SCMNodeInfo.java:getPort(197)) - ConfigKey ozone.scm.client.address is deprecated, For configuring different ports for each SCM use PortConfigKey ozone.scm.client.port appended with serviceId and nodeId
2022-11-10 07:08:22,762 [Listener at 0.0.0.0/35229] INFO  ha.SCMNodeInfo (SCMNodeInfo.java:getPort(197)) - ConfigKey ozone.scm.block.client.address is deprecated, For configuring different ports for each SCM use PortConfigKey ozone.scm.block.client.port appended with serviceId and nodeId
2022-11-10 07:08:22,762 [Listener at 0.0.0.0/35229] INFO  ha.SCMNodeInfo (SCMNodeInfo.java:getPort(197)) - ConfigKey ozone.scm.datanode.address is deprecated, For configuring different ports for each SCM use PortConfigKey ozone.scm.datanode.port appended with serviceId and nodeId
2022-11-10 07:08:22,764 [Listener at 0.0.0.0/35229] INFO  ha.SCMNodeInfo (SCMNodeInfo.java:getPort(197)) - ConfigKey ozone.scm.client.address is deprecated, For configuring different ports for each SCM use PortConfigKey ozone.scm.client.port appended with serviceId and nodeId
2022-11-10 07:08:22,764 [Listener at 0.0.0.0/35229] INFO  ha.SCMNodeInfo (SCMNodeInfo.java:getPort(197)) - ConfigKey ozone.scm.block.client.address is deprecated, For configuring different ports for each SCM use PortConfigKey ozone.scm.block.client.port appended with serviceId and nodeId
2022-11-10 07:08:22,764 [Listener at 0.0.0.0/35229] INFO  ha.SCMNodeInfo (SCMNodeInfo.java:getPort(197)) - ConfigKey ozone.scm.datanode.address is deprecated, For configuring different ports for each SCM use PortConfigKey ozone.scm.datanode.port appended with serviceId and nodeId
2022-11-10 07:08:22,764 [Listener at 0.0.0.0/35229] INFO  ha.SCMNodeInfo (SCMNodeInfo.java:getPort(197)) - ConfigKey ozone.scm.client.address is deprecated, For configuring different ports for each SCM use PortConfigKey ozone.scm.client.port appended with serviceId and nodeId
2022-11-10 07:08:22,764 [Listener at 0.0.0.0/35229] INFO  ha.SCMNodeInfo (SCMNodeInfo.java:getPort(197)) - ConfigKey ozone.scm.block.client.address is deprecated, For configuring different ports for each SCM use PortConfigKey ozone.scm.block.client.port appended with serviceId and nodeId
2022-11-10 07:08:22,764 [Listener at 0.0.0.0/35229] INFO  ha.SCMNodeInfo (SCMNodeInfo.java:getPort(197)) - ConfigKey ozone.scm.datanode.address is deprecated, For configuring different ports for each SCM use PortConfigKey ozone.scm.datanode.port appended with serviceId and nodeId
2022-11-10 07:08:22,764 [Listener at 0.0.0.0/35229] INFO  proxy.SCMBlockLocationFailoverProxyProvider (SCMBlockLocationFailoverProxyProvider.java:<init>(114)) - Created block location fail-over proxy with 3 nodes: [nodeId=scmNode-2,nodeAddress=/127.0.0.1:33183, nodeId=scmNode-3,nodeAddress=/127.0.0.1:36807, nodeId=scmNode-1,nodeAddress=/127.0.0.1:46059]
OM initialization succeeded.Current cluster id for sd=/home/runner/work/ozone/ozone/hadoop-ozone/integration-test/target/test-dir/MiniOzoneClusterImpl-a89f51d4-237d-44f8-8386-a6bae3bff50d/omNode-1/om;cid=a89f51d4-237d-44f8-8386-a6bae3bff50d;layoutVersion=3
2022-11-10 07:08:22,789 [Listener at 0.0.0.0/35229] INFO  ha.OMHANodeDetails (OMHANodeDetails.java:loadOMHAConfig(121)) - ServiceID for OzoneManager is omServiceId1
2022-11-10 07:08:22,790 [Listener at 0.0.0.0/35229] INFO  ha.OMHANodeDetails (OMHANodeDetails.java:loadOMHAConfig(201)) - Found matching OM address with OMServiceId: omServiceId1, OMNodeId: omNode-1, RPC Address: localhost:37289 and Ratis port: 36691
2022-11-10 07:08:22,790 [Listener at 0.0.0.0/35229] INFO  ha.OMHANodeDetails (ConfUtils.java:setNodeSpecificConfigs(97)) - Setting configuration key ozone.om.http-address with value of key ozone.om.http-address.omServiceId1.omNode-1: 127.0.0.1:37739
2022-11-10 07:08:22,790 [Listener at 0.0.0.0/35229] INFO  ha.OMHANodeDetails (ConfUtils.java:setNodeSpecificConfigs(97)) - Setting configuration key ozone.om.https-address with value of key ozone.om.https-address.omServiceId1.omNode-1: 127.0.0.1:33599
2022-11-10 07:08:22,790 [Listener at 0.0.0.0/35229] INFO  ha.OMHANodeDetails (ConfUtils.java:setNodeSpecificConfigs(97)) - Setting configuration key ozone.om.address with value of key ozone.om.address.omServiceId1.omNode-1: 127.0.0.1:37289
2022-11-10 07:08:22,790 [Listener at 0.0.0.0/35229] WARN  server.ServerUtils (ServerUtils.java:getDBPath(225)) - ozone.om.db.dirs is not configured. We recommend adding this setting. Falling back to ozone.metadata.dirs instead.
2022-11-10 07:08:22,794 [Listener at 0.0.0.0/35229] INFO  upgrade.AbstractLayoutVersionManager (AbstractLayoutVersionManager.java:init(83)) - Initializing Layout version manager with metadata layout = MULTITENANCY_SCHEMA (version = 3), software layout = MULTITENANCY_SCHEMA (version = 3)
2022-11-10 07:08:22,921 [Listener at 0.0.0.0/35229] INFO  reflections.Reflections (Reflections.java:scan(232)) - Reflections took 123 ms to scan 2 urls, producing 154 keys and 428 values [using 2 cores]
2022-11-10 07:08:22,930 [Listener at 0.0.0.0/35229] INFO  upgrade.OMLayoutVersionManager (OMLayoutVersionManager.java:lambda$0(115)) - Skipping Upgrade Action MockOmUpgradeAction since it has been finalized.
2022-11-10 07:08:22,931 [Listener at 0.0.0.0/35229] WARN  server.ServerUtils (ServerUtils.java:getDBPath(225)) - ozone.om.db.dirs is not configured. We recommend adding this setting. Falling back to ozone.metadata.dirs instead.
2022-11-10 07:08:22,945 [Listener at 0.0.0.0/35229] INFO  ha.SCMNodeInfo (SCMNodeInfo.java:getPort(197)) - ConfigKey ozone.scm.client.address is deprecated, For configuring different ports for each SCM use PortConfigKey ozone.scm.client.port appended with serviceId and nodeId
2022-11-10 07:08:22,945 [Listener at 0.0.0.0/35229] INFO  ha.SCMNodeInfo (SCMNodeInfo.java:getPort(197)) - ConfigKey ozone.scm.block.client.address is deprecated, For configuring different ports for each SCM use PortConfigKey ozone.scm.block.client.port appended with serviceId and nodeId
2022-11-10 07:08:22,945 [Listener at 0.0.0.0/35229] INFO  ha.SCMNodeInfo (SCMNodeInfo.java:getPort(197)) - ConfigKey ozone.scm.datanode.address is deprecated, For configuring different ports for each SCM use PortConfigKey ozone.scm.datanode.port appended with serviceId and nodeId
2022-11-10 07:08:22,945 [Listener at 0.0.0.0/35229] INFO  ha.SCMNodeInfo (SCMNodeInfo.java:getPort(197)) - ConfigKey ozone.scm.client.address is deprecated, For configuring different ports for each SCM use PortConfigKey ozone.scm.client.port appended with serviceId and nodeId
2022-11-10 07:08:22,945 [Listener at 0.0.0.0/35229] INFO  ha.SCMNodeInfo (SCMNodeInfo.java:getPort(197)) - ConfigKey ozone.scm.block.client.address is deprecated, For configuring different ports for each SCM use PortConfigKey ozone.scm.block.client.port appended with serviceId and nodeId
2022-11-10 07:08:22,945 [Listener at 0.0.0.0/35229] INFO  ha.SCMNodeInfo (SCMNodeInfo.java:getPort(197)) - ConfigKey ozone.scm.datanode.address is deprecated, For configuring different ports for each SCM use PortConfigKey ozone.scm.datanode.port appended with serviceId and nodeId
2022-11-10 07:08:22,945 [Listener at 0.0.0.0/35229] INFO  ha.SCMNodeInfo (SCMNodeInfo.java:getPort(197)) - ConfigKey ozone.scm.client.address is deprecated, For configuring different ports for each SCM use PortConfigKey ozone.scm.client.port appended with serviceId and nodeId
2022-11-10 07:08:22,946 [Listener at 0.0.0.0/35229] INFO  ha.SCMNodeInfo (SCMNodeInfo.java:getPort(197)) - ConfigKey ozone.scm.block.client.address is deprecated, For configuring different ports for each SCM use PortConfigKey ozone.scm.block.client.port appended with serviceId and nodeId
2022-11-10 07:08:22,946 [Listener at 0.0.0.0/35229] INFO  ha.SCMNodeInfo (SCMNodeInfo.java:getPort(197)) - ConfigKey ozone.scm.datanode.address is deprecated, For configuring different ports for each SCM use PortConfigKey ozone.scm.datanode.port appended with serviceId and nodeId
2022-11-10 07:08:23,068 [Listener at 0.0.0.0/35229] INFO  ha.SCMNodeInfo (SCMNodeInfo.java:getPort(197)) - ConfigKey ozone.scm.client.address is deprecated, For configuring different ports for each SCM use PortConfigKey ozone.scm.client.port appended with serviceId and nodeId
2022-11-10 07:08:23,068 [Listener at 0.0.0.0/35229] INFO  ha.SCMNodeInfo (SCMNodeInfo.java:getPort(197)) - ConfigKey ozone.scm.block.client.address is deprecated, For configuring different ports for each SCM use PortConfigKey ozone.scm.block.client.port appended with serviceId and nodeId
2022-11-10 07:08:23,068 [Listener at 0.0.0.0/35229] INFO  ha.SCMNodeInfo (SCMNodeInfo.java:getPort(197)) - ConfigKey ozone.scm.datanode.address is deprecated, For configuring different ports for each SCM use PortConfigKey ozone.scm.datanode.port appended with serviceId and nodeId
2022-11-10 07:08:23,068 [Listener at 0.0.0.0/35229] INFO  ha.SCMNodeInfo (SCMNodeInfo.java:getPort(197)) - ConfigKey ozone.scm.client.address is deprecated, For configuring different ports for each SCM use PortConfigKey ozone.scm.client.port appended with serviceId and nodeId
2022-11-10 07:08:23,068 [Listener at 0.0.0.0/35229] INFO  ha.SCMNodeInfo (SCMNodeInfo.java:getPort(197)) - ConfigKey ozone.scm.block.client.address is deprecated, For configuring different ports for each SCM use PortConfigKey ozone.scm.block.client.port appended with serviceId and nodeId
2022-11-10 07:08:23,068 [Listener at 0.0.0.0/35229] INFO  ha.SCMNodeInfo (SCMNodeInfo.java:getPort(197)) - ConfigKey ozone.scm.datanode.address is deprecated, For configuring different ports for each SCM use PortConfigKey ozone.scm.datanode.port appended with serviceId and nodeId
2022-11-10 07:08:23,069 [Listener at 0.0.0.0/35229] INFO  ha.SCMNodeInfo (SCMNodeInfo.java:getPort(197)) - ConfigKey ozone.scm.client.address is deprecated, For configuring different ports for each SCM use PortConfigKey ozone.scm.client.port appended with serviceId and nodeId
2022-11-10 07:08:23,069 [Listener at 0.0.0.0/35229] INFO  ha.SCMNodeInfo (SCMNodeInfo.java:getPort(197)) - ConfigKey ozone.scm.block.client.address is deprecated, For configuring different ports for each SCM use PortConfigKey ozone.scm.block.client.port appended with serviceId and nodeId
2022-11-10 07:08:23,069 [Listener at 0.0.0.0/35229] INFO  ha.SCMNodeInfo (SCMNodeInfo.java:getPort(197)) - ConfigKey ozone.scm.datanode.address is deprecated, For configuring different ports for each SCM use PortConfigKey ozone.scm.datanode.port appended with serviceId and nodeId
2022-11-10 07:08:23,070 [Listener at 0.0.0.0/35229] INFO  proxy.SCMBlockLocationFailoverProxyProvider (SCMBlockLocationFailoverProxyProvider.java:<init>(114)) - Created block location fail-over proxy with 3 nodes: [nodeId=scmNode-2,nodeAddress=/127.0.0.1:33183, nodeId=scmNode-3,nodeAddress=/127.0.0.1:36807, nodeId=scmNode-1,nodeAddress=/127.0.0.1:46059]
2022-11-10 07:08:23,079 [Listener at 0.0.0.0/35229] INFO  ha.SCMNodeInfo (SCMNodeInfo.java:getPort(197)) - ConfigKey ozone.scm.client.address is deprecated, For configuring different ports for each SCM use PortConfigKey ozone.scm.client.port appended with serviceId and nodeId
2022-11-10 07:08:23,079 [Listener at 0.0.0.0/35229] INFO  ha.SCMNodeInfo (SCMNodeInfo.java:getPort(197)) - ConfigKey ozone.scm.block.client.address is deprecated, For configuring different ports for each SCM use PortConfigKey ozone.scm.block.client.port appended with serviceId and nodeId
2022-11-10 07:08:23,079 [Listener at 0.0.0.0/35229] INFO  ha.SCMNodeInfo (SCMNodeInfo.java:getPort(197)) - ConfigKey ozone.scm.datanode.address is deprecated, For configuring different ports for each SCM use PortConfigKey ozone.scm.datanode.port appended with serviceId and nodeId
2022-11-10 07:08:23,079 [Listener at 0.0.0.0/35229] INFO  ha.SCMNodeInfo (SCMNodeInfo.java:getPort(197)) - ConfigKey ozone.scm.client.address is deprecated, For configuring different ports for each SCM use PortConfigKey ozone.scm.client.port appended with serviceId and nodeId
2022-11-10 07:08:23,079 [Listener at 0.0.0.0/35229] INFO  ha.SCMNodeInfo (SCMNodeInfo.java:getPort(197)) - ConfigKey ozone.scm.block.client.address is deprecated, For configuring different ports for each SCM use PortConfigKey ozone.scm.block.client.port appended with serviceId and nodeId
2022-11-10 07:08:23,079 [Listener at 0.0.0.0/35229] INFO  ha.SCMNodeInfo (SCMNodeInfo.java:getPort(197)) - ConfigKey ozone.scm.datanode.address is deprecated, For configuring different ports for each SCM use PortConfigKey ozone.scm.datanode.port appended with serviceId and nodeId
2022-11-10 07:08:23,079 [Listener at 0.0.0.0/35229] INFO  ha.SCMNodeInfo (SCMNodeInfo.java:getPort(197)) - ConfigKey ozone.scm.client.address is deprecated, For configuring different ports for each SCM use PortConfigKey ozone.scm.client.port appended with serviceId and nodeId
2022-11-10 07:08:23,079 [Listener at 0.0.0.0/35229] INFO  ha.SCMNodeInfo (SCMNodeInfo.java:getPort(197)) - ConfigKey ozone.scm.block.client.address is deprecated, For configuring different ports for each SCM use PortConfigKey ozone.scm.block.client.port appended with serviceId and nodeId
2022-11-10 07:08:23,079 [Listener at 0.0.0.0/35229] INFO  ha.SCMNodeInfo (SCMNodeInfo.java:getPort(197)) - ConfigKey ozone.scm.datanode.address is deprecated, For configuring different ports for each SCM use PortConfigKey ozone.scm.datanode.port appended with serviceId and nodeId
2022-11-10 07:08:23,081 [Listener at 0.0.0.0/35229] INFO  proxy.SCMBlockLocationFailoverProxyProvider (SCMBlockLocationFailoverProxyProvider.java:<init>(114)) - Created block location fail-over proxy with 3 nodes: [nodeId=scmNode-2,nodeAddress=/127.0.0.1:33183, nodeId=scmNode-3,nodeAddress=/127.0.0.1:36807, nodeId=scmNode-1,nodeAddress=/127.0.0.1:46059]
2022-11-10 07:08:23,108 [Listener at 0.0.0.0/35229] WARN  server.ServerUtils (ServerUtils.java:getDBPath(225)) - ozone.om.db.dirs is not configured. We recommend adding this setting. Falling back to ozone.metadata.dirs instead.
2022-11-10 07:08:23,114 [Listener at 0.0.0.0/35229] INFO  codec.OmKeyInfoCodec (OmKeyInfoCodec.java:<init>(49)) - OmKeyInfoCodec ignorePipeline = true
2022-11-10 07:08:23,115 [Listener at 0.0.0.0/35229] INFO  codec.RepeatedOmKeyInfoCodec (RepeatedOmKeyInfoCodec.java:<init>(41)) - RepeatedOmKeyInfoCodec ignorePipeline = true
2022-11-10 07:08:23,283 [Listener at 0.0.0.0/35229] INFO  om.OzoneManager (OzoneManager.java:instantiateServices(715)) - S3 Multi-Tenancy is disabled
2022-11-10 07:08:23,355 [Listener at 0.0.0.0/35229] INFO  om.OzoneManager (OzoneManager.java:addS3GVolumeToDB(4394)) - Created Volume s3v With Owner runner required for S3Gateway operations.
2022-11-10 07:08:23,407 [Listener at 0.0.0.0/35229] WARN  server.ServerUtils (ServerUtils.java:getDefaultRatisDirectory(237)) - Storage directory for Ratis is not configured. It is a good idea to map this to an SSD disk. Falling back to ozone.metadata.dirs
2022-11-10 07:08:23,407 [Listener at 0.0.0.0/35229] WARN  utils.OzoneManagerRatisUtils (OzoneManagerRatisUtils.java:getOMRatisSnapshotDirectory(434)) - ozone.om.ratis.snapshot.dir is not configured. Falling back to ozone.metadata.dirs config
2022-11-10 07:08:23,412 [Listener at 0.0.0.0/35229] INFO  snapshot.OzoneManagerSnapshotProvider (OzoneManagerSnapshotProvider.java:<init>(76)) - Initializing OM Snapshot Provider
2022-11-10 07:08:23,506 [Listener at 0.0.0.0/35229] WARN  impl.MetricRegistriesImpl (MetricRegistriesImpl.java:addReporterRegistration(111)) - New reporters are added after registries were created. Some metrics will be missing from the reporter. Please add reporter before adding any new registry.
2022-11-10 07:08:23,506 [Listener at 0.0.0.0/35229] WARN  impl.MetricRegistriesImpl (MetricRegistriesImpl.java:addReporterRegistration(111)) - New reporters are added after registries were created. Some metrics will be missing from the reporter. Please add reporter before adding any new registry.
2022-11-10 07:08:23,507 [Listener at 0.0.0.0/35229] WARN  server.ServerUtils (ServerUtils.java:getDefaultRatisDirectory(237)) - Storage directory for Ratis is not configured. It is a good idea to map this to an SSD disk. Falling back to ozone.metadata.dirs
2022-11-10 07:08:23,509 [Listener at 0.0.0.0/35229] INFO  ratis.OzoneManagerRatisServer (OzoneManagerRatisServer.java:<init>(160)) - Instantiating OM Ratis server with groupID: omServiceId1 and peers: localhost:36691, localhost:44869, localhost:41743
2022-11-10 07:08:23,512 [Listener at 0.0.0.0/35229] INFO  ratis.OzoneManagerStateMachine (OzoneManagerStateMachine.java:loadSnapshotInfoFromDB(636)) - LastAppliedIndex is set from TransactionInfo from OM DB as (t:0, i:~)
2022-11-10 07:08:23,552 [Listener at 0.0.0.0/35229] INFO  server.RaftServer (ConfUtils.java:logGet(46)) - raft.rpc.type = GRPC (default)
2022-11-10 07:08:23,553 [Listener at 0.0.0.0/35229] INFO  grpc.GrpcConfigKeys (ConfUtils.java:logFallback(53)) - raft.grpc.admin.host = null (fallback to raft.grpc.server.host)
2022-11-10 07:08:23,553 [Listener at 0.0.0.0/35229] INFO  grpc.GrpcConfigKeys (ConfUtils.java:logFallback(53)) - raft.grpc.admin.port = 36691 (fallback to raft.grpc.server.port)
2022-11-10 07:08:23,553 [Listener at 0.0.0.0/35229] INFO  grpc.GrpcConfigKeys (ConfUtils.java:logFallback(53)) - raft.grpc.client.host = null (fallback to raft.grpc.server.host)
2022-11-10 07:08:23,553 [Listener at 0.0.0.0/35229] INFO  grpc.GrpcConfigKeys (ConfUtils.java:logFallback(53)) - raft.grpc.client.port = 36691 (fallback to raft.grpc.server.port)
2022-11-10 07:08:23,553 [Listener at 0.0.0.0/35229] INFO  grpc.GrpcConfigKeys (ConfUtils.java:logGet(46)) - raft.grpc.server.host = null (default)
2022-11-10 07:08:23,553 [Listener at 0.0.0.0/35229] INFO  grpc.GrpcConfigKeys (ConfUtils.java:logGet(46)) - raft.grpc.server.port = 36691 (custom)
2022-11-10 07:08:23,553 [Listener at 0.0.0.0/35229] INFO  server.GrpcService (ConfUtils.java:logGet(46)) - raft.grpc.message.size.max = 33554432 (custom)
2022-11-10 07:08:23,553 [Listener at 0.0.0.0/35229] INFO  server.RaftServerConfigKeys (ConfUtils.java:logGet(46)) - raft.server.log.appender.buffer.byte-limit = 33554432 (custom)
2022-11-10 07:08:23,553 [Listener at 0.0.0.0/35229] INFO  server.GrpcService (ConfUtils.java:logGet(46)) - raft.grpc.flow.control.window = 1MB (=1048576) (default)
2022-11-10 07:08:23,553 [Listener at 0.0.0.0/35229] INFO  server.RaftServerConfigKeys (ConfUtils.java:logGet(46)) - raft.server.rpc.request.timeout = 3000ms (default)
2022-11-10 07:08:23,553 [Listener at 0.0.0.0/35229] INFO  grpc.GrpcConfigKeys (ConfUtils.java:logGet(46)) - raft.grpc.server.heartbeat.channel = true (default)
2022-11-10 07:08:23,554 [Listener at 0.0.0.0/35229] INFO  grpc.GrpcConfigKeys (ConfUtils.java:logGet(46)) - raft.grpc.server.async.request.thread.pool.cached = true (default)
2022-11-10 07:08:23,554 [Listener at 0.0.0.0/35229] INFO  grpc.GrpcConfigKeys (ConfUtils.java:logGet(46)) - raft.grpc.server.async.request.thread.pool.size = 32 (default)
2022-11-10 07:08:23,555 [Listener at 0.0.0.0/35229] INFO  impl.DataStreamServerImpl (ConfUtils.java:logGet(46)) - raft.datastream.type = DISABLED (default)
2022-11-10 07:08:23,555 [Listener at 0.0.0.0/35229] INFO  server.RaftServerConfigKeys (ConfUtils.java:logGet(46)) - raft.server.threadpool.proxy.cached = true (default)
2022-11-10 07:08:23,555 [Listener at 0.0.0.0/35229] INFO  server.RaftServerConfigKeys (ConfUtils.java:logGet(46)) - raft.server.threadpool.proxy.size = 0 (default)
2022-11-10 07:08:23,555 [Listener at 0.0.0.0/35229] INFO  server.RaftServerConfigKeys (ConfUtils.java:logGet(46)) - raft.server.rpc.slowness.timeout = 2s (custom)
2022-11-10 07:08:23,555 [Listener at 0.0.0.0/35229] INFO  server.RaftServerConfigKeys (ConfUtils.java:logGet(46)) - raft.server.leaderelection.leader.step-down.wait-time = 10s (default)
2022-11-10 07:08:23,555 [Listener at 0.0.0.0/35229] INFO  server.RaftServerConfigKeys (ConfUtils.java:logGet(46)) - raft.server.storage.dir = [/home/runner/work/ozone/ozone/hadoop-ozone/integration-test/target/test-dir/MiniOzoneClusterImpl-a89f51d4-237d-44f8-8386-a6bae3bff50d/omNode-1/ratis] (custom)
2022-11-10 07:08:23,574 [Listener at 0.0.0.0/35229] INFO  server.RaftServer (RaftServerProxy.java:addNew(96)) - omNode-1: addNew group-6C22E66A003A:[omNode-3|rpc:localhost:44869|priority:0|startupRole:FOLLOWER, omNode-1|rpc:localhost:36691|priority:0|startupRole:FOLLOWER, omNode-2|rpc:localhost:41743|priority:0|startupRole:FOLLOWER] returns group-6C22E66A003A:java.util.concurrent.CompletableFuture@4f38f612[Not completed]
2022-11-10 07:08:23,574 [Listener at 0.0.0.0/35229] INFO  om.OzoneManager (OzoneManager.java:initializeRatisServer(1977)) - OzoneManager Ratis server initialized at port 36691
2022-11-10 07:08:23,582 [pool-124-thread-1] INFO  server.RaftServer$Division (RaftServerImpl.java:<init>(195)) - omNode-1: new RaftServerImpl for group-6C22E66A003A:[omNode-3|rpc:localhost:44869|priority:0|startupRole:FOLLOWER, omNode-1|rpc:localhost:36691|priority:0|startupRole:FOLLOWER, omNode-2|rpc:localhost:41743|priority:0|startupRole:FOLLOWER] with OzoneManagerStateMachine:uninitialized
2022-11-10 07:08:23,583 [pool-124-thread-1] INFO  server.RaftServerConfigKeys (ConfUtils.java:logGet(46)) - raft.server.rpc.timeout.min = 1s (custom)
2022-11-10 07:08:23,583 [pool-124-thread-1] INFO  server.RaftServerConfigKeys (ConfUtils.java:logGet(46)) - raft.server.rpc.timeout.max = 1200ms (custom)
2022-11-10 07:08:23,583 [pool-124-thread-1] INFO  server.RaftServerConfigKeys (ConfUtils.java:logGet(46)) - raft.server.rpc.sleep.time = 25ms (default)
2022-11-10 07:08:23,583 [pool-124-thread-1] INFO  server.RaftServerConfigKeys (ConfUtils.java:logGet(46)) - raft.server.rpc.slowness.timeout = 2s (custom)
2022-11-10 07:08:23,583 [pool-124-thread-1] INFO  server.RaftServerConfigKeys (ConfUtils.java:logGet(46)) - raft.server.leaderelection.leader.step-down.wait-time = 10s (default)
2022-11-10 07:08:23,583 [pool-124-thread-1] INFO  server.RaftServerConfigKeys (ConfUtils.java:logGet(46)) - raft.server.sleep.deviation.threshold = 300ms (default)
2022-11-10 07:08:23,583 [pool-124-thread-1] INFO  server.RaftServer$Division (ServerState.java:<init>(118)) - omNode-1@group-6C22E66A003A: ConfigurationManager, init=-1: peers:[omNode-3|rpc:localhost:44869|priority:0|startupRole:FOLLOWER, omNode-1|rpc:localhost:36691|priority:0|startupRole:FOLLOWER, omNode-2|rpc:localhost:41743|priority:0|startupRole:FOLLOWER]|listeners:[], old=null, confs=<EMPTY_MAP>
2022-11-10 07:08:23,583 [pool-124-thread-1] INFO  server.RaftServerConfigKeys (ConfUtils.java:logGet(46)) - raft.server.storage.dir = [/home/runner/work/ozone/ozone/hadoop-ozone/integration-test/target/test-dir/MiniOzoneClusterImpl-a89f51d4-237d-44f8-8386-a6bae3bff50d/omNode-1/ratis] (custom)
2022-11-10 07:08:23,583 [pool-124-thread-1] INFO  server.RaftServerConfigKeys (ConfUtils.java:logGet(46)) - raft.server.log.corruption.policy = EXCEPTION (default)
2022-11-10 07:08:23,583 [pool-124-thread-1] INFO  server.RaftServerConfigKeys (ConfUtils.java:logGet(46)) - raft.server.storage.free-space.min = 0MB (=0) (default)
2022-11-10 07:08:23,583 [pool-124-thread-1] INFO  server.RaftServerConfigKeys (ConfUtils.java:logGet(46)) - raft.server.notification.no-leader.timeout = 2s (custom)
2022-11-10 07:08:23,583 [pool-124-thread-1] INFO  server.RaftServerConfigKeys (ConfUtils.java:logGet(46)) - raft.server.retrycache.expirytime = 300s (custom)
2022-11-10 07:08:23,583 [pool-124-thread-1] INFO  server.RaftServerConfigKeys (ConfUtils.java:logGet(46)) - raft.server.retrycache.statistics.expirytime = 100μs (default)
2022-11-10 07:08:23,588 [pool-124-thread-1] INFO  server.RaftServerConfigKeys (ConfUtils.java:logGet(46)) - raft.server.log.appender.install.snapshot.enabled = false (custom)
2022-11-10 07:08:23,588 [pool-124-thread-1] INFO  server.RaftServerConfigKeys (ConfUtils.java:logGet(46)) - raft.server.threadpool.server.cached = true (default)
2022-11-10 07:08:23,588 [pool-124-thread-1] INFO  server.RaftServerConfigKeys (ConfUtils.java:logGet(46)) - raft.server.threadpool.server.size = 0 (default)
2022-11-10 07:08:23,588 [pool-124-thread-1] INFO  server.RaftServerConfigKeys (ConfUtils.java:logGet(46)) - raft.server.threadpool.client.cached = true (default)
2022-11-10 07:08:23,588 [pool-124-thread-1] INFO  server.RaftServerConfigKeys (ConfUtils.java:logGet(46)) - raft.server.threadpool.client.size = 0 (default)
2022-11-10 07:08:23,596 [Listener at 0.0.0.0/35229] INFO  om.OzoneManager (OzoneManager.java:getRpcServer(1104)) - Creating RPC Server
2022-11-10 07:08:24,167 [Listener at 0.0.0.0/35229] INFO  reflections.Reflections (Reflections.java:scan(232)) - Reflections took 530 ms to scan 19 urls, producing 67 keys and 4327 values [using 2 cores]
2022-11-10 07:08:24,325 [Listener at 0.0.0.0/35229] INFO  ipc.CallQueueManager (CallQueueManager.java:<init>(90)) - Using callQueue: class java.util.concurrent.LinkedBlockingQueue, queueCapacity: 2000, scheduler: class org.apache.hadoop.ipc.DefaultRpcScheduler, ipcBackoff: false.
2022-11-10 07:08:24,325 [Socket Reader #1 for port 37289] INFO  ipc.Server (Server.java:run(1273)) - Starting Socket Reader #1 for port 37289
2022-11-10 07:08:24,371 [Listener at 127.0.0.1/37289] INFO  impl.MetricsSystemImpl (MetricsSystemImpl.java:init(158)) - OzoneManager metrics system started (again)
2022-11-10 07:08:24,383 [Listener at 127.0.0.1/37289] INFO  om.OzoneManager (OzoneManager.java:start(1484)) - OzoneManager RPC server is listening at localhost/127.0.0.1:37289
2022-11-10 07:08:24,383 [Listener at 127.0.0.1/37289] INFO  ratis.OzoneManagerRatisServer (OzoneManagerRatisServer.java:start(555)) - Starting OzoneManagerRatisServer omNode-1 at port 36691
2022-11-10 07:08:24,383 [omNode-1-impl-thread1] INFO  storage.RaftStorageDirectory (RaftStorageDirectoryImpl.java:analyzeStorage(137)) - The storage directory /home/runner/work/ozone/ozone/hadoop-ozone/integration-test/target/test-dir/MiniOzoneClusterImpl-a89f51d4-237d-44f8-8386-a6bae3bff50d/omNode-1/ratis/9c9825ce-8ba7-3ee6-a7c3-6c22e66a003a does not exist. Creating ...
2022-11-10 07:08:24,384 [omNode-1-impl-thread1] INFO  storage.RaftStorageDirectory (RaftStorageDirectoryImpl.java:tryLock(231)) - Lock on /home/runner/work/ozone/ozone/hadoop-ozone/integration-test/target/test-dir/MiniOzoneClusterImpl-a89f51d4-237d-44f8-8386-a6bae3bff50d/omNode-1/ratis/9c9825ce-8ba7-3ee6-a7c3-6c22e66a003a/in_use.lock acquired by nodename 3649@fv-az194-925
2022-11-10 07:08:24,385 [omNode-1-impl-thread1] INFO  storage.RaftStorage (RaftStorageImpl.java:format(96)) - Storage directory /home/runner/work/ozone/ozone/hadoop-ozone/integration-test/target/test-dir/MiniOzoneClusterImpl-a89f51d4-237d-44f8-8386-a6bae3bff50d/omNode-1/ratis/9c9825ce-8ba7-3ee6-a7c3-6c22e66a003a has been successfully formatted.
2022-11-10 07:08:24,386 [omNode-1-impl-thread1] INFO  server.RaftServerConfigKeys (ConfUtils.java:logGet(46)) - raft.server.log.use.memory = false (default)
2022-11-10 07:08:24,386 [omNode-1-impl-thread1] INFO  server.RaftServerConfigKeys (ConfUtils.java:logGet(46)) - raft.server.log.purge.gap = 1000000 (custom)
2022-11-10 07:08:24,386 [omNode-1-impl-thread1] INFO  server.RaftServerConfigKeys (ConfUtils.java:logGet(46)) - raft.server.log.appender.buffer.byte-limit = 33554432 (custom)
2022-11-10 07:08:24,386 [omNode-1-impl-thread1] INFO  server.RaftServerConfigKeys (ConfUtils.java:logGet(46)) - raft.server.log.statemachine.data.read.timeout = 1000ms (default)
2022-11-10 07:08:24,386 [omNode-1-impl-thread1] INFO  server.RaftServerConfigKeys (ConfUtils.java:logGet(46)) - raft.server.log.purge.preservation.log.num = 0 (default)
2022-11-10 07:08:24,386 [omNode-1-impl-thread1] INFO  server.RaftServerConfigKeys (ConfUtils.java:logGet(46)) - raft.server.log.segment.size.max = 4194304 (custom)
2022-11-10 07:08:24,387 [omNode-1-impl-thread1] INFO  server.RaftServerConfigKeys (ConfUtils.java:logGet(46)) - raft.server.log.segment.cache.num.max = 2 (custom)
2022-11-10 07:08:24,387 [omNode-1-impl-thread1] INFO  server.RaftServerConfigKeys (ConfUtils.java:logGet(46)) - raft.server.log.segment.cache.size.max = 200MB (=209715200) (default)
2022-11-10 07:08:24,388 [omNode-1-impl-thread1] INFO  segmented.SegmentedRaftLogWorker (SegmentedRaftLogWorker.java:<init>(191)) - new omNode-1@group-6C22E66A003A-SegmentedRaftLogWorker for RaftStorageImpl:Storage Directory /home/runner/work/ozone/ozone/hadoop-ozone/integration-test/target/test-dir/MiniOzoneClusterImpl-a89f51d4-237d-44f8-8386-a6bae3bff50d/omNode-1/ratis/9c9825ce-8ba7-3ee6-a7c3-6c22e66a003a
2022-11-10 07:08:24,388 [omNode-1-impl-thread1] INFO  server.RaftServerConfigKeys (ConfUtils.java:logGet(46)) - raft.server.log.queue.byte-limit = 64MB (=67108864) (default)
2022-11-10 07:08:24,388 [omNode-1-impl-thread1] INFO  server.RaftServerConfigKeys (ConfUtils.java:logGet(46)) - raft.server.log.queue.element-limit = 4096 (default)
2022-11-10 07:08:24,388 [omNode-1-impl-thread1] INFO  server.RaftServerConfigKeys (ConfUtils.java:logGet(46)) - raft.server.log.segment.size.max = 4194304 (custom)
2022-11-10 07:08:24,388 [omNode-1-impl-thread1] INFO  server.RaftServerConfigKeys (ConfUtils.java:logGet(46)) - raft.server.log.preallocated.size = 4194304 (custom)
2022-11-10 07:08:24,388 [omNode-1-impl-thread1] INFO  server.RaftServerConfigKeys (ConfUtils.java:logGet(46)) - raft.server.log.force.sync.num = 128 (default)
2022-11-10 07:08:24,388 [omNode-1-impl-thread1] INFO  server.RaftServerConfigKeys (ConfUtils.java:logGet(46)) - raft.server.log.statemachine.data.sync = true (default)
2022-11-10 07:08:24,388 [omNode-1-impl-thread1] INFO  server.RaftServerConfigKeys (ConfUtils.java:logGet(46)) - raft.server.log.statemachine.data.sync.timeout = 10s (default)
2022-11-10 07:08:24,388 [omNode-1-impl-thread1] INFO  server.RaftServerConfigKeys (ConfUtils.java:logGet(46)) - raft.server.log.statemachine.data.sync.timeout.retry = -1 (default)
2022-11-10 07:08:24,389 [omNode-1-impl-thread1] INFO  server.RaftServerConfigKeys (ConfUtils.java:logGet(46)) - raft.server.log.write.buffer.size = 64KB (=65536) (default)
2022-11-10 07:08:24,389 [omNode-1-impl-thread1] INFO  server.RaftServerConfigKeys (ConfUtils.java:logGet(46)) - raft.server.log.unsafe-flush.enabled = false (default)
2022-11-10 07:08:24,389 [omNode-1-impl-thread1] INFO  server.RaftServerConfigKeys (ConfUtils.java:logGet(46)) - raft.server.log.async-flush.enabled = false (default)
2022-11-10 07:08:24,389 [omNode-1-impl-thread1] INFO  server.RaftServerConfigKeys (ConfUtils.java:logGet(46)) - raft.server.log.statemachine.data.caching.enabled = false (default)
2022-11-10 07:08:24,389 [omNode-1-impl-thread1] INFO  segmented.SegmentedRaftLogWorker (SegmentedRaftLogWorker.java:lambda$new$0(136)) - omNode-1@group-6C22E66A003A-SegmentedRaftLogWorker: flushIndex: setUnconditionally 0 -> -1
2022-11-10 07:08:24,389 [omNode-1-impl-thread1] INFO  segmented.SegmentedRaftLogWorker (SegmentedRaftLogWorker.java:lambda$new$0(136)) - omNode-1@group-6C22E66A003A-SegmentedRaftLogWorker: safeCacheEvictIndex: setUnconditionally 0 -> -1
2022-11-10 07:08:24,389 [omNode-1-impl-thread1] INFO  server.RaftServer$Division (RaftServerImpl.java:start(334)) - omNode-1@group-6C22E66A003A: start as a follower, conf=-1: peers:[omNode-3|rpc:localhost:44869|priority:0|startupRole:FOLLOWER, omNode-1|rpc:localhost:36691|priority:0|startupRole:FOLLOWER, omNode-2|rpc:localhost:41743|priority:0|startupRole:FOLLOWER]|listeners:[], old=null
2022-11-10 07:08:24,389 [omNode-1-impl-thread1] INFO  server.RaftServer$Division (RaftServerImpl.java:setRole(321)) - omNode-1@group-6C22E66A003A: changes role from      null to FOLLOWER at term 0 for startAsFollower
2022-11-10 07:08:24,400 [omNode-1-impl-thread1] INFO  impl.RoleInfo (RoleInfo.java:updateAndGet(139)) - omNode-1: start omNode-1@group-6C22E66A003A-FollowerState
2022-11-10 07:08:24,404 [omNode-1-impl-thread1] INFO  util.JmxRegister (JmxRegister.java:tryRegister(44)) - Successfully registered JMX Bean with object name Ratis:service=RaftServer,group=group-6C22E66A003A,id=omNode-1
2022-11-10 07:08:24,404 [omNode-1-impl-thread1] INFO  server.RaftServerConfigKeys (ConfUtils.java:logGet(46)) - raft.server.snapshot.auto.trigger.enabled = true (custom)
2022-11-10 07:08:24,404 [omNode-1-impl-thread1] INFO  server.RaftServerConfigKeys (ConfUtils.java:logGet(46)) - raft.server.snapshot.auto.trigger.threshold = 400000 (default)
2022-11-10 07:08:24,404 [omNode-1-impl-thread1] INFO  server.RaftServerConfigKeys (ConfUtils.java:logGet(46)) - raft.server.snapshot.retention.file.num = -1 (default)
2022-11-10 07:08:24,404 [omNode-1-impl-thread1] INFO  server.RaftServerConfigKeys (ConfUtils.java:logGet(46)) - raft.server.log.purge.upto.snapshot.index = true (custom)
2022-11-10 07:08:24,404 [omNode-1@group-6C22E66A003A-FollowerState] INFO  server.RaftServerConfigKeys (ConfUtils.java:logFallback(53)) - raft.server.rpc.first-election.timeout.min = 1s (fallback to raft.server.rpc.timeout.min)
2022-11-10 07:08:24,404 [omNode-1@group-6C22E66A003A-FollowerState] INFO  server.RaftServerConfigKeys (ConfUtils.java:logFallback(53)) - raft.server.rpc.first-election.timeout.max = 1200ms (fallback to raft.server.rpc.timeout.max)
2022-11-10 07:08:24,408 [Listener at 127.0.0.1/37289] INFO  server.RaftServer (RaftServerProxy.java:startImpl(393)) - omNode-1: start RPC server
2022-11-10 07:08:24,410 [Listener at 127.0.0.1/37289] INFO  server.GrpcService (GrpcService.java:startImpl(270)) - omNode-1: GrpcService started, listening on 36691
2022-11-10 07:08:24,420 [JvmPauseMonitor4] INFO  util.JvmPauseMonitor (JvmPauseMonitor.java:run(105)) - JvmPauseMonitor-omNode-1: Started
2022-11-10 07:08:24,420 [Listener at 127.0.0.1/37289] INFO  om.OzoneManager (OzoneManager.java:start(1500)) - Version File has different layout version (3) than OM DB (null). That is expected if this OM has never been finalized to a newer layout version.
2022-11-10 07:08:24,432 [Listener at 127.0.0.1/37289] INFO  http.BaseHttpServer (BaseHttpServer.java:newHttpServer2BuilderForOzone(213)) - Starting Web-server for ozoneManager at: http://0.0.0.0:37739
2022-11-10 07:08:24,432 [Listener at 127.0.0.1/37289] INFO  http.BaseHttpServer (BaseHttpServer.java:<init>(108)) - Hadoop Security Enabled: false Ozone Security Enabled: false Ozone HTTP Security Enabled: false 
2022-11-10 07:08:24,436 [Listener at 127.0.0.1/37289] WARN  server.AuthenticationFilter (AuthenticationFilter.java:constructSecretProvider(240)) - Unable to initialize FileSignerSecretProvider, falling back to use random secrets. Reason: Could not read signature secret file: /home/runner/hadoop-http-auth-signature-secret
2022-11-10 07:08:24,440 [Listener at 127.0.0.1/37289] WARN  http.HttpRequestLog (HttpRequestLog.java:getRequestLog(103)) - Jetty request log can only be enabled using Log4j
2022-11-10 07:08:24,441 [Listener at 127.0.0.1/37289] INFO  http.HttpServer2 (HttpServer2.java:addGlobalFilter(1031)) - Added global filter 'safety' (class=org.apache.hadoop.hdds.server.http.HttpServer2$QuotingInputFilter)
2022-11-10 07:08:24,442 [Listener at 127.0.0.1/37289] INFO  http.HttpServer2 (HttpServer2.java:addFilter(1007)) - Added filter static_user_filter (class=org.apache.hadoop.http.lib.StaticUserWebFilter$StaticUserFilter) to context ozoneManager
2022-11-10 07:08:24,442 [Listener at 127.0.0.1/37289] INFO  http.HttpServer2 (HttpServer2.java:addFilter(1015)) - Added filter static_user_filter (class=org.apache.hadoop.http.lib.StaticUserWebFilter$StaticUserFilter) to context static
2022-11-10 07:08:24,442 [Listener at 127.0.0.1/37289] INFO  http.HttpServer2 (HttpServer2.java:addFilter(1015)) - Added filter static_user_filter (class=org.apache.hadoop.http.lib.StaticUserWebFilter$StaticUserFilter) to context logs
2022-11-10 07:08:24,444 [Listener at 127.0.0.1/37289] INFO  http.HttpServer2 (HttpServer2.java:bindListener(1250)) - Jetty bound to port 37739
2022-11-10 07:08:24,445 [Listener at 127.0.0.1/37289] INFO  server.Server (Server.java:doStart(375)) - jetty-9.4.49.v20220914; built: 2022-09-14T01:07:36.601Z; git: 4231a3b2e4cb8548a412a789936d640a97b1aa0a; jvm 1.8.0_345-b01
2022-11-10 07:08:24,472 [Listener at 127.0.0.1/37289] INFO  server.session (DefaultSessionIdManager.java:doStart(334)) - DefaultSessionIdManager workerName=node0
2022-11-10 07:08:24,472 [Listener at 127.0.0.1/37289] INFO  server.session (DefaultSessionIdManager.java:doStart(339)) - No SessionScavenger set, using defaults
2022-11-10 07:08:24,472 [Listener at 127.0.0.1/37289] INFO  server.session (HouseKeeper.java:startScavenging(132)) - node0 Scavenging every 660000ms
2022-11-10 07:08:24,480 [Listener at 127.0.0.1/37289] INFO  handler.ContextHandler (ContextHandler.java:doStart(921)) - Started o.e.j.s.ServletContextHandler@6152fab9{logs,/logs,file:///home/runner/work/ozone/ozone/hadoop-ozone/integration-test/target/log,AVAILABLE}
2022-11-10 07:08:24,480 [Listener at 127.0.0.1/37289] INFO  handler.ContextHandler (ContextHandler.java:doStart(921)) - Started o.e.j.s.ServletContextHandler@22489ebd{static,/static,file:///home/runner/work/ozone/ozone/hadoop-ozone/integration-test/target/test-classes/webapps/static,AVAILABLE}
2022-11-10 07:08:24,485 [Listener at 127.0.0.1/37289] INFO  handler.ContextHandler (ContextHandler.java:doStart(921)) - Started o.e.j.w.WebAppContext@611ca18f{ozoneManager,/,file:///home/runner/work/ozone/ozone/hadoop-ozone/integration-test/target/test-classes/webapps/ozoneManager/,AVAILABLE}{file:/home/runner/work/ozone/ozone/hadoop-ozone/integration-test/target/test-classes/webapps/ozoneManager}
2022-11-10 07:08:24,487 [Listener at 127.0.0.1/37289] INFO  server.AbstractConnector (AbstractConnector.java:doStart(333)) - Started ServerConnector@751b8931{HTTP/1.1, (http/1.1)}{0.0.0.0:37739}
2022-11-10 07:08:24,487 [Listener at 127.0.0.1/37289] INFO  server.Server (Server.java:doStart(415)) - Started @22522ms
2022-11-10 07:08:24,487 [Listener at 127.0.0.1/37289] WARN  impl.MetricsSystemImpl (MetricsSystemImpl.java:register(279)) - Sink prometheus already exists!
2022-11-10 07:08:24,488 [Listener at 127.0.0.1/37289] INFO  http.BaseHttpServer (BaseHttpServer.java:updateConnectorAddress(333)) - HTTP server of ozoneManager listening at http://0.0.0.0:37739
2022-11-10 07:08:24,492 [IPC Server Responder] INFO  ipc.Server (Server.java:run(1512)) - IPC Server Responder: starting
2022-11-10 07:08:24,505 [IPC Server listener on 37289] INFO  ipc.Server (Server.java:run(1352)) - IPC Server listener on 37289: starting
2022-11-10 07:08:24,588 [Listener at 127.0.0.1/37289] INFO  om.OzoneManager (OzoneManager.java:startTrashEmptier(1921)) - Trash Interval set to 0. Files deleted won't move to trash
2022-11-10 07:08:24,596 [Listener at 127.0.0.1/37289] INFO  ozone.MiniOzoneHAClusterImpl (MiniOzoneHAClusterImpl.java:createOMService(527)) - Started OzoneManager omNode-1 RPC server at localhost/127.0.0.1:37289
2022-11-10 07:08:24,596 [Listener at 127.0.0.1/37289] INFO  ha.OMHANodeDetails (OMHANodeDetails.java:loadOMHAConfig(121)) - ServiceID for OzoneManager is omServiceId1
2022-11-10 07:08:24,597 [Listener at 127.0.0.1/37289] INFO  ha.OMHANodeDetails (OMHANodeDetails.java:loadOMHAConfig(201)) - Found matching OM address with OMServiceId: omServiceId1, OMNodeId: omNode-2, RPC Address: localhost:42965 and Ratis port: 41743
2022-11-10 07:08:24,597 [Listener at 127.0.0.1/37289] INFO  ha.OMHANodeDetails (ConfUtils.java:setNodeSpecificConfigs(97)) - Setting configuration key ozone.om.http-address with value of key ozone.om.http-address.omServiceId1.omNode-2: 127.0.0.1:41977
2022-11-10 07:08:24,597 [Listener at 127.0.0.1/37289] INFO  ha.OMHANodeDetails (ConfUtils.java:setNodeSpecificConfigs(97)) - Setting configuration key ozone.om.https-address with value of key ozone.om.https-address.omServiceId1.omNode-2: 127.0.0.1:41923
2022-11-10 07:08:24,597 [Listener at 127.0.0.1/37289] INFO  ha.OMHANodeDetails (ConfUtils.java:setNodeSpecificConfigs(97)) - Setting configuration key ozone.om.address with value of key ozone.om.address.omServiceId1.omNode-2: 127.0.0.1:42965
2022-11-10 07:08:24,597 [Listener at 127.0.0.1/37289] WARN  server.ServerUtils (ServerUtils.java:getDBPath(225)) - ozone.om.db.dirs is not configured. We recommend adding this setting. Falling back to ozone.metadata.dirs instead.
2022-11-10 07:08:24,598 [Listener at 127.0.0.1/37289] INFO  ha.SCMNodeInfo (SCMNodeInfo.java:getPort(197)) - ConfigKey ozone.scm.client.address is deprecated, For configuring different ports for each SCM use PortConfigKey ozone.scm.client.port appended with serviceId and nodeId
2022-11-10 07:08:24,598 [Listener at 127.0.0.1/37289] INFO  ha.SCMNodeInfo (SCMNodeInfo.java:getPort(197)) - ConfigKey ozone.scm.block.client.address is deprecated, For configuring different ports for each SCM use PortConfigKey ozone.scm.block.client.port appended with serviceId and nodeId
2022-11-10 07:08:24,598 [Listener at 127.0.0.1/37289] INFO  ha.SCMNodeInfo (SCMNodeInfo.java:getPort(197)) - ConfigKey ozone.scm.datanode.address is deprecated, For configuring different ports for each SCM use PortConfigKey ozone.scm.datanode.port appended with serviceId and nodeId
2022-11-10 07:08:24,598 [Listener at 127.0.0.1/37289] INFO  ha.SCMNodeInfo (SCMNodeInfo.java:getPort(197)) - ConfigKey ozone.scm.client.address is deprecated, For configuring different ports for each SCM use PortConfigKey ozone.scm.client.port appended with serviceId and nodeId
2022-11-10 07:08:24,598 [Listener at 127.0.0.1/37289] INFO  ha.SCMNodeInfo (SCMNodeInfo.java:getPort(197)) - ConfigKey ozone.scm.block.client.address is deprecated, For configuring different ports for each SCM use PortConfigKey ozone.scm.block.client.port appended with serviceId and nodeId
2022-11-10 07:08:24,598 [Listener at 127.0.0.1/37289] INFO  ha.SCMNodeInfo (SCMNodeInfo.java:getPort(197)) - ConfigKey ozone.scm.datanode.address is deprecated, For configuring different ports for each SCM use PortConfigKey ozone.scm.datanode.port appended with serviceId and nodeId
2022-11-10 07:08:24,598 [Listener at 127.0.0.1/37289] INFO  ha.SCMNodeInfo (SCMNodeInfo.java:getPort(197)) - ConfigKey ozone.scm.client.address is deprecated, For configuring different ports for each SCM use PortConfigKey ozone.scm.client.port appended with serviceId and nodeId
2022-11-10 07:08:24,598 [Listener at 127.0.0.1/37289] INFO  ha.SCMNodeInfo (SCMNodeInfo.java:getPort(197)) - ConfigKey ozone.scm.block.client.address is deprecated, For configuring different ports for each SCM use PortConfigKey ozone.scm.block.client.port appended with serviceId and nodeId
2022-11-10 07:08:24,598 [Listener at 127.0.0.1/37289] INFO  ha.SCMNodeInfo (SCMNodeInfo.java:getPort(197)) - ConfigKey ozone.scm.datanode.address is deprecated, For configuring different ports for each SCM use PortConfigKey ozone.scm.datanode.port appended with serviceId and nodeId
2022-11-10 07:08:24,598 [Listener at 127.0.0.1/37289] INFO  proxy.SCMBlockLocationFailoverProxyProvider (SCMBlockLocationFailoverProxyProvider.java:<init>(114)) - Created block location fail-over proxy with 3 nodes: [nodeId=scmNode-2,nodeAddress=/127.0.0.1:33183, nodeId=scmNode-3,nodeAddress=/127.0.0.1:36807, nodeId=scmNode-1,nodeAddress=/127.0.0.1:46059]
2022-11-10 07:08:24,601 [org.apache.hadoop.util.JvmPauseMonitor$Monitor@27bf12c9] INFO  util.JvmPauseMonitor (JvmPauseMonitor.java:run(188)) - Starting JVM pause monitor
OM initialization succeeded.Current cluster id for sd=/home/runner/work/ozone/ozone/hadoop-ozone/integration-test/target/test-dir/MiniOzoneClusterImpl-a89f51d4-237d-44f8-8386-a6bae3bff50d/omNode-2/om;cid=a89f51d4-237d-44f8-8386-a6bae3bff50d;layoutVersion=3
2022-11-10 07:08:24,619 [Listener at 127.0.0.1/37289] INFO  ha.OMHANodeDetails (OMHANodeDetails.java:loadOMHAConfig(121)) - ServiceID for OzoneManager is omServiceId1
2022-11-10 07:08:24,619 [Listener at 127.0.0.1/37289] INFO  ha.OMHANodeDetails (OMHANodeDetails.java:loadOMHAConfig(201)) - Found matching OM address with OMServiceId: omServiceId1, OMNodeId: omNode-2, RPC Address: localhost:42965 and Ratis port: 41743
2022-11-10 07:08:24,619 [Listener at 127.0.0.1/37289] INFO  ha.OMHANodeDetails (ConfUtils.java:setNodeSpecificConfigs(97)) - Setting configuration key ozone.om.http-address with value of key ozone.om.http-address.omServiceId1.omNode-2: 127.0.0.1:41977
2022-11-10 07:08:24,619 [Listener at 127.0.0.1/37289] INFO  ha.OMHANodeDetails (ConfUtils.java:setNodeSpecificConfigs(97)) - Setting configuration key ozone.om.https-address with value of key ozone.om.https-address.omServiceId1.omNode-2: 127.0.0.1:41923
2022-11-10 07:08:24,619 [Listener at 127.0.0.1/37289] INFO  ha.OMHANodeDetails (ConfUtils.java:setNodeSpecificConfigs(97)) - Setting configuration key ozone.om.address with value of key ozone.om.address.omServiceId1.omNode-2: 127.0.0.1:42965
2022-11-10 07:08:24,619 [Listener at 127.0.0.1/37289] WARN  server.ServerUtils (ServerUtils.java:getDBPath(225)) - ozone.om.db.dirs is not configured. We recommend adding this setting. Falling back to ozone.metadata.dirs instead.
2022-11-10 07:08:24,619 [Listener at 127.0.0.1/37289] INFO  upgrade.AbstractLayoutVersionManager (AbstractLayoutVersionManager.java:init(83)) - Initializing Layout version manager with metadata layout = MULTITENANCY_SCHEMA (version = 3), software layout = MULTITENANCY_SCHEMA (version = 3)
2022-11-10 07:08:24,702 [Listener at 127.0.0.1/37289] INFO  reflections.Reflections (Reflections.java:scan(232)) - Reflections took 81 ms to scan 2 urls, producing 154 keys and 428 values [using 2 cores]
2022-11-10 07:08:24,703 [Listener at 127.0.0.1/37289] INFO  upgrade.OMLayoutVersionManager (OMLayoutVersionManager.java:lambda$0(115)) - Skipping Upgrade Action MockOmUpgradeAction since it has been finalized.
2022-11-10 07:08:24,703 [Listener at 127.0.0.1/37289] WARN  server.ServerUtils (ServerUtils.java:getDBPath(225)) - ozone.om.db.dirs is not configured. We recommend adding this setting. Falling back to ozone.metadata.dirs instead.
2022-11-10 07:08:24,703 [Listener at 127.0.0.1/37289] INFO  ha.SCMNodeInfo (SCMNodeInfo.java:getPort(197)) - ConfigKey ozone.scm.client.address is deprecated, For configuring different ports for each SCM use PortConfigKey ozone.scm.client.port appended with serviceId and nodeId
2022-11-10 07:08:24,703 [Listener at 127.0.0.1/37289] INFO  ha.SCMNodeInfo (SCMNodeInfo.java:getPort(197)) - ConfigKey ozone.scm.block.client.address is deprecated, For configuring different ports for each SCM use PortConfigKey ozone.scm.block.client.port appended with serviceId and nodeId
2022-11-10 07:08:24,703 [Listener at 127.0.0.1/37289] INFO  ha.SCMNodeInfo (SCMNodeInfo.java:getPort(197)) - ConfigKey ozone.scm.datanode.address is deprecated, For configuring different ports for each SCM use PortConfigKey ozone.scm.datanode.port appended with serviceId and nodeId
2022-11-10 07:08:24,703 [Listener at 127.0.0.1/37289] INFO  ha.SCMNodeInfo (SCMNodeInfo.java:getPort(197)) - ConfigKey ozone.scm.client.address is deprecated, For configuring different ports for each SCM use PortConfigKey ozone.scm.client.port appended with serviceId and nodeId
2022-11-10 07:08:24,703 [Listener at 127.0.0.1/37289] INFO  ha.SCMNodeInfo (SCMNodeInfo.java:getPort(197)) - ConfigKey ozone.scm.block.client.address is deprecated, For configuring different ports for each SCM use PortConfigKey ozone.scm.block.client.port appended with serviceId and nodeId
2022-11-10 07:08:24,703 [Listener at 127.0.0.1/37289] INFO  ha.SCMNodeInfo (SCMNodeInfo.java:getPort(197)) - ConfigKey ozone.scm.datanode.address is deprecated, For configuring different ports for each SCM use PortConfigKey ozone.scm.datanode.port appended with serviceId and nodeId
2022-11-10 07:08:24,703 [Listener at 127.0.0.1/37289] INFO  ha.SCMNodeInfo (SCMNodeInfo.java:getPort(197)) - ConfigKey ozone.scm.client.address is deprecated, For configuring different ports for each SCM use PortConfigKey ozone.scm.client.port appended with serviceId and nodeId
2022-11-10 07:08:24,703 [Listener at 127.0.0.1/37289] INFO  ha.SCMNodeInfo (SCMNodeInfo.java:getPort(197)) - ConfigKey ozone.scm.block.client.address is deprecated, For configuring different ports for each SCM use PortConfigKey ozone.scm.block.client.port appended with serviceId and nodeId
2022-11-10 07:08:24,703 [Listener at 127.0.0.1/37289] INFO  ha.SCMNodeInfo (SCMNodeInfo.java:getPort(197)) - ConfigKey ozone.scm.datanode.address is deprecated, For configuring different ports for each SCM use PortConfigKey ozone.scm.datanode.port appended with serviceId and nodeId
2022-11-10 07:08:24,704 [Listener at 127.0.0.1/37289] INFO  ha.SCMNodeInfo (SCMNodeInfo.java:getPort(197)) - ConfigKey ozone.scm.client.address is deprecated, For configuring different ports for each SCM use PortConfigKey ozone.scm.client.port appended with serviceId and nodeId
2022-11-10 07:08:24,704 [Listener at 127.0.0.1/37289] INFO  ha.SCMNodeInfo (SCMNodeInfo.java:getPort(197)) - ConfigKey ozone.scm.block.client.address is deprecated, For configuring different ports for each SCM use PortConfigKey ozone.scm.block.client.port appended with serviceId and nodeId
2022-11-10 07:08:24,704 [Listener at 127.0.0.1/37289] INFO  ha.SCMNodeInfo (SCMNodeInfo.java:getPort(197)) - ConfigKey ozone.scm.datanode.address is deprecated, For configuring different ports for each SCM use PortConfigKey ozone.scm.datanode.port appended with serviceId and nodeId
2022-11-10 07:08:24,704 [Listener at 127.0.0.1/37289] INFO  ha.SCMNodeInfo (SCMNodeInfo.java:getPort(197)) - ConfigKey ozone.scm.client.address is deprecated, For configuring different ports for each SCM use PortConfigKey ozone.scm.client.port appended with serviceId and nodeId
2022-11-10 07:08:24,704 [Listener at 127.0.0.1/37289] INFO  ha.SCMNodeInfo (SCMNodeInfo.java:getPort(197)) - ConfigKey ozone.scm.block.client.address is deprecated, For configuring different ports for each SCM use PortConfigKey ozone.scm.block.client.port appended with serviceId and nodeId
2022-11-10 07:08:24,704 [Listener at 127.0.0.1/37289] INFO  ha.SCMNodeInfo (SCMNodeInfo.java:getPort(197)) - ConfigKey ozone.scm.datanode.address is deprecated, For configuring different ports for each SCM use PortConfigKey ozone.scm.datanode.port appended with serviceId and nodeId
2022-11-10 07:08:24,704 [Listener at 127.0.0.1/37289] INFO  ha.SCMNodeInfo (SCMNodeInfo.java:getPort(197)) - ConfigKey ozone.scm.client.address is deprecated, For configuring different ports for each SCM use PortConfigKey ozone.scm.client.port appended with serviceId and nodeId
2022-11-10 07:08:24,704 [Listener at 127.0.0.1/37289] INFO  ha.SCMNodeInfo (SCMNodeInfo.java:getPort(197)) - ConfigKey ozone.scm.block.client.address is deprecated, For configuring different ports for each SCM use PortConfigKey ozone.scm.block.client.port appended with serviceId and nodeId
2022-11-10 07:08:24,704 [Listener at 127.0.0.1/37289] INFO  ha.SCMNodeInfo (SCMNodeInfo.java:getPort(197)) - ConfigKey ozone.scm.datanode.address is deprecated, For configuring different ports for each SCM use PortConfigKey ozone.scm.datanode.port appended with serviceId and nodeId
2022-11-10 07:08:24,704 [Listener at 127.0.0.1/37289] INFO  proxy.SCMBlockLocationFailoverProxyProvider (SCMBlockLocationFailoverProxyProvider.java:<init>(114)) - Created block location fail-over proxy with 3 nodes: [nodeId=scmNode-2,nodeAddress=/127.0.0.1:33183, nodeId=scmNode-3,nodeAddress=/127.0.0.1:36807, nodeId=scmNode-1,nodeAddress=/127.0.0.1:46059]
2022-11-10 07:08:24,705 [Listener at 127.0.0.1/37289] INFO  ha.SCMNodeInfo (SCMNodeInfo.java:getPort(197)) - ConfigKey ozone.scm.client.address is deprecated, For configuring different ports for each SCM use PortConfigKey ozone.scm.client.port appended with serviceId and nodeId
2022-11-10 07:08:24,705 [Listener at 127.0.0.1/37289] INFO  ha.SCMNodeInfo (SCMNodeInfo.java:getPort(197)) - ConfigKey ozone.scm.block.client.address is deprecated, For configuring different ports for each SCM use PortConfigKey ozone.scm.block.client.port appended with serviceId and nodeId
2022-11-10 07:08:24,705 [Listener at 127.0.0.1/37289] INFO  ha.SCMNodeInfo (SCMNodeInfo.java:getPort(197)) - ConfigKey ozone.scm.datanode.address is deprecated, For configuring different ports for each SCM use PortConfigKey ozone.scm.datanode.port appended with serviceId and nodeId
2022-11-10 07:08:24,706 [Listener at 127.0.0.1/37289] INFO  ha.SCMNodeInfo (SCMNodeInfo.java:getPort(197)) - ConfigKey ozone.scm.client.address is deprecated, For configuring different ports for each SCM use PortConfigKey ozone.scm.client.port appended with serviceId and nodeId
2022-11-10 07:08:24,706 [Listener at 127.0.0.1/37289] INFO  ha.SCMNodeInfo (SCMNodeInfo.java:getPort(197)) - ConfigKey ozone.scm.block.client.address is deprecated, For configuring different ports for each SCM use PortConfigKey ozone.scm.block.client.port appended with serviceId and nodeId
2022-11-10 07:08:24,706 [Listener at 127.0.0.1/37289] INFO  ha.SCMNodeInfo (SCMNodeInfo.java:getPort(197)) - ConfigKey ozone.scm.datanode.address is deprecated, For configuring different ports for each SCM use PortConfigKey ozone.scm.datanode.port appended with serviceId and nodeId
2022-11-10 07:08:24,706 [Listener at 127.0.0.1/37289] INFO  ha.SCMNodeInfo (SCMNodeInfo.java:getPort(197)) - ConfigKey ozone.scm.client.address is deprecated, For configuring different ports for each SCM use PortConfigKey ozone.scm.client.port appended with serviceId and nodeId
2022-11-10 07:08:24,706 [Listener at 127.0.0.1/37289] INFO  ha.SCMNodeInfo (SCMNodeInfo.java:getPort(197)) - ConfigKey ozone.scm.block.client.address is deprecated, For configuring different ports for each SCM use PortConfigKey ozone.scm.block.client.port appended with serviceId and nodeId
2022-11-10 07:08:24,706 [Listener at 127.0.0.1/37289] INFO  ha.SCMNodeInfo (SCMNodeInfo.java:getPort(197)) - ConfigKey ozone.scm.datanode.address is deprecated, For configuring different ports for each SCM use PortConfigKey ozone.scm.datanode.port appended with serviceId and nodeId
2022-11-10 07:08:24,706 [Listener at 127.0.0.1/37289] INFO  proxy.SCMBlockLocationFailoverProxyProvider (SCMBlockLocationFailoverProxyProvider.java:<init>(114)) - Created block location fail-over proxy with 3 nodes: [nodeId=scmNode-2,nodeAddress=/127.0.0.1:33183, nodeId=scmNode-3,nodeAddress=/127.0.0.1:36807, nodeId=scmNode-1,nodeAddress=/127.0.0.1:46059]
2022-11-10 07:08:24,713 [Listener at 127.0.0.1/37289] WARN  server.ServerUtils (ServerUtils.java:getDBPath(225)) - ozone.om.db.dirs is not configured. We recommend adding this setting. Falling back to ozone.metadata.dirs instead.
2022-11-10 07:08:24,714 [Listener at 127.0.0.1/37289] INFO  codec.OmKeyInfoCodec (OmKeyInfoCodec.java:<init>(49)) - OmKeyInfoCodec ignorePipeline = true
2022-11-10 07:08:24,714 [Listener at 127.0.0.1/37289] INFO  codec.RepeatedOmKeyInfoCodec (RepeatedOmKeyInfoCodec.java:<init>(41)) - RepeatedOmKeyInfoCodec ignorePipeline = true
2022-11-10 07:08:24,869 [Listener at 127.0.0.1/37289] INFO  om.OzoneManager (OzoneManager.java:instantiateServices(715)) - S3 Multi-Tenancy is disabled
2022-11-10 07:08:24,870 [Listener at 127.0.0.1/37289] INFO  om.OzoneManager (OzoneManager.java:addS3GVolumeToDB(4394)) - Created Volume s3v With Owner runner required for S3Gateway operations.
2022-11-10 07:08:24,871 [Listener at 127.0.0.1/37289] WARN  server.ServerUtils (ServerUtils.java:getDefaultRatisDirectory(237)) - Storage directory for Ratis is not configured. It is a good idea to map this to an SSD disk. Falling back to ozone.metadata.dirs
2022-11-10 07:08:24,871 [Listener at 127.0.0.1/37289] WARN  utils.OzoneManagerRatisUtils (OzoneManagerRatisUtils.java:getOMRatisSnapshotDirectory(434)) - ozone.om.ratis.snapshot.dir is not configured. Falling back to ozone.metadata.dirs config
2022-11-10 07:08:24,871 [Listener at 127.0.0.1/37289] INFO  snapshot.OzoneManagerSnapshotProvider (OzoneManagerSnapshotProvider.java:<init>(76)) - Initializing OM Snapshot Provider
2022-11-10 07:08:24,872 [Listener at 127.0.0.1/37289] WARN  impl.MetricRegistriesImpl (MetricRegistriesImpl.java:addReporterRegistration(111)) - New reporters are added after registries were created. Some metrics will be missing from the reporter. Please add reporter before adding any new registry.
2022-11-10 07:08:24,872 [Listener at 127.0.0.1/37289] WARN  impl.MetricRegistriesImpl (MetricRegistriesImpl.java:addReporterRegistration(111)) - New reporters are added after registries were created. Some metrics will be missing from the reporter. Please add reporter before adding any new registry.
2022-11-10 07:08:24,872 [Listener at 127.0.0.1/37289] WARN  server.ServerUtils (ServerUtils.java:getDefaultRatisDirectory(237)) - Storage directory for Ratis is not configured. It is a good idea to map this to an SSD disk. Falling back to ozone.metadata.dirs
2022-11-10 07:08:24,873 [Listener at 127.0.0.1/37289] INFO  ratis.OzoneManagerRatisServer (OzoneManagerRatisServer.java:<init>(160)) - Instantiating OM Ratis server with groupID: omServiceId1 and peers: localhost:41743, localhost:44869, localhost:36691
2022-11-10 07:08:24,873 [Listener at 127.0.0.1/37289] INFO  ratis.OzoneManagerStateMachine (OzoneManagerStateMachine.java:loadSnapshotInfoFromDB(636)) - LastAppliedIndex is set from TransactionInfo from OM DB as (t:0, i:~)
2022-11-10 07:08:24,876 [Listener at 127.0.0.1/37289] INFO  server.RaftServer (ConfUtils.java:logGet(46)) - raft.rpc.type = GRPC (default)
2022-11-10 07:08:24,876 [Listener at 127.0.0.1/37289] INFO  grpc.GrpcConfigKeys (ConfUtils.java:logFallback(53)) - raft.grpc.admin.host = null (fallback to raft.grpc.server.host)
2022-11-10 07:08:24,876 [Listener at 127.0.0.1/37289] INFO  grpc.GrpcConfigKeys (ConfUtils.java:logFallback(53)) - raft.grpc.admin.port = 41743 (fallback to raft.grpc.server.port)
2022-11-10 07:08:24,876 [Listener at 127.0.0.1/37289] INFO  grpc.GrpcConfigKeys (ConfUtils.java:logFallback(53)) - raft.grpc.client.host = null (fallback to raft.grpc.server.host)
2022-11-10 07:08:24,876 [Listener at 127.0.0.1/37289] INFO  grpc.GrpcConfigKeys (ConfUtils.java:logFallback(53)) - raft.grpc.client.port = 41743 (fallback to raft.grpc.server.port)
2022-11-10 07:08:24,876 [Listener at 127.0.0.1/37289] INFO  grpc.GrpcConfigKeys (ConfUtils.java:logGet(46)) - raft.grpc.server.host = null (default)
2022-11-10 07:08:24,876 [Listener at 127.0.0.1/37289] INFO  grpc.GrpcConfigKeys (ConfUtils.java:logGet(46)) - raft.grpc.server.port = 41743 (custom)
2022-11-10 07:08:24,876 [Listener at 127.0.0.1/37289] INFO  server.GrpcService (ConfUtils.java:logGet(46)) - raft.grpc.message.size.max = 33554432 (custom)
2022-11-10 07:08:24,876 [Listener at 127.0.0.1/37289] INFO  server.RaftServerConfigKeys (ConfUtils.java:logGet(46)) - raft.server.log.appender.buffer.byte-limit = 33554432 (custom)
2022-11-10 07:08:24,876 [Listener at 127.0.0.1/37289] INFO  server.GrpcService (ConfUtils.java:logGet(46)) - raft.grpc.flow.control.window = 1MB (=1048576) (default)
2022-11-10 07:08:24,876 [Listener at 127.0.0.1/37289] INFO  server.RaftServerConfigKeys (ConfUtils.java:logGet(46)) - raft.server.rpc.request.timeout = 3000ms (default)
2022-11-10 07:08:24,877 [Listener at 127.0.0.1/37289] INFO  grpc.GrpcConfigKeys (ConfUtils.java:logGet(46)) - raft.grpc.server.heartbeat.channel = true (default)
2022-11-10 07:08:24,877 [Listener at 127.0.0.1/37289] INFO  grpc.GrpcConfigKeys (ConfUtils.java:logGet(46)) - raft.grpc.server.async.request.thread.pool.cached = true (default)
2022-11-10 07:08:24,877 [Listener at 127.0.0.1/37289] INFO  grpc.GrpcConfigKeys (ConfUtils.java:logGet(46)) - raft.grpc.server.async.request.thread.pool.size = 32 (default)
2022-11-10 07:08:24,878 [Listener at 127.0.0.1/37289] INFO  impl.DataStreamServerImpl (ConfUtils.java:logGet(46)) - raft.datastream.type = DISABLED (default)
2022-11-10 07:08:24,878 [Listener at 127.0.0.1/37289] INFO  server.RaftServerConfigKeys (ConfUtils.java:logGet(46)) - raft.server.threadpool.proxy.cached = true (default)
2022-11-10 07:08:24,878 [Listener at 127.0.0.1/37289] INFO  server.RaftServerConfigKeys (ConfUtils.java:logGet(46)) - raft.server.threadpool.proxy.size = 0 (default)
2022-11-10 07:08:24,879 [Listener at 127.0.0.1/37289] INFO  server.RaftServerConfigKeys (ConfUtils.java:logGet(46)) - raft.server.rpc.slowness.timeout = 2s (custom)
2022-11-10 07:08:24,879 [Listener at 127.0.0.1/37289] INFO  server.RaftServerConfigKeys (ConfUtils.java:logGet(46)) - raft.server.leaderelection.leader.step-down.wait-time = 10s (default)
2022-11-10 07:08:24,879 [Listener at 127.0.0.1/37289] INFO  server.RaftServerConfigKeys (ConfUtils.java:logGet(46)) - raft.server.storage.dir = [/home/runner/work/ozone/ozone/hadoop-ozone/integration-test/target/test-dir/MiniOzoneClusterImpl-a89f51d4-237d-44f8-8386-a6bae3bff50d/omNode-2/ratis] (custom)
2022-11-10 07:08:24,892 [Listener at 127.0.0.1/37289] INFO  server.RaftServer (RaftServerProxy.java:addNew(96)) - omNode-2: addNew group-6C22E66A003A:[omNode-3|rpc:localhost:44869|priority:0|startupRole:FOLLOWER, omNode-1|rpc:localhost:36691|priority:0|startupRole:FOLLOWER, omNode-2|rpc:localhost:41743|priority:0|startupRole:FOLLOWER] returns group-6C22E66A003A:java.util.concurrent.CompletableFuture@2f7c5763[Not completed]
2022-11-10 07:08:24,892 [Listener at 127.0.0.1/37289] INFO  om.OzoneManager (OzoneManager.java:initializeRatisServer(1977)) - OzoneManager Ratis server initialized at port 41743
2022-11-10 07:08:24,893 [Listener at 127.0.0.1/37289] INFO  om.OzoneManager (OzoneManager.java:getRpcServer(1104)) - Creating RPC Server
2022-11-10 07:08:24,894 [pool-150-thread-1] INFO  server.RaftServer$Division (RaftServerImpl.java:<init>(195)) - omNode-2: new RaftServerImpl for group-6C22E66A003A:[omNode-3|rpc:localhost:44869|priority:0|startupRole:FOLLOWER, omNode-1|rpc:localhost:36691|priority:0|startupRole:FOLLOWER, omNode-2|rpc:localhost:41743|priority:0|startupRole:FOLLOWER] with OzoneManagerStateMachine:uninitialized
2022-11-10 07:08:24,894 [pool-150-thread-1] INFO  server.RaftServerConfigKeys (ConfUtils.java:logGet(46)) - raft.server.rpc.timeout.min = 1s (custom)
2022-11-10 07:08:24,894 [pool-150-thread-1] INFO  server.RaftServerConfigKeys (ConfUtils.java:logGet(46)) - raft.server.rpc.timeout.max = 1200ms (custom)
2022-11-10 07:08:24,894 [pool-150-thread-1] INFO  server.RaftServerConfigKeys (ConfUtils.java:logGet(46)) - raft.server.rpc.sleep.time = 25ms (default)
2022-11-10 07:08:24,894 [pool-150-thread-1] INFO  server.RaftServerConfigKeys (ConfUtils.java:logGet(46)) - raft.server.rpc.slowness.timeout = 2s (custom)
2022-11-10 07:08:24,894 [pool-150-thread-1] INFO  server.RaftServerConfigKeys (ConfUtils.java:logGet(46)) - raft.server.leaderelection.leader.step-down.wait-time = 10s (default)
2022-11-10 07:08:24,894 [pool-150-thread-1] INFO  server.RaftServerConfigKeys (ConfUtils.java:logGet(46)) - raft.server.sleep.deviation.threshold = 300ms (default)
2022-11-10 07:08:24,894 [pool-150-thread-1] INFO  server.RaftServer$Division (ServerState.java:<init>(118)) - omNode-2@group-6C22E66A003A: ConfigurationManager, init=-1: peers:[omNode-3|rpc:localhost:44869|priority:0|startupRole:FOLLOWER, omNode-1|rpc:localhost:36691|priority:0|startupRole:FOLLOWER, omNode-2|rpc:localhost:41743|priority:0|startupRole:FOLLOWER]|listeners:[], old=null, confs=<EMPTY_MAP>
2022-11-10 07:08:24,895 [pool-150-thread-1] INFO  server.RaftServerConfigKeys (ConfUtils.java:logGet(46)) - raft.server.storage.dir = [/home/runner/work/ozone/ozone/hadoop-ozone/integration-test/target/test-dir/MiniOzoneClusterImpl-a89f51d4-237d-44f8-8386-a6bae3bff50d/omNode-2/ratis] (custom)
2022-11-10 07:08:24,895 [pool-150-thread-1] INFO  server.RaftServerConfigKeys (ConfUtils.java:logGet(46)) - raft.server.log.corruption.policy = EXCEPTION (default)
2022-11-10 07:08:24,895 [pool-150-thread-1] INFO  server.RaftServerConfigKeys (ConfUtils.java:logGet(46)) - raft.server.storage.free-space.min = 0MB (=0) (default)
2022-11-10 07:08:24,895 [pool-150-thread-1] INFO  server.RaftServerConfigKeys (ConfUtils.java:logGet(46)) - raft.server.notification.no-leader.timeout = 2s (custom)
2022-11-10 07:08:24,895 [pool-150-thread-1] INFO  server.RaftServerConfigKeys (ConfUtils.java:logGet(46)) - raft.server.retrycache.expirytime = 300s (custom)
2022-11-10 07:08:24,895 [pool-150-thread-1] INFO  server.RaftServerConfigKeys (ConfUtils.java:logGet(46)) - raft.server.retrycache.statistics.expirytime = 100μs (default)
2022-11-10 07:08:24,896 [pool-150-thread-1] INFO  server.RaftServerConfigKeys (ConfUtils.java:logGet(46)) - raft.server.log.appender.install.snapshot.enabled = false (custom)
2022-11-10 07:08:24,896 [pool-150-thread-1] INFO  server.RaftServerConfigKeys (ConfUtils.java:logGet(46)) - raft.server.threadpool.server.cached = true (default)
2022-11-10 07:08:24,896 [pool-150-thread-1] INFO  server.RaftServerConfigKeys (ConfUtils.java:logGet(46)) - raft.server.threadpool.server.size = 0 (default)
2022-11-10 07:08:24,896 [pool-150-thread-1] INFO  server.RaftServerConfigKeys (ConfUtils.java:logGet(46)) - raft.server.threadpool.client.cached = true (default)
2022-11-10 07:08:24,896 [pool-150-thread-1] INFO  server.RaftServerConfigKeys (ConfUtils.java:logGet(46)) - raft.server.threadpool.client.size = 0 (default)
2022-11-10 07:08:25,568 [Listener at 127.0.0.1/37289] INFO  reflections.Reflections (Reflections.java:scan(232)) - Reflections took 674 ms to scan 19 urls, producing 67 keys and 4327 values [using 2 cores]
2022-11-10 07:08:25,570 [Listener at 127.0.0.1/37289] INFO  ipc.CallQueueManager (CallQueueManager.java:<init>(90)) - Using callQueue: class java.util.concurrent.LinkedBlockingQueue, queueCapacity: 2000, scheduler: class org.apache.hadoop.ipc.DefaultRpcScheduler, ipcBackoff: false.
2022-11-10 07:08:25,574 [Socket Reader #1 for port 42965] INFO  ipc.Server (Server.java:run(1273)) - Starting Socket Reader #1 for port 42965
2022-11-10 07:08:25,585 [omNode-1@group-6C22E66A003A-FollowerState] INFO  impl.FollowerState (FollowerState.java:run(143)) - omNode-1@group-6C22E66A003A-FollowerState: change to CANDIDATE, lastRpcElapsedTime:1184467791ns, electionTimeout:1180ms
2022-11-10 07:08:25,585 [omNode-1@group-6C22E66A003A-FollowerState] INFO  impl.RoleInfo (RoleInfo.java:shutdownFollowerState(110)) - omNode-1: shutdown omNode-1@group-6C22E66A003A-FollowerState
2022-11-10 07:08:25,585 [omNode-1@group-6C22E66A003A-FollowerState] INFO  server.RaftServer$Division (RaftServerImpl.java:setRole(321)) - omNode-1@group-6C22E66A003A: changes role from  FOLLOWER to CANDIDATE at term 0 for changeToCandidate
2022-11-10 07:08:25,587 [omNode-1@group-6C22E66A003A-FollowerState] INFO  server.RaftServerConfigKeys (ConfUtils.java:logGet(46)) - raft.server.leaderelection.pre-vote = false (custom)
2022-11-10 07:08:25,587 [omNode-1@group-6C22E66A003A-FollowerState] INFO  impl.RoleInfo (RoleInfo.java:updateAndGet(139)) - omNode-1: start omNode-1@group-6C22E66A003A-LeaderElection3
2022-11-10 07:08:25,610 [omNode-1@group-6C22E66A003A-LeaderElection3] INFO  impl.LeaderElection (LeaderElection.java:askForVotes(312)) - omNode-1@group-6C22E66A003A-LeaderElection3 ELECTION round 0: submit vote requests at term 1 for -1: peers:[omNode-3|rpc:localhost:44869|priority:0|startupRole:FOLLOWER, omNode-1|rpc:localhost:36691|priority:0|startupRole:FOLLOWER, omNode-2|rpc:localhost:41743|priority:0|startupRole:FOLLOWER]|listeners:[], old=null
2022-11-10 07:08:25,615 [Listener at 127.0.0.1/42965] INFO  impl.MetricsSystemImpl (MetricsSystemImpl.java:init(158)) - OzoneManager metrics system started (again)
2022-11-10 07:08:25,618 [omNode-1@group-6C22E66A003A-LeaderElection3-1] INFO  server.GrpcServerProtocolClient (GrpcServerProtocolClient.java:<init>(63)) - Build channel for omNode-3
2022-11-10 07:08:25,624 [omNode-1@group-6C22E66A003A-LeaderElection3] INFO  server.RaftServerConfigKeys (ConfUtils.java:logFallback(53)) - raft.server.rpc.first-election.timeout.min = 1s (fallback to raft.server.rpc.timeout.min)
2022-11-10 07:08:25,624 [omNode-1@group-6C22E66A003A-LeaderElection3] INFO  server.RaftServerConfigKeys (ConfUtils.java:logFallback(53)) - raft.server.rpc.first-election.timeout.max = 1200ms (fallback to raft.server.rpc.timeout.max)
2022-11-10 07:08:25,625 [omNode-1@group-6C22E66A003A-LeaderElection3-2] INFO  server.GrpcServerProtocolClient (GrpcServerProtocolClient.java:<init>(63)) - Build channel for omNode-2
2022-11-10 07:08:25,660 [Listener at 127.0.0.1/42965] INFO  om.OzoneManager (OzoneManager.java:start(1484)) - OzoneManager RPC server is listening at localhost/127.0.0.1:42965
2022-11-10 07:08:25,660 [Listener at 127.0.0.1/42965] INFO  ratis.OzoneManagerRatisServer (OzoneManagerRatisServer.java:start(555)) - Starting OzoneManagerRatisServer omNode-2 at port 41743
2022-11-10 07:08:25,660 [omNode-2-impl-thread1] INFO  storage.RaftStorageDirectory (RaftStorageDirectoryImpl.java:analyzeStorage(137)) - The storage directory /home/runner/work/ozone/ozone/hadoop-ozone/integration-test/target/test-dir/MiniOzoneClusterImpl-a89f51d4-237d-44f8-8386-a6bae3bff50d/omNode-2/ratis/9c9825ce-8ba7-3ee6-a7c3-6c22e66a003a does not exist. Creating ...
2022-11-10 07:08:25,661 [omNode-2-impl-thread1] INFO  storage.RaftStorageDirectory (RaftStorageDirectoryImpl.java:tryLock(231)) - Lock on /home/runner/work/ozone/ozone/hadoop-ozone/integration-test/target/test-dir/MiniOzoneClusterImpl-a89f51d4-237d-44f8-8386-a6bae3bff50d/omNode-2/ratis/9c9825ce-8ba7-3ee6-a7c3-6c22e66a003a/in_use.lock acquired by nodename 3649@fv-az194-925
2022-11-10 07:08:25,662 [omNode-1@group-6C22E66A003A-LeaderElection3] INFO  impl.LeaderElection (LogUtils.java:infoOrTrace(137)) - omNode-1@group-6C22E66A003A-LeaderElection3 got exception when requesting votes: java.util.concurrent.ExecutionException: org.apache.ratis.thirdparty.io.grpc.StatusRuntimeException: UNAVAILABLE: io exception
2022-11-10 07:08:25,663 [omNode-2-impl-thread1] INFO  storage.RaftStorage (RaftStorageImpl.java:format(96)) - Storage directory /home/runner/work/ozone/ozone/hadoop-ozone/integration-test/target/test-dir/MiniOzoneClusterImpl-a89f51d4-237d-44f8-8386-a6bae3bff50d/omNode-2/ratis/9c9825ce-8ba7-3ee6-a7c3-6c22e66a003a has been successfully formatted.
2022-11-10 07:08:25,664 [omNode-2-impl-thread1] INFO  server.RaftServerConfigKeys (ConfUtils.java:logGet(46)) - raft.server.log.use.memory = false (default)
2022-11-10 07:08:25,664 [omNode-2-impl-thread1] INFO  server.RaftServerConfigKeys (ConfUtils.java:logGet(46)) - raft.server.log.purge.gap = 1000000 (custom)
2022-11-10 07:08:25,664 [omNode-2-impl-thread1] INFO  server.RaftServerConfigKeys (ConfUtils.java:logGet(46)) - raft.server.log.appender.buffer.byte-limit = 33554432 (custom)
2022-11-10 07:08:25,664 [omNode-2-impl-thread1] INFO  server.RaftServerConfigKeys (ConfUtils.java:logGet(46)) - raft.server.log.statemachine.data.read.timeout = 1000ms (default)
2022-11-10 07:08:25,664 [omNode-2-impl-thread1] INFO  server.RaftServerConfigKeys (ConfUtils.java:logGet(46)) - raft.server.log.purge.preservation.log.num = 0 (default)
2022-11-10 07:08:25,664 [omNode-2-impl-thread1] INFO  server.RaftServerConfigKeys (ConfUtils.java:logGet(46)) - raft.server.log.segment.size.max = 4194304 (custom)
2022-11-10 07:08:25,664 [omNode-2-impl-thread1] INFO  server.RaftServerConfigKeys (ConfUtils.java:logGet(46)) - raft.server.log.segment.cache.num.max = 2 (custom)
2022-11-10 07:08:25,665 [omNode-2-impl-thread1] INFO  server.RaftServerConfigKeys (ConfUtils.java:logGet(46)) - raft.server.log.segment.cache.size.max = 200MB (=209715200) (default)
2022-11-10 07:08:25,665 [omNode-2-impl-thread1] INFO  segmented.SegmentedRaftLogWorker (SegmentedRaftLogWorker.java:<init>(191)) - new omNode-2@group-6C22E66A003A-SegmentedRaftLogWorker for RaftStorageImpl:Storage Directory /home/runner/work/ozone/ozone/hadoop-ozone/integration-test/target/test-dir/MiniOzoneClusterImpl-a89f51d4-237d-44f8-8386-a6bae3bff50d/omNode-2/ratis/9c9825ce-8ba7-3ee6-a7c3-6c22e66a003a
2022-11-10 07:08:25,665 [omNode-2-impl-thread1] INFO  server.RaftServerConfigKeys (ConfUtils.java:logGet(46)) - raft.server.log.queue.byte-limit = 64MB (=67108864) (default)
2022-11-10 07:08:25,665 [omNode-2-impl-thread1] INFO  server.RaftServerConfigKeys (ConfUtils.java:logGet(46)) - raft.server.log.queue.element-limit = 4096 (default)
2022-11-10 07:08:25,665 [omNode-2-impl-thread1] INFO  server.RaftServerConfigKeys (ConfUtils.java:logGet(46)) - raft.server.log.segment.size.max = 4194304 (custom)
2022-11-10 07:08:25,665 [omNode-2-impl-thread1] INFO  server.RaftServerConfigKeys (ConfUtils.java:logGet(46)) - raft.server.log.preallocated.size = 4194304 (custom)
2022-11-10 07:08:25,665 [omNode-2-impl-thread1] INFO  server.RaftServerConfigKeys (ConfUtils.java:logGet(46)) - raft.server.log.force.sync.num = 128 (default)
2022-11-10 07:08:25,665 [omNode-2-impl-thread1] INFO  server.RaftServerConfigKeys (ConfUtils.java:logGet(46)) - raft.server.log.statemachine.data.sync = true (default)
2022-11-10 07:08:25,665 [omNode-2-impl-thread1] INFO  server.RaftServerConfigKeys (ConfUtils.java:logGet(46)) - raft.server.log.statemachine.data.sync.timeout = 10s (default)
2022-11-10 07:08:25,665 [omNode-2-impl-thread1] INFO  server.RaftServerConfigKeys (ConfUtils.java:logGet(46)) - raft.server.log.statemachine.data.sync.timeout.retry = -1 (default)
2022-11-10 07:08:25,665 [omNode-2-impl-thread1] INFO  server.RaftServerConfigKeys (ConfUtils.java:logGet(46)) - raft.server.log.write.buffer.size = 64KB (=65536) (default)
2022-11-10 07:08:25,666 [omNode-2-impl-thread1] INFO  server.RaftServerConfigKeys (ConfUtils.java:logGet(46)) - raft.server.log.unsafe-flush.enabled = false (default)
2022-11-10 07:08:25,666 [omNode-2-impl-thread1] INFO  server.RaftServerConfigKeys (ConfUtils.java:logGet(46)) - raft.server.log.async-flush.enabled = false (default)
2022-11-10 07:08:25,666 [omNode-2-impl-thread1] INFO  server.RaftServerConfigKeys (ConfUtils.java:logGet(46)) - raft.server.log.statemachine.data.caching.enabled = false (default)
2022-11-10 07:08:25,666 [omNode-2-impl-thread1] INFO  segmented.SegmentedRaftLogWorker (SegmentedRaftLogWorker.java:lambda$new$0(136)) - omNode-2@group-6C22E66A003A-SegmentedRaftLogWorker: flushIndex: setUnconditionally 0 -> -1
2022-11-10 07:08:25,666 [omNode-2-impl-thread1] INFO  segmented.SegmentedRaftLogWorker (SegmentedRaftLogWorker.java:lambda$new$0(136)) - omNode-2@group-6C22E66A003A-SegmentedRaftLogWorker: safeCacheEvictIndex: setUnconditionally 0 -> -1
2022-11-10 07:08:25,668 [omNode-2-impl-thread1] INFO  server.RaftServer$Division (RaftServerImpl.java:start(334)) - omNode-2@group-6C22E66A003A: start as a follower, conf=-1: peers:[omNode-3|rpc:localhost:44869|priority:0|startupRole:FOLLOWER, omNode-1|rpc:localhost:36691|priority:0|startupRole:FOLLOWER, omNode-2|rpc:localhost:41743|priority:0|startupRole:FOLLOWER]|listeners:[], old=null
2022-11-10 07:08:25,668 [omNode-2-impl-thread1] INFO  server.RaftServer$Division (RaftServerImpl.java:setRole(321)) - omNode-2@group-6C22E66A003A: changes role from      null to FOLLOWER at term 0 for startAsFollower
2022-11-10 07:08:25,672 [omNode-2-impl-thread1] INFO  impl.RoleInfo (RoleInfo.java:updateAndGet(139)) - omNode-2: start omNode-2@group-6C22E66A003A-FollowerState
2022-11-10 07:08:25,672 [omNode-1@group-6C22E66A003A-LeaderElection3] INFO  impl.LeaderElection (LogUtils.java:infoOrTrace(137)) - omNode-1@group-6C22E66A003A-LeaderElection3 got exception when requesting votes: java.util.concurrent.ExecutionException: org.apache.ratis.thirdparty.io.grpc.StatusRuntimeException: UNAVAILABLE: io exception
2022-11-10 07:08:25,672 [omNode-1@group-6C22E66A003A-LeaderElection3] INFO  impl.LeaderElection (LeaderElection.java:logAndReturn(90)) - omNode-1@group-6C22E66A003A-LeaderElection3: ELECTION REJECTED received 0 response(s) and 2 exception(s):
2022-11-10 07:08:25,672 [omNode-1@group-6C22E66A003A-LeaderElection3] INFO  impl.LeaderElection (LogUtils.java:infoOrTrace(137)) -   Exception 0: java.util.concurrent.ExecutionException: org.apache.ratis.thirdparty.io.grpc.StatusRuntimeException: UNAVAILABLE: io exception
2022-11-10 07:08:25,673 [omNode-1@group-6C22E66A003A-LeaderElection3] INFO  impl.LeaderElection (LogUtils.java:infoOrTrace(137)) -   Exception 1: java.util.concurrent.ExecutionException: org.apache.ratis.thirdparty.io.grpc.StatusRuntimeException: UNAVAILABLE: io exception
2022-11-10 07:08:25,676 [omNode-2-impl-thread1] INFO  util.JmxRegister (JmxRegister.java:tryRegister(44)) - Successfully registered JMX Bean with object name Ratis:service=RaftServer,group=group-6C22E66A003A,id=omNode-2
2022-11-10 07:08:25,676 [omNode-2-impl-thread1] INFO  server.RaftServerConfigKeys (ConfUtils.java:logGet(46)) - raft.server.snapshot.auto.trigger.enabled = true (custom)
2022-11-10 07:08:25,676 [omNode-2-impl-thread1] INFO  server.RaftServerConfigKeys (ConfUtils.java:logGet(46)) - raft.server.snapshot.auto.trigger.threshold = 400000 (default)
2022-11-10 07:08:25,676 [omNode-2-impl-thread1] INFO  server.RaftServerConfigKeys (ConfUtils.java:logGet(46)) - raft.server.snapshot.retention.file.num = -1 (default)
2022-11-10 07:08:25,676 [omNode-2-impl-thread1] INFO  server.RaftServerConfigKeys (ConfUtils.java:logGet(46)) - raft.server.log.purge.upto.snapshot.index = true (custom)
2022-11-10 07:08:25,676 [omNode-2@group-6C22E66A003A-FollowerState] INFO  server.RaftServerConfigKeys (ConfUtils.java:logFallback(53)) - raft.server.rpc.first-election.timeout.min = 1s (fallback to raft.server.rpc.timeout.min)
2022-11-10 07:08:25,677 [omNode-2@group-6C22E66A003A-FollowerState] INFO  server.RaftServerConfigKeys (ConfUtils.java:logFallback(53)) - raft.server.rpc.first-election.timeout.max = 1200ms (fallback to raft.server.rpc.timeout.max)
2022-11-10 07:08:25,678 [omNode-1@group-6C22E66A003A-LeaderElection3] INFO  impl.LeaderElection (LeaderElection.java:askForVotes(314)) - omNode-1@group-6C22E66A003A-LeaderElection3 ELECTION round 0: result REJECTED
2022-11-10 07:08:25,679 [omNode-1@group-6C22E66A003A-LeaderElection3] INFO  server.RaftServer$Division (RaftServerImpl.java:setRole(321)) - omNode-1@group-6C22E66A003A: changes role from CANDIDATE to FOLLOWER at term 1 for REJECTED
2022-11-10 07:08:25,679 [omNode-1@group-6C22E66A003A-LeaderElection3] INFO  impl.RoleInfo (RoleInfo.java:shutdownLeaderElection(130)) - omNode-1: shutdown omNode-1@group-6C22E66A003A-LeaderElection3
2022-11-10 07:08:25,679 [omNode-1@group-6C22E66A003A-LeaderElection3] INFO  impl.RoleInfo (RoleInfo.java:updateAndGet(139)) - omNode-1: start omNode-1@group-6C22E66A003A-FollowerState
2022-11-10 07:08:25,679 [Listener at 127.0.0.1/42965] INFO  server.RaftServer (RaftServerProxy.java:startImpl(393)) - omNode-2: start RPC server
2022-11-10 07:08:25,690 [omNode-1@group-6C22E66A003A-FollowerState] INFO  server.RaftServerConfigKeys (ConfUtils.java:logFallback(53)) - raft.server.rpc.first-election.timeout.min = 1s (fallback to raft.server.rpc.timeout.min)
2022-11-10 07:08:25,690 [omNode-1@group-6C22E66A003A-FollowerState] INFO  server.RaftServerConfigKeys (ConfUtils.java:logFallback(53)) - raft.server.rpc.first-election.timeout.max = 1200ms (fallback to raft.server.rpc.timeout.max)
2022-11-10 07:08:25,690 [Listener at 127.0.0.1/42965] INFO  server.GrpcService (GrpcService.java:startImpl(270)) - omNode-2: GrpcService started, listening on 41743
2022-11-10 07:08:25,693 [Listener at 127.0.0.1/42965] INFO  om.OzoneManager (OzoneManager.java:start(1500)) - Version File has different layout version (3) than OM DB (null). That is expected if this OM has never been finalized to a newer layout version.
2022-11-10 07:08:25,694 [JvmPauseMonitor5] INFO  util.JvmPauseMonitor (JvmPauseMonitor.java:run(105)) - JvmPauseMonitor-omNode-2: Started
2022-11-10 07:08:25,704 [Listener at 127.0.0.1/42965] INFO  http.BaseHttpServer (BaseHttpServer.java:newHttpServer2BuilderForOzone(213)) - Starting Web-server for ozoneManager at: http://0.0.0.0:41977
2022-11-10 07:08:25,704 [Listener at 127.0.0.1/42965] INFO  http.BaseHttpServer (BaseHttpServer.java:<init>(108)) - Hadoop Security Enabled: false Ozone Security Enabled: false Ozone HTTP Security Enabled: false 
2022-11-10 07:08:25,706 [Listener at 127.0.0.1/42965] WARN  server.AuthenticationFilter (AuthenticationFilter.java:constructSecretProvider(240)) - Unable to initialize FileSignerSecretProvider, falling back to use random secrets. Reason: Could not read signature secret file: /home/runner/hadoop-http-auth-signature-secret
2022-11-10 07:08:25,712 [Listener at 127.0.0.1/42965] WARN  http.HttpRequestLog (HttpRequestLog.java:getRequestLog(103)) - Jetty request log can only be enabled using Log4j
2022-11-10 07:08:25,714 [Listener at 127.0.0.1/42965] INFO  http.HttpServer2 (HttpServer2.java:addGlobalFilter(1031)) - Added global filter 'safety' (class=org.apache.hadoop.hdds.server.http.HttpServer2$QuotingInputFilter)
2022-11-10 07:08:25,715 [Listener at 127.0.0.1/42965] INFO  http.HttpServer2 (HttpServer2.java:addFilter(1007)) - Added filter static_user_filter (class=org.apache.hadoop.http.lib.StaticUserWebFilter$StaticUserFilter) to context ozoneManager
2022-11-10 07:08:25,715 [Listener at 127.0.0.1/42965] INFO  http.HttpServer2 (HttpServer2.java:addFilter(1015)) - Added filter static_user_filter (class=org.apache.hadoop.http.lib.StaticUserWebFilter$StaticUserFilter) to context static
2022-11-10 07:08:25,715 [Listener at 127.0.0.1/42965] INFO  http.HttpServer2 (HttpServer2.java:addFilter(1015)) - Added filter static_user_filter (class=org.apache.hadoop.http.lib.StaticUserWebFilter$StaticUserFilter) to context logs
2022-11-10 07:08:25,716 [Listener at 127.0.0.1/42965] INFO  http.HttpServer2 (HttpServer2.java:bindListener(1250)) - Jetty bound to port 41977
2022-11-10 07:08:25,716 [Listener at 127.0.0.1/42965] INFO  server.Server (Server.java:doStart(375)) - jetty-9.4.49.v20220914; built: 2022-09-14T01:07:36.601Z; git: 4231a3b2e4cb8548a412a789936d640a97b1aa0a; jvm 1.8.0_345-b01
2022-11-10 07:08:25,740 [Listener at 127.0.0.1/42965] INFO  server.session (DefaultSessionIdManager.java:doStart(334)) - DefaultSessionIdManager workerName=node0
2022-11-10 07:08:25,740 [Listener at 127.0.0.1/42965] INFO  server.session (DefaultSessionIdManager.java:doStart(339)) - No SessionScavenger set, using defaults
2022-11-10 07:08:25,740 [Listener at 127.0.0.1/42965] INFO  server.session (HouseKeeper.java:startScavenging(132)) - node0 Scavenging every 660000ms
2022-11-10 07:08:25,741 [Listener at 127.0.0.1/42965] INFO  handler.ContextHandler (ContextHandler.java:doStart(921)) - Started o.e.j.s.ServletContextHandler@2c7d4118{logs,/logs,file:///home/runner/work/ozone/ozone/hadoop-ozone/integration-test/target/log,AVAILABLE}
2022-11-10 07:08:25,742 [Listener at 127.0.0.1/42965] INFO  handler.ContextHandler (ContextHandler.java:doStart(921)) - Started o.e.j.s.ServletContextHandler@121cf8e8{static,/static,file:///home/runner/work/ozone/ozone/hadoop-ozone/integration-test/target/test-classes/webapps/static,AVAILABLE}
2022-11-10 07:08:25,746 [Listener at 127.0.0.1/42965] INFO  handler.ContextHandler (ContextHandler.java:doStart(921)) - Started o.e.j.w.WebAppContext@659215b{ozoneManager,/,file:///home/runner/work/ozone/ozone/hadoop-ozone/integration-test/target/test-classes/webapps/ozoneManager/,AVAILABLE}{file:/home/runner/work/ozone/ozone/hadoop-ozone/integration-test/target/test-classes/webapps/ozoneManager}
2022-11-10 07:08:25,748 [Listener at 127.0.0.1/42965] INFO  server.AbstractConnector (AbstractConnector.java:doStart(333)) - Started ServerConnector@53de95f4{HTTP/1.1, (http/1.1)}{0.0.0.0:41977}
2022-11-10 07:08:25,748 [Listener at 127.0.0.1/42965] INFO  server.Server (Server.java:doStart(415)) - Started @23782ms
2022-11-10 07:08:25,748 [Listener at 127.0.0.1/42965] WARN  impl.MetricsSystemImpl (MetricsSystemImpl.java:register(279)) - Sink prometheus already exists!
2022-11-10 07:08:25,752 [Listener at 127.0.0.1/42965] INFO  http.BaseHttpServer (BaseHttpServer.java:updateConnectorAddress(333)) - HTTP server of ozoneManager listening at http://0.0.0.0:41977
2022-11-10 07:08:25,752 [IPC Server Responder] INFO  ipc.Server (Server.java:run(1512)) - IPC Server Responder: starting
2022-11-10 07:08:25,760 [IPC Server listener on 42965] INFO  ipc.Server (Server.java:run(1352)) - IPC Server listener on 42965: starting
2022-11-10 07:08:25,808 [Listener at 127.0.0.1/42965] INFO  om.OzoneManager (OzoneManager.java:startTrashEmptier(1921)) - Trash Interval set to 0. Files deleted won't move to trash
2022-11-10 07:08:25,814 [Listener at 127.0.0.1/42965] INFO  ozone.MiniOzoneHAClusterImpl (MiniOzoneHAClusterImpl.java:createOMService(527)) - Started OzoneManager omNode-2 RPC server at localhost/127.0.0.1:42965
2022-11-10 07:08:25,814 [org.apache.hadoop.util.JvmPauseMonitor$Monitor@3d4fc5fa] INFO  util.JvmPauseMonitor (JvmPauseMonitor.java:run(188)) - Starting JVM pause monitor
2022-11-10 07:08:25,815 [Listener at 127.0.0.1/42965] INFO  ha.OMHANodeDetails (OMHANodeDetails.java:loadOMHAConfig(121)) - ServiceID for OzoneManager is omServiceId1
2022-11-10 07:08:25,815 [Listener at 127.0.0.1/42965] INFO  ha.OMHANodeDetails (OMHANodeDetails.java:loadOMHAConfig(201)) - Found matching OM address with OMServiceId: omServiceId1, OMNodeId: omNode-3, RPC Address: localhost:40377 and Ratis port: 44869
2022-11-10 07:08:25,815 [Listener at 127.0.0.1/42965] INFO  ha.OMHANodeDetails (ConfUtils.java:setNodeSpecificConfigs(97)) - Setting configuration key ozone.om.http-address with value of key ozone.om.http-address.omServiceId1.omNode-3: 127.0.0.1:46743
2022-11-10 07:08:25,817 [Listener at 127.0.0.1/42965] INFO  ha.OMHANodeDetails (ConfUtils.java:setNodeSpecificConfigs(97)) - Setting configuration key ozone.om.https-address with value of key ozone.om.https-address.omServiceId1.omNode-3: 127.0.0.1:37899
2022-11-10 07:08:25,817 [Listener at 127.0.0.1/42965] INFO  ha.OMHANodeDetails (ConfUtils.java:setNodeSpecificConfigs(97)) - Setting configuration key ozone.om.address with value of key ozone.om.address.omServiceId1.omNode-3: 127.0.0.1:40377
2022-11-10 07:08:25,817 [Listener at 127.0.0.1/42965] WARN  server.ServerUtils (ServerUtils.java:getDBPath(225)) - ozone.om.db.dirs is not configured. We recommend adding this setting. Falling back to ozone.metadata.dirs instead.
2022-11-10 07:08:25,818 [Listener at 127.0.0.1/42965] INFO  ha.SCMNodeInfo (SCMNodeInfo.java:getPort(197)) - ConfigKey ozone.scm.client.address is deprecated, For configuring different ports for each SCM use PortConfigKey ozone.scm.client.port appended with serviceId and nodeId
2022-11-10 07:08:25,818 [Listener at 127.0.0.1/42965] INFO  ha.SCMNodeInfo (SCMNodeInfo.java:getPort(197)) - ConfigKey ozone.scm.block.client.address is deprecated, For configuring different ports for each SCM use PortConfigKey ozone.scm.block.client.port appended with serviceId and nodeId
2022-11-10 07:08:25,818 [Listener at 127.0.0.1/42965] INFO  ha.SCMNodeInfo (SCMNodeInfo.java:getPort(197)) - ConfigKey ozone.scm.datanode.address is deprecated, For configuring different ports for each SCM use PortConfigKey ozone.scm.datanode.port appended with serviceId and nodeId
2022-11-10 07:08:25,818 [Listener at 127.0.0.1/42965] INFO  ha.SCMNodeInfo (SCMNodeInfo.java:getPort(197)) - ConfigKey ozone.scm.client.address is deprecated, For configuring different ports for each SCM use PortConfigKey ozone.scm.client.port appended with serviceId and nodeId
2022-11-10 07:08:25,818 [Listener at 127.0.0.1/42965] INFO  ha.SCMNodeInfo (SCMNodeInfo.java:getPort(197)) - ConfigKey ozone.scm.block.client.address is deprecated, For configuring different ports for each SCM use PortConfigKey ozone.scm.block.client.port appended with serviceId and nodeId
2022-11-10 07:08:25,818 [Listener at 127.0.0.1/42965] INFO  ha.SCMNodeInfo (SCMNodeInfo.java:getPort(197)) - ConfigKey ozone.scm.datanode.address is deprecated, For configuring different ports for each SCM use PortConfigKey ozone.scm.datanode.port appended with serviceId and nodeId
2022-11-10 07:08:25,818 [Listener at 127.0.0.1/42965] INFO  ha.SCMNodeInfo (SCMNodeInfo.java:getPort(197)) - ConfigKey ozone.scm.client.address is deprecated, For configuring different ports for each SCM use PortConfigKey ozone.scm.client.port appended with serviceId and nodeId
2022-11-10 07:08:25,818 [Listener at 127.0.0.1/42965] INFO  ha.SCMNodeInfo (SCMNodeInfo.java:getPort(197)) - ConfigKey ozone.scm.block.client.address is deprecated, For configuring different ports for each SCM use PortConfigKey ozone.scm.block.client.port appended with serviceId and nodeId
2022-11-10 07:08:25,818 [Listener at 127.0.0.1/42965] INFO  ha.SCMNodeInfo (SCMNodeInfo.java:getPort(197)) - ConfigKey ozone.scm.datanode.address is deprecated, For configuring different ports for each SCM use PortConfigKey ozone.scm.datanode.port appended with serviceId and nodeId
2022-11-10 07:08:25,819 [Listener at 127.0.0.1/42965] INFO  proxy.SCMBlockLocationFailoverProxyProvider (SCMBlockLocationFailoverProxyProvider.java:<init>(114)) - Created block location fail-over proxy with 3 nodes: [nodeId=scmNode-2,nodeAddress=/127.0.0.1:33183, nodeId=scmNode-3,nodeAddress=/127.0.0.1:36807, nodeId=scmNode-1,nodeAddress=/127.0.0.1:46059]
OM initialization succeeded.Current cluster id for sd=/home/runner/work/ozone/ozone/hadoop-ozone/integration-test/target/test-dir/MiniOzoneClusterImpl-a89f51d4-237d-44f8-8386-a6bae3bff50d/omNode-3/om;cid=a89f51d4-237d-44f8-8386-a6bae3bff50d;layoutVersion=3
2022-11-10 07:08:25,835 [Listener at 127.0.0.1/42965] INFO  ha.OMHANodeDetails (OMHANodeDetails.java:loadOMHAConfig(121)) - ServiceID for OzoneManager is omServiceId1
2022-11-10 07:08:25,835 [Listener at 127.0.0.1/42965] INFO  ha.OMHANodeDetails (OMHANodeDetails.java:loadOMHAConfig(201)) - Found matching OM address with OMServiceId: omServiceId1, OMNodeId: omNode-3, RPC Address: localhost:40377 and Ratis port: 44869
2022-11-10 07:08:25,835 [Listener at 127.0.0.1/42965] INFO  ha.OMHANodeDetails (ConfUtils.java:setNodeSpecificConfigs(97)) - Setting configuration key ozone.om.http-address with value of key ozone.om.http-address.omServiceId1.omNode-3: 127.0.0.1:46743
2022-11-10 07:08:25,835 [Listener at 127.0.0.1/42965] INFO  ha.OMHANodeDetails (ConfUtils.java:setNodeSpecificConfigs(97)) - Setting configuration key ozone.om.https-address with value of key ozone.om.https-address.omServiceId1.omNode-3: 127.0.0.1:37899
2022-11-10 07:08:25,835 [Listener at 127.0.0.1/42965] INFO  ha.OMHANodeDetails (ConfUtils.java:setNodeSpecificConfigs(97)) - Setting configuration key ozone.om.address with value of key ozone.om.address.omServiceId1.omNode-3: 127.0.0.1:40377
2022-11-10 07:08:25,835 [Listener at 127.0.0.1/42965] WARN  server.ServerUtils (ServerUtils.java:getDBPath(225)) - ozone.om.db.dirs is not configured. We recommend adding this setting. Falling back to ozone.metadata.dirs instead.
2022-11-10 07:08:25,836 [Listener at 127.0.0.1/42965] INFO  upgrade.AbstractLayoutVersionManager (AbstractLayoutVersionManager.java:init(83)) - Initializing Layout version manager with metadata layout = MULTITENANCY_SCHEMA (version = 3), software layout = MULTITENANCY_SCHEMA (version = 3)
2022-11-10 07:08:25,907 [Listener at 127.0.0.1/42965] INFO  reflections.Reflections (Reflections.java:scan(232)) - Reflections took 71 ms to scan 2 urls, producing 154 keys and 428 values [using 2 cores]
2022-11-10 07:08:25,908 [Listener at 127.0.0.1/42965] INFO  upgrade.OMLayoutVersionManager (OMLayoutVersionManager.java:lambda$0(115)) - Skipping Upgrade Action MockOmUpgradeAction since it has been finalized.
2022-11-10 07:08:25,908 [Listener at 127.0.0.1/42965] WARN  server.ServerUtils (ServerUtils.java:getDBPath(225)) - ozone.om.db.dirs is not configured. We recommend adding this setting. Falling back to ozone.metadata.dirs instead.
2022-11-10 07:08:25,908 [Listener at 127.0.0.1/42965] INFO  ha.SCMNodeInfo (SCMNodeInfo.java:getPort(197)) - ConfigKey ozone.scm.client.address is deprecated, For configuring different ports for each SCM use PortConfigKey ozone.scm.client.port appended with serviceId and nodeId
2022-11-10 07:08:25,908 [Listener at 127.0.0.1/42965] INFO  ha.SCMNodeInfo (SCMNodeInfo.java:getPort(197)) - ConfigKey ozone.scm.block.client.address is deprecated, For configuring different ports for each SCM use PortConfigKey ozone.scm.block.client.port appended with serviceId and nodeId
2022-11-10 07:08:25,908 [Listener at 127.0.0.1/42965] INFO  ha.SCMNodeInfo (SCMNodeInfo.java:getPort(197)) - ConfigKey ozone.scm.datanode.address is deprecated, For configuring different ports for each SCM use PortConfigKey ozone.scm.datanode.port appended with serviceId and nodeId
2022-11-10 07:08:25,908 [Listener at 127.0.0.1/42965] INFO  ha.SCMNodeInfo (SCMNodeInfo.java:getPort(197)) - ConfigKey ozone.scm.client.address is deprecated, For configuring different ports for each SCM use PortConfigKey ozone.scm.client.port appended with serviceId and nodeId
2022-11-10 07:08:25,908 [Listener at 127.0.0.1/42965] INFO  ha.SCMNodeInfo (SCMNodeInfo.java:getPort(197)) - ConfigKey ozone.scm.block.client.address is deprecated, For configuring different ports for each SCM use PortConfigKey ozone.scm.block.client.port appended with serviceId and nodeId
2022-11-10 07:08:25,908 [Listener at 127.0.0.1/42965] INFO  ha.SCMNodeInfo (SCMNodeInfo.java:getPort(197)) - ConfigKey ozone.scm.datanode.address is deprecated, For configuring different ports for each SCM use PortConfigKey ozone.scm.datanode.port appended with serviceId and nodeId
2022-11-10 07:08:25,908 [Listener at 127.0.0.1/42965] INFO  ha.SCMNodeInfo (SCMNodeInfo.java:getPort(197)) - ConfigKey ozone.scm.client.address is deprecated, For configuring different ports for each SCM use PortConfigKey ozone.scm.client.port appended with serviceId and nodeId
2022-11-10 07:08:25,908 [Listener at 127.0.0.1/42965] INFO  ha.SCMNodeInfo (SCMNodeInfo.java:getPort(197)) - ConfigKey ozone.scm.block.client.address is deprecated, For configuring different ports for each SCM use PortConfigKey ozone.scm.block.client.port appended with serviceId and nodeId
2022-11-10 07:08:25,909 [Listener at 127.0.0.1/42965] INFO  ha.SCMNodeInfo (SCMNodeInfo.java:getPort(197)) - ConfigKey ozone.scm.datanode.address is deprecated, For configuring different ports for each SCM use PortConfigKey ozone.scm.datanode.port appended with serviceId and nodeId
2022-11-10 07:08:25,909 [Listener at 127.0.0.1/42965] INFO  ha.SCMNodeInfo (SCMNodeInfo.java:getPort(197)) - ConfigKey ozone.scm.client.address is deprecated, For configuring different ports for each SCM use PortConfigKey ozone.scm.client.port appended with serviceId and nodeId
2022-11-10 07:08:25,909 [Listener at 127.0.0.1/42965] INFO  ha.SCMNodeInfo (SCMNodeInfo.java:getPort(197)) - ConfigKey ozone.scm.block.client.address is deprecated, For configuring different ports for each SCM use PortConfigKey ozone.scm.block.client.port appended with serviceId and nodeId
2022-11-10 07:08:25,909 [Listener at 127.0.0.1/42965] INFO  ha.SCMNodeInfo (SCMNodeInfo.java:getPort(197)) - ConfigKey ozone.scm.datanode.address is deprecated, For configuring different ports for each SCM use PortConfigKey ozone.scm.datanode.port appended with serviceId and nodeId
2022-11-10 07:08:25,909 [Listener at 127.0.0.1/42965] INFO  ha.SCMNodeInfo (SCMNodeInfo.java:getPort(197)) - ConfigKey ozone.scm.client.address is deprecated, For configuring different ports for each SCM use PortConfigKey ozone.scm.client.port appended with serviceId and nodeId
2022-11-10 07:08:25,909 [Listener at 127.0.0.1/42965] INFO  ha.SCMNodeInfo (SCMNodeInfo.java:getPort(197)) - ConfigKey ozone.scm.block.client.address is deprecated, For configuring different ports for each SCM use PortConfigKey ozone.scm.block.client.port appended with serviceId and nodeId
2022-11-10 07:08:25,909 [Listener at 127.0.0.1/42965] INFO  ha.SCMNodeInfo (SCMNodeInfo.java:getPort(197)) - ConfigKey ozone.scm.datanode.address is deprecated, For configuring different ports for each SCM use PortConfigKey ozone.scm.datanode.port appended with serviceId and nodeId
2022-11-10 07:08:25,909 [Listener at 127.0.0.1/42965] INFO  ha.SCMNodeInfo (SCMNodeInfo.java:getPort(197)) - ConfigKey ozone.scm.client.address is deprecated, For configuring different ports for each SCM use PortConfigKey ozone.scm.client.port appended with serviceId and nodeId
2022-11-10 07:08:25,909 [Listener at 127.0.0.1/42965] INFO  ha.SCMNodeInfo (SCMNodeInfo.java:getPort(197)) - ConfigKey ozone.scm.block.client.address is deprecated, For configuring different ports for each SCM use PortConfigKey ozone.scm.block.client.port appended with serviceId and nodeId
2022-11-10 07:08:25,909 [Listener at 127.0.0.1/42965] INFO  ha.SCMNodeInfo (SCMNodeInfo.java:getPort(197)) - ConfigKey ozone.scm.datanode.address is deprecated, For configuring different ports for each SCM use PortConfigKey ozone.scm.datanode.port appended with serviceId and nodeId
2022-11-10 07:08:25,910 [Listener at 127.0.0.1/42965] INFO  proxy.SCMBlockLocationFailoverProxyProvider (SCMBlockLocationFailoverProxyProvider.java:<init>(114)) - Created block location fail-over proxy with 3 nodes: [nodeId=scmNode-2,nodeAddress=/127.0.0.1:33183, nodeId=scmNode-3,nodeAddress=/127.0.0.1:36807, nodeId=scmNode-1,nodeAddress=/127.0.0.1:46059]
2022-11-10 07:08:25,911 [Listener at 127.0.0.1/42965] INFO  ha.SCMNodeInfo (SCMNodeInfo.java:getPort(197)) - ConfigKey ozone.scm.client.address is deprecated, For configuring different ports for each SCM use PortConfigKey ozone.scm.client.port appended with serviceId and nodeId
2022-11-10 07:08:25,911 [Listener at 127.0.0.1/42965] INFO  ha.SCMNodeInfo (SCMNodeInfo.java:getPort(197)) - ConfigKey ozone.scm.block.client.address is deprecated, For configuring different ports for each SCM use PortConfigKey ozone.scm.block.client.port appended with serviceId and nodeId
2022-11-10 07:08:25,911 [Listener at 127.0.0.1/42965] INFO  ha.SCMNodeInfo (SCMNodeInfo.java:getPort(197)) - ConfigKey ozone.scm.datanode.address is deprecated, For configuring different ports for each SCM use PortConfigKey ozone.scm.datanode.port appended with serviceId and nodeId
2022-11-10 07:08:25,911 [Listener at 127.0.0.1/42965] INFO  ha.SCMNodeInfo (SCMNodeInfo.java:getPort(197)) - ConfigKey ozone.scm.client.address is deprecated, For configuring different ports for each SCM use PortConfigKey ozone.scm.client.port appended with serviceId and nodeId
2022-11-10 07:08:25,911 [Listener at 127.0.0.1/42965] INFO  ha.SCMNodeInfo (SCMNodeInfo.java:getPort(197)) - ConfigKey ozone.scm.block.client.address is deprecated, For configuring different ports for each SCM use PortConfigKey ozone.scm.block.client.port appended with serviceId and nodeId
2022-11-10 07:08:25,911 [Listener at 127.0.0.1/42965] INFO  ha.SCMNodeInfo (SCMNodeInfo.java:getPort(197)) - ConfigKey ozone.scm.datanode.address is deprecated, For configuring different ports for each SCM use PortConfigKey ozone.scm.datanode.port appended with serviceId and nodeId
2022-11-10 07:08:25,911 [Listener at 127.0.0.1/42965] INFO  ha.SCMNodeInfo (SCMNodeInfo.java:getPort(197)) - ConfigKey ozone.scm.client.address is deprecated, For configuring different ports for each SCM use PortConfigKey ozone.scm.client.port appended with serviceId and nodeId
2022-11-10 07:08:25,911 [Listener at 127.0.0.1/42965] INFO  ha.SCMNodeInfo (SCMNodeInfo.java:getPort(197)) - ConfigKey ozone.scm.block.client.address is deprecated, For configuring different ports for each SCM use PortConfigKey ozone.scm.block.client.port appended with serviceId and nodeId
2022-11-10 07:08:25,911 [Listener at 127.0.0.1/42965] INFO  ha.SCMNodeInfo (SCMNodeInfo.java:getPort(197)) - ConfigKey ozone.scm.datanode.address is deprecated, For configuring different ports for each SCM use PortConfigKey ozone.scm.datanode.port appended with serviceId and nodeId
2022-11-10 07:08:25,912 [Listener at 127.0.0.1/42965] INFO  proxy.SCMBlockLocationFailoverProxyProvider (SCMBlockLocationFailoverProxyProvider.java:<init>(114)) - Created block location fail-over proxy with 3 nodes: [nodeId=scmNode-2,nodeAddress=/127.0.0.1:33183, nodeId=scmNode-3,nodeAddress=/127.0.0.1:36807, nodeId=scmNode-1,nodeAddress=/127.0.0.1:46059]
2022-11-10 07:08:25,917 [Listener at 127.0.0.1/42965] WARN  server.ServerUtils (ServerUtils.java:getDBPath(225)) - ozone.om.db.dirs is not configured. We recommend adding this setting. Falling back to ozone.metadata.dirs instead.
2022-11-10 07:08:25,917 [Listener at 127.0.0.1/42965] INFO  codec.OmKeyInfoCodec (OmKeyInfoCodec.java:<init>(49)) - OmKeyInfoCodec ignorePipeline = true
2022-11-10 07:08:25,917 [Listener at 127.0.0.1/42965] INFO  codec.RepeatedOmKeyInfoCodec (RepeatedOmKeyInfoCodec.java:<init>(41)) - RepeatedOmKeyInfoCodec ignorePipeline = true
2022-11-10 07:08:26,070 [Listener at 127.0.0.1/42965] INFO  om.OzoneManager (OzoneManager.java:instantiateServices(715)) - S3 Multi-Tenancy is disabled
2022-11-10 07:08:26,072 [Listener at 127.0.0.1/42965] INFO  om.OzoneManager (OzoneManager.java:addS3GVolumeToDB(4394)) - Created Volume s3v With Owner runner required for S3Gateway operations.
2022-11-10 07:08:26,072 [Listener at 127.0.0.1/42965] WARN  server.ServerUtils (ServerUtils.java:getDefaultRatisDirectory(237)) - Storage directory for Ratis is not configured. It is a good idea to map this to an SSD disk. Falling back to ozone.metadata.dirs
2022-11-10 07:08:26,072 [Listener at 127.0.0.1/42965] WARN  utils.OzoneManagerRatisUtils (OzoneManagerRatisUtils.java:getOMRatisSnapshotDirectory(434)) - ozone.om.ratis.snapshot.dir is not configured. Falling back to ozone.metadata.dirs config
2022-11-10 07:08:26,072 [Listener at 127.0.0.1/42965] INFO  snapshot.OzoneManagerSnapshotProvider (OzoneManagerSnapshotProvider.java:<init>(76)) - Initializing OM Snapshot Provider
2022-11-10 07:08:26,076 [Listener at 127.0.0.1/42965] WARN  impl.MetricRegistriesImpl (MetricRegistriesImpl.java:addReporterRegistration(111)) - New reporters are added after registries were created. Some metrics will be missing from the reporter. Please add reporter before adding any new registry.
2022-11-10 07:08:26,076 [Listener at 127.0.0.1/42965] WARN  impl.MetricRegistriesImpl (MetricRegistriesImpl.java:addReporterRegistration(111)) - New reporters are added after registries were created. Some metrics will be missing from the reporter. Please add reporter before adding any new registry.
2022-11-10 07:08:26,076 [Listener at 127.0.0.1/42965] WARN  server.ServerUtils (ServerUtils.java:getDefaultRatisDirectory(237)) - Storage directory for Ratis is not configured. It is a good idea to map this to an SSD disk. Falling back to ozone.metadata.dirs
2022-11-10 07:08:26,078 [Listener at 127.0.0.1/42965] INFO  ratis.OzoneManagerRatisServer (OzoneManagerRatisServer.java:<init>(160)) - Instantiating OM Ratis server with groupID: omServiceId1 and peers: localhost:44869, localhost:36691, localhost:41743
2022-11-10 07:08:26,078 [Listener at 127.0.0.1/42965] INFO  ratis.OzoneManagerStateMachine (OzoneManagerStateMachine.java:loadSnapshotInfoFromDB(636)) - LastAppliedIndex is set from TransactionInfo from OM DB as (t:0, i:~)
2022-11-10 07:08:26,084 [Listener at 127.0.0.1/42965] INFO  server.RaftServer (ConfUtils.java:logGet(46)) - raft.rpc.type = GRPC (default)
2022-11-10 07:08:26,084 [Listener at 127.0.0.1/42965] INFO  grpc.GrpcConfigKeys (ConfUtils.java:logFallback(53)) - raft.grpc.admin.host = null (fallback to raft.grpc.server.host)
2022-11-10 07:08:26,084 [Listener at 127.0.0.1/42965] INFO  grpc.GrpcConfigKeys (ConfUtils.java:logFallback(53)) - raft.grpc.admin.port = 44869 (fallback to raft.grpc.server.port)
2022-11-10 07:08:26,084 [Listener at 127.0.0.1/42965] INFO  grpc.GrpcConfigKeys (ConfUtils.java:logFallback(53)) - raft.grpc.client.host = null (fallback to raft.grpc.server.host)
2022-11-10 07:08:26,084 [Listener at 127.0.0.1/42965] INFO  grpc.GrpcConfigKeys (ConfUtils.java:logFallback(53)) - raft.grpc.client.port = 44869 (fallback to raft.grpc.server.port)
2022-11-10 07:08:26,084 [Listener at 127.0.0.1/42965] INFO  grpc.GrpcConfigKeys (ConfUtils.java:logGet(46)) - raft.grpc.server.host = null (default)
2022-11-10 07:08:26,086 [Listener at 127.0.0.1/42965] INFO  grpc.GrpcConfigKeys (ConfUtils.java:logGet(46)) - raft.grpc.server.port = 44869 (custom)
2022-11-10 07:08:26,086 [Listener at 127.0.0.1/42965] INFO  server.GrpcService (ConfUtils.java:logGet(46)) - raft.grpc.message.size.max = 33554432 (custom)
2022-11-10 07:08:26,086 [Listener at 127.0.0.1/42965] INFO  server.RaftServerConfigKeys (ConfUtils.java:logGet(46)) - raft.server.log.appender.buffer.byte-limit = 33554432 (custom)
2022-11-10 07:08:26,086 [Listener at 127.0.0.1/42965] INFO  server.GrpcService (ConfUtils.java:logGet(46)) - raft.grpc.flow.control.window = 1MB (=1048576) (default)
2022-11-10 07:08:26,086 [Listener at 127.0.0.1/42965] INFO  server.RaftServerConfigKeys (ConfUtils.java:logGet(46)) - raft.server.rpc.request.timeout = 3000ms (default)
2022-11-10 07:08:26,087 [Listener at 127.0.0.1/42965] INFO  grpc.GrpcConfigKeys (ConfUtils.java:logGet(46)) - raft.grpc.server.heartbeat.channel = true (default)
2022-11-10 07:08:26,087 [Listener at 127.0.0.1/42965] INFO  grpc.GrpcConfigKeys (ConfUtils.java:logGet(46)) - raft.grpc.server.async.request.thread.pool.cached = true (default)
2022-11-10 07:08:26,087 [Listener at 127.0.0.1/42965] INFO  grpc.GrpcConfigKeys (ConfUtils.java:logGet(46)) - raft.grpc.server.async.request.thread.pool.size = 32 (default)
2022-11-10 07:08:26,088 [Listener at 127.0.0.1/42965] INFO  impl.DataStreamServerImpl (ConfUtils.java:logGet(46)) - raft.datastream.type = DISABLED (default)
2022-11-10 07:08:26,088 [Listener at 127.0.0.1/42965] INFO  server.RaftServerConfigKeys (ConfUtils.java:logGet(46)) - raft.server.threadpool.proxy.cached = true (default)
2022-11-10 07:08:26,088 [Listener at 127.0.0.1/42965] INFO  server.RaftServerConfigKeys (ConfUtils.java:logGet(46)) - raft.server.threadpool.proxy.size = 0 (default)
2022-11-10 07:08:26,088 [Listener at 127.0.0.1/42965] INFO  server.RaftServerConfigKeys (ConfUtils.java:logGet(46)) - raft.server.rpc.slowness.timeout = 2s (custom)
2022-11-10 07:08:26,088 [Listener at 127.0.0.1/42965] INFO  server.RaftServerConfigKeys (ConfUtils.java:logGet(46)) - raft.server.leaderelection.leader.step-down.wait-time = 10s (default)
2022-11-10 07:08:26,088 [Listener at 127.0.0.1/42965] INFO  server.RaftServerConfigKeys (ConfUtils.java:logGet(46)) - raft.server.storage.dir = [/home/runner/work/ozone/ozone/hadoop-ozone/integration-test/target/test-dir/MiniOzoneClusterImpl-a89f51d4-237d-44f8-8386-a6bae3bff50d/omNode-3/ratis] (custom)
2022-11-10 07:08:26,100 [Listener at 127.0.0.1/42965] INFO  server.RaftServer (RaftServerProxy.java:addNew(96)) - omNode-3: addNew group-6C22E66A003A:[omNode-3|rpc:localhost:44869|priority:0|startupRole:FOLLOWER, omNode-1|rpc:localhost:36691|priority:0|startupRole:FOLLOWER, omNode-2|rpc:localhost:41743|priority:0|startupRole:FOLLOWER] returns group-6C22E66A003A:java.util.concurrent.CompletableFuture@5c623c93[Not completed]
2022-11-10 07:08:26,100 [Listener at 127.0.0.1/42965] INFO  om.OzoneManager (OzoneManager.java:initializeRatisServer(1977)) - OzoneManager Ratis server initialized at port 44869
2022-11-10 07:08:26,101 [Listener at 127.0.0.1/42965] INFO  om.OzoneManager (OzoneManager.java:getRpcServer(1104)) - Creating RPC Server
2022-11-10 07:08:26,102 [pool-175-thread-1] INFO  server.RaftServer$Division (RaftServerImpl.java:<init>(195)) - omNode-3: new RaftServerImpl for group-6C22E66A003A:[omNode-3|rpc:localhost:44869|priority:0|startupRole:FOLLOWER, omNode-1|rpc:localhost:36691|priority:0|startupRole:FOLLOWER, omNode-2|rpc:localhost:41743|priority:0|startupRole:FOLLOWER] with OzoneManagerStateMachine:uninitialized
2022-11-10 07:08:26,102 [pool-175-thread-1] INFO  server.RaftServerConfigKeys (ConfUtils.java:logGet(46)) - raft.server.rpc.timeout.min = 1s (custom)
2022-11-10 07:08:26,102 [pool-175-thread-1] INFO  server.RaftServerConfigKeys (ConfUtils.java:logGet(46)) - raft.server.rpc.timeout.max = 1200ms (custom)
2022-11-10 07:08:26,102 [pool-175-thread-1] INFO  server.RaftServerConfigKeys (ConfUtils.java:logGet(46)) - raft.server.rpc.sleep.time = 25ms (default)
2022-11-10 07:08:26,102 [pool-175-thread-1] INFO  server.RaftServerConfigKeys (ConfUtils.java:logGet(46)) - raft.server.rpc.slowness.timeout = 2s (custom)
2022-11-10 07:08:26,102 [pool-175-thread-1] INFO  server.RaftServerConfigKeys (ConfUtils.java:logGet(46)) - raft.server.leaderelection.leader.step-down.wait-time = 10s (default)
2022-11-10 07:08:26,102 [pool-175-thread-1] INFO  server.RaftServerConfigKeys (ConfUtils.java:logGet(46)) - raft.server.sleep.deviation.threshold = 300ms (default)
2022-11-10 07:08:26,103 [pool-175-thread-1] INFO  server.RaftServer$Division (ServerState.java:<init>(118)) - omNode-3@group-6C22E66A003A: ConfigurationManager, init=-1: peers:[omNode-3|rpc:localhost:44869|priority:0|startupRole:FOLLOWER, omNode-1|rpc:localhost:36691|priority:0|startupRole:FOLLOWER, omNode-2|rpc:localhost:41743|priority:0|startupRole:FOLLOWER]|listeners:[], old=null, confs=<EMPTY_MAP>
2022-11-10 07:08:26,103 [pool-175-thread-1] INFO  server.RaftServerConfigKeys (ConfUtils.java:logGet(46)) - raft.server.storage.dir = [/home/runner/work/ozone/ozone/hadoop-ozone/integration-test/target/test-dir/MiniOzoneClusterImpl-a89f51d4-237d-44f8-8386-a6bae3bff50d/omNode-3/ratis] (custom)
2022-11-10 07:08:26,103 [pool-175-thread-1] INFO  server.RaftServerConfigKeys (ConfUtils.java:logGet(46)) - raft.server.log.corruption.policy = EXCEPTION (default)
2022-11-10 07:08:26,103 [pool-175-thread-1] INFO  server.RaftServerConfigKeys (ConfUtils.java:logGet(46)) - raft.server.storage.free-space.min = 0MB (=0) (default)
2022-11-10 07:08:26,103 [pool-175-thread-1] INFO  server.RaftServerConfigKeys (ConfUtils.java:logGet(46)) - raft.server.notification.no-leader.timeout = 2s (custom)
2022-11-10 07:08:26,103 [pool-175-thread-1] INFO  server.RaftServerConfigKeys (ConfUtils.java:logGet(46)) - raft.server.retrycache.expirytime = 300s (custom)
2022-11-10 07:08:26,103 [pool-175-thread-1] INFO  server.RaftServerConfigKeys (ConfUtils.java:logGet(46)) - raft.server.retrycache.statistics.expirytime = 100μs (default)
2022-11-10 07:08:26,104 [pool-175-thread-1] INFO  server.RaftServerConfigKeys (ConfUtils.java:logGet(46)) - raft.server.log.appender.install.snapshot.enabled = false (custom)
2022-11-10 07:08:26,104 [pool-175-thread-1] INFO  server.RaftServerConfigKeys (ConfUtils.java:logGet(46)) - raft.server.threadpool.server.cached = true (default)
2022-11-10 07:08:26,104 [pool-175-thread-1] INFO  server.RaftServerConfigKeys (ConfUtils.java:logGet(46)) - raft.server.threadpool.server.size = 0 (default)
2022-11-10 07:08:26,104 [pool-175-thread-1] INFO  server.RaftServerConfigKeys (ConfUtils.java:logGet(46)) - raft.server.threadpool.client.cached = true (default)
2022-11-10 07:08:26,104 [pool-175-thread-1] INFO  server.RaftServerConfigKeys (ConfUtils.java:logGet(46)) - raft.server.threadpool.client.size = 0 (default)
2022-11-10 07:08:26,596 [Listener at 127.0.0.1/42965] INFO  reflections.Reflections (Reflections.java:scan(232)) - Reflections took 494 ms to scan 19 urls, producing 67 keys and 4327 values [using 2 cores]
2022-11-10 07:08:26,597 [Listener at 127.0.0.1/42965] INFO  ipc.CallQueueManager (CallQueueManager.java:<init>(90)) - Using callQueue: class java.util.concurrent.LinkedBlockingQueue, queueCapacity: 2000, scheduler: class org.apache.hadoop.ipc.DefaultRpcScheduler, ipcBackoff: false.
2022-11-10 07:08:26,600 [Socket Reader #1 for port 40377] INFO  ipc.Server (Server.java:run(1273)) - Starting Socket Reader #1 for port 40377
2022-11-10 07:08:26,626 [Listener at 127.0.0.1/40377] INFO  impl.MetricsSystemImpl (MetricsSystemImpl.java:init(158)) - OzoneManager metrics system started (again)
2022-11-10 07:08:26,637 [Listener at 127.0.0.1/40377] INFO  om.OzoneManager (OzoneManager.java:start(1484)) - OzoneManager RPC server is listening at localhost/127.0.0.1:40377
2022-11-10 07:08:26,637 [Listener at 127.0.0.1/40377] INFO  ratis.OzoneManagerRatisServer (OzoneManagerRatisServer.java:start(555)) - Starting OzoneManagerRatisServer omNode-3 at port 44869
2022-11-10 07:08:26,638 [omNode-3-impl-thread1] INFO  storage.RaftStorageDirectory (RaftStorageDirectoryImpl.java:analyzeStorage(137)) - The storage directory /home/runner/work/ozone/ozone/hadoop-ozone/integration-test/target/test-dir/MiniOzoneClusterImpl-a89f51d4-237d-44f8-8386-a6bae3bff50d/omNode-3/ratis/9c9825ce-8ba7-3ee6-a7c3-6c22e66a003a does not exist. Creating ...
2022-11-10 07:08:26,639 [omNode-3-impl-thread1] INFO  storage.RaftStorageDirectory (RaftStorageDirectoryImpl.java:tryLock(231)) - Lock on /home/runner/work/ozone/ozone/hadoop-ozone/integration-test/target/test-dir/MiniOzoneClusterImpl-a89f51d4-237d-44f8-8386-a6bae3bff50d/omNode-3/ratis/9c9825ce-8ba7-3ee6-a7c3-6c22e66a003a/in_use.lock acquired by nodename 3649@fv-az194-925
2022-11-10 07:08:26,640 [omNode-3-impl-thread1] INFO  storage.RaftStorage (RaftStorageImpl.java:format(96)) - Storage directory /home/runner/work/ozone/ozone/hadoop-ozone/integration-test/target/test-dir/MiniOzoneClusterImpl-a89f51d4-237d-44f8-8386-a6bae3bff50d/omNode-3/ratis/9c9825ce-8ba7-3ee6-a7c3-6c22e66a003a has been successfully formatted.
2022-11-10 07:08:26,640 [omNode-3-impl-thread1] INFO  server.RaftServerConfigKeys (ConfUtils.java:logGet(46)) - raft.server.log.use.memory = false (default)
2022-11-10 07:08:26,640 [omNode-3-impl-thread1] INFO  server.RaftServerConfigKeys (ConfUtils.java:logGet(46)) - raft.server.log.purge.gap = 1000000 (custom)
2022-11-10 07:08:26,640 [omNode-3-impl-thread1] INFO  server.RaftServerConfigKeys (ConfUtils.java:logGet(46)) - raft.server.log.appender.buffer.byte-limit = 33554432 (custom)
2022-11-10 07:08:26,640 [omNode-3-impl-thread1] INFO  server.RaftServerConfigKeys (ConfUtils.java:logGet(46)) - raft.server.log.statemachine.data.read.timeout = 1000ms (default)
2022-11-10 07:08:26,640 [omNode-3-impl-thread1] INFO  server.RaftServerConfigKeys (ConfUtils.java:logGet(46)) - raft.server.log.purge.preservation.log.num = 0 (default)
2022-11-10 07:08:26,641 [omNode-3-impl-thread1] INFO  server.RaftServerConfigKeys (ConfUtils.java:logGet(46)) - raft.server.log.segment.size.max = 4194304 (custom)
2022-11-10 07:08:26,641 [omNode-3-impl-thread1] INFO  server.RaftServerConfigKeys (ConfUtils.java:logGet(46)) - raft.server.log.segment.cache.num.max = 2 (custom)
2022-11-10 07:08:26,641 [omNode-3-impl-thread1] INFO  server.RaftServerConfigKeys (ConfUtils.java:logGet(46)) - raft.server.log.segment.cache.size.max = 200MB (=209715200) (default)
2022-11-10 07:08:26,641 [omNode-3-impl-thread1] INFO  segmented.SegmentedRaftLogWorker (SegmentedRaftLogWorker.java:<init>(191)) - new omNode-3@group-6C22E66A003A-SegmentedRaftLogWorker for RaftStorageImpl:Storage Directory /home/runner/work/ozone/ozone/hadoop-ozone/integration-test/target/test-dir/MiniOzoneClusterImpl-a89f51d4-237d-44f8-8386-a6bae3bff50d/omNode-3/ratis/9c9825ce-8ba7-3ee6-a7c3-6c22e66a003a
2022-11-10 07:08:26,641 [omNode-3-impl-thread1] INFO  server.RaftServerConfigKeys (ConfUtils.java:logGet(46)) - raft.server.log.queue.byte-limit = 64MB (=67108864) (default)
2022-11-10 07:08:26,641 [omNode-3-impl-thread1] INFO  server.RaftServerConfigKeys (ConfUtils.java:logGet(46)) - raft.server.log.queue.element-limit = 4096 (default)
2022-11-10 07:08:26,641 [omNode-3-impl-thread1] INFO  server.RaftServerConfigKeys (ConfUtils.java:logGet(46)) - raft.server.log.segment.size.max = 4194304 (custom)
2022-11-10 07:08:26,641 [omNode-3-impl-thread1] INFO  server.RaftServerConfigKeys (ConfUtils.java:logGet(46)) - raft.server.log.preallocated.size = 4194304 (custom)
2022-11-10 07:08:26,641 [omNode-3-impl-thread1] INFO  server.RaftServerConfigKeys (ConfUtils.java:logGet(46)) - raft.server.log.force.sync.num = 128 (default)
2022-11-10 07:08:26,641 [omNode-3-impl-thread1] INFO  server.RaftServerConfigKeys (ConfUtils.java:logGet(46)) - raft.server.log.statemachine.data.sync = true (default)
2022-11-10 07:08:26,641 [omNode-3-impl-thread1] INFO  server.RaftServerConfigKeys (ConfUtils.java:logGet(46)) - raft.server.log.statemachine.data.sync.timeout = 10s (default)
2022-11-10 07:08:26,641 [omNode-3-impl-thread1] INFO  server.RaftServerConfigKeys (ConfUtils.java:logGet(46)) - raft.server.log.statemachine.data.sync.timeout.retry = -1 (default)
2022-11-10 07:08:26,642 [omNode-3-impl-thread1] INFO  server.RaftServerConfigKeys (ConfUtils.java:logGet(46)) - raft.server.log.write.buffer.size = 64KB (=65536) (default)
2022-11-10 07:08:26,642 [omNode-3-impl-thread1] INFO  server.RaftServerConfigKeys (ConfUtils.java:logGet(46)) - raft.server.log.unsafe-flush.enabled = false (default)
2022-11-10 07:08:26,642 [omNode-3-impl-thread1] INFO  server.RaftServerConfigKeys (ConfUtils.java:logGet(46)) - raft.server.log.async-flush.enabled = false (default)
2022-11-10 07:08:26,642 [omNode-3-impl-thread1] INFO  server.RaftServerConfigKeys (ConfUtils.java:logGet(46)) - raft.server.log.statemachine.data.caching.enabled = false (default)
2022-11-10 07:08:26,642 [omNode-3-impl-thread1] INFO  segmented.SegmentedRaftLogWorker (SegmentedRaftLogWorker.java:lambda$new$0(136)) - omNode-3@group-6C22E66A003A-SegmentedRaftLogWorker: flushIndex: setUnconditionally 0 -> -1
2022-11-10 07:08:26,642 [omNode-3-impl-thread1] INFO  segmented.SegmentedRaftLogWorker (SegmentedRaftLogWorker.java:lambda$new$0(136)) - omNode-3@group-6C22E66A003A-SegmentedRaftLogWorker: safeCacheEvictIndex: setUnconditionally 0 -> -1
2022-11-10 07:08:26,643 [omNode-3-impl-thread1] INFO  server.RaftServer$Division (RaftServerImpl.java:start(334)) - omNode-3@group-6C22E66A003A: start as a follower, conf=-1: peers:[omNode-3|rpc:localhost:44869|priority:0|startupRole:FOLLOWER, omNode-1|rpc:localhost:36691|priority:0|startupRole:FOLLOWER, omNode-2|rpc:localhost:41743|priority:0|startupRole:FOLLOWER]|listeners:[], old=null
2022-11-10 07:08:26,643 [omNode-3-impl-thread1] INFO  server.RaftServer$Division (RaftServerImpl.java:setRole(321)) - omNode-3@group-6C22E66A003A: changes role from      null to FOLLOWER at term 0 for startAsFollower
2022-11-10 07:08:26,653 [omNode-3-impl-thread1] INFO  impl.RoleInfo (RoleInfo.java:updateAndGet(139)) - omNode-3: start omNode-3@group-6C22E66A003A-FollowerState
2022-11-10 07:08:26,656 [omNode-3-impl-thread1] INFO  util.JmxRegister (JmxRegister.java:tryRegister(44)) - Successfully registered JMX Bean with object name Ratis:service=RaftServer,group=group-6C22E66A003A,id=omNode-3
2022-11-10 07:08:26,656 [omNode-3-impl-thread1] INFO  server.RaftServerConfigKeys (ConfUtils.java:logGet(46)) - raft.server.snapshot.auto.trigger.enabled = true (custom)
2022-11-10 07:08:26,656 [omNode-3-impl-thread1] INFO  server.RaftServerConfigKeys (ConfUtils.java:logGet(46)) - raft.server.snapshot.auto.trigger.threshold = 400000 (default)
2022-11-10 07:08:26,656 [omNode-3-impl-thread1] INFO  server.RaftServerConfigKeys (ConfUtils.java:logGet(46)) - raft.server.snapshot.retention.file.num = -1 (default)
2022-11-10 07:08:26,656 [omNode-3-impl-thread1] INFO  server.RaftServerConfigKeys (ConfUtils.java:logGet(46)) - raft.server.log.purge.upto.snapshot.index = true (custom)
2022-11-10 07:08:26,657 [Listener at 127.0.0.1/40377] INFO  server.RaftServer (RaftServerProxy.java:startImpl(393)) - omNode-3: start RPC server
2022-11-10 07:08:26,657 [omNode-3@group-6C22E66A003A-FollowerState] INFO  server.RaftServerConfigKeys (ConfUtils.java:logFallback(53)) - raft.server.rpc.first-election.timeout.min = 1s (fallback to raft.server.rpc.timeout.min)
2022-11-10 07:08:26,670 [Listener at 127.0.0.1/40377] INFO  server.GrpcService (GrpcService.java:startImpl(270)) - omNode-3: GrpcService started, listening on 44869
2022-11-10 07:08:26,672 [Listener at 127.0.0.1/40377] INFO  om.OzoneManager (OzoneManager.java:start(1500)) - Version File has different layout version (3) than OM DB (null). That is expected if this OM has never been finalized to a newer layout version.
2022-11-10 07:08:26,672 [JvmPauseMonitor6] INFO  util.JvmPauseMonitor (JvmPauseMonitor.java:run(105)) - JvmPauseMonitor-omNode-3: Started
2022-11-10 07:08:26,677 [omNode-3@group-6C22E66A003A-FollowerState] INFO  server.RaftServerConfigKeys (ConfUtils.java:logFallback(53)) - raft.server.rpc.first-election.timeout.max = 1200ms (fallback to raft.server.rpc.timeout.max)
2022-11-10 07:08:26,677 [Listener at 127.0.0.1/40377] INFO  http.BaseHttpServer (BaseHttpServer.java:newHttpServer2BuilderForOzone(213)) - Starting Web-server for ozoneManager at: http://0.0.0.0:46743
2022-11-10 07:08:26,677 [Listener at 127.0.0.1/40377] INFO  http.BaseHttpServer (BaseHttpServer.java:<init>(108)) - Hadoop Security Enabled: false Ozone Security Enabled: false Ozone HTTP Security Enabled: false 
2022-11-10 07:08:26,678 [Listener at 127.0.0.1/40377] WARN  server.AuthenticationFilter (AuthenticationFilter.java:constructSecretProvider(240)) - Unable to initialize FileSignerSecretProvider, falling back to use random secrets. Reason: Could not read signature secret file: /home/runner/hadoop-http-auth-signature-secret
2022-11-10 07:08:26,680 [Listener at 127.0.0.1/40377] WARN  http.HttpRequestLog (HttpRequestLog.java:getRequestLog(103)) - Jetty request log can only be enabled using Log4j
2022-11-10 07:08:26,682 [Listener at 127.0.0.1/40377] INFO  http.HttpServer2 (HttpServer2.java:addGlobalFilter(1031)) - Added global filter 'safety' (class=org.apache.hadoop.hdds.server.http.HttpServer2$QuotingInputFilter)
2022-11-10 07:08:26,683 [Listener at 127.0.0.1/40377] INFO  http.HttpServer2 (HttpServer2.java:addFilter(1007)) - Added filter static_user_filter (class=org.apache.hadoop.http.lib.StaticUserWebFilter$StaticUserFilter) to context ozoneManager
2022-11-10 07:08:26,683 [Listener at 127.0.0.1/40377] INFO  http.HttpServer2 (HttpServer2.java:addFilter(1015)) - Added filter static_user_filter (class=org.apache.hadoop.http.lib.StaticUserWebFilter$StaticUserFilter) to context static
2022-11-10 07:08:26,683 [Listener at 127.0.0.1/40377] INFO  http.HttpServer2 (HttpServer2.java:addFilter(1015)) - Added filter static_user_filter (class=org.apache.hadoop.http.lib.StaticUserWebFilter$StaticUserFilter) to context logs
2022-11-10 07:08:26,684 [Listener at 127.0.0.1/40377] INFO  http.HttpServer2 (HttpServer2.java:bindListener(1250)) - Jetty bound to port 46743
2022-11-10 07:08:26,684 [Listener at 127.0.0.1/40377] INFO  server.Server (Server.java:doStart(375)) - jetty-9.4.49.v20220914; built: 2022-09-14T01:07:36.601Z; git: 4231a3b2e4cb8548a412a789936d640a97b1aa0a; jvm 1.8.0_345-b01
2022-11-10 07:08:26,708 [Listener at 127.0.0.1/40377] INFO  server.session (DefaultSessionIdManager.java:doStart(334)) - DefaultSessionIdManager workerName=node0
2022-11-10 07:08:26,708 [Listener at 127.0.0.1/40377] INFO  server.session (DefaultSessionIdManager.java:doStart(339)) - No SessionScavenger set, using defaults
2022-11-10 07:08:26,708 [Listener at 127.0.0.1/40377] INFO  server.session (HouseKeeper.java:startScavenging(132)) - node0 Scavenging every 660000ms
2022-11-10 07:08:26,712 [Listener at 127.0.0.1/40377] INFO  handler.ContextHandler (ContextHandler.java:doStart(921)) - Started o.e.j.s.ServletContextHandler@41ff58f6{logs,/logs,file:///home/runner/work/ozone/ozone/hadoop-ozone/integration-test/target/log,AVAILABLE}
2022-11-10 07:08:26,712 [Listener at 127.0.0.1/40377] INFO  handler.ContextHandler (ContextHandler.java:doStart(921)) - Started o.e.j.s.ServletContextHandler@5b64fa1{static,/static,file:///home/runner/work/ozone/ozone/hadoop-ozone/integration-test/target/test-classes/webapps/static,AVAILABLE}
2022-11-10 07:08:26,715 [Listener at 127.0.0.1/40377] INFO  handler.ContextHandler (ContextHandler.java:doStart(921)) - Started o.e.j.w.WebAppContext@191893f4{ozoneManager,/,file:///home/runner/work/ozone/ozone/hadoop-ozone/integration-test/target/test-classes/webapps/ozoneManager/,AVAILABLE}{file:/home/runner/work/ozone/ozone/hadoop-ozone/integration-test/target/test-classes/webapps/ozoneManager}
2022-11-10 07:08:26,716 [Listener at 127.0.0.1/40377] INFO  server.AbstractConnector (AbstractConnector.java:doStart(333)) - Started ServerConnector@2829eec0{HTTP/1.1, (http/1.1)}{0.0.0.0:46743}
2022-11-10 07:08:26,717 [Listener at 127.0.0.1/40377] INFO  server.Server (Server.java:doStart(415)) - Started @24751ms
2022-11-10 07:08:26,717 [Listener at 127.0.0.1/40377] WARN  impl.MetricsSystemImpl (MetricsSystemImpl.java:register(279)) - Sink prometheus already exists!
2022-11-10 07:08:26,717 [Listener at 127.0.0.1/40377] INFO  http.BaseHttpServer (BaseHttpServer.java:updateConnectorAddress(333)) - HTTP server of ozoneManager listening at http://0.0.0.0:46743
2022-11-10 07:08:26,717 [IPC Server Responder] INFO  ipc.Server (Server.java:run(1512)) - IPC Server Responder: starting
2022-11-10 07:08:26,720 [IPC Server listener on 40377] INFO  ipc.Server (Server.java:run(1352)) - IPC Server listener on 40377: starting
2022-11-10 07:08:26,729 [Listener at 127.0.0.1/40377] INFO  om.OzoneManager (OzoneManager.java:startTrashEmptier(1921)) - Trash Interval set to 0. Files deleted won't move to trash
2022-11-10 07:08:26,729 [Listener at 127.0.0.1/40377] INFO  ozone.MiniOzoneHAClusterImpl (MiniOzoneHAClusterImpl.java:createOMService(527)) - Started OzoneManager omNode-3 RPC server at localhost/127.0.0.1:40377
2022-11-10 07:08:26,748 [org.apache.hadoop.util.JvmPauseMonitor$Monitor@795873a7] INFO  util.JvmPauseMonitor (JvmPauseMonitor.java:run(188)) - Starting JVM pause monitor
2022-11-10 07:08:26,752 [omNode-2@group-6C22E66A003A-FollowerState] INFO  impl.FollowerState (FollowerState.java:run(143)) - omNode-2@group-6C22E66A003A-FollowerState: change to CANDIDATE, lastRpcElapsedTime:1079686586ns, electionTimeout:1075ms
2022-11-10 07:08:26,752 [omNode-2@group-6C22E66A003A-FollowerState] INFO  impl.RoleInfo (RoleInfo.java:shutdownFollowerState(110)) - omNode-2: shutdown omNode-2@group-6C22E66A003A-FollowerState
2022-11-10 07:08:26,752 [omNode-2@group-6C22E66A003A-FollowerState] INFO  server.RaftServer$Division (RaftServerImpl.java:setRole(321)) - omNode-2@group-6C22E66A003A: changes role from  FOLLOWER to CANDIDATE at term 0 for changeToCandidate
2022-11-10 07:08:26,752 [omNode-2@group-6C22E66A003A-FollowerState] INFO  server.RaftServerConfigKeys (ConfUtils.java:logGet(46)) - raft.server.leaderelection.pre-vote = false (custom)
2022-11-10 07:08:26,752 [omNode-2@group-6C22E66A003A-FollowerState] INFO  impl.RoleInfo (RoleInfo.java:updateAndGet(139)) - omNode-2: start omNode-2@group-6C22E66A003A-LeaderElection4
2022-11-10 07:08:26,781 [omNode-2@group-6C22E66A003A-LeaderElection4] INFO  impl.LeaderElection (LeaderElection.java:askForVotes(312)) - omNode-2@group-6C22E66A003A-LeaderElection4 ELECTION round 0: submit vote requests at term 1 for -1: peers:[omNode-3|rpc:localhost:44869|priority:0|startupRole:FOLLOWER, omNode-1|rpc:localhost:36691|priority:0|startupRole:FOLLOWER, omNode-2|rpc:localhost:41743|priority:0|startupRole:FOLLOWER]|listeners:[], old=null
2022-11-10 07:08:26,786 [omNode-2@group-6C22E66A003A-LeaderElection4-1] INFO  server.GrpcServerProtocolClient (GrpcServerProtocolClient.java:<init>(63)) - Build channel for omNode-3
2022-11-10 07:08:26,789 [omNode-2@group-6C22E66A003A-LeaderElection4] INFO  server.RaftServerConfigKeys (ConfUtils.java:logFallback(53)) - raft.server.rpc.first-election.timeout.min = 1s (fallback to raft.server.rpc.timeout.min)
2022-11-10 07:08:26,789 [omNode-2@group-6C22E66A003A-LeaderElection4] INFO  server.RaftServerConfigKeys (ConfUtils.java:logFallback(53)) - raft.server.rpc.first-election.timeout.max = 1200ms (fallback to raft.server.rpc.timeout.max)
2022-11-10 07:08:26,792 [omNode-2@group-6C22E66A003A-LeaderElection4-2] INFO  server.GrpcServerProtocolClient (GrpcServerProtocolClient.java:<init>(63)) - Build channel for omNode-1
2022-11-10 07:08:26,802 [grpc-default-executor-0] INFO  server.RaftServer$Division (RaftServerImpl.java:requestVote(1218)) - omNode-3@group-6C22E66A003A: receive requestVote(ELECTION, omNode-2, group-6C22E66A003A, 1, (t:0, i:~))
2022-11-10 07:08:26,804 [grpc-default-executor-0] INFO  impl.VoteContext (VoteContext.java:log(48)) - omNode-3@group-6C22E66A003A-FOLLOWER: accept ELECTION from omNode-2: our priority 0 <= candidate's priority 0
2022-11-10 07:08:26,804 [grpc-default-executor-0] INFO  server.RaftServer$Division (RaftServerImpl.java:setRole(321)) - omNode-3@group-6C22E66A003A: changes role from  FOLLOWER to FOLLOWER at term 1 for candidate:omNode-2
2022-11-10 07:08:26,804 [grpc-default-executor-0] INFO  impl.RoleInfo (RoleInfo.java:shutdownFollowerState(110)) - omNode-3: shutdown omNode-3@group-6C22E66A003A-FollowerState
2022-11-10 07:08:26,804 [grpc-default-executor-0] INFO  impl.RoleInfo (RoleInfo.java:updateAndGet(139)) - omNode-3: start omNode-3@group-6C22E66A003A-FollowerState
2022-11-10 07:08:26,805 [omNode-3@group-6C22E66A003A-FollowerState] INFO  impl.FollowerState (FollowerState.java:run(152)) - omNode-3@group-6C22E66A003A-FollowerState was interrupted
2022-11-10 07:08:26,814 [grpc-default-executor-0] INFO  server.RaftServer$Division (RaftServerImpl.java:requestVote(1251)) - omNode-3@group-6C22E66A003A replies to ELECTION vote request: omNode-2<-omNode-3#0:OK-t1. Peer's state: omNode-3@group-6C22E66A003A:t1, leader=null, voted=omNode-2, raftlog=Memoized:omNode-3@group-6C22E66A003A-SegmentedRaftLog:OPENED:c-1, conf=-1: peers:[omNode-3|rpc:localhost:44869|priority:0|startupRole:FOLLOWER, omNode-1|rpc:localhost:36691|priority:0|startupRole:FOLLOWER, omNode-2|rpc:localhost:41743|priority:0|startupRole:FOLLOWER]|listeners:[], old=null
2022-11-10 07:08:26,819 [omNode-3@group-6C22E66A003A-FollowerState] INFO  server.RaftServerConfigKeys (ConfUtils.java:logFallback(53)) - raft.server.rpc.first-election.timeout.min = 1s (fallback to raft.server.rpc.timeout.min)
2022-11-10 07:08:26,819 [omNode-3@group-6C22E66A003A-FollowerState] INFO  server.RaftServerConfigKeys (ConfUtils.java:logFallback(53)) - raft.server.rpc.first-election.timeout.max = 1200ms (fallback to raft.server.rpc.timeout.max)
2022-11-10 07:08:26,823 [grpc-default-executor-0] INFO  server.RaftServer$Division (RaftServerImpl.java:requestVote(1218)) - omNode-1@group-6C22E66A003A: receive requestVote(ELECTION, omNode-2, group-6C22E66A003A, 1, (t:0, i:~))
2022-11-10 07:08:26,825 [grpc-default-executor-0] INFO  impl.VoteContext (VoteContext.java:log(48)) - omNode-1@group-6C22E66A003A-FOLLOWER: reject ELECTION from omNode-2: already has voted for omNode-1 at current term 1
2022-11-10 07:08:26,825 [grpc-default-executor-0] INFO  server.RaftServer$Division (RaftServerImpl.java:requestVote(1251)) - omNode-1@group-6C22E66A003A replies to ELECTION vote request: omNode-2<-omNode-1#0:FAIL-t1. Peer's state: omNode-1@group-6C22E66A003A:t1, leader=null, voted=omNode-1, raftlog=Memoized:omNode-1@group-6C22E66A003A-SegmentedRaftLog:OPENED:c-1, conf=-1: peers:[omNode-3|rpc:localhost:44869|priority:0|startupRole:FOLLOWER, omNode-1|rpc:localhost:36691|priority:0|startupRole:FOLLOWER, omNode-2|rpc:localhost:41743|priority:0|startupRole:FOLLOWER]|listeners:[], old=null
2022-11-10 07:08:26,824 [omNode-2@group-6C22E66A003A-LeaderElection4] INFO  impl.LeaderElection (LeaderElection.java:logAndReturn(90)) - omNode-2@group-6C22E66A003A-LeaderElection4: ELECTION PASSED received 1 response(s) and 0 exception(s):
2022-11-10 07:08:26,826 [omNode-2@group-6C22E66A003A-LeaderElection4] INFO  impl.LeaderElection (LeaderElection.java:logAndReturn(94)) -   Response 0: omNode-2<-omNode-3#0:OK-t1
2022-11-10 07:08:26,826 [omNode-2@group-6C22E66A003A-LeaderElection4] INFO  impl.LeaderElection (LeaderElection.java:askForVotes(314)) - omNode-2@group-6C22E66A003A-LeaderElection4 ELECTION round 0: result PASSED
2022-11-10 07:08:26,826 [omNode-2@group-6C22E66A003A-LeaderElection4] INFO  impl.RoleInfo (RoleInfo.java:shutdownLeaderElection(130)) - omNode-2: shutdown omNode-2@group-6C22E66A003A-LeaderElection4
2022-11-10 07:08:26,827 [omNode-2@group-6C22E66A003A-LeaderElection4] INFO  server.RaftServer$Division (RaftServerImpl.java:setRole(321)) - omNode-2@group-6C22E66A003A: changes role from CANDIDATE to LEADER at term 1 for changeToLeader
2022-11-10 07:08:26,827 [omNode-2@group-6C22E66A003A-LeaderElection4] INFO  server.RaftServer$Division (ServerState.java:setLeader(313)) - omNode-2@group-6C22E66A003A: change Leader from null to omNode-2 at term 1 for becomeLeader, leader elected after 1931ms
2022-11-10 07:08:26,827 [omNode-2@group-6C22E66A003A-LeaderElection4] INFO  server.RaftServerConfigKeys (ConfUtils.java:logGet(46)) - raft.server.staging.catchup.gap = 1000 (default)
2022-11-10 07:08:26,827 [omNode-2@group-6C22E66A003A-LeaderElection4] INFO  server.RaftServerConfigKeys (ConfUtils.java:logGet(46)) - raft.server.write.element-limit = 4096 (default)
2022-11-10 07:08:26,827 [omNode-2@group-6C22E66A003A-LeaderElection4] INFO  server.RaftServerConfigKeys (ConfUtils.java:logGet(46)) - raft.server.write.byte-limit = 64MB (=67108864) (default)
2022-11-10 07:08:26,827 [omNode-2@group-6C22E66A003A-LeaderElection4] INFO  server.RaftServerConfigKeys (ConfUtils.java:logGet(46)) - raft.server.watch.timeout = 10s (default)
2022-11-10 07:08:26,827 [omNode-2@group-6C22E66A003A-LeaderElection4] INFO  server.RaftServerConfigKeys (ConfUtils.java:logGet(46)) - raft.server.watch.timeout.denomination = 1s (default)
2022-11-10 07:08:26,827 [omNode-2@group-6C22E66A003A-LeaderElection4] INFO  server.RaftServerConfigKeys (ConfUtils.java:logGet(46)) - raft.server.watch.element-limit = 65536 (default)
2022-11-10 07:08:26,827 [omNode-2@group-6C22E66A003A-LeaderElection4] INFO  server.RaftServerConfigKeys (ConfUtils.java:logGet(46)) - raft.server.write.element-limit = 4096 (default)
2022-11-10 07:08:26,827 [omNode-2@group-6C22E66A003A-LeaderElection4] INFO  server.RaftServerConfigKeys (ConfUtils.java:logGet(46)) - raft.server.write.follower.gap.ratio.max = -1.0 (default)
2022-11-10 07:08:26,828 [omNode-2@group-6C22E66A003A-LeaderElection4] INFO  server.RaftServerConfigKeys (ConfUtils.java:logGet(46)) - raft.server.log.appender.snapshot.chunk.size.max = 16MB (=16777216) (default)
2022-11-10 07:08:26,828 [omNode-2@group-6C22E66A003A-LeaderElection4] INFO  server.RaftServerConfigKeys (ConfUtils.java:logGet(46)) - raft.server.log.appender.buffer.byte-limit = 33554432 (custom)
2022-11-10 07:08:26,828 [omNode-2@group-6C22E66A003A-LeaderElection4] INFO  server.RaftServerConfigKeys (ConfUtils.java:logGet(46)) - raft.server.log.appender.buffer.element-limit = 1024 (custom)
2022-11-10 07:08:26,828 [omNode-2@group-6C22E66A003A-LeaderElection4] INFO  grpc.GrpcConfigKeys (ConfUtils.java:logGet(46)) - raft.grpc.server.leader.outstanding.appends.max = 128 (default)
2022-11-10 07:08:26,828 [omNode-2@group-6C22E66A003A-LeaderElection4] INFO  server.RaftServerConfigKeys (ConfUtils.java:logGet(46)) - raft.server.rpc.request.timeout = 3000ms (default)
2022-11-10 07:08:26,828 [omNode-2@group-6C22E66A003A-LeaderElection4] INFO  server.RaftServerConfigKeys (ConfUtils.java:logGet(46)) - raft.server.log.appender.install.snapshot.enabled = false (custom)
2022-11-10 07:08:26,828 [omNode-2@group-6C22E66A003A-LeaderElection4] INFO  grpc.GrpcConfigKeys (ConfUtils.java:logGet(46)) - raft.grpc.server.heartbeat.channel = true (default)
2022-11-10 07:08:26,828 [omNode-2@group-6C22E66A003A-LeaderElection4] INFO  server.RaftServerConfigKeys (ConfUtils.java:logGet(46)) - raft.server.log.appender.wait-time.min = 10ms (default)
2022-11-10 07:08:26,829 [omNode-2@group-6C22E66A003A-LeaderElection4] INFO  server.RaftServerConfigKeys (ConfUtils.java:logGet(46)) - raft.server.log.appender.snapshot.chunk.size.max = 16MB (=16777216) (default)
2022-11-10 07:08:26,829 [omNode-2@group-6C22E66A003A-LeaderElection4] INFO  server.RaftServerConfigKeys (ConfUtils.java:logGet(46)) - raft.server.log.appender.buffer.byte-limit = 33554432 (custom)
2022-11-10 07:08:26,829 [omNode-2@group-6C22E66A003A-LeaderElection4] INFO  server.RaftServerConfigKeys (ConfUtils.java:logGet(46)) - raft.server.log.appender.buffer.element-limit = 1024 (custom)
2022-11-10 07:08:26,829 [omNode-2@group-6C22E66A003A-LeaderElection4] INFO  grpc.GrpcConfigKeys (ConfUtils.java:logGet(46)) - raft.grpc.server.leader.outstanding.appends.max = 128 (default)
2022-11-10 07:08:26,829 [omNode-2@group-6C22E66A003A-LeaderElection4] INFO  server.RaftServerConfigKeys (ConfUtils.java:logGet(46)) - raft.server.rpc.request.timeout = 3000ms (default)
2022-11-10 07:08:26,829 [omNode-2@group-6C22E66A003A-LeaderElection4] INFO  server.RaftServerConfigKeys (ConfUtils.java:logGet(46)) - raft.server.log.appender.install.snapshot.enabled = false (custom)
2022-11-10 07:08:26,829 [omNode-2@group-6C22E66A003A-LeaderElection4] INFO  grpc.GrpcConfigKeys (ConfUtils.java:logGet(46)) - raft.grpc.server.heartbeat.channel = true (default)
2022-11-10 07:08:26,829 [omNode-2@group-6C22E66A003A-LeaderElection4] INFO  server.RaftServerConfigKeys (ConfUtils.java:logGet(46)) - raft.server.log.appender.wait-time.min = 10ms (default)
2022-11-10 07:08:26,829 [omNode-2@group-6C22E66A003A-LeaderElection4] INFO  impl.RoleInfo (RoleInfo.java:updateAndGet(139)) - omNode-2: start omNode-2@group-6C22E66A003A-LeaderStateImpl
2022-11-10 07:08:26,829 [omNode-2@group-6C22E66A003A-LeaderElection4] INFO  segmented.SegmentedRaftLogWorker (SegmentedRaftLogWorker.java:startLogSegment(452)) - omNode-2@group-6C22E66A003A-SegmentedRaftLogWorker: Starting segment from index:0
2022-11-10 07:08:26,838 [omNode-2@group-6C22E66A003A-SegmentedRaftLogWorker] INFO  segmented.SegmentedRaftLogWorker (SegmentedRaftLogWorker.java:execute(656)) - omNode-2@group-6C22E66A003A-SegmentedRaftLogWorker: created new log segment /home/runner/work/ozone/ozone/hadoop-ozone/integration-test/target/test-dir/MiniOzoneClusterImpl-a89f51d4-237d-44f8-8386-a6bae3bff50d/omNode-2/ratis/9c9825ce-8ba7-3ee6-a7c3-6c22e66a003a/current/log_inprogress_0
2022-11-10 07:08:26,857 [omNode-2@group-6C22E66A003A-LeaderElection4] INFO  server.RaftServer$Division (ServerState.java:setRaftConf(430)) - omNode-2@group-6C22E66A003A: set configuration 0: peers:[omNode-3|rpc:localhost:44869|admin:|client:|dataStream:|priority:0|startupRole:FOLLOWER, omNode-1|rpc:localhost:36691|admin:|client:|dataStream:|priority:0|startupRole:FOLLOWER, omNode-2|rpc:localhost:41743|admin:|client:|dataStream:|priority:0|startupRole:FOLLOWER]|listeners:[], old=null
2022-11-10 07:08:26,860 [omNode-1@group-6C22E66A003A-FollowerState] INFO  impl.FollowerState (FollowerState.java:run(143)) - omNode-1@group-6C22E66A003A-FollowerState: change to CANDIDATE, lastRpcElapsedTime:1180928997ns, electionTimeout:1161ms
2022-11-10 07:08:26,860 [omNode-1@group-6C22E66A003A-FollowerState] INFO  impl.RoleInfo (RoleInfo.java:shutdownFollowerState(110)) - omNode-1: shutdown omNode-1@group-6C22E66A003A-FollowerState
2022-11-10 07:08:26,860 [omNode-1@group-6C22E66A003A-FollowerState] INFO  server.RaftServer$Division (RaftServerImpl.java:setRole(321)) - omNode-1@group-6C22E66A003A: changes role from  FOLLOWER to CANDIDATE at term 1 for changeToCandidate
2022-11-10 07:08:26,860 [omNode-1@group-6C22E66A003A-FollowerState] INFO  server.RaftServerConfigKeys (ConfUtils.java:logGet(46)) - raft.server.leaderelection.pre-vote = false (custom)
2022-11-10 07:08:26,860 [omNode-1@group-6C22E66A003A-FollowerState] INFO  impl.RoleInfo (RoleInfo.java:updateAndGet(139)) - omNode-1: start omNode-1@group-6C22E66A003A-LeaderElection5
2022-11-10 07:08:26,883 [omNode-1@group-6C22E66A003A-LeaderElection5] INFO  impl.LeaderElection (LeaderElection.java:askForVotes(312)) - omNode-1@group-6C22E66A003A-LeaderElection5 ELECTION round 0: submit vote requests at term 2 for -1: peers:[omNode-3|rpc:localhost:44869|priority:0|startupRole:FOLLOWER, omNode-1|rpc:localhost:36691|priority:0|startupRole:FOLLOWER, omNode-2|rpc:localhost:41743|priority:0|startupRole:FOLLOWER]|listeners:[], old=null
2022-11-10 07:08:26,888 [omNode-1@group-6C22E66A003A-LeaderElection5] INFO  server.RaftServerConfigKeys (ConfUtils.java:logFallback(53)) - raft.server.rpc.first-election.timeout.min = 1s (fallback to raft.server.rpc.timeout.min)
2022-11-10 07:08:26,888 [omNode-1@group-6C22E66A003A-LeaderElection5] INFO  server.RaftServerConfigKeys (ConfUtils.java:logFallback(53)) - raft.server.rpc.first-election.timeout.max = 1200ms (fallback to raft.server.rpc.timeout.max)
2022-11-10 07:08:26,888 [omNode-1@group-6C22E66A003A-LeaderElection5] INFO  impl.LeaderElection (LogUtils.java:infoOrTrace(137)) - omNode-1@group-6C22E66A003A-LeaderElection5 got exception when requesting votes: java.util.concurrent.ExecutionException: org.apache.ratis.thirdparty.io.grpc.StatusRuntimeException: UNAVAILABLE: io exception
2022-11-10 07:08:26,859 [omNode-2@group-6C22E66A003A-StateMachineUpdater] INFO  ratis.OzoneManagerStateMachine (OzoneManagerStateMachine.java:notifyConfigurationChanged(192)) - Received Configuration change notification from Ratis. New Peer list:
[id: "omNode-3"
address: "localhost:44869"
startupRole: FOLLOWER
, id: "omNode-1"
address: "localhost:36691"
startupRole: FOLLOWER
, id: "omNode-2"
address: "localhost:41743"
startupRole: FOLLOWER
]
2022-11-10 07:08:26,905 [grpc-default-executor-1] INFO  server.RaftServer$Division (RaftServerImpl.java:requestVote(1218)) - omNode-2@group-6C22E66A003A: receive requestVote(ELECTION, omNode-1, group-6C22E66A003A, 2, (t:0, i:~))
2022-11-10 07:08:26,905 [grpc-default-executor-1] INFO  impl.VoteContext (VoteContext.java:log(48)) - omNode-2@group-6C22E66A003A-LEADER: reject ELECTION from omNode-1: our last entry (t:1, i:0) > candidate's last entry (t:0, i:~)
2022-11-10 07:08:26,928 [grpc-default-executor-1] INFO  server.RaftServer$Division (ServerState.java:setLeader(313)) - omNode-2@group-6C22E66A003A: change Leader from omNode-2 to null at term 2 for updateCurrentTerm
2022-11-10 07:08:26,928 [grpc-default-executor-1] INFO  server.RaftServer$Division (RaftServerImpl.java:setRole(321)) - omNode-2@group-6C22E66A003A: changes role from    LEADER to FOLLOWER at term 2 for candidate:omNode-1
2022-11-10 07:08:26,928 [grpc-default-executor-1] INFO  impl.RoleInfo (RoleInfo.java:shutdownLeaderState(93)) - omNode-2: shutdown omNode-2@group-6C22E66A003A-LeaderStateImpl
2022-11-10 07:08:26,929 [omNode-3-server-thread1] INFO  server.RaftServer$Division (ServerState.java:setLeader(313)) - omNode-3@group-6C22E66A003A: change Leader from null to omNode-2 at term 1 for appendEntries, leader elected after 826ms
2022-11-10 07:08:26,940 [omNode-3-server-thread1] INFO  server.RaftServer$Division (ServerState.java:setRaftConf(430)) - omNode-3@group-6C22E66A003A: set configuration 0: peers:[omNode-3|rpc:localhost:44869|admin:|client:|dataStream:|priority:0|startupRole:FOLLOWER, omNode-1|rpc:localhost:36691|admin:|client:|dataStream:|priority:0|startupRole:FOLLOWER, omNode-2|rpc:localhost:41743|admin:|client:|dataStream:|priority:0|startupRole:FOLLOWER]|listeners:[], old=null
2022-11-10 07:08:26,940 [omNode-3-server-thread1] INFO  segmented.SegmentedRaftLogWorker (SegmentedRaftLogWorker.java:startLogSegment(452)) - omNode-3@group-6C22E66A003A-SegmentedRaftLogWorker: Starting segment from index:0
2022-11-10 07:08:26,948 [omNode-3@group-6C22E66A003A-SegmentedRaftLogWorker] INFO  segmented.SegmentedRaftLogWorker (SegmentedRaftLogWorker.java:execute(656)) - omNode-3@group-6C22E66A003A-SegmentedRaftLogWorker: created new log segment /home/runner/work/ozone/ozone/hadoop-ozone/integration-test/target/test-dir/MiniOzoneClusterImpl-a89f51d4-237d-44f8-8386-a6bae3bff50d/omNode-3/ratis/9c9825ce-8ba7-3ee6-a7c3-6c22e66a003a/current/log_inprogress_0
2022-11-10 07:08:26,952 [omNode-2@group-6C22E66A003A->omNode-3-GrpcLogAppender-LogAppenderDaemon] WARN  server.GrpcLogAppender (GrpcLogAppender.java:mayWait(200)) - omNode-2@group-6C22E66A003A->omNode-3-GrpcLogAppender: Wait interrupted by java.lang.InterruptedException
2022-11-10 07:08:26,953 [grpc-default-executor-5] INFO  server.GrpcServerProtocolService (GrpcServerProtocolService.java:onCompleted(145)) - omNode-3: Completed APPEND_ENTRIES, lastRequest: null
2022-11-10 07:08:26,954 [grpc-default-executor-0] INFO  server.GrpcServerProtocolService (GrpcServerProtocolService.java:onCompleted(145)) - omNode-3: Completed APPEND_ENTRIES, lastRequest: omNode-2->omNode-3#1-t1,previous=(t:0, i:0),leaderCommit=0,initializing? true,entries: size=1, first=(t:1, i:0), CONFIGURATIONENTRY(current:id: "omNode-3"
address: "localhost:44869"
startupRole: FOLLOWER
,id: "omNode-1"
address: "localhost:36691"
startupRole: FOLLOWER
,id: "omNode-2"
address: "localhost:41743"
startupRole: FOLLOWER
, old:)
2022-11-10 07:08:26,972 [grpc-default-executor-6] INFO  server.GrpcLogAppender (GrpcLogAppender.java:onCompleted(415)) - omNode-2@group-6C22E66A003A->omNode-3-AppendLogResponseHandler: follower responses appendEntries COMPLETED
2022-11-10 07:08:26,974 [grpc-default-executor-6] INFO  leader.FollowerInfo (FollowerInfoImpl.java:lambda$new$0(48)) - omNode-2@group-6C22E66A003A->omNode-3: nextIndex: updateUnconditionally 1 -> 0
2022-11-10 07:08:26,983 [omNode-2@group-6C22E66A003A->omNode-1-GrpcLogAppender-LogAppenderDaemon] WARN  server.GrpcLogAppender (GrpcLogAppender.java:mayWait(200)) - omNode-2@group-6C22E66A003A->omNode-1-GrpcLogAppender: Wait interrupted by java.lang.InterruptedException
2022-11-10 07:08:26,986 [grpc-default-executor-0] INFO  server.GrpcServerProtocolService (GrpcServerProtocolService.java:onCompleted(145)) - omNode-1: Completed APPEND_ENTRIES, lastRequest: omNode-2->omNode-1#1-t1,previous=(t:0, i:0),leaderCommit=0,initializing? true,entries: size=1, first=(t:1, i:0), CONFIGURATIONENTRY(current:id: "omNode-3"
address: "localhost:44869"
startupRole: FOLLOWER
,id: "omNode-1"
address: "localhost:36691"
startupRole: FOLLOWER
,id: "omNode-2"
address: "localhost:41743"
startupRole: FOLLOWER
, old:)
2022-11-10 07:08:26,987 [grpc-default-executor-5] INFO  server.GrpcServerProtocolService (GrpcServerProtocolService.java:onCompleted(145)) - omNode-1: Completed APPEND_ENTRIES, lastRequest: null
2022-11-10 07:08:26,987 [grpc-default-executor-7] INFO  server.GrpcLogAppender (GrpcLogAppender.java:onCompleted(415)) - omNode-2@group-6C22E66A003A->omNode-3-AppendLogResponseHandler: follower responses appendEntries COMPLETED
2022-11-10 07:08:26,994 [grpc-default-executor-7] INFO  leader.FollowerInfo (FollowerInfoImpl.java:lambda$new$0(48)) - omNode-2@group-6C22E66A003A->omNode-3: nextIndex: updateUnconditionally 0 -> 0
2022-11-10 07:08:26,984 [grpc-default-executor-1] INFO  impl.PendingRequests (PendingRequests.java:sendNotLeaderResponses(282)) - omNode-2@group-6C22E66A003A-PendingRequests: sendNotLeaderResponses
2022-11-10 07:08:26,987 [omNode-3@group-6C22E66A003A-StateMachineUpdater] INFO  ratis.OzoneManagerStateMachine (OzoneManagerStateMachine.java:notifyConfigurationChanged(192)) - Received Configuration change notification from Ratis. New Peer list:
[id: "omNode-3"
address: "localhost:44869"
startupRole: FOLLOWER
, id: "omNode-1"
address: "localhost:36691"
startupRole: FOLLOWER
, id: "omNode-2"
address: "localhost:41743"
startupRole: FOLLOWER
]
2022-11-10 07:08:26,994 [grpc-default-executor-1] INFO  impl.RoleInfo (RoleInfo.java:updateAndGet(139)) - omNode-2: start omNode-2@group-6C22E66A003A-FollowerState
2022-11-10 07:08:27,008 [grpc-default-executor-1] INFO  server.RaftServer$Division (RaftServerImpl.java:requestVote(1251)) - omNode-2@group-6C22E66A003A replies to ELECTION vote request: omNode-1<-omNode-2#0:FAIL-t2. Peer's state: omNode-2@group-6C22E66A003A:t2, leader=null, voted=null, raftlog=Memoized:omNode-2@group-6C22E66A003A-SegmentedRaftLog:OPENED:c0, conf=0: peers:[omNode-3|rpc:localhost:44869|admin:|client:|dataStream:|priority:0|startupRole:FOLLOWER, omNode-1|rpc:localhost:36691|admin:|client:|dataStream:|priority:0|startupRole:FOLLOWER, omNode-2|rpc:localhost:41743|admin:|client:|dataStream:|priority:0|startupRole:FOLLOWER]|listeners:[], old=null
2022-11-10 07:08:27,009 [grpc-default-executor-2] INFO  server.GrpcLogAppender (GrpcLogAppender.java:onCompleted(415)) - omNode-2@group-6C22E66A003A->omNode-1-AppendLogResponseHandler: follower responses appendEntries COMPLETED
2022-11-10 07:08:27,009 [grpc-default-executor-2] INFO  leader.FollowerInfo (FollowerInfoImpl.java:lambda$new$0(48)) - omNode-2@group-6C22E66A003A->omNode-1: nextIndex: updateUnconditionally 1 -> 0
2022-11-10 07:08:27,009 [omNode-1@group-6C22E66A003A-LeaderElection5] INFO  impl.LeaderElection (LeaderElection.java:logAndReturn(90)) - omNode-1@group-6C22E66A003A-LeaderElection5: ELECTION REJECTED received 1 response(s) and 1 exception(s):
2022-11-10 07:08:27,010 [omNode-1@group-6C22E66A003A-LeaderElection5] INFO  impl.LeaderElection (LeaderElection.java:logAndReturn(94)) -   Response 0: omNode-1<-omNode-2#0:FAIL-t2
2022-11-10 07:08:27,010 [omNode-1@group-6C22E66A003A-LeaderElection5] INFO  impl.LeaderElection (LogUtils.java:infoOrTrace(137)) -   Exception 1: java.util.concurrent.ExecutionException: org.apache.ratis.thirdparty.io.grpc.StatusRuntimeException: UNAVAILABLE: io exception
2022-11-10 07:08:27,010 [omNode-1@group-6C22E66A003A-LeaderElection5] INFO  impl.LeaderElection (LeaderElection.java:askForVotes(314)) - omNode-1@group-6C22E66A003A-LeaderElection5 ELECTION round 0: result REJECTED
2022-11-10 07:08:27,010 [omNode-1@group-6C22E66A003A-LeaderElection5] INFO  server.RaftServer$Division (RaftServerImpl.java:setRole(321)) - omNode-1@group-6C22E66A003A: changes role from CANDIDATE to FOLLOWER at term 2 for REJECTED
2022-11-10 07:08:27,010 [omNode-1@group-6C22E66A003A-LeaderElection5] INFO  impl.RoleInfo (RoleInfo.java:shutdownLeaderElection(130)) - omNode-1: shutdown omNode-1@group-6C22E66A003A-LeaderElection5
2022-11-10 07:08:27,010 [omNode-1@group-6C22E66A003A-LeaderElection5] INFO  impl.RoleInfo (RoleInfo.java:updateAndGet(139)) - omNode-1: start omNode-1@group-6C22E66A003A-FollowerState
2022-11-10 07:08:27,010 [grpc-default-executor-4] INFO  server.GrpcLogAppender (GrpcLogAppender.java:onCompleted(415)) - omNode-2@group-6C22E66A003A->omNode-1-AppendLogResponseHandler: follower responses appendEntries COMPLETED
2022-11-10 07:08:27,010 [grpc-default-executor-4] INFO  leader.FollowerInfo (FollowerInfoImpl.java:lambda$new$0(48)) - omNode-2@group-6C22E66A003A->omNode-1: nextIndex: updateUnconditionally 0 -> 0
2022-11-10 07:08:27,020 [omNode-1@group-6C22E66A003A-FollowerState] INFO  server.RaftServerConfigKeys (ConfUtils.java:logFallback(53)) - raft.server.rpc.first-election.timeout.min = 1s (fallback to raft.server.rpc.timeout.min)
2022-11-10 07:08:27,021 [omNode-1@group-6C22E66A003A-FollowerState] INFO  server.RaftServerConfigKeys (ConfUtils.java:logFallback(53)) - raft.server.rpc.first-election.timeout.max = 1200ms (fallback to raft.server.rpc.timeout.max)
2022-11-10 07:08:27,059 [Listener at 127.0.0.1/40377] WARN  impl.MetricRegistriesImpl (MetricRegistriesImpl.java:addReporterRegistration(111)) - New reporters are added after registries were created. Some metrics will be missing from the reporter. Please add reporter before adding any new registry.
2022-11-10 07:08:27,059 [Listener at 127.0.0.1/40377] WARN  impl.MetricRegistriesImpl (MetricRegistriesImpl.java:addReporterRegistration(111)) - New reporters are added after registries were created. Some metrics will be missing from the reporter. Please add reporter before adding any new registry.
2022-11-10 07:08:27,059 [Listener at 127.0.0.1/40377] INFO  impl.MetricsSystemImpl (MetricsSystemImpl.java:init(158)) - HddsDatanode metrics system started (again)
2022-11-10 07:08:27,073 [Listener at 127.0.0.1/40377] INFO  ozone.HddsDatanodeService (HddsDatanodeService.java:start(236)) - HddsDatanodeService host:fv-az194-925.m3vjxkz4xwiufi3h0wurkpa3rg.cx.internal.cloudapp.net ip:10.1.0.160
2022-11-10 07:08:27,098 [Listener at 127.0.0.1/40377] INFO  upgrade.AbstractLayoutVersionManager (AbstractLayoutVersionManager.java:init(83)) - Initializing Layout version manager with metadata layout = DATANODE_SCHEMA_V3 (version = 4), software layout = DATANODE_SCHEMA_V3 (version = 4)
2022-11-10 07:08:27,146 [Listener at 127.0.0.1/40377] INFO  reflections.Reflections (Reflections.java:scan(232)) - Reflections took 47 ms to scan 7 urls, producing 139 keys and 336 values 
2022-11-10 07:08:27,149 [Listener at 127.0.0.1/40377] INFO  ha.SCMNodeInfo (SCMNodeInfo.java:getPort(197)) - ConfigKey ozone.scm.client.address is deprecated, For configuring different ports for each SCM use PortConfigKey ozone.scm.client.port appended with serviceId and nodeId
2022-11-10 07:08:27,149 [Listener at 127.0.0.1/40377] INFO  ha.SCMNodeInfo (SCMNodeInfo.java:getPort(197)) - ConfigKey ozone.scm.block.client.address is deprecated, For configuring different ports for each SCM use PortConfigKey ozone.scm.block.client.port appended with serviceId and nodeId
2022-11-10 07:08:27,149 [Listener at 127.0.0.1/40377] INFO  ha.SCMNodeInfo (SCMNodeInfo.java:getPort(197)) - ConfigKey ozone.scm.datanode.address is deprecated, For configuring different ports for each SCM use PortConfigKey ozone.scm.datanode.port appended with serviceId and nodeId
2022-11-10 07:08:27,149 [Listener at 127.0.0.1/40377] INFO  ha.SCMNodeInfo (SCMNodeInfo.java:getPort(197)) - ConfigKey ozone.scm.client.address is deprecated, For configuring different ports for each SCM use PortConfigKey ozone.scm.client.port appended with serviceId and nodeId
2022-11-10 07:08:27,149 [Listener at 127.0.0.1/40377] INFO  ha.SCMNodeInfo (SCMNodeInfo.java:getPort(197)) - ConfigKey ozone.scm.block.client.address is deprecated, For configuring different ports for each SCM use PortConfigKey ozone.scm.block.client.port appended with serviceId and nodeId
2022-11-10 07:08:27,150 [Listener at 127.0.0.1/40377] INFO  ha.SCMNodeInfo (SCMNodeInfo.java:getPort(197)) - ConfigKey ozone.scm.datanode.address is deprecated, For configuring different ports for each SCM use PortConfigKey ozone.scm.datanode.port appended with serviceId and nodeId
2022-11-10 07:08:27,150 [Listener at 127.0.0.1/40377] INFO  ha.SCMNodeInfo (SCMNodeInfo.java:getPort(197)) - ConfigKey ozone.scm.client.address is deprecated, For configuring different ports for each SCM use PortConfigKey ozone.scm.client.port appended with serviceId and nodeId
2022-11-10 07:08:27,150 [Listener at 127.0.0.1/40377] INFO  ha.SCMNodeInfo (SCMNodeInfo.java:getPort(197)) - ConfigKey ozone.scm.block.client.address is deprecated, For configuring different ports for each SCM use PortConfigKey ozone.scm.block.client.port appended with serviceId and nodeId
2022-11-10 07:08:27,150 [Listener at 127.0.0.1/40377] INFO  ha.SCMNodeInfo (SCMNodeInfo.java:getPort(197)) - ConfigKey ozone.scm.datanode.address is deprecated, For configuring different ports for each SCM use PortConfigKey ozone.scm.datanode.port appended with serviceId and nodeId
2022-11-10 07:08:27,150 [Listener at 127.0.0.1/40377] INFO  statemachine.DatanodeStateMachine (DatanodeStateMachine.java:getEndPointTaskThreadPoolSize(245)) - Datanode State Machine Task Thread Pool size 4
2022-11-10 07:08:27,202 [Listener at 127.0.0.1/40377] INFO  volume.HddsVolume (HddsVolume.java:<init>(117)) - Creating HddsVolume: /home/runner/work/ozone/ozone/hadoop-ozone/integration-test/target/test-dir/MiniOzoneClusterImpl-a89f51d4-237d-44f8-8386-a6bae3bff50d/datanode-0/data-0/containers/hdds of storage type : DISK capacity : 9223372036854775807
2022-11-10 07:08:27,204 [Listener at 127.0.0.1/40377] INFO  volume.MutableVolumeSet (MutableVolumeSet.java:initializeVolumeSet(174)) - Added Volume : /home/runner/work/ozone/ozone/hadoop-ozone/integration-test/target/test-dir/MiniOzoneClusterImpl-a89f51d4-237d-44f8-8386-a6bae3bff50d/datanode-0/data-0/containers/hdds to VolumeSet
2022-11-10 07:08:27,205 [Listener at 127.0.0.1/40377] INFO  volume.ThrottledAsyncChecker (ThrottledAsyncChecker.java:schedule(141)) - Scheduling a check for /home/runner/work/ozone/ozone/hadoop-ozone/integration-test/target/test-dir/MiniOzoneClusterImpl-a89f51d4-237d-44f8-8386-a6bae3bff50d/datanode-0/data-0/containers/hdds
2022-11-10 07:08:27,229 [Listener at 127.0.0.1/40377] INFO  volume.StorageVolumeChecker (StorageVolumeChecker.java:checkAllVolumes(202)) - Scheduled health check for volume /home/runner/work/ozone/ozone/hadoop-ozone/integration-test/target/test-dir/MiniOzoneClusterImpl-a89f51d4-237d-44f8-8386-a6bae3bff50d/datanode-0/data-0/containers/hdds
2022-11-10 07:08:27,246 [Listener at 127.0.0.1/40377] INFO  volume.MutableVolumeSet (MutableVolumeSet.java:initializeVolumeSet(174)) - Added Volume : /home/runner/work/ozone/ozone/hadoop-ozone/integration-test/target/test-dir/MiniOzoneClusterImpl-a89f51d4-237d-44f8-8386-a6bae3bff50d/datanode-0/data/ratis to VolumeSet
2022-11-10 07:08:27,246 [Listener at 127.0.0.1/40377] INFO  volume.ThrottledAsyncChecker (ThrottledAsyncChecker.java:schedule(141)) - Scheduling a check for /home/runner/work/ozone/ozone/hadoop-ozone/integration-test/target/test-dir/MiniOzoneClusterImpl-a89f51d4-237d-44f8-8386-a6bae3bff50d/datanode-0/data/ratis
2022-11-10 07:08:27,246 [Listener at 127.0.0.1/40377] INFO  volume.StorageVolumeChecker (StorageVolumeChecker.java:checkAllVolumes(202)) - Scheduled health check for volume /home/runner/work/ozone/ozone/hadoop-ozone/integration-test/target/test-dir/MiniOzoneClusterImpl-a89f51d4-237d-44f8-8386-a6bae3bff50d/datanode-0/data/ratis
2022-11-10 07:08:27,269 [Thread-697] INFO  ozoneimpl.ContainerReader (ContainerReader.java:readVolume(175)) - Finish verifying containers on volume /home/runner/work/ozone/ozone/hadoop-ozone/integration-test/target/test-dir/MiniOzoneClusterImpl-a89f51d4-237d-44f8-8386-a6bae3bff50d/datanode-0/data-0/containers/hdds
2022-11-10 07:08:27,269 [Listener at 127.0.0.1/40377] INFO  ozoneimpl.OzoneContainer (OzoneContainer.java:buildContainerSet(300)) - Build ContainerSet costs 0s
2022-11-10 07:08:27,315 [Listener at 127.0.0.1/40377] INFO  audit.AuditLogger (AuditLogger.java:refreshDebugCmdSet(126)) - Refresh DebugCmdSet for DNAudit to [].
2022-11-10 07:08:27,342 [Listener at 127.0.0.1/40377] INFO  server.RaftServer (ConfUtils.java:logGet(46)) - raft.rpc.type = GRPC (default)
2022-11-10 07:08:27,342 [Listener at 127.0.0.1/40377] INFO  grpc.GrpcConfigKeys (ConfUtils.java:logFallback(53)) - raft.grpc.admin.host = null (fallback to raft.grpc.server.host)
2022-11-10 07:08:27,342 [Listener at 127.0.0.1/40377] INFO  grpc.GrpcConfigKeys (ConfUtils.java:logGet(46)) - raft.grpc.admin.port = 0 (custom)
2022-11-10 07:08:27,343 [Listener at 127.0.0.1/40377] INFO  grpc.GrpcConfigKeys (ConfUtils.java:logFallback(53)) - raft.grpc.client.host = null (fallback to raft.grpc.server.host)
2022-11-10 07:08:27,343 [Listener at 127.0.0.1/40377] INFO  grpc.GrpcConfigKeys (ConfUtils.java:logGet(46)) - raft.grpc.client.port = 0 (custom)
2022-11-10 07:08:27,343 [Listener at 127.0.0.1/40377] INFO  grpc.GrpcConfigKeys (ConfUtils.java:logGet(46)) - raft.grpc.server.host = null (default)
2022-11-10 07:08:27,343 [Listener at 127.0.0.1/40377] INFO  grpc.GrpcConfigKeys (ConfUtils.java:logGet(46)) - raft.grpc.server.port = 0 (default)
2022-11-10 07:08:27,343 [Listener at 127.0.0.1/40377] INFO  server.GrpcService (ConfUtils.java:logGet(46)) - raft.grpc.message.size.max = 32MB (=33554432) (custom)
2022-11-10 07:08:27,343 [Listener at 127.0.0.1/40377] INFO  server.RaftServerConfigKeys (ConfUtils.java:logGet(46)) - raft.server.log.appender.buffer.byte-limit = 33554432 (custom)
2022-11-10 07:08:27,343 [Listener at 127.0.0.1/40377] INFO  server.GrpcService (ConfUtils.java:logGet(46)) - raft.grpc.flow.control.window = 5MB (=5242880) (custom)
2022-11-10 07:08:27,343 [Listener at 127.0.0.1/40377] INFO  server.RaftServerConfigKeys (ConfUtils.java:logGet(46)) - raft.server.rpc.request.timeout = 60s (custom)
2022-11-10 07:08:27,343 [Listener at 127.0.0.1/40377] INFO  grpc.GrpcConfigKeys (ConfUtils.java:logGet(46)) - raft.grpc.server.heartbeat.channel = true (default)
2022-11-10 07:08:27,343 [Listener at 127.0.0.1/40377] INFO  grpc.GrpcConfigKeys (ConfUtils.java:logGet(46)) - raft.grpc.server.async.request.thread.pool.cached = true (default)
2022-11-10 07:08:27,343 [Listener at 127.0.0.1/40377] INFO  grpc.GrpcConfigKeys (ConfUtils.java:logGet(46)) - raft.grpc.server.async.request.thread.pool.size = 32 (default)
2022-11-10 07:08:27,344 [Listener at 127.0.0.1/40377] INFO  impl.DataStreamServerImpl (ConfUtils.java:logGet(46)) - raft.datastream.type = DISABLED (default)
2022-11-10 07:08:27,345 [Listener at 127.0.0.1/40377] INFO  server.RaftServerConfigKeys (ConfUtils.java:logGet(46)) - raft.server.threadpool.proxy.cached = true (default)
2022-11-10 07:08:27,345 [Listener at 127.0.0.1/40377] INFO  server.RaftServerConfigKeys (ConfUtils.java:logGet(46)) - raft.server.threadpool.proxy.size = 0 (default)
2022-11-10 07:08:27,345 [Listener at 127.0.0.1/40377] INFO  server.RaftServerConfigKeys (ConfUtils.java:logGet(46)) - raft.server.rpc.slowness.timeout = 300s (custom)
2022-11-10 07:08:27,345 [Listener at 127.0.0.1/40377] INFO  server.RaftServerConfigKeys (ConfUtils.java:logGet(46)) - raft.server.leaderelection.leader.step-down.wait-time = 10s (default)
2022-11-10 07:08:27,345 [Listener at 127.0.0.1/40377] INFO  server.RaftServerConfigKeys (ConfUtils.java:logGet(46)) - raft.server.storage.dir = [/home/runner/work/ozone/ozone/hadoop-ozone/integration-test/target/test-dir/MiniOzoneClusterImpl-a89f51d4-237d-44f8-8386-a6bae3bff50d/datanode-0/data/ratis] (custom)
2022-11-10 07:08:27,364 [Listener at 127.0.0.1/40377] INFO  server.XceiverServerGrpc (XceiverServerGrpc.java:<init>(132)) - GrpcServer channel type EpollServerSocketChannel
2022-11-10 07:08:27,435 [Listener at 127.0.0.1/40377] INFO  http.BaseHttpServer (BaseHttpServer.java:newHttpServer2BuilderForOzone(213)) - Starting Web-server for hddsDatanode at: http://0.0.0.0:0
2022-11-10 07:08:27,435 [Listener at 127.0.0.1/40377] INFO  http.BaseHttpServer (BaseHttpServer.java:<init>(108)) - Hadoop Security Enabled: false Ozone Security Enabled: false Ozone HTTP Security Enabled: false 
2022-11-10 07:08:27,437 [Listener at 127.0.0.1/40377] WARN  server.AuthenticationFilter (AuthenticationFilter.java:constructSecretProvider(240)) - Unable to initialize FileSignerSecretProvider, falling back to use random secrets. Reason: Could not read signature secret file: /home/runner/hadoop-http-auth-signature-secret
2022-11-10 07:08:27,437 [Listener at 127.0.0.1/40377] WARN  http.HttpRequestLog (HttpRequestLog.java:getRequestLog(103)) - Jetty request log can only be enabled using Log4j
2022-11-10 07:08:27,439 [Listener at 127.0.0.1/40377] INFO  http.HttpServer2 (HttpServer2.java:addGlobalFilter(1031)) - Added global filter 'safety' (class=org.apache.hadoop.hdds.server.http.HttpServer2$QuotingInputFilter)
2022-11-10 07:08:27,440 [Listener at 127.0.0.1/40377] INFO  http.HttpServer2 (HttpServer2.java:addFilter(1007)) - Added filter static_user_filter (class=org.apache.hadoop.http.lib.StaticUserWebFilter$StaticUserFilter) to context hddsDatanode
2022-11-10 07:08:27,440 [Listener at 127.0.0.1/40377] INFO  http.HttpServer2 (HttpServer2.java:addFilter(1015)) - Added filter static_user_filter (class=org.apache.hadoop.http.lib.StaticUserWebFilter$StaticUserFilter) to context static
2022-11-10 07:08:27,440 [Listener at 127.0.0.1/40377] INFO  http.HttpServer2 (HttpServer2.java:addFilter(1015)) - Added filter static_user_filter (class=org.apache.hadoop.http.lib.StaticUserWebFilter$StaticUserFilter) to context logs
2022-11-10 07:08:27,440 [Listener at 127.0.0.1/40377] INFO  http.HttpServer2 (HttpServer2.java:bindListener(1250)) - Jetty bound to port 35753
2022-11-10 07:08:27,440 [Listener at 127.0.0.1/40377] INFO  server.Server (Server.java:doStart(375)) - jetty-9.4.49.v20220914; built: 2022-09-14T01:07:36.601Z; git: 4231a3b2e4cb8548a412a789936d640a97b1aa0a; jvm 1.8.0_345-b01
2022-11-10 07:08:27,455 [Listener at 127.0.0.1/40377] INFO  server.session (DefaultSessionIdManager.java:doStart(334)) - DefaultSessionIdManager workerName=node0
2022-11-10 07:08:27,455 [Listener at 127.0.0.1/40377] INFO  server.session (DefaultSessionIdManager.java:doStart(339)) - No SessionScavenger set, using defaults
2022-11-10 07:08:27,455 [Listener at 127.0.0.1/40377] INFO  server.session (HouseKeeper.java:startScavenging(132)) - node0 Scavenging every 600000ms
2022-11-10 07:08:27,456 [Listener at 127.0.0.1/40377] INFO  handler.ContextHandler (ContextHandler.java:doStart(921)) - Started o.e.j.s.ServletContextHandler@48ef8dc0{logs,/logs,file:///home/runner/work/ozone/ozone/hadoop-ozone/integration-test/target/log,AVAILABLE}
2022-11-10 07:08:27,456 [Listener at 127.0.0.1/40377] INFO  handler.ContextHandler (ContextHandler.java:doStart(921)) - Started o.e.j.s.ServletContextHandler@d031eff{static,/static,jar:file:/home/runner/.m2/repository/org/apache/ozone/hdds-container-service/1.3.0-SNAPSHOT/hdds-container-service-1.3.0-SNAPSHOT.jar!/webapps/static,AVAILABLE}
2022-11-10 07:08:27,655 [Listener at 127.0.0.1/40377] INFO  handler.ContextHandler (ContextHandler.java:doStart(921)) - Started o.e.j.w.WebAppContext@7869840{hddsDatanode,/,file:///tmp/jetty-0_0_0_0-35753-hdds-container-service-1_3_0-SNAPSHOT_jar-_-any-6410965072482528300/webapp/,AVAILABLE}{jar:file:/home/runner/.m2/repository/org/apache/ozone/hdds-container-service/1.3.0-SNAPSHOT/hdds-container-service-1.3.0-SNAPSHOT.jar!/webapps/hddsDatanode}
2022-11-10 07:08:27,657 [Listener at 127.0.0.1/40377] INFO  server.AbstractConnector (AbstractConnector.java:doStart(333)) - Started ServerConnector@1545c632{HTTP/1.1, (http/1.1)}{0.0.0.0:35753}
2022-11-10 07:08:27,657 [Listener at 127.0.0.1/40377] INFO  server.Server (Server.java:doStart(415)) - Started @25691ms
2022-11-10 07:08:27,657 [Listener at 127.0.0.1/40377] WARN  impl.MetricsSystemImpl (MetricsSystemImpl.java:register(279)) - Sink prometheus already exists!
2022-11-10 07:08:27,657 [Listener at 127.0.0.1/40377] INFO  http.BaseHttpServer (BaseHttpServer.java:updateConnectorAddress(333)) - HTTP server of hddsDatanode listening at http://0.0.0.0:35753
2022-11-10 07:08:27,660 [Listener at 127.0.0.1/40377] WARN  impl.MetricRegistriesImpl (MetricRegistriesImpl.java:addReporterRegistration(111)) - New reporters are added after registries were created. Some metrics will be missing from the reporter. Please add reporter before adding any new registry.
2022-11-10 07:08:27,660 [Listener at 127.0.0.1/40377] WARN  impl.MetricRegistriesImpl (MetricRegistriesImpl.java:addReporterRegistration(111)) - New reporters are added after registries were created. Some metrics will be missing from the reporter. Please add reporter before adding any new registry.
2022-11-10 07:08:27,660 [Listener at 127.0.0.1/40377] INFO  impl.MetricsSystemImpl (MetricsSystemImpl.java:init(158)) - HddsDatanode metrics system started (again)
2022-11-10 07:08:27,666 [Datanode State Machine Daemon Thread] INFO  statemachine.DatanodeStateMachine (DatanodeStateMachine.java:lambda$startDaemon$0(505)) - Ozone container server started.
2022-11-10 07:08:27,701 [Datanode State Machine Task Thread - 0] INFO  ha.SCMNodeInfo (SCMNodeInfo.java:getPort(197)) - ConfigKey ozone.scm.client.address is deprecated, For configuring different ports for each SCM use PortConfigKey ozone.scm.client.port appended with serviceId and nodeId
2022-11-10 07:08:27,704 [Datanode State Machine Task Thread - 0] INFO  ha.SCMNodeInfo (SCMNodeInfo.java:getPort(197)) - ConfigKey ozone.scm.block.client.address is deprecated, For configuring different ports for each SCM use PortConfigKey ozone.scm.block.client.port appended with serviceId and nodeId
2022-11-10 07:08:27,704 [Datanode State Machine Task Thread - 0] INFO  ha.SCMNodeInfo (SCMNodeInfo.java:getPort(197)) - ConfigKey ozone.scm.datanode.address is deprecated, For configuring different ports for each SCM use PortConfigKey ozone.scm.datanode.port appended with serviceId and nodeId
2022-11-10 07:08:27,704 [Datanode State Machine Task Thread - 0] INFO  ha.SCMNodeInfo (SCMNodeInfo.java:getPort(197)) - ConfigKey ozone.scm.client.address is deprecated, For configuring different ports for each SCM use PortConfigKey ozone.scm.client.port appended with serviceId and nodeId
2022-11-10 07:08:27,704 [org.apache.hadoop.util.JvmPauseMonitor$Monitor@6c968442] INFO  util.JvmPauseMonitor (JvmPauseMonitor.java:run(188)) - Starting JVM pause monitor
2022-11-10 07:08:27,704 [Datanode State Machine Task Thread - 0] INFO  ha.SCMNodeInfo (SCMNodeInfo.java:getPort(197)) - ConfigKey ozone.scm.block.client.address is deprecated, For configuring different ports for each SCM use PortConfigKey ozone.scm.block.client.port appended with serviceId and nodeId
2022-11-10 07:08:27,705 [Listener at 127.0.0.1/40377] INFO  ozone.HddsDatanodeService (HddsDatanodeService.java:start(236)) - HddsDatanodeService host:fv-az194-925.m3vjxkz4xwiufi3h0wurkpa3rg.cx.internal.cloudapp.net ip:10.1.0.160
2022-11-10 07:08:27,710 [Datanode State Machine Task Thread - 0] INFO  ha.SCMNodeInfo (SCMNodeInfo.java:getPort(197)) - ConfigKey ozone.scm.datanode.address is deprecated, For configuring different ports for each SCM use PortConfigKey ozone.scm.datanode.port appended with serviceId and nodeId
2022-11-10 07:08:27,710 [Datanode State Machine Task Thread - 0] INFO  ha.SCMNodeInfo (SCMNodeInfo.java:getPort(197)) - ConfigKey ozone.scm.client.address is deprecated, For configuring different ports for each SCM use PortConfigKey ozone.scm.client.port appended with serviceId and nodeId
2022-11-10 07:08:27,710 [Datanode State Machine Task Thread - 0] INFO  ha.SCMNodeInfo (SCMNodeInfo.java:getPort(197)) - ConfigKey ozone.scm.block.client.address is deprecated, For configuring different ports for each SCM use PortConfigKey ozone.scm.block.client.port appended with serviceId and nodeId
2022-11-10 07:08:27,710 [Datanode State Machine Task Thread - 0] INFO  ha.SCMNodeInfo (SCMNodeInfo.java:getPort(197)) - ConfigKey ozone.scm.datanode.address is deprecated, For configuring different ports for each SCM use PortConfigKey ozone.scm.datanode.port appended with serviceId and nodeId
2022-11-10 07:08:27,736 [Listener at 127.0.0.1/40377] INFO  upgrade.AbstractLayoutVersionManager (AbstractLayoutVersionManager.java:init(83)) - Initializing Layout version manager with metadata layout = DATANODE_SCHEMA_V3 (version = 4), software layout = DATANODE_SCHEMA_V3 (version = 4)
2022-11-10 07:08:27,855 [Listener at 127.0.0.1/40377] INFO  reflections.Reflections (Reflections.java:scan(232)) - Reflections took 118 ms to scan 7 urls, producing 139 keys and 336 values 
2022-11-10 07:08:27,858 [Listener at 127.0.0.1/40377] INFO  ha.SCMNodeInfo (SCMNodeInfo.java:getPort(197)) - ConfigKey ozone.scm.client.address is deprecated, For configuring different ports for each SCM use PortConfigKey ozone.scm.client.port appended with serviceId and nodeId
2022-11-10 07:08:27,858 [Listener at 127.0.0.1/40377] INFO  ha.SCMNodeInfo (SCMNodeInfo.java:getPort(197)) - ConfigKey ozone.scm.block.client.address is deprecated, For configuring different ports for each SCM use PortConfigKey ozone.scm.block.client.port appended with serviceId and nodeId
2022-11-10 07:08:27,858 [Listener at 127.0.0.1/40377] INFO  ha.SCMNodeInfo (SCMNodeInfo.java:getPort(197)) - ConfigKey ozone.scm.datanode.address is deprecated, For configuring different ports for each SCM use PortConfigKey ozone.scm.datanode.port appended with serviceId and nodeId
2022-11-10 07:08:27,858 [Listener at 127.0.0.1/40377] INFO  ha.SCMNodeInfo (SCMNodeInfo.java:getPort(197)) - ConfigKey ozone.scm.client.address is deprecated, For configuring different ports for each SCM use PortConfigKey ozone.scm.client.port appended with serviceId and nodeId
2022-11-10 07:08:27,858 [Listener at 127.0.0.1/40377] INFO  ha.SCMNodeInfo (SCMNodeInfo.java:getPort(197)) - ConfigKey ozone.scm.block.client.address is deprecated, For configuring different ports for each SCM use PortConfigKey ozone.scm.block.client.port appended with serviceId and nodeId
2022-11-10 07:08:27,858 [Listener at 127.0.0.1/40377] INFO  ha.SCMNodeInfo (SCMNodeInfo.java:getPort(197)) - ConfigKey ozone.scm.datanode.address is deprecated, For configuring different ports for each SCM use PortConfigKey ozone.scm.datanode.port appended with serviceId and nodeId
2022-11-10 07:08:27,858 [Listener at 127.0.0.1/40377] INFO  ha.SCMNodeInfo (SCMNodeInfo.java:getPort(197)) - ConfigKey ozone.scm.client.address is deprecated, For configuring different ports for each SCM use PortConfigKey ozone.scm.client.port appended with serviceId and nodeId
2022-11-10 07:08:27,858 [Listener at 127.0.0.1/40377] INFO  ha.SCMNodeInfo (SCMNodeInfo.java:getPort(197)) - ConfigKey ozone.scm.block.client.address is deprecated, For configuring different ports for each SCM use PortConfigKey ozone.scm.block.client.port appended with serviceId and nodeId
2022-11-10 07:08:27,858 [Listener at 127.0.0.1/40377] INFO  ha.SCMNodeInfo (SCMNodeInfo.java:getPort(197)) - ConfigKey ozone.scm.datanode.address is deprecated, For configuring different ports for each SCM use PortConfigKey ozone.scm.datanode.port appended with serviceId and nodeId
2022-11-10 07:08:27,859 [Listener at 127.0.0.1/40377] INFO  statemachine.DatanodeStateMachine (DatanodeStateMachine.java:getEndPointTaskThreadPoolSize(245)) - Datanode State Machine Task Thread Pool size 4
2022-11-10 07:08:27,865 [Listener at 127.0.0.1/40377] INFO  volume.HddsVolume (HddsVolume.java:<init>(117)) - Creating HddsVolume: /home/runner/work/ozone/ozone/hadoop-ozone/integration-test/target/test-dir/MiniOzoneClusterImpl-a89f51d4-237d-44f8-8386-a6bae3bff50d/datanode-1/data-0/containers/hdds of storage type : DISK capacity : 9223372036854775807
2022-11-10 07:08:27,865 [Listener at 127.0.0.1/40377] INFO  volume.MutableVolumeSet (MutableVolumeSet.java:initializeVolumeSet(174)) - Added Volume : /home/runner/work/ozone/ozone/hadoop-ozone/integration-test/target/test-dir/MiniOzoneClusterImpl-a89f51d4-237d-44f8-8386-a6bae3bff50d/datanode-1/data-0/containers/hdds to VolumeSet
2022-11-10 07:08:27,865 [Listener at 127.0.0.1/40377] INFO  volume.ThrottledAsyncChecker (ThrottledAsyncChecker.java:schedule(141)) - Scheduling a check for /home/runner/work/ozone/ozone/hadoop-ozone/integration-test/target/test-dir/MiniOzoneClusterImpl-a89f51d4-237d-44f8-8386-a6bae3bff50d/datanode-1/data-0/containers/hdds
2022-11-10 07:08:27,873 [Listener at 127.0.0.1/40377] INFO  volume.StorageVolumeChecker (StorageVolumeChecker.java:checkAllVolumes(202)) - Scheduled health check for volume /home/runner/work/ozone/ozone/hadoop-ozone/integration-test/target/test-dir/MiniOzoneClusterImpl-a89f51d4-237d-44f8-8386-a6bae3bff50d/datanode-1/data-0/containers/hdds
2022-11-10 07:08:27,889 [Listener at 127.0.0.1/40377] INFO  volume.MutableVolumeSet (MutableVolumeSet.java:initializeVolumeSet(174)) - Added Volume : /home/runner/work/ozone/ozone/hadoop-ozone/integration-test/target/test-dir/MiniOzoneClusterImpl-a89f51d4-237d-44f8-8386-a6bae3bff50d/datanode-1/data/ratis to VolumeSet
2022-11-10 07:08:27,889 [Listener at 127.0.0.1/40377] INFO  volume.ThrottledAsyncChecker (ThrottledAsyncChecker.java:schedule(141)) - Scheduling a check for /home/runner/work/ozone/ozone/hadoop-ozone/integration-test/target/test-dir/MiniOzoneClusterImpl-a89f51d4-237d-44f8-8386-a6bae3bff50d/datanode-1/data/ratis
2022-11-10 07:08:27,889 [Listener at 127.0.0.1/40377] INFO  volume.StorageVolumeChecker (StorageVolumeChecker.java:checkAllVolumes(202)) - Scheduled health check for volume /home/runner/work/ozone/ozone/hadoop-ozone/integration-test/target/test-dir/MiniOzoneClusterImpl-a89f51d4-237d-44f8-8386-a6bae3bff50d/datanode-1/data/ratis
2022-11-10 07:08:27,915 [Thread-710] INFO  ozoneimpl.ContainerReader (ContainerReader.java:readVolume(175)) - Finish verifying containers on volume /home/runner/work/ozone/ozone/hadoop-ozone/integration-test/target/test-dir/MiniOzoneClusterImpl-a89f51d4-237d-44f8-8386-a6bae3bff50d/datanode-1/data-0/containers/hdds
2022-11-10 07:08:27,916 [Listener at 127.0.0.1/40377] INFO  ozoneimpl.OzoneContainer (OzoneContainer.java:buildContainerSet(300)) - Build ContainerSet costs 0s
2022-11-10 07:08:27,919 [Listener at 127.0.0.1/40377] INFO  server.RaftServer (ConfUtils.java:logGet(46)) - raft.rpc.type = GRPC (default)
2022-11-10 07:08:27,919 [Listener at 127.0.0.1/40377] INFO  grpc.GrpcConfigKeys (ConfUtils.java:logFallback(53)) - raft.grpc.admin.host = null (fallback to raft.grpc.server.host)
2022-11-10 07:08:27,919 [Listener at 127.0.0.1/40377] INFO  grpc.GrpcConfigKeys (ConfUtils.java:logGet(46)) - raft.grpc.admin.port = 0 (custom)
2022-11-10 07:08:27,919 [Listener at 127.0.0.1/40377] INFO  grpc.GrpcConfigKeys (ConfUtils.java:logFallback(53)) - raft.grpc.client.host = null (fallback to raft.grpc.server.host)
2022-11-10 07:08:27,920 [Listener at 127.0.0.1/40377] INFO  grpc.GrpcConfigKeys (ConfUtils.java:logGet(46)) - raft.grpc.client.port = 0 (custom)
2022-11-10 07:08:27,920 [Listener at 127.0.0.1/40377] INFO  grpc.GrpcConfigKeys (ConfUtils.java:logGet(46)) - raft.grpc.server.host = null (default)
2022-11-10 07:08:27,920 [Listener at 127.0.0.1/40377] INFO  grpc.GrpcConfigKeys (ConfUtils.java:logGet(46)) - raft.grpc.server.port = 0 (default)
2022-11-10 07:08:27,920 [Listener at 127.0.0.1/40377] INFO  server.GrpcService (ConfUtils.java:logGet(46)) - raft.grpc.message.size.max = 32MB (=33554432) (custom)
2022-11-10 07:08:27,920 [Listener at 127.0.0.1/40377] INFO  server.RaftServerConfigKeys (ConfUtils.java:logGet(46)) - raft.server.log.appender.buffer.byte-limit = 33554432 (custom)
2022-11-10 07:08:27,920 [Listener at 127.0.0.1/40377] INFO  server.GrpcService (ConfUtils.java:logGet(46)) - raft.grpc.flow.control.window = 5MB (=5242880) (custom)
2022-11-10 07:08:27,920 [Listener at 127.0.0.1/40377] INFO  server.RaftServerConfigKeys (ConfUtils.java:logGet(46)) - raft.server.rpc.request.timeout = 60s (custom)
2022-11-10 07:08:27,920 [Listener at 127.0.0.1/40377] INFO  grpc.GrpcConfigKeys (ConfUtils.java:logGet(46)) - raft.grpc.server.heartbeat.channel = true (default)
2022-11-10 07:08:27,921 [Datanode State Machine Task Thread - 0] INFO  datanode.InitDatanodeState (InitDatanodeState.java:persistContainerDatanodeDetails(138)) - DatanodeDetails is persisted to /home/runner/work/ozone/ozone/hadoop-ozone/integration-test/target/test-dir/MiniOzoneClusterImpl-a89f51d4-237d-44f8-8386-a6bae3bff50d/datanode-0/meta/datanode.id
2022-11-10 07:08:27,921 [Listener at 127.0.0.1/40377] INFO  grpc.GrpcConfigKeys (ConfUtils.java:logGet(46)) - raft.grpc.server.async.request.thread.pool.cached = true (default)
2022-11-10 07:08:27,921 [Listener at 127.0.0.1/40377] INFO  grpc.GrpcConfigKeys (ConfUtils.java:logGet(46)) - raft.grpc.server.async.request.thread.pool.size = 32 (default)
2022-11-10 07:08:27,922 [Listener at 127.0.0.1/40377] INFO  impl.DataStreamServerImpl (ConfUtils.java:logGet(46)) - raft.datastream.type = DISABLED (default)
2022-11-10 07:08:27,922 [Listener at 127.0.0.1/40377] INFO  server.RaftServerConfigKeys (ConfUtils.java:logGet(46)) - raft.server.threadpool.proxy.cached = true (default)
2022-11-10 07:08:27,923 [Listener at 127.0.0.1/40377] INFO  server.RaftServerConfigKeys (ConfUtils.java:logGet(46)) - raft.server.threadpool.proxy.size = 0 (default)
2022-11-10 07:08:27,923 [Listener at 127.0.0.1/40377] INFO  server.RaftServerConfigKeys (ConfUtils.java:logGet(46)) - raft.server.rpc.slowness.timeout = 300s (custom)
2022-11-10 07:08:27,923 [Listener at 127.0.0.1/40377] INFO  server.RaftServerConfigKeys (ConfUtils.java:logGet(46)) - raft.server.leaderelection.leader.step-down.wait-time = 10s (default)
2022-11-10 07:08:27,923 [Listener at 127.0.0.1/40377] INFO  server.RaftServerConfigKeys (ConfUtils.java:logGet(46)) - raft.server.storage.dir = [/home/runner/work/ozone/ozone/hadoop-ozone/integration-test/target/test-dir/MiniOzoneClusterImpl-a89f51d4-237d-44f8-8386-a6bae3bff50d/datanode-1/data/ratis] (custom)
2022-11-10 07:08:27,924 [Listener at 127.0.0.1/40377] INFO  server.XceiverServerGrpc (XceiverServerGrpc.java:<init>(132)) - GrpcServer channel type EpollServerSocketChannel
2022-11-10 07:08:27,928 [Listener at 127.0.0.1/40377] INFO  http.BaseHttpServer (BaseHttpServer.java:newHttpServer2BuilderForOzone(213)) - Starting Web-server for hddsDatanode at: http://0.0.0.0:0
2022-11-10 07:08:27,928 [Listener at 127.0.0.1/40377] INFO  http.BaseHttpServer (BaseHttpServer.java:<init>(108)) - Hadoop Security Enabled: false Ozone Security Enabled: false Ozone HTTP Security Enabled: false 
2022-11-10 07:08:27,930 [Listener at 127.0.0.1/40377] WARN  server.AuthenticationFilter (AuthenticationFilter.java:constructSecretProvider(240)) - Unable to initialize FileSignerSecretProvider, falling back to use random secrets. Reason: Could not read signature secret file: /home/runner/hadoop-http-auth-signature-secret
2022-11-10 07:08:27,930 [Listener at 127.0.0.1/40377] WARN  http.HttpRequestLog (HttpRequestLog.java:getRequestLog(103)) - Jetty request log can only be enabled using Log4j
2022-11-10 07:08:27,931 [Listener at 127.0.0.1/40377] INFO  http.HttpServer2 (HttpServer2.java:addGlobalFilter(1031)) - Added global filter 'safety' (class=org.apache.hadoop.hdds.server.http.HttpServer2$QuotingInputFilter)
2022-11-10 07:08:27,932 [Listener at 127.0.0.1/40377] INFO  http.HttpServer2 (HttpServer2.java:addFilter(1007)) - Added filter static_user_filter (class=org.apache.hadoop.http.lib.StaticUserWebFilter$StaticUserFilter) to context hddsDatanode
2022-11-10 07:08:27,932 [Listener at 127.0.0.1/40377] INFO  http.HttpServer2 (HttpServer2.java:addFilter(1015)) - Added filter static_user_filter (class=org.apache.hadoop.http.lib.StaticUserWebFilter$StaticUserFilter) to context static
2022-11-10 07:08:27,932 [Listener at 127.0.0.1/40377] INFO  http.HttpServer2 (HttpServer2.java:addFilter(1015)) - Added filter static_user_filter (class=org.apache.hadoop.http.lib.StaticUserWebFilter$StaticUserFilter) to context logs
2022-11-10 07:08:27,933 [Listener at 127.0.0.1/40377] INFO  http.HttpServer2 (HttpServer2.java:bindListener(1250)) - Jetty bound to port 38325
2022-11-10 07:08:27,933 [Listener at 127.0.0.1/40377] INFO  server.Server (Server.java:doStart(375)) - jetty-9.4.49.v20220914; built: 2022-09-14T01:07:36.601Z; git: 4231a3b2e4cb8548a412a789936d640a97b1aa0a; jvm 1.8.0_345-b01
2022-11-10 07:08:27,948 [Listener at 127.0.0.1/40377] INFO  server.session (DefaultSessionIdManager.java:doStart(334)) - DefaultSessionIdManager workerName=node0
2022-11-10 07:08:27,948 [Listener at 127.0.0.1/40377] INFO  server.session (DefaultSessionIdManager.java:doStart(339)) - No SessionScavenger set, using defaults
2022-11-10 07:08:27,948 [Listener at 127.0.0.1/40377] INFO  server.session (HouseKeeper.java:startScavenging(132)) - node0 Scavenging every 660000ms
2022-11-10 07:08:27,951 [Listener at 127.0.0.1/40377] INFO  handler.ContextHandler (ContextHandler.java:doStart(921)) - Started o.e.j.s.ServletContextHandler@60105b7{logs,/logs,file:///home/runner/work/ozone/ozone/hadoop-ozone/integration-test/target/log,AVAILABLE}
2022-11-10 07:08:27,951 [Listener at 127.0.0.1/40377] INFO  handler.ContextHandler (ContextHandler.java:doStart(921)) - Started o.e.j.s.ServletContextHandler@30212975{static,/static,jar:file:/home/runner/.m2/repository/org/apache/ozone/hdds-container-service/1.3.0-SNAPSHOT/hdds-container-service-1.3.0-SNAPSHOT.jar!/webapps/static,AVAILABLE}
2022-11-10 07:08:28,066 [omNode-2@group-6C22E66A003A-FollowerState] INFO  impl.FollowerState (FollowerState.java:run(143)) - omNode-2@group-6C22E66A003A-FollowerState: change to CANDIDATE, lastRpcElapsedTime:1071666001ns, electionTimeout:1059ms
2022-11-10 07:08:28,066 [omNode-2@group-6C22E66A003A-FollowerState] INFO  impl.RoleInfo (RoleInfo.java:shutdownFollowerState(110)) - omNode-2: shutdown omNode-2@group-6C22E66A003A-FollowerState
2022-11-10 07:08:28,066 [omNode-2@group-6C22E66A003A-FollowerState] INFO  server.RaftServer$Division (RaftServerImpl.java:setRole(321)) - omNode-2@group-6C22E66A003A: changes role from  FOLLOWER to CANDIDATE at term 2 for changeToCandidate
2022-11-10 07:08:28,066 [omNode-2@group-6C22E66A003A-FollowerState] INFO  server.RaftServerConfigKeys (ConfUtils.java:logGet(46)) - raft.server.leaderelection.pre-vote = false (custom)
2022-11-10 07:08:28,066 [omNode-2@group-6C22E66A003A-FollowerState] INFO  impl.RoleInfo (RoleInfo.java:updateAndGet(139)) - omNode-2: start omNode-2@group-6C22E66A003A-LeaderElection6
2022-11-10 07:08:28,075 [omNode-2@group-6C22E66A003A-LeaderElection6] INFO  impl.LeaderElection (LeaderElection.java:askForVotes(312)) - omNode-2@group-6C22E66A003A-LeaderElection6 ELECTION round 0: submit vote requests at term 3 for 0: peers:[omNode-3|rpc:localhost:44869|admin:|client:|dataStream:|priority:0|startupRole:FOLLOWER, omNode-1|rpc:localhost:36691|admin:|client:|dataStream:|priority:0|startupRole:FOLLOWER, omNode-2|rpc:localhost:41743|admin:|client:|dataStream:|priority:0|startupRole:FOLLOWER]|listeners:[], old=null
2022-11-10 07:08:28,081 [grpc-default-executor-4] INFO  server.RaftServer$Division (RaftServerImpl.java:requestVote(1218)) - omNode-3@group-6C22E66A003A: receive requestVote(ELECTION, omNode-2, group-6C22E66A003A, 3, (t:1, i:0))
2022-11-10 07:08:28,082 [grpc-default-executor-4] INFO  impl.VoteContext (VoteContext.java:log(48)) - omNode-3@group-6C22E66A003A-FOLLOWER: accept ELECTION from omNode-2: our priority 0 <= candidate's priority 0
2022-11-10 07:08:28,082 [grpc-default-executor-4] INFO  server.RaftServer$Division (ServerState.java:setLeader(313)) - omNode-3@group-6C22E66A003A: change Leader from omNode-2 to null at term 3 for updateCurrentTerm
2022-11-10 07:08:28,082 [grpc-default-executor-4] INFO  server.RaftServer$Division (RaftServerImpl.java:setRole(321)) - omNode-3@group-6C22E66A003A: changes role from  FOLLOWER to FOLLOWER at term 3 for candidate:omNode-2
2022-11-10 07:08:28,082 [grpc-default-executor-4] INFO  impl.RoleInfo (RoleInfo.java:shutdownFollowerState(110)) - omNode-3: shutdown omNode-3@group-6C22E66A003A-FollowerState
2022-11-10 07:08:28,082 [grpc-default-executor-4] INFO  impl.RoleInfo (RoleInfo.java:updateAndGet(139)) - omNode-3: start omNode-3@group-6C22E66A003A-FollowerState
2022-11-10 07:08:28,083 [omNode-3@group-6C22E66A003A-FollowerState] INFO  impl.FollowerState (FollowerState.java:run(152)) - omNode-3@group-6C22E66A003A-FollowerState was interrupted
2022-11-10 07:08:28,086 [grpc-default-executor-1] INFO  server.RaftServer$Division (RaftServerImpl.java:requestVote(1218)) - omNode-1@group-6C22E66A003A: receive requestVote(ELECTION, omNode-2, group-6C22E66A003A, 3, (t:1, i:0))
2022-11-10 07:08:28,086 [grpc-default-executor-1] INFO  impl.VoteContext (VoteContext.java:log(48)) - omNode-1@group-6C22E66A003A-FOLLOWER: accept ELECTION from omNode-2: our last entry (t:0, i:~) < candidate's last entry (t:1, i:0)
2022-11-10 07:08:28,086 [grpc-default-executor-1] INFO  server.RaftServer$Division (RaftServerImpl.java:setRole(321)) - omNode-1@group-6C22E66A003A: changes role from  FOLLOWER to FOLLOWER at term 3 for candidate:omNode-2
2022-11-10 07:08:28,086 [grpc-default-executor-1] INFO  impl.RoleInfo (RoleInfo.java:shutdownFollowerState(110)) - omNode-1: shutdown omNode-1@group-6C22E66A003A-FollowerState
2022-11-10 07:08:28,086 [grpc-default-executor-1] INFO  impl.RoleInfo (RoleInfo.java:updateAndGet(139)) - omNode-1: start omNode-1@group-6C22E66A003A-FollowerState
2022-11-10 07:08:28,087 [omNode-1@group-6C22E66A003A-FollowerState] INFO  impl.FollowerState (FollowerState.java:run(152)) - omNode-1@group-6C22E66A003A-FollowerState was interrupted
2022-11-10 07:08:28,094 [grpc-default-executor-1] INFO  server.RaftServer$Division (RaftServerImpl.java:requestVote(1251)) - omNode-1@group-6C22E66A003A replies to ELECTION vote request: omNode-2<-omNode-1#0:OK-t3. Peer's state: omNode-1@group-6C22E66A003A:t3, leader=null, voted=omNode-2, raftlog=Memoized:omNode-1@group-6C22E66A003A-SegmentedRaftLog:OPENED:c-1, conf=-1: peers:[omNode-3|rpc:localhost:44869|priority:0|startupRole:FOLLOWER, omNode-1|rpc:localhost:36691|priority:0|startupRole:FOLLOWER, omNode-2|rpc:localhost:41743|priority:0|startupRole:FOLLOWER]|listeners:[], old=null
2022-11-10 07:08:28,095 [grpc-default-executor-4] INFO  server.RaftServer$Division (RaftServerImpl.java:requestVote(1251)) - omNode-3@group-6C22E66A003A replies to ELECTION vote request: omNode-2<-omNode-3#0:OK-t3. Peer's state: omNode-3@group-6C22E66A003A:t3, leader=null, voted=omNode-2, raftlog=Memoized:omNode-3@group-6C22E66A003A-SegmentedRaftLog:OPENED:c0, conf=0: peers:[omNode-3|rpc:localhost:44869|admin:|client:|dataStream:|priority:0|startupRole:FOLLOWER, omNode-1|rpc:localhost:36691|admin:|client:|dataStream:|priority:0|startupRole:FOLLOWER, omNode-2|rpc:localhost:41743|admin:|client:|dataStream:|priority:0|startupRole:FOLLOWER]|listeners:[], old=null
2022-11-10 07:08:28,096 [omNode-2@group-6C22E66A003A-LeaderElection6] INFO  impl.LeaderElection (LeaderElection.java:logAndReturn(90)) - omNode-2@group-6C22E66A003A-LeaderElection6: ELECTION PASSED received 1 response(s) and 0 exception(s):
2022-11-10 07:08:28,097 [omNode-2@group-6C22E66A003A-LeaderElection6] INFO  impl.LeaderElection (LeaderElection.java:logAndReturn(94)) -   Response 0: omNode-2<-omNode-3#0:OK-t3
2022-11-10 07:08:28,097 [omNode-2@group-6C22E66A003A-LeaderElection6] INFO  impl.LeaderElection (LeaderElection.java:askForVotes(314)) - omNode-2@group-6C22E66A003A-LeaderElection6 ELECTION round 0: result PASSED
2022-11-10 07:08:28,097 [omNode-2@group-6C22E66A003A-LeaderElection6] INFO  impl.RoleInfo (RoleInfo.java:shutdownLeaderElection(130)) - omNode-2: shutdown omNode-2@group-6C22E66A003A-LeaderElection6
2022-11-10 07:08:28,097 [omNode-2@group-6C22E66A003A-LeaderElection6] INFO  server.RaftServer$Division (RaftServerImpl.java:setRole(321)) - omNode-2@group-6C22E66A003A: changes role from CANDIDATE to LEADER at term 3 for changeToLeader
2022-11-10 07:08:28,097 [omNode-2@group-6C22E66A003A-LeaderElection6] INFO  server.RaftServer$Division (ServerState.java:setLeader(313)) - omNode-2@group-6C22E66A003A: change Leader from null to omNode-2 at term 3 for becomeLeader, leader elected after 1169ms
2022-11-10 07:08:28,098 [omNode-2@group-6C22E66A003A-LeaderElection6] INFO  server.RaftServerConfigKeys (ConfUtils.java:logGet(46)) - raft.server.staging.catchup.gap = 1000 (default)
2022-11-10 07:08:28,100 [omNode-1@group-6C22E66A003A-FollowerState] INFO  server.RaftServerConfigKeys (ConfUtils.java:logFallback(53)) - raft.server.rpc.first-election.timeout.min = 1s (fallback to raft.server.rpc.timeout.min)
2022-11-10 07:08:28,104 [omNode-1@group-6C22E66A003A-FollowerState] INFO  server.RaftServerConfigKeys (ConfUtils.java:logFallback(53)) - raft.server.rpc.first-election.timeout.max = 1200ms (fallback to raft.server.rpc.timeout.max)
2022-11-10 07:08:28,112 [omNode-2@group-6C22E66A003A-LeaderElection6] INFO  server.RaftServerConfigKeys (ConfUtils.java:logGet(46)) - raft.server.write.element-limit = 4096 (default)
2022-11-10 07:08:28,112 [omNode-2@group-6C22E66A003A-LeaderElection6] INFO  server.RaftServerConfigKeys (ConfUtils.java:logGet(46)) - raft.server.write.byte-limit = 64MB (=67108864) (default)
2022-11-10 07:08:28,112 [omNode-2@group-6C22E66A003A-LeaderElection6] INFO  server.RaftServerConfigKeys (ConfUtils.java:logGet(46)) - raft.server.watch.timeout = 10s (default)
2022-11-10 07:08:28,112 [omNode-2@group-6C22E66A003A-LeaderElection6] INFO  server.RaftServerConfigKeys (ConfUtils.java:logGet(46)) - raft.server.watch.timeout.denomination = 1s (default)
2022-11-10 07:08:28,112 [omNode-2@group-6C22E66A003A-LeaderElection6] INFO  server.RaftServerConfigKeys (ConfUtils.java:logGet(46)) - raft.server.watch.element-limit = 65536 (default)
2022-11-10 07:08:28,112 [omNode-2@group-6C22E66A003A-LeaderElection6] INFO  server.RaftServerConfigKeys (ConfUtils.java:logGet(46)) - raft.server.write.element-limit = 4096 (default)
2022-11-10 07:08:28,112 [omNode-2@group-6C22E66A003A-LeaderElection6] INFO  server.RaftServerConfigKeys (ConfUtils.java:logGet(46)) - raft.server.write.follower.gap.ratio.max = -1.0 (default)
2022-11-10 07:08:28,113 [omNode-2@group-6C22E66A003A-LeaderElection6] INFO  server.RaftServerConfigKeys (ConfUtils.java:logGet(46)) - raft.server.log.appender.snapshot.chunk.size.max = 16MB (=16777216) (default)
2022-11-10 07:08:28,113 [omNode-2@group-6C22E66A003A-LeaderElection6] INFO  server.RaftServerConfigKeys (ConfUtils.java:logGet(46)) - raft.server.log.appender.buffer.byte-limit = 33554432 (custom)
2022-11-10 07:08:28,113 [omNode-2@group-6C22E66A003A-LeaderElection6] INFO  server.RaftServerConfigKeys (ConfUtils.java:logGet(46)) - raft.server.log.appender.buffer.element-limit = 1024 (custom)
2022-11-10 07:08:28,113 [omNode-2@group-6C22E66A003A-LeaderElection6] INFO  grpc.GrpcConfigKeys (ConfUtils.java:logGet(46)) - raft.grpc.server.leader.outstanding.appends.max = 128 (default)
2022-11-10 07:08:28,113 [omNode-2@group-6C22E66A003A-LeaderElection6] INFO  server.RaftServerConfigKeys (ConfUtils.java:logGet(46)) - raft.server.rpc.request.timeout = 3000ms (default)
2022-11-10 07:08:28,113 [omNode-2@group-6C22E66A003A-LeaderElection6] INFO  server.RaftServerConfigKeys (ConfUtils.java:logGet(46)) - raft.server.log.appender.install.snapshot.enabled = false (custom)
2022-11-10 07:08:28,113 [omNode-2@group-6C22E66A003A-LeaderElection6] INFO  grpc.GrpcConfigKeys (ConfUtils.java:logGet(46)) - raft.grpc.server.heartbeat.channel = true (default)
2022-11-10 07:08:28,113 [omNode-2@group-6C22E66A003A-LeaderElection6] INFO  server.RaftServerConfigKeys (ConfUtils.java:logGet(46)) - raft.server.log.appender.wait-time.min = 10ms (default)
2022-11-10 07:08:28,113 [omNode-2@group-6C22E66A003A-LeaderElection6] INFO  server.RaftServerConfigKeys (ConfUtils.java:logGet(46)) - raft.server.log.appender.snapshot.chunk.size.max = 16MB (=16777216) (default)
2022-11-10 07:08:28,114 [omNode-2@group-6C22E66A003A-LeaderElection6] INFO  server.RaftServerConfigKeys (ConfUtils.java:logGet(46)) - raft.server.log.appender.buffer.byte-limit = 33554432 (custom)
2022-11-10 07:08:28,114 [omNode-2@group-6C22E66A003A-LeaderElection6] INFO  server.RaftServerConfigKeys (ConfUtils.java:logGet(46)) - raft.server.log.appender.buffer.element-limit = 1024 (custom)
2022-11-10 07:08:28,114 [omNode-2@group-6C22E66A003A-LeaderElection6] INFO  grpc.GrpcConfigKeys (ConfUtils.java:logGet(46)) - raft.grpc.server.leader.outstanding.appends.max = 128 (default)
2022-11-10 07:08:28,114 [omNode-2@group-6C22E66A003A-LeaderElection6] INFO  server.RaftServerConfigKeys (ConfUtils.java:logGet(46)) - raft.server.rpc.request.timeout = 3000ms (default)
2022-11-10 07:08:28,114 [omNode-2@group-6C22E66A003A-LeaderElection6] INFO  server.RaftServerConfigKeys (ConfUtils.java:logGet(46)) - raft.server.log.appender.install.snapshot.enabled = false (custom)
2022-11-10 07:08:28,114 [omNode-2@group-6C22E66A003A-LeaderElection6] INFO  grpc.GrpcConfigKeys (ConfUtils.java:logGet(46)) - raft.grpc.server.heartbeat.channel = true (default)
2022-11-10 07:08:28,114 [omNode-2@group-6C22E66A003A-LeaderElection6] INFO  server.RaftServerConfigKeys (ConfUtils.java:logGet(46)) - raft.server.log.appender.wait-time.min = 10ms (default)
2022-11-10 07:08:28,114 [omNode-2@group-6C22E66A003A-LeaderElection6] INFO  impl.RoleInfo (RoleInfo.java:updateAndGet(139)) - omNode-2: start omNode-2@group-6C22E66A003A-LeaderStateImpl
2022-11-10 07:08:28,114 [omNode-2@group-6C22E66A003A-LeaderElection6] INFO  segmented.SegmentedRaftLogWorker (SegmentedRaftLogWorker.java:rollLogSegment(457)) - omNode-2@group-6C22E66A003A-SegmentedRaftLogWorker: Rolling segment log-0_0 to index:0
2022-11-10 07:08:28,115 [omNode-2@group-6C22E66A003A-SegmentedRaftLogWorker] INFO  segmented.SegmentedRaftLogWorker (SegmentedRaftLogWorker.java:execute(613)) - omNode-2@group-6C22E66A003A-SegmentedRaftLogWorker: Rolled log segment from /home/runner/work/ozone/ozone/hadoop-ozone/integration-test/target/test-dir/MiniOzoneClusterImpl-a89f51d4-237d-44f8-8386-a6bae3bff50d/omNode-2/ratis/9c9825ce-8ba7-3ee6-a7c3-6c22e66a003a/current/log_inprogress_0 to /home/runner/work/ozone/ozone/hadoop-ozone/integration-test/target/test-dir/MiniOzoneClusterImpl-a89f51d4-237d-44f8-8386-a6bae3bff50d/omNode-2/ratis/9c9825ce-8ba7-3ee6-a7c3-6c22e66a003a/current/log_0-0
2022-11-10 07:08:28,125 [omNode-2@group-6C22E66A003A-LeaderElection6] INFO  server.RaftServer$Division (ServerState.java:setRaftConf(430)) - omNode-2@group-6C22E66A003A: set configuration 1: peers:[omNode-3|rpc:localhost:44869|admin:|client:|dataStream:|priority:0|startupRole:FOLLOWER, omNode-1|rpc:localhost:36691|admin:|client:|dataStream:|priority:0|startupRole:FOLLOWER, omNode-2|rpc:localhost:41743|admin:|client:|dataStream:|priority:0|startupRole:FOLLOWER]|listeners:[], old=null
2022-11-10 07:08:28,138 [omNode-3-server-thread3] INFO  server.RaftServer$Division (ServerState.java:setLeader(313)) - omNode-3@group-6C22E66A003A: change Leader from null to omNode-2 at term 3 for appendEntries, leader elected after 55ms
2022-11-10 07:08:28,142 [omNode-1-server-thread1] INFO  server.RaftServer$Division (ServerState.java:setLeader(313)) - omNode-1@group-6C22E66A003A: change Leader from null to omNode-2 at term 3 for appendEntries, leader elected after 4559ms
2022-11-10 07:08:28,152 [omNode-1-server-thread1] INFO  server.RaftServer$Division (RaftServerImpl.java:checkInconsistentAppendEntries(1508)) - omNode-1@group-6C22E66A003A: Failed appendEntries as previous log entry ((t:1, i:0)) is not found
2022-11-10 07:08:28,141 [omNode-2@group-6C22E66A003A-SegmentedRaftLogWorker] INFO  segmented.SegmentedRaftLogWorker (SegmentedRaftLogWorker.java:execute(656)) - omNode-2@group-6C22E66A003A-SegmentedRaftLogWorker: created new log segment /home/runner/work/ozone/ozone/hadoop-ozone/integration-test/target/test-dir/MiniOzoneClusterImpl-a89f51d4-237d-44f8-8386-a6bae3bff50d/omNode-2/ratis/9c9825ce-8ba7-3ee6-a7c3-6c22e66a003a/current/log_inprogress_1
2022-11-10 07:08:28,152 [omNode-1-server-thread1] INFO  server.RaftServer$Division (RaftServerImpl.java:checkInconsistentAppendEntries(1478)) - omNode-1@group-6C22E66A003A: inconsistency entries. Reply:omNode-2<-omNode-1#0:FAIL-t3,INCONSISTENCY,nextIndex=0,followerCommit=-1,matchIndex=-1
2022-11-10 07:08:28,152 [omNode-3-server-thread2] INFO  server.RaftServer$Division (ServerState.java:setRaftConf(430)) - omNode-3@group-6C22E66A003A: set configuration 1: peers:[omNode-3|rpc:localhost:44869|admin:|client:|dataStream:|priority:0|startupRole:FOLLOWER, omNode-1|rpc:localhost:36691|admin:|client:|dataStream:|priority:0|startupRole:FOLLOWER, omNode-2|rpc:localhost:41743|admin:|client:|dataStream:|priority:0|startupRole:FOLLOWER]|listeners:[], old=null
2022-11-10 07:08:28,153 [omNode-3-server-thread2] INFO  segmented.SegmentedRaftLogWorker (SegmentedRaftLogWorker.java:rollLogSegment(457)) - omNode-3@group-6C22E66A003A-SegmentedRaftLogWorker: Rolling segment log-0_0 to index:0
2022-11-10 07:08:28,154 [omNode-3@group-6C22E66A003A-SegmentedRaftLogWorker] INFO  segmented.SegmentedRaftLogWorker (SegmentedRaftLogWorker.java:execute(613)) - omNode-3@group-6C22E66A003A-SegmentedRaftLogWorker: Rolled log segment from /home/runner/work/ozone/ozone/hadoop-ozone/integration-test/target/test-dir/MiniOzoneClusterImpl-a89f51d4-237d-44f8-8386-a6bae3bff50d/omNode-3/ratis/9c9825ce-8ba7-3ee6-a7c3-6c22e66a003a/current/log_inprogress_0 to /home/runner/work/ozone/ozone/hadoop-ozone/integration-test/target/test-dir/MiniOzoneClusterImpl-a89f51d4-237d-44f8-8386-a6bae3bff50d/omNode-3/ratis/9c9825ce-8ba7-3ee6-a7c3-6c22e66a003a/current/log_0-0
2022-11-10 07:08:28,154 [grpc-default-executor-2] INFO  leader.FollowerInfo (FollowerInfoImpl.java:lambda$new$0(48)) - omNode-2@group-6C22E66A003A->omNode-1: nextIndex: updateUnconditionally 2 -> 0
2022-11-10 07:08:28,160 [omNode-1-server-thread2] INFO  server.RaftServer$Division (RaftServerImpl.java:checkInconsistentAppendEntries(1508)) - omNode-1@group-6C22E66A003A: Failed appendEntries as previous log entry ((t:1, i:0)) is not found
2022-11-10 07:08:28,161 [omNode-1-server-thread2] INFO  server.RaftServer$Division (RaftServerImpl.java:checkInconsistentAppendEntries(1478)) - omNode-1@group-6C22E66A003A: inconsistency entries. Reply:omNode-2<-omNode-1#1:FAIL-t3,INCONSISTENCY,nextIndex=0,followerCommit=-1,matchIndex=-1
2022-11-10 07:08:28,162 [grpc-default-executor-1] INFO  leader.FollowerInfo (FollowerInfoImpl.java:lambda$new$0(48)) - omNode-2@group-6C22E66A003A->omNode-1: nextIndex: updateUnconditionally 2 -> 0
2022-11-10 07:08:28,164 [omNode-1-server-thread2] INFO  server.RaftServer$Division (ServerState.java:setRaftConf(430)) - omNode-1@group-6C22E66A003A: set configuration 0: peers:[omNode-3|rpc:localhost:44869|admin:|client:|dataStream:|priority:0|startupRole:FOLLOWER, omNode-1|rpc:localhost:36691|admin:|client:|dataStream:|priority:0|startupRole:FOLLOWER, omNode-2|rpc:localhost:41743|admin:|client:|dataStream:|priority:0|startupRole:FOLLOWER]|listeners:[], old=null
2022-11-10 07:08:28,164 [omNode-3@group-6C22E66A003A-SegmentedRaftLogWorker] INFO  segmented.SegmentedRaftLogWorker (SegmentedRaftLogWorker.java:execute(656)) - omNode-3@group-6C22E66A003A-SegmentedRaftLogWorker: created new log segment /home/runner/work/ozone/ozone/hadoop-ozone/integration-test/target/test-dir/MiniOzoneClusterImpl-a89f51d4-237d-44f8-8386-a6bae3bff50d/omNode-3/ratis/9c9825ce-8ba7-3ee6-a7c3-6c22e66a003a/current/log_inprogress_1
2022-11-10 07:08:28,164 [omNode-1-server-thread2] INFO  server.RaftServer$Division (ServerState.java:setRaftConf(430)) - omNode-1@group-6C22E66A003A: set configuration 1: peers:[omNode-3|rpc:localhost:44869|admin:|client:|dataStream:|priority:0|startupRole:FOLLOWER, omNode-1|rpc:localhost:36691|admin:|client:|dataStream:|priority:0|startupRole:FOLLOWER, omNode-2|rpc:localhost:41743|admin:|client:|dataStream:|priority:0|startupRole:FOLLOWER]|listeners:[], old=null
2022-11-10 07:08:28,164 [omNode-1-server-thread2] INFO  segmented.SegmentedRaftLogWorker (SegmentedRaftLogWorker.java:startLogSegment(452)) - omNode-1@group-6C22E66A003A-SegmentedRaftLogWorker: Starting segment from index:0
2022-11-10 07:08:28,164 [omNode-1-server-thread2] INFO  segmented.SegmentedRaftLogWorker (SegmentedRaftLogWorker.java:rollLogSegment(457)) - omNode-1@group-6C22E66A003A-SegmentedRaftLogWorker: Rolling segment log-0_0 to index:0
2022-11-10 07:08:28,165 [omNode-1-server-thread1] INFO  server.RaftServer$Division (ServerState.java:setRaftConf(430)) - omNode-1@group-6C22E66A003A: set configuration 0: peers:[omNode-3|rpc:localhost:44869|admin:|client:|dataStream:|priority:0|startupRole:FOLLOWER, omNode-1|rpc:localhost:36691|admin:|client:|dataStream:|priority:0|startupRole:FOLLOWER, omNode-2|rpc:localhost:41743|admin:|client:|dataStream:|priority:0|startupRole:FOLLOWER]|listeners:[], old=null
2022-11-10 07:08:28,165 [omNode-1-server-thread1] INFO  server.RaftServer$Division (ServerState.java:setRaftConf(430)) - omNode-1@group-6C22E66A003A: set configuration 1: peers:[omNode-3|rpc:localhost:44869|admin:|client:|dataStream:|priority:0|startupRole:FOLLOWER, omNode-1|rpc:localhost:36691|admin:|client:|dataStream:|priority:0|startupRole:FOLLOWER, omNode-2|rpc:localhost:41743|admin:|client:|dataStream:|priority:0|startupRole:FOLLOWER]|listeners:[], old=null
2022-11-10 07:08:28,171 [omNode-2@group-6C22E66A003A-StateMachineUpdater] INFO  ratis.OzoneManagerStateMachine (OzoneManagerStateMachine.java:notifyConfigurationChanged(192)) - Received Configuration change notification from Ratis. New Peer list:
[id: "omNode-3"
address: "localhost:44869"
startupRole: FOLLOWER
, id: "omNode-1"
address: "localhost:36691"
startupRole: FOLLOWER
, id: "omNode-2"
address: "localhost:41743"
startupRole: FOLLOWER
]
2022-11-10 07:08:28,172 [omNode-1@group-6C22E66A003A-SegmentedRaftLogWorker] INFO  segmented.SegmentedRaftLogWorker (SegmentedRaftLogWorker.java:execute(656)) - omNode-1@group-6C22E66A003A-SegmentedRaftLogWorker: created new log segment /home/runner/work/ozone/ozone/hadoop-ozone/integration-test/target/test-dir/MiniOzoneClusterImpl-a89f51d4-237d-44f8-8386-a6bae3bff50d/omNode-1/ratis/9c9825ce-8ba7-3ee6-a7c3-6c22e66a003a/current/log_inprogress_0
2022-11-10 07:08:28,173 [omNode-3@group-6C22E66A003A-StateMachineUpdater] INFO  ratis.OzoneManagerStateMachine (OzoneManagerStateMachine.java:notifyConfigurationChanged(192)) - Received Configuration change notification from Ratis. New Peer list:
[id: "omNode-3"
address: "localhost:44869"
startupRole: FOLLOWER
, id: "omNode-1"
address: "localhost:36691"
startupRole: FOLLOWER
, id: "omNode-2"
address: "localhost:41743"
startupRole: FOLLOWER
]
2022-11-10 07:08:28,175 [omNode-1@group-6C22E66A003A-SegmentedRaftLogWorker] INFO  segmented.SegmentedRaftLogWorker (SegmentedRaftLogWorker.java:execute(613)) - omNode-1@group-6C22E66A003A-SegmentedRaftLogWorker: Rolled log segment from /home/runner/work/ozone/ozone/hadoop-ozone/integration-test/target/test-dir/MiniOzoneClusterImpl-a89f51d4-237d-44f8-8386-a6bae3bff50d/omNode-1/ratis/9c9825ce-8ba7-3ee6-a7c3-6c22e66a003a/current/log_inprogress_0 to /home/runner/work/ozone/ozone/hadoop-ozone/integration-test/target/test-dir/MiniOzoneClusterImpl-a89f51d4-237d-44f8-8386-a6bae3bff50d/omNode-1/ratis/9c9825ce-8ba7-3ee6-a7c3-6c22e66a003a/current/log_0-0
2022-11-10 07:08:28,187 [omNode-1@group-6C22E66A003A-SegmentedRaftLogWorker] INFO  segmented.SegmentedRaftLogWorker (SegmentedRaftLogWorker.java:execute(656)) - omNode-1@group-6C22E66A003A-SegmentedRaftLogWorker: created new log segment /home/runner/work/ozone/ozone/hadoop-ozone/integration-test/target/test-dir/MiniOzoneClusterImpl-a89f51d4-237d-44f8-8386-a6bae3bff50d/omNode-1/ratis/9c9825ce-8ba7-3ee6-a7c3-6c22e66a003a/current/log_inprogress_1
2022-11-10 07:08:28,190 [omNode-1@group-6C22E66A003A-StateMachineUpdater] INFO  ratis.OzoneManagerStateMachine (OzoneManagerStateMachine.java:notifyConfigurationChanged(192)) - Received Configuration change notification from Ratis. New Peer list:
[id: "omNode-3"
address: "localhost:44869"
startupRole: FOLLOWER
, id: "omNode-1"
address: "localhost:36691"
startupRole: FOLLOWER
, id: "omNode-2"
address: "localhost:41743"
startupRole: FOLLOWER
]
2022-11-10 07:08:28,191 [omNode-1@group-6C22E66A003A-StateMachineUpdater] INFO  ratis.OzoneManagerStateMachine (OzoneManagerStateMachine.java:notifyConfigurationChanged(192)) - Received Configuration change notification from Ratis. New Peer list:
[id: "omNode-3"
address: "localhost:44869"
startupRole: FOLLOWER
, id: "omNode-1"
address: "localhost:36691"
startupRole: FOLLOWER
, id: "omNode-2"
address: "localhost:41743"
startupRole: FOLLOWER
]
2022-11-10 07:08:28,201 [Listener at 127.0.0.1/40377] INFO  handler.ContextHandler (ContextHandler.java:doStart(921)) - Started o.e.j.w.WebAppContext@6309a43{hddsDatanode,/,file:///tmp/jetty-0_0_0_0-38325-hdds-container-service-1_3_0-SNAPSHOT_jar-_-any-6167718695432630979/webapp/,AVAILABLE}{jar:file:/home/runner/.m2/repository/org/apache/ozone/hdds-container-service/1.3.0-SNAPSHOT/hdds-container-service-1.3.0-SNAPSHOT.jar!/webapps/hddsDatanode}
2022-11-10 07:08:28,203 [Listener at 127.0.0.1/40377] INFO  server.AbstractConnector (AbstractConnector.java:doStart(333)) - Started ServerConnector@6956c146{HTTP/1.1, (http/1.1)}{0.0.0.0:38325}
2022-11-10 07:08:28,203 [Listener at 127.0.0.1/40377] INFO  server.Server (Server.java:doStart(415)) - Started @26237ms
2022-11-10 07:08:28,203 [Listener at 127.0.0.1/40377] WARN  impl.MetricsSystemImpl (MetricsSystemImpl.java:register(279)) - Sink prometheus already exists!
2022-11-10 07:08:28,203 [Listener at 127.0.0.1/40377] INFO  http.BaseHttpServer (BaseHttpServer.java:updateConnectorAddress(333)) - HTTP server of hddsDatanode listening at http://0.0.0.0:38325
2022-11-10 07:08:28,204 [Listener at 127.0.0.1/40377] WARN  impl.MetricRegistriesImpl (MetricRegistriesImpl.java:addReporterRegistration(111)) - New reporters are added after registries were created. Some metrics will be missing from the reporter. Please add reporter before adding any new registry.
2022-11-10 07:08:28,204 [Listener at 127.0.0.1/40377] WARN  impl.MetricRegistriesImpl (MetricRegistriesImpl.java:addReporterRegistration(111)) - New reporters are added after registries were created. Some metrics will be missing from the reporter. Please add reporter before adding any new registry.
2022-11-10 07:08:28,204 [Listener at 127.0.0.1/40377] INFO  impl.MetricsSystemImpl (MetricsSystemImpl.java:init(158)) - HddsDatanode metrics system started (again)
2022-11-10 07:08:28,212 [Datanode State Machine Daemon Thread] INFO  statemachine.DatanodeStateMachine (DatanodeStateMachine.java:lambda$startDaemon$0(505)) - Ozone container server started.
2022-11-10 07:08:28,217 [Listener at 127.0.0.1/40377] INFO  ozone.HddsDatanodeService (HddsDatanodeService.java:start(236)) - HddsDatanodeService host:fv-az194-925.m3vjxkz4xwiufi3h0wurkpa3rg.cx.internal.cloudapp.net ip:10.1.0.160
2022-11-10 07:08:28,222 [org.apache.hadoop.util.JvmPauseMonitor$Monitor@5329a97c] INFO  util.JvmPauseMonitor (JvmPauseMonitor.java:run(188)) - Starting JVM pause monitor
2022-11-10 07:08:28,222 [Datanode State Machine Task Thread - 0] INFO  ha.SCMNodeInfo (SCMNodeInfo.java:getPort(197)) - ConfigKey ozone.scm.client.address is deprecated, For configuring different ports for each SCM use PortConfigKey ozone.scm.client.port appended with serviceId and nodeId
2022-11-10 07:08:28,222 [Datanode State Machine Task Thread - 0] INFO  ha.SCMNodeInfo (SCMNodeInfo.java:getPort(197)) - ConfigKey ozone.scm.block.client.address is deprecated, For configuring different ports for each SCM use PortConfigKey ozone.scm.block.client.port appended with serviceId and nodeId
2022-11-10 07:08:28,222 [Datanode State Machine Task Thread - 0] INFO  ha.SCMNodeInfo (SCMNodeInfo.java:getPort(197)) - ConfigKey ozone.scm.datanode.address is deprecated, For configuring different ports for each SCM use PortConfigKey ozone.scm.datanode.port appended with serviceId and nodeId
2022-11-10 07:08:28,222 [Datanode State Machine Task Thread - 0] INFO  ha.SCMNodeInfo (SCMNodeInfo.java:getPort(197)) - ConfigKey ozone.scm.client.address is deprecated, For configuring different ports for each SCM use PortConfigKey ozone.scm.client.port appended with serviceId and nodeId
2022-11-10 07:08:28,222 [Datanode State Machine Task Thread - 0] INFO  ha.SCMNodeInfo (SCMNodeInfo.java:getPort(197)) - ConfigKey ozone.scm.block.client.address is deprecated, For configuring different ports for each SCM use PortConfigKey ozone.scm.block.client.port appended with serviceId and nodeId
2022-11-10 07:08:28,222 [Datanode State Machine Task Thread - 0] INFO  ha.SCMNodeInfo (SCMNodeInfo.java:getPort(197)) - ConfigKey ozone.scm.datanode.address is deprecated, For configuring different ports for each SCM use PortConfigKey ozone.scm.datanode.port appended with serviceId and nodeId
2022-11-10 07:08:28,222 [Datanode State Machine Task Thread - 0] INFO  ha.SCMNodeInfo (SCMNodeInfo.java:getPort(197)) - ConfigKey ozone.scm.client.address is deprecated, For configuring different ports for each SCM use PortConfigKey ozone.scm.client.port appended with serviceId and nodeId
2022-11-10 07:08:28,222 [Datanode State Machine Task Thread - 0] INFO  ha.SCMNodeInfo (SCMNodeInfo.java:getPort(197)) - ConfigKey ozone.scm.block.client.address is deprecated, For configuring different ports for each SCM use PortConfigKey ozone.scm.block.client.port appended with serviceId and nodeId
2022-11-10 07:08:28,222 [Datanode State Machine Task Thread - 0] INFO  ha.SCMNodeInfo (SCMNodeInfo.java:getPort(197)) - ConfigKey ozone.scm.datanode.address is deprecated, For configuring different ports for each SCM use PortConfigKey ozone.scm.datanode.port appended with serviceId and nodeId
2022-11-10 07:08:28,237 [Datanode State Machine Task Thread - 0] INFO  datanode.InitDatanodeState (InitDatanodeState.java:persistContainerDatanodeDetails(138)) - DatanodeDetails is persisted to /home/runner/work/ozone/ozone/hadoop-ozone/integration-test/target/test-dir/MiniOzoneClusterImpl-a89f51d4-237d-44f8-8386-a6bae3bff50d/datanode-1/meta/datanode.id
2022-11-10 07:08:28,240 [Listener at 127.0.0.1/40377] INFO  upgrade.AbstractLayoutVersionManager (AbstractLayoutVersionManager.java:init(83)) - Initializing Layout version manager with metadata layout = DATANODE_SCHEMA_V3 (version = 4), software layout = DATANODE_SCHEMA_V3 (version = 4)
2022-11-10 07:08:28,286 [Listener at 127.0.0.1/40377] INFO  reflections.Reflections (Reflections.java:scan(232)) - Reflections took 45 ms to scan 7 urls, producing 139 keys and 336 values 
2022-11-10 07:08:28,288 [Listener at 127.0.0.1/40377] INFO  ha.SCMNodeInfo (SCMNodeInfo.java:getPort(197)) - ConfigKey ozone.scm.client.address is deprecated, For configuring different ports for each SCM use PortConfigKey ozone.scm.client.port appended with serviceId and nodeId
2022-11-10 07:08:28,288 [Listener at 127.0.0.1/40377] INFO  ha.SCMNodeInfo (SCMNodeInfo.java:getPort(197)) - ConfigKey ozone.scm.block.client.address is deprecated, For configuring different ports for each SCM use PortConfigKey ozone.scm.block.client.port appended with serviceId and nodeId
2022-11-10 07:08:28,288 [Listener at 127.0.0.1/40377] INFO  ha.SCMNodeInfo (SCMNodeInfo.java:getPort(197)) - ConfigKey ozone.scm.datanode.address is deprecated, For configuring different ports for each SCM use PortConfigKey ozone.scm.datanode.port appended with serviceId and nodeId
2022-11-10 07:08:28,288 [Listener at 127.0.0.1/40377] INFO  ha.SCMNodeInfo (SCMNodeInfo.java:getPort(197)) - ConfigKey ozone.scm.client.address is deprecated, For configuring different ports for each SCM use PortConfigKey ozone.scm.client.port appended with serviceId and nodeId
2022-11-10 07:08:28,288 [Listener at 127.0.0.1/40377] INFO  ha.SCMNodeInfo (SCMNodeInfo.java:getPort(197)) - ConfigKey ozone.scm.block.client.address is deprecated, For configuring different ports for each SCM use PortConfigKey ozone.scm.block.client.port appended with serviceId and nodeId
2022-11-10 07:08:28,288 [Listener at 127.0.0.1/40377] INFO  ha.SCMNodeInfo (SCMNodeInfo.java:getPort(197)) - ConfigKey ozone.scm.datanode.address is deprecated, For configuring different ports for each SCM use PortConfigKey ozone.scm.datanode.port appended with serviceId and nodeId
2022-11-10 07:08:28,288 [Listener at 127.0.0.1/40377] INFO  ha.SCMNodeInfo (SCMNodeInfo.java:getPort(197)) - ConfigKey ozone.scm.client.address is deprecated, For configuring different ports for each SCM use PortConfigKey ozone.scm.client.port appended with serviceId and nodeId
2022-11-10 07:08:28,288 [Listener at 127.0.0.1/40377] INFO  ha.SCMNodeInfo (SCMNodeInfo.java:getPort(197)) - ConfigKey ozone.scm.block.client.address is deprecated, For configuring different ports for each SCM use PortConfigKey ozone.scm.block.client.port appended with serviceId and nodeId
2022-11-10 07:08:28,288 [Listener at 127.0.0.1/40377] INFO  ha.SCMNodeInfo (SCMNodeInfo.java:getPort(197)) - ConfigKey ozone.scm.datanode.address is deprecated, For configuring different ports for each SCM use PortConfigKey ozone.scm.datanode.port appended with serviceId and nodeId
2022-11-10 07:08:28,288 [Listener at 127.0.0.1/40377] INFO  statemachine.DatanodeStateMachine (DatanodeStateMachine.java:getEndPointTaskThreadPoolSize(245)) - Datanode State Machine Task Thread Pool size 4
2022-11-10 07:08:28,290 [Listener at 127.0.0.1/40377] INFO  volume.HddsVolume (HddsVolume.java:<init>(117)) - Creating HddsVolume: /home/runner/work/ozone/ozone/hadoop-ozone/integration-test/target/test-dir/MiniOzoneClusterImpl-a89f51d4-237d-44f8-8386-a6bae3bff50d/datanode-2/data-0/containers/hdds of storage type : DISK capacity : 9223372036854775807
2022-11-10 07:08:28,290 [Listener at 127.0.0.1/40377] INFO  volume.MutableVolumeSet (MutableVolumeSet.java:initializeVolumeSet(174)) - Added Volume : /home/runner/work/ozone/ozone/hadoop-ozone/integration-test/target/test-dir/MiniOzoneClusterImpl-a89f51d4-237d-44f8-8386-a6bae3bff50d/datanode-2/data-0/containers/hdds to VolumeSet
2022-11-10 07:08:28,290 [Listener at 127.0.0.1/40377] INFO  volume.ThrottledAsyncChecker (ThrottledAsyncChecker.java:schedule(141)) - Scheduling a check for /home/runner/work/ozone/ozone/hadoop-ozone/integration-test/target/test-dir/MiniOzoneClusterImpl-a89f51d4-237d-44f8-8386-a6bae3bff50d/datanode-2/data-0/containers/hdds
2022-11-10 07:08:28,292 [Listener at 127.0.0.1/40377] INFO  volume.StorageVolumeChecker (StorageVolumeChecker.java:checkAllVolumes(202)) - Scheduled health check for volume /home/runner/work/ozone/ozone/hadoop-ozone/integration-test/target/test-dir/MiniOzoneClusterImpl-a89f51d4-237d-44f8-8386-a6bae3bff50d/datanode-2/data-0/containers/hdds
2022-11-10 07:08:28,303 [Listener at 127.0.0.1/40377] INFO  volume.MutableVolumeSet (MutableVolumeSet.java:initializeVolumeSet(174)) - Added Volume : /home/runner/work/ozone/ozone/hadoop-ozone/integration-test/target/test-dir/MiniOzoneClusterImpl-a89f51d4-237d-44f8-8386-a6bae3bff50d/datanode-2/data/ratis to VolumeSet
2022-11-10 07:08:28,303 [Listener at 127.0.0.1/40377] INFO  volume.ThrottledAsyncChecker (ThrottledAsyncChecker.java:schedule(141)) - Scheduling a check for /home/runner/work/ozone/ozone/hadoop-ozone/integration-test/target/test-dir/MiniOzoneClusterImpl-a89f51d4-237d-44f8-8386-a6bae3bff50d/datanode-2/data/ratis
2022-11-10 07:08:28,304 [Listener at 127.0.0.1/40377] INFO  volume.StorageVolumeChecker (StorageVolumeChecker.java:checkAllVolumes(202)) - Scheduled health check for volume /home/runner/work/ozone/ozone/hadoop-ozone/integration-test/target/test-dir/MiniOzoneClusterImpl-a89f51d4-237d-44f8-8386-a6bae3bff50d/datanode-2/data/ratis
2022-11-10 07:08:28,315 [Thread-733] INFO  ozoneimpl.ContainerReader (ContainerReader.java:readVolume(175)) - Finish verifying containers on volume /home/runner/work/ozone/ozone/hadoop-ozone/integration-test/target/test-dir/MiniOzoneClusterImpl-a89f51d4-237d-44f8-8386-a6bae3bff50d/datanode-2/data-0/containers/hdds
2022-11-10 07:08:28,315 [Listener at 127.0.0.1/40377] INFO  ozoneimpl.OzoneContainer (OzoneContainer.java:buildContainerSet(300)) - Build ContainerSet costs 0s
2022-11-10 07:08:28,317 [Listener at 127.0.0.1/40377] INFO  server.RaftServer (ConfUtils.java:logGet(46)) - raft.rpc.type = GRPC (default)
2022-11-10 07:08:28,317 [Listener at 127.0.0.1/40377] INFO  grpc.GrpcConfigKeys (ConfUtils.java:logFallback(53)) - raft.grpc.admin.host = null (fallback to raft.grpc.server.host)
2022-11-10 07:08:28,317 [Listener at 127.0.0.1/40377] INFO  grpc.GrpcConfigKeys (ConfUtils.java:logGet(46)) - raft.grpc.admin.port = 0 (custom)
2022-11-10 07:08:28,317 [Listener at 127.0.0.1/40377] INFO  grpc.GrpcConfigKeys (ConfUtils.java:logFallback(53)) - raft.grpc.client.host = null (fallback to raft.grpc.server.host)
2022-11-10 07:08:28,317 [Listener at 127.0.0.1/40377] INFO  grpc.GrpcConfigKeys (ConfUtils.java:logGet(46)) - raft.grpc.client.port = 0 (custom)
2022-11-10 07:08:28,317 [Listener at 127.0.0.1/40377] INFO  grpc.GrpcConfigKeys (ConfUtils.java:logGet(46)) - raft.grpc.server.host = null (default)
2022-11-10 07:08:28,317 [Listener at 127.0.0.1/40377] INFO  grpc.GrpcConfigKeys (ConfUtils.java:logGet(46)) - raft.grpc.server.port = 0 (default)
2022-11-10 07:08:28,317 [Listener at 127.0.0.1/40377] INFO  server.GrpcService (ConfUtils.java:logGet(46)) - raft.grpc.message.size.max = 32MB (=33554432) (custom)
2022-11-10 07:08:28,317 [Listener at 127.0.0.1/40377] INFO  server.RaftServerConfigKeys (ConfUtils.java:logGet(46)) - raft.server.log.appender.buffer.byte-limit = 33554432 (custom)
2022-11-10 07:08:28,318 [Listener at 127.0.0.1/40377] INFO  server.GrpcService (ConfUtils.java:logGet(46)) - raft.grpc.flow.control.window = 5MB (=5242880) (custom)
2022-11-10 07:08:28,318 [Listener at 127.0.0.1/40377] INFO  server.RaftServerConfigKeys (ConfUtils.java:logGet(46)) - raft.server.rpc.request.timeout = 60s (custom)
2022-11-10 07:08:28,318 [Listener at 127.0.0.1/40377] INFO  grpc.GrpcConfigKeys (ConfUtils.java:logGet(46)) - raft.grpc.server.heartbeat.channel = true (default)
2022-11-10 07:08:28,318 [Listener at 127.0.0.1/40377] INFO  grpc.GrpcConfigKeys (ConfUtils.java:logGet(46)) - raft.grpc.server.async.request.thread.pool.cached = true (default)
2022-11-10 07:08:28,318 [Listener at 127.0.0.1/40377] INFO  grpc.GrpcConfigKeys (ConfUtils.java:logGet(46)) - raft.grpc.server.async.request.thread.pool.size = 32 (default)
2022-11-10 07:08:28,319 [Listener at 127.0.0.1/40377] INFO  impl.DataStreamServerImpl (ConfUtils.java:logGet(46)) - raft.datastream.type = DISABLED (default)
2022-11-10 07:08:28,319 [Listener at 127.0.0.1/40377] INFO  server.RaftServerConfigKeys (ConfUtils.java:logGet(46)) - raft.server.threadpool.proxy.cached = true (default)
2022-11-10 07:08:28,319 [Listener at 127.0.0.1/40377] INFO  server.RaftServerConfigKeys (ConfUtils.java:logGet(46)) - raft.server.threadpool.proxy.size = 0 (default)
2022-11-10 07:08:28,319 [Listener at 127.0.0.1/40377] INFO  server.RaftServerConfigKeys (ConfUtils.java:logGet(46)) - raft.server.rpc.slowness.timeout = 300s (custom)
2022-11-10 07:08:28,319 [Listener at 127.0.0.1/40377] INFO  server.RaftServerConfigKeys (ConfUtils.java:logGet(46)) - raft.server.leaderelection.leader.step-down.wait-time = 10s (default)
2022-11-10 07:08:28,319 [Listener at 127.0.0.1/40377] INFO  server.RaftServerConfigKeys (ConfUtils.java:logGet(46)) - raft.server.storage.dir = [/home/runner/work/ozone/ozone/hadoop-ozone/integration-test/target/test-dir/MiniOzoneClusterImpl-a89f51d4-237d-44f8-8386-a6bae3bff50d/datanode-2/data/ratis] (custom)
2022-11-10 07:08:28,324 [Listener at 127.0.0.1/40377] INFO  server.XceiverServerGrpc (XceiverServerGrpc.java:<init>(132)) - GrpcServer channel type EpollServerSocketChannel
2022-11-10 07:08:28,327 [Listener at 127.0.0.1/40377] INFO  http.BaseHttpServer (BaseHttpServer.java:newHttpServer2BuilderForOzone(213)) - Starting Web-server for hddsDatanode at: http://0.0.0.0:0
2022-11-10 07:08:28,327 [Listener at 127.0.0.1/40377] INFO  http.BaseHttpServer (BaseHttpServer.java:<init>(108)) - Hadoop Security Enabled: false Ozone Security Enabled: false Ozone HTTP Security Enabled: false 
2022-11-10 07:08:28,328 [Listener at 127.0.0.1/40377] WARN  server.AuthenticationFilter (AuthenticationFilter.java:constructSecretProvider(240)) - Unable to initialize FileSignerSecretProvider, falling back to use random secrets. Reason: Could not read signature secret file: /home/runner/hadoop-http-auth-signature-secret
2022-11-10 07:08:28,332 [Listener at 127.0.0.1/40377] WARN  http.HttpRequestLog (HttpRequestLog.java:getRequestLog(103)) - Jetty request log can only be enabled using Log4j
2022-11-10 07:08:28,333 [Listener at 127.0.0.1/40377] INFO  http.HttpServer2 (HttpServer2.java:addGlobalFilter(1031)) - Added global filter 'safety' (class=org.apache.hadoop.hdds.server.http.HttpServer2$QuotingInputFilter)
2022-11-10 07:08:28,334 [Listener at 127.0.0.1/40377] INFO  http.HttpServer2 (HttpServer2.java:addFilter(1007)) - Added filter static_user_filter (class=org.apache.hadoop.http.lib.StaticUserWebFilter$StaticUserFilter) to context hddsDatanode
2022-11-10 07:08:28,334 [Listener at 127.0.0.1/40377] INFO  http.HttpServer2 (HttpServer2.java:addFilter(1015)) - Added filter static_user_filter (class=org.apache.hadoop.http.lib.StaticUserWebFilter$StaticUserFilter) to context logs
2022-11-10 07:08:28,334 [Listener at 127.0.0.1/40377] INFO  http.HttpServer2 (HttpServer2.java:addFilter(1015)) - Added filter static_user_filter (class=org.apache.hadoop.http.lib.StaticUserWebFilter$StaticUserFilter) to context static
2022-11-10 07:08:28,334 [Listener at 127.0.0.1/40377] INFO  http.HttpServer2 (HttpServer2.java:bindListener(1250)) - Jetty bound to port 40191
2022-11-10 07:08:28,334 [Listener at 127.0.0.1/40377] INFO  server.Server (Server.java:doStart(375)) - jetty-9.4.49.v20220914; built: 2022-09-14T01:07:36.601Z; git: 4231a3b2e4cb8548a412a789936d640a97b1aa0a; jvm 1.8.0_345-b01
2022-11-10 07:08:28,352 [Listener at 127.0.0.1/40377] INFO  server.session (DefaultSessionIdManager.java:doStart(334)) - DefaultSessionIdManager workerName=node0
2022-11-10 07:08:28,352 [Listener at 127.0.0.1/40377] INFO  server.session (DefaultSessionIdManager.java:doStart(339)) - No SessionScavenger set, using defaults
2022-11-10 07:08:28,352 [Listener at 127.0.0.1/40377] INFO  server.session (HouseKeeper.java:startScavenging(132)) - node0 Scavenging every 660000ms
2022-11-10 07:08:28,353 [Listener at 127.0.0.1/40377] INFO  handler.ContextHandler (ContextHandler.java:doStart(921)) - Started o.e.j.s.ServletContextHandler@72dfbe4d{logs,/logs,file:///home/runner/work/ozone/ozone/hadoop-ozone/integration-test/target/log,AVAILABLE}
2022-11-10 07:08:28,354 [Listener at 127.0.0.1/40377] INFO  handler.ContextHandler (ContextHandler.java:doStart(921)) - Started o.e.j.s.ServletContextHandler@15078c94{static,/static,jar:file:/home/runner/.m2/repository/org/apache/ozone/hdds-container-service/1.3.0-SNAPSHOT/hdds-container-service-1.3.0-SNAPSHOT.jar!/webapps/static,AVAILABLE}
2022-11-10 07:08:28,524 [Listener at 127.0.0.1/40377] INFO  handler.ContextHandler (ContextHandler.java:doStart(921)) - Started o.e.j.w.WebAppContext@5c2ef88b{hddsDatanode,/,file:///tmp/jetty-0_0_0_0-40191-hdds-container-service-1_3_0-SNAPSHOT_jar-_-any-3016899224608485727/webapp/,AVAILABLE}{jar:file:/home/runner/.m2/repository/org/apache/ozone/hdds-container-service/1.3.0-SNAPSHOT/hdds-container-service-1.3.0-SNAPSHOT.jar!/webapps/hddsDatanode}
2022-11-10 07:08:28,526 [Listener at 127.0.0.1/40377] INFO  server.AbstractConnector (AbstractConnector.java:doStart(333)) - Started ServerConnector@11570d46{HTTP/1.1, (http/1.1)}{0.0.0.0:40191}
2022-11-10 07:08:28,526 [Listener at 127.0.0.1/40377] INFO  server.Server (Server.java:doStart(415)) - Started @26560ms
2022-11-10 07:08:28,526 [Listener at 127.0.0.1/40377] WARN  impl.MetricsSystemImpl (MetricsSystemImpl.java:register(279)) - Sink prometheus already exists!
2022-11-10 07:08:28,527 [Listener at 127.0.0.1/40377] INFO  http.BaseHttpServer (BaseHttpServer.java:updateConnectorAddress(333)) - HTTP server of hddsDatanode listening at http://0.0.0.0:40191
2022-11-10 07:08:28,528 [Listener at 127.0.0.1/40377] INFO  ozone.MiniOzoneClusterImpl (MiniOzoneClusterImpl.java:lambda$waitForClusterToBeReady$0(216)) - Waiting for nodes to be ready. Got 0 of 3 DN Heartbeats.
2022-11-10 07:08:28,528 [Listener at 127.0.0.1/40377] INFO  ozone.MiniOzoneClusterImpl (MiniOzoneClusterImpl.java:lambda$waitForClusterToBeReady$0(219)) - Waiting for cluster to exit safe mode
2022-11-10 07:08:28,528 [Listener at 127.0.0.1/40377] INFO  ozone.MiniOzoneClusterImpl (MiniOzoneClusterImpl.java:lambda$waitForClusterToBeReady$0(221)) - SCM became leader
2022-11-10 07:08:28,528 [Datanode State Machine Daemon Thread] INFO  statemachine.DatanodeStateMachine (DatanodeStateMachine.java:lambda$startDaemon$0(505)) - Ozone container server started.
2022-11-10 07:08:28,549 [org.apache.hadoop.util.JvmPauseMonitor$Monitor@5530c260] INFO  util.JvmPauseMonitor (JvmPauseMonitor.java:run(188)) - Starting JVM pause monitor
2022-11-10 07:08:28,549 [Datanode State Machine Task Thread - 0] INFO  ha.SCMNodeInfo (SCMNodeInfo.java:getPort(197)) - ConfigKey ozone.scm.client.address is deprecated, For configuring different ports for each SCM use PortConfigKey ozone.scm.client.port appended with serviceId and nodeId
2022-11-10 07:08:28,549 [Datanode State Machine Task Thread - 0] INFO  ha.SCMNodeInfo (SCMNodeInfo.java:getPort(197)) - ConfigKey ozone.scm.block.client.address is deprecated, For configuring different ports for each SCM use PortConfigKey ozone.scm.block.client.port appended with serviceId and nodeId
2022-11-10 07:08:28,549 [Datanode State Machine Task Thread - 0] INFO  ha.SCMNodeInfo (SCMNodeInfo.java:getPort(197)) - ConfigKey ozone.scm.datanode.address is deprecated, For configuring different ports for each SCM use PortConfigKey ozone.scm.datanode.port appended with serviceId and nodeId
2022-11-10 07:08:28,549 [Datanode State Machine Task Thread - 0] INFO  ha.SCMNodeInfo (SCMNodeInfo.java:getPort(197)) - ConfigKey ozone.scm.client.address is deprecated, For configuring different ports for each SCM use PortConfigKey ozone.scm.client.port appended with serviceId and nodeId
2022-11-10 07:08:28,549 [Datanode State Machine Task Thread - 0] INFO  ha.SCMNodeInfo (SCMNodeInfo.java:getPort(197)) - ConfigKey ozone.scm.block.client.address is deprecated, For configuring different ports for each SCM use PortConfigKey ozone.scm.block.client.port appended with serviceId and nodeId
2022-11-10 07:08:28,549 [Datanode State Machine Task Thread - 0] INFO  ha.SCMNodeInfo (SCMNodeInfo.java:getPort(197)) - ConfigKey ozone.scm.datanode.address is deprecated, For configuring different ports for each SCM use PortConfigKey ozone.scm.datanode.port appended with serviceId and nodeId
2022-11-10 07:08:28,549 [Datanode State Machine Task Thread - 0] INFO  ha.SCMNodeInfo (SCMNodeInfo.java:getPort(197)) - ConfigKey ozone.scm.client.address is deprecated, For configuring different ports for each SCM use PortConfigKey ozone.scm.client.port appended with serviceId and nodeId
2022-11-10 07:08:28,549 [Datanode State Machine Task Thread - 0] INFO  ha.SCMNodeInfo (SCMNodeInfo.java:getPort(197)) - ConfigKey ozone.scm.block.client.address is deprecated, For configuring different ports for each SCM use PortConfigKey ozone.scm.block.client.port appended with serviceId and nodeId
2022-11-10 07:08:28,549 [Datanode State Machine Task Thread - 0] INFO  ha.SCMNodeInfo (SCMNodeInfo.java:getPort(197)) - ConfigKey ozone.scm.datanode.address is deprecated, For configuring different ports for each SCM use PortConfigKey ozone.scm.datanode.port appended with serviceId and nodeId
2022-11-10 07:08:28,553 [Datanode State Machine Task Thread - 0] INFO  datanode.InitDatanodeState (InitDatanodeState.java:persistContainerDatanodeDetails(138)) - DatanodeDetails is persisted to /home/runner/work/ozone/ozone/hadoop-ozone/integration-test/target/test-dir/MiniOzoneClusterImpl-a89f51d4-237d-44f8-8386-a6bae3bff50d/datanode-2/meta/datanode.id
2022-11-10 07:08:29,528 [Listener at 127.0.0.1/40377] INFO  ozone.MiniOzoneClusterImpl (MiniOzoneClusterImpl.java:lambda$waitForClusterToBeReady$0(216)) - Waiting for nodes to be ready. Got 0 of 3 DN Heartbeats.
2022-11-10 07:08:29,529 [Listener at 127.0.0.1/40377] INFO  ozone.MiniOzoneClusterImpl (MiniOzoneClusterImpl.java:lambda$waitForClusterToBeReady$0(219)) - Waiting for cluster to exit safe mode
2022-11-10 07:08:29,529 [Listener at 127.0.0.1/40377] INFO  ozone.MiniOzoneClusterImpl (MiniOzoneClusterImpl.java:lambda$waitForClusterToBeReady$0(221)) - SCM became leader
2022-11-10 07:08:29,834 [EndpointStateMachine task thread for /127.0.0.1:46315 - 0 ] INFO  utils.DatanodeStoreCache (DatanodeStoreCache.java:addDB(58)) - Added db /home/runner/work/ozone/ozone/hadoop-ozone/integration-test/target/test-dir/MiniOzoneClusterImpl-a89f51d4-237d-44f8-8386-a6bae3bff50d/datanode-0/data-0/containers/hdds/a89f51d4-237d-44f8-8386-a6bae3bff50d/DS-1e95f3df-c119-4f59-a421-762e783462c7/container.db to cache
2022-11-10 07:08:29,834 [EndpointStateMachine task thread for /127.0.0.1:46315 - 0 ] INFO  volume.HddsVolume (HddsVolume.java:createDbStore(307)) - SchemaV3 db is created and loaded at /home/runner/work/ozone/ozone/hadoop-ozone/integration-test/target/test-dir/MiniOzoneClusterImpl-a89f51d4-237d-44f8-8386-a6bae3bff50d/datanode-0/data-0/containers/hdds/a89f51d4-237d-44f8-8386-a6bae3bff50d/DS-1e95f3df-c119-4f59-a421-762e783462c7/container.db for volume DS-1e95f3df-c119-4f59-a421-762e783462c7
2022-11-10 07:08:29,835 [EndpointStateMachine task thread for /127.0.0.1:46315 - 0 ] INFO  ozoneimpl.OzoneContainer (OzoneContainer.java:start(378)) - Attempting to start container services.
2022-11-10 07:08:29,840 [EndpointStateMachine task thread for /127.0.0.1:46315 - 0 ] INFO  ozoneimpl.OzoneContainer (OzoneContainer.java:startContainerScrub(313)) - Background container scanner has been disabled.
2022-11-10 07:08:29,844 [EndpointStateMachine task thread for /127.0.0.1:46315 - 0 ] INFO  replication.ReplicationServer (ReplicationServer.java:start(111)) - ReplicationServer is started using port 38303
2022-11-10 07:08:29,847 [EndpointStateMachine task thread for /127.0.0.1:46315 - 0 ] INFO  ratis.XceiverServerRatis (XceiverServerRatis.java:start(481)) - Starting XceiverServerRatis e793aa28-cf77-4971-8074-fcdd8288c5ce
2022-11-10 07:08:29,848 [EndpointStateMachine task thread for /127.0.0.1:46315 - 0 ] INFO  server.RaftServer (RaftServerProxy.java:startImpl(393)) - e793aa28-cf77-4971-8074-fcdd8288c5ce: start RPC server
2022-11-10 07:08:29,850 [EndpointStateMachine task thread for /127.0.0.1:46315 - 0 ] INFO  server.GrpcService (GrpcService.java:startImpl(270)) - e793aa28-cf77-4971-8074-fcdd8288c5ce: GrpcService started, listening on 36847
2022-11-10 07:08:29,850 [EndpointStateMachine task thread for /127.0.0.1:46315 - 0 ] INFO  ratis.XceiverServerRatis (XceiverServerRatis.java:getRealPort(502)) - XceiverServerRatis e793aa28-cf77-4971-8074-fcdd8288c5ce is started using port 36847 for RATIS
2022-11-10 07:08:29,850 [JvmPauseMonitor7] INFO  util.JvmPauseMonitor (JvmPauseMonitor.java:run(105)) - JvmPauseMonitor-e793aa28-cf77-4971-8074-fcdd8288c5ce: Started
2022-11-10 07:08:29,851 [EndpointStateMachine task thread for /127.0.0.1:46315 - 0 ] INFO  ratis.XceiverServerRatis (XceiverServerRatis.java:getRealPort(502)) - XceiverServerRatis e793aa28-cf77-4971-8074-fcdd8288c5ce is started using port 36847 for RATIS_ADMIN
2022-11-10 07:08:29,851 [EndpointStateMachine task thread for /127.0.0.1:46315 - 0 ] INFO  ratis.XceiverServerRatis (XceiverServerRatis.java:getRealPort(502)) - XceiverServerRatis e793aa28-cf77-4971-8074-fcdd8288c5ce is started using port 36847 for RATIS_SERVER
2022-11-10 07:08:29,853 [EndpointStateMachine task thread for /127.0.0.1:46315 - 0 ] INFO  server.XceiverServerGrpc (XceiverServerGrpc.java:start(180)) - XceiverServerGrpc e793aa28-cf77-4971-8074-fcdd8288c5ce is started using port 38319
2022-11-10 07:08:29,862 [EndpointStateMachine task thread for /127.0.0.1:37609 - 0 ] INFO  ozoneimpl.OzoneContainer (OzoneContainer.java:start(374)) - Ignore. OzoneContainer already started.
2022-11-10 07:08:29,863 [EndpointStateMachine task thread for /127.0.0.1:34127 - 0 ] INFO  ozoneimpl.OzoneContainer (OzoneContainer.java:start(374)) - Ignore. OzoneContainer already started.
2022-11-10 07:08:30,257 [EndpointStateMachine task thread for /127.0.0.1:34127 - 0 ] INFO  utils.DatanodeStoreCache (DatanodeStoreCache.java:addDB(58)) - Added db /home/runner/work/ozone/ozone/hadoop-ozone/integration-test/target/test-dir/MiniOzoneClusterImpl-a89f51d4-237d-44f8-8386-a6bae3bff50d/datanode-1/data-0/containers/hdds/a89f51d4-237d-44f8-8386-a6bae3bff50d/DS-aac1fe9d-3386-4a3d-92a9-1b5ee2ce9886/container.db to cache
2022-11-10 07:08:30,258 [EndpointStateMachine task thread for /127.0.0.1:34127 - 0 ] INFO  volume.HddsVolume (HddsVolume.java:createDbStore(307)) - SchemaV3 db is created and loaded at /home/runner/work/ozone/ozone/hadoop-ozone/integration-test/target/test-dir/MiniOzoneClusterImpl-a89f51d4-237d-44f8-8386-a6bae3bff50d/datanode-1/data-0/containers/hdds/a89f51d4-237d-44f8-8386-a6bae3bff50d/DS-aac1fe9d-3386-4a3d-92a9-1b5ee2ce9886/container.db for volume DS-aac1fe9d-3386-4a3d-92a9-1b5ee2ce9886
2022-11-10 07:08:30,258 [EndpointStateMachine task thread for /127.0.0.1:34127 - 0 ] INFO  ozoneimpl.OzoneContainer (OzoneContainer.java:start(378)) - Attempting to start container services.
2022-11-10 07:08:30,258 [EndpointStateMachine task thread for /127.0.0.1:34127 - 0 ] INFO  ozoneimpl.OzoneContainer (OzoneContainer.java:startContainerScrub(313)) - Background container scanner has been disabled.
2022-11-10 07:08:30,262 [EndpointStateMachine task thread for /127.0.0.1:34127 - 0 ] INFO  replication.ReplicationServer (ReplicationServer.java:start(111)) - ReplicationServer is started using port 32951
2022-11-10 07:08:30,269 [EndpointStateMachine task thread for /127.0.0.1:34127 - 0 ] INFO  ratis.XceiverServerRatis (XceiverServerRatis.java:start(481)) - Starting XceiverServerRatis 7b1182b7-d54c-44fb-86ea-7d58e998a9db
2022-11-10 07:08:30,275 [EndpointStateMachine task thread for /127.0.0.1:34127 - 0 ] INFO  server.RaftServer (RaftServerProxy.java:startImpl(393)) - 7b1182b7-d54c-44fb-86ea-7d58e998a9db: start RPC server
2022-11-10 07:08:30,279 [EndpointStateMachine task thread for /127.0.0.1:34127 - 0 ] INFO  server.GrpcService (GrpcService.java:startImpl(270)) - 7b1182b7-d54c-44fb-86ea-7d58e998a9db: GrpcService started, listening on 34927
2022-11-10 07:08:30,279 [EndpointStateMachine task thread for /127.0.0.1:34127 - 0 ] INFO  ratis.XceiverServerRatis (XceiverServerRatis.java:getRealPort(502)) - XceiverServerRatis 7b1182b7-d54c-44fb-86ea-7d58e998a9db is started using port 34927 for RATIS
2022-11-10 07:08:30,279 [EndpointStateMachine task thread for /127.0.0.1:34127 - 0 ] INFO  ratis.XceiverServerRatis (XceiverServerRatis.java:getRealPort(502)) - XceiverServerRatis 7b1182b7-d54c-44fb-86ea-7d58e998a9db is started using port 34927 for RATIS_ADMIN
2022-11-10 07:08:30,279 [EndpointStateMachine task thread for /127.0.0.1:34127 - 0 ] INFO  ratis.XceiverServerRatis (XceiverServerRatis.java:getRealPort(502)) - XceiverServerRatis 7b1182b7-d54c-44fb-86ea-7d58e998a9db is started using port 34927 for RATIS_SERVER
2022-11-10 07:08:30,284 [JvmPauseMonitor8] INFO  util.JvmPauseMonitor (JvmPauseMonitor.java:run(105)) - JvmPauseMonitor-7b1182b7-d54c-44fb-86ea-7d58e998a9db: Started
2022-11-10 07:08:30,296 [EndpointStateMachine task thread for /127.0.0.1:34127 - 0 ] INFO  server.XceiverServerGrpc (XceiverServerGrpc.java:start(180)) - XceiverServerGrpc 7b1182b7-d54c-44fb-86ea-7d58e998a9db is started using port 42067
2022-11-10 07:08:30,301 [EndpointStateMachine task thread for /127.0.0.1:37609 - 0 ] INFO  ozoneimpl.OzoneContainer (OzoneContainer.java:start(374)) - Ignore. OzoneContainer already started.
2022-11-10 07:08:30,301 [EndpointStateMachine task thread for /127.0.0.1:46315 - 0 ] INFO  ozoneimpl.OzoneContainer (OzoneContainer.java:start(374)) - Ignore. OzoneContainer already started.
2022-11-10 07:08:30,529 [Listener at 127.0.0.1/40377] INFO  ozone.MiniOzoneClusterImpl (MiniOzoneClusterImpl.java:lambda$waitForClusterToBeReady$0(216)) - Waiting for nodes to be ready. Got 0 of 3 DN Heartbeats.
2022-11-10 07:08:30,529 [Listener at 127.0.0.1/40377] INFO  ozone.MiniOzoneClusterImpl (MiniOzoneClusterImpl.java:lambda$waitForClusterToBeReady$0(219)) - Waiting for cluster to exit safe mode
2022-11-10 07:08:30,529 [Listener at 127.0.0.1/40377] INFO  ozone.MiniOzoneClusterImpl (MiniOzoneClusterImpl.java:lambda$waitForClusterToBeReady$0(221)) - SCM became leader
2022-11-10 07:08:30,596 [EndpointStateMachine task thread for /127.0.0.1:37609 - 0 ] INFO  utils.DatanodeStoreCache (DatanodeStoreCache.java:addDB(58)) - Added db /home/runner/work/ozone/ozone/hadoop-ozone/integration-test/target/test-dir/MiniOzoneClusterImpl-a89f51d4-237d-44f8-8386-a6bae3bff50d/datanode-2/data-0/containers/hdds/a89f51d4-237d-44f8-8386-a6bae3bff50d/DS-c4ead28b-443c-44a3-afa9-b26b27923627/container.db to cache
2022-11-10 07:08:30,596 [EndpointStateMachine task thread for /127.0.0.1:37609 - 0 ] INFO  volume.HddsVolume (HddsVolume.java:createDbStore(307)) - SchemaV3 db is created and loaded at /home/runner/work/ozone/ozone/hadoop-ozone/integration-test/target/test-dir/MiniOzoneClusterImpl-a89f51d4-237d-44f8-8386-a6bae3bff50d/datanode-2/data-0/containers/hdds/a89f51d4-237d-44f8-8386-a6bae3bff50d/DS-c4ead28b-443c-44a3-afa9-b26b27923627/container.db for volume DS-c4ead28b-443c-44a3-afa9-b26b27923627
2022-11-10 07:08:30,597 [EndpointStateMachine task thread for /127.0.0.1:37609 - 0 ] INFO  ozoneimpl.OzoneContainer (OzoneContainer.java:start(378)) - Attempting to start container services.
2022-11-10 07:08:30,597 [EndpointStateMachine task thread for /127.0.0.1:37609 - 0 ] INFO  ozoneimpl.OzoneContainer (OzoneContainer.java:startContainerScrub(313)) - Background container scanner has been disabled.
2022-11-10 07:08:30,602 [EndpointStateMachine task thread for /127.0.0.1:37609 - 0 ] INFO  replication.ReplicationServer (ReplicationServer.java:start(111)) - ReplicationServer is started using port 43325
2022-11-10 07:08:30,603 [EndpointStateMachine task thread for /127.0.0.1:37609 - 0 ] INFO  ratis.XceiverServerRatis (XceiverServerRatis.java:start(481)) - Starting XceiverServerRatis b187db32-a43b-4ea5-9e1b-16734133a38f
2022-11-10 07:08:30,612 [EndpointStateMachine task thread for /127.0.0.1:37609 - 0 ] INFO  server.RaftServer (RaftServerProxy.java:startImpl(393)) - b187db32-a43b-4ea5-9e1b-16734133a38f: start RPC server
2022-11-10 07:08:30,615 [EndpointStateMachine task thread for /127.0.0.1:37609 - 0 ] INFO  server.GrpcService (GrpcService.java:startImpl(270)) - b187db32-a43b-4ea5-9e1b-16734133a38f: GrpcService started, listening on 40995
2022-11-10 07:08:30,616 [EndpointStateMachine task thread for /127.0.0.1:37609 - 0 ] INFO  ratis.XceiverServerRatis (XceiverServerRatis.java:getRealPort(502)) - XceiverServerRatis b187db32-a43b-4ea5-9e1b-16734133a38f is started using port 40995 for RATIS
2022-11-10 07:08:30,616 [EndpointStateMachine task thread for /127.0.0.1:37609 - 0 ] INFO  ratis.XceiverServerRatis (XceiverServerRatis.java:getRealPort(502)) - XceiverServerRatis b187db32-a43b-4ea5-9e1b-16734133a38f is started using port 40995 for RATIS_ADMIN
2022-11-10 07:08:30,616 [EndpointStateMachine task thread for /127.0.0.1:37609 - 0 ] INFO  ratis.XceiverServerRatis (XceiverServerRatis.java:getRealPort(502)) - XceiverServerRatis b187db32-a43b-4ea5-9e1b-16734133a38f is started using port 40995 for RATIS_SERVER
2022-11-10 07:08:30,616 [JvmPauseMonitor9] INFO  util.JvmPauseMonitor (JvmPauseMonitor.java:run(105)) - JvmPauseMonitor-b187db32-a43b-4ea5-9e1b-16734133a38f: Started
2022-11-10 07:08:30,632 [EndpointStateMachine task thread for /127.0.0.1:37609 - 0 ] INFO  server.XceiverServerGrpc (XceiverServerGrpc.java:start(180)) - XceiverServerGrpc b187db32-a43b-4ea5-9e1b-16734133a38f is started using port 33335
2022-11-10 07:08:30,637 [EndpointStateMachine task thread for /127.0.0.1:34127 - 0 ] INFO  ozoneimpl.OzoneContainer (OzoneContainer.java:start(374)) - Ignore. OzoneContainer already started.
2022-11-10 07:08:30,637 [EndpointStateMachine task thread for /127.0.0.1:46315 - 0 ] INFO  ozoneimpl.OzoneContainer (OzoneContainer.java:start(374)) - Ignore. OzoneContainer already started.
2022-11-10 07:08:31,529 [Listener at 127.0.0.1/40377] INFO  ozone.MiniOzoneClusterImpl (MiniOzoneClusterImpl.java:lambda$waitForClusterToBeReady$0(216)) - Waiting for nodes to be ready. Got 0 of 3 DN Heartbeats.
2022-11-10 07:08:31,529 [Listener at 127.0.0.1/40377] INFO  ozone.MiniOzoneClusterImpl (MiniOzoneClusterImpl.java:lambda$waitForClusterToBeReady$0(219)) - Waiting for cluster to exit safe mode
2022-11-10 07:08:31,530 [Listener at 127.0.0.1/40377] INFO  ozone.MiniOzoneClusterImpl (MiniOzoneClusterImpl.java:lambda$waitForClusterToBeReady$0(221)) - SCM became leader
2022-11-10 07:08:31,733 [IPC Server handler 6 on default port 34127] INFO  net.NetworkTopologyImpl (NetworkTopologyImpl.java:add(112)) - Added a new node: /default-rack/e793aa28-cf77-4971-8074-fcdd8288c5ce
2022-11-10 07:08:31,733 [IPC Server handler 99 on default port 37609] INFO  net.NetworkTopologyImpl (NetworkTopologyImpl.java:add(112)) - Added a new node: /default-rack/e793aa28-cf77-4971-8074-fcdd8288c5ce
2022-11-10 07:08:31,738 [IPC Server handler 19 on default port 46315] INFO  net.NetworkTopologyImpl (NetworkTopologyImpl.java:add(112)) - Added a new node: /default-rack/e793aa28-cf77-4971-8074-fcdd8288c5ce
2022-11-10 07:08:31,738 [IPC Server handler 99 on default port 37609] INFO  node.SCMNodeManager (SCMNodeManager.java:register(397)) - Registered Data node : e793aa28-cf77-4971-8074-fcdd8288c5ce{ip: 127.0.0.1, host: localhost, ports: [REPLICATION=38303, RATIS=36847, RATIS_ADMIN=36847, RATIS_SERVER=36847, STANDALONE=38319], networkLocation: /default-rack, certSerialId: null, persistedOpState: null, persistedOpStateExpiryEpochSec: 0}
2022-11-10 07:08:31,738 [IPC Server handler 19 on default port 46315] INFO  node.SCMNodeManager (SCMNodeManager.java:register(397)) - Registered Data node : e793aa28-cf77-4971-8074-fcdd8288c5ce{ip: 127.0.0.1, host: localhost, ports: [REPLICATION=38303, RATIS=36847, RATIS_ADMIN=36847, RATIS_SERVER=36847, STANDALONE=38319], networkLocation: /default-rack, certSerialId: null, persistedOpState: null, persistedOpStateExpiryEpochSec: 0}
2022-11-10 07:08:31,740 [IPC Server handler 6 on default port 34127] INFO  node.SCMNodeManager (SCMNodeManager.java:register(397)) - Registered Data node : e793aa28-cf77-4971-8074-fcdd8288c5ce{ip: 127.0.0.1, host: localhost, ports: [REPLICATION=38303, RATIS=36847, RATIS_ADMIN=36847, RATIS_SERVER=36847, STANDALONE=38319], networkLocation: /default-rack, certSerialId: null, persistedOpState: null, persistedOpStateExpiryEpochSec: 0}
2022-11-10 07:08:31,747 [EventQueue-NodeRegistrationContainerReportForDataNodeSafeModeRule] INFO  safemode.SCMSafeModeManager (DataNodeSafeModeRule.java:process(71)) - SCM in safe mode. 1 DataNodes registered, 3 required.
2022-11-10 07:08:31,747 [EventQueue-NewNodeForNewNodeHandler] INFO  pipeline.BackgroundPipelineCreator (BackgroundPipelineCreator.java:notifyEventTriggered(269)) - ignore, not leader SCM.
2022-11-10 07:08:31,750 [EventQueue-NewNodeForNewNodeHandler] INFO  pipeline.BackgroundPipelineCreator (BackgroundPipelineCreator.java:notifyEventTriggered(276)) - trigger a one-shot run on RatisPipelineUtilsThread.
2022-11-10 07:08:31,754 [EventQueue-NodeRegistrationContainerReportForContainerSafeModeRule] INFO  safemode.SCMSafeModeManager (SCMSafeModeManager.java:validateSafeModeExitRules(204)) - ContainerSafeModeRule rule is successfully validated
2022-11-10 07:08:31,760 [EventQueue-NodeRegistrationContainerReportForContainerSafeModeRule] INFO  safemode.SCMSafeModeManager (SCMSafeModeManager.java:validateSafeModeExitRules(204)) - ContainerSafeModeRule rule is successfully validated
2022-11-10 07:08:31,761 [EventQueue-NodeRegistrationContainerReportForDataNodeSafeModeRule] INFO  safemode.SCMSafeModeManager (DataNodeSafeModeRule.java:process(71)) - SCM in safe mode. 1 DataNodes registered, 3 required.
2022-11-10 07:08:31,761 [EventQueue-NewNodeForNewNodeHandler] INFO  pipeline.BackgroundPipelineCreator (BackgroundPipelineCreator.java:notifyEventTriggered(269)) - ignore, not leader SCM.
2022-11-10 07:08:31,761 [EventQueue-NodeRegistrationContainerReportForDataNodeSafeModeRule] INFO  safemode.SCMSafeModeManager (DataNodeSafeModeRule.java:process(71)) - SCM in safe mode. 1 DataNodes registered, 3 required.
2022-11-10 07:08:31,777 [EventQueue-PipelineReportForOneReplicaPipelineSafeModeRule] INFO  safemode.SCMSafeModeManager (SCMSafeModeManager.java:validateSafeModeExitRules(204)) - AtleastOneDatanodeReportedRule rule is successfully validated
2022-11-10 07:08:31,777 [EventQueue-NodeRegistrationContainerReportForContainerSafeModeRule] INFO  safemode.SCMSafeModeManager (SCMSafeModeManager.java:validateSafeModeExitRules(204)) - ContainerSafeModeRule rule is successfully validated
2022-11-10 07:08:31,777 [EventQueue-PipelineReportForOneReplicaPipelineSafeModeRule] INFO  safemode.SCMSafeModeManager (SCMSafeModeManager.java:validateSafeModeExitRules(204)) - AtleastOneDatanodeReportedRule rule is successfully validated
2022-11-10 07:08:31,779 [EventQueue-PipelineReportForOneReplicaPipelineSafeModeRule] INFO  safemode.SCMSafeModeManager (SCMSafeModeManager.java:validateSafeModeExitRules(204)) - AtleastOneDatanodeReportedRule rule is successfully validated
2022-11-10 07:08:31,783 [RatisPipelineUtilsThread - 0] INFO  pipeline.RatisPipelineProvider (RatisPipelineProvider.java:lambda$create$0(195)) - Sending CreatePipelineCommand for pipeline:PipelineID=230e6ca1-f728-42a4-ad5d-e036d9fdb550 to datanode:e793aa28-cf77-4971-8074-fcdd8288c5ce
2022-11-10 07:08:31,861 [c8e5d44d-3ae5-47f4-8fed-77a3ea3a3924@group-A6BAE3BFF50D-StateMachineUpdater] INFO  pipeline.PipelineStateManagerImpl (PipelineStateManagerImpl.java:addPipeline(103)) - Created pipeline Pipeline[ Id: 230e6ca1-f728-42a4-ad5d-e036d9fdb550, Nodes: e793aa28-cf77-4971-8074-fcdd8288c5ce{ip: 127.0.0.1, host: localhost, ports: [REPLICATION=38303, RATIS=36847, RATIS_ADMIN=36847, RATIS_SERVER=36847, STANDALONE=38319], networkLocation: /default-rack, certSerialId: null, persistedOpState: IN_SERVICE, persistedOpStateExpiryEpochSec: 0}, ReplicationConfig: RATIS/ONE, State:ALLOCATED, leaderId:, CreationTimestamp2022-11-10T07:08:31.782Z[Etc/UTC]].
2022-11-10 07:08:31,867 [db4da669-e495-4258-8ed5-d8ca382bca0e@group-A6BAE3BFF50D-StateMachineUpdater] INFO  pipeline.PipelineStateManagerImpl (PipelineStateManagerImpl.java:addPipeline(103)) - Created pipeline Pipeline[ Id: 230e6ca1-f728-42a4-ad5d-e036d9fdb550, Nodes: e793aa28-cf77-4971-8074-fcdd8288c5ce{ip: 127.0.0.1, host: localhost, ports: [REPLICATION=38303, RATIS=36847, RATIS_ADMIN=36847, RATIS_SERVER=36847, STANDALONE=38319], networkLocation: /default-rack, certSerialId: null, persistedOpState: IN_SERVICE, persistedOpStateExpiryEpochSec: 0}, ReplicationConfig: RATIS/ONE, State:ALLOCATED, leaderId:, CreationTimestamp2022-11-10T07:08:31.782Z[Etc/UTC]].
2022-11-10 07:08:31,868 [db4da669-e495-4258-8ed5-d8ca382bca0e@group-A6BAE3BFF50D-StateMachineUpdater] INFO  safemode.HealthyPipelineSafeModeRule (HealthyPipelineSafeModeRule.java:initializeRule(165)) - Refreshed total pipeline count is 0, healthy pipeline threshold count is 1
2022-11-10 07:08:31,861 [4ed76112-e62d-4ca7-a346-3bf242109c33@group-A6BAE3BFF50D-StateMachineUpdater] INFO  pipeline.PipelineStateManagerImpl (PipelineStateManagerImpl.java:addPipeline(103)) - Created pipeline Pipeline[ Id: 230e6ca1-f728-42a4-ad5d-e036d9fdb550, Nodes: e793aa28-cf77-4971-8074-fcdd8288c5ce{ip: 127.0.0.1, host: localhost, ports: [REPLICATION=38303, RATIS=36847, RATIS_ADMIN=36847, RATIS_SERVER=36847, STANDALONE=38319], networkLocation: /default-rack, certSerialId: null, persistedOpState: IN_SERVICE, persistedOpStateExpiryEpochSec: 0}, ReplicationConfig: RATIS/ONE, State:ALLOCATED, leaderId:, CreationTimestamp2022-11-10T07:08:31.782Z[Etc/UTC]].
2022-11-10 07:08:31,870 [c8e5d44d-3ae5-47f4-8fed-77a3ea3a3924@group-A6BAE3BFF50D-StateMachineUpdater] INFO  safemode.HealthyPipelineSafeModeRule (HealthyPipelineSafeModeRule.java:initializeRule(165)) - Refreshed total pipeline count is 0, healthy pipeline threshold count is 1
2022-11-10 07:08:31,871 [4ed76112-e62d-4ca7-a346-3bf242109c33@group-A6BAE3BFF50D-StateMachineUpdater] INFO  safemode.HealthyPipelineSafeModeRule (HealthyPipelineSafeModeRule.java:initializeRule(165)) - Refreshed total pipeline count is 0, healthy pipeline threshold count is 1
2022-11-10 07:08:32,229 [IPC Server handler 3 on default port 34127] INFO  net.NetworkTopologyImpl (NetworkTopologyImpl.java:add(112)) - Added a new node: /default-rack/7b1182b7-d54c-44fb-86ea-7d58e998a9db
2022-11-10 07:08:32,229 [IPC Server handler 18 on default port 46315] INFO  net.NetworkTopologyImpl (NetworkTopologyImpl.java:add(112)) - Added a new node: /default-rack/7b1182b7-d54c-44fb-86ea-7d58e998a9db
2022-11-10 07:08:32,230 [IPC Server handler 18 on default port 46315] INFO  node.SCMNodeManager (SCMNodeManager.java:register(397)) - Registered Data node : 7b1182b7-d54c-44fb-86ea-7d58e998a9db{ip: 127.0.0.1, host: localhost, ports: [REPLICATION=32951, RATIS=34927, RATIS_ADMIN=34927, RATIS_SERVER=34927, STANDALONE=42067], networkLocation: /default-rack, certSerialId: null, persistedOpState: null, persistedOpStateExpiryEpochSec: 0}
2022-11-10 07:08:32,230 [IPC Server handler 3 on default port 34127] INFO  node.SCMNodeManager (SCMNodeManager.java:register(397)) - Registered Data node : 7b1182b7-d54c-44fb-86ea-7d58e998a9db{ip: 127.0.0.1, host: localhost, ports: [REPLICATION=32951, RATIS=34927, RATIS_ADMIN=34927, RATIS_SERVER=34927, STANDALONE=42067], networkLocation: /default-rack, certSerialId: null, persistedOpState: null, persistedOpStateExpiryEpochSec: 0}
2022-11-10 07:08:32,232 [IPC Server handler 97 on default port 37609] INFO  net.NetworkTopologyImpl (NetworkTopologyImpl.java:add(112)) - Added a new node: /default-rack/7b1182b7-d54c-44fb-86ea-7d58e998a9db
2022-11-10 07:08:32,232 [IPC Server handler 97 on default port 37609] INFO  node.SCMNodeManager (SCMNodeManager.java:register(397)) - Registered Data node : 7b1182b7-d54c-44fb-86ea-7d58e998a9db{ip: 127.0.0.1, host: localhost, ports: [REPLICATION=32951, RATIS=34927, RATIS_ADMIN=34927, RATIS_SERVER=34927, STANDALONE=42067], networkLocation: /default-rack, certSerialId: null, persistedOpState: null, persistedOpStateExpiryEpochSec: 0}
2022-11-10 07:08:32,232 [EventQueue-NewNodeForNewNodeHandler] INFO  pipeline.BackgroundPipelineCreator (BackgroundPipelineCreator.java:notifyEventTriggered(269)) - ignore, not leader SCM.
2022-11-10 07:08:32,232 [EventQueue-NewNodeForNewNodeHandler] INFO  pipeline.BackgroundPipelineCreator (BackgroundPipelineCreator.java:notifyEventTriggered(276)) - trigger a one-shot run on RatisPipelineUtilsThread.
2022-11-10 07:08:32,233 [EventQueue-NewNodeForNewNodeHandler] INFO  pipeline.BackgroundPipelineCreator (BackgroundPipelineCreator.java:notifyEventTriggered(269)) - ignore, not leader SCM.
2022-11-10 07:08:32,231 [EventQueue-NodeRegistrationContainerReportForDataNodeSafeModeRule] INFO  safemode.SCMSafeModeManager (DataNodeSafeModeRule.java:process(71)) - SCM in safe mode. 2 DataNodes registered, 3 required.
2022-11-10 07:08:32,233 [RatisPipelineUtilsThread - 0] INFO  pipeline.RatisPipelineProvider (RatisPipelineProvider.java:lambda$create$0(195)) - Sending CreatePipelineCommand for pipeline:PipelineID=4fe87e73-9939-47d3-83a9-4adc2d483c6e to datanode:7b1182b7-d54c-44fb-86ea-7d58e998a9db
2022-11-10 07:08:32,238 [EventQueue-NodeRegistrationContainerReportForDataNodeSafeModeRule] INFO  safemode.SCMSafeModeManager (DataNodeSafeModeRule.java:process(71)) - SCM in safe mode. 2 DataNodes registered, 3 required.
2022-11-10 07:08:32,238 [EventQueue-NodeRegistrationContainerReportForDataNodeSafeModeRule] INFO  safemode.SCMSafeModeManager (DataNodeSafeModeRule.java:process(71)) - SCM in safe mode. 2 DataNodes registered, 3 required.
2022-11-10 07:08:32,241 [4ed76112-e62d-4ca7-a346-3bf242109c33@group-A6BAE3BFF50D-StateMachineUpdater] INFO  pipeline.PipelineStateManagerImpl (PipelineStateManagerImpl.java:addPipeline(103)) - Created pipeline Pipeline[ Id: 4fe87e73-9939-47d3-83a9-4adc2d483c6e, Nodes: 7b1182b7-d54c-44fb-86ea-7d58e998a9db{ip: 127.0.0.1, host: localhost, ports: [REPLICATION=32951, RATIS=34927, RATIS_ADMIN=34927, RATIS_SERVER=34927, STANDALONE=42067], networkLocation: /default-rack, certSerialId: null, persistedOpState: IN_SERVICE, persistedOpStateExpiryEpochSec: 0}, ReplicationConfig: RATIS/ONE, State:ALLOCATED, leaderId:, CreationTimestamp2022-11-10T07:08:32.233Z[Etc/UTC]].
2022-11-10 07:08:32,241 [4ed76112-e62d-4ca7-a346-3bf242109c33@group-A6BAE3BFF50D-StateMachineUpdater] INFO  safemode.HealthyPipelineSafeModeRule (HealthyPipelineSafeModeRule.java:initializeRule(165)) - Refreshed total pipeline count is 0, healthy pipeline threshold count is 1
2022-11-10 07:08:32,243 [c8e5d44d-3ae5-47f4-8fed-77a3ea3a3924@group-A6BAE3BFF50D-StateMachineUpdater] INFO  pipeline.PipelineStateManagerImpl (PipelineStateManagerImpl.java:addPipeline(103)) - Created pipeline Pipeline[ Id: 4fe87e73-9939-47d3-83a9-4adc2d483c6e, Nodes: 7b1182b7-d54c-44fb-86ea-7d58e998a9db{ip: 127.0.0.1, host: localhost, ports: [REPLICATION=32951, RATIS=34927, RATIS_ADMIN=34927, RATIS_SERVER=34927, STANDALONE=42067], networkLocation: /default-rack, certSerialId: null, persistedOpState: IN_SERVICE, persistedOpStateExpiryEpochSec: 0}, ReplicationConfig: RATIS/ONE, State:ALLOCATED, leaderId:, CreationTimestamp2022-11-10T07:08:32.233Z[Etc/UTC]].
2022-11-10 07:08:32,245 [c8e5d44d-3ae5-47f4-8fed-77a3ea3a3924@group-A6BAE3BFF50D-StateMachineUpdater] INFO  safemode.HealthyPipelineSafeModeRule (HealthyPipelineSafeModeRule.java:initializeRule(165)) - Refreshed total pipeline count is 0, healthy pipeline threshold count is 1
2022-11-10 07:08:32,244 [db4da669-e495-4258-8ed5-d8ca382bca0e@group-A6BAE3BFF50D-StateMachineUpdater] INFO  pipeline.PipelineStateManagerImpl (PipelineStateManagerImpl.java:addPipeline(103)) - Created pipeline Pipeline[ Id: 4fe87e73-9939-47d3-83a9-4adc2d483c6e, Nodes: 7b1182b7-d54c-44fb-86ea-7d58e998a9db{ip: 127.0.0.1, host: localhost, ports: [REPLICATION=32951, RATIS=34927, RATIS_ADMIN=34927, RATIS_SERVER=34927, STANDALONE=42067], networkLocation: /default-rack, certSerialId: null, persistedOpState: IN_SERVICE, persistedOpStateExpiryEpochSec: 0}, ReplicationConfig: RATIS/ONE, State:ALLOCATED, leaderId:, CreationTimestamp2022-11-10T07:08:32.233Z[Etc/UTC]].
2022-11-10 07:08:32,246 [db4da669-e495-4258-8ed5-d8ca382bca0e@group-A6BAE3BFF50D-StateMachineUpdater] INFO  safemode.HealthyPipelineSafeModeRule (HealthyPipelineSafeModeRule.java:initializeRule(165)) - Refreshed total pipeline count is 0, healthy pipeline threshold count is 1
2022-11-10 07:08:32,530 [Listener at 127.0.0.1/40377] INFO  ozone.MiniOzoneClusterImpl (MiniOzoneClusterImpl.java:lambda$waitForClusterToBeReady$0(216)) - Waiting for nodes to be ready. Got 2 of 3 DN Heartbeats.
2022-11-10 07:08:32,531 [Listener at 127.0.0.1/40377] INFO  ozone.MiniOzoneClusterImpl (MiniOzoneClusterImpl.java:lambda$waitForClusterToBeReady$0(219)) - Waiting for cluster to exit safe mode
2022-11-10 07:08:32,531 [Listener at 127.0.0.1/40377] INFO  ozone.MiniOzoneClusterImpl (MiniOzoneClusterImpl.java:lambda$waitForClusterToBeReady$0(221)) - SCM became leader
2022-11-10 07:08:32,555 [IPC Server handler 7 on default port 34127] INFO  net.NetworkTopologyImpl (NetworkTopologyImpl.java:add(112)) - Added a new node: /default-rack/b187db32-a43b-4ea5-9e1b-16734133a38f
2022-11-10 07:08:32,555 [IPC Server handler 7 on default port 34127] INFO  node.SCMNodeManager (SCMNodeManager.java:register(397)) - Registered Data node : b187db32-a43b-4ea5-9e1b-16734133a38f{ip: 127.0.0.1, host: localhost, ports: [REPLICATION=43325, RATIS=40995, RATIS_ADMIN=40995, RATIS_SERVER=40995, STANDALONE=33335], networkLocation: /default-rack, certSerialId: null, persistedOpState: null, persistedOpStateExpiryEpochSec: 0}
2022-11-10 07:08:32,555 [EventQueue-NewNodeForNewNodeHandler] INFO  pipeline.BackgroundPipelineCreator (BackgroundPipelineCreator.java:notifyEventTriggered(269)) - ignore, not leader SCM.
2022-11-10 07:08:32,556 [EventQueue-NodeRegistrationContainerReportForDataNodeSafeModeRule] INFO  safemode.SCMSafeModeManager (DataNodeSafeModeRule.java:process(71)) - SCM in safe mode. 3 DataNodes registered, 3 required.
2022-11-10 07:08:32,556 [EventQueue-NodeRegistrationContainerReportForDataNodeSafeModeRule] INFO  safemode.SCMSafeModeManager (SCMSafeModeManager.java:validateSafeModeExitRules(204)) - DataNodeSafeModeRule rule is successfully validated
2022-11-10 07:08:32,556 [EventQueue-NodeRegistrationContainerReportForDataNodeSafeModeRule] INFO  safemode.SCMSafeModeManager (SCMSafeModeManager.java:completePreCheck(233)) - All SCM safe mode pre check rules have passed
2022-11-10 07:08:32,556 [EventQueue-NodeRegistrationContainerReportForDataNodeSafeModeRule] WARN  events.EventQueue (EventQueue.java:fireEvent(216)) - No event handler registered for event TypedEvent{payloadType=SafeModeStatus, name='Safe mode status'}
2022-11-10 07:08:32,556 [EventQueue-NodeRegistrationContainerReportForDataNodeSafeModeRule] INFO  ha.SCMContext (SCMContext.java:updateSafeModeStatus(228)) - Update SafeModeStatus from SafeModeStatus{safeModeStatus=true, preCheckPassed=false} to SafeModeStatus{safeModeStatus=true, preCheckPassed=true}.
2022-11-10 07:08:32,556 [EventQueue-NodeRegistrationContainerReportForDataNodeSafeModeRule] INFO  pipeline.BackgroundPipelineCreator (BackgroundPipelineCreator.java:notifyEventTriggered(269)) - ignore, not leader SCM.
2022-11-10 07:08:32,560 [IPC Server handler 99 on default port 37609] INFO  net.NetworkTopologyImpl (NetworkTopologyImpl.java:add(112)) - Added a new node: /default-rack/b187db32-a43b-4ea5-9e1b-16734133a38f
2022-11-10 07:08:32,560 [IPC Server handler 99 on default port 37609] INFO  node.SCMNodeManager (SCMNodeManager.java:register(397)) - Registered Data node : b187db32-a43b-4ea5-9e1b-16734133a38f{ip: 127.0.0.1, host: localhost, ports: [REPLICATION=43325, RATIS=40995, RATIS_ADMIN=40995, RATIS_SERVER=40995, STANDALONE=33335], networkLocation: /default-rack, certSerialId: null, persistedOpState: null, persistedOpStateExpiryEpochSec: 0}
2022-11-10 07:08:32,561 [EventQueue-NewNodeForNewNodeHandler] INFO  pipeline.BackgroundPipelineCreator (BackgroundPipelineCreator.java:notifyEventTriggered(276)) - trigger a one-shot run on RatisPipelineUtilsThread.
2022-11-10 07:08:32,561 [EventQueue-NodeRegistrationContainerReportForDataNodeSafeModeRule] INFO  safemode.SCMSafeModeManager (DataNodeSafeModeRule.java:process(71)) - SCM in safe mode. 3 DataNodes registered, 3 required.
2022-11-10 07:08:32,561 [EventQueue-NodeRegistrationContainerReportForDataNodeSafeModeRule] INFO  safemode.SCMSafeModeManager (SCMSafeModeManager.java:validateSafeModeExitRules(204)) - DataNodeSafeModeRule rule is successfully validated
2022-11-10 07:08:32,561 [EventQueue-NodeRegistrationContainerReportForDataNodeSafeModeRule] INFO  safemode.SCMSafeModeManager (SCMSafeModeManager.java:completePreCheck(233)) - All SCM safe mode pre check rules have passed
2022-11-10 07:08:32,561 [EventQueue-NodeRegistrationContainerReportForDataNodeSafeModeRule] WARN  events.EventQueue (EventQueue.java:fireEvent(216)) - No event handler registered for event TypedEvent{payloadType=SafeModeStatus, name='Safe mode status'}
2022-11-10 07:08:32,562 [EventQueue-NodeRegistrationContainerReportForDataNodeSafeModeRule] INFO  ha.SCMContext (SCMContext.java:updateSafeModeStatus(228)) - Update SafeModeStatus from SafeModeStatus{safeModeStatus=true, preCheckPassed=false} to SafeModeStatus{safeModeStatus=true, preCheckPassed=true}.
2022-11-10 07:08:32,562 [EventQueue-NodeRegistrationContainerReportForDataNodeSafeModeRule] INFO  pipeline.BackgroundPipelineCreator (BackgroundPipelineCreator.java:notifyEventTriggered(276)) - trigger a one-shot run on RatisPipelineUtilsThread.
2022-11-10 07:08:32,562 [RatisPipelineUtilsThread - 0] INFO  pipeline.RatisPipelineProvider (RatisPipelineProvider.java:lambda$create$0(195)) - Sending CreatePipelineCommand for pipeline:PipelineID=8ee2f0ae-4a65-4b1f-9263-10326a394bc7 to datanode:b187db32-a43b-4ea5-9e1b-16734133a38f
2022-11-10 07:08:32,567 [IPC Server handler 5 on default port 46315] INFO  net.NetworkTopologyImpl (NetworkTopologyImpl.java:add(112)) - Added a new node: /default-rack/b187db32-a43b-4ea5-9e1b-16734133a38f
2022-11-10 07:08:32,567 [IPC Server handler 5 on default port 46315] INFO  node.SCMNodeManager (SCMNodeManager.java:register(397)) - Registered Data node : b187db32-a43b-4ea5-9e1b-16734133a38f{ip: 127.0.0.1, host: localhost, ports: [REPLICATION=43325, RATIS=40995, RATIS_ADMIN=40995, RATIS_SERVER=40995, STANDALONE=33335], networkLocation: /default-rack, certSerialId: null, persistedOpState: null, persistedOpStateExpiryEpochSec: 0}
2022-11-10 07:08:32,567 [EventQueue-NewNodeForNewNodeHandler] INFO  pipeline.BackgroundPipelineCreator (BackgroundPipelineCreator.java:notifyEventTriggered(269)) - ignore, not leader SCM.
2022-11-10 07:08:32,567 [EventQueue-NodeRegistrationContainerReportForDataNodeSafeModeRule] INFO  safemode.SCMSafeModeManager (DataNodeSafeModeRule.java:process(71)) - SCM in safe mode. 3 DataNodes registered, 3 required.
2022-11-10 07:08:32,567 [EventQueue-NodeRegistrationContainerReportForDataNodeSafeModeRule] INFO  safemode.SCMSafeModeManager (SCMSafeModeManager.java:validateSafeModeExitRules(204)) - DataNodeSafeModeRule rule is successfully validated
2022-11-10 07:08:32,567 [EventQueue-NodeRegistrationContainerReportForDataNodeSafeModeRule] INFO  safemode.SCMSafeModeManager (SCMSafeModeManager.java:completePreCheck(233)) - All SCM safe mode pre check rules have passed
2022-11-10 07:08:32,567 [EventQueue-NodeRegistrationContainerReportForDataNodeSafeModeRule] WARN  events.EventQueue (EventQueue.java:fireEvent(216)) - No event handler registered for event TypedEvent{payloadType=SafeModeStatus, name='Safe mode status'}
2022-11-10 07:08:32,568 [EventQueue-NodeRegistrationContainerReportForDataNodeSafeModeRule] INFO  ha.SCMContext (SCMContext.java:updateSafeModeStatus(228)) - Update SafeModeStatus from SafeModeStatus{safeModeStatus=true, preCheckPassed=false} to SafeModeStatus{safeModeStatus=true, preCheckPassed=true}.
2022-11-10 07:08:32,568 [EventQueue-NodeRegistrationContainerReportForDataNodeSafeModeRule] INFO  pipeline.BackgroundPipelineCreator (BackgroundPipelineCreator.java:notifyEventTriggered(269)) - ignore, not leader SCM.
2022-11-10 07:08:32,570 [c8e5d44d-3ae5-47f4-8fed-77a3ea3a3924@group-A6BAE3BFF50D-StateMachineUpdater] INFO  pipeline.PipelineStateManagerImpl (PipelineStateManagerImpl.java:addPipeline(103)) - Created pipeline Pipeline[ Id: 8ee2f0ae-4a65-4b1f-9263-10326a394bc7, Nodes: b187db32-a43b-4ea5-9e1b-16734133a38f{ip: 127.0.0.1, host: localhost, ports: [REPLICATION=43325, RATIS=40995, RATIS_ADMIN=40995, RATIS_SERVER=40995, STANDALONE=33335], networkLocation: /default-rack, certSerialId: null, persistedOpState: IN_SERVICE, persistedOpStateExpiryEpochSec: 0}, ReplicationConfig: RATIS/ONE, State:ALLOCATED, leaderId:, CreationTimestamp2022-11-10T07:08:32.562Z[Etc/UTC]].
2022-11-10 07:08:32,570 [c8e5d44d-3ae5-47f4-8fed-77a3ea3a3924@group-A6BAE3BFF50D-StateMachineUpdater] INFO  safemode.HealthyPipelineSafeModeRule (HealthyPipelineSafeModeRule.java:initializeRule(165)) - Refreshed total pipeline count is 0, healthy pipeline threshold count is 1
2022-11-10 07:08:32,573 [RatisPipelineUtilsThread - 0] INFO  pipeline.RatisPipelineProvider (RatisPipelineProvider.java:lambda$create$0(195)) - Sending CreatePipelineCommand for pipeline:PipelineID=cb30075d-e2b8-4308-8523-1fb8705fa86a to datanode:e793aa28-cf77-4971-8074-fcdd8288c5ce
2022-11-10 07:08:32,575 [db4da669-e495-4258-8ed5-d8ca382bca0e@group-A6BAE3BFF50D-StateMachineUpdater] INFO  pipeline.PipelineStateManagerImpl (PipelineStateManagerImpl.java:addPipeline(103)) - Created pipeline Pipeline[ Id: 8ee2f0ae-4a65-4b1f-9263-10326a394bc7, Nodes: b187db32-a43b-4ea5-9e1b-16734133a38f{ip: 127.0.0.1, host: localhost, ports: [REPLICATION=43325, RATIS=40995, RATIS_ADMIN=40995, RATIS_SERVER=40995, STANDALONE=33335], networkLocation: /default-rack, certSerialId: null, persistedOpState: IN_SERVICE, persistedOpStateExpiryEpochSec: 0}, ReplicationConfig: RATIS/ONE, State:ALLOCATED, leaderId:, CreationTimestamp2022-11-10T07:08:32.562Z[Etc/UTC]].
2022-11-10 07:08:32,577 [db4da669-e495-4258-8ed5-d8ca382bca0e@group-A6BAE3BFF50D-StateMachineUpdater] INFO  safemode.HealthyPipelineSafeModeRule (HealthyPipelineSafeModeRule.java:initializeRule(165)) - Refreshed total pipeline count is 0, healthy pipeline threshold count is 1
2022-11-10 07:08:32,575 [4ed76112-e62d-4ca7-a346-3bf242109c33@group-A6BAE3BFF50D-StateMachineUpdater] INFO  pipeline.PipelineStateManagerImpl (PipelineStateManagerImpl.java:addPipeline(103)) - Created pipeline Pipeline[ Id: 8ee2f0ae-4a65-4b1f-9263-10326a394bc7, Nodes: b187db32-a43b-4ea5-9e1b-16734133a38f{ip: 127.0.0.1, host: localhost, ports: [REPLICATION=43325, RATIS=40995, RATIS_ADMIN=40995, RATIS_SERVER=40995, STANDALONE=33335], networkLocation: /default-rack, certSerialId: null, persistedOpState: IN_SERVICE, persistedOpStateExpiryEpochSec: 0}, ReplicationConfig: RATIS/ONE, State:ALLOCATED, leaderId:, CreationTimestamp2022-11-10T07:08:32.562Z[Etc/UTC]].
2022-11-10 07:08:32,577 [RatisPipelineUtilsThread - 0] INFO  pipeline.RatisPipelineProvider (RatisPipelineProvider.java:lambda$create$0(195)) - Sending CreatePipelineCommand for pipeline:PipelineID=cb30075d-e2b8-4308-8523-1fb8705fa86a to datanode:7b1182b7-d54c-44fb-86ea-7d58e998a9db
2022-11-10 07:08:32,580 [4ed76112-e62d-4ca7-a346-3bf242109c33@group-A6BAE3BFF50D-StateMachineUpdater] INFO  safemode.HealthyPipelineSafeModeRule (HealthyPipelineSafeModeRule.java:initializeRule(165)) - Refreshed total pipeline count is 0, healthy pipeline threshold count is 1
2022-11-10 07:08:32,581 [RatisPipelineUtilsThread - 0] INFO  pipeline.RatisPipelineProvider (RatisPipelineProvider.java:lambda$create$0(195)) - Sending CreatePipelineCommand for pipeline:PipelineID=cb30075d-e2b8-4308-8523-1fb8705fa86a to datanode:b187db32-a43b-4ea5-9e1b-16734133a38f
2022-11-10 07:08:32,584 [c8e5d44d-3ae5-47f4-8fed-77a3ea3a3924@group-A6BAE3BFF50D-StateMachineUpdater] INFO  pipeline.PipelineStateManagerImpl (PipelineStateManagerImpl.java:addPipeline(103)) - Created pipeline Pipeline[ Id: cb30075d-e2b8-4308-8523-1fb8705fa86a, Nodes: e793aa28-cf77-4971-8074-fcdd8288c5ce{ip: 127.0.0.1, host: localhost, ports: [REPLICATION=38303, RATIS=36847, RATIS_ADMIN=36847, RATIS_SERVER=36847, STANDALONE=38319], networkLocation: /default-rack, certSerialId: null, persistedOpState: IN_SERVICE, persistedOpStateExpiryEpochSec: 0}7b1182b7-d54c-44fb-86ea-7d58e998a9db{ip: 127.0.0.1, host: localhost, ports: [REPLICATION=32951, RATIS=34927, RATIS_ADMIN=34927, RATIS_SERVER=34927, STANDALONE=42067], networkLocation: /default-rack, certSerialId: null, persistedOpState: IN_SERVICE, persistedOpStateExpiryEpochSec: 0}b187db32-a43b-4ea5-9e1b-16734133a38f{ip: 127.0.0.1, host: localhost, ports: [REPLICATION=43325, RATIS=40995, RATIS_ADMIN=40995, RATIS_SERVER=40995, STANDALONE=33335], networkLocation: /default-rack, certSerialId: null, persistedOpState: IN_SERVICE, persistedOpStateExpiryEpochSec: 0}, ReplicationConfig: RATIS/THREE, State:ALLOCATED, leaderId:, CreationTimestamp2022-11-10T07:08:32.573Z[Etc/UTC]].
2022-11-10 07:08:32,585 [c8e5d44d-3ae5-47f4-8fed-77a3ea3a3924@group-A6BAE3BFF50D-StateMachineUpdater] INFO  safemode.HealthyPipelineSafeModeRule (HealthyPipelineSafeModeRule.java:initializeRule(165)) - Refreshed total pipeline count is 0, healthy pipeline threshold count is 1
2022-11-10 07:08:32,587 [4ed76112-e62d-4ca7-a346-3bf242109c33@group-A6BAE3BFF50D-StateMachineUpdater] INFO  pipeline.PipelineStateManagerImpl (PipelineStateManagerImpl.java:addPipeline(103)) - Created pipeline Pipeline[ Id: cb30075d-e2b8-4308-8523-1fb8705fa86a, Nodes: e793aa28-cf77-4971-8074-fcdd8288c5ce{ip: 127.0.0.1, host: localhost, ports: [REPLICATION=38303, RATIS=36847, RATIS_ADMIN=36847, RATIS_SERVER=36847, STANDALONE=38319], networkLocation: /default-rack, certSerialId: null, persistedOpState: IN_SERVICE, persistedOpStateExpiryEpochSec: 0}7b1182b7-d54c-44fb-86ea-7d58e998a9db{ip: 127.0.0.1, host: localhost, ports: [REPLICATION=32951, RATIS=34927, RATIS_ADMIN=34927, RATIS_SERVER=34927, STANDALONE=42067], networkLocation: /default-rack, certSerialId: null, persistedOpState: IN_SERVICE, persistedOpStateExpiryEpochSec: 0}b187db32-a43b-4ea5-9e1b-16734133a38f{ip: 127.0.0.1, host: localhost, ports: [REPLICATION=43325, RATIS=40995, RATIS_ADMIN=40995, RATIS_SERVER=40995, STANDALONE=33335], networkLocation: /default-rack, certSerialId: null, persistedOpState: IN_SERVICE, persistedOpStateExpiryEpochSec: 0}, ReplicationConfig: RATIS/THREE, State:ALLOCATED, leaderId:, CreationTimestamp2022-11-10T07:08:32.573Z[Etc/UTC]].
2022-11-10 07:08:32,587 [4ed76112-e62d-4ca7-a346-3bf242109c33@group-A6BAE3BFF50D-StateMachineUpdater] INFO  safemode.HealthyPipelineSafeModeRule (HealthyPipelineSafeModeRule.java:initializeRule(165)) - Refreshed total pipeline count is 0, healthy pipeline threshold count is 1
2022-11-10 07:08:32,592 [db4da669-e495-4258-8ed5-d8ca382bca0e@group-A6BAE3BFF50D-StateMachineUpdater] INFO  pipeline.PipelineStateManagerImpl (PipelineStateManagerImpl.java:addPipeline(103)) - Created pipeline Pipeline[ Id: cb30075d-e2b8-4308-8523-1fb8705fa86a, Nodes: e793aa28-cf77-4971-8074-fcdd8288c5ce{ip: 127.0.0.1, host: localhost, ports: [REPLICATION=38303, RATIS=36847, RATIS_ADMIN=36847, RATIS_SERVER=36847, STANDALONE=38319], networkLocation: /default-rack, certSerialId: null, persistedOpState: IN_SERVICE, persistedOpStateExpiryEpochSec: 0}7b1182b7-d54c-44fb-86ea-7d58e998a9db{ip: 127.0.0.1, host: localhost, ports: [REPLICATION=32951, RATIS=34927, RATIS_ADMIN=34927, RATIS_SERVER=34927, STANDALONE=42067], networkLocation: /default-rack, certSerialId: null, persistedOpState: IN_SERVICE, persistedOpStateExpiryEpochSec: 0}b187db32-a43b-4ea5-9e1b-16734133a38f{ip: 127.0.0.1, host: localhost, ports: [REPLICATION=43325, RATIS=40995, RATIS_ADMIN=40995, RATIS_SERVER=40995, STANDALONE=33335], networkLocation: /default-rack, certSerialId: null, persistedOpState: IN_SERVICE, persistedOpStateExpiryEpochSec: 0}, ReplicationConfig: RATIS/THREE, State:ALLOCATED, leaderId:, CreationTimestamp2022-11-10T07:08:32.573Z[Etc/UTC]].
2022-11-10 07:08:32,592 [db4da669-e495-4258-8ed5-d8ca382bca0e@group-A6BAE3BFF50D-StateMachineUpdater] INFO  safemode.HealthyPipelineSafeModeRule (HealthyPipelineSafeModeRule.java:initializeRule(165)) - Refreshed total pipeline count is 0, healthy pipeline threshold count is 1
2022-11-10 07:08:32,593 [RatisPipelineUtilsThread - 0] INFO  pipeline.RatisPipelineProvider (RatisPipelineProvider.java:lambda$create$0(195)) - Sending CreatePipelineCommand for pipeline:PipelineID=82c8021f-3972-49d8-8c46-5057d2e818b1 to datanode:7b1182b7-d54c-44fb-86ea-7d58e998a9db
2022-11-10 07:08:32,594 [RatisPipelineUtilsThread - 0] INFO  pipeline.RatisPipelineProvider (RatisPipelineProvider.java:lambda$create$0(195)) - Sending CreatePipelineCommand for pipeline:PipelineID=82c8021f-3972-49d8-8c46-5057d2e818b1 to datanode:b187db32-a43b-4ea5-9e1b-16734133a38f
2022-11-10 07:08:32,594 [RatisPipelineUtilsThread - 0] INFO  pipeline.RatisPipelineProvider (RatisPipelineProvider.java:lambda$create$0(195)) - Sending CreatePipelineCommand for pipeline:PipelineID=82c8021f-3972-49d8-8c46-5057d2e818b1 to datanode:e793aa28-cf77-4971-8074-fcdd8288c5ce
2022-11-10 07:08:32,599 [c8e5d44d-3ae5-47f4-8fed-77a3ea3a3924@group-A6BAE3BFF50D-StateMachineUpdater] INFO  pipeline.PipelineStateManagerImpl (PipelineStateManagerImpl.java:addPipeline(103)) - Created pipeline Pipeline[ Id: 82c8021f-3972-49d8-8c46-5057d2e818b1, Nodes: 7b1182b7-d54c-44fb-86ea-7d58e998a9db{ip: 127.0.0.1, host: localhost, ports: [REPLICATION=32951, RATIS=34927, RATIS_ADMIN=34927, RATIS_SERVER=34927, STANDALONE=42067], networkLocation: /default-rack, certSerialId: null, persistedOpState: IN_SERVICE, persistedOpStateExpiryEpochSec: 0}b187db32-a43b-4ea5-9e1b-16734133a38f{ip: 127.0.0.1, host: localhost, ports: [REPLICATION=43325, RATIS=40995, RATIS_ADMIN=40995, RATIS_SERVER=40995, STANDALONE=33335], networkLocation: /default-rack, certSerialId: null, persistedOpState: IN_SERVICE, persistedOpStateExpiryEpochSec: 0}e793aa28-cf77-4971-8074-fcdd8288c5ce{ip: 127.0.0.1, host: localhost, ports: [REPLICATION=38303, RATIS=36847, RATIS_ADMIN=36847, RATIS_SERVER=36847, STANDALONE=38319], networkLocation: /default-rack, certSerialId: null, persistedOpState: IN_SERVICE, persistedOpStateExpiryEpochSec: 0}, ReplicationConfig: RATIS/THREE, State:ALLOCATED, leaderId:, CreationTimestamp2022-11-10T07:08:32.593Z[Etc/UTC]].
2022-11-10 07:08:32,599 [c8e5d44d-3ae5-47f4-8fed-77a3ea3a3924@group-A6BAE3BFF50D-StateMachineUpdater] INFO  safemode.HealthyPipelineSafeModeRule (HealthyPipelineSafeModeRule.java:initializeRule(165)) - Refreshed total pipeline count is 0, healthy pipeline threshold count is 1
2022-11-10 07:08:32,601 [4ed76112-e62d-4ca7-a346-3bf242109c33@group-A6BAE3BFF50D-StateMachineUpdater] INFO  pipeline.PipelineStateManagerImpl (PipelineStateManagerImpl.java:addPipeline(103)) - Created pipeline Pipeline[ Id: 82c8021f-3972-49d8-8c46-5057d2e818b1, Nodes: 7b1182b7-d54c-44fb-86ea-7d58e998a9db{ip: 127.0.0.1, host: localhost, ports: [REPLICATION=32951, RATIS=34927, RATIS_ADMIN=34927, RATIS_SERVER=34927, STANDALONE=42067], networkLocation: /default-rack, certSerialId: null, persistedOpState: IN_SERVICE, persistedOpStateExpiryEpochSec: 0}b187db32-a43b-4ea5-9e1b-16734133a38f{ip: 127.0.0.1, host: localhost, ports: [REPLICATION=43325, RATIS=40995, RATIS_ADMIN=40995, RATIS_SERVER=40995, STANDALONE=33335], networkLocation: /default-rack, certSerialId: null, persistedOpState: IN_SERVICE, persistedOpStateExpiryEpochSec: 0}e793aa28-cf77-4971-8074-fcdd8288c5ce{ip: 127.0.0.1, host: localhost, ports: [REPLICATION=38303, RATIS=36847, RATIS_ADMIN=36847, RATIS_SERVER=36847, STANDALONE=38319], networkLocation: /default-rack, certSerialId: null, persistedOpState: IN_SERVICE, persistedOpStateExpiryEpochSec: 0}, ReplicationConfig: RATIS/THREE, State:ALLOCATED, leaderId:, CreationTimestamp2022-11-10T07:08:32.593Z[Etc/UTC]].
2022-11-10 07:08:32,601 [4ed76112-e62d-4ca7-a346-3bf242109c33@group-A6BAE3BFF50D-StateMachineUpdater] INFO  safemode.HealthyPipelineSafeModeRule (HealthyPipelineSafeModeRule.java:initializeRule(165)) - Refreshed total pipeline count is 0, healthy pipeline threshold count is 1
2022-11-10 07:08:32,602 [RatisPipelineUtilsThread - 0] INFO  pipeline.PipelineManagerImpl (PipelineManagerImpl.java:recordMetricsForPipeline(826)) - Pipeline: PipelineID=82c8021f-3972-49d8-8c46-5057d2e818b1 contains same datanodes as previous pipelines: PipelineID=cb30075d-e2b8-4308-8523-1fb8705fa86a nodeIds: 7b1182b7-d54c-44fb-86ea-7d58e998a9db, b187db32-a43b-4ea5-9e1b-16734133a38f, e793aa28-cf77-4971-8074-fcdd8288c5ce
2022-11-10 07:08:32,603 [db4da669-e495-4258-8ed5-d8ca382bca0e@group-A6BAE3BFF50D-StateMachineUpdater] INFO  pipeline.PipelineStateManagerImpl (PipelineStateManagerImpl.java:addPipeline(103)) - Created pipeline Pipeline[ Id: 82c8021f-3972-49d8-8c46-5057d2e818b1, Nodes: 7b1182b7-d54c-44fb-86ea-7d58e998a9db{ip: 127.0.0.1, host: localhost, ports: [REPLICATION=32951, RATIS=34927, RATIS_ADMIN=34927, RATIS_SERVER=34927, STANDALONE=42067], networkLocation: /default-rack, certSerialId: null, persistedOpState: IN_SERVICE, persistedOpStateExpiryEpochSec: 0}b187db32-a43b-4ea5-9e1b-16734133a38f{ip: 127.0.0.1, host: localhost, ports: [REPLICATION=43325, RATIS=40995, RATIS_ADMIN=40995, RATIS_SERVER=40995, STANDALONE=33335], networkLocation: /default-rack, certSerialId: null, persistedOpState: IN_SERVICE, persistedOpStateExpiryEpochSec: 0}e793aa28-cf77-4971-8074-fcdd8288c5ce{ip: 127.0.0.1, host: localhost, ports: [REPLICATION=38303, RATIS=36847, RATIS_ADMIN=36847, RATIS_SERVER=36847, STANDALONE=38319], networkLocation: /default-rack, certSerialId: null, persistedOpState: IN_SERVICE, persistedOpStateExpiryEpochSec: 0}, ReplicationConfig: RATIS/THREE, State:ALLOCATED, leaderId:, CreationTimestamp2022-11-10T07:08:32.593Z[Etc/UTC]].
2022-11-10 07:08:32,604 [db4da669-e495-4258-8ed5-d8ca382bca0e@group-A6BAE3BFF50D-StateMachineUpdater] INFO  safemode.HealthyPipelineSafeModeRule (HealthyPipelineSafeModeRule.java:initializeRule(165)) - Refreshed total pipeline count is 0, healthy pipeline threshold count is 1
2022-11-10 07:08:33,531 [Listener at 127.0.0.1/40377] INFO  ozone.MiniOzoneClusterImpl (MiniOzoneClusterImpl.java:lambda$waitForClusterToBeReady$0(216)) - Nodes are ready. Got 3 of 3 DN Heartbeats.
2022-11-10 07:08:33,532 [Listener at 127.0.0.1/40377] INFO  ozone.MiniOzoneClusterImpl (MiniOzoneClusterImpl.java:lambda$waitForClusterToBeReady$0(219)) - Waiting for cluster to exit safe mode
2022-11-10 07:08:33,532 [Listener at 127.0.0.1/40377] INFO  ozone.MiniOzoneClusterImpl (MiniOzoneClusterImpl.java:lambda$waitForClusterToBeReady$0(221)) - SCM became leader
2022-11-10 07:08:34,532 [Listener at 127.0.0.1/40377] INFO  ozone.MiniOzoneClusterImpl (MiniOzoneClusterImpl.java:lambda$waitForClusterToBeReady$0(216)) - Nodes are ready. Got 3 of 3 DN Heartbeats.
2022-11-10 07:08:34,532 [Listener at 127.0.0.1/40377] INFO  ozone.MiniOzoneClusterImpl (MiniOzoneClusterImpl.java:lambda$waitForClusterToBeReady$0(219)) - Waiting for cluster to exit safe mode
2022-11-10 07:08:34,532 [Listener at 127.0.0.1/40377] INFO  ozone.MiniOzoneClusterImpl (MiniOzoneClusterImpl.java:lambda$waitForClusterToBeReady$0(221)) - SCM became leader
2022-11-10 07:08:34,717 [Command processor thread] INFO  server.RaftServer (RaftServerProxy.java:addNew(96)) - e793aa28-cf77-4971-8074-fcdd8288c5ce: addNew group-E036D9FDB550:[e793aa28-cf77-4971-8074-fcdd8288c5ce|rpc:127.0.0.1:36847|priority:1|startupRole:FOLLOWER] returns group-E036D9FDB550:java.util.concurrent.CompletableFuture@278d2c24[Not completed]
2022-11-10 07:08:34,731 [pool-190-thread-1] INFO  server.RaftServer$Division (RaftServerImpl.java:<init>(195)) - e793aa28-cf77-4971-8074-fcdd8288c5ce: new RaftServerImpl for group-E036D9FDB550:[e793aa28-cf77-4971-8074-fcdd8288c5ce|rpc:127.0.0.1:36847|priority:1|startupRole:FOLLOWER] with ContainerStateMachine:uninitialized
2022-11-10 07:08:34,731 [pool-190-thread-1] INFO  server.RaftServerConfigKeys (ConfUtils.java:logGet(46)) - raft.server.rpc.timeout.min = 5s (custom)
2022-11-10 07:08:34,731 [pool-190-thread-1] INFO  server.RaftServerConfigKeys (ConfUtils.java:logGet(46)) - raft.server.rpc.timeout.max = 5200ms (custom)
2022-11-10 07:08:34,731 [pool-190-thread-1] INFO  server.RaftServerConfigKeys (ConfUtils.java:logGet(46)) - raft.server.rpc.sleep.time = 25ms (default)
2022-11-10 07:08:34,731 [pool-190-thread-1] INFO  server.RaftServerConfigKeys (ConfUtils.java:logGet(46)) - raft.server.rpc.slowness.timeout = 300s (custom)
2022-11-10 07:08:34,731 [pool-190-thread-1] INFO  server.RaftServerConfigKeys (ConfUtils.java:logGet(46)) - raft.server.leaderelection.leader.step-down.wait-time = 10s (default)
2022-11-10 07:08:34,731 [pool-190-thread-1] INFO  server.RaftServerConfigKeys (ConfUtils.java:logGet(46)) - raft.server.sleep.deviation.threshold = 300ms (default)
2022-11-10 07:08:34,731 [pool-190-thread-1] INFO  server.RaftServer$Division (ServerState.java:<init>(118)) - e793aa28-cf77-4971-8074-fcdd8288c5ce@group-E036D9FDB550: ConfigurationManager, init=-1: peers:[e793aa28-cf77-4971-8074-fcdd8288c5ce|rpc:127.0.0.1:36847|priority:1|startupRole:FOLLOWER]|listeners:[], old=null, confs=<EMPTY_MAP>
2022-11-10 07:08:34,731 [pool-190-thread-1] INFO  server.RaftServerConfigKeys (ConfUtils.java:logGet(46)) - raft.server.storage.dir = [/home/runner/work/ozone/ozone/hadoop-ozone/integration-test/target/test-dir/MiniOzoneClusterImpl-a89f51d4-237d-44f8-8386-a6bae3bff50d/datanode-0/data/ratis] (custom)
2022-11-10 07:08:34,731 [pool-190-thread-1] INFO  server.RaftServerConfigKeys (ConfUtils.java:logGet(46)) - raft.server.log.corruption.policy = EXCEPTION (default)
2022-11-10 07:08:34,731 [pool-190-thread-1] INFO  server.RaftServerConfigKeys (ConfUtils.java:logGet(46)) - raft.server.storage.free-space.min = 0MB (=0) (default)
2022-11-10 07:08:34,731 [pool-190-thread-1] INFO  server.RaftServerConfigKeys (ConfUtils.java:logGet(46)) - raft.server.notification.no-leader.timeout = 300s (custom)
2022-11-10 07:08:34,732 [pool-190-thread-1] INFO  server.RaftServerConfigKeys (ConfUtils.java:logGet(46)) - raft.server.retrycache.expirytime = 600000ms (custom)
2022-11-10 07:08:34,732 [pool-190-thread-1] INFO  server.RaftServerConfigKeys (ConfUtils.java:logGet(46)) - raft.server.retrycache.statistics.expirytime = 100μs (default)
2022-11-10 07:08:34,734 [pool-190-thread-1] INFO  server.RaftServerConfigKeys (ConfUtils.java:logGet(46)) - raft.server.log.appender.install.snapshot.enabled = false (custom)
2022-11-10 07:08:34,734 [pool-190-thread-1] INFO  server.RaftServerConfigKeys (ConfUtils.java:logGet(46)) - raft.server.threadpool.server.cached = true (default)
2022-11-10 07:08:34,734 [pool-190-thread-1] INFO  server.RaftServerConfigKeys (ConfUtils.java:logGet(46)) - raft.server.threadpool.server.size = 0 (default)
2022-11-10 07:08:34,734 [pool-190-thread-1] INFO  server.RaftServerConfigKeys (ConfUtils.java:logGet(46)) - raft.server.threadpool.client.cached = true (default)
2022-11-10 07:08:34,734 [pool-190-thread-1] INFO  server.RaftServerConfigKeys (ConfUtils.java:logGet(46)) - raft.server.threadpool.client.size = 0 (default)
2022-11-10 07:08:34,734 [pool-190-thread-1] INFO  storage.RaftStorageDirectory (RaftStorageDirectoryImpl.java:analyzeStorage(137)) - The storage directory /home/runner/work/ozone/ozone/hadoop-ozone/integration-test/target/test-dir/MiniOzoneClusterImpl-a89f51d4-237d-44f8-8386-a6bae3bff50d/datanode-0/data/ratis/230e6ca1-f728-42a4-ad5d-e036d9fdb550 does not exist. Creating ...
2022-11-10 07:08:34,735 [pool-190-thread-1] INFO  storage.RaftStorageDirectory (RaftStorageDirectoryImpl.java:tryLock(231)) - Lock on /home/runner/work/ozone/ozone/hadoop-ozone/integration-test/target/test-dir/MiniOzoneClusterImpl-a89f51d4-237d-44f8-8386-a6bae3bff50d/datanode-0/data/ratis/230e6ca1-f728-42a4-ad5d-e036d9fdb550/in_use.lock acquired by nodename 3649@fv-az194-925
2022-11-10 07:08:34,737 [pool-190-thread-1] INFO  storage.RaftStorage (RaftStorageImpl.java:format(96)) - Storage directory /home/runner/work/ozone/ozone/hadoop-ozone/integration-test/target/test-dir/MiniOzoneClusterImpl-a89f51d4-237d-44f8-8386-a6bae3bff50d/datanode-0/data/ratis/230e6ca1-f728-42a4-ad5d-e036d9fdb550 has been successfully formatted.
2022-11-10 07:08:34,740 [pool-190-thread-1] INFO  ratis.ContainerStateMachine (ContainerStateMachine.java:loadSnapshot(236)) - group-E036D9FDB550: The snapshot info is null. Setting the last applied indexto:(t:0, i:~)
2022-11-10 07:08:34,741 [pool-190-thread-1] INFO  server.RaftServerConfigKeys (ConfUtils.java:logGet(46)) - raft.server.log.use.memory = false (default)
2022-11-10 07:08:34,741 [pool-190-thread-1] INFO  server.RaftServerConfigKeys (ConfUtils.java:logGet(46)) - raft.server.log.purge.gap = 1000000 (custom)
2022-11-10 07:08:34,741 [pool-190-thread-1] INFO  server.RaftServerConfigKeys (ConfUtils.java:logGet(46)) - raft.server.log.appender.buffer.byte-limit = 33554432 (custom)
2022-11-10 07:08:34,741 [pool-190-thread-1] INFO  server.RaftServerConfigKeys (ConfUtils.java:logGet(46)) - raft.server.log.statemachine.data.read.timeout = 1000ms (default)
2022-11-10 07:08:34,741 [pool-190-thread-1] INFO  server.RaftServerConfigKeys (ConfUtils.java:logGet(46)) - raft.server.log.purge.preservation.log.num = 0 (default)
2022-11-10 07:08:34,741 [pool-190-thread-1] INFO  server.RaftServerConfigKeys (ConfUtils.java:logGet(46)) - raft.server.log.segment.size.max = 1048576 (custom)
2022-11-10 07:08:34,741 [pool-190-thread-1] INFO  server.RaftServerConfigKeys (ConfUtils.java:logGet(46)) - raft.server.log.segment.cache.num.max = 2 (custom)
2022-11-10 07:08:34,741 [pool-190-thread-1] INFO  server.RaftServerConfigKeys (ConfUtils.java:logGet(46)) - raft.server.log.segment.cache.size.max = 200MB (=209715200) (default)
2022-11-10 07:08:34,742 [pool-190-thread-1] INFO  segmented.SegmentedRaftLogWorker (SegmentedRaftLogWorker.java:<init>(191)) - new e793aa28-cf77-4971-8074-fcdd8288c5ce@group-E036D9FDB550-SegmentedRaftLogWorker for RaftStorageImpl:Storage Directory /home/runner/work/ozone/ozone/hadoop-ozone/integration-test/target/test-dir/MiniOzoneClusterImpl-a89f51d4-237d-44f8-8386-a6bae3bff50d/datanode-0/data/ratis/230e6ca1-f728-42a4-ad5d-e036d9fdb550
2022-11-10 07:08:34,742 [pool-190-thread-1] INFO  server.RaftServerConfigKeys (ConfUtils.java:logGet(46)) - raft.server.log.queue.byte-limit = 4294967296 (custom)
2022-11-10 07:08:34,742 [pool-190-thread-1] INFO  server.RaftServerConfigKeys (ConfUtils.java:logGet(46)) - raft.server.log.queue.element-limit = 1024 (custom)
2022-11-10 07:08:34,742 [pool-190-thread-1] INFO  server.RaftServerConfigKeys (ConfUtils.java:logGet(46)) - raft.server.log.segment.size.max = 1048576 (custom)
2022-11-10 07:08:34,742 [pool-190-thread-1] INFO  server.RaftServerConfigKeys (ConfUtils.java:logGet(46)) - raft.server.log.preallocated.size = 16384 (custom)
2022-11-10 07:08:34,742 [pool-190-thread-1] INFO  server.RaftServerConfigKeys (ConfUtils.java:logGet(46)) - raft.server.log.force.sync.num = 128 (default)
2022-11-10 07:08:34,742 [pool-190-thread-1] INFO  server.RaftServerConfigKeys (ConfUtils.java:logGet(46)) - raft.server.log.statemachine.data.sync = true (default)
2022-11-10 07:08:34,742 [pool-190-thread-1] INFO  server.RaftServerConfigKeys (ConfUtils.java:logGet(46)) - raft.server.log.statemachine.data.sync.timeout = 10s (default)
2022-11-10 07:08:34,742 [pool-190-thread-1] INFO  server.RaftServerConfigKeys (ConfUtils.java:logGet(46)) - raft.server.log.statemachine.data.sync.timeout.retry = -1 (default)
2022-11-10 07:08:34,743 [pool-190-thread-1] INFO  server.RaftServerConfigKeys (ConfUtils.java:logGet(46)) - raft.server.log.write.buffer.size = 1048576 (custom)
2022-11-10 07:08:34,743 [pool-190-thread-1] INFO  server.RaftServerConfigKeys (ConfUtils.java:logGet(46)) - raft.server.log.unsafe-flush.enabled = false (default)
2022-11-10 07:08:34,743 [pool-190-thread-1] INFO  server.RaftServerConfigKeys (ConfUtils.java:logGet(46)) - raft.server.log.async-flush.enabled = false (default)
2022-11-10 07:08:34,744 [pool-190-thread-1] INFO  server.RaftServerConfigKeys (ConfUtils.java:logGet(46)) - raft.server.log.statemachine.data.caching.enabled = true (custom)
2022-11-10 07:08:34,744 [pool-190-thread-1] INFO  segmented.SegmentedRaftLogWorker (SegmentedRaftLogWorker.java:lambda$new$0(136)) - e793aa28-cf77-4971-8074-fcdd8288c5ce@group-E036D9FDB550-SegmentedRaftLogWorker: flushIndex: setUnconditionally 0 -> -1
2022-11-10 07:08:34,750 [pool-190-thread-1] INFO  segmented.SegmentedRaftLogWorker (SegmentedRaftLogWorker.java:lambda$new$0(136)) - e793aa28-cf77-4971-8074-fcdd8288c5ce@group-E036D9FDB550-SegmentedRaftLogWorker: safeCacheEvictIndex: setUnconditionally 0 -> -1
2022-11-10 07:08:34,759 [pool-190-thread-1] INFO  server.RaftServer$Division (RaftServerImpl.java:start(334)) - e793aa28-cf77-4971-8074-fcdd8288c5ce@group-E036D9FDB550: start as a follower, conf=-1: peers:[e793aa28-cf77-4971-8074-fcdd8288c5ce|rpc:127.0.0.1:36847|priority:1|startupRole:FOLLOWER]|listeners:[], old=null
2022-11-10 07:08:34,759 [pool-190-thread-1] INFO  server.RaftServer$Division (RaftServerImpl.java:setRole(321)) - e793aa28-cf77-4971-8074-fcdd8288c5ce@group-E036D9FDB550: changes role from      null to FOLLOWER at term 0 for startAsFollower
2022-11-10 07:08:34,759 [pool-190-thread-1] INFO  impl.RoleInfo (RoleInfo.java:updateAndGet(139)) - e793aa28-cf77-4971-8074-fcdd8288c5ce: start e793aa28-cf77-4971-8074-fcdd8288c5ce@group-E036D9FDB550-FollowerState
2022-11-10 07:08:34,757 [EventQueue-PipelineReportForPipelineReportHandler] INFO  pipeline.PipelineManagerImpl (PipelineManagerImpl.java:openPipeline(367)) - Pipeline Pipeline[ Id: 230e6ca1-f728-42a4-ad5d-e036d9fdb550, Nodes: e793aa28-cf77-4971-8074-fcdd8288c5ce{ip: 127.0.0.1, host: localhost, ports: [REPLICATION=38303, RATIS=36847, RATIS_ADMIN=36847, RATIS_SERVER=36847, STANDALONE=38319], networkLocation: /default-rack, certSerialId: null, persistedOpState: IN_SERVICE, persistedOpStateExpiryEpochSec: 0}, ReplicationConfig: RATIS/ONE, State:ALLOCATED, leaderId:e793aa28-cf77-4971-8074-fcdd8288c5ce, CreationTimestamp2022-11-10T07:08:31.782Z[Etc/UTC]] moved to OPEN state
2022-11-10 07:08:34,757 [EventQueue-PipelineReportForPipelineReportHandler] INFO  pipeline.PipelineManagerImpl (PipelineManagerImpl.java:openPipeline(367)) - Pipeline Pipeline[ Id: 230e6ca1-f728-42a4-ad5d-e036d9fdb550, Nodes: e793aa28-cf77-4971-8074-fcdd8288c5ce{ip: 127.0.0.1, host: localhost, ports: [REPLICATION=38303, RATIS=36847, RATIS_ADMIN=36847, RATIS_SERVER=36847, STANDALONE=38319], networkLocation: /default-rack, certSerialId: null, persistedOpState: IN_SERVICE, persistedOpStateExpiryEpochSec: 0}, ReplicationConfig: RATIS/ONE, State:ALLOCATED, leaderId:e793aa28-cf77-4971-8074-fcdd8288c5ce, CreationTimestamp2022-11-10T07:08:31.782Z[Etc/UTC]] moved to OPEN state
2022-11-10 07:08:34,756 [EventQueue-PipelineReportForPipelineReportHandler] INFO  pipeline.PipelineManagerImpl (PipelineManagerImpl.java:openPipeline(367)) - Pipeline Pipeline[ Id: 230e6ca1-f728-42a4-ad5d-e036d9fdb550, Nodes: e793aa28-cf77-4971-8074-fcdd8288c5ce{ip: 127.0.0.1, host: localhost, ports: [REPLICATION=38303, RATIS=36847, RATIS_ADMIN=36847, RATIS_SERVER=36847, STANDALONE=38319], networkLocation: /default-rack, certSerialId: null, persistedOpState: IN_SERVICE, persistedOpStateExpiryEpochSec: 0}, ReplicationConfig: RATIS/ONE, State:ALLOCATED, leaderId:e793aa28-cf77-4971-8074-fcdd8288c5ce, CreationTimestamp2022-11-10T07:08:31.782Z[Etc/UTC]] moved to OPEN state
2022-11-10 07:08:34,772 [c8e5d44d-3ae5-47f4-8fed-77a3ea3a3924@group-A6BAE3BFF50D-StateMachineUpdater] INFO  safemode.HealthyPipelineSafeModeRule (HealthyPipelineSafeModeRule.java:initializeRule(165)) - Refreshed total pipeline count is 0, healthy pipeline threshold count is 1
2022-11-10 07:08:34,774 [4ed76112-e62d-4ca7-a346-3bf242109c33@group-A6BAE3BFF50D-StateMachineUpdater] INFO  safemode.HealthyPipelineSafeModeRule (HealthyPipelineSafeModeRule.java:initializeRule(165)) - Refreshed total pipeline count is 0, healthy pipeline threshold count is 1
2022-11-10 07:08:34,780 [pool-190-thread-1] INFO  util.JmxRegister (JmxRegister.java:tryRegister(44)) - Successfully registered JMX Bean with object name Ratis:service=RaftServer,group=group-E036D9FDB550,id=e793aa28-cf77-4971-8074-fcdd8288c5ce
2022-11-10 07:08:34,780 [pool-190-thread-1] INFO  server.RaftServerConfigKeys (ConfUtils.java:logGet(46)) - raft.server.snapshot.auto.trigger.enabled = true (custom)
2022-11-10 07:08:34,780 [pool-190-thread-1] INFO  server.RaftServerConfigKeys (ConfUtils.java:logGet(46)) - raft.server.snapshot.auto.trigger.threshold = 10000 (custom)
2022-11-10 07:08:34,780 [pool-190-thread-1] INFO  server.RaftServerConfigKeys (ConfUtils.java:logGet(46)) - raft.server.snapshot.retention.file.num = 5 (custom)
2022-11-10 07:08:34,780 [pool-190-thread-1] INFO  server.RaftServerConfigKeys (ConfUtils.java:logGet(46)) - raft.server.log.purge.upto.snapshot.index = false (default)
2022-11-10 07:08:34,781 [e793aa28-cf77-4971-8074-fcdd8288c5ce@group-E036D9FDB550-FollowerState] INFO  server.RaftServerConfigKeys (ConfUtils.java:logFallback(53)) - raft.server.rpc.first-election.timeout.min = 5s (fallback to raft.server.rpc.timeout.min)
2022-11-10 07:08:34,781 [e793aa28-cf77-4971-8074-fcdd8288c5ce@group-E036D9FDB550-FollowerState] INFO  server.RaftServerConfigKeys (ConfUtils.java:logFallback(53)) - raft.server.rpc.first-election.timeout.max = 5200ms (fallback to raft.server.rpc.timeout.max)
2022-11-10 07:08:34,788 [Command processor thread] INFO  ratis.XceiverServerRatis (XceiverServerRatis.java:addGroup(765)) - Created group PipelineID=230e6ca1-f728-42a4-ad5d-e036d9fdb550
2022-11-10 07:08:34,789 [Command processor thread] INFO  commandhandler.CreatePipelineCommandHandler (CreatePipelineCommandHandler.java:handle(113)) - Created Pipeline RATIS ONE PipelineID=230e6ca1-f728-42a4-ad5d-e036d9fdb550.
2022-11-10 07:08:34,789 [Command processor thread] INFO  server.RaftServer (RaftServerProxy.java:addNew(96)) - e793aa28-cf77-4971-8074-fcdd8288c5ce: addNew group-1FB8705FA86A:[e793aa28-cf77-4971-8074-fcdd8288c5ce|rpc:127.0.0.1:36847|priority:0|startupRole:FOLLOWER, 7b1182b7-d54c-44fb-86ea-7d58e998a9db|rpc:127.0.0.1:34927|priority:1|startupRole:FOLLOWER, b187db32-a43b-4ea5-9e1b-16734133a38f|rpc:127.0.0.1:40995|priority:0|startupRole:FOLLOWER] returns group-1FB8705FA86A:java.util.concurrent.CompletableFuture@61294f3a[Not completed]
2022-11-10 07:08:34,791 [EventQueue-OpenPipelineForHealthyPipelineSafeModeRule] INFO  safemode.SCMSafeModeManager (HealthyPipelineSafeModeRule.java:process(137)) - SCM in safe mode. Healthy pipelines reported count is 0, required healthy pipeline reported count is 1
2022-11-10 07:08:34,796 [pool-190-thread-1] INFO  server.RaftServer$Division (RaftServerImpl.java:<init>(195)) - e793aa28-cf77-4971-8074-fcdd8288c5ce: new RaftServerImpl for group-1FB8705FA86A:[e793aa28-cf77-4971-8074-fcdd8288c5ce|rpc:127.0.0.1:36847|priority:0|startupRole:FOLLOWER, 7b1182b7-d54c-44fb-86ea-7d58e998a9db|rpc:127.0.0.1:34927|priority:1|startupRole:FOLLOWER, b187db32-a43b-4ea5-9e1b-16734133a38f|rpc:127.0.0.1:40995|priority:0|startupRole:FOLLOWER] with ContainerStateMachine:uninitialized
2022-11-10 07:08:34,796 [pool-190-thread-1] INFO  server.RaftServerConfigKeys (ConfUtils.java:logGet(46)) - raft.server.rpc.timeout.min = 5s (custom)
2022-11-10 07:08:34,796 [pool-190-thread-1] INFO  server.RaftServerConfigKeys (ConfUtils.java:logGet(46)) - raft.server.rpc.timeout.max = 5200ms (custom)
2022-11-10 07:08:34,796 [pool-190-thread-1] INFO  server.RaftServerConfigKeys (ConfUtils.java:logGet(46)) - raft.server.rpc.sleep.time = 25ms (default)
2022-11-10 07:08:34,796 [pool-190-thread-1] INFO  server.RaftServerConfigKeys (ConfUtils.java:logGet(46)) - raft.server.rpc.slowness.timeout = 300s (custom)
2022-11-10 07:08:34,796 [pool-190-thread-1] INFO  server.RaftServerConfigKeys (ConfUtils.java:logGet(46)) - raft.server.leaderelection.leader.step-down.wait-time = 10s (default)
2022-11-10 07:08:34,796 [pool-190-thread-1] INFO  server.RaftServerConfigKeys (ConfUtils.java:logGet(46)) - raft.server.sleep.deviation.threshold = 300ms (default)
2022-11-10 07:08:34,796 [pool-190-thread-1] INFO  server.RaftServer$Division (ServerState.java:<init>(118)) - e793aa28-cf77-4971-8074-fcdd8288c5ce@group-1FB8705FA86A: ConfigurationManager, init=-1: peers:[e793aa28-cf77-4971-8074-fcdd8288c5ce|rpc:127.0.0.1:36847|priority:0|startupRole:FOLLOWER, 7b1182b7-d54c-44fb-86ea-7d58e998a9db|rpc:127.0.0.1:34927|priority:1|startupRole:FOLLOWER, b187db32-a43b-4ea5-9e1b-16734133a38f|rpc:127.0.0.1:40995|priority:0|startupRole:FOLLOWER]|listeners:[], old=null, confs=<EMPTY_MAP>
2022-11-10 07:08:34,796 [pool-190-thread-1] INFO  server.RaftServerConfigKeys (ConfUtils.java:logGet(46)) - raft.server.storage.dir = [/home/runner/work/ozone/ozone/hadoop-ozone/integration-test/target/test-dir/MiniOzoneClusterImpl-a89f51d4-237d-44f8-8386-a6bae3bff50d/datanode-0/data/ratis] (custom)
2022-11-10 07:08:34,797 [pool-190-thread-1] INFO  server.RaftServerConfigKeys (ConfUtils.java:logGet(46)) - raft.server.log.corruption.policy = EXCEPTION (default)
2022-11-10 07:08:34,797 [pool-190-thread-1] INFO  server.RaftServerConfigKeys (ConfUtils.java:logGet(46)) - raft.server.storage.free-space.min = 0MB (=0) (default)
2022-11-10 07:08:34,797 [pool-190-thread-1] INFO  server.RaftServerConfigKeys (ConfUtils.java:logGet(46)) - raft.server.notification.no-leader.timeout = 300s (custom)
2022-11-10 07:08:34,797 [pool-190-thread-1] INFO  server.RaftServerConfigKeys (ConfUtils.java:logGet(46)) - raft.server.retrycache.expirytime = 600000ms (custom)
2022-11-10 07:08:34,797 [pool-190-thread-1] INFO  server.RaftServerConfigKeys (ConfUtils.java:logGet(46)) - raft.server.retrycache.statistics.expirytime = 100μs (default)
2022-11-10 07:08:34,798 [pool-190-thread-1] INFO  server.RaftServerConfigKeys (ConfUtils.java:logGet(46)) - raft.server.log.appender.install.snapshot.enabled = false (custom)
2022-11-10 07:08:34,798 [pool-190-thread-1] INFO  server.RaftServerConfigKeys (ConfUtils.java:logGet(46)) - raft.server.threadpool.server.cached = true (default)
2022-11-10 07:08:34,798 [pool-190-thread-1] INFO  server.RaftServerConfigKeys (ConfUtils.java:logGet(46)) - raft.server.threadpool.server.size = 0 (default)
2022-11-10 07:08:34,798 [pool-190-thread-1] INFO  server.RaftServerConfigKeys (ConfUtils.java:logGet(46)) - raft.server.threadpool.client.cached = true (default)
2022-11-10 07:08:34,798 [pool-190-thread-1] INFO  server.RaftServerConfigKeys (ConfUtils.java:logGet(46)) - raft.server.threadpool.client.size = 0 (default)
2022-11-10 07:08:34,798 [pool-190-thread-1] INFO  storage.RaftStorageDirectory (RaftStorageDirectoryImpl.java:analyzeStorage(137)) - The storage directory /home/runner/work/ozone/ozone/hadoop-ozone/integration-test/target/test-dir/MiniOzoneClusterImpl-a89f51d4-237d-44f8-8386-a6bae3bff50d/datanode-0/data/ratis/cb30075d-e2b8-4308-8523-1fb8705fa86a does not exist. Creating ...
2022-11-10 07:08:34,801 [pool-190-thread-1] INFO  storage.RaftStorageDirectory (RaftStorageDirectoryImpl.java:tryLock(231)) - Lock on /home/runner/work/ozone/ozone/hadoop-ozone/integration-test/target/test-dir/MiniOzoneClusterImpl-a89f51d4-237d-44f8-8386-a6bae3bff50d/datanode-0/data/ratis/cb30075d-e2b8-4308-8523-1fb8705fa86a/in_use.lock acquired by nodename 3649@fv-az194-925
2022-11-10 07:08:34,803 [pool-190-thread-1] INFO  storage.RaftStorage (RaftStorageImpl.java:format(96)) - Storage directory /home/runner/work/ozone/ozone/hadoop-ozone/integration-test/target/test-dir/MiniOzoneClusterImpl-a89f51d4-237d-44f8-8386-a6bae3bff50d/datanode-0/data/ratis/cb30075d-e2b8-4308-8523-1fb8705fa86a has been successfully formatted.
2022-11-10 07:08:34,803 [pool-190-thread-1] INFO  ratis.ContainerStateMachine (ContainerStateMachine.java:loadSnapshot(236)) - group-1FB8705FA86A: The snapshot info is null. Setting the last applied indexto:(t:0, i:~)
2022-11-10 07:08:34,803 [pool-190-thread-1] INFO  server.RaftServerConfigKeys (ConfUtils.java:logGet(46)) - raft.server.log.use.memory = false (default)
2022-11-10 07:08:34,803 [pool-190-thread-1] INFO  server.RaftServerConfigKeys (ConfUtils.java:logGet(46)) - raft.server.log.purge.gap = 1000000 (custom)
2022-11-10 07:08:34,803 [pool-190-thread-1] INFO  server.RaftServerConfigKeys (ConfUtils.java:logGet(46)) - raft.server.log.appender.buffer.byte-limit = 33554432 (custom)
2022-11-10 07:08:34,803 [pool-190-thread-1] INFO  server.RaftServerConfigKeys (ConfUtils.java:logGet(46)) - raft.server.log.statemachine.data.read.timeout = 1000ms (default)
2022-11-10 07:08:34,803 [pool-190-thread-1] INFO  server.RaftServerConfigKeys (ConfUtils.java:logGet(46)) - raft.server.log.purge.preservation.log.num = 0 (default)
2022-11-10 07:08:34,808 [EventQueue-OpenPipelineForHealthyPipelineSafeModeRule] INFO  safemode.SCMSafeModeManager (HealthyPipelineSafeModeRule.java:process(137)) - SCM in safe mode. Healthy pipelines reported count is 0, required healthy pipeline reported count is 1
2022-11-10 07:08:34,808 [pool-190-thread-1] INFO  server.RaftServerConfigKeys (ConfUtils.java:logGet(46)) - raft.server.log.segment.size.max = 1048576 (custom)
2022-11-10 07:08:34,808 [pool-190-thread-1] INFO  server.RaftServerConfigKeys (ConfUtils.java:logGet(46)) - raft.server.log.segment.cache.num.max = 2 (custom)
2022-11-10 07:08:34,808 [pool-190-thread-1] INFO  server.RaftServerConfigKeys (ConfUtils.java:logGet(46)) - raft.server.log.segment.cache.size.max = 200MB (=209715200) (default)
2022-11-10 07:08:34,808 [pool-190-thread-1] INFO  segmented.SegmentedRaftLogWorker (SegmentedRaftLogWorker.java:<init>(191)) - new e793aa28-cf77-4971-8074-fcdd8288c5ce@group-1FB8705FA86A-SegmentedRaftLogWorker for RaftStorageImpl:Storage Directory /home/runner/work/ozone/ozone/hadoop-ozone/integration-test/target/test-dir/MiniOzoneClusterImpl-a89f51d4-237d-44f8-8386-a6bae3bff50d/datanode-0/data/ratis/cb30075d-e2b8-4308-8523-1fb8705fa86a
2022-11-10 07:08:34,808 [pool-190-thread-1] INFO  server.RaftServerConfigKeys (ConfUtils.java:logGet(46)) - raft.server.log.queue.byte-limit = 4294967296 (custom)
2022-11-10 07:08:34,808 [pool-190-thread-1] INFO  server.RaftServerConfigKeys (ConfUtils.java:logGet(46)) - raft.server.log.queue.element-limit = 1024 (custom)
2022-11-10 07:08:34,809 [pool-190-thread-1] INFO  server.RaftServerConfigKeys (ConfUtils.java:logGet(46)) - raft.server.log.segment.size.max = 1048576 (custom)
2022-11-10 07:08:34,809 [pool-190-thread-1] INFO  server.RaftServerConfigKeys (ConfUtils.java:logGet(46)) - raft.server.log.preallocated.size = 16384 (custom)
2022-11-10 07:08:34,809 [pool-190-thread-1] INFO  server.RaftServerConfigKeys (ConfUtils.java:logGet(46)) - raft.server.log.force.sync.num = 128 (default)
2022-11-10 07:08:34,809 [pool-190-thread-1] INFO  server.RaftServerConfigKeys (ConfUtils.java:logGet(46)) - raft.server.log.statemachine.data.sync = true (default)
2022-11-10 07:08:34,809 [pool-190-thread-1] INFO  server.RaftServerConfigKeys (ConfUtils.java:logGet(46)) - raft.server.log.statemachine.data.sync.timeout = 10s (default)
2022-11-10 07:08:34,809 [pool-190-thread-1] INFO  server.RaftServerConfigKeys (ConfUtils.java:logGet(46)) - raft.server.log.statemachine.data.sync.timeout.retry = -1 (default)
2022-11-10 07:08:34,809 [db4da669-e495-4258-8ed5-d8ca382bca0e@group-A6BAE3BFF50D-StateMachineUpdater] INFO  safemode.HealthyPipelineSafeModeRule (HealthyPipelineSafeModeRule.java:initializeRule(165)) - Refreshed total pipeline count is 0, healthy pipeline threshold count is 1
2022-11-10 07:08:34,809 [pool-190-thread-1] INFO  server.RaftServerConfigKeys (ConfUtils.java:logGet(46)) - raft.server.log.write.buffer.size = 1048576 (custom)
2022-11-10 07:08:34,810 [pool-190-thread-1] INFO  server.RaftServerConfigKeys (ConfUtils.java:logGet(46)) - raft.server.log.unsafe-flush.enabled = false (default)
2022-11-10 07:08:34,810 [pool-190-thread-1] INFO  server.RaftServerConfigKeys (ConfUtils.java:logGet(46)) - raft.server.log.async-flush.enabled = false (default)
2022-11-10 07:08:34,810 [pool-190-thread-1] INFO  server.RaftServerConfigKeys (ConfUtils.java:logGet(46)) - raft.server.log.statemachine.data.caching.enabled = true (custom)
2022-11-10 07:08:34,811 [pool-190-thread-1] INFO  segmented.SegmentedRaftLogWorker (SegmentedRaftLogWorker.java:lambda$new$0(136)) - e793aa28-cf77-4971-8074-fcdd8288c5ce@group-1FB8705FA86A-SegmentedRaftLogWorker: flushIndex: setUnconditionally 0 -> -1
2022-11-10 07:08:34,811 [pool-190-thread-1] INFO  segmented.SegmentedRaftLogWorker (SegmentedRaftLogWorker.java:lambda$new$0(136)) - e793aa28-cf77-4971-8074-fcdd8288c5ce@group-1FB8705FA86A-SegmentedRaftLogWorker: safeCacheEvictIndex: setUnconditionally 0 -> -1
2022-11-10 07:08:34,811 [EventQueue-OpenPipelineForHealthyPipelineSafeModeRule] INFO  safemode.SCMSafeModeManager (HealthyPipelineSafeModeRule.java:process(137)) - SCM in safe mode. Healthy pipelines reported count is 0, required healthy pipeline reported count is 1
2022-11-10 07:08:34,811 [pool-190-thread-1] INFO  server.RaftServer$Division (RaftServerImpl.java:start(334)) - e793aa28-cf77-4971-8074-fcdd8288c5ce@group-1FB8705FA86A: start as a follower, conf=-1: peers:[e793aa28-cf77-4971-8074-fcdd8288c5ce|rpc:127.0.0.1:36847|priority:0|startupRole:FOLLOWER, 7b1182b7-d54c-44fb-86ea-7d58e998a9db|rpc:127.0.0.1:34927|priority:1|startupRole:FOLLOWER, b187db32-a43b-4ea5-9e1b-16734133a38f|rpc:127.0.0.1:40995|priority:0|startupRole:FOLLOWER]|listeners:[], old=null
2022-11-10 07:08:34,811 [pool-190-thread-1] INFO  server.RaftServer$Division (RaftServerImpl.java:setRole(321)) - e793aa28-cf77-4971-8074-fcdd8288c5ce@group-1FB8705FA86A: changes role from      null to FOLLOWER at term 0 for startAsFollower
2022-11-10 07:08:34,811 [pool-190-thread-1] INFO  impl.RoleInfo (RoleInfo.java:updateAndGet(139)) - e793aa28-cf77-4971-8074-fcdd8288c5ce: start e793aa28-cf77-4971-8074-fcdd8288c5ce@group-1FB8705FA86A-FollowerState
2022-11-10 07:08:34,812 [pool-190-thread-1] INFO  util.JmxRegister (JmxRegister.java:tryRegister(44)) - Successfully registered JMX Bean with object name Ratis:service=RaftServer,group=group-1FB8705FA86A,id=e793aa28-cf77-4971-8074-fcdd8288c5ce
2022-11-10 07:08:34,812 [pool-190-thread-1] INFO  server.RaftServerConfigKeys (ConfUtils.java:logGet(46)) - raft.server.snapshot.auto.trigger.enabled = true (custom)
2022-11-10 07:08:34,812 [pool-190-thread-1] INFO  server.RaftServerConfigKeys (ConfUtils.java:logGet(46)) - raft.server.snapshot.auto.trigger.threshold = 10000 (custom)
2022-11-10 07:08:34,812 [pool-190-thread-1] INFO  server.RaftServerConfigKeys (ConfUtils.java:logGet(46)) - raft.server.snapshot.retention.file.num = 5 (custom)
2022-11-10 07:08:34,812 [pool-190-thread-1] INFO  server.RaftServerConfigKeys (ConfUtils.java:logGet(46)) - raft.server.log.purge.upto.snapshot.index = false (default)
2022-11-10 07:08:34,812 [e793aa28-cf77-4971-8074-fcdd8288c5ce@group-1FB8705FA86A-FollowerState] INFO  server.RaftServerConfigKeys (ConfUtils.java:logFallback(53)) - raft.server.rpc.first-election.timeout.min = 5s (fallback to raft.server.rpc.timeout.min)
2022-11-10 07:08:34,812 [e793aa28-cf77-4971-8074-fcdd8288c5ce@group-1FB8705FA86A-FollowerState] INFO  server.RaftServerConfigKeys (ConfUtils.java:logFallback(53)) - raft.server.rpc.first-election.timeout.max = 5200ms (fallback to raft.server.rpc.timeout.max)
2022-11-10 07:08:34,813 [Command processor thread] INFO  ratis.XceiverServerRatis (XceiverServerRatis.java:addGroup(765)) - Created group PipelineID=cb30075d-e2b8-4308-8523-1fb8705fa86a
2022-11-10 07:08:34,824 [EventQueue-OpenPipelineForHealthyPipelineSafeModeRule] INFO  safemode.SCMSafeModeManager (HealthyPipelineSafeModeRule.java:process(137)) - SCM in safe mode. Healthy pipelines reported count is 0, required healthy pipeline reported count is 1
2022-11-10 07:08:34,880 [grpc-default-executor-5] INFO  server.RaftServer (RaftServerProxy.java:addNew(96)) - 7b1182b7-d54c-44fb-86ea-7d58e998a9db: addNew group-1FB8705FA86A:[e793aa28-cf77-4971-8074-fcdd8288c5ce|rpc:127.0.0.1:36847|dataStream:|priority:0|startupRole:FOLLOWER, 7b1182b7-d54c-44fb-86ea-7d58e998a9db|rpc:127.0.0.1:34927|dataStream:|priority:1|startupRole:FOLLOWER, b187db32-a43b-4ea5-9e1b-16734133a38f|rpc:127.0.0.1:40995|dataStream:|priority:0|startupRole:FOLLOWER] returns group-1FB8705FA86A:java.util.concurrent.CompletableFuture@36daf392[Not completed]
2022-11-10 07:08:34,882 [pool-215-thread-1] INFO  server.RaftServer$Division (RaftServerImpl.java:<init>(195)) - 7b1182b7-d54c-44fb-86ea-7d58e998a9db: new RaftServerImpl for group-1FB8705FA86A:[e793aa28-cf77-4971-8074-fcdd8288c5ce|rpc:127.0.0.1:36847|dataStream:|priority:0|startupRole:FOLLOWER, 7b1182b7-d54c-44fb-86ea-7d58e998a9db|rpc:127.0.0.1:34927|dataStream:|priority:1|startupRole:FOLLOWER, b187db32-a43b-4ea5-9e1b-16734133a38f|rpc:127.0.0.1:40995|dataStream:|priority:0|startupRole:FOLLOWER] with ContainerStateMachine:uninitialized
2022-11-10 07:08:34,883 [pool-215-thread-1] INFO  server.RaftServerConfigKeys (ConfUtils.java:logGet(46)) - raft.server.rpc.timeout.min = 5s (custom)
2022-11-10 07:08:34,883 [pool-215-thread-1] INFO  server.RaftServerConfigKeys (ConfUtils.java:logGet(46)) - raft.server.rpc.timeout.max = 5200ms (custom)
2022-11-10 07:08:34,883 [pool-215-thread-1] INFO  server.RaftServerConfigKeys (ConfUtils.java:logGet(46)) - raft.server.rpc.sleep.time = 25ms (default)
2022-11-10 07:08:34,883 [pool-215-thread-1] INFO  server.RaftServerConfigKeys (ConfUtils.java:logGet(46)) - raft.server.rpc.slowness.timeout = 300s (custom)
2022-11-10 07:08:34,883 [pool-215-thread-1] INFO  server.RaftServerConfigKeys (ConfUtils.java:logGet(46)) - raft.server.leaderelection.leader.step-down.wait-time = 10s (default)
2022-11-10 07:08:34,883 [pool-215-thread-1] INFO  server.RaftServerConfigKeys (ConfUtils.java:logGet(46)) - raft.server.sleep.deviation.threshold = 300ms (default)
2022-11-10 07:08:34,883 [pool-215-thread-1] INFO  server.RaftServer$Division (ServerState.java:<init>(118)) - 7b1182b7-d54c-44fb-86ea-7d58e998a9db@group-1FB8705FA86A: ConfigurationManager, init=-1: peers:[e793aa28-cf77-4971-8074-fcdd8288c5ce|rpc:127.0.0.1:36847|dataStream:|priority:0|startupRole:FOLLOWER, 7b1182b7-d54c-44fb-86ea-7d58e998a9db|rpc:127.0.0.1:34927|dataStream:|priority:1|startupRole:FOLLOWER, b187db32-a43b-4ea5-9e1b-16734133a38f|rpc:127.0.0.1:40995|dataStream:|priority:0|startupRole:FOLLOWER]|listeners:[], old=null, confs=<EMPTY_MAP>
2022-11-10 07:08:34,883 [pool-215-thread-1] INFO  server.RaftServerConfigKeys (ConfUtils.java:logGet(46)) - raft.server.storage.dir = [/home/runner/work/ozone/ozone/hadoop-ozone/integration-test/target/test-dir/MiniOzoneClusterImpl-a89f51d4-237d-44f8-8386-a6bae3bff50d/datanode-1/data/ratis] (custom)
2022-11-10 07:08:34,883 [pool-215-thread-1] INFO  server.RaftServerConfigKeys (ConfUtils.java:logGet(46)) - raft.server.log.corruption.policy = EXCEPTION (default)
2022-11-10 07:08:34,883 [pool-215-thread-1] INFO  server.RaftServerConfigKeys (ConfUtils.java:logGet(46)) - raft.server.storage.free-space.min = 0MB (=0) (default)
2022-11-10 07:08:34,883 [pool-215-thread-1] INFO  server.RaftServerConfigKeys (ConfUtils.java:logGet(46)) - raft.server.notification.no-leader.timeout = 300s (custom)
2022-11-10 07:08:34,883 [pool-215-thread-1] INFO  server.RaftServerConfigKeys (ConfUtils.java:logGet(46)) - raft.server.retrycache.expirytime = 600000ms (custom)
2022-11-10 07:08:34,883 [pool-215-thread-1] INFO  server.RaftServerConfigKeys (ConfUtils.java:logGet(46)) - raft.server.retrycache.statistics.expirytime = 100μs (default)
2022-11-10 07:08:34,886 [pool-215-thread-1] INFO  server.RaftServerConfigKeys (ConfUtils.java:logGet(46)) - raft.server.log.appender.install.snapshot.enabled = false (custom)
2022-11-10 07:08:34,886 [pool-215-thread-1] INFO  server.RaftServerConfigKeys (ConfUtils.java:logGet(46)) - raft.server.threadpool.server.cached = true (default)
2022-11-10 07:08:34,886 [pool-215-thread-1] INFO  server.RaftServerConfigKeys (ConfUtils.java:logGet(46)) - raft.server.threadpool.server.size = 0 (default)
2022-11-10 07:08:34,886 [pool-215-thread-1] INFO  server.RaftServerConfigKeys (ConfUtils.java:logGet(46)) - raft.server.threadpool.client.cached = true (default)
2022-11-10 07:08:34,886 [pool-215-thread-1] INFO  server.RaftServerConfigKeys (ConfUtils.java:logGet(46)) - raft.server.threadpool.client.size = 0 (default)
2022-11-10 07:08:34,886 [pool-215-thread-1] INFO  storage.RaftStorageDirectory (RaftStorageDirectoryImpl.java:analyzeStorage(137)) - The storage directory /home/runner/work/ozone/ozone/hadoop-ozone/integration-test/target/test-dir/MiniOzoneClusterImpl-a89f51d4-237d-44f8-8386-a6bae3bff50d/datanode-1/data/ratis/cb30075d-e2b8-4308-8523-1fb8705fa86a does not exist. Creating ...
2022-11-10 07:08:34,896 [pool-215-thread-1] INFO  storage.RaftStorageDirectory (RaftStorageDirectoryImpl.java:tryLock(231)) - Lock on /home/runner/work/ozone/ozone/hadoop-ozone/integration-test/target/test-dir/MiniOzoneClusterImpl-a89f51d4-237d-44f8-8386-a6bae3bff50d/datanode-1/data/ratis/cb30075d-e2b8-4308-8523-1fb8705fa86a/in_use.lock acquired by nodename 3649@fv-az194-925
2022-11-10 07:08:34,898 [pool-215-thread-1] INFO  storage.RaftStorage (RaftStorageImpl.java:format(96)) - Storage directory /home/runner/work/ozone/ozone/hadoop-ozone/integration-test/target/test-dir/MiniOzoneClusterImpl-a89f51d4-237d-44f8-8386-a6bae3bff50d/datanode-1/data/ratis/cb30075d-e2b8-4308-8523-1fb8705fa86a has been successfully formatted.
2022-11-10 07:08:34,899 [pool-215-thread-1] INFO  ratis.ContainerStateMachine (ContainerStateMachine.java:loadSnapshot(236)) - group-1FB8705FA86A: The snapshot info is null. Setting the last applied indexto:(t:0, i:~)
2022-11-10 07:08:34,900 [pool-215-thread-1] INFO  server.RaftServerConfigKeys (ConfUtils.java:logGet(46)) - raft.server.log.use.memory = false (default)
2022-11-10 07:08:34,900 [pool-215-thread-1] INFO  server.RaftServerConfigKeys (ConfUtils.java:logGet(46)) - raft.server.log.purge.gap = 1000000 (custom)
2022-11-10 07:08:34,900 [pool-215-thread-1] INFO  server.RaftServerConfigKeys (ConfUtils.java:logGet(46)) - raft.server.log.appender.buffer.byte-limit = 33554432 (custom)
2022-11-10 07:08:34,900 [pool-215-thread-1] INFO  server.RaftServerConfigKeys (ConfUtils.java:logGet(46)) - raft.server.log.statemachine.data.read.timeout = 1000ms (default)
2022-11-10 07:08:34,900 [pool-215-thread-1] INFO  server.RaftServerConfigKeys (ConfUtils.java:logGet(46)) - raft.server.log.purge.preservation.log.num = 0 (default)
2022-11-10 07:08:34,900 [pool-215-thread-1] INFO  server.RaftServerConfigKeys (ConfUtils.java:logGet(46)) - raft.server.log.segment.size.max = 1048576 (custom)
2022-11-10 07:08:34,903 [pool-215-thread-1] INFO  server.RaftServerConfigKeys (ConfUtils.java:logGet(46)) - raft.server.log.segment.cache.num.max = 2 (custom)
2022-11-10 07:08:34,903 [pool-215-thread-1] INFO  server.RaftServerConfigKeys (ConfUtils.java:logGet(46)) - raft.server.log.segment.cache.size.max = 200MB (=209715200) (default)
2022-11-10 07:08:34,903 [pool-215-thread-1] INFO  segmented.SegmentedRaftLogWorker (SegmentedRaftLogWorker.java:<init>(191)) - new 7b1182b7-d54c-44fb-86ea-7d58e998a9db@group-1FB8705FA86A-SegmentedRaftLogWorker for RaftStorageImpl:Storage Directory /home/runner/work/ozone/ozone/hadoop-ozone/integration-test/target/test-dir/MiniOzoneClusterImpl-a89f51d4-237d-44f8-8386-a6bae3bff50d/datanode-1/data/ratis/cb30075d-e2b8-4308-8523-1fb8705fa86a
2022-11-10 07:08:34,903 [pool-215-thread-1] INFO  server.RaftServerConfigKeys (ConfUtils.java:logGet(46)) - raft.server.log.queue.byte-limit = 4294967296 (custom)
2022-11-10 07:08:34,903 [pool-215-thread-1] INFO  server.RaftServerConfigKeys (ConfUtils.java:logGet(46)) - raft.server.log.queue.element-limit = 1024 (custom)
2022-11-10 07:08:34,903 [pool-215-thread-1] INFO  server.RaftServerConfigKeys (ConfUtils.java:logGet(46)) - raft.server.log.segment.size.max = 1048576 (custom)
2022-11-10 07:08:34,903 [pool-215-thread-1] INFO  server.RaftServerConfigKeys (ConfUtils.java:logGet(46)) - raft.server.log.preallocated.size = 16384 (custom)
2022-11-10 07:08:34,903 [pool-215-thread-1] INFO  server.RaftServerConfigKeys (ConfUtils.java:logGet(46)) - raft.server.log.force.sync.num = 128 (default)
2022-11-10 07:08:34,903 [pool-215-thread-1] INFO  server.RaftServerConfigKeys (ConfUtils.java:logGet(46)) - raft.server.log.statemachine.data.sync = true (default)
2022-11-10 07:08:34,903 [pool-215-thread-1] INFO  server.RaftServerConfigKeys (ConfUtils.java:logGet(46)) - raft.server.log.statemachine.data.sync.timeout = 10s (default)
2022-11-10 07:08:34,904 [pool-215-thread-1] INFO  server.RaftServerConfigKeys (ConfUtils.java:logGet(46)) - raft.server.log.statemachine.data.sync.timeout.retry = -1 (default)
2022-11-10 07:08:34,904 [pool-215-thread-1] INFO  server.RaftServerConfigKeys (ConfUtils.java:logGet(46)) - raft.server.log.write.buffer.size = 1048576 (custom)
2022-11-10 07:08:34,905 [pool-215-thread-1] INFO  server.RaftServerConfigKeys (ConfUtils.java:logGet(46)) - raft.server.log.unsafe-flush.enabled = false (default)
2022-11-10 07:08:34,905 [pool-215-thread-1] INFO  server.RaftServerConfigKeys (ConfUtils.java:logGet(46)) - raft.server.log.async-flush.enabled = false (default)
2022-11-10 07:08:34,905 [pool-215-thread-1] INFO  server.RaftServerConfigKeys (ConfUtils.java:logGet(46)) - raft.server.log.statemachine.data.caching.enabled = true (custom)
2022-11-10 07:08:34,906 [pool-215-thread-1] INFO  segmented.SegmentedRaftLogWorker (SegmentedRaftLogWorker.java:lambda$new$0(136)) - 7b1182b7-d54c-44fb-86ea-7d58e998a9db@group-1FB8705FA86A-SegmentedRaftLogWorker: flushIndex: setUnconditionally 0 -> -1
2022-11-10 07:08:34,906 [pool-215-thread-1] INFO  segmented.SegmentedRaftLogWorker (SegmentedRaftLogWorker.java:lambda$new$0(136)) - 7b1182b7-d54c-44fb-86ea-7d58e998a9db@group-1FB8705FA86A-SegmentedRaftLogWorker: safeCacheEvictIndex: setUnconditionally 0 -> -1
2022-11-10 07:08:34,911 [pool-215-thread-1] INFO  server.RaftServer$Division (RaftServerImpl.java:start(334)) - 7b1182b7-d54c-44fb-86ea-7d58e998a9db@group-1FB8705FA86A: start as a follower, conf=-1: peers:[e793aa28-cf77-4971-8074-fcdd8288c5ce|rpc:127.0.0.1:36847|dataStream:|priority:0|startupRole:FOLLOWER, 7b1182b7-d54c-44fb-86ea-7d58e998a9db|rpc:127.0.0.1:34927|dataStream:|priority:1|startupRole:FOLLOWER, b187db32-a43b-4ea5-9e1b-16734133a38f|rpc:127.0.0.1:40995|dataStream:|priority:0|startupRole:FOLLOWER]|listeners:[], old=null
2022-11-10 07:08:34,911 [pool-215-thread-1] INFO  server.RaftServer$Division (RaftServerImpl.java:setRole(321)) - 7b1182b7-d54c-44fb-86ea-7d58e998a9db@group-1FB8705FA86A: changes role from      null to FOLLOWER at term 0 for startAsFollower
2022-11-10 07:08:34,911 [pool-215-thread-1] INFO  impl.RoleInfo (RoleInfo.java:updateAndGet(139)) - 7b1182b7-d54c-44fb-86ea-7d58e998a9db: start 7b1182b7-d54c-44fb-86ea-7d58e998a9db@group-1FB8705FA86A-FollowerState
2022-11-10 07:08:34,916 [pool-215-thread-1] INFO  util.JmxRegister (JmxRegister.java:tryRegister(44)) - Successfully registered JMX Bean with object name Ratis:service=RaftServer,group=group-1FB8705FA86A,id=7b1182b7-d54c-44fb-86ea-7d58e998a9db
2022-11-10 07:08:34,916 [pool-215-thread-1] INFO  server.RaftServerConfigKeys (ConfUtils.java:logGet(46)) - raft.server.snapshot.auto.trigger.enabled = true (custom)
2022-11-10 07:08:34,916 [pool-215-thread-1] INFO  server.RaftServerConfigKeys (ConfUtils.java:logGet(46)) - raft.server.snapshot.auto.trigger.threshold = 10000 (custom)
2022-11-10 07:08:34,916 [pool-215-thread-1] INFO  server.RaftServerConfigKeys (ConfUtils.java:logGet(46)) - raft.server.snapshot.retention.file.num = 5 (custom)
2022-11-10 07:08:34,916 [pool-215-thread-1] INFO  server.RaftServerConfigKeys (ConfUtils.java:logGet(46)) - raft.server.log.purge.upto.snapshot.index = false (default)
2022-11-10 07:08:34,917 [7b1182b7-d54c-44fb-86ea-7d58e998a9db@group-1FB8705FA86A-FollowerState] INFO  server.RaftServerConfigKeys (ConfUtils.java:logFallback(53)) - raft.server.rpc.first-election.timeout.min = 5s (fallback to raft.server.rpc.timeout.min)
2022-11-10 07:08:34,917 [7b1182b7-d54c-44fb-86ea-7d58e998a9db@group-1FB8705FA86A-FollowerState] INFO  server.RaftServerConfigKeys (ConfUtils.java:logFallback(53)) - raft.server.rpc.first-election.timeout.max = 5200ms (fallback to raft.server.rpc.timeout.max)
2022-11-10 07:08:34,966 [grpc-default-executor-5] INFO  server.RaftServer (RaftServerProxy.java:addNew(96)) - b187db32-a43b-4ea5-9e1b-16734133a38f: addNew group-1FB8705FA86A:[e793aa28-cf77-4971-8074-fcdd8288c5ce|rpc:127.0.0.1:36847|dataStream:|priority:0|startupRole:FOLLOWER, 7b1182b7-d54c-44fb-86ea-7d58e998a9db|rpc:127.0.0.1:34927|dataStream:|priority:1|startupRole:FOLLOWER, b187db32-a43b-4ea5-9e1b-16734133a38f|rpc:127.0.0.1:40995|dataStream:|priority:0|startupRole:FOLLOWER] returns group-1FB8705FA86A:java.util.concurrent.CompletableFuture@24dd4e23[Not completed]
2022-11-10 07:08:34,968 [pool-240-thread-1] INFO  server.RaftServer$Division (RaftServerImpl.java:<init>(195)) - b187db32-a43b-4ea5-9e1b-16734133a38f: new RaftServerImpl for group-1FB8705FA86A:[e793aa28-cf77-4971-8074-fcdd8288c5ce|rpc:127.0.0.1:36847|dataStream:|priority:0|startupRole:FOLLOWER, 7b1182b7-d54c-44fb-86ea-7d58e998a9db|rpc:127.0.0.1:34927|dataStream:|priority:1|startupRole:FOLLOWER, b187db32-a43b-4ea5-9e1b-16734133a38f|rpc:127.0.0.1:40995|dataStream:|priority:0|startupRole:FOLLOWER] with ContainerStateMachine:uninitialized
2022-11-10 07:08:34,968 [pool-240-thread-1] INFO  server.RaftServerConfigKeys (ConfUtils.java:logGet(46)) - raft.server.rpc.timeout.min = 5s (custom)
2022-11-10 07:08:34,968 [pool-240-thread-1] INFO  server.RaftServerConfigKeys (ConfUtils.java:logGet(46)) - raft.server.rpc.timeout.max = 5200ms (custom)
2022-11-10 07:08:34,968 [pool-240-thread-1] INFO  server.RaftServerConfigKeys (ConfUtils.java:logGet(46)) - raft.server.rpc.sleep.time = 25ms (default)
2022-11-10 07:08:34,968 [pool-240-thread-1] INFO  server.RaftServerConfigKeys (ConfUtils.java:logGet(46)) - raft.server.rpc.slowness.timeout = 300s (custom)
2022-11-10 07:08:34,968 [pool-240-thread-1] INFO  server.RaftServerConfigKeys (ConfUtils.java:logGet(46)) - raft.server.leaderelection.leader.step-down.wait-time = 10s (default)
2022-11-10 07:08:34,968 [pool-240-thread-1] INFO  server.RaftServerConfigKeys (ConfUtils.java:logGet(46)) - raft.server.sleep.deviation.threshold = 300ms (default)
2022-11-10 07:08:34,969 [pool-240-thread-1] INFO  server.RaftServer$Division (ServerState.java:<init>(118)) - b187db32-a43b-4ea5-9e1b-16734133a38f@group-1FB8705FA86A: ConfigurationManager, init=-1: peers:[e793aa28-cf77-4971-8074-fcdd8288c5ce|rpc:127.0.0.1:36847|dataStream:|priority:0|startupRole:FOLLOWER, 7b1182b7-d54c-44fb-86ea-7d58e998a9db|rpc:127.0.0.1:34927|dataStream:|priority:1|startupRole:FOLLOWER, b187db32-a43b-4ea5-9e1b-16734133a38f|rpc:127.0.0.1:40995|dataStream:|priority:0|startupRole:FOLLOWER]|listeners:[], old=null, confs=<EMPTY_MAP>
2022-11-10 07:08:34,969 [pool-240-thread-1] INFO  server.RaftServerConfigKeys (ConfUtils.java:logGet(46)) - raft.server.storage.dir = [/home/runner/work/ozone/ozone/hadoop-ozone/integration-test/target/test-dir/MiniOzoneClusterImpl-a89f51d4-237d-44f8-8386-a6bae3bff50d/datanode-2/data/ratis] (custom)
2022-11-10 07:08:34,969 [pool-240-thread-1] INFO  server.RaftServerConfigKeys (ConfUtils.java:logGet(46)) - raft.server.log.corruption.policy = EXCEPTION (default)
2022-11-10 07:08:34,969 [pool-240-thread-1] INFO  server.RaftServerConfigKeys (ConfUtils.java:logGet(46)) - raft.server.storage.free-space.min = 0MB (=0) (default)
2022-11-10 07:08:34,969 [pool-240-thread-1] INFO  server.RaftServerConfigKeys (ConfUtils.java:logGet(46)) - raft.server.notification.no-leader.timeout = 300s (custom)
2022-11-10 07:08:34,969 [pool-240-thread-1] INFO  server.RaftServerConfigKeys (ConfUtils.java:logGet(46)) - raft.server.retrycache.expirytime = 600000ms (custom)
2022-11-10 07:08:34,969 [pool-240-thread-1] INFO  server.RaftServerConfigKeys (ConfUtils.java:logGet(46)) - raft.server.retrycache.statistics.expirytime = 100μs (default)
2022-11-10 07:08:34,973 [pool-240-thread-1] INFO  server.RaftServerConfigKeys (ConfUtils.java:logGet(46)) - raft.server.log.appender.install.snapshot.enabled = false (custom)
2022-11-10 07:08:34,973 [pool-240-thread-1] INFO  server.RaftServerConfigKeys (ConfUtils.java:logGet(46)) - raft.server.threadpool.server.cached = true (default)
2022-11-10 07:08:34,973 [pool-240-thread-1] INFO  server.RaftServerConfigKeys (ConfUtils.java:logGet(46)) - raft.server.threadpool.server.size = 0 (default)
2022-11-10 07:08:34,973 [pool-240-thread-1] INFO  server.RaftServerConfigKeys (ConfUtils.java:logGet(46)) - raft.server.threadpool.client.cached = true (default)
2022-11-10 07:08:34,973 [pool-240-thread-1] INFO  server.RaftServerConfigKeys (ConfUtils.java:logGet(46)) - raft.server.threadpool.client.size = 0 (default)
2022-11-10 07:08:34,973 [pool-240-thread-1] INFO  storage.RaftStorageDirectory (RaftStorageDirectoryImpl.java:analyzeStorage(137)) - The storage directory /home/runner/work/ozone/ozone/hadoop-ozone/integration-test/target/test-dir/MiniOzoneClusterImpl-a89f51d4-237d-44f8-8386-a6bae3bff50d/datanode-2/data/ratis/cb30075d-e2b8-4308-8523-1fb8705fa86a does not exist. Creating ...
2022-11-10 07:08:34,979 [pool-240-thread-1] INFO  storage.RaftStorageDirectory (RaftStorageDirectoryImpl.java:tryLock(231)) - Lock on /home/runner/work/ozone/ozone/hadoop-ozone/integration-test/target/test-dir/MiniOzoneClusterImpl-a89f51d4-237d-44f8-8386-a6bae3bff50d/datanode-2/data/ratis/cb30075d-e2b8-4308-8523-1fb8705fa86a/in_use.lock acquired by nodename 3649@fv-az194-925
2022-11-10 07:08:34,980 [pool-240-thread-1] INFO  storage.RaftStorage (RaftStorageImpl.java:format(96)) - Storage directory /home/runner/work/ozone/ozone/hadoop-ozone/integration-test/target/test-dir/MiniOzoneClusterImpl-a89f51d4-237d-44f8-8386-a6bae3bff50d/datanode-2/data/ratis/cb30075d-e2b8-4308-8523-1fb8705fa86a has been successfully formatted.
2022-11-10 07:08:34,980 [pool-240-thread-1] INFO  ratis.ContainerStateMachine (ContainerStateMachine.java:loadSnapshot(236)) - group-1FB8705FA86A: The snapshot info is null. Setting the last applied indexto:(t:0, i:~)
2022-11-10 07:08:34,980 [pool-240-thread-1] INFO  server.RaftServerConfigKeys (ConfUtils.java:logGet(46)) - raft.server.log.use.memory = false (default)
2022-11-10 07:08:34,980 [pool-240-thread-1] INFO  server.RaftServerConfigKeys (ConfUtils.java:logGet(46)) - raft.server.log.purge.gap = 1000000 (custom)
2022-11-10 07:08:34,983 [pool-240-thread-1] INFO  server.RaftServerConfigKeys (ConfUtils.java:logGet(46)) - raft.server.log.appender.buffer.byte-limit = 33554432 (custom)
2022-11-10 07:08:34,983 [pool-240-thread-1] INFO  server.RaftServerConfigKeys (ConfUtils.java:logGet(46)) - raft.server.log.statemachine.data.read.timeout = 1000ms (default)
2022-11-10 07:08:34,983 [pool-240-thread-1] INFO  server.RaftServerConfigKeys (ConfUtils.java:logGet(46)) - raft.server.log.purge.preservation.log.num = 0 (default)
2022-11-10 07:08:34,984 [pool-240-thread-1] INFO  server.RaftServerConfigKeys (ConfUtils.java:logGet(46)) - raft.server.log.segment.size.max = 1048576 (custom)
2022-11-10 07:08:34,985 [pool-240-thread-1] INFO  server.RaftServerConfigKeys (ConfUtils.java:logGet(46)) - raft.server.log.segment.cache.num.max = 2 (custom)
2022-11-10 07:08:34,985 [pool-240-thread-1] INFO  server.RaftServerConfigKeys (ConfUtils.java:logGet(46)) - raft.server.log.segment.cache.size.max = 200MB (=209715200) (default)
2022-11-10 07:08:34,985 [pool-240-thread-1] INFO  segmented.SegmentedRaftLogWorker (SegmentedRaftLogWorker.java:<init>(191)) - new b187db32-a43b-4ea5-9e1b-16734133a38f@group-1FB8705FA86A-SegmentedRaftLogWorker for RaftStorageImpl:Storage Directory /home/runner/work/ozone/ozone/hadoop-ozone/integration-test/target/test-dir/MiniOzoneClusterImpl-a89f51d4-237d-44f8-8386-a6bae3bff50d/datanode-2/data/ratis/cb30075d-e2b8-4308-8523-1fb8705fa86a
2022-11-10 07:08:34,985 [pool-240-thread-1] INFO  server.RaftServerConfigKeys (ConfUtils.java:logGet(46)) - raft.server.log.queue.byte-limit = 4294967296 (custom)
2022-11-10 07:08:34,985 [pool-240-thread-1] INFO  server.RaftServerConfigKeys (ConfUtils.java:logGet(46)) - raft.server.log.queue.element-limit = 1024 (custom)
2022-11-10 07:08:34,985 [pool-240-thread-1] INFO  server.RaftServerConfigKeys (ConfUtils.java:logGet(46)) - raft.server.log.segment.size.max = 1048576 (custom)
2022-11-10 07:08:34,986 [pool-240-thread-1] INFO  server.RaftServerConfigKeys (ConfUtils.java:logGet(46)) - raft.server.log.preallocated.size = 16384 (custom)
2022-11-10 07:08:34,986 [pool-240-thread-1] INFO  server.RaftServerConfigKeys (ConfUtils.java:logGet(46)) - raft.server.log.force.sync.num = 128 (default)
2022-11-10 07:08:34,986 [pool-240-thread-1] INFO  server.RaftServerConfigKeys (ConfUtils.java:logGet(46)) - raft.server.log.statemachine.data.sync = true (default)
2022-11-10 07:08:34,986 [pool-240-thread-1] INFO  server.RaftServerConfigKeys (ConfUtils.java:logGet(46)) - raft.server.log.statemachine.data.sync.timeout = 10s (default)
2022-11-10 07:08:34,986 [pool-240-thread-1] INFO  server.RaftServerConfigKeys (ConfUtils.java:logGet(46)) - raft.server.log.statemachine.data.sync.timeout.retry = -1 (default)
2022-11-10 07:08:34,987 [pool-240-thread-1] INFO  server.RaftServerConfigKeys (ConfUtils.java:logGet(46)) - raft.server.log.write.buffer.size = 1048576 (custom)
2022-11-10 07:08:34,989 [pool-240-thread-1] INFO  server.RaftServerConfigKeys (ConfUtils.java:logGet(46)) - raft.server.log.unsafe-flush.enabled = false (default)
2022-11-10 07:08:34,989 [pool-240-thread-1] INFO  server.RaftServerConfigKeys (ConfUtils.java:logGet(46)) - raft.server.log.async-flush.enabled = false (default)
2022-11-10 07:08:34,989 [pool-240-thread-1] INFO  server.RaftServerConfigKeys (ConfUtils.java:logGet(46)) - raft.server.log.statemachine.data.caching.enabled = true (custom)
2022-11-10 07:08:34,989 [pool-240-thread-1] INFO  segmented.SegmentedRaftLogWorker (SegmentedRaftLogWorker.java:lambda$new$0(136)) - b187db32-a43b-4ea5-9e1b-16734133a38f@group-1FB8705FA86A-SegmentedRaftLogWorker: flushIndex: setUnconditionally 0 -> -1
2022-11-10 07:08:34,989 [pool-240-thread-1] INFO  segmented.SegmentedRaftLogWorker (SegmentedRaftLogWorker.java:lambda$new$0(136)) - b187db32-a43b-4ea5-9e1b-16734133a38f@group-1FB8705FA86A-SegmentedRaftLogWorker: safeCacheEvictIndex: setUnconditionally 0 -> -1
2022-11-10 07:08:34,994 [pool-240-thread-1] INFO  server.RaftServer$Division (RaftServerImpl.java:start(334)) - b187db32-a43b-4ea5-9e1b-16734133a38f@group-1FB8705FA86A: start as a follower, conf=-1: peers:[e793aa28-cf77-4971-8074-fcdd8288c5ce|rpc:127.0.0.1:36847|dataStream:|priority:0|startupRole:FOLLOWER, 7b1182b7-d54c-44fb-86ea-7d58e998a9db|rpc:127.0.0.1:34927|dataStream:|priority:1|startupRole:FOLLOWER, b187db32-a43b-4ea5-9e1b-16734133a38f|rpc:127.0.0.1:40995|dataStream:|priority:0|startupRole:FOLLOWER]|listeners:[], old=null
2022-11-10 07:08:34,994 [pool-240-thread-1] INFO  server.RaftServer$Division (RaftServerImpl.java:setRole(321)) - b187db32-a43b-4ea5-9e1b-16734133a38f@group-1FB8705FA86A: changes role from      null to FOLLOWER at term 0 for startAsFollower
2022-11-10 07:08:34,994 [pool-240-thread-1] INFO  impl.RoleInfo (RoleInfo.java:updateAndGet(139)) - b187db32-a43b-4ea5-9e1b-16734133a38f: start b187db32-a43b-4ea5-9e1b-16734133a38f@group-1FB8705FA86A-FollowerState
2022-11-10 07:08:34,995 [pool-240-thread-1] INFO  util.JmxRegister (JmxRegister.java:tryRegister(44)) - Successfully registered JMX Bean with object name Ratis:service=RaftServer,group=group-1FB8705FA86A,id=b187db32-a43b-4ea5-9e1b-16734133a38f
2022-11-10 07:08:34,995 [pool-240-thread-1] INFO  server.RaftServerConfigKeys (ConfUtils.java:logGet(46)) - raft.server.snapshot.auto.trigger.enabled = true (custom)
2022-11-10 07:08:34,995 [pool-240-thread-1] INFO  server.RaftServerConfigKeys (ConfUtils.java:logGet(46)) - raft.server.snapshot.auto.trigger.threshold = 10000 (custom)
2022-11-10 07:08:34,995 [pool-240-thread-1] INFO  server.RaftServerConfigKeys (ConfUtils.java:logGet(46)) - raft.server.snapshot.retention.file.num = 5 (custom)
2022-11-10 07:08:34,995 [pool-240-thread-1] INFO  server.RaftServerConfigKeys (ConfUtils.java:logGet(46)) - raft.server.log.purge.upto.snapshot.index = false (default)
2022-11-10 07:08:34,996 [b187db32-a43b-4ea5-9e1b-16734133a38f@group-1FB8705FA86A-FollowerState] INFO  server.RaftServerConfigKeys (ConfUtils.java:logFallback(53)) - raft.server.rpc.first-election.timeout.min = 5s (fallback to raft.server.rpc.timeout.min)
2022-11-10 07:08:34,996 [b187db32-a43b-4ea5-9e1b-16734133a38f@group-1FB8705FA86A-FollowerState] INFO  server.RaftServerConfigKeys (ConfUtils.java:logFallback(53)) - raft.server.rpc.first-election.timeout.max = 5200ms (fallback to raft.server.rpc.timeout.max)
2022-11-10 07:08:35,001 [Command processor thread] INFO  commandhandler.CreatePipelineCommandHandler (CreatePipelineCommandHandler.java:handle(113)) - Created Pipeline RATIS THREE PipelineID=cb30075d-e2b8-4308-8523-1fb8705fa86a.
2022-11-10 07:08:35,001 [Command processor thread] INFO  server.RaftServer (RaftServerProxy.java:addNew(96)) - e793aa28-cf77-4971-8074-fcdd8288c5ce: addNew group-5057D2E818B1:[e793aa28-cf77-4971-8074-fcdd8288c5ce|rpc:127.0.0.1:36847|priority:1|startupRole:FOLLOWER, 7b1182b7-d54c-44fb-86ea-7d58e998a9db|rpc:127.0.0.1:34927|priority:0|startupRole:FOLLOWER, b187db32-a43b-4ea5-9e1b-16734133a38f|rpc:127.0.0.1:40995|priority:0|startupRole:FOLLOWER] returns group-5057D2E818B1:java.util.concurrent.CompletableFuture@2de8dc9d[Not completed]
2022-11-10 07:08:35,002 [pool-190-thread-1] INFO  server.RaftServer$Division (RaftServerImpl.java:<init>(195)) - e793aa28-cf77-4971-8074-fcdd8288c5ce: new RaftServerImpl for group-5057D2E818B1:[e793aa28-cf77-4971-8074-fcdd8288c5ce|rpc:127.0.0.1:36847|priority:1|startupRole:FOLLOWER, 7b1182b7-d54c-44fb-86ea-7d58e998a9db|rpc:127.0.0.1:34927|priority:0|startupRole:FOLLOWER, b187db32-a43b-4ea5-9e1b-16734133a38f|rpc:127.0.0.1:40995|priority:0|startupRole:FOLLOWER] with ContainerStateMachine:uninitialized
2022-11-10 07:08:35,002 [pool-190-thread-1] INFO  server.RaftServerConfigKeys (ConfUtils.java:logGet(46)) - raft.server.rpc.timeout.min = 5s (custom)
2022-11-10 07:08:35,002 [pool-190-thread-1] INFO  server.RaftServerConfigKeys (ConfUtils.java:logGet(46)) - raft.server.rpc.timeout.max = 5200ms (custom)
2022-11-10 07:08:35,002 [pool-190-thread-1] INFO  server.RaftServerConfigKeys (ConfUtils.java:logGet(46)) - raft.server.rpc.sleep.time = 25ms (default)
2022-11-10 07:08:35,002 [pool-190-thread-1] INFO  server.RaftServerConfigKeys (ConfUtils.java:logGet(46)) - raft.server.rpc.slowness.timeout = 300s (custom)
2022-11-10 07:08:35,002 [pool-190-thread-1] INFO  server.RaftServerConfigKeys (ConfUtils.java:logGet(46)) - raft.server.leaderelection.leader.step-down.wait-time = 10s (default)
2022-11-10 07:08:35,002 [pool-190-thread-1] INFO  server.RaftServerConfigKeys (ConfUtils.java:logGet(46)) - raft.server.sleep.deviation.threshold = 300ms (default)
2022-11-10 07:08:35,002 [pool-190-thread-1] INFO  server.RaftServer$Division (ServerState.java:<init>(118)) - e793aa28-cf77-4971-8074-fcdd8288c5ce@group-5057D2E818B1: ConfigurationManager, init=-1: peers:[e793aa28-cf77-4971-8074-fcdd8288c5ce|rpc:127.0.0.1:36847|priority:1|startupRole:FOLLOWER, 7b1182b7-d54c-44fb-86ea-7d58e998a9db|rpc:127.0.0.1:34927|priority:0|startupRole:FOLLOWER, b187db32-a43b-4ea5-9e1b-16734133a38f|rpc:127.0.0.1:40995|priority:0|startupRole:FOLLOWER]|listeners:[], old=null, confs=<EMPTY_MAP>
2022-11-10 07:08:35,002 [pool-190-thread-1] INFO  server.RaftServerConfigKeys (ConfUtils.java:logGet(46)) - raft.server.storage.dir = [/home/runner/work/ozone/ozone/hadoop-ozone/integration-test/target/test-dir/MiniOzoneClusterImpl-a89f51d4-237d-44f8-8386-a6bae3bff50d/datanode-0/data/ratis] (custom)
2022-11-10 07:08:35,002 [pool-190-thread-1] INFO  server.RaftServerConfigKeys (ConfUtils.java:logGet(46)) - raft.server.log.corruption.policy = EXCEPTION (default)
2022-11-10 07:08:35,002 [pool-190-thread-1] INFO  server.RaftServerConfigKeys (ConfUtils.java:logGet(46)) - raft.server.storage.free-space.min = 0MB (=0) (default)
2022-11-10 07:08:35,002 [pool-190-thread-1] INFO  server.RaftServerConfigKeys (ConfUtils.java:logGet(46)) - raft.server.notification.no-leader.timeout = 300s (custom)
2022-11-10 07:08:35,003 [pool-190-thread-1] INFO  server.RaftServerConfigKeys (ConfUtils.java:logGet(46)) - raft.server.retrycache.expirytime = 600000ms (custom)
2022-11-10 07:08:35,003 [pool-190-thread-1] INFO  server.RaftServerConfigKeys (ConfUtils.java:logGet(46)) - raft.server.retrycache.statistics.expirytime = 100μs (default)
2022-11-10 07:08:35,003 [pool-190-thread-1] INFO  server.RaftServerConfigKeys (ConfUtils.java:logGet(46)) - raft.server.log.appender.install.snapshot.enabled = false (custom)
2022-11-10 07:08:35,004 [pool-190-thread-1] INFO  server.RaftServerConfigKeys (ConfUtils.java:logGet(46)) - raft.server.threadpool.server.cached = true (default)
2022-11-10 07:08:35,004 [pool-190-thread-1] INFO  server.RaftServerConfigKeys (ConfUtils.java:logGet(46)) - raft.server.threadpool.server.size = 0 (default)
2022-11-10 07:08:35,004 [pool-190-thread-1] INFO  server.RaftServerConfigKeys (ConfUtils.java:logGet(46)) - raft.server.threadpool.client.cached = true (default)
2022-11-10 07:08:35,004 [pool-190-thread-1] INFO  server.RaftServerConfigKeys (ConfUtils.java:logGet(46)) - raft.server.threadpool.client.size = 0 (default)
2022-11-10 07:08:35,004 [pool-190-thread-1] INFO  storage.RaftStorageDirectory (RaftStorageDirectoryImpl.java:analyzeStorage(137)) - The storage directory /home/runner/work/ozone/ozone/hadoop-ozone/integration-test/target/test-dir/MiniOzoneClusterImpl-a89f51d4-237d-44f8-8386-a6bae3bff50d/datanode-0/data/ratis/82c8021f-3972-49d8-8c46-5057d2e818b1 does not exist. Creating ...
2022-11-10 07:08:35,007 [pool-190-thread-1] INFO  storage.RaftStorageDirectory (RaftStorageDirectoryImpl.java:tryLock(231)) - Lock on /home/runner/work/ozone/ozone/hadoop-ozone/integration-test/target/test-dir/MiniOzoneClusterImpl-a89f51d4-237d-44f8-8386-a6bae3bff50d/datanode-0/data/ratis/82c8021f-3972-49d8-8c46-5057d2e818b1/in_use.lock acquired by nodename 3649@fv-az194-925
2022-11-10 07:08:35,008 [pool-190-thread-1] INFO  storage.RaftStorage (RaftStorageImpl.java:format(96)) - Storage directory /home/runner/work/ozone/ozone/hadoop-ozone/integration-test/target/test-dir/MiniOzoneClusterImpl-a89f51d4-237d-44f8-8386-a6bae3bff50d/datanode-0/data/ratis/82c8021f-3972-49d8-8c46-5057d2e818b1 has been successfully formatted.
2022-11-10 07:08:35,011 [EventQueue-OpenPipelineForHealthyPipelineSafeModeRule] INFO  safemode.SCMSafeModeManager (HealthyPipelineSafeModeRule.java:process(137)) - SCM in safe mode. Healthy pipelines reported count is 0, required healthy pipeline reported count is 1
2022-11-10 07:08:35,012 [EventQueue-OpenPipelineForHealthyPipelineSafeModeRule] INFO  safemode.SCMSafeModeManager (HealthyPipelineSafeModeRule.java:process(137)) - SCM in safe mode. Healthy pipelines reported count is 0, required healthy pipeline reported count is 1
2022-11-10 07:08:35,012 [EventQueue-OpenPipelineForHealthyPipelineSafeModeRule] INFO  safemode.SCMSafeModeManager (HealthyPipelineSafeModeRule.java:process(137)) - SCM in safe mode. Healthy pipelines reported count is 0, required healthy pipeline reported count is 1
2022-11-10 07:08:35,013 [pool-190-thread-1] INFO  ratis.ContainerStateMachine (ContainerStateMachine.java:loadSnapshot(236)) - group-5057D2E818B1: The snapshot info is null. Setting the last applied indexto:(t:0, i:~)
2022-11-10 07:08:35,013 [pool-190-thread-1] INFO  server.RaftServerConfigKeys (ConfUtils.java:logGet(46)) - raft.server.log.use.memory = false (default)
2022-11-10 07:08:35,013 [pool-190-thread-1] INFO  server.RaftServerConfigKeys (ConfUtils.java:logGet(46)) - raft.server.log.purge.gap = 1000000 (custom)
2022-11-10 07:08:35,013 [pool-190-thread-1] INFO  server.RaftServerConfigKeys (ConfUtils.java:logGet(46)) - raft.server.log.appender.buffer.byte-limit = 33554432 (custom)
2022-11-10 07:08:35,013 [pool-190-thread-1] INFO  server.RaftServerConfigKeys (ConfUtils.java:logGet(46)) - raft.server.log.statemachine.data.read.timeout = 1000ms (default)
2022-11-10 07:08:35,013 [pool-190-thread-1] INFO  server.RaftServerConfigKeys (ConfUtils.java:logGet(46)) - raft.server.log.purge.preservation.log.num = 0 (default)
2022-11-10 07:08:35,013 [pool-190-thread-1] INFO  server.RaftServerConfigKeys (ConfUtils.java:logGet(46)) - raft.server.log.segment.size.max = 1048576 (custom)
2022-11-10 07:08:35,013 [pool-190-thread-1] INFO  server.RaftServerConfigKeys (ConfUtils.java:logGet(46)) - raft.server.log.segment.cache.num.max = 2 (custom)
2022-11-10 07:08:35,014 [pool-190-thread-1] INFO  server.RaftServerConfigKeys (ConfUtils.java:logGet(46)) - raft.server.log.segment.cache.size.max = 200MB (=209715200) (default)
2022-11-10 07:08:35,014 [pool-190-thread-1] INFO  segmented.SegmentedRaftLogWorker (SegmentedRaftLogWorker.java:<init>(191)) - new e793aa28-cf77-4971-8074-fcdd8288c5ce@group-5057D2E818B1-SegmentedRaftLogWorker for RaftStorageImpl:Storage Directory /home/runner/work/ozone/ozone/hadoop-ozone/integration-test/target/test-dir/MiniOzoneClusterImpl-a89f51d4-237d-44f8-8386-a6bae3bff50d/datanode-0/data/ratis/82c8021f-3972-49d8-8c46-5057d2e818b1
2022-11-10 07:08:35,015 [pool-190-thread-1] INFO  server.RaftServerConfigKeys (ConfUtils.java:logGet(46)) - raft.server.log.queue.byte-limit = 4294967296 (custom)
2022-11-10 07:08:35,015 [pool-190-thread-1] INFO  server.RaftServerConfigKeys (ConfUtils.java:logGet(46)) - raft.server.log.queue.element-limit = 1024 (custom)
2022-11-10 07:08:35,015 [pool-190-thread-1] INFO  server.RaftServerConfigKeys (ConfUtils.java:logGet(46)) - raft.server.log.segment.size.max = 1048576 (custom)
2022-11-10 07:08:35,015 [pool-190-thread-1] INFO  server.RaftServerConfigKeys (ConfUtils.java:logGet(46)) - raft.server.log.preallocated.size = 16384 (custom)
2022-11-10 07:08:35,015 [pool-190-thread-1] INFO  server.RaftServerConfigKeys (ConfUtils.java:logGet(46)) - raft.server.log.force.sync.num = 128 (default)
2022-11-10 07:08:35,016 [pool-190-thread-1] INFO  server.RaftServerConfigKeys (ConfUtils.java:logGet(46)) - raft.server.log.statemachine.data.sync = true (default)
2022-11-10 07:08:35,016 [pool-190-thread-1] INFO  server.RaftServerConfigKeys (ConfUtils.java:logGet(46)) - raft.server.log.statemachine.data.sync.timeout = 10s (default)
2022-11-10 07:08:35,016 [pool-190-thread-1] INFO  server.RaftServerConfigKeys (ConfUtils.java:logGet(46)) - raft.server.log.statemachine.data.sync.timeout.retry = -1 (default)
2022-11-10 07:08:35,018 [pool-190-thread-1] INFO  server.RaftServerConfigKeys (ConfUtils.java:logGet(46)) - raft.server.log.write.buffer.size = 1048576 (custom)
2022-11-10 07:08:35,019 [pool-190-thread-1] INFO  server.RaftServerConfigKeys (ConfUtils.java:logGet(46)) - raft.server.log.unsafe-flush.enabled = false (default)
2022-11-10 07:08:35,019 [pool-190-thread-1] INFO  server.RaftServerConfigKeys (ConfUtils.java:logGet(46)) - raft.server.log.async-flush.enabled = false (default)
2022-11-10 07:08:35,019 [pool-190-thread-1] INFO  server.RaftServerConfigKeys (ConfUtils.java:logGet(46)) - raft.server.log.statemachine.data.caching.enabled = true (custom)
2022-11-10 07:08:35,019 [pool-190-thread-1] INFO  segmented.SegmentedRaftLogWorker (SegmentedRaftLogWorker.java:lambda$new$0(136)) - e793aa28-cf77-4971-8074-fcdd8288c5ce@group-5057D2E818B1-SegmentedRaftLogWorker: flushIndex: setUnconditionally 0 -> -1
2022-11-10 07:08:35,019 [pool-190-thread-1] INFO  segmented.SegmentedRaftLogWorker (SegmentedRaftLogWorker.java:lambda$new$0(136)) - e793aa28-cf77-4971-8074-fcdd8288c5ce@group-5057D2E818B1-SegmentedRaftLogWorker: safeCacheEvictIndex: setUnconditionally 0 -> -1
2022-11-10 07:08:35,025 [pool-190-thread-1] INFO  server.RaftServer$Division (RaftServerImpl.java:start(334)) - e793aa28-cf77-4971-8074-fcdd8288c5ce@group-5057D2E818B1: start as a follower, conf=-1: peers:[e793aa28-cf77-4971-8074-fcdd8288c5ce|rpc:127.0.0.1:36847|priority:1|startupRole:FOLLOWER, 7b1182b7-d54c-44fb-86ea-7d58e998a9db|rpc:127.0.0.1:34927|priority:0|startupRole:FOLLOWER, b187db32-a43b-4ea5-9e1b-16734133a38f|rpc:127.0.0.1:40995|priority:0|startupRole:FOLLOWER]|listeners:[], old=null
2022-11-10 07:08:35,025 [pool-190-thread-1] INFO  server.RaftServer$Division (RaftServerImpl.java:setRole(321)) - e793aa28-cf77-4971-8074-fcdd8288c5ce@group-5057D2E818B1: changes role from      null to FOLLOWER at term 0 for startAsFollower
2022-11-10 07:08:35,025 [pool-190-thread-1] INFO  impl.RoleInfo (RoleInfo.java:updateAndGet(139)) - e793aa28-cf77-4971-8074-fcdd8288c5ce: start e793aa28-cf77-4971-8074-fcdd8288c5ce@group-5057D2E818B1-FollowerState
2022-11-10 07:08:35,029 [pool-190-thread-1] INFO  util.JmxRegister (JmxRegister.java:tryRegister(44)) - Successfully registered JMX Bean with object name Ratis:service=RaftServer,group=group-5057D2E818B1,id=e793aa28-cf77-4971-8074-fcdd8288c5ce
2022-11-10 07:08:35,029 [pool-190-thread-1] INFO  server.RaftServerConfigKeys (ConfUtils.java:logGet(46)) - raft.server.snapshot.auto.trigger.enabled = true (custom)
2022-11-10 07:08:35,029 [pool-190-thread-1] INFO  server.RaftServerConfigKeys (ConfUtils.java:logGet(46)) - raft.server.snapshot.auto.trigger.threshold = 10000 (custom)
2022-11-10 07:08:35,029 [pool-190-thread-1] INFO  server.RaftServerConfigKeys (ConfUtils.java:logGet(46)) - raft.server.snapshot.retention.file.num = 5 (custom)
2022-11-10 07:08:35,029 [pool-190-thread-1] INFO  server.RaftServerConfigKeys (ConfUtils.java:logGet(46)) - raft.server.log.purge.upto.snapshot.index = false (default)
2022-11-10 07:08:35,030 [e793aa28-cf77-4971-8074-fcdd8288c5ce@group-5057D2E818B1-FollowerState] INFO  server.RaftServerConfigKeys (ConfUtils.java:logFallback(53)) - raft.server.rpc.first-election.timeout.min = 5s (fallback to raft.server.rpc.timeout.min)
2022-11-10 07:08:35,030 [e793aa28-cf77-4971-8074-fcdd8288c5ce@group-5057D2E818B1-FollowerState] INFO  server.RaftServerConfigKeys (ConfUtils.java:logFallback(53)) - raft.server.rpc.first-election.timeout.max = 5200ms (fallback to raft.server.rpc.timeout.max)
2022-11-10 07:08:35,032 [Command processor thread] INFO  ratis.XceiverServerRatis (XceiverServerRatis.java:addGroup(765)) - Created group PipelineID=82c8021f-3972-49d8-8c46-5057d2e818b1
2022-11-10 07:08:35,044 [grpc-default-executor-5] INFO  server.RaftServer (RaftServerProxy.java:addNew(96)) - 7b1182b7-d54c-44fb-86ea-7d58e998a9db: addNew group-5057D2E818B1:[e793aa28-cf77-4971-8074-fcdd8288c5ce|rpc:127.0.0.1:36847|dataStream:|priority:1|startupRole:FOLLOWER, 7b1182b7-d54c-44fb-86ea-7d58e998a9db|rpc:127.0.0.1:34927|dataStream:|priority:0|startupRole:FOLLOWER, b187db32-a43b-4ea5-9e1b-16734133a38f|rpc:127.0.0.1:40995|dataStream:|priority:0|startupRole:FOLLOWER] returns group-5057D2E818B1:java.util.concurrent.CompletableFuture@24d6667f[Not completed]
2022-11-10 07:08:35,044 [pool-215-thread-1] INFO  server.RaftServer$Division (RaftServerImpl.java:<init>(195)) - 7b1182b7-d54c-44fb-86ea-7d58e998a9db: new RaftServerImpl for group-5057D2E818B1:[e793aa28-cf77-4971-8074-fcdd8288c5ce|rpc:127.0.0.1:36847|dataStream:|priority:1|startupRole:FOLLOWER, 7b1182b7-d54c-44fb-86ea-7d58e998a9db|rpc:127.0.0.1:34927|dataStream:|priority:0|startupRole:FOLLOWER, b187db32-a43b-4ea5-9e1b-16734133a38f|rpc:127.0.0.1:40995|dataStream:|priority:0|startupRole:FOLLOWER] with ContainerStateMachine:uninitialized
2022-11-10 07:08:35,045 [pool-215-thread-1] INFO  server.RaftServerConfigKeys (ConfUtils.java:logGet(46)) - raft.server.rpc.timeout.min = 5s (custom)
2022-11-10 07:08:35,045 [pool-215-thread-1] INFO  server.RaftServerConfigKeys (ConfUtils.java:logGet(46)) - raft.server.rpc.timeout.max = 5200ms (custom)
2022-11-10 07:08:35,045 [pool-215-thread-1] INFO  server.RaftServerConfigKeys (ConfUtils.java:logGet(46)) - raft.server.rpc.sleep.time = 25ms (default)
2022-11-10 07:08:35,045 [pool-215-thread-1] INFO  server.RaftServerConfigKeys (ConfUtils.java:logGet(46)) - raft.server.rpc.slowness.timeout = 300s (custom)
2022-11-10 07:08:35,045 [pool-215-thread-1] INFO  server.RaftServerConfigKeys (ConfUtils.java:logGet(46)) - raft.server.leaderelection.leader.step-down.wait-time = 10s (default)
2022-11-10 07:08:35,045 [pool-215-thread-1] INFO  server.RaftServerConfigKeys (ConfUtils.java:logGet(46)) - raft.server.sleep.deviation.threshold = 300ms (default)
2022-11-10 07:08:35,045 [pool-215-thread-1] INFO  server.RaftServer$Division (ServerState.java:<init>(118)) - 7b1182b7-d54c-44fb-86ea-7d58e998a9db@group-5057D2E818B1: ConfigurationManager, init=-1: peers:[e793aa28-cf77-4971-8074-fcdd8288c5ce|rpc:127.0.0.1:36847|dataStream:|priority:1|startupRole:FOLLOWER, 7b1182b7-d54c-44fb-86ea-7d58e998a9db|rpc:127.0.0.1:34927|dataStream:|priority:0|startupRole:FOLLOWER, b187db32-a43b-4ea5-9e1b-16734133a38f|rpc:127.0.0.1:40995|dataStream:|priority:0|startupRole:FOLLOWER]|listeners:[], old=null, confs=<EMPTY_MAP>
2022-11-10 07:08:35,045 [pool-215-thread-1] INFO  server.RaftServerConfigKeys (ConfUtils.java:logGet(46)) - raft.server.storage.dir = [/home/runner/work/ozone/ozone/hadoop-ozone/integration-test/target/test-dir/MiniOzoneClusterImpl-a89f51d4-237d-44f8-8386-a6bae3bff50d/datanode-1/data/ratis] (custom)
2022-11-10 07:08:35,045 [pool-215-thread-1] INFO  server.RaftServerConfigKeys (ConfUtils.java:logGet(46)) - raft.server.log.corruption.policy = EXCEPTION (default)
2022-11-10 07:08:35,045 [pool-215-thread-1] INFO  server.RaftServerConfigKeys (ConfUtils.java:logGet(46)) - raft.server.storage.free-space.min = 0MB (=0) (default)
2022-11-10 07:08:35,045 [pool-215-thread-1] INFO  server.RaftServerConfigKeys (ConfUtils.java:logGet(46)) - raft.server.notification.no-leader.timeout = 300s (custom)
2022-11-10 07:08:35,045 [pool-215-thread-1] INFO  server.RaftServerConfigKeys (ConfUtils.java:logGet(46)) - raft.server.retrycache.expirytime = 600000ms (custom)
2022-11-10 07:08:35,045 [pool-215-thread-1] INFO  server.RaftServerConfigKeys (ConfUtils.java:logGet(46)) - raft.server.retrycache.statistics.expirytime = 100μs (default)
2022-11-10 07:08:35,046 [pool-215-thread-1] INFO  server.RaftServerConfigKeys (ConfUtils.java:logGet(46)) - raft.server.log.appender.install.snapshot.enabled = false (custom)
2022-11-10 07:08:35,046 [pool-215-thread-1] INFO  server.RaftServerConfigKeys (ConfUtils.java:logGet(46)) - raft.server.threadpool.server.cached = true (default)
2022-11-10 07:08:35,046 [pool-215-thread-1] INFO  server.RaftServerConfigKeys (ConfUtils.java:logGet(46)) - raft.server.threadpool.server.size = 0 (default)
2022-11-10 07:08:35,046 [pool-215-thread-1] INFO  server.RaftServerConfigKeys (ConfUtils.java:logGet(46)) - raft.server.threadpool.client.cached = true (default)
2022-11-10 07:08:35,046 [pool-215-thread-1] INFO  server.RaftServerConfigKeys (ConfUtils.java:logGet(46)) - raft.server.threadpool.client.size = 0 (default)
2022-11-10 07:08:35,046 [pool-215-thread-1] INFO  storage.RaftStorageDirectory (RaftStorageDirectoryImpl.java:analyzeStorage(137)) - The storage directory /home/runner/work/ozone/ozone/hadoop-ozone/integration-test/target/test-dir/MiniOzoneClusterImpl-a89f51d4-237d-44f8-8386-a6bae3bff50d/datanode-1/data/ratis/82c8021f-3972-49d8-8c46-5057d2e818b1 does not exist. Creating ...
2022-11-10 07:08:35,047 [pool-215-thread-1] INFO  storage.RaftStorageDirectory (RaftStorageDirectoryImpl.java:tryLock(231)) - Lock on /home/runner/work/ozone/ozone/hadoop-ozone/integration-test/target/test-dir/MiniOzoneClusterImpl-a89f51d4-237d-44f8-8386-a6bae3bff50d/datanode-1/data/ratis/82c8021f-3972-49d8-8c46-5057d2e818b1/in_use.lock acquired by nodename 3649@fv-az194-925
2022-11-10 07:08:35,049 [pool-215-thread-1] INFO  storage.RaftStorage (RaftStorageImpl.java:format(96)) - Storage directory /home/runner/work/ozone/ozone/hadoop-ozone/integration-test/target/test-dir/MiniOzoneClusterImpl-a89f51d4-237d-44f8-8386-a6bae3bff50d/datanode-1/data/ratis/82c8021f-3972-49d8-8c46-5057d2e818b1 has been successfully formatted.
2022-11-10 07:08:35,049 [pool-215-thread-1] INFO  ratis.ContainerStateMachine (ContainerStateMachine.java:loadSnapshot(236)) - group-5057D2E818B1: The snapshot info is null. Setting the last applied indexto:(t:0, i:~)
2022-11-10 07:08:35,049 [pool-215-thread-1] INFO  server.RaftServerConfigKeys (ConfUtils.java:logGet(46)) - raft.server.log.use.memory = false (default)
2022-11-10 07:08:35,049 [pool-215-thread-1] INFO  server.RaftServerConfigKeys (ConfUtils.java:logGet(46)) - raft.server.log.purge.gap = 1000000 (custom)
2022-11-10 07:08:35,049 [pool-215-thread-1] INFO  server.RaftServerConfigKeys (ConfUtils.java:logGet(46)) - raft.server.log.appender.buffer.byte-limit = 33554432 (custom)
2022-11-10 07:08:35,049 [pool-215-thread-1] INFO  server.RaftServerConfigKeys (ConfUtils.java:logGet(46)) - raft.server.log.statemachine.data.read.timeout = 1000ms (default)
2022-11-10 07:08:35,049 [pool-215-thread-1] INFO  server.RaftServerConfigKeys (ConfUtils.java:logGet(46)) - raft.server.log.purge.preservation.log.num = 0 (default)
2022-11-10 07:08:35,050 [pool-215-thread-1] INFO  server.RaftServerConfigKeys (ConfUtils.java:logGet(46)) - raft.server.log.segment.size.max = 1048576 (custom)
2022-11-10 07:08:35,050 [pool-215-thread-1] INFO  server.RaftServerConfigKeys (ConfUtils.java:logGet(46)) - raft.server.log.segment.cache.num.max = 2 (custom)
2022-11-10 07:08:35,053 [pool-215-thread-1] INFO  server.RaftServerConfigKeys (ConfUtils.java:logGet(46)) - raft.server.log.segment.cache.size.max = 200MB (=209715200) (default)
2022-11-10 07:08:35,053 [pool-215-thread-1] INFO  segmented.SegmentedRaftLogWorker (SegmentedRaftLogWorker.java:<init>(191)) - new 7b1182b7-d54c-44fb-86ea-7d58e998a9db@group-5057D2E818B1-SegmentedRaftLogWorker for RaftStorageImpl:Storage Directory /home/runner/work/ozone/ozone/hadoop-ozone/integration-test/target/test-dir/MiniOzoneClusterImpl-a89f51d4-237d-44f8-8386-a6bae3bff50d/datanode-1/data/ratis/82c8021f-3972-49d8-8c46-5057d2e818b1
2022-11-10 07:08:35,053 [pool-215-thread-1] INFO  server.RaftServerConfigKeys (ConfUtils.java:logGet(46)) - raft.server.log.queue.byte-limit = 4294967296 (custom)
2022-11-10 07:08:35,053 [pool-215-thread-1] INFO  server.RaftServerConfigKeys (ConfUtils.java:logGet(46)) - raft.server.log.queue.element-limit = 1024 (custom)
2022-11-10 07:08:35,053 [pool-215-thread-1] INFO  server.RaftServerConfigKeys (ConfUtils.java:logGet(46)) - raft.server.log.segment.size.max = 1048576 (custom)
2022-11-10 07:08:35,053 [pool-215-thread-1] INFO  server.RaftServerConfigKeys (ConfUtils.java:logGet(46)) - raft.server.log.preallocated.size = 16384 (custom)
2022-11-10 07:08:35,054 [pool-215-thread-1] INFO  server.RaftServerConfigKeys (ConfUtils.java:logGet(46)) - raft.server.log.force.sync.num = 128 (default)
2022-11-10 07:08:35,054 [pool-215-thread-1] INFO  server.RaftServerConfigKeys (ConfUtils.java:logGet(46)) - raft.server.log.statemachine.data.sync = true (default)
2022-11-10 07:08:35,054 [pool-215-thread-1] INFO  server.RaftServerConfigKeys (ConfUtils.java:logGet(46)) - raft.server.log.statemachine.data.sync.timeout = 10s (default)
2022-11-10 07:08:35,054 [pool-215-thread-1] INFO  server.RaftServerConfigKeys (ConfUtils.java:logGet(46)) - raft.server.log.statemachine.data.sync.timeout.retry = -1 (default)
2022-11-10 07:08:35,054 [pool-215-thread-1] INFO  server.RaftServerConfigKeys (ConfUtils.java:logGet(46)) - raft.server.log.write.buffer.size = 1048576 (custom)
2022-11-10 07:08:35,055 [pool-215-thread-1] INFO  server.RaftServerConfigKeys (ConfUtils.java:logGet(46)) - raft.server.log.unsafe-flush.enabled = false (default)
2022-11-10 07:08:35,055 [pool-215-thread-1] INFO  server.RaftServerConfigKeys (ConfUtils.java:logGet(46)) - raft.server.log.async-flush.enabled = false (default)
2022-11-10 07:08:35,055 [pool-215-thread-1] INFO  server.RaftServerConfigKeys (ConfUtils.java:logGet(46)) - raft.server.log.statemachine.data.caching.enabled = true (custom)
2022-11-10 07:08:35,056 [pool-215-thread-1] INFO  segmented.SegmentedRaftLogWorker (SegmentedRaftLogWorker.java:lambda$new$0(136)) - 7b1182b7-d54c-44fb-86ea-7d58e998a9db@group-5057D2E818B1-SegmentedRaftLogWorker: flushIndex: setUnconditionally 0 -> -1
2022-11-10 07:08:35,056 [pool-215-thread-1] INFO  segmented.SegmentedRaftLogWorker (SegmentedRaftLogWorker.java:lambda$new$0(136)) - 7b1182b7-d54c-44fb-86ea-7d58e998a9db@group-5057D2E818B1-SegmentedRaftLogWorker: safeCacheEvictIndex: setUnconditionally 0 -> -1
2022-11-10 07:08:35,057 [pool-215-thread-1] INFO  server.RaftServer$Division (RaftServerImpl.java:start(334)) - 7b1182b7-d54c-44fb-86ea-7d58e998a9db@group-5057D2E818B1: start as a follower, conf=-1: peers:[e793aa28-cf77-4971-8074-fcdd8288c5ce|rpc:127.0.0.1:36847|dataStream:|priority:1|startupRole:FOLLOWER, 7b1182b7-d54c-44fb-86ea-7d58e998a9db|rpc:127.0.0.1:34927|dataStream:|priority:0|startupRole:FOLLOWER, b187db32-a43b-4ea5-9e1b-16734133a38f|rpc:127.0.0.1:40995|dataStream:|priority:0|startupRole:FOLLOWER]|listeners:[], old=null
2022-11-10 07:08:35,058 [pool-215-thread-1] INFO  server.RaftServer$Division (RaftServerImpl.java:setRole(321)) - 7b1182b7-d54c-44fb-86ea-7d58e998a9db@group-5057D2E818B1: changes role from      null to FOLLOWER at term 0 for startAsFollower
2022-11-10 07:08:35,058 [pool-215-thread-1] INFO  impl.RoleInfo (RoleInfo.java:updateAndGet(139)) - 7b1182b7-d54c-44fb-86ea-7d58e998a9db: start 7b1182b7-d54c-44fb-86ea-7d58e998a9db@group-5057D2E818B1-FollowerState
2022-11-10 07:08:35,058 [pool-215-thread-1] INFO  util.JmxRegister (JmxRegister.java:tryRegister(44)) - Successfully registered JMX Bean with object name Ratis:service=RaftServer,group=group-5057D2E818B1,id=7b1182b7-d54c-44fb-86ea-7d58e998a9db
2022-11-10 07:08:35,058 [pool-215-thread-1] INFO  server.RaftServerConfigKeys (ConfUtils.java:logGet(46)) - raft.server.snapshot.auto.trigger.enabled = true (custom)
2022-11-10 07:08:35,058 [pool-215-thread-1] INFO  server.RaftServerConfigKeys (ConfUtils.java:logGet(46)) - raft.server.snapshot.auto.trigger.threshold = 10000 (custom)
2022-11-10 07:08:35,058 [pool-215-thread-1] INFO  server.RaftServerConfigKeys (ConfUtils.java:logGet(46)) - raft.server.snapshot.retention.file.num = 5 (custom)
2022-11-10 07:08:35,058 [pool-215-thread-1] INFO  server.RaftServerConfigKeys (ConfUtils.java:logGet(46)) - raft.server.log.purge.upto.snapshot.index = false (default)
2022-11-10 07:08:35,059 [7b1182b7-d54c-44fb-86ea-7d58e998a9db@group-5057D2E818B1-FollowerState] INFO  server.RaftServerConfigKeys (ConfUtils.java:logFallback(53)) - raft.server.rpc.first-election.timeout.min = 5s (fallback to raft.server.rpc.timeout.min)
2022-11-10 07:08:35,059 [7b1182b7-d54c-44fb-86ea-7d58e998a9db@group-5057D2E818B1-FollowerState] INFO  server.RaftServerConfigKeys (ConfUtils.java:logFallback(53)) - raft.server.rpc.first-election.timeout.max = 5200ms (fallback to raft.server.rpc.timeout.max)
2022-11-10 07:08:35,085 [grpc-default-executor-5] INFO  server.RaftServer (RaftServerProxy.java:addNew(96)) - b187db32-a43b-4ea5-9e1b-16734133a38f: addNew group-5057D2E818B1:[e793aa28-cf77-4971-8074-fcdd8288c5ce|rpc:127.0.0.1:36847|dataStream:|priority:1|startupRole:FOLLOWER, 7b1182b7-d54c-44fb-86ea-7d58e998a9db|rpc:127.0.0.1:34927|dataStream:|priority:0|startupRole:FOLLOWER, b187db32-a43b-4ea5-9e1b-16734133a38f|rpc:127.0.0.1:40995|dataStream:|priority:0|startupRole:FOLLOWER] returns group-5057D2E818B1:java.util.concurrent.CompletableFuture@13a67d4e[Not completed]
2022-11-10 07:08:35,086 [pool-240-thread-1] INFO  server.RaftServer$Division (RaftServerImpl.java:<init>(195)) - b187db32-a43b-4ea5-9e1b-16734133a38f: new RaftServerImpl for group-5057D2E818B1:[e793aa28-cf77-4971-8074-fcdd8288c5ce|rpc:127.0.0.1:36847|dataStream:|priority:1|startupRole:FOLLOWER, 7b1182b7-d54c-44fb-86ea-7d58e998a9db|rpc:127.0.0.1:34927|dataStream:|priority:0|startupRole:FOLLOWER, b187db32-a43b-4ea5-9e1b-16734133a38f|rpc:127.0.0.1:40995|dataStream:|priority:0|startupRole:FOLLOWER] with ContainerStateMachine:uninitialized
2022-11-10 07:08:35,086 [pool-240-thread-1] INFO  server.RaftServerConfigKeys (ConfUtils.java:logGet(46)) - raft.server.rpc.timeout.min = 5s (custom)
2022-11-10 07:08:35,086 [pool-240-thread-1] INFO  server.RaftServerConfigKeys (ConfUtils.java:logGet(46)) - raft.server.rpc.timeout.max = 5200ms (custom)
2022-11-10 07:08:35,086 [pool-240-thread-1] INFO  server.RaftServerConfigKeys (ConfUtils.java:logGet(46)) - raft.server.rpc.sleep.time = 25ms (default)
2022-11-10 07:08:35,086 [pool-240-thread-1] INFO  server.RaftServerConfigKeys (ConfUtils.java:logGet(46)) - raft.server.rpc.slowness.timeout = 300s (custom)
2022-11-10 07:08:35,086 [pool-240-thread-1] INFO  server.RaftServerConfigKeys (ConfUtils.java:logGet(46)) - raft.server.leaderelection.leader.step-down.wait-time = 10s (default)
2022-11-10 07:08:35,087 [pool-240-thread-1] INFO  server.RaftServerConfigKeys (ConfUtils.java:logGet(46)) - raft.server.sleep.deviation.threshold = 300ms (default)
2022-11-10 07:08:35,087 [pool-240-thread-1] INFO  server.RaftServer$Division (ServerState.java:<init>(118)) - b187db32-a43b-4ea5-9e1b-16734133a38f@group-5057D2E818B1: ConfigurationManager, init=-1: peers:[e793aa28-cf77-4971-8074-fcdd8288c5ce|rpc:127.0.0.1:36847|dataStream:|priority:1|startupRole:FOLLOWER, 7b1182b7-d54c-44fb-86ea-7d58e998a9db|rpc:127.0.0.1:34927|dataStream:|priority:0|startupRole:FOLLOWER, b187db32-a43b-4ea5-9e1b-16734133a38f|rpc:127.0.0.1:40995|dataStream:|priority:0|startupRole:FOLLOWER]|listeners:[], old=null, confs=<EMPTY_MAP>
2022-11-10 07:08:35,087 [pool-240-thread-1] INFO  server.RaftServerConfigKeys (ConfUtils.java:logGet(46)) - raft.server.storage.dir = [/home/runner/work/ozone/ozone/hadoop-ozone/integration-test/target/test-dir/MiniOzoneClusterImpl-a89f51d4-237d-44f8-8386-a6bae3bff50d/datanode-2/data/ratis] (custom)
2022-11-10 07:08:35,087 [pool-240-thread-1] INFO  server.RaftServerConfigKeys (ConfUtils.java:logGet(46)) - raft.server.log.corruption.policy = EXCEPTION (default)
2022-11-10 07:08:35,087 [pool-240-thread-1] INFO  server.RaftServerConfigKeys (ConfUtils.java:logGet(46)) - raft.server.storage.free-space.min = 0MB (=0) (default)
2022-11-10 07:08:35,087 [pool-240-thread-1] INFO  server.RaftServerConfigKeys (ConfUtils.java:logGet(46)) - raft.server.notification.no-leader.timeout = 300s (custom)
2022-11-10 07:08:35,087 [pool-240-thread-1] INFO  server.RaftServerConfigKeys (ConfUtils.java:logGet(46)) - raft.server.retrycache.expirytime = 600000ms (custom)
2022-11-10 07:08:35,087 [pool-240-thread-1] INFO  server.RaftServerConfigKeys (ConfUtils.java:logGet(46)) - raft.server.retrycache.statistics.expirytime = 100μs (default)
2022-11-10 07:08:35,088 [pool-240-thread-1] INFO  server.RaftServerConfigKeys (ConfUtils.java:logGet(46)) - raft.server.log.appender.install.snapshot.enabled = false (custom)
2022-11-10 07:08:35,088 [pool-240-thread-1] INFO  server.RaftServerConfigKeys (ConfUtils.java:logGet(46)) - raft.server.threadpool.server.cached = true (default)
2022-11-10 07:08:35,088 [pool-240-thread-1] INFO  server.RaftServerConfigKeys (ConfUtils.java:logGet(46)) - raft.server.threadpool.server.size = 0 (default)
2022-11-10 07:08:35,088 [pool-240-thread-1] INFO  server.RaftServerConfigKeys (ConfUtils.java:logGet(46)) - raft.server.threadpool.client.cached = true (default)
2022-11-10 07:08:35,088 [pool-240-thread-1] INFO  server.RaftServerConfigKeys (ConfUtils.java:logGet(46)) - raft.server.threadpool.client.size = 0 (default)
2022-11-10 07:08:35,088 [pool-240-thread-1] INFO  storage.RaftStorageDirectory (RaftStorageDirectoryImpl.java:analyzeStorage(137)) - The storage directory /home/runner/work/ozone/ozone/hadoop-ozone/integration-test/target/test-dir/MiniOzoneClusterImpl-a89f51d4-237d-44f8-8386-a6bae3bff50d/datanode-2/data/ratis/82c8021f-3972-49d8-8c46-5057d2e818b1 does not exist. Creating ...
2022-11-10 07:08:35,089 [pool-240-thread-1] INFO  storage.RaftStorageDirectory (RaftStorageDirectoryImpl.java:tryLock(231)) - Lock on /home/runner/work/ozone/ozone/hadoop-ozone/integration-test/target/test-dir/MiniOzoneClusterImpl-a89f51d4-237d-44f8-8386-a6bae3bff50d/datanode-2/data/ratis/82c8021f-3972-49d8-8c46-5057d2e818b1/in_use.lock acquired by nodename 3649@fv-az194-925
2022-11-10 07:08:35,090 [pool-240-thread-1] INFO  storage.RaftStorage (RaftStorageImpl.java:format(96)) - Storage directory /home/runner/work/ozone/ozone/hadoop-ozone/integration-test/target/test-dir/MiniOzoneClusterImpl-a89f51d4-237d-44f8-8386-a6bae3bff50d/datanode-2/data/ratis/82c8021f-3972-49d8-8c46-5057d2e818b1 has been successfully formatted.
2022-11-10 07:08:35,092 [pool-240-thread-1] INFO  ratis.ContainerStateMachine (ContainerStateMachine.java:loadSnapshot(236)) - group-5057D2E818B1: The snapshot info is null. Setting the last applied indexto:(t:0, i:~)
2022-11-10 07:08:35,092 [pool-240-thread-1] INFO  server.RaftServerConfigKeys (ConfUtils.java:logGet(46)) - raft.server.log.use.memory = false (default)
2022-11-10 07:08:35,092 [pool-240-thread-1] INFO  server.RaftServerConfigKeys (ConfUtils.java:logGet(46)) - raft.server.log.purge.gap = 1000000 (custom)
2022-11-10 07:08:35,092 [pool-240-thread-1] INFO  server.RaftServerConfigKeys (ConfUtils.java:logGet(46)) - raft.server.log.appender.buffer.byte-limit = 33554432 (custom)
2022-11-10 07:08:35,092 [pool-240-thread-1] INFO  server.RaftServerConfigKeys (ConfUtils.java:logGet(46)) - raft.server.log.statemachine.data.read.timeout = 1000ms (default)
2022-11-10 07:08:35,092 [pool-240-thread-1] INFO  server.RaftServerConfigKeys (ConfUtils.java:logGet(46)) - raft.server.log.purge.preservation.log.num = 0 (default)
2022-11-10 07:08:35,092 [pool-240-thread-1] INFO  server.RaftServerConfigKeys (ConfUtils.java:logGet(46)) - raft.server.log.segment.size.max = 1048576 (custom)
2022-11-10 07:08:35,094 [pool-240-thread-1] INFO  server.RaftServerConfigKeys (ConfUtils.java:logGet(46)) - raft.server.log.segment.cache.num.max = 2 (custom)
2022-11-10 07:08:35,094 [pool-240-thread-1] INFO  server.RaftServerConfigKeys (ConfUtils.java:logGet(46)) - raft.server.log.segment.cache.size.max = 200MB (=209715200) (default)
2022-11-10 07:08:35,094 [pool-240-thread-1] INFO  segmented.SegmentedRaftLogWorker (SegmentedRaftLogWorker.java:<init>(191)) - new b187db32-a43b-4ea5-9e1b-16734133a38f@group-5057D2E818B1-SegmentedRaftLogWorker for RaftStorageImpl:Storage Directory /home/runner/work/ozone/ozone/hadoop-ozone/integration-test/target/test-dir/MiniOzoneClusterImpl-a89f51d4-237d-44f8-8386-a6bae3bff50d/datanode-2/data/ratis/82c8021f-3972-49d8-8c46-5057d2e818b1
2022-11-10 07:08:35,094 [pool-240-thread-1] INFO  server.RaftServerConfigKeys (ConfUtils.java:logGet(46)) - raft.server.log.queue.byte-limit = 4294967296 (custom)
2022-11-10 07:08:35,094 [pool-240-thread-1] INFO  server.RaftServerConfigKeys (ConfUtils.java:logGet(46)) - raft.server.log.queue.element-limit = 1024 (custom)
2022-11-10 07:08:35,094 [pool-240-thread-1] INFO  server.RaftServerConfigKeys (ConfUtils.java:logGet(46)) - raft.server.log.segment.size.max = 1048576 (custom)
2022-11-10 07:08:35,094 [pool-240-thread-1] INFO  server.RaftServerConfigKeys (ConfUtils.java:logGet(46)) - raft.server.log.preallocated.size = 16384 (custom)
2022-11-10 07:08:35,094 [pool-240-thread-1] INFO  server.RaftServerConfigKeys (ConfUtils.java:logGet(46)) - raft.server.log.force.sync.num = 128 (default)
2022-11-10 07:08:35,094 [pool-240-thread-1] INFO  server.RaftServerConfigKeys (ConfUtils.java:logGet(46)) - raft.server.log.statemachine.data.sync = true (default)
2022-11-10 07:08:35,094 [pool-240-thread-1] INFO  server.RaftServerConfigKeys (ConfUtils.java:logGet(46)) - raft.server.log.statemachine.data.sync.timeout = 10s (default)
2022-11-10 07:08:35,094 [pool-240-thread-1] INFO  server.RaftServerConfigKeys (ConfUtils.java:logGet(46)) - raft.server.log.statemachine.data.sync.timeout.retry = -1 (default)
2022-11-10 07:08:35,095 [pool-240-thread-1] INFO  server.RaftServerConfigKeys (ConfUtils.java:logGet(46)) - raft.server.log.write.buffer.size = 1048576 (custom)
2022-11-10 07:08:35,096 [pool-240-thread-1] INFO  server.RaftServerConfigKeys (ConfUtils.java:logGet(46)) - raft.server.log.unsafe-flush.enabled = false (default)
2022-11-10 07:08:35,096 [pool-240-thread-1] INFO  server.RaftServerConfigKeys (ConfUtils.java:logGet(46)) - raft.server.log.async-flush.enabled = false (default)
2022-11-10 07:08:35,096 [pool-240-thread-1] INFO  server.RaftServerConfigKeys (ConfUtils.java:logGet(46)) - raft.server.log.statemachine.data.caching.enabled = true (custom)
2022-11-10 07:08:35,096 [pool-240-thread-1] INFO  segmented.SegmentedRaftLogWorker (SegmentedRaftLogWorker.java:lambda$new$0(136)) - b187db32-a43b-4ea5-9e1b-16734133a38f@group-5057D2E818B1-SegmentedRaftLogWorker: flushIndex: setUnconditionally 0 -> -1
2022-11-10 07:08:35,096 [pool-240-thread-1] INFO  segmented.SegmentedRaftLogWorker (SegmentedRaftLogWorker.java:lambda$new$0(136)) - b187db32-a43b-4ea5-9e1b-16734133a38f@group-5057D2E818B1-SegmentedRaftLogWorker: safeCacheEvictIndex: setUnconditionally 0 -> -1
2022-11-10 07:08:35,096 [pool-240-thread-1] INFO  server.RaftServer$Division (RaftServerImpl.java:start(334)) - b187db32-a43b-4ea5-9e1b-16734133a38f@group-5057D2E818B1: start as a follower, conf=-1: peers:[e793aa28-cf77-4971-8074-fcdd8288c5ce|rpc:127.0.0.1:36847|dataStream:|priority:1|startupRole:FOLLOWER, 7b1182b7-d54c-44fb-86ea-7d58e998a9db|rpc:127.0.0.1:34927|dataStream:|priority:0|startupRole:FOLLOWER, b187db32-a43b-4ea5-9e1b-16734133a38f|rpc:127.0.0.1:40995|dataStream:|priority:0|startupRole:FOLLOWER]|listeners:[], old=null
2022-11-10 07:08:35,096 [pool-240-thread-1] INFO  server.RaftServer$Division (RaftServerImpl.java:setRole(321)) - b187db32-a43b-4ea5-9e1b-16734133a38f@group-5057D2E818B1: changes role from      null to FOLLOWER at term 0 for startAsFollower
2022-11-10 07:08:35,096 [pool-240-thread-1] INFO  impl.RoleInfo (RoleInfo.java:updateAndGet(139)) - b187db32-a43b-4ea5-9e1b-16734133a38f: start b187db32-a43b-4ea5-9e1b-16734133a38f@group-5057D2E818B1-FollowerState
2022-11-10 07:08:35,100 [pool-240-thread-1] INFO  util.JmxRegister (JmxRegister.java:tryRegister(44)) - Successfully registered JMX Bean with object name Ratis:service=RaftServer,group=group-5057D2E818B1,id=b187db32-a43b-4ea5-9e1b-16734133a38f
2022-11-10 07:08:35,100 [pool-240-thread-1] INFO  server.RaftServerConfigKeys (ConfUtils.java:logGet(46)) - raft.server.snapshot.auto.trigger.enabled = true (custom)
2022-11-10 07:08:35,100 [pool-240-thread-1] INFO  server.RaftServerConfigKeys (ConfUtils.java:logGet(46)) - raft.server.snapshot.auto.trigger.threshold = 10000 (custom)
2022-11-10 07:08:35,100 [pool-240-thread-1] INFO  server.RaftServerConfigKeys (ConfUtils.java:logGet(46)) - raft.server.snapshot.retention.file.num = 5 (custom)
2022-11-10 07:08:35,100 [pool-240-thread-1] INFO  server.RaftServerConfigKeys (ConfUtils.java:logGet(46)) - raft.server.log.purge.upto.snapshot.index = false (default)
2022-11-10 07:08:35,100 [b187db32-a43b-4ea5-9e1b-16734133a38f@group-5057D2E818B1-FollowerState] INFO  server.RaftServerConfigKeys (ConfUtils.java:logFallback(53)) - raft.server.rpc.first-election.timeout.min = 5s (fallback to raft.server.rpc.timeout.min)
2022-11-10 07:08:35,101 [b187db32-a43b-4ea5-9e1b-16734133a38f@group-5057D2E818B1-FollowerState] INFO  server.RaftServerConfigKeys (ConfUtils.java:logFallback(53)) - raft.server.rpc.first-election.timeout.max = 5200ms (fallback to raft.server.rpc.timeout.max)
2022-11-10 07:08:35,119 [Command processor thread] INFO  commandhandler.CreatePipelineCommandHandler (CreatePipelineCommandHandler.java:handle(113)) - Created Pipeline RATIS THREE PipelineID=82c8021f-3972-49d8-8c46-5057d2e818b1.
2022-11-10 07:08:35,224 [Command processor thread] INFO  server.RaftServer (RaftServerProxy.java:addNew(96)) - 7b1182b7-d54c-44fb-86ea-7d58e998a9db: addNew group-4ADC2D483C6E:[7b1182b7-d54c-44fb-86ea-7d58e998a9db|rpc:127.0.0.1:34927|priority:1|startupRole:FOLLOWER] returns group-4ADC2D483C6E:java.util.concurrent.CompletableFuture@41bd28f6[Not completed]
2022-11-10 07:08:35,224 [pool-215-thread-1] INFO  server.RaftServer$Division (RaftServerImpl.java:<init>(195)) - 7b1182b7-d54c-44fb-86ea-7d58e998a9db: new RaftServerImpl for group-4ADC2D483C6E:[7b1182b7-d54c-44fb-86ea-7d58e998a9db|rpc:127.0.0.1:34927|priority:1|startupRole:FOLLOWER] with ContainerStateMachine:uninitialized
2022-11-10 07:08:35,225 [pool-215-thread-1] INFO  server.RaftServerConfigKeys (ConfUtils.java:logGet(46)) - raft.server.rpc.timeout.min = 5s (custom)
2022-11-10 07:08:35,225 [pool-215-thread-1] INFO  server.RaftServerConfigKeys (ConfUtils.java:logGet(46)) - raft.server.rpc.timeout.max = 5200ms (custom)
2022-11-10 07:08:35,225 [pool-215-thread-1] INFO  server.RaftServerConfigKeys (ConfUtils.java:logGet(46)) - raft.server.rpc.sleep.time = 25ms (default)
2022-11-10 07:08:35,225 [pool-215-thread-1] INFO  server.RaftServerConfigKeys (ConfUtils.java:logGet(46)) - raft.server.rpc.slowness.timeout = 300s (custom)
2022-11-10 07:08:35,225 [pool-215-thread-1] INFO  server.RaftServerConfigKeys (ConfUtils.java:logGet(46)) - raft.server.leaderelection.leader.step-down.wait-time = 10s (default)
2022-11-10 07:08:35,225 [pool-215-thread-1] INFO  server.RaftServerConfigKeys (ConfUtils.java:logGet(46)) - raft.server.sleep.deviation.threshold = 300ms (default)
2022-11-10 07:08:35,225 [pool-215-thread-1] INFO  server.RaftServer$Division (ServerState.java:<init>(118)) - 7b1182b7-d54c-44fb-86ea-7d58e998a9db@group-4ADC2D483C6E: ConfigurationManager, init=-1: peers:[7b1182b7-d54c-44fb-86ea-7d58e998a9db|rpc:127.0.0.1:34927|priority:1|startupRole:FOLLOWER]|listeners:[], old=null, confs=<EMPTY_MAP>
2022-11-10 07:08:35,225 [pool-215-thread-1] INFO  server.RaftServerConfigKeys (ConfUtils.java:logGet(46)) - raft.server.storage.dir = [/home/runner/work/ozone/ozone/hadoop-ozone/integration-test/target/test-dir/MiniOzoneClusterImpl-a89f51d4-237d-44f8-8386-a6bae3bff50d/datanode-1/data/ratis] (custom)
2022-11-10 07:08:35,225 [pool-215-thread-1] INFO  server.RaftServerConfigKeys (ConfUtils.java:logGet(46)) - raft.server.log.corruption.policy = EXCEPTION (default)
2022-11-10 07:08:35,225 [pool-215-thread-1] INFO  server.RaftServerConfigKeys (ConfUtils.java:logGet(46)) - raft.server.storage.free-space.min = 0MB (=0) (default)
2022-11-10 07:08:35,225 [pool-215-thread-1] INFO  server.RaftServerConfigKeys (ConfUtils.java:logGet(46)) - raft.server.notification.no-leader.timeout = 300s (custom)
2022-11-10 07:08:35,225 [pool-215-thread-1] INFO  server.RaftServerConfigKeys (ConfUtils.java:logGet(46)) - raft.server.retrycache.expirytime = 600000ms (custom)
2022-11-10 07:08:35,225 [pool-215-thread-1] INFO  server.RaftServerConfigKeys (ConfUtils.java:logGet(46)) - raft.server.retrycache.statistics.expirytime = 100μs (default)
2022-11-10 07:08:35,226 [pool-215-thread-1] INFO  server.RaftServerConfigKeys (ConfUtils.java:logGet(46)) - raft.server.log.appender.install.snapshot.enabled = false (custom)
2022-11-10 07:08:35,226 [pool-215-thread-1] INFO  server.RaftServerConfigKeys (ConfUtils.java:logGet(46)) - raft.server.threadpool.server.cached = true (default)
2022-11-10 07:08:35,226 [pool-215-thread-1] INFO  server.RaftServerConfigKeys (ConfUtils.java:logGet(46)) - raft.server.threadpool.server.size = 0 (default)
2022-11-10 07:08:35,226 [pool-215-thread-1] INFO  server.RaftServerConfigKeys (ConfUtils.java:logGet(46)) - raft.server.threadpool.client.cached = true (default)
2022-11-10 07:08:35,226 [pool-215-thread-1] INFO  server.RaftServerConfigKeys (ConfUtils.java:logGet(46)) - raft.server.threadpool.client.size = 0 (default)
2022-11-10 07:08:35,226 [pool-215-thread-1] INFO  storage.RaftStorageDirectory (RaftStorageDirectoryImpl.java:analyzeStorage(137)) - The storage directory /home/runner/work/ozone/ozone/hadoop-ozone/integration-test/target/test-dir/MiniOzoneClusterImpl-a89f51d4-237d-44f8-8386-a6bae3bff50d/datanode-1/data/ratis/4fe87e73-9939-47d3-83a9-4adc2d483c6e does not exist. Creating ...
2022-11-10 07:08:35,227 [pool-215-thread-1] INFO  storage.RaftStorageDirectory (RaftStorageDirectoryImpl.java:tryLock(231)) - Lock on /home/runner/work/ozone/ozone/hadoop-ozone/integration-test/target/test-dir/MiniOzoneClusterImpl-a89f51d4-237d-44f8-8386-a6bae3bff50d/datanode-1/data/ratis/4fe87e73-9939-47d3-83a9-4adc2d483c6e/in_use.lock acquired by nodename 3649@fv-az194-925
2022-11-10 07:08:35,229 [pool-215-thread-1] INFO  storage.RaftStorage (RaftStorageImpl.java:format(96)) - Storage directory /home/runner/work/ozone/ozone/hadoop-ozone/integration-test/target/test-dir/MiniOzoneClusterImpl-a89f51d4-237d-44f8-8386-a6bae3bff50d/datanode-1/data/ratis/4fe87e73-9939-47d3-83a9-4adc2d483c6e has been successfully formatted.
2022-11-10 07:08:35,229 [pool-215-thread-1] INFO  ratis.ContainerStateMachine (ContainerStateMachine.java:loadSnapshot(236)) - group-4ADC2D483C6E: The snapshot info is null. Setting the last applied indexto:(t:0, i:~)
2022-11-10 07:08:35,229 [pool-215-thread-1] INFO  server.RaftServerConfigKeys (ConfUtils.java:logGet(46)) - raft.server.log.use.memory = false (default)
2022-11-10 07:08:35,229 [pool-215-thread-1] INFO  server.RaftServerConfigKeys (ConfUtils.java:logGet(46)) - raft.server.log.purge.gap = 1000000 (custom)
2022-11-10 07:08:35,229 [pool-215-thread-1] INFO  server.RaftServerConfigKeys (ConfUtils.java:logGet(46)) - raft.server.log.appender.buffer.byte-limit = 33554432 (custom)
2022-11-10 07:08:35,229 [pool-215-thread-1] INFO  server.RaftServerConfigKeys (ConfUtils.java:logGet(46)) - raft.server.log.statemachine.data.read.timeout = 1000ms (default)
2022-11-10 07:08:35,229 [pool-215-thread-1] INFO  server.RaftServerConfigKeys (ConfUtils.java:logGet(46)) - raft.server.log.purge.preservation.log.num = 0 (default)
2022-11-10 07:08:35,229 [pool-215-thread-1] INFO  server.RaftServerConfigKeys (ConfUtils.java:logGet(46)) - raft.server.log.segment.size.max = 1048576 (custom)
2022-11-10 07:08:35,230 [pool-215-thread-1] INFO  server.RaftServerConfigKeys (ConfUtils.java:logGet(46)) - raft.server.log.segment.cache.num.max = 2 (custom)
2022-11-10 07:08:35,233 [EventQueue-PipelineReportForPipelineReportHandler] INFO  pipeline.PipelineManagerImpl (PipelineManagerImpl.java:openPipeline(367)) - Pipeline Pipeline[ Id: 4fe87e73-9939-47d3-83a9-4adc2d483c6e, Nodes: 7b1182b7-d54c-44fb-86ea-7d58e998a9db{ip: 127.0.0.1, host: localhost, ports: [REPLICATION=32951, RATIS=34927, RATIS_ADMIN=34927, RATIS_SERVER=34927, STANDALONE=42067], networkLocation: /default-rack, certSerialId: null, persistedOpState: IN_SERVICE, persistedOpStateExpiryEpochSec: 0}, ReplicationConfig: RATIS/ONE, State:ALLOCATED, leaderId:7b1182b7-d54c-44fb-86ea-7d58e998a9db, CreationTimestamp2022-11-10T07:08:32.233Z[Etc/UTC]] moved to OPEN state
2022-11-10 07:08:35,232 [EventQueue-PipelineReportForPipelineReportHandler] INFO  pipeline.PipelineManagerImpl (PipelineManagerImpl.java:openPipeline(367)) - Pipeline Pipeline[ Id: 4fe87e73-9939-47d3-83a9-4adc2d483c6e, Nodes: 7b1182b7-d54c-44fb-86ea-7d58e998a9db{ip: 127.0.0.1, host: localhost, ports: [REPLICATION=32951, RATIS=34927, RATIS_ADMIN=34927, RATIS_SERVER=34927, STANDALONE=42067], networkLocation: /default-rack, certSerialId: null, persistedOpState: IN_SERVICE, persistedOpStateExpiryEpochSec: 0}, ReplicationConfig: RATIS/ONE, State:ALLOCATED, leaderId:7b1182b7-d54c-44fb-86ea-7d58e998a9db, CreationTimestamp2022-11-10T07:08:32.233Z[Etc/UTC]] moved to OPEN state
2022-11-10 07:08:35,231 [EventQueue-PipelineReportForPipelineReportHandler] INFO  pipeline.PipelineManagerImpl (PipelineManagerImpl.java:openPipeline(367)) - Pipeline Pipeline[ Id: 4fe87e73-9939-47d3-83a9-4adc2d483c6e, Nodes: 7b1182b7-d54c-44fb-86ea-7d58e998a9db{ip: 127.0.0.1, host: localhost, ports: [REPLICATION=32951, RATIS=34927, RATIS_ADMIN=34927, RATIS_SERVER=34927, STANDALONE=42067], networkLocation: /default-rack, certSerialId: null, persistedOpState: IN_SERVICE, persistedOpStateExpiryEpochSec: 0}, ReplicationConfig: RATIS/ONE, State:ALLOCATED, leaderId:7b1182b7-d54c-44fb-86ea-7d58e998a9db, CreationTimestamp2022-11-10T07:08:32.233Z[Etc/UTC]] moved to OPEN state
2022-11-10 07:08:35,235 [pool-215-thread-1] INFO  server.RaftServerConfigKeys (ConfUtils.java:logGet(46)) - raft.server.log.segment.cache.size.max = 200MB (=209715200) (default)
2022-11-10 07:08:35,235 [pool-215-thread-1] INFO  segmented.SegmentedRaftLogWorker (SegmentedRaftLogWorker.java:<init>(191)) - new 7b1182b7-d54c-44fb-86ea-7d58e998a9db@group-4ADC2D483C6E-SegmentedRaftLogWorker for RaftStorageImpl:Storage Directory /home/runner/work/ozone/ozone/hadoop-ozone/integration-test/target/test-dir/MiniOzoneClusterImpl-a89f51d4-237d-44f8-8386-a6bae3bff50d/datanode-1/data/ratis/4fe87e73-9939-47d3-83a9-4adc2d483c6e
2022-11-10 07:08:35,235 [pool-215-thread-1] INFO  server.RaftServerConfigKeys (ConfUtils.java:logGet(46)) - raft.server.log.queue.byte-limit = 4294967296 (custom)
2022-11-10 07:08:35,235 [pool-215-thread-1] INFO  server.RaftServerConfigKeys (ConfUtils.java:logGet(46)) - raft.server.log.queue.element-limit = 1024 (custom)
2022-11-10 07:08:35,235 [pool-215-thread-1] INFO  server.RaftServerConfigKeys (ConfUtils.java:logGet(46)) - raft.server.log.segment.size.max = 1048576 (custom)
2022-11-10 07:08:35,235 [pool-215-thread-1] INFO  server.RaftServerConfigKeys (ConfUtils.java:logGet(46)) - raft.server.log.preallocated.size = 16384 (custom)
2022-11-10 07:08:35,235 [pool-215-thread-1] INFO  server.RaftServerConfigKeys (ConfUtils.java:logGet(46)) - raft.server.log.force.sync.num = 128 (default)
2022-11-10 07:08:35,235 [pool-215-thread-1] INFO  server.RaftServerConfigKeys (ConfUtils.java:logGet(46)) - raft.server.log.statemachine.data.sync = true (default)
2022-11-10 07:08:35,235 [pool-215-thread-1] INFO  server.RaftServerConfigKeys (ConfUtils.java:logGet(46)) - raft.server.log.statemachine.data.sync.timeout = 10s (default)
2022-11-10 07:08:35,235 [pool-215-thread-1] INFO  server.RaftServerConfigKeys (ConfUtils.java:logGet(46)) - raft.server.log.statemachine.data.sync.timeout.retry = -1 (default)
2022-11-10 07:08:35,237 [c8e5d44d-3ae5-47f4-8fed-77a3ea3a3924@group-A6BAE3BFF50D-StateMachineUpdater] INFO  safemode.HealthyPipelineSafeModeRule (HealthyPipelineSafeModeRule.java:initializeRule(165)) - Refreshed total pipeline count is 0, healthy pipeline threshold count is 1
2022-11-10 07:08:35,238 [pool-215-thread-1] INFO  server.RaftServerConfigKeys (ConfUtils.java:logGet(46)) - raft.server.log.write.buffer.size = 1048576 (custom)
2022-11-10 07:08:35,238 [EventQueue-OpenPipelineForHealthyPipelineSafeModeRule] INFO  safemode.SCMSafeModeManager (HealthyPipelineSafeModeRule.java:process(137)) - SCM in safe mode. Healthy pipelines reported count is 0, required healthy pipeline reported count is 1
2022-11-10 07:08:35,238 [pool-215-thread-1] INFO  server.RaftServerConfigKeys (ConfUtils.java:logGet(46)) - raft.server.log.unsafe-flush.enabled = false (default)
2022-11-10 07:08:35,238 [pool-215-thread-1] INFO  server.RaftServerConfigKeys (ConfUtils.java:logGet(46)) - raft.server.log.async-flush.enabled = false (default)
2022-11-10 07:08:35,238 [pool-215-thread-1] INFO  server.RaftServerConfigKeys (ConfUtils.java:logGet(46)) - raft.server.log.statemachine.data.caching.enabled = true (custom)
2022-11-10 07:08:35,238 [pool-215-thread-1] INFO  segmented.SegmentedRaftLogWorker (SegmentedRaftLogWorker.java:lambda$new$0(136)) - 7b1182b7-d54c-44fb-86ea-7d58e998a9db@group-4ADC2D483C6E-SegmentedRaftLogWorker: flushIndex: setUnconditionally 0 -> -1
2022-11-10 07:08:35,239 [pool-215-thread-1] INFO  segmented.SegmentedRaftLogWorker (SegmentedRaftLogWorker.java:lambda$new$0(136)) - 7b1182b7-d54c-44fb-86ea-7d58e998a9db@group-4ADC2D483C6E-SegmentedRaftLogWorker: safeCacheEvictIndex: setUnconditionally 0 -> -1
2022-11-10 07:08:35,239 [4ed76112-e62d-4ca7-a346-3bf242109c33@group-A6BAE3BFF50D-StateMachineUpdater] INFO  safemode.HealthyPipelineSafeModeRule (HealthyPipelineSafeModeRule.java:initializeRule(165)) - Refreshed total pipeline count is 0, healthy pipeline threshold count is 1
2022-11-10 07:08:35,239 [db4da669-e495-4258-8ed5-d8ca382bca0e@group-A6BAE3BFF50D-StateMachineUpdater] INFO  safemode.HealthyPipelineSafeModeRule (HealthyPipelineSafeModeRule.java:initializeRule(165)) - Refreshed total pipeline count is 0, healthy pipeline threshold count is 1
2022-11-10 07:08:35,241 [pool-215-thread-1] INFO  server.RaftServer$Division (RaftServerImpl.java:start(334)) - 7b1182b7-d54c-44fb-86ea-7d58e998a9db@group-4ADC2D483C6E: start as a follower, conf=-1: peers:[7b1182b7-d54c-44fb-86ea-7d58e998a9db|rpc:127.0.0.1:34927|priority:1|startupRole:FOLLOWER]|listeners:[], old=null
2022-11-10 07:08:35,241 [pool-215-thread-1] INFO  server.RaftServer$Division (RaftServerImpl.java:setRole(321)) - 7b1182b7-d54c-44fb-86ea-7d58e998a9db@group-4ADC2D483C6E: changes role from      null to FOLLOWER at term 0 for startAsFollower
2022-11-10 07:08:35,241 [pool-215-thread-1] INFO  impl.RoleInfo (RoleInfo.java:updateAndGet(139)) - 7b1182b7-d54c-44fb-86ea-7d58e998a9db: start 7b1182b7-d54c-44fb-86ea-7d58e998a9db@group-4ADC2D483C6E-FollowerState
2022-11-10 07:08:35,242 [pool-215-thread-1] INFO  util.JmxRegister (JmxRegister.java:tryRegister(44)) - Successfully registered JMX Bean with object name Ratis:service=RaftServer,group=group-4ADC2D483C6E,id=7b1182b7-d54c-44fb-86ea-7d58e998a9db
2022-11-10 07:08:35,242 [7b1182b7-d54c-44fb-86ea-7d58e998a9db@group-4ADC2D483C6E-FollowerState] INFO  server.RaftServerConfigKeys (ConfUtils.java:logFallback(53)) - raft.server.rpc.first-election.timeout.min = 5s (fallback to raft.server.rpc.timeout.min)
2022-11-10 07:08:35,242 [7b1182b7-d54c-44fb-86ea-7d58e998a9db@group-4ADC2D483C6E-FollowerState] INFO  server.RaftServerConfigKeys (ConfUtils.java:logFallback(53)) - raft.server.rpc.first-election.timeout.max = 5200ms (fallback to raft.server.rpc.timeout.max)
2022-11-10 07:08:35,242 [pool-215-thread-1] INFO  server.RaftServerConfigKeys (ConfUtils.java:logGet(46)) - raft.server.snapshot.auto.trigger.enabled = true (custom)
2022-11-10 07:08:35,242 [pool-215-thread-1] INFO  server.RaftServerConfigKeys (ConfUtils.java:logGet(46)) - raft.server.snapshot.auto.trigger.threshold = 10000 (custom)
2022-11-10 07:08:35,242 [pool-215-thread-1] INFO  server.RaftServerConfigKeys (ConfUtils.java:logGet(46)) - raft.server.snapshot.retention.file.num = 5 (custom)
2022-11-10 07:08:35,242 [pool-215-thread-1] INFO  server.RaftServerConfigKeys (ConfUtils.java:logGet(46)) - raft.server.log.purge.upto.snapshot.index = false (default)
2022-11-10 07:08:35,243 [Command processor thread] INFO  ratis.XceiverServerRatis (XceiverServerRatis.java:addGroup(765)) - Created group PipelineID=4fe87e73-9939-47d3-83a9-4adc2d483c6e
2022-11-10 07:08:35,243 [Command processor thread] INFO  commandhandler.CreatePipelineCommandHandler (CreatePipelineCommandHandler.java:handle(113)) - Created Pipeline RATIS ONE PipelineID=4fe87e73-9939-47d3-83a9-4adc2d483c6e.
2022-11-10 07:08:35,532 [Listener at 127.0.0.1/40377] INFO  ozone.MiniOzoneClusterImpl (MiniOzoneClusterImpl.java:lambda$waitForClusterToBeReady$0(216)) - Nodes are ready. Got 3 of 3 DN Heartbeats.
2022-11-10 07:08:35,532 [Listener at 127.0.0.1/40377] INFO  ozone.MiniOzoneClusterImpl (MiniOzoneClusterImpl.java:lambda$waitForClusterToBeReady$0(219)) - Waiting for cluster to exit safe mode
2022-11-10 07:08:35,532 [Listener at 127.0.0.1/40377] INFO  ozone.MiniOzoneClusterImpl (MiniOzoneClusterImpl.java:lambda$waitForClusterToBeReady$0(221)) - SCM became leader
2022-11-10 07:08:35,549 [Command processor thread] INFO  server.RaftServer (RaftServerProxy.java:addNew(96)) - b187db32-a43b-4ea5-9e1b-16734133a38f: addNew group-10326A394BC7:[b187db32-a43b-4ea5-9e1b-16734133a38f|rpc:127.0.0.1:40995|priority:1|startupRole:FOLLOWER] returns group-10326A394BC7:java.util.concurrent.CompletableFuture@6cc5d6d7[Not completed]
2022-11-10 07:08:35,550 [pool-240-thread-1] INFO  server.RaftServer$Division (RaftServerImpl.java:<init>(195)) - b187db32-a43b-4ea5-9e1b-16734133a38f: new RaftServerImpl for group-10326A394BC7:[b187db32-a43b-4ea5-9e1b-16734133a38f|rpc:127.0.0.1:40995|priority:1|startupRole:FOLLOWER] with ContainerStateMachine:uninitialized
2022-11-10 07:08:35,550 [pool-240-thread-1] INFO  server.RaftServerConfigKeys (ConfUtils.java:logGet(46)) - raft.server.rpc.timeout.min = 5s (custom)
2022-11-10 07:08:35,550 [pool-240-thread-1] INFO  server.RaftServerConfigKeys (ConfUtils.java:logGet(46)) - raft.server.rpc.timeout.max = 5200ms (custom)
2022-11-10 07:08:35,550 [pool-240-thread-1] INFO  server.RaftServerConfigKeys (ConfUtils.java:logGet(46)) - raft.server.rpc.sleep.time = 25ms (default)
2022-11-10 07:08:35,550 [pool-240-thread-1] INFO  server.RaftServerConfigKeys (ConfUtils.java:logGet(46)) - raft.server.rpc.slowness.timeout = 300s (custom)
2022-11-10 07:08:35,550 [pool-240-thread-1] INFO  server.RaftServerConfigKeys (ConfUtils.java:logGet(46)) - raft.server.leaderelection.leader.step-down.wait-time = 10s (default)
2022-11-10 07:08:35,550 [pool-240-thread-1] INFO  server.RaftServerConfigKeys (ConfUtils.java:logGet(46)) - raft.server.sleep.deviation.threshold = 300ms (default)
2022-11-10 07:08:35,550 [pool-240-thread-1] INFO  server.RaftServer$Division (ServerState.java:<init>(118)) - b187db32-a43b-4ea5-9e1b-16734133a38f@group-10326A394BC7: ConfigurationManager, init=-1: peers:[b187db32-a43b-4ea5-9e1b-16734133a38f|rpc:127.0.0.1:40995|priority:1|startupRole:FOLLOWER]|listeners:[], old=null, confs=<EMPTY_MAP>
2022-11-10 07:08:35,551 [pool-240-thread-1] INFO  server.RaftServerConfigKeys (ConfUtils.java:logGet(46)) - raft.server.storage.dir = [/home/runner/work/ozone/ozone/hadoop-ozone/integration-test/target/test-dir/MiniOzoneClusterImpl-a89f51d4-237d-44f8-8386-a6bae3bff50d/datanode-2/data/ratis] (custom)
2022-11-10 07:08:35,551 [pool-240-thread-1] INFO  server.RaftServerConfigKeys (ConfUtils.java:logGet(46)) - raft.server.log.corruption.policy = EXCEPTION (default)
2022-11-10 07:08:35,551 [pool-240-thread-1] INFO  server.RaftServerConfigKeys (ConfUtils.java:logGet(46)) - raft.server.storage.free-space.min = 0MB (=0) (default)
2022-11-10 07:08:35,551 [pool-240-thread-1] INFO  server.RaftServerConfigKeys (ConfUtils.java:logGet(46)) - raft.server.notification.no-leader.timeout = 300s (custom)
2022-11-10 07:08:35,551 [pool-240-thread-1] INFO  server.RaftServerConfigKeys (ConfUtils.java:logGet(46)) - raft.server.retrycache.expirytime = 600000ms (custom)
2022-11-10 07:08:35,551 [pool-240-thread-1] INFO  server.RaftServerConfigKeys (ConfUtils.java:logGet(46)) - raft.server.retrycache.statistics.expirytime = 100μs (default)
2022-11-10 07:08:35,552 [pool-240-thread-1] INFO  server.RaftServerConfigKeys (ConfUtils.java:logGet(46)) - raft.server.log.appender.install.snapshot.enabled = false (custom)
2022-11-10 07:08:35,552 [pool-240-thread-1] INFO  server.RaftServerConfigKeys (ConfUtils.java:logGet(46)) - raft.server.threadpool.server.cached = true (default)
2022-11-10 07:08:35,552 [pool-240-thread-1] INFO  server.RaftServerConfigKeys (ConfUtils.java:logGet(46)) - raft.server.threadpool.server.size = 0 (default)
2022-11-10 07:08:35,552 [pool-240-thread-1] INFO  server.RaftServerConfigKeys (ConfUtils.java:logGet(46)) - raft.server.threadpool.client.cached = true (default)
2022-11-10 07:08:35,552 [pool-240-thread-1] INFO  server.RaftServerConfigKeys (ConfUtils.java:logGet(46)) - raft.server.threadpool.client.size = 0 (default)
2022-11-10 07:08:35,553 [pool-240-thread-1] INFO  storage.RaftStorageDirectory (RaftStorageDirectoryImpl.java:analyzeStorage(137)) - The storage directory /home/runner/work/ozone/ozone/hadoop-ozone/integration-test/target/test-dir/MiniOzoneClusterImpl-a89f51d4-237d-44f8-8386-a6bae3bff50d/datanode-2/data/ratis/8ee2f0ae-4a65-4b1f-9263-10326a394bc7 does not exist. Creating ...
2022-11-10 07:08:35,554 [pool-240-thread-1] INFO  storage.RaftStorageDirectory (RaftStorageDirectoryImpl.java:tryLock(231)) - Lock on /home/runner/work/ozone/ozone/hadoop-ozone/integration-test/target/test-dir/MiniOzoneClusterImpl-a89f51d4-237d-44f8-8386-a6bae3bff50d/datanode-2/data/ratis/8ee2f0ae-4a65-4b1f-9263-10326a394bc7/in_use.lock acquired by nodename 3649@fv-az194-925
2022-11-10 07:08:35,555 [pool-240-thread-1] INFO  storage.RaftStorage (RaftStorageImpl.java:format(96)) - Storage directory /home/runner/work/ozone/ozone/hadoop-ozone/integration-test/target/test-dir/MiniOzoneClusterImpl-a89f51d4-237d-44f8-8386-a6bae3bff50d/datanode-2/data/ratis/8ee2f0ae-4a65-4b1f-9263-10326a394bc7 has been successfully formatted.
2022-11-10 07:08:35,558 [EventQueue-PipelineReportForPipelineReportHandler] INFO  pipeline.PipelineManagerImpl (PipelineManagerImpl.java:openPipeline(367)) - Pipeline Pipeline[ Id: 8ee2f0ae-4a65-4b1f-9263-10326a394bc7, Nodes: b187db32-a43b-4ea5-9e1b-16734133a38f{ip: 127.0.0.1, host: localhost, ports: [REPLICATION=43325, RATIS=40995, RATIS_ADMIN=40995, RATIS_SERVER=40995, STANDALONE=33335], networkLocation: /default-rack, certSerialId: null, persistedOpState: IN_SERVICE, persistedOpStateExpiryEpochSec: 0}, ReplicationConfig: RATIS/ONE, State:ALLOCATED, leaderId:b187db32-a43b-4ea5-9e1b-16734133a38f, CreationTimestamp2022-11-10T07:08:32.562Z[Etc/UTC]] moved to OPEN state
2022-11-10 07:08:35,559 [EventQueue-PipelineReportForPipelineReportHandler] INFO  pipeline.PipelineManagerImpl (PipelineManagerImpl.java:openPipeline(367)) - Pipeline Pipeline[ Id: 8ee2f0ae-4a65-4b1f-9263-10326a394bc7, Nodes: b187db32-a43b-4ea5-9e1b-16734133a38f{ip: 127.0.0.1, host: localhost, ports: [REPLICATION=43325, RATIS=40995, RATIS_ADMIN=40995, RATIS_SERVER=40995, STANDALONE=33335], networkLocation: /default-rack, certSerialId: null, persistedOpState: IN_SERVICE, persistedOpStateExpiryEpochSec: 0}, ReplicationConfig: RATIS/ONE, State:ALLOCATED, leaderId:b187db32-a43b-4ea5-9e1b-16734133a38f, CreationTimestamp2022-11-10T07:08:32.562Z[Etc/UTC]] moved to OPEN state
2022-11-10 07:08:35,560 [EventQueue-PipelineReportForPipelineReportHandler] INFO  pipeline.PipelineManagerImpl (PipelineManagerImpl.java:openPipeline(367)) - Pipeline Pipeline[ Id: 8ee2f0ae-4a65-4b1f-9263-10326a394bc7, Nodes: b187db32-a43b-4ea5-9e1b-16734133a38f{ip: 127.0.0.1, host: localhost, ports: [REPLICATION=43325, RATIS=40995, RATIS_ADMIN=40995, RATIS_SERVER=40995, STANDALONE=33335], networkLocation: /default-rack, certSerialId: null, persistedOpState: IN_SERVICE, persistedOpStateExpiryEpochSec: 0}, ReplicationConfig: RATIS/ONE, State:ALLOCATED, leaderId:b187db32-a43b-4ea5-9e1b-16734133a38f, CreationTimestamp2022-11-10T07:08:32.562Z[Etc/UTC]] moved to OPEN state
2022-11-10 07:08:35,564 [c8e5d44d-3ae5-47f4-8fed-77a3ea3a3924@group-A6BAE3BFF50D-StateMachineUpdater] INFO  safemode.HealthyPipelineSafeModeRule (HealthyPipelineSafeModeRule.java:initializeRule(165)) - Refreshed total pipeline count is 0, healthy pipeline threshold count is 1
2022-11-10 07:08:35,565 [EventQueue-OpenPipelineForHealthyPipelineSafeModeRule] INFO  safemode.SCMSafeModeManager (HealthyPipelineSafeModeRule.java:process(137)) - SCM in safe mode. Healthy pipelines reported count is 0, required healthy pipeline reported count is 1
2022-11-10 07:08:35,567 [4ed76112-e62d-4ca7-a346-3bf242109c33@group-A6BAE3BFF50D-StateMachineUpdater] INFO  safemode.HealthyPipelineSafeModeRule (HealthyPipelineSafeModeRule.java:initializeRule(165)) - Refreshed total pipeline count is 0, healthy pipeline threshold count is 1
2022-11-10 07:08:35,568 [db4da669-e495-4258-8ed5-d8ca382bca0e@group-A6BAE3BFF50D-StateMachineUpdater] INFO  safemode.HealthyPipelineSafeModeRule (HealthyPipelineSafeModeRule.java:initializeRule(165)) - Refreshed total pipeline count is 0, healthy pipeline threshold count is 1
2022-11-10 07:08:35,569 [pool-240-thread-1] INFO  ratis.ContainerStateMachine (ContainerStateMachine.java:loadSnapshot(236)) - group-10326A394BC7: The snapshot info is null. Setting the last applied indexto:(t:0, i:~)
2022-11-10 07:08:35,569 [pool-240-thread-1] INFO  server.RaftServerConfigKeys (ConfUtils.java:logGet(46)) - raft.server.log.use.memory = false (default)
2022-11-10 07:08:35,569 [pool-240-thread-1] INFO  server.RaftServerConfigKeys (ConfUtils.java:logGet(46)) - raft.server.log.purge.gap = 1000000 (custom)
2022-11-10 07:08:35,569 [pool-240-thread-1] INFO  server.RaftServerConfigKeys (ConfUtils.java:logGet(46)) - raft.server.log.appender.buffer.byte-limit = 33554432 (custom)
2022-11-10 07:08:35,569 [pool-240-thread-1] INFO  server.RaftServerConfigKeys (ConfUtils.java:logGet(46)) - raft.server.log.statemachine.data.read.timeout = 1000ms (default)
2022-11-10 07:08:35,569 [pool-240-thread-1] INFO  server.RaftServerConfigKeys (ConfUtils.java:logGet(46)) - raft.server.log.purge.preservation.log.num = 0 (default)
2022-11-10 07:08:35,570 [pool-240-thread-1] INFO  server.RaftServerConfigKeys (ConfUtils.java:logGet(46)) - raft.server.log.segment.size.max = 1048576 (custom)
2022-11-10 07:08:35,570 [pool-240-thread-1] INFO  server.RaftServerConfigKeys (ConfUtils.java:logGet(46)) - raft.server.log.segment.cache.num.max = 2 (custom)
2022-11-10 07:08:35,570 [pool-240-thread-1] INFO  server.RaftServerConfigKeys (ConfUtils.java:logGet(46)) - raft.server.log.segment.cache.size.max = 200MB (=209715200) (default)
2022-11-10 07:08:35,571 [pool-240-thread-1] INFO  segmented.SegmentedRaftLogWorker (SegmentedRaftLogWorker.java:<init>(191)) - new b187db32-a43b-4ea5-9e1b-16734133a38f@group-10326A394BC7-SegmentedRaftLogWorker for RaftStorageImpl:Storage Directory /home/runner/work/ozone/ozone/hadoop-ozone/integration-test/target/test-dir/MiniOzoneClusterImpl-a89f51d4-237d-44f8-8386-a6bae3bff50d/datanode-2/data/ratis/8ee2f0ae-4a65-4b1f-9263-10326a394bc7
2022-11-10 07:08:35,571 [pool-240-thread-1] INFO  server.RaftServerConfigKeys (ConfUtils.java:logGet(46)) - raft.server.log.queue.byte-limit = 4294967296 (custom)
2022-11-10 07:08:35,571 [pool-240-thread-1] INFO  server.RaftServerConfigKeys (ConfUtils.java:logGet(46)) - raft.server.log.queue.element-limit = 1024 (custom)
2022-11-10 07:08:35,571 [pool-240-thread-1] INFO  server.RaftServerConfigKeys (ConfUtils.java:logGet(46)) - raft.server.log.segment.size.max = 1048576 (custom)
2022-11-10 07:08:35,571 [pool-240-thread-1] INFO  server.RaftServerConfigKeys (ConfUtils.java:logGet(46)) - raft.server.log.preallocated.size = 16384 (custom)
2022-11-10 07:08:35,571 [pool-240-thread-1] INFO  server.RaftServerConfigKeys (ConfUtils.java:logGet(46)) - raft.server.log.force.sync.num = 128 (default)
2022-11-10 07:08:35,571 [pool-240-thread-1] INFO  server.RaftServerConfigKeys (ConfUtils.java:logGet(46)) - raft.server.log.statemachine.data.sync = true (default)
2022-11-10 07:08:35,571 [pool-240-thread-1] INFO  server.RaftServerConfigKeys (ConfUtils.java:logGet(46)) - raft.server.log.statemachine.data.sync.timeout = 10s (default)
2022-11-10 07:08:35,571 [pool-240-thread-1] INFO  server.RaftServerConfigKeys (ConfUtils.java:logGet(46)) - raft.server.log.statemachine.data.sync.timeout.retry = -1 (default)
2022-11-10 07:08:35,572 [pool-240-thread-1] INFO  server.RaftServerConfigKeys (ConfUtils.java:logGet(46)) - raft.server.log.write.buffer.size = 1048576 (custom)
2022-11-10 07:08:35,572 [pool-240-thread-1] INFO  server.RaftServerConfigKeys (ConfUtils.java:logGet(46)) - raft.server.log.unsafe-flush.enabled = false (default)
2022-11-10 07:08:35,572 [pool-240-thread-1] INFO  server.RaftServerConfigKeys (ConfUtils.java:logGet(46)) - raft.server.log.async-flush.enabled = false (default)
2022-11-10 07:08:35,572 [pool-240-thread-1] INFO  server.RaftServerConfigKeys (ConfUtils.java:logGet(46)) - raft.server.log.statemachine.data.caching.enabled = true (custom)
2022-11-10 07:08:35,572 [pool-240-thread-1] INFO  segmented.SegmentedRaftLogWorker (SegmentedRaftLogWorker.java:lambda$new$0(136)) - b187db32-a43b-4ea5-9e1b-16734133a38f@group-10326A394BC7-SegmentedRaftLogWorker: flushIndex: setUnconditionally 0 -> -1
2022-11-10 07:08:35,572 [pool-240-thread-1] INFO  segmented.SegmentedRaftLogWorker (SegmentedRaftLogWorker.java:lambda$new$0(136)) - b187db32-a43b-4ea5-9e1b-16734133a38f@group-10326A394BC7-SegmentedRaftLogWorker: safeCacheEvictIndex: setUnconditionally 0 -> -1
2022-11-10 07:08:35,573 [pool-240-thread-1] INFO  server.RaftServer$Division (RaftServerImpl.java:start(334)) - b187db32-a43b-4ea5-9e1b-16734133a38f@group-10326A394BC7: start as a follower, conf=-1: peers:[b187db32-a43b-4ea5-9e1b-16734133a38f|rpc:127.0.0.1:40995|priority:1|startupRole:FOLLOWER]|listeners:[], old=null
2022-11-10 07:08:35,573 [pool-240-thread-1] INFO  server.RaftServer$Division (RaftServerImpl.java:setRole(321)) - b187db32-a43b-4ea5-9e1b-16734133a38f@group-10326A394BC7: changes role from      null to FOLLOWER at term 0 for startAsFollower
2022-11-10 07:08:35,573 [pool-240-thread-1] INFO  impl.RoleInfo (RoleInfo.java:updateAndGet(139)) - b187db32-a43b-4ea5-9e1b-16734133a38f: start b187db32-a43b-4ea5-9e1b-16734133a38f@group-10326A394BC7-FollowerState
2022-11-10 07:08:35,576 [pool-240-thread-1] INFO  util.JmxRegister (JmxRegister.java:tryRegister(44)) - Successfully registered JMX Bean with object name Ratis:service=RaftServer,group=group-10326A394BC7,id=b187db32-a43b-4ea5-9e1b-16734133a38f
2022-11-10 07:08:35,576 [pool-240-thread-1] INFO  server.RaftServerConfigKeys (ConfUtils.java:logGet(46)) - raft.server.snapshot.auto.trigger.enabled = true (custom)
2022-11-10 07:08:35,576 [b187db32-a43b-4ea5-9e1b-16734133a38f@group-10326A394BC7-FollowerState] INFO  server.RaftServerConfigKeys (ConfUtils.java:logFallback(53)) - raft.server.rpc.first-election.timeout.min = 5s (fallback to raft.server.rpc.timeout.min)
2022-11-10 07:08:35,577 [b187db32-a43b-4ea5-9e1b-16734133a38f@group-10326A394BC7-FollowerState] INFO  server.RaftServerConfigKeys (ConfUtils.java:logFallback(53)) - raft.server.rpc.first-election.timeout.max = 5200ms (fallback to raft.server.rpc.timeout.max)
2022-11-10 07:08:35,577 [pool-240-thread-1] INFO  server.RaftServerConfigKeys (ConfUtils.java:logGet(46)) - raft.server.snapshot.auto.trigger.threshold = 10000 (custom)
2022-11-10 07:08:35,577 [pool-240-thread-1] INFO  server.RaftServerConfigKeys (ConfUtils.java:logGet(46)) - raft.server.snapshot.retention.file.num = 5 (custom)
2022-11-10 07:08:35,577 [pool-240-thread-1] INFO  server.RaftServerConfigKeys (ConfUtils.java:logGet(46)) - raft.server.log.purge.upto.snapshot.index = false (default)
2022-11-10 07:08:35,581 [Command processor thread] INFO  ratis.XceiverServerRatis (XceiverServerRatis.java:addGroup(765)) - Created group PipelineID=8ee2f0ae-4a65-4b1f-9263-10326a394bc7
2022-11-10 07:08:35,581 [Command processor thread] INFO  commandhandler.CreatePipelineCommandHandler (CreatePipelineCommandHandler.java:handle(113)) - Created Pipeline RATIS ONE PipelineID=8ee2f0ae-4a65-4b1f-9263-10326a394bc7.
2022-11-10 07:08:36,533 [Listener at 127.0.0.1/40377] INFO  ozone.MiniOzoneClusterImpl (MiniOzoneClusterImpl.java:lambda$waitForClusterToBeReady$0(216)) - Nodes are ready. Got 3 of 3 DN Heartbeats.
2022-11-10 07:08:36,533 [Listener at 127.0.0.1/40377] INFO  ozone.MiniOzoneClusterImpl (MiniOzoneClusterImpl.java:lambda$waitForClusterToBeReady$0(219)) - Waiting for cluster to exit safe mode
2022-11-10 07:08:36,533 [Listener at 127.0.0.1/40377] INFO  ozone.MiniOzoneClusterImpl (MiniOzoneClusterImpl.java:lambda$waitForClusterToBeReady$0(221)) - SCM became leader
2022-11-10 07:08:37,533 [Listener at 127.0.0.1/40377] INFO  ozone.MiniOzoneClusterImpl (MiniOzoneClusterImpl.java:lambda$waitForClusterToBeReady$0(216)) - Nodes are ready. Got 3 of 3 DN Heartbeats.
2022-11-10 07:08:37,533 [Listener at 127.0.0.1/40377] INFO  ozone.MiniOzoneClusterImpl (MiniOzoneClusterImpl.java:lambda$waitForClusterToBeReady$0(219)) - Waiting for cluster to exit safe mode
2022-11-10 07:08:37,533 [Listener at 127.0.0.1/40377] INFO  ozone.MiniOzoneClusterImpl (MiniOzoneClusterImpl.java:lambda$waitForClusterToBeReady$0(221)) - SCM became leader
2022-11-10 07:08:38,534 [Listener at 127.0.0.1/40377] INFO  ozone.MiniOzoneClusterImpl (MiniOzoneClusterImpl.java:lambda$waitForClusterToBeReady$0(216)) - Nodes are ready. Got 3 of 3 DN Heartbeats.
2022-11-10 07:08:38,534 [Listener at 127.0.0.1/40377] INFO  ozone.MiniOzoneClusterImpl (MiniOzoneClusterImpl.java:lambda$waitForClusterToBeReady$0(219)) - Waiting for cluster to exit safe mode
2022-11-10 07:08:38,534 [Listener at 127.0.0.1/40377] INFO  ozone.MiniOzoneClusterImpl (MiniOzoneClusterImpl.java:lambda$waitForClusterToBeReady$0(221)) - SCM became leader
2022-11-10 07:08:39,534 [Listener at 127.0.0.1/40377] INFO  ozone.MiniOzoneClusterImpl (MiniOzoneClusterImpl.java:lambda$waitForClusterToBeReady$0(216)) - Nodes are ready. Got 3 of 3 DN Heartbeats.
2022-11-10 07:08:39,534 [Listener at 127.0.0.1/40377] INFO  ozone.MiniOzoneClusterImpl (MiniOzoneClusterImpl.java:lambda$waitForClusterToBeReady$0(219)) - Waiting for cluster to exit safe mode
2022-11-10 07:08:39,534 [Listener at 127.0.0.1/40377] INFO  ozone.MiniOzoneClusterImpl (MiniOzoneClusterImpl.java:lambda$waitForClusterToBeReady$0(221)) - SCM became leader
2022-11-10 07:08:39,941 [e793aa28-cf77-4971-8074-fcdd8288c5ce@group-1FB8705FA86A-FollowerState] INFO  impl.FollowerState (FollowerState.java:run(143)) - e793aa28-cf77-4971-8074-fcdd8288c5ce@group-1FB8705FA86A-FollowerState: change to CANDIDATE, lastRpcElapsedTime:5129197460ns, electionTimeout:5128ms
2022-11-10 07:08:39,941 [e793aa28-cf77-4971-8074-fcdd8288c5ce@group-1FB8705FA86A-FollowerState] INFO  impl.RoleInfo (RoleInfo.java:shutdownFollowerState(110)) - e793aa28-cf77-4971-8074-fcdd8288c5ce: shutdown e793aa28-cf77-4971-8074-fcdd8288c5ce@group-1FB8705FA86A-FollowerState
2022-11-10 07:08:39,941 [e793aa28-cf77-4971-8074-fcdd8288c5ce@group-1FB8705FA86A-FollowerState] INFO  server.RaftServer$Division (RaftServerImpl.java:setRole(321)) - e793aa28-cf77-4971-8074-fcdd8288c5ce@group-1FB8705FA86A: changes role from  FOLLOWER to CANDIDATE at term 0 for changeToCandidate
2022-11-10 07:08:39,942 [e793aa28-cf77-4971-8074-fcdd8288c5ce@group-1FB8705FA86A-FollowerState] INFO  server.RaftServerConfigKeys (ConfUtils.java:logGet(46)) - raft.server.leaderelection.pre-vote = false (custom)
2022-11-10 07:08:39,942 [e793aa28-cf77-4971-8074-fcdd8288c5ce@group-1FB8705FA86A-FollowerState] INFO  impl.RoleInfo (RoleInfo.java:updateAndGet(139)) - e793aa28-cf77-4971-8074-fcdd8288c5ce: start e793aa28-cf77-4971-8074-fcdd8288c5ce@group-1FB8705FA86A-LeaderElection7
2022-11-10 07:08:39,947 [e793aa28-cf77-4971-8074-fcdd8288c5ce@group-1FB8705FA86A-LeaderElection7] INFO  impl.LeaderElection (LeaderElection.java:askForVotes(312)) - e793aa28-cf77-4971-8074-fcdd8288c5ce@group-1FB8705FA86A-LeaderElection7 ELECTION round 0: submit vote requests at term 1 for -1: peers:[e793aa28-cf77-4971-8074-fcdd8288c5ce|rpc:127.0.0.1:36847|priority:0|startupRole:FOLLOWER, 7b1182b7-d54c-44fb-86ea-7d58e998a9db|rpc:127.0.0.1:34927|priority:1|startupRole:FOLLOWER, b187db32-a43b-4ea5-9e1b-16734133a38f|rpc:127.0.0.1:40995|priority:0|startupRole:FOLLOWER]|listeners:[], old=null
2022-11-10 07:08:39,948 [e793aa28-cf77-4971-8074-fcdd8288c5ce@group-1FB8705FA86A-LeaderElection7] INFO  server.RaftServerConfigKeys (ConfUtils.java:logFallback(53)) - raft.server.rpc.first-election.timeout.min = 5s (fallback to raft.server.rpc.timeout.min)
2022-11-10 07:08:39,948 [e793aa28-cf77-4971-8074-fcdd8288c5ce@group-1FB8705FA86A-LeaderElection7] INFO  server.RaftServerConfigKeys (ConfUtils.java:logFallback(53)) - raft.server.rpc.first-election.timeout.max = 5200ms (fallback to raft.server.rpc.timeout.max)
2022-11-10 07:08:39,948 [e793aa28-cf77-4971-8074-fcdd8288c5ce@group-1FB8705FA86A-LeaderElection7-1] INFO  server.GrpcServerProtocolClient (GrpcServerProtocolClient.java:<init>(63)) - Build channel for 7b1182b7-d54c-44fb-86ea-7d58e998a9db
2022-11-10 07:08:39,949 [e793aa28-cf77-4971-8074-fcdd8288c5ce@group-E036D9FDB550-FollowerState] INFO  impl.FollowerState (FollowerState.java:run(143)) - e793aa28-cf77-4971-8074-fcdd8288c5ce@group-E036D9FDB550-FollowerState: change to CANDIDATE, lastRpcElapsedTime:5189882448ns, electionTimeout:5168ms
2022-11-10 07:08:39,950 [e793aa28-cf77-4971-8074-fcdd8288c5ce@group-E036D9FDB550-FollowerState] INFO  impl.RoleInfo (RoleInfo.java:shutdownFollowerState(110)) - e793aa28-cf77-4971-8074-fcdd8288c5ce: shutdown e793aa28-cf77-4971-8074-fcdd8288c5ce@group-E036D9FDB550-FollowerState
2022-11-10 07:08:39,950 [e793aa28-cf77-4971-8074-fcdd8288c5ce@group-E036D9FDB550-FollowerState] INFO  server.RaftServer$Division (RaftServerImpl.java:setRole(321)) - e793aa28-cf77-4971-8074-fcdd8288c5ce@group-E036D9FDB550: changes role from  FOLLOWER to CANDIDATE at term 0 for changeToCandidate
2022-11-10 07:08:39,952 [e793aa28-cf77-4971-8074-fcdd8288c5ce@group-E036D9FDB550-FollowerState] INFO  server.RaftServerConfigKeys (ConfUtils.java:logGet(46)) - raft.server.leaderelection.pre-vote = false (custom)
2022-11-10 07:08:39,952 [e793aa28-cf77-4971-8074-fcdd8288c5ce@group-E036D9FDB550-FollowerState] INFO  impl.RoleInfo (RoleInfo.java:updateAndGet(139)) - e793aa28-cf77-4971-8074-fcdd8288c5ce: start e793aa28-cf77-4971-8074-fcdd8288c5ce@group-E036D9FDB550-LeaderElection8
2022-11-10 07:08:39,954 [e793aa28-cf77-4971-8074-fcdd8288c5ce@group-1FB8705FA86A-LeaderElection7-2] INFO  server.GrpcServerProtocolClient (GrpcServerProtocolClient.java:<init>(63)) - Build channel for b187db32-a43b-4ea5-9e1b-16734133a38f
2022-11-10 07:08:39,957 [e793aa28-cf77-4971-8074-fcdd8288c5ce@group-E036D9FDB550-LeaderElection8] INFO  impl.LeaderElection (LeaderElection.java:askForVotes(312)) - e793aa28-cf77-4971-8074-fcdd8288c5ce@group-E036D9FDB550-LeaderElection8 ELECTION round 0: submit vote requests at term 1 for -1: peers:[e793aa28-cf77-4971-8074-fcdd8288c5ce|rpc:127.0.0.1:36847|priority:1|startupRole:FOLLOWER]|listeners:[], old=null
2022-11-10 07:08:39,957 [e793aa28-cf77-4971-8074-fcdd8288c5ce@group-E036D9FDB550-LeaderElection8] INFO  impl.LeaderElection (LeaderElection.java:askForVotes(314)) - e793aa28-cf77-4971-8074-fcdd8288c5ce@group-E036D9FDB550-LeaderElection8 ELECTION round 0: result PASSED (term=1)
2022-11-10 07:08:39,957 [e793aa28-cf77-4971-8074-fcdd8288c5ce@group-E036D9FDB550-LeaderElection8] INFO  impl.RoleInfo (RoleInfo.java:shutdownLeaderElection(130)) - e793aa28-cf77-4971-8074-fcdd8288c5ce: shutdown e793aa28-cf77-4971-8074-fcdd8288c5ce@group-E036D9FDB550-LeaderElection8
2022-11-10 07:08:39,957 [e793aa28-cf77-4971-8074-fcdd8288c5ce@group-E036D9FDB550-LeaderElection8] INFO  server.RaftServer$Division (RaftServerImpl.java:setRole(321)) - e793aa28-cf77-4971-8074-fcdd8288c5ce@group-E036D9FDB550: changes role from CANDIDATE to LEADER at term 1 for changeToLeader
2022-11-10 07:08:39,958 [e793aa28-cf77-4971-8074-fcdd8288c5ce@group-E036D9FDB550-LeaderElection8] INFO  ratis.XceiverServerRatis (XceiverServerRatis.java:handleLeaderChangedNotification(863)) - Leader change notification received for group: group-E036D9FDB550 with new leaderId: e793aa28-cf77-4971-8074-fcdd8288c5ce
2022-11-10 07:08:39,958 [e793aa28-cf77-4971-8074-fcdd8288c5ce@group-E036D9FDB550-LeaderElection8] INFO  server.RaftServer$Division (ServerState.java:setLeader(313)) - e793aa28-cf77-4971-8074-fcdd8288c5ce@group-E036D9FDB550: change Leader from null to e793aa28-cf77-4971-8074-fcdd8288c5ce at term 1 for becomeLeader, leader elected after 5226ms
2022-11-10 07:08:39,958 [e793aa28-cf77-4971-8074-fcdd8288c5ce@group-E036D9FDB550-LeaderElection8] INFO  server.RaftServerConfigKeys (ConfUtils.java:logGet(46)) - raft.server.staging.catchup.gap = 1000 (default)
2022-11-10 07:08:39,960 [7b1182b7-d54c-44fb-86ea-7d58e998a9db@group-1FB8705FA86A-FollowerState] INFO  impl.FollowerState (FollowerState.java:run(143)) - 7b1182b7-d54c-44fb-86ea-7d58e998a9db@group-1FB8705FA86A-FollowerState: change to CANDIDATE, lastRpcElapsedTime:5048860520ns, electionTimeout:5042ms
2022-11-10 07:08:39,960 [7b1182b7-d54c-44fb-86ea-7d58e998a9db@group-1FB8705FA86A-FollowerState] INFO  impl.RoleInfo (RoleInfo.java:shutdownFollowerState(110)) - 7b1182b7-d54c-44fb-86ea-7d58e998a9db: shutdown 7b1182b7-d54c-44fb-86ea-7d58e998a9db@group-1FB8705FA86A-FollowerState
2022-11-10 07:08:39,960 [7b1182b7-d54c-44fb-86ea-7d58e998a9db@group-1FB8705FA86A-FollowerState] INFO  server.RaftServer$Division (RaftServerImpl.java:setRole(321)) - 7b1182b7-d54c-44fb-86ea-7d58e998a9db@group-1FB8705FA86A: changes role from  FOLLOWER to CANDIDATE at term 0 for changeToCandidate
2022-11-10 07:08:39,961 [EventQueue-OpenPipelineForHealthyPipelineSafeModeRule] INFO  safemode.SCMSafeModeManager (HealthyPipelineSafeModeRule.java:process(137)) - SCM in safe mode. Healthy pipelines reported count is 0, required healthy pipeline reported count is 1
2022-11-10 07:08:39,961 [e793aa28-cf77-4971-8074-fcdd8288c5ce@group-E036D9FDB550-LeaderElection8] INFO  server.RaftServerConfigKeys (ConfUtils.java:logGet(46)) - raft.server.write.element-limit = 1024 (custom)
2022-11-10 07:08:39,961 [EventQueue-OpenPipelineForHealthyPipelineSafeModeRule] INFO  safemode.SCMSafeModeManager (HealthyPipelineSafeModeRule.java:process(137)) - SCM in safe mode. Healthy pipelines reported count is 0, required healthy pipeline reported count is 1
2022-11-10 07:08:39,961 [e793aa28-cf77-4971-8074-fcdd8288c5ce@group-E036D9FDB550-LeaderElection8] INFO  server.RaftServerConfigKeys (ConfUtils.java:logGet(46)) - raft.server.write.byte-limit = 1024 M (=1073741824) (custom)
2022-11-10 07:08:39,961 [EventQueue-OpenPipelineForHealthyPipelineSafeModeRule] INFO  safemode.SCMSafeModeManager (HealthyPipelineSafeModeRule.java:process(137)) - SCM in safe mode. Healthy pipelines reported count is 0, required healthy pipeline reported count is 1
2022-11-10 07:08:39,962 [e793aa28-cf77-4971-8074-fcdd8288c5ce@group-E036D9FDB550-LeaderElection8] INFO  server.RaftServerConfigKeys (ConfUtils.java:logGet(46)) - raft.server.watch.timeout = 180s (custom)
2022-11-10 07:08:39,962 [e793aa28-cf77-4971-8074-fcdd8288c5ce@group-E036D9FDB550-LeaderElection8] INFO  server.RaftServerConfigKeys (ConfUtils.java:logGet(46)) - raft.server.watch.timeout.denomination = 1s (default)
2022-11-10 07:08:39,962 [e793aa28-cf77-4971-8074-fcdd8288c5ce@group-E036D9FDB550-LeaderElection8] INFO  server.RaftServerConfigKeys (ConfUtils.java:logGet(46)) - raft.server.watch.element-limit = 65536 (default)
2022-11-10 07:08:39,962 [e793aa28-cf77-4971-8074-fcdd8288c5ce@group-E036D9FDB550-LeaderElection8] INFO  server.RaftServerConfigKeys (ConfUtils.java:logGet(46)) - raft.server.write.element-limit = 1024 (custom)
2022-11-10 07:08:39,962 [e793aa28-cf77-4971-8074-fcdd8288c5ce@group-E036D9FDB550-LeaderElection8] INFO  server.RaftServerConfigKeys (ConfUtils.java:logGet(46)) - raft.server.write.follower.gap.ratio.max = -1.0 (default)
2022-11-10 07:08:39,962 [e793aa28-cf77-4971-8074-fcdd8288c5ce@group-E036D9FDB550-LeaderElection8] INFO  impl.RoleInfo (RoleInfo.java:updateAndGet(139)) - e793aa28-cf77-4971-8074-fcdd8288c5ce: start e793aa28-cf77-4971-8074-fcdd8288c5ce@group-E036D9FDB550-LeaderStateImpl
2022-11-10 07:08:39,962 [e793aa28-cf77-4971-8074-fcdd8288c5ce@group-E036D9FDB550-LeaderElection8] INFO  segmented.SegmentedRaftLogWorker (SegmentedRaftLogWorker.java:startLogSegment(452)) - e793aa28-cf77-4971-8074-fcdd8288c5ce@group-E036D9FDB550-SegmentedRaftLogWorker: Starting segment from index:0
2022-11-10 07:08:39,964 [e793aa28-cf77-4971-8074-fcdd8288c5ce@group-E036D9FDB550-SegmentedRaftLogWorker] INFO  segmented.SegmentedRaftLogWorker (SegmentedRaftLogWorker.java:execute(656)) - e793aa28-cf77-4971-8074-fcdd8288c5ce@group-E036D9FDB550-SegmentedRaftLogWorker: created new log segment /home/runner/work/ozone/ozone/hadoop-ozone/integration-test/target/test-dir/MiniOzoneClusterImpl-a89f51d4-237d-44f8-8386-a6bae3bff50d/datanode-0/data/ratis/230e6ca1-f728-42a4-ad5d-e036d9fdb550/current/log_inprogress_0
2022-11-10 07:08:39,973 [e793aa28-cf77-4971-8074-fcdd8288c5ce@group-E036D9FDB550-LeaderElection8] INFO  server.RaftServer$Division (ServerState.java:setRaftConf(430)) - e793aa28-cf77-4971-8074-fcdd8288c5ce@group-E036D9FDB550: set configuration 0: peers:[e793aa28-cf77-4971-8074-fcdd8288c5ce|rpc:127.0.0.1:36847|dataStream:|priority:1|startupRole:FOLLOWER]|listeners:[], old=null
2022-11-10 07:08:39,973 [7b1182b7-d54c-44fb-86ea-7d58e998a9db@group-1FB8705FA86A-FollowerState] INFO  server.RaftServerConfigKeys (ConfUtils.java:logGet(46)) - raft.server.leaderelection.pre-vote = false (custom)
2022-11-10 07:08:39,973 [7b1182b7-d54c-44fb-86ea-7d58e998a9db@group-1FB8705FA86A-FollowerState] INFO  impl.RoleInfo (RoleInfo.java:updateAndGet(139)) - 7b1182b7-d54c-44fb-86ea-7d58e998a9db: start 7b1182b7-d54c-44fb-86ea-7d58e998a9db@group-1FB8705FA86A-LeaderElection9
2022-11-10 07:08:39,975 [grpc-default-executor-5] INFO  server.RaftServer$Division (RaftServerImpl.java:requestVote(1218)) - 7b1182b7-d54c-44fb-86ea-7d58e998a9db@group-1FB8705FA86A: receive requestVote(ELECTION, e793aa28-cf77-4971-8074-fcdd8288c5ce, group-1FB8705FA86A, 1, (t:0, i:0))
2022-11-10 07:08:39,977 [grpc-default-executor-5] INFO  impl.VoteContext (VoteContext.java:log(48)) - 7b1182b7-d54c-44fb-86ea-7d58e998a9db@group-1FB8705FA86A-CANDIDATE: reject ELECTION from e793aa28-cf77-4971-8074-fcdd8288c5ce: our priority 1 > candidate's priority 0
2022-11-10 07:08:39,977 [grpc-default-executor-1] INFO  server.RaftServer$Division (RaftServerImpl.java:requestVote(1218)) - b187db32-a43b-4ea5-9e1b-16734133a38f@group-1FB8705FA86A: receive requestVote(ELECTION, e793aa28-cf77-4971-8074-fcdd8288c5ce, group-1FB8705FA86A, 1, (t:0, i:0))
2022-11-10 07:08:39,977 [grpc-default-executor-5] INFO  server.RaftServer$Division (RaftServerImpl.java:setRole(321)) - 7b1182b7-d54c-44fb-86ea-7d58e998a9db@group-1FB8705FA86A: changes role from CANDIDATE to FOLLOWER at term 1 for candidate:e793aa28-cf77-4971-8074-fcdd8288c5ce
2022-11-10 07:08:39,977 [grpc-default-executor-1] INFO  impl.VoteContext (VoteContext.java:log(48)) - b187db32-a43b-4ea5-9e1b-16734133a38f@group-1FB8705FA86A-FOLLOWER: accept ELECTION from e793aa28-cf77-4971-8074-fcdd8288c5ce: our priority 0 <= candidate's priority 0
2022-11-10 07:08:39,977 [grpc-default-executor-5] INFO  impl.RoleInfo (RoleInfo.java:shutdownLeaderElection(130)) - 7b1182b7-d54c-44fb-86ea-7d58e998a9db: shutdown 7b1182b7-d54c-44fb-86ea-7d58e998a9db@group-1FB8705FA86A-LeaderElection9
2022-11-10 07:08:39,977 [grpc-default-executor-1] INFO  server.RaftServer$Division (RaftServerImpl.java:setRole(321)) - b187db32-a43b-4ea5-9e1b-16734133a38f@group-1FB8705FA86A: changes role from  FOLLOWER to FOLLOWER at term 1 for candidate:e793aa28-cf77-4971-8074-fcdd8288c5ce
2022-11-10 07:08:39,977 [grpc-default-executor-1] INFO  impl.RoleInfo (RoleInfo.java:shutdownFollowerState(110)) - b187db32-a43b-4ea5-9e1b-16734133a38f: shutdown b187db32-a43b-4ea5-9e1b-16734133a38f@group-1FB8705FA86A-FollowerState
2022-11-10 07:08:39,977 [grpc-default-executor-5] INFO  impl.RoleInfo (RoleInfo.java:updateAndGet(139)) - 7b1182b7-d54c-44fb-86ea-7d58e998a9db: start 7b1182b7-d54c-44fb-86ea-7d58e998a9db@group-1FB8705FA86A-FollowerState
2022-11-10 07:08:39,977 [b187db32-a43b-4ea5-9e1b-16734133a38f@group-1FB8705FA86A-FollowerState] INFO  impl.FollowerState (FollowerState.java:run(152)) - b187db32-a43b-4ea5-9e1b-16734133a38f@group-1FB8705FA86A-FollowerState was interrupted
2022-11-10 07:08:39,978 [grpc-default-executor-1] INFO  impl.RoleInfo (RoleInfo.java:updateAndGet(139)) - b187db32-a43b-4ea5-9e1b-16734133a38f: start b187db32-a43b-4ea5-9e1b-16734133a38f@group-1FB8705FA86A-FollowerState
2022-11-10 07:08:39,979 [b187db32-a43b-4ea5-9e1b-16734133a38f@group-1FB8705FA86A-FollowerState] INFO  server.RaftServerConfigKeys (ConfUtils.java:logFallback(53)) - raft.server.rpc.first-election.timeout.min = 5s (fallback to raft.server.rpc.timeout.min)
2022-11-10 07:08:39,979 [b187db32-a43b-4ea5-9e1b-16734133a38f@group-1FB8705FA86A-FollowerState] INFO  server.RaftServerConfigKeys (ConfUtils.java:logFallback(53)) - raft.server.rpc.first-election.timeout.max = 5200ms (fallback to raft.server.rpc.timeout.max)
2022-11-10 07:08:39,980 [grpc-default-executor-1] INFO  server.RaftServer$Division (RaftServerImpl.java:requestVote(1251)) - b187db32-a43b-4ea5-9e1b-16734133a38f@group-1FB8705FA86A replies to ELECTION vote request: e793aa28-cf77-4971-8074-fcdd8288c5ce<-b187db32-a43b-4ea5-9e1b-16734133a38f#0:OK-t1. Peer's state: b187db32-a43b-4ea5-9e1b-16734133a38f@group-1FB8705FA86A:t1, leader=null, voted=e793aa28-cf77-4971-8074-fcdd8288c5ce, raftlog=Memoized:b187db32-a43b-4ea5-9e1b-16734133a38f@group-1FB8705FA86A-SegmentedRaftLog:OPENED:c-1, conf=-1: peers:[e793aa28-cf77-4971-8074-fcdd8288c5ce|rpc:127.0.0.1:36847|dataStream:|priority:0|startupRole:FOLLOWER, 7b1182b7-d54c-44fb-86ea-7d58e998a9db|rpc:127.0.0.1:34927|dataStream:|priority:1|startupRole:FOLLOWER, b187db32-a43b-4ea5-9e1b-16734133a38f|rpc:127.0.0.1:40995|dataStream:|priority:0|startupRole:FOLLOWER]|listeners:[], old=null
2022-11-10 07:08:39,980 [7b1182b7-d54c-44fb-86ea-7d58e998a9db@group-1FB8705FA86A-LeaderElection9] INFO  impl.LeaderElection (LeaderElection.java:run(233)) - 7b1182b7-d54c-44fb-86ea-7d58e998a9db@group-1FB8705FA86A-LeaderElection9: skip running since this is already CLOSING
2022-11-10 07:08:39,981 [7b1182b7-d54c-44fb-86ea-7d58e998a9db@group-1FB8705FA86A-FollowerState] INFO  server.RaftServerConfigKeys (ConfUtils.java:logFallback(53)) - raft.server.rpc.first-election.timeout.min = 5s (fallback to raft.server.rpc.timeout.min)
2022-11-10 07:08:39,982 [7b1182b7-d54c-44fb-86ea-7d58e998a9db@group-1FB8705FA86A-FollowerState] INFO  server.RaftServerConfigKeys (ConfUtils.java:logFallback(53)) - raft.server.rpc.first-election.timeout.max = 5200ms (fallback to raft.server.rpc.timeout.max)
2022-11-10 07:08:39,982 [grpc-default-executor-5] INFO  server.RaftServer$Division (RaftServerImpl.java:requestVote(1251)) - 7b1182b7-d54c-44fb-86ea-7d58e998a9db@group-1FB8705FA86A replies to ELECTION vote request: e793aa28-cf77-4971-8074-fcdd8288c5ce<-7b1182b7-d54c-44fb-86ea-7d58e998a9db#0:FAIL-t1. Peer's state: 7b1182b7-d54c-44fb-86ea-7d58e998a9db@group-1FB8705FA86A:t1, leader=null, voted=null, raftlog=Memoized:7b1182b7-d54c-44fb-86ea-7d58e998a9db@group-1FB8705FA86A-SegmentedRaftLog:OPENED:c-1, conf=-1: peers:[e793aa28-cf77-4971-8074-fcdd8288c5ce|rpc:127.0.0.1:36847|dataStream:|priority:0|startupRole:FOLLOWER, 7b1182b7-d54c-44fb-86ea-7d58e998a9db|rpc:127.0.0.1:34927|dataStream:|priority:1|startupRole:FOLLOWER, b187db32-a43b-4ea5-9e1b-16734133a38f|rpc:127.0.0.1:40995|dataStream:|priority:0|startupRole:FOLLOWER]|listeners:[], old=null
2022-11-10 07:08:39,987 [e793aa28-cf77-4971-8074-fcdd8288c5ce@group-1FB8705FA86A-LeaderElection7] INFO  impl.LeaderElection (LeaderElection.java:logAndReturn(90)) - e793aa28-cf77-4971-8074-fcdd8288c5ce@group-1FB8705FA86A-LeaderElection7: ELECTION REJECTED received 2 response(s) and 0 exception(s):
2022-11-10 07:08:39,987 [e793aa28-cf77-4971-8074-fcdd8288c5ce@group-1FB8705FA86A-LeaderElection7] INFO  impl.LeaderElection (LeaderElection.java:logAndReturn(94)) -   Response 0: e793aa28-cf77-4971-8074-fcdd8288c5ce<-7b1182b7-d54c-44fb-86ea-7d58e998a9db#0:FAIL-t1
2022-11-10 07:08:39,987 [e793aa28-cf77-4971-8074-fcdd8288c5ce@group-1FB8705FA86A-LeaderElection7] INFO  impl.LeaderElection (LeaderElection.java:logAndReturn(94)) -   Response 1: e793aa28-cf77-4971-8074-fcdd8288c5ce<-b187db32-a43b-4ea5-9e1b-16734133a38f#0:OK-t1
2022-11-10 07:08:39,987 [e793aa28-cf77-4971-8074-fcdd8288c5ce@group-1FB8705FA86A-LeaderElection7] INFO  impl.LeaderElection (LeaderElection.java:askForVotes(314)) - e793aa28-cf77-4971-8074-fcdd8288c5ce@group-1FB8705FA86A-LeaderElection7 ELECTION round 0: result REJECTED
2022-11-10 07:08:39,987 [e793aa28-cf77-4971-8074-fcdd8288c5ce@group-1FB8705FA86A-LeaderElection7] INFO  server.RaftServer$Division (RaftServerImpl.java:setRole(321)) - e793aa28-cf77-4971-8074-fcdd8288c5ce@group-1FB8705FA86A: changes role from CANDIDATE to FOLLOWER at term 1 for REJECTED
2022-11-10 07:08:39,987 [e793aa28-cf77-4971-8074-fcdd8288c5ce@group-1FB8705FA86A-LeaderElection7] INFO  impl.RoleInfo (RoleInfo.java:shutdownLeaderElection(130)) - e793aa28-cf77-4971-8074-fcdd8288c5ce: shutdown e793aa28-cf77-4971-8074-fcdd8288c5ce@group-1FB8705FA86A-LeaderElection7
2022-11-10 07:08:39,987 [e793aa28-cf77-4971-8074-fcdd8288c5ce@group-1FB8705FA86A-LeaderElection7] INFO  impl.RoleInfo (RoleInfo.java:updateAndGet(139)) - e793aa28-cf77-4971-8074-fcdd8288c5ce: start e793aa28-cf77-4971-8074-fcdd8288c5ce@group-1FB8705FA86A-FollowerState
2022-11-10 07:08:39,992 [e793aa28-cf77-4971-8074-fcdd8288c5ce@group-1FB8705FA86A-FollowerState] INFO  server.RaftServerConfigKeys (ConfUtils.java:logFallback(53)) - raft.server.rpc.first-election.timeout.min = 5s (fallback to raft.server.rpc.timeout.min)
2022-11-10 07:08:39,992 [e793aa28-cf77-4971-8074-fcdd8288c5ce@group-1FB8705FA86A-FollowerState] INFO  server.RaftServerConfigKeys (ConfUtils.java:logFallback(53)) - raft.server.rpc.first-election.timeout.max = 5200ms (fallback to raft.server.rpc.timeout.max)
2022-11-10 07:08:40,066 [7b1182b7-d54c-44fb-86ea-7d58e998a9db@group-5057D2E818B1-FollowerState] INFO  impl.FollowerState (FollowerState.java:run(143)) - 7b1182b7-d54c-44fb-86ea-7d58e998a9db@group-5057D2E818B1-FollowerState: change to CANDIDATE, lastRpcElapsedTime:5008268039ns, electionTimeout:5007ms
2022-11-10 07:08:40,066 [7b1182b7-d54c-44fb-86ea-7d58e998a9db@group-5057D2E818B1-FollowerState] INFO  impl.RoleInfo (RoleInfo.java:shutdownFollowerState(110)) - 7b1182b7-d54c-44fb-86ea-7d58e998a9db: shutdown 7b1182b7-d54c-44fb-86ea-7d58e998a9db@group-5057D2E818B1-FollowerState
2022-11-10 07:08:40,066 [7b1182b7-d54c-44fb-86ea-7d58e998a9db@group-5057D2E818B1-FollowerState] INFO  server.RaftServer$Division (RaftServerImpl.java:setRole(321)) - 7b1182b7-d54c-44fb-86ea-7d58e998a9db@group-5057D2E818B1: changes role from  FOLLOWER to CANDIDATE at term 0 for changeToCandidate
2022-11-10 07:08:40,068 [7b1182b7-d54c-44fb-86ea-7d58e998a9db@group-5057D2E818B1-FollowerState] INFO  server.RaftServerConfigKeys (ConfUtils.java:logGet(46)) - raft.server.leaderelection.pre-vote = false (custom)
2022-11-10 07:08:40,068 [7b1182b7-d54c-44fb-86ea-7d58e998a9db@group-5057D2E818B1-FollowerState] INFO  impl.RoleInfo (RoleInfo.java:updateAndGet(139)) - 7b1182b7-d54c-44fb-86ea-7d58e998a9db: start 7b1182b7-d54c-44fb-86ea-7d58e998a9db@group-5057D2E818B1-LeaderElection10
2022-11-10 07:08:40,071 [7b1182b7-d54c-44fb-86ea-7d58e998a9db@group-5057D2E818B1-LeaderElection10] INFO  impl.LeaderElection (LeaderElection.java:askForVotes(312)) - 7b1182b7-d54c-44fb-86ea-7d58e998a9db@group-5057D2E818B1-LeaderElection10 ELECTION round 0: submit vote requests at term 1 for -1: peers:[e793aa28-cf77-4971-8074-fcdd8288c5ce|rpc:127.0.0.1:36847|dataStream:|priority:1|startupRole:FOLLOWER, 7b1182b7-d54c-44fb-86ea-7d58e998a9db|rpc:127.0.0.1:34927|dataStream:|priority:0|startupRole:FOLLOWER, b187db32-a43b-4ea5-9e1b-16734133a38f|rpc:127.0.0.1:40995|dataStream:|priority:0|startupRole:FOLLOWER]|listeners:[], old=null
2022-11-10 07:08:40,071 [7b1182b7-d54c-44fb-86ea-7d58e998a9db@group-5057D2E818B1-LeaderElection10-1] INFO  server.GrpcServerProtocolClient (GrpcServerProtocolClient.java:<init>(63)) - Build channel for e793aa28-cf77-4971-8074-fcdd8288c5ce
2022-11-10 07:08:40,071 [7b1182b7-d54c-44fb-86ea-7d58e998a9db@group-5057D2E818B1-LeaderElection10] INFO  server.RaftServerConfigKeys (ConfUtils.java:logFallback(53)) - raft.server.rpc.first-election.timeout.min = 5s (fallback to raft.server.rpc.timeout.min)
2022-11-10 07:08:40,072 [7b1182b7-d54c-44fb-86ea-7d58e998a9db@group-5057D2E818B1-LeaderElection10] INFO  server.RaftServerConfigKeys (ConfUtils.java:logFallback(53)) - raft.server.rpc.first-election.timeout.max = 5200ms (fallback to raft.server.rpc.timeout.max)
2022-11-10 07:08:40,072 [7b1182b7-d54c-44fb-86ea-7d58e998a9db@group-5057D2E818B1-LeaderElection10-2] INFO  server.GrpcServerProtocolClient (GrpcServerProtocolClient.java:<init>(63)) - Build channel for b187db32-a43b-4ea5-9e1b-16734133a38f
2022-11-10 07:08:40,088 [grpc-default-executor-1] INFO  server.RaftServer$Division (RaftServerImpl.java:requestVote(1218)) - e793aa28-cf77-4971-8074-fcdd8288c5ce@group-5057D2E818B1: receive requestVote(ELECTION, 7b1182b7-d54c-44fb-86ea-7d58e998a9db, group-5057D2E818B1, 1, (t:0, i:0))
2022-11-10 07:08:40,089 [grpc-default-executor-1] INFO  impl.VoteContext (VoteContext.java:log(48)) - e793aa28-cf77-4971-8074-fcdd8288c5ce@group-5057D2E818B1-FOLLOWER: reject ELECTION from 7b1182b7-d54c-44fb-86ea-7d58e998a9db: our priority 1 > candidate's priority 0
2022-11-10 07:08:40,089 [grpc-default-executor-1] INFO  server.RaftServer$Division (RaftServerImpl.java:setRole(321)) - e793aa28-cf77-4971-8074-fcdd8288c5ce@group-5057D2E818B1: changes role from  FOLLOWER to FOLLOWER at term 1 for candidate:7b1182b7-d54c-44fb-86ea-7d58e998a9db
2022-11-10 07:08:40,089 [grpc-default-executor-1] INFO  impl.RoleInfo (RoleInfo.java:shutdownFollowerState(110)) - e793aa28-cf77-4971-8074-fcdd8288c5ce: shutdown e793aa28-cf77-4971-8074-fcdd8288c5ce@group-5057D2E818B1-FollowerState
2022-11-10 07:08:40,089 [e793aa28-cf77-4971-8074-fcdd8288c5ce@group-5057D2E818B1-FollowerState] INFO  impl.FollowerState (FollowerState.java:run(152)) - e793aa28-cf77-4971-8074-fcdd8288c5ce@group-5057D2E818B1-FollowerState was interrupted
2022-11-10 07:08:40,090 [grpc-default-executor-1] INFO  impl.RoleInfo (RoleInfo.java:updateAndGet(139)) - e793aa28-cf77-4971-8074-fcdd8288c5ce: start e793aa28-cf77-4971-8074-fcdd8288c5ce@group-5057D2E818B1-FollowerState
2022-11-10 07:08:40,090 [grpc-default-executor-5] INFO  server.RaftServer$Division (RaftServerImpl.java:requestVote(1218)) - b187db32-a43b-4ea5-9e1b-16734133a38f@group-5057D2E818B1: receive requestVote(ELECTION, 7b1182b7-d54c-44fb-86ea-7d58e998a9db, group-5057D2E818B1, 1, (t:0, i:0))
2022-11-10 07:08:40,090 [grpc-default-executor-5] INFO  impl.VoteContext (VoteContext.java:log(48)) - b187db32-a43b-4ea5-9e1b-16734133a38f@group-5057D2E818B1-FOLLOWER: accept ELECTION from 7b1182b7-d54c-44fb-86ea-7d58e998a9db: our priority 0 <= candidate's priority 0
2022-11-10 07:08:40,091 [grpc-default-executor-5] INFO  server.RaftServer$Division (RaftServerImpl.java:setRole(321)) - b187db32-a43b-4ea5-9e1b-16734133a38f@group-5057D2E818B1: changes role from  FOLLOWER to FOLLOWER at term 1 for candidate:7b1182b7-d54c-44fb-86ea-7d58e998a9db
2022-11-10 07:08:40,091 [grpc-default-executor-5] INFO  impl.RoleInfo (RoleInfo.java:shutdownFollowerState(110)) - b187db32-a43b-4ea5-9e1b-16734133a38f: shutdown b187db32-a43b-4ea5-9e1b-16734133a38f@group-5057D2E818B1-FollowerState
2022-11-10 07:08:40,098 [grpc-default-executor-1] INFO  server.RaftServer$Division (RaftServerImpl.java:requestVote(1251)) - e793aa28-cf77-4971-8074-fcdd8288c5ce@group-5057D2E818B1 replies to ELECTION vote request: 7b1182b7-d54c-44fb-86ea-7d58e998a9db<-e793aa28-cf77-4971-8074-fcdd8288c5ce#0:FAIL-t1. Peer's state: e793aa28-cf77-4971-8074-fcdd8288c5ce@group-5057D2E818B1:t1, leader=null, voted=null, raftlog=Memoized:e793aa28-cf77-4971-8074-fcdd8288c5ce@group-5057D2E818B1-SegmentedRaftLog:OPENED:c-1, conf=-1: peers:[e793aa28-cf77-4971-8074-fcdd8288c5ce|rpc:127.0.0.1:36847|priority:1|startupRole:FOLLOWER, 7b1182b7-d54c-44fb-86ea-7d58e998a9db|rpc:127.0.0.1:34927|priority:0|startupRole:FOLLOWER, b187db32-a43b-4ea5-9e1b-16734133a38f|rpc:127.0.0.1:40995|priority:0|startupRole:FOLLOWER]|listeners:[], old=null
2022-11-10 07:08:40,099 [b187db32-a43b-4ea5-9e1b-16734133a38f@group-5057D2E818B1-FollowerState] INFO  impl.FollowerState (FollowerState.java:run(152)) - b187db32-a43b-4ea5-9e1b-16734133a38f@group-5057D2E818B1-FollowerState was interrupted
2022-11-10 07:08:40,099 [e793aa28-cf77-4971-8074-fcdd8288c5ce@group-5057D2E818B1-FollowerState] INFO  server.RaftServerConfigKeys (ConfUtils.java:logFallback(53)) - raft.server.rpc.first-election.timeout.min = 5s (fallback to raft.server.rpc.timeout.min)
2022-11-10 07:08:40,099 [e793aa28-cf77-4971-8074-fcdd8288c5ce@group-5057D2E818B1-FollowerState] INFO  server.RaftServerConfigKeys (ConfUtils.java:logFallback(53)) - raft.server.rpc.first-election.timeout.max = 5200ms (fallback to raft.server.rpc.timeout.max)
2022-11-10 07:08:40,099 [7b1182b7-d54c-44fb-86ea-7d58e998a9db@group-5057D2E818B1-LeaderElection10] INFO  impl.LeaderElection (LeaderElection.java:logAndReturn(90)) - 7b1182b7-d54c-44fb-86ea-7d58e998a9db@group-5057D2E818B1-LeaderElection10: ELECTION REJECTED received 1 response(s) and 0 exception(s):
2022-11-10 07:08:40,099 [7b1182b7-d54c-44fb-86ea-7d58e998a9db@group-5057D2E818B1-LeaderElection10] INFO  impl.LeaderElection (LeaderElection.java:logAndReturn(94)) -   Response 0: 7b1182b7-d54c-44fb-86ea-7d58e998a9db<-e793aa28-cf77-4971-8074-fcdd8288c5ce#0:FAIL-t1
2022-11-10 07:08:40,099 [7b1182b7-d54c-44fb-86ea-7d58e998a9db@group-5057D2E818B1-LeaderElection10] INFO  impl.LeaderElection (LeaderElection.java:askForVotes(314)) - 7b1182b7-d54c-44fb-86ea-7d58e998a9db@group-5057D2E818B1-LeaderElection10 ELECTION round 0: result REJECTED
2022-11-10 07:08:40,099 [7b1182b7-d54c-44fb-86ea-7d58e998a9db@group-5057D2E818B1-LeaderElection10] INFO  server.RaftServer$Division (RaftServerImpl.java:setRole(321)) - 7b1182b7-d54c-44fb-86ea-7d58e998a9db@group-5057D2E818B1: changes role from CANDIDATE to FOLLOWER at term 1 for REJECTED
2022-11-10 07:08:40,099 [7b1182b7-d54c-44fb-86ea-7d58e998a9db@group-5057D2E818B1-LeaderElection10] INFO  impl.RoleInfo (RoleInfo.java:shutdownLeaderElection(130)) - 7b1182b7-d54c-44fb-86ea-7d58e998a9db: shutdown 7b1182b7-d54c-44fb-86ea-7d58e998a9db@group-5057D2E818B1-LeaderElection10
2022-11-10 07:08:40,099 [7b1182b7-d54c-44fb-86ea-7d58e998a9db@group-5057D2E818B1-LeaderElection10] INFO  impl.RoleInfo (RoleInfo.java:updateAndGet(139)) - 7b1182b7-d54c-44fb-86ea-7d58e998a9db: start 7b1182b7-d54c-44fb-86ea-7d58e998a9db@group-5057D2E818B1-FollowerState
2022-11-10 07:08:40,104 [grpc-default-executor-5] INFO  impl.RoleInfo (RoleInfo.java:updateAndGet(139)) - b187db32-a43b-4ea5-9e1b-16734133a38f: start b187db32-a43b-4ea5-9e1b-16734133a38f@group-5057D2E818B1-FollowerState
2022-11-10 07:08:40,104 [7b1182b7-d54c-44fb-86ea-7d58e998a9db@group-5057D2E818B1-FollowerState] INFO  server.RaftServerConfigKeys (ConfUtils.java:logFallback(53)) - raft.server.rpc.first-election.timeout.min = 5s (fallback to raft.server.rpc.timeout.min)
2022-11-10 07:08:40,104 [7b1182b7-d54c-44fb-86ea-7d58e998a9db@group-5057D2E818B1-FollowerState] INFO  server.RaftServerConfigKeys (ConfUtils.java:logFallback(53)) - raft.server.rpc.first-election.timeout.max = 5200ms (fallback to raft.server.rpc.timeout.max)
2022-11-10 07:08:40,106 [b187db32-a43b-4ea5-9e1b-16734133a38f@group-5057D2E818B1-FollowerState] INFO  server.RaftServerConfigKeys (ConfUtils.java:logFallback(53)) - raft.server.rpc.first-election.timeout.min = 5s (fallback to raft.server.rpc.timeout.min)
2022-11-10 07:08:40,106 [b187db32-a43b-4ea5-9e1b-16734133a38f@group-5057D2E818B1-FollowerState] INFO  server.RaftServerConfigKeys (ConfUtils.java:logFallback(53)) - raft.server.rpc.first-election.timeout.max = 5200ms (fallback to raft.server.rpc.timeout.max)
2022-11-10 07:08:40,106 [grpc-default-executor-5] INFO  server.RaftServer$Division (RaftServerImpl.java:requestVote(1251)) - b187db32-a43b-4ea5-9e1b-16734133a38f@group-5057D2E818B1 replies to ELECTION vote request: 7b1182b7-d54c-44fb-86ea-7d58e998a9db<-b187db32-a43b-4ea5-9e1b-16734133a38f#0:OK-t1. Peer's state: b187db32-a43b-4ea5-9e1b-16734133a38f@group-5057D2E818B1:t1, leader=null, voted=7b1182b7-d54c-44fb-86ea-7d58e998a9db, raftlog=Memoized:b187db32-a43b-4ea5-9e1b-16734133a38f@group-5057D2E818B1-SegmentedRaftLog:OPENED:c-1, conf=-1: peers:[e793aa28-cf77-4971-8074-fcdd8288c5ce|rpc:127.0.0.1:36847|dataStream:|priority:1|startupRole:FOLLOWER, 7b1182b7-d54c-44fb-86ea-7d58e998a9db|rpc:127.0.0.1:34927|dataStream:|priority:0|startupRole:FOLLOWER, b187db32-a43b-4ea5-9e1b-16734133a38f|rpc:127.0.0.1:40995|dataStream:|priority:0|startupRole:FOLLOWER]|listeners:[], old=null
2022-11-10 07:08:40,305 [7b1182b7-d54c-44fb-86ea-7d58e998a9db@group-4ADC2D483C6E-FollowerState] INFO  impl.FollowerState (FollowerState.java:run(143)) - 7b1182b7-d54c-44fb-86ea-7d58e998a9db@group-4ADC2D483C6E-FollowerState: change to CANDIDATE, lastRpcElapsedTime:5064228228ns, electionTimeout:5063ms
2022-11-10 07:08:40,305 [7b1182b7-d54c-44fb-86ea-7d58e998a9db@group-4ADC2D483C6E-FollowerState] INFO  impl.RoleInfo (RoleInfo.java:shutdownFollowerState(110)) - 7b1182b7-d54c-44fb-86ea-7d58e998a9db: shutdown 7b1182b7-d54c-44fb-86ea-7d58e998a9db@group-4ADC2D483C6E-FollowerState
2022-11-10 07:08:40,305 [7b1182b7-d54c-44fb-86ea-7d58e998a9db@group-4ADC2D483C6E-FollowerState] INFO  server.RaftServer$Division (RaftServerImpl.java:setRole(321)) - 7b1182b7-d54c-44fb-86ea-7d58e998a9db@group-4ADC2D483C6E: changes role from  FOLLOWER to CANDIDATE at term 0 for changeToCandidate
2022-11-10 07:08:40,309 [7b1182b7-d54c-44fb-86ea-7d58e998a9db@group-4ADC2D483C6E-FollowerState] INFO  server.RaftServerConfigKeys (ConfUtils.java:logGet(46)) - raft.server.leaderelection.pre-vote = false (custom)
2022-11-10 07:08:40,309 [7b1182b7-d54c-44fb-86ea-7d58e998a9db@group-4ADC2D483C6E-FollowerState] INFO  impl.RoleInfo (RoleInfo.java:updateAndGet(139)) - 7b1182b7-d54c-44fb-86ea-7d58e998a9db: start 7b1182b7-d54c-44fb-86ea-7d58e998a9db@group-4ADC2D483C6E-LeaderElection11
2022-11-10 07:08:40,329 [7b1182b7-d54c-44fb-86ea-7d58e998a9db@group-4ADC2D483C6E-LeaderElection11] INFO  impl.LeaderElection (LeaderElection.java:askForVotes(312)) - 7b1182b7-d54c-44fb-86ea-7d58e998a9db@group-4ADC2D483C6E-LeaderElection11 ELECTION round 0: submit vote requests at term 1 for -1: peers:[7b1182b7-d54c-44fb-86ea-7d58e998a9db|rpc:127.0.0.1:34927|priority:1|startupRole:FOLLOWER]|listeners:[], old=null
2022-11-10 07:08:40,330 [7b1182b7-d54c-44fb-86ea-7d58e998a9db@group-4ADC2D483C6E-LeaderElection11] INFO  impl.LeaderElection (LeaderElection.java:askForVotes(314)) - 7b1182b7-d54c-44fb-86ea-7d58e998a9db@group-4ADC2D483C6E-LeaderElection11 ELECTION round 0: result PASSED (term=1)
2022-11-10 07:08:40,330 [7b1182b7-d54c-44fb-86ea-7d58e998a9db@group-4ADC2D483C6E-LeaderElection11] INFO  impl.RoleInfo (RoleInfo.java:shutdownLeaderElection(130)) - 7b1182b7-d54c-44fb-86ea-7d58e998a9db: shutdown 7b1182b7-d54c-44fb-86ea-7d58e998a9db@group-4ADC2D483C6E-LeaderElection11
2022-11-10 07:08:40,330 [7b1182b7-d54c-44fb-86ea-7d58e998a9db@group-4ADC2D483C6E-LeaderElection11] INFO  server.RaftServer$Division (RaftServerImpl.java:setRole(321)) - 7b1182b7-d54c-44fb-86ea-7d58e998a9db@group-4ADC2D483C6E: changes role from CANDIDATE to LEADER at term 1 for changeToLeader
2022-11-10 07:08:40,330 [7b1182b7-d54c-44fb-86ea-7d58e998a9db@group-4ADC2D483C6E-LeaderElection11] INFO  ratis.XceiverServerRatis (XceiverServerRatis.java:handleLeaderChangedNotification(863)) - Leader change notification received for group: group-4ADC2D483C6E with new leaderId: 7b1182b7-d54c-44fb-86ea-7d58e998a9db
2022-11-10 07:08:40,330 [7b1182b7-d54c-44fb-86ea-7d58e998a9db@group-4ADC2D483C6E-LeaderElection11] INFO  server.RaftServer$Division (ServerState.java:setLeader(313)) - 7b1182b7-d54c-44fb-86ea-7d58e998a9db@group-4ADC2D483C6E: change Leader from null to 7b1182b7-d54c-44fb-86ea-7d58e998a9db at term 1 for becomeLeader, leader elected after 5104ms
2022-11-10 07:08:40,330 [7b1182b7-d54c-44fb-86ea-7d58e998a9db@group-4ADC2D483C6E-LeaderElection11] INFO  server.RaftServerConfigKeys (ConfUtils.java:logGet(46)) - raft.server.staging.catchup.gap = 1000 (default)
2022-11-10 07:08:40,332 [EventQueue-OpenPipelineForHealthyPipelineSafeModeRule] INFO  safemode.SCMSafeModeManager (HealthyPipelineSafeModeRule.java:process(137)) - SCM in safe mode. Healthy pipelines reported count is 0, required healthy pipeline reported count is 1
2022-11-10 07:08:40,332 [EventQueue-OpenPipelineForHealthyPipelineSafeModeRule] INFO  safemode.SCMSafeModeManager (HealthyPipelineSafeModeRule.java:process(137)) - SCM in safe mode. Healthy pipelines reported count is 0, required healthy pipeline reported count is 1
2022-11-10 07:08:40,332 [7b1182b7-d54c-44fb-86ea-7d58e998a9db@group-4ADC2D483C6E-LeaderElection11] INFO  server.RaftServerConfigKeys (ConfUtils.java:logGet(46)) - raft.server.write.element-limit = 1024 (custom)
2022-11-10 07:08:40,332 [7b1182b7-d54c-44fb-86ea-7d58e998a9db@group-4ADC2D483C6E-LeaderElection11] INFO  server.RaftServerConfigKeys (ConfUtils.java:logGet(46)) - raft.server.write.byte-limit = 1024 M (=1073741824) (custom)
2022-11-10 07:08:40,332 [EventQueue-OpenPipelineForHealthyPipelineSafeModeRule] INFO  safemode.SCMSafeModeManager (HealthyPipelineSafeModeRule.java:process(137)) - SCM in safe mode. Healthy pipelines reported count is 0, required healthy pipeline reported count is 1
2022-11-10 07:08:40,333 [7b1182b7-d54c-44fb-86ea-7d58e998a9db@group-4ADC2D483C6E-LeaderElection11] INFO  server.RaftServerConfigKeys (ConfUtils.java:logGet(46)) - raft.server.watch.timeout = 180s (custom)
2022-11-10 07:08:40,333 [7b1182b7-d54c-44fb-86ea-7d58e998a9db@group-4ADC2D483C6E-LeaderElection11] INFO  server.RaftServerConfigKeys (ConfUtils.java:logGet(46)) - raft.server.watch.timeout.denomination = 1s (default)
2022-11-10 07:08:40,333 [7b1182b7-d54c-44fb-86ea-7d58e998a9db@group-4ADC2D483C6E-LeaderElection11] INFO  server.RaftServerConfigKeys (ConfUtils.java:logGet(46)) - raft.server.watch.element-limit = 65536 (default)
2022-11-10 07:08:40,333 [7b1182b7-d54c-44fb-86ea-7d58e998a9db@group-4ADC2D483C6E-LeaderElection11] INFO  server.RaftServerConfigKeys (ConfUtils.java:logGet(46)) - raft.server.write.element-limit = 1024 (custom)
2022-11-10 07:08:40,333 [7b1182b7-d54c-44fb-86ea-7d58e998a9db@group-4ADC2D483C6E-LeaderElection11] INFO  server.RaftServerConfigKeys (ConfUtils.java:logGet(46)) - raft.server.write.follower.gap.ratio.max = -1.0 (default)
2022-11-10 07:08:40,333 [7b1182b7-d54c-44fb-86ea-7d58e998a9db@group-4ADC2D483C6E-LeaderElection11] INFO  impl.RoleInfo (RoleInfo.java:updateAndGet(139)) - 7b1182b7-d54c-44fb-86ea-7d58e998a9db: start 7b1182b7-d54c-44fb-86ea-7d58e998a9db@group-4ADC2D483C6E-LeaderStateImpl
2022-11-10 07:08:40,333 [7b1182b7-d54c-44fb-86ea-7d58e998a9db@group-4ADC2D483C6E-LeaderElection11] INFO  segmented.SegmentedRaftLogWorker (SegmentedRaftLogWorker.java:startLogSegment(452)) - 7b1182b7-d54c-44fb-86ea-7d58e998a9db@group-4ADC2D483C6E-SegmentedRaftLogWorker: Starting segment from index:0
2022-11-10 07:08:40,340 [7b1182b7-d54c-44fb-86ea-7d58e998a9db@group-4ADC2D483C6E-LeaderElection11] INFO  server.RaftServer$Division (ServerState.java:setRaftConf(430)) - 7b1182b7-d54c-44fb-86ea-7d58e998a9db@group-4ADC2D483C6E: set configuration 0: peers:[7b1182b7-d54c-44fb-86ea-7d58e998a9db|rpc:127.0.0.1:34927|dataStream:|priority:1|startupRole:FOLLOWER]|listeners:[], old=null
2022-11-10 07:08:40,342 [7b1182b7-d54c-44fb-86ea-7d58e998a9db@group-4ADC2D483C6E-SegmentedRaftLogWorker] INFO  segmented.SegmentedRaftLogWorker (SegmentedRaftLogWorker.java:execute(656)) - 7b1182b7-d54c-44fb-86ea-7d58e998a9db@group-4ADC2D483C6E-SegmentedRaftLogWorker: created new log segment /home/runner/work/ozone/ozone/hadoop-ozone/integration-test/target/test-dir/MiniOzoneClusterImpl-a89f51d4-237d-44f8-8386-a6bae3bff50d/datanode-1/data/ratis/4fe87e73-9939-47d3-83a9-4adc2d483c6e/current/log_inprogress_0
2022-11-10 07:08:40,534 [Listener at 127.0.0.1/40377] INFO  ozone.MiniOzoneClusterImpl (MiniOzoneClusterImpl.java:lambda$waitForClusterToBeReady$0(216)) - Nodes are ready. Got 3 of 3 DN Heartbeats.
2022-11-10 07:08:40,534 [Listener at 127.0.0.1/40377] INFO  ozone.MiniOzoneClusterImpl (MiniOzoneClusterImpl.java:lambda$waitForClusterToBeReady$0(219)) - Waiting for cluster to exit safe mode
2022-11-10 07:08:40,535 [Listener at 127.0.0.1/40377] INFO  ozone.MiniOzoneClusterImpl (MiniOzoneClusterImpl.java:lambda$waitForClusterToBeReady$0(221)) - SCM became leader
2022-11-10 07:08:40,708 [b187db32-a43b-4ea5-9e1b-16734133a38f@group-10326A394BC7-FollowerState] INFO  impl.FollowerState (FollowerState.java:run(143)) - b187db32-a43b-4ea5-9e1b-16734133a38f@group-10326A394BC7-FollowerState: change to CANDIDATE, lastRpcElapsedTime:5135163653ns, electionTimeout:5131ms
2022-11-10 07:08:40,708 [b187db32-a43b-4ea5-9e1b-16734133a38f@group-10326A394BC7-FollowerState] INFO  impl.RoleInfo (RoleInfo.java:shutdownFollowerState(110)) - b187db32-a43b-4ea5-9e1b-16734133a38f: shutdown b187db32-a43b-4ea5-9e1b-16734133a38f@group-10326A394BC7-FollowerState
2022-11-10 07:08:40,708 [b187db32-a43b-4ea5-9e1b-16734133a38f@group-10326A394BC7-FollowerState] INFO  server.RaftServer$Division (RaftServerImpl.java:setRole(321)) - b187db32-a43b-4ea5-9e1b-16734133a38f@group-10326A394BC7: changes role from  FOLLOWER to CANDIDATE at term 0 for changeToCandidate
2022-11-10 07:08:40,710 [b187db32-a43b-4ea5-9e1b-16734133a38f@group-10326A394BC7-FollowerState] INFO  server.RaftServerConfigKeys (ConfUtils.java:logGet(46)) - raft.server.leaderelection.pre-vote = false (custom)
2022-11-10 07:08:40,710 [b187db32-a43b-4ea5-9e1b-16734133a38f@group-10326A394BC7-FollowerState] INFO  impl.RoleInfo (RoleInfo.java:updateAndGet(139)) - b187db32-a43b-4ea5-9e1b-16734133a38f: start b187db32-a43b-4ea5-9e1b-16734133a38f@group-10326A394BC7-LeaderElection12
2022-11-10 07:08:40,715 [b187db32-a43b-4ea5-9e1b-16734133a38f@group-10326A394BC7-LeaderElection12] INFO  impl.LeaderElection (LeaderElection.java:askForVotes(312)) - b187db32-a43b-4ea5-9e1b-16734133a38f@group-10326A394BC7-LeaderElection12 ELECTION round 0: submit vote requests at term 1 for -1: peers:[b187db32-a43b-4ea5-9e1b-16734133a38f|rpc:127.0.0.1:40995|priority:1|startupRole:FOLLOWER]|listeners:[], old=null
2022-11-10 07:08:40,715 [b187db32-a43b-4ea5-9e1b-16734133a38f@group-10326A394BC7-LeaderElection12] INFO  impl.LeaderElection (LeaderElection.java:askForVotes(314)) - b187db32-a43b-4ea5-9e1b-16734133a38f@group-10326A394BC7-LeaderElection12 ELECTION round 0: result PASSED (term=1)
2022-11-10 07:08:40,715 [b187db32-a43b-4ea5-9e1b-16734133a38f@group-10326A394BC7-LeaderElection12] INFO  impl.RoleInfo (RoleInfo.java:shutdownLeaderElection(130)) - b187db32-a43b-4ea5-9e1b-16734133a38f: shutdown b187db32-a43b-4ea5-9e1b-16734133a38f@group-10326A394BC7-LeaderElection12
2022-11-10 07:08:40,715 [b187db32-a43b-4ea5-9e1b-16734133a38f@group-10326A394BC7-LeaderElection12] INFO  server.RaftServer$Division (RaftServerImpl.java:setRole(321)) - b187db32-a43b-4ea5-9e1b-16734133a38f@group-10326A394BC7: changes role from CANDIDATE to LEADER at term 1 for changeToLeader
2022-11-10 07:08:40,715 [b187db32-a43b-4ea5-9e1b-16734133a38f@group-10326A394BC7-LeaderElection12] INFO  ratis.XceiverServerRatis (XceiverServerRatis.java:handleLeaderChangedNotification(863)) - Leader change notification received for group: group-10326A394BC7 with new leaderId: b187db32-a43b-4ea5-9e1b-16734133a38f
2022-11-10 07:08:40,715 [b187db32-a43b-4ea5-9e1b-16734133a38f@group-10326A394BC7-LeaderElection12] INFO  server.RaftServer$Division (ServerState.java:setLeader(313)) - b187db32-a43b-4ea5-9e1b-16734133a38f@group-10326A394BC7: change Leader from null to b187db32-a43b-4ea5-9e1b-16734133a38f at term 1 for becomeLeader, leader elected after 5163ms
2022-11-10 07:08:40,715 [b187db32-a43b-4ea5-9e1b-16734133a38f@group-10326A394BC7-LeaderElection12] INFO  server.RaftServerConfigKeys (ConfUtils.java:logGet(46)) - raft.server.staging.catchup.gap = 1000 (default)
2022-11-10 07:08:40,716 [b187db32-a43b-4ea5-9e1b-16734133a38f@group-10326A394BC7-LeaderElection12] INFO  server.RaftServerConfigKeys (ConfUtils.java:logGet(46)) - raft.server.write.element-limit = 1024 (custom)
2022-11-10 07:08:40,716 [b187db32-a43b-4ea5-9e1b-16734133a38f@group-10326A394BC7-LeaderElection12] INFO  server.RaftServerConfigKeys (ConfUtils.java:logGet(46)) - raft.server.write.byte-limit = 1024 M (=1073741824) (custom)
2022-11-10 07:08:40,717 [b187db32-a43b-4ea5-9e1b-16734133a38f@group-10326A394BC7-LeaderElection12] INFO  server.RaftServerConfigKeys (ConfUtils.java:logGet(46)) - raft.server.watch.timeout = 180s (custom)
2022-11-10 07:08:40,717 [EventQueue-OpenPipelineForHealthyPipelineSafeModeRule] INFO  safemode.SCMSafeModeManager (HealthyPipelineSafeModeRule.java:process(137)) - SCM in safe mode. Healthy pipelines reported count is 0, required healthy pipeline reported count is 1
2022-11-10 07:08:40,717 [EventQueue-OpenPipelineForHealthyPipelineSafeModeRule] INFO  safemode.SCMSafeModeManager (HealthyPipelineSafeModeRule.java:process(137)) - SCM in safe mode. Healthy pipelines reported count is 0, required healthy pipeline reported count is 1
2022-11-10 07:08:40,717 [b187db32-a43b-4ea5-9e1b-16734133a38f@group-10326A394BC7-LeaderElection12] INFO  server.RaftServerConfigKeys (ConfUtils.java:logGet(46)) - raft.server.watch.timeout.denomination = 1s (default)
2022-11-10 07:08:40,717 [b187db32-a43b-4ea5-9e1b-16734133a38f@group-10326A394BC7-LeaderElection12] INFO  server.RaftServerConfigKeys (ConfUtils.java:logGet(46)) - raft.server.watch.element-limit = 65536 (default)
2022-11-10 07:08:40,717 [b187db32-a43b-4ea5-9e1b-16734133a38f@group-10326A394BC7-LeaderElection12] INFO  server.RaftServerConfigKeys (ConfUtils.java:logGet(46)) - raft.server.write.element-limit = 1024 (custom)
2022-11-10 07:08:40,717 [b187db32-a43b-4ea5-9e1b-16734133a38f@group-10326A394BC7-LeaderElection12] INFO  server.RaftServerConfigKeys (ConfUtils.java:logGet(46)) - raft.server.write.follower.gap.ratio.max = -1.0 (default)
2022-11-10 07:08:40,717 [b187db32-a43b-4ea5-9e1b-16734133a38f@group-10326A394BC7-LeaderElection12] INFO  impl.RoleInfo (RoleInfo.java:updateAndGet(139)) - b187db32-a43b-4ea5-9e1b-16734133a38f: start b187db32-a43b-4ea5-9e1b-16734133a38f@group-10326A394BC7-LeaderStateImpl
2022-11-10 07:08:40,718 [b187db32-a43b-4ea5-9e1b-16734133a38f@group-10326A394BC7-LeaderElection12] INFO  segmented.SegmentedRaftLogWorker (SegmentedRaftLogWorker.java:startLogSegment(452)) - b187db32-a43b-4ea5-9e1b-16734133a38f@group-10326A394BC7-SegmentedRaftLogWorker: Starting segment from index:0
2022-11-10 07:08:40,718 [EventQueue-OpenPipelineForHealthyPipelineSafeModeRule] INFO  safemode.SCMSafeModeManager (HealthyPipelineSafeModeRule.java:process(137)) - SCM in safe mode. Healthy pipelines reported count is 0, required healthy pipeline reported count is 1
2022-11-10 07:08:40,719 [b187db32-a43b-4ea5-9e1b-16734133a38f@group-10326A394BC7-SegmentedRaftLogWorker] INFO  segmented.SegmentedRaftLogWorker (SegmentedRaftLogWorker.java:execute(656)) - b187db32-a43b-4ea5-9e1b-16734133a38f@group-10326A394BC7-SegmentedRaftLogWorker: created new log segment /home/runner/work/ozone/ozone/hadoop-ozone/integration-test/target/test-dir/MiniOzoneClusterImpl-a89f51d4-237d-44f8-8386-a6bae3bff50d/datanode-2/data/ratis/8ee2f0ae-4a65-4b1f-9263-10326a394bc7/current/log_inprogress_0
2022-11-10 07:08:40,719 [b187db32-a43b-4ea5-9e1b-16734133a38f@group-10326A394BC7-LeaderElection12] INFO  server.RaftServer$Division (ServerState.java:setRaftConf(430)) - b187db32-a43b-4ea5-9e1b-16734133a38f@group-10326A394BC7: set configuration 0: peers:[b187db32-a43b-4ea5-9e1b-16734133a38f|rpc:127.0.0.1:40995|dataStream:|priority:1|startupRole:FOLLOWER]|listeners:[], old=null
2022-11-10 07:08:41,535 [Listener at 127.0.0.1/40377] INFO  ozone.MiniOzoneClusterImpl (MiniOzoneClusterImpl.java:lambda$waitForClusterToBeReady$0(216)) - Nodes are ready. Got 3 of 3 DN Heartbeats.
2022-11-10 07:08:41,535 [Listener at 127.0.0.1/40377] INFO  ozone.MiniOzoneClusterImpl (MiniOzoneClusterImpl.java:lambda$waitForClusterToBeReady$0(219)) - Waiting for cluster to exit safe mode
2022-11-10 07:08:41,535 [Listener at 127.0.0.1/40377] INFO  ozone.MiniOzoneClusterImpl (MiniOzoneClusterImpl.java:lambda$waitForClusterToBeReady$0(221)) - SCM became leader
2022-11-10 07:08:42,535 [Listener at 127.0.0.1/40377] INFO  ozone.MiniOzoneClusterImpl (MiniOzoneClusterImpl.java:lambda$waitForClusterToBeReady$0(216)) - Nodes are ready. Got 3 of 3 DN Heartbeats.
2022-11-10 07:08:42,535 [Listener at 127.0.0.1/40377] INFO  ozone.MiniOzoneClusterImpl (MiniOzoneClusterImpl.java:lambda$waitForClusterToBeReady$0(219)) - Waiting for cluster to exit safe mode
2022-11-10 07:08:42,535 [Listener at 127.0.0.1/40377] INFO  ozone.MiniOzoneClusterImpl (MiniOzoneClusterImpl.java:lambda$waitForClusterToBeReady$0(221)) - SCM became leader
2022-11-10 07:08:43,536 [Listener at 127.0.0.1/40377] INFO  ozone.MiniOzoneClusterImpl (MiniOzoneClusterImpl.java:lambda$waitForClusterToBeReady$0(216)) - Nodes are ready. Got 3 of 3 DN Heartbeats.
2022-11-10 07:08:43,536 [Listener at 127.0.0.1/40377] INFO  ozone.MiniOzoneClusterImpl (MiniOzoneClusterImpl.java:lambda$waitForClusterToBeReady$0(219)) - Waiting for cluster to exit safe mode
2022-11-10 07:08:43,536 [Listener at 127.0.0.1/40377] INFO  ozone.MiniOzoneClusterImpl (MiniOzoneClusterImpl.java:lambda$waitForClusterToBeReady$0(221)) - SCM became leader
2022-11-10 07:08:44,536 [Listener at 127.0.0.1/40377] INFO  ozone.MiniOzoneClusterImpl (MiniOzoneClusterImpl.java:lambda$waitForClusterToBeReady$0(216)) - Nodes are ready. Got 3 of 3 DN Heartbeats.
2022-11-10 07:08:44,536 [Listener at 127.0.0.1/40377] INFO  ozone.MiniOzoneClusterImpl (MiniOzoneClusterImpl.java:lambda$waitForClusterToBeReady$0(219)) - Waiting for cluster to exit safe mode
2022-11-10 07:08:44,536 [Listener at 127.0.0.1/40377] INFO  ozone.MiniOzoneClusterImpl (MiniOzoneClusterImpl.java:lambda$waitForClusterToBeReady$0(221)) - SCM became leader
2022-11-10 07:08:45,021 [e793aa28-cf77-4971-8074-fcdd8288c5ce@group-1FB8705FA86A-FollowerState] INFO  impl.FollowerState (FollowerState.java:run(143)) - e793aa28-cf77-4971-8074-fcdd8288c5ce@group-1FB8705FA86A-FollowerState: change to CANDIDATE, lastRpcElapsedTime:5033219940ns, electionTimeout:5028ms
2022-11-10 07:08:45,021 [e793aa28-cf77-4971-8074-fcdd8288c5ce@group-1FB8705FA86A-FollowerState] INFO  impl.RoleInfo (RoleInfo.java:shutdownFollowerState(110)) - e793aa28-cf77-4971-8074-fcdd8288c5ce: shutdown e793aa28-cf77-4971-8074-fcdd8288c5ce@group-1FB8705FA86A-FollowerState
2022-11-10 07:08:45,021 [e793aa28-cf77-4971-8074-fcdd8288c5ce@group-1FB8705FA86A-FollowerState] INFO  server.RaftServer$Division (RaftServerImpl.java:setRole(321)) - e793aa28-cf77-4971-8074-fcdd8288c5ce@group-1FB8705FA86A: changes role from  FOLLOWER to CANDIDATE at term 1 for changeToCandidate
2022-11-10 07:08:45,021 [e793aa28-cf77-4971-8074-fcdd8288c5ce@group-1FB8705FA86A-FollowerState] INFO  server.RaftServerConfigKeys (ConfUtils.java:logGet(46)) - raft.server.leaderelection.pre-vote = false (custom)
2022-11-10 07:08:45,021 [e793aa28-cf77-4971-8074-fcdd8288c5ce@group-1FB8705FA86A-FollowerState] INFO  impl.RoleInfo (RoleInfo.java:updateAndGet(139)) - e793aa28-cf77-4971-8074-fcdd8288c5ce: start e793aa28-cf77-4971-8074-fcdd8288c5ce@group-1FB8705FA86A-LeaderElection13
2022-11-10 07:08:45,024 [e793aa28-cf77-4971-8074-fcdd8288c5ce@group-1FB8705FA86A-LeaderElection13] INFO  impl.LeaderElection (LeaderElection.java:askForVotes(312)) - e793aa28-cf77-4971-8074-fcdd8288c5ce@group-1FB8705FA86A-LeaderElection13 ELECTION round 0: submit vote requests at term 2 for -1: peers:[e793aa28-cf77-4971-8074-fcdd8288c5ce|rpc:127.0.0.1:36847|priority:0|startupRole:FOLLOWER, 7b1182b7-d54c-44fb-86ea-7d58e998a9db|rpc:127.0.0.1:34927|priority:1|startupRole:FOLLOWER, b187db32-a43b-4ea5-9e1b-16734133a38f|rpc:127.0.0.1:40995|priority:0|startupRole:FOLLOWER]|listeners:[], old=null
2022-11-10 07:08:45,024 [e793aa28-cf77-4971-8074-fcdd8288c5ce@group-1FB8705FA86A-LeaderElection13] INFO  server.RaftServerConfigKeys (ConfUtils.java:logFallback(53)) - raft.server.rpc.first-election.timeout.min = 5s (fallback to raft.server.rpc.timeout.min)
2022-11-10 07:08:45,024 [e793aa28-cf77-4971-8074-fcdd8288c5ce@group-1FB8705FA86A-LeaderElection13] INFO  server.RaftServerConfigKeys (ConfUtils.java:logFallback(53)) - raft.server.rpc.first-election.timeout.max = 5200ms (fallback to raft.server.rpc.timeout.max)
2022-11-10 07:08:45,030 [grpc-default-executor-1] INFO  server.RaftServer$Division (RaftServerImpl.java:requestVote(1218)) - 7b1182b7-d54c-44fb-86ea-7d58e998a9db@group-1FB8705FA86A: receive requestVote(ELECTION, e793aa28-cf77-4971-8074-fcdd8288c5ce, group-1FB8705FA86A, 2, (t:0, i:0))
2022-11-10 07:08:45,030 [grpc-default-executor-1] INFO  impl.VoteContext (VoteContext.java:log(48)) - 7b1182b7-d54c-44fb-86ea-7d58e998a9db@group-1FB8705FA86A-FOLLOWER: reject ELECTION from e793aa28-cf77-4971-8074-fcdd8288c5ce: our priority 1 > candidate's priority 0
2022-11-10 07:08:45,030 [grpc-default-executor-1] INFO  server.RaftServer$Division (RaftServerImpl.java:setRole(321)) - 7b1182b7-d54c-44fb-86ea-7d58e998a9db@group-1FB8705FA86A: changes role from  FOLLOWER to FOLLOWER at term 2 for candidate:e793aa28-cf77-4971-8074-fcdd8288c5ce
2022-11-10 07:08:45,030 [grpc-default-executor-1] INFO  impl.RoleInfo (RoleInfo.java:shutdownFollowerState(110)) - 7b1182b7-d54c-44fb-86ea-7d58e998a9db: shutdown 7b1182b7-d54c-44fb-86ea-7d58e998a9db@group-1FB8705FA86A-FollowerState
2022-11-10 07:08:45,030 [grpc-default-executor-1] INFO  impl.RoleInfo (RoleInfo.java:updateAndGet(139)) - 7b1182b7-d54c-44fb-86ea-7d58e998a9db: start 7b1182b7-d54c-44fb-86ea-7d58e998a9db@group-1FB8705FA86A-FollowerState
2022-11-10 07:08:45,030 [7b1182b7-d54c-44fb-86ea-7d58e998a9db@group-1FB8705FA86A-FollowerState] INFO  impl.FollowerState (FollowerState.java:run(152)) - 7b1182b7-d54c-44fb-86ea-7d58e998a9db@group-1FB8705FA86A-FollowerState was interrupted
2022-11-10 07:08:45,031 [7b1182b7-d54c-44fb-86ea-7d58e998a9db@group-1FB8705FA86A-FollowerState] INFO  server.RaftServerConfigKeys (ConfUtils.java:logFallback(53)) - raft.server.rpc.first-election.timeout.min = 5s (fallback to raft.server.rpc.timeout.min)
2022-11-10 07:08:45,031 [7b1182b7-d54c-44fb-86ea-7d58e998a9db@group-1FB8705FA86A-FollowerState] INFO  server.RaftServerConfigKeys (ConfUtils.java:logFallback(53)) - raft.server.rpc.first-election.timeout.max = 5200ms (fallback to raft.server.rpc.timeout.max)
2022-11-10 07:08:45,032 [grpc-default-executor-1] INFO  server.RaftServer$Division (RaftServerImpl.java:requestVote(1251)) - 7b1182b7-d54c-44fb-86ea-7d58e998a9db@group-1FB8705FA86A replies to ELECTION vote request: e793aa28-cf77-4971-8074-fcdd8288c5ce<-7b1182b7-d54c-44fb-86ea-7d58e998a9db#0:FAIL-t2. Peer's state: 7b1182b7-d54c-44fb-86ea-7d58e998a9db@group-1FB8705FA86A:t2, leader=null, voted=null, raftlog=Memoized:7b1182b7-d54c-44fb-86ea-7d58e998a9db@group-1FB8705FA86A-SegmentedRaftLog:OPENED:c-1, conf=-1: peers:[e793aa28-cf77-4971-8074-fcdd8288c5ce|rpc:127.0.0.1:36847|dataStream:|priority:0|startupRole:FOLLOWER, 7b1182b7-d54c-44fb-86ea-7d58e998a9db|rpc:127.0.0.1:34927|dataStream:|priority:1|startupRole:FOLLOWER, b187db32-a43b-4ea5-9e1b-16734133a38f|rpc:127.0.0.1:40995|dataStream:|priority:0|startupRole:FOLLOWER]|listeners:[], old=null
2022-11-10 07:08:45,034 [grpc-default-executor-5] INFO  server.RaftServer$Division (RaftServerImpl.java:requestVote(1218)) - b187db32-a43b-4ea5-9e1b-16734133a38f@group-1FB8705FA86A: receive requestVote(ELECTION, e793aa28-cf77-4971-8074-fcdd8288c5ce, group-1FB8705FA86A, 2, (t:0, i:0))
2022-11-10 07:08:45,034 [e793aa28-cf77-4971-8074-fcdd8288c5ce@group-1FB8705FA86A-LeaderElection13] INFO  impl.LeaderElection (LeaderElection.java:logAndReturn(90)) - e793aa28-cf77-4971-8074-fcdd8288c5ce@group-1FB8705FA86A-LeaderElection13: ELECTION REJECTED received 1 response(s) and 0 exception(s):
2022-11-10 07:08:45,034 [e793aa28-cf77-4971-8074-fcdd8288c5ce@group-1FB8705FA86A-LeaderElection13] INFO  impl.LeaderElection (LeaderElection.java:logAndReturn(94)) -   Response 0: e793aa28-cf77-4971-8074-fcdd8288c5ce<-7b1182b7-d54c-44fb-86ea-7d58e998a9db#0:FAIL-t2
2022-11-10 07:08:45,034 [e793aa28-cf77-4971-8074-fcdd8288c5ce@group-1FB8705FA86A-LeaderElection13] INFO  impl.LeaderElection (LeaderElection.java:askForVotes(314)) - e793aa28-cf77-4971-8074-fcdd8288c5ce@group-1FB8705FA86A-LeaderElection13 ELECTION round 0: result REJECTED
2022-11-10 07:08:45,034 [e793aa28-cf77-4971-8074-fcdd8288c5ce@group-1FB8705FA86A-LeaderElection13] INFO  server.RaftServer$Division (RaftServerImpl.java:setRole(321)) - e793aa28-cf77-4971-8074-fcdd8288c5ce@group-1FB8705FA86A: changes role from CANDIDATE to FOLLOWER at term 2 for REJECTED
2022-11-10 07:08:45,034 [e793aa28-cf77-4971-8074-fcdd8288c5ce@group-1FB8705FA86A-LeaderElection13] INFO  impl.RoleInfo (RoleInfo.java:shutdownLeaderElection(130)) - e793aa28-cf77-4971-8074-fcdd8288c5ce: shutdown e793aa28-cf77-4971-8074-fcdd8288c5ce@group-1FB8705FA86A-LeaderElection13
2022-11-10 07:08:45,035 [e793aa28-cf77-4971-8074-fcdd8288c5ce@group-1FB8705FA86A-LeaderElection13] INFO  impl.RoleInfo (RoleInfo.java:updateAndGet(139)) - e793aa28-cf77-4971-8074-fcdd8288c5ce: start e793aa28-cf77-4971-8074-fcdd8288c5ce@group-1FB8705FA86A-FollowerState
2022-11-10 07:08:45,035 [e793aa28-cf77-4971-8074-fcdd8288c5ce@group-1FB8705FA86A-FollowerState] INFO  server.RaftServerConfigKeys (ConfUtils.java:logFallback(53)) - raft.server.rpc.first-election.timeout.min = 5s (fallback to raft.server.rpc.timeout.min)
2022-11-10 07:08:45,035 [e793aa28-cf77-4971-8074-fcdd8288c5ce@group-1FB8705FA86A-FollowerState] INFO  server.RaftServerConfigKeys (ConfUtils.java:logFallback(53)) - raft.server.rpc.first-election.timeout.max = 5200ms (fallback to raft.server.rpc.timeout.max)
2022-11-10 07:08:45,036 [grpc-default-executor-5] INFO  impl.VoteContext (VoteContext.java:log(48)) - b187db32-a43b-4ea5-9e1b-16734133a38f@group-1FB8705FA86A-FOLLOWER: accept ELECTION from e793aa28-cf77-4971-8074-fcdd8288c5ce: our priority 0 <= candidate's priority 0
2022-11-10 07:08:45,036 [grpc-default-executor-5] INFO  server.RaftServer$Division (RaftServerImpl.java:setRole(321)) - b187db32-a43b-4ea5-9e1b-16734133a38f@group-1FB8705FA86A: changes role from  FOLLOWER to FOLLOWER at term 2 for candidate:e793aa28-cf77-4971-8074-fcdd8288c5ce
2022-11-10 07:08:45,036 [grpc-default-executor-5] INFO  impl.RoleInfo (RoleInfo.java:shutdownFollowerState(110)) - b187db32-a43b-4ea5-9e1b-16734133a38f: shutdown b187db32-a43b-4ea5-9e1b-16734133a38f@group-1FB8705FA86A-FollowerState
2022-11-10 07:08:45,036 [b187db32-a43b-4ea5-9e1b-16734133a38f@group-1FB8705FA86A-FollowerState] INFO  impl.FollowerState (FollowerState.java:run(152)) - b187db32-a43b-4ea5-9e1b-16734133a38f@group-1FB8705FA86A-FollowerState was interrupted
2022-11-10 07:08:45,036 [grpc-default-executor-5] INFO  impl.RoleInfo (RoleInfo.java:updateAndGet(139)) - b187db32-a43b-4ea5-9e1b-16734133a38f: start b187db32-a43b-4ea5-9e1b-16734133a38f@group-1FB8705FA86A-FollowerState
2022-11-10 07:08:45,038 [b187db32-a43b-4ea5-9e1b-16734133a38f@group-1FB8705FA86A-FollowerState] INFO  server.RaftServerConfigKeys (ConfUtils.java:logFallback(53)) - raft.server.rpc.first-election.timeout.min = 5s (fallback to raft.server.rpc.timeout.min)
2022-11-10 07:08:45,041 [b187db32-a43b-4ea5-9e1b-16734133a38f@group-1FB8705FA86A-FollowerState] INFO  server.RaftServerConfigKeys (ConfUtils.java:logFallback(53)) - raft.server.rpc.first-election.timeout.max = 5200ms (fallback to raft.server.rpc.timeout.max)
2022-11-10 07:08:45,041 [grpc-default-executor-5] INFO  server.RaftServer$Division (RaftServerImpl.java:requestVote(1251)) - b187db32-a43b-4ea5-9e1b-16734133a38f@group-1FB8705FA86A replies to ELECTION vote request: e793aa28-cf77-4971-8074-fcdd8288c5ce<-b187db32-a43b-4ea5-9e1b-16734133a38f#0:OK-t2. Peer's state: b187db32-a43b-4ea5-9e1b-16734133a38f@group-1FB8705FA86A:t2, leader=null, voted=e793aa28-cf77-4971-8074-fcdd8288c5ce, raftlog=Memoized:b187db32-a43b-4ea5-9e1b-16734133a38f@group-1FB8705FA86A-SegmentedRaftLog:OPENED:c-1, conf=-1: peers:[e793aa28-cf77-4971-8074-fcdd8288c5ce|rpc:127.0.0.1:36847|dataStream:|priority:0|startupRole:FOLLOWER, 7b1182b7-d54c-44fb-86ea-7d58e998a9db|rpc:127.0.0.1:34927|dataStream:|priority:1|startupRole:FOLLOWER, b187db32-a43b-4ea5-9e1b-16734133a38f|rpc:127.0.0.1:40995|dataStream:|priority:0|startupRole:FOLLOWER]|listeners:[], old=null
2022-11-10 07:08:45,216 [b187db32-a43b-4ea5-9e1b-16734133a38f@group-5057D2E818B1-FollowerState] INFO  impl.FollowerState (FollowerState.java:run(143)) - b187db32-a43b-4ea5-9e1b-16734133a38f@group-5057D2E818B1-FollowerState: change to CANDIDATE, lastRpcElapsedTime:5109853424ns, electionTimeout:5109ms
2022-11-10 07:08:45,216 [b187db32-a43b-4ea5-9e1b-16734133a38f@group-5057D2E818B1-FollowerState] INFO  impl.RoleInfo (RoleInfo.java:shutdownFollowerState(110)) - b187db32-a43b-4ea5-9e1b-16734133a38f: shutdown b187db32-a43b-4ea5-9e1b-16734133a38f@group-5057D2E818B1-FollowerState
2022-11-10 07:08:45,217 [b187db32-a43b-4ea5-9e1b-16734133a38f@group-5057D2E818B1-FollowerState] INFO  server.RaftServer$Division (RaftServerImpl.java:setRole(321)) - b187db32-a43b-4ea5-9e1b-16734133a38f@group-5057D2E818B1: changes role from  FOLLOWER to CANDIDATE at term 1 for changeToCandidate
2022-11-10 07:08:45,217 [b187db32-a43b-4ea5-9e1b-16734133a38f@group-5057D2E818B1-FollowerState] INFO  server.RaftServerConfigKeys (ConfUtils.java:logGet(46)) - raft.server.leaderelection.pre-vote = false (custom)
2022-11-10 07:08:45,217 [b187db32-a43b-4ea5-9e1b-16734133a38f@group-5057D2E818B1-FollowerState] INFO  impl.RoleInfo (RoleInfo.java:updateAndGet(139)) - b187db32-a43b-4ea5-9e1b-16734133a38f: start b187db32-a43b-4ea5-9e1b-16734133a38f@group-5057D2E818B1-LeaderElection14
2022-11-10 07:08:45,218 [b187db32-a43b-4ea5-9e1b-16734133a38f@group-5057D2E818B1-LeaderElection14] INFO  impl.LeaderElection (LeaderElection.java:askForVotes(312)) - b187db32-a43b-4ea5-9e1b-16734133a38f@group-5057D2E818B1-LeaderElection14 ELECTION round 0: submit vote requests at term 2 for -1: peers:[e793aa28-cf77-4971-8074-fcdd8288c5ce|rpc:127.0.0.1:36847|dataStream:|priority:1|startupRole:FOLLOWER, 7b1182b7-d54c-44fb-86ea-7d58e998a9db|rpc:127.0.0.1:34927|dataStream:|priority:0|startupRole:FOLLOWER, b187db32-a43b-4ea5-9e1b-16734133a38f|rpc:127.0.0.1:40995|dataStream:|priority:0|startupRole:FOLLOWER]|listeners:[], old=null
2022-11-10 07:08:45,219 [b187db32-a43b-4ea5-9e1b-16734133a38f@group-5057D2E818B1-LeaderElection14-1] INFO  server.GrpcServerProtocolClient (GrpcServerProtocolClient.java:<init>(63)) - Build channel for e793aa28-cf77-4971-8074-fcdd8288c5ce
2022-11-10 07:08:45,219 [b187db32-a43b-4ea5-9e1b-16734133a38f@group-5057D2E818B1-LeaderElection14] INFO  server.RaftServerConfigKeys (ConfUtils.java:logFallback(53)) - raft.server.rpc.first-election.timeout.min = 5s (fallback to raft.server.rpc.timeout.min)
2022-11-10 07:08:45,219 [b187db32-a43b-4ea5-9e1b-16734133a38f@group-5057D2E818B1-LeaderElection14] INFO  server.RaftServerConfigKeys (ConfUtils.java:logFallback(53)) - raft.server.rpc.first-election.timeout.max = 5200ms (fallback to raft.server.rpc.timeout.max)
2022-11-10 07:08:45,219 [b187db32-a43b-4ea5-9e1b-16734133a38f@group-5057D2E818B1-LeaderElection14-2] INFO  server.GrpcServerProtocolClient (GrpcServerProtocolClient.java:<init>(63)) - Build channel for 7b1182b7-d54c-44fb-86ea-7d58e998a9db
2022-11-10 07:08:45,235 [grpc-default-executor-5] INFO  server.RaftServer$Division (RaftServerImpl.java:requestVote(1218)) - 7b1182b7-d54c-44fb-86ea-7d58e998a9db@group-5057D2E818B1: receive requestVote(ELECTION, b187db32-a43b-4ea5-9e1b-16734133a38f, group-5057D2E818B1, 2, (t:0, i:0))
2022-11-10 07:08:45,235 [grpc-default-executor-5] INFO  impl.VoteContext (VoteContext.java:log(48)) - 7b1182b7-d54c-44fb-86ea-7d58e998a9db@group-5057D2E818B1-FOLLOWER: accept ELECTION from b187db32-a43b-4ea5-9e1b-16734133a38f: our priority 0 <= candidate's priority 0
2022-11-10 07:08:45,235 [grpc-default-executor-5] INFO  server.RaftServer$Division (RaftServerImpl.java:setRole(321)) - 7b1182b7-d54c-44fb-86ea-7d58e998a9db@group-5057D2E818B1: changes role from  FOLLOWER to FOLLOWER at term 2 for candidate:b187db32-a43b-4ea5-9e1b-16734133a38f
2022-11-10 07:08:45,235 [grpc-default-executor-5] INFO  impl.RoleInfo (RoleInfo.java:shutdownFollowerState(110)) - 7b1182b7-d54c-44fb-86ea-7d58e998a9db: shutdown 7b1182b7-d54c-44fb-86ea-7d58e998a9db@group-5057D2E818B1-FollowerState
2022-11-10 07:08:45,235 [grpc-default-executor-5] INFO  impl.RoleInfo (RoleInfo.java:updateAndGet(139)) - 7b1182b7-d54c-44fb-86ea-7d58e998a9db: start 7b1182b7-d54c-44fb-86ea-7d58e998a9db@group-5057D2E818B1-FollowerState
2022-11-10 07:08:45,236 [7b1182b7-d54c-44fb-86ea-7d58e998a9db@group-5057D2E818B1-FollowerState] INFO  impl.FollowerState (FollowerState.java:run(152)) - 7b1182b7-d54c-44fb-86ea-7d58e998a9db@group-5057D2E818B1-FollowerState was interrupted
2022-11-10 07:08:45,237 [7b1182b7-d54c-44fb-86ea-7d58e998a9db@group-5057D2E818B1-FollowerState] INFO  server.RaftServerConfigKeys (ConfUtils.java:logFallback(53)) - raft.server.rpc.first-election.timeout.min = 5s (fallback to raft.server.rpc.timeout.min)
2022-11-10 07:08:45,237 [7b1182b7-d54c-44fb-86ea-7d58e998a9db@group-5057D2E818B1-FollowerState] INFO  server.RaftServerConfigKeys (ConfUtils.java:logFallback(53)) - raft.server.rpc.first-election.timeout.max = 5200ms (fallback to raft.server.rpc.timeout.max)
2022-11-10 07:08:45,239 [grpc-default-executor-1] INFO  server.RaftServer$Division (RaftServerImpl.java:requestVote(1218)) - e793aa28-cf77-4971-8074-fcdd8288c5ce@group-5057D2E818B1: receive requestVote(ELECTION, b187db32-a43b-4ea5-9e1b-16734133a38f, group-5057D2E818B1, 2, (t:0, i:0))
2022-11-10 07:08:45,239 [grpc-default-executor-1] INFO  impl.VoteContext (VoteContext.java:log(48)) - e793aa28-cf77-4971-8074-fcdd8288c5ce@group-5057D2E818B1-FOLLOWER: reject ELECTION from b187db32-a43b-4ea5-9e1b-16734133a38f: our priority 1 > candidate's priority 0
2022-11-10 07:08:45,239 [grpc-default-executor-1] INFO  server.RaftServer$Division (RaftServerImpl.java:setRole(321)) - e793aa28-cf77-4971-8074-fcdd8288c5ce@group-5057D2E818B1: changes role from  FOLLOWER to FOLLOWER at term 2 for candidate:b187db32-a43b-4ea5-9e1b-16734133a38f
2022-11-10 07:08:45,239 [grpc-default-executor-1] INFO  impl.RoleInfo (RoleInfo.java:shutdownFollowerState(110)) - e793aa28-cf77-4971-8074-fcdd8288c5ce: shutdown e793aa28-cf77-4971-8074-fcdd8288c5ce@group-5057D2E818B1-FollowerState
2022-11-10 07:08:45,239 [grpc-default-executor-1] INFO  impl.RoleInfo (RoleInfo.java:updateAndGet(139)) - e793aa28-cf77-4971-8074-fcdd8288c5ce: start e793aa28-cf77-4971-8074-fcdd8288c5ce@group-5057D2E818B1-FollowerState
2022-11-10 07:08:45,240 [e793aa28-cf77-4971-8074-fcdd8288c5ce@group-5057D2E818B1-FollowerState] INFO  server.RaftServerConfigKeys (ConfUtils.java:logFallback(53)) - raft.server.rpc.first-election.timeout.min = 5s (fallback to raft.server.rpc.timeout.min)
2022-11-10 07:08:45,240 [e793aa28-cf77-4971-8074-fcdd8288c5ce@group-5057D2E818B1-FollowerState] INFO  server.RaftServerConfigKeys (ConfUtils.java:logFallback(53)) - raft.server.rpc.first-election.timeout.max = 5200ms (fallback to raft.server.rpc.timeout.max)
2022-11-10 07:08:45,240 [grpc-default-executor-5] INFO  server.RaftServer$Division (RaftServerImpl.java:requestVote(1251)) - 7b1182b7-d54c-44fb-86ea-7d58e998a9db@group-5057D2E818B1 replies to ELECTION vote request: b187db32-a43b-4ea5-9e1b-16734133a38f<-7b1182b7-d54c-44fb-86ea-7d58e998a9db#0:OK-t2. Peer's state: 7b1182b7-d54c-44fb-86ea-7d58e998a9db@group-5057D2E818B1:t2, leader=null, voted=b187db32-a43b-4ea5-9e1b-16734133a38f, raftlog=Memoized:7b1182b7-d54c-44fb-86ea-7d58e998a9db@group-5057D2E818B1-SegmentedRaftLog:OPENED:c-1, conf=-1: peers:[e793aa28-cf77-4971-8074-fcdd8288c5ce|rpc:127.0.0.1:36847|dataStream:|priority:1|startupRole:FOLLOWER, 7b1182b7-d54c-44fb-86ea-7d58e998a9db|rpc:127.0.0.1:34927|dataStream:|priority:0|startupRole:FOLLOWER, b187db32-a43b-4ea5-9e1b-16734133a38f|rpc:127.0.0.1:40995|dataStream:|priority:0|startupRole:FOLLOWER]|listeners:[], old=null
2022-11-10 07:08:45,241 [grpc-default-executor-1] INFO  server.RaftServer$Division (RaftServerImpl.java:requestVote(1251)) - e793aa28-cf77-4971-8074-fcdd8288c5ce@group-5057D2E818B1 replies to ELECTION vote request: b187db32-a43b-4ea5-9e1b-16734133a38f<-e793aa28-cf77-4971-8074-fcdd8288c5ce#0:FAIL-t2. Peer's state: e793aa28-cf77-4971-8074-fcdd8288c5ce@group-5057D2E818B1:t2, leader=null, voted=null, raftlog=Memoized:e793aa28-cf77-4971-8074-fcdd8288c5ce@group-5057D2E818B1-SegmentedRaftLog:OPENED:c-1, conf=-1: peers:[e793aa28-cf77-4971-8074-fcdd8288c5ce|rpc:127.0.0.1:36847|priority:1|startupRole:FOLLOWER, 7b1182b7-d54c-44fb-86ea-7d58e998a9db|rpc:127.0.0.1:34927|priority:0|startupRole:FOLLOWER, b187db32-a43b-4ea5-9e1b-16734133a38f|rpc:127.0.0.1:40995|priority:0|startupRole:FOLLOWER]|listeners:[], old=null
2022-11-10 07:08:45,241 [e793aa28-cf77-4971-8074-fcdd8288c5ce@group-5057D2E818B1-FollowerState] INFO  impl.FollowerState (FollowerState.java:shouldRun(117)) - e793aa28-cf77-4971-8074-fcdd8288c5ce@group-5057D2E818B1-FollowerState: Stopping now (isRunning? false, role = FOLLOWER)
2022-11-10 07:08:45,242 [b187db32-a43b-4ea5-9e1b-16734133a38f@group-5057D2E818B1-LeaderElection14] INFO  impl.LeaderElection (LeaderElection.java:logAndReturn(90)) - b187db32-a43b-4ea5-9e1b-16734133a38f@group-5057D2E818B1-LeaderElection14: ELECTION REJECTED received 2 response(s) and 0 exception(s):
2022-11-10 07:08:45,242 [b187db32-a43b-4ea5-9e1b-16734133a38f@group-5057D2E818B1-LeaderElection14] INFO  impl.LeaderElection (LeaderElection.java:logAndReturn(94)) -   Response 0: b187db32-a43b-4ea5-9e1b-16734133a38f<-e793aa28-cf77-4971-8074-fcdd8288c5ce#0:FAIL-t2
2022-11-10 07:08:45,242 [b187db32-a43b-4ea5-9e1b-16734133a38f@group-5057D2E818B1-LeaderElection14] INFO  impl.LeaderElection (LeaderElection.java:logAndReturn(94)) -   Response 1: b187db32-a43b-4ea5-9e1b-16734133a38f<-7b1182b7-d54c-44fb-86ea-7d58e998a9db#0:OK-t2
2022-11-10 07:08:45,242 [b187db32-a43b-4ea5-9e1b-16734133a38f@group-5057D2E818B1-LeaderElection14] INFO  impl.LeaderElection (LeaderElection.java:askForVotes(314)) - b187db32-a43b-4ea5-9e1b-16734133a38f@group-5057D2E818B1-LeaderElection14 ELECTION round 0: result REJECTED
2022-11-10 07:08:45,242 [b187db32-a43b-4ea5-9e1b-16734133a38f@group-5057D2E818B1-LeaderElection14] INFO  server.RaftServer$Division (RaftServerImpl.java:setRole(321)) - b187db32-a43b-4ea5-9e1b-16734133a38f@group-5057D2E818B1: changes role from CANDIDATE to FOLLOWER at term 2 for REJECTED
2022-11-10 07:08:45,242 [b187db32-a43b-4ea5-9e1b-16734133a38f@group-5057D2E818B1-LeaderElection14] INFO  impl.RoleInfo (RoleInfo.java:shutdownLeaderElection(130)) - b187db32-a43b-4ea5-9e1b-16734133a38f: shutdown b187db32-a43b-4ea5-9e1b-16734133a38f@group-5057D2E818B1-LeaderElection14
2022-11-10 07:08:45,243 [b187db32-a43b-4ea5-9e1b-16734133a38f@group-5057D2E818B1-LeaderElection14] INFO  impl.RoleInfo (RoleInfo.java:updateAndGet(139)) - b187db32-a43b-4ea5-9e1b-16734133a38f: start b187db32-a43b-4ea5-9e1b-16734133a38f@group-5057D2E818B1-FollowerState
2022-11-10 07:08:45,252 [b187db32-a43b-4ea5-9e1b-16734133a38f@group-5057D2E818B1-FollowerState] INFO  server.RaftServerConfigKeys (ConfUtils.java:logFallback(53)) - raft.server.rpc.first-election.timeout.min = 5s (fallback to raft.server.rpc.timeout.min)
2022-11-10 07:08:45,252 [b187db32-a43b-4ea5-9e1b-16734133a38f@group-5057D2E818B1-FollowerState] INFO  server.RaftServerConfigKeys (ConfUtils.java:logFallback(53)) - raft.server.rpc.first-election.timeout.max = 5200ms (fallback to raft.server.rpc.timeout.max)
2022-11-10 07:08:45,536 [Listener at 127.0.0.1/40377] INFO  ozone.MiniOzoneClusterImpl (MiniOzoneClusterImpl.java:lambda$waitForClusterToBeReady$0(216)) - Nodes are ready. Got 3 of 3 DN Heartbeats.
2022-11-10 07:08:45,537 [Listener at 127.0.0.1/40377] INFO  ozone.MiniOzoneClusterImpl (MiniOzoneClusterImpl.java:lambda$waitForClusterToBeReady$0(219)) - Waiting for cluster to exit safe mode
2022-11-10 07:08:45,537 [Listener at 127.0.0.1/40377] INFO  ozone.MiniOzoneClusterImpl (MiniOzoneClusterImpl.java:lambda$waitForClusterToBeReady$0(221)) - SCM became leader
2022-11-10 07:08:46,537 [Listener at 127.0.0.1/40377] INFO  ozone.MiniOzoneClusterImpl (MiniOzoneClusterImpl.java:lambda$waitForClusterToBeReady$0(216)) - Nodes are ready. Got 3 of 3 DN Heartbeats.
2022-11-10 07:08:46,537 [Listener at 127.0.0.1/40377] INFO  ozone.MiniOzoneClusterImpl (MiniOzoneClusterImpl.java:lambda$waitForClusterToBeReady$0(219)) - Waiting for cluster to exit safe mode
2022-11-10 07:08:46,537 [Listener at 127.0.0.1/40377] INFO  ozone.MiniOzoneClusterImpl (MiniOzoneClusterImpl.java:lambda$waitForClusterToBeReady$0(221)) - SCM became leader
2022-11-10 07:08:47,537 [Listener at 127.0.0.1/40377] INFO  ozone.MiniOzoneClusterImpl (MiniOzoneClusterImpl.java:lambda$waitForClusterToBeReady$0(216)) - Nodes are ready. Got 3 of 3 DN Heartbeats.
2022-11-10 07:08:47,537 [Listener at 127.0.0.1/40377] INFO  ozone.MiniOzoneClusterImpl (MiniOzoneClusterImpl.java:lambda$waitForClusterToBeReady$0(219)) - Waiting for cluster to exit safe mode
2022-11-10 07:08:47,537 [Listener at 127.0.0.1/40377] INFO  ozone.MiniOzoneClusterImpl (MiniOzoneClusterImpl.java:lambda$waitForClusterToBeReady$0(221)) - SCM became leader
2022-11-10 07:08:48,538 [Listener at 127.0.0.1/40377] INFO  ozone.MiniOzoneClusterImpl (MiniOzoneClusterImpl.java:lambda$waitForClusterToBeReady$0(216)) - Nodes are ready. Got 3 of 3 DN Heartbeats.
2022-11-10 07:08:48,538 [Listener at 127.0.0.1/40377] INFO  ozone.MiniOzoneClusterImpl (MiniOzoneClusterImpl.java:lambda$waitForClusterToBeReady$0(219)) - Waiting for cluster to exit safe mode
2022-11-10 07:08:48,538 [Listener at 127.0.0.1/40377] INFO  ozone.MiniOzoneClusterImpl (MiniOzoneClusterImpl.java:lambda$waitForClusterToBeReady$0(221)) - SCM became leader
2022-11-10 07:08:49,538 [Listener at 127.0.0.1/40377] INFO  ozone.MiniOzoneClusterImpl (MiniOzoneClusterImpl.java:lambda$waitForClusterToBeReady$0(216)) - Nodes are ready. Got 3 of 3 DN Heartbeats.
2022-11-10 07:08:49,538 [Listener at 127.0.0.1/40377] INFO  ozone.MiniOzoneClusterImpl (MiniOzoneClusterImpl.java:lambda$waitForClusterToBeReady$0(219)) - Waiting for cluster to exit safe mode
2022-11-10 07:08:49,538 [Listener at 127.0.0.1/40377] INFO  ozone.MiniOzoneClusterImpl (MiniOzoneClusterImpl.java:lambda$waitForClusterToBeReady$0(221)) - SCM became leader
2022-11-10 07:08:50,097 [e793aa28-cf77-4971-8074-fcdd8288c5ce@group-1FB8705FA86A-FollowerState] INFO  impl.FollowerState (FollowerState.java:run(143)) - e793aa28-cf77-4971-8074-fcdd8288c5ce@group-1FB8705FA86A-FollowerState: change to CANDIDATE, lastRpcElapsedTime:5062402869ns, electionTimeout:5062ms
2022-11-10 07:08:50,097 [e793aa28-cf77-4971-8074-fcdd8288c5ce@group-1FB8705FA86A-FollowerState] INFO  impl.RoleInfo (RoleInfo.java:shutdownFollowerState(110)) - e793aa28-cf77-4971-8074-fcdd8288c5ce: shutdown e793aa28-cf77-4971-8074-fcdd8288c5ce@group-1FB8705FA86A-FollowerState
2022-11-10 07:08:50,097 [e793aa28-cf77-4971-8074-fcdd8288c5ce@group-1FB8705FA86A-FollowerState] INFO  server.RaftServer$Division (RaftServerImpl.java:setRole(321)) - e793aa28-cf77-4971-8074-fcdd8288c5ce@group-1FB8705FA86A: changes role from  FOLLOWER to CANDIDATE at term 2 for changeToCandidate
2022-11-10 07:08:50,097 [e793aa28-cf77-4971-8074-fcdd8288c5ce@group-1FB8705FA86A-FollowerState] INFO  server.RaftServerConfigKeys (ConfUtils.java:logGet(46)) - raft.server.leaderelection.pre-vote = false (custom)
2022-11-10 07:08:50,097 [e793aa28-cf77-4971-8074-fcdd8288c5ce@group-1FB8705FA86A-FollowerState] INFO  impl.RoleInfo (RoleInfo.java:updateAndGet(139)) - e793aa28-cf77-4971-8074-fcdd8288c5ce: start e793aa28-cf77-4971-8074-fcdd8288c5ce@group-1FB8705FA86A-LeaderElection15
2022-11-10 07:08:50,099 [e793aa28-cf77-4971-8074-fcdd8288c5ce@group-1FB8705FA86A-LeaderElection15] INFO  impl.LeaderElection (LeaderElection.java:askForVotes(312)) - e793aa28-cf77-4971-8074-fcdd8288c5ce@group-1FB8705FA86A-LeaderElection15 ELECTION round 0: submit vote requests at term 3 for -1: peers:[e793aa28-cf77-4971-8074-fcdd8288c5ce|rpc:127.0.0.1:36847|priority:0|startupRole:FOLLOWER, 7b1182b7-d54c-44fb-86ea-7d58e998a9db|rpc:127.0.0.1:34927|priority:1|startupRole:FOLLOWER, b187db32-a43b-4ea5-9e1b-16734133a38f|rpc:127.0.0.1:40995|priority:0|startupRole:FOLLOWER]|listeners:[], old=null
2022-11-10 07:08:50,100 [e793aa28-cf77-4971-8074-fcdd8288c5ce@group-1FB8705FA86A-LeaderElection15] INFO  server.RaftServerConfigKeys (ConfUtils.java:logFallback(53)) - raft.server.rpc.first-election.timeout.min = 5s (fallback to raft.server.rpc.timeout.min)
2022-11-10 07:08:50,100 [e793aa28-cf77-4971-8074-fcdd8288c5ce@group-1FB8705FA86A-LeaderElection15] INFO  server.RaftServerConfigKeys (ConfUtils.java:logFallback(53)) - raft.server.rpc.first-election.timeout.max = 5200ms (fallback to raft.server.rpc.timeout.max)
2022-11-10 07:08:50,103 [grpc-default-executor-5] INFO  server.RaftServer$Division (RaftServerImpl.java:requestVote(1218)) - b187db32-a43b-4ea5-9e1b-16734133a38f@group-1FB8705FA86A: receive requestVote(ELECTION, e793aa28-cf77-4971-8074-fcdd8288c5ce, group-1FB8705FA86A, 3, (t:0, i:0))
2022-11-10 07:08:50,103 [grpc-default-executor-5] INFO  impl.VoteContext (VoteContext.java:log(48)) - b187db32-a43b-4ea5-9e1b-16734133a38f@group-1FB8705FA86A-FOLLOWER: accept ELECTION from e793aa28-cf77-4971-8074-fcdd8288c5ce: our priority 0 <= candidate's priority 0
2022-11-10 07:08:50,104 [grpc-default-executor-5] INFO  server.RaftServer$Division (RaftServerImpl.java:setRole(321)) - b187db32-a43b-4ea5-9e1b-16734133a38f@group-1FB8705FA86A: changes role from  FOLLOWER to FOLLOWER at term 3 for candidate:e793aa28-cf77-4971-8074-fcdd8288c5ce
2022-11-10 07:08:50,104 [grpc-default-executor-5] INFO  impl.RoleInfo (RoleInfo.java:shutdownFollowerState(110)) - b187db32-a43b-4ea5-9e1b-16734133a38f: shutdown b187db32-a43b-4ea5-9e1b-16734133a38f@group-1FB8705FA86A-FollowerState
2022-11-10 07:08:50,104 [grpc-default-executor-5] INFO  impl.RoleInfo (RoleInfo.java:updateAndGet(139)) - b187db32-a43b-4ea5-9e1b-16734133a38f: start b187db32-a43b-4ea5-9e1b-16734133a38f@group-1FB8705FA86A-FollowerState
2022-11-10 07:08:50,104 [b187db32-a43b-4ea5-9e1b-16734133a38f@group-1FB8705FA86A-FollowerState] INFO  impl.FollowerState (FollowerState.java:run(152)) - b187db32-a43b-4ea5-9e1b-16734133a38f@group-1FB8705FA86A-FollowerState was interrupted
2022-11-10 07:08:50,113 [grpc-default-executor-1] INFO  server.RaftServer$Division (RaftServerImpl.java:requestVote(1218)) - 7b1182b7-d54c-44fb-86ea-7d58e998a9db@group-1FB8705FA86A: receive requestVote(ELECTION, e793aa28-cf77-4971-8074-fcdd8288c5ce, group-1FB8705FA86A, 3, (t:0, i:0))
2022-11-10 07:08:50,113 [grpc-default-executor-1] INFO  impl.VoteContext (VoteContext.java:log(48)) - 7b1182b7-d54c-44fb-86ea-7d58e998a9db@group-1FB8705FA86A-FOLLOWER: reject ELECTION from e793aa28-cf77-4971-8074-fcdd8288c5ce: our priority 1 > candidate's priority 0
2022-11-10 07:08:50,113 [grpc-default-executor-1] INFO  server.RaftServer$Division (RaftServerImpl.java:setRole(321)) - 7b1182b7-d54c-44fb-86ea-7d58e998a9db@group-1FB8705FA86A: changes role from  FOLLOWER to FOLLOWER at term 3 for candidate:e793aa28-cf77-4971-8074-fcdd8288c5ce
2022-11-10 07:08:50,113 [grpc-default-executor-1] INFO  impl.RoleInfo (RoleInfo.java:shutdownFollowerState(110)) - 7b1182b7-d54c-44fb-86ea-7d58e998a9db: shutdown 7b1182b7-d54c-44fb-86ea-7d58e998a9db@group-1FB8705FA86A-FollowerState
2022-11-10 07:08:50,113 [7b1182b7-d54c-44fb-86ea-7d58e998a9db@group-1FB8705FA86A-FollowerState] INFO  impl.FollowerState (FollowerState.java:run(152)) - 7b1182b7-d54c-44fb-86ea-7d58e998a9db@group-1FB8705FA86A-FollowerState was interrupted
2022-11-10 07:08:50,113 [grpc-default-executor-1] INFO  impl.RoleInfo (RoleInfo.java:updateAndGet(139)) - 7b1182b7-d54c-44fb-86ea-7d58e998a9db: start 7b1182b7-d54c-44fb-86ea-7d58e998a9db@group-1FB8705FA86A-FollowerState
2022-11-10 07:08:50,114 [b187db32-a43b-4ea5-9e1b-16734133a38f@group-1FB8705FA86A-FollowerState] INFO  server.RaftServerConfigKeys (ConfUtils.java:logFallback(53)) - raft.server.rpc.first-election.timeout.min = 5s (fallback to raft.server.rpc.timeout.min)
2022-11-10 07:08:50,114 [b187db32-a43b-4ea5-9e1b-16734133a38f@group-1FB8705FA86A-FollowerState] INFO  server.RaftServerConfigKeys (ConfUtils.java:logFallback(53)) - raft.server.rpc.first-election.timeout.max = 5200ms (fallback to raft.server.rpc.timeout.max)
2022-11-10 07:08:50,114 [7b1182b7-d54c-44fb-86ea-7d58e998a9db@group-1FB8705FA86A-FollowerState] INFO  server.RaftServerConfigKeys (ConfUtils.java:logFallback(53)) - raft.server.rpc.first-election.timeout.min = 5s (fallback to raft.server.rpc.timeout.min)
2022-11-10 07:08:50,114 [7b1182b7-d54c-44fb-86ea-7d58e998a9db@group-1FB8705FA86A-FollowerState] INFO  server.RaftServerConfigKeys (ConfUtils.java:logFallback(53)) - raft.server.rpc.first-election.timeout.max = 5200ms (fallback to raft.server.rpc.timeout.max)
2022-11-10 07:08:50,114 [grpc-default-executor-5] INFO  server.RaftServer$Division (RaftServerImpl.java:requestVote(1251)) - b187db32-a43b-4ea5-9e1b-16734133a38f@group-1FB8705FA86A replies to ELECTION vote request: e793aa28-cf77-4971-8074-fcdd8288c5ce<-b187db32-a43b-4ea5-9e1b-16734133a38f#0:OK-t3. Peer's state: b187db32-a43b-4ea5-9e1b-16734133a38f@group-1FB8705FA86A:t3, leader=null, voted=e793aa28-cf77-4971-8074-fcdd8288c5ce, raftlog=Memoized:b187db32-a43b-4ea5-9e1b-16734133a38f@group-1FB8705FA86A-SegmentedRaftLog:OPENED:c-1, conf=-1: peers:[e793aa28-cf77-4971-8074-fcdd8288c5ce|rpc:127.0.0.1:36847|dataStream:|priority:0|startupRole:FOLLOWER, 7b1182b7-d54c-44fb-86ea-7d58e998a9db|rpc:127.0.0.1:34927|dataStream:|priority:1|startupRole:FOLLOWER, b187db32-a43b-4ea5-9e1b-16734133a38f|rpc:127.0.0.1:40995|dataStream:|priority:0|startupRole:FOLLOWER]|listeners:[], old=null
2022-11-10 07:08:50,115 [grpc-default-executor-1] INFO  server.RaftServer$Division (RaftServerImpl.java:requestVote(1251)) - 7b1182b7-d54c-44fb-86ea-7d58e998a9db@group-1FB8705FA86A replies to ELECTION vote request: e793aa28-cf77-4971-8074-fcdd8288c5ce<-7b1182b7-d54c-44fb-86ea-7d58e998a9db#0:FAIL-t3. Peer's state: 7b1182b7-d54c-44fb-86ea-7d58e998a9db@group-1FB8705FA86A:t3, leader=null, voted=null, raftlog=Memoized:7b1182b7-d54c-44fb-86ea-7d58e998a9db@group-1FB8705FA86A-SegmentedRaftLog:OPENED:c-1, conf=-1: peers:[e793aa28-cf77-4971-8074-fcdd8288c5ce|rpc:127.0.0.1:36847|dataStream:|priority:0|startupRole:FOLLOWER, 7b1182b7-d54c-44fb-86ea-7d58e998a9db|rpc:127.0.0.1:34927|dataStream:|priority:1|startupRole:FOLLOWER, b187db32-a43b-4ea5-9e1b-16734133a38f|rpc:127.0.0.1:40995|dataStream:|priority:0|startupRole:FOLLOWER]|listeners:[], old=null
2022-11-10 07:08:50,116 [e793aa28-cf77-4971-8074-fcdd8288c5ce@group-1FB8705FA86A-LeaderElection15] INFO  impl.LeaderElection (LeaderElection.java:logAndReturn(90)) - e793aa28-cf77-4971-8074-fcdd8288c5ce@group-1FB8705FA86A-LeaderElection15: ELECTION REJECTED received 1 response(s) and 0 exception(s):
2022-11-10 07:08:50,116 [e793aa28-cf77-4971-8074-fcdd8288c5ce@group-1FB8705FA86A-LeaderElection15] INFO  impl.LeaderElection (LeaderElection.java:logAndReturn(94)) -   Response 0: e793aa28-cf77-4971-8074-fcdd8288c5ce<-7b1182b7-d54c-44fb-86ea-7d58e998a9db#0:FAIL-t3
2022-11-10 07:08:50,116 [e793aa28-cf77-4971-8074-fcdd8288c5ce@group-1FB8705FA86A-LeaderElection15] INFO  impl.LeaderElection (LeaderElection.java:askForVotes(314)) - e793aa28-cf77-4971-8074-fcdd8288c5ce@group-1FB8705FA86A-LeaderElection15 ELECTION round 0: result REJECTED
2022-11-10 07:08:50,116 [e793aa28-cf77-4971-8074-fcdd8288c5ce@group-1FB8705FA86A-LeaderElection15] INFO  server.RaftServer$Division (RaftServerImpl.java:setRole(321)) - e793aa28-cf77-4971-8074-fcdd8288c5ce@group-1FB8705FA86A: changes role from CANDIDATE to FOLLOWER at term 3 for REJECTED
2022-11-10 07:08:50,116 [e793aa28-cf77-4971-8074-fcdd8288c5ce@group-1FB8705FA86A-LeaderElection15] INFO  impl.RoleInfo (RoleInfo.java:shutdownLeaderElection(130)) - e793aa28-cf77-4971-8074-fcdd8288c5ce: shutdown e793aa28-cf77-4971-8074-fcdd8288c5ce@group-1FB8705FA86A-LeaderElection15
2022-11-10 07:08:50,116 [e793aa28-cf77-4971-8074-fcdd8288c5ce@group-1FB8705FA86A-LeaderElection15] INFO  impl.RoleInfo (RoleInfo.java:updateAndGet(139)) - e793aa28-cf77-4971-8074-fcdd8288c5ce: start e793aa28-cf77-4971-8074-fcdd8288c5ce@group-1FB8705FA86A-FollowerState
2022-11-10 07:08:50,121 [e793aa28-cf77-4971-8074-fcdd8288c5ce@group-1FB8705FA86A-FollowerState] INFO  server.RaftServerConfigKeys (ConfUtils.java:logFallback(53)) - raft.server.rpc.first-election.timeout.min = 5s (fallback to raft.server.rpc.timeout.min)
2022-11-10 07:08:50,121 [e793aa28-cf77-4971-8074-fcdd8288c5ce@group-1FB8705FA86A-FollowerState] INFO  server.RaftServerConfigKeys (ConfUtils.java:logFallback(53)) - raft.server.rpc.first-election.timeout.max = 5200ms (fallback to raft.server.rpc.timeout.max)
2022-11-10 07:08:50,252 [7b1182b7-d54c-44fb-86ea-7d58e998a9db@group-5057D2E818B1-FollowerState] INFO  server.RaftServerConfigKeys (ConfUtils.java:logFallback(53)) - raft.server.rpc.first-election.timeout.min = 5s (fallback to raft.server.rpc.timeout.min)
2022-11-10 07:08:50,253 [7b1182b7-d54c-44fb-86ea-7d58e998a9db@group-5057D2E818B1-FollowerState] INFO  server.RaftServerConfigKeys (ConfUtils.java:logFallback(53)) - raft.server.rpc.first-election.timeout.max = 5200ms (fallback to raft.server.rpc.timeout.max)
2022-11-10 07:08:50,256 [b187db32-a43b-4ea5-9e1b-16734133a38f@group-5057D2E818B1-FollowerState] INFO  impl.FollowerState (FollowerState.java:run(143)) - b187db32-a43b-4ea5-9e1b-16734133a38f@group-5057D2E818B1-FollowerState: change to CANDIDATE, lastRpcElapsedTime:5013236175ns, electionTimeout:5004ms
2022-11-10 07:08:50,256 [b187db32-a43b-4ea5-9e1b-16734133a38f@group-5057D2E818B1-FollowerState] INFO  impl.RoleInfo (RoleInfo.java:shutdownFollowerState(110)) - b187db32-a43b-4ea5-9e1b-16734133a38f: shutdown b187db32-a43b-4ea5-9e1b-16734133a38f@group-5057D2E818B1-FollowerState
2022-11-10 07:08:50,256 [b187db32-a43b-4ea5-9e1b-16734133a38f@group-5057D2E818B1-FollowerState] INFO  server.RaftServer$Division (RaftServerImpl.java:setRole(321)) - b187db32-a43b-4ea5-9e1b-16734133a38f@group-5057D2E818B1: changes role from  FOLLOWER to CANDIDATE at term 2 for changeToCandidate
2022-11-10 07:08:50,256 [b187db32-a43b-4ea5-9e1b-16734133a38f@group-5057D2E818B1-FollowerState] INFO  server.RaftServerConfigKeys (ConfUtils.java:logGet(46)) - raft.server.leaderelection.pre-vote = false (custom)
2022-11-10 07:08:50,256 [b187db32-a43b-4ea5-9e1b-16734133a38f@group-5057D2E818B1-FollowerState] INFO  impl.RoleInfo (RoleInfo.java:updateAndGet(139)) - b187db32-a43b-4ea5-9e1b-16734133a38f: start b187db32-a43b-4ea5-9e1b-16734133a38f@group-5057D2E818B1-LeaderElection16
2022-11-10 07:08:50,262 [b187db32-a43b-4ea5-9e1b-16734133a38f@group-5057D2E818B1-LeaderElection16] INFO  impl.LeaderElection (LeaderElection.java:askForVotes(312)) - b187db32-a43b-4ea5-9e1b-16734133a38f@group-5057D2E818B1-LeaderElection16 ELECTION round 0: submit vote requests at term 3 for -1: peers:[e793aa28-cf77-4971-8074-fcdd8288c5ce|rpc:127.0.0.1:36847|dataStream:|priority:1|startupRole:FOLLOWER, 7b1182b7-d54c-44fb-86ea-7d58e998a9db|rpc:127.0.0.1:34927|dataStream:|priority:0|startupRole:FOLLOWER, b187db32-a43b-4ea5-9e1b-16734133a38f|rpc:127.0.0.1:40995|dataStream:|priority:0|startupRole:FOLLOWER]|listeners:[], old=null
2022-11-10 07:08:50,262 [b187db32-a43b-4ea5-9e1b-16734133a38f@group-5057D2E818B1-LeaderElection16] INFO  server.RaftServerConfigKeys (ConfUtils.java:logFallback(53)) - raft.server.rpc.first-election.timeout.min = 5s (fallback to raft.server.rpc.timeout.min)
2022-11-10 07:08:50,262 [b187db32-a43b-4ea5-9e1b-16734133a38f@group-5057D2E818B1-LeaderElection16] INFO  server.RaftServerConfigKeys (ConfUtils.java:logFallback(53)) - raft.server.rpc.first-election.timeout.max = 5200ms (fallback to raft.server.rpc.timeout.max)
2022-11-10 07:08:50,267 [grpc-default-executor-1] INFO  server.RaftServer$Division (RaftServerImpl.java:requestVote(1218)) - 7b1182b7-d54c-44fb-86ea-7d58e998a9db@group-5057D2E818B1: receive requestVote(ELECTION, b187db32-a43b-4ea5-9e1b-16734133a38f, group-5057D2E818B1, 3, (t:0, i:0))
2022-11-10 07:08:50,267 [grpc-default-executor-1] INFO  impl.VoteContext (VoteContext.java:log(48)) - 7b1182b7-d54c-44fb-86ea-7d58e998a9db@group-5057D2E818B1-FOLLOWER: accept ELECTION from b187db32-a43b-4ea5-9e1b-16734133a38f: our priority 0 <= candidate's priority 0
2022-11-10 07:08:50,267 [grpc-default-executor-1] INFO  server.RaftServer$Division (RaftServerImpl.java:setRole(321)) - 7b1182b7-d54c-44fb-86ea-7d58e998a9db@group-5057D2E818B1: changes role from  FOLLOWER to FOLLOWER at term 3 for candidate:b187db32-a43b-4ea5-9e1b-16734133a38f
2022-11-10 07:08:50,267 [grpc-default-executor-1] INFO  impl.RoleInfo (RoleInfo.java:shutdownFollowerState(110)) - 7b1182b7-d54c-44fb-86ea-7d58e998a9db: shutdown 7b1182b7-d54c-44fb-86ea-7d58e998a9db@group-5057D2E818B1-FollowerState
2022-11-10 07:08:50,267 [grpc-default-executor-1] INFO  impl.RoleInfo (RoleInfo.java:updateAndGet(139)) - 7b1182b7-d54c-44fb-86ea-7d58e998a9db: start 7b1182b7-d54c-44fb-86ea-7d58e998a9db@group-5057D2E818B1-FollowerState
2022-11-10 07:08:50,267 [7b1182b7-d54c-44fb-86ea-7d58e998a9db@group-5057D2E818B1-FollowerState] INFO  impl.FollowerState (FollowerState.java:run(152)) - 7b1182b7-d54c-44fb-86ea-7d58e998a9db@group-5057D2E818B1-FollowerState was interrupted
2022-11-10 07:08:50,275 [grpc-default-executor-1] INFO  server.RaftServer$Division (RaftServerImpl.java:requestVote(1251)) - 7b1182b7-d54c-44fb-86ea-7d58e998a9db@group-5057D2E818B1 replies to ELECTION vote request: b187db32-a43b-4ea5-9e1b-16734133a38f<-7b1182b7-d54c-44fb-86ea-7d58e998a9db#0:OK-t3. Peer's state: 7b1182b7-d54c-44fb-86ea-7d58e998a9db@group-5057D2E818B1:t3, leader=null, voted=b187db32-a43b-4ea5-9e1b-16734133a38f, raftlog=Memoized:7b1182b7-d54c-44fb-86ea-7d58e998a9db@group-5057D2E818B1-SegmentedRaftLog:OPENED:c-1, conf=-1: peers:[e793aa28-cf77-4971-8074-fcdd8288c5ce|rpc:127.0.0.1:36847|dataStream:|priority:1|startupRole:FOLLOWER, 7b1182b7-d54c-44fb-86ea-7d58e998a9db|rpc:127.0.0.1:34927|dataStream:|priority:0|startupRole:FOLLOWER, b187db32-a43b-4ea5-9e1b-16734133a38f|rpc:127.0.0.1:40995|dataStream:|priority:0|startupRole:FOLLOWER]|listeners:[], old=null
2022-11-10 07:08:50,275 [grpc-default-executor-5] INFO  server.RaftServer$Division (RaftServerImpl.java:requestVote(1218)) - e793aa28-cf77-4971-8074-fcdd8288c5ce@group-5057D2E818B1: receive requestVote(ELECTION, b187db32-a43b-4ea5-9e1b-16734133a38f, group-5057D2E818B1, 3, (t:0, i:0))
2022-11-10 07:08:50,275 [grpc-default-executor-5] INFO  impl.VoteContext (VoteContext.java:log(48)) - e793aa28-cf77-4971-8074-fcdd8288c5ce@group-5057D2E818B1-FOLLOWER: reject ELECTION from b187db32-a43b-4ea5-9e1b-16734133a38f: our priority 1 > candidate's priority 0
2022-11-10 07:08:50,276 [7b1182b7-d54c-44fb-86ea-7d58e998a9db@group-5057D2E818B1-FollowerState] INFO  server.RaftServerConfigKeys (ConfUtils.java:logFallback(53)) - raft.server.rpc.first-election.timeout.min = 5s (fallback to raft.server.rpc.timeout.min)
2022-11-10 07:08:50,276 [grpc-default-executor-5] INFO  server.RaftServer$Division (RaftServerImpl.java:setRole(321)) - e793aa28-cf77-4971-8074-fcdd8288c5ce@group-5057D2E818B1: changes role from  FOLLOWER to FOLLOWER at term 3 for candidate:b187db32-a43b-4ea5-9e1b-16734133a38f
2022-11-10 07:08:50,276 [grpc-default-executor-5] INFO  impl.RoleInfo (RoleInfo.java:shutdownFollowerState(110)) - e793aa28-cf77-4971-8074-fcdd8288c5ce: shutdown e793aa28-cf77-4971-8074-fcdd8288c5ce@group-5057D2E818B1-FollowerState
2022-11-10 07:08:50,276 [grpc-default-executor-5] INFO  impl.RoleInfo (RoleInfo.java:updateAndGet(139)) - e793aa28-cf77-4971-8074-fcdd8288c5ce: start e793aa28-cf77-4971-8074-fcdd8288c5ce@group-5057D2E818B1-FollowerState
2022-11-10 07:08:50,276 [e793aa28-cf77-4971-8074-fcdd8288c5ce@group-5057D2E818B1-FollowerState] INFO  impl.FollowerState (FollowerState.java:run(152)) - e793aa28-cf77-4971-8074-fcdd8288c5ce@group-5057D2E818B1-FollowerState was interrupted
2022-11-10 07:08:50,280 [e793aa28-cf77-4971-8074-fcdd8288c5ce@group-5057D2E818B1-FollowerState] INFO  server.RaftServerConfigKeys (ConfUtils.java:logFallback(53)) - raft.server.rpc.first-election.timeout.min = 5s (fallback to raft.server.rpc.timeout.min)
2022-11-10 07:08:50,280 [e793aa28-cf77-4971-8074-fcdd8288c5ce@group-5057D2E818B1-FollowerState] INFO  server.RaftServerConfigKeys (ConfUtils.java:logFallback(53)) - raft.server.rpc.first-election.timeout.max = 5200ms (fallback to raft.server.rpc.timeout.max)
2022-11-10 07:08:50,280 [7b1182b7-d54c-44fb-86ea-7d58e998a9db@group-5057D2E818B1-FollowerState] INFO  server.RaftServerConfigKeys (ConfUtils.java:logFallback(53)) - raft.server.rpc.first-election.timeout.max = 5200ms (fallback to raft.server.rpc.timeout.max)
2022-11-10 07:08:50,281 [grpc-default-executor-5] INFO  server.RaftServer$Division (RaftServerImpl.java:requestVote(1251)) - e793aa28-cf77-4971-8074-fcdd8288c5ce@group-5057D2E818B1 replies to ELECTION vote request: b187db32-a43b-4ea5-9e1b-16734133a38f<-e793aa28-cf77-4971-8074-fcdd8288c5ce#0:FAIL-t3. Peer's state: e793aa28-cf77-4971-8074-fcdd8288c5ce@group-5057D2E818B1:t3, leader=null, voted=null, raftlog=Memoized:e793aa28-cf77-4971-8074-fcdd8288c5ce@group-5057D2E818B1-SegmentedRaftLog:OPENED:c-1, conf=-1: peers:[e793aa28-cf77-4971-8074-fcdd8288c5ce|rpc:127.0.0.1:36847|priority:1|startupRole:FOLLOWER, 7b1182b7-d54c-44fb-86ea-7d58e998a9db|rpc:127.0.0.1:34927|priority:0|startupRole:FOLLOWER, b187db32-a43b-4ea5-9e1b-16734133a38f|rpc:127.0.0.1:40995|priority:0|startupRole:FOLLOWER]|listeners:[], old=null
2022-11-10 07:08:50,281 [b187db32-a43b-4ea5-9e1b-16734133a38f@group-5057D2E818B1-LeaderElection16] INFO  impl.LeaderElection (LeaderElection.java:logAndReturn(90)) - b187db32-a43b-4ea5-9e1b-16734133a38f@group-5057D2E818B1-LeaderElection16: ELECTION REJECTED received 2 response(s) and 0 exception(s):
2022-11-10 07:08:50,281 [b187db32-a43b-4ea5-9e1b-16734133a38f@group-5057D2E818B1-LeaderElection16] INFO  impl.LeaderElection (LeaderElection.java:logAndReturn(94)) -   Response 0: b187db32-a43b-4ea5-9e1b-16734133a38f<-e793aa28-cf77-4971-8074-fcdd8288c5ce#0:FAIL-t3
2022-11-10 07:08:50,281 [b187db32-a43b-4ea5-9e1b-16734133a38f@group-5057D2E818B1-LeaderElection16] INFO  impl.LeaderElection (LeaderElection.java:logAndReturn(94)) -   Response 1: b187db32-a43b-4ea5-9e1b-16734133a38f<-7b1182b7-d54c-44fb-86ea-7d58e998a9db#0:OK-t3
2022-11-10 07:08:50,281 [b187db32-a43b-4ea5-9e1b-16734133a38f@group-5057D2E818B1-LeaderElection16] INFO  impl.LeaderElection (LeaderElection.java:askForVotes(314)) - b187db32-a43b-4ea5-9e1b-16734133a38f@group-5057D2E818B1-LeaderElection16 ELECTION round 0: result REJECTED
2022-11-10 07:08:50,281 [b187db32-a43b-4ea5-9e1b-16734133a38f@group-5057D2E818B1-LeaderElection16] INFO  server.RaftServer$Division (RaftServerImpl.java:setRole(321)) - b187db32-a43b-4ea5-9e1b-16734133a38f@group-5057D2E818B1: changes role from CANDIDATE to FOLLOWER at term 3 for REJECTED
2022-11-10 07:08:50,281 [b187db32-a43b-4ea5-9e1b-16734133a38f@group-5057D2E818B1-LeaderElection16] INFO  impl.RoleInfo (RoleInfo.java:shutdownLeaderElection(130)) - b187db32-a43b-4ea5-9e1b-16734133a38f: shutdown b187db32-a43b-4ea5-9e1b-16734133a38f@group-5057D2E818B1-LeaderElection16
2022-11-10 07:08:50,281 [b187db32-a43b-4ea5-9e1b-16734133a38f@group-5057D2E818B1-LeaderElection16] INFO  impl.RoleInfo (RoleInfo.java:updateAndGet(139)) - b187db32-a43b-4ea5-9e1b-16734133a38f: start b187db32-a43b-4ea5-9e1b-16734133a38f@group-5057D2E818B1-FollowerState
2022-11-10 07:08:50,282 [b187db32-a43b-4ea5-9e1b-16734133a38f@group-5057D2E818B1-FollowerState] INFO  server.RaftServerConfigKeys (ConfUtils.java:logFallback(53)) - raft.server.rpc.first-election.timeout.min = 5s (fallback to raft.server.rpc.timeout.min)
2022-11-10 07:08:50,282 [b187db32-a43b-4ea5-9e1b-16734133a38f@group-5057D2E818B1-FollowerState] INFO  server.RaftServerConfigKeys (ConfUtils.java:logFallback(53)) - raft.server.rpc.first-election.timeout.max = 5200ms (fallback to raft.server.rpc.timeout.max)
2022-11-10 07:08:50,539 [Listener at 127.0.0.1/40377] INFO  ozone.MiniOzoneClusterImpl (MiniOzoneClusterImpl.java:lambda$waitForClusterToBeReady$0(216)) - Nodes are ready. Got 3 of 3 DN Heartbeats.
2022-11-10 07:08:50,539 [Listener at 127.0.0.1/40377] INFO  ozone.MiniOzoneClusterImpl (MiniOzoneClusterImpl.java:lambda$waitForClusterToBeReady$0(219)) - Waiting for cluster to exit safe mode
2022-11-10 07:08:50,539 [Listener at 127.0.0.1/40377] INFO  ozone.MiniOzoneClusterImpl (MiniOzoneClusterImpl.java:lambda$waitForClusterToBeReady$0(221)) - SCM became leader
2022-11-10 07:08:51,539 [Listener at 127.0.0.1/40377] INFO  ozone.MiniOzoneClusterImpl (MiniOzoneClusterImpl.java:lambda$waitForClusterToBeReady$0(216)) - Nodes are ready. Got 3 of 3 DN Heartbeats.
2022-11-10 07:08:51,539 [Listener at 127.0.0.1/40377] INFO  ozone.MiniOzoneClusterImpl (MiniOzoneClusterImpl.java:lambda$waitForClusterToBeReady$0(219)) - Waiting for cluster to exit safe mode
2022-11-10 07:08:51,539 [Listener at 127.0.0.1/40377] INFO  ozone.MiniOzoneClusterImpl (MiniOzoneClusterImpl.java:lambda$waitForClusterToBeReady$0(221)) - SCM became leader
2022-11-10 07:08:52,539 [Listener at 127.0.0.1/40377] INFO  ozone.MiniOzoneClusterImpl (MiniOzoneClusterImpl.java:lambda$waitForClusterToBeReady$0(216)) - Nodes are ready. Got 3 of 3 DN Heartbeats.
2022-11-10 07:08:52,539 [Listener at 127.0.0.1/40377] INFO  ozone.MiniOzoneClusterImpl (MiniOzoneClusterImpl.java:lambda$waitForClusterToBeReady$0(219)) - Waiting for cluster to exit safe mode
2022-11-10 07:08:52,539 [Listener at 127.0.0.1/40377] INFO  ozone.MiniOzoneClusterImpl (MiniOzoneClusterImpl.java:lambda$waitForClusterToBeReady$0(221)) - SCM became leader
2022-11-10 07:08:53,540 [Listener at 127.0.0.1/40377] INFO  ozone.MiniOzoneClusterImpl (MiniOzoneClusterImpl.java:lambda$waitForClusterToBeReady$0(216)) - Nodes are ready. Got 3 of 3 DN Heartbeats.
2022-11-10 07:08:53,540 [Listener at 127.0.0.1/40377] INFO  ozone.MiniOzoneClusterImpl (MiniOzoneClusterImpl.java:lambda$waitForClusterToBeReady$0(219)) - Waiting for cluster to exit safe mode
2022-11-10 07:08:53,540 [Listener at 127.0.0.1/40377] INFO  ozone.MiniOzoneClusterImpl (MiniOzoneClusterImpl.java:lambda$waitForClusterToBeReady$0(221)) - SCM became leader
2022-11-10 07:08:54,540 [Listener at 127.0.0.1/40377] INFO  ozone.MiniOzoneClusterImpl (MiniOzoneClusterImpl.java:lambda$waitForClusterToBeReady$0(216)) - Nodes are ready. Got 3 of 3 DN Heartbeats.
2022-11-10 07:08:54,540 [Listener at 127.0.0.1/40377] INFO  ozone.MiniOzoneClusterImpl (MiniOzoneClusterImpl.java:lambda$waitForClusterToBeReady$0(219)) - Waiting for cluster to exit safe mode
2022-11-10 07:08:54,540 [Listener at 127.0.0.1/40377] INFO  ozone.MiniOzoneClusterImpl (MiniOzoneClusterImpl.java:lambda$waitForClusterToBeReady$0(221)) - SCM became leader
2022-11-10 07:08:55,124 [e793aa28-cf77-4971-8074-fcdd8288c5ce@group-1FB8705FA86A-FollowerState] INFO  impl.FollowerState (FollowerState.java:run(143)) - e793aa28-cf77-4971-8074-fcdd8288c5ce@group-1FB8705FA86A-FollowerState: change to CANDIDATE, lastRpcElapsedTime:5008064743ns, electionTimeout:5003ms
2022-11-10 07:08:55,124 [e793aa28-cf77-4971-8074-fcdd8288c5ce@group-1FB8705FA86A-FollowerState] INFO  impl.RoleInfo (RoleInfo.java:shutdownFollowerState(110)) - e793aa28-cf77-4971-8074-fcdd8288c5ce: shutdown e793aa28-cf77-4971-8074-fcdd8288c5ce@group-1FB8705FA86A-FollowerState
2022-11-10 07:08:55,124 [e793aa28-cf77-4971-8074-fcdd8288c5ce@group-1FB8705FA86A-FollowerState] INFO  server.RaftServer$Division (RaftServerImpl.java:setRole(321)) - e793aa28-cf77-4971-8074-fcdd8288c5ce@group-1FB8705FA86A: changes role from  FOLLOWER to CANDIDATE at term 3 for changeToCandidate
2022-11-10 07:08:55,124 [e793aa28-cf77-4971-8074-fcdd8288c5ce@group-1FB8705FA86A-FollowerState] INFO  server.RaftServerConfigKeys (ConfUtils.java:logGet(46)) - raft.server.leaderelection.pre-vote = false (custom)
2022-11-10 07:08:55,124 [e793aa28-cf77-4971-8074-fcdd8288c5ce@group-1FB8705FA86A-FollowerState] INFO  impl.RoleInfo (RoleInfo.java:updateAndGet(139)) - e793aa28-cf77-4971-8074-fcdd8288c5ce: start e793aa28-cf77-4971-8074-fcdd8288c5ce@group-1FB8705FA86A-LeaderElection17
2022-11-10 07:08:55,127 [e793aa28-cf77-4971-8074-fcdd8288c5ce@group-1FB8705FA86A-LeaderElection17] INFO  impl.LeaderElection (LeaderElection.java:askForVotes(312)) - e793aa28-cf77-4971-8074-fcdd8288c5ce@group-1FB8705FA86A-LeaderElection17 ELECTION round 0: submit vote requests at term 4 for -1: peers:[e793aa28-cf77-4971-8074-fcdd8288c5ce|rpc:127.0.0.1:36847|priority:0|startupRole:FOLLOWER, 7b1182b7-d54c-44fb-86ea-7d58e998a9db|rpc:127.0.0.1:34927|priority:1|startupRole:FOLLOWER, b187db32-a43b-4ea5-9e1b-16734133a38f|rpc:127.0.0.1:40995|priority:0|startupRole:FOLLOWER]|listeners:[], old=null
2022-11-10 07:08:55,128 [e793aa28-cf77-4971-8074-fcdd8288c5ce@group-1FB8705FA86A-LeaderElection17] INFO  server.RaftServerConfigKeys (ConfUtils.java:logFallback(53)) - raft.server.rpc.first-election.timeout.min = 5s (fallback to raft.server.rpc.timeout.min)
2022-11-10 07:08:55,128 [e793aa28-cf77-4971-8074-fcdd8288c5ce@group-1FB8705FA86A-LeaderElection17] INFO  server.RaftServerConfigKeys (ConfUtils.java:logFallback(53)) - raft.server.rpc.first-election.timeout.max = 5200ms (fallback to raft.server.rpc.timeout.max)
2022-11-10 07:08:55,131 [grpc-default-executor-1] INFO  server.RaftServer$Division (RaftServerImpl.java:requestVote(1218)) - 7b1182b7-d54c-44fb-86ea-7d58e998a9db@group-1FB8705FA86A: receive requestVote(ELECTION, e793aa28-cf77-4971-8074-fcdd8288c5ce, group-1FB8705FA86A, 4, (t:0, i:0))
2022-11-10 07:08:55,131 [grpc-default-executor-1] INFO  impl.VoteContext (VoteContext.java:log(48)) - 7b1182b7-d54c-44fb-86ea-7d58e998a9db@group-1FB8705FA86A-FOLLOWER: reject ELECTION from e793aa28-cf77-4971-8074-fcdd8288c5ce: our priority 1 > candidate's priority 0
2022-11-10 07:08:55,131 [grpc-default-executor-1] INFO  server.RaftServer$Division (RaftServerImpl.java:setRole(321)) - 7b1182b7-d54c-44fb-86ea-7d58e998a9db@group-1FB8705FA86A: changes role from  FOLLOWER to FOLLOWER at term 4 for candidate:e793aa28-cf77-4971-8074-fcdd8288c5ce
2022-11-10 07:08:55,131 [grpc-default-executor-1] INFO  impl.RoleInfo (RoleInfo.java:shutdownFollowerState(110)) - 7b1182b7-d54c-44fb-86ea-7d58e998a9db: shutdown 7b1182b7-d54c-44fb-86ea-7d58e998a9db@group-1FB8705FA86A-FollowerState
2022-11-10 07:08:55,131 [7b1182b7-d54c-44fb-86ea-7d58e998a9db@group-1FB8705FA86A-FollowerState] INFO  impl.FollowerState (FollowerState.java:run(152)) - 7b1182b7-d54c-44fb-86ea-7d58e998a9db@group-1FB8705FA86A-FollowerState was interrupted
2022-11-10 07:08:55,131 [grpc-default-executor-1] INFO  impl.RoleInfo (RoleInfo.java:updateAndGet(139)) - 7b1182b7-d54c-44fb-86ea-7d58e998a9db: start 7b1182b7-d54c-44fb-86ea-7d58e998a9db@group-1FB8705FA86A-FollowerState
2022-11-10 07:08:55,135 [grpc-default-executor-5] INFO  server.RaftServer$Division (RaftServerImpl.java:requestVote(1218)) - b187db32-a43b-4ea5-9e1b-16734133a38f@group-1FB8705FA86A: receive requestVote(ELECTION, e793aa28-cf77-4971-8074-fcdd8288c5ce, group-1FB8705FA86A, 4, (t:0, i:0))
2022-11-10 07:08:55,135 [grpc-default-executor-5] INFO  impl.VoteContext (VoteContext.java:log(48)) - b187db32-a43b-4ea5-9e1b-16734133a38f@group-1FB8705FA86A-FOLLOWER: accept ELECTION from e793aa28-cf77-4971-8074-fcdd8288c5ce: our priority 0 <= candidate's priority 0
2022-11-10 07:08:55,135 [grpc-default-executor-5] INFO  server.RaftServer$Division (RaftServerImpl.java:setRole(321)) - b187db32-a43b-4ea5-9e1b-16734133a38f@group-1FB8705FA86A: changes role from  FOLLOWER to FOLLOWER at term 4 for candidate:e793aa28-cf77-4971-8074-fcdd8288c5ce
2022-11-10 07:08:55,135 [grpc-default-executor-5] INFO  impl.RoleInfo (RoleInfo.java:shutdownFollowerState(110)) - b187db32-a43b-4ea5-9e1b-16734133a38f: shutdown b187db32-a43b-4ea5-9e1b-16734133a38f@group-1FB8705FA86A-FollowerState
2022-11-10 07:08:55,135 [grpc-default-executor-5] INFO  impl.RoleInfo (RoleInfo.java:updateAndGet(139)) - b187db32-a43b-4ea5-9e1b-16734133a38f: start b187db32-a43b-4ea5-9e1b-16734133a38f@group-1FB8705FA86A-FollowerState
2022-11-10 07:08:55,135 [b187db32-a43b-4ea5-9e1b-16734133a38f@group-1FB8705FA86A-FollowerState] INFO  impl.FollowerState (FollowerState.java:run(152)) - b187db32-a43b-4ea5-9e1b-16734133a38f@group-1FB8705FA86A-FollowerState was interrupted
2022-11-10 07:08:55,144 [b187db32-a43b-4ea5-9e1b-16734133a38f@group-1FB8705FA86A-FollowerState] INFO  server.RaftServerConfigKeys (ConfUtils.java:logFallback(53)) - raft.server.rpc.first-election.timeout.min = 5s (fallback to raft.server.rpc.timeout.min)
2022-11-10 07:08:55,145 [b187db32-a43b-4ea5-9e1b-16734133a38f@group-1FB8705FA86A-FollowerState] INFO  server.RaftServerConfigKeys (ConfUtils.java:logFallback(53)) - raft.server.rpc.first-election.timeout.max = 5200ms (fallback to raft.server.rpc.timeout.max)
2022-11-10 07:08:55,145 [7b1182b7-d54c-44fb-86ea-7d58e998a9db@group-1FB8705FA86A-FollowerState] INFO  server.RaftServerConfigKeys (ConfUtils.java:logFallback(53)) - raft.server.rpc.first-election.timeout.min = 5s (fallback to raft.server.rpc.timeout.min)
2022-11-10 07:08:55,145 [grpc-default-executor-1] INFO  server.RaftServer$Division (RaftServerImpl.java:requestVote(1251)) - 7b1182b7-d54c-44fb-86ea-7d58e998a9db@group-1FB8705FA86A replies to ELECTION vote request: e793aa28-cf77-4971-8074-fcdd8288c5ce<-7b1182b7-d54c-44fb-86ea-7d58e998a9db#0:FAIL-t4. Peer's state: 7b1182b7-d54c-44fb-86ea-7d58e998a9db@group-1FB8705FA86A:t4, leader=null, voted=null, raftlog=Memoized:7b1182b7-d54c-44fb-86ea-7d58e998a9db@group-1FB8705FA86A-SegmentedRaftLog:OPENED:c-1, conf=-1: peers:[e793aa28-cf77-4971-8074-fcdd8288c5ce|rpc:127.0.0.1:36847|dataStream:|priority:0|startupRole:FOLLOWER, 7b1182b7-d54c-44fb-86ea-7d58e998a9db|rpc:127.0.0.1:34927|dataStream:|priority:1|startupRole:FOLLOWER, b187db32-a43b-4ea5-9e1b-16734133a38f|rpc:127.0.0.1:40995|dataStream:|priority:0|startupRole:FOLLOWER]|listeners:[], old=null
2022-11-10 07:08:55,145 [7b1182b7-d54c-44fb-86ea-7d58e998a9db@group-1FB8705FA86A-FollowerState] INFO  server.RaftServerConfigKeys (ConfUtils.java:logFallback(53)) - raft.server.rpc.first-election.timeout.max = 5200ms (fallback to raft.server.rpc.timeout.max)
2022-11-10 07:08:55,147 [e793aa28-cf77-4971-8074-fcdd8288c5ce@group-1FB8705FA86A-LeaderElection17] INFO  impl.LeaderElection (LeaderElection.java:logAndReturn(90)) - e793aa28-cf77-4971-8074-fcdd8288c5ce@group-1FB8705FA86A-LeaderElection17: ELECTION REJECTED received 1 response(s) and 0 exception(s):
2022-11-10 07:08:55,147 [e793aa28-cf77-4971-8074-fcdd8288c5ce@group-1FB8705FA86A-LeaderElection17] INFO  impl.LeaderElection (LeaderElection.java:logAndReturn(94)) -   Response 0: e793aa28-cf77-4971-8074-fcdd8288c5ce<-7b1182b7-d54c-44fb-86ea-7d58e998a9db#0:FAIL-t4
2022-11-10 07:08:55,147 [e793aa28-cf77-4971-8074-fcdd8288c5ce@group-1FB8705FA86A-LeaderElection17] INFO  impl.LeaderElection (LeaderElection.java:askForVotes(314)) - e793aa28-cf77-4971-8074-fcdd8288c5ce@group-1FB8705FA86A-LeaderElection17 ELECTION round 0: result REJECTED
2022-11-10 07:08:55,147 [e793aa28-cf77-4971-8074-fcdd8288c5ce@group-1FB8705FA86A-LeaderElection17] INFO  server.RaftServer$Division (RaftServerImpl.java:setRole(321)) - e793aa28-cf77-4971-8074-fcdd8288c5ce@group-1FB8705FA86A: changes role from CANDIDATE to FOLLOWER at term 4 for REJECTED
2022-11-10 07:08:55,147 [e793aa28-cf77-4971-8074-fcdd8288c5ce@group-1FB8705FA86A-LeaderElection17] INFO  impl.RoleInfo (RoleInfo.java:shutdownLeaderElection(130)) - e793aa28-cf77-4971-8074-fcdd8288c5ce: shutdown e793aa28-cf77-4971-8074-fcdd8288c5ce@group-1FB8705FA86A-LeaderElection17
2022-11-10 07:08:55,147 [e793aa28-cf77-4971-8074-fcdd8288c5ce@group-1FB8705FA86A-LeaderElection17] INFO  impl.RoleInfo (RoleInfo.java:updateAndGet(139)) - e793aa28-cf77-4971-8074-fcdd8288c5ce: start e793aa28-cf77-4971-8074-fcdd8288c5ce@group-1FB8705FA86A-FollowerState
2022-11-10 07:08:55,151 [e793aa28-cf77-4971-8074-fcdd8288c5ce@group-1FB8705FA86A-FollowerState] INFO  server.RaftServerConfigKeys (ConfUtils.java:logFallback(53)) - raft.server.rpc.first-election.timeout.min = 5s (fallback to raft.server.rpc.timeout.min)
2022-11-10 07:08:55,151 [grpc-default-executor-5] INFO  server.RaftServer$Division (RaftServerImpl.java:requestVote(1251)) - b187db32-a43b-4ea5-9e1b-16734133a38f@group-1FB8705FA86A replies to ELECTION vote request: e793aa28-cf77-4971-8074-fcdd8288c5ce<-b187db32-a43b-4ea5-9e1b-16734133a38f#0:OK-t4. Peer's state: b187db32-a43b-4ea5-9e1b-16734133a38f@group-1FB8705FA86A:t4, leader=null, voted=e793aa28-cf77-4971-8074-fcdd8288c5ce, raftlog=Memoized:b187db32-a43b-4ea5-9e1b-16734133a38f@group-1FB8705FA86A-SegmentedRaftLog:OPENED:c-1, conf=-1: peers:[e793aa28-cf77-4971-8074-fcdd8288c5ce|rpc:127.0.0.1:36847|dataStream:|priority:0|startupRole:FOLLOWER, 7b1182b7-d54c-44fb-86ea-7d58e998a9db|rpc:127.0.0.1:34927|dataStream:|priority:1|startupRole:FOLLOWER, b187db32-a43b-4ea5-9e1b-16734133a38f|rpc:127.0.0.1:40995|dataStream:|priority:0|startupRole:FOLLOWER]|listeners:[], old=null
2022-11-10 07:08:55,151 [e793aa28-cf77-4971-8074-fcdd8288c5ce@group-1FB8705FA86A-FollowerState] INFO  server.RaftServerConfigKeys (ConfUtils.java:logFallback(53)) - raft.server.rpc.first-election.timeout.max = 5200ms (fallback to raft.server.rpc.timeout.max)
2022-11-10 07:08:55,294 [b187db32-a43b-4ea5-9e1b-16734133a38f@group-5057D2E818B1-FollowerState] INFO  impl.FollowerState (FollowerState.java:run(143)) - b187db32-a43b-4ea5-9e1b-16734133a38f@group-5057D2E818B1-FollowerState: change to CANDIDATE, lastRpcElapsedTime:5012374434ns, electionTimeout:5012ms
2022-11-10 07:08:55,294 [b187db32-a43b-4ea5-9e1b-16734133a38f@group-5057D2E818B1-FollowerState] INFO  impl.RoleInfo (RoleInfo.java:shutdownFollowerState(110)) - b187db32-a43b-4ea5-9e1b-16734133a38f: shutdown b187db32-a43b-4ea5-9e1b-16734133a38f@group-5057D2E818B1-FollowerState
2022-11-10 07:08:55,294 [b187db32-a43b-4ea5-9e1b-16734133a38f@group-5057D2E818B1-FollowerState] INFO  server.RaftServer$Division (RaftServerImpl.java:setRole(321)) - b187db32-a43b-4ea5-9e1b-16734133a38f@group-5057D2E818B1: changes role from  FOLLOWER to CANDIDATE at term 3 for changeToCandidate
2022-11-10 07:08:55,294 [b187db32-a43b-4ea5-9e1b-16734133a38f@group-5057D2E818B1-FollowerState] INFO  server.RaftServerConfigKeys (ConfUtils.java:logGet(46)) - raft.server.leaderelection.pre-vote = false (custom)
2022-11-10 07:08:55,294 [b187db32-a43b-4ea5-9e1b-16734133a38f@group-5057D2E818B1-FollowerState] INFO  impl.RoleInfo (RoleInfo.java:updateAndGet(139)) - b187db32-a43b-4ea5-9e1b-16734133a38f: start b187db32-a43b-4ea5-9e1b-16734133a38f@group-5057D2E818B1-LeaderElection18
2022-11-10 07:08:55,297 [b187db32-a43b-4ea5-9e1b-16734133a38f@group-5057D2E818B1-LeaderElection18] INFO  impl.LeaderElection (LeaderElection.java:askForVotes(312)) - b187db32-a43b-4ea5-9e1b-16734133a38f@group-5057D2E818B1-LeaderElection18 ELECTION round 0: submit vote requests at term 4 for -1: peers:[e793aa28-cf77-4971-8074-fcdd8288c5ce|rpc:127.0.0.1:36847|dataStream:|priority:1|startupRole:FOLLOWER, 7b1182b7-d54c-44fb-86ea-7d58e998a9db|rpc:127.0.0.1:34927|dataStream:|priority:0|startupRole:FOLLOWER, b187db32-a43b-4ea5-9e1b-16734133a38f|rpc:127.0.0.1:40995|dataStream:|priority:0|startupRole:FOLLOWER]|listeners:[], old=null
2022-11-10 07:08:55,300 [b187db32-a43b-4ea5-9e1b-16734133a38f@group-5057D2E818B1-LeaderElection18] INFO  server.RaftServerConfigKeys (ConfUtils.java:logFallback(53)) - raft.server.rpc.first-election.timeout.min = 5s (fallback to raft.server.rpc.timeout.min)
2022-11-10 07:08:55,300 [b187db32-a43b-4ea5-9e1b-16734133a38f@group-5057D2E818B1-LeaderElection18] INFO  server.RaftServerConfigKeys (ConfUtils.java:logFallback(53)) - raft.server.rpc.first-election.timeout.max = 5200ms (fallback to raft.server.rpc.timeout.max)
2022-11-10 07:08:55,305 [grpc-default-executor-5] INFO  server.RaftServer$Division (RaftServerImpl.java:requestVote(1218)) - e793aa28-cf77-4971-8074-fcdd8288c5ce@group-5057D2E818B1: receive requestVote(ELECTION, b187db32-a43b-4ea5-9e1b-16734133a38f, group-5057D2E818B1, 4, (t:0, i:0))
2022-11-10 07:08:55,305 [grpc-default-executor-5] INFO  impl.VoteContext (VoteContext.java:log(48)) - e793aa28-cf77-4971-8074-fcdd8288c5ce@group-5057D2E818B1-FOLLOWER: reject ELECTION from b187db32-a43b-4ea5-9e1b-16734133a38f: our priority 1 > candidate's priority 0
2022-11-10 07:08:55,305 [grpc-default-executor-5] INFO  server.RaftServer$Division (RaftServerImpl.java:setRole(321)) - e793aa28-cf77-4971-8074-fcdd8288c5ce@group-5057D2E818B1: changes role from  FOLLOWER to FOLLOWER at term 4 for candidate:b187db32-a43b-4ea5-9e1b-16734133a38f
2022-11-10 07:08:55,305 [grpc-default-executor-5] INFO  impl.RoleInfo (RoleInfo.java:shutdownFollowerState(110)) - e793aa28-cf77-4971-8074-fcdd8288c5ce: shutdown e793aa28-cf77-4971-8074-fcdd8288c5ce@group-5057D2E818B1-FollowerState
2022-11-10 07:08:55,305 [grpc-default-executor-5] INFO  impl.RoleInfo (RoleInfo.java:updateAndGet(139)) - e793aa28-cf77-4971-8074-fcdd8288c5ce: start e793aa28-cf77-4971-8074-fcdd8288c5ce@group-5057D2E818B1-FollowerState
2022-11-10 07:08:55,305 [e793aa28-cf77-4971-8074-fcdd8288c5ce@group-5057D2E818B1-FollowerState] INFO  impl.FollowerState (FollowerState.java:run(152)) - e793aa28-cf77-4971-8074-fcdd8288c5ce@group-5057D2E818B1-FollowerState was interrupted
2022-11-10 07:08:55,308 [e793aa28-cf77-4971-8074-fcdd8288c5ce@group-5057D2E818B1-FollowerState] INFO  server.RaftServerConfigKeys (ConfUtils.java:logFallback(53)) - raft.server.rpc.first-election.timeout.min = 5s (fallback to raft.server.rpc.timeout.min)
2022-11-10 07:08:55,308 [e793aa28-cf77-4971-8074-fcdd8288c5ce@group-5057D2E818B1-FollowerState] INFO  server.RaftServerConfigKeys (ConfUtils.java:logFallback(53)) - raft.server.rpc.first-election.timeout.max = 5200ms (fallback to raft.server.rpc.timeout.max)
2022-11-10 07:08:55,308 [grpc-default-executor-5] INFO  server.RaftServer$Division (RaftServerImpl.java:requestVote(1251)) - e793aa28-cf77-4971-8074-fcdd8288c5ce@group-5057D2E818B1 replies to ELECTION vote request: b187db32-a43b-4ea5-9e1b-16734133a38f<-e793aa28-cf77-4971-8074-fcdd8288c5ce#0:FAIL-t4. Peer's state: e793aa28-cf77-4971-8074-fcdd8288c5ce@group-5057D2E818B1:t4, leader=null, voted=null, raftlog=Memoized:e793aa28-cf77-4971-8074-fcdd8288c5ce@group-5057D2E818B1-SegmentedRaftLog:OPENED:c-1, conf=-1: peers:[e793aa28-cf77-4971-8074-fcdd8288c5ce|rpc:127.0.0.1:36847|priority:1|startupRole:FOLLOWER, 7b1182b7-d54c-44fb-86ea-7d58e998a9db|rpc:127.0.0.1:34927|priority:0|startupRole:FOLLOWER, b187db32-a43b-4ea5-9e1b-16734133a38f|rpc:127.0.0.1:40995|priority:0|startupRole:FOLLOWER]|listeners:[], old=null
2022-11-10 07:08:55,309 [grpc-default-executor-2] INFO  server.RaftServer$Division (RaftServerImpl.java:requestVote(1218)) - 7b1182b7-d54c-44fb-86ea-7d58e998a9db@group-5057D2E818B1: receive requestVote(ELECTION, b187db32-a43b-4ea5-9e1b-16734133a38f, group-5057D2E818B1, 4, (t:0, i:0))
2022-11-10 07:08:55,309 [grpc-default-executor-2] INFO  impl.VoteContext (VoteContext.java:log(48)) - 7b1182b7-d54c-44fb-86ea-7d58e998a9db@group-5057D2E818B1-FOLLOWER: accept ELECTION from b187db32-a43b-4ea5-9e1b-16734133a38f: our priority 0 <= candidate's priority 0
2022-11-10 07:08:55,309 [grpc-default-executor-2] INFO  server.RaftServer$Division (RaftServerImpl.java:setRole(321)) - 7b1182b7-d54c-44fb-86ea-7d58e998a9db@group-5057D2E818B1: changes role from  FOLLOWER to FOLLOWER at term 4 for candidate:b187db32-a43b-4ea5-9e1b-16734133a38f
2022-11-10 07:08:55,309 [grpc-default-executor-2] INFO  impl.RoleInfo (RoleInfo.java:shutdownFollowerState(110)) - 7b1182b7-d54c-44fb-86ea-7d58e998a9db: shutdown 7b1182b7-d54c-44fb-86ea-7d58e998a9db@group-5057D2E818B1-FollowerState
2022-11-10 07:08:55,309 [grpc-default-executor-2] INFO  impl.RoleInfo (RoleInfo.java:updateAndGet(139)) - 7b1182b7-d54c-44fb-86ea-7d58e998a9db: start 7b1182b7-d54c-44fb-86ea-7d58e998a9db@group-5057D2E818B1-FollowerState
2022-11-10 07:08:55,309 [7b1182b7-d54c-44fb-86ea-7d58e998a9db@group-5057D2E818B1-FollowerState] INFO  impl.FollowerState (FollowerState.java:run(152)) - 7b1182b7-d54c-44fb-86ea-7d58e998a9db@group-5057D2E818B1-FollowerState was interrupted
2022-11-10 07:08:55,312 [7b1182b7-d54c-44fb-86ea-7d58e998a9db@group-5057D2E818B1-FollowerState] INFO  server.RaftServerConfigKeys (ConfUtils.java:logFallback(53)) - raft.server.rpc.first-election.timeout.min = 5s (fallback to raft.server.rpc.timeout.min)
2022-11-10 07:08:55,312 [grpc-default-executor-2] INFO  server.RaftServer$Division (RaftServerImpl.java:requestVote(1251)) - 7b1182b7-d54c-44fb-86ea-7d58e998a9db@group-5057D2E818B1 replies to ELECTION vote request: b187db32-a43b-4ea5-9e1b-16734133a38f<-7b1182b7-d54c-44fb-86ea-7d58e998a9db#0:OK-t4. Peer's state: 7b1182b7-d54c-44fb-86ea-7d58e998a9db@group-5057D2E818B1:t4, leader=null, voted=b187db32-a43b-4ea5-9e1b-16734133a38f, raftlog=Memoized:7b1182b7-d54c-44fb-86ea-7d58e998a9db@group-5057D2E818B1-SegmentedRaftLog:OPENED:c-1, conf=-1: peers:[e793aa28-cf77-4971-8074-fcdd8288c5ce|rpc:127.0.0.1:36847|dataStream:|priority:1|startupRole:FOLLOWER, 7b1182b7-d54c-44fb-86ea-7d58e998a9db|rpc:127.0.0.1:34927|dataStream:|priority:0|startupRole:FOLLOWER, b187db32-a43b-4ea5-9e1b-16734133a38f|rpc:127.0.0.1:40995|dataStream:|priority:0|startupRole:FOLLOWER]|listeners:[], old=null
2022-11-10 07:08:55,312 [7b1182b7-d54c-44fb-86ea-7d58e998a9db@group-5057D2E818B1-FollowerState] INFO  server.RaftServerConfigKeys (ConfUtils.java:logFallback(53)) - raft.server.rpc.first-election.timeout.max = 5200ms (fallback to raft.server.rpc.timeout.max)
2022-11-10 07:08:55,313 [b187db32-a43b-4ea5-9e1b-16734133a38f@group-5057D2E818B1-LeaderElection18] INFO  impl.LeaderElection (LeaderElection.java:logAndReturn(90)) - b187db32-a43b-4ea5-9e1b-16734133a38f@group-5057D2E818B1-LeaderElection18: ELECTION REJECTED received 1 response(s) and 0 exception(s):
2022-11-10 07:08:55,315 [b187db32-a43b-4ea5-9e1b-16734133a38f@group-5057D2E818B1-LeaderElection18] INFO  impl.LeaderElection (LeaderElection.java:logAndReturn(94)) -   Response 0: b187db32-a43b-4ea5-9e1b-16734133a38f<-e793aa28-cf77-4971-8074-fcdd8288c5ce#0:FAIL-t4
2022-11-10 07:08:55,315 [b187db32-a43b-4ea5-9e1b-16734133a38f@group-5057D2E818B1-LeaderElection18] INFO  impl.LeaderElection (LeaderElection.java:askForVotes(314)) - b187db32-a43b-4ea5-9e1b-16734133a38f@group-5057D2E818B1-LeaderElection18 ELECTION round 0: result REJECTED
2022-11-10 07:08:55,315 [b187db32-a43b-4ea5-9e1b-16734133a38f@group-5057D2E818B1-LeaderElection18] INFO  server.RaftServer$Division (RaftServerImpl.java:setRole(321)) - b187db32-a43b-4ea5-9e1b-16734133a38f@group-5057D2E818B1: changes role from CANDIDATE to FOLLOWER at term 4 for REJECTED
2022-11-10 07:08:55,315 [b187db32-a43b-4ea5-9e1b-16734133a38f@group-5057D2E818B1-LeaderElection18] INFO  impl.RoleInfo (RoleInfo.java:shutdownLeaderElection(130)) - b187db32-a43b-4ea5-9e1b-16734133a38f: shutdown b187db32-a43b-4ea5-9e1b-16734133a38f@group-5057D2E818B1-LeaderElection18
2022-11-10 07:08:55,315 [b187db32-a43b-4ea5-9e1b-16734133a38f@group-5057D2E818B1-LeaderElection18] INFO  impl.RoleInfo (RoleInfo.java:updateAndGet(139)) - b187db32-a43b-4ea5-9e1b-16734133a38f: start b187db32-a43b-4ea5-9e1b-16734133a38f@group-5057D2E818B1-FollowerState
2022-11-10 07:08:55,320 [b187db32-a43b-4ea5-9e1b-16734133a38f@group-5057D2E818B1-FollowerState] INFO  server.RaftServerConfigKeys (ConfUtils.java:logFallback(53)) - raft.server.rpc.first-election.timeout.min = 5s (fallback to raft.server.rpc.timeout.min)
2022-11-10 07:08:55,320 [b187db32-a43b-4ea5-9e1b-16734133a38f@group-5057D2E818B1-FollowerState] INFO  server.RaftServerConfigKeys (ConfUtils.java:logFallback(53)) - raft.server.rpc.first-election.timeout.max = 5200ms (fallback to raft.server.rpc.timeout.max)
2022-11-10 07:08:55,541 [Listener at 127.0.0.1/40377] INFO  ozone.MiniOzoneClusterImpl (MiniOzoneClusterImpl.java:lambda$waitForClusterToBeReady$0(216)) - Nodes are ready. Got 3 of 3 DN Heartbeats.
2022-11-10 07:08:55,541 [Listener at 127.0.0.1/40377] INFO  ozone.MiniOzoneClusterImpl (MiniOzoneClusterImpl.java:lambda$waitForClusterToBeReady$0(219)) - Waiting for cluster to exit safe mode
2022-11-10 07:08:55,541 [Listener at 127.0.0.1/40377] INFO  ozone.MiniOzoneClusterImpl (MiniOzoneClusterImpl.java:lambda$waitForClusterToBeReady$0(221)) - SCM became leader
2022-11-10 07:08:56,541 [Listener at 127.0.0.1/40377] INFO  ozone.MiniOzoneClusterImpl (MiniOzoneClusterImpl.java:lambda$waitForClusterToBeReady$0(216)) - Nodes are ready. Got 3 of 3 DN Heartbeats.
2022-11-10 07:08:56,541 [Listener at 127.0.0.1/40377] INFO  ozone.MiniOzoneClusterImpl (MiniOzoneClusterImpl.java:lambda$waitForClusterToBeReady$0(219)) - Waiting for cluster to exit safe mode
2022-11-10 07:08:56,541 [Listener at 127.0.0.1/40377] INFO  ozone.MiniOzoneClusterImpl (MiniOzoneClusterImpl.java:lambda$waitForClusterToBeReady$0(221)) - SCM became leader
2022-11-10 07:08:57,542 [Listener at 127.0.0.1/40377] INFO  ozone.MiniOzoneClusterImpl (MiniOzoneClusterImpl.java:lambda$waitForClusterToBeReady$0(216)) - Nodes are ready. Got 3 of 3 DN Heartbeats.
2022-11-10 07:08:57,542 [Listener at 127.0.0.1/40377] INFO  ozone.MiniOzoneClusterImpl (MiniOzoneClusterImpl.java:lambda$waitForClusterToBeReady$0(219)) - Waiting for cluster to exit safe mode
2022-11-10 07:08:57,542 [Listener at 127.0.0.1/40377] INFO  ozone.MiniOzoneClusterImpl (MiniOzoneClusterImpl.java:lambda$waitForClusterToBeReady$0(221)) - SCM became leader
2022-11-10 07:08:58,542 [Listener at 127.0.0.1/40377] INFO  ozone.MiniOzoneClusterImpl (MiniOzoneClusterImpl.java:lambda$waitForClusterToBeReady$0(216)) - Nodes are ready. Got 3 of 3 DN Heartbeats.
2022-11-10 07:08:58,542 [Listener at 127.0.0.1/40377] INFO  ozone.MiniOzoneClusterImpl (MiniOzoneClusterImpl.java:lambda$waitForClusterToBeReady$0(219)) - Waiting for cluster to exit safe mode
2022-11-10 07:08:58,542 [Listener at 127.0.0.1/40377] INFO  ozone.MiniOzoneClusterImpl (MiniOzoneClusterImpl.java:lambda$waitForClusterToBeReady$0(221)) - SCM became leader
2022-11-10 07:08:59,542 [Listener at 127.0.0.1/40377] INFO  ozone.MiniOzoneClusterImpl (MiniOzoneClusterImpl.java:lambda$waitForClusterToBeReady$0(216)) - Nodes are ready. Got 3 of 3 DN Heartbeats.
2022-11-10 07:08:59,543 [Listener at 127.0.0.1/40377] INFO  ozone.MiniOzoneClusterImpl (MiniOzoneClusterImpl.java:lambda$waitForClusterToBeReady$0(219)) - Waiting for cluster to exit safe mode
2022-11-10 07:08:59,543 [Listener at 127.0.0.1/40377] INFO  ozone.MiniOzoneClusterImpl (MiniOzoneClusterImpl.java:lambda$waitForClusterToBeReady$0(221)) - SCM became leader
2022-11-10 07:09:00,189 [e793aa28-cf77-4971-8074-fcdd8288c5ce@group-1FB8705FA86A-FollowerState] INFO  impl.FollowerState (FollowerState.java:run(143)) - e793aa28-cf77-4971-8074-fcdd8288c5ce@group-1FB8705FA86A-FollowerState: change to CANDIDATE, lastRpcElapsedTime:5041903749ns, electionTimeout:5038ms
2022-11-10 07:09:00,189 [e793aa28-cf77-4971-8074-fcdd8288c5ce@group-1FB8705FA86A-FollowerState] INFO  impl.RoleInfo (RoleInfo.java:shutdownFollowerState(110)) - e793aa28-cf77-4971-8074-fcdd8288c5ce: shutdown e793aa28-cf77-4971-8074-fcdd8288c5ce@group-1FB8705FA86A-FollowerState
2022-11-10 07:09:00,189 [e793aa28-cf77-4971-8074-fcdd8288c5ce@group-1FB8705FA86A-FollowerState] INFO  server.RaftServer$Division (RaftServerImpl.java:setRole(321)) - e793aa28-cf77-4971-8074-fcdd8288c5ce@group-1FB8705FA86A: changes role from  FOLLOWER to CANDIDATE at term 4 for changeToCandidate
2022-11-10 07:09:00,189 [e793aa28-cf77-4971-8074-fcdd8288c5ce@group-1FB8705FA86A-FollowerState] INFO  server.RaftServerConfigKeys (ConfUtils.java:logGet(46)) - raft.server.leaderelection.pre-vote = false (custom)
2022-11-10 07:09:00,189 [e793aa28-cf77-4971-8074-fcdd8288c5ce@group-1FB8705FA86A-FollowerState] INFO  impl.RoleInfo (RoleInfo.java:updateAndGet(139)) - e793aa28-cf77-4971-8074-fcdd8288c5ce: start e793aa28-cf77-4971-8074-fcdd8288c5ce@group-1FB8705FA86A-LeaderElection19
2022-11-10 07:09:00,198 [e793aa28-cf77-4971-8074-fcdd8288c5ce@group-1FB8705FA86A-LeaderElection19] INFO  impl.LeaderElection (LeaderElection.java:askForVotes(312)) - e793aa28-cf77-4971-8074-fcdd8288c5ce@group-1FB8705FA86A-LeaderElection19 ELECTION round 0: submit vote requests at term 5 for -1: peers:[e793aa28-cf77-4971-8074-fcdd8288c5ce|rpc:127.0.0.1:36847|priority:0|startupRole:FOLLOWER, 7b1182b7-d54c-44fb-86ea-7d58e998a9db|rpc:127.0.0.1:34927|priority:1|startupRole:FOLLOWER, b187db32-a43b-4ea5-9e1b-16734133a38f|rpc:127.0.0.1:40995|priority:0|startupRole:FOLLOWER]|listeners:[], old=null
2022-11-10 07:09:00,217 [e793aa28-cf77-4971-8074-fcdd8288c5ce@group-1FB8705FA86A-LeaderElection19] INFO  server.RaftServerConfigKeys (ConfUtils.java:logFallback(53)) - raft.server.rpc.first-election.timeout.min = 5s (fallback to raft.server.rpc.timeout.min)
2022-11-10 07:09:00,217 [grpc-default-executor-2] INFO  server.RaftServer$Division (RaftServerImpl.java:requestVote(1218)) - 7b1182b7-d54c-44fb-86ea-7d58e998a9db@group-1FB8705FA86A: receive requestVote(ELECTION, e793aa28-cf77-4971-8074-fcdd8288c5ce, group-1FB8705FA86A, 5, (t:0, i:0))
2022-11-10 07:09:00,217 [e793aa28-cf77-4971-8074-fcdd8288c5ce@group-1FB8705FA86A-LeaderElection19] INFO  server.RaftServerConfigKeys (ConfUtils.java:logFallback(53)) - raft.server.rpc.first-election.timeout.max = 5200ms (fallback to raft.server.rpc.timeout.max)
2022-11-10 07:09:00,217 [grpc-default-executor-2] INFO  impl.VoteContext (VoteContext.java:log(48)) - 7b1182b7-d54c-44fb-86ea-7d58e998a9db@group-1FB8705FA86A-FOLLOWER: reject ELECTION from e793aa28-cf77-4971-8074-fcdd8288c5ce: our priority 1 > candidate's priority 0
2022-11-10 07:09:00,217 [grpc-default-executor-2] INFO  server.RaftServer$Division (RaftServerImpl.java:setRole(321)) - 7b1182b7-d54c-44fb-86ea-7d58e998a9db@group-1FB8705FA86A: changes role from  FOLLOWER to FOLLOWER at term 5 for candidate:e793aa28-cf77-4971-8074-fcdd8288c5ce
2022-11-10 07:09:00,217 [grpc-default-executor-2] INFO  impl.RoleInfo (RoleInfo.java:shutdownFollowerState(110)) - 7b1182b7-d54c-44fb-86ea-7d58e998a9db: shutdown 7b1182b7-d54c-44fb-86ea-7d58e998a9db@group-1FB8705FA86A-FollowerState
2022-11-10 07:09:00,217 [7b1182b7-d54c-44fb-86ea-7d58e998a9db@group-1FB8705FA86A-FollowerState] INFO  impl.FollowerState (FollowerState.java:run(152)) - 7b1182b7-d54c-44fb-86ea-7d58e998a9db@group-1FB8705FA86A-FollowerState was interrupted
2022-11-10 07:09:00,217 [grpc-default-executor-2] INFO  impl.RoleInfo (RoleInfo.java:updateAndGet(139)) - 7b1182b7-d54c-44fb-86ea-7d58e998a9db: start 7b1182b7-d54c-44fb-86ea-7d58e998a9db@group-1FB8705FA86A-FollowerState
2022-11-10 07:09:00,218 [7b1182b7-d54c-44fb-86ea-7d58e998a9db@group-1FB8705FA86A-FollowerState] INFO  server.RaftServerConfigKeys (ConfUtils.java:logFallback(53)) - raft.server.rpc.first-election.timeout.min = 5s (fallback to raft.server.rpc.timeout.min)
2022-11-10 07:09:00,218 [7b1182b7-d54c-44fb-86ea-7d58e998a9db@group-1FB8705FA86A-FollowerState] INFO  server.RaftServerConfigKeys (ConfUtils.java:logFallback(53)) - raft.server.rpc.first-election.timeout.max = 5200ms (fallback to raft.server.rpc.timeout.max)
2022-11-10 07:09:00,220 [grpc-default-executor-5] INFO  server.RaftServer$Division (RaftServerImpl.java:requestVote(1218)) - b187db32-a43b-4ea5-9e1b-16734133a38f@group-1FB8705FA86A: receive requestVote(ELECTION, e793aa28-cf77-4971-8074-fcdd8288c5ce, group-1FB8705FA86A, 5, (t:0, i:0))
2022-11-10 07:09:00,220 [grpc-default-executor-5] INFO  impl.VoteContext (VoteContext.java:log(48)) - b187db32-a43b-4ea5-9e1b-16734133a38f@group-1FB8705FA86A-FOLLOWER: accept ELECTION from e793aa28-cf77-4971-8074-fcdd8288c5ce: our priority 0 <= candidate's priority 0
2022-11-10 07:09:00,220 [grpc-default-executor-5] INFO  server.RaftServer$Division (RaftServerImpl.java:setRole(321)) - b187db32-a43b-4ea5-9e1b-16734133a38f@group-1FB8705FA86A: changes role from  FOLLOWER to FOLLOWER at term 5 for candidate:e793aa28-cf77-4971-8074-fcdd8288c5ce
2022-11-10 07:09:00,220 [grpc-default-executor-5] INFO  impl.RoleInfo (RoleInfo.java:shutdownFollowerState(110)) - b187db32-a43b-4ea5-9e1b-16734133a38f: shutdown b187db32-a43b-4ea5-9e1b-16734133a38f@group-1FB8705FA86A-FollowerState
2022-11-10 07:09:00,221 [b187db32-a43b-4ea5-9e1b-16734133a38f@group-1FB8705FA86A-FollowerState] INFO  impl.FollowerState (FollowerState.java:run(152)) - b187db32-a43b-4ea5-9e1b-16734133a38f@group-1FB8705FA86A-FollowerState was interrupted
2022-11-10 07:09:00,221 [grpc-default-executor-5] INFO  impl.RoleInfo (RoleInfo.java:updateAndGet(139)) - b187db32-a43b-4ea5-9e1b-16734133a38f: start b187db32-a43b-4ea5-9e1b-16734133a38f@group-1FB8705FA86A-FollowerState
2022-11-10 07:09:00,222 [b187db32-a43b-4ea5-9e1b-16734133a38f@group-1FB8705FA86A-FollowerState] INFO  server.RaftServerConfigKeys (ConfUtils.java:logFallback(53)) - raft.server.rpc.first-election.timeout.min = 5s (fallback to raft.server.rpc.timeout.min)
2022-11-10 07:09:00,222 [b187db32-a43b-4ea5-9e1b-16734133a38f@group-1FB8705FA86A-FollowerState] INFO  server.RaftServerConfigKeys (ConfUtils.java:logFallback(53)) - raft.server.rpc.first-election.timeout.max = 5200ms (fallback to raft.server.rpc.timeout.max)
2022-11-10 07:09:00,253 [grpc-default-executor-2] INFO  server.RaftServer$Division (RaftServerImpl.java:requestVote(1251)) - 7b1182b7-d54c-44fb-86ea-7d58e998a9db@group-1FB8705FA86A replies to ELECTION vote request: e793aa28-cf77-4971-8074-fcdd8288c5ce<-7b1182b7-d54c-44fb-86ea-7d58e998a9db#0:FAIL-t5. Peer's state: 7b1182b7-d54c-44fb-86ea-7d58e998a9db@group-1FB8705FA86A:t5, leader=null, voted=null, raftlog=Memoized:7b1182b7-d54c-44fb-86ea-7d58e998a9db@group-1FB8705FA86A-SegmentedRaftLog:OPENED:c-1, conf=-1: peers:[e793aa28-cf77-4971-8074-fcdd8288c5ce|rpc:127.0.0.1:36847|dataStream:|priority:0|startupRole:FOLLOWER, 7b1182b7-d54c-44fb-86ea-7d58e998a9db|rpc:127.0.0.1:34927|dataStream:|priority:1|startupRole:FOLLOWER, b187db32-a43b-4ea5-9e1b-16734133a38f|rpc:127.0.0.1:40995|dataStream:|priority:0|startupRole:FOLLOWER]|listeners:[], old=null
2022-11-10 07:09:00,253 [grpc-default-executor-5] INFO  server.RaftServer$Division (RaftServerImpl.java:requestVote(1251)) - b187db32-a43b-4ea5-9e1b-16734133a38f@group-1FB8705FA86A replies to ELECTION vote request: e793aa28-cf77-4971-8074-fcdd8288c5ce<-b187db32-a43b-4ea5-9e1b-16734133a38f#0:OK-t5. Peer's state: b187db32-a43b-4ea5-9e1b-16734133a38f@group-1FB8705FA86A:t5, leader=null, voted=e793aa28-cf77-4971-8074-fcdd8288c5ce, raftlog=Memoized:b187db32-a43b-4ea5-9e1b-16734133a38f@group-1FB8705FA86A-SegmentedRaftLog:OPENED:c-1, conf=-1: peers:[e793aa28-cf77-4971-8074-fcdd8288c5ce|rpc:127.0.0.1:36847|dataStream:|priority:0|startupRole:FOLLOWER, 7b1182b7-d54c-44fb-86ea-7d58e998a9db|rpc:127.0.0.1:34927|dataStream:|priority:1|startupRole:FOLLOWER, b187db32-a43b-4ea5-9e1b-16734133a38f|rpc:127.0.0.1:40995|dataStream:|priority:0|startupRole:FOLLOWER]|listeners:[], old=null
2022-11-10 07:09:00,255 [e793aa28-cf77-4971-8074-fcdd8288c5ce@group-1FB8705FA86A-LeaderElection19] INFO  impl.LeaderElection (LeaderElection.java:logAndReturn(90)) - e793aa28-cf77-4971-8074-fcdd8288c5ce@group-1FB8705FA86A-LeaderElection19: ELECTION REJECTED received 1 response(s) and 0 exception(s):
2022-11-10 07:09:00,255 [e793aa28-cf77-4971-8074-fcdd8288c5ce@group-1FB8705FA86A-LeaderElection19] INFO  impl.LeaderElection (LeaderElection.java:logAndReturn(94)) -   Response 0: e793aa28-cf77-4971-8074-fcdd8288c5ce<-7b1182b7-d54c-44fb-86ea-7d58e998a9db#0:FAIL-t5
2022-11-10 07:09:00,255 [e793aa28-cf77-4971-8074-fcdd8288c5ce@group-1FB8705FA86A-LeaderElection19] INFO  impl.LeaderElection (LeaderElection.java:askForVotes(314)) - e793aa28-cf77-4971-8074-fcdd8288c5ce@group-1FB8705FA86A-LeaderElection19 ELECTION round 0: result REJECTED
2022-11-10 07:09:00,256 [e793aa28-cf77-4971-8074-fcdd8288c5ce@group-1FB8705FA86A-LeaderElection19] INFO  server.RaftServer$Division (RaftServerImpl.java:setRole(321)) - e793aa28-cf77-4971-8074-fcdd8288c5ce@group-1FB8705FA86A: changes role from CANDIDATE to FOLLOWER at term 5 for REJECTED
2022-11-10 07:09:00,256 [e793aa28-cf77-4971-8074-fcdd8288c5ce@group-1FB8705FA86A-LeaderElection19] INFO  impl.RoleInfo (RoleInfo.java:shutdownLeaderElection(130)) - e793aa28-cf77-4971-8074-fcdd8288c5ce: shutdown e793aa28-cf77-4971-8074-fcdd8288c5ce@group-1FB8705FA86A-LeaderElection19
2022-11-10 07:09:00,256 [e793aa28-cf77-4971-8074-fcdd8288c5ce@group-1FB8705FA86A-LeaderElection19] INFO  impl.RoleInfo (RoleInfo.java:updateAndGet(139)) - e793aa28-cf77-4971-8074-fcdd8288c5ce: start e793aa28-cf77-4971-8074-fcdd8288c5ce@group-1FB8705FA86A-FollowerState
2022-11-10 07:09:00,256 [e793aa28-cf77-4971-8074-fcdd8288c5ce@group-1FB8705FA86A-FollowerState] INFO  server.RaftServerConfigKeys (ConfUtils.java:logFallback(53)) - raft.server.rpc.first-election.timeout.min = 5s (fallback to raft.server.rpc.timeout.min)
2022-11-10 07:09:00,256 [e793aa28-cf77-4971-8074-fcdd8288c5ce@group-1FB8705FA86A-FollowerState] INFO  server.RaftServerConfigKeys (ConfUtils.java:logFallback(53)) - raft.server.rpc.first-election.timeout.max = 5200ms (fallback to raft.server.rpc.timeout.max)
2022-11-10 07:09:00,381 [e793aa28-cf77-4971-8074-fcdd8288c5ce@group-5057D2E818B1-FollowerState] INFO  impl.FollowerState (FollowerState.java:run(143)) - e793aa28-cf77-4971-8074-fcdd8288c5ce@group-5057D2E818B1-FollowerState: change to CANDIDATE, lastRpcElapsedTime:5075697178ns, electionTimeout:5073ms
2022-11-10 07:09:00,381 [e793aa28-cf77-4971-8074-fcdd8288c5ce@group-5057D2E818B1-FollowerState] INFO  impl.RoleInfo (RoleInfo.java:shutdownFollowerState(110)) - e793aa28-cf77-4971-8074-fcdd8288c5ce: shutdown e793aa28-cf77-4971-8074-fcdd8288c5ce@group-5057D2E818B1-FollowerState
2022-11-10 07:09:00,381 [e793aa28-cf77-4971-8074-fcdd8288c5ce@group-5057D2E818B1-FollowerState] INFO  server.RaftServer$Division (RaftServerImpl.java:setRole(321)) - e793aa28-cf77-4971-8074-fcdd8288c5ce@group-5057D2E818B1: changes role from  FOLLOWER to CANDIDATE at term 4 for changeToCandidate
2022-11-10 07:09:00,381 [e793aa28-cf77-4971-8074-fcdd8288c5ce@group-5057D2E818B1-FollowerState] INFO  server.RaftServerConfigKeys (ConfUtils.java:logGet(46)) - raft.server.leaderelection.pre-vote = false (custom)
2022-11-10 07:09:00,381 [e793aa28-cf77-4971-8074-fcdd8288c5ce@group-5057D2E818B1-FollowerState] INFO  impl.RoleInfo (RoleInfo.java:updateAndGet(139)) - e793aa28-cf77-4971-8074-fcdd8288c5ce: start e793aa28-cf77-4971-8074-fcdd8288c5ce@group-5057D2E818B1-LeaderElection20
2022-11-10 07:09:00,385 [e793aa28-cf77-4971-8074-fcdd8288c5ce@group-5057D2E818B1-LeaderElection20] INFO  impl.LeaderElection (LeaderElection.java:askForVotes(312)) - e793aa28-cf77-4971-8074-fcdd8288c5ce@group-5057D2E818B1-LeaderElection20 ELECTION round 0: submit vote requests at term 5 for -1: peers:[e793aa28-cf77-4971-8074-fcdd8288c5ce|rpc:127.0.0.1:36847|priority:1|startupRole:FOLLOWER, 7b1182b7-d54c-44fb-86ea-7d58e998a9db|rpc:127.0.0.1:34927|priority:0|startupRole:FOLLOWER, b187db32-a43b-4ea5-9e1b-16734133a38f|rpc:127.0.0.1:40995|priority:0|startupRole:FOLLOWER]|listeners:[], old=null
2022-11-10 07:09:00,388 [e793aa28-cf77-4971-8074-fcdd8288c5ce@group-5057D2E818B1-LeaderElection20] INFO  server.RaftServerConfigKeys (ConfUtils.java:logFallback(53)) - raft.server.rpc.first-election.timeout.min = 5s (fallback to raft.server.rpc.timeout.min)
2022-11-10 07:09:00,388 [e793aa28-cf77-4971-8074-fcdd8288c5ce@group-5057D2E818B1-LeaderElection20] INFO  server.RaftServerConfigKeys (ConfUtils.java:logFallback(53)) - raft.server.rpc.first-election.timeout.max = 5200ms (fallback to raft.server.rpc.timeout.max)
2022-11-10 07:09:00,393 [grpc-default-executor-5] INFO  server.RaftServer$Division (RaftServerImpl.java:requestVote(1218)) - 7b1182b7-d54c-44fb-86ea-7d58e998a9db@group-5057D2E818B1: receive requestVote(ELECTION, e793aa28-cf77-4971-8074-fcdd8288c5ce, group-5057D2E818B1, 5, (t:0, i:0))
2022-11-10 07:09:00,393 [grpc-default-executor-5] INFO  impl.VoteContext (VoteContext.java:log(48)) - 7b1182b7-d54c-44fb-86ea-7d58e998a9db@group-5057D2E818B1-FOLLOWER: accept ELECTION from e793aa28-cf77-4971-8074-fcdd8288c5ce: our priority 0 <= candidate's priority 1
2022-11-10 07:09:00,393 [grpc-default-executor-5] INFO  server.RaftServer$Division (RaftServerImpl.java:setRole(321)) - 7b1182b7-d54c-44fb-86ea-7d58e998a9db@group-5057D2E818B1: changes role from  FOLLOWER to FOLLOWER at term 5 for candidate:e793aa28-cf77-4971-8074-fcdd8288c5ce
2022-11-10 07:09:00,393 [grpc-default-executor-5] INFO  impl.RoleInfo (RoleInfo.java:shutdownFollowerState(110)) - 7b1182b7-d54c-44fb-86ea-7d58e998a9db: shutdown 7b1182b7-d54c-44fb-86ea-7d58e998a9db@group-5057D2E818B1-FollowerState
2022-11-10 07:09:00,393 [7b1182b7-d54c-44fb-86ea-7d58e998a9db@group-5057D2E818B1-FollowerState] INFO  impl.FollowerState (FollowerState.java:run(152)) - 7b1182b7-d54c-44fb-86ea-7d58e998a9db@group-5057D2E818B1-FollowerState was interrupted
2022-11-10 07:09:00,393 [grpc-default-executor-5] INFO  impl.RoleInfo (RoleInfo.java:updateAndGet(139)) - 7b1182b7-d54c-44fb-86ea-7d58e998a9db: start 7b1182b7-d54c-44fb-86ea-7d58e998a9db@group-5057D2E818B1-FollowerState
2022-11-10 07:09:00,396 [7b1182b7-d54c-44fb-86ea-7d58e998a9db@group-5057D2E818B1-FollowerState] INFO  server.RaftServerConfigKeys (ConfUtils.java:logFallback(53)) - raft.server.rpc.first-election.timeout.min = 5s (fallback to raft.server.rpc.timeout.min)
2022-11-10 07:09:00,396 [7b1182b7-d54c-44fb-86ea-7d58e998a9db@group-5057D2E818B1-FollowerState] INFO  server.RaftServerConfigKeys (ConfUtils.java:logFallback(53)) - raft.server.rpc.first-election.timeout.max = 5200ms (fallback to raft.server.rpc.timeout.max)
2022-11-10 07:09:00,396 [grpc-default-executor-2] INFO  server.RaftServer$Division (RaftServerImpl.java:requestVote(1218)) - b187db32-a43b-4ea5-9e1b-16734133a38f@group-5057D2E818B1: receive requestVote(ELECTION, e793aa28-cf77-4971-8074-fcdd8288c5ce, group-5057D2E818B1, 5, (t:0, i:0))
2022-11-10 07:09:00,396 [grpc-default-executor-2] INFO  impl.VoteContext (VoteContext.java:log(48)) - b187db32-a43b-4ea5-9e1b-16734133a38f@group-5057D2E818B1-FOLLOWER: accept ELECTION from e793aa28-cf77-4971-8074-fcdd8288c5ce: our priority 0 <= candidate's priority 1
2022-11-10 07:09:00,397 [grpc-default-executor-2] INFO  server.RaftServer$Division (RaftServerImpl.java:setRole(321)) - b187db32-a43b-4ea5-9e1b-16734133a38f@group-5057D2E818B1: changes role from  FOLLOWER to FOLLOWER at term 5 for candidate:e793aa28-cf77-4971-8074-fcdd8288c5ce
2022-11-10 07:09:00,397 [grpc-default-executor-2] INFO  impl.RoleInfo (RoleInfo.java:shutdownFollowerState(110)) - b187db32-a43b-4ea5-9e1b-16734133a38f: shutdown b187db32-a43b-4ea5-9e1b-16734133a38f@group-5057D2E818B1-FollowerState
2022-11-10 07:09:00,397 [b187db32-a43b-4ea5-9e1b-16734133a38f@group-5057D2E818B1-FollowerState] INFO  impl.FollowerState (FollowerState.java:run(152)) - b187db32-a43b-4ea5-9e1b-16734133a38f@group-5057D2E818B1-FollowerState was interrupted
2022-11-10 07:09:00,397 [grpc-default-executor-2] INFO  impl.RoleInfo (RoleInfo.java:updateAndGet(139)) - b187db32-a43b-4ea5-9e1b-16734133a38f: start b187db32-a43b-4ea5-9e1b-16734133a38f@group-5057D2E818B1-FollowerState
2022-11-10 07:09:00,398 [b187db32-a43b-4ea5-9e1b-16734133a38f@group-5057D2E818B1-FollowerState] INFO  server.RaftServerConfigKeys (ConfUtils.java:logFallback(53)) - raft.server.rpc.first-election.timeout.min = 5s (fallback to raft.server.rpc.timeout.min)
2022-11-10 07:09:00,398 [b187db32-a43b-4ea5-9e1b-16734133a38f@group-5057D2E818B1-FollowerState] INFO  server.RaftServerConfigKeys (ConfUtils.java:logFallback(53)) - raft.server.rpc.first-election.timeout.max = 5200ms (fallback to raft.server.rpc.timeout.max)
2022-11-10 07:09:00,399 [grpc-default-executor-2] INFO  server.RaftServer$Division (RaftServerImpl.java:requestVote(1251)) - b187db32-a43b-4ea5-9e1b-16734133a38f@group-5057D2E818B1 replies to ELECTION vote request: e793aa28-cf77-4971-8074-fcdd8288c5ce<-b187db32-a43b-4ea5-9e1b-16734133a38f#0:OK-t5. Peer's state: b187db32-a43b-4ea5-9e1b-16734133a38f@group-5057D2E818B1:t5, leader=null, voted=e793aa28-cf77-4971-8074-fcdd8288c5ce, raftlog=Memoized:b187db32-a43b-4ea5-9e1b-16734133a38f@group-5057D2E818B1-SegmentedRaftLog:OPENED:c-1, conf=-1: peers:[e793aa28-cf77-4971-8074-fcdd8288c5ce|rpc:127.0.0.1:36847|dataStream:|priority:1|startupRole:FOLLOWER, 7b1182b7-d54c-44fb-86ea-7d58e998a9db|rpc:127.0.0.1:34927|dataStream:|priority:0|startupRole:FOLLOWER, b187db32-a43b-4ea5-9e1b-16734133a38f|rpc:127.0.0.1:40995|dataStream:|priority:0|startupRole:FOLLOWER]|listeners:[], old=null
2022-11-10 07:09:00,399 [grpc-default-executor-5] INFO  server.RaftServer$Division (RaftServerImpl.java:requestVote(1251)) - 7b1182b7-d54c-44fb-86ea-7d58e998a9db@group-5057D2E818B1 replies to ELECTION vote request: e793aa28-cf77-4971-8074-fcdd8288c5ce<-7b1182b7-d54c-44fb-86ea-7d58e998a9db#0:OK-t5. Peer's state: 7b1182b7-d54c-44fb-86ea-7d58e998a9db@group-5057D2E818B1:t5, leader=null, voted=e793aa28-cf77-4971-8074-fcdd8288c5ce, raftlog=Memoized:7b1182b7-d54c-44fb-86ea-7d58e998a9db@group-5057D2E818B1-SegmentedRaftLog:OPENED:c-1, conf=-1: peers:[e793aa28-cf77-4971-8074-fcdd8288c5ce|rpc:127.0.0.1:36847|dataStream:|priority:1|startupRole:FOLLOWER, 7b1182b7-d54c-44fb-86ea-7d58e998a9db|rpc:127.0.0.1:34927|dataStream:|priority:0|startupRole:FOLLOWER, b187db32-a43b-4ea5-9e1b-16734133a38f|rpc:127.0.0.1:40995|dataStream:|priority:0|startupRole:FOLLOWER]|listeners:[], old=null
2022-11-10 07:09:00,400 [e793aa28-cf77-4971-8074-fcdd8288c5ce@group-5057D2E818B1-LeaderElection20] INFO  impl.LeaderElection (LeaderElection.java:logAndReturn(90)) - e793aa28-cf77-4971-8074-fcdd8288c5ce@group-5057D2E818B1-LeaderElection20: ELECTION PASSED received 1 response(s) and 0 exception(s):
2022-11-10 07:09:00,400 [e793aa28-cf77-4971-8074-fcdd8288c5ce@group-5057D2E818B1-LeaderElection20] INFO  impl.LeaderElection (LeaderElection.java:logAndReturn(94)) -   Response 0: e793aa28-cf77-4971-8074-fcdd8288c5ce<-b187db32-a43b-4ea5-9e1b-16734133a38f#0:OK-t5
2022-11-10 07:09:00,400 [e793aa28-cf77-4971-8074-fcdd8288c5ce@group-5057D2E818B1-LeaderElection20] INFO  impl.LeaderElection (LeaderElection.java:askForVotes(314)) - e793aa28-cf77-4971-8074-fcdd8288c5ce@group-5057D2E818B1-LeaderElection20 ELECTION round 0: result PASSED
2022-11-10 07:09:00,400 [e793aa28-cf77-4971-8074-fcdd8288c5ce@group-5057D2E818B1-LeaderElection20] INFO  impl.RoleInfo (RoleInfo.java:shutdownLeaderElection(130)) - e793aa28-cf77-4971-8074-fcdd8288c5ce: shutdown e793aa28-cf77-4971-8074-fcdd8288c5ce@group-5057D2E818B1-LeaderElection20
2022-11-10 07:09:00,400 [e793aa28-cf77-4971-8074-fcdd8288c5ce@group-5057D2E818B1-LeaderElection20] INFO  server.RaftServer$Division (RaftServerImpl.java:setRole(321)) - e793aa28-cf77-4971-8074-fcdd8288c5ce@group-5057D2E818B1: changes role from CANDIDATE to LEADER at term 5 for changeToLeader
2022-11-10 07:09:00,400 [e793aa28-cf77-4971-8074-fcdd8288c5ce@group-5057D2E818B1-LeaderElection20] INFO  ratis.XceiverServerRatis (XceiverServerRatis.java:handleLeaderChangedNotification(863)) - Leader change notification received for group: group-5057D2E818B1 with new leaderId: e793aa28-cf77-4971-8074-fcdd8288c5ce
2022-11-10 07:09:00,400 [e793aa28-cf77-4971-8074-fcdd8288c5ce@group-5057D2E818B1-LeaderElection20] INFO  server.RaftServer$Division (ServerState.java:setLeader(313)) - e793aa28-cf77-4971-8074-fcdd8288c5ce@group-5057D2E818B1: change Leader from null to e793aa28-cf77-4971-8074-fcdd8288c5ce at term 5 for becomeLeader, leader elected after 25397ms
2022-11-10 07:09:00,400 [e793aa28-cf77-4971-8074-fcdd8288c5ce@group-5057D2E818B1-LeaderElection20] INFO  server.RaftServerConfigKeys (ConfUtils.java:logGet(46)) - raft.server.staging.catchup.gap = 1000 (default)
2022-11-10 07:09:00,400 [e793aa28-cf77-4971-8074-fcdd8288c5ce@group-5057D2E818B1-LeaderElection20] INFO  server.RaftServerConfigKeys (ConfUtils.java:logGet(46)) - raft.server.write.element-limit = 1024 (custom)
2022-11-10 07:09:00,400 [e793aa28-cf77-4971-8074-fcdd8288c5ce@group-5057D2E818B1-LeaderElection20] INFO  server.RaftServerConfigKeys (ConfUtils.java:logGet(46)) - raft.server.write.byte-limit = 1024 M (=1073741824) (custom)
2022-11-10 07:09:00,401 [e793aa28-cf77-4971-8074-fcdd8288c5ce@group-5057D2E818B1-LeaderElection20] INFO  server.RaftServerConfigKeys (ConfUtils.java:logGet(46)) - raft.server.watch.timeout = 180s (custom)
2022-11-10 07:09:00,401 [e793aa28-cf77-4971-8074-fcdd8288c5ce@group-5057D2E818B1-LeaderElection20] INFO  server.RaftServerConfigKeys (ConfUtils.java:logGet(46)) - raft.server.watch.timeout.denomination = 1s (default)
2022-11-10 07:09:00,401 [e793aa28-cf77-4971-8074-fcdd8288c5ce@group-5057D2E818B1-LeaderElection20] INFO  server.RaftServerConfigKeys (ConfUtils.java:logGet(46)) - raft.server.watch.element-limit = 65536 (default)
2022-11-10 07:09:00,401 [e793aa28-cf77-4971-8074-fcdd8288c5ce@group-5057D2E818B1-LeaderElection20] INFO  server.RaftServerConfigKeys (ConfUtils.java:logGet(46)) - raft.server.write.element-limit = 1024 (custom)
2022-11-10 07:09:00,401 [e793aa28-cf77-4971-8074-fcdd8288c5ce@group-5057D2E818B1-LeaderElection20] INFO  server.RaftServerConfigKeys (ConfUtils.java:logGet(46)) - raft.server.write.follower.gap.ratio.max = -1.0 (default)
2022-11-10 07:09:00,401 [e793aa28-cf77-4971-8074-fcdd8288c5ce@group-5057D2E818B1-LeaderElection20] INFO  server.RaftServerConfigKeys (ConfUtils.java:logGet(46)) - raft.server.log.appender.snapshot.chunk.size.max = 16MB (=16777216) (default)
2022-11-10 07:09:00,401 [e793aa28-cf77-4971-8074-fcdd8288c5ce@group-5057D2E818B1-LeaderElection20] INFO  server.RaftServerConfigKeys (ConfUtils.java:logGet(46)) - raft.server.log.appender.buffer.byte-limit = 33554432 (custom)
2022-11-10 07:09:00,401 [e793aa28-cf77-4971-8074-fcdd8288c5ce@group-5057D2E818B1-LeaderElection20] INFO  server.RaftServerConfigKeys (ConfUtils.java:logGet(46)) - raft.server.log.appender.buffer.element-limit = 1 (custom)
2022-11-10 07:09:00,401 [e793aa28-cf77-4971-8074-fcdd8288c5ce@group-5057D2E818B1-LeaderElection20] INFO  grpc.GrpcConfigKeys (ConfUtils.java:logGet(46)) - raft.grpc.server.leader.outstanding.appends.max = 128 (default)
2022-11-10 07:09:00,402 [e793aa28-cf77-4971-8074-fcdd8288c5ce@group-5057D2E818B1-LeaderElection20] INFO  server.RaftServerConfigKeys (ConfUtils.java:logGet(46)) - raft.server.rpc.request.timeout = 60s (custom)
2022-11-10 07:09:00,402 [e793aa28-cf77-4971-8074-fcdd8288c5ce@group-5057D2E818B1-LeaderElection20] INFO  server.RaftServerConfigKeys (ConfUtils.java:logGet(46)) - raft.server.log.appender.install.snapshot.enabled = false (custom)
2022-11-10 07:09:00,402 [e793aa28-cf77-4971-8074-fcdd8288c5ce@group-5057D2E818B1-LeaderElection20] INFO  grpc.GrpcConfigKeys (ConfUtils.java:logGet(46)) - raft.grpc.server.heartbeat.channel = true (default)
2022-11-10 07:09:00,402 [e793aa28-cf77-4971-8074-fcdd8288c5ce@group-5057D2E818B1-LeaderElection20] INFO  server.RaftServerConfigKeys (ConfUtils.java:logGet(46)) - raft.server.log.appender.wait-time.min = 10ms (default)
2022-11-10 07:09:00,403 [EventQueue-PipelineReportForPipelineReportHandler] INFO  pipeline.PipelineManagerImpl (PipelineManagerImpl.java:openPipeline(367)) - Pipeline Pipeline[ Id: 82c8021f-3972-49d8-8c46-5057d2e818b1, Nodes: 7b1182b7-d54c-44fb-86ea-7d58e998a9db{ip: 127.0.0.1, host: localhost, ports: [REPLICATION=32951, RATIS=34927, RATIS_ADMIN=34927, RATIS_SERVER=34927, STANDALONE=42067], networkLocation: /default-rack, certSerialId: null, persistedOpState: IN_SERVICE, persistedOpStateExpiryEpochSec: 0}b187db32-a43b-4ea5-9e1b-16734133a38f{ip: 127.0.0.1, host: localhost, ports: [REPLICATION=43325, RATIS=40995, RATIS_ADMIN=40995, RATIS_SERVER=40995, STANDALONE=33335], networkLocation: /default-rack, certSerialId: null, persistedOpState: IN_SERVICE, persistedOpStateExpiryEpochSec: 0}e793aa28-cf77-4971-8074-fcdd8288c5ce{ip: 127.0.0.1, host: localhost, ports: [REPLICATION=38303, RATIS=36847, RATIS_ADMIN=36847, RATIS_SERVER=36847, STANDALONE=38319], networkLocation: /default-rack, certSerialId: null, persistedOpState: IN_SERVICE, persistedOpStateExpiryEpochSec: 0}, ReplicationConfig: RATIS/THREE, State:ALLOCATED, leaderId:e793aa28-cf77-4971-8074-fcdd8288c5ce, CreationTimestamp2022-11-10T07:08:32.593Z[Etc/UTC]] moved to OPEN state
2022-11-10 07:09:00,403 [EventQueue-PipelineReportForPipelineReportHandler] INFO  pipeline.PipelineManagerImpl (PipelineManagerImpl.java:openPipeline(367)) - Pipeline Pipeline[ Id: 82c8021f-3972-49d8-8c46-5057d2e818b1, Nodes: 7b1182b7-d54c-44fb-86ea-7d58e998a9db{ip: 127.0.0.1, host: localhost, ports: [REPLICATION=32951, RATIS=34927, RATIS_ADMIN=34927, RATIS_SERVER=34927, STANDALONE=42067], networkLocation: /default-rack, certSerialId: null, persistedOpState: IN_SERVICE, persistedOpStateExpiryEpochSec: 0}b187db32-a43b-4ea5-9e1b-16734133a38f{ip: 127.0.0.1, host: localhost, ports: [REPLICATION=43325, RATIS=40995, RATIS_ADMIN=40995, RATIS_SERVER=40995, STANDALONE=33335], networkLocation: /default-rack, certSerialId: null, persistedOpState: IN_SERVICE, persistedOpStateExpiryEpochSec: 0}e793aa28-cf77-4971-8074-fcdd8288c5ce{ip: 127.0.0.1, host: localhost, ports: [REPLICATION=38303, RATIS=36847, RATIS_ADMIN=36847, RATIS_SERVER=36847, STANDALONE=38319], networkLocation: /default-rack, certSerialId: null, persistedOpState: IN_SERVICE, persistedOpStateExpiryEpochSec: 0}, ReplicationConfig: RATIS/THREE, State:ALLOCATED, leaderId:e793aa28-cf77-4971-8074-fcdd8288c5ce, CreationTimestamp2022-11-10T07:08:32.593Z[Etc/UTC]] moved to OPEN state
2022-11-10 07:09:00,404 [EventQueue-PipelineReportForPipelineReportHandler] INFO  pipeline.PipelineManagerImpl (PipelineManagerImpl.java:openPipeline(367)) - Pipeline Pipeline[ Id: 82c8021f-3972-49d8-8c46-5057d2e818b1, Nodes: 7b1182b7-d54c-44fb-86ea-7d58e998a9db{ip: 127.0.0.1, host: localhost, ports: [REPLICATION=32951, RATIS=34927, RATIS_ADMIN=34927, RATIS_SERVER=34927, STANDALONE=42067], networkLocation: /default-rack, certSerialId: null, persistedOpState: IN_SERVICE, persistedOpStateExpiryEpochSec: 0}b187db32-a43b-4ea5-9e1b-16734133a38f{ip: 127.0.0.1, host: localhost, ports: [REPLICATION=43325, RATIS=40995, RATIS_ADMIN=40995, RATIS_SERVER=40995, STANDALONE=33335], networkLocation: /default-rack, certSerialId: null, persistedOpState: IN_SERVICE, persistedOpStateExpiryEpochSec: 0}e793aa28-cf77-4971-8074-fcdd8288c5ce{ip: 127.0.0.1, host: localhost, ports: [REPLICATION=38303, RATIS=36847, RATIS_ADMIN=36847, RATIS_SERVER=36847, STANDALONE=38319], networkLocation: /default-rack, certSerialId: null, persistedOpState: IN_SERVICE, persistedOpStateExpiryEpochSec: 0}, ReplicationConfig: RATIS/THREE, State:ALLOCATED, leaderId:e793aa28-cf77-4971-8074-fcdd8288c5ce, CreationTimestamp2022-11-10T07:08:32.593Z[Etc/UTC]] moved to OPEN state
2022-11-10 07:09:00,404 [EventQueue-OpenPipelineForHealthyPipelineSafeModeRule] INFO  safemode.SCMSafeModeManager (HealthyPipelineSafeModeRule.java:process(137)) - SCM in safe mode. Healthy pipelines reported count is 0, required healthy pipeline reported count is 1
2022-11-10 07:09:00,404 [EventQueue-OpenPipelineForHealthyPipelineSafeModeRule] INFO  safemode.SCMSafeModeManager (HealthyPipelineSafeModeRule.java:process(137)) - SCM in safe mode. Healthy pipelines reported count is 0, required healthy pipeline reported count is 1
2022-11-10 07:09:00,404 [EventQueue-OpenPipelineForHealthyPipelineSafeModeRule] INFO  safemode.SCMSafeModeManager (HealthyPipelineSafeModeRule.java:process(137)) - SCM in safe mode. Healthy pipelines reported count is 0, required healthy pipeline reported count is 1
2022-11-10 07:09:00,405 [e793aa28-cf77-4971-8074-fcdd8288c5ce@group-5057D2E818B1-LeaderElection20] INFO  server.RaftServerConfigKeys (ConfUtils.java:logGet(46)) - raft.server.log.appender.snapshot.chunk.size.max = 16MB (=16777216) (default)
2022-11-10 07:09:00,405 [e793aa28-cf77-4971-8074-fcdd8288c5ce@group-5057D2E818B1-LeaderElection20] INFO  server.RaftServerConfigKeys (ConfUtils.java:logGet(46)) - raft.server.log.appender.buffer.byte-limit = 33554432 (custom)
2022-11-10 07:09:00,405 [e793aa28-cf77-4971-8074-fcdd8288c5ce@group-5057D2E818B1-LeaderElection20] INFO  server.RaftServerConfigKeys (ConfUtils.java:logGet(46)) - raft.server.log.appender.buffer.element-limit = 1 (custom)
2022-11-10 07:09:00,405 [e793aa28-cf77-4971-8074-fcdd8288c5ce@group-5057D2E818B1-LeaderElection20] INFO  grpc.GrpcConfigKeys (ConfUtils.java:logGet(46)) - raft.grpc.server.leader.outstanding.appends.max = 128 (default)
2022-11-10 07:09:00,405 [e793aa28-cf77-4971-8074-fcdd8288c5ce@group-5057D2E818B1-LeaderElection20] INFO  server.RaftServerConfigKeys (ConfUtils.java:logGet(46)) - raft.server.rpc.request.timeout = 60s (custom)
2022-11-10 07:09:00,405 [e793aa28-cf77-4971-8074-fcdd8288c5ce@group-5057D2E818B1-LeaderElection20] INFO  server.RaftServerConfigKeys (ConfUtils.java:logGet(46)) - raft.server.log.appender.install.snapshot.enabled = false (custom)
2022-11-10 07:09:00,405 [e793aa28-cf77-4971-8074-fcdd8288c5ce@group-5057D2E818B1-LeaderElection20] INFO  grpc.GrpcConfigKeys (ConfUtils.java:logGet(46)) - raft.grpc.server.heartbeat.channel = true (default)
2022-11-10 07:09:00,405 [e793aa28-cf77-4971-8074-fcdd8288c5ce@group-5057D2E818B1-LeaderElection20] INFO  server.RaftServerConfigKeys (ConfUtils.java:logGet(46)) - raft.server.log.appender.wait-time.min = 10ms (default)
2022-11-10 07:09:00,408 [4ed76112-e62d-4ca7-a346-3bf242109c33@group-A6BAE3BFF50D-StateMachineUpdater] INFO  safemode.HealthyPipelineSafeModeRule (HealthyPipelineSafeModeRule.java:initializeRule(165)) - Refreshed total pipeline count is 1, healthy pipeline threshold count is 1
2022-11-10 07:09:00,406 [c8e5d44d-3ae5-47f4-8fed-77a3ea3a3924@group-A6BAE3BFF50D-StateMachineUpdater] INFO  safemode.HealthyPipelineSafeModeRule (HealthyPipelineSafeModeRule.java:initializeRule(165)) - Refreshed total pipeline count is 1, healthy pipeline threshold count is 1
2022-11-10 07:09:00,410 [EventQueue-OpenPipelineForHealthyPipelineSafeModeRule] INFO  safemode.SCMSafeModeManager (HealthyPipelineSafeModeRule.java:process(137)) - SCM in safe mode. Healthy pipelines reported count is 1, required healthy pipeline reported count is 1
2022-11-10 07:09:00,410 [EventQueue-OpenPipelineForHealthyPipelineSafeModeRule] INFO  safemode.SCMSafeModeManager (SCMSafeModeManager.java:validateSafeModeExitRules(204)) - HealthyPipelineSafeModeRule rule is successfully validated
2022-11-10 07:09:00,410 [EventQueue-OpenPipelineForHealthyPipelineSafeModeRule] INFO  safemode.SCMSafeModeManager (SCMSafeModeManager.java:validateSafeModeExitRules(219)) - ScmSafeModeManager, all rules are successfully validated
2022-11-10 07:09:00,410 [EventQueue-OpenPipelineForHealthyPipelineSafeModeRule] INFO  safemode.SCMSafeModeManager (SCMSafeModeManager.java:exitSafeMode(248)) - SCM exiting safe mode.
2022-11-10 07:09:00,410 [EventQueue-OpenPipelineForHealthyPipelineSafeModeRule] WARN  events.EventQueue (EventQueue.java:fireEvent(216)) - No event handler registered for event TypedEvent{payloadType=SafeModeStatus, name='Safe mode status'}
2022-11-10 07:09:00,410 [EventQueue-OpenPipelineForHealthyPipelineSafeModeRule] INFO  ha.SCMContext (SCMContext.java:updateSafeModeStatus(228)) - Update SafeModeStatus from SafeModeStatus{safeModeStatus=true, preCheckPassed=true} to SafeModeStatus{safeModeStatus=false, preCheckPassed=true}.
2022-11-10 07:09:00,410 [EventQueue-OpenPipelineForHealthyPipelineSafeModeRule] INFO  BackgroundPipelineScrubber (BackgroundSCMService.java:notifyStatusChanged(82)) - Service BackgroundPipelineScrubber transitions to RUNNING.
2022-11-10 07:09:00,410 [EventQueue-OpenPipelineForHealthyPipelineSafeModeRule] INFO  ExpiredContainerReplicaOpScrubber (BackgroundSCMService.java:notifyStatusChanged(82)) - Service ExpiredContainerReplicaOpScrubber transitions to RUNNING.
2022-11-10 07:09:00,410 [EventQueue-OpenPipelineForHealthyPipelineSafeModeRule] INFO  replication.ReplicationManager (ReplicationManager.java:notifyStatusChanged(799)) - Service ReplicationManager transitions to RUNNING.
2022-11-10 07:09:00,412 [db4da669-e495-4258-8ed5-d8ca382bca0e@group-A6BAE3BFF50D-StateMachineUpdater] INFO  safemode.HealthyPipelineSafeModeRule (HealthyPipelineSafeModeRule.java:initializeRule(165)) - Refreshed total pipeline count is 1, healthy pipeline threshold count is 1
2022-11-10 07:09:00,412 [e793aa28-cf77-4971-8074-fcdd8288c5ce@group-5057D2E818B1-LeaderElection20] INFO  impl.RoleInfo (RoleInfo.java:updateAndGet(139)) - e793aa28-cf77-4971-8074-fcdd8288c5ce: start e793aa28-cf77-4971-8074-fcdd8288c5ce@group-5057D2E818B1-LeaderStateImpl
2022-11-10 07:09:00,413 [e793aa28-cf77-4971-8074-fcdd8288c5ce@group-5057D2E818B1-LeaderElection20] INFO  segmented.SegmentedRaftLogWorker (SegmentedRaftLogWorker.java:startLogSegment(452)) - e793aa28-cf77-4971-8074-fcdd8288c5ce@group-5057D2E818B1-SegmentedRaftLogWorker: Starting segment from index:0
2022-11-10 07:09:00,414 [EventQueue-OpenPipelineForHealthyPipelineSafeModeRule] WARN  balancer.ContainerBalancer (ContainerBalancer.java:shouldRun(131)) - Could not find persisted configuration for ContainerBalancer when checking if ContainerBalancer should run. ContainerBalancer should not run now.
2022-11-10 07:09:00,415 [e793aa28-cf77-4971-8074-fcdd8288c5ce@group-5057D2E818B1-SegmentedRaftLogWorker] INFO  segmented.SegmentedRaftLogWorker (SegmentedRaftLogWorker.java:execute(656)) - e793aa28-cf77-4971-8074-fcdd8288c5ce@group-5057D2E818B1-SegmentedRaftLogWorker: created new log segment /home/runner/work/ozone/ozone/hadoop-ozone/integration-test/target/test-dir/MiniOzoneClusterImpl-a89f51d4-237d-44f8-8386-a6bae3bff50d/datanode-0/data/ratis/82c8021f-3972-49d8-8c46-5057d2e818b1/current/log_inprogress_0
2022-11-10 07:09:00,419 [e793aa28-cf77-4971-8074-fcdd8288c5ce@group-5057D2E818B1-LeaderElection20] INFO  server.RaftServer$Division (ServerState.java:setRaftConf(430)) - e793aa28-cf77-4971-8074-fcdd8288c5ce@group-5057D2E818B1: set configuration 0: peers:[e793aa28-cf77-4971-8074-fcdd8288c5ce|rpc:127.0.0.1:36847|dataStream:|priority:1|startupRole:FOLLOWER, 7b1182b7-d54c-44fb-86ea-7d58e998a9db|rpc:127.0.0.1:34927|dataStream:|priority:0|startupRole:FOLLOWER, b187db32-a43b-4ea5-9e1b-16734133a38f|rpc:127.0.0.1:40995|dataStream:|priority:0|startupRole:FOLLOWER]|listeners:[], old=null
2022-11-10 07:09:00,424 [7b1182b7-d54c-44fb-86ea-7d58e998a9db-server-thread1] INFO  ratis.XceiverServerRatis (XceiverServerRatis.java:handleLeaderChangedNotification(863)) - Leader change notification received for group: group-5057D2E818B1 with new leaderId: e793aa28-cf77-4971-8074-fcdd8288c5ce
2022-11-10 07:09:00,424 [7b1182b7-d54c-44fb-86ea-7d58e998a9db-server-thread1] INFO  server.RaftServer$Division (ServerState.java:setLeader(313)) - 7b1182b7-d54c-44fb-86ea-7d58e998a9db@group-5057D2E818B1: change Leader from null to e793aa28-cf77-4971-8074-fcdd8288c5ce at term 5 for appendEntries, leader elected after 25379ms
2022-11-10 07:09:00,429 [7b1182b7-d54c-44fb-86ea-7d58e998a9db-server-thread2] INFO  server.RaftServer$Division (ServerState.java:setRaftConf(430)) - 7b1182b7-d54c-44fb-86ea-7d58e998a9db@group-5057D2E818B1: set configuration 0: peers:[e793aa28-cf77-4971-8074-fcdd8288c5ce|rpc:127.0.0.1:36847|dataStream:|priority:1|startupRole:FOLLOWER, 7b1182b7-d54c-44fb-86ea-7d58e998a9db|rpc:127.0.0.1:34927|dataStream:|priority:0|startupRole:FOLLOWER, b187db32-a43b-4ea5-9e1b-16734133a38f|rpc:127.0.0.1:40995|dataStream:|priority:0|startupRole:FOLLOWER]|listeners:[], old=null
2022-11-10 07:09:00,429 [7b1182b7-d54c-44fb-86ea-7d58e998a9db-server-thread2] INFO  segmented.SegmentedRaftLogWorker (SegmentedRaftLogWorker.java:startLogSegment(452)) - 7b1182b7-d54c-44fb-86ea-7d58e998a9db@group-5057D2E818B1-SegmentedRaftLogWorker: Starting segment from index:0
2022-11-10 07:09:00,430 [7b1182b7-d54c-44fb-86ea-7d58e998a9db@group-5057D2E818B1-SegmentedRaftLogWorker] INFO  segmented.SegmentedRaftLogWorker (SegmentedRaftLogWorker.java:execute(656)) - 7b1182b7-d54c-44fb-86ea-7d58e998a9db@group-5057D2E818B1-SegmentedRaftLogWorker: created new log segment /home/runner/work/ozone/ozone/hadoop-ozone/integration-test/target/test-dir/MiniOzoneClusterImpl-a89f51d4-237d-44f8-8386-a6bae3bff50d/datanode-1/data/ratis/82c8021f-3972-49d8-8c46-5057d2e818b1/current/log_inprogress_0
2022-11-10 07:09:00,435 [b187db32-a43b-4ea5-9e1b-16734133a38f-server-thread1] INFO  ratis.XceiverServerRatis (XceiverServerRatis.java:handleLeaderChangedNotification(863)) - Leader change notification received for group: group-5057D2E818B1 with new leaderId: e793aa28-cf77-4971-8074-fcdd8288c5ce
2022-11-10 07:09:00,435 [b187db32-a43b-4ea5-9e1b-16734133a38f-server-thread1] INFO  server.RaftServer$Division (ServerState.java:setLeader(313)) - b187db32-a43b-4ea5-9e1b-16734133a38f@group-5057D2E818B1: change Leader from null to e793aa28-cf77-4971-8074-fcdd8288c5ce at term 5 for appendEntries, leader elected after 25347ms
2022-11-10 07:09:00,439 [b187db32-a43b-4ea5-9e1b-16734133a38f-server-thread2] INFO  server.RaftServer$Division (ServerState.java:setRaftConf(430)) - b187db32-a43b-4ea5-9e1b-16734133a38f@group-5057D2E818B1: set configuration 0: peers:[e793aa28-cf77-4971-8074-fcdd8288c5ce|rpc:127.0.0.1:36847|dataStream:|priority:1|startupRole:FOLLOWER, 7b1182b7-d54c-44fb-86ea-7d58e998a9db|rpc:127.0.0.1:34927|dataStream:|priority:0|startupRole:FOLLOWER, b187db32-a43b-4ea5-9e1b-16734133a38f|rpc:127.0.0.1:40995|dataStream:|priority:0|startupRole:FOLLOWER]|listeners:[], old=null
2022-11-10 07:09:00,439 [b187db32-a43b-4ea5-9e1b-16734133a38f-server-thread2] INFO  segmented.SegmentedRaftLogWorker (SegmentedRaftLogWorker.java:startLogSegment(452)) - b187db32-a43b-4ea5-9e1b-16734133a38f@group-5057D2E818B1-SegmentedRaftLogWorker: Starting segment from index:0
2022-11-10 07:09:00,441 [b187db32-a43b-4ea5-9e1b-16734133a38f@group-5057D2E818B1-SegmentedRaftLogWorker] INFO  segmented.SegmentedRaftLogWorker (SegmentedRaftLogWorker.java:execute(656)) - b187db32-a43b-4ea5-9e1b-16734133a38f@group-5057D2E818B1-SegmentedRaftLogWorker: created new log segment /home/runner/work/ozone/ozone/hadoop-ozone/integration-test/target/test-dir/MiniOzoneClusterImpl-a89f51d4-237d-44f8-8386-a6bae3bff50d/datanode-2/data/ratis/82c8021f-3972-49d8-8c46-5057d2e818b1/current/log_inprogress_0
2022-11-10 07:09:00,543 [Listener at 127.0.0.1/40377] INFO  ozone.MiniOzoneClusterImpl (MiniOzoneClusterImpl.java:lambda$waitForClusterToBeReady$0(216)) - Nodes are ready. Got 3 of 3 DN Heartbeats.
2022-11-10 07:09:00,543 [Listener at 127.0.0.1/40377] INFO  ozone.MiniOzoneClusterImpl (MiniOzoneClusterImpl.java:lambda$waitForClusterToBeReady$0(219)) - Cluster exits safe mode
2022-11-10 07:09:00,543 [Listener at 127.0.0.1/40377] INFO  ozone.MiniOzoneClusterImpl (MiniOzoneClusterImpl.java:lambda$waitForClusterToBeReady$0(221)) - SCM became leader
2022-11-10 07:09:01,012 [IPC Server handler 1 on default port 42965] INFO  ha.SCMNodeInfo (SCMNodeInfo.java:getPort(197)) - ConfigKey ozone.scm.client.address is deprecated, For configuring different ports for each SCM use PortConfigKey ozone.scm.client.port appended with serviceId and nodeId
2022-11-10 07:09:01,012 [IPC Server handler 1 on default port 42965] INFO  ha.SCMNodeInfo (SCMNodeInfo.java:getPort(197)) - ConfigKey ozone.scm.block.client.address is deprecated, For configuring different ports for each SCM use PortConfigKey ozone.scm.block.client.port appended with serviceId and nodeId
2022-11-10 07:09:01,012 [IPC Server handler 1 on default port 42965] INFO  ha.SCMNodeInfo (SCMNodeInfo.java:getPort(197)) - ConfigKey ozone.scm.datanode.address is deprecated, For configuring different ports for each SCM use PortConfigKey ozone.scm.datanode.port appended with serviceId and nodeId
2022-11-10 07:09:01,012 [IPC Server handler 1 on default port 42965] INFO  ha.SCMNodeInfo (SCMNodeInfo.java:getPort(197)) - ConfigKey ozone.scm.client.address is deprecated, For configuring different ports for each SCM use PortConfigKey ozone.scm.client.port appended with serviceId and nodeId
2022-11-10 07:09:01,012 [IPC Server handler 1 on default port 42965] INFO  ha.SCMNodeInfo (SCMNodeInfo.java:getPort(197)) - ConfigKey ozone.scm.block.client.address is deprecated, For configuring different ports for each SCM use PortConfigKey ozone.scm.block.client.port appended with serviceId and nodeId
2022-11-10 07:09:01,012 [IPC Server handler 1 on default port 42965] INFO  ha.SCMNodeInfo (SCMNodeInfo.java:getPort(197)) - ConfigKey ozone.scm.datanode.address is deprecated, For configuring different ports for each SCM use PortConfigKey ozone.scm.datanode.port appended with serviceId and nodeId
2022-11-10 07:09:01,012 [IPC Server handler 1 on default port 42965] INFO  ha.SCMNodeInfo (SCMNodeInfo.java:getPort(197)) - ConfigKey ozone.scm.client.address is deprecated, For configuring different ports for each SCM use PortConfigKey ozone.scm.client.port appended with serviceId and nodeId
2022-11-10 07:09:01,012 [IPC Server handler 1 on default port 42965] INFO  ha.SCMNodeInfo (SCMNodeInfo.java:getPort(197)) - ConfigKey ozone.scm.block.client.address is deprecated, For configuring different ports for each SCM use PortConfigKey ozone.scm.block.client.port appended with serviceId and nodeId
2022-11-10 07:09:01,012 [IPC Server handler 1 on default port 42965] INFO  ha.SCMNodeInfo (SCMNodeInfo.java:getPort(197)) - ConfigKey ozone.scm.datanode.address is deprecated, For configuring different ports for each SCM use PortConfigKey ozone.scm.datanode.port appended with serviceId and nodeId
2022-11-10 07:09:01,024 [Listener at 127.0.0.1/40377] INFO  rpc.RpcClient (RpcClient.java:createVolume(472)) - Creating Volume: c0041a43-c371-49b7-9384-88d4315ebf50, with runner as owner and space quota set to -1 bytes, counts quota set to -1
2022-11-10 07:09:01,061 [OM StateMachine ApplyTransaction Thread - 0] INFO  volume.OMVolumeCreateRequest (OMVolumeCreateRequest.java:validateAndUpdateCache(195)) - created volume:c0041a43-c371-49b7-9384-88d4315ebf50 for user:runner
2022-11-10 07:09:01,063 [OM StateMachine ApplyTransaction Thread - 0] INFO  volume.OMVolumeCreateRequest (OMVolumeCreateRequest.java:validateAndUpdateCache(195)) - created volume:c0041a43-c371-49b7-9384-88d4315ebf50 for user:runner
2022-11-10 07:09:01,062 [OM StateMachine ApplyTransaction Thread - 0] INFO  volume.OMVolumeCreateRequest (OMVolumeCreateRequest.java:validateAndUpdateCache(195)) - created volume:c0041a43-c371-49b7-9384-88d4315ebf50 for user:runner
2022-11-10 07:09:01,112 [Listener at 127.0.0.1/40377] INFO  rpc.RpcClient (RpcClient.java:createBucket(691)) - Creating Bucket: c0041a43-c371-49b7-9384-88d4315ebf50/19cad4c7-bb9a-45e9-863c-d29c57ddd2fd, with server-side default bucket layout, runner as owner, Versioning false, Storage Type set to DISK and Encryption set to false 
2022-11-10 07:09:01,129 [OM StateMachine ApplyTransaction Thread - 0] INFO  bucket.OMBucketCreateRequest (OMBucketCreateRequest.java:validateAndUpdateCache(260)) - created bucket: 19cad4c7-bb9a-45e9-863c-d29c57ddd2fd of layout LEGACY in volume: c0041a43-c371-49b7-9384-88d4315ebf50
2022-11-10 07:09:01,132 [Listener at 127.0.0.1/40377] INFO  ozone.MiniOzoneHAClusterImpl (MiniOzoneHAClusterImpl.java:stop(312)) - Stopping the OzoneManager omNode-3
2022-11-10 07:09:01,132 [Listener at 127.0.0.1/40377] INFO  om.OzoneManager (OzoneManager.java:stop(2036)) - omNode-3[localhost:40377]: Stopping Ozone Manager
2022-11-10 07:09:01,132 [Listener at 127.0.0.1/40377] INFO  ipc.Server (Server.java:stop(3428)) - Stopping server on 40377
2022-11-10 07:09:01,130 [OM StateMachine ApplyTransaction Thread - 0] INFO  bucket.OMBucketCreateRequest (OMBucketCreateRequest.java:validateAndUpdateCache(260)) - created bucket: 19cad4c7-bb9a-45e9-863c-d29c57ddd2fd of layout LEGACY in volume: c0041a43-c371-49b7-9384-88d4315ebf50
2022-11-10 07:09:01,135 [OM StateMachine ApplyTransaction Thread - 0] INFO  bucket.OMBucketCreateRequest (OMBucketCreateRequest.java:validateAndUpdateCache(260)) - created bucket: 19cad4c7-bb9a-45e9-863c-d29c57ddd2fd of layout LEGACY in volume: c0041a43-c371-49b7-9384-88d4315ebf50
2022-11-10 07:09:01,138 [IPC Server listener on 40377] INFO  ipc.Server (Server.java:run(1384)) - Stopping IPC Server listener on 40377
2022-11-10 07:09:01,141 [IPC Server Responder] INFO  ipc.Server (Server.java:run(1517)) - Stopping IPC Server Responder
2022-11-10 07:09:01,142 [Listener at 127.0.0.1/40377] INFO  server.RaftServer (RaftServerProxy.java:lambda$close$6(409)) - omNode-3: close
2022-11-10 07:09:01,142 [omNode-3-impl-thread1] INFO  server.RaftServer$Division (RaftServerImpl.java:lambda$close$4(458)) - omNode-3@group-6C22E66A003A: shutdown
2022-11-10 07:09:01,142 [omNode-3-impl-thread1] INFO  util.JmxRegister (JmxRegister.java:unregister(73)) - Successfully un-registered JMX Bean with object name Ratis:service=RaftServer,group=group-6C22E66A003A,id=omNode-3
2022-11-10 07:09:01,142 [omNode-3-impl-thread1] INFO  impl.RoleInfo (RoleInfo.java:shutdownFollowerState(110)) - omNode-3: shutdown omNode-3@group-6C22E66A003A-FollowerState
2022-11-10 07:09:01,142 [omNode-3-impl-thread1] INFO  impl.StateMachineUpdater (StateMachineUpdater.java:stopAndJoin(153)) - omNode-3@group-6C22E66A003A-StateMachineUpdater: set stopIndex = 5
2022-11-10 07:09:01,142 [omNode-3@group-6C22E66A003A-FollowerState] INFO  impl.FollowerState (FollowerState.java:run(152)) - omNode-3@group-6C22E66A003A-FollowerState was interrupted
2022-11-10 07:09:01,142 [omNode-3@group-6C22E66A003A-StateMachineUpdater] INFO  ratis.OzoneManagerStateMachine (OzoneManagerStateMachine.java:takeSnapshot(445)) - Current Snapshot Index (t:3, i:5)
2022-11-10 07:09:01,142 [Listener at 127.0.0.1/40377] INFO  server.GrpcService (GrpcService.java:closeImpl(279)) - omNode-3: shutdown server GrpcServerProtocolService now
2022-11-10 07:09:01,143 [omNode-3@group-6C22E66A003A-StateMachineUpdater] INFO  impl.StateMachineUpdater (StateMachineUpdater.java:takeSnapshot(287)) - omNode-3@group-6C22E66A003A-StateMachineUpdater: Took a snapshot at index 5
2022-11-10 07:09:01,143 [omNode-3@group-6C22E66A003A-StateMachineUpdater] INFO  impl.StateMachineUpdater (StateMachineUpdater.java:lambda$new$0(92)) - omNode-3@group-6C22E66A003A-StateMachineUpdater: snapshotIndex: updateIncreasingly -1 -> 5
2022-11-10 07:09:01,143 [omNode-3@group-6C22E66A003A-StateMachineUpdater] INFO  ratis.OzoneManagerStateMachine (OzoneManagerStateMachine.java:close(499)) - StateMachine has shutdown. Shutdown OzoneManager if not already shutdown.
2022-11-10 07:09:01,143 [omNode-3@group-6C22E66A003A-StateMachineUpdater] INFO  ratis.OzoneManagerDoubleBuffer (OzoneManagerDoubleBuffer.java:stop(466)) - Stopping OMDoubleBuffer flush thread
2022-11-10 07:09:01,143 [OMDoubleBufferFlushThread] INFO  ratis.OzoneManagerDoubleBuffer (OzoneManagerDoubleBuffer.java:flushTransactions(385)) - OMDoubleBuffer flush thread OMDoubleBufferFlushThread is interrupted and will exit.
2022-11-10 07:09:01,150 [omNode-3-impl-thread1] INFO  server.RaftServer$Division (ServerState.java:close(466)) - omNode-3@group-6C22E66A003A: closes. applyIndex: 5
2022-11-10 07:09:01,150 [omNode-3@group-6C22E66A003A-SegmentedRaftLogWorker] INFO  segmented.SegmentedRaftLogWorker (SegmentedRaftLogWorker.java:run(345)) - omNode-3@group-6C22E66A003A-SegmentedRaftLogWorker was interrupted, exiting. There are 0 tasks remaining in the queue.
2022-11-10 07:09:01,153 [omNode-3-impl-thread1] INFO  segmented.SegmentedRaftLogWorker (SegmentedRaftLogWorker.java:close(255)) - omNode-3@group-6C22E66A003A-SegmentedRaftLogWorker close()
2022-11-10 07:09:01,163 [grpc-default-executor-5] WARN  server.GrpcServerProtocolService (LogUtils.java:warn(122)) - omNode-3: installSnapshot onError, lastRequest: null: org.apache.ratis.thirdparty.io.grpc.StatusRuntimeException: CANCELLED: client cancelled
2022-11-10 07:09:01,165 [grpc-default-executor-2] WARN  server.GrpcServerProtocolService (LogUtils.java:warn(122)) - omNode-3: installSnapshot onError, lastRequest: omNode-2->omNode-3#132-t3,previous=(t:3, i:5),leaderCommit=5,initializing? true,entries: size=1, first=(t:3, i:6), METADATAENTRY(c:5): org.apache.ratis.thirdparty.io.grpc.StatusRuntimeException: CANCELLED: client cancelled
2022-11-10 07:09:01,167 [Listener at 127.0.0.1/40377] INFO  server.GrpcService (GrpcService.java:closeImpl(288)) - omNode-3: shutdown server GrpcServerProtocolService successfully
2022-11-10 07:09:01,167 [grpc-default-executor-5] WARN  server.GrpcLogAppender (LogUtils.java:warn(122)) - omNode-2@group-6C22E66A003A->omNode-3-AppendLogResponseHandler: Failed appendEntries: org.apache.ratis.thirdparty.io.grpc.StatusRuntimeException: CANCELLED: RST_STREAM closed stream. HTTP/2 error code: CANCEL
2022-11-10 07:09:01,167 [grpc-default-executor-5] INFO  leader.FollowerInfo (FollowerInfoImpl.java:lambda$new$0(48)) - omNode-2@group-6C22E66A003A->omNode-3: nextIndex: updateUnconditionally 7 -> 6
2022-11-10 07:09:01,167 [JvmPauseMonitor6] INFO  util.JvmPauseMonitor (JvmPauseMonitor.java:run(111)) - JvmPauseMonitor-omNode-3: Stopped
2022-11-10 07:09:01,168 [grpc-default-executor-2] WARN  server.GrpcLogAppender (LogUtils.java:warn(122)) - omNode-2@group-6C22E66A003A->omNode-3-AppendLogResponseHandler: Failed appendEntries: org.apache.ratis.thirdparty.io.grpc.StatusRuntimeException: CANCELLED: RST_STREAM closed stream. HTTP/2 error code: CANCEL
2022-11-10 07:09:01,168 [grpc-default-executor-2] INFO  leader.FollowerInfo (FollowerInfoImpl.java:lambda$new$0(48)) - omNode-2@group-6C22E66A003A->omNode-3: nextIndex: updateUnconditionally 6 -> 5
2022-11-10 07:09:01,168 [Listener at 127.0.0.1/40377] INFO  ratis.OzoneManagerStateMachine (OzoneManagerStateMachine.java:close(499)) - StateMachine has shutdown. Shutdown OzoneManager if not already shutdown.
2022-11-10 07:09:01,168 [Listener at 127.0.0.1/40377] INFO  ratis.OzoneManagerDoubleBuffer (OzoneManagerDoubleBuffer.java:stop(478)) - OMDoubleBuffer flush thread is not running.
2022-11-10 07:09:01,168 [Listener at 127.0.0.1/40377] INFO  utils.BackgroundService (BackgroundService.java:shutdown(141)) - Shutting down service KeyDeletingService
2022-11-10 07:09:01,169 [Listener at 127.0.0.1/40377] INFO  utils.BackgroundService (BackgroundService.java:shutdown(141)) - Shutting down service DirectoryDeletingService
2022-11-10 07:09:01,170 [Listener at 127.0.0.1/40377] INFO  utils.BackgroundService (BackgroundService.java:shutdown(141)) - Shutting down service OpenKeyCleanupService
2022-11-10 07:09:01,172 [Listener at 127.0.0.1/40377] INFO  handler.ContextHandler (ContextHandler.java:doStop(1159)) - Stopped o.e.j.w.WebAppContext@191893f4{ozoneManager,/,null,STOPPED}{file:/home/runner/work/ozone/ozone/hadoop-ozone/integration-test/target/test-classes/webapps/ozoneManager}
2022-11-10 07:09:01,182 [grpc-default-executor-1] WARN  server.GrpcLogAppender (LogUtils.java:warn(122)) - omNode-2@group-6C22E66A003A->omNode-3-AppendLogResponseHandler: Failed appendEntries: org.apache.ratis.thirdparty.io.grpc.StatusRuntimeException: UNAVAILABLE: io exception
2022-11-10 07:09:01,182 [grpc-default-executor-1] INFO  leader.FollowerInfo (FollowerInfoImpl.java:lambda$new$0(48)) - omNode-2@group-6C22E66A003A->omNode-3: nextIndex: updateUnconditionally 7 -> 6
2022-11-10 07:09:01,182 [grpc-default-executor-4] WARN  server.GrpcLogAppender (LogUtils.java:warn(122)) - omNode-2@group-6C22E66A003A->omNode-3-AppendLogResponseHandler: Failed appendEntries: org.apache.ratis.thirdparty.io.grpc.StatusRuntimeException: UNAVAILABLE: io exception
2022-11-10 07:09:01,182 [grpc-default-executor-4] INFO  leader.FollowerInfo (FollowerInfoImpl.java:lambda$new$0(48)) - omNode-2@group-6C22E66A003A->omNode-3: nextIndex: updateUnconditionally 6 -> 5
2022-11-10 07:09:01,188 [Listener at 127.0.0.1/40377] INFO  server.AbstractConnector (AbstractConnector.java:doStop(383)) - Stopped ServerConnector@2829eec0{HTTP/1.1, (http/1.1)}{0.0.0.0:46743}
2022-11-10 07:09:01,189 [Listener at 127.0.0.1/40377] INFO  server.session (HouseKeeper.java:stopScavenging(149)) - node0 Stopped scavenging
2022-11-10 07:09:01,189 [Listener at 127.0.0.1/40377] INFO  handler.ContextHandler (ContextHandler.java:doStop(1159)) - Stopped o.e.j.s.ServletContextHandler@5b64fa1{static,/static,file:///home/runner/work/ozone/ozone/hadoop-ozone/integration-test/target/test-classes/webapps/static,STOPPED}
2022-11-10 07:09:01,189 [Listener at 127.0.0.1/40377] INFO  handler.ContextHandler (ContextHandler.java:doStop(1159)) - Stopped o.e.j.s.ServletContextHandler@41ff58f6{logs,/logs,file:///home/runner/work/ozone/ozone/hadoop-ozone/integration-test/target/log,STOPPED}
2022-11-10 07:09:01,197 [Listener at 127.0.0.1/40377] INFO  ozone.MiniOzoneHAClusterImpl (MiniOzoneHAClusterImpl.java:stop(312)) - Stopping the OzoneManager omNode-1
2022-11-10 07:09:01,197 [Listener at 127.0.0.1/40377] INFO  om.OzoneManager (OzoneManager.java:stop(2036)) - omNode-1[localhost:37289]: Stopping Ozone Manager
2022-11-10 07:09:01,198 [Listener at 127.0.0.1/40377] INFO  ipc.Server (Server.java:stop(3428)) - Stopping server on 37289
2022-11-10 07:09:01,199 [IPC Server listener on 37289] INFO  ipc.Server (Server.java:run(1384)) - Stopping IPC Server listener on 37289
2022-11-10 07:09:01,204 [IPC Server Responder] INFO  ipc.Server (Server.java:run(1517)) - Stopping IPC Server Responder
2022-11-10 07:09:01,205 [Listener at 127.0.0.1/40377] INFO  server.RaftServer (RaftServerProxy.java:lambda$close$6(409)) - omNode-1: close
2022-11-10 07:09:01,205 [Listener at 127.0.0.1/40377] INFO  server.GrpcService (GrpcService.java:closeImpl(279)) - omNode-1: shutdown server GrpcServerProtocolService now
2022-11-10 07:09:01,205 [omNode-1-impl-thread1] INFO  server.RaftServer$Division (RaftServerImpl.java:lambda$close$4(458)) - omNode-1@group-6C22E66A003A: shutdown
2022-11-10 07:09:01,205 [omNode-1-impl-thread1] INFO  util.JmxRegister (JmxRegister.java:unregister(73)) - Successfully un-registered JMX Bean with object name Ratis:service=RaftServer,group=group-6C22E66A003A,id=omNode-1
2022-11-10 07:09:01,205 [omNode-1-impl-thread1] INFO  impl.RoleInfo (RoleInfo.java:shutdownFollowerState(110)) - omNode-1: shutdown omNode-1@group-6C22E66A003A-FollowerState
2022-11-10 07:09:01,205 [omNode-1-impl-thread1] INFO  impl.StateMachineUpdater (StateMachineUpdater.java:stopAndJoin(153)) - omNode-1@group-6C22E66A003A-StateMachineUpdater: set stopIndex = 5
2022-11-10 07:09:01,205 [omNode-1@group-6C22E66A003A-FollowerState] INFO  impl.FollowerState (FollowerState.java:run(152)) - omNode-1@group-6C22E66A003A-FollowerState was interrupted
2022-11-10 07:09:01,205 [omNode-1@group-6C22E66A003A-StateMachineUpdater] INFO  ratis.OzoneManagerStateMachine (OzoneManagerStateMachine.java:takeSnapshot(445)) - Current Snapshot Index (t:3, i:5)
2022-11-10 07:09:01,206 [ForkJoinPool.commonPool-worker-1] INFO  server.GrpcServerProtocolClient (GrpcServerProtocolClient.java:close(111)) - omNode-3 Close channels
2022-11-10 07:09:01,207 [grpc-default-executor-1] WARN  server.GrpcServerProtocolService (LogUtils.java:warn(122)) - omNode-1: installSnapshot onError, lastRequest: omNode-2->omNode-1#138-t3,previous=(t:3, i:5),leaderCommit=5,initializing? true,entries: size=1, first=(t:3, i:6), METADATAENTRY(c:5): org.apache.ratis.thirdparty.io.grpc.StatusRuntimeException: CANCELLED: client cancelled
2022-11-10 07:09:01,207 [grpc-default-executor-2] WARN  server.GrpcServerProtocolService (LogUtils.java:warn(122)) - omNode-1: installSnapshot onError, lastRequest: null: org.apache.ratis.thirdparty.io.grpc.StatusRuntimeException: CANCELLED: client cancelled
2022-11-10 07:09:01,210 [ForkJoinPool.commonPool-worker-1] INFO  server.GrpcServerProtocolClient (GrpcServerProtocolClient.java:close(111)) - omNode-2 Close channels
2022-11-10 07:09:01,210 [omNode-1@group-6C22E66A003A-StateMachineUpdater] INFO  impl.StateMachineUpdater (StateMachineUpdater.java:takeSnapshot(287)) - omNode-1@group-6C22E66A003A-StateMachineUpdater: Took a snapshot at index 5
2022-11-10 07:09:01,210 [omNode-1@group-6C22E66A003A-StateMachineUpdater] INFO  impl.StateMachineUpdater (StateMachineUpdater.java:lambda$new$0(92)) - omNode-1@group-6C22E66A003A-StateMachineUpdater: snapshotIndex: updateIncreasingly -1 -> 5
2022-11-10 07:09:01,210 [omNode-1@group-6C22E66A003A-StateMachineUpdater] INFO  ratis.OzoneManagerStateMachine (OzoneManagerStateMachine.java:close(499)) - StateMachine has shutdown. Shutdown OzoneManager if not already shutdown.
2022-11-10 07:09:01,210 [omNode-1@group-6C22E66A003A-StateMachineUpdater] INFO  ratis.OzoneManagerDoubleBuffer (OzoneManagerDoubleBuffer.java:stop(466)) - Stopping OMDoubleBuffer flush thread
2022-11-10 07:09:01,210 [OMDoubleBufferFlushThread] INFO  ratis.OzoneManagerDoubleBuffer (OzoneManagerDoubleBuffer.java:flushTransactions(385)) - OMDoubleBuffer flush thread OMDoubleBufferFlushThread is interrupted and will exit.
2022-11-10 07:09:01,212 [grpc-default-executor-1] WARN  server.GrpcLogAppender (LogUtils.java:warn(122)) - omNode-2@group-6C22E66A003A->omNode-1-AppendLogResponseHandler: Failed appendEntries: org.apache.ratis.thirdparty.io.grpc.StatusRuntimeException: CANCELLED: RST_STREAM closed stream. HTTP/2 error code: CANCEL
2022-11-10 07:09:01,213 [grpc-default-executor-1] INFO  leader.FollowerInfo (FollowerInfoImpl.java:lambda$new$0(48)) - omNode-2@group-6C22E66A003A->omNode-1: nextIndex: updateUnconditionally 7 -> 6
2022-11-10 07:09:01,213 [Listener at 127.0.0.1/40377] INFO  server.GrpcService (GrpcService.java:closeImpl(288)) - omNode-1: shutdown server GrpcServerProtocolService successfully
2022-11-10 07:09:01,213 [omNode-1-impl-thread1] INFO  server.RaftServer$Division (ServerState.java:close(466)) - omNode-1@group-6C22E66A003A: closes. applyIndex: 5
2022-11-10 07:09:01,213 [omNode-1@group-6C22E66A003A-SegmentedRaftLogWorker] INFO  segmented.SegmentedRaftLogWorker (SegmentedRaftLogWorker.java:run(345)) - omNode-1@group-6C22E66A003A-SegmentedRaftLogWorker was interrupted, exiting. There are 0 tasks remaining in the queue.
2022-11-10 07:09:01,216 [grpc-default-executor-2] WARN  server.GrpcLogAppender (LogUtils.java:warn(122)) - omNode-2@group-6C22E66A003A->omNode-1-AppendLogResponseHandler: Failed appendEntries: org.apache.ratis.thirdparty.io.grpc.StatusRuntimeException: CANCELLED: RST_STREAM closed stream. HTTP/2 error code: CANCEL
2022-11-10 07:09:01,216 [grpc-default-executor-2] INFO  leader.FollowerInfo (FollowerInfoImpl.java:lambda$new$0(48)) - omNode-2@group-6C22E66A003A->omNode-1: nextIndex: updateUnconditionally 6 -> 5
2022-11-10 07:09:01,222 [omNode-1-impl-thread1] INFO  segmented.SegmentedRaftLogWorker (SegmentedRaftLogWorker.java:close(255)) - omNode-1@group-6C22E66A003A-SegmentedRaftLogWorker close()
2022-11-10 07:09:01,222 [grpc-default-executor-2] WARN  server.GrpcLogAppender (LogUtils.java:warn(122)) - omNode-2@group-6C22E66A003A->omNode-1-AppendLogResponseHandler: Failed appendEntries: org.apache.ratis.thirdparty.io.grpc.StatusRuntimeException: UNAVAILABLE: io exception
2022-11-10 07:09:01,222 [grpc-default-executor-2] INFO  leader.FollowerInfo (FollowerInfoImpl.java:lambda$new$0(48)) - omNode-2@group-6C22E66A003A->omNode-1: nextIndex: updateUnconditionally 7 -> 6
2022-11-10 07:09:01,223 [JvmPauseMonitor4] INFO  util.JvmPauseMonitor (JvmPauseMonitor.java:run(111)) - JvmPauseMonitor-omNode-1: Stopped
2022-11-10 07:09:01,223 [Listener at 127.0.0.1/40377] INFO  ratis.OzoneManagerStateMachine (OzoneManagerStateMachine.java:close(499)) - StateMachine has shutdown. Shutdown OzoneManager if not already shutdown.
2022-11-10 07:09:01,223 [Listener at 127.0.0.1/40377] INFO  ratis.OzoneManagerDoubleBuffer (OzoneManagerDoubleBuffer.java:stop(478)) - OMDoubleBuffer flush thread is not running.
2022-11-10 07:09:01,223 [Listener at 127.0.0.1/40377] INFO  utils.BackgroundService (BackgroundService.java:shutdown(141)) - Shutting down service KeyDeletingService
2022-11-10 07:09:01,226 [Listener at 127.0.0.1/40377] INFO  utils.BackgroundService (BackgroundService.java:shutdown(141)) - Shutting down service DirectoryDeletingService
2022-11-10 07:09:01,226 [grpc-default-executor-1] WARN  server.GrpcLogAppender (LogUtils.java:warn(122)) - omNode-2@group-6C22E66A003A->omNode-1-AppendLogResponseHandler: Failed appendEntries: org.apache.ratis.thirdparty.io.grpc.StatusRuntimeException: UNAVAILABLE: io exception
2022-11-10 07:09:01,227 [grpc-default-executor-1] INFO  leader.FollowerInfo (FollowerInfoImpl.java:lambda$new$0(48)) - omNode-2@group-6C22E66A003A->omNode-1: nextIndex: updateUnconditionally 6 -> 5
2022-11-10 07:09:01,230 [Listener at 127.0.0.1/40377] INFO  utils.BackgroundService (BackgroundService.java:shutdown(141)) - Shutting down service OpenKeyCleanupService
2022-11-10 07:09:01,232 [Listener at 127.0.0.1/40377] INFO  handler.ContextHandler (ContextHandler.java:doStop(1159)) - Stopped o.e.j.w.WebAppContext@611ca18f{ozoneManager,/,null,STOPPED}{file:/home/runner/work/ozone/ozone/hadoop-ozone/integration-test/target/test-classes/webapps/ozoneManager}
2022-11-10 07:09:01,233 [Listener at 127.0.0.1/40377] INFO  server.AbstractConnector (AbstractConnector.java:doStop(383)) - Stopped ServerConnector@751b8931{HTTP/1.1, (http/1.1)}{0.0.0.0:37739}
2022-11-10 07:09:01,233 [Listener at 127.0.0.1/40377] INFO  server.session (HouseKeeper.java:stopScavenging(149)) - node0 Stopped scavenging
2022-11-10 07:09:01,233 [Listener at 127.0.0.1/40377] INFO  handler.ContextHandler (ContextHandler.java:doStop(1159)) - Stopped o.e.j.s.ServletContextHandler@22489ebd{static,/static,file:///home/runner/work/ozone/ozone/hadoop-ozone/integration-test/target/test-classes/webapps/static,STOPPED}
2022-11-10 07:09:01,233 [Listener at 127.0.0.1/40377] INFO  handler.ContextHandler (ContextHandler.java:doStop(1159)) - Stopped o.e.j.s.ServletContextHandler@6152fab9{logs,/logs,file:///home/runner/work/ozone/ozone/hadoop-ozone/integration-test/target/log,STOPPED}
2022-11-10 07:09:01,235 [Listener at 127.0.0.1/40377] INFO  ozone.MiniOzoneHAClusterImpl (MiniOzoneHAClusterImpl.java:stop(312)) - Stopping the OzoneManager omNode-2
2022-11-10 07:09:01,236 [Listener at 127.0.0.1/40377] INFO  om.OzoneManager (OzoneManager.java:stop(2036)) - omNode-2[localhost:42965]: Stopping Ozone Manager
2022-11-10 07:09:01,236 [Listener at 127.0.0.1/40377] INFO  ipc.Server (Server.java:stop(3428)) - Stopping server on 42965
2022-11-10 07:09:01,238 [IPC Server Responder] INFO  ipc.Server (Server.java:run(1517)) - Stopping IPC Server Responder
2022-11-10 07:09:01,238 [IPC Server listener on 42965] INFO  ipc.Server (Server.java:run(1384)) - Stopping IPC Server listener on 42965
2022-11-10 07:09:01,239 [Listener at 127.0.0.1/40377] INFO  server.RaftServer (RaftServerProxy.java:lambda$close$6(409)) - omNode-2: close
2022-11-10 07:09:01,239 [Listener at 127.0.0.1/40377] INFO  server.GrpcService (GrpcService.java:closeImpl(279)) - omNode-2: shutdown server GrpcServerProtocolService now
2022-11-10 07:09:01,239 [omNode-2-impl-thread1] INFO  server.RaftServer$Division (RaftServerImpl.java:lambda$close$4(458)) - omNode-2@group-6C22E66A003A: shutdown
2022-11-10 07:09:01,239 [omNode-2-impl-thread1] INFO  util.JmxRegister (JmxRegister.java:unregister(73)) - Successfully un-registered JMX Bean with object name Ratis:service=RaftServer,group=group-6C22E66A003A,id=omNode-2
2022-11-10 07:09:01,239 [omNode-2-impl-thread1] INFO  impl.RoleInfo (RoleInfo.java:shutdownLeaderState(93)) - omNode-2: shutdown omNode-2@group-6C22E66A003A-LeaderStateImpl
2022-11-10 07:09:01,239 [omNode-2-impl-thread1] INFO  impl.PendingRequests (PendingRequests.java:sendNotLeaderResponses(282)) - omNode-2@group-6C22E66A003A-PendingRequests: sendNotLeaderResponses
2022-11-10 07:09:01,239 [omNode-2@group-6C22E66A003A->omNode-3-GrpcLogAppender-LogAppenderDaemon] WARN  server.GrpcLogAppender (GrpcLogAppender.java:mayWait(200)) - omNode-2@group-6C22E66A003A->omNode-3-GrpcLogAppender: Wait interrupted by java.lang.InterruptedException
2022-11-10 07:09:01,239 [omNode-2@group-6C22E66A003A->omNode-1-GrpcLogAppender-LogAppenderDaemon] WARN  server.GrpcLogAppender (GrpcLogAppender.java:mayWait(200)) - omNode-2@group-6C22E66A003A->omNode-1-GrpcLogAppender: Wait interrupted by java.lang.InterruptedException
2022-11-10 07:09:01,242 [Listener at 127.0.0.1/40377] INFO  server.GrpcServerProtocolClient (GrpcServerProtocolClient.java:close(111)) - omNode-3 Close channels
2022-11-10 07:09:01,243 [Listener at 127.0.0.1/40377] INFO  server.GrpcServerProtocolClient (GrpcServerProtocolClient.java:close(111)) - omNode-1 Close channels
2022-11-10 07:09:01,244 [omNode-2-impl-thread1] INFO  impl.StateMachineUpdater (StateMachineUpdater.java:stopAndJoin(153)) - omNode-2@group-6C22E66A003A-StateMachineUpdater: set stopIndex = 6
2022-11-10 07:09:01,244 [omNode-2@group-6C22E66A003A-StateMachineUpdater] INFO  ratis.OzoneManagerStateMachine (OzoneManagerStateMachine.java:takeSnapshot(445)) - Current Snapshot Index (t:3, i:6)
2022-11-10 07:09:01,244 [omNode-2@group-6C22E66A003A-StateMachineUpdater] INFO  impl.StateMachineUpdater (StateMachineUpdater.java:takeSnapshot(287)) - omNode-2@group-6C22E66A003A-StateMachineUpdater: Took a snapshot at index 6
2022-11-10 07:09:01,244 [omNode-2@group-6C22E66A003A-StateMachineUpdater] INFO  impl.StateMachineUpdater (StateMachineUpdater.java:lambda$new$0(92)) - omNode-2@group-6C22E66A003A-StateMachineUpdater: snapshotIndex: updateIncreasingly -1 -> 6
2022-11-10 07:09:01,244 [omNode-2@group-6C22E66A003A-StateMachineUpdater] INFO  ratis.OzoneManagerStateMachine (OzoneManagerStateMachine.java:close(499)) - StateMachine has shutdown. Shutdown OzoneManager if not already shutdown.
2022-11-10 07:09:01,244 [omNode-2@group-6C22E66A003A-StateMachineUpdater] INFO  ratis.OzoneManagerDoubleBuffer (OzoneManagerDoubleBuffer.java:stop(466)) - Stopping OMDoubleBuffer flush thread
2022-11-10 07:09:01,244 [OMDoubleBufferFlushThread] INFO  ratis.OzoneManagerDoubleBuffer (OzoneManagerDoubleBuffer.java:flushTransactions(385)) - OMDoubleBuffer flush thread OMDoubleBufferFlushThread is interrupted and will exit.
2022-11-10 07:09:01,245 [omNode-2-impl-thread1] INFO  server.RaftServer$Division (ServerState.java:close(466)) - omNode-2@group-6C22E66A003A: closes. applyIndex: 6
2022-11-10 07:09:01,245 [omNode-2@group-6C22E66A003A-SegmentedRaftLogWorker] INFO  segmented.SegmentedRaftLogWorker (SegmentedRaftLogWorker.java:run(345)) - omNode-2@group-6C22E66A003A-SegmentedRaftLogWorker was interrupted, exiting. There are 0 tasks remaining in the queue.
2022-11-10 07:09:01,246 [Listener at 127.0.0.1/40377] INFO  server.GrpcService (GrpcService.java:closeImpl(288)) - omNode-2: shutdown server GrpcServerProtocolService successfully
2022-11-10 07:09:01,248 [omNode-2-impl-thread1] INFO  segmented.SegmentedRaftLogWorker (SegmentedRaftLogWorker.java:close(255)) - omNode-2@group-6C22E66A003A-SegmentedRaftLogWorker close()
2022-11-10 07:09:01,248 [JvmPauseMonitor5] INFO  util.JvmPauseMonitor (JvmPauseMonitor.java:run(111)) - JvmPauseMonitor-omNode-2: Stopped
2022-11-10 07:09:01,248 [Listener at 127.0.0.1/40377] INFO  ratis.OzoneManagerStateMachine (OzoneManagerStateMachine.java:close(499)) - StateMachine has shutdown. Shutdown OzoneManager if not already shutdown.
2022-11-10 07:09:01,249 [Listener at 127.0.0.1/40377] INFO  ratis.OzoneManagerDoubleBuffer (OzoneManagerDoubleBuffer.java:stop(478)) - OMDoubleBuffer flush thread is not running.
2022-11-10 07:09:01,249 [Listener at 127.0.0.1/40377] INFO  utils.BackgroundService (BackgroundService.java:shutdown(141)) - Shutting down service KeyDeletingService
2022-11-10 07:09:01,249 [Listener at 127.0.0.1/40377] INFO  utils.BackgroundService (BackgroundService.java:shutdown(141)) - Shutting down service DirectoryDeletingService
2022-11-10 07:09:01,250 [Listener at 127.0.0.1/40377] INFO  utils.BackgroundService (BackgroundService.java:shutdown(141)) - Shutting down service OpenKeyCleanupService
2022-11-10 07:09:01,251 [Listener at 127.0.0.1/40377] INFO  handler.ContextHandler (ContextHandler.java:doStop(1159)) - Stopped o.e.j.w.WebAppContext@659215b{ozoneManager,/,null,STOPPED}{file:/home/runner/work/ozone/ozone/hadoop-ozone/integration-test/target/test-classes/webapps/ozoneManager}
2022-11-10 07:09:01,252 [Listener at 127.0.0.1/40377] INFO  server.AbstractConnector (AbstractConnector.java:doStop(383)) - Stopped ServerConnector@53de95f4{HTTP/1.1, (http/1.1)}{0.0.0.0:41977}
2022-11-10 07:09:01,252 [Listener at 127.0.0.1/40377] INFO  server.session (HouseKeeper.java:stopScavenging(149)) - node0 Stopped scavenging
2022-11-10 07:09:01,252 [Listener at 127.0.0.1/40377] INFO  handler.ContextHandler (ContextHandler.java:doStop(1159)) - Stopped o.e.j.s.ServletContextHandler@121cf8e8{static,/static,file:///home/runner/work/ozone/ozone/hadoop-ozone/integration-test/target/test-classes/webapps/static,STOPPED}
2022-11-10 07:09:01,252 [Listener at 127.0.0.1/40377] INFO  handler.ContextHandler (ContextHandler.java:doStop(1159)) - Stopped o.e.j.s.ServletContextHandler@2c7d4118{logs,/logs,file:///home/runner/work/ozone/ozone/hadoop-ozone/integration-test/target/log,STOPPED}
2022-11-10 07:09:01,254 [Listener at 127.0.0.1/40377] INFO  ozone.MiniOzoneHAClusterImpl (MiniOzoneHAClusterImpl.java:stop(320)) - Stopping the StorageContainerManager db4da669-e495-4258-8ed5-d8ca382bca0e
2022-11-10 07:09:01,254 [Listener at 127.0.0.1/40377] INFO  server.StorageContainerManager (StorageContainerManager.java:stop(1545)) - Container Balancer is not running.
2022-11-10 07:09:01,254 [Listener at 127.0.0.1/40377] INFO  server.StorageContainerManager (StorageContainerManager.java:stop(1552)) - Stopping Replication Manager Service.
2022-11-10 07:09:01,254 [Listener at 127.0.0.1/40377] INFO  replication.ReplicationManager (ReplicationManager.java:stop(274)) - Stopping Replication Monitor Thread.
2022-11-10 07:09:01,254 [Under Replicated Processor] WARN  replication.UnderReplicatedProcessor (UnderReplicatedProcessor.java:run(154)) - Under Replicated Processor interrupted. Exiting...
2022-11-10 07:09:01,254 [Over Replicated Processor] WARN  replication.OverReplicatedProcessor (OverReplicatedProcessor.java:run(142)) - Over Replicated Processor interrupted. Exiting...
2022-11-10 07:09:01,255 [ReplicationMonitor] INFO  replication.ReplicationManager (ReplicationManager.java:run(580)) - Replication Monitor Thread is stopped
2022-11-10 07:09:01,255 [Listener at 127.0.0.1/40377] INFO  server.StorageContainerManager (StorageContainerManager.java:stop(1559)) - Stopping the Datanode Admin Monitor.
2022-11-10 07:09:01,255 [Listener at 127.0.0.1/40377] INFO  server.StorageContainerManager (StorageContainerManager.java:stop(1566)) - Stopping Lease Manager of the command watchers
2022-11-10 07:09:01,255 [Listener at 127.0.0.1/40377] INFO  server.StorageContainerManager (StorageContainerManager.java:stop(1573)) - Stopping datanode service RPC server
2022-11-10 07:09:01,255 [Listener at 127.0.0.1/40377] INFO  server.SCMDatanodeProtocolServer (SCMDatanodeProtocolServer.java:stop(414)) - Stopping the RPC server for DataNodes
2022-11-10 07:09:01,255 [Listener at 127.0.0.1/40377] INFO  ipc.Server (Server.java:stop(3428)) - Stopping server on 46315
2022-11-10 07:09:01,258 [IPC Server listener on 46315] INFO  ipc.Server (Server.java:run(1384)) - Stopping IPC Server listener on 46315
2022-11-10 07:09:01,260 [IPC Server Responder] INFO  ipc.Server (Server.java:run(1517)) - Stopping IPC Server Responder
2022-11-10 07:09:01,301 [SCM Heartbeat Processing Thread - 0] WARN  node.NodeStateManager (NodeStateManager.java:scheduleNextHealthCheck(870)) - Current Thread is interrupted, shutting down HB processing thread for Node Manager.
2022-11-10 07:09:01,302 [Listener at 127.0.0.1/40377] INFO  server.StorageContainerManager (StorageContainerManager.java:stop(1581)) - Stopping block service RPC server
2022-11-10 07:09:01,302 [Listener at 127.0.0.1/40377] INFO  server.SCMBlockProtocolServer (SCMBlockProtocolServer.java:stop(161)) - Stopping the RPC server for Block Protocol
2022-11-10 07:09:01,302 [Listener at 127.0.0.1/40377] INFO  ipc.Server (Server.java:stop(3428)) - Stopping server on 33183
2022-11-10 07:09:01,305 [IPC Server listener on 33183] INFO  ipc.Server (Server.java:run(1384)) - Stopping IPC Server listener on 33183
2022-11-10 07:09:01,305 [IPC Server Responder] INFO  ipc.Server (Server.java:run(1517)) - Stopping IPC Server Responder
2022-11-10 07:09:01,305 [Listener at 127.0.0.1/40377] INFO  server.StorageContainerManager (StorageContainerManager.java:stop(1588)) - Stopping the StorageContainerLocationProtocol RPC server
2022-11-10 07:09:01,305 [Listener at 127.0.0.1/40377] INFO  server.SCMClientProtocolServer (SCMClientProtocolServer.java:stop(179)) - Stopping the RPC server for Client Protocol
2022-11-10 07:09:01,305 [Listener at 127.0.0.1/40377] INFO  ipc.Server (Server.java:stop(3428)) - Stopping server on 38463
2022-11-10 07:09:01,307 [Listener at 127.0.0.1/40377] INFO  server.StorageContainerManager (StorageContainerManager.java:stop(1595)) - Stopping Storage Container Manager HTTP server.
2022-11-10 07:09:01,308 [IPC Server Responder] INFO  ipc.Server (Server.java:run(1517)) - Stopping IPC Server Responder
2022-11-10 07:09:01,308 [Listener at 127.0.0.1/40377] INFO  handler.ContextHandler (ContextHandler.java:doStop(1159)) - Stopped o.e.j.w.WebAppContext@6e8631b2{scm,/,null,STOPPED}{file:/home/runner/work/ozone/ozone/hadoop-ozone/integration-test/target/test-classes/webapps/scm}
2022-11-10 07:09:01,309 [Listener at 127.0.0.1/40377] INFO  server.AbstractConnector (AbstractConnector.java:doStop(383)) - Stopped ServerConnector@7a0ff227{HTTP/1.1, (http/1.1)}{0.0.0.0:39085}
2022-11-10 07:09:01,310 [Listener at 127.0.0.1/40377] INFO  server.session (HouseKeeper.java:stopScavenging(149)) - node0 Stopped scavenging
2022-11-10 07:09:01,310 [Listener at 127.0.0.1/40377] INFO  handler.ContextHandler (ContextHandler.java:doStop(1159)) - Stopped o.e.j.s.ServletContextHandler@5b7cd733{static,/static,file:///home/runner/work/ozone/ozone/hadoop-ozone/integration-test/target/test-classes/webapps/static,STOPPED}
2022-11-10 07:09:01,310 [Listener at 127.0.0.1/40377] INFO  handler.ContextHandler (ContextHandler.java:doStop(1159)) - Stopped o.e.j.s.ServletContextHandler@1f17d25d{logs,/logs,file:///home/runner/work/ozone/ozone/hadoop-ozone/integration-test/target/log,STOPPED}
2022-11-10 07:09:01,310 [IPC Server listener on 38463] INFO  ipc.Server (Server.java:run(1384)) - Stopping IPC Server listener on 38463
2022-11-10 07:09:01,313 [Listener at 127.0.0.1/40377] INFO  server.StorageContainerManager (StorageContainerManager.java:stop(1601)) - Stopping SCM LayoutVersionManager Service.
2022-11-10 07:09:01,313 [Listener at 127.0.0.1/40377] INFO  server.StorageContainerManager (StorageContainerManager.java:stop(1609)) - Stopping Block Manager Service.
2022-11-10 07:09:01,313 [Listener at 127.0.0.1/40377] INFO  utils.BackgroundService (BackgroundService.java:shutdown(141)) - Shutting down service SCMBlockDeletingService
2022-11-10 07:09:01,313 [Listener at 127.0.0.1/40377] INFO  utils.BackgroundService (BackgroundService.java:shutdown(141)) - Shutting down service SCMBlockDeletingService
2022-11-10 07:09:01,314 [Listener at 127.0.0.1/40377] INFO  server.StorageContainerManager (StorageContainerManager.java:stop(1636)) - Stopping SCM Event Queue.
2022-11-10 07:09:01,317 [Listener at 127.0.0.1/40377] INFO  server.StorageContainerManager (StorageContainerManager.java:stop(1647)) - Stopping SCM HA services.
2022-11-10 07:09:01,317 [Listener at 127.0.0.1/40377] INFO  ha.SCMRatisServerImpl (SCMRatisServerImpl.java:stop(237)) - stopping ratis server 0.0.0.0:45499
2022-11-10 07:09:01,317 [Listener at 127.0.0.1/40377] INFO  server.RaftServer (RaftServerProxy.java:lambda$close$6(409)) - db4da669-e495-4258-8ed5-d8ca382bca0e: close
2022-11-10 07:09:01,317 [Listener at 127.0.0.1/40377] INFO  server.GrpcService (GrpcService.java:closeImpl(279)) - db4da669-e495-4258-8ed5-d8ca382bca0e: shutdown server GrpcServerProtocolService now
2022-11-10 07:09:01,318 [db4da669-e495-4258-8ed5-d8ca382bca0e-impl-thread1] INFO  server.RaftServer$Division (RaftServerImpl.java:lambda$close$4(458)) - db4da669-e495-4258-8ed5-d8ca382bca0e@group-A6BAE3BFF50D: shutdown
2022-11-10 07:09:01,318 [db4da669-e495-4258-8ed5-d8ca382bca0e-impl-thread1] INFO  util.JmxRegister (JmxRegister.java:unregister(73)) - Successfully un-registered JMX Bean with object name Ratis:service=RaftServer,group=group-A6BAE3BFF50D,id=db4da669-e495-4258-8ed5-d8ca382bca0e
2022-11-10 07:09:01,318 [db4da669-e495-4258-8ed5-d8ca382bca0e-impl-thread1] INFO  impl.RoleInfo (RoleInfo.java:shutdownFollowerState(110)) - db4da669-e495-4258-8ed5-d8ca382bca0e: shutdown db4da669-e495-4258-8ed5-d8ca382bca0e@group-A6BAE3BFF50D-FollowerState
2022-11-10 07:09:01,318 [db4da669-e495-4258-8ed5-d8ca382bca0e-impl-thread1] INFO  impl.StateMachineUpdater (StateMachineUpdater.java:stopAndJoin(153)) - db4da669-e495-4258-8ed5-d8ca382bca0e@group-A6BAE3BFF50D-StateMachineUpdater: set stopIndex = 27
2022-11-10 07:09:01,318 [db4da669-e495-4258-8ed5-d8ca382bca0e@group-A6BAE3BFF50D-FollowerState] INFO  impl.FollowerState (FollowerState.java:run(152)) - db4da669-e495-4258-8ed5-d8ca382bca0e@group-A6BAE3BFF50D-FollowerState was interrupted
2022-11-10 07:09:01,320 [db4da669-e495-4258-8ed5-d8ca382bca0e@group-A6BAE3BFF50D-StateMachineUpdater] INFO  ha.SCMStateMachine (SCMStateMachine.java:takeSnapshot(297)) - Current Snapshot Index 27, takeSnapshot took 1 ms
2022-11-10 07:09:01,320 [db4da669-e495-4258-8ed5-d8ca382bca0e@group-A6BAE3BFF50D-StateMachineUpdater] INFO  impl.StateMachineUpdater (StateMachineUpdater.java:takeSnapshot(287)) - db4da669-e495-4258-8ed5-d8ca382bca0e@group-A6BAE3BFF50D-StateMachineUpdater: Took a snapshot at index 27
2022-11-10 07:09:01,320 [db4da669-e495-4258-8ed5-d8ca382bca0e@group-A6BAE3BFF50D-StateMachineUpdater] INFO  impl.StateMachineUpdater (StateMachineUpdater.java:lambda$new$0(92)) - db4da669-e495-4258-8ed5-d8ca382bca0e@group-A6BAE3BFF50D-StateMachineUpdater: snapshotIndex: updateIncreasingly -1 -> 27
2022-11-10 07:09:01,320 [db4da669-e495-4258-8ed5-d8ca382bca0e@group-A6BAE3BFF50D-StateMachineUpdater] INFO  server.StorageContainerManager (StorageContainerManager.java:stop(1536)) - Storage Container Manager is not running.
2022-11-10 07:09:01,320 [db4da669-e495-4258-8ed5-d8ca382bca0e@group-A6BAE3BFF50D-StateMachineUpdater] INFO  server.StorageContainerManager (ExitUtils.java:terminate(131)) - Terminating with exit status 0: scm statemachine is closed by ratis, terminate SCM
2022-11-10 07:09:01,321 [grpc-default-executor-1] WARN  server.GrpcServerProtocolService (LogUtils.java:warn(122)) - db4da669-e495-4258-8ed5-d8ca382bca0e: installSnapshot onError, lastRequest: null: org.apache.ratis.thirdparty.io.grpc.StatusRuntimeException: CANCELLED: client cancelled
2022-11-10 07:09:01,323 [grpc-default-executor-1] WARN  server.GrpcServerProtocolService (LogUtils.java:warn(122)) - db4da669-e495-4258-8ed5-d8ca382bca0e: installSnapshot onError, lastRequest: c8e5d44d-3ae5-47f4-8fed-77a3ea3a3924->db4da669-e495-4258-8ed5-d8ca382bca0e#901-t2,previous=(t:2, i:27),leaderCommit=27,initializing? true,entries: size=1, first=(t:2, i:28), METADATAENTRY(c:27): org.apache.ratis.thirdparty.io.grpc.StatusRuntimeException: CANCELLED: client cancelled
2022-11-10 07:09:01,323 [db4da669-e495-4258-8ed5-d8ca382bca0e@group-A6BAE3BFF50D-StateMachineUpdater] WARN  impl.StateMachineUpdater (StateMachineUpdater.java:stop(137)) - db4da669-e495-4258-8ed5-d8ca382bca0e@group-A6BAE3BFF50D-StateMachineUpdater: Failed to close SCMStateMachine SCMStateMachine:db4da669-e495-4258-8ed5-d8ca382bca0e:group-A6BAE3BFF50D
org.apache.ratis.util.ExitUtils$ExitException: scm statemachine is closed by ratis, terminate SCM
	at org.apache.ratis.util.ExitUtils.terminate(ExitUtils.java:141)
	at org.apache.ratis.util.ExitUtils.terminate(ExitUtils.java:151)
	at org.apache.ratis.util.ExitUtils.terminate(ExitUtils.java:155)
	at org.apache.hadoop.hdds.scm.server.StorageContainerManager.shutDown(StorageContainerManager.java:1675)
	at org.apache.hadoop.hdds.scm.ha.SCMStateMachine.close(SCMStateMachine.java:406)
	at org.apache.ratis.server.impl.StateMachineUpdater.stop(StateMachineUpdater.java:134)
	at org.apache.ratis.server.impl.StateMachineUpdater.run(StateMachineUpdater.java:187)
	at java.lang.Thread.run(Thread.java:750)
2022-11-10 07:09:01,324 [grpc-default-executor-1] WARN  server.GrpcLogAppender (LogUtils.java:warn(122)) - c8e5d44d-3ae5-47f4-8fed-77a3ea3a3924@group-A6BAE3BFF50D->db4da669-e495-4258-8ed5-d8ca382bca0e-AppendLogResponseHandler: Failed appendEntries: org.apache.ratis.thirdparty.io.grpc.StatusRuntimeException: CANCELLED: RST_STREAM closed stream. HTTP/2 error code: CANCEL
2022-11-10 07:09:01,324 [db4da669-e495-4258-8ed5-d8ca382bca0e-impl-thread1] INFO  server.RaftServer$Division (ServerState.java:close(466)) - db4da669-e495-4258-8ed5-d8ca382bca0e@group-A6BAE3BFF50D: closes. applyIndex: 26
2022-11-10 07:09:01,324 [grpc-default-executor-1] INFO  leader.FollowerInfo (FollowerInfoImpl.java:lambda$new$0(48)) - c8e5d44d-3ae5-47f4-8fed-77a3ea3a3924@group-A6BAE3BFF50D->db4da669-e495-4258-8ed5-d8ca382bca0e: nextIndex: updateUnconditionally 29 -> 28
2022-11-10 07:09:01,324 [db4da669-e495-4258-8ed5-d8ca382bca0e@group-A6BAE3BFF50D-SegmentedRaftLogWorker] INFO  segmented.SegmentedRaftLogWorker (SegmentedRaftLogWorker.java:run(345)) - db4da669-e495-4258-8ed5-d8ca382bca0e@group-A6BAE3BFF50D-SegmentedRaftLogWorker was interrupted, exiting. There are 0 tasks remaining in the queue.
2022-11-10 07:09:01,324 [Listener at 127.0.0.1/40377] INFO  server.GrpcService (GrpcService.java:closeImpl(288)) - db4da669-e495-4258-8ed5-d8ca382bca0e: shutdown server GrpcServerProtocolService successfully
2022-11-10 07:09:01,325 [grpc-default-executor-2] WARN  server.GrpcLogAppender (LogUtils.java:warn(122)) - c8e5d44d-3ae5-47f4-8fed-77a3ea3a3924@group-A6BAE3BFF50D->db4da669-e495-4258-8ed5-d8ca382bca0e-AppendLogResponseHandler: Failed appendEntries: org.apache.ratis.thirdparty.io.grpc.StatusRuntimeException: CANCELLED: RST_STREAM closed stream. HTTP/2 error code: CANCEL
2022-11-10 07:09:01,325 [grpc-default-executor-2] INFO  leader.FollowerInfo (FollowerInfoImpl.java:lambda$new$0(48)) - c8e5d44d-3ae5-47f4-8fed-77a3ea3a3924@group-A6BAE3BFF50D->db4da669-e495-4258-8ed5-d8ca382bca0e: nextIndex: updateUnconditionally 28 -> 27
2022-11-10 07:09:01,327 [db4da669-e495-4258-8ed5-d8ca382bca0e-impl-thread1] INFO  segmented.SegmentedRaftLogWorker (SegmentedRaftLogWorker.java:close(255)) - db4da669-e495-4258-8ed5-d8ca382bca0e@group-A6BAE3BFF50D-SegmentedRaftLogWorker close()
2022-11-10 07:09:01,327 [JvmPauseMonitor2] INFO  util.JvmPauseMonitor (JvmPauseMonitor.java:run(111)) - JvmPauseMonitor-db4da669-e495-4258-8ed5-d8ca382bca0e: Stopped
2022-11-10 07:09:01,328 [Listener at 127.0.0.1/40377] INFO  pipeline.BackgroundPipelineCreator (BackgroundPipelineCreator.java:stop(149)) - Stopping RatisPipelineUtilsThread.
2022-11-10 07:09:01,328 [RatisPipelineUtilsThread - 0] WARN  pipeline.BackgroundPipelineCreator (BackgroundPipelineCreator.java:run(180)) - RatisPipelineUtilsThread is interrupted.
2022-11-10 07:09:01,328 [Listener at 127.0.0.1/40377] INFO  BackgroundPipelineScrubber (BackgroundSCMService.java:stop(131)) - Stopping BackgroundPipelineScrubber Service.
2022-11-10 07:09:01,328 [BackgroundPipelineScrubberThread] WARN  BackgroundPipelineScrubber (BackgroundSCMService.java:run(115)) - BackgroundPipelineScrubber is interrupted, exit
2022-11-10 07:09:01,329 [Listener at 127.0.0.1/40377] INFO  impl.MetricsSystemImpl (MetricsSystemImpl.java:stop(210)) - Stopping HddsDatanode metrics system...
2022-11-10 07:09:01,334 [grpc-default-executor-5] WARN  server.GrpcLogAppender (LogUtils.java:warn(122)) - c8e5d44d-3ae5-47f4-8fed-77a3ea3a3924@group-A6BAE3BFF50D->db4da669-e495-4258-8ed5-d8ca382bca0e-AppendLogResponseHandler: Failed appendEntries: org.apache.ratis.thirdparty.io.grpc.StatusRuntimeException: UNAVAILABLE: io exception
2022-11-10 07:09:01,334 [grpc-default-executor-4] WARN  server.GrpcLogAppender (LogUtils.java:warn(122)) - c8e5d44d-3ae5-47f4-8fed-77a3ea3a3924@group-A6BAE3BFF50D->db4da669-e495-4258-8ed5-d8ca382bca0e-AppendLogResponseHandler: Failed appendEntries: org.apache.ratis.thirdparty.io.grpc.StatusRuntimeException: UNAVAILABLE: io exception
2022-11-10 07:09:01,335 [grpc-default-executor-5] INFO  leader.FollowerInfo (FollowerInfoImpl.java:lambda$new$0(48)) - c8e5d44d-3ae5-47f4-8fed-77a3ea3a3924@group-A6BAE3BFF50D->db4da669-e495-4258-8ed5-d8ca382bca0e: nextIndex: updateUnconditionally 29 -> 28
2022-11-10 07:09:01,336 [grpc-default-executor-4] INFO  leader.FollowerInfo (FollowerInfoImpl.java:lambda$new$0(48)) - c8e5d44d-3ae5-47f4-8fed-77a3ea3a3924@group-A6BAE3BFF50D->db4da669-e495-4258-8ed5-d8ca382bca0e: nextIndex: updateUnconditionally 28 -> 27
2022-11-10 07:09:01,339 [EndpointStateMachine task thread for /127.0.0.1:46315 - 0 ] WARN  statemachine.EndpointStateMachine (EndpointStateMachine.java:logIfNeeded(242)) - Unable to communicate to SCM server at 127.0.0.1:46315 for past 0 seconds.
java.io.EOFException: End of File Exception between local host is: "fv-az194-925/10.1.0.160"; destination host is: "localhost":46315; : java.io.EOFException; For more details see:  http://wiki.apache.org/hadoop/EOFException
	at sun.reflect.NativeConstructorAccessorImpl.newInstance0(Native Method)
	at sun.reflect.NativeConstructorAccessorImpl.newInstance(NativeConstructorAccessorImpl.java:62)
	at sun.reflect.DelegatingConstructorAccessorImpl.newInstance(DelegatingConstructorAccessorImpl.java:45)
	at java.lang.reflect.Constructor.newInstance(Constructor.java:423)
	at org.apache.hadoop.net.NetUtils.wrapWithMessage(NetUtils.java:913)
	at org.apache.hadoop.net.NetUtils.wrapException(NetUtils.java:862)
	at org.apache.hadoop.ipc.Client.getRpcResponse(Client.java:1616)
	at org.apache.hadoop.ipc.Client.call(Client.java:1558)
	at org.apache.hadoop.ipc.Client.call(Client.java:1455)
	at org.apache.hadoop.ipc.ProtobufRpcEngine$Invoker.invoke(ProtobufRpcEngine.java:235)
	at org.apache.hadoop.ipc.ProtobufRpcEngine$Invoker.invoke(ProtobufRpcEngine.java:122)
	at com.sun.proxy.$Proxy51.submitRequest(Unknown Source)
	at org.apache.hadoop.ozone.protocolPB.StorageContainerDatanodeProtocolClientSideTranslatorPB.submitRequest(StorageContainerDatanodeProtocolClientSideTranslatorPB.java:117)
	at org.apache.hadoop.ozone.protocolPB.StorageContainerDatanodeProtocolClientSideTranslatorPB.sendHeartbeat(StorageContainerDatanodeProtocolClientSideTranslatorPB.java:149)
	at org.apache.hadoop.ozone.container.common.states.endpoint.HeartbeatEndpointTask.call(HeartbeatEndpointTask.java:185)
	at org.apache.hadoop.ozone.container.common.states.endpoint.HeartbeatEndpointTask.call(HeartbeatEndpointTask.java:87)
	at java.util.concurrent.FutureTask.run(FutureTask.java:266)
	at java.util.concurrent.ThreadPoolExecutor.runWorker(ThreadPoolExecutor.java:1149)
	at java.util.concurrent.ThreadPoolExecutor$Worker.run(ThreadPoolExecutor.java:624)
	at java.lang.Thread.run(Thread.java:750)
Caused by: java.io.EOFException
	at java.io.DataInputStream.readInt(DataInputStream.java:392)
	at org.apache.hadoop.ipc.Client$IpcStreams.readResponse(Client.java:1922)
	at org.apache.hadoop.ipc.Client$Connection.receiveRpcResponse(Client.java:1238)
	at org.apache.hadoop.ipc.Client$Connection.run(Client.java:1134)
2022-11-10 07:09:01,349 [prometheus] INFO  impl.MetricsSinkAdapter (MetricsSinkAdapter.java:publishMetricsFromQueue(141)) - prometheus thread interrupted.
2022-11-10 07:09:01,352 [Listener at 127.0.0.1/40377] INFO  impl.MetricsSystemImpl (MetricsSystemImpl.java:stop(216)) - HddsDatanode metrics system stopped.
2022-11-10 07:09:01,352 [Listener at 127.0.0.1/40377] WARN  pipeline.BackgroundPipelineCreator (BackgroundPipelineCreator.java:stop(145)) - RatisPipelineUtilsThread is not running, just ignore.
2022-11-10 07:09:01,352 [Listener at 127.0.0.1/40377] INFO  BackgroundPipelineScrubber (BackgroundSCMService.java:stop(126)) - BackgroundPipelineScrubber Service is not running, skip stop.
2022-11-10 07:09:01,353 [ExpiredContainerReplicaOpScrubberThread] WARN  ExpiredContainerReplicaOpScrubber (BackgroundSCMService.java:run(115)) - ExpiredContainerReplicaOpScrubber is interrupted, exit
2022-11-10 07:09:01,353 [Listener at 127.0.0.1/40377] INFO  ExpiredContainerReplicaOpScrubber (BackgroundSCMService.java:stop(131)) - Stopping ExpiredContainerReplicaOpScrubber Service.
2022-11-10 07:09:01,354 [Listener at 127.0.0.1/40377] INFO  utils.BackgroundService (BackgroundService.java:shutdown(141)) - Shutting down service SCMBlockDeletingService
2022-11-10 07:09:01,354 [Listener at 127.0.0.1/40377] INFO  replication.ReplicationManager (ReplicationManager.java:stop(282)) - Replication Monitor Thread is not running.
2022-11-10 07:09:01,354 [Listener at 127.0.0.1/40377] WARN  balancer.ContainerBalancer (ContainerBalancer.java:stop(322)) - Cannot stop Container Balancer because it's not running or stopping
2022-11-10 07:09:01,356 [Listener at 127.0.0.1/40377] INFO  server.StorageContainerManager (StorageContainerManager.java:stop(1665)) - Stopping SCM MetadataStore.
2022-11-10 07:09:01,357 [Listener at 127.0.0.1/40377] INFO  ozone.MiniOzoneHAClusterImpl (MiniOzoneHAClusterImpl.java:stop(320)) - Stopping the StorageContainerManager 4ed76112-e62d-4ca7-a346-3bf242109c33
2022-11-10 07:09:01,357 [Listener at 127.0.0.1/40377] INFO  server.StorageContainerManager (StorageContainerManager.java:stop(1545)) - Container Balancer is not running.
2022-11-10 07:09:01,357 [Listener at 127.0.0.1/40377] INFO  server.StorageContainerManager (StorageContainerManager.java:stop(1552)) - Stopping Replication Manager Service.
2022-11-10 07:09:01,357 [Listener at 127.0.0.1/40377] INFO  replication.ReplicationManager (ReplicationManager.java:stop(274)) - Stopping Replication Monitor Thread.
2022-11-10 07:09:01,357 [ReplicationMonitor] INFO  replication.ReplicationManager (ReplicationManager.java:run(580)) - Replication Monitor Thread is stopped
2022-11-10 07:09:01,357 [Listener at 127.0.0.1/40377] INFO  server.StorageContainerManager (StorageContainerManager.java:stop(1559)) - Stopping the Datanode Admin Monitor.
2022-11-10 07:09:01,357 [Listener at 127.0.0.1/40377] INFO  server.StorageContainerManager (StorageContainerManager.java:stop(1566)) - Stopping Lease Manager of the command watchers
2022-11-10 07:09:01,357 [Listener at 127.0.0.1/40377] INFO  server.StorageContainerManager (StorageContainerManager.java:stop(1573)) - Stopping datanode service RPC server
2022-11-10 07:09:01,357 [Listener at 127.0.0.1/40377] INFO  server.SCMDatanodeProtocolServer (SCMDatanodeProtocolServer.java:stop(414)) - Stopping the RPC server for DataNodes
2022-11-10 07:09:01,358 [Listener at 127.0.0.1/40377] INFO  ipc.Server (Server.java:stop(3428)) - Stopping server on 34127
2022-11-10 07:09:01,358 [IPC Server listener on 34127] INFO  ipc.Server (Server.java:run(1384)) - Stopping IPC Server listener on 34127
2022-11-10 07:09:01,357 [Under Replicated Processor] WARN  replication.UnderReplicatedProcessor (UnderReplicatedProcessor.java:run(154)) - Under Replicated Processor interrupted. Exiting...
2022-11-10 07:09:01,357 [Over Replicated Processor] WARN  replication.OverReplicatedProcessor (OverReplicatedProcessor.java:run(142)) - Over Replicated Processor interrupted. Exiting...
2022-11-10 07:09:01,361 [IPC Server Responder] INFO  ipc.Server (Server.java:run(1517)) - Stopping IPC Server Responder
2022-11-10 07:09:01,401 [SCM Heartbeat Processing Thread - 0] WARN  node.NodeStateManager (NodeStateManager.java:scheduleNextHealthCheck(870)) - Current Thread is interrupted, shutting down HB processing thread for Node Manager.
2022-11-10 07:09:01,403 [Listener at 127.0.0.1/40377] INFO  server.StorageContainerManager (StorageContainerManager.java:stop(1581)) - Stopping block service RPC server
2022-11-10 07:09:01,403 [Listener at 127.0.0.1/40377] INFO  server.SCMBlockProtocolServer (SCMBlockProtocolServer.java:stop(161)) - Stopping the RPC server for Block Protocol
2022-11-10 07:09:01,403 [Listener at 127.0.0.1/40377] INFO  ipc.Server (Server.java:stop(3428)) - Stopping server on 36807
2022-11-10 07:09:01,402 [EndpointStateMachine task thread for /127.0.0.1:34127 - 0 ] WARN  statemachine.EndpointStateMachine (EndpointStateMachine.java:logIfNeeded(242)) - Unable to communicate to SCM server at localhost:34127 for past 0 seconds.
java.io.EOFException: End of File Exception between local host is: "fv-az194-925/10.1.0.160"; destination host is: "localhost":34127; : java.io.EOFException; For more details see:  http://wiki.apache.org/hadoop/EOFException
	at sun.reflect.NativeConstructorAccessorImpl.newInstance0(Native Method)
	at sun.reflect.NativeConstructorAccessorImpl.newInstance(NativeConstructorAccessorImpl.java:62)
	at sun.reflect.DelegatingConstructorAccessorImpl.newInstance(DelegatingConstructorAccessorImpl.java:45)
	at java.lang.reflect.Constructor.newInstance(Constructor.java:423)
	at org.apache.hadoop.net.NetUtils.wrapWithMessage(NetUtils.java:913)
	at org.apache.hadoop.net.NetUtils.wrapException(NetUtils.java:862)
	at org.apache.hadoop.ipc.Client.getRpcResponse(Client.java:1616)
	at org.apache.hadoop.ipc.Client.call(Client.java:1558)
	at org.apache.hadoop.ipc.Client.call(Client.java:1455)
	at org.apache.hadoop.ipc.ProtobufRpcEngine$Invoker.invoke(ProtobufRpcEngine.java:235)
	at org.apache.hadoop.ipc.ProtobufRpcEngine$Invoker.invoke(ProtobufRpcEngine.java:122)
	at com.sun.proxy.$Proxy51.submitRequest(Unknown Source)
	at org.apache.hadoop.ozone.protocolPB.StorageContainerDatanodeProtocolClientSideTranslatorPB.submitRequest(StorageContainerDatanodeProtocolClientSideTranslatorPB.java:117)
	at org.apache.hadoop.ozone.protocolPB.StorageContainerDatanodeProtocolClientSideTranslatorPB.sendHeartbeat(StorageContainerDatanodeProtocolClientSideTranslatorPB.java:149)
	at org.apache.hadoop.ozone.container.common.states.endpoint.HeartbeatEndpointTask.call(HeartbeatEndpointTask.java:185)
	at org.apache.hadoop.ozone.container.common.states.endpoint.HeartbeatEndpointTask.call(HeartbeatEndpointTask.java:87)
	at java.util.concurrent.FutureTask.run(FutureTask.java:266)
	at java.util.concurrent.ThreadPoolExecutor.runWorker(ThreadPoolExecutor.java:1149)
	at java.util.concurrent.ThreadPoolExecutor$Worker.run(ThreadPoolExecutor.java:624)
	at java.lang.Thread.run(Thread.java:750)
Caused by: java.io.EOFException
	at java.io.DataInputStream.readInt(DataInputStream.java:392)
	at org.apache.hadoop.ipc.Client$IpcStreams.readResponse(Client.java:1922)
	at org.apache.hadoop.ipc.Client$Connection.receiveRpcResponse(Client.java:1238)
	at org.apache.hadoop.ipc.Client$Connection.run(Client.java:1134)
2022-11-10 07:09:01,405 [Listener at 127.0.0.1/40377] INFO  server.StorageContainerManager (StorageContainerManager.java:stop(1588)) - Stopping the StorageContainerLocationProtocol RPC server
2022-11-10 07:09:01,405 [Listener at 127.0.0.1/40377] INFO  server.SCMClientProtocolServer (SCMClientProtocolServer.java:stop(179)) - Stopping the RPC server for Client Protocol
2022-11-10 07:09:01,405 [Listener at 127.0.0.1/40377] INFO  ipc.Server (Server.java:stop(3428)) - Stopping server on 35229
2022-11-10 07:09:01,406 [IPC Server Responder] INFO  ipc.Server (Server.java:run(1517)) - Stopping IPC Server Responder
2022-11-10 07:09:01,406 [IPC Server listener on 36807] INFO  ipc.Server (Server.java:run(1384)) - Stopping IPC Server listener on 36807
2022-11-10 07:09:01,415 [IPC Server listener on 35229] INFO  ipc.Server (Server.java:run(1384)) - Stopping IPC Server listener on 35229
2022-11-10 07:09:01,416 [Listener at 127.0.0.1/40377] INFO  server.StorageContainerManager (StorageContainerManager.java:stop(1595)) - Stopping Storage Container Manager HTTP server.
2022-11-10 07:09:01,416 [IPC Server Responder] INFO  ipc.Server (Server.java:run(1517)) - Stopping IPC Server Responder
2022-11-10 07:09:01,416 [Listener at 127.0.0.1/40377] INFO  handler.ContextHandler (ContextHandler.java:doStop(1159)) - Stopped o.e.j.w.WebAppContext@2afffa1{scm,/,null,STOPPED}{file:/home/runner/work/ozone/ozone/hadoop-ozone/integration-test/target/test-classes/webapps/scm}
2022-11-10 07:09:01,417 [Listener at 127.0.0.1/40377] INFO  server.AbstractConnector (AbstractConnector.java:doStop(383)) - Stopped ServerConnector@2d2e9b73{HTTP/1.1, (http/1.1)}{0.0.0.0:41637}
2022-11-10 07:09:01,417 [Listener at 127.0.0.1/40377] INFO  server.session (HouseKeeper.java:stopScavenging(149)) - node0 Stopped scavenging
2022-11-10 07:09:01,417 [Listener at 127.0.0.1/40377] INFO  handler.ContextHandler (ContextHandler.java:doStop(1159)) - Stopped o.e.j.s.ServletContextHandler@7b6a7d3d{static,/static,file:///home/runner/work/ozone/ozone/hadoop-ozone/integration-test/target/test-classes/webapps/static,STOPPED}
2022-11-10 07:09:01,417 [Listener at 127.0.0.1/40377] INFO  handler.ContextHandler (ContextHandler.java:doStop(1159)) - Stopped o.e.j.s.ServletContextHandler@1f6e5c4{logs,/logs,file:///home/runner/work/ozone/ozone/hadoop-ozone/integration-test/target/log,STOPPED}
2022-11-10 07:09:01,418 [Listener at 127.0.0.1/40377] INFO  server.StorageContainerManager (StorageContainerManager.java:stop(1601)) - Stopping SCM LayoutVersionManager Service.
2022-11-10 07:09:01,418 [Listener at 127.0.0.1/40377] INFO  server.StorageContainerManager (StorageContainerManager.java:stop(1609)) - Stopping Block Manager Service.
2022-11-10 07:09:01,418 [Listener at 127.0.0.1/40377] INFO  utils.BackgroundService (BackgroundService.java:shutdown(141)) - Shutting down service SCMBlockDeletingService
2022-11-10 07:09:01,419 [Listener at 127.0.0.1/40377] INFO  utils.BackgroundService (BackgroundService.java:shutdown(141)) - Shutting down service SCMBlockDeletingService
2022-11-10 07:09:01,419 [Listener at 127.0.0.1/40377] INFO  server.StorageContainerManager (StorageContainerManager.java:stop(1636)) - Stopping SCM Event Queue.
2022-11-10 07:09:01,420 [Listener at 127.0.0.1/40377] INFO  server.StorageContainerManager (StorageContainerManager.java:stop(1647)) - Stopping SCM HA services.
2022-11-10 07:09:01,420 [Listener at 127.0.0.1/40377] INFO  ha.SCMRatisServerImpl (SCMRatisServerImpl.java:stop(237)) - stopping ratis server 0.0.0.0:43819
2022-11-10 07:09:01,421 [Listener at 127.0.0.1/40377] INFO  server.RaftServer (RaftServerProxy.java:lambda$close$6(409)) - 4ed76112-e62d-4ca7-a346-3bf242109c33: close
2022-11-10 07:09:01,421 [4ed76112-e62d-4ca7-a346-3bf242109c33-impl-thread1] INFO  server.RaftServer$Division (RaftServerImpl.java:lambda$close$4(458)) - 4ed76112-e62d-4ca7-a346-3bf242109c33@group-A6BAE3BFF50D: shutdown
2022-11-10 07:09:01,421 [4ed76112-e62d-4ca7-a346-3bf242109c33-impl-thread1] INFO  util.JmxRegister (JmxRegister.java:unregister(73)) - Successfully un-registered JMX Bean with object name Ratis:service=RaftServer,group=group-A6BAE3BFF50D,id=4ed76112-e62d-4ca7-a346-3bf242109c33
2022-11-10 07:09:01,421 [4ed76112-e62d-4ca7-a346-3bf242109c33-impl-thread1] INFO  impl.RoleInfo (RoleInfo.java:shutdownFollowerState(110)) - 4ed76112-e62d-4ca7-a346-3bf242109c33: shutdown 4ed76112-e62d-4ca7-a346-3bf242109c33@group-A6BAE3BFF50D-FollowerState
2022-11-10 07:09:01,421 [4ed76112-e62d-4ca7-a346-3bf242109c33-impl-thread1] INFO  impl.StateMachineUpdater (StateMachineUpdater.java:stopAndJoin(153)) - 4ed76112-e62d-4ca7-a346-3bf242109c33@group-A6BAE3BFF50D-StateMachineUpdater: set stopIndex = 27
2022-11-10 07:09:01,421 [4ed76112-e62d-4ca7-a346-3bf242109c33@group-A6BAE3BFF50D-FollowerState] INFO  impl.FollowerState (FollowerState.java:run(152)) - 4ed76112-e62d-4ca7-a346-3bf242109c33@group-A6BAE3BFF50D-FollowerState was interrupted
2022-11-10 07:09:01,421 [Listener at 127.0.0.1/40377] INFO  server.GrpcService (GrpcService.java:closeImpl(279)) - 4ed76112-e62d-4ca7-a346-3bf242109c33: shutdown server GrpcServerProtocolService now
2022-11-10 07:09:01,421 [4ed76112-e62d-4ca7-a346-3bf242109c33@group-A6BAE3BFF50D-StateMachineUpdater] INFO  ha.SCMStateMachine (SCMStateMachine.java:takeSnapshot(297)) - Current Snapshot Index 27, takeSnapshot took 0 ms
2022-11-10 07:09:01,421 [4ed76112-e62d-4ca7-a346-3bf242109c33@group-A6BAE3BFF50D-StateMachineUpdater] INFO  impl.StateMachineUpdater (StateMachineUpdater.java:takeSnapshot(287)) - 4ed76112-e62d-4ca7-a346-3bf242109c33@group-A6BAE3BFF50D-StateMachineUpdater: Took a snapshot at index 27
2022-11-10 07:09:01,422 [4ed76112-e62d-4ca7-a346-3bf242109c33@group-A6BAE3BFF50D-StateMachineUpdater] INFO  impl.StateMachineUpdater (StateMachineUpdater.java:lambda$new$0(92)) - 4ed76112-e62d-4ca7-a346-3bf242109c33@group-A6BAE3BFF50D-StateMachineUpdater: snapshotIndex: updateIncreasingly -1 -> 27
2022-11-10 07:09:01,422 [4ed76112-e62d-4ca7-a346-3bf242109c33@group-A6BAE3BFF50D-StateMachineUpdater] INFO  server.StorageContainerManager (StorageContainerManager.java:stop(1536)) - Storage Container Manager is not running.
2022-11-10 07:09:01,422 [4ed76112-e62d-4ca7-a346-3bf242109c33@group-A6BAE3BFF50D-StateMachineUpdater] INFO  server.StorageContainerManager (ExitUtils.java:terminate(131)) - Terminating with exit status 0: scm statemachine is closed by ratis, terminate SCM
2022-11-10 07:09:01,422 [4ed76112-e62d-4ca7-a346-3bf242109c33@group-A6BAE3BFF50D-StateMachineUpdater] WARN  impl.StateMachineUpdater (StateMachineUpdater.java:stop(137)) - 4ed76112-e62d-4ca7-a346-3bf242109c33@group-A6BAE3BFF50D-StateMachineUpdater: Failed to close SCMStateMachine SCMStateMachine:4ed76112-e62d-4ca7-a346-3bf242109c33:group-A6BAE3BFF50D
org.apache.ratis.util.ExitUtils$ExitException: scm statemachine is closed by ratis, terminate SCM
	at org.apache.ratis.util.ExitUtils.terminate(ExitUtils.java:141)
	at org.apache.ratis.util.ExitUtils.terminate(ExitUtils.java:151)
	at org.apache.ratis.util.ExitUtils.terminate(ExitUtils.java:155)
	at org.apache.hadoop.hdds.scm.server.StorageContainerManager.shutDown(StorageContainerManager.java:1675)
	at org.apache.hadoop.hdds.scm.ha.SCMStateMachine.close(SCMStateMachine.java:406)
	at org.apache.ratis.server.impl.StateMachineUpdater.stop(StateMachineUpdater.java:134)
	at org.apache.ratis.server.impl.StateMachineUpdater.run(StateMachineUpdater.java:187)
	at java.lang.Thread.run(Thread.java:750)
2022-11-10 07:09:01,422 [4ed76112-e62d-4ca7-a346-3bf242109c33-impl-thread1] INFO  server.RaftServer$Division (ServerState.java:close(466)) - 4ed76112-e62d-4ca7-a346-3bf242109c33@group-A6BAE3BFF50D: closes. applyIndex: 26
2022-11-10 07:09:01,422 [4ed76112-e62d-4ca7-a346-3bf242109c33@group-A6BAE3BFF50D-SegmentedRaftLogWorker] INFO  segmented.SegmentedRaftLogWorker (SegmentedRaftLogWorker.java:run(345)) - 4ed76112-e62d-4ca7-a346-3bf242109c33@group-A6BAE3BFF50D-SegmentedRaftLogWorker was interrupted, exiting. There are 0 tasks remaining in the queue.
2022-11-10 07:09:01,424 [4ed76112-e62d-4ca7-a346-3bf242109c33-impl-thread1] INFO  segmented.SegmentedRaftLogWorker (SegmentedRaftLogWorker.java:close(255)) - 4ed76112-e62d-4ca7-a346-3bf242109c33@group-A6BAE3BFF50D-SegmentedRaftLogWorker close()
2022-11-10 07:09:01,424 [grpc-default-executor-5] WARN  server.GrpcServerProtocolService (LogUtils.java:warn(122)) - 4ed76112-e62d-4ca7-a346-3bf242109c33: installSnapshot onError, lastRequest: c8e5d44d-3ae5-47f4-8fed-77a3ea3a3924->4ed76112-e62d-4ca7-a346-3bf242109c33#894-t2,previous=(t:2, i:27),leaderCommit=27,initializing? true,entries: size=1, first=(t:2, i:28), METADATAENTRY(c:27): org.apache.ratis.thirdparty.io.grpc.StatusRuntimeException: CANCELLED: client cancelled
2022-11-10 07:09:01,425 [grpc-default-executor-5] WARN  server.GrpcLogAppender (LogUtils.java:warn(122)) - c8e5d44d-3ae5-47f4-8fed-77a3ea3a3924@group-A6BAE3BFF50D->4ed76112-e62d-4ca7-a346-3bf242109c33-AppendLogResponseHandler: Failed appendEntries: org.apache.ratis.thirdparty.io.grpc.StatusRuntimeException: CANCELLED: RST_STREAM closed stream. HTTP/2 error code: CANCEL
2022-11-10 07:09:01,425 [grpc-default-executor-5] INFO  leader.FollowerInfo (FollowerInfoImpl.java:lambda$new$0(48)) - c8e5d44d-3ae5-47f4-8fed-77a3ea3a3924@group-A6BAE3BFF50D->4ed76112-e62d-4ca7-a346-3bf242109c33: nextIndex: updateUnconditionally 29 -> 28
2022-11-10 07:09:01,425 [Listener at 127.0.0.1/40377] INFO  server.GrpcService (GrpcService.java:closeImpl(288)) - 4ed76112-e62d-4ca7-a346-3bf242109c33: shutdown server GrpcServerProtocolService successfully
2022-11-10 07:09:01,425 [grpc-default-executor-4] WARN  server.GrpcServerProtocolService (LogUtils.java:warn(122)) - 4ed76112-e62d-4ca7-a346-3bf242109c33: installSnapshot onError, lastRequest: null: org.apache.ratis.thirdparty.io.grpc.StatusRuntimeException: CANCELLED: client cancelled
2022-11-10 07:09:01,426 [JvmPauseMonitor3] INFO  util.JvmPauseMonitor (JvmPauseMonitor.java:run(111)) - JvmPauseMonitor-4ed76112-e62d-4ca7-a346-3bf242109c33: Stopped
2022-11-10 07:09:01,427 [grpc-default-executor-5] WARN  server.GrpcLogAppender (LogUtils.java:warn(122)) - c8e5d44d-3ae5-47f4-8fed-77a3ea3a3924@group-A6BAE3BFF50D->4ed76112-e62d-4ca7-a346-3bf242109c33-AppendLogResponseHandler: Failed appendEntries: org.apache.ratis.thirdparty.io.grpc.StatusRuntimeException: CANCELLED: RST_STREAM closed stream. HTTP/2 error code: CANCEL
2022-11-10 07:09:01,427 [grpc-default-executor-5] INFO  leader.FollowerInfo (FollowerInfoImpl.java:lambda$new$0(48)) - c8e5d44d-3ae5-47f4-8fed-77a3ea3a3924@group-A6BAE3BFF50D->4ed76112-e62d-4ca7-a346-3bf242109c33: nextIndex: updateUnconditionally 28 -> 27
2022-11-10 07:09:01,427 [Listener at 127.0.0.1/40377] INFO  pipeline.BackgroundPipelineCreator (BackgroundPipelineCreator.java:stop(149)) - Stopping RatisPipelineUtilsThread.
2022-11-10 07:09:01,428 [RatisPipelineUtilsThread - 0] WARN  pipeline.BackgroundPipelineCreator (BackgroundPipelineCreator.java:run(180)) - RatisPipelineUtilsThread is interrupted.
2022-11-10 07:09:01,429 [Listener at 127.0.0.1/40377] INFO  BackgroundPipelineScrubber (BackgroundSCMService.java:stop(131)) - Stopping BackgroundPipelineScrubber Service.
2022-11-10 07:09:01,429 [BackgroundPipelineScrubberThread] WARN  BackgroundPipelineScrubber (BackgroundSCMService.java:run(115)) - BackgroundPipelineScrubber is interrupted, exit
2022-11-10 07:09:01,429 [Listener at 127.0.0.1/40377] INFO  impl.MetricsSystemImpl (MetricsSystemImpl.java:stop(205)) - HddsDatanode metrics system stopped (again)
2022-11-10 07:09:01,429 [Listener at 127.0.0.1/40377] WARN  pipeline.BackgroundPipelineCreator (BackgroundPipelineCreator.java:stop(145)) - RatisPipelineUtilsThread is not running, just ignore.
2022-11-10 07:09:01,429 [Listener at 127.0.0.1/40377] INFO  BackgroundPipelineScrubber (BackgroundSCMService.java:stop(126)) - BackgroundPipelineScrubber Service is not running, skip stop.
2022-11-10 07:09:01,429 [Listener at 127.0.0.1/40377] INFO  ExpiredContainerReplicaOpScrubber (BackgroundSCMService.java:stop(131)) - Stopping ExpiredContainerReplicaOpScrubber Service.
2022-11-10 07:09:01,429 [ExpiredContainerReplicaOpScrubberThread] WARN  ExpiredContainerReplicaOpScrubber (BackgroundSCMService.java:run(115)) - ExpiredContainerReplicaOpScrubber is interrupted, exit
2022-11-10 07:09:01,429 [Listener at 127.0.0.1/40377] INFO  utils.BackgroundService (BackgroundService.java:shutdown(141)) - Shutting down service SCMBlockDeletingService
2022-11-10 07:09:01,429 [Listener at 127.0.0.1/40377] INFO  replication.ReplicationManager (ReplicationManager.java:stop(282)) - Replication Monitor Thread is not running.
2022-11-10 07:09:01,429 [Listener at 127.0.0.1/40377] WARN  balancer.ContainerBalancer (ContainerBalancer.java:stop(322)) - Cannot stop Container Balancer because it's not running or stopping
2022-11-10 07:09:01,430 [Listener at 127.0.0.1/40377] INFO  server.StorageContainerManager (StorageContainerManager.java:stop(1665)) - Stopping SCM MetadataStore.
2022-11-10 07:09:01,430 [Listener at 127.0.0.1/40377] INFO  ozone.MiniOzoneHAClusterImpl (MiniOzoneHAClusterImpl.java:stop(320)) - Stopping the StorageContainerManager c8e5d44d-3ae5-47f4-8fed-77a3ea3a3924
2022-11-10 07:09:01,430 [Listener at 127.0.0.1/40377] INFO  server.StorageContainerManager (StorageContainerManager.java:stop(1545)) - Container Balancer is not running.
2022-11-10 07:09:01,430 [Listener at 127.0.0.1/40377] INFO  server.StorageContainerManager (StorageContainerManager.java:stop(1552)) - Stopping Replication Manager Service.
2022-11-10 07:09:01,430 [Listener at 127.0.0.1/40377] INFO  replication.ReplicationManager (ReplicationManager.java:stop(274)) - Stopping Replication Monitor Thread.
2022-11-10 07:09:01,430 [Under Replicated Processor] WARN  replication.UnderReplicatedProcessor (UnderReplicatedProcessor.java:run(154)) - Under Replicated Processor interrupted. Exiting...
2022-11-10 07:09:01,430 [Over Replicated Processor] WARN  replication.OverReplicatedProcessor (OverReplicatedProcessor.java:run(142)) - Over Replicated Processor interrupted. Exiting...
2022-11-10 07:09:01,435 [grpc-default-executor-4] WARN  server.GrpcLogAppender (LogUtils.java:warn(122)) - c8e5d44d-3ae5-47f4-8fed-77a3ea3a3924@group-A6BAE3BFF50D->4ed76112-e62d-4ca7-a346-3bf242109c33-AppendLogResponseHandler: Failed appendEntries: org.apache.ratis.thirdparty.io.grpc.StatusRuntimeException: UNAVAILABLE: io exception
2022-11-10 07:09:01,435 [ReplicationMonitor] INFO  replication.ReplicationManager (ReplicationManager.java:run(580)) - Replication Monitor Thread is stopped
2022-11-10 07:09:01,435 [grpc-default-executor-4] INFO  leader.FollowerInfo (FollowerInfoImpl.java:lambda$new$0(48)) - c8e5d44d-3ae5-47f4-8fed-77a3ea3a3924@group-A6BAE3BFF50D->4ed76112-e62d-4ca7-a346-3bf242109c33: nextIndex: updateUnconditionally 29 -> 28
2022-11-10 07:09:01,435 [Listener at 127.0.0.1/40377] INFO  server.StorageContainerManager (StorageContainerManager.java:stop(1559)) - Stopping the Datanode Admin Monitor.
2022-11-10 07:09:01,435 [Listener at 127.0.0.1/40377] INFO  server.StorageContainerManager (StorageContainerManager.java:stop(1566)) - Stopping Lease Manager of the command watchers
2022-11-10 07:09:01,435 [Listener at 127.0.0.1/40377] INFO  server.StorageContainerManager (StorageContainerManager.java:stop(1573)) - Stopping datanode service RPC server
2022-11-10 07:09:01,435 [Listener at 127.0.0.1/40377] INFO  server.SCMDatanodeProtocolServer (SCMDatanodeProtocolServer.java:stop(414)) - Stopping the RPC server for DataNodes
2022-11-10 07:09:01,435 [Listener at 127.0.0.1/40377] INFO  ipc.Server (Server.java:stop(3428)) - Stopping server on 37609
2022-11-10 07:09:01,437 [grpc-default-executor-5] WARN  server.GrpcLogAppender (LogUtils.java:warn(122)) - c8e5d44d-3ae5-47f4-8fed-77a3ea3a3924@group-A6BAE3BFF50D->4ed76112-e62d-4ca7-a346-3bf242109c33-AppendLogResponseHandler: Failed appendEntries: org.apache.ratis.thirdparty.io.grpc.StatusRuntimeException: UNAVAILABLE: io exception
2022-11-10 07:09:01,438 [grpc-default-executor-5] INFO  leader.FollowerInfo (FollowerInfoImpl.java:lambda$new$0(48)) - c8e5d44d-3ae5-47f4-8fed-77a3ea3a3924@group-A6BAE3BFF50D->4ed76112-e62d-4ca7-a346-3bf242109c33: nextIndex: updateUnconditionally 28 -> 27
2022-11-10 07:09:01,445 [IPC Server listener on 37609] INFO  ipc.Server (Server.java:run(1384)) - Stopping IPC Server listener on 37609
2022-11-10 07:09:01,446 [IPC Server Responder] INFO  ipc.Server (Server.java:run(1517)) - Stopping IPC Server Responder
2022-11-10 07:09:01,721 [EndpointStateMachine task thread for /127.0.0.1:37609 - 0 ] WARN  statemachine.EndpointStateMachine (EndpointStateMachine.java:logIfNeeded(242)) - Unable to communicate to SCM server at 127.0.0.1:37609 for past 0 seconds.
java.io.EOFException: End of File Exception between local host is: "fv-az194-925/10.1.0.160"; destination host is: "localhost":37609; : java.io.EOFException; For more details see:  http://wiki.apache.org/hadoop/EOFException
	at sun.reflect.NativeConstructorAccessorImpl.newInstance0(Native Method)
	at sun.reflect.NativeConstructorAccessorImpl.newInstance(NativeConstructorAccessorImpl.java:62)
	at sun.reflect.DelegatingConstructorAccessorImpl.newInstance(DelegatingConstructorAccessorImpl.java:45)
	at java.lang.reflect.Constructor.newInstance(Constructor.java:423)
	at org.apache.hadoop.net.NetUtils.wrapWithMessage(NetUtils.java:913)
	at org.apache.hadoop.net.NetUtils.wrapException(NetUtils.java:862)
	at org.apache.hadoop.ipc.Client.getRpcResponse(Client.java:1616)
	at org.apache.hadoop.ipc.Client.call(Client.java:1558)
	at org.apache.hadoop.ipc.Client.call(Client.java:1455)
	at org.apache.hadoop.ipc.ProtobufRpcEngine$Invoker.invoke(ProtobufRpcEngine.java:235)
	at org.apache.hadoop.ipc.ProtobufRpcEngine$Invoker.invoke(ProtobufRpcEngine.java:122)
	at com.sun.proxy.$Proxy51.submitRequest(Unknown Source)
	at org.apache.hadoop.ozone.protocolPB.StorageContainerDatanodeProtocolClientSideTranslatorPB.submitRequest(StorageContainerDatanodeProtocolClientSideTranslatorPB.java:117)
	at org.apache.hadoop.ozone.protocolPB.StorageContainerDatanodeProtocolClientSideTranslatorPB.sendHeartbeat(StorageContainerDatanodeProtocolClientSideTranslatorPB.java:149)
	at org.apache.hadoop.ozone.container.common.states.endpoint.HeartbeatEndpointTask.call(HeartbeatEndpointTask.java:185)
	at org.apache.hadoop.ozone.container.common.states.endpoint.HeartbeatEndpointTask.call(HeartbeatEndpointTask.java:87)
	at java.util.concurrent.FutureTask.run(FutureTask.java:266)
	at java.util.concurrent.ThreadPoolExecutor.runWorker(ThreadPoolExecutor.java:1149)
	at java.util.concurrent.ThreadPoolExecutor$Worker.run(ThreadPoolExecutor.java:624)
	at java.lang.Thread.run(Thread.java:750)
Caused by: java.io.EOFException
	at java.io.DataInputStream.readInt(DataInputStream.java:392)
	at org.apache.hadoop.ipc.Client$IpcStreams.readResponse(Client.java:1922)
	at org.apache.hadoop.ipc.Client$Connection.receiveRpcResponse(Client.java:1238)
	at org.apache.hadoop.ipc.Client$Connection.run(Client.java:1134)
2022-11-10 07:09:02,190 [SCM Heartbeat Processing Thread - 0] WARN  node.NodeStateManager (NodeStateManager.java:scheduleNextHealthCheck(870)) - Current Thread is interrupted, shutting down HB processing thread for Node Manager.
2022-11-10 07:09:02,190 [Listener at 127.0.0.1/40377] INFO  server.StorageContainerManager (StorageContainerManager.java:stop(1581)) - Stopping block service RPC server
2022-11-10 07:09:02,190 [Listener at 127.0.0.1/40377] INFO  server.SCMBlockProtocolServer (SCMBlockProtocolServer.java:stop(161)) - Stopping the RPC server for Block Protocol
2022-11-10 07:09:02,191 [Listener at 127.0.0.1/40377] INFO  ipc.Server (Server.java:stop(3428)) - Stopping server on 46059
2022-11-10 07:09:02,196 [IPC Server Responder] INFO  ipc.Server (Server.java:run(1517)) - Stopping IPC Server Responder
2022-11-10 07:09:02,196 [Listener at 127.0.0.1/40377] INFO  server.StorageContainerManager (StorageContainerManager.java:stop(1588)) - Stopping the StorageContainerLocationProtocol RPC server
2022-11-10 07:09:02,197 [Listener at 127.0.0.1/40377] INFO  server.SCMClientProtocolServer (SCMClientProtocolServer.java:stop(179)) - Stopping the RPC server for Client Protocol
2022-11-10 07:09:02,197 [Listener at 127.0.0.1/40377] INFO  ipc.Server (Server.java:stop(3428)) - Stopping server on 46869
2022-11-10 07:09:02,197 [IPC Server listener on 46059] INFO  ipc.Server (Server.java:run(1384)) - Stopping IPC Server listener on 46059
2022-11-10 07:09:02,201 [IPC Server listener on 46869] INFO  ipc.Server (Server.java:run(1384)) - Stopping IPC Server listener on 46869
2022-11-10 07:09:02,203 [Listener at 127.0.0.1/40377] INFO  server.StorageContainerManager (StorageContainerManager.java:stop(1595)) - Stopping Storage Container Manager HTTP server.
2022-11-10 07:09:02,204 [IPC Server Responder] INFO  ipc.Server (Server.java:run(1517)) - Stopping IPC Server Responder
2022-11-10 07:09:02,205 [Listener at 127.0.0.1/40377] INFO  handler.ContextHandler (ContextHandler.java:doStop(1159)) - Stopped o.e.j.w.WebAppContext@7b1dc27{scm,/,null,STOPPED}{file:/home/runner/work/ozone/ozone/hadoop-ozone/integration-test/target/test-classes/webapps/scm}
2022-11-10 07:09:02,205 [Listener at 127.0.0.1/40377] INFO  server.AbstractConnector (AbstractConnector.java:doStop(383)) - Stopped ServerConnector@23e86c82{HTTP/1.1, (http/1.1)}{0.0.0.0:38757}
2022-11-10 07:09:02,205 [Listener at 127.0.0.1/40377] INFO  server.session (HouseKeeper.java:stopScavenging(149)) - node0 Stopped scavenging
2022-11-10 07:09:02,205 [Listener at 127.0.0.1/40377] INFO  handler.ContextHandler (ContextHandler.java:doStop(1159)) - Stopped o.e.j.s.ServletContextHandler@79dacea7{static,/static,file:///home/runner/work/ozone/ozone/hadoop-ozone/integration-test/target/test-classes/webapps/static,STOPPED}
2022-11-10 07:09:02,205 [Listener at 127.0.0.1/40377] INFO  handler.ContextHandler (ContextHandler.java:doStop(1159)) - Stopped o.e.j.s.ServletContextHandler@21ac1d91{logs,/logs,file:///home/runner/work/ozone/ozone/hadoop-ozone/integration-test/target/log,STOPPED}
2022-11-10 07:09:02,207 [Listener at 127.0.0.1/40377] INFO  server.StorageContainerManager (StorageContainerManager.java:stop(1601)) - Stopping SCM LayoutVersionManager Service.
2022-11-10 07:09:02,207 [Listener at 127.0.0.1/40377] INFO  server.StorageContainerManager (StorageContainerManager.java:stop(1609)) - Stopping Block Manager Service.
2022-11-10 07:09:02,207 [Listener at 127.0.0.1/40377] INFO  utils.BackgroundService (BackgroundService.java:shutdown(141)) - Shutting down service SCMBlockDeletingService
2022-11-10 07:09:02,208 [Listener at 127.0.0.1/40377] INFO  utils.BackgroundService (BackgroundService.java:shutdown(141)) - Shutting down service SCMBlockDeletingService
2022-11-10 07:09:02,208 [Listener at 127.0.0.1/40377] INFO  server.StorageContainerManager (StorageContainerManager.java:stop(1636)) - Stopping SCM Event Queue.
2022-11-10 07:09:02,210 [Listener at 127.0.0.1/40377] INFO  server.StorageContainerManager (StorageContainerManager.java:stop(1647)) - Stopping SCM HA services.
2022-11-10 07:09:02,210 [Listener at 127.0.0.1/40377] INFO  ha.SCMRatisServerImpl (SCMRatisServerImpl.java:stop(237)) - stopping ratis server 0.0.0.0:46459
2022-11-10 07:09:02,211 [Listener at 127.0.0.1/40377] INFO  server.RaftServer (RaftServerProxy.java:lambda$close$6(409)) - c8e5d44d-3ae5-47f4-8fed-77a3ea3a3924: close
2022-11-10 07:09:02,211 [Listener at 127.0.0.1/40377] INFO  server.GrpcService (GrpcService.java:closeImpl(279)) - c8e5d44d-3ae5-47f4-8fed-77a3ea3a3924: shutdown server GrpcServerProtocolService now
2022-11-10 07:09:02,211 [c8e5d44d-3ae5-47f4-8fed-77a3ea3a3924-impl-thread1] INFO  server.RaftServer$Division (RaftServerImpl.java:lambda$close$4(458)) - c8e5d44d-3ae5-47f4-8fed-77a3ea3a3924@group-A6BAE3BFF50D: shutdown
2022-11-10 07:09:02,211 [c8e5d44d-3ae5-47f4-8fed-77a3ea3a3924-impl-thread1] INFO  util.JmxRegister (JmxRegister.java:unregister(73)) - Successfully un-registered JMX Bean with object name Ratis:service=RaftServer,group=group-A6BAE3BFF50D,id=c8e5d44d-3ae5-47f4-8fed-77a3ea3a3924
2022-11-10 07:09:02,211 [c8e5d44d-3ae5-47f4-8fed-77a3ea3a3924-impl-thread1] INFO  impl.RoleInfo (RoleInfo.java:shutdownLeaderState(93)) - c8e5d44d-3ae5-47f4-8fed-77a3ea3a3924: shutdown c8e5d44d-3ae5-47f4-8fed-77a3ea3a3924@group-A6BAE3BFF50D-LeaderStateImpl
2022-11-10 07:09:02,211 [c8e5d44d-3ae5-47f4-8fed-77a3ea3a3924@group-A6BAE3BFF50D->db4da669-e495-4258-8ed5-d8ca382bca0e-GrpcLogAppender-LogAppenderDaemon] WARN  server.GrpcLogAppender (GrpcLogAppender.java:mayWait(200)) - c8e5d44d-3ae5-47f4-8fed-77a3ea3a3924@group-A6BAE3BFF50D->db4da669-e495-4258-8ed5-d8ca382bca0e-GrpcLogAppender: Wait interrupted by java.lang.InterruptedException
2022-11-10 07:09:02,211 [c8e5d44d-3ae5-47f4-8fed-77a3ea3a3924-impl-thread1] INFO  impl.PendingRequests (PendingRequests.java:sendNotLeaderResponses(282)) - c8e5d44d-3ae5-47f4-8fed-77a3ea3a3924@group-A6BAE3BFF50D-PendingRequests: sendNotLeaderResponses
2022-11-10 07:09:02,211 [c8e5d44d-3ae5-47f4-8fed-77a3ea3a3924@group-A6BAE3BFF50D->4ed76112-e62d-4ca7-a346-3bf242109c33-GrpcLogAppender-LogAppenderDaemon] WARN  server.GrpcLogAppender (GrpcLogAppender.java:mayWait(200)) - c8e5d44d-3ae5-47f4-8fed-77a3ea3a3924@group-A6BAE3BFF50D->4ed76112-e62d-4ca7-a346-3bf242109c33-GrpcLogAppender: Wait interrupted by java.lang.InterruptedException
2022-11-10 07:09:02,212 [c8e5d44d-3ae5-47f4-8fed-77a3ea3a3924-impl-thread1] INFO  ha.SCMStateMachine (SCMStateMachine.java:notifyNotLeader(190)) - current leader SCM steps down.
2022-11-10 07:09:02,212 [Listener at 127.0.0.1/40377] INFO  server.GrpcServerProtocolClient (GrpcServerProtocolClient.java:close(111)) - db4da669-e495-4258-8ed5-d8ca382bca0e Close channels
2022-11-10 07:09:02,212 [c8e5d44d-3ae5-47f4-8fed-77a3ea3a3924-impl-thread1] INFO  ha.SCMContext (SCMContext.java:updateLeaderAndTerm(99)) - update <isLeader,term> from <true,2> to <false,0>
2022-11-10 07:09:02,213 [c8e5d44d-3ae5-47f4-8fed-77a3ea3a3924-impl-thread1] INFO  ha.SCMContext (SCMContext.java:updateLeaderAndTerm(106)) - update <isLeaderReady> from <false> to <false>
2022-11-10 07:09:02,213 [c8e5d44d-3ae5-47f4-8fed-77a3ea3a3924-impl-thread1] INFO  BackgroundPipelineScrubber (BackgroundSCMService.java:notifyStatusChanged(88)) - Service BackgroundPipelineScrubber transitions to PAUSING.
2022-11-10 07:09:02,213 [c8e5d44d-3ae5-47f4-8fed-77a3ea3a3924-impl-thread1] INFO  ExpiredContainerReplicaOpScrubber (BackgroundSCMService.java:notifyStatusChanged(88)) - Service ExpiredContainerReplicaOpScrubber transitions to PAUSING.
2022-11-10 07:09:02,212 [ForkJoinPool.commonPool-worker-1] INFO  server.GrpcServerProtocolClient (GrpcServerProtocolClient.java:close(111)) - 4ed76112-e62d-4ca7-a346-3bf242109c33 Close channels
2022-11-10 07:09:02,214 [Listener at 127.0.0.1/40377] INFO  server.GrpcService (GrpcService.java:closeImpl(288)) - c8e5d44d-3ae5-47f4-8fed-77a3ea3a3924: shutdown server GrpcServerProtocolService successfully
2022-11-10 07:09:02,214 [c8e5d44d-3ae5-47f4-8fed-77a3ea3a3924@group-A6BAE3BFF50D-StateMachineUpdater] INFO  ha.SCMStateMachine (SCMStateMachine.java:takeSnapshot(297)) - Current Snapshot Index 28, takeSnapshot took 0 ms
2022-11-10 07:09:02,214 [c8e5d44d-3ae5-47f4-8fed-77a3ea3a3924@group-A6BAE3BFF50D-StateMachineUpdater] INFO  impl.StateMachineUpdater (StateMachineUpdater.java:takeSnapshot(287)) - c8e5d44d-3ae5-47f4-8fed-77a3ea3a3924@group-A6BAE3BFF50D-StateMachineUpdater: Took a snapshot at index 28
2022-11-10 07:09:02,214 [c8e5d44d-3ae5-47f4-8fed-77a3ea3a3924@group-A6BAE3BFF50D-StateMachineUpdater] INFO  impl.StateMachineUpdater (StateMachineUpdater.java:lambda$new$0(92)) - c8e5d44d-3ae5-47f4-8fed-77a3ea3a3924@group-A6BAE3BFF50D-StateMachineUpdater: snapshotIndex: updateIncreasingly -1 -> 28
2022-11-10 07:09:02,214 [c8e5d44d-3ae5-47f4-8fed-77a3ea3a3924@group-A6BAE3BFF50D-StateMachineUpdater] INFO  server.StorageContainerManager (StorageContainerManager.java:stop(1536)) - Storage Container Manager is not running.
2022-11-10 07:09:02,215 [c8e5d44d-3ae5-47f4-8fed-77a3ea3a3924@group-A6BAE3BFF50D-StateMachineUpdater] INFO  server.StorageContainerManager (ExitUtils.java:terminate(131)) - Terminating with exit status 0: scm statemachine is closed by ratis, terminate SCM
2022-11-10 07:09:02,215 [c8e5d44d-3ae5-47f4-8fed-77a3ea3a3924@group-A6BAE3BFF50D-StateMachineUpdater] WARN  impl.StateMachineUpdater (StateMachineUpdater.java:stop(137)) - c8e5d44d-3ae5-47f4-8fed-77a3ea3a3924@group-A6BAE3BFF50D-StateMachineUpdater: Failed to close SCMStateMachine SCMStateMachine:c8e5d44d-3ae5-47f4-8fed-77a3ea3a3924:group-A6BAE3BFF50D
org.apache.ratis.util.ExitUtils$ExitException: scm statemachine is closed by ratis, terminate SCM
	at org.apache.ratis.util.ExitUtils.terminate(ExitUtils.java:141)
	at org.apache.ratis.util.ExitUtils.terminate(ExitUtils.java:151)
	at org.apache.ratis.util.ExitUtils.terminate(ExitUtils.java:155)
	at org.apache.hadoop.hdds.scm.server.StorageContainerManager.shutDown(StorageContainerManager.java:1675)
	at org.apache.hadoop.hdds.scm.ha.SCMStateMachine.close(SCMStateMachine.java:406)
	at org.apache.ratis.server.impl.StateMachineUpdater.stop(StateMachineUpdater.java:134)
	at org.apache.ratis.server.impl.StateMachineUpdater.run(StateMachineUpdater.java:187)
	at java.lang.Thread.run(Thread.java:750)
2022-11-10 07:09:02,214 [c8e5d44d-3ae5-47f4-8fed-77a3ea3a3924-impl-thread1] INFO  impl.StateMachineUpdater (StateMachineUpdater.java:stopAndJoin(153)) - c8e5d44d-3ae5-47f4-8fed-77a3ea3a3924@group-A6BAE3BFF50D-StateMachineUpdater: set stopIndex = 28
2022-11-10 07:09:02,215 [c8e5d44d-3ae5-47f4-8fed-77a3ea3a3924-impl-thread1] INFO  server.RaftServer$Division (ServerState.java:close(466)) - c8e5d44d-3ae5-47f4-8fed-77a3ea3a3924@group-A6BAE3BFF50D: closes. applyIndex: 28
2022-11-10 07:09:02,215 [c8e5d44d-3ae5-47f4-8fed-77a3ea3a3924@group-A6BAE3BFF50D-SegmentedRaftLogWorker] INFO  segmented.SegmentedRaftLogWorker (SegmentedRaftLogWorker.java:run(345)) - c8e5d44d-3ae5-47f4-8fed-77a3ea3a3924@group-A6BAE3BFF50D-SegmentedRaftLogWorker was interrupted, exiting. There are 0 tasks remaining in the queue.
2022-11-10 07:09:02,216 [c8e5d44d-3ae5-47f4-8fed-77a3ea3a3924-impl-thread1] INFO  segmented.SegmentedRaftLogWorker (SegmentedRaftLogWorker.java:close(255)) - c8e5d44d-3ae5-47f4-8fed-77a3ea3a3924@group-A6BAE3BFF50D-SegmentedRaftLogWorker close()
2022-11-10 07:09:02,216 [JvmPauseMonitor1] INFO  util.JvmPauseMonitor (JvmPauseMonitor.java:run(111)) - JvmPauseMonitor-c8e5d44d-3ae5-47f4-8fed-77a3ea3a3924: Stopped
2022-11-10 07:09:02,217 [Listener at 127.0.0.1/40377] INFO  pipeline.BackgroundPipelineCreator (BackgroundPipelineCreator.java:stop(149)) - Stopping RatisPipelineUtilsThread.
2022-11-10 07:09:02,217 [RatisPipelineUtilsThread - 0] WARN  pipeline.BackgroundPipelineCreator (BackgroundPipelineCreator.java:run(180)) - RatisPipelineUtilsThread is interrupted.
2022-11-10 07:09:02,217 [BackgroundPipelineScrubberThread] WARN  BackgroundPipelineScrubber (BackgroundSCMService.java:run(115)) - BackgroundPipelineScrubber is interrupted, exit
2022-11-10 07:09:02,217 [Listener at 127.0.0.1/40377] INFO  BackgroundPipelineScrubber (BackgroundSCMService.java:stop(131)) - Stopping BackgroundPipelineScrubber Service.
2022-11-10 07:09:02,217 [Listener at 127.0.0.1/40377] INFO  impl.MetricsSystemImpl (MetricsSystemImpl.java:stop(205)) - HddsDatanode metrics system stopped (again)
2022-11-10 07:09:02,217 [Listener at 127.0.0.1/40377] WARN  pipeline.BackgroundPipelineCreator (BackgroundPipelineCreator.java:stop(145)) - RatisPipelineUtilsThread is not running, just ignore.
2022-11-10 07:09:02,217 [Listener at 127.0.0.1/40377] INFO  BackgroundPipelineScrubber (BackgroundSCMService.java:stop(126)) - BackgroundPipelineScrubber Service is not running, skip stop.
2022-11-10 07:09:02,217 [Listener at 127.0.0.1/40377] INFO  ExpiredContainerReplicaOpScrubber (BackgroundSCMService.java:stop(131)) - Stopping ExpiredContainerReplicaOpScrubber Service.
2022-11-10 07:09:02,217 [Listener at 127.0.0.1/40377] INFO  utils.BackgroundService (BackgroundService.java:shutdown(141)) - Shutting down service SCMBlockDeletingService
2022-11-10 07:09:02,217 [ExpiredContainerReplicaOpScrubberThread] WARN  ExpiredContainerReplicaOpScrubber (BackgroundSCMService.java:run(115)) - ExpiredContainerReplicaOpScrubber is interrupted, exit
2022-11-10 07:09:02,217 [Listener at 127.0.0.1/40377] INFO  replication.ReplicationManager (ReplicationManager.java:stop(282)) - Replication Monitor Thread is not running.
2022-11-10 07:09:02,217 [Listener at 127.0.0.1/40377] WARN  balancer.ContainerBalancer (ContainerBalancer.java:stop(322)) - Cannot stop Container Balancer because it's not running or stopping
2022-11-10 07:09:02,218 [Listener at 127.0.0.1/40377] INFO  server.StorageContainerManager (StorageContainerManager.java:stop(1665)) - Stopping SCM MetadataStore.
2022-11-10 07:09:02,219 [Listener at 127.0.0.1/40377] INFO  ozone.MiniOzoneClusterImpl (MiniOzoneClusterImpl.java:stop(463)) - Stopping the Mini Ozone Cluster
2022-11-10 07:09:02,219 [Listener at 127.0.0.1/40377] INFO  ozone.MiniOzoneClusterImpl (MiniOzoneClusterImpl.java:stopDatanodes(522)) - Stopping the HddsDatanodes
2022-11-10 07:09:02,221 [Listener at 127.0.0.1/40377] INFO  ozoneimpl.OzoneContainer (OzoneContainer.java:stop(400)) - Attempting to stop container services.
2022-11-10 07:09:02,222 [Listener at 127.0.0.1/40377] INFO  server.RaftServer (RaftServerProxy.java:lambda$close$6(409)) - 7b1182b7-d54c-44fb-86ea-7d58e998a9db: close
2022-11-10 07:09:02,222 [7b1182b7-d54c-44fb-86ea-7d58e998a9db-impl-thread1] INFO  server.RaftServer$Division (RaftServerImpl.java:lambda$close$4(458)) - 7b1182b7-d54c-44fb-86ea-7d58e998a9db@group-4ADC2D483C6E: shutdown
2022-11-10 07:09:02,222 [7b1182b7-d54c-44fb-86ea-7d58e998a9db-impl-thread1] INFO  util.JmxRegister (JmxRegister.java:unregister(73)) - Successfully un-registered JMX Bean with object name Ratis:service=RaftServer,group=group-4ADC2D483C6E,id=7b1182b7-d54c-44fb-86ea-7d58e998a9db
2022-11-10 07:09:02,222 [7b1182b7-d54c-44fb-86ea-7d58e998a9db-impl-thread1] INFO  impl.RoleInfo (RoleInfo.java:shutdownLeaderState(93)) - 7b1182b7-d54c-44fb-86ea-7d58e998a9db: shutdown 7b1182b7-d54c-44fb-86ea-7d58e998a9db@group-4ADC2D483C6E-LeaderStateImpl
2022-11-10 07:09:02,222 [7b1182b7-d54c-44fb-86ea-7d58e998a9db-impl-thread2] INFO  server.RaftServer$Division (RaftServerImpl.java:lambda$close$4(458)) - 7b1182b7-d54c-44fb-86ea-7d58e998a9db@group-1FB8705FA86A: shutdown
2022-11-10 07:09:02,222 [7b1182b7-d54c-44fb-86ea-7d58e998a9db-impl-thread1] INFO  impl.PendingRequests (PendingRequests.java:sendNotLeaderResponses(282)) - 7b1182b7-d54c-44fb-86ea-7d58e998a9db@group-4ADC2D483C6E-PendingRequests: sendNotLeaderResponses
2022-11-10 07:09:02,222 [7b1182b7-d54c-44fb-86ea-7d58e998a9db-impl-thread2] INFO  util.JmxRegister (JmxRegister.java:unregister(73)) - Successfully un-registered JMX Bean with object name Ratis:service=RaftServer,group=group-1FB8705FA86A,id=7b1182b7-d54c-44fb-86ea-7d58e998a9db
2022-11-10 07:09:02,222 [7b1182b7-d54c-44fb-86ea-7d58e998a9db-impl-thread2] INFO  impl.RoleInfo (RoleInfo.java:shutdownFollowerState(110)) - 7b1182b7-d54c-44fb-86ea-7d58e998a9db: shutdown 7b1182b7-d54c-44fb-86ea-7d58e998a9db@group-1FB8705FA86A-FollowerState
2022-11-10 07:09:02,222 [Listener at 127.0.0.1/40377] INFO  server.GrpcService (GrpcService.java:closeImpl(279)) - 7b1182b7-d54c-44fb-86ea-7d58e998a9db: shutdown server GrpcServerProtocolService now
2022-11-10 07:09:02,223 [7b1182b7-d54c-44fb-86ea-7d58e998a9db-impl-thread2] INFO  impl.StateMachineUpdater (StateMachineUpdater.java:stopAndJoin(153)) - 7b1182b7-d54c-44fb-86ea-7d58e998a9db@group-1FB8705FA86A-StateMachineUpdater: set stopIndex = -1
2022-11-10 07:09:02,223 [7b1182b7-d54c-44fb-86ea-7d58e998a9db-impl-thread1] INFO  impl.StateMachineUpdater (StateMachineUpdater.java:stopAndJoin(153)) - 7b1182b7-d54c-44fb-86ea-7d58e998a9db@group-4ADC2D483C6E-StateMachineUpdater: set stopIndex = 0
2022-11-10 07:09:02,223 [7b1182b7-d54c-44fb-86ea-7d58e998a9db@group-1FB8705FA86A-FollowerState] INFO  impl.FollowerState (FollowerState.java:run(152)) - 7b1182b7-d54c-44fb-86ea-7d58e998a9db@group-1FB8705FA86A-FollowerState was interrupted
2022-11-10 07:09:02,223 [7b1182b7-d54c-44fb-86ea-7d58e998a9db@group-4ADC2D483C6E-StateMachineUpdater] INFO  ratis.ContainerStateMachine (ContainerStateMachine.java:takeSnapshot(304)) - group-4ADC2D483C6E: Taking a snapshot at:(t:1, i:0) file /home/runner/work/ozone/ozone/hadoop-ozone/integration-test/target/test-dir/MiniOzoneClusterImpl-a89f51d4-237d-44f8-8386-a6bae3bff50d/datanode-1/data/ratis/4fe87e73-9939-47d3-83a9-4adc2d483c6e/sm/snapshot.1_0
2022-11-10 07:09:02,223 [7b1182b7-d54c-44fb-86ea-7d58e998a9db-impl-thread2] INFO  server.RaftServer$Division (ServerState.java:close(466)) - 7b1182b7-d54c-44fb-86ea-7d58e998a9db@group-1FB8705FA86A: closes. applyIndex: -1
2022-11-10 07:09:02,232 [Listener at 127.0.0.1/40377] INFO  server.GrpcServerProtocolClient (GrpcServerProtocolClient.java:close(111)) - e793aa28-cf77-4971-8074-fcdd8288c5ce Close channels
2022-11-10 07:09:02,232 [7b1182b7-d54c-44fb-86ea-7d58e998a9db@group-1FB8705FA86A-SegmentedRaftLogWorker] INFO  segmented.SegmentedRaftLogWorker (SegmentedRaftLogWorker.java:run(345)) - 7b1182b7-d54c-44fb-86ea-7d58e998a9db@group-1FB8705FA86A-SegmentedRaftLogWorker was interrupted, exiting. There are 0 tasks remaining in the queue.
2022-11-10 07:09:02,232 [7b1182b7-d54c-44fb-86ea-7d58e998a9db-impl-thread2] INFO  segmented.SegmentedRaftLogWorker (SegmentedRaftLogWorker.java:close(255)) - 7b1182b7-d54c-44fb-86ea-7d58e998a9db@group-1FB8705FA86A-SegmentedRaftLogWorker close()
2022-11-10 07:09:02,235 [grpc-default-executor-2] WARN  server.GrpcLogAppender (LogUtils.java:warn(122)) - e793aa28-cf77-4971-8074-fcdd8288c5ce@group-5057D2E818B1->7b1182b7-d54c-44fb-86ea-7d58e998a9db-AppendLogResponseHandler: Failed appendEntries: org.apache.ratis.thirdparty.io.grpc.StatusRuntimeException: CANCELLED: RST_STREAM closed stream. HTTP/2 error code: CANCEL
2022-11-10 07:09:02,236 [grpc-default-executor-2] WARN  server.GrpcLogAppender (GrpcLogAppender.java:resetClient(131)) - e793aa28-cf77-4971-8074-fcdd8288c5ce@group-5057D2E818B1->7b1182b7-d54c-44fb-86ea-7d58e998a9db-GrpcLogAppender: Leader has not got in touch with Follower e793aa28-cf77-4971-8074-fcdd8288c5ce@group-5057D2E818B1->7b1182b7-d54c-44fb-86ea-7d58e998a9db(c0,m0,n1, attendVote=true, lastRpcSendTime=1810, lastRpcResponseTime=1804) yet, just keep nextIndex unchanged and retry.
2022-11-10 07:09:02,234 [grpc-default-executor-1] WARN  server.GrpcServerProtocolService (LogUtils.java:warn(122)) - 7b1182b7-d54c-44fb-86ea-7d58e998a9db: installSnapshot onError, lastRequest: e793aa28-cf77-4971-8074-fcdd8288c5ce->7b1182b7-d54c-44fb-86ea-7d58e998a9db#1-t5,previous=(t:0, i:0),leaderCommit=0,initializing? true,entries: size=1, first=(t:5, i:0), CONFIGURATIONENTRY(current:id: "e793aa28-cf77-4971-8074-fcdd8288c5ce"
address: "127.0.0.1:36847"
priority: 1
clientAddress: "127.0.0.1:36847"
adminAddress: "127.0.0.1:36847"
startupRole: FOLLOWER
,id: "7b1182b7-d54c-44fb-86ea-7d58e998a9db"
address: "127.0.0.1:34927"
clientAddress: "127.0.0.1:34927"
adminAddress: "127.0.0.1:34927"
startupRole: FOLLOWER
,id: "b187db32-a43b-4ea5-9e1b-16734133a38f"
address: "127.0.0.1:40995"
clientAddress: "127.0.0.1:40995"
adminAddress: "127.0.0.1:40995"
startupRole: FOLLOWER
, old:): org.apache.ratis.thirdparty.io.grpc.StatusRuntimeException: CANCELLED: client cancelled
2022-11-10 07:09:02,234 [grpc-default-executor-4] WARN  server.GrpcLogAppender (LogUtils.java:warn(122)) - e793aa28-cf77-4971-8074-fcdd8288c5ce@group-5057D2E818B1->7b1182b7-d54c-44fb-86ea-7d58e998a9db-AppendLogResponseHandler: Failed appendEntries: org.apache.ratis.thirdparty.io.grpc.StatusRuntimeException: CANCELLED: RST_STREAM closed stream. HTTP/2 error code: CANCEL
2022-11-10 07:09:02,237 [grpc-default-executor-4] WARN  server.GrpcLogAppender (GrpcLogAppender.java:resetClient(131)) - e793aa28-cf77-4971-8074-fcdd8288c5ce@group-5057D2E818B1->7b1182b7-d54c-44fb-86ea-7d58e998a9db-GrpcLogAppender: Leader has not got in touch with Follower e793aa28-cf77-4971-8074-fcdd8288c5ce@group-5057D2E818B1->7b1182b7-d54c-44fb-86ea-7d58e998a9db(c0,m0,n1, attendVote=true, lastRpcSendTime=1811, lastRpcResponseTime=1805) yet, just keep nextIndex unchanged and retry.
2022-11-10 07:09:02,234 [grpc-default-executor-5] WARN  server.GrpcServerProtocolService (LogUtils.java:warn(122)) - 7b1182b7-d54c-44fb-86ea-7d58e998a9db: installSnapshot onError, lastRequest: null: org.apache.ratis.thirdparty.io.grpc.StatusRuntimeException: CANCELLED: client cancelled
2022-11-10 07:09:02,233 [Listener at 127.0.0.1/40377] INFO  server.GrpcServerProtocolClient (GrpcServerProtocolClient.java:close(111)) - b187db32-a43b-4ea5-9e1b-16734133a38f Close channels
2022-11-10 07:09:02,238 [7b1182b7-d54c-44fb-86ea-7d58e998a9db-impl-thread3] INFO  server.RaftServer$Division (RaftServerImpl.java:lambda$close$4(458)) - 7b1182b7-d54c-44fb-86ea-7d58e998a9db@group-5057D2E818B1: shutdown
2022-11-10 07:09:02,238 [7b1182b7-d54c-44fb-86ea-7d58e998a9db-impl-thread3] INFO  util.JmxRegister (JmxRegister.java:unregister(73)) - Successfully un-registered JMX Bean with object name Ratis:service=RaftServer,group=group-5057D2E818B1,id=7b1182b7-d54c-44fb-86ea-7d58e998a9db
2022-11-10 07:09:02,238 [7b1182b7-d54c-44fb-86ea-7d58e998a9db-impl-thread3] INFO  impl.RoleInfo (RoleInfo.java:shutdownFollowerState(110)) - 7b1182b7-d54c-44fb-86ea-7d58e998a9db: shutdown 7b1182b7-d54c-44fb-86ea-7d58e998a9db@group-5057D2E818B1-FollowerState
2022-11-10 07:09:02,238 [7b1182b7-d54c-44fb-86ea-7d58e998a9db-impl-thread3] INFO  impl.StateMachineUpdater (StateMachineUpdater.java:stopAndJoin(153)) - 7b1182b7-d54c-44fb-86ea-7d58e998a9db@group-5057D2E818B1-StateMachineUpdater: set stopIndex = 0
2022-11-10 07:09:02,238 [7b1182b7-d54c-44fb-86ea-7d58e998a9db@group-5057D2E818B1-FollowerState] INFO  impl.FollowerState (FollowerState.java:run(152)) - 7b1182b7-d54c-44fb-86ea-7d58e998a9db@group-5057D2E818B1-FollowerState was interrupted
2022-11-10 07:09:02,239 [7b1182b7-d54c-44fb-86ea-7d58e998a9db@group-5057D2E818B1-StateMachineUpdater] INFO  ratis.ContainerStateMachine (ContainerStateMachine.java:takeSnapshot(304)) - group-5057D2E818B1: Taking a snapshot at:(t:5, i:0) file /home/runner/work/ozone/ozone/hadoop-ozone/integration-test/target/test-dir/MiniOzoneClusterImpl-a89f51d4-237d-44f8-8386-a6bae3bff50d/datanode-1/data/ratis/82c8021f-3972-49d8-8c46-5057d2e818b1/sm/snapshot.5_0
2022-11-10 07:09:02,239 [Listener at 127.0.0.1/40377] INFO  server.GrpcService (GrpcService.java:closeImpl(288)) - 7b1182b7-d54c-44fb-86ea-7d58e998a9db: shutdown server GrpcServerProtocolService successfully
2022-11-10 07:09:02,291 [7b1182b7-d54c-44fb-86ea-7d58e998a9db@group-5057D2E818B1-StateMachineUpdater] INFO  ratis.ContainerStateMachine (ContainerStateMachine.java:takeSnapshot(315)) - group-5057D2E818B1: Finished taking a snapshot at:(t:5, i:0) file:/home/runner/work/ozone/ozone/hadoop-ozone/integration-test/target/test-dir/MiniOzoneClusterImpl-a89f51d4-237d-44f8-8386-a6bae3bff50d/datanode-1/data/ratis/82c8021f-3972-49d8-8c46-5057d2e818b1/sm/snapshot.5_0 took: 52 ms
2022-11-10 07:09:02,291 [7b1182b7-d54c-44fb-86ea-7d58e998a9db@group-4ADC2D483C6E-StateMachineUpdater] INFO  ratis.ContainerStateMachine (ContainerStateMachine.java:takeSnapshot(315)) - group-4ADC2D483C6E: Finished taking a snapshot at:(t:1, i:0) file:/home/runner/work/ozone/ozone/hadoop-ozone/integration-test/target/test-dir/MiniOzoneClusterImpl-a89f51d4-237d-44f8-8386-a6bae3bff50d/datanode-1/data/ratis/4fe87e73-9939-47d3-83a9-4adc2d483c6e/sm/snapshot.1_0 took: 67 ms
2022-11-10 07:09:02,292 [7b1182b7-d54c-44fb-86ea-7d58e998a9db@group-4ADC2D483C6E-StateMachineUpdater] INFO  impl.StateMachineUpdater (StateMachineUpdater.java:takeSnapshot(287)) - 7b1182b7-d54c-44fb-86ea-7d58e998a9db@group-4ADC2D483C6E-StateMachineUpdater: Took a snapshot at index 0
2022-11-10 07:09:02,292 [7b1182b7-d54c-44fb-86ea-7d58e998a9db@group-5057D2E818B1-StateMachineUpdater] INFO  impl.StateMachineUpdater (StateMachineUpdater.java:takeSnapshot(287)) - 7b1182b7-d54c-44fb-86ea-7d58e998a9db@group-5057D2E818B1-StateMachineUpdater: Took a snapshot at index 0
2022-11-10 07:09:02,292 [7b1182b7-d54c-44fb-86ea-7d58e998a9db@group-5057D2E818B1-StateMachineUpdater] INFO  impl.StateMachineUpdater (StateMachineUpdater.java:lambda$new$0(92)) - 7b1182b7-d54c-44fb-86ea-7d58e998a9db@group-5057D2E818B1-StateMachineUpdater: snapshotIndex: updateIncreasingly -1 -> 0
2022-11-10 07:09:02,292 [7b1182b7-d54c-44fb-86ea-7d58e998a9db-impl-thread3] INFO  server.RaftServer$Division (ServerState.java:close(466)) - 7b1182b7-d54c-44fb-86ea-7d58e998a9db@group-5057D2E818B1: closes. applyIndex: 0
2022-11-10 07:09:02,292 [7b1182b7-d54c-44fb-86ea-7d58e998a9db@group-5057D2E818B1-SegmentedRaftLogWorker] INFO  segmented.SegmentedRaftLogWorker (SegmentedRaftLogWorker.java:run(345)) - 7b1182b7-d54c-44fb-86ea-7d58e998a9db@group-5057D2E818B1-SegmentedRaftLogWorker was interrupted, exiting. There are 0 tasks remaining in the queue.
2022-11-10 07:09:02,292 [7b1182b7-d54c-44fb-86ea-7d58e998a9db@group-4ADC2D483C6E-StateMachineUpdater] INFO  impl.StateMachineUpdater (StateMachineUpdater.java:lambda$new$0(92)) - 7b1182b7-d54c-44fb-86ea-7d58e998a9db@group-4ADC2D483C6E-StateMachineUpdater: snapshotIndex: updateIncreasingly -1 -> 0
2022-11-10 07:09:02,293 [7b1182b7-d54c-44fb-86ea-7d58e998a9db-impl-thread3] INFO  segmented.SegmentedRaftLogWorker (SegmentedRaftLogWorker.java:close(255)) - 7b1182b7-d54c-44fb-86ea-7d58e998a9db@group-5057D2E818B1-SegmentedRaftLogWorker close()
2022-11-10 07:09:02,293 [7b1182b7-d54c-44fb-86ea-7d58e998a9db-impl-thread1] INFO  server.RaftServer$Division (ServerState.java:close(466)) - 7b1182b7-d54c-44fb-86ea-7d58e998a9db@group-4ADC2D483C6E: closes. applyIndex: 0
2022-11-10 07:09:02,294 [7b1182b7-d54c-44fb-86ea-7d58e998a9db@group-4ADC2D483C6E-SegmentedRaftLogWorker] INFO  segmented.SegmentedRaftLogWorker (SegmentedRaftLogWorker.java:run(345)) - 7b1182b7-d54c-44fb-86ea-7d58e998a9db@group-4ADC2D483C6E-SegmentedRaftLogWorker was interrupted, exiting. There are 0 tasks remaining in the queue.
2022-11-10 07:09:02,294 [7b1182b7-d54c-44fb-86ea-7d58e998a9db-impl-thread1] INFO  segmented.SegmentedRaftLogWorker (SegmentedRaftLogWorker.java:close(255)) - 7b1182b7-d54c-44fb-86ea-7d58e998a9db@group-4ADC2D483C6E-SegmentedRaftLogWorker close()
2022-11-10 07:09:02,295 [JvmPauseMonitor8] INFO  util.JvmPauseMonitor (JvmPauseMonitor.java:run(111)) - JvmPauseMonitor-7b1182b7-d54c-44fb-86ea-7d58e998a9db: Stopped
2022-11-10 07:09:02,400 [ForkJoinPool.commonPool-worker-1] INFO  ozoneimpl.OzoneContainer (OzoneContainer.java:stop(400)) - Attempting to stop container services.
2022-11-10 07:09:02,401 [EndpointStateMachine task thread for /127.0.0.1:46315 - 0 ] INFO  ipc.Client (Client.java:handleConnectionFailure(1010)) - Retrying connect to server: localhost/127.0.0.1:46315. Already tried 0 time(s); retry policy is RetryUpToMaximumCountWithFixedSleep(maxRetries=15, sleepTime=1000 MILLISECONDS)
2022-11-10 07:09:02,401 [ForkJoinPool.commonPool-worker-1] INFO  server.RaftServer (RaftServerProxy.java:lambda$close$6(409)) - e793aa28-cf77-4971-8074-fcdd8288c5ce: close
2022-11-10 07:09:02,402 [e793aa28-cf77-4971-8074-fcdd8288c5ce-impl-thread1] INFO  server.RaftServer$Division (RaftServerImpl.java:lambda$close$4(458)) - e793aa28-cf77-4971-8074-fcdd8288c5ce@group-1FB8705FA86A: shutdown
2022-11-10 07:09:02,402 [e793aa28-cf77-4971-8074-fcdd8288c5ce-impl-thread1] INFO  util.JmxRegister (JmxRegister.java:unregister(73)) - Successfully un-registered JMX Bean with object name Ratis:service=RaftServer,group=group-1FB8705FA86A,id=e793aa28-cf77-4971-8074-fcdd8288c5ce
2022-11-10 07:09:02,402 [e793aa28-cf77-4971-8074-fcdd8288c5ce-impl-thread1] INFO  impl.RoleInfo (RoleInfo.java:shutdownFollowerState(110)) - e793aa28-cf77-4971-8074-fcdd8288c5ce: shutdown e793aa28-cf77-4971-8074-fcdd8288c5ce@group-1FB8705FA86A-FollowerState
2022-11-10 07:09:02,412 [ForkJoinPool.commonPool-worker-1] INFO  server.GrpcService (GrpcService.java:closeImpl(279)) - e793aa28-cf77-4971-8074-fcdd8288c5ce: shutdown server GrpcServerProtocolService now
2022-11-10 07:09:02,532 [e793aa28-cf77-4971-8074-fcdd8288c5ce-impl-thread1] INFO  impl.StateMachineUpdater (StateMachineUpdater.java:stopAndJoin(153)) - e793aa28-cf77-4971-8074-fcdd8288c5ce@group-1FB8705FA86A-StateMachineUpdater: set stopIndex = -1
2022-11-10 07:09:02,536 [e793aa28-cf77-4971-8074-fcdd8288c5ce-impl-thread1] INFO  server.RaftServer$Division (ServerState.java:close(466)) - e793aa28-cf77-4971-8074-fcdd8288c5ce@group-1FB8705FA86A: closes. applyIndex: -1
2022-11-10 07:09:02,537 [e793aa28-cf77-4971-8074-fcdd8288c5ce-impl-thread2] INFO  server.RaftServer$Division (RaftServerImpl.java:lambda$close$4(458)) - e793aa28-cf77-4971-8074-fcdd8288c5ce@group-E036D9FDB550: shutdown
2022-11-10 07:09:02,537 [e793aa28-cf77-4971-8074-fcdd8288c5ce-impl-thread2] INFO  util.JmxRegister (JmxRegister.java:unregister(73)) - Successfully un-registered JMX Bean with object name Ratis:service=RaftServer,group=group-E036D9FDB550,id=e793aa28-cf77-4971-8074-fcdd8288c5ce
2022-11-10 07:09:02,537 [e793aa28-cf77-4971-8074-fcdd8288c5ce-impl-thread2] INFO  impl.RoleInfo (RoleInfo.java:shutdownLeaderState(93)) - e793aa28-cf77-4971-8074-fcdd8288c5ce: shutdown e793aa28-cf77-4971-8074-fcdd8288c5ce@group-E036D9FDB550-LeaderStateImpl
2022-11-10 07:09:02,537 [e793aa28-cf77-4971-8074-fcdd8288c5ce-impl-thread2] INFO  impl.PendingRequests (PendingRequests.java:sendNotLeaderResponses(282)) - e793aa28-cf77-4971-8074-fcdd8288c5ce@group-E036D9FDB550-PendingRequests: sendNotLeaderResponses
2022-11-10 07:09:02,538 [e793aa28-cf77-4971-8074-fcdd8288c5ce-impl-thread2] INFO  impl.StateMachineUpdater (StateMachineUpdater.java:stopAndJoin(153)) - e793aa28-cf77-4971-8074-fcdd8288c5ce@group-E036D9FDB550-StateMachineUpdater: set stopIndex = 0
2022-11-10 07:09:02,538 [e793aa28-cf77-4971-8074-fcdd8288c5ce@group-1FB8705FA86A-SegmentedRaftLogWorker] INFO  segmented.SegmentedRaftLogWorker (SegmentedRaftLogWorker.java:run(345)) - e793aa28-cf77-4971-8074-fcdd8288c5ce@group-1FB8705FA86A-SegmentedRaftLogWorker was interrupted, exiting. There are 0 tasks remaining in the queue.
2022-11-10 07:09:02,532 [e793aa28-cf77-4971-8074-fcdd8288c5ce@group-1FB8705FA86A-FollowerState] INFO  impl.FollowerState (FollowerState.java:run(152)) - e793aa28-cf77-4971-8074-fcdd8288c5ce@group-1FB8705FA86A-FollowerState was interrupted
2022-11-10 07:09:02,542 [e793aa28-cf77-4971-8074-fcdd8288c5ce-impl-thread3] INFO  server.RaftServer$Division (RaftServerImpl.java:lambda$close$4(458)) - e793aa28-cf77-4971-8074-fcdd8288c5ce@group-5057D2E818B1: shutdown
2022-11-10 07:09:02,543 [e793aa28-cf77-4971-8074-fcdd8288c5ce-impl-thread3] INFO  util.JmxRegister (JmxRegister.java:unregister(73)) - Successfully un-registered JMX Bean with object name Ratis:service=RaftServer,group=group-5057D2E818B1,id=e793aa28-cf77-4971-8074-fcdd8288c5ce
2022-11-10 07:09:02,543 [e793aa28-cf77-4971-8074-fcdd8288c5ce-impl-thread3] INFO  impl.RoleInfo (RoleInfo.java:shutdownLeaderState(93)) - e793aa28-cf77-4971-8074-fcdd8288c5ce: shutdown e793aa28-cf77-4971-8074-fcdd8288c5ce@group-5057D2E818B1-LeaderStateImpl
2022-11-10 07:09:02,543 [e793aa28-cf77-4971-8074-fcdd8288c5ce-impl-thread3] INFO  impl.PendingRequests (PendingRequests.java:sendNotLeaderResponses(282)) - e793aa28-cf77-4971-8074-fcdd8288c5ce@group-5057D2E818B1-PendingRequests: sendNotLeaderResponses
2022-11-10 07:09:02,543 [e793aa28-cf77-4971-8074-fcdd8288c5ce-impl-thread3] INFO  impl.StateMachineUpdater (StateMachineUpdater.java:stopAndJoin(153)) - e793aa28-cf77-4971-8074-fcdd8288c5ce@group-5057D2E818B1-StateMachineUpdater: set stopIndex = 0
2022-11-10 07:09:02,543 [e793aa28-cf77-4971-8074-fcdd8288c5ce@group-5057D2E818B1->b187db32-a43b-4ea5-9e1b-16734133a38f-GrpcLogAppender-LogAppenderDaemon] WARN  server.GrpcLogAppender (GrpcLogAppender.java:mayWait(200)) - e793aa28-cf77-4971-8074-fcdd8288c5ce@group-5057D2E818B1->b187db32-a43b-4ea5-9e1b-16734133a38f-GrpcLogAppender: Wait interrupted by java.lang.InterruptedException
2022-11-10 07:09:02,544 [grpc-default-executor-5] INFO  server.GrpcServerProtocolService (GrpcServerProtocolService.java:onCompleted(145)) - b187db32-a43b-4ea5-9e1b-16734133a38f: Completed APPEND_ENTRIES, lastRequest: null
2022-11-10 07:09:02,544 [grpc-default-executor-4] INFO  server.GrpcServerProtocolService (GrpcServerProtocolService.java:onCompleted(145)) - b187db32-a43b-4ea5-9e1b-16734133a38f: Completed APPEND_ENTRIES, lastRequest: e793aa28-cf77-4971-8074-fcdd8288c5ce->b187db32-a43b-4ea5-9e1b-16734133a38f#1-t5,previous=(t:0, i:0),leaderCommit=0,initializing? true,entries: size=1, first=(t:5, i:0), CONFIGURATIONENTRY(current:id: "e793aa28-cf77-4971-8074-fcdd8288c5ce"
address: "127.0.0.1:36847"
priority: 1
clientAddress: "127.0.0.1:36847"
adminAddress: "127.0.0.1:36847"
startupRole: FOLLOWER
,id: "7b1182b7-d54c-44fb-86ea-7d58e998a9db"
address: "127.0.0.1:34927"
clientAddress: "127.0.0.1:34927"
adminAddress: "127.0.0.1:34927"
startupRole: FOLLOWER
,id: "b187db32-a43b-4ea5-9e1b-16734133a38f"
address: "127.0.0.1:40995"
clientAddress: "127.0.0.1:40995"
adminAddress: "127.0.0.1:40995"
startupRole: FOLLOWER
, old:)
2022-11-10 07:09:02,544 [e793aa28-cf77-4971-8074-fcdd8288c5ce-impl-thread1] INFO  segmented.SegmentedRaftLogWorker (SegmentedRaftLogWorker.java:close(255)) - e793aa28-cf77-4971-8074-fcdd8288c5ce@group-1FB8705FA86A-SegmentedRaftLogWorker close()
2022-11-10 07:09:02,545 [ForkJoinPool.commonPool-worker-1] INFO  server.GrpcServerProtocolClient (GrpcServerProtocolClient.java:close(111)) - 7b1182b7-d54c-44fb-86ea-7d58e998a9db Close channels
2022-11-10 07:09:02,546 [ForkJoinPool.commonPool-worker-1] INFO  server.GrpcServerProtocolClient (GrpcServerProtocolClient.java:close(111)) - b187db32-a43b-4ea5-9e1b-16734133a38f Close channels
2022-11-10 07:09:02,551 [grpc-default-executor-1] INFO  server.GrpcLogAppender (GrpcLogAppender.java:onCompleted(415)) - e793aa28-cf77-4971-8074-fcdd8288c5ce@group-5057D2E818B1->b187db32-a43b-4ea5-9e1b-16734133a38f-AppendLogResponseHandler: follower responses appendEntries COMPLETED
2022-11-10 07:09:02,551 [grpc-default-executor-1] WARN  server.GrpcLogAppender (GrpcLogAppender.java:resetClient(137)) - e793aa28-cf77-4971-8074-fcdd8288c5ce@group-5057D2E818B1->b187db32-a43b-4ea5-9e1b-16734133a38f-GrpcLogAppender: Failed to getClient for b187db32-a43b-4ea5-9e1b-16734133a38f
org.apache.ratis.protocol.exceptions.AlreadyClosedException: e793aa28-cf77-4971-8074-fcdd8288c5ce is already CLOSED
	at org.apache.ratis.util.PeerProxyMap$PeerAndProxy.getProxy(PeerProxyMap.java:61)
	at org.apache.ratis.util.PeerProxyMap.getProxy(PeerProxyMap.java:115)
	at org.apache.ratis.grpc.server.GrpcLogAppender.getClient(GrpcLogAppender.java:116)
	at org.apache.ratis.grpc.server.GrpcLogAppender.resetClient(GrpcLogAppender.java:121)
	at org.apache.ratis.grpc.server.GrpcLogAppender.access$500(GrpcLogAppender.java:58)
	at org.apache.ratis.grpc.server.GrpcLogAppender$AppendLogResponseHandler.onCompleted(GrpcLogAppender.java:416)
	at org.apache.ratis.thirdparty.io.grpc.stub.ClientCalls$StreamObserverToCallListenerAdapter.onClose(ClientCalls.java:485)
	at org.apache.ratis.thirdparty.io.grpc.internal.ClientCallImpl.closeObserver(ClientCallImpl.java:562)
	at org.apache.ratis.thirdparty.io.grpc.internal.ClientCallImpl.access$300(ClientCallImpl.java:70)
	at org.apache.ratis.thirdparty.io.grpc.internal.ClientCallImpl$ClientStreamListenerImpl$1StreamClosed.runInternal(ClientCallImpl.java:743)
	at org.apache.ratis.thirdparty.io.grpc.internal.ClientCallImpl$ClientStreamListenerImpl$1StreamClosed.runInContext(ClientCallImpl.java:722)
	at org.apache.ratis.thirdparty.io.grpc.internal.ContextRunnable.run(ContextRunnable.java:37)
	at org.apache.ratis.thirdparty.io.grpc.internal.SerializingExecutor.run(SerializingExecutor.java:133)
	at java.util.concurrent.ThreadPoolExecutor.runWorker(ThreadPoolExecutor.java:1149)
	at java.util.concurrent.ThreadPoolExecutor$Worker.run(ThreadPoolExecutor.java:624)
	at java.lang.Thread.run(Thread.java:750)
2022-11-10 07:09:02,552 [e793aa28-cf77-4971-8074-fcdd8288c5ce@group-5057D2E818B1-StateMachineUpdater] INFO  ratis.ContainerStateMachine (ContainerStateMachine.java:takeSnapshot(304)) - group-5057D2E818B1: Taking a snapshot at:(t:5, i:0) file /home/runner/work/ozone/ozone/hadoop-ozone/integration-test/target/test-dir/MiniOzoneClusterImpl-a89f51d4-237d-44f8-8386-a6bae3bff50d/datanode-0/data/ratis/82c8021f-3972-49d8-8c46-5057d2e818b1/sm/snapshot.5_0
2022-11-10 07:09:02,552 [e793aa28-cf77-4971-8074-fcdd8288c5ce@group-E036D9FDB550-StateMachineUpdater] INFO  ratis.ContainerStateMachine (ContainerStateMachine.java:takeSnapshot(304)) - group-E036D9FDB550: Taking a snapshot at:(t:1, i:0) file /home/runner/work/ozone/ozone/hadoop-ozone/integration-test/target/test-dir/MiniOzoneClusterImpl-a89f51d4-237d-44f8-8386-a6bae3bff50d/datanode-0/data/ratis/230e6ca1-f728-42a4-ad5d-e036d9fdb550/sm/snapshot.1_0
2022-11-10 07:09:02,552 [grpc-default-executor-5] INFO  server.GrpcLogAppender (GrpcLogAppender.java:onCompleted(415)) - e793aa28-cf77-4971-8074-fcdd8288c5ce@group-5057D2E818B1->b187db32-a43b-4ea5-9e1b-16734133a38f-AppendLogResponseHandler: follower responses appendEntries COMPLETED
2022-11-10 07:09:02,552 [grpc-default-executor-5] WARN  server.GrpcLogAppender (GrpcLogAppender.java:resetClient(137)) - e793aa28-cf77-4971-8074-fcdd8288c5ce@group-5057D2E818B1->b187db32-a43b-4ea5-9e1b-16734133a38f-GrpcLogAppender: Failed to getClient for b187db32-a43b-4ea5-9e1b-16734133a38f
org.apache.ratis.protocol.exceptions.AlreadyClosedException: e793aa28-cf77-4971-8074-fcdd8288c5ce is already CLOSED
	at org.apache.ratis.util.PeerProxyMap$PeerAndProxy.getProxy(PeerProxyMap.java:61)
	at org.apache.ratis.util.PeerProxyMap.getProxy(PeerProxyMap.java:115)
	at org.apache.ratis.grpc.server.GrpcLogAppender.getClient(GrpcLogAppender.java:116)
	at org.apache.ratis.grpc.server.GrpcLogAppender.resetClient(GrpcLogAppender.java:121)
	at org.apache.ratis.grpc.server.GrpcLogAppender.access$500(GrpcLogAppender.java:58)
	at org.apache.ratis.grpc.server.GrpcLogAppender$AppendLogResponseHandler.onCompleted(GrpcLogAppender.java:416)
	at org.apache.ratis.thirdparty.io.grpc.stub.ClientCalls$StreamObserverToCallListenerAdapter.onClose(ClientCalls.java:485)
	at org.apache.ratis.thirdparty.io.grpc.internal.ClientCallImpl.closeObserver(ClientCallImpl.java:562)
	at org.apache.ratis.thirdparty.io.grpc.internal.ClientCallImpl.access$300(ClientCallImpl.java:70)
	at org.apache.ratis.thirdparty.io.grpc.internal.ClientCallImpl$ClientStreamListenerImpl$1StreamClosed.runInternal(ClientCallImpl.java:743)
	at org.apache.ratis.thirdparty.io.grpc.internal.ClientCallImpl$ClientStreamListenerImpl$1StreamClosed.runInContext(ClientCallImpl.java:722)
	at org.apache.ratis.thirdparty.io.grpc.internal.ContextRunnable.run(ContextRunnable.java:37)
	at org.apache.ratis.thirdparty.io.grpc.internal.SerializingExecutor.run(SerializingExecutor.java:133)
	at java.util.concurrent.ThreadPoolExecutor.runWorker(ThreadPoolExecutor.java:1149)
	at java.util.concurrent.ThreadPoolExecutor$Worker.run(ThreadPoolExecutor.java:624)
	at java.lang.Thread.run(Thread.java:750)
2022-11-10 07:09:02,554 [e793aa28-cf77-4971-8074-fcdd8288c5ce@group-5057D2E818B1-StateMachineUpdater] INFO  ratis.ContainerStateMachine (ContainerStateMachine.java:takeSnapshot(315)) - group-5057D2E818B1: Finished taking a snapshot at:(t:5, i:0) file:/home/runner/work/ozone/ozone/hadoop-ozone/integration-test/target/test-dir/MiniOzoneClusterImpl-a89f51d4-237d-44f8-8386-a6bae3bff50d/datanode-0/data/ratis/82c8021f-3972-49d8-8c46-5057d2e818b1/sm/snapshot.5_0 took: 1 ms
2022-11-10 07:09:02,554 [e793aa28-cf77-4971-8074-fcdd8288c5ce@group-E036D9FDB550-StateMachineUpdater] INFO  ratis.ContainerStateMachine (ContainerStateMachine.java:takeSnapshot(315)) - group-E036D9FDB550: Finished taking a snapshot at:(t:1, i:0) file:/home/runner/work/ozone/ozone/hadoop-ozone/integration-test/target/test-dir/MiniOzoneClusterImpl-a89f51d4-237d-44f8-8386-a6bae3bff50d/datanode-0/data/ratis/230e6ca1-f728-42a4-ad5d-e036d9fdb550/sm/snapshot.1_0 took: 1 ms
2022-11-10 07:09:02,554 [e793aa28-cf77-4971-8074-fcdd8288c5ce@group-5057D2E818B1-StateMachineUpdater] INFO  impl.StateMachineUpdater (StateMachineUpdater.java:takeSnapshot(287)) - e793aa28-cf77-4971-8074-fcdd8288c5ce@group-5057D2E818B1-StateMachineUpdater: Took a snapshot at index 0
2022-11-10 07:09:02,554 [e793aa28-cf77-4971-8074-fcdd8288c5ce@group-5057D2E818B1-StateMachineUpdater] INFO  impl.StateMachineUpdater (StateMachineUpdater.java:lambda$new$0(92)) - e793aa28-cf77-4971-8074-fcdd8288c5ce@group-5057D2E818B1-StateMachineUpdater: snapshotIndex: updateIncreasingly -1 -> 0
2022-11-10 07:09:02,554 [e793aa28-cf77-4971-8074-fcdd8288c5ce@group-E036D9FDB550-StateMachineUpdater] INFO  impl.StateMachineUpdater (StateMachineUpdater.java:takeSnapshot(287)) - e793aa28-cf77-4971-8074-fcdd8288c5ce@group-E036D9FDB550-StateMachineUpdater: Took a snapshot at index 0
2022-11-10 07:09:02,554 [e793aa28-cf77-4971-8074-fcdd8288c5ce@group-E036D9FDB550-StateMachineUpdater] INFO  impl.StateMachineUpdater (StateMachineUpdater.java:lambda$new$0(92)) - e793aa28-cf77-4971-8074-fcdd8288c5ce@group-E036D9FDB550-StateMachineUpdater: snapshotIndex: updateIncreasingly -1 -> 0
2022-11-10 07:09:02,554 [e793aa28-cf77-4971-8074-fcdd8288c5ce-impl-thread2] INFO  server.RaftServer$Division (ServerState.java:close(466)) - e793aa28-cf77-4971-8074-fcdd8288c5ce@group-E036D9FDB550: closes. applyIndex: 0
2022-11-10 07:09:02,554 [e793aa28-cf77-4971-8074-fcdd8288c5ce-impl-thread3] INFO  server.RaftServer$Division (ServerState.java:close(466)) - e793aa28-cf77-4971-8074-fcdd8288c5ce@group-5057D2E818B1: closes. applyIndex: 0
2022-11-10 07:09:02,554 [e793aa28-cf77-4971-8074-fcdd8288c5ce@group-E036D9FDB550-SegmentedRaftLogWorker] INFO  segmented.SegmentedRaftLogWorker (SegmentedRaftLogWorker.java:run(345)) - e793aa28-cf77-4971-8074-fcdd8288c5ce@group-E036D9FDB550-SegmentedRaftLogWorker was interrupted, exiting. There are 0 tasks remaining in the queue.
2022-11-10 07:09:02,554 [e793aa28-cf77-4971-8074-fcdd8288c5ce@group-5057D2E818B1-SegmentedRaftLogWorker] INFO  segmented.SegmentedRaftLogWorker (SegmentedRaftLogWorker.java:run(345)) - e793aa28-cf77-4971-8074-fcdd8288c5ce@group-5057D2E818B1-SegmentedRaftLogWorker was interrupted, exiting. There are 0 tasks remaining in the queue.
2022-11-10 07:09:02,556 [e793aa28-cf77-4971-8074-fcdd8288c5ce-impl-thread2] INFO  segmented.SegmentedRaftLogWorker (SegmentedRaftLogWorker.java:close(255)) - e793aa28-cf77-4971-8074-fcdd8288c5ce@group-E036D9FDB550-SegmentedRaftLogWorker close()
2022-11-10 07:09:02,556 [e793aa28-cf77-4971-8074-fcdd8288c5ce-impl-thread3] INFO  segmented.SegmentedRaftLogWorker (SegmentedRaftLogWorker.java:close(255)) - e793aa28-cf77-4971-8074-fcdd8288c5ce@group-5057D2E818B1-SegmentedRaftLogWorker close()
2022-11-10 07:09:02,557 [ForkJoinPool.commonPool-worker-1] INFO  server.GrpcService (GrpcService.java:closeImpl(288)) - e793aa28-cf77-4971-8074-fcdd8288c5ce: shutdown server GrpcServerProtocolService successfully
2022-11-10 07:09:02,557 [JvmPauseMonitor7] INFO  util.JvmPauseMonitor (JvmPauseMonitor.java:run(111)) - JvmPauseMonitor-e793aa28-cf77-4971-8074-fcdd8288c5ce: Stopped
2022-11-10 07:09:02,720 [Datanode State Machine Daemon Thread] ERROR datanode.RunningDatanodeState (RunningDatanodeState.java:computeNextContainerState(207)) - Error in executing end point task.
java.util.concurrent.ExecutionException: java.util.concurrent.TimeoutException
	at java.util.concurrent.FutureTask.report(FutureTask.java:122)
	at java.util.concurrent.FutureTask.get(FutureTask.java:192)
	at org.apache.hadoop.ozone.container.common.states.datanode.RunningDatanodeState.computeNextContainerState(RunningDatanodeState.java:199)
	at org.apache.hadoop.ozone.container.common.states.datanode.RunningDatanodeState.await(RunningDatanodeState.java:239)
	at org.apache.hadoop.ozone.container.common.states.datanode.RunningDatanodeState.await(RunningDatanodeState.java:50)
	at org.apache.hadoop.ozone.container.common.statemachine.StateContext.execute(StateContext.java:661)
	at org.apache.hadoop.ozone.container.common.statemachine.DatanodeStateMachine.startStateMachineThread(DatanodeStateMachine.java:306)
	at org.apache.hadoop.ozone.container.common.statemachine.DatanodeStateMachine.lambda$startDaemon$0(DatanodeStateMachine.java:506)
	at java.lang.Thread.run(Thread.java:750)
Caused by: java.util.concurrent.TimeoutException
	at java.util.concurrent.FutureTask.get(FutureTask.java:205)
	at org.apache.hadoop.ozone.container.common.states.datanode.RunningDatanodeState.lambda$execute$0(RunningDatanodeState.java:157)
	at java.util.concurrent.FutureTask.run(FutureTask.java:266)
	at java.util.concurrent.Executors$RunnableAdapter.call(Executors.java:511)
	at java.util.concurrent.FutureTask.run(FutureTask.java:266)
	at java.util.concurrent.ThreadPoolExecutor.runWorker(ThreadPoolExecutor.java:1149)
	at java.util.concurrent.ThreadPoolExecutor$Worker.run(ThreadPoolExecutor.java:624)
	... 1 more
2022-11-10 07:09:02,721 [EndpointStateMachine task thread for /127.0.0.1:34127 - 0 ] INFO  ipc.Client (Client.java:handleConnectionFailure(1010)) - Retrying connect to server: localhost/127.0.0.1:34127. Already tried 0 time(s); retry policy is RetryUpToMaximumCountWithFixedSleep(maxRetries=15, sleepTime=1000 MILLISECONDS)
2022-11-10 07:09:03,401 [EndpointStateMachine task thread for /127.0.0.1:46315 - 0 ] INFO  ipc.Client (Client.java:handleConnectionFailure(1010)) - Retrying connect to server: localhost/127.0.0.1:46315. Already tried 1 time(s); retry policy is RetryUpToMaximumCountWithFixedSleep(maxRetries=15, sleepTime=1000 MILLISECONDS)
2022-11-10 07:09:03,722 [EndpointStateMachine task thread for /127.0.0.1:34127 - 0 ] INFO  ipc.Client (Client.java:handleConnectionFailure(1010)) - Retrying connect to server: localhost/127.0.0.1:34127. Already tried 1 time(s); retry policy is RetryUpToMaximumCountWithFixedSleep(maxRetries=15, sleepTime=1000 MILLISECONDS)
2022-11-10 07:09:03,723 [EndpointStateMachine task thread for /127.0.0.1:37609 - 0 ] INFO  ipc.Client (Client.java:handleConnectionFailure(1010)) - Retrying connect to server: localhost/127.0.0.1:37609. Already tried 0 time(s); retry policy is RetryUpToMaximumCountWithFixedSleep(maxRetries=15, sleepTime=1000 MILLISECONDS)
2022-11-10 07:09:04,353 [Listener at 127.0.0.1/40377] INFO  volume.HddsVolume (HddsVolume.java:closeDbStore(338)) - SchemaV3 db is stopped at /home/runner/work/ozone/ozone/hadoop-ozone/integration-test/target/test-dir/MiniOzoneClusterImpl-a89f51d4-237d-44f8-8386-a6bae3bff50d/datanode-1/data-0/containers/hdds/a89f51d4-237d-44f8-8386-a6bae3bff50d/DS-aac1fe9d-3386-4a3d-92a9-1b5ee2ce9886/container.db for volume DS-aac1fe9d-3386-4a3d-92a9-1b5ee2ce9886
2022-11-10 07:09:04,354 [Listener at 127.0.0.1/40377] INFO  utils.BackgroundService (BackgroundService.java:shutdown(141)) - Shutting down service BlockDeletingService
2022-11-10 07:09:04,354 [Listener at 127.0.0.1/40377] INFO  utils.BackgroundService (BackgroundService.java:shutdown(141)) - Shutting down service StaleRecoveringContainerScrubbingService
2022-11-10 07:09:04,355 [Listener at 127.0.0.1/40377] INFO  statemachine.DatanodeStateMachine (DatanodeStateMachine.java:stopDaemon(593)) - Ozone container server stopped.
2022-11-10 07:09:04,363 [Listener at 127.0.0.1/40377] INFO  handler.ContextHandler (ContextHandler.java:doStop(1159)) - Stopped o.e.j.w.WebAppContext@6309a43{hddsDatanode,/,null,STOPPED}{jar:file:/home/runner/.m2/repository/org/apache/ozone/hdds-container-service/1.3.0-SNAPSHOT/hdds-container-service-1.3.0-SNAPSHOT.jar!/webapps/hddsDatanode}
2022-11-10 07:09:04,364 [Listener at 127.0.0.1/40377] INFO  server.AbstractConnector (AbstractConnector.java:doStop(383)) - Stopped ServerConnector@6956c146{HTTP/1.1, (http/1.1)}{0.0.0.0:0}
2022-11-10 07:09:04,364 [Listener at 127.0.0.1/40377] INFO  server.session (HouseKeeper.java:stopScavenging(149)) - node0 Stopped scavenging
2022-11-10 07:09:04,364 [Listener at 127.0.0.1/40377] INFO  handler.ContextHandler (ContextHandler.java:doStop(1159)) - Stopped o.e.j.s.ServletContextHandler@30212975{static,/static,jar:file:/home/runner/.m2/repository/org/apache/ozone/hdds-container-service/1.3.0-SNAPSHOT/hdds-container-service-1.3.0-SNAPSHOT.jar!/webapps/static,STOPPED}
2022-11-10 07:09:04,364 [Listener at 127.0.0.1/40377] INFO  handler.ContextHandler (ContextHandler.java:doStop(1159)) - Stopped o.e.j.s.ServletContextHandler@60105b7{logs,/logs,file:///home/runner/work/ozone/ozone/hadoop-ozone/integration-test/target/log,STOPPED}
2022-11-10 07:09:04,402 [EndpointStateMachine task thread for /127.0.0.1:46315 - 0 ] INFO  ipc.Client (Client.java:handleConnectionFailure(1010)) - Retrying connect to server: localhost/127.0.0.1:46315. Already tried 2 time(s); retry policy is RetryUpToMaximumCountWithFixedSleep(maxRetries=15, sleepTime=1000 MILLISECONDS)
2022-11-10 07:09:04,563 [ForkJoinPool.commonPool-worker-1] INFO  volume.HddsVolume (HddsVolume.java:closeDbStore(338)) - SchemaV3 db is stopped at /home/runner/work/ozone/ozone/hadoop-ozone/integration-test/target/test-dir/MiniOzoneClusterImpl-a89f51d4-237d-44f8-8386-a6bae3bff50d/datanode-0/data-0/containers/hdds/a89f51d4-237d-44f8-8386-a6bae3bff50d/DS-1e95f3df-c119-4f59-a421-762e783462c7/container.db for volume DS-1e95f3df-c119-4f59-a421-762e783462c7
2022-11-10 07:09:04,564 [ForkJoinPool.commonPool-worker-1] INFO  utils.BackgroundService (BackgroundService.java:shutdown(141)) - Shutting down service BlockDeletingService
2022-11-10 07:09:04,564 [ForkJoinPool.commonPool-worker-1] INFO  utils.BackgroundService (BackgroundService.java:shutdown(141)) - Shutting down service StaleRecoveringContainerScrubbingService
2022-11-10 07:09:04,565 [ForkJoinPool.commonPool-worker-1] INFO  statemachine.DatanodeStateMachine (DatanodeStateMachine.java:stopDaemon(593)) - Ozone container server stopped.
2022-11-10 07:09:04,575 [ForkJoinPool.commonPool-worker-1] INFO  handler.ContextHandler (ContextHandler.java:doStop(1159)) - Stopped o.e.j.w.WebAppContext@7869840{hddsDatanode,/,null,STOPPED}{jar:file:/home/runner/.m2/repository/org/apache/ozone/hdds-container-service/1.3.0-SNAPSHOT/hdds-container-service-1.3.0-SNAPSHOT.jar!/webapps/hddsDatanode}
2022-11-10 07:09:04,575 [ForkJoinPool.commonPool-worker-1] INFO  server.AbstractConnector (AbstractConnector.java:doStop(383)) - Stopped ServerConnector@1545c632{HTTP/1.1, (http/1.1)}{0.0.0.0:0}
2022-11-10 07:09:04,576 [ForkJoinPool.commonPool-worker-1] INFO  server.session (HouseKeeper.java:stopScavenging(149)) - node0 Stopped scavenging
2022-11-10 07:09:04,576 [ForkJoinPool.commonPool-worker-1] INFO  handler.ContextHandler (ContextHandler.java:doStop(1159)) - Stopped o.e.j.s.ServletContextHandler@d031eff{static,/static,jar:file:/home/runner/.m2/repository/org/apache/ozone/hdds-container-service/1.3.0-SNAPSHOT/hdds-container-service-1.3.0-SNAPSHOT.jar!/webapps/static,STOPPED}
2022-11-10 07:09:04,577 [ForkJoinPool.commonPool-worker-1] INFO  handler.ContextHandler (ContextHandler.java:doStop(1159)) - Stopped o.e.j.s.ServletContextHandler@48ef8dc0{logs,/logs,file:///home/runner/work/ozone/ozone/hadoop-ozone/integration-test/target/log,STOPPED}
2022-11-10 07:09:04,722 [Listener at 127.0.0.1/40377] INFO  ozoneimpl.OzoneContainer (OzoneContainer.java:stop(400)) - Attempting to stop container services.
2022-11-10 07:09:04,722 [EndpointStateMachine task thread for /127.0.0.1:34127 - 0 ] INFO  ipc.Client (Client.java:handleConnectionFailure(1010)) - Retrying connect to server: localhost/127.0.0.1:34127. Already tried 2 time(s); retry policy is RetryUpToMaximumCountWithFixedSleep(maxRetries=15, sleepTime=1000 MILLISECONDS)
2022-11-10 07:09:04,723 [Listener at 127.0.0.1/40377] INFO  server.RaftServer (RaftServerProxy.java:lambda$close$6(409)) - b187db32-a43b-4ea5-9e1b-16734133a38f: close
2022-11-10 07:09:04,723 [b187db32-a43b-4ea5-9e1b-16734133a38f-impl-thread1] INFO  server.RaftServer$Division (RaftServerImpl.java:lambda$close$4(458)) - b187db32-a43b-4ea5-9e1b-16734133a38f@group-1FB8705FA86A: shutdown
2022-11-10 07:09:04,723 [b187db32-a43b-4ea5-9e1b-16734133a38f-impl-thread1] INFO  util.JmxRegister (JmxRegister.java:unregister(73)) - Successfully un-registered JMX Bean with object name Ratis:service=RaftServer,group=group-1FB8705FA86A,id=b187db32-a43b-4ea5-9e1b-16734133a38f
2022-11-10 07:09:04,723 [b187db32-a43b-4ea5-9e1b-16734133a38f-impl-thread2] INFO  server.RaftServer$Division (RaftServerImpl.java:lambda$close$4(458)) - b187db32-a43b-4ea5-9e1b-16734133a38f@group-5057D2E818B1: shutdown
2022-11-10 07:09:04,723 [Listener at 127.0.0.1/40377] INFO  server.GrpcService (GrpcService.java:closeImpl(279)) - b187db32-a43b-4ea5-9e1b-16734133a38f: shutdown server GrpcServerProtocolService now
2022-11-10 07:09:04,723 [b187db32-a43b-4ea5-9e1b-16734133a38f-impl-thread3] INFO  server.RaftServer$Division (RaftServerImpl.java:lambda$close$4(458)) - b187db32-a43b-4ea5-9e1b-16734133a38f@group-10326A394BC7: shutdown
2022-11-10 07:09:04,723 [b187db32-a43b-4ea5-9e1b-16734133a38f-impl-thread3] INFO  util.JmxRegister (JmxRegister.java:unregister(73)) - Successfully un-registered JMX Bean with object name Ratis:service=RaftServer,group=group-10326A394BC7,id=b187db32-a43b-4ea5-9e1b-16734133a38f
2022-11-10 07:09:04,723 [b187db32-a43b-4ea5-9e1b-16734133a38f-impl-thread3] INFO  impl.RoleInfo (RoleInfo.java:shutdownLeaderState(93)) - b187db32-a43b-4ea5-9e1b-16734133a38f: shutdown b187db32-a43b-4ea5-9e1b-16734133a38f@group-10326A394BC7-LeaderStateImpl
2022-11-10 07:09:04,723 [b187db32-a43b-4ea5-9e1b-16734133a38f-impl-thread3] INFO  impl.PendingRequests (PendingRequests.java:sendNotLeaderResponses(282)) - b187db32-a43b-4ea5-9e1b-16734133a38f@group-10326A394BC7-PendingRequests: sendNotLeaderResponses
2022-11-10 07:09:04,724 [EndpointStateMachine task thread for /127.0.0.1:37609 - 0 ] INFO  ipc.Client (Client.java:handleConnectionFailure(1010)) - Retrying connect to server: localhost/127.0.0.1:37609. Already tried 1 time(s); retry policy is RetryUpToMaximumCountWithFixedSleep(maxRetries=15, sleepTime=1000 MILLISECONDS)
2022-11-10 07:09:04,724 [b187db32-a43b-4ea5-9e1b-16734133a38f-impl-thread3] INFO  impl.StateMachineUpdater (StateMachineUpdater.java:stopAndJoin(153)) - b187db32-a43b-4ea5-9e1b-16734133a38f@group-10326A394BC7-StateMachineUpdater: set stopIndex = 0
2022-11-10 07:09:04,723 [b187db32-a43b-4ea5-9e1b-16734133a38f-impl-thread1] INFO  impl.RoleInfo (RoleInfo.java:shutdownFollowerState(110)) - b187db32-a43b-4ea5-9e1b-16734133a38f: shutdown b187db32-a43b-4ea5-9e1b-16734133a38f@group-1FB8705FA86A-FollowerState
2022-11-10 07:09:04,724 [Listener at 127.0.0.1/40377] INFO  server.GrpcServerProtocolClient (GrpcServerProtocolClient.java:close(111)) - e793aa28-cf77-4971-8074-fcdd8288c5ce Close channels
2022-11-10 07:09:04,724 [b187db32-a43b-4ea5-9e1b-16734133a38f@group-1FB8705FA86A-FollowerState] INFO  impl.FollowerState (FollowerState.java:run(152)) - b187db32-a43b-4ea5-9e1b-16734133a38f@group-1FB8705FA86A-FollowerState was interrupted
2022-11-10 07:09:04,724 [b187db32-a43b-4ea5-9e1b-16734133a38f-impl-thread1] INFO  impl.StateMachineUpdater (StateMachineUpdater.java:stopAndJoin(153)) - b187db32-a43b-4ea5-9e1b-16734133a38f@group-1FB8705FA86A-StateMachineUpdater: set stopIndex = -1
2022-11-10 07:09:04,726 [b187db32-a43b-4ea5-9e1b-16734133a38f-impl-thread1] INFO  server.RaftServer$Division (ServerState.java:close(466)) - b187db32-a43b-4ea5-9e1b-16734133a38f@group-1FB8705FA86A: closes. applyIndex: -1
2022-11-10 07:09:04,726 [b187db32-a43b-4ea5-9e1b-16734133a38f@group-10326A394BC7-StateMachineUpdater] INFO  ratis.ContainerStateMachine (ContainerStateMachine.java:takeSnapshot(304)) - group-10326A394BC7: Taking a snapshot at:(t:1, i:0) file /home/runner/work/ozone/ozone/hadoop-ozone/integration-test/target/test-dir/MiniOzoneClusterImpl-a89f51d4-237d-44f8-8386-a6bae3bff50d/datanode-2/data/ratis/8ee2f0ae-4a65-4b1f-9263-10326a394bc7/sm/snapshot.1_0
2022-11-10 07:09:04,726 [b187db32-a43b-4ea5-9e1b-16734133a38f@group-1FB8705FA86A-SegmentedRaftLogWorker] INFO  segmented.SegmentedRaftLogWorker (SegmentedRaftLogWorker.java:run(345)) - b187db32-a43b-4ea5-9e1b-16734133a38f@group-1FB8705FA86A-SegmentedRaftLogWorker was interrupted, exiting. There are 0 tasks remaining in the queue.
2022-11-10 07:09:04,725 [Listener at 127.0.0.1/40377] INFO  server.GrpcServerProtocolClient (GrpcServerProtocolClient.java:close(111)) - 7b1182b7-d54c-44fb-86ea-7d58e998a9db Close channels
2022-11-10 07:09:04,726 [Listener at 127.0.0.1/40377] INFO  server.GrpcService (GrpcService.java:closeImpl(288)) - b187db32-a43b-4ea5-9e1b-16734133a38f: shutdown server GrpcServerProtocolService successfully
2022-11-10 07:09:04,727 [b187db32-a43b-4ea5-9e1b-16734133a38f-impl-thread2] INFO  util.JmxRegister (JmxRegister.java:unregister(73)) - Successfully un-registered JMX Bean with object name Ratis:service=RaftServer,group=group-5057D2E818B1,id=b187db32-a43b-4ea5-9e1b-16734133a38f
2022-11-10 07:09:04,727 [b187db32-a43b-4ea5-9e1b-16734133a38f-impl-thread2] INFO  impl.RoleInfo (RoleInfo.java:shutdownFollowerState(110)) - b187db32-a43b-4ea5-9e1b-16734133a38f: shutdown b187db32-a43b-4ea5-9e1b-16734133a38f@group-5057D2E818B1-FollowerState
2022-11-10 07:09:04,727 [b187db32-a43b-4ea5-9e1b-16734133a38f@group-5057D2E818B1-StateMachineUpdater] INFO  ratis.ContainerStateMachine (ContainerStateMachine.java:takeSnapshot(304)) - group-5057D2E818B1: Taking a snapshot at:(t:5, i:0) file /home/runner/work/ozone/ozone/hadoop-ozone/integration-test/target/test-dir/MiniOzoneClusterImpl-a89f51d4-237d-44f8-8386-a6bae3bff50d/datanode-2/data/ratis/82c8021f-3972-49d8-8c46-5057d2e818b1/sm/snapshot.5_0
2022-11-10 07:09:04,727 [b187db32-a43b-4ea5-9e1b-16734133a38f@group-5057D2E818B1-FollowerState] INFO  impl.FollowerState (FollowerState.java:run(152)) - b187db32-a43b-4ea5-9e1b-16734133a38f@group-5057D2E818B1-FollowerState was interrupted
2022-11-10 07:09:04,727 [b187db32-a43b-4ea5-9e1b-16734133a38f-impl-thread1] INFO  segmented.SegmentedRaftLogWorker (SegmentedRaftLogWorker.java:close(255)) - b187db32-a43b-4ea5-9e1b-16734133a38f@group-1FB8705FA86A-SegmentedRaftLogWorker close()
2022-11-10 07:09:04,729 [b187db32-a43b-4ea5-9e1b-16734133a38f-impl-thread2] INFO  impl.StateMachineUpdater (StateMachineUpdater.java:stopAndJoin(153)) - b187db32-a43b-4ea5-9e1b-16734133a38f@group-5057D2E818B1-StateMachineUpdater: set stopIndex = 0
2022-11-10 07:09:04,730 [b187db32-a43b-4ea5-9e1b-16734133a38f@group-10326A394BC7-StateMachineUpdater] INFO  ratis.ContainerStateMachine (ContainerStateMachine.java:takeSnapshot(315)) - group-10326A394BC7: Finished taking a snapshot at:(t:1, i:0) file:/home/runner/work/ozone/ozone/hadoop-ozone/integration-test/target/test-dir/MiniOzoneClusterImpl-a89f51d4-237d-44f8-8386-a6bae3bff50d/datanode-2/data/ratis/8ee2f0ae-4a65-4b1f-9263-10326a394bc7/sm/snapshot.1_0 took: 4 ms
2022-11-10 07:09:04,730 [b187db32-a43b-4ea5-9e1b-16734133a38f@group-10326A394BC7-StateMachineUpdater] INFO  impl.StateMachineUpdater (StateMachineUpdater.java:takeSnapshot(287)) - b187db32-a43b-4ea5-9e1b-16734133a38f@group-10326A394BC7-StateMachineUpdater: Took a snapshot at index 0
2022-11-10 07:09:04,730 [b187db32-a43b-4ea5-9e1b-16734133a38f@group-10326A394BC7-StateMachineUpdater] INFO  impl.StateMachineUpdater (StateMachineUpdater.java:lambda$new$0(92)) - b187db32-a43b-4ea5-9e1b-16734133a38f@group-10326A394BC7-StateMachineUpdater: snapshotIndex: updateIncreasingly -1 -> 0
2022-11-10 07:09:04,730 [b187db32-a43b-4ea5-9e1b-16734133a38f@group-5057D2E818B1-StateMachineUpdater] INFO  ratis.ContainerStateMachine (ContainerStateMachine.java:takeSnapshot(315)) - group-5057D2E818B1: Finished taking a snapshot at:(t:5, i:0) file:/home/runner/work/ozone/ozone/hadoop-ozone/integration-test/target/test-dir/MiniOzoneClusterImpl-a89f51d4-237d-44f8-8386-a6bae3bff50d/datanode-2/data/ratis/82c8021f-3972-49d8-8c46-5057d2e818b1/sm/snapshot.5_0 took: 3 ms
2022-11-10 07:09:04,730 [b187db32-a43b-4ea5-9e1b-16734133a38f@group-5057D2E818B1-StateMachineUpdater] INFO  impl.StateMachineUpdater (StateMachineUpdater.java:takeSnapshot(287)) - b187db32-a43b-4ea5-9e1b-16734133a38f@group-5057D2E818B1-StateMachineUpdater: Took a snapshot at index 0
2022-11-10 07:09:04,730 [b187db32-a43b-4ea5-9e1b-16734133a38f@group-5057D2E818B1-StateMachineUpdater] INFO  impl.StateMachineUpdater (StateMachineUpdater.java:lambda$new$0(92)) - b187db32-a43b-4ea5-9e1b-16734133a38f@group-5057D2E818B1-StateMachineUpdater: snapshotIndex: updateIncreasingly -1 -> 0
2022-11-10 07:09:04,731 [b187db32-a43b-4ea5-9e1b-16734133a38f-impl-thread2] INFO  server.RaftServer$Division (ServerState.java:close(466)) - b187db32-a43b-4ea5-9e1b-16734133a38f@group-5057D2E818B1: closes. applyIndex: 0
2022-11-10 07:09:04,731 [b187db32-a43b-4ea5-9e1b-16734133a38f@group-5057D2E818B1-SegmentedRaftLogWorker] INFO  segmented.SegmentedRaftLogWorker (SegmentedRaftLogWorker.java:run(345)) - b187db32-a43b-4ea5-9e1b-16734133a38f@group-5057D2E818B1-SegmentedRaftLogWorker was interrupted, exiting. There are 0 tasks remaining in the queue.
2022-11-10 07:09:04,731 [b187db32-a43b-4ea5-9e1b-16734133a38f-impl-thread2] INFO  segmented.SegmentedRaftLogWorker (SegmentedRaftLogWorker.java:close(255)) - b187db32-a43b-4ea5-9e1b-16734133a38f@group-5057D2E818B1-SegmentedRaftLogWorker close()
2022-11-10 07:09:04,732 [b187db32-a43b-4ea5-9e1b-16734133a38f-impl-thread3] INFO  server.RaftServer$Division (ServerState.java:close(466)) - b187db32-a43b-4ea5-9e1b-16734133a38f@group-10326A394BC7: closes. applyIndex: 0
2022-11-10 07:09:04,732 [b187db32-a43b-4ea5-9e1b-16734133a38f@group-10326A394BC7-SegmentedRaftLogWorker] INFO  segmented.SegmentedRaftLogWorker (SegmentedRaftLogWorker.java:run(345)) - b187db32-a43b-4ea5-9e1b-16734133a38f@group-10326A394BC7-SegmentedRaftLogWorker was interrupted, exiting. There are 0 tasks remaining in the queue.
2022-11-10 07:09:04,733 [b187db32-a43b-4ea5-9e1b-16734133a38f-impl-thread3] INFO  segmented.SegmentedRaftLogWorker (SegmentedRaftLogWorker.java:close(255)) - b187db32-a43b-4ea5-9e1b-16734133a38f@group-10326A394BC7-SegmentedRaftLogWorker close()
2022-11-10 07:09:04,734 [JvmPauseMonitor9] INFO  util.JvmPauseMonitor (JvmPauseMonitor.java:run(111)) - JvmPauseMonitor-b187db32-a43b-4ea5-9e1b-16734133a38f: Stopped
2022-11-10 07:09:05,402 [EndpointStateMachine task thread for /127.0.0.1:46315 - 0 ] INFO  ipc.Client (Client.java:handleConnectionFailure(1010)) - Retrying connect to server: localhost/127.0.0.1:46315. Already tried 3 time(s); retry policy is RetryUpToMaximumCountWithFixedSleep(maxRetries=15, sleepTime=1000 MILLISECONDS)
2022-11-10 07:09:05,723 [EndpointStateMachine task thread for /127.0.0.1:34127 - 0 ] INFO  ipc.Client (Client.java:handleConnectionFailure(1010)) - Retrying connect to server: localhost/127.0.0.1:34127. Already tried 3 time(s); retry policy is RetryUpToMaximumCountWithFixedSleep(maxRetries=15, sleepTime=1000 MILLISECONDS)
2022-11-10 07:09:05,726 [EndpointStateMachine task thread for /127.0.0.1:37609 - 0 ] INFO  ipc.Client (Client.java:handleConnectionFailure(1010)) - Retrying connect to server: localhost/127.0.0.1:37609. Already tried 2 time(s); retry policy is RetryUpToMaximumCountWithFixedSleep(maxRetries=15, sleepTime=1000 MILLISECONDS)
2022-11-10 07:09:06,403 [EndpointStateMachine task thread for /127.0.0.1:46315 - 0 ] INFO  ipc.Client (Client.java:handleConnectionFailure(1010)) - Retrying connect to server: localhost/127.0.0.1:46315. Already tried 4 time(s); retry policy is RetryUpToMaximumCountWithFixedSleep(maxRetries=15, sleepTime=1000 MILLISECONDS)
2022-11-10 07:09:06,723 [EndpointStateMachine task thread for /127.0.0.1:34127 - 0 ] INFO  ipc.Client (Client.java:handleConnectionFailure(1010)) - Retrying connect to server: localhost/127.0.0.1:34127. Already tried 4 time(s); retry policy is RetryUpToMaximumCountWithFixedSleep(maxRetries=15, sleepTime=1000 MILLISECONDS)
2022-11-10 07:09:06,726 [EndpointStateMachine task thread for /127.0.0.1:37609 - 0 ] INFO  ipc.Client (Client.java:handleConnectionFailure(1010)) - Retrying connect to server: localhost/127.0.0.1:37609. Already tried 3 time(s); retry policy is RetryUpToMaximumCountWithFixedSleep(maxRetries=15, sleepTime=1000 MILLISECONDS)
2022-11-10 07:09:06,739 [Listener at 127.0.0.1/40377] INFO  volume.HddsVolume (HddsVolume.java:closeDbStore(338)) - SchemaV3 db is stopped at /home/runner/work/ozone/ozone/hadoop-ozone/integration-test/target/test-dir/MiniOzoneClusterImpl-a89f51d4-237d-44f8-8386-a6bae3bff50d/datanode-2/data-0/containers/hdds/a89f51d4-237d-44f8-8386-a6bae3bff50d/DS-c4ead28b-443c-44a3-afa9-b26b27923627/container.db for volume DS-c4ead28b-443c-44a3-afa9-b26b27923627
2022-11-10 07:09:06,739 [Listener at 127.0.0.1/40377] INFO  utils.BackgroundService (BackgroundService.java:shutdown(141)) - Shutting down service BlockDeletingService
2022-11-10 07:09:06,740 [Listener at 127.0.0.1/40377] INFO  utils.BackgroundService (BackgroundService.java:shutdown(141)) - Shutting down service StaleRecoveringContainerScrubbingService
2022-11-10 07:09:06,740 [Listener at 127.0.0.1/40377] INFO  statemachine.DatanodeStateMachine (DatanodeStateMachine.java:stopDaemon(593)) - Ozone container server stopped.
2022-11-10 07:09:06,755 [Listener at 127.0.0.1/40377] INFO  handler.ContextHandler (ContextHandler.java:doStop(1159)) - Stopped o.e.j.w.WebAppContext@5c2ef88b{hddsDatanode,/,null,STOPPED}{jar:file:/home/runner/.m2/repository/org/apache/ozone/hdds-container-service/1.3.0-SNAPSHOT/hdds-container-service-1.3.0-SNAPSHOT.jar!/webapps/hddsDatanode}
2022-11-10 07:09:06,756 [Listener at 127.0.0.1/40377] INFO  server.AbstractConnector (AbstractConnector.java:doStop(383)) - Stopped ServerConnector@11570d46{HTTP/1.1, (http/1.1)}{0.0.0.0:0}
2022-11-10 07:09:06,756 [Listener at 127.0.0.1/40377] INFO  server.session (HouseKeeper.java:stopScavenging(149)) - node0 Stopped scavenging
2022-11-10 07:09:06,756 [Listener at 127.0.0.1/40377] INFO  handler.ContextHandler (ContextHandler.java:doStop(1159)) - Stopped o.e.j.s.ServletContextHandler@15078c94{static,/static,jar:file:/home/runner/.m2/repository/org/apache/ozone/hdds-container-service/1.3.0-SNAPSHOT/hdds-container-service-1.3.0-SNAPSHOT.jar!/webapps/static,STOPPED}
2022-11-10 07:09:06,757 [Listener at 127.0.0.1/40377] INFO  handler.ContextHandler (ContextHandler.java:doStop(1159)) - Stopped o.e.j.s.ServletContextHandler@72dfbe4d{logs,/logs,file:///home/runner/work/ozone/ozone/hadoop-ozone/integration-test/target/log,STOPPED}
2022-11-10 07:09:07,404 [EndpointStateMachine task thread for /127.0.0.1:46315 - 0 ] INFO  ipc.Client (Client.java:handleConnectionFailure(1010)) - Retrying connect to server: localhost/127.0.0.1:46315. Already tried 5 time(s); retry policy is RetryUpToMaximumCountWithFixedSleep(maxRetries=15, sleepTime=1000 MILLISECONDS)
2022-11-10 07:09:07,724 [EndpointStateMachine task thread for /127.0.0.1:34127 - 0 ] INFO  ipc.Client (Client.java:handleConnectionFailure(1010)) - Retrying connect to server: localhost/127.0.0.1:34127. Already tried 5 time(s); retry policy is RetryUpToMaximumCountWithFixedSleep(maxRetries=15, sleepTime=1000 MILLISECONDS)
2022-11-10 07:09:07,727 [EndpointStateMachine task thread for /127.0.0.1:37609 - 0 ] INFO  ipc.Client (Client.java:handleConnectionFailure(1010)) - Retrying connect to server: localhost/127.0.0.1:37609. Already tried 4 time(s); retry policy is RetryUpToMaximumCountWithFixedSleep(maxRetries=15, sleepTime=1000 MILLISECONDS)
2022-11-10 07:09:08,404 [EndpointStateMachine task thread for /127.0.0.1:46315 - 0 ] INFO  ipc.Client (Client.java:handleConnectionFailure(1010)) - Retrying connect to server: localhost/127.0.0.1:46315. Already tried 6 time(s); retry policy is RetryUpToMaximumCountWithFixedSleep(maxRetries=15, sleepTime=1000 MILLISECONDS)
2022-11-10 07:09:08,724 [EndpointStateMachine task thread for /127.0.0.1:34127 - 0 ] INFO  ipc.Client (Client.java:handleConnectionFailure(1010)) - Retrying connect to server: localhost/127.0.0.1:34127. Already tried 6 time(s); retry policy is RetryUpToMaximumCountWithFixedSleep(maxRetries=15, sleepTime=1000 MILLISECONDS)
2022-11-10 07:09:08,727 [EndpointStateMachine task thread for /127.0.0.1:37609 - 0 ] INFO  ipc.Client (Client.java:handleConnectionFailure(1010)) - Retrying connect to server: localhost/127.0.0.1:37609. Already tried 5 time(s); retry policy is RetryUpToMaximumCountWithFixedSleep(maxRetries=15, sleepTime=1000 MILLISECONDS)
2022-11-10 07:09:09,405 [EndpointStateMachine task thread for /127.0.0.1:46315 - 0 ] INFO  ipc.Client (Client.java:handleConnectionFailure(1010)) - Retrying connect to server: localhost/127.0.0.1:46315. Already tried 7 time(s); retry policy is RetryUpToMaximumCountWithFixedSleep(maxRetries=15, sleepTime=1000 MILLISECONDS)
2022-11-10 07:09:09,725 [EndpointStateMachine task thread for /127.0.0.1:34127 - 0 ] INFO  ipc.Client (Client.java:handleConnectionFailure(1010)) - Retrying connect to server: localhost/127.0.0.1:34127. Already tried 7 time(s); retry policy is RetryUpToMaximumCountWithFixedSleep(maxRetries=15, sleepTime=1000 MILLISECONDS)
2022-11-10 07:09:09,728 [EndpointStateMachine task thread for /127.0.0.1:37609 - 0 ] INFO  ipc.Client (Client.java:handleConnectionFailure(1010)) - Retrying connect to server: localhost/127.0.0.1:37609. Already tried 6 time(s); retry policy is RetryUpToMaximumCountWithFixedSleep(maxRetries=15, sleepTime=1000 MILLISECONDS)
2022-11-10 07:09:10,406 [EndpointStateMachine task thread for /127.0.0.1:46315 - 0 ] INFO  ipc.Client (Client.java:handleConnectionFailure(1010)) - Retrying connect to server: localhost/127.0.0.1:46315. Already tried 8 time(s); retry policy is RetryUpToMaximumCountWithFixedSleep(maxRetries=15, sleepTime=1000 MILLISECONDS)
2022-11-10 07:09:10,726 [EndpointStateMachine task thread for /127.0.0.1:34127 - 0 ] INFO  ipc.Client (Client.java:handleConnectionFailure(1010)) - Retrying connect to server: localhost/127.0.0.1:34127. Already tried 8 time(s); retry policy is RetryUpToMaximumCountWithFixedSleep(maxRetries=15, sleepTime=1000 MILLISECONDS)
2022-11-10 07:09:10,728 [EndpointStateMachine task thread for /127.0.0.1:37609 - 0 ] INFO  ipc.Client (Client.java:handleConnectionFailure(1010)) - Retrying connect to server: localhost/127.0.0.1:37609. Already tried 7 time(s); retry policy is RetryUpToMaximumCountWithFixedSleep(maxRetries=15, sleepTime=1000 MILLISECONDS)
2022-11-10 07:09:11,406 [EndpointStateMachine task thread for /127.0.0.1:46315 - 0 ] INFO  ipc.Client (Client.java:handleConnectionFailure(1010)) - Retrying connect to server: localhost/127.0.0.1:46315. Already tried 9 time(s); retry policy is RetryUpToMaximumCountWithFixedSleep(maxRetries=15, sleepTime=1000 MILLISECONDS)
2022-11-10 07:09:11,726 [EndpointStateMachine task thread for /127.0.0.1:34127 - 0 ] INFO  ipc.Client (Client.java:handleConnectionFailure(1010)) - Retrying connect to server: localhost/127.0.0.1:34127. Already tried 9 time(s); retry policy is RetryUpToMaximumCountWithFixedSleep(maxRetries=15, sleepTime=1000 MILLISECONDS)
2022-11-10 07:09:11,728 [EndpointStateMachine task thread for /127.0.0.1:37609 - 0 ] INFO  ipc.Client (Client.java:handleConnectionFailure(1010)) - Retrying connect to server: localhost/127.0.0.1:37609. Already tried 8 time(s); retry policy is RetryUpToMaximumCountWithFixedSleep(maxRetries=15, sleepTime=1000 MILLISECONDS)
2022-11-10 07:09:12,407 [EndpointStateMachine task thread for /127.0.0.1:46315 - 0 ] INFO  ipc.Client (Client.java:handleConnectionFailure(1010)) - Retrying connect to server: localhost/127.0.0.1:46315. Already tried 10 time(s); retry policy is RetryUpToMaximumCountWithFixedSleep(maxRetries=15, sleepTime=1000 MILLISECONDS)
2022-11-10 07:09:12,727 [EndpointStateMachine task thread for /127.0.0.1:34127 - 0 ] INFO  ipc.Client (Client.java:handleConnectionFailure(1010)) - Retrying connect to server: localhost/127.0.0.1:34127. Already tried 10 time(s); retry policy is RetryUpToMaximumCountWithFixedSleep(maxRetries=15, sleepTime=1000 MILLISECONDS)
2022-11-10 07:09:12,729 [EndpointStateMachine task thread for /127.0.0.1:37609 - 0 ] INFO  ipc.Client (Client.java:handleConnectionFailure(1010)) - Retrying connect to server: localhost/127.0.0.1:37609. Already tried 9 time(s); retry policy is RetryUpToMaximumCountWithFixedSleep(maxRetries=15, sleepTime=1000 MILLISECONDS)
2022-11-10 07:09:13,407 [EndpointStateMachine task thread for /127.0.0.1:46315 - 0 ] INFO  ipc.Client (Client.java:handleConnectionFailure(1010)) - Retrying connect to server: localhost/127.0.0.1:46315. Already tried 11 time(s); retry policy is RetryUpToMaximumCountWithFixedSleep(maxRetries=15, sleepTime=1000 MILLISECONDS)
2022-11-10 07:09:13,727 [EndpointStateMachine task thread for /127.0.0.1:34127 - 0 ] INFO  ipc.Client (Client.java:handleConnectionFailure(1010)) - Retrying connect to server: localhost/127.0.0.1:34127. Already tried 11 time(s); retry policy is RetryUpToMaximumCountWithFixedSleep(maxRetries=15, sleepTime=1000 MILLISECONDS)
2022-11-10 07:09:13,729 [EndpointStateMachine task thread for /127.0.0.1:37609 - 0 ] INFO  ipc.Client (Client.java:handleConnectionFailure(1010)) - Retrying connect to server: localhost/127.0.0.1:37609. Already tried 10 time(s); retry policy is RetryUpToMaximumCountWithFixedSleep(maxRetries=15, sleepTime=1000 MILLISECONDS)
2022-11-10 07:09:14,408 [EndpointStateMachine task thread for /127.0.0.1:46315 - 0 ] INFO  ipc.Client (Client.java:handleConnectionFailure(1010)) - Retrying connect to server: localhost/127.0.0.1:46315. Already tried 12 time(s); retry policy is RetryUpToMaximumCountWithFixedSleep(maxRetries=15, sleepTime=1000 MILLISECONDS)
2022-11-10 07:09:14,728 [EndpointStateMachine task thread for /127.0.0.1:34127 - 0 ] INFO  ipc.Client (Client.java:handleConnectionFailure(1010)) - Retrying connect to server: localhost/127.0.0.1:34127. Already tried 12 time(s); retry policy is RetryUpToMaximumCountWithFixedSleep(maxRetries=15, sleepTime=1000 MILLISECONDS)
2022-11-10 07:09:14,729 [EndpointStateMachine task thread for /127.0.0.1:37609 - 0 ] INFO  ipc.Client (Client.java:handleConnectionFailure(1010)) - Retrying connect to server: localhost/127.0.0.1:37609. Already tried 11 time(s); retry policy is RetryUpToMaximumCountWithFixedSleep(maxRetries=15, sleepTime=1000 MILLISECONDS)
2022-11-10 07:09:15,409 [EndpointStateMachine task thread for /127.0.0.1:46315 - 0 ] INFO  ipc.Client (Client.java:handleConnectionFailure(1010)) - Retrying connect to server: localhost/127.0.0.1:46315. Already tried 13 time(s); retry policy is RetryUpToMaximumCountWithFixedSleep(maxRetries=15, sleepTime=1000 MILLISECONDS)
2022-11-10 07:09:15,729 [EndpointStateMachine task thread for /127.0.0.1:34127 - 0 ] INFO  ipc.Client (Client.java:handleConnectionFailure(1010)) - Retrying connect to server: localhost/127.0.0.1:34127. Already tried 13 time(s); retry policy is RetryUpToMaximumCountWithFixedSleep(maxRetries=15, sleepTime=1000 MILLISECONDS)
2022-11-10 07:09:15,730 [EndpointStateMachine task thread for /127.0.0.1:37609 - 0 ] INFO  ipc.Client (Client.java:handleConnectionFailure(1010)) - Retrying connect to server: localhost/127.0.0.1:37609. Already tried 12 time(s); retry policy is RetryUpToMaximumCountWithFixedSleep(maxRetries=15, sleepTime=1000 MILLISECONDS)
2022-11-10 07:09:16,409 [EndpointStateMachine task thread for /127.0.0.1:46315 - 0 ] INFO  ipc.Client (Client.java:handleConnectionFailure(1010)) - Retrying connect to server: localhost/127.0.0.1:46315. Already tried 14 time(s); retry policy is RetryUpToMaximumCountWithFixedSleep(maxRetries=15, sleepTime=1000 MILLISECONDS)
2022-11-10 07:09:16,410 [EndpointStateMachine task thread for /127.0.0.1:46315 - 0 ] WARN  statemachine.EndpointStateMachine (EndpointStateMachine.java:logIfNeeded(242)) - Unable to communicate to SCM server at localhost:46315 for past 0 seconds.
java.net.ConnectException: Call From fv-az194-925/10.1.0.160 to localhost:46315 failed on connection exception: java.net.ConnectException: Connection refused; For more details see:  http://wiki.apache.org/hadoop/ConnectionRefused
	at sun.reflect.NativeConstructorAccessorImpl.newInstance0(Native Method)
	at sun.reflect.NativeConstructorAccessorImpl.newInstance(NativeConstructorAccessorImpl.java:62)
	at sun.reflect.DelegatingConstructorAccessorImpl.newInstance(DelegatingConstructorAccessorImpl.java:45)
	at java.lang.reflect.Constructor.newInstance(Constructor.java:423)
	at org.apache.hadoop.net.NetUtils.wrapWithMessage(NetUtils.java:913)
	at org.apache.hadoop.net.NetUtils.wrapException(NetUtils.java:828)
	at org.apache.hadoop.ipc.Client.getRpcResponse(Client.java:1616)
	at org.apache.hadoop.ipc.Client.call(Client.java:1558)
	at org.apache.hadoop.ipc.Client.call(Client.java:1455)
	at org.apache.hadoop.ipc.ProtobufRpcEngine$Invoker.invoke(ProtobufRpcEngine.java:235)
	at org.apache.hadoop.ipc.ProtobufRpcEngine$Invoker.invoke(ProtobufRpcEngine.java:122)
	at com.sun.proxy.$Proxy51.submitRequest(Unknown Source)
	at org.apache.hadoop.ozone.protocolPB.StorageContainerDatanodeProtocolClientSideTranslatorPB.submitRequest(StorageContainerDatanodeProtocolClientSideTranslatorPB.java:117)
	at org.apache.hadoop.ozone.protocolPB.StorageContainerDatanodeProtocolClientSideTranslatorPB.sendHeartbeat(StorageContainerDatanodeProtocolClientSideTranslatorPB.java:149)
	at org.apache.hadoop.ozone.container.common.states.endpoint.HeartbeatEndpointTask.call(HeartbeatEndpointTask.java:185)
	at org.apache.hadoop.ozone.container.common.states.endpoint.HeartbeatEndpointTask.call(HeartbeatEndpointTask.java:87)
	at java.util.concurrent.FutureTask.run(FutureTask.java:266)
	at java.util.concurrent.ThreadPoolExecutor.runWorker(ThreadPoolExecutor.java:1149)
	at java.util.concurrent.ThreadPoolExecutor$Worker.run(ThreadPoolExecutor.java:624)
	at java.lang.Thread.run(Thread.java:750)
Caused by: java.net.ConnectException: Connection refused
	at sun.nio.ch.SocketChannelImpl.checkConnect(Native Method)
	at sun.nio.ch.SocketChannelImpl.finishConnect(SocketChannelImpl.java:716)
	at org.apache.hadoop.net.SocketIOWithTimeout.connect(SocketIOWithTimeout.java:205)
	at org.apache.hadoop.net.NetUtils.connect(NetUtils.java:586)
	at org.apache.hadoop.ipc.Client$Connection.setupConnection(Client.java:711)
	at org.apache.hadoop.ipc.Client$Connection.setupIOstreams(Client.java:833)
	at org.apache.hadoop.ipc.Client$Connection.access$3800(Client.java:414)
	at org.apache.hadoop.ipc.Client.getConnection(Client.java:1677)
	at org.apache.hadoop.ipc.Client.call(Client.java:1502)
	... 12 more
2022-11-10 07:09:16,729 [EndpointStateMachine task thread for /127.0.0.1:34127 - 0 ] INFO  ipc.Client (Client.java:handleConnectionFailure(1010)) - Retrying connect to server: localhost/127.0.0.1:34127. Already tried 14 time(s); retry policy is RetryUpToMaximumCountWithFixedSleep(maxRetries=15, sleepTime=1000 MILLISECONDS)
2022-11-10 07:09:16,730 [EndpointStateMachine task thread for /127.0.0.1:34127 - 0 ] WARN  statemachine.EndpointStateMachine (EndpointStateMachine.java:logIfNeeded(242)) - Unable to communicate to SCM server at localhost:34127 for past 0 seconds.
java.net.ConnectException: Call From fv-az194-925/10.1.0.160 to localhost:34127 failed on connection exception: java.net.ConnectException: Connection refused; For more details see:  http://wiki.apache.org/hadoop/ConnectionRefused
	at sun.reflect.NativeConstructorAccessorImpl.newInstance0(Native Method)
	at sun.reflect.NativeConstructorAccessorImpl.newInstance(NativeConstructorAccessorImpl.java:62)
	at sun.reflect.DelegatingConstructorAccessorImpl.newInstance(DelegatingConstructorAccessorImpl.java:45)
	at java.lang.reflect.Constructor.newInstance(Constructor.java:423)
	at org.apache.hadoop.net.NetUtils.wrapWithMessage(NetUtils.java:913)
	at org.apache.hadoop.net.NetUtils.wrapException(NetUtils.java:828)
	at org.apache.hadoop.ipc.Client.getRpcResponse(Client.java:1616)
	at org.apache.hadoop.ipc.Client.call(Client.java:1558)
	at org.apache.hadoop.ipc.Client.call(Client.java:1455)
	at org.apache.hadoop.ipc.ProtobufRpcEngine$Invoker.invoke(ProtobufRpcEngine.java:235)
	at org.apache.hadoop.ipc.ProtobufRpcEngine$Invoker.invoke(ProtobufRpcEngine.java:122)
	at com.sun.proxy.$Proxy51.submitRequest(Unknown Source)
	at org.apache.hadoop.ozone.protocolPB.StorageContainerDatanodeProtocolClientSideTranslatorPB.submitRequest(StorageContainerDatanodeProtocolClientSideTranslatorPB.java:117)
	at org.apache.hadoop.ozone.protocolPB.StorageContainerDatanodeProtocolClientSideTranslatorPB.sendHeartbeat(StorageContainerDatanodeProtocolClientSideTranslatorPB.java:149)
	at org.apache.hadoop.ozone.container.common.states.endpoint.HeartbeatEndpointTask.call(HeartbeatEndpointTask.java:185)
	at org.apache.hadoop.ozone.container.common.states.endpoint.HeartbeatEndpointTask.call(HeartbeatEndpointTask.java:87)
	at java.util.concurrent.FutureTask.run(FutureTask.java:266)
	at java.util.concurrent.ThreadPoolExecutor.runWorker(ThreadPoolExecutor.java:1149)
	at java.util.concurrent.ThreadPoolExecutor$Worker.run(ThreadPoolExecutor.java:624)
	at java.lang.Thread.run(Thread.java:750)
Caused by: java.net.ConnectException: Connection refused
	at sun.nio.ch.SocketChannelImpl.checkConnect(Native Method)
	at sun.nio.ch.SocketChannelImpl.finishConnect(SocketChannelImpl.java:716)
	at org.apache.hadoop.net.SocketIOWithTimeout.connect(SocketIOWithTimeout.java:205)
	at org.apache.hadoop.net.NetUtils.connect(NetUtils.java:586)
	at org.apache.hadoop.ipc.Client$Connection.setupConnection(Client.java:711)
	at org.apache.hadoop.ipc.Client$Connection.setupIOstreams(Client.java:833)
	at org.apache.hadoop.ipc.Client$Connection.access$3800(Client.java:414)
	at org.apache.hadoop.ipc.Client.getConnection(Client.java:1677)
	at org.apache.hadoop.ipc.Client.call(Client.java:1502)
	... 12 more
2022-11-10 07:09:16,730 [EndpointStateMachine task thread for /127.0.0.1:37609 - 0 ] INFO  ipc.Client (Client.java:handleConnectionFailure(1010)) - Retrying connect to server: localhost/127.0.0.1:37609. Already tried 13 time(s); retry policy is RetryUpToMaximumCountWithFixedSleep(maxRetries=15, sleepTime=1000 MILLISECONDS)
2022-11-10 07:09:17,410 [EndpointStateMachine task thread for /127.0.0.1:46315 - 0 ] INFO  ipc.Client (Client.java:handleConnectionFailure(1010)) - Retrying connect to server: localhost/127.0.0.1:46315. Already tried 0 time(s); retry policy is RetryUpToMaximumCountWithFixedSleep(maxRetries=15, sleepTime=1000 MILLISECONDS)
2022-11-10 07:09:17,731 [EndpointStateMachine task thread for /127.0.0.1:37609 - 0 ] INFO  ipc.Client (Client.java:handleConnectionFailure(1010)) - Retrying connect to server: localhost/127.0.0.1:37609. Already tried 14 time(s); retry policy is RetryUpToMaximumCountWithFixedSleep(maxRetries=15, sleepTime=1000 MILLISECONDS)
2022-11-10 07:09:17,731 [EndpointStateMachine task thread for /127.0.0.1:34127 - 0 ] INFO  ipc.Client (Client.java:handleConnectionFailure(1010)) - Retrying connect to server: localhost/127.0.0.1:34127. Already tried 0 time(s); retry policy is RetryUpToMaximumCountWithFixedSleep(maxRetries=15, sleepTime=1000 MILLISECONDS)
2022-11-10 07:09:18,411 [EndpointStateMachine task thread for /127.0.0.1:46315 - 0 ] INFO  ipc.Client (Client.java:handleConnectionFailure(1010)) - Retrying connect to server: localhost/127.0.0.1:46315. Already tried 1 time(s); retry policy is RetryUpToMaximumCountWithFixedSleep(maxRetries=15, sleepTime=1000 MILLISECONDS)
2022-11-10 07:09:18,732 [EndpointStateMachine task thread for /127.0.0.1:34127 - 0 ] INFO  ipc.Client (Client.java:handleConnectionFailure(1010)) - Retrying connect to server: localhost/127.0.0.1:34127. Already tried 1 time(s); retry policy is RetryUpToMaximumCountWithFixedSleep(maxRetries=15, sleepTime=1000 MILLISECONDS)
2022-11-10 07:09:18,732 [EndpointStateMachine task thread for /127.0.0.1:37609 - 0 ] INFO  ipc.Client (Client.java:handleConnectionFailure(1010)) - Retrying connect to server: localhost/127.0.0.1:37609. Already tried 0 time(s); retry policy is RetryUpToMaximumCountWithFixedSleep(maxRetries=15, sleepTime=1000 MILLISECONDS)
2022-11-10 07:09:19,412 [EndpointStateMachine task thread for /127.0.0.1:46315 - 0 ] INFO  ipc.Client (Client.java:handleConnectionFailure(1010)) - Retrying connect to server: localhost/127.0.0.1:46315. Already tried 2 time(s); retry policy is RetryUpToMaximumCountWithFixedSleep(maxRetries=15, sleepTime=1000 MILLISECONDS)
2022-11-10 07:09:19,732 [EndpointStateMachine task thread for /127.0.0.1:34127 - 0 ] INFO  ipc.Client (Client.java:handleConnectionFailure(1010)) - Retrying connect to server: localhost/127.0.0.1:34127. Already tried 2 time(s); retry policy is RetryUpToMaximumCountWithFixedSleep(maxRetries=15, sleepTime=1000 MILLISECONDS)
2022-11-10 07:09:19,732 [EndpointStateMachine task thread for /127.0.0.1:37609 - 0 ] INFO  ipc.Client (Client.java:handleConnectionFailure(1010)) - Retrying connect to server: localhost/127.0.0.1:37609. Already tried 1 time(s); retry policy is RetryUpToMaximumCountWithFixedSleep(maxRetries=15, sleepTime=1000 MILLISECONDS)
2022-11-10 07:09:20,412 [EndpointStateMachine task thread for /127.0.0.1:46315 - 0 ] INFO  ipc.Client (Client.java:handleConnectionFailure(1010)) - Retrying connect to server: localhost/127.0.0.1:46315. Already tried 3 time(s); retry policy is RetryUpToMaximumCountWithFixedSleep(maxRetries=15, sleepTime=1000 MILLISECONDS)
2022-11-10 07:09:20,733 [EndpointStateMachine task thread for /127.0.0.1:34127 - 0 ] INFO  ipc.Client (Client.java:handleConnectionFailure(1010)) - Retrying connect to server: localhost/127.0.0.1:34127. Already tried 3 time(s); retry policy is RetryUpToMaximumCountWithFixedSleep(maxRetries=15, sleepTime=1000 MILLISECONDS)
2022-11-10 07:09:20,733 [EndpointStateMachine task thread for /127.0.0.1:37609 - 0 ] INFO  ipc.Client (Client.java:handleConnectionFailure(1010)) - Retrying connect to server: localhost/127.0.0.1:37609. Already tried 2 time(s); retry policy is RetryUpToMaximumCountWithFixedSleep(maxRetries=15, sleepTime=1000 MILLISECONDS)
2022-11-10 07:09:21,413 [EndpointStateMachine task thread for /127.0.0.1:46315 - 0 ] INFO  ipc.Client (Client.java:handleConnectionFailure(1010)) - Retrying connect to server: localhost/127.0.0.1:46315. Already tried 4 time(s); retry policy is RetryUpToMaximumCountWithFixedSleep(maxRetries=15, sleepTime=1000 MILLISECONDS)
2022-11-10 07:09:21,734 [EndpointStateMachine task thread for /127.0.0.1:34127 - 0 ] INFO  ipc.Client (Client.java:handleConnectionFailure(1010)) - Retrying connect to server: localhost/127.0.0.1:34127. Already tried 4 time(s); retry policy is RetryUpToMaximumCountWithFixedSleep(maxRetries=15, sleepTime=1000 MILLISECONDS)
2022-11-10 07:09:21,734 [EndpointStateMachine task thread for /127.0.0.1:37609 - 0 ] INFO  ipc.Client (Client.java:handleConnectionFailure(1010)) - Retrying connect to server: localhost/127.0.0.1:37609. Already tried 3 time(s); retry policy is RetryUpToMaximumCountWithFixedSleep(maxRetries=15, sleepTime=1000 MILLISECONDS)
2022-11-10 07:09:21,784 [Listener at 127.0.0.1/40377] INFO  ozone.MiniOzoneClusterImpl (MiniOzoneClusterImpl.java:shutdown(448)) - Shutting down the Mini Ozone Cluster
2022-11-10 07:09:21,786 [Listener at 127.0.0.1/40377] INFO  ozone.MiniOzoneHAClusterImpl (MiniOzoneHAClusterImpl.java:stop(312)) - Stopping the OzoneManager omNode-3
2022-11-10 07:09:21,786 [Listener at 127.0.0.1/40377] INFO  om.OzoneManager (OzoneManager.java:stop(2036)) - omNode-3[localhost:40377]: Stopping Ozone Manager
2022-11-10 07:09:21,786 [Listener at 127.0.0.1/40377] INFO  ozone.MiniOzoneHAClusterImpl (MiniOzoneHAClusterImpl.java:stop(312)) - Stopping the OzoneManager omNode-1
2022-11-10 07:09:21,786 [Listener at 127.0.0.1/40377] INFO  om.OzoneManager (OzoneManager.java:stop(2036)) - omNode-1[localhost:37289]: Stopping Ozone Manager
2022-11-10 07:09:21,786 [Listener at 127.0.0.1/40377] INFO  ozone.MiniOzoneHAClusterImpl (MiniOzoneHAClusterImpl.java:stop(312)) - Stopping the OzoneManager omNode-2
2022-11-10 07:09:21,786 [Listener at 127.0.0.1/40377] INFO  om.OzoneManager (OzoneManager.java:stop(2036)) - omNode-2[localhost:42965]: Stopping Ozone Manager
2022-11-10 07:09:21,786 [Listener at 127.0.0.1/40377] INFO  ozone.MiniOzoneHAClusterImpl (MiniOzoneHAClusterImpl.java:stop(320)) - Stopping the StorageContainerManager db4da669-e495-4258-8ed5-d8ca382bca0e
2022-11-10 07:09:21,786 [Listener at 127.0.0.1/40377] INFO  server.StorageContainerManager (StorageContainerManager.java:stop(1536)) - Storage Container Manager is not running.
2022-11-10 07:09:21,786 [Listener at 127.0.0.1/40377] INFO  ozone.MiniOzoneHAClusterImpl (MiniOzoneHAClusterImpl.java:stop(320)) - Stopping the StorageContainerManager 4ed76112-e62d-4ca7-a346-3bf242109c33
2022-11-10 07:09:21,786 [Listener at 127.0.0.1/40377] INFO  server.StorageContainerManager (StorageContainerManager.java:stop(1536)) - Storage Container Manager is not running.
2022-11-10 07:09:21,786 [Listener at 127.0.0.1/40377] INFO  ozone.MiniOzoneHAClusterImpl (MiniOzoneHAClusterImpl.java:stop(320)) - Stopping the StorageContainerManager c8e5d44d-3ae5-47f4-8fed-77a3ea3a3924
2022-11-10 07:09:21,786 [Listener at 127.0.0.1/40377] INFO  server.StorageContainerManager (StorageContainerManager.java:stop(1536)) - Storage Container Manager is not running.
2022-11-10 07:09:21,786 [Listener at 127.0.0.1/40377] INFO  ozone.MiniOzoneClusterImpl (MiniOzoneClusterImpl.java:stop(463)) - Stopping the Mini Ozone Cluster
2022-11-10 07:09:21,786 [Listener at 127.0.0.1/40377] INFO  ozone.MiniOzoneClusterImpl (MiniOzoneClusterImpl.java:stopDatanodes(522)) - Stopping the HddsDatanodes
]]></system-out>
  </testcase>
</testsuite>